<?xml version="1.0" encoding="UTF-8"?>
<testsuites name="Web_Office_Searches" time="417.755" tests="3" failures="1" errors="0">
   <testsuite name="Web_Office_Searches" tests="3" failures="1" errors="0" time="417.755" timestamp="2020-04-23 13:55:29" hostname="DavidHo - 192.168.1.238" id="Test Suites/Web_Office_Searches">
      <properties>
         <property name="deviceName" value=""/>
         <property name="devicePlatform" value=""/>
         <property name="logFolder" value="C:\\Users\\davidho\\git\\src\\Reports\\20200423_133746\\Web_Office_Searches\\20200423_133754"/>
         <property name="logFiles" value="C:\\Users\\davidho\\git\\src\\Reports\\20200423_133746\\Web_Office_Searches\\20200423_133754\\execution0.log"/>
         <property name="attachments" value="C:\\Users\\davidho\\git\\src\\Reports\\20200423_133746\\Web_Office_Searches\\20200423_133754\\1587646945447.png"/>
         <property name="hostName" value="DavidHo - 192.168.1.238"/>
         <property name="os" value="Windows 10 32bit"/>
         <property name="katalonVersion" value="7.4.0.1"/>
         <property name="browser" value="Chrome 81.0.4044.113"/>
         <property name="hostAddress" value="192.168.1.238"/>
         <property name="sessionId" value="5b1eb8427a7eaec7be04531f48b99857"/>
         <property name="seleniumVersion" value="3.141.59"/>
         <property name="proxyInformation" value="ProxyInformation{proxyOption=NO_PROXY, proxyServerType=HTTP, password=, proxyServerAddress=, proxyServerPort=0, executionList=}"/>
         <property name="platform" value="Windows 10"/>
      </properties>
      <testcase name="Test Cases/Web_Office/WebOffice_Companies_Advanced_Search" time="189.943" classname="Test Cases/Web_Office/WebOffice_Companies_Advanced_Search" status="PASSED">
         <system-out><![CDATA[2020-04-23 13:55:30 - [TEST_CASE][PASSED] - Test Cases/Web_Office/WebOffice_Companies_Advanced_Search: Test Cases/Web_Office/WebOffice_Companies_Advanced_Search

2020-04-23 13:55:30 - [TEST_STEP][PASSED] - for ([row = 1, row <= findTestData("Data Files/Advance_Company_Search_Data").getRowNumbers(), (internal.GlobalVariable.row++)]): Call Test Case 'Test Cases/Reusable_Test_Sequences/CAT_Teardown' successfully

2020-04-23 13:55:32 - [TEST_STEP][PASSED] - "--------------------------------------": null

2020-04-23 13:55:32 - [TEST_STEP][PASSED] - " Web Office StartUp                  |": null

2020-04-23 13:55:32 - [TEST_STEP][PASSED] - callTestCase(findTestCase("Reusable_Test_Sequences/Web_Office/Directives/WebOffice_StartUp"), [:], STOP_ON_FAILURE): Call Test Case 'Test Cases/Reusable_Test_Sequences/Web_Office/Directives/WebOffice_StartUp' successfully

2020-04-23 13:55:32 - [TEST_CASE][PASSED] - Test Cases/Reusable_Test_Sequences/Web_Office/Directives/WebOffice_StartUp: Test Cases/Reusable_Test_Sequences/Web_Office/Directives/WebOffice_StartUp

2020-04-23 13:55:33 - [TEST_STEP][PASSED] - "-----------------------------------------------------------------------------": null

2020-04-23 13:55:33 - [TEST_STEP][PASSED] - if (URL == "https://www.dev.checkatrade.com/"): null

2020-04-23 13:55:33 - [TEST_STEP][PASSED] - "-----------------------------------------------------------------------------": null

2020-04-23 13:55:33 - [TEST_STEP][PASSED] - if (URL == "https://www.checkatrade.com/"): null

2020-04-23 13:55:33 - [TEST_STEP][PASSED] - "-----------------------------------------------------------------------------": null

2020-04-23 13:55:33 - [TEST_STEP][PASSED] - if (URL == "https://www.preview.checkatrade.com/"): null

2020-04-23 13:55:33 - [TEST_STEP][PASSED] - WebOfficeURL = "https://admin.preview.checkatrade.com/": null

2020-04-23 13:55:33 - [TEST_STEP][PASSED] - if (URL == "https://www.dev2.checkatrade.com/"): null

2020-04-23 13:55:33 - [TEST_STEP][PASSED] - "Set Function Area for "URL_Handler", URL Resolution": null

2020-04-23 13:55:33 - [TEST_STEP][PASSED] - "Do Some Magic with URL(s) See the comments within URL Handler ": null

2020-04-23 13:55:33 - [TEST_STEP][PASSED] - "------------------------------------------------": null

2020-04-23 13:55:33 - [TEST_STEP][PASSED] - "Moved Login Credentials to <Default> profile 22/01/2020": null

2020-04-23 13:55:33 - [TEST_STEP][PASSED] - "------------------------------------------------": null

2020-04-23 13:55:33 - [TEST_STEP][PASSED] - "WebOfficeURL - Set from the ENVIRONMENT PROFILE ": null

2020-04-23 13:55:33 - [TEST_STEP][PASSED] - "OPEN BROWSER": null

2020-04-23 13:55:33 - [TEST_STEP][PASSED] - "eg - https://admin.preview.checkatrade.com/  ": null

2020-04-23 13:55:33 - [TEST_STEP][PASSED] - openBrowser(WebOfficeURL): Browser is opened with url: 'https://admin.preview.checkatrade.com/'

2020-04-23 13:55:33 - [MESSAGE][INFO] - Starting 'Chrome' driver

2020-04-23 13:55:33 - [MESSAGE][INFO] - Action delay is set to 0 milliseconds

2020-04-23 13:55:40 - [MESSAGE][PASSED] - Browser is opened with url: 'https://admin.preview.checkatrade.com/'

2020-04-23 13:55:40 - [TEST_STEP][PASSED] - maximizeWindow(): Current window maximized

2020-04-23 13:55:42 - [MESSAGE][PASSED] - Current window maximized

2020-04-23 13:55:42 - [TEST_STEP][PASSED] - waitForElementClickable(findTestObject("Object Repository/WebOffice/Page_Checkatrade - Administration - Login/Login_Button"), 25): Object 'Object Repository/WebOffice/Page_Checkatrade - Administration - Login/Login_Button' is clickable

2020-04-23 13:55:43 - [MESSAGE][PASSED] - Object 'Object Repository/WebOffice/Page_Checkatrade - Administration - Login/Login_Button' is clickable

2020-04-23 13:55:43 - [TEST_STEP][PASSED] - verifyTextPresent("Checkatrade Web Office", false): Text 'Checkatrade Web Office' is present on page 

2020-04-23 13:55:43 - [MESSAGE][PASSED] - Text 'Checkatrade Web Office' is present on page 

2020-04-23 13:55:43 - [TEST_STEP][PASSED] - verifyTextPresent("Access for staff use only", false): Text 'Access for staff use only' is present on page 

2020-04-23 13:55:43 - [MESSAGE][PASSED] - Text 'Access for staff use only' is present on page 

2020-04-23 13:55:43 - [TEST_STEP][PASSED] - verifyTextPresent("Forgotten password?", false): Text 'Forgotten password?' is present on page 

2020-04-23 13:55:43 - [MESSAGE][PASSED] - Text 'Forgotten password?' is present on page 

2020-04-23 13:55:43 - [TEST_STEP][PASSED] - setText(findTestObject("Object Repository/WebOffice/Page_Checkatrade - Administration - Login/input_Username_LoginControlUserName"), wo_Username): Text 'DavidHo' is set on object 'Object Repository/WebOffice/Page_Checkatrade - Administration - Login/input_Username_LoginControlUserName'

2020-04-23 13:55:43 - [MESSAGE][PASSED] - Text 'DavidHo' is set on object 'Object Repository/WebOffice/Page_Checkatrade - Administration - Login/input_Username_LoginControlUserName'

2020-04-23 13:55:43 - [TEST_STEP][PASSED] - setText(findTestObject("Object Repository/WebOffice/Page_Checkatrade - Administration - Login/input_Password_LoginControlPassword"), wo_Password): Text 'Check123' is set on object 'Object Repository/WebOffice/Page_Checkatrade - Administration - Login/input_Password_LoginControlPassword'

2020-04-23 13:55:44 - [MESSAGE][PASSED] - Text 'Check123' is set on object 'Object Repository/WebOffice/Page_Checkatrade - Administration - Login/input_Password_LoginControlPassword'

2020-04-23 13:55:44 - [TEST_STEP][PASSED] - click(findTestObject("Object Repository/WebOffice/Page_Checkatrade - Administration - Login/Login_Button")): Object: 'Object Repository/WebOffice/Page_Checkatrade - Administration - Login/Login_Button' is clicked on

2020-04-23 13:55:44 - [MESSAGE][PASSED] - Object: 'Object Repository/WebOffice/Page_Checkatrade - Administration - Login/Login_Button' is clicked on

2020-04-23 13:55:44 - [TEST_STEP][PASSED] - waitForPageLoad(60): Wait for page load successfully

2020-04-23 13:55:45 - [MESSAGE][PASSED] - Wait for page load successfully

2020-04-23 13:55:45 - [TEST_STEP][PASSED] - verifyTextPresent("Welcome " + wo_Username, false): Text 'Welcome DavidHo' is present on page 

2020-04-23 13:55:45 - [MESSAGE][PASSED] - Text 'Welcome DavidHo' is present on page 

2020-04-23 13:55:45 - [MESSAGE][PASSED] - Call Test Case 'Test Cases/Reusable_Test_Sequences/Web_Office/Directives/WebOffice_StartUp' successfully

2020-04-23 13:55:45 - [TEST_STEP][PASSED] - "--------------------------------------": null

2020-04-23 13:55:45 - [TEST_STEP][PASSED] - " Navigate to <Companies> Menu Item    |": null

2020-04-23 13:55:45 - [TEST_STEP][PASSED] - callTestCase(findTestCase("Reusable_Test_Sequences/Web_Office/navigation/Navigate_Advanced_Company_Search"), [:], STOP_ON_FAILURE): Call Test Case 'Test Cases/Reusable_Test_Sequences/Web_Office/navigation/Navigate_Advanced_Company_Search' successfully

2020-04-23 13:55:45 - [TEST_CASE][PASSED] - Test Cases/Reusable_Test_Sequences/Web_Office/navigation/Navigate_Advanced_Company_Search: Test Cases/Reusable_Test_Sequences/Web_Office/navigation/Navigate_Advanced_Company_Search

2020-04-23 13:55:46 - [TEST_STEP][PASSED] - "--------------------------------------": null

2020-04-23 13:55:46 - [TEST_STEP][PASSED] - " Navigate Top level menu Item         |": null

2020-04-23 13:55:46 - [TEST_STEP][PASSED] - waitForPageLoad(60): Wait for page load successfully

2020-04-23 13:55:46 - [MESSAGE][PASSED] - Wait for page load successfully

2020-04-23 13:55:46 - [TEST_STEP][PASSED] - waitForElementClickable(findTestObject("Object Repository/WebOffice_Home_page/a_Companies"), 60): Object 'Object Repository/WebOffice_Home_page/a_Companies' is clickable

2020-04-23 13:55:46 - [MESSAGE][PASSED] - Object 'Object Repository/WebOffice_Home_page/a_Companies' is clickable

2020-04-23 13:55:46 - [TEST_STEP][PASSED] - mouseOver(findTestObject("Object Repository/WebOffice_Home_page/a_Companies")): Object: 'Object Repository/WebOffice_Home_page/a_Companies' is hovered

2020-04-23 13:55:46 - [MESSAGE][PASSED] - Object: 'Object Repository/WebOffice_Home_page/a_Companies' is hovered

2020-04-23 13:55:46 - [TEST_STEP][PASSED] - waitForElementClickable(findTestObject("Object Repository/WebOffice_Home_page/a_Company_Advanced_Search"), 1): Object 'Object Repository/WebOffice_Home_page/a_Company_Advanced_Search' is clickable

2020-04-23 13:55:47 - [MESSAGE][PASSED] - Object 'Object Repository/WebOffice_Home_page/a_Company_Advanced_Search' is clickable

2020-04-23 13:55:47 - [TEST_STEP][PASSED] - click(findTestObject("Object Repository/WebOffice_Home_page/a_Company_Advanced_Search")): Object: 'Object Repository/WebOffice_Home_page/a_Company_Advanced_Search' is clicked on

2020-04-23 13:55:50 - [MESSAGE][PASSED] - Object: 'Object Repository/WebOffice_Home_page/a_Company_Advanced_Search' is clicked on

2020-04-23 13:55:50 - [MESSAGE][PASSED] - Call Test Case 'Test Cases/Reusable_Test_Sequences/Web_Office/navigation/Navigate_Advanced_Company_Search' successfully

2020-04-23 13:55:50 - [TEST_STEP][PASSED] - "--------------------------------------": null

2020-04-23 13:55:50 - [TEST_STEP][PASSED] - " LH Pane  - Apply Search Criteria     |": null

2020-04-23 13:55:50 - [TEST_STEP][PASSED] - callTestCase(findTestCase("Reusable_Test_Sequences/Web_Office/Actions/Set_Advanced_Company_Data"), [:], STOP_ON_FAILURE): Call Test Case 'Test Cases/Reusable_Test_Sequences/Web_Office/Actions/Set_Advanced_Company_Data' successfully

2020-04-23 13:55:50 - [TEST_CASE][PASSED] - Test Cases/Reusable_Test_Sequences/Web_Office/Actions/Set_Advanced_Company_Data: Test Cases/Reusable_Test_Sequences/Web_Office/Actions/Set_Advanced_Company_Data

2020-04-23 13:55:51 - [TEST_STEP][PASSED] - "--------------------------------": null

2020-04-23 13:55:51 - [TEST_STEP][PASSED] - "Read data from spreadsheet      |": null

2020-04-23 13:55:51 - [TEST_STEP][PASSED] - data = findTestData("Data Files/Advance_Company_Search_Data"): null

2020-04-23 13:55:51 - [TEST_STEP][PASSED] - Trader_ID = data.getValue("Trader_ID", row): null

2020-04-23 13:55:51 - [TEST_STEP][PASSED] - Limited_Company_Number = data.getValue("Limited_Company_Number", row): null

2020-04-23 13:55:51 - [TEST_STEP][PASSED] - Company_Name = data.getValue("Company_Name", row): null

2020-04-23 13:55:51 - [TEST_STEP][PASSED] - Owner_Surname = data.getValue("Owner_Surname", row): null

2020-04-23 13:55:51 - [TEST_STEP][PASSED] - Owner_DOB = data.getValue("Owner_DOB", row): null

2020-04-23 13:55:51 - [TEST_STEP][PASSED] - Name_House = data.getValue("Name_House", row): null

2020-04-23 13:55:51 - [TEST_STEP][PASSED] - Number_Street = data.getValue("Number_Street", row): null

2020-04-23 13:55:51 - [TEST_STEP][PASSED] - Town = data.getValue("Town", row): null

2020-04-23 13:55:51 - [TEST_STEP][PASSED] - City = data.getValue("City", row): null

2020-04-23 13:55:51 - [TEST_STEP][PASSED] - County = data.getValue("County", row): null

2020-04-23 13:55:51 - [TEST_STEP][PASSED] - Postcode = data.getValue("Postcode", row): null

2020-04-23 13:55:51 - [TEST_STEP][PASSED] - Tel = data.getValue("Tel", row): null

2020-04-23 13:55:51 - [TEST_STEP][PASSED] - Email = data.getValue("Email", row): null

2020-04-23 13:55:51 - [TEST_STEP][PASSED] - "slack": null

2020-04-23 13:55:51 - [TEST_STEP][PASSED] - "--------------------------------": null

2020-04-23 13:55:51 - [TEST_STEP][PASSED] - " Synchronisation                |": null

2020-04-23 13:55:51 - [TEST_STEP][PASSED] - waitForPageLoad(60): Wait for page load successfully

2020-04-23 13:55:51 - [MESSAGE][PASSED] - Wait for page load successfully

2020-04-23 13:55:51 - [TEST_STEP][PASSED] - waitForElementVisible(findTestObject("Web_Office_Advanced_Company_Search/Page_/input_Clear_ctl00ctl00CP1ctlSearchbtnSearch"), 60): Object 'Object Repository/Web_Office_Advanced_Company_Search/Page_/input_Clear_ctl00ctl00CP1ctlSearchbtnSearch' is visible

2020-04-23 13:55:51 - [MESSAGE][PASSED] - Object 'Object Repository/Web_Office_Advanced_Company_Search/Page_/input_Clear_ctl00ctl00CP1ctlSearchbtnSearch' is visible

2020-04-23 13:55:51 - [TEST_STEP][PASSED] - "https://admin.preview.checkatrade.com/Companies/Search.aspx": null

2020-04-23 13:55:51 - [TEST_STEP][PASSED] - "-------------------------------------------------------------------------------------------------------------------------------------": null

2020-04-23 13:55:51 - [TEST_STEP][PASSED] - setText(findTestObject("Web_Office_Advanced_Company_Search/Page_/table_Trader ID"), Trader_ID): Text '280592' is set on object 'Object Repository/Web_Office_Advanced_Company_Search/Page_/table_Trader ID'

2020-04-23 13:55:52 - [MESSAGE][PASSED] - Text '280592' is set on object 'Object Repository/Web_Office_Advanced_Company_Search/Page_/table_Trader ID'

2020-04-23 13:55:52 - [TEST_STEP][PASSED] - "-------------------------------------------------------------------------------------------------------------------------------------": null

2020-04-23 13:55:52 - [TEST_STEP][PASSED] - setText(findTestObject("Web_Office_Advanced_Company_Search/Page_/input_Limited Company Number"), Limited_Company_Number): Text '' is set on object 'Object Repository/Web_Office_Advanced_Company_Search/Page_/input_Limited Company Number'

2020-04-23 13:55:52 - [MESSAGE][PASSED] - Text '' is set on object 'Object Repository/Web_Office_Advanced_Company_Search/Page_/input_Limited Company Number'

2020-04-23 13:55:52 - [TEST_STEP][PASSED] - "-------------------------------------------------------------------------------------------------------------------------------------": null

2020-04-23 13:55:52 - [TEST_STEP][PASSED] - setText(findTestObject("Web_Office_Advanced_Company_Search/Page_/input_Company Name"), Company_Name): Text '' is set on object 'Object Repository/Web_Office_Advanced_Company_Search/Page_/input_Company Name'

2020-04-23 13:55:53 - [MESSAGE][PASSED] - Text '' is set on object 'Object Repository/Web_Office_Advanced_Company_Search/Page_/input_Company Name'

2020-04-23 13:55:53 - [TEST_STEP][PASSED] - "-------------------------------------------------------------------------------------------------------------------------------------": null

2020-04-23 13:55:53 - [TEST_STEP][PASSED] - "Set Owner_Date of Birth": null

2020-04-23 13:55:53 - [TEST_STEP][PASSED] - "-------------------------------------------------------------------------------------------------------------------------------------": null

2020-04-23 13:55:53 - [TEST_STEP][PASSED] - setText(findTestObject("Web_Office_Advanced_Company_Search/Page_/input_Owner Surname"), Owner_Surname): Text 'Brown' is set on object 'Object Repository/Web_Office_Advanced_Company_Search/Page_/input_Owner Surname'

2020-04-23 13:55:53 - [MESSAGE][PASSED] - Text 'Brown' is set on object 'Object Repository/Web_Office_Advanced_Company_Search/Page_/input_Owner Surname'

2020-04-23 13:55:53 - [TEST_STEP][PASSED] - "-------------------------------------------------------------------------------------------------------------------------------------": null

2020-04-23 13:55:53 - [TEST_STEP][PASSED] - setText(findTestObject("Web_Office_Advanced_Company_Search/Page_/input_Name Of House"), Name_House): Text '' is set on object 'Object Repository/Web_Office_Advanced_Company_Search/Page_/input_Name Of House'

2020-04-23 13:55:53 - [MESSAGE][PASSED] - Text '' is set on object 'Object Repository/Web_Office_Advanced_Company_Search/Page_/input_Name Of House'

2020-04-23 13:55:53 - [TEST_STEP][PASSED] - "-------------------------------------------------------------------------------------------------------------------------------------": null

2020-04-23 13:55:53 - [TEST_STEP][PASSED] - "Set Street": null

2020-04-23 13:55:53 - [TEST_STEP][PASSED] - "-------------------------------------------------------------------------------------------------------------------------------------": null

2020-04-23 13:55:53 - [TEST_STEP][PASSED] - setText(findTestObject("Web_Office_Advanced_Company_Search/Page_/input_Town"), Town): Text '' is set on object 'Object Repository/Web_Office_Advanced_Company_Search/Page_/input_Town'

2020-04-23 13:55:54 - [MESSAGE][PASSED] - Text '' is set on object 'Object Repository/Web_Office_Advanced_Company_Search/Page_/input_Town'

2020-04-23 13:55:54 - [TEST_STEP][PASSED] - "-------------------------------------------------------------------------------------------------------------------------------------": null

2020-04-23 13:55:54 - [TEST_STEP][PASSED] - setText(findTestObject("Web_Office_Advanced_Company_Search/Page_/input_City"), City): Text 'Haywards Heath' is set on object 'Object Repository/Web_Office_Advanced_Company_Search/Page_/input_City'

2020-04-23 13:55:54 - [MESSAGE][PASSED] - Text 'Haywards Heath' is set on object 'Object Repository/Web_Office_Advanced_Company_Search/Page_/input_City'

2020-04-23 13:55:54 - [TEST_STEP][PASSED] - "-------------------------------------------------------------------------------------------------------------------------------------": null

2020-04-23 13:55:54 - [TEST_STEP][PASSED] - setText(findTestObject("Web_Office_Advanced_Company_Search/Page_/input_County"), County): Text 'West Sussex' is set on object 'Object Repository/Web_Office_Advanced_Company_Search/Page_/input_County'

2020-04-23 13:55:55 - [MESSAGE][PASSED] - Text 'West Sussex' is set on object 'Object Repository/Web_Office_Advanced_Company_Search/Page_/input_County'

2020-04-23 13:55:55 - [TEST_STEP][PASSED] - "-------------------------------------------------------------------------------------------------------------------------------------": null

2020-04-23 13:55:55 - [TEST_STEP][PASSED] - setText(findTestObject("Web_Office_Advanced_Company_Search/Page_/input_Postcode"), Postcode): Text 'RH16 4ER' is set on object 'Object Repository/Web_Office_Advanced_Company_Search/Page_/input_Postcode'

2020-04-23 13:55:56 - [MESSAGE][PASSED] - Text 'RH16 4ER' is set on object 'Object Repository/Web_Office_Advanced_Company_Search/Page_/input_Postcode'

2020-04-23 13:55:56 - [TEST_STEP][PASSED] - "-------------------------------------------------------------------------------------------------------------------------------------": null

2020-04-23 13:55:56 - [TEST_STEP][PASSED] - setText(findTestObject("Web_Office_Advanced_Company_Search/Page_/input_Telephone"), Tel): Text '01444 657789' is set on object 'Object Repository/Web_Office_Advanced_Company_Search/Page_/input_Telephone'

2020-04-23 13:55:57 - [MESSAGE][PASSED] - Text '01444 657789' is set on object 'Object Repository/Web_Office_Advanced_Company_Search/Page_/input_Telephone'

2020-04-23 13:55:57 - [TEST_STEP][PASSED] - "-------------------------------------------------------------------------------------------------------------------------------------": null

2020-04-23 13:55:57 - [TEST_STEP][PASSED] - setText(findTestObject("Web_Office_Advanced_Company_Search/Page_/input_Email"), Email): Text 'gordon@drainboss.co.uk' is set on object 'Object Repository/Web_Office_Advanced_Company_Search/Page_/input_Email'

2020-04-23 13:55:58 - [MESSAGE][PASSED] - Text 'gordon@drainboss.co.uk' is set on object 'Object Repository/Web_Office_Advanced_Company_Search/Page_/input_Email'

2020-04-23 13:55:58 - [TEST_STEP][PASSED] - "Set Status": null

2020-04-23 13:55:58 - [TEST_STEP][PASSED] - "-------------------------------------------------------------------------------------------------------------------------------------": null

2020-04-23 13:55:58 - [TEST_STEP][PASSED] - "Status 3 Options": null

2020-04-23 13:55:58 - [TEST_STEP][PASSED] - "-------------------------------------------------------------------------------------------------------------------------------------": null

2020-04-23 13:55:58 - [TEST_STEP][PASSED] - "Set Type": null

2020-04-23 13:55:58 - [TEST_STEP][PASSED] - "-------------------------------------------------------------------------------------------------------------------------------------": null

2020-04-23 13:55:58 - [TEST_STEP][PASSED] - "Type 3 Options": null

2020-04-23 13:55:58 - [TEST_STEP][PASSED] - "-------------------------------------------------------------------------------------------------------------------------------------": null

2020-04-23 13:55:58 - [TEST_STEP][PASSED] - scrollToPosition(0, 0): Browser is scrolled to position x = 0, y = 0

2020-04-23 13:55:58 - [MESSAGE][PASSED] - Browser is scrolled to position x = 0, y = 0

2020-04-23 13:55:58 - [TEST_STEP][PASSED] - waitForElementClickable(findTestObject("Web_Office_Advanced_Company_Search/Page_/Top_Search_Button"), 5): Object 'Object Repository/Web_Office_Advanced_Company_Search/Page_/Top_Search_Button' is clickable

2020-04-23 13:55:58 - [MESSAGE][PASSED] - Object 'Object Repository/Web_Office_Advanced_Company_Search/Page_/Top_Search_Button' is clickable

2020-04-23 13:55:58 - [TEST_STEP][PASSED] - click(findTestObject("Web_Office_Advanced_Company_Search/Page_/Top_Search_Button")): Object: 'Object Repository/Web_Office_Advanced_Company_Search/Page_/Top_Search_Button' is clicked on

2020-04-23 13:56:08 - [MESSAGE][PASSED] - Object: 'Object Repository/Web_Office_Advanced_Company_Search/Page_/Top_Search_Button' is clicked on

2020-04-23 13:56:08 - [MESSAGE][PASSED] - Call Test Case 'Test Cases/Reusable_Test_Sequences/Web_Office/Actions/Set_Advanced_Company_Data' successfully

2020-04-23 13:56:08 - [TEST_STEP][PASSED] - "--------------------------------------": null

2020-04-23 13:56:08 - [TEST_STEP][PASSED] - " Select Returned Record to Verify     |": null

2020-04-23 13:56:08 - [TEST_STEP][PASSED] - callTestCase(findTestCase("Reusable_Test_Sequences/Web_Office/Actions/Select_Company"), [:], OPTIONAL): Call Test Case 'Test Cases/Reusable_Test_Sequences/Web_Office/Actions/Select_Company' successfully

2020-04-23 13:56:08 - [TEST_CASE][PASSED] - Test Cases/Reusable_Test_Sequences/Web_Office/Actions/Select_Company: Test Cases/Reusable_Test_Sequences/Web_Office/Actions/Select_Company

2020-04-23 13:56:09 - [TEST_STEP][PASSED] - waitForPageLoad(60): Wait for page load successfully

2020-04-23 13:56:09 - [MESSAGE][PASSED] - Wait for page load successfully

2020-04-23 13:56:09 - [TEST_STEP][PASSED] - waitForElementClickable(findTestObject("Web_Office_Advanced_Company_Search/Page_/td_Returned_Company"), 5): Object 'Object Repository/Web_Office_Advanced_Company_Search/Page_/td_Returned_Company' is clickable

2020-04-23 13:56:09 - [MESSAGE][PASSED] - Object 'Object Repository/Web_Office_Advanced_Company_Search/Page_/td_Returned_Company' is clickable

2020-04-23 13:56:09 - [TEST_STEP][PASSED] - "-------------------------------------------------------------------------------------------------------------------------------------": null

2020-04-23 13:56:09 - [TEST_STEP][PASSED] - click(findTestObject("Web_Office_Advanced_Company_Search/Page_/td_Returned_Company")): Object: 'Object Repository/Web_Office_Advanced_Company_Search/Page_/td_Returned_Company' is clicked on

2020-04-23 13:56:12 - [MESSAGE][PASSED] - Object: 'Object Repository/Web_Office_Advanced_Company_Search/Page_/td_Returned_Company' is clicked on

2020-04-23 13:56:12 - [MESSAGE][PASSED] - Call Test Case 'Test Cases/Reusable_Test_Sequences/Web_Office/Actions/Select_Company' successfully

2020-04-23 13:56:12 - [TEST_STEP][PASSED] - "--------------------------------------": null

2020-04-23 13:56:12 - [TEST_STEP][PASSED] - " Verify Returned Company Record       |": null

2020-04-23 13:56:12 - [TEST_STEP][PASSED] - callTestCase(findTestCase("Reusable_Test_Sequences/Web_Office/Verification/Company_Returned_Advanced_Search_Record"), [:], OPTIONAL): Call Test Case 'Test Cases/Reusable_Test_Sequences/Web_Office/Verification/Company_Returned_Advanced_Search_Record' successfully

2020-04-23 13:56:12 - [TEST_CASE][PASSED] - Test Cases/Reusable_Test_Sequences/Web_Office/Verification/Company_Returned_Advanced_Search_Record: Test Cases/Reusable_Test_Sequences/Web_Office/Verification/Company_Returned_Advanced_Search_Record

2020-04-23 13:56:13 - [TEST_STEP][PASSED] - "--------------------------------": null

2020-04-23 13:56:13 - [TEST_STEP][PASSED] - "Read data from spreadsheet      | r_ = Returned Data": null

2020-04-23 13:56:13 - [TEST_STEP][PASSED] - data = findTestData("Data Files/Advance_Company_Search_Data"): null

2020-04-23 13:56:13 - [TEST_STEP][PASSED] - Trader_ID = data.getValue("Trader_ID", row): null

2020-04-23 13:56:13 - [TEST_STEP][PASSED] - Limited_Company_Number = data.getValue("Limited_Company_Number", row): null

2020-04-23 13:56:13 - [TEST_STEP][PASSED] - Company_Name = data.getValue("Company_Name", row): null

2020-04-23 13:56:13 - [TEST_STEP][PASSED] - Owner_Surname = data.getValue("Owner_Surname", row): null

2020-04-23 13:56:13 - [TEST_STEP][PASSED] - Owner_DOB = data.getValue("Owner_DOB", row): null

2020-04-23 13:56:13 - [TEST_STEP][PASSED] - Name_House = data.getValue("Name_House", row): null

2020-04-23 13:56:13 - [TEST_STEP][PASSED] - Number_Street = data.getValue("Number_Street", row): null

2020-04-23 13:56:13 - [TEST_STEP][PASSED] - Town = data.getValue("Town", row): null

2020-04-23 13:56:13 - [TEST_STEP][PASSED] - City = data.getValue("City", row): null

2020-04-23 13:56:13 - [TEST_STEP][PASSED] - County = data.getValue("County", row): null

2020-04-23 13:56:13 - [TEST_STEP][PASSED] - Postcode = data.getValue("Postcode", row): null

2020-04-23 13:56:13 - [TEST_STEP][PASSED] - Tel = data.getValue("Tel", row): null

2020-04-23 13:56:13 - [TEST_STEP][PASSED] - Email = data.getValue("Email", row): null

2020-04-23 13:56:13 - [TEST_STEP][PASSED] - "--------------------------------": null

2020-04-23 13:56:13 - [TEST_STEP][PASSED] - "Read data from spreadsheet      |": null

2020-04-23 13:56:13 - [TEST_STEP][PASSED] - Actual_Page_Text = "": null

2020-04-23 13:56:13 - [TEST_STEP][PASSED] - Expected_Page_Text = "": null

2020-04-23 13:56:13 - [TEST_STEP][PASSED] - waitForPageLoad(60): Wait for page load successfully

2020-04-23 13:56:13 - [MESSAGE][PASSED] - Wait for page load successfully

2020-04-23 13:56:13 - [TEST_STEP][PASSED] - delay(1): Delayed 1 second(s)

2020-04-23 13:56:14 - [MESSAGE][PASSED] - Delayed 1 second(s)

2020-04-23 13:56:14 - [TEST_STEP][PASSED] - "---------------------------------------------------------------------------------------------------------------------": null

2020-04-23 13:56:14 - [TEST_STEP][PASSED] - "HEADER DETAIL - iFrame": null

2020-04-23 13:56:14 - [TEST_STEP][PASSED] - "-----------------": null

2020-04-23 13:56:14 - [TEST_STEP][PASSED] - "PAGE_HEADER TEXT |": null

2020-04-23 13:56:14 - [TEST_STEP][PASSED] - verifyTextPresent(findTestData("Data Files/Advance_Company_Search_Data").getValue("Page_Header_Text", row), false): Text 'BLOCKED DRAINS' is present on page 

2020-04-23 13:56:14 - [MESSAGE][PASSED] - Text 'BLOCKED DRAINS' is present on page 

2020-04-23 13:56:14 - [TEST_STEP][PASSED] - "----------------": null

2020-04-23 13:56:14 - [TEST_STEP][PASSED] - "Email Address   |": null

2020-04-23 13:56:14 - [TEST_STEP][PASSED] - verifyTextPresent(findTestData("Data Files/Advance_Company_Search_Data").getValue("Email", row), false): Text 'gordon@drainboss.co.uk' is present on page 

2020-04-23 13:56:15 - [MESSAGE][PASSED] - Text 'gordon@drainboss.co.uk' is present on page 

2020-04-23 13:56:15 - [TEST_STEP][PASSED] - "----------------": null

2020-04-23 13:56:15 - [TEST_STEP][PASSED] - "Phone Number    |": null

2020-04-23 13:56:15 - [TEST_STEP][PASSED] - verifyTextPresent(findTestData("Data Files/Advance_Company_Search_Data").getValue("Tel", row), false): Text '01444 657789' is present on page 

2020-04-23 13:56:16 - [MESSAGE][PASSED] - Text '01444 657789' is present on page 

2020-04-23 13:56:16 - [TEST_STEP][PASSED] - "----------------": null

2020-04-23 13:56:16 - [TEST_STEP][PASSED] - "Trader ID       |": null

2020-04-23 13:56:16 - [TEST_STEP][PASSED] - verifyTextPresent(findTestData("Data Files/Advance_Company_Search_Data").getValue("Trader_ID", row), false): Text '280592' is present on page 

2020-04-23 13:56:16 - [MESSAGE][PASSED] - Text '280592' is present on page 

2020-04-23 13:56:16 - [TEST_STEP][PASSED] - "----------------": null

2020-04-23 13:56:16 - [TEST_STEP][PASSED] - "Postcode        |": null

2020-04-23 13:56:16 - [TEST_STEP][PASSED] - verifyTextPresent(findTestData("Data Files/Advance_Company_Search_Data").getValue("Postcode", row), false): Text 'RH16 4ER' is present on page 

2020-04-23 13:56:17 - [MESSAGE][PASSED] - Text 'RH16 4ER' is present on page 

2020-04-23 13:56:17 - [TEST_STEP][PASSED] - "----------------": null

2020-04-23 13:56:17 - [TEST_STEP][PASSED] - "Full Name       |": null

2020-04-23 13:56:17 - [TEST_STEP][PASSED] - verifyTextPresent(findTestData("Data Files/Advance_Company_Search_Data").getValue("Full_Name", row), false): Text 'Mr Gordon Brown' is present on page 

2020-04-23 13:56:17 - [MESSAGE][PASSED] - Text 'Mr Gordon Brown' is present on page 

2020-04-23 13:56:17 - [TEST_STEP][PASSED] - "----------------": null

2020-04-23 13:56:17 - [TEST_STEP][PASSED] - "Date of Birth   |": null

2020-04-23 13:56:17 - [TEST_STEP][PASSED] - verifyTextPresent(findTestData("Data Files/Advance_Company_Search_Data").getValue("Owner_DOB", row), false): Text 'DoB: 23/01/1967' is present on page 

2020-04-23 13:56:18 - [MESSAGE][PASSED] - Text 'DoB: 23/01/1967' is present on page 

2020-04-23 13:56:18 - [TEST_STEP][PASSED] - "----------------": null

2020-04-23 13:56:18 - [TEST_STEP][PASSED] - "Full Address    |": null

2020-04-23 13:56:18 - [TEST_STEP][PASSED] - verifyTextPresent(findTestData("Data Files/Advance_Company_Search_Data").getValue("Full_Address", row), false): Text '2 Redwood Drive, Haywards Heath, West Sussex, RH16 4ER' is present on page 

2020-04-23 13:56:18 - [MESSAGE][PASSED] - Text '2 Redwood Drive, Haywards Heath, West Sussex, RH16 4ER' is present on page 

2020-04-23 13:56:18 - [MESSAGE][PASSED] - Call Test Case 'Test Cases/Reusable_Test_Sequences/Web_Office/Verification/Company_Returned_Advanced_Search_Record' successfully

2020-04-23 13:56:18 - [TEST_STEP][PASSED] - "--------------------------": null

2020-04-23 13:56:18 - [TEST_STEP][PASSED] - " Teardown - CLose Browser |": null

2020-04-23 13:56:18 - [TEST_STEP][PASSED] - callTestCase(findTestCase("Reusable_Test_Sequences/CAT_Teardown"), [:], OPTIONAL): Call Test Case 'Test Cases/Reusable_Test_Sequences/CAT_Teardown' successfully

2020-04-23 13:56:18 - [TEST_CASE][PASSED] - Test Cases/Reusable_Test_Sequences/CAT_Teardown: Test Cases/Reusable_Test_Sequences/CAT_Teardown

2020-04-23 13:56:18 - [TEST_STEP][PASSED] - closeBrowser(): Browser is closed

2020-04-23 13:56:20 - [MESSAGE][PASSED] - Browser is closed

2020-04-23 13:56:20 - [TEST_STEP][PASSED] - super.finalize(): null

2020-04-23 13:56:20 - [TEST_STEP][PASSED] - System.gc(): null

2020-04-23 13:56:20 - [MESSAGE][PASSED] - Call Test Case 'Test Cases/Reusable_Test_Sequences/CAT_Teardown' successfully

2020-04-23 13:56:20 - [TEST_STEP][PASSED] - "--------------------------------------": null

2020-04-23 13:56:20 - [TEST_STEP][PASSED] - " Web Office StartUp                  |": null

2020-04-23 13:56:20 - [TEST_STEP][PASSED] - callTestCase(findTestCase("Reusable_Test_Sequences/Web_Office/Directives/WebOffice_StartUp"), [:], STOP_ON_FAILURE): Call Test Case 'Test Cases/Reusable_Test_Sequences/Web_Office/Directives/WebOffice_StartUp' successfully

2020-04-23 13:56:20 - [TEST_CASE][PASSED] - Test Cases/Reusable_Test_Sequences/Web_Office/Directives/WebOffice_StartUp: Test Cases/Reusable_Test_Sequences/Web_Office/Directives/WebOffice_StartUp

2020-04-23 13:56:20 - [TEST_STEP][PASSED] - "-----------------------------------------------------------------------------": null

2020-04-23 13:56:20 - [TEST_STEP][PASSED] - if (URL == "https://www.dev.checkatrade.com/"): null

2020-04-23 13:56:20 - [TEST_STEP][PASSED] - "-----------------------------------------------------------------------------": null

2020-04-23 13:56:20 - [TEST_STEP][PASSED] - if (URL == "https://www.checkatrade.com/"): null

2020-04-23 13:56:20 - [TEST_STEP][PASSED] - "-----------------------------------------------------------------------------": null

2020-04-23 13:56:20 - [TEST_STEP][PASSED] - if (URL == "https://www.preview.checkatrade.com/"): null

2020-04-23 13:56:20 - [TEST_STEP][PASSED] - WebOfficeURL = "https://admin.preview.checkatrade.com/": null

2020-04-23 13:56:20 - [TEST_STEP][PASSED] - if (URL == "https://www.dev2.checkatrade.com/"): null

2020-04-23 13:56:20 - [TEST_STEP][PASSED] - "Set Function Area for "URL_Handler", URL Resolution": null

2020-04-23 13:56:20 - [TEST_STEP][PASSED] - "Do Some Magic with URL(s) See the comments within URL Handler ": null

2020-04-23 13:56:20 - [TEST_STEP][PASSED] - "------------------------------------------------": null

2020-04-23 13:56:20 - [TEST_STEP][PASSED] - "Moved Login Credentials to <Default> profile 22/01/2020": null

2020-04-23 13:56:20 - [TEST_STEP][PASSED] - "------------------------------------------------": null

2020-04-23 13:56:20 - [TEST_STEP][PASSED] - "WebOfficeURL - Set from the ENVIRONMENT PROFILE ": null

2020-04-23 13:56:20 - [TEST_STEP][PASSED] - "OPEN BROWSER": null

2020-04-23 13:56:20 - [TEST_STEP][PASSED] - "eg - https://admin.preview.checkatrade.com/  ": null

2020-04-23 13:56:20 - [TEST_STEP][PASSED] - openBrowser(WebOfficeURL): Browser is opened with url: 'https://admin.preview.checkatrade.com/'

2020-04-23 13:56:20 - [MESSAGE][INFO] - Starting 'Chrome' driver

2020-04-23 13:56:20 - [MESSAGE][INFO] - Action delay is set to 0 milliseconds

2020-04-23 13:56:25 - [MESSAGE][PASSED] - Browser is opened with url: 'https://admin.preview.checkatrade.com/'

2020-04-23 13:56:25 - [TEST_STEP][PASSED] - maximizeWindow(): Current window maximized

2020-04-23 13:56:27 - [MESSAGE][PASSED] - Current window maximized

2020-04-23 13:56:27 - [TEST_STEP][PASSED] - waitForElementClickable(findTestObject("Object Repository/WebOffice/Page_Checkatrade - Administration - Login/Login_Button"), 25): Object 'Object Repository/WebOffice/Page_Checkatrade - Administration - Login/Login_Button' is clickable

2020-04-23 13:56:27 - [MESSAGE][PASSED] - Object 'Object Repository/WebOffice/Page_Checkatrade - Administration - Login/Login_Button' is clickable

2020-04-23 13:56:27 - [TEST_STEP][PASSED] - verifyTextPresent("Checkatrade Web Office", false): Text 'Checkatrade Web Office' is present on page 

2020-04-23 13:56:27 - [MESSAGE][PASSED] - Text 'Checkatrade Web Office' is present on page 

2020-04-23 13:56:27 - [TEST_STEP][PASSED] - verifyTextPresent("Access for staff use only", false): Text 'Access for staff use only' is present on page 

2020-04-23 13:56:27 - [MESSAGE][PASSED] - Text 'Access for staff use only' is present on page 

2020-04-23 13:56:27 - [TEST_STEP][PASSED] - verifyTextPresent("Forgotten password?", false): Text 'Forgotten password?' is present on page 

2020-04-23 13:56:27 - [MESSAGE][PASSED] - Text 'Forgotten password?' is present on page 

2020-04-23 13:56:27 - [TEST_STEP][PASSED] - setText(findTestObject("Object Repository/WebOffice/Page_Checkatrade - Administration - Login/input_Username_LoginControlUserName"), wo_Username): Text 'DavidHo' is set on object 'Object Repository/WebOffice/Page_Checkatrade - Administration - Login/input_Username_LoginControlUserName'

2020-04-23 13:56:27 - [MESSAGE][PASSED] - Text 'DavidHo' is set on object 'Object Repository/WebOffice/Page_Checkatrade - Administration - Login/input_Username_LoginControlUserName'

2020-04-23 13:56:27 - [TEST_STEP][PASSED] - setText(findTestObject("Object Repository/WebOffice/Page_Checkatrade - Administration - Login/input_Password_LoginControlPassword"), wo_Password): Text 'Check123' is set on object 'Object Repository/WebOffice/Page_Checkatrade - Administration - Login/input_Password_LoginControlPassword'

2020-04-23 13:56:27 - [MESSAGE][PASSED] - Text 'Check123' is set on object 'Object Repository/WebOffice/Page_Checkatrade - Administration - Login/input_Password_LoginControlPassword'

2020-04-23 13:56:27 - [TEST_STEP][PASSED] - click(findTestObject("Object Repository/WebOffice/Page_Checkatrade - Administration - Login/Login_Button")): Object: 'Object Repository/WebOffice/Page_Checkatrade - Administration - Login/Login_Button' is clicked on

2020-04-23 13:56:28 - [MESSAGE][PASSED] - Object: 'Object Repository/WebOffice/Page_Checkatrade - Administration - Login/Login_Button' is clicked on

2020-04-23 13:56:28 - [TEST_STEP][PASSED] - waitForPageLoad(60): Wait for page load successfully

2020-04-23 13:56:28 - [MESSAGE][PASSED] - Wait for page load successfully

2020-04-23 13:56:28 - [TEST_STEP][PASSED] - verifyTextPresent("Welcome " + wo_Username, false): Text 'Welcome DavidHo' is present on page 

2020-04-23 13:56:29 - [MESSAGE][PASSED] - Text 'Welcome DavidHo' is present on page 

2020-04-23 13:56:29 - [MESSAGE][PASSED] - Call Test Case 'Test Cases/Reusable_Test_Sequences/Web_Office/Directives/WebOffice_StartUp' successfully

2020-04-23 13:56:29 - [TEST_STEP][PASSED] - "--------------------------------------": null

2020-04-23 13:56:29 - [TEST_STEP][PASSED] - " Navigate to <Companies> Menu Item    |": null

2020-04-23 13:56:29 - [TEST_STEP][PASSED] - callTestCase(findTestCase("Reusable_Test_Sequences/Web_Office/navigation/Navigate_Advanced_Company_Search"), [:], STOP_ON_FAILURE): Call Test Case 'Test Cases/Reusable_Test_Sequences/Web_Office/navigation/Navigate_Advanced_Company_Search' successfully

2020-04-23 13:56:29 - [TEST_CASE][PASSED] - Test Cases/Reusable_Test_Sequences/Web_Office/navigation/Navigate_Advanced_Company_Search: Test Cases/Reusable_Test_Sequences/Web_Office/navigation/Navigate_Advanced_Company_Search

2020-04-23 13:56:29 - [TEST_STEP][PASSED] - "--------------------------------------": null

2020-04-23 13:56:29 - [TEST_STEP][PASSED] - " Navigate Top level menu Item         |": null

2020-04-23 13:56:29 - [TEST_STEP][PASSED] - waitForPageLoad(60): Wait for page load successfully

2020-04-23 13:56:29 - [MESSAGE][PASSED] - Wait for page load successfully

2020-04-23 13:56:29 - [TEST_STEP][PASSED] - waitForElementClickable(findTestObject("Object Repository/WebOffice_Home_page/a_Companies"), 60): Object 'Object Repository/WebOffice_Home_page/a_Companies' is clickable

2020-04-23 13:56:29 - [MESSAGE][PASSED] - Object 'Object Repository/WebOffice_Home_page/a_Companies' is clickable

2020-04-23 13:56:29 - [TEST_STEP][PASSED] - mouseOver(findTestObject("Object Repository/WebOffice_Home_page/a_Companies")): Object: 'Object Repository/WebOffice_Home_page/a_Companies' is hovered

2020-04-23 13:56:29 - [MESSAGE][PASSED] - Object: 'Object Repository/WebOffice_Home_page/a_Companies' is hovered

2020-04-23 13:56:29 - [TEST_STEP][PASSED] - waitForElementClickable(findTestObject("Object Repository/WebOffice_Home_page/a_Company_Advanced_Search"), 1): Object 'Object Repository/WebOffice_Home_page/a_Company_Advanced_Search' is clickable

2020-04-23 13:56:29 - [MESSAGE][PASSED] - Object 'Object Repository/WebOffice_Home_page/a_Company_Advanced_Search' is clickable

2020-04-23 13:56:29 - [TEST_STEP][PASSED] - click(findTestObject("Object Repository/WebOffice_Home_page/a_Company_Advanced_Search")): Object: 'Object Repository/WebOffice_Home_page/a_Company_Advanced_Search' is clicked on

2020-04-23 13:56:32 - [MESSAGE][PASSED] - Object: 'Object Repository/WebOffice_Home_page/a_Company_Advanced_Search' is clicked on

2020-04-23 13:56:32 - [MESSAGE][PASSED] - Call Test Case 'Test Cases/Reusable_Test_Sequences/Web_Office/navigation/Navigate_Advanced_Company_Search' successfully

2020-04-23 13:56:32 - [TEST_STEP][PASSED] - "--------------------------------------": null

2020-04-23 13:56:32 - [TEST_STEP][PASSED] - " LH Pane  - Apply Search Criteria     |": null

2020-04-23 13:56:32 - [TEST_STEP][PASSED] - callTestCase(findTestCase("Reusable_Test_Sequences/Web_Office/Actions/Set_Advanced_Company_Data"), [:], STOP_ON_FAILURE): Call Test Case 'Test Cases/Reusable_Test_Sequences/Web_Office/Actions/Set_Advanced_Company_Data' successfully

2020-04-23 13:56:32 - [TEST_CASE][PASSED] - Test Cases/Reusable_Test_Sequences/Web_Office/Actions/Set_Advanced_Company_Data: Test Cases/Reusable_Test_Sequences/Web_Office/Actions/Set_Advanced_Company_Data

2020-04-23 13:56:32 - [TEST_STEP][PASSED] - "--------------------------------": null

2020-04-23 13:56:32 - [TEST_STEP][PASSED] - "Read data from spreadsheet      |": null

2020-04-23 13:56:32 - [TEST_STEP][PASSED] - data = findTestData("Data Files/Advance_Company_Search_Data"): null

2020-04-23 13:56:32 - [TEST_STEP][PASSED] - Trader_ID = data.getValue("Trader_ID", row): null

2020-04-23 13:56:32 - [TEST_STEP][PASSED] - Limited_Company_Number = data.getValue("Limited_Company_Number", row): null

2020-04-23 13:56:32 - [TEST_STEP][PASSED] - Company_Name = data.getValue("Company_Name", row): null

2020-04-23 13:56:32 - [TEST_STEP][PASSED] - Owner_Surname = data.getValue("Owner_Surname", row): null

2020-04-23 13:56:32 - [TEST_STEP][PASSED] - Owner_DOB = data.getValue("Owner_DOB", row): null

2020-04-23 13:56:32 - [TEST_STEP][PASSED] - Name_House = data.getValue("Name_House", row): null

2020-04-23 13:56:32 - [TEST_STEP][PASSED] - Number_Street = data.getValue("Number_Street", row): null

2020-04-23 13:56:32 - [TEST_STEP][PASSED] - Town = data.getValue("Town", row): null

2020-04-23 13:56:32 - [TEST_STEP][PASSED] - City = data.getValue("City", row): null

2020-04-23 13:56:32 - [TEST_STEP][PASSED] - County = data.getValue("County", row): null

2020-04-23 13:56:32 - [TEST_STEP][PASSED] - Postcode = data.getValue("Postcode", row): null

2020-04-23 13:56:32 - [TEST_STEP][PASSED] - Tel = data.getValue("Tel", row): null

2020-04-23 13:56:32 - [TEST_STEP][PASSED] - Email = data.getValue("Email", row): null

2020-04-23 13:56:32 - [TEST_STEP][PASSED] - "slack": null

2020-04-23 13:56:32 - [TEST_STEP][PASSED] - "--------------------------------": null

2020-04-23 13:56:32 - [TEST_STEP][PASSED] - " Synchronisation                |": null

2020-04-23 13:56:32 - [TEST_STEP][PASSED] - waitForPageLoad(60): Wait for page load successfully

2020-04-23 13:56:32 - [MESSAGE][PASSED] - Wait for page load successfully

2020-04-23 13:56:32 - [TEST_STEP][PASSED] - waitForElementVisible(findTestObject("Web_Office_Advanced_Company_Search/Page_/input_Clear_ctl00ctl00CP1ctlSearchbtnSearch"), 60): Object 'Object Repository/Web_Office_Advanced_Company_Search/Page_/input_Clear_ctl00ctl00CP1ctlSearchbtnSearch' is visible

2020-04-23 13:56:32 - [MESSAGE][PASSED] - Object 'Object Repository/Web_Office_Advanced_Company_Search/Page_/input_Clear_ctl00ctl00CP1ctlSearchbtnSearch' is visible

2020-04-23 13:56:32 - [TEST_STEP][PASSED] - "https://admin.preview.checkatrade.com/Companies/Search.aspx": null

2020-04-23 13:56:32 - [TEST_STEP][PASSED] - "-------------------------------------------------------------------------------------------------------------------------------------": null

2020-04-23 13:56:32 - [TEST_STEP][PASSED] - setText(findTestObject("Web_Office_Advanced_Company_Search/Page_/table_Trader ID"), Trader_ID): Text '280592' is set on object 'Object Repository/Web_Office_Advanced_Company_Search/Page_/table_Trader ID'

2020-04-23 13:56:33 - [MESSAGE][PASSED] - Text '280592' is set on object 'Object Repository/Web_Office_Advanced_Company_Search/Page_/table_Trader ID'

2020-04-23 13:56:33 - [TEST_STEP][PASSED] - "-------------------------------------------------------------------------------------------------------------------------------------": null

2020-04-23 13:56:33 - [TEST_STEP][PASSED] - setText(findTestObject("Web_Office_Advanced_Company_Search/Page_/input_Limited Company Number"), Limited_Company_Number): Text '' is set on object 'Object Repository/Web_Office_Advanced_Company_Search/Page_/input_Limited Company Number'

2020-04-23 13:56:33 - [MESSAGE][PASSED] - Text '' is set on object 'Object Repository/Web_Office_Advanced_Company_Search/Page_/input_Limited Company Number'

2020-04-23 13:56:33 - [TEST_STEP][PASSED] - "-------------------------------------------------------------------------------------------------------------------------------------": null

2020-04-23 13:56:33 - [TEST_STEP][PASSED] - setText(findTestObject("Web_Office_Advanced_Company_Search/Page_/input_Company Name"), Company_Name): Text '' is set on object 'Object Repository/Web_Office_Advanced_Company_Search/Page_/input_Company Name'

2020-04-23 13:56:33 - [MESSAGE][PASSED] - Text '' is set on object 'Object Repository/Web_Office_Advanced_Company_Search/Page_/input_Company Name'

2020-04-23 13:56:33 - [TEST_STEP][PASSED] - "-------------------------------------------------------------------------------------------------------------------------------------": null

2020-04-23 13:56:33 - [TEST_STEP][PASSED] - "Set Owner_Date of Birth": null

2020-04-23 13:56:33 - [TEST_STEP][PASSED] - "-------------------------------------------------------------------------------------------------------------------------------------": null

2020-04-23 13:56:33 - [TEST_STEP][PASSED] - setText(findTestObject("Web_Office_Advanced_Company_Search/Page_/input_Owner Surname"), Owner_Surname): Text '' is set on object 'Object Repository/Web_Office_Advanced_Company_Search/Page_/input_Owner Surname'

2020-04-23 13:56:34 - [MESSAGE][PASSED] - Text '' is set on object 'Object Repository/Web_Office_Advanced_Company_Search/Page_/input_Owner Surname'

2020-04-23 13:56:34 - [TEST_STEP][PASSED] - "-------------------------------------------------------------------------------------------------------------------------------------": null

2020-04-23 13:56:34 - [TEST_STEP][PASSED] - setText(findTestObject("Web_Office_Advanced_Company_Search/Page_/input_Name Of House"), Name_House): Text '' is set on object 'Object Repository/Web_Office_Advanced_Company_Search/Page_/input_Name Of House'

2020-04-23 13:56:34 - [MESSAGE][PASSED] - Text '' is set on object 'Object Repository/Web_Office_Advanced_Company_Search/Page_/input_Name Of House'

2020-04-23 13:56:34 - [TEST_STEP][PASSED] - "-------------------------------------------------------------------------------------------------------------------------------------": null

2020-04-23 13:56:34 - [TEST_STEP][PASSED] - "Set Street": null

2020-04-23 13:56:34 - [TEST_STEP][PASSED] - "-------------------------------------------------------------------------------------------------------------------------------------": null

2020-04-23 13:56:34 - [TEST_STEP][PASSED] - setText(findTestObject("Web_Office_Advanced_Company_Search/Page_/input_Town"), Town): Text '' is set on object 'Object Repository/Web_Office_Advanced_Company_Search/Page_/input_Town'

2020-04-23 13:56:34 - [MESSAGE][PASSED] - Text '' is set on object 'Object Repository/Web_Office_Advanced_Company_Search/Page_/input_Town'

2020-04-23 13:56:34 - [TEST_STEP][PASSED] - "-------------------------------------------------------------------------------------------------------------------------------------": null

2020-04-23 13:56:34 - [TEST_STEP][PASSED] - setText(findTestObject("Web_Office_Advanced_Company_Search/Page_/input_City"), City): Text '' is set on object 'Object Repository/Web_Office_Advanced_Company_Search/Page_/input_City'

2020-04-23 13:56:34 - [MESSAGE][PASSED] - Text '' is set on object 'Object Repository/Web_Office_Advanced_Company_Search/Page_/input_City'

2020-04-23 13:56:34 - [TEST_STEP][PASSED] - "-------------------------------------------------------------------------------------------------------------------------------------": null

2020-04-23 13:56:34 - [TEST_STEP][PASSED] - setText(findTestObject("Web_Office_Advanced_Company_Search/Page_/input_County"), County): Text '' is set on object 'Object Repository/Web_Office_Advanced_Company_Search/Page_/input_County'

2020-04-23 13:56:35 - [MESSAGE][PASSED] - Text '' is set on object 'Object Repository/Web_Office_Advanced_Company_Search/Page_/input_County'

2020-04-23 13:56:35 - [TEST_STEP][PASSED] - "-------------------------------------------------------------------------------------------------------------------------------------": null

2020-04-23 13:56:35 - [TEST_STEP][PASSED] - setText(findTestObject("Web_Office_Advanced_Company_Search/Page_/input_Postcode"), Postcode): Text '' is set on object 'Object Repository/Web_Office_Advanced_Company_Search/Page_/input_Postcode'

2020-04-23 13:56:35 - [MESSAGE][PASSED] - Text '' is set on object 'Object Repository/Web_Office_Advanced_Company_Search/Page_/input_Postcode'

2020-04-23 13:56:35 - [TEST_STEP][PASSED] - "-------------------------------------------------------------------------------------------------------------------------------------": null

2020-04-23 13:56:35 - [TEST_STEP][PASSED] - setText(findTestObject("Web_Office_Advanced_Company_Search/Page_/input_Telephone"), Tel): Text '' is set on object 'Object Repository/Web_Office_Advanced_Company_Search/Page_/input_Telephone'

2020-04-23 13:56:35 - [MESSAGE][PASSED] - Text '' is set on object 'Object Repository/Web_Office_Advanced_Company_Search/Page_/input_Telephone'

2020-04-23 13:56:35 - [TEST_STEP][PASSED] - "-------------------------------------------------------------------------------------------------------------------------------------": null

2020-04-23 13:56:35 - [TEST_STEP][PASSED] - setText(findTestObject("Web_Office_Advanced_Company_Search/Page_/input_Email"), Email): Text '' is set on object 'Object Repository/Web_Office_Advanced_Company_Search/Page_/input_Email'

2020-04-23 13:56:36 - [MESSAGE][PASSED] - Text '' is set on object 'Object Repository/Web_Office_Advanced_Company_Search/Page_/input_Email'

2020-04-23 13:56:36 - [TEST_STEP][PASSED] - "Set Status": null

2020-04-23 13:56:36 - [TEST_STEP][PASSED] - "-------------------------------------------------------------------------------------------------------------------------------------": null

2020-04-23 13:56:36 - [TEST_STEP][PASSED] - "Status 3 Options": null

2020-04-23 13:56:36 - [TEST_STEP][PASSED] - "-------------------------------------------------------------------------------------------------------------------------------------": null

2020-04-23 13:56:36 - [TEST_STEP][PASSED] - "Set Type": null

2020-04-23 13:56:36 - [TEST_STEP][PASSED] - "-------------------------------------------------------------------------------------------------------------------------------------": null

2020-04-23 13:56:36 - [TEST_STEP][PASSED] - "Type 3 Options": null

2020-04-23 13:56:36 - [TEST_STEP][PASSED] - "-------------------------------------------------------------------------------------------------------------------------------------": null

2020-04-23 13:56:36 - [TEST_STEP][PASSED] - scrollToPosition(0, 0): Browser is scrolled to position x = 0, y = 0

2020-04-23 13:56:36 - [MESSAGE][PASSED] - Browser is scrolled to position x = 0, y = 0

2020-04-23 13:56:36 - [TEST_STEP][PASSED] - waitForElementClickable(findTestObject("Web_Office_Advanced_Company_Search/Page_/Top_Search_Button"), 5): Object 'Object Repository/Web_Office_Advanced_Company_Search/Page_/Top_Search_Button' is clickable

2020-04-23 13:56:36 - [MESSAGE][PASSED] - Object 'Object Repository/Web_Office_Advanced_Company_Search/Page_/Top_Search_Button' is clickable

2020-04-23 13:56:36 - [TEST_STEP][PASSED] - click(findTestObject("Web_Office_Advanced_Company_Search/Page_/Top_Search_Button")): Object: 'Object Repository/Web_Office_Advanced_Company_Search/Page_/Top_Search_Button' is clicked on

2020-04-23 13:56:40 - [MESSAGE][PASSED] - Object: 'Object Repository/Web_Office_Advanced_Company_Search/Page_/Top_Search_Button' is clicked on

2020-04-23 13:56:40 - [MESSAGE][PASSED] - Call Test Case 'Test Cases/Reusable_Test_Sequences/Web_Office/Actions/Set_Advanced_Company_Data' successfully

2020-04-23 13:56:40 - [TEST_STEP][PASSED] - "--------------------------------------": null

2020-04-23 13:56:40 - [TEST_STEP][PASSED] - " Select Returned Record to Verify     |": null

2020-04-23 13:56:40 - [TEST_STEP][PASSED] - callTestCase(findTestCase("Reusable_Test_Sequences/Web_Office/Actions/Select_Company"), [:], OPTIONAL): Call Test Case 'Test Cases/Reusable_Test_Sequences/Web_Office/Actions/Select_Company' successfully

2020-04-23 13:56:40 - [TEST_CASE][PASSED] - Test Cases/Reusable_Test_Sequences/Web_Office/Actions/Select_Company: Test Cases/Reusable_Test_Sequences/Web_Office/Actions/Select_Company

2020-04-23 13:56:40 - [TEST_STEP][PASSED] - waitForPageLoad(60): Wait for page load successfully

2020-04-23 13:56:40 - [MESSAGE][PASSED] - Wait for page load successfully

2020-04-23 13:56:40 - [TEST_STEP][PASSED] - waitForElementClickable(findTestObject("Web_Office_Advanced_Company_Search/Page_/td_Returned_Company"), 5): Object 'Object Repository/Web_Office_Advanced_Company_Search/Page_/td_Returned_Company' is clickable

2020-04-23 13:56:40 - [MESSAGE][PASSED] - Object 'Object Repository/Web_Office_Advanced_Company_Search/Page_/td_Returned_Company' is clickable

2020-04-23 13:56:40 - [TEST_STEP][PASSED] - "-------------------------------------------------------------------------------------------------------------------------------------": null

2020-04-23 13:56:40 - [TEST_STEP][PASSED] - click(findTestObject("Web_Office_Advanced_Company_Search/Page_/td_Returned_Company")): Object: 'Object Repository/Web_Office_Advanced_Company_Search/Page_/td_Returned_Company' is clicked on

2020-04-23 13:56:43 - [MESSAGE][PASSED] - Object: 'Object Repository/Web_Office_Advanced_Company_Search/Page_/td_Returned_Company' is clicked on

2020-04-23 13:56:43 - [MESSAGE][PASSED] - Call Test Case 'Test Cases/Reusable_Test_Sequences/Web_Office/Actions/Select_Company' successfully

2020-04-23 13:56:43 - [TEST_STEP][PASSED] - "--------------------------------------": null

2020-04-23 13:56:43 - [TEST_STEP][PASSED] - " Verify Returned Company Record       |": null

2020-04-23 13:56:43 - [TEST_STEP][PASSED] - callTestCase(findTestCase("Reusable_Test_Sequences/Web_Office/Verification/Company_Returned_Advanced_Search_Record"), [:], OPTIONAL): Call Test Case 'Test Cases/Reusable_Test_Sequences/Web_Office/Verification/Company_Returned_Advanced_Search_Record' successfully

2020-04-23 13:56:44 - [TEST_CASE][PASSED] - Test Cases/Reusable_Test_Sequences/Web_Office/Verification/Company_Returned_Advanced_Search_Record: Test Cases/Reusable_Test_Sequences/Web_Office/Verification/Company_Returned_Advanced_Search_Record

2020-04-23 13:56:44 - [TEST_STEP][PASSED] - "--------------------------------": null

2020-04-23 13:56:44 - [TEST_STEP][PASSED] - "Read data from spreadsheet      | r_ = Returned Data": null

2020-04-23 13:56:44 - [TEST_STEP][PASSED] - data = findTestData("Data Files/Advance_Company_Search_Data"): null

2020-04-23 13:56:44 - [TEST_STEP][PASSED] - Trader_ID = data.getValue("Trader_ID", row): null

2020-04-23 13:56:44 - [TEST_STEP][PASSED] - Limited_Company_Number = data.getValue("Limited_Company_Number", row): null

2020-04-23 13:56:44 - [TEST_STEP][PASSED] - Company_Name = data.getValue("Company_Name", row): null

2020-04-23 13:56:44 - [TEST_STEP][PASSED] - Owner_Surname = data.getValue("Owner_Surname", row): null

2020-04-23 13:56:44 - [TEST_STEP][PASSED] - Owner_DOB = data.getValue("Owner_DOB", row): null

2020-04-23 13:56:44 - [TEST_STEP][PASSED] - Name_House = data.getValue("Name_House", row): null

2020-04-23 13:56:44 - [TEST_STEP][PASSED] - Number_Street = data.getValue("Number_Street", row): null

2020-04-23 13:56:44 - [TEST_STEP][PASSED] - Town = data.getValue("Town", row): null

2020-04-23 13:56:44 - [TEST_STEP][PASSED] - City = data.getValue("City", row): null

2020-04-23 13:56:44 - [TEST_STEP][PASSED] - County = data.getValue("County", row): null

2020-04-23 13:56:44 - [TEST_STEP][PASSED] - Postcode = data.getValue("Postcode", row): null

2020-04-23 13:56:44 - [TEST_STEP][PASSED] - Tel = data.getValue("Tel", row): null

2020-04-23 13:56:44 - [TEST_STEP][PASSED] - Email = data.getValue("Email", row): null

2020-04-23 13:56:44 - [TEST_STEP][PASSED] - "--------------------------------": null

2020-04-23 13:56:44 - [TEST_STEP][PASSED] - "Read data from spreadsheet      |": null

2020-04-23 13:56:44 - [TEST_STEP][PASSED] - Actual_Page_Text = "": null

2020-04-23 13:56:44 - [TEST_STEP][PASSED] - Expected_Page_Text = "": null

2020-04-23 13:56:44 - [TEST_STEP][PASSED] - waitForPageLoad(60): Wait for page load successfully

2020-04-23 13:56:44 - [MESSAGE][PASSED] - Wait for page load successfully

2020-04-23 13:56:44 - [TEST_STEP][PASSED] - delay(1): Delayed 1 second(s)

2020-04-23 13:56:45 - [MESSAGE][PASSED] - Delayed 1 second(s)

2020-04-23 13:56:45 - [TEST_STEP][PASSED] - "---------------------------------------------------------------------------------------------------------------------": null

2020-04-23 13:56:45 - [TEST_STEP][PASSED] - "HEADER DETAIL - iFrame": null

2020-04-23 13:56:45 - [TEST_STEP][PASSED] - "-----------------": null

2020-04-23 13:56:45 - [TEST_STEP][PASSED] - "PAGE_HEADER TEXT |": null

2020-04-23 13:56:45 - [TEST_STEP][PASSED] - verifyTextPresent(findTestData("Data Files/Advance_Company_Search_Data").getValue("Page_Header_Text", row), false): Text 'BLOCKED DRAINS' is present on page 

2020-04-23 13:56:46 - [MESSAGE][PASSED] - Text 'BLOCKED DRAINS' is present on page 

2020-04-23 13:56:46 - [TEST_STEP][PASSED] - "----------------": null

2020-04-23 13:56:46 - [TEST_STEP][PASSED] - "Email Address   |": null

2020-04-23 13:56:46 - [TEST_STEP][PASSED] - verifyTextPresent(findTestData("Data Files/Advance_Company_Search_Data").getValue("Email", row), false): Text '' is present on page 

2020-04-23 13:56:46 - [MESSAGE][PASSED] - Text '' is present on page 

2020-04-23 13:56:46 - [TEST_STEP][PASSED] - "----------------": null

2020-04-23 13:56:46 - [TEST_STEP][PASSED] - "Phone Number    |": null

2020-04-23 13:56:46 - [TEST_STEP][PASSED] - verifyTextPresent(findTestData("Data Files/Advance_Company_Search_Data").getValue("Tel", row), false): Text '' is present on page 

2020-04-23 13:56:47 - [MESSAGE][PASSED] - Text '' is present on page 

2020-04-23 13:56:47 - [TEST_STEP][PASSED] - "----------------": null

2020-04-23 13:56:47 - [TEST_STEP][PASSED] - "Trader ID       |": null

2020-04-23 13:56:47 - [TEST_STEP][PASSED] - verifyTextPresent(findTestData("Data Files/Advance_Company_Search_Data").getValue("Trader_ID", row), false): Text '280592' is present on page 

2020-04-23 13:56:48 - [MESSAGE][PASSED] - Text '280592' is present on page 

2020-04-23 13:56:48 - [TEST_STEP][PASSED] - "----------------": null

2020-04-23 13:56:48 - [TEST_STEP][PASSED] - "Postcode        |": null

2020-04-23 13:56:48 - [TEST_STEP][PASSED] - verifyTextPresent(findTestData("Data Files/Advance_Company_Search_Data").getValue("Postcode", row), false): Text '' is present on page 

2020-04-23 13:56:49 - [MESSAGE][PASSED] - Text '' is present on page 

2020-04-23 13:56:49 - [TEST_STEP][PASSED] - "----------------": null

2020-04-23 13:56:49 - [TEST_STEP][PASSED] - "Full Name       |": null

2020-04-23 13:56:49 - [TEST_STEP][PASSED] - verifyTextPresent(findTestData("Data Files/Advance_Company_Search_Data").getValue("Full_Name", row), false): Text '2 Redwood Drive, Haywards Heath, West Sussex, RH16 4ER' is present on page 

2020-04-23 13:56:49 - [MESSAGE][PASSED] - Text '2 Redwood Drive, Haywards Heath, West Sussex, RH16 4ER' is present on page 

2020-04-23 13:56:49 - [TEST_STEP][PASSED] - "----------------": null

2020-04-23 13:56:49 - [TEST_STEP][PASSED] - "Date of Birth   |": null

2020-04-23 13:56:49 - [TEST_STEP][PASSED] - verifyTextPresent(findTestData("Data Files/Advance_Company_Search_Data").getValue("Owner_DOB", row), false): Text '' is present on page 

2020-04-23 13:56:50 - [MESSAGE][PASSED] - Text '' is present on page 

2020-04-23 13:56:50 - [TEST_STEP][PASSED] - "----------------": null

2020-04-23 13:56:50 - [TEST_STEP][PASSED] - "Full Address    |": null

2020-04-23 13:56:50 - [TEST_STEP][PASSED] - verifyTextPresent(findTestData("Data Files/Advance_Company_Search_Data").getValue("Full_Address", row), false): Text '2 Redwood Drive, Haywards Heath, West Sussex, RH16 4ER' is present on page 

2020-04-23 13:56:51 - [MESSAGE][PASSED] - Text '2 Redwood Drive, Haywards Heath, West Sussex, RH16 4ER' is present on page 

2020-04-23 13:56:51 - [MESSAGE][PASSED] - Call Test Case 'Test Cases/Reusable_Test_Sequences/Web_Office/Verification/Company_Returned_Advanced_Search_Record' successfully

2020-04-23 13:56:51 - [TEST_STEP][PASSED] - "--------------------------": null

2020-04-23 13:56:51 - [TEST_STEP][PASSED] - " Teardown - CLose Browser |": null

2020-04-23 13:56:51 - [TEST_STEP][PASSED] - callTestCase(findTestCase("Reusable_Test_Sequences/CAT_Teardown"), [:], OPTIONAL): Call Test Case 'Test Cases/Reusable_Test_Sequences/CAT_Teardown' successfully

2020-04-23 13:56:51 - [TEST_CASE][PASSED] - Test Cases/Reusable_Test_Sequences/CAT_Teardown: Test Cases/Reusable_Test_Sequences/CAT_Teardown

2020-04-23 13:56:51 - [TEST_STEP][PASSED] - closeBrowser(): Browser is closed

2020-04-23 13:56:52 - [MESSAGE][PASSED] - Browser is closed

2020-04-23 13:56:52 - [TEST_STEP][PASSED] - super.finalize(): null

2020-04-23 13:56:52 - [TEST_STEP][PASSED] - System.gc(): null

2020-04-23 13:56:52 - [MESSAGE][PASSED] - Call Test Case 'Test Cases/Reusable_Test_Sequences/CAT_Teardown' successfully

2020-04-23 13:56:52 - [TEST_STEP][PASSED] - "--------------------------------------": null

2020-04-23 13:56:52 - [TEST_STEP][PASSED] - " Web Office StartUp                  |": null

2020-04-23 13:56:52 - [TEST_STEP][PASSED] - callTestCase(findTestCase("Reusable_Test_Sequences/Web_Office/Directives/WebOffice_StartUp"), [:], STOP_ON_FAILURE): Call Test Case 'Test Cases/Reusable_Test_Sequences/Web_Office/Directives/WebOffice_StartUp' successfully

2020-04-23 13:56:53 - [TEST_CASE][PASSED] - Test Cases/Reusable_Test_Sequences/Web_Office/Directives/WebOffice_StartUp: Test Cases/Reusable_Test_Sequences/Web_Office/Directives/WebOffice_StartUp

2020-04-23 13:56:53 - [TEST_STEP][PASSED] - "-----------------------------------------------------------------------------": null

2020-04-23 13:56:53 - [TEST_STEP][PASSED] - if (URL == "https://www.dev.checkatrade.com/"): null

2020-04-23 13:56:53 - [TEST_STEP][PASSED] - "-----------------------------------------------------------------------------": null

2020-04-23 13:56:53 - [TEST_STEP][PASSED] - if (URL == "https://www.checkatrade.com/"): null

2020-04-23 13:56:53 - [TEST_STEP][PASSED] - "-----------------------------------------------------------------------------": null

2020-04-23 13:56:53 - [TEST_STEP][PASSED] - if (URL == "https://www.preview.checkatrade.com/"): null

2020-04-23 13:56:53 - [TEST_STEP][PASSED] - WebOfficeURL = "https://admin.preview.checkatrade.com/": null

2020-04-23 13:56:53 - [TEST_STEP][PASSED] - if (URL == "https://www.dev2.checkatrade.com/"): null

2020-04-23 13:56:53 - [TEST_STEP][PASSED] - "Set Function Area for "URL_Handler", URL Resolution": null

2020-04-23 13:56:53 - [TEST_STEP][PASSED] - "Do Some Magic with URL(s) See the comments within URL Handler ": null

2020-04-23 13:56:53 - [TEST_STEP][PASSED] - "------------------------------------------------": null

2020-04-23 13:56:53 - [TEST_STEP][PASSED] - "Moved Login Credentials to <Default> profile 22/01/2020": null

2020-04-23 13:56:53 - [TEST_STEP][PASSED] - "------------------------------------------------": null

2020-04-23 13:56:53 - [TEST_STEP][PASSED] - "WebOfficeURL - Set from the ENVIRONMENT PROFILE ": null

2020-04-23 13:56:53 - [TEST_STEP][PASSED] - "OPEN BROWSER": null

2020-04-23 13:56:53 - [TEST_STEP][PASSED] - "eg - https://admin.preview.checkatrade.com/  ": null

2020-04-23 13:56:53 - [TEST_STEP][PASSED] - openBrowser(WebOfficeURL): Browser is opened with url: 'https://admin.preview.checkatrade.com/'

2020-04-23 13:56:53 - [MESSAGE][INFO] - Starting 'Chrome' driver

2020-04-23 13:56:53 - [MESSAGE][INFO] - Action delay is set to 0 milliseconds

2020-04-23 13:56:58 - [MESSAGE][PASSED] - Browser is opened with url: 'https://admin.preview.checkatrade.com/'

2020-04-23 13:56:58 - [TEST_STEP][PASSED] - maximizeWindow(): Current window maximized

2020-04-23 13:57:00 - [MESSAGE][PASSED] - Current window maximized

2020-04-23 13:57:00 - [TEST_STEP][PASSED] - waitForElementClickable(findTestObject("Object Repository/WebOffice/Page_Checkatrade - Administration - Login/Login_Button"), 25): Object 'Object Repository/WebOffice/Page_Checkatrade - Administration - Login/Login_Button' is clickable

2020-04-23 13:57:00 - [MESSAGE][PASSED] - Object 'Object Repository/WebOffice/Page_Checkatrade - Administration - Login/Login_Button' is clickable

2020-04-23 13:57:00 - [TEST_STEP][PASSED] - verifyTextPresent("Checkatrade Web Office", false): Text 'Checkatrade Web Office' is present on page 

2020-04-23 13:57:00 - [MESSAGE][PASSED] - Text 'Checkatrade Web Office' is present on page 

2020-04-23 13:57:00 - [TEST_STEP][PASSED] - verifyTextPresent("Access for staff use only", false): Text 'Access for staff use only' is present on page 

2020-04-23 13:57:00 - [MESSAGE][PASSED] - Text 'Access for staff use only' is present on page 

2020-04-23 13:57:00 - [TEST_STEP][PASSED] - verifyTextPresent("Forgotten password?", false): Text 'Forgotten password?' is present on page 

2020-04-23 13:57:00 - [MESSAGE][PASSED] - Text 'Forgotten password?' is present on page 

2020-04-23 13:57:00 - [TEST_STEP][PASSED] - setText(findTestObject("Object Repository/WebOffice/Page_Checkatrade - Administration - Login/input_Username_LoginControlUserName"), wo_Username): Text 'DavidHo' is set on object 'Object Repository/WebOffice/Page_Checkatrade - Administration - Login/input_Username_LoginControlUserName'

2020-04-23 13:57:01 - [MESSAGE][PASSED] - Text 'DavidHo' is set on object 'Object Repository/WebOffice/Page_Checkatrade - Administration - Login/input_Username_LoginControlUserName'

2020-04-23 13:57:01 - [TEST_STEP][PASSED] - setText(findTestObject("Object Repository/WebOffice/Page_Checkatrade - Administration - Login/input_Password_LoginControlPassword"), wo_Password): Text 'Check123' is set on object 'Object Repository/WebOffice/Page_Checkatrade - Administration - Login/input_Password_LoginControlPassword'

2020-04-23 13:57:01 - [MESSAGE][PASSED] - Text 'Check123' is set on object 'Object Repository/WebOffice/Page_Checkatrade - Administration - Login/input_Password_LoginControlPassword'

2020-04-23 13:57:01 - [TEST_STEP][PASSED] - click(findTestObject("Object Repository/WebOffice/Page_Checkatrade - Administration - Login/Login_Button")): Object: 'Object Repository/WebOffice/Page_Checkatrade - Administration - Login/Login_Button' is clicked on

2020-04-23 13:57:02 - [MESSAGE][PASSED] - Object: 'Object Repository/WebOffice/Page_Checkatrade - Administration - Login/Login_Button' is clicked on

2020-04-23 13:57:02 - [TEST_STEP][PASSED] - waitForPageLoad(60): Wait for page load successfully

2020-04-23 13:57:02 - [MESSAGE][PASSED] - Wait for page load successfully

2020-04-23 13:57:02 - [TEST_STEP][PASSED] - verifyTextPresent("Welcome " + wo_Username, false): Text 'Welcome DavidHo' is present on page 

2020-04-23 13:57:02 - [MESSAGE][PASSED] - Text 'Welcome DavidHo' is present on page 

2020-04-23 13:57:02 - [MESSAGE][PASSED] - Call Test Case 'Test Cases/Reusable_Test_Sequences/Web_Office/Directives/WebOffice_StartUp' successfully

2020-04-23 13:57:02 - [TEST_STEP][PASSED] - "--------------------------------------": null

2020-04-23 13:57:02 - [TEST_STEP][PASSED] - " Navigate to <Companies> Menu Item    |": null

2020-04-23 13:57:02 - [TEST_STEP][PASSED] - callTestCase(findTestCase("Reusable_Test_Sequences/Web_Office/navigation/Navigate_Advanced_Company_Search"), [:], STOP_ON_FAILURE): Call Test Case 'Test Cases/Reusable_Test_Sequences/Web_Office/navigation/Navigate_Advanced_Company_Search' successfully

2020-04-23 13:57:02 - [TEST_CASE][PASSED] - Test Cases/Reusable_Test_Sequences/Web_Office/navigation/Navigate_Advanced_Company_Search: Test Cases/Reusable_Test_Sequences/Web_Office/navigation/Navigate_Advanced_Company_Search

2020-04-23 13:57:02 - [TEST_STEP][PASSED] - "--------------------------------------": null

2020-04-23 13:57:02 - [TEST_STEP][PASSED] - " Navigate Top level menu Item         |": null

2020-04-23 13:57:02 - [TEST_STEP][PASSED] - waitForPageLoad(60): Wait for page load successfully

2020-04-23 13:57:02 - [MESSAGE][PASSED] - Wait for page load successfully

2020-04-23 13:57:02 - [TEST_STEP][PASSED] - waitForElementClickable(findTestObject("Object Repository/WebOffice_Home_page/a_Companies"), 60): Object 'Object Repository/WebOffice_Home_page/a_Companies' is clickable

2020-04-23 13:57:02 - [MESSAGE][PASSED] - Object 'Object Repository/WebOffice_Home_page/a_Companies' is clickable

2020-04-23 13:57:02 - [TEST_STEP][PASSED] - mouseOver(findTestObject("Object Repository/WebOffice_Home_page/a_Companies")): Object: 'Object Repository/WebOffice_Home_page/a_Companies' is hovered

2020-04-23 13:57:03 - [MESSAGE][PASSED] - Object: 'Object Repository/WebOffice_Home_page/a_Companies' is hovered

2020-04-23 13:57:03 - [TEST_STEP][PASSED] - waitForElementClickable(findTestObject("Object Repository/WebOffice_Home_page/a_Company_Advanced_Search"), 1): Object 'Object Repository/WebOffice_Home_page/a_Company_Advanced_Search' is clickable

2020-04-23 13:57:03 - [MESSAGE][PASSED] - Object 'Object Repository/WebOffice_Home_page/a_Company_Advanced_Search' is clickable

2020-04-23 13:57:03 - [TEST_STEP][PASSED] - click(findTestObject("Object Repository/WebOffice_Home_page/a_Company_Advanced_Search")): Object: 'Object Repository/WebOffice_Home_page/a_Company_Advanced_Search' is clicked on

2020-04-23 13:57:05 - [MESSAGE][PASSED] - Object: 'Object Repository/WebOffice_Home_page/a_Company_Advanced_Search' is clicked on

2020-04-23 13:57:05 - [MESSAGE][PASSED] - Call Test Case 'Test Cases/Reusable_Test_Sequences/Web_Office/navigation/Navigate_Advanced_Company_Search' successfully

2020-04-23 13:57:05 - [TEST_STEP][PASSED] - "--------------------------------------": null

2020-04-23 13:57:05 - [TEST_STEP][PASSED] - " LH Pane  - Apply Search Criteria     |": null

2020-04-23 13:57:05 - [TEST_STEP][PASSED] - callTestCase(findTestCase("Reusable_Test_Sequences/Web_Office/Actions/Set_Advanced_Company_Data"), [:], STOP_ON_FAILURE): Call Test Case 'Test Cases/Reusable_Test_Sequences/Web_Office/Actions/Set_Advanced_Company_Data' successfully

2020-04-23 13:57:05 - [TEST_CASE][PASSED] - Test Cases/Reusable_Test_Sequences/Web_Office/Actions/Set_Advanced_Company_Data: Test Cases/Reusable_Test_Sequences/Web_Office/Actions/Set_Advanced_Company_Data

2020-04-23 13:57:05 - [TEST_STEP][PASSED] - "--------------------------------": null

2020-04-23 13:57:05 - [TEST_STEP][PASSED] - "Read data from spreadsheet      |": null

2020-04-23 13:57:05 - [TEST_STEP][PASSED] - data = findTestData("Data Files/Advance_Company_Search_Data"): null

2020-04-23 13:57:05 - [TEST_STEP][PASSED] - Trader_ID = data.getValue("Trader_ID", row): null

2020-04-23 13:57:05 - [TEST_STEP][PASSED] - Limited_Company_Number = data.getValue("Limited_Company_Number", row): null

2020-04-23 13:57:05 - [TEST_STEP][PASSED] - Company_Name = data.getValue("Company_Name", row): null

2020-04-23 13:57:05 - [TEST_STEP][PASSED] - Owner_Surname = data.getValue("Owner_Surname", row): null

2020-04-23 13:57:05 - [TEST_STEP][PASSED] - Owner_DOB = data.getValue("Owner_DOB", row): null

2020-04-23 13:57:05 - [TEST_STEP][PASSED] - Name_House = data.getValue("Name_House", row): null

2020-04-23 13:57:05 - [TEST_STEP][PASSED] - Number_Street = data.getValue("Number_Street", row): null

2020-04-23 13:57:05 - [TEST_STEP][PASSED] - Town = data.getValue("Town", row): null

2020-04-23 13:57:05 - [TEST_STEP][PASSED] - City = data.getValue("City", row): null

2020-04-23 13:57:05 - [TEST_STEP][PASSED] - County = data.getValue("County", row): null

2020-04-23 13:57:05 - [TEST_STEP][PASSED] - Postcode = data.getValue("Postcode", row): null

2020-04-23 13:57:05 - [TEST_STEP][PASSED] - Tel = data.getValue("Tel", row): null

2020-04-23 13:57:05 - [TEST_STEP][PASSED] - Email = data.getValue("Email", row): null

2020-04-23 13:57:05 - [TEST_STEP][PASSED] - "slack": null

2020-04-23 13:57:05 - [TEST_STEP][PASSED] - "--------------------------------": null

2020-04-23 13:57:05 - [TEST_STEP][PASSED] - " Synchronisation                |": null

2020-04-23 13:57:05 - [TEST_STEP][PASSED] - waitForPageLoad(60): Wait for page load successfully

2020-04-23 13:57:05 - [MESSAGE][PASSED] - Wait for page load successfully

2020-04-23 13:57:05 - [TEST_STEP][PASSED] - waitForElementVisible(findTestObject("Web_Office_Advanced_Company_Search/Page_/input_Clear_ctl00ctl00CP1ctlSearchbtnSearch"), 60): Object 'Object Repository/Web_Office_Advanced_Company_Search/Page_/input_Clear_ctl00ctl00CP1ctlSearchbtnSearch' is visible

2020-04-23 13:57:05 - [MESSAGE][PASSED] - Object 'Object Repository/Web_Office_Advanced_Company_Search/Page_/input_Clear_ctl00ctl00CP1ctlSearchbtnSearch' is visible

2020-04-23 13:57:05 - [TEST_STEP][PASSED] - "https://admin.preview.checkatrade.com/Companies/Search.aspx": null

2020-04-23 13:57:05 - [TEST_STEP][PASSED] - "-------------------------------------------------------------------------------------------------------------------------------------": null

2020-04-23 13:57:05 - [TEST_STEP][PASSED] - setText(findTestObject("Web_Office_Advanced_Company_Search/Page_/table_Trader ID"), Trader_ID): Text '' is set on object 'Object Repository/Web_Office_Advanced_Company_Search/Page_/table_Trader ID'

2020-04-23 13:57:05 - [MESSAGE][PASSED] - Text '' is set on object 'Object Repository/Web_Office_Advanced_Company_Search/Page_/table_Trader ID'

2020-04-23 13:57:05 - [TEST_STEP][PASSED] - "-------------------------------------------------------------------------------------------------------------------------------------": null

2020-04-23 13:57:05 - [TEST_STEP][PASSED] - setText(findTestObject("Web_Office_Advanced_Company_Search/Page_/input_Limited Company Number"), Limited_Company_Number): Text '4460222' is set on object 'Object Repository/Web_Office_Advanced_Company_Search/Page_/input_Limited Company Number'

2020-04-23 13:57:06 - [MESSAGE][PASSED] - Text '4460222' is set on object 'Object Repository/Web_Office_Advanced_Company_Search/Page_/input_Limited Company Number'

2020-04-23 13:57:06 - [TEST_STEP][PASSED] - "-------------------------------------------------------------------------------------------------------------------------------------": null

2020-04-23 13:57:06 - [TEST_STEP][PASSED] - setText(findTestObject("Web_Office_Advanced_Company_Search/Page_/input_Company Name"), Company_Name): Text '' is set on object 'Object Repository/Web_Office_Advanced_Company_Search/Page_/input_Company Name'

2020-04-23 13:57:06 - [MESSAGE][PASSED] - Text '' is set on object 'Object Repository/Web_Office_Advanced_Company_Search/Page_/input_Company Name'

2020-04-23 13:57:06 - [TEST_STEP][PASSED] - "-------------------------------------------------------------------------------------------------------------------------------------": null

2020-04-23 13:57:06 - [TEST_STEP][PASSED] - "Set Owner_Date of Birth": null

2020-04-23 13:57:06 - [TEST_STEP][PASSED] - "-------------------------------------------------------------------------------------------------------------------------------------": null

2020-04-23 13:57:06 - [TEST_STEP][PASSED] - setText(findTestObject("Web_Office_Advanced_Company_Search/Page_/input_Owner Surname"), Owner_Surname): Text '' is set on object 'Object Repository/Web_Office_Advanced_Company_Search/Page_/input_Owner Surname'

2020-04-23 13:57:07 - [MESSAGE][PASSED] - Text '' is set on object 'Object Repository/Web_Office_Advanced_Company_Search/Page_/input_Owner Surname'

2020-04-23 13:57:07 - [TEST_STEP][PASSED] - "-------------------------------------------------------------------------------------------------------------------------------------": null

2020-04-23 13:57:07 - [TEST_STEP][PASSED] - setText(findTestObject("Web_Office_Advanced_Company_Search/Page_/input_Name Of House"), Name_House): Text '' is set on object 'Object Repository/Web_Office_Advanced_Company_Search/Page_/input_Name Of House'

2020-04-23 13:57:07 - [MESSAGE][PASSED] - Text '' is set on object 'Object Repository/Web_Office_Advanced_Company_Search/Page_/input_Name Of House'

2020-04-23 13:57:07 - [TEST_STEP][PASSED] - "-------------------------------------------------------------------------------------------------------------------------------------": null

2020-04-23 13:57:07 - [TEST_STEP][PASSED] - "Set Street": null

2020-04-23 13:57:07 - [TEST_STEP][PASSED] - "-------------------------------------------------------------------------------------------------------------------------------------": null

2020-04-23 13:57:07 - [TEST_STEP][PASSED] - setText(findTestObject("Web_Office_Advanced_Company_Search/Page_/input_Town"), Town): Text '' is set on object 'Object Repository/Web_Office_Advanced_Company_Search/Page_/input_Town'

2020-04-23 13:57:08 - [MESSAGE][PASSED] - Text '' is set on object 'Object Repository/Web_Office_Advanced_Company_Search/Page_/input_Town'

2020-04-23 13:57:08 - [TEST_STEP][PASSED] - "-------------------------------------------------------------------------------------------------------------------------------------": null

2020-04-23 13:57:08 - [TEST_STEP][PASSED] - setText(findTestObject("Web_Office_Advanced_Company_Search/Page_/input_City"), City): Text '' is set on object 'Object Repository/Web_Office_Advanced_Company_Search/Page_/input_City'

2020-04-23 13:57:08 - [MESSAGE][PASSED] - Text '' is set on object 'Object Repository/Web_Office_Advanced_Company_Search/Page_/input_City'

2020-04-23 13:57:08 - [TEST_STEP][PASSED] - "-------------------------------------------------------------------------------------------------------------------------------------": null

2020-04-23 13:57:08 - [TEST_STEP][PASSED] - setText(findTestObject("Web_Office_Advanced_Company_Search/Page_/input_County"), County): Text '' is set on object 'Object Repository/Web_Office_Advanced_Company_Search/Page_/input_County'

2020-04-23 13:57:09 - [MESSAGE][PASSED] - Text '' is set on object 'Object Repository/Web_Office_Advanced_Company_Search/Page_/input_County'

2020-04-23 13:57:09 - [TEST_STEP][PASSED] - "-------------------------------------------------------------------------------------------------------------------------------------": null

2020-04-23 13:57:09 - [TEST_STEP][PASSED] - setText(findTestObject("Web_Office_Advanced_Company_Search/Page_/input_Postcode"), Postcode): Text '' is set on object 'Object Repository/Web_Office_Advanced_Company_Search/Page_/input_Postcode'

2020-04-23 13:57:09 - [MESSAGE][PASSED] - Text '' is set on object 'Object Repository/Web_Office_Advanced_Company_Search/Page_/input_Postcode'

2020-04-23 13:57:09 - [TEST_STEP][PASSED] - "-------------------------------------------------------------------------------------------------------------------------------------": null

2020-04-23 13:57:09 - [TEST_STEP][PASSED] - setText(findTestObject("Web_Office_Advanced_Company_Search/Page_/input_Telephone"), Tel): Text '01243 868423' is set on object 'Object Repository/Web_Office_Advanced_Company_Search/Page_/input_Telephone'

2020-04-23 13:57:10 - [MESSAGE][PASSED] - Text '01243 868423' is set on object 'Object Repository/Web_Office_Advanced_Company_Search/Page_/input_Telephone'

2020-04-23 13:57:10 - [TEST_STEP][PASSED] - "-------------------------------------------------------------------------------------------------------------------------------------": null

2020-04-23 13:57:10 - [TEST_STEP][PASSED] - setText(findTestObject("Web_Office_Advanced_Company_Search/Page_/input_Email"), Email): Text 'kfrsteve@hotmail.com' is set on object 'Object Repository/Web_Office_Advanced_Company_Search/Page_/input_Email'

2020-04-23 13:57:11 - [MESSAGE][PASSED] - Text 'kfrsteve@hotmail.com' is set on object 'Object Repository/Web_Office_Advanced_Company_Search/Page_/input_Email'

2020-04-23 13:57:11 - [TEST_STEP][PASSED] - "Set Status": null

2020-04-23 13:57:11 - [TEST_STEP][PASSED] - "-------------------------------------------------------------------------------------------------------------------------------------": null

2020-04-23 13:57:11 - [TEST_STEP][PASSED] - "Status 3 Options": null

2020-04-23 13:57:11 - [TEST_STEP][PASSED] - "-------------------------------------------------------------------------------------------------------------------------------------": null

2020-04-23 13:57:11 - [TEST_STEP][PASSED] - "Set Type": null

2020-04-23 13:57:11 - [TEST_STEP][PASSED] - "-------------------------------------------------------------------------------------------------------------------------------------": null

2020-04-23 13:57:11 - [TEST_STEP][PASSED] - "Type 3 Options": null

2020-04-23 13:57:11 - [TEST_STEP][PASSED] - "-------------------------------------------------------------------------------------------------------------------------------------": null

2020-04-23 13:57:11 - [TEST_STEP][PASSED] - scrollToPosition(0, 0): Browser is scrolled to position x = 0, y = 0

2020-04-23 13:57:11 - [MESSAGE][PASSED] - Browser is scrolled to position x = 0, y = 0

2020-04-23 13:57:11 - [TEST_STEP][PASSED] - waitForElementClickable(findTestObject("Web_Office_Advanced_Company_Search/Page_/Top_Search_Button"), 5): Object 'Object Repository/Web_Office_Advanced_Company_Search/Page_/Top_Search_Button' is clickable

2020-04-23 13:57:12 - [MESSAGE][PASSED] - Object 'Object Repository/Web_Office_Advanced_Company_Search/Page_/Top_Search_Button' is clickable

2020-04-23 13:57:12 - [TEST_STEP][PASSED] - click(findTestObject("Web_Office_Advanced_Company_Search/Page_/Top_Search_Button")): Object: 'Object Repository/Web_Office_Advanced_Company_Search/Page_/Top_Search_Button' is clicked on

2020-04-23 13:57:16 - [MESSAGE][PASSED] - Object: 'Object Repository/Web_Office_Advanced_Company_Search/Page_/Top_Search_Button' is clicked on

2020-04-23 13:57:16 - [MESSAGE][PASSED] - Call Test Case 'Test Cases/Reusable_Test_Sequences/Web_Office/Actions/Set_Advanced_Company_Data' successfully

2020-04-23 13:57:16 - [TEST_STEP][PASSED] - "--------------------------------------": null

2020-04-23 13:57:16 - [TEST_STEP][PASSED] - " Select Returned Record to Verify     |": null

2020-04-23 13:57:16 - [TEST_STEP][PASSED] - callTestCase(findTestCase("Reusable_Test_Sequences/Web_Office/Actions/Select_Company"), [:], OPTIONAL): Call Test Case 'Test Cases/Reusable_Test_Sequences/Web_Office/Actions/Select_Company' successfully

2020-04-23 13:57:16 - [TEST_CASE][PASSED] - Test Cases/Reusable_Test_Sequences/Web_Office/Actions/Select_Company: Test Cases/Reusable_Test_Sequences/Web_Office/Actions/Select_Company

2020-04-23 13:57:16 - [TEST_STEP][PASSED] - waitForPageLoad(60): Wait for page load successfully

2020-04-23 13:57:16 - [MESSAGE][PASSED] - Wait for page load successfully

2020-04-23 13:57:16 - [TEST_STEP][PASSED] - waitForElementClickable(findTestObject("Web_Office_Advanced_Company_Search/Page_/td_Returned_Company"), 5): Object 'Object Repository/Web_Office_Advanced_Company_Search/Page_/td_Returned_Company' is clickable

2020-04-23 13:57:16 - [MESSAGE][PASSED] - Object 'Object Repository/Web_Office_Advanced_Company_Search/Page_/td_Returned_Company' is clickable

2020-04-23 13:57:16 - [TEST_STEP][PASSED] - "-------------------------------------------------------------------------------------------------------------------------------------": null

2020-04-23 13:57:16 - [TEST_STEP][PASSED] - click(findTestObject("Web_Office_Advanced_Company_Search/Page_/td_Returned_Company")): Object: 'Object Repository/Web_Office_Advanced_Company_Search/Page_/td_Returned_Company' is clicked on

2020-04-23 13:57:20 - [MESSAGE][PASSED] - Object: 'Object Repository/Web_Office_Advanced_Company_Search/Page_/td_Returned_Company' is clicked on

2020-04-23 13:57:20 - [MESSAGE][PASSED] - Call Test Case 'Test Cases/Reusable_Test_Sequences/Web_Office/Actions/Select_Company' successfully

2020-04-23 13:57:20 - [TEST_STEP][PASSED] - "--------------------------------------": null

2020-04-23 13:57:20 - [TEST_STEP][PASSED] - " Verify Returned Company Record       |": null

2020-04-23 13:57:20 - [TEST_STEP][PASSED] - callTestCase(findTestCase("Reusable_Test_Sequences/Web_Office/Verification/Company_Returned_Advanced_Search_Record"), [:], OPTIONAL): Call Test Case 'Test Cases/Reusable_Test_Sequences/Web_Office/Verification/Company_Returned_Advanced_Search_Record' successfully

2020-04-23 13:57:21 - [TEST_CASE][PASSED] - Test Cases/Reusable_Test_Sequences/Web_Office/Verification/Company_Returned_Advanced_Search_Record: Test Cases/Reusable_Test_Sequences/Web_Office/Verification/Company_Returned_Advanced_Search_Record

2020-04-23 13:57:21 - [TEST_STEP][PASSED] - "--------------------------------": null

2020-04-23 13:57:21 - [TEST_STEP][PASSED] - "Read data from spreadsheet      | r_ = Returned Data": null

2020-04-23 13:57:21 - [TEST_STEP][PASSED] - data = findTestData("Data Files/Advance_Company_Search_Data"): null

2020-04-23 13:57:21 - [TEST_STEP][PASSED] - Trader_ID = data.getValue("Trader_ID", row): null

2020-04-23 13:57:21 - [TEST_STEP][PASSED] - Limited_Company_Number = data.getValue("Limited_Company_Number", row): null

2020-04-23 13:57:21 - [TEST_STEP][PASSED] - Company_Name = data.getValue("Company_Name", row): null

2020-04-23 13:57:21 - [TEST_STEP][PASSED] - Owner_Surname = data.getValue("Owner_Surname", row): null

2020-04-23 13:57:21 - [TEST_STEP][PASSED] - Owner_DOB = data.getValue("Owner_DOB", row): null

2020-04-23 13:57:21 - [TEST_STEP][PASSED] - Name_House = data.getValue("Name_House", row): null

2020-04-23 13:57:21 - [TEST_STEP][PASSED] - Number_Street = data.getValue("Number_Street", row): null

2020-04-23 13:57:21 - [TEST_STEP][PASSED] - Town = data.getValue("Town", row): null

2020-04-23 13:57:21 - [TEST_STEP][PASSED] - City = data.getValue("City", row): null

2020-04-23 13:57:21 - [TEST_STEP][PASSED] - County = data.getValue("County", row): null

2020-04-23 13:57:21 - [TEST_STEP][PASSED] - Postcode = data.getValue("Postcode", row): null

2020-04-23 13:57:21 - [TEST_STEP][PASSED] - Tel = data.getValue("Tel", row): null

2020-04-23 13:57:21 - [TEST_STEP][PASSED] - Email = data.getValue("Email", row): null

2020-04-23 13:57:21 - [TEST_STEP][PASSED] - "--------------------------------": null

2020-04-23 13:57:21 - [TEST_STEP][PASSED] - "Read data from spreadsheet      |": null

2020-04-23 13:57:21 - [TEST_STEP][PASSED] - Actual_Page_Text = "": null

2020-04-23 13:57:21 - [TEST_STEP][PASSED] - Expected_Page_Text = "": null

2020-04-23 13:57:21 - [TEST_STEP][PASSED] - waitForPageLoad(60): Wait for page load successfully

2020-04-23 13:57:21 - [MESSAGE][PASSED] - Wait for page load successfully

2020-04-23 13:57:21 - [TEST_STEP][PASSED] - delay(1): Delayed 1 second(s)

2020-04-23 13:57:22 - [MESSAGE][PASSED] - Delayed 1 second(s)

2020-04-23 13:57:22 - [TEST_STEP][PASSED] - "---------------------------------------------------------------------------------------------------------------------": null

2020-04-23 13:57:22 - [TEST_STEP][PASSED] - "HEADER DETAIL - iFrame": null

2020-04-23 13:57:22 - [TEST_STEP][PASSED] - "-----------------": null

2020-04-23 13:57:22 - [TEST_STEP][PASSED] - "PAGE_HEADER TEXT |": null

2020-04-23 13:57:22 - [TEST_STEP][PASSED] - verifyTextPresent(findTestData("Data Files/Advance_Company_Search_Data").getValue("Page_Header_Text", row), false): Text 'Kitchen Facelift & Renewal Limited' is present on page 

2020-04-23 13:57:23 - [MESSAGE][PASSED] - Text 'Kitchen Facelift & Renewal Limited' is present on page 

2020-04-23 13:57:23 - [TEST_STEP][PASSED] - "----------------": null

2020-04-23 13:57:23 - [TEST_STEP][PASSED] - "Email Address   |": null

2020-04-23 13:57:23 - [TEST_STEP][PASSED] - verifyTextPresent(findTestData("Data Files/Advance_Company_Search_Data").getValue("Email", row), false): Text 'kfrsteve@hotmail.com' is present on page 

2020-04-23 13:57:23 - [MESSAGE][PASSED] - Text 'kfrsteve@hotmail.com' is present on page 

2020-04-23 13:57:23 - [TEST_STEP][PASSED] - "----------------": null

2020-04-23 13:57:23 - [TEST_STEP][PASSED] - "Phone Number    |": null

2020-04-23 13:57:23 - [TEST_STEP][PASSED] - verifyTextPresent(findTestData("Data Files/Advance_Company_Search_Data").getValue("Tel", row), false): Text '01243 868423' is present on page 

2020-04-23 13:57:24 - [MESSAGE][PASSED] - Text '01243 868423' is present on page 

2020-04-23 13:57:24 - [TEST_STEP][PASSED] - "----------------": null

2020-04-23 13:57:24 - [TEST_STEP][PASSED] - "Trader ID       |": null

2020-04-23 13:57:24 - [TEST_STEP][PASSED] - verifyTextPresent(findTestData("Data Files/Advance_Company_Search_Data").getValue("Trader_ID", row), false): Text '' is present on page 

2020-04-23 13:57:25 - [MESSAGE][PASSED] - Text '' is present on page 

2020-04-23 13:57:25 - [TEST_STEP][PASSED] - "----------------": null

2020-04-23 13:57:25 - [TEST_STEP][PASSED] - "Postcode        |": null

2020-04-23 13:57:25 - [TEST_STEP][PASSED] - verifyTextPresent(findTestData("Data Files/Advance_Company_Search_Data").getValue("Postcode", row), false): Text '' is present on page 

2020-04-23 13:57:25 - [MESSAGE][PASSED] - Text '' is present on page 

2020-04-23 13:57:25 - [TEST_STEP][PASSED] - "----------------": null

2020-04-23 13:57:25 - [TEST_STEP][PASSED] - "Full Name       |": null

2020-04-23 13:57:25 - [TEST_STEP][PASSED] - verifyTextPresent(findTestData("Data Files/Advance_Company_Search_Data").getValue("Full_Name", row), false): Text 'Mr Steve Mercer' is present on page 

2020-04-23 13:57:26 - [MESSAGE][PASSED] - Text 'Mr Steve Mercer' is present on page 

2020-04-23 13:57:26 - [TEST_STEP][PASSED] - "----------------": null

2020-04-23 13:57:26 - [TEST_STEP][PASSED] - "Date of Birth   |": null

2020-04-23 13:57:26 - [TEST_STEP][PASSED] - verifyTextPresent(findTestData("Data Files/Advance_Company_Search_Data").getValue("Owner_DOB", row), false): Text 'DoB: 18/09/1959' is present on page 

2020-04-23 13:57:27 - [MESSAGE][PASSED] - Text 'DoB: 18/09/1959' is present on page 

2020-04-23 13:57:27 - [TEST_STEP][PASSED] - "----------------": null

2020-04-23 13:57:27 - [TEST_STEP][PASSED] - "Full Address    |": null

2020-04-23 13:57:27 - [TEST_STEP][PASSED] - verifyTextPresent(findTestData("Data Files/Advance_Company_Search_Data").getValue("Full_Address", row), false): Text 'Lyndale, Town Cross Avenue, Bognor Regis, West Sussex, PO21 2DN' is present on page 

2020-04-23 13:57:28 - [MESSAGE][PASSED] - Text 'Lyndale, Town Cross Avenue, Bognor Regis, West Sussex, PO21 2DN' is present on page 

2020-04-23 13:57:28 - [MESSAGE][PASSED] - Call Test Case 'Test Cases/Reusable_Test_Sequences/Web_Office/Verification/Company_Returned_Advanced_Search_Record' successfully

2020-04-23 13:57:28 - [TEST_STEP][PASSED] - "--------------------------": null

2020-04-23 13:57:28 - [TEST_STEP][PASSED] - " Teardown - CLose Browser |": null

2020-04-23 13:57:28 - [TEST_STEP][PASSED] - callTestCase(findTestCase("Reusable_Test_Sequences/CAT_Teardown"), [:], OPTIONAL): Call Test Case 'Test Cases/Reusable_Test_Sequences/CAT_Teardown' successfully

2020-04-23 13:57:28 - [TEST_CASE][PASSED] - Test Cases/Reusable_Test_Sequences/CAT_Teardown: Test Cases/Reusable_Test_Sequences/CAT_Teardown

2020-04-23 13:57:28 - [TEST_STEP][PASSED] - closeBrowser(): Browser is closed

2020-04-23 13:57:29 - [MESSAGE][PASSED] - Browser is closed

2020-04-23 13:57:29 - [TEST_STEP][PASSED] - super.finalize(): null

2020-04-23 13:57:29 - [TEST_STEP][PASSED] - System.gc(): null

2020-04-23 13:57:29 - [MESSAGE][PASSED] - Call Test Case 'Test Cases/Reusable_Test_Sequences/CAT_Teardown' successfully

2020-04-23 13:57:29 - [TEST_STEP][PASSED] - "--------------------------------------": null

2020-04-23 13:57:29 - [TEST_STEP][PASSED] - " Web Office StartUp                  |": null

2020-04-23 13:57:29 - [TEST_STEP][PASSED] - callTestCase(findTestCase("Reusable_Test_Sequences/Web_Office/Directives/WebOffice_StartUp"), [:], STOP_ON_FAILURE): Call Test Case 'Test Cases/Reusable_Test_Sequences/Web_Office/Directives/WebOffice_StartUp' successfully

2020-04-23 13:57:30 - [TEST_CASE][PASSED] - Test Cases/Reusable_Test_Sequences/Web_Office/Directives/WebOffice_StartUp: Test Cases/Reusable_Test_Sequences/Web_Office/Directives/WebOffice_StartUp

2020-04-23 13:57:30 - [TEST_STEP][PASSED] - "-----------------------------------------------------------------------------": null

2020-04-23 13:57:30 - [TEST_STEP][PASSED] - if (URL == "https://www.dev.checkatrade.com/"): null

2020-04-23 13:57:30 - [TEST_STEP][PASSED] - "-----------------------------------------------------------------------------": null

2020-04-23 13:57:30 - [TEST_STEP][PASSED] - if (URL == "https://www.checkatrade.com/"): null

2020-04-23 13:57:30 - [TEST_STEP][PASSED] - "-----------------------------------------------------------------------------": null

2020-04-23 13:57:30 - [TEST_STEP][PASSED] - if (URL == "https://www.preview.checkatrade.com/"): null

2020-04-23 13:57:30 - [TEST_STEP][PASSED] - WebOfficeURL = "https://admin.preview.checkatrade.com/": null

2020-04-23 13:57:30 - [TEST_STEP][PASSED] - if (URL == "https://www.dev2.checkatrade.com/"): null

2020-04-23 13:57:30 - [TEST_STEP][PASSED] - "Set Function Area for "URL_Handler", URL Resolution": null

2020-04-23 13:57:30 - [TEST_STEP][PASSED] - "Do Some Magic with URL(s) See the comments within URL Handler ": null

2020-04-23 13:57:30 - [TEST_STEP][PASSED] - "------------------------------------------------": null

2020-04-23 13:57:30 - [TEST_STEP][PASSED] - "Moved Login Credentials to <Default> profile 22/01/2020": null

2020-04-23 13:57:30 - [TEST_STEP][PASSED] - "------------------------------------------------": null

2020-04-23 13:57:30 - [TEST_STEP][PASSED] - "WebOfficeURL - Set from the ENVIRONMENT PROFILE ": null

2020-04-23 13:57:30 - [TEST_STEP][PASSED] - "OPEN BROWSER": null

2020-04-23 13:57:30 - [TEST_STEP][PASSED] - "eg - https://admin.preview.checkatrade.com/  ": null

2020-04-23 13:57:30 - [TEST_STEP][PASSED] - openBrowser(WebOfficeURL): Browser is opened with url: 'https://admin.preview.checkatrade.com/'

2020-04-23 13:57:30 - [MESSAGE][INFO] - Starting 'Chrome' driver

2020-04-23 13:57:30 - [MESSAGE][INFO] - Action delay is set to 0 milliseconds

2020-04-23 13:57:35 - [MESSAGE][PASSED] - Browser is opened with url: 'https://admin.preview.checkatrade.com/'

2020-04-23 13:57:35 - [TEST_STEP][PASSED] - maximizeWindow(): Current window maximized

2020-04-23 13:57:38 - [MESSAGE][PASSED] - Current window maximized

2020-04-23 13:57:38 - [TEST_STEP][PASSED] - waitForElementClickable(findTestObject("Object Repository/WebOffice/Page_Checkatrade - Administration - Login/Login_Button"), 25): Object 'Object Repository/WebOffice/Page_Checkatrade - Administration - Login/Login_Button' is clickable

2020-04-23 13:57:38 - [MESSAGE][PASSED] - Object 'Object Repository/WebOffice/Page_Checkatrade - Administration - Login/Login_Button' is clickable

2020-04-23 13:57:38 - [TEST_STEP][PASSED] - verifyTextPresent("Checkatrade Web Office", false): Text 'Checkatrade Web Office' is present on page 

2020-04-23 13:57:38 - [MESSAGE][PASSED] - Text 'Checkatrade Web Office' is present on page 

2020-04-23 13:57:38 - [TEST_STEP][PASSED] - verifyTextPresent("Access for staff use only", false): Text 'Access for staff use only' is present on page 

2020-04-23 13:57:38 - [MESSAGE][PASSED] - Text 'Access for staff use only' is present on page 

2020-04-23 13:57:38 - [TEST_STEP][PASSED] - verifyTextPresent("Forgotten password?", false): Text 'Forgotten password?' is present on page 

2020-04-23 13:57:38 - [MESSAGE][PASSED] - Text 'Forgotten password?' is present on page 

2020-04-23 13:57:38 - [TEST_STEP][PASSED] - setText(findTestObject("Object Repository/WebOffice/Page_Checkatrade - Administration - Login/input_Username_LoginControlUserName"), wo_Username): Text 'DavidHo' is set on object 'Object Repository/WebOffice/Page_Checkatrade - Administration - Login/input_Username_LoginControlUserName'

2020-04-23 13:57:38 - [MESSAGE][PASSED] - Text 'DavidHo' is set on object 'Object Repository/WebOffice/Page_Checkatrade - Administration - Login/input_Username_LoginControlUserName'

2020-04-23 13:57:38 - [TEST_STEP][PASSED] - setText(findTestObject("Object Repository/WebOffice/Page_Checkatrade - Administration - Login/input_Password_LoginControlPassword"), wo_Password): Text 'Check123' is set on object 'Object Repository/WebOffice/Page_Checkatrade - Administration - Login/input_Password_LoginControlPassword'

2020-04-23 13:57:39 - [MESSAGE][PASSED] - Text 'Check123' is set on object 'Object Repository/WebOffice/Page_Checkatrade - Administration - Login/input_Password_LoginControlPassword'

2020-04-23 13:57:39 - [TEST_STEP][PASSED] - click(findTestObject("Object Repository/WebOffice/Page_Checkatrade - Administration - Login/Login_Button")): Object: 'Object Repository/WebOffice/Page_Checkatrade - Administration - Login/Login_Button' is clicked on

2020-04-23 13:57:40 - [MESSAGE][PASSED] - Object: 'Object Repository/WebOffice/Page_Checkatrade - Administration - Login/Login_Button' is clicked on

2020-04-23 13:57:40 - [TEST_STEP][PASSED] - waitForPageLoad(60): Wait for page load successfully

2020-04-23 13:57:40 - [MESSAGE][PASSED] - Wait for page load successfully

2020-04-23 13:57:40 - [TEST_STEP][PASSED] - verifyTextPresent("Welcome " + wo_Username, false): Text 'Welcome DavidHo' is present on page 

2020-04-23 13:57:40 - [MESSAGE][PASSED] - Text 'Welcome DavidHo' is present on page 

2020-04-23 13:57:40 - [MESSAGE][PASSED] - Call Test Case 'Test Cases/Reusable_Test_Sequences/Web_Office/Directives/WebOffice_StartUp' successfully

2020-04-23 13:57:40 - [TEST_STEP][PASSED] - "--------------------------------------": null

2020-04-23 13:57:40 - [TEST_STEP][PASSED] - " Navigate to <Companies> Menu Item    |": null

2020-04-23 13:57:40 - [TEST_STEP][PASSED] - callTestCase(findTestCase("Reusable_Test_Sequences/Web_Office/navigation/Navigate_Advanced_Company_Search"), [:], STOP_ON_FAILURE): Call Test Case 'Test Cases/Reusable_Test_Sequences/Web_Office/navigation/Navigate_Advanced_Company_Search' successfully

2020-04-23 13:57:40 - [TEST_CASE][PASSED] - Test Cases/Reusable_Test_Sequences/Web_Office/navigation/Navigate_Advanced_Company_Search: Test Cases/Reusable_Test_Sequences/Web_Office/navigation/Navigate_Advanced_Company_Search

2020-04-23 13:57:40 - [TEST_STEP][PASSED] - "--------------------------------------": null

2020-04-23 13:57:40 - [TEST_STEP][PASSED] - " Navigate Top level menu Item         |": null

2020-04-23 13:57:40 - [TEST_STEP][PASSED] - waitForPageLoad(60): Wait for page load successfully

2020-04-23 13:57:40 - [MESSAGE][PASSED] - Wait for page load successfully

2020-04-23 13:57:40 - [TEST_STEP][PASSED] - waitForElementClickable(findTestObject("Object Repository/WebOffice_Home_page/a_Companies"), 60): Object 'Object Repository/WebOffice_Home_page/a_Companies' is clickable

2020-04-23 13:57:40 - [MESSAGE][PASSED] - Object 'Object Repository/WebOffice_Home_page/a_Companies' is clickable

2020-04-23 13:57:40 - [TEST_STEP][PASSED] - mouseOver(findTestObject("Object Repository/WebOffice_Home_page/a_Companies")): Object: 'Object Repository/WebOffice_Home_page/a_Companies' is hovered

2020-04-23 13:57:41 - [MESSAGE][PASSED] - Object: 'Object Repository/WebOffice_Home_page/a_Companies' is hovered

2020-04-23 13:57:41 - [TEST_STEP][PASSED] - waitForElementClickable(findTestObject("Object Repository/WebOffice_Home_page/a_Company_Advanced_Search"), 1): Object 'Object Repository/WebOffice_Home_page/a_Company_Advanced_Search' is clickable

2020-04-23 13:57:41 - [MESSAGE][PASSED] - Object 'Object Repository/WebOffice_Home_page/a_Company_Advanced_Search' is clickable

2020-04-23 13:57:41 - [TEST_STEP][PASSED] - click(findTestObject("Object Repository/WebOffice_Home_page/a_Company_Advanced_Search")): Object: 'Object Repository/WebOffice_Home_page/a_Company_Advanced_Search' is clicked on

2020-04-23 13:57:43 - [MESSAGE][PASSED] - Object: 'Object Repository/WebOffice_Home_page/a_Company_Advanced_Search' is clicked on

2020-04-23 13:57:43 - [MESSAGE][PASSED] - Call Test Case 'Test Cases/Reusable_Test_Sequences/Web_Office/navigation/Navigate_Advanced_Company_Search' successfully

2020-04-23 13:57:43 - [TEST_STEP][PASSED] - "--------------------------------------": null

2020-04-23 13:57:43 - [TEST_STEP][PASSED] - " LH Pane  - Apply Search Criteria     |": null

2020-04-23 13:57:43 - [TEST_STEP][PASSED] - callTestCase(findTestCase("Reusable_Test_Sequences/Web_Office/Actions/Set_Advanced_Company_Data"), [:], STOP_ON_FAILURE): Call Test Case 'Test Cases/Reusable_Test_Sequences/Web_Office/Actions/Set_Advanced_Company_Data' successfully

2020-04-23 13:57:43 - [TEST_CASE][PASSED] - Test Cases/Reusable_Test_Sequences/Web_Office/Actions/Set_Advanced_Company_Data: Test Cases/Reusable_Test_Sequences/Web_Office/Actions/Set_Advanced_Company_Data

2020-04-23 13:57:43 - [TEST_STEP][PASSED] - "--------------------------------": null

2020-04-23 13:57:43 - [TEST_STEP][PASSED] - "Read data from spreadsheet      |": null

2020-04-23 13:57:43 - [TEST_STEP][PASSED] - data = findTestData("Data Files/Advance_Company_Search_Data"): null

2020-04-23 13:57:43 - [TEST_STEP][PASSED] - Trader_ID = data.getValue("Trader_ID", row): null

2020-04-23 13:57:43 - [TEST_STEP][PASSED] - Limited_Company_Number = data.getValue("Limited_Company_Number", row): null

2020-04-23 13:57:43 - [TEST_STEP][PASSED] - Company_Name = data.getValue("Company_Name", row): null

2020-04-23 13:57:43 - [TEST_STEP][PASSED] - Owner_Surname = data.getValue("Owner_Surname", row): null

2020-04-23 13:57:43 - [TEST_STEP][PASSED] - Owner_DOB = data.getValue("Owner_DOB", row): null

2020-04-23 13:57:43 - [TEST_STEP][PASSED] - Name_House = data.getValue("Name_House", row): null

2020-04-23 13:57:43 - [TEST_STEP][PASSED] - Number_Street = data.getValue("Number_Street", row): null

2020-04-23 13:57:43 - [TEST_STEP][PASSED] - Town = data.getValue("Town", row): null

2020-04-23 13:57:43 - [TEST_STEP][PASSED] - City = data.getValue("City", row): null

2020-04-23 13:57:43 - [TEST_STEP][PASSED] - County = data.getValue("County", row): null

2020-04-23 13:57:43 - [TEST_STEP][PASSED] - Postcode = data.getValue("Postcode", row): null

2020-04-23 13:57:43 - [TEST_STEP][PASSED] - Tel = data.getValue("Tel", row): null

2020-04-23 13:57:43 - [TEST_STEP][PASSED] - Email = data.getValue("Email", row): null

2020-04-23 13:57:43 - [TEST_STEP][PASSED] - "slack": null

2020-04-23 13:57:43 - [TEST_STEP][PASSED] - "--------------------------------": null

2020-04-23 13:57:43 - [TEST_STEP][PASSED] - " Synchronisation                |": null

2020-04-23 13:57:43 - [TEST_STEP][PASSED] - waitForPageLoad(60): Wait for page load successfully

2020-04-23 13:57:43 - [MESSAGE][PASSED] - Wait for page load successfully

2020-04-23 13:57:43 - [TEST_STEP][PASSED] - waitForElementVisible(findTestObject("Web_Office_Advanced_Company_Search/Page_/input_Clear_ctl00ctl00CP1ctlSearchbtnSearch"), 60): Object 'Object Repository/Web_Office_Advanced_Company_Search/Page_/input_Clear_ctl00ctl00CP1ctlSearchbtnSearch' is visible

2020-04-23 13:57:44 - [MESSAGE][PASSED] - Object 'Object Repository/Web_Office_Advanced_Company_Search/Page_/input_Clear_ctl00ctl00CP1ctlSearchbtnSearch' is visible

2020-04-23 13:57:44 - [TEST_STEP][PASSED] - "https://admin.preview.checkatrade.com/Companies/Search.aspx": null

2020-04-23 13:57:44 - [TEST_STEP][PASSED] - "-------------------------------------------------------------------------------------------------------------------------------------": null

2020-04-23 13:57:44 - [TEST_STEP][PASSED] - setText(findTestObject("Web_Office_Advanced_Company_Search/Page_/table_Trader ID"), Trader_ID): Text '' is set on object 'Object Repository/Web_Office_Advanced_Company_Search/Page_/table_Trader ID'

2020-04-23 13:57:44 - [MESSAGE][PASSED] - Text '' is set on object 'Object Repository/Web_Office_Advanced_Company_Search/Page_/table_Trader ID'

2020-04-23 13:57:44 - [TEST_STEP][PASSED] - "-------------------------------------------------------------------------------------------------------------------------------------": null

2020-04-23 13:57:44 - [TEST_STEP][PASSED] - setText(findTestObject("Web_Office_Advanced_Company_Search/Page_/input_Limited Company Number"), Limited_Company_Number): Text '4460222' is set on object 'Object Repository/Web_Office_Advanced_Company_Search/Page_/input_Limited Company Number'

2020-04-23 13:57:44 - [MESSAGE][PASSED] - Text '4460222' is set on object 'Object Repository/Web_Office_Advanced_Company_Search/Page_/input_Limited Company Number'

2020-04-23 13:57:44 - [TEST_STEP][PASSED] - "-------------------------------------------------------------------------------------------------------------------------------------": null

2020-04-23 13:57:44 - [TEST_STEP][PASSED] - setText(findTestObject("Web_Office_Advanced_Company_Search/Page_/input_Company Name"), Company_Name): Text '' is set on object 'Object Repository/Web_Office_Advanced_Company_Search/Page_/input_Company Name'

2020-04-23 13:57:45 - [MESSAGE][PASSED] - Text '' is set on object 'Object Repository/Web_Office_Advanced_Company_Search/Page_/input_Company Name'

2020-04-23 13:57:45 - [TEST_STEP][PASSED] - "-------------------------------------------------------------------------------------------------------------------------------------": null

2020-04-23 13:57:45 - [TEST_STEP][PASSED] - "Set Owner_Date of Birth": null

2020-04-23 13:57:45 - [TEST_STEP][PASSED] - "-------------------------------------------------------------------------------------------------------------------------------------": null

2020-04-23 13:57:45 - [TEST_STEP][PASSED] - setText(findTestObject("Web_Office_Advanced_Company_Search/Page_/input_Owner Surname"), Owner_Surname): Text '' is set on object 'Object Repository/Web_Office_Advanced_Company_Search/Page_/input_Owner Surname'

2020-04-23 13:57:45 - [MESSAGE][PASSED] - Text '' is set on object 'Object Repository/Web_Office_Advanced_Company_Search/Page_/input_Owner Surname'

2020-04-23 13:57:45 - [TEST_STEP][PASSED] - "-------------------------------------------------------------------------------------------------------------------------------------": null

2020-04-23 13:57:45 - [TEST_STEP][PASSED] - setText(findTestObject("Web_Office_Advanced_Company_Search/Page_/input_Name Of House"), Name_House): Text '' is set on object 'Object Repository/Web_Office_Advanced_Company_Search/Page_/input_Name Of House'

2020-04-23 13:57:45 - [MESSAGE][PASSED] - Text '' is set on object 'Object Repository/Web_Office_Advanced_Company_Search/Page_/input_Name Of House'

2020-04-23 13:57:45 - [TEST_STEP][PASSED] - "-------------------------------------------------------------------------------------------------------------------------------------": null

2020-04-23 13:57:45 - [TEST_STEP][PASSED] - "Set Street": null

2020-04-23 13:57:45 - [TEST_STEP][PASSED] - "-------------------------------------------------------------------------------------------------------------------------------------": null

2020-04-23 13:57:45 - [TEST_STEP][PASSED] - setText(findTestObject("Web_Office_Advanced_Company_Search/Page_/input_Town"), Town): Text '' is set on object 'Object Repository/Web_Office_Advanced_Company_Search/Page_/input_Town'

2020-04-23 13:57:45 - [MESSAGE][PASSED] - Text '' is set on object 'Object Repository/Web_Office_Advanced_Company_Search/Page_/input_Town'

2020-04-23 13:57:45 - [TEST_STEP][PASSED] - "-------------------------------------------------------------------------------------------------------------------------------------": null

2020-04-23 13:57:45 - [TEST_STEP][PASSED] - setText(findTestObject("Web_Office_Advanced_Company_Search/Page_/input_City"), City): Text '' is set on object 'Object Repository/Web_Office_Advanced_Company_Search/Page_/input_City'

2020-04-23 13:57:45 - [MESSAGE][PASSED] - Text '' is set on object 'Object Repository/Web_Office_Advanced_Company_Search/Page_/input_City'

2020-04-23 13:57:45 - [TEST_STEP][PASSED] - "-------------------------------------------------------------------------------------------------------------------------------------": null

2020-04-23 13:57:45 - [TEST_STEP][PASSED] - setText(findTestObject("Web_Office_Advanced_Company_Search/Page_/input_County"), County): Text '' is set on object 'Object Repository/Web_Office_Advanced_Company_Search/Page_/input_County'

2020-04-23 13:57:46 - [MESSAGE][PASSED] - Text '' is set on object 'Object Repository/Web_Office_Advanced_Company_Search/Page_/input_County'

2020-04-23 13:57:46 - [TEST_STEP][PASSED] - "-------------------------------------------------------------------------------------------------------------------------------------": null

2020-04-23 13:57:46 - [TEST_STEP][PASSED] - setText(findTestObject("Web_Office_Advanced_Company_Search/Page_/input_Postcode"), Postcode): Text '' is set on object 'Object Repository/Web_Office_Advanced_Company_Search/Page_/input_Postcode'

2020-04-23 13:57:46 - [MESSAGE][PASSED] - Text '' is set on object 'Object Repository/Web_Office_Advanced_Company_Search/Page_/input_Postcode'

2020-04-23 13:57:46 - [TEST_STEP][PASSED] - "-------------------------------------------------------------------------------------------------------------------------------------": null

2020-04-23 13:57:46 - [TEST_STEP][PASSED] - setText(findTestObject("Web_Office_Advanced_Company_Search/Page_/input_Telephone"), Tel): Text '' is set on object 'Object Repository/Web_Office_Advanced_Company_Search/Page_/input_Telephone'

2020-04-23 13:57:46 - [MESSAGE][PASSED] - Text '' is set on object 'Object Repository/Web_Office_Advanced_Company_Search/Page_/input_Telephone'

2020-04-23 13:57:46 - [TEST_STEP][PASSED] - "-------------------------------------------------------------------------------------------------------------------------------------": null

2020-04-23 13:57:46 - [TEST_STEP][PASSED] - setText(findTestObject("Web_Office_Advanced_Company_Search/Page_/input_Email"), Email): Text '' is set on object 'Object Repository/Web_Office_Advanced_Company_Search/Page_/input_Email'

2020-04-23 13:57:46 - [MESSAGE][PASSED] - Text '' is set on object 'Object Repository/Web_Office_Advanced_Company_Search/Page_/input_Email'

2020-04-23 13:57:46 - [TEST_STEP][PASSED] - "Set Status": null

2020-04-23 13:57:46 - [TEST_STEP][PASSED] - "-------------------------------------------------------------------------------------------------------------------------------------": null

2020-04-23 13:57:46 - [TEST_STEP][PASSED] - "Status 3 Options": null

2020-04-23 13:57:46 - [TEST_STEP][PASSED] - "-------------------------------------------------------------------------------------------------------------------------------------": null

2020-04-23 13:57:46 - [TEST_STEP][PASSED] - "Set Type": null

2020-04-23 13:57:46 - [TEST_STEP][PASSED] - "-------------------------------------------------------------------------------------------------------------------------------------": null

2020-04-23 13:57:46 - [TEST_STEP][PASSED] - "Type 3 Options": null

2020-04-23 13:57:46 - [TEST_STEP][PASSED] - "-------------------------------------------------------------------------------------------------------------------------------------": null

2020-04-23 13:57:46 - [TEST_STEP][PASSED] - scrollToPosition(0, 0): Browser is scrolled to position x = 0, y = 0

2020-04-23 13:57:46 - [MESSAGE][PASSED] - Browser is scrolled to position x = 0, y = 0

2020-04-23 13:57:46 - [TEST_STEP][PASSED] - waitForElementClickable(findTestObject("Web_Office_Advanced_Company_Search/Page_/Top_Search_Button"), 5): Object 'Object Repository/Web_Office_Advanced_Company_Search/Page_/Top_Search_Button' is clickable

2020-04-23 13:57:47 - [MESSAGE][PASSED] - Object 'Object Repository/Web_Office_Advanced_Company_Search/Page_/Top_Search_Button' is clickable

2020-04-23 13:57:47 - [TEST_STEP][PASSED] - click(findTestObject("Web_Office_Advanced_Company_Search/Page_/Top_Search_Button")): Object: 'Object Repository/Web_Office_Advanced_Company_Search/Page_/Top_Search_Button' is clicked on

2020-04-23 13:57:51 - [MESSAGE][PASSED] - Object: 'Object Repository/Web_Office_Advanced_Company_Search/Page_/Top_Search_Button' is clicked on

2020-04-23 13:57:51 - [MESSAGE][PASSED] - Call Test Case 'Test Cases/Reusable_Test_Sequences/Web_Office/Actions/Set_Advanced_Company_Data' successfully

2020-04-23 13:57:51 - [TEST_STEP][PASSED] - "--------------------------------------": null

2020-04-23 13:57:51 - [TEST_STEP][PASSED] - " Select Returned Record to Verify     |": null

2020-04-23 13:57:51 - [TEST_STEP][PASSED] - callTestCase(findTestCase("Reusable_Test_Sequences/Web_Office/Actions/Select_Company"), [:], OPTIONAL): Call Test Case 'Test Cases/Reusable_Test_Sequences/Web_Office/Actions/Select_Company' successfully

2020-04-23 13:57:51 - [TEST_CASE][PASSED] - Test Cases/Reusable_Test_Sequences/Web_Office/Actions/Select_Company: Test Cases/Reusable_Test_Sequences/Web_Office/Actions/Select_Company

2020-04-23 13:57:51 - [TEST_STEP][PASSED] - waitForPageLoad(60): Wait for page load successfully

2020-04-23 13:57:51 - [MESSAGE][PASSED] - Wait for page load successfully

2020-04-23 13:57:51 - [TEST_STEP][PASSED] - waitForElementClickable(findTestObject("Web_Office_Advanced_Company_Search/Page_/td_Returned_Company"), 5): Object 'Object Repository/Web_Office_Advanced_Company_Search/Page_/td_Returned_Company' is clickable

2020-04-23 13:57:51 - [MESSAGE][PASSED] - Object 'Object Repository/Web_Office_Advanced_Company_Search/Page_/td_Returned_Company' is clickable

2020-04-23 13:57:51 - [TEST_STEP][PASSED] - "-------------------------------------------------------------------------------------------------------------------------------------": null

2020-04-23 13:57:51 - [TEST_STEP][PASSED] - click(findTestObject("Web_Office_Advanced_Company_Search/Page_/td_Returned_Company")): Object: 'Object Repository/Web_Office_Advanced_Company_Search/Page_/td_Returned_Company' is clicked on

2020-04-23 13:57:55 - [MESSAGE][PASSED] - Object: 'Object Repository/Web_Office_Advanced_Company_Search/Page_/td_Returned_Company' is clicked on

2020-04-23 13:57:55 - [MESSAGE][PASSED] - Call Test Case 'Test Cases/Reusable_Test_Sequences/Web_Office/Actions/Select_Company' successfully

2020-04-23 13:57:55 - [TEST_STEP][PASSED] - "--------------------------------------": null

2020-04-23 13:57:55 - [TEST_STEP][PASSED] - " Verify Returned Company Record       |": null

2020-04-23 13:57:55 - [TEST_STEP][PASSED] - callTestCase(findTestCase("Reusable_Test_Sequences/Web_Office/Verification/Company_Returned_Advanced_Search_Record"), [:], OPTIONAL): Call Test Case 'Test Cases/Reusable_Test_Sequences/Web_Office/Verification/Company_Returned_Advanced_Search_Record' successfully

2020-04-23 13:57:55 - [TEST_CASE][PASSED] - Test Cases/Reusable_Test_Sequences/Web_Office/Verification/Company_Returned_Advanced_Search_Record: Test Cases/Reusable_Test_Sequences/Web_Office/Verification/Company_Returned_Advanced_Search_Record

2020-04-23 13:57:55 - [TEST_STEP][PASSED] - "--------------------------------": null

2020-04-23 13:57:55 - [TEST_STEP][PASSED] - "Read data from spreadsheet      | r_ = Returned Data": null

2020-04-23 13:57:55 - [TEST_STEP][PASSED] - data = findTestData("Data Files/Advance_Company_Search_Data"): null

2020-04-23 13:57:55 - [TEST_STEP][PASSED] - Trader_ID = data.getValue("Trader_ID", row): null

2020-04-23 13:57:55 - [TEST_STEP][PASSED] - Limited_Company_Number = data.getValue("Limited_Company_Number", row): null

2020-04-23 13:57:55 - [TEST_STEP][PASSED] - Company_Name = data.getValue("Company_Name", row): null

2020-04-23 13:57:55 - [TEST_STEP][PASSED] - Owner_Surname = data.getValue("Owner_Surname", row): null

2020-04-23 13:57:55 - [TEST_STEP][PASSED] - Owner_DOB = data.getValue("Owner_DOB", row): null

2020-04-23 13:57:55 - [TEST_STEP][PASSED] - Name_House = data.getValue("Name_House", row): null

2020-04-23 13:57:55 - [TEST_STEP][PASSED] - Number_Street = data.getValue("Number_Street", row): null

2020-04-23 13:57:55 - [TEST_STEP][PASSED] - Town = data.getValue("Town", row): null

2020-04-23 13:57:55 - [TEST_STEP][PASSED] - City = data.getValue("City", row): null

2020-04-23 13:57:55 - [TEST_STEP][PASSED] - County = data.getValue("County", row): null

2020-04-23 13:57:55 - [TEST_STEP][PASSED] - Postcode = data.getValue("Postcode", row): null

2020-04-23 13:57:55 - [TEST_STEP][PASSED] - Tel = data.getValue("Tel", row): null

2020-04-23 13:57:55 - [TEST_STEP][PASSED] - Email = data.getValue("Email", row): null

2020-04-23 13:57:55 - [TEST_STEP][PASSED] - "--------------------------------": null

2020-04-23 13:57:55 - [TEST_STEP][PASSED] - "Read data from spreadsheet      |": null

2020-04-23 13:57:55 - [TEST_STEP][PASSED] - Actual_Page_Text = "": null

2020-04-23 13:57:55 - [TEST_STEP][PASSED] - Expected_Page_Text = "": null

2020-04-23 13:57:55 - [TEST_STEP][PASSED] - waitForPageLoad(60): Wait for page load successfully

2020-04-23 13:57:55 - [MESSAGE][PASSED] - Wait for page load successfully

2020-04-23 13:57:55 - [TEST_STEP][PASSED] - delay(1): Delayed 1 second(s)

2020-04-23 13:57:56 - [MESSAGE][PASSED] - Delayed 1 second(s)

2020-04-23 13:57:56 - [TEST_STEP][PASSED] - "---------------------------------------------------------------------------------------------------------------------": null

2020-04-23 13:57:56 - [TEST_STEP][PASSED] - "HEADER DETAIL - iFrame": null

2020-04-23 13:57:56 - [TEST_STEP][PASSED] - "-----------------": null

2020-04-23 13:57:56 - [TEST_STEP][PASSED] - "PAGE_HEADER TEXT |": null

2020-04-23 13:57:56 - [TEST_STEP][PASSED] - verifyTextPresent(findTestData("Data Files/Advance_Company_Search_Data").getValue("Page_Header_Text", row), false): Text 'Kitchen Facelift & Renewal Limited' is present on page 

2020-04-23 13:57:58 - [MESSAGE][PASSED] - Text 'Kitchen Facelift & Renewal Limited' is present on page 

2020-04-23 13:57:58 - [TEST_STEP][PASSED] - "----------------": null

2020-04-23 13:57:58 - [TEST_STEP][PASSED] - "Email Address   |": null

2020-04-23 13:57:58 - [TEST_STEP][PASSED] - verifyTextPresent(findTestData("Data Files/Advance_Company_Search_Data").getValue("Email", row), false): Text '' is present on page 

2020-04-23 13:57:58 - [MESSAGE][PASSED] - Text '' is present on page 

2020-04-23 13:57:58 - [TEST_STEP][PASSED] - "----------------": null

2020-04-23 13:57:58 - [TEST_STEP][PASSED] - "Phone Number    |": null

2020-04-23 13:57:58 - [TEST_STEP][PASSED] - verifyTextPresent(findTestData("Data Files/Advance_Company_Search_Data").getValue("Tel", row), false): Text '' is present on page 

2020-04-23 13:57:59 - [MESSAGE][PASSED] - Text '' is present on page 

2020-04-23 13:57:59 - [TEST_STEP][PASSED] - "----------------": null

2020-04-23 13:57:59 - [TEST_STEP][PASSED] - "Trader ID       |": null

2020-04-23 13:57:59 - [TEST_STEP][PASSED] - verifyTextPresent(findTestData("Data Files/Advance_Company_Search_Data").getValue("Trader_ID", row), false): Text '' is present on page 

2020-04-23 13:58:00 - [MESSAGE][PASSED] - Text '' is present on page 

2020-04-23 13:58:00 - [TEST_STEP][PASSED] - "----------------": null

2020-04-23 13:58:00 - [TEST_STEP][PASSED] - "Postcode        |": null

2020-04-23 13:58:00 - [TEST_STEP][PASSED] - verifyTextPresent(findTestData("Data Files/Advance_Company_Search_Data").getValue("Postcode", row), false): Text '' is present on page 

2020-04-23 13:58:01 - [MESSAGE][PASSED] - Text '' is present on page 

2020-04-23 13:58:01 - [TEST_STEP][PASSED] - "----------------": null

2020-04-23 13:58:01 - [TEST_STEP][PASSED] - "Full Name       |": null

2020-04-23 13:58:01 - [TEST_STEP][PASSED] - verifyTextPresent(findTestData("Data Files/Advance_Company_Search_Data").getValue("Full_Name", row), false): Text 'Mr Steve Mercer' is present on page 

2020-04-23 13:58:01 - [MESSAGE][PASSED] - Text 'Mr Steve Mercer' is present on page 

2020-04-23 13:58:01 - [TEST_STEP][PASSED] - "----------------": null

2020-04-23 13:58:01 - [TEST_STEP][PASSED] - "Date of Birth   |": null

2020-04-23 13:58:01 - [TEST_STEP][PASSED] - verifyTextPresent(findTestData("Data Files/Advance_Company_Search_Data").getValue("Owner_DOB", row), false): Text '' is present on page 

2020-04-23 13:58:02 - [MESSAGE][PASSED] - Text '' is present on page 

2020-04-23 13:58:02 - [TEST_STEP][PASSED] - "----------------": null

2020-04-23 13:58:02 - [TEST_STEP][PASSED] - "Full Address    |": null

2020-04-23 13:58:02 - [TEST_STEP][PASSED] - verifyTextPresent(findTestData("Data Files/Advance_Company_Search_Data").getValue("Full_Address", row), false): Text 'Lyndale, Town Cross Avenue, Bognor Regis, West Sussex, PO21 2DN' is present on page 

2020-04-23 13:58:03 - [MESSAGE][PASSED] - Text 'Lyndale, Town Cross Avenue, Bognor Regis, West Sussex, PO21 2DN' is present on page 

2020-04-23 13:58:03 - [MESSAGE][PASSED] - Call Test Case 'Test Cases/Reusable_Test_Sequences/Web_Office/Verification/Company_Returned_Advanced_Search_Record' successfully

2020-04-23 13:58:03 - [TEST_STEP][PASSED] - "--------------------------": null

2020-04-23 13:58:03 - [TEST_STEP][PASSED] - " Teardown - CLose Browser |": null

2020-04-23 13:58:03 - [TEST_STEP][PASSED] - callTestCase(findTestCase("Reusable_Test_Sequences/CAT_Teardown"), [:], OPTIONAL): Call Test Case 'Test Cases/Reusable_Test_Sequences/CAT_Teardown' successfully

2020-04-23 13:58:03 - [TEST_CASE][PASSED] - Test Cases/Reusable_Test_Sequences/CAT_Teardown: Test Cases/Reusable_Test_Sequences/CAT_Teardown

2020-04-23 13:58:03 - [TEST_STEP][PASSED] - closeBrowser(): Browser is closed

2020-04-23 13:58:04 - [MESSAGE][PASSED] - Browser is closed

2020-04-23 13:58:04 - [TEST_STEP][PASSED] - super.finalize(): null

2020-04-23 13:58:04 - [TEST_STEP][PASSED] - System.gc(): null

2020-04-23 13:58:04 - [MESSAGE][PASSED] - Call Test Case 'Test Cases/Reusable_Test_Sequences/CAT_Teardown' successfully

2020-04-23 13:58:04 - [TEST_STEP][PASSED] - "--------------------------------------": null

2020-04-23 13:58:04 - [TEST_STEP][PASSED] - " Web Office StartUp                  |": null

2020-04-23 13:58:04 - [TEST_STEP][PASSED] - callTestCase(findTestCase("Reusable_Test_Sequences/Web_Office/Directives/WebOffice_StartUp"), [:], STOP_ON_FAILURE): Call Test Case 'Test Cases/Reusable_Test_Sequences/Web_Office/Directives/WebOffice_StartUp' successfully

2020-04-23 13:58:04 - [TEST_CASE][PASSED] - Test Cases/Reusable_Test_Sequences/Web_Office/Directives/WebOffice_StartUp: Test Cases/Reusable_Test_Sequences/Web_Office/Directives/WebOffice_StartUp

2020-04-23 13:58:04 - [TEST_STEP][PASSED] - "-----------------------------------------------------------------------------": null

2020-04-23 13:58:04 - [TEST_STEP][PASSED] - if (URL == "https://www.dev.checkatrade.com/"): null

2020-04-23 13:58:04 - [TEST_STEP][PASSED] - "-----------------------------------------------------------------------------": null

2020-04-23 13:58:04 - [TEST_STEP][PASSED] - if (URL == "https://www.checkatrade.com/"): null

2020-04-23 13:58:04 - [TEST_STEP][PASSED] - "-----------------------------------------------------------------------------": null

2020-04-23 13:58:04 - [TEST_STEP][PASSED] - if (URL == "https://www.preview.checkatrade.com/"): null

2020-04-23 13:58:04 - [TEST_STEP][PASSED] - WebOfficeURL = "https://admin.preview.checkatrade.com/": null

2020-04-23 13:58:04 - [TEST_STEP][PASSED] - if (URL == "https://www.dev2.checkatrade.com/"): null

2020-04-23 13:58:04 - [TEST_STEP][PASSED] - "Set Function Area for "URL_Handler", URL Resolution": null

2020-04-23 13:58:04 - [TEST_STEP][PASSED] - "Do Some Magic with URL(s) See the comments within URL Handler ": null

2020-04-23 13:58:04 - [TEST_STEP][PASSED] - "------------------------------------------------": null

2020-04-23 13:58:04 - [TEST_STEP][PASSED] - "Moved Login Credentials to <Default> profile 22/01/2020": null

2020-04-23 13:58:04 - [TEST_STEP][PASSED] - "------------------------------------------------": null

2020-04-23 13:58:04 - [TEST_STEP][PASSED] - "WebOfficeURL - Set from the ENVIRONMENT PROFILE ": null

2020-04-23 13:58:04 - [TEST_STEP][PASSED] - "OPEN BROWSER": null

2020-04-23 13:58:04 - [TEST_STEP][PASSED] - "eg - https://admin.preview.checkatrade.com/  ": null

2020-04-23 13:58:04 - [TEST_STEP][PASSED] - openBrowser(WebOfficeURL): Browser is opened with url: 'https://admin.preview.checkatrade.com/'

2020-04-23 13:58:04 - [MESSAGE][INFO] - Starting 'Chrome' driver

2020-04-23 13:58:04 - [MESSAGE][INFO] - Action delay is set to 0 milliseconds

2020-04-23 13:58:09 - [MESSAGE][PASSED] - Browser is opened with url: 'https://admin.preview.checkatrade.com/'

2020-04-23 13:58:09 - [TEST_STEP][PASSED] - maximizeWindow(): Current window maximized

2020-04-23 13:58:11 - [MESSAGE][PASSED] - Current window maximized

2020-04-23 13:58:11 - [TEST_STEP][PASSED] - waitForElementClickable(findTestObject("Object Repository/WebOffice/Page_Checkatrade - Administration - Login/Login_Button"), 25): Object 'Object Repository/WebOffice/Page_Checkatrade - Administration - Login/Login_Button' is clickable

2020-04-23 13:58:11 - [MESSAGE][PASSED] - Object 'Object Repository/WebOffice/Page_Checkatrade - Administration - Login/Login_Button' is clickable

2020-04-23 13:58:11 - [TEST_STEP][PASSED] - verifyTextPresent("Checkatrade Web Office", false): Text 'Checkatrade Web Office' is present on page 

2020-04-23 13:58:11 - [MESSAGE][PASSED] - Text 'Checkatrade Web Office' is present on page 

2020-04-23 13:58:11 - [TEST_STEP][PASSED] - verifyTextPresent("Access for staff use only", false): Text 'Access for staff use only' is present on page 

2020-04-23 13:58:11 - [MESSAGE][PASSED] - Text 'Access for staff use only' is present on page 

2020-04-23 13:58:11 - [TEST_STEP][PASSED] - verifyTextPresent("Forgotten password?", false): Text 'Forgotten password?' is present on page 

2020-04-23 13:58:11 - [MESSAGE][PASSED] - Text 'Forgotten password?' is present on page 

2020-04-23 13:58:11 - [TEST_STEP][PASSED] - setText(findTestObject("Object Repository/WebOffice/Page_Checkatrade - Administration - Login/input_Username_LoginControlUserName"), wo_Username): Text 'DavidHo' is set on object 'Object Repository/WebOffice/Page_Checkatrade - Administration - Login/input_Username_LoginControlUserName'

2020-04-23 13:58:12 - [MESSAGE][PASSED] - Text 'DavidHo' is set on object 'Object Repository/WebOffice/Page_Checkatrade - Administration - Login/input_Username_LoginControlUserName'

2020-04-23 13:58:12 - [TEST_STEP][PASSED] - setText(findTestObject("Object Repository/WebOffice/Page_Checkatrade - Administration - Login/input_Password_LoginControlPassword"), wo_Password): Text 'Check123' is set on object 'Object Repository/WebOffice/Page_Checkatrade - Administration - Login/input_Password_LoginControlPassword'

2020-04-23 13:58:12 - [MESSAGE][PASSED] - Text 'Check123' is set on object 'Object Repository/WebOffice/Page_Checkatrade - Administration - Login/input_Password_LoginControlPassword'

2020-04-23 13:58:12 - [TEST_STEP][PASSED] - click(findTestObject("Object Repository/WebOffice/Page_Checkatrade - Administration - Login/Login_Button")): Object: 'Object Repository/WebOffice/Page_Checkatrade - Administration - Login/Login_Button' is clicked on

2020-04-23 13:58:14 - [MESSAGE][PASSED] - Object: 'Object Repository/WebOffice/Page_Checkatrade - Administration - Login/Login_Button' is clicked on

2020-04-23 13:58:14 - [TEST_STEP][PASSED] - waitForPageLoad(60): Wait for page load successfully

2020-04-23 13:58:14 - [MESSAGE][PASSED] - Wait for page load successfully

2020-04-23 13:58:14 - [TEST_STEP][PASSED] - verifyTextPresent("Welcome " + wo_Username, false): Text 'Welcome DavidHo' is present on page 

2020-04-23 13:58:15 - [MESSAGE][PASSED] - Text 'Welcome DavidHo' is present on page 

2020-04-23 13:58:15 - [MESSAGE][PASSED] - Call Test Case 'Test Cases/Reusable_Test_Sequences/Web_Office/Directives/WebOffice_StartUp' successfully

2020-04-23 13:58:15 - [TEST_STEP][PASSED] - "--------------------------------------": null

2020-04-23 13:58:15 - [TEST_STEP][PASSED] - " Navigate to <Companies> Menu Item    |": null

2020-04-23 13:58:15 - [TEST_STEP][PASSED] - callTestCase(findTestCase("Reusable_Test_Sequences/Web_Office/navigation/Navigate_Advanced_Company_Search"), [:], STOP_ON_FAILURE): Call Test Case 'Test Cases/Reusable_Test_Sequences/Web_Office/navigation/Navigate_Advanced_Company_Search' successfully

2020-04-23 13:58:16 - [TEST_CASE][PASSED] - Test Cases/Reusable_Test_Sequences/Web_Office/navigation/Navigate_Advanced_Company_Search: Test Cases/Reusable_Test_Sequences/Web_Office/navigation/Navigate_Advanced_Company_Search

2020-04-23 13:58:16 - [TEST_STEP][PASSED] - "--------------------------------------": null

2020-04-23 13:58:16 - [TEST_STEP][PASSED] - " Navigate Top level menu Item         |": null

2020-04-23 13:58:16 - [TEST_STEP][PASSED] - waitForPageLoad(60): Wait for page load successfully

2020-04-23 13:58:16 - [MESSAGE][PASSED] - Wait for page load successfully

2020-04-23 13:58:16 - [TEST_STEP][PASSED] - waitForElementClickable(findTestObject("Object Repository/WebOffice_Home_page/a_Companies"), 60): Object 'Object Repository/WebOffice_Home_page/a_Companies' is clickable

2020-04-23 13:58:16 - [MESSAGE][PASSED] - Object 'Object Repository/WebOffice_Home_page/a_Companies' is clickable

2020-04-23 13:58:16 - [TEST_STEP][PASSED] - mouseOver(findTestObject("Object Repository/WebOffice_Home_page/a_Companies")): Object: 'Object Repository/WebOffice_Home_page/a_Companies' is hovered

2020-04-23 13:58:16 - [MESSAGE][PASSED] - Object: 'Object Repository/WebOffice_Home_page/a_Companies' is hovered

2020-04-23 13:58:16 - [TEST_STEP][PASSED] - waitForElementClickable(findTestObject("Object Repository/WebOffice_Home_page/a_Company_Advanced_Search"), 1): Object 'Object Repository/WebOffice_Home_page/a_Company_Advanced_Search' is clickable

2020-04-23 13:58:16 - [MESSAGE][PASSED] - Object 'Object Repository/WebOffice_Home_page/a_Company_Advanced_Search' is clickable

2020-04-23 13:58:16 - [TEST_STEP][PASSED] - click(findTestObject("Object Repository/WebOffice_Home_page/a_Company_Advanced_Search")): Object: 'Object Repository/WebOffice_Home_page/a_Company_Advanced_Search' is clicked on

2020-04-23 13:58:18 - [MESSAGE][PASSED] - Object: 'Object Repository/WebOffice_Home_page/a_Company_Advanced_Search' is clicked on

2020-04-23 13:58:18 - [MESSAGE][PASSED] - Call Test Case 'Test Cases/Reusable_Test_Sequences/Web_Office/navigation/Navigate_Advanced_Company_Search' successfully

2020-04-23 13:58:18 - [TEST_STEP][PASSED] - "--------------------------------------": null

2020-04-23 13:58:18 - [TEST_STEP][PASSED] - " LH Pane  - Apply Search Criteria     |": null

2020-04-23 13:58:18 - [TEST_STEP][PASSED] - callTestCase(findTestCase("Reusable_Test_Sequences/Web_Office/Actions/Set_Advanced_Company_Data"), [:], STOP_ON_FAILURE): Call Test Case 'Test Cases/Reusable_Test_Sequences/Web_Office/Actions/Set_Advanced_Company_Data' successfully

2020-04-23 13:58:18 - [TEST_CASE][PASSED] - Test Cases/Reusable_Test_Sequences/Web_Office/Actions/Set_Advanced_Company_Data: Test Cases/Reusable_Test_Sequences/Web_Office/Actions/Set_Advanced_Company_Data

2020-04-23 13:58:18 - [TEST_STEP][PASSED] - "--------------------------------": null

2020-04-23 13:58:18 - [TEST_STEP][PASSED] - "Read data from spreadsheet      |": null

2020-04-23 13:58:18 - [TEST_STEP][PASSED] - data = findTestData("Data Files/Advance_Company_Search_Data"): null

2020-04-23 13:58:18 - [TEST_STEP][PASSED] - Trader_ID = data.getValue("Trader_ID", row): null

2020-04-23 13:58:19 - [TEST_STEP][PASSED] - Limited_Company_Number = data.getValue("Limited_Company_Number", row): null

2020-04-23 13:58:19 - [TEST_STEP][PASSED] - Company_Name = data.getValue("Company_Name", row): null

2020-04-23 13:58:19 - [TEST_STEP][PASSED] - Owner_Surname = data.getValue("Owner_Surname", row): null

2020-04-23 13:58:19 - [TEST_STEP][PASSED] - Owner_DOB = data.getValue("Owner_DOB", row): null

2020-04-23 13:58:19 - [TEST_STEP][PASSED] - Name_House = data.getValue("Name_House", row): null

2020-04-23 13:58:19 - [TEST_STEP][PASSED] - Number_Street = data.getValue("Number_Street", row): null

2020-04-23 13:58:19 - [TEST_STEP][PASSED] - Town = data.getValue("Town", row): null

2020-04-23 13:58:19 - [TEST_STEP][PASSED] - City = data.getValue("City", row): null

2020-04-23 13:58:19 - [TEST_STEP][PASSED] - County = data.getValue("County", row): null

2020-04-23 13:58:19 - [TEST_STEP][PASSED] - Postcode = data.getValue("Postcode", row): null

2020-04-23 13:58:19 - [TEST_STEP][PASSED] - Tel = data.getValue("Tel", row): null

2020-04-23 13:58:19 - [TEST_STEP][PASSED] - Email = data.getValue("Email", row): null

2020-04-23 13:58:19 - [TEST_STEP][PASSED] - "slack": null

2020-04-23 13:58:19 - [TEST_STEP][PASSED] - "--------------------------------": null

2020-04-23 13:58:19 - [TEST_STEP][PASSED] - " Synchronisation                |": null

2020-04-23 13:58:19 - [TEST_STEP][PASSED] - waitForPageLoad(60): Wait for page load successfully

2020-04-23 13:58:19 - [MESSAGE][PASSED] - Wait for page load successfully

2020-04-23 13:58:19 - [TEST_STEP][PASSED] - waitForElementVisible(findTestObject("Web_Office_Advanced_Company_Search/Page_/input_Clear_ctl00ctl00CP1ctlSearchbtnSearch"), 60): Object 'Object Repository/Web_Office_Advanced_Company_Search/Page_/input_Clear_ctl00ctl00CP1ctlSearchbtnSearch' is visible

2020-04-23 13:58:19 - [MESSAGE][PASSED] - Object 'Object Repository/Web_Office_Advanced_Company_Search/Page_/input_Clear_ctl00ctl00CP1ctlSearchbtnSearch' is visible

2020-04-23 13:58:19 - [TEST_STEP][PASSED] - "https://admin.preview.checkatrade.com/Companies/Search.aspx": null

2020-04-23 13:58:19 - [TEST_STEP][PASSED] - "-------------------------------------------------------------------------------------------------------------------------------------": null

2020-04-23 13:58:19 - [TEST_STEP][PASSED] - setText(findTestObject("Web_Office_Advanced_Company_Search/Page_/table_Trader ID"), Trader_ID): Text '105' is set on object 'Object Repository/Web_Office_Advanced_Company_Search/Page_/table_Trader ID'

2020-04-23 13:58:19 - [MESSAGE][PASSED] - Text '105' is set on object 'Object Repository/Web_Office_Advanced_Company_Search/Page_/table_Trader ID'

2020-04-23 13:58:19 - [TEST_STEP][PASSED] - "-------------------------------------------------------------------------------------------------------------------------------------": null

2020-04-23 13:58:19 - [TEST_STEP][PASSED] - setText(findTestObject("Web_Office_Advanced_Company_Search/Page_/input_Limited Company Number"), Limited_Company_Number): Text '' is set on object 'Object Repository/Web_Office_Advanced_Company_Search/Page_/input_Limited Company Number'

2020-04-23 13:58:19 - [MESSAGE][PASSED] - Text '' is set on object 'Object Repository/Web_Office_Advanced_Company_Search/Page_/input_Limited Company Number'

2020-04-23 13:58:19 - [TEST_STEP][PASSED] - "-------------------------------------------------------------------------------------------------------------------------------------": null

2020-04-23 13:58:19 - [TEST_STEP][PASSED] - setText(findTestObject("Web_Office_Advanced_Company_Search/Page_/input_Company Name"), Company_Name): Text '' is set on object 'Object Repository/Web_Office_Advanced_Company_Search/Page_/input_Company Name'

2020-04-23 13:58:20 - [MESSAGE][PASSED] - Text '' is set on object 'Object Repository/Web_Office_Advanced_Company_Search/Page_/input_Company Name'

2020-04-23 13:58:20 - [TEST_STEP][PASSED] - "-------------------------------------------------------------------------------------------------------------------------------------": null

2020-04-23 13:58:20 - [TEST_STEP][PASSED] - "Set Owner_Date of Birth": null

2020-04-23 13:58:20 - [TEST_STEP][PASSED] - "-------------------------------------------------------------------------------------------------------------------------------------": null

2020-04-23 13:58:20 - [TEST_STEP][PASSED] - setText(findTestObject("Web_Office_Advanced_Company_Search/Page_/input_Owner Surname"), Owner_Surname): Text '' is set on object 'Object Repository/Web_Office_Advanced_Company_Search/Page_/input_Owner Surname'

2020-04-23 13:58:20 - [MESSAGE][PASSED] - Text '' is set on object 'Object Repository/Web_Office_Advanced_Company_Search/Page_/input_Owner Surname'

2020-04-23 13:58:20 - [TEST_STEP][PASSED] - "-------------------------------------------------------------------------------------------------------------------------------------": null

2020-04-23 13:58:20 - [TEST_STEP][PASSED] - setText(findTestObject("Web_Office_Advanced_Company_Search/Page_/input_Name Of House"), Name_House): Text '' is set on object 'Object Repository/Web_Office_Advanced_Company_Search/Page_/input_Name Of House'

2020-04-23 13:58:20 - [MESSAGE][PASSED] - Text '' is set on object 'Object Repository/Web_Office_Advanced_Company_Search/Page_/input_Name Of House'

2020-04-23 13:58:20 - [TEST_STEP][PASSED] - "-------------------------------------------------------------------------------------------------------------------------------------": null

2020-04-23 13:58:20 - [TEST_STEP][PASSED] - "Set Street": null

2020-04-23 13:58:20 - [TEST_STEP][PASSED] - "-------------------------------------------------------------------------------------------------------------------------------------": null

2020-04-23 13:58:20 - [TEST_STEP][PASSED] - setText(findTestObject("Web_Office_Advanced_Company_Search/Page_/input_Town"), Town): Text '' is set on object 'Object Repository/Web_Office_Advanced_Company_Search/Page_/input_Town'

2020-04-23 13:58:20 - [MESSAGE][PASSED] - Text '' is set on object 'Object Repository/Web_Office_Advanced_Company_Search/Page_/input_Town'

2020-04-23 13:58:20 - [TEST_STEP][PASSED] - "-------------------------------------------------------------------------------------------------------------------------------------": null

2020-04-23 13:58:20 - [TEST_STEP][PASSED] - setText(findTestObject("Web_Office_Advanced_Company_Search/Page_/input_City"), City): Text '' is set on object 'Object Repository/Web_Office_Advanced_Company_Search/Page_/input_City'

2020-04-23 13:58:20 - [MESSAGE][PASSED] - Text '' is set on object 'Object Repository/Web_Office_Advanced_Company_Search/Page_/input_City'

2020-04-23 13:58:20 - [TEST_STEP][PASSED] - "-------------------------------------------------------------------------------------------------------------------------------------": null

2020-04-23 13:58:20 - [TEST_STEP][PASSED] - setText(findTestObject("Web_Office_Advanced_Company_Search/Page_/input_County"), County): Text '' is set on object 'Object Repository/Web_Office_Advanced_Company_Search/Page_/input_County'

2020-04-23 13:58:21 - [MESSAGE][PASSED] - Text '' is set on object 'Object Repository/Web_Office_Advanced_Company_Search/Page_/input_County'

2020-04-23 13:58:21 - [TEST_STEP][PASSED] - "-------------------------------------------------------------------------------------------------------------------------------------": null

2020-04-23 13:58:21 - [TEST_STEP][PASSED] - setText(findTestObject("Web_Office_Advanced_Company_Search/Page_/input_Postcode"), Postcode): Text '' is set on object 'Object Repository/Web_Office_Advanced_Company_Search/Page_/input_Postcode'

2020-04-23 13:58:21 - [MESSAGE][PASSED] - Text '' is set on object 'Object Repository/Web_Office_Advanced_Company_Search/Page_/input_Postcode'

2020-04-23 13:58:21 - [TEST_STEP][PASSED] - "-------------------------------------------------------------------------------------------------------------------------------------": null

2020-04-23 13:58:21 - [TEST_STEP][PASSED] - setText(findTestObject("Web_Office_Advanced_Company_Search/Page_/input_Telephone"), Tel): Text '' is set on object 'Object Repository/Web_Office_Advanced_Company_Search/Page_/input_Telephone'

2020-04-23 13:58:21 - [MESSAGE][PASSED] - Text '' is set on object 'Object Repository/Web_Office_Advanced_Company_Search/Page_/input_Telephone'

2020-04-23 13:58:21 - [TEST_STEP][PASSED] - "-------------------------------------------------------------------------------------------------------------------------------------": null

2020-04-23 13:58:21 - [TEST_STEP][PASSED] - setText(findTestObject("Web_Office_Advanced_Company_Search/Page_/input_Email"), Email): Text '' is set on object 'Object Repository/Web_Office_Advanced_Company_Search/Page_/input_Email'

2020-04-23 13:58:22 - [MESSAGE][PASSED] - Text '' is set on object 'Object Repository/Web_Office_Advanced_Company_Search/Page_/input_Email'

2020-04-23 13:58:22 - [TEST_STEP][PASSED] - "Set Status": null

2020-04-23 13:58:22 - [TEST_STEP][PASSED] - "-------------------------------------------------------------------------------------------------------------------------------------": null

2020-04-23 13:58:22 - [TEST_STEP][PASSED] - "Status 3 Options": null

2020-04-23 13:58:22 - [TEST_STEP][PASSED] - "-------------------------------------------------------------------------------------------------------------------------------------": null

2020-04-23 13:58:22 - [TEST_STEP][PASSED] - "Set Type": null

2020-04-23 13:58:22 - [TEST_STEP][PASSED] - "-------------------------------------------------------------------------------------------------------------------------------------": null

2020-04-23 13:58:22 - [TEST_STEP][PASSED] - "Type 3 Options": null

2020-04-23 13:58:22 - [TEST_STEP][PASSED] - "-------------------------------------------------------------------------------------------------------------------------------------": null

2020-04-23 13:58:22 - [TEST_STEP][PASSED] - scrollToPosition(0, 0): Browser is scrolled to position x = 0, y = 0

2020-04-23 13:58:22 - [MESSAGE][PASSED] - Browser is scrolled to position x = 0, y = 0

2020-04-23 13:58:22 - [TEST_STEP][PASSED] - waitForElementClickable(findTestObject("Web_Office_Advanced_Company_Search/Page_/Top_Search_Button"), 5): Object 'Object Repository/Web_Office_Advanced_Company_Search/Page_/Top_Search_Button' is clickable

2020-04-23 13:58:22 - [MESSAGE][PASSED] - Object 'Object Repository/Web_Office_Advanced_Company_Search/Page_/Top_Search_Button' is clickable

2020-04-23 13:58:22 - [TEST_STEP][PASSED] - click(findTestObject("Web_Office_Advanced_Company_Search/Page_/Top_Search_Button")): Object: 'Object Repository/Web_Office_Advanced_Company_Search/Page_/Top_Search_Button' is clicked on

2020-04-23 13:58:27 - [MESSAGE][PASSED] - Object: 'Object Repository/Web_Office_Advanced_Company_Search/Page_/Top_Search_Button' is clicked on

2020-04-23 13:58:27 - [MESSAGE][PASSED] - Call Test Case 'Test Cases/Reusable_Test_Sequences/Web_Office/Actions/Set_Advanced_Company_Data' successfully

2020-04-23 13:58:27 - [TEST_STEP][PASSED] - "--------------------------------------": null

2020-04-23 13:58:27 - [TEST_STEP][PASSED] - " Select Returned Record to Verify     |": null

2020-04-23 13:58:27 - [TEST_STEP][PASSED] - callTestCase(findTestCase("Reusable_Test_Sequences/Web_Office/Actions/Select_Company"), [:], OPTIONAL): Call Test Case 'Test Cases/Reusable_Test_Sequences/Web_Office/Actions/Select_Company' successfully

2020-04-23 13:58:28 - [TEST_CASE][PASSED] - Test Cases/Reusable_Test_Sequences/Web_Office/Actions/Select_Company: Test Cases/Reusable_Test_Sequences/Web_Office/Actions/Select_Company

2020-04-23 13:58:28 - [TEST_STEP][PASSED] - waitForPageLoad(60): Wait for page load successfully

2020-04-23 13:58:28 - [MESSAGE][PASSED] - Wait for page load successfully

2020-04-23 13:58:28 - [TEST_STEP][PASSED] - waitForElementClickable(findTestObject("Web_Office_Advanced_Company_Search/Page_/td_Returned_Company"), 5): Object 'Object Repository/Web_Office_Advanced_Company_Search/Page_/td_Returned_Company' is clickable

2020-04-23 13:58:28 - [MESSAGE][PASSED] - Object 'Object Repository/Web_Office_Advanced_Company_Search/Page_/td_Returned_Company' is clickable

2020-04-23 13:58:28 - [TEST_STEP][PASSED] - "-------------------------------------------------------------------------------------------------------------------------------------": null

2020-04-23 13:58:28 - [TEST_STEP][PASSED] - click(findTestObject("Web_Office_Advanced_Company_Search/Page_/td_Returned_Company")): Object: 'Object Repository/Web_Office_Advanced_Company_Search/Page_/td_Returned_Company' is clicked on

2020-04-23 13:58:32 - [MESSAGE][PASSED] - Object: 'Object Repository/Web_Office_Advanced_Company_Search/Page_/td_Returned_Company' is clicked on

2020-04-23 13:58:32 - [MESSAGE][PASSED] - Call Test Case 'Test Cases/Reusable_Test_Sequences/Web_Office/Actions/Select_Company' successfully

2020-04-23 13:58:32 - [TEST_STEP][PASSED] - "--------------------------------------": null

2020-04-23 13:58:32 - [TEST_STEP][PASSED] - " Verify Returned Company Record       |": null

2020-04-23 13:58:32 - [TEST_STEP][PASSED] - callTestCase(findTestCase("Reusable_Test_Sequences/Web_Office/Verification/Company_Returned_Advanced_Search_Record"), [:], OPTIONAL): Call Test Case 'Test Cases/Reusable_Test_Sequences/Web_Office/Verification/Company_Returned_Advanced_Search_Record' successfully

2020-04-23 13:58:32 - [TEST_CASE][PASSED] - Test Cases/Reusable_Test_Sequences/Web_Office/Verification/Company_Returned_Advanced_Search_Record: Test Cases/Reusable_Test_Sequences/Web_Office/Verification/Company_Returned_Advanced_Search_Record

2020-04-23 13:58:32 - [TEST_STEP][PASSED] - "--------------------------------": null

2020-04-23 13:58:32 - [TEST_STEP][PASSED] - "Read data from spreadsheet      | r_ = Returned Data": null

2020-04-23 13:58:32 - [TEST_STEP][PASSED] - data = findTestData("Data Files/Advance_Company_Search_Data"): null

2020-04-23 13:58:32 - [TEST_STEP][PASSED] - Trader_ID = data.getValue("Trader_ID", row): null

2020-04-23 13:58:32 - [TEST_STEP][PASSED] - Limited_Company_Number = data.getValue("Limited_Company_Number", row): null

2020-04-23 13:58:32 - [TEST_STEP][PASSED] - Company_Name = data.getValue("Company_Name", row): null

2020-04-23 13:58:32 - [TEST_STEP][PASSED] - Owner_Surname = data.getValue("Owner_Surname", row): null

2020-04-23 13:58:32 - [TEST_STEP][PASSED] - Owner_DOB = data.getValue("Owner_DOB", row): null

2020-04-23 13:58:32 - [TEST_STEP][PASSED] - Name_House = data.getValue("Name_House", row): null

2020-04-23 13:58:32 - [TEST_STEP][PASSED] - Number_Street = data.getValue("Number_Street", row): null

2020-04-23 13:58:32 - [TEST_STEP][PASSED] - Town = data.getValue("Town", row): null

2020-04-23 13:58:32 - [TEST_STEP][PASSED] - City = data.getValue("City", row): null

2020-04-23 13:58:32 - [TEST_STEP][PASSED] - County = data.getValue("County", row): null

2020-04-23 13:58:32 - [TEST_STEP][PASSED] - Postcode = data.getValue("Postcode", row): null

2020-04-23 13:58:32 - [TEST_STEP][PASSED] - Tel = data.getValue("Tel", row): null

2020-04-23 13:58:32 - [TEST_STEP][PASSED] - Email = data.getValue("Email", row): null

2020-04-23 13:58:32 - [TEST_STEP][PASSED] - "--------------------------------": null

2020-04-23 13:58:32 - [TEST_STEP][PASSED] - "Read data from spreadsheet      |": null

2020-04-23 13:58:32 - [TEST_STEP][PASSED] - Actual_Page_Text = "": null

2020-04-23 13:58:32 - [TEST_STEP][PASSED] - Expected_Page_Text = "": null

2020-04-23 13:58:32 - [TEST_STEP][PASSED] - waitForPageLoad(60): Wait for page load successfully

2020-04-23 13:58:32 - [MESSAGE][PASSED] - Wait for page load successfully

2020-04-23 13:58:32 - [TEST_STEP][PASSED] - delay(1): Delayed 1 second(s)

2020-04-23 13:58:33 - [MESSAGE][PASSED] - Delayed 1 second(s)

2020-04-23 13:58:33 - [TEST_STEP][PASSED] - "---------------------------------------------------------------------------------------------------------------------": null

2020-04-23 13:58:33 - [TEST_STEP][PASSED] - "HEADER DETAIL - iFrame": null

2020-04-23 13:58:33 - [TEST_STEP][PASSED] - "-----------------": null

2020-04-23 13:58:33 - [TEST_STEP][PASSED] - "PAGE_HEADER TEXT |": null

2020-04-23 13:58:33 - [TEST_STEP][PASSED] - verifyTextPresent(findTestData("Data Files/Advance_Company_Search_Data").getValue("Page_Header_Text", row), false): Text 'Symes Garden Services' is present on page 

2020-04-23 13:58:34 - [MESSAGE][PASSED] - Text 'Symes Garden Services' is present on page 

2020-04-23 13:58:34 - [TEST_STEP][PASSED] - "----------------": null

2020-04-23 13:58:34 - [TEST_STEP][PASSED] - "Email Address   |": null

2020-04-23 13:58:34 - [TEST_STEP][PASSED] - verifyTextPresent(findTestData("Data Files/Advance_Company_Search_Data").getValue("Email", row), false): Text '' is present on page 

2020-04-23 13:58:34 - [MESSAGE][PASSED] - Text '' is present on page 

2020-04-23 13:58:34 - [TEST_STEP][PASSED] - "----------------": null

2020-04-23 13:58:34 - [TEST_STEP][PASSED] - "Phone Number    |": null

2020-04-23 13:58:34 - [TEST_STEP][PASSED] - verifyTextPresent(findTestData("Data Files/Advance_Company_Search_Data").getValue("Tel", row), false): Text '' is present on page 

2020-04-23 13:58:35 - [MESSAGE][PASSED] - Text '' is present on page 

2020-04-23 13:58:35 - [TEST_STEP][PASSED] - "----------------": null

2020-04-23 13:58:35 - [TEST_STEP][PASSED] - "Trader ID       |": null

2020-04-23 13:58:35 - [TEST_STEP][PASSED] - verifyTextPresent(findTestData("Data Files/Advance_Company_Search_Data").getValue("Trader_ID", row), false): Text '105' is present on page 

2020-04-23 13:58:35 - [MESSAGE][PASSED] - Text '105' is present on page 

2020-04-23 13:58:35 - [TEST_STEP][PASSED] - "----------------": null

2020-04-23 13:58:35 - [TEST_STEP][PASSED] - "Postcode        |": null

2020-04-23 13:58:35 - [TEST_STEP][PASSED] - verifyTextPresent(findTestData("Data Files/Advance_Company_Search_Data").getValue("Postcode", row), false): Text '' is present on page 

2020-04-23 13:58:36 - [MESSAGE][PASSED] - Text '' is present on page 

2020-04-23 13:58:36 - [TEST_STEP][PASSED] - "----------------": null

2020-04-23 13:58:36 - [TEST_STEP][PASSED] - "Full Name       |": null

2020-04-23 13:58:36 - [TEST_STEP][PASSED] - verifyTextPresent(findTestData("Data Files/Advance_Company_Search_Data").getValue("Full_Name", row), false): Text 'Mr Bob Symes' is present on page 

2020-04-23 13:58:36 - [MESSAGE][PASSED] - Text 'Mr Bob Symes' is present on page 

2020-04-23 13:58:36 - [TEST_STEP][PASSED] - "----------------": null

2020-04-23 13:58:36 - [TEST_STEP][PASSED] - "Date of Birth   |": null

2020-04-23 13:58:36 - [TEST_STEP][PASSED] - verifyTextPresent(findTestData("Data Files/Advance_Company_Search_Data").getValue("Owner_DOB", row), false): Text '' is present on page 

2020-04-23 13:58:37 - [MESSAGE][PASSED] - Text '' is present on page 

2020-04-23 13:58:37 - [TEST_STEP][PASSED] - "----------------": null

2020-04-23 13:58:37 - [TEST_STEP][PASSED] - "Full Address    |": null

2020-04-23 13:58:37 - [TEST_STEP][PASSED] - verifyTextPresent(findTestData("Data Files/Advance_Company_Search_Data").getValue("Full_Address", row), false): Text '8 The Newlands, Wallington, Greater London, SM6 9JU' is present on page 

2020-04-23 13:58:38 - [MESSAGE][PASSED] - Text '8 The Newlands, Wallington, Greater London, SM6 9JU' is present on page 

2020-04-23 13:58:38 - [MESSAGE][PASSED] - Call Test Case 'Test Cases/Reusable_Test_Sequences/Web_Office/Verification/Company_Returned_Advanced_Search_Record' successfully

2020-04-23 13:58:38 - [TEST_STEP][PASSED] - "--------------------------": null

2020-04-23 13:58:38 - [TEST_STEP][PASSED] - " Teardown - CLose Browser |": null

2020-04-23 13:58:38 - [TEST_STEP][PASSED] - callTestCase(findTestCase("Reusable_Test_Sequences/CAT_Teardown"), [:], OPTIONAL): Call Test Case 'Test Cases/Reusable_Test_Sequences/CAT_Teardown' successfully

2020-04-23 13:58:38 - [TEST_CASE][PASSED] - Test Cases/Reusable_Test_Sequences/CAT_Teardown: Test Cases/Reusable_Test_Sequences/CAT_Teardown

2020-04-23 13:58:38 - [TEST_STEP][PASSED] - closeBrowser(): Browser is closed

2020-04-23 13:58:40 - [MESSAGE][PASSED] - Browser is closed

2020-04-23 13:58:40 - [TEST_STEP][PASSED] - super.finalize(): null

2020-04-23 13:58:40 - [TEST_STEP][PASSED] - System.gc(): null

2020-04-23 13:58:40 - [MESSAGE][PASSED] - Call Test Case 'Test Cases/Reusable_Test_Sequences/CAT_Teardown' successfully]]></system-out>
         <system-err><![CDATA[]]></system-err>
      </testcase>
      <testcase name="Test Cases/Web_Office/WebOffice_Consumer_Search" time="211.422" classname="Test Cases/Web_Office/WebOffice_Consumer_Search" status="PASSED">
         <system-out><![CDATA[2020-04-23 13:58:40 - [TEST_CASE][PASSED] - Test Cases/Web_Office/WebOffice_Consumer_Search: Test Cases/Web_Office/WebOffice_Consumer_Search

2020-04-23 13:58:40 - [TEST_STEP][PASSED] - for ([row = 1, row <= findTestData("Consumer_Data (1)").getRowNumbers(), (internal.GlobalVariable.row++)]): Call Test Case 'Test Cases/Reusable_Test_Sequences/CAT_Teardown' successfully

2020-04-23 13:58:40 - [TEST_STEP][PASSED] - "--------------------------------------": null

2020-04-23 13:58:40 - [TEST_STEP][PASSED] - " Web Office StartUp                   |": null

2020-04-23 13:58:40 - [TEST_STEP][PASSED] - callTestCase(findTestCase("Reusable_Test_Sequences/Web_Office/Directives/WebOffice_StartUp"), [:], STOP_ON_FAILURE): Call Test Case 'Test Cases/Reusable_Test_Sequences/Web_Office/Directives/WebOffice_StartUp' successfully

2020-04-23 13:58:41 - [TEST_CASE][PASSED] - Test Cases/Reusable_Test_Sequences/Web_Office/Directives/WebOffice_StartUp: Test Cases/Reusable_Test_Sequences/Web_Office/Directives/WebOffice_StartUp

2020-04-23 13:58:41 - [TEST_STEP][PASSED] - "-----------------------------------------------------------------------------": null

2020-04-23 13:58:41 - [TEST_STEP][PASSED] - if (URL == "https://www.dev.checkatrade.com/"): null

2020-04-23 13:58:41 - [TEST_STEP][PASSED] - "-----------------------------------------------------------------------------": null

2020-04-23 13:58:41 - [TEST_STEP][PASSED] - if (URL == "https://www.checkatrade.com/"): null

2020-04-23 13:58:41 - [TEST_STEP][PASSED] - "-----------------------------------------------------------------------------": null

2020-04-23 13:58:41 - [TEST_STEP][PASSED] - if (URL == "https://www.preview.checkatrade.com/"): null

2020-04-23 13:58:41 - [TEST_STEP][PASSED] - WebOfficeURL = "https://admin.preview.checkatrade.com/": null

2020-04-23 13:58:41 - [TEST_STEP][PASSED] - if (URL == "https://www.dev2.checkatrade.com/"): null

2020-04-23 13:58:41 - [TEST_STEP][PASSED] - "Set Function Area for "URL_Handler", URL Resolution": null

2020-04-23 13:58:41 - [TEST_STEP][PASSED] - "Do Some Magic with URL(s) See the comments within URL Handler ": null

2020-04-23 13:58:41 - [TEST_STEP][PASSED] - "------------------------------------------------": null

2020-04-23 13:58:41 - [TEST_STEP][PASSED] - "Moved Login Credentials to <Default> profile 22/01/2020": null

2020-04-23 13:58:41 - [TEST_STEP][PASSED] - "------------------------------------------------": null

2020-04-23 13:58:41 - [TEST_STEP][PASSED] - "WebOfficeURL - Set from the ENVIRONMENT PROFILE ": null

2020-04-23 13:58:41 - [TEST_STEP][PASSED] - "OPEN BROWSER": null

2020-04-23 13:58:41 - [TEST_STEP][PASSED] - "eg - https://admin.preview.checkatrade.com/  ": null

2020-04-23 13:58:41 - [TEST_STEP][PASSED] - openBrowser(WebOfficeURL): Browser is opened with url: 'https://admin.preview.checkatrade.com/'

2020-04-23 13:58:41 - [MESSAGE][INFO] - Starting 'Chrome' driver

2020-04-23 13:58:41 - [MESSAGE][INFO] - Action delay is set to 0 milliseconds

2020-04-23 13:58:46 - [MESSAGE][PASSED] - Browser is opened with url: 'https://admin.preview.checkatrade.com/'

2020-04-23 13:58:46 - [TEST_STEP][PASSED] - maximizeWindow(): Current window maximized

2020-04-23 13:58:49 - [MESSAGE][PASSED] - Current window maximized

2020-04-23 13:58:49 - [TEST_STEP][PASSED] - waitForElementClickable(findTestObject("Object Repository/WebOffice/Page_Checkatrade - Administration - Login/Login_Button"), 25): Object 'Object Repository/WebOffice/Page_Checkatrade - Administration - Login/Login_Button' is clickable

2020-04-23 13:58:49 - [MESSAGE][PASSED] - Object 'Object Repository/WebOffice/Page_Checkatrade - Administration - Login/Login_Button' is clickable

2020-04-23 13:58:49 - [TEST_STEP][PASSED] - verifyTextPresent("Checkatrade Web Office", false): Text 'Checkatrade Web Office' is present on page 

2020-04-23 13:58:49 - [MESSAGE][PASSED] - Text 'Checkatrade Web Office' is present on page 

2020-04-23 13:58:49 - [TEST_STEP][PASSED] - verifyTextPresent("Access for staff use only", false): Text 'Access for staff use only' is present on page 

2020-04-23 13:58:49 - [MESSAGE][PASSED] - Text 'Access for staff use only' is present on page 

2020-04-23 13:58:49 - [TEST_STEP][PASSED] - verifyTextPresent("Forgotten password?", false): Text 'Forgotten password?' is present on page 

2020-04-23 13:58:49 - [MESSAGE][PASSED] - Text 'Forgotten password?' is present on page 

2020-04-23 13:58:49 - [TEST_STEP][PASSED] - setText(findTestObject("Object Repository/WebOffice/Page_Checkatrade - Administration - Login/input_Username_LoginControlUserName"), wo_Username): Text 'DavidHo' is set on object 'Object Repository/WebOffice/Page_Checkatrade - Administration - Login/input_Username_LoginControlUserName'

2020-04-23 13:58:49 - [MESSAGE][PASSED] - Text 'DavidHo' is set on object 'Object Repository/WebOffice/Page_Checkatrade - Administration - Login/input_Username_LoginControlUserName'

2020-04-23 13:58:49 - [TEST_STEP][PASSED] - setText(findTestObject("Object Repository/WebOffice/Page_Checkatrade - Administration - Login/input_Password_LoginControlPassword"), wo_Password): Text 'Check123' is set on object 'Object Repository/WebOffice/Page_Checkatrade - Administration - Login/input_Password_LoginControlPassword'

2020-04-23 13:58:49 - [MESSAGE][PASSED] - Text 'Check123' is set on object 'Object Repository/WebOffice/Page_Checkatrade - Administration - Login/input_Password_LoginControlPassword'

2020-04-23 13:58:49 - [TEST_STEP][PASSED] - click(findTestObject("Object Repository/WebOffice/Page_Checkatrade - Administration - Login/Login_Button")): Object: 'Object Repository/WebOffice/Page_Checkatrade - Administration - Login/Login_Button' is clicked on

2020-04-23 13:58:51 - [MESSAGE][PASSED] - Object: 'Object Repository/WebOffice/Page_Checkatrade - Administration - Login/Login_Button' is clicked on

2020-04-23 13:58:51 - [TEST_STEP][PASSED] - waitForPageLoad(60): Wait for page load successfully

2020-04-23 13:58:51 - [MESSAGE][PASSED] - Wait for page load successfully

2020-04-23 13:58:51 - [TEST_STEP][PASSED] - verifyTextPresent("Welcome " + wo_Username, false): Text 'Welcome DavidHo' is present on page 

2020-04-23 13:58:51 - [MESSAGE][PASSED] - Text 'Welcome DavidHo' is present on page 

2020-04-23 13:58:51 - [MESSAGE][PASSED] - Call Test Case 'Test Cases/Reusable_Test_Sequences/Web_Office/Directives/WebOffice_StartUp' successfully

2020-04-23 13:58:51 - [TEST_STEP][PASSED] - "--------------------------------------": null

2020-04-23 13:58:51 - [TEST_STEP][PASSED] - " Navigate to <Consumer> Menu Item     |": null

2020-04-23 13:58:51 - [TEST_STEP][PASSED] - callTestCase(findTestCase("Reusable_Test_Sequences/Web_Office/navigation/Navigate_Consumers"), [:], STOP_ON_FAILURE): Call Test Case 'Test Cases/Reusable_Test_Sequences/Web_Office/navigation/Navigate_Consumers' successfully

2020-04-23 13:58:51 - [TEST_CASE][PASSED] - Test Cases/Reusable_Test_Sequences/Web_Office/navigation/Navigate_Consumers: Test Cases/Reusable_Test_Sequences/Web_Office/navigation/Navigate_Consumers

2020-04-23 13:58:51 - [TEST_STEP][PASSED] - "--------------------------------------": null

2020-04-23 13:58:51 - [TEST_STEP][PASSED] - " Navigate Top level menu Item         |": null

2020-04-23 13:58:51 - [TEST_STEP][PASSED] - waitForPageLoad(60): Wait for page load successfully

2020-04-23 13:58:51 - [MESSAGE][PASSED] - Wait for page load successfully

2020-04-23 13:58:51 - [TEST_STEP][PASSED] - waitForElementClickable(findTestObject("Object Repository/WebOffice_Home_page/a_Consumers"), 60): Object 'Object Repository/WebOffice_Home_page/a_Consumers' is clickable

2020-04-23 13:58:52 - [MESSAGE][PASSED] - Object 'Object Repository/WebOffice_Home_page/a_Consumers' is clickable

2020-04-23 13:58:52 - [TEST_STEP][PASSED] - click(findTestObject("Object Repository/WebOffice_Home_page/a_Consumers")): Object: 'Object Repository/WebOffice_Home_page/a_Consumers' is clicked on

2020-04-23 13:58:53 - [MESSAGE][PASSED] - Object: 'Object Repository/WebOffice_Home_page/a_Consumers' is clicked on

2020-04-23 13:58:53 - [MESSAGE][PASSED] - Call Test Case 'Test Cases/Reusable_Test_Sequences/Web_Office/navigation/Navigate_Consumers' successfully

2020-04-23 13:58:53 - [TEST_STEP][PASSED] - "--------------------------------------": null

2020-04-23 13:58:53 - [TEST_STEP][PASSED] - " LH Pane  - Apply Search Criteria     |": null

2020-04-23 13:58:53 - [TEST_STEP][PASSED] - callTestCase(findTestCase("Reusable_Test_Sequences/Web_Office/Actions/Set_Consumer_Data"), [:], STOP_ON_FAILURE): Call Test Case 'Test Cases/Reusable_Test_Sequences/Web_Office/Actions/Set_Consumer_Data' successfully

2020-04-23 13:58:53 - [TEST_CASE][PASSED] - Test Cases/Reusable_Test_Sequences/Web_Office/Actions/Set_Consumer_Data: Test Cases/Reusable_Test_Sequences/Web_Office/Actions/Set_Consumer_Data

2020-04-23 13:58:53 - [TEST_STEP][PASSED] - "--------------------------------": null

2020-04-23 13:58:53 - [TEST_STEP][PASSED] - "Read data from spreadsheet      |": null

2020-04-23 13:58:53 - [TEST_STEP][PASSED] - data = findTestData("Data Files/Consumer_Data (1)"): null

2020-04-23 13:58:53 - [TEST_STEP][PASSED] - Forename = data.getValue("Forename", row): null

2020-04-23 13:58:53 - [TEST_STEP][PASSED] - Surname = data.getValue("Surname", row): null

2020-04-23 13:58:53 - [TEST_STEP][PASSED] - Mobile = data.getValue("Mobile", row): null

2020-04-23 13:58:53 - [TEST_STEP][PASSED] - Email = data.getValue("Email", row): null

2020-04-23 13:58:53 - [TEST_STEP][PASSED] - House = data.getValue("House", row): null

2020-04-23 13:58:53 - [TEST_STEP][PASSED] - Street = data.getValue("Street", row): null

2020-04-23 13:58:53 - [TEST_STEP][PASSED] - Town = data.getValue("Town", row): null

2020-04-23 13:58:53 - [TEST_STEP][PASSED] - City = data.getValue("City", row): null

2020-04-23 13:58:53 - [TEST_STEP][PASSED] - County = data.getValue("County", row): null

2020-04-23 13:58:53 - [TEST_STEP][PASSED] - Postcode = data.getValue("Postcode", row): null

2020-04-23 13:58:53 - [TEST_STEP][PASSED] - Phone = data.getValue("Phone", row): null

2020-04-23 13:58:53 - [TEST_STEP][PASSED] - Status = data.getValue("Status", row): null

2020-04-23 13:58:53 - [TEST_STEP][PASSED] - Type = data.getValue("Type", row): null

2020-04-23 13:58:53 - [TEST_STEP][PASSED] - Consumer_ID = data.getValue("Consumer_ID", row): null

2020-04-23 13:58:53 - [TEST_STEP][PASSED] - "--------------------------------": null

2020-04-23 13:58:53 - [TEST_STEP][PASSED] - "Read data from spreadsheet      |": null

2020-04-23 13:58:53 - [TEST_STEP][PASSED] - "--------------------------------": null

2020-04-23 13:58:53 - [TEST_STEP][PASSED] - "--------------------------------": null

2020-04-23 13:58:53 - [TEST_STEP][PASSED] - " Synchronisation                |": null

2020-04-23 13:58:53 - [TEST_STEP][PASSED] - waitForPageLoad(60): Wait for page load successfully

2020-04-23 13:58:53 - [MESSAGE][PASSED] - Wait for page load successfully

2020-04-23 13:58:53 - [TEST_STEP][PASSED] - waitForElementVisible(findTestObject("Object Repository/WebOffice/Consumers/Page_/input_Forename_ctl00CP1ctlSearchtbForenames"), 60): Object 'Object Repository/WebOffice/Consumers/Page_/input_Forename_ctl00CP1ctlSearchtbForenames' is visible

2020-04-23 13:58:54 - [MESSAGE][PASSED] - Object 'Object Repository/WebOffice/Consumers/Page_/input_Forename_ctl00CP1ctlSearchtbForenames' is visible

2020-04-23 13:58:54 - [TEST_STEP][PASSED] - click(findTestObject("Object Repository/WebOffice/Consumers/Page_/input_Forename_ctl00CP1ctlSearchtbForenames")): Object: 'Object Repository/WebOffice/Consumers/Page_/input_Forename_ctl00CP1ctlSearchtbForenames' is clicked on

2020-04-23 13:58:54 - [MESSAGE][PASSED] - Object: 'Object Repository/WebOffice/Consumers/Page_/input_Forename_ctl00CP1ctlSearchtbForenames' is clicked on

2020-04-23 13:58:54 - [TEST_STEP][PASSED] - "-------------------------------------------------------------------------------------------------------------------------------------": null

2020-04-23 13:58:54 - [TEST_STEP][PASSED] - setText(findTestObject("Object Repository/WebOffice/Consumers/Page_/input_Forename_ctl00CP1ctlSearchtbForenames"), Forename): Text ' ' is set on object 'Object Repository/WebOffice/Consumers/Page_/input_Forename_ctl00CP1ctlSearchtbForenames'

2020-04-23 13:58:56 - [MESSAGE][PASSED] - Text ' ' is set on object 'Object Repository/WebOffice/Consumers/Page_/input_Forename_ctl00CP1ctlSearchtbForenames'

2020-04-23 13:58:56 - [TEST_STEP][PASSED] - "-------------------------------------------------------------------------------------------------------------------------------------": null

2020-04-23 13:58:56 - [TEST_STEP][PASSED] - setText(findTestObject("Object Repository/WebOffice/Consumers/Page_/input_Surname_ctl00CP1ctlSearchtbSurname"), Surname): Text ' ' is set on object 'Object Repository/WebOffice/Consumers/Page_/input_Surname_ctl00CP1ctlSearchtbSurname'

2020-04-23 13:58:56 - [MESSAGE][PASSED] - Text ' ' is set on object 'Object Repository/WebOffice/Consumers/Page_/input_Surname_ctl00CP1ctlSearchtbSurname'

2020-04-23 13:58:56 - [TEST_STEP][PASSED] - "-------------------------------------------------------------------------------------------------------------------------------------": null

2020-04-23 13:58:56 - [TEST_STEP][PASSED] - setText(findTestObject("Object Repository/WebOffice/Consumers/Page_/input_Mobile_ctl00CP1ctlSearchtbMobile"), Mobile): Text '' is set on object 'Object Repository/WebOffice/Consumers/Page_/input_Mobile_ctl00CP1ctlSearchtbMobile'

2020-04-23 13:58:57 - [MESSAGE][PASSED] - Text '' is set on object 'Object Repository/WebOffice/Consumers/Page_/input_Mobile_ctl00CP1ctlSearchtbMobile'

2020-04-23 13:58:57 - [TEST_STEP][PASSED] - "-------------------------------------------------------------------------------------------------------------------------------------": null

2020-04-23 13:58:57 - [TEST_STEP][PASSED] - setText(findTestObject("Object Repository/WebOffice/Consumers/Page_/input_Email_ctl00CP1ctlSearchtbEmail"), Email): Text 'gordbro@gmail.com' is set on object 'Object Repository/WebOffice/Consumers/Page_/input_Email_ctl00CP1ctlSearchtbEmail'

2020-04-23 13:58:57 - [MESSAGE][PASSED] - Text 'gordbro@gmail.com' is set on object 'Object Repository/WebOffice/Consumers/Page_/input_Email_ctl00CP1ctlSearchtbEmail'

2020-04-23 13:58:57 - [TEST_STEP][PASSED] - "-------------------------------------------------------------------------------------------------------------------------------------": null

2020-04-23 13:58:57 - [TEST_STEP][PASSED] - setText(findTestObject("Object Repository/WebOffice/Consumers/Page_/input_House_ctl00CP1ctlSearchtbHouse"), House): Text '' is set on object 'Object Repository/WebOffice/Consumers/Page_/input_House_ctl00CP1ctlSearchtbHouse'

2020-04-23 13:58:57 - [MESSAGE][PASSED] - Text '' is set on object 'Object Repository/WebOffice/Consumers/Page_/input_House_ctl00CP1ctlSearchtbHouse'

2020-04-23 13:58:57 - [TEST_STEP][PASSED] - "-------------------------------------------------------------------------------------------------------------------------------------": null

2020-04-23 13:58:57 - [TEST_STEP][PASSED] - setText(findTestObject("Object Repository/WebOffice/Consumers/Page_/input_Street_ctl00CP1ctlSearchtbStreet"), Street): Text '' is set on object 'Object Repository/WebOffice/Consumers/Page_/input_Street_ctl00CP1ctlSearchtbStreet'

2020-04-23 13:58:57 - [MESSAGE][PASSED] - Text '' is set on object 'Object Repository/WebOffice/Consumers/Page_/input_Street_ctl00CP1ctlSearchtbStreet'

2020-04-23 13:58:57 - [TEST_STEP][PASSED] - "-------------------------------------------------------------------------------------------------------------------------------------": null

2020-04-23 13:58:57 - [TEST_STEP][PASSED] - setText(findTestObject("Object Repository/WebOffice/Consumers/Page_/input_Town_ctl00CP1ctlSearchtbTown"), Town): Text '' is set on object 'Object Repository/WebOffice/Consumers/Page_/input_Town_ctl00CP1ctlSearchtbTown'

2020-04-23 13:58:58 - [MESSAGE][PASSED] - Text '' is set on object 'Object Repository/WebOffice/Consumers/Page_/input_Town_ctl00CP1ctlSearchtbTown'

2020-04-23 13:58:58 - [TEST_STEP][PASSED] - "-------------------------------------------------------------------------------------------------------------------------------------": null

2020-04-23 13:58:58 - [TEST_STEP][PASSED] - setText(findTestObject("Object Repository/WebOffice/Consumers/Page_/input_City_ctl00CP1ctlSearchtbCity"), City): Text '' is set on object 'Object Repository/WebOffice/Consumers/Page_/input_City_ctl00CP1ctlSearchtbCity'

2020-04-23 13:58:58 - [MESSAGE][PASSED] - Text '' is set on object 'Object Repository/WebOffice/Consumers/Page_/input_City_ctl00CP1ctlSearchtbCity'

2020-04-23 13:58:58 - [TEST_STEP][PASSED] - "-------------------------------------------------------------------------------------------------------------------------------------": null

2020-04-23 13:58:58 - [TEST_STEP][PASSED] - setText(findTestObject("Object Repository/WebOffice/Consumers/Page_/input_County_ctl00CP1ctlSearchtbCounty"), County): Text '' is set on object 'Object Repository/WebOffice/Consumers/Page_/input_County_ctl00CP1ctlSearchtbCounty'

2020-04-23 13:58:58 - [MESSAGE][PASSED] - Text '' is set on object 'Object Repository/WebOffice/Consumers/Page_/input_County_ctl00CP1ctlSearchtbCounty'

2020-04-23 13:58:58 - [TEST_STEP][PASSED] - "-------------------------------------------------------------------------------------------------------------------------------------": null

2020-04-23 13:58:58 - [TEST_STEP][PASSED] - setText(findTestObject("Object Repository/WebOffice/Consumers/Page_/input_Postcode_ctl00CP1ctlSearchtbPostcode"), Postcode): Text '' is set on object 'Object Repository/WebOffice/Consumers/Page_/input_Postcode_ctl00CP1ctlSearchtbPostcode'

2020-04-23 13:58:59 - [MESSAGE][PASSED] - Text '' is set on object 'Object Repository/WebOffice/Consumers/Page_/input_Postcode_ctl00CP1ctlSearchtbPostcode'

2020-04-23 13:58:59 - [TEST_STEP][PASSED] - "-------------------------------------------------------------------------------------------------------------------------------------": null

2020-04-23 13:58:59 - [TEST_STEP][PASSED] - setText(findTestObject("Object Repository/WebOffice/Consumers/Page_/input_Phone_ctl00CP1ctlSearchtbTel"), Phone): Text '' is set on object 'Object Repository/WebOffice/Consumers/Page_/input_Phone_ctl00CP1ctlSearchtbTel'

2020-04-23 13:58:59 - [MESSAGE][PASSED] - Text '' is set on object 'Object Repository/WebOffice/Consumers/Page_/input_Phone_ctl00CP1ctlSearchtbTel'

2020-04-23 13:58:59 - [TEST_STEP][PASSED] - "-------------------------------------------------------------------------------------------------------------------------------------": null

2020-04-23 13:58:59 - [TEST_STEP][PASSED] - "Set Status": null

2020-04-23 13:58:59 - [TEST_STEP][PASSED] - "-------------------------------------------------------------------------------------------------------------------------------------": null

2020-04-23 13:58:59 - [TEST_STEP][PASSED] - "Status 3 Options": null

2020-04-23 13:58:59 - [TEST_STEP][PASSED] - "-------------------------------------------------------------------------------------------------------------------------------------": null

2020-04-23 13:58:59 - [TEST_STEP][PASSED] - "Set Type": null

2020-04-23 13:58:59 - [TEST_STEP][PASSED] - "-------------------------------------------------------------------------------------------------------------------------------------": null

2020-04-23 13:58:59 - [TEST_STEP][PASSED] - "Type 3 Options": null

2020-04-23 13:58:59 - [TEST_STEP][PASSED] - "-------------------------------------------------------------------------------------------------------------------------------------": null

2020-04-23 13:58:59 - [TEST_STEP][PASSED] - click(findTestObject("Object Repository/WebOffice/Consumers/Page_/input_Clear_ctl00CP1ctlSearchbtnSearch")): Object: 'Object Repository/WebOffice/Consumers/Page_/input_Clear_ctl00CP1ctlSearchbtnSearch' is clicked on

2020-04-23 13:58:59 - [MESSAGE][PASSED] - Object: 'Object Repository/WebOffice/Consumers/Page_/input_Clear_ctl00CP1ctlSearchbtnSearch' is clicked on

2020-04-23 13:58:59 - [MESSAGE][PASSED] - Call Test Case 'Test Cases/Reusable_Test_Sequences/Web_Office/Actions/Set_Consumer_Data' successfully

2020-04-23 13:58:59 - [TEST_STEP][PASSED] - "--------------------------------------": null

2020-04-23 13:58:59 - [TEST_STEP][PASSED] - " Select Returned Record to Verify     |": null

2020-04-23 13:58:59 - [TEST_STEP][PASSED] - callTestCase(findTestCase("Reusable_Test_Sequences/Web_Office/Actions/Select_Consumer"), [:], OPTIONAL): Call Test Case 'Test Cases/Reusable_Test_Sequences/Web_Office/Actions/Select_Consumer' successfully

2020-04-23 13:58:59 - [TEST_CASE][PASSED] - Test Cases/Reusable_Test_Sequences/Web_Office/Actions/Select_Consumer: Test Cases/Reusable_Test_Sequences/Web_Office/Actions/Select_Consumer

2020-04-23 13:59:00 - [TEST_STEP][PASSED] - "--------": null

2020-04-23 13:59:00 - [TEST_STEP][PASSED] - "Search  |": null

2020-04-23 13:59:00 - [TEST_STEP][PASSED] - waitForPageLoad(60): Wait for page load successfully

2020-04-23 13:59:00 - [MESSAGE][PASSED] - Wait for page load successfully

2020-04-23 13:59:00 - [TEST_STEP][PASSED] - waitForElementClickable(findTestObject("Object Repository/WO_Consumer/Page_/input_Clear_ctl00CP1ctlSearchbtnSearch"), 60): Object 'Object Repository/WO_Consumer/Page_/input_Clear_ctl00CP1ctlSearchbtnSearch' is clickable

2020-04-23 13:59:00 - [MESSAGE][PASSED] - Object 'Object Repository/WO_Consumer/Page_/input_Clear_ctl00CP1ctlSearchbtnSearch' is clickable

2020-04-23 13:59:00 - [TEST_STEP][PASSED] - click(findTestObject("Object Repository/WO_Consumer/Page_/input_Clear_ctl00CP1ctlSearchbtnSearch")): Object: 'Object Repository/WO_Consumer/Page_/input_Clear_ctl00CP1ctlSearchbtnSearch' is clicked on

2020-04-23 13:59:00 - [MESSAGE][PASSED] - Object: 'Object Repository/WO_Consumer/Page_/input_Clear_ctl00CP1ctlSearchbtnSearch' is clicked on

2020-04-23 13:59:00 - [TEST_STEP][PASSED] - delay(5): Delayed 5 second(s)

2020-04-23 13:59:05 - [MESSAGE][PASSED] - Delayed 5 second(s)

2020-04-23 13:59:05 - [TEST_STEP][PASSED] - "--------": null

2020-04-23 13:59:05 - [TEST_STEP][PASSED] - "Synch   |": null

2020-04-23 13:59:05 - [TEST_STEP][PASSED] - waitForPageLoad(120): Wait for page load successfully

2020-04-23 13:59:05 - [MESSAGE][PASSED] - Wait for page load successfully

2020-04-23 13:59:05 - [TEST_STEP][PASSED] - waitForElementClickable(findTestObject("Object Repository/WO_Consumer/Page_/a_Feedback"), 60): Object 'Object Repository/WO_Consumer/Page_/a_Feedback' is clickable

2020-04-23 13:59:14 - [MESSAGE][PASSED] - Object 'Object Repository/WO_Consumer/Page_/a_Feedback' is clickable

2020-04-23 13:59:14 - [TEST_STEP][PASSED] - "----------------------------------------": null

2020-04-23 13:59:14 - [TEST_STEP][PASSED] - "Initial Table View (Populated or Not    |": null

2020-04-23 13:59:14 - [TEST_STEP][PASSED] - "----------------------------------------": null

2020-04-23 13:59:14 - [TEST_STEP][PASSED] - "---------------------------------------------------": null

2020-04-23 13:59:14 - [TEST_STEP][PASSED] - "If Record Exists Then rocess, Otherwise Jump Over  |": null

2020-04-23 13:59:14 - [TEST_STEP][PASSED] - "---------------------------------------------------": null

2020-04-23 13:59:14 - [TEST_STEP][PASSED] - "----------------------------------------": null

2020-04-23 13:59:14 - [TEST_STEP][PASSED] - "Initial Table Return Checks": null

2020-04-23 13:59:14 - [TEST_STEP][PASSED] - "----------------------------------------": null

2020-04-23 13:59:14 - [TEST_STEP][PASSED] - "--------": null

2020-04-23 13:59:14 - [TEST_STEP][PASSED] - "Sort    |": null

2020-04-23 13:59:14 - [TEST_STEP][PASSED] - click(findTestObject("Object Repository/WO_Consumer/Page_/a_Feedback")): Object: 'Object Repository/WO_Consumer/Page_/a_Feedback' is clicked on

2020-04-23 13:59:19 - [MESSAGE][PASSED] - Object: 'Object Repository/WO_Consumer/Page_/a_Feedback' is clicked on

2020-04-23 13:59:19 - [TEST_STEP][PASSED] - delay(5): Delayed 5 second(s)

2020-04-23 13:59:24 - [MESSAGE][PASSED] - Delayed 5 second(s)

2020-04-23 13:59:24 - [TEST_STEP][PASSED] - "--------": null

2020-04-23 13:59:24 - [TEST_STEP][PASSED] - "Sort    |": null

2020-04-23 13:59:24 - [TEST_STEP][PASSED] - click(findTestObject("Object Repository/WO_Consumer/Page_/a_Feedback")): Object: 'Object Repository/WO_Consumer/Page_/a_Feedback' is clicked on

2020-04-23 13:59:29 - [MESSAGE][PASSED] - Object: 'Object Repository/WO_Consumer/Page_/a_Feedback' is clicked on

2020-04-23 13:59:29 - [TEST_STEP][PASSED] - delay(5): Delayed 5 second(s)

2020-04-23 13:59:34 - [MESSAGE][PASSED] - Delayed 5 second(s)

2020-04-23 13:59:34 - [TEST_STEP][PASSED] - "--------": null

2020-04-23 13:59:34 - [TEST_STEP][PASSED] - "Select  |": null

2020-04-23 13:59:34 - [TEST_STEP][PASSED] - waitForElementClickable(findTestObject("WO_Consumer/Page_/td_TopRow"), 60): Object 'Object Repository/WO_Consumer/Page_/td_TopRow' is clickable

2020-04-23 13:59:34 - [MESSAGE][PASSED] - Object 'Object Repository/WO_Consumer/Page_/td_TopRow' is clickable

2020-04-23 13:59:34 - [TEST_STEP][PASSED] - click(findTestObject("WO_Consumer/Page_/td_TopRow")): Object: 'Object Repository/WO_Consumer/Page_/td_TopRow' is clicked on

2020-04-23 13:59:35 - [MESSAGE][PASSED] - Object: 'Object Repository/WO_Consumer/Page_/td_TopRow' is clicked on

2020-04-23 13:59:35 - [TEST_STEP][PASSED] - delay(1): Delayed 1 second(s)

2020-04-23 13:59:36 - [MESSAGE][PASSED] - Delayed 1 second(s)

2020-04-23 13:59:36 - [MESSAGE][PASSED] - Call Test Case 'Test Cases/Reusable_Test_Sequences/Web_Office/Actions/Select_Consumer' successfully

2020-04-23 13:59:36 - [TEST_STEP][PASSED] - "--------------------------------------": null

2020-04-23 13:59:36 - [TEST_STEP][PASSED] - " Verify Returned Consumer Record      |": null

2020-04-23 13:59:36 - [TEST_STEP][PASSED] - callTestCase(findTestCase("Reusable_Test_Sequences/Web_Office/Verification/Consumer_Returned_Search_Record"), [:], OPTIONAL): Call Test Case 'Test Cases/Reusable_Test_Sequences/Web_Office/Verification/Consumer_Returned_Search_Record' successfully

2020-04-23 13:59:36 - [TEST_CASE][PASSED] - Test Cases/Reusable_Test_Sequences/Web_Office/Verification/Consumer_Returned_Search_Record: Test Cases/Reusable_Test_Sequences/Web_Office/Verification/Consumer_Returned_Search_Record

2020-04-23 13:59:37 - [TEST_STEP][PASSED] - "--------------------------------": null

2020-04-23 13:59:37 - [TEST_STEP][PASSED] - "Read data from spreadsheet      | r_ = Returned Data": null

2020-04-23 13:59:37 - [TEST_STEP][PASSED] - data = findTestData("Data Files/Consumer_Data (1)"): null

2020-04-23 13:59:37 - [TEST_STEP][PASSED] - Consumer_ID = data.getValue("Consumer_ID", row): null

2020-04-23 13:59:37 - [TEST_STEP][PASSED] - Title = data.getValue("r_Title", row): null

2020-04-23 13:59:37 - [TEST_STEP][PASSED] - Forenames = data.getValue("r_Forenames", row): null

2020-04-23 13:59:37 - [TEST_STEP][PASSED] - Surname = data.getValue("r_Surname", row): null

2020-04-23 13:59:37 - [TEST_STEP][PASSED] - Housename = data.getValue("r_Housename", row): null

2020-04-23 13:59:37 - [TEST_STEP][PASSED] - Number_Street = data.getValue("r_Number_and_Street", row): null

2020-04-23 13:59:37 - [TEST_STEP][PASSED] - City = data.getValue("r_City", row): null

2020-04-23 13:59:37 - [TEST_STEP][PASSED] - Town = data.getValue("r_Town", row): null

2020-04-23 13:59:37 - [TEST_STEP][PASSED] - County = data.getValue("r_County", row): null

2020-04-23 13:59:37 - [TEST_STEP][PASSED] - Postcode = data.getValue("r_Postcode", row): null

2020-04-23 13:59:37 - [TEST_STEP][PASSED] - Phone1 = data.getValue("r_Phone_1", row): null

2020-04-23 13:59:37 - [TEST_STEP][PASSED] - Phone2 = data.getValue("r_Phone_2", row): null

2020-04-23 13:59:37 - [TEST_STEP][PASSED] - Fax = data.getValue("r_Fax", row): null

2020-04-23 13:59:37 - [TEST_STEP][PASSED] - r_Full_Name = data.getValue("r_Full_Name", 1): null

2020-04-23 13:59:37 - [TEST_STEP][PASSED] - r_Full_Address = data.getValue("r_Full_Address", 1): null

2020-04-23 13:59:37 - [TEST_STEP][PASSED] - "--------------------------------": null

2020-04-23 13:59:37 - [TEST_STEP][PASSED] - "Read data from spreadsheet      |": null

2020-04-23 13:59:37 - [TEST_STEP][PASSED] - Actual_Page_Text = "": null

2020-04-23 13:59:37 - [TEST_STEP][PASSED] - Expected_Page_Text = "": null

2020-04-23 13:59:37 - [TEST_STEP][PASSED] - waitForPageLoad(60): Wait for page load successfully

2020-04-23 13:59:37 - [MESSAGE][PASSED] - Wait for page load successfully

2020-04-23 13:59:37 - [TEST_STEP][PASSED] - delay(1): Delayed 1 second(s)

2020-04-23 13:59:38 - [MESSAGE][PASSED] - Delayed 1 second(s)

2020-04-23 13:59:38 - [TEST_STEP][PASSED] - "HEADER DETAIL - iFrame": null

2020-04-23 13:59:38 - [TEST_STEP][PASSED] - "----------------": null

2020-04-23 13:59:38 - [TEST_STEP][PASSED] - "Full Name       |": null

2020-04-23 13:59:38 - [TEST_STEP][PASSED] - verifyElementPresent(findTestObject("Object Repository/WO_Consumer/Page_/Page_/a_Mr Gordon Brown"), 25): Object 'Object Repository/WO_Consumer/Page_/Page_/a_Mr Gordon Brown' is present

2020-04-23 13:59:38 - [MESSAGE][PASSED] - Object 'Object Repository/WO_Consumer/Page_/Page_/a_Mr Gordon Brown' is present

2020-04-23 13:59:38 - [TEST_STEP][PASSED] - "----------------": null

2020-04-23 13:59:38 - [TEST_STEP][PASSED] - "Full Address    |": null

2020-04-23 13:59:38 - [TEST_STEP][PASSED] - verifyElementPresent(findTestObject("Object Repository/WO_Consumer/Page_/Page_/div_Haywards Heath West Sussex RH16 4ER4477_d20822"), 25): Object 'Object Repository/WO_Consumer/Page_/Page_/div_Haywards Heath West Sussex RH16 4ER4477_d20822' is present

2020-04-23 13:59:38 - [MESSAGE][PASSED] - Object 'Object Repository/WO_Consumer/Page_/Page_/div_Haywards Heath West Sussex RH16 4ER4477_d20822' is present

2020-04-23 13:59:38 - [TEST_STEP][PASSED] - "BODY DETAIL - iFrame": null

2020-04-23 13:59:38 - [TEST_STEP][PASSED] - "----------------": null

2020-04-23 13:59:38 - [TEST_STEP][PASSED] - "EDIT Consumer   |": null

2020-04-23 13:59:38 - [TEST_STEP][PASSED] - verifyElementPresent(findTestObject("Object Repository/WO_Consumer/Page_/Page_/input_Title_ctledittbTitle"), 25): Object 'Object Repository/WO_Consumer/Page_/Page_/input_Title_ctledittbTitle' is present

2020-04-23 13:59:39 - [MESSAGE][PASSED] - Object 'Object Repository/WO_Consumer/Page_/Page_/input_Title_ctledittbTitle' is present

2020-04-23 13:59:39 - [TEST_STEP][PASSED] - "----------------": null

2020-04-23 13:59:39 - [TEST_STEP][PASSED] - "Address         |": null

2020-04-23 13:59:39 - [TEST_STEP][PASSED] - verifyElementPresent(findTestObject("Object Repository/WO_Consumer/Page_/Page_/span_Please ensure the Street  Road name is_e38a58"), 25): Object 'Object Repository/WO_Consumer/Page_/Page_/span_Please ensure the Street  Road name is_e38a58' is present

2020-04-23 13:59:39 - [MESSAGE][PASSED] - Object 'Object Repository/WO_Consumer/Page_/Page_/span_Please ensure the Street  Road name is_e38a58' is present

2020-04-23 13:59:39 - [MESSAGE][PASSED] - Call Test Case 'Test Cases/Reusable_Test_Sequences/Web_Office/Verification/Consumer_Returned_Search_Record' successfully

2020-04-23 13:59:39 - [TEST_STEP][PASSED] - "--------------------------": null

2020-04-23 13:59:39 - [TEST_STEP][PASSED] - " Teardown - CLose Browser |": null

2020-04-23 13:59:39 - [TEST_STEP][PASSED] - callTestCase(findTestCase("Reusable_Test_Sequences/CAT_Teardown"), [:], OPTIONAL): Call Test Case 'Test Cases/Reusable_Test_Sequences/CAT_Teardown' successfully

2020-04-23 13:59:39 - [TEST_CASE][PASSED] - Test Cases/Reusable_Test_Sequences/CAT_Teardown: Test Cases/Reusable_Test_Sequences/CAT_Teardown

2020-04-23 13:59:39 - [TEST_STEP][PASSED] - closeBrowser(): Browser is closed

2020-04-23 13:59:41 - [MESSAGE][PASSED] - Browser is closed

2020-04-23 13:59:41 - [TEST_STEP][PASSED] - super.finalize(): null

2020-04-23 13:59:41 - [TEST_STEP][PASSED] - System.gc(): null

2020-04-23 13:59:42 - [MESSAGE][PASSED] - Call Test Case 'Test Cases/Reusable_Test_Sequences/CAT_Teardown' successfully

2020-04-23 13:59:42 - [TEST_STEP][PASSED] - "--------------------------------------": null

2020-04-23 13:59:42 - [TEST_STEP][PASSED] - " Web Office StartUp                   |": null

2020-04-23 13:59:42 - [TEST_STEP][PASSED] - callTestCase(findTestCase("Reusable_Test_Sequences/Web_Office/Directives/WebOffice_StartUp"), [:], STOP_ON_FAILURE): Call Test Case 'Test Cases/Reusable_Test_Sequences/Web_Office/Directives/WebOffice_StartUp' successfully

2020-04-23 13:59:42 - [TEST_CASE][PASSED] - Test Cases/Reusable_Test_Sequences/Web_Office/Directives/WebOffice_StartUp: Test Cases/Reusable_Test_Sequences/Web_Office/Directives/WebOffice_StartUp

2020-04-23 13:59:42 - [TEST_STEP][PASSED] - "-----------------------------------------------------------------------------": null

2020-04-23 13:59:42 - [TEST_STEP][PASSED] - if (URL == "https://www.dev.checkatrade.com/"): null

2020-04-23 13:59:42 - [TEST_STEP][PASSED] - "-----------------------------------------------------------------------------": null

2020-04-23 13:59:42 - [TEST_STEP][PASSED] - if (URL == "https://www.checkatrade.com/"): null

2020-04-23 13:59:42 - [TEST_STEP][PASSED] - "-----------------------------------------------------------------------------": null

2020-04-23 13:59:42 - [TEST_STEP][PASSED] - if (URL == "https://www.preview.checkatrade.com/"): null

2020-04-23 13:59:42 - [TEST_STEP][PASSED] - WebOfficeURL = "https://admin.preview.checkatrade.com/": null

2020-04-23 13:59:42 - [TEST_STEP][PASSED] - if (URL == "https://www.dev2.checkatrade.com/"): null

2020-04-23 13:59:42 - [TEST_STEP][PASSED] - "Set Function Area for "URL_Handler", URL Resolution": null

2020-04-23 13:59:42 - [TEST_STEP][PASSED] - "Do Some Magic with URL(s) See the comments within URL Handler ": null

2020-04-23 13:59:42 - [TEST_STEP][PASSED] - "------------------------------------------------": null

2020-04-23 13:59:42 - [TEST_STEP][PASSED] - "Moved Login Credentials to <Default> profile 22/01/2020": null

2020-04-23 13:59:42 - [TEST_STEP][PASSED] - "------------------------------------------------": null

2020-04-23 13:59:42 - [TEST_STEP][PASSED] - "WebOfficeURL - Set from the ENVIRONMENT PROFILE ": null

2020-04-23 13:59:42 - [TEST_STEP][PASSED] - "OPEN BROWSER": null

2020-04-23 13:59:42 - [TEST_STEP][PASSED] - "eg - https://admin.preview.checkatrade.com/  ": null

2020-04-23 13:59:42 - [TEST_STEP][PASSED] - openBrowser(WebOfficeURL): Browser is opened with url: 'https://admin.preview.checkatrade.com/'

2020-04-23 13:59:42 - [MESSAGE][INFO] - Starting 'Chrome' driver

2020-04-23 13:59:42 - [MESSAGE][INFO] - Action delay is set to 0 milliseconds

2020-04-23 13:59:47 - [MESSAGE][PASSED] - Browser is opened with url: 'https://admin.preview.checkatrade.com/'

2020-04-23 13:59:47 - [TEST_STEP][PASSED] - maximizeWindow(): Current window maximized

2020-04-23 13:59:49 - [MESSAGE][PASSED] - Current window maximized

2020-04-23 13:59:49 - [TEST_STEP][PASSED] - waitForElementClickable(findTestObject("Object Repository/WebOffice/Page_Checkatrade - Administration - Login/Login_Button"), 25): Object 'Object Repository/WebOffice/Page_Checkatrade - Administration - Login/Login_Button' is clickable

2020-04-23 13:59:50 - [MESSAGE][PASSED] - Object 'Object Repository/WebOffice/Page_Checkatrade - Administration - Login/Login_Button' is clickable

2020-04-23 13:59:50 - [TEST_STEP][PASSED] - verifyTextPresent("Checkatrade Web Office", false): Text 'Checkatrade Web Office' is present on page 

2020-04-23 13:59:50 - [MESSAGE][PASSED] - Text 'Checkatrade Web Office' is present on page 

2020-04-23 13:59:50 - [TEST_STEP][PASSED] - verifyTextPresent("Access for staff use only", false): Text 'Access for staff use only' is present on page 

2020-04-23 13:59:50 - [MESSAGE][PASSED] - Text 'Access for staff use only' is present on page 

2020-04-23 13:59:50 - [TEST_STEP][PASSED] - verifyTextPresent("Forgotten password?", false): Text 'Forgotten password?' is present on page 

2020-04-23 13:59:50 - [MESSAGE][PASSED] - Text 'Forgotten password?' is present on page 

2020-04-23 13:59:50 - [TEST_STEP][PASSED] - setText(findTestObject("Object Repository/WebOffice/Page_Checkatrade - Administration - Login/input_Username_LoginControlUserName"), wo_Username): Text 'DavidHo' is set on object 'Object Repository/WebOffice/Page_Checkatrade - Administration - Login/input_Username_LoginControlUserName'

2020-04-23 13:59:50 - [MESSAGE][PASSED] - Text 'DavidHo' is set on object 'Object Repository/WebOffice/Page_Checkatrade - Administration - Login/input_Username_LoginControlUserName'

2020-04-23 13:59:50 - [TEST_STEP][PASSED] - setText(findTestObject("Object Repository/WebOffice/Page_Checkatrade - Administration - Login/input_Password_LoginControlPassword"), wo_Password): Text 'Check123' is set on object 'Object Repository/WebOffice/Page_Checkatrade - Administration - Login/input_Password_LoginControlPassword'

2020-04-23 13:59:50 - [MESSAGE][PASSED] - Text 'Check123' is set on object 'Object Repository/WebOffice/Page_Checkatrade - Administration - Login/input_Password_LoginControlPassword'

2020-04-23 13:59:50 - [TEST_STEP][PASSED] - click(findTestObject("Object Repository/WebOffice/Page_Checkatrade - Administration - Login/Login_Button")): Object: 'Object Repository/WebOffice/Page_Checkatrade - Administration - Login/Login_Button' is clicked on

2020-04-23 13:59:51 - [MESSAGE][PASSED] - Object: 'Object Repository/WebOffice/Page_Checkatrade - Administration - Login/Login_Button' is clicked on

2020-04-23 13:59:51 - [TEST_STEP][PASSED] - waitForPageLoad(60): Wait for page load successfully

2020-04-23 13:59:52 - [MESSAGE][PASSED] - Wait for page load successfully

2020-04-23 13:59:52 - [TEST_STEP][PASSED] - verifyTextPresent("Welcome " + wo_Username, false): Text 'Welcome DavidHo' is present on page 

2020-04-23 13:59:52 - [MESSAGE][PASSED] - Text 'Welcome DavidHo' is present on page 

2020-04-23 13:59:52 - [MESSAGE][PASSED] - Call Test Case 'Test Cases/Reusable_Test_Sequences/Web_Office/Directives/WebOffice_StartUp' successfully

2020-04-23 13:59:52 - [TEST_STEP][PASSED] - "--------------------------------------": null

2020-04-23 13:59:52 - [TEST_STEP][PASSED] - " Navigate to <Consumer> Menu Item     |": null

2020-04-23 13:59:52 - [TEST_STEP][PASSED] - callTestCase(findTestCase("Reusable_Test_Sequences/Web_Office/navigation/Navigate_Consumers"), [:], STOP_ON_FAILURE): Call Test Case 'Test Cases/Reusable_Test_Sequences/Web_Office/navigation/Navigate_Consumers' successfully

2020-04-23 13:59:52 - [TEST_CASE][PASSED] - Test Cases/Reusable_Test_Sequences/Web_Office/navigation/Navigate_Consumers: Test Cases/Reusable_Test_Sequences/Web_Office/navigation/Navigate_Consumers

2020-04-23 13:59:52 - [TEST_STEP][PASSED] - "--------------------------------------": null

2020-04-23 13:59:52 - [TEST_STEP][PASSED] - " Navigate Top level menu Item         |": null

2020-04-23 13:59:52 - [TEST_STEP][PASSED] - waitForPageLoad(60): Wait for page load successfully

2020-04-23 13:59:52 - [MESSAGE][PASSED] - Wait for page load successfully

2020-04-23 13:59:52 - [TEST_STEP][PASSED] - waitForElementClickable(findTestObject("Object Repository/WebOffice_Home_page/a_Consumers"), 60): Object 'Object Repository/WebOffice_Home_page/a_Consumers' is clickable

2020-04-23 13:59:52 - [MESSAGE][PASSED] - Object 'Object Repository/WebOffice_Home_page/a_Consumers' is clickable

2020-04-23 13:59:52 - [TEST_STEP][PASSED] - click(findTestObject("Object Repository/WebOffice_Home_page/a_Consumers")): Object: 'Object Repository/WebOffice_Home_page/a_Consumers' is clicked on

2020-04-23 13:59:53 - [MESSAGE][PASSED] - Object: 'Object Repository/WebOffice_Home_page/a_Consumers' is clicked on

2020-04-23 13:59:53 - [MESSAGE][PASSED] - Call Test Case 'Test Cases/Reusable_Test_Sequences/Web_Office/navigation/Navigate_Consumers' successfully

2020-04-23 13:59:53 - [TEST_STEP][PASSED] - "--------------------------------------": null

2020-04-23 13:59:53 - [TEST_STEP][PASSED] - " LH Pane  - Apply Search Criteria     |": null

2020-04-23 13:59:53 - [TEST_STEP][PASSED] - callTestCase(findTestCase("Reusable_Test_Sequences/Web_Office/Actions/Set_Consumer_Data"), [:], STOP_ON_FAILURE): Call Test Case 'Test Cases/Reusable_Test_Sequences/Web_Office/Actions/Set_Consumer_Data' successfully

2020-04-23 13:59:53 - [TEST_CASE][PASSED] - Test Cases/Reusable_Test_Sequences/Web_Office/Actions/Set_Consumer_Data: Test Cases/Reusable_Test_Sequences/Web_Office/Actions/Set_Consumer_Data

2020-04-23 13:59:53 - [TEST_STEP][PASSED] - "--------------------------------": null

2020-04-23 13:59:53 - [TEST_STEP][PASSED] - "Read data from spreadsheet      |": null

2020-04-23 13:59:53 - [TEST_STEP][PASSED] - data = findTestData("Data Files/Consumer_Data (1)"): null

2020-04-23 13:59:53 - [TEST_STEP][PASSED] - Forename = data.getValue("Forename", row): null

2020-04-23 13:59:53 - [TEST_STEP][PASSED] - Surname = data.getValue("Surname", row): null

2020-04-23 13:59:53 - [TEST_STEP][PASSED] - Mobile = data.getValue("Mobile", row): null

2020-04-23 13:59:53 - [TEST_STEP][PASSED] - Email = data.getValue("Email", row): null

2020-04-23 13:59:53 - [TEST_STEP][PASSED] - House = data.getValue("House", row): null

2020-04-23 13:59:53 - [TEST_STEP][PASSED] - Street = data.getValue("Street", row): null

2020-04-23 13:59:53 - [TEST_STEP][PASSED] - Town = data.getValue("Town", row): null

2020-04-23 13:59:53 - [TEST_STEP][PASSED] - City = data.getValue("City", row): null

2020-04-23 13:59:53 - [TEST_STEP][PASSED] - County = data.getValue("County", row): null

2020-04-23 13:59:53 - [TEST_STEP][PASSED] - Postcode = data.getValue("Postcode", row): null

2020-04-23 13:59:53 - [TEST_STEP][PASSED] - Phone = data.getValue("Phone", row): null

2020-04-23 13:59:53 - [TEST_STEP][PASSED] - Status = data.getValue("Status", row): null

2020-04-23 13:59:53 - [TEST_STEP][PASSED] - Type = data.getValue("Type", row): null

2020-04-23 13:59:53 - [TEST_STEP][PASSED] - Consumer_ID = data.getValue("Consumer_ID", row): null

2020-04-23 13:59:53 - [TEST_STEP][PASSED] - "--------------------------------": null

2020-04-23 13:59:53 - [TEST_STEP][PASSED] - "Read data from spreadsheet      |": null

2020-04-23 13:59:53 - [TEST_STEP][PASSED] - "--------------------------------": null

2020-04-23 13:59:53 - [TEST_STEP][PASSED] - "--------------------------------": null

2020-04-23 13:59:53 - [TEST_STEP][PASSED] - " Synchronisation                |": null

2020-04-23 13:59:53 - [TEST_STEP][PASSED] - waitForPageLoad(60): Wait for page load successfully

2020-04-23 13:59:53 - [MESSAGE][PASSED] - Wait for page load successfully

2020-04-23 13:59:53 - [TEST_STEP][PASSED] - waitForElementVisible(findTestObject("Object Repository/WebOffice/Consumers/Page_/input_Forename_ctl00CP1ctlSearchtbForenames"), 60): Object 'Object Repository/WebOffice/Consumers/Page_/input_Forename_ctl00CP1ctlSearchtbForenames' is visible

2020-04-23 13:59:53 - [MESSAGE][PASSED] - Object 'Object Repository/WebOffice/Consumers/Page_/input_Forename_ctl00CP1ctlSearchtbForenames' is visible

2020-04-23 13:59:53 - [TEST_STEP][PASSED] - click(findTestObject("Object Repository/WebOffice/Consumers/Page_/input_Forename_ctl00CP1ctlSearchtbForenames")): Object: 'Object Repository/WebOffice/Consumers/Page_/input_Forename_ctl00CP1ctlSearchtbForenames' is clicked on

2020-04-23 13:59:54 - [MESSAGE][PASSED] - Object: 'Object Repository/WebOffice/Consumers/Page_/input_Forename_ctl00CP1ctlSearchtbForenames' is clicked on

2020-04-23 13:59:54 - [TEST_STEP][PASSED] - "-------------------------------------------------------------------------------------------------------------------------------------": null

2020-04-23 13:59:54 - [TEST_STEP][PASSED] - setText(findTestObject("Object Repository/WebOffice/Consumers/Page_/input_Forename_ctl00CP1ctlSearchtbForenames"), Forename): Text '' is set on object 'Object Repository/WebOffice/Consumers/Page_/input_Forename_ctl00CP1ctlSearchtbForenames'

2020-04-23 13:59:54 - [MESSAGE][PASSED] - Text '' is set on object 'Object Repository/WebOffice/Consumers/Page_/input_Forename_ctl00CP1ctlSearchtbForenames'

2020-04-23 13:59:54 - [TEST_STEP][PASSED] - "-------------------------------------------------------------------------------------------------------------------------------------": null

2020-04-23 13:59:54 - [TEST_STEP][PASSED] - setText(findTestObject("Object Repository/WebOffice/Consumers/Page_/input_Surname_ctl00CP1ctlSearchtbSurname"), Surname): Text '' is set on object 'Object Repository/WebOffice/Consumers/Page_/input_Surname_ctl00CP1ctlSearchtbSurname'

2020-04-23 13:59:54 - [MESSAGE][PASSED] - Text '' is set on object 'Object Repository/WebOffice/Consumers/Page_/input_Surname_ctl00CP1ctlSearchtbSurname'

2020-04-23 13:59:54 - [TEST_STEP][PASSED] - "-------------------------------------------------------------------------------------------------------------------------------------": null

2020-04-23 13:59:54 - [TEST_STEP][PASSED] - setText(findTestObject("Object Repository/WebOffice/Consumers/Page_/input_Mobile_ctl00CP1ctlSearchtbMobile"), Mobile): Text '447772534248' is set on object 'Object Repository/WebOffice/Consumers/Page_/input_Mobile_ctl00CP1ctlSearchtbMobile'

2020-04-23 13:59:54 - [MESSAGE][PASSED] - Text '447772534248' is set on object 'Object Repository/WebOffice/Consumers/Page_/input_Mobile_ctl00CP1ctlSearchtbMobile'

2020-04-23 13:59:54 - [TEST_STEP][PASSED] - "-------------------------------------------------------------------------------------------------------------------------------------": null

2020-04-23 13:59:54 - [TEST_STEP][PASSED] - setText(findTestObject("Object Repository/WebOffice/Consumers/Page_/input_Email_ctl00CP1ctlSearchtbEmail"), Email): Text '' is set on object 'Object Repository/WebOffice/Consumers/Page_/input_Email_ctl00CP1ctlSearchtbEmail'

2020-04-23 13:59:55 - [MESSAGE][PASSED] - Text '' is set on object 'Object Repository/WebOffice/Consumers/Page_/input_Email_ctl00CP1ctlSearchtbEmail'

2020-04-23 13:59:55 - [TEST_STEP][PASSED] - "-------------------------------------------------------------------------------------------------------------------------------------": null

2020-04-23 13:59:55 - [TEST_STEP][PASSED] - setText(findTestObject("Object Repository/WebOffice/Consumers/Page_/input_House_ctl00CP1ctlSearchtbHouse"), House): Text '' is set on object 'Object Repository/WebOffice/Consumers/Page_/input_House_ctl00CP1ctlSearchtbHouse'

2020-04-23 13:59:55 - [MESSAGE][PASSED] - Text '' is set on object 'Object Repository/WebOffice/Consumers/Page_/input_House_ctl00CP1ctlSearchtbHouse'

2020-04-23 13:59:55 - [TEST_STEP][PASSED] - "-------------------------------------------------------------------------------------------------------------------------------------": null

2020-04-23 13:59:55 - [TEST_STEP][PASSED] - setText(findTestObject("Object Repository/WebOffice/Consumers/Page_/input_Street_ctl00CP1ctlSearchtbStreet"), Street): Text '' is set on object 'Object Repository/WebOffice/Consumers/Page_/input_Street_ctl00CP1ctlSearchtbStreet'

2020-04-23 13:59:55 - [MESSAGE][PASSED] - Text '' is set on object 'Object Repository/WebOffice/Consumers/Page_/input_Street_ctl00CP1ctlSearchtbStreet'

2020-04-23 13:59:55 - [TEST_STEP][PASSED] - "-------------------------------------------------------------------------------------------------------------------------------------": null

2020-04-23 13:59:55 - [TEST_STEP][PASSED] - setText(findTestObject("Object Repository/WebOffice/Consumers/Page_/input_Town_ctl00CP1ctlSearchtbTown"), Town): Text '' is set on object 'Object Repository/WebOffice/Consumers/Page_/input_Town_ctl00CP1ctlSearchtbTown'

2020-04-23 13:59:55 - [MESSAGE][PASSED] - Text '' is set on object 'Object Repository/WebOffice/Consumers/Page_/input_Town_ctl00CP1ctlSearchtbTown'

2020-04-23 13:59:55 - [TEST_STEP][PASSED] - "-------------------------------------------------------------------------------------------------------------------------------------": null

2020-04-23 13:59:55 - [TEST_STEP][PASSED] - setText(findTestObject("Object Repository/WebOffice/Consumers/Page_/input_City_ctl00CP1ctlSearchtbCity"), City): Text '' is set on object 'Object Repository/WebOffice/Consumers/Page_/input_City_ctl00CP1ctlSearchtbCity'

2020-04-23 13:59:56 - [MESSAGE][PASSED] - Text '' is set on object 'Object Repository/WebOffice/Consumers/Page_/input_City_ctl00CP1ctlSearchtbCity'

2020-04-23 13:59:56 - [TEST_STEP][PASSED] - "-------------------------------------------------------------------------------------------------------------------------------------": null

2020-04-23 13:59:56 - [TEST_STEP][PASSED] - setText(findTestObject("Object Repository/WebOffice/Consumers/Page_/input_County_ctl00CP1ctlSearchtbCounty"), County): Text '' is set on object 'Object Repository/WebOffice/Consumers/Page_/input_County_ctl00CP1ctlSearchtbCounty'

2020-04-23 13:59:56 - [MESSAGE][PASSED] - Text '' is set on object 'Object Repository/WebOffice/Consumers/Page_/input_County_ctl00CP1ctlSearchtbCounty'

2020-04-23 13:59:56 - [TEST_STEP][PASSED] - "-------------------------------------------------------------------------------------------------------------------------------------": null

2020-04-23 13:59:56 - [TEST_STEP][PASSED] - setText(findTestObject("Object Repository/WebOffice/Consumers/Page_/input_Postcode_ctl00CP1ctlSearchtbPostcode"), Postcode): Text '' is set on object 'Object Repository/WebOffice/Consumers/Page_/input_Postcode_ctl00CP1ctlSearchtbPostcode'

2020-04-23 13:59:56 - [MESSAGE][PASSED] - Text '' is set on object 'Object Repository/WebOffice/Consumers/Page_/input_Postcode_ctl00CP1ctlSearchtbPostcode'

2020-04-23 13:59:56 - [TEST_STEP][PASSED] - "-------------------------------------------------------------------------------------------------------------------------------------": null

2020-04-23 13:59:56 - [TEST_STEP][PASSED] - setText(findTestObject("Object Repository/WebOffice/Consumers/Page_/input_Phone_ctl00CP1ctlSearchtbTel"), Phone): Text '' is set on object 'Object Repository/WebOffice/Consumers/Page_/input_Phone_ctl00CP1ctlSearchtbTel'

2020-04-23 13:59:56 - [MESSAGE][PASSED] - Text '' is set on object 'Object Repository/WebOffice/Consumers/Page_/input_Phone_ctl00CP1ctlSearchtbTel'

2020-04-23 13:59:56 - [TEST_STEP][PASSED] - "-------------------------------------------------------------------------------------------------------------------------------------": null

2020-04-23 13:59:56 - [TEST_STEP][PASSED] - "Set Status": null

2020-04-23 13:59:56 - [TEST_STEP][PASSED] - "-------------------------------------------------------------------------------------------------------------------------------------": null

2020-04-23 13:59:56 - [TEST_STEP][PASSED] - "Status 3 Options": null

2020-04-23 13:59:56 - [TEST_STEP][PASSED] - "-------------------------------------------------------------------------------------------------------------------------------------": null

2020-04-23 13:59:56 - [TEST_STEP][PASSED] - "Set Type": null

2020-04-23 13:59:56 - [TEST_STEP][PASSED] - "-------------------------------------------------------------------------------------------------------------------------------------": null

2020-04-23 13:59:56 - [TEST_STEP][PASSED] - "Type 3 Options": null

2020-04-23 13:59:56 - [TEST_STEP][PASSED] - "-------------------------------------------------------------------------------------------------------------------------------------": null

2020-04-23 13:59:56 - [TEST_STEP][PASSED] - click(findTestObject("Object Repository/WebOffice/Consumers/Page_/input_Clear_ctl00CP1ctlSearchbtnSearch")): Object: 'Object Repository/WebOffice/Consumers/Page_/input_Clear_ctl00CP1ctlSearchbtnSearch' is clicked on

2020-04-23 13:59:57 - [MESSAGE][PASSED] - Object: 'Object Repository/WebOffice/Consumers/Page_/input_Clear_ctl00CP1ctlSearchbtnSearch' is clicked on

2020-04-23 13:59:57 - [MESSAGE][PASSED] - Call Test Case 'Test Cases/Reusable_Test_Sequences/Web_Office/Actions/Set_Consumer_Data' successfully

2020-04-23 13:59:57 - [TEST_STEP][PASSED] - "--------------------------------------": null

2020-04-23 13:59:57 - [TEST_STEP][PASSED] - " Select Returned Record to Verify     |": null

2020-04-23 13:59:57 - [TEST_STEP][PASSED] - callTestCase(findTestCase("Reusable_Test_Sequences/Web_Office/Actions/Select_Consumer"), [:], OPTIONAL): Call Test Case 'Test Cases/Reusable_Test_Sequences/Web_Office/Actions/Select_Consumer' successfully

2020-04-23 13:59:57 - [TEST_CASE][PASSED] - Test Cases/Reusable_Test_Sequences/Web_Office/Actions/Select_Consumer: Test Cases/Reusable_Test_Sequences/Web_Office/Actions/Select_Consumer

2020-04-23 13:59:57 - [TEST_STEP][PASSED] - "--------": null

2020-04-23 13:59:57 - [TEST_STEP][PASSED] - "Search  |": null

2020-04-23 13:59:57 - [TEST_STEP][PASSED] - waitForPageLoad(60): Wait for page load successfully

2020-04-23 13:59:57 - [MESSAGE][PASSED] - Wait for page load successfully

2020-04-23 13:59:57 - [TEST_STEP][PASSED] - waitForElementClickable(findTestObject("Object Repository/WO_Consumer/Page_/input_Clear_ctl00CP1ctlSearchbtnSearch"), 60): Object 'Object Repository/WO_Consumer/Page_/input_Clear_ctl00CP1ctlSearchbtnSearch' is clickable

2020-04-23 13:59:57 - [MESSAGE][PASSED] - Object 'Object Repository/WO_Consumer/Page_/input_Clear_ctl00CP1ctlSearchbtnSearch' is clickable

2020-04-23 13:59:57 - [TEST_STEP][PASSED] - click(findTestObject("Object Repository/WO_Consumer/Page_/input_Clear_ctl00CP1ctlSearchbtnSearch")): Object: 'Object Repository/WO_Consumer/Page_/input_Clear_ctl00CP1ctlSearchbtnSearch' is clicked on

2020-04-23 13:59:57 - [MESSAGE][PASSED] - Object: 'Object Repository/WO_Consumer/Page_/input_Clear_ctl00CP1ctlSearchbtnSearch' is clicked on

2020-04-23 13:59:57 - [TEST_STEP][PASSED] - delay(5): Delayed 5 second(s)

2020-04-23 14:00:02 - [MESSAGE][PASSED] - Delayed 5 second(s)

2020-04-23 14:00:02 - [TEST_STEP][PASSED] - "--------": null

2020-04-23 14:00:02 - [TEST_STEP][PASSED] - "Synch   |": null

2020-04-23 14:00:02 - [TEST_STEP][PASSED] - waitForPageLoad(120): Wait for page load successfully

2020-04-23 14:00:02 - [MESSAGE][PASSED] - Wait for page load successfully

2020-04-23 14:00:02 - [TEST_STEP][PASSED] - waitForElementClickable(findTestObject("Object Repository/WO_Consumer/Page_/a_Feedback"), 60): Object 'Object Repository/WO_Consumer/Page_/a_Feedback' is clickable

2020-04-23 14:00:03 - [MESSAGE][PASSED] - Object 'Object Repository/WO_Consumer/Page_/a_Feedback' is clickable

2020-04-23 14:00:03 - [TEST_STEP][PASSED] - "----------------------------------------": null

2020-04-23 14:00:03 - [TEST_STEP][PASSED] - "Initial Table View (Populated or Not    |": null

2020-04-23 14:00:03 - [TEST_STEP][PASSED] - "----------------------------------------": null

2020-04-23 14:00:03 - [TEST_STEP][PASSED] - "---------------------------------------------------": null

2020-04-23 14:00:03 - [TEST_STEP][PASSED] - "If Record Exists Then rocess, Otherwise Jump Over  |": null

2020-04-23 14:00:03 - [TEST_STEP][PASSED] - "---------------------------------------------------": null

2020-04-23 14:00:03 - [TEST_STEP][PASSED] - "----------------------------------------": null

2020-04-23 14:00:03 - [TEST_STEP][PASSED] - "Initial Table Return Checks": null

2020-04-23 14:00:03 - [TEST_STEP][PASSED] - "----------------------------------------": null

2020-04-23 14:00:03 - [TEST_STEP][PASSED] - "--------": null

2020-04-23 14:00:03 - [TEST_STEP][PASSED] - "Sort    |": null

2020-04-23 14:00:03 - [TEST_STEP][PASSED] - click(findTestObject("Object Repository/WO_Consumer/Page_/a_Feedback")): Object: 'Object Repository/WO_Consumer/Page_/a_Feedback' is clicked on

2020-04-23 14:00:03 - [MESSAGE][PASSED] - Object: 'Object Repository/WO_Consumer/Page_/a_Feedback' is clicked on

2020-04-23 14:00:03 - [TEST_STEP][PASSED] - delay(5): Delayed 5 second(s)

2020-04-23 14:00:08 - [MESSAGE][PASSED] - Delayed 5 second(s)

2020-04-23 14:00:08 - [TEST_STEP][PASSED] - "--------": null

2020-04-23 14:00:08 - [TEST_STEP][PASSED] - "Sort    |": null

2020-04-23 14:00:08 - [TEST_STEP][PASSED] - click(findTestObject("Object Repository/WO_Consumer/Page_/a_Feedback")): Object: 'Object Repository/WO_Consumer/Page_/a_Feedback' is clicked on

2020-04-23 14:00:10 - [MESSAGE][PASSED] - Object: 'Object Repository/WO_Consumer/Page_/a_Feedback' is clicked on

2020-04-23 14:00:10 - [TEST_STEP][PASSED] - delay(5): Delayed 5 second(s)

2020-04-23 14:00:15 - [MESSAGE][PASSED] - Delayed 5 second(s)

2020-04-23 14:00:15 - [TEST_STEP][PASSED] - "--------": null

2020-04-23 14:00:15 - [TEST_STEP][PASSED] - "Select  |": null

2020-04-23 14:00:15 - [TEST_STEP][PASSED] - waitForElementClickable(findTestObject("WO_Consumer/Page_/td_TopRow"), 60): Object 'Object Repository/WO_Consumer/Page_/td_TopRow' is clickable

2020-04-23 14:00:15 - [MESSAGE][PASSED] - Object 'Object Repository/WO_Consumer/Page_/td_TopRow' is clickable

2020-04-23 14:00:15 - [TEST_STEP][PASSED] - click(findTestObject("WO_Consumer/Page_/td_TopRow")): Object: 'Object Repository/WO_Consumer/Page_/td_TopRow' is clicked on

2020-04-23 14:00:16 - [MESSAGE][PASSED] - Object: 'Object Repository/WO_Consumer/Page_/td_TopRow' is clicked on

2020-04-23 14:00:16 - [TEST_STEP][PASSED] - delay(1): Delayed 1 second(s)

2020-04-23 14:00:17 - [MESSAGE][PASSED] - Delayed 1 second(s)

2020-04-23 14:00:17 - [MESSAGE][PASSED] - Call Test Case 'Test Cases/Reusable_Test_Sequences/Web_Office/Actions/Select_Consumer' successfully

2020-04-23 14:00:17 - [TEST_STEP][PASSED] - "--------------------------------------": null

2020-04-23 14:00:17 - [TEST_STEP][PASSED] - " Verify Returned Consumer Record      |": null

2020-04-23 14:00:17 - [TEST_STEP][PASSED] - callTestCase(findTestCase("Reusable_Test_Sequences/Web_Office/Verification/Consumer_Returned_Search_Record"), [:], OPTIONAL): Call Test Case 'Test Cases/Reusable_Test_Sequences/Web_Office/Verification/Consumer_Returned_Search_Record' successfully

2020-04-23 14:00:17 - [TEST_CASE][PASSED] - Test Cases/Reusable_Test_Sequences/Web_Office/Verification/Consumer_Returned_Search_Record: Test Cases/Reusable_Test_Sequences/Web_Office/Verification/Consumer_Returned_Search_Record

2020-04-23 14:00:17 - [TEST_STEP][PASSED] - "--------------------------------": null

2020-04-23 14:00:17 - [TEST_STEP][PASSED] - "Read data from spreadsheet      | r_ = Returned Data": null

2020-04-23 14:00:17 - [TEST_STEP][PASSED] - data = findTestData("Data Files/Consumer_Data (1)"): null

2020-04-23 14:00:17 - [TEST_STEP][PASSED] - Consumer_ID = data.getValue("Consumer_ID", row): null

2020-04-23 14:00:17 - [TEST_STEP][PASSED] - Title = data.getValue("r_Title", row): null

2020-04-23 14:00:17 - [TEST_STEP][PASSED] - Forenames = data.getValue("r_Forenames", row): null

2020-04-23 14:00:17 - [TEST_STEP][PASSED] - Surname = data.getValue("r_Surname", row): null

2020-04-23 14:00:17 - [TEST_STEP][PASSED] - Housename = data.getValue("r_Housename", row): null

2020-04-23 14:00:17 - [TEST_STEP][PASSED] - Number_Street = data.getValue("r_Number_and_Street", row): null

2020-04-23 14:00:17 - [TEST_STEP][PASSED] - City = data.getValue("r_City", row): null

2020-04-23 14:00:17 - [TEST_STEP][PASSED] - Town = data.getValue("r_Town", row): null

2020-04-23 14:00:17 - [TEST_STEP][PASSED] - County = data.getValue("r_County", row): null

2020-04-23 14:00:17 - [TEST_STEP][PASSED] - Postcode = data.getValue("r_Postcode", row): null

2020-04-23 14:00:17 - [TEST_STEP][PASSED] - Phone1 = data.getValue("r_Phone_1", row): null

2020-04-23 14:00:17 - [TEST_STEP][PASSED] - Phone2 = data.getValue("r_Phone_2", row): null

2020-04-23 14:00:17 - [TEST_STEP][PASSED] - Fax = data.getValue("r_Fax", row): null

2020-04-23 14:00:17 - [TEST_STEP][PASSED] - r_Full_Name = data.getValue("r_Full_Name", 1): null

2020-04-23 14:00:17 - [TEST_STEP][PASSED] - r_Full_Address = data.getValue("r_Full_Address", 1): null

2020-04-23 14:00:17 - [TEST_STEP][PASSED] - "--------------------------------": null

2020-04-23 14:00:17 - [TEST_STEP][PASSED] - "Read data from spreadsheet      |": null

2020-04-23 14:00:17 - [TEST_STEP][PASSED] - Actual_Page_Text = "": null

2020-04-23 14:00:17 - [TEST_STEP][PASSED] - Expected_Page_Text = "": null

2020-04-23 14:00:17 - [TEST_STEP][PASSED] - waitForPageLoad(60): Wait for page load successfully

2020-04-23 14:00:17 - [MESSAGE][PASSED] - Wait for page load successfully

2020-04-23 14:00:17 - [TEST_STEP][PASSED] - delay(1): Delayed 1 second(s)

2020-04-23 14:00:18 - [MESSAGE][PASSED] - Delayed 1 second(s)

2020-04-23 14:00:18 - [TEST_STEP][PASSED] - "HEADER DETAIL - iFrame": null

2020-04-23 14:00:18 - [TEST_STEP][PASSED] - "----------------": null

2020-04-23 14:00:18 - [TEST_STEP][PASSED] - "Full Name       |": null

2020-04-23 14:00:18 - [TEST_STEP][PASSED] - verifyElementPresent(findTestObject("Object Repository/WO_Consumer/Page_/Page_/a_Mr Gordon Brown"), 25): Object 'Object Repository/WO_Consumer/Page_/Page_/a_Mr Gordon Brown' is present

2020-04-23 14:00:18 - [MESSAGE][PASSED] - Object 'Object Repository/WO_Consumer/Page_/Page_/a_Mr Gordon Brown' is present

2020-04-23 14:00:18 - [TEST_STEP][PASSED] - "----------------": null

2020-04-23 14:00:18 - [TEST_STEP][PASSED] - "Full Address    |": null

2020-04-23 14:00:18 - [TEST_STEP][PASSED] - verifyElementPresent(findTestObject("Object Repository/WO_Consumer/Page_/Page_/div_Haywards Heath West Sussex RH16 4ER4477_d20822"), 25): Object 'Object Repository/WO_Consumer/Page_/Page_/div_Haywards Heath West Sussex RH16 4ER4477_d20822' is present

2020-04-23 14:00:19 - [MESSAGE][PASSED] - Object 'Object Repository/WO_Consumer/Page_/Page_/div_Haywards Heath West Sussex RH16 4ER4477_d20822' is present

2020-04-23 14:00:19 - [TEST_STEP][PASSED] - "BODY DETAIL - iFrame": null

2020-04-23 14:00:19 - [TEST_STEP][PASSED] - "----------------": null

2020-04-23 14:00:19 - [TEST_STEP][PASSED] - "EDIT Consumer   |": null

2020-04-23 14:00:19 - [TEST_STEP][PASSED] - verifyElementPresent(findTestObject("Object Repository/WO_Consumer/Page_/Page_/input_Title_ctledittbTitle"), 25): Object 'Object Repository/WO_Consumer/Page_/Page_/input_Title_ctledittbTitle' is present

2020-04-23 14:00:19 - [MESSAGE][PASSED] - Object 'Object Repository/WO_Consumer/Page_/Page_/input_Title_ctledittbTitle' is present

2020-04-23 14:00:19 - [TEST_STEP][PASSED] - "----------------": null

2020-04-23 14:00:19 - [TEST_STEP][PASSED] - "Address         |": null

2020-04-23 14:00:19 - [TEST_STEP][PASSED] - verifyElementPresent(findTestObject("Object Repository/WO_Consumer/Page_/Page_/span_Please ensure the Street  Road name is_e38a58"), 25): Object 'Object Repository/WO_Consumer/Page_/Page_/span_Please ensure the Street  Road name is_e38a58' is present

2020-04-23 14:00:19 - [MESSAGE][PASSED] - Object 'Object Repository/WO_Consumer/Page_/Page_/span_Please ensure the Street  Road name is_e38a58' is present

2020-04-23 14:00:19 - [MESSAGE][PASSED] - Call Test Case 'Test Cases/Reusable_Test_Sequences/Web_Office/Verification/Consumer_Returned_Search_Record' successfully

2020-04-23 14:00:19 - [TEST_STEP][PASSED] - "--------------------------": null

2020-04-23 14:00:19 - [TEST_STEP][PASSED] - " Teardown - CLose Browser |": null

2020-04-23 14:00:19 - [TEST_STEP][PASSED] - callTestCase(findTestCase("Reusable_Test_Sequences/CAT_Teardown"), [:], OPTIONAL): Call Test Case 'Test Cases/Reusable_Test_Sequences/CAT_Teardown' successfully

2020-04-23 14:00:19 - [TEST_CASE][PASSED] - Test Cases/Reusable_Test_Sequences/CAT_Teardown: Test Cases/Reusable_Test_Sequences/CAT_Teardown

2020-04-23 14:00:19 - [TEST_STEP][PASSED] - closeBrowser(): Browser is closed

2020-04-23 14:00:20 - [MESSAGE][PASSED] - Browser is closed

2020-04-23 14:00:20 - [TEST_STEP][PASSED] - super.finalize(): null

2020-04-23 14:00:20 - [TEST_STEP][PASSED] - System.gc(): null

2020-04-23 14:00:20 - [MESSAGE][PASSED] - Call Test Case 'Test Cases/Reusable_Test_Sequences/CAT_Teardown' successfully

2020-04-23 14:00:20 - [TEST_STEP][PASSED] - "--------------------------------------": null

2020-04-23 14:00:20 - [TEST_STEP][PASSED] - " Web Office StartUp                   |": null

2020-04-23 14:00:20 - [TEST_STEP][PASSED] - callTestCase(findTestCase("Reusable_Test_Sequences/Web_Office/Directives/WebOffice_StartUp"), [:], STOP_ON_FAILURE): Call Test Case 'Test Cases/Reusable_Test_Sequences/Web_Office/Directives/WebOffice_StartUp' successfully

2020-04-23 14:00:20 - [TEST_CASE][PASSED] - Test Cases/Reusable_Test_Sequences/Web_Office/Directives/WebOffice_StartUp: Test Cases/Reusable_Test_Sequences/Web_Office/Directives/WebOffice_StartUp

2020-04-23 14:00:20 - [TEST_STEP][PASSED] - "-----------------------------------------------------------------------------": null

2020-04-23 14:00:20 - [TEST_STEP][PASSED] - if (URL == "https://www.dev.checkatrade.com/"): null

2020-04-23 14:00:20 - [TEST_STEP][PASSED] - "-----------------------------------------------------------------------------": null

2020-04-23 14:00:20 - [TEST_STEP][PASSED] - if (URL == "https://www.checkatrade.com/"): null

2020-04-23 14:00:20 - [TEST_STEP][PASSED] - "-----------------------------------------------------------------------------": null

2020-04-23 14:00:20 - [TEST_STEP][PASSED] - if (URL == "https://www.preview.checkatrade.com/"): null

2020-04-23 14:00:20 - [TEST_STEP][PASSED] - WebOfficeURL = "https://admin.preview.checkatrade.com/": null

2020-04-23 14:00:20 - [TEST_STEP][PASSED] - if (URL == "https://www.dev2.checkatrade.com/"): null

2020-04-23 14:00:20 - [TEST_STEP][PASSED] - "Set Function Area for "URL_Handler", URL Resolution": null

2020-04-23 14:00:20 - [TEST_STEP][PASSED] - "Do Some Magic with URL(s) See the comments within URL Handler ": null

2020-04-23 14:00:20 - [TEST_STEP][PASSED] - "------------------------------------------------": null

2020-04-23 14:00:20 - [TEST_STEP][PASSED] - "Moved Login Credentials to <Default> profile 22/01/2020": null

2020-04-23 14:00:20 - [TEST_STEP][PASSED] - "------------------------------------------------": null

2020-04-23 14:00:20 - [TEST_STEP][PASSED] - "WebOfficeURL - Set from the ENVIRONMENT PROFILE ": null

2020-04-23 14:00:20 - [TEST_STEP][PASSED] - "OPEN BROWSER": null

2020-04-23 14:00:20 - [TEST_STEP][PASSED] - "eg - https://admin.preview.checkatrade.com/  ": null

2020-04-23 14:00:20 - [TEST_STEP][PASSED] - openBrowser(WebOfficeURL): Browser is opened with url: 'https://admin.preview.checkatrade.com/'

2020-04-23 14:00:20 - [MESSAGE][INFO] - Starting 'Chrome' driver

2020-04-23 14:00:20 - [MESSAGE][INFO] - Action delay is set to 0 milliseconds

2020-04-23 14:00:24 - [MESSAGE][PASSED] - Browser is opened with url: 'https://admin.preview.checkatrade.com/'

2020-04-23 14:00:24 - [TEST_STEP][PASSED] - maximizeWindow(): Current window maximized

2020-04-23 14:00:27 - [MESSAGE][PASSED] - Current window maximized

2020-04-23 14:00:27 - [TEST_STEP][PASSED] - waitForElementClickable(findTestObject("Object Repository/WebOffice/Page_Checkatrade - Administration - Login/Login_Button"), 25): Object 'Object Repository/WebOffice/Page_Checkatrade - Administration - Login/Login_Button' is clickable

2020-04-23 14:00:27 - [MESSAGE][PASSED] - Object 'Object Repository/WebOffice/Page_Checkatrade - Administration - Login/Login_Button' is clickable

2020-04-23 14:00:27 - [TEST_STEP][PASSED] - verifyTextPresent("Checkatrade Web Office", false): Text 'Checkatrade Web Office' is present on page 

2020-04-23 14:00:27 - [MESSAGE][PASSED] - Text 'Checkatrade Web Office' is present on page 

2020-04-23 14:00:27 - [TEST_STEP][PASSED] - verifyTextPresent("Access for staff use only", false): Text 'Access for staff use only' is present on page 

2020-04-23 14:00:27 - [MESSAGE][PASSED] - Text 'Access for staff use only' is present on page 

2020-04-23 14:00:27 - [TEST_STEP][PASSED] - verifyTextPresent("Forgotten password?", false): Text 'Forgotten password?' is present on page 

2020-04-23 14:00:27 - [MESSAGE][PASSED] - Text 'Forgotten password?' is present on page 

2020-04-23 14:00:27 - [TEST_STEP][PASSED] - setText(findTestObject("Object Repository/WebOffice/Page_Checkatrade - Administration - Login/input_Username_LoginControlUserName"), wo_Username): Text 'DavidHo' is set on object 'Object Repository/WebOffice/Page_Checkatrade - Administration - Login/input_Username_LoginControlUserName'

2020-04-23 14:00:28 - [MESSAGE][PASSED] - Text 'DavidHo' is set on object 'Object Repository/WebOffice/Page_Checkatrade - Administration - Login/input_Username_LoginControlUserName'

2020-04-23 14:00:28 - [TEST_STEP][PASSED] - setText(findTestObject("Object Repository/WebOffice/Page_Checkatrade - Administration - Login/input_Password_LoginControlPassword"), wo_Password): Text 'Check123' is set on object 'Object Repository/WebOffice/Page_Checkatrade - Administration - Login/input_Password_LoginControlPassword'

2020-04-23 14:00:28 - [MESSAGE][PASSED] - Text 'Check123' is set on object 'Object Repository/WebOffice/Page_Checkatrade - Administration - Login/input_Password_LoginControlPassword'

2020-04-23 14:00:28 - [TEST_STEP][PASSED] - click(findTestObject("Object Repository/WebOffice/Page_Checkatrade - Administration - Login/Login_Button")): Object: 'Object Repository/WebOffice/Page_Checkatrade - Administration - Login/Login_Button' is clicked on

2020-04-23 14:00:29 - [MESSAGE][PASSED] - Object: 'Object Repository/WebOffice/Page_Checkatrade - Administration - Login/Login_Button' is clicked on

2020-04-23 14:00:29 - [TEST_STEP][PASSED] - waitForPageLoad(60): Wait for page load successfully

2020-04-23 14:00:29 - [MESSAGE][PASSED] - Wait for page load successfully

2020-04-23 14:00:29 - [TEST_STEP][PASSED] - verifyTextPresent("Welcome " + wo_Username, false): Text 'Welcome DavidHo' is present on page 

2020-04-23 14:00:30 - [MESSAGE][PASSED] - Text 'Welcome DavidHo' is present on page 

2020-04-23 14:00:30 - [MESSAGE][PASSED] - Call Test Case 'Test Cases/Reusable_Test_Sequences/Web_Office/Directives/WebOffice_StartUp' successfully

2020-04-23 14:00:30 - [TEST_STEP][PASSED] - "--------------------------------------": null

2020-04-23 14:00:30 - [TEST_STEP][PASSED] - " Navigate to <Consumer> Menu Item     |": null

2020-04-23 14:00:30 - [TEST_STEP][PASSED] - callTestCase(findTestCase("Reusable_Test_Sequences/Web_Office/navigation/Navigate_Consumers"), [:], STOP_ON_FAILURE): Call Test Case 'Test Cases/Reusable_Test_Sequences/Web_Office/navigation/Navigate_Consumers' successfully

2020-04-23 14:00:30 - [TEST_CASE][PASSED] - Test Cases/Reusable_Test_Sequences/Web_Office/navigation/Navigate_Consumers: Test Cases/Reusable_Test_Sequences/Web_Office/navigation/Navigate_Consumers

2020-04-23 14:00:30 - [TEST_STEP][PASSED] - "--------------------------------------": null

2020-04-23 14:00:30 - [TEST_STEP][PASSED] - " Navigate Top level menu Item         |": null

2020-04-23 14:00:30 - [TEST_STEP][PASSED] - waitForPageLoad(60): Wait for page load successfully

2020-04-23 14:00:30 - [MESSAGE][PASSED] - Wait for page load successfully

2020-04-23 14:00:30 - [TEST_STEP][PASSED] - waitForElementClickable(findTestObject("Object Repository/WebOffice_Home_page/a_Consumers"), 60): Object 'Object Repository/WebOffice_Home_page/a_Consumers' is clickable

2020-04-23 14:00:30 - [MESSAGE][PASSED] - Object 'Object Repository/WebOffice_Home_page/a_Consumers' is clickable

2020-04-23 14:00:30 - [TEST_STEP][PASSED] - click(findTestObject("Object Repository/WebOffice_Home_page/a_Consumers")): Object: 'Object Repository/WebOffice_Home_page/a_Consumers' is clicked on

2020-04-23 14:00:31 - [MESSAGE][PASSED] - Object: 'Object Repository/WebOffice_Home_page/a_Consumers' is clicked on

2020-04-23 14:00:31 - [MESSAGE][PASSED] - Call Test Case 'Test Cases/Reusable_Test_Sequences/Web_Office/navigation/Navigate_Consumers' successfully

2020-04-23 14:00:31 - [TEST_STEP][PASSED] - "--------------------------------------": null

2020-04-23 14:00:31 - [TEST_STEP][PASSED] - " LH Pane  - Apply Search Criteria     |": null

2020-04-23 14:00:31 - [TEST_STEP][PASSED] - callTestCase(findTestCase("Reusable_Test_Sequences/Web_Office/Actions/Set_Consumer_Data"), [:], STOP_ON_FAILURE): Call Test Case 'Test Cases/Reusable_Test_Sequences/Web_Office/Actions/Set_Consumer_Data' successfully

2020-04-23 14:00:31 - [TEST_CASE][PASSED] - Test Cases/Reusable_Test_Sequences/Web_Office/Actions/Set_Consumer_Data: Test Cases/Reusable_Test_Sequences/Web_Office/Actions/Set_Consumer_Data

2020-04-23 14:00:31 - [TEST_STEP][PASSED] - "--------------------------------": null

2020-04-23 14:00:31 - [TEST_STEP][PASSED] - "Read data from spreadsheet      |": null

2020-04-23 14:00:31 - [TEST_STEP][PASSED] - data = findTestData("Data Files/Consumer_Data (1)"): null

2020-04-23 14:00:31 - [TEST_STEP][PASSED] - Forename = data.getValue("Forename", row): null

2020-04-23 14:00:31 - [TEST_STEP][PASSED] - Surname = data.getValue("Surname", row): null

2020-04-23 14:00:31 - [TEST_STEP][PASSED] - Mobile = data.getValue("Mobile", row): null

2020-04-23 14:00:31 - [TEST_STEP][PASSED] - Email = data.getValue("Email", row): null

2020-04-23 14:00:31 - [TEST_STEP][PASSED] - House = data.getValue("House", row): null

2020-04-23 14:00:31 - [TEST_STEP][PASSED] - Street = data.getValue("Street", row): null

2020-04-23 14:00:31 - [TEST_STEP][PASSED] - Town = data.getValue("Town", row): null

2020-04-23 14:00:31 - [TEST_STEP][PASSED] - City = data.getValue("City", row): null

2020-04-23 14:00:31 - [TEST_STEP][PASSED] - County = data.getValue("County", row): null

2020-04-23 14:00:31 - [TEST_STEP][PASSED] - Postcode = data.getValue("Postcode", row): null

2020-04-23 14:00:31 - [TEST_STEP][PASSED] - Phone = data.getValue("Phone", row): null

2020-04-23 14:00:31 - [TEST_STEP][PASSED] - Status = data.getValue("Status", row): null

2020-04-23 14:00:31 - [TEST_STEP][PASSED] - Type = data.getValue("Type", row): null

2020-04-23 14:00:31 - [TEST_STEP][PASSED] - Consumer_ID = data.getValue("Consumer_ID", row): null

2020-04-23 14:00:31 - [TEST_STEP][PASSED] - "--------------------------------": null

2020-04-23 14:00:31 - [TEST_STEP][PASSED] - "Read data from spreadsheet      |": null

2020-04-23 14:00:31 - [TEST_STEP][PASSED] - "--------------------------------": null

2020-04-23 14:00:31 - [TEST_STEP][PASSED] - "--------------------------------": null

2020-04-23 14:00:31 - [TEST_STEP][PASSED] - " Synchronisation                |": null

2020-04-23 14:00:31 - [TEST_STEP][PASSED] - waitForPageLoad(60): Wait for page load successfully

2020-04-23 14:00:31 - [MESSAGE][PASSED] - Wait for page load successfully

2020-04-23 14:00:31 - [TEST_STEP][PASSED] - waitForElementVisible(findTestObject("Object Repository/WebOffice/Consumers/Page_/input_Forename_ctl00CP1ctlSearchtbForenames"), 60): Object 'Object Repository/WebOffice/Consumers/Page_/input_Forename_ctl00CP1ctlSearchtbForenames' is visible

2020-04-23 14:00:31 - [MESSAGE][PASSED] - Object 'Object Repository/WebOffice/Consumers/Page_/input_Forename_ctl00CP1ctlSearchtbForenames' is visible

2020-04-23 14:00:31 - [TEST_STEP][PASSED] - click(findTestObject("Object Repository/WebOffice/Consumers/Page_/input_Forename_ctl00CP1ctlSearchtbForenames")): Object: 'Object Repository/WebOffice/Consumers/Page_/input_Forename_ctl00CP1ctlSearchtbForenames' is clicked on

2020-04-23 14:00:31 - [MESSAGE][PASSED] - Object: 'Object Repository/WebOffice/Consumers/Page_/input_Forename_ctl00CP1ctlSearchtbForenames' is clicked on

2020-04-23 14:00:31 - [TEST_STEP][PASSED] - "-------------------------------------------------------------------------------------------------------------------------------------": null

2020-04-23 14:00:31 - [TEST_STEP][PASSED] - setText(findTestObject("Object Repository/WebOffice/Consumers/Page_/input_Forename_ctl00CP1ctlSearchtbForenames"), Forename): Text 'Gordon' is set on object 'Object Repository/WebOffice/Consumers/Page_/input_Forename_ctl00CP1ctlSearchtbForenames'

2020-04-23 14:00:32 - [MESSAGE][PASSED] - Text 'Gordon' is set on object 'Object Repository/WebOffice/Consumers/Page_/input_Forename_ctl00CP1ctlSearchtbForenames'

2020-04-23 14:00:32 - [TEST_STEP][PASSED] - "-------------------------------------------------------------------------------------------------------------------------------------": null

2020-04-23 14:00:32 - [TEST_STEP][PASSED] - setText(findTestObject("Object Repository/WebOffice/Consumers/Page_/input_Surname_ctl00CP1ctlSearchtbSurname"), Surname): Text '' is set on object 'Object Repository/WebOffice/Consumers/Page_/input_Surname_ctl00CP1ctlSearchtbSurname'

2020-04-23 14:00:32 - [MESSAGE][PASSED] - Text '' is set on object 'Object Repository/WebOffice/Consumers/Page_/input_Surname_ctl00CP1ctlSearchtbSurname'

2020-04-23 14:00:32 - [TEST_STEP][PASSED] - "-------------------------------------------------------------------------------------------------------------------------------------": null

2020-04-23 14:00:32 - [TEST_STEP][PASSED] - setText(findTestObject("Object Repository/WebOffice/Consumers/Page_/input_Mobile_ctl00CP1ctlSearchtbMobile"), Mobile): Text '' is set on object 'Object Repository/WebOffice/Consumers/Page_/input_Mobile_ctl00CP1ctlSearchtbMobile'

2020-04-23 14:00:32 - [MESSAGE][PASSED] - Text '' is set on object 'Object Repository/WebOffice/Consumers/Page_/input_Mobile_ctl00CP1ctlSearchtbMobile'

2020-04-23 14:00:32 - [TEST_STEP][PASSED] - "-------------------------------------------------------------------------------------------------------------------------------------": null

2020-04-23 14:00:32 - [TEST_STEP][PASSED] - setText(findTestObject("Object Repository/WebOffice/Consumers/Page_/input_Email_ctl00CP1ctlSearchtbEmail"), Email): Text '' is set on object 'Object Repository/WebOffice/Consumers/Page_/input_Email_ctl00CP1ctlSearchtbEmail'

2020-04-23 14:00:32 - [MESSAGE][PASSED] - Text '' is set on object 'Object Repository/WebOffice/Consumers/Page_/input_Email_ctl00CP1ctlSearchtbEmail'

2020-04-23 14:00:32 - [TEST_STEP][PASSED] - "-------------------------------------------------------------------------------------------------------------------------------------": null

2020-04-23 14:00:32 - [TEST_STEP][PASSED] - setText(findTestObject("Object Repository/WebOffice/Consumers/Page_/input_House_ctl00CP1ctlSearchtbHouse"), House): Text '' is set on object 'Object Repository/WebOffice/Consumers/Page_/input_House_ctl00CP1ctlSearchtbHouse'

2020-04-23 14:00:33 - [MESSAGE][PASSED] - Text '' is set on object 'Object Repository/WebOffice/Consumers/Page_/input_House_ctl00CP1ctlSearchtbHouse'

2020-04-23 14:00:33 - [TEST_STEP][PASSED] - "-------------------------------------------------------------------------------------------------------------------------------------": null

2020-04-23 14:00:33 - [TEST_STEP][PASSED] - setText(findTestObject("Object Repository/WebOffice/Consumers/Page_/input_Street_ctl00CP1ctlSearchtbStreet"), Street): Text '2 Redwood Drive' is set on object 'Object Repository/WebOffice/Consumers/Page_/input_Street_ctl00CP1ctlSearchtbStreet'

2020-04-23 14:00:33 - [MESSAGE][PASSED] - Text '2 Redwood Drive' is set on object 'Object Repository/WebOffice/Consumers/Page_/input_Street_ctl00CP1ctlSearchtbStreet'

2020-04-23 14:00:33 - [TEST_STEP][PASSED] - "-------------------------------------------------------------------------------------------------------------------------------------": null

2020-04-23 14:00:33 - [TEST_STEP][PASSED] - setText(findTestObject("Object Repository/WebOffice/Consumers/Page_/input_Town_ctl00CP1ctlSearchtbTown"), Town): Text '' is set on object 'Object Repository/WebOffice/Consumers/Page_/input_Town_ctl00CP1ctlSearchtbTown'

2020-04-23 14:00:33 - [MESSAGE][PASSED] - Text '' is set on object 'Object Repository/WebOffice/Consumers/Page_/input_Town_ctl00CP1ctlSearchtbTown'

2020-04-23 14:00:33 - [TEST_STEP][PASSED] - "-------------------------------------------------------------------------------------------------------------------------------------": null

2020-04-23 14:00:33 - [TEST_STEP][PASSED] - setText(findTestObject("Object Repository/WebOffice/Consumers/Page_/input_City_ctl00CP1ctlSearchtbCity"), City): Text 'Haywards Heath' is set on object 'Object Repository/WebOffice/Consumers/Page_/input_City_ctl00CP1ctlSearchtbCity'

2020-04-23 14:00:34 - [MESSAGE][PASSED] - Text 'Haywards Heath' is set on object 'Object Repository/WebOffice/Consumers/Page_/input_City_ctl00CP1ctlSearchtbCity'

2020-04-23 14:00:34 - [TEST_STEP][PASSED] - "-------------------------------------------------------------------------------------------------------------------------------------": null

2020-04-23 14:00:34 - [TEST_STEP][PASSED] - setText(findTestObject("Object Repository/WebOffice/Consumers/Page_/input_County_ctl00CP1ctlSearchtbCounty"), County): Text '' is set on object 'Object Repository/WebOffice/Consumers/Page_/input_County_ctl00CP1ctlSearchtbCounty'

2020-04-23 14:00:34 - [MESSAGE][PASSED] - Text '' is set on object 'Object Repository/WebOffice/Consumers/Page_/input_County_ctl00CP1ctlSearchtbCounty'

2020-04-23 14:00:34 - [TEST_STEP][PASSED] - "-------------------------------------------------------------------------------------------------------------------------------------": null

2020-04-23 14:00:34 - [TEST_STEP][PASSED] - setText(findTestObject("Object Repository/WebOffice/Consumers/Page_/input_Postcode_ctl00CP1ctlSearchtbPostcode"), Postcode): Text '' is set on object 'Object Repository/WebOffice/Consumers/Page_/input_Postcode_ctl00CP1ctlSearchtbPostcode'

2020-04-23 14:00:34 - [MESSAGE][PASSED] - Text '' is set on object 'Object Repository/WebOffice/Consumers/Page_/input_Postcode_ctl00CP1ctlSearchtbPostcode'

2020-04-23 14:00:34 - [TEST_STEP][PASSED] - "-------------------------------------------------------------------------------------------------------------------------------------": null

2020-04-23 14:00:34 - [TEST_STEP][PASSED] - setText(findTestObject("Object Repository/WebOffice/Consumers/Page_/input_Phone_ctl00CP1ctlSearchtbTel"), Phone): Text '' is set on object 'Object Repository/WebOffice/Consumers/Page_/input_Phone_ctl00CP1ctlSearchtbTel'

2020-04-23 14:00:35 - [MESSAGE][PASSED] - Text '' is set on object 'Object Repository/WebOffice/Consumers/Page_/input_Phone_ctl00CP1ctlSearchtbTel'

2020-04-23 14:00:35 - [TEST_STEP][PASSED] - "-------------------------------------------------------------------------------------------------------------------------------------": null

2020-04-23 14:00:35 - [TEST_STEP][PASSED] - "Set Status": null

2020-04-23 14:00:35 - [TEST_STEP][PASSED] - "-------------------------------------------------------------------------------------------------------------------------------------": null

2020-04-23 14:00:35 - [TEST_STEP][PASSED] - "Status 3 Options": null

2020-04-23 14:00:35 - [TEST_STEP][PASSED] - "-------------------------------------------------------------------------------------------------------------------------------------": null

2020-04-23 14:00:35 - [TEST_STEP][PASSED] - "Set Type": null

2020-04-23 14:00:35 - [TEST_STEP][PASSED] - "-------------------------------------------------------------------------------------------------------------------------------------": null

2020-04-23 14:00:35 - [TEST_STEP][PASSED] - "Type 3 Options": null

2020-04-23 14:00:35 - [TEST_STEP][PASSED] - "-------------------------------------------------------------------------------------------------------------------------------------": null

2020-04-23 14:00:35 - [TEST_STEP][PASSED] - click(findTestObject("Object Repository/WebOffice/Consumers/Page_/input_Clear_ctl00CP1ctlSearchbtnSearch")): Object: 'Object Repository/WebOffice/Consumers/Page_/input_Clear_ctl00CP1ctlSearchbtnSearch' is clicked on

2020-04-23 14:00:35 - [MESSAGE][PASSED] - Object: 'Object Repository/WebOffice/Consumers/Page_/input_Clear_ctl00CP1ctlSearchbtnSearch' is clicked on

2020-04-23 14:00:35 - [MESSAGE][PASSED] - Call Test Case 'Test Cases/Reusable_Test_Sequences/Web_Office/Actions/Set_Consumer_Data' successfully

2020-04-23 14:00:35 - [TEST_STEP][PASSED] - "--------------------------------------": null

2020-04-23 14:00:35 - [TEST_STEP][PASSED] - " Select Returned Record to Verify     |": null

2020-04-23 14:00:35 - [TEST_STEP][PASSED] - callTestCase(findTestCase("Reusable_Test_Sequences/Web_Office/Actions/Select_Consumer"), [:], OPTIONAL): Call Test Case 'Test Cases/Reusable_Test_Sequences/Web_Office/Actions/Select_Consumer' successfully

2020-04-23 14:00:35 - [TEST_CASE][PASSED] - Test Cases/Reusable_Test_Sequences/Web_Office/Actions/Select_Consumer: Test Cases/Reusable_Test_Sequences/Web_Office/Actions/Select_Consumer

2020-04-23 14:00:35 - [TEST_STEP][PASSED] - "--------": null

2020-04-23 14:00:35 - [TEST_STEP][PASSED] - "Search  |": null

2020-04-23 14:00:35 - [TEST_STEP][PASSED] - waitForPageLoad(60): Wait for page load successfully

2020-04-23 14:00:35 - [MESSAGE][PASSED] - Wait for page load successfully

2020-04-23 14:00:35 - [TEST_STEP][PASSED] - waitForElementClickable(findTestObject("Object Repository/WO_Consumer/Page_/input_Clear_ctl00CP1ctlSearchbtnSearch"), 60): Object 'Object Repository/WO_Consumer/Page_/input_Clear_ctl00CP1ctlSearchbtnSearch' is clickable

2020-04-23 14:00:35 - [MESSAGE][PASSED] - Object 'Object Repository/WO_Consumer/Page_/input_Clear_ctl00CP1ctlSearchbtnSearch' is clickable

2020-04-23 14:00:35 - [TEST_STEP][PASSED] - click(findTestObject("Object Repository/WO_Consumer/Page_/input_Clear_ctl00CP1ctlSearchbtnSearch")): Object: 'Object Repository/WO_Consumer/Page_/input_Clear_ctl00CP1ctlSearchbtnSearch' is clicked on

2020-04-23 14:00:35 - [MESSAGE][PASSED] - Object: 'Object Repository/WO_Consumer/Page_/input_Clear_ctl00CP1ctlSearchbtnSearch' is clicked on

2020-04-23 14:00:35 - [TEST_STEP][PASSED] - delay(5): Delayed 5 second(s)

2020-04-23 14:00:40 - [MESSAGE][PASSED] - Delayed 5 second(s)

2020-04-23 14:00:40 - [TEST_STEP][PASSED] - "--------": null

2020-04-23 14:00:40 - [TEST_STEP][PASSED] - "Synch   |": null

2020-04-23 14:00:40 - [TEST_STEP][PASSED] - waitForPageLoad(120): Wait for page load successfully

2020-04-23 14:00:40 - [MESSAGE][PASSED] - Wait for page load successfully

2020-04-23 14:00:40 - [TEST_STEP][PASSED] - waitForElementClickable(findTestObject("Object Repository/WO_Consumer/Page_/a_Feedback"), 60): Object 'Object Repository/WO_Consumer/Page_/a_Feedback' is clickable

2020-04-23 14:00:48 - [MESSAGE][PASSED] - Object 'Object Repository/WO_Consumer/Page_/a_Feedback' is clickable

2020-04-23 14:00:48 - [TEST_STEP][PASSED] - "----------------------------------------": null

2020-04-23 14:00:48 - [TEST_STEP][PASSED] - "Initial Table View (Populated or Not    |": null

2020-04-23 14:00:48 - [TEST_STEP][PASSED] - "----------------------------------------": null

2020-04-23 14:00:48 - [TEST_STEP][PASSED] - "---------------------------------------------------": null

2020-04-23 14:00:48 - [TEST_STEP][PASSED] - "If Record Exists Then rocess, Otherwise Jump Over  |": null

2020-04-23 14:00:48 - [TEST_STEP][PASSED] - "---------------------------------------------------": null

2020-04-23 14:00:48 - [TEST_STEP][PASSED] - "----------------------------------------": null

2020-04-23 14:00:48 - [TEST_STEP][PASSED] - "Initial Table Return Checks": null

2020-04-23 14:00:48 - [TEST_STEP][PASSED] - "----------------------------------------": null

2020-04-23 14:00:48 - [TEST_STEP][PASSED] - "--------": null

2020-04-23 14:00:48 - [TEST_STEP][PASSED] - "Sort    |": null

2020-04-23 14:00:48 - [TEST_STEP][PASSED] - click(findTestObject("Object Repository/WO_Consumer/Page_/a_Feedback")): Object: 'Object Repository/WO_Consumer/Page_/a_Feedback' is clicked on

2020-04-23 14:00:53 - [MESSAGE][PASSED] - Object: 'Object Repository/WO_Consumer/Page_/a_Feedback' is clicked on

2020-04-23 14:00:53 - [TEST_STEP][PASSED] - delay(5): Delayed 5 second(s)

2020-04-23 14:00:58 - [MESSAGE][PASSED] - Delayed 5 second(s)

2020-04-23 14:00:58 - [TEST_STEP][PASSED] - "--------": null

2020-04-23 14:00:58 - [TEST_STEP][PASSED] - "Sort    |": null

2020-04-23 14:00:58 - [TEST_STEP][PASSED] - click(findTestObject("Object Repository/WO_Consumer/Page_/a_Feedback")): Object: 'Object Repository/WO_Consumer/Page_/a_Feedback' is clicked on

2020-04-23 14:01:04 - [MESSAGE][PASSED] - Object: 'Object Repository/WO_Consumer/Page_/a_Feedback' is clicked on

2020-04-23 14:01:04 - [TEST_STEP][PASSED] - delay(5): Delayed 5 second(s)

2020-04-23 14:01:09 - [MESSAGE][PASSED] - Delayed 5 second(s)

2020-04-23 14:01:09 - [TEST_STEP][PASSED] - "--------": null

2020-04-23 14:01:09 - [TEST_STEP][PASSED] - "Select  |": null

2020-04-23 14:01:09 - [TEST_STEP][PASSED] - waitForElementClickable(findTestObject("WO_Consumer/Page_/td_TopRow"), 60): Object 'Object Repository/WO_Consumer/Page_/td_TopRow' is clickable

2020-04-23 14:01:09 - [MESSAGE][PASSED] - Object 'Object Repository/WO_Consumer/Page_/td_TopRow' is clickable

2020-04-23 14:01:09 - [TEST_STEP][PASSED] - click(findTestObject("WO_Consumer/Page_/td_TopRow")): Object: 'Object Repository/WO_Consumer/Page_/td_TopRow' is clicked on

2020-04-23 14:01:10 - [MESSAGE][PASSED] - Object: 'Object Repository/WO_Consumer/Page_/td_TopRow' is clicked on

2020-04-23 14:01:10 - [TEST_STEP][PASSED] - delay(1): Delayed 1 second(s)

2020-04-23 14:01:11 - [MESSAGE][PASSED] - Delayed 1 second(s)

2020-04-23 14:01:11 - [MESSAGE][PASSED] - Call Test Case 'Test Cases/Reusable_Test_Sequences/Web_Office/Actions/Select_Consumer' successfully

2020-04-23 14:01:11 - [TEST_STEP][PASSED] - "--------------------------------------": null

2020-04-23 14:01:11 - [TEST_STEP][PASSED] - " Verify Returned Consumer Record      |": null

2020-04-23 14:01:11 - [TEST_STEP][PASSED] - callTestCase(findTestCase("Reusable_Test_Sequences/Web_Office/Verification/Consumer_Returned_Search_Record"), [:], OPTIONAL): Call Test Case 'Test Cases/Reusable_Test_Sequences/Web_Office/Verification/Consumer_Returned_Search_Record' successfully

2020-04-23 14:01:11 - [TEST_CASE][PASSED] - Test Cases/Reusable_Test_Sequences/Web_Office/Verification/Consumer_Returned_Search_Record: Test Cases/Reusable_Test_Sequences/Web_Office/Verification/Consumer_Returned_Search_Record

2020-04-23 14:01:11 - [TEST_STEP][PASSED] - "--------------------------------": null

2020-04-23 14:01:11 - [TEST_STEP][PASSED] - "Read data from spreadsheet      | r_ = Returned Data": null

2020-04-23 14:01:11 - [TEST_STEP][PASSED] - data = findTestData("Data Files/Consumer_Data (1)"): null

2020-04-23 14:01:11 - [TEST_STEP][PASSED] - Consumer_ID = data.getValue("Consumer_ID", row): null

2020-04-23 14:01:11 - [TEST_STEP][PASSED] - Title = data.getValue("r_Title", row): null

2020-04-23 14:01:11 - [TEST_STEP][PASSED] - Forenames = data.getValue("r_Forenames", row): null

2020-04-23 14:01:11 - [TEST_STEP][PASSED] - Surname = data.getValue("r_Surname", row): null

2020-04-23 14:01:11 - [TEST_STEP][PASSED] - Housename = data.getValue("r_Housename", row): null

2020-04-23 14:01:11 - [TEST_STEP][PASSED] - Number_Street = data.getValue("r_Number_and_Street", row): null

2020-04-23 14:01:11 - [TEST_STEP][PASSED] - City = data.getValue("r_City", row): null

2020-04-23 14:01:11 - [TEST_STEP][PASSED] - Town = data.getValue("r_Town", row): null

2020-04-23 14:01:11 - [TEST_STEP][PASSED] - County = data.getValue("r_County", row): null

2020-04-23 14:01:11 - [TEST_STEP][PASSED] - Postcode = data.getValue("r_Postcode", row): null

2020-04-23 14:01:11 - [TEST_STEP][PASSED] - Phone1 = data.getValue("r_Phone_1", row): null

2020-04-23 14:01:11 - [TEST_STEP][PASSED] - Phone2 = data.getValue("r_Phone_2", row): null

2020-04-23 14:01:11 - [TEST_STEP][PASSED] - Fax = data.getValue("r_Fax", row): null

2020-04-23 14:01:11 - [TEST_STEP][PASSED] - r_Full_Name = data.getValue("r_Full_Name", 1): null

2020-04-23 14:01:11 - [TEST_STEP][PASSED] - r_Full_Address = data.getValue("r_Full_Address", 1): null

2020-04-23 14:01:11 - [TEST_STEP][PASSED] - "--------------------------------": null

2020-04-23 14:01:11 - [TEST_STEP][PASSED] - "Read data from spreadsheet      |": null

2020-04-23 14:01:11 - [TEST_STEP][PASSED] - Actual_Page_Text = "": null

2020-04-23 14:01:11 - [TEST_STEP][PASSED] - Expected_Page_Text = "": null

2020-04-23 14:01:11 - [TEST_STEP][PASSED] - waitForPageLoad(60): Wait for page load successfully

2020-04-23 14:01:11 - [MESSAGE][PASSED] - Wait for page load successfully

2020-04-23 14:01:11 - [TEST_STEP][PASSED] - delay(1): Delayed 1 second(s)

2020-04-23 14:01:12 - [MESSAGE][PASSED] - Delayed 1 second(s)

2020-04-23 14:01:12 - [TEST_STEP][PASSED] - "HEADER DETAIL - iFrame": null

2020-04-23 14:01:12 - [TEST_STEP][PASSED] - "----------------": null

2020-04-23 14:01:12 - [TEST_STEP][PASSED] - "Full Name       |": null

2020-04-23 14:01:12 - [TEST_STEP][PASSED] - verifyElementPresent(findTestObject("Object Repository/WO_Consumer/Page_/Page_/a_Mr Gordon Brown"), 25): Object 'Object Repository/WO_Consumer/Page_/Page_/a_Mr Gordon Brown' is present

2020-04-23 14:01:12 - [MESSAGE][PASSED] - Object 'Object Repository/WO_Consumer/Page_/Page_/a_Mr Gordon Brown' is present

2020-04-23 14:01:12 - [TEST_STEP][PASSED] - "----------------": null

2020-04-23 14:01:12 - [TEST_STEP][PASSED] - "Full Address    |": null

2020-04-23 14:01:12 - [TEST_STEP][PASSED] - verifyElementPresent(findTestObject("Object Repository/WO_Consumer/Page_/Page_/div_Haywards Heath West Sussex RH16 4ER4477_d20822"), 25): Object 'Object Repository/WO_Consumer/Page_/Page_/div_Haywards Heath West Sussex RH16 4ER4477_d20822' is present

2020-04-23 14:01:13 - [MESSAGE][PASSED] - Object 'Object Repository/WO_Consumer/Page_/Page_/div_Haywards Heath West Sussex RH16 4ER4477_d20822' is present

2020-04-23 14:01:13 - [TEST_STEP][PASSED] - "BODY DETAIL - iFrame": null

2020-04-23 14:01:13 - [TEST_STEP][PASSED] - "----------------": null

2020-04-23 14:01:13 - [TEST_STEP][PASSED] - "EDIT Consumer   |": null

2020-04-23 14:01:13 - [TEST_STEP][PASSED] - verifyElementPresent(findTestObject("Object Repository/WO_Consumer/Page_/Page_/input_Title_ctledittbTitle"), 25): Object 'Object Repository/WO_Consumer/Page_/Page_/input_Title_ctledittbTitle' is present

2020-04-23 14:01:13 - [MESSAGE][PASSED] - Object 'Object Repository/WO_Consumer/Page_/Page_/input_Title_ctledittbTitle' is present

2020-04-23 14:01:13 - [TEST_STEP][PASSED] - "----------------": null

2020-04-23 14:01:13 - [TEST_STEP][PASSED] - "Address         |": null

2020-04-23 14:01:13 - [TEST_STEP][PASSED] - verifyElementPresent(findTestObject("Object Repository/WO_Consumer/Page_/Page_/span_Please ensure the Street  Road name is_e38a58"), 25): Object 'Object Repository/WO_Consumer/Page_/Page_/span_Please ensure the Street  Road name is_e38a58' is present

2020-04-23 14:01:13 - [MESSAGE][PASSED] - Object 'Object Repository/WO_Consumer/Page_/Page_/span_Please ensure the Street  Road name is_e38a58' is present

2020-04-23 14:01:13 - [MESSAGE][PASSED] - Call Test Case 'Test Cases/Reusable_Test_Sequences/Web_Office/Verification/Consumer_Returned_Search_Record' successfully

2020-04-23 14:01:13 - [TEST_STEP][PASSED] - "--------------------------": null

2020-04-23 14:01:13 - [TEST_STEP][PASSED] - " Teardown - CLose Browser |": null

2020-04-23 14:01:13 - [TEST_STEP][PASSED] - callTestCase(findTestCase("Reusable_Test_Sequences/CAT_Teardown"), [:], OPTIONAL): Call Test Case 'Test Cases/Reusable_Test_Sequences/CAT_Teardown' successfully

2020-04-23 14:01:13 - [TEST_CASE][PASSED] - Test Cases/Reusable_Test_Sequences/CAT_Teardown: Test Cases/Reusable_Test_Sequences/CAT_Teardown

2020-04-23 14:01:13 - [TEST_STEP][PASSED] - closeBrowser(): Browser is closed

2020-04-23 14:01:15 - [MESSAGE][PASSED] - Browser is closed

2020-04-23 14:01:15 - [TEST_STEP][PASSED] - super.finalize(): null

2020-04-23 14:01:15 - [TEST_STEP][PASSED] - System.gc(): null

2020-04-23 14:01:15 - [MESSAGE][PASSED] - Call Test Case 'Test Cases/Reusable_Test_Sequences/CAT_Teardown' successfully

2020-04-23 14:01:15 - [TEST_STEP][PASSED] - "--------------------------------------": null

2020-04-23 14:01:15 - [TEST_STEP][PASSED] - " Web Office StartUp                   |": null

2020-04-23 14:01:15 - [TEST_STEP][PASSED] - callTestCase(findTestCase("Reusable_Test_Sequences/Web_Office/Directives/WebOffice_StartUp"), [:], STOP_ON_FAILURE): Call Test Case 'Test Cases/Reusable_Test_Sequences/Web_Office/Directives/WebOffice_StartUp' successfully

2020-04-23 14:01:15 - [TEST_CASE][PASSED] - Test Cases/Reusable_Test_Sequences/Web_Office/Directives/WebOffice_StartUp: Test Cases/Reusable_Test_Sequences/Web_Office/Directives/WebOffice_StartUp

2020-04-23 14:01:15 - [TEST_STEP][PASSED] - "-----------------------------------------------------------------------------": null

2020-04-23 14:01:15 - [TEST_STEP][PASSED] - if (URL == "https://www.dev.checkatrade.com/"): null

2020-04-23 14:01:15 - [TEST_STEP][PASSED] - "-----------------------------------------------------------------------------": null

2020-04-23 14:01:15 - [TEST_STEP][PASSED] - if (URL == "https://www.checkatrade.com/"): null

2020-04-23 14:01:15 - [TEST_STEP][PASSED] - "-----------------------------------------------------------------------------": null

2020-04-23 14:01:15 - [TEST_STEP][PASSED] - if (URL == "https://www.preview.checkatrade.com/"): null

2020-04-23 14:01:15 - [TEST_STEP][PASSED] - WebOfficeURL = "https://admin.preview.checkatrade.com/": null

2020-04-23 14:01:15 - [TEST_STEP][PASSED] - if (URL == "https://www.dev2.checkatrade.com/"): null

2020-04-23 14:01:15 - [TEST_STEP][PASSED] - "Set Function Area for "URL_Handler", URL Resolution": null

2020-04-23 14:01:15 - [TEST_STEP][PASSED] - "Do Some Magic with URL(s) See the comments within URL Handler ": null

2020-04-23 14:01:15 - [TEST_STEP][PASSED] - "------------------------------------------------": null

2020-04-23 14:01:15 - [TEST_STEP][PASSED] - "Moved Login Credentials to <Default> profile 22/01/2020": null

2020-04-23 14:01:15 - [TEST_STEP][PASSED] - "------------------------------------------------": null

2020-04-23 14:01:15 - [TEST_STEP][PASSED] - "WebOfficeURL - Set from the ENVIRONMENT PROFILE ": null

2020-04-23 14:01:15 - [TEST_STEP][PASSED] - "OPEN BROWSER": null

2020-04-23 14:01:15 - [TEST_STEP][PASSED] - "eg - https://admin.preview.checkatrade.com/  ": null

2020-04-23 14:01:15 - [TEST_STEP][PASSED] - openBrowser(WebOfficeURL): Browser is opened with url: 'https://admin.preview.checkatrade.com/'

2020-04-23 14:01:15 - [MESSAGE][INFO] - Starting 'Chrome' driver

2020-04-23 14:01:15 - [MESSAGE][INFO] - Action delay is set to 0 milliseconds

2020-04-23 14:01:19 - [MESSAGE][PASSED] - Browser is opened with url: 'https://admin.preview.checkatrade.com/'

2020-04-23 14:01:19 - [TEST_STEP][PASSED] - maximizeWindow(): Current window maximized

2020-04-23 14:01:21 - [MESSAGE][PASSED] - Current window maximized

2020-04-23 14:01:21 - [TEST_STEP][PASSED] - waitForElementClickable(findTestObject("Object Repository/WebOffice/Page_Checkatrade - Administration - Login/Login_Button"), 25): Object 'Object Repository/WebOffice/Page_Checkatrade - Administration - Login/Login_Button' is clickable

2020-04-23 14:01:21 - [MESSAGE][PASSED] - Object 'Object Repository/WebOffice/Page_Checkatrade - Administration - Login/Login_Button' is clickable

2020-04-23 14:01:21 - [TEST_STEP][PASSED] - verifyTextPresent("Checkatrade Web Office", false): Text 'Checkatrade Web Office' is present on page 

2020-04-23 14:01:22 - [MESSAGE][PASSED] - Text 'Checkatrade Web Office' is present on page 

2020-04-23 14:01:22 - [TEST_STEP][PASSED] - verifyTextPresent("Access for staff use only", false): Text 'Access for staff use only' is present on page 

2020-04-23 14:01:22 - [MESSAGE][PASSED] - Text 'Access for staff use only' is present on page 

2020-04-23 14:01:22 - [TEST_STEP][PASSED] - verifyTextPresent("Forgotten password?", false): Text 'Forgotten password?' is present on page 

2020-04-23 14:01:22 - [MESSAGE][PASSED] - Text 'Forgotten password?' is present on page 

2020-04-23 14:01:22 - [TEST_STEP][PASSED] - setText(findTestObject("Object Repository/WebOffice/Page_Checkatrade - Administration - Login/input_Username_LoginControlUserName"), wo_Username): Text 'DavidHo' is set on object 'Object Repository/WebOffice/Page_Checkatrade - Administration - Login/input_Username_LoginControlUserName'

2020-04-23 14:01:22 - [MESSAGE][PASSED] - Text 'DavidHo' is set on object 'Object Repository/WebOffice/Page_Checkatrade - Administration - Login/input_Username_LoginControlUserName'

2020-04-23 14:01:22 - [TEST_STEP][PASSED] - setText(findTestObject("Object Repository/WebOffice/Page_Checkatrade - Administration - Login/input_Password_LoginControlPassword"), wo_Password): Text 'Check123' is set on object 'Object Repository/WebOffice/Page_Checkatrade - Administration - Login/input_Password_LoginControlPassword'

2020-04-23 14:01:23 - [MESSAGE][PASSED] - Text 'Check123' is set on object 'Object Repository/WebOffice/Page_Checkatrade - Administration - Login/input_Password_LoginControlPassword'

2020-04-23 14:01:23 - [TEST_STEP][PASSED] - click(findTestObject("Object Repository/WebOffice/Page_Checkatrade - Administration - Login/Login_Button")): Object: 'Object Repository/WebOffice/Page_Checkatrade - Administration - Login/Login_Button' is clicked on

2020-04-23 14:01:24 - [MESSAGE][PASSED] - Object: 'Object Repository/WebOffice/Page_Checkatrade - Administration - Login/Login_Button' is clicked on

2020-04-23 14:01:24 - [TEST_STEP][PASSED] - waitForPageLoad(60): Wait for page load successfully

2020-04-23 14:01:24 - [MESSAGE][PASSED] - Wait for page load successfully

2020-04-23 14:01:24 - [TEST_STEP][PASSED] - verifyTextPresent("Welcome " + wo_Username, false): Text 'Welcome DavidHo' is present on page 

2020-04-23 14:01:25 - [MESSAGE][PASSED] - Text 'Welcome DavidHo' is present on page 

2020-04-23 14:01:25 - [MESSAGE][PASSED] - Call Test Case 'Test Cases/Reusable_Test_Sequences/Web_Office/Directives/WebOffice_StartUp' successfully

2020-04-23 14:01:25 - [TEST_STEP][PASSED] - "--------------------------------------": null

2020-04-23 14:01:25 - [TEST_STEP][PASSED] - " Navigate to <Consumer> Menu Item     |": null

2020-04-23 14:01:25 - [TEST_STEP][PASSED] - callTestCase(findTestCase("Reusable_Test_Sequences/Web_Office/navigation/Navigate_Consumers"), [:], STOP_ON_FAILURE): Call Test Case 'Test Cases/Reusable_Test_Sequences/Web_Office/navigation/Navigate_Consumers' successfully

2020-04-23 14:01:25 - [TEST_CASE][PASSED] - Test Cases/Reusable_Test_Sequences/Web_Office/navigation/Navigate_Consumers: Test Cases/Reusable_Test_Sequences/Web_Office/navigation/Navigate_Consumers

2020-04-23 14:01:25 - [TEST_STEP][PASSED] - "--------------------------------------": null

2020-04-23 14:01:25 - [TEST_STEP][PASSED] - " Navigate Top level menu Item         |": null

2020-04-23 14:01:25 - [TEST_STEP][PASSED] - waitForPageLoad(60): Wait for page load successfully

2020-04-23 14:01:25 - [MESSAGE][PASSED] - Wait for page load successfully

2020-04-23 14:01:25 - [TEST_STEP][PASSED] - waitForElementClickable(findTestObject("Object Repository/WebOffice_Home_page/a_Consumers"), 60): Object 'Object Repository/WebOffice_Home_page/a_Consumers' is clickable

2020-04-23 14:01:25 - [MESSAGE][PASSED] - Object 'Object Repository/WebOffice_Home_page/a_Consumers' is clickable

2020-04-23 14:01:25 - [TEST_STEP][PASSED] - click(findTestObject("Object Repository/WebOffice_Home_page/a_Consumers")): Object: 'Object Repository/WebOffice_Home_page/a_Consumers' is clicked on

2020-04-23 14:01:26 - [MESSAGE][PASSED] - Object: 'Object Repository/WebOffice_Home_page/a_Consumers' is clicked on

2020-04-23 14:01:26 - [MESSAGE][PASSED] - Call Test Case 'Test Cases/Reusable_Test_Sequences/Web_Office/navigation/Navigate_Consumers' successfully

2020-04-23 14:01:26 - [TEST_STEP][PASSED] - "--------------------------------------": null

2020-04-23 14:01:26 - [TEST_STEP][PASSED] - " LH Pane  - Apply Search Criteria     |": null

2020-04-23 14:01:26 - [TEST_STEP][PASSED] - callTestCase(findTestCase("Reusable_Test_Sequences/Web_Office/Actions/Set_Consumer_Data"), [:], STOP_ON_FAILURE): Call Test Case 'Test Cases/Reusable_Test_Sequences/Web_Office/Actions/Set_Consumer_Data' successfully

2020-04-23 14:01:26 - [TEST_CASE][PASSED] - Test Cases/Reusable_Test_Sequences/Web_Office/Actions/Set_Consumer_Data: Test Cases/Reusable_Test_Sequences/Web_Office/Actions/Set_Consumer_Data

2020-04-23 14:01:26 - [TEST_STEP][PASSED] - "--------------------------------": null

2020-04-23 14:01:26 - [TEST_STEP][PASSED] - "Read data from spreadsheet      |": null

2020-04-23 14:01:26 - [TEST_STEP][PASSED] - data = findTestData("Data Files/Consumer_Data (1)"): null

2020-04-23 14:01:26 - [TEST_STEP][PASSED] - Forename = data.getValue("Forename", row): null

2020-04-23 14:01:26 - [TEST_STEP][PASSED] - Surname = data.getValue("Surname", row): null

2020-04-23 14:01:26 - [TEST_STEP][PASSED] - Mobile = data.getValue("Mobile", row): null

2020-04-23 14:01:26 - [TEST_STEP][PASSED] - Email = data.getValue("Email", row): null

2020-04-23 14:01:26 - [TEST_STEP][PASSED] - House = data.getValue("House", row): null

2020-04-23 14:01:26 - [TEST_STEP][PASSED] - Street = data.getValue("Street", row): null

2020-04-23 14:01:26 - [TEST_STEP][PASSED] - Town = data.getValue("Town", row): null

2020-04-23 14:01:26 - [TEST_STEP][PASSED] - City = data.getValue("City", row): null

2020-04-23 14:01:26 - [TEST_STEP][PASSED] - County = data.getValue("County", row): null

2020-04-23 14:01:26 - [TEST_STEP][PASSED] - Postcode = data.getValue("Postcode", row): null

2020-04-23 14:01:26 - [TEST_STEP][PASSED] - Phone = data.getValue("Phone", row): null

2020-04-23 14:01:26 - [TEST_STEP][PASSED] - Status = data.getValue("Status", row): null

2020-04-23 14:01:26 - [TEST_STEP][PASSED] - Type = data.getValue("Type", row): null

2020-04-23 14:01:26 - [TEST_STEP][PASSED] - Consumer_ID = data.getValue("Consumer_ID", row): null

2020-04-23 14:01:26 - [TEST_STEP][PASSED] - "--------------------------------": null

2020-04-23 14:01:26 - [TEST_STEP][PASSED] - "Read data from spreadsheet      |": null

2020-04-23 14:01:26 - [TEST_STEP][PASSED] - "--------------------------------": null

2020-04-23 14:01:26 - [TEST_STEP][PASSED] - "--------------------------------": null

2020-04-23 14:01:26 - [TEST_STEP][PASSED] - " Synchronisation                |": null

2020-04-23 14:01:26 - [TEST_STEP][PASSED] - waitForPageLoad(60): Wait for page load successfully

2020-04-23 14:01:26 - [MESSAGE][PASSED] - Wait for page load successfully

2020-04-23 14:01:26 - [TEST_STEP][PASSED] - waitForElementVisible(findTestObject("Object Repository/WebOffice/Consumers/Page_/input_Forename_ctl00CP1ctlSearchtbForenames"), 60): Object 'Object Repository/WebOffice/Consumers/Page_/input_Forename_ctl00CP1ctlSearchtbForenames' is visible

2020-04-23 14:01:26 - [MESSAGE][PASSED] - Object 'Object Repository/WebOffice/Consumers/Page_/input_Forename_ctl00CP1ctlSearchtbForenames' is visible

2020-04-23 14:01:26 - [TEST_STEP][PASSED] - click(findTestObject("Object Repository/WebOffice/Consumers/Page_/input_Forename_ctl00CP1ctlSearchtbForenames")): Object: 'Object Repository/WebOffice/Consumers/Page_/input_Forename_ctl00CP1ctlSearchtbForenames' is clicked on

2020-04-23 14:01:27 - [MESSAGE][PASSED] - Object: 'Object Repository/WebOffice/Consumers/Page_/input_Forename_ctl00CP1ctlSearchtbForenames' is clicked on

2020-04-23 14:01:27 - [TEST_STEP][PASSED] - "-------------------------------------------------------------------------------------------------------------------------------------": null

2020-04-23 14:01:27 - [TEST_STEP][PASSED] - setText(findTestObject("Object Repository/WebOffice/Consumers/Page_/input_Forename_ctl00CP1ctlSearchtbForenames"), Forename): Text '' is set on object 'Object Repository/WebOffice/Consumers/Page_/input_Forename_ctl00CP1ctlSearchtbForenames'

2020-04-23 14:01:27 - [MESSAGE][PASSED] - Text '' is set on object 'Object Repository/WebOffice/Consumers/Page_/input_Forename_ctl00CP1ctlSearchtbForenames'

2020-04-23 14:01:27 - [TEST_STEP][PASSED] - "-------------------------------------------------------------------------------------------------------------------------------------": null

2020-04-23 14:01:27 - [TEST_STEP][PASSED] - setText(findTestObject("Object Repository/WebOffice/Consumers/Page_/input_Surname_ctl00CP1ctlSearchtbSurname"), Surname): Text 'Brown' is set on object 'Object Repository/WebOffice/Consumers/Page_/input_Surname_ctl00CP1ctlSearchtbSurname'

2020-04-23 14:01:27 - [MESSAGE][PASSED] - Text 'Brown' is set on object 'Object Repository/WebOffice/Consumers/Page_/input_Surname_ctl00CP1ctlSearchtbSurname'

2020-04-23 14:01:27 - [TEST_STEP][PASSED] - "-------------------------------------------------------------------------------------------------------------------------------------": null

2020-04-23 14:01:27 - [TEST_STEP][PASSED] - setText(findTestObject("Object Repository/WebOffice/Consumers/Page_/input_Mobile_ctl00CP1ctlSearchtbMobile"), Mobile): Text '' is set on object 'Object Repository/WebOffice/Consumers/Page_/input_Mobile_ctl00CP1ctlSearchtbMobile'

2020-04-23 14:01:27 - [MESSAGE][PASSED] - Text '' is set on object 'Object Repository/WebOffice/Consumers/Page_/input_Mobile_ctl00CP1ctlSearchtbMobile'

2020-04-23 14:01:27 - [TEST_STEP][PASSED] - "-------------------------------------------------------------------------------------------------------------------------------------": null

2020-04-23 14:01:27 - [TEST_STEP][PASSED] - setText(findTestObject("Object Repository/WebOffice/Consumers/Page_/input_Email_ctl00CP1ctlSearchtbEmail"), Email): Text '' is set on object 'Object Repository/WebOffice/Consumers/Page_/input_Email_ctl00CP1ctlSearchtbEmail'

2020-04-23 14:01:27 - [MESSAGE][PASSED] - Text '' is set on object 'Object Repository/WebOffice/Consumers/Page_/input_Email_ctl00CP1ctlSearchtbEmail'

2020-04-23 14:01:27 - [TEST_STEP][PASSED] - "-------------------------------------------------------------------------------------------------------------------------------------": null

2020-04-23 14:01:27 - [TEST_STEP][PASSED] - setText(findTestObject("Object Repository/WebOffice/Consumers/Page_/input_House_ctl00CP1ctlSearchtbHouse"), House): Text '' is set on object 'Object Repository/WebOffice/Consumers/Page_/input_House_ctl00CP1ctlSearchtbHouse'

2020-04-23 14:01:28 - [MESSAGE][PASSED] - Text '' is set on object 'Object Repository/WebOffice/Consumers/Page_/input_House_ctl00CP1ctlSearchtbHouse'

2020-04-23 14:01:28 - [TEST_STEP][PASSED] - "-------------------------------------------------------------------------------------------------------------------------------------": null

2020-04-23 14:01:28 - [TEST_STEP][PASSED] - setText(findTestObject("Object Repository/WebOffice/Consumers/Page_/input_Street_ctl00CP1ctlSearchtbStreet"), Street): Text '2 Redwood Drive' is set on object 'Object Repository/WebOffice/Consumers/Page_/input_Street_ctl00CP1ctlSearchtbStreet'

2020-04-23 14:01:28 - [MESSAGE][PASSED] - Text '2 Redwood Drive' is set on object 'Object Repository/WebOffice/Consumers/Page_/input_Street_ctl00CP1ctlSearchtbStreet'

2020-04-23 14:01:28 - [TEST_STEP][PASSED] - "-------------------------------------------------------------------------------------------------------------------------------------": null

2020-04-23 14:01:28 - [TEST_STEP][PASSED] - setText(findTestObject("Object Repository/WebOffice/Consumers/Page_/input_Town_ctl00CP1ctlSearchtbTown"), Town): Text '' is set on object 'Object Repository/WebOffice/Consumers/Page_/input_Town_ctl00CP1ctlSearchtbTown'

2020-04-23 14:01:28 - [MESSAGE][PASSED] - Text '' is set on object 'Object Repository/WebOffice/Consumers/Page_/input_Town_ctl00CP1ctlSearchtbTown'

2020-04-23 14:01:28 - [TEST_STEP][PASSED] - "-------------------------------------------------------------------------------------------------------------------------------------": null

2020-04-23 14:01:28 - [TEST_STEP][PASSED] - setText(findTestObject("Object Repository/WebOffice/Consumers/Page_/input_City_ctl00CP1ctlSearchtbCity"), City): Text '' is set on object 'Object Repository/WebOffice/Consumers/Page_/input_City_ctl00CP1ctlSearchtbCity'

2020-04-23 14:01:29 - [MESSAGE][PASSED] - Text '' is set on object 'Object Repository/WebOffice/Consumers/Page_/input_City_ctl00CP1ctlSearchtbCity'

2020-04-23 14:01:29 - [TEST_STEP][PASSED] - "-------------------------------------------------------------------------------------------------------------------------------------": null

2020-04-23 14:01:29 - [TEST_STEP][PASSED] - setText(findTestObject("Object Repository/WebOffice/Consumers/Page_/input_County_ctl00CP1ctlSearchtbCounty"), County): Text 'West Sussex' is set on object 'Object Repository/WebOffice/Consumers/Page_/input_County_ctl00CP1ctlSearchtbCounty'

2020-04-23 14:01:29 - [MESSAGE][PASSED] - Text 'West Sussex' is set on object 'Object Repository/WebOffice/Consumers/Page_/input_County_ctl00CP1ctlSearchtbCounty'

2020-04-23 14:01:29 - [TEST_STEP][PASSED] - "-------------------------------------------------------------------------------------------------------------------------------------": null

2020-04-23 14:01:29 - [TEST_STEP][PASSED] - setText(findTestObject("Object Repository/WebOffice/Consumers/Page_/input_Postcode_ctl00CP1ctlSearchtbPostcode"), Postcode): Text '' is set on object 'Object Repository/WebOffice/Consumers/Page_/input_Postcode_ctl00CP1ctlSearchtbPostcode'

2020-04-23 14:01:29 - [MESSAGE][PASSED] - Text '' is set on object 'Object Repository/WebOffice/Consumers/Page_/input_Postcode_ctl00CP1ctlSearchtbPostcode'

2020-04-23 14:01:29 - [TEST_STEP][PASSED] - "-------------------------------------------------------------------------------------------------------------------------------------": null

2020-04-23 14:01:29 - [TEST_STEP][PASSED] - setText(findTestObject("Object Repository/WebOffice/Consumers/Page_/input_Phone_ctl00CP1ctlSearchtbTel"), Phone): Text '' is set on object 'Object Repository/WebOffice/Consumers/Page_/input_Phone_ctl00CP1ctlSearchtbTel'

2020-04-23 14:01:30 - [MESSAGE][PASSED] - Text '' is set on object 'Object Repository/WebOffice/Consumers/Page_/input_Phone_ctl00CP1ctlSearchtbTel'

2020-04-23 14:01:30 - [TEST_STEP][PASSED] - "-------------------------------------------------------------------------------------------------------------------------------------": null

2020-04-23 14:01:30 - [TEST_STEP][PASSED] - "Set Status": null

2020-04-23 14:01:30 - [TEST_STEP][PASSED] - "-------------------------------------------------------------------------------------------------------------------------------------": null

2020-04-23 14:01:30 - [TEST_STEP][PASSED] - "Status 3 Options": null

2020-04-23 14:01:30 - [TEST_STEP][PASSED] - "-------------------------------------------------------------------------------------------------------------------------------------": null

2020-04-23 14:01:30 - [TEST_STEP][PASSED] - "Set Type": null

2020-04-23 14:01:30 - [TEST_STEP][PASSED] - "-------------------------------------------------------------------------------------------------------------------------------------": null

2020-04-23 14:01:30 - [TEST_STEP][PASSED] - "Type 3 Options": null

2020-04-23 14:01:30 - [TEST_STEP][PASSED] - "-------------------------------------------------------------------------------------------------------------------------------------": null

2020-04-23 14:01:30 - [TEST_STEP][PASSED] - click(findTestObject("Object Repository/WebOffice/Consumers/Page_/input_Clear_ctl00CP1ctlSearchbtnSearch")): Object: 'Object Repository/WebOffice/Consumers/Page_/input_Clear_ctl00CP1ctlSearchbtnSearch' is clicked on

2020-04-23 14:01:30 - [MESSAGE][PASSED] - Object: 'Object Repository/WebOffice/Consumers/Page_/input_Clear_ctl00CP1ctlSearchbtnSearch' is clicked on

2020-04-23 14:01:30 - [MESSAGE][PASSED] - Call Test Case 'Test Cases/Reusable_Test_Sequences/Web_Office/Actions/Set_Consumer_Data' successfully

2020-04-23 14:01:30 - [TEST_STEP][PASSED] - "--------------------------------------": null

2020-04-23 14:01:30 - [TEST_STEP][PASSED] - " Select Returned Record to Verify     |": null

2020-04-23 14:01:30 - [TEST_STEP][PASSED] - callTestCase(findTestCase("Reusable_Test_Sequences/Web_Office/Actions/Select_Consumer"), [:], OPTIONAL): Call Test Case 'Test Cases/Reusable_Test_Sequences/Web_Office/Actions/Select_Consumer' successfully

2020-04-23 14:01:30 - [TEST_CASE][PASSED] - Test Cases/Reusable_Test_Sequences/Web_Office/Actions/Select_Consumer: Test Cases/Reusable_Test_Sequences/Web_Office/Actions/Select_Consumer

2020-04-23 14:01:30 - [TEST_STEP][PASSED] - "--------": null

2020-04-23 14:01:30 - [TEST_STEP][PASSED] - "Search  |": null

2020-04-23 14:01:30 - [TEST_STEP][PASSED] - waitForPageLoad(60): Wait for page load successfully

2020-04-23 14:01:30 - [MESSAGE][PASSED] - Wait for page load successfully

2020-04-23 14:01:30 - [TEST_STEP][PASSED] - waitForElementClickable(findTestObject("Object Repository/WO_Consumer/Page_/input_Clear_ctl00CP1ctlSearchbtnSearch"), 60): Object 'Object Repository/WO_Consumer/Page_/input_Clear_ctl00CP1ctlSearchbtnSearch' is clickable

2020-04-23 14:01:30 - [MESSAGE][PASSED] - Object 'Object Repository/WO_Consumer/Page_/input_Clear_ctl00CP1ctlSearchbtnSearch' is clickable

2020-04-23 14:01:30 - [TEST_STEP][PASSED] - click(findTestObject("Object Repository/WO_Consumer/Page_/input_Clear_ctl00CP1ctlSearchbtnSearch")): Object: 'Object Repository/WO_Consumer/Page_/input_Clear_ctl00CP1ctlSearchbtnSearch' is clicked on

2020-04-23 14:01:31 - [MESSAGE][PASSED] - Object: 'Object Repository/WO_Consumer/Page_/input_Clear_ctl00CP1ctlSearchbtnSearch' is clicked on

2020-04-23 14:01:31 - [TEST_STEP][PASSED] - delay(5): Delayed 5 second(s)

2020-04-23 14:01:36 - [MESSAGE][PASSED] - Delayed 5 second(s)

2020-04-23 14:01:36 - [TEST_STEP][PASSED] - "--------": null

2020-04-23 14:01:36 - [TEST_STEP][PASSED] - "Synch   |": null

2020-04-23 14:01:36 - [TEST_STEP][PASSED] - waitForPageLoad(120): Wait for page load successfully

2020-04-23 14:01:36 - [MESSAGE][PASSED] - Wait for page load successfully

2020-04-23 14:01:36 - [TEST_STEP][PASSED] - waitForElementClickable(findTestObject("Object Repository/WO_Consumer/Page_/a_Feedback"), 60): Object 'Object Repository/WO_Consumer/Page_/a_Feedback' is clickable

2020-04-23 14:01:43 - [MESSAGE][PASSED] - Object 'Object Repository/WO_Consumer/Page_/a_Feedback' is clickable

2020-04-23 14:01:43 - [TEST_STEP][PASSED] - "----------------------------------------": null

2020-04-23 14:01:43 - [TEST_STEP][PASSED] - "Initial Table View (Populated or Not    |": null

2020-04-23 14:01:43 - [TEST_STEP][PASSED] - "----------------------------------------": null

2020-04-23 14:01:43 - [TEST_STEP][PASSED] - "---------------------------------------------------": null

2020-04-23 14:01:43 - [TEST_STEP][PASSED] - "If Record Exists Then rocess, Otherwise Jump Over  |": null

2020-04-23 14:01:43 - [TEST_STEP][PASSED] - "---------------------------------------------------": null

2020-04-23 14:01:43 - [TEST_STEP][PASSED] - "----------------------------------------": null

2020-04-23 14:01:43 - [TEST_STEP][PASSED] - "Initial Table Return Checks": null

2020-04-23 14:01:43 - [TEST_STEP][PASSED] - "----------------------------------------": null

2020-04-23 14:01:43 - [TEST_STEP][PASSED] - "--------": null

2020-04-23 14:01:43 - [TEST_STEP][PASSED] - "Sort    |": null

2020-04-23 14:01:43 - [TEST_STEP][PASSED] - click(findTestObject("Object Repository/WO_Consumer/Page_/a_Feedback")): Object: 'Object Repository/WO_Consumer/Page_/a_Feedback' is clicked on

2020-04-23 14:01:50 - [MESSAGE][PASSED] - Object: 'Object Repository/WO_Consumer/Page_/a_Feedback' is clicked on

2020-04-23 14:01:50 - [TEST_STEP][PASSED] - delay(5): Delayed 5 second(s)

2020-04-23 14:01:55 - [MESSAGE][PASSED] - Delayed 5 second(s)

2020-04-23 14:01:55 - [TEST_STEP][PASSED] - "--------": null

2020-04-23 14:01:55 - [TEST_STEP][PASSED] - "Sort    |": null

2020-04-23 14:01:55 - [TEST_STEP][PASSED] - click(findTestObject("Object Repository/WO_Consumer/Page_/a_Feedback")): Object: 'Object Repository/WO_Consumer/Page_/a_Feedback' is clicked on

2020-04-23 14:02:00 - [MESSAGE][PASSED] - Object: 'Object Repository/WO_Consumer/Page_/a_Feedback' is clicked on

2020-04-23 14:02:00 - [TEST_STEP][PASSED] - delay(5): Delayed 5 second(s)

2020-04-23 14:02:05 - [MESSAGE][PASSED] - Delayed 5 second(s)

2020-04-23 14:02:05 - [TEST_STEP][PASSED] - "--------": null

2020-04-23 14:02:05 - [TEST_STEP][PASSED] - "Select  |": null

2020-04-23 14:02:05 - [TEST_STEP][PASSED] - waitForElementClickable(findTestObject("WO_Consumer/Page_/td_TopRow"), 60): Object 'Object Repository/WO_Consumer/Page_/td_TopRow' is clickable

2020-04-23 14:02:05 - [MESSAGE][PASSED] - Object 'Object Repository/WO_Consumer/Page_/td_TopRow' is clickable

2020-04-23 14:02:05 - [TEST_STEP][PASSED] - click(findTestObject("WO_Consumer/Page_/td_TopRow")): Object: 'Object Repository/WO_Consumer/Page_/td_TopRow' is clicked on

2020-04-23 14:02:06 - [MESSAGE][PASSED] - Object: 'Object Repository/WO_Consumer/Page_/td_TopRow' is clicked on

2020-04-23 14:02:06 - [TEST_STEP][PASSED] - delay(1): Delayed 1 second(s)

2020-04-23 14:02:07 - [MESSAGE][PASSED] - Delayed 1 second(s)

2020-04-23 14:02:07 - [MESSAGE][PASSED] - Call Test Case 'Test Cases/Reusable_Test_Sequences/Web_Office/Actions/Select_Consumer' successfully

2020-04-23 14:02:07 - [TEST_STEP][PASSED] - "--------------------------------------": null

2020-04-23 14:02:07 - [TEST_STEP][PASSED] - " Verify Returned Consumer Record      |": null

2020-04-23 14:02:07 - [TEST_STEP][PASSED] - callTestCase(findTestCase("Reusable_Test_Sequences/Web_Office/Verification/Consumer_Returned_Search_Record"), [:], OPTIONAL): Call Test Case 'Test Cases/Reusable_Test_Sequences/Web_Office/Verification/Consumer_Returned_Search_Record' successfully

2020-04-23 14:02:07 - [TEST_CASE][PASSED] - Test Cases/Reusable_Test_Sequences/Web_Office/Verification/Consumer_Returned_Search_Record: Test Cases/Reusable_Test_Sequences/Web_Office/Verification/Consumer_Returned_Search_Record

2020-04-23 14:02:07 - [TEST_STEP][PASSED] - "--------------------------------": null

2020-04-23 14:02:07 - [TEST_STEP][PASSED] - "Read data from spreadsheet      | r_ = Returned Data": null

2020-04-23 14:02:07 - [TEST_STEP][PASSED] - data = findTestData("Data Files/Consumer_Data (1)"): null

2020-04-23 14:02:07 - [TEST_STEP][PASSED] - Consumer_ID = data.getValue("Consumer_ID", row): null

2020-04-23 14:02:07 - [TEST_STEP][PASSED] - Title = data.getValue("r_Title", row): null

2020-04-23 14:02:07 - [TEST_STEP][PASSED] - Forenames = data.getValue("r_Forenames", row): null

2020-04-23 14:02:07 - [TEST_STEP][PASSED] - Surname = data.getValue("r_Surname", row): null

2020-04-23 14:02:07 - [TEST_STEP][PASSED] - Housename = data.getValue("r_Housename", row): null

2020-04-23 14:02:07 - [TEST_STEP][PASSED] - Number_Street = data.getValue("r_Number_and_Street", row): null

2020-04-23 14:02:07 - [TEST_STEP][PASSED] - City = data.getValue("r_City", row): null

2020-04-23 14:02:07 - [TEST_STEP][PASSED] - Town = data.getValue("r_Town", row): null

2020-04-23 14:02:07 - [TEST_STEP][PASSED] - County = data.getValue("r_County", row): null

2020-04-23 14:02:07 - [TEST_STEP][PASSED] - Postcode = data.getValue("r_Postcode", row): null

2020-04-23 14:02:07 - [TEST_STEP][PASSED] - Phone1 = data.getValue("r_Phone_1", row): null

2020-04-23 14:02:07 - [TEST_STEP][PASSED] - Phone2 = data.getValue("r_Phone_2", row): null

2020-04-23 14:02:07 - [TEST_STEP][PASSED] - Fax = data.getValue("r_Fax", row): null

2020-04-23 14:02:07 - [TEST_STEP][PASSED] - r_Full_Name = data.getValue("r_Full_Name", 1): null

2020-04-23 14:02:07 - [TEST_STEP][PASSED] - r_Full_Address = data.getValue("r_Full_Address", 1): null

2020-04-23 14:02:07 - [TEST_STEP][PASSED] - "--------------------------------": null

2020-04-23 14:02:07 - [TEST_STEP][PASSED] - "Read data from spreadsheet      |": null

2020-04-23 14:02:07 - [TEST_STEP][PASSED] - Actual_Page_Text = "": null

2020-04-23 14:02:07 - [TEST_STEP][PASSED] - Expected_Page_Text = "": null

2020-04-23 14:02:07 - [TEST_STEP][PASSED] - waitForPageLoad(60): Wait for page load successfully

2020-04-23 14:02:07 - [MESSAGE][PASSED] - Wait for page load successfully

2020-04-23 14:02:07 - [TEST_STEP][PASSED] - delay(1): Delayed 1 second(s)

2020-04-23 14:02:08 - [MESSAGE][PASSED] - Delayed 1 second(s)

2020-04-23 14:02:08 - [TEST_STEP][PASSED] - "HEADER DETAIL - iFrame": null

2020-04-23 14:02:08 - [TEST_STEP][PASSED] - "----------------": null

2020-04-23 14:02:08 - [TEST_STEP][PASSED] - "Full Name       |": null

2020-04-23 14:02:08 - [TEST_STEP][PASSED] - verifyElementPresent(findTestObject("Object Repository/WO_Consumer/Page_/Page_/a_Mr Gordon Brown"), 25): Object 'Object Repository/WO_Consumer/Page_/Page_/a_Mr Gordon Brown' is present

2020-04-23 14:02:09 - [MESSAGE][PASSED] - Object 'Object Repository/WO_Consumer/Page_/Page_/a_Mr Gordon Brown' is present

2020-04-23 14:02:09 - [TEST_STEP][PASSED] - "----------------": null

2020-04-23 14:02:09 - [TEST_STEP][PASSED] - "Full Address    |": null

2020-04-23 14:02:09 - [TEST_STEP][PASSED] - verifyElementPresent(findTestObject("Object Repository/WO_Consumer/Page_/Page_/div_Haywards Heath West Sussex RH16 4ER4477_d20822"), 25): Object 'Object Repository/WO_Consumer/Page_/Page_/div_Haywards Heath West Sussex RH16 4ER4477_d20822' is present

2020-04-23 14:02:09 - [MESSAGE][PASSED] - Object 'Object Repository/WO_Consumer/Page_/Page_/div_Haywards Heath West Sussex RH16 4ER4477_d20822' is present

2020-04-23 14:02:09 - [TEST_STEP][PASSED] - "BODY DETAIL - iFrame": null

2020-04-23 14:02:09 - [TEST_STEP][PASSED] - "----------------": null

2020-04-23 14:02:09 - [TEST_STEP][PASSED] - "EDIT Consumer   |": null

2020-04-23 14:02:09 - [TEST_STEP][PASSED] - verifyElementPresent(findTestObject("Object Repository/WO_Consumer/Page_/Page_/input_Title_ctledittbTitle"), 25): Object 'Object Repository/WO_Consumer/Page_/Page_/input_Title_ctledittbTitle' is present

2020-04-23 14:02:09 - [MESSAGE][PASSED] - Object 'Object Repository/WO_Consumer/Page_/Page_/input_Title_ctledittbTitle' is present

2020-04-23 14:02:09 - [TEST_STEP][PASSED] - "----------------": null

2020-04-23 14:02:09 - [TEST_STEP][PASSED] - "Address         |": null

2020-04-23 14:02:09 - [TEST_STEP][PASSED] - verifyElementPresent(findTestObject("Object Repository/WO_Consumer/Page_/Page_/span_Please ensure the Street  Road name is_e38a58"), 25): Object 'Object Repository/WO_Consumer/Page_/Page_/span_Please ensure the Street  Road name is_e38a58' is present

2020-04-23 14:02:09 - [MESSAGE][PASSED] - Object 'Object Repository/WO_Consumer/Page_/Page_/span_Please ensure the Street  Road name is_e38a58' is present

2020-04-23 14:02:09 - [MESSAGE][PASSED] - Call Test Case 'Test Cases/Reusable_Test_Sequences/Web_Office/Verification/Consumer_Returned_Search_Record' successfully

2020-04-23 14:02:09 - [TEST_STEP][PASSED] - "--------------------------": null

2020-04-23 14:02:09 - [TEST_STEP][PASSED] - " Teardown - CLose Browser |": null

2020-04-23 14:02:09 - [TEST_STEP][PASSED] - callTestCase(findTestCase("Reusable_Test_Sequences/CAT_Teardown"), [:], OPTIONAL): Call Test Case 'Test Cases/Reusable_Test_Sequences/CAT_Teardown' successfully

2020-04-23 14:02:09 - [TEST_CASE][PASSED] - Test Cases/Reusable_Test_Sequences/CAT_Teardown: Test Cases/Reusable_Test_Sequences/CAT_Teardown

2020-04-23 14:02:09 - [TEST_STEP][PASSED] - closeBrowser(): Browser is closed

2020-04-23 14:02:11 - [MESSAGE][PASSED] - Browser is closed

2020-04-23 14:02:11 - [TEST_STEP][PASSED] - super.finalize(): null

2020-04-23 14:02:11 - [TEST_STEP][PASSED] - System.gc(): null

2020-04-23 14:02:11 - [MESSAGE][PASSED] - Call Test Case 'Test Cases/Reusable_Test_Sequences/CAT_Teardown' successfully]]></system-out>
         <system-err><![CDATA[]]></system-err>
      </testcase>
      <testcase name="Test Cases/Web_Office/WebOffice_Header_Search" time="14.697" classname="Test Cases/Web_Office/WebOffice_Header_Search" status="FAILED">
         <failure type="FAILED" message="Test Cases/Web_Office/WebOffice_Header_Search FAILED.
Reason:
com.kms.katalon.core.exception.StepFailedException: Call Test Case 'Test Cases/Reusable_Test_Sequences/Web_Office/Home_Page_Search' failed
	at com.kms.katalon.core.keyword.builtin.CallTestCaseKeyword$_callTestCase_closure1.doCall(CallTestCaseKeyword.groovy:63)
	at com.kms.katalon.core.keyword.builtin.CallTestCaseKeyword$_callTestCase_closure1.call(CallTestCaseKeyword.groovy)
	at com.kms.katalon.core.keyword.internal.KeywordMain.runKeyword(KeywordMain.groovy:68)
	at com.kms.katalon.core.keyword.builtin.CallTestCaseKeyword.callTestCase(CallTestCaseKeyword.groovy:81)
	at com.kms.katalon.core.keyword.builtin.CallTestCaseKeyword.execute(CallTestCaseKeyword.groovy:44)
	at com.kms.katalon.core.keyword.internal.KeywordExecutor.executeKeywordForPlatform(KeywordExecutor.groovy:72)
	at com.kms.katalon.core.keyword.BuiltinKeywords.callTestCase(BuiltinKeywords.groovy:334)
	at WebOffice_Header_Search.run(WebOffice_Header_Search:60)
	at com.kms.katalon.core.main.ScriptEngine.run(ScriptEngine.java:194)
	at com.kms.katalon.core.main.ScriptEngine.runScriptAsRawText(ScriptEngine.java:119)
	at com.kms.katalon.core.main.TestCaseExecutor.runScript(TestCaseExecutor.java:337)
	at com.kms.katalon.core.main.TestCaseExecutor.doExecute(TestCaseExecutor.java:328)
	at com.kms.katalon.core.main.TestCaseExecutor.processExecutionPhase(TestCaseExecutor.java:307)
	at com.kms.katalon.core.main.TestCaseExecutor.accessMainPhase(TestCaseExecutor.java:299)
	at com.kms.katalon.core.main.TestCaseExecutor.execute(TestCaseExecutor.java:233)
	at com.kms.katalon.core.main.TestSuiteExecutor.accessTestCaseMainPhase(TestSuiteExecutor.java:169)
	at com.kms.katalon.core.main.TestSuiteExecutor.accessTestSuiteMainPhase(TestSuiteExecutor.java:142)
	at com.kms.katalon.core.main.TestSuiteExecutor.execute(TestSuiteExecutor.java:91)
	at com.kms.katalon.core.main.TestCaseMain.startTestSuite(TestCaseMain.java:157)
	at com.kms.katalon.core.main.TestCaseMain$startTestSuite$0.call(Unknown Source)
	at TempTestSuite1587645474617.run(TempTestSuite1587645474617.groovy:37)
Caused by: com.kms.katalon.core.exception.StepFailedException: Unable to click on object 'Object Repository/WebOffice_Home_page/popout_Search_Item' (Root cause: com.kms.katalon.core.exception.StepFailedException: Unable to click on object 'Object Repository/WebOffice_Home_page/popout_Search_Item'
	at com.kms.katalon.core.webui.keyword.internal.WebUIKeywordMain.stepFailed(WebUIKeywordMain.groovy:64)
	at com.kms.katalon.core.webui.keyword.internal.WebUIKeywordMain.runKeyword(WebUIKeywordMain.groovy:26)
	at com.kms.katalon.core.webui.keyword.builtin.ClickKeyword.click(ClickKeyword.groovy:76)
	at com.kms.katalon.core.webui.keyword.builtin.ClickKeyword.execute(ClickKeyword.groovy:43)
	at com.kms.katalon.core.keyword.internal.KeywordExecutor.executeKeywordForPlatform(KeywordExecutor.groovy:72)
	at com.kms.katalon.core.webui.keyword.WebUiBuiltInKeywords.click(WebUiBuiltInKeywords.groovy:616)
	at com.kms.katalon.core.webui.keyword.WebUiBuiltInKeywords$click$4.call(Unknown Source)
	at Home_Page_Search.run(Home_Page_Search:62)
	at com.kms.katalon.core.main.ScriptEngine.run(ScriptEngine.java:194)
	at com.kms.katalon.core.main.ScriptEngine.runScriptAsRawText(ScriptEngine.java:119)
	at com.kms.katalon.core.main.TestCaseExecutor.runScript(TestCaseExecutor.java:337)
	at com.kms.katalon.core.main.TestCaseExecutor.doExecute(TestCaseExecutor.java:328)
	at com.kms.katalon.core.main.TestCaseExecutor.processExecutionPhase(TestCaseExecutor.java:307)
	at com.kms.katalon.core.main.TestCaseExecutor.accessMainPhase(TestCaseExecutor.java:299)
	at com.kms.katalon.core.main.TestCaseExecutor.execute(TestCaseExecutor.java:233)
	at com.kms.katalon.core.main.TestCaseMain.runTestCase(TestCaseMain.java:114)
	at com.kms.katalon.core.keyword.builtin.CallTestCaseKeyword$_callTestCase_closure1.doCall(CallTestCaseKeyword.groovy:59)
	at com.kms.katalon.core.keyword.builtin.CallTestCaseKeyword$_callTestCase_closure1.call(CallTestCaseKeyword.groovy)
	at com.kms.katalon.core.keyword.internal.KeywordMain.runKeyword(KeywordMain.groovy:68)
	at com.kms.katalon.core.keyword.builtin.CallTestCaseKeyword.callTestCase(CallTestCaseKeyword.groovy:81)
	at com.kms.katalon.core.keyword.builtin.CallTestCaseKeyword.execute(CallTestCaseKeyword.groovy:44)
	at com.kms.katalon.core.keyword.internal.KeywordExecutor.executeKeywordForPlatform(KeywordExecutor.groovy:72)
	at com.kms.katalon.core.keyword.BuiltinKeywords.callTestCase(BuiltinKeywords.groovy:334)
	at WebOffice_Header_Search.run(WebOffice_Header_Search:60)
	at com.kms.katalon.core.main.ScriptEngine.run(ScriptEngine.java:194)
	at com.kms.katalon.core.main.ScriptEngine.runScriptAsRawText(ScriptEngine.java:119)
	at com.kms.katalon.core.main.TestCaseExecutor.runScript(TestCaseExecutor.java:337)
	at com.kms.katalon.core.main.TestCaseExecutor.doExecute(TestCaseExecutor.java:328)
	at com.kms.katalon.core.main.TestCaseExecutor.processExecutionPhase(TestCaseExecutor.java:307)
	at com.kms.katalon.core.main.TestCaseExecutor.accessMainPhase(TestCaseExecutor.java:299)
	at com.kms.katalon.core.main.TestCaseExecutor.execute(TestCaseExecutor.java:233)
	at com.kms.katalon.core.main.TestSuiteExecutor.accessTestCaseMainPhase(TestSuiteExecutor.java:169)
	at com.kms.katalon.core.main.TestSuiteExecutor.accessTestSuiteMainPhase(TestSuiteExecutor.java:142)
	at com.kms.katalon.core.main.TestSuiteExecutor.execute(TestSuiteExecutor.java:91)
	at com.kms.katalon.core.main.TestCaseMain.startTestSuite(TestCaseMain.java:157)
	at com.kms.katalon.core.main.TestCaseMain$startTestSuite$0.call(Unknown Source)
	at TempTestSuite1587645474617.run(TempTestSuite1587645474617.groovy:37)
Caused by: org.openqa.selenium.ElementNotInteractableException: element not interactable
  (Session info: chrome=81.0.4044.113)
Build info: version: '3.141.59', revision: 'e82be7d358', time: '2018-11-14T08:25:53'
System info: host: 'VETTEDSP36RF', ip: '192.168.1.238', os.name: 'Windows 10', os.arch: 'x86', os.version: '10.0', java.version: '1.8.0_181'
Driver info: com.kms.katalon.selenium.driver.CChromeDriver
Capabilities {acceptInsecureCerts: false, browserName: chrome, browserVersion: 81.0.4044.113, chrome: {chromedriverVersion: 81.0.4044.69 (6813546031a4b..., userDataDir: C:\Users\davidho\AppData\Lo...}, goog:chromeOptions: {debuggerAddress: localhost:58709}, javascriptEnabled: true, networkConnectionEnabled: false, pageLoadStrategy: normal, platform: WINDOWS, platformName: WINDOWS, proxy: Proxy(), setWindowRect: true, strictFileInteractability: false, timeouts: {implicit: 0, pageLoad: 300000, script: 30000}, unhandledPromptBehavior: dismiss and notify, webauthn:virtualAuthenticators: true}
Session ID: 5b1eb8427a7eaec7be04531f48b99857
	at org.openqa.selenium.remote.http.W3CHttpResponseCodec.createException(W3CHttpResponseCodec.java:187)
	at org.openqa.selenium.remote.http.W3CHttpResponseCodec.decode(W3CHttpResponseCodec.java:122)
	at org.openqa.selenium.remote.http.W3CHttpResponseCodec.decode(W3CHttpResponseCodec.java:49)
	at org.openqa.selenium.remote.HttpCommandExecutor.execute(HttpCommandExecutor.java:158)
	at org.openqa.selenium.remote.service.DriverCommandExecutor.execute(DriverCommandExecutor.java:83)
	at org.openqa.selenium.remote.RemoteWebDriver.execute(RemoteWebDriver.java:552)
	at com.kms.katalon.selenium.driver.CChromeDriver.execute(CChromeDriver.java:19)
	at org.openqa.selenium.remote.RemoteWebElement.execute(RemoteWebElement.java:285)
	at org.openqa.selenium.remote.RemoteWebElement.click(RemoteWebElement.java:84)
	at org.openqa.selenium.support.events.EventFiringWebDriver$EventFiringWebElement.lambda$new$0(EventFiringWebDriver.java:404)
	at com.sun.proxy.$Proxy9.click(Unknown Source)
	at org.openqa.selenium.support.events.EventFiringWebDriver$EventFiringWebElement.click(EventFiringWebDriver.java:417)
	at com.kms.katalon.core.webui.keyword.builtin.ClickKeyword$_click_closure1.doCall(ClickKeyword.groovy:69)
	at com.kms.katalon.core.webui.keyword.builtin.ClickKeyword$_click_closure1.call(ClickKeyword.groovy)
	at com.kms.katalon.core.webui.keyword.internal.WebUIKeywordMain.runKeyword(WebUIKeywordMain.groovy:20)
	at com.kms.katalon.core.webui.keyword.builtin.ClickKeyword.click(ClickKeyword.groovy:76)
	at com.kms.katalon.core.webui.keyword.builtin.ClickKeyword.execute(ClickKeyword.groovy:43)
	at com.kms.katalon.core.keyword.internal.KeywordExecutor.executeKeywordForPlatform(KeywordExecutor.groovy:72)
	at com.kms.katalon.core.webui.keyword.WebUiBuiltInKeywords.click(WebUiBuiltInKeywords.groovy:616)
	at com.kms.katalon.core.webui.keyword.WebUiBuiltInKeywords$click$4.call(Unknown Source)
	at Script1573138260893.run(Script1573138260893.groovy:62)
	at com.kms.katalon.core.main.ScriptEngine.run(ScriptEngine.java:194)
	at com.kms.katalon.core.main.ScriptEngine.runScriptAsRawText(ScriptEngine.java:119)
	at com.kms.katalon.core.main.TestCaseExecutor.runScript(TestCaseExecutor.java:337)
	at com.kms.katalon.core.main.TestCaseExecutor.doExecute(TestCaseExecutor.java:328)
	at com.kms.katalon.core.main.TestCaseExecutor.processExecutionPhase(TestCaseExecutor.java:307)
	at com.kms.katalon.core.main.TestCaseExecutor.accessMainPhase(TestCaseExecutor.java:299)
	at com.kms.katalon.core.main.TestCaseExecutor.execute(TestCaseExecutor.java:233)
	at com.kms.katalon.core.main.TestCaseMain.runTestCase(TestCaseMain.java:114)
	at com.kms.katalon.core.keyword.builtin.CallTestCaseKeyword$_callTestCase_closure1.doCall(CallTestCaseKeyword.groovy:59)
	at com.kms.katalon.core.keyword.builtin.CallTestCaseKeyword$_callTestCase_closure1.call(CallTestCaseKeyword.groovy)
	at com.kms.katalon.core.keyword.internal.KeywordMain.runKeyword(KeywordMain.groovy:68)
	at com.kms.katalon.core.keyword.builtin.CallTestCaseKeyword.callTestCase(CallTestCaseKeyword.groovy:81)
	at com.kms.katalon.core.keyword.builtin.CallTestCaseKeyword.execute(CallTestCaseKeyword.groovy:44)
	at com.kms.katalon.core.keyword.internal.KeywordExecutor.executeKeywordForPlatform(KeywordExecutor.groovy:72)
	at com.kms.katalon.core.keyword.BuiltinKeywords.callTestCase(BuiltinKeywords.groovy:334)
	at Script1573048549655.run(Script1573048549655.groovy:60)
	... 13 more
)
	at com.kms.katalon.core.keyword.internal.KeywordMain.stepFailed(KeywordMain.groovy:39)
	at com.kms.katalon.core.webui.keyword.internal.WebUIKeywordMain.stepFailed(WebUIKeywordMain.groovy:64)
	at com.kms.katalon.core.webui.keyword.internal.WebUIKeywordMain.runKeyword(WebUIKeywordMain.groovy:26)
	at com.kms.katalon.core.webui.keyword.builtin.ClickKeyword.click(ClickKeyword.groovy:76)
	at com.kms.katalon.core.webui.keyword.builtin.ClickKeyword.execute(ClickKeyword.groovy:43)
	at com.kms.katalon.core.keyword.internal.KeywordExecutor.executeKeywordForPlatform(KeywordExecutor.groovy:72)
	at com.kms.katalon.core.webui.keyword.WebUiBuiltInKeywords.click(WebUiBuiltInKeywords.groovy:616)
	at com.kms.katalon.core.webui.keyword.WebUiBuiltInKeywords$click$4.call(Unknown Source)
	at Home_Page_Search.run(Home_Page_Search:62)
	at com.kms.katalon.core.main.ScriptEngine.run(ScriptEngine.java:194)
	at com.kms.katalon.core.main.ScriptEngine.runScriptAsRawText(ScriptEngine.java:119)
	at com.kms.katalon.core.main.TestCaseExecutor.runScript(TestCaseExecutor.java:337)
	at com.kms.katalon.core.main.TestCaseExecutor.doExecute(TestCaseExecutor.java:328)
	at com.kms.katalon.core.main.TestCaseExecutor.processExecutionPhase(TestCaseExecutor.java:307)
	at com.kms.katalon.core.main.TestCaseExecutor.accessMainPhase(TestCaseExecutor.java:299)
	at com.kms.katalon.core.main.TestCaseExecutor.execute(TestCaseExecutor.java:233)
	at com.kms.katalon.core.main.TestCaseMain.runTestCase(TestCaseMain.java:114)
	at com.kms.katalon.core.keyword.builtin.CallTestCaseKeyword$_callTestCase_closure1.doCall(CallTestCaseKeyword.groovy:59)
	... 20 more
Caused by: com.kms.katalon.core.exception.StepFailedException: Unable to click on object 'Object Repository/WebOffice_Home_page/popout_Search_Item'
	... 37 more
Caused by: org.openqa.selenium.ElementNotInteractableException: element not interactable
  (Session info: chrome=81.0.4044.113)
Build info: version: '3.141.59', revision: 'e82be7d358', time: '2018-11-14T08:25:53'
System info: host: 'VETTEDSP36RF', ip: '192.168.1.238', os.name: 'Windows 10', os.arch: 'x86', os.version: '10.0', java.version: '1.8.0_181'
Driver info: com.kms.katalon.selenium.driver.CChromeDriver
Capabilities {acceptInsecureCerts: false, browserName: chrome, browserVersion: 81.0.4044.113, chrome: {chromedriverVersion: 81.0.4044.69 (6813546031a4b..., userDataDir: C:\Users\davidho\AppData\Lo...}, goog:chromeOptions: {debuggerAddress: localhost:58709}, javascriptEnabled: true, networkConnectionEnabled: false, pageLoadStrategy: normal, platform: WINDOWS, platformName: WINDOWS, proxy: Proxy(), setWindowRect: true, strictFileInteractability: false, timeouts: {implicit: 0, pageLoad: 300000, script: 30000}, unhandledPromptBehavior: dismiss and notify, webauthn:virtualAuthenticators: true}
Session ID: 5b1eb8427a7eaec7be04531f48b99857
	at org.openqa.selenium.remote.http.W3CHttpResponseCodec.createException(W3CHttpResponseCodec.java:187)
	at org.openqa.selenium.remote.http.W3CHttpResponseCodec.decode(W3CHttpResponseCodec.java:122)
	at org.openqa.selenium.remote.http.W3CHttpResponseCodec.decode(W3CHttpResponseCodec.java:49)
	at org.openqa.selenium.remote.HttpCommandExecutor.execute(HttpCommandExecutor.java:158)
	at org.openqa.selenium.remote.service.DriverCommandExecutor.execute(DriverCommandExecutor.java:83)
	at org.openqa.selenium.remote.RemoteWebDriver.execute(RemoteWebDriver.java:552)
	at com.kms.katalon.selenium.driver.CChromeDriver.execute(CChromeDriver.java:19)
	at org.openqa.selenium.remote.RemoteWebElement.execute(RemoteWebElement.java:285)
	at org.openqa.selenium.remote.RemoteWebElement.click(RemoteWebElement.java:84)
	at org.openqa.selenium.support.events.EventFiringWebDriver$EventFiringWebElement.lambda$new$0(EventFiringWebDriver.java:404)
	at com.sun.proxy.$Proxy9.click(Unknown Source)
	at org.openqa.selenium.support.events.EventFiringWebDriver$EventFiringWebElement.click(EventFiringWebDriver.java:417)
	at com.kms.katalon.core.webui.keyword.builtin.ClickKeyword$_click_closure1.doCall(ClickKeyword.groovy:69)
	at com.kms.katalon.core.webui.keyword.builtin.ClickKeyword$_click_closure1.call(ClickKeyword.groovy)
	at com.kms.katalon.core.webui.keyword.internal.WebUIKeywordMain.runKeyword(WebUIKeywordMain.groovy:20)
	... 35 more
"/>
         <system-out><![CDATA[2020-04-23 14:02:11 - [TEST_CASE][FAILED] - Test Cases/Web_Office/WebOffice_Header_Search: Test Cases/Web_Office/WebOffice_Header_Search FAILED.
Reason:
com.kms.katalon.core.exception.StepFailedException: Call Test Case 'Test Cases/Reusable_Test_Sequences/Web_Office/Home_Page_Search' failed
	at com.kms.katalon.core.keyword.builtin.CallTestCaseKeyword$_callTestCase_closure1.doCall(CallTestCaseKeyword.groovy:63)
	at com.kms.katalon.core.keyword.builtin.CallTestCaseKeyword$_callTestCase_closure1.call(CallTestCaseKeyword.groovy)
	at com.kms.katalon.core.keyword.internal.KeywordMain.runKeyword(KeywordMain.groovy:68)
	at com.kms.katalon.core.keyword.builtin.CallTestCaseKeyword.callTestCase(CallTestCaseKeyword.groovy:81)
	at com.kms.katalon.core.keyword.builtin.CallTestCaseKeyword.execute(CallTestCaseKeyword.groovy:44)
	at com.kms.katalon.core.keyword.internal.KeywordExecutor.executeKeywordForPlatform(KeywordExecutor.groovy:72)
	at com.kms.katalon.core.keyword.BuiltinKeywords.callTestCase(BuiltinKeywords.groovy:334)
	at WebOffice_Header_Search.run(WebOffice_Header_Search:60)
	at com.kms.katalon.core.main.ScriptEngine.run(ScriptEngine.java:194)
	at com.kms.katalon.core.main.ScriptEngine.runScriptAsRawText(ScriptEngine.java:119)
	at com.kms.katalon.core.main.TestCaseExecutor.runScript(TestCaseExecutor.java:337)
	at com.kms.katalon.core.main.TestCaseExecutor.doExecute(TestCaseExecutor.java:328)
	at com.kms.katalon.core.main.TestCaseExecutor.processExecutionPhase(TestCaseExecutor.java:307)
	at com.kms.katalon.core.main.TestCaseExecutor.accessMainPhase(TestCaseExecutor.java:299)
	at com.kms.katalon.core.main.TestCaseExecutor.execute(TestCaseExecutor.java:233)
	at com.kms.katalon.core.main.TestSuiteExecutor.accessTestCaseMainPhase(TestSuiteExecutor.java:169)
	at com.kms.katalon.core.main.TestSuiteExecutor.accessTestSuiteMainPhase(TestSuiteExecutor.java:142)
	at com.kms.katalon.core.main.TestSuiteExecutor.execute(TestSuiteExecutor.java:91)
	at com.kms.katalon.core.main.TestCaseMain.startTestSuite(TestCaseMain.java:157)
	at com.kms.katalon.core.main.TestCaseMain$startTestSuite$0.call(Unknown Source)
	at TempTestSuite1587645474617.run(TempTestSuite1587645474617.groovy:37)
Caused by: com.kms.katalon.core.exception.StepFailedException: Unable to click on object 'Object Repository/WebOffice_Home_page/popout_Search_Item' (Root cause: com.kms.katalon.core.exception.StepFailedException: Unable to click on object 'Object Repository/WebOffice_Home_page/popout_Search_Item'
	at com.kms.katalon.core.webui.keyword.internal.WebUIKeywordMain.stepFailed(WebUIKeywordMain.groovy:64)
	at com.kms.katalon.core.webui.keyword.internal.WebUIKeywordMain.runKeyword(WebUIKeywordMain.groovy:26)
	at com.kms.katalon.core.webui.keyword.builtin.ClickKeyword.click(ClickKeyword.groovy:76)
	at com.kms.katalon.core.webui.keyword.builtin.ClickKeyword.execute(ClickKeyword.groovy:43)
	at com.kms.katalon.core.keyword.internal.KeywordExecutor.executeKeywordForPlatform(KeywordExecutor.groovy:72)
	at com.kms.katalon.core.webui.keyword.WebUiBuiltInKeywords.click(WebUiBuiltInKeywords.groovy:616)
	at com.kms.katalon.core.webui.keyword.WebUiBuiltInKeywords$click$4.call(Unknown Source)
	at Home_Page_Search.run(Home_Page_Search:62)
	at com.kms.katalon.core.main.ScriptEngine.run(ScriptEngine.java:194)
	at com.kms.katalon.core.main.ScriptEngine.runScriptAsRawText(ScriptEngine.java:119)
	at com.kms.katalon.core.main.TestCaseExecutor.runScript(TestCaseExecutor.java:337)
	at com.kms.katalon.core.main.TestCaseExecutor.doExecute(TestCaseExecutor.java:328)
	at com.kms.katalon.core.main.TestCaseExecutor.processExecutionPhase(TestCaseExecutor.java:307)
	at com.kms.katalon.core.main.TestCaseExecutor.accessMainPhase(TestCaseExecutor.java:299)
	at com.kms.katalon.core.main.TestCaseExecutor.execute(TestCaseExecutor.java:233)
	at com.kms.katalon.core.main.TestCaseMain.runTestCase(TestCaseMain.java:114)
	at com.kms.katalon.core.keyword.builtin.CallTestCaseKeyword$_callTestCase_closure1.doCall(CallTestCaseKeyword.groovy:59)
	at com.kms.katalon.core.keyword.builtin.CallTestCaseKeyword$_callTestCase_closure1.call(CallTestCaseKeyword.groovy)
	at com.kms.katalon.core.keyword.internal.KeywordMain.runKeyword(KeywordMain.groovy:68)
	at com.kms.katalon.core.keyword.builtin.CallTestCaseKeyword.callTestCase(CallTestCaseKeyword.groovy:81)
	at com.kms.katalon.core.keyword.builtin.CallTestCaseKeyword.execute(CallTestCaseKeyword.groovy:44)
	at com.kms.katalon.core.keyword.internal.KeywordExecutor.executeKeywordForPlatform(KeywordExecutor.groovy:72)
	at com.kms.katalon.core.keyword.BuiltinKeywords.callTestCase(BuiltinKeywords.groovy:334)
	at WebOffice_Header_Search.run(WebOffice_Header_Search:60)
	at com.kms.katalon.core.main.ScriptEngine.run(ScriptEngine.java:194)
	at com.kms.katalon.core.main.ScriptEngine.runScriptAsRawText(ScriptEngine.java:119)
	at com.kms.katalon.core.main.TestCaseExecutor.runScript(TestCaseExecutor.java:337)
	at com.kms.katalon.core.main.TestCaseExecutor.doExecute(TestCaseExecutor.java:328)
	at com.kms.katalon.core.main.TestCaseExecutor.processExecutionPhase(TestCaseExecutor.java:307)
	at com.kms.katalon.core.main.TestCaseExecutor.accessMainPhase(TestCaseExecutor.java:299)
	at com.kms.katalon.core.main.TestCaseExecutor.execute(TestCaseExecutor.java:233)
	at com.kms.katalon.core.main.TestSuiteExecutor.accessTestCaseMainPhase(TestSuiteExecutor.java:169)
	at com.kms.katalon.core.main.TestSuiteExecutor.accessTestSuiteMainPhase(TestSuiteExecutor.java:142)
	at com.kms.katalon.core.main.TestSuiteExecutor.execute(TestSuiteExecutor.java:91)
	at com.kms.katalon.core.main.TestCaseMain.startTestSuite(TestCaseMain.java:157)
	at com.kms.katalon.core.main.TestCaseMain$startTestSuite$0.call(Unknown Source)
	at TempTestSuite1587645474617.run(TempTestSuite1587645474617.groovy:37)
Caused by: org.openqa.selenium.ElementNotInteractableException: element not interactable
  (Session info: chrome=81.0.4044.113)
Build info: version: '3.141.59', revision: 'e82be7d358', time: '2018-11-14T08:25:53'
System info: host: 'VETTEDSP36RF', ip: '192.168.1.238', os.name: 'Windows 10', os.arch: 'x86', os.version: '10.0', java.version: '1.8.0_181'
Driver info: com.kms.katalon.selenium.driver.CChromeDriver
Capabilities {acceptInsecureCerts: false, browserName: chrome, browserVersion: 81.0.4044.113, chrome: {chromedriverVersion: 81.0.4044.69 (6813546031a4b..., userDataDir: C:\Users\davidho\AppData\Lo...}, goog:chromeOptions: {debuggerAddress: localhost:58709}, javascriptEnabled: true, networkConnectionEnabled: false, pageLoadStrategy: normal, platform: WINDOWS, platformName: WINDOWS, proxy: Proxy(), setWindowRect: true, strictFileInteractability: false, timeouts: {implicit: 0, pageLoad: 300000, script: 30000}, unhandledPromptBehavior: dismiss and notify, webauthn:virtualAuthenticators: true}
Session ID: 5b1eb8427a7eaec7be04531f48b99857
	at org.openqa.selenium.remote.http.W3CHttpResponseCodec.createException(W3CHttpResponseCodec.java:187)
	at org.openqa.selenium.remote.http.W3CHttpResponseCodec.decode(W3CHttpResponseCodec.java:122)
	at org.openqa.selenium.remote.http.W3CHttpResponseCodec.decode(W3CHttpResponseCodec.java:49)
	at org.openqa.selenium.remote.HttpCommandExecutor.execute(HttpCommandExecutor.java:158)
	at org.openqa.selenium.remote.service.DriverCommandExecutor.execute(DriverCommandExecutor.java:83)
	at org.openqa.selenium.remote.RemoteWebDriver.execute(RemoteWebDriver.java:552)
	at com.kms.katalon.selenium.driver.CChromeDriver.execute(CChromeDriver.java:19)
	at org.openqa.selenium.remote.RemoteWebElement.execute(RemoteWebElement.java:285)
	at org.openqa.selenium.remote.RemoteWebElement.click(RemoteWebElement.java:84)
	at org.openqa.selenium.support.events.EventFiringWebDriver$EventFiringWebElement.lambda$new$0(EventFiringWebDriver.java:404)
	at com.sun.proxy.$Proxy9.click(Unknown Source)
	at org.openqa.selenium.support.events.EventFiringWebDriver$EventFiringWebElement.click(EventFiringWebDriver.java:417)
	at com.kms.katalon.core.webui.keyword.builtin.ClickKeyword$_click_closure1.doCall(ClickKeyword.groovy:69)
	at com.kms.katalon.core.webui.keyword.builtin.ClickKeyword$_click_closure1.call(ClickKeyword.groovy)
	at com.kms.katalon.core.webui.keyword.internal.WebUIKeywordMain.runKeyword(WebUIKeywordMain.groovy:20)
	at com.kms.katalon.core.webui.keyword.builtin.ClickKeyword.click(ClickKeyword.groovy:76)
	at com.kms.katalon.core.webui.keyword.builtin.ClickKeyword.execute(ClickKeyword.groovy:43)
	at com.kms.katalon.core.keyword.internal.KeywordExecutor.executeKeywordForPlatform(KeywordExecutor.groovy:72)
	at com.kms.katalon.core.webui.keyword.WebUiBuiltInKeywords.click(WebUiBuiltInKeywords.groovy:616)
	at com.kms.katalon.core.webui.keyword.WebUiBuiltInKeywords$click$4.call(Unknown Source)
	at Script1573138260893.run(Script1573138260893.groovy:62)
	at com.kms.katalon.core.main.ScriptEngine.run(ScriptEngine.java:194)
	at com.kms.katalon.core.main.ScriptEngine.runScriptAsRawText(ScriptEngine.java:119)
	at com.kms.katalon.core.main.TestCaseExecutor.runScript(TestCaseExecutor.java:337)
	at com.kms.katalon.core.main.TestCaseExecutor.doExecute(TestCaseExecutor.java:328)
	at com.kms.katalon.core.main.TestCaseExecutor.processExecutionPhase(TestCaseExecutor.java:307)
	at com.kms.katalon.core.main.TestCaseExecutor.accessMainPhase(TestCaseExecutor.java:299)
	at com.kms.katalon.core.main.TestCaseExecutor.execute(TestCaseExecutor.java:233)
	at com.kms.katalon.core.main.TestCaseMain.runTestCase(TestCaseMain.java:114)
	at com.kms.katalon.core.keyword.builtin.CallTestCaseKeyword$_callTestCase_closure1.doCall(CallTestCaseKeyword.groovy:59)
	at com.kms.katalon.core.keyword.builtin.CallTestCaseKeyword$_callTestCase_closure1.call(CallTestCaseKeyword.groovy)
	at com.kms.katalon.core.keyword.internal.KeywordMain.runKeyword(KeywordMain.groovy:68)
	at com.kms.katalon.core.keyword.builtin.CallTestCaseKeyword.callTestCase(CallTestCaseKeyword.groovy:81)
	at com.kms.katalon.core.keyword.builtin.CallTestCaseKeyword.execute(CallTestCaseKeyword.groovy:44)
	at com.kms.katalon.core.keyword.internal.KeywordExecutor.executeKeywordForPlatform(KeywordExecutor.groovy:72)
	at com.kms.katalon.core.keyword.BuiltinKeywords.callTestCase(BuiltinKeywords.groovy:334)
	at Script1573048549655.run(Script1573048549655.groovy:60)
	... 13 more
)
	at com.kms.katalon.core.keyword.internal.KeywordMain.stepFailed(KeywordMain.groovy:39)
	at com.kms.katalon.core.webui.keyword.internal.WebUIKeywordMain.stepFailed(WebUIKeywordMain.groovy:64)
	at com.kms.katalon.core.webui.keyword.internal.WebUIKeywordMain.runKeyword(WebUIKeywordMain.groovy:26)
	at com.kms.katalon.core.webui.keyword.builtin.ClickKeyword.click(ClickKeyword.groovy:76)
	at com.kms.katalon.core.webui.keyword.builtin.ClickKeyword.execute(ClickKeyword.groovy:43)
	at com.kms.katalon.core.keyword.internal.KeywordExecutor.executeKeywordForPlatform(KeywordExecutor.groovy:72)
	at com.kms.katalon.core.webui.keyword.WebUiBuiltInKeywords.click(WebUiBuiltInKeywords.groovy:616)
	at com.kms.katalon.core.webui.keyword.WebUiBuiltInKeywords$click$4.call(Unknown Source)
	at Home_Page_Search.run(Home_Page_Search:62)
	at com.kms.katalon.core.main.ScriptEngine.run(ScriptEngine.java:194)
	at com.kms.katalon.core.main.ScriptEngine.runScriptAsRawText(ScriptEngine.java:119)
	at com.kms.katalon.core.main.TestCaseExecutor.runScript(TestCaseExecutor.java:337)
	at com.kms.katalon.core.main.TestCaseExecutor.doExecute(TestCaseExecutor.java:328)
	at com.kms.katalon.core.main.TestCaseExecutor.processExecutionPhase(TestCaseExecutor.java:307)
	at com.kms.katalon.core.main.TestCaseExecutor.accessMainPhase(TestCaseExecutor.java:299)
	at com.kms.katalon.core.main.TestCaseExecutor.execute(TestCaseExecutor.java:233)
	at com.kms.katalon.core.main.TestCaseMain.runTestCase(TestCaseMain.java:114)
	at com.kms.katalon.core.keyword.builtin.CallTestCaseKeyword$_callTestCase_closure1.doCall(CallTestCaseKeyword.groovy:59)
	... 20 more
Caused by: com.kms.katalon.core.exception.StepFailedException: Unable to click on object 'Object Repository/WebOffice_Home_page/popout_Search_Item'
	... 37 more
Caused by: org.openqa.selenium.ElementNotInteractableException: element not interactable
  (Session info: chrome=81.0.4044.113)
Build info: version: '3.141.59', revision: 'e82be7d358', time: '2018-11-14T08:25:53'
System info: host: 'VETTEDSP36RF', ip: '192.168.1.238', os.name: 'Windows 10', os.arch: 'x86', os.version: '10.0', java.version: '1.8.0_181'
Driver info: com.kms.katalon.selenium.driver.CChromeDriver
Capabilities {acceptInsecureCerts: false, browserName: chrome, browserVersion: 81.0.4044.113, chrome: {chromedriverVersion: 81.0.4044.69 (6813546031a4b..., userDataDir: C:\Users\davidho\AppData\Lo...}, goog:chromeOptions: {debuggerAddress: localhost:58709}, javascriptEnabled: true, networkConnectionEnabled: false, pageLoadStrategy: normal, platform: WINDOWS, platformName: WINDOWS, proxy: Proxy(), setWindowRect: true, strictFileInteractability: false, timeouts: {implicit: 0, pageLoad: 300000, script: 30000}, unhandledPromptBehavior: dismiss and notify, webauthn:virtualAuthenticators: true}
Session ID: 5b1eb8427a7eaec7be04531f48b99857
	at org.openqa.selenium.remote.http.W3CHttpResponseCodec.createException(W3CHttpResponseCodec.java:187)
	at org.openqa.selenium.remote.http.W3CHttpResponseCodec.decode(W3CHttpResponseCodec.java:122)
	at org.openqa.selenium.remote.http.W3CHttpResponseCodec.decode(W3CHttpResponseCodec.java:49)
	at org.openqa.selenium.remote.HttpCommandExecutor.execute(HttpCommandExecutor.java:158)
	at org.openqa.selenium.remote.service.DriverCommandExecutor.execute(DriverCommandExecutor.java:83)
	at org.openqa.selenium.remote.RemoteWebDriver.execute(RemoteWebDriver.java:552)
	at com.kms.katalon.selenium.driver.CChromeDriver.execute(CChromeDriver.java:19)
	at org.openqa.selenium.remote.RemoteWebElement.execute(RemoteWebElement.java:285)
	at org.openqa.selenium.remote.RemoteWebElement.click(RemoteWebElement.java:84)
	at org.openqa.selenium.support.events.EventFiringWebDriver$EventFiringWebElement.lambda$new$0(EventFiringWebDriver.java:404)
	at com.sun.proxy.$Proxy9.click(Unknown Source)
	at org.openqa.selenium.support.events.EventFiringWebDriver$EventFiringWebElement.click(EventFiringWebDriver.java:417)
	at com.kms.katalon.core.webui.keyword.builtin.ClickKeyword$_click_closure1.doCall(ClickKeyword.groovy:69)
	at com.kms.katalon.core.webui.keyword.builtin.ClickKeyword$_click_closure1.call(ClickKeyword.groovy)
	at com.kms.katalon.core.webui.keyword.internal.WebUIKeywordMain.runKeyword(WebUIKeywordMain.groovy:20)
	... 35 more


2020-04-23 14:02:12 - [TEST_STEP][FAILED] - for ([row = 1, row <= findTestData("Mobile_Test_Data").getRowNumbers(), (internal.GlobalVariable.row++)]): Unable to call Test Case 'Test Cases/Reusable_Test_Sequences/Web_Office/Home_Page_Search' (Root cause: com.kms.katalon.core.exception.StepFailedException: Call Test Case 'Test Cases/Reusable_Test_Sequences/Web_Office/Home_Page_Search' failed
	at com.kms.katalon.core.keyword.builtin.CallTestCaseKeyword$_callTestCase_closure1.doCall(CallTestCaseKeyword.groovy:63)
	at com.kms.katalon.core.keyword.builtin.CallTestCaseKeyword$_callTestCase_closure1.call(CallTestCaseKeyword.groovy)
	at com.kms.katalon.core.keyword.internal.KeywordMain.runKeyword(KeywordMain.groovy:68)
	at com.kms.katalon.core.keyword.builtin.CallTestCaseKeyword.callTestCase(CallTestCaseKeyword.groovy:81)
	at com.kms.katalon.core.keyword.builtin.CallTestCaseKeyword.execute(CallTestCaseKeyword.groovy:44)
	at com.kms.katalon.core.keyword.internal.KeywordExecutor.executeKeywordForPlatform(KeywordExecutor.groovy:72)
	at com.kms.katalon.core.keyword.BuiltinKeywords.callTestCase(BuiltinKeywords.groovy:334)
	at WebOffice_Header_Search.run(WebOffice_Header_Search:60)
	at com.kms.katalon.core.main.ScriptEngine.run(ScriptEngine.java:194)
	at com.kms.katalon.core.main.ScriptEngine.runScriptAsRawText(ScriptEngine.java:119)
	at com.kms.katalon.core.main.TestCaseExecutor.runScript(TestCaseExecutor.java:337)
	at com.kms.katalon.core.main.TestCaseExecutor.doExecute(TestCaseExecutor.java:328)
	at com.kms.katalon.core.main.TestCaseExecutor.processExecutionPhase(TestCaseExecutor.java:307)
	at com.kms.katalon.core.main.TestCaseExecutor.accessMainPhase(TestCaseExecutor.java:299)
	at com.kms.katalon.core.main.TestCaseExecutor.execute(TestCaseExecutor.java:233)
	at com.kms.katalon.core.main.TestSuiteExecutor.accessTestCaseMainPhase(TestSuiteExecutor.java:169)
	at com.kms.katalon.core.main.TestSuiteExecutor.accessTestSuiteMainPhase(TestSuiteExecutor.java:142)
	at com.kms.katalon.core.main.TestSuiteExecutor.execute(TestSuiteExecutor.java:91)
	at com.kms.katalon.core.main.TestCaseMain.startTestSuite(TestCaseMain.java:157)
	at com.kms.katalon.core.main.TestCaseMain$startTestSuite$0.call(Unknown Source)
	at TempTestSuite1587645474617.run(TempTestSuite1587645474617.groovy:37)
Caused by: com.kms.katalon.core.exception.StepFailedException: Unable to click on object 'Object Repository/WebOffice_Home_page/popout_Search_Item' (Root cause: com.kms.katalon.core.exception.StepFailedException: Unable to click on object 'Object Repository/WebOffice_Home_page/popout_Search_Item'
	at com.kms.katalon.core.webui.keyword.internal.WebUIKeywordMain.stepFailed(WebUIKeywordMain.groovy:64)
	at com.kms.katalon.core.webui.keyword.internal.WebUIKeywordMain.runKeyword(WebUIKeywordMain.groovy:26)
	at com.kms.katalon.core.webui.keyword.builtin.ClickKeyword.click(ClickKeyword.groovy:76)
	at com.kms.katalon.core.webui.keyword.builtin.ClickKeyword.execute(ClickKeyword.groovy:43)
	at com.kms.katalon.core.keyword.internal.KeywordExecutor.executeKeywordForPlatform(KeywordExecutor.groovy:72)
	at com.kms.katalon.core.webui.keyword.WebUiBuiltInKeywords.click(WebUiBuiltInKeywords.groovy:616)
	at com.kms.katalon.core.webui.keyword.WebUiBuiltInKeywords$click$4.call(Unknown Source)
	at Home_Page_Search.run(Home_Page_Search:62)
	at com.kms.katalon.core.main.ScriptEngine.run(ScriptEngine.java:194)
	at com.kms.katalon.core.main.ScriptEngine.runScriptAsRawText(ScriptEngine.java:119)
	at com.kms.katalon.core.main.TestCaseExecutor.runScript(TestCaseExecutor.java:337)
	at com.kms.katalon.core.main.TestCaseExecutor.doExecute(TestCaseExecutor.java:328)
	at com.kms.katalon.core.main.TestCaseExecutor.processExecutionPhase(TestCaseExecutor.java:307)
	at com.kms.katalon.core.main.TestCaseExecutor.accessMainPhase(TestCaseExecutor.java:299)
	at com.kms.katalon.core.main.TestCaseExecutor.execute(TestCaseExecutor.java:233)
	at com.kms.katalon.core.main.TestCaseMain.runTestCase(TestCaseMain.java:114)
	at com.kms.katalon.core.keyword.builtin.CallTestCaseKeyword$_callTestCase_closure1.doCall(CallTestCaseKeyword.groovy:59)
	at com.kms.katalon.core.keyword.builtin.CallTestCaseKeyword$_callTestCase_closure1.call(CallTestCaseKeyword.groovy)
	at com.kms.katalon.core.keyword.internal.KeywordMain.runKeyword(KeywordMain.groovy:68)
	at com.kms.katalon.core.keyword.builtin.CallTestCaseKeyword.callTestCase(CallTestCaseKeyword.groovy:81)
	at com.kms.katalon.core.keyword.builtin.CallTestCaseKeyword.execute(CallTestCaseKeyword.groovy:44)
	at com.kms.katalon.core.keyword.internal.KeywordExecutor.executeKeywordForPlatform(KeywordExecutor.groovy:72)
	at com.kms.katalon.core.keyword.BuiltinKeywords.callTestCase(BuiltinKeywords.groovy:334)
	at WebOffice_Header_Search.run(WebOffice_Header_Search:60)
	at com.kms.katalon.core.main.ScriptEngine.run(ScriptEngine.java:194)
	at com.kms.katalon.core.main.ScriptEngine.runScriptAsRawText(ScriptEngine.java:119)
	at com.kms.katalon.core.main.TestCaseExecutor.runScript(TestCaseExecutor.java:337)
	at com.kms.katalon.core.main.TestCaseExecutor.doExecute(TestCaseExecutor.java:328)
	at com.kms.katalon.core.main.TestCaseExecutor.processExecutionPhase(TestCaseExecutor.java:307)
	at com.kms.katalon.core.main.TestCaseExecutor.accessMainPhase(TestCaseExecutor.java:299)
	at com.kms.katalon.core.main.TestCaseExecutor.execute(TestCaseExecutor.java:233)
	at com.kms.katalon.core.main.TestSuiteExecutor.accessTestCaseMainPhase(TestSuiteExecutor.java:169)
	at com.kms.katalon.core.main.TestSuiteExecutor.accessTestSuiteMainPhase(TestSuiteExecutor.java:142)
	at com.kms.katalon.core.main.TestSuiteExecutor.execute(TestSuiteExecutor.java:91)
	at com.kms.katalon.core.main.TestCaseMain.startTestSuite(TestCaseMain.java:157)
	at com.kms.katalon.core.main.TestCaseMain$startTestSuite$0.call(Unknown Source)
	at TempTestSuite1587645474617.run(TempTestSuite1587645474617.groovy:37)
Caused by: org.openqa.selenium.ElementNotInteractableException: element not interactable
  (Session info: chrome=81.0.4044.113)
Build info: version: '3.141.59', revision: 'e82be7d358', time: '2018-11-14T08:25:53'
System info: host: 'VETTEDSP36RF', ip: '192.168.1.238', os.name: 'Windows 10', os.arch: 'x86', os.version: '10.0', java.version: '1.8.0_181'
Driver info: com.kms.katalon.selenium.driver.CChromeDriver
Capabilities {acceptInsecureCerts: false, browserName: chrome, browserVersion: 81.0.4044.113, chrome: {chromedriverVersion: 81.0.4044.69 (6813546031a4b..., userDataDir: C:\Users\davidho\AppData\Lo...}, goog:chromeOptions: {debuggerAddress: localhost:58709}, javascriptEnabled: true, networkConnectionEnabled: false, pageLoadStrategy: normal, platform: WINDOWS, platformName: WINDOWS, proxy: Proxy(), setWindowRect: true, strictFileInteractability: false, timeouts: {implicit: 0, pageLoad: 300000, script: 30000}, unhandledPromptBehavior: dismiss and notify, webauthn:virtualAuthenticators: true}
Session ID: 5b1eb8427a7eaec7be04531f48b99857
	at org.openqa.selenium.remote.http.W3CHttpResponseCodec.createException(W3CHttpResponseCodec.java:187)
	at org.openqa.selenium.remote.http.W3CHttpResponseCodec.decode(W3CHttpResponseCodec.java:122)
	at org.openqa.selenium.remote.http.W3CHttpResponseCodec.decode(W3CHttpResponseCodec.java:49)
	at org.openqa.selenium.remote.HttpCommandExecutor.execute(HttpCommandExecutor.java:158)
	at org.openqa.selenium.remote.service.DriverCommandExecutor.execute(DriverCommandExecutor.java:83)
	at org.openqa.selenium.remote.RemoteWebDriver.execute(RemoteWebDriver.java:552)
	at com.kms.katalon.selenium.driver.CChromeDriver.execute(CChromeDriver.java:19)
	at org.openqa.selenium.remote.RemoteWebElement.execute(RemoteWebElement.java:285)
	at org.openqa.selenium.remote.RemoteWebElement.click(RemoteWebElement.java:84)
	at org.openqa.selenium.support.events.EventFiringWebDriver$EventFiringWebElement.lambda$new$0(EventFiringWebDriver.java:404)
	at com.sun.proxy.$Proxy9.click(Unknown Source)
	at org.openqa.selenium.support.events.EventFiringWebDriver$EventFiringWebElement.click(EventFiringWebDriver.java:417)
	at com.kms.katalon.core.webui.keyword.builtin.ClickKeyword$_click_closure1.doCall(ClickKeyword.groovy:69)
	at com.kms.katalon.core.webui.keyword.builtin.ClickKeyword$_click_closure1.call(ClickKeyword.groovy)
	at com.kms.katalon.core.webui.keyword.internal.WebUIKeywordMain.runKeyword(WebUIKeywordMain.groovy:20)
	at com.kms.katalon.core.webui.keyword.builtin.ClickKeyword.click(ClickKeyword.groovy:76)
	at com.kms.katalon.core.webui.keyword.builtin.ClickKeyword.execute(ClickKeyword.groovy:43)
	at com.kms.katalon.core.keyword.internal.KeywordExecutor.executeKeywordForPlatform(KeywordExecutor.groovy:72)
	at com.kms.katalon.core.webui.keyword.WebUiBuiltInKeywords.click(WebUiBuiltInKeywords.groovy:616)
	at com.kms.katalon.core.webui.keyword.WebUiBuiltInKeywords$click$4.call(Unknown Source)
	at Script1573138260893.run(Script1573138260893.groovy:62)
	at com.kms.katalon.core.main.ScriptEngine.run(ScriptEngine.java:194)
	at com.kms.katalon.core.main.ScriptEngine.runScriptAsRawText(ScriptEngine.java:119)
	at com.kms.katalon.core.main.TestCaseExecutor.runScript(TestCaseExecutor.java:337)
	at com.kms.katalon.core.main.TestCaseExecutor.doExecute(TestCaseExecutor.java:328)
	at com.kms.katalon.core.main.TestCaseExecutor.processExecutionPhase(TestCaseExecutor.java:307)
	at com.kms.katalon.core.main.TestCaseExecutor.accessMainPhase(TestCaseExecutor.java:299)
	at com.kms.katalon.core.main.TestCaseExecutor.execute(TestCaseExecutor.java:233)
	at com.kms.katalon.core.main.TestCaseMain.runTestCase(TestCaseMain.java:114)
	at com.kms.katalon.core.keyword.builtin.CallTestCaseKeyword$_callTestCase_closure1.doCall(CallTestCaseKeyword.groovy:59)
	at com.kms.katalon.core.keyword.builtin.CallTestCaseKeyword$_callTestCase_closure1.call(CallTestCaseKeyword.groovy)
	at com.kms.katalon.core.keyword.internal.KeywordMain.runKeyword(KeywordMain.groovy:68)
	at com.kms.katalon.core.keyword.builtin.CallTestCaseKeyword.callTestCase(CallTestCaseKeyword.groovy:81)
	at com.kms.katalon.core.keyword.builtin.CallTestCaseKeyword.execute(CallTestCaseKeyword.groovy:44)
	at com.kms.katalon.core.keyword.internal.KeywordExecutor.executeKeywordForPlatform(KeywordExecutor.groovy:72)
	at com.kms.katalon.core.keyword.BuiltinKeywords.callTestCase(BuiltinKeywords.groovy:334)
	at Script1573048549655.run(Script1573048549655.groovy:60)
	... 13 more
)
	at com.kms.katalon.core.keyword.internal.KeywordMain.stepFailed(KeywordMain.groovy:39)
	at com.kms.katalon.core.webui.keyword.internal.WebUIKeywordMain.stepFailed(WebUIKeywordMain.groovy:64)
	at com.kms.katalon.core.webui.keyword.internal.WebUIKeywordMain.runKeyword(WebUIKeywordMain.groovy:26)
	at com.kms.katalon.core.webui.keyword.builtin.ClickKeyword.click(ClickKeyword.groovy:76)
	at com.kms.katalon.core.webui.keyword.builtin.ClickKeyword.execute(ClickKeyword.groovy:43)
	at com.kms.katalon.core.keyword.internal.KeywordExecutor.executeKeywordForPlatform(KeywordExecutor.groovy:72)
	at com.kms.katalon.core.webui.keyword.WebUiBuiltInKeywords.click(WebUiBuiltInKeywords.groovy:616)
	at com.kms.katalon.core.webui.keyword.WebUiBuiltInKeywords$click$4.call(Unknown Source)
	at Home_Page_Search.run(Home_Page_Search:62)
	at com.kms.katalon.core.main.ScriptEngine.run(ScriptEngine.java:194)
	at com.kms.katalon.core.main.ScriptEngine.runScriptAsRawText(ScriptEngine.java:119)
	at com.kms.katalon.core.main.TestCaseExecutor.runScript(TestCaseExecutor.java:337)
	at com.kms.katalon.core.main.TestCaseExecutor.doExecute(TestCaseExecutor.java:328)
	at com.kms.katalon.core.main.TestCaseExecutor.processExecutionPhase(TestCaseExecutor.java:307)
	at com.kms.katalon.core.main.TestCaseExecutor.accessMainPhase(TestCaseExecutor.java:299)
	at com.kms.katalon.core.main.TestCaseExecutor.execute(TestCaseExecutor.java:233)
	at com.kms.katalon.core.main.TestCaseMain.runTestCase(TestCaseMain.java:114)
	at com.kms.katalon.core.keyword.builtin.CallTestCaseKeyword$_callTestCase_closure1.doCall(CallTestCaseKeyword.groovy:59)
	... 20 more
Caused by: com.kms.katalon.core.exception.StepFailedException: Unable to click on object 'Object Repository/WebOffice_Home_page/popout_Search_Item'
	... 37 more
Caused by: org.openqa.selenium.ElementNotInteractableException: element not interactable
  (Session info: chrome=81.0.4044.113)
Build info: version: '3.141.59', revision: 'e82be7d358', time: '2018-11-14T08:25:53'
System info: host: 'VETTEDSP36RF', ip: '192.168.1.238', os.name: 'Windows 10', os.arch: 'x86', os.version: '10.0', java.version: '1.8.0_181'
Driver info: com.kms.katalon.selenium.driver.CChromeDriver
Capabilities {acceptInsecureCerts: false, browserName: chrome, browserVersion: 81.0.4044.113, chrome: {chromedriverVersion: 81.0.4044.69 (6813546031a4b..., userDataDir: C:\Users\davidho\AppData\Lo...}, goog:chromeOptions: {debuggerAddress: localhost:58709}, javascriptEnabled: true, networkConnectionEnabled: false, pageLoadStrategy: normal, platform: WINDOWS, platformName: WINDOWS, proxy: Proxy(), setWindowRect: true, strictFileInteractability: false, timeouts: {implicit: 0, pageLoad: 300000, script: 30000}, unhandledPromptBehavior: dismiss and notify, webauthn:virtualAuthenticators: true}
Session ID: 5b1eb8427a7eaec7be04531f48b99857
	at org.openqa.selenium.remote.http.W3CHttpResponseCodec.createException(W3CHttpResponseCodec.java:187)
	at org.openqa.selenium.remote.http.W3CHttpResponseCodec.decode(W3CHttpResponseCodec.java:122)
	at org.openqa.selenium.remote.http.W3CHttpResponseCodec.decode(W3CHttpResponseCodec.java:49)
	at org.openqa.selenium.remote.HttpCommandExecutor.execute(HttpCommandExecutor.java:158)
	at org.openqa.selenium.remote.service.DriverCommandExecutor.execute(DriverCommandExecutor.java:83)
	at org.openqa.selenium.remote.RemoteWebDriver.execute(RemoteWebDriver.java:552)
	at com.kms.katalon.selenium.driver.CChromeDriver.execute(CChromeDriver.java:19)
	at org.openqa.selenium.remote.RemoteWebElement.execute(RemoteWebElement.java:285)
	at org.openqa.selenium.remote.RemoteWebElement.click(RemoteWebElement.java:84)
	at org.openqa.selenium.support.events.EventFiringWebDriver$EventFiringWebElement.lambda$new$0(EventFiringWebDriver.java:404)
	at com.sun.proxy.$Proxy9.click(Unknown Source)
	at org.openqa.selenium.support.events.EventFiringWebDriver$EventFiringWebElement.click(EventFiringWebDriver.java:417)
	at com.kms.katalon.core.webui.keyword.builtin.ClickKeyword$_click_closure1.doCall(ClickKeyword.groovy:69)
	at com.kms.katalon.core.webui.keyword.builtin.ClickKeyword$_click_closure1.call(ClickKeyword.groovy)
	at com.kms.katalon.core.webui.keyword.internal.WebUIKeywordMain.runKeyword(WebUIKeywordMain.groovy:20)
	... 35 more
)

2020-04-23 14:02:12 - [TEST_STEP][PASSED] - "--------------------------------------": null

2020-04-23 14:02:12 - [TEST_STEP][PASSED] - " Web Office StartUp                  |": null

2020-04-23 14:02:12 - [TEST_STEP][PASSED] - callTestCase(findTestCase("Reusable_Test_Sequences/Web_Office/Directives/WebOffice_StartUp"), [:], STOP_ON_FAILURE): Call Test Case 'Test Cases/Reusable_Test_Sequences/Web_Office/Directives/WebOffice_StartUp' successfully

2020-04-23 14:02:12 - [TEST_CASE][PASSED] - Test Cases/Reusable_Test_Sequences/Web_Office/Directives/WebOffice_StartUp: Test Cases/Reusable_Test_Sequences/Web_Office/Directives/WebOffice_StartUp

2020-04-23 14:02:12 - [TEST_STEP][PASSED] - "-----------------------------------------------------------------------------": null

2020-04-23 14:02:12 - [TEST_STEP][PASSED] - if (URL == "https://www.dev.checkatrade.com/"): null

2020-04-23 14:02:12 - [TEST_STEP][PASSED] - "-----------------------------------------------------------------------------": null

2020-04-23 14:02:12 - [TEST_STEP][PASSED] - if (URL == "https://www.checkatrade.com/"): null

2020-04-23 14:02:12 - [TEST_STEP][PASSED] - "-----------------------------------------------------------------------------": null

2020-04-23 14:02:12 - [TEST_STEP][PASSED] - if (URL == "https://www.preview.checkatrade.com/"): null

2020-04-23 14:02:12 - [TEST_STEP][PASSED] - WebOfficeURL = "https://admin.preview.checkatrade.com/": null

2020-04-23 14:02:12 - [TEST_STEP][PASSED] - if (URL == "https://www.dev2.checkatrade.com/"): null

2020-04-23 14:02:12 - [TEST_STEP][PASSED] - "Set Function Area for "URL_Handler", URL Resolution": null

2020-04-23 14:02:12 - [TEST_STEP][PASSED] - "Do Some Magic with URL(s) See the comments within URL Handler ": null

2020-04-23 14:02:12 - [TEST_STEP][PASSED] - "------------------------------------------------": null

2020-04-23 14:02:12 - [TEST_STEP][PASSED] - "Moved Login Credentials to <Default> profile 22/01/2020": null

2020-04-23 14:02:12 - [TEST_STEP][PASSED] - "------------------------------------------------": null

2020-04-23 14:02:12 - [TEST_STEP][PASSED] - "WebOfficeURL - Set from the ENVIRONMENT PROFILE ": null

2020-04-23 14:02:12 - [TEST_STEP][PASSED] - "OPEN BROWSER": null

2020-04-23 14:02:12 - [TEST_STEP][PASSED] - "eg - https://admin.preview.checkatrade.com/  ": null

2020-04-23 14:02:12 - [TEST_STEP][PASSED] - openBrowser(WebOfficeURL): Browser is opened with url: 'https://admin.preview.checkatrade.com/'

2020-04-23 14:02:12 - [MESSAGE][INFO] - Starting 'Chrome' driver

2020-04-23 14:02:12 - [MESSAGE][INFO] - Action delay is set to 0 milliseconds

2020-04-23 14:02:17 - [MESSAGE][PASSED] - Browser is opened with url: 'https://admin.preview.checkatrade.com/'

2020-04-23 14:02:17 - [TEST_STEP][PASSED] - maximizeWindow(): Current window maximized

2020-04-23 14:02:19 - [MESSAGE][PASSED] - Current window maximized

2020-04-23 14:02:19 - [TEST_STEP][PASSED] - waitForElementClickable(findTestObject("Object Repository/WebOffice/Page_Checkatrade - Administration - Login/Login_Button"), 25): Object 'Object Repository/WebOffice/Page_Checkatrade - Administration - Login/Login_Button' is clickable

2020-04-23 14:02:19 - [MESSAGE][PASSED] - Object 'Object Repository/WebOffice/Page_Checkatrade - Administration - Login/Login_Button' is clickable

2020-04-23 14:02:19 - [TEST_STEP][PASSED] - verifyTextPresent("Checkatrade Web Office", false): Text 'Checkatrade Web Office' is present on page 

2020-04-23 14:02:19 - [MESSAGE][PASSED] - Text 'Checkatrade Web Office' is present on page 

2020-04-23 14:02:19 - [TEST_STEP][PASSED] - verifyTextPresent("Access for staff use only", false): Text 'Access for staff use only' is present on page 

2020-04-23 14:02:20 - [MESSAGE][PASSED] - Text 'Access for staff use only' is present on page 

2020-04-23 14:02:20 - [TEST_STEP][PASSED] - verifyTextPresent("Forgotten password?", false): Text 'Forgotten password?' is present on page 

2020-04-23 14:02:20 - [MESSAGE][PASSED] - Text 'Forgotten password?' is present on page 

2020-04-23 14:02:20 - [TEST_STEP][PASSED] - setText(findTestObject("Object Repository/WebOffice/Page_Checkatrade - Administration - Login/input_Username_LoginControlUserName"), wo_Username): Text 'DavidHo' is set on object 'Object Repository/WebOffice/Page_Checkatrade - Administration - Login/input_Username_LoginControlUserName'

2020-04-23 14:02:20 - [MESSAGE][PASSED] - Text 'DavidHo' is set on object 'Object Repository/WebOffice/Page_Checkatrade - Administration - Login/input_Username_LoginControlUserName'

2020-04-23 14:02:20 - [TEST_STEP][PASSED] - setText(findTestObject("Object Repository/WebOffice/Page_Checkatrade - Administration - Login/input_Password_LoginControlPassword"), wo_Password): Text 'Check123' is set on object 'Object Repository/WebOffice/Page_Checkatrade - Administration - Login/input_Password_LoginControlPassword'

2020-04-23 14:02:20 - [MESSAGE][PASSED] - Text 'Check123' is set on object 'Object Repository/WebOffice/Page_Checkatrade - Administration - Login/input_Password_LoginControlPassword'

2020-04-23 14:02:20 - [TEST_STEP][PASSED] - click(findTestObject("Object Repository/WebOffice/Page_Checkatrade - Administration - Login/Login_Button")): Object: 'Object Repository/WebOffice/Page_Checkatrade - Administration - Login/Login_Button' is clicked on

2020-04-23 14:02:21 - [MESSAGE][PASSED] - Object: 'Object Repository/WebOffice/Page_Checkatrade - Administration - Login/Login_Button' is clicked on

2020-04-23 14:02:21 - [TEST_STEP][PASSED] - waitForPageLoad(60): Wait for page load successfully

2020-04-23 14:02:21 - [MESSAGE][PASSED] - Wait for page load successfully

2020-04-23 14:02:21 - [TEST_STEP][PASSED] - verifyTextPresent("Welcome " + wo_Username, false): Text 'Welcome DavidHo' is present on page 

2020-04-23 14:02:22 - [MESSAGE][PASSED] - Text 'Welcome DavidHo' is present on page 

2020-04-23 14:02:22 - [MESSAGE][PASSED] - Call Test Case 'Test Cases/Reusable_Test_Sequences/Web_Office/Directives/WebOffice_StartUp' successfully

2020-04-23 14:02:22 - [TEST_STEP][PASSED] - "--------------------------------------": null

2020-04-23 14:02:22 - [TEST_STEP][PASSED] - " Home Page - Search                   |": null

2020-04-23 14:02:22 - [TEST_STEP][FAILED] - callTestCase(findTestCase("Reusable_Test_Sequences/Web_Office/Home_Page_Search"), [:], STOP_ON_FAILURE): Unable to call Test Case 'Test Cases/Reusable_Test_Sequences/Web_Office/Home_Page_Search' (Root cause: com.kms.katalon.core.exception.StepFailedException: Call Test Case 'Test Cases/Reusable_Test_Sequences/Web_Office/Home_Page_Search' failed
	at com.kms.katalon.core.keyword.builtin.CallTestCaseKeyword$_callTestCase_closure1.doCall(CallTestCaseKeyword.groovy:63)
	at com.kms.katalon.core.keyword.builtin.CallTestCaseKeyword$_callTestCase_closure1.call(CallTestCaseKeyword.groovy)
	at com.kms.katalon.core.keyword.internal.KeywordMain.runKeyword(KeywordMain.groovy:68)
	at com.kms.katalon.core.keyword.builtin.CallTestCaseKeyword.callTestCase(CallTestCaseKeyword.groovy:81)
	at com.kms.katalon.core.keyword.builtin.CallTestCaseKeyword.execute(CallTestCaseKeyword.groovy:44)
	at com.kms.katalon.core.keyword.internal.KeywordExecutor.executeKeywordForPlatform(KeywordExecutor.groovy:72)
	at com.kms.katalon.core.keyword.BuiltinKeywords.callTestCase(BuiltinKeywords.groovy:334)
	at WebOffice_Header_Search.run(WebOffice_Header_Search:60)
	at com.kms.katalon.core.main.ScriptEngine.run(ScriptEngine.java:194)
	at com.kms.katalon.core.main.ScriptEngine.runScriptAsRawText(ScriptEngine.java:119)
	at com.kms.katalon.core.main.TestCaseExecutor.runScript(TestCaseExecutor.java:337)
	at com.kms.katalon.core.main.TestCaseExecutor.doExecute(TestCaseExecutor.java:328)
	at com.kms.katalon.core.main.TestCaseExecutor.processExecutionPhase(TestCaseExecutor.java:307)
	at com.kms.katalon.core.main.TestCaseExecutor.accessMainPhase(TestCaseExecutor.java:299)
	at com.kms.katalon.core.main.TestCaseExecutor.execute(TestCaseExecutor.java:233)
	at com.kms.katalon.core.main.TestSuiteExecutor.accessTestCaseMainPhase(TestSuiteExecutor.java:169)
	at com.kms.katalon.core.main.TestSuiteExecutor.accessTestSuiteMainPhase(TestSuiteExecutor.java:142)
	at com.kms.katalon.core.main.TestSuiteExecutor.execute(TestSuiteExecutor.java:91)
	at com.kms.katalon.core.main.TestCaseMain.startTestSuite(TestCaseMain.java:157)
	at com.kms.katalon.core.main.TestCaseMain$startTestSuite$0.call(Unknown Source)
	at TempTestSuite1587645474617.run(TempTestSuite1587645474617.groovy:37)
Caused by: com.kms.katalon.core.exception.StepFailedException: Unable to click on object 'Object Repository/WebOffice_Home_page/popout_Search_Item' (Root cause: com.kms.katalon.core.exception.StepFailedException: Unable to click on object 'Object Repository/WebOffice_Home_page/popout_Search_Item'
	at com.kms.katalon.core.webui.keyword.internal.WebUIKeywordMain.stepFailed(WebUIKeywordMain.groovy:64)
	at com.kms.katalon.core.webui.keyword.internal.WebUIKeywordMain.runKeyword(WebUIKeywordMain.groovy:26)
	at com.kms.katalon.core.webui.keyword.builtin.ClickKeyword.click(ClickKeyword.groovy:76)
	at com.kms.katalon.core.webui.keyword.builtin.ClickKeyword.execute(ClickKeyword.groovy:43)
	at com.kms.katalon.core.keyword.internal.KeywordExecutor.executeKeywordForPlatform(KeywordExecutor.groovy:72)
	at com.kms.katalon.core.webui.keyword.WebUiBuiltInKeywords.click(WebUiBuiltInKeywords.groovy:616)
	at com.kms.katalon.core.webui.keyword.WebUiBuiltInKeywords$click$4.call(Unknown Source)
	at Home_Page_Search.run(Home_Page_Search:62)
	at com.kms.katalon.core.main.ScriptEngine.run(ScriptEngine.java:194)
	at com.kms.katalon.core.main.ScriptEngine.runScriptAsRawText(ScriptEngine.java:119)
	at com.kms.katalon.core.main.TestCaseExecutor.runScript(TestCaseExecutor.java:337)
	at com.kms.katalon.core.main.TestCaseExecutor.doExecute(TestCaseExecutor.java:328)
	at com.kms.katalon.core.main.TestCaseExecutor.processExecutionPhase(TestCaseExecutor.java:307)
	at com.kms.katalon.core.main.TestCaseExecutor.accessMainPhase(TestCaseExecutor.java:299)
	at com.kms.katalon.core.main.TestCaseExecutor.execute(TestCaseExecutor.java:233)
	at com.kms.katalon.core.main.TestCaseMain.runTestCase(TestCaseMain.java:114)
	at com.kms.katalon.core.keyword.builtin.CallTestCaseKeyword$_callTestCase_closure1.doCall(CallTestCaseKeyword.groovy:59)
	at com.kms.katalon.core.keyword.builtin.CallTestCaseKeyword$_callTestCase_closure1.call(CallTestCaseKeyword.groovy)
	at com.kms.katalon.core.keyword.internal.KeywordMain.runKeyword(KeywordMain.groovy:68)
	at com.kms.katalon.core.keyword.builtin.CallTestCaseKeyword.callTestCase(CallTestCaseKeyword.groovy:81)
	at com.kms.katalon.core.keyword.builtin.CallTestCaseKeyword.execute(CallTestCaseKeyword.groovy:44)
	at com.kms.katalon.core.keyword.internal.KeywordExecutor.executeKeywordForPlatform(KeywordExecutor.groovy:72)
	at com.kms.katalon.core.keyword.BuiltinKeywords.callTestCase(BuiltinKeywords.groovy:334)
	at WebOffice_Header_Search.run(WebOffice_Header_Search:60)
	at com.kms.katalon.core.main.ScriptEngine.run(ScriptEngine.java:194)
	at com.kms.katalon.core.main.ScriptEngine.runScriptAsRawText(ScriptEngine.java:119)
	at com.kms.katalon.core.main.TestCaseExecutor.runScript(TestCaseExecutor.java:337)
	at com.kms.katalon.core.main.TestCaseExecutor.doExecute(TestCaseExecutor.java:328)
	at com.kms.katalon.core.main.TestCaseExecutor.processExecutionPhase(TestCaseExecutor.java:307)
	at com.kms.katalon.core.main.TestCaseExecutor.accessMainPhase(TestCaseExecutor.java:299)
	at com.kms.katalon.core.main.TestCaseExecutor.execute(TestCaseExecutor.java:233)
	at com.kms.katalon.core.main.TestSuiteExecutor.accessTestCaseMainPhase(TestSuiteExecutor.java:169)
	at com.kms.katalon.core.main.TestSuiteExecutor.accessTestSuiteMainPhase(TestSuiteExecutor.java:142)
	at com.kms.katalon.core.main.TestSuiteExecutor.execute(TestSuiteExecutor.java:91)
	at com.kms.katalon.core.main.TestCaseMain.startTestSuite(TestCaseMain.java:157)
	at com.kms.katalon.core.main.TestCaseMain$startTestSuite$0.call(Unknown Source)
	at TempTestSuite1587645474617.run(TempTestSuite1587645474617.groovy:37)
Caused by: org.openqa.selenium.ElementNotInteractableException: element not interactable
  (Session info: chrome=81.0.4044.113)
Build info: version: '3.141.59', revision: 'e82be7d358', time: '2018-11-14T08:25:53'
System info: host: 'VETTEDSP36RF', ip: '192.168.1.238', os.name: 'Windows 10', os.arch: 'x86', os.version: '10.0', java.version: '1.8.0_181'
Driver info: com.kms.katalon.selenium.driver.CChromeDriver
Capabilities {acceptInsecureCerts: false, browserName: chrome, browserVersion: 81.0.4044.113, chrome: {chromedriverVersion: 81.0.4044.69 (6813546031a4b..., userDataDir: C:\Users\davidho\AppData\Lo...}, goog:chromeOptions: {debuggerAddress: localhost:58709}, javascriptEnabled: true, networkConnectionEnabled: false, pageLoadStrategy: normal, platform: WINDOWS, platformName: WINDOWS, proxy: Proxy(), setWindowRect: true, strictFileInteractability: false, timeouts: {implicit: 0, pageLoad: 300000, script: 30000}, unhandledPromptBehavior: dismiss and notify, webauthn:virtualAuthenticators: true}
Session ID: 5b1eb8427a7eaec7be04531f48b99857
	at org.openqa.selenium.remote.http.W3CHttpResponseCodec.createException(W3CHttpResponseCodec.java:187)
	at org.openqa.selenium.remote.http.W3CHttpResponseCodec.decode(W3CHttpResponseCodec.java:122)
	at org.openqa.selenium.remote.http.W3CHttpResponseCodec.decode(W3CHttpResponseCodec.java:49)
	at org.openqa.selenium.remote.HttpCommandExecutor.execute(HttpCommandExecutor.java:158)
	at org.openqa.selenium.remote.service.DriverCommandExecutor.execute(DriverCommandExecutor.java:83)
	at org.openqa.selenium.remote.RemoteWebDriver.execute(RemoteWebDriver.java:552)
	at com.kms.katalon.selenium.driver.CChromeDriver.execute(CChromeDriver.java:19)
	at org.openqa.selenium.remote.RemoteWebElement.execute(RemoteWebElement.java:285)
	at org.openqa.selenium.remote.RemoteWebElement.click(RemoteWebElement.java:84)
	at org.openqa.selenium.support.events.EventFiringWebDriver$EventFiringWebElement.lambda$new$0(EventFiringWebDriver.java:404)
	at com.sun.proxy.$Proxy9.click(Unknown Source)
	at org.openqa.selenium.support.events.EventFiringWebDriver$EventFiringWebElement.click(EventFiringWebDriver.java:417)
	at com.kms.katalon.core.webui.keyword.builtin.ClickKeyword$_click_closure1.doCall(ClickKeyword.groovy:69)
	at com.kms.katalon.core.webui.keyword.builtin.ClickKeyword$_click_closure1.call(ClickKeyword.groovy)
	at com.kms.katalon.core.webui.keyword.internal.WebUIKeywordMain.runKeyword(WebUIKeywordMain.groovy:20)
	at com.kms.katalon.core.webui.keyword.builtin.ClickKeyword.click(ClickKeyword.groovy:76)
	at com.kms.katalon.core.webui.keyword.builtin.ClickKeyword.execute(ClickKeyword.groovy:43)
	at com.kms.katalon.core.keyword.internal.KeywordExecutor.executeKeywordForPlatform(KeywordExecutor.groovy:72)
	at com.kms.katalon.core.webui.keyword.WebUiBuiltInKeywords.click(WebUiBuiltInKeywords.groovy:616)
	at com.kms.katalon.core.webui.keyword.WebUiBuiltInKeywords$click$4.call(Unknown Source)
	at Script1573138260893.run(Script1573138260893.groovy:62)
	at com.kms.katalon.core.main.ScriptEngine.run(ScriptEngine.java:194)
	at com.kms.katalon.core.main.ScriptEngine.runScriptAsRawText(ScriptEngine.java:119)
	at com.kms.katalon.core.main.TestCaseExecutor.runScript(TestCaseExecutor.java:337)
	at com.kms.katalon.core.main.TestCaseExecutor.doExecute(TestCaseExecutor.java:328)
	at com.kms.katalon.core.main.TestCaseExecutor.processExecutionPhase(TestCaseExecutor.java:307)
	at com.kms.katalon.core.main.TestCaseExecutor.accessMainPhase(TestCaseExecutor.java:299)
	at com.kms.katalon.core.main.TestCaseExecutor.execute(TestCaseExecutor.java:233)
	at com.kms.katalon.core.main.TestCaseMain.runTestCase(TestCaseMain.java:114)
	at com.kms.katalon.core.keyword.builtin.CallTestCaseKeyword$_callTestCase_closure1.doCall(CallTestCaseKeyword.groovy:59)
	at com.kms.katalon.core.keyword.builtin.CallTestCaseKeyword$_callTestCase_closure1.call(CallTestCaseKeyword.groovy)
	at com.kms.katalon.core.keyword.internal.KeywordMain.runKeyword(KeywordMain.groovy:68)
	at com.kms.katalon.core.keyword.builtin.CallTestCaseKeyword.callTestCase(CallTestCaseKeyword.groovy:81)
	at com.kms.katalon.core.keyword.builtin.CallTestCaseKeyword.execute(CallTestCaseKeyword.groovy:44)
	at com.kms.katalon.core.keyword.internal.KeywordExecutor.executeKeywordForPlatform(KeywordExecutor.groovy:72)
	at com.kms.katalon.core.keyword.BuiltinKeywords.callTestCase(BuiltinKeywords.groovy:334)
	at Script1573048549655.run(Script1573048549655.groovy:60)
	... 13 more
)
	at com.kms.katalon.core.keyword.internal.KeywordMain.stepFailed(KeywordMain.groovy:39)
	at com.kms.katalon.core.webui.keyword.internal.WebUIKeywordMain.stepFailed(WebUIKeywordMain.groovy:64)
	at com.kms.katalon.core.webui.keyword.internal.WebUIKeywordMain.runKeyword(WebUIKeywordMain.groovy:26)
	at com.kms.katalon.core.webui.keyword.builtin.ClickKeyword.click(ClickKeyword.groovy:76)
	at com.kms.katalon.core.webui.keyword.builtin.ClickKeyword.execute(ClickKeyword.groovy:43)
	at com.kms.katalon.core.keyword.internal.KeywordExecutor.executeKeywordForPlatform(KeywordExecutor.groovy:72)
	at com.kms.katalon.core.webui.keyword.WebUiBuiltInKeywords.click(WebUiBuiltInKeywords.groovy:616)
	at com.kms.katalon.core.webui.keyword.WebUiBuiltInKeywords$click$4.call(Unknown Source)
	at Home_Page_Search.run(Home_Page_Search:62)
	at com.kms.katalon.core.main.ScriptEngine.run(ScriptEngine.java:194)
	at com.kms.katalon.core.main.ScriptEngine.runScriptAsRawText(ScriptEngine.java:119)
	at com.kms.katalon.core.main.TestCaseExecutor.runScript(TestCaseExecutor.java:337)
	at com.kms.katalon.core.main.TestCaseExecutor.doExecute(TestCaseExecutor.java:328)
	at com.kms.katalon.core.main.TestCaseExecutor.processExecutionPhase(TestCaseExecutor.java:307)
	at com.kms.katalon.core.main.TestCaseExecutor.accessMainPhase(TestCaseExecutor.java:299)
	at com.kms.katalon.core.main.TestCaseExecutor.execute(TestCaseExecutor.java:233)
	at com.kms.katalon.core.main.TestCaseMain.runTestCase(TestCaseMain.java:114)
	at com.kms.katalon.core.keyword.builtin.CallTestCaseKeyword$_callTestCase_closure1.doCall(CallTestCaseKeyword.groovy:59)
	... 20 more
Caused by: com.kms.katalon.core.exception.StepFailedException: Unable to click on object 'Object Repository/WebOffice_Home_page/popout_Search_Item'
	... 37 more
Caused by: org.openqa.selenium.ElementNotInteractableException: element not interactable
  (Session info: chrome=81.0.4044.113)
Build info: version: '3.141.59', revision: 'e82be7d358', time: '2018-11-14T08:25:53'
System info: host: 'VETTEDSP36RF', ip: '192.168.1.238', os.name: 'Windows 10', os.arch: 'x86', os.version: '10.0', java.version: '1.8.0_181'
Driver info: com.kms.katalon.selenium.driver.CChromeDriver
Capabilities {acceptInsecureCerts: false, browserName: chrome, browserVersion: 81.0.4044.113, chrome: {chromedriverVersion: 81.0.4044.69 (6813546031a4b..., userDataDir: C:\Users\davidho\AppData\Lo...}, goog:chromeOptions: {debuggerAddress: localhost:58709}, javascriptEnabled: true, networkConnectionEnabled: false, pageLoadStrategy: normal, platform: WINDOWS, platformName: WINDOWS, proxy: Proxy(), setWindowRect: true, strictFileInteractability: false, timeouts: {implicit: 0, pageLoad: 300000, script: 30000}, unhandledPromptBehavior: dismiss and notify, webauthn:virtualAuthenticators: true}
Session ID: 5b1eb8427a7eaec7be04531f48b99857
	at org.openqa.selenium.remote.http.W3CHttpResponseCodec.createException(W3CHttpResponseCodec.java:187)
	at org.openqa.selenium.remote.http.W3CHttpResponseCodec.decode(W3CHttpResponseCodec.java:122)
	at org.openqa.selenium.remote.http.W3CHttpResponseCodec.decode(W3CHttpResponseCodec.java:49)
	at org.openqa.selenium.remote.HttpCommandExecutor.execute(HttpCommandExecutor.java:158)
	at org.openqa.selenium.remote.service.DriverCommandExecutor.execute(DriverCommandExecutor.java:83)
	at org.openqa.selenium.remote.RemoteWebDriver.execute(RemoteWebDriver.java:552)
	at com.kms.katalon.selenium.driver.CChromeDriver.execute(CChromeDriver.java:19)
	at org.openqa.selenium.remote.RemoteWebElement.execute(RemoteWebElement.java:285)
	at org.openqa.selenium.remote.RemoteWebElement.click(RemoteWebElement.java:84)
	at org.openqa.selenium.support.events.EventFiringWebDriver$EventFiringWebElement.lambda$new$0(EventFiringWebDriver.java:404)
	at com.sun.proxy.$Proxy9.click(Unknown Source)
	at org.openqa.selenium.support.events.EventFiringWebDriver$EventFiringWebElement.click(EventFiringWebDriver.java:417)
	at com.kms.katalon.core.webui.keyword.builtin.ClickKeyword$_click_closure1.doCall(ClickKeyword.groovy:69)
	at com.kms.katalon.core.webui.keyword.builtin.ClickKeyword$_click_closure1.call(ClickKeyword.groovy)
	at com.kms.katalon.core.webui.keyword.internal.WebUIKeywordMain.runKeyword(WebUIKeywordMain.groovy:20)
	... 35 more
)

2020-04-23 14:02:22 - [TEST_CASE][FAILED] - Test Cases/Reusable_Test_Sequences/Web_Office/Home_Page_Search: Test Cases/Reusable_Test_Sequences/Web_Office/Home_Page_Search FAILED.
Reason:
com.kms.katalon.core.exception.StepFailedException: Unable to click on object 'Object Repository/WebOffice_Home_page/popout_Search_Item' (Root cause: com.kms.katalon.core.exception.StepFailedException: Unable to click on object 'Object Repository/WebOffice_Home_page/popout_Search_Item'
	at com.kms.katalon.core.webui.keyword.internal.WebUIKeywordMain.stepFailed(WebUIKeywordMain.groovy:64)
	at com.kms.katalon.core.webui.keyword.internal.WebUIKeywordMain.runKeyword(WebUIKeywordMain.groovy:26)
	at com.kms.katalon.core.webui.keyword.builtin.ClickKeyword.click(ClickKeyword.groovy:76)
	at com.kms.katalon.core.webui.keyword.builtin.ClickKeyword.execute(ClickKeyword.groovy:43)
	at com.kms.katalon.core.keyword.internal.KeywordExecutor.executeKeywordForPlatform(KeywordExecutor.groovy:72)
	at com.kms.katalon.core.webui.keyword.WebUiBuiltInKeywords.click(WebUiBuiltInKeywords.groovy:616)
	at com.kms.katalon.core.webui.keyword.WebUiBuiltInKeywords$click$4.call(Unknown Source)
	at Home_Page_Search.run(Home_Page_Search:62)
	at com.kms.katalon.core.main.ScriptEngine.run(ScriptEngine.java:194)
	at com.kms.katalon.core.main.ScriptEngine.runScriptAsRawText(ScriptEngine.java:119)
	at com.kms.katalon.core.main.TestCaseExecutor.runScript(TestCaseExecutor.java:337)
	at com.kms.katalon.core.main.TestCaseExecutor.doExecute(TestCaseExecutor.java:328)
	at com.kms.katalon.core.main.TestCaseExecutor.processExecutionPhase(TestCaseExecutor.java:307)
	at com.kms.katalon.core.main.TestCaseExecutor.accessMainPhase(TestCaseExecutor.java:299)
	at com.kms.katalon.core.main.TestCaseExecutor.execute(TestCaseExecutor.java:233)
	at com.kms.katalon.core.main.TestCaseMain.runTestCase(TestCaseMain.java:114)
	at com.kms.katalon.core.keyword.builtin.CallTestCaseKeyword$_callTestCase_closure1.doCall(CallTestCaseKeyword.groovy:59)
	at com.kms.katalon.core.keyword.builtin.CallTestCaseKeyword$_callTestCase_closure1.call(CallTestCaseKeyword.groovy)
	at com.kms.katalon.core.keyword.internal.KeywordMain.runKeyword(KeywordMain.groovy:68)
	at com.kms.katalon.core.keyword.builtin.CallTestCaseKeyword.callTestCase(CallTestCaseKeyword.groovy:81)
	at com.kms.katalon.core.keyword.builtin.CallTestCaseKeyword.execute(CallTestCaseKeyword.groovy:44)
	at com.kms.katalon.core.keyword.internal.KeywordExecutor.executeKeywordForPlatform(KeywordExecutor.groovy:72)
	at com.kms.katalon.core.keyword.BuiltinKeywords.callTestCase(BuiltinKeywords.groovy:334)
	at WebOffice_Header_Search.run(WebOffice_Header_Search:60)
	at com.kms.katalon.core.main.ScriptEngine.run(ScriptEngine.java:194)
	at com.kms.katalon.core.main.ScriptEngine.runScriptAsRawText(ScriptEngine.java:119)
	at com.kms.katalon.core.main.TestCaseExecutor.runScript(TestCaseExecutor.java:337)
	at com.kms.katalon.core.main.TestCaseExecutor.doExecute(TestCaseExecutor.java:328)
	at com.kms.katalon.core.main.TestCaseExecutor.processExecutionPhase(TestCaseExecutor.java:307)
	at com.kms.katalon.core.main.TestCaseExecutor.accessMainPhase(TestCaseExecutor.java:299)
	at com.kms.katalon.core.main.TestCaseExecutor.execute(TestCaseExecutor.java:233)
	at com.kms.katalon.core.main.TestSuiteExecutor.accessTestCaseMainPhase(TestSuiteExecutor.java:169)
	at com.kms.katalon.core.main.TestSuiteExecutor.accessTestSuiteMainPhase(TestSuiteExecutor.java:142)
	at com.kms.katalon.core.main.TestSuiteExecutor.execute(TestSuiteExecutor.java:91)
	at com.kms.katalon.core.main.TestCaseMain.startTestSuite(TestCaseMain.java:157)
	at com.kms.katalon.core.main.TestCaseMain$startTestSuite$0.call(Unknown Source)
	at TempTestSuite1587645474617.run(TempTestSuite1587645474617.groovy:37)
Caused by: org.openqa.selenium.ElementNotInteractableException: element not interactable
  (Session info: chrome=81.0.4044.113)
Build info: version: '3.141.59', revision: 'e82be7d358', time: '2018-11-14T08:25:53'
System info: host: 'VETTEDSP36RF', ip: '192.168.1.238', os.name: 'Windows 10', os.arch: 'x86', os.version: '10.0', java.version: '1.8.0_181'
Driver info: com.kms.katalon.selenium.driver.CChromeDriver
Capabilities {acceptInsecureCerts: false, browserName: chrome, browserVersion: 81.0.4044.113, chrome: {chromedriverVersion: 81.0.4044.69 (6813546031a4b..., userDataDir: C:\Users\davidho\AppData\Lo...}, goog:chromeOptions: {debuggerAddress: localhost:58709}, javascriptEnabled: true, networkConnectionEnabled: false, pageLoadStrategy: normal, platform: WINDOWS, platformName: WINDOWS, proxy: Proxy(), setWindowRect: true, strictFileInteractability: false, timeouts: {implicit: 0, pageLoad: 300000, script: 30000}, unhandledPromptBehavior: dismiss and notify, webauthn:virtualAuthenticators: true}
Session ID: 5b1eb8427a7eaec7be04531f48b99857
	at org.openqa.selenium.remote.http.W3CHttpResponseCodec.createException(W3CHttpResponseCodec.java:187)
	at org.openqa.selenium.remote.http.W3CHttpResponseCodec.decode(W3CHttpResponseCodec.java:122)
	at org.openqa.selenium.remote.http.W3CHttpResponseCodec.decode(W3CHttpResponseCodec.java:49)
	at org.openqa.selenium.remote.HttpCommandExecutor.execute(HttpCommandExecutor.java:158)
	at org.openqa.selenium.remote.service.DriverCommandExecutor.execute(DriverCommandExecutor.java:83)
	at org.openqa.selenium.remote.RemoteWebDriver.execute(RemoteWebDriver.java:552)
	at com.kms.katalon.selenium.driver.CChromeDriver.execute(CChromeDriver.java:19)
	at org.openqa.selenium.remote.RemoteWebElement.execute(RemoteWebElement.java:285)
	at org.openqa.selenium.remote.RemoteWebElement.click(RemoteWebElement.java:84)
	at org.openqa.selenium.support.events.EventFiringWebDriver$EventFiringWebElement.lambda$new$0(EventFiringWebDriver.java:404)
	at com.sun.proxy.$Proxy9.click(Unknown Source)
	at org.openqa.selenium.support.events.EventFiringWebDriver$EventFiringWebElement.click(EventFiringWebDriver.java:417)
	at com.kms.katalon.core.webui.keyword.builtin.ClickKeyword$_click_closure1.doCall(ClickKeyword.groovy:69)
	at com.kms.katalon.core.webui.keyword.builtin.ClickKeyword$_click_closure1.call(ClickKeyword.groovy)
	at com.kms.katalon.core.webui.keyword.internal.WebUIKeywordMain.runKeyword(WebUIKeywordMain.groovy:20)
	at com.kms.katalon.core.webui.keyword.builtin.ClickKeyword.click(ClickKeyword.groovy:76)
	at com.kms.katalon.core.webui.keyword.builtin.ClickKeyword.execute(ClickKeyword.groovy:43)
	at com.kms.katalon.core.keyword.internal.KeywordExecutor.executeKeywordForPlatform(KeywordExecutor.groovy:72)
	at com.kms.katalon.core.webui.keyword.WebUiBuiltInKeywords.click(WebUiBuiltInKeywords.groovy:616)
	at com.kms.katalon.core.webui.keyword.WebUiBuiltInKeywords$click$4.call(Unknown Source)
	at Script1573138260893.run(Script1573138260893.groovy:62)
	at com.kms.katalon.core.main.ScriptEngine.run(ScriptEngine.java:194)
	at com.kms.katalon.core.main.ScriptEngine.runScriptAsRawText(ScriptEngine.java:119)
	at com.kms.katalon.core.main.TestCaseExecutor.runScript(TestCaseExecutor.java:337)
	at com.kms.katalon.core.main.TestCaseExecutor.doExecute(TestCaseExecutor.java:328)
	at com.kms.katalon.core.main.TestCaseExecutor.processExecutionPhase(TestCaseExecutor.java:307)
	at com.kms.katalon.core.main.TestCaseExecutor.accessMainPhase(TestCaseExecutor.java:299)
	at com.kms.katalon.core.main.TestCaseExecutor.execute(TestCaseExecutor.java:233)
	at com.kms.katalon.core.main.TestCaseMain.runTestCase(TestCaseMain.java:114)
	at com.kms.katalon.core.keyword.builtin.CallTestCaseKeyword$_callTestCase_closure1.doCall(CallTestCaseKeyword.groovy:59)
	at com.kms.katalon.core.keyword.builtin.CallTestCaseKeyword$_callTestCase_closure1.call(CallTestCaseKeyword.groovy)
	at com.kms.katalon.core.keyword.internal.KeywordMain.runKeyword(KeywordMain.groovy:68)
	at com.kms.katalon.core.keyword.builtin.CallTestCaseKeyword.callTestCase(CallTestCaseKeyword.groovy:81)
	at com.kms.katalon.core.keyword.builtin.CallTestCaseKeyword.execute(CallTestCaseKeyword.groovy:44)
	at com.kms.katalon.core.keyword.internal.KeywordExecutor.executeKeywordForPlatform(KeywordExecutor.groovy:72)
	at com.kms.katalon.core.keyword.BuiltinKeywords.callTestCase(BuiltinKeywords.groovy:334)
	at Script1573048549655.run(Script1573048549655.groovy:60)
	... 13 more
)
	at com.kms.katalon.core.keyword.internal.KeywordMain.stepFailed(KeywordMain.groovy:39)
	at com.kms.katalon.core.webui.keyword.internal.WebUIKeywordMain.stepFailed(WebUIKeywordMain.groovy:64)
	at com.kms.katalon.core.webui.keyword.internal.WebUIKeywordMain.runKeyword(WebUIKeywordMain.groovy:26)
	at com.kms.katalon.core.webui.keyword.builtin.ClickKeyword.click(ClickKeyword.groovy:76)
	at com.kms.katalon.core.webui.keyword.builtin.ClickKeyword.execute(ClickKeyword.groovy:43)
	at com.kms.katalon.core.keyword.internal.KeywordExecutor.executeKeywordForPlatform(KeywordExecutor.groovy:72)
	at com.kms.katalon.core.webui.keyword.WebUiBuiltInKeywords.click(WebUiBuiltInKeywords.groovy:616)
	at com.kms.katalon.core.webui.keyword.WebUiBuiltInKeywords$click$4.call(Unknown Source)
	at Home_Page_Search.run(Home_Page_Search:62)
	at com.kms.katalon.core.main.ScriptEngine.run(ScriptEngine.java:194)
	at com.kms.katalon.core.main.ScriptEngine.runScriptAsRawText(ScriptEngine.java:119)
	at com.kms.katalon.core.main.TestCaseExecutor.runScript(TestCaseExecutor.java:337)
	at com.kms.katalon.core.main.TestCaseExecutor.doExecute(TestCaseExecutor.java:328)
	at com.kms.katalon.core.main.TestCaseExecutor.processExecutionPhase(TestCaseExecutor.java:307)
	at com.kms.katalon.core.main.TestCaseExecutor.accessMainPhase(TestCaseExecutor.java:299)
	at com.kms.katalon.core.main.TestCaseExecutor.execute(TestCaseExecutor.java:233)
	at com.kms.katalon.core.main.TestCaseMain.runTestCase(TestCaseMain.java:114)
	at com.kms.katalon.core.keyword.builtin.CallTestCaseKeyword$_callTestCase_closure1.doCall(CallTestCaseKeyword.groovy:59)
	at com.kms.katalon.core.keyword.builtin.CallTestCaseKeyword$_callTestCase_closure1.call(CallTestCaseKeyword.groovy)
	at com.kms.katalon.core.keyword.internal.KeywordMain.runKeyword(KeywordMain.groovy:68)
	at com.kms.katalon.core.keyword.builtin.CallTestCaseKeyword.callTestCase(CallTestCaseKeyword.groovy:81)
	at com.kms.katalon.core.keyword.builtin.CallTestCaseKeyword.execute(CallTestCaseKeyword.groovy:44)
	at com.kms.katalon.core.keyword.internal.KeywordExecutor.executeKeywordForPlatform(KeywordExecutor.groovy:72)
	at com.kms.katalon.core.keyword.BuiltinKeywords.callTestCase(BuiltinKeywords.groovy:334)
	at WebOffice_Header_Search.run(WebOffice_Header_Search:60)
	at com.kms.katalon.core.main.ScriptEngine.run(ScriptEngine.java:194)
	at com.kms.katalon.core.main.ScriptEngine.runScriptAsRawText(ScriptEngine.java:119)
	at com.kms.katalon.core.main.TestCaseExecutor.runScript(TestCaseExecutor.java:337)
	at com.kms.katalon.core.main.TestCaseExecutor.doExecute(TestCaseExecutor.java:328)
	at com.kms.katalon.core.main.TestCaseExecutor.processExecutionPhase(TestCaseExecutor.java:307)
	at com.kms.katalon.core.main.TestCaseExecutor.accessMainPhase(TestCaseExecutor.java:299)
	at com.kms.katalon.core.main.TestCaseExecutor.execute(TestCaseExecutor.java:233)
	at com.kms.katalon.core.main.TestSuiteExecutor.accessTestCaseMainPhase(TestSuiteExecutor.java:169)
	at com.kms.katalon.core.main.TestSuiteExecutor.accessTestSuiteMainPhase(TestSuiteExecutor.java:142)
	at com.kms.katalon.core.main.TestSuiteExecutor.execute(TestSuiteExecutor.java:91)
	at com.kms.katalon.core.main.TestCaseMain.startTestSuite(TestCaseMain.java:157)
	at com.kms.katalon.core.main.TestCaseMain$startTestSuite$0.call(Unknown Source)
	at TempTestSuite1587645474617.run(TempTestSuite1587645474617.groovy:37)
Caused by: com.kms.katalon.core.exception.StepFailedException: Unable to click on object 'Object Repository/WebOffice_Home_page/popout_Search_Item'
	... 37 more
Caused by: org.openqa.selenium.ElementNotInteractableException: element not interactable
  (Session info: chrome=81.0.4044.113)
Build info: version: '3.141.59', revision: 'e82be7d358', time: '2018-11-14T08:25:53'
System info: host: 'VETTEDSP36RF', ip: '192.168.1.238', os.name: 'Windows 10', os.arch: 'x86', os.version: '10.0', java.version: '1.8.0_181'
Driver info: com.kms.katalon.selenium.driver.CChromeDriver
Capabilities {acceptInsecureCerts: false, browserName: chrome, browserVersion: 81.0.4044.113, chrome: {chromedriverVersion: 81.0.4044.69 (6813546031a4b..., userDataDir: C:\Users\davidho\AppData\Lo...}, goog:chromeOptions: {debuggerAddress: localhost:58709}, javascriptEnabled: true, networkConnectionEnabled: false, pageLoadStrategy: normal, platform: WINDOWS, platformName: WINDOWS, proxy: Proxy(), setWindowRect: true, strictFileInteractability: false, timeouts: {implicit: 0, pageLoad: 300000, script: 30000}, unhandledPromptBehavior: dismiss and notify, webauthn:virtualAuthenticators: true}
Session ID: 5b1eb8427a7eaec7be04531f48b99857
	at org.openqa.selenium.remote.http.W3CHttpResponseCodec.createException(W3CHttpResponseCodec.java:187)
	at org.openqa.selenium.remote.http.W3CHttpResponseCodec.decode(W3CHttpResponseCodec.java:122)
	at org.openqa.selenium.remote.http.W3CHttpResponseCodec.decode(W3CHttpResponseCodec.java:49)
	at org.openqa.selenium.remote.HttpCommandExecutor.execute(HttpCommandExecutor.java:158)
	at org.openqa.selenium.remote.service.DriverCommandExecutor.execute(DriverCommandExecutor.java:83)
	at org.openqa.selenium.remote.RemoteWebDriver.execute(RemoteWebDriver.java:552)
	at com.kms.katalon.selenium.driver.CChromeDriver.execute(CChromeDriver.java:19)
	at org.openqa.selenium.remote.RemoteWebElement.execute(RemoteWebElement.java:285)
	at org.openqa.selenium.remote.RemoteWebElement.click(RemoteWebElement.java:84)
	at org.openqa.selenium.support.events.EventFiringWebDriver$EventFiringWebElement.lambda$new$0(EventFiringWebDriver.java:404)
	at com.sun.proxy.$Proxy9.click(Unknown Source)
	at org.openqa.selenium.support.events.EventFiringWebDriver$EventFiringWebElement.click(EventFiringWebDriver.java:417)
	at com.kms.katalon.core.webui.keyword.builtin.ClickKeyword$_click_closure1.doCall(ClickKeyword.groovy:69)
	at com.kms.katalon.core.webui.keyword.builtin.ClickKeyword$_click_closure1.call(ClickKeyword.groovy)
	at com.kms.katalon.core.webui.keyword.internal.WebUIKeywordMain.runKeyword(WebUIKeywordMain.groovy:20)
	... 35 more


2020-04-23 14:02:22 - [TEST_STEP][PASSED] - setText(findTestObject("Object Repository/WebOffice_Home_page/input_Search_Criteria"), findTestData("searchTestData").getValue("Search_Selector", row)): Text '07818 446596' is set on object 'Object Repository/WebOffice_Home_page/input_Search_Criteria'

2020-04-23 14:02:23 - [MESSAGE][PASSED] - Text '07818 446596' is set on object 'Object Repository/WebOffice_Home_page/input_Search_Criteria'

2020-04-23 14:02:23 - [TEST_STEP][PASSED] - delay(1): Delayed 1 second(s)

2020-04-23 14:02:24 - [MESSAGE][PASSED] - Delayed 1 second(s)

2020-04-23 14:02:24 - [TEST_STEP][FAILED] - click(findTestObject("Object Repository/WebOffice_Home_page/popout_Search_Item")): Unable to click on object 'Object Repository/WebOffice_Home_page/popout_Search_Item' (Root cause: com.kms.katalon.core.exception.StepFailedException: Unable to click on object 'Object Repository/WebOffice_Home_page/popout_Search_Item'
	at com.kms.katalon.core.webui.keyword.internal.WebUIKeywordMain.stepFailed(WebUIKeywordMain.groovy:64)
	at com.kms.katalon.core.webui.keyword.internal.WebUIKeywordMain.runKeyword(WebUIKeywordMain.groovy:26)
	at com.kms.katalon.core.webui.keyword.builtin.ClickKeyword.click(ClickKeyword.groovy:76)
	at com.kms.katalon.core.webui.keyword.builtin.ClickKeyword.execute(ClickKeyword.groovy:43)
	at com.kms.katalon.core.keyword.internal.KeywordExecutor.executeKeywordForPlatform(KeywordExecutor.groovy:72)
	at com.kms.katalon.core.webui.keyword.WebUiBuiltInKeywords.click(WebUiBuiltInKeywords.groovy:616)
	at com.kms.katalon.core.webui.keyword.WebUiBuiltInKeywords$click$4.call(Unknown Source)
	at Home_Page_Search.run(Home_Page_Search:62)
	at com.kms.katalon.core.main.ScriptEngine.run(ScriptEngine.java:194)
	at com.kms.katalon.core.main.ScriptEngine.runScriptAsRawText(ScriptEngine.java:119)
	at com.kms.katalon.core.main.TestCaseExecutor.runScript(TestCaseExecutor.java:337)
	at com.kms.katalon.core.main.TestCaseExecutor.doExecute(TestCaseExecutor.java:328)
	at com.kms.katalon.core.main.TestCaseExecutor.processExecutionPhase(TestCaseExecutor.java:307)
	at com.kms.katalon.core.main.TestCaseExecutor.accessMainPhase(TestCaseExecutor.java:299)
	at com.kms.katalon.core.main.TestCaseExecutor.execute(TestCaseExecutor.java:233)
	at com.kms.katalon.core.main.TestCaseMain.runTestCase(TestCaseMain.java:114)
	at com.kms.katalon.core.keyword.builtin.CallTestCaseKeyword$_callTestCase_closure1.doCall(CallTestCaseKeyword.groovy:59)
	at com.kms.katalon.core.keyword.builtin.CallTestCaseKeyword$_callTestCase_closure1.call(CallTestCaseKeyword.groovy)
	at com.kms.katalon.core.keyword.internal.KeywordMain.runKeyword(KeywordMain.groovy:68)
	at com.kms.katalon.core.keyword.builtin.CallTestCaseKeyword.callTestCase(CallTestCaseKeyword.groovy:81)
	at com.kms.katalon.core.keyword.builtin.CallTestCaseKeyword.execute(CallTestCaseKeyword.groovy:44)
	at com.kms.katalon.core.keyword.internal.KeywordExecutor.executeKeywordForPlatform(KeywordExecutor.groovy:72)
	at com.kms.katalon.core.keyword.BuiltinKeywords.callTestCase(BuiltinKeywords.groovy:334)
	at WebOffice_Header_Search.run(WebOffice_Header_Search:60)
	at com.kms.katalon.core.main.ScriptEngine.run(ScriptEngine.java:194)
	at com.kms.katalon.core.main.ScriptEngine.runScriptAsRawText(ScriptEngine.java:119)
	at com.kms.katalon.core.main.TestCaseExecutor.runScript(TestCaseExecutor.java:337)
	at com.kms.katalon.core.main.TestCaseExecutor.doExecute(TestCaseExecutor.java:328)
	at com.kms.katalon.core.main.TestCaseExecutor.processExecutionPhase(TestCaseExecutor.java:307)
	at com.kms.katalon.core.main.TestCaseExecutor.accessMainPhase(TestCaseExecutor.java:299)
	at com.kms.katalon.core.main.TestCaseExecutor.execute(TestCaseExecutor.java:233)
	at com.kms.katalon.core.main.TestSuiteExecutor.accessTestCaseMainPhase(TestSuiteExecutor.java:169)
	at com.kms.katalon.core.main.TestSuiteExecutor.accessTestSuiteMainPhase(TestSuiteExecutor.java:142)
	at com.kms.katalon.core.main.TestSuiteExecutor.execute(TestSuiteExecutor.java:91)
	at com.kms.katalon.core.main.TestCaseMain.startTestSuite(TestCaseMain.java:157)
	at com.kms.katalon.core.main.TestCaseMain$startTestSuite$0.call(Unknown Source)
	at TempTestSuite1587645474617.run(TempTestSuite1587645474617.groovy:37)
Caused by: org.openqa.selenium.ElementNotInteractableException: element not interactable
  (Session info: chrome=81.0.4044.113)
Build info: version: '3.141.59', revision: 'e82be7d358', time: '2018-11-14T08:25:53'
System info: host: 'VETTEDSP36RF', ip: '192.168.1.238', os.name: 'Windows 10', os.arch: 'x86', os.version: '10.0', java.version: '1.8.0_181'
Driver info: com.kms.katalon.selenium.driver.CChromeDriver
Capabilities {acceptInsecureCerts: false, browserName: chrome, browserVersion: 81.0.4044.113, chrome: {chromedriverVersion: 81.0.4044.69 (6813546031a4b..., userDataDir: C:\Users\davidho\AppData\Lo...}, goog:chromeOptions: {debuggerAddress: localhost:58709}, javascriptEnabled: true, networkConnectionEnabled: false, pageLoadStrategy: normal, platform: WINDOWS, platformName: WINDOWS, proxy: Proxy(), setWindowRect: true, strictFileInteractability: false, timeouts: {implicit: 0, pageLoad: 300000, script: 30000}, unhandledPromptBehavior: dismiss and notify, webauthn:virtualAuthenticators: true}
Session ID: 5b1eb8427a7eaec7be04531f48b99857
	at org.openqa.selenium.remote.http.W3CHttpResponseCodec.createException(W3CHttpResponseCodec.java:187)
	at org.openqa.selenium.remote.http.W3CHttpResponseCodec.decode(W3CHttpResponseCodec.java:122)
	at org.openqa.selenium.remote.http.W3CHttpResponseCodec.decode(W3CHttpResponseCodec.java:49)
	at org.openqa.selenium.remote.HttpCommandExecutor.execute(HttpCommandExecutor.java:158)
	at org.openqa.selenium.remote.service.DriverCommandExecutor.execute(DriverCommandExecutor.java:83)
	at org.openqa.selenium.remote.RemoteWebDriver.execute(RemoteWebDriver.java:552)
	at com.kms.katalon.selenium.driver.CChromeDriver.execute(CChromeDriver.java:19)
	at org.openqa.selenium.remote.RemoteWebElement.execute(RemoteWebElement.java:285)
	at org.openqa.selenium.remote.RemoteWebElement.click(RemoteWebElement.java:84)
	at org.openqa.selenium.support.events.EventFiringWebDriver$EventFiringWebElement.lambda$new$0(EventFiringWebDriver.java:404)
	at com.sun.proxy.$Proxy9.click(Unknown Source)
	at org.openqa.selenium.support.events.EventFiringWebDriver$EventFiringWebElement.click(EventFiringWebDriver.java:417)
	at com.kms.katalon.core.webui.keyword.builtin.ClickKeyword$_click_closure1.doCall(ClickKeyword.groovy:69)
	at com.kms.katalon.core.webui.keyword.builtin.ClickKeyword$_click_closure1.call(ClickKeyword.groovy)
	at com.kms.katalon.core.webui.keyword.internal.WebUIKeywordMain.runKeyword(WebUIKeywordMain.groovy:20)
	at com.kms.katalon.core.webui.keyword.builtin.ClickKeyword.click(ClickKeyword.groovy:76)
	at com.kms.katalon.core.webui.keyword.builtin.ClickKeyword.execute(ClickKeyword.groovy:43)
	at com.kms.katalon.core.keyword.internal.KeywordExecutor.executeKeywordForPlatform(KeywordExecutor.groovy:72)
	at com.kms.katalon.core.webui.keyword.WebUiBuiltInKeywords.click(WebUiBuiltInKeywords.groovy:616)
	at com.kms.katalon.core.webui.keyword.WebUiBuiltInKeywords$click$4.call(Unknown Source)
	at Script1573138260893.run(Script1573138260893.groovy:62)
	at com.kms.katalon.core.main.ScriptEngine.run(ScriptEngine.java:194)
	at com.kms.katalon.core.main.ScriptEngine.runScriptAsRawText(ScriptEngine.java:119)
	at com.kms.katalon.core.main.TestCaseExecutor.runScript(TestCaseExecutor.java:337)
	at com.kms.katalon.core.main.TestCaseExecutor.doExecute(TestCaseExecutor.java:328)
	at com.kms.katalon.core.main.TestCaseExecutor.processExecutionPhase(TestCaseExecutor.java:307)
	at com.kms.katalon.core.main.TestCaseExecutor.accessMainPhase(TestCaseExecutor.java:299)
	at com.kms.katalon.core.main.TestCaseExecutor.execute(TestCaseExecutor.java:233)
	at com.kms.katalon.core.main.TestCaseMain.runTestCase(TestCaseMain.java:114)
	at com.kms.katalon.core.keyword.builtin.CallTestCaseKeyword$_callTestCase_closure1.doCall(CallTestCaseKeyword.groovy:59)
	at com.kms.katalon.core.keyword.builtin.CallTestCaseKeyword$_callTestCase_closure1.call(CallTestCaseKeyword.groovy)
	at com.kms.katalon.core.keyword.internal.KeywordMain.runKeyword(KeywordMain.groovy:68)
	at com.kms.katalon.core.keyword.builtin.CallTestCaseKeyword.callTestCase(CallTestCaseKeyword.groovy:81)
	at com.kms.katalon.core.keyword.builtin.CallTestCaseKeyword.execute(CallTestCaseKeyword.groovy:44)
	at com.kms.katalon.core.keyword.internal.KeywordExecutor.executeKeywordForPlatform(KeywordExecutor.groovy:72)
	at com.kms.katalon.core.keyword.BuiltinKeywords.callTestCase(BuiltinKeywords.groovy:334)
	at Script1573048549655.run(Script1573048549655.groovy:60)
	... 13 more
)

2020-04-23 14:02:26 - [MESSAGE][FAILED] - Unable to click on object 'Object Repository/WebOffice_Home_page/popout_Search_Item' (Root cause: com.kms.katalon.core.exception.StepFailedException: Unable to click on object 'Object Repository/WebOffice_Home_page/popout_Search_Item'
	at com.kms.katalon.core.webui.keyword.internal.WebUIKeywordMain.stepFailed(WebUIKeywordMain.groovy:64)
	at com.kms.katalon.core.webui.keyword.internal.WebUIKeywordMain.runKeyword(WebUIKeywordMain.groovy:26)
	at com.kms.katalon.core.webui.keyword.builtin.ClickKeyword.click(ClickKeyword.groovy:76)
	at com.kms.katalon.core.webui.keyword.builtin.ClickKeyword.execute(ClickKeyword.groovy:43)
	at com.kms.katalon.core.keyword.internal.KeywordExecutor.executeKeywordForPlatform(KeywordExecutor.groovy:72)
	at com.kms.katalon.core.webui.keyword.WebUiBuiltInKeywords.click(WebUiBuiltInKeywords.groovy:616)
	at com.kms.katalon.core.webui.keyword.WebUiBuiltInKeywords$click$4.call(Unknown Source)
	at Home_Page_Search.run(Home_Page_Search:62)
	at com.kms.katalon.core.main.ScriptEngine.run(ScriptEngine.java:194)
	at com.kms.katalon.core.main.ScriptEngine.runScriptAsRawText(ScriptEngine.java:119)
	at com.kms.katalon.core.main.TestCaseExecutor.runScript(TestCaseExecutor.java:337)
	at com.kms.katalon.core.main.TestCaseExecutor.doExecute(TestCaseExecutor.java:328)
	at com.kms.katalon.core.main.TestCaseExecutor.processExecutionPhase(TestCaseExecutor.java:307)
	at com.kms.katalon.core.main.TestCaseExecutor.accessMainPhase(TestCaseExecutor.java:299)
	at com.kms.katalon.core.main.TestCaseExecutor.execute(TestCaseExecutor.java:233)
	at com.kms.katalon.core.main.TestCaseMain.runTestCase(TestCaseMain.java:114)
	at com.kms.katalon.core.keyword.builtin.CallTestCaseKeyword$_callTestCase_closure1.doCall(CallTestCaseKeyword.groovy:59)
	at com.kms.katalon.core.keyword.builtin.CallTestCaseKeyword$_callTestCase_closure1.call(CallTestCaseKeyword.groovy)
	at com.kms.katalon.core.keyword.internal.KeywordMain.runKeyword(KeywordMain.groovy:68)
	at com.kms.katalon.core.keyword.builtin.CallTestCaseKeyword.callTestCase(CallTestCaseKeyword.groovy:81)
	at com.kms.katalon.core.keyword.builtin.CallTestCaseKeyword.execute(CallTestCaseKeyword.groovy:44)
	at com.kms.katalon.core.keyword.internal.KeywordExecutor.executeKeywordForPlatform(KeywordExecutor.groovy:72)
	at com.kms.katalon.core.keyword.BuiltinKeywords.callTestCase(BuiltinKeywords.groovy:334)
	at WebOffice_Header_Search.run(WebOffice_Header_Search:60)
	at com.kms.katalon.core.main.ScriptEngine.run(ScriptEngine.java:194)
	at com.kms.katalon.core.main.ScriptEngine.runScriptAsRawText(ScriptEngine.java:119)
	at com.kms.katalon.core.main.TestCaseExecutor.runScript(TestCaseExecutor.java:337)
	at com.kms.katalon.core.main.TestCaseExecutor.doExecute(TestCaseExecutor.java:328)
	at com.kms.katalon.core.main.TestCaseExecutor.processExecutionPhase(TestCaseExecutor.java:307)
	at com.kms.katalon.core.main.TestCaseExecutor.accessMainPhase(TestCaseExecutor.java:299)
	at com.kms.katalon.core.main.TestCaseExecutor.execute(TestCaseExecutor.java:233)
	at com.kms.katalon.core.main.TestSuiteExecutor.accessTestCaseMainPhase(TestSuiteExecutor.java:169)
	at com.kms.katalon.core.main.TestSuiteExecutor.accessTestSuiteMainPhase(TestSuiteExecutor.java:142)
	at com.kms.katalon.core.main.TestSuiteExecutor.execute(TestSuiteExecutor.java:91)
	at com.kms.katalon.core.main.TestCaseMain.startTestSuite(TestCaseMain.java:157)
	at com.kms.katalon.core.main.TestCaseMain$startTestSuite$0.call(Unknown Source)
	at TempTestSuite1587645474617.run(TempTestSuite1587645474617.groovy:37)
Caused by: org.openqa.selenium.ElementNotInteractableException: element not interactable
  (Session info: chrome=81.0.4044.113)
Build info: version: '3.141.59', revision: 'e82be7d358', time: '2018-11-14T08:25:53'
System info: host: 'VETTEDSP36RF', ip: '192.168.1.238', os.name: 'Windows 10', os.arch: 'x86', os.version: '10.0', java.version: '1.8.0_181'
Driver info: com.kms.katalon.selenium.driver.CChromeDriver
Capabilities {acceptInsecureCerts: false, browserName: chrome, browserVersion: 81.0.4044.113, chrome: {chromedriverVersion: 81.0.4044.69 (6813546031a4b..., userDataDir: C:\Users\davidho\AppData\Lo...}, goog:chromeOptions: {debuggerAddress: localhost:58709}, javascriptEnabled: true, networkConnectionEnabled: false, pageLoadStrategy: normal, platform: WINDOWS, platformName: WINDOWS, proxy: Proxy(), setWindowRect: true, strictFileInteractability: false, timeouts: {implicit: 0, pageLoad: 300000, script: 30000}, unhandledPromptBehavior: dismiss and notify, webauthn:virtualAuthenticators: true}
Session ID: 5b1eb8427a7eaec7be04531f48b99857
	at org.openqa.selenium.remote.http.W3CHttpResponseCodec.createException(W3CHttpResponseCodec.java:187)
	at org.openqa.selenium.remote.http.W3CHttpResponseCodec.decode(W3CHttpResponseCodec.java:122)
	at org.openqa.selenium.remote.http.W3CHttpResponseCodec.decode(W3CHttpResponseCodec.java:49)
	at org.openqa.selenium.remote.HttpCommandExecutor.execute(HttpCommandExecutor.java:158)
	at org.openqa.selenium.remote.service.DriverCommandExecutor.execute(DriverCommandExecutor.java:83)
	at org.openqa.selenium.remote.RemoteWebDriver.execute(RemoteWebDriver.java:552)
	at com.kms.katalon.selenium.driver.CChromeDriver.execute(CChromeDriver.java:19)
	at org.openqa.selenium.remote.RemoteWebElement.execute(RemoteWebElement.java:285)
	at org.openqa.selenium.remote.RemoteWebElement.click(RemoteWebElement.java:84)
	at org.openqa.selenium.support.events.EventFiringWebDriver$EventFiringWebElement.lambda$new$0(EventFiringWebDriver.java:404)
	at com.sun.proxy.$Proxy9.click(Unknown Source)
	at org.openqa.selenium.support.events.EventFiringWebDriver$EventFiringWebElement.click(EventFiringWebDriver.java:417)
	at com.kms.katalon.core.webui.keyword.builtin.ClickKeyword$_click_closure1.doCall(ClickKeyword.groovy:69)
	at com.kms.katalon.core.webui.keyword.builtin.ClickKeyword$_click_closure1.call(ClickKeyword.groovy)
	at com.kms.katalon.core.webui.keyword.internal.WebUIKeywordMain.runKeyword(WebUIKeywordMain.groovy:20)
	at com.kms.katalon.core.webui.keyword.builtin.ClickKeyword.click(ClickKeyword.groovy:76)
	at com.kms.katalon.core.webui.keyword.builtin.ClickKeyword.execute(ClickKeyword.groovy:43)
	at com.kms.katalon.core.keyword.internal.KeywordExecutor.executeKeywordForPlatform(KeywordExecutor.groovy:72)
	at com.kms.katalon.core.webui.keyword.WebUiBuiltInKeywords.click(WebUiBuiltInKeywords.groovy:616)
	at com.kms.katalon.core.webui.keyword.WebUiBuiltInKeywords$click$4.call(Unknown Source)
	at Script1573138260893.run(Script1573138260893.groovy:62)
	at com.kms.katalon.core.main.ScriptEngine.run(ScriptEngine.java:194)
	at com.kms.katalon.core.main.ScriptEngine.runScriptAsRawText(ScriptEngine.java:119)
	at com.kms.katalon.core.main.TestCaseExecutor.runScript(TestCaseExecutor.java:337)
	at com.kms.katalon.core.main.TestCaseExecutor.doExecute(TestCaseExecutor.java:328)
	at com.kms.katalon.core.main.TestCaseExecutor.processExecutionPhase(TestCaseExecutor.java:307)
	at com.kms.katalon.core.main.TestCaseExecutor.accessMainPhase(TestCaseExecutor.java:299)
	at com.kms.katalon.core.main.TestCaseExecutor.execute(TestCaseExecutor.java:233)
	at com.kms.katalon.core.main.TestCaseMain.runTestCase(TestCaseMain.java:114)
	at com.kms.katalon.core.keyword.builtin.CallTestCaseKeyword$_callTestCase_closure1.doCall(CallTestCaseKeyword.groovy:59)
	at com.kms.katalon.core.keyword.builtin.CallTestCaseKeyword$_callTestCase_closure1.call(CallTestCaseKeyword.groovy)
	at com.kms.katalon.core.keyword.internal.KeywordMain.runKeyword(KeywordMain.groovy:68)
	at com.kms.katalon.core.keyword.builtin.CallTestCaseKeyword.callTestCase(CallTestCaseKeyword.groovy:81)
	at com.kms.katalon.core.keyword.builtin.CallTestCaseKeyword.execute(CallTestCaseKeyword.groovy:44)
	at com.kms.katalon.core.keyword.internal.KeywordExecutor.executeKeywordForPlatform(KeywordExecutor.groovy:72)
	at com.kms.katalon.core.keyword.BuiltinKeywords.callTestCase(BuiltinKeywords.groovy:334)
	at Script1573048549655.run(Script1573048549655.groovy:60)
	... 13 more
)
[[ATTACHMENT|C:\\Users\\davidho\\git\\src\\Reports\\20200423_133746\\Web_Office_Searches\\20200423_133754\\1587646945447.png]]

2020-04-23 14:02:26 - [TEST_STEP][PASSED] - waitForPageLoad(60): Wait for page load successfully

2020-04-23 14:02:26 - [MESSAGE][PASSED] - Wait for page load successfully

2020-04-23 14:02:26 - [MESSAGE][FAILED] - Unable to call Test Case 'Test Cases/Reusable_Test_Sequences/Web_Office/Home_Page_Search' (Root cause: com.kms.katalon.core.exception.StepFailedException: Call Test Case 'Test Cases/Reusable_Test_Sequences/Web_Office/Home_Page_Search' failed
	at com.kms.katalon.core.keyword.builtin.CallTestCaseKeyword$_callTestCase_closure1.doCall(CallTestCaseKeyword.groovy:63)
	at com.kms.katalon.core.keyword.builtin.CallTestCaseKeyword$_callTestCase_closure1.call(CallTestCaseKeyword.groovy)
	at com.kms.katalon.core.keyword.internal.KeywordMain.runKeyword(KeywordMain.groovy:68)
	at com.kms.katalon.core.keyword.builtin.CallTestCaseKeyword.callTestCase(CallTestCaseKeyword.groovy:81)
	at com.kms.katalon.core.keyword.builtin.CallTestCaseKeyword.execute(CallTestCaseKeyword.groovy:44)
	at com.kms.katalon.core.keyword.internal.KeywordExecutor.executeKeywordForPlatform(KeywordExecutor.groovy:72)
	at com.kms.katalon.core.keyword.BuiltinKeywords.callTestCase(BuiltinKeywords.groovy:334)
	at WebOffice_Header_Search.run(WebOffice_Header_Search:60)
	at com.kms.katalon.core.main.ScriptEngine.run(ScriptEngine.java:194)
	at com.kms.katalon.core.main.ScriptEngine.runScriptAsRawText(ScriptEngine.java:119)
	at com.kms.katalon.core.main.TestCaseExecutor.runScript(TestCaseExecutor.java:337)
	at com.kms.katalon.core.main.TestCaseExecutor.doExecute(TestCaseExecutor.java:328)
	at com.kms.katalon.core.main.TestCaseExecutor.processExecutionPhase(TestCaseExecutor.java:307)
	at com.kms.katalon.core.main.TestCaseExecutor.accessMainPhase(TestCaseExecutor.java:299)
	at com.kms.katalon.core.main.TestCaseExecutor.execute(TestCaseExecutor.java:233)
	at com.kms.katalon.core.main.TestSuiteExecutor.accessTestCaseMainPhase(TestSuiteExecutor.java:169)
	at com.kms.katalon.core.main.TestSuiteExecutor.accessTestSuiteMainPhase(TestSuiteExecutor.java:142)
	at com.kms.katalon.core.main.TestSuiteExecutor.execute(TestSuiteExecutor.java:91)
	at com.kms.katalon.core.main.TestCaseMain.startTestSuite(TestCaseMain.java:157)
	at com.kms.katalon.core.main.TestCaseMain$startTestSuite$0.call(Unknown Source)
	at TempTestSuite1587645474617.run(TempTestSuite1587645474617.groovy:37)
Caused by: com.kms.katalon.core.exception.StepFailedException: Unable to click on object 'Object Repository/WebOffice_Home_page/popout_Search_Item' (Root cause: com.kms.katalon.core.exception.StepFailedException: Unable to click on object 'Object Repository/WebOffice_Home_page/popout_Search_Item'
	at com.kms.katalon.core.webui.keyword.internal.WebUIKeywordMain.stepFailed(WebUIKeywordMain.groovy:64)
	at com.kms.katalon.core.webui.keyword.internal.WebUIKeywordMain.runKeyword(WebUIKeywordMain.groovy:26)
	at com.kms.katalon.core.webui.keyword.builtin.ClickKeyword.click(ClickKeyword.groovy:76)
	at com.kms.katalon.core.webui.keyword.builtin.ClickKeyword.execute(ClickKeyword.groovy:43)
	at com.kms.katalon.core.keyword.internal.KeywordExecutor.executeKeywordForPlatform(KeywordExecutor.groovy:72)
	at com.kms.katalon.core.webui.keyword.WebUiBuiltInKeywords.click(WebUiBuiltInKeywords.groovy:616)
	at com.kms.katalon.core.webui.keyword.WebUiBuiltInKeywords$click$4.call(Unknown Source)
	at Home_Page_Search.run(Home_Page_Search:62)
	at com.kms.katalon.core.main.ScriptEngine.run(ScriptEngine.java:194)
	at com.kms.katalon.core.main.ScriptEngine.runScriptAsRawText(ScriptEngine.java:119)
	at com.kms.katalon.core.main.TestCaseExecutor.runScript(TestCaseExecutor.java:337)
	at com.kms.katalon.core.main.TestCaseExecutor.doExecute(TestCaseExecutor.java:328)
	at com.kms.katalon.core.main.TestCaseExecutor.processExecutionPhase(TestCaseExecutor.java:307)
	at com.kms.katalon.core.main.TestCaseExecutor.accessMainPhase(TestCaseExecutor.java:299)
	at com.kms.katalon.core.main.TestCaseExecutor.execute(TestCaseExecutor.java:233)
	at com.kms.katalon.core.main.TestCaseMain.runTestCase(TestCaseMain.java:114)
	at com.kms.katalon.core.keyword.builtin.CallTestCaseKeyword$_callTestCase_closure1.doCall(CallTestCaseKeyword.groovy:59)
	at com.kms.katalon.core.keyword.builtin.CallTestCaseKeyword$_callTestCase_closure1.call(CallTestCaseKeyword.groovy)
	at com.kms.katalon.core.keyword.internal.KeywordMain.runKeyword(KeywordMain.groovy:68)
	at com.kms.katalon.core.keyword.builtin.CallTestCaseKeyword.callTestCase(CallTestCaseKeyword.groovy:81)
	at com.kms.katalon.core.keyword.builtin.CallTestCaseKeyword.execute(CallTestCaseKeyword.groovy:44)
	at com.kms.katalon.core.keyword.internal.KeywordExecutor.executeKeywordForPlatform(KeywordExecutor.groovy:72)
	at com.kms.katalon.core.keyword.BuiltinKeywords.callTestCase(BuiltinKeywords.groovy:334)
	at WebOffice_Header_Search.run(WebOffice_Header_Search:60)
	at com.kms.katalon.core.main.ScriptEngine.run(ScriptEngine.java:194)
	at com.kms.katalon.core.main.ScriptEngine.runScriptAsRawText(ScriptEngine.java:119)
	at com.kms.katalon.core.main.TestCaseExecutor.runScript(TestCaseExecutor.java:337)
	at com.kms.katalon.core.main.TestCaseExecutor.doExecute(TestCaseExecutor.java:328)
	at com.kms.katalon.core.main.TestCaseExecutor.processExecutionPhase(TestCaseExecutor.java:307)
	at com.kms.katalon.core.main.TestCaseExecutor.accessMainPhase(TestCaseExecutor.java:299)
	at com.kms.katalon.core.main.TestCaseExecutor.execute(TestCaseExecutor.java:233)
	at com.kms.katalon.core.main.TestSuiteExecutor.accessTestCaseMainPhase(TestSuiteExecutor.java:169)
	at com.kms.katalon.core.main.TestSuiteExecutor.accessTestSuiteMainPhase(TestSuiteExecutor.java:142)
	at com.kms.katalon.core.main.TestSuiteExecutor.execute(TestSuiteExecutor.java:91)
	at com.kms.katalon.core.main.TestCaseMain.startTestSuite(TestCaseMain.java:157)
	at com.kms.katalon.core.main.TestCaseMain$startTestSuite$0.call(Unknown Source)
	at TempTestSuite1587645474617.run(TempTestSuite1587645474617.groovy:37)
Caused by: org.openqa.selenium.ElementNotInteractableException: element not interactable
  (Session info: chrome=81.0.4044.113)
Build info: version: '3.141.59', revision: 'e82be7d358', time: '2018-11-14T08:25:53'
System info: host: 'VETTEDSP36RF', ip: '192.168.1.238', os.name: 'Windows 10', os.arch: 'x86', os.version: '10.0', java.version: '1.8.0_181'
Driver info: com.kms.katalon.selenium.driver.CChromeDriver
Capabilities {acceptInsecureCerts: false, browserName: chrome, browserVersion: 81.0.4044.113, chrome: {chromedriverVersion: 81.0.4044.69 (6813546031a4b..., userDataDir: C:\Users\davidho\AppData\Lo...}, goog:chromeOptions: {debuggerAddress: localhost:58709}, javascriptEnabled: true, networkConnectionEnabled: false, pageLoadStrategy: normal, platform: WINDOWS, platformName: WINDOWS, proxy: Proxy(), setWindowRect: true, strictFileInteractability: false, timeouts: {implicit: 0, pageLoad: 300000, script: 30000}, unhandledPromptBehavior: dismiss and notify, webauthn:virtualAuthenticators: true}
Session ID: 5b1eb8427a7eaec7be04531f48b99857
	at org.openqa.selenium.remote.http.W3CHttpResponseCodec.createException(W3CHttpResponseCodec.java:187)
	at org.openqa.selenium.remote.http.W3CHttpResponseCodec.decode(W3CHttpResponseCodec.java:122)
	at org.openqa.selenium.remote.http.W3CHttpResponseCodec.decode(W3CHttpResponseCodec.java:49)
	at org.openqa.selenium.remote.HttpCommandExecutor.execute(HttpCommandExecutor.java:158)
	at org.openqa.selenium.remote.service.DriverCommandExecutor.execute(DriverCommandExecutor.java:83)
	at org.openqa.selenium.remote.RemoteWebDriver.execute(RemoteWebDriver.java:552)
	at com.kms.katalon.selenium.driver.CChromeDriver.execute(CChromeDriver.java:19)
	at org.openqa.selenium.remote.RemoteWebElement.execute(RemoteWebElement.java:285)
	at org.openqa.selenium.remote.RemoteWebElement.click(RemoteWebElement.java:84)
	at org.openqa.selenium.support.events.EventFiringWebDriver$EventFiringWebElement.lambda$new$0(EventFiringWebDriver.java:404)
	at com.sun.proxy.$Proxy9.click(Unknown Source)
	at org.openqa.selenium.support.events.EventFiringWebDriver$EventFiringWebElement.click(EventFiringWebDriver.java:417)
	at com.kms.katalon.core.webui.keyword.builtin.ClickKeyword$_click_closure1.doCall(ClickKeyword.groovy:69)
	at com.kms.katalon.core.webui.keyword.builtin.ClickKeyword$_click_closure1.call(ClickKeyword.groovy)
	at com.kms.katalon.core.webui.keyword.internal.WebUIKeywordMain.runKeyword(WebUIKeywordMain.groovy:20)
	at com.kms.katalon.core.webui.keyword.builtin.ClickKeyword.click(ClickKeyword.groovy:76)
	at com.kms.katalon.core.webui.keyword.builtin.ClickKeyword.execute(ClickKeyword.groovy:43)
	at com.kms.katalon.core.keyword.internal.KeywordExecutor.executeKeywordForPlatform(KeywordExecutor.groovy:72)
	at com.kms.katalon.core.webui.keyword.WebUiBuiltInKeywords.click(WebUiBuiltInKeywords.groovy:616)
	at com.kms.katalon.core.webui.keyword.WebUiBuiltInKeywords$click$4.call(Unknown Source)
	at Script1573138260893.run(Script1573138260893.groovy:62)
	at com.kms.katalon.core.main.ScriptEngine.run(ScriptEngine.java:194)
	at com.kms.katalon.core.main.ScriptEngine.runScriptAsRawText(ScriptEngine.java:119)
	at com.kms.katalon.core.main.TestCaseExecutor.runScript(TestCaseExecutor.java:337)
	at com.kms.katalon.core.main.TestCaseExecutor.doExecute(TestCaseExecutor.java:328)
	at com.kms.katalon.core.main.TestCaseExecutor.processExecutionPhase(TestCaseExecutor.java:307)
	at com.kms.katalon.core.main.TestCaseExecutor.accessMainPhase(TestCaseExecutor.java:299)
	at com.kms.katalon.core.main.TestCaseExecutor.execute(TestCaseExecutor.java:233)
	at com.kms.katalon.core.main.TestCaseMain.runTestCase(TestCaseMain.java:114)
	at com.kms.katalon.core.keyword.builtin.CallTestCaseKeyword$_callTestCase_closure1.doCall(CallTestCaseKeyword.groovy:59)
	at com.kms.katalon.core.keyword.builtin.CallTestCaseKeyword$_callTestCase_closure1.call(CallTestCaseKeyword.groovy)
	at com.kms.katalon.core.keyword.internal.KeywordMain.runKeyword(KeywordMain.groovy:68)
	at com.kms.katalon.core.keyword.builtin.CallTestCaseKeyword.callTestCase(CallTestCaseKeyword.groovy:81)
	at com.kms.katalon.core.keyword.builtin.CallTestCaseKeyword.execute(CallTestCaseKeyword.groovy:44)
	at com.kms.katalon.core.keyword.internal.KeywordExecutor.executeKeywordForPlatform(KeywordExecutor.groovy:72)
	at com.kms.katalon.core.keyword.BuiltinKeywords.callTestCase(BuiltinKeywords.groovy:334)
	at Script1573048549655.run(Script1573048549655.groovy:60)
	... 13 more
)
	at com.kms.katalon.core.keyword.internal.KeywordMain.stepFailed(KeywordMain.groovy:39)
	at com.kms.katalon.core.webui.keyword.internal.WebUIKeywordMain.stepFailed(WebUIKeywordMain.groovy:64)
	at com.kms.katalon.core.webui.keyword.internal.WebUIKeywordMain.runKeyword(WebUIKeywordMain.groovy:26)
	at com.kms.katalon.core.webui.keyword.builtin.ClickKeyword.click(ClickKeyword.groovy:76)
	at com.kms.katalon.core.webui.keyword.builtin.ClickKeyword.execute(ClickKeyword.groovy:43)
	at com.kms.katalon.core.keyword.internal.KeywordExecutor.executeKeywordForPlatform(KeywordExecutor.groovy:72)
	at com.kms.katalon.core.webui.keyword.WebUiBuiltInKeywords.click(WebUiBuiltInKeywords.groovy:616)
	at com.kms.katalon.core.webui.keyword.WebUiBuiltInKeywords$click$4.call(Unknown Source)
	at Home_Page_Search.run(Home_Page_Search:62)
	at com.kms.katalon.core.main.ScriptEngine.run(ScriptEngine.java:194)
	at com.kms.katalon.core.main.ScriptEngine.runScriptAsRawText(ScriptEngine.java:119)
	at com.kms.katalon.core.main.TestCaseExecutor.runScript(TestCaseExecutor.java:337)
	at com.kms.katalon.core.main.TestCaseExecutor.doExecute(TestCaseExecutor.java:328)
	at com.kms.katalon.core.main.TestCaseExecutor.processExecutionPhase(TestCaseExecutor.java:307)
	at com.kms.katalon.core.main.TestCaseExecutor.accessMainPhase(TestCaseExecutor.java:299)
	at com.kms.katalon.core.main.TestCaseExecutor.execute(TestCaseExecutor.java:233)
	at com.kms.katalon.core.main.TestCaseMain.runTestCase(TestCaseMain.java:114)
	at com.kms.katalon.core.keyword.builtin.CallTestCaseKeyword$_callTestCase_closure1.doCall(CallTestCaseKeyword.groovy:59)
	... 20 more
Caused by: com.kms.katalon.core.exception.StepFailedException: Unable to click on object 'Object Repository/WebOffice_Home_page/popout_Search_Item'
	... 37 more
Caused by: org.openqa.selenium.ElementNotInteractableException: element not interactable
  (Session info: chrome=81.0.4044.113)
Build info: version: '3.141.59', revision: 'e82be7d358', time: '2018-11-14T08:25:53'
System info: host: 'VETTEDSP36RF', ip: '192.168.1.238', os.name: 'Windows 10', os.arch: 'x86', os.version: '10.0', java.version: '1.8.0_181'
Driver info: com.kms.katalon.selenium.driver.CChromeDriver
Capabilities {acceptInsecureCerts: false, browserName: chrome, browserVersion: 81.0.4044.113, chrome: {chromedriverVersion: 81.0.4044.69 (6813546031a4b..., userDataDir: C:\Users\davidho\AppData\Lo...}, goog:chromeOptions: {debuggerAddress: localhost:58709}, javascriptEnabled: true, networkConnectionEnabled: false, pageLoadStrategy: normal, platform: WINDOWS, platformName: WINDOWS, proxy: Proxy(), setWindowRect: true, strictFileInteractability: false, timeouts: {implicit: 0, pageLoad: 300000, script: 30000}, unhandledPromptBehavior: dismiss and notify, webauthn:virtualAuthenticators: true}
Session ID: 5b1eb8427a7eaec7be04531f48b99857
	at org.openqa.selenium.remote.http.W3CHttpResponseCodec.createException(W3CHttpResponseCodec.java:187)
	at org.openqa.selenium.remote.http.W3CHttpResponseCodec.decode(W3CHttpResponseCodec.java:122)
	at org.openqa.selenium.remote.http.W3CHttpResponseCodec.decode(W3CHttpResponseCodec.java:49)
	at org.openqa.selenium.remote.HttpCommandExecutor.execute(HttpCommandExecutor.java:158)
	at org.openqa.selenium.remote.service.DriverCommandExecutor.execute(DriverCommandExecutor.java:83)
	at org.openqa.selenium.remote.RemoteWebDriver.execute(RemoteWebDriver.java:552)
	at com.kms.katalon.selenium.driver.CChromeDriver.execute(CChromeDriver.java:19)
	at org.openqa.selenium.remote.RemoteWebElement.execute(RemoteWebElement.java:285)
	at org.openqa.selenium.remote.RemoteWebElement.click(RemoteWebElement.java:84)
	at org.openqa.selenium.support.events.EventFiringWebDriver$EventFiringWebElement.lambda$new$0(EventFiringWebDriver.java:404)
	at com.sun.proxy.$Proxy9.click(Unknown Source)
	at org.openqa.selenium.support.events.EventFiringWebDriver$EventFiringWebElement.click(EventFiringWebDriver.java:417)
	at com.kms.katalon.core.webui.keyword.builtin.ClickKeyword$_click_closure1.doCall(ClickKeyword.groovy:69)
	at com.kms.katalon.core.webui.keyword.builtin.ClickKeyword$_click_closure1.call(ClickKeyword.groovy)
	at com.kms.katalon.core.webui.keyword.internal.WebUIKeywordMain.runKeyword(WebUIKeywordMain.groovy:20)
	... 35 more
)]]></system-out>
         <system-err><![CDATA[2020-04-23 14:02:11 - [TEST_CASE][FAILED] - Test Cases/Web_Office/WebOffice_Header_Search: Test Cases/Web_Office/WebOffice_Header_Search FAILED.
Reason:
com.kms.katalon.core.exception.StepFailedException: Call Test Case 'Test Cases/Reusable_Test_Sequences/Web_Office/Home_Page_Search' failed
	at com.kms.katalon.core.keyword.builtin.CallTestCaseKeyword$_callTestCase_closure1.doCall(CallTestCaseKeyword.groovy:63)
	at com.kms.katalon.core.keyword.builtin.CallTestCaseKeyword$_callTestCase_closure1.call(CallTestCaseKeyword.groovy)
	at com.kms.katalon.core.keyword.internal.KeywordMain.runKeyword(KeywordMain.groovy:68)
	at com.kms.katalon.core.keyword.builtin.CallTestCaseKeyword.callTestCase(CallTestCaseKeyword.groovy:81)
	at com.kms.katalon.core.keyword.builtin.CallTestCaseKeyword.execute(CallTestCaseKeyword.groovy:44)
	at com.kms.katalon.core.keyword.internal.KeywordExecutor.executeKeywordForPlatform(KeywordExecutor.groovy:72)
	at com.kms.katalon.core.keyword.BuiltinKeywords.callTestCase(BuiltinKeywords.groovy:334)
	at WebOffice_Header_Search.run(WebOffice_Header_Search:60)
	at com.kms.katalon.core.main.ScriptEngine.run(ScriptEngine.java:194)
	at com.kms.katalon.core.main.ScriptEngine.runScriptAsRawText(ScriptEngine.java:119)
	at com.kms.katalon.core.main.TestCaseExecutor.runScript(TestCaseExecutor.java:337)
	at com.kms.katalon.core.main.TestCaseExecutor.doExecute(TestCaseExecutor.java:328)
	at com.kms.katalon.core.main.TestCaseExecutor.processExecutionPhase(TestCaseExecutor.java:307)
	at com.kms.katalon.core.main.TestCaseExecutor.accessMainPhase(TestCaseExecutor.java:299)
	at com.kms.katalon.core.main.TestCaseExecutor.execute(TestCaseExecutor.java:233)
	at com.kms.katalon.core.main.TestSuiteExecutor.accessTestCaseMainPhase(TestSuiteExecutor.java:169)
	at com.kms.katalon.core.main.TestSuiteExecutor.accessTestSuiteMainPhase(TestSuiteExecutor.java:142)
	at com.kms.katalon.core.main.TestSuiteExecutor.execute(TestSuiteExecutor.java:91)
	at com.kms.katalon.core.main.TestCaseMain.startTestSuite(TestCaseMain.java:157)
	at com.kms.katalon.core.main.TestCaseMain$startTestSuite$0.call(Unknown Source)
	at TempTestSuite1587645474617.run(TempTestSuite1587645474617.groovy:37)
Caused by: com.kms.katalon.core.exception.StepFailedException: Unable to click on object 'Object Repository/WebOffice_Home_page/popout_Search_Item' (Root cause: com.kms.katalon.core.exception.StepFailedException: Unable to click on object 'Object Repository/WebOffice_Home_page/popout_Search_Item'
	at com.kms.katalon.core.webui.keyword.internal.WebUIKeywordMain.stepFailed(WebUIKeywordMain.groovy:64)
	at com.kms.katalon.core.webui.keyword.internal.WebUIKeywordMain.runKeyword(WebUIKeywordMain.groovy:26)
	at com.kms.katalon.core.webui.keyword.builtin.ClickKeyword.click(ClickKeyword.groovy:76)
	at com.kms.katalon.core.webui.keyword.builtin.ClickKeyword.execute(ClickKeyword.groovy:43)
	at com.kms.katalon.core.keyword.internal.KeywordExecutor.executeKeywordForPlatform(KeywordExecutor.groovy:72)
	at com.kms.katalon.core.webui.keyword.WebUiBuiltInKeywords.click(WebUiBuiltInKeywords.groovy:616)
	at com.kms.katalon.core.webui.keyword.WebUiBuiltInKeywords$click$4.call(Unknown Source)
	at Home_Page_Search.run(Home_Page_Search:62)
	at com.kms.katalon.core.main.ScriptEngine.run(ScriptEngine.java:194)
	at com.kms.katalon.core.main.ScriptEngine.runScriptAsRawText(ScriptEngine.java:119)
	at com.kms.katalon.core.main.TestCaseExecutor.runScript(TestCaseExecutor.java:337)
	at com.kms.katalon.core.main.TestCaseExecutor.doExecute(TestCaseExecutor.java:328)
	at com.kms.katalon.core.main.TestCaseExecutor.processExecutionPhase(TestCaseExecutor.java:307)
	at com.kms.katalon.core.main.TestCaseExecutor.accessMainPhase(TestCaseExecutor.java:299)
	at com.kms.katalon.core.main.TestCaseExecutor.execute(TestCaseExecutor.java:233)
	at com.kms.katalon.core.main.TestCaseMain.runTestCase(TestCaseMain.java:114)
	at com.kms.katalon.core.keyword.builtin.CallTestCaseKeyword$_callTestCase_closure1.doCall(CallTestCaseKeyword.groovy:59)
	at com.kms.katalon.core.keyword.builtin.CallTestCaseKeyword$_callTestCase_closure1.call(CallTestCaseKeyword.groovy)
	at com.kms.katalon.core.keyword.internal.KeywordMain.runKeyword(KeywordMain.groovy:68)
	at com.kms.katalon.core.keyword.builtin.CallTestCaseKeyword.callTestCase(CallTestCaseKeyword.groovy:81)
	at com.kms.katalon.core.keyword.builtin.CallTestCaseKeyword.execute(CallTestCaseKeyword.groovy:44)
	at com.kms.katalon.core.keyword.internal.KeywordExecutor.executeKeywordForPlatform(KeywordExecutor.groovy:72)
	at com.kms.katalon.core.keyword.BuiltinKeywords.callTestCase(BuiltinKeywords.groovy:334)
	at WebOffice_Header_Search.run(WebOffice_Header_Search:60)
	at com.kms.katalon.core.main.ScriptEngine.run(ScriptEngine.java:194)
	at com.kms.katalon.core.main.ScriptEngine.runScriptAsRawText(ScriptEngine.java:119)
	at com.kms.katalon.core.main.TestCaseExecutor.runScript(TestCaseExecutor.java:337)
	at com.kms.katalon.core.main.TestCaseExecutor.doExecute(TestCaseExecutor.java:328)
	at com.kms.katalon.core.main.TestCaseExecutor.processExecutionPhase(TestCaseExecutor.java:307)
	at com.kms.katalon.core.main.TestCaseExecutor.accessMainPhase(TestCaseExecutor.java:299)
	at com.kms.katalon.core.main.TestCaseExecutor.execute(TestCaseExecutor.java:233)
	at com.kms.katalon.core.main.TestSuiteExecutor.accessTestCaseMainPhase(TestSuiteExecutor.java:169)
	at com.kms.katalon.core.main.TestSuiteExecutor.accessTestSuiteMainPhase(TestSuiteExecutor.java:142)
	at com.kms.katalon.core.main.TestSuiteExecutor.execute(TestSuiteExecutor.java:91)
	at com.kms.katalon.core.main.TestCaseMain.startTestSuite(TestCaseMain.java:157)
	at com.kms.katalon.core.main.TestCaseMain$startTestSuite$0.call(Unknown Source)
	at TempTestSuite1587645474617.run(TempTestSuite1587645474617.groovy:37)
Caused by: org.openqa.selenium.ElementNotInteractableException: element not interactable
  (Session info: chrome=81.0.4044.113)
Build info: version: '3.141.59', revision: 'e82be7d358', time: '2018-11-14T08:25:53'
System info: host: 'VETTEDSP36RF', ip: '192.168.1.238', os.name: 'Windows 10', os.arch: 'x86', os.version: '10.0', java.version: '1.8.0_181'
Driver info: com.kms.katalon.selenium.driver.CChromeDriver
Capabilities {acceptInsecureCerts: false, browserName: chrome, browserVersion: 81.0.4044.113, chrome: {chromedriverVersion: 81.0.4044.69 (6813546031a4b..., userDataDir: C:\Users\davidho\AppData\Lo...}, goog:chromeOptions: {debuggerAddress: localhost:58709}, javascriptEnabled: true, networkConnectionEnabled: false, pageLoadStrategy: normal, platform: WINDOWS, platformName: WINDOWS, proxy: Proxy(), setWindowRect: true, strictFileInteractability: false, timeouts: {implicit: 0, pageLoad: 300000, script: 30000}, unhandledPromptBehavior: dismiss and notify, webauthn:virtualAuthenticators: true}
Session ID: 5b1eb8427a7eaec7be04531f48b99857
	at org.openqa.selenium.remote.http.W3CHttpResponseCodec.createException(W3CHttpResponseCodec.java:187)
	at org.openqa.selenium.remote.http.W3CHttpResponseCodec.decode(W3CHttpResponseCodec.java:122)
	at org.openqa.selenium.remote.http.W3CHttpResponseCodec.decode(W3CHttpResponseCodec.java:49)
	at org.openqa.selenium.remote.HttpCommandExecutor.execute(HttpCommandExecutor.java:158)
	at org.openqa.selenium.remote.service.DriverCommandExecutor.execute(DriverCommandExecutor.java:83)
	at org.openqa.selenium.remote.RemoteWebDriver.execute(RemoteWebDriver.java:552)
	at com.kms.katalon.selenium.driver.CChromeDriver.execute(CChromeDriver.java:19)
	at org.openqa.selenium.remote.RemoteWebElement.execute(RemoteWebElement.java:285)
	at org.openqa.selenium.remote.RemoteWebElement.click(RemoteWebElement.java:84)
	at org.openqa.selenium.support.events.EventFiringWebDriver$EventFiringWebElement.lambda$new$0(EventFiringWebDriver.java:404)
	at com.sun.proxy.$Proxy9.click(Unknown Source)
	at org.openqa.selenium.support.events.EventFiringWebDriver$EventFiringWebElement.click(EventFiringWebDriver.java:417)
	at com.kms.katalon.core.webui.keyword.builtin.ClickKeyword$_click_closure1.doCall(ClickKeyword.groovy:69)
	at com.kms.katalon.core.webui.keyword.builtin.ClickKeyword$_click_closure1.call(ClickKeyword.groovy)
	at com.kms.katalon.core.webui.keyword.internal.WebUIKeywordMain.runKeyword(WebUIKeywordMain.groovy:20)
	at com.kms.katalon.core.webui.keyword.builtin.ClickKeyword.click(ClickKeyword.groovy:76)
	at com.kms.katalon.core.webui.keyword.builtin.ClickKeyword.execute(ClickKeyword.groovy:43)
	at com.kms.katalon.core.keyword.internal.KeywordExecutor.executeKeywordForPlatform(KeywordExecutor.groovy:72)
	at com.kms.katalon.core.webui.keyword.WebUiBuiltInKeywords.click(WebUiBuiltInKeywords.groovy:616)
	at com.kms.katalon.core.webui.keyword.WebUiBuiltInKeywords$click$4.call(Unknown Source)
	at Script1573138260893.run(Script1573138260893.groovy:62)
	at com.kms.katalon.core.main.ScriptEngine.run(ScriptEngine.java:194)
	at com.kms.katalon.core.main.ScriptEngine.runScriptAsRawText(ScriptEngine.java:119)
	at com.kms.katalon.core.main.TestCaseExecutor.runScript(TestCaseExecutor.java:337)
	at com.kms.katalon.core.main.TestCaseExecutor.doExecute(TestCaseExecutor.java:328)
	at com.kms.katalon.core.main.TestCaseExecutor.processExecutionPhase(TestCaseExecutor.java:307)
	at com.kms.katalon.core.main.TestCaseExecutor.accessMainPhase(TestCaseExecutor.java:299)
	at com.kms.katalon.core.main.TestCaseExecutor.execute(TestCaseExecutor.java:233)
	at com.kms.katalon.core.main.TestCaseMain.runTestCase(TestCaseMain.java:114)
	at com.kms.katalon.core.keyword.builtin.CallTestCaseKeyword$_callTestCase_closure1.doCall(CallTestCaseKeyword.groovy:59)
	at com.kms.katalon.core.keyword.builtin.CallTestCaseKeyword$_callTestCase_closure1.call(CallTestCaseKeyword.groovy)
	at com.kms.katalon.core.keyword.internal.KeywordMain.runKeyword(KeywordMain.groovy:68)
	at com.kms.katalon.core.keyword.builtin.CallTestCaseKeyword.callTestCase(CallTestCaseKeyword.groovy:81)
	at com.kms.katalon.core.keyword.builtin.CallTestCaseKeyword.execute(CallTestCaseKeyword.groovy:44)
	at com.kms.katalon.core.keyword.internal.KeywordExecutor.executeKeywordForPlatform(KeywordExecutor.groovy:72)
	at com.kms.katalon.core.keyword.BuiltinKeywords.callTestCase(BuiltinKeywords.groovy:334)
	at Script1573048549655.run(Script1573048549655.groovy:60)
	... 13 more
)
	at com.kms.katalon.core.keyword.internal.KeywordMain.stepFailed(KeywordMain.groovy:39)
	at com.kms.katalon.core.webui.keyword.internal.WebUIKeywordMain.stepFailed(WebUIKeywordMain.groovy:64)
	at com.kms.katalon.core.webui.keyword.internal.WebUIKeywordMain.runKeyword(WebUIKeywordMain.groovy:26)
	at com.kms.katalon.core.webui.keyword.builtin.ClickKeyword.click(ClickKeyword.groovy:76)
	at com.kms.katalon.core.webui.keyword.builtin.ClickKeyword.execute(ClickKeyword.groovy:43)
	at com.kms.katalon.core.keyword.internal.KeywordExecutor.executeKeywordForPlatform(KeywordExecutor.groovy:72)
	at com.kms.katalon.core.webui.keyword.WebUiBuiltInKeywords.click(WebUiBuiltInKeywords.groovy:616)
	at com.kms.katalon.core.webui.keyword.WebUiBuiltInKeywords$click$4.call(Unknown Source)
	at Home_Page_Search.run(Home_Page_Search:62)
	at com.kms.katalon.core.main.ScriptEngine.run(ScriptEngine.java:194)
	at com.kms.katalon.core.main.ScriptEngine.runScriptAsRawText(ScriptEngine.java:119)
	at com.kms.katalon.core.main.TestCaseExecutor.runScript(TestCaseExecutor.java:337)
	at com.kms.katalon.core.main.TestCaseExecutor.doExecute(TestCaseExecutor.java:328)
	at com.kms.katalon.core.main.TestCaseExecutor.processExecutionPhase(TestCaseExecutor.java:307)
	at com.kms.katalon.core.main.TestCaseExecutor.accessMainPhase(TestCaseExecutor.java:299)
	at com.kms.katalon.core.main.TestCaseExecutor.execute(TestCaseExecutor.java:233)
	at com.kms.katalon.core.main.TestCaseMain.runTestCase(TestCaseMain.java:114)
	at com.kms.katalon.core.keyword.builtin.CallTestCaseKeyword$_callTestCase_closure1.doCall(CallTestCaseKeyword.groovy:59)
	... 20 more
Caused by: com.kms.katalon.core.exception.StepFailedException: Unable to click on object 'Object Repository/WebOffice_Home_page/popout_Search_Item'
	... 37 more
Caused by: org.openqa.selenium.ElementNotInteractableException: element not interactable
  (Session info: chrome=81.0.4044.113)
Build info: version: '3.141.59', revision: 'e82be7d358', time: '2018-11-14T08:25:53'
System info: host: 'VETTEDSP36RF', ip: '192.168.1.238', os.name: 'Windows 10', os.arch: 'x86', os.version: '10.0', java.version: '1.8.0_181'
Driver info: com.kms.katalon.selenium.driver.CChromeDriver
Capabilities {acceptInsecureCerts: false, browserName: chrome, browserVersion: 81.0.4044.113, chrome: {chromedriverVersion: 81.0.4044.69 (6813546031a4b..., userDataDir: C:\Users\davidho\AppData\Lo...}, goog:chromeOptions: {debuggerAddress: localhost:58709}, javascriptEnabled: true, networkConnectionEnabled: false, pageLoadStrategy: normal, platform: WINDOWS, platformName: WINDOWS, proxy: Proxy(), setWindowRect: true, strictFileInteractability: false, timeouts: {implicit: 0, pageLoad: 300000, script: 30000}, unhandledPromptBehavior: dismiss and notify, webauthn:virtualAuthenticators: true}
Session ID: 5b1eb8427a7eaec7be04531f48b99857
	at org.openqa.selenium.remote.http.W3CHttpResponseCodec.createException(W3CHttpResponseCodec.java:187)
	at org.openqa.selenium.remote.http.W3CHttpResponseCodec.decode(W3CHttpResponseCodec.java:122)
	at org.openqa.selenium.remote.http.W3CHttpResponseCodec.decode(W3CHttpResponseCodec.java:49)
	at org.openqa.selenium.remote.HttpCommandExecutor.execute(HttpCommandExecutor.java:158)
	at org.openqa.selenium.remote.service.DriverCommandExecutor.execute(DriverCommandExecutor.java:83)
	at org.openqa.selenium.remote.RemoteWebDriver.execute(RemoteWebDriver.java:552)
	at com.kms.katalon.selenium.driver.CChromeDriver.execute(CChromeDriver.java:19)
	at org.openqa.selenium.remote.RemoteWebElement.execute(RemoteWebElement.java:285)
	at org.openqa.selenium.remote.RemoteWebElement.click(RemoteWebElement.java:84)
	at org.openqa.selenium.support.events.EventFiringWebDriver$EventFiringWebElement.lambda$new$0(EventFiringWebDriver.java:404)
	at com.sun.proxy.$Proxy9.click(Unknown Source)
	at org.openqa.selenium.support.events.EventFiringWebDriver$EventFiringWebElement.click(EventFiringWebDriver.java:417)
	at com.kms.katalon.core.webui.keyword.builtin.ClickKeyword$_click_closure1.doCall(ClickKeyword.groovy:69)
	at com.kms.katalon.core.webui.keyword.builtin.ClickKeyword$_click_closure1.call(ClickKeyword.groovy)
	at com.kms.katalon.core.webui.keyword.internal.WebUIKeywordMain.runKeyword(WebUIKeywordMain.groovy:20)
	... 35 more]]></system-err>
      </testcase>
      <system-out><![CDATA[2020-04-23 13:55:29 - [TEST_SUITE][FAILED] - Web_Office_Searches: Test Cases/Web_Office/WebOffice_Header_Search FAILED.
Reason:
com.kms.katalon.core.exception.StepFailedException: Call Test Case 'Test Cases/Reusable_Test_Sequences/Web_Office/Home_Page_Search' failed
	at com.kms.katalon.core.keyword.builtin.CallTestCaseKeyword$_callTestCase_closure1.doCall(CallTestCaseKeyword.groovy:63)
	at com.kms.katalon.core.keyword.builtin.CallTestCaseKeyword$_callTestCase_closure1.call(CallTestCaseKeyword.groovy)
	at com.kms.katalon.core.keyword.internal.KeywordMain.runKeyword(KeywordMain.groovy:68)
	at com.kms.katalon.core.keyword.builtin.CallTestCaseKeyword.callTestCase(CallTestCaseKeyword.groovy:81)
	at com.kms.katalon.core.keyword.builtin.CallTestCaseKeyword.execute(CallTestCaseKeyword.groovy:44)
	at com.kms.katalon.core.keyword.internal.KeywordExecutor.executeKeywordForPlatform(KeywordExecutor.groovy:72)
	at com.kms.katalon.core.keyword.BuiltinKeywords.callTestCase(BuiltinKeywords.groovy:334)
	at WebOffice_Header_Search.run(WebOffice_Header_Search:60)
	at com.kms.katalon.core.main.ScriptEngine.run(ScriptEngine.java:194)
	at com.kms.katalon.core.main.ScriptEngine.runScriptAsRawText(ScriptEngine.java:119)
	at com.kms.katalon.core.main.TestCaseExecutor.runScript(TestCaseExecutor.java:337)
	at com.kms.katalon.core.main.TestCaseExecutor.doExecute(TestCaseExecutor.java:328)
	at com.kms.katalon.core.main.TestCaseExecutor.processExecutionPhase(TestCaseExecutor.java:307)
	at com.kms.katalon.core.main.TestCaseExecutor.accessMainPhase(TestCaseExecutor.java:299)
	at com.kms.katalon.core.main.TestCaseExecutor.execute(TestCaseExecutor.java:233)
	at com.kms.katalon.core.main.TestSuiteExecutor.accessTestCaseMainPhase(TestSuiteExecutor.java:169)
	at com.kms.katalon.core.main.TestSuiteExecutor.accessTestSuiteMainPhase(TestSuiteExecutor.java:142)
	at com.kms.katalon.core.main.TestSuiteExecutor.execute(TestSuiteExecutor.java:91)
	at com.kms.katalon.core.main.TestCaseMain.startTestSuite(TestCaseMain.java:157)
	at com.kms.katalon.core.main.TestCaseMain$startTestSuite$0.call(Unknown Source)
	at TempTestSuite1587645474617.run(TempTestSuite1587645474617.groovy:37)
Caused by: com.kms.katalon.core.exception.StepFailedException: Unable to click on object 'Object Repository/WebOffice_Home_page/popout_Search_Item' (Root cause: com.kms.katalon.core.exception.StepFailedException: Unable to click on object 'Object Repository/WebOffice_Home_page/popout_Search_Item'
	at com.kms.katalon.core.webui.keyword.internal.WebUIKeywordMain.stepFailed(WebUIKeywordMain.groovy:64)
	at com.kms.katalon.core.webui.keyword.internal.WebUIKeywordMain.runKeyword(WebUIKeywordMain.groovy:26)
	at com.kms.katalon.core.webui.keyword.builtin.ClickKeyword.click(ClickKeyword.groovy:76)
	at com.kms.katalon.core.webui.keyword.builtin.ClickKeyword.execute(ClickKeyword.groovy:43)
	at com.kms.katalon.core.keyword.internal.KeywordExecutor.executeKeywordForPlatform(KeywordExecutor.groovy:72)
	at com.kms.katalon.core.webui.keyword.WebUiBuiltInKeywords.click(WebUiBuiltInKeywords.groovy:616)
	at com.kms.katalon.core.webui.keyword.WebUiBuiltInKeywords$click$4.call(Unknown Source)
	at Home_Page_Search.run(Home_Page_Search:62)
	at com.kms.katalon.core.main.ScriptEngine.run(ScriptEngine.java:194)
	at com.kms.katalon.core.main.ScriptEngine.runScriptAsRawText(ScriptEngine.java:119)
	at com.kms.katalon.core.main.TestCaseExecutor.runScript(TestCaseExecutor.java:337)
	at com.kms.katalon.core.main.TestCaseExecutor.doExecute(TestCaseExecutor.java:328)
	at com.kms.katalon.core.main.TestCaseExecutor.processExecutionPhase(TestCaseExecutor.java:307)
	at com.kms.katalon.core.main.TestCaseExecutor.accessMainPhase(TestCaseExecutor.java:299)
	at com.kms.katalon.core.main.TestCaseExecutor.execute(TestCaseExecutor.java:233)
	at com.kms.katalon.core.main.TestCaseMain.runTestCase(TestCaseMain.java:114)
	at com.kms.katalon.core.keyword.builtin.CallTestCaseKeyword$_callTestCase_closure1.doCall(CallTestCaseKeyword.groovy:59)
	at com.kms.katalon.core.keyword.builtin.CallTestCaseKeyword$_callTestCase_closure1.call(CallTestCaseKeyword.groovy)
	at com.kms.katalon.core.keyword.internal.KeywordMain.runKeyword(KeywordMain.groovy:68)
	at com.kms.katalon.core.keyword.builtin.CallTestCaseKeyword.callTestCase(CallTestCaseKeyword.groovy:81)
	at com.kms.katalon.core.keyword.builtin.CallTestCaseKeyword.execute(CallTestCaseKeyword.groovy:44)
	at com.kms.katalon.core.keyword.internal.KeywordExecutor.executeKeywordForPlatform(KeywordExecutor.groovy:72)
	at com.kms.katalon.core.keyword.BuiltinKeywords.callTestCase(BuiltinKeywords.groovy:334)
	at WebOffice_Header_Search.run(WebOffice_Header_Search:60)
	at com.kms.katalon.core.main.ScriptEngine.run(ScriptEngine.java:194)
	at com.kms.katalon.core.main.ScriptEngine.runScriptAsRawText(ScriptEngine.java:119)
	at com.kms.katalon.core.main.TestCaseExecutor.runScript(TestCaseExecutor.java:337)
	at com.kms.katalon.core.main.TestCaseExecutor.doExecute(TestCaseExecutor.java:328)
	at com.kms.katalon.core.main.TestCaseExecutor.processExecutionPhase(TestCaseExecutor.java:307)
	at com.kms.katalon.core.main.TestCaseExecutor.accessMainPhase(TestCaseExecutor.java:299)
	at com.kms.katalon.core.main.TestCaseExecutor.execute(TestCaseExecutor.java:233)
	at com.kms.katalon.core.main.TestSuiteExecutor.accessTestCaseMainPhase(TestSuiteExecutor.java:169)
	at com.kms.katalon.core.main.TestSuiteExecutor.accessTestSuiteMainPhase(TestSuiteExecutor.java:142)
	at com.kms.katalon.core.main.TestSuiteExecutor.execute(TestSuiteExecutor.java:91)
	at com.kms.katalon.core.main.TestCaseMain.startTestSuite(TestCaseMain.java:157)
	at com.kms.katalon.core.main.TestCaseMain$startTestSuite$0.call(Unknown Source)
	at TempTestSuite1587645474617.run(TempTestSuite1587645474617.groovy:37)
Caused by: org.openqa.selenium.ElementNotInteractableException: element not interactable
  (Session info: chrome=81.0.4044.113)
Build info: version: '3.141.59', revision: 'e82be7d358', time: '2018-11-14T08:25:53'
System info: host: 'VETTEDSP36RF', ip: '192.168.1.238', os.name: 'Windows 10', os.arch: 'x86', os.version: '10.0', java.version: '1.8.0_181'
Driver info: com.kms.katalon.selenium.driver.CChromeDriver
Capabilities {acceptInsecureCerts: false, browserName: chrome, browserVersion: 81.0.4044.113, chrome: {chromedriverVersion: 81.0.4044.69 (6813546031a4b..., userDataDir: C:\Users\davidho\AppData\Lo...}, goog:chromeOptions: {debuggerAddress: localhost:58709}, javascriptEnabled: true, networkConnectionEnabled: false, pageLoadStrategy: normal, platform: WINDOWS, platformName: WINDOWS, proxy: Proxy(), setWindowRect: true, strictFileInteractability: false, timeouts: {implicit: 0, pageLoad: 300000, script: 30000}, unhandledPromptBehavior: dismiss and notify, webauthn:virtualAuthenticators: true}
Session ID: 5b1eb8427a7eaec7be04531f48b99857
	at org.openqa.selenium.remote.http.W3CHttpResponseCodec.createException(W3CHttpResponseCodec.java:187)
	at org.openqa.selenium.remote.http.W3CHttpResponseCodec.decode(W3CHttpResponseCodec.java:122)
	at org.openqa.selenium.remote.http.W3CHttpResponseCodec.decode(W3CHttpResponseCodec.java:49)
	at org.openqa.selenium.remote.HttpCommandExecutor.execute(HttpCommandExecutor.java:158)
	at org.openqa.selenium.remote.service.DriverCommandExecutor.execute(DriverCommandExecutor.java:83)
	at org.openqa.selenium.remote.RemoteWebDriver.execute(RemoteWebDriver.java:552)
	at com.kms.katalon.selenium.driver.CChromeDriver.execute(CChromeDriver.java:19)
	at org.openqa.selenium.remote.RemoteWebElement.execute(RemoteWebElement.java:285)
	at org.openqa.selenium.remote.RemoteWebElement.click(RemoteWebElement.java:84)
	at org.openqa.selenium.support.events.EventFiringWebDriver$EventFiringWebElement.lambda$new$0(EventFiringWebDriver.java:404)
	at com.sun.proxy.$Proxy9.click(Unknown Source)
	at org.openqa.selenium.support.events.EventFiringWebDriver$EventFiringWebElement.click(EventFiringWebDriver.java:417)
	at com.kms.katalon.core.webui.keyword.builtin.ClickKeyword$_click_closure1.doCall(ClickKeyword.groovy:69)
	at com.kms.katalon.core.webui.keyword.builtin.ClickKeyword$_click_closure1.call(ClickKeyword.groovy)
	at com.kms.katalon.core.webui.keyword.internal.WebUIKeywordMain.runKeyword(WebUIKeywordMain.groovy:20)
	at com.kms.katalon.core.webui.keyword.builtin.ClickKeyword.click(ClickKeyword.groovy:76)
	at com.kms.katalon.core.webui.keyword.builtin.ClickKeyword.execute(ClickKeyword.groovy:43)
	at com.kms.katalon.core.keyword.internal.KeywordExecutor.executeKeywordForPlatform(KeywordExecutor.groovy:72)
	at com.kms.katalon.core.webui.keyword.WebUiBuiltInKeywords.click(WebUiBuiltInKeywords.groovy:616)
	at com.kms.katalon.core.webui.keyword.WebUiBuiltInKeywords$click$4.call(Unknown Source)
	at Script1573138260893.run(Script1573138260893.groovy:62)
	at com.kms.katalon.core.main.ScriptEngine.run(ScriptEngine.java:194)
	at com.kms.katalon.core.main.ScriptEngine.runScriptAsRawText(ScriptEngine.java:119)
	at com.kms.katalon.core.main.TestCaseExecutor.runScript(TestCaseExecutor.java:337)
	at com.kms.katalon.core.main.TestCaseExecutor.doExecute(TestCaseExecutor.java:328)
	at com.kms.katalon.core.main.TestCaseExecutor.processExecutionPhase(TestCaseExecutor.java:307)
	at com.kms.katalon.core.main.TestCaseExecutor.accessMainPhase(TestCaseExecutor.java:299)
	at com.kms.katalon.core.main.TestCaseExecutor.execute(TestCaseExecutor.java:233)
	at com.kms.katalon.core.main.TestCaseMain.runTestCase(TestCaseMain.java:114)
	at com.kms.katalon.core.keyword.builtin.CallTestCaseKeyword$_callTestCase_closure1.doCall(CallTestCaseKeyword.groovy:59)
	at com.kms.katalon.core.keyword.builtin.CallTestCaseKeyword$_callTestCase_closure1.call(CallTestCaseKeyword.groovy)
	at com.kms.katalon.core.keyword.internal.KeywordMain.runKeyword(KeywordMain.groovy:68)
	at com.kms.katalon.core.keyword.builtin.CallTestCaseKeyword.callTestCase(CallTestCaseKeyword.groovy:81)
	at com.kms.katalon.core.keyword.builtin.CallTestCaseKeyword.execute(CallTestCaseKeyword.groovy:44)
	at com.kms.katalon.core.keyword.internal.KeywordExecutor.executeKeywordForPlatform(KeywordExecutor.groovy:72)
	at com.kms.katalon.core.keyword.BuiltinKeywords.callTestCase(BuiltinKeywords.groovy:334)
	at Script1573048549655.run(Script1573048549655.groovy:60)
	... 13 more
)
	at com.kms.katalon.core.keyword.internal.KeywordMain.stepFailed(KeywordMain.groovy:39)
	at com.kms.katalon.core.webui.keyword.internal.WebUIKeywordMain.stepFailed(WebUIKeywordMain.groovy:64)
	at com.kms.katalon.core.webui.keyword.internal.WebUIKeywordMain.runKeyword(WebUIKeywordMain.groovy:26)
	at com.kms.katalon.core.webui.keyword.builtin.ClickKeyword.click(ClickKeyword.groovy:76)
	at com.kms.katalon.core.webui.keyword.builtin.ClickKeyword.execute(ClickKeyword.groovy:43)
	at com.kms.katalon.core.keyword.internal.KeywordExecutor.executeKeywordForPlatform(KeywordExecutor.groovy:72)
	at com.kms.katalon.core.webui.keyword.WebUiBuiltInKeywords.click(WebUiBuiltInKeywords.groovy:616)
	at com.kms.katalon.core.webui.keyword.WebUiBuiltInKeywords$click$4.call(Unknown Source)
	at Home_Page_Search.run(Home_Page_Search:62)
	at com.kms.katalon.core.main.ScriptEngine.run(ScriptEngine.java:194)
	at com.kms.katalon.core.main.ScriptEngine.runScriptAsRawText(ScriptEngine.java:119)
	at com.kms.katalon.core.main.TestCaseExecutor.runScript(TestCaseExecutor.java:337)
	at com.kms.katalon.core.main.TestCaseExecutor.doExecute(TestCaseExecutor.java:328)
	at com.kms.katalon.core.main.TestCaseExecutor.processExecutionPhase(TestCaseExecutor.java:307)
	at com.kms.katalon.core.main.TestCaseExecutor.accessMainPhase(TestCaseExecutor.java:299)
	at com.kms.katalon.core.main.TestCaseExecutor.execute(TestCaseExecutor.java:233)
	at com.kms.katalon.core.main.TestCaseMain.runTestCase(TestCaseMain.java:114)
	at com.kms.katalon.core.keyword.builtin.CallTestCaseKeyword$_callTestCase_closure1.doCall(CallTestCaseKeyword.groovy:59)
	... 20 more
Caused by: com.kms.katalon.core.exception.StepFailedException: Unable to click on object 'Object Repository/WebOffice_Home_page/popout_Search_Item'
	... 37 more
Caused by: org.openqa.selenium.ElementNotInteractableException: element not interactable
  (Session info: chrome=81.0.4044.113)
Build info: version: '3.141.59', revision: 'e82be7d358', time: '2018-11-14T08:25:53'
System info: host: 'VETTEDSP36RF', ip: '192.168.1.238', os.name: 'Windows 10', os.arch: 'x86', os.version: '10.0', java.version: '1.8.0_181'
Driver info: com.kms.katalon.selenium.driver.CChromeDriver
Capabilities {acceptInsecureCerts: false, browserName: chrome, browserVersion: 81.0.4044.113, chrome: {chromedriverVersion: 81.0.4044.69 (6813546031a4b..., userDataDir: C:\Users\davidho\AppData\Lo...}, goog:chromeOptions: {debuggerAddress: localhost:58709}, javascriptEnabled: true, networkConnectionEnabled: false, pageLoadStrategy: normal, platform: WINDOWS, platformName: WINDOWS, proxy: Proxy(), setWindowRect: true, strictFileInteractability: false, timeouts: {implicit: 0, pageLoad: 300000, script: 30000}, unhandledPromptBehavior: dismiss and notify, webauthn:virtualAuthenticators: true}
Session ID: 5b1eb8427a7eaec7be04531f48b99857
	at org.openqa.selenium.remote.http.W3CHttpResponseCodec.createException(W3CHttpResponseCodec.java:187)
	at org.openqa.selenium.remote.http.W3CHttpResponseCodec.decode(W3CHttpResponseCodec.java:122)
	at org.openqa.selenium.remote.http.W3CHttpResponseCodec.decode(W3CHttpResponseCodec.java:49)
	at org.openqa.selenium.remote.HttpCommandExecutor.execute(HttpCommandExecutor.java:158)
	at org.openqa.selenium.remote.service.DriverCommandExecutor.execute(DriverCommandExecutor.java:83)
	at org.openqa.selenium.remote.RemoteWebDriver.execute(RemoteWebDriver.java:552)
	at com.kms.katalon.selenium.driver.CChromeDriver.execute(CChromeDriver.java:19)
	at org.openqa.selenium.remote.RemoteWebElement.execute(RemoteWebElement.java:285)
	at org.openqa.selenium.remote.RemoteWebElement.click(RemoteWebElement.java:84)
	at org.openqa.selenium.support.events.EventFiringWebDriver$EventFiringWebElement.lambda$new$0(EventFiringWebDriver.java:404)
	at com.sun.proxy.$Proxy9.click(Unknown Source)
	at org.openqa.selenium.support.events.EventFiringWebDriver$EventFiringWebElement.click(EventFiringWebDriver.java:417)
	at com.kms.katalon.core.webui.keyword.builtin.ClickKeyword$_click_closure1.doCall(ClickKeyword.groovy:69)
	at com.kms.katalon.core.webui.keyword.builtin.ClickKeyword$_click_closure1.call(ClickKeyword.groovy)
	at com.kms.katalon.core.webui.keyword.internal.WebUIKeywordMain.runKeyword(WebUIKeywordMain.groovy:20)
	... 35 more]]></system-out>
      <system-err><![CDATA[2020-04-23 13:55:29 - [TEST_SUITE][FAILED] - Web_Office_Searches: Test Cases/Web_Office/WebOffice_Header_Search FAILED.
Reason:
com.kms.katalon.core.exception.StepFailedException: Call Test Case 'Test Cases/Reusable_Test_Sequences/Web_Office/Home_Page_Search' failed
	at com.kms.katalon.core.keyword.builtin.CallTestCaseKeyword$_callTestCase_closure1.doCall(CallTestCaseKeyword.groovy:63)
	at com.kms.katalon.core.keyword.builtin.CallTestCaseKeyword$_callTestCase_closure1.call(CallTestCaseKeyword.groovy)
	at com.kms.katalon.core.keyword.internal.KeywordMain.runKeyword(KeywordMain.groovy:68)
	at com.kms.katalon.core.keyword.builtin.CallTestCaseKeyword.callTestCase(CallTestCaseKeyword.groovy:81)
	at com.kms.katalon.core.keyword.builtin.CallTestCaseKeyword.execute(CallTestCaseKeyword.groovy:44)
	at com.kms.katalon.core.keyword.internal.KeywordExecutor.executeKeywordForPlatform(KeywordExecutor.groovy:72)
	at com.kms.katalon.core.keyword.BuiltinKeywords.callTestCase(BuiltinKeywords.groovy:334)
	at WebOffice_Header_Search.run(WebOffice_Header_Search:60)
	at com.kms.katalon.core.main.ScriptEngine.run(ScriptEngine.java:194)
	at com.kms.katalon.core.main.ScriptEngine.runScriptAsRawText(ScriptEngine.java:119)
	at com.kms.katalon.core.main.TestCaseExecutor.runScript(TestCaseExecutor.java:337)
	at com.kms.katalon.core.main.TestCaseExecutor.doExecute(TestCaseExecutor.java:328)
	at com.kms.katalon.core.main.TestCaseExecutor.processExecutionPhase(TestCaseExecutor.java:307)
	at com.kms.katalon.core.main.TestCaseExecutor.accessMainPhase(TestCaseExecutor.java:299)
	at com.kms.katalon.core.main.TestCaseExecutor.execute(TestCaseExecutor.java:233)
	at com.kms.katalon.core.main.TestSuiteExecutor.accessTestCaseMainPhase(TestSuiteExecutor.java:169)
	at com.kms.katalon.core.main.TestSuiteExecutor.accessTestSuiteMainPhase(TestSuiteExecutor.java:142)
	at com.kms.katalon.core.main.TestSuiteExecutor.execute(TestSuiteExecutor.java:91)
	at com.kms.katalon.core.main.TestCaseMain.startTestSuite(TestCaseMain.java:157)
	at com.kms.katalon.core.main.TestCaseMain$startTestSuite$0.call(Unknown Source)
	at TempTestSuite1587645474617.run(TempTestSuite1587645474617.groovy:37)
Caused by: com.kms.katalon.core.exception.StepFailedException: Unable to click on object 'Object Repository/WebOffice_Home_page/popout_Search_Item' (Root cause: com.kms.katalon.core.exception.StepFailedException: Unable to click on object 'Object Repository/WebOffice_Home_page/popout_Search_Item'
	at com.kms.katalon.core.webui.keyword.internal.WebUIKeywordMain.stepFailed(WebUIKeywordMain.groovy:64)
	at com.kms.katalon.core.webui.keyword.internal.WebUIKeywordMain.runKeyword(WebUIKeywordMain.groovy:26)
	at com.kms.katalon.core.webui.keyword.builtin.ClickKeyword.click(ClickKeyword.groovy:76)
	at com.kms.katalon.core.webui.keyword.builtin.ClickKeyword.execute(ClickKeyword.groovy:43)
	at com.kms.katalon.core.keyword.internal.KeywordExecutor.executeKeywordForPlatform(KeywordExecutor.groovy:72)
	at com.kms.katalon.core.webui.keyword.WebUiBuiltInKeywords.click(WebUiBuiltInKeywords.groovy:616)
	at com.kms.katalon.core.webui.keyword.WebUiBuiltInKeywords$click$4.call(Unknown Source)
	at Home_Page_Search.run(Home_Page_Search:62)
	at com.kms.katalon.core.main.ScriptEngine.run(ScriptEngine.java:194)
	at com.kms.katalon.core.main.ScriptEngine.runScriptAsRawText(ScriptEngine.java:119)
	at com.kms.katalon.core.main.TestCaseExecutor.runScript(TestCaseExecutor.java:337)
	at com.kms.katalon.core.main.TestCaseExecutor.doExecute(TestCaseExecutor.java:328)
	at com.kms.katalon.core.main.TestCaseExecutor.processExecutionPhase(TestCaseExecutor.java:307)
	at com.kms.katalon.core.main.TestCaseExecutor.accessMainPhase(TestCaseExecutor.java:299)
	at com.kms.katalon.core.main.TestCaseExecutor.execute(TestCaseExecutor.java:233)
	at com.kms.katalon.core.main.TestCaseMain.runTestCase(TestCaseMain.java:114)
	at com.kms.katalon.core.keyword.builtin.CallTestCaseKeyword$_callTestCase_closure1.doCall(CallTestCaseKeyword.groovy:59)
	at com.kms.katalon.core.keyword.builtin.CallTestCaseKeyword$_callTestCase_closure1.call(CallTestCaseKeyword.groovy)
	at com.kms.katalon.core.keyword.internal.KeywordMain.runKeyword(KeywordMain.groovy:68)
	at com.kms.katalon.core.keyword.builtin.CallTestCaseKeyword.callTestCase(CallTestCaseKeyword.groovy:81)
	at com.kms.katalon.core.keyword.builtin.CallTestCaseKeyword.execute(CallTestCaseKeyword.groovy:44)
	at com.kms.katalon.core.keyword.internal.KeywordExecutor.executeKeywordForPlatform(KeywordExecutor.groovy:72)
	at com.kms.katalon.core.keyword.BuiltinKeywords.callTestCase(BuiltinKeywords.groovy:334)
	at WebOffice_Header_Search.run(WebOffice_Header_Search:60)
	at com.kms.katalon.core.main.ScriptEngine.run(ScriptEngine.java:194)
	at com.kms.katalon.core.main.ScriptEngine.runScriptAsRawText(ScriptEngine.java:119)
	at com.kms.katalon.core.main.TestCaseExecutor.runScript(TestCaseExecutor.java:337)
	at com.kms.katalon.core.main.TestCaseExecutor.doExecute(TestCaseExecutor.java:328)
	at com.kms.katalon.core.main.TestCaseExecutor.processExecutionPhase(TestCaseExecutor.java:307)
	at com.kms.katalon.core.main.TestCaseExecutor.accessMainPhase(TestCaseExecutor.java:299)
	at com.kms.katalon.core.main.TestCaseExecutor.execute(TestCaseExecutor.java:233)
	at com.kms.katalon.core.main.TestSuiteExecutor.accessTestCaseMainPhase(TestSuiteExecutor.java:169)
	at com.kms.katalon.core.main.TestSuiteExecutor.accessTestSuiteMainPhase(TestSuiteExecutor.java:142)
	at com.kms.katalon.core.main.TestSuiteExecutor.execute(TestSuiteExecutor.java:91)
	at com.kms.katalon.core.main.TestCaseMain.startTestSuite(TestCaseMain.java:157)
	at com.kms.katalon.core.main.TestCaseMain$startTestSuite$0.call(Unknown Source)
	at TempTestSuite1587645474617.run(TempTestSuite1587645474617.groovy:37)
Caused by: org.openqa.selenium.ElementNotInteractableException: element not interactable
  (Session info: chrome=81.0.4044.113)
Build info: version: '3.141.59', revision: 'e82be7d358', time: '2018-11-14T08:25:53'
System info: host: 'VETTEDSP36RF', ip: '192.168.1.238', os.name: 'Windows 10', os.arch: 'x86', os.version: '10.0', java.version: '1.8.0_181'
Driver info: com.kms.katalon.selenium.driver.CChromeDriver
Capabilities {acceptInsecureCerts: false, browserName: chrome, browserVersion: 81.0.4044.113, chrome: {chromedriverVersion: 81.0.4044.69 (6813546031a4b..., userDataDir: C:\Users\davidho\AppData\Lo...}, goog:chromeOptions: {debuggerAddress: localhost:58709}, javascriptEnabled: true, networkConnectionEnabled: false, pageLoadStrategy: normal, platform: WINDOWS, platformName: WINDOWS, proxy: Proxy(), setWindowRect: true, strictFileInteractability: false, timeouts: {implicit: 0, pageLoad: 300000, script: 30000}, unhandledPromptBehavior: dismiss and notify, webauthn:virtualAuthenticators: true}
Session ID: 5b1eb8427a7eaec7be04531f48b99857
	at org.openqa.selenium.remote.http.W3CHttpResponseCodec.createException(W3CHttpResponseCodec.java:187)
	at org.openqa.selenium.remote.http.W3CHttpResponseCodec.decode(W3CHttpResponseCodec.java:122)
	at org.openqa.selenium.remote.http.W3CHttpResponseCodec.decode(W3CHttpResponseCodec.java:49)
	at org.openqa.selenium.remote.HttpCommandExecutor.execute(HttpCommandExecutor.java:158)
	at org.openqa.selenium.remote.service.DriverCommandExecutor.execute(DriverCommandExecutor.java:83)
	at org.openqa.selenium.remote.RemoteWebDriver.execute(RemoteWebDriver.java:552)
	at com.kms.katalon.selenium.driver.CChromeDriver.execute(CChromeDriver.java:19)
	at org.openqa.selenium.remote.RemoteWebElement.execute(RemoteWebElement.java:285)
	at org.openqa.selenium.remote.RemoteWebElement.click(RemoteWebElement.java:84)
	at org.openqa.selenium.support.events.EventFiringWebDriver$EventFiringWebElement.lambda$new$0(EventFiringWebDriver.java:404)
	at com.sun.proxy.$Proxy9.click(Unknown Source)
	at org.openqa.selenium.support.events.EventFiringWebDriver$EventFiringWebElement.click(EventFiringWebDriver.java:417)
	at com.kms.katalon.core.webui.keyword.builtin.ClickKeyword$_click_closure1.doCall(ClickKeyword.groovy:69)
	at com.kms.katalon.core.webui.keyword.builtin.ClickKeyword$_click_closure1.call(ClickKeyword.groovy)
	at com.kms.katalon.core.webui.keyword.internal.WebUIKeywordMain.runKeyword(WebUIKeywordMain.groovy:20)
	at com.kms.katalon.core.webui.keyword.builtin.ClickKeyword.click(ClickKeyword.groovy:76)
	at com.kms.katalon.core.webui.keyword.builtin.ClickKeyword.execute(ClickKeyword.groovy:43)
	at com.kms.katalon.core.keyword.internal.KeywordExecutor.executeKeywordForPlatform(KeywordExecutor.groovy:72)
	at com.kms.katalon.core.webui.keyword.WebUiBuiltInKeywords.click(WebUiBuiltInKeywords.groovy:616)
	at com.kms.katalon.core.webui.keyword.WebUiBuiltInKeywords$click$4.call(Unknown Source)
	at Script1573138260893.run(Script1573138260893.groovy:62)
	at com.kms.katalon.core.main.ScriptEngine.run(ScriptEngine.java:194)
	at com.kms.katalon.core.main.ScriptEngine.runScriptAsRawText(ScriptEngine.java:119)
	at com.kms.katalon.core.main.TestCaseExecutor.runScript(TestCaseExecutor.java:337)
	at com.kms.katalon.core.main.TestCaseExecutor.doExecute(TestCaseExecutor.java:328)
	at com.kms.katalon.core.main.TestCaseExecutor.processExecutionPhase(TestCaseExecutor.java:307)
	at com.kms.katalon.core.main.TestCaseExecutor.accessMainPhase(TestCaseExecutor.java:299)
	at com.kms.katalon.core.main.TestCaseExecutor.execute(TestCaseExecutor.java:233)
	at com.kms.katalon.core.main.TestCaseMain.runTestCase(TestCaseMain.java:114)
	at com.kms.katalon.core.keyword.builtin.CallTestCaseKeyword$_callTestCase_closure1.doCall(CallTestCaseKeyword.groovy:59)
	at com.kms.katalon.core.keyword.builtin.CallTestCaseKeyword$_callTestCase_closure1.call(CallTestCaseKeyword.groovy)
	at com.kms.katalon.core.keyword.internal.KeywordMain.runKeyword(KeywordMain.groovy:68)
	at com.kms.katalon.core.keyword.builtin.CallTestCaseKeyword.callTestCase(CallTestCaseKeyword.groovy:81)
	at com.kms.katalon.core.keyword.builtin.CallTestCaseKeyword.execute(CallTestCaseKeyword.groovy:44)
	at com.kms.katalon.core.keyword.internal.KeywordExecutor.executeKeywordForPlatform(KeywordExecutor.groovy:72)
	at com.kms.katalon.core.keyword.BuiltinKeywords.callTestCase(BuiltinKeywords.groovy:334)
	at Script1573048549655.run(Script1573048549655.groovy:60)
	... 13 more
)
	at com.kms.katalon.core.keyword.internal.KeywordMain.stepFailed(KeywordMain.groovy:39)
	at com.kms.katalon.core.webui.keyword.internal.WebUIKeywordMain.stepFailed(WebUIKeywordMain.groovy:64)
	at com.kms.katalon.core.webui.keyword.internal.WebUIKeywordMain.runKeyword(WebUIKeywordMain.groovy:26)
	at com.kms.katalon.core.webui.keyword.builtin.ClickKeyword.click(ClickKeyword.groovy:76)
	at com.kms.katalon.core.webui.keyword.builtin.ClickKeyword.execute(ClickKeyword.groovy:43)
	at com.kms.katalon.core.keyword.internal.KeywordExecutor.executeKeywordForPlatform(KeywordExecutor.groovy:72)
	at com.kms.katalon.core.webui.keyword.WebUiBuiltInKeywords.click(WebUiBuiltInKeywords.groovy:616)
	at com.kms.katalon.core.webui.keyword.WebUiBuiltInKeywords$click$4.call(Unknown Source)
	at Home_Page_Search.run(Home_Page_Search:62)
	at com.kms.katalon.core.main.ScriptEngine.run(ScriptEngine.java:194)
	at com.kms.katalon.core.main.ScriptEngine.runScriptAsRawText(ScriptEngine.java:119)
	at com.kms.katalon.core.main.TestCaseExecutor.runScript(TestCaseExecutor.java:337)
	at com.kms.katalon.core.main.TestCaseExecutor.doExecute(TestCaseExecutor.java:328)
	at com.kms.katalon.core.main.TestCaseExecutor.processExecutionPhase(TestCaseExecutor.java:307)
	at com.kms.katalon.core.main.TestCaseExecutor.accessMainPhase(TestCaseExecutor.java:299)
	at com.kms.katalon.core.main.TestCaseExecutor.execute(TestCaseExecutor.java:233)
	at com.kms.katalon.core.main.TestCaseMain.runTestCase(TestCaseMain.java:114)
	at com.kms.katalon.core.keyword.builtin.CallTestCaseKeyword$_callTestCase_closure1.doCall(CallTestCaseKeyword.groovy:59)
	... 20 more
Caused by: com.kms.katalon.core.exception.StepFailedException: Unable to click on object 'Object Repository/WebOffice_Home_page/popout_Search_Item'
	... 37 more
Caused by: org.openqa.selenium.ElementNotInteractableException: element not interactable
  (Session info: chrome=81.0.4044.113)
Build info: version: '3.141.59', revision: 'e82be7d358', time: '2018-11-14T08:25:53'
System info: host: 'VETTEDSP36RF', ip: '192.168.1.238', os.name: 'Windows 10', os.arch: 'x86', os.version: '10.0', java.version: '1.8.0_181'
Driver info: com.kms.katalon.selenium.driver.CChromeDriver
Capabilities {acceptInsecureCerts: false, browserName: chrome, browserVersion: 81.0.4044.113, chrome: {chromedriverVersion: 81.0.4044.69 (6813546031a4b..., userDataDir: C:\Users\davidho\AppData\Lo...}, goog:chromeOptions: {debuggerAddress: localhost:58709}, javascriptEnabled: true, networkConnectionEnabled: false, pageLoadStrategy: normal, platform: WINDOWS, platformName: WINDOWS, proxy: Proxy(), setWindowRect: true, strictFileInteractability: false, timeouts: {implicit: 0, pageLoad: 300000, script: 30000}, unhandledPromptBehavior: dismiss and notify, webauthn:virtualAuthenticators: true}
Session ID: 5b1eb8427a7eaec7be04531f48b99857
	at org.openqa.selenium.remote.http.W3CHttpResponseCodec.createException(W3CHttpResponseCodec.java:187)
	at org.openqa.selenium.remote.http.W3CHttpResponseCodec.decode(W3CHttpResponseCodec.java:122)
	at org.openqa.selenium.remote.http.W3CHttpResponseCodec.decode(W3CHttpResponseCodec.java:49)
	at org.openqa.selenium.remote.HttpCommandExecutor.execute(HttpCommandExecutor.java:158)
	at org.openqa.selenium.remote.service.DriverCommandExecutor.execute(DriverCommandExecutor.java:83)
	at org.openqa.selenium.remote.RemoteWebDriver.execute(RemoteWebDriver.java:552)
	at com.kms.katalon.selenium.driver.CChromeDriver.execute(CChromeDriver.java:19)
	at org.openqa.selenium.remote.RemoteWebElement.execute(RemoteWebElement.java:285)
	at org.openqa.selenium.remote.RemoteWebElement.click(RemoteWebElement.java:84)
	at org.openqa.selenium.support.events.EventFiringWebDriver$EventFiringWebElement.lambda$new$0(EventFiringWebDriver.java:404)
	at com.sun.proxy.$Proxy9.click(Unknown Source)
	at org.openqa.selenium.support.events.EventFiringWebDriver$EventFiringWebElement.click(EventFiringWebDriver.java:417)
	at com.kms.katalon.core.webui.keyword.builtin.ClickKeyword$_click_closure1.doCall(ClickKeyword.groovy:69)
	at com.kms.katalon.core.webui.keyword.builtin.ClickKeyword$_click_closure1.call(ClickKeyword.groovy)
	at com.kms.katalon.core.webui.keyword.internal.WebUIKeywordMain.runKeyword(WebUIKeywordMain.groovy:20)
	... 35 more]]></system-err>
   </testsuite>
</testsuites>
