<?xml version="1.0" encoding="UTF-8"?>
<testsuites name="Trade_Location_Multiple_Search" time="542.032" tests="2" failures="0" errors="0">
   <testsuite name="Trade_Location_Multiple_Search" tests="2" failures="0" errors="0" time="542.032" timestamp="2020-04-20 15:14:53" hostname="DavidHo - 192.168.1.238" id="Test Suites/Trade_Location_Multiple_Search">
      <properties>
         <property name="deviceName" value=""/>
         <property name="devicePlatform" value=""/>
         <property name="logFolder" value="C:\\Users\\davidho\\git\\src\\Reports\\20200420_150151\\Trade_Location_Multiple_Search\\20200420_150157"/>
         <property name="logFiles" value="C:\\Users\\davidho\\git\\src\\Reports\\20200420_150151\\Trade_Location_Multiple_Search\\20200420_150157\\execution0.log"/>
         <property name="attachments" value="C:\\Users\\davidho\\git\\src\\Reports\\20200420_150151\\Trade_Location_Multiple_Search\\20200420_150157\\1587392222834.png"/>
         <property name="hostName" value="DavidHo - 192.168.1.238"/>
         <property name="os" value="Windows 10 32bit"/>
         <property name="katalonVersion" value="7.3.1.1"/>
         <property name="browser" value="Firefox 74.0"/>
         <property name="hostAddress" value="192.168.1.238"/>
         <property name="sessionId" value="efd55e2e-20b4-4b8b-bc6b-a54d4a2c8001"/>
         <property name="seleniumVersion" value="3.141.59"/>
         <property name="proxyInformation" value="ProxyInformation{proxyOption=NO_PROXY, proxyServerType=HTTP, password=, proxyServerAddress=, proxyServerPort=0, executionList=}"/>
         <property name="platform" value="Windows 10"/>
      </properties>
      <testcase name="Test Cases/Checkatrade_Tradesman_Searches/Trade_Location_Search" time="286.148" classname="Test Cases/Checkatrade_Tradesman_Searches/Trade_Location_Search" status="PASSED">
         <system-out><![CDATA[2020-04-20 15:14:53 - [TEST_CASE][PASSED] - Test Cases/Checkatrade_Tradesman_Searches/Trade_Location_Search: Test Cases/Checkatrade_Tradesman_Searches/Trade_Location_Search

2020-04-20 15:14:54 - [TEST_STEP][PASSED] - for ([row = 1, row <= findTestData("searchTestData").getRowNumbers(), (internal.GlobalVariable.row++)]): Call Test Case 'Test Cases/Reusable_Test_Sequences/CAT_Teardown' successfully

2020-04-20 15:14:56 - [TEST_STEP][PASSED] - callTestCase(findTestCase("Reusable_Test_Sequences/CAT_Setup"), [:], OPTIONAL): Call Test Case 'Test Cases/Reusable_Test_Sequences/CAT_Setup' successfully

2020-04-20 15:14:56 - [TEST_CASE][PASSED] - Test Cases/Reusable_Test_Sequences/CAT_Setup: Test Cases/Reusable_Test_Sequences/CAT_Setup

2020-04-20 15:14:56 - [TEST_STEP][PASSED] - "------------------------------": null

2020-04-20 15:14:56 - [TEST_STEP][PASSED] - " Set Mobile Device Testing    |": null

2020-04-20 15:14:56 - [TEST_STEP][PASSED] - if (Mobile_Flag == "true"): null

2020-04-20 15:14:56 - [TEST_STEP][PASSED] - "------------------------------": null

2020-04-20 15:14:56 - [TEST_STEP][PASSED] - " Set Mobile Device Testing    |": null

2020-04-20 15:14:56 - [TEST_STEP][PASSED] - "------------------------------": null

2020-04-20 15:14:56 - [TEST_STEP][PASSED] - "URL - Set from the ENVIRONMENT PROFILE ": null

2020-04-20 15:14:56 - [TEST_STEP][PASSED] - openBrowser(URL): Browser is opened with url: 'https://www.preview.checkatrade.com/'

2020-04-20 15:14:57 - [MESSAGE][INFO] - Starting 'Firefox' driver

2020-04-20 15:14:57 - [MESSAGE][INFO] - Action delay is set to 0 milliseconds

2020-04-20 15:15:11 - [MESSAGE][PASSED] - Browser is opened with url: 'https://www.preview.checkatrade.com/'

2020-04-20 15:15:11 - [TEST_STEP][PASSED] - maximizeWindow(): Current window maximized

2020-04-20 15:15:11 - [MESSAGE][PASSED] - Current window maximized

2020-04-20 15:15:11 - [TEST_STEP][PASSED] - waitForPageLoad(60): Wait for page load successfully

2020-04-20 15:15:12 - [MESSAGE][PASSED] - Wait for page load successfully

2020-04-20 15:15:12 - [TEST_STEP][PASSED] - "Previous Functionalilty Left Commented For Ease Of reversion": null

2020-04-20 15:15:12 - [TEST_STEP][PASSED] - " Katalon Try/Catches currently have issues? SEE HEADER": null

2020-04-20 15:15:12 - [TEST_STEP][PASSED] - try: Text 'Cookie Policy' is not present on page

2020-04-20 15:15:12 - [TEST_STEP][PASSED] - verifyElementPresent(findTestObject("Object Repository/Cookies/Page_Checkatrade Find a tradesperson you can trust/button_Accept All"), 5, OPTIONAL): Object 'Object Repository/Cookies/Page_Checkatrade Find a tradesperson you can trust/button_Accept All' is present

2020-04-20 15:15:12 - [MESSAGE][PASSED] - Object 'Object Repository/Cookies/Page_Checkatrade Find a tradesperson you can trust/button_Accept All' is present

2020-04-20 15:15:12 - [TEST_STEP][PASSED] - click(findTestObject("Object Repository/Cookies/Page_Checkatrade Find a tradesperson you can trust/button_Accept All"), OPTIONAL): Object: 'Object Repository/Cookies/Page_Checkatrade Find a tradesperson you can trust/button_Accept All' is clicked on

2020-04-20 15:15:13 - [MESSAGE][PASSED] - Object: 'Object Repository/Cookies/Page_Checkatrade Find a tradesperson you can trust/button_Accept All' is clicked on

2020-04-20 15:15:13 - [TEST_STEP][PASSED] - "---------------------------------": null

2020-04-20 15:15:13 - [TEST_STEP][PASSED] - "COOKIE POPOUT REMOVED - Confirmed": null

2020-04-20 15:15:13 - [TEST_STEP][PASSED] - delay(1): Delayed 1 second(s)

2020-04-20 15:15:14 - [MESSAGE][PASSED] - Delayed 1 second(s)

2020-04-20 15:15:14 - [TEST_STEP][PASSED] - verifyTextNotPresent("We use cookies to personalise content and ads, to provide social media features and to analyse our traffic", false): Text 'We use cookies to personalise content and ads, to provide social media features and to analyse our traffic' is not present on page

2020-04-20 15:15:15 - [MESSAGE][PASSED] - Text 'We use cookies to personalise content and ads, to provide social media features and to analyse our traffic' is not present on page

2020-04-20 15:15:15 - [TEST_STEP][PASSED] - verifyTextNotPresent(" We also share information about your use of our site with our social media, advertising and analytics partners", false): Text ' We also share information about your use of our site with our social media, advertising and analytics partners' is not present on page

2020-04-20 15:15:15 - [MESSAGE][PASSED] - Text ' We also share information about your use of our site with our social media, advertising and analytics partners' is not present on page

2020-04-20 15:15:15 - [TEST_STEP][PASSED] - verifyTextNotPresent("Cookie Policy", false): Text 'Cookie Policy' is not present on page

2020-04-20 15:15:16 - [MESSAGE][PASSED] - Text 'Cookie Policy' is not present on page

2020-04-20 15:15:16 - [TEST_STEP][PASSED] - waitForPageLoad(60): Wait for page load successfully

2020-04-20 15:15:16 - [MESSAGE][PASSED] - Wait for page load successfully

2020-04-20 15:15:16 - [TEST_STEP][PASSED] - "COOKIE - ORIGINAL": null

2020-04-20 15:15:16 - [TEST_STEP][PASSED] - if (waitForElementVisible(findTestObject("Object Repository/Feedback/Page_Checkatrade Give your feedback/input_Member_to_Review"), 5)): Web element with id: 'Object Repository/Feedback/Page_Checkatrade Give your feedback/input_Member_to_Review' located by 'By.xpath: //input[@id='feedback-form__company_autocomplete_input']' not found

2020-04-20 15:15:21 - [MESSAGE][INFO] - Unable to find the element located by 'By.xpath: //input[@id='feedback-form__company_autocomplete_input']'. Please recheck the objects properties to make sure the desired element is located. 

2020-04-20 15:15:21 - [MESSAGE][WARNING] - Web element with id: 'Object Repository/Feedback/Page_Checkatrade Give your feedback/input_Member_to_Review' located by 'By.xpath: //input[@id='feedback-form__company_autocomplete_input']' not found

2020-04-20 15:15:21 - [TEST_STEP][PASSED] - else: The <<<OLD>>> Website was detected by the STARTUP Process

2020-04-20 15:15:21 - [TEST_STEP][PASSED] - if (!(verifyElementVisible(findTestObject("Object Repository/Checkatrade_Trade_Search_Page/Page_Checkatrade Find a tradesperson you can trust/input_Search_Button_FF")))): Object 'Object Repository/Checkatrade_Trade_Search_Page/Page_Checkatrade Find a tradesperson you can trust/input_Search_Button_FF' is visible

2020-04-20 15:15:21 - [MESSAGE][PASSED] - Object 'Object Repository/Checkatrade_Trade_Search_Page/Page_Checkatrade Find a tradesperson you can trust/input_Search_Button_FF' is visible

2020-04-20 15:15:21 - [TEST_STEP][PASSED] - else: The <<<OLD>>> Website was detected by the STARTUP Process

2020-04-20 15:15:21 - [TEST_STEP][PASSED] - Website_Version = "old": null

2020-04-20 15:15:21 - [TEST_STEP][PASSED] - logInfo("The <<<OLD>>> Website was detected by the STARTUP Process"): The <<<OLD>>> Website was detected by the STARTUP Process

2020-04-20 15:15:21 - [MESSAGE][INFO] - The <<<OLD>>> Website was detected by the STARTUP Process

2020-04-20 15:15:22 - [MESSAGE][PASSED] - Call Test Case 'Test Cases/Reusable_Test_Sequences/CAT_Setup' successfully

2020-04-20 15:15:22 - [TEST_STEP][PASSED] - callTestCase(findTestCase("Reusable_Test_Sequences/CAT_Home"), [:], CONTINUE_ON_FAILURE): Call Test Case 'Test Cases/Reusable_Test_Sequences/CAT_Home' successfully

2020-04-20 15:15:22 - [TEST_CASE][PASSED] - Test Cases/Reusable_Test_Sequences/CAT_Home: Test Cases/Reusable_Test_Sequences/CAT_Home

2020-04-20 15:15:22 - [TEST_STEP][PASSED] - waitForPageLoad(60): Wait for page load successfully

2020-04-20 15:15:22 - [MESSAGE][PASSED] - Wait for page load successfully

2020-04-20 15:15:22 - [TEST_STEP][PASSED] - delay(2): Delayed 2 second(s)

2020-04-20 15:15:24 - [MESSAGE][PASSED] - Delayed 2 second(s)

2020-04-20 15:15:24 - [TEST_STEP][PASSED] - "------------------------------------": null

2020-04-20 15:15:24 - [TEST_STEP][PASSED] - if (Website_Version == "new"): null

2020-04-20 15:15:24 - [TEST_STEP][PASSED] - else: Text 'Over a million visits to Checkatrade each month' is present on page 

2020-04-20 15:15:24 - [TEST_STEP][PASSED] - verifyTextPresent("Helping you find the right trade or service", false): Text 'Helping you find the right trade or service' is present on page 

2020-04-20 15:15:25 - [MESSAGE][PASSED] - Text 'Helping you find the right trade or service' is present on page 

2020-04-20 15:15:25 - [TEST_STEP][PASSED] - verifyTextPresent("Search through over", false): Text 'Search through over' is present on page 

2020-04-20 15:15:26 - [MESSAGE][PASSED] - Text 'Search through over' is present on page 

2020-04-20 15:15:26 - [TEST_STEP][PASSED] - verifyTextPresent("recommended, vetted and monitored trades and service providers for free.", false): Text 'recommended, vetted and monitored trades and service providers for free.' is present on page 

2020-04-20 15:15:26 - [MESSAGE][PASSED] - Text 'recommended, vetted and monitored trades and service providers for free.' is present on page 

2020-04-20 15:15:26 - [TEST_STEP][PASSED] - verifyTextPresent("reviews published so far – thank you!", false): Text 'reviews published so far – thank you!' is present on page 

2020-04-20 15:15:27 - [MESSAGE][PASSED] - Text 'reviews published so far – thank you!' is present on page 

2020-04-20 15:15:27 - [TEST_STEP][PASSED] - verifyTextPresent("I need a trade or service", false): Text 'I need a trade or service' is present on page 

2020-04-20 15:15:27 - [MESSAGE][PASSED] - Text 'I need a trade or service' is present on page 

2020-04-20 15:15:27 - [TEST_STEP][PASSED] - verifyTextPresent("Every trader thoroughly checked and vetted", false): Text 'Every trader thoroughly checked and vetted' is present on page 

2020-04-20 15:15:28 - [MESSAGE][PASSED] - Text 'Every trader thoroughly checked and vetted' is present on page 

2020-04-20 15:15:28 - [TEST_STEP][PASSED] - "------------------------------------": null

2020-04-20 15:15:28 - [TEST_STEP][PASSED] - verifyTextPresent("reviews published so far – thank you!", false): Text 'reviews published so far – thank you!' is present on page 

2020-04-20 15:15:28 - [MESSAGE][PASSED] - Text 'reviews published so far – thank you!' is present on page 

2020-04-20 15:15:28 - [TEST_STEP][PASSED] - verifyTextPresent("Find out more", false): Text 'Find out more' is present on page 

2020-04-20 15:15:29 - [MESSAGE][PASSED] - Text 'Find out more' is present on page 

2020-04-20 15:15:29 - [TEST_STEP][PASSED] - verifyTextPresent("I am a tradesman", false): Text 'I am a tradesman' is present on page 

2020-04-20 15:15:29 - [MESSAGE][PASSED] - Text 'I am a tradesman' is present on page 

2020-04-20 15:15:29 - [TEST_STEP][PASSED] - verifyTextPresent("Find out more", false): Text 'Find out more' is present on page 

2020-04-20 15:15:30 - [MESSAGE][PASSED] - Text 'Find out more' is present on page 

2020-04-20 15:15:30 - [TEST_STEP][PASSED] - verifyTextPresent("Over a million visits to Checkatrade each month", false): Text 'Over a million visits to Checkatrade each month' is present on page 

2020-04-20 15:15:30 - [MESSAGE][PASSED] - Text 'Over a million visits to Checkatrade each month' is present on page 

2020-04-20 15:15:30 - [MESSAGE][PASSED] - Call Test Case 'Test Cases/Reusable_Test_Sequences/CAT_Home' successfully

2020-04-20 15:15:30 - [TEST_STEP][PASSED] - "---------------------------------------": null

2020-04-20 15:15:30 - [TEST_STEP][PASSED] - " Set and SEARCH TRADE CLASSIFICATION   |": null

2020-04-20 15:15:30 - [TEST_STEP][PASSED] - callTestCase(findTestCase("Reusable_Test_Sequences/CAT_Enter_Trade_Classification"), [:], CONTINUE_ON_FAILURE): Call Test Case 'Test Cases/Reusable_Test_Sequences/CAT_Enter_Trade_Classification' successfully

2020-04-20 15:15:30 - [TEST_CASE][PASSED] - Test Cases/Reusable_Test_Sequences/CAT_Enter_Trade_Classification: Test Cases/Reusable_Test_Sequences/CAT_Enter_Trade_Classification

2020-04-20 15:15:31 - [TEST_STEP][PASSED] - "---------------------------------": null

2020-04-20 15:15:31 - [TEST_STEP][PASSED] - "Set and SEARCH SELECTED TRADE": null

2020-04-20 15:15:31 - [TEST_STEP][PASSED] - if (Website_Version == "new"): null

2020-04-20 15:15:31 - [TEST_STEP][PASSED] - else: Object: 'Object Repository/Checkatrade_Trade_Search_Page/Page_Checkatrade Find a tradesperson you can trust/input_Search_Button_FF' is clicked on

2020-04-20 15:15:31 - [TEST_STEP][PASSED] - waitForElementPresent(findTestObject("Object Repository/Checkatrade_Trade_Search_Page/Page_Checkatrade Find a tradesperson you can trust/input_Search_Button_FF"), 60): Object 'Object Repository/Checkatrade_Trade_Search_Page/Page_Checkatrade Find a tradesperson you can trust/input_Search_Button_FF' is present

2020-04-20 15:15:31 - [MESSAGE][PASSED] - Object 'Object Repository/Checkatrade_Trade_Search_Page/Page_Checkatrade Find a tradesperson you can trust/input_Search_Button_FF' is present

2020-04-20 15:15:31 - [TEST_STEP][PASSED] - click(findTestObject("Object Repository/Checkatrade_Trade_Search_Page/Page_Checkatrade Find a tradesperson you can trust/input_Search_Button_FF")): Object: 'Object Repository/Checkatrade_Trade_Search_Page/Page_Checkatrade Find a tradesperson you can trust/input_Search_Button_FF' is clicked on

2020-04-20 15:15:31 - [MESSAGE][PASSED] - Object: 'Object Repository/Checkatrade_Trade_Search_Page/Page_Checkatrade Find a tradesperson you can trust/input_Search_Button_FF' is clicked on

2020-04-20 15:15:31 - [TEST_STEP][PASSED] - setText(findTestObject("Object Repository/Checkatrade_Trade_Search_Page/Page_Checkatrade Find a tradesperson you can trust/input_Search_Button_FF"), findTestData("searchTestData").getValue("tradeClassification", row)): Text 'Tree Surgeon' is set on object 'Object Repository/Checkatrade_Trade_Search_Page/Page_Checkatrade Find a tradesperson you can trust/input_Search_Button_FF'

2020-04-20 15:15:32 - [MESSAGE][PASSED] - Text 'Tree Surgeon' is set on object 'Object Repository/Checkatrade_Trade_Search_Page/Page_Checkatrade Find a tradesperson you can trust/input_Search_Button_FF'

2020-04-20 15:15:32 - [TEST_STEP][PASSED] - click(findTestObject("Object Repository/Checkatrade_Trade_Search_Page/Page_Checkatrade Find a tradesperson you can trust/input_Search_Button_FF")): Object: 'Object Repository/Checkatrade_Trade_Search_Page/Page_Checkatrade Find a tradesperson you can trust/input_Search_Button_FF' is clicked on

2020-04-20 15:15:32 - [MESSAGE][PASSED] - Object: 'Object Repository/Checkatrade_Trade_Search_Page/Page_Checkatrade Find a tradesperson you can trust/input_Search_Button_FF' is clicked on

2020-04-20 15:15:32 - [MESSAGE][PASSED] - Call Test Case 'Test Cases/Reusable_Test_Sequences/CAT_Enter_Trade_Classification' successfully

2020-04-20 15:15:32 - [TEST_STEP][PASSED] - "---------------------------------------": null

2020-04-20 15:15:32 - [TEST_STEP][PASSED] - " Set and SEARCH TRADE LOCATION         |": null

2020-04-20 15:15:32 - [TEST_STEP][PASSED] - callTestCase(findTestCase("Reusable_Test_Sequences/CAT_Enter_Trade_Location"), [:], CONTINUE_ON_FAILURE): Call Test Case 'Test Cases/Reusable_Test_Sequences/CAT_Enter_Trade_Location' successfully

2020-04-20 15:15:32 - [TEST_CASE][PASSED] - Test Cases/Reusable_Test_Sequences/CAT_Enter_Trade_Location: Test Cases/Reusable_Test_Sequences/CAT_Enter_Trade_Location

2020-04-20 15:15:32 - [TEST_STEP][PASSED] - "---------------------------------": null

2020-04-20 15:15:32 - [TEST_STEP][PASSED] - "Set and SEARCH SELECTED LOCATION |": null

2020-04-20 15:15:32 - [TEST_STEP][PASSED] - if (Website_Version != "new"): Text 'Gosport' is set on object 'Object Repository/Checkatrade_Trade_Search_Page/Page_Checkatrade Find a tradesperson you can trust/input_Not here_location'

2020-04-20 15:15:32 - [TEST_STEP][PASSED] - click(findTestObject("Object Repository/Checkatrade_Trade_Search_Page/Page_Checkatrade Find a tradesperson you can trust/input_Not here_location")): Object: 'Object Repository/Checkatrade_Trade_Search_Page/Page_Checkatrade Find a tradesperson you can trust/input_Not here_location' is clicked on

2020-04-20 15:15:33 - [MESSAGE][PASSED] - Object: 'Object Repository/Checkatrade_Trade_Search_Page/Page_Checkatrade Find a tradesperson you can trust/input_Not here_location' is clicked on

2020-04-20 15:15:33 - [TEST_STEP][PASSED] - setText(findTestObject("Object Repository/Checkatrade_Trade_Search_Page/Page_Checkatrade Find a tradesperson you can trust/input_Not here_location"), findTestData("searchTestData").getValue("tradeLocation", row)): Text 'Gosport' is set on object 'Object Repository/Checkatrade_Trade_Search_Page/Page_Checkatrade Find a tradesperson you can trust/input_Not here_location'

2020-04-20 15:15:33 - [MESSAGE][PASSED] - Text 'Gosport' is set on object 'Object Repository/Checkatrade_Trade_Search_Page/Page_Checkatrade Find a tradesperson you can trust/input_Not here_location'

2020-04-20 15:15:33 - [TEST_STEP][PASSED] - if (verifyTextNotPresent("Sorry, no results found", false)): null

2020-04-20 15:15:33 - [MESSAGE][PASSED] - Text 'Sorry, no results found' is not present on page

2020-04-20 15:15:33 - [TEST_STEP][PASSED] - markPassed("The Expected Lookup Result(s) ARE being returned by the Lookup Service, AS EXPECTED"): The Expected Lookup Result(s) ARE being returned by the Lookup Service, AS EXPECTED

2020-04-20 15:15:33 - [MESSAGE][PASSED] - The Expected Lookup Result(s) ARE being returned by the Lookup Service, AS EXPECTED

2020-04-20 15:15:33 - [MESSAGE][PASSED] - Call Test Case 'Test Cases/Reusable_Test_Sequences/CAT_Enter_Trade_Location' successfully

2020-04-20 15:15:33 - [TEST_STEP][PASSED] - "---------------------------------------": null

2020-04-20 15:15:33 - [TEST_STEP][PASSED] - " Scroll Search Button into View        |": null

2020-04-20 15:15:33 - [TEST_STEP][PASSED] - "---------------------------------------": null

2020-04-20 15:15:33 - [TEST_STEP][PASSED] - "---------------------------------------": null

2020-04-20 15:15:33 - [TEST_STEP][PASSED] - " Hit Search Button                     |": null

2020-04-20 15:15:33 - [TEST_STEP][PASSED] - callTestCase(findTestCase("Reusable_Test_Sequences/CAT_Hit_Search_Button"), [:], CONTINUE_ON_FAILURE): Call Test Case 'Test Cases/Reusable_Test_Sequences/CAT_Hit_Search_Button' successfully

2020-04-20 15:15:33 - [TEST_CASE][PASSED] - Test Cases/Reusable_Test_Sequences/CAT_Hit_Search_Button: Test Cases/Reusable_Test_Sequences/CAT_Hit_Search_Button

2020-04-20 15:15:34 - [TEST_STEP][PASSED] - "---------------------------------": null

2020-04-20 15:15:34 - [TEST_STEP][PASSED] - "HIT SEARCH": null

2020-04-20 15:15:34 - [TEST_STEP][PASSED] - "---------------------------------": null

2020-04-20 15:15:34 - [TEST_STEP][PASSED] - if (Website_Version == "new"): null

2020-04-20 15:15:34 - [TEST_STEP][PASSED] - else: Object: 'Object Repository/Page_Checkatrade Find a tradesperson you can trust/a_Search' is clicked on

2020-04-20 15:15:34 - [TEST_STEP][PASSED] - waitForElementClickable(findTestObject("Object Repository/Page_Checkatrade Find a tradesperson you can trust/a_Search"), 25): Object 'Object Repository/Page_Checkatrade Find a tradesperson you can trust/a_Search' is clickable

2020-04-20 15:15:34 - [MESSAGE][PASSED] - Object 'Object Repository/Page_Checkatrade Find a tradesperson you can trust/a_Search' is clickable

2020-04-20 15:15:34 - [TEST_STEP][PASSED] - click(findTestObject("Object Repository/Page_Checkatrade Find a tradesperson you can trust/a_Search")): Object: 'Object Repository/Page_Checkatrade Find a tradesperson you can trust/a_Search' is clicked on

2020-04-20 15:15:39 - [MESSAGE][PASSED] - Object: 'Object Repository/Page_Checkatrade Find a tradesperson you can trust/a_Search' is clicked on

2020-04-20 15:15:39 - [MESSAGE][PASSED] - Call Test Case 'Test Cases/Reusable_Test_Sequences/CAT_Hit_Search_Button' successfully

2020-04-20 15:15:39 - [TEST_STEP][PASSED] - "---------------------------------------": null

2020-04-20 15:15:39 - [TEST_STEP][PASSED] - " Verify Returned Page is as Expected   |": null

2020-04-20 15:15:39 - [TEST_STEP][PASSED] - callTestCase(findTestCase("Reusable_Test_Sequences/CAT_Verification"), [:], STOP_ON_FAILURE): Call Test Case 'Test Cases/Reusable_Test_Sequences/CAT_Verification' successfully

2020-04-20 15:15:39 - [TEST_CASE][PASSED] - Test Cases/Reusable_Test_Sequences/CAT_Verification: Test Cases/Reusable_Test_Sequences/CAT_Verification

2020-04-20 15:15:40 - [TEST_STEP][PASSED] - "Updated 05/12/2019 due to wholesale Home page changes": null

2020-04-20 15:15:40 - [TEST_STEP][PASSED] - "Expected cantantenated text is Returned": null

2020-04-20 15:15:40 - [TEST_STEP][PASSED] - " DYNAMIC DELAY - Wait for <SEARCH> Button to Re-Appear after Search is completed": null

2020-04-20 15:15:40 - [TEST_STEP][PASSED] - delay(3): Delayed 3 second(s)

2020-04-20 15:15:43 - [MESSAGE][PASSED] - Delayed 3 second(s)

2020-04-20 15:15:43 - [TEST_STEP][PASSED] - waitForPageLoad(60): Wait for page load successfully

2020-04-20 15:15:43 - [MESSAGE][PASSED] - Wait for page load successfully

2020-04-20 15:15:43 - [TEST_STEP][PASSED] - delay(1): Delayed 1 second(s)

2020-04-20 15:15:44 - [MESSAGE][PASSED] - Delayed 1 second(s)

2020-04-20 15:15:44 - [TEST_STEP][PASSED] - "--------------------": null

2020-04-20 15:15:44 - [TEST_STEP][PASSED] - "----------------------------------------------------------------------------------------------------": null

2020-04-20 15:15:44 - [TEST_STEP][PASSED] - "PREVIEW INCONSISTENCY - SOMETIME THE FIRST ITERATION RETURNS 404 - SEEMS TO BE A PREVIEW GLITCH THAT OCCURS TOO OFTEN   |  23/03/2020 - DH": null

2020-04-20 15:15:44 - [TEST_STEP][PASSED] - "------------------------------------------------------------------------------------------------------------------------": null

2020-04-20 15:15:44 - [TEST_STEP][PASSED] - "NEW Approach - Detect IMPROVE SEARCH PoPout and Syn on THIS": null

2020-04-20 15:15:44 - [TEST_STEP][PASSED] - verifyTextPresent(findTestData("searchTestData").getValue("tradeClassification", row), false): Text 'Tree Surgeon' is present on page 

2020-04-20 15:15:47 - [MESSAGE][PASSED] - Text 'Tree Surgeon' is present on page 

2020-04-20 15:15:47 - [TEST_STEP][PASSED] - verifyTextPresent(findTestData("searchTestData").getValue("tradeLocation", row), false): Text 'Gosport' is present on page 

2020-04-20 15:15:51 - [MESSAGE][PASSED] - Text 'Gosport' is present on page 

2020-04-20 15:15:51 - [MESSAGE][PASSED] - Call Test Case 'Test Cases/Reusable_Test_Sequences/CAT_Verification' successfully

2020-04-20 15:15:51 - [TEST_STEP][PASSED] - "--------------------------": null

2020-04-20 15:15:51 - [TEST_STEP][PASSED] - " Teardown - CLose Browser |": null

2020-04-20 15:15:51 - [TEST_STEP][PASSED] - callTestCase(findTestCase("Reusable_Test_Sequences/CAT_Teardown"), [:], OPTIONAL): Call Test Case 'Test Cases/Reusable_Test_Sequences/CAT_Teardown' successfully

2020-04-20 15:15:51 - [TEST_CASE][PASSED] - Test Cases/Reusable_Test_Sequences/CAT_Teardown: Test Cases/Reusable_Test_Sequences/CAT_Teardown

2020-04-20 15:15:52 - [TEST_STEP][PASSED] - closeBrowser(): Browser is closed

2020-04-20 15:15:54 - [MESSAGE][PASSED] - Browser is closed

2020-04-20 15:15:54 - [TEST_STEP][PASSED] - super.finalize(): null

2020-04-20 15:15:54 - [TEST_STEP][PASSED] - System.gc(): null

2020-04-20 15:15:54 - [MESSAGE][PASSED] - Call Test Case 'Test Cases/Reusable_Test_Sequences/CAT_Teardown' successfully

2020-04-20 15:15:54 - [TEST_STEP][PASSED] - callTestCase(findTestCase("Reusable_Test_Sequences/CAT_Setup"), [:], OPTIONAL): Call Test Case 'Test Cases/Reusable_Test_Sequences/CAT_Setup' successfully

2020-04-20 15:15:54 - [TEST_CASE][PASSED] - Test Cases/Reusable_Test_Sequences/CAT_Setup: Test Cases/Reusable_Test_Sequences/CAT_Setup

2020-04-20 15:15:55 - [TEST_STEP][PASSED] - "------------------------------": null

2020-04-20 15:15:55 - [TEST_STEP][PASSED] - " Set Mobile Device Testing    |": null

2020-04-20 15:15:55 - [TEST_STEP][PASSED] - if (Mobile_Flag == "true"): null

2020-04-20 15:15:55 - [TEST_STEP][PASSED] - "------------------------------": null

2020-04-20 15:15:55 - [TEST_STEP][PASSED] - " Set Mobile Device Testing    |": null

2020-04-20 15:15:55 - [TEST_STEP][PASSED] - "------------------------------": null

2020-04-20 15:15:55 - [TEST_STEP][PASSED] - "URL - Set from the ENVIRONMENT PROFILE ": null

2020-04-20 15:15:55 - [TEST_STEP][PASSED] - openBrowser(URL): Browser is opened with url: 'https://www.preview.checkatrade.com/'

2020-04-20 15:15:55 - [MESSAGE][INFO] - Starting 'Firefox' driver

2020-04-20 15:15:55 - [MESSAGE][INFO] - Action delay is set to 0 milliseconds

2020-04-20 15:16:08 - [MESSAGE][PASSED] - Browser is opened with url: 'https://www.preview.checkatrade.com/'

2020-04-20 15:16:08 - [TEST_STEP][PASSED] - maximizeWindow(): Current window maximized

2020-04-20 15:16:08 - [MESSAGE][PASSED] - Current window maximized

2020-04-20 15:16:08 - [TEST_STEP][PASSED] - waitForPageLoad(60): Wait for page load successfully

2020-04-20 15:16:08 - [MESSAGE][PASSED] - Wait for page load successfully

2020-04-20 15:16:08 - [TEST_STEP][PASSED] - "Previous Functionalilty Left Commented For Ease Of reversion": null

2020-04-20 15:16:08 - [TEST_STEP][PASSED] - " Katalon Try/Catches currently have issues? SEE HEADER": null

2020-04-20 15:16:08 - [TEST_STEP][PASSED] - try: Text 'Cookie Policy' is not present on page

2020-04-20 15:16:08 - [TEST_STEP][PASSED] - verifyElementPresent(findTestObject("Object Repository/Cookies/Page_Checkatrade Find a tradesperson you can trust/button_Accept All"), 5, OPTIONAL): Object 'Object Repository/Cookies/Page_Checkatrade Find a tradesperson you can trust/button_Accept All' is present

2020-04-20 15:16:08 - [MESSAGE][PASSED] - Object 'Object Repository/Cookies/Page_Checkatrade Find a tradesperson you can trust/button_Accept All' is present

2020-04-20 15:16:08 - [TEST_STEP][PASSED] - click(findTestObject("Object Repository/Cookies/Page_Checkatrade Find a tradesperson you can trust/button_Accept All"), OPTIONAL): Object: 'Object Repository/Cookies/Page_Checkatrade Find a tradesperson you can trust/button_Accept All' is clicked on

2020-04-20 15:16:09 - [MESSAGE][PASSED] - Object: 'Object Repository/Cookies/Page_Checkatrade Find a tradesperson you can trust/button_Accept All' is clicked on

2020-04-20 15:16:09 - [TEST_STEP][PASSED] - "---------------------------------": null

2020-04-20 15:16:09 - [TEST_STEP][PASSED] - "COOKIE POPOUT REMOVED - Confirmed": null

2020-04-20 15:16:09 - [TEST_STEP][PASSED] - delay(1): Delayed 1 second(s)

2020-04-20 15:16:10 - [MESSAGE][PASSED] - Delayed 1 second(s)

2020-04-20 15:16:10 - [TEST_STEP][PASSED] - verifyTextNotPresent("We use cookies to personalise content and ads, to provide social media features and to analyse our traffic", false): Text 'We use cookies to personalise content and ads, to provide social media features and to analyse our traffic' is not present on page

2020-04-20 15:16:11 - [MESSAGE][PASSED] - Text 'We use cookies to personalise content and ads, to provide social media features and to analyse our traffic' is not present on page

2020-04-20 15:16:11 - [TEST_STEP][PASSED] - verifyTextNotPresent(" We also share information about your use of our site with our social media, advertising and analytics partners", false): Text ' We also share information about your use of our site with our social media, advertising and analytics partners' is not present on page

2020-04-20 15:16:11 - [MESSAGE][PASSED] - Text ' We also share information about your use of our site with our social media, advertising and analytics partners' is not present on page

2020-04-20 15:16:11 - [TEST_STEP][PASSED] - verifyTextNotPresent("Cookie Policy", false): Text 'Cookie Policy' is not present on page

2020-04-20 15:16:12 - [MESSAGE][PASSED] - Text 'Cookie Policy' is not present on page

2020-04-20 15:16:12 - [TEST_STEP][PASSED] - waitForPageLoad(60): Wait for page load successfully

2020-04-20 15:16:12 - [MESSAGE][PASSED] - Wait for page load successfully

2020-04-20 15:16:12 - [TEST_STEP][PASSED] - "COOKIE - ORIGINAL": null

2020-04-20 15:16:12 - [TEST_STEP][PASSED] - if (waitForElementVisible(findTestObject("Object Repository/Feedback/Page_Checkatrade Give your feedback/input_Member_to_Review"), 5)): Web element with id: 'Object Repository/Feedback/Page_Checkatrade Give your feedback/input_Member_to_Review' located by 'By.xpath: //input[@id='feedback-form__company_autocomplete_input']' not found

2020-04-20 15:16:17 - [MESSAGE][INFO] - Unable to find the element located by 'By.xpath: //input[@id='feedback-form__company_autocomplete_input']'. Please recheck the objects properties to make sure the desired element is located. 

2020-04-20 15:16:17 - [MESSAGE][WARNING] - Web element with id: 'Object Repository/Feedback/Page_Checkatrade Give your feedback/input_Member_to_Review' located by 'By.xpath: //input[@id='feedback-form__company_autocomplete_input']' not found

2020-04-20 15:16:17 - [TEST_STEP][PASSED] - else: The <<<OLD>>> Website was detected by the STARTUP Process

2020-04-20 15:16:17 - [TEST_STEP][PASSED] - if (!(verifyElementVisible(findTestObject("Object Repository/Checkatrade_Trade_Search_Page/Page_Checkatrade Find a tradesperson you can trust/input_Search_Button_FF")))): Object 'Object Repository/Checkatrade_Trade_Search_Page/Page_Checkatrade Find a tradesperson you can trust/input_Search_Button_FF' is visible

2020-04-20 15:16:17 - [MESSAGE][PASSED] - Object 'Object Repository/Checkatrade_Trade_Search_Page/Page_Checkatrade Find a tradesperson you can trust/input_Search_Button_FF' is visible

2020-04-20 15:16:17 - [TEST_STEP][PASSED] - else: The <<<OLD>>> Website was detected by the STARTUP Process

2020-04-20 15:16:17 - [TEST_STEP][PASSED] - Website_Version = "old": null

2020-04-20 15:16:17 - [TEST_STEP][PASSED] - logInfo("The <<<OLD>>> Website was detected by the STARTUP Process"): The <<<OLD>>> Website was detected by the STARTUP Process

2020-04-20 15:16:17 - [MESSAGE][INFO] - The <<<OLD>>> Website was detected by the STARTUP Process

2020-04-20 15:16:17 - [MESSAGE][PASSED] - Call Test Case 'Test Cases/Reusable_Test_Sequences/CAT_Setup' successfully

2020-04-20 15:16:17 - [TEST_STEP][PASSED] - callTestCase(findTestCase("Reusable_Test_Sequences/CAT_Home"), [:], CONTINUE_ON_FAILURE): Call Test Case 'Test Cases/Reusable_Test_Sequences/CAT_Home' successfully

2020-04-20 15:16:17 - [TEST_CASE][PASSED] - Test Cases/Reusable_Test_Sequences/CAT_Home: Test Cases/Reusable_Test_Sequences/CAT_Home

2020-04-20 15:16:17 - [TEST_STEP][PASSED] - waitForPageLoad(60): Wait for page load successfully

2020-04-20 15:16:17 - [MESSAGE][PASSED] - Wait for page load successfully

2020-04-20 15:16:17 - [TEST_STEP][PASSED] - delay(2): Delayed 2 second(s)

2020-04-20 15:16:19 - [MESSAGE][PASSED] - Delayed 2 second(s)

2020-04-20 15:16:19 - [TEST_STEP][PASSED] - "------------------------------------": null

2020-04-20 15:16:19 - [TEST_STEP][PASSED] - if (Website_Version == "new"): null

2020-04-20 15:16:19 - [TEST_STEP][PASSED] - else: Text 'Over a million visits to Checkatrade each month' is present on page 

2020-04-20 15:16:19 - [TEST_STEP][PASSED] - verifyTextPresent("Helping you find the right trade or service", false): Text 'Helping you find the right trade or service' is present on page 

2020-04-20 15:16:20 - [MESSAGE][PASSED] - Text 'Helping you find the right trade or service' is present on page 

2020-04-20 15:16:20 - [TEST_STEP][PASSED] - verifyTextPresent("Search through over", false): Text 'Search through over' is present on page 

2020-04-20 15:16:21 - [MESSAGE][PASSED] - Text 'Search through over' is present on page 

2020-04-20 15:16:21 - [TEST_STEP][PASSED] - verifyTextPresent("recommended, vetted and monitored trades and service providers for free.", false): Text 'recommended, vetted and monitored trades and service providers for free.' is present on page 

2020-04-20 15:16:21 - [MESSAGE][PASSED] - Text 'recommended, vetted and monitored trades and service providers for free.' is present on page 

2020-04-20 15:16:21 - [TEST_STEP][PASSED] - verifyTextPresent("reviews published so far – thank you!", false): Text 'reviews published so far – thank you!' is present on page 

2020-04-20 15:16:22 - [MESSAGE][PASSED] - Text 'reviews published so far – thank you!' is present on page 

2020-04-20 15:16:22 - [TEST_STEP][PASSED] - verifyTextPresent("I need a trade or service", false): Text 'I need a trade or service' is present on page 

2020-04-20 15:16:23 - [MESSAGE][PASSED] - Text 'I need a trade or service' is present on page 

2020-04-20 15:16:23 - [TEST_STEP][PASSED] - verifyTextPresent("Every trader thoroughly checked and vetted", false): Text 'Every trader thoroughly checked and vetted' is present on page 

2020-04-20 15:16:24 - [MESSAGE][PASSED] - Text 'Every trader thoroughly checked and vetted' is present on page 

2020-04-20 15:16:24 - [TEST_STEP][PASSED] - "------------------------------------": null

2020-04-20 15:16:24 - [TEST_STEP][PASSED] - verifyTextPresent("reviews published so far – thank you!", false): Text 'reviews published so far – thank you!' is present on page 

2020-04-20 15:16:25 - [MESSAGE][PASSED] - Text 'reviews published so far – thank you!' is present on page 

2020-04-20 15:16:25 - [TEST_STEP][PASSED] - verifyTextPresent("Find out more", false): Text 'Find out more' is present on page 

2020-04-20 15:16:25 - [MESSAGE][PASSED] - Text 'Find out more' is present on page 

2020-04-20 15:16:25 - [TEST_STEP][PASSED] - verifyTextPresent("I am a tradesman", false): Text 'I am a tradesman' is present on page 

2020-04-20 15:16:26 - [MESSAGE][PASSED] - Text 'I am a tradesman' is present on page 

2020-04-20 15:16:26 - [TEST_STEP][PASSED] - verifyTextPresent("Find out more", false): Text 'Find out more' is present on page 

2020-04-20 15:16:27 - [MESSAGE][PASSED] - Text 'Find out more' is present on page 

2020-04-20 15:16:27 - [TEST_STEP][PASSED] - verifyTextPresent("Over a million visits to Checkatrade each month", false): Text 'Over a million visits to Checkatrade each month' is present on page 

2020-04-20 15:16:28 - [MESSAGE][PASSED] - Text 'Over a million visits to Checkatrade each month' is present on page 

2020-04-20 15:16:28 - [MESSAGE][PASSED] - Call Test Case 'Test Cases/Reusable_Test_Sequences/CAT_Home' successfully

2020-04-20 15:16:28 - [TEST_STEP][PASSED] - "---------------------------------------": null

2020-04-20 15:16:28 - [TEST_STEP][PASSED] - " Set and SEARCH TRADE CLASSIFICATION   |": null

2020-04-20 15:16:28 - [TEST_STEP][PASSED] - callTestCase(findTestCase("Reusable_Test_Sequences/CAT_Enter_Trade_Classification"), [:], CONTINUE_ON_FAILURE): Call Test Case 'Test Cases/Reusable_Test_Sequences/CAT_Enter_Trade_Classification' successfully

2020-04-20 15:16:28 - [TEST_CASE][PASSED] - Test Cases/Reusable_Test_Sequences/CAT_Enter_Trade_Classification: Test Cases/Reusable_Test_Sequences/CAT_Enter_Trade_Classification

2020-04-20 15:16:28 - [TEST_STEP][PASSED] - "---------------------------------": null

2020-04-20 15:16:28 - [TEST_STEP][PASSED] - "Set and SEARCH SELECTED TRADE": null

2020-04-20 15:16:28 - [TEST_STEP][PASSED] - if (Website_Version == "new"): null

2020-04-20 15:16:28 - [TEST_STEP][PASSED] - else: Object: 'Object Repository/Checkatrade_Trade_Search_Page/Page_Checkatrade Find a tradesperson you can trust/input_Search_Button_FF' is clicked on

2020-04-20 15:16:28 - [TEST_STEP][PASSED] - waitForElementPresent(findTestObject("Object Repository/Checkatrade_Trade_Search_Page/Page_Checkatrade Find a tradesperson you can trust/input_Search_Button_FF"), 60): Object 'Object Repository/Checkatrade_Trade_Search_Page/Page_Checkatrade Find a tradesperson you can trust/input_Search_Button_FF' is present

2020-04-20 15:16:28 - [MESSAGE][PASSED] - Object 'Object Repository/Checkatrade_Trade_Search_Page/Page_Checkatrade Find a tradesperson you can trust/input_Search_Button_FF' is present

2020-04-20 15:16:28 - [TEST_STEP][PASSED] - click(findTestObject("Object Repository/Checkatrade_Trade_Search_Page/Page_Checkatrade Find a tradesperson you can trust/input_Search_Button_FF")): Object: 'Object Repository/Checkatrade_Trade_Search_Page/Page_Checkatrade Find a tradesperson you can trust/input_Search_Button_FF' is clicked on

2020-04-20 15:16:28 - [MESSAGE][PASSED] - Object: 'Object Repository/Checkatrade_Trade_Search_Page/Page_Checkatrade Find a tradesperson you can trust/input_Search_Button_FF' is clicked on

2020-04-20 15:16:28 - [TEST_STEP][PASSED] - setText(findTestObject("Object Repository/Checkatrade_Trade_Search_Page/Page_Checkatrade Find a tradesperson you can trust/input_Search_Button_FF"), findTestData("searchTestData").getValue("tradeClassification", row)): Text 'Tree Surgeon' is set on object 'Object Repository/Checkatrade_Trade_Search_Page/Page_Checkatrade Find a tradesperson you can trust/input_Search_Button_FF'

2020-04-20 15:16:29 - [MESSAGE][PASSED] - Text 'Tree Surgeon' is set on object 'Object Repository/Checkatrade_Trade_Search_Page/Page_Checkatrade Find a tradesperson you can trust/input_Search_Button_FF'

2020-04-20 15:16:29 - [TEST_STEP][PASSED] - click(findTestObject("Object Repository/Checkatrade_Trade_Search_Page/Page_Checkatrade Find a tradesperson you can trust/input_Search_Button_FF")): Object: 'Object Repository/Checkatrade_Trade_Search_Page/Page_Checkatrade Find a tradesperson you can trust/input_Search_Button_FF' is clicked on

2020-04-20 15:16:29 - [MESSAGE][PASSED] - Object: 'Object Repository/Checkatrade_Trade_Search_Page/Page_Checkatrade Find a tradesperson you can trust/input_Search_Button_FF' is clicked on

2020-04-20 15:16:29 - [MESSAGE][PASSED] - Call Test Case 'Test Cases/Reusable_Test_Sequences/CAT_Enter_Trade_Classification' successfully

2020-04-20 15:16:29 - [TEST_STEP][PASSED] - "---------------------------------------": null

2020-04-20 15:16:29 - [TEST_STEP][PASSED] - " Set and SEARCH TRADE LOCATION         |": null

2020-04-20 15:16:29 - [TEST_STEP][PASSED] - callTestCase(findTestCase("Reusable_Test_Sequences/CAT_Enter_Trade_Location"), [:], CONTINUE_ON_FAILURE): Call Test Case 'Test Cases/Reusable_Test_Sequences/CAT_Enter_Trade_Location' successfully

2020-04-20 15:16:29 - [TEST_CASE][PASSED] - Test Cases/Reusable_Test_Sequences/CAT_Enter_Trade_Location: Test Cases/Reusable_Test_Sequences/CAT_Enter_Trade_Location

2020-04-20 15:16:29 - [TEST_STEP][PASSED] - "---------------------------------": null

2020-04-20 15:16:29 - [TEST_STEP][PASSED] - "Set and SEARCH SELECTED LOCATION |": null

2020-04-20 15:16:29 - [TEST_STEP][PASSED] - if (Website_Version != "new"): Text 'PO12 2HE' is set on object 'Object Repository/Checkatrade_Trade_Search_Page/Page_Checkatrade Find a tradesperson you can trust/input_Not here_location'

2020-04-20 15:16:29 - [TEST_STEP][PASSED] - click(findTestObject("Object Repository/Checkatrade_Trade_Search_Page/Page_Checkatrade Find a tradesperson you can trust/input_Not here_location")): Object: 'Object Repository/Checkatrade_Trade_Search_Page/Page_Checkatrade Find a tradesperson you can trust/input_Not here_location' is clicked on

2020-04-20 15:16:29 - [MESSAGE][PASSED] - Object: 'Object Repository/Checkatrade_Trade_Search_Page/Page_Checkatrade Find a tradesperson you can trust/input_Not here_location' is clicked on

2020-04-20 15:16:29 - [TEST_STEP][PASSED] - setText(findTestObject("Object Repository/Checkatrade_Trade_Search_Page/Page_Checkatrade Find a tradesperson you can trust/input_Not here_location"), findTestData("searchTestData").getValue("tradeLocation", row)): Text 'PO12 2HE' is set on object 'Object Repository/Checkatrade_Trade_Search_Page/Page_Checkatrade Find a tradesperson you can trust/input_Not here_location'

2020-04-20 15:16:30 - [MESSAGE][PASSED] - Text 'PO12 2HE' is set on object 'Object Repository/Checkatrade_Trade_Search_Page/Page_Checkatrade Find a tradesperson you can trust/input_Not here_location'

2020-04-20 15:16:30 - [TEST_STEP][PASSED] - if (verifyTextNotPresent("Sorry, no results found", false)): null

2020-04-20 15:16:31 - [MESSAGE][PASSED] - Text 'Sorry, no results found' is not present on page

2020-04-20 15:16:31 - [TEST_STEP][PASSED] - markPassed("The Expected Lookup Result(s) ARE being returned by the Lookup Service, AS EXPECTED"): The Expected Lookup Result(s) ARE being returned by the Lookup Service, AS EXPECTED

2020-04-20 15:16:31 - [MESSAGE][PASSED] - The Expected Lookup Result(s) ARE being returned by the Lookup Service, AS EXPECTED

2020-04-20 15:16:31 - [MESSAGE][PASSED] - Call Test Case 'Test Cases/Reusable_Test_Sequences/CAT_Enter_Trade_Location' successfully

2020-04-20 15:16:31 - [TEST_STEP][PASSED] - "---------------------------------------": null

2020-04-20 15:16:31 - [TEST_STEP][PASSED] - " Scroll Search Button into View        |": null

2020-04-20 15:16:31 - [TEST_STEP][PASSED] - "---------------------------------------": null

2020-04-20 15:16:31 - [TEST_STEP][PASSED] - "---------------------------------------": null

2020-04-20 15:16:31 - [TEST_STEP][PASSED] - " Hit Search Button                     |": null

2020-04-20 15:16:31 - [TEST_STEP][PASSED] - callTestCase(findTestCase("Reusable_Test_Sequences/CAT_Hit_Search_Button"), [:], CONTINUE_ON_FAILURE): Call Test Case 'Test Cases/Reusable_Test_Sequences/CAT_Hit_Search_Button' successfully

2020-04-20 15:16:31 - [TEST_CASE][PASSED] - Test Cases/Reusable_Test_Sequences/CAT_Hit_Search_Button: Test Cases/Reusable_Test_Sequences/CAT_Hit_Search_Button

2020-04-20 15:16:31 - [TEST_STEP][PASSED] - "---------------------------------": null

2020-04-20 15:16:31 - [TEST_STEP][PASSED] - "HIT SEARCH": null

2020-04-20 15:16:31 - [TEST_STEP][PASSED] - "---------------------------------": null

2020-04-20 15:16:31 - [TEST_STEP][PASSED] - if (Website_Version == "new"): null

2020-04-20 15:16:31 - [TEST_STEP][PASSED] - else: Object: 'Object Repository/Page_Checkatrade Find a tradesperson you can trust/a_Search' is clicked on

2020-04-20 15:16:31 - [TEST_STEP][PASSED] - waitForElementClickable(findTestObject("Object Repository/Page_Checkatrade Find a tradesperson you can trust/a_Search"), 25): Object 'Object Repository/Page_Checkatrade Find a tradesperson you can trust/a_Search' is clickable

2020-04-20 15:16:31 - [MESSAGE][PASSED] - Object 'Object Repository/Page_Checkatrade Find a tradesperson you can trust/a_Search' is clickable

2020-04-20 15:16:31 - [TEST_STEP][PASSED] - click(findTestObject("Object Repository/Page_Checkatrade Find a tradesperson you can trust/a_Search")): Object: 'Object Repository/Page_Checkatrade Find a tradesperson you can trust/a_Search' is clicked on

2020-04-20 15:16:35 - [MESSAGE][PASSED] - Object: 'Object Repository/Page_Checkatrade Find a tradesperson you can trust/a_Search' is clicked on

2020-04-20 15:16:35 - [MESSAGE][PASSED] - Call Test Case 'Test Cases/Reusable_Test_Sequences/CAT_Hit_Search_Button' successfully

2020-04-20 15:16:35 - [TEST_STEP][PASSED] - "---------------------------------------": null

2020-04-20 15:16:35 - [TEST_STEP][PASSED] - " Verify Returned Page is as Expected   |": null

2020-04-20 15:16:35 - [TEST_STEP][PASSED] - callTestCase(findTestCase("Reusable_Test_Sequences/CAT_Verification"), [:], STOP_ON_FAILURE): Call Test Case 'Test Cases/Reusable_Test_Sequences/CAT_Verification' successfully

2020-04-20 15:16:35 - [TEST_CASE][PASSED] - Test Cases/Reusable_Test_Sequences/CAT_Verification: Test Cases/Reusable_Test_Sequences/CAT_Verification

2020-04-20 15:16:35 - [TEST_STEP][PASSED] - "Updated 05/12/2019 due to wholesale Home page changes": null

2020-04-20 15:16:35 - [TEST_STEP][PASSED] - "Expected cantantenated text is Returned": null

2020-04-20 15:16:35 - [TEST_STEP][PASSED] - " DYNAMIC DELAY - Wait for <SEARCH> Button to Re-Appear after Search is completed": null

2020-04-20 15:16:35 - [TEST_STEP][PASSED] - delay(3): Delayed 3 second(s)

2020-04-20 15:16:38 - [MESSAGE][PASSED] - Delayed 3 second(s)

2020-04-20 15:16:38 - [TEST_STEP][PASSED] - waitForPageLoad(60): Wait for page load successfully

2020-04-20 15:16:38 - [MESSAGE][PASSED] - Wait for page load successfully

2020-04-20 15:16:38 - [TEST_STEP][PASSED] - delay(1): Delayed 1 second(s)

2020-04-20 15:16:39 - [MESSAGE][PASSED] - Delayed 1 second(s)

2020-04-20 15:16:39 - [TEST_STEP][PASSED] - "--------------------": null

2020-04-20 15:16:39 - [TEST_STEP][PASSED] - "----------------------------------------------------------------------------------------------------": null

2020-04-20 15:16:39 - [TEST_STEP][PASSED] - "PREVIEW INCONSISTENCY - SOMETIME THE FIRST ITERATION RETURNS 404 - SEEMS TO BE A PREVIEW GLITCH THAT OCCURS TOO OFTEN   |  23/03/2020 - DH": null

2020-04-20 15:16:39 - [TEST_STEP][PASSED] - "------------------------------------------------------------------------------------------------------------------------": null

2020-04-20 15:16:39 - [TEST_STEP][PASSED] - "NEW Approach - Detect IMPROVE SEARCH PoPout and Syn on THIS": null

2020-04-20 15:16:39 - [TEST_STEP][PASSED] - verifyTextPresent(findTestData("searchTestData").getValue("tradeClassification", row), false): Text 'Tree Surgeon' is present on page 

2020-04-20 15:16:44 - [MESSAGE][PASSED] - Text 'Tree Surgeon' is present on page 

2020-04-20 15:16:44 - [TEST_STEP][PASSED] - verifyTextPresent(findTestData("searchTestData").getValue("tradeLocation", row), false): Text 'PO12 2HE' is present on page 

2020-04-20 15:16:48 - [MESSAGE][PASSED] - Text 'PO12 2HE' is present on page 

2020-04-20 15:16:48 - [MESSAGE][PASSED] - Call Test Case 'Test Cases/Reusable_Test_Sequences/CAT_Verification' successfully

2020-04-20 15:16:48 - [TEST_STEP][PASSED] - "--------------------------": null

2020-04-20 15:16:48 - [TEST_STEP][PASSED] - " Teardown - CLose Browser |": null

2020-04-20 15:16:48 - [TEST_STEP][PASSED] - callTestCase(findTestCase("Reusable_Test_Sequences/CAT_Teardown"), [:], OPTIONAL): Call Test Case 'Test Cases/Reusable_Test_Sequences/CAT_Teardown' successfully

2020-04-20 15:16:48 - [TEST_CASE][PASSED] - Test Cases/Reusable_Test_Sequences/CAT_Teardown: Test Cases/Reusable_Test_Sequences/CAT_Teardown

2020-04-20 15:16:48 - [TEST_STEP][PASSED] - closeBrowser(): Browser is closed

2020-04-20 15:16:52 - [MESSAGE][PASSED] - Browser is closed

2020-04-20 15:16:52 - [TEST_STEP][PASSED] - super.finalize(): null

2020-04-20 15:16:52 - [TEST_STEP][PASSED] - System.gc(): null

2020-04-20 15:16:52 - [MESSAGE][PASSED] - Call Test Case 'Test Cases/Reusable_Test_Sequences/CAT_Teardown' successfully

2020-04-20 15:16:52 - [TEST_STEP][PASSED] - callTestCase(findTestCase("Reusable_Test_Sequences/CAT_Setup"), [:], OPTIONAL): Unable to call Test Case 'Test Cases/Reusable_Test_Sequences/CAT_Setup' (Root cause: com.kms.katalon.core.exception.StepFailedException: Call Test Case 'Test Cases/Reusable_Test_Sequences/CAT_Setup' failed
	at com.kms.katalon.core.keyword.builtin.CallTestCaseKeyword$_callTestCase_closure1.doCall(CallTestCaseKeyword.groovy:63)
	at com.kms.katalon.core.keyword.builtin.CallTestCaseKeyword$_callTestCase_closure1.call(CallTestCaseKeyword.groovy)
	at com.kms.katalon.core.keyword.internal.KeywordMain.runKeyword(KeywordMain.groovy:68)
	at com.kms.katalon.core.keyword.builtin.CallTestCaseKeyword.callTestCase(CallTestCaseKeyword.groovy:81)
	at com.kms.katalon.core.keyword.builtin.CallTestCaseKeyword.execute(CallTestCaseKeyword.groovy:44)
	at com.kms.katalon.core.keyword.internal.KeywordExecutor.executeKeywordForPlatform(KeywordExecutor.groovy:72)
	at com.kms.katalon.core.keyword.BuiltinKeywords.callTestCase(BuiltinKeywords.groovy:334)
	at Trade_Location_Search.run(Trade_Location_Search:71)
	at com.kms.katalon.core.main.ScriptEngine.run(ScriptEngine.java:194)
	at com.kms.katalon.core.main.ScriptEngine.runScriptAsRawText(ScriptEngine.java:119)
	at com.kms.katalon.core.main.TestCaseExecutor.runScript(TestCaseExecutor.java:337)
	at com.kms.katalon.core.main.TestCaseExecutor.doExecute(TestCaseExecutor.java:328)
	at com.kms.katalon.core.main.TestCaseExecutor.processExecutionPhase(TestCaseExecutor.java:307)
	at com.kms.katalon.core.main.TestCaseExecutor.accessMainPhase(TestCaseExecutor.java:299)
	at com.kms.katalon.core.main.TestCaseExecutor.execute(TestCaseExecutor.java:233)
	at com.kms.katalon.core.main.TestSuiteExecutor.accessTestCaseMainPhase(TestSuiteExecutor.java:169)
	at com.kms.katalon.core.main.TestSuiteExecutor.accessTestSuiteMainPhase(TestSuiteExecutor.java:142)
	at com.kms.katalon.core.main.TestSuiteExecutor.execute(TestSuiteExecutor.java:91)
	at com.kms.katalon.core.main.TestCaseMain.startTestSuite(TestCaseMain.java:157)
	at com.kms.katalon.core.main.TestCaseMain$startTestSuite$0.call(Unknown Source)
	at TempTestSuite1587391317561.run(TempTestSuite1587391317561.groovy:36)
Caused by: com.kms.katalon.core.exception.StepFailedException: Text 'Cookie Policy' is present on page  (Root cause: com.kms.katalon.core.exception.StepFailedException: Text 'Cookie Policy' is present on page 
	at com.kms.katalon.core.webui.keyword.internal.WebUIKeywordMain.stepFailed(WebUIKeywordMain.groovy:64)
	at com.kms.katalon.core.webui.keyword.builtin.VerifyTextNotPresentKeyword$_verifyTextNotPresent_closure1.doCall(VerifyTextNotPresentKeyword.groovy:77)
	at com.kms.katalon.core.webui.keyword.builtin.VerifyTextNotPresentKeyword$_verifyTextNotPresent_closure1.call(VerifyTextNotPresentKeyword.groovy)
	at com.kms.katalon.core.webui.keyword.internal.WebUIKeywordMain.runKeyword(WebUIKeywordMain.groovy:20)
	at com.kms.katalon.core.webui.keyword.builtin.VerifyTextNotPresentKeyword.verifyTextNotPresent(VerifyTextNotPresentKeyword.groovy:82)
	at com.kms.katalon.core.webui.keyword.builtin.VerifyTextNotPresentKeyword.execute(VerifyTextNotPresentKeyword.groovy:68)
	at com.kms.katalon.core.keyword.internal.KeywordExecutor.executeKeywordForPlatform(KeywordExecutor.groovy:72)
	at com.kms.katalon.core.webui.keyword.WebUiBuiltInKeywords.verifyTextNotPresent(WebUiBuiltInKeywords.groovy:1752)
	at com.kms.katalon.core.webui.keyword.WebUiBuiltInKeywords$verifyTextNotPresent$4.call(Unknown Source)
	at CAT_Setup.run(CAT_Setup:177)
	at com.kms.katalon.core.main.ScriptEngine.run(ScriptEngine.java:194)
	at com.kms.katalon.core.main.ScriptEngine.runScriptAsRawText(ScriptEngine.java:119)
	at com.kms.katalon.core.main.TestCaseExecutor.runScript(TestCaseExecutor.java:337)
	at com.kms.katalon.core.main.TestCaseExecutor.doExecute(TestCaseExecutor.java:328)
	at com.kms.katalon.core.main.TestCaseExecutor.processExecutionPhase(TestCaseExecutor.java:307)
	at com.kms.katalon.core.main.TestCaseExecutor.accessMainPhase(TestCaseExecutor.java:299)
	at com.kms.katalon.core.main.TestCaseExecutor.execute(TestCaseExecutor.java:233)
	at com.kms.katalon.core.main.TestCaseMain.runTestCase(TestCaseMain.java:114)
	at com.kms.katalon.core.keyword.builtin.CallTestCaseKeyword$_callTestCase_closure1.doCall(CallTestCaseKeyword.groovy:59)
	at com.kms.katalon.core.keyword.builtin.CallTestCaseKeyword$_callTestCase_closure1.call(CallTestCaseKeyword.groovy)
	at com.kms.katalon.core.keyword.internal.KeywordMain.runKeyword(KeywordMain.groovy:68)
	at com.kms.katalon.core.keyword.builtin.CallTestCaseKeyword.callTestCase(CallTestCaseKeyword.groovy:81)
	at com.kms.katalon.core.keyword.builtin.CallTestCaseKeyword.execute(CallTestCaseKeyword.groovy:44)
	at com.kms.katalon.core.keyword.internal.KeywordExecutor.executeKeywordForPlatform(KeywordExecutor.groovy:72)
	at com.kms.katalon.core.keyword.BuiltinKeywords.callTestCase(BuiltinKeywords.groovy:334)
	at Trade_Location_Search.run(Trade_Location_Search:71)
	at com.kms.katalon.core.main.ScriptEngine.run(ScriptEngine.java:194)
	at com.kms.katalon.core.main.ScriptEngine.runScriptAsRawText(ScriptEngine.java:119)
	at com.kms.katalon.core.main.TestCaseExecutor.runScript(TestCaseExecutor.java:337)
	at com.kms.katalon.core.main.TestCaseExecutor.doExecute(TestCaseExecutor.java:328)
	at com.kms.katalon.core.main.TestCaseExecutor.processExecutionPhase(TestCaseExecutor.java:307)
	at com.kms.katalon.core.main.TestCaseExecutor.accessMainPhase(TestCaseExecutor.java:299)
	at com.kms.katalon.core.main.TestCaseExecutor.execute(TestCaseExecutor.java:233)
	at com.kms.katalon.core.main.TestSuiteExecutor.accessTestCaseMainPhase(TestSuiteExecutor.java:169)
	at com.kms.katalon.core.main.TestSuiteExecutor.accessTestSuiteMainPhase(TestSuiteExecutor.java:142)
	at com.kms.katalon.core.main.TestSuiteExecutor.execute(TestSuiteExecutor.java:91)
	at com.kms.katalon.core.main.TestCaseMain.startTestSuite(TestCaseMain.java:157)
	at com.kms.katalon.core.main.TestCaseMain$startTestSuite$0.call(Unknown Source)
	at TempTestSuite1587391317561.run(TempTestSuite1587391317561.groovy:36)
)
	at com.kms.katalon.core.keyword.internal.KeywordMain.stepFailed(KeywordMain.groovy:39)
	at com.kms.katalon.core.webui.keyword.internal.WebUIKeywordMain.stepFailed(WebUIKeywordMain.groovy:64)
	at com.kms.katalon.core.webui.keyword.builtin.VerifyTextNotPresentKeyword$_verifyTextNotPresent_closure1.doCall(VerifyTextNotPresentKeyword.groovy:77)
	at com.kms.katalon.core.webui.keyword.builtin.VerifyTextNotPresentKeyword$_verifyTextNotPresent_closure1.call(VerifyTextNotPresentKeyword.groovy)
	at com.kms.katalon.core.webui.keyword.internal.WebUIKeywordMain.runKeyword(WebUIKeywordMain.groovy:20)
	at com.kms.katalon.core.webui.keyword.builtin.VerifyTextNotPresentKeyword.verifyTextNotPresent(VerifyTextNotPresentKeyword.groovy:82)
	at com.kms.katalon.core.webui.keyword.builtin.VerifyTextNotPresentKeyword.execute(VerifyTextNotPresentKeyword.groovy:68)
	at com.kms.katalon.core.keyword.internal.KeywordExecutor.executeKeywordForPlatform(KeywordExecutor.groovy:72)
	at com.kms.katalon.core.webui.keyword.WebUiBuiltInKeywords.verifyTextNotPresent(WebUiBuiltInKeywords.groovy:1752)
	at com.kms.katalon.core.webui.keyword.WebUiBuiltInKeywords$verifyTextNotPresent$4.call(Unknown Source)
	at CAT_Setup.run(CAT_Setup:177)
	at com.kms.katalon.core.main.ScriptEngine.run(ScriptEngine.java:194)
	at com.kms.katalon.core.main.ScriptEngine.runScriptAsRawText(ScriptEngine.java:119)
	at com.kms.katalon.core.main.TestCaseExecutor.runScript(TestCaseExecutor.java:337)
	at com.kms.katalon.core.main.TestCaseExecutor.doExecute(TestCaseExecutor.java:328)
	at com.kms.katalon.core.main.TestCaseExecutor.processExecutionPhase(TestCaseExecutor.java:307)
	at com.kms.katalon.core.main.TestCaseExecutor.accessMainPhase(TestCaseExecutor.java:299)
	at com.kms.katalon.core.main.TestCaseExecutor.execute(TestCaseExecutor.java:233)
	at com.kms.katalon.core.main.TestCaseMain.runTestCase(TestCaseMain.java:114)
	at com.kms.katalon.core.keyword.builtin.CallTestCaseKeyword$_callTestCase_closure1.doCall(CallTestCaseKeyword.groovy:59)
	... 20 more
Caused by: com.kms.katalon.core.exception.StepFailedException: Text 'Cookie Policy' is present on page 
	... 39 more
)

2020-04-20 15:16:52 - [TEST_CASE][FAILED] - Test Cases/Reusable_Test_Sequences/CAT_Setup: Test Cases/Reusable_Test_Sequences/CAT_Setup FAILED.
Reason:
com.kms.katalon.core.exception.StepFailedException: Text 'Cookie Policy' is present on page  (Root cause: com.kms.katalon.core.exception.StepFailedException: Text 'Cookie Policy' is present on page 
	at com.kms.katalon.core.webui.keyword.internal.WebUIKeywordMain.stepFailed(WebUIKeywordMain.groovy:64)
	at com.kms.katalon.core.webui.keyword.builtin.VerifyTextNotPresentKeyword$_verifyTextNotPresent_closure1.doCall(VerifyTextNotPresentKeyword.groovy:77)
	at com.kms.katalon.core.webui.keyword.builtin.VerifyTextNotPresentKeyword$_verifyTextNotPresent_closure1.call(VerifyTextNotPresentKeyword.groovy)
	at com.kms.katalon.core.webui.keyword.internal.WebUIKeywordMain.runKeyword(WebUIKeywordMain.groovy:20)
	at com.kms.katalon.core.webui.keyword.builtin.VerifyTextNotPresentKeyword.verifyTextNotPresent(VerifyTextNotPresentKeyword.groovy:82)
	at com.kms.katalon.core.webui.keyword.builtin.VerifyTextNotPresentKeyword.execute(VerifyTextNotPresentKeyword.groovy:68)
	at com.kms.katalon.core.keyword.internal.KeywordExecutor.executeKeywordForPlatform(KeywordExecutor.groovy:72)
	at com.kms.katalon.core.webui.keyword.WebUiBuiltInKeywords.verifyTextNotPresent(WebUiBuiltInKeywords.groovy:1752)
	at com.kms.katalon.core.webui.keyword.WebUiBuiltInKeywords$verifyTextNotPresent$4.call(Unknown Source)
	at CAT_Setup.run(CAT_Setup:177)
	at com.kms.katalon.core.main.ScriptEngine.run(ScriptEngine.java:194)
	at com.kms.katalon.core.main.ScriptEngine.runScriptAsRawText(ScriptEngine.java:119)
	at com.kms.katalon.core.main.TestCaseExecutor.runScript(TestCaseExecutor.java:337)
	at com.kms.katalon.core.main.TestCaseExecutor.doExecute(TestCaseExecutor.java:328)
	at com.kms.katalon.core.main.TestCaseExecutor.processExecutionPhase(TestCaseExecutor.java:307)
	at com.kms.katalon.core.main.TestCaseExecutor.accessMainPhase(TestCaseExecutor.java:299)
	at com.kms.katalon.core.main.TestCaseExecutor.execute(TestCaseExecutor.java:233)
	at com.kms.katalon.core.main.TestCaseMain.runTestCase(TestCaseMain.java:114)
	at com.kms.katalon.core.keyword.builtin.CallTestCaseKeyword$_callTestCase_closure1.doCall(CallTestCaseKeyword.groovy:59)
	at com.kms.katalon.core.keyword.builtin.CallTestCaseKeyword$_callTestCase_closure1.call(CallTestCaseKeyword.groovy)
	at com.kms.katalon.core.keyword.internal.KeywordMain.runKeyword(KeywordMain.groovy:68)
	at com.kms.katalon.core.keyword.builtin.CallTestCaseKeyword.callTestCase(CallTestCaseKeyword.groovy:81)
	at com.kms.katalon.core.keyword.builtin.CallTestCaseKeyword.execute(CallTestCaseKeyword.groovy:44)
	at com.kms.katalon.core.keyword.internal.KeywordExecutor.executeKeywordForPlatform(KeywordExecutor.groovy:72)
	at com.kms.katalon.core.keyword.BuiltinKeywords.callTestCase(BuiltinKeywords.groovy:334)
	at Trade_Location_Search.run(Trade_Location_Search:71)
	at com.kms.katalon.core.main.ScriptEngine.run(ScriptEngine.java:194)
	at com.kms.katalon.core.main.ScriptEngine.runScriptAsRawText(ScriptEngine.java:119)
	at com.kms.katalon.core.main.TestCaseExecutor.runScript(TestCaseExecutor.java:337)
	at com.kms.katalon.core.main.TestCaseExecutor.doExecute(TestCaseExecutor.java:328)
	at com.kms.katalon.core.main.TestCaseExecutor.processExecutionPhase(TestCaseExecutor.java:307)
	at com.kms.katalon.core.main.TestCaseExecutor.accessMainPhase(TestCaseExecutor.java:299)
	at com.kms.katalon.core.main.TestCaseExecutor.execute(TestCaseExecutor.java:233)
	at com.kms.katalon.core.main.TestSuiteExecutor.accessTestCaseMainPhase(TestSuiteExecutor.java:169)
	at com.kms.katalon.core.main.TestSuiteExecutor.accessTestSuiteMainPhase(TestSuiteExecutor.java:142)
	at com.kms.katalon.core.main.TestSuiteExecutor.execute(TestSuiteExecutor.java:91)
	at com.kms.katalon.core.main.TestCaseMain.startTestSuite(TestCaseMain.java:157)
	at com.kms.katalon.core.main.TestCaseMain$startTestSuite$0.call(Unknown Source)
	at TempTestSuite1587391317561.run(TempTestSuite1587391317561.groovy:36)
)
	at com.kms.katalon.core.keyword.internal.KeywordMain.stepFailed(KeywordMain.groovy:39)
	at com.kms.katalon.core.webui.keyword.internal.WebUIKeywordMain.stepFailed(WebUIKeywordMain.groovy:64)
	at com.kms.katalon.core.webui.keyword.builtin.VerifyTextNotPresentKeyword$_verifyTextNotPresent_closure1.doCall(VerifyTextNotPresentKeyword.groovy:77)
	at com.kms.katalon.core.webui.keyword.builtin.VerifyTextNotPresentKeyword$_verifyTextNotPresent_closure1.call(VerifyTextNotPresentKeyword.groovy)
	at com.kms.katalon.core.webui.keyword.internal.WebUIKeywordMain.runKeyword(WebUIKeywordMain.groovy:20)
	at com.kms.katalon.core.webui.keyword.builtin.VerifyTextNotPresentKeyword.verifyTextNotPresent(VerifyTextNotPresentKeyword.groovy:82)
	at com.kms.katalon.core.webui.keyword.builtin.VerifyTextNotPresentKeyword.execute(VerifyTextNotPresentKeyword.groovy:68)
	at com.kms.katalon.core.keyword.internal.KeywordExecutor.executeKeywordForPlatform(KeywordExecutor.groovy:72)
	at com.kms.katalon.core.webui.keyword.WebUiBuiltInKeywords.verifyTextNotPresent(WebUiBuiltInKeywords.groovy:1752)
	at com.kms.katalon.core.webui.keyword.WebUiBuiltInKeywords$verifyTextNotPresent$4.call(Unknown Source)
	at CAT_Setup.run(CAT_Setup:177)
	at com.kms.katalon.core.main.ScriptEngine.run(ScriptEngine.java:194)
	at com.kms.katalon.core.main.ScriptEngine.runScriptAsRawText(ScriptEngine.java:119)
	at com.kms.katalon.core.main.TestCaseExecutor.runScript(TestCaseExecutor.java:337)
	at com.kms.katalon.core.main.TestCaseExecutor.doExecute(TestCaseExecutor.java:328)
	at com.kms.katalon.core.main.TestCaseExecutor.processExecutionPhase(TestCaseExecutor.java:307)
	at com.kms.katalon.core.main.TestCaseExecutor.accessMainPhase(TestCaseExecutor.java:299)
	at com.kms.katalon.core.main.TestCaseExecutor.execute(TestCaseExecutor.java:233)
	at com.kms.katalon.core.main.TestCaseMain.runTestCase(TestCaseMain.java:114)
	at com.kms.katalon.core.keyword.builtin.CallTestCaseKeyword$_callTestCase_closure1.doCall(CallTestCaseKeyword.groovy:59)
	at com.kms.katalon.core.keyword.builtin.CallTestCaseKeyword$_callTestCase_closure1.call(CallTestCaseKeyword.groovy)
	at com.kms.katalon.core.keyword.internal.KeywordMain.runKeyword(KeywordMain.groovy:68)
	at com.kms.katalon.core.keyword.builtin.CallTestCaseKeyword.callTestCase(CallTestCaseKeyword.groovy:81)
	at com.kms.katalon.core.keyword.builtin.CallTestCaseKeyword.execute(CallTestCaseKeyword.groovy:44)
	at com.kms.katalon.core.keyword.internal.KeywordExecutor.executeKeywordForPlatform(KeywordExecutor.groovy:72)
	at com.kms.katalon.core.keyword.BuiltinKeywords.callTestCase(BuiltinKeywords.groovy:334)
	at Trade_Location_Search.run(Trade_Location_Search:71)
	at com.kms.katalon.core.main.ScriptEngine.run(ScriptEngine.java:194)
	at com.kms.katalon.core.main.ScriptEngine.runScriptAsRawText(ScriptEngine.java:119)
	at com.kms.katalon.core.main.TestCaseExecutor.runScript(TestCaseExecutor.java:337)
	at com.kms.katalon.core.main.TestCaseExecutor.doExecute(TestCaseExecutor.java:328)
	at com.kms.katalon.core.main.TestCaseExecutor.processExecutionPhase(TestCaseExecutor.java:307)
	at com.kms.katalon.core.main.TestCaseExecutor.accessMainPhase(TestCaseExecutor.java:299)
	at com.kms.katalon.core.main.TestCaseExecutor.execute(TestCaseExecutor.java:233)
	at com.kms.katalon.core.main.TestSuiteExecutor.accessTestCaseMainPhase(TestSuiteExecutor.java:169)
	at com.kms.katalon.core.main.TestSuiteExecutor.accessTestSuiteMainPhase(TestSuiteExecutor.java:142)
	at com.kms.katalon.core.main.TestSuiteExecutor.execute(TestSuiteExecutor.java:91)
	at com.kms.katalon.core.main.TestCaseMain.startTestSuite(TestCaseMain.java:157)
	at com.kms.katalon.core.main.TestCaseMain$startTestSuite$0.call(Unknown Source)
	at TempTestSuite1587391317561.run(TempTestSuite1587391317561.groovy:36)
Caused by: com.kms.katalon.core.exception.StepFailedException: Text 'Cookie Policy' is present on page 
	... 39 more


2020-04-20 15:16:52 - [TEST_STEP][PASSED] - "------------------------------": null

2020-04-20 15:16:52 - [TEST_STEP][PASSED] - " Set Mobile Device Testing    |": null

2020-04-20 15:16:52 - [TEST_STEP][PASSED] - if (Mobile_Flag == "true"): null

2020-04-20 15:16:52 - [TEST_STEP][PASSED] - "------------------------------": null

2020-04-20 15:16:52 - [TEST_STEP][PASSED] - " Set Mobile Device Testing    |": null

2020-04-20 15:16:52 - [TEST_STEP][PASSED] - "------------------------------": null

2020-04-20 15:16:52 - [TEST_STEP][PASSED] - "URL - Set from the ENVIRONMENT PROFILE ": null

2020-04-20 15:16:52 - [TEST_STEP][PASSED] - openBrowser(URL): Browser is opened with url: 'https://www.preview.checkatrade.com/'

2020-04-20 15:16:52 - [MESSAGE][INFO] - Starting 'Firefox' driver

2020-04-20 15:16:52 - [MESSAGE][INFO] - Action delay is set to 0 milliseconds

2020-04-20 15:17:02 - [MESSAGE][PASSED] - Browser is opened with url: 'https://www.preview.checkatrade.com/'

2020-04-20 15:17:02 - [TEST_STEP][PASSED] - maximizeWindow(): Current window maximized

2020-04-20 15:17:02 - [MESSAGE][PASSED] - Current window maximized

2020-04-20 15:17:02 - [TEST_STEP][PASSED] - waitForPageLoad(60): Wait for page load successfully

2020-04-20 15:17:02 - [MESSAGE][PASSED] - Wait for page load successfully

2020-04-20 15:17:02 - [TEST_STEP][PASSED] - "Previous Functionalilty Left Commented For Ease Of reversion": null

2020-04-20 15:17:02 - [TEST_STEP][PASSED] - " Katalon Try/Catches currently have issues? SEE HEADER": null

2020-04-20 15:17:02 - [TEST_STEP][FAILED] - try: Text 'Cookie Policy' is present on page  (Root cause: com.kms.katalon.core.exception.StepFailedException: Text 'Cookie Policy' is present on page 
	at com.kms.katalon.core.webui.keyword.internal.WebUIKeywordMain.stepFailed(WebUIKeywordMain.groovy:64)
	at com.kms.katalon.core.webui.keyword.builtin.VerifyTextNotPresentKeyword$_verifyTextNotPresent_closure1.doCall(VerifyTextNotPresentKeyword.groovy:77)
	at com.kms.katalon.core.webui.keyword.builtin.VerifyTextNotPresentKeyword$_verifyTextNotPresent_closure1.call(VerifyTextNotPresentKeyword.groovy)
	at com.kms.katalon.core.webui.keyword.internal.WebUIKeywordMain.runKeyword(WebUIKeywordMain.groovy:20)
	at com.kms.katalon.core.webui.keyword.builtin.VerifyTextNotPresentKeyword.verifyTextNotPresent(VerifyTextNotPresentKeyword.groovy:82)
	at com.kms.katalon.core.webui.keyword.builtin.VerifyTextNotPresentKeyword.execute(VerifyTextNotPresentKeyword.groovy:68)
	at com.kms.katalon.core.keyword.internal.KeywordExecutor.executeKeywordForPlatform(KeywordExecutor.groovy:72)
	at com.kms.katalon.core.webui.keyword.WebUiBuiltInKeywords.verifyTextNotPresent(WebUiBuiltInKeywords.groovy:1752)
	at com.kms.katalon.core.webui.keyword.WebUiBuiltInKeywords$verifyTextNotPresent$4.call(Unknown Source)
	at CAT_Setup.run(CAT_Setup:177)
	at com.kms.katalon.core.main.ScriptEngine.run(ScriptEngine.java:194)
	at com.kms.katalon.core.main.ScriptEngine.runScriptAsRawText(ScriptEngine.java:119)
	at com.kms.katalon.core.main.TestCaseExecutor.runScript(TestCaseExecutor.java:337)
	at com.kms.katalon.core.main.TestCaseExecutor.doExecute(TestCaseExecutor.java:328)
	at com.kms.katalon.core.main.TestCaseExecutor.processExecutionPhase(TestCaseExecutor.java:307)
	at com.kms.katalon.core.main.TestCaseExecutor.accessMainPhase(TestCaseExecutor.java:299)
	at com.kms.katalon.core.main.TestCaseExecutor.execute(TestCaseExecutor.java:233)
	at com.kms.katalon.core.main.TestCaseMain.runTestCase(TestCaseMain.java:114)
	at com.kms.katalon.core.keyword.builtin.CallTestCaseKeyword$_callTestCase_closure1.doCall(CallTestCaseKeyword.groovy:59)
	at com.kms.katalon.core.keyword.builtin.CallTestCaseKeyword$_callTestCase_closure1.call(CallTestCaseKeyword.groovy)
	at com.kms.katalon.core.keyword.internal.KeywordMain.runKeyword(KeywordMain.groovy:68)
	at com.kms.katalon.core.keyword.builtin.CallTestCaseKeyword.callTestCase(CallTestCaseKeyword.groovy:81)
	at com.kms.katalon.core.keyword.builtin.CallTestCaseKeyword.execute(CallTestCaseKeyword.groovy:44)
	at com.kms.katalon.core.keyword.internal.KeywordExecutor.executeKeywordForPlatform(KeywordExecutor.groovy:72)
	at com.kms.katalon.core.keyword.BuiltinKeywords.callTestCase(BuiltinKeywords.groovy:334)
	at Trade_Location_Search.run(Trade_Location_Search:71)
	at com.kms.katalon.core.main.ScriptEngine.run(ScriptEngine.java:194)
	at com.kms.katalon.core.main.ScriptEngine.runScriptAsRawText(ScriptEngine.java:119)
	at com.kms.katalon.core.main.TestCaseExecutor.runScript(TestCaseExecutor.java:337)
	at com.kms.katalon.core.main.TestCaseExecutor.doExecute(TestCaseExecutor.java:328)
	at com.kms.katalon.core.main.TestCaseExecutor.processExecutionPhase(TestCaseExecutor.java:307)
	at com.kms.katalon.core.main.TestCaseExecutor.accessMainPhase(TestCaseExecutor.java:299)
	at com.kms.katalon.core.main.TestCaseExecutor.execute(TestCaseExecutor.java:233)
	at com.kms.katalon.core.main.TestSuiteExecutor.accessTestCaseMainPhase(TestSuiteExecutor.java:169)
	at com.kms.katalon.core.main.TestSuiteExecutor.accessTestSuiteMainPhase(TestSuiteExecutor.java:142)
	at com.kms.katalon.core.main.TestSuiteExecutor.execute(TestSuiteExecutor.java:91)
	at com.kms.katalon.core.main.TestCaseMain.startTestSuite(TestCaseMain.java:157)
	at com.kms.katalon.core.main.TestCaseMain$startTestSuite$0.call(Unknown Source)
	at TempTestSuite1587391317561.run(TempTestSuite1587391317561.groovy:36)
)

2020-04-20 15:17:02 - [TEST_STEP][PASSED] - verifyElementPresent(findTestObject("Object Repository/Cookies/Page_Checkatrade Find a tradesperson you can trust/button_Accept All"), 5, OPTIONAL): Object 'Object Repository/Cookies/Page_Checkatrade Find a tradesperson you can trust/button_Accept All' is present

2020-04-20 15:17:02 - [MESSAGE][PASSED] - Object 'Object Repository/Cookies/Page_Checkatrade Find a tradesperson you can trust/button_Accept All' is present

2020-04-20 15:17:02 - [TEST_STEP][PASSED] - click(findTestObject("Object Repository/Cookies/Page_Checkatrade Find a tradesperson you can trust/button_Accept All"), OPTIONAL): Unable to click on object 'Object Repository/Cookies/Page_Checkatrade Find a tradesperson you can trust/button_Accept All' (Root cause: com.kms.katalon.core.exception.StepFailedException: Unable to click on object 'Object Repository/Cookies/Page_Checkatrade Find a tradesperson you can trust/button_Accept All'
	at com.kms.katalon.core.webui.keyword.internal.WebUIKeywordMain.stepFailed(WebUIKeywordMain.groovy:64)
	at com.kms.katalon.core.webui.keyword.internal.WebUIKeywordMain.runKeyword(WebUIKeywordMain.groovy:26)
	at com.kms.katalon.core.webui.keyword.builtin.ClickKeyword.click(ClickKeyword.groovy:76)
	at com.kms.katalon.core.webui.keyword.builtin.ClickKeyword.execute(ClickKeyword.groovy:43)
	at com.kms.katalon.core.keyword.internal.KeywordExecutor.executeKeywordForPlatform(KeywordExecutor.groovy:72)
	at com.kms.katalon.core.webui.keyword.WebUiBuiltInKeywords.click(WebUiBuiltInKeywords.groovy:604)
	at com.kms.katalon.core.webui.keyword.WebUiBuiltInKeywords$click$3.call(Unknown Source)
	at CAT_Setup.run(CAT_Setup:160)
	at com.kms.katalon.core.main.ScriptEngine.run(ScriptEngine.java:194)
	at com.kms.katalon.core.main.ScriptEngine.runScriptAsRawText(ScriptEngine.java:119)
	at com.kms.katalon.core.main.TestCaseExecutor.runScript(TestCaseExecutor.java:337)
	at com.kms.katalon.core.main.TestCaseExecutor.doExecute(TestCaseExecutor.java:328)
	at com.kms.katalon.core.main.TestCaseExecutor.processExecutionPhase(TestCaseExecutor.java:307)
	at com.kms.katalon.core.main.TestCaseExecutor.accessMainPhase(TestCaseExecutor.java:299)
	at com.kms.katalon.core.main.TestCaseExecutor.execute(TestCaseExecutor.java:233)
	at com.kms.katalon.core.main.TestCaseMain.runTestCase(TestCaseMain.java:114)
	at com.kms.katalon.core.keyword.builtin.CallTestCaseKeyword$_callTestCase_closure1.doCall(CallTestCaseKeyword.groovy:59)
	at com.kms.katalon.core.keyword.builtin.CallTestCaseKeyword$_callTestCase_closure1.call(CallTestCaseKeyword.groovy)
	at com.kms.katalon.core.keyword.internal.KeywordMain.runKeyword(KeywordMain.groovy:68)
	at com.kms.katalon.core.keyword.builtin.CallTestCaseKeyword.callTestCase(CallTestCaseKeyword.groovy:81)
	at com.kms.katalon.core.keyword.builtin.CallTestCaseKeyword.execute(CallTestCaseKeyword.groovy:44)
	at com.kms.katalon.core.keyword.internal.KeywordExecutor.executeKeywordForPlatform(KeywordExecutor.groovy:72)
	at com.kms.katalon.core.keyword.BuiltinKeywords.callTestCase(BuiltinKeywords.groovy:334)
	at Trade_Location_Search.run(Trade_Location_Search:71)
	at com.kms.katalon.core.main.ScriptEngine.run(ScriptEngine.java:194)
	at com.kms.katalon.core.main.ScriptEngine.runScriptAsRawText(ScriptEngine.java:119)
	at com.kms.katalon.core.main.TestCaseExecutor.runScript(TestCaseExecutor.java:337)
	at com.kms.katalon.core.main.TestCaseExecutor.doExecute(TestCaseExecutor.java:328)
	at com.kms.katalon.core.main.TestCaseExecutor.processExecutionPhase(TestCaseExecutor.java:307)
	at com.kms.katalon.core.main.TestCaseExecutor.accessMainPhase(TestCaseExecutor.java:299)
	at com.kms.katalon.core.main.TestCaseExecutor.execute(TestCaseExecutor.java:233)
	at com.kms.katalon.core.main.TestSuiteExecutor.accessTestCaseMainPhase(TestSuiteExecutor.java:169)
	at com.kms.katalon.core.main.TestSuiteExecutor.accessTestSuiteMainPhase(TestSuiteExecutor.java:142)
	at com.kms.katalon.core.main.TestSuiteExecutor.execute(TestSuiteExecutor.java:91)
	at com.kms.katalon.core.main.TestCaseMain.startTestSuite(TestCaseMain.java:157)
	at com.kms.katalon.core.main.TestCaseMain$startTestSuite$0.call(Unknown Source)
	at TempTestSuite1587391317561.run(TempTestSuite1587391317561.groovy:36)
Caused by: org.openqa.selenium.ElementNotInteractableException: Element <button class="optanon-allow-all accept-cookies-button"> could not be scrolled into view
Build info: version: '3.141.59', revision: 'e82be7d358', time: '2018-11-14T08:25:53'
System info: host: 'VETTEDSP36RF', ip: '192.168.1.238', os.name: 'Windows 10', os.arch: 'x86', os.version: '10.0', java.version: '1.8.0_181'
Driver info: com.kms.katalon.core.webui.driver.firefox.CGeckoDriver
Capabilities {acceptInsecureCerts: true, browserName: firefox, browserVersion: 74.0.1, javascriptEnabled: true, moz:accessibilityChecks: false, moz:buildID: 20200403064753, moz:geckodriverVersion: 0.24.0, moz:headless: false, moz:processID: 39356, moz:profile: C:\Users\davidho\AppData\Lo..., moz:shutdownTimeout: 60000, moz:useNonSpecCompliantPointerOrigin: false, moz:webdriverClick: true, pageLoadStrategy: normal, platform: WINDOWS, platformName: WINDOWS, platformVersion: 10.0, proxy: Proxy(direct), rotatable: false, setWindowRect: true, strictFileInteractability: false, timeouts: {implicit: 0, pageLoad: 300000, script: 30000}, unhandledPromptBehavior: dismiss and notify}
Session ID: d9852112-4999-4736-9597-b2e41b3f19bb
	at org.openqa.selenium.remote.http.W3CHttpResponseCodec.createException(W3CHttpResponseCodec.java:187)
	at org.openqa.selenium.remote.http.W3CHttpResponseCodec.decode(W3CHttpResponseCodec.java:122)
	at org.openqa.selenium.remote.http.W3CHttpResponseCodec.decode(W3CHttpResponseCodec.java:49)
	at org.openqa.selenium.remote.HttpCommandExecutor.execute(HttpCommandExecutor.java:158)
	at org.openqa.selenium.remote.service.DriverCommandExecutor.execute(DriverCommandExecutor.java:83)
	at org.openqa.selenium.remote.RemoteWebDriver.execute(RemoteWebDriver.java:552)
	at com.kms.katalon.selenium.driver.CFirefoxDriver.execute(CFirefoxDriver.java:27)
	at org.openqa.selenium.remote.RemoteWebElement.execute(RemoteWebElement.java:285)
	at org.openqa.selenium.remote.RemoteWebElement.click(RemoteWebElement.java:84)
	at org.openqa.selenium.support.events.EventFiringWebDriver$EventFiringWebElement.lambda$new$0(EventFiringWebDriver.java:404)
	at com.sun.proxy.$Proxy9.click(Unknown Source)
	at org.openqa.selenium.support.events.EventFiringWebDriver$EventFiringWebElement.click(EventFiringWebDriver.java:417)
	at com.kms.katalon.core.webui.keyword.builtin.ClickKeyword$_click_closure1.doCall(ClickKeyword.groovy:69)
	at com.kms.katalon.core.webui.keyword.builtin.ClickKeyword$_click_closure1.call(ClickKeyword.groovy)
	at com.kms.katalon.core.webui.keyword.internal.WebUIKeywordMain.runKeyword(WebUIKeywordMain.groovy:20)
	at com.kms.katalon.core.webui.keyword.builtin.ClickKeyword.click(ClickKeyword.groovy:76)
	at com.kms.katalon.core.webui.keyword.builtin.ClickKeyword.execute(ClickKeyword.groovy:43)
	at com.kms.katalon.core.keyword.internal.KeywordExecutor.executeKeywordForPlatform(KeywordExecutor.groovy:72)
	at com.kms.katalon.core.webui.keyword.WebUiBuiltInKeywords.click(WebUiBuiltInKeywords.groovy:604)
	at com.kms.katalon.core.webui.keyword.WebUiBuiltInKeywords$click$3.call(Unknown Source)
	at Script1566310608953.run(Script1566310608953.groovy:160)
	at com.kms.katalon.core.main.ScriptEngine.run(ScriptEngine.java:194)
	at com.kms.katalon.core.main.ScriptEngine.runScriptAsRawText(ScriptEngine.java:119)
	at com.kms.katalon.core.main.TestCaseExecutor.runScript(TestCaseExecutor.java:337)
	at com.kms.katalon.core.main.TestCaseExecutor.doExecute(TestCaseExecutor.java:328)
	at com.kms.katalon.core.main.TestCaseExecutor.processExecutionPhase(TestCaseExecutor.java:307)
	at com.kms.katalon.core.main.TestCaseExecutor.accessMainPhase(TestCaseExecutor.java:299)
	at com.kms.katalon.core.main.TestCaseExecutor.execute(TestCaseExecutor.java:233)
	at com.kms.katalon.core.main.TestCaseMain.runTestCase(TestCaseMain.java:114)
	at com.kms.katalon.core.keyword.builtin.CallTestCaseKeyword$_callTestCase_closure1.doCall(CallTestCaseKeyword.groovy:59)
	at com.kms.katalon.core.keyword.builtin.CallTestCaseKeyword$_callTestCase_closure1.call(CallTestCaseKeyword.groovy)
	at com.kms.katalon.core.keyword.internal.KeywordMain.runKeyword(KeywordMain.groovy:68)
	at com.kms.katalon.core.keyword.builtin.CallTestCaseKeyword.callTestCase(CallTestCaseKeyword.groovy:81)
	at com.kms.katalon.core.keyword.builtin.CallTestCaseKeyword.execute(CallTestCaseKeyword.groovy:44)
	at com.kms.katalon.core.keyword.internal.KeywordExecutor.executeKeywordForPlatform(KeywordExecutor.groovy:72)
	at com.kms.katalon.core.keyword.BuiltinKeywords.callTestCase(BuiltinKeywords.groovy:334)
	at Script1562746955672.run(Script1562746955672.groovy:71)
	... 13 more
)

2020-04-20 15:17:03 - [MESSAGE][WARNING] - Unable to click on object 'Object Repository/Cookies/Page_Checkatrade Find a tradesperson you can trust/button_Accept All' (Root cause: com.kms.katalon.core.exception.StepFailedException: Unable to click on object 'Object Repository/Cookies/Page_Checkatrade Find a tradesperson you can trust/button_Accept All'
	at com.kms.katalon.core.webui.keyword.internal.WebUIKeywordMain.stepFailed(WebUIKeywordMain.groovy:64)
	at com.kms.katalon.core.webui.keyword.internal.WebUIKeywordMain.runKeyword(WebUIKeywordMain.groovy:26)
	at com.kms.katalon.core.webui.keyword.builtin.ClickKeyword.click(ClickKeyword.groovy:76)
	at com.kms.katalon.core.webui.keyword.builtin.ClickKeyword.execute(ClickKeyword.groovy:43)
	at com.kms.katalon.core.keyword.internal.KeywordExecutor.executeKeywordForPlatform(KeywordExecutor.groovy:72)
	at com.kms.katalon.core.webui.keyword.WebUiBuiltInKeywords.click(WebUiBuiltInKeywords.groovy:604)
	at com.kms.katalon.core.webui.keyword.WebUiBuiltInKeywords$click$3.call(Unknown Source)
	at CAT_Setup.run(CAT_Setup:160)
	at com.kms.katalon.core.main.ScriptEngine.run(ScriptEngine.java:194)
	at com.kms.katalon.core.main.ScriptEngine.runScriptAsRawText(ScriptEngine.java:119)
	at com.kms.katalon.core.main.TestCaseExecutor.runScript(TestCaseExecutor.java:337)
	at com.kms.katalon.core.main.TestCaseExecutor.doExecute(TestCaseExecutor.java:328)
	at com.kms.katalon.core.main.TestCaseExecutor.processExecutionPhase(TestCaseExecutor.java:307)
	at com.kms.katalon.core.main.TestCaseExecutor.accessMainPhase(TestCaseExecutor.java:299)
	at com.kms.katalon.core.main.TestCaseExecutor.execute(TestCaseExecutor.java:233)
	at com.kms.katalon.core.main.TestCaseMain.runTestCase(TestCaseMain.java:114)
	at com.kms.katalon.core.keyword.builtin.CallTestCaseKeyword$_callTestCase_closure1.doCall(CallTestCaseKeyword.groovy:59)
	at com.kms.katalon.core.keyword.builtin.CallTestCaseKeyword$_callTestCase_closure1.call(CallTestCaseKeyword.groovy)
	at com.kms.katalon.core.keyword.internal.KeywordMain.runKeyword(KeywordMain.groovy:68)
	at com.kms.katalon.core.keyword.builtin.CallTestCaseKeyword.callTestCase(CallTestCaseKeyword.groovy:81)
	at com.kms.katalon.core.keyword.builtin.CallTestCaseKeyword.execute(CallTestCaseKeyword.groovy:44)
	at com.kms.katalon.core.keyword.internal.KeywordExecutor.executeKeywordForPlatform(KeywordExecutor.groovy:72)
	at com.kms.katalon.core.keyword.BuiltinKeywords.callTestCase(BuiltinKeywords.groovy:334)
	at Trade_Location_Search.run(Trade_Location_Search:71)
	at com.kms.katalon.core.main.ScriptEngine.run(ScriptEngine.java:194)
	at com.kms.katalon.core.main.ScriptEngine.runScriptAsRawText(ScriptEngine.java:119)
	at com.kms.katalon.core.main.TestCaseExecutor.runScript(TestCaseExecutor.java:337)
	at com.kms.katalon.core.main.TestCaseExecutor.doExecute(TestCaseExecutor.java:328)
	at com.kms.katalon.core.main.TestCaseExecutor.processExecutionPhase(TestCaseExecutor.java:307)
	at com.kms.katalon.core.main.TestCaseExecutor.accessMainPhase(TestCaseExecutor.java:299)
	at com.kms.katalon.core.main.TestCaseExecutor.execute(TestCaseExecutor.java:233)
	at com.kms.katalon.core.main.TestSuiteExecutor.accessTestCaseMainPhase(TestSuiteExecutor.java:169)
	at com.kms.katalon.core.main.TestSuiteExecutor.accessTestSuiteMainPhase(TestSuiteExecutor.java:142)
	at com.kms.katalon.core.main.TestSuiteExecutor.execute(TestSuiteExecutor.java:91)
	at com.kms.katalon.core.main.TestCaseMain.startTestSuite(TestCaseMain.java:157)
	at com.kms.katalon.core.main.TestCaseMain$startTestSuite$0.call(Unknown Source)
	at TempTestSuite1587391317561.run(TempTestSuite1587391317561.groovy:36)
Caused by: org.openqa.selenium.ElementNotInteractableException: Element <button class="optanon-allow-all accept-cookies-button"> could not be scrolled into view
Build info: version: '3.141.59', revision: 'e82be7d358', time: '2018-11-14T08:25:53'
System info: host: 'VETTEDSP36RF', ip: '192.168.1.238', os.name: 'Windows 10', os.arch: 'x86', os.version: '10.0', java.version: '1.8.0_181'
Driver info: com.kms.katalon.core.webui.driver.firefox.CGeckoDriver
Capabilities {acceptInsecureCerts: true, browserName: firefox, browserVersion: 74.0.1, javascriptEnabled: true, moz:accessibilityChecks: false, moz:buildID: 20200403064753, moz:geckodriverVersion: 0.24.0, moz:headless: false, moz:processID: 39356, moz:profile: C:\Users\davidho\AppData\Lo..., moz:shutdownTimeout: 60000, moz:useNonSpecCompliantPointerOrigin: false, moz:webdriverClick: true, pageLoadStrategy: normal, platform: WINDOWS, platformName: WINDOWS, platformVersion: 10.0, proxy: Proxy(direct), rotatable: false, setWindowRect: true, strictFileInteractability: false, timeouts: {implicit: 0, pageLoad: 300000, script: 30000}, unhandledPromptBehavior: dismiss and notify}
Session ID: d9852112-4999-4736-9597-b2e41b3f19bb
	at org.openqa.selenium.remote.http.W3CHttpResponseCodec.createException(W3CHttpResponseCodec.java:187)
	at org.openqa.selenium.remote.http.W3CHttpResponseCodec.decode(W3CHttpResponseCodec.java:122)
	at org.openqa.selenium.remote.http.W3CHttpResponseCodec.decode(W3CHttpResponseCodec.java:49)
	at org.openqa.selenium.remote.HttpCommandExecutor.execute(HttpCommandExecutor.java:158)
	at org.openqa.selenium.remote.service.DriverCommandExecutor.execute(DriverCommandExecutor.java:83)
	at org.openqa.selenium.remote.RemoteWebDriver.execute(RemoteWebDriver.java:552)
	at com.kms.katalon.selenium.driver.CFirefoxDriver.execute(CFirefoxDriver.java:27)
	at org.openqa.selenium.remote.RemoteWebElement.execute(RemoteWebElement.java:285)
	at org.openqa.selenium.remote.RemoteWebElement.click(RemoteWebElement.java:84)
	at org.openqa.selenium.support.events.EventFiringWebDriver$EventFiringWebElement.lambda$new$0(EventFiringWebDriver.java:404)
	at com.sun.proxy.$Proxy9.click(Unknown Source)
	at org.openqa.selenium.support.events.EventFiringWebDriver$EventFiringWebElement.click(EventFiringWebDriver.java:417)
	at com.kms.katalon.core.webui.keyword.builtin.ClickKeyword$_click_closure1.doCall(ClickKeyword.groovy:69)
	at com.kms.katalon.core.webui.keyword.builtin.ClickKeyword$_click_closure1.call(ClickKeyword.groovy)
	at com.kms.katalon.core.webui.keyword.internal.WebUIKeywordMain.runKeyword(WebUIKeywordMain.groovy:20)
	at com.kms.katalon.core.webui.keyword.builtin.ClickKeyword.click(ClickKeyword.groovy:76)
	at com.kms.katalon.core.webui.keyword.builtin.ClickKeyword.execute(ClickKeyword.groovy:43)
	at com.kms.katalon.core.keyword.internal.KeywordExecutor.executeKeywordForPlatform(KeywordExecutor.groovy:72)
	at com.kms.katalon.core.webui.keyword.WebUiBuiltInKeywords.click(WebUiBuiltInKeywords.groovy:604)
	at com.kms.katalon.core.webui.keyword.WebUiBuiltInKeywords$click$3.call(Unknown Source)
	at Script1566310608953.run(Script1566310608953.groovy:160)
	at com.kms.katalon.core.main.ScriptEngine.run(ScriptEngine.java:194)
	at com.kms.katalon.core.main.ScriptEngine.runScriptAsRawText(ScriptEngine.java:119)
	at com.kms.katalon.core.main.TestCaseExecutor.runScript(TestCaseExecutor.java:337)
	at com.kms.katalon.core.main.TestCaseExecutor.doExecute(TestCaseExecutor.java:328)
	at com.kms.katalon.core.main.TestCaseExecutor.processExecutionPhase(TestCaseExecutor.java:307)
	at com.kms.katalon.core.main.TestCaseExecutor.accessMainPhase(TestCaseExecutor.java:299)
	at com.kms.katalon.core.main.TestCaseExecutor.execute(TestCaseExecutor.java:233)
	at com.kms.katalon.core.main.TestCaseMain.runTestCase(TestCaseMain.java:114)
	at com.kms.katalon.core.keyword.builtin.CallTestCaseKeyword$_callTestCase_closure1.doCall(CallTestCaseKeyword.groovy:59)
	at com.kms.katalon.core.keyword.builtin.CallTestCaseKeyword$_callTestCase_closure1.call(CallTestCaseKeyword.groovy)
	at com.kms.katalon.core.keyword.internal.KeywordMain.runKeyword(KeywordMain.groovy:68)
	at com.kms.katalon.core.keyword.builtin.CallTestCaseKeyword.callTestCase(CallTestCaseKeyword.groovy:81)
	at com.kms.katalon.core.keyword.builtin.CallTestCaseKeyword.execute(CallTestCaseKeyword.groovy:44)
	at com.kms.katalon.core.keyword.internal.KeywordExecutor.executeKeywordForPlatform(KeywordExecutor.groovy:72)
	at com.kms.katalon.core.keyword.BuiltinKeywords.callTestCase(BuiltinKeywords.groovy:334)
	at Script1562746955672.run(Script1562746955672.groovy:71)
	... 13 more
)
[[ATTACHMENT|C:\\Users\\davidho\\git\\src\\Reports\\20200420_150151\\Trade_Location_Multiple_Search\\20200420_150157\\1587392222834.png]]

2020-04-20 15:17:03 - [TEST_STEP][PASSED] - "---------------------------------": null

2020-04-20 15:17:03 - [TEST_STEP][PASSED] - "COOKIE POPOUT REMOVED - Confirmed": null

2020-04-20 15:17:03 - [TEST_STEP][PASSED] - delay(1): Delayed 1 second(s)

2020-04-20 15:17:04 - [MESSAGE][PASSED] - Delayed 1 second(s)

2020-04-20 15:17:04 - [TEST_STEP][PASSED] - verifyTextNotPresent("We use cookies to personalise content and ads, to provide social media features and to analyse our traffic", false): Text 'We use cookies to personalise content and ads, to provide social media features and to analyse our traffic' is not present on page

2020-04-20 15:17:05 - [MESSAGE][PASSED] - Text 'We use cookies to personalise content and ads, to provide social media features and to analyse our traffic' is not present on page

2020-04-20 15:17:05 - [TEST_STEP][PASSED] - verifyTextNotPresent(" We also share information about your use of our site with our social media, advertising and analytics partners", false): Text ' We also share information about your use of our site with our social media, advertising and analytics partners' is not present on page

2020-04-20 15:17:06 - [MESSAGE][PASSED] - Text ' We also share information about your use of our site with our social media, advertising and analytics partners' is not present on page

2020-04-20 15:17:06 - [TEST_STEP][FAILED] - verifyTextNotPresent("Cookie Policy", false): Text 'Cookie Policy' is present on page  (Root cause: com.kms.katalon.core.exception.StepFailedException: Text 'Cookie Policy' is present on page 
	at com.kms.katalon.core.webui.keyword.internal.WebUIKeywordMain.stepFailed(WebUIKeywordMain.groovy:64)
	at com.kms.katalon.core.webui.keyword.builtin.VerifyTextNotPresentKeyword$_verifyTextNotPresent_closure1.doCall(VerifyTextNotPresentKeyword.groovy:77)
	at com.kms.katalon.core.webui.keyword.builtin.VerifyTextNotPresentKeyword$_verifyTextNotPresent_closure1.call(VerifyTextNotPresentKeyword.groovy)
	at com.kms.katalon.core.webui.keyword.internal.WebUIKeywordMain.runKeyword(WebUIKeywordMain.groovy:20)
	at com.kms.katalon.core.webui.keyword.builtin.VerifyTextNotPresentKeyword.verifyTextNotPresent(VerifyTextNotPresentKeyword.groovy:82)
	at com.kms.katalon.core.webui.keyword.builtin.VerifyTextNotPresentKeyword.execute(VerifyTextNotPresentKeyword.groovy:68)
	at com.kms.katalon.core.keyword.internal.KeywordExecutor.executeKeywordForPlatform(KeywordExecutor.groovy:72)
	at com.kms.katalon.core.webui.keyword.WebUiBuiltInKeywords.verifyTextNotPresent(WebUiBuiltInKeywords.groovy:1752)
	at com.kms.katalon.core.webui.keyword.WebUiBuiltInKeywords$verifyTextNotPresent$4.call(Unknown Source)
	at CAT_Setup.run(CAT_Setup:177)
	at com.kms.katalon.core.main.ScriptEngine.run(ScriptEngine.java:194)
	at com.kms.katalon.core.main.ScriptEngine.runScriptAsRawText(ScriptEngine.java:119)
	at com.kms.katalon.core.main.TestCaseExecutor.runScript(TestCaseExecutor.java:337)
	at com.kms.katalon.core.main.TestCaseExecutor.doExecute(TestCaseExecutor.java:328)
	at com.kms.katalon.core.main.TestCaseExecutor.processExecutionPhase(TestCaseExecutor.java:307)
	at com.kms.katalon.core.main.TestCaseExecutor.accessMainPhase(TestCaseExecutor.java:299)
	at com.kms.katalon.core.main.TestCaseExecutor.execute(TestCaseExecutor.java:233)
	at com.kms.katalon.core.main.TestCaseMain.runTestCase(TestCaseMain.java:114)
	at com.kms.katalon.core.keyword.builtin.CallTestCaseKeyword$_callTestCase_closure1.doCall(CallTestCaseKeyword.groovy:59)
	at com.kms.katalon.core.keyword.builtin.CallTestCaseKeyword$_callTestCase_closure1.call(CallTestCaseKeyword.groovy)
	at com.kms.katalon.core.keyword.internal.KeywordMain.runKeyword(KeywordMain.groovy:68)
	at com.kms.katalon.core.keyword.builtin.CallTestCaseKeyword.callTestCase(CallTestCaseKeyword.groovy:81)
	at com.kms.katalon.core.keyword.builtin.CallTestCaseKeyword.execute(CallTestCaseKeyword.groovy:44)
	at com.kms.katalon.core.keyword.internal.KeywordExecutor.executeKeywordForPlatform(KeywordExecutor.groovy:72)
	at com.kms.katalon.core.keyword.BuiltinKeywords.callTestCase(BuiltinKeywords.groovy:334)
	at Trade_Location_Search.run(Trade_Location_Search:71)
	at com.kms.katalon.core.main.ScriptEngine.run(ScriptEngine.java:194)
	at com.kms.katalon.core.main.ScriptEngine.runScriptAsRawText(ScriptEngine.java:119)
	at com.kms.katalon.core.main.TestCaseExecutor.runScript(TestCaseExecutor.java:337)
	at com.kms.katalon.core.main.TestCaseExecutor.doExecute(TestCaseExecutor.java:328)
	at com.kms.katalon.core.main.TestCaseExecutor.processExecutionPhase(TestCaseExecutor.java:307)
	at com.kms.katalon.core.main.TestCaseExecutor.accessMainPhase(TestCaseExecutor.java:299)
	at com.kms.katalon.core.main.TestCaseExecutor.execute(TestCaseExecutor.java:233)
	at com.kms.katalon.core.main.TestSuiteExecutor.accessTestCaseMainPhase(TestSuiteExecutor.java:169)
	at com.kms.katalon.core.main.TestSuiteExecutor.accessTestSuiteMainPhase(TestSuiteExecutor.java:142)
	at com.kms.katalon.core.main.TestSuiteExecutor.execute(TestSuiteExecutor.java:91)
	at com.kms.katalon.core.main.TestCaseMain.startTestSuite(TestCaseMain.java:157)
	at com.kms.katalon.core.main.TestCaseMain$startTestSuite$0.call(Unknown Source)
	at TempTestSuite1587391317561.run(TempTestSuite1587391317561.groovy:36)
)

2020-04-20 15:17:06 - [MESSAGE][FAILED] - Text 'Cookie Policy' is present on page  (Root cause: com.kms.katalon.core.exception.StepFailedException: Text 'Cookie Policy' is present on page 
	at com.kms.katalon.core.webui.keyword.internal.WebUIKeywordMain.stepFailed(WebUIKeywordMain.groovy:64)
	at com.kms.katalon.core.webui.keyword.builtin.VerifyTextNotPresentKeyword$_verifyTextNotPresent_closure1.doCall(VerifyTextNotPresentKeyword.groovy:77)
	at com.kms.katalon.core.webui.keyword.builtin.VerifyTextNotPresentKeyword$_verifyTextNotPresent_closure1.call(VerifyTextNotPresentKeyword.groovy)
	at com.kms.katalon.core.webui.keyword.internal.WebUIKeywordMain.runKeyword(WebUIKeywordMain.groovy:20)
	at com.kms.katalon.core.webui.keyword.builtin.VerifyTextNotPresentKeyword.verifyTextNotPresent(VerifyTextNotPresentKeyword.groovy:82)
	at com.kms.katalon.core.webui.keyword.builtin.VerifyTextNotPresentKeyword.execute(VerifyTextNotPresentKeyword.groovy:68)
	at com.kms.katalon.core.keyword.internal.KeywordExecutor.executeKeywordForPlatform(KeywordExecutor.groovy:72)
	at com.kms.katalon.core.webui.keyword.WebUiBuiltInKeywords.verifyTextNotPresent(WebUiBuiltInKeywords.groovy:1752)
	at com.kms.katalon.core.webui.keyword.WebUiBuiltInKeywords$verifyTextNotPresent$4.call(Unknown Source)
	at CAT_Setup.run(CAT_Setup:177)
	at com.kms.katalon.core.main.ScriptEngine.run(ScriptEngine.java:194)
	at com.kms.katalon.core.main.ScriptEngine.runScriptAsRawText(ScriptEngine.java:119)
	at com.kms.katalon.core.main.TestCaseExecutor.runScript(TestCaseExecutor.java:337)
	at com.kms.katalon.core.main.TestCaseExecutor.doExecute(TestCaseExecutor.java:328)
	at com.kms.katalon.core.main.TestCaseExecutor.processExecutionPhase(TestCaseExecutor.java:307)
	at com.kms.katalon.core.main.TestCaseExecutor.accessMainPhase(TestCaseExecutor.java:299)
	at com.kms.katalon.core.main.TestCaseExecutor.execute(TestCaseExecutor.java:233)
	at com.kms.katalon.core.main.TestCaseMain.runTestCase(TestCaseMain.java:114)
	at com.kms.katalon.core.keyword.builtin.CallTestCaseKeyword$_callTestCase_closure1.doCall(CallTestCaseKeyword.groovy:59)
	at com.kms.katalon.core.keyword.builtin.CallTestCaseKeyword$_callTestCase_closure1.call(CallTestCaseKeyword.groovy)
	at com.kms.katalon.core.keyword.internal.KeywordMain.runKeyword(KeywordMain.groovy:68)
	at com.kms.katalon.core.keyword.builtin.CallTestCaseKeyword.callTestCase(CallTestCaseKeyword.groovy:81)
	at com.kms.katalon.core.keyword.builtin.CallTestCaseKeyword.execute(CallTestCaseKeyword.groovy:44)
	at com.kms.katalon.core.keyword.internal.KeywordExecutor.executeKeywordForPlatform(KeywordExecutor.groovy:72)
	at com.kms.katalon.core.keyword.BuiltinKeywords.callTestCase(BuiltinKeywords.groovy:334)
	at Trade_Location_Search.run(Trade_Location_Search:71)
	at com.kms.katalon.core.main.ScriptEngine.run(ScriptEngine.java:194)
	at com.kms.katalon.core.main.ScriptEngine.runScriptAsRawText(ScriptEngine.java:119)
	at com.kms.katalon.core.main.TestCaseExecutor.runScript(TestCaseExecutor.java:337)
	at com.kms.katalon.core.main.TestCaseExecutor.doExecute(TestCaseExecutor.java:328)
	at com.kms.katalon.core.main.TestCaseExecutor.processExecutionPhase(TestCaseExecutor.java:307)
	at com.kms.katalon.core.main.TestCaseExecutor.accessMainPhase(TestCaseExecutor.java:299)
	at com.kms.katalon.core.main.TestCaseExecutor.execute(TestCaseExecutor.java:233)
	at com.kms.katalon.core.main.TestSuiteExecutor.accessTestCaseMainPhase(TestSuiteExecutor.java:169)
	at com.kms.katalon.core.main.TestSuiteExecutor.accessTestSuiteMainPhase(TestSuiteExecutor.java:142)
	at com.kms.katalon.core.main.TestSuiteExecutor.execute(TestSuiteExecutor.java:91)
	at com.kms.katalon.core.main.TestCaseMain.startTestSuite(TestCaseMain.java:157)
	at com.kms.katalon.core.main.TestCaseMain$startTestSuite$0.call(Unknown Source)
	at TempTestSuite1587391317561.run(TempTestSuite1587391317561.groovy:36)
)

2020-04-20 15:17:06 - [TEST_STEP][PASSED] - waitForPageLoad(60): Wait for page load successfully

2020-04-20 15:17:06 - [MESSAGE][PASSED] - Wait for page load successfully

2020-04-20 15:17:06 - [TEST_STEP][PASSED] - "COOKIE - ORIGINAL": null

2020-04-20 15:17:06 - [TEST_STEP][PASSED] - if (waitForElementVisible(findTestObject("Object Repository/Feedback/Page_Checkatrade Give your feedback/input_Member_to_Review"), 5)): Web element with id: 'Object Repository/Feedback/Page_Checkatrade Give your feedback/input_Member_to_Review' located by 'By.xpath: //input[@id='feedback-form__company_autocomplete_input']' not found

2020-04-20 15:17:11 - [MESSAGE][INFO] - Unable to find the element located by 'By.xpath: //input[@id='feedback-form__company_autocomplete_input']'. Please recheck the objects properties to make sure the desired element is located. 

2020-04-20 15:17:11 - [MESSAGE][WARNING] - Web element with id: 'Object Repository/Feedback/Page_Checkatrade Give your feedback/input_Member_to_Review' located by 'By.xpath: //input[@id='feedback-form__company_autocomplete_input']' not found

2020-04-20 15:17:11 - [TEST_STEP][PASSED] - else: The <<<OLD>>> Website was detected by the STARTUP Process

2020-04-20 15:17:11 - [TEST_STEP][PASSED] - if (!(verifyElementVisible(findTestObject("Object Repository/Checkatrade_Trade_Search_Page/Page_Checkatrade Find a tradesperson you can trust/input_Search_Button_FF")))): Object 'Object Repository/Checkatrade_Trade_Search_Page/Page_Checkatrade Find a tradesperson you can trust/input_Search_Button_FF' is visible

2020-04-20 15:17:12 - [MESSAGE][PASSED] - Object 'Object Repository/Checkatrade_Trade_Search_Page/Page_Checkatrade Find a tradesperson you can trust/input_Search_Button_FF' is visible

2020-04-20 15:17:12 - [TEST_STEP][PASSED] - else: The <<<OLD>>> Website was detected by the STARTUP Process

2020-04-20 15:17:12 - [TEST_STEP][PASSED] - Website_Version = "old": null

2020-04-20 15:17:12 - [TEST_STEP][PASSED] - logInfo("The <<<OLD>>> Website was detected by the STARTUP Process"): The <<<OLD>>> Website was detected by the STARTUP Process

2020-04-20 15:17:12 - [MESSAGE][INFO] - The <<<OLD>>> Website was detected by the STARTUP Process

2020-04-20 15:17:12 - [MESSAGE][WARNING] - Unable to call Test Case 'Test Cases/Reusable_Test_Sequences/CAT_Setup' (Root cause: com.kms.katalon.core.exception.StepFailedException: Call Test Case 'Test Cases/Reusable_Test_Sequences/CAT_Setup' failed
	at com.kms.katalon.core.keyword.builtin.CallTestCaseKeyword$_callTestCase_closure1.doCall(CallTestCaseKeyword.groovy:63)
	at com.kms.katalon.core.keyword.builtin.CallTestCaseKeyword$_callTestCase_closure1.call(CallTestCaseKeyword.groovy)
	at com.kms.katalon.core.keyword.internal.KeywordMain.runKeyword(KeywordMain.groovy:68)
	at com.kms.katalon.core.keyword.builtin.CallTestCaseKeyword.callTestCase(CallTestCaseKeyword.groovy:81)
	at com.kms.katalon.core.keyword.builtin.CallTestCaseKeyword.execute(CallTestCaseKeyword.groovy:44)
	at com.kms.katalon.core.keyword.internal.KeywordExecutor.executeKeywordForPlatform(KeywordExecutor.groovy:72)
	at com.kms.katalon.core.keyword.BuiltinKeywords.callTestCase(BuiltinKeywords.groovy:334)
	at Trade_Location_Search.run(Trade_Location_Search:71)
	at com.kms.katalon.core.main.ScriptEngine.run(ScriptEngine.java:194)
	at com.kms.katalon.core.main.ScriptEngine.runScriptAsRawText(ScriptEngine.java:119)
	at com.kms.katalon.core.main.TestCaseExecutor.runScript(TestCaseExecutor.java:337)
	at com.kms.katalon.core.main.TestCaseExecutor.doExecute(TestCaseExecutor.java:328)
	at com.kms.katalon.core.main.TestCaseExecutor.processExecutionPhase(TestCaseExecutor.java:307)
	at com.kms.katalon.core.main.TestCaseExecutor.accessMainPhase(TestCaseExecutor.java:299)
	at com.kms.katalon.core.main.TestCaseExecutor.execute(TestCaseExecutor.java:233)
	at com.kms.katalon.core.main.TestSuiteExecutor.accessTestCaseMainPhase(TestSuiteExecutor.java:169)
	at com.kms.katalon.core.main.TestSuiteExecutor.accessTestSuiteMainPhase(TestSuiteExecutor.java:142)
	at com.kms.katalon.core.main.TestSuiteExecutor.execute(TestSuiteExecutor.java:91)
	at com.kms.katalon.core.main.TestCaseMain.startTestSuite(TestCaseMain.java:157)
	at com.kms.katalon.core.main.TestCaseMain$startTestSuite$0.call(Unknown Source)
	at TempTestSuite1587391317561.run(TempTestSuite1587391317561.groovy:36)
Caused by: com.kms.katalon.core.exception.StepFailedException: Text 'Cookie Policy' is present on page  (Root cause: com.kms.katalon.core.exception.StepFailedException: Text 'Cookie Policy' is present on page 
	at com.kms.katalon.core.webui.keyword.internal.WebUIKeywordMain.stepFailed(WebUIKeywordMain.groovy:64)
	at com.kms.katalon.core.webui.keyword.builtin.VerifyTextNotPresentKeyword$_verifyTextNotPresent_closure1.doCall(VerifyTextNotPresentKeyword.groovy:77)
	at com.kms.katalon.core.webui.keyword.builtin.VerifyTextNotPresentKeyword$_verifyTextNotPresent_closure1.call(VerifyTextNotPresentKeyword.groovy)
	at com.kms.katalon.core.webui.keyword.internal.WebUIKeywordMain.runKeyword(WebUIKeywordMain.groovy:20)
	at com.kms.katalon.core.webui.keyword.builtin.VerifyTextNotPresentKeyword.verifyTextNotPresent(VerifyTextNotPresentKeyword.groovy:82)
	at com.kms.katalon.core.webui.keyword.builtin.VerifyTextNotPresentKeyword.execute(VerifyTextNotPresentKeyword.groovy:68)
	at com.kms.katalon.core.keyword.internal.KeywordExecutor.executeKeywordForPlatform(KeywordExecutor.groovy:72)
	at com.kms.katalon.core.webui.keyword.WebUiBuiltInKeywords.verifyTextNotPresent(WebUiBuiltInKeywords.groovy:1752)
	at com.kms.katalon.core.webui.keyword.WebUiBuiltInKeywords$verifyTextNotPresent$4.call(Unknown Source)
	at CAT_Setup.run(CAT_Setup:177)
	at com.kms.katalon.core.main.ScriptEngine.run(ScriptEngine.java:194)
	at com.kms.katalon.core.main.ScriptEngine.runScriptAsRawText(ScriptEngine.java:119)
	at com.kms.katalon.core.main.TestCaseExecutor.runScript(TestCaseExecutor.java:337)
	at com.kms.katalon.core.main.TestCaseExecutor.doExecute(TestCaseExecutor.java:328)
	at com.kms.katalon.core.main.TestCaseExecutor.processExecutionPhase(TestCaseExecutor.java:307)
	at com.kms.katalon.core.main.TestCaseExecutor.accessMainPhase(TestCaseExecutor.java:299)
	at com.kms.katalon.core.main.TestCaseExecutor.execute(TestCaseExecutor.java:233)
	at com.kms.katalon.core.main.TestCaseMain.runTestCase(TestCaseMain.java:114)
	at com.kms.katalon.core.keyword.builtin.CallTestCaseKeyword$_callTestCase_closure1.doCall(CallTestCaseKeyword.groovy:59)
	at com.kms.katalon.core.keyword.builtin.CallTestCaseKeyword$_callTestCase_closure1.call(CallTestCaseKeyword.groovy)
	at com.kms.katalon.core.keyword.internal.KeywordMain.runKeyword(KeywordMain.groovy:68)
	at com.kms.katalon.core.keyword.builtin.CallTestCaseKeyword.callTestCase(CallTestCaseKeyword.groovy:81)
	at com.kms.katalon.core.keyword.builtin.CallTestCaseKeyword.execute(CallTestCaseKeyword.groovy:44)
	at com.kms.katalon.core.keyword.internal.KeywordExecutor.executeKeywordForPlatform(KeywordExecutor.groovy:72)
	at com.kms.katalon.core.keyword.BuiltinKeywords.callTestCase(BuiltinKeywords.groovy:334)
	at Trade_Location_Search.run(Trade_Location_Search:71)
	at com.kms.katalon.core.main.ScriptEngine.run(ScriptEngine.java:194)
	at com.kms.katalon.core.main.ScriptEngine.runScriptAsRawText(ScriptEngine.java:119)
	at com.kms.katalon.core.main.TestCaseExecutor.runScript(TestCaseExecutor.java:337)
	at com.kms.katalon.core.main.TestCaseExecutor.doExecute(TestCaseExecutor.java:328)
	at com.kms.katalon.core.main.TestCaseExecutor.processExecutionPhase(TestCaseExecutor.java:307)
	at com.kms.katalon.core.main.TestCaseExecutor.accessMainPhase(TestCaseExecutor.java:299)
	at com.kms.katalon.core.main.TestCaseExecutor.execute(TestCaseExecutor.java:233)
	at com.kms.katalon.core.main.TestSuiteExecutor.accessTestCaseMainPhase(TestSuiteExecutor.java:169)
	at com.kms.katalon.core.main.TestSuiteExecutor.accessTestSuiteMainPhase(TestSuiteExecutor.java:142)
	at com.kms.katalon.core.main.TestSuiteExecutor.execute(TestSuiteExecutor.java:91)
	at com.kms.katalon.core.main.TestCaseMain.startTestSuite(TestCaseMain.java:157)
	at com.kms.katalon.core.main.TestCaseMain$startTestSuite$0.call(Unknown Source)
	at TempTestSuite1587391317561.run(TempTestSuite1587391317561.groovy:36)
)
	at com.kms.katalon.core.keyword.internal.KeywordMain.stepFailed(KeywordMain.groovy:39)
	at com.kms.katalon.core.webui.keyword.internal.WebUIKeywordMain.stepFailed(WebUIKeywordMain.groovy:64)
	at com.kms.katalon.core.webui.keyword.builtin.VerifyTextNotPresentKeyword$_verifyTextNotPresent_closure1.doCall(VerifyTextNotPresentKeyword.groovy:77)
	at com.kms.katalon.core.webui.keyword.builtin.VerifyTextNotPresentKeyword$_verifyTextNotPresent_closure1.call(VerifyTextNotPresentKeyword.groovy)
	at com.kms.katalon.core.webui.keyword.internal.WebUIKeywordMain.runKeyword(WebUIKeywordMain.groovy:20)
	at com.kms.katalon.core.webui.keyword.builtin.VerifyTextNotPresentKeyword.verifyTextNotPresent(VerifyTextNotPresentKeyword.groovy:82)
	at com.kms.katalon.core.webui.keyword.builtin.VerifyTextNotPresentKeyword.execute(VerifyTextNotPresentKeyword.groovy:68)
	at com.kms.katalon.core.keyword.internal.KeywordExecutor.executeKeywordForPlatform(KeywordExecutor.groovy:72)
	at com.kms.katalon.core.webui.keyword.WebUiBuiltInKeywords.verifyTextNotPresent(WebUiBuiltInKeywords.groovy:1752)
	at com.kms.katalon.core.webui.keyword.WebUiBuiltInKeywords$verifyTextNotPresent$4.call(Unknown Source)
	at CAT_Setup.run(CAT_Setup:177)
	at com.kms.katalon.core.main.ScriptEngine.run(ScriptEngine.java:194)
	at com.kms.katalon.core.main.ScriptEngine.runScriptAsRawText(ScriptEngine.java:119)
	at com.kms.katalon.core.main.TestCaseExecutor.runScript(TestCaseExecutor.java:337)
	at com.kms.katalon.core.main.TestCaseExecutor.doExecute(TestCaseExecutor.java:328)
	at com.kms.katalon.core.main.TestCaseExecutor.processExecutionPhase(TestCaseExecutor.java:307)
	at com.kms.katalon.core.main.TestCaseExecutor.accessMainPhase(TestCaseExecutor.java:299)
	at com.kms.katalon.core.main.TestCaseExecutor.execute(TestCaseExecutor.java:233)
	at com.kms.katalon.core.main.TestCaseMain.runTestCase(TestCaseMain.java:114)
	at com.kms.katalon.core.keyword.builtin.CallTestCaseKeyword$_callTestCase_closure1.doCall(CallTestCaseKeyword.groovy:59)
	... 20 more
Caused by: com.kms.katalon.core.exception.StepFailedException: Text 'Cookie Policy' is present on page 
	... 39 more
)

2020-04-20 15:17:12 - [TEST_STEP][PASSED] - callTestCase(findTestCase("Reusable_Test_Sequences/CAT_Home"), [:], CONTINUE_ON_FAILURE): Call Test Case 'Test Cases/Reusable_Test_Sequences/CAT_Home' successfully

2020-04-20 15:17:12 - [TEST_CASE][PASSED] - Test Cases/Reusable_Test_Sequences/CAT_Home: Test Cases/Reusable_Test_Sequences/CAT_Home

2020-04-20 15:17:12 - [TEST_STEP][PASSED] - waitForPageLoad(60): Wait for page load successfully

2020-04-20 15:17:12 - [MESSAGE][PASSED] - Wait for page load successfully

2020-04-20 15:17:12 - [TEST_STEP][PASSED] - delay(2): Delayed 2 second(s)

2020-04-20 15:17:14 - [MESSAGE][PASSED] - Delayed 2 second(s)

2020-04-20 15:17:14 - [TEST_STEP][PASSED] - "------------------------------------": null

2020-04-20 15:17:14 - [TEST_STEP][PASSED] - if (Website_Version == "new"): null

2020-04-20 15:17:14 - [TEST_STEP][PASSED] - else: Text 'Over a million visits to Checkatrade each month' is present on page 

2020-04-20 15:17:14 - [TEST_STEP][PASSED] - verifyTextPresent("Helping you find the right trade or service", false): Text 'Helping you find the right trade or service' is present on page 

2020-04-20 15:17:14 - [MESSAGE][PASSED] - Text 'Helping you find the right trade or service' is present on page 

2020-04-20 15:17:14 - [TEST_STEP][PASSED] - verifyTextPresent("Search through over", false): Text 'Search through over' is present on page 

2020-04-20 15:17:15 - [MESSAGE][PASSED] - Text 'Search through over' is present on page 

2020-04-20 15:17:15 - [TEST_STEP][PASSED] - verifyTextPresent("recommended, vetted and monitored trades and service providers for free.", false): Text 'recommended, vetted and monitored trades and service providers for free.' is present on page 

2020-04-20 15:17:16 - [MESSAGE][PASSED] - Text 'recommended, vetted and monitored trades and service providers for free.' is present on page 

2020-04-20 15:17:16 - [TEST_STEP][PASSED] - verifyTextPresent("reviews published so far – thank you!", false): Text 'reviews published so far – thank you!' is present on page 

2020-04-20 15:17:17 - [MESSAGE][PASSED] - Text 'reviews published so far – thank you!' is present on page 

2020-04-20 15:17:17 - [TEST_STEP][PASSED] - verifyTextPresent("I need a trade or service", false): Text 'I need a trade or service' is present on page 

2020-04-20 15:17:17 - [MESSAGE][PASSED] - Text 'I need a trade or service' is present on page 

2020-04-20 15:17:17 - [TEST_STEP][PASSED] - verifyTextPresent("Every trader thoroughly checked and vetted", false): Text 'Every trader thoroughly checked and vetted' is present on page 

2020-04-20 15:17:18 - [MESSAGE][PASSED] - Text 'Every trader thoroughly checked and vetted' is present on page 

2020-04-20 15:17:18 - [TEST_STEP][PASSED] - "------------------------------------": null

2020-04-20 15:17:18 - [TEST_STEP][PASSED] - verifyTextPresent("reviews published so far – thank you!", false): Text 'reviews published so far – thank you!' is present on page 

2020-04-20 15:17:18 - [MESSAGE][PASSED] - Text 'reviews published so far – thank you!' is present on page 

2020-04-20 15:17:18 - [TEST_STEP][PASSED] - verifyTextPresent("Find out more", false): Text 'Find out more' is present on page 

2020-04-20 15:17:19 - [MESSAGE][PASSED] - Text 'Find out more' is present on page 

2020-04-20 15:17:19 - [TEST_STEP][PASSED] - verifyTextPresent("I am a tradesman", false): Text 'I am a tradesman' is present on page 

2020-04-20 15:17:19 - [MESSAGE][PASSED] - Text 'I am a tradesman' is present on page 

2020-04-20 15:17:19 - [TEST_STEP][PASSED] - verifyTextPresent("Find out more", false): Text 'Find out more' is present on page 

2020-04-20 15:17:20 - [MESSAGE][PASSED] - Text 'Find out more' is present on page 

2020-04-20 15:17:20 - [TEST_STEP][PASSED] - verifyTextPresent("Over a million visits to Checkatrade each month", false): Text 'Over a million visits to Checkatrade each month' is present on page 

2020-04-20 15:17:21 - [MESSAGE][PASSED] - Text 'Over a million visits to Checkatrade each month' is present on page 

2020-04-20 15:17:21 - [MESSAGE][PASSED] - Call Test Case 'Test Cases/Reusable_Test_Sequences/CAT_Home' successfully

2020-04-20 15:17:21 - [TEST_STEP][PASSED] - "---------------------------------------": null

2020-04-20 15:17:21 - [TEST_STEP][PASSED] - " Set and SEARCH TRADE CLASSIFICATION   |": null

2020-04-20 15:17:21 - [TEST_STEP][PASSED] - callTestCase(findTestCase("Reusable_Test_Sequences/CAT_Enter_Trade_Classification"), [:], CONTINUE_ON_FAILURE): Call Test Case 'Test Cases/Reusable_Test_Sequences/CAT_Enter_Trade_Classification' successfully

2020-04-20 15:17:21 - [TEST_CASE][PASSED] - Test Cases/Reusable_Test_Sequences/CAT_Enter_Trade_Classification: Test Cases/Reusable_Test_Sequences/CAT_Enter_Trade_Classification

2020-04-20 15:17:21 - [TEST_STEP][PASSED] - "---------------------------------": null

2020-04-20 15:17:21 - [TEST_STEP][PASSED] - "Set and SEARCH SELECTED TRADE": null

2020-04-20 15:17:21 - [TEST_STEP][PASSED] - if (Website_Version == "new"): null

2020-04-20 15:17:21 - [TEST_STEP][PASSED] - else: Object: 'Object Repository/Checkatrade_Trade_Search_Page/Page_Checkatrade Find a tradesperson you can trust/input_Search_Button_FF' is clicked on

2020-04-20 15:17:21 - [TEST_STEP][PASSED] - waitForElementPresent(findTestObject("Object Repository/Checkatrade_Trade_Search_Page/Page_Checkatrade Find a tradesperson you can trust/input_Search_Button_FF"), 60): Object 'Object Repository/Checkatrade_Trade_Search_Page/Page_Checkatrade Find a tradesperson you can trust/input_Search_Button_FF' is present

2020-04-20 15:17:21 - [MESSAGE][PASSED] - Object 'Object Repository/Checkatrade_Trade_Search_Page/Page_Checkatrade Find a tradesperson you can trust/input_Search_Button_FF' is present

2020-04-20 15:17:21 - [TEST_STEP][PASSED] - click(findTestObject("Object Repository/Checkatrade_Trade_Search_Page/Page_Checkatrade Find a tradesperson you can trust/input_Search_Button_FF")): Object: 'Object Repository/Checkatrade_Trade_Search_Page/Page_Checkatrade Find a tradesperson you can trust/input_Search_Button_FF' is clicked on

2020-04-20 15:17:21 - [MESSAGE][PASSED] - Object: 'Object Repository/Checkatrade_Trade_Search_Page/Page_Checkatrade Find a tradesperson you can trust/input_Search_Button_FF' is clicked on

2020-04-20 15:17:21 - [TEST_STEP][PASSED] - setText(findTestObject("Object Repository/Checkatrade_Trade_Search_Page/Page_Checkatrade Find a tradesperson you can trust/input_Search_Button_FF"), findTestData("searchTestData").getValue("tradeClassification", row)): Text 'Electrician' is set on object 'Object Repository/Checkatrade_Trade_Search_Page/Page_Checkatrade Find a tradesperson you can trust/input_Search_Button_FF'

2020-04-20 15:17:22 - [MESSAGE][PASSED] - Text 'Electrician' is set on object 'Object Repository/Checkatrade_Trade_Search_Page/Page_Checkatrade Find a tradesperson you can trust/input_Search_Button_FF'

2020-04-20 15:17:22 - [TEST_STEP][PASSED] - click(findTestObject("Object Repository/Checkatrade_Trade_Search_Page/Page_Checkatrade Find a tradesperson you can trust/input_Search_Button_FF")): Object: 'Object Repository/Checkatrade_Trade_Search_Page/Page_Checkatrade Find a tradesperson you can trust/input_Search_Button_FF' is clicked on

2020-04-20 15:17:22 - [MESSAGE][PASSED] - Object: 'Object Repository/Checkatrade_Trade_Search_Page/Page_Checkatrade Find a tradesperson you can trust/input_Search_Button_FF' is clicked on

2020-04-20 15:17:22 - [MESSAGE][PASSED] - Call Test Case 'Test Cases/Reusable_Test_Sequences/CAT_Enter_Trade_Classification' successfully

2020-04-20 15:17:22 - [TEST_STEP][PASSED] - "---------------------------------------": null

2020-04-20 15:17:22 - [TEST_STEP][PASSED] - " Set and SEARCH TRADE LOCATION         |": null

2020-04-20 15:17:22 - [TEST_STEP][PASSED] - callTestCase(findTestCase("Reusable_Test_Sequences/CAT_Enter_Trade_Location"), [:], CONTINUE_ON_FAILURE): Call Test Case 'Test Cases/Reusable_Test_Sequences/CAT_Enter_Trade_Location' successfully

2020-04-20 15:17:22 - [TEST_CASE][PASSED] - Test Cases/Reusable_Test_Sequences/CAT_Enter_Trade_Location: Test Cases/Reusable_Test_Sequences/CAT_Enter_Trade_Location

2020-04-20 15:17:22 - [TEST_STEP][PASSED] - "---------------------------------": null

2020-04-20 15:17:22 - [TEST_STEP][PASSED] - "Set and SEARCH SELECTED LOCATION |": null

2020-04-20 15:17:22 - [TEST_STEP][PASSED] - if (Website_Version != "new"): Text 'Hayling Island' is set on object 'Object Repository/Checkatrade_Trade_Search_Page/Page_Checkatrade Find a tradesperson you can trust/input_Not here_location'

2020-04-20 15:17:22 - [TEST_STEP][PASSED] - click(findTestObject("Object Repository/Checkatrade_Trade_Search_Page/Page_Checkatrade Find a tradesperson you can trust/input_Not here_location")): Object: 'Object Repository/Checkatrade_Trade_Search_Page/Page_Checkatrade Find a tradesperson you can trust/input_Not here_location' is clicked on

2020-04-20 15:17:23 - [MESSAGE][PASSED] - Object: 'Object Repository/Checkatrade_Trade_Search_Page/Page_Checkatrade Find a tradesperson you can trust/input_Not here_location' is clicked on

2020-04-20 15:17:23 - [TEST_STEP][PASSED] - setText(findTestObject("Object Repository/Checkatrade_Trade_Search_Page/Page_Checkatrade Find a tradesperson you can trust/input_Not here_location"), findTestData("searchTestData").getValue("tradeLocation", row)): Text 'Hayling Island' is set on object 'Object Repository/Checkatrade_Trade_Search_Page/Page_Checkatrade Find a tradesperson you can trust/input_Not here_location'

2020-04-20 15:17:23 - [MESSAGE][PASSED] - Text 'Hayling Island' is set on object 'Object Repository/Checkatrade_Trade_Search_Page/Page_Checkatrade Find a tradesperson you can trust/input_Not here_location'

2020-04-20 15:17:23 - [TEST_STEP][PASSED] - if (verifyTextNotPresent("Sorry, no results found", false)): null

2020-04-20 15:17:23 - [MESSAGE][PASSED] - Text 'Sorry, no results found' is not present on page

2020-04-20 15:17:23 - [TEST_STEP][PASSED] - markPassed("The Expected Lookup Result(s) ARE being returned by the Lookup Service, AS EXPECTED"): The Expected Lookup Result(s) ARE being returned by the Lookup Service, AS EXPECTED

2020-04-20 15:17:23 - [MESSAGE][PASSED] - The Expected Lookup Result(s) ARE being returned by the Lookup Service, AS EXPECTED

2020-04-20 15:17:23 - [MESSAGE][PASSED] - Call Test Case 'Test Cases/Reusable_Test_Sequences/CAT_Enter_Trade_Location' successfully

2020-04-20 15:17:23 - [TEST_STEP][PASSED] - "---------------------------------------": null

2020-04-20 15:17:23 - [TEST_STEP][PASSED] - " Scroll Search Button into View        |": null

2020-04-20 15:17:23 - [TEST_STEP][PASSED] - "---------------------------------------": null

2020-04-20 15:17:23 - [TEST_STEP][PASSED] - "---------------------------------------": null

2020-04-20 15:17:23 - [TEST_STEP][PASSED] - " Hit Search Button                     |": null

2020-04-20 15:17:23 - [TEST_STEP][PASSED] - callTestCase(findTestCase("Reusable_Test_Sequences/CAT_Hit_Search_Button"), [:], CONTINUE_ON_FAILURE): Call Test Case 'Test Cases/Reusable_Test_Sequences/CAT_Hit_Search_Button' successfully

2020-04-20 15:17:23 - [TEST_CASE][PASSED] - Test Cases/Reusable_Test_Sequences/CAT_Hit_Search_Button: Test Cases/Reusable_Test_Sequences/CAT_Hit_Search_Button

2020-04-20 15:17:23 - [TEST_STEP][PASSED] - "---------------------------------": null

2020-04-20 15:17:23 - [TEST_STEP][PASSED] - "HIT SEARCH": null

2020-04-20 15:17:23 - [TEST_STEP][PASSED] - "---------------------------------": null

2020-04-20 15:17:23 - [TEST_STEP][PASSED] - if (Website_Version == "new"): null

2020-04-20 15:17:23 - [TEST_STEP][PASSED] - else: Object: 'Object Repository/Page_Checkatrade Find a tradesperson you can trust/a_Search' is clicked on

2020-04-20 15:17:23 - [TEST_STEP][PASSED] - waitForElementClickable(findTestObject("Object Repository/Page_Checkatrade Find a tradesperson you can trust/a_Search"), 25): Object 'Object Repository/Page_Checkatrade Find a tradesperson you can trust/a_Search' is clickable

2020-04-20 15:17:24 - [MESSAGE][PASSED] - Object 'Object Repository/Page_Checkatrade Find a tradesperson you can trust/a_Search' is clickable

2020-04-20 15:17:24 - [TEST_STEP][PASSED] - click(findTestObject("Object Repository/Page_Checkatrade Find a tradesperson you can trust/a_Search")): Object: 'Object Repository/Page_Checkatrade Find a tradesperson you can trust/a_Search' is clicked on

2020-04-20 15:17:28 - [MESSAGE][PASSED] - Object: 'Object Repository/Page_Checkatrade Find a tradesperson you can trust/a_Search' is clicked on

2020-04-20 15:17:28 - [MESSAGE][PASSED] - Call Test Case 'Test Cases/Reusable_Test_Sequences/CAT_Hit_Search_Button' successfully

2020-04-20 15:17:28 - [TEST_STEP][PASSED] - "---------------------------------------": null

2020-04-20 15:17:28 - [TEST_STEP][PASSED] - " Verify Returned Page is as Expected   |": null

2020-04-20 15:17:28 - [TEST_STEP][PASSED] - callTestCase(findTestCase("Reusable_Test_Sequences/CAT_Verification"), [:], STOP_ON_FAILURE): Call Test Case 'Test Cases/Reusable_Test_Sequences/CAT_Verification' successfully

2020-04-20 15:17:28 - [TEST_CASE][PASSED] - Test Cases/Reusable_Test_Sequences/CAT_Verification: Test Cases/Reusable_Test_Sequences/CAT_Verification

2020-04-20 15:17:28 - [TEST_STEP][PASSED] - "Updated 05/12/2019 due to wholesale Home page changes": null

2020-04-20 15:17:28 - [TEST_STEP][PASSED] - "Expected cantantenated text is Returned": null

2020-04-20 15:17:28 - [TEST_STEP][PASSED] - " DYNAMIC DELAY - Wait for <SEARCH> Button to Re-Appear after Search is completed": null

2020-04-20 15:17:28 - [TEST_STEP][PASSED] - delay(3): Delayed 3 second(s)

2020-04-20 15:17:31 - [MESSAGE][PASSED] - Delayed 3 second(s)

2020-04-20 15:17:31 - [TEST_STEP][PASSED] - waitForPageLoad(60): Wait for page load successfully

2020-04-20 15:17:31 - [MESSAGE][PASSED] - Wait for page load successfully

2020-04-20 15:17:31 - [TEST_STEP][PASSED] - delay(1): Delayed 1 second(s)

2020-04-20 15:17:32 - [MESSAGE][PASSED] - Delayed 1 second(s)

2020-04-20 15:17:32 - [TEST_STEP][PASSED] - "--------------------": null

2020-04-20 15:17:32 - [TEST_STEP][PASSED] - "----------------------------------------------------------------------------------------------------": null

2020-04-20 15:17:32 - [TEST_STEP][PASSED] - "PREVIEW INCONSISTENCY - SOMETIME THE FIRST ITERATION RETURNS 404 - SEEMS TO BE A PREVIEW GLITCH THAT OCCURS TOO OFTEN   |  23/03/2020 - DH": null

2020-04-20 15:17:32 - [TEST_STEP][PASSED] - "------------------------------------------------------------------------------------------------------------------------": null

2020-04-20 15:17:32 - [TEST_STEP][PASSED] - "NEW Approach - Detect IMPROVE SEARCH PoPout and Syn on THIS": null

2020-04-20 15:17:32 - [TEST_STEP][PASSED] - verifyTextPresent(findTestData("searchTestData").getValue("tradeClassification", row), false): Text 'Electrician' is present on page 

2020-04-20 15:17:39 - [MESSAGE][PASSED] - Text 'Electrician' is present on page 

2020-04-20 15:17:39 - [TEST_STEP][PASSED] - verifyTextPresent(findTestData("searchTestData").getValue("tradeLocation", row), false): Text 'Hayling Island' is present on page 

2020-04-20 15:17:46 - [MESSAGE][PASSED] - Text 'Hayling Island' is present on page 

2020-04-20 15:17:46 - [MESSAGE][PASSED] - Call Test Case 'Test Cases/Reusable_Test_Sequences/CAT_Verification' successfully

2020-04-20 15:17:46 - [TEST_STEP][PASSED] - "--------------------------": null

2020-04-20 15:17:46 - [TEST_STEP][PASSED] - " Teardown - CLose Browser |": null

2020-04-20 15:17:46 - [TEST_STEP][PASSED] - callTestCase(findTestCase("Reusable_Test_Sequences/CAT_Teardown"), [:], OPTIONAL): Call Test Case 'Test Cases/Reusable_Test_Sequences/CAT_Teardown' successfully

2020-04-20 15:17:46 - [TEST_CASE][PASSED] - Test Cases/Reusable_Test_Sequences/CAT_Teardown: Test Cases/Reusable_Test_Sequences/CAT_Teardown

2020-04-20 15:17:46 - [TEST_STEP][PASSED] - closeBrowser(): Browser is closed

2020-04-20 15:17:49 - [MESSAGE][PASSED] - Browser is closed

2020-04-20 15:17:49 - [TEST_STEP][PASSED] - super.finalize(): null

2020-04-20 15:17:49 - [TEST_STEP][PASSED] - System.gc(): null

2020-04-20 15:17:50 - [MESSAGE][PASSED] - Call Test Case 'Test Cases/Reusable_Test_Sequences/CAT_Teardown' successfully

2020-04-20 15:17:50 - [TEST_STEP][PASSED] - callTestCase(findTestCase("Reusable_Test_Sequences/CAT_Setup"), [:], OPTIONAL): Call Test Case 'Test Cases/Reusable_Test_Sequences/CAT_Setup' successfully

2020-04-20 15:17:50 - [TEST_CASE][PASSED] - Test Cases/Reusable_Test_Sequences/CAT_Setup: Test Cases/Reusable_Test_Sequences/CAT_Setup

2020-04-20 15:17:50 - [TEST_STEP][PASSED] - "------------------------------": null

2020-04-20 15:17:50 - [TEST_STEP][PASSED] - " Set Mobile Device Testing    |": null

2020-04-20 15:17:50 - [TEST_STEP][PASSED] - if (Mobile_Flag == "true"): null

2020-04-20 15:17:50 - [TEST_STEP][PASSED] - "------------------------------": null

2020-04-20 15:17:50 - [TEST_STEP][PASSED] - " Set Mobile Device Testing    |": null

2020-04-20 15:17:50 - [TEST_STEP][PASSED] - "------------------------------": null

2020-04-20 15:17:50 - [TEST_STEP][PASSED] - "URL - Set from the ENVIRONMENT PROFILE ": null

2020-04-20 15:17:50 - [TEST_STEP][PASSED] - openBrowser(URL): Browser is opened with url: 'https://www.preview.checkatrade.com/'

2020-04-20 15:17:50 - [MESSAGE][INFO] - Starting 'Firefox' driver

2020-04-20 15:17:50 - [MESSAGE][INFO] - Action delay is set to 0 milliseconds

2020-04-20 15:18:00 - [MESSAGE][PASSED] - Browser is opened with url: 'https://www.preview.checkatrade.com/'

2020-04-20 15:18:00 - [TEST_STEP][PASSED] - maximizeWindow(): Current window maximized

2020-04-20 15:18:01 - [MESSAGE][PASSED] - Current window maximized

2020-04-20 15:18:01 - [TEST_STEP][PASSED] - waitForPageLoad(60): Wait for page load successfully

2020-04-20 15:18:01 - [MESSAGE][PASSED] - Wait for page load successfully

2020-04-20 15:18:01 - [TEST_STEP][PASSED] - "Previous Functionalilty Left Commented For Ease Of reversion": null

2020-04-20 15:18:01 - [TEST_STEP][PASSED] - " Katalon Try/Catches currently have issues? SEE HEADER": null

2020-04-20 15:18:01 - [TEST_STEP][PASSED] - try: Text 'Cookie Policy' is not present on page

2020-04-20 15:18:01 - [TEST_STEP][PASSED] - verifyElementPresent(findTestObject("Object Repository/Cookies/Page_Checkatrade Find a tradesperson you can trust/button_Accept All"), 5, OPTIONAL): Object 'Object Repository/Cookies/Page_Checkatrade Find a tradesperson you can trust/button_Accept All' is present

2020-04-20 15:18:01 - [MESSAGE][PASSED] - Object 'Object Repository/Cookies/Page_Checkatrade Find a tradesperson you can trust/button_Accept All' is present

2020-04-20 15:18:01 - [TEST_STEP][PASSED] - click(findTestObject("Object Repository/Cookies/Page_Checkatrade Find a tradesperson you can trust/button_Accept All"), OPTIONAL): Object: 'Object Repository/Cookies/Page_Checkatrade Find a tradesperson you can trust/button_Accept All' is clicked on

2020-04-20 15:18:02 - [MESSAGE][PASSED] - Object: 'Object Repository/Cookies/Page_Checkatrade Find a tradesperson you can trust/button_Accept All' is clicked on

2020-04-20 15:18:02 - [TEST_STEP][PASSED] - "---------------------------------": null

2020-04-20 15:18:02 - [TEST_STEP][PASSED] - "COOKIE POPOUT REMOVED - Confirmed": null

2020-04-20 15:18:02 - [TEST_STEP][PASSED] - delay(1): Delayed 1 second(s)

2020-04-20 15:18:03 - [MESSAGE][PASSED] - Delayed 1 second(s)

2020-04-20 15:18:03 - [TEST_STEP][PASSED] - verifyTextNotPresent("We use cookies to personalise content and ads, to provide social media features and to analyse our traffic", false): Text 'We use cookies to personalise content and ads, to provide social media features and to analyse our traffic' is not present on page

2020-04-20 15:18:03 - [MESSAGE][PASSED] - Text 'We use cookies to personalise content and ads, to provide social media features and to analyse our traffic' is not present on page

2020-04-20 15:18:03 - [TEST_STEP][PASSED] - verifyTextNotPresent(" We also share information about your use of our site with our social media, advertising and analytics partners", false): Text ' We also share information about your use of our site with our social media, advertising and analytics partners' is not present on page

2020-04-20 15:18:04 - [MESSAGE][PASSED] - Text ' We also share information about your use of our site with our social media, advertising and analytics partners' is not present on page

2020-04-20 15:18:04 - [TEST_STEP][PASSED] - verifyTextNotPresent("Cookie Policy", false): Text 'Cookie Policy' is not present on page

2020-04-20 15:18:05 - [MESSAGE][PASSED] - Text 'Cookie Policy' is not present on page

2020-04-20 15:18:05 - [TEST_STEP][PASSED] - waitForPageLoad(60): Wait for page load successfully

2020-04-20 15:18:05 - [MESSAGE][PASSED] - Wait for page load successfully

2020-04-20 15:18:05 - [TEST_STEP][PASSED] - "COOKIE - ORIGINAL": null

2020-04-20 15:18:05 - [TEST_STEP][PASSED] - if (waitForElementVisible(findTestObject("Object Repository/Feedback/Page_Checkatrade Give your feedback/input_Member_to_Review"), 5)): Web element with id: 'Object Repository/Feedback/Page_Checkatrade Give your feedback/input_Member_to_Review' located by 'By.xpath: //input[@id='feedback-form__company_autocomplete_input']' not found

2020-04-20 15:18:10 - [MESSAGE][INFO] - Unable to find the element located by 'By.xpath: //input[@id='feedback-form__company_autocomplete_input']'. Please recheck the objects properties to make sure the desired element is located. 

2020-04-20 15:18:10 - [MESSAGE][WARNING] - Web element with id: 'Object Repository/Feedback/Page_Checkatrade Give your feedback/input_Member_to_Review' located by 'By.xpath: //input[@id='feedback-form__company_autocomplete_input']' not found

2020-04-20 15:18:10 - [TEST_STEP][PASSED] - else: The <<<OLD>>> Website was detected by the STARTUP Process

2020-04-20 15:18:10 - [TEST_STEP][PASSED] - if (!(verifyElementVisible(findTestObject("Object Repository/Checkatrade_Trade_Search_Page/Page_Checkatrade Find a tradesperson you can trust/input_Search_Button_FF")))): Object 'Object Repository/Checkatrade_Trade_Search_Page/Page_Checkatrade Find a tradesperson you can trust/input_Search_Button_FF' is visible

2020-04-20 15:18:10 - [MESSAGE][PASSED] - Object 'Object Repository/Checkatrade_Trade_Search_Page/Page_Checkatrade Find a tradesperson you can trust/input_Search_Button_FF' is visible

2020-04-20 15:18:10 - [TEST_STEP][PASSED] - else: The <<<OLD>>> Website was detected by the STARTUP Process

2020-04-20 15:18:10 - [TEST_STEP][PASSED] - Website_Version = "old": null

2020-04-20 15:18:10 - [TEST_STEP][PASSED] - logInfo("The <<<OLD>>> Website was detected by the STARTUP Process"): The <<<OLD>>> Website was detected by the STARTUP Process

2020-04-20 15:18:10 - [MESSAGE][INFO] - The <<<OLD>>> Website was detected by the STARTUP Process

2020-04-20 15:18:10 - [MESSAGE][PASSED] - Call Test Case 'Test Cases/Reusable_Test_Sequences/CAT_Setup' successfully

2020-04-20 15:18:10 - [TEST_STEP][PASSED] - callTestCase(findTestCase("Reusable_Test_Sequences/CAT_Home"), [:], CONTINUE_ON_FAILURE): Call Test Case 'Test Cases/Reusable_Test_Sequences/CAT_Home' successfully

2020-04-20 15:18:10 - [TEST_CASE][PASSED] - Test Cases/Reusable_Test_Sequences/CAT_Home: Test Cases/Reusable_Test_Sequences/CAT_Home

2020-04-20 15:18:10 - [TEST_STEP][PASSED] - waitForPageLoad(60): Wait for page load successfully

2020-04-20 15:18:10 - [MESSAGE][PASSED] - Wait for page load successfully

2020-04-20 15:18:10 - [TEST_STEP][PASSED] - delay(2): Delayed 2 second(s)

2020-04-20 15:18:12 - [MESSAGE][PASSED] - Delayed 2 second(s)

2020-04-20 15:18:12 - [TEST_STEP][PASSED] - "------------------------------------": null

2020-04-20 15:18:12 - [TEST_STEP][PASSED] - if (Website_Version == "new"): null

2020-04-20 15:18:12 - [TEST_STEP][PASSED] - else: Text 'Over a million visits to Checkatrade each month' is present on page 

2020-04-20 15:18:12 - [TEST_STEP][PASSED] - verifyTextPresent("Helping you find the right trade or service", false): Text 'Helping you find the right trade or service' is present on page 

2020-04-20 15:18:13 - [MESSAGE][PASSED] - Text 'Helping you find the right trade or service' is present on page 

2020-04-20 15:18:13 - [TEST_STEP][PASSED] - verifyTextPresent("Search through over", false): Text 'Search through over' is present on page 

2020-04-20 15:18:13 - [MESSAGE][PASSED] - Text 'Search through over' is present on page 

2020-04-20 15:18:13 - [TEST_STEP][PASSED] - verifyTextPresent("recommended, vetted and monitored trades and service providers for free.", false): Text 'recommended, vetted and monitored trades and service providers for free.' is present on page 

2020-04-20 15:18:13 - [MESSAGE][PASSED] - Text 'recommended, vetted and monitored trades and service providers for free.' is present on page 

2020-04-20 15:18:13 - [TEST_STEP][PASSED] - verifyTextPresent("reviews published so far – thank you!", false): Text 'reviews published so far – thank you!' is present on page 

2020-04-20 15:18:14 - [MESSAGE][PASSED] - Text 'reviews published so far – thank you!' is present on page 

2020-04-20 15:18:14 - [TEST_STEP][PASSED] - verifyTextPresent("I need a trade or service", false): Text 'I need a trade or service' is present on page 

2020-04-20 15:18:14 - [MESSAGE][PASSED] - Text 'I need a trade or service' is present on page 

2020-04-20 15:18:14 - [TEST_STEP][PASSED] - verifyTextPresent("Every trader thoroughly checked and vetted", false): Text 'Every trader thoroughly checked and vetted' is present on page 

2020-04-20 15:18:16 - [MESSAGE][PASSED] - Text 'Every trader thoroughly checked and vetted' is present on page 

2020-04-20 15:18:16 - [TEST_STEP][PASSED] - "------------------------------------": null

2020-04-20 15:18:16 - [TEST_STEP][PASSED] - verifyTextPresent("reviews published so far – thank you!", false): Text 'reviews published so far – thank you!' is present on page 

2020-04-20 15:18:16 - [MESSAGE][PASSED] - Text 'reviews published so far – thank you!' is present on page 

2020-04-20 15:18:16 - [TEST_STEP][PASSED] - verifyTextPresent("Find out more", false): Text 'Find out more' is present on page 

2020-04-20 15:18:17 - [MESSAGE][PASSED] - Text 'Find out more' is present on page 

2020-04-20 15:18:17 - [TEST_STEP][PASSED] - verifyTextPresent("I am a tradesman", false): Text 'I am a tradesman' is present on page 

2020-04-20 15:18:18 - [MESSAGE][PASSED] - Text 'I am a tradesman' is present on page 

2020-04-20 15:18:18 - [TEST_STEP][PASSED] - verifyTextPresent("Find out more", false): Text 'Find out more' is present on page 

2020-04-20 15:18:18 - [MESSAGE][PASSED] - Text 'Find out more' is present on page 

2020-04-20 15:18:18 - [TEST_STEP][PASSED] - verifyTextPresent("Over a million visits to Checkatrade each month", false): Text 'Over a million visits to Checkatrade each month' is present on page 

2020-04-20 15:18:19 - [MESSAGE][PASSED] - Text 'Over a million visits to Checkatrade each month' is present on page 

2020-04-20 15:18:19 - [MESSAGE][PASSED] - Call Test Case 'Test Cases/Reusable_Test_Sequences/CAT_Home' successfully

2020-04-20 15:18:19 - [TEST_STEP][PASSED] - "---------------------------------------": null

2020-04-20 15:18:19 - [TEST_STEP][PASSED] - " Set and SEARCH TRADE CLASSIFICATION   |": null

2020-04-20 15:18:19 - [TEST_STEP][PASSED] - callTestCase(findTestCase("Reusable_Test_Sequences/CAT_Enter_Trade_Classification"), [:], CONTINUE_ON_FAILURE): Call Test Case 'Test Cases/Reusable_Test_Sequences/CAT_Enter_Trade_Classification' successfully

2020-04-20 15:18:19 - [TEST_CASE][PASSED] - Test Cases/Reusable_Test_Sequences/CAT_Enter_Trade_Classification: Test Cases/Reusable_Test_Sequences/CAT_Enter_Trade_Classification

2020-04-20 15:18:19 - [TEST_STEP][PASSED] - "---------------------------------": null

2020-04-20 15:18:19 - [TEST_STEP][PASSED] - "Set and SEARCH SELECTED TRADE": null

2020-04-20 15:18:19 - [TEST_STEP][PASSED] - if (Website_Version == "new"): null

2020-04-20 15:18:19 - [TEST_STEP][PASSED] - else: Object: 'Object Repository/Checkatrade_Trade_Search_Page/Page_Checkatrade Find a tradesperson you can trust/input_Search_Button_FF' is clicked on

2020-04-20 15:18:19 - [TEST_STEP][PASSED] - waitForElementPresent(findTestObject("Object Repository/Checkatrade_Trade_Search_Page/Page_Checkatrade Find a tradesperson you can trust/input_Search_Button_FF"), 60): Object 'Object Repository/Checkatrade_Trade_Search_Page/Page_Checkatrade Find a tradesperson you can trust/input_Search_Button_FF' is present

2020-04-20 15:18:19 - [MESSAGE][PASSED] - Object 'Object Repository/Checkatrade_Trade_Search_Page/Page_Checkatrade Find a tradesperson you can trust/input_Search_Button_FF' is present

2020-04-20 15:18:19 - [TEST_STEP][PASSED] - click(findTestObject("Object Repository/Checkatrade_Trade_Search_Page/Page_Checkatrade Find a tradesperson you can trust/input_Search_Button_FF")): Object: 'Object Repository/Checkatrade_Trade_Search_Page/Page_Checkatrade Find a tradesperson you can trust/input_Search_Button_FF' is clicked on

2020-04-20 15:18:20 - [MESSAGE][PASSED] - Object: 'Object Repository/Checkatrade_Trade_Search_Page/Page_Checkatrade Find a tradesperson you can trust/input_Search_Button_FF' is clicked on

2020-04-20 15:18:20 - [TEST_STEP][PASSED] - setText(findTestObject("Object Repository/Checkatrade_Trade_Search_Page/Page_Checkatrade Find a tradesperson you can trust/input_Search_Button_FF"), findTestData("searchTestData").getValue("tradeClassification", row)): Text 'Diagnostic Testing' is set on object 'Object Repository/Checkatrade_Trade_Search_Page/Page_Checkatrade Find a tradesperson you can trust/input_Search_Button_FF'

2020-04-20 15:18:20 - [MESSAGE][PASSED] - Text 'Diagnostic Testing' is set on object 'Object Repository/Checkatrade_Trade_Search_Page/Page_Checkatrade Find a tradesperson you can trust/input_Search_Button_FF'

2020-04-20 15:18:20 - [TEST_STEP][PASSED] - click(findTestObject("Object Repository/Checkatrade_Trade_Search_Page/Page_Checkatrade Find a tradesperson you can trust/input_Search_Button_FF")): Object: 'Object Repository/Checkatrade_Trade_Search_Page/Page_Checkatrade Find a tradesperson you can trust/input_Search_Button_FF' is clicked on

2020-04-20 15:18:21 - [MESSAGE][PASSED] - Object: 'Object Repository/Checkatrade_Trade_Search_Page/Page_Checkatrade Find a tradesperson you can trust/input_Search_Button_FF' is clicked on

2020-04-20 15:18:21 - [MESSAGE][PASSED] - Call Test Case 'Test Cases/Reusable_Test_Sequences/CAT_Enter_Trade_Classification' successfully

2020-04-20 15:18:21 - [TEST_STEP][PASSED] - "---------------------------------------": null

2020-04-20 15:18:21 - [TEST_STEP][PASSED] - " Set and SEARCH TRADE LOCATION         |": null

2020-04-20 15:18:21 - [TEST_STEP][PASSED] - callTestCase(findTestCase("Reusable_Test_Sequences/CAT_Enter_Trade_Location"), [:], CONTINUE_ON_FAILURE): Call Test Case 'Test Cases/Reusable_Test_Sequences/CAT_Enter_Trade_Location' successfully

2020-04-20 15:18:21 - [TEST_CASE][PASSED] - Test Cases/Reusable_Test_Sequences/CAT_Enter_Trade_Location: Test Cases/Reusable_Test_Sequences/CAT_Enter_Trade_Location

2020-04-20 15:18:21 - [TEST_STEP][PASSED] - "---------------------------------": null

2020-04-20 15:18:21 - [TEST_STEP][PASSED] - "Set and SEARCH SELECTED LOCATION |": null

2020-04-20 15:18:21 - [TEST_STEP][PASSED] - if (Website_Version != "new"): Text 'Angmering' is set on object 'Object Repository/Checkatrade_Trade_Search_Page/Page_Checkatrade Find a tradesperson you can trust/input_Not here_location'

2020-04-20 15:18:21 - [TEST_STEP][PASSED] - click(findTestObject("Object Repository/Checkatrade_Trade_Search_Page/Page_Checkatrade Find a tradesperson you can trust/input_Not here_location")): Object: 'Object Repository/Checkatrade_Trade_Search_Page/Page_Checkatrade Find a tradesperson you can trust/input_Not here_location' is clicked on

2020-04-20 15:18:21 - [MESSAGE][PASSED] - Object: 'Object Repository/Checkatrade_Trade_Search_Page/Page_Checkatrade Find a tradesperson you can trust/input_Not here_location' is clicked on

2020-04-20 15:18:21 - [TEST_STEP][PASSED] - setText(findTestObject("Object Repository/Checkatrade_Trade_Search_Page/Page_Checkatrade Find a tradesperson you can trust/input_Not here_location"), findTestData("searchTestData").getValue("tradeLocation", row)): Text 'Angmering' is set on object 'Object Repository/Checkatrade_Trade_Search_Page/Page_Checkatrade Find a tradesperson you can trust/input_Not here_location'

2020-04-20 15:18:21 - [MESSAGE][PASSED] - Text 'Angmering' is set on object 'Object Repository/Checkatrade_Trade_Search_Page/Page_Checkatrade Find a tradesperson you can trust/input_Not here_location'

2020-04-20 15:18:21 - [TEST_STEP][PASSED] - if (verifyTextNotPresent("Sorry, no results found", false)): null

2020-04-20 15:18:22 - [MESSAGE][PASSED] - Text 'Sorry, no results found' is not present on page

2020-04-20 15:18:22 - [TEST_STEP][PASSED] - markPassed("The Expected Lookup Result(s) ARE being returned by the Lookup Service, AS EXPECTED"): The Expected Lookup Result(s) ARE being returned by the Lookup Service, AS EXPECTED

2020-04-20 15:18:22 - [MESSAGE][PASSED] - The Expected Lookup Result(s) ARE being returned by the Lookup Service, AS EXPECTED

2020-04-20 15:18:22 - [MESSAGE][PASSED] - Call Test Case 'Test Cases/Reusable_Test_Sequences/CAT_Enter_Trade_Location' successfully

2020-04-20 15:18:22 - [TEST_STEP][PASSED] - "---------------------------------------": null

2020-04-20 15:18:22 - [TEST_STEP][PASSED] - " Scroll Search Button into View        |": null

2020-04-20 15:18:22 - [TEST_STEP][PASSED] - "---------------------------------------": null

2020-04-20 15:18:22 - [TEST_STEP][PASSED] - "---------------------------------------": null

2020-04-20 15:18:22 - [TEST_STEP][PASSED] - " Hit Search Button                     |": null

2020-04-20 15:18:22 - [TEST_STEP][PASSED] - callTestCase(findTestCase("Reusable_Test_Sequences/CAT_Hit_Search_Button"), [:], CONTINUE_ON_FAILURE): Call Test Case 'Test Cases/Reusable_Test_Sequences/CAT_Hit_Search_Button' successfully

2020-04-20 15:18:22 - [TEST_CASE][PASSED] - Test Cases/Reusable_Test_Sequences/CAT_Hit_Search_Button: Test Cases/Reusable_Test_Sequences/CAT_Hit_Search_Button

2020-04-20 15:18:22 - [TEST_STEP][PASSED] - "---------------------------------": null

2020-04-20 15:18:22 - [TEST_STEP][PASSED] - "HIT SEARCH": null

2020-04-20 15:18:22 - [TEST_STEP][PASSED] - "---------------------------------": null

2020-04-20 15:18:22 - [TEST_STEP][PASSED] - if (Website_Version == "new"): null

2020-04-20 15:18:22 - [TEST_STEP][PASSED] - else: Object: 'Object Repository/Page_Checkatrade Find a tradesperson you can trust/a_Search' is clicked on

2020-04-20 15:18:22 - [TEST_STEP][PASSED] - waitForElementClickable(findTestObject("Object Repository/Page_Checkatrade Find a tradesperson you can trust/a_Search"), 25): Object 'Object Repository/Page_Checkatrade Find a tradesperson you can trust/a_Search' is clickable

2020-04-20 15:18:22 - [MESSAGE][PASSED] - Object 'Object Repository/Page_Checkatrade Find a tradesperson you can trust/a_Search' is clickable

2020-04-20 15:18:22 - [TEST_STEP][PASSED] - click(findTestObject("Object Repository/Page_Checkatrade Find a tradesperson you can trust/a_Search")): Object: 'Object Repository/Page_Checkatrade Find a tradesperson you can trust/a_Search' is clicked on

2020-04-20 15:18:26 - [MESSAGE][PASSED] - Object: 'Object Repository/Page_Checkatrade Find a tradesperson you can trust/a_Search' is clicked on

2020-04-20 15:18:26 - [MESSAGE][PASSED] - Call Test Case 'Test Cases/Reusable_Test_Sequences/CAT_Hit_Search_Button' successfully

2020-04-20 15:18:26 - [TEST_STEP][PASSED] - "---------------------------------------": null

2020-04-20 15:18:26 - [TEST_STEP][PASSED] - " Verify Returned Page is as Expected   |": null

2020-04-20 15:18:26 - [TEST_STEP][PASSED] - callTestCase(findTestCase("Reusable_Test_Sequences/CAT_Verification"), [:], STOP_ON_FAILURE): Call Test Case 'Test Cases/Reusable_Test_Sequences/CAT_Verification' successfully

2020-04-20 15:18:26 - [TEST_CASE][PASSED] - Test Cases/Reusable_Test_Sequences/CAT_Verification: Test Cases/Reusable_Test_Sequences/CAT_Verification

2020-04-20 15:18:26 - [TEST_STEP][PASSED] - "Updated 05/12/2019 due to wholesale Home page changes": null

2020-04-20 15:18:26 - [TEST_STEP][PASSED] - "Expected cantantenated text is Returned": null

2020-04-20 15:18:26 - [TEST_STEP][PASSED] - " DYNAMIC DELAY - Wait for <SEARCH> Button to Re-Appear after Search is completed": null

2020-04-20 15:18:26 - [TEST_STEP][PASSED] - delay(3): Delayed 3 second(s)

2020-04-20 15:18:29 - [MESSAGE][PASSED] - Delayed 3 second(s)

2020-04-20 15:18:29 - [TEST_STEP][PASSED] - waitForPageLoad(60): Wait for page load successfully

2020-04-20 15:18:29 - [MESSAGE][PASSED] - Wait for page load successfully

2020-04-20 15:18:29 - [TEST_STEP][PASSED] - delay(1): Delayed 1 second(s)

2020-04-20 15:18:30 - [MESSAGE][PASSED] - Delayed 1 second(s)

2020-04-20 15:18:30 - [TEST_STEP][PASSED] - "--------------------": null

2020-04-20 15:18:30 - [TEST_STEP][PASSED] - "----------------------------------------------------------------------------------------------------": null

2020-04-20 15:18:30 - [TEST_STEP][PASSED] - "PREVIEW INCONSISTENCY - SOMETIME THE FIRST ITERATION RETURNS 404 - SEEMS TO BE A PREVIEW GLITCH THAT OCCURS TOO OFTEN   |  23/03/2020 - DH": null

2020-04-20 15:18:30 - [TEST_STEP][PASSED] - "------------------------------------------------------------------------------------------------------------------------": null

2020-04-20 15:18:30 - [TEST_STEP][PASSED] - "NEW Approach - Detect IMPROVE SEARCH PoPout and Syn on THIS": null

2020-04-20 15:18:30 - [TEST_STEP][PASSED] - verifyTextPresent(findTestData("searchTestData").getValue("tradeClassification", row), false): Text 'Diagnostic Testing' is present on page 

2020-04-20 15:18:38 - [MESSAGE][PASSED] - Text 'Diagnostic Testing' is present on page 

2020-04-20 15:18:38 - [TEST_STEP][PASSED] - verifyTextPresent(findTestData("searchTestData").getValue("tradeLocation", row), false): Text 'Angmering' is present on page 

2020-04-20 15:18:43 - [MESSAGE][PASSED] - Text 'Angmering' is present on page 

2020-04-20 15:18:43 - [MESSAGE][PASSED] - Call Test Case 'Test Cases/Reusable_Test_Sequences/CAT_Verification' successfully

2020-04-20 15:18:43 - [TEST_STEP][PASSED] - "--------------------------": null

2020-04-20 15:18:43 - [TEST_STEP][PASSED] - " Teardown - CLose Browser |": null

2020-04-20 15:18:43 - [TEST_STEP][PASSED] - callTestCase(findTestCase("Reusable_Test_Sequences/CAT_Teardown"), [:], OPTIONAL): Call Test Case 'Test Cases/Reusable_Test_Sequences/CAT_Teardown' successfully

2020-04-20 15:18:43 - [TEST_CASE][PASSED] - Test Cases/Reusable_Test_Sequences/CAT_Teardown: Test Cases/Reusable_Test_Sequences/CAT_Teardown

2020-04-20 15:18:43 - [TEST_STEP][PASSED] - closeBrowser(): Browser is closed

2020-04-20 15:18:45 - [MESSAGE][PASSED] - Browser is closed

2020-04-20 15:18:45 - [TEST_STEP][PASSED] - super.finalize(): null

2020-04-20 15:18:45 - [TEST_STEP][PASSED] - System.gc(): null

2020-04-20 15:18:45 - [MESSAGE][PASSED] - Call Test Case 'Test Cases/Reusable_Test_Sequences/CAT_Teardown' successfully

2020-04-20 15:18:45 - [TEST_STEP][PASSED] - callTestCase(findTestCase("Reusable_Test_Sequences/CAT_Setup"), [:], OPTIONAL): Call Test Case 'Test Cases/Reusable_Test_Sequences/CAT_Setup' successfully

2020-04-20 15:18:45 - [TEST_CASE][PASSED] - Test Cases/Reusable_Test_Sequences/CAT_Setup: Test Cases/Reusable_Test_Sequences/CAT_Setup

2020-04-20 15:18:45 - [TEST_STEP][PASSED] - "------------------------------": null

2020-04-20 15:18:45 - [TEST_STEP][PASSED] - " Set Mobile Device Testing    |": null

2020-04-20 15:18:45 - [TEST_STEP][PASSED] - if (Mobile_Flag == "true"): null

2020-04-20 15:18:45 - [TEST_STEP][PASSED] - "------------------------------": null

2020-04-20 15:18:45 - [TEST_STEP][PASSED] - " Set Mobile Device Testing    |": null

2020-04-20 15:18:45 - [TEST_STEP][PASSED] - "------------------------------": null

2020-04-20 15:18:45 - [TEST_STEP][PASSED] - "URL - Set from the ENVIRONMENT PROFILE ": null

2020-04-20 15:18:45 - [TEST_STEP][PASSED] - openBrowser(URL): Browser is opened with url: 'https://www.preview.checkatrade.com/'

2020-04-20 15:18:45 - [MESSAGE][INFO] - Starting 'Firefox' driver

2020-04-20 15:18:45 - [MESSAGE][INFO] - Action delay is set to 0 milliseconds

2020-04-20 15:18:56 - [MESSAGE][PASSED] - Browser is opened with url: 'https://www.preview.checkatrade.com/'

2020-04-20 15:18:56 - [TEST_STEP][PASSED] - maximizeWindow(): Current window maximized

2020-04-20 15:18:56 - [MESSAGE][PASSED] - Current window maximized

2020-04-20 15:18:56 - [TEST_STEP][PASSED] - waitForPageLoad(60): Wait for page load successfully

2020-04-20 15:18:56 - [MESSAGE][PASSED] - Wait for page load successfully

2020-04-20 15:18:56 - [TEST_STEP][PASSED] - "Previous Functionalilty Left Commented For Ease Of reversion": null

2020-04-20 15:18:56 - [TEST_STEP][PASSED] - " Katalon Try/Catches currently have issues? SEE HEADER": null

2020-04-20 15:18:56 - [TEST_STEP][PASSED] - try: Text 'Cookie Policy' is not present on page

2020-04-20 15:18:56 - [TEST_STEP][PASSED] - verifyElementPresent(findTestObject("Object Repository/Cookies/Page_Checkatrade Find a tradesperson you can trust/button_Accept All"), 5, OPTIONAL): Object 'Object Repository/Cookies/Page_Checkatrade Find a tradesperson you can trust/button_Accept All' is present

2020-04-20 15:18:56 - [MESSAGE][PASSED] - Object 'Object Repository/Cookies/Page_Checkatrade Find a tradesperson you can trust/button_Accept All' is present

2020-04-20 15:18:56 - [TEST_STEP][PASSED] - click(findTestObject("Object Repository/Cookies/Page_Checkatrade Find a tradesperson you can trust/button_Accept All"), OPTIONAL): Object: 'Object Repository/Cookies/Page_Checkatrade Find a tradesperson you can trust/button_Accept All' is clicked on

2020-04-20 15:18:57 - [MESSAGE][PASSED] - Object: 'Object Repository/Cookies/Page_Checkatrade Find a tradesperson you can trust/button_Accept All' is clicked on

2020-04-20 15:18:57 - [TEST_STEP][PASSED] - "---------------------------------": null

2020-04-20 15:18:57 - [TEST_STEP][PASSED] - "COOKIE POPOUT REMOVED - Confirmed": null

2020-04-20 15:18:57 - [TEST_STEP][PASSED] - delay(1): Delayed 1 second(s)

2020-04-20 15:18:58 - [MESSAGE][PASSED] - Delayed 1 second(s)

2020-04-20 15:18:58 - [TEST_STEP][PASSED] - verifyTextNotPresent("We use cookies to personalise content and ads, to provide social media features and to analyse our traffic", false): Text 'We use cookies to personalise content and ads, to provide social media features and to analyse our traffic' is not present on page

2020-04-20 15:18:59 - [MESSAGE][PASSED] - Text 'We use cookies to personalise content and ads, to provide social media features and to analyse our traffic' is not present on page

2020-04-20 15:18:59 - [TEST_STEP][PASSED] - verifyTextNotPresent(" We also share information about your use of our site with our social media, advertising and analytics partners", false): Text ' We also share information about your use of our site with our social media, advertising and analytics partners' is not present on page

2020-04-20 15:19:00 - [MESSAGE][PASSED] - Text ' We also share information about your use of our site with our social media, advertising and analytics partners' is not present on page

2020-04-20 15:19:00 - [TEST_STEP][PASSED] - verifyTextNotPresent("Cookie Policy", false): Text 'Cookie Policy' is not present on page

2020-04-20 15:19:01 - [MESSAGE][PASSED] - Text 'Cookie Policy' is not present on page

2020-04-20 15:19:01 - [TEST_STEP][PASSED] - waitForPageLoad(60): Wait for page load successfully

2020-04-20 15:19:01 - [MESSAGE][PASSED] - Wait for page load successfully

2020-04-20 15:19:01 - [TEST_STEP][PASSED] - "COOKIE - ORIGINAL": null

2020-04-20 15:19:01 - [TEST_STEP][PASSED] - if (waitForElementVisible(findTestObject("Object Repository/Feedback/Page_Checkatrade Give your feedback/input_Member_to_Review"), 5)): Web element with id: 'Object Repository/Feedback/Page_Checkatrade Give your feedback/input_Member_to_Review' located by 'By.xpath: //input[@id='feedback-form__company_autocomplete_input']' not found

2020-04-20 15:19:06 - [MESSAGE][INFO] - Unable to find the element located by 'By.xpath: //input[@id='feedback-form__company_autocomplete_input']'. Please recheck the objects properties to make sure the desired element is located. 

2020-04-20 15:19:06 - [MESSAGE][WARNING] - Web element with id: 'Object Repository/Feedback/Page_Checkatrade Give your feedback/input_Member_to_Review' located by 'By.xpath: //input[@id='feedback-form__company_autocomplete_input']' not found

2020-04-20 15:19:06 - [TEST_STEP][PASSED] - else: The <<<OLD>>> Website was detected by the STARTUP Process

2020-04-20 15:19:06 - [TEST_STEP][PASSED] - if (!(verifyElementVisible(findTestObject("Object Repository/Checkatrade_Trade_Search_Page/Page_Checkatrade Find a tradesperson you can trust/input_Search_Button_FF")))): Object 'Object Repository/Checkatrade_Trade_Search_Page/Page_Checkatrade Find a tradesperson you can trust/input_Search_Button_FF' is visible

2020-04-20 15:19:06 - [MESSAGE][PASSED] - Object 'Object Repository/Checkatrade_Trade_Search_Page/Page_Checkatrade Find a tradesperson you can trust/input_Search_Button_FF' is visible

2020-04-20 15:19:06 - [TEST_STEP][PASSED] - else: The <<<OLD>>> Website was detected by the STARTUP Process

2020-04-20 15:19:06 - [TEST_STEP][PASSED] - Website_Version = "old": null

2020-04-20 15:19:06 - [TEST_STEP][PASSED] - logInfo("The <<<OLD>>> Website was detected by the STARTUP Process"): The <<<OLD>>> Website was detected by the STARTUP Process

2020-04-20 15:19:06 - [MESSAGE][INFO] - The <<<OLD>>> Website was detected by the STARTUP Process

2020-04-20 15:19:06 - [MESSAGE][PASSED] - Call Test Case 'Test Cases/Reusable_Test_Sequences/CAT_Setup' successfully

2020-04-20 15:19:06 - [TEST_STEP][PASSED] - callTestCase(findTestCase("Reusable_Test_Sequences/CAT_Home"), [:], CONTINUE_ON_FAILURE): Call Test Case 'Test Cases/Reusable_Test_Sequences/CAT_Home' successfully

2020-04-20 15:19:06 - [TEST_CASE][PASSED] - Test Cases/Reusable_Test_Sequences/CAT_Home: Test Cases/Reusable_Test_Sequences/CAT_Home

2020-04-20 15:19:06 - [TEST_STEP][PASSED] - waitForPageLoad(60): Wait for page load successfully

2020-04-20 15:19:06 - [MESSAGE][PASSED] - Wait for page load successfully

2020-04-20 15:19:06 - [TEST_STEP][PASSED] - delay(2): Delayed 2 second(s)

2020-04-20 15:19:08 - [MESSAGE][PASSED] - Delayed 2 second(s)

2020-04-20 15:19:08 - [TEST_STEP][PASSED] - "------------------------------------": null

2020-04-20 15:19:08 - [TEST_STEP][PASSED] - if (Website_Version == "new"): null

2020-04-20 15:19:08 - [TEST_STEP][PASSED] - else: Text 'Over a million visits to Checkatrade each month' is present on page 

2020-04-20 15:19:08 - [TEST_STEP][PASSED] - verifyTextPresent("Helping you find the right trade or service", false): Text 'Helping you find the right trade or service' is present on page 

2020-04-20 15:19:08 - [MESSAGE][PASSED] - Text 'Helping you find the right trade or service' is present on page 

2020-04-20 15:19:08 - [TEST_STEP][PASSED] - verifyTextPresent("Search through over", false): Text 'Search through over' is present on page 

2020-04-20 15:19:08 - [MESSAGE][PASSED] - Text 'Search through over' is present on page 

2020-04-20 15:19:08 - [TEST_STEP][PASSED] - verifyTextPresent("recommended, vetted and monitored trades and service providers for free.", false): Text 'recommended, vetted and monitored trades and service providers for free.' is present on page 

2020-04-20 15:19:09 - [MESSAGE][PASSED] - Text 'recommended, vetted and monitored trades and service providers for free.' is present on page 

2020-04-20 15:19:09 - [TEST_STEP][PASSED] - verifyTextPresent("reviews published so far – thank you!", false): Text 'reviews published so far – thank you!' is present on page 

2020-04-20 15:19:09 - [MESSAGE][PASSED] - Text 'reviews published so far – thank you!' is present on page 

2020-04-20 15:19:09 - [TEST_STEP][PASSED] - verifyTextPresent("I need a trade or service", false): Text 'I need a trade or service' is present on page 

2020-04-20 15:19:10 - [MESSAGE][PASSED] - Text 'I need a trade or service' is present on page 

2020-04-20 15:19:10 - [TEST_STEP][PASSED] - verifyTextPresent("Every trader thoroughly checked and vetted", false): Text 'Every trader thoroughly checked and vetted' is present on page 

2020-04-20 15:19:11 - [MESSAGE][PASSED] - Text 'Every trader thoroughly checked and vetted' is present on page 

2020-04-20 15:19:11 - [TEST_STEP][PASSED] - "------------------------------------": null

2020-04-20 15:19:11 - [TEST_STEP][PASSED] - verifyTextPresent("reviews published so far – thank you!", false): Text 'reviews published so far – thank you!' is present on page 

2020-04-20 15:19:11 - [MESSAGE][PASSED] - Text 'reviews published so far – thank you!' is present on page 

2020-04-20 15:19:11 - [TEST_STEP][PASSED] - verifyTextPresent("Find out more", false): Text 'Find out more' is present on page 

2020-04-20 15:19:12 - [MESSAGE][PASSED] - Text 'Find out more' is present on page 

2020-04-20 15:19:12 - [TEST_STEP][PASSED] - verifyTextPresent("I am a tradesman", false): Text 'I am a tradesman' is present on page 

2020-04-20 15:19:13 - [MESSAGE][PASSED] - Text 'I am a tradesman' is present on page 

2020-04-20 15:19:13 - [TEST_STEP][PASSED] - verifyTextPresent("Find out more", false): Text 'Find out more' is present on page 

2020-04-20 15:19:14 - [MESSAGE][PASSED] - Text 'Find out more' is present on page 

2020-04-20 15:19:14 - [TEST_STEP][PASSED] - verifyTextPresent("Over a million visits to Checkatrade each month", false): Text 'Over a million visits to Checkatrade each month' is present on page 

2020-04-20 15:19:14 - [MESSAGE][PASSED] - Text 'Over a million visits to Checkatrade each month' is present on page 

2020-04-20 15:19:14 - [MESSAGE][PASSED] - Call Test Case 'Test Cases/Reusable_Test_Sequences/CAT_Home' successfully

2020-04-20 15:19:14 - [TEST_STEP][PASSED] - "---------------------------------------": null

2020-04-20 15:19:14 - [TEST_STEP][PASSED] - " Set and SEARCH TRADE CLASSIFICATION   |": null

2020-04-20 15:19:14 - [TEST_STEP][PASSED] - callTestCase(findTestCase("Reusable_Test_Sequences/CAT_Enter_Trade_Classification"), [:], CONTINUE_ON_FAILURE): Call Test Case 'Test Cases/Reusable_Test_Sequences/CAT_Enter_Trade_Classification' successfully

2020-04-20 15:19:14 - [TEST_CASE][PASSED] - Test Cases/Reusable_Test_Sequences/CAT_Enter_Trade_Classification: Test Cases/Reusable_Test_Sequences/CAT_Enter_Trade_Classification

2020-04-20 15:19:14 - [TEST_STEP][PASSED] - "---------------------------------": null

2020-04-20 15:19:14 - [TEST_STEP][PASSED] - "Set and SEARCH SELECTED TRADE": null

2020-04-20 15:19:14 - [TEST_STEP][PASSED] - if (Website_Version == "new"): null

2020-04-20 15:19:14 - [TEST_STEP][PASSED] - else: Object: 'Object Repository/Checkatrade_Trade_Search_Page/Page_Checkatrade Find a tradesperson you can trust/input_Search_Button_FF' is clicked on

2020-04-20 15:19:14 - [TEST_STEP][PASSED] - waitForElementPresent(findTestObject("Object Repository/Checkatrade_Trade_Search_Page/Page_Checkatrade Find a tradesperson you can trust/input_Search_Button_FF"), 60): Object 'Object Repository/Checkatrade_Trade_Search_Page/Page_Checkatrade Find a tradesperson you can trust/input_Search_Button_FF' is present

2020-04-20 15:19:14 - [MESSAGE][PASSED] - Object 'Object Repository/Checkatrade_Trade_Search_Page/Page_Checkatrade Find a tradesperson you can trust/input_Search_Button_FF' is present

2020-04-20 15:19:14 - [TEST_STEP][PASSED] - click(findTestObject("Object Repository/Checkatrade_Trade_Search_Page/Page_Checkatrade Find a tradesperson you can trust/input_Search_Button_FF")): Object: 'Object Repository/Checkatrade_Trade_Search_Page/Page_Checkatrade Find a tradesperson you can trust/input_Search_Button_FF' is clicked on

2020-04-20 15:19:14 - [MESSAGE][PASSED] - Object: 'Object Repository/Checkatrade_Trade_Search_Page/Page_Checkatrade Find a tradesperson you can trust/input_Search_Button_FF' is clicked on

2020-04-20 15:19:14 - [TEST_STEP][PASSED] - setText(findTestObject("Object Repository/Checkatrade_Trade_Search_Page/Page_Checkatrade Find a tradesperson you can trust/input_Search_Button_FF"), findTestData("searchTestData").getValue("tradeClassification", row)): Text 'Garage/Vehicle Services' is set on object 'Object Repository/Checkatrade_Trade_Search_Page/Page_Checkatrade Find a tradesperson you can trust/input_Search_Button_FF'

2020-04-20 15:19:15 - [MESSAGE][PASSED] - Text 'Garage/Vehicle Services' is set on object 'Object Repository/Checkatrade_Trade_Search_Page/Page_Checkatrade Find a tradesperson you can trust/input_Search_Button_FF'

2020-04-20 15:19:15 - [TEST_STEP][PASSED] - click(findTestObject("Object Repository/Checkatrade_Trade_Search_Page/Page_Checkatrade Find a tradesperson you can trust/input_Search_Button_FF")): Object: 'Object Repository/Checkatrade_Trade_Search_Page/Page_Checkatrade Find a tradesperson you can trust/input_Search_Button_FF' is clicked on

2020-04-20 15:19:15 - [MESSAGE][PASSED] - Object: 'Object Repository/Checkatrade_Trade_Search_Page/Page_Checkatrade Find a tradesperson you can trust/input_Search_Button_FF' is clicked on

2020-04-20 15:19:15 - [MESSAGE][PASSED] - Call Test Case 'Test Cases/Reusable_Test_Sequences/CAT_Enter_Trade_Classification' successfully

2020-04-20 15:19:15 - [TEST_STEP][PASSED] - "---------------------------------------": null

2020-04-20 15:19:15 - [TEST_STEP][PASSED] - " Set and SEARCH TRADE LOCATION         |": null

2020-04-20 15:19:15 - [TEST_STEP][PASSED] - callTestCase(findTestCase("Reusable_Test_Sequences/CAT_Enter_Trade_Location"), [:], CONTINUE_ON_FAILURE): Call Test Case 'Test Cases/Reusable_Test_Sequences/CAT_Enter_Trade_Location' successfully

2020-04-20 15:19:15 - [TEST_CASE][PASSED] - Test Cases/Reusable_Test_Sequences/CAT_Enter_Trade_Location: Test Cases/Reusable_Test_Sequences/CAT_Enter_Trade_Location

2020-04-20 15:19:15 - [TEST_STEP][PASSED] - "---------------------------------": null

2020-04-20 15:19:15 - [TEST_STEP][PASSED] - "Set and SEARCH SELECTED LOCATION |": null

2020-04-20 15:19:15 - [TEST_STEP][PASSED] - if (Website_Version != "new"): Text 'Rustington' is set on object 'Object Repository/Checkatrade_Trade_Search_Page/Page_Checkatrade Find a tradesperson you can trust/input_Not here_location'

2020-04-20 15:19:15 - [TEST_STEP][PASSED] - click(findTestObject("Object Repository/Checkatrade_Trade_Search_Page/Page_Checkatrade Find a tradesperson you can trust/input_Not here_location")): Object: 'Object Repository/Checkatrade_Trade_Search_Page/Page_Checkatrade Find a tradesperson you can trust/input_Not here_location' is clicked on

2020-04-20 15:19:15 - [MESSAGE][PASSED] - Object: 'Object Repository/Checkatrade_Trade_Search_Page/Page_Checkatrade Find a tradesperson you can trust/input_Not here_location' is clicked on

2020-04-20 15:19:15 - [TEST_STEP][PASSED] - setText(findTestObject("Object Repository/Checkatrade_Trade_Search_Page/Page_Checkatrade Find a tradesperson you can trust/input_Not here_location"), findTestData("searchTestData").getValue("tradeLocation", row)): Text 'Rustington' is set on object 'Object Repository/Checkatrade_Trade_Search_Page/Page_Checkatrade Find a tradesperson you can trust/input_Not here_location'

2020-04-20 15:19:16 - [MESSAGE][PASSED] - Text 'Rustington' is set on object 'Object Repository/Checkatrade_Trade_Search_Page/Page_Checkatrade Find a tradesperson you can trust/input_Not here_location'

2020-04-20 15:19:16 - [TEST_STEP][PASSED] - if (verifyTextNotPresent("Sorry, no results found", false)): null

2020-04-20 15:19:16 - [MESSAGE][PASSED] - Text 'Sorry, no results found' is not present on page

2020-04-20 15:19:16 - [TEST_STEP][PASSED] - markPassed("The Expected Lookup Result(s) ARE being returned by the Lookup Service, AS EXPECTED"): The Expected Lookup Result(s) ARE being returned by the Lookup Service, AS EXPECTED

2020-04-20 15:19:16 - [MESSAGE][PASSED] - The Expected Lookup Result(s) ARE being returned by the Lookup Service, AS EXPECTED

2020-04-20 15:19:16 - [MESSAGE][PASSED] - Call Test Case 'Test Cases/Reusable_Test_Sequences/CAT_Enter_Trade_Location' successfully

2020-04-20 15:19:16 - [TEST_STEP][PASSED] - "---------------------------------------": null

2020-04-20 15:19:16 - [TEST_STEP][PASSED] - " Scroll Search Button into View        |": null

2020-04-20 15:19:16 - [TEST_STEP][PASSED] - "---------------------------------------": null

2020-04-20 15:19:16 - [TEST_STEP][PASSED] - "---------------------------------------": null

2020-04-20 15:19:16 - [TEST_STEP][PASSED] - " Hit Search Button                     |": null

2020-04-20 15:19:16 - [TEST_STEP][PASSED] - callTestCase(findTestCase("Reusable_Test_Sequences/CAT_Hit_Search_Button"), [:], CONTINUE_ON_FAILURE): Call Test Case 'Test Cases/Reusable_Test_Sequences/CAT_Hit_Search_Button' successfully

2020-04-20 15:19:16 - [TEST_CASE][PASSED] - Test Cases/Reusable_Test_Sequences/CAT_Hit_Search_Button: Test Cases/Reusable_Test_Sequences/CAT_Hit_Search_Button

2020-04-20 15:19:16 - [TEST_STEP][PASSED] - "---------------------------------": null

2020-04-20 15:19:16 - [TEST_STEP][PASSED] - "HIT SEARCH": null

2020-04-20 15:19:16 - [TEST_STEP][PASSED] - "---------------------------------": null

2020-04-20 15:19:16 - [TEST_STEP][PASSED] - if (Website_Version == "new"): null

2020-04-20 15:19:16 - [TEST_STEP][PASSED] - else: Object: 'Object Repository/Page_Checkatrade Find a tradesperson you can trust/a_Search' is clicked on

2020-04-20 15:19:16 - [TEST_STEP][PASSED] - waitForElementClickable(findTestObject("Object Repository/Page_Checkatrade Find a tradesperson you can trust/a_Search"), 25): Object 'Object Repository/Page_Checkatrade Find a tradesperson you can trust/a_Search' is clickable

2020-04-20 15:19:16 - [MESSAGE][PASSED] - Object 'Object Repository/Page_Checkatrade Find a tradesperson you can trust/a_Search' is clickable

2020-04-20 15:19:16 - [TEST_STEP][PASSED] - click(findTestObject("Object Repository/Page_Checkatrade Find a tradesperson you can trust/a_Search")): Object: 'Object Repository/Page_Checkatrade Find a tradesperson you can trust/a_Search' is clicked on

2020-04-20 15:19:20 - [MESSAGE][PASSED] - Object: 'Object Repository/Page_Checkatrade Find a tradesperson you can trust/a_Search' is clicked on

2020-04-20 15:19:20 - [MESSAGE][PASSED] - Call Test Case 'Test Cases/Reusable_Test_Sequences/CAT_Hit_Search_Button' successfully

2020-04-20 15:19:20 - [TEST_STEP][PASSED] - "---------------------------------------": null

2020-04-20 15:19:20 - [TEST_STEP][PASSED] - " Verify Returned Page is as Expected   |": null

2020-04-20 15:19:20 - [TEST_STEP][PASSED] - callTestCase(findTestCase("Reusable_Test_Sequences/CAT_Verification"), [:], STOP_ON_FAILURE): Call Test Case 'Test Cases/Reusable_Test_Sequences/CAT_Verification' successfully

2020-04-20 15:19:20 - [TEST_CASE][PASSED] - Test Cases/Reusable_Test_Sequences/CAT_Verification: Test Cases/Reusable_Test_Sequences/CAT_Verification

2020-04-20 15:19:20 - [TEST_STEP][PASSED] - "Updated 05/12/2019 due to wholesale Home page changes": null

2020-04-20 15:19:20 - [TEST_STEP][PASSED] - "Expected cantantenated text is Returned": null

2020-04-20 15:19:20 - [TEST_STEP][PASSED] - " DYNAMIC DELAY - Wait for <SEARCH> Button to Re-Appear after Search is completed": null

2020-04-20 15:19:20 - [TEST_STEP][PASSED] - delay(3): Delayed 3 second(s)

2020-04-20 15:19:23 - [MESSAGE][PASSED] - Delayed 3 second(s)

2020-04-20 15:19:23 - [TEST_STEP][PASSED] - waitForPageLoad(60): Wait for page load successfully

2020-04-20 15:19:23 - [MESSAGE][PASSED] - Wait for page load successfully

2020-04-20 15:19:23 - [TEST_STEP][PASSED] - delay(1): Delayed 1 second(s)

2020-04-20 15:19:24 - [MESSAGE][PASSED] - Delayed 1 second(s)

2020-04-20 15:19:24 - [TEST_STEP][PASSED] - "--------------------": null

2020-04-20 15:19:24 - [TEST_STEP][PASSED] - "----------------------------------------------------------------------------------------------------": null

2020-04-20 15:19:24 - [TEST_STEP][PASSED] - "PREVIEW INCONSISTENCY - SOMETIME THE FIRST ITERATION RETURNS 404 - SEEMS TO BE A PREVIEW GLITCH THAT OCCURS TOO OFTEN   |  23/03/2020 - DH": null

2020-04-20 15:19:24 - [TEST_STEP][PASSED] - "------------------------------------------------------------------------------------------------------------------------": null

2020-04-20 15:19:24 - [TEST_STEP][PASSED] - "NEW Approach - Detect IMPROVE SEARCH PoPout and Syn on THIS": null

2020-04-20 15:19:24 - [TEST_STEP][PASSED] - verifyTextPresent(findTestData("searchTestData").getValue("tradeClassification", row), false): Text 'Garage/Vehicle Services' is present on page 

2020-04-20 15:19:32 - [MESSAGE][PASSED] - Text 'Garage/Vehicle Services' is present on page 

2020-04-20 15:19:32 - [TEST_STEP][PASSED] - verifyTextPresent(findTestData("searchTestData").getValue("tradeLocation", row), false): Text 'Rustington' is present on page 

2020-04-20 15:19:36 - [MESSAGE][PASSED] - Text 'Rustington' is present on page 

2020-04-20 15:19:36 - [MESSAGE][PASSED] - Call Test Case 'Test Cases/Reusable_Test_Sequences/CAT_Verification' successfully

2020-04-20 15:19:36 - [TEST_STEP][PASSED] - "--------------------------": null

2020-04-20 15:19:36 - [TEST_STEP][PASSED] - " Teardown - CLose Browser |": null

2020-04-20 15:19:36 - [TEST_STEP][PASSED] - callTestCase(findTestCase("Reusable_Test_Sequences/CAT_Teardown"), [:], OPTIONAL): Call Test Case 'Test Cases/Reusable_Test_Sequences/CAT_Teardown' successfully

2020-04-20 15:19:36 - [TEST_CASE][PASSED] - Test Cases/Reusable_Test_Sequences/CAT_Teardown: Test Cases/Reusable_Test_Sequences/CAT_Teardown

2020-04-20 15:19:36 - [TEST_STEP][PASSED] - closeBrowser(): Browser is closed

2020-04-20 15:19:39 - [MESSAGE][PASSED] - Browser is closed

2020-04-20 15:19:39 - [TEST_STEP][PASSED] - super.finalize(): null

2020-04-20 15:19:39 - [TEST_STEP][PASSED] - System.gc(): null

2020-04-20 15:19:39 - [MESSAGE][PASSED] - Call Test Case 'Test Cases/Reusable_Test_Sequences/CAT_Teardown' successfully]]></system-out>
         <system-err><![CDATA[]]></system-err>
      </testcase>
      <testcase name="Test Cases/Checkatrade_Tradesman_Searches/Trader_Location_Not_Listed" time="255.282" classname="Test Cases/Checkatrade_Tradesman_Searches/Trader_Location_Not_Listed" status="PASSED">
         <system-out><![CDATA[2020-04-20 15:19:39 - [TEST_CASE][PASSED] - Test Cases/Checkatrade_Tradesman_Searches/Trader_Location_Not_Listed: Test Cases/Checkatrade_Tradesman_Searches/Trader_Location_Not_Listed

2020-04-20 15:19:40 - [TEST_STEP][PASSED] - for ([row = 1, row <= findTestData("Search_Trader_Location_Data_NEG").getRowNumbers(), (internal.GlobalVariable.row++)]): Call Test Case 'Test Cases/Reusable_Test_Sequences/CAT_Teardown' successfully

2020-04-20 15:19:40 - [TEST_STEP][PASSED] - callTestCase(findTestCase("Reusable_Test_Sequences/CAT_Setup"), [:], STOP_ON_FAILURE): Call Test Case 'Test Cases/Reusable_Test_Sequences/CAT_Setup' successfully

2020-04-20 15:19:40 - [TEST_CASE][PASSED] - Test Cases/Reusable_Test_Sequences/CAT_Setup: Test Cases/Reusable_Test_Sequences/CAT_Setup

2020-04-20 15:19:40 - [TEST_STEP][PASSED] - "------------------------------": null

2020-04-20 15:19:40 - [TEST_STEP][PASSED] - " Set Mobile Device Testing    |": null

2020-04-20 15:19:40 - [TEST_STEP][PASSED] - if (Mobile_Flag == "true"): null

2020-04-20 15:19:40 - [TEST_STEP][PASSED] - "------------------------------": null

2020-04-20 15:19:40 - [TEST_STEP][PASSED] - " Set Mobile Device Testing    |": null

2020-04-20 15:19:40 - [TEST_STEP][PASSED] - "------------------------------": null

2020-04-20 15:19:40 - [TEST_STEP][PASSED] - "URL - Set from the ENVIRONMENT PROFILE ": null

2020-04-20 15:19:40 - [TEST_STEP][PASSED] - openBrowser(URL): Browser is opened with url: 'https://www.preview.checkatrade.com/'

2020-04-20 15:19:40 - [MESSAGE][INFO] - Starting 'Firefox' driver

2020-04-20 15:19:40 - [MESSAGE][INFO] - Action delay is set to 0 milliseconds

2020-04-20 15:19:49 - [MESSAGE][PASSED] - Browser is opened with url: 'https://www.preview.checkatrade.com/'

2020-04-20 15:19:49 - [TEST_STEP][PASSED] - maximizeWindow(): Current window maximized

2020-04-20 15:19:50 - [MESSAGE][PASSED] - Current window maximized

2020-04-20 15:19:50 - [TEST_STEP][PASSED] - waitForPageLoad(60): Wait for page load successfully

2020-04-20 15:19:50 - [MESSAGE][PASSED] - Wait for page load successfully

2020-04-20 15:19:50 - [TEST_STEP][PASSED] - "Previous Functionalilty Left Commented For Ease Of reversion": null

2020-04-20 15:19:50 - [TEST_STEP][PASSED] - " Katalon Try/Catches currently have issues? SEE HEADER": null

2020-04-20 15:19:50 - [TEST_STEP][PASSED] - try: Text 'Cookie Policy' is not present on page

2020-04-20 15:19:50 - [TEST_STEP][PASSED] - verifyElementPresent(findTestObject("Object Repository/Cookies/Page_Checkatrade Find a tradesperson you can trust/button_Accept All"), 5, OPTIONAL): Object 'Object Repository/Cookies/Page_Checkatrade Find a tradesperson you can trust/button_Accept All' is present

2020-04-20 15:19:50 - [MESSAGE][PASSED] - Object 'Object Repository/Cookies/Page_Checkatrade Find a tradesperson you can trust/button_Accept All' is present

2020-04-20 15:19:50 - [TEST_STEP][PASSED] - click(findTestObject("Object Repository/Cookies/Page_Checkatrade Find a tradesperson you can trust/button_Accept All"), OPTIONAL): Object: 'Object Repository/Cookies/Page_Checkatrade Find a tradesperson you can trust/button_Accept All' is clicked on

2020-04-20 15:19:51 - [MESSAGE][PASSED] - Object: 'Object Repository/Cookies/Page_Checkatrade Find a tradesperson you can trust/button_Accept All' is clicked on

2020-04-20 15:19:51 - [TEST_STEP][PASSED] - "---------------------------------": null

2020-04-20 15:19:51 - [TEST_STEP][PASSED] - "COOKIE POPOUT REMOVED - Confirmed": null

2020-04-20 15:19:51 - [TEST_STEP][PASSED] - delay(1): Delayed 1 second(s)

2020-04-20 15:19:52 - [MESSAGE][PASSED] - Delayed 1 second(s)

2020-04-20 15:19:52 - [TEST_STEP][PASSED] - verifyTextNotPresent("We use cookies to personalise content and ads, to provide social media features and to analyse our traffic", false): Text 'We use cookies to personalise content and ads, to provide social media features and to analyse our traffic' is not present on page

2020-04-20 15:19:52 - [MESSAGE][PASSED] - Text 'We use cookies to personalise content and ads, to provide social media features and to analyse our traffic' is not present on page

2020-04-20 15:19:52 - [TEST_STEP][PASSED] - verifyTextNotPresent(" We also share information about your use of our site with our social media, advertising and analytics partners", false): Text ' We also share information about your use of our site with our social media, advertising and analytics partners' is not present on page

2020-04-20 15:19:53 - [MESSAGE][PASSED] - Text ' We also share information about your use of our site with our social media, advertising and analytics partners' is not present on page

2020-04-20 15:19:53 - [TEST_STEP][PASSED] - verifyTextNotPresent("Cookie Policy", false): Text 'Cookie Policy' is not present on page

2020-04-20 15:19:54 - [MESSAGE][PASSED] - Text 'Cookie Policy' is not present on page

2020-04-20 15:19:54 - [TEST_STEP][PASSED] - waitForPageLoad(60): Wait for page load successfully

2020-04-20 15:19:54 - [MESSAGE][PASSED] - Wait for page load successfully

2020-04-20 15:19:54 - [TEST_STEP][PASSED] - "COOKIE - ORIGINAL": null

2020-04-20 15:19:54 - [TEST_STEP][PASSED] - if (waitForElementVisible(findTestObject("Object Repository/Feedback/Page_Checkatrade Give your feedback/input_Member_to_Review"), 5)): Web element with id: 'Object Repository/Feedback/Page_Checkatrade Give your feedback/input_Member_to_Review' located by 'By.xpath: //input[@id='feedback-form__company_autocomplete_input']' not found

2020-04-20 15:19:59 - [MESSAGE][INFO] - Unable to find the element located by 'By.xpath: //input[@id='feedback-form__company_autocomplete_input']'. Please recheck the objects properties to make sure the desired element is located. 

2020-04-20 15:19:59 - [MESSAGE][WARNING] - Web element with id: 'Object Repository/Feedback/Page_Checkatrade Give your feedback/input_Member_to_Review' located by 'By.xpath: //input[@id='feedback-form__company_autocomplete_input']' not found

2020-04-20 15:19:59 - [TEST_STEP][PASSED] - else: The <<<OLD>>> Website was detected by the STARTUP Process

2020-04-20 15:19:59 - [TEST_STEP][PASSED] - if (!(verifyElementVisible(findTestObject("Object Repository/Checkatrade_Trade_Search_Page/Page_Checkatrade Find a tradesperson you can trust/input_Search_Button_FF")))): Object 'Object Repository/Checkatrade_Trade_Search_Page/Page_Checkatrade Find a tradesperson you can trust/input_Search_Button_FF' is visible

2020-04-20 15:19:59 - [MESSAGE][PASSED] - Object 'Object Repository/Checkatrade_Trade_Search_Page/Page_Checkatrade Find a tradesperson you can trust/input_Search_Button_FF' is visible

2020-04-20 15:19:59 - [TEST_STEP][PASSED] - else: The <<<OLD>>> Website was detected by the STARTUP Process

2020-04-20 15:19:59 - [TEST_STEP][PASSED] - Website_Version = "old": null

2020-04-20 15:19:59 - [TEST_STEP][PASSED] - logInfo("The <<<OLD>>> Website was detected by the STARTUP Process"): The <<<OLD>>> Website was detected by the STARTUP Process

2020-04-20 15:19:59 - [MESSAGE][INFO] - The <<<OLD>>> Website was detected by the STARTUP Process

2020-04-20 15:19:59 - [MESSAGE][PASSED] - Call Test Case 'Test Cases/Reusable_Test_Sequences/CAT_Setup' successfully

2020-04-20 15:19:59 - [TEST_STEP][PASSED] - " Home Page validation Checks after COOKIE Dispelled NOT REQUIRED IN THIS INSTANCE": null

2020-04-20 15:19:59 - [TEST_STEP][PASSED] - "---------------------------------------": null

2020-04-20 15:19:59 - [TEST_STEP][PASSED] - " Set and SEARCH TRADE CLASSIFICATION   |": null

2020-04-20 15:19:59 - [TEST_STEP][PASSED] - callTestCase(findTestCase("Reusable_Test_Sequences/CAT_Enter_Trade_Classification_NEG"), [:], CONTINUE_ON_FAILURE): Call Test Case 'Test Cases/Reusable_Test_Sequences/CAT_Enter_Trade_Classification_NEG' successfully

2020-04-20 15:19:59 - [TEST_CASE][PASSED] - Test Cases/Reusable_Test_Sequences/CAT_Enter_Trade_Classification_NEG: Test Cases/Reusable_Test_Sequences/CAT_Enter_Trade_Classification_NEG

2020-04-20 15:20:00 - [TEST_STEP][PASSED] - "---------------------------------": null

2020-04-20 15:20:00 - [TEST_STEP][PASSED] - "Set and SEARCH SELECTED TRADE": null

2020-04-20 15:20:00 - [TEST_STEP][PASSED] - if (Website_Version == "new"): null

2020-04-20 15:20:00 - [TEST_STEP][PASSED] - else: Text 'Glass' is set on object 'Object Repository/Checkatrade_Trade_Search_Page/Page_Checkatrade Find a tradesperson you can trust/input_Search_Button_FF'

2020-04-20 15:20:00 - [TEST_STEP][PASSED] - click(findTestObject("Object Repository/Checkatrade_Trade_Search_Page/Page_Checkatrade Find a tradesperson you can trust/input_Search_Button_FF")): Object: 'Object Repository/Checkatrade_Trade_Search_Page/Page_Checkatrade Find a tradesperson you can trust/input_Search_Button_FF' is clicked on

2020-04-20 15:20:00 - [MESSAGE][PASSED] - Object: 'Object Repository/Checkatrade_Trade_Search_Page/Page_Checkatrade Find a tradesperson you can trust/input_Search_Button_FF' is clicked on

2020-04-20 15:20:00 - [TEST_STEP][PASSED] - setText(findTestObject("Object Repository/Checkatrade_Trade_Search_Page/Page_Checkatrade Find a tradesperson you can trust/input_Search_Button_FF"), findTestData("Search_Trader_Location_Data_NEG").getValue("tradeClassification", row)): Text 'Glass' is set on object 'Object Repository/Checkatrade_Trade_Search_Page/Page_Checkatrade Find a tradesperson you can trust/input_Search_Button_FF'

2020-04-20 15:20:00 - [MESSAGE][PASSED] - Text 'Glass' is set on object 'Object Repository/Checkatrade_Trade_Search_Page/Page_Checkatrade Find a tradesperson you can trust/input_Search_Button_FF'

2020-04-20 15:20:00 - [MESSAGE][PASSED] - Call Test Case 'Test Cases/Reusable_Test_Sequences/CAT_Enter_Trade_Classification_NEG' successfully

2020-04-20 15:20:00 - [TEST_STEP][PASSED] - "---------------------------------------": null

2020-04-20 15:20:00 - [TEST_STEP][PASSED] - " Set and SEARCH TRADE LOCATION         |": null

2020-04-20 15:20:00 - [TEST_STEP][PASSED] - callTestCase(findTestCase("Reusable_Test_Sequences/CAT_Enter_Trade_Location_NEG"), [:], CONTINUE_ON_FAILURE): Call Test Case 'Test Cases/Reusable_Test_Sequences/CAT_Enter_Trade_Location_NEG' successfully

2020-04-20 15:20:00 - [TEST_CASE][PASSED] - Test Cases/Reusable_Test_Sequences/CAT_Enter_Trade_Location_NEG: Test Cases/Reusable_Test_Sequences/CAT_Enter_Trade_Location_NEG

2020-04-20 15:20:01 - [TEST_STEP][PASSED] - "---------------------------------": null

2020-04-20 15:20:01 - [TEST_STEP][PASSED] - "Set and SEARCH SELECTED LOCATION |": null

2020-04-20 15:20:01 - [TEST_STEP][PASSED] - if (Website_Version != "new"): Text 'Peru' is set on object 'Object Repository/Checkatrade_Trade_Search_Page/Page_Checkatrade Find a tradesperson you can trust/input_Not here_location'

2020-04-20 15:20:01 - [TEST_STEP][PASSED] - click(findTestObject("Object Repository/Checkatrade_Trade_Search_Page/Page_Checkatrade Find a tradesperson you can trust/input_Not here_location")): Object: 'Object Repository/Checkatrade_Trade_Search_Page/Page_Checkatrade Find a tradesperson you can trust/input_Not here_location' is clicked on

2020-04-20 15:20:01 - [MESSAGE][PASSED] - Object: 'Object Repository/Checkatrade_Trade_Search_Page/Page_Checkatrade Find a tradesperson you can trust/input_Not here_location' is clicked on

2020-04-20 15:20:01 - [TEST_STEP][PASSED] - setText(findTestObject("Object Repository/Checkatrade_Trade_Search_Page/Page_Checkatrade Find a tradesperson you can trust/input_Not here_location"), findTestData("Search_Trader_Location_Data_NEG").getValue("tradeNameLocation", row)): Text 'Peru' is set on object 'Object Repository/Checkatrade_Trade_Search_Page/Page_Checkatrade Find a tradesperson you can trust/input_Not here_location'

2020-04-20 15:20:01 - [MESSAGE][PASSED] - Text 'Peru' is set on object 'Object Repository/Checkatrade_Trade_Search_Page/Page_Checkatrade Find a tradesperson you can trust/input_Not here_location'

2020-04-20 15:20:01 - [TEST_STEP][PASSED] - if (verifyTextNotPresent("Sorry, no results found", false)): null

2020-04-20 15:20:01 - [MESSAGE][PASSED] - Text 'Sorry, no results found' is not present on page

2020-04-20 15:20:01 - [TEST_STEP][PASSED] - markPassed("The Expected Lookup Result(s) ARE being returned by the Lookup Service, AS EXPECTED"): The Expected Lookup Result(s) ARE being returned by the Lookup Service, AS EXPECTED

2020-04-20 15:20:01 - [MESSAGE][PASSED] - The Expected Lookup Result(s) ARE being returned by the Lookup Service, AS EXPECTED

2020-04-20 15:20:01 - [MESSAGE][PASSED] - Call Test Case 'Test Cases/Reusable_Test_Sequences/CAT_Enter_Trade_Location_NEG' successfully

2020-04-20 15:20:01 - [TEST_STEP][PASSED] - "---------------------------------------": null

2020-04-20 15:20:01 - [TEST_STEP][PASSED] - " Scroll Search Button into View        |": null

2020-04-20 15:20:01 - [TEST_STEP][PASSED] - "---------------------------------------": null

2020-04-20 15:20:01 - [TEST_STEP][PASSED] - "---------------------------------------": null

2020-04-20 15:20:01 - [TEST_STEP][PASSED] - " Hit Search Button                     |": null

2020-04-20 15:20:01 - [TEST_STEP][PASSED] - callTestCase(findTestCase("Reusable_Test_Sequences/CAT_Hit_Search_Button"), [:], CONTINUE_ON_FAILURE): Call Test Case 'Test Cases/Reusable_Test_Sequences/CAT_Hit_Search_Button' successfully

2020-04-20 15:20:01 - [TEST_CASE][PASSED] - Test Cases/Reusable_Test_Sequences/CAT_Hit_Search_Button: Test Cases/Reusable_Test_Sequences/CAT_Hit_Search_Button

2020-04-20 15:20:01 - [TEST_STEP][PASSED] - "---------------------------------": null

2020-04-20 15:20:01 - [TEST_STEP][PASSED] - "HIT SEARCH": null

2020-04-20 15:20:01 - [TEST_STEP][PASSED] - "---------------------------------": null

2020-04-20 15:20:01 - [TEST_STEP][PASSED] - if (Website_Version == "new"): null

2020-04-20 15:20:01 - [TEST_STEP][PASSED] - else: Object: 'Object Repository/Page_Checkatrade Find a tradesperson you can trust/a_Search' is clicked on

2020-04-20 15:20:01 - [TEST_STEP][PASSED] - waitForElementClickable(findTestObject("Object Repository/Page_Checkatrade Find a tradesperson you can trust/a_Search"), 25): Object 'Object Repository/Page_Checkatrade Find a tradesperson you can trust/a_Search' is clickable

2020-04-20 15:20:02 - [MESSAGE][PASSED] - Object 'Object Repository/Page_Checkatrade Find a tradesperson you can trust/a_Search' is clickable

2020-04-20 15:20:02 - [TEST_STEP][PASSED] - click(findTestObject("Object Repository/Page_Checkatrade Find a tradesperson you can trust/a_Search")): Object: 'Object Repository/Page_Checkatrade Find a tradesperson you can trust/a_Search' is clicked on

2020-04-20 15:20:02 - [MESSAGE][PASSED] - Object: 'Object Repository/Page_Checkatrade Find a tradesperson you can trust/a_Search' is clicked on

2020-04-20 15:20:02 - [MESSAGE][PASSED] - Call Test Case 'Test Cases/Reusable_Test_Sequences/CAT_Hit_Search_Button' successfully

2020-04-20 15:20:02 - [TEST_STEP][PASSED] - "------------------------------------------": null

2020-04-20 15:20:02 - [TEST_STEP][PASSED] - " Expected ERROR Reported                  |": null

2020-04-20 15:20:02 - [TEST_STEP][PASSED] - callTestCase(findTestCase("Reusable_Test_Sequences/CAT_Search_Location_Not_Returned"), [:], CONTINUE_ON_FAILURE): Call Test Case 'Test Cases/Reusable_Test_Sequences/CAT_Search_Location_Not_Returned' successfully

2020-04-20 15:20:02 - [TEST_CASE][PASSED] - Test Cases/Reusable_Test_Sequences/CAT_Search_Location_Not_Returned: Test Cases/Reusable_Test_Sequences/CAT_Search_Location_Not_Returned

2020-04-20 15:20:02 - [TEST_STEP][PASSED] - "For later Extension": null

2020-04-20 15:20:02 - [TEST_STEP][PASSED] - "--------------------------------": null

2020-04-20 15:20:02 - [TEST_STEP][PASSED] - "Read data from spreadsheet      | r_ = Returned Data": null

2020-04-20 15:20:02 - [TEST_STEP][PASSED] - data = findTestData("Data Files/Search_Trader_Location_Data_NEG"): null

2020-04-20 15:20:02 - [TEST_STEP][PASSED] - Search_Trader_Location = data.getValue("tradeNameLocation", row): null

2020-04-20 15:20:02 - [TEST_STEP][PASSED] - Search_Trade_Clasification = data.getValue("tradeClassification", row): null

2020-04-20 15:20:02 - [TEST_STEP][PASSED] - "------------------------------------------------------------------------": null

2020-04-20 15:20:02 - [TEST_STEP][PASSED] - "VALUES - 1 = Enter Trade Location Status - 2 = 404 No File or Directory |": null

2020-04-20 15:20:02 - [TEST_STEP][PASSED] - Flag_Search_Location_Error = "0": null

2020-04-20 15:20:02 - [TEST_STEP][PASSED] - delay(1): Delayed 1 second(s)

2020-04-20 15:20:03 - [MESSAGE][PASSED] - Delayed 1 second(s)

2020-04-20 15:20:03 - [TEST_STEP][PASSED] - waitForPageLoad(60): Wait for page load successfully

2020-04-20 15:20:03 - [MESSAGE][PASSED] - Wait for page load successfully

2020-04-20 15:20:03 - [TEST_STEP][PASSED] - "-------------------------------------------------------------------------------------------------------------------------": null

2020-04-20 15:20:03 - [TEST_STEP][PASSED] - "Scenario 1 - Location, Incorrect Numeric Value or Postcode Returns Highlighted (RED) Text Please enter a valid Location  |": null

2020-04-20 15:20:03 - [TEST_STEP][PASSED] - try: null

2020-04-20 15:20:03 - [TEST_STEP][PASSED] - verifyTextPresent("Please enter a trade and a location", false, OPTIONAL): Text 'Please enter a trade and a location' is not present on page  (Root cause: com.kms.katalon.core.exception.StepFailedException: Text 'Please enter a trade and a location' is not present on page 
	at com.kms.katalon.core.webui.keyword.internal.WebUIKeywordMain.stepFailed(WebUIKeywordMain.groovy:64)
	at com.kms.katalon.core.webui.keyword.builtin.VerifyTextPresentKeyword$_verifyTextPresent_closure1.doCall(VerifyTextPresentKeyword.groovy:79)
	at com.kms.katalon.core.webui.keyword.builtin.VerifyTextPresentKeyword$_verifyTextPresent_closure1.call(VerifyTextPresentKeyword.groovy)
	at com.kms.katalon.core.webui.keyword.internal.WebUIKeywordMain.runKeyword(WebUIKeywordMain.groovy:20)
	at com.kms.katalon.core.webui.keyword.builtin.VerifyTextPresentKeyword.verifyTextPresent(VerifyTextPresentKeyword.groovy:83)
	at com.kms.katalon.core.webui.keyword.builtin.VerifyTextPresentKeyword.execute(VerifyTextPresentKeyword.groovy:68)
	at com.kms.katalon.core.keyword.internal.KeywordExecutor.executeKeywordForPlatform(KeywordExecutor.groovy:72)
	at com.kms.katalon.core.webui.keyword.WebUiBuiltInKeywords.verifyTextPresent(WebUiBuiltInKeywords.groovy:1703)
	at com.kms.katalon.core.webui.keyword.WebUiBuiltInKeywords$verifyTextPresent$13.call(Unknown Source)
	at CAT_Search_Location_Not_Returned.run(CAT_Search_Location_Not_Returned:42)
	at com.kms.katalon.core.main.ScriptEngine.run(ScriptEngine.java:194)
	at com.kms.katalon.core.main.ScriptEngine.runScriptAsRawText(ScriptEngine.java:119)
	at com.kms.katalon.core.main.TestCaseExecutor.runScript(TestCaseExecutor.java:337)
	at com.kms.katalon.core.main.TestCaseExecutor.doExecute(TestCaseExecutor.java:328)
	at com.kms.katalon.core.main.TestCaseExecutor.processExecutionPhase(TestCaseExecutor.java:307)
	at com.kms.katalon.core.main.TestCaseExecutor.accessMainPhase(TestCaseExecutor.java:299)
	at com.kms.katalon.core.main.TestCaseExecutor.execute(TestCaseExecutor.java:233)
	at com.kms.katalon.core.main.TestCaseMain.runTestCase(TestCaseMain.java:114)
	at com.kms.katalon.core.keyword.builtin.CallTestCaseKeyword$_callTestCase_closure1.doCall(CallTestCaseKeyword.groovy:59)
	at com.kms.katalon.core.keyword.builtin.CallTestCaseKeyword$_callTestCase_closure1.call(CallTestCaseKeyword.groovy)
	at com.kms.katalon.core.keyword.internal.KeywordMain.runKeyword(KeywordMain.groovy:68)
	at com.kms.katalon.core.keyword.builtin.CallTestCaseKeyword.callTestCase(CallTestCaseKeyword.groovy:81)
	at com.kms.katalon.core.keyword.builtin.CallTestCaseKeyword.execute(CallTestCaseKeyword.groovy:44)
	at com.kms.katalon.core.keyword.internal.KeywordExecutor.executeKeywordForPlatform(KeywordExecutor.groovy:72)
	at com.kms.katalon.core.keyword.BuiltinKeywords.callTestCase(BuiltinKeywords.groovy:334)
	at Trader_Location_Not_Listed.run(Trader_Location_Not_Listed:87)
	at com.kms.katalon.core.main.ScriptEngine.run(ScriptEngine.java:194)
	at com.kms.katalon.core.main.ScriptEngine.runScriptAsRawText(ScriptEngine.java:119)
	at com.kms.katalon.core.main.TestCaseExecutor.runScript(TestCaseExecutor.java:337)
	at com.kms.katalon.core.main.TestCaseExecutor.doExecute(TestCaseExecutor.java:328)
	at com.kms.katalon.core.main.TestCaseExecutor.processExecutionPhase(TestCaseExecutor.java:307)
	at com.kms.katalon.core.main.TestCaseExecutor.accessMainPhase(TestCaseExecutor.java:299)
	at com.kms.katalon.core.main.TestCaseExecutor.execute(TestCaseExecutor.java:233)
	at com.kms.katalon.core.main.TestSuiteExecutor.accessTestCaseMainPhase(TestSuiteExecutor.java:169)
	at com.kms.katalon.core.main.TestSuiteExecutor.accessTestSuiteMainPhase(TestSuiteExecutor.java:142)
	at com.kms.katalon.core.main.TestSuiteExecutor.execute(TestSuiteExecutor.java:91)
	at com.kms.katalon.core.main.TestCaseMain.startTestSuite(TestCaseMain.java:157)
	at com.kms.katalon.core.main.TestCaseMain$startTestSuite$0.call(Unknown Source)
	at TempTestSuite1587391317561.run(TempTestSuite1587391317561.groovy:36)
)

2020-04-20 15:20:03 - [MESSAGE][WARNING] - Text 'Please enter a trade and a location' is not present on page  (Root cause: com.kms.katalon.core.exception.StepFailedException: Text 'Please enter a trade and a location' is not present on page 
	at com.kms.katalon.core.webui.keyword.internal.WebUIKeywordMain.stepFailed(WebUIKeywordMain.groovy:64)
	at com.kms.katalon.core.webui.keyword.builtin.VerifyTextPresentKeyword$_verifyTextPresent_closure1.doCall(VerifyTextPresentKeyword.groovy:79)
	at com.kms.katalon.core.webui.keyword.builtin.VerifyTextPresentKeyword$_verifyTextPresent_closure1.call(VerifyTextPresentKeyword.groovy)
	at com.kms.katalon.core.webui.keyword.internal.WebUIKeywordMain.runKeyword(WebUIKeywordMain.groovy:20)
	at com.kms.katalon.core.webui.keyword.builtin.VerifyTextPresentKeyword.verifyTextPresent(VerifyTextPresentKeyword.groovy:83)
	at com.kms.katalon.core.webui.keyword.builtin.VerifyTextPresentKeyword.execute(VerifyTextPresentKeyword.groovy:68)
	at com.kms.katalon.core.keyword.internal.KeywordExecutor.executeKeywordForPlatform(KeywordExecutor.groovy:72)
	at com.kms.katalon.core.webui.keyword.WebUiBuiltInKeywords.verifyTextPresent(WebUiBuiltInKeywords.groovy:1703)
	at com.kms.katalon.core.webui.keyword.WebUiBuiltInKeywords$verifyTextPresent$13.call(Unknown Source)
	at CAT_Search_Location_Not_Returned.run(CAT_Search_Location_Not_Returned:42)
	at com.kms.katalon.core.main.ScriptEngine.run(ScriptEngine.java:194)
	at com.kms.katalon.core.main.ScriptEngine.runScriptAsRawText(ScriptEngine.java:119)
	at com.kms.katalon.core.main.TestCaseExecutor.runScript(TestCaseExecutor.java:337)
	at com.kms.katalon.core.main.TestCaseExecutor.doExecute(TestCaseExecutor.java:328)
	at com.kms.katalon.core.main.TestCaseExecutor.processExecutionPhase(TestCaseExecutor.java:307)
	at com.kms.katalon.core.main.TestCaseExecutor.accessMainPhase(TestCaseExecutor.java:299)
	at com.kms.katalon.core.main.TestCaseExecutor.execute(TestCaseExecutor.java:233)
	at com.kms.katalon.core.main.TestCaseMain.runTestCase(TestCaseMain.java:114)
	at com.kms.katalon.core.keyword.builtin.CallTestCaseKeyword$_callTestCase_closure1.doCall(CallTestCaseKeyword.groovy:59)
	at com.kms.katalon.core.keyword.builtin.CallTestCaseKeyword$_callTestCase_closure1.call(CallTestCaseKeyword.groovy)
	at com.kms.katalon.core.keyword.internal.KeywordMain.runKeyword(KeywordMain.groovy:68)
	at com.kms.katalon.core.keyword.builtin.CallTestCaseKeyword.callTestCase(CallTestCaseKeyword.groovy:81)
	at com.kms.katalon.core.keyword.builtin.CallTestCaseKeyword.execute(CallTestCaseKeyword.groovy:44)
	at com.kms.katalon.core.keyword.internal.KeywordExecutor.executeKeywordForPlatform(KeywordExecutor.groovy:72)
	at com.kms.katalon.core.keyword.BuiltinKeywords.callTestCase(BuiltinKeywords.groovy:334)
	at Trader_Location_Not_Listed.run(Trader_Location_Not_Listed:87)
	at com.kms.katalon.core.main.ScriptEngine.run(ScriptEngine.java:194)
	at com.kms.katalon.core.main.ScriptEngine.runScriptAsRawText(ScriptEngine.java:119)
	at com.kms.katalon.core.main.TestCaseExecutor.runScript(TestCaseExecutor.java:337)
	at com.kms.katalon.core.main.TestCaseExecutor.doExecute(TestCaseExecutor.java:328)
	at com.kms.katalon.core.main.TestCaseExecutor.processExecutionPhase(TestCaseExecutor.java:307)
	at com.kms.katalon.core.main.TestCaseExecutor.accessMainPhase(TestCaseExecutor.java:299)
	at com.kms.katalon.core.main.TestCaseExecutor.execute(TestCaseExecutor.java:233)
	at com.kms.katalon.core.main.TestSuiteExecutor.accessTestCaseMainPhase(TestSuiteExecutor.java:169)
	at com.kms.katalon.core.main.TestSuiteExecutor.accessTestSuiteMainPhase(TestSuiteExecutor.java:142)
	at com.kms.katalon.core.main.TestSuiteExecutor.execute(TestSuiteExecutor.java:91)
	at com.kms.katalon.core.main.TestCaseMain.startTestSuite(TestCaseMain.java:157)
	at com.kms.katalon.core.main.TestCaseMain$startTestSuite$0.call(Unknown Source)
	at TempTestSuite1587391317561.run(TempTestSuite1587391317561.groovy:36)
)

2020-04-20 15:20:03 - [TEST_STEP][PASSED] - Flag_Search_Location_Error = "1": null

2020-04-20 15:20:03 - [TEST_STEP][PASSED] - "-----------------------------------------------------------------------------------------------------------------------------------": null

2020-04-20 15:20:03 - [TEST_STEP][PASSED] - "Scenario 2 - Location, Incorrect or Non Existing Data Beyond the Realms of the Database - Return 404 - File or Directory NOT FOUND |": null

2020-04-20 15:20:03 - [TEST_STEP][PASSED] - try: null

2020-04-20 15:20:03 - [TEST_STEP][PASSED] - verifyTextPresent("404 - File or directory not found", false, OPTIONAL): Text '404 - File or directory not found' is present on page 

2020-04-20 15:20:03 - [MESSAGE][PASSED] - Text '404 - File or directory not found' is present on page 

2020-04-20 15:20:03 - [TEST_STEP][PASSED] - Flag_Search_Location_Error = "2": null

2020-04-20 15:20:03 - [TEST_STEP][PASSED] - if (Flag_Search_Location_Error == "1"): null

2020-04-20 15:20:03 - [TEST_STEP][PASSED] - if (Flag_Search_Location_Error == "2"): Error 404 Reported as Expected, Resource Unavailable

2020-04-20 15:20:03 - [TEST_STEP][PASSED] - markPassed("Error 404 Reported as Expected, Resource Unavailable"): Error 404 Reported as Expected, Resource Unavailable

2020-04-20 15:20:03 - [MESSAGE][PASSED] - Error 404 Reported as Expected, Resource Unavailable

2020-04-20 15:20:03 - [TEST_STEP][PASSED] - if (Flag_Search_Location_Error == "0"): null

2020-04-20 15:20:03 - [TEST_STEP][PASSED] - if (Flag_Search_Location_Error > "0"): Invalid Location was Correctly Highlighted for Trade Type <Glass> Based in <Peru>

2020-04-20 15:20:03 - [TEST_STEP][PASSED] - markPassed("Invalid Location was Correctly Highlighted for Trade Type <" + Search_Trade_Clasification + "> Based in <" + Search_Trader_Location + ">"): Invalid Location was Correctly Highlighted for Trade Type <Glass> Based in <Peru>

2020-04-20 15:20:03 - [MESSAGE][PASSED] - Invalid Location was Correctly Highlighted for Trade Type <Glass> Based in <Peru>

2020-04-20 15:20:03 - [MESSAGE][PASSED] - Call Test Case 'Test Cases/Reusable_Test_Sequences/CAT_Search_Location_Not_Returned' successfully

2020-04-20 15:20:03 - [TEST_STEP][PASSED] - "--------------------------": null

2020-04-20 15:20:03 - [TEST_STEP][PASSED] - " Teardown - CLose Browser |": null

2020-04-20 15:20:03 - [TEST_STEP][PASSED] - callTestCase(findTestCase("Reusable_Test_Sequences/CAT_Teardown"), [:], OPTIONAL): Call Test Case 'Test Cases/Reusable_Test_Sequences/CAT_Teardown' successfully

2020-04-20 15:20:03 - [TEST_CASE][PASSED] - Test Cases/Reusable_Test_Sequences/CAT_Teardown: Test Cases/Reusable_Test_Sequences/CAT_Teardown

2020-04-20 15:20:03 - [TEST_STEP][PASSED] - closeBrowser(): Browser is closed

2020-04-20 15:20:06 - [MESSAGE][PASSED] - Browser is closed

2020-04-20 15:20:06 - [TEST_STEP][PASSED] - super.finalize(): null

2020-04-20 15:20:06 - [TEST_STEP][PASSED] - System.gc(): null

2020-04-20 15:20:06 - [MESSAGE][PASSED] - Call Test Case 'Test Cases/Reusable_Test_Sequences/CAT_Teardown' successfully

2020-04-20 15:20:06 - [TEST_STEP][PASSED] - callTestCase(findTestCase("Reusable_Test_Sequences/CAT_Setup"), [:], STOP_ON_FAILURE): Call Test Case 'Test Cases/Reusable_Test_Sequences/CAT_Setup' successfully

2020-04-20 15:20:06 - [TEST_CASE][PASSED] - Test Cases/Reusable_Test_Sequences/CAT_Setup: Test Cases/Reusable_Test_Sequences/CAT_Setup

2020-04-20 15:20:06 - [TEST_STEP][PASSED] - "------------------------------": null

2020-04-20 15:20:06 - [TEST_STEP][PASSED] - " Set Mobile Device Testing    |": null

2020-04-20 15:20:06 - [TEST_STEP][PASSED] - if (Mobile_Flag == "true"): null

2020-04-20 15:20:06 - [TEST_STEP][PASSED] - "------------------------------": null

2020-04-20 15:20:06 - [TEST_STEP][PASSED] - " Set Mobile Device Testing    |": null

2020-04-20 15:20:06 - [TEST_STEP][PASSED] - "------------------------------": null

2020-04-20 15:20:06 - [TEST_STEP][PASSED] - "URL - Set from the ENVIRONMENT PROFILE ": null

2020-04-20 15:20:06 - [TEST_STEP][PASSED] - openBrowser(URL): Browser is opened with url: 'https://www.preview.checkatrade.com/'

2020-04-20 15:20:06 - [MESSAGE][INFO] - Starting 'Firefox' driver

2020-04-20 15:20:06 - [MESSAGE][INFO] - Action delay is set to 0 milliseconds

2020-04-20 15:20:18 - [MESSAGE][PASSED] - Browser is opened with url: 'https://www.preview.checkatrade.com/'

2020-04-20 15:20:18 - [TEST_STEP][PASSED] - maximizeWindow(): Current window maximized

2020-04-20 15:20:18 - [MESSAGE][PASSED] - Current window maximized

2020-04-20 15:20:18 - [TEST_STEP][PASSED] - waitForPageLoad(60): Wait for page load successfully

2020-04-20 15:20:18 - [MESSAGE][PASSED] - Wait for page load successfully

2020-04-20 15:20:18 - [TEST_STEP][PASSED] - "Previous Functionalilty Left Commented For Ease Of reversion": null

2020-04-20 15:20:18 - [TEST_STEP][PASSED] - " Katalon Try/Catches currently have issues? SEE HEADER": null

2020-04-20 15:20:18 - [TEST_STEP][PASSED] - try: Text 'Cookie Policy' is not present on page

2020-04-20 15:20:18 - [TEST_STEP][PASSED] - verifyElementPresent(findTestObject("Object Repository/Cookies/Page_Checkatrade Find a tradesperson you can trust/button_Accept All"), 5, OPTIONAL): Object 'Object Repository/Cookies/Page_Checkatrade Find a tradesperson you can trust/button_Accept All' is present

2020-04-20 15:20:19 - [MESSAGE][PASSED] - Object 'Object Repository/Cookies/Page_Checkatrade Find a tradesperson you can trust/button_Accept All' is present

2020-04-20 15:20:19 - [TEST_STEP][PASSED] - click(findTestObject("Object Repository/Cookies/Page_Checkatrade Find a tradesperson you can trust/button_Accept All"), OPTIONAL): Object: 'Object Repository/Cookies/Page_Checkatrade Find a tradesperson you can trust/button_Accept All' is clicked on

2020-04-20 15:20:19 - [MESSAGE][PASSED] - Object: 'Object Repository/Cookies/Page_Checkatrade Find a tradesperson you can trust/button_Accept All' is clicked on

2020-04-20 15:20:19 - [TEST_STEP][PASSED] - "---------------------------------": null

2020-04-20 15:20:19 - [TEST_STEP][PASSED] - "COOKIE POPOUT REMOVED - Confirmed": null

2020-04-20 15:20:19 - [TEST_STEP][PASSED] - delay(1): Delayed 1 second(s)

2020-04-20 15:20:20 - [MESSAGE][PASSED] - Delayed 1 second(s)

2020-04-20 15:20:20 - [TEST_STEP][PASSED] - verifyTextNotPresent("We use cookies to personalise content and ads, to provide social media features and to analyse our traffic", false): Text 'We use cookies to personalise content and ads, to provide social media features and to analyse our traffic' is not present on page

2020-04-20 15:20:22 - [MESSAGE][PASSED] - Text 'We use cookies to personalise content and ads, to provide social media features and to analyse our traffic' is not present on page

2020-04-20 15:20:22 - [TEST_STEP][PASSED] - verifyTextNotPresent(" We also share information about your use of our site with our social media, advertising and analytics partners", false): Text ' We also share information about your use of our site with our social media, advertising and analytics partners' is not present on page

2020-04-20 15:20:22 - [MESSAGE][PASSED] - Text ' We also share information about your use of our site with our social media, advertising and analytics partners' is not present on page

2020-04-20 15:20:22 - [TEST_STEP][PASSED] - verifyTextNotPresent("Cookie Policy", false): Text 'Cookie Policy' is not present on page

2020-04-20 15:20:23 - [MESSAGE][PASSED] - Text 'Cookie Policy' is not present on page

2020-04-20 15:20:23 - [TEST_STEP][PASSED] - waitForPageLoad(60): Wait for page load successfully

2020-04-20 15:20:23 - [MESSAGE][PASSED] - Wait for page load successfully

2020-04-20 15:20:23 - [TEST_STEP][PASSED] - "COOKIE - ORIGINAL": null

2020-04-20 15:20:23 - [TEST_STEP][PASSED] - if (waitForElementVisible(findTestObject("Object Repository/Feedback/Page_Checkatrade Give your feedback/input_Member_to_Review"), 5)): Web element with id: 'Object Repository/Feedback/Page_Checkatrade Give your feedback/input_Member_to_Review' located by 'By.xpath: //input[@id='feedback-form__company_autocomplete_input']' not found

2020-04-20 15:20:28 - [MESSAGE][INFO] - Unable to find the element located by 'By.xpath: //input[@id='feedback-form__company_autocomplete_input']'. Please recheck the objects properties to make sure the desired element is located. 

2020-04-20 15:20:28 - [MESSAGE][WARNING] - Web element with id: 'Object Repository/Feedback/Page_Checkatrade Give your feedback/input_Member_to_Review' located by 'By.xpath: //input[@id='feedback-form__company_autocomplete_input']' not found

2020-04-20 15:20:28 - [TEST_STEP][PASSED] - else: The <<<OLD>>> Website was detected by the STARTUP Process

2020-04-20 15:20:28 - [TEST_STEP][PASSED] - if (!(verifyElementVisible(findTestObject("Object Repository/Checkatrade_Trade_Search_Page/Page_Checkatrade Find a tradesperson you can trust/input_Search_Button_FF")))): Object 'Object Repository/Checkatrade_Trade_Search_Page/Page_Checkatrade Find a tradesperson you can trust/input_Search_Button_FF' is visible

2020-04-20 15:20:28 - [MESSAGE][PASSED] - Object 'Object Repository/Checkatrade_Trade_Search_Page/Page_Checkatrade Find a tradesperson you can trust/input_Search_Button_FF' is visible

2020-04-20 15:20:28 - [TEST_STEP][PASSED] - else: The <<<OLD>>> Website was detected by the STARTUP Process

2020-04-20 15:20:28 - [TEST_STEP][PASSED] - Website_Version = "old": null

2020-04-20 15:20:28 - [TEST_STEP][PASSED] - logInfo("The <<<OLD>>> Website was detected by the STARTUP Process"): The <<<OLD>>> Website was detected by the STARTUP Process

2020-04-20 15:20:28 - [MESSAGE][INFO] - The <<<OLD>>> Website was detected by the STARTUP Process

2020-04-20 15:20:28 - [MESSAGE][PASSED] - Call Test Case 'Test Cases/Reusable_Test_Sequences/CAT_Setup' successfully

2020-04-20 15:20:28 - [TEST_STEP][PASSED] - " Home Page validation Checks after COOKIE Dispelled NOT REQUIRED IN THIS INSTANCE": null

2020-04-20 15:20:28 - [TEST_STEP][PASSED] - "---------------------------------------": null

2020-04-20 15:20:28 - [TEST_STEP][PASSED] - " Set and SEARCH TRADE CLASSIFICATION   |": null

2020-04-20 15:20:28 - [TEST_STEP][PASSED] - callTestCase(findTestCase("Reusable_Test_Sequences/CAT_Enter_Trade_Classification_NEG"), [:], CONTINUE_ON_FAILURE): Call Test Case 'Test Cases/Reusable_Test_Sequences/CAT_Enter_Trade_Classification_NEG' successfully

2020-04-20 15:20:28 - [TEST_CASE][PASSED] - Test Cases/Reusable_Test_Sequences/CAT_Enter_Trade_Classification_NEG: Test Cases/Reusable_Test_Sequences/CAT_Enter_Trade_Classification_NEG

2020-04-20 15:20:28 - [TEST_STEP][PASSED] - "---------------------------------": null

2020-04-20 15:20:28 - [TEST_STEP][PASSED] - "Set and SEARCH SELECTED TRADE": null

2020-04-20 15:20:28 - [TEST_STEP][PASSED] - if (Website_Version == "new"): null

2020-04-20 15:20:28 - [TEST_STEP][PASSED] - else: Text 'Electrician' is set on object 'Object Repository/Checkatrade_Trade_Search_Page/Page_Checkatrade Find a tradesperson you can trust/input_Search_Button_FF'

2020-04-20 15:20:28 - [TEST_STEP][PASSED] - click(findTestObject("Object Repository/Checkatrade_Trade_Search_Page/Page_Checkatrade Find a tradesperson you can trust/input_Search_Button_FF")): Object: 'Object Repository/Checkatrade_Trade_Search_Page/Page_Checkatrade Find a tradesperson you can trust/input_Search_Button_FF' is clicked on

2020-04-20 15:20:29 - [MESSAGE][PASSED] - Object: 'Object Repository/Checkatrade_Trade_Search_Page/Page_Checkatrade Find a tradesperson you can trust/input_Search_Button_FF' is clicked on

2020-04-20 15:20:29 - [TEST_STEP][PASSED] - setText(findTestObject("Object Repository/Checkatrade_Trade_Search_Page/Page_Checkatrade Find a tradesperson you can trust/input_Search_Button_FF"), findTestData("Search_Trader_Location_Data_NEG").getValue("tradeClassification", row)): Text 'Electrician' is set on object 'Object Repository/Checkatrade_Trade_Search_Page/Page_Checkatrade Find a tradesperson you can trust/input_Search_Button_FF'

2020-04-20 15:20:29 - [MESSAGE][PASSED] - Text 'Electrician' is set on object 'Object Repository/Checkatrade_Trade_Search_Page/Page_Checkatrade Find a tradesperson you can trust/input_Search_Button_FF'

2020-04-20 15:20:29 - [MESSAGE][PASSED] - Call Test Case 'Test Cases/Reusable_Test_Sequences/CAT_Enter_Trade_Classification_NEG' successfully

2020-04-20 15:20:29 - [TEST_STEP][PASSED] - "---------------------------------------": null

2020-04-20 15:20:29 - [TEST_STEP][PASSED] - " Set and SEARCH TRADE LOCATION         |": null

2020-04-20 15:20:29 - [TEST_STEP][PASSED] - callTestCase(findTestCase("Reusable_Test_Sequences/CAT_Enter_Trade_Location_NEG"), [:], CONTINUE_ON_FAILURE): Call Test Case 'Test Cases/Reusable_Test_Sequences/CAT_Enter_Trade_Location_NEG' successfully

2020-04-20 15:20:29 - [TEST_CASE][PASSED] - Test Cases/Reusable_Test_Sequences/CAT_Enter_Trade_Location_NEG: Test Cases/Reusable_Test_Sequences/CAT_Enter_Trade_Location_NEG

2020-04-20 15:20:29 - [TEST_STEP][PASSED] - "---------------------------------": null

2020-04-20 15:20:29 - [TEST_STEP][PASSED] - "Set and SEARCH SELECTED LOCATION |": null

2020-04-20 15:20:29 - [TEST_STEP][PASSED] - if (Website_Version != "new"): Text 'Sydney' is set on object 'Object Repository/Checkatrade_Trade_Search_Page/Page_Checkatrade Find a tradesperson you can trust/input_Not here_location'

2020-04-20 15:20:29 - [TEST_STEP][PASSED] - click(findTestObject("Object Repository/Checkatrade_Trade_Search_Page/Page_Checkatrade Find a tradesperson you can trust/input_Not here_location")): Object: 'Object Repository/Checkatrade_Trade_Search_Page/Page_Checkatrade Find a tradesperson you can trust/input_Not here_location' is clicked on

2020-04-20 15:20:29 - [MESSAGE][PASSED] - Object: 'Object Repository/Checkatrade_Trade_Search_Page/Page_Checkatrade Find a tradesperson you can trust/input_Not here_location' is clicked on

2020-04-20 15:20:29 - [TEST_STEP][PASSED] - setText(findTestObject("Object Repository/Checkatrade_Trade_Search_Page/Page_Checkatrade Find a tradesperson you can trust/input_Not here_location"), findTestData("Search_Trader_Location_Data_NEG").getValue("tradeNameLocation", row)): Text 'Sydney' is set on object 'Object Repository/Checkatrade_Trade_Search_Page/Page_Checkatrade Find a tradesperson you can trust/input_Not here_location'

2020-04-20 15:20:30 - [MESSAGE][PASSED] - Text 'Sydney' is set on object 'Object Repository/Checkatrade_Trade_Search_Page/Page_Checkatrade Find a tradesperson you can trust/input_Not here_location'

2020-04-20 15:20:30 - [TEST_STEP][PASSED] - if (verifyTextNotPresent("Sorry, no results found", false)): null

2020-04-20 15:20:30 - [MESSAGE][PASSED] - Text 'Sorry, no results found' is not present on page

2020-04-20 15:20:30 - [TEST_STEP][PASSED] - markPassed("The Expected Lookup Result(s) ARE being returned by the Lookup Service, AS EXPECTED"): The Expected Lookup Result(s) ARE being returned by the Lookup Service, AS EXPECTED

2020-04-20 15:20:30 - [MESSAGE][PASSED] - The Expected Lookup Result(s) ARE being returned by the Lookup Service, AS EXPECTED

2020-04-20 15:20:30 - [MESSAGE][PASSED] - Call Test Case 'Test Cases/Reusable_Test_Sequences/CAT_Enter_Trade_Location_NEG' successfully

2020-04-20 15:20:30 - [TEST_STEP][PASSED] - "---------------------------------------": null

2020-04-20 15:20:30 - [TEST_STEP][PASSED] - " Scroll Search Button into View        |": null

2020-04-20 15:20:30 - [TEST_STEP][PASSED] - "---------------------------------------": null

2020-04-20 15:20:30 - [TEST_STEP][PASSED] - "---------------------------------------": null

2020-04-20 15:20:30 - [TEST_STEP][PASSED] - " Hit Search Button                     |": null

2020-04-20 15:20:30 - [TEST_STEP][PASSED] - callTestCase(findTestCase("Reusable_Test_Sequences/CAT_Hit_Search_Button"), [:], CONTINUE_ON_FAILURE): Call Test Case 'Test Cases/Reusable_Test_Sequences/CAT_Hit_Search_Button' successfully

2020-04-20 15:20:30 - [TEST_CASE][PASSED] - Test Cases/Reusable_Test_Sequences/CAT_Hit_Search_Button: Test Cases/Reusable_Test_Sequences/CAT_Hit_Search_Button

2020-04-20 15:20:30 - [TEST_STEP][PASSED] - "---------------------------------": null

2020-04-20 15:20:30 - [TEST_STEP][PASSED] - "HIT SEARCH": null

2020-04-20 15:20:30 - [TEST_STEP][PASSED] - "---------------------------------": null

2020-04-20 15:20:30 - [TEST_STEP][PASSED] - if (Website_Version == "new"): null

2020-04-20 15:20:30 - [TEST_STEP][PASSED] - else: Object: 'Object Repository/Page_Checkatrade Find a tradesperson you can trust/a_Search' is clicked on

2020-04-20 15:20:30 - [TEST_STEP][PASSED] - waitForElementClickable(findTestObject("Object Repository/Page_Checkatrade Find a tradesperson you can trust/a_Search"), 25): Object 'Object Repository/Page_Checkatrade Find a tradesperson you can trust/a_Search' is clickable

2020-04-20 15:20:31 - [MESSAGE][PASSED] - Object 'Object Repository/Page_Checkatrade Find a tradesperson you can trust/a_Search' is clickable

2020-04-20 15:20:31 - [TEST_STEP][PASSED] - click(findTestObject("Object Repository/Page_Checkatrade Find a tradesperson you can trust/a_Search")): Object: 'Object Repository/Page_Checkatrade Find a tradesperson you can trust/a_Search' is clicked on

2020-04-20 15:20:31 - [MESSAGE][PASSED] - Object: 'Object Repository/Page_Checkatrade Find a tradesperson you can trust/a_Search' is clicked on

2020-04-20 15:20:31 - [MESSAGE][PASSED] - Call Test Case 'Test Cases/Reusable_Test_Sequences/CAT_Hit_Search_Button' successfully

2020-04-20 15:20:31 - [TEST_STEP][PASSED] - "------------------------------------------": null

2020-04-20 15:20:31 - [TEST_STEP][PASSED] - " Expected ERROR Reported                  |": null

2020-04-20 15:20:31 - [TEST_STEP][PASSED] - callTestCase(findTestCase("Reusable_Test_Sequences/CAT_Search_Location_Not_Returned"), [:], CONTINUE_ON_FAILURE): Call Test Case 'Test Cases/Reusable_Test_Sequences/CAT_Search_Location_Not_Returned' successfully

2020-04-20 15:20:31 - [TEST_CASE][PASSED] - Test Cases/Reusable_Test_Sequences/CAT_Search_Location_Not_Returned: Test Cases/Reusable_Test_Sequences/CAT_Search_Location_Not_Returned

2020-04-20 15:20:31 - [TEST_STEP][PASSED] - "For later Extension": null

2020-04-20 15:20:31 - [TEST_STEP][PASSED] - "--------------------------------": null

2020-04-20 15:20:31 - [TEST_STEP][PASSED] - "Read data from spreadsheet      | r_ = Returned Data": null

2020-04-20 15:20:31 - [TEST_STEP][PASSED] - data = findTestData("Data Files/Search_Trader_Location_Data_NEG"): null

2020-04-20 15:20:31 - [TEST_STEP][PASSED] - Search_Trader_Location = data.getValue("tradeNameLocation", row): null

2020-04-20 15:20:31 - [TEST_STEP][PASSED] - Search_Trade_Clasification = data.getValue("tradeClassification", row): null

2020-04-20 15:20:31 - [TEST_STEP][PASSED] - "------------------------------------------------------------------------": null

2020-04-20 15:20:31 - [TEST_STEP][PASSED] - "VALUES - 1 = Enter Trade Location Status - 2 = 404 No File or Directory |": null

2020-04-20 15:20:31 - [TEST_STEP][PASSED] - Flag_Search_Location_Error = "0": null

2020-04-20 15:20:31 - [TEST_STEP][PASSED] - delay(1): Delayed 1 second(s)

2020-04-20 15:20:32 - [MESSAGE][PASSED] - Delayed 1 second(s)

2020-04-20 15:20:32 - [TEST_STEP][PASSED] - waitForPageLoad(60): Wait for page load successfully

2020-04-20 15:20:32 - [MESSAGE][PASSED] - Wait for page load successfully

2020-04-20 15:20:32 - [TEST_STEP][PASSED] - "-------------------------------------------------------------------------------------------------------------------------": null

2020-04-20 15:20:32 - [TEST_STEP][PASSED] - "Scenario 1 - Location, Incorrect Numeric Value or Postcode Returns Highlighted (RED) Text Please enter a valid Location  |": null

2020-04-20 15:20:32 - [TEST_STEP][PASSED] - try: null

2020-04-20 15:20:32 - [TEST_STEP][PASSED] - verifyTextPresent("Please enter a trade and a location", false, OPTIONAL): Text 'Please enter a trade and a location' is not present on page  (Root cause: com.kms.katalon.core.exception.StepFailedException: Text 'Please enter a trade and a location' is not present on page 
	at com.kms.katalon.core.webui.keyword.internal.WebUIKeywordMain.stepFailed(WebUIKeywordMain.groovy:64)
	at com.kms.katalon.core.webui.keyword.builtin.VerifyTextPresentKeyword$_verifyTextPresent_closure1.doCall(VerifyTextPresentKeyword.groovy:79)
	at com.kms.katalon.core.webui.keyword.builtin.VerifyTextPresentKeyword$_verifyTextPresent_closure1.call(VerifyTextPresentKeyword.groovy)
	at com.kms.katalon.core.webui.keyword.internal.WebUIKeywordMain.runKeyword(WebUIKeywordMain.groovy:20)
	at com.kms.katalon.core.webui.keyword.builtin.VerifyTextPresentKeyword.verifyTextPresent(VerifyTextPresentKeyword.groovy:83)
	at com.kms.katalon.core.webui.keyword.builtin.VerifyTextPresentKeyword.execute(VerifyTextPresentKeyword.groovy:68)
	at com.kms.katalon.core.keyword.internal.KeywordExecutor.executeKeywordForPlatform(KeywordExecutor.groovy:72)
	at com.kms.katalon.core.webui.keyword.WebUiBuiltInKeywords.verifyTextPresent(WebUiBuiltInKeywords.groovy:1703)
	at com.kms.katalon.core.webui.keyword.WebUiBuiltInKeywords$verifyTextPresent$13.call(Unknown Source)
	at CAT_Search_Location_Not_Returned.run(CAT_Search_Location_Not_Returned:42)
	at com.kms.katalon.core.main.ScriptEngine.run(ScriptEngine.java:194)
	at com.kms.katalon.core.main.ScriptEngine.runScriptAsRawText(ScriptEngine.java:119)
	at com.kms.katalon.core.main.TestCaseExecutor.runScript(TestCaseExecutor.java:337)
	at com.kms.katalon.core.main.TestCaseExecutor.doExecute(TestCaseExecutor.java:328)
	at com.kms.katalon.core.main.TestCaseExecutor.processExecutionPhase(TestCaseExecutor.java:307)
	at com.kms.katalon.core.main.TestCaseExecutor.accessMainPhase(TestCaseExecutor.java:299)
	at com.kms.katalon.core.main.TestCaseExecutor.execute(TestCaseExecutor.java:233)
	at com.kms.katalon.core.main.TestCaseMain.runTestCase(TestCaseMain.java:114)
	at com.kms.katalon.core.keyword.builtin.CallTestCaseKeyword$_callTestCase_closure1.doCall(CallTestCaseKeyword.groovy:59)
	at com.kms.katalon.core.keyword.builtin.CallTestCaseKeyword$_callTestCase_closure1.call(CallTestCaseKeyword.groovy)
	at com.kms.katalon.core.keyword.internal.KeywordMain.runKeyword(KeywordMain.groovy:68)
	at com.kms.katalon.core.keyword.builtin.CallTestCaseKeyword.callTestCase(CallTestCaseKeyword.groovy:81)
	at com.kms.katalon.core.keyword.builtin.CallTestCaseKeyword.execute(CallTestCaseKeyword.groovy:44)
	at com.kms.katalon.core.keyword.internal.KeywordExecutor.executeKeywordForPlatform(KeywordExecutor.groovy:72)
	at com.kms.katalon.core.keyword.BuiltinKeywords.callTestCase(BuiltinKeywords.groovy:334)
	at Trader_Location_Not_Listed.run(Trader_Location_Not_Listed:87)
	at com.kms.katalon.core.main.ScriptEngine.run(ScriptEngine.java:194)
	at com.kms.katalon.core.main.ScriptEngine.runScriptAsRawText(ScriptEngine.java:119)
	at com.kms.katalon.core.main.TestCaseExecutor.runScript(TestCaseExecutor.java:337)
	at com.kms.katalon.core.main.TestCaseExecutor.doExecute(TestCaseExecutor.java:328)
	at com.kms.katalon.core.main.TestCaseExecutor.processExecutionPhase(TestCaseExecutor.java:307)
	at com.kms.katalon.core.main.TestCaseExecutor.accessMainPhase(TestCaseExecutor.java:299)
	at com.kms.katalon.core.main.TestCaseExecutor.execute(TestCaseExecutor.java:233)
	at com.kms.katalon.core.main.TestSuiteExecutor.accessTestCaseMainPhase(TestSuiteExecutor.java:169)
	at com.kms.katalon.core.main.TestSuiteExecutor.accessTestSuiteMainPhase(TestSuiteExecutor.java:142)
	at com.kms.katalon.core.main.TestSuiteExecutor.execute(TestSuiteExecutor.java:91)
	at com.kms.katalon.core.main.TestCaseMain.startTestSuite(TestCaseMain.java:157)
	at com.kms.katalon.core.main.TestCaseMain$startTestSuite$0.call(Unknown Source)
	at TempTestSuite1587391317561.run(TempTestSuite1587391317561.groovy:36)
)

2020-04-20 15:20:32 - [MESSAGE][WARNING] - Text 'Please enter a trade and a location' is not present on page  (Root cause: com.kms.katalon.core.exception.StepFailedException: Text 'Please enter a trade and a location' is not present on page 
	at com.kms.katalon.core.webui.keyword.internal.WebUIKeywordMain.stepFailed(WebUIKeywordMain.groovy:64)
	at com.kms.katalon.core.webui.keyword.builtin.VerifyTextPresentKeyword$_verifyTextPresent_closure1.doCall(VerifyTextPresentKeyword.groovy:79)
	at com.kms.katalon.core.webui.keyword.builtin.VerifyTextPresentKeyword$_verifyTextPresent_closure1.call(VerifyTextPresentKeyword.groovy)
	at com.kms.katalon.core.webui.keyword.internal.WebUIKeywordMain.runKeyword(WebUIKeywordMain.groovy:20)
	at com.kms.katalon.core.webui.keyword.builtin.VerifyTextPresentKeyword.verifyTextPresent(VerifyTextPresentKeyword.groovy:83)
	at com.kms.katalon.core.webui.keyword.builtin.VerifyTextPresentKeyword.execute(VerifyTextPresentKeyword.groovy:68)
	at com.kms.katalon.core.keyword.internal.KeywordExecutor.executeKeywordForPlatform(KeywordExecutor.groovy:72)
	at com.kms.katalon.core.webui.keyword.WebUiBuiltInKeywords.verifyTextPresent(WebUiBuiltInKeywords.groovy:1703)
	at com.kms.katalon.core.webui.keyword.WebUiBuiltInKeywords$verifyTextPresent$13.call(Unknown Source)
	at CAT_Search_Location_Not_Returned.run(CAT_Search_Location_Not_Returned:42)
	at com.kms.katalon.core.main.ScriptEngine.run(ScriptEngine.java:194)
	at com.kms.katalon.core.main.ScriptEngine.runScriptAsRawText(ScriptEngine.java:119)
	at com.kms.katalon.core.main.TestCaseExecutor.runScript(TestCaseExecutor.java:337)
	at com.kms.katalon.core.main.TestCaseExecutor.doExecute(TestCaseExecutor.java:328)
	at com.kms.katalon.core.main.TestCaseExecutor.processExecutionPhase(TestCaseExecutor.java:307)
	at com.kms.katalon.core.main.TestCaseExecutor.accessMainPhase(TestCaseExecutor.java:299)
	at com.kms.katalon.core.main.TestCaseExecutor.execute(TestCaseExecutor.java:233)
	at com.kms.katalon.core.main.TestCaseMain.runTestCase(TestCaseMain.java:114)
	at com.kms.katalon.core.keyword.builtin.CallTestCaseKeyword$_callTestCase_closure1.doCall(CallTestCaseKeyword.groovy:59)
	at com.kms.katalon.core.keyword.builtin.CallTestCaseKeyword$_callTestCase_closure1.call(CallTestCaseKeyword.groovy)
	at com.kms.katalon.core.keyword.internal.KeywordMain.runKeyword(KeywordMain.groovy:68)
	at com.kms.katalon.core.keyword.builtin.CallTestCaseKeyword.callTestCase(CallTestCaseKeyword.groovy:81)
	at com.kms.katalon.core.keyword.builtin.CallTestCaseKeyword.execute(CallTestCaseKeyword.groovy:44)
	at com.kms.katalon.core.keyword.internal.KeywordExecutor.executeKeywordForPlatform(KeywordExecutor.groovy:72)
	at com.kms.katalon.core.keyword.BuiltinKeywords.callTestCase(BuiltinKeywords.groovy:334)
	at Trader_Location_Not_Listed.run(Trader_Location_Not_Listed:87)
	at com.kms.katalon.core.main.ScriptEngine.run(ScriptEngine.java:194)
	at com.kms.katalon.core.main.ScriptEngine.runScriptAsRawText(ScriptEngine.java:119)
	at com.kms.katalon.core.main.TestCaseExecutor.runScript(TestCaseExecutor.java:337)
	at com.kms.katalon.core.main.TestCaseExecutor.doExecute(TestCaseExecutor.java:328)
	at com.kms.katalon.core.main.TestCaseExecutor.processExecutionPhase(TestCaseExecutor.java:307)
	at com.kms.katalon.core.main.TestCaseExecutor.accessMainPhase(TestCaseExecutor.java:299)
	at com.kms.katalon.core.main.TestCaseExecutor.execute(TestCaseExecutor.java:233)
	at com.kms.katalon.core.main.TestSuiteExecutor.accessTestCaseMainPhase(TestSuiteExecutor.java:169)
	at com.kms.katalon.core.main.TestSuiteExecutor.accessTestSuiteMainPhase(TestSuiteExecutor.java:142)
	at com.kms.katalon.core.main.TestSuiteExecutor.execute(TestSuiteExecutor.java:91)
	at com.kms.katalon.core.main.TestCaseMain.startTestSuite(TestCaseMain.java:157)
	at com.kms.katalon.core.main.TestCaseMain$startTestSuite$0.call(Unknown Source)
	at TempTestSuite1587391317561.run(TempTestSuite1587391317561.groovy:36)
)

2020-04-20 15:20:32 - [TEST_STEP][PASSED] - Flag_Search_Location_Error = "1": null

2020-04-20 15:20:32 - [TEST_STEP][PASSED] - "-----------------------------------------------------------------------------------------------------------------------------------": null

2020-04-20 15:20:32 - [TEST_STEP][PASSED] - "Scenario 2 - Location, Incorrect or Non Existing Data Beyond the Realms of the Database - Return 404 - File or Directory NOT FOUND |": null

2020-04-20 15:20:32 - [TEST_STEP][PASSED] - try: null

2020-04-20 15:20:32 - [TEST_STEP][PASSED] - verifyTextPresent("404 - File or directory not found", false, OPTIONAL): Text '404 - File or directory not found' is present on page 

2020-04-20 15:20:32 - [MESSAGE][PASSED] - Text '404 - File or directory not found' is present on page 

2020-04-20 15:20:32 - [TEST_STEP][PASSED] - Flag_Search_Location_Error = "2": null

2020-04-20 15:20:32 - [TEST_STEP][PASSED] - if (Flag_Search_Location_Error == "1"): null

2020-04-20 15:20:32 - [TEST_STEP][PASSED] - if (Flag_Search_Location_Error == "2"): Error 404 Reported as Expected, Resource Unavailable

2020-04-20 15:20:32 - [TEST_STEP][PASSED] - markPassed("Error 404 Reported as Expected, Resource Unavailable"): Error 404 Reported as Expected, Resource Unavailable

2020-04-20 15:20:32 - [MESSAGE][PASSED] - Error 404 Reported as Expected, Resource Unavailable

2020-04-20 15:20:32 - [TEST_STEP][PASSED] - if (Flag_Search_Location_Error == "0"): null

2020-04-20 15:20:32 - [TEST_STEP][PASSED] - if (Flag_Search_Location_Error > "0"): Invalid Location was Correctly Highlighted for Trade Type <Electrician> Based in <Sydney>

2020-04-20 15:20:32 - [TEST_STEP][PASSED] - markPassed("Invalid Location was Correctly Highlighted for Trade Type <" + Search_Trade_Clasification + "> Based in <" + Search_Trader_Location + ">"): Invalid Location was Correctly Highlighted for Trade Type <Electrician> Based in <Sydney>

2020-04-20 15:20:32 - [MESSAGE][PASSED] - Invalid Location was Correctly Highlighted for Trade Type <Electrician> Based in <Sydney>

2020-04-20 15:20:32 - [MESSAGE][PASSED] - Call Test Case 'Test Cases/Reusable_Test_Sequences/CAT_Search_Location_Not_Returned' successfully

2020-04-20 15:20:32 - [TEST_STEP][PASSED] - "--------------------------": null

2020-04-20 15:20:32 - [TEST_STEP][PASSED] - " Teardown - CLose Browser |": null

2020-04-20 15:20:32 - [TEST_STEP][PASSED] - callTestCase(findTestCase("Reusable_Test_Sequences/CAT_Teardown"), [:], OPTIONAL): Call Test Case 'Test Cases/Reusable_Test_Sequences/CAT_Teardown' successfully

2020-04-20 15:20:32 - [TEST_CASE][PASSED] - Test Cases/Reusable_Test_Sequences/CAT_Teardown: Test Cases/Reusable_Test_Sequences/CAT_Teardown

2020-04-20 15:20:32 - [TEST_STEP][PASSED] - closeBrowser(): Browser is closed

2020-04-20 15:20:34 - [MESSAGE][PASSED] - Browser is closed

2020-04-20 15:20:34 - [TEST_STEP][PASSED] - super.finalize(): null

2020-04-20 15:20:34 - [TEST_STEP][PASSED] - System.gc(): null

2020-04-20 15:20:35 - [MESSAGE][PASSED] - Call Test Case 'Test Cases/Reusable_Test_Sequences/CAT_Teardown' successfully

2020-04-20 15:20:35 - [TEST_STEP][PASSED] - callTestCase(findTestCase("Reusable_Test_Sequences/CAT_Setup"), [:], STOP_ON_FAILURE): Call Test Case 'Test Cases/Reusable_Test_Sequences/CAT_Setup' successfully

2020-04-20 15:20:35 - [TEST_CASE][PASSED] - Test Cases/Reusable_Test_Sequences/CAT_Setup: Test Cases/Reusable_Test_Sequences/CAT_Setup

2020-04-20 15:20:35 - [TEST_STEP][PASSED] - "------------------------------": null

2020-04-20 15:20:35 - [TEST_STEP][PASSED] - " Set Mobile Device Testing    |": null

2020-04-20 15:20:35 - [TEST_STEP][PASSED] - if (Mobile_Flag == "true"): null

2020-04-20 15:20:35 - [TEST_STEP][PASSED] - "------------------------------": null

2020-04-20 15:20:35 - [TEST_STEP][PASSED] - " Set Mobile Device Testing    |": null

2020-04-20 15:20:35 - [TEST_STEP][PASSED] - "------------------------------": null

2020-04-20 15:20:35 - [TEST_STEP][PASSED] - "URL - Set from the ENVIRONMENT PROFILE ": null

2020-04-20 15:20:35 - [TEST_STEP][PASSED] - openBrowser(URL): Browser is opened with url: 'https://www.preview.checkatrade.com/'

2020-04-20 15:20:35 - [MESSAGE][INFO] - Starting 'Firefox' driver

2020-04-20 15:20:35 - [MESSAGE][INFO] - Action delay is set to 0 milliseconds

2020-04-20 15:20:49 - [MESSAGE][PASSED] - Browser is opened with url: 'https://www.preview.checkatrade.com/'

2020-04-20 15:20:49 - [TEST_STEP][PASSED] - maximizeWindow(): Current window maximized

2020-04-20 15:20:50 - [MESSAGE][PASSED] - Current window maximized

2020-04-20 15:20:50 - [TEST_STEP][PASSED] - waitForPageLoad(60): Wait for page load successfully

2020-04-20 15:20:50 - [MESSAGE][PASSED] - Wait for page load successfully

2020-04-20 15:20:50 - [TEST_STEP][PASSED] - "Previous Functionalilty Left Commented For Ease Of reversion": null

2020-04-20 15:20:50 - [TEST_STEP][PASSED] - " Katalon Try/Catches currently have issues? SEE HEADER": null

2020-04-20 15:20:50 - [TEST_STEP][PASSED] - try: Text 'Cookie Policy' is not present on page

2020-04-20 15:20:50 - [TEST_STEP][PASSED] - verifyElementPresent(findTestObject("Object Repository/Cookies/Page_Checkatrade Find a tradesperson you can trust/button_Accept All"), 5, OPTIONAL): Object 'Object Repository/Cookies/Page_Checkatrade Find a tradesperson you can trust/button_Accept All' is present

2020-04-20 15:20:50 - [MESSAGE][PASSED] - Object 'Object Repository/Cookies/Page_Checkatrade Find a tradesperson you can trust/button_Accept All' is present

2020-04-20 15:20:50 - [TEST_STEP][PASSED] - click(findTestObject("Object Repository/Cookies/Page_Checkatrade Find a tradesperson you can trust/button_Accept All"), OPTIONAL): Object: 'Object Repository/Cookies/Page_Checkatrade Find a tradesperson you can trust/button_Accept All' is clicked on

2020-04-20 15:20:50 - [MESSAGE][PASSED] - Object: 'Object Repository/Cookies/Page_Checkatrade Find a tradesperson you can trust/button_Accept All' is clicked on

2020-04-20 15:20:50 - [TEST_STEP][PASSED] - "---------------------------------": null

2020-04-20 15:20:50 - [TEST_STEP][PASSED] - "COOKIE POPOUT REMOVED - Confirmed": null

2020-04-20 15:20:50 - [TEST_STEP][PASSED] - delay(1): Delayed 1 second(s)

2020-04-20 15:20:51 - [MESSAGE][PASSED] - Delayed 1 second(s)

2020-04-20 15:20:51 - [TEST_STEP][PASSED] - verifyTextNotPresent("We use cookies to personalise content and ads, to provide social media features and to analyse our traffic", false): Text 'We use cookies to personalise content and ads, to provide social media features and to analyse our traffic' is not present on page

2020-04-20 15:20:52 - [MESSAGE][PASSED] - Text 'We use cookies to personalise content and ads, to provide social media features and to analyse our traffic' is not present on page

2020-04-20 15:20:52 - [TEST_STEP][PASSED] - verifyTextNotPresent(" We also share information about your use of our site with our social media, advertising and analytics partners", false): Text ' We also share information about your use of our site with our social media, advertising and analytics partners' is not present on page

2020-04-20 15:20:53 - [MESSAGE][PASSED] - Text ' We also share information about your use of our site with our social media, advertising and analytics partners' is not present on page

2020-04-20 15:20:53 - [TEST_STEP][PASSED] - verifyTextNotPresent("Cookie Policy", false): Text 'Cookie Policy' is not present on page

2020-04-20 15:20:53 - [MESSAGE][PASSED] - Text 'Cookie Policy' is not present on page

2020-04-20 15:20:53 - [TEST_STEP][PASSED] - waitForPageLoad(60): Wait for page load successfully

2020-04-20 15:20:53 - [MESSAGE][PASSED] - Wait for page load successfully

2020-04-20 15:20:53 - [TEST_STEP][PASSED] - "COOKIE - ORIGINAL": null

2020-04-20 15:20:53 - [TEST_STEP][PASSED] - if (waitForElementVisible(findTestObject("Object Repository/Feedback/Page_Checkatrade Give your feedback/input_Member_to_Review"), 5)): Web element with id: 'Object Repository/Feedback/Page_Checkatrade Give your feedback/input_Member_to_Review' located by 'By.xpath: //input[@id='feedback-form__company_autocomplete_input']' not found

2020-04-20 15:20:58 - [MESSAGE][INFO] - Unable to find the element located by 'By.xpath: //input[@id='feedback-form__company_autocomplete_input']'. Please recheck the objects properties to make sure the desired element is located. 

2020-04-20 15:20:58 - [MESSAGE][WARNING] - Web element with id: 'Object Repository/Feedback/Page_Checkatrade Give your feedback/input_Member_to_Review' located by 'By.xpath: //input[@id='feedback-form__company_autocomplete_input']' not found

2020-04-20 15:20:58 - [TEST_STEP][PASSED] - else: The <<<OLD>>> Website was detected by the STARTUP Process

2020-04-20 15:20:58 - [TEST_STEP][PASSED] - if (!(verifyElementVisible(findTestObject("Object Repository/Checkatrade_Trade_Search_Page/Page_Checkatrade Find a tradesperson you can trust/input_Search_Button_FF")))): Object 'Object Repository/Checkatrade_Trade_Search_Page/Page_Checkatrade Find a tradesperson you can trust/input_Search_Button_FF' is visible

2020-04-20 15:20:58 - [MESSAGE][PASSED] - Object 'Object Repository/Checkatrade_Trade_Search_Page/Page_Checkatrade Find a tradesperson you can trust/input_Search_Button_FF' is visible

2020-04-20 15:20:58 - [TEST_STEP][PASSED] - else: The <<<OLD>>> Website was detected by the STARTUP Process

2020-04-20 15:20:58 - [TEST_STEP][PASSED] - Website_Version = "old": null

2020-04-20 15:20:58 - [TEST_STEP][PASSED] - logInfo("The <<<OLD>>> Website was detected by the STARTUP Process"): The <<<OLD>>> Website was detected by the STARTUP Process

2020-04-20 15:20:58 - [MESSAGE][INFO] - The <<<OLD>>> Website was detected by the STARTUP Process

2020-04-20 15:20:58 - [MESSAGE][PASSED] - Call Test Case 'Test Cases/Reusable_Test_Sequences/CAT_Setup' successfully

2020-04-20 15:20:58 - [TEST_STEP][PASSED] - " Home Page validation Checks after COOKIE Dispelled NOT REQUIRED IN THIS INSTANCE": null

2020-04-20 15:20:58 - [TEST_STEP][PASSED] - "---------------------------------------": null

2020-04-20 15:20:58 - [TEST_STEP][PASSED] - " Set and SEARCH TRADE CLASSIFICATION   |": null

2020-04-20 15:20:58 - [TEST_STEP][PASSED] - callTestCase(findTestCase("Reusable_Test_Sequences/CAT_Enter_Trade_Classification_NEG"), [:], CONTINUE_ON_FAILURE): Call Test Case 'Test Cases/Reusable_Test_Sequences/CAT_Enter_Trade_Classification_NEG' successfully

2020-04-20 15:20:58 - [TEST_CASE][PASSED] - Test Cases/Reusable_Test_Sequences/CAT_Enter_Trade_Classification_NEG: Test Cases/Reusable_Test_Sequences/CAT_Enter_Trade_Classification_NEG

2020-04-20 15:20:59 - [TEST_STEP][PASSED] - "---------------------------------": null

2020-04-20 15:20:59 - [TEST_STEP][PASSED] - "Set and SEARCH SELECTED TRADE": null

2020-04-20 15:20:59 - [TEST_STEP][PASSED] - if (Website_Version == "new"): null

2020-04-20 15:20:59 - [TEST_STEP][PASSED] - else: Text 'Diagnostic Testing' is set on object 'Object Repository/Checkatrade_Trade_Search_Page/Page_Checkatrade Find a tradesperson you can trust/input_Search_Button_FF'

2020-04-20 15:20:59 - [TEST_STEP][PASSED] - click(findTestObject("Object Repository/Checkatrade_Trade_Search_Page/Page_Checkatrade Find a tradesperson you can trust/input_Search_Button_FF")): Object: 'Object Repository/Checkatrade_Trade_Search_Page/Page_Checkatrade Find a tradesperson you can trust/input_Search_Button_FF' is clicked on

2020-04-20 15:20:59 - [MESSAGE][PASSED] - Object: 'Object Repository/Checkatrade_Trade_Search_Page/Page_Checkatrade Find a tradesperson you can trust/input_Search_Button_FF' is clicked on

2020-04-20 15:20:59 - [TEST_STEP][PASSED] - setText(findTestObject("Object Repository/Checkatrade_Trade_Search_Page/Page_Checkatrade Find a tradesperson you can trust/input_Search_Button_FF"), findTestData("Search_Trader_Location_Data_NEG").getValue("tradeClassification", row)): Text 'Diagnostic Testing' is set on object 'Object Repository/Checkatrade_Trade_Search_Page/Page_Checkatrade Find a tradesperson you can trust/input_Search_Button_FF'

2020-04-20 15:20:59 - [MESSAGE][PASSED] - Text 'Diagnostic Testing' is set on object 'Object Repository/Checkatrade_Trade_Search_Page/Page_Checkatrade Find a tradesperson you can trust/input_Search_Button_FF'

2020-04-20 15:20:59 - [MESSAGE][PASSED] - Call Test Case 'Test Cases/Reusable_Test_Sequences/CAT_Enter_Trade_Classification_NEG' successfully

2020-04-20 15:20:59 - [TEST_STEP][PASSED] - "---------------------------------------": null

2020-04-20 15:20:59 - [TEST_STEP][PASSED] - " Set and SEARCH TRADE LOCATION         |": null

2020-04-20 15:20:59 - [TEST_STEP][PASSED] - callTestCase(findTestCase("Reusable_Test_Sequences/CAT_Enter_Trade_Location_NEG"), [:], CONTINUE_ON_FAILURE): Call Test Case 'Test Cases/Reusable_Test_Sequences/CAT_Enter_Trade_Location_NEG' successfully

2020-04-20 15:20:59 - [TEST_CASE][PASSED] - Test Cases/Reusable_Test_Sequences/CAT_Enter_Trade_Location_NEG: Test Cases/Reusable_Test_Sequences/CAT_Enter_Trade_Location_NEG

2020-04-20 15:20:59 - [TEST_STEP][PASSED] - "---------------------------------": null

2020-04-20 15:20:59 - [TEST_STEP][PASSED] - "Set and SEARCH SELECTED LOCATION |": null

2020-04-20 15:20:59 - [TEST_STEP][PASSED] - if (Website_Version != "new"): Text 'Kirkwall' is set on object 'Object Repository/Checkatrade_Trade_Search_Page/Page_Checkatrade Find a tradesperson you can trust/input_Not here_location'

2020-04-20 15:20:59 - [TEST_STEP][PASSED] - click(findTestObject("Object Repository/Checkatrade_Trade_Search_Page/Page_Checkatrade Find a tradesperson you can trust/input_Not here_location")): Object: 'Object Repository/Checkatrade_Trade_Search_Page/Page_Checkatrade Find a tradesperson you can trust/input_Not here_location' is clicked on

2020-04-20 15:21:00 - [MESSAGE][PASSED] - Object: 'Object Repository/Checkatrade_Trade_Search_Page/Page_Checkatrade Find a tradesperson you can trust/input_Not here_location' is clicked on

2020-04-20 15:21:00 - [TEST_STEP][PASSED] - setText(findTestObject("Object Repository/Checkatrade_Trade_Search_Page/Page_Checkatrade Find a tradesperson you can trust/input_Not here_location"), findTestData("Search_Trader_Location_Data_NEG").getValue("tradeNameLocation", row)): Text 'Kirkwall' is set on object 'Object Repository/Checkatrade_Trade_Search_Page/Page_Checkatrade Find a tradesperson you can trust/input_Not here_location'

2020-04-20 15:21:00 - [MESSAGE][PASSED] - Text 'Kirkwall' is set on object 'Object Repository/Checkatrade_Trade_Search_Page/Page_Checkatrade Find a tradesperson you can trust/input_Not here_location'

2020-04-20 15:21:00 - [TEST_STEP][PASSED] - if (verifyTextNotPresent("Sorry, no results found", false)): null

2020-04-20 15:21:01 - [MESSAGE][PASSED] - Text 'Sorry, no results found' is not present on page

2020-04-20 15:21:01 - [TEST_STEP][PASSED] - markPassed("The Expected Lookup Result(s) ARE being returned by the Lookup Service, AS EXPECTED"): The Expected Lookup Result(s) ARE being returned by the Lookup Service, AS EXPECTED

2020-04-20 15:21:01 - [MESSAGE][PASSED] - The Expected Lookup Result(s) ARE being returned by the Lookup Service, AS EXPECTED

2020-04-20 15:21:01 - [MESSAGE][PASSED] - Call Test Case 'Test Cases/Reusable_Test_Sequences/CAT_Enter_Trade_Location_NEG' successfully

2020-04-20 15:21:01 - [TEST_STEP][PASSED] - "---------------------------------------": null

2020-04-20 15:21:01 - [TEST_STEP][PASSED] - " Scroll Search Button into View        |": null

2020-04-20 15:21:01 - [TEST_STEP][PASSED] - "---------------------------------------": null

2020-04-20 15:21:01 - [TEST_STEP][PASSED] - "---------------------------------------": null

2020-04-20 15:21:01 - [TEST_STEP][PASSED] - " Hit Search Button                     |": null

2020-04-20 15:21:01 - [TEST_STEP][PASSED] - callTestCase(findTestCase("Reusable_Test_Sequences/CAT_Hit_Search_Button"), [:], CONTINUE_ON_FAILURE): Call Test Case 'Test Cases/Reusable_Test_Sequences/CAT_Hit_Search_Button' successfully

2020-04-20 15:21:01 - [TEST_CASE][PASSED] - Test Cases/Reusable_Test_Sequences/CAT_Hit_Search_Button: Test Cases/Reusable_Test_Sequences/CAT_Hit_Search_Button

2020-04-20 15:21:01 - [TEST_STEP][PASSED] - "---------------------------------": null

2020-04-20 15:21:01 - [TEST_STEP][PASSED] - "HIT SEARCH": null

2020-04-20 15:21:01 - [TEST_STEP][PASSED] - "---------------------------------": null

2020-04-20 15:21:01 - [TEST_STEP][PASSED] - if (Website_Version == "new"): null

2020-04-20 15:21:01 - [TEST_STEP][PASSED] - else: Object: 'Object Repository/Page_Checkatrade Find a tradesperson you can trust/a_Search' is clicked on

2020-04-20 15:21:01 - [TEST_STEP][PASSED] - waitForElementClickable(findTestObject("Object Repository/Page_Checkatrade Find a tradesperson you can trust/a_Search"), 25): Object 'Object Repository/Page_Checkatrade Find a tradesperson you can trust/a_Search' is clickable

2020-04-20 15:21:01 - [MESSAGE][PASSED] - Object 'Object Repository/Page_Checkatrade Find a tradesperson you can trust/a_Search' is clickable

2020-04-20 15:21:01 - [TEST_STEP][PASSED] - click(findTestObject("Object Repository/Page_Checkatrade Find a tradesperson you can trust/a_Search")): Object: 'Object Repository/Page_Checkatrade Find a tradesperson you can trust/a_Search' is clicked on

2020-04-20 15:21:06 - [MESSAGE][PASSED] - Object: 'Object Repository/Page_Checkatrade Find a tradesperson you can trust/a_Search' is clicked on

2020-04-20 15:21:06 - [MESSAGE][PASSED] - Call Test Case 'Test Cases/Reusable_Test_Sequences/CAT_Hit_Search_Button' successfully

2020-04-20 15:21:06 - [TEST_STEP][PASSED] - "------------------------------------------": null

2020-04-20 15:21:06 - [TEST_STEP][PASSED] - " Expected ERROR Reported                  |": null

2020-04-20 15:21:06 - [TEST_STEP][PASSED] - callTestCase(findTestCase("Reusable_Test_Sequences/CAT_Search_Location_Not_Returned"), [:], CONTINUE_ON_FAILURE): Call Test Case 'Test Cases/Reusable_Test_Sequences/CAT_Search_Location_Not_Returned' successfully

2020-04-20 15:21:06 - [TEST_CASE][PASSED] - Test Cases/Reusable_Test_Sequences/CAT_Search_Location_Not_Returned: Test Cases/Reusable_Test_Sequences/CAT_Search_Location_Not_Returned

2020-04-20 15:21:06 - [TEST_STEP][PASSED] - "For later Extension": null

2020-04-20 15:21:06 - [TEST_STEP][PASSED] - "--------------------------------": null

2020-04-20 15:21:06 - [TEST_STEP][PASSED] - "Read data from spreadsheet      | r_ = Returned Data": null

2020-04-20 15:21:06 - [TEST_STEP][PASSED] - data = findTestData("Data Files/Search_Trader_Location_Data_NEG"): null

2020-04-20 15:21:06 - [TEST_STEP][PASSED] - Search_Trader_Location = data.getValue("tradeNameLocation", row): null

2020-04-20 15:21:06 - [TEST_STEP][PASSED] - Search_Trade_Clasification = data.getValue("tradeClassification", row): null

2020-04-20 15:21:06 - [TEST_STEP][PASSED] - "------------------------------------------------------------------------": null

2020-04-20 15:21:06 - [TEST_STEP][PASSED] - "VALUES - 1 = Enter Trade Location Status - 2 = 404 No File or Directory |": null

2020-04-20 15:21:06 - [TEST_STEP][PASSED] - Flag_Search_Location_Error = "0": null

2020-04-20 15:21:06 - [TEST_STEP][PASSED] - delay(1): Delayed 1 second(s)

2020-04-20 15:21:07 - [MESSAGE][PASSED] - Delayed 1 second(s)

2020-04-20 15:21:07 - [TEST_STEP][PASSED] - waitForPageLoad(60): Wait for page load successfully

2020-04-20 15:21:07 - [MESSAGE][PASSED] - Wait for page load successfully

2020-04-20 15:21:07 - [TEST_STEP][PASSED] - "-------------------------------------------------------------------------------------------------------------------------": null

2020-04-20 15:21:07 - [TEST_STEP][PASSED] - "Scenario 1 - Location, Incorrect Numeric Value or Postcode Returns Highlighted (RED) Text Please enter a valid Location  |": null

2020-04-20 15:21:07 - [TEST_STEP][PASSED] - try: null

2020-04-20 15:21:07 - [TEST_STEP][PASSED] - verifyTextPresent("Please enter a trade and a location", false, OPTIONAL): Text 'Please enter a trade and a location' is not present on page  (Root cause: com.kms.katalon.core.exception.StepFailedException: Text 'Please enter a trade and a location' is not present on page 
	at com.kms.katalon.core.webui.keyword.internal.WebUIKeywordMain.stepFailed(WebUIKeywordMain.groovy:64)
	at com.kms.katalon.core.webui.keyword.builtin.VerifyTextPresentKeyword$_verifyTextPresent_closure1.doCall(VerifyTextPresentKeyword.groovy:79)
	at com.kms.katalon.core.webui.keyword.builtin.VerifyTextPresentKeyword$_verifyTextPresent_closure1.call(VerifyTextPresentKeyword.groovy)
	at com.kms.katalon.core.webui.keyword.internal.WebUIKeywordMain.runKeyword(WebUIKeywordMain.groovy:20)
	at com.kms.katalon.core.webui.keyword.builtin.VerifyTextPresentKeyword.verifyTextPresent(VerifyTextPresentKeyword.groovy:83)
	at com.kms.katalon.core.webui.keyword.builtin.VerifyTextPresentKeyword.execute(VerifyTextPresentKeyword.groovy:68)
	at com.kms.katalon.core.keyword.internal.KeywordExecutor.executeKeywordForPlatform(KeywordExecutor.groovy:72)
	at com.kms.katalon.core.webui.keyword.WebUiBuiltInKeywords.verifyTextPresent(WebUiBuiltInKeywords.groovy:1703)
	at com.kms.katalon.core.webui.keyword.WebUiBuiltInKeywords$verifyTextPresent$13.call(Unknown Source)
	at CAT_Search_Location_Not_Returned.run(CAT_Search_Location_Not_Returned:42)
	at com.kms.katalon.core.main.ScriptEngine.run(ScriptEngine.java:194)
	at com.kms.katalon.core.main.ScriptEngine.runScriptAsRawText(ScriptEngine.java:119)
	at com.kms.katalon.core.main.TestCaseExecutor.runScript(TestCaseExecutor.java:337)
	at com.kms.katalon.core.main.TestCaseExecutor.doExecute(TestCaseExecutor.java:328)
	at com.kms.katalon.core.main.TestCaseExecutor.processExecutionPhase(TestCaseExecutor.java:307)
	at com.kms.katalon.core.main.TestCaseExecutor.accessMainPhase(TestCaseExecutor.java:299)
	at com.kms.katalon.core.main.TestCaseExecutor.execute(TestCaseExecutor.java:233)
	at com.kms.katalon.core.main.TestCaseMain.runTestCase(TestCaseMain.java:114)
	at com.kms.katalon.core.keyword.builtin.CallTestCaseKeyword$_callTestCase_closure1.doCall(CallTestCaseKeyword.groovy:59)
	at com.kms.katalon.core.keyword.builtin.CallTestCaseKeyword$_callTestCase_closure1.call(CallTestCaseKeyword.groovy)
	at com.kms.katalon.core.keyword.internal.KeywordMain.runKeyword(KeywordMain.groovy:68)
	at com.kms.katalon.core.keyword.builtin.CallTestCaseKeyword.callTestCase(CallTestCaseKeyword.groovy:81)
	at com.kms.katalon.core.keyword.builtin.CallTestCaseKeyword.execute(CallTestCaseKeyword.groovy:44)
	at com.kms.katalon.core.keyword.internal.KeywordExecutor.executeKeywordForPlatform(KeywordExecutor.groovy:72)
	at com.kms.katalon.core.keyword.BuiltinKeywords.callTestCase(BuiltinKeywords.groovy:334)
	at Trader_Location_Not_Listed.run(Trader_Location_Not_Listed:87)
	at com.kms.katalon.core.main.ScriptEngine.run(ScriptEngine.java:194)
	at com.kms.katalon.core.main.ScriptEngine.runScriptAsRawText(ScriptEngine.java:119)
	at com.kms.katalon.core.main.TestCaseExecutor.runScript(TestCaseExecutor.java:337)
	at com.kms.katalon.core.main.TestCaseExecutor.doExecute(TestCaseExecutor.java:328)
	at com.kms.katalon.core.main.TestCaseExecutor.processExecutionPhase(TestCaseExecutor.java:307)
	at com.kms.katalon.core.main.TestCaseExecutor.accessMainPhase(TestCaseExecutor.java:299)
	at com.kms.katalon.core.main.TestCaseExecutor.execute(TestCaseExecutor.java:233)
	at com.kms.katalon.core.main.TestSuiteExecutor.accessTestCaseMainPhase(TestSuiteExecutor.java:169)
	at com.kms.katalon.core.main.TestSuiteExecutor.accessTestSuiteMainPhase(TestSuiteExecutor.java:142)
	at com.kms.katalon.core.main.TestSuiteExecutor.execute(TestSuiteExecutor.java:91)
	at com.kms.katalon.core.main.TestCaseMain.startTestSuite(TestCaseMain.java:157)
	at com.kms.katalon.core.main.TestCaseMain$startTestSuite$0.call(Unknown Source)
	at TempTestSuite1587391317561.run(TempTestSuite1587391317561.groovy:36)
)

2020-04-20 15:21:11 - [MESSAGE][WARNING] - Text 'Please enter a trade and a location' is not present on page  (Root cause: com.kms.katalon.core.exception.StepFailedException: Text 'Please enter a trade and a location' is not present on page 
	at com.kms.katalon.core.webui.keyword.internal.WebUIKeywordMain.stepFailed(WebUIKeywordMain.groovy:64)
	at com.kms.katalon.core.webui.keyword.builtin.VerifyTextPresentKeyword$_verifyTextPresent_closure1.doCall(VerifyTextPresentKeyword.groovy:79)
	at com.kms.katalon.core.webui.keyword.builtin.VerifyTextPresentKeyword$_verifyTextPresent_closure1.call(VerifyTextPresentKeyword.groovy)
	at com.kms.katalon.core.webui.keyword.internal.WebUIKeywordMain.runKeyword(WebUIKeywordMain.groovy:20)
	at com.kms.katalon.core.webui.keyword.builtin.VerifyTextPresentKeyword.verifyTextPresent(VerifyTextPresentKeyword.groovy:83)
	at com.kms.katalon.core.webui.keyword.builtin.VerifyTextPresentKeyword.execute(VerifyTextPresentKeyword.groovy:68)
	at com.kms.katalon.core.keyword.internal.KeywordExecutor.executeKeywordForPlatform(KeywordExecutor.groovy:72)
	at com.kms.katalon.core.webui.keyword.WebUiBuiltInKeywords.verifyTextPresent(WebUiBuiltInKeywords.groovy:1703)
	at com.kms.katalon.core.webui.keyword.WebUiBuiltInKeywords$verifyTextPresent$13.call(Unknown Source)
	at CAT_Search_Location_Not_Returned.run(CAT_Search_Location_Not_Returned:42)
	at com.kms.katalon.core.main.ScriptEngine.run(ScriptEngine.java:194)
	at com.kms.katalon.core.main.ScriptEngine.runScriptAsRawText(ScriptEngine.java:119)
	at com.kms.katalon.core.main.TestCaseExecutor.runScript(TestCaseExecutor.java:337)
	at com.kms.katalon.core.main.TestCaseExecutor.doExecute(TestCaseExecutor.java:328)
	at com.kms.katalon.core.main.TestCaseExecutor.processExecutionPhase(TestCaseExecutor.java:307)
	at com.kms.katalon.core.main.TestCaseExecutor.accessMainPhase(TestCaseExecutor.java:299)
	at com.kms.katalon.core.main.TestCaseExecutor.execute(TestCaseExecutor.java:233)
	at com.kms.katalon.core.main.TestCaseMain.runTestCase(TestCaseMain.java:114)
	at com.kms.katalon.core.keyword.builtin.CallTestCaseKeyword$_callTestCase_closure1.doCall(CallTestCaseKeyword.groovy:59)
	at com.kms.katalon.core.keyword.builtin.CallTestCaseKeyword$_callTestCase_closure1.call(CallTestCaseKeyword.groovy)
	at com.kms.katalon.core.keyword.internal.KeywordMain.runKeyword(KeywordMain.groovy:68)
	at com.kms.katalon.core.keyword.builtin.CallTestCaseKeyword.callTestCase(CallTestCaseKeyword.groovy:81)
	at com.kms.katalon.core.keyword.builtin.CallTestCaseKeyword.execute(CallTestCaseKeyword.groovy:44)
	at com.kms.katalon.core.keyword.internal.KeywordExecutor.executeKeywordForPlatform(KeywordExecutor.groovy:72)
	at com.kms.katalon.core.keyword.BuiltinKeywords.callTestCase(BuiltinKeywords.groovy:334)
	at Trader_Location_Not_Listed.run(Trader_Location_Not_Listed:87)
	at com.kms.katalon.core.main.ScriptEngine.run(ScriptEngine.java:194)
	at com.kms.katalon.core.main.ScriptEngine.runScriptAsRawText(ScriptEngine.java:119)
	at com.kms.katalon.core.main.TestCaseExecutor.runScript(TestCaseExecutor.java:337)
	at com.kms.katalon.core.main.TestCaseExecutor.doExecute(TestCaseExecutor.java:328)
	at com.kms.katalon.core.main.TestCaseExecutor.processExecutionPhase(TestCaseExecutor.java:307)
	at com.kms.katalon.core.main.TestCaseExecutor.accessMainPhase(TestCaseExecutor.java:299)
	at com.kms.katalon.core.main.TestCaseExecutor.execute(TestCaseExecutor.java:233)
	at com.kms.katalon.core.main.TestSuiteExecutor.accessTestCaseMainPhase(TestSuiteExecutor.java:169)
	at com.kms.katalon.core.main.TestSuiteExecutor.accessTestSuiteMainPhase(TestSuiteExecutor.java:142)
	at com.kms.katalon.core.main.TestSuiteExecutor.execute(TestSuiteExecutor.java:91)
	at com.kms.katalon.core.main.TestCaseMain.startTestSuite(TestCaseMain.java:157)
	at com.kms.katalon.core.main.TestCaseMain$startTestSuite$0.call(Unknown Source)
	at TempTestSuite1587391317561.run(TempTestSuite1587391317561.groovy:36)
)

2020-04-20 15:21:11 - [TEST_STEP][PASSED] - Flag_Search_Location_Error = "1": null

2020-04-20 15:21:11 - [TEST_STEP][PASSED] - "-----------------------------------------------------------------------------------------------------------------------------------": null

2020-04-20 15:21:11 - [TEST_STEP][PASSED] - "Scenario 2 - Location, Incorrect or Non Existing Data Beyond the Realms of the Database - Return 404 - File or Directory NOT FOUND |": null

2020-04-20 15:21:11 - [TEST_STEP][PASSED] - try: null

2020-04-20 15:21:11 - [TEST_STEP][PASSED] - verifyTextPresent("404 - File or directory not found", false, OPTIONAL): Text '404 - File or directory not found' is not present on page  (Root cause: com.kms.katalon.core.exception.StepFailedException: Text '404 - File or directory not found' is not present on page 
	at com.kms.katalon.core.webui.keyword.internal.WebUIKeywordMain.stepFailed(WebUIKeywordMain.groovy:64)
	at com.kms.katalon.core.webui.keyword.builtin.VerifyTextPresentKeyword$_verifyTextPresent_closure1.doCall(VerifyTextPresentKeyword.groovy:79)
	at com.kms.katalon.core.webui.keyword.builtin.VerifyTextPresentKeyword$_verifyTextPresent_closure1.call(VerifyTextPresentKeyword.groovy)
	at com.kms.katalon.core.webui.keyword.internal.WebUIKeywordMain.runKeyword(WebUIKeywordMain.groovy:20)
	at com.kms.katalon.core.webui.keyword.builtin.VerifyTextPresentKeyword.verifyTextPresent(VerifyTextPresentKeyword.groovy:83)
	at com.kms.katalon.core.webui.keyword.builtin.VerifyTextPresentKeyword.execute(VerifyTextPresentKeyword.groovy:68)
	at com.kms.katalon.core.keyword.internal.KeywordExecutor.executeKeywordForPlatform(KeywordExecutor.groovy:72)
	at com.kms.katalon.core.webui.keyword.WebUiBuiltInKeywords.verifyTextPresent(WebUiBuiltInKeywords.groovy:1703)
	at com.kms.katalon.core.webui.keyword.WebUiBuiltInKeywords$verifyTextPresent$13.call(Unknown Source)
	at CAT_Search_Location_Not_Returned.run(CAT_Search_Location_Not_Returned:57)
	at com.kms.katalon.core.main.ScriptEngine.run(ScriptEngine.java:194)
	at com.kms.katalon.core.main.ScriptEngine.runScriptAsRawText(ScriptEngine.java:119)
	at com.kms.katalon.core.main.TestCaseExecutor.runScript(TestCaseExecutor.java:337)
	at com.kms.katalon.core.main.TestCaseExecutor.doExecute(TestCaseExecutor.java:328)
	at com.kms.katalon.core.main.TestCaseExecutor.processExecutionPhase(TestCaseExecutor.java:307)
	at com.kms.katalon.core.main.TestCaseExecutor.accessMainPhase(TestCaseExecutor.java:299)
	at com.kms.katalon.core.main.TestCaseExecutor.execute(TestCaseExecutor.java:233)
	at com.kms.katalon.core.main.TestCaseMain.runTestCase(TestCaseMain.java:114)
	at com.kms.katalon.core.keyword.builtin.CallTestCaseKeyword$_callTestCase_closure1.doCall(CallTestCaseKeyword.groovy:59)
	at com.kms.katalon.core.keyword.builtin.CallTestCaseKeyword$_callTestCase_closure1.call(CallTestCaseKeyword.groovy)
	at com.kms.katalon.core.keyword.internal.KeywordMain.runKeyword(KeywordMain.groovy:68)
	at com.kms.katalon.core.keyword.builtin.CallTestCaseKeyword.callTestCase(CallTestCaseKeyword.groovy:81)
	at com.kms.katalon.core.keyword.builtin.CallTestCaseKeyword.execute(CallTestCaseKeyword.groovy:44)
	at com.kms.katalon.core.keyword.internal.KeywordExecutor.executeKeywordForPlatform(KeywordExecutor.groovy:72)
	at com.kms.katalon.core.keyword.BuiltinKeywords.callTestCase(BuiltinKeywords.groovy:334)
	at Trader_Location_Not_Listed.run(Trader_Location_Not_Listed:87)
	at com.kms.katalon.core.main.ScriptEngine.run(ScriptEngine.java:194)
	at com.kms.katalon.core.main.ScriptEngine.runScriptAsRawText(ScriptEngine.java:119)
	at com.kms.katalon.core.main.TestCaseExecutor.runScript(TestCaseExecutor.java:337)
	at com.kms.katalon.core.main.TestCaseExecutor.doExecute(TestCaseExecutor.java:328)
	at com.kms.katalon.core.main.TestCaseExecutor.processExecutionPhase(TestCaseExecutor.java:307)
	at com.kms.katalon.core.main.TestCaseExecutor.accessMainPhase(TestCaseExecutor.java:299)
	at com.kms.katalon.core.main.TestCaseExecutor.execute(TestCaseExecutor.java:233)
	at com.kms.katalon.core.main.TestSuiteExecutor.accessTestCaseMainPhase(TestSuiteExecutor.java:169)
	at com.kms.katalon.core.main.TestSuiteExecutor.accessTestSuiteMainPhase(TestSuiteExecutor.java:142)
	at com.kms.katalon.core.main.TestSuiteExecutor.execute(TestSuiteExecutor.java:91)
	at com.kms.katalon.core.main.TestCaseMain.startTestSuite(TestCaseMain.java:157)
	at com.kms.katalon.core.main.TestCaseMain$startTestSuite$0.call(Unknown Source)
	at TempTestSuite1587391317561.run(TempTestSuite1587391317561.groovy:36)
)

2020-04-20 15:21:13 - [MESSAGE][WARNING] - Text '404 - File or directory not found' is not present on page  (Root cause: com.kms.katalon.core.exception.StepFailedException: Text '404 - File or directory not found' is not present on page 
	at com.kms.katalon.core.webui.keyword.internal.WebUIKeywordMain.stepFailed(WebUIKeywordMain.groovy:64)
	at com.kms.katalon.core.webui.keyword.builtin.VerifyTextPresentKeyword$_verifyTextPresent_closure1.doCall(VerifyTextPresentKeyword.groovy:79)
	at com.kms.katalon.core.webui.keyword.builtin.VerifyTextPresentKeyword$_verifyTextPresent_closure1.call(VerifyTextPresentKeyword.groovy)
	at com.kms.katalon.core.webui.keyword.internal.WebUIKeywordMain.runKeyword(WebUIKeywordMain.groovy:20)
	at com.kms.katalon.core.webui.keyword.builtin.VerifyTextPresentKeyword.verifyTextPresent(VerifyTextPresentKeyword.groovy:83)
	at com.kms.katalon.core.webui.keyword.builtin.VerifyTextPresentKeyword.execute(VerifyTextPresentKeyword.groovy:68)
	at com.kms.katalon.core.keyword.internal.KeywordExecutor.executeKeywordForPlatform(KeywordExecutor.groovy:72)
	at com.kms.katalon.core.webui.keyword.WebUiBuiltInKeywords.verifyTextPresent(WebUiBuiltInKeywords.groovy:1703)
	at com.kms.katalon.core.webui.keyword.WebUiBuiltInKeywords$verifyTextPresent$13.call(Unknown Source)
	at CAT_Search_Location_Not_Returned.run(CAT_Search_Location_Not_Returned:57)
	at com.kms.katalon.core.main.ScriptEngine.run(ScriptEngine.java:194)
	at com.kms.katalon.core.main.ScriptEngine.runScriptAsRawText(ScriptEngine.java:119)
	at com.kms.katalon.core.main.TestCaseExecutor.runScript(TestCaseExecutor.java:337)
	at com.kms.katalon.core.main.TestCaseExecutor.doExecute(TestCaseExecutor.java:328)
	at com.kms.katalon.core.main.TestCaseExecutor.processExecutionPhase(TestCaseExecutor.java:307)
	at com.kms.katalon.core.main.TestCaseExecutor.accessMainPhase(TestCaseExecutor.java:299)
	at com.kms.katalon.core.main.TestCaseExecutor.execute(TestCaseExecutor.java:233)
	at com.kms.katalon.core.main.TestCaseMain.runTestCase(TestCaseMain.java:114)
	at com.kms.katalon.core.keyword.builtin.CallTestCaseKeyword$_callTestCase_closure1.doCall(CallTestCaseKeyword.groovy:59)
	at com.kms.katalon.core.keyword.builtin.CallTestCaseKeyword$_callTestCase_closure1.call(CallTestCaseKeyword.groovy)
	at com.kms.katalon.core.keyword.internal.KeywordMain.runKeyword(KeywordMain.groovy:68)
	at com.kms.katalon.core.keyword.builtin.CallTestCaseKeyword.callTestCase(CallTestCaseKeyword.groovy:81)
	at com.kms.katalon.core.keyword.builtin.CallTestCaseKeyword.execute(CallTestCaseKeyword.groovy:44)
	at com.kms.katalon.core.keyword.internal.KeywordExecutor.executeKeywordForPlatform(KeywordExecutor.groovy:72)
	at com.kms.katalon.core.keyword.BuiltinKeywords.callTestCase(BuiltinKeywords.groovy:334)
	at Trader_Location_Not_Listed.run(Trader_Location_Not_Listed:87)
	at com.kms.katalon.core.main.ScriptEngine.run(ScriptEngine.java:194)
	at com.kms.katalon.core.main.ScriptEngine.runScriptAsRawText(ScriptEngine.java:119)
	at com.kms.katalon.core.main.TestCaseExecutor.runScript(TestCaseExecutor.java:337)
	at com.kms.katalon.core.main.TestCaseExecutor.doExecute(TestCaseExecutor.java:328)
	at com.kms.katalon.core.main.TestCaseExecutor.processExecutionPhase(TestCaseExecutor.java:307)
	at com.kms.katalon.core.main.TestCaseExecutor.accessMainPhase(TestCaseExecutor.java:299)
	at com.kms.katalon.core.main.TestCaseExecutor.execute(TestCaseExecutor.java:233)
	at com.kms.katalon.core.main.TestSuiteExecutor.accessTestCaseMainPhase(TestSuiteExecutor.java:169)
	at com.kms.katalon.core.main.TestSuiteExecutor.accessTestSuiteMainPhase(TestSuiteExecutor.java:142)
	at com.kms.katalon.core.main.TestSuiteExecutor.execute(TestSuiteExecutor.java:91)
	at com.kms.katalon.core.main.TestCaseMain.startTestSuite(TestCaseMain.java:157)
	at com.kms.katalon.core.main.TestCaseMain$startTestSuite$0.call(Unknown Source)
	at TempTestSuite1587391317561.run(TempTestSuite1587391317561.groovy:36)
)

2020-04-20 15:21:13 - [TEST_STEP][PASSED] - Flag_Search_Location_Error = "2": null

2020-04-20 15:21:13 - [TEST_STEP][PASSED] - if (Flag_Search_Location_Error == "1"): null

2020-04-20 15:21:13 - [TEST_STEP][PASSED] - if (Flag_Search_Location_Error == "2"): Error 404 Reported as Expected, Resource Unavailable

2020-04-20 15:21:13 - [TEST_STEP][PASSED] - markPassed("Error 404 Reported as Expected, Resource Unavailable"): Error 404 Reported as Expected, Resource Unavailable

2020-04-20 15:21:13 - [MESSAGE][PASSED] - Error 404 Reported as Expected, Resource Unavailable

2020-04-20 15:21:13 - [TEST_STEP][PASSED] - if (Flag_Search_Location_Error == "0"): null

2020-04-20 15:21:13 - [TEST_STEP][PASSED] - if (Flag_Search_Location_Error > "0"): Invalid Location was Correctly Highlighted for Trade Type <Diagnostic Testing> Based in <Kirkwall>

2020-04-20 15:21:13 - [TEST_STEP][PASSED] - markPassed("Invalid Location was Correctly Highlighted for Trade Type <" + Search_Trade_Clasification + "> Based in <" + Search_Trader_Location + ">"): Invalid Location was Correctly Highlighted for Trade Type <Diagnostic Testing> Based in <Kirkwall>

2020-04-20 15:21:13 - [MESSAGE][PASSED] - Invalid Location was Correctly Highlighted for Trade Type <Diagnostic Testing> Based in <Kirkwall>

2020-04-20 15:21:13 - [MESSAGE][PASSED] - Call Test Case 'Test Cases/Reusable_Test_Sequences/CAT_Search_Location_Not_Returned' successfully

2020-04-20 15:21:13 - [TEST_STEP][PASSED] - "--------------------------": null

2020-04-20 15:21:13 - [TEST_STEP][PASSED] - " Teardown - CLose Browser |": null

2020-04-20 15:21:13 - [TEST_STEP][PASSED] - callTestCase(findTestCase("Reusable_Test_Sequences/CAT_Teardown"), [:], OPTIONAL): Call Test Case 'Test Cases/Reusable_Test_Sequences/CAT_Teardown' successfully

2020-04-20 15:21:13 - [TEST_CASE][PASSED] - Test Cases/Reusable_Test_Sequences/CAT_Teardown: Test Cases/Reusable_Test_Sequences/CAT_Teardown

2020-04-20 15:21:13 - [TEST_STEP][PASSED] - closeBrowser(): Browser is closed

2020-04-20 15:21:16 - [MESSAGE][PASSED] - Browser is closed

2020-04-20 15:21:16 - [TEST_STEP][PASSED] - super.finalize(): null

2020-04-20 15:21:16 - [TEST_STEP][PASSED] - System.gc(): null

2020-04-20 15:21:16 - [MESSAGE][PASSED] - Call Test Case 'Test Cases/Reusable_Test_Sequences/CAT_Teardown' successfully

2020-04-20 15:21:16 - [TEST_STEP][PASSED] - callTestCase(findTestCase("Reusable_Test_Sequences/CAT_Setup"), [:], STOP_ON_FAILURE): Call Test Case 'Test Cases/Reusable_Test_Sequences/CAT_Setup' successfully

2020-04-20 15:21:16 - [TEST_CASE][PASSED] - Test Cases/Reusable_Test_Sequences/CAT_Setup: Test Cases/Reusable_Test_Sequences/CAT_Setup

2020-04-20 15:21:16 - [TEST_STEP][PASSED] - "------------------------------": null

2020-04-20 15:21:16 - [TEST_STEP][PASSED] - " Set Mobile Device Testing    |": null

2020-04-20 15:21:16 - [TEST_STEP][PASSED] - if (Mobile_Flag == "true"): null

2020-04-20 15:21:16 - [TEST_STEP][PASSED] - "------------------------------": null

2020-04-20 15:21:16 - [TEST_STEP][PASSED] - " Set Mobile Device Testing    |": null

2020-04-20 15:21:16 - [TEST_STEP][PASSED] - "------------------------------": null

2020-04-20 15:21:16 - [TEST_STEP][PASSED] - "URL - Set from the ENVIRONMENT PROFILE ": null

2020-04-20 15:21:16 - [TEST_STEP][PASSED] - openBrowser(URL): Browser is opened with url: 'https://www.preview.checkatrade.com/'

2020-04-20 15:21:16 - [MESSAGE][INFO] - Starting 'Firefox' driver

2020-04-20 15:21:16 - [MESSAGE][INFO] - Action delay is set to 0 milliseconds

2020-04-20 15:21:27 - [MESSAGE][PASSED] - Browser is opened with url: 'https://www.preview.checkatrade.com/'

2020-04-20 15:21:27 - [TEST_STEP][PASSED] - maximizeWindow(): Current window maximized

2020-04-20 15:21:27 - [MESSAGE][PASSED] - Current window maximized

2020-04-20 15:21:27 - [TEST_STEP][PASSED] - waitForPageLoad(60): Wait for page load successfully

2020-04-20 15:21:27 - [MESSAGE][PASSED] - Wait for page load successfully

2020-04-20 15:21:27 - [TEST_STEP][PASSED] - "Previous Functionalilty Left Commented For Ease Of reversion": null

2020-04-20 15:21:27 - [TEST_STEP][PASSED] - " Katalon Try/Catches currently have issues? SEE HEADER": null

2020-04-20 15:21:27 - [TEST_STEP][PASSED] - try: Text 'Cookie Policy' is not present on page

2020-04-20 15:21:27 - [TEST_STEP][PASSED] - verifyElementPresent(findTestObject("Object Repository/Cookies/Page_Checkatrade Find a tradesperson you can trust/button_Accept All"), 5, OPTIONAL): Object 'Object Repository/Cookies/Page_Checkatrade Find a tradesperson you can trust/button_Accept All' is present

2020-04-20 15:21:28 - [MESSAGE][PASSED] - Object 'Object Repository/Cookies/Page_Checkatrade Find a tradesperson you can trust/button_Accept All' is present

2020-04-20 15:21:28 - [TEST_STEP][PASSED] - click(findTestObject("Object Repository/Cookies/Page_Checkatrade Find a tradesperson you can trust/button_Accept All"), OPTIONAL): Object: 'Object Repository/Cookies/Page_Checkatrade Find a tradesperson you can trust/button_Accept All' is clicked on

2020-04-20 15:21:28 - [MESSAGE][PASSED] - Object: 'Object Repository/Cookies/Page_Checkatrade Find a tradesperson you can trust/button_Accept All' is clicked on

2020-04-20 15:21:28 - [TEST_STEP][PASSED] - "---------------------------------": null

2020-04-20 15:21:28 - [TEST_STEP][PASSED] - "COOKIE POPOUT REMOVED - Confirmed": null

2020-04-20 15:21:28 - [TEST_STEP][PASSED] - delay(1): Delayed 1 second(s)

2020-04-20 15:21:29 - [MESSAGE][PASSED] - Delayed 1 second(s)

2020-04-20 15:21:29 - [TEST_STEP][PASSED] - verifyTextNotPresent("We use cookies to personalise content and ads, to provide social media features and to analyse our traffic", false): Text 'We use cookies to personalise content and ads, to provide social media features and to analyse our traffic' is not present on page

2020-04-20 15:21:30 - [MESSAGE][PASSED] - Text 'We use cookies to personalise content and ads, to provide social media features and to analyse our traffic' is not present on page

2020-04-20 15:21:30 - [TEST_STEP][PASSED] - verifyTextNotPresent(" We also share information about your use of our site with our social media, advertising and analytics partners", false): Text ' We also share information about your use of our site with our social media, advertising and analytics partners' is not present on page

2020-04-20 15:21:31 - [MESSAGE][PASSED] - Text ' We also share information about your use of our site with our social media, advertising and analytics partners' is not present on page

2020-04-20 15:21:31 - [TEST_STEP][PASSED] - verifyTextNotPresent("Cookie Policy", false): Text 'Cookie Policy' is not present on page

2020-04-20 15:21:32 - [MESSAGE][PASSED] - Text 'Cookie Policy' is not present on page

2020-04-20 15:21:32 - [TEST_STEP][PASSED] - waitForPageLoad(60): Wait for page load successfully

2020-04-20 15:21:32 - [MESSAGE][PASSED] - Wait for page load successfully

2020-04-20 15:21:32 - [TEST_STEP][PASSED] - "COOKIE - ORIGINAL": null

2020-04-20 15:21:32 - [TEST_STEP][PASSED] - if (waitForElementVisible(findTestObject("Object Repository/Feedback/Page_Checkatrade Give your feedback/input_Member_to_Review"), 5)): Web element with id: 'Object Repository/Feedback/Page_Checkatrade Give your feedback/input_Member_to_Review' located by 'By.xpath: //input[@id='feedback-form__company_autocomplete_input']' not found

2020-04-20 15:21:37 - [MESSAGE][INFO] - Unable to find the element located by 'By.xpath: //input[@id='feedback-form__company_autocomplete_input']'. Please recheck the objects properties to make sure the desired element is located. 

2020-04-20 15:21:37 - [MESSAGE][WARNING] - Web element with id: 'Object Repository/Feedback/Page_Checkatrade Give your feedback/input_Member_to_Review' located by 'By.xpath: //input[@id='feedback-form__company_autocomplete_input']' not found

2020-04-20 15:21:37 - [TEST_STEP][PASSED] - else: The <<<OLD>>> Website was detected by the STARTUP Process

2020-04-20 15:21:37 - [TEST_STEP][PASSED] - if (!(verifyElementVisible(findTestObject("Object Repository/Checkatrade_Trade_Search_Page/Page_Checkatrade Find a tradesperson you can trust/input_Search_Button_FF")))): Object 'Object Repository/Checkatrade_Trade_Search_Page/Page_Checkatrade Find a tradesperson you can trust/input_Search_Button_FF' is visible

2020-04-20 15:21:37 - [MESSAGE][PASSED] - Object 'Object Repository/Checkatrade_Trade_Search_Page/Page_Checkatrade Find a tradesperson you can trust/input_Search_Button_FF' is visible

2020-04-20 15:21:37 - [TEST_STEP][PASSED] - else: The <<<OLD>>> Website was detected by the STARTUP Process

2020-04-20 15:21:37 - [TEST_STEP][PASSED] - Website_Version = "old": null

2020-04-20 15:21:37 - [TEST_STEP][PASSED] - logInfo("The <<<OLD>>> Website was detected by the STARTUP Process"): The <<<OLD>>> Website was detected by the STARTUP Process

2020-04-20 15:21:37 - [MESSAGE][INFO] - The <<<OLD>>> Website was detected by the STARTUP Process

2020-04-20 15:21:37 - [MESSAGE][PASSED] - Call Test Case 'Test Cases/Reusable_Test_Sequences/CAT_Setup' successfully

2020-04-20 15:21:37 - [TEST_STEP][PASSED] - " Home Page validation Checks after COOKIE Dispelled NOT REQUIRED IN THIS INSTANCE": null

2020-04-20 15:21:37 - [TEST_STEP][PASSED] - "---------------------------------------": null

2020-04-20 15:21:37 - [TEST_STEP][PASSED] - " Set and SEARCH TRADE CLASSIFICATION   |": null

2020-04-20 15:21:37 - [TEST_STEP][PASSED] - callTestCase(findTestCase("Reusable_Test_Sequences/CAT_Enter_Trade_Classification_NEG"), [:], CONTINUE_ON_FAILURE): Call Test Case 'Test Cases/Reusable_Test_Sequences/CAT_Enter_Trade_Classification_NEG' successfully

2020-04-20 15:21:37 - [TEST_CASE][PASSED] - Test Cases/Reusable_Test_Sequences/CAT_Enter_Trade_Classification_NEG: Test Cases/Reusable_Test_Sequences/CAT_Enter_Trade_Classification_NEG

2020-04-20 15:21:37 - [TEST_STEP][PASSED] - "---------------------------------": null

2020-04-20 15:21:37 - [TEST_STEP][PASSED] - "Set and SEARCH SELECTED TRADE": null

2020-04-20 15:21:37 - [TEST_STEP][PASSED] - if (Website_Version == "new"): null

2020-04-20 15:21:37 - [TEST_STEP][PASSED] - else: Text 'Miscellaneous Services' is set on object 'Object Repository/Checkatrade_Trade_Search_Page/Page_Checkatrade Find a tradesperson you can trust/input_Search_Button_FF'

2020-04-20 15:21:37 - [TEST_STEP][PASSED] - click(findTestObject("Object Repository/Checkatrade_Trade_Search_Page/Page_Checkatrade Find a tradesperson you can trust/input_Search_Button_FF")): Object: 'Object Repository/Checkatrade_Trade_Search_Page/Page_Checkatrade Find a tradesperson you can trust/input_Search_Button_FF' is clicked on

2020-04-20 15:21:38 - [MESSAGE][PASSED] - Object: 'Object Repository/Checkatrade_Trade_Search_Page/Page_Checkatrade Find a tradesperson you can trust/input_Search_Button_FF' is clicked on

2020-04-20 15:21:38 - [TEST_STEP][PASSED] - setText(findTestObject("Object Repository/Checkatrade_Trade_Search_Page/Page_Checkatrade Find a tradesperson you can trust/input_Search_Button_FF"), findTestData("Search_Trader_Location_Data_NEG").getValue("tradeClassification", row)): Text 'Miscellaneous Services' is set on object 'Object Repository/Checkatrade_Trade_Search_Page/Page_Checkatrade Find a tradesperson you can trust/input_Search_Button_FF'

2020-04-20 15:21:38 - [MESSAGE][PASSED] - Text 'Miscellaneous Services' is set on object 'Object Repository/Checkatrade_Trade_Search_Page/Page_Checkatrade Find a tradesperson you can trust/input_Search_Button_FF'

2020-04-20 15:21:38 - [MESSAGE][PASSED] - Call Test Case 'Test Cases/Reusable_Test_Sequences/CAT_Enter_Trade_Classification_NEG' successfully

2020-04-20 15:21:38 - [TEST_STEP][PASSED] - "---------------------------------------": null

2020-04-20 15:21:38 - [TEST_STEP][PASSED] - " Set and SEARCH TRADE LOCATION         |": null

2020-04-20 15:21:38 - [TEST_STEP][PASSED] - callTestCase(findTestCase("Reusable_Test_Sequences/CAT_Enter_Trade_Location_NEG"), [:], CONTINUE_ON_FAILURE): Call Test Case 'Test Cases/Reusable_Test_Sequences/CAT_Enter_Trade_Location_NEG' successfully

2020-04-20 15:21:38 - [TEST_CASE][PASSED] - Test Cases/Reusable_Test_Sequences/CAT_Enter_Trade_Location_NEG: Test Cases/Reusable_Test_Sequences/CAT_Enter_Trade_Location_NEG

2020-04-20 15:21:38 - [TEST_STEP][PASSED] - "---------------------------------": null

2020-04-20 15:21:38 - [TEST_STEP][PASSED] - "Set and SEARCH SELECTED LOCATION |": null

2020-04-20 15:21:38 - [TEST_STEP][PASSED] - if (Website_Version != "new"): Text 'Limerick' is set on object 'Object Repository/Checkatrade_Trade_Search_Page/Page_Checkatrade Find a tradesperson you can trust/input_Not here_location'

2020-04-20 15:21:38 - [TEST_STEP][PASSED] - click(findTestObject("Object Repository/Checkatrade_Trade_Search_Page/Page_Checkatrade Find a tradesperson you can trust/input_Not here_location")): Object: 'Object Repository/Checkatrade_Trade_Search_Page/Page_Checkatrade Find a tradesperson you can trust/input_Not here_location' is clicked on

2020-04-20 15:21:38 - [MESSAGE][PASSED] - Object: 'Object Repository/Checkatrade_Trade_Search_Page/Page_Checkatrade Find a tradesperson you can trust/input_Not here_location' is clicked on

2020-04-20 15:21:38 - [TEST_STEP][PASSED] - setText(findTestObject("Object Repository/Checkatrade_Trade_Search_Page/Page_Checkatrade Find a tradesperson you can trust/input_Not here_location"), findTestData("Search_Trader_Location_Data_NEG").getValue("tradeNameLocation", row)): Text 'Limerick' is set on object 'Object Repository/Checkatrade_Trade_Search_Page/Page_Checkatrade Find a tradesperson you can trust/input_Not here_location'

2020-04-20 15:21:39 - [MESSAGE][PASSED] - Text 'Limerick' is set on object 'Object Repository/Checkatrade_Trade_Search_Page/Page_Checkatrade Find a tradesperson you can trust/input_Not here_location'

2020-04-20 15:21:39 - [TEST_STEP][PASSED] - if (verifyTextNotPresent("Sorry, no results found", false)): null

2020-04-20 15:21:39 - [MESSAGE][PASSED] - Text 'Sorry, no results found' is not present on page

2020-04-20 15:21:39 - [TEST_STEP][PASSED] - markPassed("The Expected Lookup Result(s) ARE being returned by the Lookup Service, AS EXPECTED"): The Expected Lookup Result(s) ARE being returned by the Lookup Service, AS EXPECTED

2020-04-20 15:21:39 - [MESSAGE][PASSED] - The Expected Lookup Result(s) ARE being returned by the Lookup Service, AS EXPECTED

2020-04-20 15:21:39 - [MESSAGE][PASSED] - Call Test Case 'Test Cases/Reusable_Test_Sequences/CAT_Enter_Trade_Location_NEG' successfully

2020-04-20 15:21:39 - [TEST_STEP][PASSED] - "---------------------------------------": null

2020-04-20 15:21:39 - [TEST_STEP][PASSED] - " Scroll Search Button into View        |": null

2020-04-20 15:21:39 - [TEST_STEP][PASSED] - "---------------------------------------": null

2020-04-20 15:21:39 - [TEST_STEP][PASSED] - "---------------------------------------": null

2020-04-20 15:21:39 - [TEST_STEP][PASSED] - " Hit Search Button                     |": null

2020-04-20 15:21:39 - [TEST_STEP][PASSED] - callTestCase(findTestCase("Reusable_Test_Sequences/CAT_Hit_Search_Button"), [:], CONTINUE_ON_FAILURE): Call Test Case 'Test Cases/Reusable_Test_Sequences/CAT_Hit_Search_Button' successfully

2020-04-20 15:21:39 - [TEST_CASE][PASSED] - Test Cases/Reusable_Test_Sequences/CAT_Hit_Search_Button: Test Cases/Reusable_Test_Sequences/CAT_Hit_Search_Button

2020-04-20 15:21:39 - [TEST_STEP][PASSED] - "---------------------------------": null

2020-04-20 15:21:39 - [TEST_STEP][PASSED] - "HIT SEARCH": null

2020-04-20 15:21:39 - [TEST_STEP][PASSED] - "---------------------------------": null

2020-04-20 15:21:39 - [TEST_STEP][PASSED] - if (Website_Version == "new"): null

2020-04-20 15:21:39 - [TEST_STEP][PASSED] - else: Object: 'Object Repository/Page_Checkatrade Find a tradesperson you can trust/a_Search' is clicked on

2020-04-20 15:21:39 - [TEST_STEP][PASSED] - waitForElementClickable(findTestObject("Object Repository/Page_Checkatrade Find a tradesperson you can trust/a_Search"), 25): Object 'Object Repository/Page_Checkatrade Find a tradesperson you can trust/a_Search' is clickable

2020-04-20 15:21:39 - [MESSAGE][PASSED] - Object 'Object Repository/Page_Checkatrade Find a tradesperson you can trust/a_Search' is clickable

2020-04-20 15:21:39 - [TEST_STEP][PASSED] - click(findTestObject("Object Repository/Page_Checkatrade Find a tradesperson you can trust/a_Search")): Object: 'Object Repository/Page_Checkatrade Find a tradesperson you can trust/a_Search' is clicked on

2020-04-20 15:21:39 - [MESSAGE][PASSED] - Object: 'Object Repository/Page_Checkatrade Find a tradesperson you can trust/a_Search' is clicked on

2020-04-20 15:21:39 - [MESSAGE][PASSED] - Call Test Case 'Test Cases/Reusable_Test_Sequences/CAT_Hit_Search_Button' successfully

2020-04-20 15:21:39 - [TEST_STEP][PASSED] - "------------------------------------------": null

2020-04-20 15:21:39 - [TEST_STEP][PASSED] - " Expected ERROR Reported                  |": null

2020-04-20 15:21:39 - [TEST_STEP][PASSED] - callTestCase(findTestCase("Reusable_Test_Sequences/CAT_Search_Location_Not_Returned"), [:], CONTINUE_ON_FAILURE): Call Test Case 'Test Cases/Reusable_Test_Sequences/CAT_Search_Location_Not_Returned' successfully

2020-04-20 15:21:40 - [TEST_CASE][PASSED] - Test Cases/Reusable_Test_Sequences/CAT_Search_Location_Not_Returned: Test Cases/Reusable_Test_Sequences/CAT_Search_Location_Not_Returned

2020-04-20 15:21:40 - [TEST_STEP][PASSED] - "For later Extension": null

2020-04-20 15:21:40 - [TEST_STEP][PASSED] - "--------------------------------": null

2020-04-20 15:21:40 - [TEST_STEP][PASSED] - "Read data from spreadsheet      | r_ = Returned Data": null

2020-04-20 15:21:40 - [TEST_STEP][PASSED] - data = findTestData("Data Files/Search_Trader_Location_Data_NEG"): null

2020-04-20 15:21:40 - [TEST_STEP][PASSED] - Search_Trader_Location = data.getValue("tradeNameLocation", row): null

2020-04-20 15:21:40 - [TEST_STEP][PASSED] - Search_Trade_Clasification = data.getValue("tradeClassification", row): null

2020-04-20 15:21:40 - [TEST_STEP][PASSED] - "------------------------------------------------------------------------": null

2020-04-20 15:21:40 - [TEST_STEP][PASSED] - "VALUES - 1 = Enter Trade Location Status - 2 = 404 No File or Directory |": null

2020-04-20 15:21:40 - [TEST_STEP][PASSED] - Flag_Search_Location_Error = "0": null

2020-04-20 15:21:40 - [TEST_STEP][PASSED] - delay(1): Delayed 1 second(s)

2020-04-20 15:21:41 - [MESSAGE][PASSED] - Delayed 1 second(s)

2020-04-20 15:21:41 - [TEST_STEP][PASSED] - waitForPageLoad(60): Wait for page load successfully

2020-04-20 15:21:41 - [MESSAGE][PASSED] - Wait for page load successfully

2020-04-20 15:21:41 - [TEST_STEP][PASSED] - "-------------------------------------------------------------------------------------------------------------------------": null

2020-04-20 15:21:41 - [TEST_STEP][PASSED] - "Scenario 1 - Location, Incorrect Numeric Value or Postcode Returns Highlighted (RED) Text Please enter a valid Location  |": null

2020-04-20 15:21:41 - [TEST_STEP][PASSED] - try: null

2020-04-20 15:21:41 - [TEST_STEP][PASSED] - verifyTextPresent("Please enter a trade and a location", false, OPTIONAL): Text 'Please enter a trade and a location' is not present on page  (Root cause: com.kms.katalon.core.exception.StepFailedException: Text 'Please enter a trade and a location' is not present on page 
	at com.kms.katalon.core.webui.keyword.internal.WebUIKeywordMain.stepFailed(WebUIKeywordMain.groovy:64)
	at com.kms.katalon.core.webui.keyword.builtin.VerifyTextPresentKeyword$_verifyTextPresent_closure1.doCall(VerifyTextPresentKeyword.groovy:79)
	at com.kms.katalon.core.webui.keyword.builtin.VerifyTextPresentKeyword$_verifyTextPresent_closure1.call(VerifyTextPresentKeyword.groovy)
	at com.kms.katalon.core.webui.keyword.internal.WebUIKeywordMain.runKeyword(WebUIKeywordMain.groovy:20)
	at com.kms.katalon.core.webui.keyword.builtin.VerifyTextPresentKeyword.verifyTextPresent(VerifyTextPresentKeyword.groovy:83)
	at com.kms.katalon.core.webui.keyword.builtin.VerifyTextPresentKeyword.execute(VerifyTextPresentKeyword.groovy:68)
	at com.kms.katalon.core.keyword.internal.KeywordExecutor.executeKeywordForPlatform(KeywordExecutor.groovy:72)
	at com.kms.katalon.core.webui.keyword.WebUiBuiltInKeywords.verifyTextPresent(WebUiBuiltInKeywords.groovy:1703)
	at com.kms.katalon.core.webui.keyword.WebUiBuiltInKeywords$verifyTextPresent$13.call(Unknown Source)
	at CAT_Search_Location_Not_Returned.run(CAT_Search_Location_Not_Returned:42)
	at com.kms.katalon.core.main.ScriptEngine.run(ScriptEngine.java:194)
	at com.kms.katalon.core.main.ScriptEngine.runScriptAsRawText(ScriptEngine.java:119)
	at com.kms.katalon.core.main.TestCaseExecutor.runScript(TestCaseExecutor.java:337)
	at com.kms.katalon.core.main.TestCaseExecutor.doExecute(TestCaseExecutor.java:328)
	at com.kms.katalon.core.main.TestCaseExecutor.processExecutionPhase(TestCaseExecutor.java:307)
	at com.kms.katalon.core.main.TestCaseExecutor.accessMainPhase(TestCaseExecutor.java:299)
	at com.kms.katalon.core.main.TestCaseExecutor.execute(TestCaseExecutor.java:233)
	at com.kms.katalon.core.main.TestCaseMain.runTestCase(TestCaseMain.java:114)
	at com.kms.katalon.core.keyword.builtin.CallTestCaseKeyword$_callTestCase_closure1.doCall(CallTestCaseKeyword.groovy:59)
	at com.kms.katalon.core.keyword.builtin.CallTestCaseKeyword$_callTestCase_closure1.call(CallTestCaseKeyword.groovy)
	at com.kms.katalon.core.keyword.internal.KeywordMain.runKeyword(KeywordMain.groovy:68)
	at com.kms.katalon.core.keyword.builtin.CallTestCaseKeyword.callTestCase(CallTestCaseKeyword.groovy:81)
	at com.kms.katalon.core.keyword.builtin.CallTestCaseKeyword.execute(CallTestCaseKeyword.groovy:44)
	at com.kms.katalon.core.keyword.internal.KeywordExecutor.executeKeywordForPlatform(KeywordExecutor.groovy:72)
	at com.kms.katalon.core.keyword.BuiltinKeywords.callTestCase(BuiltinKeywords.groovy:334)
	at Trader_Location_Not_Listed.run(Trader_Location_Not_Listed:87)
	at com.kms.katalon.core.main.ScriptEngine.run(ScriptEngine.java:194)
	at com.kms.katalon.core.main.ScriptEngine.runScriptAsRawText(ScriptEngine.java:119)
	at com.kms.katalon.core.main.TestCaseExecutor.runScript(TestCaseExecutor.java:337)
	at com.kms.katalon.core.main.TestCaseExecutor.doExecute(TestCaseExecutor.java:328)
	at com.kms.katalon.core.main.TestCaseExecutor.processExecutionPhase(TestCaseExecutor.java:307)
	at com.kms.katalon.core.main.TestCaseExecutor.accessMainPhase(TestCaseExecutor.java:299)
	at com.kms.katalon.core.main.TestCaseExecutor.execute(TestCaseExecutor.java:233)
	at com.kms.katalon.core.main.TestSuiteExecutor.accessTestCaseMainPhase(TestSuiteExecutor.java:169)
	at com.kms.katalon.core.main.TestSuiteExecutor.accessTestSuiteMainPhase(TestSuiteExecutor.java:142)
	at com.kms.katalon.core.main.TestSuiteExecutor.execute(TestSuiteExecutor.java:91)
	at com.kms.katalon.core.main.TestCaseMain.startTestSuite(TestCaseMain.java:157)
	at com.kms.katalon.core.main.TestCaseMain$startTestSuite$0.call(Unknown Source)
	at TempTestSuite1587391317561.run(TempTestSuite1587391317561.groovy:36)
)

2020-04-20 15:21:41 - [MESSAGE][WARNING] - Text 'Please enter a trade and a location' is not present on page  (Root cause: com.kms.katalon.core.exception.StepFailedException: Text 'Please enter a trade and a location' is not present on page 
	at com.kms.katalon.core.webui.keyword.internal.WebUIKeywordMain.stepFailed(WebUIKeywordMain.groovy:64)
	at com.kms.katalon.core.webui.keyword.builtin.VerifyTextPresentKeyword$_verifyTextPresent_closure1.doCall(VerifyTextPresentKeyword.groovy:79)
	at com.kms.katalon.core.webui.keyword.builtin.VerifyTextPresentKeyword$_verifyTextPresent_closure1.call(VerifyTextPresentKeyword.groovy)
	at com.kms.katalon.core.webui.keyword.internal.WebUIKeywordMain.runKeyword(WebUIKeywordMain.groovy:20)
	at com.kms.katalon.core.webui.keyword.builtin.VerifyTextPresentKeyword.verifyTextPresent(VerifyTextPresentKeyword.groovy:83)
	at com.kms.katalon.core.webui.keyword.builtin.VerifyTextPresentKeyword.execute(VerifyTextPresentKeyword.groovy:68)
	at com.kms.katalon.core.keyword.internal.KeywordExecutor.executeKeywordForPlatform(KeywordExecutor.groovy:72)
	at com.kms.katalon.core.webui.keyword.WebUiBuiltInKeywords.verifyTextPresent(WebUiBuiltInKeywords.groovy:1703)
	at com.kms.katalon.core.webui.keyword.WebUiBuiltInKeywords$verifyTextPresent$13.call(Unknown Source)
	at CAT_Search_Location_Not_Returned.run(CAT_Search_Location_Not_Returned:42)
	at com.kms.katalon.core.main.ScriptEngine.run(ScriptEngine.java:194)
	at com.kms.katalon.core.main.ScriptEngine.runScriptAsRawText(ScriptEngine.java:119)
	at com.kms.katalon.core.main.TestCaseExecutor.runScript(TestCaseExecutor.java:337)
	at com.kms.katalon.core.main.TestCaseExecutor.doExecute(TestCaseExecutor.java:328)
	at com.kms.katalon.core.main.TestCaseExecutor.processExecutionPhase(TestCaseExecutor.java:307)
	at com.kms.katalon.core.main.TestCaseExecutor.accessMainPhase(TestCaseExecutor.java:299)
	at com.kms.katalon.core.main.TestCaseExecutor.execute(TestCaseExecutor.java:233)
	at com.kms.katalon.core.main.TestCaseMain.runTestCase(TestCaseMain.java:114)
	at com.kms.katalon.core.keyword.builtin.CallTestCaseKeyword$_callTestCase_closure1.doCall(CallTestCaseKeyword.groovy:59)
	at com.kms.katalon.core.keyword.builtin.CallTestCaseKeyword$_callTestCase_closure1.call(CallTestCaseKeyword.groovy)
	at com.kms.katalon.core.keyword.internal.KeywordMain.runKeyword(KeywordMain.groovy:68)
	at com.kms.katalon.core.keyword.builtin.CallTestCaseKeyword.callTestCase(CallTestCaseKeyword.groovy:81)
	at com.kms.katalon.core.keyword.builtin.CallTestCaseKeyword.execute(CallTestCaseKeyword.groovy:44)
	at com.kms.katalon.core.keyword.internal.KeywordExecutor.executeKeywordForPlatform(KeywordExecutor.groovy:72)
	at com.kms.katalon.core.keyword.BuiltinKeywords.callTestCase(BuiltinKeywords.groovy:334)
	at Trader_Location_Not_Listed.run(Trader_Location_Not_Listed:87)
	at com.kms.katalon.core.main.ScriptEngine.run(ScriptEngine.java:194)
	at com.kms.katalon.core.main.ScriptEngine.runScriptAsRawText(ScriptEngine.java:119)
	at com.kms.katalon.core.main.TestCaseExecutor.runScript(TestCaseExecutor.java:337)
	at com.kms.katalon.core.main.TestCaseExecutor.doExecute(TestCaseExecutor.java:328)
	at com.kms.katalon.core.main.TestCaseExecutor.processExecutionPhase(TestCaseExecutor.java:307)
	at com.kms.katalon.core.main.TestCaseExecutor.accessMainPhase(TestCaseExecutor.java:299)
	at com.kms.katalon.core.main.TestCaseExecutor.execute(TestCaseExecutor.java:233)
	at com.kms.katalon.core.main.TestSuiteExecutor.accessTestCaseMainPhase(TestSuiteExecutor.java:169)
	at com.kms.katalon.core.main.TestSuiteExecutor.accessTestSuiteMainPhase(TestSuiteExecutor.java:142)
	at com.kms.katalon.core.main.TestSuiteExecutor.execute(TestSuiteExecutor.java:91)
	at com.kms.katalon.core.main.TestCaseMain.startTestSuite(TestCaseMain.java:157)
	at com.kms.katalon.core.main.TestCaseMain$startTestSuite$0.call(Unknown Source)
	at TempTestSuite1587391317561.run(TempTestSuite1587391317561.groovy:36)
)

2020-04-20 15:21:41 - [TEST_STEP][PASSED] - Flag_Search_Location_Error = "1": null

2020-04-20 15:21:41 - [TEST_STEP][PASSED] - "-----------------------------------------------------------------------------------------------------------------------------------": null

2020-04-20 15:21:41 - [TEST_STEP][PASSED] - "Scenario 2 - Location, Incorrect or Non Existing Data Beyond the Realms of the Database - Return 404 - File or Directory NOT FOUND |": null

2020-04-20 15:21:41 - [TEST_STEP][PASSED] - try: null

2020-04-20 15:21:41 - [TEST_STEP][PASSED] - verifyTextPresent("404 - File or directory not found", false, OPTIONAL): Text '404 - File or directory not found' is present on page 

2020-04-20 15:21:41 - [MESSAGE][PASSED] - Text '404 - File or directory not found' is present on page 

2020-04-20 15:21:41 - [TEST_STEP][PASSED] - Flag_Search_Location_Error = "2": null

2020-04-20 15:21:41 - [TEST_STEP][PASSED] - if (Flag_Search_Location_Error == "1"): null

2020-04-20 15:21:41 - [TEST_STEP][PASSED] - if (Flag_Search_Location_Error == "2"): Error 404 Reported as Expected, Resource Unavailable

2020-04-20 15:21:41 - [TEST_STEP][PASSED] - markPassed("Error 404 Reported as Expected, Resource Unavailable"): Error 404 Reported as Expected, Resource Unavailable

2020-04-20 15:21:41 - [MESSAGE][PASSED] - Error 404 Reported as Expected, Resource Unavailable

2020-04-20 15:21:41 - [TEST_STEP][PASSED] - if (Flag_Search_Location_Error == "0"): null

2020-04-20 15:21:41 - [TEST_STEP][PASSED] - if (Flag_Search_Location_Error > "0"): Invalid Location was Correctly Highlighted for Trade Type <Miscellaneous Services> Based in <Limerick>

2020-04-20 15:21:41 - [TEST_STEP][PASSED] - markPassed("Invalid Location was Correctly Highlighted for Trade Type <" + Search_Trade_Clasification + "> Based in <" + Search_Trader_Location + ">"): Invalid Location was Correctly Highlighted for Trade Type <Miscellaneous Services> Based in <Limerick>

2020-04-20 15:21:41 - [MESSAGE][PASSED] - Invalid Location was Correctly Highlighted for Trade Type <Miscellaneous Services> Based in <Limerick>

2020-04-20 15:21:41 - [MESSAGE][PASSED] - Call Test Case 'Test Cases/Reusable_Test_Sequences/CAT_Search_Location_Not_Returned' successfully

2020-04-20 15:21:41 - [TEST_STEP][PASSED] - "--------------------------": null

2020-04-20 15:21:41 - [TEST_STEP][PASSED] - " Teardown - CLose Browser |": null

2020-04-20 15:21:41 - [TEST_STEP][PASSED] - callTestCase(findTestCase("Reusable_Test_Sequences/CAT_Teardown"), [:], OPTIONAL): Call Test Case 'Test Cases/Reusable_Test_Sequences/CAT_Teardown' successfully

2020-04-20 15:21:41 - [TEST_CASE][PASSED] - Test Cases/Reusable_Test_Sequences/CAT_Teardown: Test Cases/Reusable_Test_Sequences/CAT_Teardown

2020-04-20 15:21:41 - [TEST_STEP][PASSED] - closeBrowser(): Browser is closed

2020-04-20 15:21:44 - [MESSAGE][PASSED] - Browser is closed

2020-04-20 15:21:44 - [TEST_STEP][PASSED] - super.finalize(): null

2020-04-20 15:21:44 - [TEST_STEP][PASSED] - System.gc(): null

2020-04-20 15:21:44 - [MESSAGE][PASSED] - Call Test Case 'Test Cases/Reusable_Test_Sequences/CAT_Teardown' successfully

2020-04-20 15:21:44 - [TEST_STEP][PASSED] - callTestCase(findTestCase("Reusable_Test_Sequences/CAT_Setup"), [:], STOP_ON_FAILURE): Call Test Case 'Test Cases/Reusable_Test_Sequences/CAT_Setup' successfully

2020-04-20 15:21:44 - [TEST_CASE][PASSED] - Test Cases/Reusable_Test_Sequences/CAT_Setup: Test Cases/Reusable_Test_Sequences/CAT_Setup

2020-04-20 15:21:44 - [TEST_STEP][PASSED] - "------------------------------": null

2020-04-20 15:21:44 - [TEST_STEP][PASSED] - " Set Mobile Device Testing    |": null

2020-04-20 15:21:44 - [TEST_STEP][PASSED] - if (Mobile_Flag == "true"): null

2020-04-20 15:21:44 - [TEST_STEP][PASSED] - "------------------------------": null

2020-04-20 15:21:44 - [TEST_STEP][PASSED] - " Set Mobile Device Testing    |": null

2020-04-20 15:21:44 - [TEST_STEP][PASSED] - "------------------------------": null

2020-04-20 15:21:44 - [TEST_STEP][PASSED] - "URL - Set from the ENVIRONMENT PROFILE ": null

2020-04-20 15:21:44 - [TEST_STEP][PASSED] - openBrowser(URL): Browser is opened with url: 'https://www.preview.checkatrade.com/'

2020-04-20 15:21:44 - [MESSAGE][INFO] - Starting 'Firefox' driver

2020-04-20 15:21:44 - [MESSAGE][INFO] - Action delay is set to 0 milliseconds

2020-04-20 15:21:55 - [MESSAGE][PASSED] - Browser is opened with url: 'https://www.preview.checkatrade.com/'

2020-04-20 15:21:55 - [TEST_STEP][PASSED] - maximizeWindow(): Current window maximized

2020-04-20 15:21:56 - [MESSAGE][PASSED] - Current window maximized

2020-04-20 15:21:56 - [TEST_STEP][PASSED] - waitForPageLoad(60): Wait for page load successfully

2020-04-20 15:21:56 - [MESSAGE][PASSED] - Wait for page load successfully

2020-04-20 15:21:56 - [TEST_STEP][PASSED] - "Previous Functionalilty Left Commented For Ease Of reversion": null

2020-04-20 15:21:56 - [TEST_STEP][PASSED] - " Katalon Try/Catches currently have issues? SEE HEADER": null

2020-04-20 15:21:56 - [TEST_STEP][PASSED] - try: Text 'Cookie Policy' is not present on page

2020-04-20 15:21:56 - [TEST_STEP][PASSED] - verifyElementPresent(findTestObject("Object Repository/Cookies/Page_Checkatrade Find a tradesperson you can trust/button_Accept All"), 5, OPTIONAL): Object 'Object Repository/Cookies/Page_Checkatrade Find a tradesperson you can trust/button_Accept All' is present

2020-04-20 15:21:56 - [MESSAGE][PASSED] - Object 'Object Repository/Cookies/Page_Checkatrade Find a tradesperson you can trust/button_Accept All' is present

2020-04-20 15:21:56 - [TEST_STEP][PASSED] - click(findTestObject("Object Repository/Cookies/Page_Checkatrade Find a tradesperson you can trust/button_Accept All"), OPTIONAL): Object: 'Object Repository/Cookies/Page_Checkatrade Find a tradesperson you can trust/button_Accept All' is clicked on

2020-04-20 15:21:57 - [MESSAGE][PASSED] - Object: 'Object Repository/Cookies/Page_Checkatrade Find a tradesperson you can trust/button_Accept All' is clicked on

2020-04-20 15:21:57 - [TEST_STEP][PASSED] - "---------------------------------": null

2020-04-20 15:21:57 - [TEST_STEP][PASSED] - "COOKIE POPOUT REMOVED - Confirmed": null

2020-04-20 15:21:57 - [TEST_STEP][PASSED] - delay(1): Delayed 1 second(s)

2020-04-20 15:21:58 - [MESSAGE][PASSED] - Delayed 1 second(s)

2020-04-20 15:21:58 - [TEST_STEP][PASSED] - verifyTextNotPresent("We use cookies to personalise content and ads, to provide social media features and to analyse our traffic", false): Text 'We use cookies to personalise content and ads, to provide social media features and to analyse our traffic' is not present on page

2020-04-20 15:21:59 - [MESSAGE][PASSED] - Text 'We use cookies to personalise content and ads, to provide social media features and to analyse our traffic' is not present on page

2020-04-20 15:21:59 - [TEST_STEP][PASSED] - verifyTextNotPresent(" We also share information about your use of our site with our social media, advertising and analytics partners", false): Text ' We also share information about your use of our site with our social media, advertising and analytics partners' is not present on page

2020-04-20 15:21:59 - [MESSAGE][PASSED] - Text ' We also share information about your use of our site with our social media, advertising and analytics partners' is not present on page

2020-04-20 15:21:59 - [TEST_STEP][PASSED] - verifyTextNotPresent("Cookie Policy", false): Text 'Cookie Policy' is not present on page

2020-04-20 15:22:00 - [MESSAGE][PASSED] - Text 'Cookie Policy' is not present on page

2020-04-20 15:22:00 - [TEST_STEP][PASSED] - waitForPageLoad(60): Wait for page load successfully

2020-04-20 15:22:00 - [MESSAGE][PASSED] - Wait for page load successfully

2020-04-20 15:22:00 - [TEST_STEP][PASSED] - "COOKIE - ORIGINAL": null

2020-04-20 15:22:00 - [TEST_STEP][PASSED] - if (waitForElementVisible(findTestObject("Object Repository/Feedback/Page_Checkatrade Give your feedback/input_Member_to_Review"), 5)): Web element with id: 'Object Repository/Feedback/Page_Checkatrade Give your feedback/input_Member_to_Review' located by 'By.xpath: //input[@id='feedback-form__company_autocomplete_input']' not found

2020-04-20 15:22:05 - [MESSAGE][INFO] - Unable to find the element located by 'By.xpath: //input[@id='feedback-form__company_autocomplete_input']'. Please recheck the objects properties to make sure the desired element is located. 

2020-04-20 15:22:05 - [MESSAGE][WARNING] - Web element with id: 'Object Repository/Feedback/Page_Checkatrade Give your feedback/input_Member_to_Review' located by 'By.xpath: //input[@id='feedback-form__company_autocomplete_input']' not found

2020-04-20 15:22:05 - [TEST_STEP][PASSED] - else: The <<<OLD>>> Website was detected by the STARTUP Process

2020-04-20 15:22:05 - [TEST_STEP][PASSED] - if (!(verifyElementVisible(findTestObject("Object Repository/Checkatrade_Trade_Search_Page/Page_Checkatrade Find a tradesperson you can trust/input_Search_Button_FF")))): Object 'Object Repository/Checkatrade_Trade_Search_Page/Page_Checkatrade Find a tradesperson you can trust/input_Search_Button_FF' is visible

2020-04-20 15:22:05 - [MESSAGE][PASSED] - Object 'Object Repository/Checkatrade_Trade_Search_Page/Page_Checkatrade Find a tradesperson you can trust/input_Search_Button_FF' is visible

2020-04-20 15:22:05 - [TEST_STEP][PASSED] - else: The <<<OLD>>> Website was detected by the STARTUP Process

2020-04-20 15:22:05 - [TEST_STEP][PASSED] - Website_Version = "old": null

2020-04-20 15:22:05 - [TEST_STEP][PASSED] - logInfo("The <<<OLD>>> Website was detected by the STARTUP Process"): The <<<OLD>>> Website was detected by the STARTUP Process

2020-04-20 15:22:05 - [MESSAGE][INFO] - The <<<OLD>>> Website was detected by the STARTUP Process

2020-04-20 15:22:05 - [MESSAGE][PASSED] - Call Test Case 'Test Cases/Reusable_Test_Sequences/CAT_Setup' successfully

2020-04-20 15:22:05 - [TEST_STEP][PASSED] - " Home Page validation Checks after COOKIE Dispelled NOT REQUIRED IN THIS INSTANCE": null

2020-04-20 15:22:05 - [TEST_STEP][PASSED] - "---------------------------------------": null

2020-04-20 15:22:05 - [TEST_STEP][PASSED] - " Set and SEARCH TRADE CLASSIFICATION   |": null

2020-04-20 15:22:05 - [TEST_STEP][PASSED] - callTestCase(findTestCase("Reusable_Test_Sequences/CAT_Enter_Trade_Classification_NEG"), [:], CONTINUE_ON_FAILURE): Call Test Case 'Test Cases/Reusable_Test_Sequences/CAT_Enter_Trade_Classification_NEG' successfully

2020-04-20 15:22:05 - [TEST_CASE][PASSED] - Test Cases/Reusable_Test_Sequences/CAT_Enter_Trade_Classification_NEG: Test Cases/Reusable_Test_Sequences/CAT_Enter_Trade_Classification_NEG

2020-04-20 15:22:05 - [TEST_STEP][PASSED] - "---------------------------------": null

2020-04-20 15:22:05 - [TEST_STEP][PASSED] - "Set and SEARCH SELECTED TRADE": null

2020-04-20 15:22:05 - [TEST_STEP][PASSED] - if (Website_Version == "new"): null

2020-04-20 15:22:05 - [TEST_STEP][PASSED] - else: Text 'Plumber' is set on object 'Object Repository/Checkatrade_Trade_Search_Page/Page_Checkatrade Find a tradesperson you can trust/input_Search_Button_FF'

2020-04-20 15:22:05 - [TEST_STEP][PASSED] - click(findTestObject("Object Repository/Checkatrade_Trade_Search_Page/Page_Checkatrade Find a tradesperson you can trust/input_Search_Button_FF")): Object: 'Object Repository/Checkatrade_Trade_Search_Page/Page_Checkatrade Find a tradesperson you can trust/input_Search_Button_FF' is clicked on

2020-04-20 15:22:05 - [MESSAGE][PASSED] - Object: 'Object Repository/Checkatrade_Trade_Search_Page/Page_Checkatrade Find a tradesperson you can trust/input_Search_Button_FF' is clicked on

2020-04-20 15:22:05 - [TEST_STEP][PASSED] - setText(findTestObject("Object Repository/Checkatrade_Trade_Search_Page/Page_Checkatrade Find a tradesperson you can trust/input_Search_Button_FF"), findTestData("Search_Trader_Location_Data_NEG").getValue("tradeClassification", row)): Text 'Plumber' is set on object 'Object Repository/Checkatrade_Trade_Search_Page/Page_Checkatrade Find a tradesperson you can trust/input_Search_Button_FF'

2020-04-20 15:22:06 - [MESSAGE][PASSED] - Text 'Plumber' is set on object 'Object Repository/Checkatrade_Trade_Search_Page/Page_Checkatrade Find a tradesperson you can trust/input_Search_Button_FF'

2020-04-20 15:22:06 - [MESSAGE][PASSED] - Call Test Case 'Test Cases/Reusable_Test_Sequences/CAT_Enter_Trade_Classification_NEG' successfully

2020-04-20 15:22:06 - [TEST_STEP][PASSED] - "---------------------------------------": null

2020-04-20 15:22:06 - [TEST_STEP][PASSED] - " Set and SEARCH TRADE LOCATION         |": null

2020-04-20 15:22:06 - [TEST_STEP][PASSED] - callTestCase(findTestCase("Reusable_Test_Sequences/CAT_Enter_Trade_Location_NEG"), [:], CONTINUE_ON_FAILURE): Call Test Case 'Test Cases/Reusable_Test_Sequences/CAT_Enter_Trade_Location_NEG' successfully

2020-04-20 15:22:06 - [TEST_CASE][PASSED] - Test Cases/Reusable_Test_Sequences/CAT_Enter_Trade_Location_NEG: Test Cases/Reusable_Test_Sequences/CAT_Enter_Trade_Location_NEG

2020-04-20 15:22:06 - [TEST_STEP][PASSED] - "---------------------------------": null

2020-04-20 15:22:06 - [TEST_STEP][PASSED] - "Set and SEARCH SELECTED LOCATION |": null

2020-04-20 15:22:06 - [TEST_STEP][PASSED] - if (Website_Version != "new"): Text 'Guernsey' is set on object 'Object Repository/Checkatrade_Trade_Search_Page/Page_Checkatrade Find a tradesperson you can trust/input_Not here_location'

2020-04-20 15:22:06 - [TEST_STEP][PASSED] - click(findTestObject("Object Repository/Checkatrade_Trade_Search_Page/Page_Checkatrade Find a tradesperson you can trust/input_Not here_location")): Object: 'Object Repository/Checkatrade_Trade_Search_Page/Page_Checkatrade Find a tradesperson you can trust/input_Not here_location' is clicked on

2020-04-20 15:22:06 - [MESSAGE][PASSED] - Object: 'Object Repository/Checkatrade_Trade_Search_Page/Page_Checkatrade Find a tradesperson you can trust/input_Not here_location' is clicked on

2020-04-20 15:22:06 - [TEST_STEP][PASSED] - setText(findTestObject("Object Repository/Checkatrade_Trade_Search_Page/Page_Checkatrade Find a tradesperson you can trust/input_Not here_location"), findTestData("Search_Trader_Location_Data_NEG").getValue("tradeNameLocation", row)): Text 'Guernsey' is set on object 'Object Repository/Checkatrade_Trade_Search_Page/Page_Checkatrade Find a tradesperson you can trust/input_Not here_location'

2020-04-20 15:22:06 - [MESSAGE][PASSED] - Text 'Guernsey' is set on object 'Object Repository/Checkatrade_Trade_Search_Page/Page_Checkatrade Find a tradesperson you can trust/input_Not here_location'

2020-04-20 15:22:06 - [TEST_STEP][PASSED] - if (verifyTextNotPresent("Sorry, no results found", false)): null

2020-04-20 15:22:07 - [MESSAGE][PASSED] - Text 'Sorry, no results found' is not present on page

2020-04-20 15:22:07 - [TEST_STEP][PASSED] - markPassed("The Expected Lookup Result(s) ARE being returned by the Lookup Service, AS EXPECTED"): The Expected Lookup Result(s) ARE being returned by the Lookup Service, AS EXPECTED

2020-04-20 15:22:07 - [MESSAGE][PASSED] - The Expected Lookup Result(s) ARE being returned by the Lookup Service, AS EXPECTED

2020-04-20 15:22:07 - [MESSAGE][PASSED] - Call Test Case 'Test Cases/Reusable_Test_Sequences/CAT_Enter_Trade_Location_NEG' successfully

2020-04-20 15:22:07 - [TEST_STEP][PASSED] - "---------------------------------------": null

2020-04-20 15:22:07 - [TEST_STEP][PASSED] - " Scroll Search Button into View        |": null

2020-04-20 15:22:07 - [TEST_STEP][PASSED] - "---------------------------------------": null

2020-04-20 15:22:07 - [TEST_STEP][PASSED] - "---------------------------------------": null

2020-04-20 15:22:07 - [TEST_STEP][PASSED] - " Hit Search Button                     |": null

2020-04-20 15:22:07 - [TEST_STEP][PASSED] - callTestCase(findTestCase("Reusable_Test_Sequences/CAT_Hit_Search_Button"), [:], CONTINUE_ON_FAILURE): Call Test Case 'Test Cases/Reusable_Test_Sequences/CAT_Hit_Search_Button' successfully

2020-04-20 15:22:07 - [TEST_CASE][PASSED] - Test Cases/Reusable_Test_Sequences/CAT_Hit_Search_Button: Test Cases/Reusable_Test_Sequences/CAT_Hit_Search_Button

2020-04-20 15:22:07 - [TEST_STEP][PASSED] - "---------------------------------": null

2020-04-20 15:22:07 - [TEST_STEP][PASSED] - "HIT SEARCH": null

2020-04-20 15:22:07 - [TEST_STEP][PASSED] - "---------------------------------": null

2020-04-20 15:22:07 - [TEST_STEP][PASSED] - if (Website_Version == "new"): null

2020-04-20 15:22:07 - [TEST_STEP][PASSED] - else: Object: 'Object Repository/Page_Checkatrade Find a tradesperson you can trust/a_Search' is clicked on

2020-04-20 15:22:07 - [TEST_STEP][PASSED] - waitForElementClickable(findTestObject("Object Repository/Page_Checkatrade Find a tradesperson you can trust/a_Search"), 25): Object 'Object Repository/Page_Checkatrade Find a tradesperson you can trust/a_Search' is clickable

2020-04-20 15:22:07 - [MESSAGE][PASSED] - Object 'Object Repository/Page_Checkatrade Find a tradesperson you can trust/a_Search' is clickable

2020-04-20 15:22:07 - [TEST_STEP][PASSED] - click(findTestObject("Object Repository/Page_Checkatrade Find a tradesperson you can trust/a_Search")): Object: 'Object Repository/Page_Checkatrade Find a tradesperson you can trust/a_Search' is clicked on

2020-04-20 15:22:11 - [MESSAGE][PASSED] - Object: 'Object Repository/Page_Checkatrade Find a tradesperson you can trust/a_Search' is clicked on

2020-04-20 15:22:11 - [MESSAGE][PASSED] - Call Test Case 'Test Cases/Reusable_Test_Sequences/CAT_Hit_Search_Button' successfully

2020-04-20 15:22:11 - [TEST_STEP][PASSED] - "------------------------------------------": null

2020-04-20 15:22:11 - [TEST_STEP][PASSED] - " Expected ERROR Reported                  |": null

2020-04-20 15:22:11 - [TEST_STEP][PASSED] - callTestCase(findTestCase("Reusable_Test_Sequences/CAT_Search_Location_Not_Returned"), [:], CONTINUE_ON_FAILURE): Call Test Case 'Test Cases/Reusable_Test_Sequences/CAT_Search_Location_Not_Returned' successfully

2020-04-20 15:22:11 - [TEST_CASE][PASSED] - Test Cases/Reusable_Test_Sequences/CAT_Search_Location_Not_Returned: Test Cases/Reusable_Test_Sequences/CAT_Search_Location_Not_Returned

2020-04-20 15:22:11 - [TEST_STEP][PASSED] - "For later Extension": null

2020-04-20 15:22:11 - [TEST_STEP][PASSED] - "--------------------------------": null

2020-04-20 15:22:11 - [TEST_STEP][PASSED] - "Read data from spreadsheet      | r_ = Returned Data": null

2020-04-20 15:22:11 - [TEST_STEP][PASSED] - data = findTestData("Data Files/Search_Trader_Location_Data_NEG"): null

2020-04-20 15:22:11 - [TEST_STEP][PASSED] - Search_Trader_Location = data.getValue("tradeNameLocation", row): null

2020-04-20 15:22:11 - [TEST_STEP][PASSED] - Search_Trade_Clasification = data.getValue("tradeClassification", row): null

2020-04-20 15:22:11 - [TEST_STEP][PASSED] - "------------------------------------------------------------------------": null

2020-04-20 15:22:11 - [TEST_STEP][PASSED] - "VALUES - 1 = Enter Trade Location Status - 2 = 404 No File or Directory |": null

2020-04-20 15:22:11 - [TEST_STEP][PASSED] - Flag_Search_Location_Error = "0": null

2020-04-20 15:22:11 - [TEST_STEP][PASSED] - delay(1): Delayed 1 second(s)

2020-04-20 15:22:12 - [MESSAGE][PASSED] - Delayed 1 second(s)

2020-04-20 15:22:12 - [TEST_STEP][PASSED] - waitForPageLoad(60): Wait for page load successfully

2020-04-20 15:22:12 - [MESSAGE][PASSED] - Wait for page load successfully

2020-04-20 15:22:12 - [TEST_STEP][PASSED] - "-------------------------------------------------------------------------------------------------------------------------": null

2020-04-20 15:22:12 - [TEST_STEP][PASSED] - "Scenario 1 - Location, Incorrect Numeric Value or Postcode Returns Highlighted (RED) Text Please enter a valid Location  |": null

2020-04-20 15:22:12 - [TEST_STEP][PASSED] - try: null

2020-04-20 15:22:12 - [TEST_STEP][PASSED] - verifyTextPresent("Please enter a trade and a location", false, OPTIONAL): Text 'Please enter a trade and a location' is not present on page  (Root cause: com.kms.katalon.core.exception.StepFailedException: Text 'Please enter a trade and a location' is not present on page 
	at com.kms.katalon.core.webui.keyword.internal.WebUIKeywordMain.stepFailed(WebUIKeywordMain.groovy:64)
	at com.kms.katalon.core.webui.keyword.builtin.VerifyTextPresentKeyword$_verifyTextPresent_closure1.doCall(VerifyTextPresentKeyword.groovy:79)
	at com.kms.katalon.core.webui.keyword.builtin.VerifyTextPresentKeyword$_verifyTextPresent_closure1.call(VerifyTextPresentKeyword.groovy)
	at com.kms.katalon.core.webui.keyword.internal.WebUIKeywordMain.runKeyword(WebUIKeywordMain.groovy:20)
	at com.kms.katalon.core.webui.keyword.builtin.VerifyTextPresentKeyword.verifyTextPresent(VerifyTextPresentKeyword.groovy:83)
	at com.kms.katalon.core.webui.keyword.builtin.VerifyTextPresentKeyword.execute(VerifyTextPresentKeyword.groovy:68)
	at com.kms.katalon.core.keyword.internal.KeywordExecutor.executeKeywordForPlatform(KeywordExecutor.groovy:72)
	at com.kms.katalon.core.webui.keyword.WebUiBuiltInKeywords.verifyTextPresent(WebUiBuiltInKeywords.groovy:1703)
	at com.kms.katalon.core.webui.keyword.WebUiBuiltInKeywords$verifyTextPresent$13.call(Unknown Source)
	at CAT_Search_Location_Not_Returned.run(CAT_Search_Location_Not_Returned:42)
	at com.kms.katalon.core.main.ScriptEngine.run(ScriptEngine.java:194)
	at com.kms.katalon.core.main.ScriptEngine.runScriptAsRawText(ScriptEngine.java:119)
	at com.kms.katalon.core.main.TestCaseExecutor.runScript(TestCaseExecutor.java:337)
	at com.kms.katalon.core.main.TestCaseExecutor.doExecute(TestCaseExecutor.java:328)
	at com.kms.katalon.core.main.TestCaseExecutor.processExecutionPhase(TestCaseExecutor.java:307)
	at com.kms.katalon.core.main.TestCaseExecutor.accessMainPhase(TestCaseExecutor.java:299)
	at com.kms.katalon.core.main.TestCaseExecutor.execute(TestCaseExecutor.java:233)
	at com.kms.katalon.core.main.TestCaseMain.runTestCase(TestCaseMain.java:114)
	at com.kms.katalon.core.keyword.builtin.CallTestCaseKeyword$_callTestCase_closure1.doCall(CallTestCaseKeyword.groovy:59)
	at com.kms.katalon.core.keyword.builtin.CallTestCaseKeyword$_callTestCase_closure1.call(CallTestCaseKeyword.groovy)
	at com.kms.katalon.core.keyword.internal.KeywordMain.runKeyword(KeywordMain.groovy:68)
	at com.kms.katalon.core.keyword.builtin.CallTestCaseKeyword.callTestCase(CallTestCaseKeyword.groovy:81)
	at com.kms.katalon.core.keyword.builtin.CallTestCaseKeyword.execute(CallTestCaseKeyword.groovy:44)
	at com.kms.katalon.core.keyword.internal.KeywordExecutor.executeKeywordForPlatform(KeywordExecutor.groovy:72)
	at com.kms.katalon.core.keyword.BuiltinKeywords.callTestCase(BuiltinKeywords.groovy:334)
	at Trader_Location_Not_Listed.run(Trader_Location_Not_Listed:87)
	at com.kms.katalon.core.main.ScriptEngine.run(ScriptEngine.java:194)
	at com.kms.katalon.core.main.ScriptEngine.runScriptAsRawText(ScriptEngine.java:119)
	at com.kms.katalon.core.main.TestCaseExecutor.runScript(TestCaseExecutor.java:337)
	at com.kms.katalon.core.main.TestCaseExecutor.doExecute(TestCaseExecutor.java:328)
	at com.kms.katalon.core.main.TestCaseExecutor.processExecutionPhase(TestCaseExecutor.java:307)
	at com.kms.katalon.core.main.TestCaseExecutor.accessMainPhase(TestCaseExecutor.java:299)
	at com.kms.katalon.core.main.TestCaseExecutor.execute(TestCaseExecutor.java:233)
	at com.kms.katalon.core.main.TestSuiteExecutor.accessTestCaseMainPhase(TestSuiteExecutor.java:169)
	at com.kms.katalon.core.main.TestSuiteExecutor.accessTestSuiteMainPhase(TestSuiteExecutor.java:142)
	at com.kms.katalon.core.main.TestSuiteExecutor.execute(TestSuiteExecutor.java:91)
	at com.kms.katalon.core.main.TestCaseMain.startTestSuite(TestCaseMain.java:157)
	at com.kms.katalon.core.main.TestCaseMain$startTestSuite$0.call(Unknown Source)
	at TempTestSuite1587391317561.run(TempTestSuite1587391317561.groovy:36)
)

2020-04-20 15:22:13 - [MESSAGE][WARNING] - Text 'Please enter a trade and a location' is not present on page  (Root cause: com.kms.katalon.core.exception.StepFailedException: Text 'Please enter a trade and a location' is not present on page 
	at com.kms.katalon.core.webui.keyword.internal.WebUIKeywordMain.stepFailed(WebUIKeywordMain.groovy:64)
	at com.kms.katalon.core.webui.keyword.builtin.VerifyTextPresentKeyword$_verifyTextPresent_closure1.doCall(VerifyTextPresentKeyword.groovy:79)
	at com.kms.katalon.core.webui.keyword.builtin.VerifyTextPresentKeyword$_verifyTextPresent_closure1.call(VerifyTextPresentKeyword.groovy)
	at com.kms.katalon.core.webui.keyword.internal.WebUIKeywordMain.runKeyword(WebUIKeywordMain.groovy:20)
	at com.kms.katalon.core.webui.keyword.builtin.VerifyTextPresentKeyword.verifyTextPresent(VerifyTextPresentKeyword.groovy:83)
	at com.kms.katalon.core.webui.keyword.builtin.VerifyTextPresentKeyword.execute(VerifyTextPresentKeyword.groovy:68)
	at com.kms.katalon.core.keyword.internal.KeywordExecutor.executeKeywordForPlatform(KeywordExecutor.groovy:72)
	at com.kms.katalon.core.webui.keyword.WebUiBuiltInKeywords.verifyTextPresent(WebUiBuiltInKeywords.groovy:1703)
	at com.kms.katalon.core.webui.keyword.WebUiBuiltInKeywords$verifyTextPresent$13.call(Unknown Source)
	at CAT_Search_Location_Not_Returned.run(CAT_Search_Location_Not_Returned:42)
	at com.kms.katalon.core.main.ScriptEngine.run(ScriptEngine.java:194)
	at com.kms.katalon.core.main.ScriptEngine.runScriptAsRawText(ScriptEngine.java:119)
	at com.kms.katalon.core.main.TestCaseExecutor.runScript(TestCaseExecutor.java:337)
	at com.kms.katalon.core.main.TestCaseExecutor.doExecute(TestCaseExecutor.java:328)
	at com.kms.katalon.core.main.TestCaseExecutor.processExecutionPhase(TestCaseExecutor.java:307)
	at com.kms.katalon.core.main.TestCaseExecutor.accessMainPhase(TestCaseExecutor.java:299)
	at com.kms.katalon.core.main.TestCaseExecutor.execute(TestCaseExecutor.java:233)
	at com.kms.katalon.core.main.TestCaseMain.runTestCase(TestCaseMain.java:114)
	at com.kms.katalon.core.keyword.builtin.CallTestCaseKeyword$_callTestCase_closure1.doCall(CallTestCaseKeyword.groovy:59)
	at com.kms.katalon.core.keyword.builtin.CallTestCaseKeyword$_callTestCase_closure1.call(CallTestCaseKeyword.groovy)
	at com.kms.katalon.core.keyword.internal.KeywordMain.runKeyword(KeywordMain.groovy:68)
	at com.kms.katalon.core.keyword.builtin.CallTestCaseKeyword.callTestCase(CallTestCaseKeyword.groovy:81)
	at com.kms.katalon.core.keyword.builtin.CallTestCaseKeyword.execute(CallTestCaseKeyword.groovy:44)
	at com.kms.katalon.core.keyword.internal.KeywordExecutor.executeKeywordForPlatform(KeywordExecutor.groovy:72)
	at com.kms.katalon.core.keyword.BuiltinKeywords.callTestCase(BuiltinKeywords.groovy:334)
	at Trader_Location_Not_Listed.run(Trader_Location_Not_Listed:87)
	at com.kms.katalon.core.main.ScriptEngine.run(ScriptEngine.java:194)
	at com.kms.katalon.core.main.ScriptEngine.runScriptAsRawText(ScriptEngine.java:119)
	at com.kms.katalon.core.main.TestCaseExecutor.runScript(TestCaseExecutor.java:337)
	at com.kms.katalon.core.main.TestCaseExecutor.doExecute(TestCaseExecutor.java:328)
	at com.kms.katalon.core.main.TestCaseExecutor.processExecutionPhase(TestCaseExecutor.java:307)
	at com.kms.katalon.core.main.TestCaseExecutor.accessMainPhase(TestCaseExecutor.java:299)
	at com.kms.katalon.core.main.TestCaseExecutor.execute(TestCaseExecutor.java:233)
	at com.kms.katalon.core.main.TestSuiteExecutor.accessTestCaseMainPhase(TestSuiteExecutor.java:169)
	at com.kms.katalon.core.main.TestSuiteExecutor.accessTestSuiteMainPhase(TestSuiteExecutor.java:142)
	at com.kms.katalon.core.main.TestSuiteExecutor.execute(TestSuiteExecutor.java:91)
	at com.kms.katalon.core.main.TestCaseMain.startTestSuite(TestCaseMain.java:157)
	at com.kms.katalon.core.main.TestCaseMain$startTestSuite$0.call(Unknown Source)
	at TempTestSuite1587391317561.run(TempTestSuite1587391317561.groovy:36)
)

2020-04-20 15:22:13 - [TEST_STEP][PASSED] - Flag_Search_Location_Error = "1": null

2020-04-20 15:22:13 - [TEST_STEP][PASSED] - "-----------------------------------------------------------------------------------------------------------------------------------": null

2020-04-20 15:22:13 - [TEST_STEP][PASSED] - "Scenario 2 - Location, Incorrect or Non Existing Data Beyond the Realms of the Database - Return 404 - File or Directory NOT FOUND |": null

2020-04-20 15:22:13 - [TEST_STEP][PASSED] - try: null

2020-04-20 15:22:13 - [TEST_STEP][PASSED] - verifyTextPresent("404 - File or directory not found", false, OPTIONAL): Text '404 - File or directory not found' is not present on page  (Root cause: com.kms.katalon.core.exception.StepFailedException: Text '404 - File or directory not found' is not present on page 
	at com.kms.katalon.core.webui.keyword.internal.WebUIKeywordMain.stepFailed(WebUIKeywordMain.groovy:64)
	at com.kms.katalon.core.webui.keyword.builtin.VerifyTextPresentKeyword$_verifyTextPresent_closure1.doCall(VerifyTextPresentKeyword.groovy:79)
	at com.kms.katalon.core.webui.keyword.builtin.VerifyTextPresentKeyword$_verifyTextPresent_closure1.call(VerifyTextPresentKeyword.groovy)
	at com.kms.katalon.core.webui.keyword.internal.WebUIKeywordMain.runKeyword(WebUIKeywordMain.groovy:20)
	at com.kms.katalon.core.webui.keyword.builtin.VerifyTextPresentKeyword.verifyTextPresent(VerifyTextPresentKeyword.groovy:83)
	at com.kms.katalon.core.webui.keyword.builtin.VerifyTextPresentKeyword.execute(VerifyTextPresentKeyword.groovy:68)
	at com.kms.katalon.core.keyword.internal.KeywordExecutor.executeKeywordForPlatform(KeywordExecutor.groovy:72)
	at com.kms.katalon.core.webui.keyword.WebUiBuiltInKeywords.verifyTextPresent(WebUiBuiltInKeywords.groovy:1703)
	at com.kms.katalon.core.webui.keyword.WebUiBuiltInKeywords$verifyTextPresent$13.call(Unknown Source)
	at CAT_Search_Location_Not_Returned.run(CAT_Search_Location_Not_Returned:57)
	at com.kms.katalon.core.main.ScriptEngine.run(ScriptEngine.java:194)
	at com.kms.katalon.core.main.ScriptEngine.runScriptAsRawText(ScriptEngine.java:119)
	at com.kms.katalon.core.main.TestCaseExecutor.runScript(TestCaseExecutor.java:337)
	at com.kms.katalon.core.main.TestCaseExecutor.doExecute(TestCaseExecutor.java:328)
	at com.kms.katalon.core.main.TestCaseExecutor.processExecutionPhase(TestCaseExecutor.java:307)
	at com.kms.katalon.core.main.TestCaseExecutor.accessMainPhase(TestCaseExecutor.java:299)
	at com.kms.katalon.core.main.TestCaseExecutor.execute(TestCaseExecutor.java:233)
	at com.kms.katalon.core.main.TestCaseMain.runTestCase(TestCaseMain.java:114)
	at com.kms.katalon.core.keyword.builtin.CallTestCaseKeyword$_callTestCase_closure1.doCall(CallTestCaseKeyword.groovy:59)
	at com.kms.katalon.core.keyword.builtin.CallTestCaseKeyword$_callTestCase_closure1.call(CallTestCaseKeyword.groovy)
	at com.kms.katalon.core.keyword.internal.KeywordMain.runKeyword(KeywordMain.groovy:68)
	at com.kms.katalon.core.keyword.builtin.CallTestCaseKeyword.callTestCase(CallTestCaseKeyword.groovy:81)
	at com.kms.katalon.core.keyword.builtin.CallTestCaseKeyword.execute(CallTestCaseKeyword.groovy:44)
	at com.kms.katalon.core.keyword.internal.KeywordExecutor.executeKeywordForPlatform(KeywordExecutor.groovy:72)
	at com.kms.katalon.core.keyword.BuiltinKeywords.callTestCase(BuiltinKeywords.groovy:334)
	at Trader_Location_Not_Listed.run(Trader_Location_Not_Listed:87)
	at com.kms.katalon.core.main.ScriptEngine.run(ScriptEngine.java:194)
	at com.kms.katalon.core.main.ScriptEngine.runScriptAsRawText(ScriptEngine.java:119)
	at com.kms.katalon.core.main.TestCaseExecutor.runScript(TestCaseExecutor.java:337)
	at com.kms.katalon.core.main.TestCaseExecutor.doExecute(TestCaseExecutor.java:328)
	at com.kms.katalon.core.main.TestCaseExecutor.processExecutionPhase(TestCaseExecutor.java:307)
	at com.kms.katalon.core.main.TestCaseExecutor.accessMainPhase(TestCaseExecutor.java:299)
	at com.kms.katalon.core.main.TestCaseExecutor.execute(TestCaseExecutor.java:233)
	at com.kms.katalon.core.main.TestSuiteExecutor.accessTestCaseMainPhase(TestSuiteExecutor.java:169)
	at com.kms.katalon.core.main.TestSuiteExecutor.accessTestSuiteMainPhase(TestSuiteExecutor.java:142)
	at com.kms.katalon.core.main.TestSuiteExecutor.execute(TestSuiteExecutor.java:91)
	at com.kms.katalon.core.main.TestCaseMain.startTestSuite(TestCaseMain.java:157)
	at com.kms.katalon.core.main.TestCaseMain$startTestSuite$0.call(Unknown Source)
	at TempTestSuite1587391317561.run(TempTestSuite1587391317561.groovy:36)
)

2020-04-20 15:22:15 - [MESSAGE][WARNING] - Text '404 - File or directory not found' is not present on page  (Root cause: com.kms.katalon.core.exception.StepFailedException: Text '404 - File or directory not found' is not present on page 
	at com.kms.katalon.core.webui.keyword.internal.WebUIKeywordMain.stepFailed(WebUIKeywordMain.groovy:64)
	at com.kms.katalon.core.webui.keyword.builtin.VerifyTextPresentKeyword$_verifyTextPresent_closure1.doCall(VerifyTextPresentKeyword.groovy:79)
	at com.kms.katalon.core.webui.keyword.builtin.VerifyTextPresentKeyword$_verifyTextPresent_closure1.call(VerifyTextPresentKeyword.groovy)
	at com.kms.katalon.core.webui.keyword.internal.WebUIKeywordMain.runKeyword(WebUIKeywordMain.groovy:20)
	at com.kms.katalon.core.webui.keyword.builtin.VerifyTextPresentKeyword.verifyTextPresent(VerifyTextPresentKeyword.groovy:83)
	at com.kms.katalon.core.webui.keyword.builtin.VerifyTextPresentKeyword.execute(VerifyTextPresentKeyword.groovy:68)
	at com.kms.katalon.core.keyword.internal.KeywordExecutor.executeKeywordForPlatform(KeywordExecutor.groovy:72)
	at com.kms.katalon.core.webui.keyword.WebUiBuiltInKeywords.verifyTextPresent(WebUiBuiltInKeywords.groovy:1703)
	at com.kms.katalon.core.webui.keyword.WebUiBuiltInKeywords$verifyTextPresent$13.call(Unknown Source)
	at CAT_Search_Location_Not_Returned.run(CAT_Search_Location_Not_Returned:57)
	at com.kms.katalon.core.main.ScriptEngine.run(ScriptEngine.java:194)
	at com.kms.katalon.core.main.ScriptEngine.runScriptAsRawText(ScriptEngine.java:119)
	at com.kms.katalon.core.main.TestCaseExecutor.runScript(TestCaseExecutor.java:337)
	at com.kms.katalon.core.main.TestCaseExecutor.doExecute(TestCaseExecutor.java:328)
	at com.kms.katalon.core.main.TestCaseExecutor.processExecutionPhase(TestCaseExecutor.java:307)
	at com.kms.katalon.core.main.TestCaseExecutor.accessMainPhase(TestCaseExecutor.java:299)
	at com.kms.katalon.core.main.TestCaseExecutor.execute(TestCaseExecutor.java:233)
	at com.kms.katalon.core.main.TestCaseMain.runTestCase(TestCaseMain.java:114)
	at com.kms.katalon.core.keyword.builtin.CallTestCaseKeyword$_callTestCase_closure1.doCall(CallTestCaseKeyword.groovy:59)
	at com.kms.katalon.core.keyword.builtin.CallTestCaseKeyword$_callTestCase_closure1.call(CallTestCaseKeyword.groovy)
	at com.kms.katalon.core.keyword.internal.KeywordMain.runKeyword(KeywordMain.groovy:68)
	at com.kms.katalon.core.keyword.builtin.CallTestCaseKeyword.callTestCase(CallTestCaseKeyword.groovy:81)
	at com.kms.katalon.core.keyword.builtin.CallTestCaseKeyword.execute(CallTestCaseKeyword.groovy:44)
	at com.kms.katalon.core.keyword.internal.KeywordExecutor.executeKeywordForPlatform(KeywordExecutor.groovy:72)
	at com.kms.katalon.core.keyword.BuiltinKeywords.callTestCase(BuiltinKeywords.groovy:334)
	at Trader_Location_Not_Listed.run(Trader_Location_Not_Listed:87)
	at com.kms.katalon.core.main.ScriptEngine.run(ScriptEngine.java:194)
	at com.kms.katalon.core.main.ScriptEngine.runScriptAsRawText(ScriptEngine.java:119)
	at com.kms.katalon.core.main.TestCaseExecutor.runScript(TestCaseExecutor.java:337)
	at com.kms.katalon.core.main.TestCaseExecutor.doExecute(TestCaseExecutor.java:328)
	at com.kms.katalon.core.main.TestCaseExecutor.processExecutionPhase(TestCaseExecutor.java:307)
	at com.kms.katalon.core.main.TestCaseExecutor.accessMainPhase(TestCaseExecutor.java:299)
	at com.kms.katalon.core.main.TestCaseExecutor.execute(TestCaseExecutor.java:233)
	at com.kms.katalon.core.main.TestSuiteExecutor.accessTestCaseMainPhase(TestSuiteExecutor.java:169)
	at com.kms.katalon.core.main.TestSuiteExecutor.accessTestSuiteMainPhase(TestSuiteExecutor.java:142)
	at com.kms.katalon.core.main.TestSuiteExecutor.execute(TestSuiteExecutor.java:91)
	at com.kms.katalon.core.main.TestCaseMain.startTestSuite(TestCaseMain.java:157)
	at com.kms.katalon.core.main.TestCaseMain$startTestSuite$0.call(Unknown Source)
	at TempTestSuite1587391317561.run(TempTestSuite1587391317561.groovy:36)
)

2020-04-20 15:22:15 - [TEST_STEP][PASSED] - Flag_Search_Location_Error = "2": null

2020-04-20 15:22:15 - [TEST_STEP][PASSED] - if (Flag_Search_Location_Error == "1"): null

2020-04-20 15:22:15 - [TEST_STEP][PASSED] - if (Flag_Search_Location_Error == "2"): Error 404 Reported as Expected, Resource Unavailable

2020-04-20 15:22:15 - [TEST_STEP][PASSED] - markPassed("Error 404 Reported as Expected, Resource Unavailable"): Error 404 Reported as Expected, Resource Unavailable

2020-04-20 15:22:15 - [MESSAGE][PASSED] - Error 404 Reported as Expected, Resource Unavailable

2020-04-20 15:22:15 - [TEST_STEP][PASSED] - if (Flag_Search_Location_Error == "0"): null

2020-04-20 15:22:15 - [TEST_STEP][PASSED] - if (Flag_Search_Location_Error > "0"): Invalid Location was Correctly Highlighted for Trade Type <Plumber> Based in <Guernsey>

2020-04-20 15:22:15 - [TEST_STEP][PASSED] - markPassed("Invalid Location was Correctly Highlighted for Trade Type <" + Search_Trade_Clasification + "> Based in <" + Search_Trader_Location + ">"): Invalid Location was Correctly Highlighted for Trade Type <Plumber> Based in <Guernsey>

2020-04-20 15:22:15 - [MESSAGE][PASSED] - Invalid Location was Correctly Highlighted for Trade Type <Plumber> Based in <Guernsey>

2020-04-20 15:22:15 - [MESSAGE][PASSED] - Call Test Case 'Test Cases/Reusable_Test_Sequences/CAT_Search_Location_Not_Returned' successfully

2020-04-20 15:22:15 - [TEST_STEP][PASSED] - "--------------------------": null

2020-04-20 15:22:15 - [TEST_STEP][PASSED] - " Teardown - CLose Browser |": null

2020-04-20 15:22:15 - [TEST_STEP][PASSED] - callTestCase(findTestCase("Reusable_Test_Sequences/CAT_Teardown"), [:], OPTIONAL): Call Test Case 'Test Cases/Reusable_Test_Sequences/CAT_Teardown' successfully

2020-04-20 15:22:15 - [TEST_CASE][PASSED] - Test Cases/Reusable_Test_Sequences/CAT_Teardown: Test Cases/Reusable_Test_Sequences/CAT_Teardown

2020-04-20 15:22:15 - [TEST_STEP][PASSED] - closeBrowser(): Browser is closed

2020-04-20 15:22:19 - [MESSAGE][PASSED] - Browser is closed

2020-04-20 15:22:19 - [TEST_STEP][PASSED] - super.finalize(): null

2020-04-20 15:22:19 - [TEST_STEP][PASSED] - System.gc(): null

2020-04-20 15:22:19 - [MESSAGE][PASSED] - Call Test Case 'Test Cases/Reusable_Test_Sequences/CAT_Teardown' successfully

2020-04-20 15:22:19 - [TEST_STEP][PASSED] - callTestCase(findTestCase("Reusable_Test_Sequences/CAT_Setup"), [:], STOP_ON_FAILURE): Call Test Case 'Test Cases/Reusable_Test_Sequences/CAT_Setup' successfully

2020-04-20 15:22:19 - [TEST_CASE][PASSED] - Test Cases/Reusable_Test_Sequences/CAT_Setup: Test Cases/Reusable_Test_Sequences/CAT_Setup

2020-04-20 15:22:19 - [TEST_STEP][PASSED] - "------------------------------": null

2020-04-20 15:22:19 - [TEST_STEP][PASSED] - " Set Mobile Device Testing    |": null

2020-04-20 15:22:19 - [TEST_STEP][PASSED] - if (Mobile_Flag == "true"): null

2020-04-20 15:22:19 - [TEST_STEP][PASSED] - "------------------------------": null

2020-04-20 15:22:19 - [TEST_STEP][PASSED] - " Set Mobile Device Testing    |": null

2020-04-20 15:22:19 - [TEST_STEP][PASSED] - "------------------------------": null

2020-04-20 15:22:19 - [TEST_STEP][PASSED] - "URL - Set from the ENVIRONMENT PROFILE ": null

2020-04-20 15:22:19 - [TEST_STEP][PASSED] - openBrowser(URL): Browser is opened with url: 'https://www.preview.checkatrade.com/'

2020-04-20 15:22:19 - [MESSAGE][INFO] - Starting 'Firefox' driver

2020-04-20 15:22:19 - [MESSAGE][INFO] - Action delay is set to 0 milliseconds

2020-04-20 15:22:33 - [MESSAGE][PASSED] - Browser is opened with url: 'https://www.preview.checkatrade.com/'

2020-04-20 15:22:33 - [TEST_STEP][PASSED] - maximizeWindow(): Current window maximized

2020-04-20 15:22:33 - [MESSAGE][PASSED] - Current window maximized

2020-04-20 15:22:33 - [TEST_STEP][PASSED] - waitForPageLoad(60): Wait for page load successfully

2020-04-20 15:22:33 - [MESSAGE][PASSED] - Wait for page load successfully

2020-04-20 15:22:33 - [TEST_STEP][PASSED] - "Previous Functionalilty Left Commented For Ease Of reversion": null

2020-04-20 15:22:33 - [TEST_STEP][PASSED] - " Katalon Try/Catches currently have issues? SEE HEADER": null

2020-04-20 15:22:33 - [TEST_STEP][PASSED] - try: Text 'Cookie Policy' is not present on page

2020-04-20 15:22:33 - [TEST_STEP][PASSED] - verifyElementPresent(findTestObject("Object Repository/Cookies/Page_Checkatrade Find a tradesperson you can trust/button_Accept All"), 5, OPTIONAL): Object 'Object Repository/Cookies/Page_Checkatrade Find a tradesperson you can trust/button_Accept All' is present

2020-04-20 15:22:33 - [MESSAGE][PASSED] - Object 'Object Repository/Cookies/Page_Checkatrade Find a tradesperson you can trust/button_Accept All' is present

2020-04-20 15:22:33 - [TEST_STEP][PASSED] - click(findTestObject("Object Repository/Cookies/Page_Checkatrade Find a tradesperson you can trust/button_Accept All"), OPTIONAL): Object: 'Object Repository/Cookies/Page_Checkatrade Find a tradesperson you can trust/button_Accept All' is clicked on

2020-04-20 15:22:34 - [MESSAGE][PASSED] - Object: 'Object Repository/Cookies/Page_Checkatrade Find a tradesperson you can trust/button_Accept All' is clicked on

2020-04-20 15:22:34 - [TEST_STEP][PASSED] - "---------------------------------": null

2020-04-20 15:22:34 - [TEST_STEP][PASSED] - "COOKIE POPOUT REMOVED - Confirmed": null

2020-04-20 15:22:34 - [TEST_STEP][PASSED] - delay(1): Delayed 1 second(s)

2020-04-20 15:22:35 - [MESSAGE][PASSED] - Delayed 1 second(s)

2020-04-20 15:22:35 - [TEST_STEP][PASSED] - verifyTextNotPresent("We use cookies to personalise content and ads, to provide social media features and to analyse our traffic", false): Text 'We use cookies to personalise content and ads, to provide social media features and to analyse our traffic' is not present on page

2020-04-20 15:22:36 - [MESSAGE][PASSED] - Text 'We use cookies to personalise content and ads, to provide social media features and to analyse our traffic' is not present on page

2020-04-20 15:22:36 - [TEST_STEP][PASSED] - verifyTextNotPresent(" We also share information about your use of our site with our social media, advertising and analytics partners", false): Text ' We also share information about your use of our site with our social media, advertising and analytics partners' is not present on page

2020-04-20 15:22:36 - [MESSAGE][PASSED] - Text ' We also share information about your use of our site with our social media, advertising and analytics partners' is not present on page

2020-04-20 15:22:36 - [TEST_STEP][PASSED] - verifyTextNotPresent("Cookie Policy", false): Text 'Cookie Policy' is not present on page

2020-04-20 15:22:37 - [MESSAGE][PASSED] - Text 'Cookie Policy' is not present on page

2020-04-20 15:22:37 - [TEST_STEP][PASSED] - waitForPageLoad(60): Wait for page load successfully

2020-04-20 15:22:37 - [MESSAGE][PASSED] - Wait for page load successfully

2020-04-20 15:22:37 - [TEST_STEP][PASSED] - "COOKIE - ORIGINAL": null

2020-04-20 15:22:37 - [TEST_STEP][PASSED] - if (waitForElementVisible(findTestObject("Object Repository/Feedback/Page_Checkatrade Give your feedback/input_Member_to_Review"), 5)): Web element with id: 'Object Repository/Feedback/Page_Checkatrade Give your feedback/input_Member_to_Review' located by 'By.xpath: //input[@id='feedback-form__company_autocomplete_input']' not found

2020-04-20 15:22:42 - [MESSAGE][INFO] - Unable to find the element located by 'By.xpath: //input[@id='feedback-form__company_autocomplete_input']'. Please recheck the objects properties to make sure the desired element is located. 

2020-04-20 15:22:42 - [MESSAGE][WARNING] - Web element with id: 'Object Repository/Feedback/Page_Checkatrade Give your feedback/input_Member_to_Review' located by 'By.xpath: //input[@id='feedback-form__company_autocomplete_input']' not found

2020-04-20 15:22:42 - [TEST_STEP][PASSED] - else: The <<<OLD>>> Website was detected by the STARTUP Process

2020-04-20 15:22:42 - [TEST_STEP][PASSED] - if (!(verifyElementVisible(findTestObject("Object Repository/Checkatrade_Trade_Search_Page/Page_Checkatrade Find a tradesperson you can trust/input_Search_Button_FF")))): Object 'Object Repository/Checkatrade_Trade_Search_Page/Page_Checkatrade Find a tradesperson you can trust/input_Search_Button_FF' is visible

2020-04-20 15:22:42 - [MESSAGE][PASSED] - Object 'Object Repository/Checkatrade_Trade_Search_Page/Page_Checkatrade Find a tradesperson you can trust/input_Search_Button_FF' is visible

2020-04-20 15:22:42 - [TEST_STEP][PASSED] - else: The <<<OLD>>> Website was detected by the STARTUP Process

2020-04-20 15:22:42 - [TEST_STEP][PASSED] - Website_Version = "old": null

2020-04-20 15:22:42 - [TEST_STEP][PASSED] - logInfo("The <<<OLD>>> Website was detected by the STARTUP Process"): The <<<OLD>>> Website was detected by the STARTUP Process

2020-04-20 15:22:42 - [MESSAGE][INFO] - The <<<OLD>>> Website was detected by the STARTUP Process

2020-04-20 15:22:42 - [MESSAGE][PASSED] - Call Test Case 'Test Cases/Reusable_Test_Sequences/CAT_Setup' successfully

2020-04-20 15:22:42 - [TEST_STEP][PASSED] - " Home Page validation Checks after COOKIE Dispelled NOT REQUIRED IN THIS INSTANCE": null

2020-04-20 15:22:42 - [TEST_STEP][PASSED] - "---------------------------------------": null

2020-04-20 15:22:42 - [TEST_STEP][PASSED] - " Set and SEARCH TRADE CLASSIFICATION   |": null

2020-04-20 15:22:42 - [TEST_STEP][PASSED] - callTestCase(findTestCase("Reusable_Test_Sequences/CAT_Enter_Trade_Classification_NEG"), [:], CONTINUE_ON_FAILURE): Call Test Case 'Test Cases/Reusable_Test_Sequences/CAT_Enter_Trade_Classification_NEG' successfully

2020-04-20 15:22:42 - [TEST_CASE][PASSED] - Test Cases/Reusable_Test_Sequences/CAT_Enter_Trade_Classification_NEG: Test Cases/Reusable_Test_Sequences/CAT_Enter_Trade_Classification_NEG

2020-04-20 15:22:42 - [TEST_STEP][PASSED] - "---------------------------------": null

2020-04-20 15:22:42 - [TEST_STEP][PASSED] - "Set and SEARCH SELECTED TRADE": null

2020-04-20 15:22:42 - [TEST_STEP][PASSED] - if (Website_Version == "new"): null

2020-04-20 15:22:42 - [TEST_STEP][PASSED] - else: Text 'Roofer' is set on object 'Object Repository/Checkatrade_Trade_Search_Page/Page_Checkatrade Find a tradesperson you can trust/input_Search_Button_FF'

2020-04-20 15:22:42 - [TEST_STEP][PASSED] - click(findTestObject("Object Repository/Checkatrade_Trade_Search_Page/Page_Checkatrade Find a tradesperson you can trust/input_Search_Button_FF")): Object: 'Object Repository/Checkatrade_Trade_Search_Page/Page_Checkatrade Find a tradesperson you can trust/input_Search_Button_FF' is clicked on

2020-04-20 15:22:43 - [MESSAGE][PASSED] - Object: 'Object Repository/Checkatrade_Trade_Search_Page/Page_Checkatrade Find a tradesperson you can trust/input_Search_Button_FF' is clicked on

2020-04-20 15:22:43 - [TEST_STEP][PASSED] - setText(findTestObject("Object Repository/Checkatrade_Trade_Search_Page/Page_Checkatrade Find a tradesperson you can trust/input_Search_Button_FF"), findTestData("Search_Trader_Location_Data_NEG").getValue("tradeClassification", row)): Text 'Roofer' is set on object 'Object Repository/Checkatrade_Trade_Search_Page/Page_Checkatrade Find a tradesperson you can trust/input_Search_Button_FF'

2020-04-20 15:22:44 - [MESSAGE][PASSED] - Text 'Roofer' is set on object 'Object Repository/Checkatrade_Trade_Search_Page/Page_Checkatrade Find a tradesperson you can trust/input_Search_Button_FF'

2020-04-20 15:22:44 - [MESSAGE][PASSED] - Call Test Case 'Test Cases/Reusable_Test_Sequences/CAT_Enter_Trade_Classification_NEG' successfully

2020-04-20 15:22:44 - [TEST_STEP][PASSED] - "---------------------------------------": null

2020-04-20 15:22:44 - [TEST_STEP][PASSED] - " Set and SEARCH TRADE LOCATION         |": null

2020-04-20 15:22:44 - [TEST_STEP][PASSED] - callTestCase(findTestCase("Reusable_Test_Sequences/CAT_Enter_Trade_Location_NEG"), [:], CONTINUE_ON_FAILURE): Call Test Case 'Test Cases/Reusable_Test_Sequences/CAT_Enter_Trade_Location_NEG' successfully

2020-04-20 15:22:44 - [TEST_CASE][PASSED] - Test Cases/Reusable_Test_Sequences/CAT_Enter_Trade_Location_NEG: Test Cases/Reusable_Test_Sequences/CAT_Enter_Trade_Location_NEG

2020-04-20 15:22:44 - [TEST_STEP][PASSED] - "---------------------------------": null

2020-04-20 15:22:44 - [TEST_STEP][PASSED] - "Set and SEARCH SELECTED LOCATION |": null

2020-04-20 15:22:44 - [TEST_STEP][PASSED] - if (Website_Version != "new"): Text 'PO23 7SD' is set on object 'Object Repository/Checkatrade_Trade_Search_Page/Page_Checkatrade Find a tradesperson you can trust/input_Not here_location'

2020-04-20 15:22:44 - [TEST_STEP][PASSED] - click(findTestObject("Object Repository/Checkatrade_Trade_Search_Page/Page_Checkatrade Find a tradesperson you can trust/input_Not here_location")): Object: 'Object Repository/Checkatrade_Trade_Search_Page/Page_Checkatrade Find a tradesperson you can trust/input_Not here_location' is clicked on

2020-04-20 15:22:44 - [MESSAGE][PASSED] - Object: 'Object Repository/Checkatrade_Trade_Search_Page/Page_Checkatrade Find a tradesperson you can trust/input_Not here_location' is clicked on

2020-04-20 15:22:44 - [TEST_STEP][PASSED] - setText(findTestObject("Object Repository/Checkatrade_Trade_Search_Page/Page_Checkatrade Find a tradesperson you can trust/input_Not here_location"), findTestData("Search_Trader_Location_Data_NEG").getValue("tradeNameLocation", row)): Text 'PO23 7SD' is set on object 'Object Repository/Checkatrade_Trade_Search_Page/Page_Checkatrade Find a tradesperson you can trust/input_Not here_location'

2020-04-20 15:22:45 - [MESSAGE][PASSED] - Text 'PO23 7SD' is set on object 'Object Repository/Checkatrade_Trade_Search_Page/Page_Checkatrade Find a tradesperson you can trust/input_Not here_location'

2020-04-20 15:22:45 - [TEST_STEP][PASSED] - if (verifyTextNotPresent("Sorry, no results found", false)): null

2020-04-20 15:22:46 - [MESSAGE][PASSED] - Text 'Sorry, no results found' is not present on page

2020-04-20 15:22:46 - [TEST_STEP][PASSED] - markPassed("The Expected Lookup Result(s) ARE being returned by the Lookup Service, AS EXPECTED"): The Expected Lookup Result(s) ARE being returned by the Lookup Service, AS EXPECTED

2020-04-20 15:22:46 - [MESSAGE][PASSED] - The Expected Lookup Result(s) ARE being returned by the Lookup Service, AS EXPECTED

2020-04-20 15:22:46 - [MESSAGE][PASSED] - Call Test Case 'Test Cases/Reusable_Test_Sequences/CAT_Enter_Trade_Location_NEG' successfully

2020-04-20 15:22:46 - [TEST_STEP][PASSED] - "---------------------------------------": null

2020-04-20 15:22:46 - [TEST_STEP][PASSED] - " Scroll Search Button into View        |": null

2020-04-20 15:22:46 - [TEST_STEP][PASSED] - "---------------------------------------": null

2020-04-20 15:22:46 - [TEST_STEP][PASSED] - "---------------------------------------": null

2020-04-20 15:22:46 - [TEST_STEP][PASSED] - " Hit Search Button                     |": null

2020-04-20 15:22:46 - [TEST_STEP][PASSED] - callTestCase(findTestCase("Reusable_Test_Sequences/CAT_Hit_Search_Button"), [:], CONTINUE_ON_FAILURE): Call Test Case 'Test Cases/Reusable_Test_Sequences/CAT_Hit_Search_Button' successfully

2020-04-20 15:22:46 - [TEST_CASE][PASSED] - Test Cases/Reusable_Test_Sequences/CAT_Hit_Search_Button: Test Cases/Reusable_Test_Sequences/CAT_Hit_Search_Button

2020-04-20 15:22:46 - [TEST_STEP][PASSED] - "---------------------------------": null

2020-04-20 15:22:46 - [TEST_STEP][PASSED] - "HIT SEARCH": null

2020-04-20 15:22:46 - [TEST_STEP][PASSED] - "---------------------------------": null

2020-04-20 15:22:46 - [TEST_STEP][PASSED] - if (Website_Version == "new"): null

2020-04-20 15:22:46 - [TEST_STEP][PASSED] - else: Object: 'Object Repository/Page_Checkatrade Find a tradesperson you can trust/a_Search' is clicked on

2020-04-20 15:22:46 - [TEST_STEP][PASSED] - waitForElementClickable(findTestObject("Object Repository/Page_Checkatrade Find a tradesperson you can trust/a_Search"), 25): Object 'Object Repository/Page_Checkatrade Find a tradesperson you can trust/a_Search' is clickable

2020-04-20 15:22:47 - [MESSAGE][PASSED] - Object 'Object Repository/Page_Checkatrade Find a tradesperson you can trust/a_Search' is clickable

2020-04-20 15:22:47 - [TEST_STEP][PASSED] - click(findTestObject("Object Repository/Page_Checkatrade Find a tradesperson you can trust/a_Search")): Object: 'Object Repository/Page_Checkatrade Find a tradesperson you can trust/a_Search' is clicked on

2020-04-20 15:22:47 - [MESSAGE][PASSED] - Object: 'Object Repository/Page_Checkatrade Find a tradesperson you can trust/a_Search' is clicked on

2020-04-20 15:22:47 - [MESSAGE][PASSED] - Call Test Case 'Test Cases/Reusable_Test_Sequences/CAT_Hit_Search_Button' successfully

2020-04-20 15:22:47 - [TEST_STEP][PASSED] - "------------------------------------------": null

2020-04-20 15:22:47 - [TEST_STEP][PASSED] - " Expected ERROR Reported                  |": null

2020-04-20 15:22:47 - [TEST_STEP][PASSED] - callTestCase(findTestCase("Reusable_Test_Sequences/CAT_Search_Location_Not_Returned"), [:], CONTINUE_ON_FAILURE): Call Test Case 'Test Cases/Reusable_Test_Sequences/CAT_Search_Location_Not_Returned' successfully

2020-04-20 15:22:48 - [TEST_CASE][PASSED] - Test Cases/Reusable_Test_Sequences/CAT_Search_Location_Not_Returned: Test Cases/Reusable_Test_Sequences/CAT_Search_Location_Not_Returned

2020-04-20 15:22:48 - [TEST_STEP][PASSED] - "For later Extension": null

2020-04-20 15:22:48 - [TEST_STEP][PASSED] - "--------------------------------": null

2020-04-20 15:22:48 - [TEST_STEP][PASSED] - "Read data from spreadsheet      | r_ = Returned Data": null

2020-04-20 15:22:48 - [TEST_STEP][PASSED] - data = findTestData("Data Files/Search_Trader_Location_Data_NEG"): null

2020-04-20 15:22:48 - [TEST_STEP][PASSED] - Search_Trader_Location = data.getValue("tradeNameLocation", row): null

2020-04-20 15:22:48 - [TEST_STEP][PASSED] - Search_Trade_Clasification = data.getValue("tradeClassification", row): null

2020-04-20 15:22:48 - [TEST_STEP][PASSED] - "------------------------------------------------------------------------": null

2020-04-20 15:22:48 - [TEST_STEP][PASSED] - "VALUES - 1 = Enter Trade Location Status - 2 = 404 No File or Directory |": null

2020-04-20 15:22:48 - [TEST_STEP][PASSED] - Flag_Search_Location_Error = "0": null

2020-04-20 15:22:48 - [TEST_STEP][PASSED] - delay(1): Delayed 1 second(s)

2020-04-20 15:22:49 - [MESSAGE][PASSED] - Delayed 1 second(s)

2020-04-20 15:22:49 - [TEST_STEP][PASSED] - waitForPageLoad(60): Wait for page load successfully

2020-04-20 15:22:49 - [MESSAGE][PASSED] - Wait for page load successfully

2020-04-20 15:22:49 - [TEST_STEP][PASSED] - "-------------------------------------------------------------------------------------------------------------------------": null

2020-04-20 15:22:49 - [TEST_STEP][PASSED] - "Scenario 1 - Location, Incorrect Numeric Value or Postcode Returns Highlighted (RED) Text Please enter a valid Location  |": null

2020-04-20 15:22:49 - [TEST_STEP][PASSED] - try: null

2020-04-20 15:22:49 - [TEST_STEP][PASSED] - verifyTextPresent("Please enter a trade and a location", false, OPTIONAL): Text 'Please enter a trade and a location' is not present on page  (Root cause: com.kms.katalon.core.exception.StepFailedException: Text 'Please enter a trade and a location' is not present on page 
	at com.kms.katalon.core.webui.keyword.internal.WebUIKeywordMain.stepFailed(WebUIKeywordMain.groovy:64)
	at com.kms.katalon.core.webui.keyword.builtin.VerifyTextPresentKeyword$_verifyTextPresent_closure1.doCall(VerifyTextPresentKeyword.groovy:79)
	at com.kms.katalon.core.webui.keyword.builtin.VerifyTextPresentKeyword$_verifyTextPresent_closure1.call(VerifyTextPresentKeyword.groovy)
	at com.kms.katalon.core.webui.keyword.internal.WebUIKeywordMain.runKeyword(WebUIKeywordMain.groovy:20)
	at com.kms.katalon.core.webui.keyword.builtin.VerifyTextPresentKeyword.verifyTextPresent(VerifyTextPresentKeyword.groovy:83)
	at com.kms.katalon.core.webui.keyword.builtin.VerifyTextPresentKeyword.execute(VerifyTextPresentKeyword.groovy:68)
	at com.kms.katalon.core.keyword.internal.KeywordExecutor.executeKeywordForPlatform(KeywordExecutor.groovy:72)
	at com.kms.katalon.core.webui.keyword.WebUiBuiltInKeywords.verifyTextPresent(WebUiBuiltInKeywords.groovy:1703)
	at com.kms.katalon.core.webui.keyword.WebUiBuiltInKeywords$verifyTextPresent$13.call(Unknown Source)
	at CAT_Search_Location_Not_Returned.run(CAT_Search_Location_Not_Returned:42)
	at com.kms.katalon.core.main.ScriptEngine.run(ScriptEngine.java:194)
	at com.kms.katalon.core.main.ScriptEngine.runScriptAsRawText(ScriptEngine.java:119)
	at com.kms.katalon.core.main.TestCaseExecutor.runScript(TestCaseExecutor.java:337)
	at com.kms.katalon.core.main.TestCaseExecutor.doExecute(TestCaseExecutor.java:328)
	at com.kms.katalon.core.main.TestCaseExecutor.processExecutionPhase(TestCaseExecutor.java:307)
	at com.kms.katalon.core.main.TestCaseExecutor.accessMainPhase(TestCaseExecutor.java:299)
	at com.kms.katalon.core.main.TestCaseExecutor.execute(TestCaseExecutor.java:233)
	at com.kms.katalon.core.main.TestCaseMain.runTestCase(TestCaseMain.java:114)
	at com.kms.katalon.core.keyword.builtin.CallTestCaseKeyword$_callTestCase_closure1.doCall(CallTestCaseKeyword.groovy:59)
	at com.kms.katalon.core.keyword.builtin.CallTestCaseKeyword$_callTestCase_closure1.call(CallTestCaseKeyword.groovy)
	at com.kms.katalon.core.keyword.internal.KeywordMain.runKeyword(KeywordMain.groovy:68)
	at com.kms.katalon.core.keyword.builtin.CallTestCaseKeyword.callTestCase(CallTestCaseKeyword.groovy:81)
	at com.kms.katalon.core.keyword.builtin.CallTestCaseKeyword.execute(CallTestCaseKeyword.groovy:44)
	at com.kms.katalon.core.keyword.internal.KeywordExecutor.executeKeywordForPlatform(KeywordExecutor.groovy:72)
	at com.kms.katalon.core.keyword.BuiltinKeywords.callTestCase(BuiltinKeywords.groovy:334)
	at Trader_Location_Not_Listed.run(Trader_Location_Not_Listed:87)
	at com.kms.katalon.core.main.ScriptEngine.run(ScriptEngine.java:194)
	at com.kms.katalon.core.main.ScriptEngine.runScriptAsRawText(ScriptEngine.java:119)
	at com.kms.katalon.core.main.TestCaseExecutor.runScript(TestCaseExecutor.java:337)
	at com.kms.katalon.core.main.TestCaseExecutor.doExecute(TestCaseExecutor.java:328)
	at com.kms.katalon.core.main.TestCaseExecutor.processExecutionPhase(TestCaseExecutor.java:307)
	at com.kms.katalon.core.main.TestCaseExecutor.accessMainPhase(TestCaseExecutor.java:299)
	at com.kms.katalon.core.main.TestCaseExecutor.execute(TestCaseExecutor.java:233)
	at com.kms.katalon.core.main.TestSuiteExecutor.accessTestCaseMainPhase(TestSuiteExecutor.java:169)
	at com.kms.katalon.core.main.TestSuiteExecutor.accessTestSuiteMainPhase(TestSuiteExecutor.java:142)
	at com.kms.katalon.core.main.TestSuiteExecutor.execute(TestSuiteExecutor.java:91)
	at com.kms.katalon.core.main.TestCaseMain.startTestSuite(TestCaseMain.java:157)
	at com.kms.katalon.core.main.TestCaseMain$startTestSuite$0.call(Unknown Source)
	at TempTestSuite1587391317561.run(TempTestSuite1587391317561.groovy:36)
)

2020-04-20 15:22:49 - [MESSAGE][WARNING] - Text 'Please enter a trade and a location' is not present on page  (Root cause: com.kms.katalon.core.exception.StepFailedException: Text 'Please enter a trade and a location' is not present on page 
	at com.kms.katalon.core.webui.keyword.internal.WebUIKeywordMain.stepFailed(WebUIKeywordMain.groovy:64)
	at com.kms.katalon.core.webui.keyword.builtin.VerifyTextPresentKeyword$_verifyTextPresent_closure1.doCall(VerifyTextPresentKeyword.groovy:79)
	at com.kms.katalon.core.webui.keyword.builtin.VerifyTextPresentKeyword$_verifyTextPresent_closure1.call(VerifyTextPresentKeyword.groovy)
	at com.kms.katalon.core.webui.keyword.internal.WebUIKeywordMain.runKeyword(WebUIKeywordMain.groovy:20)
	at com.kms.katalon.core.webui.keyword.builtin.VerifyTextPresentKeyword.verifyTextPresent(VerifyTextPresentKeyword.groovy:83)
	at com.kms.katalon.core.webui.keyword.builtin.VerifyTextPresentKeyword.execute(VerifyTextPresentKeyword.groovy:68)
	at com.kms.katalon.core.keyword.internal.KeywordExecutor.executeKeywordForPlatform(KeywordExecutor.groovy:72)
	at com.kms.katalon.core.webui.keyword.WebUiBuiltInKeywords.verifyTextPresent(WebUiBuiltInKeywords.groovy:1703)
	at com.kms.katalon.core.webui.keyword.WebUiBuiltInKeywords$verifyTextPresent$13.call(Unknown Source)
	at CAT_Search_Location_Not_Returned.run(CAT_Search_Location_Not_Returned:42)
	at com.kms.katalon.core.main.ScriptEngine.run(ScriptEngine.java:194)
	at com.kms.katalon.core.main.ScriptEngine.runScriptAsRawText(ScriptEngine.java:119)
	at com.kms.katalon.core.main.TestCaseExecutor.runScript(TestCaseExecutor.java:337)
	at com.kms.katalon.core.main.TestCaseExecutor.doExecute(TestCaseExecutor.java:328)
	at com.kms.katalon.core.main.TestCaseExecutor.processExecutionPhase(TestCaseExecutor.java:307)
	at com.kms.katalon.core.main.TestCaseExecutor.accessMainPhase(TestCaseExecutor.java:299)
	at com.kms.katalon.core.main.TestCaseExecutor.execute(TestCaseExecutor.java:233)
	at com.kms.katalon.core.main.TestCaseMain.runTestCase(TestCaseMain.java:114)
	at com.kms.katalon.core.keyword.builtin.CallTestCaseKeyword$_callTestCase_closure1.doCall(CallTestCaseKeyword.groovy:59)
	at com.kms.katalon.core.keyword.builtin.CallTestCaseKeyword$_callTestCase_closure1.call(CallTestCaseKeyword.groovy)
	at com.kms.katalon.core.keyword.internal.KeywordMain.runKeyword(KeywordMain.groovy:68)
	at com.kms.katalon.core.keyword.builtin.CallTestCaseKeyword.callTestCase(CallTestCaseKeyword.groovy:81)
	at com.kms.katalon.core.keyword.builtin.CallTestCaseKeyword.execute(CallTestCaseKeyword.groovy:44)
	at com.kms.katalon.core.keyword.internal.KeywordExecutor.executeKeywordForPlatform(KeywordExecutor.groovy:72)
	at com.kms.katalon.core.keyword.BuiltinKeywords.callTestCase(BuiltinKeywords.groovy:334)
	at Trader_Location_Not_Listed.run(Trader_Location_Not_Listed:87)
	at com.kms.katalon.core.main.ScriptEngine.run(ScriptEngine.java:194)
	at com.kms.katalon.core.main.ScriptEngine.runScriptAsRawText(ScriptEngine.java:119)
	at com.kms.katalon.core.main.TestCaseExecutor.runScript(TestCaseExecutor.java:337)
	at com.kms.katalon.core.main.TestCaseExecutor.doExecute(TestCaseExecutor.java:328)
	at com.kms.katalon.core.main.TestCaseExecutor.processExecutionPhase(TestCaseExecutor.java:307)
	at com.kms.katalon.core.main.TestCaseExecutor.accessMainPhase(TestCaseExecutor.java:299)
	at com.kms.katalon.core.main.TestCaseExecutor.execute(TestCaseExecutor.java:233)
	at com.kms.katalon.core.main.TestSuiteExecutor.accessTestCaseMainPhase(TestSuiteExecutor.java:169)
	at com.kms.katalon.core.main.TestSuiteExecutor.accessTestSuiteMainPhase(TestSuiteExecutor.java:142)
	at com.kms.katalon.core.main.TestSuiteExecutor.execute(TestSuiteExecutor.java:91)
	at com.kms.katalon.core.main.TestCaseMain.startTestSuite(TestCaseMain.java:157)
	at com.kms.katalon.core.main.TestCaseMain$startTestSuite$0.call(Unknown Source)
	at TempTestSuite1587391317561.run(TempTestSuite1587391317561.groovy:36)
)

2020-04-20 15:22:49 - [TEST_STEP][PASSED] - Flag_Search_Location_Error = "1": null

2020-04-20 15:22:49 - [TEST_STEP][PASSED] - "-----------------------------------------------------------------------------------------------------------------------------------": null

2020-04-20 15:22:49 - [TEST_STEP][PASSED] - "Scenario 2 - Location, Incorrect or Non Existing Data Beyond the Realms of the Database - Return 404 - File or Directory NOT FOUND |": null

2020-04-20 15:22:49 - [TEST_STEP][PASSED] - try: null

2020-04-20 15:22:49 - [TEST_STEP][PASSED] - verifyTextPresent("404 - File or directory not found", false, OPTIONAL): Text '404 - File or directory not found' is present on page 

2020-04-20 15:22:49 - [MESSAGE][PASSED] - Text '404 - File or directory not found' is present on page 

2020-04-20 15:22:49 - [TEST_STEP][PASSED] - Flag_Search_Location_Error = "2": null

2020-04-20 15:22:49 - [TEST_STEP][PASSED] - if (Flag_Search_Location_Error == "1"): null

2020-04-20 15:22:49 - [TEST_STEP][PASSED] - if (Flag_Search_Location_Error == "2"): Error 404 Reported as Expected, Resource Unavailable

2020-04-20 15:22:49 - [TEST_STEP][PASSED] - markPassed("Error 404 Reported as Expected, Resource Unavailable"): Error 404 Reported as Expected, Resource Unavailable

2020-04-20 15:22:49 - [MESSAGE][PASSED] - Error 404 Reported as Expected, Resource Unavailable

2020-04-20 15:22:49 - [TEST_STEP][PASSED] - if (Flag_Search_Location_Error == "0"): null

2020-04-20 15:22:49 - [TEST_STEP][PASSED] - if (Flag_Search_Location_Error > "0"): Invalid Location was Correctly Highlighted for Trade Type <Roofer> Based in <PO23 7SD>

2020-04-20 15:22:49 - [TEST_STEP][PASSED] - markPassed("Invalid Location was Correctly Highlighted for Trade Type <" + Search_Trade_Clasification + "> Based in <" + Search_Trader_Location + ">"): Invalid Location was Correctly Highlighted for Trade Type <Roofer> Based in <PO23 7SD>

2020-04-20 15:22:49 - [MESSAGE][PASSED] - Invalid Location was Correctly Highlighted for Trade Type <Roofer> Based in <PO23 7SD>

2020-04-20 15:22:49 - [MESSAGE][PASSED] - Call Test Case 'Test Cases/Reusable_Test_Sequences/CAT_Search_Location_Not_Returned' successfully

2020-04-20 15:22:49 - [TEST_STEP][PASSED] - "--------------------------": null

2020-04-20 15:22:49 - [TEST_STEP][PASSED] - " Teardown - CLose Browser |": null

2020-04-20 15:22:49 - [TEST_STEP][PASSED] - callTestCase(findTestCase("Reusable_Test_Sequences/CAT_Teardown"), [:], OPTIONAL): Call Test Case 'Test Cases/Reusable_Test_Sequences/CAT_Teardown' successfully

2020-04-20 15:22:49 - [TEST_CASE][PASSED] - Test Cases/Reusable_Test_Sequences/CAT_Teardown: Test Cases/Reusable_Test_Sequences/CAT_Teardown

2020-04-20 15:22:49 - [TEST_STEP][PASSED] - closeBrowser(): Browser is closed

2020-04-20 15:22:52 - [MESSAGE][PASSED] - Browser is closed

2020-04-20 15:22:52 - [TEST_STEP][PASSED] - super.finalize(): null

2020-04-20 15:22:52 - [TEST_STEP][PASSED] - System.gc(): null

2020-04-20 15:22:53 - [MESSAGE][PASSED] - Call Test Case 'Test Cases/Reusable_Test_Sequences/CAT_Teardown' successfully

2020-04-20 15:22:53 - [TEST_STEP][PASSED] - callTestCase(findTestCase("Reusable_Test_Sequences/CAT_Setup"), [:], STOP_ON_FAILURE): Call Test Case 'Test Cases/Reusable_Test_Sequences/CAT_Setup' successfully

2020-04-20 15:22:53 - [TEST_CASE][PASSED] - Test Cases/Reusable_Test_Sequences/CAT_Setup: Test Cases/Reusable_Test_Sequences/CAT_Setup

2020-04-20 15:22:53 - [TEST_STEP][PASSED] - "------------------------------": null

2020-04-20 15:22:53 - [TEST_STEP][PASSED] - " Set Mobile Device Testing    |": null

2020-04-20 15:22:53 - [TEST_STEP][PASSED] - if (Mobile_Flag == "true"): null

2020-04-20 15:22:53 - [TEST_STEP][PASSED] - "------------------------------": null

2020-04-20 15:22:53 - [TEST_STEP][PASSED] - " Set Mobile Device Testing    |": null

2020-04-20 15:22:53 - [TEST_STEP][PASSED] - "------------------------------": null

2020-04-20 15:22:53 - [TEST_STEP][PASSED] - "URL - Set from the ENVIRONMENT PROFILE ": null

2020-04-20 15:22:53 - [TEST_STEP][PASSED] - openBrowser(URL): Browser is opened with url: 'https://www.preview.checkatrade.com/'

2020-04-20 15:22:53 - [MESSAGE][INFO] - Starting 'Firefox' driver

2020-04-20 15:22:53 - [MESSAGE][INFO] - Action delay is set to 0 milliseconds

2020-04-20 15:23:02 - [MESSAGE][PASSED] - Browser is opened with url: 'https://www.preview.checkatrade.com/'

2020-04-20 15:23:02 - [TEST_STEP][PASSED] - maximizeWindow(): Current window maximized

2020-04-20 15:23:03 - [MESSAGE][PASSED] - Current window maximized

2020-04-20 15:23:03 - [TEST_STEP][PASSED] - waitForPageLoad(60): Wait for page load successfully

2020-04-20 15:23:03 - [MESSAGE][PASSED] - Wait for page load successfully

2020-04-20 15:23:03 - [TEST_STEP][PASSED] - "Previous Functionalilty Left Commented For Ease Of reversion": null

2020-04-20 15:23:03 - [TEST_STEP][PASSED] - " Katalon Try/Catches currently have issues? SEE HEADER": null

2020-04-20 15:23:03 - [TEST_STEP][PASSED] - try: Text 'Cookie Policy' is not present on page

2020-04-20 15:23:03 - [TEST_STEP][PASSED] - verifyElementPresent(findTestObject("Object Repository/Cookies/Page_Checkatrade Find a tradesperson you can trust/button_Accept All"), 5, OPTIONAL): Object 'Object Repository/Cookies/Page_Checkatrade Find a tradesperson you can trust/button_Accept All' is present

2020-04-20 15:23:03 - [MESSAGE][PASSED] - Object 'Object Repository/Cookies/Page_Checkatrade Find a tradesperson you can trust/button_Accept All' is present

2020-04-20 15:23:03 - [TEST_STEP][PASSED] - click(findTestObject("Object Repository/Cookies/Page_Checkatrade Find a tradesperson you can trust/button_Accept All"), OPTIONAL): Object: 'Object Repository/Cookies/Page_Checkatrade Find a tradesperson you can trust/button_Accept All' is clicked on

2020-04-20 15:23:04 - [MESSAGE][PASSED] - Object: 'Object Repository/Cookies/Page_Checkatrade Find a tradesperson you can trust/button_Accept All' is clicked on

2020-04-20 15:23:04 - [TEST_STEP][PASSED] - "---------------------------------": null

2020-04-20 15:23:04 - [TEST_STEP][PASSED] - "COOKIE POPOUT REMOVED - Confirmed": null

2020-04-20 15:23:04 - [TEST_STEP][PASSED] - delay(1): Delayed 1 second(s)

2020-04-20 15:23:05 - [MESSAGE][PASSED] - Delayed 1 second(s)

2020-04-20 15:23:05 - [TEST_STEP][PASSED] - verifyTextNotPresent("We use cookies to personalise content and ads, to provide social media features and to analyse our traffic", false): Text 'We use cookies to personalise content and ads, to provide social media features and to analyse our traffic' is not present on page

2020-04-20 15:23:06 - [MESSAGE][PASSED] - Text 'We use cookies to personalise content and ads, to provide social media features and to analyse our traffic' is not present on page

2020-04-20 15:23:06 - [TEST_STEP][PASSED] - verifyTextNotPresent(" We also share information about your use of our site with our social media, advertising and analytics partners", false): Text ' We also share information about your use of our site with our social media, advertising and analytics partners' is not present on page

2020-04-20 15:23:07 - [MESSAGE][PASSED] - Text ' We also share information about your use of our site with our social media, advertising and analytics partners' is not present on page

2020-04-20 15:23:07 - [TEST_STEP][PASSED] - verifyTextNotPresent("Cookie Policy", false): Text 'Cookie Policy' is not present on page

2020-04-20 15:23:08 - [MESSAGE][PASSED] - Text 'Cookie Policy' is not present on page

2020-04-20 15:23:08 - [TEST_STEP][PASSED] - waitForPageLoad(60): Wait for page load successfully

2020-04-20 15:23:08 - [MESSAGE][PASSED] - Wait for page load successfully

2020-04-20 15:23:08 - [TEST_STEP][PASSED] - "COOKIE - ORIGINAL": null

2020-04-20 15:23:08 - [TEST_STEP][PASSED] - if (waitForElementVisible(findTestObject("Object Repository/Feedback/Page_Checkatrade Give your feedback/input_Member_to_Review"), 5)): Web element with id: 'Object Repository/Feedback/Page_Checkatrade Give your feedback/input_Member_to_Review' located by 'By.xpath: //input[@id='feedback-form__company_autocomplete_input']' not found

2020-04-20 15:23:13 - [MESSAGE][INFO] - Unable to find the element located by 'By.xpath: //input[@id='feedback-form__company_autocomplete_input']'. Please recheck the objects properties to make sure the desired element is located. 

2020-04-20 15:23:13 - [MESSAGE][WARNING] - Web element with id: 'Object Repository/Feedback/Page_Checkatrade Give your feedback/input_Member_to_Review' located by 'By.xpath: //input[@id='feedback-form__company_autocomplete_input']' not found

2020-04-20 15:23:13 - [TEST_STEP][PASSED] - else: The <<<OLD>>> Website was detected by the STARTUP Process

2020-04-20 15:23:13 - [TEST_STEP][PASSED] - if (!(verifyElementVisible(findTestObject("Object Repository/Checkatrade_Trade_Search_Page/Page_Checkatrade Find a tradesperson you can trust/input_Search_Button_FF")))): Object 'Object Repository/Checkatrade_Trade_Search_Page/Page_Checkatrade Find a tradesperson you can trust/input_Search_Button_FF' is visible

2020-04-20 15:23:14 - [MESSAGE][PASSED] - Object 'Object Repository/Checkatrade_Trade_Search_Page/Page_Checkatrade Find a tradesperson you can trust/input_Search_Button_FF' is visible

2020-04-20 15:23:14 - [TEST_STEP][PASSED] - else: The <<<OLD>>> Website was detected by the STARTUP Process

2020-04-20 15:23:14 - [TEST_STEP][PASSED] - Website_Version = "old": null

2020-04-20 15:23:14 - [TEST_STEP][PASSED] - logInfo("The <<<OLD>>> Website was detected by the STARTUP Process"): The <<<OLD>>> Website was detected by the STARTUP Process

2020-04-20 15:23:14 - [MESSAGE][INFO] - The <<<OLD>>> Website was detected by the STARTUP Process

2020-04-20 15:23:14 - [MESSAGE][PASSED] - Call Test Case 'Test Cases/Reusable_Test_Sequences/CAT_Setup' successfully

2020-04-20 15:23:14 - [TEST_STEP][PASSED] - " Home Page validation Checks after COOKIE Dispelled NOT REQUIRED IN THIS INSTANCE": null

2020-04-20 15:23:14 - [TEST_STEP][PASSED] - "---------------------------------------": null

2020-04-20 15:23:14 - [TEST_STEP][PASSED] - " Set and SEARCH TRADE CLASSIFICATION   |": null

2020-04-20 15:23:14 - [TEST_STEP][PASSED] - callTestCase(findTestCase("Reusable_Test_Sequences/CAT_Enter_Trade_Classification_NEG"), [:], CONTINUE_ON_FAILURE): Call Test Case 'Test Cases/Reusable_Test_Sequences/CAT_Enter_Trade_Classification_NEG' successfully

2020-04-20 15:23:14 - [TEST_CASE][PASSED] - Test Cases/Reusable_Test_Sequences/CAT_Enter_Trade_Classification_NEG: Test Cases/Reusable_Test_Sequences/CAT_Enter_Trade_Classification_NEG

2020-04-20 15:23:14 - [TEST_STEP][PASSED] - "---------------------------------": null

2020-04-20 15:23:14 - [TEST_STEP][PASSED] - "Set and SEARCH SELECTED TRADE": null

2020-04-20 15:23:14 - [TEST_STEP][PASSED] - if (Website_Version == "new"): null

2020-04-20 15:23:14 - [TEST_STEP][PASSED] - else: Text 'Drone Surveying' is set on object 'Object Repository/Checkatrade_Trade_Search_Page/Page_Checkatrade Find a tradesperson you can trust/input_Search_Button_FF'

2020-04-20 15:23:14 - [TEST_STEP][PASSED] - click(findTestObject("Object Repository/Checkatrade_Trade_Search_Page/Page_Checkatrade Find a tradesperson you can trust/input_Search_Button_FF")): Object: 'Object Repository/Checkatrade_Trade_Search_Page/Page_Checkatrade Find a tradesperson you can trust/input_Search_Button_FF' is clicked on

2020-04-20 15:23:14 - [MESSAGE][PASSED] - Object: 'Object Repository/Checkatrade_Trade_Search_Page/Page_Checkatrade Find a tradesperson you can trust/input_Search_Button_FF' is clicked on

2020-04-20 15:23:14 - [TEST_STEP][PASSED] - setText(findTestObject("Object Repository/Checkatrade_Trade_Search_Page/Page_Checkatrade Find a tradesperson you can trust/input_Search_Button_FF"), findTestData("Search_Trader_Location_Data_NEG").getValue("tradeClassification", row)): Text 'Drone Surveying' is set on object 'Object Repository/Checkatrade_Trade_Search_Page/Page_Checkatrade Find a tradesperson you can trust/input_Search_Button_FF'

2020-04-20 15:23:14 - [MESSAGE][PASSED] - Text 'Drone Surveying' is set on object 'Object Repository/Checkatrade_Trade_Search_Page/Page_Checkatrade Find a tradesperson you can trust/input_Search_Button_FF'

2020-04-20 15:23:14 - [MESSAGE][PASSED] - Call Test Case 'Test Cases/Reusable_Test_Sequences/CAT_Enter_Trade_Classification_NEG' successfully

2020-04-20 15:23:14 - [TEST_STEP][PASSED] - "---------------------------------------": null

2020-04-20 15:23:14 - [TEST_STEP][PASSED] - " Set and SEARCH TRADE LOCATION         |": null

2020-04-20 15:23:14 - [TEST_STEP][PASSED] - callTestCase(findTestCase("Reusable_Test_Sequences/CAT_Enter_Trade_Location_NEG"), [:], CONTINUE_ON_FAILURE): Call Test Case 'Test Cases/Reusable_Test_Sequences/CAT_Enter_Trade_Location_NEG' successfully

2020-04-20 15:23:14 - [TEST_CASE][PASSED] - Test Cases/Reusable_Test_Sequences/CAT_Enter_Trade_Location_NEG: Test Cases/Reusable_Test_Sequences/CAT_Enter_Trade_Location_NEG

2020-04-20 15:23:14 - [TEST_STEP][PASSED] - "---------------------------------": null

2020-04-20 15:23:14 - [TEST_STEP][PASSED] - "Set and SEARCH SELECTED LOCATION |": null

2020-04-20 15:23:14 - [TEST_STEP][PASSED] - if (Website_Version != "new"): Text 'ZZZ' is set on object 'Object Repository/Checkatrade_Trade_Search_Page/Page_Checkatrade Find a tradesperson you can trust/input_Not here_location'

2020-04-20 15:23:14 - [TEST_STEP][PASSED] - click(findTestObject("Object Repository/Checkatrade_Trade_Search_Page/Page_Checkatrade Find a tradesperson you can trust/input_Not here_location")): Object: 'Object Repository/Checkatrade_Trade_Search_Page/Page_Checkatrade Find a tradesperson you can trust/input_Not here_location' is clicked on

2020-04-20 15:23:15 - [MESSAGE][PASSED] - Object: 'Object Repository/Checkatrade_Trade_Search_Page/Page_Checkatrade Find a tradesperson you can trust/input_Not here_location' is clicked on

2020-04-20 15:23:15 - [TEST_STEP][PASSED] - setText(findTestObject("Object Repository/Checkatrade_Trade_Search_Page/Page_Checkatrade Find a tradesperson you can trust/input_Not here_location"), findTestData("Search_Trader_Location_Data_NEG").getValue("tradeNameLocation", row)): Text 'ZZZ' is set on object 'Object Repository/Checkatrade_Trade_Search_Page/Page_Checkatrade Find a tradesperson you can trust/input_Not here_location'

2020-04-20 15:23:15 - [MESSAGE][PASSED] - Text 'ZZZ' is set on object 'Object Repository/Checkatrade_Trade_Search_Page/Page_Checkatrade Find a tradesperson you can trust/input_Not here_location'

2020-04-20 15:23:15 - [TEST_STEP][PASSED] - if (verifyTextNotPresent("Sorry, no results found", false)): null

2020-04-20 15:23:16 - [MESSAGE][PASSED] - Text 'Sorry, no results found' is not present on page

2020-04-20 15:23:16 - [TEST_STEP][PASSED] - markPassed("The Expected Lookup Result(s) ARE being returned by the Lookup Service, AS EXPECTED"): The Expected Lookup Result(s) ARE being returned by the Lookup Service, AS EXPECTED

2020-04-20 15:23:16 - [MESSAGE][PASSED] - The Expected Lookup Result(s) ARE being returned by the Lookup Service, AS EXPECTED

2020-04-20 15:23:16 - [MESSAGE][PASSED] - Call Test Case 'Test Cases/Reusable_Test_Sequences/CAT_Enter_Trade_Location_NEG' successfully

2020-04-20 15:23:16 - [TEST_STEP][PASSED] - "---------------------------------------": null

2020-04-20 15:23:16 - [TEST_STEP][PASSED] - " Scroll Search Button into View        |": null

2020-04-20 15:23:16 - [TEST_STEP][PASSED] - "---------------------------------------": null

2020-04-20 15:23:16 - [TEST_STEP][PASSED] - "---------------------------------------": null

2020-04-20 15:23:16 - [TEST_STEP][PASSED] - " Hit Search Button                     |": null

2020-04-20 15:23:16 - [TEST_STEP][PASSED] - callTestCase(findTestCase("Reusable_Test_Sequences/CAT_Hit_Search_Button"), [:], CONTINUE_ON_FAILURE): Call Test Case 'Test Cases/Reusable_Test_Sequences/CAT_Hit_Search_Button' successfully

2020-04-20 15:23:16 - [TEST_CASE][PASSED] - Test Cases/Reusable_Test_Sequences/CAT_Hit_Search_Button: Test Cases/Reusable_Test_Sequences/CAT_Hit_Search_Button

2020-04-20 15:23:16 - [TEST_STEP][PASSED] - "---------------------------------": null

2020-04-20 15:23:16 - [TEST_STEP][PASSED] - "HIT SEARCH": null

2020-04-20 15:23:16 - [TEST_STEP][PASSED] - "---------------------------------": null

2020-04-20 15:23:16 - [TEST_STEP][PASSED] - if (Website_Version == "new"): null

2020-04-20 15:23:16 - [TEST_STEP][PASSED] - else: Object: 'Object Repository/Page_Checkatrade Find a tradesperson you can trust/a_Search' is clicked on

2020-04-20 15:23:16 - [TEST_STEP][PASSED] - waitForElementClickable(findTestObject("Object Repository/Page_Checkatrade Find a tradesperson you can trust/a_Search"), 25): Object 'Object Repository/Page_Checkatrade Find a tradesperson you can trust/a_Search' is clickable

2020-04-20 15:23:16 - [MESSAGE][PASSED] - Object 'Object Repository/Page_Checkatrade Find a tradesperson you can trust/a_Search' is clickable

2020-04-20 15:23:16 - [TEST_STEP][PASSED] - click(findTestObject("Object Repository/Page_Checkatrade Find a tradesperson you can trust/a_Search")): Object: 'Object Repository/Page_Checkatrade Find a tradesperson you can trust/a_Search' is clicked on

2020-04-20 15:23:17 - [MESSAGE][PASSED] - Object: 'Object Repository/Page_Checkatrade Find a tradesperson you can trust/a_Search' is clicked on

2020-04-20 15:23:17 - [MESSAGE][PASSED] - Call Test Case 'Test Cases/Reusable_Test_Sequences/CAT_Hit_Search_Button' successfully

2020-04-20 15:23:17 - [TEST_STEP][PASSED] - "------------------------------------------": null

2020-04-20 15:23:17 - [TEST_STEP][PASSED] - " Expected ERROR Reported                  |": null

2020-04-20 15:23:17 - [TEST_STEP][PASSED] - callTestCase(findTestCase("Reusable_Test_Sequences/CAT_Search_Location_Not_Returned"), [:], CONTINUE_ON_FAILURE): Call Test Case 'Test Cases/Reusable_Test_Sequences/CAT_Search_Location_Not_Returned' successfully

2020-04-20 15:23:17 - [TEST_CASE][PASSED] - Test Cases/Reusable_Test_Sequences/CAT_Search_Location_Not_Returned: Test Cases/Reusable_Test_Sequences/CAT_Search_Location_Not_Returned

2020-04-20 15:23:17 - [TEST_STEP][PASSED] - "For later Extension": null

2020-04-20 15:23:17 - [TEST_STEP][PASSED] - "--------------------------------": null

2020-04-20 15:23:17 - [TEST_STEP][PASSED] - "Read data from spreadsheet      | r_ = Returned Data": null

2020-04-20 15:23:17 - [TEST_STEP][PASSED] - data = findTestData("Data Files/Search_Trader_Location_Data_NEG"): null

2020-04-20 15:23:17 - [TEST_STEP][PASSED] - Search_Trader_Location = data.getValue("tradeNameLocation", row): null

2020-04-20 15:23:17 - [TEST_STEP][PASSED] - Search_Trade_Clasification = data.getValue("tradeClassification", row): null

2020-04-20 15:23:17 - [TEST_STEP][PASSED] - "------------------------------------------------------------------------": null

2020-04-20 15:23:17 - [TEST_STEP][PASSED] - "VALUES - 1 = Enter Trade Location Status - 2 = 404 No File or Directory |": null

2020-04-20 15:23:17 - [TEST_STEP][PASSED] - Flag_Search_Location_Error = "0": null

2020-04-20 15:23:17 - [TEST_STEP][PASSED] - delay(1): Delayed 1 second(s)

2020-04-20 15:23:18 - [MESSAGE][PASSED] - Delayed 1 second(s)

2020-04-20 15:23:18 - [TEST_STEP][PASSED] - waitForPageLoad(60): Wait for page load successfully

2020-04-20 15:23:18 - [MESSAGE][PASSED] - Wait for page load successfully

2020-04-20 15:23:18 - [TEST_STEP][PASSED] - "-------------------------------------------------------------------------------------------------------------------------": null

2020-04-20 15:23:18 - [TEST_STEP][PASSED] - "Scenario 1 - Location, Incorrect Numeric Value or Postcode Returns Highlighted (RED) Text Please enter a valid Location  |": null

2020-04-20 15:23:18 - [TEST_STEP][PASSED] - try: null

2020-04-20 15:23:18 - [TEST_STEP][PASSED] - verifyTextPresent("Please enter a trade and a location", false, OPTIONAL): Text 'Please enter a trade and a location' is not present on page  (Root cause: com.kms.katalon.core.exception.StepFailedException: Text 'Please enter a trade and a location' is not present on page 
	at com.kms.katalon.core.webui.keyword.internal.WebUIKeywordMain.stepFailed(WebUIKeywordMain.groovy:64)
	at com.kms.katalon.core.webui.keyword.builtin.VerifyTextPresentKeyword$_verifyTextPresent_closure1.doCall(VerifyTextPresentKeyword.groovy:79)
	at com.kms.katalon.core.webui.keyword.builtin.VerifyTextPresentKeyword$_verifyTextPresent_closure1.call(VerifyTextPresentKeyword.groovy)
	at com.kms.katalon.core.webui.keyword.internal.WebUIKeywordMain.runKeyword(WebUIKeywordMain.groovy:20)
	at com.kms.katalon.core.webui.keyword.builtin.VerifyTextPresentKeyword.verifyTextPresent(VerifyTextPresentKeyword.groovy:83)
	at com.kms.katalon.core.webui.keyword.builtin.VerifyTextPresentKeyword.execute(VerifyTextPresentKeyword.groovy:68)
	at com.kms.katalon.core.keyword.internal.KeywordExecutor.executeKeywordForPlatform(KeywordExecutor.groovy:72)
	at com.kms.katalon.core.webui.keyword.WebUiBuiltInKeywords.verifyTextPresent(WebUiBuiltInKeywords.groovy:1703)
	at com.kms.katalon.core.webui.keyword.WebUiBuiltInKeywords$verifyTextPresent$13.call(Unknown Source)
	at CAT_Search_Location_Not_Returned.run(CAT_Search_Location_Not_Returned:42)
	at com.kms.katalon.core.main.ScriptEngine.run(ScriptEngine.java:194)
	at com.kms.katalon.core.main.ScriptEngine.runScriptAsRawText(ScriptEngine.java:119)
	at com.kms.katalon.core.main.TestCaseExecutor.runScript(TestCaseExecutor.java:337)
	at com.kms.katalon.core.main.TestCaseExecutor.doExecute(TestCaseExecutor.java:328)
	at com.kms.katalon.core.main.TestCaseExecutor.processExecutionPhase(TestCaseExecutor.java:307)
	at com.kms.katalon.core.main.TestCaseExecutor.accessMainPhase(TestCaseExecutor.java:299)
	at com.kms.katalon.core.main.TestCaseExecutor.execute(TestCaseExecutor.java:233)
	at com.kms.katalon.core.main.TestCaseMain.runTestCase(TestCaseMain.java:114)
	at com.kms.katalon.core.keyword.builtin.CallTestCaseKeyword$_callTestCase_closure1.doCall(CallTestCaseKeyword.groovy:59)
	at com.kms.katalon.core.keyword.builtin.CallTestCaseKeyword$_callTestCase_closure1.call(CallTestCaseKeyword.groovy)
	at com.kms.katalon.core.keyword.internal.KeywordMain.runKeyword(KeywordMain.groovy:68)
	at com.kms.katalon.core.keyword.builtin.CallTestCaseKeyword.callTestCase(CallTestCaseKeyword.groovy:81)
	at com.kms.katalon.core.keyword.builtin.CallTestCaseKeyword.execute(CallTestCaseKeyword.groovy:44)
	at com.kms.katalon.core.keyword.internal.KeywordExecutor.executeKeywordForPlatform(KeywordExecutor.groovy:72)
	at com.kms.katalon.core.keyword.BuiltinKeywords.callTestCase(BuiltinKeywords.groovy:334)
	at Trader_Location_Not_Listed.run(Trader_Location_Not_Listed:87)
	at com.kms.katalon.core.main.ScriptEngine.run(ScriptEngine.java:194)
	at com.kms.katalon.core.main.ScriptEngine.runScriptAsRawText(ScriptEngine.java:119)
	at com.kms.katalon.core.main.TestCaseExecutor.runScript(TestCaseExecutor.java:337)
	at com.kms.katalon.core.main.TestCaseExecutor.doExecute(TestCaseExecutor.java:328)
	at com.kms.katalon.core.main.TestCaseExecutor.processExecutionPhase(TestCaseExecutor.java:307)
	at com.kms.katalon.core.main.TestCaseExecutor.accessMainPhase(TestCaseExecutor.java:299)
	at com.kms.katalon.core.main.TestCaseExecutor.execute(TestCaseExecutor.java:233)
	at com.kms.katalon.core.main.TestSuiteExecutor.accessTestCaseMainPhase(TestSuiteExecutor.java:169)
	at com.kms.katalon.core.main.TestSuiteExecutor.accessTestSuiteMainPhase(TestSuiteExecutor.java:142)
	at com.kms.katalon.core.main.TestSuiteExecutor.execute(TestSuiteExecutor.java:91)
	at com.kms.katalon.core.main.TestCaseMain.startTestSuite(TestCaseMain.java:157)
	at com.kms.katalon.core.main.TestCaseMain$startTestSuite$0.call(Unknown Source)
	at TempTestSuite1587391317561.run(TempTestSuite1587391317561.groovy:36)
)

2020-04-20 15:23:18 - [MESSAGE][WARNING] - Text 'Please enter a trade and a location' is not present on page  (Root cause: com.kms.katalon.core.exception.StepFailedException: Text 'Please enter a trade and a location' is not present on page 
	at com.kms.katalon.core.webui.keyword.internal.WebUIKeywordMain.stepFailed(WebUIKeywordMain.groovy:64)
	at com.kms.katalon.core.webui.keyword.builtin.VerifyTextPresentKeyword$_verifyTextPresent_closure1.doCall(VerifyTextPresentKeyword.groovy:79)
	at com.kms.katalon.core.webui.keyword.builtin.VerifyTextPresentKeyword$_verifyTextPresent_closure1.call(VerifyTextPresentKeyword.groovy)
	at com.kms.katalon.core.webui.keyword.internal.WebUIKeywordMain.runKeyword(WebUIKeywordMain.groovy:20)
	at com.kms.katalon.core.webui.keyword.builtin.VerifyTextPresentKeyword.verifyTextPresent(VerifyTextPresentKeyword.groovy:83)
	at com.kms.katalon.core.webui.keyword.builtin.VerifyTextPresentKeyword.execute(VerifyTextPresentKeyword.groovy:68)
	at com.kms.katalon.core.keyword.internal.KeywordExecutor.executeKeywordForPlatform(KeywordExecutor.groovy:72)
	at com.kms.katalon.core.webui.keyword.WebUiBuiltInKeywords.verifyTextPresent(WebUiBuiltInKeywords.groovy:1703)
	at com.kms.katalon.core.webui.keyword.WebUiBuiltInKeywords$verifyTextPresent$13.call(Unknown Source)
	at CAT_Search_Location_Not_Returned.run(CAT_Search_Location_Not_Returned:42)
	at com.kms.katalon.core.main.ScriptEngine.run(ScriptEngine.java:194)
	at com.kms.katalon.core.main.ScriptEngine.runScriptAsRawText(ScriptEngine.java:119)
	at com.kms.katalon.core.main.TestCaseExecutor.runScript(TestCaseExecutor.java:337)
	at com.kms.katalon.core.main.TestCaseExecutor.doExecute(TestCaseExecutor.java:328)
	at com.kms.katalon.core.main.TestCaseExecutor.processExecutionPhase(TestCaseExecutor.java:307)
	at com.kms.katalon.core.main.TestCaseExecutor.accessMainPhase(TestCaseExecutor.java:299)
	at com.kms.katalon.core.main.TestCaseExecutor.execute(TestCaseExecutor.java:233)
	at com.kms.katalon.core.main.TestCaseMain.runTestCase(TestCaseMain.java:114)
	at com.kms.katalon.core.keyword.builtin.CallTestCaseKeyword$_callTestCase_closure1.doCall(CallTestCaseKeyword.groovy:59)
	at com.kms.katalon.core.keyword.builtin.CallTestCaseKeyword$_callTestCase_closure1.call(CallTestCaseKeyword.groovy)
	at com.kms.katalon.core.keyword.internal.KeywordMain.runKeyword(KeywordMain.groovy:68)
	at com.kms.katalon.core.keyword.builtin.CallTestCaseKeyword.callTestCase(CallTestCaseKeyword.groovy:81)
	at com.kms.katalon.core.keyword.builtin.CallTestCaseKeyword.execute(CallTestCaseKeyword.groovy:44)
	at com.kms.katalon.core.keyword.internal.KeywordExecutor.executeKeywordForPlatform(KeywordExecutor.groovy:72)
	at com.kms.katalon.core.keyword.BuiltinKeywords.callTestCase(BuiltinKeywords.groovy:334)
	at Trader_Location_Not_Listed.run(Trader_Location_Not_Listed:87)
	at com.kms.katalon.core.main.ScriptEngine.run(ScriptEngine.java:194)
	at com.kms.katalon.core.main.ScriptEngine.runScriptAsRawText(ScriptEngine.java:119)
	at com.kms.katalon.core.main.TestCaseExecutor.runScript(TestCaseExecutor.java:337)
	at com.kms.katalon.core.main.TestCaseExecutor.doExecute(TestCaseExecutor.java:328)
	at com.kms.katalon.core.main.TestCaseExecutor.processExecutionPhase(TestCaseExecutor.java:307)
	at com.kms.katalon.core.main.TestCaseExecutor.accessMainPhase(TestCaseExecutor.java:299)
	at com.kms.katalon.core.main.TestCaseExecutor.execute(TestCaseExecutor.java:233)
	at com.kms.katalon.core.main.TestSuiteExecutor.accessTestCaseMainPhase(TestSuiteExecutor.java:169)
	at com.kms.katalon.core.main.TestSuiteExecutor.accessTestSuiteMainPhase(TestSuiteExecutor.java:142)
	at com.kms.katalon.core.main.TestSuiteExecutor.execute(TestSuiteExecutor.java:91)
	at com.kms.katalon.core.main.TestCaseMain.startTestSuite(TestCaseMain.java:157)
	at com.kms.katalon.core.main.TestCaseMain$startTestSuite$0.call(Unknown Source)
	at TempTestSuite1587391317561.run(TempTestSuite1587391317561.groovy:36)
)

2020-04-20 15:23:18 - [TEST_STEP][PASSED] - Flag_Search_Location_Error = "1": null

2020-04-20 15:23:18 - [TEST_STEP][PASSED] - "-----------------------------------------------------------------------------------------------------------------------------------": null

2020-04-20 15:23:18 - [TEST_STEP][PASSED] - "Scenario 2 - Location, Incorrect or Non Existing Data Beyond the Realms of the Database - Return 404 - File or Directory NOT FOUND |": null

2020-04-20 15:23:18 - [TEST_STEP][PASSED] - try: null

2020-04-20 15:23:18 - [TEST_STEP][PASSED] - verifyTextPresent("404 - File or directory not found", false, OPTIONAL): Text '404 - File or directory not found' is present on page 

2020-04-20 15:23:18 - [MESSAGE][PASSED] - Text '404 - File or directory not found' is present on page 

2020-04-20 15:23:18 - [TEST_STEP][PASSED] - Flag_Search_Location_Error = "2": null

2020-04-20 15:23:18 - [TEST_STEP][PASSED] - if (Flag_Search_Location_Error == "1"): null

2020-04-20 15:23:18 - [TEST_STEP][PASSED] - if (Flag_Search_Location_Error == "2"): Error 404 Reported as Expected, Resource Unavailable

2020-04-20 15:23:18 - [TEST_STEP][PASSED] - markPassed("Error 404 Reported as Expected, Resource Unavailable"): Error 404 Reported as Expected, Resource Unavailable

2020-04-20 15:23:18 - [MESSAGE][PASSED] - Error 404 Reported as Expected, Resource Unavailable

2020-04-20 15:23:18 - [TEST_STEP][PASSED] - if (Flag_Search_Location_Error == "0"): null

2020-04-20 15:23:18 - [TEST_STEP][PASSED] - if (Flag_Search_Location_Error > "0"): Invalid Location was Correctly Highlighted for Trade Type <Drone Surveying> Based in <ZZZ>

2020-04-20 15:23:18 - [TEST_STEP][PASSED] - markPassed("Invalid Location was Correctly Highlighted for Trade Type <" + Search_Trade_Clasification + "> Based in <" + Search_Trader_Location + ">"): Invalid Location was Correctly Highlighted for Trade Type <Drone Surveying> Based in <ZZZ>

2020-04-20 15:23:18 - [MESSAGE][PASSED] - Invalid Location was Correctly Highlighted for Trade Type <Drone Surveying> Based in <ZZZ>

2020-04-20 15:23:18 - [MESSAGE][PASSED] - Call Test Case 'Test Cases/Reusable_Test_Sequences/CAT_Search_Location_Not_Returned' successfully

2020-04-20 15:23:18 - [TEST_STEP][PASSED] - "--------------------------": null

2020-04-20 15:23:18 - [TEST_STEP][PASSED] - " Teardown - CLose Browser |": null

2020-04-20 15:23:18 - [TEST_STEP][PASSED] - callTestCase(findTestCase("Reusable_Test_Sequences/CAT_Teardown"), [:], OPTIONAL): Call Test Case 'Test Cases/Reusable_Test_Sequences/CAT_Teardown' successfully

2020-04-20 15:23:18 - [TEST_CASE][PASSED] - Test Cases/Reusable_Test_Sequences/CAT_Teardown: Test Cases/Reusable_Test_Sequences/CAT_Teardown

2020-04-20 15:23:18 - [TEST_STEP][PASSED] - closeBrowser(): Browser is closed

2020-04-20 15:23:21 - [MESSAGE][PASSED] - Browser is closed

2020-04-20 15:23:21 - [TEST_STEP][PASSED] - super.finalize(): null

2020-04-20 15:23:21 - [TEST_STEP][PASSED] - System.gc(): null

2020-04-20 15:23:21 - [MESSAGE][PASSED] - Call Test Case 'Test Cases/Reusable_Test_Sequences/CAT_Teardown' successfully

2020-04-20 15:23:22 - [TEST_STEP][PASSED] - callTestCase(findTestCase("Reusable_Test_Sequences/CAT_Setup"), [:], STOP_ON_FAILURE): Call Test Case 'Test Cases/Reusable_Test_Sequences/CAT_Setup' successfully

2020-04-20 15:23:22 - [TEST_CASE][PASSED] - Test Cases/Reusable_Test_Sequences/CAT_Setup: Test Cases/Reusable_Test_Sequences/CAT_Setup

2020-04-20 15:23:22 - [TEST_STEP][PASSED] - "------------------------------": null

2020-04-20 15:23:22 - [TEST_STEP][PASSED] - " Set Mobile Device Testing    |": null

2020-04-20 15:23:22 - [TEST_STEP][PASSED] - if (Mobile_Flag == "true"): null

2020-04-20 15:23:22 - [TEST_STEP][PASSED] - "------------------------------": null

2020-04-20 15:23:22 - [TEST_STEP][PASSED] - " Set Mobile Device Testing    |": null

2020-04-20 15:23:22 - [TEST_STEP][PASSED] - "------------------------------": null

2020-04-20 15:23:22 - [TEST_STEP][PASSED] - "URL - Set from the ENVIRONMENT PROFILE ": null

2020-04-20 15:23:22 - [TEST_STEP][PASSED] - openBrowser(URL): Browser is opened with url: 'https://www.preview.checkatrade.com/'

2020-04-20 15:23:22 - [MESSAGE][INFO] - Starting 'Firefox' driver

2020-04-20 15:23:22 - [MESSAGE][INFO] - Action delay is set to 0 milliseconds

2020-04-20 15:23:37 - [MESSAGE][PASSED] - Browser is opened with url: 'https://www.preview.checkatrade.com/'

2020-04-20 15:23:37 - [TEST_STEP][PASSED] - maximizeWindow(): Current window maximized

2020-04-20 15:23:37 - [MESSAGE][PASSED] - Current window maximized

2020-04-20 15:23:37 - [TEST_STEP][PASSED] - waitForPageLoad(60): Wait for page load successfully

2020-04-20 15:23:37 - [MESSAGE][PASSED] - Wait for page load successfully

2020-04-20 15:23:37 - [TEST_STEP][PASSED] - "Previous Functionalilty Left Commented For Ease Of reversion": null

2020-04-20 15:23:37 - [TEST_STEP][PASSED] - " Katalon Try/Catches currently have issues? SEE HEADER": null

2020-04-20 15:23:37 - [TEST_STEP][PASSED] - try: Text 'Cookie Policy' is not present on page

2020-04-20 15:23:37 - [TEST_STEP][PASSED] - verifyElementPresent(findTestObject("Object Repository/Cookies/Page_Checkatrade Find a tradesperson you can trust/button_Accept All"), 5, OPTIONAL): Object 'Object Repository/Cookies/Page_Checkatrade Find a tradesperson you can trust/button_Accept All' is present

2020-04-20 15:23:37 - [MESSAGE][PASSED] - Object 'Object Repository/Cookies/Page_Checkatrade Find a tradesperson you can trust/button_Accept All' is present

2020-04-20 15:23:37 - [TEST_STEP][PASSED] - click(findTestObject("Object Repository/Cookies/Page_Checkatrade Find a tradesperson you can trust/button_Accept All"), OPTIONAL): Object: 'Object Repository/Cookies/Page_Checkatrade Find a tradesperson you can trust/button_Accept All' is clicked on

2020-04-20 15:23:38 - [MESSAGE][PASSED] - Object: 'Object Repository/Cookies/Page_Checkatrade Find a tradesperson you can trust/button_Accept All' is clicked on

2020-04-20 15:23:38 - [TEST_STEP][PASSED] - "---------------------------------": null

2020-04-20 15:23:38 - [TEST_STEP][PASSED] - "COOKIE POPOUT REMOVED - Confirmed": null

2020-04-20 15:23:38 - [TEST_STEP][PASSED] - delay(1): Delayed 1 second(s)

2020-04-20 15:23:39 - [MESSAGE][PASSED] - Delayed 1 second(s)

2020-04-20 15:23:39 - [TEST_STEP][PASSED] - verifyTextNotPresent("We use cookies to personalise content and ads, to provide social media features and to analyse our traffic", false): Text 'We use cookies to personalise content and ads, to provide social media features and to analyse our traffic' is not present on page

2020-04-20 15:23:39 - [MESSAGE][PASSED] - Text 'We use cookies to personalise content and ads, to provide social media features and to analyse our traffic' is not present on page

2020-04-20 15:23:39 - [TEST_STEP][PASSED] - verifyTextNotPresent(" We also share information about your use of our site with our social media, advertising and analytics partners", false): Text ' We also share information about your use of our site with our social media, advertising and analytics partners' is not present on page

2020-04-20 15:23:40 - [MESSAGE][PASSED] - Text ' We also share information about your use of our site with our social media, advertising and analytics partners' is not present on page

2020-04-20 15:23:40 - [TEST_STEP][PASSED] - verifyTextNotPresent("Cookie Policy", false): Text 'Cookie Policy' is not present on page

2020-04-20 15:23:40 - [MESSAGE][PASSED] - Text 'Cookie Policy' is not present on page

2020-04-20 15:23:40 - [TEST_STEP][PASSED] - waitForPageLoad(60): Wait for page load successfully

2020-04-20 15:23:40 - [MESSAGE][PASSED] - Wait for page load successfully

2020-04-20 15:23:40 - [TEST_STEP][PASSED] - "COOKIE - ORIGINAL": null

2020-04-20 15:23:40 - [TEST_STEP][PASSED] - if (waitForElementVisible(findTestObject("Object Repository/Feedback/Page_Checkatrade Give your feedback/input_Member_to_Review"), 5)): Web element with id: 'Object Repository/Feedback/Page_Checkatrade Give your feedback/input_Member_to_Review' located by 'By.xpath: //input[@id='feedback-form__company_autocomplete_input']' not found

2020-04-20 15:23:46 - [MESSAGE][INFO] - Unable to find the element located by 'By.xpath: //input[@id='feedback-form__company_autocomplete_input']'. Please recheck the objects properties to make sure the desired element is located. 

2020-04-20 15:23:46 - [MESSAGE][WARNING] - Web element with id: 'Object Repository/Feedback/Page_Checkatrade Give your feedback/input_Member_to_Review' located by 'By.xpath: //input[@id='feedback-form__company_autocomplete_input']' not found

2020-04-20 15:23:46 - [TEST_STEP][PASSED] - else: The <<<OLD>>> Website was detected by the STARTUP Process

2020-04-20 15:23:46 - [TEST_STEP][PASSED] - if (!(verifyElementVisible(findTestObject("Object Repository/Checkatrade_Trade_Search_Page/Page_Checkatrade Find a tradesperson you can trust/input_Search_Button_FF")))): Object 'Object Repository/Checkatrade_Trade_Search_Page/Page_Checkatrade Find a tradesperson you can trust/input_Search_Button_FF' is visible

2020-04-20 15:23:46 - [MESSAGE][PASSED] - Object 'Object Repository/Checkatrade_Trade_Search_Page/Page_Checkatrade Find a tradesperson you can trust/input_Search_Button_FF' is visible

2020-04-20 15:23:46 - [TEST_STEP][PASSED] - else: The <<<OLD>>> Website was detected by the STARTUP Process

2020-04-20 15:23:46 - [TEST_STEP][PASSED] - Website_Version = "old": null

2020-04-20 15:23:46 - [TEST_STEP][PASSED] - logInfo("The <<<OLD>>> Website was detected by the STARTUP Process"): The <<<OLD>>> Website was detected by the STARTUP Process

2020-04-20 15:23:46 - [MESSAGE][INFO] - The <<<OLD>>> Website was detected by the STARTUP Process

2020-04-20 15:23:46 - [MESSAGE][PASSED] - Call Test Case 'Test Cases/Reusable_Test_Sequences/CAT_Setup' successfully

2020-04-20 15:23:46 - [TEST_STEP][PASSED] - " Home Page validation Checks after COOKIE Dispelled NOT REQUIRED IN THIS INSTANCE": null

2020-04-20 15:23:46 - [TEST_STEP][PASSED] - "---------------------------------------": null

2020-04-20 15:23:46 - [TEST_STEP][PASSED] - " Set and SEARCH TRADE CLASSIFICATION   |": null

2020-04-20 15:23:46 - [TEST_STEP][PASSED] - callTestCase(findTestCase("Reusable_Test_Sequences/CAT_Enter_Trade_Classification_NEG"), [:], CONTINUE_ON_FAILURE): Call Test Case 'Test Cases/Reusable_Test_Sequences/CAT_Enter_Trade_Classification_NEG' successfully

2020-04-20 15:23:46 - [TEST_CASE][PASSED] - Test Cases/Reusable_Test_Sequences/CAT_Enter_Trade_Classification_NEG: Test Cases/Reusable_Test_Sequences/CAT_Enter_Trade_Classification_NEG

2020-04-20 15:23:46 - [TEST_STEP][PASSED] - "---------------------------------": null

2020-04-20 15:23:46 - [TEST_STEP][PASSED] - "Set and SEARCH SELECTED TRADE": null

2020-04-20 15:23:46 - [TEST_STEP][PASSED] - if (Website_Version == "new"): null

2020-04-20 15:23:46 - [TEST_STEP][PASSED] - else: Text 'Mobility' is set on object 'Object Repository/Checkatrade_Trade_Search_Page/Page_Checkatrade Find a tradesperson you can trust/input_Search_Button_FF'

2020-04-20 15:23:46 - [TEST_STEP][PASSED] - click(findTestObject("Object Repository/Checkatrade_Trade_Search_Page/Page_Checkatrade Find a tradesperson you can trust/input_Search_Button_FF")): Object: 'Object Repository/Checkatrade_Trade_Search_Page/Page_Checkatrade Find a tradesperson you can trust/input_Search_Button_FF' is clicked on

2020-04-20 15:23:46 - [MESSAGE][PASSED] - Object: 'Object Repository/Checkatrade_Trade_Search_Page/Page_Checkatrade Find a tradesperson you can trust/input_Search_Button_FF' is clicked on

2020-04-20 15:23:46 - [TEST_STEP][PASSED] - setText(findTestObject("Object Repository/Checkatrade_Trade_Search_Page/Page_Checkatrade Find a tradesperson you can trust/input_Search_Button_FF"), findTestData("Search_Trader_Location_Data_NEG").getValue("tradeClassification", row)): Text 'Mobility' is set on object 'Object Repository/Checkatrade_Trade_Search_Page/Page_Checkatrade Find a tradesperson you can trust/input_Search_Button_FF'

2020-04-20 15:23:47 - [MESSAGE][PASSED] - Text 'Mobility' is set on object 'Object Repository/Checkatrade_Trade_Search_Page/Page_Checkatrade Find a tradesperson you can trust/input_Search_Button_FF'

2020-04-20 15:23:47 - [MESSAGE][PASSED] - Call Test Case 'Test Cases/Reusable_Test_Sequences/CAT_Enter_Trade_Classification_NEG' successfully

2020-04-20 15:23:47 - [TEST_STEP][PASSED] - "---------------------------------------": null

2020-04-20 15:23:47 - [TEST_STEP][PASSED] - " Set and SEARCH TRADE LOCATION         |": null

2020-04-20 15:23:47 - [TEST_STEP][PASSED] - callTestCase(findTestCase("Reusable_Test_Sequences/CAT_Enter_Trade_Location_NEG"), [:], CONTINUE_ON_FAILURE): Call Test Case 'Test Cases/Reusable_Test_Sequences/CAT_Enter_Trade_Location_NEG' successfully

2020-04-20 15:23:47 - [TEST_CASE][PASSED] - Test Cases/Reusable_Test_Sequences/CAT_Enter_Trade_Location_NEG: Test Cases/Reusable_Test_Sequences/CAT_Enter_Trade_Location_NEG

2020-04-20 15:23:47 - [TEST_STEP][PASSED] - "---------------------------------": null

2020-04-20 15:23:47 - [TEST_STEP][PASSED] - "Set and SEARCH SELECTED LOCATION |": null

2020-04-20 15:23:47 - [TEST_STEP][PASSED] - if (Website_Version != "new"): Text '2108' is set on object 'Object Repository/Checkatrade_Trade_Search_Page/Page_Checkatrade Find a tradesperson you can trust/input_Not here_location'

2020-04-20 15:23:47 - [TEST_STEP][PASSED] - click(findTestObject("Object Repository/Checkatrade_Trade_Search_Page/Page_Checkatrade Find a tradesperson you can trust/input_Not here_location")): Object: 'Object Repository/Checkatrade_Trade_Search_Page/Page_Checkatrade Find a tradesperson you can trust/input_Not here_location' is clicked on

2020-04-20 15:23:47 - [MESSAGE][PASSED] - Object: 'Object Repository/Checkatrade_Trade_Search_Page/Page_Checkatrade Find a tradesperson you can trust/input_Not here_location' is clicked on

2020-04-20 15:23:47 - [TEST_STEP][PASSED] - setText(findTestObject("Object Repository/Checkatrade_Trade_Search_Page/Page_Checkatrade Find a tradesperson you can trust/input_Not here_location"), findTestData("Search_Trader_Location_Data_NEG").getValue("tradeNameLocation", row)): Text '2108' is set on object 'Object Repository/Checkatrade_Trade_Search_Page/Page_Checkatrade Find a tradesperson you can trust/input_Not here_location'

2020-04-20 15:23:47 - [MESSAGE][PASSED] - Text '2108' is set on object 'Object Repository/Checkatrade_Trade_Search_Page/Page_Checkatrade Find a tradesperson you can trust/input_Not here_location'

2020-04-20 15:23:47 - [TEST_STEP][PASSED] - if (verifyTextNotPresent("Sorry, no results found", false)): null

2020-04-20 15:23:49 - [MESSAGE][PASSED] - Text 'Sorry, no results found' is not present on page

2020-04-20 15:23:49 - [TEST_STEP][PASSED] - markPassed("The Expected Lookup Result(s) ARE being returned by the Lookup Service, AS EXPECTED"): The Expected Lookup Result(s) ARE being returned by the Lookup Service, AS EXPECTED

2020-04-20 15:23:49 - [MESSAGE][PASSED] - The Expected Lookup Result(s) ARE being returned by the Lookup Service, AS EXPECTED

2020-04-20 15:23:49 - [MESSAGE][PASSED] - Call Test Case 'Test Cases/Reusable_Test_Sequences/CAT_Enter_Trade_Location_NEG' successfully

2020-04-20 15:23:49 - [TEST_STEP][PASSED] - "---------------------------------------": null

2020-04-20 15:23:49 - [TEST_STEP][PASSED] - " Scroll Search Button into View        |": null

2020-04-20 15:23:49 - [TEST_STEP][PASSED] - "---------------------------------------": null

2020-04-20 15:23:49 - [TEST_STEP][PASSED] - "---------------------------------------": null

2020-04-20 15:23:49 - [TEST_STEP][PASSED] - " Hit Search Button                     |": null

2020-04-20 15:23:49 - [TEST_STEP][PASSED] - callTestCase(findTestCase("Reusable_Test_Sequences/CAT_Hit_Search_Button"), [:], CONTINUE_ON_FAILURE): Call Test Case 'Test Cases/Reusable_Test_Sequences/CAT_Hit_Search_Button' successfully

2020-04-20 15:23:49 - [TEST_CASE][PASSED] - Test Cases/Reusable_Test_Sequences/CAT_Hit_Search_Button: Test Cases/Reusable_Test_Sequences/CAT_Hit_Search_Button

2020-04-20 15:23:49 - [TEST_STEP][PASSED] - "---------------------------------": null

2020-04-20 15:23:49 - [TEST_STEP][PASSED] - "HIT SEARCH": null

2020-04-20 15:23:49 - [TEST_STEP][PASSED] - "---------------------------------": null

2020-04-20 15:23:49 - [TEST_STEP][PASSED] - if (Website_Version == "new"): null

2020-04-20 15:23:49 - [TEST_STEP][PASSED] - else: Object: 'Object Repository/Page_Checkatrade Find a tradesperson you can trust/a_Search' is clicked on

2020-04-20 15:23:49 - [TEST_STEP][PASSED] - waitForElementClickable(findTestObject("Object Repository/Page_Checkatrade Find a tradesperson you can trust/a_Search"), 25): Object 'Object Repository/Page_Checkatrade Find a tradesperson you can trust/a_Search' is clickable

2020-04-20 15:23:49 - [MESSAGE][PASSED] - Object 'Object Repository/Page_Checkatrade Find a tradesperson you can trust/a_Search' is clickable

2020-04-20 15:23:49 - [TEST_STEP][PASSED] - click(findTestObject("Object Repository/Page_Checkatrade Find a tradesperson you can trust/a_Search")): Object: 'Object Repository/Page_Checkatrade Find a tradesperson you can trust/a_Search' is clicked on

2020-04-20 15:23:49 - [MESSAGE][PASSED] - Object: 'Object Repository/Page_Checkatrade Find a tradesperson you can trust/a_Search' is clicked on

2020-04-20 15:23:50 - [MESSAGE][PASSED] - Call Test Case 'Test Cases/Reusable_Test_Sequences/CAT_Hit_Search_Button' successfully

2020-04-20 15:23:50 - [TEST_STEP][PASSED] - "------------------------------------------": null

2020-04-20 15:23:50 - [TEST_STEP][PASSED] - " Expected ERROR Reported                  |": null

2020-04-20 15:23:50 - [TEST_STEP][PASSED] - callTestCase(findTestCase("Reusable_Test_Sequences/CAT_Search_Location_Not_Returned"), [:], CONTINUE_ON_FAILURE): Call Test Case 'Test Cases/Reusable_Test_Sequences/CAT_Search_Location_Not_Returned' successfully

2020-04-20 15:23:50 - [TEST_CASE][PASSED] - Test Cases/Reusable_Test_Sequences/CAT_Search_Location_Not_Returned: Test Cases/Reusable_Test_Sequences/CAT_Search_Location_Not_Returned

2020-04-20 15:23:50 - [TEST_STEP][PASSED] - "For later Extension": null

2020-04-20 15:23:50 - [TEST_STEP][PASSED] - "--------------------------------": null

2020-04-20 15:23:50 - [TEST_STEP][PASSED] - "Read data from spreadsheet      | r_ = Returned Data": null

2020-04-20 15:23:50 - [TEST_STEP][PASSED] - data = findTestData("Data Files/Search_Trader_Location_Data_NEG"): null

2020-04-20 15:23:50 - [TEST_STEP][PASSED] - Search_Trader_Location = data.getValue("tradeNameLocation", row): null

2020-04-20 15:23:50 - [TEST_STEP][PASSED] - Search_Trade_Clasification = data.getValue("tradeClassification", row): null

2020-04-20 15:23:50 - [TEST_STEP][PASSED] - "------------------------------------------------------------------------": null

2020-04-20 15:23:50 - [TEST_STEP][PASSED] - "VALUES - 1 = Enter Trade Location Status - 2 = 404 No File or Directory |": null

2020-04-20 15:23:50 - [TEST_STEP][PASSED] - Flag_Search_Location_Error = "0": null

2020-04-20 15:23:50 - [TEST_STEP][PASSED] - delay(1): Delayed 1 second(s)

2020-04-20 15:23:51 - [MESSAGE][PASSED] - Delayed 1 second(s)

2020-04-20 15:23:51 - [TEST_STEP][PASSED] - waitForPageLoad(60): Wait for page load successfully

2020-04-20 15:23:51 - [MESSAGE][PASSED] - Wait for page load successfully

2020-04-20 15:23:51 - [TEST_STEP][PASSED] - "-------------------------------------------------------------------------------------------------------------------------": null

2020-04-20 15:23:51 - [TEST_STEP][PASSED] - "Scenario 1 - Location, Incorrect Numeric Value or Postcode Returns Highlighted (RED) Text Please enter a valid Location  |": null

2020-04-20 15:23:51 - [TEST_STEP][PASSED] - try: null

2020-04-20 15:23:51 - [TEST_STEP][PASSED] - verifyTextPresent("Please enter a trade and a location", false, OPTIONAL): Text 'Please enter a trade and a location' is present on page 

2020-04-20 15:23:51 - [MESSAGE][PASSED] - Text 'Please enter a trade and a location' is present on page 

2020-04-20 15:23:51 - [TEST_STEP][PASSED] - Flag_Search_Location_Error = "1": null

2020-04-20 15:23:51 - [TEST_STEP][PASSED] - "-----------------------------------------------------------------------------------------------------------------------------------": null

2020-04-20 15:23:51 - [TEST_STEP][PASSED] - "Scenario 2 - Location, Incorrect or Non Existing Data Beyond the Realms of the Database - Return 404 - File or Directory NOT FOUND |": null

2020-04-20 15:23:51 - [TEST_STEP][PASSED] - try: null

2020-04-20 15:23:51 - [TEST_STEP][PASSED] - verifyTextPresent("404 - File or directory not found", false, OPTIONAL): Text '404 - File or directory not found' is not present on page  (Root cause: com.kms.katalon.core.exception.StepFailedException: Text '404 - File or directory not found' is not present on page 
	at com.kms.katalon.core.webui.keyword.internal.WebUIKeywordMain.stepFailed(WebUIKeywordMain.groovy:64)
	at com.kms.katalon.core.webui.keyword.builtin.VerifyTextPresentKeyword$_verifyTextPresent_closure1.doCall(VerifyTextPresentKeyword.groovy:79)
	at com.kms.katalon.core.webui.keyword.builtin.VerifyTextPresentKeyword$_verifyTextPresent_closure1.call(VerifyTextPresentKeyword.groovy)
	at com.kms.katalon.core.webui.keyword.internal.WebUIKeywordMain.runKeyword(WebUIKeywordMain.groovy:20)
	at com.kms.katalon.core.webui.keyword.builtin.VerifyTextPresentKeyword.verifyTextPresent(VerifyTextPresentKeyword.groovy:83)
	at com.kms.katalon.core.webui.keyword.builtin.VerifyTextPresentKeyword.execute(VerifyTextPresentKeyword.groovy:68)
	at com.kms.katalon.core.keyword.internal.KeywordExecutor.executeKeywordForPlatform(KeywordExecutor.groovy:72)
	at com.kms.katalon.core.webui.keyword.WebUiBuiltInKeywords.verifyTextPresent(WebUiBuiltInKeywords.groovy:1703)
	at com.kms.katalon.core.webui.keyword.WebUiBuiltInKeywords$verifyTextPresent$13.call(Unknown Source)
	at CAT_Search_Location_Not_Returned.run(CAT_Search_Location_Not_Returned:57)
	at com.kms.katalon.core.main.ScriptEngine.run(ScriptEngine.java:194)
	at com.kms.katalon.core.main.ScriptEngine.runScriptAsRawText(ScriptEngine.java:119)
	at com.kms.katalon.core.main.TestCaseExecutor.runScript(TestCaseExecutor.java:337)
	at com.kms.katalon.core.main.TestCaseExecutor.doExecute(TestCaseExecutor.java:328)
	at com.kms.katalon.core.main.TestCaseExecutor.processExecutionPhase(TestCaseExecutor.java:307)
	at com.kms.katalon.core.main.TestCaseExecutor.accessMainPhase(TestCaseExecutor.java:299)
	at com.kms.katalon.core.main.TestCaseExecutor.execute(TestCaseExecutor.java:233)
	at com.kms.katalon.core.main.TestCaseMain.runTestCase(TestCaseMain.java:114)
	at com.kms.katalon.core.keyword.builtin.CallTestCaseKeyword$_callTestCase_closure1.doCall(CallTestCaseKeyword.groovy:59)
	at com.kms.katalon.core.keyword.builtin.CallTestCaseKeyword$_callTestCase_closure1.call(CallTestCaseKeyword.groovy)
	at com.kms.katalon.core.keyword.internal.KeywordMain.runKeyword(KeywordMain.groovy:68)
	at com.kms.katalon.core.keyword.builtin.CallTestCaseKeyword.callTestCase(CallTestCaseKeyword.groovy:81)
	at com.kms.katalon.core.keyword.builtin.CallTestCaseKeyword.execute(CallTestCaseKeyword.groovy:44)
	at com.kms.katalon.core.keyword.internal.KeywordExecutor.executeKeywordForPlatform(KeywordExecutor.groovy:72)
	at com.kms.katalon.core.keyword.BuiltinKeywords.callTestCase(BuiltinKeywords.groovy:334)
	at Trader_Location_Not_Listed.run(Trader_Location_Not_Listed:87)
	at com.kms.katalon.core.main.ScriptEngine.run(ScriptEngine.java:194)
	at com.kms.katalon.core.main.ScriptEngine.runScriptAsRawText(ScriptEngine.java:119)
	at com.kms.katalon.core.main.TestCaseExecutor.runScript(TestCaseExecutor.java:337)
	at com.kms.katalon.core.main.TestCaseExecutor.doExecute(TestCaseExecutor.java:328)
	at com.kms.katalon.core.main.TestCaseExecutor.processExecutionPhase(TestCaseExecutor.java:307)
	at com.kms.katalon.core.main.TestCaseExecutor.accessMainPhase(TestCaseExecutor.java:299)
	at com.kms.katalon.core.main.TestCaseExecutor.execute(TestCaseExecutor.java:233)
	at com.kms.katalon.core.main.TestSuiteExecutor.accessTestCaseMainPhase(TestSuiteExecutor.java:169)
	at com.kms.katalon.core.main.TestSuiteExecutor.accessTestSuiteMainPhase(TestSuiteExecutor.java:142)
	at com.kms.katalon.core.main.TestSuiteExecutor.execute(TestSuiteExecutor.java:91)
	at com.kms.katalon.core.main.TestCaseMain.startTestSuite(TestCaseMain.java:157)
	at com.kms.katalon.core.main.TestCaseMain$startTestSuite$0.call(Unknown Source)
	at TempTestSuite1587391317561.run(TempTestSuite1587391317561.groovy:36)
)

2020-04-20 15:23:52 - [MESSAGE][WARNING] - Text '404 - File or directory not found' is not present on page  (Root cause: com.kms.katalon.core.exception.StepFailedException: Text '404 - File or directory not found' is not present on page 
	at com.kms.katalon.core.webui.keyword.internal.WebUIKeywordMain.stepFailed(WebUIKeywordMain.groovy:64)
	at com.kms.katalon.core.webui.keyword.builtin.VerifyTextPresentKeyword$_verifyTextPresent_closure1.doCall(VerifyTextPresentKeyword.groovy:79)
	at com.kms.katalon.core.webui.keyword.builtin.VerifyTextPresentKeyword$_verifyTextPresent_closure1.call(VerifyTextPresentKeyword.groovy)
	at com.kms.katalon.core.webui.keyword.internal.WebUIKeywordMain.runKeyword(WebUIKeywordMain.groovy:20)
	at com.kms.katalon.core.webui.keyword.builtin.VerifyTextPresentKeyword.verifyTextPresent(VerifyTextPresentKeyword.groovy:83)
	at com.kms.katalon.core.webui.keyword.builtin.VerifyTextPresentKeyword.execute(VerifyTextPresentKeyword.groovy:68)
	at com.kms.katalon.core.keyword.internal.KeywordExecutor.executeKeywordForPlatform(KeywordExecutor.groovy:72)
	at com.kms.katalon.core.webui.keyword.WebUiBuiltInKeywords.verifyTextPresent(WebUiBuiltInKeywords.groovy:1703)
	at com.kms.katalon.core.webui.keyword.WebUiBuiltInKeywords$verifyTextPresent$13.call(Unknown Source)
	at CAT_Search_Location_Not_Returned.run(CAT_Search_Location_Not_Returned:57)
	at com.kms.katalon.core.main.ScriptEngine.run(ScriptEngine.java:194)
	at com.kms.katalon.core.main.ScriptEngine.runScriptAsRawText(ScriptEngine.java:119)
	at com.kms.katalon.core.main.TestCaseExecutor.runScript(TestCaseExecutor.java:337)
	at com.kms.katalon.core.main.TestCaseExecutor.doExecute(TestCaseExecutor.java:328)
	at com.kms.katalon.core.main.TestCaseExecutor.processExecutionPhase(TestCaseExecutor.java:307)
	at com.kms.katalon.core.main.TestCaseExecutor.accessMainPhase(TestCaseExecutor.java:299)
	at com.kms.katalon.core.main.TestCaseExecutor.execute(TestCaseExecutor.java:233)
	at com.kms.katalon.core.main.TestCaseMain.runTestCase(TestCaseMain.java:114)
	at com.kms.katalon.core.keyword.builtin.CallTestCaseKeyword$_callTestCase_closure1.doCall(CallTestCaseKeyword.groovy:59)
	at com.kms.katalon.core.keyword.builtin.CallTestCaseKeyword$_callTestCase_closure1.call(CallTestCaseKeyword.groovy)
	at com.kms.katalon.core.keyword.internal.KeywordMain.runKeyword(KeywordMain.groovy:68)
	at com.kms.katalon.core.keyword.builtin.CallTestCaseKeyword.callTestCase(CallTestCaseKeyword.groovy:81)
	at com.kms.katalon.core.keyword.builtin.CallTestCaseKeyword.execute(CallTestCaseKeyword.groovy:44)
	at com.kms.katalon.core.keyword.internal.KeywordExecutor.executeKeywordForPlatform(KeywordExecutor.groovy:72)
	at com.kms.katalon.core.keyword.BuiltinKeywords.callTestCase(BuiltinKeywords.groovy:334)
	at Trader_Location_Not_Listed.run(Trader_Location_Not_Listed:87)
	at com.kms.katalon.core.main.ScriptEngine.run(ScriptEngine.java:194)
	at com.kms.katalon.core.main.ScriptEngine.runScriptAsRawText(ScriptEngine.java:119)
	at com.kms.katalon.core.main.TestCaseExecutor.runScript(TestCaseExecutor.java:337)
	at com.kms.katalon.core.main.TestCaseExecutor.doExecute(TestCaseExecutor.java:328)
	at com.kms.katalon.core.main.TestCaseExecutor.processExecutionPhase(TestCaseExecutor.java:307)
	at com.kms.katalon.core.main.TestCaseExecutor.accessMainPhase(TestCaseExecutor.java:299)
	at com.kms.katalon.core.main.TestCaseExecutor.execute(TestCaseExecutor.java:233)
	at com.kms.katalon.core.main.TestSuiteExecutor.accessTestCaseMainPhase(TestSuiteExecutor.java:169)
	at com.kms.katalon.core.main.TestSuiteExecutor.accessTestSuiteMainPhase(TestSuiteExecutor.java:142)
	at com.kms.katalon.core.main.TestSuiteExecutor.execute(TestSuiteExecutor.java:91)
	at com.kms.katalon.core.main.TestCaseMain.startTestSuite(TestCaseMain.java:157)
	at com.kms.katalon.core.main.TestCaseMain$startTestSuite$0.call(Unknown Source)
	at TempTestSuite1587391317561.run(TempTestSuite1587391317561.groovy:36)
)

2020-04-20 15:23:52 - [TEST_STEP][PASSED] - Flag_Search_Location_Error = "2": null

2020-04-20 15:23:52 - [TEST_STEP][PASSED] - if (Flag_Search_Location_Error == "1"): null

2020-04-20 15:23:52 - [TEST_STEP][PASSED] - if (Flag_Search_Location_Error == "2"): Error 404 Reported as Expected, Resource Unavailable

2020-04-20 15:23:52 - [TEST_STEP][PASSED] - markPassed("Error 404 Reported as Expected, Resource Unavailable"): Error 404 Reported as Expected, Resource Unavailable

2020-04-20 15:23:52 - [MESSAGE][PASSED] - Error 404 Reported as Expected, Resource Unavailable

2020-04-20 15:23:52 - [TEST_STEP][PASSED] - if (Flag_Search_Location_Error == "0"): null

2020-04-20 15:23:52 - [TEST_STEP][PASSED] - if (Flag_Search_Location_Error > "0"): Invalid Location was Correctly Highlighted for Trade Type <Mobility> Based in <2108>

2020-04-20 15:23:52 - [TEST_STEP][PASSED] - markPassed("Invalid Location was Correctly Highlighted for Trade Type <" + Search_Trade_Clasification + "> Based in <" + Search_Trader_Location + ">"): Invalid Location was Correctly Highlighted for Trade Type <Mobility> Based in <2108>

2020-04-20 15:23:52 - [MESSAGE][PASSED] - Invalid Location was Correctly Highlighted for Trade Type <Mobility> Based in <2108>

2020-04-20 15:23:52 - [MESSAGE][PASSED] - Call Test Case 'Test Cases/Reusable_Test_Sequences/CAT_Search_Location_Not_Returned' successfully

2020-04-20 15:23:52 - [TEST_STEP][PASSED] - "--------------------------": null

2020-04-20 15:23:52 - [TEST_STEP][PASSED] - " Teardown - CLose Browser |": null

2020-04-20 15:23:52 - [TEST_STEP][PASSED] - callTestCase(findTestCase("Reusable_Test_Sequences/CAT_Teardown"), [:], OPTIONAL): Call Test Case 'Test Cases/Reusable_Test_Sequences/CAT_Teardown' successfully

2020-04-20 15:23:52 - [TEST_CASE][PASSED] - Test Cases/Reusable_Test_Sequences/CAT_Teardown: Test Cases/Reusable_Test_Sequences/CAT_Teardown

2020-04-20 15:23:52 - [TEST_STEP][PASSED] - closeBrowser(): Browser is closed

2020-04-20 15:23:54 - [MESSAGE][PASSED] - Browser is closed

2020-04-20 15:23:54 - [TEST_STEP][PASSED] - super.finalize(): null

2020-04-20 15:23:54 - [TEST_STEP][PASSED] - System.gc(): null

2020-04-20 15:23:54 - [MESSAGE][PASSED] - Call Test Case 'Test Cases/Reusable_Test_Sequences/CAT_Teardown' successfully]]></system-out>
         <system-err><![CDATA[]]></system-err>
      </testcase>
      <system-out><![CDATA[2020-04-20 15:14:53 - [TEST_SUITE][PASSED] - Trade_Location_Multiple_Search: Test Cases/Checkatrade_Tradesman_Searches/Trader_Location_Not_Listed]]></system-out>
      <system-err><![CDATA[]]></system-err>
   </testsuite>
</testsuites>
