<?xml version="1.0" encoding="UTF-8"?>
<testsuites name="Mobile_Devices" time="170.832" tests="1" failures="0" errors="0">
   <testsuite name="Mobile_Devices" tests="1" failures="0" errors="0" time="170.832" timestamp="2020-02-11 12:52:15" hostname="DavidHo - VETTEDSP36RF.check.local" id="Test Suites/Mobile_Devices">
      <properties>
         <property name="deviceName" value=""/>
         <property name="devicePlatform" value=""/>
         <property name="logFolder" value="C:\\Users\\davidho\\git\\src\\Reports\\20200211_125156\\Mobile_Devices\\20200211_125158"/>
         <property name="logFiles" value="C:\\Users\\davidho\\git\\src\\Reports\\20200211_125156\\Mobile_Devices\\20200211_125158\\execution0.log"/>
         <property name="attachments" value=""/>
         <property name="hostName" value="DavidHo - VETTEDSP36RF.check.local"/>
         <property name="os" value="Windows 10 32bit"/>
         <property name="katalonVersion" value="7.2.1.1"/>
         <property name="browser" value="Chrome 79.0.3945.130"/>
         <property name="hostAddress" value="10.0.9.154"/>
         <property name="sessionId" value="a24db1aebe5dda913a3fa8523ea40483"/>
         <property name="seleniumVersion" value="3.141.59"/>
         <property name="proxyInformation" value="ProxyInformation{proxyOption=NO_PROXY, proxyServerType=HTTP, password=, proxyServerAddress=, proxyServerPort=0, executionList=}"/>
         <property name="platform" value="Windows 10"/>
      </properties>
      <testcase name="Test Cases/Mobile_Devices/Default_Device_Dev" time="170.537" classname="Test Cases/Mobile_Devices/Default_Device_Dev" status="PASSED">
         <system-out><![CDATA[2020-02-11 12:52:15 - [TEST_CASE][PASSED] - Test Cases/Mobile_Devices/Default_Device_Dev: Test Cases/Mobile_Devices/Default_Device_Dev

2020-02-11 12:52:16 - [TEST_STEP][PASSED] - "-----------------------------------------": null

2020-02-11 12:52:16 - [TEST_STEP][PASSED] - " CONFIGURED TO RUN ON CHROME ONLY!       |": null

2020-02-11 12:52:16 - [TEST_STEP][PASSED] - "-----------------------------------------": null

2020-02-11 12:52:16 - [TEST_STEP][PASSED] - "------------------------------------------------------------------------------------------------------": null

2020-02-11 12:52:16 - [TEST_STEP][PASSED] - "TODO script need to be Restructure - Using browser Capabilities rather than setViewPortSize           |": null

2020-02-11 12:52:16 - [TEST_STEP][PASSED] - "------------------------------------------------------------------------------------------------------": null

2020-02-11 12:52:16 - [TEST_STEP][PASSED] - for ([row = 1, row <= findTestData("Mobile_Test_Data").getRowNumbers(), (internal.GlobalVariable.row++)]): Call Test Case 'Test Cases/Reusable_Test_Sequences/CAT_Teardown' successfully

2020-02-11 12:52:17 - [TEST_STEP][PASSED] - "------------------------------": null

2020-02-11 12:52:17 - [TEST_STEP][PASSED] - " Set Mobile Device Testing    |": null

2020-02-11 12:52:17 - [TEST_STEP][PASSED] - Mobile_Flag = "false": null

2020-02-11 12:52:17 - [TEST_STEP][PASSED] - "------------------------------": null

2020-02-11 12:52:17 - [TEST_STEP][PASSED] - " Set Mobile Device Testing    |": null

2020-02-11 12:52:17 - [TEST_STEP][PASSED] - callTestCase(findTestCase("Reusable_Test_Sequences/CAT_Setup"), [:], OPTIONAL): Call Test Case 'Test Cases/Reusable_Test_Sequences/CAT_Setup' successfully

2020-02-11 12:52:17 - [TEST_CASE][PASSED] - Test Cases/Reusable_Test_Sequences/CAT_Setup: Test Cases/Reusable_Test_Sequences/CAT_Setup

2020-02-11 12:52:17 - [TEST_STEP][PASSED] - "------------------------------": null

2020-02-11 12:52:17 - [TEST_STEP][PASSED] - " Set Mobile Device Testing    |": null

2020-02-11 12:52:17 - [TEST_STEP][PASSED] - if (Mobile_Flag == "true"): null

2020-02-11 12:52:17 - [TEST_STEP][PASSED] - "------------------------------": null

2020-02-11 12:52:17 - [TEST_STEP][PASSED] - " Set Mobile Device Testing    |": null

2020-02-11 12:52:17 - [TEST_STEP][PASSED] - "------------------------------": null

2020-02-11 12:52:17 - [TEST_STEP][PASSED] - "URL - Set from the ENVIRONMENT PROFILE ": null

2020-02-11 12:52:17 - [TEST_STEP][PASSED] - openBrowser(URL): Browser is opened with url: 'https://www.preview.checkatrade.com/'

2020-02-11 12:52:17 - [MESSAGE][INFO] - Starting 'Chrome' driver

2020-02-11 12:52:17 - [MESSAGE][INFO] - Action delay is set to 0 seconds

2020-02-11 12:52:26 - [MESSAGE][PASSED] - Browser is opened with url: 'https://www.preview.checkatrade.com/'

2020-02-11 12:52:26 - [TEST_STEP][PASSED] - maximizeWindow(): Current window maximized

2020-02-11 12:52:30 - [MESSAGE][PASSED] - Current window maximized

2020-02-11 12:52:30 - [TEST_STEP][PASSED] - waitForPageLoad(60): Wait for page load successfully

2020-02-11 12:52:30 - [MESSAGE][PASSED] - Wait for page load successfully

2020-02-11 12:52:30 - [TEST_STEP][PASSED] - "Previous Functionalilty Left Commented For Ease Of reversion": null

2020-02-11 12:52:30 - [TEST_STEP][PASSED] - try: Text 'Cookie Policy' is not present on page

2020-02-11 12:52:30 - [TEST_STEP][PASSED] - verifyElementPresent(findTestObject("Object Repository/Cookies/Page_Checkatrade Find a tradesperson you can trust/button_Accept All"), 5): Object 'Object Repository/Cookies/Page_Checkatrade Find a tradesperson you can trust/button_Accept All' is present

2020-02-11 12:52:30 - [MESSAGE][PASSED] - Object 'Object Repository/Cookies/Page_Checkatrade Find a tradesperson you can trust/button_Accept All' is present

2020-02-11 12:52:30 - [TEST_STEP][PASSED] - click(findTestObject("Object Repository/Cookies/Page_Checkatrade Find a tradesperson you can trust/button_Accept All")): Object: 'Object Repository/Cookies/Page_Checkatrade Find a tradesperson you can trust/button_Accept All' is clicked on

2020-02-11 12:52:30 - [MESSAGE][PASSED] - Object: 'Object Repository/Cookies/Page_Checkatrade Find a tradesperson you can trust/button_Accept All' is clicked on

2020-02-11 12:52:30 - [TEST_STEP][PASSED] - "---------------------------------": null

2020-02-11 12:52:30 - [TEST_STEP][PASSED] - "COOKIE POPOUT REMOVED - Confirmed": null

2020-02-11 12:52:30 - [TEST_STEP][PASSED] - delay(1): Delayed 1 second(s)

2020-02-11 12:52:31 - [MESSAGE][PASSED] - Delayed 1 second(s)

2020-02-11 12:52:31 - [TEST_STEP][PASSED] - verifyTextNotPresent("We use cookies to personalise content and ads, to provide social media features and to analyse our traffic", false): Text 'We use cookies to personalise content and ads, to provide social media features and to analyse our traffic' is not present on page

2020-02-11 12:52:32 - [MESSAGE][PASSED] - Text 'We use cookies to personalise content and ads, to provide social media features and to analyse our traffic' is not present on page

2020-02-11 12:52:32 - [TEST_STEP][PASSED] - verifyTextNotPresent(" We also share information about your use of our site with our social media, advertising and analytics partners", false): Text ' We also share information about your use of our site with our social media, advertising and analytics partners' is not present on page

2020-02-11 12:52:32 - [MESSAGE][PASSED] - Text ' We also share information about your use of our site with our social media, advertising and analytics partners' is not present on page

2020-02-11 12:52:32 - [TEST_STEP][PASSED] - verifyTextNotPresent("Cookie Policy", false): Text 'Cookie Policy' is not present on page

2020-02-11 12:52:32 - [MESSAGE][PASSED] - Text 'Cookie Policy' is not present on page

2020-02-11 12:52:32 - [TEST_STEP][PASSED] - waitForPageLoad(60): Wait for page load successfully

2020-02-11 12:52:32 - [MESSAGE][PASSED] - Wait for page load successfully

2020-02-11 12:52:32 - [TEST_STEP][PASSED] - "COOKIE - ORIGINAL": null

2020-02-11 12:52:32 - [TEST_STEP][PASSED] - if (waitForElementVisible(findTestObject("Object Repository/Feedback/Page_Checkatrade Give your feedback/input_Member_to_Review"), 5)): Web element with id: 'Object Repository/Feedback/Page_Checkatrade Give your feedback/input_Member_to_Review' located by 'By.xpath: //input[@id='feedback-form__company_autocomplete_input']' not found

2020-02-11 12:52:37 - [MESSAGE][INFO] - Unable to find the element located by 'By.xpath: //input[@id='feedback-form__company_autocomplete_input']'. Please recheck the objects properties to make sure the desired element is located. 

2020-02-11 12:52:37 - [MESSAGE][WARNING] - Web element with id: 'Object Repository/Feedback/Page_Checkatrade Give your feedback/input_Member_to_Review' located by 'By.xpath: //input[@id='feedback-form__company_autocomplete_input']' not found

2020-02-11 12:52:37 - [TEST_STEP][PASSED] - else: The <<<OLD>>> Website was detected by the STARTUP Process

2020-02-11 12:52:37 - [TEST_STEP][PASSED] - if (!(verifyElementVisible(findTestObject("Object Repository/Checkatrade_Trade_Search_Page/Page_Checkatrade Find a tradesperson you can trust/input_Search_Button_FF")))): Object 'Object Repository/Checkatrade_Trade_Search_Page/Page_Checkatrade Find a tradesperson you can trust/input_Search_Button_FF' is visible

2020-02-11 12:52:37 - [MESSAGE][PASSED] - Object 'Object Repository/Checkatrade_Trade_Search_Page/Page_Checkatrade Find a tradesperson you can trust/input_Search_Button_FF' is visible

2020-02-11 12:52:37 - [TEST_STEP][PASSED] - else: The <<<OLD>>> Website was detected by the STARTUP Process

2020-02-11 12:52:37 - [TEST_STEP][PASSED] - Website_Version = "old": null

2020-02-11 12:52:37 - [TEST_STEP][PASSED] - logInfo("The <<<OLD>>> Website was detected by the STARTUP Process"): The <<<OLD>>> Website was detected by the STARTUP Process

2020-02-11 12:52:37 - [MESSAGE][INFO] - The <<<OLD>>> Website was detected by the STARTUP Process

2020-02-11 12:52:37 - [MESSAGE][PASSED] - Call Test Case 'Test Cases/Reusable_Test_Sequences/CAT_Setup' successfully

2020-02-11 12:52:37 - [TEST_STEP][PASSED] - " ALTERNATIVE SCREEN RESOLUTION SELECTION METHOD": null

2020-02-11 12:52:37 - [TEST_STEP][PASSED] - " Block Comment Start": null

2020-02-11 12:52:37 - [TEST_STEP][PASSED] - " ACTUAL SCREEN RESOLUTION SELECTION METHOD USED": null

2020-02-11 12:52:37 - [TEST_STEP][PASSED] - XCOORD = Integer.parseInt(findTestData("searchTestData").getValue("X_COORD", row)): null

2020-02-11 12:52:37 - [TEST_STEP][PASSED] - YCOORD = Integer.parseInt(findTestData("searchTestData").getValue("Y_COORD", row)): null

2020-02-11 12:52:37 - [TEST_STEP][PASSED] - setViewPortSize(XCOORD, YCOORD): Viewport is set to new size with width = 800 and height = 1000

2020-02-11 12:52:38 - [MESSAGE][PASSED] - Viewport is set to new size with width = 800 and height = 1000

2020-02-11 12:52:38 - [TEST_STEP][PASSED] - waitForPageLoad(60): Wait for page load successfully

2020-02-11 12:52:38 - [MESSAGE][PASSED] - Wait for page load successfully

2020-02-11 12:52:38 - [TEST_STEP][PASSED] - markPassed("Set View Port Size is currently SET to X AXIS " + XCOORD + " Y AXIS " + YCOORD): Set View Port Size is currently SET to X AXIS 800 Y AXIS 1000

2020-02-11 12:52:38 - [MESSAGE][PASSED] - Set View Port Size is currently SET to X AXIS 800 Y AXIS 1000

2020-02-11 12:52:38 - [TEST_STEP][PASSED] - markPassed("Set View Port Size is currently SET to X AXIS " + XCOORD + " Y AXIS " + YCOORD): Set View Port Size is currently SET to X AXIS 800 Y AXIS 1000

2020-02-11 12:52:38 - [MESSAGE][PASSED] - Set View Port Size is currently SET to X AXIS 800 Y AXIS 1000

2020-02-11 12:52:38 - [TEST_STEP][PASSED] - " Block Commen End": null

2020-02-11 12:52:38 - [TEST_STEP][PASSED] - "---------------------------------------": null

2020-02-11 12:52:38 - [TEST_STEP][PASSED] - " Set and SEARCH TRADE CLASSIFICATION   |": null

2020-02-11 12:52:38 - [TEST_STEP][PASSED] - callTestCase(findTestCase("Reusable_Test_Sequences/CAT_Enter_Trade_Classification"), [:], CONTINUE_ON_FAILURE): Call Test Case 'Test Cases/Reusable_Test_Sequences/CAT_Enter_Trade_Classification' successfully

2020-02-11 12:52:38 - [TEST_CASE][PASSED] - Test Cases/Reusable_Test_Sequences/CAT_Enter_Trade_Classification: Test Cases/Reusable_Test_Sequences/CAT_Enter_Trade_Classification

2020-02-11 12:52:38 - [TEST_STEP][PASSED] - "---------------------------------": null

2020-02-11 12:52:38 - [TEST_STEP][PASSED] - "Set and SEARCH SELECTED TRADE": null

2020-02-11 12:52:38 - [TEST_STEP][PASSED] - if (Website_Version == "new"): null

2020-02-11 12:52:38 - [TEST_STEP][PASSED] - else: Text 'Tree Surgeon' is set on object 'Object Repository/Checkatrade_Trade_Search_Page/Page_Checkatrade Find a tradesperson you can trust/input_Search_Button_FF'

2020-02-11 12:52:38 - [TEST_STEP][PASSED] - click(findTestObject("Object Repository/Checkatrade_Trade_Search_Page/Page_Checkatrade Find a tradesperson you can trust/input_Search_Button_FF")): Object: 'Object Repository/Checkatrade_Trade_Search_Page/Page_Checkatrade Find a tradesperson you can trust/input_Search_Button_FF' is clicked on

2020-02-11 12:52:38 - [MESSAGE][PASSED] - Object: 'Object Repository/Checkatrade_Trade_Search_Page/Page_Checkatrade Find a tradesperson you can trust/input_Search_Button_FF' is clicked on

2020-02-11 12:52:38 - [TEST_STEP][PASSED] - setText(findTestObject("Object Repository/Checkatrade_Trade_Search_Page/Page_Checkatrade Find a tradesperson you can trust/input_Search_Button_FF"), findTestData("searchTestData").getValue("tradeClassification", row)): Text 'Tree Surgeon' is set on object 'Object Repository/Checkatrade_Trade_Search_Page/Page_Checkatrade Find a tradesperson you can trust/input_Search_Button_FF'

2020-02-11 12:52:39 - [MESSAGE][PASSED] - Text 'Tree Surgeon' is set on object 'Object Repository/Checkatrade_Trade_Search_Page/Page_Checkatrade Find a tradesperson you can trust/input_Search_Button_FF'

2020-02-11 12:52:39 - [MESSAGE][PASSED] - Call Test Case 'Test Cases/Reusable_Test_Sequences/CAT_Enter_Trade_Classification' successfully

2020-02-11 12:52:39 - [TEST_STEP][PASSED] - "---------------------------------------": null

2020-02-11 12:52:39 - [TEST_STEP][PASSED] - " Set and SEARCH TRADE LOCATION         |": null

2020-02-11 12:52:39 - [TEST_STEP][PASSED] - callTestCase(findTestCase("Reusable_Test_Sequences/CAT_Enter_Trade_Location"), [:], CONTINUE_ON_FAILURE): Call Test Case 'Test Cases/Reusable_Test_Sequences/CAT_Enter_Trade_Location' successfully

2020-02-11 12:52:39 - [TEST_CASE][PASSED] - Test Cases/Reusable_Test_Sequences/CAT_Enter_Trade_Location: Test Cases/Reusable_Test_Sequences/CAT_Enter_Trade_Location

2020-02-11 12:52:39 - [TEST_STEP][PASSED] - "---------------------------------": null

2020-02-11 12:52:39 - [TEST_STEP][PASSED] - "Set and SEARCH SELECTED LOCATION |": null

2020-02-11 12:52:39 - [TEST_STEP][PASSED] - if (Website_Version == "new"): null

2020-02-11 12:52:39 - [TEST_STEP][PASSED] - else: Text 'Gosport' is set on object 'Object Repository/Checkatrade_Trade_Search_Page/Page_Checkatrade Find a tradesperson you can trust/input_Not here_location'

2020-02-11 12:52:39 - [TEST_STEP][PASSED] - click(findTestObject("Object Repository/Checkatrade_Trade_Search_Page/Page_Checkatrade Find a tradesperson you can trust/input_Not here_location")): Object: 'Object Repository/Checkatrade_Trade_Search_Page/Page_Checkatrade Find a tradesperson you can trust/input_Not here_location' is clicked on

2020-02-11 12:52:42 - [MESSAGE][PASSED] - Object: 'Object Repository/Checkatrade_Trade_Search_Page/Page_Checkatrade Find a tradesperson you can trust/input_Not here_location' is clicked on

2020-02-11 12:52:42 - [TEST_STEP][PASSED] - setText(findTestObject("Object Repository/Checkatrade_Trade_Search_Page/Page_Checkatrade Find a tradesperson you can trust/input_Not here_location"), findTestData("searchTestData").getValue("tradeLocation", row)): Text 'Gosport' is set on object 'Object Repository/Checkatrade_Trade_Search_Page/Page_Checkatrade Find a tradesperson you can trust/input_Not here_location'

2020-02-11 12:52:42 - [MESSAGE][PASSED] - Text 'Gosport' is set on object 'Object Repository/Checkatrade_Trade_Search_Page/Page_Checkatrade Find a tradesperson you can trust/input_Not here_location'

2020-02-11 12:52:42 - [MESSAGE][PASSED] - Call Test Case 'Test Cases/Reusable_Test_Sequences/CAT_Enter_Trade_Location' successfully

2020-02-11 12:52:42 - [TEST_STEP][PASSED] - "---------------------------------------": null

2020-02-11 12:52:42 - [TEST_STEP][PASSED] - " Scroll Search Button into View        |": null

2020-02-11 12:52:42 - [TEST_STEP][PASSED] - "---------------------------------------": null

2020-02-11 12:52:42 - [TEST_STEP][PASSED] - "---------------------------------------": null

2020-02-11 12:52:42 - [TEST_STEP][PASSED] - " Dispel New trades Header              |": null

2020-02-11 12:52:42 - [TEST_STEP][PASSED] - callTestCase(findTestCase("Reusable_Test_Sequences/CAT_Dispel_Trade_Header"), [:], CONTINUE_ON_FAILURE): Call Test Case 'Test Cases/Reusable_Test_Sequences/CAT_Dispel_Trade_Header' successfully

2020-02-11 12:52:42 - [TEST_CASE][PASSED] - Test Cases/Reusable_Test_Sequences/CAT_Dispel_Trade_Header: Test Cases/Reusable_Test_Sequences/CAT_Dispel_Trade_Header

2020-02-11 12:52:42 - [TEST_STEP][PASSED] - " New Function to Dispel Trades Header (on Deployment 05/12/20190) ": null

2020-02-11 12:52:42 - [TEST_STEP][PASSED] - if (row == 4): null

2020-02-11 12:52:42 - [MESSAGE][PASSED] - Call Test Case 'Test Cases/Reusable_Test_Sequences/CAT_Dispel_Trade_Header' successfully

2020-02-11 12:52:42 - [TEST_STEP][PASSED] - "---------------------------------------": null

2020-02-11 12:52:42 - [TEST_STEP][PASSED] - " Hit Search Button                     |": null

2020-02-11 12:52:42 - [TEST_STEP][PASSED] - callTestCase(findTestCase("Reusable_Test_Sequences/CAT_Hit_Search_Button"), [:], CONTINUE_ON_FAILURE): Call Test Case 'Test Cases/Reusable_Test_Sequences/CAT_Hit_Search_Button' successfully

2020-02-11 12:52:42 - [TEST_CASE][PASSED] - Test Cases/Reusable_Test_Sequences/CAT_Hit_Search_Button: Test Cases/Reusable_Test_Sequences/CAT_Hit_Search_Button

2020-02-11 12:52:42 - [TEST_STEP][PASSED] - "---------------------------------": null

2020-02-11 12:52:42 - [TEST_STEP][PASSED] - "HIT SEARCH": null

2020-02-11 12:52:42 - [TEST_STEP][PASSED] - "---------------------------------": null

2020-02-11 12:52:42 - [TEST_STEP][PASSED] - if (Website_Version == "new"): null

2020-02-11 12:52:42 - [TEST_STEP][PASSED] - else: Object: 'Object Repository/Checkatrade_Trade_Search_Page/Page_Checkatrade Find a tradesperson you can trust/Page_Checkatrade Find a tradesperson you can trust/a_Search' is clicked on

2020-02-11 12:52:42 - [TEST_STEP][PASSED] - waitForElementClickable(findTestObject("Object Repository/Checkatrade_Trade_Search_Page/Page_Checkatrade Find a tradesperson you can trust/Page_Checkatrade Find a tradesperson you can trust/a_Search"), 25): Object 'Object Repository/Checkatrade_Trade_Search_Page/Page_Checkatrade Find a tradesperson you can trust/Page_Checkatrade Find a tradesperson you can trust/a_Search' is clickable

2020-02-11 12:52:42 - [MESSAGE][PASSED] - Object 'Object Repository/Checkatrade_Trade_Search_Page/Page_Checkatrade Find a tradesperson you can trust/Page_Checkatrade Find a tradesperson you can trust/a_Search' is clickable

2020-02-11 12:52:42 - [TEST_STEP][PASSED] - click(findTestObject("Object Repository/Checkatrade_Trade_Search_Page/Page_Checkatrade Find a tradesperson you can trust/Page_Checkatrade Find a tradesperson you can trust/a_Search")): Object: 'Object Repository/Checkatrade_Trade_Search_Page/Page_Checkatrade Find a tradesperson you can trust/Page_Checkatrade Find a tradesperson you can trust/a_Search' is clicked on

2020-02-11 12:52:45 - [MESSAGE][PASSED] - Object: 'Object Repository/Checkatrade_Trade_Search_Page/Page_Checkatrade Find a tradesperson you can trust/Page_Checkatrade Find a tradesperson you can trust/a_Search' is clicked on

2020-02-11 12:52:45 - [MESSAGE][PASSED] - Call Test Case 'Test Cases/Reusable_Test_Sequences/CAT_Hit_Search_Button' successfully

2020-02-11 12:52:45 - [TEST_STEP][PASSED] - "---------------------------------------": null

2020-02-11 12:52:45 - [TEST_STEP][PASSED] - " Verify Returned Page is as Expected   |": null

2020-02-11 12:52:45 - [TEST_STEP][PASSED] - callTestCase(findTestCase("Reusable_Test_Sequences/CAT_Verification"), [:], CONTINUE_ON_FAILURE): Call Test Case 'Test Cases/Reusable_Test_Sequences/CAT_Verification' successfully

2020-02-11 12:52:45 - [TEST_CASE][PASSED] - Test Cases/Reusable_Test_Sequences/CAT_Verification: Test Cases/Reusable_Test_Sequences/CAT_Verification

2020-02-11 12:52:45 - [TEST_STEP][PASSED] - "Updated 05/12/2019 due to wholesale Home page changes": null

2020-02-11 12:52:45 - [TEST_STEP][PASSED] - "Expected cantantenated text is Returned": null

2020-02-11 12:52:45 - [TEST_STEP][PASSED] - delay(1): Delayed 1 second(s)

2020-02-11 12:52:46 - [MESSAGE][PASSED] - Delayed 1 second(s)

2020-02-11 12:52:46 - [TEST_STEP][PASSED] - waitForPageLoad(60): Wait for page load successfully

2020-02-11 12:52:46 - [MESSAGE][PASSED] - Wait for page load successfully

2020-02-11 12:52:46 - [TEST_STEP][PASSED] - verifyTextPresent(findTestData("searchTestData").getValue("tradeClassification", row), false): Text 'Tree Surgeon' is present on page 

2020-02-11 12:52:47 - [MESSAGE][PASSED] - Text 'Tree Surgeon' is present on page 

2020-02-11 12:52:47 - [TEST_STEP][PASSED] - verifyTextPresent(findTestData("searchTestData").getValue("tradeLocation", row), false): Text 'Gosport' is present on page 

2020-02-11 12:52:47 - [MESSAGE][PASSED] - Text 'Gosport' is present on page 

2020-02-11 12:52:47 - [MESSAGE][PASSED] - Call Test Case 'Test Cases/Reusable_Test_Sequences/CAT_Verification' successfully

2020-02-11 12:52:47 - [TEST_STEP][PASSED] - "--------------------------": null

2020-02-11 12:52:47 - [TEST_STEP][PASSED] - " Teardown - CLose Browser |": null

2020-02-11 12:52:47 - [TEST_STEP][PASSED] - callTestCase(findTestCase("Reusable_Test_Sequences/CAT_Teardown"), [:], OPTIONAL): Call Test Case 'Test Cases/Reusable_Test_Sequences/CAT_Teardown' successfully

2020-02-11 12:52:47 - [TEST_CASE][PASSED] - Test Cases/Reusable_Test_Sequences/CAT_Teardown: Test Cases/Reusable_Test_Sequences/CAT_Teardown

2020-02-11 12:52:47 - [TEST_STEP][PASSED] - closeBrowser(): Browser is closed

2020-02-11 12:52:48 - [MESSAGE][PASSED] - Browser is closed

2020-02-11 12:52:48 - [MESSAGE][PASSED] - Call Test Case 'Test Cases/Reusable_Test_Sequences/CAT_Teardown' successfully

2020-02-11 12:52:48 - [TEST_STEP][PASSED] - "------------------------------": null

2020-02-11 12:52:48 - [TEST_STEP][PASSED] - " Set Mobile Device Testing    |": null

2020-02-11 12:52:48 - [TEST_STEP][PASSED] - Mobile_Flag = "false": null

2020-02-11 12:52:48 - [TEST_STEP][PASSED] - "------------------------------": null

2020-02-11 12:52:48 - [TEST_STEP][PASSED] - " Set Mobile Device Testing    |": null

2020-02-11 12:52:48 - [TEST_STEP][PASSED] - callTestCase(findTestCase("Reusable_Test_Sequences/CAT_Setup"), [:], OPTIONAL): Call Test Case 'Test Cases/Reusable_Test_Sequences/CAT_Setup' successfully

2020-02-11 12:52:48 - [TEST_CASE][PASSED] - Test Cases/Reusable_Test_Sequences/CAT_Setup: Test Cases/Reusable_Test_Sequences/CAT_Setup

2020-02-11 12:52:48 - [TEST_STEP][PASSED] - "------------------------------": null

2020-02-11 12:52:48 - [TEST_STEP][PASSED] - " Set Mobile Device Testing    |": null

2020-02-11 12:52:48 - [TEST_STEP][PASSED] - if (Mobile_Flag == "true"): null

2020-02-11 12:52:48 - [TEST_STEP][PASSED] - "------------------------------": null

2020-02-11 12:52:48 - [TEST_STEP][PASSED] - " Set Mobile Device Testing    |": null

2020-02-11 12:52:48 - [TEST_STEP][PASSED] - "------------------------------": null

2020-02-11 12:52:48 - [TEST_STEP][PASSED] - "URL - Set from the ENVIRONMENT PROFILE ": null

2020-02-11 12:52:48 - [TEST_STEP][PASSED] - openBrowser(URL): Browser is opened with url: 'https://www.preview.checkatrade.com/'

2020-02-11 12:52:48 - [MESSAGE][INFO] - Starting 'Chrome' driver

2020-02-11 12:52:55 - [MESSAGE][PASSED] - Browser is opened with url: 'https://www.preview.checkatrade.com/'

2020-02-11 12:52:55 - [TEST_STEP][PASSED] - maximizeWindow(): Current window maximized

2020-02-11 12:53:00 - [MESSAGE][PASSED] - Current window maximized

2020-02-11 12:53:00 - [TEST_STEP][PASSED] - waitForPageLoad(60): Wait for page load successfully

2020-02-11 12:53:00 - [MESSAGE][PASSED] - Wait for page load successfully

2020-02-11 12:53:00 - [TEST_STEP][PASSED] - "Previous Functionalilty Left Commented For Ease Of reversion": null

2020-02-11 12:53:00 - [TEST_STEP][PASSED] - try: Text 'Cookie Policy' is not present on page

2020-02-11 12:53:00 - [TEST_STEP][PASSED] - verifyElementPresent(findTestObject("Object Repository/Cookies/Page_Checkatrade Find a tradesperson you can trust/button_Accept All"), 5): Object 'Object Repository/Cookies/Page_Checkatrade Find a tradesperson you can trust/button_Accept All' is present

2020-02-11 12:53:00 - [MESSAGE][PASSED] - Object 'Object Repository/Cookies/Page_Checkatrade Find a tradesperson you can trust/button_Accept All' is present

2020-02-11 12:53:00 - [TEST_STEP][PASSED] - click(findTestObject("Object Repository/Cookies/Page_Checkatrade Find a tradesperson you can trust/button_Accept All")): Object: 'Object Repository/Cookies/Page_Checkatrade Find a tradesperson you can trust/button_Accept All' is clicked on

2020-02-11 12:53:00 - [MESSAGE][PASSED] - Object: 'Object Repository/Cookies/Page_Checkatrade Find a tradesperson you can trust/button_Accept All' is clicked on

2020-02-11 12:53:00 - [TEST_STEP][PASSED] - "---------------------------------": null

2020-02-11 12:53:00 - [TEST_STEP][PASSED] - "COOKIE POPOUT REMOVED - Confirmed": null

2020-02-11 12:53:00 - [TEST_STEP][PASSED] - delay(1): Delayed 1 second(s)

2020-02-11 12:53:01 - [MESSAGE][PASSED] - Delayed 1 second(s)

2020-02-11 12:53:01 - [TEST_STEP][PASSED] - verifyTextNotPresent("We use cookies to personalise content and ads, to provide social media features and to analyse our traffic", false): Text 'We use cookies to personalise content and ads, to provide social media features and to analyse our traffic' is not present on page

2020-02-11 12:53:01 - [MESSAGE][PASSED] - Text 'We use cookies to personalise content and ads, to provide social media features and to analyse our traffic' is not present on page

2020-02-11 12:53:01 - [TEST_STEP][PASSED] - verifyTextNotPresent(" We also share information about your use of our site with our social media, advertising and analytics partners", false): Text ' We also share information about your use of our site with our social media, advertising and analytics partners' is not present on page

2020-02-11 12:53:01 - [MESSAGE][PASSED] - Text ' We also share information about your use of our site with our social media, advertising and analytics partners' is not present on page

2020-02-11 12:53:01 - [TEST_STEP][PASSED] - verifyTextNotPresent("Cookie Policy", false): Text 'Cookie Policy' is not present on page

2020-02-11 12:53:01 - [MESSAGE][PASSED] - Text 'Cookie Policy' is not present on page

2020-02-11 12:53:01 - [TEST_STEP][PASSED] - waitForPageLoad(60): Wait for page load successfully

2020-02-11 12:53:01 - [MESSAGE][PASSED] - Wait for page load successfully

2020-02-11 12:53:01 - [TEST_STEP][PASSED] - "COOKIE - ORIGINAL": null

2020-02-11 12:53:01 - [TEST_STEP][PASSED] - if (waitForElementVisible(findTestObject("Object Repository/Feedback/Page_Checkatrade Give your feedback/input_Member_to_Review"), 5)): Web element with id: 'Object Repository/Feedback/Page_Checkatrade Give your feedback/input_Member_to_Review' located by 'By.xpath: //input[@id='feedback-form__company_autocomplete_input']' not found

2020-02-11 12:53:07 - [MESSAGE][INFO] - Unable to find the element located by 'By.xpath: //input[@id='feedback-form__company_autocomplete_input']'. Please recheck the objects properties to make sure the desired element is located. 

2020-02-11 12:53:07 - [MESSAGE][WARNING] - Web element with id: 'Object Repository/Feedback/Page_Checkatrade Give your feedback/input_Member_to_Review' located by 'By.xpath: //input[@id='feedback-form__company_autocomplete_input']' not found

2020-02-11 12:53:07 - [TEST_STEP][PASSED] - else: The <<<OLD>>> Website was detected by the STARTUP Process

2020-02-11 12:53:07 - [TEST_STEP][PASSED] - if (!(verifyElementVisible(findTestObject("Object Repository/Checkatrade_Trade_Search_Page/Page_Checkatrade Find a tradesperson you can trust/input_Search_Button_FF")))): Object 'Object Repository/Checkatrade_Trade_Search_Page/Page_Checkatrade Find a tradesperson you can trust/input_Search_Button_FF' is visible

2020-02-11 12:53:07 - [MESSAGE][PASSED] - Object 'Object Repository/Checkatrade_Trade_Search_Page/Page_Checkatrade Find a tradesperson you can trust/input_Search_Button_FF' is visible

2020-02-11 12:53:07 - [TEST_STEP][PASSED] - else: The <<<OLD>>> Website was detected by the STARTUP Process

2020-02-11 12:53:07 - [TEST_STEP][PASSED] - Website_Version = "old": null

2020-02-11 12:53:07 - [TEST_STEP][PASSED] - logInfo("The <<<OLD>>> Website was detected by the STARTUP Process"): The <<<OLD>>> Website was detected by the STARTUP Process

2020-02-11 12:53:07 - [MESSAGE][INFO] - The <<<OLD>>> Website was detected by the STARTUP Process

2020-02-11 12:53:07 - [MESSAGE][PASSED] - Call Test Case 'Test Cases/Reusable_Test_Sequences/CAT_Setup' successfully

2020-02-11 12:53:07 - [TEST_STEP][PASSED] - " ALTERNATIVE SCREEN RESOLUTION SELECTION METHOD": null

2020-02-11 12:53:07 - [TEST_STEP][PASSED] - " Block Comment Start": null

2020-02-11 12:53:07 - [TEST_STEP][PASSED] - " ACTUAL SCREEN RESOLUTION SELECTION METHOD USED": null

2020-02-11 12:53:07 - [TEST_STEP][PASSED] - XCOORD = Integer.parseInt(findTestData("searchTestData").getValue("X_COORD", row)): null

2020-02-11 12:53:07 - [TEST_STEP][PASSED] - YCOORD = Integer.parseInt(findTestData("searchTestData").getValue("Y_COORD", row)): null

2020-02-11 12:53:07 - [TEST_STEP][PASSED] - setViewPortSize(XCOORD, YCOORD): Viewport is set to new size with width = 400 and height = 600

2020-02-11 12:53:07 - [MESSAGE][PASSED] - Viewport is set to new size with width = 400 and height = 600

2020-02-11 12:53:07 - [TEST_STEP][PASSED] - waitForPageLoad(60): Wait for page load successfully

2020-02-11 12:53:07 - [MESSAGE][PASSED] - Wait for page load successfully

2020-02-11 12:53:07 - [TEST_STEP][PASSED] - markPassed("Set View Port Size is currently SET to X AXIS " + XCOORD + " Y AXIS " + YCOORD): Set View Port Size is currently SET to X AXIS 400 Y AXIS 600

2020-02-11 12:53:07 - [MESSAGE][PASSED] - Set View Port Size is currently SET to X AXIS 400 Y AXIS 600

2020-02-11 12:53:07 - [TEST_STEP][PASSED] - markPassed("Set View Port Size is currently SET to X AXIS " + XCOORD + " Y AXIS " + YCOORD): Set View Port Size is currently SET to X AXIS 400 Y AXIS 600

2020-02-11 12:53:07 - [MESSAGE][PASSED] - Set View Port Size is currently SET to X AXIS 400 Y AXIS 600

2020-02-11 12:53:07 - [TEST_STEP][PASSED] - " Block Commen End": null

2020-02-11 12:53:07 - [TEST_STEP][PASSED] - "---------------------------------------": null

2020-02-11 12:53:07 - [TEST_STEP][PASSED] - " Set and SEARCH TRADE CLASSIFICATION   |": null

2020-02-11 12:53:07 - [TEST_STEP][PASSED] - callTestCase(findTestCase("Reusable_Test_Sequences/CAT_Enter_Trade_Classification"), [:], CONTINUE_ON_FAILURE): Call Test Case 'Test Cases/Reusable_Test_Sequences/CAT_Enter_Trade_Classification' successfully

2020-02-11 12:53:07 - [TEST_CASE][PASSED] - Test Cases/Reusable_Test_Sequences/CAT_Enter_Trade_Classification: Test Cases/Reusable_Test_Sequences/CAT_Enter_Trade_Classification

2020-02-11 12:53:07 - [TEST_STEP][PASSED] - "---------------------------------": null

2020-02-11 12:53:07 - [TEST_STEP][PASSED] - "Set and SEARCH SELECTED TRADE": null

2020-02-11 12:53:07 - [TEST_STEP][PASSED] - if (Website_Version == "new"): null

2020-02-11 12:53:07 - [TEST_STEP][PASSED] - else: Text 'Tree Surgeon' is set on object 'Object Repository/Checkatrade_Trade_Search_Page/Page_Checkatrade Find a tradesperson you can trust/input_Search_Button_FF'

2020-02-11 12:53:07 - [TEST_STEP][PASSED] - click(findTestObject("Object Repository/Checkatrade_Trade_Search_Page/Page_Checkatrade Find a tradesperson you can trust/input_Search_Button_FF")): Object: 'Object Repository/Checkatrade_Trade_Search_Page/Page_Checkatrade Find a tradesperson you can trust/input_Search_Button_FF' is clicked on

2020-02-11 12:53:07 - [MESSAGE][PASSED] - Object: 'Object Repository/Checkatrade_Trade_Search_Page/Page_Checkatrade Find a tradesperson you can trust/input_Search_Button_FF' is clicked on

2020-02-11 12:53:07 - [TEST_STEP][PASSED] - setText(findTestObject("Object Repository/Checkatrade_Trade_Search_Page/Page_Checkatrade Find a tradesperson you can trust/input_Search_Button_FF"), findTestData("searchTestData").getValue("tradeClassification", row)): Text 'Tree Surgeon' is set on object 'Object Repository/Checkatrade_Trade_Search_Page/Page_Checkatrade Find a tradesperson you can trust/input_Search_Button_FF'

2020-02-11 12:53:08 - [MESSAGE][PASSED] - Text 'Tree Surgeon' is set on object 'Object Repository/Checkatrade_Trade_Search_Page/Page_Checkatrade Find a tradesperson you can trust/input_Search_Button_FF'

2020-02-11 12:53:08 - [MESSAGE][PASSED] - Call Test Case 'Test Cases/Reusable_Test_Sequences/CAT_Enter_Trade_Classification' successfully

2020-02-11 12:53:08 - [TEST_STEP][PASSED] - "---------------------------------------": null

2020-02-11 12:53:08 - [TEST_STEP][PASSED] - " Set and SEARCH TRADE LOCATION         |": null

2020-02-11 12:53:08 - [TEST_STEP][PASSED] - callTestCase(findTestCase("Reusable_Test_Sequences/CAT_Enter_Trade_Location"), [:], CONTINUE_ON_FAILURE): Call Test Case 'Test Cases/Reusable_Test_Sequences/CAT_Enter_Trade_Location' successfully

2020-02-11 12:53:08 - [TEST_CASE][PASSED] - Test Cases/Reusable_Test_Sequences/CAT_Enter_Trade_Location: Test Cases/Reusable_Test_Sequences/CAT_Enter_Trade_Location

2020-02-11 12:53:08 - [TEST_STEP][PASSED] - "---------------------------------": null

2020-02-11 12:53:08 - [TEST_STEP][PASSED] - "Set and SEARCH SELECTED LOCATION |": null

2020-02-11 12:53:08 - [TEST_STEP][PASSED] - if (Website_Version == "new"): null

2020-02-11 12:53:08 - [TEST_STEP][PASSED] - else: Text 'PO12 2HE' is set on object 'Object Repository/Checkatrade_Trade_Search_Page/Page_Checkatrade Find a tradesperson you can trust/input_Not here_location'

2020-02-11 12:53:08 - [TEST_STEP][PASSED] - click(findTestObject("Object Repository/Checkatrade_Trade_Search_Page/Page_Checkatrade Find a tradesperson you can trust/input_Not here_location")): Object: 'Object Repository/Checkatrade_Trade_Search_Page/Page_Checkatrade Find a tradesperson you can trust/input_Not here_location' is clicked on

2020-02-11 12:53:11 - [MESSAGE][PASSED] - Object: 'Object Repository/Checkatrade_Trade_Search_Page/Page_Checkatrade Find a tradesperson you can trust/input_Not here_location' is clicked on

2020-02-11 12:53:11 - [TEST_STEP][PASSED] - setText(findTestObject("Object Repository/Checkatrade_Trade_Search_Page/Page_Checkatrade Find a tradesperson you can trust/input_Not here_location"), findTestData("searchTestData").getValue("tradeLocation", row)): Text 'PO12 2HE' is set on object 'Object Repository/Checkatrade_Trade_Search_Page/Page_Checkatrade Find a tradesperson you can trust/input_Not here_location'

2020-02-11 12:53:11 - [MESSAGE][PASSED] - Text 'PO12 2HE' is set on object 'Object Repository/Checkatrade_Trade_Search_Page/Page_Checkatrade Find a tradesperson you can trust/input_Not here_location'

2020-02-11 12:53:11 - [MESSAGE][PASSED] - Call Test Case 'Test Cases/Reusable_Test_Sequences/CAT_Enter_Trade_Location' successfully

2020-02-11 12:53:11 - [TEST_STEP][PASSED] - "---------------------------------------": null

2020-02-11 12:53:11 - [TEST_STEP][PASSED] - " Scroll Search Button into View        |": null

2020-02-11 12:53:11 - [TEST_STEP][PASSED] - "---------------------------------------": null

2020-02-11 12:53:11 - [TEST_STEP][PASSED] - "---------------------------------------": null

2020-02-11 12:53:11 - [TEST_STEP][PASSED] - " Dispel New trades Header              |": null

2020-02-11 12:53:11 - [TEST_STEP][PASSED] - callTestCase(findTestCase("Reusable_Test_Sequences/CAT_Dispel_Trade_Header"), [:], CONTINUE_ON_FAILURE): Call Test Case 'Test Cases/Reusable_Test_Sequences/CAT_Dispel_Trade_Header' successfully

2020-02-11 12:53:11 - [TEST_CASE][PASSED] - Test Cases/Reusable_Test_Sequences/CAT_Dispel_Trade_Header: Test Cases/Reusable_Test_Sequences/CAT_Dispel_Trade_Header

2020-02-11 12:53:11 - [TEST_STEP][PASSED] - " New Function to Dispel Trades Header (on Deployment 05/12/20190) ": null

2020-02-11 12:53:11 - [TEST_STEP][PASSED] - if (row == 4): null

2020-02-11 12:53:11 - [MESSAGE][PASSED] - Call Test Case 'Test Cases/Reusable_Test_Sequences/CAT_Dispel_Trade_Header' successfully

2020-02-11 12:53:11 - [TEST_STEP][PASSED] - "---------------------------------------": null

2020-02-11 12:53:11 - [TEST_STEP][PASSED] - " Hit Search Button                     |": null

2020-02-11 12:53:11 - [TEST_STEP][PASSED] - callTestCase(findTestCase("Reusable_Test_Sequences/CAT_Hit_Search_Button"), [:], CONTINUE_ON_FAILURE): Call Test Case 'Test Cases/Reusable_Test_Sequences/CAT_Hit_Search_Button' successfully

2020-02-11 12:53:11 - [TEST_CASE][PASSED] - Test Cases/Reusable_Test_Sequences/CAT_Hit_Search_Button: Test Cases/Reusable_Test_Sequences/CAT_Hit_Search_Button

2020-02-11 12:53:11 - [TEST_STEP][PASSED] - "---------------------------------": null

2020-02-11 12:53:11 - [TEST_STEP][PASSED] - "HIT SEARCH": null

2020-02-11 12:53:11 - [TEST_STEP][PASSED] - "---------------------------------": null

2020-02-11 12:53:11 - [TEST_STEP][PASSED] - if (Website_Version == "new"): null

2020-02-11 12:53:11 - [TEST_STEP][PASSED] - else: Object: 'Object Repository/Checkatrade_Trade_Search_Page/Page_Checkatrade Find a tradesperson you can trust/Page_Checkatrade Find a tradesperson you can trust/a_Search' is clicked on

2020-02-11 12:53:11 - [TEST_STEP][PASSED] - waitForElementClickable(findTestObject("Object Repository/Checkatrade_Trade_Search_Page/Page_Checkatrade Find a tradesperson you can trust/Page_Checkatrade Find a tradesperson you can trust/a_Search"), 25): Object 'Object Repository/Checkatrade_Trade_Search_Page/Page_Checkatrade Find a tradesperson you can trust/Page_Checkatrade Find a tradesperson you can trust/a_Search' is clickable

2020-02-11 12:53:11 - [MESSAGE][PASSED] - Object 'Object Repository/Checkatrade_Trade_Search_Page/Page_Checkatrade Find a tradesperson you can trust/Page_Checkatrade Find a tradesperson you can trust/a_Search' is clickable

2020-02-11 12:53:11 - [TEST_STEP][PASSED] - click(findTestObject("Object Repository/Checkatrade_Trade_Search_Page/Page_Checkatrade Find a tradesperson you can trust/Page_Checkatrade Find a tradesperson you can trust/a_Search")): Object: 'Object Repository/Checkatrade_Trade_Search_Page/Page_Checkatrade Find a tradesperson you can trust/Page_Checkatrade Find a tradesperson you can trust/a_Search' is clicked on

2020-02-11 12:53:14 - [MESSAGE][PASSED] - Object: 'Object Repository/Checkatrade_Trade_Search_Page/Page_Checkatrade Find a tradesperson you can trust/Page_Checkatrade Find a tradesperson you can trust/a_Search' is clicked on

2020-02-11 12:53:14 - [MESSAGE][PASSED] - Call Test Case 'Test Cases/Reusable_Test_Sequences/CAT_Hit_Search_Button' successfully

2020-02-11 12:53:14 - [TEST_STEP][PASSED] - "---------------------------------------": null

2020-02-11 12:53:14 - [TEST_STEP][PASSED] - " Verify Returned Page is as Expected   |": null

2020-02-11 12:53:14 - [TEST_STEP][PASSED] - callTestCase(findTestCase("Reusable_Test_Sequences/CAT_Verification"), [:], CONTINUE_ON_FAILURE): Call Test Case 'Test Cases/Reusable_Test_Sequences/CAT_Verification' successfully

2020-02-11 12:53:14 - [TEST_CASE][PASSED] - Test Cases/Reusable_Test_Sequences/CAT_Verification: Test Cases/Reusable_Test_Sequences/CAT_Verification

2020-02-11 12:53:14 - [TEST_STEP][PASSED] - "Updated 05/12/2019 due to wholesale Home page changes": null

2020-02-11 12:53:14 - [TEST_STEP][PASSED] - "Expected cantantenated text is Returned": null

2020-02-11 12:53:14 - [TEST_STEP][PASSED] - delay(1): Delayed 1 second(s)

2020-02-11 12:53:15 - [MESSAGE][PASSED] - Delayed 1 second(s)

2020-02-11 12:53:15 - [TEST_STEP][PASSED] - waitForPageLoad(60): Wait for page load successfully

2020-02-11 12:53:15 - [MESSAGE][PASSED] - Wait for page load successfully

2020-02-11 12:53:15 - [TEST_STEP][PASSED] - verifyTextPresent(findTestData("searchTestData").getValue("tradeClassification", row), false): Text 'Tree Surgeon' is present on page 

2020-02-11 12:53:16 - [MESSAGE][PASSED] - Text 'Tree Surgeon' is present on page 

2020-02-11 12:53:16 - [TEST_STEP][PASSED] - verifyTextPresent(findTestData("searchTestData").getValue("tradeLocation", row), false): Text 'PO12 2HE' is present on page 

2020-02-11 12:53:16 - [MESSAGE][PASSED] - Text 'PO12 2HE' is present on page 

2020-02-11 12:53:16 - [MESSAGE][PASSED] - Call Test Case 'Test Cases/Reusable_Test_Sequences/CAT_Verification' successfully

2020-02-11 12:53:16 - [TEST_STEP][PASSED] - "--------------------------": null

2020-02-11 12:53:16 - [TEST_STEP][PASSED] - " Teardown - CLose Browser |": null

2020-02-11 12:53:16 - [TEST_STEP][PASSED] - callTestCase(findTestCase("Reusable_Test_Sequences/CAT_Teardown"), [:], OPTIONAL): Call Test Case 'Test Cases/Reusable_Test_Sequences/CAT_Teardown' successfully

2020-02-11 12:53:16 - [TEST_CASE][PASSED] - Test Cases/Reusable_Test_Sequences/CAT_Teardown: Test Cases/Reusable_Test_Sequences/CAT_Teardown

2020-02-11 12:53:16 - [TEST_STEP][PASSED] - closeBrowser(): Browser is closed

2020-02-11 12:53:18 - [MESSAGE][PASSED] - Browser is closed

2020-02-11 12:53:18 - [MESSAGE][PASSED] - Call Test Case 'Test Cases/Reusable_Test_Sequences/CAT_Teardown' successfully

2020-02-11 12:53:18 - [TEST_STEP][PASSED] - "------------------------------": null

2020-02-11 12:53:18 - [TEST_STEP][PASSED] - " Set Mobile Device Testing    |": null

2020-02-11 12:53:18 - [TEST_STEP][PASSED] - Mobile_Flag = "false": null

2020-02-11 12:53:18 - [TEST_STEP][PASSED] - "------------------------------": null

2020-02-11 12:53:18 - [TEST_STEP][PASSED] - " Set Mobile Device Testing    |": null

2020-02-11 12:53:18 - [TEST_STEP][PASSED] - callTestCase(findTestCase("Reusable_Test_Sequences/CAT_Setup"), [:], OPTIONAL): Call Test Case 'Test Cases/Reusable_Test_Sequences/CAT_Setup' successfully

2020-02-11 12:53:18 - [TEST_CASE][PASSED] - Test Cases/Reusable_Test_Sequences/CAT_Setup: Test Cases/Reusable_Test_Sequences/CAT_Setup

2020-02-11 12:53:18 - [TEST_STEP][PASSED] - "------------------------------": null

2020-02-11 12:53:18 - [TEST_STEP][PASSED] - " Set Mobile Device Testing    |": null

2020-02-11 12:53:18 - [TEST_STEP][PASSED] - if (Mobile_Flag == "true"): null

2020-02-11 12:53:18 - [TEST_STEP][PASSED] - "------------------------------": null

2020-02-11 12:53:18 - [TEST_STEP][PASSED] - " Set Mobile Device Testing    |": null

2020-02-11 12:53:18 - [TEST_STEP][PASSED] - "------------------------------": null

2020-02-11 12:53:18 - [TEST_STEP][PASSED] - "URL - Set from the ENVIRONMENT PROFILE ": null

2020-02-11 12:53:18 - [TEST_STEP][PASSED] - openBrowser(URL): Browser is opened with url: 'https://www.preview.checkatrade.com/'

2020-02-11 12:53:18 - [MESSAGE][INFO] - Starting 'Chrome' driver

2020-02-11 12:53:26 - [MESSAGE][PASSED] - Browser is opened with url: 'https://www.preview.checkatrade.com/'

2020-02-11 12:53:26 - [TEST_STEP][PASSED] - maximizeWindow(): Current window maximized

2020-02-11 12:53:31 - [MESSAGE][PASSED] - Current window maximized

2020-02-11 12:53:31 - [TEST_STEP][PASSED] - waitForPageLoad(60): Wait for page load successfully

2020-02-11 12:53:31 - [MESSAGE][PASSED] - Wait for page load successfully

2020-02-11 12:53:31 - [TEST_STEP][PASSED] - "Previous Functionalilty Left Commented For Ease Of reversion": null

2020-02-11 12:53:31 - [TEST_STEP][PASSED] - try: Text 'Cookie Policy' is not present on page

2020-02-11 12:53:31 - [TEST_STEP][PASSED] - verifyElementPresent(findTestObject("Object Repository/Cookies/Page_Checkatrade Find a tradesperson you can trust/button_Accept All"), 5): Object 'Object Repository/Cookies/Page_Checkatrade Find a tradesperson you can trust/button_Accept All' is present

2020-02-11 12:53:31 - [MESSAGE][PASSED] - Object 'Object Repository/Cookies/Page_Checkatrade Find a tradesperson you can trust/button_Accept All' is present

2020-02-11 12:53:31 - [TEST_STEP][PASSED] - click(findTestObject("Object Repository/Cookies/Page_Checkatrade Find a tradesperson you can trust/button_Accept All")): Object: 'Object Repository/Cookies/Page_Checkatrade Find a tradesperson you can trust/button_Accept All' is clicked on

2020-02-11 12:53:31 - [MESSAGE][PASSED] - Object: 'Object Repository/Cookies/Page_Checkatrade Find a tradesperson you can trust/button_Accept All' is clicked on

2020-02-11 12:53:31 - [TEST_STEP][PASSED] - "---------------------------------": null

2020-02-11 12:53:31 - [TEST_STEP][PASSED] - "COOKIE POPOUT REMOVED - Confirmed": null

2020-02-11 12:53:31 - [TEST_STEP][PASSED] - delay(1): Delayed 1 second(s)

2020-02-11 12:53:32 - [MESSAGE][PASSED] - Delayed 1 second(s)

2020-02-11 12:53:32 - [TEST_STEP][PASSED] - verifyTextNotPresent("We use cookies to personalise content and ads, to provide social media features and to analyse our traffic", false): Text 'We use cookies to personalise content and ads, to provide social media features and to analyse our traffic' is not present on page

2020-02-11 12:53:32 - [MESSAGE][PASSED] - Text 'We use cookies to personalise content and ads, to provide social media features and to analyse our traffic' is not present on page

2020-02-11 12:53:32 - [TEST_STEP][PASSED] - verifyTextNotPresent(" We also share information about your use of our site with our social media, advertising and analytics partners", false): Text ' We also share information about your use of our site with our social media, advertising and analytics partners' is not present on page

2020-02-11 12:53:32 - [MESSAGE][PASSED] - Text ' We also share information about your use of our site with our social media, advertising and analytics partners' is not present on page

2020-02-11 12:53:32 - [TEST_STEP][PASSED] - verifyTextNotPresent("Cookie Policy", false): Text 'Cookie Policy' is not present on page

2020-02-11 12:53:33 - [MESSAGE][PASSED] - Text 'Cookie Policy' is not present on page

2020-02-11 12:53:33 - [TEST_STEP][PASSED] - waitForPageLoad(60): Wait for page load successfully

2020-02-11 12:53:33 - [MESSAGE][PASSED] - Wait for page load successfully

2020-02-11 12:53:33 - [TEST_STEP][PASSED] - "COOKIE - ORIGINAL": null

2020-02-11 12:53:33 - [TEST_STEP][PASSED] - if (waitForElementVisible(findTestObject("Object Repository/Feedback/Page_Checkatrade Give your feedback/input_Member_to_Review"), 5)): Web element with id: 'Object Repository/Feedback/Page_Checkatrade Give your feedback/input_Member_to_Review' located by 'By.xpath: //input[@id='feedback-form__company_autocomplete_input']' not found

2020-02-11 12:53:38 - [MESSAGE][INFO] - Unable to find the element located by 'By.xpath: //input[@id='feedback-form__company_autocomplete_input']'. Please recheck the objects properties to make sure the desired element is located. 

2020-02-11 12:53:38 - [MESSAGE][WARNING] - Web element with id: 'Object Repository/Feedback/Page_Checkatrade Give your feedback/input_Member_to_Review' located by 'By.xpath: //input[@id='feedback-form__company_autocomplete_input']' not found

2020-02-11 12:53:38 - [TEST_STEP][PASSED] - else: The <<<OLD>>> Website was detected by the STARTUP Process

2020-02-11 12:53:38 - [TEST_STEP][PASSED] - if (!(verifyElementVisible(findTestObject("Object Repository/Checkatrade_Trade_Search_Page/Page_Checkatrade Find a tradesperson you can trust/input_Search_Button_FF")))): Object 'Object Repository/Checkatrade_Trade_Search_Page/Page_Checkatrade Find a tradesperson you can trust/input_Search_Button_FF' is visible

2020-02-11 12:53:38 - [MESSAGE][PASSED] - Object 'Object Repository/Checkatrade_Trade_Search_Page/Page_Checkatrade Find a tradesperson you can trust/input_Search_Button_FF' is visible

2020-02-11 12:53:38 - [TEST_STEP][PASSED] - else: The <<<OLD>>> Website was detected by the STARTUP Process

2020-02-11 12:53:38 - [TEST_STEP][PASSED] - Website_Version = "old": null

2020-02-11 12:53:38 - [TEST_STEP][PASSED] - logInfo("The <<<OLD>>> Website was detected by the STARTUP Process"): The <<<OLD>>> Website was detected by the STARTUP Process

2020-02-11 12:53:38 - [MESSAGE][INFO] - The <<<OLD>>> Website was detected by the STARTUP Process

2020-02-11 12:53:38 - [MESSAGE][PASSED] - Call Test Case 'Test Cases/Reusable_Test_Sequences/CAT_Setup' successfully

2020-02-11 12:53:38 - [TEST_STEP][PASSED] - " ALTERNATIVE SCREEN RESOLUTION SELECTION METHOD": null

2020-02-11 12:53:38 - [TEST_STEP][PASSED] - " Block Comment Start": null

2020-02-11 12:53:38 - [TEST_STEP][PASSED] - " ACTUAL SCREEN RESOLUTION SELECTION METHOD USED": null

2020-02-11 12:53:38 - [TEST_STEP][PASSED] - XCOORD = Integer.parseInt(findTestData("searchTestData").getValue("X_COORD", row)): null

2020-02-11 12:53:38 - [TEST_STEP][PASSED] - YCOORD = Integer.parseInt(findTestData("searchTestData").getValue("Y_COORD", row)): null

2020-02-11 12:53:38 - [TEST_STEP][PASSED] - setViewPortSize(XCOORD, YCOORD): Viewport is set to new size with width = 500 and height = 700

2020-02-11 12:53:38 - [MESSAGE][PASSED] - Viewport is set to new size with width = 500 and height = 700

2020-02-11 12:53:38 - [TEST_STEP][PASSED] - waitForPageLoad(60): Wait for page load successfully

2020-02-11 12:53:39 - [MESSAGE][PASSED] - Wait for page load successfully

2020-02-11 12:53:39 - [TEST_STEP][PASSED] - markPassed("Set View Port Size is currently SET to X AXIS " + XCOORD + " Y AXIS " + YCOORD): Set View Port Size is currently SET to X AXIS 500 Y AXIS 700

2020-02-11 12:53:39 - [MESSAGE][PASSED] - Set View Port Size is currently SET to X AXIS 500 Y AXIS 700

2020-02-11 12:53:39 - [TEST_STEP][PASSED] - markPassed("Set View Port Size is currently SET to X AXIS " + XCOORD + " Y AXIS " + YCOORD): Set View Port Size is currently SET to X AXIS 500 Y AXIS 700

2020-02-11 12:53:39 - [MESSAGE][PASSED] - Set View Port Size is currently SET to X AXIS 500 Y AXIS 700

2020-02-11 12:53:39 - [TEST_STEP][PASSED] - " Block Commen End": null

2020-02-11 12:53:39 - [TEST_STEP][PASSED] - "---------------------------------------": null

2020-02-11 12:53:39 - [TEST_STEP][PASSED] - " Set and SEARCH TRADE CLASSIFICATION   |": null

2020-02-11 12:53:39 - [TEST_STEP][PASSED] - callTestCase(findTestCase("Reusable_Test_Sequences/CAT_Enter_Trade_Classification"), [:], CONTINUE_ON_FAILURE): Call Test Case 'Test Cases/Reusable_Test_Sequences/CAT_Enter_Trade_Classification' successfully

2020-02-11 12:53:39 - [TEST_CASE][PASSED] - Test Cases/Reusable_Test_Sequences/CAT_Enter_Trade_Classification: Test Cases/Reusable_Test_Sequences/CAT_Enter_Trade_Classification

2020-02-11 12:53:39 - [TEST_STEP][PASSED] - "---------------------------------": null

2020-02-11 12:53:39 - [TEST_STEP][PASSED] - "Set and SEARCH SELECTED TRADE": null

2020-02-11 12:53:39 - [TEST_STEP][PASSED] - if (Website_Version == "new"): null

2020-02-11 12:53:39 - [TEST_STEP][PASSED] - else: Text 'Electrician' is set on object 'Object Repository/Checkatrade_Trade_Search_Page/Page_Checkatrade Find a tradesperson you can trust/input_Search_Button_FF'

2020-02-11 12:53:39 - [TEST_STEP][PASSED] - click(findTestObject("Object Repository/Checkatrade_Trade_Search_Page/Page_Checkatrade Find a tradesperson you can trust/input_Search_Button_FF")): Object: 'Object Repository/Checkatrade_Trade_Search_Page/Page_Checkatrade Find a tradesperson you can trust/input_Search_Button_FF' is clicked on

2020-02-11 12:53:39 - [MESSAGE][PASSED] - Object: 'Object Repository/Checkatrade_Trade_Search_Page/Page_Checkatrade Find a tradesperson you can trust/input_Search_Button_FF' is clicked on

2020-02-11 12:53:39 - [TEST_STEP][PASSED] - setText(findTestObject("Object Repository/Checkatrade_Trade_Search_Page/Page_Checkatrade Find a tradesperson you can trust/input_Search_Button_FF"), findTestData("searchTestData").getValue("tradeClassification", row)): Text 'Electrician' is set on object 'Object Repository/Checkatrade_Trade_Search_Page/Page_Checkatrade Find a tradesperson you can trust/input_Search_Button_FF'

2020-02-11 12:53:39 - [MESSAGE][PASSED] - Text 'Electrician' is set on object 'Object Repository/Checkatrade_Trade_Search_Page/Page_Checkatrade Find a tradesperson you can trust/input_Search_Button_FF'

2020-02-11 12:53:39 - [MESSAGE][PASSED] - Call Test Case 'Test Cases/Reusable_Test_Sequences/CAT_Enter_Trade_Classification' successfully

2020-02-11 12:53:39 - [TEST_STEP][PASSED] - "---------------------------------------": null

2020-02-11 12:53:39 - [TEST_STEP][PASSED] - " Set and SEARCH TRADE LOCATION         |": null

2020-02-11 12:53:39 - [TEST_STEP][PASSED] - callTestCase(findTestCase("Reusable_Test_Sequences/CAT_Enter_Trade_Location"), [:], CONTINUE_ON_FAILURE): Call Test Case 'Test Cases/Reusable_Test_Sequences/CAT_Enter_Trade_Location' successfully

2020-02-11 12:53:39 - [TEST_CASE][PASSED] - Test Cases/Reusable_Test_Sequences/CAT_Enter_Trade_Location: Test Cases/Reusable_Test_Sequences/CAT_Enter_Trade_Location

2020-02-11 12:53:39 - [TEST_STEP][PASSED] - "---------------------------------": null

2020-02-11 12:53:39 - [TEST_STEP][PASSED] - "Set and SEARCH SELECTED LOCATION |": null

2020-02-11 12:53:39 - [TEST_STEP][PASSED] - if (Website_Version == "new"): null

2020-02-11 12:53:39 - [TEST_STEP][PASSED] - else: Text 'Orkney' is set on object 'Object Repository/Checkatrade_Trade_Search_Page/Page_Checkatrade Find a tradesperson you can trust/input_Not here_location'

2020-02-11 12:53:39 - [TEST_STEP][PASSED] - click(findTestObject("Object Repository/Checkatrade_Trade_Search_Page/Page_Checkatrade Find a tradesperson you can trust/input_Not here_location")): Object: 'Object Repository/Checkatrade_Trade_Search_Page/Page_Checkatrade Find a tradesperson you can trust/input_Not here_location' is clicked on

2020-02-11 12:53:42 - [MESSAGE][PASSED] - Object: 'Object Repository/Checkatrade_Trade_Search_Page/Page_Checkatrade Find a tradesperson you can trust/input_Not here_location' is clicked on

2020-02-11 12:53:42 - [TEST_STEP][PASSED] - setText(findTestObject("Object Repository/Checkatrade_Trade_Search_Page/Page_Checkatrade Find a tradesperson you can trust/input_Not here_location"), findTestData("searchTestData").getValue("tradeLocation", row)): Text 'Orkney' is set on object 'Object Repository/Checkatrade_Trade_Search_Page/Page_Checkatrade Find a tradesperson you can trust/input_Not here_location'

2020-02-11 12:53:42 - [MESSAGE][PASSED] - Text 'Orkney' is set on object 'Object Repository/Checkatrade_Trade_Search_Page/Page_Checkatrade Find a tradesperson you can trust/input_Not here_location'

2020-02-11 12:53:42 - [MESSAGE][PASSED] - Call Test Case 'Test Cases/Reusable_Test_Sequences/CAT_Enter_Trade_Location' successfully

2020-02-11 12:53:42 - [TEST_STEP][PASSED] - "---------------------------------------": null

2020-02-11 12:53:42 - [TEST_STEP][PASSED] - " Scroll Search Button into View        |": null

2020-02-11 12:53:42 - [TEST_STEP][PASSED] - "---------------------------------------": null

2020-02-11 12:53:42 - [TEST_STEP][PASSED] - "---------------------------------------": null

2020-02-11 12:53:42 - [TEST_STEP][PASSED] - " Dispel New trades Header              |": null

2020-02-11 12:53:42 - [TEST_STEP][PASSED] - callTestCase(findTestCase("Reusable_Test_Sequences/CAT_Dispel_Trade_Header"), [:], CONTINUE_ON_FAILURE): Call Test Case 'Test Cases/Reusable_Test_Sequences/CAT_Dispel_Trade_Header' successfully

2020-02-11 12:53:42 - [TEST_CASE][PASSED] - Test Cases/Reusable_Test_Sequences/CAT_Dispel_Trade_Header: Test Cases/Reusable_Test_Sequences/CAT_Dispel_Trade_Header

2020-02-11 12:53:42 - [TEST_STEP][PASSED] - " New Function to Dispel Trades Header (on Deployment 05/12/20190) ": null

2020-02-11 12:53:42 - [TEST_STEP][PASSED] - if (row == 4): null

2020-02-11 12:53:42 - [MESSAGE][PASSED] - Call Test Case 'Test Cases/Reusable_Test_Sequences/CAT_Dispel_Trade_Header' successfully

2020-02-11 12:53:42 - [TEST_STEP][PASSED] - "---------------------------------------": null

2020-02-11 12:53:42 - [TEST_STEP][PASSED] - " Hit Search Button                     |": null

2020-02-11 12:53:42 - [TEST_STEP][PASSED] - callTestCase(findTestCase("Reusable_Test_Sequences/CAT_Hit_Search_Button"), [:], CONTINUE_ON_FAILURE): Call Test Case 'Test Cases/Reusable_Test_Sequences/CAT_Hit_Search_Button' successfully

2020-02-11 12:53:42 - [TEST_CASE][PASSED] - Test Cases/Reusable_Test_Sequences/CAT_Hit_Search_Button: Test Cases/Reusable_Test_Sequences/CAT_Hit_Search_Button

2020-02-11 12:53:42 - [TEST_STEP][PASSED] - "---------------------------------": null

2020-02-11 12:53:42 - [TEST_STEP][PASSED] - "HIT SEARCH": null

2020-02-11 12:53:42 - [TEST_STEP][PASSED] - "---------------------------------": null

2020-02-11 12:53:42 - [TEST_STEP][PASSED] - if (Website_Version == "new"): null

2020-02-11 12:53:42 - [TEST_STEP][PASSED] - else: Object: 'Object Repository/Checkatrade_Trade_Search_Page/Page_Checkatrade Find a tradesperson you can trust/Page_Checkatrade Find a tradesperson you can trust/a_Search' is clicked on

2020-02-11 12:53:42 - [TEST_STEP][PASSED] - waitForElementClickable(findTestObject("Object Repository/Checkatrade_Trade_Search_Page/Page_Checkatrade Find a tradesperson you can trust/Page_Checkatrade Find a tradesperson you can trust/a_Search"), 25): Object 'Object Repository/Checkatrade_Trade_Search_Page/Page_Checkatrade Find a tradesperson you can trust/Page_Checkatrade Find a tradesperson you can trust/a_Search' is clickable

2020-02-11 12:53:42 - [MESSAGE][PASSED] - Object 'Object Repository/Checkatrade_Trade_Search_Page/Page_Checkatrade Find a tradesperson you can trust/Page_Checkatrade Find a tradesperson you can trust/a_Search' is clickable

2020-02-11 12:53:42 - [TEST_STEP][PASSED] - click(findTestObject("Object Repository/Checkatrade_Trade_Search_Page/Page_Checkatrade Find a tradesperson you can trust/Page_Checkatrade Find a tradesperson you can trust/a_Search")): Object: 'Object Repository/Checkatrade_Trade_Search_Page/Page_Checkatrade Find a tradesperson you can trust/Page_Checkatrade Find a tradesperson you can trust/a_Search' is clicked on

2020-02-11 12:53:49 - [MESSAGE][PASSED] - Object: 'Object Repository/Checkatrade_Trade_Search_Page/Page_Checkatrade Find a tradesperson you can trust/Page_Checkatrade Find a tradesperson you can trust/a_Search' is clicked on

2020-02-11 12:53:49 - [MESSAGE][PASSED] - Call Test Case 'Test Cases/Reusable_Test_Sequences/CAT_Hit_Search_Button' successfully

2020-02-11 12:53:49 - [TEST_STEP][PASSED] - "---------------------------------------": null

2020-02-11 12:53:49 - [TEST_STEP][PASSED] - " Verify Returned Page is as Expected   |": null

2020-02-11 12:53:49 - [TEST_STEP][PASSED] - callTestCase(findTestCase("Reusable_Test_Sequences/CAT_Verification"), [:], CONTINUE_ON_FAILURE): Call Test Case 'Test Cases/Reusable_Test_Sequences/CAT_Verification' successfully

2020-02-11 12:53:49 - [TEST_CASE][PASSED] - Test Cases/Reusable_Test_Sequences/CAT_Verification: Test Cases/Reusable_Test_Sequences/CAT_Verification

2020-02-11 12:53:49 - [TEST_STEP][PASSED] - "Updated 05/12/2019 due to wholesale Home page changes": null

2020-02-11 12:53:49 - [TEST_STEP][PASSED] - "Expected cantantenated text is Returned": null

2020-02-11 12:53:49 - [TEST_STEP][PASSED] - delay(1): Delayed 1 second(s)

2020-02-11 12:53:50 - [MESSAGE][PASSED] - Delayed 1 second(s)

2020-02-11 12:53:50 - [TEST_STEP][PASSED] - waitForPageLoad(60): Wait for page load successfully

2020-02-11 12:53:50 - [MESSAGE][PASSED] - Wait for page load successfully

2020-02-11 12:53:50 - [TEST_STEP][PASSED] - verifyTextPresent(findTestData("searchTestData").getValue("tradeClassification", row), false): Text 'Electrician' is present on page 

2020-02-11 12:53:50 - [MESSAGE][PASSED] - Text 'Electrician' is present on page 

2020-02-11 12:53:50 - [TEST_STEP][PASSED] - verifyTextPresent(findTestData("searchTestData").getValue("tradeLocation", row), false): Text 'Orkney' is present on page 

2020-02-11 12:53:51 - [MESSAGE][PASSED] - Text 'Orkney' is present on page 

2020-02-11 12:53:51 - [MESSAGE][PASSED] - Call Test Case 'Test Cases/Reusable_Test_Sequences/CAT_Verification' successfully

2020-02-11 12:53:51 - [TEST_STEP][PASSED] - "--------------------------": null

2020-02-11 12:53:51 - [TEST_STEP][PASSED] - " Teardown - CLose Browser |": null

2020-02-11 12:53:51 - [TEST_STEP][PASSED] - callTestCase(findTestCase("Reusable_Test_Sequences/CAT_Teardown"), [:], OPTIONAL): Call Test Case 'Test Cases/Reusable_Test_Sequences/CAT_Teardown' successfully

2020-02-11 12:53:51 - [TEST_CASE][PASSED] - Test Cases/Reusable_Test_Sequences/CAT_Teardown: Test Cases/Reusable_Test_Sequences/CAT_Teardown

2020-02-11 12:53:51 - [TEST_STEP][PASSED] - closeBrowser(): Browser is closed

2020-02-11 12:53:51 - [MESSAGE][PASSED] - Browser is closed

2020-02-11 12:53:51 - [MESSAGE][PASSED] - Call Test Case 'Test Cases/Reusable_Test_Sequences/CAT_Teardown' successfully

2020-02-11 12:53:51 - [TEST_STEP][PASSED] - "------------------------------": null

2020-02-11 12:53:51 - [TEST_STEP][PASSED] - " Set Mobile Device Testing    |": null

2020-02-11 12:53:51 - [TEST_STEP][PASSED] - Mobile_Flag = "false": null

2020-02-11 12:53:51 - [TEST_STEP][PASSED] - "------------------------------": null

2020-02-11 12:53:51 - [TEST_STEP][PASSED] - " Set Mobile Device Testing    |": null

2020-02-11 12:53:51 - [TEST_STEP][PASSED] - callTestCase(findTestCase("Reusable_Test_Sequences/CAT_Setup"), [:], OPTIONAL): Call Test Case 'Test Cases/Reusable_Test_Sequences/CAT_Setup' successfully

2020-02-11 12:53:51 - [TEST_CASE][PASSED] - Test Cases/Reusable_Test_Sequences/CAT_Setup: Test Cases/Reusable_Test_Sequences/CAT_Setup

2020-02-11 12:53:51 - [TEST_STEP][PASSED] - "------------------------------": null

2020-02-11 12:53:51 - [TEST_STEP][PASSED] - " Set Mobile Device Testing    |": null

2020-02-11 12:53:51 - [TEST_STEP][PASSED] - if (Mobile_Flag == "true"): null

2020-02-11 12:53:51 - [TEST_STEP][PASSED] - "------------------------------": null

2020-02-11 12:53:51 - [TEST_STEP][PASSED] - " Set Mobile Device Testing    |": null

2020-02-11 12:53:51 - [TEST_STEP][PASSED] - "------------------------------": null

2020-02-11 12:53:51 - [TEST_STEP][PASSED] - "URL - Set from the ENVIRONMENT PROFILE ": null

2020-02-11 12:53:51 - [TEST_STEP][PASSED] - openBrowser(URL): Browser is opened with url: 'https://www.preview.checkatrade.com/'

2020-02-11 12:53:51 - [MESSAGE][INFO] - Starting 'Chrome' driver

2020-02-11 12:54:00 - [MESSAGE][PASSED] - Browser is opened with url: 'https://www.preview.checkatrade.com/'

2020-02-11 12:54:00 - [TEST_STEP][PASSED] - maximizeWindow(): Current window maximized

2020-02-11 12:54:04 - [MESSAGE][PASSED] - Current window maximized

2020-02-11 12:54:04 - [TEST_STEP][PASSED] - waitForPageLoad(60): Wait for page load successfully

2020-02-11 12:54:04 - [MESSAGE][PASSED] - Wait for page load successfully

2020-02-11 12:54:04 - [TEST_STEP][PASSED] - "Previous Functionalilty Left Commented For Ease Of reversion": null

2020-02-11 12:54:04 - [TEST_STEP][PASSED] - try: Text 'Cookie Policy' is not present on page

2020-02-11 12:54:04 - [TEST_STEP][PASSED] - verifyElementPresent(findTestObject("Object Repository/Cookies/Page_Checkatrade Find a tradesperson you can trust/button_Accept All"), 5): Object 'Object Repository/Cookies/Page_Checkatrade Find a tradesperson you can trust/button_Accept All' is present

2020-02-11 12:54:04 - [MESSAGE][PASSED] - Object 'Object Repository/Cookies/Page_Checkatrade Find a tradesperson you can trust/button_Accept All' is present

2020-02-11 12:54:04 - [TEST_STEP][PASSED] - click(findTestObject("Object Repository/Cookies/Page_Checkatrade Find a tradesperson you can trust/button_Accept All")): Object: 'Object Repository/Cookies/Page_Checkatrade Find a tradesperson you can trust/button_Accept All' is clicked on

2020-02-11 12:54:05 - [MESSAGE][PASSED] - Object: 'Object Repository/Cookies/Page_Checkatrade Find a tradesperson you can trust/button_Accept All' is clicked on

2020-02-11 12:54:05 - [TEST_STEP][PASSED] - "---------------------------------": null

2020-02-11 12:54:05 - [TEST_STEP][PASSED] - "COOKIE POPOUT REMOVED - Confirmed": null

2020-02-11 12:54:05 - [TEST_STEP][PASSED] - delay(1): Delayed 1 second(s)

2020-02-11 12:54:06 - [MESSAGE][PASSED] - Delayed 1 second(s)

2020-02-11 12:54:06 - [TEST_STEP][PASSED] - verifyTextNotPresent("We use cookies to personalise content and ads, to provide social media features and to analyse our traffic", false): Text 'We use cookies to personalise content and ads, to provide social media features and to analyse our traffic' is not present on page

2020-02-11 12:54:09 - [MESSAGE][PASSED] - Text 'We use cookies to personalise content and ads, to provide social media features and to analyse our traffic' is not present on page

2020-02-11 12:54:09 - [TEST_STEP][PASSED] - verifyTextNotPresent(" We also share information about your use of our site with our social media, advertising and analytics partners", false): Text ' We also share information about your use of our site with our social media, advertising and analytics partners' is not present on page

2020-02-11 12:54:09 - [MESSAGE][PASSED] - Text ' We also share information about your use of our site with our social media, advertising and analytics partners' is not present on page

2020-02-11 12:54:09 - [TEST_STEP][PASSED] - verifyTextNotPresent("Cookie Policy", false): Text 'Cookie Policy' is not present on page

2020-02-11 12:54:09 - [MESSAGE][PASSED] - Text 'Cookie Policy' is not present on page

2020-02-11 12:54:09 - [TEST_STEP][PASSED] - waitForPageLoad(60): Wait for page load successfully

2020-02-11 12:54:09 - [MESSAGE][PASSED] - Wait for page load successfully

2020-02-11 12:54:09 - [TEST_STEP][PASSED] - "COOKIE - ORIGINAL": null

2020-02-11 12:54:09 - [TEST_STEP][PASSED] - if (waitForElementVisible(findTestObject("Object Repository/Feedback/Page_Checkatrade Give your feedback/input_Member_to_Review"), 5)): Web element with id: 'Object Repository/Feedback/Page_Checkatrade Give your feedback/input_Member_to_Review' located by 'By.xpath: //input[@id='feedback-form__company_autocomplete_input']' not found

2020-02-11 12:54:14 - [MESSAGE][INFO] - Unable to find the element located by 'By.xpath: //input[@id='feedback-form__company_autocomplete_input']'. Please recheck the objects properties to make sure the desired element is located. 

2020-02-11 12:54:14 - [MESSAGE][WARNING] - Web element with id: 'Object Repository/Feedback/Page_Checkatrade Give your feedback/input_Member_to_Review' located by 'By.xpath: //input[@id='feedback-form__company_autocomplete_input']' not found

2020-02-11 12:54:14 - [TEST_STEP][PASSED] - else: The <<<OLD>>> Website was detected by the STARTUP Process

2020-02-11 12:54:14 - [TEST_STEP][PASSED] - if (!(verifyElementVisible(findTestObject("Object Repository/Checkatrade_Trade_Search_Page/Page_Checkatrade Find a tradesperson you can trust/input_Search_Button_FF")))): Object 'Object Repository/Checkatrade_Trade_Search_Page/Page_Checkatrade Find a tradesperson you can trust/input_Search_Button_FF' is visible

2020-02-11 12:54:14 - [MESSAGE][PASSED] - Object 'Object Repository/Checkatrade_Trade_Search_Page/Page_Checkatrade Find a tradesperson you can trust/input_Search_Button_FF' is visible

2020-02-11 12:54:14 - [TEST_STEP][PASSED] - else: The <<<OLD>>> Website was detected by the STARTUP Process

2020-02-11 12:54:14 - [TEST_STEP][PASSED] - Website_Version = "old": null

2020-02-11 12:54:14 - [TEST_STEP][PASSED] - logInfo("The <<<OLD>>> Website was detected by the STARTUP Process"): The <<<OLD>>> Website was detected by the STARTUP Process

2020-02-11 12:54:14 - [MESSAGE][INFO] - The <<<OLD>>> Website was detected by the STARTUP Process

2020-02-11 12:54:14 - [MESSAGE][PASSED] - Call Test Case 'Test Cases/Reusable_Test_Sequences/CAT_Setup' successfully

2020-02-11 12:54:14 - [TEST_STEP][PASSED] - " ALTERNATIVE SCREEN RESOLUTION SELECTION METHOD": null

2020-02-11 12:54:14 - [TEST_STEP][PASSED] - " Block Comment Start": null

2020-02-11 12:54:14 - [TEST_STEP][PASSED] - " ACTUAL SCREEN RESOLUTION SELECTION METHOD USED": null

2020-02-11 12:54:14 - [TEST_STEP][PASSED] - XCOORD = Integer.parseInt(findTestData("searchTestData").getValue("X_COORD", row)): null

2020-02-11 12:54:14 - [TEST_STEP][PASSED] - YCOORD = Integer.parseInt(findTestData("searchTestData").getValue("Y_COORD", row)): null

2020-02-11 12:54:15 - [TEST_STEP][PASSED] - setViewPortSize(XCOORD, YCOORD): Viewport is set to new size with width = 700 and height = 900

2020-02-11 12:54:15 - [MESSAGE][PASSED] - Viewport is set to new size with width = 700 and height = 900

2020-02-11 12:54:15 - [TEST_STEP][PASSED] - waitForPageLoad(60): Wait for page load successfully

2020-02-11 12:54:15 - [MESSAGE][PASSED] - Wait for page load successfully

2020-02-11 12:54:15 - [TEST_STEP][PASSED] - markPassed("Set View Port Size is currently SET to X AXIS " + XCOORD + " Y AXIS " + YCOORD): Set View Port Size is currently SET to X AXIS 700 Y AXIS 900

2020-02-11 12:54:15 - [MESSAGE][PASSED] - Set View Port Size is currently SET to X AXIS 700 Y AXIS 900

2020-02-11 12:54:15 - [TEST_STEP][PASSED] - markPassed("Set View Port Size is currently SET to X AXIS " + XCOORD + " Y AXIS " + YCOORD): Set View Port Size is currently SET to X AXIS 700 Y AXIS 900

2020-02-11 12:54:15 - [MESSAGE][PASSED] - Set View Port Size is currently SET to X AXIS 700 Y AXIS 900

2020-02-11 12:54:15 - [TEST_STEP][PASSED] - " Block Commen End": null

2020-02-11 12:54:15 - [TEST_STEP][PASSED] - "---------------------------------------": null

2020-02-11 12:54:15 - [TEST_STEP][PASSED] - " Set and SEARCH TRADE CLASSIFICATION   |": null

2020-02-11 12:54:15 - [TEST_STEP][PASSED] - callTestCase(findTestCase("Reusable_Test_Sequences/CAT_Enter_Trade_Classification"), [:], CONTINUE_ON_FAILURE): Call Test Case 'Test Cases/Reusable_Test_Sequences/CAT_Enter_Trade_Classification' successfully

2020-02-11 12:54:15 - [TEST_CASE][PASSED] - Test Cases/Reusable_Test_Sequences/CAT_Enter_Trade_Classification: Test Cases/Reusable_Test_Sequences/CAT_Enter_Trade_Classification

2020-02-11 12:54:15 - [TEST_STEP][PASSED] - "---------------------------------": null

2020-02-11 12:54:15 - [TEST_STEP][PASSED] - "Set and SEARCH SELECTED TRADE": null

2020-02-11 12:54:15 - [TEST_STEP][PASSED] - if (Website_Version == "new"): null

2020-02-11 12:54:15 - [TEST_STEP][PASSED] - else: Text 'Diagnostic Testing' is set on object 'Object Repository/Checkatrade_Trade_Search_Page/Page_Checkatrade Find a tradesperson you can trust/input_Search_Button_FF'

2020-02-11 12:54:15 - [TEST_STEP][PASSED] - click(findTestObject("Object Repository/Checkatrade_Trade_Search_Page/Page_Checkatrade Find a tradesperson you can trust/input_Search_Button_FF")): Object: 'Object Repository/Checkatrade_Trade_Search_Page/Page_Checkatrade Find a tradesperson you can trust/input_Search_Button_FF' is clicked on

2020-02-11 12:54:15 - [MESSAGE][PASSED] - Object: 'Object Repository/Checkatrade_Trade_Search_Page/Page_Checkatrade Find a tradesperson you can trust/input_Search_Button_FF' is clicked on

2020-02-11 12:54:15 - [TEST_STEP][PASSED] - setText(findTestObject("Object Repository/Checkatrade_Trade_Search_Page/Page_Checkatrade Find a tradesperson you can trust/input_Search_Button_FF"), findTestData("searchTestData").getValue("tradeClassification", row)): Text 'Diagnostic Testing' is set on object 'Object Repository/Checkatrade_Trade_Search_Page/Page_Checkatrade Find a tradesperson you can trust/input_Search_Button_FF'

2020-02-11 12:54:16 - [MESSAGE][PASSED] - Text 'Diagnostic Testing' is set on object 'Object Repository/Checkatrade_Trade_Search_Page/Page_Checkatrade Find a tradesperson you can trust/input_Search_Button_FF'

2020-02-11 12:54:16 - [MESSAGE][PASSED] - Call Test Case 'Test Cases/Reusable_Test_Sequences/CAT_Enter_Trade_Classification' successfully

2020-02-11 12:54:16 - [TEST_STEP][PASSED] - "---------------------------------------": null

2020-02-11 12:54:16 - [TEST_STEP][PASSED] - " Set and SEARCH TRADE LOCATION         |": null

2020-02-11 12:54:16 - [TEST_STEP][PASSED] - callTestCase(findTestCase("Reusable_Test_Sequences/CAT_Enter_Trade_Location"), [:], CONTINUE_ON_FAILURE): Call Test Case 'Test Cases/Reusable_Test_Sequences/CAT_Enter_Trade_Location' successfully

2020-02-11 12:54:16 - [TEST_CASE][PASSED] - Test Cases/Reusable_Test_Sequences/CAT_Enter_Trade_Location: Test Cases/Reusable_Test_Sequences/CAT_Enter_Trade_Location

2020-02-11 12:54:16 - [TEST_STEP][PASSED] - "---------------------------------": null

2020-02-11 12:54:16 - [TEST_STEP][PASSED] - "Set and SEARCH SELECTED LOCATION |": null

2020-02-11 12:54:16 - [TEST_STEP][PASSED] - if (Website_Version == "new"): null

2020-02-11 12:54:16 - [TEST_STEP][PASSED] - else: Text 'Angmering' is set on object 'Object Repository/Checkatrade_Trade_Search_Page/Page_Checkatrade Find a tradesperson you can trust/input_Not here_location'

2020-02-11 12:54:16 - [TEST_STEP][PASSED] - click(findTestObject("Object Repository/Checkatrade_Trade_Search_Page/Page_Checkatrade Find a tradesperson you can trust/input_Not here_location")): Object: 'Object Repository/Checkatrade_Trade_Search_Page/Page_Checkatrade Find a tradesperson you can trust/input_Not here_location' is clicked on

2020-02-11 12:54:19 - [MESSAGE][PASSED] - Object: 'Object Repository/Checkatrade_Trade_Search_Page/Page_Checkatrade Find a tradesperson you can trust/input_Not here_location' is clicked on

2020-02-11 12:54:19 - [TEST_STEP][PASSED] - setText(findTestObject("Object Repository/Checkatrade_Trade_Search_Page/Page_Checkatrade Find a tradesperson you can trust/input_Not here_location"), findTestData("searchTestData").getValue("tradeLocation", row)): Text 'Angmering' is set on object 'Object Repository/Checkatrade_Trade_Search_Page/Page_Checkatrade Find a tradesperson you can trust/input_Not here_location'

2020-02-11 12:54:20 - [MESSAGE][PASSED] - Text 'Angmering' is set on object 'Object Repository/Checkatrade_Trade_Search_Page/Page_Checkatrade Find a tradesperson you can trust/input_Not here_location'

2020-02-11 12:54:20 - [MESSAGE][PASSED] - Call Test Case 'Test Cases/Reusable_Test_Sequences/CAT_Enter_Trade_Location' successfully

2020-02-11 12:54:20 - [TEST_STEP][PASSED] - "---------------------------------------": null

2020-02-11 12:54:20 - [TEST_STEP][PASSED] - " Scroll Search Button into View        |": null

2020-02-11 12:54:20 - [TEST_STEP][PASSED] - "---------------------------------------": null

2020-02-11 12:54:20 - [TEST_STEP][PASSED] - "---------------------------------------": null

2020-02-11 12:54:20 - [TEST_STEP][PASSED] - " Dispel New trades Header              |": null

2020-02-11 12:54:20 - [TEST_STEP][PASSED] - callTestCase(findTestCase("Reusable_Test_Sequences/CAT_Dispel_Trade_Header"), [:], CONTINUE_ON_FAILURE): Call Test Case 'Test Cases/Reusable_Test_Sequences/CAT_Dispel_Trade_Header' successfully

2020-02-11 12:54:20 - [TEST_CASE][PASSED] - Test Cases/Reusable_Test_Sequences/CAT_Dispel_Trade_Header: Test Cases/Reusable_Test_Sequences/CAT_Dispel_Trade_Header

2020-02-11 12:54:20 - [TEST_STEP][PASSED] - " New Function to Dispel Trades Header (on Deployment 05/12/20190) ": null

2020-02-11 12:54:20 - [TEST_STEP][PASSED] - if (row == 4): Object: 'Object Repository/Trades_Apply_Here/Page_Checkatrade Find a tradesperson you can trust/nav_Homeowner' is clicked on

2020-02-11 12:54:20 - [TEST_STEP][PASSED] - markPassed(" * * * * * *  The <TRADES HEADER> Was Presented on the desktop, and was Dispelled - NOT! * * * * * *"):  * * * * * *  The <TRADES HEADER> Was Presented on the desktop, and was Dispelled - NOT! * * * * * *

2020-02-11 12:54:20 - [MESSAGE][PASSED] -  * * * * * *  The <TRADES HEADER> Was Presented on the desktop, and was Dispelled - NOT! * * * * * *

2020-02-11 12:54:20 - [TEST_STEP][PASSED] - click(findTestObject("Trades_Apply_Here/Page_Checkatrade Find a tradesperson you can trust/nav_Homeowner")): Object: 'Object Repository/Trades_Apply_Here/Page_Checkatrade Find a tradesperson you can trust/nav_Homeowner' is clicked on

2020-02-11 12:54:20 - [MESSAGE][PASSED] - Object: 'Object Repository/Trades_Apply_Here/Page_Checkatrade Find a tradesperson you can trust/nav_Homeowner' is clicked on

2020-02-11 12:54:20 - [MESSAGE][PASSED] - Call Test Case 'Test Cases/Reusable_Test_Sequences/CAT_Dispel_Trade_Header' successfully

2020-02-11 12:54:20 - [TEST_STEP][PASSED] - "---------------------------------------": null

2020-02-11 12:54:20 - [TEST_STEP][PASSED] - " Hit Search Button                     |": null

2020-02-11 12:54:20 - [TEST_STEP][PASSED] - callTestCase(findTestCase("Reusable_Test_Sequences/CAT_Hit_Search_Button"), [:], CONTINUE_ON_FAILURE): Call Test Case 'Test Cases/Reusable_Test_Sequences/CAT_Hit_Search_Button' successfully

2020-02-11 12:54:20 - [TEST_CASE][PASSED] - Test Cases/Reusable_Test_Sequences/CAT_Hit_Search_Button: Test Cases/Reusable_Test_Sequences/CAT_Hit_Search_Button

2020-02-11 12:54:20 - [TEST_STEP][PASSED] - "---------------------------------": null

2020-02-11 12:54:20 - [TEST_STEP][PASSED] - "HIT SEARCH": null

2020-02-11 12:54:20 - [TEST_STEP][PASSED] - "---------------------------------": null

2020-02-11 12:54:20 - [TEST_STEP][PASSED] - if (Website_Version == "new"): null

2020-02-11 12:54:20 - [TEST_STEP][PASSED] - else: Object: 'Object Repository/Checkatrade_Trade_Search_Page/Page_Checkatrade Find a tradesperson you can trust/Page_Checkatrade Find a tradesperson you can trust/a_Search' is clicked on

2020-02-11 12:54:20 - [TEST_STEP][PASSED] - waitForElementClickable(findTestObject("Object Repository/Checkatrade_Trade_Search_Page/Page_Checkatrade Find a tradesperson you can trust/Page_Checkatrade Find a tradesperson you can trust/a_Search"), 25): Object 'Object Repository/Checkatrade_Trade_Search_Page/Page_Checkatrade Find a tradesperson you can trust/Page_Checkatrade Find a tradesperson you can trust/a_Search' is clickable

2020-02-11 12:54:21 - [MESSAGE][PASSED] - Object 'Object Repository/Checkatrade_Trade_Search_Page/Page_Checkatrade Find a tradesperson you can trust/Page_Checkatrade Find a tradesperson you can trust/a_Search' is clickable

2020-02-11 12:54:21 - [TEST_STEP][PASSED] - click(findTestObject("Object Repository/Checkatrade_Trade_Search_Page/Page_Checkatrade Find a tradesperson you can trust/Page_Checkatrade Find a tradesperson you can trust/a_Search")): Object: 'Object Repository/Checkatrade_Trade_Search_Page/Page_Checkatrade Find a tradesperson you can trust/Page_Checkatrade Find a tradesperson you can trust/a_Search' is clicked on

2020-02-11 12:54:24 - [MESSAGE][PASSED] - Object: 'Object Repository/Checkatrade_Trade_Search_Page/Page_Checkatrade Find a tradesperson you can trust/Page_Checkatrade Find a tradesperson you can trust/a_Search' is clicked on

2020-02-11 12:54:24 - [MESSAGE][PASSED] - Call Test Case 'Test Cases/Reusable_Test_Sequences/CAT_Hit_Search_Button' successfully

2020-02-11 12:54:24 - [TEST_STEP][PASSED] - "---------------------------------------": null

2020-02-11 12:54:24 - [TEST_STEP][PASSED] - " Verify Returned Page is as Expected   |": null

2020-02-11 12:54:24 - [TEST_STEP][PASSED] - callTestCase(findTestCase("Reusable_Test_Sequences/CAT_Verification"), [:], CONTINUE_ON_FAILURE): Call Test Case 'Test Cases/Reusable_Test_Sequences/CAT_Verification' successfully

2020-02-11 12:54:24 - [TEST_CASE][PASSED] - Test Cases/Reusable_Test_Sequences/CAT_Verification: Test Cases/Reusable_Test_Sequences/CAT_Verification

2020-02-11 12:54:24 - [TEST_STEP][PASSED] - "Updated 05/12/2019 due to wholesale Home page changes": null

2020-02-11 12:54:24 - [TEST_STEP][PASSED] - "Expected cantantenated text is Returned": null

2020-02-11 12:54:24 - [TEST_STEP][PASSED] - delay(1): Delayed 1 second(s)

2020-02-11 12:54:25 - [MESSAGE][PASSED] - Delayed 1 second(s)

2020-02-11 12:54:25 - [TEST_STEP][PASSED] - waitForPageLoad(60): Wait for page load successfully

2020-02-11 12:54:25 - [MESSAGE][PASSED] - Wait for page load successfully

2020-02-11 12:54:25 - [TEST_STEP][PASSED] - verifyTextPresent(findTestData("searchTestData").getValue("tradeClassification", row), false): Text 'Diagnostic Testing' is present on page 

2020-02-11 12:54:26 - [MESSAGE][PASSED] - Text 'Diagnostic Testing' is present on page 

2020-02-11 12:54:26 - [TEST_STEP][PASSED] - verifyTextPresent(findTestData("searchTestData").getValue("tradeLocation", row), false): Text 'Angmering' is present on page 

2020-02-11 12:54:27 - [MESSAGE][PASSED] - Text 'Angmering' is present on page 

2020-02-11 12:54:27 - [MESSAGE][PASSED] - Call Test Case 'Test Cases/Reusable_Test_Sequences/CAT_Verification' successfully

2020-02-11 12:54:27 - [TEST_STEP][PASSED] - "--------------------------": null

2020-02-11 12:54:27 - [TEST_STEP][PASSED] - " Teardown - CLose Browser |": null

2020-02-11 12:54:27 - [TEST_STEP][PASSED] - callTestCase(findTestCase("Reusable_Test_Sequences/CAT_Teardown"), [:], OPTIONAL): Call Test Case 'Test Cases/Reusable_Test_Sequences/CAT_Teardown' successfully

2020-02-11 12:54:27 - [TEST_CASE][PASSED] - Test Cases/Reusable_Test_Sequences/CAT_Teardown: Test Cases/Reusable_Test_Sequences/CAT_Teardown

2020-02-11 12:54:27 - [TEST_STEP][PASSED] - closeBrowser(): Browser is closed

2020-02-11 12:54:27 - [MESSAGE][PASSED] - Browser is closed

2020-02-11 12:54:27 - [MESSAGE][PASSED] - Call Test Case 'Test Cases/Reusable_Test_Sequences/CAT_Teardown' successfully

2020-02-11 12:54:27 - [TEST_STEP][PASSED] - "------------------------------": null

2020-02-11 12:54:27 - [TEST_STEP][PASSED] - " Set Mobile Device Testing    |": null

2020-02-11 12:54:27 - [TEST_STEP][PASSED] - Mobile_Flag = "false": null

2020-02-11 12:54:27 - [TEST_STEP][PASSED] - "------------------------------": null

2020-02-11 12:54:27 - [TEST_STEP][PASSED] - " Set Mobile Device Testing    |": null

2020-02-11 12:54:27 - [TEST_STEP][PASSED] - callTestCase(findTestCase("Reusable_Test_Sequences/CAT_Setup"), [:], OPTIONAL): Call Test Case 'Test Cases/Reusable_Test_Sequences/CAT_Setup' successfully

2020-02-11 12:54:28 - [TEST_CASE][PASSED] - Test Cases/Reusable_Test_Sequences/CAT_Setup: Test Cases/Reusable_Test_Sequences/CAT_Setup

2020-02-11 12:54:28 - [TEST_STEP][PASSED] - "------------------------------": null

2020-02-11 12:54:28 - [TEST_STEP][PASSED] - " Set Mobile Device Testing    |": null

2020-02-11 12:54:28 - [TEST_STEP][PASSED] - if (Mobile_Flag == "true"): null

2020-02-11 12:54:28 - [TEST_STEP][PASSED] - "------------------------------": null

2020-02-11 12:54:28 - [TEST_STEP][PASSED] - " Set Mobile Device Testing    |": null

2020-02-11 12:54:28 - [TEST_STEP][PASSED] - "------------------------------": null

2020-02-11 12:54:28 - [TEST_STEP][PASSED] - "URL - Set from the ENVIRONMENT PROFILE ": null

2020-02-11 12:54:28 - [TEST_STEP][PASSED] - openBrowser(URL): Browser is opened with url: 'https://www.preview.checkatrade.com/'

2020-02-11 12:54:28 - [MESSAGE][INFO] - Starting 'Chrome' driver

2020-02-11 12:54:36 - [MESSAGE][PASSED] - Browser is opened with url: 'https://www.preview.checkatrade.com/'

2020-02-11 12:54:36 - [TEST_STEP][PASSED] - maximizeWindow(): Current window maximized

2020-02-11 12:54:43 - [MESSAGE][PASSED] - Current window maximized

2020-02-11 12:54:43 - [TEST_STEP][PASSED] - waitForPageLoad(60): Wait for page load successfully

2020-02-11 12:54:43 - [MESSAGE][PASSED] - Wait for page load successfully

2020-02-11 12:54:43 - [TEST_STEP][PASSED] - "Previous Functionalilty Left Commented For Ease Of reversion": null

2020-02-11 12:54:43 - [TEST_STEP][PASSED] - try: Text 'Cookie Policy' is not present on page

2020-02-11 12:54:43 - [TEST_STEP][PASSED] - verifyElementPresent(findTestObject("Object Repository/Cookies/Page_Checkatrade Find a tradesperson you can trust/button_Accept All"), 5): Object 'Object Repository/Cookies/Page_Checkatrade Find a tradesperson you can trust/button_Accept All' is present

2020-02-11 12:54:43 - [MESSAGE][PASSED] - Object 'Object Repository/Cookies/Page_Checkatrade Find a tradesperson you can trust/button_Accept All' is present

2020-02-11 12:54:43 - [TEST_STEP][PASSED] - click(findTestObject("Object Repository/Cookies/Page_Checkatrade Find a tradesperson you can trust/button_Accept All")): Object: 'Object Repository/Cookies/Page_Checkatrade Find a tradesperson you can trust/button_Accept All' is clicked on

2020-02-11 12:54:43 - [MESSAGE][PASSED] - Object: 'Object Repository/Cookies/Page_Checkatrade Find a tradesperson you can trust/button_Accept All' is clicked on

2020-02-11 12:54:43 - [TEST_STEP][PASSED] - "---------------------------------": null

2020-02-11 12:54:43 - [TEST_STEP][PASSED] - "COOKIE POPOUT REMOVED - Confirmed": null

2020-02-11 12:54:43 - [TEST_STEP][PASSED] - delay(1): Delayed 1 second(s)

2020-02-11 12:54:44 - [MESSAGE][PASSED] - Delayed 1 second(s)

2020-02-11 12:54:44 - [TEST_STEP][PASSED] - verifyTextNotPresent("We use cookies to personalise content and ads, to provide social media features and to analyse our traffic", false): Text 'We use cookies to personalise content and ads, to provide social media features and to analyse our traffic' is not present on page

2020-02-11 12:54:44 - [MESSAGE][PASSED] - Text 'We use cookies to personalise content and ads, to provide social media features and to analyse our traffic' is not present on page

2020-02-11 12:54:44 - [TEST_STEP][PASSED] - verifyTextNotPresent(" We also share information about your use of our site with our social media, advertising and analytics partners", false): Text ' We also share information about your use of our site with our social media, advertising and analytics partners' is not present on page

2020-02-11 12:54:45 - [MESSAGE][PASSED] - Text ' We also share information about your use of our site with our social media, advertising and analytics partners' is not present on page

2020-02-11 12:54:45 - [TEST_STEP][PASSED] - verifyTextNotPresent("Cookie Policy", false): Text 'Cookie Policy' is not present on page

2020-02-11 12:54:45 - [MESSAGE][PASSED] - Text 'Cookie Policy' is not present on page

2020-02-11 12:54:45 - [TEST_STEP][PASSED] - waitForPageLoad(60): Wait for page load successfully

2020-02-11 12:54:45 - [MESSAGE][PASSED] - Wait for page load successfully

2020-02-11 12:54:45 - [TEST_STEP][PASSED] - "COOKIE - ORIGINAL": null

2020-02-11 12:54:45 - [TEST_STEP][PASSED] - if (waitForElementVisible(findTestObject("Object Repository/Feedback/Page_Checkatrade Give your feedback/input_Member_to_Review"), 5)): Web element with id: 'Object Repository/Feedback/Page_Checkatrade Give your feedback/input_Member_to_Review' located by 'By.xpath: //input[@id='feedback-form__company_autocomplete_input']' not found

2020-02-11 12:54:51 - [MESSAGE][INFO] - Unable to find the element located by 'By.xpath: //input[@id='feedback-form__company_autocomplete_input']'. Please recheck the objects properties to make sure the desired element is located. 

2020-02-11 12:54:51 - [MESSAGE][WARNING] - Web element with id: 'Object Repository/Feedback/Page_Checkatrade Give your feedback/input_Member_to_Review' located by 'By.xpath: //input[@id='feedback-form__company_autocomplete_input']' not found

2020-02-11 12:54:51 - [TEST_STEP][PASSED] - else: The <<<OLD>>> Website was detected by the STARTUP Process

2020-02-11 12:54:51 - [TEST_STEP][PASSED] - if (!(verifyElementVisible(findTestObject("Object Repository/Checkatrade_Trade_Search_Page/Page_Checkatrade Find a tradesperson you can trust/input_Search_Button_FF")))): Object 'Object Repository/Checkatrade_Trade_Search_Page/Page_Checkatrade Find a tradesperson you can trust/input_Search_Button_FF' is visible

2020-02-11 12:54:51 - [MESSAGE][PASSED] - Object 'Object Repository/Checkatrade_Trade_Search_Page/Page_Checkatrade Find a tradesperson you can trust/input_Search_Button_FF' is visible

2020-02-11 12:54:51 - [TEST_STEP][PASSED] - else: The <<<OLD>>> Website was detected by the STARTUP Process

2020-02-11 12:54:51 - [TEST_STEP][PASSED] - Website_Version = "old": null

2020-02-11 12:54:51 - [TEST_STEP][PASSED] - logInfo("The <<<OLD>>> Website was detected by the STARTUP Process"): The <<<OLD>>> Website was detected by the STARTUP Process

2020-02-11 12:54:51 - [MESSAGE][INFO] - The <<<OLD>>> Website was detected by the STARTUP Process

2020-02-11 12:54:51 - [MESSAGE][PASSED] - Call Test Case 'Test Cases/Reusable_Test_Sequences/CAT_Setup' successfully

2020-02-11 12:54:51 - [TEST_STEP][PASSED] - " ALTERNATIVE SCREEN RESOLUTION SELECTION METHOD": null

2020-02-11 12:54:51 - [TEST_STEP][PASSED] - " Block Comment Start": null

2020-02-11 12:54:51 - [TEST_STEP][PASSED] - " ACTUAL SCREEN RESOLUTION SELECTION METHOD USED": null

2020-02-11 12:54:51 - [TEST_STEP][PASSED] - XCOORD = Integer.parseInt(findTestData("searchTestData").getValue("X_COORD", row)): null

2020-02-11 12:54:51 - [TEST_STEP][PASSED] - YCOORD = Integer.parseInt(findTestData("searchTestData").getValue("Y_COORD", row)): null

2020-02-11 12:54:51 - [TEST_STEP][PASSED] - setViewPortSize(XCOORD, YCOORD): Viewport is set to new size with width = 600 and height = 800

2020-02-11 12:54:51 - [MESSAGE][PASSED] - Viewport is set to new size with width = 600 and height = 800

2020-02-11 12:54:51 - [TEST_STEP][PASSED] - waitForPageLoad(60): Wait for page load successfully

2020-02-11 12:54:51 - [MESSAGE][PASSED] - Wait for page load successfully

2020-02-11 12:54:51 - [TEST_STEP][PASSED] - markPassed("Set View Port Size is currently SET to X AXIS " + XCOORD + " Y AXIS " + YCOORD): Set View Port Size is currently SET to X AXIS 600 Y AXIS 800

2020-02-11 12:54:51 - [MESSAGE][PASSED] - Set View Port Size is currently SET to X AXIS 600 Y AXIS 800

2020-02-11 12:54:51 - [TEST_STEP][PASSED] - markPassed("Set View Port Size is currently SET to X AXIS " + XCOORD + " Y AXIS " + YCOORD): Set View Port Size is currently SET to X AXIS 600 Y AXIS 800

2020-02-11 12:54:51 - [MESSAGE][PASSED] - Set View Port Size is currently SET to X AXIS 600 Y AXIS 800

2020-02-11 12:54:51 - [TEST_STEP][PASSED] - " Block Commen End": null

2020-02-11 12:54:51 - [TEST_STEP][PASSED] - "---------------------------------------": null

2020-02-11 12:54:51 - [TEST_STEP][PASSED] - " Set and SEARCH TRADE CLASSIFICATION   |": null

2020-02-11 12:54:51 - [TEST_STEP][PASSED] - callTestCase(findTestCase("Reusable_Test_Sequences/CAT_Enter_Trade_Classification"), [:], CONTINUE_ON_FAILURE): Call Test Case 'Test Cases/Reusable_Test_Sequences/CAT_Enter_Trade_Classification' successfully

2020-02-11 12:54:51 - [TEST_CASE][PASSED] - Test Cases/Reusable_Test_Sequences/CAT_Enter_Trade_Classification: Test Cases/Reusable_Test_Sequences/CAT_Enter_Trade_Classification

2020-02-11 12:54:51 - [TEST_STEP][PASSED] - "---------------------------------": null

2020-02-11 12:54:51 - [TEST_STEP][PASSED] - "Set and SEARCH SELECTED TRADE": null

2020-02-11 12:54:51 - [TEST_STEP][PASSED] - if (Website_Version == "new"): null

2020-02-11 12:54:51 - [TEST_STEP][PASSED] - else: Text 'Garage/Vehicle Services' is set on object 'Object Repository/Checkatrade_Trade_Search_Page/Page_Checkatrade Find a tradesperson you can trust/input_Search_Button_FF'

2020-02-11 12:54:51 - [TEST_STEP][PASSED] - click(findTestObject("Object Repository/Checkatrade_Trade_Search_Page/Page_Checkatrade Find a tradesperson you can trust/input_Search_Button_FF")): Object: 'Object Repository/Checkatrade_Trade_Search_Page/Page_Checkatrade Find a tradesperson you can trust/input_Search_Button_FF' is clicked on

2020-02-11 12:54:52 - [MESSAGE][PASSED] - Object: 'Object Repository/Checkatrade_Trade_Search_Page/Page_Checkatrade Find a tradesperson you can trust/input_Search_Button_FF' is clicked on

2020-02-11 12:54:52 - [TEST_STEP][PASSED] - setText(findTestObject("Object Repository/Checkatrade_Trade_Search_Page/Page_Checkatrade Find a tradesperson you can trust/input_Search_Button_FF"), findTestData("searchTestData").getValue("tradeClassification", row)): Text 'Garage/Vehicle Services' is set on object 'Object Repository/Checkatrade_Trade_Search_Page/Page_Checkatrade Find a tradesperson you can trust/input_Search_Button_FF'

2020-02-11 12:54:53 - [MESSAGE][PASSED] - Text 'Garage/Vehicle Services' is set on object 'Object Repository/Checkatrade_Trade_Search_Page/Page_Checkatrade Find a tradesperson you can trust/input_Search_Button_FF'

2020-02-11 12:54:53 - [MESSAGE][PASSED] - Call Test Case 'Test Cases/Reusable_Test_Sequences/CAT_Enter_Trade_Classification' successfully

2020-02-11 12:54:53 - [TEST_STEP][PASSED] - "---------------------------------------": null

2020-02-11 12:54:53 - [TEST_STEP][PASSED] - " Set and SEARCH TRADE LOCATION         |": null

2020-02-11 12:54:53 - [TEST_STEP][PASSED] - callTestCase(findTestCase("Reusable_Test_Sequences/CAT_Enter_Trade_Location"), [:], CONTINUE_ON_FAILURE): Call Test Case 'Test Cases/Reusable_Test_Sequences/CAT_Enter_Trade_Location' successfully

2020-02-11 12:54:53 - [TEST_CASE][PASSED] - Test Cases/Reusable_Test_Sequences/CAT_Enter_Trade_Location: Test Cases/Reusable_Test_Sequences/CAT_Enter_Trade_Location

2020-02-11 12:54:53 - [TEST_STEP][PASSED] - "---------------------------------": null

2020-02-11 12:54:53 - [TEST_STEP][PASSED] - "Set and SEARCH SELECTED LOCATION |": null

2020-02-11 12:54:53 - [TEST_STEP][PASSED] - if (Website_Version == "new"): null

2020-02-11 12:54:53 - [TEST_STEP][PASSED] - else: Text 'Rugby' is set on object 'Object Repository/Checkatrade_Trade_Search_Page/Page_Checkatrade Find a tradesperson you can trust/input_Not here_location'

2020-02-11 12:54:53 - [TEST_STEP][PASSED] - click(findTestObject("Object Repository/Checkatrade_Trade_Search_Page/Page_Checkatrade Find a tradesperson you can trust/input_Not here_location")): Object: 'Object Repository/Checkatrade_Trade_Search_Page/Page_Checkatrade Find a tradesperson you can trust/input_Not here_location' is clicked on

2020-02-11 12:54:57 - [MESSAGE][PASSED] - Object: 'Object Repository/Checkatrade_Trade_Search_Page/Page_Checkatrade Find a tradesperson you can trust/input_Not here_location' is clicked on

2020-02-11 12:54:57 - [TEST_STEP][PASSED] - setText(findTestObject("Object Repository/Checkatrade_Trade_Search_Page/Page_Checkatrade Find a tradesperson you can trust/input_Not here_location"), findTestData("searchTestData").getValue("tradeLocation", row)): Text 'Rugby' is set on object 'Object Repository/Checkatrade_Trade_Search_Page/Page_Checkatrade Find a tradesperson you can trust/input_Not here_location'

2020-02-11 12:54:57 - [MESSAGE][PASSED] - Text 'Rugby' is set on object 'Object Repository/Checkatrade_Trade_Search_Page/Page_Checkatrade Find a tradesperson you can trust/input_Not here_location'

2020-02-11 12:54:57 - [MESSAGE][PASSED] - Call Test Case 'Test Cases/Reusable_Test_Sequences/CAT_Enter_Trade_Location' successfully

2020-02-11 12:54:57 - [TEST_STEP][PASSED] - "---------------------------------------": null

2020-02-11 12:54:57 - [TEST_STEP][PASSED] - " Scroll Search Button into View        |": null

2020-02-11 12:54:57 - [TEST_STEP][PASSED] - "---------------------------------------": null

2020-02-11 12:54:57 - [TEST_STEP][PASSED] - "---------------------------------------": null

2020-02-11 12:54:57 - [TEST_STEP][PASSED] - " Dispel New trades Header              |": null

2020-02-11 12:54:57 - [TEST_STEP][PASSED] - callTestCase(findTestCase("Reusable_Test_Sequences/CAT_Dispel_Trade_Header"), [:], CONTINUE_ON_FAILURE): Call Test Case 'Test Cases/Reusable_Test_Sequences/CAT_Dispel_Trade_Header' successfully

2020-02-11 12:54:57 - [TEST_CASE][PASSED] - Test Cases/Reusable_Test_Sequences/CAT_Dispel_Trade_Header: Test Cases/Reusable_Test_Sequences/CAT_Dispel_Trade_Header

2020-02-11 12:54:57 - [TEST_STEP][PASSED] - " New Function to Dispel Trades Header (on Deployment 05/12/20190) ": null

2020-02-11 12:54:57 - [TEST_STEP][PASSED] - if (row == 4): null

2020-02-11 12:54:57 - [MESSAGE][PASSED] - Call Test Case 'Test Cases/Reusable_Test_Sequences/CAT_Dispel_Trade_Header' successfully

2020-02-11 12:54:57 - [TEST_STEP][PASSED] - "---------------------------------------": null

2020-02-11 12:54:57 - [TEST_STEP][PASSED] - " Hit Search Button                     |": null

2020-02-11 12:54:57 - [TEST_STEP][PASSED] - callTestCase(findTestCase("Reusable_Test_Sequences/CAT_Hit_Search_Button"), [:], CONTINUE_ON_FAILURE): Call Test Case 'Test Cases/Reusable_Test_Sequences/CAT_Hit_Search_Button' successfully

2020-02-11 12:54:57 - [TEST_CASE][PASSED] - Test Cases/Reusable_Test_Sequences/CAT_Hit_Search_Button: Test Cases/Reusable_Test_Sequences/CAT_Hit_Search_Button

2020-02-11 12:54:57 - [TEST_STEP][PASSED] - "---------------------------------": null

2020-02-11 12:54:57 - [TEST_STEP][PASSED] - "HIT SEARCH": null

2020-02-11 12:54:57 - [TEST_STEP][PASSED] - "---------------------------------": null

2020-02-11 12:54:57 - [TEST_STEP][PASSED] - if (Website_Version == "new"): null

2020-02-11 12:54:57 - [TEST_STEP][PASSED] - else: Object: 'Object Repository/Checkatrade_Trade_Search_Page/Page_Checkatrade Find a tradesperson you can trust/Page_Checkatrade Find a tradesperson you can trust/a_Search' is clicked on

2020-02-11 12:54:57 - [TEST_STEP][PASSED] - waitForElementClickable(findTestObject("Object Repository/Checkatrade_Trade_Search_Page/Page_Checkatrade Find a tradesperson you can trust/Page_Checkatrade Find a tradesperson you can trust/a_Search"), 25): Object 'Object Repository/Checkatrade_Trade_Search_Page/Page_Checkatrade Find a tradesperson you can trust/Page_Checkatrade Find a tradesperson you can trust/a_Search' is clickable

2020-02-11 12:54:57 - [MESSAGE][PASSED] - Object 'Object Repository/Checkatrade_Trade_Search_Page/Page_Checkatrade Find a tradesperson you can trust/Page_Checkatrade Find a tradesperson you can trust/a_Search' is clickable

2020-02-11 12:54:57 - [TEST_STEP][PASSED] - click(findTestObject("Object Repository/Checkatrade_Trade_Search_Page/Page_Checkatrade Find a tradesperson you can trust/Page_Checkatrade Find a tradesperson you can trust/a_Search")): Object: 'Object Repository/Checkatrade_Trade_Search_Page/Page_Checkatrade Find a tradesperson you can trust/Page_Checkatrade Find a tradesperson you can trust/a_Search' is clicked on

2020-02-11 12:55:00 - [MESSAGE][PASSED] - Object: 'Object Repository/Checkatrade_Trade_Search_Page/Page_Checkatrade Find a tradesperson you can trust/Page_Checkatrade Find a tradesperson you can trust/a_Search' is clicked on

2020-02-11 12:55:00 - [MESSAGE][PASSED] - Call Test Case 'Test Cases/Reusable_Test_Sequences/CAT_Hit_Search_Button' successfully

2020-02-11 12:55:00 - [TEST_STEP][PASSED] - "---------------------------------------": null

2020-02-11 12:55:00 - [TEST_STEP][PASSED] - " Verify Returned Page is as Expected   |": null

2020-02-11 12:55:00 - [TEST_STEP][PASSED] - callTestCase(findTestCase("Reusable_Test_Sequences/CAT_Verification"), [:], CONTINUE_ON_FAILURE): Call Test Case 'Test Cases/Reusable_Test_Sequences/CAT_Verification' successfully

2020-02-11 12:55:00 - [TEST_CASE][PASSED] - Test Cases/Reusable_Test_Sequences/CAT_Verification: Test Cases/Reusable_Test_Sequences/CAT_Verification

2020-02-11 12:55:00 - [TEST_STEP][PASSED] - "Updated 05/12/2019 due to wholesale Home page changes": null

2020-02-11 12:55:00 - [TEST_STEP][PASSED] - "Expected cantantenated text is Returned": null

2020-02-11 12:55:00 - [TEST_STEP][PASSED] - delay(1): Delayed 1 second(s)

2020-02-11 12:55:02 - [MESSAGE][PASSED] - Delayed 1 second(s)

2020-02-11 12:55:02 - [TEST_STEP][PASSED] - waitForPageLoad(60): Wait for page load successfully

2020-02-11 12:55:02 - [MESSAGE][PASSED] - Wait for page load successfully

2020-02-11 12:55:02 - [TEST_STEP][PASSED] - verifyTextPresent(findTestData("searchTestData").getValue("tradeClassification", row), false): Text 'Garage/Vehicle Services' is present on page 

2020-02-11 12:55:03 - [MESSAGE][PASSED] - Text 'Garage/Vehicle Services' is present on page 

2020-02-11 12:55:03 - [TEST_STEP][PASSED] - verifyTextPresent(findTestData("searchTestData").getValue("tradeLocation", row), false): Text 'Rugby' is present on page 

2020-02-11 12:55:03 - [MESSAGE][PASSED] - Text 'Rugby' is present on page 

2020-02-11 12:55:03 - [MESSAGE][PASSED] - Call Test Case 'Test Cases/Reusable_Test_Sequences/CAT_Verification' successfully

2020-02-11 12:55:03 - [TEST_STEP][PASSED] - "--------------------------": null

2020-02-11 12:55:03 - [TEST_STEP][PASSED] - " Teardown - CLose Browser |": null

2020-02-11 12:55:03 - [TEST_STEP][PASSED] - callTestCase(findTestCase("Reusable_Test_Sequences/CAT_Teardown"), [:], OPTIONAL): Call Test Case 'Test Cases/Reusable_Test_Sequences/CAT_Teardown' successfully

2020-02-11 12:55:03 - [TEST_CASE][PASSED] - Test Cases/Reusable_Test_Sequences/CAT_Teardown: Test Cases/Reusable_Test_Sequences/CAT_Teardown

2020-02-11 12:55:03 - [TEST_STEP][PASSED] - closeBrowser(): Browser is closed

2020-02-11 12:55:06 - [MESSAGE][PASSED] - Browser is closed

2020-02-11 12:55:06 - [MESSAGE][PASSED] - Call Test Case 'Test Cases/Reusable_Test_Sequences/CAT_Teardown' successfully]]></system-out>
         <system-err><![CDATA[]]></system-err>
      </testcase>
      <system-out><![CDATA[2020-02-11 12:52:15 - [TEST_SUITE][PASSED] - Mobile_Devices: Test Cases/Mobile_Devices/Default_Device_Dev]]></system-out>
      <system-err><![CDATA[]]></system-err>
   </testsuite>
</testsuites>
