<?xml version="1.0" encoding="UTF-8"?>
<testsuites name="Members_My_Community" time="62.459" tests="1" failures="0" errors="0">
   <testsuite name="Members_My_Community" tests="1" failures="0" errors="0" time="62.459" timestamp="2019-11-20 11:51:25" hostname="DavidHo - VETTEDSP36RF.check.local" id="Test Suites/Members_My_Community">
      <properties>
         <property name="deviceName" value=""/>
         <property name="devicePlatform" value=""/>
         <property name="logFolder" value="C:\\Users\\davidho\\Katalon Studio\\Start\\Reports\\20191120_115104\\Members_My_Community\\20191120_115106"/>
         <property name="logFiles" value="C:\\Users\\davidho\\Katalon Studio\\Start\\Reports\\20191120_115104\\Members_My_Community\\20191120_115106\\execution0.log"/>
         <property name="attachments" value=""/>
         <property name="hostName" value="DavidHo - VETTEDSP36RF.check.local"/>
         <property name="os" value="Windows 10 32bit"/>
         <property name="katalonVersion" value="7.0.10.1"/>
         <property name="browser" value="Chrome 78.0.3904.108"/>
         <property name="hostAddress" value="10.0.11.243"/>
         <property name="sessionId" value="5023d4f39049289ee6f89632fd8d8e60"/>
         <property name="seleniumVersion" value="3.141.59"/>
         <property name="proxyInformation" value="ProxyInformation{proxyOption=NO_PROXY, proxyServerType=HTTP, password=, proxyServerAddress=, proxyServerPort=0}"/>
         <property name="platform" value="Windows 10"/>
      </properties>
      <testcase name="Test Cases/Members_Area/Community" time="61.033" classname="Test Cases/Members_Area/Community" status="PASSED">
         <system-out><![CDATA[2019-11-20 11:51:25 - [TEST_CASE][PASSED] - Test Cases/Members_Area/Community: Test Cases/Members_Area/Community

2019-11-20 11:51:26 - [TEST_STEP][PASSED] - PAGE = "/other-useful-documents": null

2019-11-20 11:51:26 - [TEST_STEP][PASSED] - for ([row = 1, row <= findTestData("Members_Test_Data").getRowNumbers(), (internal.GlobalVariable.row++)]): Call Test Case 'Test Cases/Reusable_Test_Sequences/Members_Area/Banner_Menu/log_Off' successfully

2019-11-20 11:51:27 - [TEST_STEP][PASSED] - callTestCase(findTestCase("Reusable_Test_Sequences/Members_Area/Start_Up"), [:], OPTIONAL): Call Test Case 'Test Cases/Reusable_Test_Sequences/Members_Area/Start_Up' successfully

2019-11-20 11:51:27 - [TEST_CASE][PASSED] - Test Cases/Reusable_Test_Sequences/Members_Area/Start_Up: Test Cases/Reusable_Test_Sequences/Members_Area/Start_Up

2019-11-20 11:51:28 - [TEST_STEP][PASSED] - data = findTestData("Members_Test_Data"): null

2019-11-20 11:51:28 - [TEST_STEP][PASSED] - Header_Text = "": null

2019-11-20 11:51:28 - [TEST_STEP][PASSED] - Forgotten_Password = "": null

2019-11-20 11:51:28 - [TEST_STEP][PASSED] - Forgotten_Username = "": null

2019-11-20 11:51:28 - [TEST_STEP][PASSED] - Trouble_Logging_In = "": null

2019-11-20 11:51:28 - [TEST_STEP][PASSED] - "----------------------------------------------------": null

2019-11-20 11:51:28 - [TEST_STEP][PASSED] - FUNCTION_AREA = "Members_Area": null

2019-11-20 11:51:28 - [TEST_STEP][PASSED] - callTestCase(findTestCase("Reusable_Test_Sequences/URL_Handler"), [:], CONTINUE_ON_FAILURE): Call Test Case 'Test Cases/Reusable_Test_Sequences/URL_Handler' successfully

2019-11-20 11:51:28 - [TEST_CASE][PASSED] - Test Cases/Reusable_Test_Sequences/URL_Handler: Test Cases/Reusable_Test_Sequences/URL_Handler

2019-11-20 11:51:29 - [TEST_STEP][PASSED] - "      CURRENT DEV (MASTER) Environment": null

2019-11-20 11:51:29 - [TEST_STEP][PASSED] - "      Dev Test Environment": null

2019-11-20 11:51:29 - [TEST_STEP][PASSED] - "      Next Dev Environment": null

2019-11-20 11:51:29 - [TEST_STEP][PASSED] - "      Preview Environment": null

2019-11-20 11:51:29 - [TEST_STEP][PASSED] - "      Live": null

2019-11-20 11:51:29 - [TEST_STEP][PASSED] - "######################################################################################################################################################": null

2019-11-20 11:51:29 - [TEST_STEP][PASSED] - "#  OF COURSE, FOR THIS TO WORK THE TEST CREDENTIALS SHOULD BE AVAILABLE ACROSS ALL ENVIRONMENTS - Username = check1234 - & - Password = testing123   #": null

2019-11-20 11:51:29 - [TEST_STEP][PASSED] - switch (URL): null

2019-11-20 11:51:29 - [TEST_STEP][PASSED] - case .*www.preview.checkatrade.*:: null

2019-11-20 11:51:29 - [TEST_STEP][PASSED] - URL = "https://preview-ma.checkatrade.com/login?return=%2Fdashboard": null

2019-11-20 11:51:29 - [TEST_STEP][PASSED] - break: null

2019-11-20 11:51:29 - [TEST_STEP][PASSED] - URL: null

2019-11-20 11:51:29 - [MESSAGE][PASSED] - Call Test Case 'Test Cases/Reusable_Test_Sequences/URL_Handler' successfully

2019-11-20 11:51:29 - [TEST_STEP][PASSED] - "URL - Set from the ENVIRONMENT PROFILE - Specific Page Address Provided By +GlobalVariable.PAGE  ": null

2019-11-20 11:51:29 - [TEST_STEP][PASSED] - openBrowser(URL): Browser is opened with url: 'https://preview-ma.checkatrade.com/login?return=%2Fdashboard'

2019-11-20 11:51:29 - [MESSAGE][INFO] - Starting 'Chrome' driver

2019-11-20 11:51:29 - [MESSAGE][INFO] - Action delay is set to 0 seconds

2019-11-20 11:52:06 - [MESSAGE][PASSED] - Browser is opened with url: 'https://preview-ma.checkatrade.com/login?return=%2Fdashboard'

2019-11-20 11:52:06 - [TEST_STEP][PASSED] - maximizeWindow(): Current window maximized

2019-11-20 11:52:10 - [MESSAGE][PASSED] - Current window maximized

2019-11-20 11:52:10 - [TEST_STEP][PASSED] - waitForPageLoad(60): Wait for page load successfully

2019-11-20 11:52:10 - [MESSAGE][PASSED] - Wait for page load successfully

2019-11-20 11:52:10 - [TEST_STEP][PASSED] - verifyTextPresent(data.getValue("Header_Text", row), false): Text 'EXCLUSIVE ACCESS FOR CHECKATRADE MEMBERS ONLY' is present on page 

2019-11-20 11:52:11 - [MESSAGE][PASSED] - Text 'EXCLUSIVE ACCESS FOR CHECKATRADE MEMBERS ONLY' is present on page 

2019-11-20 11:52:11 - [TEST_STEP][PASSED] - verifyTextPresent(data.getValue("Forgotten_Password", row), false): Text 'Forgotten password?' is present on page 

2019-11-20 11:52:11 - [MESSAGE][PASSED] - Text 'Forgotten password?' is present on page 

2019-11-20 11:52:11 - [TEST_STEP][PASSED] - verifyTextPresent(data.getValue("Forgotten_Username", row), false): Text 'Forgotten username?' is present on page 

2019-11-20 11:52:11 - [MESSAGE][PASSED] - Text 'Forgotten username?' is present on page 

2019-11-20 11:52:11 - [TEST_STEP][PASSED] - verifyTextPresent(data.getValue("Trouble_Logging_In", row), false): Text 'Trouble logging in?' is present on page 

2019-11-20 11:52:11 - [MESSAGE][PASSED] - Text 'Trouble logging in?' is present on page 

2019-11-20 11:52:11 - [MESSAGE][PASSED] - Call Test Case 'Test Cases/Reusable_Test_Sequences/Members_Area/Start_Up' successfully

2019-11-20 11:52:11 - [TEST_STEP][PASSED] - callTestCase(findTestCase("Reusable_Test_Sequences/Members_Area/log_On"), [:], OPTIONAL): Call Test Case 'Test Cases/Reusable_Test_Sequences/Members_Area/log_On' successfully

2019-11-20 11:52:11 - [TEST_CASE][PASSED] - Test Cases/Reusable_Test_Sequences/Members_Area/log_On: Test Cases/Reusable_Test_Sequences/Members_Area/log_On

2019-11-20 11:52:11 - [TEST_STEP][PASSED] - waitForElementPresent(findTestObject("Object Repository/Members/Page_Members Area/button_Log in"), 10): Object 'Object Repository/Members/Page_Members Area/button_Log in' is present

2019-11-20 11:52:12 - [MESSAGE][PASSED] - Object 'Object Repository/Members/Page_Members Area/button_Log in' is present

2019-11-20 11:52:12 - [TEST_STEP][PASSED] - click(findTestObject("Object Repository/Members/Page_Members Area/input_Username_username")): Object: 'Object Repository/Members/Page_Members Area/input_Username_username' is clicked on

2019-11-20 11:52:12 - [MESSAGE][PASSED] - Object: 'Object Repository/Members/Page_Members Area/input_Username_username' is clicked on

2019-11-20 11:52:12 - [TEST_STEP][PASSED] - setText(findTestObject("Object Repository/Members/Page_Members Area/input_Username_username"), Username): Text 'check1234' is set on object 'Object Repository/Members/Page_Members Area/input_Username_username'

2019-11-20 11:52:12 - [MESSAGE][PASSED] - Text 'check1234' is set on object 'Object Repository/Members/Page_Members Area/input_Username_username'

2019-11-20 11:52:12 - [TEST_STEP][PASSED] - click(findTestObject("Object Repository/Members/Page_Members Area/input_Password_password")): Object: 'Object Repository/Members/Page_Members Area/input_Password_password' is clicked on

2019-11-20 11:52:12 - [MESSAGE][PASSED] - Object: 'Object Repository/Members/Page_Members Area/input_Password_password' is clicked on

2019-11-20 11:52:12 - [TEST_STEP][PASSED] - setText(findTestObject("Object Repository/Members/Page_Members Area/input_Password_password"), Password): Text 'testing123' is set on object 'Object Repository/Members/Page_Members Area/input_Password_password'

2019-11-20 11:52:13 - [MESSAGE][PASSED] - Text 'testing123' is set on object 'Object Repository/Members/Page_Members Area/input_Password_password'

2019-11-20 11:52:13 - [TEST_STEP][PASSED] - click(findTestObject("Object Repository/Members/Page_Members Area/button_Log in")): Object: 'Object Repository/Members/Page_Members Area/button_Log in' is clicked on

2019-11-20 11:52:13 - [MESSAGE][PASSED] - Object: 'Object Repository/Members/Page_Members Area/button_Log in' is clicked on

2019-11-20 11:52:13 - [TEST_STEP][PASSED] - waitForElementNotPresent(findTestObject("Object Repository/Members/Page_Members Area/button_Log in"), 25): Web element with id: 'Object Repository/Members/Page_Members Area/button_Log in' located by 'By.xpath: //button[@type = 'submit' and (text() = ' Log in ' or . = ' Log in ')]' is not present after '25' second(s)

2019-11-20 11:52:14 - [MESSAGE][PASSED] - Web element with id: 'Object Repository/Members/Page_Members Area/button_Log in' located by 'By.xpath: //button[@type = 'submit' and (text() = ' Log in ' or . = ' Log in ')]' is not present after '25' second(s)

2019-11-20 11:52:14 - [TEST_STEP][PASSED] - waitForPageLoad(60): Wait for page load successfully

2019-11-20 11:52:14 - [MESSAGE][PASSED] - Wait for page load successfully

2019-11-20 11:52:14 - [TEST_STEP][PASSED] - waitForElementPresent(findTestObject("Object Repository/Page_Members Area/Header_Attention_Text"), 60): Object 'Object Repository/Page_Members Area/Header_Attention_Text' is present

2019-11-20 11:52:15 - [MESSAGE][PASSED] - Object 'Object Repository/Page_Members Area/Header_Attention_Text' is present

2019-11-20 11:52:15 - [TEST_STEP][PASSED] - callTestCase(findTestCase("Reusable_Test_Sequences/Utils/Popout_Handler"), [:], CONTINUE_ON_FAILURE): Call Test Case 'Test Cases/Reusable_Test_Sequences/Utils/Popout_Handler' successfully

2019-11-20 11:52:15 - [TEST_CASE][PASSED] - Test Cases/Reusable_Test_Sequences/Utils/Popout_Handler: Test Cases/Reusable_Test_Sequences/Utils/Popout_Handler

2019-11-20 11:52:15 - [TEST_STEP][PASSED] - delay(2): Delayed 2 second(s)

2019-11-20 11:52:17 - [MESSAGE][PASSED] - Delayed 2 second(s)

2019-11-20 11:52:17 - [TEST_STEP][PASSED] - waitForPageLoad(60): Wait for page load successfully

2019-11-20 11:52:17 - [MESSAGE][PASSED] - Wait for page load successfully

2019-11-20 11:52:17 - [TEST_STEP][PASSED] - try: null

2019-11-20 11:52:17 - [TEST_STEP][PASSED] - if ("Object Repository/Popout/go_Away"): null

2019-11-20 11:52:17 - [TEST_STEP][PASSED] - click(findTestObject("Object Repository/Popout/go_Away")): Object: 'Object Repository/Popout/go_Away' is clicked on

2019-11-20 11:52:18 - [MESSAGE][PASSED] - Object: 'Object Repository/Popout/go_Away' is clicked on

2019-11-20 11:52:18 - [TEST_STEP][PASSED] - out.println("View are NEW Website - popup presented"): null

2019-11-20 11:52:18 - [MESSAGE][PASSED] - Call Test Case 'Test Cases/Reusable_Test_Sequences/Utils/Popout_Handler' successfully

2019-11-20 11:52:18 - [MESSAGE][PASSED] - Call Test Case 'Test Cases/Reusable_Test_Sequences/Members_Area/log_On' successfully

2019-11-20 11:52:18 - [TEST_STEP][PASSED] - callTestCase(findTestCase("Reusable_Test_Sequences/Members_Area/Area_Menu/Your_Account/Community"), [:], CONTINUE_ON_FAILURE): Call Test Case 'Test Cases/Reusable_Test_Sequences/Members_Area/Area_Menu/Your_Account/Community' successfully

2019-11-20 11:52:18 - [TEST_CASE][PASSED] - Test Cases/Reusable_Test_Sequences/Members_Area/Area_Menu/Your_Account/Community: Test Cases/Reusable_Test_Sequences/Members_Area/Area_Menu/Your_Account/Community

2019-11-20 11:52:18 - [TEST_STEP][PASSED] - waitForElementPresent(findTestObject("Object Repository/Page_Members Area/div_Community"), 60): Object 'Object Repository/Page_Members Area/div_Community' is present

2019-11-20 11:52:18 - [MESSAGE][PASSED] - Object 'Object Repository/Page_Members Area/div_Community' is present

2019-11-20 11:52:18 - [TEST_STEP][PASSED] - scrollToElement(findTestObject("Object Repository/Page_Members Area/div_Community"), 5): Scroll to object 'Object Repository/Page_Members Area/div_Community' successfully

2019-11-20 11:52:19 - [MESSAGE][PASSED] - Scroll to object 'Object Repository/Page_Members Area/div_Community' successfully

2019-11-20 11:52:19 - [TEST_STEP][PASSED] - click(findTestObject("Object Repository/Page_Members Area/div_Community")): Object: 'Object Repository/Page_Members Area/div_Community' is clicked on

2019-11-20 11:52:22 - [MESSAGE][PASSED] - Object: 'Object Repository/Page_Members Area/div_Community' is clicked on

2019-11-20 11:52:22 - [MESSAGE][PASSED] - Call Test Case 'Test Cases/Reusable_Test_Sequences/Members_Area/Area_Menu/Your_Account/Community' successfully

2019-11-20 11:52:22 - [TEST_STEP][PASSED] - callTestCase(findTestCase("Reusable_Test_Sequences/Members_Area/Validation/Community"), [:], CONTINUE_ON_FAILURE): Call Test Case 'Test Cases/Reusable_Test_Sequences/Members_Area/Validation/Community' successfully

2019-11-20 11:52:22 - [TEST_CASE][PASSED] - Test Cases/Reusable_Test_Sequences/Members_Area/Validation/Community: Test Cases/Reusable_Test_Sequences/Members_Area/Validation/Community

2019-11-20 11:52:23 - [TEST_STEP][PASSED] - waitForPageLoad(60): Wait for page load successfully

2019-11-20 11:52:23 - [MESSAGE][PASSED] - Wait for page load successfully

2019-11-20 11:52:23 - [TEST_STEP][PASSED] - "----------------------------------------------": null

2019-11-20 11:52:23 - [TEST_STEP][PASSED] - "DEFAULT TAB - None - 1 Page Returned          |": null

2019-11-20 11:52:23 - [TEST_STEP][PASSED] - "----------------------------------------------": null

2019-11-20 11:52:23 - [TEST_STEP][PASSED] - "----------------------------------------------": null

2019-11-20 11:52:23 - [TEST_STEP][PASSED] - verifyTextPresent("Hello", false): Text 'Hello' is present on page 

2019-11-20 11:52:23 - [MESSAGE][PASSED] - Text 'Hello' is present on page 

2019-11-20 11:52:23 - [TEST_STEP][PASSED] - verifyTextPresent("Welcome to the Checkatrade community where you can get involved with all things Checkatrade", false): Text 'Welcome to the Checkatrade community where you can get involved with all things Checkatrade' is present on page 

2019-11-20 11:52:23 - [MESSAGE][PASSED] - Text 'Welcome to the Checkatrade community where you can get involved with all things Checkatrade' is present on page 

2019-11-20 11:52:23 - [TEST_STEP][PASSED] - verifyTextPresent("You can search below to find out if there is already a discussion on something you are looking for", false): Text 'You can search below to find out if there is already a discussion on something you are looking for' is present on page 

2019-11-20 11:52:23 - [MESSAGE][PASSED] - Text 'You can search below to find out if there is already a discussion on something you are looking for' is present on page 

2019-11-20 11:52:23 - [TEST_STEP][PASSED] - verifyTextPresent("Welcome", false): Text 'Welcome' is present on page 

2019-11-20 11:52:23 - [MESSAGE][PASSED] - Text 'Welcome' is present on page 

2019-11-20 11:52:23 - [TEST_STEP][PASSED] - verifyTextPresent("NEW POST Insurance", false): Text 'NEW POST Insurance' is present on page 

2019-11-20 11:52:23 - [MESSAGE][PASSED] - Text 'NEW POST Insurance' is present on page 

2019-11-20 11:52:23 - [TEST_STEP][PASSED] - verifyTextPresent("Directline blog article", false): Text 'Directline blog article' is present on page 

2019-11-20 11:52:23 - [MESSAGE][PASSED] - Text 'Directline blog article' is present on page 

2019-11-20 11:52:23 - [TEST_STEP][PASSED] - back(): Navigate back successfully

2019-11-20 11:52:25 - [MESSAGE][PASSED] - Navigate back successfully

2019-11-20 11:52:25 - [MESSAGE][PASSED] - Call Test Case 'Test Cases/Reusable_Test_Sequences/Members_Area/Validation/Community' successfully

2019-11-20 11:52:25 - [TEST_STEP][PASSED] - callTestCase(findTestCase("Reusable_Test_Sequences/Members_Area/Banner_Menu/log_Off"), [:], OPTIONAL): Call Test Case 'Test Cases/Reusable_Test_Sequences/Members_Area/Banner_Menu/log_Off' successfully

2019-11-20 11:52:25 - [TEST_CASE][PASSED] - Test Cases/Reusable_Test_Sequences/Members_Area/Banner_Menu/log_Off: Test Cases/Reusable_Test_Sequences/Members_Area/Banner_Menu/log_Off

2019-11-20 11:52:26 - [TEST_STEP][PASSED] - waitForElementClickable(findTestObject("Object Repository/Page_Members Area/a_Log off"), 60): Object 'Object Repository/Page_Members Area/a_Log off' is clickable

2019-11-20 11:52:26 - [MESSAGE][PASSED] - Object 'Object Repository/Page_Members Area/a_Log off' is clickable

2019-11-20 11:52:26 - [TEST_STEP][PASSED] - scrollToElement(findTestObject("Object Repository/Page_Members Area/a_Log off"), 2): Scroll to object 'Object Repository/Page_Members Area/a_Log off' successfully

2019-11-20 11:52:26 - [MESSAGE][PASSED] - Scroll to object 'Object Repository/Page_Members Area/a_Log off' successfully

2019-11-20 11:52:26 - [TEST_STEP][PASSED] - click(findTestObject("Object Repository/Page_Members Area/a_Log off")): Object: 'Object Repository/Page_Members Area/a_Log off' is clicked on

2019-11-20 11:52:26 - [MESSAGE][PASSED] - Object: 'Object Repository/Page_Members Area/a_Log off' is clicked on

2019-11-20 11:52:26 - [MESSAGE][PASSED] - Call Test Case 'Test Cases/Reusable_Test_Sequences/Members_Area/Banner_Menu/log_Off' successfully]]></system-out>
         <system-err><![CDATA[]]></system-err>
      </testcase>
      <system-out><![CDATA[2019-11-20 11:51:25 - [TEST_SUITE][PASSED] - Members_My_Community: Test Cases/Members_Area/Community]]></system-out>
      <system-err><![CDATA[]]></system-err>
   </testsuite>
</testsuites>
