<?xml version="1.0" encoding="UTF-8"?>
<testsuites name="CAT_Footer" time="776.518" tests="20" failures="1" errors="0">
   <testsuite name="CAT_Footer" tests="20" failures="1" errors="0" time="776.518" timestamp="2020-04-22 08:54:51" hostname="DavidHo - 192.168.1.238" id="Test Suites/CAT_Footer">
      <properties>
         <property name="deviceName" value=""/>
         <property name="devicePlatform" value=""/>
         <property name="logFolder" value="C:\\Users\\davidho\\git\\src\\Reports\\20200422_084913\\CAT_Footer\\20200422_084917"/>
         <property name="logFiles" value="C:\\Users\\davidho\\git\\src\\Reports\\20200422_084913\\CAT_Footer\\20200422_084917\\execution0.log"/>
         <property name="attachments" value="C:\\Users\\davidho\\git\\src\\Reports\\20200422_084913\\CAT_Footer\\20200422_084917\\1587542423896.png"/>
         <property name="hostName" value="DavidHo - 192.168.1.238"/>
         <property name="os" value="Windows 10 32bit"/>
         <property name="katalonVersion" value="7.4.0.1"/>
         <property name="browser" value="Chrome 81.0.4044.113"/>
         <property name="hostAddress" value="192.168.1.238"/>
         <property name="sessionId" value="7975d0ff0c698f9ad0d091079083fe9f"/>
         <property name="seleniumVersion" value="3.141.59"/>
         <property name="proxyInformation" value="ProxyInformation{proxyOption=NO_PROXY, proxyServerType=HTTP, password=, proxyServerAddress=, proxyServerPort=0, executionList=}"/>
         <property name="platform" value="Windows 10"/>
      </properties>
      <testcase name="Test Cases/CAT_Footer/Trades/Find_Out_More" time="43.487" classname="Test Cases/CAT_Footer/Trades/Find_Out_More" status="PASSED">
         <system-out><![CDATA[2020-04-22 08:54:51 - [TEST_CASE][PASSED] - Test Cases/CAT_Footer/Trades/Find_Out_More: Test Cases/CAT_Footer/Trades/Find_Out_More

2020-04-22 08:54:52 - [TEST_STEP][PASSED] - callTestCase(findTestCase("Reusable_Test_Sequences/CAT_Setup"), [:], OPTIONAL): Call Test Case 'Test Cases/Reusable_Test_Sequences/CAT_Setup' successfully

2020-04-22 08:54:52 - [TEST_CASE][PASSED] - Test Cases/Reusable_Test_Sequences/CAT_Setup: Test Cases/Reusable_Test_Sequences/CAT_Setup

2020-04-22 08:54:53 - [TEST_STEP][PASSED] - "------------------------------": null

2020-04-22 08:54:53 - [TEST_STEP][PASSED] - " Set Mobile Device Testing    |": null

2020-04-22 08:54:53 - [TEST_STEP][PASSED] - if (Mobile_Flag == "true"): null

2020-04-22 08:54:54 - [TEST_STEP][PASSED] - "------------------------------": null

2020-04-22 08:54:54 - [TEST_STEP][PASSED] - " Set Mobile Device Testing    |": null

2020-04-22 08:54:54 - [TEST_STEP][PASSED] - "------------------------------": null

2020-04-22 08:54:54 - [TEST_STEP][PASSED] - "URL - Set from the ENVIRONMENT PROFILE ": null

2020-04-22 08:54:54 - [TEST_STEP][PASSED] - openBrowser(URL): Browser is opened with url: 'https://www.preview.checkatrade.com/'

2020-04-22 08:54:54 - [MESSAGE][INFO] - Starting 'Chrome' driver

2020-04-22 08:54:54 - [MESSAGE][INFO] - Action delay is set to 0 milliseconds

2020-04-22 08:55:04 - [MESSAGE][PASSED] - Browser is opened with url: 'https://www.preview.checkatrade.com/'

2020-04-22 08:55:04 - [TEST_STEP][PASSED] - maximizeWindow(): Current window maximized

2020-04-22 08:55:07 - [MESSAGE][PASSED] - Current window maximized

2020-04-22 08:55:07 - [TEST_STEP][PASSED] - waitForPageLoad(60): Wait for page load successfully

2020-04-22 08:55:07 - [MESSAGE][PASSED] - Wait for page load successfully

2020-04-22 08:55:07 - [TEST_STEP][PASSED] - "Previous Functionalilty Left Commented For Ease Of reversion": null

2020-04-22 08:55:07 - [TEST_STEP][PASSED] - " Katalon Try/Catches currently have issues? SEE HEADER": null

2020-04-22 08:55:07 - [TEST_STEP][PASSED] - try: Text 'Cookie Policy' is not present on page

2020-04-22 08:55:07 - [TEST_STEP][PASSED] - verifyElementPresent(findTestObject("Object Repository/Cookies/Page_Checkatrade Find a tradesperson you can trust/button_Accept All"), 5, OPTIONAL): Object 'Object Repository/Cookies/Page_Checkatrade Find a tradesperson you can trust/button_Accept All' is present

2020-04-22 08:55:07 - [MESSAGE][PASSED] - Object 'Object Repository/Cookies/Page_Checkatrade Find a tradesperson you can trust/button_Accept All' is present

2020-04-22 08:55:07 - [TEST_STEP][PASSED] - click(findTestObject("Object Repository/Cookies/Page_Checkatrade Find a tradesperson you can trust/button_Accept All"), OPTIONAL): Object: 'Object Repository/Cookies/Page_Checkatrade Find a tradesperson you can trust/button_Accept All' is clicked on

2020-04-22 08:55:07 - [MESSAGE][PASSED] - Object: 'Object Repository/Cookies/Page_Checkatrade Find a tradesperson you can trust/button_Accept All' is clicked on

2020-04-22 08:55:07 - [TEST_STEP][PASSED] - "---------------------------------": null

2020-04-22 08:55:07 - [TEST_STEP][PASSED] - "COOKIE POPOUT REMOVED - Confirmed": null

2020-04-22 08:55:07 - [TEST_STEP][PASSED] - delay(1): Delayed 1 second(s)

2020-04-22 08:55:09 - [MESSAGE][PASSED] - Delayed 1 second(s)

2020-04-22 08:55:09 - [TEST_STEP][PASSED] - verifyTextNotPresent("We use cookies to personalise content and ads, to provide social media features and to analyse our traffic", false): Text 'We use cookies to personalise content and ads, to provide social media features and to analyse our traffic' is not present on page

2020-04-22 08:55:10 - [MESSAGE][PASSED] - Text 'We use cookies to personalise content and ads, to provide social media features and to analyse our traffic' is not present on page

2020-04-22 08:55:10 - [TEST_STEP][PASSED] - verifyTextNotPresent(" We also share information about your use of our site with our social media, advertising and analytics partners", false): Text ' We also share information about your use of our site with our social media, advertising and analytics partners' is not present on page

2020-04-22 08:55:10 - [MESSAGE][PASSED] - Text ' We also share information about your use of our site with our social media, advertising and analytics partners' is not present on page

2020-04-22 08:55:10 - [TEST_STEP][PASSED] - verifyTextNotPresent("Cookie Policy", false): Text 'Cookie Policy' is not present on page

2020-04-22 08:55:10 - [MESSAGE][PASSED] - Text 'Cookie Policy' is not present on page

2020-04-22 08:55:10 - [TEST_STEP][PASSED] - waitForPageLoad(60): Wait for page load successfully

2020-04-22 08:55:10 - [MESSAGE][PASSED] - Wait for page load successfully

2020-04-22 08:55:10 - [TEST_STEP][PASSED] - "COOKIE - ORIGINAL": null

2020-04-22 08:55:10 - [TEST_STEP][PASSED] - if (waitForElementVisible(findTestObject("Object Repository/Feedback/Page_Checkatrade Give your feedback/input_Member_to_Review"), 5)): Web element with id: 'Object Repository/Feedback/Page_Checkatrade Give your feedback/input_Member_to_Review' located by 'By.xpath: //input[@id='feedback-form__company_autocomplete_input']' not found

2020-04-22 08:55:16 - [MESSAGE][INFO] - Unable to find the element located by 'By.xpath: //input[@id='feedback-form__company_autocomplete_input']'. Please recheck the objects properties to make sure the desired element is located. 

2020-04-22 08:55:16 - [MESSAGE][WARNING] - Web element with id: 'Object Repository/Feedback/Page_Checkatrade Give your feedback/input_Member_to_Review' located by 'By.xpath: //input[@id='feedback-form__company_autocomplete_input']' not found

2020-04-22 08:55:16 - [TEST_STEP][PASSED] - else: The <<<OLD>>> Website was detected by the STARTUP Process

2020-04-22 08:55:16 - [TEST_STEP][PASSED] - if (!(verifyElementVisible(findTestObject("Object Repository/Checkatrade_Trade_Search_Page/Page_Checkatrade Find a tradesperson you can trust/input_Search_Button_FF")))): Object 'Object Repository/Checkatrade_Trade_Search_Page/Page_Checkatrade Find a tradesperson you can trust/input_Search_Button_FF' is visible

2020-04-22 08:55:16 - [MESSAGE][PASSED] - Object 'Object Repository/Checkatrade_Trade_Search_Page/Page_Checkatrade Find a tradesperson you can trust/input_Search_Button_FF' is visible

2020-04-22 08:55:16 - [TEST_STEP][PASSED] - else: The <<<OLD>>> Website was detected by the STARTUP Process

2020-04-22 08:55:16 - [TEST_STEP][PASSED] - Website_Version = "old": null

2020-04-22 08:55:16 - [TEST_STEP][PASSED] - logInfo("The <<<OLD>>> Website was detected by the STARTUP Process"): The <<<OLD>>> Website was detected by the STARTUP Process

2020-04-22 08:55:16 - [MESSAGE][INFO] - The <<<OLD>>> Website was detected by the STARTUP Process

2020-04-22 08:55:16 - [MESSAGE][PASSED] - Call Test Case 'Test Cases/Reusable_Test_Sequences/CAT_Setup' successfully

2020-04-22 08:55:16 - [TEST_STEP][PASSED] - callTestCase(findTestCase("Reusable_Test_Sequences/CAT_Home"), [:], CONTINUE_ON_FAILURE): Call Test Case 'Test Cases/Reusable_Test_Sequences/CAT_Home' successfully

2020-04-22 08:55:16 - [TEST_CASE][PASSED] - Test Cases/Reusable_Test_Sequences/CAT_Home: Test Cases/Reusable_Test_Sequences/CAT_Home

2020-04-22 08:55:16 - [TEST_STEP][PASSED] - waitForPageLoad(60): Wait for page load successfully

2020-04-22 08:55:17 - [MESSAGE][PASSED] - Wait for page load successfully

2020-04-22 08:55:17 - [TEST_STEP][PASSED] - delay(2): Delayed 2 second(s)

2020-04-22 08:55:19 - [MESSAGE][PASSED] - Delayed 2 second(s)

2020-04-22 08:55:19 - [TEST_STEP][PASSED] - "------------------------------------": null

2020-04-22 08:55:19 - [TEST_STEP][PASSED] - if (Website_Version == "new"): null

2020-04-22 08:55:19 - [TEST_STEP][PASSED] - else: Text 'Over a million visits to Checkatrade each month' is present on page 

2020-04-22 08:55:19 - [TEST_STEP][PASSED] - verifyTextPresent("Helping you find the right trade or service", false): Text 'Helping you find the right trade or service' is present on page 

2020-04-22 08:55:19 - [MESSAGE][PASSED] - Text 'Helping you find the right trade or service' is present on page 

2020-04-22 08:55:19 - [TEST_STEP][PASSED] - verifyTextPresent("Search through over", false): Text 'Search through over' is present on page 

2020-04-22 08:55:19 - [MESSAGE][PASSED] - Text 'Search through over' is present on page 

2020-04-22 08:55:19 - [TEST_STEP][PASSED] - verifyTextPresent("recommended, vetted and monitored trades and service providers for free.", false): Text 'recommended, vetted and monitored trades and service providers for free.' is present on page 

2020-04-22 08:55:19 - [MESSAGE][PASSED] - Text 'recommended, vetted and monitored trades and service providers for free.' is present on page 

2020-04-22 08:55:19 - [TEST_STEP][PASSED] - verifyTextPresent("reviews published so far – thank you!", false): Text 'reviews published so far – thank you!' is present on page 

2020-04-22 08:55:20 - [MESSAGE][PASSED] - Text 'reviews published so far – thank you!' is present on page 

2020-04-22 08:55:20 - [TEST_STEP][PASSED] - verifyTextPresent("I need a trade or service", false): Text 'I need a trade or service' is present on page 

2020-04-22 08:55:20 - [MESSAGE][PASSED] - Text 'I need a trade or service' is present on page 

2020-04-22 08:55:20 - [TEST_STEP][PASSED] - verifyTextPresent("Every trader thoroughly checked and vetted", false): Text 'Every trader thoroughly checked and vetted' is present on page 

2020-04-22 08:55:20 - [MESSAGE][PASSED] - Text 'Every trader thoroughly checked and vetted' is present on page 

2020-04-22 08:55:20 - [TEST_STEP][PASSED] - "------------------------------------": null

2020-04-22 08:55:20 - [TEST_STEP][PASSED] - verifyTextPresent("reviews published so far – thank you!", false): Text 'reviews published so far – thank you!' is present on page 

2020-04-22 08:55:20 - [MESSAGE][PASSED] - Text 'reviews published so far – thank you!' is present on page 

2020-04-22 08:55:20 - [TEST_STEP][PASSED] - verifyTextPresent("Find out more", false): Text 'Find out more' is present on page 

2020-04-22 08:55:20 - [MESSAGE][PASSED] - Text 'Find out more' is present on page 

2020-04-22 08:55:20 - [TEST_STEP][PASSED] - verifyTextPresent("I am a tradesman", false): Text 'I am a tradesman' is present on page 

2020-04-22 08:55:21 - [MESSAGE][PASSED] - Text 'I am a tradesman' is present on page 

2020-04-22 08:55:21 - [TEST_STEP][PASSED] - verifyTextPresent("Find out more", false): Text 'Find out more' is present on page 

2020-04-22 08:55:21 - [MESSAGE][PASSED] - Text 'Find out more' is present on page 

2020-04-22 08:55:21 - [TEST_STEP][PASSED] - verifyTextPresent("Over a million visits to Checkatrade each month", false): Text 'Over a million visits to Checkatrade each month' is present on page 

2020-04-22 08:55:21 - [MESSAGE][PASSED] - Text 'Over a million visits to Checkatrade each month' is present on page 

2020-04-22 08:55:21 - [MESSAGE][PASSED] - Call Test Case 'Test Cases/Reusable_Test_Sequences/CAT_Home' successfully

2020-04-22 08:55:21 - [TEST_STEP][PASSED] - "---------------------------------------": null

2020-04-22 08:55:21 - [TEST_STEP][PASSED] - " Navigate to Trades->Find out More     |": null

2020-04-22 08:55:21 - [TEST_STEP][PASSED] - scrollToElement(findTestObject("Object Repository/CAT_Footer/Page_Checkatrade Find a tradesperson you can trust/div_Find Out More"), 3): Scroll to object 'Object Repository/CAT_Footer/Page_Checkatrade Find a tradesperson you can trust/div_Find Out More' successfully

2020-04-22 08:55:21 - [MESSAGE][PASSED] - Scroll to object 'Object Repository/CAT_Footer/Page_Checkatrade Find a tradesperson you can trust/div_Find Out More' successfully

2020-04-22 08:55:21 - [TEST_STEP][PASSED] - click(findTestObject("Object Repository/CAT_Footer/Page_Checkatrade Find a tradesperson you can trust/div_Find Out More")): Object: 'Object Repository/CAT_Footer/Page_Checkatrade Find a tradesperson you can trust/div_Find Out More' is clicked on

2020-04-22 08:55:24 - [MESSAGE][PASSED] - Object: 'Object Repository/CAT_Footer/Page_Checkatrade Find a tradesperson you can trust/div_Find Out More' is clicked on

2020-04-22 08:55:24 - [TEST_STEP][PASSED] - "---------------------------------------": null

2020-04-22 08:55:24 - [TEST_STEP][PASSED] - " Verify Returned Page is as Expected   |": null

2020-04-22 08:55:24 - [TEST_STEP][PASSED] - callTestCase(findTestCase("Reusable_Test_Sequences/CAT_Footer/Trades/Find_Out_More_Verification"), [:], CONTINUE_ON_FAILURE): Call Test Case 'Test Cases/Reusable_Test_Sequences/CAT_Footer/Trades/Find_Out_More_Verification' successfully

2020-04-22 08:55:24 - [TEST_CASE][PASSED] - Test Cases/Reusable_Test_Sequences/CAT_Footer/Trades/Find_Out_More_Verification: Test Cases/Reusable_Test_Sequences/CAT_Footer/Trades/Find_Out_More_Verification

2020-04-22 08:55:25 - [TEST_STEP][PASSED] - delay(1): Delayed 1 second(s)

2020-04-22 08:55:26 - [MESSAGE][PASSED] - Delayed 1 second(s)

2020-04-22 08:55:26 - [TEST_STEP][PASSED] - waitForPageLoad(60): Wait for page load successfully

2020-04-22 08:55:26 - [MESSAGE][PASSED] - Wait for page load successfully

2020-04-22 08:55:26 - [TEST_STEP][PASSED] - "Only When Needed": null

2020-04-22 08:55:26 - [TEST_STEP][PASSED] - "----------------------------------------------": null

2020-04-22 08:55:26 - [TEST_STEP][PASSED] - "DEFAULT TAB - None - 1 Page Returned          |": null

2020-04-22 08:55:26 - [TEST_STEP][PASSED] - "----------------------------------------------": null

2020-04-22 08:55:26 - [TEST_STEP][PASSED] - "----------------------------------------------": null

2020-04-22 08:55:26 - [TEST_STEP][PASSED] - "----------------------------------------------": null

2020-04-22 08:55:26 - [TEST_STEP][PASSED] - verifyTextPresent("Membership Overview", false): Text 'Membership Overview' is present on page 

2020-04-22 08:55:26 - [MESSAGE][PASSED] - Text 'Membership Overview' is present on page 

2020-04-22 08:55:26 - [TEST_STEP][PASSED] - "----------------------------------------------": null

2020-04-22 08:55:26 - [TEST_STEP][PASSED] - verifyTextPresent("Trades Application", false): Text 'Trades Application' is present on page 

2020-04-22 08:55:27 - [MESSAGE][PASSED] - Text 'Trades Application' is present on page 

2020-04-22 08:55:27 - [TEST_STEP][PASSED] - verifyTextPresent("FAQ's", false): Text 'FAQ's' is present on page 

2020-04-22 08:55:27 - [MESSAGE][PASSED] - Text 'FAQ's' is present on page 

2020-04-22 08:55:27 - [TEST_STEP][PASSED] - verifyTextPresent("Enquire Now", false): Text 'Enquire Now' is present on page 

2020-04-22 08:55:27 - [MESSAGE][PASSED] - Text 'Enquire Now' is present on page 

2020-04-22 08:55:27 - [TEST_STEP][PASSED] - "----------------------------------------------": null

2020-04-22 08:55:27 - [TEST_STEP][PASSED] - verifyTextPresent("GREAT TRADES OF BRITAIN", false): Text 'GREAT TRADES OF BRITAIN' is present on page 

2020-04-22 08:55:27 - [MESSAGE][PASSED] - Text 'GREAT TRADES OF BRITAIN' is present on page 

2020-04-22 08:55:27 - [TEST_STEP][PASSED] - verifyTextPresent("Join Britain’s Busiest Network", false): Text 'Join Britain’s Busiest Network' is present on page 

2020-04-22 08:55:28 - [MESSAGE][PASSED] - Text 'Join Britain’s Busiest Network' is present on page 

2020-04-22 08:55:28 - [TEST_STEP][PASSED] - verifyTextPresent("Over 1 Million customers come to checkatrade.com every month to find trades with great reputations", false): Text 'Over 1 Million customers come to checkatrade.com every month to find trades with great reputations' is present on page 

2020-04-22 08:55:28 - [MESSAGE][PASSED] - Text 'Over 1 Million customers come to checkatrade.com every month to find trades with great reputations' is present on page 

2020-04-22 08:55:28 - [TEST_STEP][PASSED] - verifyTextPresent("Call us on", false): Text 'Call us on' is present on page 

2020-04-22 08:55:28 - [MESSAGE][PASSED] - Text 'Call us on' is present on page 

2020-04-22 08:55:28 - [TEST_STEP][PASSED] - "----------------------------------------------": null

2020-04-22 08:55:28 - [TEST_STEP][PASSED] - verifyTextPresent("Get Started", false): Text 'Get Started' is present on page 

2020-04-22 08:55:29 - [MESSAGE][PASSED] - Text 'Get Started' is present on page 

2020-04-22 08:55:29 - [TEST_STEP][PASSED] - verifyTextPresent("Why Join Checkatrade?", false): Text 'Why Join Checkatrade?' is present on page 

2020-04-22 08:55:29 - [MESSAGE][PASSED] - Text 'Why Join Checkatrade?' is present on page 

2020-04-22 08:55:29 - [TEST_STEP][PASSED] - verifyTextPresent("Every month we get over 1 million customers visiting checkatrade.com looking for a reliable tradesperson like you", false): Text 'Every month we get over 1 million customers visiting checkatrade.com looking for a reliable tradesperson like you' is present on page 

2020-04-22 08:55:29 - [MESSAGE][PASSED] - Text 'Every month we get over 1 million customers visiting checkatrade.com looking for a reliable tradesperson like you' is present on page 

2020-04-22 08:55:29 - [TEST_STEP][PASSED] - scrollToPosition(1000, 1000): Browser is scrolled to position x = 1000, y = 1000

2020-04-22 08:55:29 - [MESSAGE][PASSED] - Browser is scrolled to position x = 1000, y = 1000

2020-04-22 08:55:29 - [TEST_STEP][PASSED] - delay(1): Delayed 1 second(s)

2020-04-22 08:55:30 - [MESSAGE][PASSED] - Delayed 1 second(s)

2020-04-22 08:55:30 - [TEST_STEP][PASSED] - "Footer": null

2020-04-22 08:55:30 - [TEST_STEP][PASSED] - verifyTextPresent("Call us on", false): Text 'Call us on' is present on page 

2020-04-22 08:55:31 - [MESSAGE][PASSED] - Text 'Call us on' is present on page 

2020-04-22 08:55:31 - [TEST_STEP][PASSED] - "----------------------------------------------": null

2020-04-22 08:55:31 - [TEST_STEP][PASSED] - verifyTextPresent("Get Started", false): Text 'Get Started' is present on page 

2020-04-22 08:55:31 - [MESSAGE][PASSED] - Text 'Get Started' is present on page 

2020-04-22 08:55:31 - [TEST_STEP][PASSED] - "----------------------------------------------": null

2020-04-22 08:55:31 - [TEST_STEP][PASSED] - verifyTextPresent("Checkatrade.com all rights reserved", false): Text 'Checkatrade.com all rights reserved' is present on page 

2020-04-22 08:55:31 - [MESSAGE][PASSED] - Text 'Checkatrade.com all rights reserved' is present on page 

2020-04-22 08:55:31 - [MESSAGE][PASSED] - Call Test Case 'Test Cases/Reusable_Test_Sequences/CAT_Footer/Trades/Find_Out_More_Verification' successfully

2020-04-22 08:55:31 - [TEST_STEP][PASSED] - "--------------------------": null

2020-04-22 08:55:31 - [TEST_STEP][PASSED] - " Teardown - CLose Browser |": null

2020-04-22 08:55:31 - [TEST_STEP][PASSED] - callTestCase(findTestCase("Reusable_Test_Sequences/CAT_Teardown"), [:], OPTIONAL): Call Test Case 'Test Cases/Reusable_Test_Sequences/CAT_Teardown' successfully

2020-04-22 08:55:32 - [TEST_CASE][PASSED] - Test Cases/Reusable_Test_Sequences/CAT_Teardown: Test Cases/Reusable_Test_Sequences/CAT_Teardown

2020-04-22 08:55:32 - [TEST_STEP][PASSED] - closeBrowser(): Browser is closed

2020-04-22 08:55:34 - [MESSAGE][PASSED] - Browser is closed

2020-04-22 08:55:34 - [TEST_STEP][PASSED] - super.finalize(): null

2020-04-22 08:55:34 - [TEST_STEP][PASSED] - System.gc(): null

2020-04-22 08:55:35 - [MESSAGE][PASSED] - Call Test Case 'Test Cases/Reusable_Test_Sequences/CAT_Teardown' successfully]]></system-out>
         <system-err><![CDATA[]]></system-err>
      </testcase>
      <testcase name="Test Cases/CAT_Footer/Trades/Login_To_Members_Area" time="28.324" classname="Test Cases/CAT_Footer/Trades/Login_To_Members_Area" status="FAILED">
         <failure type="FAILED" message="Test Cases/CAT_Footer/Trades/Login_To_Members_Area FAILED.
Reason:
com.kms.katalon.core.exception.StepFailedException: Unable to call Test Case 'Test Cases/Reusable_Test_Sequences/CAT_Footer/Trades/Login_To_Members_Area_Verification' (Root cause: com.kms.katalon.core.exception.StepFailedException: Call Test Case 'Test Cases/Reusable_Test_Sequences/CAT_Footer/Trades/Login_To_Members_Area_Verification' failed
	at com.kms.katalon.core.keyword.builtin.CallTestCaseKeyword$_callTestCase_closure1.doCall(CallTestCaseKeyword.groovy:63)
	at com.kms.katalon.core.keyword.builtin.CallTestCaseKeyword$_callTestCase_closure1.call(CallTestCaseKeyword.groovy)
	at com.kms.katalon.core.keyword.internal.KeywordMain.runKeyword(KeywordMain.groovy:68)
	at com.kms.katalon.core.keyword.builtin.CallTestCaseKeyword.callTestCase(CallTestCaseKeyword.groovy:81)
	at com.kms.katalon.core.keyword.builtin.CallTestCaseKeyword.execute(CallTestCaseKeyword.groovy:44)
	at com.kms.katalon.core.keyword.internal.KeywordExecutor.executeKeywordForPlatform(KeywordExecutor.groovy:72)
	at com.kms.katalon.core.keyword.BuiltinKeywords.callTestCase(BuiltinKeywords.groovy:334)
	at Login_To_Members_Area.run(Login_To_Members_Area:73)
	at com.kms.katalon.core.main.ScriptEngine.run(ScriptEngine.java:194)
	at com.kms.katalon.core.main.ScriptEngine.runScriptAsRawText(ScriptEngine.java:119)
	at com.kms.katalon.core.main.TestCaseExecutor.runScript(TestCaseExecutor.java:337)
	at com.kms.katalon.core.main.TestCaseExecutor.doExecute(TestCaseExecutor.java:328)
	at com.kms.katalon.core.main.TestCaseExecutor.processExecutionPhase(TestCaseExecutor.java:307)
	at com.kms.katalon.core.main.TestCaseExecutor.accessMainPhase(TestCaseExecutor.java:299)
	at com.kms.katalon.core.main.TestCaseExecutor.execute(TestCaseExecutor.java:233)
	at com.kms.katalon.core.main.TestSuiteExecutor.accessTestCaseMainPhase(TestSuiteExecutor.java:169)
	at com.kms.katalon.core.main.TestSuiteExecutor.accessTestSuiteMainPhase(TestSuiteExecutor.java:142)
	at com.kms.katalon.core.main.TestSuiteExecutor.execute(TestSuiteExecutor.java:91)
	at com.kms.katalon.core.main.TestCaseMain.startTestSuite(TestCaseMain.java:157)
	at com.kms.katalon.core.main.TestCaseMain$startTestSuite$0.call(Unknown Source)
	at TempTestSuite1587541757069.run(TempTestSuite1587541757069.groovy:37)
Caused by: com.kms.katalon.core.exception.StepFailedException: Text 'EXCLUSIVE ACCESS FOR CHECKATRADE MEMBERS ONLY' is not present on page  (Root cause: com.kms.katalon.core.exception.StepFailedException: Text 'EXCLUSIVE ACCESS FOR CHECKATRADE MEMBERS ONLY' is not present on page 
	at com.kms.katalon.core.webui.keyword.internal.WebUIKeywordMain.stepFailed(WebUIKeywordMain.groovy:64)
	at com.kms.katalon.core.webui.keyword.builtin.VerifyTextPresentKeyword$_verifyTextPresent_closure1.doCall(VerifyTextPresentKeyword.groovy:79)
	at com.kms.katalon.core.webui.keyword.builtin.VerifyTextPresentKeyword$_verifyTextPresent_closure1.call(VerifyTextPresentKeyword.groovy)
	at com.kms.katalon.core.webui.keyword.internal.WebUIKeywordMain.runKeyword(WebUIKeywordMain.groovy:20)
	at com.kms.katalon.core.webui.keyword.builtin.VerifyTextPresentKeyword.verifyTextPresent(VerifyTextPresentKeyword.groovy:83)
	at com.kms.katalon.core.webui.keyword.builtin.VerifyTextPresentKeyword.execute(VerifyTextPresentKeyword.groovy:68)
	at com.kms.katalon.core.keyword.internal.KeywordExecutor.executeKeywordForPlatform(KeywordExecutor.groovy:72)
	at com.kms.katalon.core.webui.keyword.WebUiBuiltInKeywords.verifyTextPresent(WebUiBuiltInKeywords.groovy:1719)
	at com.kms.katalon.core.webui.keyword.WebUiBuiltInKeywords$verifyTextPresent$7.call(Unknown Source)
	at Login_To_Members_Area_Verification.run(Login_To_Members_Area_Verification:51)
	at com.kms.katalon.core.main.ScriptEngine.run(ScriptEngine.java:194)
	at com.kms.katalon.core.main.ScriptEngine.runScriptAsRawText(ScriptEngine.java:119)
	at com.kms.katalon.core.main.TestCaseExecutor.runScript(TestCaseExecutor.java:337)
	at com.kms.katalon.core.main.TestCaseExecutor.doExecute(TestCaseExecutor.java:328)
	at com.kms.katalon.core.main.TestCaseExecutor.processExecutionPhase(TestCaseExecutor.java:307)
	at com.kms.katalon.core.main.TestCaseExecutor.accessMainPhase(TestCaseExecutor.java:299)
	at com.kms.katalon.core.main.TestCaseExecutor.execute(TestCaseExecutor.java:233)
	at com.kms.katalon.core.main.TestCaseMain.runTestCase(TestCaseMain.java:114)
	at com.kms.katalon.core.keyword.builtin.CallTestCaseKeyword$_callTestCase_closure1.doCall(CallTestCaseKeyword.groovy:59)
	at com.kms.katalon.core.keyword.builtin.CallTestCaseKeyword$_callTestCase_closure1.call(CallTestCaseKeyword.groovy)
	at com.kms.katalon.core.keyword.internal.KeywordMain.runKeyword(KeywordMain.groovy:68)
	at com.kms.katalon.core.keyword.builtin.CallTestCaseKeyword.callTestCase(CallTestCaseKeyword.groovy:81)
	at com.kms.katalon.core.keyword.builtin.CallTestCaseKeyword.execute(CallTestCaseKeyword.groovy:44)
	at com.kms.katalon.core.keyword.internal.KeywordExecutor.executeKeywordForPlatform(KeywordExecutor.groovy:72)
	at com.kms.katalon.core.keyword.BuiltinKeywords.callTestCase(BuiltinKeywords.groovy:334)
	at Login_To_Members_Area.run(Login_To_Members_Area:73)
	at com.kms.katalon.core.main.ScriptEngine.run(ScriptEngine.java:194)
	at com.kms.katalon.core.main.ScriptEngine.runScriptAsRawText(ScriptEngine.java:119)
	at com.kms.katalon.core.main.TestCaseExecutor.runScript(TestCaseExecutor.java:337)
	at com.kms.katalon.core.main.TestCaseExecutor.doExecute(TestCaseExecutor.java:328)
	at com.kms.katalon.core.main.TestCaseExecutor.processExecutionPhase(TestCaseExecutor.java:307)
	at com.kms.katalon.core.main.TestCaseExecutor.accessMainPhase(TestCaseExecutor.java:299)
	at com.kms.katalon.core.main.TestCaseExecutor.execute(TestCaseExecutor.java:233)
	at com.kms.katalon.core.main.TestSuiteExecutor.accessTestCaseMainPhase(TestSuiteExecutor.java:169)
	at com.kms.katalon.core.main.TestSuiteExecutor.accessTestSuiteMainPhase(TestSuiteExecutor.java:142)
	at com.kms.katalon.core.main.TestSuiteExecutor.execute(TestSuiteExecutor.java:91)
	at com.kms.katalon.core.main.TestCaseMain.startTestSuite(TestCaseMain.java:157)
	at com.kms.katalon.core.main.TestCaseMain$startTestSuite$0.call(Unknown Source)
	at TempTestSuite1587541757069.run(TempTestSuite1587541757069.groovy:37)
)
	at com.kms.katalon.core.keyword.internal.KeywordMain.stepFailed(KeywordMain.groovy:39)
	at com.kms.katalon.core.webui.keyword.internal.WebUIKeywordMain.stepFailed(WebUIKeywordMain.groovy:64)
	at com.kms.katalon.core.webui.keyword.builtin.VerifyTextPresentKeyword$_verifyTextPresent_closure1.doCall(VerifyTextPresentKeyword.groovy:79)
	at com.kms.katalon.core.webui.keyword.builtin.VerifyTextPresentKeyword$_verifyTextPresent_closure1.call(VerifyTextPresentKeyword.groovy)
	at com.kms.katalon.core.webui.keyword.internal.WebUIKeywordMain.runKeyword(WebUIKeywordMain.groovy:20)
	at com.kms.katalon.core.webui.keyword.builtin.VerifyTextPresentKeyword.verifyTextPresent(VerifyTextPresentKeyword.groovy:83)
	at com.kms.katalon.core.webui.keyword.builtin.VerifyTextPresentKeyword.execute(VerifyTextPresentKeyword.groovy:68)
	at com.kms.katalon.core.keyword.internal.KeywordExecutor.executeKeywordForPlatform(KeywordExecutor.groovy:72)
	at com.kms.katalon.core.webui.keyword.WebUiBuiltInKeywords.verifyTextPresent(WebUiBuiltInKeywords.groovy:1719)
	at com.kms.katalon.core.webui.keyword.WebUiBuiltInKeywords$verifyTextPresent$7.call(Unknown Source)
	at Login_To_Members_Area_Verification.run(Login_To_Members_Area_Verification:51)
	at com.kms.katalon.core.main.ScriptEngine.run(ScriptEngine.java:194)
	at com.kms.katalon.core.main.ScriptEngine.runScriptAsRawText(ScriptEngine.java:119)
	at com.kms.katalon.core.main.TestCaseExecutor.runScript(TestCaseExecutor.java:337)
	at com.kms.katalon.core.main.TestCaseExecutor.doExecute(TestCaseExecutor.java:328)
	at com.kms.katalon.core.main.TestCaseExecutor.processExecutionPhase(TestCaseExecutor.java:307)
	at com.kms.katalon.core.main.TestCaseExecutor.accessMainPhase(TestCaseExecutor.java:299)
	at com.kms.katalon.core.main.TestCaseExecutor.execute(TestCaseExecutor.java:233)
	at com.kms.katalon.core.main.TestCaseMain.runTestCase(TestCaseMain.java:114)
	at com.kms.katalon.core.keyword.builtin.CallTestCaseKeyword$_callTestCase_closure1.doCall(CallTestCaseKeyword.groovy:59)
	... 20 more
Caused by: com.kms.katalon.core.exception.StepFailedException: Text 'EXCLUSIVE ACCESS FOR CHECKATRADE MEMBERS ONLY' is not present on page 
	... 39 more
)
	at com.kms.katalon.core.keyword.internal.KeywordMain.stepFailed(KeywordMain.groovy:39)
	at com.kms.katalon.core.keyword.internal.KeywordMain.stepFailed(KeywordMain.groovy)
	at com.kms.katalon.core.keyword.internal.KeywordMain.runKeyword(KeywordMain.groovy:70)
	at com.kms.katalon.core.keyword.builtin.CallTestCaseKeyword.callTestCase(CallTestCaseKeyword.groovy:81)
	at com.kms.katalon.core.keyword.builtin.CallTestCaseKeyword.execute(CallTestCaseKeyword.groovy:44)
	at com.kms.katalon.core.keyword.internal.KeywordExecutor.executeKeywordForPlatform(KeywordExecutor.groovy:72)
	at com.kms.katalon.core.keyword.BuiltinKeywords.callTestCase(BuiltinKeywords.groovy:334)
	at Login_To_Members_Area.run(Login_To_Members_Area:73)
	at com.kms.katalon.core.main.ScriptEngine.run(ScriptEngine.java:194)
	at com.kms.katalon.core.main.ScriptEngine.runScriptAsRawText(ScriptEngine.java:119)
	at com.kms.katalon.core.main.TestCaseExecutor.runScript(TestCaseExecutor.java:337)
	at com.kms.katalon.core.main.TestCaseExecutor.doExecute(TestCaseExecutor.java:328)
	at com.kms.katalon.core.main.TestCaseExecutor.processExecutionPhase(TestCaseExecutor.java:307)
	at com.kms.katalon.core.main.TestCaseExecutor.accessMainPhase(TestCaseExecutor.java:299)
	at com.kms.katalon.core.main.TestCaseExecutor.execute(TestCaseExecutor.java:233)
	at com.kms.katalon.core.main.TestSuiteExecutor.accessTestCaseMainPhase(TestSuiteExecutor.java:169)
	at com.kms.katalon.core.main.TestSuiteExecutor.accessTestSuiteMainPhase(TestSuiteExecutor.java:142)
	at com.kms.katalon.core.main.TestSuiteExecutor.execute(TestSuiteExecutor.java:91)
	at com.kms.katalon.core.main.TestCaseMain.startTestSuite(TestCaseMain.java:157)
	at com.kms.katalon.core.main.TestCaseMain$startTestSuite$0.call(Unknown Source)
	at TempTestSuite1587541757069.run(TempTestSuite1587541757069.groovy:37)
Caused by: com.kms.katalon.core.exception.StepFailedException: Call Test Case 'Test Cases/Reusable_Test_Sequences/CAT_Footer/Trades/Login_To_Members_Area_Verification' failed
	at com.kms.katalon.core.keyword.builtin.CallTestCaseKeyword$_callTestCase_closure1.doCall(CallTestCaseKeyword.groovy:63)
	at com.kms.katalon.core.keyword.builtin.CallTestCaseKeyword$_callTestCase_closure1.call(CallTestCaseKeyword.groovy)
	at com.kms.katalon.core.keyword.internal.KeywordMain.runKeyword(KeywordMain.groovy:68)
	... 18 more
Caused by: com.kms.katalon.core.exception.StepFailedException: Text 'EXCLUSIVE ACCESS FOR CHECKATRADE MEMBERS ONLY' is not present on page  (Root cause: com.kms.katalon.core.exception.StepFailedException: Text 'EXCLUSIVE ACCESS FOR CHECKATRADE MEMBERS ONLY' is not present on page 
	at com.kms.katalon.core.webui.keyword.internal.WebUIKeywordMain.stepFailed(WebUIKeywordMain.groovy:64)
	at com.kms.katalon.core.webui.keyword.builtin.VerifyTextPresentKeyword$_verifyTextPresent_closure1.doCall(VerifyTextPresentKeyword.groovy:79)
	at com.kms.katalon.core.webui.keyword.builtin.VerifyTextPresentKeyword$_verifyTextPresent_closure1.call(VerifyTextPresentKeyword.groovy)
	at com.kms.katalon.core.webui.keyword.internal.WebUIKeywordMain.runKeyword(WebUIKeywordMain.groovy:20)
	at com.kms.katalon.core.webui.keyword.builtin.VerifyTextPresentKeyword.verifyTextPresent(VerifyTextPresentKeyword.groovy:83)
	at com.kms.katalon.core.webui.keyword.builtin.VerifyTextPresentKeyword.execute(VerifyTextPresentKeyword.groovy:68)
	at com.kms.katalon.core.keyword.internal.KeywordExecutor.executeKeywordForPlatform(KeywordExecutor.groovy:72)
	at com.kms.katalon.core.webui.keyword.WebUiBuiltInKeywords.verifyTextPresent(WebUiBuiltInKeywords.groovy:1719)
	at com.kms.katalon.core.webui.keyword.WebUiBuiltInKeywords$verifyTextPresent$7.call(Unknown Source)
	at Login_To_Members_Area_Verification.run(Login_To_Members_Area_Verification:51)
	at com.kms.katalon.core.main.ScriptEngine.run(ScriptEngine.java:194)
	at com.kms.katalon.core.main.ScriptEngine.runScriptAsRawText(ScriptEngine.java:119)
	at com.kms.katalon.core.main.TestCaseExecutor.runScript(TestCaseExecutor.java:337)
	at com.kms.katalon.core.main.TestCaseExecutor.doExecute(TestCaseExecutor.java:328)
	at com.kms.katalon.core.main.TestCaseExecutor.processExecutionPhase(TestCaseExecutor.java:307)
	at com.kms.katalon.core.main.TestCaseExecutor.accessMainPhase(TestCaseExecutor.java:299)
	at com.kms.katalon.core.main.TestCaseExecutor.execute(TestCaseExecutor.java:233)
	at com.kms.katalon.core.main.TestCaseMain.runTestCase(TestCaseMain.java:114)
	at com.kms.katalon.core.keyword.builtin.CallTestCaseKeyword$_callTestCase_closure1.doCall(CallTestCaseKeyword.groovy:59)
	at com.kms.katalon.core.keyword.builtin.CallTestCaseKeyword$_callTestCase_closure1.call(CallTestCaseKeyword.groovy)
	at com.kms.katalon.core.keyword.internal.KeywordMain.runKeyword(KeywordMain.groovy:68)
	at com.kms.katalon.core.keyword.builtin.CallTestCaseKeyword.callTestCase(CallTestCaseKeyword.groovy:81)
	at com.kms.katalon.core.keyword.builtin.CallTestCaseKeyword.execute(CallTestCaseKeyword.groovy:44)
	at com.kms.katalon.core.keyword.internal.KeywordExecutor.executeKeywordForPlatform(KeywordExecutor.groovy:72)
	at com.kms.katalon.core.keyword.BuiltinKeywords.callTestCase(BuiltinKeywords.groovy:334)
	at Login_To_Members_Area.run(Login_To_Members_Area:73)
	at com.kms.katalon.core.main.ScriptEngine.run(ScriptEngine.java:194)
	at com.kms.katalon.core.main.ScriptEngine.runScriptAsRawText(ScriptEngine.java:119)
	at com.kms.katalon.core.main.TestCaseExecutor.runScript(TestCaseExecutor.java:337)
	at com.kms.katalon.core.main.TestCaseExecutor.doExecute(TestCaseExecutor.java:328)
	at com.kms.katalon.core.main.TestCaseExecutor.processExecutionPhase(TestCaseExecutor.java:307)
	at com.kms.katalon.core.main.TestCaseExecutor.accessMainPhase(TestCaseExecutor.java:299)
	at com.kms.katalon.core.main.TestCaseExecutor.execute(TestCaseExecutor.java:233)
	at com.kms.katalon.core.main.TestSuiteExecutor.accessTestCaseMainPhase(TestSuiteExecutor.java:169)
	at com.kms.katalon.core.main.TestSuiteExecutor.accessTestSuiteMainPhase(TestSuiteExecutor.java:142)
	at com.kms.katalon.core.main.TestSuiteExecutor.execute(TestSuiteExecutor.java:91)
	at com.kms.katalon.core.main.TestCaseMain.startTestSuite(TestCaseMain.java:157)
	at com.kms.katalon.core.main.TestCaseMain$startTestSuite$0.call(Unknown Source)
	at TempTestSuite1587541757069.run(TempTestSuite1587541757069.groovy:37)
)
	at com.kms.katalon.core.keyword.internal.KeywordMain.stepFailed(KeywordMain.groovy:39)
	at com.kms.katalon.core.webui.keyword.internal.WebUIKeywordMain.stepFailed(WebUIKeywordMain.groovy:64)
	at com.kms.katalon.core.webui.keyword.builtin.VerifyTextPresentKeyword$_verifyTextPresent_closure1.doCall(VerifyTextPresentKeyword.groovy:79)
	at com.kms.katalon.core.webui.keyword.builtin.VerifyTextPresentKeyword$_verifyTextPresent_closure1.call(VerifyTextPresentKeyword.groovy)
	at com.kms.katalon.core.webui.keyword.internal.WebUIKeywordMain.runKeyword(WebUIKeywordMain.groovy:20)
	at com.kms.katalon.core.webui.keyword.builtin.VerifyTextPresentKeyword.verifyTextPresent(VerifyTextPresentKeyword.groovy:83)
	at com.kms.katalon.core.webui.keyword.builtin.VerifyTextPresentKeyword.execute(VerifyTextPresentKeyword.groovy:68)
	at com.kms.katalon.core.keyword.internal.KeywordExecutor.executeKeywordForPlatform(KeywordExecutor.groovy:72)
	at com.kms.katalon.core.webui.keyword.WebUiBuiltInKeywords.verifyTextPresent(WebUiBuiltInKeywords.groovy:1719)
	at com.kms.katalon.core.webui.keyword.WebUiBuiltInKeywords$verifyTextPresent$7.call(Unknown Source)
	at Login_To_Members_Area_Verification.run(Login_To_Members_Area_Verification:51)
	at com.kms.katalon.core.main.ScriptEngine.run(ScriptEngine.java:194)
	at com.kms.katalon.core.main.ScriptEngine.runScriptAsRawText(ScriptEngine.java:119)
	at com.kms.katalon.core.main.TestCaseExecutor.runScript(TestCaseExecutor.java:337)
	at com.kms.katalon.core.main.TestCaseExecutor.doExecute(TestCaseExecutor.java:328)
	at com.kms.katalon.core.main.TestCaseExecutor.processExecutionPhase(TestCaseExecutor.java:307)
	at com.kms.katalon.core.main.TestCaseExecutor.accessMainPhase(TestCaseExecutor.java:299)
	at com.kms.katalon.core.main.TestCaseExecutor.execute(TestCaseExecutor.java:233)
	at com.kms.katalon.core.main.TestCaseMain.runTestCase(TestCaseMain.java:114)
	at com.kms.katalon.core.keyword.builtin.CallTestCaseKeyword$_callTestCase_closure1.doCall(CallTestCaseKeyword.groovy:59)
	... 20 more
Caused by: com.kms.katalon.core.exception.StepFailedException: Text 'EXCLUSIVE ACCESS FOR CHECKATRADE MEMBERS ONLY' is not present on page 
	... 39 more
"/>
         <system-out><![CDATA[2020-04-22 08:55:35 - [TEST_CASE][FAILED] - Test Cases/CAT_Footer/Trades/Login_To_Members_Area: Test Cases/CAT_Footer/Trades/Login_To_Members_Area FAILED.
Reason:
com.kms.katalon.core.exception.StepFailedException: Unable to call Test Case 'Test Cases/Reusable_Test_Sequences/CAT_Footer/Trades/Login_To_Members_Area_Verification' (Root cause: com.kms.katalon.core.exception.StepFailedException: Call Test Case 'Test Cases/Reusable_Test_Sequences/CAT_Footer/Trades/Login_To_Members_Area_Verification' failed
	at com.kms.katalon.core.keyword.builtin.CallTestCaseKeyword$_callTestCase_closure1.doCall(CallTestCaseKeyword.groovy:63)
	at com.kms.katalon.core.keyword.builtin.CallTestCaseKeyword$_callTestCase_closure1.call(CallTestCaseKeyword.groovy)
	at com.kms.katalon.core.keyword.internal.KeywordMain.runKeyword(KeywordMain.groovy:68)
	at com.kms.katalon.core.keyword.builtin.CallTestCaseKeyword.callTestCase(CallTestCaseKeyword.groovy:81)
	at com.kms.katalon.core.keyword.builtin.CallTestCaseKeyword.execute(CallTestCaseKeyword.groovy:44)
	at com.kms.katalon.core.keyword.internal.KeywordExecutor.executeKeywordForPlatform(KeywordExecutor.groovy:72)
	at com.kms.katalon.core.keyword.BuiltinKeywords.callTestCase(BuiltinKeywords.groovy:334)
	at Login_To_Members_Area.run(Login_To_Members_Area:73)
	at com.kms.katalon.core.main.ScriptEngine.run(ScriptEngine.java:194)
	at com.kms.katalon.core.main.ScriptEngine.runScriptAsRawText(ScriptEngine.java:119)
	at com.kms.katalon.core.main.TestCaseExecutor.runScript(TestCaseExecutor.java:337)
	at com.kms.katalon.core.main.TestCaseExecutor.doExecute(TestCaseExecutor.java:328)
	at com.kms.katalon.core.main.TestCaseExecutor.processExecutionPhase(TestCaseExecutor.java:307)
	at com.kms.katalon.core.main.TestCaseExecutor.accessMainPhase(TestCaseExecutor.java:299)
	at com.kms.katalon.core.main.TestCaseExecutor.execute(TestCaseExecutor.java:233)
	at com.kms.katalon.core.main.TestSuiteExecutor.accessTestCaseMainPhase(TestSuiteExecutor.java:169)
	at com.kms.katalon.core.main.TestSuiteExecutor.accessTestSuiteMainPhase(TestSuiteExecutor.java:142)
	at com.kms.katalon.core.main.TestSuiteExecutor.execute(TestSuiteExecutor.java:91)
	at com.kms.katalon.core.main.TestCaseMain.startTestSuite(TestCaseMain.java:157)
	at com.kms.katalon.core.main.TestCaseMain$startTestSuite$0.call(Unknown Source)
	at TempTestSuite1587541757069.run(TempTestSuite1587541757069.groovy:37)
Caused by: com.kms.katalon.core.exception.StepFailedException: Text 'EXCLUSIVE ACCESS FOR CHECKATRADE MEMBERS ONLY' is not present on page  (Root cause: com.kms.katalon.core.exception.StepFailedException: Text 'EXCLUSIVE ACCESS FOR CHECKATRADE MEMBERS ONLY' is not present on page 
	at com.kms.katalon.core.webui.keyword.internal.WebUIKeywordMain.stepFailed(WebUIKeywordMain.groovy:64)
	at com.kms.katalon.core.webui.keyword.builtin.VerifyTextPresentKeyword$_verifyTextPresent_closure1.doCall(VerifyTextPresentKeyword.groovy:79)
	at com.kms.katalon.core.webui.keyword.builtin.VerifyTextPresentKeyword$_verifyTextPresent_closure1.call(VerifyTextPresentKeyword.groovy)
	at com.kms.katalon.core.webui.keyword.internal.WebUIKeywordMain.runKeyword(WebUIKeywordMain.groovy:20)
	at com.kms.katalon.core.webui.keyword.builtin.VerifyTextPresentKeyword.verifyTextPresent(VerifyTextPresentKeyword.groovy:83)
	at com.kms.katalon.core.webui.keyword.builtin.VerifyTextPresentKeyword.execute(VerifyTextPresentKeyword.groovy:68)
	at com.kms.katalon.core.keyword.internal.KeywordExecutor.executeKeywordForPlatform(KeywordExecutor.groovy:72)
	at com.kms.katalon.core.webui.keyword.WebUiBuiltInKeywords.verifyTextPresent(WebUiBuiltInKeywords.groovy:1719)
	at com.kms.katalon.core.webui.keyword.WebUiBuiltInKeywords$verifyTextPresent$7.call(Unknown Source)
	at Login_To_Members_Area_Verification.run(Login_To_Members_Area_Verification:51)
	at com.kms.katalon.core.main.ScriptEngine.run(ScriptEngine.java:194)
	at com.kms.katalon.core.main.ScriptEngine.runScriptAsRawText(ScriptEngine.java:119)
	at com.kms.katalon.core.main.TestCaseExecutor.runScript(TestCaseExecutor.java:337)
	at com.kms.katalon.core.main.TestCaseExecutor.doExecute(TestCaseExecutor.java:328)
	at com.kms.katalon.core.main.TestCaseExecutor.processExecutionPhase(TestCaseExecutor.java:307)
	at com.kms.katalon.core.main.TestCaseExecutor.accessMainPhase(TestCaseExecutor.java:299)
	at com.kms.katalon.core.main.TestCaseExecutor.execute(TestCaseExecutor.java:233)
	at com.kms.katalon.core.main.TestCaseMain.runTestCase(TestCaseMain.java:114)
	at com.kms.katalon.core.keyword.builtin.CallTestCaseKeyword$_callTestCase_closure1.doCall(CallTestCaseKeyword.groovy:59)
	at com.kms.katalon.core.keyword.builtin.CallTestCaseKeyword$_callTestCase_closure1.call(CallTestCaseKeyword.groovy)
	at com.kms.katalon.core.keyword.internal.KeywordMain.runKeyword(KeywordMain.groovy:68)
	at com.kms.katalon.core.keyword.builtin.CallTestCaseKeyword.callTestCase(CallTestCaseKeyword.groovy:81)
	at com.kms.katalon.core.keyword.builtin.CallTestCaseKeyword.execute(CallTestCaseKeyword.groovy:44)
	at com.kms.katalon.core.keyword.internal.KeywordExecutor.executeKeywordForPlatform(KeywordExecutor.groovy:72)
	at com.kms.katalon.core.keyword.BuiltinKeywords.callTestCase(BuiltinKeywords.groovy:334)
	at Login_To_Members_Area.run(Login_To_Members_Area:73)
	at com.kms.katalon.core.main.ScriptEngine.run(ScriptEngine.java:194)
	at com.kms.katalon.core.main.ScriptEngine.runScriptAsRawText(ScriptEngine.java:119)
	at com.kms.katalon.core.main.TestCaseExecutor.runScript(TestCaseExecutor.java:337)
	at com.kms.katalon.core.main.TestCaseExecutor.doExecute(TestCaseExecutor.java:328)
	at com.kms.katalon.core.main.TestCaseExecutor.processExecutionPhase(TestCaseExecutor.java:307)
	at com.kms.katalon.core.main.TestCaseExecutor.accessMainPhase(TestCaseExecutor.java:299)
	at com.kms.katalon.core.main.TestCaseExecutor.execute(TestCaseExecutor.java:233)
	at com.kms.katalon.core.main.TestSuiteExecutor.accessTestCaseMainPhase(TestSuiteExecutor.java:169)
	at com.kms.katalon.core.main.TestSuiteExecutor.accessTestSuiteMainPhase(TestSuiteExecutor.java:142)
	at com.kms.katalon.core.main.TestSuiteExecutor.execute(TestSuiteExecutor.java:91)
	at com.kms.katalon.core.main.TestCaseMain.startTestSuite(TestCaseMain.java:157)
	at com.kms.katalon.core.main.TestCaseMain$startTestSuite$0.call(Unknown Source)
	at TempTestSuite1587541757069.run(TempTestSuite1587541757069.groovy:37)
)
	at com.kms.katalon.core.keyword.internal.KeywordMain.stepFailed(KeywordMain.groovy:39)
	at com.kms.katalon.core.webui.keyword.internal.WebUIKeywordMain.stepFailed(WebUIKeywordMain.groovy:64)
	at com.kms.katalon.core.webui.keyword.builtin.VerifyTextPresentKeyword$_verifyTextPresent_closure1.doCall(VerifyTextPresentKeyword.groovy:79)
	at com.kms.katalon.core.webui.keyword.builtin.VerifyTextPresentKeyword$_verifyTextPresent_closure1.call(VerifyTextPresentKeyword.groovy)
	at com.kms.katalon.core.webui.keyword.internal.WebUIKeywordMain.runKeyword(WebUIKeywordMain.groovy:20)
	at com.kms.katalon.core.webui.keyword.builtin.VerifyTextPresentKeyword.verifyTextPresent(VerifyTextPresentKeyword.groovy:83)
	at com.kms.katalon.core.webui.keyword.builtin.VerifyTextPresentKeyword.execute(VerifyTextPresentKeyword.groovy:68)
	at com.kms.katalon.core.keyword.internal.KeywordExecutor.executeKeywordForPlatform(KeywordExecutor.groovy:72)
	at com.kms.katalon.core.webui.keyword.WebUiBuiltInKeywords.verifyTextPresent(WebUiBuiltInKeywords.groovy:1719)
	at com.kms.katalon.core.webui.keyword.WebUiBuiltInKeywords$verifyTextPresent$7.call(Unknown Source)
	at Login_To_Members_Area_Verification.run(Login_To_Members_Area_Verification:51)
	at com.kms.katalon.core.main.ScriptEngine.run(ScriptEngine.java:194)
	at com.kms.katalon.core.main.ScriptEngine.runScriptAsRawText(ScriptEngine.java:119)
	at com.kms.katalon.core.main.TestCaseExecutor.runScript(TestCaseExecutor.java:337)
	at com.kms.katalon.core.main.TestCaseExecutor.doExecute(TestCaseExecutor.java:328)
	at com.kms.katalon.core.main.TestCaseExecutor.processExecutionPhase(TestCaseExecutor.java:307)
	at com.kms.katalon.core.main.TestCaseExecutor.accessMainPhase(TestCaseExecutor.java:299)
	at com.kms.katalon.core.main.TestCaseExecutor.execute(TestCaseExecutor.java:233)
	at com.kms.katalon.core.main.TestCaseMain.runTestCase(TestCaseMain.java:114)
	at com.kms.katalon.core.keyword.builtin.CallTestCaseKeyword$_callTestCase_closure1.doCall(CallTestCaseKeyword.groovy:59)
	... 20 more
Caused by: com.kms.katalon.core.exception.StepFailedException: Text 'EXCLUSIVE ACCESS FOR CHECKATRADE MEMBERS ONLY' is not present on page 
	... 39 more
)
	at com.kms.katalon.core.keyword.internal.KeywordMain.stepFailed(KeywordMain.groovy:39)
	at com.kms.katalon.core.keyword.internal.KeywordMain.stepFailed(KeywordMain.groovy)
	at com.kms.katalon.core.keyword.internal.KeywordMain.runKeyword(KeywordMain.groovy:70)
	at com.kms.katalon.core.keyword.builtin.CallTestCaseKeyword.callTestCase(CallTestCaseKeyword.groovy:81)
	at com.kms.katalon.core.keyword.builtin.CallTestCaseKeyword.execute(CallTestCaseKeyword.groovy:44)
	at com.kms.katalon.core.keyword.internal.KeywordExecutor.executeKeywordForPlatform(KeywordExecutor.groovy:72)
	at com.kms.katalon.core.keyword.BuiltinKeywords.callTestCase(BuiltinKeywords.groovy:334)
	at Login_To_Members_Area.run(Login_To_Members_Area:73)
	at com.kms.katalon.core.main.ScriptEngine.run(ScriptEngine.java:194)
	at com.kms.katalon.core.main.ScriptEngine.runScriptAsRawText(ScriptEngine.java:119)
	at com.kms.katalon.core.main.TestCaseExecutor.runScript(TestCaseExecutor.java:337)
	at com.kms.katalon.core.main.TestCaseExecutor.doExecute(TestCaseExecutor.java:328)
	at com.kms.katalon.core.main.TestCaseExecutor.processExecutionPhase(TestCaseExecutor.java:307)
	at com.kms.katalon.core.main.TestCaseExecutor.accessMainPhase(TestCaseExecutor.java:299)
	at com.kms.katalon.core.main.TestCaseExecutor.execute(TestCaseExecutor.java:233)
	at com.kms.katalon.core.main.TestSuiteExecutor.accessTestCaseMainPhase(TestSuiteExecutor.java:169)
	at com.kms.katalon.core.main.TestSuiteExecutor.accessTestSuiteMainPhase(TestSuiteExecutor.java:142)
	at com.kms.katalon.core.main.TestSuiteExecutor.execute(TestSuiteExecutor.java:91)
	at com.kms.katalon.core.main.TestCaseMain.startTestSuite(TestCaseMain.java:157)
	at com.kms.katalon.core.main.TestCaseMain$startTestSuite$0.call(Unknown Source)
	at TempTestSuite1587541757069.run(TempTestSuite1587541757069.groovy:37)
Caused by: com.kms.katalon.core.exception.StepFailedException: Call Test Case 'Test Cases/Reusable_Test_Sequences/CAT_Footer/Trades/Login_To_Members_Area_Verification' failed
	at com.kms.katalon.core.keyword.builtin.CallTestCaseKeyword$_callTestCase_closure1.doCall(CallTestCaseKeyword.groovy:63)
	at com.kms.katalon.core.keyword.builtin.CallTestCaseKeyword$_callTestCase_closure1.call(CallTestCaseKeyword.groovy)
	at com.kms.katalon.core.keyword.internal.KeywordMain.runKeyword(KeywordMain.groovy:68)
	... 18 more
Caused by: com.kms.katalon.core.exception.StepFailedException: Text 'EXCLUSIVE ACCESS FOR CHECKATRADE MEMBERS ONLY' is not present on page  (Root cause: com.kms.katalon.core.exception.StepFailedException: Text 'EXCLUSIVE ACCESS FOR CHECKATRADE MEMBERS ONLY' is not present on page 
	at com.kms.katalon.core.webui.keyword.internal.WebUIKeywordMain.stepFailed(WebUIKeywordMain.groovy:64)
	at com.kms.katalon.core.webui.keyword.builtin.VerifyTextPresentKeyword$_verifyTextPresent_closure1.doCall(VerifyTextPresentKeyword.groovy:79)
	at com.kms.katalon.core.webui.keyword.builtin.VerifyTextPresentKeyword$_verifyTextPresent_closure1.call(VerifyTextPresentKeyword.groovy)
	at com.kms.katalon.core.webui.keyword.internal.WebUIKeywordMain.runKeyword(WebUIKeywordMain.groovy:20)
	at com.kms.katalon.core.webui.keyword.builtin.VerifyTextPresentKeyword.verifyTextPresent(VerifyTextPresentKeyword.groovy:83)
	at com.kms.katalon.core.webui.keyword.builtin.VerifyTextPresentKeyword.execute(VerifyTextPresentKeyword.groovy:68)
	at com.kms.katalon.core.keyword.internal.KeywordExecutor.executeKeywordForPlatform(KeywordExecutor.groovy:72)
	at com.kms.katalon.core.webui.keyword.WebUiBuiltInKeywords.verifyTextPresent(WebUiBuiltInKeywords.groovy:1719)
	at com.kms.katalon.core.webui.keyword.WebUiBuiltInKeywords$verifyTextPresent$7.call(Unknown Source)
	at Login_To_Members_Area_Verification.run(Login_To_Members_Area_Verification:51)
	at com.kms.katalon.core.main.ScriptEngine.run(ScriptEngine.java:194)
	at com.kms.katalon.core.main.ScriptEngine.runScriptAsRawText(ScriptEngine.java:119)
	at com.kms.katalon.core.main.TestCaseExecutor.runScript(TestCaseExecutor.java:337)
	at com.kms.katalon.core.main.TestCaseExecutor.doExecute(TestCaseExecutor.java:328)
	at com.kms.katalon.core.main.TestCaseExecutor.processExecutionPhase(TestCaseExecutor.java:307)
	at com.kms.katalon.core.main.TestCaseExecutor.accessMainPhase(TestCaseExecutor.java:299)
	at com.kms.katalon.core.main.TestCaseExecutor.execute(TestCaseExecutor.java:233)
	at com.kms.katalon.core.main.TestCaseMain.runTestCase(TestCaseMain.java:114)
	at com.kms.katalon.core.keyword.builtin.CallTestCaseKeyword$_callTestCase_closure1.doCall(CallTestCaseKeyword.groovy:59)
	at com.kms.katalon.core.keyword.builtin.CallTestCaseKeyword$_callTestCase_closure1.call(CallTestCaseKeyword.groovy)
	at com.kms.katalon.core.keyword.internal.KeywordMain.runKeyword(KeywordMain.groovy:68)
	at com.kms.katalon.core.keyword.builtin.CallTestCaseKeyword.callTestCase(CallTestCaseKeyword.groovy:81)
	at com.kms.katalon.core.keyword.builtin.CallTestCaseKeyword.execute(CallTestCaseKeyword.groovy:44)
	at com.kms.katalon.core.keyword.internal.KeywordExecutor.executeKeywordForPlatform(KeywordExecutor.groovy:72)
	at com.kms.katalon.core.keyword.BuiltinKeywords.callTestCase(BuiltinKeywords.groovy:334)
	at Login_To_Members_Area.run(Login_To_Members_Area:73)
	at com.kms.katalon.core.main.ScriptEngine.run(ScriptEngine.java:194)
	at com.kms.katalon.core.main.ScriptEngine.runScriptAsRawText(ScriptEngine.java:119)
	at com.kms.katalon.core.main.TestCaseExecutor.runScript(TestCaseExecutor.java:337)
	at com.kms.katalon.core.main.TestCaseExecutor.doExecute(TestCaseExecutor.java:328)
	at com.kms.katalon.core.main.TestCaseExecutor.processExecutionPhase(TestCaseExecutor.java:307)
	at com.kms.katalon.core.main.TestCaseExecutor.accessMainPhase(TestCaseExecutor.java:299)
	at com.kms.katalon.core.main.TestCaseExecutor.execute(TestCaseExecutor.java:233)
	at com.kms.katalon.core.main.TestSuiteExecutor.accessTestCaseMainPhase(TestSuiteExecutor.java:169)
	at com.kms.katalon.core.main.TestSuiteExecutor.accessTestSuiteMainPhase(TestSuiteExecutor.java:142)
	at com.kms.katalon.core.main.TestSuiteExecutor.execute(TestSuiteExecutor.java:91)
	at com.kms.katalon.core.main.TestCaseMain.startTestSuite(TestCaseMain.java:157)
	at com.kms.katalon.core.main.TestCaseMain$startTestSuite$0.call(Unknown Source)
	at TempTestSuite1587541757069.run(TempTestSuite1587541757069.groovy:37)
)
	at com.kms.katalon.core.keyword.internal.KeywordMain.stepFailed(KeywordMain.groovy:39)
	at com.kms.katalon.core.webui.keyword.internal.WebUIKeywordMain.stepFailed(WebUIKeywordMain.groovy:64)
	at com.kms.katalon.core.webui.keyword.builtin.VerifyTextPresentKeyword$_verifyTextPresent_closure1.doCall(VerifyTextPresentKeyword.groovy:79)
	at com.kms.katalon.core.webui.keyword.builtin.VerifyTextPresentKeyword$_verifyTextPresent_closure1.call(VerifyTextPresentKeyword.groovy)
	at com.kms.katalon.core.webui.keyword.internal.WebUIKeywordMain.runKeyword(WebUIKeywordMain.groovy:20)
	at com.kms.katalon.core.webui.keyword.builtin.VerifyTextPresentKeyword.verifyTextPresent(VerifyTextPresentKeyword.groovy:83)
	at com.kms.katalon.core.webui.keyword.builtin.VerifyTextPresentKeyword.execute(VerifyTextPresentKeyword.groovy:68)
	at com.kms.katalon.core.keyword.internal.KeywordExecutor.executeKeywordForPlatform(KeywordExecutor.groovy:72)
	at com.kms.katalon.core.webui.keyword.WebUiBuiltInKeywords.verifyTextPresent(WebUiBuiltInKeywords.groovy:1719)
	at com.kms.katalon.core.webui.keyword.WebUiBuiltInKeywords$verifyTextPresent$7.call(Unknown Source)
	at Login_To_Members_Area_Verification.run(Login_To_Members_Area_Verification:51)
	at com.kms.katalon.core.main.ScriptEngine.run(ScriptEngine.java:194)
	at com.kms.katalon.core.main.ScriptEngine.runScriptAsRawText(ScriptEngine.java:119)
	at com.kms.katalon.core.main.TestCaseExecutor.runScript(TestCaseExecutor.java:337)
	at com.kms.katalon.core.main.TestCaseExecutor.doExecute(TestCaseExecutor.java:328)
	at com.kms.katalon.core.main.TestCaseExecutor.processExecutionPhase(TestCaseExecutor.java:307)
	at com.kms.katalon.core.main.TestCaseExecutor.accessMainPhase(TestCaseExecutor.java:299)
	at com.kms.katalon.core.main.TestCaseExecutor.execute(TestCaseExecutor.java:233)
	at com.kms.katalon.core.main.TestCaseMain.runTestCase(TestCaseMain.java:114)
	at com.kms.katalon.core.keyword.builtin.CallTestCaseKeyword$_callTestCase_closure1.doCall(CallTestCaseKeyword.groovy:59)
	... 20 more
Caused by: com.kms.katalon.core.exception.StepFailedException: Text 'EXCLUSIVE ACCESS FOR CHECKATRADE MEMBERS ONLY' is not present on page 
	... 39 more


2020-04-22 08:55:35 - [TEST_STEP][PASSED] - callTestCase(findTestCase("Reusable_Test_Sequences/CAT_Setup"), [:], OPTIONAL): Call Test Case 'Test Cases/Reusable_Test_Sequences/CAT_Setup' successfully

2020-04-22 08:55:35 - [TEST_CASE][PASSED] - Test Cases/Reusable_Test_Sequences/CAT_Setup: Test Cases/Reusable_Test_Sequences/CAT_Setup

2020-04-22 08:55:35 - [TEST_STEP][PASSED] - "------------------------------": null

2020-04-22 08:55:35 - [TEST_STEP][PASSED] - " Set Mobile Device Testing    |": null

2020-04-22 08:55:35 - [TEST_STEP][PASSED] - if (Mobile_Flag == "true"): null

2020-04-22 08:55:35 - [TEST_STEP][PASSED] - "------------------------------": null

2020-04-22 08:55:35 - [TEST_STEP][PASSED] - " Set Mobile Device Testing    |": null

2020-04-22 08:55:35 - [TEST_STEP][PASSED] - "------------------------------": null

2020-04-22 08:55:35 - [TEST_STEP][PASSED] - "URL - Set from the ENVIRONMENT PROFILE ": null

2020-04-22 08:55:35 - [TEST_STEP][PASSED] - openBrowser(URL): Browser is opened with url: 'https://www.preview.checkatrade.com/'

2020-04-22 08:55:35 - [MESSAGE][INFO] - Starting 'Chrome' driver

2020-04-22 08:55:35 - [MESSAGE][INFO] - Action delay is set to 0 milliseconds

2020-04-22 08:55:43 - [MESSAGE][PASSED] - Browser is opened with url: 'https://www.preview.checkatrade.com/'

2020-04-22 08:55:43 - [TEST_STEP][PASSED] - maximizeWindow(): Current window maximized

2020-04-22 08:55:46 - [MESSAGE][PASSED] - Current window maximized

2020-04-22 08:55:46 - [TEST_STEP][PASSED] - waitForPageLoad(60): Wait for page load successfully

2020-04-22 08:55:46 - [MESSAGE][PASSED] - Wait for page load successfully

2020-04-22 08:55:46 - [TEST_STEP][PASSED] - "Previous Functionalilty Left Commented For Ease Of reversion": null

2020-04-22 08:55:46 - [TEST_STEP][PASSED] - " Katalon Try/Catches currently have issues? SEE HEADER": null

2020-04-22 08:55:46 - [TEST_STEP][PASSED] - try: Text 'Cookie Policy' is not present on page

2020-04-22 08:55:46 - [TEST_STEP][PASSED] - verifyElementPresent(findTestObject("Object Repository/Cookies/Page_Checkatrade Find a tradesperson you can trust/button_Accept All"), 5, OPTIONAL): Object 'Object Repository/Cookies/Page_Checkatrade Find a tradesperson you can trust/button_Accept All' is present

2020-04-22 08:55:46 - [MESSAGE][PASSED] - Object 'Object Repository/Cookies/Page_Checkatrade Find a tradesperson you can trust/button_Accept All' is present

2020-04-22 08:55:46 - [TEST_STEP][PASSED] - click(findTestObject("Object Repository/Cookies/Page_Checkatrade Find a tradesperson you can trust/button_Accept All"), OPTIONAL): Object: 'Object Repository/Cookies/Page_Checkatrade Find a tradesperson you can trust/button_Accept All' is clicked on

2020-04-22 08:55:47 - [MESSAGE][PASSED] - Object: 'Object Repository/Cookies/Page_Checkatrade Find a tradesperson you can trust/button_Accept All' is clicked on

2020-04-22 08:55:47 - [TEST_STEP][PASSED] - "---------------------------------": null

2020-04-22 08:55:47 - [TEST_STEP][PASSED] - "COOKIE POPOUT REMOVED - Confirmed": null

2020-04-22 08:55:47 - [TEST_STEP][PASSED] - delay(1): Delayed 1 second(s)

2020-04-22 08:55:48 - [MESSAGE][PASSED] - Delayed 1 second(s)

2020-04-22 08:55:48 - [TEST_STEP][PASSED] - verifyTextNotPresent("We use cookies to personalise content and ads, to provide social media features and to analyse our traffic", false): Text 'We use cookies to personalise content and ads, to provide social media features and to analyse our traffic' is not present on page

2020-04-22 08:55:48 - [MESSAGE][PASSED] - Text 'We use cookies to personalise content and ads, to provide social media features and to analyse our traffic' is not present on page

2020-04-22 08:55:48 - [TEST_STEP][PASSED] - verifyTextNotPresent(" We also share information about your use of our site with our social media, advertising and analytics partners", false): Text ' We also share information about your use of our site with our social media, advertising and analytics partners' is not present on page

2020-04-22 08:55:49 - [MESSAGE][PASSED] - Text ' We also share information about your use of our site with our social media, advertising and analytics partners' is not present on page

2020-04-22 08:55:49 - [TEST_STEP][PASSED] - verifyTextNotPresent("Cookie Policy", false): Text 'Cookie Policy' is not present on page

2020-04-22 08:55:49 - [MESSAGE][PASSED] - Text 'Cookie Policy' is not present on page

2020-04-22 08:55:49 - [TEST_STEP][PASSED] - waitForPageLoad(60): Wait for page load successfully

2020-04-22 08:55:49 - [MESSAGE][PASSED] - Wait for page load successfully

2020-04-22 08:55:49 - [TEST_STEP][PASSED] - "COOKIE - ORIGINAL": null

2020-04-22 08:55:49 - [TEST_STEP][PASSED] - if (waitForElementVisible(findTestObject("Object Repository/Feedback/Page_Checkatrade Give your feedback/input_Member_to_Review"), 5)): Web element with id: 'Object Repository/Feedback/Page_Checkatrade Give your feedback/input_Member_to_Review' located by 'By.xpath: //input[@id='feedback-form__company_autocomplete_input']' not found

2020-04-22 08:55:55 - [MESSAGE][INFO] - Unable to find the element located by 'By.xpath: //input[@id='feedback-form__company_autocomplete_input']'. Please recheck the objects properties to make sure the desired element is located. 

2020-04-22 08:55:55 - [MESSAGE][WARNING] - Web element with id: 'Object Repository/Feedback/Page_Checkatrade Give your feedback/input_Member_to_Review' located by 'By.xpath: //input[@id='feedback-form__company_autocomplete_input']' not found

2020-04-22 08:55:55 - [TEST_STEP][PASSED] - else: The <<<OLD>>> Website was detected by the STARTUP Process

2020-04-22 08:55:55 - [TEST_STEP][PASSED] - if (!(verifyElementVisible(findTestObject("Object Repository/Checkatrade_Trade_Search_Page/Page_Checkatrade Find a tradesperson you can trust/input_Search_Button_FF")))): Object 'Object Repository/Checkatrade_Trade_Search_Page/Page_Checkatrade Find a tradesperson you can trust/input_Search_Button_FF' is visible

2020-04-22 08:55:55 - [MESSAGE][PASSED] - Object 'Object Repository/Checkatrade_Trade_Search_Page/Page_Checkatrade Find a tradesperson you can trust/input_Search_Button_FF' is visible

2020-04-22 08:55:55 - [TEST_STEP][PASSED] - else: The <<<OLD>>> Website was detected by the STARTUP Process

2020-04-22 08:55:55 - [TEST_STEP][PASSED] - Website_Version = "old": null

2020-04-22 08:55:55 - [TEST_STEP][PASSED] - logInfo("The <<<OLD>>> Website was detected by the STARTUP Process"): The <<<OLD>>> Website was detected by the STARTUP Process

2020-04-22 08:55:55 - [MESSAGE][INFO] - The <<<OLD>>> Website was detected by the STARTUP Process

2020-04-22 08:55:55 - [MESSAGE][PASSED] - Call Test Case 'Test Cases/Reusable_Test_Sequences/CAT_Setup' successfully

2020-04-22 08:55:55 - [TEST_STEP][PASSED] - callTestCase(findTestCase("Reusable_Test_Sequences/CAT_Home"), [:], CONTINUE_ON_FAILURE): Call Test Case 'Test Cases/Reusable_Test_Sequences/CAT_Home' successfully

2020-04-22 08:55:55 - [TEST_CASE][PASSED] - Test Cases/Reusable_Test_Sequences/CAT_Home: Test Cases/Reusable_Test_Sequences/CAT_Home

2020-04-22 08:55:55 - [TEST_STEP][PASSED] - waitForPageLoad(60): Wait for page load successfully

2020-04-22 08:55:55 - [MESSAGE][PASSED] - Wait for page load successfully

2020-04-22 08:55:55 - [TEST_STEP][PASSED] - delay(2): Delayed 2 second(s)

2020-04-22 08:55:57 - [MESSAGE][PASSED] - Delayed 2 second(s)

2020-04-22 08:55:57 - [TEST_STEP][PASSED] - "------------------------------------": null

2020-04-22 08:55:57 - [TEST_STEP][PASSED] - if (Website_Version == "new"): null

2020-04-22 08:55:57 - [TEST_STEP][PASSED] - else: Text 'Over a million visits to Checkatrade each month' is present on page 

2020-04-22 08:55:57 - [TEST_STEP][PASSED] - verifyTextPresent("Helping you find the right trade or service", false): Text 'Helping you find the right trade or service' is present on page 

2020-04-22 08:55:57 - [MESSAGE][PASSED] - Text 'Helping you find the right trade or service' is present on page 

2020-04-22 08:55:57 - [TEST_STEP][PASSED] - verifyTextPresent("Search through over", false): Text 'Search through over' is present on page 

2020-04-22 08:55:57 - [MESSAGE][PASSED] - Text 'Search through over' is present on page 

2020-04-22 08:55:57 - [TEST_STEP][PASSED] - verifyTextPresent("recommended, vetted and monitored trades and service providers for free.", false): Text 'recommended, vetted and monitored trades and service providers for free.' is present on page 

2020-04-22 08:55:58 - [MESSAGE][PASSED] - Text 'recommended, vetted and monitored trades and service providers for free.' is present on page 

2020-04-22 08:55:58 - [TEST_STEP][PASSED] - verifyTextPresent("reviews published so far – thank you!", false): Text 'reviews published so far – thank you!' is present on page 

2020-04-22 08:55:58 - [MESSAGE][PASSED] - Text 'reviews published so far – thank you!' is present on page 

2020-04-22 08:55:58 - [TEST_STEP][PASSED] - verifyTextPresent("I need a trade or service", false): Text 'I need a trade or service' is present on page 

2020-04-22 08:55:59 - [MESSAGE][PASSED] - Text 'I need a trade or service' is present on page 

2020-04-22 08:55:59 - [TEST_STEP][PASSED] - verifyTextPresent("Every trader thoroughly checked and vetted", false): Text 'Every trader thoroughly checked and vetted' is present on page 

2020-04-22 08:55:59 - [MESSAGE][PASSED] - Text 'Every trader thoroughly checked and vetted' is present on page 

2020-04-22 08:55:59 - [TEST_STEP][PASSED] - "------------------------------------": null

2020-04-22 08:55:59 - [TEST_STEP][PASSED] - verifyTextPresent("reviews published so far – thank you!", false): Text 'reviews published so far – thank you!' is present on page 

2020-04-22 08:56:00 - [MESSAGE][PASSED] - Text 'reviews published so far – thank you!' is present on page 

2020-04-22 08:56:00 - [TEST_STEP][PASSED] - verifyTextPresent("Find out more", false): Text 'Find out more' is present on page 

2020-04-22 08:56:00 - [MESSAGE][PASSED] - Text 'Find out more' is present on page 

2020-04-22 08:56:00 - [TEST_STEP][PASSED] - verifyTextPresent("I am a tradesman", false): Text 'I am a tradesman' is present on page 

2020-04-22 08:56:00 - [MESSAGE][PASSED] - Text 'I am a tradesman' is present on page 

2020-04-22 08:56:00 - [TEST_STEP][PASSED] - verifyTextPresent("Find out more", false): Text 'Find out more' is present on page 

2020-04-22 08:56:00 - [MESSAGE][PASSED] - Text 'Find out more' is present on page 

2020-04-22 08:56:00 - [TEST_STEP][PASSED] - verifyTextPresent("Over a million visits to Checkatrade each month", false): Text 'Over a million visits to Checkatrade each month' is present on page 

2020-04-22 08:56:00 - [MESSAGE][PASSED] - Text 'Over a million visits to Checkatrade each month' is present on page 

2020-04-22 08:56:00 - [MESSAGE][PASSED] - Call Test Case 'Test Cases/Reusable_Test_Sequences/CAT_Home' successfully

2020-04-22 08:56:00 - [TEST_STEP][PASSED] - "---------------------------------------": null

2020-04-22 08:56:00 - [TEST_STEP][PASSED] - " Navigate to Trades->Find out More     |": null

2020-04-22 08:56:00 - [TEST_STEP][PASSED] - scrollToElement(findTestObject("Object Repository/CAT_Footer/Page_Checkatrade Find a tradesperson you can trust/div_Login To Members Area"), 3): Scroll to object 'Object Repository/CAT_Footer/Page_Checkatrade Find a tradesperson you can trust/div_Login To Members Area' successfully

2020-04-22 08:56:01 - [MESSAGE][PASSED] - Scroll to object 'Object Repository/CAT_Footer/Page_Checkatrade Find a tradesperson you can trust/div_Login To Members Area' successfully

2020-04-22 08:56:01 - [TEST_STEP][PASSED] - click(findTestObject("Object Repository/CAT_Footer/Page_Checkatrade Find a tradesperson you can trust/div_Login To Members Area")): Object: 'Object Repository/CAT_Footer/Page_Checkatrade Find a tradesperson you can trust/div_Login To Members Area' is clicked on

2020-04-22 08:56:01 - [MESSAGE][PASSED] - Object: 'Object Repository/CAT_Footer/Page_Checkatrade Find a tradesperson you can trust/div_Login To Members Area' is clicked on

2020-04-22 08:56:01 - [TEST_STEP][PASSED] - "---------------------------------------": null

2020-04-22 08:56:01 - [TEST_STEP][PASSED] - " Verify Returned Page is as Expected   |": null

2020-04-22 08:56:01 - [TEST_STEP][FAILED] - callTestCase(findTestCase("Reusable_Test_Sequences/CAT_Footer/Trades/Login_To_Members_Area_Verification"), [:], CONTINUE_ON_FAILURE): Unable to call Test Case 'Test Cases/Reusable_Test_Sequences/CAT_Footer/Trades/Login_To_Members_Area_Verification' (Root cause: com.kms.katalon.core.exception.StepFailedException: Call Test Case 'Test Cases/Reusable_Test_Sequences/CAT_Footer/Trades/Login_To_Members_Area_Verification' failed
	at com.kms.katalon.core.keyword.builtin.CallTestCaseKeyword$_callTestCase_closure1.doCall(CallTestCaseKeyword.groovy:63)
	at com.kms.katalon.core.keyword.builtin.CallTestCaseKeyword$_callTestCase_closure1.call(CallTestCaseKeyword.groovy)
	at com.kms.katalon.core.keyword.internal.KeywordMain.runKeyword(KeywordMain.groovy:68)
	at com.kms.katalon.core.keyword.builtin.CallTestCaseKeyword.callTestCase(CallTestCaseKeyword.groovy:81)
	at com.kms.katalon.core.keyword.builtin.CallTestCaseKeyword.execute(CallTestCaseKeyword.groovy:44)
	at com.kms.katalon.core.keyword.internal.KeywordExecutor.executeKeywordForPlatform(KeywordExecutor.groovy:72)
	at com.kms.katalon.core.keyword.BuiltinKeywords.callTestCase(BuiltinKeywords.groovy:334)
	at Login_To_Members_Area.run(Login_To_Members_Area:73)
	at com.kms.katalon.core.main.ScriptEngine.run(ScriptEngine.java:194)
	at com.kms.katalon.core.main.ScriptEngine.runScriptAsRawText(ScriptEngine.java:119)
	at com.kms.katalon.core.main.TestCaseExecutor.runScript(TestCaseExecutor.java:337)
	at com.kms.katalon.core.main.TestCaseExecutor.doExecute(TestCaseExecutor.java:328)
	at com.kms.katalon.core.main.TestCaseExecutor.processExecutionPhase(TestCaseExecutor.java:307)
	at com.kms.katalon.core.main.TestCaseExecutor.accessMainPhase(TestCaseExecutor.java:299)
	at com.kms.katalon.core.main.TestCaseExecutor.execute(TestCaseExecutor.java:233)
	at com.kms.katalon.core.main.TestSuiteExecutor.accessTestCaseMainPhase(TestSuiteExecutor.java:169)
	at com.kms.katalon.core.main.TestSuiteExecutor.accessTestSuiteMainPhase(TestSuiteExecutor.java:142)
	at com.kms.katalon.core.main.TestSuiteExecutor.execute(TestSuiteExecutor.java:91)
	at com.kms.katalon.core.main.TestCaseMain.startTestSuite(TestCaseMain.java:157)
	at com.kms.katalon.core.main.TestCaseMain$startTestSuite$0.call(Unknown Source)
	at TempTestSuite1587541757069.run(TempTestSuite1587541757069.groovy:37)
Caused by: com.kms.katalon.core.exception.StepFailedException: Text 'EXCLUSIVE ACCESS FOR CHECKATRADE MEMBERS ONLY' is not present on page  (Root cause: com.kms.katalon.core.exception.StepFailedException: Text 'EXCLUSIVE ACCESS FOR CHECKATRADE MEMBERS ONLY' is not present on page 
	at com.kms.katalon.core.webui.keyword.internal.WebUIKeywordMain.stepFailed(WebUIKeywordMain.groovy:64)
	at com.kms.katalon.core.webui.keyword.builtin.VerifyTextPresentKeyword$_verifyTextPresent_closure1.doCall(VerifyTextPresentKeyword.groovy:79)
	at com.kms.katalon.core.webui.keyword.builtin.VerifyTextPresentKeyword$_verifyTextPresent_closure1.call(VerifyTextPresentKeyword.groovy)
	at com.kms.katalon.core.webui.keyword.internal.WebUIKeywordMain.runKeyword(WebUIKeywordMain.groovy:20)
	at com.kms.katalon.core.webui.keyword.builtin.VerifyTextPresentKeyword.verifyTextPresent(VerifyTextPresentKeyword.groovy:83)
	at com.kms.katalon.core.webui.keyword.builtin.VerifyTextPresentKeyword.execute(VerifyTextPresentKeyword.groovy:68)
	at com.kms.katalon.core.keyword.internal.KeywordExecutor.executeKeywordForPlatform(KeywordExecutor.groovy:72)
	at com.kms.katalon.core.webui.keyword.WebUiBuiltInKeywords.verifyTextPresent(WebUiBuiltInKeywords.groovy:1719)
	at com.kms.katalon.core.webui.keyword.WebUiBuiltInKeywords$verifyTextPresent$7.call(Unknown Source)
	at Login_To_Members_Area_Verification.run(Login_To_Members_Area_Verification:51)
	at com.kms.katalon.core.main.ScriptEngine.run(ScriptEngine.java:194)
	at com.kms.katalon.core.main.ScriptEngine.runScriptAsRawText(ScriptEngine.java:119)
	at com.kms.katalon.core.main.TestCaseExecutor.runScript(TestCaseExecutor.java:337)
	at com.kms.katalon.core.main.TestCaseExecutor.doExecute(TestCaseExecutor.java:328)
	at com.kms.katalon.core.main.TestCaseExecutor.processExecutionPhase(TestCaseExecutor.java:307)
	at com.kms.katalon.core.main.TestCaseExecutor.accessMainPhase(TestCaseExecutor.java:299)
	at com.kms.katalon.core.main.TestCaseExecutor.execute(TestCaseExecutor.java:233)
	at com.kms.katalon.core.main.TestCaseMain.runTestCase(TestCaseMain.java:114)
	at com.kms.katalon.core.keyword.builtin.CallTestCaseKeyword$_callTestCase_closure1.doCall(CallTestCaseKeyword.groovy:59)
	at com.kms.katalon.core.keyword.builtin.CallTestCaseKeyword$_callTestCase_closure1.call(CallTestCaseKeyword.groovy)
	at com.kms.katalon.core.keyword.internal.KeywordMain.runKeyword(KeywordMain.groovy:68)
	at com.kms.katalon.core.keyword.builtin.CallTestCaseKeyword.callTestCase(CallTestCaseKeyword.groovy:81)
	at com.kms.katalon.core.keyword.builtin.CallTestCaseKeyword.execute(CallTestCaseKeyword.groovy:44)
	at com.kms.katalon.core.keyword.internal.KeywordExecutor.executeKeywordForPlatform(KeywordExecutor.groovy:72)
	at com.kms.katalon.core.keyword.BuiltinKeywords.callTestCase(BuiltinKeywords.groovy:334)
	at Login_To_Members_Area.run(Login_To_Members_Area:73)
	at com.kms.katalon.core.main.ScriptEngine.run(ScriptEngine.java:194)
	at com.kms.katalon.core.main.ScriptEngine.runScriptAsRawText(ScriptEngine.java:119)
	at com.kms.katalon.core.main.TestCaseExecutor.runScript(TestCaseExecutor.java:337)
	at com.kms.katalon.core.main.TestCaseExecutor.doExecute(TestCaseExecutor.java:328)
	at com.kms.katalon.core.main.TestCaseExecutor.processExecutionPhase(TestCaseExecutor.java:307)
	at com.kms.katalon.core.main.TestCaseExecutor.accessMainPhase(TestCaseExecutor.java:299)
	at com.kms.katalon.core.main.TestCaseExecutor.execute(TestCaseExecutor.java:233)
	at com.kms.katalon.core.main.TestSuiteExecutor.accessTestCaseMainPhase(TestSuiteExecutor.java:169)
	at com.kms.katalon.core.main.TestSuiteExecutor.accessTestSuiteMainPhase(TestSuiteExecutor.java:142)
	at com.kms.katalon.core.main.TestSuiteExecutor.execute(TestSuiteExecutor.java:91)
	at com.kms.katalon.core.main.TestCaseMain.startTestSuite(TestCaseMain.java:157)
	at com.kms.katalon.core.main.TestCaseMain$startTestSuite$0.call(Unknown Source)
	at TempTestSuite1587541757069.run(TempTestSuite1587541757069.groovy:37)
)
	at com.kms.katalon.core.keyword.internal.KeywordMain.stepFailed(KeywordMain.groovy:39)
	at com.kms.katalon.core.webui.keyword.internal.WebUIKeywordMain.stepFailed(WebUIKeywordMain.groovy:64)
	at com.kms.katalon.core.webui.keyword.builtin.VerifyTextPresentKeyword$_verifyTextPresent_closure1.doCall(VerifyTextPresentKeyword.groovy:79)
	at com.kms.katalon.core.webui.keyword.builtin.VerifyTextPresentKeyword$_verifyTextPresent_closure1.call(VerifyTextPresentKeyword.groovy)
	at com.kms.katalon.core.webui.keyword.internal.WebUIKeywordMain.runKeyword(WebUIKeywordMain.groovy:20)
	at com.kms.katalon.core.webui.keyword.builtin.VerifyTextPresentKeyword.verifyTextPresent(VerifyTextPresentKeyword.groovy:83)
	at com.kms.katalon.core.webui.keyword.builtin.VerifyTextPresentKeyword.execute(VerifyTextPresentKeyword.groovy:68)
	at com.kms.katalon.core.keyword.internal.KeywordExecutor.executeKeywordForPlatform(KeywordExecutor.groovy:72)
	at com.kms.katalon.core.webui.keyword.WebUiBuiltInKeywords.verifyTextPresent(WebUiBuiltInKeywords.groovy:1719)
	at com.kms.katalon.core.webui.keyword.WebUiBuiltInKeywords$verifyTextPresent$7.call(Unknown Source)
	at Login_To_Members_Area_Verification.run(Login_To_Members_Area_Verification:51)
	at com.kms.katalon.core.main.ScriptEngine.run(ScriptEngine.java:194)
	at com.kms.katalon.core.main.ScriptEngine.runScriptAsRawText(ScriptEngine.java:119)
	at com.kms.katalon.core.main.TestCaseExecutor.runScript(TestCaseExecutor.java:337)
	at com.kms.katalon.core.main.TestCaseExecutor.doExecute(TestCaseExecutor.java:328)
	at com.kms.katalon.core.main.TestCaseExecutor.processExecutionPhase(TestCaseExecutor.java:307)
	at com.kms.katalon.core.main.TestCaseExecutor.accessMainPhase(TestCaseExecutor.java:299)
	at com.kms.katalon.core.main.TestCaseExecutor.execute(TestCaseExecutor.java:233)
	at com.kms.katalon.core.main.TestCaseMain.runTestCase(TestCaseMain.java:114)
	at com.kms.katalon.core.keyword.builtin.CallTestCaseKeyword$_callTestCase_closure1.doCall(CallTestCaseKeyword.groovy:59)
	... 20 more
Caused by: com.kms.katalon.core.exception.StepFailedException: Text 'EXCLUSIVE ACCESS FOR CHECKATRADE MEMBERS ONLY' is not present on page 
	... 39 more
)

2020-04-22 08:56:01 - [TEST_CASE][FAILED] - Test Cases/Reusable_Test_Sequences/CAT_Footer/Trades/Login_To_Members_Area_Verification: Test Cases/Reusable_Test_Sequences/CAT_Footer/Trades/Login_To_Members_Area_Verification FAILED.
Reason:
com.kms.katalon.core.exception.StepFailedException: Text 'EXCLUSIVE ACCESS FOR CHECKATRADE MEMBERS ONLY' is not present on page  (Root cause: com.kms.katalon.core.exception.StepFailedException: Text 'EXCLUSIVE ACCESS FOR CHECKATRADE MEMBERS ONLY' is not present on page 
	at com.kms.katalon.core.webui.keyword.internal.WebUIKeywordMain.stepFailed(WebUIKeywordMain.groovy:64)
	at com.kms.katalon.core.webui.keyword.builtin.VerifyTextPresentKeyword$_verifyTextPresent_closure1.doCall(VerifyTextPresentKeyword.groovy:79)
	at com.kms.katalon.core.webui.keyword.builtin.VerifyTextPresentKeyword$_verifyTextPresent_closure1.call(VerifyTextPresentKeyword.groovy)
	at com.kms.katalon.core.webui.keyword.internal.WebUIKeywordMain.runKeyword(WebUIKeywordMain.groovy:20)
	at com.kms.katalon.core.webui.keyword.builtin.VerifyTextPresentKeyword.verifyTextPresent(VerifyTextPresentKeyword.groovy:83)
	at com.kms.katalon.core.webui.keyword.builtin.VerifyTextPresentKeyword.execute(VerifyTextPresentKeyword.groovy:68)
	at com.kms.katalon.core.keyword.internal.KeywordExecutor.executeKeywordForPlatform(KeywordExecutor.groovy:72)
	at com.kms.katalon.core.webui.keyword.WebUiBuiltInKeywords.verifyTextPresent(WebUiBuiltInKeywords.groovy:1719)
	at com.kms.katalon.core.webui.keyword.WebUiBuiltInKeywords$verifyTextPresent$7.call(Unknown Source)
	at Login_To_Members_Area_Verification.run(Login_To_Members_Area_Verification:51)
	at com.kms.katalon.core.main.ScriptEngine.run(ScriptEngine.java:194)
	at com.kms.katalon.core.main.ScriptEngine.runScriptAsRawText(ScriptEngine.java:119)
	at com.kms.katalon.core.main.TestCaseExecutor.runScript(TestCaseExecutor.java:337)
	at com.kms.katalon.core.main.TestCaseExecutor.doExecute(TestCaseExecutor.java:328)
	at com.kms.katalon.core.main.TestCaseExecutor.processExecutionPhase(TestCaseExecutor.java:307)
	at com.kms.katalon.core.main.TestCaseExecutor.accessMainPhase(TestCaseExecutor.java:299)
	at com.kms.katalon.core.main.TestCaseExecutor.execute(TestCaseExecutor.java:233)
	at com.kms.katalon.core.main.TestCaseMain.runTestCase(TestCaseMain.java:114)
	at com.kms.katalon.core.keyword.builtin.CallTestCaseKeyword$_callTestCase_closure1.doCall(CallTestCaseKeyword.groovy:59)
	at com.kms.katalon.core.keyword.builtin.CallTestCaseKeyword$_callTestCase_closure1.call(CallTestCaseKeyword.groovy)
	at com.kms.katalon.core.keyword.internal.KeywordMain.runKeyword(KeywordMain.groovy:68)
	at com.kms.katalon.core.keyword.builtin.CallTestCaseKeyword.callTestCase(CallTestCaseKeyword.groovy:81)
	at com.kms.katalon.core.keyword.builtin.CallTestCaseKeyword.execute(CallTestCaseKeyword.groovy:44)
	at com.kms.katalon.core.keyword.internal.KeywordExecutor.executeKeywordForPlatform(KeywordExecutor.groovy:72)
	at com.kms.katalon.core.keyword.BuiltinKeywords.callTestCase(BuiltinKeywords.groovy:334)
	at Login_To_Members_Area.run(Login_To_Members_Area:73)
	at com.kms.katalon.core.main.ScriptEngine.run(ScriptEngine.java:194)
	at com.kms.katalon.core.main.ScriptEngine.runScriptAsRawText(ScriptEngine.java:119)
	at com.kms.katalon.core.main.TestCaseExecutor.runScript(TestCaseExecutor.java:337)
	at com.kms.katalon.core.main.TestCaseExecutor.doExecute(TestCaseExecutor.java:328)
	at com.kms.katalon.core.main.TestCaseExecutor.processExecutionPhase(TestCaseExecutor.java:307)
	at com.kms.katalon.core.main.TestCaseExecutor.accessMainPhase(TestCaseExecutor.java:299)
	at com.kms.katalon.core.main.TestCaseExecutor.execute(TestCaseExecutor.java:233)
	at com.kms.katalon.core.main.TestSuiteExecutor.accessTestCaseMainPhase(TestSuiteExecutor.java:169)
	at com.kms.katalon.core.main.TestSuiteExecutor.accessTestSuiteMainPhase(TestSuiteExecutor.java:142)
	at com.kms.katalon.core.main.TestSuiteExecutor.execute(TestSuiteExecutor.java:91)
	at com.kms.katalon.core.main.TestCaseMain.startTestSuite(TestCaseMain.java:157)
	at com.kms.katalon.core.main.TestCaseMain$startTestSuite$0.call(Unknown Source)
	at TempTestSuite1587541757069.run(TempTestSuite1587541757069.groovy:37)
)
	at com.kms.katalon.core.keyword.internal.KeywordMain.stepFailed(KeywordMain.groovy:39)
	at com.kms.katalon.core.webui.keyword.internal.WebUIKeywordMain.stepFailed(WebUIKeywordMain.groovy:64)
	at com.kms.katalon.core.webui.keyword.builtin.VerifyTextPresentKeyword$_verifyTextPresent_closure1.doCall(VerifyTextPresentKeyword.groovy:79)
	at com.kms.katalon.core.webui.keyword.builtin.VerifyTextPresentKeyword$_verifyTextPresent_closure1.call(VerifyTextPresentKeyword.groovy)
	at com.kms.katalon.core.webui.keyword.internal.WebUIKeywordMain.runKeyword(WebUIKeywordMain.groovy:20)
	at com.kms.katalon.core.webui.keyword.builtin.VerifyTextPresentKeyword.verifyTextPresent(VerifyTextPresentKeyword.groovy:83)
	at com.kms.katalon.core.webui.keyword.builtin.VerifyTextPresentKeyword.execute(VerifyTextPresentKeyword.groovy:68)
	at com.kms.katalon.core.keyword.internal.KeywordExecutor.executeKeywordForPlatform(KeywordExecutor.groovy:72)
	at com.kms.katalon.core.webui.keyword.WebUiBuiltInKeywords.verifyTextPresent(WebUiBuiltInKeywords.groovy:1719)
	at com.kms.katalon.core.webui.keyword.WebUiBuiltInKeywords$verifyTextPresent$7.call(Unknown Source)
	at Login_To_Members_Area_Verification.run(Login_To_Members_Area_Verification:51)
	at com.kms.katalon.core.main.ScriptEngine.run(ScriptEngine.java:194)
	at com.kms.katalon.core.main.ScriptEngine.runScriptAsRawText(ScriptEngine.java:119)
	at com.kms.katalon.core.main.TestCaseExecutor.runScript(TestCaseExecutor.java:337)
	at com.kms.katalon.core.main.TestCaseExecutor.doExecute(TestCaseExecutor.java:328)
	at com.kms.katalon.core.main.TestCaseExecutor.processExecutionPhase(TestCaseExecutor.java:307)
	at com.kms.katalon.core.main.TestCaseExecutor.accessMainPhase(TestCaseExecutor.java:299)
	at com.kms.katalon.core.main.TestCaseExecutor.execute(TestCaseExecutor.java:233)
	at com.kms.katalon.core.main.TestCaseMain.runTestCase(TestCaseMain.java:114)
	at com.kms.katalon.core.keyword.builtin.CallTestCaseKeyword$_callTestCase_closure1.doCall(CallTestCaseKeyword.groovy:59)
	at com.kms.katalon.core.keyword.builtin.CallTestCaseKeyword$_callTestCase_closure1.call(CallTestCaseKeyword.groovy)
	at com.kms.katalon.core.keyword.internal.KeywordMain.runKeyword(KeywordMain.groovy:68)
	at com.kms.katalon.core.keyword.builtin.CallTestCaseKeyword.callTestCase(CallTestCaseKeyword.groovy:81)
	at com.kms.katalon.core.keyword.builtin.CallTestCaseKeyword.execute(CallTestCaseKeyword.groovy:44)
	at com.kms.katalon.core.keyword.internal.KeywordExecutor.executeKeywordForPlatform(KeywordExecutor.groovy:72)
	at com.kms.katalon.core.keyword.BuiltinKeywords.callTestCase(BuiltinKeywords.groovy:334)
	at Login_To_Members_Area.run(Login_To_Members_Area:73)
	at com.kms.katalon.core.main.ScriptEngine.run(ScriptEngine.java:194)
	at com.kms.katalon.core.main.ScriptEngine.runScriptAsRawText(ScriptEngine.java:119)
	at com.kms.katalon.core.main.TestCaseExecutor.runScript(TestCaseExecutor.java:337)
	at com.kms.katalon.core.main.TestCaseExecutor.doExecute(TestCaseExecutor.java:328)
	at com.kms.katalon.core.main.TestCaseExecutor.processExecutionPhase(TestCaseExecutor.java:307)
	at com.kms.katalon.core.main.TestCaseExecutor.accessMainPhase(TestCaseExecutor.java:299)
	at com.kms.katalon.core.main.TestCaseExecutor.execute(TestCaseExecutor.java:233)
	at com.kms.katalon.core.main.TestSuiteExecutor.accessTestCaseMainPhase(TestSuiteExecutor.java:169)
	at com.kms.katalon.core.main.TestSuiteExecutor.accessTestSuiteMainPhase(TestSuiteExecutor.java:142)
	at com.kms.katalon.core.main.TestSuiteExecutor.execute(TestSuiteExecutor.java:91)
	at com.kms.katalon.core.main.TestCaseMain.startTestSuite(TestCaseMain.java:157)
	at com.kms.katalon.core.main.TestCaseMain$startTestSuite$0.call(Unknown Source)
	at TempTestSuite1587541757069.run(TempTestSuite1587541757069.groovy:37)
Caused by: com.kms.katalon.core.exception.StepFailedException: Text 'EXCLUSIVE ACCESS FOR CHECKATRADE MEMBERS ONLY' is not present on page 
	... 39 more


2020-04-22 08:56:02 - [TEST_STEP][FAILED] - verifyTextPresent("EXCLUSIVE ACCESS FOR CHECKATRADE MEMBERS ONLY", false): Text 'EXCLUSIVE ACCESS FOR CHECKATRADE MEMBERS ONLY' is not present on page  (Root cause: com.kms.katalon.core.exception.StepFailedException: Text 'EXCLUSIVE ACCESS FOR CHECKATRADE MEMBERS ONLY' is not present on page 
	at com.kms.katalon.core.webui.keyword.internal.WebUIKeywordMain.stepFailed(WebUIKeywordMain.groovy:64)
	at com.kms.katalon.core.webui.keyword.builtin.VerifyTextPresentKeyword$_verifyTextPresent_closure1.doCall(VerifyTextPresentKeyword.groovy:79)
	at com.kms.katalon.core.webui.keyword.builtin.VerifyTextPresentKeyword$_verifyTextPresent_closure1.call(VerifyTextPresentKeyword.groovy)
	at com.kms.katalon.core.webui.keyword.internal.WebUIKeywordMain.runKeyword(WebUIKeywordMain.groovy:20)
	at com.kms.katalon.core.webui.keyword.builtin.VerifyTextPresentKeyword.verifyTextPresent(VerifyTextPresentKeyword.groovy:83)
	at com.kms.katalon.core.webui.keyword.builtin.VerifyTextPresentKeyword.execute(VerifyTextPresentKeyword.groovy:68)
	at com.kms.katalon.core.keyword.internal.KeywordExecutor.executeKeywordForPlatform(KeywordExecutor.groovy:72)
	at com.kms.katalon.core.webui.keyword.WebUiBuiltInKeywords.verifyTextPresent(WebUiBuiltInKeywords.groovy:1719)
	at com.kms.katalon.core.webui.keyword.WebUiBuiltInKeywords$verifyTextPresent$7.call(Unknown Source)
	at Login_To_Members_Area_Verification.run(Login_To_Members_Area_Verification:51)
	at com.kms.katalon.core.main.ScriptEngine.run(ScriptEngine.java:194)
	at com.kms.katalon.core.main.ScriptEngine.runScriptAsRawText(ScriptEngine.java:119)
	at com.kms.katalon.core.main.TestCaseExecutor.runScript(TestCaseExecutor.java:337)
	at com.kms.katalon.core.main.TestCaseExecutor.doExecute(TestCaseExecutor.java:328)
	at com.kms.katalon.core.main.TestCaseExecutor.processExecutionPhase(TestCaseExecutor.java:307)
	at com.kms.katalon.core.main.TestCaseExecutor.accessMainPhase(TestCaseExecutor.java:299)
	at com.kms.katalon.core.main.TestCaseExecutor.execute(TestCaseExecutor.java:233)
	at com.kms.katalon.core.main.TestCaseMain.runTestCase(TestCaseMain.java:114)
	at com.kms.katalon.core.keyword.builtin.CallTestCaseKeyword$_callTestCase_closure1.doCall(CallTestCaseKeyword.groovy:59)
	at com.kms.katalon.core.keyword.builtin.CallTestCaseKeyword$_callTestCase_closure1.call(CallTestCaseKeyword.groovy)
	at com.kms.katalon.core.keyword.internal.KeywordMain.runKeyword(KeywordMain.groovy:68)
	at com.kms.katalon.core.keyword.builtin.CallTestCaseKeyword.callTestCase(CallTestCaseKeyword.groovy:81)
	at com.kms.katalon.core.keyword.builtin.CallTestCaseKeyword.execute(CallTestCaseKeyword.groovy:44)
	at com.kms.katalon.core.keyword.internal.KeywordExecutor.executeKeywordForPlatform(KeywordExecutor.groovy:72)
	at com.kms.katalon.core.keyword.BuiltinKeywords.callTestCase(BuiltinKeywords.groovy:334)
	at Login_To_Members_Area.run(Login_To_Members_Area:73)
	at com.kms.katalon.core.main.ScriptEngine.run(ScriptEngine.java:194)
	at com.kms.katalon.core.main.ScriptEngine.runScriptAsRawText(ScriptEngine.java:119)
	at com.kms.katalon.core.main.TestCaseExecutor.runScript(TestCaseExecutor.java:337)
	at com.kms.katalon.core.main.TestCaseExecutor.doExecute(TestCaseExecutor.java:328)
	at com.kms.katalon.core.main.TestCaseExecutor.processExecutionPhase(TestCaseExecutor.java:307)
	at com.kms.katalon.core.main.TestCaseExecutor.accessMainPhase(TestCaseExecutor.java:299)
	at com.kms.katalon.core.main.TestCaseExecutor.execute(TestCaseExecutor.java:233)
	at com.kms.katalon.core.main.TestSuiteExecutor.accessTestCaseMainPhase(TestSuiteExecutor.java:169)
	at com.kms.katalon.core.main.TestSuiteExecutor.accessTestSuiteMainPhase(TestSuiteExecutor.java:142)
	at com.kms.katalon.core.main.TestSuiteExecutor.execute(TestSuiteExecutor.java:91)
	at com.kms.katalon.core.main.TestCaseMain.startTestSuite(TestCaseMain.java:157)
	at com.kms.katalon.core.main.TestCaseMain$startTestSuite$0.call(Unknown Source)
	at TempTestSuite1587541757069.run(TempTestSuite1587541757069.groovy:37)
)

2020-04-22 08:56:02 - [MESSAGE][FAILED] - Text 'EXCLUSIVE ACCESS FOR CHECKATRADE MEMBERS ONLY' is not present on page  (Root cause: com.kms.katalon.core.exception.StepFailedException: Text 'EXCLUSIVE ACCESS FOR CHECKATRADE MEMBERS ONLY' is not present on page 
	at com.kms.katalon.core.webui.keyword.internal.WebUIKeywordMain.stepFailed(WebUIKeywordMain.groovy:64)
	at com.kms.katalon.core.webui.keyword.builtin.VerifyTextPresentKeyword$_verifyTextPresent_closure1.doCall(VerifyTextPresentKeyword.groovy:79)
	at com.kms.katalon.core.webui.keyword.builtin.VerifyTextPresentKeyword$_verifyTextPresent_closure1.call(VerifyTextPresentKeyword.groovy)
	at com.kms.katalon.core.webui.keyword.internal.WebUIKeywordMain.runKeyword(WebUIKeywordMain.groovy:20)
	at com.kms.katalon.core.webui.keyword.builtin.VerifyTextPresentKeyword.verifyTextPresent(VerifyTextPresentKeyword.groovy:83)
	at com.kms.katalon.core.webui.keyword.builtin.VerifyTextPresentKeyword.execute(VerifyTextPresentKeyword.groovy:68)
	at com.kms.katalon.core.keyword.internal.KeywordExecutor.executeKeywordForPlatform(KeywordExecutor.groovy:72)
	at com.kms.katalon.core.webui.keyword.WebUiBuiltInKeywords.verifyTextPresent(WebUiBuiltInKeywords.groovy:1719)
	at com.kms.katalon.core.webui.keyword.WebUiBuiltInKeywords$verifyTextPresent$7.call(Unknown Source)
	at Login_To_Members_Area_Verification.run(Login_To_Members_Area_Verification:51)
	at com.kms.katalon.core.main.ScriptEngine.run(ScriptEngine.java:194)
	at com.kms.katalon.core.main.ScriptEngine.runScriptAsRawText(ScriptEngine.java:119)
	at com.kms.katalon.core.main.TestCaseExecutor.runScript(TestCaseExecutor.java:337)
	at com.kms.katalon.core.main.TestCaseExecutor.doExecute(TestCaseExecutor.java:328)
	at com.kms.katalon.core.main.TestCaseExecutor.processExecutionPhase(TestCaseExecutor.java:307)
	at com.kms.katalon.core.main.TestCaseExecutor.accessMainPhase(TestCaseExecutor.java:299)
	at com.kms.katalon.core.main.TestCaseExecutor.execute(TestCaseExecutor.java:233)
	at com.kms.katalon.core.main.TestCaseMain.runTestCase(TestCaseMain.java:114)
	at com.kms.katalon.core.keyword.builtin.CallTestCaseKeyword$_callTestCase_closure1.doCall(CallTestCaseKeyword.groovy:59)
	at com.kms.katalon.core.keyword.builtin.CallTestCaseKeyword$_callTestCase_closure1.call(CallTestCaseKeyword.groovy)
	at com.kms.katalon.core.keyword.internal.KeywordMain.runKeyword(KeywordMain.groovy:68)
	at com.kms.katalon.core.keyword.builtin.CallTestCaseKeyword.callTestCase(CallTestCaseKeyword.groovy:81)
	at com.kms.katalon.core.keyword.builtin.CallTestCaseKeyword.execute(CallTestCaseKeyword.groovy:44)
	at com.kms.katalon.core.keyword.internal.KeywordExecutor.executeKeywordForPlatform(KeywordExecutor.groovy:72)
	at com.kms.katalon.core.keyword.BuiltinKeywords.callTestCase(BuiltinKeywords.groovy:334)
	at Login_To_Members_Area.run(Login_To_Members_Area:73)
	at com.kms.katalon.core.main.ScriptEngine.run(ScriptEngine.java:194)
	at com.kms.katalon.core.main.ScriptEngine.runScriptAsRawText(ScriptEngine.java:119)
	at com.kms.katalon.core.main.TestCaseExecutor.runScript(TestCaseExecutor.java:337)
	at com.kms.katalon.core.main.TestCaseExecutor.doExecute(TestCaseExecutor.java:328)
	at com.kms.katalon.core.main.TestCaseExecutor.processExecutionPhase(TestCaseExecutor.java:307)
	at com.kms.katalon.core.main.TestCaseExecutor.accessMainPhase(TestCaseExecutor.java:299)
	at com.kms.katalon.core.main.TestCaseExecutor.execute(TestCaseExecutor.java:233)
	at com.kms.katalon.core.main.TestSuiteExecutor.accessTestCaseMainPhase(TestSuiteExecutor.java:169)
	at com.kms.katalon.core.main.TestSuiteExecutor.accessTestSuiteMainPhase(TestSuiteExecutor.java:142)
	at com.kms.katalon.core.main.TestSuiteExecutor.execute(TestSuiteExecutor.java:91)
	at com.kms.katalon.core.main.TestCaseMain.startTestSuite(TestCaseMain.java:157)
	at com.kms.katalon.core.main.TestCaseMain$startTestSuite$0.call(Unknown Source)
	at TempTestSuite1587541757069.run(TempTestSuite1587541757069.groovy:37)
)

2020-04-22 08:56:02 - [TEST_STEP][FAILED] - verifyTextPresent("Forgotten password?", false): Text 'Forgotten password?' is not present on page  (Root cause: com.kms.katalon.core.exception.StepFailedException: Text 'Forgotten password?' is not present on page 
	at com.kms.katalon.core.webui.keyword.internal.WebUIKeywordMain.stepFailed(WebUIKeywordMain.groovy:64)
	at com.kms.katalon.core.webui.keyword.builtin.VerifyTextPresentKeyword$_verifyTextPresent_closure1.doCall(VerifyTextPresentKeyword.groovy:79)
	at com.kms.katalon.core.webui.keyword.builtin.VerifyTextPresentKeyword$_verifyTextPresent_closure1.call(VerifyTextPresentKeyword.groovy)
	at com.kms.katalon.core.webui.keyword.internal.WebUIKeywordMain.runKeyword(WebUIKeywordMain.groovy:20)
	at com.kms.katalon.core.webui.keyword.builtin.VerifyTextPresentKeyword.verifyTextPresent(VerifyTextPresentKeyword.groovy:83)
	at com.kms.katalon.core.webui.keyword.builtin.VerifyTextPresentKeyword.execute(VerifyTextPresentKeyword.groovy:68)
	at com.kms.katalon.core.keyword.internal.KeywordExecutor.executeKeywordForPlatform(KeywordExecutor.groovy:72)
	at com.kms.katalon.core.webui.keyword.WebUiBuiltInKeywords.verifyTextPresent(WebUiBuiltInKeywords.groovy:1719)
	at com.kms.katalon.core.webui.keyword.WebUiBuiltInKeywords$verifyTextPresent$7.call(Unknown Source)
	at Login_To_Members_Area_Verification.run(Login_To_Members_Area_Verification:57)
	at com.kms.katalon.core.main.ScriptEngine.run(ScriptEngine.java:194)
	at com.kms.katalon.core.main.ScriptEngine.runScriptAsRawText(ScriptEngine.java:119)
	at com.kms.katalon.core.main.TestCaseExecutor.runScript(TestCaseExecutor.java:337)
	at com.kms.katalon.core.main.TestCaseExecutor.doExecute(TestCaseExecutor.java:328)
	at com.kms.katalon.core.main.TestCaseExecutor.processExecutionPhase(TestCaseExecutor.java:307)
	at com.kms.katalon.core.main.TestCaseExecutor.accessMainPhase(TestCaseExecutor.java:299)
	at com.kms.katalon.core.main.TestCaseExecutor.execute(TestCaseExecutor.java:233)
	at com.kms.katalon.core.main.TestCaseMain.runTestCase(TestCaseMain.java:114)
	at com.kms.katalon.core.keyword.builtin.CallTestCaseKeyword$_callTestCase_closure1.doCall(CallTestCaseKeyword.groovy:59)
	at com.kms.katalon.core.keyword.builtin.CallTestCaseKeyword$_callTestCase_closure1.call(CallTestCaseKeyword.groovy)
	at com.kms.katalon.core.keyword.internal.KeywordMain.runKeyword(KeywordMain.groovy:68)
	at com.kms.katalon.core.keyword.builtin.CallTestCaseKeyword.callTestCase(CallTestCaseKeyword.groovy:81)
	at com.kms.katalon.core.keyword.builtin.CallTestCaseKeyword.execute(CallTestCaseKeyword.groovy:44)
	at com.kms.katalon.core.keyword.internal.KeywordExecutor.executeKeywordForPlatform(KeywordExecutor.groovy:72)
	at com.kms.katalon.core.keyword.BuiltinKeywords.callTestCase(BuiltinKeywords.groovy:334)
	at Login_To_Members_Area.run(Login_To_Members_Area:73)
	at com.kms.katalon.core.main.ScriptEngine.run(ScriptEngine.java:194)
	at com.kms.katalon.core.main.ScriptEngine.runScriptAsRawText(ScriptEngine.java:119)
	at com.kms.katalon.core.main.TestCaseExecutor.runScript(TestCaseExecutor.java:337)
	at com.kms.katalon.core.main.TestCaseExecutor.doExecute(TestCaseExecutor.java:328)
	at com.kms.katalon.core.main.TestCaseExecutor.processExecutionPhase(TestCaseExecutor.java:307)
	at com.kms.katalon.core.main.TestCaseExecutor.accessMainPhase(TestCaseExecutor.java:299)
	at com.kms.katalon.core.main.TestCaseExecutor.execute(TestCaseExecutor.java:233)
	at com.kms.katalon.core.main.TestSuiteExecutor.accessTestCaseMainPhase(TestSuiteExecutor.java:169)
	at com.kms.katalon.core.main.TestSuiteExecutor.accessTestSuiteMainPhase(TestSuiteExecutor.java:142)
	at com.kms.katalon.core.main.TestSuiteExecutor.execute(TestSuiteExecutor.java:91)
	at com.kms.katalon.core.main.TestCaseMain.startTestSuite(TestCaseMain.java:157)
	at com.kms.katalon.core.main.TestCaseMain$startTestSuite$0.call(Unknown Source)
	at TempTestSuite1587541757069.run(TempTestSuite1587541757069.groovy:37)
)

2020-04-22 08:56:02 - [MESSAGE][FAILED] - Text 'Forgotten password?' is not present on page  (Root cause: com.kms.katalon.core.exception.StepFailedException: Text 'Forgotten password?' is not present on page 
	at com.kms.katalon.core.webui.keyword.internal.WebUIKeywordMain.stepFailed(WebUIKeywordMain.groovy:64)
	at com.kms.katalon.core.webui.keyword.builtin.VerifyTextPresentKeyword$_verifyTextPresent_closure1.doCall(VerifyTextPresentKeyword.groovy:79)
	at com.kms.katalon.core.webui.keyword.builtin.VerifyTextPresentKeyword$_verifyTextPresent_closure1.call(VerifyTextPresentKeyword.groovy)
	at com.kms.katalon.core.webui.keyword.internal.WebUIKeywordMain.runKeyword(WebUIKeywordMain.groovy:20)
	at com.kms.katalon.core.webui.keyword.builtin.VerifyTextPresentKeyword.verifyTextPresent(VerifyTextPresentKeyword.groovy:83)
	at com.kms.katalon.core.webui.keyword.builtin.VerifyTextPresentKeyword.execute(VerifyTextPresentKeyword.groovy:68)
	at com.kms.katalon.core.keyword.internal.KeywordExecutor.executeKeywordForPlatform(KeywordExecutor.groovy:72)
	at com.kms.katalon.core.webui.keyword.WebUiBuiltInKeywords.verifyTextPresent(WebUiBuiltInKeywords.groovy:1719)
	at com.kms.katalon.core.webui.keyword.WebUiBuiltInKeywords$verifyTextPresent$7.call(Unknown Source)
	at Login_To_Members_Area_Verification.run(Login_To_Members_Area_Verification:57)
	at com.kms.katalon.core.main.ScriptEngine.run(ScriptEngine.java:194)
	at com.kms.katalon.core.main.ScriptEngine.runScriptAsRawText(ScriptEngine.java:119)
	at com.kms.katalon.core.main.TestCaseExecutor.runScript(TestCaseExecutor.java:337)
	at com.kms.katalon.core.main.TestCaseExecutor.doExecute(TestCaseExecutor.java:328)
	at com.kms.katalon.core.main.TestCaseExecutor.processExecutionPhase(TestCaseExecutor.java:307)
	at com.kms.katalon.core.main.TestCaseExecutor.accessMainPhase(TestCaseExecutor.java:299)
	at com.kms.katalon.core.main.TestCaseExecutor.execute(TestCaseExecutor.java:233)
	at com.kms.katalon.core.main.TestCaseMain.runTestCase(TestCaseMain.java:114)
	at com.kms.katalon.core.keyword.builtin.CallTestCaseKeyword$_callTestCase_closure1.doCall(CallTestCaseKeyword.groovy:59)
	at com.kms.katalon.core.keyword.builtin.CallTestCaseKeyword$_callTestCase_closure1.call(CallTestCaseKeyword.groovy)
	at com.kms.katalon.core.keyword.internal.KeywordMain.runKeyword(KeywordMain.groovy:68)
	at com.kms.katalon.core.keyword.builtin.CallTestCaseKeyword.callTestCase(CallTestCaseKeyword.groovy:81)
	at com.kms.katalon.core.keyword.builtin.CallTestCaseKeyword.execute(CallTestCaseKeyword.groovy:44)
	at com.kms.katalon.core.keyword.internal.KeywordExecutor.executeKeywordForPlatform(KeywordExecutor.groovy:72)
	at com.kms.katalon.core.keyword.BuiltinKeywords.callTestCase(BuiltinKeywords.groovy:334)
	at Login_To_Members_Area.run(Login_To_Members_Area:73)
	at com.kms.katalon.core.main.ScriptEngine.run(ScriptEngine.java:194)
	at com.kms.katalon.core.main.ScriptEngine.runScriptAsRawText(ScriptEngine.java:119)
	at com.kms.katalon.core.main.TestCaseExecutor.runScript(TestCaseExecutor.java:337)
	at com.kms.katalon.core.main.TestCaseExecutor.doExecute(TestCaseExecutor.java:328)
	at com.kms.katalon.core.main.TestCaseExecutor.processExecutionPhase(TestCaseExecutor.java:307)
	at com.kms.katalon.core.main.TestCaseExecutor.accessMainPhase(TestCaseExecutor.java:299)
	at com.kms.katalon.core.main.TestCaseExecutor.execute(TestCaseExecutor.java:233)
	at com.kms.katalon.core.main.TestSuiteExecutor.accessTestCaseMainPhase(TestSuiteExecutor.java:169)
	at com.kms.katalon.core.main.TestSuiteExecutor.accessTestSuiteMainPhase(TestSuiteExecutor.java:142)
	at com.kms.katalon.core.main.TestSuiteExecutor.execute(TestSuiteExecutor.java:91)
	at com.kms.katalon.core.main.TestCaseMain.startTestSuite(TestCaseMain.java:157)
	at com.kms.katalon.core.main.TestCaseMain$startTestSuite$0.call(Unknown Source)
	at TempTestSuite1587541757069.run(TempTestSuite1587541757069.groovy:37)
)

2020-04-22 08:56:02 - [TEST_STEP][FAILED] - verifyTextPresent("Forgotten username?", false): Text 'Forgotten username?' is not present on page  (Root cause: com.kms.katalon.core.exception.StepFailedException: Text 'Forgotten username?' is not present on page 
	at com.kms.katalon.core.webui.keyword.internal.WebUIKeywordMain.stepFailed(WebUIKeywordMain.groovy:64)
	at com.kms.katalon.core.webui.keyword.builtin.VerifyTextPresentKeyword$_verifyTextPresent_closure1.doCall(VerifyTextPresentKeyword.groovy:79)
	at com.kms.katalon.core.webui.keyword.builtin.VerifyTextPresentKeyword$_verifyTextPresent_closure1.call(VerifyTextPresentKeyword.groovy)
	at com.kms.katalon.core.webui.keyword.internal.WebUIKeywordMain.runKeyword(WebUIKeywordMain.groovy:20)
	at com.kms.katalon.core.webui.keyword.builtin.VerifyTextPresentKeyword.verifyTextPresent(VerifyTextPresentKeyword.groovy:83)
	at com.kms.katalon.core.webui.keyword.builtin.VerifyTextPresentKeyword.execute(VerifyTextPresentKeyword.groovy:68)
	at com.kms.katalon.core.keyword.internal.KeywordExecutor.executeKeywordForPlatform(KeywordExecutor.groovy:72)
	at com.kms.katalon.core.webui.keyword.WebUiBuiltInKeywords.verifyTextPresent(WebUiBuiltInKeywords.groovy:1719)
	at com.kms.katalon.core.webui.keyword.WebUiBuiltInKeywords$verifyTextPresent$7.call(Unknown Source)
	at Login_To_Members_Area_Verification.run(Login_To_Members_Area_Verification:63)
	at com.kms.katalon.core.main.ScriptEngine.run(ScriptEngine.java:194)
	at com.kms.katalon.core.main.ScriptEngine.runScriptAsRawText(ScriptEngine.java:119)
	at com.kms.katalon.core.main.TestCaseExecutor.runScript(TestCaseExecutor.java:337)
	at com.kms.katalon.core.main.TestCaseExecutor.doExecute(TestCaseExecutor.java:328)
	at com.kms.katalon.core.main.TestCaseExecutor.processExecutionPhase(TestCaseExecutor.java:307)
	at com.kms.katalon.core.main.TestCaseExecutor.accessMainPhase(TestCaseExecutor.java:299)
	at com.kms.katalon.core.main.TestCaseExecutor.execute(TestCaseExecutor.java:233)
	at com.kms.katalon.core.main.TestCaseMain.runTestCase(TestCaseMain.java:114)
	at com.kms.katalon.core.keyword.builtin.CallTestCaseKeyword$_callTestCase_closure1.doCall(CallTestCaseKeyword.groovy:59)
	at com.kms.katalon.core.keyword.builtin.CallTestCaseKeyword$_callTestCase_closure1.call(CallTestCaseKeyword.groovy)
	at com.kms.katalon.core.keyword.internal.KeywordMain.runKeyword(KeywordMain.groovy:68)
	at com.kms.katalon.core.keyword.builtin.CallTestCaseKeyword.callTestCase(CallTestCaseKeyword.groovy:81)
	at com.kms.katalon.core.keyword.builtin.CallTestCaseKeyword.execute(CallTestCaseKeyword.groovy:44)
	at com.kms.katalon.core.keyword.internal.KeywordExecutor.executeKeywordForPlatform(KeywordExecutor.groovy:72)
	at com.kms.katalon.core.keyword.BuiltinKeywords.callTestCase(BuiltinKeywords.groovy:334)
	at Login_To_Members_Area.run(Login_To_Members_Area:73)
	at com.kms.katalon.core.main.ScriptEngine.run(ScriptEngine.java:194)
	at com.kms.katalon.core.main.ScriptEngine.runScriptAsRawText(ScriptEngine.java:119)
	at com.kms.katalon.core.main.TestCaseExecutor.runScript(TestCaseExecutor.java:337)
	at com.kms.katalon.core.main.TestCaseExecutor.doExecute(TestCaseExecutor.java:328)
	at com.kms.katalon.core.main.TestCaseExecutor.processExecutionPhase(TestCaseExecutor.java:307)
	at com.kms.katalon.core.main.TestCaseExecutor.accessMainPhase(TestCaseExecutor.java:299)
	at com.kms.katalon.core.main.TestCaseExecutor.execute(TestCaseExecutor.java:233)
	at com.kms.katalon.core.main.TestSuiteExecutor.accessTestCaseMainPhase(TestSuiteExecutor.java:169)
	at com.kms.katalon.core.main.TestSuiteExecutor.accessTestSuiteMainPhase(TestSuiteExecutor.java:142)
	at com.kms.katalon.core.main.TestSuiteExecutor.execute(TestSuiteExecutor.java:91)
	at com.kms.katalon.core.main.TestCaseMain.startTestSuite(TestCaseMain.java:157)
	at com.kms.katalon.core.main.TestCaseMain$startTestSuite$0.call(Unknown Source)
	at TempTestSuite1587541757069.run(TempTestSuite1587541757069.groovy:37)
)

2020-04-22 08:56:02 - [MESSAGE][FAILED] - Text 'Forgotten username?' is not present on page  (Root cause: com.kms.katalon.core.exception.StepFailedException: Text 'Forgotten username?' is not present on page 
	at com.kms.katalon.core.webui.keyword.internal.WebUIKeywordMain.stepFailed(WebUIKeywordMain.groovy:64)
	at com.kms.katalon.core.webui.keyword.builtin.VerifyTextPresentKeyword$_verifyTextPresent_closure1.doCall(VerifyTextPresentKeyword.groovy:79)
	at com.kms.katalon.core.webui.keyword.builtin.VerifyTextPresentKeyword$_verifyTextPresent_closure1.call(VerifyTextPresentKeyword.groovy)
	at com.kms.katalon.core.webui.keyword.internal.WebUIKeywordMain.runKeyword(WebUIKeywordMain.groovy:20)
	at com.kms.katalon.core.webui.keyword.builtin.VerifyTextPresentKeyword.verifyTextPresent(VerifyTextPresentKeyword.groovy:83)
	at com.kms.katalon.core.webui.keyword.builtin.VerifyTextPresentKeyword.execute(VerifyTextPresentKeyword.groovy:68)
	at com.kms.katalon.core.keyword.internal.KeywordExecutor.executeKeywordForPlatform(KeywordExecutor.groovy:72)
	at com.kms.katalon.core.webui.keyword.WebUiBuiltInKeywords.verifyTextPresent(WebUiBuiltInKeywords.groovy:1719)
	at com.kms.katalon.core.webui.keyword.WebUiBuiltInKeywords$verifyTextPresent$7.call(Unknown Source)
	at Login_To_Members_Area_Verification.run(Login_To_Members_Area_Verification:63)
	at com.kms.katalon.core.main.ScriptEngine.run(ScriptEngine.java:194)
	at com.kms.katalon.core.main.ScriptEngine.runScriptAsRawText(ScriptEngine.java:119)
	at com.kms.katalon.core.main.TestCaseExecutor.runScript(TestCaseExecutor.java:337)
	at com.kms.katalon.core.main.TestCaseExecutor.doExecute(TestCaseExecutor.java:328)
	at com.kms.katalon.core.main.TestCaseExecutor.processExecutionPhase(TestCaseExecutor.java:307)
	at com.kms.katalon.core.main.TestCaseExecutor.accessMainPhase(TestCaseExecutor.java:299)
	at com.kms.katalon.core.main.TestCaseExecutor.execute(TestCaseExecutor.java:233)
	at com.kms.katalon.core.main.TestCaseMain.runTestCase(TestCaseMain.java:114)
	at com.kms.katalon.core.keyword.builtin.CallTestCaseKeyword$_callTestCase_closure1.doCall(CallTestCaseKeyword.groovy:59)
	at com.kms.katalon.core.keyword.builtin.CallTestCaseKeyword$_callTestCase_closure1.call(CallTestCaseKeyword.groovy)
	at com.kms.katalon.core.keyword.internal.KeywordMain.runKeyword(KeywordMain.groovy:68)
	at com.kms.katalon.core.keyword.builtin.CallTestCaseKeyword.callTestCase(CallTestCaseKeyword.groovy:81)
	at com.kms.katalon.core.keyword.builtin.CallTestCaseKeyword.execute(CallTestCaseKeyword.groovy:44)
	at com.kms.katalon.core.keyword.internal.KeywordExecutor.executeKeywordForPlatform(KeywordExecutor.groovy:72)
	at com.kms.katalon.core.keyword.BuiltinKeywords.callTestCase(BuiltinKeywords.groovy:334)
	at Login_To_Members_Area.run(Login_To_Members_Area:73)
	at com.kms.katalon.core.main.ScriptEngine.run(ScriptEngine.java:194)
	at com.kms.katalon.core.main.ScriptEngine.runScriptAsRawText(ScriptEngine.java:119)
	at com.kms.katalon.core.main.TestCaseExecutor.runScript(TestCaseExecutor.java:337)
	at com.kms.katalon.core.main.TestCaseExecutor.doExecute(TestCaseExecutor.java:328)
	at com.kms.katalon.core.main.TestCaseExecutor.processExecutionPhase(TestCaseExecutor.java:307)
	at com.kms.katalon.core.main.TestCaseExecutor.accessMainPhase(TestCaseExecutor.java:299)
	at com.kms.katalon.core.main.TestCaseExecutor.execute(TestCaseExecutor.java:233)
	at com.kms.katalon.core.main.TestSuiteExecutor.accessTestCaseMainPhase(TestSuiteExecutor.java:169)
	at com.kms.katalon.core.main.TestSuiteExecutor.accessTestSuiteMainPhase(TestSuiteExecutor.java:142)
	at com.kms.katalon.core.main.TestSuiteExecutor.execute(TestSuiteExecutor.java:91)
	at com.kms.katalon.core.main.TestCaseMain.startTestSuite(TestCaseMain.java:157)
	at com.kms.katalon.core.main.TestCaseMain$startTestSuite$0.call(Unknown Source)
	at TempTestSuite1587541757069.run(TempTestSuite1587541757069.groovy:37)
)

2020-04-22 08:56:02 - [TEST_STEP][FAILED] - verifyTextPresent("Trouble logging in? No username and password? Contact Checkatrade Member Services by", false): Text 'Trouble logging in? No username and password? Contact Checkatrade Member Services by' is not present on page  (Root cause: com.kms.katalon.core.exception.StepFailedException: Text 'Trouble logging in? No username and password? Contact Checkatrade Member Services by' is not present on page 
	at com.kms.katalon.core.webui.keyword.internal.WebUIKeywordMain.stepFailed(WebUIKeywordMain.groovy:64)
	at com.kms.katalon.core.webui.keyword.builtin.VerifyTextPresentKeyword$_verifyTextPresent_closure1.doCall(VerifyTextPresentKeyword.groovy:79)
	at com.kms.katalon.core.webui.keyword.builtin.VerifyTextPresentKeyword$_verifyTextPresent_closure1.call(VerifyTextPresentKeyword.groovy)
	at com.kms.katalon.core.webui.keyword.internal.WebUIKeywordMain.runKeyword(WebUIKeywordMain.groovy:20)
	at com.kms.katalon.core.webui.keyword.builtin.VerifyTextPresentKeyword.verifyTextPresent(VerifyTextPresentKeyword.groovy:83)
	at com.kms.katalon.core.webui.keyword.builtin.VerifyTextPresentKeyword.execute(VerifyTextPresentKeyword.groovy:68)
	at com.kms.katalon.core.keyword.internal.KeywordExecutor.executeKeywordForPlatform(KeywordExecutor.groovy:72)
	at com.kms.katalon.core.webui.keyword.WebUiBuiltInKeywords.verifyTextPresent(WebUiBuiltInKeywords.groovy:1719)
	at com.kms.katalon.core.webui.keyword.WebUiBuiltInKeywords$verifyTextPresent$7.call(Unknown Source)
	at Login_To_Members_Area_Verification.run(Login_To_Members_Area_Verification:69)
	at com.kms.katalon.core.main.ScriptEngine.run(ScriptEngine.java:194)
	at com.kms.katalon.core.main.ScriptEngine.runScriptAsRawText(ScriptEngine.java:119)
	at com.kms.katalon.core.main.TestCaseExecutor.runScript(TestCaseExecutor.java:337)
	at com.kms.katalon.core.main.TestCaseExecutor.doExecute(TestCaseExecutor.java:328)
	at com.kms.katalon.core.main.TestCaseExecutor.processExecutionPhase(TestCaseExecutor.java:307)
	at com.kms.katalon.core.main.TestCaseExecutor.accessMainPhase(TestCaseExecutor.java:299)
	at com.kms.katalon.core.main.TestCaseExecutor.execute(TestCaseExecutor.java:233)
	at com.kms.katalon.core.main.TestCaseMain.runTestCase(TestCaseMain.java:114)
	at com.kms.katalon.core.keyword.builtin.CallTestCaseKeyword$_callTestCase_closure1.doCall(CallTestCaseKeyword.groovy:59)
	at com.kms.katalon.core.keyword.builtin.CallTestCaseKeyword$_callTestCase_closure1.call(CallTestCaseKeyword.groovy)
	at com.kms.katalon.core.keyword.internal.KeywordMain.runKeyword(KeywordMain.groovy:68)
	at com.kms.katalon.core.keyword.builtin.CallTestCaseKeyword.callTestCase(CallTestCaseKeyword.groovy:81)
	at com.kms.katalon.core.keyword.builtin.CallTestCaseKeyword.execute(CallTestCaseKeyword.groovy:44)
	at com.kms.katalon.core.keyword.internal.KeywordExecutor.executeKeywordForPlatform(KeywordExecutor.groovy:72)
	at com.kms.katalon.core.keyword.BuiltinKeywords.callTestCase(BuiltinKeywords.groovy:334)
	at Login_To_Members_Area.run(Login_To_Members_Area:73)
	at com.kms.katalon.core.main.ScriptEngine.run(ScriptEngine.java:194)
	at com.kms.katalon.core.main.ScriptEngine.runScriptAsRawText(ScriptEngine.java:119)
	at com.kms.katalon.core.main.TestCaseExecutor.runScript(TestCaseExecutor.java:337)
	at com.kms.katalon.core.main.TestCaseExecutor.doExecute(TestCaseExecutor.java:328)
	at com.kms.katalon.core.main.TestCaseExecutor.processExecutionPhase(TestCaseExecutor.java:307)
	at com.kms.katalon.core.main.TestCaseExecutor.accessMainPhase(TestCaseExecutor.java:299)
	at com.kms.katalon.core.main.TestCaseExecutor.execute(TestCaseExecutor.java:233)
	at com.kms.katalon.core.main.TestSuiteExecutor.accessTestCaseMainPhase(TestSuiteExecutor.java:169)
	at com.kms.katalon.core.main.TestSuiteExecutor.accessTestSuiteMainPhase(TestSuiteExecutor.java:142)
	at com.kms.katalon.core.main.TestSuiteExecutor.execute(TestSuiteExecutor.java:91)
	at com.kms.katalon.core.main.TestCaseMain.startTestSuite(TestCaseMain.java:157)
	at com.kms.katalon.core.main.TestCaseMain$startTestSuite$0.call(Unknown Source)
	at TempTestSuite1587541757069.run(TempTestSuite1587541757069.groovy:37)
)

2020-04-22 08:56:02 - [MESSAGE][FAILED] - Text 'Trouble logging in? No username and password? Contact Checkatrade Member Services by' is not present on page  (Root cause: com.kms.katalon.core.exception.StepFailedException: Text 'Trouble logging in? No username and password? Contact Checkatrade Member Services by' is not present on page 
	at com.kms.katalon.core.webui.keyword.internal.WebUIKeywordMain.stepFailed(WebUIKeywordMain.groovy:64)
	at com.kms.katalon.core.webui.keyword.builtin.VerifyTextPresentKeyword$_verifyTextPresent_closure1.doCall(VerifyTextPresentKeyword.groovy:79)
	at com.kms.katalon.core.webui.keyword.builtin.VerifyTextPresentKeyword$_verifyTextPresent_closure1.call(VerifyTextPresentKeyword.groovy)
	at com.kms.katalon.core.webui.keyword.internal.WebUIKeywordMain.runKeyword(WebUIKeywordMain.groovy:20)
	at com.kms.katalon.core.webui.keyword.builtin.VerifyTextPresentKeyword.verifyTextPresent(VerifyTextPresentKeyword.groovy:83)
	at com.kms.katalon.core.webui.keyword.builtin.VerifyTextPresentKeyword.execute(VerifyTextPresentKeyword.groovy:68)
	at com.kms.katalon.core.keyword.internal.KeywordExecutor.executeKeywordForPlatform(KeywordExecutor.groovy:72)
	at com.kms.katalon.core.webui.keyword.WebUiBuiltInKeywords.verifyTextPresent(WebUiBuiltInKeywords.groovy:1719)
	at com.kms.katalon.core.webui.keyword.WebUiBuiltInKeywords$verifyTextPresent$7.call(Unknown Source)
	at Login_To_Members_Area_Verification.run(Login_To_Members_Area_Verification:69)
	at com.kms.katalon.core.main.ScriptEngine.run(ScriptEngine.java:194)
	at com.kms.katalon.core.main.ScriptEngine.runScriptAsRawText(ScriptEngine.java:119)
	at com.kms.katalon.core.main.TestCaseExecutor.runScript(TestCaseExecutor.java:337)
	at com.kms.katalon.core.main.TestCaseExecutor.doExecute(TestCaseExecutor.java:328)
	at com.kms.katalon.core.main.TestCaseExecutor.processExecutionPhase(TestCaseExecutor.java:307)
	at com.kms.katalon.core.main.TestCaseExecutor.accessMainPhase(TestCaseExecutor.java:299)
	at com.kms.katalon.core.main.TestCaseExecutor.execute(TestCaseExecutor.java:233)
	at com.kms.katalon.core.main.TestCaseMain.runTestCase(TestCaseMain.java:114)
	at com.kms.katalon.core.keyword.builtin.CallTestCaseKeyword$_callTestCase_closure1.doCall(CallTestCaseKeyword.groovy:59)
	at com.kms.katalon.core.keyword.builtin.CallTestCaseKeyword$_callTestCase_closure1.call(CallTestCaseKeyword.groovy)
	at com.kms.katalon.core.keyword.internal.KeywordMain.runKeyword(KeywordMain.groovy:68)
	at com.kms.katalon.core.keyword.builtin.CallTestCaseKeyword.callTestCase(CallTestCaseKeyword.groovy:81)
	at com.kms.katalon.core.keyword.builtin.CallTestCaseKeyword.execute(CallTestCaseKeyword.groovy:44)
	at com.kms.katalon.core.keyword.internal.KeywordExecutor.executeKeywordForPlatform(KeywordExecutor.groovy:72)
	at com.kms.katalon.core.keyword.BuiltinKeywords.callTestCase(BuiltinKeywords.groovy:334)
	at Login_To_Members_Area.run(Login_To_Members_Area:73)
	at com.kms.katalon.core.main.ScriptEngine.run(ScriptEngine.java:194)
	at com.kms.katalon.core.main.ScriptEngine.runScriptAsRawText(ScriptEngine.java:119)
	at com.kms.katalon.core.main.TestCaseExecutor.runScript(TestCaseExecutor.java:337)
	at com.kms.katalon.core.main.TestCaseExecutor.doExecute(TestCaseExecutor.java:328)
	at com.kms.katalon.core.main.TestCaseExecutor.processExecutionPhase(TestCaseExecutor.java:307)
	at com.kms.katalon.core.main.TestCaseExecutor.accessMainPhase(TestCaseExecutor.java:299)
	at com.kms.katalon.core.main.TestCaseExecutor.execute(TestCaseExecutor.java:233)
	at com.kms.katalon.core.main.TestSuiteExecutor.accessTestCaseMainPhase(TestSuiteExecutor.java:169)
	at com.kms.katalon.core.main.TestSuiteExecutor.accessTestSuiteMainPhase(TestSuiteExecutor.java:142)
	at com.kms.katalon.core.main.TestSuiteExecutor.execute(TestSuiteExecutor.java:91)
	at com.kms.katalon.core.main.TestCaseMain.startTestSuite(TestCaseMain.java:157)
	at com.kms.katalon.core.main.TestCaseMain$startTestSuite$0.call(Unknown Source)
	at TempTestSuite1587541757069.run(TempTestSuite1587541757069.groovy:37)
)

2020-04-22 08:56:02 - [TEST_STEP][FAILED] - verifyTextPresent("membershipadvice@checkatrade.com", false): Text 'membershipadvice@checkatrade.com' is not present on page  (Root cause: com.kms.katalon.core.exception.StepFailedException: Text 'membershipadvice@checkatrade.com' is not present on page 
	at com.kms.katalon.core.webui.keyword.internal.WebUIKeywordMain.stepFailed(WebUIKeywordMain.groovy:64)
	at com.kms.katalon.core.webui.keyword.builtin.VerifyTextPresentKeyword$_verifyTextPresent_closure1.doCall(VerifyTextPresentKeyword.groovy:79)
	at com.kms.katalon.core.webui.keyword.builtin.VerifyTextPresentKeyword$_verifyTextPresent_closure1.call(VerifyTextPresentKeyword.groovy)
	at com.kms.katalon.core.webui.keyword.internal.WebUIKeywordMain.runKeyword(WebUIKeywordMain.groovy:20)
	at com.kms.katalon.core.webui.keyword.builtin.VerifyTextPresentKeyword.verifyTextPresent(VerifyTextPresentKeyword.groovy:83)
	at com.kms.katalon.core.webui.keyword.builtin.VerifyTextPresentKeyword.execute(VerifyTextPresentKeyword.groovy:68)
	at com.kms.katalon.core.keyword.internal.KeywordExecutor.executeKeywordForPlatform(KeywordExecutor.groovy:72)
	at com.kms.katalon.core.webui.keyword.WebUiBuiltInKeywords.verifyTextPresent(WebUiBuiltInKeywords.groovy:1719)
	at com.kms.katalon.core.webui.keyword.WebUiBuiltInKeywords$verifyTextPresent$7.call(Unknown Source)
	at Login_To_Members_Area_Verification.run(Login_To_Members_Area_Verification:76)
	at com.kms.katalon.core.main.ScriptEngine.run(ScriptEngine.java:194)
	at com.kms.katalon.core.main.ScriptEngine.runScriptAsRawText(ScriptEngine.java:119)
	at com.kms.katalon.core.main.TestCaseExecutor.runScript(TestCaseExecutor.java:337)
	at com.kms.katalon.core.main.TestCaseExecutor.doExecute(TestCaseExecutor.java:328)
	at com.kms.katalon.core.main.TestCaseExecutor.processExecutionPhase(TestCaseExecutor.java:307)
	at com.kms.katalon.core.main.TestCaseExecutor.accessMainPhase(TestCaseExecutor.java:299)
	at com.kms.katalon.core.main.TestCaseExecutor.execute(TestCaseExecutor.java:233)
	at com.kms.katalon.core.main.TestCaseMain.runTestCase(TestCaseMain.java:114)
	at com.kms.katalon.core.keyword.builtin.CallTestCaseKeyword$_callTestCase_closure1.doCall(CallTestCaseKeyword.groovy:59)
	at com.kms.katalon.core.keyword.builtin.CallTestCaseKeyword$_callTestCase_closure1.call(CallTestCaseKeyword.groovy)
	at com.kms.katalon.core.keyword.internal.KeywordMain.runKeyword(KeywordMain.groovy:68)
	at com.kms.katalon.core.keyword.builtin.CallTestCaseKeyword.callTestCase(CallTestCaseKeyword.groovy:81)
	at com.kms.katalon.core.keyword.builtin.CallTestCaseKeyword.execute(CallTestCaseKeyword.groovy:44)
	at com.kms.katalon.core.keyword.internal.KeywordExecutor.executeKeywordForPlatform(KeywordExecutor.groovy:72)
	at com.kms.katalon.core.keyword.BuiltinKeywords.callTestCase(BuiltinKeywords.groovy:334)
	at Login_To_Members_Area.run(Login_To_Members_Area:73)
	at com.kms.katalon.core.main.ScriptEngine.run(ScriptEngine.java:194)
	at com.kms.katalon.core.main.ScriptEngine.runScriptAsRawText(ScriptEngine.java:119)
	at com.kms.katalon.core.main.TestCaseExecutor.runScript(TestCaseExecutor.java:337)
	at com.kms.katalon.core.main.TestCaseExecutor.doExecute(TestCaseExecutor.java:328)
	at com.kms.katalon.core.main.TestCaseExecutor.processExecutionPhase(TestCaseExecutor.java:307)
	at com.kms.katalon.core.main.TestCaseExecutor.accessMainPhase(TestCaseExecutor.java:299)
	at com.kms.katalon.core.main.TestCaseExecutor.execute(TestCaseExecutor.java:233)
	at com.kms.katalon.core.main.TestSuiteExecutor.accessTestCaseMainPhase(TestSuiteExecutor.java:169)
	at com.kms.katalon.core.main.TestSuiteExecutor.accessTestSuiteMainPhase(TestSuiteExecutor.java:142)
	at com.kms.katalon.core.main.TestSuiteExecutor.execute(TestSuiteExecutor.java:91)
	at com.kms.katalon.core.main.TestCaseMain.startTestSuite(TestCaseMain.java:157)
	at com.kms.katalon.core.main.TestCaseMain$startTestSuite$0.call(Unknown Source)
	at TempTestSuite1587541757069.run(TempTestSuite1587541757069.groovy:37)
)

2020-04-22 08:56:02 - [MESSAGE][FAILED] - Text 'membershipadvice@checkatrade.com' is not present on page  (Root cause: com.kms.katalon.core.exception.StepFailedException: Text 'membershipadvice@checkatrade.com' is not present on page 
	at com.kms.katalon.core.webui.keyword.internal.WebUIKeywordMain.stepFailed(WebUIKeywordMain.groovy:64)
	at com.kms.katalon.core.webui.keyword.builtin.VerifyTextPresentKeyword$_verifyTextPresent_closure1.doCall(VerifyTextPresentKeyword.groovy:79)
	at com.kms.katalon.core.webui.keyword.builtin.VerifyTextPresentKeyword$_verifyTextPresent_closure1.call(VerifyTextPresentKeyword.groovy)
	at com.kms.katalon.core.webui.keyword.internal.WebUIKeywordMain.runKeyword(WebUIKeywordMain.groovy:20)
	at com.kms.katalon.core.webui.keyword.builtin.VerifyTextPresentKeyword.verifyTextPresent(VerifyTextPresentKeyword.groovy:83)
	at com.kms.katalon.core.webui.keyword.builtin.VerifyTextPresentKeyword.execute(VerifyTextPresentKeyword.groovy:68)
	at com.kms.katalon.core.keyword.internal.KeywordExecutor.executeKeywordForPlatform(KeywordExecutor.groovy:72)
	at com.kms.katalon.core.webui.keyword.WebUiBuiltInKeywords.verifyTextPresent(WebUiBuiltInKeywords.groovy:1719)
	at com.kms.katalon.core.webui.keyword.WebUiBuiltInKeywords$verifyTextPresent$7.call(Unknown Source)
	at Login_To_Members_Area_Verification.run(Login_To_Members_Area_Verification:76)
	at com.kms.katalon.core.main.ScriptEngine.run(ScriptEngine.java:194)
	at com.kms.katalon.core.main.ScriptEngine.runScriptAsRawText(ScriptEngine.java:119)
	at com.kms.katalon.core.main.TestCaseExecutor.runScript(TestCaseExecutor.java:337)
	at com.kms.katalon.core.main.TestCaseExecutor.doExecute(TestCaseExecutor.java:328)
	at com.kms.katalon.core.main.TestCaseExecutor.processExecutionPhase(TestCaseExecutor.java:307)
	at com.kms.katalon.core.main.TestCaseExecutor.accessMainPhase(TestCaseExecutor.java:299)
	at com.kms.katalon.core.main.TestCaseExecutor.execute(TestCaseExecutor.java:233)
	at com.kms.katalon.core.main.TestCaseMain.runTestCase(TestCaseMain.java:114)
	at com.kms.katalon.core.keyword.builtin.CallTestCaseKeyword$_callTestCase_closure1.doCall(CallTestCaseKeyword.groovy:59)
	at com.kms.katalon.core.keyword.builtin.CallTestCaseKeyword$_callTestCase_closure1.call(CallTestCaseKeyword.groovy)
	at com.kms.katalon.core.keyword.internal.KeywordMain.runKeyword(KeywordMain.groovy:68)
	at com.kms.katalon.core.keyword.builtin.CallTestCaseKeyword.callTestCase(CallTestCaseKeyword.groovy:81)
	at com.kms.katalon.core.keyword.builtin.CallTestCaseKeyword.execute(CallTestCaseKeyword.groovy:44)
	at com.kms.katalon.core.keyword.internal.KeywordExecutor.executeKeywordForPlatform(KeywordExecutor.groovy:72)
	at com.kms.katalon.core.keyword.BuiltinKeywords.callTestCase(BuiltinKeywords.groovy:334)
	at Login_To_Members_Area.run(Login_To_Members_Area:73)
	at com.kms.katalon.core.main.ScriptEngine.run(ScriptEngine.java:194)
	at com.kms.katalon.core.main.ScriptEngine.runScriptAsRawText(ScriptEngine.java:119)
	at com.kms.katalon.core.main.TestCaseExecutor.runScript(TestCaseExecutor.java:337)
	at com.kms.katalon.core.main.TestCaseExecutor.doExecute(TestCaseExecutor.java:328)
	at com.kms.katalon.core.main.TestCaseExecutor.processExecutionPhase(TestCaseExecutor.java:307)
	at com.kms.katalon.core.main.TestCaseExecutor.accessMainPhase(TestCaseExecutor.java:299)
	at com.kms.katalon.core.main.TestCaseExecutor.execute(TestCaseExecutor.java:233)
	at com.kms.katalon.core.main.TestSuiteExecutor.accessTestCaseMainPhase(TestSuiteExecutor.java:169)
	at com.kms.katalon.core.main.TestSuiteExecutor.accessTestSuiteMainPhase(TestSuiteExecutor.java:142)
	at com.kms.katalon.core.main.TestSuiteExecutor.execute(TestSuiteExecutor.java:91)
	at com.kms.katalon.core.main.TestCaseMain.startTestSuite(TestCaseMain.java:157)
	at com.kms.katalon.core.main.TestCaseMain$startTestSuite$0.call(Unknown Source)
	at TempTestSuite1587541757069.run(TempTestSuite1587541757069.groovy:37)
)

2020-04-22 08:56:02 - [MESSAGE][FAILED] - Unable to call Test Case 'Test Cases/Reusable_Test_Sequences/CAT_Footer/Trades/Login_To_Members_Area_Verification' (Root cause: com.kms.katalon.core.exception.StepFailedException: Call Test Case 'Test Cases/Reusable_Test_Sequences/CAT_Footer/Trades/Login_To_Members_Area_Verification' failed
	at com.kms.katalon.core.keyword.builtin.CallTestCaseKeyword$_callTestCase_closure1.doCall(CallTestCaseKeyword.groovy:63)
	at com.kms.katalon.core.keyword.builtin.CallTestCaseKeyword$_callTestCase_closure1.call(CallTestCaseKeyword.groovy)
	at com.kms.katalon.core.keyword.internal.KeywordMain.runKeyword(KeywordMain.groovy:68)
	at com.kms.katalon.core.keyword.builtin.CallTestCaseKeyword.callTestCase(CallTestCaseKeyword.groovy:81)
	at com.kms.katalon.core.keyword.builtin.CallTestCaseKeyword.execute(CallTestCaseKeyword.groovy:44)
	at com.kms.katalon.core.keyword.internal.KeywordExecutor.executeKeywordForPlatform(KeywordExecutor.groovy:72)
	at com.kms.katalon.core.keyword.BuiltinKeywords.callTestCase(BuiltinKeywords.groovy:334)
	at Login_To_Members_Area.run(Login_To_Members_Area:73)
	at com.kms.katalon.core.main.ScriptEngine.run(ScriptEngine.java:194)
	at com.kms.katalon.core.main.ScriptEngine.runScriptAsRawText(ScriptEngine.java:119)
	at com.kms.katalon.core.main.TestCaseExecutor.runScript(TestCaseExecutor.java:337)
	at com.kms.katalon.core.main.TestCaseExecutor.doExecute(TestCaseExecutor.java:328)
	at com.kms.katalon.core.main.TestCaseExecutor.processExecutionPhase(TestCaseExecutor.java:307)
	at com.kms.katalon.core.main.TestCaseExecutor.accessMainPhase(TestCaseExecutor.java:299)
	at com.kms.katalon.core.main.TestCaseExecutor.execute(TestCaseExecutor.java:233)
	at com.kms.katalon.core.main.TestSuiteExecutor.accessTestCaseMainPhase(TestSuiteExecutor.java:169)
	at com.kms.katalon.core.main.TestSuiteExecutor.accessTestSuiteMainPhase(TestSuiteExecutor.java:142)
	at com.kms.katalon.core.main.TestSuiteExecutor.execute(TestSuiteExecutor.java:91)
	at com.kms.katalon.core.main.TestCaseMain.startTestSuite(TestCaseMain.java:157)
	at com.kms.katalon.core.main.TestCaseMain$startTestSuite$0.call(Unknown Source)
	at TempTestSuite1587541757069.run(TempTestSuite1587541757069.groovy:37)
Caused by: com.kms.katalon.core.exception.StepFailedException: Text 'EXCLUSIVE ACCESS FOR CHECKATRADE MEMBERS ONLY' is not present on page  (Root cause: com.kms.katalon.core.exception.StepFailedException: Text 'EXCLUSIVE ACCESS FOR CHECKATRADE MEMBERS ONLY' is not present on page 
	at com.kms.katalon.core.webui.keyword.internal.WebUIKeywordMain.stepFailed(WebUIKeywordMain.groovy:64)
	at com.kms.katalon.core.webui.keyword.builtin.VerifyTextPresentKeyword$_verifyTextPresent_closure1.doCall(VerifyTextPresentKeyword.groovy:79)
	at com.kms.katalon.core.webui.keyword.builtin.VerifyTextPresentKeyword$_verifyTextPresent_closure1.call(VerifyTextPresentKeyword.groovy)
	at com.kms.katalon.core.webui.keyword.internal.WebUIKeywordMain.runKeyword(WebUIKeywordMain.groovy:20)
	at com.kms.katalon.core.webui.keyword.builtin.VerifyTextPresentKeyword.verifyTextPresent(VerifyTextPresentKeyword.groovy:83)
	at com.kms.katalon.core.webui.keyword.builtin.VerifyTextPresentKeyword.execute(VerifyTextPresentKeyword.groovy:68)
	at com.kms.katalon.core.keyword.internal.KeywordExecutor.executeKeywordForPlatform(KeywordExecutor.groovy:72)
	at com.kms.katalon.core.webui.keyword.WebUiBuiltInKeywords.verifyTextPresent(WebUiBuiltInKeywords.groovy:1719)
	at com.kms.katalon.core.webui.keyword.WebUiBuiltInKeywords$verifyTextPresent$7.call(Unknown Source)
	at Login_To_Members_Area_Verification.run(Login_To_Members_Area_Verification:51)
	at com.kms.katalon.core.main.ScriptEngine.run(ScriptEngine.java:194)
	at com.kms.katalon.core.main.ScriptEngine.runScriptAsRawText(ScriptEngine.java:119)
	at com.kms.katalon.core.main.TestCaseExecutor.runScript(TestCaseExecutor.java:337)
	at com.kms.katalon.core.main.TestCaseExecutor.doExecute(TestCaseExecutor.java:328)
	at com.kms.katalon.core.main.TestCaseExecutor.processExecutionPhase(TestCaseExecutor.java:307)
	at com.kms.katalon.core.main.TestCaseExecutor.accessMainPhase(TestCaseExecutor.java:299)
	at com.kms.katalon.core.main.TestCaseExecutor.execute(TestCaseExecutor.java:233)
	at com.kms.katalon.core.main.TestCaseMain.runTestCase(TestCaseMain.java:114)
	at com.kms.katalon.core.keyword.builtin.CallTestCaseKeyword$_callTestCase_closure1.doCall(CallTestCaseKeyword.groovy:59)
	at com.kms.katalon.core.keyword.builtin.CallTestCaseKeyword$_callTestCase_closure1.call(CallTestCaseKeyword.groovy)
	at com.kms.katalon.core.keyword.internal.KeywordMain.runKeyword(KeywordMain.groovy:68)
	at com.kms.katalon.core.keyword.builtin.CallTestCaseKeyword.callTestCase(CallTestCaseKeyword.groovy:81)
	at com.kms.katalon.core.keyword.builtin.CallTestCaseKeyword.execute(CallTestCaseKeyword.groovy:44)
	at com.kms.katalon.core.keyword.internal.KeywordExecutor.executeKeywordForPlatform(KeywordExecutor.groovy:72)
	at com.kms.katalon.core.keyword.BuiltinKeywords.callTestCase(BuiltinKeywords.groovy:334)
	at Login_To_Members_Area.run(Login_To_Members_Area:73)
	at com.kms.katalon.core.main.ScriptEngine.run(ScriptEngine.java:194)
	at com.kms.katalon.core.main.ScriptEngine.runScriptAsRawText(ScriptEngine.java:119)
	at com.kms.katalon.core.main.TestCaseExecutor.runScript(TestCaseExecutor.java:337)
	at com.kms.katalon.core.main.TestCaseExecutor.doExecute(TestCaseExecutor.java:328)
	at com.kms.katalon.core.main.TestCaseExecutor.processExecutionPhase(TestCaseExecutor.java:307)
	at com.kms.katalon.core.main.TestCaseExecutor.accessMainPhase(TestCaseExecutor.java:299)
	at com.kms.katalon.core.main.TestCaseExecutor.execute(TestCaseExecutor.java:233)
	at com.kms.katalon.core.main.TestSuiteExecutor.accessTestCaseMainPhase(TestSuiteExecutor.java:169)
	at com.kms.katalon.core.main.TestSuiteExecutor.accessTestSuiteMainPhase(TestSuiteExecutor.java:142)
	at com.kms.katalon.core.main.TestSuiteExecutor.execute(TestSuiteExecutor.java:91)
	at com.kms.katalon.core.main.TestCaseMain.startTestSuite(TestCaseMain.java:157)
	at com.kms.katalon.core.main.TestCaseMain$startTestSuite$0.call(Unknown Source)
	at TempTestSuite1587541757069.run(TempTestSuite1587541757069.groovy:37)
)
	at com.kms.katalon.core.keyword.internal.KeywordMain.stepFailed(KeywordMain.groovy:39)
	at com.kms.katalon.core.webui.keyword.internal.WebUIKeywordMain.stepFailed(WebUIKeywordMain.groovy:64)
	at com.kms.katalon.core.webui.keyword.builtin.VerifyTextPresentKeyword$_verifyTextPresent_closure1.doCall(VerifyTextPresentKeyword.groovy:79)
	at com.kms.katalon.core.webui.keyword.builtin.VerifyTextPresentKeyword$_verifyTextPresent_closure1.call(VerifyTextPresentKeyword.groovy)
	at com.kms.katalon.core.webui.keyword.internal.WebUIKeywordMain.runKeyword(WebUIKeywordMain.groovy:20)
	at com.kms.katalon.core.webui.keyword.builtin.VerifyTextPresentKeyword.verifyTextPresent(VerifyTextPresentKeyword.groovy:83)
	at com.kms.katalon.core.webui.keyword.builtin.VerifyTextPresentKeyword.execute(VerifyTextPresentKeyword.groovy:68)
	at com.kms.katalon.core.keyword.internal.KeywordExecutor.executeKeywordForPlatform(KeywordExecutor.groovy:72)
	at com.kms.katalon.core.webui.keyword.WebUiBuiltInKeywords.verifyTextPresent(WebUiBuiltInKeywords.groovy:1719)
	at com.kms.katalon.core.webui.keyword.WebUiBuiltInKeywords$verifyTextPresent$7.call(Unknown Source)
	at Login_To_Members_Area_Verification.run(Login_To_Members_Area_Verification:51)
	at com.kms.katalon.core.main.ScriptEngine.run(ScriptEngine.java:194)
	at com.kms.katalon.core.main.ScriptEngine.runScriptAsRawText(ScriptEngine.java:119)
	at com.kms.katalon.core.main.TestCaseExecutor.runScript(TestCaseExecutor.java:337)
	at com.kms.katalon.core.main.TestCaseExecutor.doExecute(TestCaseExecutor.java:328)
	at com.kms.katalon.core.main.TestCaseExecutor.processExecutionPhase(TestCaseExecutor.java:307)
	at com.kms.katalon.core.main.TestCaseExecutor.accessMainPhase(TestCaseExecutor.java:299)
	at com.kms.katalon.core.main.TestCaseExecutor.execute(TestCaseExecutor.java:233)
	at com.kms.katalon.core.main.TestCaseMain.runTestCase(TestCaseMain.java:114)
	at com.kms.katalon.core.keyword.builtin.CallTestCaseKeyword$_callTestCase_closure1.doCall(CallTestCaseKeyword.groovy:59)
	... 20 more
Caused by: com.kms.katalon.core.exception.StepFailedException: Text 'EXCLUSIVE ACCESS FOR CHECKATRADE MEMBERS ONLY' is not present on page 
	... 39 more
)

2020-04-22 08:56:02 - [TEST_STEP][PASSED] - "--------------------------": null

2020-04-22 08:56:02 - [TEST_STEP][PASSED] - " Teardown - CLose Browser |": null

2020-04-22 08:56:02 - [TEST_STEP][PASSED] - callTestCase(findTestCase("Reusable_Test_Sequences/CAT_Teardown"), [:], OPTIONAL): Call Test Case 'Test Cases/Reusable_Test_Sequences/CAT_Teardown' successfully

2020-04-22 08:56:02 - [TEST_CASE][PASSED] - Test Cases/Reusable_Test_Sequences/CAT_Teardown: Test Cases/Reusable_Test_Sequences/CAT_Teardown

2020-04-22 08:56:02 - [TEST_STEP][PASSED] - closeBrowser(): Browser is closed

2020-04-22 08:56:03 - [MESSAGE][PASSED] - Browser is closed

2020-04-22 08:56:03 - [TEST_STEP][PASSED] - super.finalize(): null

2020-04-22 08:56:03 - [TEST_STEP][PASSED] - System.gc(): null

2020-04-22 08:56:03 - [MESSAGE][PASSED] - Call Test Case 'Test Cases/Reusable_Test_Sequences/CAT_Teardown' successfully]]></system-out>
         <system-err><![CDATA[2020-04-22 08:55:35 - [TEST_CASE][FAILED] - Test Cases/CAT_Footer/Trades/Login_To_Members_Area: Test Cases/CAT_Footer/Trades/Login_To_Members_Area FAILED.
Reason:
com.kms.katalon.core.exception.StepFailedException: Unable to call Test Case 'Test Cases/Reusable_Test_Sequences/CAT_Footer/Trades/Login_To_Members_Area_Verification' (Root cause: com.kms.katalon.core.exception.StepFailedException: Call Test Case 'Test Cases/Reusable_Test_Sequences/CAT_Footer/Trades/Login_To_Members_Area_Verification' failed
	at com.kms.katalon.core.keyword.builtin.CallTestCaseKeyword$_callTestCase_closure1.doCall(CallTestCaseKeyword.groovy:63)
	at com.kms.katalon.core.keyword.builtin.CallTestCaseKeyword$_callTestCase_closure1.call(CallTestCaseKeyword.groovy)
	at com.kms.katalon.core.keyword.internal.KeywordMain.runKeyword(KeywordMain.groovy:68)
	at com.kms.katalon.core.keyword.builtin.CallTestCaseKeyword.callTestCase(CallTestCaseKeyword.groovy:81)
	at com.kms.katalon.core.keyword.builtin.CallTestCaseKeyword.execute(CallTestCaseKeyword.groovy:44)
	at com.kms.katalon.core.keyword.internal.KeywordExecutor.executeKeywordForPlatform(KeywordExecutor.groovy:72)
	at com.kms.katalon.core.keyword.BuiltinKeywords.callTestCase(BuiltinKeywords.groovy:334)
	at Login_To_Members_Area.run(Login_To_Members_Area:73)
	at com.kms.katalon.core.main.ScriptEngine.run(ScriptEngine.java:194)
	at com.kms.katalon.core.main.ScriptEngine.runScriptAsRawText(ScriptEngine.java:119)
	at com.kms.katalon.core.main.TestCaseExecutor.runScript(TestCaseExecutor.java:337)
	at com.kms.katalon.core.main.TestCaseExecutor.doExecute(TestCaseExecutor.java:328)
	at com.kms.katalon.core.main.TestCaseExecutor.processExecutionPhase(TestCaseExecutor.java:307)
	at com.kms.katalon.core.main.TestCaseExecutor.accessMainPhase(TestCaseExecutor.java:299)
	at com.kms.katalon.core.main.TestCaseExecutor.execute(TestCaseExecutor.java:233)
	at com.kms.katalon.core.main.TestSuiteExecutor.accessTestCaseMainPhase(TestSuiteExecutor.java:169)
	at com.kms.katalon.core.main.TestSuiteExecutor.accessTestSuiteMainPhase(TestSuiteExecutor.java:142)
	at com.kms.katalon.core.main.TestSuiteExecutor.execute(TestSuiteExecutor.java:91)
	at com.kms.katalon.core.main.TestCaseMain.startTestSuite(TestCaseMain.java:157)
	at com.kms.katalon.core.main.TestCaseMain$startTestSuite$0.call(Unknown Source)
	at TempTestSuite1587541757069.run(TempTestSuite1587541757069.groovy:37)
Caused by: com.kms.katalon.core.exception.StepFailedException: Text 'EXCLUSIVE ACCESS FOR CHECKATRADE MEMBERS ONLY' is not present on page  (Root cause: com.kms.katalon.core.exception.StepFailedException: Text 'EXCLUSIVE ACCESS FOR CHECKATRADE MEMBERS ONLY' is not present on page 
	at com.kms.katalon.core.webui.keyword.internal.WebUIKeywordMain.stepFailed(WebUIKeywordMain.groovy:64)
	at com.kms.katalon.core.webui.keyword.builtin.VerifyTextPresentKeyword$_verifyTextPresent_closure1.doCall(VerifyTextPresentKeyword.groovy:79)
	at com.kms.katalon.core.webui.keyword.builtin.VerifyTextPresentKeyword$_verifyTextPresent_closure1.call(VerifyTextPresentKeyword.groovy)
	at com.kms.katalon.core.webui.keyword.internal.WebUIKeywordMain.runKeyword(WebUIKeywordMain.groovy:20)
	at com.kms.katalon.core.webui.keyword.builtin.VerifyTextPresentKeyword.verifyTextPresent(VerifyTextPresentKeyword.groovy:83)
	at com.kms.katalon.core.webui.keyword.builtin.VerifyTextPresentKeyword.execute(VerifyTextPresentKeyword.groovy:68)
	at com.kms.katalon.core.keyword.internal.KeywordExecutor.executeKeywordForPlatform(KeywordExecutor.groovy:72)
	at com.kms.katalon.core.webui.keyword.WebUiBuiltInKeywords.verifyTextPresent(WebUiBuiltInKeywords.groovy:1719)
	at com.kms.katalon.core.webui.keyword.WebUiBuiltInKeywords$verifyTextPresent$7.call(Unknown Source)
	at Login_To_Members_Area_Verification.run(Login_To_Members_Area_Verification:51)
	at com.kms.katalon.core.main.ScriptEngine.run(ScriptEngine.java:194)
	at com.kms.katalon.core.main.ScriptEngine.runScriptAsRawText(ScriptEngine.java:119)
	at com.kms.katalon.core.main.TestCaseExecutor.runScript(TestCaseExecutor.java:337)
	at com.kms.katalon.core.main.TestCaseExecutor.doExecute(TestCaseExecutor.java:328)
	at com.kms.katalon.core.main.TestCaseExecutor.processExecutionPhase(TestCaseExecutor.java:307)
	at com.kms.katalon.core.main.TestCaseExecutor.accessMainPhase(TestCaseExecutor.java:299)
	at com.kms.katalon.core.main.TestCaseExecutor.execute(TestCaseExecutor.java:233)
	at com.kms.katalon.core.main.TestCaseMain.runTestCase(TestCaseMain.java:114)
	at com.kms.katalon.core.keyword.builtin.CallTestCaseKeyword$_callTestCase_closure1.doCall(CallTestCaseKeyword.groovy:59)
	at com.kms.katalon.core.keyword.builtin.CallTestCaseKeyword$_callTestCase_closure1.call(CallTestCaseKeyword.groovy)
	at com.kms.katalon.core.keyword.internal.KeywordMain.runKeyword(KeywordMain.groovy:68)
	at com.kms.katalon.core.keyword.builtin.CallTestCaseKeyword.callTestCase(CallTestCaseKeyword.groovy:81)
	at com.kms.katalon.core.keyword.builtin.CallTestCaseKeyword.execute(CallTestCaseKeyword.groovy:44)
	at com.kms.katalon.core.keyword.internal.KeywordExecutor.executeKeywordForPlatform(KeywordExecutor.groovy:72)
	at com.kms.katalon.core.keyword.BuiltinKeywords.callTestCase(BuiltinKeywords.groovy:334)
	at Login_To_Members_Area.run(Login_To_Members_Area:73)
	at com.kms.katalon.core.main.ScriptEngine.run(ScriptEngine.java:194)
	at com.kms.katalon.core.main.ScriptEngine.runScriptAsRawText(ScriptEngine.java:119)
	at com.kms.katalon.core.main.TestCaseExecutor.runScript(TestCaseExecutor.java:337)
	at com.kms.katalon.core.main.TestCaseExecutor.doExecute(TestCaseExecutor.java:328)
	at com.kms.katalon.core.main.TestCaseExecutor.processExecutionPhase(TestCaseExecutor.java:307)
	at com.kms.katalon.core.main.TestCaseExecutor.accessMainPhase(TestCaseExecutor.java:299)
	at com.kms.katalon.core.main.TestCaseExecutor.execute(TestCaseExecutor.java:233)
	at com.kms.katalon.core.main.TestSuiteExecutor.accessTestCaseMainPhase(TestSuiteExecutor.java:169)
	at com.kms.katalon.core.main.TestSuiteExecutor.accessTestSuiteMainPhase(TestSuiteExecutor.java:142)
	at com.kms.katalon.core.main.TestSuiteExecutor.execute(TestSuiteExecutor.java:91)
	at com.kms.katalon.core.main.TestCaseMain.startTestSuite(TestCaseMain.java:157)
	at com.kms.katalon.core.main.TestCaseMain$startTestSuite$0.call(Unknown Source)
	at TempTestSuite1587541757069.run(TempTestSuite1587541757069.groovy:37)
)
	at com.kms.katalon.core.keyword.internal.KeywordMain.stepFailed(KeywordMain.groovy:39)
	at com.kms.katalon.core.webui.keyword.internal.WebUIKeywordMain.stepFailed(WebUIKeywordMain.groovy:64)
	at com.kms.katalon.core.webui.keyword.builtin.VerifyTextPresentKeyword$_verifyTextPresent_closure1.doCall(VerifyTextPresentKeyword.groovy:79)
	at com.kms.katalon.core.webui.keyword.builtin.VerifyTextPresentKeyword$_verifyTextPresent_closure1.call(VerifyTextPresentKeyword.groovy)
	at com.kms.katalon.core.webui.keyword.internal.WebUIKeywordMain.runKeyword(WebUIKeywordMain.groovy:20)
	at com.kms.katalon.core.webui.keyword.builtin.VerifyTextPresentKeyword.verifyTextPresent(VerifyTextPresentKeyword.groovy:83)
	at com.kms.katalon.core.webui.keyword.builtin.VerifyTextPresentKeyword.execute(VerifyTextPresentKeyword.groovy:68)
	at com.kms.katalon.core.keyword.internal.KeywordExecutor.executeKeywordForPlatform(KeywordExecutor.groovy:72)
	at com.kms.katalon.core.webui.keyword.WebUiBuiltInKeywords.verifyTextPresent(WebUiBuiltInKeywords.groovy:1719)
	at com.kms.katalon.core.webui.keyword.WebUiBuiltInKeywords$verifyTextPresent$7.call(Unknown Source)
	at Login_To_Members_Area_Verification.run(Login_To_Members_Area_Verification:51)
	at com.kms.katalon.core.main.ScriptEngine.run(ScriptEngine.java:194)
	at com.kms.katalon.core.main.ScriptEngine.runScriptAsRawText(ScriptEngine.java:119)
	at com.kms.katalon.core.main.TestCaseExecutor.runScript(TestCaseExecutor.java:337)
	at com.kms.katalon.core.main.TestCaseExecutor.doExecute(TestCaseExecutor.java:328)
	at com.kms.katalon.core.main.TestCaseExecutor.processExecutionPhase(TestCaseExecutor.java:307)
	at com.kms.katalon.core.main.TestCaseExecutor.accessMainPhase(TestCaseExecutor.java:299)
	at com.kms.katalon.core.main.TestCaseExecutor.execute(TestCaseExecutor.java:233)
	at com.kms.katalon.core.main.TestCaseMain.runTestCase(TestCaseMain.java:114)
	at com.kms.katalon.core.keyword.builtin.CallTestCaseKeyword$_callTestCase_closure1.doCall(CallTestCaseKeyword.groovy:59)
	... 20 more
Caused by: com.kms.katalon.core.exception.StepFailedException: Text 'EXCLUSIVE ACCESS FOR CHECKATRADE MEMBERS ONLY' is not present on page 
	... 39 more
)
	at com.kms.katalon.core.keyword.internal.KeywordMain.stepFailed(KeywordMain.groovy:39)
	at com.kms.katalon.core.keyword.internal.KeywordMain.stepFailed(KeywordMain.groovy)
	at com.kms.katalon.core.keyword.internal.KeywordMain.runKeyword(KeywordMain.groovy:70)
	at com.kms.katalon.core.keyword.builtin.CallTestCaseKeyword.callTestCase(CallTestCaseKeyword.groovy:81)
	at com.kms.katalon.core.keyword.builtin.CallTestCaseKeyword.execute(CallTestCaseKeyword.groovy:44)
	at com.kms.katalon.core.keyword.internal.KeywordExecutor.executeKeywordForPlatform(KeywordExecutor.groovy:72)
	at com.kms.katalon.core.keyword.BuiltinKeywords.callTestCase(BuiltinKeywords.groovy:334)
	at Login_To_Members_Area.run(Login_To_Members_Area:73)
	at com.kms.katalon.core.main.ScriptEngine.run(ScriptEngine.java:194)
	at com.kms.katalon.core.main.ScriptEngine.runScriptAsRawText(ScriptEngine.java:119)
	at com.kms.katalon.core.main.TestCaseExecutor.runScript(TestCaseExecutor.java:337)
	at com.kms.katalon.core.main.TestCaseExecutor.doExecute(TestCaseExecutor.java:328)
	at com.kms.katalon.core.main.TestCaseExecutor.processExecutionPhase(TestCaseExecutor.java:307)
	at com.kms.katalon.core.main.TestCaseExecutor.accessMainPhase(TestCaseExecutor.java:299)
	at com.kms.katalon.core.main.TestCaseExecutor.execute(TestCaseExecutor.java:233)
	at com.kms.katalon.core.main.TestSuiteExecutor.accessTestCaseMainPhase(TestSuiteExecutor.java:169)
	at com.kms.katalon.core.main.TestSuiteExecutor.accessTestSuiteMainPhase(TestSuiteExecutor.java:142)
	at com.kms.katalon.core.main.TestSuiteExecutor.execute(TestSuiteExecutor.java:91)
	at com.kms.katalon.core.main.TestCaseMain.startTestSuite(TestCaseMain.java:157)
	at com.kms.katalon.core.main.TestCaseMain$startTestSuite$0.call(Unknown Source)
	at TempTestSuite1587541757069.run(TempTestSuite1587541757069.groovy:37)
Caused by: com.kms.katalon.core.exception.StepFailedException: Call Test Case 'Test Cases/Reusable_Test_Sequences/CAT_Footer/Trades/Login_To_Members_Area_Verification' failed
	at com.kms.katalon.core.keyword.builtin.CallTestCaseKeyword$_callTestCase_closure1.doCall(CallTestCaseKeyword.groovy:63)
	at com.kms.katalon.core.keyword.builtin.CallTestCaseKeyword$_callTestCase_closure1.call(CallTestCaseKeyword.groovy)
	at com.kms.katalon.core.keyword.internal.KeywordMain.runKeyword(KeywordMain.groovy:68)
	... 18 more
Caused by: com.kms.katalon.core.exception.StepFailedException: Text 'EXCLUSIVE ACCESS FOR CHECKATRADE MEMBERS ONLY' is not present on page  (Root cause: com.kms.katalon.core.exception.StepFailedException: Text 'EXCLUSIVE ACCESS FOR CHECKATRADE MEMBERS ONLY' is not present on page 
	at com.kms.katalon.core.webui.keyword.internal.WebUIKeywordMain.stepFailed(WebUIKeywordMain.groovy:64)
	at com.kms.katalon.core.webui.keyword.builtin.VerifyTextPresentKeyword$_verifyTextPresent_closure1.doCall(VerifyTextPresentKeyword.groovy:79)
	at com.kms.katalon.core.webui.keyword.builtin.VerifyTextPresentKeyword$_verifyTextPresent_closure1.call(VerifyTextPresentKeyword.groovy)
	at com.kms.katalon.core.webui.keyword.internal.WebUIKeywordMain.runKeyword(WebUIKeywordMain.groovy:20)
	at com.kms.katalon.core.webui.keyword.builtin.VerifyTextPresentKeyword.verifyTextPresent(VerifyTextPresentKeyword.groovy:83)
	at com.kms.katalon.core.webui.keyword.builtin.VerifyTextPresentKeyword.execute(VerifyTextPresentKeyword.groovy:68)
	at com.kms.katalon.core.keyword.internal.KeywordExecutor.executeKeywordForPlatform(KeywordExecutor.groovy:72)
	at com.kms.katalon.core.webui.keyword.WebUiBuiltInKeywords.verifyTextPresent(WebUiBuiltInKeywords.groovy:1719)
	at com.kms.katalon.core.webui.keyword.WebUiBuiltInKeywords$verifyTextPresent$7.call(Unknown Source)
	at Login_To_Members_Area_Verification.run(Login_To_Members_Area_Verification:51)
	at com.kms.katalon.core.main.ScriptEngine.run(ScriptEngine.java:194)
	at com.kms.katalon.core.main.ScriptEngine.runScriptAsRawText(ScriptEngine.java:119)
	at com.kms.katalon.core.main.TestCaseExecutor.runScript(TestCaseExecutor.java:337)
	at com.kms.katalon.core.main.TestCaseExecutor.doExecute(TestCaseExecutor.java:328)
	at com.kms.katalon.core.main.TestCaseExecutor.processExecutionPhase(TestCaseExecutor.java:307)
	at com.kms.katalon.core.main.TestCaseExecutor.accessMainPhase(TestCaseExecutor.java:299)
	at com.kms.katalon.core.main.TestCaseExecutor.execute(TestCaseExecutor.java:233)
	at com.kms.katalon.core.main.TestCaseMain.runTestCase(TestCaseMain.java:114)
	at com.kms.katalon.core.keyword.builtin.CallTestCaseKeyword$_callTestCase_closure1.doCall(CallTestCaseKeyword.groovy:59)
	at com.kms.katalon.core.keyword.builtin.CallTestCaseKeyword$_callTestCase_closure1.call(CallTestCaseKeyword.groovy)
	at com.kms.katalon.core.keyword.internal.KeywordMain.runKeyword(KeywordMain.groovy:68)
	at com.kms.katalon.core.keyword.builtin.CallTestCaseKeyword.callTestCase(CallTestCaseKeyword.groovy:81)
	at com.kms.katalon.core.keyword.builtin.CallTestCaseKeyword.execute(CallTestCaseKeyword.groovy:44)
	at com.kms.katalon.core.keyword.internal.KeywordExecutor.executeKeywordForPlatform(KeywordExecutor.groovy:72)
	at com.kms.katalon.core.keyword.BuiltinKeywords.callTestCase(BuiltinKeywords.groovy:334)
	at Login_To_Members_Area.run(Login_To_Members_Area:73)
	at com.kms.katalon.core.main.ScriptEngine.run(ScriptEngine.java:194)
	at com.kms.katalon.core.main.ScriptEngine.runScriptAsRawText(ScriptEngine.java:119)
	at com.kms.katalon.core.main.TestCaseExecutor.runScript(TestCaseExecutor.java:337)
	at com.kms.katalon.core.main.TestCaseExecutor.doExecute(TestCaseExecutor.java:328)
	at com.kms.katalon.core.main.TestCaseExecutor.processExecutionPhase(TestCaseExecutor.java:307)
	at com.kms.katalon.core.main.TestCaseExecutor.accessMainPhase(TestCaseExecutor.java:299)
	at com.kms.katalon.core.main.TestCaseExecutor.execute(TestCaseExecutor.java:233)
	at com.kms.katalon.core.main.TestSuiteExecutor.accessTestCaseMainPhase(TestSuiteExecutor.java:169)
	at com.kms.katalon.core.main.TestSuiteExecutor.accessTestSuiteMainPhase(TestSuiteExecutor.java:142)
	at com.kms.katalon.core.main.TestSuiteExecutor.execute(TestSuiteExecutor.java:91)
	at com.kms.katalon.core.main.TestCaseMain.startTestSuite(TestCaseMain.java:157)
	at com.kms.katalon.core.main.TestCaseMain$startTestSuite$0.call(Unknown Source)
	at TempTestSuite1587541757069.run(TempTestSuite1587541757069.groovy:37)
)
	at com.kms.katalon.core.keyword.internal.KeywordMain.stepFailed(KeywordMain.groovy:39)
	at com.kms.katalon.core.webui.keyword.internal.WebUIKeywordMain.stepFailed(WebUIKeywordMain.groovy:64)
	at com.kms.katalon.core.webui.keyword.builtin.VerifyTextPresentKeyword$_verifyTextPresent_closure1.doCall(VerifyTextPresentKeyword.groovy:79)
	at com.kms.katalon.core.webui.keyword.builtin.VerifyTextPresentKeyword$_verifyTextPresent_closure1.call(VerifyTextPresentKeyword.groovy)
	at com.kms.katalon.core.webui.keyword.internal.WebUIKeywordMain.runKeyword(WebUIKeywordMain.groovy:20)
	at com.kms.katalon.core.webui.keyword.builtin.VerifyTextPresentKeyword.verifyTextPresent(VerifyTextPresentKeyword.groovy:83)
	at com.kms.katalon.core.webui.keyword.builtin.VerifyTextPresentKeyword.execute(VerifyTextPresentKeyword.groovy:68)
	at com.kms.katalon.core.keyword.internal.KeywordExecutor.executeKeywordForPlatform(KeywordExecutor.groovy:72)
	at com.kms.katalon.core.webui.keyword.WebUiBuiltInKeywords.verifyTextPresent(WebUiBuiltInKeywords.groovy:1719)
	at com.kms.katalon.core.webui.keyword.WebUiBuiltInKeywords$verifyTextPresent$7.call(Unknown Source)
	at Login_To_Members_Area_Verification.run(Login_To_Members_Area_Verification:51)
	at com.kms.katalon.core.main.ScriptEngine.run(ScriptEngine.java:194)
	at com.kms.katalon.core.main.ScriptEngine.runScriptAsRawText(ScriptEngine.java:119)
	at com.kms.katalon.core.main.TestCaseExecutor.runScript(TestCaseExecutor.java:337)
	at com.kms.katalon.core.main.TestCaseExecutor.doExecute(TestCaseExecutor.java:328)
	at com.kms.katalon.core.main.TestCaseExecutor.processExecutionPhase(TestCaseExecutor.java:307)
	at com.kms.katalon.core.main.TestCaseExecutor.accessMainPhase(TestCaseExecutor.java:299)
	at com.kms.katalon.core.main.TestCaseExecutor.execute(TestCaseExecutor.java:233)
	at com.kms.katalon.core.main.TestCaseMain.runTestCase(TestCaseMain.java:114)
	at com.kms.katalon.core.keyword.builtin.CallTestCaseKeyword$_callTestCase_closure1.doCall(CallTestCaseKeyword.groovy:59)
	... 20 more
Caused by: com.kms.katalon.core.exception.StepFailedException: Text 'EXCLUSIVE ACCESS FOR CHECKATRADE MEMBERS ONLY' is not present on page 
	... 39 more]]></system-err>
      </testcase>
      <testcase name="Test Cases/CAT_Footer/Trades/Trade_Advice_Center" time="36.328" classname="Test Cases/CAT_Footer/Trades/Trade_Advice_Center" status="PASSED">
         <system-out><![CDATA[2020-04-22 08:56:03 - [TEST_CASE][PASSED] - Test Cases/CAT_Footer/Trades/Trade_Advice_Center: Test Cases/CAT_Footer/Trades/Trade_Advice_Center

2020-04-22 08:56:03 - [TEST_STEP][PASSED] - callTestCase(findTestCase("Reusable_Test_Sequences/CAT_Setup"), [:], OPTIONAL): Call Test Case 'Test Cases/Reusable_Test_Sequences/CAT_Setup' successfully

2020-04-22 08:56:03 - [TEST_CASE][PASSED] - Test Cases/Reusable_Test_Sequences/CAT_Setup: Test Cases/Reusable_Test_Sequences/CAT_Setup

2020-04-22 08:56:03 - [TEST_STEP][PASSED] - "------------------------------": null

2020-04-22 08:56:03 - [TEST_STEP][PASSED] - " Set Mobile Device Testing    |": null

2020-04-22 08:56:03 - [TEST_STEP][PASSED] - if (Mobile_Flag == "true"): null

2020-04-22 08:56:03 - [TEST_STEP][PASSED] - "------------------------------": null

2020-04-22 08:56:03 - [TEST_STEP][PASSED] - " Set Mobile Device Testing    |": null

2020-04-22 08:56:03 - [TEST_STEP][PASSED] - "------------------------------": null

2020-04-22 08:56:03 - [TEST_STEP][PASSED] - "URL - Set from the ENVIRONMENT PROFILE ": null

2020-04-22 08:56:03 - [TEST_STEP][PASSED] - openBrowser(URL): Browser is opened with url: 'https://www.preview.checkatrade.com/'

2020-04-22 08:56:03 - [MESSAGE][INFO] - Starting 'Chrome' driver

2020-04-22 08:56:03 - [MESSAGE][INFO] - Action delay is set to 0 milliseconds

2020-04-22 08:56:10 - [MESSAGE][PASSED] - Browser is opened with url: 'https://www.preview.checkatrade.com/'

2020-04-22 08:56:10 - [TEST_STEP][PASSED] - maximizeWindow(): Current window maximized

2020-04-22 08:56:13 - [MESSAGE][PASSED] - Current window maximized

2020-04-22 08:56:13 - [TEST_STEP][PASSED] - waitForPageLoad(60): Wait for page load successfully

2020-04-22 08:56:13 - [MESSAGE][PASSED] - Wait for page load successfully

2020-04-22 08:56:13 - [TEST_STEP][PASSED] - "Previous Functionalilty Left Commented For Ease Of reversion": null

2020-04-22 08:56:13 - [TEST_STEP][PASSED] - " Katalon Try/Catches currently have issues? SEE HEADER": null

2020-04-22 08:56:13 - [TEST_STEP][PASSED] - try: Text 'Cookie Policy' is not present on page

2020-04-22 08:56:13 - [TEST_STEP][PASSED] - verifyElementPresent(findTestObject("Object Repository/Cookies/Page_Checkatrade Find a tradesperson you can trust/button_Accept All"), 5, OPTIONAL): Object 'Object Repository/Cookies/Page_Checkatrade Find a tradesperson you can trust/button_Accept All' is present

2020-04-22 08:56:13 - [MESSAGE][PASSED] - Object 'Object Repository/Cookies/Page_Checkatrade Find a tradesperson you can trust/button_Accept All' is present

2020-04-22 08:56:13 - [TEST_STEP][PASSED] - click(findTestObject("Object Repository/Cookies/Page_Checkatrade Find a tradesperson you can trust/button_Accept All"), OPTIONAL): Object: 'Object Repository/Cookies/Page_Checkatrade Find a tradesperson you can trust/button_Accept All' is clicked on

2020-04-22 08:56:13 - [MESSAGE][PASSED] - Object: 'Object Repository/Cookies/Page_Checkatrade Find a tradesperson you can trust/button_Accept All' is clicked on

2020-04-22 08:56:13 - [TEST_STEP][PASSED] - "---------------------------------": null

2020-04-22 08:56:13 - [TEST_STEP][PASSED] - "COOKIE POPOUT REMOVED - Confirmed": null

2020-04-22 08:56:13 - [TEST_STEP][PASSED] - delay(1): Delayed 1 second(s)

2020-04-22 08:56:14 - [MESSAGE][PASSED] - Delayed 1 second(s)

2020-04-22 08:56:14 - [TEST_STEP][PASSED] - verifyTextNotPresent("We use cookies to personalise content and ads, to provide social media features and to analyse our traffic", false): Text 'We use cookies to personalise content and ads, to provide social media features and to analyse our traffic' is not present on page

2020-04-22 08:56:17 - [MESSAGE][PASSED] - Text 'We use cookies to personalise content and ads, to provide social media features and to analyse our traffic' is not present on page

2020-04-22 08:56:17 - [TEST_STEP][PASSED] - verifyTextNotPresent(" We also share information about your use of our site with our social media, advertising and analytics partners", false): Text ' We also share information about your use of our site with our social media, advertising and analytics partners' is not present on page

2020-04-22 08:56:17 - [MESSAGE][PASSED] - Text ' We also share information about your use of our site with our social media, advertising and analytics partners' is not present on page

2020-04-22 08:56:17 - [TEST_STEP][PASSED] - verifyTextNotPresent("Cookie Policy", false): Text 'Cookie Policy' is not present on page

2020-04-22 08:56:17 - [MESSAGE][PASSED] - Text 'Cookie Policy' is not present on page

2020-04-22 08:56:17 - [TEST_STEP][PASSED] - waitForPageLoad(60): Wait for page load successfully

2020-04-22 08:56:17 - [MESSAGE][PASSED] - Wait for page load successfully

2020-04-22 08:56:17 - [TEST_STEP][PASSED] - "COOKIE - ORIGINAL": null

2020-04-22 08:56:17 - [TEST_STEP][PASSED] - if (waitForElementVisible(findTestObject("Object Repository/Feedback/Page_Checkatrade Give your feedback/input_Member_to_Review"), 5)): Web element with id: 'Object Repository/Feedback/Page_Checkatrade Give your feedback/input_Member_to_Review' located by 'By.xpath: //input[@id='feedback-form__company_autocomplete_input']' not found

2020-04-22 08:56:22 - [MESSAGE][INFO] - Unable to find the element located by 'By.xpath: //input[@id='feedback-form__company_autocomplete_input']'. Please recheck the objects properties to make sure the desired element is located. 

2020-04-22 08:56:22 - [MESSAGE][WARNING] - Web element with id: 'Object Repository/Feedback/Page_Checkatrade Give your feedback/input_Member_to_Review' located by 'By.xpath: //input[@id='feedback-form__company_autocomplete_input']' not found

2020-04-22 08:56:22 - [TEST_STEP][PASSED] - else: The <<<OLD>>> Website was detected by the STARTUP Process

2020-04-22 08:56:22 - [TEST_STEP][PASSED] - if (!(verifyElementVisible(findTestObject("Object Repository/Checkatrade_Trade_Search_Page/Page_Checkatrade Find a tradesperson you can trust/input_Search_Button_FF")))): Object 'Object Repository/Checkatrade_Trade_Search_Page/Page_Checkatrade Find a tradesperson you can trust/input_Search_Button_FF' is visible

2020-04-22 08:56:23 - [MESSAGE][PASSED] - Object 'Object Repository/Checkatrade_Trade_Search_Page/Page_Checkatrade Find a tradesperson you can trust/input_Search_Button_FF' is visible

2020-04-22 08:56:23 - [TEST_STEP][PASSED] - else: The <<<OLD>>> Website was detected by the STARTUP Process

2020-04-22 08:56:23 - [TEST_STEP][PASSED] - Website_Version = "old": null

2020-04-22 08:56:23 - [TEST_STEP][PASSED] - logInfo("The <<<OLD>>> Website was detected by the STARTUP Process"): The <<<OLD>>> Website was detected by the STARTUP Process

2020-04-22 08:56:23 - [MESSAGE][INFO] - The <<<OLD>>> Website was detected by the STARTUP Process

2020-04-22 08:56:23 - [MESSAGE][PASSED] - Call Test Case 'Test Cases/Reusable_Test_Sequences/CAT_Setup' successfully

2020-04-22 08:56:23 - [TEST_STEP][PASSED] - callTestCase(findTestCase("Reusable_Test_Sequences/CAT_Home"), [:], CONTINUE_ON_FAILURE): Call Test Case 'Test Cases/Reusable_Test_Sequences/CAT_Home' successfully

2020-04-22 08:56:23 - [TEST_CASE][PASSED] - Test Cases/Reusable_Test_Sequences/CAT_Home: Test Cases/Reusable_Test_Sequences/CAT_Home

2020-04-22 08:56:23 - [TEST_STEP][PASSED] - waitForPageLoad(60): Wait for page load successfully

2020-04-22 08:56:23 - [MESSAGE][PASSED] - Wait for page load successfully

2020-04-22 08:56:23 - [TEST_STEP][PASSED] - delay(2): Delayed 2 second(s)

2020-04-22 08:56:25 - [MESSAGE][PASSED] - Delayed 2 second(s)

2020-04-22 08:56:25 - [TEST_STEP][PASSED] - "------------------------------------": null

2020-04-22 08:56:25 - [TEST_STEP][PASSED] - if (Website_Version == "new"): null

2020-04-22 08:56:25 - [TEST_STEP][PASSED] - else: Text 'Over a million visits to Checkatrade each month' is present on page 

2020-04-22 08:56:25 - [TEST_STEP][PASSED] - verifyTextPresent("Helping you find the right trade or service", false): Text 'Helping you find the right trade or service' is present on page 

2020-04-22 08:56:25 - [MESSAGE][PASSED] - Text 'Helping you find the right trade or service' is present on page 

2020-04-22 08:56:25 - [TEST_STEP][PASSED] - verifyTextPresent("Search through over", false): Text 'Search through over' is present on page 

2020-04-22 08:56:25 - [MESSAGE][PASSED] - Text 'Search through over' is present on page 

2020-04-22 08:56:25 - [TEST_STEP][PASSED] - verifyTextPresent("recommended, vetted and monitored trades and service providers for free.", false): Text 'recommended, vetted and monitored trades and service providers for free.' is present on page 

2020-04-22 08:56:26 - [MESSAGE][PASSED] - Text 'recommended, vetted and monitored trades and service providers for free.' is present on page 

2020-04-22 08:56:26 - [TEST_STEP][PASSED] - verifyTextPresent("reviews published so far – thank you!", false): Text 'reviews published so far – thank you!' is present on page 

2020-04-22 08:56:26 - [MESSAGE][PASSED] - Text 'reviews published so far – thank you!' is present on page 

2020-04-22 08:56:26 - [TEST_STEP][PASSED] - verifyTextPresent("I need a trade or service", false): Text 'I need a trade or service' is present on page 

2020-04-22 08:56:27 - [MESSAGE][PASSED] - Text 'I need a trade or service' is present on page 

2020-04-22 08:56:27 - [TEST_STEP][PASSED] - verifyTextPresent("Every trader thoroughly checked and vetted", false): Text 'Every trader thoroughly checked and vetted' is present on page 

2020-04-22 08:56:27 - [MESSAGE][PASSED] - Text 'Every trader thoroughly checked and vetted' is present on page 

2020-04-22 08:56:27 - [TEST_STEP][PASSED] - "------------------------------------": null

2020-04-22 08:56:27 - [TEST_STEP][PASSED] - verifyTextPresent("reviews published so far – thank you!", false): Text 'reviews published so far – thank you!' is present on page 

2020-04-22 08:56:27 - [MESSAGE][PASSED] - Text 'reviews published so far – thank you!' is present on page 

2020-04-22 08:56:27 - [TEST_STEP][PASSED] - verifyTextPresent("Find out more", false): Text 'Find out more' is present on page 

2020-04-22 08:56:27 - [MESSAGE][PASSED] - Text 'Find out more' is present on page 

2020-04-22 08:56:27 - [TEST_STEP][PASSED] - verifyTextPresent("I am a tradesman", false): Text 'I am a tradesman' is present on page 

2020-04-22 08:56:27 - [MESSAGE][PASSED] - Text 'I am a tradesman' is present on page 

2020-04-22 08:56:27 - [TEST_STEP][PASSED] - verifyTextPresent("Find out more", false): Text 'Find out more' is present on page 

2020-04-22 08:56:28 - [MESSAGE][PASSED] - Text 'Find out more' is present on page 

2020-04-22 08:56:28 - [TEST_STEP][PASSED] - verifyTextPresent("Over a million visits to Checkatrade each month", false): Text 'Over a million visits to Checkatrade each month' is present on page 

2020-04-22 08:56:28 - [MESSAGE][PASSED] - Text 'Over a million visits to Checkatrade each month' is present on page 

2020-04-22 08:56:28 - [MESSAGE][PASSED] - Call Test Case 'Test Cases/Reusable_Test_Sequences/CAT_Home' successfully

2020-04-22 08:56:28 - [TEST_STEP][PASSED] - "---------------------------------------": null

2020-04-22 08:56:28 - [TEST_STEP][PASSED] - " Navigate to Trades->Find out More     |": null

2020-04-22 08:56:28 - [TEST_STEP][PASSED] - scrollToElement(findTestObject("Object Repository/CAT_Footer/Page_Checkatrade Find a tradesperson you can trust/div_Trade Advice Center"), 3): Scroll to object 'Object Repository/CAT_Footer/Page_Checkatrade Find a tradesperson you can trust/div_Trade Advice Center' successfully

2020-04-22 08:56:28 - [MESSAGE][PASSED] - Scroll to object 'Object Repository/CAT_Footer/Page_Checkatrade Find a tradesperson you can trust/div_Trade Advice Center' successfully

2020-04-22 08:56:28 - [TEST_STEP][PASSED] - click(findTestObject("Object Repository/CAT_Footer/Page_Checkatrade Find a tradesperson you can trust/div_Trade Advice Center")): Object: 'Object Repository/CAT_Footer/Page_Checkatrade Find a tradesperson you can trust/div_Trade Advice Center' is clicked on

2020-04-22 08:56:31 - [MESSAGE][PASSED] - Object: 'Object Repository/CAT_Footer/Page_Checkatrade Find a tradesperson you can trust/div_Trade Advice Center' is clicked on

2020-04-22 08:56:31 - [TEST_STEP][PASSED] - "---------------------------------------": null

2020-04-22 08:56:31 - [TEST_STEP][PASSED] - " Verify Returned Page is as Expected   |": null

2020-04-22 08:56:31 - [TEST_STEP][PASSED] - callTestCase(findTestCase("Reusable_Test_Sequences/CAT_Footer/Trades/Trade_Advice_Center_Verification"), [:], CONTINUE_ON_FAILURE): Call Test Case 'Test Cases/Reusable_Test_Sequences/CAT_Footer/Trades/Trade_Advice_Center_Verification' successfully

2020-04-22 08:56:31 - [TEST_CASE][PASSED] - Test Cases/Reusable_Test_Sequences/CAT_Footer/Trades/Trade_Advice_Center_Verification: Test Cases/Reusable_Test_Sequences/CAT_Footer/Trades/Trade_Advice_Center_Verification

2020-04-22 08:56:32 - [TEST_STEP][PASSED] - delay(1): Delayed 1 second(s)

2020-04-22 08:56:33 - [MESSAGE][PASSED] - Delayed 1 second(s)

2020-04-22 08:56:33 - [TEST_STEP][PASSED] - waitForPageLoad(60): Wait for page load successfully

2020-04-22 08:56:33 - [MESSAGE][PASSED] - Wait for page load successfully

2020-04-22 08:56:33 - [TEST_STEP][PASSED] - waitForElementClickable(findTestObject("Object Repository/CAT_Footer/Advice_Center/Search_Button"), 60): Object 'Object Repository/CAT_Footer/Advice_Center/Search_Button' is clickable

2020-04-22 08:56:33 - [MESSAGE][PASSED] - Object 'Object Repository/CAT_Footer/Advice_Center/Search_Button' is clickable

2020-04-22 08:56:33 - [TEST_STEP][PASSED] - "----------------------------------------------": null

2020-04-22 08:56:33 - [TEST_STEP][PASSED] - "DEFAULT TAB - None - 1 Page Returned          |": null

2020-04-22 08:56:33 - [TEST_STEP][PASSED] - "----------------------------------------------": null

2020-04-22 08:56:33 - [TEST_STEP][PASSED] - "----------------------------------------------": null

2020-04-22 08:56:33 - [TEST_STEP][PASSED] - "----------------------------------------------": null

2020-04-22 08:56:33 - [TEST_STEP][PASSED] - verifyTextPresent("Welcome to the", false): Text 'Welcome to the' is present on page 

2020-04-22 08:56:33 - [MESSAGE][PASSED] - Text 'Welcome to the' is present on page 

2020-04-22 08:56:33 - [TEST_STEP][PASSED] - verifyTextPresent("Trade Advice Centre", false): Text 'Trade Advice Centre' is present on page 

2020-04-22 08:56:34 - [MESSAGE][PASSED] - Text 'Trade Advice Centre' is present on page 

2020-04-22 08:56:34 - [TEST_STEP][PASSED] - "----------------------------------------------": null

2020-04-22 08:56:34 - [TEST_STEP][PASSED] - verifyTextPresent("Homeowner", false): Text 'Homeowner' is present on page 

2020-04-22 08:56:34 - [MESSAGE][PASSED] - Text 'Homeowner' is present on page 

2020-04-22 08:56:34 - [TEST_STEP][PASSED] - verifyTextPresent("Trade", false): Text 'Trade' is present on page 

2020-04-22 08:56:34 - [MESSAGE][PASSED] - Text 'Trade' is present on page 

2020-04-22 08:56:34 - [TEST_STEP][PASSED] - verifyTextPresent("All", false): Text 'All' is present on page 

2020-04-22 08:56:34 - [MESSAGE][PASSED] - Text 'All' is present on page 

2020-04-22 08:56:34 - [TEST_STEP][PASSED] - "----------------------------------------------": null

2020-04-22 08:56:34 - [TEST_STEP][PASSED] - verifyTextPresent("Tradesperson advice to help grow your business", false): Text 'Tradesperson advice to help grow your business' is present on page 

2020-04-22 08:56:35 - [MESSAGE][PASSED] - Text 'Tradesperson advice to help grow your business' is present on page 

2020-04-22 08:56:35 - [TEST_STEP][PASSED] - verifyTextPresent("Tips for building your online trader reputation", false): Text 'Tips for building your online trader reputation' is present on page 

2020-04-22 08:56:35 - [MESSAGE][PASSED] - Text 'Tips for building your online trader reputation' is present on page 

2020-04-22 08:56:35 - [TEST_STEP][PASSED] - scrollToPosition(1000, 1000): Browser is scrolled to position x = 1000, y = 1000

2020-04-22 08:56:35 - [MESSAGE][PASSED] - Browser is scrolled to position x = 1000, y = 1000

2020-04-22 08:56:35 - [TEST_STEP][PASSED] - waitForPageLoad(10): Wait for page load successfully

2020-04-22 08:56:35 - [MESSAGE][PASSED] - Wait for page load successfully

2020-04-22 08:56:35 - [TEST_STEP][PASSED] - "Page Mid": null

2020-04-22 08:56:35 - [TEST_STEP][PASSED] - verifyTextPresent("Continue reading", false): Text 'Continue reading' is present on page 

2020-04-22 08:56:35 - [MESSAGE][PASSED] - Text 'Continue reading' is present on page 

2020-04-22 08:56:35 - [TEST_STEP][PASSED] - verifyTextPresent("Featured Topics", false): Text 'Featured Topics' is present on page 

2020-04-22 08:56:36 - [MESSAGE][PASSED] - Text 'Featured Topics' is present on page 

2020-04-22 08:56:36 - [TEST_STEP][PASSED] - verifyTextPresent("News", false): Text 'News' is present on page 

2020-04-22 08:56:36 - [MESSAGE][PASSED] - Text 'News' is present on page 

2020-04-22 08:56:36 - [TEST_STEP][PASSED] - verifyTextPresent("Events", false): Text 'Events' is present on page 

2020-04-22 08:56:37 - [MESSAGE][PASSED] - Text 'Events' is present on page 

2020-04-22 08:56:37 - [TEST_STEP][PASSED] - "----------------------------------------------": null

2020-04-22 08:56:37 - [TEST_STEP][PASSED] - "Sync": null

2020-04-22 08:56:37 - [TEST_STEP][PASSED] - "----------------------------------------------": null

2020-04-22 08:56:37 - [TEST_STEP][PASSED] - scrollToPosition(5000, 5000): Browser is scrolled to position x = 5000, y = 5000

2020-04-22 08:56:37 - [MESSAGE][PASSED] - Browser is scrolled to position x = 5000, y = 5000

2020-04-22 08:56:37 - [TEST_STEP][PASSED] - waitForPageLoad(10): Wait for page load successfully

2020-04-22 08:56:37 - [MESSAGE][PASSED] - Wait for page load successfully

2020-04-22 08:56:37 - [TEST_STEP][PASSED] - "Footer": null

2020-04-22 08:56:37 - [TEST_STEP][PASSED] - verifyTextPresent("View Article", false): Text 'View Article' is present on page 

2020-04-22 08:56:37 - [MESSAGE][PASSED] - Text 'View Article' is present on page 

2020-04-22 08:56:37 - [TEST_STEP][PASSED] - verifyTextPresent("Load more", false): Text 'Load more' is present on page 

2020-04-22 08:56:37 - [MESSAGE][PASSED] - Text 'Load more' is present on page 

2020-04-22 08:56:37 - [TEST_STEP][PASSED] - "----------------------------------------------": null

2020-04-22 08:56:37 - [TEST_STEP][PASSED] - verifyTextPresent("We use cookies to help make this website better", false): Text 'We use cookies to help make this website better' is present on page 

2020-04-22 08:56:38 - [MESSAGE][PASSED] - Text 'We use cookies to help make this website better' is present on page 

2020-04-22 08:56:38 - [MESSAGE][PASSED] - Call Test Case 'Test Cases/Reusable_Test_Sequences/CAT_Footer/Trades/Trade_Advice_Center_Verification' successfully

2020-04-22 08:56:38 - [TEST_STEP][PASSED] - "--------------------------": null

2020-04-22 08:56:38 - [TEST_STEP][PASSED] - " Teardown - CLose Browser |": null

2020-04-22 08:56:38 - [TEST_STEP][PASSED] - callTestCase(findTestCase("Reusable_Test_Sequences/CAT_Teardown"), [:], OPTIONAL): Call Test Case 'Test Cases/Reusable_Test_Sequences/CAT_Teardown' successfully

2020-04-22 08:56:38 - [TEST_CASE][PASSED] - Test Cases/Reusable_Test_Sequences/CAT_Teardown: Test Cases/Reusable_Test_Sequences/CAT_Teardown

2020-04-22 08:56:38 - [TEST_STEP][PASSED] - closeBrowser(): Browser is closed

2020-04-22 08:56:39 - [MESSAGE][PASSED] - Browser is closed

2020-04-22 08:56:39 - [TEST_STEP][PASSED] - super.finalize(): null

2020-04-22 08:56:39 - [TEST_STEP][PASSED] - System.gc(): null

2020-04-22 08:56:39 - [MESSAGE][PASSED] - Call Test Case 'Test Cases/Reusable_Test_Sequences/CAT_Teardown' successfully]]></system-out>
         <system-err><![CDATA[]]></system-err>
      </testcase>
      <testcase name="Test Cases/CAT_Footer/Company/Brand_Use" time="34.223" classname="Test Cases/CAT_Footer/Company/Brand_Use" status="PASSED">
         <system-out><![CDATA[2020-04-22 08:56:39 - [TEST_CASE][PASSED] - Test Cases/CAT_Footer/Company/Brand_Use: Test Cases/CAT_Footer/Company/Brand_Use

2020-04-22 08:56:40 - [TEST_STEP][PASSED] - callTestCase(findTestCase("Reusable_Test_Sequences/CAT_Setup"), [:], OPTIONAL): Call Test Case 'Test Cases/Reusable_Test_Sequences/CAT_Setup' successfully

2020-04-22 08:56:40 - [TEST_CASE][PASSED] - Test Cases/Reusable_Test_Sequences/CAT_Setup: Test Cases/Reusable_Test_Sequences/CAT_Setup

2020-04-22 08:56:40 - [TEST_STEP][PASSED] - "------------------------------": null

2020-04-22 08:56:40 - [TEST_STEP][PASSED] - " Set Mobile Device Testing    |": null

2020-04-22 08:56:40 - [TEST_STEP][PASSED] - if (Mobile_Flag == "true"): null

2020-04-22 08:56:40 - [TEST_STEP][PASSED] - "------------------------------": null

2020-04-22 08:56:40 - [TEST_STEP][PASSED] - " Set Mobile Device Testing    |": null

2020-04-22 08:56:40 - [TEST_STEP][PASSED] - "------------------------------": null

2020-04-22 08:56:40 - [TEST_STEP][PASSED] - "URL - Set from the ENVIRONMENT PROFILE ": null

2020-04-22 08:56:40 - [TEST_STEP][PASSED] - openBrowser(URL): Browser is opened with url: 'https://www.preview.checkatrade.com/'

2020-04-22 08:56:40 - [MESSAGE][INFO] - Starting 'Chrome' driver

2020-04-22 08:56:40 - [MESSAGE][INFO] - Action delay is set to 0 milliseconds

2020-04-22 08:56:48 - [MESSAGE][PASSED] - Browser is opened with url: 'https://www.preview.checkatrade.com/'

2020-04-22 08:56:48 - [TEST_STEP][PASSED] - maximizeWindow(): Current window maximized

2020-04-22 08:56:51 - [MESSAGE][PASSED] - Current window maximized

2020-04-22 08:56:51 - [TEST_STEP][PASSED] - waitForPageLoad(60): Wait for page load successfully

2020-04-22 08:56:51 - [MESSAGE][PASSED] - Wait for page load successfully

2020-04-22 08:56:51 - [TEST_STEP][PASSED] - "Previous Functionalilty Left Commented For Ease Of reversion": null

2020-04-22 08:56:51 - [TEST_STEP][PASSED] - " Katalon Try/Catches currently have issues? SEE HEADER": null

2020-04-22 08:56:51 - [TEST_STEP][PASSED] - try: Text 'Cookie Policy' is not present on page

2020-04-22 08:56:51 - [TEST_STEP][PASSED] - verifyElementPresent(findTestObject("Object Repository/Cookies/Page_Checkatrade Find a tradesperson you can trust/button_Accept All"), 5, OPTIONAL): Object 'Object Repository/Cookies/Page_Checkatrade Find a tradesperson you can trust/button_Accept All' is present

2020-04-22 08:56:51 - [MESSAGE][PASSED] - Object 'Object Repository/Cookies/Page_Checkatrade Find a tradesperson you can trust/button_Accept All' is present

2020-04-22 08:56:51 - [TEST_STEP][PASSED] - click(findTestObject("Object Repository/Cookies/Page_Checkatrade Find a tradesperson you can trust/button_Accept All"), OPTIONAL): Object: 'Object Repository/Cookies/Page_Checkatrade Find a tradesperson you can trust/button_Accept All' is clicked on

2020-04-22 08:56:51 - [MESSAGE][PASSED] - Object: 'Object Repository/Cookies/Page_Checkatrade Find a tradesperson you can trust/button_Accept All' is clicked on

2020-04-22 08:56:51 - [TEST_STEP][PASSED] - "---------------------------------": null

2020-04-22 08:56:51 - [TEST_STEP][PASSED] - "COOKIE POPOUT REMOVED - Confirmed": null

2020-04-22 08:56:51 - [TEST_STEP][PASSED] - delay(1): Delayed 1 second(s)

2020-04-22 08:56:52 - [MESSAGE][PASSED] - Delayed 1 second(s)

2020-04-22 08:56:52 - [TEST_STEP][PASSED] - verifyTextNotPresent("We use cookies to personalise content and ads, to provide social media features and to analyse our traffic", false): Text 'We use cookies to personalise content and ads, to provide social media features and to analyse our traffic' is not present on page

2020-04-22 08:56:53 - [MESSAGE][PASSED] - Text 'We use cookies to personalise content and ads, to provide social media features and to analyse our traffic' is not present on page

2020-04-22 08:56:53 - [TEST_STEP][PASSED] - verifyTextNotPresent(" We also share information about your use of our site with our social media, advertising and analytics partners", false): Text ' We also share information about your use of our site with our social media, advertising and analytics partners' is not present on page

2020-04-22 08:56:53 - [MESSAGE][PASSED] - Text ' We also share information about your use of our site with our social media, advertising and analytics partners' is not present on page

2020-04-22 08:56:53 - [TEST_STEP][PASSED] - verifyTextNotPresent("Cookie Policy", false): Text 'Cookie Policy' is not present on page

2020-04-22 08:56:53 - [MESSAGE][PASSED] - Text 'Cookie Policy' is not present on page

2020-04-22 08:56:53 - [TEST_STEP][PASSED] - waitForPageLoad(60): Wait for page load successfully

2020-04-22 08:56:53 - [MESSAGE][PASSED] - Wait for page load successfully

2020-04-22 08:56:53 - [TEST_STEP][PASSED] - "COOKIE - ORIGINAL": null

2020-04-22 08:56:53 - [TEST_STEP][PASSED] - if (waitForElementVisible(findTestObject("Object Repository/Feedback/Page_Checkatrade Give your feedback/input_Member_to_Review"), 5)): Web element with id: 'Object Repository/Feedback/Page_Checkatrade Give your feedback/input_Member_to_Review' located by 'By.xpath: //input[@id='feedback-form__company_autocomplete_input']' not found

2020-04-22 08:56:59 - [MESSAGE][INFO] - Unable to find the element located by 'By.xpath: //input[@id='feedback-form__company_autocomplete_input']'. Please recheck the objects properties to make sure the desired element is located. 

2020-04-22 08:56:59 - [MESSAGE][WARNING] - Web element with id: 'Object Repository/Feedback/Page_Checkatrade Give your feedback/input_Member_to_Review' located by 'By.xpath: //input[@id='feedback-form__company_autocomplete_input']' not found

2020-04-22 08:56:59 - [TEST_STEP][PASSED] - else: The <<<OLD>>> Website was detected by the STARTUP Process

2020-04-22 08:56:59 - [TEST_STEP][PASSED] - if (!(verifyElementVisible(findTestObject("Object Repository/Checkatrade_Trade_Search_Page/Page_Checkatrade Find a tradesperson you can trust/input_Search_Button_FF")))): Object 'Object Repository/Checkatrade_Trade_Search_Page/Page_Checkatrade Find a tradesperson you can trust/input_Search_Button_FF' is visible

2020-04-22 08:56:59 - [MESSAGE][PASSED] - Object 'Object Repository/Checkatrade_Trade_Search_Page/Page_Checkatrade Find a tradesperson you can trust/input_Search_Button_FF' is visible

2020-04-22 08:56:59 - [TEST_STEP][PASSED] - else: The <<<OLD>>> Website was detected by the STARTUP Process

2020-04-22 08:56:59 - [TEST_STEP][PASSED] - Website_Version = "old": null

2020-04-22 08:56:59 - [TEST_STEP][PASSED] - logInfo("The <<<OLD>>> Website was detected by the STARTUP Process"): The <<<OLD>>> Website was detected by the STARTUP Process

2020-04-22 08:56:59 - [MESSAGE][INFO] - The <<<OLD>>> Website was detected by the STARTUP Process

2020-04-22 08:56:59 - [MESSAGE][PASSED] - Call Test Case 'Test Cases/Reusable_Test_Sequences/CAT_Setup' successfully

2020-04-22 08:56:59 - [TEST_STEP][PASSED] - callTestCase(findTestCase("Reusable_Test_Sequences/CAT_Home"), [:], CONTINUE_ON_FAILURE): Call Test Case 'Test Cases/Reusable_Test_Sequences/CAT_Home' successfully

2020-04-22 08:56:59 - [TEST_CASE][PASSED] - Test Cases/Reusable_Test_Sequences/CAT_Home: Test Cases/Reusable_Test_Sequences/CAT_Home

2020-04-22 08:56:59 - [TEST_STEP][PASSED] - waitForPageLoad(60): Wait for page load successfully

2020-04-22 08:56:59 - [MESSAGE][PASSED] - Wait for page load successfully

2020-04-22 08:56:59 - [TEST_STEP][PASSED] - delay(2): Delayed 2 second(s)

2020-04-22 08:57:01 - [MESSAGE][PASSED] - Delayed 2 second(s)

2020-04-22 08:57:01 - [TEST_STEP][PASSED] - "------------------------------------": null

2020-04-22 08:57:01 - [TEST_STEP][PASSED] - if (Website_Version == "new"): null

2020-04-22 08:57:01 - [TEST_STEP][PASSED] - else: Text 'Over a million visits to Checkatrade each month' is present on page 

2020-04-22 08:57:01 - [TEST_STEP][PASSED] - verifyTextPresent("Helping you find the right trade or service", false): Text 'Helping you find the right trade or service' is present on page 

2020-04-22 08:57:01 - [MESSAGE][PASSED] - Text 'Helping you find the right trade or service' is present on page 

2020-04-22 08:57:01 - [TEST_STEP][PASSED] - verifyTextPresent("Search through over", false): Text 'Search through over' is present on page 

2020-04-22 08:57:01 - [MESSAGE][PASSED] - Text 'Search through over' is present on page 

2020-04-22 08:57:01 - [TEST_STEP][PASSED] - verifyTextPresent("recommended, vetted and monitored trades and service providers for free.", false): Text 'recommended, vetted and monitored trades and service providers for free.' is present on page 

2020-04-22 08:57:01 - [MESSAGE][PASSED] - Text 'recommended, vetted and monitored trades and service providers for free.' is present on page 

2020-04-22 08:57:01 - [TEST_STEP][PASSED] - verifyTextPresent("reviews published so far – thank you!", false): Text 'reviews published so far – thank you!' is present on page 

2020-04-22 08:57:01 - [MESSAGE][PASSED] - Text 'reviews published so far – thank you!' is present on page 

2020-04-22 08:57:01 - [TEST_STEP][PASSED] - verifyTextPresent("I need a trade or service", false): Text 'I need a trade or service' is present on page 

2020-04-22 08:57:02 - [MESSAGE][PASSED] - Text 'I need a trade or service' is present on page 

2020-04-22 08:57:02 - [TEST_STEP][PASSED] - verifyTextPresent("Every trader thoroughly checked and vetted", false): Text 'Every trader thoroughly checked and vetted' is present on page 

2020-04-22 08:57:02 - [MESSAGE][PASSED] - Text 'Every trader thoroughly checked and vetted' is present on page 

2020-04-22 08:57:02 - [TEST_STEP][PASSED] - "------------------------------------": null

2020-04-22 08:57:02 - [TEST_STEP][PASSED] - verifyTextPresent("reviews published so far – thank you!", false): Text 'reviews published so far – thank you!' is present on page 

2020-04-22 08:57:02 - [MESSAGE][PASSED] - Text 'reviews published so far – thank you!' is present on page 

2020-04-22 08:57:02 - [TEST_STEP][PASSED] - verifyTextPresent("Find out more", false): Text 'Find out more' is present on page 

2020-04-22 08:57:02 - [MESSAGE][PASSED] - Text 'Find out more' is present on page 

2020-04-22 08:57:02 - [TEST_STEP][PASSED] - verifyTextPresent("I am a tradesman", false): Text 'I am a tradesman' is present on page 

2020-04-22 08:57:02 - [MESSAGE][PASSED] - Text 'I am a tradesman' is present on page 

2020-04-22 08:57:02 - [TEST_STEP][PASSED] - verifyTextPresent("Find out more", false): Text 'Find out more' is present on page 

2020-04-22 08:57:03 - [MESSAGE][PASSED] - Text 'Find out more' is present on page 

2020-04-22 08:57:03 - [TEST_STEP][PASSED] - verifyTextPresent("Over a million visits to Checkatrade each month", false): Text 'Over a million visits to Checkatrade each month' is present on page 

2020-04-22 08:57:03 - [MESSAGE][PASSED] - Text 'Over a million visits to Checkatrade each month' is present on page 

2020-04-22 08:57:03 - [MESSAGE][PASSED] - Call Test Case 'Test Cases/Reusable_Test_Sequences/CAT_Home' successfully

2020-04-22 08:57:03 - [TEST_STEP][PASSED] - "---------------------------------------": null

2020-04-22 08:57:03 - [TEST_STEP][PASSED] - " Navigate to Company->Brand Use        |": null

2020-04-22 08:57:03 - [TEST_STEP][PASSED] - scrollToElement(findTestObject("Object Repository/CAT_Footer/Page_Checkatrade Find a tradesperson you can trust/div_Brand Use"), 3): Scroll to object 'Object Repository/CAT_Footer/Page_Checkatrade Find a tradesperson you can trust/div_Brand Use' successfully

2020-04-22 08:57:03 - [MESSAGE][PASSED] - Scroll to object 'Object Repository/CAT_Footer/Page_Checkatrade Find a tradesperson you can trust/div_Brand Use' successfully

2020-04-22 08:57:03 - [TEST_STEP][PASSED] - click(findTestObject("Object Repository/CAT_Footer/Page_Checkatrade Find a tradesperson you can trust/div_Brand Use")): Object: 'Object Repository/CAT_Footer/Page_Checkatrade Find a tradesperson you can trust/div_Brand Use' is clicked on

2020-04-22 08:57:04 - [MESSAGE][PASSED] - Object: 'Object Repository/CAT_Footer/Page_Checkatrade Find a tradesperson you can trust/div_Brand Use' is clicked on

2020-04-22 08:57:04 - [TEST_STEP][PASSED] - "---------------------------------------": null

2020-04-22 08:57:04 - [TEST_STEP][PASSED] - " Verify Returned Page is as Expected   |": null

2020-04-22 08:57:04 - [TEST_STEP][PASSED] - callTestCase(findTestCase("Reusable_Test_Sequences/CAT_Footer/Company/Brand_Use_Verification"), [:], CONTINUE_ON_FAILURE): Call Test Case 'Test Cases/Reusable_Test_Sequences/CAT_Footer/Company/Brand_Use_Verification' successfully

2020-04-22 08:57:05 - [TEST_CASE][PASSED] - Test Cases/Reusable_Test_Sequences/CAT_Footer/Company/Brand_Use_Verification: Test Cases/Reusable_Test_Sequences/CAT_Footer/Company/Brand_Use_Verification

2020-04-22 08:57:05 - [TEST_STEP][PASSED] - delay(1): Delayed 1 second(s)

2020-04-22 08:57:06 - [MESSAGE][PASSED] - Delayed 1 second(s)

2020-04-22 08:57:06 - [TEST_STEP][PASSED] - waitForPageLoad(60): Wait for page load successfully

2020-04-22 08:57:06 - [MESSAGE][PASSED] - Wait for page load successfully

2020-04-22 08:57:06 - [TEST_STEP][PASSED] - "Only When Needed": null

2020-04-22 08:57:06 - [TEST_STEP][PASSED] - "----------------------------------------------": null

2020-04-22 08:57:06 - [TEST_STEP][PASSED] - "DEFAULT TAB - None - 1 Page Returned          |": null

2020-04-22 08:57:06 - [TEST_STEP][PASSED] - "----------------------------------------------": null

2020-04-22 08:57:06 - [TEST_STEP][PASSED] - "----------------------------------------------": null

2020-04-22 08:57:06 - [TEST_STEP][PASSED] - "----------------------------------------------": null

2020-04-22 08:57:06 - [TEST_STEP][PASSED] - verifyTextPresent("Checkatrade.com Brand Guidelines", false): Text 'Checkatrade.com Brand Guidelines' is present on page 

2020-04-22 08:57:06 - [MESSAGE][PASSED] - Text 'Checkatrade.com Brand Guidelines' is present on page 

2020-04-22 08:57:06 - [TEST_STEP][PASSED] - verifyTextPresent("All materials need to remain in their ratio, please do not stretch", false): Text 'All materials need to remain in their ratio, please do not stretch' is present on page 

2020-04-22 08:57:07 - [MESSAGE][PASSED] - Text 'All materials need to remain in their ratio, please do not stretch' is present on page 

2020-04-22 08:57:07 - [TEST_STEP][PASSED] - verifyTextPresent("Full logo", false): Text 'Full logo' is present on page 

2020-04-22 08:57:07 - [MESSAGE][PASSED] - Text 'Full logo' is present on page 

2020-04-22 08:57:07 - [TEST_STEP][PASSED] - verifyTextPresent("Please use our full logo whenever you have enough space and everything is perfectly legible", false): Text 'Please use our full logo whenever you have enough space and everything is perfectly legible' is present on page 

2020-04-22 08:57:07 - [MESSAGE][PASSED] - Text 'Please use our full logo whenever you have enough space and everything is perfectly legible' is present on page 

2020-04-22 08:57:07 - [TEST_STEP][PASSED] - "----------------------------------------------": null

2020-04-22 08:57:07 - [TEST_STEP][PASSED] - verifyTextPresent("Logo variations", false): Text 'Logo variations' is present on page 

2020-04-22 08:57:07 - [MESSAGE][PASSED] - Text 'Logo variations' is present on page 

2020-04-22 08:57:07 - [TEST_STEP][PASSED] - verifyTextPresent("When it’s hard to read the strapline and "dot com" part, use the logo on the left", false): Text 'When it’s hard to read the strapline and "dot com" part, use the logo on the left' is present on page 

2020-04-22 08:57:07 - [MESSAGE][PASSED] - Text 'When it’s hard to read the strapline and "dot com" part, use the logo on the left' is present on page 

2020-04-22 08:57:07 - [TEST_STEP][PASSED] - verifyTextPresent("Use the stacked logo (right) where it fits the space better, e.g. a square space", false): Text 'Use the stacked logo (right) where it fits the space better, e.g. a square space' is present on page 

2020-04-22 08:57:07 - [MESSAGE][PASSED] - Text 'Use the stacked logo (right) where it fits the space better, e.g. a square space' is present on page 

2020-04-22 08:57:07 - [TEST_STEP][PASSED] - "----------------------------------------------": null

2020-04-22 08:57:07 - [TEST_STEP][PASSED] - verifyTextPresent("Colours", false): Text 'Colours' is present on page 

2020-04-22 08:57:08 - [MESSAGE][PASSED] - Text 'Colours' is present on page 

2020-04-22 08:57:08 - [TEST_STEP][PASSED] - verifyTextPresent("Print red", false): Text 'Print red' is present on page 

2020-04-22 08:57:08 - [MESSAGE][PASSED] - Text 'Print red' is present on page 

2020-04-22 08:57:08 - [TEST_STEP][PASSED] - verifyTextPresent("Print blue", false): Text 'Print blue' is present on page 

2020-04-22 08:57:08 - [MESSAGE][PASSED] - Text 'Print blue' is present on page 

2020-04-22 08:57:08 - [TEST_STEP][PASSED] - verifyTextPresent("Print black", false): Text 'Print black' is present on page 

2020-04-22 08:57:08 - [MESSAGE][PASSED] - Text 'Print black' is present on page 

2020-04-22 08:57:08 - [TEST_STEP][PASSED] - verifyTextPresent("Web red", false): Text 'Web red' is present on page 

2020-04-22 08:57:08 - [MESSAGE][PASSED] - Text 'Web red' is present on page 

2020-04-22 08:57:08 - [TEST_STEP][PASSED] - verifyTextPresent("Web blue", false): Text 'Web blue' is present on page 

2020-04-22 08:57:09 - [MESSAGE][PASSED] - Text 'Web blue' is present on page 

2020-04-22 08:57:09 - [TEST_STEP][PASSED] - verifyTextPresent("Web black", false): Text 'Web black' is present on page 

2020-04-22 08:57:09 - [MESSAGE][PASSED] - Text 'Web black' is present on page 

2020-04-22 08:57:09 - [TEST_STEP][PASSED] - scrollToPosition(500, 500): Browser is scrolled to position x = 500, y = 500

2020-04-22 08:57:09 - [MESSAGE][PASSED] - Browser is scrolled to position x = 500, y = 500

2020-04-22 08:57:09 - [TEST_STEP][PASSED] - delay(1): Delayed 1 second(s)

2020-04-22 08:57:10 - [MESSAGE][PASSED] - Delayed 1 second(s)

2020-04-22 08:57:10 - [TEST_STEP][PASSED] - "Centre page": null

2020-04-22 08:57:10 - [TEST_STEP][PASSED] - verifyTextPresent("Exclusion zones", false): Text 'Exclusion zones' is present on page 

2020-04-22 08:57:10 - [MESSAGE][PASSED] - Text 'Exclusion zones' is present on page 

2020-04-22 08:57:10 - [TEST_STEP][PASSED] - verifyTextPresent("Please use the exclusion zones provided in the files. This is the same width of the lower case "e" in the logo", false): Text 'Please use the exclusion zones provided in the files. This is the same width of the lower case "e" in the logo' is present on page 

2020-04-22 08:57:10 - [MESSAGE][PASSED] - Text 'Please use the exclusion zones provided in the files. This is the same width of the lower case "e" in the logo' is present on page 

2020-04-22 08:57:10 - [TEST_STEP][PASSED] - verifyTextPresent("Logo use on black/grey backgrounds", false): Text 'Logo use on black/grey backgrounds' is present on page 

2020-04-22 08:57:10 - [MESSAGE][PASSED] - Text 'Logo use on black/grey backgrounds' is present on page 

2020-04-22 08:57:10 - [TEST_STEP][PASSED] - verifyTextPresent("On black", false): Text 'On black' is present on page 

2020-04-22 08:57:10 - [MESSAGE][PASSED] - Text 'On black' is present on page 

2020-04-22 08:57:10 - [TEST_STEP][PASSED] - verifyTextPresent("Use all white as colours will be difficult to read", false): Text 'Use all white as colours will be difficult to read' is present on page 

2020-04-22 08:57:10 - [MESSAGE][PASSED] - Text 'Use all white as colours will be difficult to read' is present on page 

2020-04-22 08:57:10 - [TEST_STEP][PASSED] - verifyTextPresent("On dark grey", false): Text 'On dark grey' is present on page 

2020-04-22 08:57:10 - [MESSAGE][PASSED] - Text 'On dark grey' is present on page 

2020-04-22 08:57:10 - [TEST_STEP][PASSED] - verifyTextPresent("Also, use all white as colours will be difficult to read", false): Text 'Also, use all white as colours will be difficult to read' is present on page 

2020-04-22 08:57:11 - [MESSAGE][PASSED] - Text 'Also, use all white as colours will be difficult to read' is present on page 

2020-04-22 08:57:11 - [TEST_STEP][PASSED] - verifyTextPresent("On light grey", false): Text 'On light grey' is present on page 

2020-04-22 08:57:11 - [MESSAGE][PASSED] - Text 'On light grey' is present on page 

2020-04-22 08:57:11 - [TEST_STEP][PASSED] - verifyTextPresent("Use regular full colour logo until grey crosses over to dark grey (usually around 40% black)", false): Text 'Use regular full colour logo until grey crosses over to dark grey (usually around 40% black)' is present on page 

2020-04-22 08:57:11 - [MESSAGE][PASSED] - Text 'Use regular full colour logo until grey crosses over to dark grey (usually around 40% black)' is present on page 

2020-04-22 08:57:11 - [TEST_STEP][PASSED] - verifyTextPresent("On dark grey", false): Text 'On dark grey' is present on page 

2020-04-22 08:57:11 - [MESSAGE][PASSED] - Text 'On dark grey' is present on page 

2020-04-22 08:57:11 - [TEST_STEP][PASSED] - scrollToPosition(500, 500): Browser is scrolled to position x = 500, y = 500

2020-04-22 08:57:11 - [MESSAGE][PASSED] - Browser is scrolled to position x = 500, y = 500

2020-04-22 08:57:11 - [TEST_STEP][PASSED] - delay(1): Delayed 1 second(s)

2020-04-22 08:57:12 - [MESSAGE][PASSED] - Delayed 1 second(s)

2020-04-22 08:57:12 - [TEST_STEP][PASSED] - "Footer": null

2020-04-22 08:57:12 - [TEST_STEP][PASSED] - verifyTextPresent("Audio jingle", false): Text 'Audio jingle' is present on page 

2020-04-22 08:57:12 - [MESSAGE][PASSED] - Text 'Audio jingle' is present on page 

2020-04-22 08:57:12 - [TEST_STEP][PASSED] - verifyTextPresent("The jingle is a key element of our brand, this should appear in all audio marketing. If needed, please contact marketing@checkatrade.com", false): Text 'The jingle is a key element of our brand, this should appear in all audio marketing. If needed, please contact marketing@checkatrade.com' is present on page 

2020-04-22 08:57:12 - [MESSAGE][PASSED] - Text 'The jingle is a key element of our brand, this should appear in all audio marketing. If needed, please contact marketing@checkatrade.com' is present on page 

2020-04-22 08:57:12 - [TEST_STEP][PASSED] - "STOCK": null

2020-04-22 08:57:12 - [TEST_STEP][PASSED] - "Changes to cookie messaging - 12/02/2020": null

2020-04-22 08:57:12 - [TEST_STEP][PASSED] - "----------------------------------------------": null

2020-04-22 08:57:12 - [TEST_STEP][PASSED] - verifyTextPresent(" Checkatrade.com all rights reserved", false): Text ' Checkatrade.com all rights reserved' is present on page 

2020-04-22 08:57:12 - [MESSAGE][PASSED] - Text ' Checkatrade.com all rights reserved' is present on page 

2020-04-22 08:57:12 - [MESSAGE][PASSED] - Call Test Case 'Test Cases/Reusable_Test_Sequences/CAT_Footer/Company/Brand_Use_Verification' successfully

2020-04-22 08:57:12 - [TEST_STEP][PASSED] - "--------------------------": null

2020-04-22 08:57:12 - [TEST_STEP][PASSED] - " Teardown - CLose Browser |": null

2020-04-22 08:57:12 - [TEST_STEP][PASSED] - callTestCase(findTestCase("Reusable_Test_Sequences/CAT_Teardown"), [:], OPTIONAL): Call Test Case 'Test Cases/Reusable_Test_Sequences/CAT_Teardown' successfully

2020-04-22 08:57:12 - [TEST_CASE][PASSED] - Test Cases/Reusable_Test_Sequences/CAT_Teardown: Test Cases/Reusable_Test_Sequences/CAT_Teardown

2020-04-22 08:57:12 - [TEST_STEP][PASSED] - closeBrowser(): Browser is closed

2020-04-22 08:57:13 - [MESSAGE][PASSED] - Browser is closed

2020-04-22 08:57:13 - [TEST_STEP][PASSED] - super.finalize(): null

2020-04-22 08:57:13 - [TEST_STEP][PASSED] - System.gc(): null

2020-04-22 08:57:13 - [MESSAGE][PASSED] - Call Test Case 'Test Cases/Reusable_Test_Sequences/CAT_Teardown' successfully]]></system-out>
         <system-err><![CDATA[]]></system-err>
      </testcase>
      <testcase name="Test Cases/CAT_Footer/Company/Careers" time="31.37" classname="Test Cases/CAT_Footer/Company/Careers" status="PASSED">
         <system-out><![CDATA[2020-04-22 08:57:13 - [TEST_CASE][PASSED] - Test Cases/CAT_Footer/Company/Careers: Test Cases/CAT_Footer/Company/Careers

2020-04-22 08:57:14 - [TEST_STEP][PASSED] - callTestCase(findTestCase("Reusable_Test_Sequences/CAT_Setup"), [:], OPTIONAL): Call Test Case 'Test Cases/Reusable_Test_Sequences/CAT_Setup' successfully

2020-04-22 08:57:14 - [TEST_CASE][PASSED] - Test Cases/Reusable_Test_Sequences/CAT_Setup: Test Cases/Reusable_Test_Sequences/CAT_Setup

2020-04-22 08:57:14 - [TEST_STEP][PASSED] - "------------------------------": null

2020-04-22 08:57:14 - [TEST_STEP][PASSED] - " Set Mobile Device Testing    |": null

2020-04-22 08:57:14 - [TEST_STEP][PASSED] - if (Mobile_Flag == "true"): null

2020-04-22 08:57:14 - [TEST_STEP][PASSED] - "------------------------------": null

2020-04-22 08:57:14 - [TEST_STEP][PASSED] - " Set Mobile Device Testing    |": null

2020-04-22 08:57:14 - [TEST_STEP][PASSED] - "------------------------------": null

2020-04-22 08:57:14 - [TEST_STEP][PASSED] - "URL - Set from the ENVIRONMENT PROFILE ": null

2020-04-22 08:57:14 - [TEST_STEP][PASSED] - openBrowser(URL): Browser is opened with url: 'https://www.preview.checkatrade.com/'

2020-04-22 08:57:14 - [MESSAGE][INFO] - Starting 'Chrome' driver

2020-04-22 08:57:14 - [MESSAGE][INFO] - Action delay is set to 0 milliseconds

2020-04-22 08:57:20 - [MESSAGE][PASSED] - Browser is opened with url: 'https://www.preview.checkatrade.com/'

2020-04-22 08:57:20 - [TEST_STEP][PASSED] - maximizeWindow(): Current window maximized

2020-04-22 08:57:23 - [MESSAGE][PASSED] - Current window maximized

2020-04-22 08:57:23 - [TEST_STEP][PASSED] - waitForPageLoad(60): Wait for page load successfully

2020-04-22 08:57:23 - [MESSAGE][PASSED] - Wait for page load successfully

2020-04-22 08:57:23 - [TEST_STEP][PASSED] - "Previous Functionalilty Left Commented For Ease Of reversion": null

2020-04-22 08:57:23 - [TEST_STEP][PASSED] - " Katalon Try/Catches currently have issues? SEE HEADER": null

2020-04-22 08:57:23 - [TEST_STEP][PASSED] - try: Text 'Cookie Policy' is not present on page

2020-04-22 08:57:23 - [TEST_STEP][PASSED] - verifyElementPresent(findTestObject("Object Repository/Cookies/Page_Checkatrade Find a tradesperson you can trust/button_Accept All"), 5, OPTIONAL): Object 'Object Repository/Cookies/Page_Checkatrade Find a tradesperson you can trust/button_Accept All' is present

2020-04-22 08:57:23 - [MESSAGE][PASSED] - Object 'Object Repository/Cookies/Page_Checkatrade Find a tradesperson you can trust/button_Accept All' is present

2020-04-22 08:57:23 - [TEST_STEP][PASSED] - click(findTestObject("Object Repository/Cookies/Page_Checkatrade Find a tradesperson you can trust/button_Accept All"), OPTIONAL): Object: 'Object Repository/Cookies/Page_Checkatrade Find a tradesperson you can trust/button_Accept All' is clicked on

2020-04-22 08:57:23 - [MESSAGE][PASSED] - Object: 'Object Repository/Cookies/Page_Checkatrade Find a tradesperson you can trust/button_Accept All' is clicked on

2020-04-22 08:57:23 - [TEST_STEP][PASSED] - "---------------------------------": null

2020-04-22 08:57:23 - [TEST_STEP][PASSED] - "COOKIE POPOUT REMOVED - Confirmed": null

2020-04-22 08:57:23 - [TEST_STEP][PASSED] - delay(1): Delayed 1 second(s)

2020-04-22 08:57:24 - [MESSAGE][PASSED] - Delayed 1 second(s)

2020-04-22 08:57:24 - [TEST_STEP][PASSED] - verifyTextNotPresent("We use cookies to personalise content and ads, to provide social media features and to analyse our traffic", false): Text 'We use cookies to personalise content and ads, to provide social media features and to analyse our traffic' is not present on page

2020-04-22 08:57:24 - [MESSAGE][PASSED] - Text 'We use cookies to personalise content and ads, to provide social media features and to analyse our traffic' is not present on page

2020-04-22 08:57:24 - [TEST_STEP][PASSED] - verifyTextNotPresent(" We also share information about your use of our site with our social media, advertising and analytics partners", false): Text ' We also share information about your use of our site with our social media, advertising and analytics partners' is not present on page

2020-04-22 08:57:25 - [MESSAGE][PASSED] - Text ' We also share information about your use of our site with our social media, advertising and analytics partners' is not present on page

2020-04-22 08:57:25 - [TEST_STEP][PASSED] - verifyTextNotPresent("Cookie Policy", false): Text 'Cookie Policy' is not present on page

2020-04-22 08:57:25 - [MESSAGE][PASSED] - Text 'Cookie Policy' is not present on page

2020-04-22 08:57:25 - [TEST_STEP][PASSED] - waitForPageLoad(60): Wait for page load successfully

2020-04-22 08:57:25 - [MESSAGE][PASSED] - Wait for page load successfully

2020-04-22 08:57:25 - [TEST_STEP][PASSED] - "COOKIE - ORIGINAL": null

2020-04-22 08:57:25 - [TEST_STEP][PASSED] - if (waitForElementVisible(findTestObject("Object Repository/Feedback/Page_Checkatrade Give your feedback/input_Member_to_Review"), 5)): Web element with id: 'Object Repository/Feedback/Page_Checkatrade Give your feedback/input_Member_to_Review' located by 'By.xpath: //input[@id='feedback-form__company_autocomplete_input']' not found

2020-04-22 08:57:30 - [MESSAGE][INFO] - Unable to find the element located by 'By.xpath: //input[@id='feedback-form__company_autocomplete_input']'. Please recheck the objects properties to make sure the desired element is located. 

2020-04-22 08:57:30 - [MESSAGE][WARNING] - Web element with id: 'Object Repository/Feedback/Page_Checkatrade Give your feedback/input_Member_to_Review' located by 'By.xpath: //input[@id='feedback-form__company_autocomplete_input']' not found

2020-04-22 08:57:30 - [TEST_STEP][PASSED] - else: The <<<OLD>>> Website was detected by the STARTUP Process

2020-04-22 08:57:30 - [TEST_STEP][PASSED] - if (!(verifyElementVisible(findTestObject("Object Repository/Checkatrade_Trade_Search_Page/Page_Checkatrade Find a tradesperson you can trust/input_Search_Button_FF")))): Object 'Object Repository/Checkatrade_Trade_Search_Page/Page_Checkatrade Find a tradesperson you can trust/input_Search_Button_FF' is visible

2020-04-22 08:57:30 - [MESSAGE][PASSED] - Object 'Object Repository/Checkatrade_Trade_Search_Page/Page_Checkatrade Find a tradesperson you can trust/input_Search_Button_FF' is visible

2020-04-22 08:57:30 - [TEST_STEP][PASSED] - else: The <<<OLD>>> Website was detected by the STARTUP Process

2020-04-22 08:57:30 - [TEST_STEP][PASSED] - Website_Version = "old": null

2020-04-22 08:57:30 - [TEST_STEP][PASSED] - logInfo("The <<<OLD>>> Website was detected by the STARTUP Process"): The <<<OLD>>> Website was detected by the STARTUP Process

2020-04-22 08:57:30 - [MESSAGE][INFO] - The <<<OLD>>> Website was detected by the STARTUP Process

2020-04-22 08:57:30 - [MESSAGE][PASSED] - Call Test Case 'Test Cases/Reusable_Test_Sequences/CAT_Setup' successfully

2020-04-22 08:57:30 - [TEST_STEP][PASSED] - callTestCase(findTestCase("Reusable_Test_Sequences/CAT_Home"), [:], CONTINUE_ON_FAILURE): Call Test Case 'Test Cases/Reusable_Test_Sequences/CAT_Home' successfully

2020-04-22 08:57:30 - [TEST_CASE][PASSED] - Test Cases/Reusable_Test_Sequences/CAT_Home: Test Cases/Reusable_Test_Sequences/CAT_Home

2020-04-22 08:57:31 - [TEST_STEP][PASSED] - waitForPageLoad(60): Wait for page load successfully

2020-04-22 08:57:31 - [MESSAGE][PASSED] - Wait for page load successfully

2020-04-22 08:57:31 - [TEST_STEP][PASSED] - delay(2): Delayed 2 second(s)

2020-04-22 08:57:33 - [MESSAGE][PASSED] - Delayed 2 second(s)

2020-04-22 08:57:33 - [TEST_STEP][PASSED] - "------------------------------------": null

2020-04-22 08:57:33 - [TEST_STEP][PASSED] - if (Website_Version == "new"): null

2020-04-22 08:57:33 - [TEST_STEP][PASSED] - else: Text 'Over a million visits to Checkatrade each month' is present on page 

2020-04-22 08:57:33 - [TEST_STEP][PASSED] - verifyTextPresent("Helping you find the right trade or service", false): Text 'Helping you find the right trade or service' is present on page 

2020-04-22 08:57:33 - [MESSAGE][PASSED] - Text 'Helping you find the right trade or service' is present on page 

2020-04-22 08:57:33 - [TEST_STEP][PASSED] - verifyTextPresent("Search through over", false): Text 'Search through over' is present on page 

2020-04-22 08:57:33 - [MESSAGE][PASSED] - Text 'Search through over' is present on page 

2020-04-22 08:57:33 - [TEST_STEP][PASSED] - verifyTextPresent("recommended, vetted and monitored trades and service providers for free.", false): Text 'recommended, vetted and monitored trades and service providers for free.' is present on page 

2020-04-22 08:57:33 - [MESSAGE][PASSED] - Text 'recommended, vetted and monitored trades and service providers for free.' is present on page 

2020-04-22 08:57:33 - [TEST_STEP][PASSED] - verifyTextPresent("reviews published so far – thank you!", false): Text 'reviews published so far – thank you!' is present on page 

2020-04-22 08:57:33 - [MESSAGE][PASSED] - Text 'reviews published so far – thank you!' is present on page 

2020-04-22 08:57:33 - [TEST_STEP][PASSED] - verifyTextPresent("I need a trade or service", false): Text 'I need a trade or service' is present on page 

2020-04-22 08:57:33 - [MESSAGE][PASSED] - Text 'I need a trade or service' is present on page 

2020-04-22 08:57:33 - [TEST_STEP][PASSED] - verifyTextPresent("Every trader thoroughly checked and vetted", false): Text 'Every trader thoroughly checked and vetted' is present on page 

2020-04-22 08:57:33 - [MESSAGE][PASSED] - Text 'Every trader thoroughly checked and vetted' is present on page 

2020-04-22 08:57:33 - [TEST_STEP][PASSED] - "------------------------------------": null

2020-04-22 08:57:33 - [TEST_STEP][PASSED] - verifyTextPresent("reviews published so far – thank you!", false): Text 'reviews published so far – thank you!' is present on page 

2020-04-22 08:57:33 - [MESSAGE][PASSED] - Text 'reviews published so far – thank you!' is present on page 

2020-04-22 08:57:33 - [TEST_STEP][PASSED] - verifyTextPresent("Find out more", false): Text 'Find out more' is present on page 

2020-04-22 08:57:33 - [MESSAGE][PASSED] - Text 'Find out more' is present on page 

2020-04-22 08:57:33 - [TEST_STEP][PASSED] - verifyTextPresent("I am a tradesman", false): Text 'I am a tradesman' is present on page 

2020-04-22 08:57:33 - [MESSAGE][PASSED] - Text 'I am a tradesman' is present on page 

2020-04-22 08:57:33 - [TEST_STEP][PASSED] - verifyTextPresent("Find out more", false): Text 'Find out more' is present on page 

2020-04-22 08:57:33 - [MESSAGE][PASSED] - Text 'Find out more' is present on page 

2020-04-22 08:57:33 - [TEST_STEP][PASSED] - verifyTextPresent("Over a million visits to Checkatrade each month", false): Text 'Over a million visits to Checkatrade each month' is present on page 

2020-04-22 08:57:33 - [MESSAGE][PASSED] - Text 'Over a million visits to Checkatrade each month' is present on page 

2020-04-22 08:57:33 - [MESSAGE][PASSED] - Call Test Case 'Test Cases/Reusable_Test_Sequences/CAT_Home' successfully

2020-04-22 08:57:33 - [TEST_STEP][PASSED] - "---------------------------------------": null

2020-04-22 08:57:33 - [TEST_STEP][PASSED] - " Navigate to Trades->Find out More     |": null

2020-04-22 08:57:33 - [TEST_STEP][PASSED] - scrollToElement(findTestObject("Object Repository/CAT_Footer/Page_Checkatrade Find a tradesperson you can trust/div_Careers"), 3): Scroll to object 'Object Repository/CAT_Footer/Page_Checkatrade Find a tradesperson you can trust/div_Careers' successfully

2020-04-22 08:57:34 - [MESSAGE][PASSED] - Scroll to object 'Object Repository/CAT_Footer/Page_Checkatrade Find a tradesperson you can trust/div_Careers' successfully

2020-04-22 08:57:34 - [TEST_STEP][PASSED] - click(findTestObject("Object Repository/CAT_Footer/Page_Checkatrade Find a tradesperson you can trust/div_Careers")): Object: 'Object Repository/CAT_Footer/Page_Checkatrade Find a tradesperson you can trust/div_Careers' is clicked on

2020-04-22 08:57:35 - [MESSAGE][PASSED] - Object: 'Object Repository/CAT_Footer/Page_Checkatrade Find a tradesperson you can trust/div_Careers' is clicked on

2020-04-22 08:57:35 - [TEST_STEP][PASSED] - "---------------------------------------": null

2020-04-22 08:57:35 - [TEST_STEP][PASSED] - " Verify Returned Page is as Expected   |": null

2020-04-22 08:57:35 - [TEST_STEP][PASSED] - callTestCase(findTestCase("Reusable_Test_Sequences/CAT_Footer/Company/Careers_Verification"), [:], CONTINUE_ON_FAILURE): Call Test Case 'Test Cases/Reusable_Test_Sequences/CAT_Footer/Company/Careers_Verification' successfully

2020-04-22 08:57:35 - [TEST_CASE][PASSED] - Test Cases/Reusable_Test_Sequences/CAT_Footer/Company/Careers_Verification: Test Cases/Reusable_Test_Sequences/CAT_Footer/Company/Careers_Verification

2020-04-22 08:57:36 - [TEST_STEP][PASSED] - delay(1): Delayed 1 second(s)

2020-04-22 08:57:37 - [MESSAGE][PASSED] - Delayed 1 second(s)

2020-04-22 08:57:37 - [TEST_STEP][PASSED] - waitForPageLoad(60): Wait for page load successfully

2020-04-22 08:57:37 - [MESSAGE][PASSED] - Wait for page load successfully

2020-04-22 08:57:37 - [TEST_STEP][PASSED] - "Only When Needed": null

2020-04-22 08:57:37 - [TEST_STEP][PASSED] - "CONSIDERATION - Ribbon Menu - For Further Tests": null

2020-04-22 08:57:37 - [TEST_STEP][PASSED] - "----------------------------------------------": null

2020-04-22 08:57:37 - [TEST_STEP][PASSED] - "DEFAULT TAB - None - 1 Page Returned          |": null

2020-04-22 08:57:37 - [TEST_STEP][PASSED] - "----------------------------------------------": null

2020-04-22 08:57:37 - [TEST_STEP][PASSED] - "----------------------------------------------": null

2020-04-22 08:57:37 - [TEST_STEP][PASSED] - "----------------------------------------------": null

2020-04-22 08:57:37 - [TEST_STEP][PASSED] - "Header": null

2020-04-22 08:57:37 - [TEST_STEP][PASSED] - "Ribbon Menu Top Sevel Options": null

2020-04-22 08:57:37 - [TEST_STEP][PASSED] - verifyTextPresent("Our Vacancies", false): Text 'Our Vacancies' is present on page 

2020-04-22 08:57:37 - [MESSAGE][PASSED] - Text 'Our Vacancies' is present on page 

2020-04-22 08:57:37 - [TEST_STEP][PASSED] - verifyTextPresent("About Us", false): Text 'About Us' is present on page 

2020-04-22 08:57:37 - [MESSAGE][PASSED] - Text 'About Us' is present on page 

2020-04-22 08:57:37 - [TEST_STEP][PASSED] - verifyTextPresent("Our Teams", false): Text 'Our Teams' is present on page 

2020-04-22 08:57:37 - [MESSAGE][PASSED] - Text 'Our Teams' is present on page 

2020-04-22 08:57:37 - [TEST_STEP][PASSED] - verifyTextPresent("Our Benefits", false): Text 'Our Benefits' is present on page 

2020-04-22 08:57:38 - [MESSAGE][PASSED] - Text 'Our Benefits' is present on page 

2020-04-22 08:57:38 - [TEST_STEP][PASSED] - verifyTextPresent("Charity Leave", false): Text 'Charity Leave' is present on page 

2020-04-22 08:57:38 - [MESSAGE][PASSED] - Text 'Charity Leave' is present on page 

2020-04-22 08:57:38 - [TEST_STEP][PASSED] - verifyTextPresent("Our Offices", false): Text 'Our Offices' is present on page 

2020-04-22 08:57:38 - [MESSAGE][PASSED] - Text 'Our Offices' is present on page 

2020-04-22 08:57:38 - [TEST_STEP][PASSED] - verifyTextPresent("Contact Us", false): Text 'Contact Us' is present on page 

2020-04-22 08:57:38 - [MESSAGE][PASSED] - Text 'Contact Us' is present on page 

2020-04-22 08:57:38 - [TEST_STEP][PASSED] - verifyTextPresent("Keywords", false): Text 'Keywords' is present on page 

2020-04-22 08:57:39 - [MESSAGE][PASSED] - Text 'Keywords' is present on page 

2020-04-22 08:57:39 - [TEST_STEP][PASSED] - "----------------------------------------------": null

2020-04-22 08:57:39 - [TEST_STEP][PASSED] - verifyTextPresent("Location", false): Text 'Location' is present on page 

2020-04-22 08:57:39 - [MESSAGE][PASSED] - Text 'Location' is present on page 

2020-04-22 08:57:39 - [TEST_STEP][PASSED] - "----------------------------------------------": null

2020-04-22 08:57:39 - [TEST_STEP][PASSED] - verifyTextPresent("Search Jobs", false): Text 'Search Jobs' is present on page 

2020-04-22 08:57:39 - [MESSAGE][PASSED] - Text 'Search Jobs' is present on page 

2020-04-22 08:57:39 - [TEST_STEP][PASSED] - verifyTextPresent("Vacancies", false): Text 'Vacancies' is present on page 

2020-04-22 08:57:40 - [MESSAGE][PASSED] - Text 'Vacancies' is present on page 

2020-04-22 08:57:40 - [TEST_STEP][PASSED] - verifyTextPresent("Refine", false): Text 'Refine' is present on page 

2020-04-22 08:57:40 - [MESSAGE][PASSED] - Text 'Refine' is present on page 

2020-04-22 08:57:40 - [TEST_STEP][PASSED] - verifyTextPresent("Sort By", false): Text 'Sort By' is present on page 

2020-04-22 08:57:40 - [MESSAGE][PASSED] - Text 'Sort By' is present on page 

2020-04-22 08:57:40 - [TEST_STEP][PASSED] - "----------------------------------------------": null

2020-04-22 08:57:40 - [TEST_STEP][PASSED] - "----------------------------------------------": null

2020-04-22 08:57:40 - [TEST_STEP][PASSED] - "Page Body": null

2020-04-22 08:57:40 - [TEST_STEP][PASSED] - "----------------------------------------------": null

2020-04-22 08:57:40 - [TEST_STEP][PASSED] - "Changing Content :-)": null

2020-04-22 08:57:40 - [TEST_STEP][PASSED] - scrollToPosition(5000, 5000): Browser is scrolled to position x = 5000, y = 5000

2020-04-22 08:57:40 - [MESSAGE][PASSED] - Browser is scrolled to position x = 5000, y = 5000

2020-04-22 08:57:40 - [TEST_STEP][PASSED] - delay(1): Delayed 1 second(s)

2020-04-22 08:57:41 - [MESSAGE][PASSED] - Delayed 1 second(s)

2020-04-22 08:57:41 - [TEST_STEP][PASSED] - "Footer": null

2020-04-22 08:57:41 - [TEST_STEP][PASSED] - verifyTextPresent("More Info", false): Text 'More Info' is present on page 

2020-04-22 08:57:42 - [MESSAGE][PASSED] - Text 'More Info' is present on page 

2020-04-22 08:57:42 - [TEST_STEP][PASSED] - verifyTextPresent("Apply", false): Text 'Apply' is present on page 

2020-04-22 08:57:42 - [MESSAGE][PASSED] - Text 'Apply' is present on page 

2020-04-22 08:57:42 - [TEST_STEP][PASSED] - verifyTextPresent("Sign up for job alerts and be the first to know about new opportunities", false): Text 'Sign up for job alerts and be the first to know about new opportunities' is present on page 

2020-04-22 08:57:42 - [MESSAGE][PASSED] - Text 'Sign up for job alerts and be the first to know about new opportunities' is present on page 

2020-04-22 08:57:42 - [TEST_STEP][PASSED] - verifyTextPresent("If you can’t see a job that’s an exact match for your skills and experience, please sign up for our jobs alerts here", false): Text 'If you can’t see a job that’s an exact match for your skills and experience, please sign up for our jobs alerts here' is present on page 

2020-04-22 08:57:43 - [MESSAGE][PASSED] - Text 'If you can’t see a job that’s an exact match for your skills and experience, please sign up for our jobs alerts here' is present on page 

2020-04-22 08:57:43 - [TEST_STEP][PASSED] - verifyTextPresent("Register", false): Text 'Register' is present on page 

2020-04-22 08:57:43 - [MESSAGE][PASSED] - Text 'Register' is present on page 

2020-04-22 08:57:43 - [MESSAGE][PASSED] - Call Test Case 'Test Cases/Reusable_Test_Sequences/CAT_Footer/Company/Careers_Verification' successfully

2020-04-22 08:57:43 - [TEST_STEP][PASSED] - "--------------------------": null

2020-04-22 08:57:43 - [TEST_STEP][PASSED] - " Teardown - CLose Browser |": null

2020-04-22 08:57:43 - [TEST_STEP][PASSED] - callTestCase(findTestCase("Reusable_Test_Sequences/CAT_Teardown"), [:], OPTIONAL): Call Test Case 'Test Cases/Reusable_Test_Sequences/CAT_Teardown' successfully

2020-04-22 08:57:43 - [TEST_CASE][PASSED] - Test Cases/Reusable_Test_Sequences/CAT_Teardown: Test Cases/Reusable_Test_Sequences/CAT_Teardown

2020-04-22 08:57:43 - [TEST_STEP][PASSED] - closeBrowser(): Browser is closed

2020-04-22 08:57:45 - [MESSAGE][PASSED] - Browser is closed

2020-04-22 08:57:45 - [TEST_STEP][PASSED] - super.finalize(): null

2020-04-22 08:57:45 - [TEST_STEP][PASSED] - System.gc(): null

2020-04-22 08:57:45 - [MESSAGE][PASSED] - Call Test Case 'Test Cases/Reusable_Test_Sequences/CAT_Teardown' successfully]]></system-out>
         <system-err><![CDATA[]]></system-err>
      </testcase>
      <testcase name="Test Cases/CAT_Footer/Company/Contact_Us" time="40.28" classname="Test Cases/CAT_Footer/Company/Contact_Us" status="PASSED">
         <system-out><![CDATA[2020-04-22 08:57:45 - [TEST_CASE][PASSED] - Test Cases/CAT_Footer/Company/Contact_Us: Test Cases/CAT_Footer/Company/Contact_Us

2020-04-22 08:57:45 - [TEST_STEP][PASSED] - callTestCase(findTestCase("Reusable_Test_Sequences/CAT_Setup"), [:], OPTIONAL): Call Test Case 'Test Cases/Reusable_Test_Sequences/CAT_Setup' successfully

2020-04-22 08:57:45 - [TEST_CASE][PASSED] - Test Cases/Reusable_Test_Sequences/CAT_Setup: Test Cases/Reusable_Test_Sequences/CAT_Setup

2020-04-22 08:57:45 - [TEST_STEP][PASSED] - "------------------------------": null

2020-04-22 08:57:45 - [TEST_STEP][PASSED] - " Set Mobile Device Testing    |": null

2020-04-22 08:57:45 - [TEST_STEP][PASSED] - if (Mobile_Flag == "true"): null

2020-04-22 08:57:45 - [TEST_STEP][PASSED] - "------------------------------": null

2020-04-22 08:57:45 - [TEST_STEP][PASSED] - " Set Mobile Device Testing    |": null

2020-04-22 08:57:45 - [TEST_STEP][PASSED] - "------------------------------": null

2020-04-22 08:57:45 - [TEST_STEP][PASSED] - "URL - Set from the ENVIRONMENT PROFILE ": null

2020-04-22 08:57:45 - [TEST_STEP][PASSED] - openBrowser(URL): Browser is opened with url: 'https://www.preview.checkatrade.com/'

2020-04-22 08:57:45 - [MESSAGE][INFO] - Starting 'Chrome' driver

2020-04-22 08:57:45 - [MESSAGE][INFO] - Action delay is set to 0 milliseconds

2020-04-22 08:57:53 - [MESSAGE][PASSED] - Browser is opened with url: 'https://www.preview.checkatrade.com/'

2020-04-22 08:57:53 - [TEST_STEP][PASSED] - maximizeWindow(): Current window maximized

2020-04-22 08:57:56 - [MESSAGE][PASSED] - Current window maximized

2020-04-22 08:57:56 - [TEST_STEP][PASSED] - waitForPageLoad(60): Wait for page load successfully

2020-04-22 08:57:56 - [MESSAGE][PASSED] - Wait for page load successfully

2020-04-22 08:57:56 - [TEST_STEP][PASSED] - "Previous Functionalilty Left Commented For Ease Of reversion": null

2020-04-22 08:57:56 - [TEST_STEP][PASSED] - " Katalon Try/Catches currently have issues? SEE HEADER": null

2020-04-22 08:57:56 - [TEST_STEP][PASSED] - try: Text 'Cookie Policy' is not present on page

2020-04-22 08:57:56 - [TEST_STEP][PASSED] - verifyElementPresent(findTestObject("Object Repository/Cookies/Page_Checkatrade Find a tradesperson you can trust/button_Accept All"), 5, OPTIONAL): Object 'Object Repository/Cookies/Page_Checkatrade Find a tradesperson you can trust/button_Accept All' is present

2020-04-22 08:57:56 - [MESSAGE][PASSED] - Object 'Object Repository/Cookies/Page_Checkatrade Find a tradesperson you can trust/button_Accept All' is present

2020-04-22 08:57:56 - [TEST_STEP][PASSED] - click(findTestObject("Object Repository/Cookies/Page_Checkatrade Find a tradesperson you can trust/button_Accept All"), OPTIONAL): Object: 'Object Repository/Cookies/Page_Checkatrade Find a tradesperson you can trust/button_Accept All' is clicked on

2020-04-22 08:57:56 - [MESSAGE][PASSED] - Object: 'Object Repository/Cookies/Page_Checkatrade Find a tradesperson you can trust/button_Accept All' is clicked on

2020-04-22 08:57:56 - [TEST_STEP][PASSED] - "---------------------------------": null

2020-04-22 08:57:56 - [TEST_STEP][PASSED] - "COOKIE POPOUT REMOVED - Confirmed": null

2020-04-22 08:57:56 - [TEST_STEP][PASSED] - delay(1): Delayed 1 second(s)

2020-04-22 08:57:57 - [MESSAGE][PASSED] - Delayed 1 second(s)

2020-04-22 08:57:57 - [TEST_STEP][PASSED] - verifyTextNotPresent("We use cookies to personalise content and ads, to provide social media features and to analyse our traffic", false): Text 'We use cookies to personalise content and ads, to provide social media features and to analyse our traffic' is not present on page

2020-04-22 08:57:58 - [MESSAGE][PASSED] - Text 'We use cookies to personalise content and ads, to provide social media features and to analyse our traffic' is not present on page

2020-04-22 08:57:58 - [TEST_STEP][PASSED] - verifyTextNotPresent(" We also share information about your use of our site with our social media, advertising and analytics partners", false): Text ' We also share information about your use of our site with our social media, advertising and analytics partners' is not present on page

2020-04-22 08:57:58 - [MESSAGE][PASSED] - Text ' We also share information about your use of our site with our social media, advertising and analytics partners' is not present on page

2020-04-22 08:57:58 - [TEST_STEP][PASSED] - verifyTextNotPresent("Cookie Policy", false): Text 'Cookie Policy' is not present on page

2020-04-22 08:57:58 - [MESSAGE][PASSED] - Text 'Cookie Policy' is not present on page

2020-04-22 08:57:58 - [TEST_STEP][PASSED] - waitForPageLoad(60): Wait for page load successfully

2020-04-22 08:57:58 - [MESSAGE][PASSED] - Wait for page load successfully

2020-04-22 08:57:58 - [TEST_STEP][PASSED] - "COOKIE - ORIGINAL": null

2020-04-22 08:57:58 - [TEST_STEP][PASSED] - if (waitForElementVisible(findTestObject("Object Repository/Feedback/Page_Checkatrade Give your feedback/input_Member_to_Review"), 5)): Web element with id: 'Object Repository/Feedback/Page_Checkatrade Give your feedback/input_Member_to_Review' located by 'By.xpath: //input[@id='feedback-form__company_autocomplete_input']' not found

2020-04-22 08:58:04 - [MESSAGE][INFO] - Unable to find the element located by 'By.xpath: //input[@id='feedback-form__company_autocomplete_input']'. Please recheck the objects properties to make sure the desired element is located. 

2020-04-22 08:58:04 - [MESSAGE][WARNING] - Web element with id: 'Object Repository/Feedback/Page_Checkatrade Give your feedback/input_Member_to_Review' located by 'By.xpath: //input[@id='feedback-form__company_autocomplete_input']' not found

2020-04-22 08:58:04 - [TEST_STEP][PASSED] - else: The <<<OLD>>> Website was detected by the STARTUP Process

2020-04-22 08:58:04 - [TEST_STEP][PASSED] - if (!(verifyElementVisible(findTestObject("Object Repository/Checkatrade_Trade_Search_Page/Page_Checkatrade Find a tradesperson you can trust/input_Search_Button_FF")))): Object 'Object Repository/Checkatrade_Trade_Search_Page/Page_Checkatrade Find a tradesperson you can trust/input_Search_Button_FF' is visible

2020-04-22 08:58:04 - [MESSAGE][PASSED] - Object 'Object Repository/Checkatrade_Trade_Search_Page/Page_Checkatrade Find a tradesperson you can trust/input_Search_Button_FF' is visible

2020-04-22 08:58:04 - [TEST_STEP][PASSED] - else: The <<<OLD>>> Website was detected by the STARTUP Process

2020-04-22 08:58:04 - [TEST_STEP][PASSED] - Website_Version = "old": null

2020-04-22 08:58:04 - [TEST_STEP][PASSED] - logInfo("The <<<OLD>>> Website was detected by the STARTUP Process"): The <<<OLD>>> Website was detected by the STARTUP Process

2020-04-22 08:58:04 - [MESSAGE][INFO] - The <<<OLD>>> Website was detected by the STARTUP Process

2020-04-22 08:58:04 - [MESSAGE][PASSED] - Call Test Case 'Test Cases/Reusable_Test_Sequences/CAT_Setup' successfully

2020-04-22 08:58:04 - [TEST_STEP][PASSED] - callTestCase(findTestCase("Reusable_Test_Sequences/CAT_Home"), [:], CONTINUE_ON_FAILURE): Call Test Case 'Test Cases/Reusable_Test_Sequences/CAT_Home' successfully

2020-04-22 08:58:04 - [TEST_CASE][PASSED] - Test Cases/Reusable_Test_Sequences/CAT_Home: Test Cases/Reusable_Test_Sequences/CAT_Home

2020-04-22 08:58:04 - [TEST_STEP][PASSED] - waitForPageLoad(60): Wait for page load successfully

2020-04-22 08:58:04 - [MESSAGE][PASSED] - Wait for page load successfully

2020-04-22 08:58:04 - [TEST_STEP][PASSED] - delay(2): Delayed 2 second(s)

2020-04-22 08:58:06 - [MESSAGE][PASSED] - Delayed 2 second(s)

2020-04-22 08:58:06 - [TEST_STEP][PASSED] - "------------------------------------": null

2020-04-22 08:58:06 - [TEST_STEP][PASSED] - if (Website_Version == "new"): null

2020-04-22 08:58:06 - [TEST_STEP][PASSED] - else: Text 'Over a million visits to Checkatrade each month' is present on page 

2020-04-22 08:58:06 - [TEST_STEP][PASSED] - verifyTextPresent("Helping you find the right trade or service", false): Text 'Helping you find the right trade or service' is present on page 

2020-04-22 08:58:08 - [MESSAGE][PASSED] - Text 'Helping you find the right trade or service' is present on page 

2020-04-22 08:58:08 - [TEST_STEP][PASSED] - verifyTextPresent("Search through over", false): Text 'Search through over' is present on page 

2020-04-22 08:58:09 - [MESSAGE][PASSED] - Text 'Search through over' is present on page 

2020-04-22 08:58:09 - [TEST_STEP][PASSED] - verifyTextPresent("recommended, vetted and monitored trades and service providers for free.", false): Text 'recommended, vetted and monitored trades and service providers for free.' is present on page 

2020-04-22 08:58:09 - [MESSAGE][PASSED] - Text 'recommended, vetted and monitored trades and service providers for free.' is present on page 

2020-04-22 08:58:09 - [TEST_STEP][PASSED] - verifyTextPresent("reviews published so far – thank you!", false): Text 'reviews published so far – thank you!' is present on page 

2020-04-22 08:58:09 - [MESSAGE][PASSED] - Text 'reviews published so far – thank you!' is present on page 

2020-04-22 08:58:09 - [TEST_STEP][PASSED] - verifyTextPresent("I need a trade or service", false): Text 'I need a trade or service' is present on page 

2020-04-22 08:58:09 - [MESSAGE][PASSED] - Text 'I need a trade or service' is present on page 

2020-04-22 08:58:09 - [TEST_STEP][PASSED] - verifyTextPresent("Every trader thoroughly checked and vetted", false): Text 'Every trader thoroughly checked and vetted' is present on page 

2020-04-22 08:58:10 - [MESSAGE][PASSED] - Text 'Every trader thoroughly checked and vetted' is present on page 

2020-04-22 08:58:10 - [TEST_STEP][PASSED] - "------------------------------------": null

2020-04-22 08:58:10 - [TEST_STEP][PASSED] - verifyTextPresent("reviews published so far – thank you!", false): Text 'reviews published so far – thank you!' is present on page 

2020-04-22 08:58:10 - [MESSAGE][PASSED] - Text 'reviews published so far – thank you!' is present on page 

2020-04-22 08:58:10 - [TEST_STEP][PASSED] - verifyTextPresent("Find out more", false): Text 'Find out more' is present on page 

2020-04-22 08:58:10 - [MESSAGE][PASSED] - Text 'Find out more' is present on page 

2020-04-22 08:58:10 - [TEST_STEP][PASSED] - verifyTextPresent("I am a tradesman", false): Text 'I am a tradesman' is present on page 

2020-04-22 08:58:10 - [MESSAGE][PASSED] - Text 'I am a tradesman' is present on page 

2020-04-22 08:58:10 - [TEST_STEP][PASSED] - verifyTextPresent("Find out more", false): Text 'Find out more' is present on page 

2020-04-22 08:58:10 - [MESSAGE][PASSED] - Text 'Find out more' is present on page 

2020-04-22 08:58:10 - [TEST_STEP][PASSED] - verifyTextPresent("Over a million visits to Checkatrade each month", false): Text 'Over a million visits to Checkatrade each month' is present on page 

2020-04-22 08:58:11 - [MESSAGE][PASSED] - Text 'Over a million visits to Checkatrade each month' is present on page 

2020-04-22 08:58:11 - [MESSAGE][PASSED] - Call Test Case 'Test Cases/Reusable_Test_Sequences/CAT_Home' successfully

2020-04-22 08:58:11 - [TEST_STEP][PASSED] - "---------------------------------------": null

2020-04-22 08:58:11 - [TEST_STEP][PASSED] - " Navigate to Trades->Find out More     |": null

2020-04-22 08:58:11 - [TEST_STEP][PASSED] - scrollToElement(findTestObject("Object Repository/CAT_Footer/Page_Checkatrade Find a tradesperson you can trust/div_Contact Us"), 3): Scroll to object 'Object Repository/CAT_Footer/Page_Checkatrade Find a tradesperson you can trust/div_Contact Us' successfully

2020-04-22 08:58:11 - [MESSAGE][PASSED] - Scroll to object 'Object Repository/CAT_Footer/Page_Checkatrade Find a tradesperson you can trust/div_Contact Us' successfully

2020-04-22 08:58:11 - [TEST_STEP][PASSED] - click(findTestObject("Object Repository/CAT_Footer/Page_Checkatrade Find a tradesperson you can trust/div_Contact Us")): Object: 'Object Repository/CAT_Footer/Page_Checkatrade Find a tradesperson you can trust/div_Contact Us' is clicked on

2020-04-22 08:58:13 - [MESSAGE][PASSED] - Object: 'Object Repository/CAT_Footer/Page_Checkatrade Find a tradesperson you can trust/div_Contact Us' is clicked on

2020-04-22 08:58:13 - [TEST_STEP][PASSED] - "---------------------------------------": null

2020-04-22 08:58:13 - [TEST_STEP][PASSED] - " Verify Returned Page is as Expected   |": null

2020-04-22 08:58:13 - [TEST_STEP][PASSED] - callTestCase(findTestCase("Reusable_Test_Sequences/CAT_Footer/Company/COntact_Us_Verification"), [:], CONTINUE_ON_FAILURE): Call Test Case 'Test Cases/Reusable_Test_Sequences/CAT_Footer/Company/COntact_Us_Verification' successfully

2020-04-22 08:58:13 - [TEST_CASE][PASSED] - Test Cases/Reusable_Test_Sequences/CAT_Footer/Company/COntact_Us_Verification: Test Cases/Reusable_Test_Sequences/CAT_Footer/Company/COntact_Us_Verification

2020-04-22 08:58:14 - [TEST_STEP][PASSED] - delay(1): Delayed 1 second(s)

2020-04-22 08:58:15 - [MESSAGE][PASSED] - Delayed 1 second(s)

2020-04-22 08:58:15 - [TEST_STEP][PASSED] - waitForPageLoad(60): Wait for page load successfully

2020-04-22 08:58:15 - [MESSAGE][PASSED] - Wait for page load successfully

2020-04-22 08:58:15 - [TEST_STEP][PASSED] - "Only When Needed": null

2020-04-22 08:58:15 - [TEST_STEP][PASSED] - "----------------------------------------------": null

2020-04-22 08:58:15 - [TEST_STEP][PASSED] - "DEFAULT TAB - None - 1 Page Returned          |": null

2020-04-22 08:58:15 - [TEST_STEP][PASSED] - "----------------------------------------------": null

2020-04-22 08:58:15 - [TEST_STEP][PASSED] - "----------------------------------------------": null

2020-04-22 08:58:15 - [TEST_STEP][PASSED] - "----------------------------------------------": null

2020-04-22 08:58:15 - [TEST_STEP][PASSED] - verifyTextPresent("Contact us", false): Text 'Contact us' is present on page 

2020-04-22 08:58:15 - [MESSAGE][PASSED] - Text 'Contact us' is present on page 

2020-04-22 08:58:15 - [TEST_STEP][PASSED] - "----------------------------------------------": null

2020-04-22 08:58:15 - [TEST_STEP][PASSED] - verifyTextPresent("Please note that our offices are open from 9am to 5pm, Monday to Friday and calls to Checkatrade", false): Text 'Please note that our offices are open from 9am to 5pm, Monday to Friday and calls to Checkatrade' is present on page 

2020-04-22 08:58:15 - [MESSAGE][PASSED] - Text 'Please note that our offices are open from 9am to 5pm, Monday to Friday and calls to Checkatrade' is present on page 

2020-04-22 08:58:15 - [TEST_STEP][PASSED] - verifyTextPresent("may be monitored or recorded for verification and training purposes", false): Text 'may be monitored or recorded for verification and training purposes' is present on page 

2020-04-22 08:58:15 - [MESSAGE][PASSED] - Text 'may be monitored or recorded for verification and training purposes' is present on page 

2020-04-22 08:58:15 - [TEST_STEP][PASSED] - "----------------------------------------------": null

2020-04-22 08:58:15 - [TEST_STEP][PASSED] - "Page Body": null

2020-04-22 08:58:15 - [TEST_STEP][PASSED] - verifyTextPresent("Trades, Join Today", false): Text 'Trades, Join Today' is present on page 

2020-04-22 08:58:15 - [MESSAGE][PASSED] - Text 'Trades, Join Today' is present on page 

2020-04-22 08:58:15 - [TEST_STEP][PASSED] - verifyTextPresent("Grow your business, become a Checkatrade member", false): Text 'Grow your business, become a Checkatrade member' is present on page 

2020-04-22 08:58:16 - [MESSAGE][PASSED] - Text 'Grow your business, become a Checkatrade member' is present on page 

2020-04-22 08:58:16 - [TEST_STEP][PASSED] - verifyTextPresent("Our team are on hand to advise you on how Checkatrade can help your business and talk you through our vetting requirements", false): Text 'Our team are on hand to advise you on how Checkatrade can help your business and talk you through our vetting requirements' is present on page 

2020-04-22 08:58:16 - [MESSAGE][PASSED] - Text 'Our team are on hand to advise you on how Checkatrade can help your business and talk you through our vetting requirements' is present on page 

2020-04-22 08:58:16 - [TEST_STEP][PASSED] - verifyTextPresent("Apply Online or call", false): Text 'Apply Online or call' is present on page 

2020-04-22 08:58:16 - [MESSAGE][PASSED] - Text 'Apply Online or call' is present on page 

2020-04-22 08:58:16 - [TEST_STEP][PASSED] - contactno = "03301 626 328": null

2020-04-22 08:58:16 - [TEST_STEP][PASSED] - verifyMatch("03301 626 328", contactno, false): Actual text '03301 626 328' and expected text '03301 626 328' are matched 

2020-04-22 08:58:16 - [MESSAGE][PASSED] - Actual text '03301 626 328' and expected text '03301 626 328' are matched 

2020-04-22 08:58:16 - [TEST_STEP][PASSED] - "----------------------------------------------": null

2020-04-22 08:58:16 - [TEST_STEP][PASSED] - verifyTextPresent("Customer Service", false): Text 'Customer Service' is present on page 

2020-04-22 08:58:16 - [MESSAGE][PASSED] - Text 'Customer Service' is present on page 

2020-04-22 08:58:16 - [TEST_STEP][PASSED] - verifyTextPresent("Want to know more about Checkatrade and the checks we carry out", false): Text 'Want to know more about Checkatrade and the checks we carry out' is present on page 

2020-04-22 08:58:16 - [MESSAGE][PASSED] - Text 'Want to know more about Checkatrade and the checks we carry out' is present on page 

2020-04-22 08:58:16 - [TEST_STEP][PASSED] - verifyTextPresent("We display the results of our vetting checks on the profile page for each Checkatrade", false): Text 'We display the results of our vetting checks on the profile page for each Checkatrade' is present on page 

2020-04-22 08:58:17 - [MESSAGE][PASSED] - Text 'We display the results of our vetting checks on the profile page for each Checkatrade' is present on page 

2020-04-22 08:58:17 - [TEST_STEP][PASSED] - verifyTextPresent("member, as well as feedback about the work they have carried out. If you have any further", false): Text 'member, as well as feedback about the work they have carried out. If you have any further' is present on page 

2020-04-22 08:58:17 - [MESSAGE][PASSED] - Text 'member, as well as feedback about the work they have carried out. If you have any further' is present on page 

2020-04-22 08:58:17 - [TEST_STEP][PASSED] - verifyTextPresent("questions or are unable to access the internet, our Reception Team will be happy to help", false): Text 'questions or are unable to access the internet, our Reception Team will be happy to help' is present on page 

2020-04-22 08:58:17 - [MESSAGE][PASSED] - Text 'questions or are unable to access the internet, our Reception Team will be happy to help' is present on page 

2020-04-22 08:58:17 - [TEST_STEP][PASSED] - verifyTextPresent("Call 0333 0146 190*", false): Text 'Call 0333 0146 190*' is present on page 

2020-04-22 08:58:17 - [MESSAGE][PASSED] - Text 'Call 0333 0146 190*' is present on page 

2020-04-22 08:58:17 - [TEST_STEP][PASSED] - "----------------------------------------------": null

2020-04-22 08:58:17 - [TEST_STEP][PASSED] - verifyTextPresent("Existing Members", false): Text 'Existing Members' is present on page 

2020-04-22 08:58:17 - [MESSAGE][PASSED] - Text 'Existing Members' is present on page 

2020-04-22 08:58:17 - [TEST_STEP][PASSED] - verifyTextPresent("Are you an existing Checkatrade member with a query", false): Text 'Are you an existing Checkatrade member with a query' is present on page 

2020-04-22 08:58:18 - [MESSAGE][PASSED] - Text 'Are you an existing Checkatrade member with a query' is present on page 

2020-04-22 08:58:18 - [TEST_STEP][PASSED] - verifyTextPresent("Your dedicated Membership Advisor would be happy to help you. You can find their direct dial", false): Text 'Your dedicated Membership Advisor would be happy to help you. You can find their direct dial' is present on page 

2020-04-22 08:58:18 - [MESSAGE][PASSED] - Text 'Your dedicated Membership Advisor would be happy to help you. You can find their direct dial' is present on page 

2020-04-22 08:58:18 - [TEST_STEP][PASSED] - verifyTextPresent("phone number in your Members Area. Alternatively", false): Text 'phone number in your Members Area. Alternatively' is present on page 

2020-04-22 08:58:18 - [MESSAGE][PASSED] - Text 'phone number in your Members Area. Alternatively' is present on page 

2020-04-22 08:58:18 - [TEST_STEP][PASSED] - verifyTextPresent("call our Reception Team on 01243 601234 who will direct your call to the appropriate person", false): Text 'call our Reception Team on 01243 601234 who will direct your call to the appropriate person' is present on page 

2020-04-22 08:58:18 - [MESSAGE][PASSED] - Text 'call our Reception Team on 01243 601234 who will direct your call to the appropriate person' is present on page 

2020-04-22 08:58:18 - [TEST_STEP][PASSED] - "----------------------------------------------": null

2020-04-22 08:58:18 - [TEST_STEP][PASSED] - verifyTextPresent("Member Finance Services", false): Text 'Member Finance Services' is present on page 

2020-04-22 08:58:18 - [MESSAGE][PASSED] - Text 'Member Finance Services' is present on page 

2020-04-22 08:58:18 - [TEST_STEP][PASSED] - verifyTextPresent("Are you an existing Checkatrade member with a query regarding your payments", false): Text 'Are you an existing Checkatrade member with a query regarding your payments' is present on page 

2020-04-22 08:58:19 - [MESSAGE][PASSED] - Text 'Are you an existing Checkatrade member with a query regarding your payments' is present on page 

2020-04-22 08:58:19 - [TEST_STEP][PASSED] - verifyTextPresent("If you are an existing member with a query regarding your payments for membership", false): Text 'If you are an existing member with a query regarding your payments for membership' is present on page 

2020-04-22 08:58:19 - [MESSAGE][PASSED] - Text 'If you are an existing member with a query regarding your payments for membership' is present on page 

2020-04-22 08:58:19 - [TEST_STEP][PASSED] - verifyTextPresent("please contact our Finance Team on 01243 608808", false): Text 'please contact our Finance Team on 01243 608808' is present on page 

2020-04-22 08:58:19 - [MESSAGE][PASSED] - Text 'please contact our Finance Team on 01243 608808' is present on page 

2020-04-22 08:58:19 - [TEST_STEP][PASSED] - scrollToPosition(500, 500): Browser is scrolled to position x = 500, y = 500

2020-04-22 08:58:19 - [MESSAGE][PASSED] - Browser is scrolled to position x = 500, y = 500

2020-04-22 08:58:19 - [TEST_STEP][PASSED] - delay(1): Delayed 1 second(s)

2020-04-22 08:58:20 - [MESSAGE][PASSED] - Delayed 1 second(s)

2020-04-22 08:58:20 - [TEST_STEP][PASSED] - verifyTextPresent("Interested in a career at Checkatrade", false): Text 'Interested in a career at Checkatrade' is present on page 

2020-04-22 08:58:20 - [MESSAGE][PASSED] - Text 'Interested in a career at Checkatrade' is present on page 

2020-04-22 08:58:20 - [TEST_STEP][PASSED] - verifyTextPresent("Click here to view our current vacancies", false): Text 'Click here to view our current vacancies' is present on page 

2020-04-22 08:58:20 - [MESSAGE][PASSED] - Text 'Click here to view our current vacancies' is present on page 

2020-04-22 08:58:20 - [TEST_STEP][PASSED] - "----------------------------------------------": null

2020-04-22 08:58:20 - [TEST_STEP][PASSED] - verifyTextPresent("Where to find us", false): Text 'Where to find us' is present on page 

2020-04-22 08:58:21 - [MESSAGE][PASSED] - Text 'Where to find us' is present on page 

2020-04-22 08:58:21 - [TEST_STEP][PASSED] - verifyTextPresent("Checkatrade Portsmouth", false): Text 'Checkatrade Portsmouth' is present on page 

2020-04-22 08:58:21 - [MESSAGE][PASSED] - Text 'Checkatrade Portsmouth' is present on page 

2020-04-22 08:58:21 - [TEST_STEP][PASSED] - verifyTextPresent("Building 2000", false): Text 'Building 2000' is present on page 

2020-04-22 08:58:21 - [MESSAGE][PASSED] - Text 'Building 2000' is present on page 

2020-04-22 08:58:21 - [TEST_STEP][PASSED] - verifyTextPresent("Lakeside North Harbour", false): Text 'Lakeside North Harbour' is present on page 

2020-04-22 08:58:21 - [MESSAGE][PASSED] - Text 'Lakeside North Harbour' is present on page 

2020-04-22 08:58:21 - [TEST_STEP][PASSED] - verifyTextPresent("Western Road", false): Text 'Western Road' is present on page 

2020-04-22 08:58:21 - [MESSAGE][PASSED] - Text 'Western Road' is present on page 

2020-04-22 08:58:21 - [TEST_STEP][PASSED] - verifyTextPresent("Portsmouth", false): Text 'Portsmouth' is present on page 

2020-04-22 08:58:21 - [MESSAGE][PASSED] - Text 'Portsmouth' is present on page 

2020-04-22 08:58:21 - [TEST_STEP][PASSED] - verifyTextPresent("PO6 3EN", false): Text 'PO6 3EN' is present on page 

2020-04-22 08:58:22 - [MESSAGE][PASSED] - Text 'PO6 3EN' is present on page 

2020-04-22 08:58:22 - [TEST_STEP][PASSED] - verifyTextPresent("Tel:01243 601234", false): Text 'Tel:01243 601234' is present on page 

2020-04-22 08:58:22 - [MESSAGE][PASSED] - Text 'Tel:01243 601234' is present on page 

2020-04-22 08:58:22 - [TEST_STEP][PASSED] - verifyTextPresent("contact@checkatrade.com", false): Text 'contact@checkatrade.com' is present on page 

2020-04-22 08:58:22 - [MESSAGE][PASSED] - Text 'contact@checkatrade.com' is present on page 

2020-04-22 08:58:22 - [TEST_STEP][PASSED] - scrollToPosition(1000, 1000): Browser is scrolled to position x = 1000, y = 1000

2020-04-22 08:58:22 - [MESSAGE][PASSED] - Browser is scrolled to position x = 1000, y = 1000

2020-04-22 08:58:22 - [TEST_STEP][PASSED] - delay(1): Delayed 1 second(s)

2020-04-22 08:58:23 - [MESSAGE][PASSED] - Delayed 1 second(s)

2020-04-22 08:58:23 - [TEST_STEP][PASSED] - "----------------------------------------------": null

2020-04-22 08:58:23 - [TEST_STEP][PASSED] - "----------------------------------------------": null

2020-04-22 08:58:23 - [TEST_STEP][PASSED] - "----------------------------------------------": null

2020-04-22 08:58:23 - [TEST_STEP][PASSED] - scrollToPosition(1000, 1000): Browser is scrolled to position x = 1000, y = 1000

2020-04-22 08:58:23 - [MESSAGE][PASSED] - Browser is scrolled to position x = 1000, y = 1000

2020-04-22 08:58:23 - [TEST_STEP][PASSED] - delay(1): Delayed 1 second(s)

2020-04-22 08:58:24 - [MESSAGE][PASSED] - Delayed 1 second(s)

2020-04-22 08:58:24 - [TEST_STEP][PASSED] - "Footer": null

2020-04-22 08:58:24 - [TEST_STEP][PASSED] - "----------------------------------------------": null

2020-04-22 08:58:24 - [TEST_STEP][PASSED] - "----------------------------------------------": null

2020-04-22 08:58:24 - [TEST_STEP][PASSED] - "----------------------------------------------": null

2020-04-22 08:58:24 - [TEST_STEP][PASSED] - verifyTextPresent("Checkatrade.com all rights reserved", false): Text 'Checkatrade.com all rights reserved' is present on page 

2020-04-22 08:58:24 - [MESSAGE][PASSED] - Text 'Checkatrade.com all rights reserved' is present on page 

2020-04-22 08:58:24 - [MESSAGE][PASSED] - Call Test Case 'Test Cases/Reusable_Test_Sequences/CAT_Footer/Company/COntact_Us_Verification' successfully

2020-04-22 08:58:24 - [TEST_STEP][PASSED] - "--------------------------": null

2020-04-22 08:58:24 - [TEST_STEP][PASSED] - " Teardown - CLose Browser |": null

2020-04-22 08:58:24 - [TEST_STEP][PASSED] - callTestCase(findTestCase("Reusable_Test_Sequences/CAT_Teardown"), [:], OPTIONAL): Call Test Case 'Test Cases/Reusable_Test_Sequences/CAT_Teardown' successfully

2020-04-22 08:58:24 - [TEST_CASE][PASSED] - Test Cases/Reusable_Test_Sequences/CAT_Teardown: Test Cases/Reusable_Test_Sequences/CAT_Teardown

2020-04-22 08:58:24 - [TEST_STEP][PASSED] - closeBrowser(): Browser is closed

2020-04-22 08:58:25 - [MESSAGE][PASSED] - Browser is closed

2020-04-22 08:58:25 - [TEST_STEP][PASSED] - super.finalize(): null

2020-04-22 08:58:25 - [TEST_STEP][PASSED] - System.gc(): null

2020-04-22 08:58:25 - [MESSAGE][PASSED] - Call Test Case 'Test Cases/Reusable_Test_Sequences/CAT_Teardown' successfully]]></system-out>
         <system-err><![CDATA[]]></system-err>
      </testcase>
      <testcase name="Test Cases/CAT_Footer/Company/Partners" time="38.79" classname="Test Cases/CAT_Footer/Company/Partners" status="PASSED">
         <system-out><![CDATA[2020-04-22 08:58:25 - [TEST_CASE][PASSED] - Test Cases/CAT_Footer/Company/Partners: Test Cases/CAT_Footer/Company/Partners

2020-04-22 08:58:26 - [TEST_STEP][PASSED] - callTestCase(findTestCase("Reusable_Test_Sequences/CAT_Setup"), [:], OPTIONAL): Call Test Case 'Test Cases/Reusable_Test_Sequences/CAT_Setup' successfully

2020-04-22 08:58:26 - [TEST_CASE][PASSED] - Test Cases/Reusable_Test_Sequences/CAT_Setup: Test Cases/Reusable_Test_Sequences/CAT_Setup

2020-04-22 08:58:26 - [TEST_STEP][PASSED] - "------------------------------": null

2020-04-22 08:58:26 - [TEST_STEP][PASSED] - " Set Mobile Device Testing    |": null

2020-04-22 08:58:26 - [TEST_STEP][PASSED] - if (Mobile_Flag == "true"): null

2020-04-22 08:58:26 - [TEST_STEP][PASSED] - "------------------------------": null

2020-04-22 08:58:26 - [TEST_STEP][PASSED] - " Set Mobile Device Testing    |": null

2020-04-22 08:58:26 - [TEST_STEP][PASSED] - "------------------------------": null

2020-04-22 08:58:26 - [TEST_STEP][PASSED] - "URL - Set from the ENVIRONMENT PROFILE ": null

2020-04-22 08:58:26 - [TEST_STEP][PASSED] - openBrowser(URL): Browser is opened with url: 'https://www.preview.checkatrade.com/'

2020-04-22 08:58:26 - [MESSAGE][INFO] - Starting 'Chrome' driver

2020-04-22 08:58:26 - [MESSAGE][INFO] - Action delay is set to 0 milliseconds

2020-04-22 08:58:34 - [MESSAGE][PASSED] - Browser is opened with url: 'https://www.preview.checkatrade.com/'

2020-04-22 08:58:34 - [TEST_STEP][PASSED] - maximizeWindow(): Current window maximized

2020-04-22 08:58:36 - [MESSAGE][PASSED] - Current window maximized

2020-04-22 08:58:36 - [TEST_STEP][PASSED] - waitForPageLoad(60): Wait for page load successfully

2020-04-22 08:58:36 - [MESSAGE][PASSED] - Wait for page load successfully

2020-04-22 08:58:36 - [TEST_STEP][PASSED] - "Previous Functionalilty Left Commented For Ease Of reversion": null

2020-04-22 08:58:36 - [TEST_STEP][PASSED] - " Katalon Try/Catches currently have issues? SEE HEADER": null

2020-04-22 08:58:36 - [TEST_STEP][PASSED] - try: Text 'Cookie Policy' is not present on page

2020-04-22 08:58:36 - [TEST_STEP][PASSED] - verifyElementPresent(findTestObject("Object Repository/Cookies/Page_Checkatrade Find a tradesperson you can trust/button_Accept All"), 5, OPTIONAL): Object 'Object Repository/Cookies/Page_Checkatrade Find a tradesperson you can trust/button_Accept All' is present

2020-04-22 08:58:36 - [MESSAGE][PASSED] - Object 'Object Repository/Cookies/Page_Checkatrade Find a tradesperson you can trust/button_Accept All' is present

2020-04-22 08:58:36 - [TEST_STEP][PASSED] - click(findTestObject("Object Repository/Cookies/Page_Checkatrade Find a tradesperson you can trust/button_Accept All"), OPTIONAL): Object: 'Object Repository/Cookies/Page_Checkatrade Find a tradesperson you can trust/button_Accept All' is clicked on

2020-04-22 08:58:36 - [MESSAGE][PASSED] - Object: 'Object Repository/Cookies/Page_Checkatrade Find a tradesperson you can trust/button_Accept All' is clicked on

2020-04-22 08:58:36 - [TEST_STEP][PASSED] - "---------------------------------": null

2020-04-22 08:58:36 - [TEST_STEP][PASSED] - "COOKIE POPOUT REMOVED - Confirmed": null

2020-04-22 08:58:36 - [TEST_STEP][PASSED] - delay(1): Delayed 1 second(s)

2020-04-22 08:58:37 - [MESSAGE][PASSED] - Delayed 1 second(s)

2020-04-22 08:58:37 - [TEST_STEP][PASSED] - verifyTextNotPresent("We use cookies to personalise content and ads, to provide social media features and to analyse our traffic", false): Text 'We use cookies to personalise content and ads, to provide social media features and to analyse our traffic' is not present on page

2020-04-22 08:58:38 - [MESSAGE][PASSED] - Text 'We use cookies to personalise content and ads, to provide social media features and to analyse our traffic' is not present on page

2020-04-22 08:58:38 - [TEST_STEP][PASSED] - verifyTextNotPresent(" We also share information about your use of our site with our social media, advertising and analytics partners", false): Text ' We also share information about your use of our site with our social media, advertising and analytics partners' is not present on page

2020-04-22 08:58:39 - [MESSAGE][PASSED] - Text ' We also share information about your use of our site with our social media, advertising and analytics partners' is not present on page

2020-04-22 08:58:39 - [TEST_STEP][PASSED] - verifyTextNotPresent("Cookie Policy", false): Text 'Cookie Policy' is not present on page

2020-04-22 08:58:39 - [MESSAGE][PASSED] - Text 'Cookie Policy' is not present on page

2020-04-22 08:58:39 - [TEST_STEP][PASSED] - waitForPageLoad(60): Wait for page load successfully

2020-04-22 08:58:39 - [MESSAGE][PASSED] - Wait for page load successfully

2020-04-22 08:58:39 - [TEST_STEP][PASSED] - "COOKIE - ORIGINAL": null

2020-04-22 08:58:39 - [TEST_STEP][PASSED] - if (waitForElementVisible(findTestObject("Object Repository/Feedback/Page_Checkatrade Give your feedback/input_Member_to_Review"), 5)): Web element with id: 'Object Repository/Feedback/Page_Checkatrade Give your feedback/input_Member_to_Review' located by 'By.xpath: //input[@id='feedback-form__company_autocomplete_input']' not found

2020-04-22 08:58:45 - [MESSAGE][INFO] - Unable to find the element located by 'By.xpath: //input[@id='feedback-form__company_autocomplete_input']'. Please recheck the objects properties to make sure the desired element is located. 

2020-04-22 08:58:45 - [MESSAGE][WARNING] - Web element with id: 'Object Repository/Feedback/Page_Checkatrade Give your feedback/input_Member_to_Review' located by 'By.xpath: //input[@id='feedback-form__company_autocomplete_input']' not found

2020-04-22 08:58:45 - [TEST_STEP][PASSED] - else: The <<<OLD>>> Website was detected by the STARTUP Process

2020-04-22 08:58:45 - [TEST_STEP][PASSED] - if (!(verifyElementVisible(findTestObject("Object Repository/Checkatrade_Trade_Search_Page/Page_Checkatrade Find a tradesperson you can trust/input_Search_Button_FF")))): Object 'Object Repository/Checkatrade_Trade_Search_Page/Page_Checkatrade Find a tradesperson you can trust/input_Search_Button_FF' is visible

2020-04-22 08:58:45 - [MESSAGE][PASSED] - Object 'Object Repository/Checkatrade_Trade_Search_Page/Page_Checkatrade Find a tradesperson you can trust/input_Search_Button_FF' is visible

2020-04-22 08:58:46 - [TEST_STEP][PASSED] - else: The <<<OLD>>> Website was detected by the STARTUP Process

2020-04-22 08:58:46 - [TEST_STEP][PASSED] - Website_Version = "old": null

2020-04-22 08:58:46 - [TEST_STEP][PASSED] - logInfo("The <<<OLD>>> Website was detected by the STARTUP Process"): The <<<OLD>>> Website was detected by the STARTUP Process

2020-04-22 08:58:46 - [MESSAGE][INFO] - The <<<OLD>>> Website was detected by the STARTUP Process

2020-04-22 08:58:46 - [MESSAGE][PASSED] - Call Test Case 'Test Cases/Reusable_Test_Sequences/CAT_Setup' successfully

2020-04-22 08:58:46 - [TEST_STEP][PASSED] - callTestCase(findTestCase("Reusable_Test_Sequences/CAT_Home"), [:], CONTINUE_ON_FAILURE): Call Test Case 'Test Cases/Reusable_Test_Sequences/CAT_Home' successfully

2020-04-22 08:58:46 - [TEST_CASE][PASSED] - Test Cases/Reusable_Test_Sequences/CAT_Home: Test Cases/Reusable_Test_Sequences/CAT_Home

2020-04-22 08:58:46 - [TEST_STEP][PASSED] - waitForPageLoad(60): Wait for page load successfully

2020-04-22 08:58:46 - [MESSAGE][PASSED] - Wait for page load successfully

2020-04-22 08:58:46 - [TEST_STEP][PASSED] - delay(2): Delayed 2 second(s)

2020-04-22 08:58:48 - [MESSAGE][PASSED] - Delayed 2 second(s)

2020-04-22 08:58:48 - [TEST_STEP][PASSED] - "------------------------------------": null

2020-04-22 08:58:48 - [TEST_STEP][PASSED] - if (Website_Version == "new"): null

2020-04-22 08:58:48 - [TEST_STEP][PASSED] - else: Text 'Over a million visits to Checkatrade each month' is present on page 

2020-04-22 08:58:48 - [TEST_STEP][PASSED] - verifyTextPresent("Helping you find the right trade or service", false): Text 'Helping you find the right trade or service' is present on page 

2020-04-22 08:58:48 - [MESSAGE][PASSED] - Text 'Helping you find the right trade or service' is present on page 

2020-04-22 08:58:48 - [TEST_STEP][PASSED] - verifyTextPresent("Search through over", false): Text 'Search through over' is present on page 

2020-04-22 08:58:48 - [MESSAGE][PASSED] - Text 'Search through over' is present on page 

2020-04-22 08:58:48 - [TEST_STEP][PASSED] - verifyTextPresent("recommended, vetted and monitored trades and service providers for free.", false): Text 'recommended, vetted and monitored trades and service providers for free.' is present on page 

2020-04-22 08:58:48 - [MESSAGE][PASSED] - Text 'recommended, vetted and monitored trades and service providers for free.' is present on page 

2020-04-22 08:58:48 - [TEST_STEP][PASSED] - verifyTextPresent("reviews published so far – thank you!", false): Text 'reviews published so far – thank you!' is present on page 

2020-04-22 08:58:49 - [MESSAGE][PASSED] - Text 'reviews published so far – thank you!' is present on page 

2020-04-22 08:58:49 - [TEST_STEP][PASSED] - verifyTextPresent("I need a trade or service", false): Text 'I need a trade or service' is present on page 

2020-04-22 08:58:49 - [MESSAGE][PASSED] - Text 'I need a trade or service' is present on page 

2020-04-22 08:58:49 - [TEST_STEP][PASSED] - verifyTextPresent("Every trader thoroughly checked and vetted", false): Text 'Every trader thoroughly checked and vetted' is present on page 

2020-04-22 08:58:50 - [MESSAGE][PASSED] - Text 'Every trader thoroughly checked and vetted' is present on page 

2020-04-22 08:58:50 - [TEST_STEP][PASSED] - "------------------------------------": null

2020-04-22 08:58:50 - [TEST_STEP][PASSED] - verifyTextPresent("reviews published so far – thank you!", false): Text 'reviews published so far – thank you!' is present on page 

2020-04-22 08:58:50 - [MESSAGE][PASSED] - Text 'reviews published so far – thank you!' is present on page 

2020-04-22 08:58:50 - [TEST_STEP][PASSED] - verifyTextPresent("Find out more", false): Text 'Find out more' is present on page 

2020-04-22 08:58:51 - [MESSAGE][PASSED] - Text 'Find out more' is present on page 

2020-04-22 08:58:51 - [TEST_STEP][PASSED] - verifyTextPresent("I am a tradesman", false): Text 'I am a tradesman' is present on page 

2020-04-22 08:58:51 - [MESSAGE][PASSED] - Text 'I am a tradesman' is present on page 

2020-04-22 08:58:51 - [TEST_STEP][PASSED] - verifyTextPresent("Find out more", false): Text 'Find out more' is present on page 

2020-04-22 08:58:51 - [MESSAGE][PASSED] - Text 'Find out more' is present on page 

2020-04-22 08:58:51 - [TEST_STEP][PASSED] - verifyTextPresent("Over a million visits to Checkatrade each month", false): Text 'Over a million visits to Checkatrade each month' is present on page 

2020-04-22 08:58:52 - [MESSAGE][PASSED] - Text 'Over a million visits to Checkatrade each month' is present on page 

2020-04-22 08:58:52 - [MESSAGE][PASSED] - Call Test Case 'Test Cases/Reusable_Test_Sequences/CAT_Home' successfully

2020-04-22 08:58:52 - [TEST_STEP][PASSED] - "---------------------------------------": null

2020-04-22 08:58:52 - [TEST_STEP][PASSED] - " Navigate to Trades->Find out More     |": null

2020-04-22 08:58:52 - [TEST_STEP][PASSED] - scrollToElement(findTestObject("Object Repository/CAT_Footer/Page_Checkatrade Find a tradesperson you can trust/div_Partners"), 3): Scroll to object 'Object Repository/CAT_Footer/Page_Checkatrade Find a tradesperson you can trust/div_Partners' successfully

2020-04-22 08:58:52 - [MESSAGE][PASSED] - Scroll to object 'Object Repository/CAT_Footer/Page_Checkatrade Find a tradesperson you can trust/div_Partners' successfully

2020-04-22 08:58:52 - [TEST_STEP][PASSED] - click(findTestObject("Object Repository/CAT_Footer/Page_Checkatrade Find a tradesperson you can trust/div_Partners")): Object: 'Object Repository/CAT_Footer/Page_Checkatrade Find a tradesperson you can trust/div_Partners' is clicked on

2020-04-22 08:58:54 - [MESSAGE][PASSED] - Object: 'Object Repository/CAT_Footer/Page_Checkatrade Find a tradesperson you can trust/div_Partners' is clicked on

2020-04-22 08:58:54 - [TEST_STEP][PASSED] - "---------------------------------------": null

2020-04-22 08:58:54 - [TEST_STEP][PASSED] - " Verify Returned Page is as Expected   |": null

2020-04-22 08:58:54 - [TEST_STEP][PASSED] - callTestCase(findTestCase("Reusable_Test_Sequences/CAT_Footer/Company/Partners_Verification"), [:], CONTINUE_ON_FAILURE): Call Test Case 'Test Cases/Reusable_Test_Sequences/CAT_Footer/Company/Partners_Verification' successfully

2020-04-22 08:58:54 - [TEST_CASE][PASSED] - Test Cases/Reusable_Test_Sequences/CAT_Footer/Company/Partners_Verification: Test Cases/Reusable_Test_Sequences/CAT_Footer/Company/Partners_Verification

2020-04-22 08:58:55 - [TEST_STEP][PASSED] - delay(1): Delayed 1 second(s)

2020-04-22 08:58:56 - [MESSAGE][PASSED] - Delayed 1 second(s)

2020-04-22 08:58:56 - [TEST_STEP][PASSED] - waitForPageLoad(60): Wait for page load successfully

2020-04-22 08:58:56 - [MESSAGE][PASSED] - Wait for page load successfully

2020-04-22 08:58:56 - [TEST_STEP][PASSED] - "Only When Needed": null

2020-04-22 08:58:56 - [TEST_STEP][PASSED] - "----------------------------------------------": null

2020-04-22 08:58:56 - [TEST_STEP][PASSED] - "DEFAULT TAB - None - 1 Page Returned          |": null

2020-04-22 08:58:56 - [TEST_STEP][PASSED] - "----------------------------------------------": null

2020-04-22 08:58:56 - [TEST_STEP][PASSED] - "----------------------------------------------": null

2020-04-22 08:58:56 - [TEST_STEP][PASSED] - "----------------------------------------------": null

2020-04-22 08:58:56 - [TEST_STEP][PASSED] - verifyTextPresent("Branded partnerships", false): Text 'Branded partnerships' is present on page 

2020-04-22 08:58:56 - [MESSAGE][PASSED] - Text 'Branded partnerships' is present on page 

2020-04-22 08:58:56 - [TEST_STEP][PASSED] - "----------------------------------------------": null

2020-04-22 08:58:56 - [TEST_STEP][PASSED] - verifyTextPresent("The NSBRC is the UK’s only permanent visitor centre for self & custom", false): Text 'The NSBRC is the UK’s only permanent visitor centre for self & custom' is present on page 

2020-04-22 08:58:56 - [MESSAGE][PASSED] - Text 'The NSBRC is the UK’s only permanent visitor centre for self & custom' is present on page 

2020-04-22 08:58:56 - [TEST_STEP][PASSED] - verifyTextPresent("Abzorb can provide any handset on any of the 3 major networks.  Make use of full business", false): Text 'Abzorb can provide any handset on any of the 3 major networks.  Make use of full business' is present on page 

2020-04-22 08:58:56 - [MESSAGE][PASSED] - Text 'Abzorb can provide any handset on any of the 3 major networks.  Make use of full business' is present on page 

2020-04-22 08:58:56 - [TEST_STEP][PASSED] - verifyTextPresent("At Cat, we take industry-wide standards of safety and durability", false): Text 'At Cat, we take industry-wide standards of safety and durability' is present on page 

2020-04-22 08:58:56 - [MESSAGE][PASSED] - Text 'At Cat, we take industry-wide standards of safety and durability' is present on page 

2020-04-22 08:58:56 - [TEST_STEP][PASSED] - verifyTextPresent("Wave 105 is the market leading commercial radio station", false): Text 'Wave 105 is the market leading commercial radio station' is present on page 

2020-04-22 08:58:57 - [MESSAGE][PASSED] - Text 'Wave 105 is the market leading commercial radio station' is present on page 

2020-04-22 08:58:57 - [TEST_STEP][PASSED] - scrollToPosition(500, 500): Browser is scrolled to position x = 500, y = 500

2020-04-22 08:58:57 - [MESSAGE][PASSED] - Browser is scrolled to position x = 500, y = 500

2020-04-22 08:58:57 - [TEST_STEP][PASSED] - delay(1): Delayed 1 second(s)

2020-04-22 08:58:58 - [MESSAGE][PASSED] - Delayed 1 second(s)

2020-04-22 08:58:58 - [TEST_STEP][PASSED] - verifyTextPresent("Buckinghamshire & Surrey Trading Standards and Checkatrade", false): Text 'Buckinghamshire & Surrey Trading Standards and Checkatrade' is present on page 

2020-04-22 08:58:58 - [MESSAGE][PASSED] - Text 'Buckinghamshire & Surrey Trading Standards and Checkatrade' is present on page 

2020-04-22 08:58:58 - [TEST_STEP][PASSED] - verifyTextPresent("Simply Business is trusted by over 400,000 customers ", false): Text 'Simply Business is trusted by over 400,000 customers ' is present on page 

2020-04-22 08:58:58 - [MESSAGE][PASSED] - Text 'Simply Business is trusted by over 400,000 customers ' is present on page 

2020-04-22 08:58:58 - [TEST_STEP][PASSED] - verifyTextPresent("Kent County Council Trading Standards and Checkatrade are working", false): Text 'Kent County Council Trading Standards and Checkatrade are working' is present on page 

2020-04-22 08:58:58 - [MESSAGE][PASSED] - Text 'Kent County Council Trading Standards and Checkatrade are working' is present on page 

2020-04-22 08:58:58 - [TEST_STEP][PASSED] - verifyTextPresent("Nottinghamshire County Council Trading Standards are working", false): Text 'Nottinghamshire County Council Trading Standards are working' is present on page 

2020-04-22 08:58:58 - [MESSAGE][PASSED] - Text 'Nottinghamshire County Council Trading Standards are working' is present on page 

2020-04-22 08:58:58 - [TEST_STEP][PASSED] - verifyTextPresent("Gate Safe is a national charity which campaigns for the improved safety", false): Text 'Gate Safe is a national charity which campaigns for the improved safety' is present on page 

2020-04-22 08:58:58 - [MESSAGE][PASSED] - Text 'Gate Safe is a national charity which campaigns for the improved safety' is present on page 

2020-04-22 08:58:58 - [TEST_STEP][PASSED] - verifyTextPresent("At ITS, we understand that in order for you to complete a job", false): Text 'At ITS, we understand that in order for you to complete a job' is present on page 

2020-04-22 08:58:59 - [MESSAGE][PASSED] - Text 'At ITS, we understand that in order for you to complete a job' is present on page 

2020-04-22 08:58:59 - [TEST_STEP][PASSED] - scrollToPosition(1000, 1000): Browser is scrolled to position x = 1000, y = 1000

2020-04-22 08:58:59 - [MESSAGE][PASSED] - Browser is scrolled to position x = 1000, y = 1000

2020-04-22 08:58:59 - [TEST_STEP][PASSED] - delay(1): Delayed 1 second(s)

2020-04-22 08:59:00 - [MESSAGE][PASSED] - Delayed 1 second(s)

2020-04-22 08:59:00 - [TEST_STEP][PASSED] - verifyTextPresent("Avoid cheques with our low cost credit and debit card acceptance service", false): Text 'Avoid cheques with our low cost credit and debit card acceptance service' is present on page 

2020-04-22 08:59:01 - [MESSAGE][PASSED] - Text 'Avoid cheques with our low cost credit and debit card acceptance service' is present on page 

2020-04-22 08:59:01 - [TEST_STEP][PASSED] - verifyTextPresent("WEX Europe Services, the owner of the Esso Card™ fuel card portfolio", false): Text 'WEX Europe Services, the owner of the Esso Card™ fuel card portfolio' is present on page 

2020-04-22 08:59:01 - [MESSAGE][PASSED] - Text 'WEX Europe Services, the owner of the Esso Card™ fuel card portfolio' is present on page 

2020-04-22 08:59:01 - [TEST_STEP][PASSED] - scrollToPosition(1000, 1000): Browser is scrolled to position x = 1000, y = 1000

2020-04-22 08:59:01 - [MESSAGE][PASSED] - Browser is scrolled to position x = 1000, y = 1000

2020-04-22 08:59:01 - [TEST_STEP][PASSED] - delay(1): Delayed 1 second(s)

2020-04-22 08:59:02 - [MESSAGE][PASSED] - Delayed 1 second(s)

2020-04-22 08:59:02 - [TEST_STEP][PASSED] - "Footer": null

2020-04-22 08:59:02 - [TEST_STEP][PASSED] - verifyTextPresent("Checkatrade.com all rights reserved", false): Text 'Checkatrade.com all rights reserved' is present on page 

2020-04-22 08:59:02 - [MESSAGE][PASSED] - Text 'Checkatrade.com all rights reserved' is present on page 

2020-04-22 08:59:02 - [MESSAGE][PASSED] - Call Test Case 'Test Cases/Reusable_Test_Sequences/CAT_Footer/Company/Partners_Verification' successfully

2020-04-22 08:59:02 - [TEST_STEP][PASSED] - "--------------------------": null

2020-04-22 08:59:02 - [TEST_STEP][PASSED] - " Teardown - CLose Browser |": null

2020-04-22 08:59:02 - [TEST_STEP][PASSED] - callTestCase(findTestCase("Reusable_Test_Sequences/CAT_Teardown"), [:], OPTIONAL): Call Test Case 'Test Cases/Reusable_Test_Sequences/CAT_Teardown' successfully

2020-04-22 08:59:02 - [TEST_CASE][PASSED] - Test Cases/Reusable_Test_Sequences/CAT_Teardown: Test Cases/Reusable_Test_Sequences/CAT_Teardown

2020-04-22 08:59:02 - [TEST_STEP][PASSED] - closeBrowser(): Browser is closed

2020-04-22 08:59:04 - [MESSAGE][PASSED] - Browser is closed

2020-04-22 08:59:04 - [TEST_STEP][PASSED] - super.finalize(): null

2020-04-22 08:59:04 - [TEST_STEP][PASSED] - System.gc(): null

2020-04-22 08:59:04 - [MESSAGE][PASSED] - Call Test Case 'Test Cases/Reusable_Test_Sequences/CAT_Teardown' successfully]]></system-out>
         <system-err><![CDATA[]]></system-err>
      </testcase>
      <testcase name="Test Cases/CAT_Footer/Company/Our_Advertising" time="40.323" classname="Test Cases/CAT_Footer/Company/Our_Advertising" status="PASSED">
         <system-out><![CDATA[2020-04-22 08:59:04 - [TEST_CASE][PASSED] - Test Cases/CAT_Footer/Company/Our_Advertising: Test Cases/CAT_Footer/Company/Our_Advertising

2020-04-22 08:59:04 - [TEST_STEP][PASSED] - callTestCase(findTestCase("Reusable_Test_Sequences/CAT_Setup"), [:], OPTIONAL): Call Test Case 'Test Cases/Reusable_Test_Sequences/CAT_Setup' successfully

2020-04-22 08:59:04 - [TEST_CASE][PASSED] - Test Cases/Reusable_Test_Sequences/CAT_Setup: Test Cases/Reusable_Test_Sequences/CAT_Setup

2020-04-22 08:59:05 - [TEST_STEP][PASSED] - "------------------------------": null

2020-04-22 08:59:05 - [TEST_STEP][PASSED] - " Set Mobile Device Testing    |": null

2020-04-22 08:59:05 - [TEST_STEP][PASSED] - if (Mobile_Flag == "true"): null

2020-04-22 08:59:05 - [TEST_STEP][PASSED] - "------------------------------": null

2020-04-22 08:59:05 - [TEST_STEP][PASSED] - " Set Mobile Device Testing    |": null

2020-04-22 08:59:05 - [TEST_STEP][PASSED] - "------------------------------": null

2020-04-22 08:59:05 - [TEST_STEP][PASSED] - "URL - Set from the ENVIRONMENT PROFILE ": null

2020-04-22 08:59:05 - [TEST_STEP][PASSED] - openBrowser(URL): Browser is opened with url: 'https://www.preview.checkatrade.com/'

2020-04-22 08:59:05 - [MESSAGE][INFO] - Starting 'Chrome' driver

2020-04-22 08:59:05 - [MESSAGE][INFO] - Action delay is set to 0 milliseconds

2020-04-22 08:59:12 - [MESSAGE][PASSED] - Browser is opened with url: 'https://www.preview.checkatrade.com/'

2020-04-22 08:59:12 - [TEST_STEP][PASSED] - maximizeWindow(): Current window maximized

2020-04-22 08:59:15 - [MESSAGE][PASSED] - Current window maximized

2020-04-22 08:59:15 - [TEST_STEP][PASSED] - waitForPageLoad(60): Wait for page load successfully

2020-04-22 08:59:15 - [MESSAGE][PASSED] - Wait for page load successfully

2020-04-22 08:59:15 - [TEST_STEP][PASSED] - "Previous Functionalilty Left Commented For Ease Of reversion": null

2020-04-22 08:59:15 - [TEST_STEP][PASSED] - " Katalon Try/Catches currently have issues? SEE HEADER": null

2020-04-22 08:59:15 - [TEST_STEP][PASSED] - try: Text 'Cookie Policy' is not present on page

2020-04-22 08:59:15 - [TEST_STEP][PASSED] - verifyElementPresent(findTestObject("Object Repository/Cookies/Page_Checkatrade Find a tradesperson you can trust/button_Accept All"), 5, OPTIONAL): Object 'Object Repository/Cookies/Page_Checkatrade Find a tradesperson you can trust/button_Accept All' is present

2020-04-22 08:59:15 - [MESSAGE][PASSED] - Object 'Object Repository/Cookies/Page_Checkatrade Find a tradesperson you can trust/button_Accept All' is present

2020-04-22 08:59:15 - [TEST_STEP][PASSED] - click(findTestObject("Object Repository/Cookies/Page_Checkatrade Find a tradesperson you can trust/button_Accept All"), OPTIONAL): Object: 'Object Repository/Cookies/Page_Checkatrade Find a tradesperson you can trust/button_Accept All' is clicked on

2020-04-22 08:59:19 - [MESSAGE][PASSED] - Object: 'Object Repository/Cookies/Page_Checkatrade Find a tradesperson you can trust/button_Accept All' is clicked on

2020-04-22 08:59:19 - [TEST_STEP][PASSED] - "---------------------------------": null

2020-04-22 08:59:19 - [TEST_STEP][PASSED] - "COOKIE POPOUT REMOVED - Confirmed": null

2020-04-22 08:59:19 - [TEST_STEP][PASSED] - delay(1): Delayed 1 second(s)

2020-04-22 08:59:20 - [MESSAGE][PASSED] - Delayed 1 second(s)

2020-04-22 08:59:20 - [TEST_STEP][PASSED] - verifyTextNotPresent("We use cookies to personalise content and ads, to provide social media features and to analyse our traffic", false): Text 'We use cookies to personalise content and ads, to provide social media features and to analyse our traffic' is not present on page

2020-04-22 08:59:21 - [MESSAGE][PASSED] - Text 'We use cookies to personalise content and ads, to provide social media features and to analyse our traffic' is not present on page

2020-04-22 08:59:21 - [TEST_STEP][PASSED] - verifyTextNotPresent(" We also share information about your use of our site with our social media, advertising and analytics partners", false): Text ' We also share information about your use of our site with our social media, advertising and analytics partners' is not present on page

2020-04-22 08:59:21 - [MESSAGE][PASSED] - Text ' We also share information about your use of our site with our social media, advertising and analytics partners' is not present on page

2020-04-22 08:59:21 - [TEST_STEP][PASSED] - verifyTextNotPresent("Cookie Policy", false): Text 'Cookie Policy' is not present on page

2020-04-22 08:59:22 - [MESSAGE][PASSED] - Text 'Cookie Policy' is not present on page

2020-04-22 08:59:22 - [TEST_STEP][PASSED] - waitForPageLoad(60): Wait for page load successfully

2020-04-22 08:59:22 - [MESSAGE][PASSED] - Wait for page load successfully

2020-04-22 08:59:22 - [TEST_STEP][PASSED] - "COOKIE - ORIGINAL": null

2020-04-22 08:59:22 - [TEST_STEP][PASSED] - if (waitForElementVisible(findTestObject("Object Repository/Feedback/Page_Checkatrade Give your feedback/input_Member_to_Review"), 5)): Web element with id: 'Object Repository/Feedback/Page_Checkatrade Give your feedback/input_Member_to_Review' located by 'By.xpath: //input[@id='feedback-form__company_autocomplete_input']' not found

2020-04-22 08:59:27 - [MESSAGE][INFO] - Unable to find the element located by 'By.xpath: //input[@id='feedback-form__company_autocomplete_input']'. Please recheck the objects properties to make sure the desired element is located. 

2020-04-22 08:59:27 - [MESSAGE][WARNING] - Web element with id: 'Object Repository/Feedback/Page_Checkatrade Give your feedback/input_Member_to_Review' located by 'By.xpath: //input[@id='feedback-form__company_autocomplete_input']' not found

2020-04-22 08:59:27 - [TEST_STEP][PASSED] - else: The <<<OLD>>> Website was detected by the STARTUP Process

2020-04-22 08:59:27 - [TEST_STEP][PASSED] - if (!(verifyElementVisible(findTestObject("Object Repository/Checkatrade_Trade_Search_Page/Page_Checkatrade Find a tradesperson you can trust/input_Search_Button_FF")))): Object 'Object Repository/Checkatrade_Trade_Search_Page/Page_Checkatrade Find a tradesperson you can trust/input_Search_Button_FF' is visible

2020-04-22 08:59:27 - [MESSAGE][PASSED] - Object 'Object Repository/Checkatrade_Trade_Search_Page/Page_Checkatrade Find a tradesperson you can trust/input_Search_Button_FF' is visible

2020-04-22 08:59:27 - [TEST_STEP][PASSED] - else: The <<<OLD>>> Website was detected by the STARTUP Process

2020-04-22 08:59:27 - [TEST_STEP][PASSED] - Website_Version = "old": null

2020-04-22 08:59:27 - [TEST_STEP][PASSED] - logInfo("The <<<OLD>>> Website was detected by the STARTUP Process"): The <<<OLD>>> Website was detected by the STARTUP Process

2020-04-22 08:59:27 - [MESSAGE][INFO] - The <<<OLD>>> Website was detected by the STARTUP Process

2020-04-22 08:59:27 - [MESSAGE][PASSED] - Call Test Case 'Test Cases/Reusable_Test_Sequences/CAT_Setup' successfully

2020-04-22 08:59:27 - [TEST_STEP][PASSED] - callTestCase(findTestCase("Reusable_Test_Sequences/CAT_Home"), [:], CONTINUE_ON_FAILURE): Call Test Case 'Test Cases/Reusable_Test_Sequences/CAT_Home' successfully

2020-04-22 08:59:28 - [TEST_CASE][PASSED] - Test Cases/Reusable_Test_Sequences/CAT_Home: Test Cases/Reusable_Test_Sequences/CAT_Home

2020-04-22 08:59:28 - [TEST_STEP][PASSED] - waitForPageLoad(60): Wait for page load successfully

2020-04-22 08:59:28 - [MESSAGE][PASSED] - Wait for page load successfully

2020-04-22 08:59:28 - [TEST_STEP][PASSED] - delay(2): Delayed 2 second(s)

2020-04-22 08:59:30 - [MESSAGE][PASSED] - Delayed 2 second(s)

2020-04-22 08:59:30 - [TEST_STEP][PASSED] - "------------------------------------": null

2020-04-22 08:59:30 - [TEST_STEP][PASSED] - if (Website_Version == "new"): null

2020-04-22 08:59:30 - [TEST_STEP][PASSED] - else: Text 'Over a million visits to Checkatrade each month' is present on page 

2020-04-22 08:59:30 - [TEST_STEP][PASSED] - verifyTextPresent("Helping you find the right trade or service", false): Text 'Helping you find the right trade or service' is present on page 

2020-04-22 08:59:30 - [MESSAGE][PASSED] - Text 'Helping you find the right trade or service' is present on page 

2020-04-22 08:59:30 - [TEST_STEP][PASSED] - verifyTextPresent("Search through over", false): Text 'Search through over' is present on page 

2020-04-22 08:59:30 - [MESSAGE][PASSED] - Text 'Search through over' is present on page 

2020-04-22 08:59:30 - [TEST_STEP][PASSED] - verifyTextPresent("recommended, vetted and monitored trades and service providers for free.", false): Text 'recommended, vetted and monitored trades and service providers for free.' is present on page 

2020-04-22 08:59:30 - [MESSAGE][PASSED] - Text 'recommended, vetted and monitored trades and service providers for free.' is present on page 

2020-04-22 08:59:30 - [TEST_STEP][PASSED] - verifyTextPresent("reviews published so far – thank you!", false): Text 'reviews published so far – thank you!' is present on page 

2020-04-22 08:59:30 - [MESSAGE][PASSED] - Text 'reviews published so far – thank you!' is present on page 

2020-04-22 08:59:30 - [TEST_STEP][PASSED] - verifyTextPresent("I need a trade or service", false): Text 'I need a trade or service' is present on page 

2020-04-22 08:59:31 - [MESSAGE][PASSED] - Text 'I need a trade or service' is present on page 

2020-04-22 08:59:31 - [TEST_STEP][PASSED] - verifyTextPresent("Every trader thoroughly checked and vetted", false): Text 'Every trader thoroughly checked and vetted' is present on page 

2020-04-22 08:59:31 - [MESSAGE][PASSED] - Text 'Every trader thoroughly checked and vetted' is present on page 

2020-04-22 08:59:31 - [TEST_STEP][PASSED] - "------------------------------------": null

2020-04-22 08:59:31 - [TEST_STEP][PASSED] - verifyTextPresent("reviews published so far – thank you!", false): Text 'reviews published so far – thank you!' is present on page 

2020-04-22 08:59:31 - [MESSAGE][PASSED] - Text 'reviews published so far – thank you!' is present on page 

2020-04-22 08:59:31 - [TEST_STEP][PASSED] - verifyTextPresent("Find out more", false): Text 'Find out more' is present on page 

2020-04-22 08:59:31 - [MESSAGE][PASSED] - Text 'Find out more' is present on page 

2020-04-22 08:59:31 - [TEST_STEP][PASSED] - verifyTextPresent("I am a tradesman", false): Text 'I am a tradesman' is present on page 

2020-04-22 08:59:31 - [MESSAGE][PASSED] - Text 'I am a tradesman' is present on page 

2020-04-22 08:59:31 - [TEST_STEP][PASSED] - verifyTextPresent("Find out more", false): Text 'Find out more' is present on page 

2020-04-22 08:59:32 - [MESSAGE][PASSED] - Text 'Find out more' is present on page 

2020-04-22 08:59:32 - [TEST_STEP][PASSED] - verifyTextPresent("Over a million visits to Checkatrade each month", false): Text 'Over a million visits to Checkatrade each month' is present on page 

2020-04-22 08:59:32 - [MESSAGE][PASSED] - Text 'Over a million visits to Checkatrade each month' is present on page 

2020-04-22 08:59:32 - [MESSAGE][PASSED] - Call Test Case 'Test Cases/Reusable_Test_Sequences/CAT_Home' successfully

2020-04-22 08:59:32 - [TEST_STEP][PASSED] - "---------------------------------------": null

2020-04-22 08:59:32 - [TEST_STEP][PASSED] - " Navigate to Company->Our Advertising  |": null

2020-04-22 08:59:32 - [TEST_STEP][PASSED] - scrollToElement(findTestObject("Object Repository/CAT_Footer/Page_Checkatrade Find a tradesperson you can trust/div_Our Advertising"), 3): Scroll to object 'Object Repository/CAT_Footer/Page_Checkatrade Find a tradesperson you can trust/div_Our Advertising' successfully

2020-04-22 08:59:32 - [MESSAGE][PASSED] - Scroll to object 'Object Repository/CAT_Footer/Page_Checkatrade Find a tradesperson you can trust/div_Our Advertising' successfully

2020-04-22 08:59:32 - [TEST_STEP][PASSED] - click(findTestObject("Object Repository/CAT_Footer/Page_Checkatrade Find a tradesperson you can trust/div_Our Advertising")): Object: 'Object Repository/CAT_Footer/Page_Checkatrade Find a tradesperson you can trust/div_Our Advertising' is clicked on

2020-04-22 08:59:35 - [MESSAGE][PASSED] - Object: 'Object Repository/CAT_Footer/Page_Checkatrade Find a tradesperson you can trust/div_Our Advertising' is clicked on

2020-04-22 08:59:35 - [TEST_STEP][PASSED] - "---------------------------------------": null

2020-04-22 08:59:35 - [TEST_STEP][PASSED] - " Verify Returned Page is as Expected   |": null

2020-04-22 08:59:35 - [TEST_STEP][PASSED] - callTestCase(findTestCase("Reusable_Test_Sequences/CAT_Footer/Company/Our_Advertising_Verification"), [:], CONTINUE_ON_FAILURE): Call Test Case 'Test Cases/Reusable_Test_Sequences/CAT_Footer/Company/Our_Advertising_Verification' successfully

2020-04-22 08:59:35 - [TEST_CASE][PASSED] - Test Cases/Reusable_Test_Sequences/CAT_Footer/Company/Our_Advertising_Verification: Test Cases/Reusable_Test_Sequences/CAT_Footer/Company/Our_Advertising_Verification

2020-04-22 08:59:36 - [TEST_STEP][PASSED] - delay(1): Delayed 1 second(s)

2020-04-22 08:59:37 - [MESSAGE][PASSED] - Delayed 1 second(s)

2020-04-22 08:59:37 - [TEST_STEP][PASSED] - waitForPageLoad(60): Wait for page load successfully

2020-04-22 08:59:37 - [MESSAGE][PASSED] - Wait for page load successfully

2020-04-22 08:59:37 - [TEST_STEP][PASSED] - "Only When Needed": null

2020-04-22 08:59:37 - [TEST_STEP][PASSED] - "----------------------------------------------": null

2020-04-22 08:59:37 - [TEST_STEP][PASSED] - "DEFAULT TAB - None - 1 Page Returned          |": null

2020-04-22 08:59:37 - [TEST_STEP][PASSED] - "----------------------------------------------": null

2020-04-22 08:59:37 - [TEST_STEP][PASSED] - "----------------------------------------------": null

2020-04-22 08:59:37 - [TEST_STEP][PASSED] - "----------------------------------------------": null

2020-04-22 08:59:37 - [TEST_STEP][PASSED] - verifyTextPresent("Our Advertising", false): Text 'Our Advertising' is present on page 

2020-04-22 08:59:37 - [MESSAGE][PASSED] - Text 'Our Advertising' is present on page 

2020-04-22 08:59:37 - [TEST_STEP][PASSED] - "----------------------------------------------": null

2020-04-22 08:59:37 - [TEST_STEP][PASSED] - verifyTextPresent("Our new advert demonstrates the pitfalls of not using a recommended, vetted, and monitored tradesperson", false): Text 'Our new advert demonstrates the pitfalls of not using a recommended, vetted, and monitored tradesperson' is present on page 

2020-04-22 08:59:37 - [MESSAGE][PASSED] - Text 'Our new advert demonstrates the pitfalls of not using a recommended, vetted, and monitored tradesperson' is present on page 

2020-04-22 08:59:37 - [TEST_STEP][PASSED] - verifyTextPresent("there’s a better way to carry out home improvements and repairs", false): Text 'there’s a better way to carry out home improvements and repairs' is present on page 

2020-04-22 08:59:37 - [MESSAGE][PASSED] - Text 'there’s a better way to carry out home improvements and repairs' is present on page 

2020-04-22 08:59:37 - [TEST_STEP][PASSED] - "----------------------------------------------": null

2020-04-22 08:59:37 - [TEST_STEP][PASSED] - "----------------------------------------------": null

2020-04-22 08:59:37 - [TEST_STEP][PASSED] - " Embedded Video not Checked currently": null

2020-04-22 08:59:37 - [TEST_STEP][PASSED] - verifyTextPresent("How our advertising benefits our members & consumers", false): Text 'How our advertising benefits our members & consumers' is present on page 

2020-04-22 08:59:38 - [MESSAGE][PASSED] - Text 'How our advertising benefits our members & consumers' is present on page 

2020-04-22 08:59:38 - [TEST_STEP][PASSED] - verifyTextPresent("We all know the jingle, and the Checkatrade brand is a household name", false): Text 'We all know the jingle, and the Checkatrade brand is a household name' is present on page 

2020-04-22 08:59:38 - [MESSAGE][PASSED] - Text 'We all know the jingle, and the Checkatrade brand is a household name' is present on page 

2020-04-22 08:59:38 - [TEST_STEP][PASSED] - verifyTextPresent("How our advertising benefits our members & consumers", false): Text 'How our advertising benefits our members & consumers' is present on page 

2020-04-22 08:59:38 - [MESSAGE][PASSED] - Text 'How our advertising benefits our members & consumers' is present on page 

2020-04-22 08:59:38 - [TEST_STEP][PASSED] - verifyTextPresent("The more we talk to customers about our network of over", false): Text 'The more we talk to customers about our network of over' is present on page 

2020-04-22 08:59:38 - [MESSAGE][PASSED] - Text 'The more we talk to customers about our network of over' is present on page 

2020-04-22 08:59:38 - [TEST_STEP][PASSED] - scrollToPosition(500, 500): Browser is scrolled to position x = 500, y = 500

2020-04-22 08:59:38 - [MESSAGE][PASSED] - Browser is scrolled to position x = 500, y = 500

2020-04-22 08:59:38 - [TEST_STEP][PASSED] - delay(1): Delayed 1 second(s)

2020-04-22 08:59:39 - [MESSAGE][PASSED] - Delayed 1 second(s)

2020-04-22 08:59:39 - [TEST_STEP][PASSED] - verifyTextPresent("Our current campaign", false): Text 'Our current campaign' is present on page 

2020-04-22 08:59:39 - [MESSAGE][PASSED] - Text 'Our current campaign' is present on page 

2020-04-22 08:59:39 - [TEST_STEP][PASSED] - verifyTextPresent("We have created a brand-new TV advert", false): Text 'We have created a brand-new TV advert' is present on page 

2020-04-22 08:59:39 - [MESSAGE][PASSED] - Text 'We have created a brand-new TV advert' is present on page 

2020-04-22 08:59:39 - [TEST_STEP][PASSED] - verifyTextPresent("Did you know that we carry out up to 14 checks on trades so that consumers don’t have to", false): Text 'Did you know that we carry out up to 14 checks on trades so that consumers don’t have to' is present on page 

2020-04-22 08:59:40 - [MESSAGE][PASSED] - Text 'Did you know that we carry out up to 14 checks on trades so that consumers don’t have to' is present on page 

2020-04-22 08:59:40 - [TEST_STEP][PASSED] - verifyTextPresent("peace of mind and trust which is what we want to bring to life in our new marketing campaign", false): Text 'peace of mind and trust which is what we want to bring to life in our new marketing campaign' is present on page 

2020-04-22 08:59:40 - [MESSAGE][PASSED] - Text 'peace of mind and trust which is what we want to bring to life in our new marketing campaign' is present on page 

2020-04-22 08:59:40 - [TEST_STEP][PASSED] - verifyTextPresent("The campaign will specifically run across TV and be supported by digital, radio and social media", false): Text 'The campaign will specifically run across TV and be supported by digital, radio and social media' is present on page 

2020-04-22 08:59:41 - [MESSAGE][PASSED] - Text 'The campaign will specifically run across TV and be supported by digital, radio and social media' is present on page 

2020-04-22 08:59:41 - [TEST_STEP][PASSED] - verifyTextPresent("Secured a 12-month TV sponsorship on Homes and Really channels", false): Text 'Secured a 12-month TV sponsorship on Homes and Really channels' is present on page 

2020-04-22 08:59:41 - [MESSAGE][PASSED] - Text 'Secured a 12-month TV sponsorship on Homes and Really channels' is present on page 

2020-04-22 08:59:41 - [TEST_STEP][PASSED] - scrollToPosition(1000, 1000): Browser is scrolled to position x = 1000, y = 1000

2020-04-22 08:59:41 - [MESSAGE][PASSED] - Browser is scrolled to position x = 1000, y = 1000

2020-04-22 08:59:41 - [TEST_STEP][PASSED] - delay(1): Delayed 1 second(s)

2020-04-22 08:59:42 - [MESSAGE][PASSED] - Delayed 1 second(s)

2020-04-22 08:59:42 - [TEST_STEP][PASSED] - "Footer": null

2020-04-22 08:59:42 - [TEST_STEP][PASSED] - "----------------------------------------------": null

2020-04-22 08:59:42 - [TEST_STEP][PASSED] - "----------------------------------------------": null

2020-04-22 08:59:42 - [TEST_STEP][PASSED] - "----------------------------------------------": null

2020-04-22 08:59:42 - [TEST_STEP][PASSED] - "----------------------------------------------": null

2020-04-22 08:59:42 - [TEST_STEP][PASSED] - verifyTextPresent("Checkatrade.com all rights reserved", false): Text 'Checkatrade.com all rights reserved' is present on page 

2020-04-22 08:59:43 - [MESSAGE][PASSED] - Text 'Checkatrade.com all rights reserved' is present on page 

2020-04-22 08:59:43 - [MESSAGE][PASSED] - Call Test Case 'Test Cases/Reusable_Test_Sequences/CAT_Footer/Company/Our_Advertising_Verification' successfully

2020-04-22 08:59:43 - [TEST_STEP][PASSED] - "--------------------------": null

2020-04-22 08:59:43 - [TEST_STEP][PASSED] - " Teardown - CLose Browser |": null

2020-04-22 08:59:43 - [TEST_STEP][PASSED] - callTestCase(findTestCase("Reusable_Test_Sequences/CAT_Teardown"), [:], OPTIONAL): Call Test Case 'Test Cases/Reusable_Test_Sequences/CAT_Teardown' successfully

2020-04-22 08:59:43 - [TEST_CASE][PASSED] - Test Cases/Reusable_Test_Sequences/CAT_Teardown: Test Cases/Reusable_Test_Sequences/CAT_Teardown

2020-04-22 08:59:43 - [TEST_STEP][PASSED] - closeBrowser(): Browser is closed

2020-04-22 08:59:44 - [MESSAGE][PASSED] - Browser is closed

2020-04-22 08:59:44 - [TEST_STEP][PASSED] - super.finalize(): null

2020-04-22 08:59:44 - [TEST_STEP][PASSED] - System.gc(): null

2020-04-22 08:59:44 - [MESSAGE][PASSED] - Call Test Case 'Test Cases/Reusable_Test_Sequences/CAT_Teardown' successfully]]></system-out>
         <system-err><![CDATA[]]></system-err>
      </testcase>
      <testcase name="Test Cases/CAT_Footer/Company/Gender_Pay_Report_2017" time="30.198" classname="Test Cases/CAT_Footer/Company/Gender_Pay_Report_2017" status="PASSED">
         <system-out><![CDATA[2020-04-22 08:59:44 - [TEST_CASE][PASSED] - Test Cases/CAT_Footer/Company/Gender_Pay_Report_2017: Test Cases/CAT_Footer/Company/Gender_Pay_Report_2017

2020-04-22 08:59:45 - [TEST_STEP][PASSED] - callTestCase(findTestCase("Reusable_Test_Sequences/CAT_Setup"), [:], OPTIONAL): Call Test Case 'Test Cases/Reusable_Test_Sequences/CAT_Setup' successfully

2020-04-22 08:59:45 - [TEST_CASE][PASSED] - Test Cases/Reusable_Test_Sequences/CAT_Setup: Test Cases/Reusable_Test_Sequences/CAT_Setup

2020-04-22 08:59:45 - [TEST_STEP][PASSED] - "------------------------------": null

2020-04-22 08:59:45 - [TEST_STEP][PASSED] - " Set Mobile Device Testing    |": null

2020-04-22 08:59:45 - [TEST_STEP][PASSED] - if (Mobile_Flag == "true"): null

2020-04-22 08:59:45 - [TEST_STEP][PASSED] - "------------------------------": null

2020-04-22 08:59:45 - [TEST_STEP][PASSED] - " Set Mobile Device Testing    |": null

2020-04-22 08:59:45 - [TEST_STEP][PASSED] - "------------------------------": null

2020-04-22 08:59:45 - [TEST_STEP][PASSED] - "URL - Set from the ENVIRONMENT PROFILE ": null

2020-04-22 08:59:45 - [TEST_STEP][PASSED] - openBrowser(URL): Browser is opened with url: 'https://www.preview.checkatrade.com/'

2020-04-22 08:59:45 - [MESSAGE][INFO] - Starting 'Chrome' driver

2020-04-22 08:59:45 - [MESSAGE][INFO] - Action delay is set to 0 milliseconds

2020-04-22 08:59:54 - [MESSAGE][PASSED] - Browser is opened with url: 'https://www.preview.checkatrade.com/'

2020-04-22 08:59:54 - [TEST_STEP][PASSED] - maximizeWindow(): Current window maximized

2020-04-22 08:59:57 - [MESSAGE][PASSED] - Current window maximized

2020-04-22 08:59:57 - [TEST_STEP][PASSED] - waitForPageLoad(60): Wait for page load successfully

2020-04-22 08:59:57 - [MESSAGE][PASSED] - Wait for page load successfully

2020-04-22 08:59:57 - [TEST_STEP][PASSED] - "Previous Functionalilty Left Commented For Ease Of reversion": null

2020-04-22 08:59:57 - [TEST_STEP][PASSED] - " Katalon Try/Catches currently have issues? SEE HEADER": null

2020-04-22 08:59:57 - [TEST_STEP][PASSED] - try: Text 'Cookie Policy' is not present on page

2020-04-22 08:59:57 - [TEST_STEP][PASSED] - verifyElementPresent(findTestObject("Object Repository/Cookies/Page_Checkatrade Find a tradesperson you can trust/button_Accept All"), 5, OPTIONAL): Object 'Object Repository/Cookies/Page_Checkatrade Find a tradesperson you can trust/button_Accept All' is present

2020-04-22 08:59:57 - [MESSAGE][PASSED] - Object 'Object Repository/Cookies/Page_Checkatrade Find a tradesperson you can trust/button_Accept All' is present

2020-04-22 08:59:57 - [TEST_STEP][PASSED] - click(findTestObject("Object Repository/Cookies/Page_Checkatrade Find a tradesperson you can trust/button_Accept All"), OPTIONAL): Object: 'Object Repository/Cookies/Page_Checkatrade Find a tradesperson you can trust/button_Accept All' is clicked on

2020-04-22 08:59:57 - [MESSAGE][PASSED] - Object: 'Object Repository/Cookies/Page_Checkatrade Find a tradesperson you can trust/button_Accept All' is clicked on

2020-04-22 08:59:57 - [TEST_STEP][PASSED] - "---------------------------------": null

2020-04-22 08:59:57 - [TEST_STEP][PASSED] - "COOKIE POPOUT REMOVED - Confirmed": null

2020-04-22 08:59:57 - [TEST_STEP][PASSED] - delay(1): Delayed 1 second(s)

2020-04-22 08:59:58 - [MESSAGE][PASSED] - Delayed 1 second(s)

2020-04-22 08:59:58 - [TEST_STEP][PASSED] - verifyTextNotPresent("We use cookies to personalise content and ads, to provide social media features and to analyse our traffic", false): Text 'We use cookies to personalise content and ads, to provide social media features and to analyse our traffic' is not present on page

2020-04-22 08:59:58 - [MESSAGE][PASSED] - Text 'We use cookies to personalise content and ads, to provide social media features and to analyse our traffic' is not present on page

2020-04-22 08:59:58 - [TEST_STEP][PASSED] - verifyTextNotPresent(" We also share information about your use of our site with our social media, advertising and analytics partners", false): Text ' We also share information about your use of our site with our social media, advertising and analytics partners' is not present on page

2020-04-22 08:59:59 - [MESSAGE][PASSED] - Text ' We also share information about your use of our site with our social media, advertising and analytics partners' is not present on page

2020-04-22 08:59:59 - [TEST_STEP][PASSED] - verifyTextNotPresent("Cookie Policy", false): Text 'Cookie Policy' is not present on page

2020-04-22 08:59:59 - [MESSAGE][PASSED] - Text 'Cookie Policy' is not present on page

2020-04-22 08:59:59 - [TEST_STEP][PASSED] - waitForPageLoad(60): Wait for page load successfully

2020-04-22 08:59:59 - [MESSAGE][PASSED] - Wait for page load successfully

2020-04-22 08:59:59 - [TEST_STEP][PASSED] - "COOKIE - ORIGINAL": null

2020-04-22 08:59:59 - [TEST_STEP][PASSED] - if (waitForElementVisible(findTestObject("Object Repository/Feedback/Page_Checkatrade Give your feedback/input_Member_to_Review"), 5)): Web element with id: 'Object Repository/Feedback/Page_Checkatrade Give your feedback/input_Member_to_Review' located by 'By.xpath: //input[@id='feedback-form__company_autocomplete_input']' not found

2020-04-22 09:00:04 - [MESSAGE][INFO] - Unable to find the element located by 'By.xpath: //input[@id='feedback-form__company_autocomplete_input']'. Please recheck the objects properties to make sure the desired element is located. 

2020-04-22 09:00:04 - [MESSAGE][WARNING] - Web element with id: 'Object Repository/Feedback/Page_Checkatrade Give your feedback/input_Member_to_Review' located by 'By.xpath: //input[@id='feedback-form__company_autocomplete_input']' not found

2020-04-22 09:00:04 - [TEST_STEP][PASSED] - else: The <<<OLD>>> Website was detected by the STARTUP Process

2020-04-22 09:00:04 - [TEST_STEP][PASSED] - if (!(verifyElementVisible(findTestObject("Object Repository/Checkatrade_Trade_Search_Page/Page_Checkatrade Find a tradesperson you can trust/input_Search_Button_FF")))): Object 'Object Repository/Checkatrade_Trade_Search_Page/Page_Checkatrade Find a tradesperson you can trust/input_Search_Button_FF' is visible

2020-04-22 09:00:05 - [MESSAGE][PASSED] - Object 'Object Repository/Checkatrade_Trade_Search_Page/Page_Checkatrade Find a tradesperson you can trust/input_Search_Button_FF' is visible

2020-04-22 09:00:05 - [TEST_STEP][PASSED] - else: The <<<OLD>>> Website was detected by the STARTUP Process

2020-04-22 09:00:05 - [TEST_STEP][PASSED] - Website_Version = "old": null

2020-04-22 09:00:05 - [TEST_STEP][PASSED] - logInfo("The <<<OLD>>> Website was detected by the STARTUP Process"): The <<<OLD>>> Website was detected by the STARTUP Process

2020-04-22 09:00:05 - [MESSAGE][INFO] - The <<<OLD>>> Website was detected by the STARTUP Process

2020-04-22 09:00:05 - [MESSAGE][PASSED] - Call Test Case 'Test Cases/Reusable_Test_Sequences/CAT_Setup' successfully

2020-04-22 09:00:05 - [TEST_STEP][PASSED] - callTestCase(findTestCase("Reusable_Test_Sequences/CAT_Home"), [:], CONTINUE_ON_FAILURE): Call Test Case 'Test Cases/Reusable_Test_Sequences/CAT_Home' successfully

2020-04-22 09:00:05 - [TEST_CASE][PASSED] - Test Cases/Reusable_Test_Sequences/CAT_Home: Test Cases/Reusable_Test_Sequences/CAT_Home

2020-04-22 09:00:05 - [TEST_STEP][PASSED] - waitForPageLoad(60): Wait for page load successfully

2020-04-22 09:00:05 - [MESSAGE][PASSED] - Wait for page load successfully

2020-04-22 09:00:05 - [TEST_STEP][PASSED] - delay(2): Delayed 2 second(s)

2020-04-22 09:00:07 - [MESSAGE][PASSED] - Delayed 2 second(s)

2020-04-22 09:00:07 - [TEST_STEP][PASSED] - "------------------------------------": null

2020-04-22 09:00:07 - [TEST_STEP][PASSED] - if (Website_Version == "new"): null

2020-04-22 09:00:07 - [TEST_STEP][PASSED] - else: Text 'Over a million visits to Checkatrade each month' is present on page 

2020-04-22 09:00:07 - [TEST_STEP][PASSED] - verifyTextPresent("Helping you find the right trade or service", false): Text 'Helping you find the right trade or service' is present on page 

2020-04-22 09:00:07 - [MESSAGE][PASSED] - Text 'Helping you find the right trade or service' is present on page 

2020-04-22 09:00:07 - [TEST_STEP][PASSED] - verifyTextPresent("Search through over", false): Text 'Search through over' is present on page 

2020-04-22 09:00:07 - [MESSAGE][PASSED] - Text 'Search through over' is present on page 

2020-04-22 09:00:07 - [TEST_STEP][PASSED] - verifyTextPresent("recommended, vetted and monitored trades and service providers for free.", false): Text 'recommended, vetted and monitored trades and service providers for free.' is present on page 

2020-04-22 09:00:07 - [MESSAGE][PASSED] - Text 'recommended, vetted and monitored trades and service providers for free.' is present on page 

2020-04-22 09:00:07 - [TEST_STEP][PASSED] - verifyTextPresent("reviews published so far – thank you!", false): Text 'reviews published so far – thank you!' is present on page 

2020-04-22 09:00:07 - [MESSAGE][PASSED] - Text 'reviews published so far – thank you!' is present on page 

2020-04-22 09:00:07 - [TEST_STEP][PASSED] - verifyTextPresent("I need a trade or service", false): Text 'I need a trade or service' is present on page 

2020-04-22 09:00:07 - [MESSAGE][PASSED] - Text 'I need a trade or service' is present on page 

2020-04-22 09:00:07 - [TEST_STEP][PASSED] - verifyTextPresent("Every trader thoroughly checked and vetted", false): Text 'Every trader thoroughly checked and vetted' is present on page 

2020-04-22 09:00:08 - [MESSAGE][PASSED] - Text 'Every trader thoroughly checked and vetted' is present on page 

2020-04-22 09:00:08 - [TEST_STEP][PASSED] - "------------------------------------": null

2020-04-22 09:00:08 - [TEST_STEP][PASSED] - verifyTextPresent("reviews published so far – thank you!", false): Text 'reviews published so far – thank you!' is present on page 

2020-04-22 09:00:08 - [MESSAGE][PASSED] - Text 'reviews published so far – thank you!' is present on page 

2020-04-22 09:00:08 - [TEST_STEP][PASSED] - verifyTextPresent("Find out more", false): Text 'Find out more' is present on page 

2020-04-22 09:00:09 - [MESSAGE][PASSED] - Text 'Find out more' is present on page 

2020-04-22 09:00:09 - [TEST_STEP][PASSED] - verifyTextPresent("I am a tradesman", false): Text 'I am a tradesman' is present on page 

2020-04-22 09:00:09 - [MESSAGE][PASSED] - Text 'I am a tradesman' is present on page 

2020-04-22 09:00:09 - [TEST_STEP][PASSED] - verifyTextPresent("Find out more", false): Text 'Find out more' is present on page 

2020-04-22 09:00:10 - [MESSAGE][PASSED] - Text 'Find out more' is present on page 

2020-04-22 09:00:10 - [TEST_STEP][PASSED] - verifyTextPresent("Over a million visits to Checkatrade each month", false): Text 'Over a million visits to Checkatrade each month' is present on page 

2020-04-22 09:00:10 - [MESSAGE][PASSED] - Text 'Over a million visits to Checkatrade each month' is present on page 

2020-04-22 09:00:10 - [MESSAGE][PASSED] - Call Test Case 'Test Cases/Reusable_Test_Sequences/CAT_Home' successfully

2020-04-22 09:00:10 - [TEST_STEP][PASSED] - "-------------------------------------------------": null

2020-04-22 09:00:10 - [TEST_STEP][PASSED] - " Navigate to Company->Gender Pay Report 2017     |": null

2020-04-22 09:00:10 - [TEST_STEP][PASSED] - scrollToElement(findTestObject("Object Repository/CAT_Footer/Page_Checkatrade Find a tradesperson you can trust/div_Gender Pay Report 2017"), 3): Scroll to object 'Object Repository/CAT_Footer/Page_Checkatrade Find a tradesperson you can trust/div_Gender Pay Report 2017' successfully

2020-04-22 09:00:11 - [MESSAGE][PASSED] - Scroll to object 'Object Repository/CAT_Footer/Page_Checkatrade Find a tradesperson you can trust/div_Gender Pay Report 2017' successfully

2020-04-22 09:00:11 - [TEST_STEP][PASSED] - click(findTestObject("Object Repository/CAT_Footer/Page_Checkatrade Find a tradesperson you can trust/div_Gender Pay Report 2017")): Object: 'Object Repository/CAT_Footer/Page_Checkatrade Find a tradesperson you can trust/div_Gender Pay Report 2017' is clicked on

2020-04-22 09:00:11 - [MESSAGE][PASSED] - Object: 'Object Repository/CAT_Footer/Page_Checkatrade Find a tradesperson you can trust/div_Gender Pay Report 2017' is clicked on

2020-04-22 09:00:11 - [TEST_STEP][PASSED] - "---------------------------------------": null

2020-04-22 09:00:11 - [TEST_STEP][PASSED] - " Verify Returned Page is as Expected   |": null

2020-04-22 09:00:11 - [TEST_STEP][PASSED] - callTestCase(findTestCase("Reusable_Test_Sequences/CAT_Footer/Company/Gender_Pay_Report_2017_Verification"), [:], CONTINUE_ON_FAILURE): Call Test Case 'Test Cases/Reusable_Test_Sequences/CAT_Footer/Company/Gender_Pay_Report_2017_Verification' successfully

2020-04-22 09:00:11 - [TEST_CASE][PASSED] - Test Cases/Reusable_Test_Sequences/CAT_Footer/Company/Gender_Pay_Report_2017_Verification: Test Cases/Reusable_Test_Sequences/CAT_Footer/Company/Gender_Pay_Report_2017_Verification

2020-04-22 09:00:12 - [TEST_STEP][PASSED] - delay(1): Delayed 1 second(s)

2020-04-22 09:00:13 - [MESSAGE][PASSED] - Delayed 1 second(s)

2020-04-22 09:00:13 - [TEST_STEP][PASSED] - waitForPageLoad(60): Wait for page load successfully

2020-04-22 09:00:13 - [MESSAGE][PASSED] - Wait for page load successfully

2020-04-22 09:00:13 - [TEST_STEP][PASSED] - "Only When Needed": null

2020-04-22 09:00:13 - [TEST_STEP][PASSED] - "----------------------------------------------": null

2020-04-22 09:00:13 - [TEST_STEP][PASSED] - "DEFAULT TAB - None - 1 Page Returned          |": null

2020-04-22 09:00:13 - [TEST_STEP][PASSED] - "----------------------------------------------": null

2020-04-22 09:00:13 - [TEST_STEP][PASSED] - "----------------------------------------------": null

2020-04-22 09:00:13 - [TEST_STEP][PASSED] - "----------------------------------------------": null

2020-04-22 09:00:13 - [TEST_STEP][PASSED] - "Header": null

2020-04-22 09:00:13 - [TEST_STEP][PASSED] - "----------------------------------------------": null

2020-04-22 09:00:13 - [TEST_STEP][PASSED] - "PDF Connten Indiscernable": null

2020-04-22 09:00:13 - [TEST_STEP][PASSED] - "PDF To Download, just check the heading appears on opening of initial page, nothing else to do": null

2020-04-22 09:00:13 - [TEST_STEP][PASSED] - currentURL = getUrl(): Current window's url is: 'https://www.preview.checkatrade.com/Downloads/GenderPay.pdf'

2020-04-22 09:00:13 - [MESSAGE][PASSED] - Current window's url is: 'https://www.preview.checkatrade.com/Downloads/GenderPay.pdf'

2020-04-22 09:00:13 - [TEST_STEP][PASSED] - "-------------------------------------------------------------------------------------": null

2020-04-22 09:00:13 - [TEST_STEP][PASSED] - "full URL for Preview == https://www.preview.checkatrade.com/Downloads/GenderPay.pdf  |": null

2020-04-22 09:00:13 - [TEST_STEP][PASSED] - if (currentURL.contains("checkatrade.com/Downloads/GenderPay.pdf")): Our 2017 Gender Pay Gap Report PDF Presented, as Expected

2020-04-22 09:00:13 - [TEST_STEP][PASSED] - markPassed("Our 2017 Gender Pay Gap Report PDF Presented, as Expected"): Our 2017 Gender Pay Gap Report PDF Presented, as Expected

2020-04-22 09:00:13 - [MESSAGE][PASSED] - Our 2017 Gender Pay Gap Report PDF Presented, as Expected

2020-04-22 09:00:13 - [MESSAGE][PASSED] - Call Test Case 'Test Cases/Reusable_Test_Sequences/CAT_Footer/Company/Gender_Pay_Report_2017_Verification' successfully

2020-04-22 09:00:13 - [TEST_STEP][PASSED] - "--------------------------": null

2020-04-22 09:00:13 - [TEST_STEP][PASSED] - " Teardown - CLose Browser |": null

2020-04-22 09:00:13 - [TEST_STEP][PASSED] - callTestCase(findTestCase("Reusable_Test_Sequences/CAT_Teardown"), [:], OPTIONAL): Call Test Case 'Test Cases/Reusable_Test_Sequences/CAT_Teardown' successfully

2020-04-22 09:00:13 - [TEST_CASE][PASSED] - Test Cases/Reusable_Test_Sequences/CAT_Teardown: Test Cases/Reusable_Test_Sequences/CAT_Teardown

2020-04-22 09:00:13 - [TEST_STEP][PASSED] - closeBrowser(): Browser is closed

2020-04-22 09:00:14 - [MESSAGE][PASSED] - Browser is closed

2020-04-22 09:00:14 - [TEST_STEP][PASSED] - super.finalize(): null

2020-04-22 09:00:14 - [TEST_STEP][PASSED] - System.gc(): null

2020-04-22 09:00:14 - [MESSAGE][PASSED] - Call Test Case 'Test Cases/Reusable_Test_Sequences/CAT_Teardown' successfully]]></system-out>
         <system-err><![CDATA[]]></system-err>
      </testcase>
      <testcase name="Test Cases/CAT_Footer/Company/Gender_Pay_Report_2018" time="24.813" classname="Test Cases/CAT_Footer/Company/Gender_Pay_Report_2018" status="PASSED">
         <system-out><![CDATA[2020-04-22 09:00:14 - [TEST_CASE][PASSED] - Test Cases/CAT_Footer/Company/Gender_Pay_Report_2018: Test Cases/CAT_Footer/Company/Gender_Pay_Report_2018

2020-04-22 09:00:15 - [TEST_STEP][PASSED] - callTestCase(findTestCase("Reusable_Test_Sequences/CAT_Setup"), [:], OPTIONAL): Unable to call Test Case 'Test Cases/Reusable_Test_Sequences/CAT_Setup' (Root cause: com.kms.katalon.core.exception.StepFailedException: Call Test Case 'Test Cases/Reusable_Test_Sequences/CAT_Setup' failed
	at com.kms.katalon.core.keyword.builtin.CallTestCaseKeyword$_callTestCase_closure1.doCall(CallTestCaseKeyword.groovy:63)
	at com.kms.katalon.core.keyword.builtin.CallTestCaseKeyword$_callTestCase_closure1.call(CallTestCaseKeyword.groovy)
	at com.kms.katalon.core.keyword.internal.KeywordMain.runKeyword(KeywordMain.groovy:68)
	at com.kms.katalon.core.keyword.builtin.CallTestCaseKeyword.callTestCase(CallTestCaseKeyword.groovy:81)
	at com.kms.katalon.core.keyword.builtin.CallTestCaseKeyword.execute(CallTestCaseKeyword.groovy:44)
	at com.kms.katalon.core.keyword.internal.KeywordExecutor.executeKeywordForPlatform(KeywordExecutor.groovy:72)
	at com.kms.katalon.core.keyword.BuiltinKeywords.callTestCase(BuiltinKeywords.groovy:334)
	at Gender_Pay_Report_2018.run(Gender_Pay_Report_2018:58)
	at com.kms.katalon.core.main.ScriptEngine.run(ScriptEngine.java:194)
	at com.kms.katalon.core.main.ScriptEngine.runScriptAsRawText(ScriptEngine.java:119)
	at com.kms.katalon.core.main.TestCaseExecutor.runScript(TestCaseExecutor.java:337)
	at com.kms.katalon.core.main.TestCaseExecutor.doExecute(TestCaseExecutor.java:328)
	at com.kms.katalon.core.main.TestCaseExecutor.processExecutionPhase(TestCaseExecutor.java:307)
	at com.kms.katalon.core.main.TestCaseExecutor.accessMainPhase(TestCaseExecutor.java:299)
	at com.kms.katalon.core.main.TestCaseExecutor.execute(TestCaseExecutor.java:233)
	at com.kms.katalon.core.main.TestSuiteExecutor.accessTestCaseMainPhase(TestSuiteExecutor.java:169)
	at com.kms.katalon.core.main.TestSuiteExecutor.accessTestSuiteMainPhase(TestSuiteExecutor.java:142)
	at com.kms.katalon.core.main.TestSuiteExecutor.execute(TestSuiteExecutor.java:91)
	at com.kms.katalon.core.main.TestCaseMain.startTestSuite(TestCaseMain.java:157)
	at com.kms.katalon.core.main.TestCaseMain$startTestSuite$0.call(Unknown Source)
	at TempTestSuite1587541757069.run(TempTestSuite1587541757069.groovy:37)
Caused by: com.kms.katalon.core.exception.StepFailedException: Text 'Cookie Policy' is present on page  (Root cause: com.kms.katalon.core.exception.StepFailedException: Text 'Cookie Policy' is present on page 
	at com.kms.katalon.core.webui.keyword.internal.WebUIKeywordMain.stepFailed(WebUIKeywordMain.groovy:64)
	at com.kms.katalon.core.webui.keyword.builtin.VerifyTextNotPresentKeyword$_verifyTextNotPresent_closure1.doCall(VerifyTextNotPresentKeyword.groovy:77)
	at com.kms.katalon.core.webui.keyword.builtin.VerifyTextNotPresentKeyword$_verifyTextNotPresent_closure1.call(VerifyTextNotPresentKeyword.groovy)
	at com.kms.katalon.core.webui.keyword.internal.WebUIKeywordMain.runKeyword(WebUIKeywordMain.groovy:20)
	at com.kms.katalon.core.webui.keyword.builtin.VerifyTextNotPresentKeyword.verifyTextNotPresent(VerifyTextNotPresentKeyword.groovy:82)
	at com.kms.katalon.core.webui.keyword.builtin.VerifyTextNotPresentKeyword.execute(VerifyTextNotPresentKeyword.groovy:68)
	at com.kms.katalon.core.keyword.internal.KeywordExecutor.executeKeywordForPlatform(KeywordExecutor.groovy:72)
	at com.kms.katalon.core.webui.keyword.WebUiBuiltInKeywords.verifyTextNotPresent(WebUiBuiltInKeywords.groovy:1752)
	at com.kms.katalon.core.webui.keyword.WebUiBuiltInKeywords$verifyTextNotPresent$4.call(Unknown Source)
	at CAT_Setup.run(CAT_Setup:177)
	at com.kms.katalon.core.main.ScriptEngine.run(ScriptEngine.java:194)
	at com.kms.katalon.core.main.ScriptEngine.runScriptAsRawText(ScriptEngine.java:119)
	at com.kms.katalon.core.main.TestCaseExecutor.runScript(TestCaseExecutor.java:337)
	at com.kms.katalon.core.main.TestCaseExecutor.doExecute(TestCaseExecutor.java:328)
	at com.kms.katalon.core.main.TestCaseExecutor.processExecutionPhase(TestCaseExecutor.java:307)
	at com.kms.katalon.core.main.TestCaseExecutor.accessMainPhase(TestCaseExecutor.java:299)
	at com.kms.katalon.core.main.TestCaseExecutor.execute(TestCaseExecutor.java:233)
	at com.kms.katalon.core.main.TestCaseMain.runTestCase(TestCaseMain.java:114)
	at com.kms.katalon.core.keyword.builtin.CallTestCaseKeyword$_callTestCase_closure1.doCall(CallTestCaseKeyword.groovy:59)
	at com.kms.katalon.core.keyword.builtin.CallTestCaseKeyword$_callTestCase_closure1.call(CallTestCaseKeyword.groovy)
	at com.kms.katalon.core.keyword.internal.KeywordMain.runKeyword(KeywordMain.groovy:68)
	at com.kms.katalon.core.keyword.builtin.CallTestCaseKeyword.callTestCase(CallTestCaseKeyword.groovy:81)
	at com.kms.katalon.core.keyword.builtin.CallTestCaseKeyword.execute(CallTestCaseKeyword.groovy:44)
	at com.kms.katalon.core.keyword.internal.KeywordExecutor.executeKeywordForPlatform(KeywordExecutor.groovy:72)
	at com.kms.katalon.core.keyword.BuiltinKeywords.callTestCase(BuiltinKeywords.groovy:334)
	at Gender_Pay_Report_2018.run(Gender_Pay_Report_2018:58)
	at com.kms.katalon.core.main.ScriptEngine.run(ScriptEngine.java:194)
	at com.kms.katalon.core.main.ScriptEngine.runScriptAsRawText(ScriptEngine.java:119)
	at com.kms.katalon.core.main.TestCaseExecutor.runScript(TestCaseExecutor.java:337)
	at com.kms.katalon.core.main.TestCaseExecutor.doExecute(TestCaseExecutor.java:328)
	at com.kms.katalon.core.main.TestCaseExecutor.processExecutionPhase(TestCaseExecutor.java:307)
	at com.kms.katalon.core.main.TestCaseExecutor.accessMainPhase(TestCaseExecutor.java:299)
	at com.kms.katalon.core.main.TestCaseExecutor.execute(TestCaseExecutor.java:233)
	at com.kms.katalon.core.main.TestSuiteExecutor.accessTestCaseMainPhase(TestSuiteExecutor.java:169)
	at com.kms.katalon.core.main.TestSuiteExecutor.accessTestSuiteMainPhase(TestSuiteExecutor.java:142)
	at com.kms.katalon.core.main.TestSuiteExecutor.execute(TestSuiteExecutor.java:91)
	at com.kms.katalon.core.main.TestCaseMain.startTestSuite(TestCaseMain.java:157)
	at com.kms.katalon.core.main.TestCaseMain$startTestSuite$0.call(Unknown Source)
	at TempTestSuite1587541757069.run(TempTestSuite1587541757069.groovy:37)
)
	at com.kms.katalon.core.keyword.internal.KeywordMain.stepFailed(KeywordMain.groovy:39)
	at com.kms.katalon.core.webui.keyword.internal.WebUIKeywordMain.stepFailed(WebUIKeywordMain.groovy:64)
	at com.kms.katalon.core.webui.keyword.builtin.VerifyTextNotPresentKeyword$_verifyTextNotPresent_closure1.doCall(VerifyTextNotPresentKeyword.groovy:77)
	at com.kms.katalon.core.webui.keyword.builtin.VerifyTextNotPresentKeyword$_verifyTextNotPresent_closure1.call(VerifyTextNotPresentKeyword.groovy)
	at com.kms.katalon.core.webui.keyword.internal.WebUIKeywordMain.runKeyword(WebUIKeywordMain.groovy:20)
	at com.kms.katalon.core.webui.keyword.builtin.VerifyTextNotPresentKeyword.verifyTextNotPresent(VerifyTextNotPresentKeyword.groovy:82)
	at com.kms.katalon.core.webui.keyword.builtin.VerifyTextNotPresentKeyword.execute(VerifyTextNotPresentKeyword.groovy:68)
	at com.kms.katalon.core.keyword.internal.KeywordExecutor.executeKeywordForPlatform(KeywordExecutor.groovy:72)
	at com.kms.katalon.core.webui.keyword.WebUiBuiltInKeywords.verifyTextNotPresent(WebUiBuiltInKeywords.groovy:1752)
	at com.kms.katalon.core.webui.keyword.WebUiBuiltInKeywords$verifyTextNotPresent$4.call(Unknown Source)
	at CAT_Setup.run(CAT_Setup:177)
	at com.kms.katalon.core.main.ScriptEngine.run(ScriptEngine.java:194)
	at com.kms.katalon.core.main.ScriptEngine.runScriptAsRawText(ScriptEngine.java:119)
	at com.kms.katalon.core.main.TestCaseExecutor.runScript(TestCaseExecutor.java:337)
	at com.kms.katalon.core.main.TestCaseExecutor.doExecute(TestCaseExecutor.java:328)
	at com.kms.katalon.core.main.TestCaseExecutor.processExecutionPhase(TestCaseExecutor.java:307)
	at com.kms.katalon.core.main.TestCaseExecutor.accessMainPhase(TestCaseExecutor.java:299)
	at com.kms.katalon.core.main.TestCaseExecutor.execute(TestCaseExecutor.java:233)
	at com.kms.katalon.core.main.TestCaseMain.runTestCase(TestCaseMain.java:114)
	at com.kms.katalon.core.keyword.builtin.CallTestCaseKeyword$_callTestCase_closure1.doCall(CallTestCaseKeyword.groovy:59)
	... 20 more
Caused by: com.kms.katalon.core.exception.StepFailedException: Text 'Cookie Policy' is present on page 
	... 39 more
)

2020-04-22 09:00:15 - [TEST_CASE][FAILED] - Test Cases/Reusable_Test_Sequences/CAT_Setup: Test Cases/Reusable_Test_Sequences/CAT_Setup FAILED.
Reason:
com.kms.katalon.core.exception.StepFailedException: Text 'Cookie Policy' is present on page  (Root cause: com.kms.katalon.core.exception.StepFailedException: Text 'Cookie Policy' is present on page 
	at com.kms.katalon.core.webui.keyword.internal.WebUIKeywordMain.stepFailed(WebUIKeywordMain.groovy:64)
	at com.kms.katalon.core.webui.keyword.builtin.VerifyTextNotPresentKeyword$_verifyTextNotPresent_closure1.doCall(VerifyTextNotPresentKeyword.groovy:77)
	at com.kms.katalon.core.webui.keyword.builtin.VerifyTextNotPresentKeyword$_verifyTextNotPresent_closure1.call(VerifyTextNotPresentKeyword.groovy)
	at com.kms.katalon.core.webui.keyword.internal.WebUIKeywordMain.runKeyword(WebUIKeywordMain.groovy:20)
	at com.kms.katalon.core.webui.keyword.builtin.VerifyTextNotPresentKeyword.verifyTextNotPresent(VerifyTextNotPresentKeyword.groovy:82)
	at com.kms.katalon.core.webui.keyword.builtin.VerifyTextNotPresentKeyword.execute(VerifyTextNotPresentKeyword.groovy:68)
	at com.kms.katalon.core.keyword.internal.KeywordExecutor.executeKeywordForPlatform(KeywordExecutor.groovy:72)
	at com.kms.katalon.core.webui.keyword.WebUiBuiltInKeywords.verifyTextNotPresent(WebUiBuiltInKeywords.groovy:1752)
	at com.kms.katalon.core.webui.keyword.WebUiBuiltInKeywords$verifyTextNotPresent$4.call(Unknown Source)
	at CAT_Setup.run(CAT_Setup:177)
	at com.kms.katalon.core.main.ScriptEngine.run(ScriptEngine.java:194)
	at com.kms.katalon.core.main.ScriptEngine.runScriptAsRawText(ScriptEngine.java:119)
	at com.kms.katalon.core.main.TestCaseExecutor.runScript(TestCaseExecutor.java:337)
	at com.kms.katalon.core.main.TestCaseExecutor.doExecute(TestCaseExecutor.java:328)
	at com.kms.katalon.core.main.TestCaseExecutor.processExecutionPhase(TestCaseExecutor.java:307)
	at com.kms.katalon.core.main.TestCaseExecutor.accessMainPhase(TestCaseExecutor.java:299)
	at com.kms.katalon.core.main.TestCaseExecutor.execute(TestCaseExecutor.java:233)
	at com.kms.katalon.core.main.TestCaseMain.runTestCase(TestCaseMain.java:114)
	at com.kms.katalon.core.keyword.builtin.CallTestCaseKeyword$_callTestCase_closure1.doCall(CallTestCaseKeyword.groovy:59)
	at com.kms.katalon.core.keyword.builtin.CallTestCaseKeyword$_callTestCase_closure1.call(CallTestCaseKeyword.groovy)
	at com.kms.katalon.core.keyword.internal.KeywordMain.runKeyword(KeywordMain.groovy:68)
	at com.kms.katalon.core.keyword.builtin.CallTestCaseKeyword.callTestCase(CallTestCaseKeyword.groovy:81)
	at com.kms.katalon.core.keyword.builtin.CallTestCaseKeyword.execute(CallTestCaseKeyword.groovy:44)
	at com.kms.katalon.core.keyword.internal.KeywordExecutor.executeKeywordForPlatform(KeywordExecutor.groovy:72)
	at com.kms.katalon.core.keyword.BuiltinKeywords.callTestCase(BuiltinKeywords.groovy:334)
	at Gender_Pay_Report_2018.run(Gender_Pay_Report_2018:58)
	at com.kms.katalon.core.main.ScriptEngine.run(ScriptEngine.java:194)
	at com.kms.katalon.core.main.ScriptEngine.runScriptAsRawText(ScriptEngine.java:119)
	at com.kms.katalon.core.main.TestCaseExecutor.runScript(TestCaseExecutor.java:337)
	at com.kms.katalon.core.main.TestCaseExecutor.doExecute(TestCaseExecutor.java:328)
	at com.kms.katalon.core.main.TestCaseExecutor.processExecutionPhase(TestCaseExecutor.java:307)
	at com.kms.katalon.core.main.TestCaseExecutor.accessMainPhase(TestCaseExecutor.java:299)
	at com.kms.katalon.core.main.TestCaseExecutor.execute(TestCaseExecutor.java:233)
	at com.kms.katalon.core.main.TestSuiteExecutor.accessTestCaseMainPhase(TestSuiteExecutor.java:169)
	at com.kms.katalon.core.main.TestSuiteExecutor.accessTestSuiteMainPhase(TestSuiteExecutor.java:142)
	at com.kms.katalon.core.main.TestSuiteExecutor.execute(TestSuiteExecutor.java:91)
	at com.kms.katalon.core.main.TestCaseMain.startTestSuite(TestCaseMain.java:157)
	at com.kms.katalon.core.main.TestCaseMain$startTestSuite$0.call(Unknown Source)
	at TempTestSuite1587541757069.run(TempTestSuite1587541757069.groovy:37)
)
	at com.kms.katalon.core.keyword.internal.KeywordMain.stepFailed(KeywordMain.groovy:39)
	at com.kms.katalon.core.webui.keyword.internal.WebUIKeywordMain.stepFailed(WebUIKeywordMain.groovy:64)
	at com.kms.katalon.core.webui.keyword.builtin.VerifyTextNotPresentKeyword$_verifyTextNotPresent_closure1.doCall(VerifyTextNotPresentKeyword.groovy:77)
	at com.kms.katalon.core.webui.keyword.builtin.VerifyTextNotPresentKeyword$_verifyTextNotPresent_closure1.call(VerifyTextNotPresentKeyword.groovy)
	at com.kms.katalon.core.webui.keyword.internal.WebUIKeywordMain.runKeyword(WebUIKeywordMain.groovy:20)
	at com.kms.katalon.core.webui.keyword.builtin.VerifyTextNotPresentKeyword.verifyTextNotPresent(VerifyTextNotPresentKeyword.groovy:82)
	at com.kms.katalon.core.webui.keyword.builtin.VerifyTextNotPresentKeyword.execute(VerifyTextNotPresentKeyword.groovy:68)
	at com.kms.katalon.core.keyword.internal.KeywordExecutor.executeKeywordForPlatform(KeywordExecutor.groovy:72)
	at com.kms.katalon.core.webui.keyword.WebUiBuiltInKeywords.verifyTextNotPresent(WebUiBuiltInKeywords.groovy:1752)
	at com.kms.katalon.core.webui.keyword.WebUiBuiltInKeywords$verifyTextNotPresent$4.call(Unknown Source)
	at CAT_Setup.run(CAT_Setup:177)
	at com.kms.katalon.core.main.ScriptEngine.run(ScriptEngine.java:194)
	at com.kms.katalon.core.main.ScriptEngine.runScriptAsRawText(ScriptEngine.java:119)
	at com.kms.katalon.core.main.TestCaseExecutor.runScript(TestCaseExecutor.java:337)
	at com.kms.katalon.core.main.TestCaseExecutor.doExecute(TestCaseExecutor.java:328)
	at com.kms.katalon.core.main.TestCaseExecutor.processExecutionPhase(TestCaseExecutor.java:307)
	at com.kms.katalon.core.main.TestCaseExecutor.accessMainPhase(TestCaseExecutor.java:299)
	at com.kms.katalon.core.main.TestCaseExecutor.execute(TestCaseExecutor.java:233)
	at com.kms.katalon.core.main.TestCaseMain.runTestCase(TestCaseMain.java:114)
	at com.kms.katalon.core.keyword.builtin.CallTestCaseKeyword$_callTestCase_closure1.doCall(CallTestCaseKeyword.groovy:59)
	at com.kms.katalon.core.keyword.builtin.CallTestCaseKeyword$_callTestCase_closure1.call(CallTestCaseKeyword.groovy)
	at com.kms.katalon.core.keyword.internal.KeywordMain.runKeyword(KeywordMain.groovy:68)
	at com.kms.katalon.core.keyword.builtin.CallTestCaseKeyword.callTestCase(CallTestCaseKeyword.groovy:81)
	at com.kms.katalon.core.keyword.builtin.CallTestCaseKeyword.execute(CallTestCaseKeyword.groovy:44)
	at com.kms.katalon.core.keyword.internal.KeywordExecutor.executeKeywordForPlatform(KeywordExecutor.groovy:72)
	at com.kms.katalon.core.keyword.BuiltinKeywords.callTestCase(BuiltinKeywords.groovy:334)
	at Gender_Pay_Report_2018.run(Gender_Pay_Report_2018:58)
	at com.kms.katalon.core.main.ScriptEngine.run(ScriptEngine.java:194)
	at com.kms.katalon.core.main.ScriptEngine.runScriptAsRawText(ScriptEngine.java:119)
	at com.kms.katalon.core.main.TestCaseExecutor.runScript(TestCaseExecutor.java:337)
	at com.kms.katalon.core.main.TestCaseExecutor.doExecute(TestCaseExecutor.java:328)
	at com.kms.katalon.core.main.TestCaseExecutor.processExecutionPhase(TestCaseExecutor.java:307)
	at com.kms.katalon.core.main.TestCaseExecutor.accessMainPhase(TestCaseExecutor.java:299)
	at com.kms.katalon.core.main.TestCaseExecutor.execute(TestCaseExecutor.java:233)
	at com.kms.katalon.core.main.TestSuiteExecutor.accessTestCaseMainPhase(TestSuiteExecutor.java:169)
	at com.kms.katalon.core.main.TestSuiteExecutor.accessTestSuiteMainPhase(TestSuiteExecutor.java:142)
	at com.kms.katalon.core.main.TestSuiteExecutor.execute(TestSuiteExecutor.java:91)
	at com.kms.katalon.core.main.TestCaseMain.startTestSuite(TestCaseMain.java:157)
	at com.kms.katalon.core.main.TestCaseMain$startTestSuite$0.call(Unknown Source)
	at TempTestSuite1587541757069.run(TempTestSuite1587541757069.groovy:37)
Caused by: com.kms.katalon.core.exception.StepFailedException: Text 'Cookie Policy' is present on page 
	... 39 more


2020-04-22 09:00:15 - [TEST_STEP][PASSED] - "------------------------------": null

2020-04-22 09:00:15 - [TEST_STEP][PASSED] - " Set Mobile Device Testing    |": null

2020-04-22 09:00:15 - [TEST_STEP][PASSED] - if (Mobile_Flag == "true"): null

2020-04-22 09:00:15 - [TEST_STEP][PASSED] - "------------------------------": null

2020-04-22 09:00:15 - [TEST_STEP][PASSED] - " Set Mobile Device Testing    |": null

2020-04-22 09:00:15 - [TEST_STEP][PASSED] - "------------------------------": null

2020-04-22 09:00:15 - [TEST_STEP][PASSED] - "URL - Set from the ENVIRONMENT PROFILE ": null

2020-04-22 09:00:15 - [TEST_STEP][PASSED] - openBrowser(URL): Browser is opened with url: 'https://www.preview.checkatrade.com/'

2020-04-22 09:00:15 - [MESSAGE][INFO] - Starting 'Chrome' driver

2020-04-22 09:00:15 - [MESSAGE][INFO] - Action delay is set to 0 milliseconds

2020-04-22 09:00:21 - [MESSAGE][PASSED] - Browser is opened with url: 'https://www.preview.checkatrade.com/'

2020-04-22 09:00:21 - [TEST_STEP][PASSED] - maximizeWindow(): Current window maximized

2020-04-22 09:00:23 - [MESSAGE][PASSED] - Current window maximized

2020-04-22 09:00:23 - [TEST_STEP][PASSED] - waitForPageLoad(60): Wait for page load successfully

2020-04-22 09:00:23 - [MESSAGE][PASSED] - Wait for page load successfully

2020-04-22 09:00:23 - [TEST_STEP][PASSED] - "Previous Functionalilty Left Commented For Ease Of reversion": null

2020-04-22 09:00:23 - [TEST_STEP][PASSED] - " Katalon Try/Catches currently have issues? SEE HEADER": null

2020-04-22 09:00:23 - [TEST_STEP][FAILED] - try: Text 'Cookie Policy' is present on page  (Root cause: com.kms.katalon.core.exception.StepFailedException: Text 'Cookie Policy' is present on page 
	at com.kms.katalon.core.webui.keyword.internal.WebUIKeywordMain.stepFailed(WebUIKeywordMain.groovy:64)
	at com.kms.katalon.core.webui.keyword.builtin.VerifyTextNotPresentKeyword$_verifyTextNotPresent_closure1.doCall(VerifyTextNotPresentKeyword.groovy:77)
	at com.kms.katalon.core.webui.keyword.builtin.VerifyTextNotPresentKeyword$_verifyTextNotPresent_closure1.call(VerifyTextNotPresentKeyword.groovy)
	at com.kms.katalon.core.webui.keyword.internal.WebUIKeywordMain.runKeyword(WebUIKeywordMain.groovy:20)
	at com.kms.katalon.core.webui.keyword.builtin.VerifyTextNotPresentKeyword.verifyTextNotPresent(VerifyTextNotPresentKeyword.groovy:82)
	at com.kms.katalon.core.webui.keyword.builtin.VerifyTextNotPresentKeyword.execute(VerifyTextNotPresentKeyword.groovy:68)
	at com.kms.katalon.core.keyword.internal.KeywordExecutor.executeKeywordForPlatform(KeywordExecutor.groovy:72)
	at com.kms.katalon.core.webui.keyword.WebUiBuiltInKeywords.verifyTextNotPresent(WebUiBuiltInKeywords.groovy:1752)
	at com.kms.katalon.core.webui.keyword.WebUiBuiltInKeywords$verifyTextNotPresent$4.call(Unknown Source)
	at CAT_Setup.run(CAT_Setup:177)
	at com.kms.katalon.core.main.ScriptEngine.run(ScriptEngine.java:194)
	at com.kms.katalon.core.main.ScriptEngine.runScriptAsRawText(ScriptEngine.java:119)
	at com.kms.katalon.core.main.TestCaseExecutor.runScript(TestCaseExecutor.java:337)
	at com.kms.katalon.core.main.TestCaseExecutor.doExecute(TestCaseExecutor.java:328)
	at com.kms.katalon.core.main.TestCaseExecutor.processExecutionPhase(TestCaseExecutor.java:307)
	at com.kms.katalon.core.main.TestCaseExecutor.accessMainPhase(TestCaseExecutor.java:299)
	at com.kms.katalon.core.main.TestCaseExecutor.execute(TestCaseExecutor.java:233)
	at com.kms.katalon.core.main.TestCaseMain.runTestCase(TestCaseMain.java:114)
	at com.kms.katalon.core.keyword.builtin.CallTestCaseKeyword$_callTestCase_closure1.doCall(CallTestCaseKeyword.groovy:59)
	at com.kms.katalon.core.keyword.builtin.CallTestCaseKeyword$_callTestCase_closure1.call(CallTestCaseKeyword.groovy)
	at com.kms.katalon.core.keyword.internal.KeywordMain.runKeyword(KeywordMain.groovy:68)
	at com.kms.katalon.core.keyword.builtin.CallTestCaseKeyword.callTestCase(CallTestCaseKeyword.groovy:81)
	at com.kms.katalon.core.keyword.builtin.CallTestCaseKeyword.execute(CallTestCaseKeyword.groovy:44)
	at com.kms.katalon.core.keyword.internal.KeywordExecutor.executeKeywordForPlatform(KeywordExecutor.groovy:72)
	at com.kms.katalon.core.keyword.BuiltinKeywords.callTestCase(BuiltinKeywords.groovy:334)
	at Gender_Pay_Report_2018.run(Gender_Pay_Report_2018:58)
	at com.kms.katalon.core.main.ScriptEngine.run(ScriptEngine.java:194)
	at com.kms.katalon.core.main.ScriptEngine.runScriptAsRawText(ScriptEngine.java:119)
	at com.kms.katalon.core.main.TestCaseExecutor.runScript(TestCaseExecutor.java:337)
	at com.kms.katalon.core.main.TestCaseExecutor.doExecute(TestCaseExecutor.java:328)
	at com.kms.katalon.core.main.TestCaseExecutor.processExecutionPhase(TestCaseExecutor.java:307)
	at com.kms.katalon.core.main.TestCaseExecutor.accessMainPhase(TestCaseExecutor.java:299)
	at com.kms.katalon.core.main.TestCaseExecutor.execute(TestCaseExecutor.java:233)
	at com.kms.katalon.core.main.TestSuiteExecutor.accessTestCaseMainPhase(TestSuiteExecutor.java:169)
	at com.kms.katalon.core.main.TestSuiteExecutor.accessTestSuiteMainPhase(TestSuiteExecutor.java:142)
	at com.kms.katalon.core.main.TestSuiteExecutor.execute(TestSuiteExecutor.java:91)
	at com.kms.katalon.core.main.TestCaseMain.startTestSuite(TestCaseMain.java:157)
	at com.kms.katalon.core.main.TestCaseMain$startTestSuite$0.call(Unknown Source)
	at TempTestSuite1587541757069.run(TempTestSuite1587541757069.groovy:37)
)

2020-04-22 09:00:23 - [TEST_STEP][PASSED] - verifyElementPresent(findTestObject("Object Repository/Cookies/Page_Checkatrade Find a tradesperson you can trust/button_Accept All"), 5, OPTIONAL): Object 'Object Repository/Cookies/Page_Checkatrade Find a tradesperson you can trust/button_Accept All' is present

2020-04-22 09:00:23 - [MESSAGE][PASSED] - Object 'Object Repository/Cookies/Page_Checkatrade Find a tradesperson you can trust/button_Accept All' is present

2020-04-22 09:00:23 - [TEST_STEP][PASSED] - click(findTestObject("Object Repository/Cookies/Page_Checkatrade Find a tradesperson you can trust/button_Accept All"), OPTIONAL): Unable to click on object 'Object Repository/Cookies/Page_Checkatrade Find a tradesperson you can trust/button_Accept All' (Root cause: com.kms.katalon.core.exception.StepFailedException: Unable to click on object 'Object Repository/Cookies/Page_Checkatrade Find a tradesperson you can trust/button_Accept All'
	at com.kms.katalon.core.webui.keyword.internal.WebUIKeywordMain.stepFailed(WebUIKeywordMain.groovy:64)
	at com.kms.katalon.core.webui.keyword.internal.WebUIKeywordMain.runKeyword(WebUIKeywordMain.groovy:26)
	at com.kms.katalon.core.webui.keyword.builtin.ClickKeyword.click(ClickKeyword.groovy:76)
	at com.kms.katalon.core.webui.keyword.builtin.ClickKeyword.execute(ClickKeyword.groovy:43)
	at com.kms.katalon.core.keyword.internal.KeywordExecutor.executeKeywordForPlatform(KeywordExecutor.groovy:72)
	at com.kms.katalon.core.webui.keyword.WebUiBuiltInKeywords.click(WebUiBuiltInKeywords.groovy:604)
	at com.kms.katalon.core.webui.keyword.WebUiBuiltInKeywords$click$3.call(Unknown Source)
	at CAT_Setup.run(CAT_Setup:160)
	at com.kms.katalon.core.main.ScriptEngine.run(ScriptEngine.java:194)
	at com.kms.katalon.core.main.ScriptEngine.runScriptAsRawText(ScriptEngine.java:119)
	at com.kms.katalon.core.main.TestCaseExecutor.runScript(TestCaseExecutor.java:337)
	at com.kms.katalon.core.main.TestCaseExecutor.doExecute(TestCaseExecutor.java:328)
	at com.kms.katalon.core.main.TestCaseExecutor.processExecutionPhase(TestCaseExecutor.java:307)
	at com.kms.katalon.core.main.TestCaseExecutor.accessMainPhase(TestCaseExecutor.java:299)
	at com.kms.katalon.core.main.TestCaseExecutor.execute(TestCaseExecutor.java:233)
	at com.kms.katalon.core.main.TestCaseMain.runTestCase(TestCaseMain.java:114)
	at com.kms.katalon.core.keyword.builtin.CallTestCaseKeyword$_callTestCase_closure1.doCall(CallTestCaseKeyword.groovy:59)
	at com.kms.katalon.core.keyword.builtin.CallTestCaseKeyword$_callTestCase_closure1.call(CallTestCaseKeyword.groovy)
	at com.kms.katalon.core.keyword.internal.KeywordMain.runKeyword(KeywordMain.groovy:68)
	at com.kms.katalon.core.keyword.builtin.CallTestCaseKeyword.callTestCase(CallTestCaseKeyword.groovy:81)
	at com.kms.katalon.core.keyword.builtin.CallTestCaseKeyword.execute(CallTestCaseKeyword.groovy:44)
	at com.kms.katalon.core.keyword.internal.KeywordExecutor.executeKeywordForPlatform(KeywordExecutor.groovy:72)
	at com.kms.katalon.core.keyword.BuiltinKeywords.callTestCase(BuiltinKeywords.groovy:334)
	at Gender_Pay_Report_2018.run(Gender_Pay_Report_2018:58)
	at com.kms.katalon.core.main.ScriptEngine.run(ScriptEngine.java:194)
	at com.kms.katalon.core.main.ScriptEngine.runScriptAsRawText(ScriptEngine.java:119)
	at com.kms.katalon.core.main.TestCaseExecutor.runScript(TestCaseExecutor.java:337)
	at com.kms.katalon.core.main.TestCaseExecutor.doExecute(TestCaseExecutor.java:328)
	at com.kms.katalon.core.main.TestCaseExecutor.processExecutionPhase(TestCaseExecutor.java:307)
	at com.kms.katalon.core.main.TestCaseExecutor.accessMainPhase(TestCaseExecutor.java:299)
	at com.kms.katalon.core.main.TestCaseExecutor.execute(TestCaseExecutor.java:233)
	at com.kms.katalon.core.main.TestSuiteExecutor.accessTestCaseMainPhase(TestSuiteExecutor.java:169)
	at com.kms.katalon.core.main.TestSuiteExecutor.accessTestSuiteMainPhase(TestSuiteExecutor.java:142)
	at com.kms.katalon.core.main.TestSuiteExecutor.execute(TestSuiteExecutor.java:91)
	at com.kms.katalon.core.main.TestCaseMain.startTestSuite(TestCaseMain.java:157)
	at com.kms.katalon.core.main.TestCaseMain$startTestSuite$0.call(Unknown Source)
	at TempTestSuite1587541757069.run(TempTestSuite1587541757069.groovy:37)
Caused by: org.openqa.selenium.ElementNotInteractableException: element not interactable
  (Session info: chrome=81.0.4044.113)
Build info: version: '3.141.59', revision: 'e82be7d358', time: '2018-11-14T08:25:53'
System info: host: 'VETTEDSP36RF', ip: '192.168.1.238', os.name: 'Windows 10', os.arch: 'x86', os.version: '10.0', java.version: '1.8.0_181'
Driver info: com.kms.katalon.selenium.driver.CChromeDriver
Capabilities {acceptInsecureCerts: false, browserName: chrome, browserVersion: 81.0.4044.113, chrome: {chromedriverVersion: 81.0.4044.69 (6813546031a4b..., userDataDir: C:\Users\davidho\AppData\Lo...}, goog:chromeOptions: {debuggerAddress: localhost:63037}, javascriptEnabled: true, networkConnectionEnabled: false, pageLoadStrategy: normal, platform: WINDOWS, platformName: WINDOWS, proxy: Proxy(), setWindowRect: true, strictFileInteractability: false, timeouts: {implicit: 0, pageLoad: 300000, script: 30000}, unhandledPromptBehavior: dismiss and notify, webauthn:virtualAuthenticators: true}
Session ID: 13f86fe3605e0c3b4c56e2caf12df7c6
	at org.openqa.selenium.remote.http.W3CHttpResponseCodec.createException(W3CHttpResponseCodec.java:187)
	at org.openqa.selenium.remote.http.W3CHttpResponseCodec.decode(W3CHttpResponseCodec.java:122)
	at org.openqa.selenium.remote.http.W3CHttpResponseCodec.decode(W3CHttpResponseCodec.java:49)
	at org.openqa.selenium.remote.HttpCommandExecutor.execute(HttpCommandExecutor.java:158)
	at org.openqa.selenium.remote.service.DriverCommandExecutor.execute(DriverCommandExecutor.java:83)
	at org.openqa.selenium.remote.RemoteWebDriver.execute(RemoteWebDriver.java:552)
	at com.kms.katalon.selenium.driver.CChromeDriver.execute(CChromeDriver.java:19)
	at org.openqa.selenium.remote.RemoteWebElement.execute(RemoteWebElement.java:285)
	at org.openqa.selenium.remote.RemoteWebElement.click(RemoteWebElement.java:84)
	at org.openqa.selenium.support.events.EventFiringWebDriver$EventFiringWebElement.lambda$new$0(EventFiringWebDriver.java:404)
	at com.sun.proxy.$Proxy9.click(Unknown Source)
	at org.openqa.selenium.support.events.EventFiringWebDriver$EventFiringWebElement.click(EventFiringWebDriver.java:417)
	at com.kms.katalon.core.webui.keyword.builtin.ClickKeyword$_click_closure1.doCall(ClickKeyword.groovy:69)
	at com.kms.katalon.core.webui.keyword.builtin.ClickKeyword$_click_closure1.call(ClickKeyword.groovy)
	at com.kms.katalon.core.webui.keyword.internal.WebUIKeywordMain.runKeyword(WebUIKeywordMain.groovy:20)
	at com.kms.katalon.core.webui.keyword.builtin.ClickKeyword.click(ClickKeyword.groovy:76)
	at com.kms.katalon.core.webui.keyword.builtin.ClickKeyword.execute(ClickKeyword.groovy:43)
	at com.kms.katalon.core.keyword.internal.KeywordExecutor.executeKeywordForPlatform(KeywordExecutor.groovy:72)
	at com.kms.katalon.core.webui.keyword.WebUiBuiltInKeywords.click(WebUiBuiltInKeywords.groovy:604)
	at com.kms.katalon.core.webui.keyword.WebUiBuiltInKeywords$click$3.call(Unknown Source)
	at Script1566310608953.run(Script1566310608953.groovy:160)
	at com.kms.katalon.core.main.ScriptEngine.run(ScriptEngine.java:194)
	at com.kms.katalon.core.main.ScriptEngine.runScriptAsRawText(ScriptEngine.java:119)
	at com.kms.katalon.core.main.TestCaseExecutor.runScript(TestCaseExecutor.java:337)
	at com.kms.katalon.core.main.TestCaseExecutor.doExecute(TestCaseExecutor.java:328)
	at com.kms.katalon.core.main.TestCaseExecutor.processExecutionPhase(TestCaseExecutor.java:307)
	at com.kms.katalon.core.main.TestCaseExecutor.accessMainPhase(TestCaseExecutor.java:299)
	at com.kms.katalon.core.main.TestCaseExecutor.execute(TestCaseExecutor.java:233)
	at com.kms.katalon.core.main.TestCaseMain.runTestCase(TestCaseMain.java:114)
	at com.kms.katalon.core.keyword.builtin.CallTestCaseKeyword$_callTestCase_closure1.doCall(CallTestCaseKeyword.groovy:59)
	at com.kms.katalon.core.keyword.builtin.CallTestCaseKeyword$_callTestCase_closure1.call(CallTestCaseKeyword.groovy)
	at com.kms.katalon.core.keyword.internal.KeywordMain.runKeyword(KeywordMain.groovy:68)
	at com.kms.katalon.core.keyword.builtin.CallTestCaseKeyword.callTestCase(CallTestCaseKeyword.groovy:81)
	at com.kms.katalon.core.keyword.builtin.CallTestCaseKeyword.execute(CallTestCaseKeyword.groovy:44)
	at com.kms.katalon.core.keyword.internal.KeywordExecutor.executeKeywordForPlatform(KeywordExecutor.groovy:72)
	at com.kms.katalon.core.keyword.BuiltinKeywords.callTestCase(BuiltinKeywords.groovy:334)
	at Script1580985777956.run(Script1580985777956.groovy:58)
	... 13 more
)

2020-04-22 09:00:24 - [MESSAGE][WARNING] - Unable to click on object 'Object Repository/Cookies/Page_Checkatrade Find a tradesperson you can trust/button_Accept All' (Root cause: com.kms.katalon.core.exception.StepFailedException: Unable to click on object 'Object Repository/Cookies/Page_Checkatrade Find a tradesperson you can trust/button_Accept All'
	at com.kms.katalon.core.webui.keyword.internal.WebUIKeywordMain.stepFailed(WebUIKeywordMain.groovy:64)
	at com.kms.katalon.core.webui.keyword.internal.WebUIKeywordMain.runKeyword(WebUIKeywordMain.groovy:26)
	at com.kms.katalon.core.webui.keyword.builtin.ClickKeyword.click(ClickKeyword.groovy:76)
	at com.kms.katalon.core.webui.keyword.builtin.ClickKeyword.execute(ClickKeyword.groovy:43)
	at com.kms.katalon.core.keyword.internal.KeywordExecutor.executeKeywordForPlatform(KeywordExecutor.groovy:72)
	at com.kms.katalon.core.webui.keyword.WebUiBuiltInKeywords.click(WebUiBuiltInKeywords.groovy:604)
	at com.kms.katalon.core.webui.keyword.WebUiBuiltInKeywords$click$3.call(Unknown Source)
	at CAT_Setup.run(CAT_Setup:160)
	at com.kms.katalon.core.main.ScriptEngine.run(ScriptEngine.java:194)
	at com.kms.katalon.core.main.ScriptEngine.runScriptAsRawText(ScriptEngine.java:119)
	at com.kms.katalon.core.main.TestCaseExecutor.runScript(TestCaseExecutor.java:337)
	at com.kms.katalon.core.main.TestCaseExecutor.doExecute(TestCaseExecutor.java:328)
	at com.kms.katalon.core.main.TestCaseExecutor.processExecutionPhase(TestCaseExecutor.java:307)
	at com.kms.katalon.core.main.TestCaseExecutor.accessMainPhase(TestCaseExecutor.java:299)
	at com.kms.katalon.core.main.TestCaseExecutor.execute(TestCaseExecutor.java:233)
	at com.kms.katalon.core.main.TestCaseMain.runTestCase(TestCaseMain.java:114)
	at com.kms.katalon.core.keyword.builtin.CallTestCaseKeyword$_callTestCase_closure1.doCall(CallTestCaseKeyword.groovy:59)
	at com.kms.katalon.core.keyword.builtin.CallTestCaseKeyword$_callTestCase_closure1.call(CallTestCaseKeyword.groovy)
	at com.kms.katalon.core.keyword.internal.KeywordMain.runKeyword(KeywordMain.groovy:68)
	at com.kms.katalon.core.keyword.builtin.CallTestCaseKeyword.callTestCase(CallTestCaseKeyword.groovy:81)
	at com.kms.katalon.core.keyword.builtin.CallTestCaseKeyword.execute(CallTestCaseKeyword.groovy:44)
	at com.kms.katalon.core.keyword.internal.KeywordExecutor.executeKeywordForPlatform(KeywordExecutor.groovy:72)
	at com.kms.katalon.core.keyword.BuiltinKeywords.callTestCase(BuiltinKeywords.groovy:334)
	at Gender_Pay_Report_2018.run(Gender_Pay_Report_2018:58)
	at com.kms.katalon.core.main.ScriptEngine.run(ScriptEngine.java:194)
	at com.kms.katalon.core.main.ScriptEngine.runScriptAsRawText(ScriptEngine.java:119)
	at com.kms.katalon.core.main.TestCaseExecutor.runScript(TestCaseExecutor.java:337)
	at com.kms.katalon.core.main.TestCaseExecutor.doExecute(TestCaseExecutor.java:328)
	at com.kms.katalon.core.main.TestCaseExecutor.processExecutionPhase(TestCaseExecutor.java:307)
	at com.kms.katalon.core.main.TestCaseExecutor.accessMainPhase(TestCaseExecutor.java:299)
	at com.kms.katalon.core.main.TestCaseExecutor.execute(TestCaseExecutor.java:233)
	at com.kms.katalon.core.main.TestSuiteExecutor.accessTestCaseMainPhase(TestSuiteExecutor.java:169)
	at com.kms.katalon.core.main.TestSuiteExecutor.accessTestSuiteMainPhase(TestSuiteExecutor.java:142)
	at com.kms.katalon.core.main.TestSuiteExecutor.execute(TestSuiteExecutor.java:91)
	at com.kms.katalon.core.main.TestCaseMain.startTestSuite(TestCaseMain.java:157)
	at com.kms.katalon.core.main.TestCaseMain$startTestSuite$0.call(Unknown Source)
	at TempTestSuite1587541757069.run(TempTestSuite1587541757069.groovy:37)
Caused by: org.openqa.selenium.ElementNotInteractableException: element not interactable
  (Session info: chrome=81.0.4044.113)
Build info: version: '3.141.59', revision: 'e82be7d358', time: '2018-11-14T08:25:53'
System info: host: 'VETTEDSP36RF', ip: '192.168.1.238', os.name: 'Windows 10', os.arch: 'x86', os.version: '10.0', java.version: '1.8.0_181'
Driver info: com.kms.katalon.selenium.driver.CChromeDriver
Capabilities {acceptInsecureCerts: false, browserName: chrome, browserVersion: 81.0.4044.113, chrome: {chromedriverVersion: 81.0.4044.69 (6813546031a4b..., userDataDir: C:\Users\davidho\AppData\Lo...}, goog:chromeOptions: {debuggerAddress: localhost:63037}, javascriptEnabled: true, networkConnectionEnabled: false, pageLoadStrategy: normal, platform: WINDOWS, platformName: WINDOWS, proxy: Proxy(), setWindowRect: true, strictFileInteractability: false, timeouts: {implicit: 0, pageLoad: 300000, script: 30000}, unhandledPromptBehavior: dismiss and notify, webauthn:virtualAuthenticators: true}
Session ID: 13f86fe3605e0c3b4c56e2caf12df7c6
	at org.openqa.selenium.remote.http.W3CHttpResponseCodec.createException(W3CHttpResponseCodec.java:187)
	at org.openqa.selenium.remote.http.W3CHttpResponseCodec.decode(W3CHttpResponseCodec.java:122)
	at org.openqa.selenium.remote.http.W3CHttpResponseCodec.decode(W3CHttpResponseCodec.java:49)
	at org.openqa.selenium.remote.HttpCommandExecutor.execute(HttpCommandExecutor.java:158)
	at org.openqa.selenium.remote.service.DriverCommandExecutor.execute(DriverCommandExecutor.java:83)
	at org.openqa.selenium.remote.RemoteWebDriver.execute(RemoteWebDriver.java:552)
	at com.kms.katalon.selenium.driver.CChromeDriver.execute(CChromeDriver.java:19)
	at org.openqa.selenium.remote.RemoteWebElement.execute(RemoteWebElement.java:285)
	at org.openqa.selenium.remote.RemoteWebElement.click(RemoteWebElement.java:84)
	at org.openqa.selenium.support.events.EventFiringWebDriver$EventFiringWebElement.lambda$new$0(EventFiringWebDriver.java:404)
	at com.sun.proxy.$Proxy9.click(Unknown Source)
	at org.openqa.selenium.support.events.EventFiringWebDriver$EventFiringWebElement.click(EventFiringWebDriver.java:417)
	at com.kms.katalon.core.webui.keyword.builtin.ClickKeyword$_click_closure1.doCall(ClickKeyword.groovy:69)
	at com.kms.katalon.core.webui.keyword.builtin.ClickKeyword$_click_closure1.call(ClickKeyword.groovy)
	at com.kms.katalon.core.webui.keyword.internal.WebUIKeywordMain.runKeyword(WebUIKeywordMain.groovy:20)
	at com.kms.katalon.core.webui.keyword.builtin.ClickKeyword.click(ClickKeyword.groovy:76)
	at com.kms.katalon.core.webui.keyword.builtin.ClickKeyword.execute(ClickKeyword.groovy:43)
	at com.kms.katalon.core.keyword.internal.KeywordExecutor.executeKeywordForPlatform(KeywordExecutor.groovy:72)
	at com.kms.katalon.core.webui.keyword.WebUiBuiltInKeywords.click(WebUiBuiltInKeywords.groovy:604)
	at com.kms.katalon.core.webui.keyword.WebUiBuiltInKeywords$click$3.call(Unknown Source)
	at Script1566310608953.run(Script1566310608953.groovy:160)
	at com.kms.katalon.core.main.ScriptEngine.run(ScriptEngine.java:194)
	at com.kms.katalon.core.main.ScriptEngine.runScriptAsRawText(ScriptEngine.java:119)
	at com.kms.katalon.core.main.TestCaseExecutor.runScript(TestCaseExecutor.java:337)
	at com.kms.katalon.core.main.TestCaseExecutor.doExecute(TestCaseExecutor.java:328)
	at com.kms.katalon.core.main.TestCaseExecutor.processExecutionPhase(TestCaseExecutor.java:307)
	at com.kms.katalon.core.main.TestCaseExecutor.accessMainPhase(TestCaseExecutor.java:299)
	at com.kms.katalon.core.main.TestCaseExecutor.execute(TestCaseExecutor.java:233)
	at com.kms.katalon.core.main.TestCaseMain.runTestCase(TestCaseMain.java:114)
	at com.kms.katalon.core.keyword.builtin.CallTestCaseKeyword$_callTestCase_closure1.doCall(CallTestCaseKeyword.groovy:59)
	at com.kms.katalon.core.keyword.builtin.CallTestCaseKeyword$_callTestCase_closure1.call(CallTestCaseKeyword.groovy)
	at com.kms.katalon.core.keyword.internal.KeywordMain.runKeyword(KeywordMain.groovy:68)
	at com.kms.katalon.core.keyword.builtin.CallTestCaseKeyword.callTestCase(CallTestCaseKeyword.groovy:81)
	at com.kms.katalon.core.keyword.builtin.CallTestCaseKeyword.execute(CallTestCaseKeyword.groovy:44)
	at com.kms.katalon.core.keyword.internal.KeywordExecutor.executeKeywordForPlatform(KeywordExecutor.groovy:72)
	at com.kms.katalon.core.keyword.BuiltinKeywords.callTestCase(BuiltinKeywords.groovy:334)
	at Script1580985777956.run(Script1580985777956.groovy:58)
	... 13 more
)
[[ATTACHMENT|C:\\Users\\davidho\\git\\src\\Reports\\20200422_084913\\CAT_Footer\\20200422_084917\\1587542423896.png]]

2020-04-22 09:00:24 - [TEST_STEP][PASSED] - "---------------------------------": null

2020-04-22 09:00:24 - [TEST_STEP][PASSED] - "COOKIE POPOUT REMOVED - Confirmed": null

2020-04-22 09:00:24 - [TEST_STEP][PASSED] - delay(1): Delayed 1 second(s)

2020-04-22 09:00:25 - [MESSAGE][PASSED] - Delayed 1 second(s)

2020-04-22 09:00:25 - [TEST_STEP][PASSED] - verifyTextNotPresent("We use cookies to personalise content and ads, to provide social media features and to analyse our traffic", false): Text 'We use cookies to personalise content and ads, to provide social media features and to analyse our traffic' is not present on page

2020-04-22 09:00:25 - [MESSAGE][PASSED] - Text 'We use cookies to personalise content and ads, to provide social media features and to analyse our traffic' is not present on page

2020-04-22 09:00:25 - [TEST_STEP][PASSED] - verifyTextNotPresent(" We also share information about your use of our site with our social media, advertising and analytics partners", false): Text ' We also share information about your use of our site with our social media, advertising and analytics partners' is not present on page

2020-04-22 09:00:26 - [MESSAGE][PASSED] - Text ' We also share information about your use of our site with our social media, advertising and analytics partners' is not present on page

2020-04-22 09:00:26 - [TEST_STEP][FAILED] - verifyTextNotPresent("Cookie Policy", false): Text 'Cookie Policy' is present on page  (Root cause: com.kms.katalon.core.exception.StepFailedException: Text 'Cookie Policy' is present on page 
	at com.kms.katalon.core.webui.keyword.internal.WebUIKeywordMain.stepFailed(WebUIKeywordMain.groovy:64)
	at com.kms.katalon.core.webui.keyword.builtin.VerifyTextNotPresentKeyword$_verifyTextNotPresent_closure1.doCall(VerifyTextNotPresentKeyword.groovy:77)
	at com.kms.katalon.core.webui.keyword.builtin.VerifyTextNotPresentKeyword$_verifyTextNotPresent_closure1.call(VerifyTextNotPresentKeyword.groovy)
	at com.kms.katalon.core.webui.keyword.internal.WebUIKeywordMain.runKeyword(WebUIKeywordMain.groovy:20)
	at com.kms.katalon.core.webui.keyword.builtin.VerifyTextNotPresentKeyword.verifyTextNotPresent(VerifyTextNotPresentKeyword.groovy:82)
	at com.kms.katalon.core.webui.keyword.builtin.VerifyTextNotPresentKeyword.execute(VerifyTextNotPresentKeyword.groovy:68)
	at com.kms.katalon.core.keyword.internal.KeywordExecutor.executeKeywordForPlatform(KeywordExecutor.groovy:72)
	at com.kms.katalon.core.webui.keyword.WebUiBuiltInKeywords.verifyTextNotPresent(WebUiBuiltInKeywords.groovy:1752)
	at com.kms.katalon.core.webui.keyword.WebUiBuiltInKeywords$verifyTextNotPresent$4.call(Unknown Source)
	at CAT_Setup.run(CAT_Setup:177)
	at com.kms.katalon.core.main.ScriptEngine.run(ScriptEngine.java:194)
	at com.kms.katalon.core.main.ScriptEngine.runScriptAsRawText(ScriptEngine.java:119)
	at com.kms.katalon.core.main.TestCaseExecutor.runScript(TestCaseExecutor.java:337)
	at com.kms.katalon.core.main.TestCaseExecutor.doExecute(TestCaseExecutor.java:328)
	at com.kms.katalon.core.main.TestCaseExecutor.processExecutionPhase(TestCaseExecutor.java:307)
	at com.kms.katalon.core.main.TestCaseExecutor.accessMainPhase(TestCaseExecutor.java:299)
	at com.kms.katalon.core.main.TestCaseExecutor.execute(TestCaseExecutor.java:233)
	at com.kms.katalon.core.main.TestCaseMain.runTestCase(TestCaseMain.java:114)
	at com.kms.katalon.core.keyword.builtin.CallTestCaseKeyword$_callTestCase_closure1.doCall(CallTestCaseKeyword.groovy:59)
	at com.kms.katalon.core.keyword.builtin.CallTestCaseKeyword$_callTestCase_closure1.call(CallTestCaseKeyword.groovy)
	at com.kms.katalon.core.keyword.internal.KeywordMain.runKeyword(KeywordMain.groovy:68)
	at com.kms.katalon.core.keyword.builtin.CallTestCaseKeyword.callTestCase(CallTestCaseKeyword.groovy:81)
	at com.kms.katalon.core.keyword.builtin.CallTestCaseKeyword.execute(CallTestCaseKeyword.groovy:44)
	at com.kms.katalon.core.keyword.internal.KeywordExecutor.executeKeywordForPlatform(KeywordExecutor.groovy:72)
	at com.kms.katalon.core.keyword.BuiltinKeywords.callTestCase(BuiltinKeywords.groovy:334)
	at Gender_Pay_Report_2018.run(Gender_Pay_Report_2018:58)
	at com.kms.katalon.core.main.ScriptEngine.run(ScriptEngine.java:194)
	at com.kms.katalon.core.main.ScriptEngine.runScriptAsRawText(ScriptEngine.java:119)
	at com.kms.katalon.core.main.TestCaseExecutor.runScript(TestCaseExecutor.java:337)
	at com.kms.katalon.core.main.TestCaseExecutor.doExecute(TestCaseExecutor.java:328)
	at com.kms.katalon.core.main.TestCaseExecutor.processExecutionPhase(TestCaseExecutor.java:307)
	at com.kms.katalon.core.main.TestCaseExecutor.accessMainPhase(TestCaseExecutor.java:299)
	at com.kms.katalon.core.main.TestCaseExecutor.execute(TestCaseExecutor.java:233)
	at com.kms.katalon.core.main.TestSuiteExecutor.accessTestCaseMainPhase(TestSuiteExecutor.java:169)
	at com.kms.katalon.core.main.TestSuiteExecutor.accessTestSuiteMainPhase(TestSuiteExecutor.java:142)
	at com.kms.katalon.core.main.TestSuiteExecutor.execute(TestSuiteExecutor.java:91)
	at com.kms.katalon.core.main.TestCaseMain.startTestSuite(TestCaseMain.java:157)
	at com.kms.katalon.core.main.TestCaseMain$startTestSuite$0.call(Unknown Source)
	at TempTestSuite1587541757069.run(TempTestSuite1587541757069.groovy:37)
)

2020-04-22 09:00:26 - [MESSAGE][FAILED] - Text 'Cookie Policy' is present on page  (Root cause: com.kms.katalon.core.exception.StepFailedException: Text 'Cookie Policy' is present on page 
	at com.kms.katalon.core.webui.keyword.internal.WebUIKeywordMain.stepFailed(WebUIKeywordMain.groovy:64)
	at com.kms.katalon.core.webui.keyword.builtin.VerifyTextNotPresentKeyword$_verifyTextNotPresent_closure1.doCall(VerifyTextNotPresentKeyword.groovy:77)
	at com.kms.katalon.core.webui.keyword.builtin.VerifyTextNotPresentKeyword$_verifyTextNotPresent_closure1.call(VerifyTextNotPresentKeyword.groovy)
	at com.kms.katalon.core.webui.keyword.internal.WebUIKeywordMain.runKeyword(WebUIKeywordMain.groovy:20)
	at com.kms.katalon.core.webui.keyword.builtin.VerifyTextNotPresentKeyword.verifyTextNotPresent(VerifyTextNotPresentKeyword.groovy:82)
	at com.kms.katalon.core.webui.keyword.builtin.VerifyTextNotPresentKeyword.execute(VerifyTextNotPresentKeyword.groovy:68)
	at com.kms.katalon.core.keyword.internal.KeywordExecutor.executeKeywordForPlatform(KeywordExecutor.groovy:72)
	at com.kms.katalon.core.webui.keyword.WebUiBuiltInKeywords.verifyTextNotPresent(WebUiBuiltInKeywords.groovy:1752)
	at com.kms.katalon.core.webui.keyword.WebUiBuiltInKeywords$verifyTextNotPresent$4.call(Unknown Source)
	at CAT_Setup.run(CAT_Setup:177)
	at com.kms.katalon.core.main.ScriptEngine.run(ScriptEngine.java:194)
	at com.kms.katalon.core.main.ScriptEngine.runScriptAsRawText(ScriptEngine.java:119)
	at com.kms.katalon.core.main.TestCaseExecutor.runScript(TestCaseExecutor.java:337)
	at com.kms.katalon.core.main.TestCaseExecutor.doExecute(TestCaseExecutor.java:328)
	at com.kms.katalon.core.main.TestCaseExecutor.processExecutionPhase(TestCaseExecutor.java:307)
	at com.kms.katalon.core.main.TestCaseExecutor.accessMainPhase(TestCaseExecutor.java:299)
	at com.kms.katalon.core.main.TestCaseExecutor.execute(TestCaseExecutor.java:233)
	at com.kms.katalon.core.main.TestCaseMain.runTestCase(TestCaseMain.java:114)
	at com.kms.katalon.core.keyword.builtin.CallTestCaseKeyword$_callTestCase_closure1.doCall(CallTestCaseKeyword.groovy:59)
	at com.kms.katalon.core.keyword.builtin.CallTestCaseKeyword$_callTestCase_closure1.call(CallTestCaseKeyword.groovy)
	at com.kms.katalon.core.keyword.internal.KeywordMain.runKeyword(KeywordMain.groovy:68)
	at com.kms.katalon.core.keyword.builtin.CallTestCaseKeyword.callTestCase(CallTestCaseKeyword.groovy:81)
	at com.kms.katalon.core.keyword.builtin.CallTestCaseKeyword.execute(CallTestCaseKeyword.groovy:44)
	at com.kms.katalon.core.keyword.internal.KeywordExecutor.executeKeywordForPlatform(KeywordExecutor.groovy:72)
	at com.kms.katalon.core.keyword.BuiltinKeywords.callTestCase(BuiltinKeywords.groovy:334)
	at Gender_Pay_Report_2018.run(Gender_Pay_Report_2018:58)
	at com.kms.katalon.core.main.ScriptEngine.run(ScriptEngine.java:194)
	at com.kms.katalon.core.main.ScriptEngine.runScriptAsRawText(ScriptEngine.java:119)
	at com.kms.katalon.core.main.TestCaseExecutor.runScript(TestCaseExecutor.java:337)
	at com.kms.katalon.core.main.TestCaseExecutor.doExecute(TestCaseExecutor.java:328)
	at com.kms.katalon.core.main.TestCaseExecutor.processExecutionPhase(TestCaseExecutor.java:307)
	at com.kms.katalon.core.main.TestCaseExecutor.accessMainPhase(TestCaseExecutor.java:299)
	at com.kms.katalon.core.main.TestCaseExecutor.execute(TestCaseExecutor.java:233)
	at com.kms.katalon.core.main.TestSuiteExecutor.accessTestCaseMainPhase(TestSuiteExecutor.java:169)
	at com.kms.katalon.core.main.TestSuiteExecutor.accessTestSuiteMainPhase(TestSuiteExecutor.java:142)
	at com.kms.katalon.core.main.TestSuiteExecutor.execute(TestSuiteExecutor.java:91)
	at com.kms.katalon.core.main.TestCaseMain.startTestSuite(TestCaseMain.java:157)
	at com.kms.katalon.core.main.TestCaseMain$startTestSuite$0.call(Unknown Source)
	at TempTestSuite1587541757069.run(TempTestSuite1587541757069.groovy:37)
)

2020-04-22 09:00:26 - [TEST_STEP][PASSED] - waitForPageLoad(60): Wait for page load successfully

2020-04-22 09:00:26 - [MESSAGE][PASSED] - Wait for page load successfully

2020-04-22 09:00:26 - [TEST_STEP][PASSED] - "COOKIE - ORIGINAL": null

2020-04-22 09:00:26 - [TEST_STEP][PASSED] - if (waitForElementVisible(findTestObject("Object Repository/Feedback/Page_Checkatrade Give your feedback/input_Member_to_Review"), 5)): Web element with id: 'Object Repository/Feedback/Page_Checkatrade Give your feedback/input_Member_to_Review' located by 'By.xpath: //input[@id='feedback-form__company_autocomplete_input']' not found

2020-04-22 09:00:31 - [MESSAGE][INFO] - Unable to find the element located by 'By.xpath: //input[@id='feedback-form__company_autocomplete_input']'. Please recheck the objects properties to make sure the desired element is located. 

2020-04-22 09:00:31 - [MESSAGE][WARNING] - Web element with id: 'Object Repository/Feedback/Page_Checkatrade Give your feedback/input_Member_to_Review' located by 'By.xpath: //input[@id='feedback-form__company_autocomplete_input']' not found

2020-04-22 09:00:31 - [TEST_STEP][PASSED] - else: The <<<OLD>>> Website was detected by the STARTUP Process

2020-04-22 09:00:31 - [TEST_STEP][PASSED] - if (!(verifyElementVisible(findTestObject("Object Repository/Checkatrade_Trade_Search_Page/Page_Checkatrade Find a tradesperson you can trust/input_Search_Button_FF")))): Object 'Object Repository/Checkatrade_Trade_Search_Page/Page_Checkatrade Find a tradesperson you can trust/input_Search_Button_FF' is visible

2020-04-22 09:00:31 - [MESSAGE][PASSED] - Object 'Object Repository/Checkatrade_Trade_Search_Page/Page_Checkatrade Find a tradesperson you can trust/input_Search_Button_FF' is visible

2020-04-22 09:00:31 - [TEST_STEP][PASSED] - else: The <<<OLD>>> Website was detected by the STARTUP Process

2020-04-22 09:00:31 - [TEST_STEP][PASSED] - Website_Version = "old": null

2020-04-22 09:00:31 - [TEST_STEP][PASSED] - logInfo("The <<<OLD>>> Website was detected by the STARTUP Process"): The <<<OLD>>> Website was detected by the STARTUP Process

2020-04-22 09:00:31 - [MESSAGE][INFO] - The <<<OLD>>> Website was detected by the STARTUP Process

2020-04-22 09:00:31 - [MESSAGE][WARNING] - Unable to call Test Case 'Test Cases/Reusable_Test_Sequences/CAT_Setup' (Root cause: com.kms.katalon.core.exception.StepFailedException: Call Test Case 'Test Cases/Reusable_Test_Sequences/CAT_Setup' failed
	at com.kms.katalon.core.keyword.builtin.CallTestCaseKeyword$_callTestCase_closure1.doCall(CallTestCaseKeyword.groovy:63)
	at com.kms.katalon.core.keyword.builtin.CallTestCaseKeyword$_callTestCase_closure1.call(CallTestCaseKeyword.groovy)
	at com.kms.katalon.core.keyword.internal.KeywordMain.runKeyword(KeywordMain.groovy:68)
	at com.kms.katalon.core.keyword.builtin.CallTestCaseKeyword.callTestCase(CallTestCaseKeyword.groovy:81)
	at com.kms.katalon.core.keyword.builtin.CallTestCaseKeyword.execute(CallTestCaseKeyword.groovy:44)
	at com.kms.katalon.core.keyword.internal.KeywordExecutor.executeKeywordForPlatform(KeywordExecutor.groovy:72)
	at com.kms.katalon.core.keyword.BuiltinKeywords.callTestCase(BuiltinKeywords.groovy:334)
	at Gender_Pay_Report_2018.run(Gender_Pay_Report_2018:58)
	at com.kms.katalon.core.main.ScriptEngine.run(ScriptEngine.java:194)
	at com.kms.katalon.core.main.ScriptEngine.runScriptAsRawText(ScriptEngine.java:119)
	at com.kms.katalon.core.main.TestCaseExecutor.runScript(TestCaseExecutor.java:337)
	at com.kms.katalon.core.main.TestCaseExecutor.doExecute(TestCaseExecutor.java:328)
	at com.kms.katalon.core.main.TestCaseExecutor.processExecutionPhase(TestCaseExecutor.java:307)
	at com.kms.katalon.core.main.TestCaseExecutor.accessMainPhase(TestCaseExecutor.java:299)
	at com.kms.katalon.core.main.TestCaseExecutor.execute(TestCaseExecutor.java:233)
	at com.kms.katalon.core.main.TestSuiteExecutor.accessTestCaseMainPhase(TestSuiteExecutor.java:169)
	at com.kms.katalon.core.main.TestSuiteExecutor.accessTestSuiteMainPhase(TestSuiteExecutor.java:142)
	at com.kms.katalon.core.main.TestSuiteExecutor.execute(TestSuiteExecutor.java:91)
	at com.kms.katalon.core.main.TestCaseMain.startTestSuite(TestCaseMain.java:157)
	at com.kms.katalon.core.main.TestCaseMain$startTestSuite$0.call(Unknown Source)
	at TempTestSuite1587541757069.run(TempTestSuite1587541757069.groovy:37)
Caused by: com.kms.katalon.core.exception.StepFailedException: Text 'Cookie Policy' is present on page  (Root cause: com.kms.katalon.core.exception.StepFailedException: Text 'Cookie Policy' is present on page 
	at com.kms.katalon.core.webui.keyword.internal.WebUIKeywordMain.stepFailed(WebUIKeywordMain.groovy:64)
	at com.kms.katalon.core.webui.keyword.builtin.VerifyTextNotPresentKeyword$_verifyTextNotPresent_closure1.doCall(VerifyTextNotPresentKeyword.groovy:77)
	at com.kms.katalon.core.webui.keyword.builtin.VerifyTextNotPresentKeyword$_verifyTextNotPresent_closure1.call(VerifyTextNotPresentKeyword.groovy)
	at com.kms.katalon.core.webui.keyword.internal.WebUIKeywordMain.runKeyword(WebUIKeywordMain.groovy:20)
	at com.kms.katalon.core.webui.keyword.builtin.VerifyTextNotPresentKeyword.verifyTextNotPresent(VerifyTextNotPresentKeyword.groovy:82)
	at com.kms.katalon.core.webui.keyword.builtin.VerifyTextNotPresentKeyword.execute(VerifyTextNotPresentKeyword.groovy:68)
	at com.kms.katalon.core.keyword.internal.KeywordExecutor.executeKeywordForPlatform(KeywordExecutor.groovy:72)
	at com.kms.katalon.core.webui.keyword.WebUiBuiltInKeywords.verifyTextNotPresent(WebUiBuiltInKeywords.groovy:1752)
	at com.kms.katalon.core.webui.keyword.WebUiBuiltInKeywords$verifyTextNotPresent$4.call(Unknown Source)
	at CAT_Setup.run(CAT_Setup:177)
	at com.kms.katalon.core.main.ScriptEngine.run(ScriptEngine.java:194)
	at com.kms.katalon.core.main.ScriptEngine.runScriptAsRawText(ScriptEngine.java:119)
	at com.kms.katalon.core.main.TestCaseExecutor.runScript(TestCaseExecutor.java:337)
	at com.kms.katalon.core.main.TestCaseExecutor.doExecute(TestCaseExecutor.java:328)
	at com.kms.katalon.core.main.TestCaseExecutor.processExecutionPhase(TestCaseExecutor.java:307)
	at com.kms.katalon.core.main.TestCaseExecutor.accessMainPhase(TestCaseExecutor.java:299)
	at com.kms.katalon.core.main.TestCaseExecutor.execute(TestCaseExecutor.java:233)
	at com.kms.katalon.core.main.TestCaseMain.runTestCase(TestCaseMain.java:114)
	at com.kms.katalon.core.keyword.builtin.CallTestCaseKeyword$_callTestCase_closure1.doCall(CallTestCaseKeyword.groovy:59)
	at com.kms.katalon.core.keyword.builtin.CallTestCaseKeyword$_callTestCase_closure1.call(CallTestCaseKeyword.groovy)
	at com.kms.katalon.core.keyword.internal.KeywordMain.runKeyword(KeywordMain.groovy:68)
	at com.kms.katalon.core.keyword.builtin.CallTestCaseKeyword.callTestCase(CallTestCaseKeyword.groovy:81)
	at com.kms.katalon.core.keyword.builtin.CallTestCaseKeyword.execute(CallTestCaseKeyword.groovy:44)
	at com.kms.katalon.core.keyword.internal.KeywordExecutor.executeKeywordForPlatform(KeywordExecutor.groovy:72)
	at com.kms.katalon.core.keyword.BuiltinKeywords.callTestCase(BuiltinKeywords.groovy:334)
	at Gender_Pay_Report_2018.run(Gender_Pay_Report_2018:58)
	at com.kms.katalon.core.main.ScriptEngine.run(ScriptEngine.java:194)
	at com.kms.katalon.core.main.ScriptEngine.runScriptAsRawText(ScriptEngine.java:119)
	at com.kms.katalon.core.main.TestCaseExecutor.runScript(TestCaseExecutor.java:337)
	at com.kms.katalon.core.main.TestCaseExecutor.doExecute(TestCaseExecutor.java:328)
	at com.kms.katalon.core.main.TestCaseExecutor.processExecutionPhase(TestCaseExecutor.java:307)
	at com.kms.katalon.core.main.TestCaseExecutor.accessMainPhase(TestCaseExecutor.java:299)
	at com.kms.katalon.core.main.TestCaseExecutor.execute(TestCaseExecutor.java:233)
	at com.kms.katalon.core.main.TestSuiteExecutor.accessTestCaseMainPhase(TestSuiteExecutor.java:169)
	at com.kms.katalon.core.main.TestSuiteExecutor.accessTestSuiteMainPhase(TestSuiteExecutor.java:142)
	at com.kms.katalon.core.main.TestSuiteExecutor.execute(TestSuiteExecutor.java:91)
	at com.kms.katalon.core.main.TestCaseMain.startTestSuite(TestCaseMain.java:157)
	at com.kms.katalon.core.main.TestCaseMain$startTestSuite$0.call(Unknown Source)
	at TempTestSuite1587541757069.run(TempTestSuite1587541757069.groovy:37)
)
	at com.kms.katalon.core.keyword.internal.KeywordMain.stepFailed(KeywordMain.groovy:39)
	at com.kms.katalon.core.webui.keyword.internal.WebUIKeywordMain.stepFailed(WebUIKeywordMain.groovy:64)
	at com.kms.katalon.core.webui.keyword.builtin.VerifyTextNotPresentKeyword$_verifyTextNotPresent_closure1.doCall(VerifyTextNotPresentKeyword.groovy:77)
	at com.kms.katalon.core.webui.keyword.builtin.VerifyTextNotPresentKeyword$_verifyTextNotPresent_closure1.call(VerifyTextNotPresentKeyword.groovy)
	at com.kms.katalon.core.webui.keyword.internal.WebUIKeywordMain.runKeyword(WebUIKeywordMain.groovy:20)
	at com.kms.katalon.core.webui.keyword.builtin.VerifyTextNotPresentKeyword.verifyTextNotPresent(VerifyTextNotPresentKeyword.groovy:82)
	at com.kms.katalon.core.webui.keyword.builtin.VerifyTextNotPresentKeyword.execute(VerifyTextNotPresentKeyword.groovy:68)
	at com.kms.katalon.core.keyword.internal.KeywordExecutor.executeKeywordForPlatform(KeywordExecutor.groovy:72)
	at com.kms.katalon.core.webui.keyword.WebUiBuiltInKeywords.verifyTextNotPresent(WebUiBuiltInKeywords.groovy:1752)
	at com.kms.katalon.core.webui.keyword.WebUiBuiltInKeywords$verifyTextNotPresent$4.call(Unknown Source)
	at CAT_Setup.run(CAT_Setup:177)
	at com.kms.katalon.core.main.ScriptEngine.run(ScriptEngine.java:194)
	at com.kms.katalon.core.main.ScriptEngine.runScriptAsRawText(ScriptEngine.java:119)
	at com.kms.katalon.core.main.TestCaseExecutor.runScript(TestCaseExecutor.java:337)
	at com.kms.katalon.core.main.TestCaseExecutor.doExecute(TestCaseExecutor.java:328)
	at com.kms.katalon.core.main.TestCaseExecutor.processExecutionPhase(TestCaseExecutor.java:307)
	at com.kms.katalon.core.main.TestCaseExecutor.accessMainPhase(TestCaseExecutor.java:299)
	at com.kms.katalon.core.main.TestCaseExecutor.execute(TestCaseExecutor.java:233)
	at com.kms.katalon.core.main.TestCaseMain.runTestCase(TestCaseMain.java:114)
	at com.kms.katalon.core.keyword.builtin.CallTestCaseKeyword$_callTestCase_closure1.doCall(CallTestCaseKeyword.groovy:59)
	... 20 more
Caused by: com.kms.katalon.core.exception.StepFailedException: Text 'Cookie Policy' is present on page 
	... 39 more
)

2020-04-22 09:00:31 - [TEST_STEP][PASSED] - callTestCase(findTestCase("Reusable_Test_Sequences/CAT_Home"), [:], CONTINUE_ON_FAILURE): Call Test Case 'Test Cases/Reusable_Test_Sequences/CAT_Home' successfully

2020-04-22 09:00:31 - [TEST_CASE][PASSED] - Test Cases/Reusable_Test_Sequences/CAT_Home: Test Cases/Reusable_Test_Sequences/CAT_Home

2020-04-22 09:00:31 - [TEST_STEP][PASSED] - waitForPageLoad(60): Wait for page load successfully

2020-04-22 09:00:31 - [MESSAGE][PASSED] - Wait for page load successfully

2020-04-22 09:00:31 - [TEST_STEP][PASSED] - delay(2): Delayed 2 second(s)

2020-04-22 09:00:33 - [MESSAGE][PASSED] - Delayed 2 second(s)

2020-04-22 09:00:33 - [TEST_STEP][PASSED] - "------------------------------------": null

2020-04-22 09:00:33 - [TEST_STEP][PASSED] - if (Website_Version == "new"): null

2020-04-22 09:00:33 - [TEST_STEP][PASSED] - else: Text 'Over a million visits to Checkatrade each month' is present on page 

2020-04-22 09:00:33 - [TEST_STEP][PASSED] - verifyTextPresent("Helping you find the right trade or service", false): Text 'Helping you find the right trade or service' is present on page 

2020-04-22 09:00:34 - [MESSAGE][PASSED] - Text 'Helping you find the right trade or service' is present on page 

2020-04-22 09:00:34 - [TEST_STEP][PASSED] - verifyTextPresent("Search through over", false): Text 'Search through over' is present on page 

2020-04-22 09:00:34 - [MESSAGE][PASSED] - Text 'Search through over' is present on page 

2020-04-22 09:00:34 - [TEST_STEP][PASSED] - verifyTextPresent("recommended, vetted and monitored trades and service providers for free.", false): Text 'recommended, vetted and monitored trades and service providers for free.' is present on page 

2020-04-22 09:00:34 - [MESSAGE][PASSED] - Text 'recommended, vetted and monitored trades and service providers for free.' is present on page 

2020-04-22 09:00:34 - [TEST_STEP][PASSED] - verifyTextPresent("reviews published so far – thank you!", false): Text 'reviews published so far – thank you!' is present on page 

2020-04-22 09:00:34 - [MESSAGE][PASSED] - Text 'reviews published so far – thank you!' is present on page 

2020-04-22 09:00:34 - [TEST_STEP][PASSED] - verifyTextPresent("I need a trade or service", false): Text 'I need a trade or service' is present on page 

2020-04-22 09:00:34 - [MESSAGE][PASSED] - Text 'I need a trade or service' is present on page 

2020-04-22 09:00:34 - [TEST_STEP][PASSED] - verifyTextPresent("Every trader thoroughly checked and vetted", false): Text 'Every trader thoroughly checked and vetted' is present on page 

2020-04-22 09:00:34 - [MESSAGE][PASSED] - Text 'Every trader thoroughly checked and vetted' is present on page 

2020-04-22 09:00:34 - [TEST_STEP][PASSED] - "------------------------------------": null

2020-04-22 09:00:34 - [TEST_STEP][PASSED] - verifyTextPresent("reviews published so far – thank you!", false): Text 'reviews published so far – thank you!' is present on page 

2020-04-22 09:00:35 - [MESSAGE][PASSED] - Text 'reviews published so far – thank you!' is present on page 

2020-04-22 09:00:35 - [TEST_STEP][PASSED] - verifyTextPresent("Find out more", false): Text 'Find out more' is present on page 

2020-04-22 09:00:35 - [MESSAGE][PASSED] - Text 'Find out more' is present on page 

2020-04-22 09:00:35 - [TEST_STEP][PASSED] - verifyTextPresent("I am a tradesman", false): Text 'I am a tradesman' is present on page 

2020-04-22 09:00:35 - [MESSAGE][PASSED] - Text 'I am a tradesman' is present on page 

2020-04-22 09:00:35 - [TEST_STEP][PASSED] - verifyTextPresent("Find out more", false): Text 'Find out more' is present on page 

2020-04-22 09:00:35 - [MESSAGE][PASSED] - Text 'Find out more' is present on page 

2020-04-22 09:00:35 - [TEST_STEP][PASSED] - verifyTextPresent("Over a million visits to Checkatrade each month", false): Text 'Over a million visits to Checkatrade each month' is present on page 

2020-04-22 09:00:36 - [MESSAGE][PASSED] - Text 'Over a million visits to Checkatrade each month' is present on page 

2020-04-22 09:00:36 - [MESSAGE][PASSED] - Call Test Case 'Test Cases/Reusable_Test_Sequences/CAT_Home' successfully

2020-04-22 09:00:36 - [TEST_STEP][PASSED] - "-------------------------------------------------": null

2020-04-22 09:00:36 - [TEST_STEP][PASSED] - " Navigate to Company->Gender Pay Report 2018     |": null

2020-04-22 09:00:36 - [TEST_STEP][PASSED] - scrollToElement(findTestObject("Object Repository/CAT_Footer/Page_Checkatrade Find a tradesperson you can trust/div_Gender Pay Report 2018"), 3): Scroll to object 'Object Repository/CAT_Footer/Page_Checkatrade Find a tradesperson you can trust/div_Gender Pay Report 2018' successfully

2020-04-22 09:00:36 - [MESSAGE][PASSED] - Scroll to object 'Object Repository/CAT_Footer/Page_Checkatrade Find a tradesperson you can trust/div_Gender Pay Report 2018' successfully

2020-04-22 09:00:36 - [TEST_STEP][PASSED] - click(findTestObject("Object Repository/CAT_Footer/Page_Checkatrade Find a tradesperson you can trust/div_Gender Pay Report 2018")): Object: 'Object Repository/CAT_Footer/Page_Checkatrade Find a tradesperson you can trust/div_Gender Pay Report 2018' is clicked on

2020-04-22 09:00:36 - [MESSAGE][PASSED] - Object: 'Object Repository/CAT_Footer/Page_Checkatrade Find a tradesperson you can trust/div_Gender Pay Report 2018' is clicked on

2020-04-22 09:00:36 - [TEST_STEP][PASSED] - "---------------------------------------": null

2020-04-22 09:00:36 - [TEST_STEP][PASSED] - " Verify Returned Page is as Expected   |": null

2020-04-22 09:00:36 - [TEST_STEP][PASSED] - callTestCase(findTestCase("Reusable_Test_Sequences/CAT_Footer/Company/Gender_Pay_Report_2018_Verification"), [:], CONTINUE_ON_FAILURE): Call Test Case 'Test Cases/Reusable_Test_Sequences/CAT_Footer/Company/Gender_Pay_Report_2018_Verification' successfully

2020-04-22 09:00:36 - [TEST_CASE][PASSED] - Test Cases/Reusable_Test_Sequences/CAT_Footer/Company/Gender_Pay_Report_2018_Verification: Test Cases/Reusable_Test_Sequences/CAT_Footer/Company/Gender_Pay_Report_2018_Verification

2020-04-22 09:00:37 - [TEST_STEP][PASSED] - delay(1): Delayed 1 second(s)

2020-04-22 09:00:38 - [MESSAGE][PASSED] - Delayed 1 second(s)

2020-04-22 09:00:38 - [TEST_STEP][PASSED] - waitForPageLoad(60): Wait for page load successfully

2020-04-22 09:00:38 - [MESSAGE][PASSED] - Wait for page load successfully

2020-04-22 09:00:38 - [TEST_STEP][PASSED] - "Only When Needed": null

2020-04-22 09:00:38 - [TEST_STEP][PASSED] - "----------------------------------------------": null

2020-04-22 09:00:38 - [TEST_STEP][PASSED] - "DEFAULT TAB - None - 1 Page Returned          |": null

2020-04-22 09:00:38 - [TEST_STEP][PASSED] - "----------------------------------------------": null

2020-04-22 09:00:38 - [TEST_STEP][PASSED] - "----------------------------------------------": null

2020-04-22 09:00:38 - [TEST_STEP][PASSED] - "----------------------------------------------": null

2020-04-22 09:00:38 - [TEST_STEP][PASSED] - "Header": null

2020-04-22 09:00:38 - [TEST_STEP][PASSED] - "----------------------------------------------": null

2020-04-22 09:00:38 - [TEST_STEP][PASSED] - "PDF Connten Indiscernable": null

2020-04-22 09:00:38 - [TEST_STEP][PASSED] - "PDF To Download, just check the heading appears on opening of initial page, nothing else to do": null

2020-04-22 09:00:38 - [TEST_STEP][PASSED] - currentURL = getUrl(): Current window's url is: 'https://www.preview.checkatrade.com/Downloads/gender-pay-2018.pdf'

2020-04-22 09:00:38 - [MESSAGE][PASSED] - Current window's url is: 'https://www.preview.checkatrade.com/Downloads/gender-pay-2018.pdf'

2020-04-22 09:00:38 - [TEST_STEP][PASSED] - "-------------------------------------------------------------------------------------------": null

2020-04-22 09:00:38 - [TEST_STEP][PASSED] - "full URL for Preview == https://www.preview.checkatrade.com/Downloads/gender-pay-2018.pdf  |": null

2020-04-22 09:00:38 - [TEST_STEP][PASSED] - if (currentURL.contains("checkatrade.com/Downloads/gender-pay-2018.pdf")): Our 2018 Gender Pay Gap Report PDF Presented, as Expected

2020-04-22 09:00:38 - [TEST_STEP][PASSED] - markPassed("Our 2018 Gender Pay Gap Report PDF Presented, as Expected"): Our 2018 Gender Pay Gap Report PDF Presented, as Expected

2020-04-22 09:00:38 - [MESSAGE][PASSED] - Our 2018 Gender Pay Gap Report PDF Presented, as Expected

2020-04-22 09:00:38 - [MESSAGE][PASSED] - Call Test Case 'Test Cases/Reusable_Test_Sequences/CAT_Footer/Company/Gender_Pay_Report_2018_Verification' successfully

2020-04-22 09:00:38 - [TEST_STEP][PASSED] - "--------------------------": null

2020-04-22 09:00:38 - [TEST_STEP][PASSED] - " Teardown - CLose Browser |": null

2020-04-22 09:00:38 - [TEST_STEP][PASSED] - callTestCase(findTestCase("Reusable_Test_Sequences/CAT_Teardown"), [:], OPTIONAL): Call Test Case 'Test Cases/Reusable_Test_Sequences/CAT_Teardown' successfully

2020-04-22 09:00:38 - [TEST_CASE][PASSED] - Test Cases/Reusable_Test_Sequences/CAT_Teardown: Test Cases/Reusable_Test_Sequences/CAT_Teardown

2020-04-22 09:00:38 - [TEST_STEP][PASSED] - closeBrowser(): Browser is closed

2020-04-22 09:00:39 - [MESSAGE][PASSED] - Browser is closed

2020-04-22 09:00:39 - [TEST_STEP][PASSED] - super.finalize(): null

2020-04-22 09:00:39 - [TEST_STEP][PASSED] - System.gc(): null

2020-04-22 09:00:39 - [MESSAGE][PASSED] - Call Test Case 'Test Cases/Reusable_Test_Sequences/CAT_Teardown' successfully]]></system-out>
         <system-err><![CDATA[]]></system-err>
      </testcase>
      <testcase name="Test Cases/CAT_Footer/Company/Ribbon_Menu" time="64.358" classname="Test Cases/CAT_Footer/Company/Ribbon_Menu" status="PASSED">
         <system-out><![CDATA[2020-04-22 09:00:39 - [TEST_CASE][PASSED] - Test Cases/CAT_Footer/Company/Ribbon_Menu: Test Cases/CAT_Footer/Company/Ribbon_Menu

2020-04-22 09:00:40 - [TEST_STEP][PASSED] - callTestCase(findTestCase("Reusable_Test_Sequences/CAT_Setup"), [:], OPTIONAL): Call Test Case 'Test Cases/Reusable_Test_Sequences/CAT_Setup' successfully

2020-04-22 09:00:40 - [TEST_CASE][PASSED] - Test Cases/Reusable_Test_Sequences/CAT_Setup: Test Cases/Reusable_Test_Sequences/CAT_Setup

2020-04-22 09:00:40 - [TEST_STEP][PASSED] - "------------------------------": null

2020-04-22 09:00:40 - [TEST_STEP][PASSED] - " Set Mobile Device Testing    |": null

2020-04-22 09:00:40 - [TEST_STEP][PASSED] - if (Mobile_Flag == "true"): null

2020-04-22 09:00:40 - [TEST_STEP][PASSED] - "------------------------------": null

2020-04-22 09:00:40 - [TEST_STEP][PASSED] - " Set Mobile Device Testing    |": null

2020-04-22 09:00:40 - [TEST_STEP][PASSED] - "------------------------------": null

2020-04-22 09:00:40 - [TEST_STEP][PASSED] - "URL - Set from the ENVIRONMENT PROFILE ": null

2020-04-22 09:00:40 - [TEST_STEP][PASSED] - openBrowser(URL): Browser is opened with url: 'https://www.preview.checkatrade.com/'

2020-04-22 09:00:40 - [MESSAGE][INFO] - Starting 'Chrome' driver

2020-04-22 09:00:40 - [MESSAGE][INFO] - Action delay is set to 0 milliseconds

2020-04-22 09:00:51 - [MESSAGE][PASSED] - Browser is opened with url: 'https://www.preview.checkatrade.com/'

2020-04-22 09:00:51 - [TEST_STEP][PASSED] - maximizeWindow(): Current window maximized

2020-04-22 09:00:54 - [MESSAGE][PASSED] - Current window maximized

2020-04-22 09:00:54 - [TEST_STEP][PASSED] - waitForPageLoad(60): Wait for page load successfully

2020-04-22 09:00:54 - [MESSAGE][PASSED] - Wait for page load successfully

2020-04-22 09:00:54 - [TEST_STEP][PASSED] - "Previous Functionalilty Left Commented For Ease Of reversion": null

2020-04-22 09:00:54 - [TEST_STEP][PASSED] - " Katalon Try/Catches currently have issues? SEE HEADER": null

2020-04-22 09:00:54 - [TEST_STEP][PASSED] - try: Text 'Cookie Policy' is not present on page

2020-04-22 09:00:54 - [TEST_STEP][PASSED] - verifyElementPresent(findTestObject("Object Repository/Cookies/Page_Checkatrade Find a tradesperson you can trust/button_Accept All"), 5, OPTIONAL): Object 'Object Repository/Cookies/Page_Checkatrade Find a tradesperson you can trust/button_Accept All' is present

2020-04-22 09:00:54 - [MESSAGE][PASSED] - Object 'Object Repository/Cookies/Page_Checkatrade Find a tradesperson you can trust/button_Accept All' is present

2020-04-22 09:00:54 - [TEST_STEP][PASSED] - click(findTestObject("Object Repository/Cookies/Page_Checkatrade Find a tradesperson you can trust/button_Accept All"), OPTIONAL): Object: 'Object Repository/Cookies/Page_Checkatrade Find a tradesperson you can trust/button_Accept All' is clicked on

2020-04-22 09:00:55 - [MESSAGE][PASSED] - Object: 'Object Repository/Cookies/Page_Checkatrade Find a tradesperson you can trust/button_Accept All' is clicked on

2020-04-22 09:00:55 - [TEST_STEP][PASSED] - "---------------------------------": null

2020-04-22 09:00:55 - [TEST_STEP][PASSED] - "COOKIE POPOUT REMOVED - Confirmed": null

2020-04-22 09:00:55 - [TEST_STEP][PASSED] - delay(1): Delayed 1 second(s)

2020-04-22 09:00:56 - [MESSAGE][PASSED] - Delayed 1 second(s)

2020-04-22 09:00:56 - [TEST_STEP][PASSED] - verifyTextNotPresent("We use cookies to personalise content and ads, to provide social media features and to analyse our traffic", false): Text 'We use cookies to personalise content and ads, to provide social media features and to analyse our traffic' is not present on page

2020-04-22 09:00:56 - [MESSAGE][PASSED] - Text 'We use cookies to personalise content and ads, to provide social media features and to analyse our traffic' is not present on page

2020-04-22 09:00:56 - [TEST_STEP][PASSED] - verifyTextNotPresent(" We also share information about your use of our site with our social media, advertising and analytics partners", false): Text ' We also share information about your use of our site with our social media, advertising and analytics partners' is not present on page

2020-04-22 09:00:56 - [MESSAGE][PASSED] - Text ' We also share information about your use of our site with our social media, advertising and analytics partners' is not present on page

2020-04-22 09:00:56 - [TEST_STEP][PASSED] - verifyTextNotPresent("Cookie Policy", false): Text 'Cookie Policy' is not present on page

2020-04-22 09:00:57 - [MESSAGE][PASSED] - Text 'Cookie Policy' is not present on page

2020-04-22 09:00:57 - [TEST_STEP][PASSED] - waitForPageLoad(60): Wait for page load successfully

2020-04-22 09:00:57 - [MESSAGE][PASSED] - Wait for page load successfully

2020-04-22 09:00:57 - [TEST_STEP][PASSED] - "COOKIE - ORIGINAL": null

2020-04-22 09:00:57 - [TEST_STEP][PASSED] - if (waitForElementVisible(findTestObject("Object Repository/Feedback/Page_Checkatrade Give your feedback/input_Member_to_Review"), 5)): Web element with id: 'Object Repository/Feedback/Page_Checkatrade Give your feedback/input_Member_to_Review' located by 'By.xpath: //input[@id='feedback-form__company_autocomplete_input']' not found

2020-04-22 09:01:03 - [MESSAGE][INFO] - Unable to find the element located by 'By.xpath: //input[@id='feedback-form__company_autocomplete_input']'. Please recheck the objects properties to make sure the desired element is located. 

2020-04-22 09:01:03 - [MESSAGE][WARNING] - Web element with id: 'Object Repository/Feedback/Page_Checkatrade Give your feedback/input_Member_to_Review' located by 'By.xpath: //input[@id='feedback-form__company_autocomplete_input']' not found

2020-04-22 09:01:03 - [TEST_STEP][PASSED] - else: The <<<OLD>>> Website was detected by the STARTUP Process

2020-04-22 09:01:03 - [TEST_STEP][PASSED] - if (!(verifyElementVisible(findTestObject("Object Repository/Checkatrade_Trade_Search_Page/Page_Checkatrade Find a tradesperson you can trust/input_Search_Button_FF")))): Object 'Object Repository/Checkatrade_Trade_Search_Page/Page_Checkatrade Find a tradesperson you can trust/input_Search_Button_FF' is visible

2020-04-22 09:01:03 - [MESSAGE][PASSED] - Object 'Object Repository/Checkatrade_Trade_Search_Page/Page_Checkatrade Find a tradesperson you can trust/input_Search_Button_FF' is visible

2020-04-22 09:01:03 - [TEST_STEP][PASSED] - else: The <<<OLD>>> Website was detected by the STARTUP Process

2020-04-22 09:01:03 - [TEST_STEP][PASSED] - Website_Version = "old": null

2020-04-22 09:01:03 - [TEST_STEP][PASSED] - logInfo("The <<<OLD>>> Website was detected by the STARTUP Process"): The <<<OLD>>> Website was detected by the STARTUP Process

2020-04-22 09:01:03 - [MESSAGE][INFO] - The <<<OLD>>> Website was detected by the STARTUP Process

2020-04-22 09:01:03 - [MESSAGE][PASSED] - Call Test Case 'Test Cases/Reusable_Test_Sequences/CAT_Setup' successfully

2020-04-22 09:01:03 - [TEST_STEP][PASSED] - callTestCase(findTestCase("Reusable_Test_Sequences/CAT_Home"), [:], CONTINUE_ON_FAILURE): Call Test Case 'Test Cases/Reusable_Test_Sequences/CAT_Home' successfully

2020-04-22 09:01:03 - [TEST_CASE][PASSED] - Test Cases/Reusable_Test_Sequences/CAT_Home: Test Cases/Reusable_Test_Sequences/CAT_Home

2020-04-22 09:01:03 - [TEST_STEP][PASSED] - waitForPageLoad(60): Wait for page load successfully

2020-04-22 09:01:03 - [MESSAGE][PASSED] - Wait for page load successfully

2020-04-22 09:01:03 - [TEST_STEP][PASSED] - delay(2): Delayed 2 second(s)

2020-04-22 09:01:05 - [MESSAGE][PASSED] - Delayed 2 second(s)

2020-04-22 09:01:05 - [TEST_STEP][PASSED] - "------------------------------------": null

2020-04-22 09:01:05 - [TEST_STEP][PASSED] - if (Website_Version == "new"): null

2020-04-22 09:01:05 - [TEST_STEP][PASSED] - else: Text 'Over a million visits to Checkatrade each month' is present on page 

2020-04-22 09:01:05 - [TEST_STEP][PASSED] - verifyTextPresent("Helping you find the right trade or service", false): Text 'Helping you find the right trade or service' is present on page 

2020-04-22 09:01:05 - [MESSAGE][PASSED] - Text 'Helping you find the right trade or service' is present on page 

2020-04-22 09:01:05 - [TEST_STEP][PASSED] - verifyTextPresent("Search through over", false): Text 'Search through over' is present on page 

2020-04-22 09:01:06 - [MESSAGE][PASSED] - Text 'Search through over' is present on page 

2020-04-22 09:01:06 - [TEST_STEP][PASSED] - verifyTextPresent("recommended, vetted and monitored trades and service providers for free.", false): Text 'recommended, vetted and monitored trades and service providers for free.' is present on page 

2020-04-22 09:01:06 - [MESSAGE][PASSED] - Text 'recommended, vetted and monitored trades and service providers for free.' is present on page 

2020-04-22 09:01:06 - [TEST_STEP][PASSED] - verifyTextPresent("reviews published so far – thank you!", false): Text 'reviews published so far – thank you!' is present on page 

2020-04-22 09:01:06 - [MESSAGE][PASSED] - Text 'reviews published so far – thank you!' is present on page 

2020-04-22 09:01:06 - [TEST_STEP][PASSED] - verifyTextPresent("I need a trade or service", false): Text 'I need a trade or service' is present on page 

2020-04-22 09:01:06 - [MESSAGE][PASSED] - Text 'I need a trade or service' is present on page 

2020-04-22 09:01:06 - [TEST_STEP][PASSED] - verifyTextPresent("Every trader thoroughly checked and vetted", false): Text 'Every trader thoroughly checked and vetted' is present on page 

2020-04-22 09:01:06 - [MESSAGE][PASSED] - Text 'Every trader thoroughly checked and vetted' is present on page 

2020-04-22 09:01:06 - [TEST_STEP][PASSED] - "------------------------------------": null

2020-04-22 09:01:06 - [TEST_STEP][PASSED] - verifyTextPresent("reviews published so far – thank you!", false): Text 'reviews published so far – thank you!' is present on page 

2020-04-22 09:01:06 - [MESSAGE][PASSED] - Text 'reviews published so far – thank you!' is present on page 

2020-04-22 09:01:06 - [TEST_STEP][PASSED] - verifyTextPresent("Find out more", false): Text 'Find out more' is present on page 

2020-04-22 09:01:07 - [MESSAGE][PASSED] - Text 'Find out more' is present on page 

2020-04-22 09:01:07 - [TEST_STEP][PASSED] - verifyTextPresent("I am a tradesman", false): Text 'I am a tradesman' is present on page 

2020-04-22 09:01:07 - [MESSAGE][PASSED] - Text 'I am a tradesman' is present on page 

2020-04-22 09:01:07 - [TEST_STEP][PASSED] - verifyTextPresent("Find out more", false): Text 'Find out more' is present on page 

2020-04-22 09:01:07 - [MESSAGE][PASSED] - Text 'Find out more' is present on page 

2020-04-22 09:01:07 - [TEST_STEP][PASSED] - verifyTextPresent("Over a million visits to Checkatrade each month", false): Text 'Over a million visits to Checkatrade each month' is present on page 

2020-04-22 09:01:07 - [MESSAGE][PASSED] - Text 'Over a million visits to Checkatrade each month' is present on page 

2020-04-22 09:01:07 - [MESSAGE][PASSED] - Call Test Case 'Test Cases/Reusable_Test_Sequences/CAT_Home' successfully

2020-04-22 09:01:07 - [TEST_STEP][PASSED] - "---------------------------------------": null

2020-04-22 09:01:07 - [TEST_STEP][PASSED] - " Navigate to Company->Careers          |": null

2020-04-22 09:01:07 - [TEST_STEP][PASSED] - waitForElementClickable(findTestObject("Object Repository/CAT_Footer/Page_Checkatrade Find a tradesperson you can trust/div_Careers"), 3): Object 'Object Repository/CAT_Footer/Page_Checkatrade Find a tradesperson you can trust/div_Careers' is clickable

2020-04-22 09:01:07 - [MESSAGE][PASSED] - Object 'Object Repository/CAT_Footer/Page_Checkatrade Find a tradesperson you can trust/div_Careers' is clickable

2020-04-22 09:01:07 - [TEST_STEP][PASSED] - click(findTestObject("Object Repository/CAT_Footer/Page_Checkatrade Find a tradesperson you can trust/div_Careers")): Object: 'Object Repository/CAT_Footer/Page_Checkatrade Find a tradesperson you can trust/div_Careers' is clicked on

2020-04-22 09:01:10 - [MESSAGE][PASSED] - Object: 'Object Repository/CAT_Footer/Page_Checkatrade Find a tradesperson you can trust/div_Careers' is clicked on

2020-04-22 09:01:10 - [TEST_STEP][PASSED] - "--------------------------": null

2020-04-22 09:01:10 - [TEST_STEP][PASSED] - " Ribbon - About Us Menu   |": null

2020-04-22 09:01:10 - [TEST_STEP][PASSED] - waitForElementClickable(findTestObject("Object Repository/CAT_Footer/Ribbon_Menu/Page_Vacancy Search Results - Checkatrade/a_About Us"), 3): Object 'Object Repository/CAT_Footer/Ribbon_Menu/Page_Vacancy Search Results - Checkatrade/a_About Us' is clickable

2020-04-22 09:01:10 - [MESSAGE][PASSED] - Object 'Object Repository/CAT_Footer/Ribbon_Menu/Page_Vacancy Search Results - Checkatrade/a_About Us' is clickable

2020-04-22 09:01:10 - [TEST_STEP][PASSED] - click(findTestObject("Object Repository/CAT_Footer/Ribbon_Menu/Page_Vacancy Search Results - Checkatrade/a_About Us")): Object: 'Object Repository/CAT_Footer/Ribbon_Menu/Page_Vacancy Search Results - Checkatrade/a_About Us' is clicked on

2020-04-22 09:01:12 - [MESSAGE][PASSED] - Object: 'Object Repository/CAT_Footer/Ribbon_Menu/Page_Vacancy Search Results - Checkatrade/a_About Us' is clicked on

2020-04-22 09:01:12 - [TEST_STEP][PASSED] - "--------------------------": null

2020-04-22 09:01:12 - [TEST_STEP][PASSED] - " Verify - About Us Return |": null

2020-04-22 09:01:12 - [TEST_STEP][PASSED] - scrollToPosition(500, 500): Browser is scrolled to position x = 500, y = 500

2020-04-22 09:01:12 - [MESSAGE][PASSED] - Browser is scrolled to position x = 500, y = 500

2020-04-22 09:01:12 - [TEST_STEP][PASSED] - verifyTextPresent("Checka-who", false): Text 'Checka-who' is present on page 

2020-04-22 09:01:12 - [MESSAGE][PASSED] - Text 'Checka-who' is present on page 

2020-04-22 09:01:12 - [TEST_STEP][PASSED] - scrollToPosition(0, 0): Browser is scrolled to position x = 0, y = 0

2020-04-22 09:01:13 - [MESSAGE][PASSED] - Browser is scrolled to position x = 0, y = 0

2020-04-22 09:01:13 - [TEST_STEP][PASSED] - "--------------------------": null

2020-04-22 09:01:13 - [TEST_STEP][PASSED] - " Ribbon - Our Teams Menu  |": null

2020-04-22 09:01:13 - [TEST_STEP][PASSED] - waitForElementClickable(findTestObject("Object Repository/CAT_Footer/Ribbon_Menu/Page_About Us - Checkatrade/a_Our Teams"), 3): Object 'Object Repository/CAT_Footer/Ribbon_Menu/Page_About Us - Checkatrade/a_Our Teams' is clickable

2020-04-22 09:01:13 - [MESSAGE][PASSED] - Object 'Object Repository/CAT_Footer/Ribbon_Menu/Page_About Us - Checkatrade/a_Our Teams' is clickable

2020-04-22 09:01:13 - [TEST_STEP][PASSED] - click(findTestObject("Object Repository/CAT_Footer/Ribbon_Menu/Page_About Us - Checkatrade/a_Our Teams")): Object: 'Object Repository/CAT_Footer/Ribbon_Menu/Page_About Us - Checkatrade/a_Our Teams' is clicked on

2020-04-22 09:01:14 - [MESSAGE][PASSED] - Object: 'Object Repository/CAT_Footer/Ribbon_Menu/Page_About Us - Checkatrade/a_Our Teams' is clicked on

2020-04-22 09:01:14 - [TEST_STEP][PASSED] - "--------------------------": null

2020-04-22 09:01:14 - [TEST_STEP][PASSED] - " Verify - Our Teams Return|": null

2020-04-22 09:01:14 - [TEST_STEP][PASSED] - verifyTextPresent("Home", false): Text 'Home' is present on page 

2020-04-22 09:01:14 - [MESSAGE][PASSED] - Text 'Home' is present on page 

2020-04-22 09:01:14 - [TEST_STEP][PASSED] - scrollToPosition(500, 500): Browser is scrolled to position x = 500, y = 500

2020-04-22 09:01:14 - [MESSAGE][PASSED] - Browser is scrolled to position x = 500, y = 500

2020-04-22 09:01:14 - [TEST_STEP][PASSED] - verifyTextPresent("Sales", false): Text 'Sales' is present on page 

2020-04-22 09:01:15 - [MESSAGE][PASSED] - Text 'Sales' is present on page 

2020-04-22 09:01:15 - [TEST_STEP][PASSED] - verifyTextPresent("Vetting", false): Text 'Vetting' is present on page 

2020-04-22 09:01:16 - [MESSAGE][PASSED] - Text 'Vetting' is present on page 

2020-04-22 09:01:16 - [TEST_STEP][PASSED] - scrollToPosition(0, 0): Browser is scrolled to position x = 0, y = 0

2020-04-22 09:01:16 - [MESSAGE][PASSED] - Browser is scrolled to position x = 0, y = 0

2020-04-22 09:01:16 - [TEST_STEP][PASSED] - "--------------------------": null

2020-04-22 09:01:16 - [TEST_STEP][PASSED] - " Ribbon - Our Benefits    |": null

2020-04-22 09:01:16 - [TEST_STEP][PASSED] - waitForElementClickable(findTestObject("Object Repository/CAT_Footer/Ribbon_Menu/Page_Our Teams - Checkatrade/a_Our Benefits"), 3): Object 'Object Repository/CAT_Footer/Ribbon_Menu/Page_Our Teams - Checkatrade/a_Our Benefits' is clickable

2020-04-22 09:01:16 - [MESSAGE][PASSED] - Object 'Object Repository/CAT_Footer/Ribbon_Menu/Page_Our Teams - Checkatrade/a_Our Benefits' is clickable

2020-04-22 09:01:16 - [TEST_STEP][PASSED] - click(findTestObject("Object Repository/CAT_Footer/Ribbon_Menu/Page_Our Teams - Checkatrade/a_Our Benefits")): Object: 'Object Repository/CAT_Footer/Ribbon_Menu/Page_Our Teams - Checkatrade/a_Our Benefits' is clicked on

2020-04-22 09:01:18 - [MESSAGE][PASSED] - Object: 'Object Repository/CAT_Footer/Ribbon_Menu/Page_Our Teams - Checkatrade/a_Our Benefits' is clicked on

2020-04-22 09:01:18 - [TEST_STEP][PASSED] - "--------------------------": null

2020-04-22 09:01:18 - [TEST_STEP][PASSED] - " Verify - Our Benefits Ret|": null

2020-04-22 09:01:18 - [TEST_STEP][PASSED] - verifyTextPresent("Home", false): Text 'Home' is present on page 

2020-04-22 09:01:18 - [MESSAGE][PASSED] - Text 'Home' is present on page 

2020-04-22 09:01:18 - [TEST_STEP][PASSED] - scrollToPosition(500, 500): Browser is scrolled to position x = 500, y = 500

2020-04-22 09:01:18 - [MESSAGE][PASSED] - Browser is scrolled to position x = 500, y = 500

2020-04-22 09:01:18 - [TEST_STEP][PASSED] - verifyTextPresent("Join us and you’ll soon become part of the Checkatrade culture", false): Text 'Join us and you’ll soon become part of the Checkatrade culture' is present on page 

2020-04-22 09:01:18 - [MESSAGE][PASSED] - Text 'Join us and you’ll soon become part of the Checkatrade culture' is present on page 

2020-04-22 09:01:18 - [TEST_STEP][PASSED] - verifyTextPresent("Gym memberships", false): Text 'Gym memberships' is present on page 

2020-04-22 09:01:18 - [MESSAGE][PASSED] - Text 'Gym memberships' is present on page 

2020-04-22 09:01:18 - [TEST_STEP][PASSED] - scrollToPosition(0, 0): Browser is scrolled to position x = 0, y = 0

2020-04-22 09:01:18 - [MESSAGE][PASSED] - Browser is scrolled to position x = 0, y = 0

2020-04-22 09:01:18 - [TEST_STEP][PASSED] - "--------------------------": null

2020-04-22 09:01:18 - [TEST_STEP][PASSED] - " Ribbon - Charity Leave   |": null

2020-04-22 09:01:18 - [TEST_STEP][PASSED] - waitForElementClickable(findTestObject("Object Repository/CAT_Footer/Ribbon_Menu/Page_Our Benefits - Checkatrade/a_Charity Leave"), 3): Object 'Object Repository/CAT_Footer/Ribbon_Menu/Page_Our Benefits - Checkatrade/a_Charity Leave' is clickable

2020-04-22 09:01:18 - [MESSAGE][PASSED] - Object 'Object Repository/CAT_Footer/Ribbon_Menu/Page_Our Benefits - Checkatrade/a_Charity Leave' is clickable

2020-04-22 09:01:18 - [TEST_STEP][PASSED] - click(findTestObject("Object Repository/CAT_Footer/Ribbon_Menu/Page_Our Benefits - Checkatrade/a_Charity Leave")): Object: 'Object Repository/CAT_Footer/Ribbon_Menu/Page_Our Benefits - Checkatrade/a_Charity Leave' is clicked on

2020-04-22 09:01:20 - [MESSAGE][PASSED] - Object: 'Object Repository/CAT_Footer/Ribbon_Menu/Page_Our Benefits - Checkatrade/a_Charity Leave' is clicked on

2020-04-22 09:01:20 - [TEST_STEP][PASSED] - "--------------------------": null

2020-04-22 09:01:20 - [TEST_STEP][PASSED] - " Verify - Charity Leave Re|": null

2020-04-22 09:01:20 - [TEST_STEP][PASSED] - verifyTextPresent("Home", false): Text 'Home' is present on page 

2020-04-22 09:01:21 - [MESSAGE][PASSED] - Text 'Home' is present on page 

2020-04-22 09:01:21 - [TEST_STEP][PASSED] - scrollToPosition(500, 500): Browser is scrolled to position x = 500, y = 500

2020-04-22 09:01:21 - [MESSAGE][PASSED] - Browser is scrolled to position x = 500, y = 500

2020-04-22 09:01:21 - [TEST_STEP][PASSED] - verifyTextPresent("Our Communications Manager Tash Peddell spent a week", false): Text 'Our Communications Manager Tash Peddell spent a week' is present on page 

2020-04-22 09:01:21 - [MESSAGE][PASSED] - Text 'Our Communications Manager Tash Peddell spent a week' is present on page 

2020-04-22 09:01:21 - [TEST_STEP][PASSED] - scrollToPosition(0, 0): Browser is scrolled to position x = 0, y = 0

2020-04-22 09:01:21 - [MESSAGE][PASSED] - Browser is scrolled to position x = 0, y = 0

2020-04-22 09:01:21 - [TEST_STEP][PASSED] - "--------------------------": null

2020-04-22 09:01:21 - [TEST_STEP][PASSED] - " Ribbon - Our Offices Menu|": null

2020-04-22 09:01:21 - [TEST_STEP][PASSED] - waitForElementClickable(findTestObject("Object Repository/CAT_Footer/Ribbon_Menu/Page_Charity leave - Checkatrade/a_Our Offices"), 3): Object 'Object Repository/CAT_Footer/Ribbon_Menu/Page_Charity leave - Checkatrade/a_Our Offices' is clickable

2020-04-22 09:01:21 - [MESSAGE][PASSED] - Object 'Object Repository/CAT_Footer/Ribbon_Menu/Page_Charity leave - Checkatrade/a_Our Offices' is clickable

2020-04-22 09:01:21 - [TEST_STEP][PASSED] - click(findTestObject("Object Repository/CAT_Footer/Ribbon_Menu/Page_Charity leave - Checkatrade/a_Our Offices")): Object: 'Object Repository/CAT_Footer/Ribbon_Menu/Page_Charity leave - Checkatrade/a_Our Offices' is clicked on

2020-04-22 09:01:23 - [MESSAGE][PASSED] - Object: 'Object Repository/CAT_Footer/Ribbon_Menu/Page_Charity leave - Checkatrade/a_Our Offices' is clicked on

2020-04-22 09:01:23 - [TEST_STEP][PASSED] - "--------------------------": null

2020-04-22 09:01:23 - [TEST_STEP][PASSED] - " Verify - Our Offices Ret |": null

2020-04-22 09:01:23 - [TEST_STEP][PASSED] - verifyTextPresent("Home", false): Text 'Home' is present on page 

2020-04-22 09:01:23 - [MESSAGE][PASSED] - Text 'Home' is present on page 

2020-04-22 09:01:23 - [TEST_STEP][PASSED] - scrollToPosition(500, 500): Browser is scrolled to position x = 500, y = 500

2020-04-22 09:01:23 - [MESSAGE][PASSED] - Browser is scrolled to position x = 500, y = 500

2020-04-22 09:01:23 - [TEST_STEP][PASSED] - verifyTextPresent("Life at Lakeside", false): Text 'Life at Lakeside' is present on page 

2020-04-22 09:01:23 - [MESSAGE][PASSED] - Text 'Life at Lakeside' is present on page 

2020-04-22 09:01:23 - [TEST_STEP][PASSED] - verifyTextPresent("Got an interview", false): Text 'Got an interview' is present on page 

2020-04-22 09:01:23 - [MESSAGE][PASSED] - Text 'Got an interview' is present on page 

2020-04-22 09:01:23 - [TEST_STEP][PASSED] - scrollToPosition(0, 0): Browser is scrolled to position x = 0, y = 0

2020-04-22 09:01:24 - [MESSAGE][PASSED] - Browser is scrolled to position x = 0, y = 0

2020-04-22 09:01:24 - [TEST_STEP][PASSED] - "--------------------------": null

2020-04-22 09:01:24 - [TEST_STEP][PASSED] - " Ribbon - Contact Us Menu |": null

2020-04-22 09:01:24 - [TEST_STEP][PASSED] - waitForElementClickable(findTestObject("Object Repository/CAT_Footer/Ribbon_Menu/Page_Our Offices - Checkatrade/a_Contact Us"), 3): Object 'Object Repository/CAT_Footer/Ribbon_Menu/Page_Our Offices - Checkatrade/a_Contact Us' is clickable

2020-04-22 09:01:24 - [MESSAGE][PASSED] - Object 'Object Repository/CAT_Footer/Ribbon_Menu/Page_Our Offices - Checkatrade/a_Contact Us' is clickable

2020-04-22 09:01:24 - [TEST_STEP][PASSED] - click(findTestObject("Object Repository/CAT_Footer/Ribbon_Menu/Page_Our Offices - Checkatrade/a_Contact Us")): Object: 'Object Repository/CAT_Footer/Ribbon_Menu/Page_Our Offices - Checkatrade/a_Contact Us' is clicked on

2020-04-22 09:01:26 - [MESSAGE][PASSED] - Object: 'Object Repository/CAT_Footer/Ribbon_Menu/Page_Our Offices - Checkatrade/a_Contact Us' is clicked on

2020-04-22 09:01:26 - [TEST_STEP][PASSED] - "--------------------------": null

2020-04-22 09:01:26 - [TEST_STEP][PASSED] - " Verify - Contact Us Ret  |": null

2020-04-22 09:01:26 - [TEST_STEP][PASSED] - verifyTextPresent("Home", false): Text 'Home' is present on page 

2020-04-22 09:01:26 - [MESSAGE][PASSED] - Text 'Home' is present on page 

2020-04-22 09:01:26 - [TEST_STEP][PASSED] - scrollToPosition(500, 500): Browser is scrolled to position x = 500, y = 500

2020-04-22 09:01:26 - [MESSAGE][PASSED] - Browser is scrolled to position x = 500, y = 500

2020-04-22 09:01:26 - [TEST_STEP][PASSED] - verifyTextPresent("Agencies - please note", false): Text 'Agencies - please note' is present on page 

2020-04-22 09:01:26 - [MESSAGE][PASSED] - Text 'Agencies - please note' is present on page 

2020-04-22 09:01:26 - [TEST_STEP][PASSED] - verifyTextPresent("We’re lucky enough to have lots of great people applying to us directly", false): Text 'We’re lucky enough to have lots of great people applying to us directly' is present on page 

2020-04-22 09:01:26 - [MESSAGE][PASSED] - Text 'We’re lucky enough to have lots of great people applying to us directly' is present on page 

2020-04-22 09:01:26 - [TEST_STEP][PASSED] - scrollToPosition(0, 0): Browser is scrolled to position x = 0, y = 0

2020-04-22 09:01:26 - [MESSAGE][PASSED] - Browser is scrolled to position x = 0, y = 0

2020-04-22 09:01:26 - [TEST_STEP][PASSED] - "--------------------------": null

2020-04-22 09:01:26 - [TEST_STEP][PASSED] - " Ribbon - Our vacancies   |": null

2020-04-22 09:01:26 - [TEST_STEP][PASSED] - waitForElementClickable(findTestObject("Object Repository/CAT_Footer/Ribbon_Menu/Page_Contact Us - Checkatrade/a_Our Vacancies"), 3): Object 'Object Repository/CAT_Footer/Ribbon_Menu/Page_Contact Us - Checkatrade/a_Our Vacancies' is clickable

2020-04-22 09:01:27 - [MESSAGE][PASSED] - Object 'Object Repository/CAT_Footer/Ribbon_Menu/Page_Contact Us - Checkatrade/a_Our Vacancies' is clickable

2020-04-22 09:01:27 - [TEST_STEP][PASSED] - click(findTestObject("Object Repository/CAT_Footer/Ribbon_Menu/Page_Contact Us - Checkatrade/a_Our Vacancies")): Object: 'Object Repository/CAT_Footer/Ribbon_Menu/Page_Contact Us - Checkatrade/a_Our Vacancies' is clicked on

2020-04-22 09:01:28 - [MESSAGE][PASSED] - Object: 'Object Repository/CAT_Footer/Ribbon_Menu/Page_Contact Us - Checkatrade/a_Our Vacancies' is clicked on

2020-04-22 09:01:28 - [TEST_STEP][PASSED] - "---------------------------------------": null

2020-04-22 09:01:28 - [TEST_STEP][PASSED] - " Verify Returned Page is as Expected   | Return to Initial Company/DEFAULT PAGE - Verified from Ribbon Test (here) and Footer CAT Test (2 paths)": null

2020-04-22 09:01:29 - [TEST_STEP][PASSED] - callTestCase(findTestCase("Reusable_Test_Sequences/CAT_Footer/Company/Careers_Verification"), [:], CONTINUE_ON_FAILURE): Call Test Case 'Test Cases/Reusable_Test_Sequences/CAT_Footer/Company/Careers_Verification' successfully

2020-04-22 09:01:29 - [TEST_CASE][PASSED] - Test Cases/Reusable_Test_Sequences/CAT_Footer/Company/Careers_Verification: Test Cases/Reusable_Test_Sequences/CAT_Footer/Company/Careers_Verification

2020-04-22 09:01:29 - [TEST_STEP][PASSED] - delay(1): Delayed 1 second(s)

2020-04-22 09:01:30 - [MESSAGE][PASSED] - Delayed 1 second(s)

2020-04-22 09:01:30 - [TEST_STEP][PASSED] - waitForPageLoad(60): Wait for page load successfully

2020-04-22 09:01:30 - [MESSAGE][PASSED] - Wait for page load successfully

2020-04-22 09:01:30 - [TEST_STEP][PASSED] - "Only When Needed": null

2020-04-22 09:01:30 - [TEST_STEP][PASSED] - "CONSIDERATION - Ribbon Menu - For Further Tests": null

2020-04-22 09:01:30 - [TEST_STEP][PASSED] - "----------------------------------------------": null

2020-04-22 09:01:30 - [TEST_STEP][PASSED] - "DEFAULT TAB - None - 1 Page Returned          |": null

2020-04-22 09:01:30 - [TEST_STEP][PASSED] - "----------------------------------------------": null

2020-04-22 09:01:30 - [TEST_STEP][PASSED] - "----------------------------------------------": null

2020-04-22 09:01:30 - [TEST_STEP][PASSED] - "----------------------------------------------": null

2020-04-22 09:01:30 - [TEST_STEP][PASSED] - "Header": null

2020-04-22 09:01:30 - [TEST_STEP][PASSED] - "Ribbon Menu Top Sevel Options": null

2020-04-22 09:01:30 - [TEST_STEP][PASSED] - verifyTextPresent("Our Vacancies", false): Text 'Our Vacancies' is present on page 

2020-04-22 09:01:30 - [MESSAGE][PASSED] - Text 'Our Vacancies' is present on page 

2020-04-22 09:01:31 - [TEST_STEP][PASSED] - verifyTextPresent("About Us", false): Text 'About Us' is present on page 

2020-04-22 09:01:31 - [MESSAGE][PASSED] - Text 'About Us' is present on page 

2020-04-22 09:01:31 - [TEST_STEP][PASSED] - verifyTextPresent("Our Teams", false): Text 'Our Teams' is present on page 

2020-04-22 09:01:32 - [MESSAGE][PASSED] - Text 'Our Teams' is present on page 

2020-04-22 09:01:32 - [TEST_STEP][PASSED] - verifyTextPresent("Our Benefits", false): Text 'Our Benefits' is present on page 

2020-04-22 09:01:32 - [MESSAGE][PASSED] - Text 'Our Benefits' is present on page 

2020-04-22 09:01:32 - [TEST_STEP][PASSED] - verifyTextPresent("Charity Leave", false): Text 'Charity Leave' is present on page 

2020-04-22 09:01:33 - [MESSAGE][PASSED] - Text 'Charity Leave' is present on page 

2020-04-22 09:01:33 - [TEST_STEP][PASSED] - verifyTextPresent("Our Offices", false): Text 'Our Offices' is present on page 

2020-04-22 09:01:33 - [MESSAGE][PASSED] - Text 'Our Offices' is present on page 

2020-04-22 09:01:33 - [TEST_STEP][PASSED] - verifyTextPresent("Contact Us", false): Text 'Contact Us' is present on page 

2020-04-22 09:01:33 - [MESSAGE][PASSED] - Text 'Contact Us' is present on page 

2020-04-22 09:01:33 - [TEST_STEP][PASSED] - verifyTextPresent("Keywords", false): Text 'Keywords' is present on page 

2020-04-22 09:01:34 - [MESSAGE][PASSED] - Text 'Keywords' is present on page 

2020-04-22 09:01:34 - [TEST_STEP][PASSED] - "----------------------------------------------": null

2020-04-22 09:01:34 - [TEST_STEP][PASSED] - verifyTextPresent("Location", false): Text 'Location' is present on page 

2020-04-22 09:01:35 - [MESSAGE][PASSED] - Text 'Location' is present on page 

2020-04-22 09:01:35 - [TEST_STEP][PASSED] - "----------------------------------------------": null

2020-04-22 09:01:35 - [TEST_STEP][PASSED] - verifyTextPresent("Search Jobs", false): Text 'Search Jobs' is present on page 

2020-04-22 09:01:35 - [MESSAGE][PASSED] - Text 'Search Jobs' is present on page 

2020-04-22 09:01:35 - [TEST_STEP][PASSED] - verifyTextPresent("Vacancies", false): Text 'Vacancies' is present on page 

2020-04-22 09:01:36 - [MESSAGE][PASSED] - Text 'Vacancies' is present on page 

2020-04-22 09:01:36 - [TEST_STEP][PASSED] - verifyTextPresent("Refine", false): Text 'Refine' is present on page 

2020-04-22 09:01:36 - [MESSAGE][PASSED] - Text 'Refine' is present on page 

2020-04-22 09:01:36 - [TEST_STEP][PASSED] - verifyTextPresent("Sort By", false): Text 'Sort By' is present on page 

2020-04-22 09:01:37 - [MESSAGE][PASSED] - Text 'Sort By' is present on page 

2020-04-22 09:01:37 - [TEST_STEP][PASSED] - "----------------------------------------------": null

2020-04-22 09:01:37 - [TEST_STEP][PASSED] - "----------------------------------------------": null

2020-04-22 09:01:37 - [TEST_STEP][PASSED] - "Page Body": null

2020-04-22 09:01:37 - [TEST_STEP][PASSED] - "----------------------------------------------": null

2020-04-22 09:01:37 - [TEST_STEP][PASSED] - "Changing Content :-)": null

2020-04-22 09:01:37 - [TEST_STEP][PASSED] - scrollToPosition(5000, 5000): Browser is scrolled to position x = 5000, y = 5000

2020-04-22 09:01:37 - [MESSAGE][PASSED] - Browser is scrolled to position x = 5000, y = 5000

2020-04-22 09:01:37 - [TEST_STEP][PASSED] - delay(1): Delayed 1 second(s)

2020-04-22 09:01:38 - [MESSAGE][PASSED] - Delayed 1 second(s)

2020-04-22 09:01:38 - [TEST_STEP][PASSED] - "Footer": null

2020-04-22 09:01:38 - [TEST_STEP][PASSED] - verifyTextPresent("More Info", false): Text 'More Info' is present on page 

2020-04-22 09:01:38 - [MESSAGE][PASSED] - Text 'More Info' is present on page 

2020-04-22 09:01:38 - [TEST_STEP][PASSED] - verifyTextPresent("Apply", false): Text 'Apply' is present on page 

2020-04-22 09:01:39 - [MESSAGE][PASSED] - Text 'Apply' is present on page 

2020-04-22 09:01:39 - [TEST_STEP][PASSED] - verifyTextPresent("Sign up for job alerts and be the first to know about new opportunities", false): Text 'Sign up for job alerts and be the first to know about new opportunities' is present on page 

2020-04-22 09:01:39 - [MESSAGE][PASSED] - Text 'Sign up for job alerts and be the first to know about new opportunities' is present on page 

2020-04-22 09:01:39 - [TEST_STEP][PASSED] - verifyTextPresent("If you can’t see a job that’s an exact match for your skills and experience, please sign up for our jobs alerts here", false): Text 'If you can’t see a job that’s an exact match for your skills and experience, please sign up for our jobs alerts here' is present on page 

2020-04-22 09:01:40 - [MESSAGE][PASSED] - Text 'If you can’t see a job that’s an exact match for your skills and experience, please sign up for our jobs alerts here' is present on page 

2020-04-22 09:01:40 - [TEST_STEP][PASSED] - verifyTextPresent("Register", false): Text 'Register' is present on page 

2020-04-22 09:01:41 - [MESSAGE][PASSED] - Text 'Register' is present on page 

2020-04-22 09:01:41 - [MESSAGE][PASSED] - Call Test Case 'Test Cases/Reusable_Test_Sequences/CAT_Footer/Company/Careers_Verification' successfully

2020-04-22 09:01:41 - [TEST_STEP][PASSED] - "--------------------------": null

2020-04-22 09:01:41 - [TEST_STEP][PASSED] - " Teardown - CLose Browser |": null

2020-04-22 09:01:41 - [TEST_STEP][PASSED] - callTestCase(findTestCase("Reusable_Test_Sequences/CAT_Teardown"), [:], OPTIONAL): Call Test Case 'Test Cases/Reusable_Test_Sequences/CAT_Teardown' successfully

2020-04-22 09:01:42 - [TEST_CASE][PASSED] - Test Cases/Reusable_Test_Sequences/CAT_Teardown: Test Cases/Reusable_Test_Sequences/CAT_Teardown

2020-04-22 09:01:42 - [TEST_STEP][PASSED] - closeBrowser(): Browser is closed

2020-04-22 09:01:44 - [MESSAGE][PASSED] - Browser is closed

2020-04-22 09:01:44 - [TEST_STEP][PASSED] - super.finalize(): null

2020-04-22 09:01:44 - [TEST_STEP][PASSED] - System.gc(): null

2020-04-22 09:01:44 - [MESSAGE][PASSED] - Call Test Case 'Test Cases/Reusable_Test_Sequences/CAT_Teardown' successfully]]></system-out>
         <system-err><![CDATA[]]></system-err>
      </testcase>
      <testcase name="Test Cases/CAT_Footer/Homeowner/Advice_Inspiration" time="39.37" classname="Test Cases/CAT_Footer/Homeowner/Advice_Inspiration" status="PASSED">
         <system-out><![CDATA[2020-04-22 09:01:44 - [TEST_CASE][PASSED] - Test Cases/CAT_Footer/Homeowner/Advice_Inspiration: Test Cases/CAT_Footer/Homeowner/Advice_Inspiration

2020-04-22 09:01:44 - [TEST_STEP][PASSED] - callTestCase(findTestCase("Reusable_Test_Sequences/CAT_Setup"), [:], OPTIONAL): Call Test Case 'Test Cases/Reusable_Test_Sequences/CAT_Setup' successfully

2020-04-22 09:01:44 - [TEST_CASE][PASSED] - Test Cases/Reusable_Test_Sequences/CAT_Setup: Test Cases/Reusable_Test_Sequences/CAT_Setup

2020-04-22 09:01:44 - [TEST_STEP][PASSED] - "------------------------------": null

2020-04-22 09:01:44 - [TEST_STEP][PASSED] - " Set Mobile Device Testing    |": null

2020-04-22 09:01:44 - [TEST_STEP][PASSED] - if (Mobile_Flag == "true"): null

2020-04-22 09:01:44 - [TEST_STEP][PASSED] - "------------------------------": null

2020-04-22 09:01:44 - [TEST_STEP][PASSED] - " Set Mobile Device Testing    |": null

2020-04-22 09:01:44 - [TEST_STEP][PASSED] - "------------------------------": null

2020-04-22 09:01:44 - [TEST_STEP][PASSED] - "URL - Set from the ENVIRONMENT PROFILE ": null

2020-04-22 09:01:44 - [TEST_STEP][PASSED] - openBrowser(URL): Browser is opened with url: 'https://www.preview.checkatrade.com/'

2020-04-22 09:01:44 - [MESSAGE][INFO] - Starting 'Chrome' driver

2020-04-22 09:01:44 - [MESSAGE][INFO] - Action delay is set to 0 milliseconds

2020-04-22 09:01:54 - [MESSAGE][PASSED] - Browser is opened with url: 'https://www.preview.checkatrade.com/'

2020-04-22 09:01:54 - [TEST_STEP][PASSED] - maximizeWindow(): Current window maximized

2020-04-22 09:01:56 - [MESSAGE][PASSED] - Current window maximized

2020-04-22 09:01:56 - [TEST_STEP][PASSED] - waitForPageLoad(60): Wait for page load successfully

2020-04-22 09:01:56 - [MESSAGE][PASSED] - Wait for page load successfully

2020-04-22 09:01:56 - [TEST_STEP][PASSED] - "Previous Functionalilty Left Commented For Ease Of reversion": null

2020-04-22 09:01:56 - [TEST_STEP][PASSED] - " Katalon Try/Catches currently have issues? SEE HEADER": null

2020-04-22 09:01:56 - [TEST_STEP][PASSED] - try: Text 'Cookie Policy' is not present on page

2020-04-22 09:01:56 - [TEST_STEP][PASSED] - verifyElementPresent(findTestObject("Object Repository/Cookies/Page_Checkatrade Find a tradesperson you can trust/button_Accept All"), 5, OPTIONAL): Object 'Object Repository/Cookies/Page_Checkatrade Find a tradesperson you can trust/button_Accept All' is present

2020-04-22 09:01:56 - [MESSAGE][PASSED] - Object 'Object Repository/Cookies/Page_Checkatrade Find a tradesperson you can trust/button_Accept All' is present

2020-04-22 09:01:56 - [TEST_STEP][PASSED] - click(findTestObject("Object Repository/Cookies/Page_Checkatrade Find a tradesperson you can trust/button_Accept All"), OPTIONAL): Object: 'Object Repository/Cookies/Page_Checkatrade Find a tradesperson you can trust/button_Accept All' is clicked on

2020-04-22 09:01:57 - [MESSAGE][PASSED] - Object: 'Object Repository/Cookies/Page_Checkatrade Find a tradesperson you can trust/button_Accept All' is clicked on

2020-04-22 09:01:57 - [TEST_STEP][PASSED] - "---------------------------------": null

2020-04-22 09:01:57 - [TEST_STEP][PASSED] - "COOKIE POPOUT REMOVED - Confirmed": null

2020-04-22 09:01:57 - [TEST_STEP][PASSED] - delay(1): Delayed 1 second(s)

2020-04-22 09:01:58 - [MESSAGE][PASSED] - Delayed 1 second(s)

2020-04-22 09:01:58 - [TEST_STEP][PASSED] - verifyTextNotPresent("We use cookies to personalise content and ads, to provide social media features and to analyse our traffic", false): Text 'We use cookies to personalise content and ads, to provide social media features and to analyse our traffic' is not present on page

2020-04-22 09:02:00 - [MESSAGE][PASSED] - Text 'We use cookies to personalise content and ads, to provide social media features and to analyse our traffic' is not present on page

2020-04-22 09:02:00 - [TEST_STEP][PASSED] - verifyTextNotPresent(" We also share information about your use of our site with our social media, advertising and analytics partners", false): Text ' We also share information about your use of our site with our social media, advertising and analytics partners' is not present on page

2020-04-22 09:02:00 - [MESSAGE][PASSED] - Text ' We also share information about your use of our site with our social media, advertising and analytics partners' is not present on page

2020-04-22 09:02:00 - [TEST_STEP][PASSED] - verifyTextNotPresent("Cookie Policy", false): Text 'Cookie Policy' is not present on page

2020-04-22 09:02:00 - [MESSAGE][PASSED] - Text 'Cookie Policy' is not present on page

2020-04-22 09:02:00 - [TEST_STEP][PASSED] - waitForPageLoad(60): Wait for page load successfully

2020-04-22 09:02:00 - [MESSAGE][PASSED] - Wait for page load successfully

2020-04-22 09:02:00 - [TEST_STEP][PASSED] - "COOKIE - ORIGINAL": null

2020-04-22 09:02:00 - [TEST_STEP][PASSED] - if (waitForElementVisible(findTestObject("Object Repository/Feedback/Page_Checkatrade Give your feedback/input_Member_to_Review"), 5)): Web element with id: 'Object Repository/Feedback/Page_Checkatrade Give your feedback/input_Member_to_Review' located by 'By.xpath: //input[@id='feedback-form__company_autocomplete_input']' not found

2020-04-22 09:02:06 - [MESSAGE][INFO] - Unable to find the element located by 'By.xpath: //input[@id='feedback-form__company_autocomplete_input']'. Please recheck the objects properties to make sure the desired element is located. 

2020-04-22 09:02:06 - [MESSAGE][WARNING] - Web element with id: 'Object Repository/Feedback/Page_Checkatrade Give your feedback/input_Member_to_Review' located by 'By.xpath: //input[@id='feedback-form__company_autocomplete_input']' not found

2020-04-22 09:02:06 - [TEST_STEP][PASSED] - else: The <<<OLD>>> Website was detected by the STARTUP Process

2020-04-22 09:02:06 - [TEST_STEP][PASSED] - if (!(verifyElementVisible(findTestObject("Object Repository/Checkatrade_Trade_Search_Page/Page_Checkatrade Find a tradesperson you can trust/input_Search_Button_FF")))): Object 'Object Repository/Checkatrade_Trade_Search_Page/Page_Checkatrade Find a tradesperson you can trust/input_Search_Button_FF' is visible

2020-04-22 09:02:06 - [MESSAGE][PASSED] - Object 'Object Repository/Checkatrade_Trade_Search_Page/Page_Checkatrade Find a tradesperson you can trust/input_Search_Button_FF' is visible

2020-04-22 09:02:06 - [TEST_STEP][PASSED] - else: The <<<OLD>>> Website was detected by the STARTUP Process

2020-04-22 09:02:06 - [TEST_STEP][PASSED] - Website_Version = "old": null

2020-04-22 09:02:06 - [TEST_STEP][PASSED] - logInfo("The <<<OLD>>> Website was detected by the STARTUP Process"): The <<<OLD>>> Website was detected by the STARTUP Process

2020-04-22 09:02:06 - [MESSAGE][INFO] - The <<<OLD>>> Website was detected by the STARTUP Process

2020-04-22 09:02:06 - [MESSAGE][PASSED] - Call Test Case 'Test Cases/Reusable_Test_Sequences/CAT_Setup' successfully

2020-04-22 09:02:06 - [TEST_STEP][PASSED] - callTestCase(findTestCase("Reusable_Test_Sequences/CAT_Home"), [:], CONTINUE_ON_FAILURE): Call Test Case 'Test Cases/Reusable_Test_Sequences/CAT_Home' successfully

2020-04-22 09:02:06 - [TEST_CASE][PASSED] - Test Cases/Reusable_Test_Sequences/CAT_Home: Test Cases/Reusable_Test_Sequences/CAT_Home

2020-04-22 09:02:06 - [TEST_STEP][PASSED] - waitForPageLoad(60): Wait for page load successfully

2020-04-22 09:02:06 - [MESSAGE][PASSED] - Wait for page load successfully

2020-04-22 09:02:06 - [TEST_STEP][PASSED] - delay(2): Delayed 2 second(s)

2020-04-22 09:02:08 - [MESSAGE][PASSED] - Delayed 2 second(s)

2020-04-22 09:02:08 - [TEST_STEP][PASSED] - "------------------------------------": null

2020-04-22 09:02:08 - [TEST_STEP][PASSED] - if (Website_Version == "new"): null

2020-04-22 09:02:08 - [TEST_STEP][PASSED] - else: Text 'Over a million visits to Checkatrade each month' is present on page 

2020-04-22 09:02:08 - [TEST_STEP][PASSED] - verifyTextPresent("Helping you find the right trade or service", false): Text 'Helping you find the right trade or service' is present on page 

2020-04-22 09:02:08 - [MESSAGE][PASSED] - Text 'Helping you find the right trade or service' is present on page 

2020-04-22 09:02:08 - [TEST_STEP][PASSED] - verifyTextPresent("Search through over", false): Text 'Search through over' is present on page 

2020-04-22 09:02:08 - [MESSAGE][PASSED] - Text 'Search through over' is present on page 

2020-04-22 09:02:08 - [TEST_STEP][PASSED] - verifyTextPresent("recommended, vetted and monitored trades and service providers for free.", false): Text 'recommended, vetted and monitored trades and service providers for free.' is present on page 

2020-04-22 09:02:08 - [MESSAGE][PASSED] - Text 'recommended, vetted and monitored trades and service providers for free.' is present on page 

2020-04-22 09:02:08 - [TEST_STEP][PASSED] - verifyTextPresent("reviews published so far – thank you!", false): Text 'reviews published so far – thank you!' is present on page 

2020-04-22 09:02:08 - [MESSAGE][PASSED] - Text 'reviews published so far – thank you!' is present on page 

2020-04-22 09:02:08 - [TEST_STEP][PASSED] - verifyTextPresent("I need a trade or service", false): Text 'I need a trade or service' is present on page 

2020-04-22 09:02:09 - [MESSAGE][PASSED] - Text 'I need a trade or service' is present on page 

2020-04-22 09:02:09 - [TEST_STEP][PASSED] - verifyTextPresent("Every trader thoroughly checked and vetted", false): Text 'Every trader thoroughly checked and vetted' is present on page 

2020-04-22 09:02:09 - [MESSAGE][PASSED] - Text 'Every trader thoroughly checked and vetted' is present on page 

2020-04-22 09:02:09 - [TEST_STEP][PASSED] - "------------------------------------": null

2020-04-22 09:02:09 - [TEST_STEP][PASSED] - verifyTextPresent("reviews published so far – thank you!", false): Text 'reviews published so far – thank you!' is present on page 

2020-04-22 09:02:09 - [MESSAGE][PASSED] - Text 'reviews published so far – thank you!' is present on page 

2020-04-22 09:02:09 - [TEST_STEP][PASSED] - verifyTextPresent("Find out more", false): Text 'Find out more' is present on page 

2020-04-22 09:02:09 - [MESSAGE][PASSED] - Text 'Find out more' is present on page 

2020-04-22 09:02:09 - [TEST_STEP][PASSED] - verifyTextPresent("I am a tradesman", false): Text 'I am a tradesman' is present on page 

2020-04-22 09:02:09 - [MESSAGE][PASSED] - Text 'I am a tradesman' is present on page 

2020-04-22 09:02:09 - [TEST_STEP][PASSED] - verifyTextPresent("Find out more", false): Text 'Find out more' is present on page 

2020-04-22 09:02:10 - [MESSAGE][PASSED] - Text 'Find out more' is present on page 

2020-04-22 09:02:10 - [TEST_STEP][PASSED] - verifyTextPresent("Over a million visits to Checkatrade each month", false): Text 'Over a million visits to Checkatrade each month' is present on page 

2020-04-22 09:02:10 - [MESSAGE][PASSED] - Text 'Over a million visits to Checkatrade each month' is present on page 

2020-04-22 09:02:10 - [MESSAGE][PASSED] - Call Test Case 'Test Cases/Reusable_Test_Sequences/CAT_Home' successfully

2020-04-22 09:02:10 - [TEST_STEP][PASSED] - "--------------------------------------------": null

2020-04-22 09:02:10 - [TEST_STEP][PASSED] - " Navigate to Homeowner->Advice & Aspiration |": null

2020-04-22 09:02:10 - [TEST_STEP][PASSED] - scrollToElement(findTestObject("Object Repository/CAT_Footer/Page_Checkatrade Find a tradesperson you can trust/div_Advice  Inspiration"), 3): Scroll to object 'Object Repository/CAT_Footer/Page_Checkatrade Find a tradesperson you can trust/div_Advice  Inspiration' successfully

2020-04-22 09:02:10 - [MESSAGE][PASSED] - Scroll to object 'Object Repository/CAT_Footer/Page_Checkatrade Find a tradesperson you can trust/div_Advice  Inspiration' successfully

2020-04-22 09:02:10 - [TEST_STEP][PASSED] - click(findTestObject("Object Repository/CAT_Footer/Page_Checkatrade Find a tradesperson you can trust/div_Advice  Inspiration")): Object: 'Object Repository/CAT_Footer/Page_Checkatrade Find a tradesperson you can trust/div_Advice  Inspiration' is clicked on

2020-04-22 09:02:14 - [MESSAGE][PASSED] - Object: 'Object Repository/CAT_Footer/Page_Checkatrade Find a tradesperson you can trust/div_Advice  Inspiration' is clicked on

2020-04-22 09:02:14 - [TEST_STEP][PASSED] - "---------------------------------------": null

2020-04-22 09:02:14 - [TEST_STEP][PASSED] - " Verify Returned Page is as Expected   |": null

2020-04-22 09:02:14 - [TEST_STEP][PASSED] - callTestCase(findTestCase("Reusable_Test_Sequences/CAT_Footer/Homeowner/Advice_Inspiration_Verification"), [:], CONTINUE_ON_FAILURE): Call Test Case 'Test Cases/Reusable_Test_Sequences/CAT_Footer/Homeowner/Advice_Inspiration_Verification' successfully

2020-04-22 09:02:15 - [TEST_CASE][PASSED] - Test Cases/Reusable_Test_Sequences/CAT_Footer/Homeowner/Advice_Inspiration_Verification: Test Cases/Reusable_Test_Sequences/CAT_Footer/Homeowner/Advice_Inspiration_Verification

2020-04-22 09:02:15 - [TEST_STEP][PASSED] - delay(1): Delayed 1 second(s)

2020-04-22 09:02:16 - [MESSAGE][PASSED] - Delayed 1 second(s)

2020-04-22 09:02:16 - [TEST_STEP][PASSED] - waitForPageLoad(60): Wait for page load successfully

2020-04-22 09:02:16 - [MESSAGE][PASSED] - Wait for page load successfully

2020-04-22 09:02:16 - [TEST_STEP][PASSED] - "Only When Needed": null

2020-04-22 09:02:16 - [TEST_STEP][PASSED] - "----------------------------------------------": null

2020-04-22 09:02:16 - [TEST_STEP][PASSED] - "DEFAULT TAB - None - 1 Page Returned          |": null

2020-04-22 09:02:16 - [TEST_STEP][PASSED] - "----------------------------------------------": null

2020-04-22 09:02:16 - [TEST_STEP][PASSED] - "----------------------------------------------": null

2020-04-22 09:02:16 - [TEST_STEP][PASSED] - "----------------------------------------------": null

2020-04-22 09:02:16 - [TEST_STEP][PASSED] - verifyTextPresent("Welcome to the", false): Text 'Welcome to the' is present on page 

2020-04-22 09:02:17 - [MESSAGE][PASSED] - Text 'Welcome to the' is present on page 

2020-04-22 09:02:17 - [TEST_STEP][PASSED] - verifyTextPresent("Homeowner Advice Centre", false): Text 'Homeowner Advice Centre' is present on page 

2020-04-22 09:02:17 - [MESSAGE][PASSED] - Text 'Homeowner Advice Centre' is present on page 

2020-04-22 09:02:17 - [TEST_STEP][PASSED] - "----------------------------------------------": null

2020-04-22 09:02:17 - [TEST_STEP][PASSED] - verifyTextPresent("Homeowner", false): Text 'Homeowner' is present on page 

2020-04-22 09:02:17 - [MESSAGE][PASSED] - Text 'Homeowner' is present on page 

2020-04-22 09:02:17 - [TEST_STEP][PASSED] - verifyTextPresent("Trade", false): Text 'Trade' is present on page 

2020-04-22 09:02:17 - [MESSAGE][PASSED] - Text 'Trade' is present on page 

2020-04-22 09:02:17 - [TEST_STEP][PASSED] - verifyTextPresent("Our homeowner advice centre offers tools, expert guidance and inspiration", false): Text 'Our homeowner advice centre offers tools, expert guidance and inspiration' is present on page 

2020-04-22 09:02:17 - [MESSAGE][PASSED] - Text 'Our homeowner advice centre offers tools, expert guidance and inspiration' is present on page 

2020-04-22 09:02:17 - [TEST_STEP][PASSED] - verifyTextPresent("for home projects with insider tips from our checked vetted tradespeople", false): Text 'for home projects with insider tips from our checked vetted tradespeople' is present on page 

2020-04-22 09:02:18 - [MESSAGE][PASSED] - Text 'for home projects with insider tips from our checked vetted tradespeople' is present on page 

2020-04-22 09:02:18 - [TEST_STEP][PASSED] - scrollToPosition(500, 500): Browser is scrolled to position x = 500, y = 500

2020-04-22 09:02:18 - [MESSAGE][PASSED] - Browser is scrolled to position x = 500, y = 500

2020-04-22 09:02:18 - [TEST_STEP][PASSED] - delay(1): Delayed 1 second(s)

2020-04-22 09:02:19 - [MESSAGE][PASSED] - Delayed 1 second(s)

2020-04-22 09:02:19 - [TEST_STEP][PASSED] - verifyTextPresent("Featured Topics", false): Text 'Featured Topics' is present on page 

2020-04-22 09:02:19 - [MESSAGE][PASSED] - Text 'Featured Topics' is present on page 

2020-04-22 09:02:19 - [TEST_STEP][PASSED] - verifyTextPresent("Projects", false): Text 'Projects' is present on page 

2020-04-22 09:02:19 - [MESSAGE][PASSED] - Text 'Projects' is present on page 

2020-04-22 09:02:19 - [TEST_STEP][PASSED] - verifyTextPresent("Cost Guides", false): Text 'Cost Guides' is present on page 

2020-04-22 09:02:19 - [MESSAGE][PASSED] - Text 'Cost Guides' is present on page 

2020-04-22 09:02:19 - [TEST_STEP][PASSED] - verifyTextPresent("Inspiration", false): Text 'Inspiration' is present on page 

2020-04-22 09:02:20 - [MESSAGE][PASSED] - Text 'Inspiration' is present on page 

2020-04-22 09:02:20 - [TEST_STEP][PASSED] - verifyTextPresent("How-To", false): Text 'How-To' is present on page 

2020-04-22 09:02:20 - [MESSAGE][PASSED] - Text 'How-To' is present on page 

2020-04-22 09:02:20 - [TEST_STEP][PASSED] - scrollToPosition(1000, 1000): Browser is scrolled to position x = 1000, y = 1000

2020-04-22 09:02:21 - [MESSAGE][PASSED] - Browser is scrolled to position x = 1000, y = 1000

2020-04-22 09:02:21 - [TEST_STEP][PASSED] - delay(1): Delayed 1 second(s)

2020-04-22 09:02:22 - [MESSAGE][PASSED] - Delayed 1 second(s)

2020-04-22 09:02:22 - [TEST_STEP][PASSED] - "Footer": null

2020-04-22 09:02:22 - [TEST_STEP][PASSED] - verifyTextPresent("We use cookies to help make this website better", false): Text 'We use cookies to help make this website better' is present on page 

2020-04-22 09:02:22 - [MESSAGE][PASSED] - Text 'We use cookies to help make this website better' is present on page 

2020-04-22 09:02:22 - [MESSAGE][PASSED] - Call Test Case 'Test Cases/Reusable_Test_Sequences/CAT_Footer/Homeowner/Advice_Inspiration_Verification' successfully

2020-04-22 09:02:22 - [TEST_STEP][PASSED] - "--------------------------": null

2020-04-22 09:02:22 - [TEST_STEP][PASSED] - " Teardown - CLose Browser |": null

2020-04-22 09:02:22 - [TEST_STEP][PASSED] - callTestCase(findTestCase("Reusable_Test_Sequences/CAT_Teardown"), [:], OPTIONAL): Call Test Case 'Test Cases/Reusable_Test_Sequences/CAT_Teardown' successfully

2020-04-22 09:02:22 - [TEST_CASE][PASSED] - Test Cases/Reusable_Test_Sequences/CAT_Teardown: Test Cases/Reusable_Test_Sequences/CAT_Teardown

2020-04-22 09:02:22 - [TEST_STEP][PASSED] - closeBrowser(): Browser is closed

2020-04-22 09:02:23 - [MESSAGE][PASSED] - Browser is closed

2020-04-22 09:02:23 - [TEST_STEP][PASSED] - super.finalize(): null

2020-04-22 09:02:23 - [TEST_STEP][PASSED] - System.gc(): null

2020-04-22 09:02:23 - [MESSAGE][PASSED] - Call Test Case 'Test Cases/Reusable_Test_Sequences/CAT_Teardown' successfully]]></system-out>
         <system-err><![CDATA[]]></system-err>
      </testcase>
      <testcase name="Test Cases/CAT_Footer/Homeowner/Complaints_About_A_Member" time="49.926" classname="Test Cases/CAT_Footer/Homeowner/Complaints_About_A_Member" status="PASSED">
         <system-out><![CDATA[2020-04-22 09:02:23 - [TEST_CASE][PASSED] - Test Cases/CAT_Footer/Homeowner/Complaints_About_A_Member: Test Cases/CAT_Footer/Homeowner/Complaints_About_A_Member

2020-04-22 09:02:24 - [TEST_STEP][PASSED] - callTestCase(findTestCase("Reusable_Test_Sequences/CAT_Setup"), [:], OPTIONAL): Call Test Case 'Test Cases/Reusable_Test_Sequences/CAT_Setup' successfully

2020-04-22 09:02:24 - [TEST_CASE][PASSED] - Test Cases/Reusable_Test_Sequences/CAT_Setup: Test Cases/Reusable_Test_Sequences/CAT_Setup

2020-04-22 09:02:24 - [TEST_STEP][PASSED] - "------------------------------": null

2020-04-22 09:02:24 - [TEST_STEP][PASSED] - " Set Mobile Device Testing    |": null

2020-04-22 09:02:24 - [TEST_STEP][PASSED] - if (Mobile_Flag == "true"): null

2020-04-22 09:02:24 - [TEST_STEP][PASSED] - "------------------------------": null

2020-04-22 09:02:24 - [TEST_STEP][PASSED] - " Set Mobile Device Testing    |": null

2020-04-22 09:02:24 - [TEST_STEP][PASSED] - "------------------------------": null

2020-04-22 09:02:24 - [TEST_STEP][PASSED] - "URL - Set from the ENVIRONMENT PROFILE ": null

2020-04-22 09:02:24 - [TEST_STEP][PASSED] - openBrowser(URL): Browser is opened with url: 'https://www.preview.checkatrade.com/'

2020-04-22 09:02:24 - [MESSAGE][INFO] - Starting 'Chrome' driver

2020-04-22 09:02:24 - [MESSAGE][INFO] - Action delay is set to 0 milliseconds

2020-04-22 09:02:33 - [MESSAGE][PASSED] - Browser is opened with url: 'https://www.preview.checkatrade.com/'

2020-04-22 09:02:33 - [TEST_STEP][PASSED] - maximizeWindow(): Current window maximized

2020-04-22 09:02:36 - [MESSAGE][PASSED] - Current window maximized

2020-04-22 09:02:36 - [TEST_STEP][PASSED] - waitForPageLoad(60): Wait for page load successfully

2020-04-22 09:02:36 - [MESSAGE][PASSED] - Wait for page load successfully

2020-04-22 09:02:36 - [TEST_STEP][PASSED] - "Previous Functionalilty Left Commented For Ease Of reversion": null

2020-04-22 09:02:36 - [TEST_STEP][PASSED] - " Katalon Try/Catches currently have issues? SEE HEADER": null

2020-04-22 09:02:36 - [TEST_STEP][PASSED] - try: Text 'Cookie Policy' is not present on page

2020-04-22 09:02:36 - [TEST_STEP][PASSED] - verifyElementPresent(findTestObject("Object Repository/Cookies/Page_Checkatrade Find a tradesperson you can trust/button_Accept All"), 5, OPTIONAL): Object 'Object Repository/Cookies/Page_Checkatrade Find a tradesperson you can trust/button_Accept All' is present

2020-04-22 09:02:36 - [MESSAGE][PASSED] - Object 'Object Repository/Cookies/Page_Checkatrade Find a tradesperson you can trust/button_Accept All' is present

2020-04-22 09:02:36 - [TEST_STEP][PASSED] - click(findTestObject("Object Repository/Cookies/Page_Checkatrade Find a tradesperson you can trust/button_Accept All"), OPTIONAL): Object: 'Object Repository/Cookies/Page_Checkatrade Find a tradesperson you can trust/button_Accept All' is clicked on

2020-04-22 09:02:37 - [MESSAGE][PASSED] - Object: 'Object Repository/Cookies/Page_Checkatrade Find a tradesperson you can trust/button_Accept All' is clicked on

2020-04-22 09:02:37 - [TEST_STEP][PASSED] - "---------------------------------": null

2020-04-22 09:02:37 - [TEST_STEP][PASSED] - "COOKIE POPOUT REMOVED - Confirmed": null

2020-04-22 09:02:37 - [TEST_STEP][PASSED] - delay(1): Delayed 1 second(s)

2020-04-22 09:02:38 - [MESSAGE][PASSED] - Delayed 1 second(s)

2020-04-22 09:02:38 - [TEST_STEP][PASSED] - verifyTextNotPresent("We use cookies to personalise content and ads, to provide social media features and to analyse our traffic", false): Text 'We use cookies to personalise content and ads, to provide social media features and to analyse our traffic' is not present on page

2020-04-22 09:02:41 - [MESSAGE][PASSED] - Text 'We use cookies to personalise content and ads, to provide social media features and to analyse our traffic' is not present on page

2020-04-22 09:02:41 - [TEST_STEP][PASSED] - verifyTextNotPresent(" We also share information about your use of our site with our social media, advertising and analytics partners", false): Text ' We also share information about your use of our site with our social media, advertising and analytics partners' is not present on page

2020-04-22 09:02:41 - [MESSAGE][PASSED] - Text ' We also share information about your use of our site with our social media, advertising and analytics partners' is not present on page

2020-04-22 09:02:41 - [TEST_STEP][PASSED] - verifyTextNotPresent("Cookie Policy", false): Text 'Cookie Policy' is not present on page

2020-04-22 09:02:41 - [MESSAGE][PASSED] - Text 'Cookie Policy' is not present on page

2020-04-22 09:02:41 - [TEST_STEP][PASSED] - waitForPageLoad(60): Wait for page load successfully

2020-04-22 09:02:41 - [MESSAGE][PASSED] - Wait for page load successfully

2020-04-22 09:02:41 - [TEST_STEP][PASSED] - "COOKIE - ORIGINAL": null

2020-04-22 09:02:41 - [TEST_STEP][PASSED] - if (waitForElementVisible(findTestObject("Object Repository/Feedback/Page_Checkatrade Give your feedback/input_Member_to_Review"), 5)): Web element with id: 'Object Repository/Feedback/Page_Checkatrade Give your feedback/input_Member_to_Review' located by 'By.xpath: //input[@id='feedback-form__company_autocomplete_input']' not found

2020-04-22 09:02:47 - [MESSAGE][INFO] - Unable to find the element located by 'By.xpath: //input[@id='feedback-form__company_autocomplete_input']'. Please recheck the objects properties to make sure the desired element is located. 

2020-04-22 09:02:47 - [MESSAGE][WARNING] - Web element with id: 'Object Repository/Feedback/Page_Checkatrade Give your feedback/input_Member_to_Review' located by 'By.xpath: //input[@id='feedback-form__company_autocomplete_input']' not found

2020-04-22 09:02:47 - [TEST_STEP][PASSED] - else: The <<<OLD>>> Website was detected by the STARTUP Process

2020-04-22 09:02:47 - [TEST_STEP][PASSED] - if (!(verifyElementVisible(findTestObject("Object Repository/Checkatrade_Trade_Search_Page/Page_Checkatrade Find a tradesperson you can trust/input_Search_Button_FF")))): Object 'Object Repository/Checkatrade_Trade_Search_Page/Page_Checkatrade Find a tradesperson you can trust/input_Search_Button_FF' is visible

2020-04-22 09:02:47 - [MESSAGE][PASSED] - Object 'Object Repository/Checkatrade_Trade_Search_Page/Page_Checkatrade Find a tradesperson you can trust/input_Search_Button_FF' is visible

2020-04-22 09:02:47 - [TEST_STEP][PASSED] - else: The <<<OLD>>> Website was detected by the STARTUP Process

2020-04-22 09:02:47 - [TEST_STEP][PASSED] - Website_Version = "old": null

2020-04-22 09:02:47 - [TEST_STEP][PASSED] - logInfo("The <<<OLD>>> Website was detected by the STARTUP Process"): The <<<OLD>>> Website was detected by the STARTUP Process

2020-04-22 09:02:47 - [MESSAGE][INFO] - The <<<OLD>>> Website was detected by the STARTUP Process

2020-04-22 09:02:47 - [MESSAGE][PASSED] - Call Test Case 'Test Cases/Reusable_Test_Sequences/CAT_Setup' successfully

2020-04-22 09:02:47 - [TEST_STEP][PASSED] - callTestCase(findTestCase("Reusable_Test_Sequences/CAT_Home"), [:], CONTINUE_ON_FAILURE): Call Test Case 'Test Cases/Reusable_Test_Sequences/CAT_Home' successfully

2020-04-22 09:02:47 - [TEST_CASE][PASSED] - Test Cases/Reusable_Test_Sequences/CAT_Home: Test Cases/Reusable_Test_Sequences/CAT_Home

2020-04-22 09:02:47 - [TEST_STEP][PASSED] - waitForPageLoad(60): Wait for page load successfully

2020-04-22 09:02:47 - [MESSAGE][PASSED] - Wait for page load successfully

2020-04-22 09:02:47 - [TEST_STEP][PASSED] - delay(2): Delayed 2 second(s)

2020-04-22 09:02:49 - [MESSAGE][PASSED] - Delayed 2 second(s)

2020-04-22 09:02:49 - [TEST_STEP][PASSED] - "------------------------------------": null

2020-04-22 09:02:49 - [TEST_STEP][PASSED] - if (Website_Version == "new"): null

2020-04-22 09:02:49 - [TEST_STEP][PASSED] - else: Text 'Over a million visits to Checkatrade each month' is present on page 

2020-04-22 09:02:49 - [TEST_STEP][PASSED] - verifyTextPresent("Helping you find the right trade or service", false): Text 'Helping you find the right trade or service' is present on page 

2020-04-22 09:02:49 - [MESSAGE][PASSED] - Text 'Helping you find the right trade or service' is present on page 

2020-04-22 09:02:49 - [TEST_STEP][PASSED] - verifyTextPresent("Search through over", false): Text 'Search through over' is present on page 

2020-04-22 09:02:49 - [MESSAGE][PASSED] - Text 'Search through over' is present on page 

2020-04-22 09:02:49 - [TEST_STEP][PASSED] - verifyTextPresent("recommended, vetted and monitored trades and service providers for free.", false): Text 'recommended, vetted and monitored trades and service providers for free.' is present on page 

2020-04-22 09:02:49 - [MESSAGE][PASSED] - Text 'recommended, vetted and monitored trades and service providers for free.' is present on page 

2020-04-22 09:02:49 - [TEST_STEP][PASSED] - verifyTextPresent("reviews published so far – thank you!", false): Text 'reviews published so far – thank you!' is present on page 

2020-04-22 09:02:49 - [MESSAGE][PASSED] - Text 'reviews published so far – thank you!' is present on page 

2020-04-22 09:02:49 - [TEST_STEP][PASSED] - verifyTextPresent("I need a trade or service", false): Text 'I need a trade or service' is present on page 

2020-04-22 09:02:50 - [MESSAGE][PASSED] - Text 'I need a trade or service' is present on page 

2020-04-22 09:02:50 - [TEST_STEP][PASSED] - verifyTextPresent("Every trader thoroughly checked and vetted", false): Text 'Every trader thoroughly checked and vetted' is present on page 

2020-04-22 09:02:50 - [MESSAGE][PASSED] - Text 'Every trader thoroughly checked and vetted' is present on page 

2020-04-22 09:02:50 - [TEST_STEP][PASSED] - "------------------------------------": null

2020-04-22 09:02:50 - [TEST_STEP][PASSED] - verifyTextPresent("reviews published so far – thank you!", false): Text 'reviews published so far – thank you!' is present on page 

2020-04-22 09:02:50 - [MESSAGE][PASSED] - Text 'reviews published so far – thank you!' is present on page 

2020-04-22 09:02:50 - [TEST_STEP][PASSED] - verifyTextPresent("Find out more", false): Text 'Find out more' is present on page 

2020-04-22 09:02:50 - [MESSAGE][PASSED] - Text 'Find out more' is present on page 

2020-04-22 09:02:50 - [TEST_STEP][PASSED] - verifyTextPresent("I am a tradesman", false): Text 'I am a tradesman' is present on page 

2020-04-22 09:02:50 - [MESSAGE][PASSED] - Text 'I am a tradesman' is present on page 

2020-04-22 09:02:50 - [TEST_STEP][PASSED] - verifyTextPresent("Find out more", false): Text 'Find out more' is present on page 

2020-04-22 09:02:50 - [MESSAGE][PASSED] - Text 'Find out more' is present on page 

2020-04-22 09:02:50 - [TEST_STEP][PASSED] - verifyTextPresent("Over a million visits to Checkatrade each month", false): Text 'Over a million visits to Checkatrade each month' is present on page 

2020-04-22 09:02:50 - [MESSAGE][PASSED] - Text 'Over a million visits to Checkatrade each month' is present on page 

2020-04-22 09:02:50 - [MESSAGE][PASSED] - Call Test Case 'Test Cases/Reusable_Test_Sequences/CAT_Home' successfully

2020-04-22 09:02:50 - [TEST_STEP][PASSED] - "--------------------------------------------": null

2020-04-22 09:02:50 - [TEST_STEP][PASSED] - " Navigate to Homeowner->Advice & Aspiration |": null

2020-04-22 09:02:50 - [TEST_STEP][PASSED] - scrollToElement(findTestObject("Object Repository/CAT_Footer/Page_Checkatrade Find a tradesperson you can trust/div_Complaints About A Member"), 3): Scroll to object 'Object Repository/CAT_Footer/Page_Checkatrade Find a tradesperson you can trust/div_Complaints About A Member' successfully

2020-04-22 09:02:50 - [MESSAGE][PASSED] - Scroll to object 'Object Repository/CAT_Footer/Page_Checkatrade Find a tradesperson you can trust/div_Complaints About A Member' successfully

2020-04-22 09:02:50 - [TEST_STEP][PASSED] - click(findTestObject("Object Repository/CAT_Footer/Page_Checkatrade Find a tradesperson you can trust/div_Complaints About A Member")): Object: 'Object Repository/CAT_Footer/Page_Checkatrade Find a tradesperson you can trust/div_Complaints About A Member' is clicked on

2020-04-22 09:02:52 - [MESSAGE][PASSED] - Object: 'Object Repository/CAT_Footer/Page_Checkatrade Find a tradesperson you can trust/div_Complaints About A Member' is clicked on

2020-04-22 09:02:52 - [TEST_STEP][PASSED] - "---------------------------------------": null

2020-04-22 09:02:52 - [TEST_STEP][PASSED] - " Verify Returned Page is as Expected   |": null

2020-04-22 09:02:52 - [TEST_STEP][PASSED] - callTestCase(findTestCase("Reusable_Test_Sequences/CAT_Footer/Homeowner/Complaints_About_A_Member_Verification"), [:], CONTINUE_ON_FAILURE): Call Test Case 'Test Cases/Reusable_Test_Sequences/CAT_Footer/Homeowner/Complaints_About_A_Member_Verification' successfully

2020-04-22 09:02:52 - [TEST_CASE][PASSED] - Test Cases/Reusable_Test_Sequences/CAT_Footer/Homeowner/Complaints_About_A_Member_Verification: Test Cases/Reusable_Test_Sequences/CAT_Footer/Homeowner/Complaints_About_A_Member_Verification

2020-04-22 09:02:52 - [TEST_STEP][PASSED] - delay(1): Delayed 1 second(s)

2020-04-22 09:02:53 - [MESSAGE][PASSED] - Delayed 1 second(s)

2020-04-22 09:02:53 - [TEST_STEP][PASSED] - waitForPageLoad(60): Wait for page load successfully

2020-04-22 09:02:53 - [MESSAGE][PASSED] - Wait for page load successfully

2020-04-22 09:02:53 - [TEST_STEP][PASSED] - "Only When Needed": null

2020-04-22 09:02:53 - [TEST_STEP][PASSED] - "----------------------------------------------": null

2020-04-22 09:02:53 - [TEST_STEP][PASSED] - "DEFAULT TAB - None - 1 Page Returned          |": null

2020-04-22 09:02:53 - [TEST_STEP][PASSED] - "----------------------------------------------": null

2020-04-22 09:02:53 - [TEST_STEP][PASSED] - "----------------------------------------------": null

2020-04-22 09:02:53 - [TEST_STEP][PASSED] - "----------------------------------------------": null

2020-04-22 09:02:53 - [TEST_STEP][PASSED] - verifyTextPresent("Resolving Issues", false): Text 'Resolving Issues' is present on page 

2020-04-22 09:02:54 - [MESSAGE][PASSED] - Text 'Resolving Issues' is present on page 

2020-04-22 09:02:54 - [TEST_STEP][PASSED] - "----------------------------------------------": null

2020-04-22 09:02:54 - [TEST_STEP][PASSED] - verifyTextPresent("Why Checkatrade", false): Text 'Why Checkatrade' is present on page 

2020-04-22 09:02:54 - [MESSAGE][PASSED] - Text 'Why Checkatrade' is present on page 

2020-04-22 09:02:54 - [TEST_STEP][PASSED] - verifyTextPresent("The Checkatrade Standard", false): Text 'The Checkatrade Standard' is present on page 

2020-04-22 09:02:54 - [MESSAGE][PASSED] - Text 'The Checkatrade Standard' is present on page 

2020-04-22 09:02:54 - [TEST_STEP][PASSED] - verifyTextPresent("Resolving issues", false): Text 'Resolving issues' is present on page 

2020-04-22 09:02:54 - [MESSAGE][PASSED] - Text 'Resolving issues' is present on page 

2020-04-22 09:02:54 - [TEST_STEP][PASSED] - verifyTextPresent("FAQ", false): Text 'FAQ' is present on page 

2020-04-22 09:02:55 - [MESSAGE][PASSED] - Text 'FAQ' is present on page 

2020-04-22 09:02:55 - [TEST_STEP][PASSED] - "----------------------------------------------": null

2020-04-22 09:02:55 - [TEST_STEP][PASSED] - verifyTextPresent("Our members promise to meet The Checkatrade standard", false): Text 'Our members promise to meet The Checkatrade standard' is present on page 

2020-04-22 09:02:56 - [MESSAGE][PASSED] - Text 'Our members promise to meet The Checkatrade standard' is present on page 

2020-04-22 09:02:56 - [TEST_STEP][PASSED] - verifyTextPresent("Our Policy", false): Text 'Our Policy' is present on page 

2020-04-22 09:02:56 - [MESSAGE][PASSED] - Text 'Our Policy' is present on page 

2020-04-22 09:02:56 - [TEST_STEP][PASSED] - verifyTextPresent("Checkatrade encourage and recommend you to make all reasonable efforts to discuss your issues directly", false): Text 'Checkatrade encourage and recommend you to make all reasonable efforts to discuss your issues directly' is present on page 

2020-04-22 09:02:56 - [MESSAGE][PASSED] - Text 'Checkatrade encourage and recommend you to make all reasonable efforts to discuss your issues directly' is present on page 

2020-04-22 09:02:56 - [TEST_STEP][PASSED] - verifyTextPresent("We aim to respond to all Complaints within 24 hours", false): Text 'We aim to respond to all Complaints within 24 hours' is present on page 

2020-04-22 09:02:57 - [MESSAGE][PASSED] - Text 'We aim to respond to all Complaints within 24 hours' is present on page 

2020-04-22 09:02:57 - [TEST_STEP][PASSED] - scrollToPosition(500, 500): Browser is scrolled to position x = 500, y = 500

2020-04-22 09:02:57 - [MESSAGE][PASSED] - Browser is scrolled to position x = 500, y = 500

2020-04-22 09:02:57 - [TEST_STEP][PASSED] - delay(1): Delayed 1 second(s)

2020-04-22 09:02:58 - [MESSAGE][PASSED] - Delayed 1 second(s)

2020-04-22 09:02:58 - [TEST_STEP][PASSED] - verifyTextPresent("Our Complaints Process", false): Text 'Our Complaints Process' is present on page 

2020-04-22 09:02:58 - [MESSAGE][PASSED] - Text 'Our Complaints Process' is present on page 

2020-04-22 09:02:58 - [TEST_STEP][PASSED] - verifyTextPresent("YES", false): Text 'YES' is present on page 

2020-04-22 09:02:58 - [MESSAGE][PASSED] - Text 'YES' is present on page 

2020-04-22 09:02:58 - [TEST_STEP][PASSED] - verifyTextPresent("NO", false): Text 'NO' is present on page 

2020-04-22 09:02:58 - [MESSAGE][PASSED] - Text 'NO' is present on page 

2020-04-22 09:02:58 - [TEST_STEP][PASSED] - verifyTextPresent("Have you contacted the member to talk about your concerns", false): Text 'Have you contacted the member to talk about your concerns' is present on page 

2020-04-22 09:02:59 - [MESSAGE][PASSED] - Text 'Have you contacted the member to talk about your concerns' is present on page 

2020-04-22 09:02:59 - [TEST_STEP][PASSED] - verifyTextPresent("Further Advice", false): Text 'Further Advice' is present on page 

2020-04-22 09:02:59 - [MESSAGE][PASSED] - Text 'Further Advice' is present on page 

2020-04-22 09:02:59 - [TEST_STEP][PASSED] - verifyTextPresent("Citizens Advice Consumer Helpline is a telephone and online consumer advice service", false): Text 'Citizens Advice Consumer Helpline is a telephone and online consumer advice service' is present on page 

2020-04-22 09:02:59 - [MESSAGE][PASSED] - Text 'Citizens Advice Consumer Helpline is a telephone and online consumer advice service' is present on page 

2020-04-22 09:02:59 - [TEST_STEP][PASSED] - verifyTextPresent("Visit their website here or call 03454 04 05 06", false): Text 'Visit their website here or call 03454 04 05 06' is present on page 

2020-04-22 09:03:00 - [MESSAGE][PASSED] - Text 'Visit their website here or call 03454 04 05 06' is present on page 

2020-04-22 09:03:00 - [TEST_STEP][PASSED] - verifyTextPresent("Phone: 01243 601234  Address: Checkatrade, Building 2000, Lakeside North Harbour, Western Road, Portsmouth, PO6 3EN", false): Text 'Phone: 01243 601234  Address: Checkatrade, Building 2000, Lakeside North Harbour, Western Road, Portsmouth, PO6 3EN' is present on page 

2020-04-22 09:03:00 - [MESSAGE][PASSED] - Text 'Phone: 01243 601234  Address: Checkatrade, Building 2000, Lakeside North Harbour, Western Road, Portsmouth, PO6 3EN' is present on page 

2020-04-22 09:03:00 - [TEST_STEP][PASSED] - scrollToPosition(1000, 1000): Browser is scrolled to position x = 1000, y = 1000

2020-04-22 09:03:01 - [MESSAGE][PASSED] - Browser is scrolled to position x = 1000, y = 1000

2020-04-22 09:03:01 - [TEST_STEP][PASSED] - delay(1): Delayed 1 second(s)

2020-04-22 09:03:02 - [MESSAGE][PASSED] - Delayed 1 second(s)

2020-04-22 09:03:02 - [TEST_STEP][PASSED] - "Footer": null

2020-04-22 09:03:02 - [TEST_STEP][PASSED] - verifyTextPresent("Checkatrade.com all rights reserved", false): Text 'Checkatrade.com all rights reserved' is present on page 

2020-04-22 09:03:02 - [MESSAGE][PASSED] - Text 'Checkatrade.com all rights reserved' is present on page 

2020-04-22 09:03:02 - [MESSAGE][PASSED] - Call Test Case 'Test Cases/Reusable_Test_Sequences/CAT_Footer/Homeowner/Complaints_About_A_Member_Verification' successfully

2020-04-22 09:03:02 - [TEST_STEP][PASSED] - "---------------------------------------": null

2020-04-22 09:03:02 - [TEST_STEP][PASSED] - " Check Ribbon Menu                     |": null

2020-04-22 09:03:02 - [TEST_STEP][PASSED] - callTestCase(findTestCase("Reusable_Test_Sequences/CAT_Footer/Homeowner/Ribbon_Menu"), [:], CONTINUE_ON_FAILURE): Call Test Case 'Test Cases/Reusable_Test_Sequences/CAT_Footer/Homeowner/Ribbon_Menu' successfully

2020-04-22 09:03:02 - [TEST_CASE][PASSED] - Test Cases/Reusable_Test_Sequences/CAT_Footer/Homeowner/Ribbon_Menu: Test Cases/Reusable_Test_Sequences/CAT_Footer/Homeowner/Ribbon_Menu

2020-04-22 09:03:03 - [TEST_STEP][PASSED] - "----------------------------------------------------------------------------------------------------------------------------------------": null

2020-04-22 09:03:03 - [TEST_STEP][PASSED] - "This test is dependent on being called by ->Homeowner-> Why Checkatarade OR The Checkatrade Standard OR COmplaints About A Member       |": null

2020-04-22 09:03:03 - [TEST_STEP][PASSED] - "                                       OR FAQ - From CAT Footer Tests       - NOT STANDALONE -                                          |": null

2020-04-22 09:03:03 - [TEST_STEP][PASSED] - "----------------------------------------------------------------------------------------------------------------------------------------": null

2020-04-22 09:03:03 - [TEST_STEP][PASSED] - scrollToPosition(0, 0): Browser is scrolled to position x = 0, y = 0

2020-04-22 09:03:03 - [MESSAGE][PASSED] - Browser is scrolled to position x = 0, y = 0

2020-04-22 09:03:03 - [TEST_STEP][PASSED] - delay(1): Delayed 1 second(s)

2020-04-22 09:03:04 - [MESSAGE][PASSED] - Delayed 1 second(s)

2020-04-22 09:03:04 - [TEST_STEP][PASSED] - "--------------------------------------------------------------------------------------": null

2020-04-22 09:03:04 - [TEST_STEP][PASSED] - " Navigate to Homeowner->Why Checkatrade->Ribbon Menu Item <Why Checkatrade>           |": null

2020-04-22 09:03:04 - [TEST_STEP][PASSED] - waitForElementClickable(findTestObject("Object Repository/CAT_Footer/Homeowner/Ribbon_Menu/span_Why Checkatrade"), 3): Object 'Object Repository/CAT_Footer/Homeowner/Ribbon_Menu/span_Why Checkatrade' is clickable

2020-04-22 09:03:04 - [MESSAGE][PASSED] - Object 'Object Repository/CAT_Footer/Homeowner/Ribbon_Menu/span_Why Checkatrade' is clickable

2020-04-22 09:03:04 - [TEST_STEP][PASSED] - click(findTestObject("Object Repository/CAT_Footer/Homeowner/Ribbon_Menu/span_Why Checkatrade")): Object: 'Object Repository/CAT_Footer/Homeowner/Ribbon_Menu/span_Why Checkatrade' is clicked on

2020-04-22 09:03:05 - [MESSAGE][PASSED] - Object: 'Object Repository/CAT_Footer/Homeowner/Ribbon_Menu/span_Why Checkatrade' is clicked on

2020-04-22 09:03:05 - [TEST_STEP][PASSED] - waitForPageLoad(60): Wait for page load successfully

2020-04-22 09:03:06 - [MESSAGE][PASSED] - Wait for page load successfully

2020-04-22 09:03:06 - [TEST_STEP][PASSED] - verifyTextPresent("Millions of reviews", false): Text 'Millions of reviews' is present on page 

2020-04-22 09:03:06 - [MESSAGE][PASSED] - Text 'Millions of reviews' is present on page 

2020-04-22 09:03:06 - [TEST_STEP][PASSED] - verifyTextPresent("Free to use", false): Text 'Free to use' is present on page 

2020-04-22 09:03:06 - [MESSAGE][PASSED] - Text 'Free to use' is present on page 

2020-04-22 09:03:06 - [TEST_STEP][PASSED] - verifyTextPresent("Nationwide", false): Text 'Nationwide' is present on page 

2020-04-22 09:03:06 - [MESSAGE][PASSED] - Text 'Nationwide' is present on page 

2020-04-22 09:03:06 - [TEST_STEP][PASSED] - "-----------------------------------------------------------------------------------------------": null

2020-04-22 09:03:06 - [TEST_STEP][PASSED] - " Navigate to Homeowner->The Checkatrade Standard->Ribbon Menu Item <The Checkatrade Standard>  |": null

2020-04-22 09:03:06 - [TEST_STEP][PASSED] - waitForElementClickable(findTestObject("Object Repository/CAT_Footer/Homeowner/Ribbon_Menu/span_The Checkatrade Standard"), 3): Object 'Object Repository/CAT_Footer/Homeowner/Ribbon_Menu/span_The Checkatrade Standard' is clickable

2020-04-22 09:03:06 - [MESSAGE][PASSED] - Object 'Object Repository/CAT_Footer/Homeowner/Ribbon_Menu/span_The Checkatrade Standard' is clickable

2020-04-22 09:03:06 - [TEST_STEP][PASSED] - click(findTestObject("Object Repository/CAT_Footer/Homeowner/Ribbon_Menu/span_The Checkatrade Standard")): Object: 'Object Repository/CAT_Footer/Homeowner/Ribbon_Menu/span_The Checkatrade Standard' is clicked on

2020-04-22 09:03:07 - [MESSAGE][PASSED] - Object: 'Object Repository/CAT_Footer/Homeowner/Ribbon_Menu/span_The Checkatrade Standard' is clicked on

2020-04-22 09:03:07 - [TEST_STEP][PASSED] - waitForPageLoad(60): Wait for page load successfully

2020-04-22 09:03:08 - [MESSAGE][PASSED] - Wait for page load successfully

2020-04-22 09:03:08 - [TEST_STEP][PASSED] - verifyTextPresent("The Checkatrade Standard", false): Text 'The Checkatrade Standard' is present on page 

2020-04-22 09:03:08 - [MESSAGE][PASSED] - Text 'The Checkatrade Standard' is present on page 

2020-04-22 09:03:08 - [TEST_STEP][PASSED] - verifyTextPresent("Our members are proud to be part of Checkatrade.com", false): Text 'Our members are proud to be part of Checkatrade.com' is present on page 

2020-04-22 09:03:08 - [MESSAGE][PASSED] - Text 'Our members are proud to be part of Checkatrade.com' is present on page 

2020-04-22 09:03:08 - [TEST_STEP][PASSED] - verifyTextPresent("Be honest in all dealings with you", false): Text 'Be honest in all dealings with you' is present on page 

2020-04-22 09:03:08 - [MESSAGE][PASSED] - Text 'Be honest in all dealings with you' is present on page 

2020-04-22 09:03:08 - [TEST_STEP][PASSED] - "--------------------------------------------------------------------------------------": null

2020-04-22 09:03:08 - [TEST_STEP][PASSED] - " Navigate to Homeowner->Resolving Issues->Ribbon Menu Item <Resolving Issues>         |": null

2020-04-22 09:03:08 - [TEST_STEP][PASSED] - waitForElementClickable(findTestObject("Object Repository/CAT_Footer/Homeowner/Ribbon_Menu/div_Complaints About A Member"), 3): Object 'Object Repository/CAT_Footer/Homeowner/Ribbon_Menu/div_Complaints About A Member' is clickable

2020-04-22 09:03:08 - [MESSAGE][PASSED] - Object 'Object Repository/CAT_Footer/Homeowner/Ribbon_Menu/div_Complaints About A Member' is clickable

2020-04-22 09:03:08 - [TEST_STEP][PASSED] - click(findTestObject("Object Repository/CAT_Footer/Homeowner/Ribbon_Menu/div_Complaints About A Member")): Object: 'Object Repository/CAT_Footer/Homeowner/Ribbon_Menu/div_Complaints About A Member' is clicked on

2020-04-22 09:03:09 - [MESSAGE][PASSED] - Object: 'Object Repository/CAT_Footer/Homeowner/Ribbon_Menu/div_Complaints About A Member' is clicked on

2020-04-22 09:03:09 - [TEST_STEP][PASSED] - waitForPageLoad(60): Wait for page load successfully

2020-04-22 09:03:09 - [MESSAGE][PASSED] - Wait for page load successfully

2020-04-22 09:03:09 - [TEST_STEP][PASSED] - verifyTextPresent("Resolving Issues", false): Text 'Resolving Issues' is present on page 

2020-04-22 09:03:10 - [MESSAGE][PASSED] - Text 'Resolving Issues' is present on page 

2020-04-22 09:03:10 - [TEST_STEP][PASSED] - verifyTextPresent("Our members promise to meet The Checkatrade standard", false): Text 'Our members promise to meet The Checkatrade standard' is present on page 

2020-04-22 09:03:10 - [MESSAGE][PASSED] - Text 'Our members promise to meet The Checkatrade standard' is present on page 

2020-04-22 09:03:10 - [TEST_STEP][PASSED] - verifyTextPresent("Checkatrade encourage and recommend you to make all reasonable efforts to discuss", false): Text 'Checkatrade encourage and recommend you to make all reasonable efforts to discuss' is present on page 

2020-04-22 09:03:10 - [MESSAGE][PASSED] - Text 'Checkatrade encourage and recommend you to make all reasonable efforts to discuss' is present on page 

2020-04-22 09:03:10 - [TEST_STEP][PASSED] - "--------------------------------------------------------------------------------------": null

2020-04-22 09:03:10 - [TEST_STEP][PASSED] - " Navigate to Homeowner->FAQ->Ribbon Menu Item <FAQ>                                   |": null

2020-04-22 09:03:10 - [TEST_STEP][PASSED] - waitForElementClickable(findTestObject("Object Repository/CAT_Footer/Homeowner/Ribbon_Menu/span_FAQ"), 3): Object 'Object Repository/CAT_Footer/Homeowner/Ribbon_Menu/span_FAQ' is clickable

2020-04-22 09:03:10 - [MESSAGE][PASSED] - Object 'Object Repository/CAT_Footer/Homeowner/Ribbon_Menu/span_FAQ' is clickable

2020-04-22 09:03:10 - [TEST_STEP][PASSED] - click(findTestObject("Object Repository/CAT_Footer/Homeowner/Ribbon_Menu/span_FAQ")): Object: 'Object Repository/CAT_Footer/Homeowner/Ribbon_Menu/span_FAQ' is clicked on

2020-04-22 09:03:11 - [MESSAGE][PASSED] - Object: 'Object Repository/CAT_Footer/Homeowner/Ribbon_Menu/span_FAQ' is clicked on

2020-04-22 09:03:11 - [TEST_STEP][PASSED] - waitForPageLoad(60): Wait for page load successfully

2020-04-22 09:03:11 - [MESSAGE][PASSED] - Wait for page load successfully

2020-04-22 09:03:11 - [TEST_STEP][PASSED] - verifyTextPresent("Frequently asked questions", false): Text 'Frequently asked questions' is present on page 

2020-04-22 09:03:12 - [MESSAGE][PASSED] - Text 'Frequently asked questions' is present on page 

2020-04-22 09:03:12 - [TEST_STEP][PASSED] - verifyTextPresent("Using the Checkatrade Service", false): Text 'Using the Checkatrade Service' is present on page 

2020-04-22 09:03:12 - [MESSAGE][PASSED] - Text 'Using the Checkatrade Service' is present on page 

2020-04-22 09:03:12 - [TEST_STEP][PASSED] - verifyTextPresent("How do you vet prospective members?", false): Text 'How do you vet prospective members?' is present on page 

2020-04-22 09:03:12 - [MESSAGE][PASSED] - Text 'How do you vet prospective members?' is present on page 

2020-04-22 09:03:12 - [MESSAGE][PASSED] - Call Test Case 'Test Cases/Reusable_Test_Sequences/CAT_Footer/Homeowner/Ribbon_Menu' successfully

2020-04-22 09:03:12 - [TEST_STEP][PASSED] - "--------------------------": null

2020-04-22 09:03:12 - [TEST_STEP][PASSED] - " Teardown - CLose Browser |": null

2020-04-22 09:03:12 - [TEST_STEP][PASSED] - callTestCase(findTestCase("Reusable_Test_Sequences/CAT_Teardown"), [:], OPTIONAL): Call Test Case 'Test Cases/Reusable_Test_Sequences/CAT_Teardown' successfully

2020-04-22 09:03:12 - [TEST_CASE][PASSED] - Test Cases/Reusable_Test_Sequences/CAT_Teardown: Test Cases/Reusable_Test_Sequences/CAT_Teardown

2020-04-22 09:03:12 - [TEST_STEP][PASSED] - closeBrowser(): Browser is closed

2020-04-22 09:03:13 - [MESSAGE][PASSED] - Browser is closed

2020-04-22 09:03:13 - [TEST_STEP][PASSED] - super.finalize(): null

2020-04-22 09:03:13 - [TEST_STEP][PASSED] - System.gc(): null

2020-04-22 09:03:13 - [MESSAGE][PASSED] - Call Test Case 'Test Cases/Reusable_Test_Sequences/CAT_Teardown' successfully]]></system-out>
         <system-err><![CDATA[]]></system-err>
      </testcase>
      <testcase name="Test Cases/CAT_Footer/Homeowner/FAQ" time="50.035" classname="Test Cases/CAT_Footer/Homeowner/FAQ" status="PASSED">
         <system-out><![CDATA[2020-04-22 09:03:13 - [TEST_CASE][PASSED] - Test Cases/CAT_Footer/Homeowner/FAQ: Test Cases/CAT_Footer/Homeowner/FAQ

2020-04-22 09:03:14 - [TEST_STEP][PASSED] - callTestCase(findTestCase("Reusable_Test_Sequences/CAT_Setup"), [:], OPTIONAL): Call Test Case 'Test Cases/Reusable_Test_Sequences/CAT_Setup' successfully

2020-04-22 09:03:14 - [TEST_CASE][PASSED] - Test Cases/Reusable_Test_Sequences/CAT_Setup: Test Cases/Reusable_Test_Sequences/CAT_Setup

2020-04-22 09:03:14 - [TEST_STEP][PASSED] - "------------------------------": null

2020-04-22 09:03:14 - [TEST_STEP][PASSED] - " Set Mobile Device Testing    |": null

2020-04-22 09:03:14 - [TEST_STEP][PASSED] - if (Mobile_Flag == "true"): null

2020-04-22 09:03:14 - [TEST_STEP][PASSED] - "------------------------------": null

2020-04-22 09:03:14 - [TEST_STEP][PASSED] - " Set Mobile Device Testing    |": null

2020-04-22 09:03:14 - [TEST_STEP][PASSED] - "------------------------------": null

2020-04-22 09:03:14 - [TEST_STEP][PASSED] - "URL - Set from the ENVIRONMENT PROFILE ": null

2020-04-22 09:03:14 - [TEST_STEP][PASSED] - openBrowser(URL): Browser is opened with url: 'https://www.preview.checkatrade.com/'

2020-04-22 09:03:14 - [MESSAGE][INFO] - Starting 'Chrome' driver

2020-04-22 09:03:14 - [MESSAGE][INFO] - Action delay is set to 0 milliseconds

2020-04-22 09:03:24 - [MESSAGE][PASSED] - Browser is opened with url: 'https://www.preview.checkatrade.com/'

2020-04-22 09:03:24 - [TEST_STEP][PASSED] - maximizeWindow(): Current window maximized

2020-04-22 09:03:27 - [MESSAGE][PASSED] - Current window maximized

2020-04-22 09:03:27 - [TEST_STEP][PASSED] - waitForPageLoad(60): Wait for page load successfully

2020-04-22 09:03:27 - [MESSAGE][PASSED] - Wait for page load successfully

2020-04-22 09:03:27 - [TEST_STEP][PASSED] - "Previous Functionalilty Left Commented For Ease Of reversion": null

2020-04-22 09:03:27 - [TEST_STEP][PASSED] - " Katalon Try/Catches currently have issues? SEE HEADER": null

2020-04-22 09:03:27 - [TEST_STEP][PASSED] - try: Text 'Cookie Policy' is not present on page

2020-04-22 09:03:27 - [TEST_STEP][PASSED] - verifyElementPresent(findTestObject("Object Repository/Cookies/Page_Checkatrade Find a tradesperson you can trust/button_Accept All"), 5, OPTIONAL): Object 'Object Repository/Cookies/Page_Checkatrade Find a tradesperson you can trust/button_Accept All' is present

2020-04-22 09:03:27 - [MESSAGE][PASSED] - Object 'Object Repository/Cookies/Page_Checkatrade Find a tradesperson you can trust/button_Accept All' is present

2020-04-22 09:03:27 - [TEST_STEP][PASSED] - click(findTestObject("Object Repository/Cookies/Page_Checkatrade Find a tradesperson you can trust/button_Accept All"), OPTIONAL): Object: 'Object Repository/Cookies/Page_Checkatrade Find a tradesperson you can trust/button_Accept All' is clicked on

2020-04-22 09:03:28 - [MESSAGE][PASSED] - Object: 'Object Repository/Cookies/Page_Checkatrade Find a tradesperson you can trust/button_Accept All' is clicked on

2020-04-22 09:03:28 - [TEST_STEP][PASSED] - "---------------------------------": null

2020-04-22 09:03:28 - [TEST_STEP][PASSED] - "COOKIE POPOUT REMOVED - Confirmed": null

2020-04-22 09:03:28 - [TEST_STEP][PASSED] - delay(1): Delayed 1 second(s)

2020-04-22 09:03:29 - [MESSAGE][PASSED] - Delayed 1 second(s)

2020-04-22 09:03:29 - [TEST_STEP][PASSED] - verifyTextNotPresent("We use cookies to personalise content and ads, to provide social media features and to analyse our traffic", false): Text 'We use cookies to personalise content and ads, to provide social media features and to analyse our traffic' is not present on page

2020-04-22 09:03:29 - [MESSAGE][PASSED] - Text 'We use cookies to personalise content and ads, to provide social media features and to analyse our traffic' is not present on page

2020-04-22 09:03:29 - [TEST_STEP][PASSED] - verifyTextNotPresent(" We also share information about your use of our site with our social media, advertising and analytics partners", false): Text ' We also share information about your use of our site with our social media, advertising and analytics partners' is not present on page

2020-04-22 09:03:29 - [MESSAGE][PASSED] - Text ' We also share information about your use of our site with our social media, advertising and analytics partners' is not present on page

2020-04-22 09:03:29 - [TEST_STEP][PASSED] - verifyTextNotPresent("Cookie Policy", false): Text 'Cookie Policy' is not present on page

2020-04-22 09:03:30 - [MESSAGE][PASSED] - Text 'Cookie Policy' is not present on page

2020-04-22 09:03:30 - [TEST_STEP][PASSED] - waitForPageLoad(60): Wait for page load successfully

2020-04-22 09:03:30 - [MESSAGE][PASSED] - Wait for page load successfully

2020-04-22 09:03:30 - [TEST_STEP][PASSED] - "COOKIE - ORIGINAL": null

2020-04-22 09:03:30 - [TEST_STEP][PASSED] - if (waitForElementVisible(findTestObject("Object Repository/Feedback/Page_Checkatrade Give your feedback/input_Member_to_Review"), 5)): Web element with id: 'Object Repository/Feedback/Page_Checkatrade Give your feedback/input_Member_to_Review' located by 'By.xpath: //input[@id='feedback-form__company_autocomplete_input']' not found

2020-04-22 09:03:35 - [MESSAGE][INFO] - Unable to find the element located by 'By.xpath: //input[@id='feedback-form__company_autocomplete_input']'. Please recheck the objects properties to make sure the desired element is located. 

2020-04-22 09:03:35 - [MESSAGE][WARNING] - Web element with id: 'Object Repository/Feedback/Page_Checkatrade Give your feedback/input_Member_to_Review' located by 'By.xpath: //input[@id='feedback-form__company_autocomplete_input']' not found

2020-04-22 09:03:35 - [TEST_STEP][PASSED] - else: The <<<OLD>>> Website was detected by the STARTUP Process

2020-04-22 09:03:35 - [TEST_STEP][PASSED] - if (!(verifyElementVisible(findTestObject("Object Repository/Checkatrade_Trade_Search_Page/Page_Checkatrade Find a tradesperson you can trust/input_Search_Button_FF")))): Object 'Object Repository/Checkatrade_Trade_Search_Page/Page_Checkatrade Find a tradesperson you can trust/input_Search_Button_FF' is visible

2020-04-22 09:03:35 - [MESSAGE][PASSED] - Object 'Object Repository/Checkatrade_Trade_Search_Page/Page_Checkatrade Find a tradesperson you can trust/input_Search_Button_FF' is visible

2020-04-22 09:03:35 - [TEST_STEP][PASSED] - else: The <<<OLD>>> Website was detected by the STARTUP Process

2020-04-22 09:03:35 - [TEST_STEP][PASSED] - Website_Version = "old": null

2020-04-22 09:03:35 - [TEST_STEP][PASSED] - logInfo("The <<<OLD>>> Website was detected by the STARTUP Process"): The <<<OLD>>> Website was detected by the STARTUP Process

2020-04-22 09:03:35 - [MESSAGE][INFO] - The <<<OLD>>> Website was detected by the STARTUP Process

2020-04-22 09:03:35 - [MESSAGE][PASSED] - Call Test Case 'Test Cases/Reusable_Test_Sequences/CAT_Setup' successfully

2020-04-22 09:03:35 - [TEST_STEP][PASSED] - callTestCase(findTestCase("Reusable_Test_Sequences/CAT_Home"), [:], CONTINUE_ON_FAILURE): Call Test Case 'Test Cases/Reusable_Test_Sequences/CAT_Home' successfully

2020-04-22 09:03:35 - [TEST_CASE][PASSED] - Test Cases/Reusable_Test_Sequences/CAT_Home: Test Cases/Reusable_Test_Sequences/CAT_Home

2020-04-22 09:03:35 - [TEST_STEP][PASSED] - waitForPageLoad(60): Wait for page load successfully

2020-04-22 09:03:35 - [MESSAGE][PASSED] - Wait for page load successfully

2020-04-22 09:03:35 - [TEST_STEP][PASSED] - delay(2): Delayed 2 second(s)

2020-04-22 09:03:37 - [MESSAGE][PASSED] - Delayed 2 second(s)

2020-04-22 09:03:37 - [TEST_STEP][PASSED] - "------------------------------------": null

2020-04-22 09:03:37 - [TEST_STEP][PASSED] - if (Website_Version == "new"): null

2020-04-22 09:03:37 - [TEST_STEP][PASSED] - else: Text 'Over a million visits to Checkatrade each month' is present on page 

2020-04-22 09:03:37 - [TEST_STEP][PASSED] - verifyTextPresent("Helping you find the right trade or service", false): Text 'Helping you find the right trade or service' is present on page 

2020-04-22 09:03:38 - [MESSAGE][PASSED] - Text 'Helping you find the right trade or service' is present on page 

2020-04-22 09:03:38 - [TEST_STEP][PASSED] - verifyTextPresent("Search through over", false): Text 'Search through over' is present on page 

2020-04-22 09:03:38 - [MESSAGE][PASSED] - Text 'Search through over' is present on page 

2020-04-22 09:03:38 - [TEST_STEP][PASSED] - verifyTextPresent("recommended, vetted and monitored trades and service providers for free.", false): Text 'recommended, vetted and monitored trades and service providers for free.' is present on page 

2020-04-22 09:03:38 - [MESSAGE][PASSED] - Text 'recommended, vetted and monitored trades and service providers for free.' is present on page 

2020-04-22 09:03:38 - [TEST_STEP][PASSED] - verifyTextPresent("reviews published so far – thank you!", false): Text 'reviews published so far – thank you!' is present on page 

2020-04-22 09:03:38 - [MESSAGE][PASSED] - Text 'reviews published so far – thank you!' is present on page 

2020-04-22 09:03:38 - [TEST_STEP][PASSED] - verifyTextPresent("I need a trade or service", false): Text 'I need a trade or service' is present on page 

2020-04-22 09:03:38 - [MESSAGE][PASSED] - Text 'I need a trade or service' is present on page 

2020-04-22 09:03:38 - [TEST_STEP][PASSED] - verifyTextPresent("Every trader thoroughly checked and vetted", false): Text 'Every trader thoroughly checked and vetted' is present on page 

2020-04-22 09:03:38 - [MESSAGE][PASSED] - Text 'Every trader thoroughly checked and vetted' is present on page 

2020-04-22 09:03:38 - [TEST_STEP][PASSED] - "------------------------------------": null

2020-04-22 09:03:38 - [TEST_STEP][PASSED] - verifyTextPresent("reviews published so far – thank you!", false): Text 'reviews published so far – thank you!' is present on page 

2020-04-22 09:03:38 - [MESSAGE][PASSED] - Text 'reviews published so far – thank you!' is present on page 

2020-04-22 09:03:38 - [TEST_STEP][PASSED] - verifyTextPresent("Find out more", false): Text 'Find out more' is present on page 

2020-04-22 09:03:39 - [MESSAGE][PASSED] - Text 'Find out more' is present on page 

2020-04-22 09:03:39 - [TEST_STEP][PASSED] - verifyTextPresent("I am a tradesman", false): Text 'I am a tradesman' is present on page 

2020-04-22 09:03:39 - [MESSAGE][PASSED] - Text 'I am a tradesman' is present on page 

2020-04-22 09:03:39 - [TEST_STEP][PASSED] - verifyTextPresent("Find out more", false): Text 'Find out more' is present on page 

2020-04-22 09:03:39 - [MESSAGE][PASSED] - Text 'Find out more' is present on page 

2020-04-22 09:03:39 - [TEST_STEP][PASSED] - verifyTextPresent("Over a million visits to Checkatrade each month", false): Text 'Over a million visits to Checkatrade each month' is present on page 

2020-04-22 09:03:39 - [MESSAGE][PASSED] - Text 'Over a million visits to Checkatrade each month' is present on page 

2020-04-22 09:03:39 - [MESSAGE][PASSED] - Call Test Case 'Test Cases/Reusable_Test_Sequences/CAT_Home' successfully

2020-04-22 09:03:39 - [TEST_STEP][PASSED] - "--------------------------------------------": null

2020-04-22 09:03:39 - [TEST_STEP][PASSED] - " Navigate to Homeowner->FAQ                 |": null

2020-04-22 09:03:39 - [TEST_STEP][PASSED] - scrollToElement(findTestObject("Object Repository/CAT_Footer/Page_Checkatrade Find a tradesperson you can trust/div_FAQ"), 3): Scroll to object 'Object Repository/CAT_Footer/Page_Checkatrade Find a tradesperson you can trust/div_FAQ' successfully

2020-04-22 09:03:39 - [MESSAGE][PASSED] - Scroll to object 'Object Repository/CAT_Footer/Page_Checkatrade Find a tradesperson you can trust/div_FAQ' successfully

2020-04-22 09:03:39 - [TEST_STEP][PASSED] - click(findTestObject("Object Repository/CAT_Footer/Page_Checkatrade Find a tradesperson you can trust/div_FAQ")): Object: 'Object Repository/CAT_Footer/Page_Checkatrade Find a tradesperson you can trust/div_FAQ' is clicked on

2020-04-22 09:03:41 - [MESSAGE][PASSED] - Object: 'Object Repository/CAT_Footer/Page_Checkatrade Find a tradesperson you can trust/div_FAQ' is clicked on

2020-04-22 09:03:41 - [TEST_STEP][PASSED] - "---------------------------------------": null

2020-04-22 09:03:41 - [TEST_STEP][PASSED] - " Verify Returned Page is as Expected   |": null

2020-04-22 09:03:41 - [TEST_STEP][PASSED] - callTestCase(findTestCase("Reusable_Test_Sequences/CAT_Footer/Homeowner/FAQ_Verification"), [:], CONTINUE_ON_FAILURE): Call Test Case 'Test Cases/Reusable_Test_Sequences/CAT_Footer/Homeowner/FAQ_Verification' successfully

2020-04-22 09:03:41 - [TEST_CASE][PASSED] - Test Cases/Reusable_Test_Sequences/CAT_Footer/Homeowner/FAQ_Verification: Test Cases/Reusable_Test_Sequences/CAT_Footer/Homeowner/FAQ_Verification

2020-04-22 09:03:42 - [TEST_STEP][PASSED] - delay(1): Delayed 1 second(s)

2020-04-22 09:03:43 - [MESSAGE][PASSED] - Delayed 1 second(s)

2020-04-22 09:03:43 - [TEST_STEP][PASSED] - waitForPageLoad(60): Wait for page load successfully

2020-04-22 09:03:43 - [MESSAGE][PASSED] - Wait for page load successfully

2020-04-22 09:03:43 - [TEST_STEP][PASSED] - "Only When Needed": null

2020-04-22 09:03:43 - [TEST_STEP][PASSED] - "----------------------------------------------": null

2020-04-22 09:03:43 - [TEST_STEP][PASSED] - "DEFAULT TAB - None - 1 Page Returned          |": null

2020-04-22 09:03:43 - [TEST_STEP][PASSED] - "----------------------------------------------": null

2020-04-22 09:03:43 - [TEST_STEP][PASSED] - "----------------------------------------------": null

2020-04-22 09:03:43 - [TEST_STEP][PASSED] - "----------------------------------------------": null

2020-04-22 09:03:43 - [TEST_STEP][PASSED] - verifyTextPresent("Frequently asked questions", false): Text 'Frequently asked questions' is present on page 

2020-04-22 09:03:43 - [MESSAGE][PASSED] - Text 'Frequently asked questions' is present on page 

2020-04-22 09:03:43 - [TEST_STEP][PASSED] - "----------------------------------------------": null

2020-04-22 09:03:43 - [TEST_STEP][PASSED] - verifyTextPresent("Why Checkatrade", false): Text 'Why Checkatrade' is present on page 

2020-04-22 09:03:43 - [MESSAGE][PASSED] - Text 'Why Checkatrade' is present on page 

2020-04-22 09:03:43 - [TEST_STEP][PASSED] - verifyTextPresent("The Checkatrade Standard", false): Text 'The Checkatrade Standard' is present on page 

2020-04-22 09:03:43 - [MESSAGE][PASSED] - Text 'The Checkatrade Standard' is present on page 

2020-04-22 09:03:43 - [TEST_STEP][PASSED] - verifyTextPresent("Resolving issues", false): Text 'Resolving issues' is present on page 

2020-04-22 09:03:43 - [MESSAGE][PASSED] - Text 'Resolving issues' is present on page 

2020-04-22 09:03:43 - [TEST_STEP][PASSED] - verifyTextPresent("FAQ", false): Text 'FAQ' is present on page 

2020-04-22 09:03:43 - [MESSAGE][PASSED] - Text 'FAQ' is present on page 

2020-04-22 09:03:43 - [TEST_STEP][PASSED] - "----------------------------------------------": null

2020-04-22 09:03:43 - [TEST_STEP][PASSED] - verifyTextPresent("Using the Checkatrade Service", false): Text 'Using the Checkatrade Service' is present on page 

2020-04-22 09:03:44 - [MESSAGE][PASSED] - Text 'Using the Checkatrade Service' is present on page 

2020-04-22 09:03:44 - [TEST_STEP][PASSED] - verifyTextPresent("Do I have to pay for your service", false): Text 'Do I have to pay for your service' is present on page 

2020-04-22 09:03:44 - [MESSAGE][PASSED] - Text 'Do I have to pay for your service' is present on page 

2020-04-22 09:03:44 - [TEST_STEP][PASSED] - verifyTextPresent("About Checkatrade Members", false): Text 'About Checkatrade Members' is present on page 

2020-04-22 09:03:44 - [MESSAGE][PASSED] - Text 'About Checkatrade Members' is present on page 

2020-04-22 09:03:44 - [TEST_STEP][PASSED] - verifyTextPresent("How do you vet prospective members", false): Text 'How do you vet prospective members' is present on page 

2020-04-22 09:03:44 - [MESSAGE][PASSED] - Text 'How do you vet prospective members' is present on page 

2020-04-22 09:03:44 - [TEST_STEP][PASSED] - verifyTextPresent("If you have a question that is not covered here please call Checkatrade on 0333 0146 190", false): Text 'If you have a question that is not covered here please call Checkatrade on 0333 0146 190' is present on page 

2020-04-22 09:03:44 - [MESSAGE][PASSED] - Text 'If you have a question that is not covered here please call Checkatrade on 0333 0146 190' is present on page 

2020-04-22 09:03:44 - [TEST_STEP][PASSED] - verifyTextPresent("calls charged at local rate for BT customers, other service providers may charge more", false): Text 'calls charged at local rate for BT customers, other service providers may charge more' is present on page 

2020-04-22 09:03:44 - [MESSAGE][PASSED] - Text 'calls charged at local rate for BT customers, other service providers may charge more' is present on page 

2020-04-22 09:03:44 - [TEST_STEP][PASSED] - verifyTextPresent("Using the Checkatrade Service", false): Text 'Using the Checkatrade Service' is present on page 

2020-04-22 09:03:44 - [MESSAGE][PASSED] - Text 'Using the Checkatrade Service' is present on page 

2020-04-22 09:03:44 - [TEST_STEP][PASSED] - scrollToPosition(500, 500): Browser is scrolled to position x = 500, y = 500

2020-04-22 09:03:44 - [MESSAGE][PASSED] - Browser is scrolled to position x = 500, y = 500

2020-04-22 09:03:44 - [TEST_STEP][PASSED] - delay(1): Delayed 1 second(s)

2020-04-22 09:03:45 - [MESSAGE][PASSED] - Delayed 1 second(s)

2020-04-22 09:03:45 - [TEST_STEP][PASSED] - verifyTextPresent("Do I have to pay for your service", false): Text 'Do I have to pay for your service' is present on page 

2020-04-22 09:03:46 - [MESSAGE][PASSED] - Text 'Do I have to pay for your service' is present on page 

2020-04-22 09:03:46 - [TEST_STEP][PASSED] - verifyTextPresent("How can I get the best results from your listings", false): Text 'How can I get the best results from your listings' is present on page 

2020-04-22 09:03:46 - [MESSAGE][PASSED] - Text 'How can I get the best results from your listings' is present on page 

2020-04-22 09:03:46 - [TEST_STEP][PASSED] - verifyTextPresent("Use our search facility to find the trade or service you need in your area", false): Text 'Use our search facility to find the trade or service you need in your area' is present on page 

2020-04-22 09:03:46 - [MESSAGE][PASSED] - Text 'Use our search facility to find the trade or service you need in your area' is present on page 

2020-04-22 09:03:46 - [TEST_STEP][PASSED] - verifyTextPresent("Why can’t I search trades and services by overall score", false): Text 'Why can’t I search trades and services by overall score' is present on page 

2020-04-22 09:03:46 - [MESSAGE][PASSED] - Text 'Why can’t I search trades and services by overall score' is present on page 

2020-04-22 09:03:46 - [TEST_STEP][PASSED] - verifyTextPresent("Once you are on the profile page of a particular trade or service you have this option via a drop down box", false): Text 'Once you are on the profile page of a particular trade or service you have this option via a drop down box' is present on page 

2020-04-22 09:03:47 - [MESSAGE][PASSED] - Text 'Once you are on the profile page of a particular trade or service you have this option via a drop down box' is present on page 

2020-04-22 09:03:47 - [TEST_STEP][PASSED] - verifyTextPresent("Why are there only a few traders listed in my area", false): Text 'Why are there only a few traders listed in my area' is present on page 

2020-04-22 09:03:47 - [MESSAGE][PASSED] - Text 'Why are there only a few traders listed in my area' is present on page 

2020-04-22 09:03:47 - [TEST_STEP][PASSED] - verifyTextPresent("Checkatrade started as a local business and quickly grew because the system works", false): Text 'Checkatrade started as a local business and quickly grew because the system works' is present on page 

2020-04-22 09:03:47 - [MESSAGE][PASSED] - Text 'Checkatrade started as a local business and quickly grew because the system works' is present on page 

2020-04-22 09:03:47 - [TEST_STEP][PASSED] - verifyTextPresent("About Checkatrade Members", false): Text 'About Checkatrade Members' is present on page 

2020-04-22 09:03:48 - [MESSAGE][PASSED] - Text 'About Checkatrade Members' is present on page 

2020-04-22 09:03:48 - [TEST_STEP][PASSED] - verifyTextPresent("How do you vet prospective members", false): Text 'How do you vet prospective members' is present on page 

2020-04-22 09:03:48 - [MESSAGE][PASSED] - Text 'How do you vet prospective members' is present on page 

2020-04-22 09:03:48 - [TEST_STEP][PASSED] - verifyTextPresent("All applicants are pre-screened and told that they will be interviewed, vetted and monitored", false): Text 'All applicants are pre-screened and told that they will be interviewed, vetted and monitored' is present on page 

2020-04-22 09:03:49 - [MESSAGE][PASSED] - Text 'All applicants are pre-screened and told that they will be interviewed, vetted and monitored' is present on page 

2020-04-22 09:03:49 - [TEST_STEP][PASSED] - scrollToPosition(1000, 1000): Browser is scrolled to position x = 1000, y = 1000

2020-04-22 09:03:49 - [MESSAGE][PASSED] - Browser is scrolled to position x = 1000, y = 1000

2020-04-22 09:03:49 - [TEST_STEP][PASSED] - delay(1): Delayed 1 second(s)

2020-04-22 09:03:50 - [MESSAGE][PASSED] - Delayed 1 second(s)

2020-04-22 09:03:50 - [TEST_STEP][PASSED] - "Footer": null

2020-04-22 09:03:50 - [TEST_STEP][PASSED] - verifyTextPresent("Checkatrade.com all rights reserved", false): Text 'Checkatrade.com all rights reserved' is present on page 

2020-04-22 09:03:50 - [MESSAGE][PASSED] - Text 'Checkatrade.com all rights reserved' is present on page 

2020-04-22 09:03:50 - [MESSAGE][PASSED] - Call Test Case 'Test Cases/Reusable_Test_Sequences/CAT_Footer/Homeowner/FAQ_Verification' successfully

2020-04-22 09:03:50 - [TEST_STEP][PASSED] - "---------------------------------------": null

2020-04-22 09:03:50 - [TEST_STEP][PASSED] - " Check Ribbon Menu                     |": null

2020-04-22 09:03:50 - [TEST_STEP][PASSED] - callTestCase(findTestCase("Reusable_Test_Sequences/CAT_Footer/Homeowner/Ribbon_Menu"), [:], CONTINUE_ON_FAILURE): Call Test Case 'Test Cases/Reusable_Test_Sequences/CAT_Footer/Homeowner/Ribbon_Menu' successfully

2020-04-22 09:03:50 - [TEST_CASE][PASSED] - Test Cases/Reusable_Test_Sequences/CAT_Footer/Homeowner/Ribbon_Menu: Test Cases/Reusable_Test_Sequences/CAT_Footer/Homeowner/Ribbon_Menu

2020-04-22 09:03:50 - [TEST_STEP][PASSED] - "----------------------------------------------------------------------------------------------------------------------------------------": null

2020-04-22 09:03:50 - [TEST_STEP][PASSED] - "This test is dependent on being called by ->Homeowner-> Why Checkatarade OR The Checkatrade Standard OR COmplaints About A Member       |": null

2020-04-22 09:03:50 - [TEST_STEP][PASSED] - "                                       OR FAQ - From CAT Footer Tests       - NOT STANDALONE -                                          |": null

2020-04-22 09:03:50 - [TEST_STEP][PASSED] - "----------------------------------------------------------------------------------------------------------------------------------------": null

2020-04-22 09:03:50 - [TEST_STEP][PASSED] - scrollToPosition(0, 0): Browser is scrolled to position x = 0, y = 0

2020-04-22 09:03:50 - [MESSAGE][PASSED] - Browser is scrolled to position x = 0, y = 0

2020-04-22 09:03:50 - [TEST_STEP][PASSED] - delay(1): Delayed 1 second(s)

2020-04-22 09:03:51 - [MESSAGE][PASSED] - Delayed 1 second(s)

2020-04-22 09:03:51 - [TEST_STEP][PASSED] - "--------------------------------------------------------------------------------------": null

2020-04-22 09:03:51 - [TEST_STEP][PASSED] - " Navigate to Homeowner->Why Checkatrade->Ribbon Menu Item <Why Checkatrade>           |": null

2020-04-22 09:03:51 - [TEST_STEP][PASSED] - waitForElementClickable(findTestObject("Object Repository/CAT_Footer/Homeowner/Ribbon_Menu/span_Why Checkatrade"), 3): Object 'Object Repository/CAT_Footer/Homeowner/Ribbon_Menu/span_Why Checkatrade' is clickable

2020-04-22 09:03:52 - [MESSAGE][PASSED] - Object 'Object Repository/CAT_Footer/Homeowner/Ribbon_Menu/span_Why Checkatrade' is clickable

2020-04-22 09:03:52 - [TEST_STEP][PASSED] - click(findTestObject("Object Repository/CAT_Footer/Homeowner/Ribbon_Menu/span_Why Checkatrade")): Object: 'Object Repository/CAT_Footer/Homeowner/Ribbon_Menu/span_Why Checkatrade' is clicked on

2020-04-22 09:03:53 - [MESSAGE][PASSED] - Object: 'Object Repository/CAT_Footer/Homeowner/Ribbon_Menu/span_Why Checkatrade' is clicked on

2020-04-22 09:03:53 - [TEST_STEP][PASSED] - waitForPageLoad(60): Wait for page load successfully

2020-04-22 09:03:53 - [MESSAGE][PASSED] - Wait for page load successfully

2020-04-22 09:03:53 - [TEST_STEP][PASSED] - verifyTextPresent("Millions of reviews", false): Text 'Millions of reviews' is present on page 

2020-04-22 09:03:53 - [MESSAGE][PASSED] - Text 'Millions of reviews' is present on page 

2020-04-22 09:03:53 - [TEST_STEP][PASSED] - verifyTextPresent("Free to use", false): Text 'Free to use' is present on page 

2020-04-22 09:03:53 - [MESSAGE][PASSED] - Text 'Free to use' is present on page 

2020-04-22 09:03:53 - [TEST_STEP][PASSED] - verifyTextPresent("Nationwide", false): Text 'Nationwide' is present on page 

2020-04-22 09:03:54 - [MESSAGE][PASSED] - Text 'Nationwide' is present on page 

2020-04-22 09:03:54 - [TEST_STEP][PASSED] - "-----------------------------------------------------------------------------------------------": null

2020-04-22 09:03:54 - [TEST_STEP][PASSED] - " Navigate to Homeowner->The Checkatrade Standard->Ribbon Menu Item <The Checkatrade Standard>  |": null

2020-04-22 09:03:54 - [TEST_STEP][PASSED] - waitForElementClickable(findTestObject("Object Repository/CAT_Footer/Homeowner/Ribbon_Menu/span_The Checkatrade Standard"), 3): Object 'Object Repository/CAT_Footer/Homeowner/Ribbon_Menu/span_The Checkatrade Standard' is clickable

2020-04-22 09:03:54 - [MESSAGE][PASSED] - Object 'Object Repository/CAT_Footer/Homeowner/Ribbon_Menu/span_The Checkatrade Standard' is clickable

2020-04-22 09:03:54 - [TEST_STEP][PASSED] - click(findTestObject("Object Repository/CAT_Footer/Homeowner/Ribbon_Menu/span_The Checkatrade Standard")): Object: 'Object Repository/CAT_Footer/Homeowner/Ribbon_Menu/span_The Checkatrade Standard' is clicked on

2020-04-22 09:03:55 - [MESSAGE][PASSED] - Object: 'Object Repository/CAT_Footer/Homeowner/Ribbon_Menu/span_The Checkatrade Standard' is clicked on

2020-04-22 09:03:55 - [TEST_STEP][PASSED] - waitForPageLoad(60): Wait for page load successfully

2020-04-22 09:03:55 - [MESSAGE][PASSED] - Wait for page load successfully

2020-04-22 09:03:55 - [TEST_STEP][PASSED] - verifyTextPresent("The Checkatrade Standard", false): Text 'The Checkatrade Standard' is present on page 

2020-04-22 09:03:56 - [MESSAGE][PASSED] - Text 'The Checkatrade Standard' is present on page 

2020-04-22 09:03:56 - [TEST_STEP][PASSED] - verifyTextPresent("Our members are proud to be part of Checkatrade.com", false): Text 'Our members are proud to be part of Checkatrade.com' is present on page 

2020-04-22 09:03:56 - [MESSAGE][PASSED] - Text 'Our members are proud to be part of Checkatrade.com' is present on page 

2020-04-22 09:03:56 - [TEST_STEP][PASSED] - verifyTextPresent("Be honest in all dealings with you", false): Text 'Be honest in all dealings with you' is present on page 

2020-04-22 09:03:56 - [MESSAGE][PASSED] - Text 'Be honest in all dealings with you' is present on page 

2020-04-22 09:03:56 - [TEST_STEP][PASSED] - "--------------------------------------------------------------------------------------": null

2020-04-22 09:03:56 - [TEST_STEP][PASSED] - " Navigate to Homeowner->Resolving Issues->Ribbon Menu Item <Resolving Issues>         |": null

2020-04-22 09:03:56 - [TEST_STEP][PASSED] - waitForElementClickable(findTestObject("Object Repository/CAT_Footer/Homeowner/Ribbon_Menu/div_Complaints About A Member"), 3): Object 'Object Repository/CAT_Footer/Homeowner/Ribbon_Menu/div_Complaints About A Member' is clickable

2020-04-22 09:03:56 - [MESSAGE][PASSED] - Object 'Object Repository/CAT_Footer/Homeowner/Ribbon_Menu/div_Complaints About A Member' is clickable

2020-04-22 09:03:56 - [TEST_STEP][PASSED] - click(findTestObject("Object Repository/CAT_Footer/Homeowner/Ribbon_Menu/div_Complaints About A Member")): Object: 'Object Repository/CAT_Footer/Homeowner/Ribbon_Menu/div_Complaints About A Member' is clicked on

2020-04-22 09:03:58 - [MESSAGE][PASSED] - Object: 'Object Repository/CAT_Footer/Homeowner/Ribbon_Menu/div_Complaints About A Member' is clicked on

2020-04-22 09:03:58 - [TEST_STEP][PASSED] - waitForPageLoad(60): Wait for page load successfully

2020-04-22 09:03:58 - [MESSAGE][PASSED] - Wait for page load successfully

2020-04-22 09:03:58 - [TEST_STEP][PASSED] - verifyTextPresent("Resolving Issues", false): Text 'Resolving Issues' is present on page 

2020-04-22 09:03:58 - [MESSAGE][PASSED] - Text 'Resolving Issues' is present on page 

2020-04-22 09:03:58 - [TEST_STEP][PASSED] - verifyTextPresent("Our members promise to meet The Checkatrade standard", false): Text 'Our members promise to meet The Checkatrade standard' is present on page 

2020-04-22 09:03:58 - [MESSAGE][PASSED] - Text 'Our members promise to meet The Checkatrade standard' is present on page 

2020-04-22 09:03:58 - [TEST_STEP][PASSED] - verifyTextPresent("Checkatrade encourage and recommend you to make all reasonable efforts to discuss", false): Text 'Checkatrade encourage and recommend you to make all reasonable efforts to discuss' is present on page 

2020-04-22 09:03:59 - [MESSAGE][PASSED] - Text 'Checkatrade encourage and recommend you to make all reasonable efforts to discuss' is present on page 

2020-04-22 09:03:59 - [TEST_STEP][PASSED] - "--------------------------------------------------------------------------------------": null

2020-04-22 09:03:59 - [TEST_STEP][PASSED] - " Navigate to Homeowner->FAQ->Ribbon Menu Item <FAQ>                                   |": null

2020-04-22 09:03:59 - [TEST_STEP][PASSED] - waitForElementClickable(findTestObject("Object Repository/CAT_Footer/Homeowner/Ribbon_Menu/span_FAQ"), 3): Object 'Object Repository/CAT_Footer/Homeowner/Ribbon_Menu/span_FAQ' is clickable

2020-04-22 09:03:59 - [MESSAGE][PASSED] - Object 'Object Repository/CAT_Footer/Homeowner/Ribbon_Menu/span_FAQ' is clickable

2020-04-22 09:03:59 - [TEST_STEP][PASSED] - click(findTestObject("Object Repository/CAT_Footer/Homeowner/Ribbon_Menu/span_FAQ")): Object: 'Object Repository/CAT_Footer/Homeowner/Ribbon_Menu/span_FAQ' is clicked on

2020-04-22 09:04:00 - [MESSAGE][PASSED] - Object: 'Object Repository/CAT_Footer/Homeowner/Ribbon_Menu/span_FAQ' is clicked on

2020-04-22 09:04:00 - [TEST_STEP][PASSED] - waitForPageLoad(60): Wait for page load successfully

2020-04-22 09:04:01 - [MESSAGE][PASSED] - Wait for page load successfully

2020-04-22 09:04:01 - [TEST_STEP][PASSED] - verifyTextPresent("Frequently asked questions", false): Text 'Frequently asked questions' is present on page 

2020-04-22 09:04:01 - [MESSAGE][PASSED] - Text 'Frequently asked questions' is present on page 

2020-04-22 09:04:01 - [TEST_STEP][PASSED] - verifyTextPresent("Using the Checkatrade Service", false): Text 'Using the Checkatrade Service' is present on page 

2020-04-22 09:04:02 - [MESSAGE][PASSED] - Text 'Using the Checkatrade Service' is present on page 

2020-04-22 09:04:02 - [TEST_STEP][PASSED] - verifyTextPresent("How do you vet prospective members?", false): Text 'How do you vet prospective members?' is present on page 

2020-04-22 09:04:02 - [MESSAGE][PASSED] - Text 'How do you vet prospective members?' is present on page 

2020-04-22 09:04:02 - [MESSAGE][PASSED] - Call Test Case 'Test Cases/Reusable_Test_Sequences/CAT_Footer/Homeowner/Ribbon_Menu' successfully

2020-04-22 09:04:02 - [TEST_STEP][PASSED] - "--------------------------": null

2020-04-22 09:04:02 - [TEST_STEP][PASSED] - " Teardown - CLose Browser |": null

2020-04-22 09:04:02 - [TEST_STEP][PASSED] - callTestCase(findTestCase("Reusable_Test_Sequences/CAT_Teardown"), [:], OPTIONAL): Call Test Case 'Test Cases/Reusable_Test_Sequences/CAT_Teardown' successfully

2020-04-22 09:04:02 - [TEST_CASE][PASSED] - Test Cases/Reusable_Test_Sequences/CAT_Teardown: Test Cases/Reusable_Test_Sequences/CAT_Teardown

2020-04-22 09:04:02 - [TEST_STEP][PASSED] - closeBrowser(): Browser is closed

2020-04-22 09:04:03 - [MESSAGE][PASSED] - Browser is closed

2020-04-22 09:04:03 - [TEST_STEP][PASSED] - super.finalize(): null

2020-04-22 09:04:03 - [TEST_STEP][PASSED] - System.gc(): null

2020-04-22 09:04:03 - [MESSAGE][PASSED] - Call Test Case 'Test Cases/Reusable_Test_Sequences/CAT_Teardown' successfully]]></system-out>
         <system-err><![CDATA[]]></system-err>
      </testcase>
      <testcase name="Test Cases/CAT_Footer/Homeowner/Secure_Contacts" time="34.415" classname="Test Cases/CAT_Footer/Homeowner/Secure_Contacts" status="PASSED">
         <system-out><![CDATA[2020-04-22 09:04:03 - [TEST_CASE][PASSED] - Test Cases/CAT_Footer/Homeowner/Secure_Contacts: Test Cases/CAT_Footer/Homeowner/Secure_Contacts

2020-04-22 09:04:03 - [TEST_STEP][PASSED] - callTestCase(findTestCase("Reusable_Test_Sequences/CAT_Setup"), [:], OPTIONAL): Call Test Case 'Test Cases/Reusable_Test_Sequences/CAT_Setup' successfully

2020-04-22 09:04:03 - [TEST_CASE][PASSED] - Test Cases/Reusable_Test_Sequences/CAT_Setup: Test Cases/Reusable_Test_Sequences/CAT_Setup

2020-04-22 09:04:03 - [TEST_STEP][PASSED] - "------------------------------": null

2020-04-22 09:04:03 - [TEST_STEP][PASSED] - " Set Mobile Device Testing    |": null

2020-04-22 09:04:03 - [TEST_STEP][PASSED] - if (Mobile_Flag == "true"): null

2020-04-22 09:04:03 - [TEST_STEP][PASSED] - "------------------------------": null

2020-04-22 09:04:03 - [TEST_STEP][PASSED] - " Set Mobile Device Testing    |": null

2020-04-22 09:04:03 - [TEST_STEP][PASSED] - "------------------------------": null

2020-04-22 09:04:03 - [TEST_STEP][PASSED] - "URL - Set from the ENVIRONMENT PROFILE ": null

2020-04-22 09:04:03 - [TEST_STEP][PASSED] - openBrowser(URL): Browser is opened with url: 'https://www.preview.checkatrade.com/'

2020-04-22 09:04:03 - [MESSAGE][INFO] - Starting 'Chrome' driver

2020-04-22 09:04:03 - [MESSAGE][INFO] - Action delay is set to 0 milliseconds

2020-04-22 09:04:13 - [MESSAGE][PASSED] - Browser is opened with url: 'https://www.preview.checkatrade.com/'

2020-04-22 09:04:13 - [TEST_STEP][PASSED] - maximizeWindow(): Current window maximized

2020-04-22 09:04:15 - [MESSAGE][PASSED] - Current window maximized

2020-04-22 09:04:15 - [TEST_STEP][PASSED] - waitForPageLoad(60): Wait for page load successfully

2020-04-22 09:04:15 - [MESSAGE][PASSED] - Wait for page load successfully

2020-04-22 09:04:15 - [TEST_STEP][PASSED] - "Previous Functionalilty Left Commented For Ease Of reversion": null

2020-04-22 09:04:15 - [TEST_STEP][PASSED] - " Katalon Try/Catches currently have issues? SEE HEADER": null

2020-04-22 09:04:15 - [TEST_STEP][PASSED] - try: Text 'Cookie Policy' is not present on page

2020-04-22 09:04:15 - [TEST_STEP][PASSED] - verifyElementPresent(findTestObject("Object Repository/Cookies/Page_Checkatrade Find a tradesperson you can trust/button_Accept All"), 5, OPTIONAL): Object 'Object Repository/Cookies/Page_Checkatrade Find a tradesperson you can trust/button_Accept All' is present

2020-04-22 09:04:15 - [MESSAGE][PASSED] - Object 'Object Repository/Cookies/Page_Checkatrade Find a tradesperson you can trust/button_Accept All' is present

2020-04-22 09:04:15 - [TEST_STEP][PASSED] - click(findTestObject("Object Repository/Cookies/Page_Checkatrade Find a tradesperson you can trust/button_Accept All"), OPTIONAL): Object: 'Object Repository/Cookies/Page_Checkatrade Find a tradesperson you can trust/button_Accept All' is clicked on

2020-04-22 09:04:16 - [MESSAGE][PASSED] - Object: 'Object Repository/Cookies/Page_Checkatrade Find a tradesperson you can trust/button_Accept All' is clicked on

2020-04-22 09:04:16 - [TEST_STEP][PASSED] - "---------------------------------": null

2020-04-22 09:04:16 - [TEST_STEP][PASSED] - "COOKIE POPOUT REMOVED - Confirmed": null

2020-04-22 09:04:16 - [TEST_STEP][PASSED] - delay(1): Delayed 1 second(s)

2020-04-22 09:04:17 - [MESSAGE][PASSED] - Delayed 1 second(s)

2020-04-22 09:04:17 - [TEST_STEP][PASSED] - verifyTextNotPresent("We use cookies to personalise content and ads, to provide social media features and to analyse our traffic", false): Text 'We use cookies to personalise content and ads, to provide social media features and to analyse our traffic' is not present on page

2020-04-22 09:04:17 - [MESSAGE][PASSED] - Text 'We use cookies to personalise content and ads, to provide social media features and to analyse our traffic' is not present on page

2020-04-22 09:04:17 - [TEST_STEP][PASSED] - verifyTextNotPresent(" We also share information about your use of our site with our social media, advertising and analytics partners", false): Text ' We also share information about your use of our site with our social media, advertising and analytics partners' is not present on page

2020-04-22 09:04:17 - [MESSAGE][PASSED] - Text ' We also share information about your use of our site with our social media, advertising and analytics partners' is not present on page

2020-04-22 09:04:17 - [TEST_STEP][PASSED] - verifyTextNotPresent("Cookie Policy", false): Text 'Cookie Policy' is not present on page

2020-04-22 09:04:17 - [MESSAGE][PASSED] - Text 'Cookie Policy' is not present on page

2020-04-22 09:04:17 - [TEST_STEP][PASSED] - waitForPageLoad(60): Wait for page load successfully

2020-04-22 09:04:17 - [MESSAGE][PASSED] - Wait for page load successfully

2020-04-22 09:04:17 - [TEST_STEP][PASSED] - "COOKIE - ORIGINAL": null

2020-04-22 09:04:17 - [TEST_STEP][PASSED] - if (waitForElementVisible(findTestObject("Object Repository/Feedback/Page_Checkatrade Give your feedback/input_Member_to_Review"), 5)): Web element with id: 'Object Repository/Feedback/Page_Checkatrade Give your feedback/input_Member_to_Review' located by 'By.xpath: //input[@id='feedback-form__company_autocomplete_input']' not found

2020-04-22 09:04:23 - [MESSAGE][INFO] - Unable to find the element located by 'By.xpath: //input[@id='feedback-form__company_autocomplete_input']'. Please recheck the objects properties to make sure the desired element is located. 

2020-04-22 09:04:23 - [MESSAGE][WARNING] - Web element with id: 'Object Repository/Feedback/Page_Checkatrade Give your feedback/input_Member_to_Review' located by 'By.xpath: //input[@id='feedback-form__company_autocomplete_input']' not found

2020-04-22 09:04:23 - [TEST_STEP][PASSED] - else: The <<<OLD>>> Website was detected by the STARTUP Process

2020-04-22 09:04:23 - [TEST_STEP][PASSED] - if (!(verifyElementVisible(findTestObject("Object Repository/Checkatrade_Trade_Search_Page/Page_Checkatrade Find a tradesperson you can trust/input_Search_Button_FF")))): Object 'Object Repository/Checkatrade_Trade_Search_Page/Page_Checkatrade Find a tradesperson you can trust/input_Search_Button_FF' is visible

2020-04-22 09:04:23 - [MESSAGE][PASSED] - Object 'Object Repository/Checkatrade_Trade_Search_Page/Page_Checkatrade Find a tradesperson you can trust/input_Search_Button_FF' is visible

2020-04-22 09:04:23 - [TEST_STEP][PASSED] - else: The <<<OLD>>> Website was detected by the STARTUP Process

2020-04-22 09:04:23 - [TEST_STEP][PASSED] - Website_Version = "old": null

2020-04-22 09:04:23 - [TEST_STEP][PASSED] - logInfo("The <<<OLD>>> Website was detected by the STARTUP Process"): The <<<OLD>>> Website was detected by the STARTUP Process

2020-04-22 09:04:23 - [MESSAGE][INFO] - The <<<OLD>>> Website was detected by the STARTUP Process

2020-04-22 09:04:23 - [MESSAGE][PASSED] - Call Test Case 'Test Cases/Reusable_Test_Sequences/CAT_Setup' successfully

2020-04-22 09:04:23 - [TEST_STEP][PASSED] - callTestCase(findTestCase("Reusable_Test_Sequences/CAT_Home"), [:], CONTINUE_ON_FAILURE): Call Test Case 'Test Cases/Reusable_Test_Sequences/CAT_Home' successfully

2020-04-22 09:04:23 - [TEST_CASE][PASSED] - Test Cases/Reusable_Test_Sequences/CAT_Home: Test Cases/Reusable_Test_Sequences/CAT_Home

2020-04-22 09:04:23 - [TEST_STEP][PASSED] - waitForPageLoad(60): Wait for page load successfully

2020-04-22 09:04:23 - [MESSAGE][PASSED] - Wait for page load successfully

2020-04-22 09:04:23 - [TEST_STEP][PASSED] - delay(2): Delayed 2 second(s)

2020-04-22 09:04:25 - [MESSAGE][PASSED] - Delayed 2 second(s)

2020-04-22 09:04:25 - [TEST_STEP][PASSED] - "------------------------------------": null

2020-04-22 09:04:25 - [TEST_STEP][PASSED] - if (Website_Version == "new"): null

2020-04-22 09:04:25 - [TEST_STEP][PASSED] - else: Text 'Over a million visits to Checkatrade each month' is present on page 

2020-04-22 09:04:25 - [TEST_STEP][PASSED] - verifyTextPresent("Helping you find the right trade or service", false): Text 'Helping you find the right trade or service' is present on page 

2020-04-22 09:04:25 - [MESSAGE][PASSED] - Text 'Helping you find the right trade or service' is present on page 

2020-04-22 09:04:25 - [TEST_STEP][PASSED] - verifyTextPresent("Search through over", false): Text 'Search through over' is present on page 

2020-04-22 09:04:25 - [MESSAGE][PASSED] - Text 'Search through over' is present on page 

2020-04-22 09:04:25 - [TEST_STEP][PASSED] - verifyTextPresent("recommended, vetted and monitored trades and service providers for free.", false): Text 'recommended, vetted and monitored trades and service providers for free.' is present on page 

2020-04-22 09:04:25 - [MESSAGE][PASSED] - Text 'recommended, vetted and monitored trades and service providers for free.' is present on page 

2020-04-22 09:04:25 - [TEST_STEP][PASSED] - verifyTextPresent("reviews published so far – thank you!", false): Text 'reviews published so far – thank you!' is present on page 

2020-04-22 09:04:25 - [MESSAGE][PASSED] - Text 'reviews published so far – thank you!' is present on page 

2020-04-22 09:04:25 - [TEST_STEP][PASSED] - verifyTextPresent("I need a trade or service", false): Text 'I need a trade or service' is present on page 

2020-04-22 09:04:26 - [MESSAGE][PASSED] - Text 'I need a trade or service' is present on page 

2020-04-22 09:04:26 - [TEST_STEP][PASSED] - verifyTextPresent("Every trader thoroughly checked and vetted", false): Text 'Every trader thoroughly checked and vetted' is present on page 

2020-04-22 09:04:26 - [MESSAGE][PASSED] - Text 'Every trader thoroughly checked and vetted' is present on page 

2020-04-22 09:04:26 - [TEST_STEP][PASSED] - "------------------------------------": null

2020-04-22 09:04:26 - [TEST_STEP][PASSED] - verifyTextPresent("reviews published so far – thank you!", false): Text 'reviews published so far – thank you!' is present on page 

2020-04-22 09:04:26 - [MESSAGE][PASSED] - Text 'reviews published so far – thank you!' is present on page 

2020-04-22 09:04:26 - [TEST_STEP][PASSED] - verifyTextPresent("Find out more", false): Text 'Find out more' is present on page 

2020-04-22 09:04:26 - [MESSAGE][PASSED] - Text 'Find out more' is present on page 

2020-04-22 09:04:26 - [TEST_STEP][PASSED] - verifyTextPresent("I am a tradesman", false): Text 'I am a tradesman' is present on page 

2020-04-22 09:04:26 - [MESSAGE][PASSED] - Text 'I am a tradesman' is present on page 

2020-04-22 09:04:26 - [TEST_STEP][PASSED] - verifyTextPresent("Find out more", false): Text 'Find out more' is present on page 

2020-04-22 09:04:26 - [MESSAGE][PASSED] - Text 'Find out more' is present on page 

2020-04-22 09:04:26 - [TEST_STEP][PASSED] - verifyTextPresent("Over a million visits to Checkatrade each month", false): Text 'Over a million visits to Checkatrade each month' is present on page 

2020-04-22 09:04:26 - [MESSAGE][PASSED] - Text 'Over a million visits to Checkatrade each month' is present on page 

2020-04-22 09:04:26 - [MESSAGE][PASSED] - Call Test Case 'Test Cases/Reusable_Test_Sequences/CAT_Home' successfully

2020-04-22 09:04:26 - [TEST_STEP][PASSED] - "--------------------------------------------": null

2020-04-22 09:04:26 - [TEST_STEP][PASSED] - " Navigate to Homeowner->Secure Contacts     |": null

2020-04-22 09:04:26 - [TEST_STEP][PASSED] - scrollToElement(findTestObject("Object Repository/CAT_Footer/Page_Checkatrade Find a tradesperson you can trust/div_Secure Contacts"), 3): Scroll to object 'Object Repository/CAT_Footer/Page_Checkatrade Find a tradesperson you can trust/div_Secure Contacts' successfully

2020-04-22 09:04:26 - [MESSAGE][PASSED] - Scroll to object 'Object Repository/CAT_Footer/Page_Checkatrade Find a tradesperson you can trust/div_Secure Contacts' successfully

2020-04-22 09:04:26 - [TEST_STEP][PASSED] - click(findTestObject("Object Repository/CAT_Footer/Page_Checkatrade Find a tradesperson you can trust/div_Secure Contacts")): Object: 'Object Repository/CAT_Footer/Page_Checkatrade Find a tradesperson you can trust/div_Secure Contacts' is clicked on

2020-04-22 09:04:27 - [MESSAGE][PASSED] - Object: 'Object Repository/CAT_Footer/Page_Checkatrade Find a tradesperson you can trust/div_Secure Contacts' is clicked on

2020-04-22 09:04:27 - [TEST_STEP][PASSED] - "---------------------------------------": null

2020-04-22 09:04:27 - [TEST_STEP][PASSED] - " Verify Returned Page is as Expected   |": null

2020-04-22 09:04:27 - [TEST_STEP][PASSED] - callTestCase(findTestCase("Reusable_Test_Sequences/CAT_Footer/Homeowner/Secure_Contacts_Verification"), [:], CONTINUE_ON_FAILURE): Call Test Case 'Test Cases/Reusable_Test_Sequences/CAT_Footer/Homeowner/Secure_Contacts_Verification' successfully

2020-04-22 09:04:27 - [TEST_CASE][PASSED] - Test Cases/Reusable_Test_Sequences/CAT_Footer/Homeowner/Secure_Contacts_Verification: Test Cases/Reusable_Test_Sequences/CAT_Footer/Homeowner/Secure_Contacts_Verification

2020-04-22 09:04:28 - [TEST_STEP][PASSED] - delay(1): Delayed 1 second(s)

2020-04-22 09:04:29 - [MESSAGE][PASSED] - Delayed 1 second(s)

2020-04-22 09:04:29 - [TEST_STEP][PASSED] - waitForPageLoad(60): Wait for page load successfully

2020-04-22 09:04:30 - [MESSAGE][PASSED] - Wait for page load successfully

2020-04-22 09:04:30 - [TEST_STEP][PASSED] - "Only When Needed": null

2020-04-22 09:04:30 - [TEST_STEP][PASSED] - "----------------------------------------------": null

2020-04-22 09:04:30 - [TEST_STEP][PASSED] - "DEFAULT TAB - None - 1 Page Returned          |": null

2020-04-22 09:04:30 - [TEST_STEP][PASSED] - "----------------------------------------------": null

2020-04-22 09:04:30 - [TEST_STEP][PASSED] - "----------------------------------------------": null

2020-04-22 09:04:30 - [TEST_STEP][PASSED] - "----------------------------------------------": null

2020-04-22 09:04:30 - [TEST_STEP][PASSED] - verifyTextPresent("What are secure contact details", false): Text 'What are secure contact details' is present on page 

2020-04-22 09:04:31 - [MESSAGE][PASSED] - Text 'What are secure contact details' is present on page 

2020-04-22 09:04:31 - [TEST_STEP][PASSED] - "----------------------------------------------": null

2020-04-22 09:04:31 - [TEST_STEP][PASSED] - verifyTextPresent("Secure contact details are dedicated phone numbers and email addresses which are used on ", false): Text 'Secure contact details are dedicated phone numbers and email addresses which are used on ' is present on page 

2020-04-22 09:04:31 - [MESSAGE][PASSED] - Text 'Secure contact details are dedicated phone numbers and email addresses which are used on ' is present on page 

2020-04-22 09:04:31 - [TEST_STEP][PASSED] - verifyTextPresent("Checkatrade.com to protect our consumers and trades", false): Text 'Checkatrade.com to protect our consumers and trades' is present on page 

2020-04-22 09:04:32 - [MESSAGE][PASSED] - Text 'Checkatrade.com to protect our consumers and trades' is present on page 

2020-04-22 09:04:32 - [TEST_STEP][PASSED] - verifyTextPresent("They are displayed in place of our trades personal contact details ", false): Text 'They are displayed in place of our trades personal contact details ' is present on page 

2020-04-22 09:04:32 - [MESSAGE][PASSED] - Text 'They are displayed in place of our trades personal contact details ' is present on page 

2020-04-22 09:04:32 - [TEST_STEP][PASSED] - verifyTextPresent("however divert directly to them, keeping communication seamless for both parties", false): Text 'however divert directly to them, keeping communication seamless for both parties' is present on page 

2020-04-22 09:04:33 - [MESSAGE][PASSED] - Text 'however divert directly to them, keeping communication seamless for both parties' is present on page 

2020-04-22 09:04:33 - [TEST_STEP][PASSED] - "----------------------------------------------": null

2020-04-22 09:04:33 - [TEST_STEP][PASSED] - verifyTextPresent("What's the benefit of secure contact details", false): Text 'What's the benefit of secure contact details' is present on page 

2020-04-22 09:04:33 - [MESSAGE][PASSED] - Text 'What's the benefit of secure contact details' is present on page 

2020-04-22 09:04:33 - [TEST_STEP][PASSED] - verifyTextPresent("Peace of mind", false): Text 'Peace of mind' is present on page 

2020-04-22 09:04:33 - [MESSAGE][PASSED] - Text 'Peace of mind' is present on page 

2020-04-22 09:04:33 - [TEST_STEP][PASSED] - verifyTextPresent("Using a secure contact detail gives you complete peace of mind", false): Text 'Using a secure contact detail gives you complete peace of mind' is present on page 

2020-04-22 09:04:34 - [MESSAGE][PASSED] - Text 'Using a secure contact detail gives you complete peace of mind' is present on page 

2020-04-22 09:04:34 - [TEST_STEP][PASSED] - verifyTextPresent("Higher response rate", false): Text 'Higher response rate' is present on page 

2020-04-22 09:04:34 - [MESSAGE][PASSED] - Text 'Higher response rate' is present on page 

2020-04-22 09:04:34 - [TEST_STEP][PASSED] - verifyTextPresent("We want to give you the best chance possible at quickly and easily finding the right trade for you", false): Text 'We want to give you the best chance possible at quickly and easily finding the right trade for you' is present on page 

2020-04-22 09:04:34 - [MESSAGE][PASSED] - Text 'We want to give you the best chance possible at quickly and easily finding the right trade for you' is present on page 

2020-04-22 09:04:34 - [TEST_STEP][PASSED] - verifyTextPresent("Trades have less spam calls", false): Text 'Trades have less spam calls' is present on page 

2020-04-22 09:04:34 - [MESSAGE][PASSED] - Text 'Trades have less spam calls' is present on page 

2020-04-22 09:04:34 - [TEST_STEP][PASSED] - verifyTextPresent("Secure contacts help us to identify frequent nuisance and spam callers", false): Text 'Secure contacts help us to identify frequent nuisance and spam callers' is present on page 

2020-04-22 09:04:34 - [MESSAGE][PASSED] - Text 'Secure contacts help us to identify frequent nuisance and spam callers' is present on page 

2020-04-22 09:04:34 - [TEST_STEP][PASSED] - verifyTextPresent("Trades alerted when they receive a Checkatrade enquiry", false): Text 'Trades alerted when they receive a Checkatrade enquiry' is present on page 

2020-04-22 09:04:34 - [MESSAGE][PASSED] - Text 'Trades alerted when they receive a Checkatrade enquiry' is present on page 

2020-04-22 09:04:34 - [TEST_STEP][PASSED] - verifyTextPresent("It gives them a great start with new enquiries", false): Text 'It gives them a great start with new enquiries' is present on page 

2020-04-22 09:04:34 - [MESSAGE][PASSED] - Text 'It gives them a great start with new enquiries' is present on page 

2020-04-22 09:04:34 - [TEST_STEP][PASSED] - scrollToPosition(500, 500): Browser is scrolled to position x = 500, y = 500

2020-04-22 09:04:34 - [MESSAGE][PASSED] - Browser is scrolled to position x = 500, y = 500

2020-04-22 09:04:34 - [TEST_STEP][PASSED] - delay(1): Delayed 1 second(s)

2020-04-22 09:04:35 - [MESSAGE][PASSED] - Delayed 1 second(s)

2020-04-22 09:04:35 - [TEST_STEP][PASSED] - "Footer": null

2020-04-22 09:04:35 - [TEST_STEP][PASSED] - verifyTextPresent("Checkatrade.com all rights reserved", false): Text 'Checkatrade.com all rights reserved' is present on page 

2020-04-22 09:04:36 - [MESSAGE][PASSED] - Text 'Checkatrade.com all rights reserved' is present on page 

2020-04-22 09:04:36 - [MESSAGE][PASSED] - Call Test Case 'Test Cases/Reusable_Test_Sequences/CAT_Footer/Homeowner/Secure_Contacts_Verification' successfully

2020-04-22 09:04:36 - [TEST_STEP][PASSED] - "--------------------------": null

2020-04-22 09:04:36 - [TEST_STEP][PASSED] - " Teardown - CLose Browser |": null

2020-04-22 09:04:36 - [TEST_STEP][PASSED] - callTestCase(findTestCase("Reusable_Test_Sequences/CAT_Teardown"), [:], OPTIONAL): Call Test Case 'Test Cases/Reusable_Test_Sequences/CAT_Teardown' successfully

2020-04-22 09:04:36 - [TEST_CASE][PASSED] - Test Cases/Reusable_Test_Sequences/CAT_Teardown: Test Cases/Reusable_Test_Sequences/CAT_Teardown

2020-04-22 09:04:36 - [TEST_STEP][PASSED] - closeBrowser(): Browser is closed

2020-04-22 09:04:37 - [MESSAGE][PASSED] - Browser is closed

2020-04-22 09:04:37 - [TEST_STEP][PASSED] - super.finalize(): null

2020-04-22 09:04:37 - [TEST_STEP][PASSED] - System.gc(): null

2020-04-22 09:04:37 - [MESSAGE][PASSED] - Call Test Case 'Test Cases/Reusable_Test_Sequences/CAT_Teardown' successfully]]></system-out>
         <system-err><![CDATA[]]></system-err>
      </testcase>
      <testcase name="Test Cases/CAT_Footer/Homeowner/The_Checkatrade_Standard" time="52.497" classname="Test Cases/CAT_Footer/Homeowner/The_Checkatrade_Standard" status="PASSED">
         <system-out><![CDATA[2020-04-22 09:04:37 - [TEST_CASE][PASSED] - Test Cases/CAT_Footer/Homeowner/The_Checkatrade_Standard: Test Cases/CAT_Footer/Homeowner/The_Checkatrade_Standard

2020-04-22 09:04:38 - [TEST_STEP][PASSED] - callTestCase(findTestCase("Reusable_Test_Sequences/CAT_Setup"), [:], OPTIONAL): Call Test Case 'Test Cases/Reusable_Test_Sequences/CAT_Setup' successfully

2020-04-22 09:04:38 - [TEST_CASE][PASSED] - Test Cases/Reusable_Test_Sequences/CAT_Setup: Test Cases/Reusable_Test_Sequences/CAT_Setup

2020-04-22 09:04:38 - [TEST_STEP][PASSED] - "------------------------------": null

2020-04-22 09:04:38 - [TEST_STEP][PASSED] - " Set Mobile Device Testing    |": null

2020-04-22 09:04:38 - [TEST_STEP][PASSED] - if (Mobile_Flag == "true"): null

2020-04-22 09:04:38 - [TEST_STEP][PASSED] - "------------------------------": null

2020-04-22 09:04:38 - [TEST_STEP][PASSED] - " Set Mobile Device Testing    |": null

2020-04-22 09:04:38 - [TEST_STEP][PASSED] - "------------------------------": null

2020-04-22 09:04:38 - [TEST_STEP][PASSED] - "URL - Set from the ENVIRONMENT PROFILE ": null

2020-04-22 09:04:38 - [TEST_STEP][PASSED] - openBrowser(URL): Browser is opened with url: 'https://www.preview.checkatrade.com/'

2020-04-22 09:04:38 - [MESSAGE][INFO] - Starting 'Chrome' driver

2020-04-22 09:04:38 - [MESSAGE][INFO] - Action delay is set to 0 milliseconds

2020-04-22 09:04:44 - [MESSAGE][PASSED] - Browser is opened with url: 'https://www.preview.checkatrade.com/'

2020-04-22 09:04:44 - [TEST_STEP][PASSED] - maximizeWindow(): Current window maximized

2020-04-22 09:04:47 - [MESSAGE][PASSED] - Current window maximized

2020-04-22 09:04:47 - [TEST_STEP][PASSED] - waitForPageLoad(60): Wait for page load successfully

2020-04-22 09:04:47 - [MESSAGE][PASSED] - Wait for page load successfully

2020-04-22 09:04:47 - [TEST_STEP][PASSED] - "Previous Functionalilty Left Commented For Ease Of reversion": null

2020-04-22 09:04:47 - [TEST_STEP][PASSED] - " Katalon Try/Catches currently have issues? SEE HEADER": null

2020-04-22 09:04:47 - [TEST_STEP][PASSED] - try: Text 'Cookie Policy' is not present on page

2020-04-22 09:04:47 - [TEST_STEP][PASSED] - verifyElementPresent(findTestObject("Object Repository/Cookies/Page_Checkatrade Find a tradesperson you can trust/button_Accept All"), 5, OPTIONAL): Object 'Object Repository/Cookies/Page_Checkatrade Find a tradesperson you can trust/button_Accept All' is present

2020-04-22 09:04:47 - [MESSAGE][PASSED] - Object 'Object Repository/Cookies/Page_Checkatrade Find a tradesperson you can trust/button_Accept All' is present

2020-04-22 09:04:47 - [TEST_STEP][PASSED] - click(findTestObject("Object Repository/Cookies/Page_Checkatrade Find a tradesperson you can trust/button_Accept All"), OPTIONAL): Object: 'Object Repository/Cookies/Page_Checkatrade Find a tradesperson you can trust/button_Accept All' is clicked on

2020-04-22 09:04:48 - [MESSAGE][PASSED] - Object: 'Object Repository/Cookies/Page_Checkatrade Find a tradesperson you can trust/button_Accept All' is clicked on

2020-04-22 09:04:48 - [TEST_STEP][PASSED] - "---------------------------------": null

2020-04-22 09:04:48 - [TEST_STEP][PASSED] - "COOKIE POPOUT REMOVED - Confirmed": null

2020-04-22 09:04:48 - [TEST_STEP][PASSED] - delay(1): Delayed 1 second(s)

2020-04-22 09:04:49 - [MESSAGE][PASSED] - Delayed 1 second(s)

2020-04-22 09:04:49 - [TEST_STEP][PASSED] - verifyTextNotPresent("We use cookies to personalise content and ads, to provide social media features and to analyse our traffic", false): Text 'We use cookies to personalise content and ads, to provide social media features and to analyse our traffic' is not present on page

2020-04-22 09:04:49 - [MESSAGE][PASSED] - Text 'We use cookies to personalise content and ads, to provide social media features and to analyse our traffic' is not present on page

2020-04-22 09:04:49 - [TEST_STEP][PASSED] - verifyTextNotPresent(" We also share information about your use of our site with our social media, advertising and analytics partners", false): Text ' We also share information about your use of our site with our social media, advertising and analytics partners' is not present on page

2020-04-22 09:04:49 - [MESSAGE][PASSED] - Text ' We also share information about your use of our site with our social media, advertising and analytics partners' is not present on page

2020-04-22 09:04:49 - [TEST_STEP][PASSED] - verifyTextNotPresent("Cookie Policy", false): Text 'Cookie Policy' is not present on page

2020-04-22 09:04:50 - [MESSAGE][PASSED] - Text 'Cookie Policy' is not present on page

2020-04-22 09:04:50 - [TEST_STEP][PASSED] - waitForPageLoad(60): Wait for page load successfully

2020-04-22 09:04:50 - [MESSAGE][PASSED] - Wait for page load successfully

2020-04-22 09:04:50 - [TEST_STEP][PASSED] - "COOKIE - ORIGINAL": null

2020-04-22 09:04:50 - [TEST_STEP][PASSED] - if (waitForElementVisible(findTestObject("Object Repository/Feedback/Page_Checkatrade Give your feedback/input_Member_to_Review"), 5)): Web element with id: 'Object Repository/Feedback/Page_Checkatrade Give your feedback/input_Member_to_Review' located by 'By.xpath: //input[@id='feedback-form__company_autocomplete_input']' not found

2020-04-22 09:04:56 - [MESSAGE][INFO] - Unable to find the element located by 'By.xpath: //input[@id='feedback-form__company_autocomplete_input']'. Please recheck the objects properties to make sure the desired element is located. 

2020-04-22 09:04:56 - [MESSAGE][WARNING] - Web element with id: 'Object Repository/Feedback/Page_Checkatrade Give your feedback/input_Member_to_Review' located by 'By.xpath: //input[@id='feedback-form__company_autocomplete_input']' not found

2020-04-22 09:04:56 - [TEST_STEP][PASSED] - else: The <<<OLD>>> Website was detected by the STARTUP Process

2020-04-22 09:04:56 - [TEST_STEP][PASSED] - if (!(verifyElementVisible(findTestObject("Object Repository/Checkatrade_Trade_Search_Page/Page_Checkatrade Find a tradesperson you can trust/input_Search_Button_FF")))): Object 'Object Repository/Checkatrade_Trade_Search_Page/Page_Checkatrade Find a tradesperson you can trust/input_Search_Button_FF' is visible

2020-04-22 09:04:56 - [MESSAGE][PASSED] - Object 'Object Repository/Checkatrade_Trade_Search_Page/Page_Checkatrade Find a tradesperson you can trust/input_Search_Button_FF' is visible

2020-04-22 09:04:56 - [TEST_STEP][PASSED] - else: The <<<OLD>>> Website was detected by the STARTUP Process

2020-04-22 09:04:56 - [TEST_STEP][PASSED] - Website_Version = "old": null

2020-04-22 09:04:56 - [TEST_STEP][PASSED] - logInfo("The <<<OLD>>> Website was detected by the STARTUP Process"): The <<<OLD>>> Website was detected by the STARTUP Process

2020-04-22 09:04:56 - [MESSAGE][INFO] - The <<<OLD>>> Website was detected by the STARTUP Process

2020-04-22 09:04:56 - [MESSAGE][PASSED] - Call Test Case 'Test Cases/Reusable_Test_Sequences/CAT_Setup' successfully

2020-04-22 09:04:56 - [TEST_STEP][PASSED] - callTestCase(findTestCase("Reusable_Test_Sequences/CAT_Home"), [:], CONTINUE_ON_FAILURE): Call Test Case 'Test Cases/Reusable_Test_Sequences/CAT_Home' successfully

2020-04-22 09:04:56 - [TEST_CASE][PASSED] - Test Cases/Reusable_Test_Sequences/CAT_Home: Test Cases/Reusable_Test_Sequences/CAT_Home

2020-04-22 09:04:56 - [TEST_STEP][PASSED] - waitForPageLoad(60): Wait for page load successfully

2020-04-22 09:04:56 - [MESSAGE][PASSED] - Wait for page load successfully

2020-04-22 09:04:56 - [TEST_STEP][PASSED] - delay(2): Delayed 2 second(s)

2020-04-22 09:04:58 - [MESSAGE][PASSED] - Delayed 2 second(s)

2020-04-22 09:04:58 - [TEST_STEP][PASSED] - "------------------------------------": null

2020-04-22 09:04:58 - [TEST_STEP][PASSED] - if (Website_Version == "new"): null

2020-04-22 09:04:58 - [TEST_STEP][PASSED] - else: Text 'Over a million visits to Checkatrade each month' is present on page 

2020-04-22 09:04:58 - [TEST_STEP][PASSED] - verifyTextPresent("Helping you find the right trade or service", false): Text 'Helping you find the right trade or service' is present on page 

2020-04-22 09:04:58 - [MESSAGE][PASSED] - Text 'Helping you find the right trade or service' is present on page 

2020-04-22 09:04:58 - [TEST_STEP][PASSED] - verifyTextPresent("Search through over", false): Text 'Search through over' is present on page 

2020-04-22 09:04:59 - [MESSAGE][PASSED] - Text 'Search through over' is present on page 

2020-04-22 09:04:59 - [TEST_STEP][PASSED] - verifyTextPresent("recommended, vetted and monitored trades and service providers for free.", false): Text 'recommended, vetted and monitored trades and service providers for free.' is present on page 

2020-04-22 09:04:59 - [MESSAGE][PASSED] - Text 'recommended, vetted and monitored trades and service providers for free.' is present on page 

2020-04-22 09:04:59 - [TEST_STEP][PASSED] - verifyTextPresent("reviews published so far – thank you!", false): Text 'reviews published so far – thank you!' is present on page 

2020-04-22 09:04:59 - [MESSAGE][PASSED] - Text 'reviews published so far – thank you!' is present on page 

2020-04-22 09:04:59 - [TEST_STEP][PASSED] - verifyTextPresent("I need a trade or service", false): Text 'I need a trade or service' is present on page 

2020-04-22 09:04:59 - [MESSAGE][PASSED] - Text 'I need a trade or service' is present on page 

2020-04-22 09:04:59 - [TEST_STEP][PASSED] - verifyTextPresent("Every trader thoroughly checked and vetted", false): Text 'Every trader thoroughly checked and vetted' is present on page 

2020-04-22 09:05:00 - [MESSAGE][PASSED] - Text 'Every trader thoroughly checked and vetted' is present on page 

2020-04-22 09:05:00 - [TEST_STEP][PASSED] - "------------------------------------": null

2020-04-22 09:05:00 - [TEST_STEP][PASSED] - verifyTextPresent("reviews published so far – thank you!", false): Text 'reviews published so far – thank you!' is present on page 

2020-04-22 09:05:00 - [MESSAGE][PASSED] - Text 'reviews published so far – thank you!' is present on page 

2020-04-22 09:05:00 - [TEST_STEP][PASSED] - verifyTextPresent("Find out more", false): Text 'Find out more' is present on page 

2020-04-22 09:05:00 - [MESSAGE][PASSED] - Text 'Find out more' is present on page 

2020-04-22 09:05:00 - [TEST_STEP][PASSED] - verifyTextPresent("I am a tradesman", false): Text 'I am a tradesman' is present on page 

2020-04-22 09:05:00 - [MESSAGE][PASSED] - Text 'I am a tradesman' is present on page 

2020-04-22 09:05:00 - [TEST_STEP][PASSED] - verifyTextPresent("Find out more", false): Text 'Find out more' is present on page 

2020-04-22 09:05:01 - [MESSAGE][PASSED] - Text 'Find out more' is present on page 

2020-04-22 09:05:01 - [TEST_STEP][PASSED] - verifyTextPresent("Over a million visits to Checkatrade each month", false): Text 'Over a million visits to Checkatrade each month' is present on page 

2020-04-22 09:05:01 - [MESSAGE][PASSED] - Text 'Over a million visits to Checkatrade each month' is present on page 

2020-04-22 09:05:01 - [MESSAGE][PASSED] - Call Test Case 'Test Cases/Reusable_Test_Sequences/CAT_Home' successfully

2020-04-22 09:05:01 - [TEST_STEP][PASSED] - "--------------------------------------------": null

2020-04-22 09:05:01 - [TEST_STEP][PASSED] - " Navigate to Homeowner->Checkatrade Standard|": null

2020-04-22 09:05:01 - [TEST_STEP][PASSED] - scrollToElement(findTestObject("Object Repository/CAT_Footer/Page_Checkatrade Find a tradesperson you can trust/div_The Checkatrade Standard"), 3): Scroll to object 'Object Repository/CAT_Footer/Page_Checkatrade Find a tradesperson you can trust/div_The Checkatrade Standard' successfully

2020-04-22 09:05:01 - [MESSAGE][PASSED] - Scroll to object 'Object Repository/CAT_Footer/Page_Checkatrade Find a tradesperson you can trust/div_The Checkatrade Standard' successfully

2020-04-22 09:05:01 - [TEST_STEP][PASSED] - click(findTestObject("Object Repository/CAT_Footer/Page_Checkatrade Find a tradesperson you can trust/div_The Checkatrade Standard")): Object: 'Object Repository/CAT_Footer/Page_Checkatrade Find a tradesperson you can trust/div_The Checkatrade Standard' is clicked on

2020-04-22 09:05:02 - [MESSAGE][PASSED] - Object: 'Object Repository/CAT_Footer/Page_Checkatrade Find a tradesperson you can trust/div_The Checkatrade Standard' is clicked on

2020-04-22 09:05:02 - [TEST_STEP][PASSED] - "---------------------------------------": null

2020-04-22 09:05:02 - [TEST_STEP][PASSED] - " Verify Returned Page is as Expected   |": null

2020-04-22 09:05:02 - [TEST_STEP][PASSED] - callTestCase(findTestCase("Reusable_Test_Sequences/CAT_Footer/Homeowner/The_Checkatrade_Standard_Verification"), [:], CONTINUE_ON_FAILURE): Call Test Case 'Test Cases/Reusable_Test_Sequences/CAT_Footer/Homeowner/The_Checkatrade_Standard_Verification' successfully

2020-04-22 09:05:02 - [TEST_CASE][PASSED] - Test Cases/Reusable_Test_Sequences/CAT_Footer/Homeowner/The_Checkatrade_Standard_Verification: Test Cases/Reusable_Test_Sequences/CAT_Footer/Homeowner/The_Checkatrade_Standard_Verification

2020-04-22 09:05:03 - [TEST_STEP][PASSED] - delay(1): Delayed 1 second(s)

2020-04-22 09:05:04 - [MESSAGE][PASSED] - Delayed 1 second(s)

2020-04-22 09:05:04 - [TEST_STEP][PASSED] - waitForPageLoad(60): Wait for page load successfully

2020-04-22 09:05:04 - [MESSAGE][PASSED] - Wait for page load successfully

2020-04-22 09:05:04 - [TEST_STEP][PASSED] - "Only When Needed": null

2020-04-22 09:05:04 - [TEST_STEP][PASSED] - "----------------------------------------------": null

2020-04-22 09:05:04 - [TEST_STEP][PASSED] - "DEFAULT TAB - None - 1 Page Returned          |": null

2020-04-22 09:05:04 - [TEST_STEP][PASSED] - "----------------------------------------------": null

2020-04-22 09:05:04 - [TEST_STEP][PASSED] - "----------------------------------------------": null

2020-04-22 09:05:04 - [TEST_STEP][PASSED] - "----------------------------------------------": null

2020-04-22 09:05:04 - [TEST_STEP][PASSED] - verifyTextPresent("The Checkatrade Standard", false): Text 'The Checkatrade Standard' is present on page 

2020-04-22 09:05:05 - [MESSAGE][PASSED] - Text 'The Checkatrade Standard' is present on page 

2020-04-22 09:05:05 - [TEST_STEP][PASSED] - "----------------------------------------------": null

2020-04-22 09:05:05 - [TEST_STEP][PASSED] - verifyTextPresent("Why Checkatrade", false): Text 'Why Checkatrade' is present on page 

2020-04-22 09:05:05 - [MESSAGE][PASSED] - Text 'Why Checkatrade' is present on page 

2020-04-22 09:05:05 - [TEST_STEP][PASSED] - verifyTextPresent("The Checkatrade Standard", false): Text 'The Checkatrade Standard' is present on page 

2020-04-22 09:05:05 - [MESSAGE][PASSED] - Text 'The Checkatrade Standard' is present on page 

2020-04-22 09:05:05 - [TEST_STEP][PASSED] - verifyTextPresent("Resolving issues", false): Text 'Resolving issues' is present on page 

2020-04-22 09:05:06 - [MESSAGE][PASSED] - Text 'Resolving issues' is present on page 

2020-04-22 09:05:06 - [TEST_STEP][PASSED] - verifyTextPresent("FAQ", false): Text 'FAQ' is present on page 

2020-04-22 09:05:06 - [MESSAGE][PASSED] - Text 'FAQ' is present on page 

2020-04-22 09:05:06 - [TEST_STEP][PASSED] - verifyTextPresent("Our members are proud to be part of Checkatrade.com, and they stand by their work", false): Text 'Our members are proud to be part of Checkatrade.com, and they stand by their work' is present on page 

2020-04-22 09:05:06 - [MESSAGE][PASSED] - Text 'Our members are proud to be part of Checkatrade.com, and they stand by their work' is present on page 

2020-04-22 09:05:06 - [TEST_STEP][PASSED] - verifyTextPresent("To show their commitment to service and quality, every single member has agreed to uphold The Checkatrade Standard", false): Text 'To show their commitment to service and quality, every single member has agreed to uphold The Checkatrade Standard' is present on page 

2020-04-22 09:05:06 - [MESSAGE][PASSED] - Text 'To show their commitment to service and quality, every single member has agreed to uphold The Checkatrade Standard' is present on page 

2020-04-22 09:05:06 - [TEST_STEP][PASSED] - verifyTextPresent("Checkatrade members agree to", false): Text 'Checkatrade members agree to' is present on page 

2020-04-22 09:05:06 - [MESSAGE][PASSED] - Text 'Checkatrade members agree to' is present on page 

2020-04-22 09:05:06 - [TEST_STEP][PASSED] - verifyTextPresent("Be honest in all dealings with you", false): Text 'Be honest in all dealings with you' is present on page 

2020-04-22 09:05:07 - [MESSAGE][PASSED] - Text 'Be honest in all dealings with you' is present on page 

2020-04-22 09:05:07 - [TEST_STEP][PASSED] - verifyTextPresent("Tell you about any call-out fees before coming to you", false): Text 'Tell you about any call-out fees before coming to you' is present on page 

2020-04-22 09:05:08 - [MESSAGE][PASSED] - Text 'Tell you about any call-out fees before coming to you' is present on page 

2020-04-22 09:05:08 - [TEST_STEP][PASSED] - verifyTextPresent("Let you know straight away if they can’t do the work", false): Text 'Let you know straight away if they can’t do the work' is present on page 

2020-04-22 09:05:09 - [MESSAGE][PASSED] - Text 'Let you know straight away if they can’t do the work' is present on page 

2020-04-22 09:05:09 - [TEST_STEP][PASSED] - verifyTextPresent("Keep appointments and arrive on time (calling in advance if they need to reschedule)", false): Text 'Keep appointments and arrive on time (calling in advance if they need to reschedule)' is present on page 

2020-04-22 09:05:10 - [MESSAGE][PASSED] - Text 'Keep appointments and arrive on time (calling in advance if they need to reschedule)' is present on page 

2020-04-22 09:05:10 - [TEST_STEP][PASSED] - verifyTextPresent("Be realistic about when they can start work and how long it will take", false): Text 'Be realistic about when they can start work and how long it will take' is present on page 

2020-04-22 09:05:10 - [MESSAGE][PASSED] - Text 'Be realistic about when they can start work and how long it will take' is present on page 

2020-04-22 09:05:10 - [TEST_STEP][PASSED] - verifyTextPresent("Be courteous. Treat you, your property and belongings with respect", false): Text 'Be courteous. Treat you, your property and belongings with respect' is present on page 

2020-04-22 09:05:10 - [MESSAGE][PASSED] - Text 'Be courteous. Treat you, your property and belongings with respect' is present on page 

2020-04-22 09:05:10 - [TEST_STEP][PASSED] - verifyTextPresent("Keep you in the picture about all aspects of the work", false): Text 'Keep you in the picture about all aspects of the work' is present on page 

2020-04-22 09:05:11 - [MESSAGE][PASSED] - Text 'Keep you in the picture about all aspects of the work' is present on page 

2020-04-22 09:05:11 - [TEST_STEP][PASSED] - verifyTextPresent("Return phone messages promptly", false): Text 'Return phone messages promptly' is present on page 

2020-04-22 09:05:11 - [MESSAGE][PASSED] - Text 'Return phone messages promptly' is present on page 

2020-04-22 09:05:11 - [TEST_STEP][PASSED] - scrollToPosition(500, 500): Browser is scrolled to position x = 500, y = 500

2020-04-22 09:05:11 - [MESSAGE][PASSED] - Browser is scrolled to position x = 500, y = 500

2020-04-22 09:05:11 - [TEST_STEP][PASSED] - delay(1): Delayed 1 second(s)

2020-04-22 09:05:12 - [MESSAGE][PASSED] - Delayed 1 second(s)

2020-04-22 09:05:12 - [TEST_STEP][PASSED] - verifyTextPresent("Create an additional contract for variations from the original agreement", false): Text 'Create an additional contract for variations from the original agreement' is present on page 

2020-04-22 09:05:12 - [MESSAGE][PASSED] - Text 'Create an additional contract for variations from the original agreement' is present on page 

2020-04-22 09:05:12 - [TEST_STEP][PASSED] - verifyTextPresent("Deal with complaints promptly and professionally", false): Text 'Deal with complaints promptly and professionally' is present on page 

2020-04-22 09:05:13 - [MESSAGE][PASSED] - Text 'Deal with complaints promptly and professionally' is present on page 

2020-04-22 09:05:13 - [TEST_STEP][PASSED] - verifyTextPresent("Never demand cash payment", false): Text 'Never demand cash payment' is present on page 

2020-04-22 09:05:13 - [MESSAGE][PASSED] - Text 'Never demand cash payment' is present on page 

2020-04-22 09:05:13 - [TEST_STEP][PASSED] - verifyTextPresent("Never be verbally or physically abusive or threatening to a customer in any way", false): Text 'Never be verbally or physically abusive or threatening to a customer in any way' is present on page 

2020-04-22 09:05:13 - [MESSAGE][PASSED] - Text 'Never be verbally or physically abusive or threatening to a customer in any way' is present on page 

2020-04-22 09:05:13 - [TEST_STEP][PASSED] - verifyTextPresent("Not obtain work through cold calling", false): Text 'Not obtain work through cold calling' is present on page 

2020-04-22 09:05:14 - [MESSAGE][PASSED] - Text 'Not obtain work through cold calling' is present on page 

2020-04-22 09:05:14 - [TEST_STEP][PASSED] - verifyTextPresent("Checkatrade members will give you a feedback card up front. After they have finished the work", false): Text 'Checkatrade members will give you a feedback card up front. After they have finished the work' is present on page 

2020-04-22 09:05:14 - [MESSAGE][PASSED] - Text 'Checkatrade members will give you a feedback card up front. After they have finished the work' is present on page 

2020-04-22 09:05:14 - [TEST_STEP][PASSED] - verifyTextPresent("send it in to let the public know how they did. If you prefer, give your feedback online", false): Text 'send it in to let the public know how they did. If you prefer, give your feedback online' is present on page 

2020-04-22 09:05:14 - [MESSAGE][PASSED] - Text 'send it in to let the public know how they did. If you prefer, give your feedback online' is present on page 

2020-04-22 09:05:14 - [TEST_STEP][PASSED] - scrollToPosition(750, 750): Browser is scrolled to position x = 750, y = 750

2020-04-22 09:05:14 - [MESSAGE][PASSED] - Browser is scrolled to position x = 750, y = 750

2020-04-22 09:05:14 - [TEST_STEP][PASSED] - delay(1): Delayed 1 second(s)

2020-04-22 09:05:15 - [MESSAGE][PASSED] - Delayed 1 second(s)

2020-04-22 09:05:15 - [TEST_STEP][PASSED] - verifyTextPresent("All Checkatrade members are thoroughly vetted before they are displayed on our website", false): Text 'All Checkatrade members are thoroughly vetted before they are displayed on our website' is present on page 

2020-04-22 09:05:16 - [MESSAGE][PASSED] - Text 'All Checkatrade members are thoroughly vetted before they are displayed on our website' is present on page 

2020-04-22 09:05:16 - [TEST_STEP][PASSED] - verifyTextPresent("Interviewed", false): Text 'Interviewed' is present on page 

2020-04-22 09:05:16 - [MESSAGE][PASSED] - Text 'Interviewed' is present on page 

2020-04-22 09:05:16 - [TEST_STEP][PASSED] - verifyTextPresent("Accreditations and Qualifications", false): Text 'Accreditations and Qualifications' is present on page 

2020-04-22 09:05:17 - [MESSAGE][PASSED] - Text 'Accreditations and Qualifications' is present on page 

2020-04-22 09:05:17 - [TEST_STEP][PASSED] - verifyTextPresent("Public Liability Insurance", false): Text 'Public Liability Insurance' is present on page 

2020-04-22 09:05:17 - [MESSAGE][PASSED] - Text 'Public Liability Insurance' is present on page 

2020-04-22 09:05:17 - [TEST_STEP][PASSED] - verifyTextPresent("ID checked", false): Text 'ID checked' is present on page 

2020-04-22 09:05:17 - [MESSAGE][PASSED] - Text 'ID checked' is present on page 

2020-04-22 09:05:17 - [TEST_STEP][PASSED] - verifyTextPresent("References", false): Text 'References' is present on page 

2020-04-22 09:05:17 - [MESSAGE][PASSED] - Text 'References' is present on page 

2020-04-22 09:05:17 - [TEST_STEP][PASSED] - verifyTextPresent("Address verified", false): Text 'Address verified' is present on page 

2020-04-22 09:05:18 - [MESSAGE][PASSED] - Text 'Address verified' is present on page 

2020-04-22 09:05:18 - [TEST_STEP][PASSED] - verifyTextPresent("No reliance on information", false): Text 'No reliance on information' is present on page 

2020-04-22 09:05:18 - [MESSAGE][PASSED] - Text 'No reliance on information' is present on page 

2020-04-22 09:05:18 - [TEST_STEP][PASSED] - verifyTextPresent("The content contained on the Website is provided for general information only.", false): Text 'The content contained on the Website is provided for general information only.' is present on page 

2020-04-22 09:05:18 - [MESSAGE][PASSED] - Text 'The content contained on the Website is provided for general information only.' is present on page 

2020-04-22 09:05:18 - [TEST_STEP][PASSED] - verifyTextPresent("It is not intended to amount to advice on which you should rely", false): Text 'It is not intended to amount to advice on which you should rely' is present on page 

2020-04-22 09:05:18 - [MESSAGE][PASSED] - Text 'It is not intended to amount to advice on which you should rely' is present on page 

2020-04-22 09:05:18 - [TEST_STEP][PASSED] - scrollToPosition(1000, 1000): Browser is scrolled to position x = 1000, y = 1000

2020-04-22 09:05:18 - [MESSAGE][PASSED] - Browser is scrolled to position x = 1000, y = 1000

2020-04-22 09:05:18 - [TEST_STEP][PASSED] - delay(1): Delayed 1 second(s)

2020-04-22 09:05:19 - [MESSAGE][PASSED] - Delayed 1 second(s)

2020-04-22 09:05:19 - [TEST_STEP][PASSED] - "Footer": null

2020-04-22 09:05:19 - [TEST_STEP][PASSED] - verifyTextPresent("Trades", false): Text 'Trades' is present on page 

2020-04-22 09:05:19 - [MESSAGE][PASSED] - Text 'Trades' is present on page 

2020-04-22 09:05:19 - [TEST_STEP][PASSED] - verifyTextPresent("Homeowner", false): Text 'Homeowner' is present on page 

2020-04-22 09:05:20 - [MESSAGE][PASSED] - Text 'Homeowner' is present on page 

2020-04-22 09:05:20 - [TEST_STEP][PASSED] - verifyTextPresent("Company", false): Text 'Company' is present on page 

2020-04-22 09:05:20 - [MESSAGE][PASSED] - Text 'Company' is present on page 

2020-04-22 09:05:20 - [TEST_STEP][PASSED] - verifyTextPresent("Follow Us On", false): Text 'Follow Us On' is present on page 

2020-04-22 09:05:20 - [MESSAGE][PASSED] - Text 'Follow Us On' is present on page 

2020-04-22 09:05:20 - [TEST_STEP][PASSED] - "----------------------------------------------": null

2020-04-22 09:05:20 - [TEST_STEP][PASSED] - verifyTextPresent("Checkatrade.com all rights reserved", false): Text 'Checkatrade.com all rights reserved' is present on page 

2020-04-22 09:05:20 - [MESSAGE][PASSED] - Text 'Checkatrade.com all rights reserved' is present on page 

2020-04-22 09:05:20 - [MESSAGE][PASSED] - Call Test Case 'Test Cases/Reusable_Test_Sequences/CAT_Footer/Homeowner/The_Checkatrade_Standard_Verification' successfully

2020-04-22 09:05:20 - [TEST_STEP][PASSED] - "---------------------------------------": null

2020-04-22 09:05:20 - [TEST_STEP][PASSED] - " Check Ribbon Menu                     |": null

2020-04-22 09:05:20 - [TEST_STEP][PASSED] - callTestCase(findTestCase("Reusable_Test_Sequences/CAT_Footer/Homeowner/Ribbon_Menu"), [:], CONTINUE_ON_FAILURE): Call Test Case 'Test Cases/Reusable_Test_Sequences/CAT_Footer/Homeowner/Ribbon_Menu' successfully

2020-04-22 09:05:20 - [TEST_CASE][PASSED] - Test Cases/Reusable_Test_Sequences/CAT_Footer/Homeowner/Ribbon_Menu: Test Cases/Reusable_Test_Sequences/CAT_Footer/Homeowner/Ribbon_Menu

2020-04-22 09:05:20 - [TEST_STEP][PASSED] - "----------------------------------------------------------------------------------------------------------------------------------------": null

2020-04-22 09:05:20 - [TEST_STEP][PASSED] - "This test is dependent on being called by ->Homeowner-> Why Checkatarade OR The Checkatrade Standard OR COmplaints About A Member       |": null

2020-04-22 09:05:20 - [TEST_STEP][PASSED] - "                                       OR FAQ - From CAT Footer Tests       - NOT STANDALONE -                                          |": null

2020-04-22 09:05:20 - [TEST_STEP][PASSED] - "----------------------------------------------------------------------------------------------------------------------------------------": null

2020-04-22 09:05:20 - [TEST_STEP][PASSED] - scrollToPosition(0, 0): Browser is scrolled to position x = 0, y = 0

2020-04-22 09:05:20 - [MESSAGE][PASSED] - Browser is scrolled to position x = 0, y = 0

2020-04-22 09:05:20 - [TEST_STEP][PASSED] - delay(1): Delayed 1 second(s)

2020-04-22 09:05:21 - [MESSAGE][PASSED] - Delayed 1 second(s)

2020-04-22 09:05:21 - [TEST_STEP][PASSED] - "--------------------------------------------------------------------------------------": null

2020-04-22 09:05:21 - [TEST_STEP][PASSED] - " Navigate to Homeowner->Why Checkatrade->Ribbon Menu Item <Why Checkatrade>           |": null

2020-04-22 09:05:21 - [TEST_STEP][PASSED] - waitForElementClickable(findTestObject("Object Repository/CAT_Footer/Homeowner/Ribbon_Menu/span_Why Checkatrade"), 3): Object 'Object Repository/CAT_Footer/Homeowner/Ribbon_Menu/span_Why Checkatrade' is clickable

2020-04-22 09:05:21 - [MESSAGE][PASSED] - Object 'Object Repository/CAT_Footer/Homeowner/Ribbon_Menu/span_Why Checkatrade' is clickable

2020-04-22 09:05:21 - [TEST_STEP][PASSED] - click(findTestObject("Object Repository/CAT_Footer/Homeowner/Ribbon_Menu/span_Why Checkatrade")): Object: 'Object Repository/CAT_Footer/Homeowner/Ribbon_Menu/span_Why Checkatrade' is clicked on

2020-04-22 09:05:22 - [MESSAGE][PASSED] - Object: 'Object Repository/CAT_Footer/Homeowner/Ribbon_Menu/span_Why Checkatrade' is clicked on

2020-04-22 09:05:22 - [TEST_STEP][PASSED] - waitForPageLoad(60): Wait for page load successfully

2020-04-22 09:05:22 - [MESSAGE][PASSED] - Wait for page load successfully

2020-04-22 09:05:22 - [TEST_STEP][PASSED] - verifyTextPresent("Millions of reviews", false): Text 'Millions of reviews' is present on page 

2020-04-22 09:05:22 - [MESSAGE][PASSED] - Text 'Millions of reviews' is present on page 

2020-04-22 09:05:22 - [TEST_STEP][PASSED] - verifyTextPresent("Free to use", false): Text 'Free to use' is present on page 

2020-04-22 09:05:22 - [MESSAGE][PASSED] - Text 'Free to use' is present on page 

2020-04-22 09:05:22 - [TEST_STEP][PASSED] - verifyTextPresent("Nationwide", false): Text 'Nationwide' is present on page 

2020-04-22 09:05:23 - [MESSAGE][PASSED] - Text 'Nationwide' is present on page 

2020-04-22 09:05:23 - [TEST_STEP][PASSED] - "-----------------------------------------------------------------------------------------------": null

2020-04-22 09:05:23 - [TEST_STEP][PASSED] - " Navigate to Homeowner->The Checkatrade Standard->Ribbon Menu Item <The Checkatrade Standard>  |": null

2020-04-22 09:05:23 - [TEST_STEP][PASSED] - waitForElementClickable(findTestObject("Object Repository/CAT_Footer/Homeowner/Ribbon_Menu/span_The Checkatrade Standard"), 3): Object 'Object Repository/CAT_Footer/Homeowner/Ribbon_Menu/span_The Checkatrade Standard' is clickable

2020-04-22 09:05:23 - [MESSAGE][PASSED] - Object 'Object Repository/CAT_Footer/Homeowner/Ribbon_Menu/span_The Checkatrade Standard' is clickable

2020-04-22 09:05:23 - [TEST_STEP][PASSED] - click(findTestObject("Object Repository/CAT_Footer/Homeowner/Ribbon_Menu/span_The Checkatrade Standard")): Object: 'Object Repository/CAT_Footer/Homeowner/Ribbon_Menu/span_The Checkatrade Standard' is clicked on

2020-04-22 09:05:23 - [MESSAGE][PASSED] - Object: 'Object Repository/CAT_Footer/Homeowner/Ribbon_Menu/span_The Checkatrade Standard' is clicked on

2020-04-22 09:05:23 - [TEST_STEP][PASSED] - waitForPageLoad(60): Wait for page load successfully

2020-04-22 09:05:24 - [MESSAGE][PASSED] - Wait for page load successfully

2020-04-22 09:05:24 - [TEST_STEP][PASSED] - verifyTextPresent("The Checkatrade Standard", false): Text 'The Checkatrade Standard' is present on page 

2020-04-22 09:05:24 - [MESSAGE][PASSED] - Text 'The Checkatrade Standard' is present on page 

2020-04-22 09:05:24 - [TEST_STEP][PASSED] - verifyTextPresent("Our members are proud to be part of Checkatrade.com", false): Text 'Our members are proud to be part of Checkatrade.com' is present on page 

2020-04-22 09:05:24 - [MESSAGE][PASSED] - Text 'Our members are proud to be part of Checkatrade.com' is present on page 

2020-04-22 09:05:24 - [TEST_STEP][PASSED] - verifyTextPresent("Be honest in all dealings with you", false): Text 'Be honest in all dealings with you' is present on page 

2020-04-22 09:05:24 - [MESSAGE][PASSED] - Text 'Be honest in all dealings with you' is present on page 

2020-04-22 09:05:24 - [TEST_STEP][PASSED] - "--------------------------------------------------------------------------------------": null

2020-04-22 09:05:24 - [TEST_STEP][PASSED] - " Navigate to Homeowner->Resolving Issues->Ribbon Menu Item <Resolving Issues>         |": null

2020-04-22 09:05:24 - [TEST_STEP][PASSED] - waitForElementClickable(findTestObject("Object Repository/CAT_Footer/Homeowner/Ribbon_Menu/div_Complaints About A Member"), 3): Object 'Object Repository/CAT_Footer/Homeowner/Ribbon_Menu/div_Complaints About A Member' is clickable

2020-04-22 09:05:24 - [MESSAGE][PASSED] - Object 'Object Repository/CAT_Footer/Homeowner/Ribbon_Menu/div_Complaints About A Member' is clickable

2020-04-22 09:05:24 - [TEST_STEP][PASSED] - click(findTestObject("Object Repository/CAT_Footer/Homeowner/Ribbon_Menu/div_Complaints About A Member")): Object: 'Object Repository/CAT_Footer/Homeowner/Ribbon_Menu/div_Complaints About A Member' is clicked on

2020-04-22 09:05:25 - [MESSAGE][PASSED] - Object: 'Object Repository/CAT_Footer/Homeowner/Ribbon_Menu/div_Complaints About A Member' is clicked on

2020-04-22 09:05:25 - [TEST_STEP][PASSED] - waitForPageLoad(60): Wait for page load successfully

2020-04-22 09:05:25 - [MESSAGE][PASSED] - Wait for page load successfully

2020-04-22 09:05:25 - [TEST_STEP][PASSED] - verifyTextPresent("Resolving Issues", false): Text 'Resolving Issues' is present on page 

2020-04-22 09:05:26 - [MESSAGE][PASSED] - Text 'Resolving Issues' is present on page 

2020-04-22 09:05:26 - [TEST_STEP][PASSED] - verifyTextPresent("Our members promise to meet The Checkatrade standard", false): Text 'Our members promise to meet The Checkatrade standard' is present on page 

2020-04-22 09:05:26 - [MESSAGE][PASSED] - Text 'Our members promise to meet The Checkatrade standard' is present on page 

2020-04-22 09:05:26 - [TEST_STEP][PASSED] - verifyTextPresent("Checkatrade encourage and recommend you to make all reasonable efforts to discuss", false): Text 'Checkatrade encourage and recommend you to make all reasonable efforts to discuss' is present on page 

2020-04-22 09:05:26 - [MESSAGE][PASSED] - Text 'Checkatrade encourage and recommend you to make all reasonable efforts to discuss' is present on page 

2020-04-22 09:05:26 - [TEST_STEP][PASSED] - "--------------------------------------------------------------------------------------": null

2020-04-22 09:05:26 - [TEST_STEP][PASSED] - " Navigate to Homeowner->FAQ->Ribbon Menu Item <FAQ>                                   |": null

2020-04-22 09:05:26 - [TEST_STEP][PASSED] - waitForElementClickable(findTestObject("Object Repository/CAT_Footer/Homeowner/Ribbon_Menu/span_FAQ"), 3): Object 'Object Repository/CAT_Footer/Homeowner/Ribbon_Menu/span_FAQ' is clickable

2020-04-22 09:05:26 - [MESSAGE][PASSED] - Object 'Object Repository/CAT_Footer/Homeowner/Ribbon_Menu/span_FAQ' is clickable

2020-04-22 09:05:26 - [TEST_STEP][PASSED] - click(findTestObject("Object Repository/CAT_Footer/Homeowner/Ribbon_Menu/span_FAQ")): Object: 'Object Repository/CAT_Footer/Homeowner/Ribbon_Menu/span_FAQ' is clicked on

2020-04-22 09:05:27 - [MESSAGE][PASSED] - Object: 'Object Repository/CAT_Footer/Homeowner/Ribbon_Menu/span_FAQ' is clicked on

2020-04-22 09:05:27 - [TEST_STEP][PASSED] - waitForPageLoad(60): Wait for page load successfully

2020-04-22 09:05:28 - [MESSAGE][PASSED] - Wait for page load successfully

2020-04-22 09:05:28 - [TEST_STEP][PASSED] - verifyTextPresent("Frequently asked questions", false): Text 'Frequently asked questions' is present on page 

2020-04-22 09:05:28 - [MESSAGE][PASSED] - Text 'Frequently asked questions' is present on page 

2020-04-22 09:05:28 - [TEST_STEP][PASSED] - verifyTextPresent("Using the Checkatrade Service", false): Text 'Using the Checkatrade Service' is present on page 

2020-04-22 09:05:28 - [MESSAGE][PASSED] - Text 'Using the Checkatrade Service' is present on page 

2020-04-22 09:05:28 - [TEST_STEP][PASSED] - verifyTextPresent("How do you vet prospective members?", false): Text 'How do you vet prospective members?' is present on page 

2020-04-22 09:05:28 - [MESSAGE][PASSED] - Text 'How do you vet prospective members?' is present on page 

2020-04-22 09:05:28 - [MESSAGE][PASSED] - Call Test Case 'Test Cases/Reusable_Test_Sequences/CAT_Footer/Homeowner/Ribbon_Menu' successfully

2020-04-22 09:05:28 - [TEST_STEP][PASSED] - "--------------------------": null

2020-04-22 09:05:28 - [TEST_STEP][PASSED] - " Teardown - CLose Browser |": null

2020-04-22 09:05:28 - [TEST_STEP][PASSED] - callTestCase(findTestCase("Reusable_Test_Sequences/CAT_Teardown"), [:], OPTIONAL): Call Test Case 'Test Cases/Reusable_Test_Sequences/CAT_Teardown' successfully

2020-04-22 09:05:28 - [TEST_CASE][PASSED] - Test Cases/Reusable_Test_Sequences/CAT_Teardown: Test Cases/Reusable_Test_Sequences/CAT_Teardown

2020-04-22 09:05:28 - [TEST_STEP][PASSED] - closeBrowser(): Browser is closed

2020-04-22 09:05:30 - [MESSAGE][PASSED] - Browser is closed

2020-04-22 09:05:30 - [TEST_STEP][PASSED] - super.finalize(): null

2020-04-22 09:05:30 - [TEST_STEP][PASSED] - System.gc(): null

2020-04-22 09:05:30 - [MESSAGE][PASSED] - Call Test Case 'Test Cases/Reusable_Test_Sequences/CAT_Teardown' successfully]]></system-out>
         <system-err><![CDATA[]]></system-err>
      </testcase>
      <testcase name="Test Cases/CAT_Footer/Homeowner/Why_Checkatrade" time="38.622" classname="Test Cases/CAT_Footer/Homeowner/Why_Checkatrade" status="PASSED">
         <system-out><![CDATA[2020-04-22 09:05:30 - [TEST_CASE][PASSED] - Test Cases/CAT_Footer/Homeowner/Why_Checkatrade: Test Cases/CAT_Footer/Homeowner/Why_Checkatrade

2020-04-22 09:05:31 - [TEST_STEP][PASSED] - callTestCase(findTestCase("Reusable_Test_Sequences/CAT_Setup"), [:], OPTIONAL): Call Test Case 'Test Cases/Reusable_Test_Sequences/CAT_Setup' successfully

2020-04-22 09:05:31 - [TEST_CASE][PASSED] - Test Cases/Reusable_Test_Sequences/CAT_Setup: Test Cases/Reusable_Test_Sequences/CAT_Setup

2020-04-22 09:05:31 - [TEST_STEP][PASSED] - "------------------------------": null

2020-04-22 09:05:31 - [TEST_STEP][PASSED] - " Set Mobile Device Testing    |": null

2020-04-22 09:05:31 - [TEST_STEP][PASSED] - if (Mobile_Flag == "true"): null

2020-04-22 09:05:31 - [TEST_STEP][PASSED] - "------------------------------": null

2020-04-22 09:05:31 - [TEST_STEP][PASSED] - " Set Mobile Device Testing    |": null

2020-04-22 09:05:31 - [TEST_STEP][PASSED] - "------------------------------": null

2020-04-22 09:05:31 - [TEST_STEP][PASSED] - "URL - Set from the ENVIRONMENT PROFILE ": null

2020-04-22 09:05:31 - [TEST_STEP][PASSED] - openBrowser(URL): Browser is opened with url: 'https://www.preview.checkatrade.com/'

2020-04-22 09:05:31 - [MESSAGE][INFO] - Starting 'Chrome' driver

2020-04-22 09:05:31 - [MESSAGE][INFO] - Action delay is set to 0 milliseconds

2020-04-22 09:05:38 - [MESSAGE][PASSED] - Browser is opened with url: 'https://www.preview.checkatrade.com/'

2020-04-22 09:05:38 - [TEST_STEP][PASSED] - maximizeWindow(): Current window maximized

2020-04-22 09:05:41 - [MESSAGE][PASSED] - Current window maximized

2020-04-22 09:05:41 - [TEST_STEP][PASSED] - waitForPageLoad(60): Wait for page load successfully

2020-04-22 09:05:41 - [MESSAGE][PASSED] - Wait for page load successfully

2020-04-22 09:05:41 - [TEST_STEP][PASSED] - "Previous Functionalilty Left Commented For Ease Of reversion": null

2020-04-22 09:05:41 - [TEST_STEP][PASSED] - " Katalon Try/Catches currently have issues? SEE HEADER": null

2020-04-22 09:05:41 - [TEST_STEP][PASSED] - try: Text 'Cookie Policy' is not present on page

2020-04-22 09:05:41 - [TEST_STEP][PASSED] - verifyElementPresent(findTestObject("Object Repository/Cookies/Page_Checkatrade Find a tradesperson you can trust/button_Accept All"), 5, OPTIONAL): Object 'Object Repository/Cookies/Page_Checkatrade Find a tradesperson you can trust/button_Accept All' is present

2020-04-22 09:05:41 - [MESSAGE][PASSED] - Object 'Object Repository/Cookies/Page_Checkatrade Find a tradesperson you can trust/button_Accept All' is present

2020-04-22 09:05:41 - [TEST_STEP][PASSED] - click(findTestObject("Object Repository/Cookies/Page_Checkatrade Find a tradesperson you can trust/button_Accept All"), OPTIONAL): Object: 'Object Repository/Cookies/Page_Checkatrade Find a tradesperson you can trust/button_Accept All' is clicked on

2020-04-22 09:05:41 - [MESSAGE][PASSED] - Object: 'Object Repository/Cookies/Page_Checkatrade Find a tradesperson you can trust/button_Accept All' is clicked on

2020-04-22 09:05:41 - [TEST_STEP][PASSED] - "---------------------------------": null

2020-04-22 09:05:41 - [TEST_STEP][PASSED] - "COOKIE POPOUT REMOVED - Confirmed": null

2020-04-22 09:05:41 - [TEST_STEP][PASSED] - delay(1): Delayed 1 second(s)

2020-04-22 09:05:42 - [MESSAGE][PASSED] - Delayed 1 second(s)

2020-04-22 09:05:42 - [TEST_STEP][PASSED] - verifyTextNotPresent("We use cookies to personalise content and ads, to provide social media features and to analyse our traffic", false): Text 'We use cookies to personalise content and ads, to provide social media features and to analyse our traffic' is not present on page

2020-04-22 09:05:43 - [MESSAGE][PASSED] - Text 'We use cookies to personalise content and ads, to provide social media features and to analyse our traffic' is not present on page

2020-04-22 09:05:43 - [TEST_STEP][PASSED] - verifyTextNotPresent(" We also share information about your use of our site with our social media, advertising and analytics partners", false): Text ' We also share information about your use of our site with our social media, advertising and analytics partners' is not present on page

2020-04-22 09:05:43 - [MESSAGE][PASSED] - Text ' We also share information about your use of our site with our social media, advertising and analytics partners' is not present on page

2020-04-22 09:05:43 - [TEST_STEP][PASSED] - verifyTextNotPresent("Cookie Policy", false): Text 'Cookie Policy' is not present on page

2020-04-22 09:05:44 - [MESSAGE][PASSED] - Text 'Cookie Policy' is not present on page

2020-04-22 09:05:44 - [TEST_STEP][PASSED] - waitForPageLoad(60): Wait for page load successfully

2020-04-22 09:05:44 - [MESSAGE][PASSED] - Wait for page load successfully

2020-04-22 09:05:44 - [TEST_STEP][PASSED] - "COOKIE - ORIGINAL": null

2020-04-22 09:05:44 - [TEST_STEP][PASSED] - if (waitForElementVisible(findTestObject("Object Repository/Feedback/Page_Checkatrade Give your feedback/input_Member_to_Review"), 5)): Web element with id: 'Object Repository/Feedback/Page_Checkatrade Give your feedback/input_Member_to_Review' located by 'By.xpath: //input[@id='feedback-form__company_autocomplete_input']' not found

2020-04-22 09:05:50 - [MESSAGE][INFO] - Unable to find the element located by 'By.xpath: //input[@id='feedback-form__company_autocomplete_input']'. Please recheck the objects properties to make sure the desired element is located. 

2020-04-22 09:05:50 - [MESSAGE][WARNING] - Web element with id: 'Object Repository/Feedback/Page_Checkatrade Give your feedback/input_Member_to_Review' located by 'By.xpath: //input[@id='feedback-form__company_autocomplete_input']' not found

2020-04-22 09:05:50 - [TEST_STEP][PASSED] - else: The <<<OLD>>> Website was detected by the STARTUP Process

2020-04-22 09:05:50 - [TEST_STEP][PASSED] - if (!(verifyElementVisible(findTestObject("Object Repository/Checkatrade_Trade_Search_Page/Page_Checkatrade Find a tradesperson you can trust/input_Search_Button_FF")))): Object 'Object Repository/Checkatrade_Trade_Search_Page/Page_Checkatrade Find a tradesperson you can trust/input_Search_Button_FF' is visible

2020-04-22 09:05:50 - [MESSAGE][PASSED] - Object 'Object Repository/Checkatrade_Trade_Search_Page/Page_Checkatrade Find a tradesperson you can trust/input_Search_Button_FF' is visible

2020-04-22 09:05:50 - [TEST_STEP][PASSED] - else: The <<<OLD>>> Website was detected by the STARTUP Process

2020-04-22 09:05:50 - [TEST_STEP][PASSED] - Website_Version = "old": null

2020-04-22 09:05:50 - [TEST_STEP][PASSED] - logInfo("The <<<OLD>>> Website was detected by the STARTUP Process"): The <<<OLD>>> Website was detected by the STARTUP Process

2020-04-22 09:05:50 - [MESSAGE][INFO] - The <<<OLD>>> Website was detected by the STARTUP Process

2020-04-22 09:05:50 - [MESSAGE][PASSED] - Call Test Case 'Test Cases/Reusable_Test_Sequences/CAT_Setup' successfully

2020-04-22 09:05:50 - [TEST_STEP][PASSED] - callTestCase(findTestCase("Reusable_Test_Sequences/CAT_Home"), [:], CONTINUE_ON_FAILURE): Call Test Case 'Test Cases/Reusable_Test_Sequences/CAT_Home' successfully

2020-04-22 09:05:50 - [TEST_CASE][PASSED] - Test Cases/Reusable_Test_Sequences/CAT_Home: Test Cases/Reusable_Test_Sequences/CAT_Home

2020-04-22 09:05:50 - [TEST_STEP][PASSED] - waitForPageLoad(60): Wait for page load successfully

2020-04-22 09:05:50 - [MESSAGE][PASSED] - Wait for page load successfully

2020-04-22 09:05:50 - [TEST_STEP][PASSED] - delay(2): Delayed 2 second(s)

2020-04-22 09:05:52 - [MESSAGE][PASSED] - Delayed 2 second(s)

2020-04-22 09:05:52 - [TEST_STEP][PASSED] - "------------------------------------": null

2020-04-22 09:05:52 - [TEST_STEP][PASSED] - if (Website_Version == "new"): null

2020-04-22 09:05:52 - [TEST_STEP][PASSED] - else: Text 'Over a million visits to Checkatrade each month' is present on page 

2020-04-22 09:05:52 - [TEST_STEP][PASSED] - verifyTextPresent("Helping you find the right trade or service", false): Text 'Helping you find the right trade or service' is present on page 

2020-04-22 09:05:53 - [MESSAGE][PASSED] - Text 'Helping you find the right trade or service' is present on page 

2020-04-22 09:05:53 - [TEST_STEP][PASSED] - verifyTextPresent("Search through over", false): Text 'Search through over' is present on page 

2020-04-22 09:05:53 - [MESSAGE][PASSED] - Text 'Search through over' is present on page 

2020-04-22 09:05:53 - [TEST_STEP][PASSED] - verifyTextPresent("recommended, vetted and monitored trades and service providers for free.", false): Text 'recommended, vetted and monitored trades and service providers for free.' is present on page 

2020-04-22 09:05:53 - [MESSAGE][PASSED] - Text 'recommended, vetted and monitored trades and service providers for free.' is present on page 

2020-04-22 09:05:53 - [TEST_STEP][PASSED] - verifyTextPresent("reviews published so far – thank you!", false): Text 'reviews published so far – thank you!' is present on page 

2020-04-22 09:05:53 - [MESSAGE][PASSED] - Text 'reviews published so far – thank you!' is present on page 

2020-04-22 09:05:53 - [TEST_STEP][PASSED] - verifyTextPresent("I need a trade or service", false): Text 'I need a trade or service' is present on page 

2020-04-22 09:05:53 - [MESSAGE][PASSED] - Text 'I need a trade or service' is present on page 

2020-04-22 09:05:53 - [TEST_STEP][PASSED] - verifyTextPresent("Every trader thoroughly checked and vetted", false): Text 'Every trader thoroughly checked and vetted' is present on page 

2020-04-22 09:05:53 - [MESSAGE][PASSED] - Text 'Every trader thoroughly checked and vetted' is present on page 

2020-04-22 09:05:53 - [TEST_STEP][PASSED] - "------------------------------------": null

2020-04-22 09:05:53 - [TEST_STEP][PASSED] - verifyTextPresent("reviews published so far – thank you!", false): Text 'reviews published so far – thank you!' is present on page 

2020-04-22 09:05:54 - [MESSAGE][PASSED] - Text 'reviews published so far – thank you!' is present on page 

2020-04-22 09:05:54 - [TEST_STEP][PASSED] - verifyTextPresent("Find out more", false): Text 'Find out more' is present on page 

2020-04-22 09:05:54 - [MESSAGE][PASSED] - Text 'Find out more' is present on page 

2020-04-22 09:05:54 - [TEST_STEP][PASSED] - verifyTextPresent("I am a tradesman", false): Text 'I am a tradesman' is present on page 

2020-04-22 09:05:54 - [MESSAGE][PASSED] - Text 'I am a tradesman' is present on page 

2020-04-22 09:05:54 - [TEST_STEP][PASSED] - verifyTextPresent("Find out more", false): Text 'Find out more' is present on page 

2020-04-22 09:05:54 - [MESSAGE][PASSED] - Text 'Find out more' is present on page 

2020-04-22 09:05:54 - [TEST_STEP][PASSED] - verifyTextPresent("Over a million visits to Checkatrade each month", false): Text 'Over a million visits to Checkatrade each month' is present on page 

2020-04-22 09:05:54 - [MESSAGE][PASSED] - Text 'Over a million visits to Checkatrade each month' is present on page 

2020-04-22 09:05:54 - [MESSAGE][PASSED] - Call Test Case 'Test Cases/Reusable_Test_Sequences/CAT_Home' successfully

2020-04-22 09:05:54 - [TEST_STEP][PASSED] - "--------------------------------------------": null

2020-04-22 09:05:54 - [TEST_STEP][PASSED] - " Navigate to Homeowner->Why Checkatrade     |": null

2020-04-22 09:05:54 - [TEST_STEP][PASSED] - scrollToElement(findTestObject("Object Repository/CAT_Footer/Page_Checkatrade Find a tradesperson you can trust/div_Why Checkatrade"), 3): Scroll to object 'Object Repository/CAT_Footer/Page_Checkatrade Find a tradesperson you can trust/div_Why Checkatrade' successfully

2020-04-22 09:05:54 - [MESSAGE][PASSED] - Scroll to object 'Object Repository/CAT_Footer/Page_Checkatrade Find a tradesperson you can trust/div_Why Checkatrade' successfully

2020-04-22 09:05:54 - [TEST_STEP][PASSED] - click(findTestObject("Object Repository/CAT_Footer/Page_Checkatrade Find a tradesperson you can trust/div_Why Checkatrade")): Object: 'Object Repository/CAT_Footer/Page_Checkatrade Find a tradesperson you can trust/div_Why Checkatrade' is clicked on

2020-04-22 09:05:55 - [MESSAGE][PASSED] - Object: 'Object Repository/CAT_Footer/Page_Checkatrade Find a tradesperson you can trust/div_Why Checkatrade' is clicked on

2020-04-22 09:05:55 - [TEST_STEP][PASSED] - "---------------------------------------": null

2020-04-22 09:05:55 - [TEST_STEP][PASSED] - " Verify Returned Page is as Expected   |": null

2020-04-22 09:05:55 - [TEST_STEP][PASSED] - callTestCase(findTestCase("Reusable_Test_Sequences/CAT_Footer/Homeowner/Why_Checkatrade_Verification"), [:], CONTINUE_ON_FAILURE): Call Test Case 'Test Cases/Reusable_Test_Sequences/CAT_Footer/Homeowner/Why_Checkatrade_Verification' successfully

2020-04-22 09:05:55 - [TEST_CASE][PASSED] - Test Cases/Reusable_Test_Sequences/CAT_Footer/Homeowner/Why_Checkatrade_Verification: Test Cases/Reusable_Test_Sequences/CAT_Footer/Homeowner/Why_Checkatrade_Verification

2020-04-22 09:05:55 - [TEST_STEP][PASSED] - delay(1): Delayed 1 second(s)

2020-04-22 09:05:56 - [MESSAGE][PASSED] - Delayed 1 second(s)

2020-04-22 09:05:56 - [TEST_STEP][PASSED] - waitForPageLoad(60): Wait for page load successfully

2020-04-22 09:05:56 - [MESSAGE][PASSED] - Wait for page load successfully

2020-04-22 09:05:56 - [TEST_STEP][PASSED] - "Only When Needed": null

2020-04-22 09:05:56 - [TEST_STEP][PASSED] - "----------------------------------------------": null

2020-04-22 09:05:56 - [TEST_STEP][PASSED] - "DEFAULT TAB - None - 1 Page Returned          |": null

2020-04-22 09:05:56 - [TEST_STEP][PASSED] - "----------------------------------------------": null

2020-04-22 09:05:56 - [TEST_STEP][PASSED] - "----------------------------------------------": null

2020-04-22 09:05:56 - [TEST_STEP][PASSED] - "----------------------------------------------": null

2020-04-22 09:05:56 - [TEST_STEP][PASSED] - verifyTextPresent("Last year over 12 million people", false): Text 'Last year over 12 million people' is present on page 

2020-04-22 09:05:57 - [MESSAGE][PASSED] - Text 'Last year over 12 million people' is present on page 

2020-04-22 09:05:57 - [TEST_STEP][PASSED] - verifyTextPresent("trusted Checkatrade to help them find a reputable tradesperson", false): Text 'trusted Checkatrade to help them find a reputable tradesperson' is present on page 

2020-04-22 09:05:57 - [MESSAGE][PASSED] - Text 'trusted Checkatrade to help them find a reputable tradesperson' is present on page 

2020-04-22 09:05:57 - [TEST_STEP][PASSED] - "----------------------------------------------": null

2020-04-22 09:05:57 - [TEST_STEP][PASSED] - verifyTextPresent("Why Checkatrade", false): Text 'Why Checkatrade' is present on page 

2020-04-22 09:05:57 - [MESSAGE][PASSED] - Text 'Why Checkatrade' is present on page 

2020-04-22 09:05:57 - [TEST_STEP][PASSED] - verifyTextPresent("The Checkatrade Standard", false): Text 'The Checkatrade Standard' is present on page 

2020-04-22 09:05:57 - [MESSAGE][PASSED] - Text 'The Checkatrade Standard' is present on page 

2020-04-22 09:05:57 - [TEST_STEP][PASSED] - verifyTextPresent("Resolving issues", false): Text 'Resolving issues' is present on page 

2020-04-22 09:05:57 - [MESSAGE][PASSED] - Text 'Resolving issues' is present on page 

2020-04-22 09:05:57 - [TEST_STEP][PASSED] - verifyTextPresent("FAQ", false): Text 'FAQ' is present on page 

2020-04-22 09:05:57 - [MESSAGE][PASSED] - Text 'FAQ' is present on page 

2020-04-22 09:05:57 - [TEST_STEP][PASSED] - "----------------------------------------------": null

2020-04-22 09:05:57 - [TEST_STEP][PASSED] - verifyTextPresent("Millions of reviews", false): Text 'Millions of reviews' is present on page 

2020-04-22 09:05:57 - [MESSAGE][PASSED] - Text 'Millions of reviews' is present on page 

2020-04-22 09:05:57 - [TEST_STEP][PASSED] - verifyTextPresent("Free to use", false): Text 'Free to use' is present on page 

2020-04-22 09:05:57 - [MESSAGE][PASSED] - Text 'Free to use' is present on page 

2020-04-22 09:05:57 - [TEST_STEP][PASSED] - verifyTextPresent("Nationwide", false): Text 'Nationwide' is present on page 

2020-04-22 09:05:57 - [MESSAGE][PASSED] - Text 'Nationwide' is present on page 

2020-04-22 09:05:57 - [TEST_STEP][PASSED] - verifyTextPresent("Our members give out a feedback card with each and every job", false): Text 'Our members give out a feedback card with each and every job' is present on page 

2020-04-22 09:05:57 - [MESSAGE][PASSED] - Text 'Our members give out a feedback card with each and every job' is present on page 

2020-04-22 09:05:57 - [TEST_STEP][PASSED] - verifyTextPresent("Checkatrade is a completely free service", false): Text 'Checkatrade is a completely free service' is present on page 

2020-04-22 09:05:57 - [MESSAGE][PASSED] - Text 'Checkatrade is a completely free service' is present on page 

2020-04-22 09:05:57 - [TEST_STEP][PASSED] - verifyTextPresent("Search for tradespeople who work near you from anywhere in the UK", false): Text 'Search for tradespeople who work near you from anywhere in the UK' is present on page 

2020-04-22 09:05:58 - [MESSAGE][PASSED] - Text 'Search for tradespeople who work near you from anywhere in the UK' is present on page 

2020-04-22 09:05:58 - [TEST_STEP][PASSED] - verifyTextPresent("About our members", false): Text 'About our members' is present on page 

2020-04-22 09:05:58 - [MESSAGE][PASSED] - Text 'About our members' is present on page 

2020-04-22 09:05:58 - [TEST_STEP][PASSED] - verifyTextPresent("Checkatrade runs strict background checks on tradespeople before they can become members. Once they join", false): Text 'Checkatrade runs strict background checks on tradespeople before they can become members. Once they join' is present on page 

2020-04-22 09:05:58 - [MESSAGE][PASSED] - Text 'Checkatrade runs strict background checks on tradespeople before they can become members. Once they join' is present on page 

2020-04-22 09:05:58 - [TEST_STEP][PASSED] - verifyTextPresent("members agree to have feedback from their customers put online for all to see", false): Text 'members agree to have feedback from their customers put online for all to see' is present on page 

2020-04-22 09:05:58 - [MESSAGE][PASSED] - Text 'members agree to have feedback from their customers put online for all to see' is present on page 

2020-04-22 09:05:58 - [TEST_STEP][PASSED] - scrollToPosition(1000, 1000): Browser is scrolled to position x = 1000, y = 1000

2020-04-22 09:05:58 - [MESSAGE][PASSED] - Browser is scrolled to position x = 1000, y = 1000

2020-04-22 09:05:58 - [TEST_STEP][PASSED] - delay(1): Delayed 1 second(s)

2020-04-22 09:05:59 - [MESSAGE][PASSED] - Delayed 1 second(s)

2020-04-22 09:05:59 - [TEST_STEP][PASSED] - "Footer": null

2020-04-22 09:05:59 - [TEST_STEP][PASSED] - verifyTextPresent("Trades", false): Text 'Trades' is present on page 

2020-04-22 09:05:59 - [MESSAGE][PASSED] - Text 'Trades' is present on page 

2020-04-22 09:05:59 - [TEST_STEP][PASSED] - verifyTextPresent("Homeowner", false): Text 'Homeowner' is present on page 

2020-04-22 09:05:59 - [MESSAGE][PASSED] - Text 'Homeowner' is present on page 

2020-04-22 09:05:59 - [TEST_STEP][PASSED] - verifyTextPresent("Company", false): Text 'Company' is present on page 

2020-04-22 09:05:59 - [MESSAGE][PASSED] - Text 'Company' is present on page 

2020-04-22 09:05:59 - [TEST_STEP][PASSED] - verifyTextPresent("Follow Us On", false): Text 'Follow Us On' is present on page 

2020-04-22 09:05:59 - [MESSAGE][PASSED] - Text 'Follow Us On' is present on page 

2020-04-22 09:05:59 - [TEST_STEP][PASSED] - "----------------------------------------------": null

2020-04-22 09:05:59 - [TEST_STEP][PASSED] - verifyTextPresent("Checkatrade.com all rights reserved", false): Text 'Checkatrade.com all rights reserved' is present on page 

2020-04-22 09:06:00 - [MESSAGE][PASSED] - Text 'Checkatrade.com all rights reserved' is present on page 

2020-04-22 09:06:00 - [MESSAGE][PASSED] - Call Test Case 'Test Cases/Reusable_Test_Sequences/CAT_Footer/Homeowner/Why_Checkatrade_Verification' successfully

2020-04-22 09:06:00 - [TEST_STEP][PASSED] - "---------------------------------------": null

2020-04-22 09:06:00 - [TEST_STEP][PASSED] - " Check Ribbon Menu                     |": null

2020-04-22 09:06:00 - [TEST_STEP][PASSED] - callTestCase(findTestCase("Reusable_Test_Sequences/CAT_Footer/Homeowner/Ribbon_Menu"), [:], CONTINUE_ON_FAILURE): Call Test Case 'Test Cases/Reusable_Test_Sequences/CAT_Footer/Homeowner/Ribbon_Menu' successfully

2020-04-22 09:06:00 - [TEST_CASE][PASSED] - Test Cases/Reusable_Test_Sequences/CAT_Footer/Homeowner/Ribbon_Menu: Test Cases/Reusable_Test_Sequences/CAT_Footer/Homeowner/Ribbon_Menu

2020-04-22 09:06:00 - [TEST_STEP][PASSED] - "----------------------------------------------------------------------------------------------------------------------------------------": null

2020-04-22 09:06:00 - [TEST_STEP][PASSED] - "This test is dependent on being called by ->Homeowner-> Why Checkatarade OR The Checkatrade Standard OR COmplaints About A Member       |": null

2020-04-22 09:06:00 - [TEST_STEP][PASSED] - "                                       OR FAQ - From CAT Footer Tests       - NOT STANDALONE -                                          |": null

2020-04-22 09:06:00 - [TEST_STEP][PASSED] - "----------------------------------------------------------------------------------------------------------------------------------------": null

2020-04-22 09:06:00 - [TEST_STEP][PASSED] - scrollToPosition(0, 0): Browser is scrolled to position x = 0, y = 0

2020-04-22 09:06:00 - [MESSAGE][PASSED] - Browser is scrolled to position x = 0, y = 0

2020-04-22 09:06:00 - [TEST_STEP][PASSED] - delay(1): Delayed 1 second(s)

2020-04-22 09:06:01 - [MESSAGE][PASSED] - Delayed 1 second(s)

2020-04-22 09:06:01 - [TEST_STEP][PASSED] - "--------------------------------------------------------------------------------------": null

2020-04-22 09:06:01 - [TEST_STEP][PASSED] - " Navigate to Homeowner->Why Checkatrade->Ribbon Menu Item <Why Checkatrade>           |": null

2020-04-22 09:06:01 - [TEST_STEP][PASSED] - waitForElementClickable(findTestObject("Object Repository/CAT_Footer/Homeowner/Ribbon_Menu/span_Why Checkatrade"), 3): Object 'Object Repository/CAT_Footer/Homeowner/Ribbon_Menu/span_Why Checkatrade' is clickable

2020-04-22 09:06:01 - [MESSAGE][PASSED] - Object 'Object Repository/CAT_Footer/Homeowner/Ribbon_Menu/span_Why Checkatrade' is clickable

2020-04-22 09:06:01 - [TEST_STEP][PASSED] - click(findTestObject("Object Repository/CAT_Footer/Homeowner/Ribbon_Menu/span_Why Checkatrade")): Object: 'Object Repository/CAT_Footer/Homeowner/Ribbon_Menu/span_Why Checkatrade' is clicked on

2020-04-22 09:06:02 - [MESSAGE][PASSED] - Object: 'Object Repository/CAT_Footer/Homeowner/Ribbon_Menu/span_Why Checkatrade' is clicked on

2020-04-22 09:06:02 - [TEST_STEP][PASSED] - waitForPageLoad(60): Wait for page load successfully

2020-04-22 09:06:02 - [MESSAGE][PASSED] - Wait for page load successfully

2020-04-22 09:06:02 - [TEST_STEP][PASSED] - verifyTextPresent("Millions of reviews", false): Text 'Millions of reviews' is present on page 

2020-04-22 09:06:02 - [MESSAGE][PASSED] - Text 'Millions of reviews' is present on page 

2020-04-22 09:06:02 - [TEST_STEP][PASSED] - verifyTextPresent("Free to use", false): Text 'Free to use' is present on page 

2020-04-22 09:06:02 - [MESSAGE][PASSED] - Text 'Free to use' is present on page 

2020-04-22 09:06:02 - [TEST_STEP][PASSED] - verifyTextPresent("Nationwide", false): Text 'Nationwide' is present on page 

2020-04-22 09:06:02 - [MESSAGE][PASSED] - Text 'Nationwide' is present on page 

2020-04-22 09:06:02 - [TEST_STEP][PASSED] - "-----------------------------------------------------------------------------------------------": null

2020-04-22 09:06:02 - [TEST_STEP][PASSED] - " Navigate to Homeowner->The Checkatrade Standard->Ribbon Menu Item <The Checkatrade Standard>  |": null

2020-04-22 09:06:02 - [TEST_STEP][PASSED] - waitForElementClickable(findTestObject("Object Repository/CAT_Footer/Homeowner/Ribbon_Menu/span_The Checkatrade Standard"), 3): Object 'Object Repository/CAT_Footer/Homeowner/Ribbon_Menu/span_The Checkatrade Standard' is clickable

2020-04-22 09:06:03 - [MESSAGE][PASSED] - Object 'Object Repository/CAT_Footer/Homeowner/Ribbon_Menu/span_The Checkatrade Standard' is clickable

2020-04-22 09:06:03 - [TEST_STEP][PASSED] - click(findTestObject("Object Repository/CAT_Footer/Homeowner/Ribbon_Menu/span_The Checkatrade Standard")): Object: 'Object Repository/CAT_Footer/Homeowner/Ribbon_Menu/span_The Checkatrade Standard' is clicked on

2020-04-22 09:06:04 - [MESSAGE][PASSED] - Object: 'Object Repository/CAT_Footer/Homeowner/Ribbon_Menu/span_The Checkatrade Standard' is clicked on

2020-04-22 09:06:04 - [TEST_STEP][PASSED] - waitForPageLoad(60): Wait for page load successfully

2020-04-22 09:06:04 - [MESSAGE][PASSED] - Wait for page load successfully

2020-04-22 09:06:04 - [TEST_STEP][PASSED] - verifyTextPresent("The Checkatrade Standard", false): Text 'The Checkatrade Standard' is present on page 

2020-04-22 09:06:04 - [MESSAGE][PASSED] - Text 'The Checkatrade Standard' is present on page 

2020-04-22 09:06:04 - [TEST_STEP][PASSED] - verifyTextPresent("Our members are proud to be part of Checkatrade.com", false): Text 'Our members are proud to be part of Checkatrade.com' is present on page 

2020-04-22 09:06:04 - [MESSAGE][PASSED] - Text 'Our members are proud to be part of Checkatrade.com' is present on page 

2020-04-22 09:06:04 - [TEST_STEP][PASSED] - verifyTextPresent("Be honest in all dealings with you", false): Text 'Be honest in all dealings with you' is present on page 

2020-04-22 09:06:04 - [MESSAGE][PASSED] - Text 'Be honest in all dealings with you' is present on page 

2020-04-22 09:06:04 - [TEST_STEP][PASSED] - "--------------------------------------------------------------------------------------": null

2020-04-22 09:06:04 - [TEST_STEP][PASSED] - " Navigate to Homeowner->Resolving Issues->Ribbon Menu Item <Resolving Issues>         |": null

2020-04-22 09:06:04 - [TEST_STEP][PASSED] - waitForElementClickable(findTestObject("Object Repository/CAT_Footer/Homeowner/Ribbon_Menu/div_Complaints About A Member"), 3): Object 'Object Repository/CAT_Footer/Homeowner/Ribbon_Menu/div_Complaints About A Member' is clickable

2020-04-22 09:06:04 - [MESSAGE][PASSED] - Object 'Object Repository/CAT_Footer/Homeowner/Ribbon_Menu/div_Complaints About A Member' is clickable

2020-04-22 09:06:04 - [TEST_STEP][PASSED] - click(findTestObject("Object Repository/CAT_Footer/Homeowner/Ribbon_Menu/div_Complaints About A Member")): Object: 'Object Repository/CAT_Footer/Homeowner/Ribbon_Menu/div_Complaints About A Member' is clicked on

2020-04-22 09:06:05 - [MESSAGE][PASSED] - Object: 'Object Repository/CAT_Footer/Homeowner/Ribbon_Menu/div_Complaints About A Member' is clicked on

2020-04-22 09:06:05 - [TEST_STEP][PASSED] - waitForPageLoad(60): Wait for page load successfully

2020-04-22 09:06:05 - [MESSAGE][PASSED] - Wait for page load successfully

2020-04-22 09:06:05 - [TEST_STEP][PASSED] - verifyTextPresent("Resolving Issues", false): Text 'Resolving Issues' is present on page 

2020-04-22 09:06:05 - [MESSAGE][PASSED] - Text 'Resolving Issues' is present on page 

2020-04-22 09:06:05 - [TEST_STEP][PASSED] - verifyTextPresent("Our members promise to meet The Checkatrade standard", false): Text 'Our members promise to meet The Checkatrade standard' is present on page 

2020-04-22 09:06:05 - [MESSAGE][PASSED] - Text 'Our members promise to meet The Checkatrade standard' is present on page 

2020-04-22 09:06:05 - [TEST_STEP][PASSED] - verifyTextPresent("Checkatrade encourage and recommend you to make all reasonable efforts to discuss", false): Text 'Checkatrade encourage and recommend you to make all reasonable efforts to discuss' is present on page 

2020-04-22 09:06:06 - [MESSAGE][PASSED] - Text 'Checkatrade encourage and recommend you to make all reasonable efforts to discuss' is present on page 

2020-04-22 09:06:06 - [TEST_STEP][PASSED] - "--------------------------------------------------------------------------------------": null

2020-04-22 09:06:06 - [TEST_STEP][PASSED] - " Navigate to Homeowner->FAQ->Ribbon Menu Item <FAQ>                                   |": null

2020-04-22 09:06:06 - [TEST_STEP][PASSED] - waitForElementClickable(findTestObject("Object Repository/CAT_Footer/Homeowner/Ribbon_Menu/span_FAQ"), 3): Object 'Object Repository/CAT_Footer/Homeowner/Ribbon_Menu/span_FAQ' is clickable

2020-04-22 09:06:06 - [MESSAGE][PASSED] - Object 'Object Repository/CAT_Footer/Homeowner/Ribbon_Menu/span_FAQ' is clickable

2020-04-22 09:06:06 - [TEST_STEP][PASSED] - click(findTestObject("Object Repository/CAT_Footer/Homeowner/Ribbon_Menu/span_FAQ")): Object: 'Object Repository/CAT_Footer/Homeowner/Ribbon_Menu/span_FAQ' is clicked on

2020-04-22 09:06:06 - [MESSAGE][PASSED] - Object: 'Object Repository/CAT_Footer/Homeowner/Ribbon_Menu/span_FAQ' is clicked on

2020-04-22 09:06:06 - [TEST_STEP][PASSED] - waitForPageLoad(60): Wait for page load successfully

2020-04-22 09:06:07 - [MESSAGE][PASSED] - Wait for page load successfully

2020-04-22 09:06:07 - [TEST_STEP][PASSED] - verifyTextPresent("Frequently asked questions", false): Text 'Frequently asked questions' is present on page 

2020-04-22 09:06:07 - [MESSAGE][PASSED] - Text 'Frequently asked questions' is present on page 

2020-04-22 09:06:07 - [TEST_STEP][PASSED] - verifyTextPresent("Using the Checkatrade Service", false): Text 'Using the Checkatrade Service' is present on page 

2020-04-22 09:06:07 - [MESSAGE][PASSED] - Text 'Using the Checkatrade Service' is present on page 

2020-04-22 09:06:07 - [TEST_STEP][PASSED] - verifyTextPresent("How do you vet prospective members?", false): Text 'How do you vet prospective members?' is present on page 

2020-04-22 09:06:07 - [MESSAGE][PASSED] - Text 'How do you vet prospective members?' is present on page 

2020-04-22 09:06:07 - [MESSAGE][PASSED] - Call Test Case 'Test Cases/Reusable_Test_Sequences/CAT_Footer/Homeowner/Ribbon_Menu' successfully

2020-04-22 09:06:07 - [TEST_STEP][PASSED] - "--------------------------": null

2020-04-22 09:06:07 - [TEST_STEP][PASSED] - " Teardown - CLose Browser |": null

2020-04-22 09:06:07 - [TEST_STEP][PASSED] - callTestCase(findTestCase("Reusable_Test_Sequences/CAT_Teardown"), [:], OPTIONAL): Call Test Case 'Test Cases/Reusable_Test_Sequences/CAT_Teardown' successfully

2020-04-22 09:06:07 - [TEST_CASE][PASSED] - Test Cases/Reusable_Test_Sequences/CAT_Teardown: Test Cases/Reusable_Test_Sequences/CAT_Teardown

2020-04-22 09:06:07 - [TEST_STEP][PASSED] - closeBrowser(): Browser is closed

2020-04-22 09:06:08 - [MESSAGE][PASSED] - Browser is closed

2020-04-22 09:06:08 - [TEST_STEP][PASSED] - super.finalize(): null

2020-04-22 09:06:08 - [TEST_STEP][PASSED] - System.gc(): null

2020-04-22 09:06:09 - [MESSAGE][PASSED] - Call Test Case 'Test Cases/Reusable_Test_Sequences/CAT_Teardown' successfully]]></system-out>
         <system-err><![CDATA[]]></system-err>
      </testcase>
      <testcase name="Test Cases/CAT_Footer/Follow_Us_On/Terms_of_Use" time="32.383" classname="Test Cases/CAT_Footer/Follow_Us_On/Terms_of_Use" status="PASSED">
         <system-out><![CDATA[2020-04-22 09:06:09 - [TEST_CASE][PASSED] - Test Cases/CAT_Footer/Follow_Us_On/Terms_of_Use: Test Cases/CAT_Footer/Follow_Us_On/Terms_of_Use

2020-04-22 09:06:09 - [TEST_STEP][PASSED] - callTestCase(findTestCase("Reusable_Test_Sequences/CAT_Setup"), [:], OPTIONAL): Call Test Case 'Test Cases/Reusable_Test_Sequences/CAT_Setup' successfully

2020-04-22 09:06:09 - [TEST_CASE][PASSED] - Test Cases/Reusable_Test_Sequences/CAT_Setup: Test Cases/Reusable_Test_Sequences/CAT_Setup

2020-04-22 09:06:09 - [TEST_STEP][PASSED] - "------------------------------": null

2020-04-22 09:06:09 - [TEST_STEP][PASSED] - " Set Mobile Device Testing    |": null

2020-04-22 09:06:09 - [TEST_STEP][PASSED] - if (Mobile_Flag == "true"): null

2020-04-22 09:06:09 - [TEST_STEP][PASSED] - "------------------------------": null

2020-04-22 09:06:09 - [TEST_STEP][PASSED] - " Set Mobile Device Testing    |": null

2020-04-22 09:06:09 - [TEST_STEP][PASSED] - "------------------------------": null

2020-04-22 09:06:09 - [TEST_STEP][PASSED] - "URL - Set from the ENVIRONMENT PROFILE ": null

2020-04-22 09:06:09 - [TEST_STEP][PASSED] - openBrowser(URL): Browser is opened with url: 'https://www.preview.checkatrade.com/'

2020-04-22 09:06:09 - [MESSAGE][INFO] - Starting 'Chrome' driver

2020-04-22 09:06:09 - [MESSAGE][INFO] - Action delay is set to 0 milliseconds

2020-04-22 09:06:15 - [MESSAGE][PASSED] - Browser is opened with url: 'https://www.preview.checkatrade.com/'

2020-04-22 09:06:15 - [TEST_STEP][PASSED] - maximizeWindow(): Current window maximized

2020-04-22 09:06:17 - [MESSAGE][PASSED] - Current window maximized

2020-04-22 09:06:17 - [TEST_STEP][PASSED] - waitForPageLoad(60): Wait for page load successfully

2020-04-22 09:06:17 - [MESSAGE][PASSED] - Wait for page load successfully

2020-04-22 09:06:17 - [TEST_STEP][PASSED] - "Previous Functionalilty Left Commented For Ease Of reversion": null

2020-04-22 09:06:17 - [TEST_STEP][PASSED] - " Katalon Try/Catches currently have issues? SEE HEADER": null

2020-04-22 09:06:17 - [TEST_STEP][PASSED] - try: Text 'Cookie Policy' is not present on page

2020-04-22 09:06:17 - [TEST_STEP][PASSED] - verifyElementPresent(findTestObject("Object Repository/Cookies/Page_Checkatrade Find a tradesperson you can trust/button_Accept All"), 5, OPTIONAL): Object 'Object Repository/Cookies/Page_Checkatrade Find a tradesperson you can trust/button_Accept All' is present

2020-04-22 09:06:18 - [MESSAGE][PASSED] - Object 'Object Repository/Cookies/Page_Checkatrade Find a tradesperson you can trust/button_Accept All' is present

2020-04-22 09:06:18 - [TEST_STEP][PASSED] - click(findTestObject("Object Repository/Cookies/Page_Checkatrade Find a tradesperson you can trust/button_Accept All"), OPTIONAL): Object: 'Object Repository/Cookies/Page_Checkatrade Find a tradesperson you can trust/button_Accept All' is clicked on

2020-04-22 09:06:18 - [MESSAGE][PASSED] - Object: 'Object Repository/Cookies/Page_Checkatrade Find a tradesperson you can trust/button_Accept All' is clicked on

2020-04-22 09:06:18 - [TEST_STEP][PASSED] - "---------------------------------": null

2020-04-22 09:06:18 - [TEST_STEP][PASSED] - "COOKIE POPOUT REMOVED - Confirmed": null

2020-04-22 09:06:18 - [TEST_STEP][PASSED] - delay(1): Delayed 1 second(s)

2020-04-22 09:06:19 - [MESSAGE][PASSED] - Delayed 1 second(s)

2020-04-22 09:06:19 - [TEST_STEP][PASSED] - verifyTextNotPresent("We use cookies to personalise content and ads, to provide social media features and to analyse our traffic", false): Text 'We use cookies to personalise content and ads, to provide social media features and to analyse our traffic' is not present on page

2020-04-22 09:06:19 - [MESSAGE][PASSED] - Text 'We use cookies to personalise content and ads, to provide social media features and to analyse our traffic' is not present on page

2020-04-22 09:06:19 - [TEST_STEP][PASSED] - verifyTextNotPresent(" We also share information about your use of our site with our social media, advertising and analytics partners", false): Text ' We also share information about your use of our site with our social media, advertising and analytics partners' is not present on page

2020-04-22 09:06:19 - [MESSAGE][PASSED] - Text ' We also share information about your use of our site with our social media, advertising and analytics partners' is not present on page

2020-04-22 09:06:19 - [TEST_STEP][PASSED] - verifyTextNotPresent("Cookie Policy", false): Text 'Cookie Policy' is not present on page

2020-04-22 09:06:20 - [MESSAGE][PASSED] - Text 'Cookie Policy' is not present on page

2020-04-22 09:06:20 - [TEST_STEP][PASSED] - waitForPageLoad(60): Wait for page load successfully

2020-04-22 09:06:20 - [MESSAGE][PASSED] - Wait for page load successfully

2020-04-22 09:06:20 - [TEST_STEP][PASSED] - "COOKIE - ORIGINAL": null

2020-04-22 09:06:20 - [TEST_STEP][PASSED] - if (waitForElementVisible(findTestObject("Object Repository/Feedback/Page_Checkatrade Give your feedback/input_Member_to_Review"), 5)): Web element with id: 'Object Repository/Feedback/Page_Checkatrade Give your feedback/input_Member_to_Review' located by 'By.xpath: //input[@id='feedback-form__company_autocomplete_input']' not found

2020-04-22 09:06:25 - [MESSAGE][INFO] - Unable to find the element located by 'By.xpath: //input[@id='feedback-form__company_autocomplete_input']'. Please recheck the objects properties to make sure the desired element is located. 

2020-04-22 09:06:25 - [MESSAGE][WARNING] - Web element with id: 'Object Repository/Feedback/Page_Checkatrade Give your feedback/input_Member_to_Review' located by 'By.xpath: //input[@id='feedback-form__company_autocomplete_input']' not found

2020-04-22 09:06:25 - [TEST_STEP][PASSED] - else: The <<<OLD>>> Website was detected by the STARTUP Process

2020-04-22 09:06:25 - [TEST_STEP][PASSED] - if (!(verifyElementVisible(findTestObject("Object Repository/Checkatrade_Trade_Search_Page/Page_Checkatrade Find a tradesperson you can trust/input_Search_Button_FF")))): Object 'Object Repository/Checkatrade_Trade_Search_Page/Page_Checkatrade Find a tradesperson you can trust/input_Search_Button_FF' is visible

2020-04-22 09:06:25 - [MESSAGE][PASSED] - Object 'Object Repository/Checkatrade_Trade_Search_Page/Page_Checkatrade Find a tradesperson you can trust/input_Search_Button_FF' is visible

2020-04-22 09:06:25 - [TEST_STEP][PASSED] - else: The <<<OLD>>> Website was detected by the STARTUP Process

2020-04-22 09:06:25 - [TEST_STEP][PASSED] - Website_Version = "old": null

2020-04-22 09:06:25 - [TEST_STEP][PASSED] - logInfo("The <<<OLD>>> Website was detected by the STARTUP Process"): The <<<OLD>>> Website was detected by the STARTUP Process

2020-04-22 09:06:25 - [MESSAGE][INFO] - The <<<OLD>>> Website was detected by the STARTUP Process

2020-04-22 09:06:25 - [MESSAGE][PASSED] - Call Test Case 'Test Cases/Reusable_Test_Sequences/CAT_Setup' successfully

2020-04-22 09:06:25 - [TEST_STEP][PASSED] - callTestCase(findTestCase("Reusable_Test_Sequences/CAT_Home"), [:], CONTINUE_ON_FAILURE): Call Test Case 'Test Cases/Reusable_Test_Sequences/CAT_Home' successfully

2020-04-22 09:06:25 - [TEST_CASE][PASSED] - Test Cases/Reusable_Test_Sequences/CAT_Home: Test Cases/Reusable_Test_Sequences/CAT_Home

2020-04-22 09:06:25 - [TEST_STEP][PASSED] - waitForPageLoad(60): Wait for page load successfully

2020-04-22 09:06:25 - [MESSAGE][PASSED] - Wait for page load successfully

2020-04-22 09:06:25 - [TEST_STEP][PASSED] - delay(2): Delayed 2 second(s)

2020-04-22 09:06:28 - [MESSAGE][PASSED] - Delayed 2 second(s)

2020-04-22 09:06:28 - [TEST_STEP][PASSED] - "------------------------------------": null

2020-04-22 09:06:28 - [TEST_STEP][PASSED] - if (Website_Version == "new"): null

2020-04-22 09:06:28 - [TEST_STEP][PASSED] - else: Text 'Over a million visits to Checkatrade each month' is present on page 

2020-04-22 09:06:28 - [TEST_STEP][PASSED] - verifyTextPresent("Helping you find the right trade or service", false): Text 'Helping you find the right trade or service' is present on page 

2020-04-22 09:06:28 - [MESSAGE][PASSED] - Text 'Helping you find the right trade or service' is present on page 

2020-04-22 09:06:28 - [TEST_STEP][PASSED] - verifyTextPresent("Search through over", false): Text 'Search through over' is present on page 

2020-04-22 09:06:28 - [MESSAGE][PASSED] - Text 'Search through over' is present on page 

2020-04-22 09:06:28 - [TEST_STEP][PASSED] - verifyTextPresent("recommended, vetted and monitored trades and service providers for free.", false): Text 'recommended, vetted and monitored trades and service providers for free.' is present on page 

2020-04-22 09:06:28 - [MESSAGE][PASSED] - Text 'recommended, vetted and monitored trades and service providers for free.' is present on page 

2020-04-22 09:06:28 - [TEST_STEP][PASSED] - verifyTextPresent("reviews published so far – thank you!", false): Text 'reviews published so far – thank you!' is present on page 

2020-04-22 09:06:28 - [MESSAGE][PASSED] - Text 'reviews published so far – thank you!' is present on page 

2020-04-22 09:06:28 - [TEST_STEP][PASSED] - verifyTextPresent("I need a trade or service", false): Text 'I need a trade or service' is present on page 

2020-04-22 09:06:28 - [MESSAGE][PASSED] - Text 'I need a trade or service' is present on page 

2020-04-22 09:06:28 - [TEST_STEP][PASSED] - verifyTextPresent("Every trader thoroughly checked and vetted", false): Text 'Every trader thoroughly checked and vetted' is present on page 

2020-04-22 09:06:28 - [MESSAGE][PASSED] - Text 'Every trader thoroughly checked and vetted' is present on page 

2020-04-22 09:06:28 - [TEST_STEP][PASSED] - "------------------------------------": null

2020-04-22 09:06:28 - [TEST_STEP][PASSED] - verifyTextPresent("reviews published so far – thank you!", false): Text 'reviews published so far – thank you!' is present on page 

2020-04-22 09:06:29 - [MESSAGE][PASSED] - Text 'reviews published so far – thank you!' is present on page 

2020-04-22 09:06:29 - [TEST_STEP][PASSED] - verifyTextPresent("Find out more", false): Text 'Find out more' is present on page 

2020-04-22 09:06:29 - [MESSAGE][PASSED] - Text 'Find out more' is present on page 

2020-04-22 09:06:29 - [TEST_STEP][PASSED] - verifyTextPresent("I am a tradesman", false): Text 'I am a tradesman' is present on page 

2020-04-22 09:06:29 - [MESSAGE][PASSED] - Text 'I am a tradesman' is present on page 

2020-04-22 09:06:29 - [TEST_STEP][PASSED] - verifyTextPresent("Find out more", false): Text 'Find out more' is present on page 

2020-04-22 09:06:29 - [MESSAGE][PASSED] - Text 'Find out more' is present on page 

2020-04-22 09:06:29 - [TEST_STEP][PASSED] - verifyTextPresent("Over a million visits to Checkatrade each month", false): Text 'Over a million visits to Checkatrade each month' is present on page 

2020-04-22 09:06:30 - [MESSAGE][PASSED] - Text 'Over a million visits to Checkatrade each month' is present on page 

2020-04-22 09:06:30 - [MESSAGE][PASSED] - Call Test Case 'Test Cases/Reusable_Test_Sequences/CAT_Home' successfully

2020-04-22 09:06:30 - [TEST_STEP][PASSED] - "---------------------------------------": null

2020-04-22 09:06:30 - [TEST_STEP][PASSED] - " Navigate to Trades->Find out More     |": null

2020-04-22 09:06:30 - [TEST_STEP][PASSED] - scrollToElement(findTestObject("Object Repository/CAT_Footer/Page_Checkatrade Find a tradesperson you can trust/div_Trade Advice Center"), 3): Scroll to object 'Object Repository/CAT_Footer/Page_Checkatrade Find a tradesperson you can trust/div_Trade Advice Center' successfully

2020-04-22 09:06:30 - [MESSAGE][PASSED] - Scroll to object 'Object Repository/CAT_Footer/Page_Checkatrade Find a tradesperson you can trust/div_Trade Advice Center' successfully

2020-04-22 09:06:30 - [TEST_STEP][PASSED] - click(findTestObject("Object Repository/CAT_Footer/Page_Checkatrade Find a tradesperson you can trust/div_Trade Advice Center")): Object: 'Object Repository/CAT_Footer/Page_Checkatrade Find a tradesperson you can trust/div_Trade Advice Center' is clicked on

2020-04-22 09:06:33 - [MESSAGE][PASSED] - Object: 'Object Repository/CAT_Footer/Page_Checkatrade Find a tradesperson you can trust/div_Trade Advice Center' is clicked on

2020-04-22 09:06:33 - [TEST_STEP][PASSED] - "---------------------------------------": null

2020-04-22 09:06:33 - [TEST_STEP][PASSED] - " Verify Returned Page is as Expected   |": null

2020-04-22 09:06:33 - [TEST_STEP][PASSED] - callTestCase(findTestCase("Reusable_Test_Sequences/CAT_Footer/Trades/Trade_Advice_Center_Verification"), [:], CONTINUE_ON_FAILURE): Call Test Case 'Test Cases/Reusable_Test_Sequences/CAT_Footer/Trades/Trade_Advice_Center_Verification' successfully

2020-04-22 09:06:33 - [TEST_CASE][PASSED] - Test Cases/Reusable_Test_Sequences/CAT_Footer/Trades/Trade_Advice_Center_Verification: Test Cases/Reusable_Test_Sequences/CAT_Footer/Trades/Trade_Advice_Center_Verification

2020-04-22 09:06:33 - [TEST_STEP][PASSED] - delay(1): Delayed 1 second(s)

2020-04-22 09:06:34 - [MESSAGE][PASSED] - Delayed 1 second(s)

2020-04-22 09:06:34 - [TEST_STEP][PASSED] - waitForPageLoad(60): Wait for page load successfully

2020-04-22 09:06:34 - [MESSAGE][PASSED] - Wait for page load successfully

2020-04-22 09:06:34 - [TEST_STEP][PASSED] - waitForElementClickable(findTestObject("Object Repository/CAT_Footer/Advice_Center/Search_Button"), 60): Object 'Object Repository/CAT_Footer/Advice_Center/Search_Button' is clickable

2020-04-22 09:06:34 - [MESSAGE][PASSED] - Object 'Object Repository/CAT_Footer/Advice_Center/Search_Button' is clickable

2020-04-22 09:06:34 - [TEST_STEP][PASSED] - "----------------------------------------------": null

2020-04-22 09:06:34 - [TEST_STEP][PASSED] - "DEFAULT TAB - None - 1 Page Returned          |": null

2020-04-22 09:06:34 - [TEST_STEP][PASSED] - "----------------------------------------------": null

2020-04-22 09:06:34 - [TEST_STEP][PASSED] - "----------------------------------------------": null

2020-04-22 09:06:34 - [TEST_STEP][PASSED] - "----------------------------------------------": null

2020-04-22 09:06:34 - [TEST_STEP][PASSED] - verifyTextPresent("Welcome to the", false): Text 'Welcome to the' is present on page 

2020-04-22 09:06:34 - [MESSAGE][PASSED] - Text 'Welcome to the' is present on page 

2020-04-22 09:06:34 - [TEST_STEP][PASSED] - verifyTextPresent("Trade Advice Centre", false): Text 'Trade Advice Centre' is present on page 

2020-04-22 09:06:35 - [MESSAGE][PASSED] - Text 'Trade Advice Centre' is present on page 

2020-04-22 09:06:35 - [TEST_STEP][PASSED] - "----------------------------------------------": null

2020-04-22 09:06:35 - [TEST_STEP][PASSED] - verifyTextPresent("Homeowner", false): Text 'Homeowner' is present on page 

2020-04-22 09:06:35 - [MESSAGE][PASSED] - Text 'Homeowner' is present on page 

2020-04-22 09:06:35 - [TEST_STEP][PASSED] - verifyTextPresent("Trade", false): Text 'Trade' is present on page 

2020-04-22 09:06:35 - [MESSAGE][PASSED] - Text 'Trade' is present on page 

2020-04-22 09:06:35 - [TEST_STEP][PASSED] - verifyTextPresent("All", false): Text 'All' is present on page 

2020-04-22 09:06:36 - [MESSAGE][PASSED] - Text 'All' is present on page 

2020-04-22 09:06:36 - [TEST_STEP][PASSED] - "----------------------------------------------": null

2020-04-22 09:06:36 - [TEST_STEP][PASSED] - verifyTextPresent("Tradesperson advice to help grow your business", false): Text 'Tradesperson advice to help grow your business' is present on page 

2020-04-22 09:06:36 - [MESSAGE][PASSED] - Text 'Tradesperson advice to help grow your business' is present on page 

2020-04-22 09:06:36 - [TEST_STEP][PASSED] - verifyTextPresent("Tips for building your online trader reputation", false): Text 'Tips for building your online trader reputation' is present on page 

2020-04-22 09:06:36 - [MESSAGE][PASSED] - Text 'Tips for building your online trader reputation' is present on page 

2020-04-22 09:06:36 - [TEST_STEP][PASSED] - scrollToPosition(1000, 1000): Browser is scrolled to position x = 1000, y = 1000

2020-04-22 09:06:36 - [MESSAGE][PASSED] - Browser is scrolled to position x = 1000, y = 1000

2020-04-22 09:06:36 - [TEST_STEP][PASSED] - waitForPageLoad(10): Wait for page load successfully

2020-04-22 09:06:36 - [MESSAGE][PASSED] - Wait for page load successfully

2020-04-22 09:06:36 - [TEST_STEP][PASSED] - "Page Mid": null

2020-04-22 09:06:36 - [TEST_STEP][PASSED] - verifyTextPresent("Continue reading", false): Text 'Continue reading' is present on page 

2020-04-22 09:06:37 - [MESSAGE][PASSED] - Text 'Continue reading' is present on page 

2020-04-22 09:06:37 - [TEST_STEP][PASSED] - verifyTextPresent("Featured Topics", false): Text 'Featured Topics' is present on page 

2020-04-22 09:06:37 - [MESSAGE][PASSED] - Text 'Featured Topics' is present on page 

2020-04-22 09:06:37 - [TEST_STEP][PASSED] - verifyTextPresent("News", false): Text 'News' is present on page 

2020-04-22 09:06:37 - [MESSAGE][PASSED] - Text 'News' is present on page 

2020-04-22 09:06:37 - [TEST_STEP][PASSED] - verifyTextPresent("Events", false): Text 'Events' is present on page 

2020-04-22 09:06:37 - [MESSAGE][PASSED] - Text 'Events' is present on page 

2020-04-22 09:06:37 - [TEST_STEP][PASSED] - "----------------------------------------------": null

2020-04-22 09:06:37 - [TEST_STEP][PASSED] - "Sync": null

2020-04-22 09:06:37 - [TEST_STEP][PASSED] - "----------------------------------------------": null

2020-04-22 09:06:37 - [TEST_STEP][PASSED] - scrollToPosition(5000, 5000): Browser is scrolled to position x = 5000, y = 5000

2020-04-22 09:06:38 - [MESSAGE][PASSED] - Browser is scrolled to position x = 5000, y = 5000

2020-04-22 09:06:38 - [TEST_STEP][PASSED] - waitForPageLoad(10): Wait for page load successfully

2020-04-22 09:06:38 - [MESSAGE][PASSED] - Wait for page load successfully

2020-04-22 09:06:38 - [TEST_STEP][PASSED] - "Footer": null

2020-04-22 09:06:38 - [TEST_STEP][PASSED] - verifyTextPresent("View Article", false): Text 'View Article' is present on page 

2020-04-22 09:06:38 - [MESSAGE][PASSED] - Text 'View Article' is present on page 

2020-04-22 09:06:38 - [TEST_STEP][PASSED] - verifyTextPresent("Load more", false): Text 'Load more' is present on page 

2020-04-22 09:06:38 - [MESSAGE][PASSED] - Text 'Load more' is present on page 

2020-04-22 09:06:38 - [TEST_STEP][PASSED] - "----------------------------------------------": null

2020-04-22 09:06:38 - [TEST_STEP][PASSED] - verifyTextPresent("We use cookies to help make this website better", false): Text 'We use cookies to help make this website better' is present on page 

2020-04-22 09:06:38 - [MESSAGE][PASSED] - Text 'We use cookies to help make this website better' is present on page 

2020-04-22 09:06:38 - [MESSAGE][PASSED] - Call Test Case 'Test Cases/Reusable_Test_Sequences/CAT_Footer/Trades/Trade_Advice_Center_Verification' successfully

2020-04-22 09:06:38 - [TEST_STEP][PASSED] - "--------------------------": null

2020-04-22 09:06:38 - [TEST_STEP][PASSED] - " Teardown - CLose Browser |": null

2020-04-22 09:06:38 - [TEST_STEP][PASSED] - callTestCase(findTestCase("Reusable_Test_Sequences/CAT_Teardown"), [:], OPTIONAL): Call Test Case 'Test Cases/Reusable_Test_Sequences/CAT_Teardown' successfully

2020-04-22 09:06:39 - [TEST_CASE][PASSED] - Test Cases/Reusable_Test_Sequences/CAT_Teardown: Test Cases/Reusable_Test_Sequences/CAT_Teardown

2020-04-22 09:06:39 - [TEST_STEP][PASSED] - closeBrowser(): Browser is closed

2020-04-22 09:06:41 - [MESSAGE][PASSED] - Browser is closed

2020-04-22 09:06:41 - [TEST_STEP][PASSED] - super.finalize(): null

2020-04-22 09:06:41 - [TEST_STEP][PASSED] - System.gc(): null

2020-04-22 09:06:41 - [MESSAGE][PASSED] - Call Test Case 'Test Cases/Reusable_Test_Sequences/CAT_Teardown' successfully]]></system-out>
         <system-err><![CDATA[]]></system-err>
      </testcase>
      <testcase name="Test Cases/CAT_Footer/Follow_Us_On/Privacy_Notice" time="25.651" classname="Test Cases/CAT_Footer/Follow_Us_On/Privacy_Notice" status="PASSED">
         <system-out><![CDATA[2020-04-22 09:06:41 - [TEST_CASE][PASSED] - Test Cases/CAT_Footer/Follow_Us_On/Privacy_Notice: Test Cases/CAT_Footer/Follow_Us_On/Privacy_Notice

2020-04-22 09:06:41 - [TEST_STEP][PASSED] - callTestCase(findTestCase("Reusable_Test_Sequences/CAT_Setup"), [:], OPTIONAL): Call Test Case 'Test Cases/Reusable_Test_Sequences/CAT_Setup' successfully

2020-04-22 09:06:41 - [TEST_CASE][PASSED] - Test Cases/Reusable_Test_Sequences/CAT_Setup: Test Cases/Reusable_Test_Sequences/CAT_Setup

2020-04-22 09:06:41 - [TEST_STEP][PASSED] - "------------------------------": null

2020-04-22 09:06:41 - [TEST_STEP][PASSED] - " Set Mobile Device Testing    |": null

2020-04-22 09:06:41 - [TEST_STEP][PASSED] - if (Mobile_Flag == "true"): null

2020-04-22 09:06:41 - [TEST_STEP][PASSED] - "------------------------------": null

2020-04-22 09:06:41 - [TEST_STEP][PASSED] - " Set Mobile Device Testing    |": null

2020-04-22 09:06:41 - [TEST_STEP][PASSED] - "------------------------------": null

2020-04-22 09:06:41 - [TEST_STEP][PASSED] - "URL - Set from the ENVIRONMENT PROFILE ": null

2020-04-22 09:06:41 - [TEST_STEP][PASSED] - openBrowser(URL): Browser is opened with url: 'https://www.preview.checkatrade.com/'

2020-04-22 09:06:41 - [MESSAGE][INFO] - Starting 'Chrome' driver

2020-04-22 09:06:41 - [MESSAGE][INFO] - Action delay is set to 0 milliseconds

2020-04-22 09:06:47 - [MESSAGE][PASSED] - Browser is opened with url: 'https://www.preview.checkatrade.com/'

2020-04-22 09:06:47 - [TEST_STEP][PASSED] - maximizeWindow(): Current window maximized

2020-04-22 09:06:50 - [MESSAGE][PASSED] - Current window maximized

2020-04-22 09:06:50 - [TEST_STEP][PASSED] - waitForPageLoad(60): Wait for page load successfully

2020-04-22 09:06:50 - [MESSAGE][PASSED] - Wait for page load successfully

2020-04-22 09:06:50 - [TEST_STEP][PASSED] - "Previous Functionalilty Left Commented For Ease Of reversion": null

2020-04-22 09:06:50 - [TEST_STEP][PASSED] - " Katalon Try/Catches currently have issues? SEE HEADER": null

2020-04-22 09:06:50 - [TEST_STEP][PASSED] - try: Text 'Cookie Policy' is not present on page

2020-04-22 09:06:50 - [TEST_STEP][PASSED] - verifyElementPresent(findTestObject("Object Repository/Cookies/Page_Checkatrade Find a tradesperson you can trust/button_Accept All"), 5, OPTIONAL): Object 'Object Repository/Cookies/Page_Checkatrade Find a tradesperson you can trust/button_Accept All' is present

2020-04-22 09:06:50 - [MESSAGE][PASSED] - Object 'Object Repository/Cookies/Page_Checkatrade Find a tradesperson you can trust/button_Accept All' is present

2020-04-22 09:06:50 - [TEST_STEP][PASSED] - click(findTestObject("Object Repository/Cookies/Page_Checkatrade Find a tradesperson you can trust/button_Accept All"), OPTIONAL): Object: 'Object Repository/Cookies/Page_Checkatrade Find a tradesperson you can trust/button_Accept All' is clicked on

2020-04-22 09:06:50 - [MESSAGE][PASSED] - Object: 'Object Repository/Cookies/Page_Checkatrade Find a tradesperson you can trust/button_Accept All' is clicked on

2020-04-22 09:06:50 - [TEST_STEP][PASSED] - "---------------------------------": null

2020-04-22 09:06:50 - [TEST_STEP][PASSED] - "COOKIE POPOUT REMOVED - Confirmed": null

2020-04-22 09:06:50 - [TEST_STEP][PASSED] - delay(1): Delayed 1 second(s)

2020-04-22 09:06:51 - [MESSAGE][PASSED] - Delayed 1 second(s)

2020-04-22 09:06:51 - [TEST_STEP][PASSED] - verifyTextNotPresent("We use cookies to personalise content and ads, to provide social media features and to analyse our traffic", false): Text 'We use cookies to personalise content and ads, to provide social media features and to analyse our traffic' is not present on page

2020-04-22 09:06:51 - [MESSAGE][PASSED] - Text 'We use cookies to personalise content and ads, to provide social media features and to analyse our traffic' is not present on page

2020-04-22 09:06:51 - [TEST_STEP][PASSED] - verifyTextNotPresent(" We also share information about your use of our site with our social media, advertising and analytics partners", false): Text ' We also share information about your use of our site with our social media, advertising and analytics partners' is not present on page

2020-04-22 09:06:51 - [MESSAGE][PASSED] - Text ' We also share information about your use of our site with our social media, advertising and analytics partners' is not present on page

2020-04-22 09:06:51 - [TEST_STEP][PASSED] - verifyTextNotPresent("Cookie Policy", false): Text 'Cookie Policy' is not present on page

2020-04-22 09:06:51 - [MESSAGE][PASSED] - Text 'Cookie Policy' is not present on page

2020-04-22 09:06:51 - [TEST_STEP][PASSED] - waitForPageLoad(60): Wait for page load successfully

2020-04-22 09:06:52 - [MESSAGE][PASSED] - Wait for page load successfully

2020-04-22 09:06:52 - [TEST_STEP][PASSED] - "COOKIE - ORIGINAL": null

2020-04-22 09:06:52 - [TEST_STEP][PASSED] - if (waitForElementVisible(findTestObject("Object Repository/Feedback/Page_Checkatrade Give your feedback/input_Member_to_Review"), 5)): Web element with id: 'Object Repository/Feedback/Page_Checkatrade Give your feedback/input_Member_to_Review' located by 'By.xpath: //input[@id='feedback-form__company_autocomplete_input']' not found

2020-04-22 09:06:57 - [MESSAGE][INFO] - Unable to find the element located by 'By.xpath: //input[@id='feedback-form__company_autocomplete_input']'. Please recheck the objects properties to make sure the desired element is located. 

2020-04-22 09:06:57 - [MESSAGE][WARNING] - Web element with id: 'Object Repository/Feedback/Page_Checkatrade Give your feedback/input_Member_to_Review' located by 'By.xpath: //input[@id='feedback-form__company_autocomplete_input']' not found

2020-04-22 09:06:57 - [TEST_STEP][PASSED] - else: The <<<OLD>>> Website was detected by the STARTUP Process

2020-04-22 09:06:57 - [TEST_STEP][PASSED] - if (!(verifyElementVisible(findTestObject("Object Repository/Checkatrade_Trade_Search_Page/Page_Checkatrade Find a tradesperson you can trust/input_Search_Button_FF")))): Object 'Object Repository/Checkatrade_Trade_Search_Page/Page_Checkatrade Find a tradesperson you can trust/input_Search_Button_FF' is visible

2020-04-22 09:06:57 - [MESSAGE][PASSED] - Object 'Object Repository/Checkatrade_Trade_Search_Page/Page_Checkatrade Find a tradesperson you can trust/input_Search_Button_FF' is visible

2020-04-22 09:06:57 - [TEST_STEP][PASSED] - else: The <<<OLD>>> Website was detected by the STARTUP Process

2020-04-22 09:06:57 - [TEST_STEP][PASSED] - Website_Version = "old": null

2020-04-22 09:06:57 - [TEST_STEP][PASSED] - logInfo("The <<<OLD>>> Website was detected by the STARTUP Process"): The <<<OLD>>> Website was detected by the STARTUP Process

2020-04-22 09:06:57 - [MESSAGE][INFO] - The <<<OLD>>> Website was detected by the STARTUP Process

2020-04-22 09:06:57 - [MESSAGE][PASSED] - Call Test Case 'Test Cases/Reusable_Test_Sequences/CAT_Setup' successfully

2020-04-22 09:06:57 - [TEST_STEP][PASSED] - callTestCase(findTestCase("Reusable_Test_Sequences/CAT_Home"), [:], CONTINUE_ON_FAILURE): Call Test Case 'Test Cases/Reusable_Test_Sequences/CAT_Home' successfully

2020-04-22 09:06:57 - [TEST_CASE][PASSED] - Test Cases/Reusable_Test_Sequences/CAT_Home: Test Cases/Reusable_Test_Sequences/CAT_Home

2020-04-22 09:06:57 - [TEST_STEP][PASSED] - waitForPageLoad(60): Wait for page load successfully

2020-04-22 09:06:57 - [MESSAGE][PASSED] - Wait for page load successfully

2020-04-22 09:06:57 - [TEST_STEP][PASSED] - delay(2): Delayed 2 second(s)

2020-04-22 09:06:59 - [MESSAGE][PASSED] - Delayed 2 second(s)

2020-04-22 09:06:59 - [TEST_STEP][PASSED] - "------------------------------------": null

2020-04-22 09:06:59 - [TEST_STEP][PASSED] - if (Website_Version == "new"): null

2020-04-22 09:06:59 - [TEST_STEP][PASSED] - else: Text 'Over a million visits to Checkatrade each month' is present on page 

2020-04-22 09:06:59 - [TEST_STEP][PASSED] - verifyTextPresent("Helping you find the right trade or service", false): Text 'Helping you find the right trade or service' is present on page 

2020-04-22 09:06:59 - [MESSAGE][PASSED] - Text 'Helping you find the right trade or service' is present on page 

2020-04-22 09:06:59 - [TEST_STEP][PASSED] - verifyTextPresent("Search through over", false): Text 'Search through over' is present on page 

2020-04-22 09:06:59 - [MESSAGE][PASSED] - Text 'Search through over' is present on page 

2020-04-22 09:06:59 - [TEST_STEP][PASSED] - verifyTextPresent("recommended, vetted and monitored trades and service providers for free.", false): Text 'recommended, vetted and monitored trades and service providers for free.' is present on page 

2020-04-22 09:06:59 - [MESSAGE][PASSED] - Text 'recommended, vetted and monitored trades and service providers for free.' is present on page 

2020-04-22 09:06:59 - [TEST_STEP][PASSED] - verifyTextPresent("reviews published so far – thank you!", false): Text 'reviews published so far – thank you!' is present on page 

2020-04-22 09:07:00 - [MESSAGE][PASSED] - Text 'reviews published so far – thank you!' is present on page 

2020-04-22 09:07:00 - [TEST_STEP][PASSED] - verifyTextPresent("I need a trade or service", false): Text 'I need a trade or service' is present on page 

2020-04-22 09:07:00 - [MESSAGE][PASSED] - Text 'I need a trade or service' is present on page 

2020-04-22 09:07:00 - [TEST_STEP][PASSED] - verifyTextPresent("Every trader thoroughly checked and vetted", false): Text 'Every trader thoroughly checked and vetted' is present on page 

2020-04-22 09:07:00 - [MESSAGE][PASSED] - Text 'Every trader thoroughly checked and vetted' is present on page 

2020-04-22 09:07:00 - [TEST_STEP][PASSED] - "------------------------------------": null

2020-04-22 09:07:00 - [TEST_STEP][PASSED] - verifyTextPresent("reviews published so far – thank you!", false): Text 'reviews published so far – thank you!' is present on page 

2020-04-22 09:07:00 - [MESSAGE][PASSED] - Text 'reviews published so far – thank you!' is present on page 

2020-04-22 09:07:00 - [TEST_STEP][PASSED] - verifyTextPresent("Find out more", false): Text 'Find out more' is present on page 

2020-04-22 09:07:00 - [MESSAGE][PASSED] - Text 'Find out more' is present on page 

2020-04-22 09:07:00 - [TEST_STEP][PASSED] - verifyTextPresent("I am a tradesman", false): Text 'I am a tradesman' is present on page 

2020-04-22 09:07:00 - [MESSAGE][PASSED] - Text 'I am a tradesman' is present on page 

2020-04-22 09:07:00 - [TEST_STEP][PASSED] - verifyTextPresent("Find out more", false): Text 'Find out more' is present on page 

2020-04-22 09:07:00 - [MESSAGE][PASSED] - Text 'Find out more' is present on page 

2020-04-22 09:07:00 - [TEST_STEP][PASSED] - verifyTextPresent("Over a million visits to Checkatrade each month", false): Text 'Over a million visits to Checkatrade each month' is present on page 

2020-04-22 09:07:00 - [MESSAGE][PASSED] - Text 'Over a million visits to Checkatrade each month' is present on page 

2020-04-22 09:07:00 - [MESSAGE][PASSED] - Call Test Case 'Test Cases/Reusable_Test_Sequences/CAT_Home' successfully

2020-04-22 09:07:00 - [TEST_STEP][PASSED] - "---------------------------------------": null

2020-04-22 09:07:00 - [TEST_STEP][PASSED] - " Navigate to Trades->Find out More     |": null

2020-04-22 09:07:00 - [TEST_STEP][PASSED] - scrollToElement(findTestObject("Object Repository/CAT_Footer/Page_Checkatrade Small print  terms and conditions/div_Privacy Notice"), 3): Scroll to object 'Object Repository/CAT_Footer/Page_Checkatrade Small print  terms and conditions/div_Privacy Notice' successfully

2020-04-22 09:07:00 - [MESSAGE][PASSED] - Scroll to object 'Object Repository/CAT_Footer/Page_Checkatrade Small print  terms and conditions/div_Privacy Notice' successfully

2020-04-22 09:07:00 - [TEST_STEP][PASSED] - click(findTestObject("Object Repository/CAT_Footer/Page_Checkatrade Small print  terms and conditions/div_Privacy Notice")): Object: 'Object Repository/CAT_Footer/Page_Checkatrade Small print  terms and conditions/div_Privacy Notice' is clicked on

2020-04-22 09:07:02 - [MESSAGE][PASSED] - Object: 'Object Repository/CAT_Footer/Page_Checkatrade Small print  terms and conditions/div_Privacy Notice' is clicked on

2020-04-22 09:07:02 - [TEST_STEP][PASSED] - "---------------------------------------": null

2020-04-22 09:07:02 - [TEST_STEP][PASSED] - " Verify Returned Page is as Expected   |": null

2020-04-22 09:07:02 - [TEST_STEP][PASSED] - callTestCase(findTestCase("Reusable_Test_Sequences/CAT_Footer/Follow_Us_On/Privacy_Notice_Verification"), [:], CONTINUE_ON_FAILURE): Call Test Case 'Test Cases/Reusable_Test_Sequences/CAT_Footer/Follow_Us_On/Privacy_Notice_Verification' successfully

2020-04-22 09:07:02 - [TEST_CASE][PASSED] - Test Cases/Reusable_Test_Sequences/CAT_Footer/Follow_Us_On/Privacy_Notice_Verification: Test Cases/Reusable_Test_Sequences/CAT_Footer/Follow_Us_On/Privacy_Notice_Verification

2020-04-22 09:07:03 - [TEST_STEP][PASSED] - delay(1): Delayed 1 second(s)

2020-04-22 09:07:04 - [MESSAGE][PASSED] - Delayed 1 second(s)

2020-04-22 09:07:04 - [TEST_STEP][PASSED] - waitForPageLoad(60): Wait for page load successfully

2020-04-22 09:07:04 - [MESSAGE][PASSED] - Wait for page load successfully

2020-04-22 09:07:04 - [TEST_STEP][PASSED] - "Only When Needed": null

2020-04-22 09:07:04 - [TEST_STEP][PASSED] - "----------------------------------------------": null

2020-04-22 09:07:04 - [TEST_STEP][PASSED] - "DEFAULT TAB - None - 1 Page Returned          |": null

2020-04-22 09:07:04 - [TEST_STEP][PASSED] - "----------------------------------------------": null

2020-04-22 09:07:04 - [TEST_STEP][PASSED] - "----------------------------------------------": null

2020-04-22 09:07:04 - [TEST_STEP][PASSED] - "----------------------------------------------": null

2020-04-22 09:07:04 - [TEST_STEP][PASSED] - verifyTextPresent("Checkatrade privacy notice", false): Text 'Checkatrade privacy notice' is present on page 

2020-04-22 09:07:04 - [MESSAGE][PASSED] - Text 'Checkatrade privacy notice' is present on page 

2020-04-22 09:07:04 - [TEST_STEP][PASSED] - "----------------------------------------------": null

2020-04-22 09:07:04 - [TEST_STEP][PASSED] - verifyTextPresent("Here at Checkatrade we know how important it is to keep your personal data safe", false): Text 'Here at Checkatrade we know how important it is to keep your personal data safe' is present on page 

2020-04-22 09:07:04 - [MESSAGE][PASSED] - Text 'Here at Checkatrade we know how important it is to keep your personal data safe' is present on page 

2020-04-22 09:07:04 - [TEST_STEP][PASSED] - verifyTextPresent("In this notice you’ll discover exactly what information we collect from you and how we then use this to deliver our services", false): Text 'In this notice you’ll discover exactly what information we collect from you and how we then use this to deliver our services' is present on page 

2020-04-22 09:07:04 - [MESSAGE][PASSED] - Text 'In this notice you’ll discover exactly what information we collect from you and how we then use this to deliver our services' is present on page 

2020-04-22 09:07:04 - [TEST_STEP][PASSED] - "----------------------------------------------": null

2020-04-22 09:07:04 - [TEST_STEP][PASSED] - verifyTextPresent("How do we use your information", false): Text 'How do we use your information' is present on page 

2020-04-22 09:07:04 - [MESSAGE][PASSED] - Text 'How do we use your information' is present on page 

2020-04-22 09:07:04 - [TEST_STEP][PASSED] - verifyTextPresent("Secure contacts", false): Text 'Secure contacts' is present on page 

2020-04-22 09:07:05 - [MESSAGE][PASSED] - Text 'Secure contacts' is present on page 

2020-04-22 09:07:05 - [TEST_STEP][PASSED] - verifyTextPresent("Keeping and storing your data", false): Text 'Keeping and storing your data' is present on page 

2020-04-22 09:07:05 - [MESSAGE][PASSED] - Text 'Keeping and storing your data' is present on page 

2020-04-22 09:07:05 - [TEST_STEP][PASSED] - verifyTextPresent("Sharing your data with third parties", false): Text 'Sharing your data with third parties' is present on page 

2020-04-22 09:07:05 - [MESSAGE][PASSED] - Text 'Sharing your data with third parties' is present on page 

2020-04-22 09:07:05 - [TEST_STEP][PASSED] - verifyTextPresent("always keep you in the loop", false): Text 'always keep you in the loop' is present on page 

2020-04-22 09:07:05 - [MESSAGE][PASSED] - Text 'always keep you in the loop' is present on page 

2020-04-22 09:07:05 - [TEST_STEP][PASSED] - verifyTextPresent("Your rights matter", false): Text 'Your rights matter' is present on page 

2020-04-22 09:07:05 - [MESSAGE][PASSED] - Text 'Your rights matter' is present on page 

2020-04-22 09:07:05 - [TEST_STEP][PASSED] - verifyTextPresent("Contact us", false): Text 'Contact us' is present on page 

2020-04-22 09:07:05 - [MESSAGE][PASSED] - Text 'Contact us' is present on page 

2020-04-22 09:07:05 - [TEST_STEP][PASSED] - verifyTextPresent("If you have any concerns", false): Text 'If you have any concerns' is present on page 

2020-04-22 09:07:05 - [MESSAGE][PASSED] - Text 'If you have any concerns' is present on page 

2020-04-22 09:07:05 - [TEST_STEP][PASSED] - verifyTextPresent("Updates", false): Text 'Updates' is present on page 

2020-04-22 09:07:05 - [MESSAGE][PASSED] - Text 'Updates' is present on page 

2020-04-22 09:07:05 - [MESSAGE][PASSED] - Call Test Case 'Test Cases/Reusable_Test_Sequences/CAT_Footer/Follow_Us_On/Privacy_Notice_Verification' successfully

2020-04-22 09:07:05 - [TEST_STEP][PASSED] - "--------------------------": null

2020-04-22 09:07:05 - [TEST_STEP][PASSED] - " Teardown - CLose Browser |": null

2020-04-22 09:07:05 - [TEST_STEP][PASSED] - callTestCase(findTestCase("Reusable_Test_Sequences/CAT_Teardown"), [:], OPTIONAL): Call Test Case 'Test Cases/Reusable_Test_Sequences/CAT_Teardown' successfully

2020-04-22 09:07:05 - [TEST_CASE][PASSED] - Test Cases/Reusable_Test_Sequences/CAT_Teardown: Test Cases/Reusable_Test_Sequences/CAT_Teardown

2020-04-22 09:07:05 - [TEST_STEP][PASSED] - closeBrowser(): Browser is closed

2020-04-22 09:07:06 - [MESSAGE][PASSED] - Browser is closed

2020-04-22 09:07:06 - [TEST_STEP][PASSED] - super.finalize(): null

2020-04-22 09:07:06 - [TEST_STEP][PASSED] - System.gc(): null

2020-04-22 09:07:07 - [MESSAGE][PASSED] - Call Test Case 'Test Cases/Reusable_Test_Sequences/CAT_Teardown' successfully]]></system-out>
         <system-err><![CDATA[]]></system-err>
      </testcase>
      <testcase name="Test Cases/CAT_Footer/Follow_Us_On/Site_Map" time="40.507" classname="Test Cases/CAT_Footer/Follow_Us_On/Site_Map" status="PASSED">
         <system-out><![CDATA[2020-04-22 09:07:07 - [TEST_CASE][PASSED] - Test Cases/CAT_Footer/Follow_Us_On/Site_Map: Test Cases/CAT_Footer/Follow_Us_On/Site_Map

2020-04-22 09:07:07 - [TEST_STEP][PASSED] - callTestCase(findTestCase("Reusable_Test_Sequences/CAT_Setup"), [:], OPTIONAL): Call Test Case 'Test Cases/Reusable_Test_Sequences/CAT_Setup' successfully

2020-04-22 09:07:07 - [TEST_CASE][PASSED] - Test Cases/Reusable_Test_Sequences/CAT_Setup: Test Cases/Reusable_Test_Sequences/CAT_Setup

2020-04-22 09:07:07 - [TEST_STEP][PASSED] - "------------------------------": null

2020-04-22 09:07:07 - [TEST_STEP][PASSED] - " Set Mobile Device Testing    |": null

2020-04-22 09:07:07 - [TEST_STEP][PASSED] - if (Mobile_Flag == "true"): null

2020-04-22 09:07:07 - [TEST_STEP][PASSED] - "------------------------------": null

2020-04-22 09:07:07 - [TEST_STEP][PASSED] - " Set Mobile Device Testing    |": null

2020-04-22 09:07:07 - [TEST_STEP][PASSED] - "------------------------------": null

2020-04-22 09:07:07 - [TEST_STEP][PASSED] - "URL - Set from the ENVIRONMENT PROFILE ": null

2020-04-22 09:07:07 - [TEST_STEP][PASSED] - openBrowser(URL): Browser is opened with url: 'https://www.preview.checkatrade.com/'

2020-04-22 09:07:07 - [MESSAGE][INFO] - Starting 'Chrome' driver

2020-04-22 09:07:07 - [MESSAGE][INFO] - Action delay is set to 0 milliseconds

2020-04-22 09:07:15 - [MESSAGE][PASSED] - Browser is opened with url: 'https://www.preview.checkatrade.com/'

2020-04-22 09:07:15 - [TEST_STEP][PASSED] - maximizeWindow(): Current window maximized

2020-04-22 09:07:17 - [MESSAGE][PASSED] - Current window maximized

2020-04-22 09:07:17 - [TEST_STEP][PASSED] - waitForPageLoad(60): Wait for page load successfully

2020-04-22 09:07:18 - [MESSAGE][PASSED] - Wait for page load successfully

2020-04-22 09:07:18 - [TEST_STEP][PASSED] - "Previous Functionalilty Left Commented For Ease Of reversion": null

2020-04-22 09:07:18 - [TEST_STEP][PASSED] - " Katalon Try/Catches currently have issues? SEE HEADER": null

2020-04-22 09:07:18 - [TEST_STEP][PASSED] - try: Text 'Cookie Policy' is not present on page

2020-04-22 09:07:18 - [TEST_STEP][PASSED] - verifyElementPresent(findTestObject("Object Repository/Cookies/Page_Checkatrade Find a tradesperson you can trust/button_Accept All"), 5, OPTIONAL): Object 'Object Repository/Cookies/Page_Checkatrade Find a tradesperson you can trust/button_Accept All' is present

2020-04-22 09:07:18 - [MESSAGE][PASSED] - Object 'Object Repository/Cookies/Page_Checkatrade Find a tradesperson you can trust/button_Accept All' is present

2020-04-22 09:07:18 - [TEST_STEP][PASSED] - click(findTestObject("Object Repository/Cookies/Page_Checkatrade Find a tradesperson you can trust/button_Accept All"), OPTIONAL): Object: 'Object Repository/Cookies/Page_Checkatrade Find a tradesperson you can trust/button_Accept All' is clicked on

2020-04-22 09:07:18 - [MESSAGE][PASSED] - Object: 'Object Repository/Cookies/Page_Checkatrade Find a tradesperson you can trust/button_Accept All' is clicked on

2020-04-22 09:07:18 - [TEST_STEP][PASSED] - "---------------------------------": null

2020-04-22 09:07:18 - [TEST_STEP][PASSED] - "COOKIE POPOUT REMOVED - Confirmed": null

2020-04-22 09:07:18 - [TEST_STEP][PASSED] - delay(1): Delayed 1 second(s)

2020-04-22 09:07:19 - [MESSAGE][PASSED] - Delayed 1 second(s)

2020-04-22 09:07:19 - [TEST_STEP][PASSED] - verifyTextNotPresent("We use cookies to personalise content and ads, to provide social media features and to analyse our traffic", false): Text 'We use cookies to personalise content and ads, to provide social media features and to analyse our traffic' is not present on page

2020-04-22 09:07:20 - [MESSAGE][PASSED] - Text 'We use cookies to personalise content and ads, to provide social media features and to analyse our traffic' is not present on page

2020-04-22 09:07:20 - [TEST_STEP][PASSED] - verifyTextNotPresent(" We also share information about your use of our site with our social media, advertising and analytics partners", false): Text ' We also share information about your use of our site with our social media, advertising and analytics partners' is not present on page

2020-04-22 09:07:20 - [MESSAGE][PASSED] - Text ' We also share information about your use of our site with our social media, advertising and analytics partners' is not present on page

2020-04-22 09:07:20 - [TEST_STEP][PASSED] - verifyTextNotPresent("Cookie Policy", false): Text 'Cookie Policy' is not present on page

2020-04-22 09:07:20 - [MESSAGE][PASSED] - Text 'Cookie Policy' is not present on page

2020-04-22 09:07:20 - [TEST_STEP][PASSED] - waitForPageLoad(60): Wait for page load successfully

2020-04-22 09:07:20 - [MESSAGE][PASSED] - Wait for page load successfully

2020-04-22 09:07:20 - [TEST_STEP][PASSED] - "COOKIE - ORIGINAL": null

2020-04-22 09:07:20 - [TEST_STEP][PASSED] - if (waitForElementVisible(findTestObject("Object Repository/Feedback/Page_Checkatrade Give your feedback/input_Member_to_Review"), 5)): Web element with id: 'Object Repository/Feedback/Page_Checkatrade Give your feedback/input_Member_to_Review' located by 'By.xpath: //input[@id='feedback-form__company_autocomplete_input']' not found

2020-04-22 09:07:26 - [MESSAGE][INFO] - Unable to find the element located by 'By.xpath: //input[@id='feedback-form__company_autocomplete_input']'. Please recheck the objects properties to make sure the desired element is located. 

2020-04-22 09:07:26 - [MESSAGE][WARNING] - Web element with id: 'Object Repository/Feedback/Page_Checkatrade Give your feedback/input_Member_to_Review' located by 'By.xpath: //input[@id='feedback-form__company_autocomplete_input']' not found

2020-04-22 09:07:26 - [TEST_STEP][PASSED] - else: The <<<OLD>>> Website was detected by the STARTUP Process

2020-04-22 09:07:26 - [TEST_STEP][PASSED] - if (!(verifyElementVisible(findTestObject("Object Repository/Checkatrade_Trade_Search_Page/Page_Checkatrade Find a tradesperson you can trust/input_Search_Button_FF")))): Object 'Object Repository/Checkatrade_Trade_Search_Page/Page_Checkatrade Find a tradesperson you can trust/input_Search_Button_FF' is visible

2020-04-22 09:07:26 - [MESSAGE][PASSED] - Object 'Object Repository/Checkatrade_Trade_Search_Page/Page_Checkatrade Find a tradesperson you can trust/input_Search_Button_FF' is visible

2020-04-22 09:07:26 - [TEST_STEP][PASSED] - else: The <<<OLD>>> Website was detected by the STARTUP Process

2020-04-22 09:07:26 - [TEST_STEP][PASSED] - Website_Version = "old": null

2020-04-22 09:07:26 - [TEST_STEP][PASSED] - logInfo("The <<<OLD>>> Website was detected by the STARTUP Process"): The <<<OLD>>> Website was detected by the STARTUP Process

2020-04-22 09:07:26 - [MESSAGE][INFO] - The <<<OLD>>> Website was detected by the STARTUP Process

2020-04-22 09:07:26 - [MESSAGE][PASSED] - Call Test Case 'Test Cases/Reusable_Test_Sequences/CAT_Setup' successfully

2020-04-22 09:07:26 - [TEST_STEP][PASSED] - callTestCase(findTestCase("Reusable_Test_Sequences/CAT_Home"), [:], CONTINUE_ON_FAILURE): Call Test Case 'Test Cases/Reusable_Test_Sequences/CAT_Home' successfully

2020-04-22 09:07:26 - [TEST_CASE][PASSED] - Test Cases/Reusable_Test_Sequences/CAT_Home: Test Cases/Reusable_Test_Sequences/CAT_Home

2020-04-22 09:07:26 - [TEST_STEP][PASSED] - waitForPageLoad(60): Wait for page load successfully

2020-04-22 09:07:26 - [MESSAGE][PASSED] - Wait for page load successfully

2020-04-22 09:07:26 - [TEST_STEP][PASSED] - delay(2): Delayed 2 second(s)

2020-04-22 09:07:28 - [MESSAGE][PASSED] - Delayed 2 second(s)

2020-04-22 09:07:28 - [TEST_STEP][PASSED] - "------------------------------------": null

2020-04-22 09:07:28 - [TEST_STEP][PASSED] - if (Website_Version == "new"): null

2020-04-22 09:07:28 - [TEST_STEP][PASSED] - else: Text 'Over a million visits to Checkatrade each month' is present on page 

2020-04-22 09:07:28 - [TEST_STEP][PASSED] - verifyTextPresent("Helping you find the right trade or service", false): Text 'Helping you find the right trade or service' is present on page 

2020-04-22 09:07:28 - [MESSAGE][PASSED] - Text 'Helping you find the right trade or service' is present on page 

2020-04-22 09:07:28 - [TEST_STEP][PASSED] - verifyTextPresent("Search through over", false): Text 'Search through over' is present on page 

2020-04-22 09:07:29 - [MESSAGE][PASSED] - Text 'Search through over' is present on page 

2020-04-22 09:07:29 - [TEST_STEP][PASSED] - verifyTextPresent("recommended, vetted and monitored trades and service providers for free.", false): Text 'recommended, vetted and monitored trades and service providers for free.' is present on page 

2020-04-22 09:07:29 - [MESSAGE][PASSED] - Text 'recommended, vetted and monitored trades and service providers for free.' is present on page 

2020-04-22 09:07:29 - [TEST_STEP][PASSED] - verifyTextPresent("reviews published so far – thank you!", false): Text 'reviews published so far – thank you!' is present on page 

2020-04-22 09:07:29 - [MESSAGE][PASSED] - Text 'reviews published so far – thank you!' is present on page 

2020-04-22 09:07:29 - [TEST_STEP][PASSED] - verifyTextPresent("I need a trade or service", false): Text 'I need a trade or service' is present on page 

2020-04-22 09:07:29 - [MESSAGE][PASSED] - Text 'I need a trade or service' is present on page 

2020-04-22 09:07:29 - [TEST_STEP][PASSED] - verifyTextPresent("Every trader thoroughly checked and vetted", false): Text 'Every trader thoroughly checked and vetted' is present on page 

2020-04-22 09:07:29 - [MESSAGE][PASSED] - Text 'Every trader thoroughly checked and vetted' is present on page 

2020-04-22 09:07:29 - [TEST_STEP][PASSED] - "------------------------------------": null

2020-04-22 09:07:29 - [TEST_STEP][PASSED] - verifyTextPresent("reviews published so far – thank you!", false): Text 'reviews published so far – thank you!' is present on page 

2020-04-22 09:07:30 - [MESSAGE][PASSED] - Text 'reviews published so far – thank you!' is present on page 

2020-04-22 09:07:30 - [TEST_STEP][PASSED] - verifyTextPresent("Find out more", false): Text 'Find out more' is present on page 

2020-04-22 09:07:30 - [MESSAGE][PASSED] - Text 'Find out more' is present on page 

2020-04-22 09:07:30 - [TEST_STEP][PASSED] - verifyTextPresent("I am a tradesman", false): Text 'I am a tradesman' is present on page 

2020-04-22 09:07:30 - [MESSAGE][PASSED] - Text 'I am a tradesman' is present on page 

2020-04-22 09:07:30 - [TEST_STEP][PASSED] - verifyTextPresent("Find out more", false): Text 'Find out more' is present on page 

2020-04-22 09:07:30 - [MESSAGE][PASSED] - Text 'Find out more' is present on page 

2020-04-22 09:07:30 - [TEST_STEP][PASSED] - verifyTextPresent("Over a million visits to Checkatrade each month", false): Text 'Over a million visits to Checkatrade each month' is present on page 

2020-04-22 09:07:30 - [MESSAGE][PASSED] - Text 'Over a million visits to Checkatrade each month' is present on page 

2020-04-22 09:07:30 - [MESSAGE][PASSED] - Call Test Case 'Test Cases/Reusable_Test_Sequences/CAT_Home' successfully

2020-04-22 09:07:30 - [TEST_STEP][PASSED] - "---------------------------------------": null

2020-04-22 09:07:30 - [TEST_STEP][PASSED] - " Navigate to Follow Us On->Site Map    |": null

2020-04-22 09:07:30 - [TEST_STEP][PASSED] - scrollToElement(findTestObject("Object Repository/CAT_Footer/Page_Checkatrade Checkatrade privacy notice/div_Site Map"), 3): Scroll to object 'Object Repository/CAT_Footer/Page_Checkatrade Checkatrade privacy notice/div_Site Map' successfully

2020-04-22 09:07:30 - [MESSAGE][PASSED] - Scroll to object 'Object Repository/CAT_Footer/Page_Checkatrade Checkatrade privacy notice/div_Site Map' successfully

2020-04-22 09:07:30 - [TEST_STEP][PASSED] - click(findTestObject("Object Repository/CAT_Footer/Page_Checkatrade Checkatrade privacy notice/div_Site Map")): Object: 'Object Repository/CAT_Footer/Page_Checkatrade Checkatrade privacy notice/div_Site Map' is clicked on

2020-04-22 09:07:33 - [MESSAGE][PASSED] - Object: 'Object Repository/CAT_Footer/Page_Checkatrade Checkatrade privacy notice/div_Site Map' is clicked on

2020-04-22 09:07:33 - [TEST_STEP][PASSED] - "---------------------------------------": null

2020-04-22 09:07:33 - [TEST_STEP][PASSED] - " Verify Returned Page is as Expected   |": null

2020-04-22 09:07:33 - [TEST_STEP][PASSED] - callTestCase(findTestCase("Reusable_Test_Sequences/CAT_Footer/Follow_Us_On/Site_Map_Verification"), [:], CONTINUE_ON_FAILURE): Call Test Case 'Test Cases/Reusable_Test_Sequences/CAT_Footer/Follow_Us_On/Site_Map_Verification' successfully

2020-04-22 09:07:33 - [TEST_CASE][PASSED] - Test Cases/Reusable_Test_Sequences/CAT_Footer/Follow_Us_On/Site_Map_Verification: Test Cases/Reusable_Test_Sequences/CAT_Footer/Follow_Us_On/Site_Map_Verification

2020-04-22 09:07:33 - [TEST_STEP][PASSED] - delay(1): Delayed 1 second(s)

2020-04-22 09:07:34 - [MESSAGE][PASSED] - Delayed 1 second(s)

2020-04-22 09:07:34 - [TEST_STEP][PASSED] - waitForPageLoad(60): Wait for page load successfully

2020-04-22 09:07:34 - [MESSAGE][PASSED] - Wait for page load successfully

2020-04-22 09:07:34 - [TEST_STEP][PASSED] - "Only When Needed": null

2020-04-22 09:07:34 - [TEST_STEP][PASSED] - "----------------------------------------------": null

2020-04-22 09:07:34 - [TEST_STEP][PASSED] - "DEFAULT TAB - None - 1 Page Returned          |": null

2020-04-22 09:07:34 - [TEST_STEP][PASSED] - "----------------------------------------------": null

2020-04-22 09:07:34 - [TEST_STEP][PASSED] - "----------------------------------------------": null

2020-04-22 09:07:34 - [TEST_STEP][PASSED] - "----------------------------------------------": null

2020-04-22 09:07:34 - [TEST_STEP][PASSED] - verifyTextPresent("Checkatrade", false): Text 'Checkatrade' is present on page 

2020-04-22 09:07:35 - [MESSAGE][PASSED] - Text 'Checkatrade' is present on page 

2020-04-22 09:07:35 - [TEST_STEP][PASSED] - "----------------------------------------------": null

2020-04-22 09:07:35 - [TEST_STEP][PASSED] - "Sub Header": null

2020-04-22 09:07:35 - [TEST_STEP][PASSED] - verifyTextPresent("Counties", false): Text 'Counties' is present on page 

2020-04-22 09:07:36 - [MESSAGE][PASSED] - Text 'Counties' is present on page 

2020-04-22 09:07:36 - [TEST_STEP][PASSED] - verifyTextPresent("For Consumers", false): Text 'For Consumers' is present on page 

2020-04-22 09:07:37 - [MESSAGE][PASSED] - Text 'For Consumers' is present on page 

2020-04-22 09:07:37 - [TEST_STEP][PASSED] - verifyTextPresent("Cities & Towns A - Z", false): Text 'Cities & Towns A - Z' is present on page 

2020-04-22 09:07:37 - [MESSAGE][PASSED] - Text 'Cities & Towns A - Z' is present on page 

2020-04-22 09:07:37 - [TEST_STEP][PASSED] - verifyTextPresent("Join Checkatrade", false): Text 'Join Checkatrade' is present on page 

2020-04-22 09:07:37 - [MESSAGE][PASSED] - Text 'Join Checkatrade' is present on page 

2020-04-22 09:07:37 - [TEST_STEP][PASSED] - "----------------------------------------------": null

2020-04-22 09:07:37 - [TEST_STEP][PASSED] - "----------------------------------------------": null

2020-04-22 09:07:37 - [TEST_STEP][PASSED] - verifyTextPresent("Plumbers Near Me", false): Text 'Plumbers Near Me' is present on page 

2020-04-22 09:07:38 - [MESSAGE][PASSED] - Text 'Plumbers Near Me' is present on page 

2020-04-22 09:07:38 - [TEST_STEP][PASSED] - verifyTextPresent("Gloucestershire", false): Text 'Gloucestershire' is present on page 

2020-04-22 09:07:39 - [MESSAGE][PASSED] - Text 'Gloucestershire' is present on page 

2020-04-22 09:07:39 - [TEST_STEP][PASSED] - verifyTextPresent("Bradford", false): Text 'Bradford' is present on page 

2020-04-22 09:07:39 - [MESSAGE][PASSED] - Text 'Bradford' is present on page 

2020-04-22 09:07:39 - [TEST_STEP][PASSED] - verifyTextPresent("Resolving issues", false): Text 'Resolving issues' is present on page 

2020-04-22 09:07:40 - [MESSAGE][PASSED] - Text 'Resolving issues' is present on page 

2020-04-22 09:07:40 - [TEST_STEP][PASSED] - verifyTextPresent("Frequently asked questions", false): Text 'Frequently asked questions' is present on page 

2020-04-22 09:07:41 - [MESSAGE][PASSED] - Text 'Frequently asked questions' is present on page 

2020-04-22 09:07:41 - [TEST_STEP][PASSED] - scrollToPosition(500, 500): Browser is scrolled to position x = 500, y = 500

2020-04-22 09:07:41 - [MESSAGE][PASSED] - Browser is scrolled to position x = 500, y = 500

2020-04-22 09:07:41 - [TEST_STEP][PASSED] - delay(1): Delayed 1 second(s)

2020-04-22 09:07:42 - [MESSAGE][PASSED] - Delayed 1 second(s)

2020-04-22 09:07:42 - [TEST_STEP][PASSED] - verifyTextPresent("Plymouth", false): Text 'Plymouth' is present on page 

2020-04-22 09:07:42 - [MESSAGE][PASSED] - Text 'Plymouth' is present on page 

2020-04-22 09:07:42 - [TEST_STEP][PASSED] - verifyTextPresent("Poole", false): Text 'Poole' is present on page 

2020-04-22 09:07:43 - [MESSAGE][PASSED] - Text 'Poole' is present on page 

2020-04-22 09:07:43 - [TEST_STEP][PASSED] - verifyTextPresent("Portsmouth", false): Text 'Portsmouth' is present on page 

2020-04-22 09:07:44 - [MESSAGE][PASSED] - Text 'Portsmouth' is present on page 

2020-04-22 09:07:44 - [TEST_STEP][PASSED] - scrollToPosition(1000, 1000): Browser is scrolled to position x = 1000, y = 1000

2020-04-22 09:07:44 - [MESSAGE][PASSED] - Browser is scrolled to position x = 1000, y = 1000

2020-04-22 09:07:44 - [TEST_STEP][PASSED] - delay(1): Delayed 1 second(s)

2020-04-22 09:07:45 - [MESSAGE][PASSED] - Delayed 1 second(s)

2020-04-22 09:07:45 - [TEST_STEP][PASSED] - "Footer": null

2020-04-22 09:07:45 - [TEST_STEP][PASSED] - "----------------------------------------------": null

2020-04-22 09:07:45 - [TEST_STEP][PASSED] - verifyTextPresent("Checkatrade.com all rights reserved", false): Text 'Checkatrade.com all rights reserved' is present on page 

2020-04-22 09:07:45 - [MESSAGE][PASSED] - Text 'Checkatrade.com all rights reserved' is present on page 

2020-04-22 09:07:45 - [MESSAGE][PASSED] - Call Test Case 'Test Cases/Reusable_Test_Sequences/CAT_Footer/Follow_Us_On/Site_Map_Verification' successfully

2020-04-22 09:07:45 - [TEST_STEP][PASSED] - "--------------------------": null

2020-04-22 09:07:45 - [TEST_STEP][PASSED] - " Teardown - CLose Browser |": null

2020-04-22 09:07:45 - [TEST_STEP][PASSED] - callTestCase(findTestCase("Reusable_Test_Sequences/CAT_Teardown"), [:], OPTIONAL): Call Test Case 'Test Cases/Reusable_Test_Sequences/CAT_Teardown' successfully

2020-04-22 09:07:46 - [TEST_CASE][PASSED] - Test Cases/Reusable_Test_Sequences/CAT_Teardown: Test Cases/Reusable_Test_Sequences/CAT_Teardown

2020-04-22 09:07:46 - [TEST_STEP][PASSED] - closeBrowser(): Browser is closed

2020-04-22 09:07:47 - [MESSAGE][PASSED] - Browser is closed

2020-04-22 09:07:47 - [TEST_STEP][PASSED] - super.finalize(): null

2020-04-22 09:07:47 - [TEST_STEP][PASSED] - System.gc(): null

2020-04-22 09:07:47 - [MESSAGE][PASSED] - Call Test Case 'Test Cases/Reusable_Test_Sequences/CAT_Teardown' successfully]]></system-out>
         <system-err><![CDATA[]]></system-err>
      </testcase>
      <system-out><![CDATA[2020-04-22 08:54:51 - [TEST_SUITE][FAILED] - CAT_Footer: Test Cases/CAT_Footer/Trades/Login_To_Members_Area FAILED.
Reason:
com.kms.katalon.core.exception.StepFailedException: Unable to call Test Case 'Test Cases/Reusable_Test_Sequences/CAT_Footer/Trades/Login_To_Members_Area_Verification' (Root cause: com.kms.katalon.core.exception.StepFailedException: Call Test Case 'Test Cases/Reusable_Test_Sequences/CAT_Footer/Trades/Login_To_Members_Area_Verification' failed
	at com.kms.katalon.core.keyword.builtin.CallTestCaseKeyword$_callTestCase_closure1.doCall(CallTestCaseKeyword.groovy:63)
	at com.kms.katalon.core.keyword.builtin.CallTestCaseKeyword$_callTestCase_closure1.call(CallTestCaseKeyword.groovy)
	at com.kms.katalon.core.keyword.internal.KeywordMain.runKeyword(KeywordMain.groovy:68)
	at com.kms.katalon.core.keyword.builtin.CallTestCaseKeyword.callTestCase(CallTestCaseKeyword.groovy:81)
	at com.kms.katalon.core.keyword.builtin.CallTestCaseKeyword.execute(CallTestCaseKeyword.groovy:44)
	at com.kms.katalon.core.keyword.internal.KeywordExecutor.executeKeywordForPlatform(KeywordExecutor.groovy:72)
	at com.kms.katalon.core.keyword.BuiltinKeywords.callTestCase(BuiltinKeywords.groovy:334)
	at Login_To_Members_Area.run(Login_To_Members_Area:73)
	at com.kms.katalon.core.main.ScriptEngine.run(ScriptEngine.java:194)
	at com.kms.katalon.core.main.ScriptEngine.runScriptAsRawText(ScriptEngine.java:119)
	at com.kms.katalon.core.main.TestCaseExecutor.runScript(TestCaseExecutor.java:337)
	at com.kms.katalon.core.main.TestCaseExecutor.doExecute(TestCaseExecutor.java:328)
	at com.kms.katalon.core.main.TestCaseExecutor.processExecutionPhase(TestCaseExecutor.java:307)
	at com.kms.katalon.core.main.TestCaseExecutor.accessMainPhase(TestCaseExecutor.java:299)
	at com.kms.katalon.core.main.TestCaseExecutor.execute(TestCaseExecutor.java:233)
	at com.kms.katalon.core.main.TestSuiteExecutor.accessTestCaseMainPhase(TestSuiteExecutor.java:169)
	at com.kms.katalon.core.main.TestSuiteExecutor.accessTestSuiteMainPhase(TestSuiteExecutor.java:142)
	at com.kms.katalon.core.main.TestSuiteExecutor.execute(TestSuiteExecutor.java:91)
	at com.kms.katalon.core.main.TestCaseMain.startTestSuite(TestCaseMain.java:157)
	at com.kms.katalon.core.main.TestCaseMain$startTestSuite$0.call(Unknown Source)
	at TempTestSuite1587541757069.run(TempTestSuite1587541757069.groovy:37)
Caused by: com.kms.katalon.core.exception.StepFailedException: Text 'EXCLUSIVE ACCESS FOR CHECKATRADE MEMBERS ONLY' is not present on page  (Root cause: com.kms.katalon.core.exception.StepFailedException: Text 'EXCLUSIVE ACCESS FOR CHECKATRADE MEMBERS ONLY' is not present on page 
	at com.kms.katalon.core.webui.keyword.internal.WebUIKeywordMain.stepFailed(WebUIKeywordMain.groovy:64)
	at com.kms.katalon.core.webui.keyword.builtin.VerifyTextPresentKeyword$_verifyTextPresent_closure1.doCall(VerifyTextPresentKeyword.groovy:79)
	at com.kms.katalon.core.webui.keyword.builtin.VerifyTextPresentKeyword$_verifyTextPresent_closure1.call(VerifyTextPresentKeyword.groovy)
	at com.kms.katalon.core.webui.keyword.internal.WebUIKeywordMain.runKeyword(WebUIKeywordMain.groovy:20)
	at com.kms.katalon.core.webui.keyword.builtin.VerifyTextPresentKeyword.verifyTextPresent(VerifyTextPresentKeyword.groovy:83)
	at com.kms.katalon.core.webui.keyword.builtin.VerifyTextPresentKeyword.execute(VerifyTextPresentKeyword.groovy:68)
	at com.kms.katalon.core.keyword.internal.KeywordExecutor.executeKeywordForPlatform(KeywordExecutor.groovy:72)
	at com.kms.katalon.core.webui.keyword.WebUiBuiltInKeywords.verifyTextPresent(WebUiBuiltInKeywords.groovy:1719)
	at com.kms.katalon.core.webui.keyword.WebUiBuiltInKeywords$verifyTextPresent$7.call(Unknown Source)
	at Login_To_Members_Area_Verification.run(Login_To_Members_Area_Verification:51)
	at com.kms.katalon.core.main.ScriptEngine.run(ScriptEngine.java:194)
	at com.kms.katalon.core.main.ScriptEngine.runScriptAsRawText(ScriptEngine.java:119)
	at com.kms.katalon.core.main.TestCaseExecutor.runScript(TestCaseExecutor.java:337)
	at com.kms.katalon.core.main.TestCaseExecutor.doExecute(TestCaseExecutor.java:328)
	at com.kms.katalon.core.main.TestCaseExecutor.processExecutionPhase(TestCaseExecutor.java:307)
	at com.kms.katalon.core.main.TestCaseExecutor.accessMainPhase(TestCaseExecutor.java:299)
	at com.kms.katalon.core.main.TestCaseExecutor.execute(TestCaseExecutor.java:233)
	at com.kms.katalon.core.main.TestCaseMain.runTestCase(TestCaseMain.java:114)
	at com.kms.katalon.core.keyword.builtin.CallTestCaseKeyword$_callTestCase_closure1.doCall(CallTestCaseKeyword.groovy:59)
	at com.kms.katalon.core.keyword.builtin.CallTestCaseKeyword$_callTestCase_closure1.call(CallTestCaseKeyword.groovy)
	at com.kms.katalon.core.keyword.internal.KeywordMain.runKeyword(KeywordMain.groovy:68)
	at com.kms.katalon.core.keyword.builtin.CallTestCaseKeyword.callTestCase(CallTestCaseKeyword.groovy:81)
	at com.kms.katalon.core.keyword.builtin.CallTestCaseKeyword.execute(CallTestCaseKeyword.groovy:44)
	at com.kms.katalon.core.keyword.internal.KeywordExecutor.executeKeywordForPlatform(KeywordExecutor.groovy:72)
	at com.kms.katalon.core.keyword.BuiltinKeywords.callTestCase(BuiltinKeywords.groovy:334)
	at Login_To_Members_Area.run(Login_To_Members_Area:73)
	at com.kms.katalon.core.main.ScriptEngine.run(ScriptEngine.java:194)
	at com.kms.katalon.core.main.ScriptEngine.runScriptAsRawText(ScriptEngine.java:119)
	at com.kms.katalon.core.main.TestCaseExecutor.runScript(TestCaseExecutor.java:337)
	at com.kms.katalon.core.main.TestCaseExecutor.doExecute(TestCaseExecutor.java:328)
	at com.kms.katalon.core.main.TestCaseExecutor.processExecutionPhase(TestCaseExecutor.java:307)
	at com.kms.katalon.core.main.TestCaseExecutor.accessMainPhase(TestCaseExecutor.java:299)
	at com.kms.katalon.core.main.TestCaseExecutor.execute(TestCaseExecutor.java:233)
	at com.kms.katalon.core.main.TestSuiteExecutor.accessTestCaseMainPhase(TestSuiteExecutor.java:169)
	at com.kms.katalon.core.main.TestSuiteExecutor.accessTestSuiteMainPhase(TestSuiteExecutor.java:142)
	at com.kms.katalon.core.main.TestSuiteExecutor.execute(TestSuiteExecutor.java:91)
	at com.kms.katalon.core.main.TestCaseMain.startTestSuite(TestCaseMain.java:157)
	at com.kms.katalon.core.main.TestCaseMain$startTestSuite$0.call(Unknown Source)
	at TempTestSuite1587541757069.run(TempTestSuite1587541757069.groovy:37)
)
	at com.kms.katalon.core.keyword.internal.KeywordMain.stepFailed(KeywordMain.groovy:39)
	at com.kms.katalon.core.webui.keyword.internal.WebUIKeywordMain.stepFailed(WebUIKeywordMain.groovy:64)
	at com.kms.katalon.core.webui.keyword.builtin.VerifyTextPresentKeyword$_verifyTextPresent_closure1.doCall(VerifyTextPresentKeyword.groovy:79)
	at com.kms.katalon.core.webui.keyword.builtin.VerifyTextPresentKeyword$_verifyTextPresent_closure1.call(VerifyTextPresentKeyword.groovy)
	at com.kms.katalon.core.webui.keyword.internal.WebUIKeywordMain.runKeyword(WebUIKeywordMain.groovy:20)
	at com.kms.katalon.core.webui.keyword.builtin.VerifyTextPresentKeyword.verifyTextPresent(VerifyTextPresentKeyword.groovy:83)
	at com.kms.katalon.core.webui.keyword.builtin.VerifyTextPresentKeyword.execute(VerifyTextPresentKeyword.groovy:68)
	at com.kms.katalon.core.keyword.internal.KeywordExecutor.executeKeywordForPlatform(KeywordExecutor.groovy:72)
	at com.kms.katalon.core.webui.keyword.WebUiBuiltInKeywords.verifyTextPresent(WebUiBuiltInKeywords.groovy:1719)
	at com.kms.katalon.core.webui.keyword.WebUiBuiltInKeywords$verifyTextPresent$7.call(Unknown Source)
	at Login_To_Members_Area_Verification.run(Login_To_Members_Area_Verification:51)
	at com.kms.katalon.core.main.ScriptEngine.run(ScriptEngine.java:194)
	at com.kms.katalon.core.main.ScriptEngine.runScriptAsRawText(ScriptEngine.java:119)
	at com.kms.katalon.core.main.TestCaseExecutor.runScript(TestCaseExecutor.java:337)
	at com.kms.katalon.core.main.TestCaseExecutor.doExecute(TestCaseExecutor.java:328)
	at com.kms.katalon.core.main.TestCaseExecutor.processExecutionPhase(TestCaseExecutor.java:307)
	at com.kms.katalon.core.main.TestCaseExecutor.accessMainPhase(TestCaseExecutor.java:299)
	at com.kms.katalon.core.main.TestCaseExecutor.execute(TestCaseExecutor.java:233)
	at com.kms.katalon.core.main.TestCaseMain.runTestCase(TestCaseMain.java:114)
	at com.kms.katalon.core.keyword.builtin.CallTestCaseKeyword$_callTestCase_closure1.doCall(CallTestCaseKeyword.groovy:59)
	... 20 more
Caused by: com.kms.katalon.core.exception.StepFailedException: Text 'EXCLUSIVE ACCESS FOR CHECKATRADE MEMBERS ONLY' is not present on page 
	... 39 more
)
	at com.kms.katalon.core.keyword.internal.KeywordMain.stepFailed(KeywordMain.groovy:39)
	at com.kms.katalon.core.keyword.internal.KeywordMain.stepFailed(KeywordMain.groovy)
	at com.kms.katalon.core.keyword.internal.KeywordMain.runKeyword(KeywordMain.groovy:70)
	at com.kms.katalon.core.keyword.builtin.CallTestCaseKeyword.callTestCase(CallTestCaseKeyword.groovy:81)
	at com.kms.katalon.core.keyword.builtin.CallTestCaseKeyword.execute(CallTestCaseKeyword.groovy:44)
	at com.kms.katalon.core.keyword.internal.KeywordExecutor.executeKeywordForPlatform(KeywordExecutor.groovy:72)
	at com.kms.katalon.core.keyword.BuiltinKeywords.callTestCase(BuiltinKeywords.groovy:334)
	at Login_To_Members_Area.run(Login_To_Members_Area:73)
	at com.kms.katalon.core.main.ScriptEngine.run(ScriptEngine.java:194)
	at com.kms.katalon.core.main.ScriptEngine.runScriptAsRawText(ScriptEngine.java:119)
	at com.kms.katalon.core.main.TestCaseExecutor.runScript(TestCaseExecutor.java:337)
	at com.kms.katalon.core.main.TestCaseExecutor.doExecute(TestCaseExecutor.java:328)
	at com.kms.katalon.core.main.TestCaseExecutor.processExecutionPhase(TestCaseExecutor.java:307)
	at com.kms.katalon.core.main.TestCaseExecutor.accessMainPhase(TestCaseExecutor.java:299)
	at com.kms.katalon.core.main.TestCaseExecutor.execute(TestCaseExecutor.java:233)
	at com.kms.katalon.core.main.TestSuiteExecutor.accessTestCaseMainPhase(TestSuiteExecutor.java:169)
	at com.kms.katalon.core.main.TestSuiteExecutor.accessTestSuiteMainPhase(TestSuiteExecutor.java:142)
	at com.kms.katalon.core.main.TestSuiteExecutor.execute(TestSuiteExecutor.java:91)
	at com.kms.katalon.core.main.TestCaseMain.startTestSuite(TestCaseMain.java:157)
	at com.kms.katalon.core.main.TestCaseMain$startTestSuite$0.call(Unknown Source)
	at TempTestSuite1587541757069.run(TempTestSuite1587541757069.groovy:37)
Caused by: com.kms.katalon.core.exception.StepFailedException: Call Test Case 'Test Cases/Reusable_Test_Sequences/CAT_Footer/Trades/Login_To_Members_Area_Verification' failed
	at com.kms.katalon.core.keyword.builtin.CallTestCaseKeyword$_callTestCase_closure1.doCall(CallTestCaseKeyword.groovy:63)
	at com.kms.katalon.core.keyword.builtin.CallTestCaseKeyword$_callTestCase_closure1.call(CallTestCaseKeyword.groovy)
	at com.kms.katalon.core.keyword.internal.KeywordMain.runKeyword(KeywordMain.groovy:68)
	... 18 more
Caused by: com.kms.katalon.core.exception.StepFailedException: Text 'EXCLUSIVE ACCESS FOR CHECKATRADE MEMBERS ONLY' is not present on page  (Root cause: com.kms.katalon.core.exception.StepFailedException: Text 'EXCLUSIVE ACCESS FOR CHECKATRADE MEMBERS ONLY' is not present on page 
	at com.kms.katalon.core.webui.keyword.internal.WebUIKeywordMain.stepFailed(WebUIKeywordMain.groovy:64)
	at com.kms.katalon.core.webui.keyword.builtin.VerifyTextPresentKeyword$_verifyTextPresent_closure1.doCall(VerifyTextPresentKeyword.groovy:79)
	at com.kms.katalon.core.webui.keyword.builtin.VerifyTextPresentKeyword$_verifyTextPresent_closure1.call(VerifyTextPresentKeyword.groovy)
	at com.kms.katalon.core.webui.keyword.internal.WebUIKeywordMain.runKeyword(WebUIKeywordMain.groovy:20)
	at com.kms.katalon.core.webui.keyword.builtin.VerifyTextPresentKeyword.verifyTextPresent(VerifyTextPresentKeyword.groovy:83)
	at com.kms.katalon.core.webui.keyword.builtin.VerifyTextPresentKeyword.execute(VerifyTextPresentKeyword.groovy:68)
	at com.kms.katalon.core.keyword.internal.KeywordExecutor.executeKeywordForPlatform(KeywordExecutor.groovy:72)
	at com.kms.katalon.core.webui.keyword.WebUiBuiltInKeywords.verifyTextPresent(WebUiBuiltInKeywords.groovy:1719)
	at com.kms.katalon.core.webui.keyword.WebUiBuiltInKeywords$verifyTextPresent$7.call(Unknown Source)
	at Login_To_Members_Area_Verification.run(Login_To_Members_Area_Verification:51)
	at com.kms.katalon.core.main.ScriptEngine.run(ScriptEngine.java:194)
	at com.kms.katalon.core.main.ScriptEngine.runScriptAsRawText(ScriptEngine.java:119)
	at com.kms.katalon.core.main.TestCaseExecutor.runScript(TestCaseExecutor.java:337)
	at com.kms.katalon.core.main.TestCaseExecutor.doExecute(TestCaseExecutor.java:328)
	at com.kms.katalon.core.main.TestCaseExecutor.processExecutionPhase(TestCaseExecutor.java:307)
	at com.kms.katalon.core.main.TestCaseExecutor.accessMainPhase(TestCaseExecutor.java:299)
	at com.kms.katalon.core.main.TestCaseExecutor.execute(TestCaseExecutor.java:233)
	at com.kms.katalon.core.main.TestCaseMain.runTestCase(TestCaseMain.java:114)
	at com.kms.katalon.core.keyword.builtin.CallTestCaseKeyword$_callTestCase_closure1.doCall(CallTestCaseKeyword.groovy:59)
	at com.kms.katalon.core.keyword.builtin.CallTestCaseKeyword$_callTestCase_closure1.call(CallTestCaseKeyword.groovy)
	at com.kms.katalon.core.keyword.internal.KeywordMain.runKeyword(KeywordMain.groovy:68)
	at com.kms.katalon.core.keyword.builtin.CallTestCaseKeyword.callTestCase(CallTestCaseKeyword.groovy:81)
	at com.kms.katalon.core.keyword.builtin.CallTestCaseKeyword.execute(CallTestCaseKeyword.groovy:44)
	at com.kms.katalon.core.keyword.internal.KeywordExecutor.executeKeywordForPlatform(KeywordExecutor.groovy:72)
	at com.kms.katalon.core.keyword.BuiltinKeywords.callTestCase(BuiltinKeywords.groovy:334)
	at Login_To_Members_Area.run(Login_To_Members_Area:73)
	at com.kms.katalon.core.main.ScriptEngine.run(ScriptEngine.java:194)
	at com.kms.katalon.core.main.ScriptEngine.runScriptAsRawText(ScriptEngine.java:119)
	at com.kms.katalon.core.main.TestCaseExecutor.runScript(TestCaseExecutor.java:337)
	at com.kms.katalon.core.main.TestCaseExecutor.doExecute(TestCaseExecutor.java:328)
	at com.kms.katalon.core.main.TestCaseExecutor.processExecutionPhase(TestCaseExecutor.java:307)
	at com.kms.katalon.core.main.TestCaseExecutor.accessMainPhase(TestCaseExecutor.java:299)
	at com.kms.katalon.core.main.TestCaseExecutor.execute(TestCaseExecutor.java:233)
	at com.kms.katalon.core.main.TestSuiteExecutor.accessTestCaseMainPhase(TestSuiteExecutor.java:169)
	at com.kms.katalon.core.main.TestSuiteExecutor.accessTestSuiteMainPhase(TestSuiteExecutor.java:142)
	at com.kms.katalon.core.main.TestSuiteExecutor.execute(TestSuiteExecutor.java:91)
	at com.kms.katalon.core.main.TestCaseMain.startTestSuite(TestCaseMain.java:157)
	at com.kms.katalon.core.main.TestCaseMain$startTestSuite$0.call(Unknown Source)
	at TempTestSuite1587541757069.run(TempTestSuite1587541757069.groovy:37)
)
	at com.kms.katalon.core.keyword.internal.KeywordMain.stepFailed(KeywordMain.groovy:39)
	at com.kms.katalon.core.webui.keyword.internal.WebUIKeywordMain.stepFailed(WebUIKeywordMain.groovy:64)
	at com.kms.katalon.core.webui.keyword.builtin.VerifyTextPresentKeyword$_verifyTextPresent_closure1.doCall(VerifyTextPresentKeyword.groovy:79)
	at com.kms.katalon.core.webui.keyword.builtin.VerifyTextPresentKeyword$_verifyTextPresent_closure1.call(VerifyTextPresentKeyword.groovy)
	at com.kms.katalon.core.webui.keyword.internal.WebUIKeywordMain.runKeyword(WebUIKeywordMain.groovy:20)
	at com.kms.katalon.core.webui.keyword.builtin.VerifyTextPresentKeyword.verifyTextPresent(VerifyTextPresentKeyword.groovy:83)
	at com.kms.katalon.core.webui.keyword.builtin.VerifyTextPresentKeyword.execute(VerifyTextPresentKeyword.groovy:68)
	at com.kms.katalon.core.keyword.internal.KeywordExecutor.executeKeywordForPlatform(KeywordExecutor.groovy:72)
	at com.kms.katalon.core.webui.keyword.WebUiBuiltInKeywords.verifyTextPresent(WebUiBuiltInKeywords.groovy:1719)
	at com.kms.katalon.core.webui.keyword.WebUiBuiltInKeywords$verifyTextPresent$7.call(Unknown Source)
	at Login_To_Members_Area_Verification.run(Login_To_Members_Area_Verification:51)
	at com.kms.katalon.core.main.ScriptEngine.run(ScriptEngine.java:194)
	at com.kms.katalon.core.main.ScriptEngine.runScriptAsRawText(ScriptEngine.java:119)
	at com.kms.katalon.core.main.TestCaseExecutor.runScript(TestCaseExecutor.java:337)
	at com.kms.katalon.core.main.TestCaseExecutor.doExecute(TestCaseExecutor.java:328)
	at com.kms.katalon.core.main.TestCaseExecutor.processExecutionPhase(TestCaseExecutor.java:307)
	at com.kms.katalon.core.main.TestCaseExecutor.accessMainPhase(TestCaseExecutor.java:299)
	at com.kms.katalon.core.main.TestCaseExecutor.execute(TestCaseExecutor.java:233)
	at com.kms.katalon.core.main.TestCaseMain.runTestCase(TestCaseMain.java:114)
	at com.kms.katalon.core.keyword.builtin.CallTestCaseKeyword$_callTestCase_closure1.doCall(CallTestCaseKeyword.groovy:59)
	... 20 more
Caused by: com.kms.katalon.core.exception.StepFailedException: Text 'EXCLUSIVE ACCESS FOR CHECKATRADE MEMBERS ONLY' is not present on page 
	... 39 more]]></system-out>
      <system-err><![CDATA[2020-04-22 08:54:51 - [TEST_SUITE][FAILED] - CAT_Footer: Test Cases/CAT_Footer/Trades/Login_To_Members_Area FAILED.
Reason:
com.kms.katalon.core.exception.StepFailedException: Unable to call Test Case 'Test Cases/Reusable_Test_Sequences/CAT_Footer/Trades/Login_To_Members_Area_Verification' (Root cause: com.kms.katalon.core.exception.StepFailedException: Call Test Case 'Test Cases/Reusable_Test_Sequences/CAT_Footer/Trades/Login_To_Members_Area_Verification' failed
	at com.kms.katalon.core.keyword.builtin.CallTestCaseKeyword$_callTestCase_closure1.doCall(CallTestCaseKeyword.groovy:63)
	at com.kms.katalon.core.keyword.builtin.CallTestCaseKeyword$_callTestCase_closure1.call(CallTestCaseKeyword.groovy)
	at com.kms.katalon.core.keyword.internal.KeywordMain.runKeyword(KeywordMain.groovy:68)
	at com.kms.katalon.core.keyword.builtin.CallTestCaseKeyword.callTestCase(CallTestCaseKeyword.groovy:81)
	at com.kms.katalon.core.keyword.builtin.CallTestCaseKeyword.execute(CallTestCaseKeyword.groovy:44)
	at com.kms.katalon.core.keyword.internal.KeywordExecutor.executeKeywordForPlatform(KeywordExecutor.groovy:72)
	at com.kms.katalon.core.keyword.BuiltinKeywords.callTestCase(BuiltinKeywords.groovy:334)
	at Login_To_Members_Area.run(Login_To_Members_Area:73)
	at com.kms.katalon.core.main.ScriptEngine.run(ScriptEngine.java:194)
	at com.kms.katalon.core.main.ScriptEngine.runScriptAsRawText(ScriptEngine.java:119)
	at com.kms.katalon.core.main.TestCaseExecutor.runScript(TestCaseExecutor.java:337)
	at com.kms.katalon.core.main.TestCaseExecutor.doExecute(TestCaseExecutor.java:328)
	at com.kms.katalon.core.main.TestCaseExecutor.processExecutionPhase(TestCaseExecutor.java:307)
	at com.kms.katalon.core.main.TestCaseExecutor.accessMainPhase(TestCaseExecutor.java:299)
	at com.kms.katalon.core.main.TestCaseExecutor.execute(TestCaseExecutor.java:233)
	at com.kms.katalon.core.main.TestSuiteExecutor.accessTestCaseMainPhase(TestSuiteExecutor.java:169)
	at com.kms.katalon.core.main.TestSuiteExecutor.accessTestSuiteMainPhase(TestSuiteExecutor.java:142)
	at com.kms.katalon.core.main.TestSuiteExecutor.execute(TestSuiteExecutor.java:91)
	at com.kms.katalon.core.main.TestCaseMain.startTestSuite(TestCaseMain.java:157)
	at com.kms.katalon.core.main.TestCaseMain$startTestSuite$0.call(Unknown Source)
	at TempTestSuite1587541757069.run(TempTestSuite1587541757069.groovy:37)
Caused by: com.kms.katalon.core.exception.StepFailedException: Text 'EXCLUSIVE ACCESS FOR CHECKATRADE MEMBERS ONLY' is not present on page  (Root cause: com.kms.katalon.core.exception.StepFailedException: Text 'EXCLUSIVE ACCESS FOR CHECKATRADE MEMBERS ONLY' is not present on page 
	at com.kms.katalon.core.webui.keyword.internal.WebUIKeywordMain.stepFailed(WebUIKeywordMain.groovy:64)
	at com.kms.katalon.core.webui.keyword.builtin.VerifyTextPresentKeyword$_verifyTextPresent_closure1.doCall(VerifyTextPresentKeyword.groovy:79)
	at com.kms.katalon.core.webui.keyword.builtin.VerifyTextPresentKeyword$_verifyTextPresent_closure1.call(VerifyTextPresentKeyword.groovy)
	at com.kms.katalon.core.webui.keyword.internal.WebUIKeywordMain.runKeyword(WebUIKeywordMain.groovy:20)
	at com.kms.katalon.core.webui.keyword.builtin.VerifyTextPresentKeyword.verifyTextPresent(VerifyTextPresentKeyword.groovy:83)
	at com.kms.katalon.core.webui.keyword.builtin.VerifyTextPresentKeyword.execute(VerifyTextPresentKeyword.groovy:68)
	at com.kms.katalon.core.keyword.internal.KeywordExecutor.executeKeywordForPlatform(KeywordExecutor.groovy:72)
	at com.kms.katalon.core.webui.keyword.WebUiBuiltInKeywords.verifyTextPresent(WebUiBuiltInKeywords.groovy:1719)
	at com.kms.katalon.core.webui.keyword.WebUiBuiltInKeywords$verifyTextPresent$7.call(Unknown Source)
	at Login_To_Members_Area_Verification.run(Login_To_Members_Area_Verification:51)
	at com.kms.katalon.core.main.ScriptEngine.run(ScriptEngine.java:194)
	at com.kms.katalon.core.main.ScriptEngine.runScriptAsRawText(ScriptEngine.java:119)
	at com.kms.katalon.core.main.TestCaseExecutor.runScript(TestCaseExecutor.java:337)
	at com.kms.katalon.core.main.TestCaseExecutor.doExecute(TestCaseExecutor.java:328)
	at com.kms.katalon.core.main.TestCaseExecutor.processExecutionPhase(TestCaseExecutor.java:307)
	at com.kms.katalon.core.main.TestCaseExecutor.accessMainPhase(TestCaseExecutor.java:299)
	at com.kms.katalon.core.main.TestCaseExecutor.execute(TestCaseExecutor.java:233)
	at com.kms.katalon.core.main.TestCaseMain.runTestCase(TestCaseMain.java:114)
	at com.kms.katalon.core.keyword.builtin.CallTestCaseKeyword$_callTestCase_closure1.doCall(CallTestCaseKeyword.groovy:59)
	at com.kms.katalon.core.keyword.builtin.CallTestCaseKeyword$_callTestCase_closure1.call(CallTestCaseKeyword.groovy)
	at com.kms.katalon.core.keyword.internal.KeywordMain.runKeyword(KeywordMain.groovy:68)
	at com.kms.katalon.core.keyword.builtin.CallTestCaseKeyword.callTestCase(CallTestCaseKeyword.groovy:81)
	at com.kms.katalon.core.keyword.builtin.CallTestCaseKeyword.execute(CallTestCaseKeyword.groovy:44)
	at com.kms.katalon.core.keyword.internal.KeywordExecutor.executeKeywordForPlatform(KeywordExecutor.groovy:72)
	at com.kms.katalon.core.keyword.BuiltinKeywords.callTestCase(BuiltinKeywords.groovy:334)
	at Login_To_Members_Area.run(Login_To_Members_Area:73)
	at com.kms.katalon.core.main.ScriptEngine.run(ScriptEngine.java:194)
	at com.kms.katalon.core.main.ScriptEngine.runScriptAsRawText(ScriptEngine.java:119)
	at com.kms.katalon.core.main.TestCaseExecutor.runScript(TestCaseExecutor.java:337)
	at com.kms.katalon.core.main.TestCaseExecutor.doExecute(TestCaseExecutor.java:328)
	at com.kms.katalon.core.main.TestCaseExecutor.processExecutionPhase(TestCaseExecutor.java:307)
	at com.kms.katalon.core.main.TestCaseExecutor.accessMainPhase(TestCaseExecutor.java:299)
	at com.kms.katalon.core.main.TestCaseExecutor.execute(TestCaseExecutor.java:233)
	at com.kms.katalon.core.main.TestSuiteExecutor.accessTestCaseMainPhase(TestSuiteExecutor.java:169)
	at com.kms.katalon.core.main.TestSuiteExecutor.accessTestSuiteMainPhase(TestSuiteExecutor.java:142)
	at com.kms.katalon.core.main.TestSuiteExecutor.execute(TestSuiteExecutor.java:91)
	at com.kms.katalon.core.main.TestCaseMain.startTestSuite(TestCaseMain.java:157)
	at com.kms.katalon.core.main.TestCaseMain$startTestSuite$0.call(Unknown Source)
	at TempTestSuite1587541757069.run(TempTestSuite1587541757069.groovy:37)
)
	at com.kms.katalon.core.keyword.internal.KeywordMain.stepFailed(KeywordMain.groovy:39)
	at com.kms.katalon.core.webui.keyword.internal.WebUIKeywordMain.stepFailed(WebUIKeywordMain.groovy:64)
	at com.kms.katalon.core.webui.keyword.builtin.VerifyTextPresentKeyword$_verifyTextPresent_closure1.doCall(VerifyTextPresentKeyword.groovy:79)
	at com.kms.katalon.core.webui.keyword.builtin.VerifyTextPresentKeyword$_verifyTextPresent_closure1.call(VerifyTextPresentKeyword.groovy)
	at com.kms.katalon.core.webui.keyword.internal.WebUIKeywordMain.runKeyword(WebUIKeywordMain.groovy:20)
	at com.kms.katalon.core.webui.keyword.builtin.VerifyTextPresentKeyword.verifyTextPresent(VerifyTextPresentKeyword.groovy:83)
	at com.kms.katalon.core.webui.keyword.builtin.VerifyTextPresentKeyword.execute(VerifyTextPresentKeyword.groovy:68)
	at com.kms.katalon.core.keyword.internal.KeywordExecutor.executeKeywordForPlatform(KeywordExecutor.groovy:72)
	at com.kms.katalon.core.webui.keyword.WebUiBuiltInKeywords.verifyTextPresent(WebUiBuiltInKeywords.groovy:1719)
	at com.kms.katalon.core.webui.keyword.WebUiBuiltInKeywords$verifyTextPresent$7.call(Unknown Source)
	at Login_To_Members_Area_Verification.run(Login_To_Members_Area_Verification:51)
	at com.kms.katalon.core.main.ScriptEngine.run(ScriptEngine.java:194)
	at com.kms.katalon.core.main.ScriptEngine.runScriptAsRawText(ScriptEngine.java:119)
	at com.kms.katalon.core.main.TestCaseExecutor.runScript(TestCaseExecutor.java:337)
	at com.kms.katalon.core.main.TestCaseExecutor.doExecute(TestCaseExecutor.java:328)
	at com.kms.katalon.core.main.TestCaseExecutor.processExecutionPhase(TestCaseExecutor.java:307)
	at com.kms.katalon.core.main.TestCaseExecutor.accessMainPhase(TestCaseExecutor.java:299)
	at com.kms.katalon.core.main.TestCaseExecutor.execute(TestCaseExecutor.java:233)
	at com.kms.katalon.core.main.TestCaseMain.runTestCase(TestCaseMain.java:114)
	at com.kms.katalon.core.keyword.builtin.CallTestCaseKeyword$_callTestCase_closure1.doCall(CallTestCaseKeyword.groovy:59)
	... 20 more
Caused by: com.kms.katalon.core.exception.StepFailedException: Text 'EXCLUSIVE ACCESS FOR CHECKATRADE MEMBERS ONLY' is not present on page 
	... 39 more
)
	at com.kms.katalon.core.keyword.internal.KeywordMain.stepFailed(KeywordMain.groovy:39)
	at com.kms.katalon.core.keyword.internal.KeywordMain.stepFailed(KeywordMain.groovy)
	at com.kms.katalon.core.keyword.internal.KeywordMain.runKeyword(KeywordMain.groovy:70)
	at com.kms.katalon.core.keyword.builtin.CallTestCaseKeyword.callTestCase(CallTestCaseKeyword.groovy:81)
	at com.kms.katalon.core.keyword.builtin.CallTestCaseKeyword.execute(CallTestCaseKeyword.groovy:44)
	at com.kms.katalon.core.keyword.internal.KeywordExecutor.executeKeywordForPlatform(KeywordExecutor.groovy:72)
	at com.kms.katalon.core.keyword.BuiltinKeywords.callTestCase(BuiltinKeywords.groovy:334)
	at Login_To_Members_Area.run(Login_To_Members_Area:73)
	at com.kms.katalon.core.main.ScriptEngine.run(ScriptEngine.java:194)
	at com.kms.katalon.core.main.ScriptEngine.runScriptAsRawText(ScriptEngine.java:119)
	at com.kms.katalon.core.main.TestCaseExecutor.runScript(TestCaseExecutor.java:337)
	at com.kms.katalon.core.main.TestCaseExecutor.doExecute(TestCaseExecutor.java:328)
	at com.kms.katalon.core.main.TestCaseExecutor.processExecutionPhase(TestCaseExecutor.java:307)
	at com.kms.katalon.core.main.TestCaseExecutor.accessMainPhase(TestCaseExecutor.java:299)
	at com.kms.katalon.core.main.TestCaseExecutor.execute(TestCaseExecutor.java:233)
	at com.kms.katalon.core.main.TestSuiteExecutor.accessTestCaseMainPhase(TestSuiteExecutor.java:169)
	at com.kms.katalon.core.main.TestSuiteExecutor.accessTestSuiteMainPhase(TestSuiteExecutor.java:142)
	at com.kms.katalon.core.main.TestSuiteExecutor.execute(TestSuiteExecutor.java:91)
	at com.kms.katalon.core.main.TestCaseMain.startTestSuite(TestCaseMain.java:157)
	at com.kms.katalon.core.main.TestCaseMain$startTestSuite$0.call(Unknown Source)
	at TempTestSuite1587541757069.run(TempTestSuite1587541757069.groovy:37)
Caused by: com.kms.katalon.core.exception.StepFailedException: Call Test Case 'Test Cases/Reusable_Test_Sequences/CAT_Footer/Trades/Login_To_Members_Area_Verification' failed
	at com.kms.katalon.core.keyword.builtin.CallTestCaseKeyword$_callTestCase_closure1.doCall(CallTestCaseKeyword.groovy:63)
	at com.kms.katalon.core.keyword.builtin.CallTestCaseKeyword$_callTestCase_closure1.call(CallTestCaseKeyword.groovy)
	at com.kms.katalon.core.keyword.internal.KeywordMain.runKeyword(KeywordMain.groovy:68)
	... 18 more
Caused by: com.kms.katalon.core.exception.StepFailedException: Text 'EXCLUSIVE ACCESS FOR CHECKATRADE MEMBERS ONLY' is not present on page  (Root cause: com.kms.katalon.core.exception.StepFailedException: Text 'EXCLUSIVE ACCESS FOR CHECKATRADE MEMBERS ONLY' is not present on page 
	at com.kms.katalon.core.webui.keyword.internal.WebUIKeywordMain.stepFailed(WebUIKeywordMain.groovy:64)
	at com.kms.katalon.core.webui.keyword.builtin.VerifyTextPresentKeyword$_verifyTextPresent_closure1.doCall(VerifyTextPresentKeyword.groovy:79)
	at com.kms.katalon.core.webui.keyword.builtin.VerifyTextPresentKeyword$_verifyTextPresent_closure1.call(VerifyTextPresentKeyword.groovy)
	at com.kms.katalon.core.webui.keyword.internal.WebUIKeywordMain.runKeyword(WebUIKeywordMain.groovy:20)
	at com.kms.katalon.core.webui.keyword.builtin.VerifyTextPresentKeyword.verifyTextPresent(VerifyTextPresentKeyword.groovy:83)
	at com.kms.katalon.core.webui.keyword.builtin.VerifyTextPresentKeyword.execute(VerifyTextPresentKeyword.groovy:68)
	at com.kms.katalon.core.keyword.internal.KeywordExecutor.executeKeywordForPlatform(KeywordExecutor.groovy:72)
	at com.kms.katalon.core.webui.keyword.WebUiBuiltInKeywords.verifyTextPresent(WebUiBuiltInKeywords.groovy:1719)
	at com.kms.katalon.core.webui.keyword.WebUiBuiltInKeywords$verifyTextPresent$7.call(Unknown Source)
	at Login_To_Members_Area_Verification.run(Login_To_Members_Area_Verification:51)
	at com.kms.katalon.core.main.ScriptEngine.run(ScriptEngine.java:194)
	at com.kms.katalon.core.main.ScriptEngine.runScriptAsRawText(ScriptEngine.java:119)
	at com.kms.katalon.core.main.TestCaseExecutor.runScript(TestCaseExecutor.java:337)
	at com.kms.katalon.core.main.TestCaseExecutor.doExecute(TestCaseExecutor.java:328)
	at com.kms.katalon.core.main.TestCaseExecutor.processExecutionPhase(TestCaseExecutor.java:307)
	at com.kms.katalon.core.main.TestCaseExecutor.accessMainPhase(TestCaseExecutor.java:299)
	at com.kms.katalon.core.main.TestCaseExecutor.execute(TestCaseExecutor.java:233)
	at com.kms.katalon.core.main.TestCaseMain.runTestCase(TestCaseMain.java:114)
	at com.kms.katalon.core.keyword.builtin.CallTestCaseKeyword$_callTestCase_closure1.doCall(CallTestCaseKeyword.groovy:59)
	at com.kms.katalon.core.keyword.builtin.CallTestCaseKeyword$_callTestCase_closure1.call(CallTestCaseKeyword.groovy)
	at com.kms.katalon.core.keyword.internal.KeywordMain.runKeyword(KeywordMain.groovy:68)
	at com.kms.katalon.core.keyword.builtin.CallTestCaseKeyword.callTestCase(CallTestCaseKeyword.groovy:81)
	at com.kms.katalon.core.keyword.builtin.CallTestCaseKeyword.execute(CallTestCaseKeyword.groovy:44)
	at com.kms.katalon.core.keyword.internal.KeywordExecutor.executeKeywordForPlatform(KeywordExecutor.groovy:72)
	at com.kms.katalon.core.keyword.BuiltinKeywords.callTestCase(BuiltinKeywords.groovy:334)
	at Login_To_Members_Area.run(Login_To_Members_Area:73)
	at com.kms.katalon.core.main.ScriptEngine.run(ScriptEngine.java:194)
	at com.kms.katalon.core.main.ScriptEngine.runScriptAsRawText(ScriptEngine.java:119)
	at com.kms.katalon.core.main.TestCaseExecutor.runScript(TestCaseExecutor.java:337)
	at com.kms.katalon.core.main.TestCaseExecutor.doExecute(TestCaseExecutor.java:328)
	at com.kms.katalon.core.main.TestCaseExecutor.processExecutionPhase(TestCaseExecutor.java:307)
	at com.kms.katalon.core.main.TestCaseExecutor.accessMainPhase(TestCaseExecutor.java:299)
	at com.kms.katalon.core.main.TestCaseExecutor.execute(TestCaseExecutor.java:233)
	at com.kms.katalon.core.main.TestSuiteExecutor.accessTestCaseMainPhase(TestSuiteExecutor.java:169)
	at com.kms.katalon.core.main.TestSuiteExecutor.accessTestSuiteMainPhase(TestSuiteExecutor.java:142)
	at com.kms.katalon.core.main.TestSuiteExecutor.execute(TestSuiteExecutor.java:91)
	at com.kms.katalon.core.main.TestCaseMain.startTestSuite(TestCaseMain.java:157)
	at com.kms.katalon.core.main.TestCaseMain$startTestSuite$0.call(Unknown Source)
	at TempTestSuite1587541757069.run(TempTestSuite1587541757069.groovy:37)
)
	at com.kms.katalon.core.keyword.internal.KeywordMain.stepFailed(KeywordMain.groovy:39)
	at com.kms.katalon.core.webui.keyword.internal.WebUIKeywordMain.stepFailed(WebUIKeywordMain.groovy:64)
	at com.kms.katalon.core.webui.keyword.builtin.VerifyTextPresentKeyword$_verifyTextPresent_closure1.doCall(VerifyTextPresentKeyword.groovy:79)
	at com.kms.katalon.core.webui.keyword.builtin.VerifyTextPresentKeyword$_verifyTextPresent_closure1.call(VerifyTextPresentKeyword.groovy)
	at com.kms.katalon.core.webui.keyword.internal.WebUIKeywordMain.runKeyword(WebUIKeywordMain.groovy:20)
	at com.kms.katalon.core.webui.keyword.builtin.VerifyTextPresentKeyword.verifyTextPresent(VerifyTextPresentKeyword.groovy:83)
	at com.kms.katalon.core.webui.keyword.builtin.VerifyTextPresentKeyword.execute(VerifyTextPresentKeyword.groovy:68)
	at com.kms.katalon.core.keyword.internal.KeywordExecutor.executeKeywordForPlatform(KeywordExecutor.groovy:72)
	at com.kms.katalon.core.webui.keyword.WebUiBuiltInKeywords.verifyTextPresent(WebUiBuiltInKeywords.groovy:1719)
	at com.kms.katalon.core.webui.keyword.WebUiBuiltInKeywords$verifyTextPresent$7.call(Unknown Source)
	at Login_To_Members_Area_Verification.run(Login_To_Members_Area_Verification:51)
	at com.kms.katalon.core.main.ScriptEngine.run(ScriptEngine.java:194)
	at com.kms.katalon.core.main.ScriptEngine.runScriptAsRawText(ScriptEngine.java:119)
	at com.kms.katalon.core.main.TestCaseExecutor.runScript(TestCaseExecutor.java:337)
	at com.kms.katalon.core.main.TestCaseExecutor.doExecute(TestCaseExecutor.java:328)
	at com.kms.katalon.core.main.TestCaseExecutor.processExecutionPhase(TestCaseExecutor.java:307)
	at com.kms.katalon.core.main.TestCaseExecutor.accessMainPhase(TestCaseExecutor.java:299)
	at com.kms.katalon.core.main.TestCaseExecutor.execute(TestCaseExecutor.java:233)
	at com.kms.katalon.core.main.TestCaseMain.runTestCase(TestCaseMain.java:114)
	at com.kms.katalon.core.keyword.builtin.CallTestCaseKeyword$_callTestCase_closure1.doCall(CallTestCaseKeyword.groovy:59)
	... 20 more
Caused by: com.kms.katalon.core.exception.StepFailedException: Text 'EXCLUSIVE ACCESS FOR CHECKATRADE MEMBERS ONLY' is not present on page 
	... 39 more]]></system-err>
   </testsuite>
</testsuites>
