<?xml version="1.0" encoding="UTF-8"?>
<testsuites name="Mobile_Devices" time="253.931" tests="1" failures="0" errors="0">
   <testsuite name="Mobile_Devices" tests="1" failures="0" errors="0" time="253.931" timestamp="2019-11-14 10:26:01" hostname="DavidHo - VETTEDSP36RF.check.local" id="Test Suites/Mobile_Devices">
      <properties>
         <property name="deviceName" value=""/>
         <property name="devicePlatform" value=""/>
         <property name="logFolder" value="C:\\Users\\davidho\\Katalon Studio\\Start\\Reports\\20191114_102301\\Mobile_Devices\\20191114_102308"/>
         <property name="logFiles" value="C:\\Users\\davidho\\Katalon Studio\\Start\\Reports\\20191114_102301\\Mobile_Devices\\20191114_102308\\execution0.log"/>
         <property name="attachments" value=""/>
         <property name="hostName" value="DavidHo - VETTEDSP36RF.check.local"/>
         <property name="os" value="Windows 10 32bit"/>
         <property name="katalonVersion" value="7.0.5.1"/>
         <property name="browser" value="Chrome 78.0.3904.97"/>
         <property name="hostAddress" value="10.0.11.243"/>
         <property name="sessionId" value="3c61b7c7fc49fdafd15de69444a4359a"/>
         <property name="seleniumVersion" value="3.141.59"/>
         <property name="proxyInformation" value="ProxyInformation{proxyOption=NO_PROXY, proxyServerType=HTTP, password=, proxyServerAddress=, proxyServerPort=0}"/>
         <property name="platform" value="Windows 10"/>
      </properties>
      <testcase name="Test Cases/Mobile_Devices/Default_Device_Dev" time="253.419" classname="Test Cases/Mobile_Devices/Default_Device_Dev" status="PASSED">
         <system-out><![CDATA[2019-11-14 10:26:01 - [TEST_CASE][PASSED] - Test Cases/Mobile_Devices/Default_Device_Dev: Test Cases/Mobile_Devices/Default_Device_Dev

2019-11-14 10:26:02 - [TEST_STEP][PASSED] - for ([row = 1, row <= findTestData("Mobile_Test_Data").getRowNumbers(), (internal.GlobalVariable.row++)]): Call Test Case 'Test Cases/Reusable_Test_Sequences/CAT_Teardown' successfully

2019-11-14 10:26:04 - [TEST_STEP][PASSED] - callTestCase(findTestCase("Reusable_Test_Sequences/CAT_Setup"), [:], OPTIONAL): Call Test Case 'Test Cases/Reusable_Test_Sequences/CAT_Setup' successfully

2019-11-14 10:26:04 - [TEST_CASE][PASSED] - Test Cases/Reusable_Test_Sequences/CAT_Setup: Test Cases/Reusable_Test_Sequences/CAT_Setup

2019-11-14 10:26:05 - [TEST_STEP][PASSED] - "URL - Set from the ENVIRONMENT PROFILE ": null

2019-11-14 10:26:05 - [TEST_STEP][PASSED] - openBrowser(URL): Browser is opened with url: 'https://www.preview.checkatrade.com/'

2019-11-14 10:26:05 - [MESSAGE][INFO] - Starting 'Chrome' driver

2019-11-14 10:26:05 - [MESSAGE][INFO] - Action delay is set to 0 seconds

2019-11-14 10:26:26 - [MESSAGE][PASSED] - Browser is opened with url: 'https://www.preview.checkatrade.com/'

2019-11-14 10:26:26 - [TEST_STEP][PASSED] - maximizeWindow(): Current window maximized

2019-11-14 10:26:32 - [MESSAGE][PASSED] - Current window maximized

2019-11-14 10:26:32 - [TEST_STEP][PASSED] - waitForPageLoad(60): Wait for page load successfully

2019-11-14 10:26:32 - [MESSAGE][PASSED] - Wait for page load successfully

2019-11-14 10:26:32 - [TEST_STEP][PASSED] - waitForElementVisible(findTestObject("Page_Checkatrade Find a tradesperson you can trust/a_Search"), 25): Object 'Object Repository/Page_Checkatrade Find a tradesperson you can trust/a_Search' is visible

2019-11-14 10:26:32 - [MESSAGE][PASSED] - Object 'Object Repository/Page_Checkatrade Find a tradesperson you can trust/a_Search' is visible

2019-11-14 10:26:32 - [TEST_STEP][PASSED] - try: null

2019-11-14 10:26:32 - [TEST_STEP][PASSED] - if (verifyElementPresent(findTestObject("Page_Checkatrade Find a tradesperson you can trust/div_close"), 1, OPTIONAL)): null

2019-11-14 10:26:33 - [MESSAGE][PASSED] - Object 'Object Repository/Page_Checkatrade Find a tradesperson you can trust/div_close' is present

2019-11-14 10:26:33 - [TEST_STEP][PASSED] - click(findTestObject("Page_Checkatrade Find a tradesperson you can trust/div_close")): Object: 'Object Repository/Page_Checkatrade Find a tradesperson you can trust/div_close' is clicked on

2019-11-14 10:26:33 - [MESSAGE][PASSED] - Object: 'Object Repository/Page_Checkatrade Find a tradesperson you can trust/div_close' is clicked on

2019-11-14 10:26:33 - [TEST_STEP][PASSED] - "---------------------------------": null

2019-11-14 10:26:33 - [TEST_STEP][PASSED] - "COOKIE POPOUT REMOVED - Confirmed": null

2019-11-14 10:26:33 - [TEST_STEP][PASSED] - delay(1): Delayed 1 second(s)

2019-11-14 10:26:34 - [MESSAGE][PASSED] - Delayed 1 second(s)

2019-11-14 10:26:34 - [TEST_STEP][PASSED] - verifyTextNotPresent("Checkatrade.com uses cookies to make sure you get the best browsing experience", false): Text 'Checkatrade.com uses cookies to make sure you get the best browsing experience' is not present on page

2019-11-14 10:26:35 - [MESSAGE][PASSED] - Text 'Checkatrade.com uses cookies to make sure you get the best browsing experience' is not present on page

2019-11-14 10:26:35 - [TEST_STEP][PASSED] - try: null

2019-11-14 10:26:35 - [TEST_STEP][PASSED] - if (verifyElementPresent(findTestObject("Page_Checkatrade Find a tradesperson you can trust/div_close_1"), 1, OPTIONAL)): null

2019-11-14 10:26:35 - [MESSAGE][PASSED] - Object 'Object Repository/Page_Checkatrade Find a tradesperson you can trust/div_close_1' is present

2019-11-14 10:26:35 - [TEST_STEP][PASSED] - click(findTestObject("Page_Checkatrade Find a tradesperson you can trust/div_close_1")): Object: 'Object Repository/Page_Checkatrade Find a tradesperson you can trust/div_close_1' is clicked on

2019-11-14 10:26:37 - [MESSAGE][PASSED] - Object: 'Object Repository/Page_Checkatrade Find a tradesperson you can trust/div_close_1' is clicked on

2019-11-14 10:26:37 - [TEST_STEP][PASSED] - "---------------------------------": null

2019-11-14 10:26:37 - [TEST_STEP][PASSED] - "PRIVACY POPOUT REMOVED - Confirmed": null

2019-11-14 10:26:37 - [TEST_STEP][PASSED] - delay(1): Delayed 1 second(s)

2019-11-14 10:26:38 - [MESSAGE][PASSED] - Delayed 1 second(s)

2019-11-14 10:26:38 - [TEST_STEP][PASSED] - verifyTextNotPresent("We have updated our Privacy Policy, please review this", false): Text 'We have updated our Privacy Policy, please review this' is not present on page

2019-11-14 10:26:38 - [MESSAGE][PASSED] - Text 'We have updated our Privacy Policy, please review this' is not present on page

2019-11-14 10:26:38 - [MESSAGE][PASSED] - Call Test Case 'Test Cases/Reusable_Test_Sequences/CAT_Setup' successfully

2019-11-14 10:26:38 - [TEST_STEP][PASSED] - " ALTERNATIVE SCREEN RESOLUTION SELECTION METHOD": null

2019-11-14 10:26:38 - [TEST_STEP][PASSED] - " ACTUAL SCREEN RESOLUTION SELECTION METHOD USED": null

2019-11-14 10:26:38 - [TEST_STEP][PASSED] - XCOORD = Integer.parseInt(findTestData("searchTestData").getValue("X_COORD", row)): null

2019-11-14 10:26:38 - [TEST_STEP][PASSED] - YCOORD = Integer.parseInt(findTestData("searchTestData").getValue("Y_COORD", row)): null

2019-11-14 10:26:38 - [TEST_STEP][PASSED] - setViewPortSize(XCOORD, YCOORD): Viewport is set to new size with width = 800 and height = 1000

2019-11-14 10:26:39 - [MESSAGE][PASSED] - Viewport is set to new size with width = 800 and height = 1000

2019-11-14 10:26:39 - [TEST_STEP][PASSED] - waitForPageLoad(60): Wait for page load successfully

2019-11-14 10:26:39 - [MESSAGE][PASSED] - Wait for page load successfully

2019-11-14 10:26:39 - [TEST_STEP][PASSED] - out.println("Set View Port Size is currently SET to X AXIS " + XCOORD + " Y AXIS " + YCOORD): null

2019-11-14 10:26:39 - [TEST_STEP][PASSED] - setText(findTestObject("Page_Checkatrade Find a tradesperson you can trust/input_Search through"), findTestData("searchTestData").getValue("tradeClassification", row)): Text 'Tree Surgeon' is set on object 'Object Repository/Page_Checkatrade Find a tradesperson you can trust/input_Search through'

2019-11-14 10:26:40 - [MESSAGE][PASSED] - Text 'Tree Surgeon' is set on object 'Object Repository/Page_Checkatrade Find a tradesperson you can trust/input_Search through'

2019-11-14 10:26:40 - [TEST_STEP][PASSED] - waitForPageLoad(60): Wait for page load successfully

2019-11-14 10:26:40 - [MESSAGE][PASSED] - Wait for page load successfully

2019-11-14 10:26:40 - [TEST_STEP][PASSED] - "Set and SEARCH SELECTED LOCATION": null

2019-11-14 10:26:40 - [TEST_STEP][PASSED] - setText(findTestObject("Object Repository/Checkatrade_Trade_Search_Page/Page_Checkatrade Find a tradesperson you can trust/input_location"), findTestData("searchTestData").getValue("tradeLocation", row)): Text 'Gosport' is set on object 'Object Repository/Checkatrade_Trade_Search_Page/Page_Checkatrade Find a tradesperson you can trust/input_location'

2019-11-14 10:26:40 - [MESSAGE][PASSED] - Text 'Gosport' is set on object 'Object Repository/Checkatrade_Trade_Search_Page/Page_Checkatrade Find a tradesperson you can trust/input_location'

2019-11-14 10:26:40 - [TEST_STEP][PASSED] - waitForPageLoad(60): Wait for page load successfully

2019-11-14 10:26:40 - [MESSAGE][PASSED] - Wait for page load successfully

2019-11-14 10:26:40 - [TEST_STEP][PASSED] - scrollToElement(findTestObject("Object Repository/Checkatrade_Trade_Search_Page/Page_Checkatrade Find a tradesperson you can trust/a_Search"), 5): Scroll to object 'Object Repository/Checkatrade_Trade_Search_Page/Page_Checkatrade Find a tradesperson you can trust/a_Search' successfully

2019-11-14 10:26:41 - [MESSAGE][PASSED] - Scroll to object 'Object Repository/Checkatrade_Trade_Search_Page/Page_Checkatrade Find a tradesperson you can trust/a_Search' successfully

2019-11-14 10:26:41 - [TEST_STEP][PASSED] - waitForPageLoad(60): Wait for page load successfully

2019-11-14 10:26:41 - [MESSAGE][PASSED] - Wait for page load successfully

2019-11-14 10:26:41 - [TEST_STEP][PASSED] - "-------------": null

2019-11-14 10:26:41 - [TEST_STEP][PASSED] - doubleClick(findTestObject("Object Repository/Checkatrade_Trade_Search_Page/Page_Checkatrade Find a tradesperson you can trust/a_Search")): Object: 'Object Repository/Checkatrade_Trade_Search_Page/Page_Checkatrade Find a tradesperson you can trust/a_Search' is double clicked on

2019-11-14 10:26:44 - [MESSAGE][PASSED] - Object: 'Object Repository/Checkatrade_Trade_Search_Page/Page_Checkatrade Find a tradesperson you can trust/a_Search' is double clicked on

2019-11-14 10:26:44 - [TEST_STEP][PASSED] - waitForPageLoad(60): Wait for page load successfully

2019-11-14 10:26:44 - [MESSAGE][PASSED] - Wait for page load successfully

2019-11-14 10:26:44 - [TEST_STEP][PASSED] - scrollToElement(findTestObject("Object Repository/Page_Returned_Concantanated_Text/h1_Concantanated_Returned_Result"), 5): Scroll to object 'Object Repository/Page_Returned_Concantanated_Text/h1_Concantanated_Returned_Result' successfully

2019-11-14 10:26:44 - [MESSAGE][PASSED] - Scroll to object 'Object Repository/Page_Returned_Concantanated_Text/h1_Concantanated_Returned_Result' successfully

2019-11-14 10:26:44 - [TEST_STEP][PASSED] - waitForElementVisible(findTestObject("Object Repository/Page_Returned_Concantanated_Text/h1_Concantanated_Returned_Result"), 5): Object 'Object Repository/Page_Returned_Concantanated_Text/h1_Concantanated_Returned_Result' is visible

2019-11-14 10:26:44 - [MESSAGE][PASSED] - Object 'Object Repository/Page_Returned_Concantanated_Text/h1_Concantanated_Returned_Result' is visible

2019-11-14 10:26:44 - [TEST_STEP][PASSED] - delay(1): Delayed 1 second(s)

2019-11-14 10:26:45 - [MESSAGE][PASSED] - Delayed 1 second(s)

2019-11-14 10:26:45 - [TEST_STEP][PASSED] - verifyTextPresent(findTestData("searchTestData").getValue("tradeLocationVerification", row), false, CONTINUE_ON_FAILURE): Text 'Crown Thinning in Gosport' is present on page 

2019-11-14 10:26:46 - [MESSAGE][PASSED] - Text 'Crown Thinning in Gosport' is present on page 

2019-11-14 10:26:46 - [TEST_STEP][PASSED] - "Expected cantantenated text is Returned": null

2019-11-14 10:26:46 - [TEST_STEP][PASSED] - "--------------------------": null

2019-11-14 10:26:46 - [TEST_STEP][PASSED] - " Teardown - CLose Browser |": null

2019-11-14 10:26:46 - [TEST_STEP][PASSED] - callTestCase(findTestCase("Reusable_Test_Sequences/CAT_Teardown"), [:], OPTIONAL): Call Test Case 'Test Cases/Reusable_Test_Sequences/CAT_Teardown' successfully

2019-11-14 10:26:46 - [TEST_CASE][PASSED] - Test Cases/Reusable_Test_Sequences/CAT_Teardown: Test Cases/Reusable_Test_Sequences/CAT_Teardown

2019-11-14 10:26:47 - [TEST_STEP][PASSED] - closeBrowser(): Browser is closed

2019-11-14 10:26:49 - [MESSAGE][PASSED] - Browser is closed

2019-11-14 10:26:49 - [MESSAGE][PASSED] - Call Test Case 'Test Cases/Reusable_Test_Sequences/CAT_Teardown' successfully

2019-11-14 10:26:49 - [TEST_STEP][PASSED] - callTestCase(findTestCase("Reusable_Test_Sequences/CAT_Setup"), [:], OPTIONAL): Call Test Case 'Test Cases/Reusable_Test_Sequences/CAT_Setup' successfully

2019-11-14 10:26:49 - [TEST_CASE][PASSED] - Test Cases/Reusable_Test_Sequences/CAT_Setup: Test Cases/Reusable_Test_Sequences/CAT_Setup

2019-11-14 10:26:49 - [TEST_STEP][PASSED] - "URL - Set from the ENVIRONMENT PROFILE ": null

2019-11-14 10:26:49 - [TEST_STEP][PASSED] - openBrowser(URL): Browser is opened with url: 'https://www.preview.checkatrade.com/'

2019-11-14 10:26:49 - [MESSAGE][INFO] - Starting 'Chrome' driver

2019-11-14 10:27:08 - [MESSAGE][PASSED] - Browser is opened with url: 'https://www.preview.checkatrade.com/'

2019-11-14 10:27:08 - [TEST_STEP][PASSED] - maximizeWindow(): Current window maximized

2019-11-14 10:27:13 - [MESSAGE][PASSED] - Current window maximized

2019-11-14 10:27:13 - [TEST_STEP][PASSED] - waitForPageLoad(60): Wait for page load successfully

2019-11-14 10:27:13 - [MESSAGE][PASSED] - Wait for page load successfully

2019-11-14 10:27:13 - [TEST_STEP][PASSED] - waitForElementVisible(findTestObject("Page_Checkatrade Find a tradesperson you can trust/a_Search"), 25): Object 'Object Repository/Page_Checkatrade Find a tradesperson you can trust/a_Search' is visible

2019-11-14 10:27:14 - [MESSAGE][PASSED] - Object 'Object Repository/Page_Checkatrade Find a tradesperson you can trust/a_Search' is visible

2019-11-14 10:27:14 - [TEST_STEP][PASSED] - try: null

2019-11-14 10:27:14 - [TEST_STEP][PASSED] - if (verifyElementPresent(findTestObject("Page_Checkatrade Find a tradesperson you can trust/div_close"), 1, OPTIONAL)): null

2019-11-14 10:27:14 - [MESSAGE][PASSED] - Object 'Object Repository/Page_Checkatrade Find a tradesperson you can trust/div_close' is present

2019-11-14 10:27:14 - [TEST_STEP][PASSED] - click(findTestObject("Page_Checkatrade Find a tradesperson you can trust/div_close")): Object: 'Object Repository/Page_Checkatrade Find a tradesperson you can trust/div_close' is clicked on

2019-11-14 10:27:16 - [MESSAGE][PASSED] - Object: 'Object Repository/Page_Checkatrade Find a tradesperson you can trust/div_close' is clicked on

2019-11-14 10:27:16 - [TEST_STEP][PASSED] - "---------------------------------": null

2019-11-14 10:27:16 - [TEST_STEP][PASSED] - "COOKIE POPOUT REMOVED - Confirmed": null

2019-11-14 10:27:16 - [TEST_STEP][PASSED] - delay(1): Delayed 1 second(s)

2019-11-14 10:27:17 - [MESSAGE][PASSED] - Delayed 1 second(s)

2019-11-14 10:27:17 - [TEST_STEP][PASSED] - verifyTextNotPresent("Checkatrade.com uses cookies to make sure you get the best browsing experience", false): Text 'Checkatrade.com uses cookies to make sure you get the best browsing experience' is not present on page

2019-11-14 10:27:17 - [MESSAGE][PASSED] - Text 'Checkatrade.com uses cookies to make sure you get the best browsing experience' is not present on page

2019-11-14 10:27:17 - [TEST_STEP][PASSED] - try: null

2019-11-14 10:27:17 - [TEST_STEP][PASSED] - if (verifyElementPresent(findTestObject("Page_Checkatrade Find a tradesperson you can trust/div_close_1"), 1, OPTIONAL)): null

2019-11-14 10:27:17 - [MESSAGE][PASSED] - Object 'Object Repository/Page_Checkatrade Find a tradesperson you can trust/div_close_1' is present

2019-11-14 10:27:17 - [TEST_STEP][PASSED] - click(findTestObject("Page_Checkatrade Find a tradesperson you can trust/div_close_1")): Object: 'Object Repository/Page_Checkatrade Find a tradesperson you can trust/div_close_1' is clicked on

2019-11-14 10:27:18 - [MESSAGE][PASSED] - Object: 'Object Repository/Page_Checkatrade Find a tradesperson you can trust/div_close_1' is clicked on

2019-11-14 10:27:18 - [TEST_STEP][PASSED] - "---------------------------------": null

2019-11-14 10:27:18 - [TEST_STEP][PASSED] - "PRIVACY POPOUT REMOVED - Confirmed": null

2019-11-14 10:27:18 - [TEST_STEP][PASSED] - delay(1): Delayed 1 second(s)

2019-11-14 10:27:19 - [MESSAGE][PASSED] - Delayed 1 second(s)

2019-11-14 10:27:19 - [TEST_STEP][PASSED] - verifyTextNotPresent("We have updated our Privacy Policy, please review this", false): Text 'We have updated our Privacy Policy, please review this' is not present on page

2019-11-14 10:27:19 - [MESSAGE][PASSED] - Text 'We have updated our Privacy Policy, please review this' is not present on page

2019-11-14 10:27:19 - [MESSAGE][PASSED] - Call Test Case 'Test Cases/Reusable_Test_Sequences/CAT_Setup' successfully

2019-11-14 10:27:19 - [TEST_STEP][PASSED] - " ALTERNATIVE SCREEN RESOLUTION SELECTION METHOD": null

2019-11-14 10:27:19 - [TEST_STEP][PASSED] - " ACTUAL SCREEN RESOLUTION SELECTION METHOD USED": null

2019-11-14 10:27:19 - [TEST_STEP][PASSED] - XCOORD = Integer.parseInt(findTestData("searchTestData").getValue("X_COORD", row)): null

2019-11-14 10:27:19 - [TEST_STEP][PASSED] - YCOORD = Integer.parseInt(findTestData("searchTestData").getValue("Y_COORD", row)): null

2019-11-14 10:27:19 - [TEST_STEP][PASSED] - setViewPortSize(XCOORD, YCOORD): Viewport is set to new size with width = 400 and height = 600

2019-11-14 10:27:20 - [MESSAGE][PASSED] - Viewport is set to new size with width = 400 and height = 600

2019-11-14 10:27:20 - [TEST_STEP][PASSED] - waitForPageLoad(60): Wait for page load successfully

2019-11-14 10:27:20 - [MESSAGE][PASSED] - Wait for page load successfully

2019-11-14 10:27:20 - [TEST_STEP][PASSED] - out.println("Set View Port Size is currently SET to X AXIS " + XCOORD + " Y AXIS " + YCOORD): null

2019-11-14 10:27:20 - [TEST_STEP][PASSED] - setText(findTestObject("Page_Checkatrade Find a tradesperson you can trust/input_Search through"), findTestData("searchTestData").getValue("tradeClassification", row)): Text 'Tree Surgeon' is set on object 'Object Repository/Page_Checkatrade Find a tradesperson you can trust/input_Search through'

2019-11-14 10:27:21 - [MESSAGE][PASSED] - Text 'Tree Surgeon' is set on object 'Object Repository/Page_Checkatrade Find a tradesperson you can trust/input_Search through'

2019-11-14 10:27:21 - [TEST_STEP][PASSED] - waitForPageLoad(60): Wait for page load successfully

2019-11-14 10:27:21 - [MESSAGE][PASSED] - Wait for page load successfully

2019-11-14 10:27:21 - [TEST_STEP][PASSED] - "Set and SEARCH SELECTED LOCATION": null

2019-11-14 10:27:21 - [TEST_STEP][PASSED] - setText(findTestObject("Object Repository/Checkatrade_Trade_Search_Page/Page_Checkatrade Find a tradesperson you can trust/input_location"), findTestData("searchTestData").getValue("tradeLocation", row)): Text 'PO12 2HE' is set on object 'Object Repository/Checkatrade_Trade_Search_Page/Page_Checkatrade Find a tradesperson you can trust/input_location'

2019-11-14 10:27:21 - [MESSAGE][PASSED] - Text 'PO12 2HE' is set on object 'Object Repository/Checkatrade_Trade_Search_Page/Page_Checkatrade Find a tradesperson you can trust/input_location'

2019-11-14 10:27:21 - [TEST_STEP][PASSED] - waitForPageLoad(60): Wait for page load successfully

2019-11-14 10:27:21 - [MESSAGE][PASSED] - Wait for page load successfully

2019-11-14 10:27:21 - [TEST_STEP][PASSED] - scrollToElement(findTestObject("Object Repository/Checkatrade_Trade_Search_Page/Page_Checkatrade Find a tradesperson you can trust/a_Search"), 5): Scroll to object 'Object Repository/Checkatrade_Trade_Search_Page/Page_Checkatrade Find a tradesperson you can trust/a_Search' successfully

2019-11-14 10:27:21 - [MESSAGE][PASSED] - Scroll to object 'Object Repository/Checkatrade_Trade_Search_Page/Page_Checkatrade Find a tradesperson you can trust/a_Search' successfully

2019-11-14 10:27:21 - [TEST_STEP][PASSED] - waitForPageLoad(60): Wait for page load successfully

2019-11-14 10:27:21 - [MESSAGE][PASSED] - Wait for page load successfully

2019-11-14 10:27:21 - [TEST_STEP][PASSED] - "-------------": null

2019-11-14 10:27:21 - [TEST_STEP][PASSED] - doubleClick(findTestObject("Object Repository/Checkatrade_Trade_Search_Page/Page_Checkatrade Find a tradesperson you can trust/a_Search")): Object: 'Object Repository/Checkatrade_Trade_Search_Page/Page_Checkatrade Find a tradesperson you can trust/a_Search' is double clicked on

2019-11-14 10:27:29 - [MESSAGE][PASSED] - Object: 'Object Repository/Checkatrade_Trade_Search_Page/Page_Checkatrade Find a tradesperson you can trust/a_Search' is double clicked on

2019-11-14 10:27:29 - [TEST_STEP][PASSED] - waitForPageLoad(60): Wait for page load successfully

2019-11-14 10:27:29 - [MESSAGE][PASSED] - Wait for page load successfully

2019-11-14 10:27:29 - [TEST_STEP][PASSED] - scrollToElement(findTestObject("Object Repository/Page_Returned_Concantanated_Text/h1_Concantanated_Returned_Result"), 5): Scroll to object 'Object Repository/Page_Returned_Concantanated_Text/h1_Concantanated_Returned_Result' successfully

2019-11-14 10:27:29 - [MESSAGE][PASSED] - Scroll to object 'Object Repository/Page_Returned_Concantanated_Text/h1_Concantanated_Returned_Result' successfully

2019-11-14 10:27:29 - [TEST_STEP][PASSED] - waitForElementVisible(findTestObject("Object Repository/Page_Returned_Concantanated_Text/h1_Concantanated_Returned_Result"), 5): Object 'Object Repository/Page_Returned_Concantanated_Text/h1_Concantanated_Returned_Result' is visible

2019-11-14 10:27:29 - [MESSAGE][PASSED] - Object 'Object Repository/Page_Returned_Concantanated_Text/h1_Concantanated_Returned_Result' is visible

2019-11-14 10:27:29 - [TEST_STEP][PASSED] - delay(1): Delayed 1 second(s)

2019-11-14 10:27:30 - [MESSAGE][PASSED] - Delayed 1 second(s)

2019-11-14 10:27:30 - [TEST_STEP][PASSED] - verifyTextPresent(findTestData("searchTestData").getValue("tradeLocationVerification", row), false, CONTINUE_ON_FAILURE): Text 'Crown Thinning in PO12 2HE' is present on page 

2019-11-14 10:27:32 - [MESSAGE][PASSED] - Text 'Crown Thinning in PO12 2HE' is present on page 

2019-11-14 10:27:32 - [TEST_STEP][PASSED] - "Expected cantantenated text is Returned": null

2019-11-14 10:27:32 - [TEST_STEP][PASSED] - "--------------------------": null

2019-11-14 10:27:32 - [TEST_STEP][PASSED] - " Teardown - CLose Browser |": null

2019-11-14 10:27:32 - [TEST_STEP][PASSED] - callTestCase(findTestCase("Reusable_Test_Sequences/CAT_Teardown"), [:], OPTIONAL): Call Test Case 'Test Cases/Reusable_Test_Sequences/CAT_Teardown' successfully

2019-11-14 10:27:32 - [TEST_CASE][PASSED] - Test Cases/Reusable_Test_Sequences/CAT_Teardown: Test Cases/Reusable_Test_Sequences/CAT_Teardown

2019-11-14 10:27:32 - [TEST_STEP][PASSED] - closeBrowser(): Browser is closed

2019-11-14 10:27:34 - [MESSAGE][PASSED] - Browser is closed

2019-11-14 10:27:34 - [MESSAGE][PASSED] - Call Test Case 'Test Cases/Reusable_Test_Sequences/CAT_Teardown' successfully

2019-11-14 10:27:35 - [TEST_STEP][PASSED] - callTestCase(findTestCase("Reusable_Test_Sequences/CAT_Setup"), [:], OPTIONAL): Call Test Case 'Test Cases/Reusable_Test_Sequences/CAT_Setup' successfully

2019-11-14 10:27:35 - [TEST_CASE][PASSED] - Test Cases/Reusable_Test_Sequences/CAT_Setup: Test Cases/Reusable_Test_Sequences/CAT_Setup

2019-11-14 10:27:35 - [TEST_STEP][PASSED] - "URL - Set from the ENVIRONMENT PROFILE ": null

2019-11-14 10:27:35 - [TEST_STEP][PASSED] - openBrowser(URL): Browser is opened with url: 'https://www.preview.checkatrade.com/'

2019-11-14 10:27:35 - [MESSAGE][INFO] - Starting 'Chrome' driver

2019-11-14 10:27:47 - [MESSAGE][PASSED] - Browser is opened with url: 'https://www.preview.checkatrade.com/'

2019-11-14 10:27:47 - [TEST_STEP][PASSED] - maximizeWindow(): Current window maximized

2019-11-14 10:27:51 - [MESSAGE][PASSED] - Current window maximized

2019-11-14 10:27:51 - [TEST_STEP][PASSED] - waitForPageLoad(60): Wait for page load successfully

2019-11-14 10:27:51 - [MESSAGE][PASSED] - Wait for page load successfully

2019-11-14 10:27:51 - [TEST_STEP][PASSED] - waitForElementVisible(findTestObject("Page_Checkatrade Find a tradesperson you can trust/a_Search"), 25): Object 'Object Repository/Page_Checkatrade Find a tradesperson you can trust/a_Search' is visible

2019-11-14 10:27:52 - [MESSAGE][PASSED] - Object 'Object Repository/Page_Checkatrade Find a tradesperson you can trust/a_Search' is visible

2019-11-14 10:27:52 - [TEST_STEP][PASSED] - try: null

2019-11-14 10:27:52 - [TEST_STEP][PASSED] - if (verifyElementPresent(findTestObject("Page_Checkatrade Find a tradesperson you can trust/div_close"), 1, OPTIONAL)): null

2019-11-14 10:27:52 - [MESSAGE][PASSED] - Object 'Object Repository/Page_Checkatrade Find a tradesperson you can trust/div_close' is present

2019-11-14 10:27:52 - [TEST_STEP][PASSED] - click(findTestObject("Page_Checkatrade Find a tradesperson you can trust/div_close")): Object: 'Object Repository/Page_Checkatrade Find a tradesperson you can trust/div_close' is clicked on

2019-11-14 10:27:52 - [MESSAGE][PASSED] - Object: 'Object Repository/Page_Checkatrade Find a tradesperson you can trust/div_close' is clicked on

2019-11-14 10:27:52 - [TEST_STEP][PASSED] - "---------------------------------": null

2019-11-14 10:27:52 - [TEST_STEP][PASSED] - "COOKIE POPOUT REMOVED - Confirmed": null

2019-11-14 10:27:52 - [TEST_STEP][PASSED] - delay(1): Delayed 1 second(s)

2019-11-14 10:27:53 - [MESSAGE][PASSED] - Delayed 1 second(s)

2019-11-14 10:27:53 - [TEST_STEP][PASSED] - verifyTextNotPresent("Checkatrade.com uses cookies to make sure you get the best browsing experience", false): Text 'Checkatrade.com uses cookies to make sure you get the best browsing experience' is not present on page

2019-11-14 10:27:54 - [MESSAGE][PASSED] - Text 'Checkatrade.com uses cookies to make sure you get the best browsing experience' is not present on page

2019-11-14 10:27:54 - [TEST_STEP][PASSED] - try: null

2019-11-14 10:27:54 - [TEST_STEP][PASSED] - if (verifyElementPresent(findTestObject("Page_Checkatrade Find a tradesperson you can trust/div_close_1"), 1, OPTIONAL)): null

2019-11-14 10:27:54 - [MESSAGE][PASSED] - Object 'Object Repository/Page_Checkatrade Find a tradesperson you can trust/div_close_1' is present

2019-11-14 10:27:54 - [TEST_STEP][PASSED] - click(findTestObject("Page_Checkatrade Find a tradesperson you can trust/div_close_1")): Object: 'Object Repository/Page_Checkatrade Find a tradesperson you can trust/div_close_1' is clicked on

2019-11-14 10:27:54 - [MESSAGE][PASSED] - Object: 'Object Repository/Page_Checkatrade Find a tradesperson you can trust/div_close_1' is clicked on

2019-11-14 10:27:54 - [TEST_STEP][PASSED] - "---------------------------------": null

2019-11-14 10:27:54 - [TEST_STEP][PASSED] - "PRIVACY POPOUT REMOVED - Confirmed": null

2019-11-14 10:27:54 - [TEST_STEP][PASSED] - delay(1): Delayed 1 second(s)

2019-11-14 10:27:55 - [MESSAGE][PASSED] - Delayed 1 second(s)

2019-11-14 10:27:55 - [TEST_STEP][PASSED] - verifyTextNotPresent("We have updated our Privacy Policy, please review this", false): Text 'We have updated our Privacy Policy, please review this' is not present on page

2019-11-14 10:27:55 - [MESSAGE][PASSED] - Text 'We have updated our Privacy Policy, please review this' is not present on page

2019-11-14 10:27:55 - [MESSAGE][PASSED] - Call Test Case 'Test Cases/Reusable_Test_Sequences/CAT_Setup' successfully

2019-11-14 10:27:55 - [TEST_STEP][PASSED] - " ALTERNATIVE SCREEN RESOLUTION SELECTION METHOD": null

2019-11-14 10:27:55 - [TEST_STEP][PASSED] - " ACTUAL SCREEN RESOLUTION SELECTION METHOD USED": null

2019-11-14 10:27:55 - [TEST_STEP][PASSED] - XCOORD = Integer.parseInt(findTestData("searchTestData").getValue("X_COORD", row)): null

2019-11-14 10:27:55 - [TEST_STEP][PASSED] - YCOORD = Integer.parseInt(findTestData("searchTestData").getValue("Y_COORD", row)): null

2019-11-14 10:27:55 - [TEST_STEP][PASSED] - setViewPortSize(XCOORD, YCOORD): Viewport is set to new size with width = 500 and height = 700

2019-11-14 10:27:56 - [MESSAGE][PASSED] - Viewport is set to new size with width = 500 and height = 700

2019-11-14 10:27:56 - [TEST_STEP][PASSED] - waitForPageLoad(60): Wait for page load successfully

2019-11-14 10:27:56 - [MESSAGE][PASSED] - Wait for page load successfully

2019-11-14 10:27:56 - [TEST_STEP][PASSED] - out.println("Set View Port Size is currently SET to X AXIS " + XCOORD + " Y AXIS " + YCOORD): null

2019-11-14 10:27:56 - [TEST_STEP][PASSED] - setText(findTestObject("Page_Checkatrade Find a tradesperson you can trust/input_Search through"), findTestData("searchTestData").getValue("tradeClassification", row)): Text 'Electrician' is set on object 'Object Repository/Page_Checkatrade Find a tradesperson you can trust/input_Search through'

2019-11-14 10:27:58 - [MESSAGE][PASSED] - Text 'Electrician' is set on object 'Object Repository/Page_Checkatrade Find a tradesperson you can trust/input_Search through'

2019-11-14 10:27:58 - [TEST_STEP][PASSED] - waitForPageLoad(60): Wait for page load successfully

2019-11-14 10:27:59 - [MESSAGE][PASSED] - Wait for page load successfully

2019-11-14 10:27:59 - [TEST_STEP][PASSED] - "Set and SEARCH SELECTED LOCATION": null

2019-11-14 10:27:59 - [TEST_STEP][PASSED] - setText(findTestObject("Object Repository/Checkatrade_Trade_Search_Page/Page_Checkatrade Find a tradesperson you can trust/input_location"), findTestData("searchTestData").getValue("tradeLocation", row)): Text 'Orkney' is set on object 'Object Repository/Checkatrade_Trade_Search_Page/Page_Checkatrade Find a tradesperson you can trust/input_location'

2019-11-14 10:27:59 - [MESSAGE][PASSED] - Text 'Orkney' is set on object 'Object Repository/Checkatrade_Trade_Search_Page/Page_Checkatrade Find a tradesperson you can trust/input_location'

2019-11-14 10:27:59 - [TEST_STEP][PASSED] - waitForPageLoad(60): Wait for page load successfully

2019-11-14 10:27:59 - [MESSAGE][PASSED] - Wait for page load successfully

2019-11-14 10:27:59 - [TEST_STEP][PASSED] - scrollToElement(findTestObject("Object Repository/Checkatrade_Trade_Search_Page/Page_Checkatrade Find a tradesperson you can trust/a_Search"), 5): Scroll to object 'Object Repository/Checkatrade_Trade_Search_Page/Page_Checkatrade Find a tradesperson you can trust/a_Search' successfully

2019-11-14 10:28:00 - [MESSAGE][PASSED] - Scroll to object 'Object Repository/Checkatrade_Trade_Search_Page/Page_Checkatrade Find a tradesperson you can trust/a_Search' successfully

2019-11-14 10:28:00 - [TEST_STEP][PASSED] - waitForPageLoad(60): Wait for page load successfully

2019-11-14 10:28:00 - [MESSAGE][PASSED] - Wait for page load successfully

2019-11-14 10:28:00 - [TEST_STEP][PASSED] - "-------------": null

2019-11-14 10:28:00 - [TEST_STEP][PASSED] - doubleClick(findTestObject("Object Repository/Checkatrade_Trade_Search_Page/Page_Checkatrade Find a tradesperson you can trust/a_Search")): Object: 'Object Repository/Checkatrade_Trade_Search_Page/Page_Checkatrade Find a tradesperson you can trust/a_Search' is double clicked on

2019-11-14 10:28:08 - [MESSAGE][PASSED] - Object: 'Object Repository/Checkatrade_Trade_Search_Page/Page_Checkatrade Find a tradesperson you can trust/a_Search' is double clicked on

2019-11-14 10:28:08 - [TEST_STEP][PASSED] - waitForPageLoad(60): Wait for page load successfully

2019-11-14 10:28:08 - [MESSAGE][PASSED] - Wait for page load successfully

2019-11-14 10:28:08 - [TEST_STEP][PASSED] - scrollToElement(findTestObject("Object Repository/Page_Returned_Concantanated_Text/h1_Concantanated_Returned_Result"), 5): Scroll to object 'Object Repository/Page_Returned_Concantanated_Text/h1_Concantanated_Returned_Result' successfully

2019-11-14 10:28:08 - [MESSAGE][PASSED] - Scroll to object 'Object Repository/Page_Returned_Concantanated_Text/h1_Concantanated_Returned_Result' successfully

2019-11-14 10:28:08 - [TEST_STEP][PASSED] - waitForElementVisible(findTestObject("Object Repository/Page_Returned_Concantanated_Text/h1_Concantanated_Returned_Result"), 5): Object 'Object Repository/Page_Returned_Concantanated_Text/h1_Concantanated_Returned_Result' is visible

2019-11-14 10:28:08 - [MESSAGE][PASSED] - Object 'Object Repository/Page_Returned_Concantanated_Text/h1_Concantanated_Returned_Result' is visible

2019-11-14 10:28:08 - [TEST_STEP][PASSED] - delay(1): Delayed 1 second(s)

2019-11-14 10:28:09 - [MESSAGE][PASSED] - Delayed 1 second(s)

2019-11-14 10:28:09 - [TEST_STEP][PASSED] - verifyTextPresent(findTestData("searchTestData").getValue("tradeLocationVerification", row), false, CONTINUE_ON_FAILURE): Text 'Electric Boiler Repairs in Orkney' is present on page 

2019-11-14 10:28:09 - [MESSAGE][PASSED] - Text 'Electric Boiler Repairs in Orkney' is present on page 

2019-11-14 10:28:09 - [TEST_STEP][PASSED] - "Expected cantantenated text is Returned": null

2019-11-14 10:28:09 - [TEST_STEP][PASSED] - "--------------------------": null

2019-11-14 10:28:09 - [TEST_STEP][PASSED] - " Teardown - CLose Browser |": null

2019-11-14 10:28:09 - [TEST_STEP][PASSED] - callTestCase(findTestCase("Reusable_Test_Sequences/CAT_Teardown"), [:], OPTIONAL): Call Test Case 'Test Cases/Reusable_Test_Sequences/CAT_Teardown' successfully

2019-11-14 10:28:09 - [TEST_CASE][PASSED] - Test Cases/Reusable_Test_Sequences/CAT_Teardown: Test Cases/Reusable_Test_Sequences/CAT_Teardown

2019-11-14 10:28:09 - [TEST_STEP][PASSED] - closeBrowser(): Browser is closed

2019-11-14 10:28:11 - [MESSAGE][PASSED] - Browser is closed

2019-11-14 10:28:11 - [MESSAGE][PASSED] - Call Test Case 'Test Cases/Reusable_Test_Sequences/CAT_Teardown' successfully

2019-11-14 10:28:11 - [TEST_STEP][PASSED] - callTestCase(findTestCase("Reusable_Test_Sequences/CAT_Setup"), [:], OPTIONAL): Call Test Case 'Test Cases/Reusable_Test_Sequences/CAT_Setup' successfully

2019-11-14 10:28:11 - [TEST_CASE][PASSED] - Test Cases/Reusable_Test_Sequences/CAT_Setup: Test Cases/Reusable_Test_Sequences/CAT_Setup

2019-11-14 10:28:11 - [TEST_STEP][PASSED] - "URL - Set from the ENVIRONMENT PROFILE ": null

2019-11-14 10:28:11 - [TEST_STEP][PASSED] - openBrowser(URL): Browser is opened with url: 'https://www.preview.checkatrade.com/'

2019-11-14 10:28:11 - [MESSAGE][INFO] - Starting 'Chrome' driver

2019-11-14 10:28:40 - [MESSAGE][PASSED] - Browser is opened with url: 'https://www.preview.checkatrade.com/'

2019-11-14 10:28:40 - [TEST_STEP][PASSED] - maximizeWindow(): Current window maximized

2019-11-14 10:28:45 - [MESSAGE][PASSED] - Current window maximized

2019-11-14 10:28:45 - [TEST_STEP][PASSED] - waitForPageLoad(60): Wait for page load successfully

2019-11-14 10:28:45 - [MESSAGE][PASSED] - Wait for page load successfully

2019-11-14 10:28:45 - [TEST_STEP][PASSED] - waitForElementVisible(findTestObject("Page_Checkatrade Find a tradesperson you can trust/a_Search"), 25): Object 'Object Repository/Page_Checkatrade Find a tradesperson you can trust/a_Search' is visible

2019-11-14 10:28:45 - [MESSAGE][PASSED] - Object 'Object Repository/Page_Checkatrade Find a tradesperson you can trust/a_Search' is visible

2019-11-14 10:28:45 - [TEST_STEP][PASSED] - try: null

2019-11-14 10:28:45 - [TEST_STEP][PASSED] - if (verifyElementPresent(findTestObject("Page_Checkatrade Find a tradesperson you can trust/div_close"), 1, OPTIONAL)): null

2019-11-14 10:28:46 - [MESSAGE][PASSED] - Object 'Object Repository/Page_Checkatrade Find a tradesperson you can trust/div_close' is present

2019-11-14 10:28:46 - [TEST_STEP][PASSED] - click(findTestObject("Page_Checkatrade Find a tradesperson you can trust/div_close")): Object: 'Object Repository/Page_Checkatrade Find a tradesperson you can trust/div_close' is clicked on

2019-11-14 10:28:46 - [MESSAGE][PASSED] - Object: 'Object Repository/Page_Checkatrade Find a tradesperson you can trust/div_close' is clicked on

2019-11-14 10:28:46 - [TEST_STEP][PASSED] - "---------------------------------": null

2019-11-14 10:28:46 - [TEST_STEP][PASSED] - "COOKIE POPOUT REMOVED - Confirmed": null

2019-11-14 10:28:46 - [TEST_STEP][PASSED] - delay(1): Delayed 1 second(s)

2019-11-14 10:28:47 - [MESSAGE][PASSED] - Delayed 1 second(s)

2019-11-14 10:28:47 - [TEST_STEP][PASSED] - verifyTextNotPresent("Checkatrade.com uses cookies to make sure you get the best browsing experience", false): Text 'Checkatrade.com uses cookies to make sure you get the best browsing experience' is not present on page

2019-11-14 10:28:47 - [MESSAGE][PASSED] - Text 'Checkatrade.com uses cookies to make sure you get the best browsing experience' is not present on page

2019-11-14 10:28:47 - [TEST_STEP][PASSED] - try: null

2019-11-14 10:28:47 - [TEST_STEP][PASSED] - if (verifyElementPresent(findTestObject("Page_Checkatrade Find a tradesperson you can trust/div_close_1"), 1, OPTIONAL)): null

2019-11-14 10:28:47 - [MESSAGE][PASSED] - Object 'Object Repository/Page_Checkatrade Find a tradesperson you can trust/div_close_1' is present

2019-11-14 10:28:47 - [TEST_STEP][PASSED] - click(findTestObject("Page_Checkatrade Find a tradesperson you can trust/div_close_1")): Object: 'Object Repository/Page_Checkatrade Find a tradesperson you can trust/div_close_1' is clicked on

2019-11-14 10:28:48 - [MESSAGE][PASSED] - Object: 'Object Repository/Page_Checkatrade Find a tradesperson you can trust/div_close_1' is clicked on

2019-11-14 10:28:48 - [TEST_STEP][PASSED] - "---------------------------------": null

2019-11-14 10:28:48 - [TEST_STEP][PASSED] - "PRIVACY POPOUT REMOVED - Confirmed": null

2019-11-14 10:28:48 - [TEST_STEP][PASSED] - delay(1): Delayed 1 second(s)

2019-11-14 10:28:49 - [MESSAGE][PASSED] - Delayed 1 second(s)

2019-11-14 10:28:49 - [TEST_STEP][PASSED] - verifyTextNotPresent("We have updated our Privacy Policy, please review this", false): Text 'We have updated our Privacy Policy, please review this' is not present on page

2019-11-14 10:28:50 - [MESSAGE][PASSED] - Text 'We have updated our Privacy Policy, please review this' is not present on page

2019-11-14 10:28:50 - [MESSAGE][PASSED] - Call Test Case 'Test Cases/Reusable_Test_Sequences/CAT_Setup' successfully

2019-11-14 10:28:50 - [TEST_STEP][PASSED] - " ALTERNATIVE SCREEN RESOLUTION SELECTION METHOD": null

2019-11-14 10:28:50 - [TEST_STEP][PASSED] - " ACTUAL SCREEN RESOLUTION SELECTION METHOD USED": null

2019-11-14 10:28:50 - [TEST_STEP][PASSED] - XCOORD = Integer.parseInt(findTestData("searchTestData").getValue("X_COORD", row)): null

2019-11-14 10:28:50 - [TEST_STEP][PASSED] - YCOORD = Integer.parseInt(findTestData("searchTestData").getValue("Y_COORD", row)): null

2019-11-14 10:28:50 - [TEST_STEP][PASSED] - setViewPortSize(XCOORD, YCOORD): Viewport is set to new size with width = 700 and height = 900

2019-11-14 10:28:51 - [MESSAGE][PASSED] - Viewport is set to new size with width = 700 and height = 900

2019-11-14 10:28:51 - [TEST_STEP][PASSED] - waitForPageLoad(60): Wait for page load successfully

2019-11-14 10:28:51 - [MESSAGE][PASSED] - Wait for page load successfully

2019-11-14 10:28:51 - [TEST_STEP][PASSED] - out.println("Set View Port Size is currently SET to X AXIS " + XCOORD + " Y AXIS " + YCOORD): null

2019-11-14 10:28:51 - [TEST_STEP][PASSED] - setText(findTestObject("Page_Checkatrade Find a tradesperson you can trust/input_Search through"), findTestData("searchTestData").getValue("tradeClassification", row)): Text 'Diagnostic Testing' is set on object 'Object Repository/Page_Checkatrade Find a tradesperson you can trust/input_Search through'

2019-11-14 10:28:53 - [MESSAGE][PASSED] - Text 'Diagnostic Testing' is set on object 'Object Repository/Page_Checkatrade Find a tradesperson you can trust/input_Search through'

2019-11-14 10:28:53 - [TEST_STEP][PASSED] - waitForPageLoad(60): Wait for page load successfully

2019-11-14 10:28:54 - [MESSAGE][PASSED] - Wait for page load successfully

2019-11-14 10:28:54 - [TEST_STEP][PASSED] - "Set and SEARCH SELECTED LOCATION": null

2019-11-14 10:28:54 - [TEST_STEP][PASSED] - setText(findTestObject("Object Repository/Checkatrade_Trade_Search_Page/Page_Checkatrade Find a tradesperson you can trust/input_location"), findTestData("searchTestData").getValue("tradeLocation", row)): Text 'Angmering' is set on object 'Object Repository/Checkatrade_Trade_Search_Page/Page_Checkatrade Find a tradesperson you can trust/input_location'

2019-11-14 10:28:55 - [MESSAGE][PASSED] - Text 'Angmering' is set on object 'Object Repository/Checkatrade_Trade_Search_Page/Page_Checkatrade Find a tradesperson you can trust/input_location'

2019-11-14 10:28:55 - [TEST_STEP][PASSED] - waitForPageLoad(60): Wait for page load successfully

2019-11-14 10:28:55 - [MESSAGE][PASSED] - Wait for page load successfully

2019-11-14 10:28:55 - [TEST_STEP][PASSED] - scrollToElement(findTestObject("Object Repository/Checkatrade_Trade_Search_Page/Page_Checkatrade Find a tradesperson you can trust/a_Search"), 5): Scroll to object 'Object Repository/Checkatrade_Trade_Search_Page/Page_Checkatrade Find a tradesperson you can trust/a_Search' successfully

2019-11-14 10:28:55 - [MESSAGE][PASSED] - Scroll to object 'Object Repository/Checkatrade_Trade_Search_Page/Page_Checkatrade Find a tradesperson you can trust/a_Search' successfully

2019-11-14 10:28:55 - [TEST_STEP][PASSED] - waitForPageLoad(60): Wait for page load successfully

2019-11-14 10:28:55 - [MESSAGE][PASSED] - Wait for page load successfully

2019-11-14 10:28:55 - [TEST_STEP][PASSED] - "-------------": null

2019-11-14 10:28:55 - [TEST_STEP][PASSED] - doubleClick(findTestObject("Object Repository/Checkatrade_Trade_Search_Page/Page_Checkatrade Find a tradesperson you can trust/a_Search")): Object: 'Object Repository/Checkatrade_Trade_Search_Page/Page_Checkatrade Find a tradesperson you can trust/a_Search' is double clicked on

2019-11-14 10:29:06 - [MESSAGE][PASSED] - Object: 'Object Repository/Checkatrade_Trade_Search_Page/Page_Checkatrade Find a tradesperson you can trust/a_Search' is double clicked on

2019-11-14 10:29:06 - [TEST_STEP][PASSED] - waitForPageLoad(60): Wait for page load successfully

2019-11-14 10:29:06 - [MESSAGE][PASSED] - Wait for page load successfully

2019-11-14 10:29:06 - [TEST_STEP][PASSED] - scrollToElement(findTestObject("Object Repository/Page_Returned_Concantanated_Text/h1_Concantanated_Returned_Result"), 5): Scroll to object 'Object Repository/Page_Returned_Concantanated_Text/h1_Concantanated_Returned_Result' successfully

2019-11-14 10:29:06 - [MESSAGE][PASSED] - Scroll to object 'Object Repository/Page_Returned_Concantanated_Text/h1_Concantanated_Returned_Result' successfully

2019-11-14 10:29:06 - [TEST_STEP][PASSED] - waitForElementVisible(findTestObject("Object Repository/Page_Returned_Concantanated_Text/h1_Concantanated_Returned_Result"), 5): Object 'Object Repository/Page_Returned_Concantanated_Text/h1_Concantanated_Returned_Result' is visible

2019-11-14 10:29:06 - [MESSAGE][PASSED] - Object 'Object Repository/Page_Returned_Concantanated_Text/h1_Concantanated_Returned_Result' is visible

2019-11-14 10:29:06 - [TEST_STEP][PASSED] - delay(1): Delayed 1 second(s)

2019-11-14 10:29:07 - [MESSAGE][PASSED] - Delayed 1 second(s)

2019-11-14 10:29:07 - [TEST_STEP][PASSED] - verifyTextPresent(findTestData("searchTestData").getValue("tradeLocationVerification", row), false, CONTINUE_ON_FAILURE): Text 'Diagnostic Testing in Angmering' is present on page 

2019-11-14 10:29:09 - [MESSAGE][PASSED] - Text 'Diagnostic Testing in Angmering' is present on page 

2019-11-14 10:29:09 - [TEST_STEP][PASSED] - "Expected cantantenated text is Returned": null

2019-11-14 10:29:09 - [TEST_STEP][PASSED] - "--------------------------": null

2019-11-14 10:29:09 - [TEST_STEP][PASSED] - " Teardown - CLose Browser |": null

2019-11-14 10:29:09 - [TEST_STEP][PASSED] - callTestCase(findTestCase("Reusable_Test_Sequences/CAT_Teardown"), [:], OPTIONAL): Call Test Case 'Test Cases/Reusable_Test_Sequences/CAT_Teardown' successfully

2019-11-14 10:29:09 - [TEST_CASE][PASSED] - Test Cases/Reusable_Test_Sequences/CAT_Teardown: Test Cases/Reusable_Test_Sequences/CAT_Teardown

2019-11-14 10:29:09 - [TEST_STEP][PASSED] - closeBrowser(): Browser is closed

2019-11-14 10:29:10 - [MESSAGE][PASSED] - Browser is closed

2019-11-14 10:29:10 - [MESSAGE][PASSED] - Call Test Case 'Test Cases/Reusable_Test_Sequences/CAT_Teardown' successfully

2019-11-14 10:29:10 - [TEST_STEP][PASSED] - callTestCase(findTestCase("Reusable_Test_Sequences/CAT_Setup"), [:], OPTIONAL): Call Test Case 'Test Cases/Reusable_Test_Sequences/CAT_Setup' successfully

2019-11-14 10:29:10 - [TEST_CASE][PASSED] - Test Cases/Reusable_Test_Sequences/CAT_Setup: Test Cases/Reusable_Test_Sequences/CAT_Setup

2019-11-14 10:29:10 - [TEST_STEP][PASSED] - "URL - Set from the ENVIRONMENT PROFILE ": null

2019-11-14 10:29:10 - [TEST_STEP][PASSED] - openBrowser(URL): Browser is opened with url: 'https://www.preview.checkatrade.com/'

2019-11-14 10:29:10 - [MESSAGE][INFO] - Starting 'Chrome' driver

2019-11-14 10:29:44 - [MESSAGE][PASSED] - Browser is opened with url: 'https://www.preview.checkatrade.com/'

2019-11-14 10:29:44 - [TEST_STEP][PASSED] - maximizeWindow(): Current window maximized

2019-11-14 10:29:48 - [MESSAGE][PASSED] - Current window maximized

2019-11-14 10:29:48 - [TEST_STEP][PASSED] - waitForPageLoad(60): Wait for page load successfully

2019-11-14 10:29:48 - [MESSAGE][PASSED] - Wait for page load successfully

2019-11-14 10:29:48 - [TEST_STEP][PASSED] - waitForElementVisible(findTestObject("Page_Checkatrade Find a tradesperson you can trust/a_Search"), 25): Object 'Object Repository/Page_Checkatrade Find a tradesperson you can trust/a_Search' is visible

2019-11-14 10:29:48 - [MESSAGE][PASSED] - Object 'Object Repository/Page_Checkatrade Find a tradesperson you can trust/a_Search' is visible

2019-11-14 10:29:48 - [TEST_STEP][PASSED] - try: null

2019-11-14 10:29:48 - [TEST_STEP][PASSED] - if (verifyElementPresent(findTestObject("Page_Checkatrade Find a tradesperson you can trust/div_close"), 1, OPTIONAL)): null

2019-11-14 10:29:49 - [MESSAGE][PASSED] - Object 'Object Repository/Page_Checkatrade Find a tradesperson you can trust/div_close' is present

2019-11-14 10:29:49 - [TEST_STEP][PASSED] - click(findTestObject("Page_Checkatrade Find a tradesperson you can trust/div_close")): Object: 'Object Repository/Page_Checkatrade Find a tradesperson you can trust/div_close' is clicked on

2019-11-14 10:29:49 - [MESSAGE][PASSED] - Object: 'Object Repository/Page_Checkatrade Find a tradesperson you can trust/div_close' is clicked on

2019-11-14 10:29:49 - [TEST_STEP][PASSED] - "---------------------------------": null

2019-11-14 10:29:49 - [TEST_STEP][PASSED] - "COOKIE POPOUT REMOVED - Confirmed": null

2019-11-14 10:29:49 - [TEST_STEP][PASSED] - delay(1): Delayed 1 second(s)

2019-11-14 10:29:50 - [MESSAGE][PASSED] - Delayed 1 second(s)

2019-11-14 10:29:50 - [TEST_STEP][PASSED] - verifyTextNotPresent("Checkatrade.com uses cookies to make sure you get the best browsing experience", false): Text 'Checkatrade.com uses cookies to make sure you get the best browsing experience' is not present on page

2019-11-14 10:29:50 - [MESSAGE][PASSED] - Text 'Checkatrade.com uses cookies to make sure you get the best browsing experience' is not present on page

2019-11-14 10:29:50 - [TEST_STEP][PASSED] - try: null

2019-11-14 10:29:50 - [TEST_STEP][PASSED] - if (verifyElementPresent(findTestObject("Page_Checkatrade Find a tradesperson you can trust/div_close_1"), 1, OPTIONAL)): null

2019-11-14 10:29:51 - [MESSAGE][PASSED] - Object 'Object Repository/Page_Checkatrade Find a tradesperson you can trust/div_close_1' is present

2019-11-14 10:29:51 - [TEST_STEP][PASSED] - click(findTestObject("Page_Checkatrade Find a tradesperson you can trust/div_close_1")): Object: 'Object Repository/Page_Checkatrade Find a tradesperson you can trust/div_close_1' is clicked on

2019-11-14 10:29:51 - [MESSAGE][PASSED] - Object: 'Object Repository/Page_Checkatrade Find a tradesperson you can trust/div_close_1' is clicked on

2019-11-14 10:29:51 - [TEST_STEP][PASSED] - "---------------------------------": null

2019-11-14 10:29:51 - [TEST_STEP][PASSED] - "PRIVACY POPOUT REMOVED - Confirmed": null

2019-11-14 10:29:51 - [TEST_STEP][PASSED] - delay(1): Delayed 1 second(s)

2019-11-14 10:29:52 - [MESSAGE][PASSED] - Delayed 1 second(s)

2019-11-14 10:29:52 - [TEST_STEP][PASSED] - verifyTextNotPresent("We have updated our Privacy Policy, please review this", false): Text 'We have updated our Privacy Policy, please review this' is not present on page

2019-11-14 10:29:52 - [MESSAGE][PASSED] - Text 'We have updated our Privacy Policy, please review this' is not present on page

2019-11-14 10:29:52 - [MESSAGE][PASSED] - Call Test Case 'Test Cases/Reusable_Test_Sequences/CAT_Setup' successfully

2019-11-14 10:29:52 - [TEST_STEP][PASSED] - " ALTERNATIVE SCREEN RESOLUTION SELECTION METHOD": null

2019-11-14 10:29:52 - [TEST_STEP][PASSED] - " ACTUAL SCREEN RESOLUTION SELECTION METHOD USED": null

2019-11-14 10:29:52 - [TEST_STEP][PASSED] - XCOORD = Integer.parseInt(findTestData("searchTestData").getValue("X_COORD", row)): null

2019-11-14 10:29:52 - [TEST_STEP][PASSED] - YCOORD = Integer.parseInt(findTestData("searchTestData").getValue("Y_COORD", row)): null

2019-11-14 10:29:52 - [TEST_STEP][PASSED] - setViewPortSize(XCOORD, YCOORD): Viewport is set to new size with width = 600 and height = 800

2019-11-14 10:29:54 - [MESSAGE][PASSED] - Viewport is set to new size with width = 600 and height = 800

2019-11-14 10:29:54 - [TEST_STEP][PASSED] - waitForPageLoad(60): Wait for page load successfully

2019-11-14 10:29:54 - [MESSAGE][PASSED] - Wait for page load successfully

2019-11-14 10:29:54 - [TEST_STEP][PASSED] - out.println("Set View Port Size is currently SET to X AXIS " + XCOORD + " Y AXIS " + YCOORD): null

2019-11-14 10:29:54 - [TEST_STEP][PASSED] - setText(findTestObject("Page_Checkatrade Find a tradesperson you can trust/input_Search through"), findTestData("searchTestData").getValue("tradeClassification", row)): Text 'Garage/Vehicle Services' is set on object 'Object Repository/Page_Checkatrade Find a tradesperson you can trust/input_Search through'

2019-11-14 10:29:58 - [MESSAGE][PASSED] - Text 'Garage/Vehicle Services' is set on object 'Object Repository/Page_Checkatrade Find a tradesperson you can trust/input_Search through'

2019-11-14 10:29:58 - [TEST_STEP][PASSED] - waitForPageLoad(60): Wait for page load successfully

2019-11-14 10:29:59 - [MESSAGE][PASSED] - Wait for page load successfully

2019-11-14 10:29:59 - [TEST_STEP][PASSED] - "Set and SEARCH SELECTED LOCATION": null

2019-11-14 10:29:59 - [TEST_STEP][PASSED] - setText(findTestObject("Object Repository/Checkatrade_Trade_Search_Page/Page_Checkatrade Find a tradesperson you can trust/input_location"), findTestData("searchTestData").getValue("tradeLocation", row)): Text 'Rugby' is set on object 'Object Repository/Checkatrade_Trade_Search_Page/Page_Checkatrade Find a tradesperson you can trust/input_location'

2019-11-14 10:30:01 - [MESSAGE][PASSED] - Text 'Rugby' is set on object 'Object Repository/Checkatrade_Trade_Search_Page/Page_Checkatrade Find a tradesperson you can trust/input_location'

2019-11-14 10:30:01 - [TEST_STEP][PASSED] - waitForPageLoad(60): Wait for page load successfully

2019-11-14 10:30:01 - [MESSAGE][PASSED] - Wait for page load successfully

2019-11-14 10:30:01 - [TEST_STEP][PASSED] - scrollToElement(findTestObject("Object Repository/Checkatrade_Trade_Search_Page/Page_Checkatrade Find a tradesperson you can trust/a_Search"), 5): Scroll to object 'Object Repository/Checkatrade_Trade_Search_Page/Page_Checkatrade Find a tradesperson you can trust/a_Search' successfully

2019-11-14 10:30:01 - [MESSAGE][PASSED] - Scroll to object 'Object Repository/Checkatrade_Trade_Search_Page/Page_Checkatrade Find a tradesperson you can trust/a_Search' successfully

2019-11-14 10:30:01 - [TEST_STEP][PASSED] - waitForPageLoad(60): Wait for page load successfully

2019-11-14 10:30:01 - [MESSAGE][PASSED] - Wait for page load successfully

2019-11-14 10:30:01 - [TEST_STEP][PASSED] - "-------------": null

2019-11-14 10:30:01 - [TEST_STEP][PASSED] - doubleClick(findTestObject("Object Repository/Checkatrade_Trade_Search_Page/Page_Checkatrade Find a tradesperson you can trust/a_Search")): Object: 'Object Repository/Checkatrade_Trade_Search_Page/Page_Checkatrade Find a tradesperson you can trust/a_Search' is double clicked on

2019-11-14 10:30:11 - [MESSAGE][PASSED] - Object: 'Object Repository/Checkatrade_Trade_Search_Page/Page_Checkatrade Find a tradesperson you can trust/a_Search' is double clicked on

2019-11-14 10:30:11 - [TEST_STEP][PASSED] - waitForPageLoad(60): Wait for page load successfully

2019-11-14 10:30:11 - [MESSAGE][PASSED] - Wait for page load successfully

2019-11-14 10:30:11 - [TEST_STEP][PASSED] - scrollToElement(findTestObject("Object Repository/Page_Returned_Concantanated_Text/h1_Concantanated_Returned_Result"), 5): Scroll to object 'Object Repository/Page_Returned_Concantanated_Text/h1_Concantanated_Returned_Result' successfully

2019-11-14 10:30:11 - [MESSAGE][PASSED] - Scroll to object 'Object Repository/Page_Returned_Concantanated_Text/h1_Concantanated_Returned_Result' successfully

2019-11-14 10:30:11 - [TEST_STEP][PASSED] - waitForElementVisible(findTestObject("Object Repository/Page_Returned_Concantanated_Text/h1_Concantanated_Returned_Result"), 5): Object 'Object Repository/Page_Returned_Concantanated_Text/h1_Concantanated_Returned_Result' is visible

2019-11-14 10:30:11 - [MESSAGE][PASSED] - Object 'Object Repository/Page_Returned_Concantanated_Text/h1_Concantanated_Returned_Result' is visible

2019-11-14 10:30:11 - [TEST_STEP][PASSED] - delay(1): Delayed 1 second(s)

2019-11-14 10:30:12 - [MESSAGE][PASSED] - Delayed 1 second(s)

2019-11-14 10:30:12 - [TEST_STEP][PASSED] - verifyTextPresent(findTestData("searchTestData").getValue("tradeLocationVerification", row), false, CONTINUE_ON_FAILURE): Text 'Air Conditioning Servicing/Repair in Rugby' is present on page 

2019-11-14 10:30:13 - [MESSAGE][PASSED] - Text 'Air Conditioning Servicing/Repair in Rugby' is present on page 

2019-11-14 10:30:13 - [TEST_STEP][PASSED] - "Expected cantantenated text is Returned": null

2019-11-14 10:30:13 - [TEST_STEP][PASSED] - "--------------------------": null

2019-11-14 10:30:13 - [TEST_STEP][PASSED] - " Teardown - CLose Browser |": null

2019-11-14 10:30:13 - [TEST_STEP][PASSED] - callTestCase(findTestCase("Reusable_Test_Sequences/CAT_Teardown"), [:], OPTIONAL): Call Test Case 'Test Cases/Reusable_Test_Sequences/CAT_Teardown' successfully

2019-11-14 10:30:13 - [TEST_CASE][PASSED] - Test Cases/Reusable_Test_Sequences/CAT_Teardown: Test Cases/Reusable_Test_Sequences/CAT_Teardown

2019-11-14 10:30:13 - [TEST_STEP][PASSED] - closeBrowser(): Browser is closed

2019-11-14 10:30:15 - [MESSAGE][PASSED] - Browser is closed

2019-11-14 10:30:15 - [MESSAGE][PASSED] - Call Test Case 'Test Cases/Reusable_Test_Sequences/CAT_Teardown' successfully]]></system-out>
         <system-err><![CDATA[]]></system-err>
      </testcase>
      <system-out><![CDATA[2019-11-14 10:26:01 - [TEST_SUITE][PASSED] - Mobile_Devices: Test Cases/Mobile_Devices/Default_Device_Dev]]></system-out>
      <system-err><![CDATA[]]></system-err>
   </testsuite>
</testsuites>
