<?xml version="1.0" encoding="UTF-8"?>
<testsuites name="Web_Office_Top_Level" time="696.712" tests="17" failures="0" errors="0">
   <testsuite name="Web_Office_Top_Level" tests="17" failures="0" errors="0" time="696.712" timestamp="2020-04-27 11:50:02" hostname="DavidHo - 192.168.1.237" id="Test Suites/Web_Office_Top_Level">
      <properties>
         <property name="deviceName" value=""/>
         <property name="devicePlatform" value=""/>
         <property name="logFolder" value="C:\\Users\\davidho\\git\\src\\Reports\\20200427_112251\\Web_Office_Top_Level\\20200427_112302"/>
         <property name="logFiles" value="C:\\Users\\davidho\\git\\src\\Reports\\20200427_112251\\Web_Office_Top_Level\\20200427_112302\\execution0.log"/>
         <property name="attachments" value=""/>
         <property name="hostName" value="DavidHo - 192.168.1.237"/>
         <property name="os" value="Windows 10 32bit"/>
         <property name="katalonVersion" value="7.4.0.1"/>
         <property name="browser" value="Firefox 74.0"/>
         <property name="hostAddress" value="192.168.1.237"/>
         <property name="sessionId" value="e46a652b-2f59-45ce-9e81-ec1a4f703436"/>
         <property name="seleniumVersion" value="3.141.59"/>
         <property name="proxyInformation" value="ProxyInformation{proxyOption=NO_PROXY, proxyServerType=HTTP, password=, proxyServerAddress=, proxyServerPort=0, executionList=}"/>
         <property name="platform" value="Windows 10"/>
      </properties>
      <testcase name="Test Cases/Web_Office/Navigation_Checks/Companies/Companies_Top" time="152.427" classname="Test Cases/Web_Office/Navigation_Checks/Companies/Companies_Top" status="PASSED">
         <system-out><![CDATA[2020-04-27 11:50:02 - [TEST_CASE][PASSED] - Test Cases/Web_Office/Navigation_Checks/Companies/Companies_Top: Test Cases/Web_Office/Navigation_Checks/Companies/Companies_Top

2020-04-27 11:50:02 - [TEST_STEP][PASSED] - "--------------------------------------": null

2020-04-27 11:50:02 - [TEST_STEP][PASSED] - " Web Office StartUp                  |": null

2020-04-27 11:50:02 - [TEST_STEP][PASSED] - callTestCase(findTestCase("Reusable_Test_Sequences/Web_Office/Directives/WebOffice_StartUp"), [:], STOP_ON_FAILURE): Call Test Case 'Test Cases/Reusable_Test_Sequences/Web_Office/Directives/WebOffice_StartUp' successfully

2020-04-27 11:50:03 - [TEST_CASE][PASSED] - Test Cases/Reusable_Test_Sequences/Web_Office/Directives/WebOffice_StartUp: Test Cases/Reusable_Test_Sequences/Web_Office/Directives/WebOffice_StartUp

2020-04-27 11:50:03 - [TEST_STEP][PASSED] - "-----------------------------------------------------------------------------": null

2020-04-27 11:50:03 - [TEST_STEP][PASSED] - if (URL == "https://www.dev.checkatrade.com/"): null

2020-04-27 11:50:04 - [TEST_STEP][PASSED] - "-----------------------------------------------------------------------------": null

2020-04-27 11:50:04 - [TEST_STEP][PASSED] - if (URL == "https://www.checkatrade.com/"): null

2020-04-27 11:50:04 - [TEST_STEP][PASSED] - "-----------------------------------------------------------------------------": null

2020-04-27 11:50:04 - [TEST_STEP][PASSED] - if (URL == "https://www.preview.checkatrade.com/"): null

2020-04-27 11:50:04 - [TEST_STEP][PASSED] - WebOfficeURL = "https://admin.preview.checkatrade.com/": null

2020-04-27 11:50:04 - [TEST_STEP][PASSED] - if (URL == "https://www.dev2.checkatrade.com/"): null

2020-04-27 11:50:04 - [TEST_STEP][PASSED] - "Set Function Area for "URL_Handler", URL Resolution": null

2020-04-27 11:50:04 - [TEST_STEP][PASSED] - "Do Some Magic with URL(s) See the comments within URL Handler ": null

2020-04-27 11:50:04 - [TEST_STEP][PASSED] - "------------------------------------------------": null

2020-04-27 11:50:04 - [TEST_STEP][PASSED] - "Moved Login Credentials to <Default> profile 22/01/2020": null

2020-04-27 11:50:04 - [TEST_STEP][PASSED] - "------------------------------------------------": null

2020-04-27 11:50:04 - [TEST_STEP][PASSED] - "WebOfficeURL - Set from the ENVIRONMENT PROFILE ": null

2020-04-27 11:50:04 - [TEST_STEP][PASSED] - "OPEN BROWSER": null

2020-04-27 11:50:04 - [TEST_STEP][PASSED] - "eg - https://admin.preview.checkatrade.com/  ": null

2020-04-27 11:50:04 - [TEST_STEP][PASSED] - openBrowser(WebOfficeURL): Browser is opened with url: 'https://admin.preview.checkatrade.com/'

2020-04-27 11:50:04 - [MESSAGE][INFO] - Starting 'Firefox' driver

2020-04-27 11:50:05 - [MESSAGE][INFO] - Action delay is set to 0 milliseconds

2020-04-27 11:50:14 - [MESSAGE][PASSED] - Browser is opened with url: 'https://admin.preview.checkatrade.com/'

2020-04-27 11:50:14 - [TEST_STEP][PASSED] - maximizeWindow(): Current window maximized

2020-04-27 11:50:14 - [MESSAGE][PASSED] - Current window maximized

2020-04-27 11:50:14 - [TEST_STEP][PASSED] - waitForElementClickable(findTestObject("Object Repository/WebOffice/Page_Checkatrade - Administration - Login/Login_Button"), 25): Object 'Object Repository/WebOffice/Page_Checkatrade - Administration - Login/Login_Button' is clickable

2020-04-27 11:50:15 - [MESSAGE][PASSED] - Object 'Object Repository/WebOffice/Page_Checkatrade - Administration - Login/Login_Button' is clickable

2020-04-27 11:50:15 - [TEST_STEP][PASSED] - verifyTextPresent("Checkatrade Web Office", false): Text 'Checkatrade Web Office' is present on page 

2020-04-27 11:50:15 - [MESSAGE][PASSED] - Text 'Checkatrade Web Office' is present on page 

2020-04-27 11:50:15 - [TEST_STEP][PASSED] - verifyTextPresent("Access for staff use only", false): Text 'Access for staff use only' is present on page 

2020-04-27 11:50:15 - [MESSAGE][PASSED] - Text 'Access for staff use only' is present on page 

2020-04-27 11:50:15 - [TEST_STEP][PASSED] - verifyTextPresent("Forgotten password?", false): Text 'Forgotten password?' is present on page 

2020-04-27 11:50:15 - [MESSAGE][PASSED] - Text 'Forgotten password?' is present on page 

2020-04-27 11:50:15 - [TEST_STEP][PASSED] - setText(findTestObject("Object Repository/WebOffice/Page_Checkatrade - Administration - Login/input_Username_LoginControlUserName"), wo_Username): Text 'DavidHo' is set on object 'Object Repository/WebOffice/Page_Checkatrade - Administration - Login/input_Username_LoginControlUserName'

2020-04-27 11:50:16 - [MESSAGE][PASSED] - Text 'DavidHo' is set on object 'Object Repository/WebOffice/Page_Checkatrade - Administration - Login/input_Username_LoginControlUserName'

2020-04-27 11:50:16 - [TEST_STEP][PASSED] - setText(findTestObject("Object Repository/WebOffice/Page_Checkatrade - Administration - Login/input_Password_LoginControlPassword"), wo_Password): Text 'Check123' is set on object 'Object Repository/WebOffice/Page_Checkatrade - Administration - Login/input_Password_LoginControlPassword'

2020-04-27 11:50:16 - [MESSAGE][PASSED] - Text 'Check123' is set on object 'Object Repository/WebOffice/Page_Checkatrade - Administration - Login/input_Password_LoginControlPassword'

2020-04-27 11:50:16 - [TEST_STEP][PASSED] - click(findTestObject("Object Repository/WebOffice/Page_Checkatrade - Administration - Login/Login_Button")): Object: 'Object Repository/WebOffice/Page_Checkatrade - Administration - Login/Login_Button' is clicked on

2020-04-27 11:50:18 - [MESSAGE][PASSED] - Object: 'Object Repository/WebOffice/Page_Checkatrade - Administration - Login/Login_Button' is clicked on

2020-04-27 11:50:18 - [TEST_STEP][PASSED] - waitForPageLoad(60): Wait for page load successfully

2020-04-27 11:50:18 - [MESSAGE][PASSED] - Wait for page load successfully

2020-04-27 11:50:18 - [TEST_STEP][PASSED] - verifyTextPresent("Welcome " + wo_Username, false): Text 'Welcome DavidHo' is present on page 

2020-04-27 11:50:19 - [MESSAGE][PASSED] - Text 'Welcome DavidHo' is present on page 

2020-04-27 11:50:19 - [MESSAGE][PASSED] - Call Test Case 'Test Cases/Reusable_Test_Sequences/Web_Office/Directives/WebOffice_StartUp' successfully

2020-04-27 11:50:19 - [TEST_STEP][PASSED] - "--------------------------------------": null

2020-04-27 11:50:19 - [TEST_STEP][PASSED] - " Navigate Top level menu Item         |": null

2020-04-27 11:50:19 - [TEST_STEP][PASSED] - delay(5): Delayed 5 second(s)

2020-04-27 11:50:24 - [MESSAGE][PASSED] - Delayed 5 second(s)

2020-04-27 11:50:24 - [TEST_STEP][PASSED] - waitForPageLoad(60): Wait for page load successfully

2020-04-27 11:50:24 - [MESSAGE][PASSED] - Wait for page load successfully

2020-04-27 11:50:24 - [TEST_STEP][PASSED] - waitForElementClickable(findTestObject("Object Repository/WebOffice_Home_page/a_Companies"), 60): Object 'Object Repository/WebOffice_Home_page/a_Companies' is clickable

2020-04-27 11:50:24 - [MESSAGE][PASSED] - Object 'Object Repository/WebOffice_Home_page/a_Companies' is clickable

2020-04-27 11:50:24 - [TEST_STEP][PASSED] - click(findTestObject("Object Repository/WebOffice_Home_page/a_Companies")): Object: 'Object Repository/WebOffice_Home_page/a_Companies' is clicked on

2020-04-27 11:50:29 - [MESSAGE][PASSED] - Object: 'Object Repository/WebOffice_Home_page/a_Companies' is clicked on

2020-04-27 11:50:29 - [TEST_STEP][PASSED] - "--------------------------------------": null

2020-04-27 11:50:29 - [TEST_STEP][PASSED] - " Verify Returned Page Content         |": null

2020-04-27 11:50:29 - [TEST_STEP][PASSED] - verifyTextPresent("Members  >  All Members", false): Text 'Members  >  All Members' is present on page 

2020-04-27 11:50:32 - [MESSAGE][PASSED] - Text 'Members  >  All Members' is present on page 

2020-04-27 11:50:32 - [TEST_STEP][PASSED] - verifyTextPresent("Next", false): Text 'Next' is present on page 

2020-04-27 11:50:38 - [MESSAGE][PASSED] - Text 'Next' is present on page 

2020-04-27 11:50:38 - [TEST_STEP][PASSED] - verifyTextPresent("Show", false): Text 'Show' is present on page 

2020-04-27 11:50:43 - [MESSAGE][PASSED] - Text 'Show' is present on page 

2020-04-27 11:50:43 - [TEST_STEP][PASSED] - verifyTextPresent("per page", false): Text 'per page' is present on page 

2020-04-27 11:50:49 - [MESSAGE][PASSED] - Text 'per page' is present on page 

2020-04-27 11:50:49 - [TEST_STEP][PASSED] - verifyTextPresent("Chichester", false): Text 'Chichester' is present on page 

2020-04-27 11:50:53 - [MESSAGE][PASSED] - Text 'Chichester' is present on page 

2020-04-27 11:50:53 - [TEST_STEP][PASSED] - verifyTextPresent("West Sussex", false): Text 'West Sussex' is present on page 

2020-04-27 11:50:58 - [MESSAGE][PASSED] - Text 'West Sussex' is present on page 

2020-04-27 11:50:58 - [TEST_STEP][PASSED] - verifyTextPresent("CARPET & UPHOLSTERY CLEANING", false): Text 'CARPET & UPHOLSTERY CLEANING' is present on page 

2020-04-27 11:51:03 - [MESSAGE][PASSED] - Text 'CARPET & UPHOLSTERY CLEANING' is present on page 

2020-04-27 11:51:03 - [TEST_STEP][PASSED] - verifyTextPresent("MA Department", false): Text 'MA Department' is present on page 

2020-04-27 11:51:08 - [MESSAGE][PASSED] - Text 'MA Department' is present on page 

2020-04-27 11:51:08 - [TEST_STEP][PASSED] - verifyTextPresent("Mailmerge", false): Text 'Mailmerge' is present on page 

2020-04-27 11:51:13 - [MESSAGE][PASSED] - Text 'Mailmerge' is present on page 

2020-04-27 11:51:13 - [TEST_STEP][PASSED] - verifyTextPresent("Export Email Addresses", false): Text 'Export Email Addresses' is present on page 

2020-04-27 11:51:18 - [MESSAGE][PASSED] - Text 'Export Email Addresses' is present on page 

2020-04-27 11:51:18 - [TEST_STEP][PASSED] - verifyTextPresent("Bulk Export Email Addresses", false): Text 'Bulk Export Email Addresses' is present on page 

2020-04-27 11:51:23 - [MESSAGE][PASSED] - Text 'Bulk Export Email Addresses' is present on page 

2020-04-27 11:51:23 - [TEST_STEP][PASSED] - verifyTextPresent("Export Mobile Numbers", false): Text 'Export Mobile Numbers' is present on page 

2020-04-27 11:51:27 - [MESSAGE][PASSED] - Text 'Export Mobile Numbers' is present on page 

2020-04-27 11:51:27 - [TEST_STEP][PASSED] - verifyTextPresent("Show results on map", false): Text 'Show results on map' is present on page 

2020-04-27 11:51:31 - [MESSAGE][PASSED] - Text 'Show results on map' is present on page 

2020-04-27 11:51:31 - [TEST_STEP][PASSED] - verifyTextPresent("Open Map in new Window (with All Results)", false): Text 'Open Map in new Window (with All Results)' is present on page 

2020-04-27 11:51:37 - [MESSAGE][PASSED] - Text 'Open Map in new Window (with All Results)' is present on page 

2020-04-27 11:51:37 - [TEST_STEP][PASSED] - verifyTextPresent("All Companies", false): Text 'All Companies' is present on page 

2020-04-27 11:51:42 - [MESSAGE][PASSED] - Text 'All Companies' is present on page 

2020-04-27 11:51:42 - [TEST_STEP][PASSED] - verifyTextPresent("Members", false): Text 'Members' is present on page 

2020-04-27 11:51:47 - [MESSAGE][PASSED] - Text 'Members' is present on page 

2020-04-27 11:51:47 - [TEST_STEP][PASSED] - verifyTextPresent("Non-Members", false): Text 'Non-Members' is present on page 

2020-04-27 11:51:51 - [MESSAGE][PASSED] - Text 'Non-Members' is present on page 

2020-04-27 11:51:51 - [TEST_STEP][PASSED] - verifyTextPresent("Search By", false): Text 'Search By' is present on page 

2020-04-27 11:51:57 - [MESSAGE][PASSED] - Text 'Search By' is present on page 

2020-04-27 11:51:57 - [TEST_STEP][PASSED] - verifyTextPresent("Mobile", false): Text 'Mobile' is present on page 

2020-04-27 11:52:01 - [MESSAGE][PASSED] - Text 'Mobile' is present on page 

2020-04-27 11:52:01 - [TEST_STEP][PASSED] - verifyTextPresent("Filter", false): Text 'Filter' is present on page 

2020-04-27 11:52:06 - [MESSAGE][PASSED] - Text 'Filter' is present on page 

2020-04-27 11:52:06 - [TEST_STEP][PASSED] - verifyTextPresent("Trader ID", false): Text 'Trader ID' is present on page 

2020-04-27 11:52:10 - [MESSAGE][PASSED] - Text 'Trader ID' is present on page 

2020-04-27 11:52:10 - [TEST_STEP][PASSED] - verifyTextPresent("More Options", false): Text 'More Options' is present on page 

2020-04-27 11:52:16 - [MESSAGE][PASSED] - Text 'More Options' is present on page 

2020-04-27 11:52:16 - [TEST_STEP][PASSED] - verifyTextPresent("Apply", false): Text 'Apply' is present on page 

2020-04-27 11:52:22 - [MESSAGE][PASSED] - Text 'Apply' is present on page 

2020-04-27 11:52:22 - [TEST_STEP][PASSED] - verifyTextPresent("Clear", false): Text 'Clear' is present on page 

2020-04-27 11:52:26 - [MESSAGE][PASSED] - Text 'Clear' is present on page 

2020-04-27 11:52:26 - [TEST_STEP][PASSED] - verifyTextPresent("Advanced Search", false): Text 'Advanced Search' is present on page 

2020-04-27 11:52:32 - [MESSAGE][PASSED] - Text 'Advanced Search' is present on page 

2020-04-27 11:52:32 - [TEST_STEP][PASSED] - "--------------------------": null

2020-04-27 11:52:32 - [TEST_STEP][PASSED] - " Teardown - CLose Browser |": null

2020-04-27 11:52:32 - [TEST_STEP][PASSED] - callTestCase(findTestCase("Reusable_Test_Sequences/CAT_Teardown"), [:], OPTIONAL): Call Test Case 'Test Cases/Reusable_Test_Sequences/CAT_Teardown' successfully

2020-04-27 11:52:32 - [TEST_CASE][PASSED] - Test Cases/Reusable_Test_Sequences/CAT_Teardown: Test Cases/Reusable_Test_Sequences/CAT_Teardown

2020-04-27 11:52:33 - [TEST_STEP][PASSED] - closeBrowser(): Browser is closed

2020-04-27 11:52:34 - [MESSAGE][PASSED] - Browser is closed

2020-04-27 11:52:34 - [TEST_STEP][PASSED] - super.finalize(): null

2020-04-27 11:52:34 - [TEST_STEP][PASSED] - System.gc(): null

2020-04-27 11:52:34 - [MESSAGE][PASSED] - Call Test Case 'Test Cases/Reusable_Test_Sequences/CAT_Teardown' successfully]]></system-out>
         <system-err><![CDATA[]]></system-err>
      </testcase>
      <testcase name="Test Cases/Web_Office/Navigation_Checks/Directories/Directories_Top" time="39.703" classname="Test Cases/Web_Office/Navigation_Checks/Directories/Directories_Top" status="PASSED">
         <system-out><![CDATA[2020-04-27 11:52:34 - [TEST_CASE][PASSED] - Test Cases/Web_Office/Navigation_Checks/Directories/Directories_Top: Test Cases/Web_Office/Navigation_Checks/Directories/Directories_Top

2020-04-27 11:52:35 - [TEST_STEP][PASSED] - "--------------------------------------": null

2020-04-27 11:52:35 - [TEST_STEP][PASSED] - " Web Office StartUp                  |": null

2020-04-27 11:52:35 - [TEST_STEP][PASSED] - callTestCase(findTestCase("Reusable_Test_Sequences/Web_Office/Directives/WebOffice_StartUp"), [:], STOP_ON_FAILURE): Call Test Case 'Test Cases/Reusable_Test_Sequences/Web_Office/Directives/WebOffice_StartUp' successfully

2020-04-27 11:52:35 - [TEST_CASE][PASSED] - Test Cases/Reusable_Test_Sequences/Web_Office/Directives/WebOffice_StartUp: Test Cases/Reusable_Test_Sequences/Web_Office/Directives/WebOffice_StartUp

2020-04-27 11:52:35 - [TEST_STEP][PASSED] - "-----------------------------------------------------------------------------": null

2020-04-27 11:52:35 - [TEST_STEP][PASSED] - if (URL == "https://www.dev.checkatrade.com/"): null

2020-04-27 11:52:35 - [TEST_STEP][PASSED] - "-----------------------------------------------------------------------------": null

2020-04-27 11:52:35 - [TEST_STEP][PASSED] - if (URL == "https://www.checkatrade.com/"): null

2020-04-27 11:52:35 - [TEST_STEP][PASSED] - "-----------------------------------------------------------------------------": null

2020-04-27 11:52:35 - [TEST_STEP][PASSED] - if (URL == "https://www.preview.checkatrade.com/"): null

2020-04-27 11:52:35 - [TEST_STEP][PASSED] - WebOfficeURL = "https://admin.preview.checkatrade.com/": null

2020-04-27 11:52:35 - [TEST_STEP][PASSED] - if (URL == "https://www.dev2.checkatrade.com/"): null

2020-04-27 11:52:35 - [TEST_STEP][PASSED] - "Set Function Area for "URL_Handler", URL Resolution": null

2020-04-27 11:52:35 - [TEST_STEP][PASSED] - "Do Some Magic with URL(s) See the comments within URL Handler ": null

2020-04-27 11:52:35 - [TEST_STEP][PASSED] - "------------------------------------------------": null

2020-04-27 11:52:35 - [TEST_STEP][PASSED] - "Moved Login Credentials to <Default> profile 22/01/2020": null

2020-04-27 11:52:35 - [TEST_STEP][PASSED] - "------------------------------------------------": null

2020-04-27 11:52:35 - [TEST_STEP][PASSED] - "WebOfficeURL - Set from the ENVIRONMENT PROFILE ": null

2020-04-27 11:52:35 - [TEST_STEP][PASSED] - "OPEN BROWSER": null

2020-04-27 11:52:35 - [TEST_STEP][PASSED] - "eg - https://admin.preview.checkatrade.com/  ": null

2020-04-27 11:52:35 - [TEST_STEP][PASSED] - openBrowser(WebOfficeURL): Browser is opened with url: 'https://admin.preview.checkatrade.com/'

2020-04-27 11:52:35 - [MESSAGE][INFO] - Starting 'Firefox' driver

2020-04-27 11:52:35 - [MESSAGE][INFO] - Action delay is set to 0 milliseconds

2020-04-27 11:52:44 - [MESSAGE][PASSED] - Browser is opened with url: 'https://admin.preview.checkatrade.com/'

2020-04-27 11:52:44 - [TEST_STEP][PASSED] - maximizeWindow(): Current window maximized

2020-04-27 11:52:44 - [MESSAGE][PASSED] - Current window maximized

2020-04-27 11:52:44 - [TEST_STEP][PASSED] - waitForElementClickable(findTestObject("Object Repository/WebOffice/Page_Checkatrade - Administration - Login/Login_Button"), 25): Object 'Object Repository/WebOffice/Page_Checkatrade - Administration - Login/Login_Button' is clickable

2020-04-27 11:52:44 - [MESSAGE][PASSED] - Object 'Object Repository/WebOffice/Page_Checkatrade - Administration - Login/Login_Button' is clickable

2020-04-27 11:52:44 - [TEST_STEP][PASSED] - verifyTextPresent("Checkatrade Web Office", false): Text 'Checkatrade Web Office' is present on page 

2020-04-27 11:52:45 - [MESSAGE][PASSED] - Text 'Checkatrade Web Office' is present on page 

2020-04-27 11:52:45 - [TEST_STEP][PASSED] - verifyTextPresent("Access for staff use only", false): Text 'Access for staff use only' is present on page 

2020-04-27 11:52:45 - [MESSAGE][PASSED] - Text 'Access for staff use only' is present on page 

2020-04-27 11:52:45 - [TEST_STEP][PASSED] - verifyTextPresent("Forgotten password?", false): Text 'Forgotten password?' is present on page 

2020-04-27 11:52:45 - [MESSAGE][PASSED] - Text 'Forgotten password?' is present on page 

2020-04-27 11:52:45 - [TEST_STEP][PASSED] - setText(findTestObject("Object Repository/WebOffice/Page_Checkatrade - Administration - Login/input_Username_LoginControlUserName"), wo_Username): Text 'DavidHo' is set on object 'Object Repository/WebOffice/Page_Checkatrade - Administration - Login/input_Username_LoginControlUserName'

2020-04-27 11:52:45 - [MESSAGE][PASSED] - Text 'DavidHo' is set on object 'Object Repository/WebOffice/Page_Checkatrade - Administration - Login/input_Username_LoginControlUserName'

2020-04-27 11:52:45 - [TEST_STEP][PASSED] - setText(findTestObject("Object Repository/WebOffice/Page_Checkatrade - Administration - Login/input_Password_LoginControlPassword"), wo_Password): Text 'Check123' is set on object 'Object Repository/WebOffice/Page_Checkatrade - Administration - Login/input_Password_LoginControlPassword'

2020-04-27 11:52:45 - [MESSAGE][PASSED] - Text 'Check123' is set on object 'Object Repository/WebOffice/Page_Checkatrade - Administration - Login/input_Password_LoginControlPassword'

2020-04-27 11:52:45 - [TEST_STEP][PASSED] - click(findTestObject("Object Repository/WebOffice/Page_Checkatrade - Administration - Login/Login_Button")): Object: 'Object Repository/WebOffice/Page_Checkatrade - Administration - Login/Login_Button' is clicked on

2020-04-27 11:52:46 - [MESSAGE][PASSED] - Object: 'Object Repository/WebOffice/Page_Checkatrade - Administration - Login/Login_Button' is clicked on

2020-04-27 11:52:46 - [TEST_STEP][PASSED] - waitForPageLoad(60): Wait for page load successfully

2020-04-27 11:52:46 - [MESSAGE][PASSED] - Wait for page load successfully

2020-04-27 11:52:46 - [TEST_STEP][PASSED] - verifyTextPresent("Welcome " + wo_Username, false): Text 'Welcome DavidHo' is present on page 

2020-04-27 11:52:47 - [MESSAGE][PASSED] - Text 'Welcome DavidHo' is present on page 

2020-04-27 11:52:47 - [MESSAGE][PASSED] - Call Test Case 'Test Cases/Reusable_Test_Sequences/Web_Office/Directives/WebOffice_StartUp' successfully

2020-04-27 11:52:47 - [TEST_STEP][PASSED] - "--------------------------------------": null

2020-04-27 11:52:47 - [TEST_STEP][PASSED] - " Navigate Top level menu Item         |": null

2020-04-27 11:52:47 - [TEST_STEP][PASSED] - waitForPageLoad(60): Wait for page load successfully

2020-04-27 11:52:47 - [MESSAGE][PASSED] - Wait for page load successfully

2020-04-27 11:52:47 - [TEST_STEP][PASSED] - waitForElementClickable(findTestObject("Object Repository/WebOffice_Home_page/a_Directories"), 60): Object 'Object Repository/WebOffice_Home_page/a_Directories' is clickable

2020-04-27 11:52:47 - [MESSAGE][PASSED] - Object 'Object Repository/WebOffice_Home_page/a_Directories' is clickable

2020-04-27 11:52:47 - [TEST_STEP][PASSED] - click(findTestObject("Object Repository/WebOffice_Home_page/a_Directories")): Object: 'Object Repository/WebOffice_Home_page/a_Directories' is clicked on

2020-04-27 11:52:50 - [MESSAGE][PASSED] - Object: 'Object Repository/WebOffice_Home_page/a_Directories' is clicked on

2020-04-27 11:52:50 - [TEST_STEP][PASSED] - waitForElementClickable(findTestObject("Object Repository/WebOffice/Directories_Top/Navigation_Search_Box"), 60): Object 'Object Repository/WebOffice/Directories_Top/Navigation_Search_Box' is clickable

2020-04-27 11:52:51 - [MESSAGE][PASSED] - Object 'Object Repository/WebOffice/Directories_Top/Navigation_Search_Box' is clickable

2020-04-27 11:52:51 - [TEST_STEP][PASSED] - "--------------------------------------": null

2020-04-27 11:52:51 - [TEST_STEP][PASSED] - " Verify Returned Page Content         |": null

2020-04-27 11:52:51 - [TEST_STEP][PASSED] - verifyTextPresent("Settings", false): Text 'Settings' is present on page 

2020-04-27 11:52:52 - [MESSAGE][PASSED] - Text 'Settings' is present on page 

2020-04-27 11:52:52 - [TEST_STEP][PASSED] - verifyTextPresent("Include Non Members", false): Text 'Include Non Members' is present on page 

2020-04-27 11:52:53 - [MESSAGE][PASSED] - Text 'Include Non Members' is present on page 

2020-04-27 11:52:53 - [TEST_STEP][PASSED] - verifyTextPresent("Welcome", false): Text 'Welcome' is present on page 

2020-04-27 11:52:55 - [MESSAGE][PASSED] - Text 'Welcome' is present on page 

2020-04-27 11:52:55 - [TEST_STEP][PASSED] - verifyTextPresent("Not you?", false): Text 'Not you?' is present on page 

2020-04-27 11:52:57 - [MESSAGE][PASSED] - Text 'Not you?' is present on page 

2020-04-27 11:52:57 - [TEST_STEP][PASSED] - "Missing from DEV default - Could Use Edition Zero as these are Duplicates, Na": null

2020-04-27 11:52:57 - [TEST_STEP][PASSED] - verifyElementVisible(findTestObject("Object Repository/WebOffice/Directories_Top/Page_/th_Net Churn ()")): Object 'Object Repository/WebOffice/Directories_Top/Page_/th_Net Churn ()' is visible

2020-04-27 11:52:57 - [MESSAGE][PASSED] - Object 'Object Repository/WebOffice/Directories_Top/Page_/th_Net Churn ()' is visible

2020-04-27 11:52:57 - [TEST_STEP][PASSED] - verifyElementVisible(findTestObject("Object Repository/WebOffice/Directories_Top/Page_/th_Churn - ()")): Object 'Object Repository/WebOffice/Directories_Top/Page_/th_Churn - ()' is visible

2020-04-27 11:52:57 - [MESSAGE][PASSED] - Object 'Object Repository/WebOffice/Directories_Top/Page_/th_Churn - ()' is visible

2020-04-27 11:52:57 - [TEST_STEP][PASSED] - verifyElementVisible(findTestObject("Object Repository/WebOffice/Directories_Top/Page_/th_Churn -")): Object 'Object Repository/WebOffice/Directories_Top/Page_/th_Churn -' is visible

2020-04-27 11:52:58 - [MESSAGE][PASSED] - Object 'Object Repository/WebOffice/Directories_Top/Page_/th_Churn -' is visible

2020-04-27 11:52:58 - [TEST_STEP][PASSED] - verifyElementVisible(findTestObject("Object Repository/WebOffice/Directories_Top/Page_/th_Churn  ()")): Object 'Object Repository/WebOffice/Directories_Top/Page_/th_Churn  ()' is visible

2020-04-27 11:52:58 - [MESSAGE][PASSED] - Object 'Object Repository/WebOffice/Directories_Top/Page_/th_Churn  ()' is visible

2020-04-27 11:52:58 - [TEST_STEP][PASSED] - verifyElementVisible(findTestObject("Object Repository/WebOffice/Directories_Top/Page_/th_Churn")): Object 'Object Repository/WebOffice/Directories_Top/Page_/th_Churn' is visible

2020-04-27 11:52:58 - [MESSAGE][PASSED] - Object 'Object Repository/WebOffice/Directories_Top/Page_/th_Churn' is visible

2020-04-27 11:52:58 - [TEST_STEP][PASSED] - verifyElementVisible(findTestObject("Object Repository/WebOffice/Directories_Top/Page_/th_PE")): Object 'Object Repository/WebOffice/Directories_Top/Page_/th_PE' is visible

2020-04-27 11:52:58 - [MESSAGE][PASSED] - Object 'Object Repository/WebOffice/Directories_Top/Page_/th_PE' is visible

2020-04-27 11:52:58 - [TEST_STEP][PASSED] - verifyTextPresent("Directories", false): Text 'Directories' is present on page 

2020-04-27 11:52:59 - [MESSAGE][PASSED] - Text 'Directories' is present on page 

2020-04-27 11:52:59 - [TEST_STEP][PASSED] - verifyTextPresent("Current", false): Text 'Current' is present on page 

2020-04-27 11:53:01 - [MESSAGE][PASSED] - Text 'Current' is present on page 

2020-04-27 11:53:01 - [TEST_STEP][PASSED] - verifyTextPresent("Next", false): Text 'Next' is present on page 

2020-04-27 11:53:02 - [MESSAGE][PASSED] - Text 'Next' is present on page 

2020-04-27 11:53:02 - [TEST_STEP][PASSED] - verifyTextPresent("Future Editions", false): Text 'Future Editions' is present on page 

2020-04-27 11:53:04 - [MESSAGE][PASSED] - Text 'Future Editions' is present on page 

2020-04-27 11:53:04 - [TEST_STEP][PASSED] - verifyTextPresent("Previous Editions", false): Text 'Previous Editions' is present on page 

2020-04-27 11:53:05 - [MESSAGE][PASSED] - Text 'Previous Editions' is present on page 

2020-04-27 11:53:05 - [TEST_STEP][PASSED] - verifyTextPresent("Edition Zero", false): Text 'Edition Zero' is present on page 

2020-04-27 11:53:06 - [MESSAGE][PASSED] - Text 'Edition Zero' is present on page 

2020-04-27 11:53:06 - [TEST_STEP][PASSED] - verifyTextPresent("Search", false): Text 'Search' is present on page 

2020-04-27 11:53:08 - [MESSAGE][PASSED] - Text 'Search' is present on page 

2020-04-27 11:53:08 - [TEST_STEP][PASSED] - verifyTextPresent("Include future and previous editions", false): Text 'Include future and previous editions' is present on page 

2020-04-27 11:53:09 - [MESSAGE][PASSED] - Text 'Include future and previous editions' is present on page 

2020-04-27 11:53:09 - [TEST_STEP][PASSED] - verifyTextPresent("SpaceFinder", false): Text 'SpaceFinder' is present on page 

2020-04-27 11:53:11 - [MESSAGE][PASSED] - Text 'SpaceFinder' is present on page 

2020-04-27 11:53:11 - [TEST_STEP][PASSED] - "--------------------------": null

2020-04-27 11:53:11 - [TEST_STEP][PASSED] - " Teardown - CLose Browser |": null

2020-04-27 11:53:11 - [TEST_STEP][PASSED] - callTestCase(findTestCase("Reusable_Test_Sequences/CAT_Teardown"), [:], OPTIONAL): Call Test Case 'Test Cases/Reusable_Test_Sequences/CAT_Teardown' successfully

2020-04-27 11:53:11 - [TEST_CASE][PASSED] - Test Cases/Reusable_Test_Sequences/CAT_Teardown: Test Cases/Reusable_Test_Sequences/CAT_Teardown

2020-04-27 11:53:11 - [TEST_STEP][PASSED] - closeBrowser(): Browser is closed

2020-04-27 11:53:14 - [MESSAGE][PASSED] - Browser is closed

2020-04-27 11:53:14 - [TEST_STEP][PASSED] - super.finalize(): null

2020-04-27 11:53:14 - [TEST_STEP][PASSED] - System.gc(): null

2020-04-27 11:53:14 - [MESSAGE][PASSED] - Call Test Case 'Test Cases/Reusable_Test_Sequences/CAT_Teardown' successfully]]></system-out>
         <system-err><![CDATA[]]></system-err>
      </testcase>
      <testcase name="Test Cases/Web_Office/Navigation_Checks/Feedback/Feedback_Top" time="41.99" classname="Test Cases/Web_Office/Navigation_Checks/Feedback/Feedback_Top" status="PASSED">
         <system-out><![CDATA[2020-04-27 11:53:14 - [TEST_CASE][PASSED] - Test Cases/Web_Office/Navigation_Checks/Feedback/Feedback_Top: Test Cases/Web_Office/Navigation_Checks/Feedback/Feedback_Top

2020-04-27 11:53:14 - [TEST_STEP][PASSED] - "--------------------------------------": null

2020-04-27 11:53:14 - [TEST_STEP][PASSED] - " Web Office StartUp                  |": null

2020-04-27 11:53:14 - [TEST_STEP][PASSED] - callTestCase(findTestCase("Reusable_Test_Sequences/Web_Office/Directives/WebOffice_StartUp"), [:], STOP_ON_FAILURE): Call Test Case 'Test Cases/Reusable_Test_Sequences/Web_Office/Directives/WebOffice_StartUp' successfully

2020-04-27 11:53:14 - [TEST_CASE][PASSED] - Test Cases/Reusable_Test_Sequences/Web_Office/Directives/WebOffice_StartUp: Test Cases/Reusable_Test_Sequences/Web_Office/Directives/WebOffice_StartUp

2020-04-27 11:53:14 - [TEST_STEP][PASSED] - "-----------------------------------------------------------------------------": null

2020-04-27 11:53:14 - [TEST_STEP][PASSED] - if (URL == "https://www.dev.checkatrade.com/"): null

2020-04-27 11:53:14 - [TEST_STEP][PASSED] - "-----------------------------------------------------------------------------": null

2020-04-27 11:53:14 - [TEST_STEP][PASSED] - if (URL == "https://www.checkatrade.com/"): null

2020-04-27 11:53:14 - [TEST_STEP][PASSED] - "-----------------------------------------------------------------------------": null

2020-04-27 11:53:14 - [TEST_STEP][PASSED] - if (URL == "https://www.preview.checkatrade.com/"): null

2020-04-27 11:53:14 - [TEST_STEP][PASSED] - WebOfficeURL = "https://admin.preview.checkatrade.com/": null

2020-04-27 11:53:14 - [TEST_STEP][PASSED] - if (URL == "https://www.dev2.checkatrade.com/"): null

2020-04-27 11:53:14 - [TEST_STEP][PASSED] - "Set Function Area for "URL_Handler", URL Resolution": null

2020-04-27 11:53:14 - [TEST_STEP][PASSED] - "Do Some Magic with URL(s) See the comments within URL Handler ": null

2020-04-27 11:53:14 - [TEST_STEP][PASSED] - "------------------------------------------------": null

2020-04-27 11:53:14 - [TEST_STEP][PASSED] - "Moved Login Credentials to <Default> profile 22/01/2020": null

2020-04-27 11:53:14 - [TEST_STEP][PASSED] - "------------------------------------------------": null

2020-04-27 11:53:14 - [TEST_STEP][PASSED] - "WebOfficeURL - Set from the ENVIRONMENT PROFILE ": null

2020-04-27 11:53:14 - [TEST_STEP][PASSED] - "OPEN BROWSER": null

2020-04-27 11:53:14 - [TEST_STEP][PASSED] - "eg - https://admin.preview.checkatrade.com/  ": null

2020-04-27 11:53:14 - [TEST_STEP][PASSED] - openBrowser(WebOfficeURL): Browser is opened with url: 'https://admin.preview.checkatrade.com/'

2020-04-27 11:53:15 - [MESSAGE][INFO] - Starting 'Firefox' driver

2020-04-27 11:53:15 - [MESSAGE][INFO] - Action delay is set to 0 milliseconds

2020-04-27 11:53:21 - [MESSAGE][PASSED] - Browser is opened with url: 'https://admin.preview.checkatrade.com/'

2020-04-27 11:53:21 - [TEST_STEP][PASSED] - maximizeWindow(): Current window maximized

2020-04-27 11:53:22 - [MESSAGE][PASSED] - Current window maximized

2020-04-27 11:53:22 - [TEST_STEP][PASSED] - waitForElementClickable(findTestObject("Object Repository/WebOffice/Page_Checkatrade - Administration - Login/Login_Button"), 25): Object 'Object Repository/WebOffice/Page_Checkatrade - Administration - Login/Login_Button' is clickable

2020-04-27 11:53:22 - [MESSAGE][PASSED] - Object 'Object Repository/WebOffice/Page_Checkatrade - Administration - Login/Login_Button' is clickable

2020-04-27 11:53:22 - [TEST_STEP][PASSED] - verifyTextPresent("Checkatrade Web Office", false): Text 'Checkatrade Web Office' is present on page 

2020-04-27 11:53:22 - [MESSAGE][PASSED] - Text 'Checkatrade Web Office' is present on page 

2020-04-27 11:53:22 - [TEST_STEP][PASSED] - verifyTextPresent("Access for staff use only", false): Text 'Access for staff use only' is present on page 

2020-04-27 11:53:22 - [MESSAGE][PASSED] - Text 'Access for staff use only' is present on page 

2020-04-27 11:53:22 - [TEST_STEP][PASSED] - verifyTextPresent("Forgotten password?", false): Text 'Forgotten password?' is present on page 

2020-04-27 11:53:22 - [MESSAGE][PASSED] - Text 'Forgotten password?' is present on page 

2020-04-27 11:53:22 - [TEST_STEP][PASSED] - setText(findTestObject("Object Repository/WebOffice/Page_Checkatrade - Administration - Login/input_Username_LoginControlUserName"), wo_Username): Text 'DavidHo' is set on object 'Object Repository/WebOffice/Page_Checkatrade - Administration - Login/input_Username_LoginControlUserName'

2020-04-27 11:53:22 - [MESSAGE][PASSED] - Text 'DavidHo' is set on object 'Object Repository/WebOffice/Page_Checkatrade - Administration - Login/input_Username_LoginControlUserName'

2020-04-27 11:53:22 - [TEST_STEP][PASSED] - setText(findTestObject("Object Repository/WebOffice/Page_Checkatrade - Administration - Login/input_Password_LoginControlPassword"), wo_Password): Text 'Check123' is set on object 'Object Repository/WebOffice/Page_Checkatrade - Administration - Login/input_Password_LoginControlPassword'

2020-04-27 11:53:22 - [MESSAGE][PASSED] - Text 'Check123' is set on object 'Object Repository/WebOffice/Page_Checkatrade - Administration - Login/input_Password_LoginControlPassword'

2020-04-27 11:53:22 - [TEST_STEP][PASSED] - click(findTestObject("Object Repository/WebOffice/Page_Checkatrade - Administration - Login/Login_Button")): Object: 'Object Repository/WebOffice/Page_Checkatrade - Administration - Login/Login_Button' is clicked on

2020-04-27 11:53:23 - [MESSAGE][PASSED] - Object: 'Object Repository/WebOffice/Page_Checkatrade - Administration - Login/Login_Button' is clicked on

2020-04-27 11:53:23 - [TEST_STEP][PASSED] - waitForPageLoad(60): Wait for page load successfully

2020-04-27 11:53:24 - [MESSAGE][PASSED] - Wait for page load successfully

2020-04-27 11:53:24 - [TEST_STEP][PASSED] - verifyTextPresent("Welcome " + wo_Username, false): Text 'Welcome DavidHo' is present on page 

2020-04-27 11:53:25 - [MESSAGE][PASSED] - Text 'Welcome DavidHo' is present on page 

2020-04-27 11:53:25 - [MESSAGE][PASSED] - Call Test Case 'Test Cases/Reusable_Test_Sequences/Web_Office/Directives/WebOffice_StartUp' successfully

2020-04-27 11:53:25 - [TEST_STEP][PASSED] - "--------------------------------------": null

2020-04-27 11:53:25 - [TEST_STEP][PASSED] - " Navigate Top level menu Item         |": null

2020-04-27 11:53:25 - [TEST_STEP][PASSED] - waitForPageLoad(60): Wait for page load successfully

2020-04-27 11:53:25 - [MESSAGE][PASSED] - Wait for page load successfully

2020-04-27 11:53:25 - [TEST_STEP][PASSED] - waitForElementClickable(findTestObject("Object Repository/WebOffice_Home_page/a_Feedback"), 60): Object 'Object Repository/WebOffice_Home_page/a_Feedback' is clickable

2020-04-27 11:53:25 - [MESSAGE][PASSED] - Object 'Object Repository/WebOffice_Home_page/a_Feedback' is clickable

2020-04-27 11:53:25 - [TEST_STEP][PASSED] - click(findTestObject("Object Repository/WebOffice_Home_page/a_Feedback")): Object: 'Object Repository/WebOffice_Home_page/a_Feedback' is clicked on

2020-04-27 11:53:27 - [MESSAGE][PASSED] - Object: 'Object Repository/WebOffice_Home_page/a_Feedback' is clicked on

2020-04-27 11:53:27 - [TEST_STEP][PASSED] - waitForElementClickable(findTestObject("Object Repository/WebOffice/Feedback_Top/Feedback_Graphic"), 60): Object 'Object Repository/WebOffice/Feedback_Top/Feedback_Graphic' is clickable

2020-04-27 11:53:27 - [MESSAGE][PASSED] - Object 'Object Repository/WebOffice/Feedback_Top/Feedback_Graphic' is clickable

2020-04-27 11:53:27 - [TEST_STEP][PASSED] - delay(2): Delayed 2 second(s)

2020-04-27 11:53:29 - [MESSAGE][PASSED] - Delayed 2 second(s)

2020-04-27 11:53:29 - [TEST_STEP][PASSED] - waitForPageLoad(60): Wait for page load successfully

2020-04-27 11:53:29 - [MESSAGE][PASSED] - Wait for page load successfully

2020-04-27 11:53:29 - [TEST_STEP][PASSED] - "--------------------------------------": null

2020-04-27 11:53:29 - [TEST_STEP][PASSED] - " Verify Returned Page Content         |": null

2020-04-27 11:53:29 - [TEST_STEP][PASSED] - "--------------------------------------": null

2020-04-27 11:53:29 - [TEST_STEP][PASSED] - verifyElementVisible(findTestObject("Object Repository/WebOffice/Feedback_Top/Page_/a_Feedback")): Object 'Object Repository/WebOffice/Feedback_Top/Page_/a_Feedback' is visible

2020-04-27 11:53:29 - [MESSAGE][PASSED] - Object 'Object Repository/WebOffice/Feedback_Top/Page_/a_Feedback' is visible

2020-04-27 11:53:29 - [TEST_STEP][PASSED] - verifyElementVisible(findTestObject("Object Repository/WebOffice/Feedback_Top/Page_/h1_Feedback Management")): Object 'Object Repository/WebOffice/Feedback_Top/Page_/h1_Feedback Management' is visible

2020-04-27 11:53:29 - [MESSAGE][PASSED] - Object 'Object Repository/WebOffice/Feedback_Top/Page_/h1_Feedback Management' is visible

2020-04-27 11:53:29 - [TEST_STEP][PASSED] - verifyElementVisible(findTestObject("Object Repository/WebOffice/Feedback_Top/Page_/h3_Feedback Quick Statistics")): Object 'Object Repository/WebOffice/Feedback_Top/Page_/h3_Feedback Quick Statistics' is visible

2020-04-27 11:53:29 - [MESSAGE][PASSED] - Object 'Object Repository/WebOffice/Feedback_Top/Page_/h3_Feedback Quick Statistics' is visible

2020-04-27 11:53:29 - [TEST_STEP][PASSED] - verifyElementVisible(findTestObject("Object Repository/WebOffice/Feedback_Top/Page_/td_Feedback published last month")): Object 'Object Repository/WebOffice/Feedback_Top/Page_/td_Feedback published last month' is visible

2020-04-27 11:53:30 - [MESSAGE][PASSED] - Object 'Object Repository/WebOffice/Feedback_Top/Page_/td_Feedback published last month' is visible

2020-04-27 11:53:30 - [TEST_STEP][PASSED] - verifyElementVisible(findTestObject("Object Repository/WebOffice/Feedback_Top/Page_/td_Feedback published so far this month")): Object 'Object Repository/WebOffice/Feedback_Top/Page_/td_Feedback published so far this month' is visible

2020-04-27 11:53:30 - [MESSAGE][PASSED] - Object 'Object Repository/WebOffice/Feedback_Top/Page_/td_Feedback published so far this month' is visible

2020-04-27 11:53:30 - [TEST_STEP][PASSED] - verifyElementVisible(findTestObject("Object Repository/WebOffice/Feedback_Top/Page_/td_Feedback cards entered today")): Object 'Object Repository/WebOffice/Feedback_Top/Page_/td_Feedback cards entered today' is visible

2020-04-27 11:53:30 - [MESSAGE][PASSED] - Object 'Object Repository/WebOffice/Feedback_Top/Page_/td_Feedback cards entered today' is visible

2020-04-27 11:53:30 - [TEST_STEP][PASSED] - verifyElementVisible(findTestObject("Object Repository/WebOffice/Feedback_Top/Page_/td_Web Submissions for review")): Object 'Object Repository/WebOffice/Feedback_Top/Page_/td_Web Submissions for review' is visible

2020-04-27 11:53:30 - [MESSAGE][PASSED] - Object 'Object Repository/WebOffice/Feedback_Top/Page_/td_Web Submissions for review' is visible

2020-04-27 11:53:30 - [TEST_STEP][PASSED] - verifyElementVisible(findTestObject("Object Repository/WebOffice/Feedback_Top/Page_/td_Feedback selected for spot checking yesterday")): Object 'Object Repository/WebOffice/Feedback_Top/Page_/td_Feedback selected for spot checking yesterday' is visible

2020-04-27 11:53:31 - [MESSAGE][PASSED] - Object 'Object Repository/WebOffice/Feedback_Top/Page_/td_Feedback selected for spot checking yesterday' is visible

2020-04-27 11:53:31 - [TEST_STEP][PASSED] - verifyElementVisible(findTestObject("Object Repository/WebOffice/Feedback_Top/Page_/td_Feedback spot checking done today")): Object 'Object Repository/WebOffice/Feedback_Top/Page_/td_Feedback spot checking done today' is visible

2020-04-27 11:53:31 - [MESSAGE][PASSED] - Object 'Object Repository/WebOffice/Feedback_Top/Page_/td_Feedback spot checking done today' is visible

2020-04-27 11:53:31 - [TEST_STEP][PASSED] - verifyElementVisible(findTestObject("Object Repository/WebOffice/Feedback_Top/Page_/a_Add Feedback")): Object 'Object Repository/WebOffice/Feedback_Top/Page_/a_Add Feedback' is visible

2020-04-27 11:53:31 - [MESSAGE][PASSED] - Object 'Object Repository/WebOffice/Feedback_Top/Page_/a_Add Feedback' is visible

2020-04-27 11:53:31 - [TEST_STEP][PASSED] - verifyElementVisible(findTestObject("Object Repository/WebOffice/Feedback_Top/Page_/h3_Feedback - Last modified by you")): Object 'Object Repository/WebOffice/Feedback_Top/Page_/h3_Feedback - Last modified by you' is visible

2020-04-27 11:53:31 - [MESSAGE][PASSED] - Object 'Object Repository/WebOffice/Feedback_Top/Page_/h3_Feedback - Last modified by you' is visible

2020-04-27 11:53:31 - [TEST_STEP][PASSED] - verifyElementVisible(findTestObject("Object Repository/WebOffice/Feedback_Top/Page_/h3_Data Entry Statistics (last 7 days)")): Object 'Object Repository/WebOffice/Feedback_Top/Page_/h3_Data Entry Statistics (last 7 days)' is visible

2020-04-27 11:53:31 - [MESSAGE][PASSED] - Object 'Object Repository/WebOffice/Feedback_Top/Page_/h3_Data Entry Statistics (last 7 days)' is visible

2020-04-27 11:53:31 - [TEST_STEP][PASSED] - verifyElementVisible(findTestObject("Object Repository/WebOffice/Feedback_Top/Page_/h3_Feedback Submissions (by week)")): Object 'Object Repository/WebOffice/Feedback_Top/Page_/h3_Feedback Submissions (by week)' is visible

2020-04-27 11:53:31 - [MESSAGE][PASSED] - Object 'Object Repository/WebOffice/Feedback_Top/Page_/h3_Feedback Submissions (by week)' is visible

2020-04-27 11:53:31 - [TEST_STEP][PASSED] - delay(2): Delayed 2 second(s)

2020-04-27 11:53:33 - [MESSAGE][PASSED] - Delayed 2 second(s)

2020-04-27 11:53:33 - [TEST_STEP][PASSED] - verifyTextPresent("Reference Requests", false): Text 'Reference Requests' is present on page 

2020-04-27 11:53:34 - [MESSAGE][PASSED] - Text 'Reference Requests' is present on page 

2020-04-27 11:53:34 - [TEST_STEP][PASSED] - verifyTextPresent("References To Call", false): Text 'References To Call' is present on page 

2020-04-27 11:53:35 - [MESSAGE][PASSED] - Text 'References To Call' is present on page 

2020-04-27 11:53:35 - [TEST_STEP][PASSED] - verifyTextPresent("Online Reference Review", false): Text 'Online Reference Review' is present on page 

2020-04-27 11:53:35 - [MESSAGE][PASSED] - Text 'Online Reference Review' is present on page 

2020-04-27 11:53:35 - [TEST_STEP][PASSED] - verifyTextPresent("Free Of Charge Members", false): Text 'Free Of Charge Members' is present on page 

2020-04-27 11:53:36 - [MESSAGE][PASSED] - Text 'Free Of Charge Members' is present on page 

2020-04-27 11:53:36 - [TEST_STEP][PASSED] - verifyTextPresent("Non Member", false): Text 'Non Member' is present on page 

2020-04-27 11:53:38 - [MESSAGE][PASSED] - Text 'Non Member' is present on page 

2020-04-27 11:53:38 - [TEST_STEP][PASSED] - verifyTextPresent("Unused", false): Text 'Unused' is present on page 

2020-04-27 11:53:39 - [MESSAGE][PASSED] - Text 'Unused' is present on page 

2020-04-27 11:53:39 - [TEST_STEP][PASSED] - verifyTextPresent("Scanned Cards", false): Text 'Scanned Cards' is present on page 

2020-04-27 11:53:39 - [MESSAGE][PASSED] - Text 'Scanned Cards' is present on page 

2020-04-27 11:53:39 - [TEST_STEP][PASSED] - verifyTextPresent("Unvalidated Emails", false): Text 'Unvalidated Emails' is present on page 

2020-04-27 11:53:40 - [MESSAGE][PASSED] - Text 'Unvalidated Emails' is present on page 

2020-04-27 11:53:40 - [TEST_STEP][PASSED] - verifyTextPresent("Unvalidated Text", false): Text 'Unvalidated Text' is present on page 

2020-04-27 11:53:41 - [MESSAGE][PASSED] - Text 'Unvalidated Text' is present on page 

2020-04-27 11:53:41 - [TEST_STEP][PASSED] - verifyTextPresent("For Review", false): Text 'For Review' is present on page 

2020-04-27 11:53:42 - [MESSAGE][PASSED] - Text 'For Review' is present on page 

2020-04-27 11:53:42 - [TEST_STEP][PASSED] - verifyTextPresent("IP warnings", false): Text 'IP warnings' is present on page 

2020-04-27 11:53:42 - [MESSAGE][PASSED] - Text 'IP warnings' is present on page 

2020-04-27 11:53:42 - [TEST_STEP][PASSED] - verifyTextPresent("Invalid Details", false): Text 'Invalid Details' is present on page 

2020-04-27 11:53:43 - [MESSAGE][PASSED] - Text 'Invalid Details' is present on page 

2020-04-27 11:53:43 - [TEST_STEP][PASSED] - verifyTextPresent("Investigations", false): Text 'Investigations' is present on page 

2020-04-27 11:53:44 - [MESSAGE][PASSED] - Text 'Investigations' is present on page 

2020-04-27 11:53:44 - [TEST_STEP][PASSED] - verifyTextPresent("Published", false): Text 'Published' is present on page 

2020-04-27 11:53:46 - [MESSAGE][PASSED] - Text 'Published' is present on page 

2020-04-27 11:53:46 - [TEST_STEP][PASSED] - verifyTextPresent("Filter", false): Text 'Filter' is present on page 

2020-04-27 11:53:48 - [MESSAGE][PASSED] - Text 'Filter' is present on page 

2020-04-27 11:53:48 - [TEST_STEP][PASSED] - verifyTextPresent("Feedback about Member", false): Text 'Feedback about Member' is present on page 

2020-04-27 11:53:49 - [MESSAGE][PASSED] - Text 'Feedback about Member' is present on page 

2020-04-27 11:53:49 - [TEST_STEP][PASSED] - verifyTextPresent("Submitted by", false): Text 'Submitted by' is present on page 

2020-04-27 11:53:50 - [MESSAGE][PASSED] - Text 'Submitted by' is present on page 

2020-04-27 11:53:50 - [TEST_STEP][PASSED] - verifyTextPresent("Work date between", false): Text 'Work date between' is present on page 

2020-04-27 11:53:52 - [MESSAGE][PASSED] - Text 'Work date between' is present on page 

2020-04-27 11:53:52 - [TEST_STEP][PASSED] - verifyTextPresent("Description contains", false): Text 'Description contains' is present on page 

2020-04-27 11:53:53 - [MESSAGE][PASSED] - Text 'Description contains' is present on page 

2020-04-27 11:53:53 - [TEST_STEP][PASSED] - "Buttons": null

2020-04-27 11:53:53 - [TEST_STEP][PASSED] - "--------------------------": null

2020-04-27 11:53:53 - [TEST_STEP][PASSED] - " Teardown - CLose Browser |": null

2020-04-27 11:53:53 - [TEST_STEP][PASSED] - callTestCase(findTestCase("Reusable_Test_Sequences/CAT_Teardown"), [:], OPTIONAL): Call Test Case 'Test Cases/Reusable_Test_Sequences/CAT_Teardown' successfully

2020-04-27 11:53:54 - [TEST_CASE][PASSED] - Test Cases/Reusable_Test_Sequences/CAT_Teardown: Test Cases/Reusable_Test_Sequences/CAT_Teardown

2020-04-27 11:53:54 - [TEST_STEP][PASSED] - closeBrowser(): Browser is closed

2020-04-27 11:53:56 - [MESSAGE][PASSED] - Browser is closed

2020-04-27 11:53:56 - [TEST_STEP][PASSED] - super.finalize(): null

2020-04-27 11:53:56 - [TEST_STEP][PASSED] - System.gc(): null

2020-04-27 11:53:56 - [MESSAGE][PASSED] - Call Test Case 'Test Cases/Reusable_Test_Sequences/CAT_Teardown' successfully]]></system-out>
         <system-err><![CDATA[]]></system-err>
      </testcase>
      <testcase name="Test Cases/Web_Office/Navigation_Checks/Consumers/Consumers_Top" time="36.783" classname="Test Cases/Web_Office/Navigation_Checks/Consumers/Consumers_Top" status="PASSED">
         <system-out><![CDATA[2020-04-27 11:53:56 - [TEST_CASE][PASSED] - Test Cases/Web_Office/Navigation_Checks/Consumers/Consumers_Top: Test Cases/Web_Office/Navigation_Checks/Consumers/Consumers_Top

2020-04-27 11:53:57 - [TEST_STEP][PASSED] - "--------------------------------------": null

2020-04-27 11:53:57 - [TEST_STEP][PASSED] - " Web Office StartUp                  |": null

2020-04-27 11:53:57 - [TEST_STEP][PASSED] - callTestCase(findTestCase("Reusable_Test_Sequences/Web_Office/Directives/WebOffice_StartUp"), [:], STOP_ON_FAILURE): Call Test Case 'Test Cases/Reusable_Test_Sequences/Web_Office/Directives/WebOffice_StartUp' successfully

2020-04-27 11:53:57 - [TEST_CASE][PASSED] - Test Cases/Reusable_Test_Sequences/Web_Office/Directives/WebOffice_StartUp: Test Cases/Reusable_Test_Sequences/Web_Office/Directives/WebOffice_StartUp

2020-04-27 11:53:57 - [TEST_STEP][PASSED] - "-----------------------------------------------------------------------------": null

2020-04-27 11:53:57 - [TEST_STEP][PASSED] - if (URL == "https://www.dev.checkatrade.com/"): null

2020-04-27 11:53:57 - [TEST_STEP][PASSED] - "-----------------------------------------------------------------------------": null

2020-04-27 11:53:57 - [TEST_STEP][PASSED] - if (URL == "https://www.checkatrade.com/"): null

2020-04-27 11:53:57 - [TEST_STEP][PASSED] - "-----------------------------------------------------------------------------": null

2020-04-27 11:53:57 - [TEST_STEP][PASSED] - if (URL == "https://www.preview.checkatrade.com/"): null

2020-04-27 11:53:57 - [TEST_STEP][PASSED] - WebOfficeURL = "https://admin.preview.checkatrade.com/": null

2020-04-27 11:53:57 - [TEST_STEP][PASSED] - if (URL == "https://www.dev2.checkatrade.com/"): null

2020-04-27 11:53:57 - [TEST_STEP][PASSED] - "Set Function Area for "URL_Handler", URL Resolution": null

2020-04-27 11:53:57 - [TEST_STEP][PASSED] - "Do Some Magic with URL(s) See the comments within URL Handler ": null

2020-04-27 11:53:57 - [TEST_STEP][PASSED] - "------------------------------------------------": null

2020-04-27 11:53:57 - [TEST_STEP][PASSED] - "Moved Login Credentials to <Default> profile 22/01/2020": null

2020-04-27 11:53:57 - [TEST_STEP][PASSED] - "------------------------------------------------": null

2020-04-27 11:53:57 - [TEST_STEP][PASSED] - "WebOfficeURL - Set from the ENVIRONMENT PROFILE ": null

2020-04-27 11:53:57 - [TEST_STEP][PASSED] - "OPEN BROWSER": null

2020-04-27 11:53:57 - [TEST_STEP][PASSED] - "eg - https://admin.preview.checkatrade.com/  ": null

2020-04-27 11:53:57 - [TEST_STEP][PASSED] - openBrowser(WebOfficeURL): Browser is opened with url: 'https://admin.preview.checkatrade.com/'

2020-04-27 11:53:57 - [MESSAGE][INFO] - Starting 'Firefox' driver

2020-04-27 11:53:57 - [MESSAGE][INFO] - Action delay is set to 0 milliseconds

2020-04-27 11:54:06 - [MESSAGE][PASSED] - Browser is opened with url: 'https://admin.preview.checkatrade.com/'

2020-04-27 11:54:06 - [TEST_STEP][PASSED] - maximizeWindow(): Current window maximized

2020-04-27 11:54:07 - [MESSAGE][PASSED] - Current window maximized

2020-04-27 11:54:07 - [TEST_STEP][PASSED] - waitForElementClickable(findTestObject("Object Repository/WebOffice/Page_Checkatrade - Administration - Login/Login_Button"), 25): Object 'Object Repository/WebOffice/Page_Checkatrade - Administration - Login/Login_Button' is clickable

2020-04-27 11:54:07 - [MESSAGE][PASSED] - Object 'Object Repository/WebOffice/Page_Checkatrade - Administration - Login/Login_Button' is clickable

2020-04-27 11:54:07 - [TEST_STEP][PASSED] - verifyTextPresent("Checkatrade Web Office", false): Text 'Checkatrade Web Office' is present on page 

2020-04-27 11:54:07 - [MESSAGE][PASSED] - Text 'Checkatrade Web Office' is present on page 

2020-04-27 11:54:07 - [TEST_STEP][PASSED] - verifyTextPresent("Access for staff use only", false): Text 'Access for staff use only' is present on page 

2020-04-27 11:54:07 - [MESSAGE][PASSED] - Text 'Access for staff use only' is present on page 

2020-04-27 11:54:07 - [TEST_STEP][PASSED] - verifyTextPresent("Forgotten password?", false): Text 'Forgotten password?' is present on page 

2020-04-27 11:54:08 - [MESSAGE][PASSED] - Text 'Forgotten password?' is present on page 

2020-04-27 11:54:08 - [TEST_STEP][PASSED] - setText(findTestObject("Object Repository/WebOffice/Page_Checkatrade - Administration - Login/input_Username_LoginControlUserName"), wo_Username): Text 'DavidHo' is set on object 'Object Repository/WebOffice/Page_Checkatrade - Administration - Login/input_Username_LoginControlUserName'

2020-04-27 11:54:08 - [MESSAGE][PASSED] - Text 'DavidHo' is set on object 'Object Repository/WebOffice/Page_Checkatrade - Administration - Login/input_Username_LoginControlUserName'

2020-04-27 11:54:08 - [TEST_STEP][PASSED] - setText(findTestObject("Object Repository/WebOffice/Page_Checkatrade - Administration - Login/input_Password_LoginControlPassword"), wo_Password): Text 'Check123' is set on object 'Object Repository/WebOffice/Page_Checkatrade - Administration - Login/input_Password_LoginControlPassword'

2020-04-27 11:54:08 - [MESSAGE][PASSED] - Text 'Check123' is set on object 'Object Repository/WebOffice/Page_Checkatrade - Administration - Login/input_Password_LoginControlPassword'

2020-04-27 11:54:08 - [TEST_STEP][PASSED] - click(findTestObject("Object Repository/WebOffice/Page_Checkatrade - Administration - Login/Login_Button")): Object: 'Object Repository/WebOffice/Page_Checkatrade - Administration - Login/Login_Button' is clicked on

2020-04-27 11:54:10 - [MESSAGE][PASSED] - Object: 'Object Repository/WebOffice/Page_Checkatrade - Administration - Login/Login_Button' is clicked on

2020-04-27 11:54:10 - [TEST_STEP][PASSED] - waitForPageLoad(60): Wait for page load successfully

2020-04-27 11:54:10 - [MESSAGE][PASSED] - Wait for page load successfully

2020-04-27 11:54:10 - [TEST_STEP][PASSED] - verifyTextPresent("Welcome " + wo_Username, false): Text 'Welcome DavidHo' is present on page 

2020-04-27 11:54:11 - [MESSAGE][PASSED] - Text 'Welcome DavidHo' is present on page 

2020-04-27 11:54:11 - [MESSAGE][PASSED] - Call Test Case 'Test Cases/Reusable_Test_Sequences/Web_Office/Directives/WebOffice_StartUp' successfully

2020-04-27 11:54:11 - [TEST_STEP][PASSED] - "--------------------------------------": null

2020-04-27 11:54:11 - [TEST_STEP][PASSED] - " Navigate Top level menu Item         |": null

2020-04-27 11:54:11 - [TEST_STEP][PASSED] - callTestCase(findTestCase("Reusable_Test_Sequences/Web_Office/Navigation/Navigate_Consumers"), [:], STOP_ON_FAILURE): Call Test Case 'Test Cases/Reusable_Test_Sequences/Web_Office/Navigation/Navigate_Consumers' successfully

2020-04-27 11:54:11 - [TEST_CASE][PASSED] - Test Cases/Reusable_Test_Sequences/Web_Office/Navigation/Navigate_Consumers: Test Cases/Reusable_Test_Sequences/Web_Office/Navigation/Navigate_Consumers

2020-04-27 11:54:11 - [TEST_STEP][PASSED] - "--------------------------------------": null

2020-04-27 11:54:11 - [TEST_STEP][PASSED] - " Navigate Top level menu Item         |": null

2020-04-27 11:54:11 - [TEST_STEP][PASSED] - waitForPageLoad(60): Wait for page load successfully

2020-04-27 11:54:11 - [MESSAGE][PASSED] - Wait for page load successfully

2020-04-27 11:54:11 - [TEST_STEP][PASSED] - waitForElementClickable(findTestObject("Object Repository/WebOffice_Home_page/a_Consumers"), 60): Object 'Object Repository/WebOffice_Home_page/a_Consumers' is clickable

2020-04-27 11:54:12 - [MESSAGE][PASSED] - Object 'Object Repository/WebOffice_Home_page/a_Consumers' is clickable

2020-04-27 11:54:12 - [TEST_STEP][PASSED] - click(findTestObject("Object Repository/WebOffice_Home_page/a_Consumers")): Object: 'Object Repository/WebOffice_Home_page/a_Consumers' is clicked on

2020-04-27 11:54:13 - [MESSAGE][PASSED] - Object: 'Object Repository/WebOffice_Home_page/a_Consumers' is clicked on

2020-04-27 11:54:13 - [MESSAGE][PASSED] - Call Test Case 'Test Cases/Reusable_Test_Sequences/Web_Office/Navigation/Navigate_Consumers' successfully

2020-04-27 11:54:13 - [TEST_STEP][PASSED] - "--------------------------------------": null

2020-04-27 11:54:13 - [TEST_STEP][PASSED] - " Verify Returned Page Content         |": null

2020-04-27 11:54:13 - [TEST_STEP][PASSED] - "--------------------------------------": null

2020-04-27 11:54:13 - [TEST_STEP][PASSED] - verifyElementVisible(findTestObject("Object Repository/WebOffice/Consumers/Page_/a_Consumers")): Object 'Object Repository/WebOffice/Consumers/Page_/a_Consumers' is visible

2020-04-27 11:54:13 - [MESSAGE][PASSED] - Object 'Object Repository/WebOffice/Consumers/Page_/a_Consumers' is visible

2020-04-27 11:54:13 - [TEST_STEP][PASSED] - verifyElementVisible(findTestObject("Object Repository/WebOffice/Consumers/Page_/h4_Consumers")): Object 'Object Repository/WebOffice/Consumers/Page_/h4_Consumers' is visible

2020-04-27 11:54:13 - [MESSAGE][PASSED] - Object 'Object Repository/WebOffice/Consumers/Page_/h4_Consumers' is visible

2020-04-27 11:54:13 - [TEST_STEP][PASSED] - "-------------------------------": null

2020-04-27 11:54:13 - [TEST_STEP][PASSED] - "Left Hand Consumer Management  |": null

2020-04-27 11:54:13 - [TEST_STEP][PASSED] - "-------------------------------": null

2020-04-27 11:54:13 - [TEST_STEP][PASSED] - "Add Consumers": null

2020-04-27 11:54:13 - [TEST_STEP][PASSED] - verifyTextPresent("Filter", false): Text 'Filter' is present on page 

2020-04-27 11:54:14 - [MESSAGE][PASSED] - Text 'Filter' is present on page 

2020-04-27 11:54:14 - [TEST_STEP][PASSED] - verifyTextPresent("Forename", false): Text 'Forename' is present on page 

2020-04-27 11:54:15 - [MESSAGE][PASSED] - Text 'Forename' is present on page 

2020-04-27 11:54:15 - [TEST_STEP][PASSED] - verifyTextPresent("Surname", false): Text 'Surname' is present on page 

2020-04-27 11:54:16 - [MESSAGE][PASSED] - Text 'Surname' is present on page 

2020-04-27 11:54:16 - [TEST_STEP][PASSED] - verifyTextPresent("Mobile", false): Text 'Mobile' is present on page 

2020-04-27 11:54:16 - [MESSAGE][PASSED] - Text 'Mobile' is present on page 

2020-04-27 11:54:16 - [TEST_STEP][PASSED] - verifyTextPresent("Email", false): Text 'Email' is present on page 

2020-04-27 11:54:18 - [MESSAGE][PASSED] - Text 'Email' is present on page 

2020-04-27 11:54:18 - [TEST_STEP][PASSED] - verifyTextPresent("House", false): Text 'House' is present on page 

2020-04-27 11:54:20 - [MESSAGE][PASSED] - Text 'House' is present on page 

2020-04-27 11:54:20 - [TEST_STEP][PASSED] - verifyTextPresent("Street", false): Text 'Street' is present on page 

2020-04-27 11:54:21 - [MESSAGE][PASSED] - Text 'Street' is present on page 

2020-04-27 11:54:21 - [TEST_STEP][PASSED] - verifyTextPresent("Town", false): Text 'Town' is present on page 

2020-04-27 11:54:22 - [MESSAGE][PASSED] - Text 'Town' is present on page 

2020-04-27 11:54:22 - [TEST_STEP][PASSED] - verifyTextPresent("City", false): Text 'City' is present on page 

2020-04-27 11:54:23 - [MESSAGE][PASSED] - Text 'City' is present on page 

2020-04-27 11:54:23 - [TEST_STEP][PASSED] - verifyTextPresent("County", false): Text 'County' is present on page 

2020-04-27 11:54:24 - [MESSAGE][PASSED] - Text 'County' is present on page 

2020-04-27 11:54:24 - [TEST_STEP][PASSED] - verifyTextPresent("Postcode", false): Text 'Postcode' is present on page 

2020-04-27 11:54:26 - [MESSAGE][PASSED] - Text 'Postcode' is present on page 

2020-04-27 11:54:26 - [TEST_STEP][PASSED] - verifyTextPresent("Phone", false): Text 'Phone' is present on page 

2020-04-27 11:54:27 - [MESSAGE][PASSED] - Text 'Phone' is present on page 

2020-04-27 11:54:27 - [TEST_STEP][PASSED] - verifyTextPresent("Status", false): Text 'Status' is present on page 

2020-04-27 11:54:28 - [MESSAGE][PASSED] - Text 'Status' is present on page 

2020-04-27 11:54:28 - [TEST_STEP][PASSED] - verifyTextPresent("Type", false): Text 'Type' is present on page 

2020-04-27 11:54:29 - [MESSAGE][PASSED] - Text 'Type' is present on page 

2020-04-27 11:54:29 - [TEST_STEP][PASSED] - verifyTextPresent("Clear", false): Text 'Clear' is present on page 

2020-04-27 11:54:30 - [MESSAGE][PASSED] - Text 'Clear' is present on page 

2020-04-27 11:54:30 - [TEST_STEP][PASSED] - "--------------------------": null

2020-04-27 11:54:30 - [TEST_STEP][PASSED] - " Teardown - CLose Browser |": null

2020-04-27 11:54:30 - [TEST_STEP][PASSED] - callTestCase(findTestCase("Reusable_Test_Sequences/CAT_Teardown"), [:], OPTIONAL): Call Test Case 'Test Cases/Reusable_Test_Sequences/CAT_Teardown' successfully

2020-04-27 11:54:30 - [TEST_CASE][PASSED] - Test Cases/Reusable_Test_Sequences/CAT_Teardown: Test Cases/Reusable_Test_Sequences/CAT_Teardown

2020-04-27 11:54:30 - [TEST_STEP][PASSED] - closeBrowser(): Browser is closed

2020-04-27 11:54:33 - [MESSAGE][PASSED] - Browser is closed

2020-04-27 11:54:33 - [TEST_STEP][PASSED] - super.finalize(): null

2020-04-27 11:54:33 - [TEST_STEP][PASSED] - System.gc(): null

2020-04-27 11:54:33 - [MESSAGE][PASSED] - Call Test Case 'Test Cases/Reusable_Test_Sequences/CAT_Teardown' successfully]]></system-out>
         <system-err><![CDATA[]]></system-err>
      </testcase>
      <testcase name="Test Cases/Web_Office/Navigation_Checks/Cases/Cases_Top" time="149.376" classname="Test Cases/Web_Office/Navigation_Checks/Cases/Cases_Top" status="PASSED">
         <system-out><![CDATA[2020-04-27 11:54:33 - [TEST_CASE][PASSED] - Test Cases/Web_Office/Navigation_Checks/Cases/Cases_Top: Test Cases/Web_Office/Navigation_Checks/Cases/Cases_Top

2020-04-27 11:54:33 - [TEST_STEP][PASSED] - "--------------------------------------": null

2020-04-27 11:54:33 - [TEST_STEP][PASSED] - " Web Office StartUp                  |": null

2020-04-27 11:54:33 - [TEST_STEP][PASSED] - callTestCase(findTestCase("Reusable_Test_Sequences/Web_Office/Directives/WebOffice_StartUp"), [:], STOP_ON_FAILURE): Call Test Case 'Test Cases/Reusable_Test_Sequences/Web_Office/Directives/WebOffice_StartUp' successfully

2020-04-27 11:54:33 - [TEST_CASE][PASSED] - Test Cases/Reusable_Test_Sequences/Web_Office/Directives/WebOffice_StartUp: Test Cases/Reusable_Test_Sequences/Web_Office/Directives/WebOffice_StartUp

2020-04-27 11:54:33 - [TEST_STEP][PASSED] - "-----------------------------------------------------------------------------": null

2020-04-27 11:54:33 - [TEST_STEP][PASSED] - if (URL == "https://www.dev.checkatrade.com/"): null

2020-04-27 11:54:33 - [TEST_STEP][PASSED] - "-----------------------------------------------------------------------------": null

2020-04-27 11:54:33 - [TEST_STEP][PASSED] - if (URL == "https://www.checkatrade.com/"): null

2020-04-27 11:54:33 - [TEST_STEP][PASSED] - "-----------------------------------------------------------------------------": null

2020-04-27 11:54:33 - [TEST_STEP][PASSED] - if (URL == "https://www.preview.checkatrade.com/"): null

2020-04-27 11:54:33 - [TEST_STEP][PASSED] - WebOfficeURL = "https://admin.preview.checkatrade.com/": null

2020-04-27 11:54:33 - [TEST_STEP][PASSED] - if (URL == "https://www.dev2.checkatrade.com/"): null

2020-04-27 11:54:33 - [TEST_STEP][PASSED] - "Set Function Area for "URL_Handler", URL Resolution": null

2020-04-27 11:54:33 - [TEST_STEP][PASSED] - "Do Some Magic with URL(s) See the comments within URL Handler ": null

2020-04-27 11:54:33 - [TEST_STEP][PASSED] - "------------------------------------------------": null

2020-04-27 11:54:33 - [TEST_STEP][PASSED] - "Moved Login Credentials to <Default> profile 22/01/2020": null

2020-04-27 11:54:33 - [TEST_STEP][PASSED] - "------------------------------------------------": null

2020-04-27 11:54:33 - [TEST_STEP][PASSED] - "WebOfficeURL - Set from the ENVIRONMENT PROFILE ": null

2020-04-27 11:54:33 - [TEST_STEP][PASSED] - "OPEN BROWSER": null

2020-04-27 11:54:33 - [TEST_STEP][PASSED] - "eg - https://admin.preview.checkatrade.com/  ": null

2020-04-27 11:54:33 - [TEST_STEP][PASSED] - openBrowser(WebOfficeURL): Browser is opened with url: 'https://admin.preview.checkatrade.com/'

2020-04-27 11:54:33 - [MESSAGE][INFO] - Starting 'Firefox' driver

2020-04-27 11:54:33 - [MESSAGE][INFO] - Action delay is set to 0 milliseconds

2020-04-27 11:54:41 - [MESSAGE][PASSED] - Browser is opened with url: 'https://admin.preview.checkatrade.com/'

2020-04-27 11:54:41 - [TEST_STEP][PASSED] - maximizeWindow(): Current window maximized

2020-04-27 11:54:41 - [MESSAGE][PASSED] - Current window maximized

2020-04-27 11:54:41 - [TEST_STEP][PASSED] - waitForElementClickable(findTestObject("Object Repository/WebOffice/Page_Checkatrade - Administration - Login/Login_Button"), 25): Object 'Object Repository/WebOffice/Page_Checkatrade - Administration - Login/Login_Button' is clickable

2020-04-27 11:54:41 - [MESSAGE][PASSED] - Object 'Object Repository/WebOffice/Page_Checkatrade - Administration - Login/Login_Button' is clickable

2020-04-27 11:54:41 - [TEST_STEP][PASSED] - verifyTextPresent("Checkatrade Web Office", false): Text 'Checkatrade Web Office' is present on page 

2020-04-27 11:54:41 - [MESSAGE][PASSED] - Text 'Checkatrade Web Office' is present on page 

2020-04-27 11:54:41 - [TEST_STEP][PASSED] - verifyTextPresent("Access for staff use only", false): Text 'Access for staff use only' is present on page 

2020-04-27 11:54:42 - [MESSAGE][PASSED] - Text 'Access for staff use only' is present on page 

2020-04-27 11:54:42 - [TEST_STEP][PASSED] - verifyTextPresent("Forgotten password?", false): Text 'Forgotten password?' is present on page 

2020-04-27 11:54:42 - [MESSAGE][PASSED] - Text 'Forgotten password?' is present on page 

2020-04-27 11:54:42 - [TEST_STEP][PASSED] - setText(findTestObject("Object Repository/WebOffice/Page_Checkatrade - Administration - Login/input_Username_LoginControlUserName"), wo_Username): Text 'DavidHo' is set on object 'Object Repository/WebOffice/Page_Checkatrade - Administration - Login/input_Username_LoginControlUserName'

2020-04-27 11:54:42 - [MESSAGE][PASSED] - Text 'DavidHo' is set on object 'Object Repository/WebOffice/Page_Checkatrade - Administration - Login/input_Username_LoginControlUserName'

2020-04-27 11:54:42 - [TEST_STEP][PASSED] - setText(findTestObject("Object Repository/WebOffice/Page_Checkatrade - Administration - Login/input_Password_LoginControlPassword"), wo_Password): Text 'Check123' is set on object 'Object Repository/WebOffice/Page_Checkatrade - Administration - Login/input_Password_LoginControlPassword'

2020-04-27 11:54:42 - [MESSAGE][PASSED] - Text 'Check123' is set on object 'Object Repository/WebOffice/Page_Checkatrade - Administration - Login/input_Password_LoginControlPassword'

2020-04-27 11:54:42 - [TEST_STEP][PASSED] - click(findTestObject("Object Repository/WebOffice/Page_Checkatrade - Administration - Login/Login_Button")): Object: 'Object Repository/WebOffice/Page_Checkatrade - Administration - Login/Login_Button' is clicked on

2020-04-27 11:54:43 - [MESSAGE][PASSED] - Object: 'Object Repository/WebOffice/Page_Checkatrade - Administration - Login/Login_Button' is clicked on

2020-04-27 11:54:43 - [TEST_STEP][PASSED] - waitForPageLoad(60): Wait for page load successfully

2020-04-27 11:54:43 - [MESSAGE][PASSED] - Wait for page load successfully

2020-04-27 11:54:43 - [TEST_STEP][PASSED] - verifyTextPresent("Welcome " + wo_Username, false): Text 'Welcome DavidHo' is present on page 

2020-04-27 11:54:45 - [MESSAGE][PASSED] - Text 'Welcome DavidHo' is present on page 

2020-04-27 11:54:45 - [MESSAGE][PASSED] - Call Test Case 'Test Cases/Reusable_Test_Sequences/Web_Office/Directives/WebOffice_StartUp' successfully

2020-04-27 11:54:45 - [TEST_STEP][PASSED] - "--------------------------------------": null

2020-04-27 11:54:45 - [TEST_STEP][PASSED] - " Navigate Top level menu Item         |": null

2020-04-27 11:54:45 - [TEST_STEP][PASSED] - delay(5): Delayed 5 second(s)

2020-04-27 11:54:50 - [MESSAGE][PASSED] - Delayed 5 second(s)

2020-04-27 11:54:50 - [TEST_STEP][PASSED] - waitForPageLoad(60): Wait for page load successfully

2020-04-27 11:54:50 - [MESSAGE][PASSED] - Wait for page load successfully

2020-04-27 11:54:50 - [TEST_STEP][PASSED] - waitForElementClickable(findTestObject("Object Repository/WebOffice_Home_page/a_Cases"), 60): Object 'Object Repository/WebOffice_Home_page/a_Cases' is clickable

2020-04-27 11:54:50 - [MESSAGE][PASSED] - Object 'Object Repository/WebOffice_Home_page/a_Cases' is clickable

2020-04-27 11:54:50 - [TEST_STEP][PASSED] - click(findTestObject("Object Repository/WebOffice_Home_page/a_Cases")): Object: 'Object Repository/WebOffice_Home_page/a_Cases' is clicked on

2020-04-27 11:54:56 - [MESSAGE][PASSED] - Object: 'Object Repository/WebOffice_Home_page/a_Cases' is clicked on

2020-04-27 11:54:56 - [TEST_STEP][PASSED] - "--------------------------------------": null

2020-04-27 11:54:56 - [TEST_STEP][PASSED] - " Verify Returned Page Content         |": null

2020-04-27 11:54:56 - [TEST_STEP][PASSED] - waitForPageLoad(60): Wait for page load successfully

2020-04-27 11:54:56 - [MESSAGE][PASSED] - Wait for page load successfully

2020-04-27 11:54:56 - [TEST_STEP][PASSED] - delay(5): Delayed 5 second(s)

2020-04-27 11:55:01 - [MESSAGE][PASSED] - Delayed 5 second(s)

2020-04-27 11:55:01 - [TEST_STEP][PASSED] - verifyElementVisible(findTestObject("Object Repository/WebOffice/Cases_Top/Page_Checkatrade - Administration - Login/Page_/div_Todays Activity")): Object 'Object Repository/WebOffice/Cases_Top/Page_Checkatrade - Administration - Login/Page_/div_Todays Activity' is visible

2020-04-27 11:55:02 - [MESSAGE][PASSED] - Object 'Object Repository/WebOffice/Cases_Top/Page_Checkatrade - Administration - Login/Page_/div_Todays Activity' is visible

2020-04-27 11:55:02 - [TEST_STEP][PASSED] - verifyElementVisible(findTestObject("Object Repository/WebOffice/Cases_Top/Page_Checkatrade - Administration - Login/Page_/table_My To Do List")): Object 'Object Repository/WebOffice/Cases_Top/Page_Checkatrade - Administration - Login/Page_/table_My To Do List' is visible

2020-04-27 11:55:02 - [MESSAGE][PASSED] - Object 'Object Repository/WebOffice/Cases_Top/Page_Checkatrade - Administration - Login/Page_/table_My To Do List' is visible

2020-04-27 11:55:02 - [TEST_STEP][PASSED] - verifyElementVisible(findTestObject("Object Repository/WebOffice/Cases_Top/Page_Checkatrade - Administration - Login/Page_/h3_My Recent Comments")): Object 'Object Repository/WebOffice/Cases_Top/Page_Checkatrade - Administration - Login/Page_/h3_My Recent Comments' is visible

2020-04-27 11:55:02 - [MESSAGE][PASSED] - Object 'Object Repository/WebOffice/Cases_Top/Page_Checkatrade - Administration - Login/Page_/h3_My Recent Comments' is visible

2020-04-27 11:55:02 - [TEST_STEP][PASSED] - verifyElementVisible(findTestObject("Object Repository/WebOffice/Cases_Top/Page_Checkatrade - Administration - Login/Page_/th_By You")): Object 'Object Repository/WebOffice/Cases_Top/Page_Checkatrade - Administration - Login/Page_/th_By You' is visible

2020-04-27 11:55:02 - [MESSAGE][PASSED] - Object 'Object Repository/WebOffice/Cases_Top/Page_Checkatrade - Administration - Login/Page_/th_By You' is visible

2020-04-27 11:55:02 - [TEST_STEP][PASSED] - verifyElementVisible(findTestObject("Object Repository/WebOffice/Cases_Top/Page_Checkatrade - Administration - Login/Page_/th_Your Department")): Object 'Object Repository/WebOffice/Cases_Top/Page_Checkatrade - Administration - Login/Page_/th_Your Department' is visible

2020-04-27 11:55:03 - [MESSAGE][PASSED] - Object 'Object Repository/WebOffice/Cases_Top/Page_Checkatrade - Administration - Login/Page_/th_Your Department' is visible

2020-04-27 11:55:03 - [TEST_STEP][PASSED] - verifyElementVisible(findTestObject("Object Repository/WebOffice/Cases_Top/Page_Checkatrade - Administration - Login/Page_/th_Everybody")): Object 'Object Repository/WebOffice/Cases_Top/Page_Checkatrade - Administration - Login/Page_/th_Everybody' is visible

2020-04-27 11:55:03 - [MESSAGE][PASSED] - Object 'Object Repository/WebOffice/Cases_Top/Page_Checkatrade - Administration - Login/Page_/th_Everybody' is visible

2020-04-27 11:55:03 - [TEST_STEP][PASSED] - verifyElementVisible(findTestObject("Object Repository/WebOffice/Cases_Top/Page_Checkatrade - Administration - Login/Page_/td_Cases Created")): Object 'Object Repository/WebOffice/Cases_Top/Page_Checkatrade - Administration - Login/Page_/td_Cases Created' is visible

2020-04-27 11:55:03 - [MESSAGE][PASSED] - Object 'Object Repository/WebOffice/Cases_Top/Page_Checkatrade - Administration - Login/Page_/td_Cases Created' is visible

2020-04-27 11:55:03 - [TEST_STEP][PASSED] - verifyElementVisible(findTestObject("Object Repository/WebOffice/Cases_Top/Page_Checkatrade - Administration - Login/Page_/td_Comments Added")): Object 'Object Repository/WebOffice/Cases_Top/Page_Checkatrade - Administration - Login/Page_/td_Comments Added' is visible

2020-04-27 11:55:03 - [MESSAGE][PASSED] - Object 'Object Repository/WebOffice/Cases_Top/Page_Checkatrade - Administration - Login/Page_/td_Comments Added' is visible

2020-04-27 11:55:03 - [TEST_STEP][PASSED] - verifyElementVisible(findTestObject("Object Repository/WebOffice/Cases_Top/Page_Checkatrade - Administration - Login/Page_/td_To Do Items Done")): Object 'Object Repository/WebOffice/Cases_Top/Page_Checkatrade - Administration - Login/Page_/td_To Do Items Done' is visible

2020-04-27 11:55:03 - [MESSAGE][PASSED] - Object 'Object Repository/WebOffice/Cases_Top/Page_Checkatrade - Administration - Login/Page_/td_To Do Items Done' is visible

2020-04-27 11:55:03 - [TEST_STEP][PASSED] - verifyTextPresent("Cases", false): Text 'Cases' is present on page 

2020-04-27 11:55:14 - [MESSAGE][PASSED] - Text 'Cases' is present on page 

2020-04-27 11:55:14 - [TEST_STEP][PASSED] - verifyTextPresent("My To Do List", false): Text 'My To Do List' is present on page 

2020-04-27 11:55:28 - [MESSAGE][PASSED] - Text 'My To Do List' is present on page 

2020-04-27 11:55:28 - [TEST_STEP][PASSED] - verifyTextPresent("Member Engagement Calls", false): Text 'Member Engagement Calls' is present on page 

2020-04-27 11:55:41 - [MESSAGE][PASSED] - Text 'Member Engagement Calls' is present on page 

2020-04-27 11:55:41 - [TEST_STEP][PASSED] - verifyTextPresent("TradeRegister", false): Text 'TradeRegister' is present on page 

2020-04-27 11:55:49 - [MESSAGE][PASSED] - Text 'TradeRegister' is present on page 

2020-04-27 11:55:49 - [TEST_STEP][PASSED] - verifyTextPresent("Admin", false): Text 'Admin' is present on page 

2020-04-27 11:55:57 - [MESSAGE][PASSED] - Text 'Admin' is present on page 

2020-04-27 11:55:57 - [TEST_STEP][PASSED] - verifyTextPresent("Appointment", false): Text 'Appointment' is present on page 

2020-04-27 11:56:07 - [MESSAGE][PASSED] - Text 'Appointment' is present on page 

2020-04-27 11:56:07 - [TEST_STEP][PASSED] - verifyTextPresent("Cold Call", false): Text 'Cold Call' is present on page 

2020-04-27 11:56:19 - [MESSAGE][PASSED] - Text 'Cold Call' is present on page 

2020-04-27 11:56:19 - [TEST_STEP][PASSED] - verifyTextPresent("New Recommendation", false): Text 'New Recommendation' is present on page 

2020-04-27 11:56:28 - [MESSAGE][PASSED] - Text 'New Recommendation' is present on page 

2020-04-27 11:56:28 - [TEST_STEP][PASSED] - verifyTextPresent("Membership Tasks", false): Text 'Membership Tasks' is present on page 

2020-04-27 11:56:38 - [MESSAGE][PASSED] - Text 'Membership Tasks' is present on page 

2020-04-27 11:56:38 - [TEST_STEP][PASSED] - verifyTextPresent("Cancellation > MA", false): Text 'Cancellation > MA' is present on page 

2020-04-27 11:56:49 - [MESSAGE][PASSED] - Text 'Cancellation > MA' is present on page 

2020-04-27 11:56:49 - [TEST_STEP][PASSED] - verifyTextPresent("Follow Up Call", false): Text 'Follow Up Call' is present on page 

2020-04-27 11:57:01 - [MESSAGE][PASSED] - Text 'Follow Up Call' is present on page 

2020-04-27 11:57:01 - [TEST_STEP][PASSED] - "--------------------------": null

2020-04-27 11:57:01 - [TEST_STEP][PASSED] - " Teardown - CLose Browser |": null

2020-04-27 11:57:01 - [TEST_STEP][PASSED] - callTestCase(findTestCase("Reusable_Test_Sequences/CAT_Teardown"), [:], OPTIONAL): Call Test Case 'Test Cases/Reusable_Test_Sequences/CAT_Teardown' successfully

2020-04-27 11:57:01 - [TEST_CASE][PASSED] - Test Cases/Reusable_Test_Sequences/CAT_Teardown: Test Cases/Reusable_Test_Sequences/CAT_Teardown

2020-04-27 11:57:01 - [TEST_STEP][PASSED] - closeBrowser(): Browser is closed

2020-04-27 11:57:02 - [MESSAGE][PASSED] - Browser is closed

2020-04-27 11:57:02 - [TEST_STEP][PASSED] - super.finalize(): null

2020-04-27 11:57:02 - [TEST_STEP][PASSED] - System.gc(): null

2020-04-27 11:57:02 - [MESSAGE][PASSED] - Call Test Case 'Test Cases/Reusable_Test_Sequences/CAT_Teardown' successfully]]></system-out>
         <system-err><![CDATA[]]></system-err>
      </testcase>
      <testcase name="Test Cases/Web_Office/Navigation_Checks/Reports/Reports_Top" time="39.897" classname="Test Cases/Web_Office/Navigation_Checks/Reports/Reports_Top" status="PASSED">
         <system-out><![CDATA[2020-04-27 11:57:02 - [TEST_CASE][PASSED] - Test Cases/Web_Office/Navigation_Checks/Reports/Reports_Top: Test Cases/Web_Office/Navigation_Checks/Reports/Reports_Top

2020-04-27 11:57:02 - [TEST_STEP][PASSED] - "--------------------------------------": null

2020-04-27 11:57:02 - [TEST_STEP][PASSED] - " Web Office StartUp                  |": null

2020-04-27 11:57:02 - [TEST_STEP][PASSED] - callTestCase(findTestCase("Reusable_Test_Sequences/Web_Office/Directives/WebOffice_StartUp"), [:], STOP_ON_FAILURE): Call Test Case 'Test Cases/Reusable_Test_Sequences/Web_Office/Directives/WebOffice_StartUp' successfully

2020-04-27 11:57:03 - [TEST_CASE][PASSED] - Test Cases/Reusable_Test_Sequences/Web_Office/Directives/WebOffice_StartUp: Test Cases/Reusable_Test_Sequences/Web_Office/Directives/WebOffice_StartUp

2020-04-27 11:57:03 - [TEST_STEP][PASSED] - "-----------------------------------------------------------------------------": null

2020-04-27 11:57:03 - [TEST_STEP][PASSED] - if (URL == "https://www.dev.checkatrade.com/"): null

2020-04-27 11:57:03 - [TEST_STEP][PASSED] - "-----------------------------------------------------------------------------": null

2020-04-27 11:57:03 - [TEST_STEP][PASSED] - if (URL == "https://www.checkatrade.com/"): null

2020-04-27 11:57:03 - [TEST_STEP][PASSED] - "-----------------------------------------------------------------------------": null

2020-04-27 11:57:03 - [TEST_STEP][PASSED] - if (URL == "https://www.preview.checkatrade.com/"): null

2020-04-27 11:57:03 - [TEST_STEP][PASSED] - WebOfficeURL = "https://admin.preview.checkatrade.com/": null

2020-04-27 11:57:03 - [TEST_STEP][PASSED] - if (URL == "https://www.dev2.checkatrade.com/"): null

2020-04-27 11:57:03 - [TEST_STEP][PASSED] - "Set Function Area for "URL_Handler", URL Resolution": null

2020-04-27 11:57:03 - [TEST_STEP][PASSED] - "Do Some Magic with URL(s) See the comments within URL Handler ": null

2020-04-27 11:57:03 - [TEST_STEP][PASSED] - "------------------------------------------------": null

2020-04-27 11:57:03 - [TEST_STEP][PASSED] - "Moved Login Credentials to <Default> profile 22/01/2020": null

2020-04-27 11:57:03 - [TEST_STEP][PASSED] - "------------------------------------------------": null

2020-04-27 11:57:03 - [TEST_STEP][PASSED] - "WebOfficeURL - Set from the ENVIRONMENT PROFILE ": null

2020-04-27 11:57:03 - [TEST_STEP][PASSED] - "OPEN BROWSER": null

2020-04-27 11:57:03 - [TEST_STEP][PASSED] - "eg - https://admin.preview.checkatrade.com/  ": null

2020-04-27 11:57:03 - [TEST_STEP][PASSED] - openBrowser(WebOfficeURL): Browser is opened with url: 'https://admin.preview.checkatrade.com/'

2020-04-27 11:57:03 - [MESSAGE][INFO] - Starting 'Firefox' driver

2020-04-27 11:57:03 - [MESSAGE][INFO] - Action delay is set to 0 milliseconds

2020-04-27 11:57:08 - [MESSAGE][PASSED] - Browser is opened with url: 'https://admin.preview.checkatrade.com/'

2020-04-27 11:57:08 - [TEST_STEP][PASSED] - maximizeWindow(): Current window maximized

2020-04-27 11:57:08 - [MESSAGE][PASSED] - Current window maximized

2020-04-27 11:57:08 - [TEST_STEP][PASSED] - waitForElementClickable(findTestObject("Object Repository/WebOffice/Page_Checkatrade - Administration - Login/Login_Button"), 25): Object 'Object Repository/WebOffice/Page_Checkatrade - Administration - Login/Login_Button' is clickable

2020-04-27 11:57:09 - [MESSAGE][PASSED] - Object 'Object Repository/WebOffice/Page_Checkatrade - Administration - Login/Login_Button' is clickable

2020-04-27 11:57:09 - [TEST_STEP][PASSED] - verifyTextPresent("Checkatrade Web Office", false): Text 'Checkatrade Web Office' is present on page 

2020-04-27 11:57:09 - [MESSAGE][PASSED] - Text 'Checkatrade Web Office' is present on page 

2020-04-27 11:57:09 - [TEST_STEP][PASSED] - verifyTextPresent("Access for staff use only", false): Text 'Access for staff use only' is present on page 

2020-04-27 11:57:09 - [MESSAGE][PASSED] - Text 'Access for staff use only' is present on page 

2020-04-27 11:57:09 - [TEST_STEP][PASSED] - verifyTextPresent("Forgotten password?", false): Text 'Forgotten password?' is present on page 

2020-04-27 11:57:09 - [MESSAGE][PASSED] - Text 'Forgotten password?' is present on page 

2020-04-27 11:57:09 - [TEST_STEP][PASSED] - setText(findTestObject("Object Repository/WebOffice/Page_Checkatrade - Administration - Login/input_Username_LoginControlUserName"), wo_Username): Text 'DavidHo' is set on object 'Object Repository/WebOffice/Page_Checkatrade - Administration - Login/input_Username_LoginControlUserName'

2020-04-27 11:57:09 - [MESSAGE][PASSED] - Text 'DavidHo' is set on object 'Object Repository/WebOffice/Page_Checkatrade - Administration - Login/input_Username_LoginControlUserName'

2020-04-27 11:57:09 - [TEST_STEP][PASSED] - setText(findTestObject("Object Repository/WebOffice/Page_Checkatrade - Administration - Login/input_Password_LoginControlPassword"), wo_Password): Text 'Check123' is set on object 'Object Repository/WebOffice/Page_Checkatrade - Administration - Login/input_Password_LoginControlPassword'

2020-04-27 11:57:09 - [MESSAGE][PASSED] - Text 'Check123' is set on object 'Object Repository/WebOffice/Page_Checkatrade - Administration - Login/input_Password_LoginControlPassword'

2020-04-27 11:57:09 - [TEST_STEP][PASSED] - click(findTestObject("Object Repository/WebOffice/Page_Checkatrade - Administration - Login/Login_Button")): Object: 'Object Repository/WebOffice/Page_Checkatrade - Administration - Login/Login_Button' is clicked on

2020-04-27 11:57:12 - [MESSAGE][PASSED] - Object: 'Object Repository/WebOffice/Page_Checkatrade - Administration - Login/Login_Button' is clicked on

2020-04-27 11:57:12 - [TEST_STEP][PASSED] - waitForPageLoad(60): Wait for page load successfully

2020-04-27 11:57:12 - [MESSAGE][PASSED] - Wait for page load successfully

2020-04-27 11:57:12 - [TEST_STEP][PASSED] - verifyTextPresent("Welcome " + wo_Username, false): Text 'Welcome DavidHo' is present on page 

2020-04-27 11:57:13 - [MESSAGE][PASSED] - Text 'Welcome DavidHo' is present on page 

2020-04-27 11:57:13 - [MESSAGE][PASSED] - Call Test Case 'Test Cases/Reusable_Test_Sequences/Web_Office/Directives/WebOffice_StartUp' successfully

2020-04-27 11:57:13 - [TEST_STEP][PASSED] - "--------------------------------------": null

2020-04-27 11:57:13 - [TEST_STEP][PASSED] - " Navigate Top level menu Item         |": null

2020-04-27 11:57:13 - [TEST_STEP][PASSED] - waitForPageLoad(60): Wait for page load successfully

2020-04-27 11:57:13 - [MESSAGE][PASSED] - Wait for page load successfully

2020-04-27 11:57:13 - [TEST_STEP][PASSED] - waitForElementClickable(findTestObject("Object Repository/WebOffice_Home_page/a_Reports"), 60): Object 'Object Repository/WebOffice_Home_page/a_Reports' is clickable

2020-04-27 11:57:13 - [MESSAGE][PASSED] - Object 'Object Repository/WebOffice_Home_page/a_Reports' is clickable

2020-04-27 11:57:13 - [TEST_STEP][PASSED] - click(findTestObject("Object Repository/WebOffice_Home_page/a_Reports")): Object: 'Object Repository/WebOffice_Home_page/a_Reports' is clicked on

2020-04-27 11:57:18 - [MESSAGE][PASSED] - Object: 'Object Repository/WebOffice_Home_page/a_Reports' is clicked on

2020-04-27 11:57:18 - [TEST_STEP][PASSED] - delay(2): Delayed 2 second(s)

2020-04-27 11:57:20 - [MESSAGE][PASSED] - Delayed 2 second(s)

2020-04-27 11:57:20 - [TEST_STEP][PASSED] - waitForPageLoad(60): Wait for page load successfully

2020-04-27 11:57:20 - [MESSAGE][PASSED] - Wait for page load successfully

2020-04-27 11:57:20 - [TEST_STEP][PASSED] - waitForElementVisible(findTestObject("Object Repository/WebOffice/Cases_Top/Reports_Top/Page_/img_See more _ctl00_CP1_WebChart1"), 60): Object 'Object Repository/WebOffice/Cases_Top/Reports_Top/Page_/img_See more _ctl00_CP1_WebChart1' is visible

2020-04-27 11:57:36 - [MESSAGE][PASSED] - Object 'Object Repository/WebOffice/Cases_Top/Reports_Top/Page_/img_See more _ctl00_CP1_WebChart1' is visible

2020-04-27 11:57:36 - [TEST_STEP][PASSED] - "--------------------------------------": null

2020-04-27 11:57:36 - [TEST_STEP][PASSED] - " Verify Returned Page Content         |": null

2020-04-27 11:57:36 - [TEST_STEP][PASSED] - "--------------------------------------": null

2020-04-27 11:57:36 - [TEST_STEP][PASSED] - verifyTextPresent("Web Activity", false): Text 'Web Activity' is present on page 

2020-04-27 11:57:36 - [MESSAGE][PASSED] - Text 'Web Activity' is present on page 

2020-04-27 11:57:36 - [TEST_STEP][PASSED] - verifyTextPresent("Recent Searches", false): Text 'Recent Searches' is present on page 

2020-04-27 11:57:37 - [MESSAGE][PASSED] - Text 'Recent Searches' is present on page 

2020-04-27 11:57:37 - [TEST_STEP][PASSED] - verifyTextPresent("Search on", false): Text 'Search on' is present on page 

2020-04-27 11:57:37 - [MESSAGE][PASSED] - Text 'Search on' is present on page 

2020-04-27 11:57:37 - [TEST_STEP][PASSED] - verifyTextPresent("Search for", false): Text 'Search for' is present on page 

2020-04-27 11:57:38 - [MESSAGE][PASSED] - Text 'Search for' is present on page 

2020-04-27 11:57:38 - [TEST_STEP][PASSED] - verifyTextPresent("In", false): Text 'In' is present on page 

2020-04-27 11:57:38 - [MESSAGE][PASSED] - Text 'In' is present on page 

2020-04-27 11:57:38 - [TEST_STEP][PASSED] - verifyTextPresent("No. Results", false): Text 'No. Results' is present on page 

2020-04-27 11:57:39 - [MESSAGE][PASSED] - Text 'No. Results' is present on page 

2020-04-27 11:57:39 - [TEST_STEP][PASSED] - verifyTextPresent("See more …", false): Text 'See more …' is present on page 

2020-04-27 11:57:39 - [MESSAGE][PASSED] - Text 'See more …' is present on page 

2020-04-27 11:57:39 - [TEST_STEP][PASSED] - verifyTextPresent("Most Viewed Companies (in past 7 days)", false): Text 'Most Viewed Companies (in past 7 days)' is present on page 

2020-04-27 11:57:39 - [MESSAGE][PASSED] - Text 'Most Viewed Companies (in past 7 days)' is present on page 

2020-04-27 11:57:39 - [TEST_STEP][PASSED] - verifyTextPresent("Company", false): Text 'Company' is present on page 

2020-04-27 11:57:40 - [MESSAGE][PASSED] - Text 'Company' is present on page 

2020-04-27 11:57:40 - [TEST_STEP][PASSED] - verifyElementVisible(findTestObject("Object Repository/WebOffice/Cases_Top/Reports_Top/Page_/img_See more _ctl00_CP1_WebChart1")): Object 'Object Repository/WebOffice/Cases_Top/Reports_Top/Page_/img_See more _ctl00_CP1_WebChart1' is visible

2020-04-27 11:57:40 - [MESSAGE][PASSED] - Object 'Object Repository/WebOffice/Cases_Top/Reports_Top/Page_/img_See more _ctl00_CP1_WebChart1' is visible

2020-04-27 11:57:40 - [TEST_STEP][PASSED] - verifyElementVisible(findTestObject("Object Repository/WebOffice/Cases_Top/Reports_Top/Page_/th_Date")): Object 'Object Repository/WebOffice/Cases_Top/Reports_Top/Page_/th_Date' is visible

2020-04-27 11:57:40 - [MESSAGE][PASSED] - Object 'Object Repository/WebOffice/Cases_Top/Reports_Top/Page_/th_Date' is visible

2020-04-27 11:57:40 - [TEST_STEP][PASSED] - verifyElementVisible(findTestObject("Object Repository/WebOffice/Cases_Top/Reports_Top/Page_/th_Unique Visitors")): Object 'Object Repository/WebOffice/Cases_Top/Reports_Top/Page_/th_Unique Visitors' is visible

2020-04-27 11:57:40 - [MESSAGE][PASSED] - Object 'Object Repository/WebOffice/Cases_Top/Reports_Top/Page_/th_Unique Visitors' is visible

2020-04-27 11:57:40 - [TEST_STEP][PASSED] - verifyElementVisible(findTestObject("Object Repository/WebOffice/Cases_Top/Reports_Top/Page_/th_Searches")): Object 'Object Repository/WebOffice/Cases_Top/Reports_Top/Page_/th_Searches' is visible

2020-04-27 11:57:40 - [MESSAGE][PASSED] - Object 'Object Repository/WebOffice/Cases_Top/Reports_Top/Page_/th_Searches' is visible

2020-04-27 11:57:40 - [TEST_STEP][PASSED] - verifyElementVisible(findTestObject("Object Repository/WebOffice/Cases_Top/Reports_Top/Page_/th_Company Views")): Object 'Object Repository/WebOffice/Cases_Top/Reports_Top/Page_/th_Company Views' is visible

2020-04-27 11:57:40 - [MESSAGE][PASSED] - Object 'Object Repository/WebOffice/Cases_Top/Reports_Top/Page_/th_Company Views' is visible

2020-04-27 11:57:40 - [TEST_STEP][PASSED] - "--------------------------": null

2020-04-27 11:57:40 - [TEST_STEP][PASSED] - " Teardown - CLose Browser |": null

2020-04-27 11:57:40 - [TEST_STEP][PASSED] - callTestCase(findTestCase("Reusable_Test_Sequences/CAT_Teardown"), [:], OPTIONAL): Call Test Case 'Test Cases/Reusable_Test_Sequences/CAT_Teardown' successfully

2020-04-27 11:57:40 - [TEST_CASE][PASSED] - Test Cases/Reusable_Test_Sequences/CAT_Teardown: Test Cases/Reusable_Test_Sequences/CAT_Teardown

2020-04-27 11:57:40 - [TEST_STEP][PASSED] - closeBrowser(): Browser is closed

2020-04-27 11:57:42 - [MESSAGE][PASSED] - Browser is closed

2020-04-27 11:57:42 - [TEST_STEP][PASSED] - super.finalize(): null

2020-04-27 11:57:42 - [TEST_STEP][PASSED] - System.gc(): null

2020-04-27 11:57:42 - [MESSAGE][PASSED] - Call Test Case 'Test Cases/Reusable_Test_Sequences/CAT_Teardown' successfully]]></system-out>
         <system-err><![CDATA[]]></system-err>
      </testcase>
      <testcase name="Test Cases/Web_Office/Sales_Area/Member_Benefits" time="15.977" classname="Test Cases/Web_Office/Sales_Area/Member_Benefits" status="PASSED">
         <system-out><![CDATA[2020-04-27 11:57:42 - [TEST_CASE][PASSED] - Test Cases/Web_Office/Sales_Area/Member_Benefits: Test Cases/Web_Office/Sales_Area/Member_Benefits

2020-04-27 11:57:42 - [TEST_STEP][PASSED] - "--------------------------------------": null

2020-04-27 11:57:42 - [TEST_STEP][PASSED] - " Web Office StartUp                  |": null

2020-04-27 11:57:42 - [TEST_STEP][PASSED] - callTestCase(findTestCase("Reusable_Test_Sequences/Web_Office/Directives/WebOffice_StartUp"), [:], STOP_ON_FAILURE): Call Test Case 'Test Cases/Reusable_Test_Sequences/Web_Office/Directives/WebOffice_StartUp' successfully

2020-04-27 11:57:42 - [TEST_CASE][PASSED] - Test Cases/Reusable_Test_Sequences/Web_Office/Directives/WebOffice_StartUp: Test Cases/Reusable_Test_Sequences/Web_Office/Directives/WebOffice_StartUp

2020-04-27 11:57:42 - [TEST_STEP][PASSED] - "-----------------------------------------------------------------------------": null

2020-04-27 11:57:42 - [TEST_STEP][PASSED] - if (URL == "https://www.dev.checkatrade.com/"): null

2020-04-27 11:57:42 - [TEST_STEP][PASSED] - "-----------------------------------------------------------------------------": null

2020-04-27 11:57:42 - [TEST_STEP][PASSED] - if (URL == "https://www.checkatrade.com/"): null

2020-04-27 11:57:42 - [TEST_STEP][PASSED] - "-----------------------------------------------------------------------------": null

2020-04-27 11:57:42 - [TEST_STEP][PASSED] - if (URL == "https://www.preview.checkatrade.com/"): null

2020-04-27 11:57:42 - [TEST_STEP][PASSED] - WebOfficeURL = "https://admin.preview.checkatrade.com/": null

2020-04-27 11:57:42 - [TEST_STEP][PASSED] - if (URL == "https://www.dev2.checkatrade.com/"): null

2020-04-27 11:57:42 - [TEST_STEP][PASSED] - "Set Function Area for "URL_Handler", URL Resolution": null

2020-04-27 11:57:42 - [TEST_STEP][PASSED] - "Do Some Magic with URL(s) See the comments within URL Handler ": null

2020-04-27 11:57:42 - [TEST_STEP][PASSED] - "------------------------------------------------": null

2020-04-27 11:57:42 - [TEST_STEP][PASSED] - "Moved Login Credentials to <Default> profile 22/01/2020": null

2020-04-27 11:57:42 - [TEST_STEP][PASSED] - "------------------------------------------------": null

2020-04-27 11:57:42 - [TEST_STEP][PASSED] - "WebOfficeURL - Set from the ENVIRONMENT PROFILE ": null

2020-04-27 11:57:42 - [TEST_STEP][PASSED] - "OPEN BROWSER": null

2020-04-27 11:57:42 - [TEST_STEP][PASSED] - "eg - https://admin.preview.checkatrade.com/  ": null

2020-04-27 11:57:42 - [TEST_STEP][PASSED] - openBrowser(WebOfficeURL): Browser is opened with url: 'https://admin.preview.checkatrade.com/'

2020-04-27 11:57:42 - [MESSAGE][INFO] - Starting 'Firefox' driver

2020-04-27 11:57:42 - [MESSAGE][INFO] - Action delay is set to 0 milliseconds

2020-04-27 11:57:47 - [MESSAGE][PASSED] - Browser is opened with url: 'https://admin.preview.checkatrade.com/'

2020-04-27 11:57:47 - [TEST_STEP][PASSED] - maximizeWindow(): Current window maximized

2020-04-27 11:57:48 - [MESSAGE][PASSED] - Current window maximized

2020-04-27 11:57:48 - [TEST_STEP][PASSED] - waitForElementClickable(findTestObject("Object Repository/WebOffice/Page_Checkatrade - Administration - Login/Login_Button"), 25): Object 'Object Repository/WebOffice/Page_Checkatrade - Administration - Login/Login_Button' is clickable

2020-04-27 11:57:48 - [MESSAGE][PASSED] - Object 'Object Repository/WebOffice/Page_Checkatrade - Administration - Login/Login_Button' is clickable

2020-04-27 11:57:48 - [TEST_STEP][PASSED] - verifyTextPresent("Checkatrade Web Office", false): Text 'Checkatrade Web Office' is present on page 

2020-04-27 11:57:48 - [MESSAGE][PASSED] - Text 'Checkatrade Web Office' is present on page 

2020-04-27 11:57:48 - [TEST_STEP][PASSED] - verifyTextPresent("Access for staff use only", false): Text 'Access for staff use only' is present on page 

2020-04-27 11:57:48 - [MESSAGE][PASSED] - Text 'Access for staff use only' is present on page 

2020-04-27 11:57:48 - [TEST_STEP][PASSED] - verifyTextPresent("Forgotten password?", false): Text 'Forgotten password?' is present on page 

2020-04-27 11:57:48 - [MESSAGE][PASSED] - Text 'Forgotten password?' is present on page 

2020-04-27 11:57:48 - [TEST_STEP][PASSED] - setText(findTestObject("Object Repository/WebOffice/Page_Checkatrade - Administration - Login/input_Username_LoginControlUserName"), wo_Username): Text 'DavidHo' is set on object 'Object Repository/WebOffice/Page_Checkatrade - Administration - Login/input_Username_LoginControlUserName'

2020-04-27 11:57:48 - [MESSAGE][PASSED] - Text 'DavidHo' is set on object 'Object Repository/WebOffice/Page_Checkatrade - Administration - Login/input_Username_LoginControlUserName'

2020-04-27 11:57:48 - [TEST_STEP][PASSED] - setText(findTestObject("Object Repository/WebOffice/Page_Checkatrade - Administration - Login/input_Password_LoginControlPassword"), wo_Password): Text 'Check123' is set on object 'Object Repository/WebOffice/Page_Checkatrade - Administration - Login/input_Password_LoginControlPassword'

2020-04-27 11:57:48 - [MESSAGE][PASSED] - Text 'Check123' is set on object 'Object Repository/WebOffice/Page_Checkatrade - Administration - Login/input_Password_LoginControlPassword'

2020-04-27 11:57:48 - [TEST_STEP][PASSED] - click(findTestObject("Object Repository/WebOffice/Page_Checkatrade - Administration - Login/Login_Button")): Object: 'Object Repository/WebOffice/Page_Checkatrade - Administration - Login/Login_Button' is clicked on

2020-04-27 11:57:49 - [MESSAGE][PASSED] - Object: 'Object Repository/WebOffice/Page_Checkatrade - Administration - Login/Login_Button' is clicked on

2020-04-27 11:57:49 - [TEST_STEP][PASSED] - waitForPageLoad(60): Wait for page load successfully

2020-04-27 11:57:49 - [MESSAGE][PASSED] - Wait for page load successfully

2020-04-27 11:57:49 - [TEST_STEP][PASSED] - verifyTextPresent("Welcome " + wo_Username, false): Text 'Welcome DavidHo' is present on page 

2020-04-27 11:57:49 - [MESSAGE][PASSED] - Text 'Welcome DavidHo' is present on page 

2020-04-27 11:57:49 - [MESSAGE][PASSED] - Call Test Case 'Test Cases/Reusable_Test_Sequences/Web_Office/Directives/WebOffice_StartUp' successfully

2020-04-27 11:57:49 - [TEST_STEP][PASSED] - "--------------------------------------": null

2020-04-27 11:57:49 - [TEST_STEP][PASSED] - " Navigate to <Tools> Menu Item        |": null

2020-04-27 11:57:49 - [TEST_STEP][PASSED] - callTestCase(findTestCase("Reusable_Test_Sequences/Web_Office/Navigation/Sub_Menu_Navigation/Sales_Area/Member_Benefits"), [:], STOP_ON_FAILURE): Call Test Case 'Test Cases/Reusable_Test_Sequences/Web_Office/Navigation/Sub_Menu_Navigation/Sales_Area/Member_Benefits' successfully

2020-04-27 11:57:50 - [TEST_CASE][PASSED] - Test Cases/Reusable_Test_Sequences/Web_Office/Navigation/Sub_Menu_Navigation/Sales_Area/Member_Benefits: Test Cases/Reusable_Test_Sequences/Web_Office/Navigation/Sub_Menu_Navigation/Sales_Area/Member_Benefits

2020-04-27 11:57:50 - [TEST_STEP][PASSED] - "WIP TODO": null

2020-04-27 11:57:50 - [TEST_STEP][PASSED] - "--------------------------------------": null

2020-04-27 11:57:50 - [TEST_STEP][PASSED] - " Navigate Top level menu Item         |": null

2020-04-27 11:57:50 - [TEST_STEP][PASSED] - waitForPageLoad(60): Wait for page load successfully

2020-04-27 11:57:50 - [MESSAGE][PASSED] - Wait for page load successfully

2020-04-27 11:57:50 - [TEST_STEP][PASSED] - waitForElementClickable(findTestObject("Object Repository/WebOffice_Home_page/a_Sales Area"), 60): Object 'Object Repository/WebOffice_Home_page/a_Sales Area' is clickable

2020-04-27 11:57:50 - [MESSAGE][PASSED] - Object 'Object Repository/WebOffice_Home_page/a_Sales Area' is clickable

2020-04-27 11:57:50 - [TEST_STEP][PASSED] - mouseOver(findTestObject("Object Repository/WebOffice_Home_page/a_Sales Area")): Object: 'Object Repository/WebOffice_Home_page/a_Sales Area' is hovered

2020-04-27 11:57:50 - [MESSAGE][PASSED] - Object: 'Object Repository/WebOffice_Home_page/a_Sales Area' is hovered

2020-04-27 11:57:50 - [TEST_STEP][PASSED] - waitForElementClickable(findTestObject("Object Repository/WebOffice_Home_page/a_Member Benefits"), 1): Object 'Object Repository/WebOffice_Home_page/a_Member Benefits' is clickable

2020-04-27 11:57:50 - [MESSAGE][PASSED] - Object 'Object Repository/WebOffice_Home_page/a_Member Benefits' is clickable

2020-04-27 11:57:50 - [TEST_STEP][PASSED] - click(findTestObject("Object Repository/WebOffice_Home_page/a_Member Benefits")): Object: 'Object Repository/WebOffice_Home_page/a_Member Benefits' is clicked on

2020-04-27 11:57:51 - [MESSAGE][PASSED] - Object: 'Object Repository/WebOffice_Home_page/a_Member Benefits' is clicked on

2020-04-27 11:57:51 - [MESSAGE][PASSED] - Call Test Case 'Test Cases/Reusable_Test_Sequences/Web_Office/Navigation/Sub_Menu_Navigation/Sales_Area/Member_Benefits' successfully

2020-04-27 11:57:51 - [TEST_STEP][PASSED] - "--------------------------------------": null

2020-04-27 11:57:51 - [TEST_STEP][PASSED] - " Verify Returned Page Detail          |": null

2020-04-27 11:57:51 - [TEST_STEP][PASSED] - callTestCase(findTestCase("Reusable_Test_Sequences/Web_Office/Verification/Sales_Area/Member_Benefits"), [:], OPTIONAL): Call Test Case 'Test Cases/Reusable_Test_Sequences/Web_Office/Verification/Sales_Area/Member_Benefits' successfully

2020-04-27 11:57:51 - [TEST_CASE][PASSED] - Test Cases/Reusable_Test_Sequences/Web_Office/Verification/Sales_Area/Member_Benefits: Test Cases/Reusable_Test_Sequences/Web_Office/Verification/Sales_Area/Member_Benefits

2020-04-27 11:57:51 - [TEST_STEP][PASSED] - waitForPageLoad(60): Wait for page load successfully

2020-04-27 11:57:51 - [MESSAGE][PASSED] - Wait for page load successfully

2020-04-27 11:57:51 - [TEST_STEP][PASSED] - delay(1): Delayed 1 second(s)

2020-04-27 11:57:52 - [MESSAGE][PASSED] - Delayed 1 second(s)

2020-04-27 11:57:52 - [TEST_STEP][PASSED] - verifyTextPresent("Member Benefits", false): Text 'Member Benefits' is present on page 

2020-04-27 11:57:52 - [MESSAGE][PASSED] - Text 'Member Benefits' is present on page 

2020-04-27 11:57:52 - [TEST_STEP][PASSED] - verifyTextPresent("Add New...", false): Text 'Add New...' is present on page 

2020-04-27 11:57:53 - [MESSAGE][PASSED] - Text 'Add New...' is present on page 

2020-04-27 11:57:53 - [TEST_STEP][PASSED] - verifyTextPresent("Save Changes", false): Text 'Save Changes' is present on page 

2020-04-27 11:57:53 - [MESSAGE][PASSED] - Text 'Save Changes' is present on page 

2020-04-27 11:57:53 - [TEST_STEP][PASSED] - verifyTextPresent("Configure the Member Benefits that are listed on the Sales Area screen", false): Text 'Configure the Member Benefits that are listed on the Sales Area screen' is present on page 

2020-04-27 11:57:54 - [MESSAGE][PASSED] - Text 'Configure the Member Benefits that are listed on the Sales Area screen' is present on page 

2020-04-27 11:57:54 - [TEST_STEP][PASSED] - verifyTextPresent("Edit the member benefit descriptions and re-order them", false): Text 'Edit the member benefit descriptions and re-order them' is present on page 

2020-04-27 11:57:54 - [MESSAGE][PASSED] - Text 'Edit the member benefit descriptions and re-order them' is present on page 

2020-04-27 11:57:54 - [TEST_STEP][PASSED] - verifyTextPresent("Benefits can be marked as hidden from the Sales Area screen or can be deleted permenantly", false): Text 'Benefits can be marked as hidden from the Sales Area screen or can be deleted permenantly' is present on page 

2020-04-27 11:57:54 - [MESSAGE][PASSED] - Text 'Benefits can be marked as hidden from the Sales Area screen or can be deleted permenantly' is present on page 

2020-04-27 11:57:54 - [TEST_STEP][PASSED] - verifyTextPresent("All changes will take effect when you click "Save Changes"", false): Text 'All changes will take effect when you click "Save Changes"' is present on page 

2020-04-27 11:57:55 - [MESSAGE][PASSED] - Text 'All changes will take effect when you click "Save Changes"' is present on page 

2020-04-27 11:57:55 - [TEST_STEP][PASSED] - verifyTextPresent("ID", false): Text 'ID' is present on page 

2020-04-27 11:57:55 - [MESSAGE][PASSED] - Text 'ID' is present on page 

2020-04-27 11:57:55 - [TEST_STEP][PASSED] - verifyTextPresent("Is Displayed", false): Text 'Is Displayed' is present on page 

2020-04-27 11:57:56 - [MESSAGE][PASSED] - Text 'Is Displayed' is present on page 

2020-04-27 11:57:56 - [TEST_STEP][PASSED] - verifyTextPresent("Member Benefit Description", false): Text 'Member Benefit Description' is present on page 

2020-04-27 11:57:56 - [MESSAGE][PASSED] - Text 'Member Benefit Description' is present on page 

2020-04-27 11:57:56 - [MESSAGE][PASSED] - Call Test Case 'Test Cases/Reusable_Test_Sequences/Web_Office/Verification/Sales_Area/Member_Benefits' successfully

2020-04-27 11:57:56 - [TEST_STEP][PASSED] - "--------------------------": null

2020-04-27 11:57:56 - [TEST_STEP][PASSED] - " Teardown - CLose Browser |": null

2020-04-27 11:57:56 - [TEST_STEP][PASSED] - callTestCase(findTestCase("Reusable_Test_Sequences/CAT_Teardown"), [:], OPTIONAL): Call Test Case 'Test Cases/Reusable_Test_Sequences/CAT_Teardown' successfully

2020-04-27 11:57:56 - [TEST_CASE][PASSED] - Test Cases/Reusable_Test_Sequences/CAT_Teardown: Test Cases/Reusable_Test_Sequences/CAT_Teardown

2020-04-27 11:57:56 - [TEST_STEP][PASSED] - closeBrowser(): Browser is closed

2020-04-27 11:57:58 - [MESSAGE][PASSED] - Browser is closed

2020-04-27 11:57:58 - [TEST_STEP][PASSED] - super.finalize(): null

2020-04-27 11:57:58 - [TEST_STEP][PASSED] - System.gc(): null

2020-04-27 11:57:58 - [MESSAGE][PASSED] - Call Test Case 'Test Cases/Reusable_Test_Sequences/CAT_Teardown' successfully]]></system-out>
         <system-err><![CDATA[]]></system-err>
      </testcase>
      <testcase name="Test Cases/Web_Office/Sales_Area/Consultancy_Questions" time="19.336" classname="Test Cases/Web_Office/Sales_Area/Consultancy_Questions" status="PASSED">
         <system-out><![CDATA[2020-04-27 11:57:58 - [TEST_CASE][PASSED] - Test Cases/Web_Office/Sales_Area/Consultancy_Questions: Test Cases/Web_Office/Sales_Area/Consultancy_Questions

2020-04-27 11:57:58 - [TEST_STEP][PASSED] - "--------------------------------------": null

2020-04-27 11:57:58 - [TEST_STEP][PASSED] - " Web Office StartUp                  |": null

2020-04-27 11:57:58 - [TEST_STEP][PASSED] - callTestCase(findTestCase("Reusable_Test_Sequences/Web_Office/Directives/WebOffice_StartUp"), [:], STOP_ON_FAILURE): Call Test Case 'Test Cases/Reusable_Test_Sequences/Web_Office/Directives/WebOffice_StartUp' successfully

2020-04-27 11:57:58 - [TEST_CASE][PASSED] - Test Cases/Reusable_Test_Sequences/Web_Office/Directives/WebOffice_StartUp: Test Cases/Reusable_Test_Sequences/Web_Office/Directives/WebOffice_StartUp

2020-04-27 11:57:58 - [TEST_STEP][PASSED] - "-----------------------------------------------------------------------------": null

2020-04-27 11:57:58 - [TEST_STEP][PASSED] - if (URL == "https://www.dev.checkatrade.com/"): null

2020-04-27 11:57:58 - [TEST_STEP][PASSED] - "-----------------------------------------------------------------------------": null

2020-04-27 11:57:58 - [TEST_STEP][PASSED] - if (URL == "https://www.checkatrade.com/"): null

2020-04-27 11:57:58 - [TEST_STEP][PASSED] - "-----------------------------------------------------------------------------": null

2020-04-27 11:57:58 - [TEST_STEP][PASSED] - if (URL == "https://www.preview.checkatrade.com/"): null

2020-04-27 11:57:58 - [TEST_STEP][PASSED] - WebOfficeURL = "https://admin.preview.checkatrade.com/": null

2020-04-27 11:57:58 - [TEST_STEP][PASSED] - if (URL == "https://www.dev2.checkatrade.com/"): null

2020-04-27 11:57:58 - [TEST_STEP][PASSED] - "Set Function Area for "URL_Handler", URL Resolution": null

2020-04-27 11:57:58 - [TEST_STEP][PASSED] - "Do Some Magic with URL(s) See the comments within URL Handler ": null

2020-04-27 11:57:58 - [TEST_STEP][PASSED] - "------------------------------------------------": null

2020-04-27 11:57:58 - [TEST_STEP][PASSED] - "Moved Login Credentials to <Default> profile 22/01/2020": null

2020-04-27 11:57:58 - [TEST_STEP][PASSED] - "------------------------------------------------": null

2020-04-27 11:57:58 - [TEST_STEP][PASSED] - "WebOfficeURL - Set from the ENVIRONMENT PROFILE ": null

2020-04-27 11:57:58 - [TEST_STEP][PASSED] - "OPEN BROWSER": null

2020-04-27 11:57:58 - [TEST_STEP][PASSED] - "eg - https://admin.preview.checkatrade.com/  ": null

2020-04-27 11:57:58 - [TEST_STEP][PASSED] - openBrowser(WebOfficeURL): Browser is opened with url: 'https://admin.preview.checkatrade.com/'

2020-04-27 11:57:58 - [MESSAGE][INFO] - Starting 'Firefox' driver

2020-04-27 11:57:58 - [MESSAGE][INFO] - Action delay is set to 0 milliseconds

2020-04-27 11:58:03 - [MESSAGE][PASSED] - Browser is opened with url: 'https://admin.preview.checkatrade.com/'

2020-04-27 11:58:03 - [TEST_STEP][PASSED] - maximizeWindow(): Current window maximized

2020-04-27 11:58:04 - [MESSAGE][PASSED] - Current window maximized

2020-04-27 11:58:04 - [TEST_STEP][PASSED] - waitForElementClickable(findTestObject("Object Repository/WebOffice/Page_Checkatrade - Administration - Login/Login_Button"), 25): Object 'Object Repository/WebOffice/Page_Checkatrade - Administration - Login/Login_Button' is clickable

2020-04-27 11:58:04 - [MESSAGE][PASSED] - Object 'Object Repository/WebOffice/Page_Checkatrade - Administration - Login/Login_Button' is clickable

2020-04-27 11:58:04 - [TEST_STEP][PASSED] - verifyTextPresent("Checkatrade Web Office", false): Text 'Checkatrade Web Office' is present on page 

2020-04-27 11:58:04 - [MESSAGE][PASSED] - Text 'Checkatrade Web Office' is present on page 

2020-04-27 11:58:04 - [TEST_STEP][PASSED] - verifyTextPresent("Access for staff use only", false): Text 'Access for staff use only' is present on page 

2020-04-27 11:58:04 - [MESSAGE][PASSED] - Text 'Access for staff use only' is present on page 

2020-04-27 11:58:04 - [TEST_STEP][PASSED] - verifyTextPresent("Forgotten password?", false): Text 'Forgotten password?' is present on page 

2020-04-27 11:58:04 - [MESSAGE][PASSED] - Text 'Forgotten password?' is present on page 

2020-04-27 11:58:04 - [TEST_STEP][PASSED] - setText(findTestObject("Object Repository/WebOffice/Page_Checkatrade - Administration - Login/input_Username_LoginControlUserName"), wo_Username): Text 'DavidHo' is set on object 'Object Repository/WebOffice/Page_Checkatrade - Administration - Login/input_Username_LoginControlUserName'

2020-04-27 11:58:04 - [MESSAGE][PASSED] - Text 'DavidHo' is set on object 'Object Repository/WebOffice/Page_Checkatrade - Administration - Login/input_Username_LoginControlUserName'

2020-04-27 11:58:04 - [TEST_STEP][PASSED] - setText(findTestObject("Object Repository/WebOffice/Page_Checkatrade - Administration - Login/input_Password_LoginControlPassword"), wo_Password): Text 'Check123' is set on object 'Object Repository/WebOffice/Page_Checkatrade - Administration - Login/input_Password_LoginControlPassword'

2020-04-27 11:58:04 - [MESSAGE][PASSED] - Text 'Check123' is set on object 'Object Repository/WebOffice/Page_Checkatrade - Administration - Login/input_Password_LoginControlPassword'

2020-04-27 11:58:04 - [TEST_STEP][PASSED] - click(findTestObject("Object Repository/WebOffice/Page_Checkatrade - Administration - Login/Login_Button")): Object: 'Object Repository/WebOffice/Page_Checkatrade - Administration - Login/Login_Button' is clicked on

2020-04-27 11:58:08 - [MESSAGE][PASSED] - Object: 'Object Repository/WebOffice/Page_Checkatrade - Administration - Login/Login_Button' is clicked on

2020-04-27 11:58:08 - [TEST_STEP][PASSED] - waitForPageLoad(60): Wait for page load successfully

2020-04-27 11:58:08 - [MESSAGE][PASSED] - Wait for page load successfully

2020-04-27 11:58:08 - [TEST_STEP][PASSED] - verifyTextPresent("Welcome " + wo_Username, false): Text 'Welcome DavidHo' is present on page 

2020-04-27 11:58:08 - [MESSAGE][PASSED] - Text 'Welcome DavidHo' is present on page 

2020-04-27 11:58:08 - [MESSAGE][PASSED] - Call Test Case 'Test Cases/Reusable_Test_Sequences/Web_Office/Directives/WebOffice_StartUp' successfully

2020-04-27 11:58:08 - [TEST_STEP][PASSED] - "--------------------------------------": null

2020-04-27 11:58:08 - [TEST_STEP][PASSED] - " Navigate to <Tools> Menu Item        |": null

2020-04-27 11:58:08 - [TEST_STEP][PASSED] - callTestCase(findTestCase("Reusable_Test_Sequences/Web_Office/Navigation/Sub_Menu_Navigation/Sales_Area/Consultancy_Questions"), [:], STOP_ON_FAILURE): Call Test Case 'Test Cases/Reusable_Test_Sequences/Web_Office/Navigation/Sub_Menu_Navigation/Sales_Area/Consultancy_Questions' successfully

2020-04-27 11:58:09 - [TEST_CASE][PASSED] - Test Cases/Reusable_Test_Sequences/Web_Office/Navigation/Sub_Menu_Navigation/Sales_Area/Consultancy_Questions: Test Cases/Reusable_Test_Sequences/Web_Office/Navigation/Sub_Menu_Navigation/Sales_Area/Consultancy_Questions

2020-04-27 11:58:09 - [TEST_STEP][PASSED] - "WIP TODO": null

2020-04-27 11:58:09 - [TEST_STEP][PASSED] - "--------------------------------------": null

2020-04-27 11:58:09 - [TEST_STEP][PASSED] - " Navigate Top level menu Item         |": null

2020-04-27 11:58:09 - [TEST_STEP][PASSED] - waitForPageLoad(60): Wait for page load successfully

2020-04-27 11:58:09 - [MESSAGE][PASSED] - Wait for page load successfully

2020-04-27 11:58:09 - [TEST_STEP][PASSED] - waitForElementClickable(findTestObject("Object Repository/WebOffice_Home_page/a_Sales Area"), 60): Object 'Object Repository/WebOffice_Home_page/a_Sales Area' is clickable

2020-04-27 11:58:09 - [MESSAGE][PASSED] - Object 'Object Repository/WebOffice_Home_page/a_Sales Area' is clickable

2020-04-27 11:58:09 - [TEST_STEP][PASSED] - mouseOver(findTestObject("Object Repository/WebOffice_Home_page/a_Sales Area")): Object: 'Object Repository/WebOffice_Home_page/a_Sales Area' is hovered

2020-04-27 11:58:09 - [MESSAGE][PASSED] - Object: 'Object Repository/WebOffice_Home_page/a_Sales Area' is hovered

2020-04-27 11:58:09 - [TEST_STEP][PASSED] - waitForElementClickable(findTestObject("Object Repository/WebOffice_Home_page/a_Consultancy Questions"), 1): Object 'Object Repository/WebOffice_Home_page/a_Consultancy Questions' is clickable

2020-04-27 11:58:09 - [MESSAGE][PASSED] - Object 'Object Repository/WebOffice_Home_page/a_Consultancy Questions' is clickable

2020-04-27 11:58:09 - [TEST_STEP][PASSED] - click(findTestObject("Object Repository/WebOffice_Home_page/a_Consultancy Questions")): Object: 'Object Repository/WebOffice_Home_page/a_Consultancy Questions' is clicked on

2020-04-27 11:58:10 - [MESSAGE][PASSED] - Object: 'Object Repository/WebOffice_Home_page/a_Consultancy Questions' is clicked on

2020-04-27 11:58:10 - [MESSAGE][PASSED] - Call Test Case 'Test Cases/Reusable_Test_Sequences/Web_Office/Navigation/Sub_Menu_Navigation/Sales_Area/Consultancy_Questions' successfully

2020-04-27 11:58:10 - [TEST_STEP][PASSED] - "--------------------------------------": null

2020-04-27 11:58:10 - [TEST_STEP][PASSED] - " Verify Returned Page Detail          |": null

2020-04-27 11:58:10 - [TEST_STEP][PASSED] - callTestCase(findTestCase("Reusable_Test_Sequences/Web_Office/Verification/Sales_Area/Consultancy_Questions"), [:], OPTIONAL): Call Test Case 'Test Cases/Reusable_Test_Sequences/Web_Office/Verification/Sales_Area/Consultancy_Questions' successfully

2020-04-27 11:58:10 - [TEST_CASE][PASSED] - Test Cases/Reusable_Test_Sequences/Web_Office/Verification/Sales_Area/Consultancy_Questions: Test Cases/Reusable_Test_Sequences/Web_Office/Verification/Sales_Area/Consultancy_Questions

2020-04-27 11:58:10 - [TEST_STEP][PASSED] - waitForPageLoad(60): Wait for page load successfully

2020-04-27 11:58:10 - [MESSAGE][PASSED] - Wait for page load successfully

2020-04-27 11:58:10 - [TEST_STEP][PASSED] - delay(1): Delayed 1 second(s)

2020-04-27 11:58:11 - [MESSAGE][PASSED] - Delayed 1 second(s)

2020-04-27 11:58:11 - [TEST_STEP][PASSED] - verifyTextPresent("Consultancy Questions", false): Text 'Consultancy Questions' is present on page 

2020-04-27 11:58:12 - [MESSAGE][PASSED] - Text 'Consultancy Questions' is present on page 

2020-04-27 11:58:12 - [TEST_STEP][PASSED] - verifyTextPresent("Add new section", false): Text 'Add new section' is present on page 

2020-04-27 11:58:12 - [MESSAGE][PASSED] - Text 'Add new section' is present on page 

2020-04-27 11:58:12 - [TEST_STEP][PASSED] - verifyTextPresent("Save changes", false): Text 'Save changes' is present on page 

2020-04-27 11:58:12 - [MESSAGE][PASSED] - Text 'Save changes' is present on page 

2020-04-27 11:58:12 - [TEST_STEP][PASSED] - verifyTextPresent("Configure the consultancy questions that are listed on the sales area screen", false): Text 'Configure the consultancy questions that are listed on the sales area screen' is present on page 

2020-04-27 11:58:13 - [MESSAGE][PASSED] - Text 'Configure the consultancy questions that are listed on the sales area screen' is present on page 

2020-04-27 11:58:13 - [TEST_STEP][PASSED] - verifyTextPresent("Edit the consultancy questions and re-order them", false): Text 'Edit the consultancy questions and re-order them' is present on page 

2020-04-27 11:58:13 - [MESSAGE][PASSED] - Text 'Edit the consultancy questions and re-order them' is present on page 

2020-04-27 11:58:13 - [TEST_STEP][PASSED] - verifyTextPresent("Questions can be marked as hidden from the sales area screen or can be deleted permenantly", false): Text 'Questions can be marked as hidden from the sales area screen or can be deleted permenantly' is present on page 

2020-04-27 11:58:13 - [MESSAGE][PASSED] - Text 'Questions can be marked as hidden from the sales area screen or can be deleted permenantly' is present on page 

2020-04-27 11:58:13 - [TEST_STEP][PASSED] - verifyTextPresent("You can add new sections and related questions", false): Text 'You can add new sections and related questions' is present on page 

2020-04-27 11:58:14 - [MESSAGE][PASSED] - Text 'You can add new sections and related questions' is present on page 

2020-04-27 11:58:14 - [TEST_STEP][PASSED] - verifyTextPresent("All changes will take effect when you click "Save Changes"", false): Text 'All changes will take effect when you click "Save Changes"' is present on page 

2020-04-27 11:58:14 - [MESSAGE][PASSED] - Text 'All changes will take effect when you click "Save Changes"' is present on page 

2020-04-27 11:58:14 - [TEST_STEP][PASSED] - verifyTextPresent("Is displayed", false): Text 'Is displayed' is present on page 

2020-04-27 11:58:15 - [MESSAGE][PASSED] - Text 'Is displayed' is present on page 

2020-04-27 11:58:15 - [TEST_STEP][PASSED] - verifyTextPresent("Question Description", false): Text 'Question Description' is present on page 

2020-04-27 11:58:15 - [MESSAGE][PASSED] - Text 'Question Description' is present on page 

2020-04-27 11:58:15 - [TEST_STEP][PASSED] - verifyTextPresent("ID", false): Text 'ID' is present on page 

2020-04-27 11:58:15 - [MESSAGE][PASSED] - Text 'ID' is present on page 

2020-04-27 11:58:15 - [MESSAGE][PASSED] - Call Test Case 'Test Cases/Reusable_Test_Sequences/Web_Office/Verification/Sales_Area/Consultancy_Questions' successfully

2020-04-27 11:58:15 - [TEST_STEP][PASSED] - "--------------------------": null

2020-04-27 11:58:15 - [TEST_STEP][PASSED] - " Teardown - CLose Browser |": null

2020-04-27 11:58:15 - [TEST_STEP][PASSED] - callTestCase(findTestCase("Reusable_Test_Sequences/CAT_Teardown"), [:], OPTIONAL): Call Test Case 'Test Cases/Reusable_Test_Sequences/CAT_Teardown' successfully

2020-04-27 11:58:15 - [TEST_CASE][PASSED] - Test Cases/Reusable_Test_Sequences/CAT_Teardown: Test Cases/Reusable_Test_Sequences/CAT_Teardown

2020-04-27 11:58:15 - [TEST_STEP][PASSED] - closeBrowser(): Browser is closed

2020-04-27 11:58:17 - [MESSAGE][PASSED] - Browser is closed

2020-04-27 11:58:17 - [TEST_STEP][PASSED] - super.finalize(): null

2020-04-27 11:58:17 - [TEST_STEP][PASSED] - System.gc(): null

2020-04-27 11:58:17 - [MESSAGE][PASSED] - Call Test Case 'Test Cases/Reusable_Test_Sequences/CAT_Teardown' successfully]]></system-out>
         <system-err><![CDATA[]]></system-err>
      </testcase>
      <testcase name="Test Cases/Web_Office/Sales_Area/Sales_Area" time="15.182" classname="Test Cases/Web_Office/Sales_Area/Sales_Area" status="PASSED">
         <system-out><![CDATA[2020-04-27 11:58:17 - [TEST_CASE][PASSED] - Test Cases/Web_Office/Sales_Area/Sales_Area: Test Cases/Web_Office/Sales_Area/Sales_Area

2020-04-27 11:58:18 - [TEST_STEP][PASSED] - "--------------------------------------": null

2020-04-27 11:58:18 - [TEST_STEP][PASSED] - " Web Office StartUp                  |": null

2020-04-27 11:58:18 - [TEST_STEP][PASSED] - callTestCase(findTestCase("Reusable_Test_Sequences/Web_Office/Directives/WebOffice_StartUp"), [:], STOP_ON_FAILURE): Call Test Case 'Test Cases/Reusable_Test_Sequences/Web_Office/Directives/WebOffice_StartUp' successfully

2020-04-27 11:58:18 - [TEST_CASE][PASSED] - Test Cases/Reusable_Test_Sequences/Web_Office/Directives/WebOffice_StartUp: Test Cases/Reusable_Test_Sequences/Web_Office/Directives/WebOffice_StartUp

2020-04-27 11:58:18 - [TEST_STEP][PASSED] - "-----------------------------------------------------------------------------": null

2020-04-27 11:58:18 - [TEST_STEP][PASSED] - if (URL == "https://www.dev.checkatrade.com/"): null

2020-04-27 11:58:18 - [TEST_STEP][PASSED] - "-----------------------------------------------------------------------------": null

2020-04-27 11:58:18 - [TEST_STEP][PASSED] - if (URL == "https://www.checkatrade.com/"): null

2020-04-27 11:58:18 - [TEST_STEP][PASSED] - "-----------------------------------------------------------------------------": null

2020-04-27 11:58:18 - [TEST_STEP][PASSED] - if (URL == "https://www.preview.checkatrade.com/"): null

2020-04-27 11:58:18 - [TEST_STEP][PASSED] - WebOfficeURL = "https://admin.preview.checkatrade.com/": null

2020-04-27 11:58:18 - [TEST_STEP][PASSED] - if (URL == "https://www.dev2.checkatrade.com/"): null

2020-04-27 11:58:18 - [TEST_STEP][PASSED] - "Set Function Area for "URL_Handler", URL Resolution": null

2020-04-27 11:58:18 - [TEST_STEP][PASSED] - "Do Some Magic with URL(s) See the comments within URL Handler ": null

2020-04-27 11:58:18 - [TEST_STEP][PASSED] - "------------------------------------------------": null

2020-04-27 11:58:18 - [TEST_STEP][PASSED] - "Moved Login Credentials to <Default> profile 22/01/2020": null

2020-04-27 11:58:18 - [TEST_STEP][PASSED] - "------------------------------------------------": null

2020-04-27 11:58:18 - [TEST_STEP][PASSED] - "WebOfficeURL - Set from the ENVIRONMENT PROFILE ": null

2020-04-27 11:58:18 - [TEST_STEP][PASSED] - "OPEN BROWSER": null

2020-04-27 11:58:18 - [TEST_STEP][PASSED] - "eg - https://admin.preview.checkatrade.com/  ": null

2020-04-27 11:58:18 - [TEST_STEP][PASSED] - openBrowser(WebOfficeURL): Browser is opened with url: 'https://admin.preview.checkatrade.com/'

2020-04-27 11:58:18 - [MESSAGE][INFO] - Starting 'Firefox' driver

2020-04-27 11:58:18 - [MESSAGE][INFO] - Action delay is set to 0 milliseconds

2020-04-27 11:58:22 - [MESSAGE][PASSED] - Browser is opened with url: 'https://admin.preview.checkatrade.com/'

2020-04-27 11:58:22 - [TEST_STEP][PASSED] - maximizeWindow(): Current window maximized

2020-04-27 11:58:23 - [MESSAGE][PASSED] - Current window maximized

2020-04-27 11:58:23 - [TEST_STEP][PASSED] - waitForElementClickable(findTestObject("Object Repository/WebOffice/Page_Checkatrade - Administration - Login/Login_Button"), 25): Object 'Object Repository/WebOffice/Page_Checkatrade - Administration - Login/Login_Button' is clickable

2020-04-27 11:58:23 - [MESSAGE][PASSED] - Object 'Object Repository/WebOffice/Page_Checkatrade - Administration - Login/Login_Button' is clickable

2020-04-27 11:58:23 - [TEST_STEP][PASSED] - verifyTextPresent("Checkatrade Web Office", false): Text 'Checkatrade Web Office' is present on page 

2020-04-27 11:58:23 - [MESSAGE][PASSED] - Text 'Checkatrade Web Office' is present on page 

2020-04-27 11:58:23 - [TEST_STEP][PASSED] - verifyTextPresent("Access for staff use only", false): Text 'Access for staff use only' is present on page 

2020-04-27 11:58:23 - [MESSAGE][PASSED] - Text 'Access for staff use only' is present on page 

2020-04-27 11:58:23 - [TEST_STEP][PASSED] - verifyTextPresent("Forgotten password?", false): Text 'Forgotten password?' is present on page 

2020-04-27 11:58:23 - [MESSAGE][PASSED] - Text 'Forgotten password?' is present on page 

2020-04-27 11:58:23 - [TEST_STEP][PASSED] - setText(findTestObject("Object Repository/WebOffice/Page_Checkatrade - Administration - Login/input_Username_LoginControlUserName"), wo_Username): Text 'DavidHo' is set on object 'Object Repository/WebOffice/Page_Checkatrade - Administration - Login/input_Username_LoginControlUserName'

2020-04-27 11:58:23 - [MESSAGE][PASSED] - Text 'DavidHo' is set on object 'Object Repository/WebOffice/Page_Checkatrade - Administration - Login/input_Username_LoginControlUserName'

2020-04-27 11:58:23 - [TEST_STEP][PASSED] - setText(findTestObject("Object Repository/WebOffice/Page_Checkatrade - Administration - Login/input_Password_LoginControlPassword"), wo_Password): Text 'Check123' is set on object 'Object Repository/WebOffice/Page_Checkatrade - Administration - Login/input_Password_LoginControlPassword'

2020-04-27 11:58:23 - [MESSAGE][PASSED] - Text 'Check123' is set on object 'Object Repository/WebOffice/Page_Checkatrade - Administration - Login/input_Password_LoginControlPassword'

2020-04-27 11:58:23 - [TEST_STEP][PASSED] - click(findTestObject("Object Repository/WebOffice/Page_Checkatrade - Administration - Login/Login_Button")): Object: 'Object Repository/WebOffice/Page_Checkatrade - Administration - Login/Login_Button' is clicked on

2020-04-27 11:58:24 - [MESSAGE][PASSED] - Object: 'Object Repository/WebOffice/Page_Checkatrade - Administration - Login/Login_Button' is clicked on

2020-04-27 11:58:24 - [TEST_STEP][PASSED] - waitForPageLoad(60): Wait for page load successfully

2020-04-27 11:58:24 - [MESSAGE][PASSED] - Wait for page load successfully

2020-04-27 11:58:24 - [TEST_STEP][PASSED] - verifyTextPresent("Welcome " + wo_Username, false): Text 'Welcome DavidHo' is present on page 

2020-04-27 11:58:24 - [MESSAGE][PASSED] - Text 'Welcome DavidHo' is present on page 

2020-04-27 11:58:24 - [MESSAGE][PASSED] - Call Test Case 'Test Cases/Reusable_Test_Sequences/Web_Office/Directives/WebOffice_StartUp' successfully

2020-04-27 11:58:24 - [TEST_STEP][PASSED] - "--------------------------------------": null

2020-04-27 11:58:24 - [TEST_STEP][PASSED] - " Navigate to <Tools> Menu Item        |": null

2020-04-27 11:58:24 - [TEST_STEP][PASSED] - callTestCase(findTestCase("Reusable_Test_Sequences/Web_Office/Navigation/Sub_Menu_Navigation/Sales_Area/Sales_Area"), [:], STOP_ON_FAILURE): Call Test Case 'Test Cases/Reusable_Test_Sequences/Web_Office/Navigation/Sub_Menu_Navigation/Sales_Area/Sales_Area' successfully

2020-04-27 11:58:25 - [TEST_CASE][PASSED] - Test Cases/Reusable_Test_Sequences/Web_Office/Navigation/Sub_Menu_Navigation/Sales_Area/Sales_Area: Test Cases/Reusable_Test_Sequences/Web_Office/Navigation/Sub_Menu_Navigation/Sales_Area/Sales_Area

2020-04-27 11:58:25 - [TEST_STEP][PASSED] - "WIP TODO": null

2020-04-27 11:58:25 - [TEST_STEP][PASSED] - "--------------------------------------": null

2020-04-27 11:58:25 - [TEST_STEP][PASSED] - " Navigate Top level menu Item         |": null

2020-04-27 11:58:25 - [TEST_STEP][PASSED] - waitForPageLoad(60): Wait for page load successfully

2020-04-27 11:58:25 - [MESSAGE][PASSED] - Wait for page load successfully

2020-04-27 11:58:25 - [TEST_STEP][PASSED] - waitForElementClickable(findTestObject("Object Repository/WebOffice_Home_page/a_Sales Area"), 60): Object 'Object Repository/WebOffice_Home_page/a_Sales Area' is clickable

2020-04-27 11:58:25 - [MESSAGE][PASSED] - Object 'Object Repository/WebOffice_Home_page/a_Sales Area' is clickable

2020-04-27 11:58:25 - [TEST_STEP][PASSED] - mouseOver(findTestObject("Object Repository/WebOffice_Home_page/a_Sales Area")): Object: 'Object Repository/WebOffice_Home_page/a_Sales Area' is hovered

2020-04-27 11:58:25 - [MESSAGE][PASSED] - Object: 'Object Repository/WebOffice_Home_page/a_Sales Area' is hovered

2020-04-27 11:58:25 - [TEST_STEP][PASSED] - waitForElementClickable(findTestObject("Object Repository/WebOffice_Home_page/a_a_Sales_Area"), 1): Object 'Object Repository/WebOffice_Home_page/a_a_Sales_Area' is clickable

2020-04-27 11:58:25 - [MESSAGE][PASSED] - Object 'Object Repository/WebOffice_Home_page/a_a_Sales_Area' is clickable

2020-04-27 11:58:25 - [TEST_STEP][PASSED] - click(findTestObject("Object Repository/WebOffice_Home_page/a_a_Sales_Area")): Object: 'Object Repository/WebOffice_Home_page/a_a_Sales_Area' is clicked on

2020-04-27 11:58:26 - [MESSAGE][PASSED] - Object: 'Object Repository/WebOffice_Home_page/a_a_Sales_Area' is clicked on

2020-04-27 11:58:26 - [MESSAGE][PASSED] - Call Test Case 'Test Cases/Reusable_Test_Sequences/Web_Office/Navigation/Sub_Menu_Navigation/Sales_Area/Sales_Area' successfully

2020-04-27 11:58:26 - [TEST_STEP][PASSED] - "--------------------------------------": null

2020-04-27 11:58:26 - [TEST_STEP][PASSED] - " Verify Returned Page Detail          |": null

2020-04-27 11:58:26 - [TEST_STEP][PASSED] - callTestCase(findTestCase("Reusable_Test_Sequences/Web_Office/Verification/Sales_Area/Sales_Area"), [:], OPTIONAL): Call Test Case 'Test Cases/Reusable_Test_Sequences/Web_Office/Verification/Sales_Area/Sales_Area' successfully

2020-04-27 11:58:26 - [TEST_CASE][PASSED] - Test Cases/Reusable_Test_Sequences/Web_Office/Verification/Sales_Area/Sales_Area: Test Cases/Reusable_Test_Sequences/Web_Office/Verification/Sales_Area/Sales_Area

2020-04-27 11:58:26 - [TEST_STEP][PASSED] - waitForPageLoad(60): Wait for page load successfully

2020-04-27 11:58:26 - [MESSAGE][PASSED] - Wait for page load successfully

2020-04-27 11:58:26 - [TEST_STEP][PASSED] - delay(1): Delayed 1 second(s)

2020-04-27 11:58:27 - [MESSAGE][PASSED] - Delayed 1 second(s)

2020-04-27 11:58:27 - [TEST_STEP][PASSED] - "----------------------------------------------": null

2020-04-27 11:58:27 - [TEST_STEP][PASSED] - verifyTextPresent("From", false): Text 'From' is present on page 

2020-04-27 11:58:28 - [MESSAGE][PASSED] - Text 'From' is present on page 

2020-04-27 11:58:28 - [TEST_STEP][PASSED] - verifyTextPresent("To", false): Text 'To' is present on page 

2020-04-27 11:58:28 - [MESSAGE][PASSED] - Text 'To' is present on page 

2020-04-27 11:58:28 - [TEST_STEP][PASSED] - verifyTextPresent("Distance", false): Text 'Distance' is present on page 

2020-04-27 11:58:28 - [MESSAGE][PASSED] - Text 'Distance' is present on page 

2020-04-27 11:58:28 - [TEST_STEP][PASSED] - verifyTextPresent("Price", false): Text 'Price' is present on page 

2020-04-27 11:58:29 - [MESSAGE][PASSED] - Text 'Price' is present on page 

2020-04-27 11:58:29 - [TEST_STEP][PASSED] - verifyTextPresent("Vetting Details", false): Text 'Vetting Details' is present on page 

2020-04-27 11:58:29 - [MESSAGE][PASSED] - Text 'Vetting Details' is present on page 

2020-04-27 11:58:29 - [TEST_STEP][PASSED] - verifyTextPresent("MC Availability", false): Text 'MC Availability' is present on page 

2020-04-27 11:58:30 - [MESSAGE][PASSED] - Text 'MC Availability' is present on page 

2020-04-27 11:58:30 - [TEST_STEP][PASSED] - verifyTextPresent("Member Benefits", false): Text 'Member Benefits' is present on page 

2020-04-27 11:58:30 - [MESSAGE][PASSED] - Text 'Member Benefits' is present on page 

2020-04-27 11:58:30 - [TEST_STEP][PASSED] - verifyTextPresent("Consultancy", false): Text 'Consultancy' is present on page 

2020-04-27 11:58:30 - [MESSAGE][PASSED] - Text 'Consultancy' is present on page 

2020-04-27 11:58:30 - [TEST_STEP][PASSED] - verifyTextPresent("Send Email Template", false): Text 'Send Email Template' is present on page 

2020-04-27 11:58:31 - [MESSAGE][PASSED] - Text 'Send Email Template' is present on page 

2020-04-27 11:58:31 - [MESSAGE][PASSED] - Call Test Case 'Test Cases/Reusable_Test_Sequences/Web_Office/Verification/Sales_Area/Sales_Area' successfully

2020-04-27 11:58:31 - [TEST_STEP][PASSED] - "--------------------------": null

2020-04-27 11:58:31 - [TEST_STEP][PASSED] - " Teardown - CLose Browser |": null

2020-04-27 11:58:31 - [TEST_STEP][PASSED] - callTestCase(findTestCase("Reusable_Test_Sequences/CAT_Teardown"), [:], OPTIONAL): Call Test Case 'Test Cases/Reusable_Test_Sequences/CAT_Teardown' successfully

2020-04-27 11:58:31 - [TEST_CASE][PASSED] - Test Cases/Reusable_Test_Sequences/CAT_Teardown: Test Cases/Reusable_Test_Sequences/CAT_Teardown

2020-04-27 11:58:31 - [TEST_STEP][PASSED] - closeBrowser(): Browser is closed

2020-04-27 11:58:33 - [MESSAGE][PASSED] - Browser is closed

2020-04-27 11:58:33 - [TEST_STEP][PASSED] - super.finalize(): null

2020-04-27 11:58:33 - [TEST_STEP][PASSED] - System.gc(): null

2020-04-27 11:58:33 - [MESSAGE][PASSED] - Call Test Case 'Test Cases/Reusable_Test_Sequences/CAT_Teardown' successfully]]></system-out>
         <system-err><![CDATA[]]></system-err>
      </testcase>
      <testcase name="Test Cases/Web_Office/Sales_Area/Email_Templates" time="26.289" classname="Test Cases/Web_Office/Sales_Area/Email_Templates" status="PASSED">
         <system-out><![CDATA[2020-04-27 11:58:33 - [TEST_CASE][PASSED] - Test Cases/Web_Office/Sales_Area/Email_Templates: Test Cases/Web_Office/Sales_Area/Email_Templates

2020-04-27 11:58:33 - [TEST_STEP][PASSED] - "--------------------------------------": null

2020-04-27 11:58:33 - [TEST_STEP][PASSED] - " Web Office StartUp                  |": null

2020-04-27 11:58:33 - [TEST_STEP][PASSED] - callTestCase(findTestCase("Reusable_Test_Sequences/Web_Office/Directives/WebOffice_StartUp"), [:], STOP_ON_FAILURE): Call Test Case 'Test Cases/Reusable_Test_Sequences/Web_Office/Directives/WebOffice_StartUp' successfully

2020-04-27 11:58:33 - [TEST_CASE][PASSED] - Test Cases/Reusable_Test_Sequences/Web_Office/Directives/WebOffice_StartUp: Test Cases/Reusable_Test_Sequences/Web_Office/Directives/WebOffice_StartUp

2020-04-27 11:58:33 - [TEST_STEP][PASSED] - "-----------------------------------------------------------------------------": null

2020-04-27 11:58:33 - [TEST_STEP][PASSED] - if (URL == "https://www.dev.checkatrade.com/"): null

2020-04-27 11:58:33 - [TEST_STEP][PASSED] - "-----------------------------------------------------------------------------": null

2020-04-27 11:58:33 - [TEST_STEP][PASSED] - if (URL == "https://www.checkatrade.com/"): null

2020-04-27 11:58:33 - [TEST_STEP][PASSED] - "-----------------------------------------------------------------------------": null

2020-04-27 11:58:33 - [TEST_STEP][PASSED] - if (URL == "https://www.preview.checkatrade.com/"): null

2020-04-27 11:58:33 - [TEST_STEP][PASSED] - WebOfficeURL = "https://admin.preview.checkatrade.com/": null

2020-04-27 11:58:33 - [TEST_STEP][PASSED] - if (URL == "https://www.dev2.checkatrade.com/"): null

2020-04-27 11:58:33 - [TEST_STEP][PASSED] - "Set Function Area for "URL_Handler", URL Resolution": null

2020-04-27 11:58:33 - [TEST_STEP][PASSED] - "Do Some Magic with URL(s) See the comments within URL Handler ": null

2020-04-27 11:58:33 - [TEST_STEP][PASSED] - "------------------------------------------------": null

2020-04-27 11:58:33 - [TEST_STEP][PASSED] - "Moved Login Credentials to <Default> profile 22/01/2020": null

2020-04-27 11:58:33 - [TEST_STEP][PASSED] - "------------------------------------------------": null

2020-04-27 11:58:33 - [TEST_STEP][PASSED] - "WebOfficeURL - Set from the ENVIRONMENT PROFILE ": null

2020-04-27 11:58:33 - [TEST_STEP][PASSED] - "OPEN BROWSER": null

2020-04-27 11:58:33 - [TEST_STEP][PASSED] - "eg - https://admin.preview.checkatrade.com/  ": null

2020-04-27 11:58:33 - [TEST_STEP][PASSED] - openBrowser(WebOfficeURL): Browser is opened with url: 'https://admin.preview.checkatrade.com/'

2020-04-27 11:58:33 - [MESSAGE][INFO] - Starting 'Firefox' driver

2020-04-27 11:58:33 - [MESSAGE][INFO] - Action delay is set to 0 milliseconds

2020-04-27 11:58:38 - [MESSAGE][PASSED] - Browser is opened with url: 'https://admin.preview.checkatrade.com/'

2020-04-27 11:58:38 - [TEST_STEP][PASSED] - maximizeWindow(): Current window maximized

2020-04-27 11:58:38 - [MESSAGE][PASSED] - Current window maximized

2020-04-27 11:58:38 - [TEST_STEP][PASSED] - waitForElementClickable(findTestObject("Object Repository/WebOffice/Page_Checkatrade - Administration - Login/Login_Button"), 25): Object 'Object Repository/WebOffice/Page_Checkatrade - Administration - Login/Login_Button' is clickable

2020-04-27 11:58:39 - [MESSAGE][PASSED] - Object 'Object Repository/WebOffice/Page_Checkatrade - Administration - Login/Login_Button' is clickable

2020-04-27 11:58:39 - [TEST_STEP][PASSED] - verifyTextPresent("Checkatrade Web Office", false): Text 'Checkatrade Web Office' is present on page 

2020-04-27 11:58:39 - [MESSAGE][PASSED] - Text 'Checkatrade Web Office' is present on page 

2020-04-27 11:58:39 - [TEST_STEP][PASSED] - verifyTextPresent("Access for staff use only", false): Text 'Access for staff use only' is present on page 

2020-04-27 11:58:39 - [MESSAGE][PASSED] - Text 'Access for staff use only' is present on page 

2020-04-27 11:58:39 - [TEST_STEP][PASSED] - verifyTextPresent("Forgotten password?", false): Text 'Forgotten password?' is present on page 

2020-04-27 11:58:39 - [MESSAGE][PASSED] - Text 'Forgotten password?' is present on page 

2020-04-27 11:58:39 - [TEST_STEP][PASSED] - setText(findTestObject("Object Repository/WebOffice/Page_Checkatrade - Administration - Login/input_Username_LoginControlUserName"), wo_Username): Text 'DavidHo' is set on object 'Object Repository/WebOffice/Page_Checkatrade - Administration - Login/input_Username_LoginControlUserName'

2020-04-27 11:58:39 - [MESSAGE][PASSED] - Text 'DavidHo' is set on object 'Object Repository/WebOffice/Page_Checkatrade - Administration - Login/input_Username_LoginControlUserName'

2020-04-27 11:58:39 - [TEST_STEP][PASSED] - setText(findTestObject("Object Repository/WebOffice/Page_Checkatrade - Administration - Login/input_Password_LoginControlPassword"), wo_Password): Text 'Check123' is set on object 'Object Repository/WebOffice/Page_Checkatrade - Administration - Login/input_Password_LoginControlPassword'

2020-04-27 11:58:39 - [MESSAGE][PASSED] - Text 'Check123' is set on object 'Object Repository/WebOffice/Page_Checkatrade - Administration - Login/input_Password_LoginControlPassword'

2020-04-27 11:58:39 - [TEST_STEP][PASSED] - click(findTestObject("Object Repository/WebOffice/Page_Checkatrade - Administration - Login/Login_Button")): Object: 'Object Repository/WebOffice/Page_Checkatrade - Administration - Login/Login_Button' is clicked on

2020-04-27 11:58:40 - [MESSAGE][PASSED] - Object: 'Object Repository/WebOffice/Page_Checkatrade - Administration - Login/Login_Button' is clicked on

2020-04-27 11:58:40 - [TEST_STEP][PASSED] - waitForPageLoad(60): Wait for page load successfully

2020-04-27 11:58:40 - [MESSAGE][PASSED] - Wait for page load successfully

2020-04-27 11:58:40 - [TEST_STEP][PASSED] - verifyTextPresent("Welcome " + wo_Username, false): Text 'Welcome DavidHo' is present on page 

2020-04-27 11:58:40 - [MESSAGE][PASSED] - Text 'Welcome DavidHo' is present on page 

2020-04-27 11:58:40 - [MESSAGE][PASSED] - Call Test Case 'Test Cases/Reusable_Test_Sequences/Web_Office/Directives/WebOffice_StartUp' successfully

2020-04-27 11:58:40 - [TEST_STEP][PASSED] - "--------------------------------------": null

2020-04-27 11:58:40 - [TEST_STEP][PASSED] - " Navigate to <Tools> Menu Item        |": null

2020-04-27 11:58:40 - [TEST_STEP][PASSED] - callTestCase(findTestCase("Reusable_Test_Sequences/Web_Office/Navigation/Sub_Menu_Navigation/Sales_Area/Email_Templates"), [:], STOP_ON_FAILURE): Call Test Case 'Test Cases/Reusable_Test_Sequences/Web_Office/Navigation/Sub_Menu_Navigation/Sales_Area/Email_Templates' successfully

2020-04-27 11:58:40 - [TEST_CASE][PASSED] - Test Cases/Reusable_Test_Sequences/Web_Office/Navigation/Sub_Menu_Navigation/Sales_Area/Email_Templates: Test Cases/Reusable_Test_Sequences/Web_Office/Navigation/Sub_Menu_Navigation/Sales_Area/Email_Templates

2020-04-27 11:58:40 - [TEST_STEP][PASSED] - "WIP TODO": null

2020-04-27 11:58:40 - [TEST_STEP][PASSED] - "--------------------------------------": null

2020-04-27 11:58:40 - [TEST_STEP][PASSED] - " Navigate Top level menu Item         |": null

2020-04-27 11:58:40 - [TEST_STEP][PASSED] - waitForPageLoad(60): Wait for page load successfully

2020-04-27 11:58:40 - [MESSAGE][PASSED] - Wait for page load successfully

2020-04-27 11:58:40 - [TEST_STEP][PASSED] - waitForElementClickable(findTestObject("Object Repository/WebOffice_Home_page/a_Sales Area"), 60): Object 'Object Repository/WebOffice_Home_page/a_Sales Area' is clickable

2020-04-27 11:58:40 - [MESSAGE][PASSED] - Object 'Object Repository/WebOffice_Home_page/a_Sales Area' is clickable

2020-04-27 11:58:40 - [TEST_STEP][PASSED] - mouseOver(findTestObject("Object Repository/WebOffice_Home_page/a_Sales Area")): Object: 'Object Repository/WebOffice_Home_page/a_Sales Area' is hovered

2020-04-27 11:58:41 - [MESSAGE][PASSED] - Object: 'Object Repository/WebOffice_Home_page/a_Sales Area' is hovered

2020-04-27 11:58:41 - [TEST_STEP][PASSED] - waitForElementClickable(findTestObject("Object Repository/WebOffice_Home_page/a_Email Templates"), 1): Object 'Object Repository/WebOffice_Home_page/a_Email Templates' is clickable

2020-04-27 11:58:41 - [MESSAGE][PASSED] - Object 'Object Repository/WebOffice_Home_page/a_Email Templates' is clickable

2020-04-27 11:58:41 - [TEST_STEP][PASSED] - click(findTestObject("Object Repository/WebOffice_Home_page/a_Email Templates")): Object: 'Object Repository/WebOffice_Home_page/a_Email Templates' is clicked on

2020-04-27 11:58:41 - [MESSAGE][PASSED] - Object: 'Object Repository/WebOffice_Home_page/a_Email Templates' is clicked on

2020-04-27 11:58:41 - [MESSAGE][PASSED] - Call Test Case 'Test Cases/Reusable_Test_Sequences/Web_Office/Navigation/Sub_Menu_Navigation/Sales_Area/Email_Templates' successfully

2020-04-27 11:58:41 - [TEST_STEP][PASSED] - "--------------------------------------": null

2020-04-27 11:58:41 - [TEST_STEP][PASSED] - " Verify Returned Page Detail          |": null

2020-04-27 11:58:41 - [TEST_STEP][PASSED] - callTestCase(findTestCase("Reusable_Test_Sequences/Web_Office/Verification/Sales_Area/Email_Templates"), [:], OPTIONAL): Call Test Case 'Test Cases/Reusable_Test_Sequences/Web_Office/Verification/Sales_Area/Email_Templates' successfully

2020-04-27 11:58:41 - [TEST_CASE][PASSED] - Test Cases/Reusable_Test_Sequences/Web_Office/Verification/Sales_Area/Email_Templates: Test Cases/Reusable_Test_Sequences/Web_Office/Verification/Sales_Area/Email_Templates

2020-04-27 11:58:41 - [TEST_STEP][PASSED] - waitForPageLoad(60): Wait for page load successfully

2020-04-27 11:58:41 - [MESSAGE][PASSED] - Wait for page load successfully

2020-04-27 11:58:41 - [TEST_STEP][PASSED] - delay(1): Delayed 1 second(s)

2020-04-27 11:58:42 - [MESSAGE][PASSED] - Delayed 1 second(s)

2020-04-27 11:58:42 - [TEST_STEP][PASSED] - verifyTextPresent("One-Click Email Templates", false): Text 'One-Click Email Templates' is present on page 

2020-04-27 11:58:43 - [MESSAGE][PASSED] - Text 'One-Click Email Templates' is present on page 

2020-04-27 11:58:43 - [TEST_STEP][PASSED] - verifyTextPresent("Configure the email templates used on the Sales Area screen", false): Text 'Configure the email templates used on the Sales Area screen' is present on page 

2020-04-27 11:58:43 - [MESSAGE][PASSED] - Text 'Configure the email templates used on the Sales Area screen' is present on page 

2020-04-27 11:58:43 - [TEST_STEP][PASSED] - verifyTextPresent("Emails will be generated using the provided templates and merge fields are supported", false): Text 'Emails will be generated using the provided templates and merge fields are supported' is present on page 

2020-04-27 11:58:44 - [MESSAGE][PASSED] - Text 'Emails will be generated using the provided templates and merge fields are supported' is present on page 

2020-04-27 11:58:44 - [TEST_STEP][PASSED] - verifyTextPresent("Note: The email subject will be taken from the file name of the template", false): Text 'Note: The email subject will be taken from the file name of the template' is present on page 

2020-04-27 11:58:44 - [MESSAGE][PASSED] - Text 'Note: The email subject will be taken from the file name of the template' is present on page 

2020-04-27 11:58:44 - [TEST_STEP][PASSED] - "----------------------------------------------": null

2020-04-27 11:58:44 - [TEST_STEP][PASSED] - "----------------------------------------------": null

2020-04-27 11:58:44 - [TEST_STEP][PASSED] - "----------------------------------------------": null

2020-04-27 11:58:44 - [TEST_STEP][PASSED] - "----------------------------------------------": null

2020-04-27 11:58:44 - [TEST_STEP][PASSED] - verifyTextPresent("ID", false): Text 'ID' is present on page 

2020-04-27 11:58:45 - [MESSAGE][PASSED] - Text 'ID' is present on page 

2020-04-27 11:58:45 - [TEST_STEP][PASSED] - verifyTextPresent("Template Name", false): Text 'Template Name' is present on page 

2020-04-27 11:58:45 - [MESSAGE][PASSED] - Text 'Template Name' is present on page 

2020-04-27 11:58:45 - [TEST_STEP][PASSED] - "----------------------------------------------": null

2020-04-27 11:58:45 - [TEST_STEP][PASSED] - "----------------------------------------------": null

2020-04-27 11:58:45 - [TEST_STEP][PASSED] - "----------------------------------------------": null

2020-04-27 11:58:45 - [TEST_STEP][PASSED] - verifyTextPresent("Merge Fields", false): Text 'Merge Fields' is present on page 

2020-04-27 11:58:46 - [MESSAGE][PASSED] - Text 'Merge Fields' is present on page 

2020-04-27 11:58:46 - [TEST_STEP][PASSED] - verifyTextPresent("Below is a list of supported merge fields which where these merge tags will be replaced with company data when an email template is sent", false): Text 'Below is a list of supported merge fields which where these merge tags will be replaced with company data when an email template is sent' is present on page 

2020-04-27 11:58:46 - [MESSAGE][PASSED] - Text 'Below is a list of supported merge fields which where these merge tags will be replaced with company data when an email template is sent' is present on page 

2020-04-27 11:58:46 - [TEST_STEP][PASSED] - verifyTextPresent("Merge Field Description", false): Text 'Merge Field Description' is present on page 

2020-04-27 11:58:46 - [MESSAGE][PASSED] - Text 'Merge Field Description' is present on page 

2020-04-27 11:58:46 - [TEST_STEP][PASSED] - verifyTextPresent("Merge Field Codes", false): Text 'Merge Field Codes' is present on page 

2020-04-27 11:58:47 - [MESSAGE][PASSED] - Text 'Merge Field Codes' is present on page 

2020-04-27 11:58:47 - [TEST_STEP][PASSED] - verifyTextPresent("Full name of staff member who sends the email", false): Text 'Full name of staff member who sends the email' is present on page 

2020-04-27 11:58:47 - [MESSAGE][PASSED] - Text 'Full name of staff member who sends the email' is present on page 

2020-04-27 11:58:47 - [TEST_STEP][PASSED] - verifyTextPresent("{FROM_NAME}, [FROM_NAME]", false): Text '{FROM_NAME}, [FROM_NAME]' is present on page 

2020-04-27 11:58:48 - [MESSAGE][PASSED] - Text '{FROM_NAME}, [FROM_NAME]' is present on page 

2020-04-27 11:58:48 - [TEST_STEP][PASSED] - verifyTextPresent("Direct dial number of the staff member who sends the email", false): Text 'Direct dial number of the staff member who sends the email' is present on page 

2020-04-27 11:58:48 - [MESSAGE][PASSED] - Text 'Direct dial number of the staff member who sends the email' is present on page 

2020-04-27 11:58:48 - [TEST_STEP][PASSED] - verifyTextPresent("{FROM_DIRECT_DIAL}, [FROM_DIRECT_DIAL]", false): Text '{FROM_DIRECT_DIAL}, [FROM_DIRECT_DIAL]' is present on page 

2020-04-27 11:58:49 - [MESSAGE][PASSED] - Text '{FROM_DIRECT_DIAL}, [FROM_DIRECT_DIAL]' is present on page 

2020-04-27 11:58:49 - [TEST_STEP][PASSED] - verifyTextPresent("Company ID", false): Text 'Company ID' is present on page 

2020-04-27 11:58:49 - [MESSAGE][PASSED] - Text 'Company ID' is present on page 

2020-04-27 11:58:49 - [TEST_STEP][PASSED] - verifyTextPresent("{COMPANY_ID}, [COMPANY_ID]", false): Text '{COMPANY_ID}, [COMPANY_ID]' is present on page 

2020-04-27 11:58:50 - [MESSAGE][PASSED] - Text '{COMPANY_ID}, [COMPANY_ID]' is present on page 

2020-04-27 11:58:50 - [TEST_STEP][PASSED] - verifyTextPresent("Company TTR ID", false): Text 'Company TTR ID' is present on page 

2020-04-27 11:58:50 - [MESSAGE][PASSED] - Text 'Company TTR ID' is present on page 

2020-04-27 11:58:50 - [TEST_STEP][PASSED] - verifyTextPresent("{COMPANY_TTRID}, [COMPANY_TTRID]", false): Text '{COMPANY_TTRID}, [COMPANY_TTRID]' is present on page 

2020-04-27 11:58:51 - [MESSAGE][PASSED] - Text '{COMPANY_TTRID}, [COMPANY_TTRID]' is present on page 

2020-04-27 11:58:51 - [TEST_STEP][PASSED] - verifyTextPresent("Company name", false): Text 'Company name' is present on page 

2020-04-27 11:58:52 - [MESSAGE][PASSED] - Text 'Company name' is present on page 

2020-04-27 11:58:52 - [TEST_STEP][PASSED] - verifyTextPresent("{COMPANY_NAME}, [COMPANY_NAME]", false): Text '{COMPANY_NAME}, [COMPANY_NAME]' is present on page 

2020-04-27 11:58:52 - [MESSAGE][PASSED] - Text '{COMPANY_NAME}, [COMPANY_NAME]' is present on page 

2020-04-27 11:58:52 - [TEST_STEP][PASSED] - verifyTextPresent("Recipient full name", false): Text 'Recipient full name' is present on page 

2020-04-27 11:58:53 - [MESSAGE][PASSED] - Text 'Recipient full name' is present on page 

2020-04-27 11:58:53 - [TEST_STEP][PASSED] - verifyTextPresent("{RECIPIENT_LABEL_NAME}, [RECIPIENT_LABEL_NAME]", false): Text '{RECIPIENT_LABEL_NAME}, [RECIPIENT_LABEL_NAME]' is present on page 

2020-04-27 11:58:54 - [MESSAGE][PASSED] - Text '{RECIPIENT_LABEL_NAME}, [RECIPIENT_LABEL_NAME]' is present on page 

2020-04-27 11:58:54 - [TEST_STEP][PASSED] - verifyTextPresent("Recipient first name", false): Text 'Recipient first name' is present on page 

2020-04-27 11:58:55 - [MESSAGE][PASSED] - Text 'Recipient first name' is present on page 

2020-04-27 11:58:55 - [TEST_STEP][PASSED] - verifyTextPresent("{RECIPIENT_FIRST_NAME}, [RECIPIENT_FIRST_NAME]", false): Text '{RECIPIENT_FIRST_NAME}, [RECIPIENT_FIRST_NAME]' is present on page 

2020-04-27 11:58:55 - [MESSAGE][PASSED] - Text '{RECIPIENT_FIRST_NAME}, [RECIPIENT_FIRST_NAME]' is present on page 

2020-04-27 11:58:55 - [TEST_STEP][PASSED] - verifyTextPresent("Recipient email address", false): Text 'Recipient email address' is present on page 

2020-04-27 11:58:56 - [MESSAGE][PASSED] - Text 'Recipient email address' is present on page 

2020-04-27 11:58:56 - [TEST_STEP][PASSED] - verifyTextPresent("{EMAIL}, [EMAIL]", false): Text '{EMAIL}, [EMAIL]' is present on page 

2020-04-27 11:58:57 - [MESSAGE][PASSED] - Text '{EMAIL}, [EMAIL]' is present on page 

2020-04-27 11:58:57 - [MESSAGE][PASSED] - Call Test Case 'Test Cases/Reusable_Test_Sequences/Web_Office/Verification/Sales_Area/Email_Templates' successfully

2020-04-27 11:58:57 - [TEST_STEP][PASSED] - "--------------------------": null

2020-04-27 11:58:57 - [TEST_STEP][PASSED] - " Teardown - CLose Browser |": null

2020-04-27 11:58:57 - [TEST_STEP][PASSED] - callTestCase(findTestCase("Reusable_Test_Sequences/CAT_Teardown"), [:], OPTIONAL): Call Test Case 'Test Cases/Reusable_Test_Sequences/CAT_Teardown' successfully

2020-04-27 11:58:57 - [TEST_CASE][PASSED] - Test Cases/Reusable_Test_Sequences/CAT_Teardown: Test Cases/Reusable_Test_Sequences/CAT_Teardown

2020-04-27 11:58:57 - [TEST_STEP][PASSED] - closeBrowser(): Browser is closed

2020-04-27 11:58:59 - [MESSAGE][PASSED] - Browser is closed

2020-04-27 11:58:59 - [TEST_STEP][PASSED] - super.finalize(): null

2020-04-27 11:58:59 - [TEST_STEP][PASSED] - System.gc(): null

2020-04-27 11:58:59 - [MESSAGE][PASSED] - Call Test Case 'Test Cases/Reusable_Test_Sequences/CAT_Teardown' successfully]]></system-out>
         <system-err><![CDATA[]]></system-err>
      </testcase>
      <testcase name="Test Cases/Web_Office/Settings/Preferences" time="16.932" classname="Test Cases/Web_Office/Settings/Preferences" status="PASSED">
         <system-out><![CDATA[2020-04-27 11:58:59 - [TEST_CASE][PASSED] - Test Cases/Web_Office/Settings/Preferences: Test Cases/Web_Office/Settings/Preferences

2020-04-27 11:58:59 - [TEST_STEP][PASSED] - "--------------------------------------": null

2020-04-27 11:58:59 - [TEST_STEP][PASSED] - " Web Office StartUp                  |": null

2020-04-27 11:58:59 - [TEST_STEP][PASSED] - callTestCase(findTestCase("Reusable_Test_Sequences/Web_Office/Directives/WebOffice_StartUp"), [:], STOP_ON_FAILURE): Call Test Case 'Test Cases/Reusable_Test_Sequences/Web_Office/Directives/WebOffice_StartUp' successfully

2020-04-27 11:58:59 - [TEST_CASE][PASSED] - Test Cases/Reusable_Test_Sequences/Web_Office/Directives/WebOffice_StartUp: Test Cases/Reusable_Test_Sequences/Web_Office/Directives/WebOffice_StartUp

2020-04-27 11:58:59 - [TEST_STEP][PASSED] - "-----------------------------------------------------------------------------": null

2020-04-27 11:58:59 - [TEST_STEP][PASSED] - if (URL == "https://www.dev.checkatrade.com/"): null

2020-04-27 11:58:59 - [TEST_STEP][PASSED] - "-----------------------------------------------------------------------------": null

2020-04-27 11:58:59 - [TEST_STEP][PASSED] - if (URL == "https://www.checkatrade.com/"): null

2020-04-27 11:58:59 - [TEST_STEP][PASSED] - "-----------------------------------------------------------------------------": null

2020-04-27 11:58:59 - [TEST_STEP][PASSED] - if (URL == "https://www.preview.checkatrade.com/"): null

2020-04-27 11:58:59 - [TEST_STEP][PASSED] - WebOfficeURL = "https://admin.preview.checkatrade.com/": null

2020-04-27 11:58:59 - [TEST_STEP][PASSED] - if (URL == "https://www.dev2.checkatrade.com/"): null

2020-04-27 11:58:59 - [TEST_STEP][PASSED] - "Set Function Area for "URL_Handler", URL Resolution": null

2020-04-27 11:58:59 - [TEST_STEP][PASSED] - "Do Some Magic with URL(s) See the comments within URL Handler ": null

2020-04-27 11:58:59 - [TEST_STEP][PASSED] - "------------------------------------------------": null

2020-04-27 11:58:59 - [TEST_STEP][PASSED] - "Moved Login Credentials to <Default> profile 22/01/2020": null

2020-04-27 11:58:59 - [TEST_STEP][PASSED] - "------------------------------------------------": null

2020-04-27 11:58:59 - [TEST_STEP][PASSED] - "WebOfficeURL - Set from the ENVIRONMENT PROFILE ": null

2020-04-27 11:58:59 - [TEST_STEP][PASSED] - "OPEN BROWSER": null

2020-04-27 11:58:59 - [TEST_STEP][PASSED] - "eg - https://admin.preview.checkatrade.com/  ": null

2020-04-27 11:58:59 - [TEST_STEP][PASSED] - openBrowser(WebOfficeURL): Browser is opened with url: 'https://admin.preview.checkatrade.com/'

2020-04-27 11:58:59 - [MESSAGE][INFO] - Starting 'Firefox' driver

2020-04-27 11:58:59 - [MESSAGE][INFO] - Action delay is set to 0 milliseconds

2020-04-27 11:59:06 - [MESSAGE][PASSED] - Browser is opened with url: 'https://admin.preview.checkatrade.com/'

2020-04-27 11:59:06 - [TEST_STEP][PASSED] - maximizeWindow(): Current window maximized

2020-04-27 11:59:06 - [MESSAGE][PASSED] - Current window maximized

2020-04-27 11:59:06 - [TEST_STEP][PASSED] - waitForElementClickable(findTestObject("Object Repository/WebOffice/Page_Checkatrade - Administration - Login/Login_Button"), 25): Object 'Object Repository/WebOffice/Page_Checkatrade - Administration - Login/Login_Button' is clickable

2020-04-27 11:59:06 - [MESSAGE][PASSED] - Object 'Object Repository/WebOffice/Page_Checkatrade - Administration - Login/Login_Button' is clickable

2020-04-27 11:59:06 - [TEST_STEP][PASSED] - verifyTextPresent("Checkatrade Web Office", false): Text 'Checkatrade Web Office' is present on page 

2020-04-27 11:59:07 - [MESSAGE][PASSED] - Text 'Checkatrade Web Office' is present on page 

2020-04-27 11:59:07 - [TEST_STEP][PASSED] - verifyTextPresent("Access for staff use only", false): Text 'Access for staff use only' is present on page 

2020-04-27 11:59:07 - [MESSAGE][PASSED] - Text 'Access for staff use only' is present on page 

2020-04-27 11:59:07 - [TEST_STEP][PASSED] - verifyTextPresent("Forgotten password?", false): Text 'Forgotten password?' is present on page 

2020-04-27 11:59:07 - [MESSAGE][PASSED] - Text 'Forgotten password?' is present on page 

2020-04-27 11:59:07 - [TEST_STEP][PASSED] - setText(findTestObject("Object Repository/WebOffice/Page_Checkatrade - Administration - Login/input_Username_LoginControlUserName"), wo_Username): Text 'DavidHo' is set on object 'Object Repository/WebOffice/Page_Checkatrade - Administration - Login/input_Username_LoginControlUserName'

2020-04-27 11:59:07 - [MESSAGE][PASSED] - Text 'DavidHo' is set on object 'Object Repository/WebOffice/Page_Checkatrade - Administration - Login/input_Username_LoginControlUserName'

2020-04-27 11:59:07 - [TEST_STEP][PASSED] - setText(findTestObject("Object Repository/WebOffice/Page_Checkatrade - Administration - Login/input_Password_LoginControlPassword"), wo_Password): Text 'Check123' is set on object 'Object Repository/WebOffice/Page_Checkatrade - Administration - Login/input_Password_LoginControlPassword'

2020-04-27 11:59:07 - [MESSAGE][PASSED] - Text 'Check123' is set on object 'Object Repository/WebOffice/Page_Checkatrade - Administration - Login/input_Password_LoginControlPassword'

2020-04-27 11:59:07 - [TEST_STEP][PASSED] - click(findTestObject("Object Repository/WebOffice/Page_Checkatrade - Administration - Login/Login_Button")): Object: 'Object Repository/WebOffice/Page_Checkatrade - Administration - Login/Login_Button' is clicked on

2020-04-27 11:59:10 - [MESSAGE][PASSED] - Object: 'Object Repository/WebOffice/Page_Checkatrade - Administration - Login/Login_Button' is clicked on

2020-04-27 11:59:10 - [TEST_STEP][PASSED] - waitForPageLoad(60): Wait for page load successfully

2020-04-27 11:59:10 - [MESSAGE][PASSED] - Wait for page load successfully

2020-04-27 11:59:10 - [TEST_STEP][PASSED] - verifyTextPresent("Welcome " + wo_Username, false): Text 'Welcome DavidHo' is present on page 

2020-04-27 11:59:10 - [MESSAGE][PASSED] - Text 'Welcome DavidHo' is present on page 

2020-04-27 11:59:10 - [MESSAGE][PASSED] - Call Test Case 'Test Cases/Reusable_Test_Sequences/Web_Office/Directives/WebOffice_StartUp' successfully

2020-04-27 11:59:10 - [TEST_STEP][PASSED] - "--------------------------------------": null

2020-04-27 11:59:10 - [TEST_STEP][PASSED] - " Navigate to <Tools> Menu Item        |": null

2020-04-27 11:59:10 - [TEST_STEP][PASSED] - callTestCase(findTestCase("Reusable_Test_Sequences/Web_Office/Navigation/Sub_Menu_Navigation/Settings/Preferences"), [:], STOP_ON_FAILURE): Call Test Case 'Test Cases/Reusable_Test_Sequences/Web_Office/Navigation/Sub_Menu_Navigation/Settings/Preferences' successfully

2020-04-27 11:59:10 - [TEST_CASE][PASSED] - Test Cases/Reusable_Test_Sequences/Web_Office/Navigation/Sub_Menu_Navigation/Settings/Preferences: Test Cases/Reusable_Test_Sequences/Web_Office/Navigation/Sub_Menu_Navigation/Settings/Preferences

2020-04-27 11:59:11 - [TEST_STEP][PASSED] - "--------------------------------------": null

2020-04-27 11:59:11 - [TEST_STEP][PASSED] - " Navigate Top level menu Item         |": null

2020-04-27 11:59:11 - [TEST_STEP][PASSED] - waitForPageLoad(60): Wait for page load successfully

2020-04-27 11:59:11 - [MESSAGE][PASSED] - Wait for page load successfully

2020-04-27 11:59:11 - [TEST_STEP][PASSED] - waitForElementClickable(findTestObject("Object Repository/WebOffice_Home_page/a_Settings"), 60): Object 'Object Repository/WebOffice_Home_page/a_Settings' is clickable

2020-04-27 11:59:11 - [MESSAGE][PASSED] - Object 'Object Repository/WebOffice_Home_page/a_Settings' is clickable

2020-04-27 11:59:11 - [TEST_STEP][PASSED] - mouseOver(findTestObject("Object Repository/WebOffice_Home_page/a_Settings")): Object: 'Object Repository/WebOffice_Home_page/a_Settings' is hovered

2020-04-27 11:59:11 - [MESSAGE][PASSED] - Object: 'Object Repository/WebOffice_Home_page/a_Settings' is hovered

2020-04-27 11:59:11 - [TEST_STEP][PASSED] - waitForElementClickable(findTestObject("Object Repository/WebOffice_Home_page/a_Preferences"), 1): Object 'Object Repository/WebOffice_Home_page/a_Preferences' is clickable

2020-04-27 11:59:11 - [MESSAGE][PASSED] - Object 'Object Repository/WebOffice_Home_page/a_Preferences' is clickable

2020-04-27 11:59:11 - [TEST_STEP][PASSED] - click(findTestObject("Object Repository/WebOffice_Home_page/a_Preferences")): Object: 'Object Repository/WebOffice_Home_page/a_Preferences' is clicked on

2020-04-27 11:59:12 - [MESSAGE][PASSED] - Object: 'Object Repository/WebOffice_Home_page/a_Preferences' is clicked on

2020-04-27 11:59:12 - [MESSAGE][PASSED] - Call Test Case 'Test Cases/Reusable_Test_Sequences/Web_Office/Navigation/Sub_Menu_Navigation/Settings/Preferences' successfully

2020-04-27 11:59:12 - [TEST_STEP][PASSED] - "--------------------------------------": null

2020-04-27 11:59:12 - [TEST_STEP][PASSED] - " Verify Returned Page Detail          |": null

2020-04-27 11:59:12 - [TEST_STEP][PASSED] - callTestCase(findTestCase("Reusable_Test_Sequences/Web_Office/Verification/Settings/Preferences"), [:], OPTIONAL): Unable to call Test Case 'Test Cases/Reusable_Test_Sequences/Web_Office/Verification/Settings/Preferences' (Root cause: com.kms.katalon.core.exception.StepFailedException: Call Test Case 'Test Cases/Reusable_Test_Sequences/Web_Office/Verification/Settings/Preferences' failed
	at com.kms.katalon.core.keyword.builtin.CallTestCaseKeyword$_callTestCase_closure1.doCall(CallTestCaseKeyword.groovy:63)
	at com.kms.katalon.core.keyword.builtin.CallTestCaseKeyword$_callTestCase_closure1.call(CallTestCaseKeyword.groovy)
	at com.kms.katalon.core.keyword.internal.KeywordMain.runKeyword(KeywordMain.groovy:68)
	at com.kms.katalon.core.keyword.builtin.CallTestCaseKeyword.callTestCase(CallTestCaseKeyword.groovy:81)
	at com.kms.katalon.core.keyword.builtin.CallTestCaseKeyword.execute(CallTestCaseKeyword.groovy:44)
	at com.kms.katalon.core.keyword.internal.KeywordExecutor.executeKeywordForPlatform(KeywordExecutor.groovy:72)
	at com.kms.katalon.core.keyword.BuiltinKeywords.callTestCase(BuiltinKeywords.groovy:334)
	at Preferences.run(Preferences:63)
	at com.kms.katalon.core.main.ScriptEngine.run(ScriptEngine.java:194)
	at com.kms.katalon.core.main.ScriptEngine.runScriptAsRawText(ScriptEngine.java:119)
	at com.kms.katalon.core.main.TestCaseExecutor.runScript(TestCaseExecutor.java:337)
	at com.kms.katalon.core.main.TestCaseExecutor.doExecute(TestCaseExecutor.java:328)
	at com.kms.katalon.core.main.TestCaseExecutor.processExecutionPhase(TestCaseExecutor.java:307)
	at com.kms.katalon.core.main.TestCaseExecutor.accessMainPhase(TestCaseExecutor.java:299)
	at com.kms.katalon.core.main.TestCaseExecutor.execute(TestCaseExecutor.java:233)
	at com.kms.katalon.core.main.TestSuiteExecutor.accessTestCaseMainPhase(TestSuiteExecutor.java:169)
	at com.kms.katalon.core.main.TestSuiteExecutor.accessTestSuiteMainPhase(TestSuiteExecutor.java:142)
	at com.kms.katalon.core.main.TestSuiteExecutor.execute(TestSuiteExecutor.java:91)
	at com.kms.katalon.core.main.TestCaseMain.startTestSuite(TestCaseMain.java:157)
	at com.kms.katalon.core.main.TestCaseMain$startTestSuite$0.call(Unknown Source)
	at TempTestSuite1587982982572.run(TempTestSuite1587982982572.groovy:37)
Caused by: com.kms.katalon.core.exception.StepFailedException: Text 'Save' is not present on page  (Root cause: com.kms.katalon.core.exception.StepFailedException: Text 'Save' is not present on page 
	at com.kms.katalon.core.webui.keyword.internal.WebUIKeywordMain.stepFailed(WebUIKeywordMain.groovy:64)
	at com.kms.katalon.core.webui.keyword.builtin.VerifyTextPresentKeyword$_verifyTextPresent_closure1.doCall(VerifyTextPresentKeyword.groovy:79)
	at com.kms.katalon.core.webui.keyword.builtin.VerifyTextPresentKeyword$_verifyTextPresent_closure1.call(VerifyTextPresentKeyword.groovy)
	at com.kms.katalon.core.webui.keyword.internal.WebUIKeywordMain.runKeyword(WebUIKeywordMain.groovy:20)
	at com.kms.katalon.core.webui.keyword.builtin.VerifyTextPresentKeyword.verifyTextPresent(VerifyTextPresentKeyword.groovy:83)
	at com.kms.katalon.core.webui.keyword.builtin.VerifyTextPresentKeyword.execute(VerifyTextPresentKeyword.groovy:68)
	at com.kms.katalon.core.keyword.internal.KeywordExecutor.executeKeywordForPlatform(KeywordExecutor.groovy:72)
	at com.kms.katalon.core.webui.keyword.WebUiBuiltInKeywords.verifyTextPresent(WebUiBuiltInKeywords.groovy:1719)
	at com.kms.katalon.core.webui.keyword.WebUiBuiltInKeywords$verifyTextPresent$2.call(Unknown Source)
	at Preferences.run(Preferences:57)
	at com.kms.katalon.core.main.ScriptEngine.run(ScriptEngine.java:194)
	at com.kms.katalon.core.main.ScriptEngine.runScriptAsRawText(ScriptEngine.java:119)
	at com.kms.katalon.core.main.TestCaseExecutor.runScript(TestCaseExecutor.java:337)
	at com.kms.katalon.core.main.TestCaseExecutor.doExecute(TestCaseExecutor.java:328)
	at com.kms.katalon.core.main.TestCaseExecutor.processExecutionPhase(TestCaseExecutor.java:307)
	at com.kms.katalon.core.main.TestCaseExecutor.accessMainPhase(TestCaseExecutor.java:299)
	at com.kms.katalon.core.main.TestCaseExecutor.execute(TestCaseExecutor.java:233)
	at com.kms.katalon.core.main.TestCaseMain.runTestCase(TestCaseMain.java:114)
	at com.kms.katalon.core.keyword.builtin.CallTestCaseKeyword$_callTestCase_closure1.doCall(CallTestCaseKeyword.groovy:59)
	at com.kms.katalon.core.keyword.builtin.CallTestCaseKeyword$_callTestCase_closure1.call(CallTestCaseKeyword.groovy)
	at com.kms.katalon.core.keyword.internal.KeywordMain.runKeyword(KeywordMain.groovy:68)
	at com.kms.katalon.core.keyword.builtin.CallTestCaseKeyword.callTestCase(CallTestCaseKeyword.groovy:81)
	at com.kms.katalon.core.keyword.builtin.CallTestCaseKeyword.execute(CallTestCaseKeyword.groovy:44)
	at com.kms.katalon.core.keyword.internal.KeywordExecutor.executeKeywordForPlatform(KeywordExecutor.groovy:72)
	at com.kms.katalon.core.keyword.BuiltinKeywords.callTestCase(BuiltinKeywords.groovy:334)
	at Preferences.run(Preferences:63)
	at com.kms.katalon.core.main.ScriptEngine.run(ScriptEngine.java:194)
	at com.kms.katalon.core.main.ScriptEngine.runScriptAsRawText(ScriptEngine.java:119)
	at com.kms.katalon.core.main.TestCaseExecutor.runScript(TestCaseExecutor.java:337)
	at com.kms.katalon.core.main.TestCaseExecutor.doExecute(TestCaseExecutor.java:328)
	at com.kms.katalon.core.main.TestCaseExecutor.processExecutionPhase(TestCaseExecutor.java:307)
	at com.kms.katalon.core.main.TestCaseExecutor.accessMainPhase(TestCaseExecutor.java:299)
	at com.kms.katalon.core.main.TestCaseExecutor.execute(TestCaseExecutor.java:233)
	at com.kms.katalon.core.main.TestSuiteExecutor.accessTestCaseMainPhase(TestSuiteExecutor.java:169)
	at com.kms.katalon.core.main.TestSuiteExecutor.accessTestSuiteMainPhase(TestSuiteExecutor.java:142)
	at com.kms.katalon.core.main.TestSuiteExecutor.execute(TestSuiteExecutor.java:91)
	at com.kms.katalon.core.main.TestCaseMain.startTestSuite(TestCaseMain.java:157)
	at com.kms.katalon.core.main.TestCaseMain$startTestSuite$0.call(Unknown Source)
	at TempTestSuite1587982982572.run(TempTestSuite1587982982572.groovy:37)
)
	at com.kms.katalon.core.keyword.internal.KeywordMain.stepFailed(KeywordMain.groovy:39)
	at com.kms.katalon.core.webui.keyword.internal.WebUIKeywordMain.stepFailed(WebUIKeywordMain.groovy:64)
	at com.kms.katalon.core.webui.keyword.builtin.VerifyTextPresentKeyword$_verifyTextPresent_closure1.doCall(VerifyTextPresentKeyword.groovy:79)
	at com.kms.katalon.core.webui.keyword.builtin.VerifyTextPresentKeyword$_verifyTextPresent_closure1.call(VerifyTextPresentKeyword.groovy)
	at com.kms.katalon.core.webui.keyword.internal.WebUIKeywordMain.runKeyword(WebUIKeywordMain.groovy:20)
	at com.kms.katalon.core.webui.keyword.builtin.VerifyTextPresentKeyword.verifyTextPresent(VerifyTextPresentKeyword.groovy:83)
	at com.kms.katalon.core.webui.keyword.builtin.VerifyTextPresentKeyword.execute(VerifyTextPresentKeyword.groovy:68)
	at com.kms.katalon.core.keyword.internal.KeywordExecutor.executeKeywordForPlatform(KeywordExecutor.groovy:72)
	at com.kms.katalon.core.webui.keyword.WebUiBuiltInKeywords.verifyTextPresent(WebUiBuiltInKeywords.groovy:1719)
	at com.kms.katalon.core.webui.keyword.WebUiBuiltInKeywords$verifyTextPresent$2.call(Unknown Source)
	at Preferences.run(Preferences:57)
	at com.kms.katalon.core.main.ScriptEngine.run(ScriptEngine.java:194)
	at com.kms.katalon.core.main.ScriptEngine.runScriptAsRawText(ScriptEngine.java:119)
	at com.kms.katalon.core.main.TestCaseExecutor.runScript(TestCaseExecutor.java:337)
	at com.kms.katalon.core.main.TestCaseExecutor.doExecute(TestCaseExecutor.java:328)
	at com.kms.katalon.core.main.TestCaseExecutor.processExecutionPhase(TestCaseExecutor.java:307)
	at com.kms.katalon.core.main.TestCaseExecutor.accessMainPhase(TestCaseExecutor.java:299)
	at com.kms.katalon.core.main.TestCaseExecutor.execute(TestCaseExecutor.java:233)
	at com.kms.katalon.core.main.TestCaseMain.runTestCase(TestCaseMain.java:114)
	at com.kms.katalon.core.keyword.builtin.CallTestCaseKeyword$_callTestCase_closure1.doCall(CallTestCaseKeyword.groovy:59)
	... 20 more
Caused by: com.kms.katalon.core.exception.StepFailedException: Text 'Save' is not present on page 
	... 39 more
)

2020-04-27 11:59:12 - [TEST_CASE][FAILED] - Test Cases/Reusable_Test_Sequences/Web_Office/Verification/Settings/Preferences: Test Cases/Reusable_Test_Sequences/Web_Office/Verification/Settings/Preferences FAILED.
Reason:
com.kms.katalon.core.exception.StepFailedException: Text 'Save' is not present on page  (Root cause: com.kms.katalon.core.exception.StepFailedException: Text 'Save' is not present on page 
	at com.kms.katalon.core.webui.keyword.internal.WebUIKeywordMain.stepFailed(WebUIKeywordMain.groovy:64)
	at com.kms.katalon.core.webui.keyword.builtin.VerifyTextPresentKeyword$_verifyTextPresent_closure1.doCall(VerifyTextPresentKeyword.groovy:79)
	at com.kms.katalon.core.webui.keyword.builtin.VerifyTextPresentKeyword$_verifyTextPresent_closure1.call(VerifyTextPresentKeyword.groovy)
	at com.kms.katalon.core.webui.keyword.internal.WebUIKeywordMain.runKeyword(WebUIKeywordMain.groovy:20)
	at com.kms.katalon.core.webui.keyword.builtin.VerifyTextPresentKeyword.verifyTextPresent(VerifyTextPresentKeyword.groovy:83)
	at com.kms.katalon.core.webui.keyword.builtin.VerifyTextPresentKeyword.execute(VerifyTextPresentKeyword.groovy:68)
	at com.kms.katalon.core.keyword.internal.KeywordExecutor.executeKeywordForPlatform(KeywordExecutor.groovy:72)
	at com.kms.katalon.core.webui.keyword.WebUiBuiltInKeywords.verifyTextPresent(WebUiBuiltInKeywords.groovy:1719)
	at com.kms.katalon.core.webui.keyword.WebUiBuiltInKeywords$verifyTextPresent$2.call(Unknown Source)
	at Preferences.run(Preferences:57)
	at com.kms.katalon.core.main.ScriptEngine.run(ScriptEngine.java:194)
	at com.kms.katalon.core.main.ScriptEngine.runScriptAsRawText(ScriptEngine.java:119)
	at com.kms.katalon.core.main.TestCaseExecutor.runScript(TestCaseExecutor.java:337)
	at com.kms.katalon.core.main.TestCaseExecutor.doExecute(TestCaseExecutor.java:328)
	at com.kms.katalon.core.main.TestCaseExecutor.processExecutionPhase(TestCaseExecutor.java:307)
	at com.kms.katalon.core.main.TestCaseExecutor.accessMainPhase(TestCaseExecutor.java:299)
	at com.kms.katalon.core.main.TestCaseExecutor.execute(TestCaseExecutor.java:233)
	at com.kms.katalon.core.main.TestCaseMain.runTestCase(TestCaseMain.java:114)
	at com.kms.katalon.core.keyword.builtin.CallTestCaseKeyword$_callTestCase_closure1.doCall(CallTestCaseKeyword.groovy:59)
	at com.kms.katalon.core.keyword.builtin.CallTestCaseKeyword$_callTestCase_closure1.call(CallTestCaseKeyword.groovy)
	at com.kms.katalon.core.keyword.internal.KeywordMain.runKeyword(KeywordMain.groovy:68)
	at com.kms.katalon.core.keyword.builtin.CallTestCaseKeyword.callTestCase(CallTestCaseKeyword.groovy:81)
	at com.kms.katalon.core.keyword.builtin.CallTestCaseKeyword.execute(CallTestCaseKeyword.groovy:44)
	at com.kms.katalon.core.keyword.internal.KeywordExecutor.executeKeywordForPlatform(KeywordExecutor.groovy:72)
	at com.kms.katalon.core.keyword.BuiltinKeywords.callTestCase(BuiltinKeywords.groovy:334)
	at Preferences.run(Preferences:63)
	at com.kms.katalon.core.main.ScriptEngine.run(ScriptEngine.java:194)
	at com.kms.katalon.core.main.ScriptEngine.runScriptAsRawText(ScriptEngine.java:119)
	at com.kms.katalon.core.main.TestCaseExecutor.runScript(TestCaseExecutor.java:337)
	at com.kms.katalon.core.main.TestCaseExecutor.doExecute(TestCaseExecutor.java:328)
	at com.kms.katalon.core.main.TestCaseExecutor.processExecutionPhase(TestCaseExecutor.java:307)
	at com.kms.katalon.core.main.TestCaseExecutor.accessMainPhase(TestCaseExecutor.java:299)
	at com.kms.katalon.core.main.TestCaseExecutor.execute(TestCaseExecutor.java:233)
	at com.kms.katalon.core.main.TestSuiteExecutor.accessTestCaseMainPhase(TestSuiteExecutor.java:169)
	at com.kms.katalon.core.main.TestSuiteExecutor.accessTestSuiteMainPhase(TestSuiteExecutor.java:142)
	at com.kms.katalon.core.main.TestSuiteExecutor.execute(TestSuiteExecutor.java:91)
	at com.kms.katalon.core.main.TestCaseMain.startTestSuite(TestCaseMain.java:157)
	at com.kms.katalon.core.main.TestCaseMain$startTestSuite$0.call(Unknown Source)
	at TempTestSuite1587982982572.run(TempTestSuite1587982982572.groovy:37)
)
	at com.kms.katalon.core.keyword.internal.KeywordMain.stepFailed(KeywordMain.groovy:39)
	at com.kms.katalon.core.webui.keyword.internal.WebUIKeywordMain.stepFailed(WebUIKeywordMain.groovy:64)
	at com.kms.katalon.core.webui.keyword.builtin.VerifyTextPresentKeyword$_verifyTextPresent_closure1.doCall(VerifyTextPresentKeyword.groovy:79)
	at com.kms.katalon.core.webui.keyword.builtin.VerifyTextPresentKeyword$_verifyTextPresent_closure1.call(VerifyTextPresentKeyword.groovy)
	at com.kms.katalon.core.webui.keyword.internal.WebUIKeywordMain.runKeyword(WebUIKeywordMain.groovy:20)
	at com.kms.katalon.core.webui.keyword.builtin.VerifyTextPresentKeyword.verifyTextPresent(VerifyTextPresentKeyword.groovy:83)
	at com.kms.katalon.core.webui.keyword.builtin.VerifyTextPresentKeyword.execute(VerifyTextPresentKeyword.groovy:68)
	at com.kms.katalon.core.keyword.internal.KeywordExecutor.executeKeywordForPlatform(KeywordExecutor.groovy:72)
	at com.kms.katalon.core.webui.keyword.WebUiBuiltInKeywords.verifyTextPresent(WebUiBuiltInKeywords.groovy:1719)
	at com.kms.katalon.core.webui.keyword.WebUiBuiltInKeywords$verifyTextPresent$2.call(Unknown Source)
	at Preferences.run(Preferences:57)
	at com.kms.katalon.core.main.ScriptEngine.run(ScriptEngine.java:194)
	at com.kms.katalon.core.main.ScriptEngine.runScriptAsRawText(ScriptEngine.java:119)
	at com.kms.katalon.core.main.TestCaseExecutor.runScript(TestCaseExecutor.java:337)
	at com.kms.katalon.core.main.TestCaseExecutor.doExecute(TestCaseExecutor.java:328)
	at com.kms.katalon.core.main.TestCaseExecutor.processExecutionPhase(TestCaseExecutor.java:307)
	at com.kms.katalon.core.main.TestCaseExecutor.accessMainPhase(TestCaseExecutor.java:299)
	at com.kms.katalon.core.main.TestCaseExecutor.execute(TestCaseExecutor.java:233)
	at com.kms.katalon.core.main.TestCaseMain.runTestCase(TestCaseMain.java:114)
	at com.kms.katalon.core.keyword.builtin.CallTestCaseKeyword$_callTestCase_closure1.doCall(CallTestCaseKeyword.groovy:59)
	at com.kms.katalon.core.keyword.builtin.CallTestCaseKeyword$_callTestCase_closure1.call(CallTestCaseKeyword.groovy)
	at com.kms.katalon.core.keyword.internal.KeywordMain.runKeyword(KeywordMain.groovy:68)
	at com.kms.katalon.core.keyword.builtin.CallTestCaseKeyword.callTestCase(CallTestCaseKeyword.groovy:81)
	at com.kms.katalon.core.keyword.builtin.CallTestCaseKeyword.execute(CallTestCaseKeyword.groovy:44)
	at com.kms.katalon.core.keyword.internal.KeywordExecutor.executeKeywordForPlatform(KeywordExecutor.groovy:72)
	at com.kms.katalon.core.keyword.BuiltinKeywords.callTestCase(BuiltinKeywords.groovy:334)
	at Preferences.run(Preferences:63)
	at com.kms.katalon.core.main.ScriptEngine.run(ScriptEngine.java:194)
	at com.kms.katalon.core.main.ScriptEngine.runScriptAsRawText(ScriptEngine.java:119)
	at com.kms.katalon.core.main.TestCaseExecutor.runScript(TestCaseExecutor.java:337)
	at com.kms.katalon.core.main.TestCaseExecutor.doExecute(TestCaseExecutor.java:328)
	at com.kms.katalon.core.main.TestCaseExecutor.processExecutionPhase(TestCaseExecutor.java:307)
	at com.kms.katalon.core.main.TestCaseExecutor.accessMainPhase(TestCaseExecutor.java:299)
	at com.kms.katalon.core.main.TestCaseExecutor.execute(TestCaseExecutor.java:233)
	at com.kms.katalon.core.main.TestSuiteExecutor.accessTestCaseMainPhase(TestSuiteExecutor.java:169)
	at com.kms.katalon.core.main.TestSuiteExecutor.accessTestSuiteMainPhase(TestSuiteExecutor.java:142)
	at com.kms.katalon.core.main.TestSuiteExecutor.execute(TestSuiteExecutor.java:91)
	at com.kms.katalon.core.main.TestCaseMain.startTestSuite(TestCaseMain.java:157)
	at com.kms.katalon.core.main.TestCaseMain$startTestSuite$0.call(Unknown Source)
	at TempTestSuite1587982982572.run(TempTestSuite1587982982572.groovy:37)
Caused by: com.kms.katalon.core.exception.StepFailedException: Text 'Save' is not present on page 
	... 39 more


2020-04-27 11:59:12 - [TEST_STEP][PASSED] - waitForPageLoad(60): Wait for page load successfully

2020-04-27 11:59:12 - [MESSAGE][PASSED] - Wait for page load successfully

2020-04-27 11:59:12 - [TEST_STEP][PASSED] - delay(1): Delayed 1 second(s)

2020-04-27 11:59:13 - [MESSAGE][PASSED] - Delayed 1 second(s)

2020-04-27 11:59:13 - [TEST_STEP][PASSED] - verifyTextPresent("Preferences For", false): Text 'Preferences For' is present on page 

2020-04-27 11:59:14 - [MESSAGE][PASSED] - Text 'Preferences For' is present on page 

2020-04-27 11:59:14 - [TEST_STEP][FAILED] - verifyTextPresent("Save", false): Text 'Save' is not present on page  (Root cause: com.kms.katalon.core.exception.StepFailedException: Text 'Save' is not present on page 
	at com.kms.katalon.core.webui.keyword.internal.WebUIKeywordMain.stepFailed(WebUIKeywordMain.groovy:64)
	at com.kms.katalon.core.webui.keyword.builtin.VerifyTextPresentKeyword$_verifyTextPresent_closure1.doCall(VerifyTextPresentKeyword.groovy:79)
	at com.kms.katalon.core.webui.keyword.builtin.VerifyTextPresentKeyword$_verifyTextPresent_closure1.call(VerifyTextPresentKeyword.groovy)
	at com.kms.katalon.core.webui.keyword.internal.WebUIKeywordMain.runKeyword(WebUIKeywordMain.groovy:20)
	at com.kms.katalon.core.webui.keyword.builtin.VerifyTextPresentKeyword.verifyTextPresent(VerifyTextPresentKeyword.groovy:83)
	at com.kms.katalon.core.webui.keyword.builtin.VerifyTextPresentKeyword.execute(VerifyTextPresentKeyword.groovy:68)
	at com.kms.katalon.core.keyword.internal.KeywordExecutor.executeKeywordForPlatform(KeywordExecutor.groovy:72)
	at com.kms.katalon.core.webui.keyword.WebUiBuiltInKeywords.verifyTextPresent(WebUiBuiltInKeywords.groovy:1719)
	at com.kms.katalon.core.webui.keyword.WebUiBuiltInKeywords$verifyTextPresent$2.call(Unknown Source)
	at Preferences.run(Preferences:57)
	at com.kms.katalon.core.main.ScriptEngine.run(ScriptEngine.java:194)
	at com.kms.katalon.core.main.ScriptEngine.runScriptAsRawText(ScriptEngine.java:119)
	at com.kms.katalon.core.main.TestCaseExecutor.runScript(TestCaseExecutor.java:337)
	at com.kms.katalon.core.main.TestCaseExecutor.doExecute(TestCaseExecutor.java:328)
	at com.kms.katalon.core.main.TestCaseExecutor.processExecutionPhase(TestCaseExecutor.java:307)
	at com.kms.katalon.core.main.TestCaseExecutor.accessMainPhase(TestCaseExecutor.java:299)
	at com.kms.katalon.core.main.TestCaseExecutor.execute(TestCaseExecutor.java:233)
	at com.kms.katalon.core.main.TestCaseMain.runTestCase(TestCaseMain.java:114)
	at com.kms.katalon.core.keyword.builtin.CallTestCaseKeyword$_callTestCase_closure1.doCall(CallTestCaseKeyword.groovy:59)
	at com.kms.katalon.core.keyword.builtin.CallTestCaseKeyword$_callTestCase_closure1.call(CallTestCaseKeyword.groovy)
	at com.kms.katalon.core.keyword.internal.KeywordMain.runKeyword(KeywordMain.groovy:68)
	at com.kms.katalon.core.keyword.builtin.CallTestCaseKeyword.callTestCase(CallTestCaseKeyword.groovy:81)
	at com.kms.katalon.core.keyword.builtin.CallTestCaseKeyword.execute(CallTestCaseKeyword.groovy:44)
	at com.kms.katalon.core.keyword.internal.KeywordExecutor.executeKeywordForPlatform(KeywordExecutor.groovy:72)
	at com.kms.katalon.core.keyword.BuiltinKeywords.callTestCase(BuiltinKeywords.groovy:334)
	at Preferences.run(Preferences:63)
	at com.kms.katalon.core.main.ScriptEngine.run(ScriptEngine.java:194)
	at com.kms.katalon.core.main.ScriptEngine.runScriptAsRawText(ScriptEngine.java:119)
	at com.kms.katalon.core.main.TestCaseExecutor.runScript(TestCaseExecutor.java:337)
	at com.kms.katalon.core.main.TestCaseExecutor.doExecute(TestCaseExecutor.java:328)
	at com.kms.katalon.core.main.TestCaseExecutor.processExecutionPhase(TestCaseExecutor.java:307)
	at com.kms.katalon.core.main.TestCaseExecutor.accessMainPhase(TestCaseExecutor.java:299)
	at com.kms.katalon.core.main.TestCaseExecutor.execute(TestCaseExecutor.java:233)
	at com.kms.katalon.core.main.TestSuiteExecutor.accessTestCaseMainPhase(TestSuiteExecutor.java:169)
	at com.kms.katalon.core.main.TestSuiteExecutor.accessTestSuiteMainPhase(TestSuiteExecutor.java:142)
	at com.kms.katalon.core.main.TestSuiteExecutor.execute(TestSuiteExecutor.java:91)
	at com.kms.katalon.core.main.TestCaseMain.startTestSuite(TestCaseMain.java:157)
	at com.kms.katalon.core.main.TestCaseMain$startTestSuite$0.call(Unknown Source)
	at TempTestSuite1587982982572.run(TempTestSuite1587982982572.groovy:37)
)

2020-04-27 11:59:14 - [MESSAGE][FAILED] - Text 'Save' is not present on page  (Root cause: com.kms.katalon.core.exception.StepFailedException: Text 'Save' is not present on page 
	at com.kms.katalon.core.webui.keyword.internal.WebUIKeywordMain.stepFailed(WebUIKeywordMain.groovy:64)
	at com.kms.katalon.core.webui.keyword.builtin.VerifyTextPresentKeyword$_verifyTextPresent_closure1.doCall(VerifyTextPresentKeyword.groovy:79)
	at com.kms.katalon.core.webui.keyword.builtin.VerifyTextPresentKeyword$_verifyTextPresent_closure1.call(VerifyTextPresentKeyword.groovy)
	at com.kms.katalon.core.webui.keyword.internal.WebUIKeywordMain.runKeyword(WebUIKeywordMain.groovy:20)
	at com.kms.katalon.core.webui.keyword.builtin.VerifyTextPresentKeyword.verifyTextPresent(VerifyTextPresentKeyword.groovy:83)
	at com.kms.katalon.core.webui.keyword.builtin.VerifyTextPresentKeyword.execute(VerifyTextPresentKeyword.groovy:68)
	at com.kms.katalon.core.keyword.internal.KeywordExecutor.executeKeywordForPlatform(KeywordExecutor.groovy:72)
	at com.kms.katalon.core.webui.keyword.WebUiBuiltInKeywords.verifyTextPresent(WebUiBuiltInKeywords.groovy:1719)
	at com.kms.katalon.core.webui.keyword.WebUiBuiltInKeywords$verifyTextPresent$2.call(Unknown Source)
	at Preferences.run(Preferences:57)
	at com.kms.katalon.core.main.ScriptEngine.run(ScriptEngine.java:194)
	at com.kms.katalon.core.main.ScriptEngine.runScriptAsRawText(ScriptEngine.java:119)
	at com.kms.katalon.core.main.TestCaseExecutor.runScript(TestCaseExecutor.java:337)
	at com.kms.katalon.core.main.TestCaseExecutor.doExecute(TestCaseExecutor.java:328)
	at com.kms.katalon.core.main.TestCaseExecutor.processExecutionPhase(TestCaseExecutor.java:307)
	at com.kms.katalon.core.main.TestCaseExecutor.accessMainPhase(TestCaseExecutor.java:299)
	at com.kms.katalon.core.main.TestCaseExecutor.execute(TestCaseExecutor.java:233)
	at com.kms.katalon.core.main.TestCaseMain.runTestCase(TestCaseMain.java:114)
	at com.kms.katalon.core.keyword.builtin.CallTestCaseKeyword$_callTestCase_closure1.doCall(CallTestCaseKeyword.groovy:59)
	at com.kms.katalon.core.keyword.builtin.CallTestCaseKeyword$_callTestCase_closure1.call(CallTestCaseKeyword.groovy)
	at com.kms.katalon.core.keyword.internal.KeywordMain.runKeyword(KeywordMain.groovy:68)
	at com.kms.katalon.core.keyword.builtin.CallTestCaseKeyword.callTestCase(CallTestCaseKeyword.groovy:81)
	at com.kms.katalon.core.keyword.builtin.CallTestCaseKeyword.execute(CallTestCaseKeyword.groovy:44)
	at com.kms.katalon.core.keyword.internal.KeywordExecutor.executeKeywordForPlatform(KeywordExecutor.groovy:72)
	at com.kms.katalon.core.keyword.BuiltinKeywords.callTestCase(BuiltinKeywords.groovy:334)
	at Preferences.run(Preferences:63)
	at com.kms.katalon.core.main.ScriptEngine.run(ScriptEngine.java:194)
	at com.kms.katalon.core.main.ScriptEngine.runScriptAsRawText(ScriptEngine.java:119)
	at com.kms.katalon.core.main.TestCaseExecutor.runScript(TestCaseExecutor.java:337)
	at com.kms.katalon.core.main.TestCaseExecutor.doExecute(TestCaseExecutor.java:328)
	at com.kms.katalon.core.main.TestCaseExecutor.processExecutionPhase(TestCaseExecutor.java:307)
	at com.kms.katalon.core.main.TestCaseExecutor.accessMainPhase(TestCaseExecutor.java:299)
	at com.kms.katalon.core.main.TestCaseExecutor.execute(TestCaseExecutor.java:233)
	at com.kms.katalon.core.main.TestSuiteExecutor.accessTestCaseMainPhase(TestSuiteExecutor.java:169)
	at com.kms.katalon.core.main.TestSuiteExecutor.accessTestSuiteMainPhase(TestSuiteExecutor.java:142)
	at com.kms.katalon.core.main.TestSuiteExecutor.execute(TestSuiteExecutor.java:91)
	at com.kms.katalon.core.main.TestCaseMain.startTestSuite(TestCaseMain.java:157)
	at com.kms.katalon.core.main.TestCaseMain$startTestSuite$0.call(Unknown Source)
	at TempTestSuite1587982982572.run(TempTestSuite1587982982572.groovy:37)
)

2020-04-27 11:59:14 - [TEST_STEP][PASSED] - verifyTextPresent("Default Table Results", false): Text 'Default Table Results' is present on page 

2020-04-27 11:59:14 - [MESSAGE][PASSED] - Text 'Default Table Results' is present on page 

2020-04-27 11:59:14 - [MESSAGE][WARNING] - Unable to call Test Case 'Test Cases/Reusable_Test_Sequences/Web_Office/Verification/Settings/Preferences' (Root cause: com.kms.katalon.core.exception.StepFailedException: Call Test Case 'Test Cases/Reusable_Test_Sequences/Web_Office/Verification/Settings/Preferences' failed
	at com.kms.katalon.core.keyword.builtin.CallTestCaseKeyword$_callTestCase_closure1.doCall(CallTestCaseKeyword.groovy:63)
	at com.kms.katalon.core.keyword.builtin.CallTestCaseKeyword$_callTestCase_closure1.call(CallTestCaseKeyword.groovy)
	at com.kms.katalon.core.keyword.internal.KeywordMain.runKeyword(KeywordMain.groovy:68)
	at com.kms.katalon.core.keyword.builtin.CallTestCaseKeyword.callTestCase(CallTestCaseKeyword.groovy:81)
	at com.kms.katalon.core.keyword.builtin.CallTestCaseKeyword.execute(CallTestCaseKeyword.groovy:44)
	at com.kms.katalon.core.keyword.internal.KeywordExecutor.executeKeywordForPlatform(KeywordExecutor.groovy:72)
	at com.kms.katalon.core.keyword.BuiltinKeywords.callTestCase(BuiltinKeywords.groovy:334)
	at Preferences.run(Preferences:63)
	at com.kms.katalon.core.main.ScriptEngine.run(ScriptEngine.java:194)
	at com.kms.katalon.core.main.ScriptEngine.runScriptAsRawText(ScriptEngine.java:119)
	at com.kms.katalon.core.main.TestCaseExecutor.runScript(TestCaseExecutor.java:337)
	at com.kms.katalon.core.main.TestCaseExecutor.doExecute(TestCaseExecutor.java:328)
	at com.kms.katalon.core.main.TestCaseExecutor.processExecutionPhase(TestCaseExecutor.java:307)
	at com.kms.katalon.core.main.TestCaseExecutor.accessMainPhase(TestCaseExecutor.java:299)
	at com.kms.katalon.core.main.TestCaseExecutor.execute(TestCaseExecutor.java:233)
	at com.kms.katalon.core.main.TestSuiteExecutor.accessTestCaseMainPhase(TestSuiteExecutor.java:169)
	at com.kms.katalon.core.main.TestSuiteExecutor.accessTestSuiteMainPhase(TestSuiteExecutor.java:142)
	at com.kms.katalon.core.main.TestSuiteExecutor.execute(TestSuiteExecutor.java:91)
	at com.kms.katalon.core.main.TestCaseMain.startTestSuite(TestCaseMain.java:157)
	at com.kms.katalon.core.main.TestCaseMain$startTestSuite$0.call(Unknown Source)
	at TempTestSuite1587982982572.run(TempTestSuite1587982982572.groovy:37)
Caused by: com.kms.katalon.core.exception.StepFailedException: Text 'Save' is not present on page  (Root cause: com.kms.katalon.core.exception.StepFailedException: Text 'Save' is not present on page 
	at com.kms.katalon.core.webui.keyword.internal.WebUIKeywordMain.stepFailed(WebUIKeywordMain.groovy:64)
	at com.kms.katalon.core.webui.keyword.builtin.VerifyTextPresentKeyword$_verifyTextPresent_closure1.doCall(VerifyTextPresentKeyword.groovy:79)
	at com.kms.katalon.core.webui.keyword.builtin.VerifyTextPresentKeyword$_verifyTextPresent_closure1.call(VerifyTextPresentKeyword.groovy)
	at com.kms.katalon.core.webui.keyword.internal.WebUIKeywordMain.runKeyword(WebUIKeywordMain.groovy:20)
	at com.kms.katalon.core.webui.keyword.builtin.VerifyTextPresentKeyword.verifyTextPresent(VerifyTextPresentKeyword.groovy:83)
	at com.kms.katalon.core.webui.keyword.builtin.VerifyTextPresentKeyword.execute(VerifyTextPresentKeyword.groovy:68)
	at com.kms.katalon.core.keyword.internal.KeywordExecutor.executeKeywordForPlatform(KeywordExecutor.groovy:72)
	at com.kms.katalon.core.webui.keyword.WebUiBuiltInKeywords.verifyTextPresent(WebUiBuiltInKeywords.groovy:1719)
	at com.kms.katalon.core.webui.keyword.WebUiBuiltInKeywords$verifyTextPresent$2.call(Unknown Source)
	at Preferences.run(Preferences:57)
	at com.kms.katalon.core.main.ScriptEngine.run(ScriptEngine.java:194)
	at com.kms.katalon.core.main.ScriptEngine.runScriptAsRawText(ScriptEngine.java:119)
	at com.kms.katalon.core.main.TestCaseExecutor.runScript(TestCaseExecutor.java:337)
	at com.kms.katalon.core.main.TestCaseExecutor.doExecute(TestCaseExecutor.java:328)
	at com.kms.katalon.core.main.TestCaseExecutor.processExecutionPhase(TestCaseExecutor.java:307)
	at com.kms.katalon.core.main.TestCaseExecutor.accessMainPhase(TestCaseExecutor.java:299)
	at com.kms.katalon.core.main.TestCaseExecutor.execute(TestCaseExecutor.java:233)
	at com.kms.katalon.core.main.TestCaseMain.runTestCase(TestCaseMain.java:114)
	at com.kms.katalon.core.keyword.builtin.CallTestCaseKeyword$_callTestCase_closure1.doCall(CallTestCaseKeyword.groovy:59)
	at com.kms.katalon.core.keyword.builtin.CallTestCaseKeyword$_callTestCase_closure1.call(CallTestCaseKeyword.groovy)
	at com.kms.katalon.core.keyword.internal.KeywordMain.runKeyword(KeywordMain.groovy:68)
	at com.kms.katalon.core.keyword.builtin.CallTestCaseKeyword.callTestCase(CallTestCaseKeyword.groovy:81)
	at com.kms.katalon.core.keyword.builtin.CallTestCaseKeyword.execute(CallTestCaseKeyword.groovy:44)
	at com.kms.katalon.core.keyword.internal.KeywordExecutor.executeKeywordForPlatform(KeywordExecutor.groovy:72)
	at com.kms.katalon.core.keyword.BuiltinKeywords.callTestCase(BuiltinKeywords.groovy:334)
	at Preferences.run(Preferences:63)
	at com.kms.katalon.core.main.ScriptEngine.run(ScriptEngine.java:194)
	at com.kms.katalon.core.main.ScriptEngine.runScriptAsRawText(ScriptEngine.java:119)
	at com.kms.katalon.core.main.TestCaseExecutor.runScript(TestCaseExecutor.java:337)
	at com.kms.katalon.core.main.TestCaseExecutor.doExecute(TestCaseExecutor.java:328)
	at com.kms.katalon.core.main.TestCaseExecutor.processExecutionPhase(TestCaseExecutor.java:307)
	at com.kms.katalon.core.main.TestCaseExecutor.accessMainPhase(TestCaseExecutor.java:299)
	at com.kms.katalon.core.main.TestCaseExecutor.execute(TestCaseExecutor.java:233)
	at com.kms.katalon.core.main.TestSuiteExecutor.accessTestCaseMainPhase(TestSuiteExecutor.java:169)
	at com.kms.katalon.core.main.TestSuiteExecutor.accessTestSuiteMainPhase(TestSuiteExecutor.java:142)
	at com.kms.katalon.core.main.TestSuiteExecutor.execute(TestSuiteExecutor.java:91)
	at com.kms.katalon.core.main.TestCaseMain.startTestSuite(TestCaseMain.java:157)
	at com.kms.katalon.core.main.TestCaseMain$startTestSuite$0.call(Unknown Source)
	at TempTestSuite1587982982572.run(TempTestSuite1587982982572.groovy:37)
)
	at com.kms.katalon.core.keyword.internal.KeywordMain.stepFailed(KeywordMain.groovy:39)
	at com.kms.katalon.core.webui.keyword.internal.WebUIKeywordMain.stepFailed(WebUIKeywordMain.groovy:64)
	at com.kms.katalon.core.webui.keyword.builtin.VerifyTextPresentKeyword$_verifyTextPresent_closure1.doCall(VerifyTextPresentKeyword.groovy:79)
	at com.kms.katalon.core.webui.keyword.builtin.VerifyTextPresentKeyword$_verifyTextPresent_closure1.call(VerifyTextPresentKeyword.groovy)
	at com.kms.katalon.core.webui.keyword.internal.WebUIKeywordMain.runKeyword(WebUIKeywordMain.groovy:20)
	at com.kms.katalon.core.webui.keyword.builtin.VerifyTextPresentKeyword.verifyTextPresent(VerifyTextPresentKeyword.groovy:83)
	at com.kms.katalon.core.webui.keyword.builtin.VerifyTextPresentKeyword.execute(VerifyTextPresentKeyword.groovy:68)
	at com.kms.katalon.core.keyword.internal.KeywordExecutor.executeKeywordForPlatform(KeywordExecutor.groovy:72)
	at com.kms.katalon.core.webui.keyword.WebUiBuiltInKeywords.verifyTextPresent(WebUiBuiltInKeywords.groovy:1719)
	at com.kms.katalon.core.webui.keyword.WebUiBuiltInKeywords$verifyTextPresent$2.call(Unknown Source)
	at Preferences.run(Preferences:57)
	at com.kms.katalon.core.main.ScriptEngine.run(ScriptEngine.java:194)
	at com.kms.katalon.core.main.ScriptEngine.runScriptAsRawText(ScriptEngine.java:119)
	at com.kms.katalon.core.main.TestCaseExecutor.runScript(TestCaseExecutor.java:337)
	at com.kms.katalon.core.main.TestCaseExecutor.doExecute(TestCaseExecutor.java:328)
	at com.kms.katalon.core.main.TestCaseExecutor.processExecutionPhase(TestCaseExecutor.java:307)
	at com.kms.katalon.core.main.TestCaseExecutor.accessMainPhase(TestCaseExecutor.java:299)
	at com.kms.katalon.core.main.TestCaseExecutor.execute(TestCaseExecutor.java:233)
	at com.kms.katalon.core.main.TestCaseMain.runTestCase(TestCaseMain.java:114)
	at com.kms.katalon.core.keyword.builtin.CallTestCaseKeyword$_callTestCase_closure1.doCall(CallTestCaseKeyword.groovy:59)
	... 20 more
Caused by: com.kms.katalon.core.exception.StepFailedException: Text 'Save' is not present on page 
	... 39 more
)

2020-04-27 11:59:14 - [TEST_STEP][PASSED] - "--------------------------": null

2020-04-27 11:59:14 - [TEST_STEP][PASSED] - " Teardown - CLose Browser |": null

2020-04-27 11:59:14 - [TEST_STEP][PASSED] - callTestCase(findTestCase("Reusable_Test_Sequences/CAT_Teardown"), [:], OPTIONAL): Call Test Case 'Test Cases/Reusable_Test_Sequences/CAT_Teardown' successfully

2020-04-27 11:59:14 - [TEST_CASE][PASSED] - Test Cases/Reusable_Test_Sequences/CAT_Teardown: Test Cases/Reusable_Test_Sequences/CAT_Teardown

2020-04-27 11:59:14 - [TEST_STEP][PASSED] - closeBrowser(): Browser is closed

2020-04-27 11:59:16 - [MESSAGE][PASSED] - Browser is closed

2020-04-27 11:59:16 - [TEST_STEP][PASSED] - super.finalize(): null

2020-04-27 11:59:16 - [TEST_STEP][PASSED] - System.gc(): null

2020-04-27 11:59:16 - [MESSAGE][PASSED] - Call Test Case 'Test Cases/Reusable_Test_Sequences/CAT_Teardown' successfully]]></system-out>
         <system-err><![CDATA[]]></system-err>
      </testcase>
      <testcase name="Test Cases/Web_Office/Settings/My_User_Account" time="30.218" classname="Test Cases/Web_Office/Settings/My_User_Account" status="PASSED">
         <system-out><![CDATA[2020-04-27 11:59:16 - [TEST_CASE][PASSED] - Test Cases/Web_Office/Settings/My_User_Account: Test Cases/Web_Office/Settings/My_User_Account

2020-04-27 11:59:16 - [TEST_STEP][PASSED] - "--------------------------------------": null

2020-04-27 11:59:16 - [TEST_STEP][PASSED] - " Web Office StartUp                  |": null

2020-04-27 11:59:16 - [TEST_STEP][PASSED] - callTestCase(findTestCase("Reusable_Test_Sequences/Web_Office/Directives/WebOffice_StartUp"), [:], STOP_ON_FAILURE): Call Test Case 'Test Cases/Reusable_Test_Sequences/Web_Office/Directives/WebOffice_StartUp' successfully

2020-04-27 11:59:16 - [TEST_CASE][PASSED] - Test Cases/Reusable_Test_Sequences/Web_Office/Directives/WebOffice_StartUp: Test Cases/Reusable_Test_Sequences/Web_Office/Directives/WebOffice_StartUp

2020-04-27 11:59:16 - [TEST_STEP][PASSED] - "-----------------------------------------------------------------------------": null

2020-04-27 11:59:16 - [TEST_STEP][PASSED] - if (URL == "https://www.dev.checkatrade.com/"): null

2020-04-27 11:59:16 - [TEST_STEP][PASSED] - "-----------------------------------------------------------------------------": null

2020-04-27 11:59:16 - [TEST_STEP][PASSED] - if (URL == "https://www.checkatrade.com/"): null

2020-04-27 11:59:16 - [TEST_STEP][PASSED] - "-----------------------------------------------------------------------------": null

2020-04-27 11:59:16 - [TEST_STEP][PASSED] - if (URL == "https://www.preview.checkatrade.com/"): null

2020-04-27 11:59:16 - [TEST_STEP][PASSED] - WebOfficeURL = "https://admin.preview.checkatrade.com/": null

2020-04-27 11:59:16 - [TEST_STEP][PASSED] - if (URL == "https://www.dev2.checkatrade.com/"): null

2020-04-27 11:59:16 - [TEST_STEP][PASSED] - "Set Function Area for "URL_Handler", URL Resolution": null

2020-04-27 11:59:16 - [TEST_STEP][PASSED] - "Do Some Magic with URL(s) See the comments within URL Handler ": null

2020-04-27 11:59:16 - [TEST_STEP][PASSED] - "------------------------------------------------": null

2020-04-27 11:59:16 - [TEST_STEP][PASSED] - "Moved Login Credentials to <Default> profile 22/01/2020": null

2020-04-27 11:59:16 - [TEST_STEP][PASSED] - "------------------------------------------------": null

2020-04-27 11:59:16 - [TEST_STEP][PASSED] - "WebOfficeURL - Set from the ENVIRONMENT PROFILE ": null

2020-04-27 11:59:16 - [TEST_STEP][PASSED] - "OPEN BROWSER": null

2020-04-27 11:59:16 - [TEST_STEP][PASSED] - "eg - https://admin.preview.checkatrade.com/  ": null

2020-04-27 11:59:16 - [TEST_STEP][PASSED] - openBrowser(WebOfficeURL): Browser is opened with url: 'https://admin.preview.checkatrade.com/'

2020-04-27 11:59:16 - [MESSAGE][INFO] - Starting 'Firefox' driver

2020-04-27 11:59:16 - [MESSAGE][INFO] - Action delay is set to 0 milliseconds

2020-04-27 11:59:22 - [MESSAGE][PASSED] - Browser is opened with url: 'https://admin.preview.checkatrade.com/'

2020-04-27 11:59:22 - [TEST_STEP][PASSED] - maximizeWindow(): Current window maximized

2020-04-27 11:59:22 - [MESSAGE][PASSED] - Current window maximized

2020-04-27 11:59:22 - [TEST_STEP][PASSED] - waitForElementClickable(findTestObject("Object Repository/WebOffice/Page_Checkatrade - Administration - Login/Login_Button"), 25): Object 'Object Repository/WebOffice/Page_Checkatrade - Administration - Login/Login_Button' is clickable

2020-04-27 11:59:22 - [MESSAGE][PASSED] - Object 'Object Repository/WebOffice/Page_Checkatrade - Administration - Login/Login_Button' is clickable

2020-04-27 11:59:22 - [TEST_STEP][PASSED] - verifyTextPresent("Checkatrade Web Office", false): Text 'Checkatrade Web Office' is present on page 

2020-04-27 11:59:22 - [MESSAGE][PASSED] - Text 'Checkatrade Web Office' is present on page 

2020-04-27 11:59:22 - [TEST_STEP][PASSED] - verifyTextPresent("Access for staff use only", false): Text 'Access for staff use only' is present on page 

2020-04-27 11:59:22 - [MESSAGE][PASSED] - Text 'Access for staff use only' is present on page 

2020-04-27 11:59:22 - [TEST_STEP][PASSED] - verifyTextPresent("Forgotten password?", false): Text 'Forgotten password?' is present on page 

2020-04-27 11:59:22 - [MESSAGE][PASSED] - Text 'Forgotten password?' is present on page 

2020-04-27 11:59:22 - [TEST_STEP][PASSED] - setText(findTestObject("Object Repository/WebOffice/Page_Checkatrade - Administration - Login/input_Username_LoginControlUserName"), wo_Username): Text 'DavidHo' is set on object 'Object Repository/WebOffice/Page_Checkatrade - Administration - Login/input_Username_LoginControlUserName'

2020-04-27 11:59:22 - [MESSAGE][PASSED] - Text 'DavidHo' is set on object 'Object Repository/WebOffice/Page_Checkatrade - Administration - Login/input_Username_LoginControlUserName'

2020-04-27 11:59:22 - [TEST_STEP][PASSED] - setText(findTestObject("Object Repository/WebOffice/Page_Checkatrade - Administration - Login/input_Password_LoginControlPassword"), wo_Password): Text 'Check123' is set on object 'Object Repository/WebOffice/Page_Checkatrade - Administration - Login/input_Password_LoginControlPassword'

2020-04-27 11:59:23 - [MESSAGE][PASSED] - Text 'Check123' is set on object 'Object Repository/WebOffice/Page_Checkatrade - Administration - Login/input_Password_LoginControlPassword'

2020-04-27 11:59:23 - [TEST_STEP][PASSED] - click(findTestObject("Object Repository/WebOffice/Page_Checkatrade - Administration - Login/Login_Button")): Object: 'Object Repository/WebOffice/Page_Checkatrade - Administration - Login/Login_Button' is clicked on

2020-04-27 11:59:24 - [MESSAGE][PASSED] - Object: 'Object Repository/WebOffice/Page_Checkatrade - Administration - Login/Login_Button' is clicked on

2020-04-27 11:59:24 - [TEST_STEP][PASSED] - waitForPageLoad(60): Wait for page load successfully

2020-04-27 11:59:24 - [MESSAGE][PASSED] - Wait for page load successfully

2020-04-27 11:59:24 - [TEST_STEP][PASSED] - verifyTextPresent("Welcome " + wo_Username, false): Text 'Welcome DavidHo' is present on page 

2020-04-27 11:59:24 - [MESSAGE][PASSED] - Text 'Welcome DavidHo' is present on page 

2020-04-27 11:59:24 - [MESSAGE][PASSED] - Call Test Case 'Test Cases/Reusable_Test_Sequences/Web_Office/Directives/WebOffice_StartUp' successfully

2020-04-27 11:59:24 - [TEST_STEP][PASSED] - "--------------------------------------": null

2020-04-27 11:59:24 - [TEST_STEP][PASSED] - " Navigate to <Tools> Menu Item        |": null

2020-04-27 11:59:24 - [TEST_STEP][PASSED] - callTestCase(findTestCase("Reusable_Test_Sequences/Web_Office/Navigation/Sub_Menu_Navigation/Settings/My_User_Account"), [:], STOP_ON_FAILURE): Call Test Case 'Test Cases/Reusable_Test_Sequences/Web_Office/Navigation/Sub_Menu_Navigation/Settings/My_User_Account' successfully

2020-04-27 11:59:24 - [TEST_CASE][PASSED] - Test Cases/Reusable_Test_Sequences/Web_Office/Navigation/Sub_Menu_Navigation/Settings/My_User_Account: Test Cases/Reusable_Test_Sequences/Web_Office/Navigation/Sub_Menu_Navigation/Settings/My_User_Account

2020-04-27 11:59:25 - [TEST_STEP][PASSED] - "--------------------------------------": null

2020-04-27 11:59:25 - [TEST_STEP][PASSED] - " Navigate Top level menu Item         |": null

2020-04-27 11:59:25 - [TEST_STEP][PASSED] - waitForPageLoad(60): Wait for page load successfully

2020-04-27 11:59:25 - [MESSAGE][PASSED] - Wait for page load successfully

2020-04-27 11:59:25 - [TEST_STEP][PASSED] - waitForElementClickable(findTestObject("Object Repository/WebOffice_Home_page/a_Settings"), 60): Object 'Object Repository/WebOffice_Home_page/a_Settings' is clickable

2020-04-27 11:59:25 - [MESSAGE][PASSED] - Object 'Object Repository/WebOffice_Home_page/a_Settings' is clickable

2020-04-27 11:59:25 - [TEST_STEP][PASSED] - mouseOver(findTestObject("Object Repository/WebOffice_Home_page/a_Settings")): Object: 'Object Repository/WebOffice_Home_page/a_Settings' is hovered

2020-04-27 11:59:25 - [MESSAGE][PASSED] - Object: 'Object Repository/WebOffice_Home_page/a_Settings' is hovered

2020-04-27 11:59:25 - [TEST_STEP][PASSED] - waitForElementClickable(findTestObject("Object Repository/WebOffice_Home_page/a_My User Account"), 1): Object 'Object Repository/WebOffice_Home_page/a_My User Account' is clickable

2020-04-27 11:59:25 - [MESSAGE][PASSED] - Object 'Object Repository/WebOffice_Home_page/a_My User Account' is clickable

2020-04-27 11:59:25 - [TEST_STEP][PASSED] - click(findTestObject("Object Repository/WebOffice_Home_page/a_My User Account")): Object: 'Object Repository/WebOffice_Home_page/a_My User Account' is clicked on

2020-04-27 11:59:26 - [MESSAGE][PASSED] - Object: 'Object Repository/WebOffice_Home_page/a_My User Account' is clicked on

2020-04-27 11:59:26 - [MESSAGE][PASSED] - Call Test Case 'Test Cases/Reusable_Test_Sequences/Web_Office/Navigation/Sub_Menu_Navigation/Settings/My_User_Account' successfully

2020-04-27 11:59:26 - [TEST_STEP][PASSED] - "--------------------------------------": null

2020-04-27 11:59:26 - [TEST_STEP][PASSED] - " Verify Returned Page Detail          |": null

2020-04-27 11:59:26 - [TEST_STEP][PASSED] - callTestCase(findTestCase("Reusable_Test_Sequences/Web_Office/Verification/Settings/My_User_Account"), [:], OPTIONAL): Call Test Case 'Test Cases/Reusable_Test_Sequences/Web_Office/Verification/Settings/My_User_Account' successfully

2020-04-27 11:59:26 - [TEST_CASE][PASSED] - Test Cases/Reusable_Test_Sequences/Web_Office/Verification/Settings/My_User_Account: Test Cases/Reusable_Test_Sequences/Web_Office/Verification/Settings/My_User_Account

2020-04-27 11:59:26 - [TEST_STEP][PASSED] - waitForPageLoad(60): Wait for page load successfully

2020-04-27 11:59:26 - [MESSAGE][PASSED] - Wait for page load successfully

2020-04-27 11:59:26 - [TEST_STEP][PASSED] - delay(1): Delayed 1 second(s)

2020-04-27 11:59:27 - [MESSAGE][PASSED] - Delayed 1 second(s)

2020-04-27 11:59:27 - [TEST_STEP][PASSED] - verifyTextPresent("Edit Staff Details", false): Text 'Edit Staff Details' is present on page 

2020-04-27 11:59:28 - [MESSAGE][PASSED] - Text 'Edit Staff Details' is present on page 

2020-04-27 11:59:28 - [TEST_STEP][PASSED] - "----------------------------------------------": null

2020-04-27 11:59:28 - [TEST_STEP][PASSED] - verifyTextPresent("Personal Details", false): Text 'Personal Details' is present on page 

2020-04-27 11:59:28 - [MESSAGE][PASSED] - Text 'Personal Details' is present on page 

2020-04-27 11:59:28 - [TEST_STEP][PASSED] - verifyTextPresent("First Name", false): Text 'First Name' is present on page 

2020-04-27 11:59:30 - [MESSAGE][PASSED] - Text 'First Name' is present on page 

2020-04-27 11:59:30 - [TEST_STEP][PASSED] - verifyTextPresent("SalesForce User ID", false): Text 'SalesForce User ID' is present on page 

2020-04-27 11:59:30 - [MESSAGE][PASSED] - Text 'SalesForce User ID' is present on page 

2020-04-27 11:59:30 - [TEST_STEP][PASSED] - verifyTextPresent("Management", false): Text 'Management' is present on page 

2020-04-27 11:59:31 - [MESSAGE][PASSED] - Text 'Management' is present on page 

2020-04-27 11:59:31 - [TEST_STEP][PASSED] - "----------------------------------------------": null

2020-04-27 11:59:31 - [TEST_STEP][PASSED] - verifyTextPresent("Field Sales information", false): Text 'Field Sales information' is present on page 

2020-04-27 11:59:32 - [MESSAGE][PASSED] - Text 'Field Sales information' is present on page 

2020-04-27 11:59:32 - [TEST_STEP][PASSED] - verifyTextPresent("Base Address", false): Text 'Base Address' is present on page 

2020-04-27 11:59:33 - [MESSAGE][PASSED] - Text 'Base Address' is present on page 

2020-04-27 11:59:33 - [TEST_STEP][PASSED] - verifyTextPresent("House name", false): Text 'House name' is present on page 

2020-04-27 11:59:34 - [MESSAGE][PASSED] - Text 'House name' is present on page 

2020-04-27 11:59:34 - [TEST_STEP][PASSED] - verifyTextPresent("Postcode", false): Text 'Postcode' is present on page 

2020-04-27 11:59:35 - [MESSAGE][PASSED] - Text 'Postcode' is present on page 

2020-04-27 11:59:35 - [TEST_STEP][PASSED] - verifyTextPresent("Please ensure the Street / Road name is not in the Town field", false): Text 'Please ensure the Street / Road name is not in the Town field' is present on page 

2020-04-27 11:59:35 - [MESSAGE][PASSED] - Text 'Please ensure the Street / Road name is not in the Town field' is present on page 

2020-04-27 11:59:35 - [TEST_STEP][PASSED] - "----------------------------------------------": null

2020-04-27 11:59:35 - [TEST_STEP][PASSED] - verifyTextPresent("Sales Appointment Areas", false): Text 'Sales Appointment Areas' is present on page 

2020-04-27 11:59:36 - [MESSAGE][PASSED] - Text 'Sales Appointment Areas' is present on page 

2020-04-27 11:59:36 - [TEST_STEP][PASSED] - verifyTextPresent("Enter two character postcode prefixes", false): Text 'Enter two character postcode prefixes' is present on page 

2020-04-27 11:59:37 - [MESSAGE][PASSED] - Text 'Enter two character postcode prefixes' is present on page 

2020-04-27 11:59:37 - [TEST_STEP][PASSED] - verifyTextPresent("Account Details", false): Text 'Account Details' is present on page 

2020-04-27 11:59:38 - [MESSAGE][PASSED] - Text 'Account Details' is present on page 

2020-04-27 11:59:38 - [TEST_STEP][PASSED] - verifyTextPresent("Username", false): Text 'Username' is present on page 

2020-04-27 11:59:39 - [MESSAGE][PASSED] - Text 'Username' is present on page 

2020-04-27 11:59:39 - [TEST_STEP][PASSED] - verifyTextPresent("New Password", false): Text 'New Password' is present on page 

2020-04-27 11:59:39 - [MESSAGE][PASSED] - Text 'New Password' is present on page 

2020-04-27 11:59:39 - [TEST_STEP][PASSED] - scrollToPosition(500, 500): Browser is scrolled to position x = 500, y = 500

2020-04-27 11:59:39 - [MESSAGE][PASSED] - Browser is scrolled to position x = 500, y = 500

2020-04-27 11:59:39 - [TEST_STEP][PASSED] - verifyTextPresent("Last login", false): Text 'Last login' is present on page 

2020-04-27 11:59:40 - [MESSAGE][PASSED] - Text 'Last login' is present on page 

2020-04-27 11:59:40 - [TEST_STEP][PASSED] - verifyTextPresent("Permissions", false): Text 'Permissions' is present on page 

2020-04-27 11:59:41 - [MESSAGE][PASSED] - Text 'Permissions' is present on page 

2020-04-27 11:59:41 - [TEST_STEP][PASSED] - verifyTextPresent("This staff member can access the following areas", false): Text 'This staff member can access the following areas' is present on page 

2020-04-27 11:59:42 - [MESSAGE][PASSED] - Text 'This staff member can access the following areas' is present on page 

2020-04-27 11:59:42 - [TEST_STEP][PASSED] - verifyTextPresent("Web Office: Can login to the Web Office", false): Text 'Web Office: Can login to the Web Office' is present on page 

2020-04-27 11:59:43 - [MESSAGE][PASSED] - Text 'Web Office: Can login to the Web Office' is present on page 

2020-04-27 11:59:43 - [TEST_STEP][PASSED] - verifyTextPresent("Software Staff: Can access IT Pages", false): Text 'Software Staff: Can access IT Pages' is present on page 

2020-04-27 11:59:43 - [MESSAGE][PASSED] - Text 'Software Staff: Can access IT Pages' is present on page 

2020-04-27 11:59:43 - [TEST_STEP][PASSED] - scrollToPosition(1000, 1000): Browser is scrolled to position x = 1000, y = 1000

2020-04-27 11:59:43 - [MESSAGE][PASSED] - Browser is scrolled to position x = 1000, y = 1000

2020-04-27 11:59:43 - [TEST_STEP][PASSED] - verifyTextPresent("Vetting Scheme Reference Request Administration: Is able to update Vetting Sceheme Reference Requirements", false): Text 'Vetting Scheme Reference Request Administration: Is able to update Vetting Sceheme Reference Requirements' is present on page 

2020-04-27 11:59:44 - [MESSAGE][PASSED] - Text 'Vetting Scheme Reference Request Administration: Is able to update Vetting Sceheme Reference Requirements' is present on page 

2020-04-27 11:59:44 - [TEST_STEP][PASSED] - verifyTextPresent("Save", false): Text 'Save' is present on page 

2020-04-27 11:59:44 - [MESSAGE][PASSED] - Text 'Save' is present on page 

2020-04-27 11:59:44 - [MESSAGE][PASSED] - Call Test Case 'Test Cases/Reusable_Test_Sequences/Web_Office/Verification/Settings/My_User_Account' successfully

2020-04-27 11:59:44 - [TEST_STEP][PASSED] - "--------------------------": null

2020-04-27 11:59:44 - [TEST_STEP][PASSED] - " Teardown - CLose Browser |": null

2020-04-27 11:59:44 - [TEST_STEP][PASSED] - callTestCase(findTestCase("Reusable_Test_Sequences/CAT_Teardown"), [:], OPTIONAL): Call Test Case 'Test Cases/Reusable_Test_Sequences/CAT_Teardown' successfully

2020-04-27 11:59:45 - [TEST_CASE][PASSED] - Test Cases/Reusable_Test_Sequences/CAT_Teardown: Test Cases/Reusable_Test_Sequences/CAT_Teardown

2020-04-27 11:59:45 - [TEST_STEP][PASSED] - closeBrowser(): Browser is closed

2020-04-27 11:59:46 - [MESSAGE][PASSED] - Browser is closed

2020-04-27 11:59:46 - [TEST_STEP][PASSED] - super.finalize(): null

2020-04-27 11:59:46 - [TEST_STEP][PASSED] - System.gc(): null

2020-04-27 11:59:46 - [MESSAGE][PASSED] - Call Test Case 'Test Cases/Reusable_Test_Sequences/CAT_Teardown' successfully]]></system-out>
         <system-err><![CDATA[]]></system-err>
      </testcase>
      <testcase name="Test Cases/Web_Office/Settings/Stats" time="14.422" classname="Test Cases/Web_Office/Settings/Stats" status="PASSED">
         <system-out><![CDATA[2020-04-27 11:59:46 - [TEST_CASE][PASSED] - Test Cases/Web_Office/Settings/Stats: Test Cases/Web_Office/Settings/Stats

2020-04-27 11:59:46 - [TEST_STEP][PASSED] - "--------------------------------------": null

2020-04-27 11:59:46 - [TEST_STEP][PASSED] - " Web Office StartUp                  |": null

2020-04-27 11:59:46 - [TEST_STEP][PASSED] - callTestCase(findTestCase("Reusable_Test_Sequences/Web_Office/Directives/WebOffice_StartUp"), [:], STOP_ON_FAILURE): Call Test Case 'Test Cases/Reusable_Test_Sequences/Web_Office/Directives/WebOffice_StartUp' successfully

2020-04-27 11:59:46 - [TEST_CASE][PASSED] - Test Cases/Reusable_Test_Sequences/Web_Office/Directives/WebOffice_StartUp: Test Cases/Reusable_Test_Sequences/Web_Office/Directives/WebOffice_StartUp

2020-04-27 11:59:46 - [TEST_STEP][PASSED] - "-----------------------------------------------------------------------------": null

2020-04-27 11:59:46 - [TEST_STEP][PASSED] - if (URL == "https://www.dev.checkatrade.com/"): null

2020-04-27 11:59:46 - [TEST_STEP][PASSED] - "-----------------------------------------------------------------------------": null

2020-04-27 11:59:46 - [TEST_STEP][PASSED] - if (URL == "https://www.checkatrade.com/"): null

2020-04-27 11:59:46 - [TEST_STEP][PASSED] - "-----------------------------------------------------------------------------": null

2020-04-27 11:59:46 - [TEST_STEP][PASSED] - if (URL == "https://www.preview.checkatrade.com/"): null

2020-04-27 11:59:46 - [TEST_STEP][PASSED] - WebOfficeURL = "https://admin.preview.checkatrade.com/": null

2020-04-27 11:59:46 - [TEST_STEP][PASSED] - if (URL == "https://www.dev2.checkatrade.com/"): null

2020-04-27 11:59:46 - [TEST_STEP][PASSED] - "Set Function Area for "URL_Handler", URL Resolution": null

2020-04-27 11:59:46 - [TEST_STEP][PASSED] - "Do Some Magic with URL(s) See the comments within URL Handler ": null

2020-04-27 11:59:46 - [TEST_STEP][PASSED] - "------------------------------------------------": null

2020-04-27 11:59:46 - [TEST_STEP][PASSED] - "Moved Login Credentials to <Default> profile 22/01/2020": null

2020-04-27 11:59:46 - [TEST_STEP][PASSED] - "------------------------------------------------": null

2020-04-27 11:59:46 - [TEST_STEP][PASSED] - "WebOfficeURL - Set from the ENVIRONMENT PROFILE ": null

2020-04-27 11:59:46 - [TEST_STEP][PASSED] - "OPEN BROWSER": null

2020-04-27 11:59:46 - [TEST_STEP][PASSED] - "eg - https://admin.preview.checkatrade.com/  ": null

2020-04-27 11:59:46 - [TEST_STEP][PASSED] - openBrowser(WebOfficeURL): Browser is opened with url: 'https://admin.preview.checkatrade.com/'

2020-04-27 11:59:46 - [MESSAGE][INFO] - Starting 'Firefox' driver

2020-04-27 11:59:46 - [MESSAGE][INFO] - Action delay is set to 0 milliseconds

2020-04-27 11:59:52 - [MESSAGE][PASSED] - Browser is opened with url: 'https://admin.preview.checkatrade.com/'

2020-04-27 11:59:52 - [TEST_STEP][PASSED] - maximizeWindow(): Current window maximized

2020-04-27 11:59:52 - [MESSAGE][PASSED] - Current window maximized

2020-04-27 11:59:52 - [TEST_STEP][PASSED] - waitForElementClickable(findTestObject("Object Repository/WebOffice/Page_Checkatrade - Administration - Login/Login_Button"), 25): Object 'Object Repository/WebOffice/Page_Checkatrade - Administration - Login/Login_Button' is clickable

2020-04-27 11:59:52 - [MESSAGE][PASSED] - Object 'Object Repository/WebOffice/Page_Checkatrade - Administration - Login/Login_Button' is clickable

2020-04-27 11:59:52 - [TEST_STEP][PASSED] - verifyTextPresent("Checkatrade Web Office", false): Text 'Checkatrade Web Office' is present on page 

2020-04-27 11:59:52 - [MESSAGE][PASSED] - Text 'Checkatrade Web Office' is present on page 

2020-04-27 11:59:52 - [TEST_STEP][PASSED] - verifyTextPresent("Access for staff use only", false): Text 'Access for staff use only' is present on page 

2020-04-27 11:59:52 - [MESSAGE][PASSED] - Text 'Access for staff use only' is present on page 

2020-04-27 11:59:52 - [TEST_STEP][PASSED] - verifyTextPresent("Forgotten password?", false): Text 'Forgotten password?' is present on page 

2020-04-27 11:59:53 - [MESSAGE][PASSED] - Text 'Forgotten password?' is present on page 

2020-04-27 11:59:53 - [TEST_STEP][PASSED] - setText(findTestObject("Object Repository/WebOffice/Page_Checkatrade - Administration - Login/input_Username_LoginControlUserName"), wo_Username): Text 'DavidHo' is set on object 'Object Repository/WebOffice/Page_Checkatrade - Administration - Login/input_Username_LoginControlUserName'

2020-04-27 11:59:53 - [MESSAGE][PASSED] - Text 'DavidHo' is set on object 'Object Repository/WebOffice/Page_Checkatrade - Administration - Login/input_Username_LoginControlUserName'

2020-04-27 11:59:53 - [TEST_STEP][PASSED] - setText(findTestObject("Object Repository/WebOffice/Page_Checkatrade - Administration - Login/input_Password_LoginControlPassword"), wo_Password): Text 'Check123' is set on object 'Object Repository/WebOffice/Page_Checkatrade - Administration - Login/input_Password_LoginControlPassword'

2020-04-27 11:59:53 - [MESSAGE][PASSED] - Text 'Check123' is set on object 'Object Repository/WebOffice/Page_Checkatrade - Administration - Login/input_Password_LoginControlPassword'

2020-04-27 11:59:53 - [TEST_STEP][PASSED] - click(findTestObject("Object Repository/WebOffice/Page_Checkatrade - Administration - Login/Login_Button")): Object: 'Object Repository/WebOffice/Page_Checkatrade - Administration - Login/Login_Button' is clicked on

2020-04-27 11:59:54 - [MESSAGE][PASSED] - Object: 'Object Repository/WebOffice/Page_Checkatrade - Administration - Login/Login_Button' is clicked on

2020-04-27 11:59:54 - [TEST_STEP][PASSED] - waitForPageLoad(60): Wait for page load successfully

2020-04-27 11:59:54 - [MESSAGE][PASSED] - Wait for page load successfully

2020-04-27 11:59:54 - [TEST_STEP][PASSED] - verifyTextPresent("Welcome " + wo_Username, false): Text 'Welcome DavidHo' is present on page 

2020-04-27 11:59:54 - [MESSAGE][PASSED] - Text 'Welcome DavidHo' is present on page 

2020-04-27 11:59:54 - [MESSAGE][PASSED] - Call Test Case 'Test Cases/Reusable_Test_Sequences/Web_Office/Directives/WebOffice_StartUp' successfully

2020-04-27 11:59:54 - [TEST_STEP][PASSED] - "--------------------------------------": null

2020-04-27 11:59:54 - [TEST_STEP][PASSED] - " Navigate to <Tools> Menu Item        |": null

2020-04-27 11:59:54 - [TEST_STEP][PASSED] - callTestCase(findTestCase("Reusable_Test_Sequences/Web_Office/Navigation/Sub_Menu_Navigation/Settings/Stats"), [:], STOP_ON_FAILURE): Call Test Case 'Test Cases/Reusable_Test_Sequences/Web_Office/Navigation/Sub_Menu_Navigation/Settings/Stats' successfully

2020-04-27 11:59:54 - [TEST_CASE][PASSED] - Test Cases/Reusable_Test_Sequences/Web_Office/Navigation/Sub_Menu_Navigation/Settings/Stats: Test Cases/Reusable_Test_Sequences/Web_Office/Navigation/Sub_Menu_Navigation/Settings/Stats

2020-04-27 11:59:54 - [TEST_STEP][PASSED] - "--------------------------------------": null

2020-04-27 11:59:54 - [TEST_STEP][PASSED] - " Navigate Top level menu Item         |": null

2020-04-27 11:59:54 - [TEST_STEP][PASSED] - waitForPageLoad(60): Wait for page load successfully

2020-04-27 11:59:54 - [MESSAGE][PASSED] - Wait for page load successfully

2020-04-27 11:59:54 - [TEST_STEP][PASSED] - waitForElementClickable(findTestObject("Object Repository/WebOffice_Home_page/a_Settings"), 60): Object 'Object Repository/WebOffice_Home_page/a_Settings' is clickable

2020-04-27 11:59:54 - [MESSAGE][PASSED] - Object 'Object Repository/WebOffice_Home_page/a_Settings' is clickable

2020-04-27 11:59:54 - [TEST_STEP][PASSED] - mouseOver(findTestObject("Object Repository/WebOffice_Home_page/a_Settings")): Object: 'Object Repository/WebOffice_Home_page/a_Settings' is hovered

2020-04-27 11:59:55 - [MESSAGE][PASSED] - Object: 'Object Repository/WebOffice_Home_page/a_Settings' is hovered

2020-04-27 11:59:55 - [TEST_STEP][PASSED] - waitForElementClickable(findTestObject("Object Repository/WebOffice_Home_page/a_Stats"), 1): Object 'Object Repository/WebOffice_Home_page/a_Stats' is clickable

2020-04-27 11:59:55 - [MESSAGE][PASSED] - Object 'Object Repository/WebOffice_Home_page/a_Stats' is clickable

2020-04-27 11:59:55 - [TEST_STEP][PASSED] - click(findTestObject("Object Repository/WebOffice_Home_page/a_Stats")): Object: 'Object Repository/WebOffice_Home_page/a_Stats' is clicked on

2020-04-27 11:59:55 - [MESSAGE][PASSED] - Object: 'Object Repository/WebOffice_Home_page/a_Stats' is clicked on

2020-04-27 11:59:55 - [MESSAGE][PASSED] - Call Test Case 'Test Cases/Reusable_Test_Sequences/Web_Office/Navigation/Sub_Menu_Navigation/Settings/Stats' successfully

2020-04-27 11:59:55 - [TEST_STEP][PASSED] - "--------------------------------------": null

2020-04-27 11:59:55 - [TEST_STEP][PASSED] - " Verify Returned Page Detail          |": null

2020-04-27 11:59:55 - [TEST_STEP][PASSED] - callTestCase(findTestCase("Reusable_Test_Sequences/Web_Office/Verification/Settings/Stats"), [:], OPTIONAL): Call Test Case 'Test Cases/Reusable_Test_Sequences/Web_Office/Verification/Settings/Stats' successfully

2020-04-27 11:59:55 - [TEST_CASE][PASSED] - Test Cases/Reusable_Test_Sequences/Web_Office/Verification/Settings/Stats: Test Cases/Reusable_Test_Sequences/Web_Office/Verification/Settings/Stats

2020-04-27 11:59:56 - [TEST_STEP][PASSED] - waitForPageLoad(60): Wait for page load successfully

2020-04-27 11:59:56 - [MESSAGE][PASSED] - Wait for page load successfully

2020-04-27 11:59:56 - [TEST_STEP][PASSED] - delay(1): Delayed 1 second(s)

2020-04-27 11:59:57 - [MESSAGE][PASSED] - Delayed 1 second(s)

2020-04-27 11:59:57 - [TEST_STEP][PASSED] - verifyTextPresent("Statistics", false): Text 'Statistics' is present on page 

2020-04-27 11:59:57 - [MESSAGE][PASSED] - Text 'Statistics' is present on page 

2020-04-27 11:59:57 - [TEST_STEP][PASSED] - "----------------------------------------------": null

2020-04-27 11:59:57 - [TEST_STEP][PASSED] - verifyTextPresent("Members Count", false): Text 'Members Count' is present on page 

2020-04-27 11:59:57 - [MESSAGE][PASSED] - Text 'Members Count' is present on page 

2020-04-27 11:59:57 - [TEST_STEP][PASSED] - verifyTextPresent("Currently Displayed Printed Directories Count", false): Text 'Currently Displayed Printed Directories Count' is present on page 

2020-04-27 11:59:58 - [MESSAGE][PASSED] - Text 'Currently Displayed Printed Directories Count' is present on page 

2020-04-27 11:59:58 - [TEST_STEP][PASSED] - verifyTextPresent("Displayed Members Count", false): Text 'Displayed Members Count' is present on page 

2020-04-27 11:59:58 - [MESSAGE][PASSED] - Text 'Displayed Members Count' is present on page 

2020-04-27 11:59:58 - [TEST_STEP][PASSED] - verifyTextPresent("New Printed Directories Count", false): Text 'New Printed Directories Count' is present on page 

2020-04-27 11:59:58 - [MESSAGE][PASSED] - Text 'New Printed Directories Count' is present on page 

2020-04-27 11:59:58 - [TEST_STEP][PASSED] - verifyTextPresent("Use Currently Displayed Value", false): Text 'Use Currently Displayed Value' is present on page 

2020-04-27 11:59:58 - [MESSAGE][PASSED] - Text 'Use Currently Displayed Value' is present on page 

2020-04-27 11:59:58 - [TEST_STEP][PASSED] - verifyTextPresent("Use New Value", false): Text 'Use New Value' is present on page 

2020-04-27 11:59:59 - [MESSAGE][PASSED] - Text 'Use New Value' is present on page 

2020-04-27 11:59:59 - [TEST_STEP][PASSED] - verifyTextPresent("million", false): Text 'million' is present on page 

2020-04-27 11:59:59 - [MESSAGE][PASSED] - Text 'million' is present on page 

2020-04-27 11:59:59 - [TEST_STEP][PASSED] - verifyTextPresent("thousand", false): Text 'thousand' is present on page 

2020-04-27 11:59:59 - [MESSAGE][PASSED] - Text 'thousand' is present on page 

2020-04-27 11:59:59 - [MESSAGE][PASSED] - Call Test Case 'Test Cases/Reusable_Test_Sequences/Web_Office/Verification/Settings/Stats' successfully

2020-04-27 11:59:59 - [TEST_STEP][PASSED] - "--------------------------": null

2020-04-27 11:59:59 - [TEST_STEP][PASSED] - " Teardown - CLose Browser |": null

2020-04-27 11:59:59 - [TEST_STEP][PASSED] - callTestCase(findTestCase("Reusable_Test_Sequences/CAT_Teardown"), [:], OPTIONAL): Call Test Case 'Test Cases/Reusable_Test_Sequences/CAT_Teardown' successfully

2020-04-27 11:59:59 - [TEST_CASE][PASSED] - Test Cases/Reusable_Test_Sequences/CAT_Teardown: Test Cases/Reusable_Test_Sequences/CAT_Teardown

2020-04-27 11:59:59 - [TEST_STEP][PASSED] - closeBrowser(): Browser is closed

2020-04-27 12:00:00 - [MESSAGE][PASSED] - Browser is closed

2020-04-27 12:00:00 - [TEST_STEP][PASSED] - super.finalize(): null

2020-04-27 12:00:00 - [TEST_STEP][PASSED] - System.gc(): null

2020-04-27 12:00:01 - [MESSAGE][PASSED] - Call Test Case 'Test Cases/Reusable_Test_Sequences/CAT_Teardown' successfully]]></system-out>
         <system-err><![CDATA[]]></system-err>
      </testcase>
      <testcase name="Test Cases/Web_Office/Finance/ARUDD_Import_Process" time="25.487" classname="Test Cases/Web_Office/Finance/ARUDD_Import_Process" status="PASSED">
         <system-out><![CDATA[2020-04-27 12:00:01 - [TEST_CASE][PASSED] - Test Cases/Web_Office/Finance/ARUDD_Import_Process: Test Cases/Web_Office/Finance/ARUDD_Import_Process

2020-04-27 12:00:01 - [TEST_STEP][PASSED] - "--------------------------------------": null

2020-04-27 12:00:01 - [TEST_STEP][PASSED] - " Web Office StartUp                  |": null

2020-04-27 12:00:01 - [TEST_STEP][PASSED] - callTestCase(findTestCase("Reusable_Test_Sequences/Web_Office/Directives/WebOffice_StartUp"), [:], STOP_ON_FAILURE): Call Test Case 'Test Cases/Reusable_Test_Sequences/Web_Office/Directives/WebOffice_StartUp' successfully

2020-04-27 12:00:01 - [TEST_CASE][PASSED] - Test Cases/Reusable_Test_Sequences/Web_Office/Directives/WebOffice_StartUp: Test Cases/Reusable_Test_Sequences/Web_Office/Directives/WebOffice_StartUp

2020-04-27 12:00:01 - [TEST_STEP][PASSED] - "-----------------------------------------------------------------------------": null

2020-04-27 12:00:01 - [TEST_STEP][PASSED] - if (URL == "https://www.dev.checkatrade.com/"): null

2020-04-27 12:00:01 - [TEST_STEP][PASSED] - "-----------------------------------------------------------------------------": null

2020-04-27 12:00:01 - [TEST_STEP][PASSED] - if (URL == "https://www.checkatrade.com/"): null

2020-04-27 12:00:01 - [TEST_STEP][PASSED] - "-----------------------------------------------------------------------------": null

2020-04-27 12:00:01 - [TEST_STEP][PASSED] - if (URL == "https://www.preview.checkatrade.com/"): null

2020-04-27 12:00:01 - [TEST_STEP][PASSED] - WebOfficeURL = "https://admin.preview.checkatrade.com/": null

2020-04-27 12:00:01 - [TEST_STEP][PASSED] - if (URL == "https://www.dev2.checkatrade.com/"): null

2020-04-27 12:00:01 - [TEST_STEP][PASSED] - "Set Function Area for "URL_Handler", URL Resolution": null

2020-04-27 12:00:01 - [TEST_STEP][PASSED] - "Do Some Magic with URL(s) See the comments within URL Handler ": null

2020-04-27 12:00:01 - [TEST_STEP][PASSED] - "------------------------------------------------": null

2020-04-27 12:00:01 - [TEST_STEP][PASSED] - "Moved Login Credentials to <Default> profile 22/01/2020": null

2020-04-27 12:00:01 - [TEST_STEP][PASSED] - "------------------------------------------------": null

2020-04-27 12:00:01 - [TEST_STEP][PASSED] - "WebOfficeURL - Set from the ENVIRONMENT PROFILE ": null

2020-04-27 12:00:01 - [TEST_STEP][PASSED] - "OPEN BROWSER": null

2020-04-27 12:00:01 - [TEST_STEP][PASSED] - "eg - https://admin.preview.checkatrade.com/  ": null

2020-04-27 12:00:01 - [TEST_STEP][PASSED] - openBrowser(WebOfficeURL): Browser is opened with url: 'https://admin.preview.checkatrade.com/'

2020-04-27 12:00:01 - [MESSAGE][INFO] - Starting 'Firefox' driver

2020-04-27 12:00:01 - [MESSAGE][INFO] - Action delay is set to 0 milliseconds

2020-04-27 12:00:05 - [MESSAGE][PASSED] - Browser is opened with url: 'https://admin.preview.checkatrade.com/'

2020-04-27 12:00:05 - [TEST_STEP][PASSED] - maximizeWindow(): Current window maximized

2020-04-27 12:00:06 - [MESSAGE][PASSED] - Current window maximized

2020-04-27 12:00:06 - [TEST_STEP][PASSED] - waitForElementClickable(findTestObject("Object Repository/WebOffice/Page_Checkatrade - Administration - Login/Login_Button"), 25): Object 'Object Repository/WebOffice/Page_Checkatrade - Administration - Login/Login_Button' is clickable

2020-04-27 12:00:06 - [MESSAGE][PASSED] - Object 'Object Repository/WebOffice/Page_Checkatrade - Administration - Login/Login_Button' is clickable

2020-04-27 12:00:06 - [TEST_STEP][PASSED] - verifyTextPresent("Checkatrade Web Office", false): Text 'Checkatrade Web Office' is present on page 

2020-04-27 12:00:06 - [MESSAGE][PASSED] - Text 'Checkatrade Web Office' is present on page 

2020-04-27 12:00:06 - [TEST_STEP][PASSED] - verifyTextPresent("Access for staff use only", false): Text 'Access for staff use only' is present on page 

2020-04-27 12:00:06 - [MESSAGE][PASSED] - Text 'Access for staff use only' is present on page 

2020-04-27 12:00:06 - [TEST_STEP][PASSED] - verifyTextPresent("Forgotten password?", false): Text 'Forgotten password?' is present on page 

2020-04-27 12:00:06 - [MESSAGE][PASSED] - Text 'Forgotten password?' is present on page 

2020-04-27 12:00:06 - [TEST_STEP][PASSED] - setText(findTestObject("Object Repository/WebOffice/Page_Checkatrade - Administration - Login/input_Username_LoginControlUserName"), wo_Username): Text 'DavidHo' is set on object 'Object Repository/WebOffice/Page_Checkatrade - Administration - Login/input_Username_LoginControlUserName'

2020-04-27 12:00:06 - [MESSAGE][PASSED] - Text 'DavidHo' is set on object 'Object Repository/WebOffice/Page_Checkatrade - Administration - Login/input_Username_LoginControlUserName'

2020-04-27 12:00:06 - [TEST_STEP][PASSED] - setText(findTestObject("Object Repository/WebOffice/Page_Checkatrade - Administration - Login/input_Password_LoginControlPassword"), wo_Password): Text 'Check123' is set on object 'Object Repository/WebOffice/Page_Checkatrade - Administration - Login/input_Password_LoginControlPassword'

2020-04-27 12:00:06 - [MESSAGE][PASSED] - Text 'Check123' is set on object 'Object Repository/WebOffice/Page_Checkatrade - Administration - Login/input_Password_LoginControlPassword'

2020-04-27 12:00:06 - [TEST_STEP][PASSED] - click(findTestObject("Object Repository/WebOffice/Page_Checkatrade - Administration - Login/Login_Button")): Object: 'Object Repository/WebOffice/Page_Checkatrade - Administration - Login/Login_Button' is clicked on

2020-04-27 12:00:09 - [MESSAGE][PASSED] - Object: 'Object Repository/WebOffice/Page_Checkatrade - Administration - Login/Login_Button' is clicked on

2020-04-27 12:00:09 - [TEST_STEP][PASSED] - waitForPageLoad(60): Wait for page load successfully

2020-04-27 12:00:09 - [MESSAGE][PASSED] - Wait for page load successfully

2020-04-27 12:00:09 - [TEST_STEP][PASSED] - verifyTextPresent("Welcome " + wo_Username, false): Text 'Welcome DavidHo' is present on page 

2020-04-27 12:00:09 - [MESSAGE][PASSED] - Text 'Welcome DavidHo' is present on page 

2020-04-27 12:00:09 - [MESSAGE][PASSED] - Call Test Case 'Test Cases/Reusable_Test_Sequences/Web_Office/Directives/WebOffice_StartUp' successfully

2020-04-27 12:00:09 - [TEST_STEP][PASSED] - "--------------------------------------": null

2020-04-27 12:00:09 - [TEST_STEP][PASSED] - " Navigate to <Tools> Menu Item        |": null

2020-04-27 12:00:09 - [TEST_STEP][PASSED] - callTestCase(findTestCase("Reusable_Test_Sequences/Web_Office/Navigation/Sub_Menu_Navigation/Finance/ARUDD_Import_Process"), [:], STOP_ON_FAILURE): Call Test Case 'Test Cases/Reusable_Test_Sequences/Web_Office/Navigation/Sub_Menu_Navigation/Finance/ARUDD_Import_Process' successfully

2020-04-27 12:00:09 - [TEST_CASE][PASSED] - Test Cases/Reusable_Test_Sequences/Web_Office/Navigation/Sub_Menu_Navigation/Finance/ARUDD_Import_Process: Test Cases/Reusable_Test_Sequences/Web_Office/Navigation/Sub_Menu_Navigation/Finance/ARUDD_Import_Process

2020-04-27 12:00:09 - [TEST_STEP][PASSED] - "--------------------------------------": null

2020-04-27 12:00:09 - [TEST_STEP][PASSED] - " Navigate Top level menu Item         |": null

2020-04-27 12:00:09 - [TEST_STEP][PASSED] - waitForPageLoad(60): Wait for page load successfully

2020-04-27 12:00:09 - [MESSAGE][PASSED] - Wait for page load successfully

2020-04-27 12:00:09 - [TEST_STEP][PASSED] - waitForElementClickable(findTestObject("Object Repository/WebOffice_Home_page/a_Finance"), 60): Object 'Object Repository/WebOffice_Home_page/a_Finance' is clickable

2020-04-27 12:00:09 - [MESSAGE][PASSED] - Object 'Object Repository/WebOffice_Home_page/a_Finance' is clickable

2020-04-27 12:00:09 - [TEST_STEP][PASSED] - mouseOver(findTestObject("Object Repository/WebOffice_Home_page/a_Finance")): Object: 'Object Repository/WebOffice_Home_page/a_Finance' is hovered

2020-04-27 12:00:10 - [MESSAGE][PASSED] - Object: 'Object Repository/WebOffice_Home_page/a_Finance' is hovered

2020-04-27 12:00:10 - [TEST_STEP][PASSED] - waitForElementClickable(findTestObject("Object Repository/WebOffice_Home_page/a_ARUDD Import Process"), 1): Object 'Object Repository/WebOffice_Home_page/a_ARUDD Import Process' is clickable

2020-04-27 12:00:10 - [MESSAGE][PASSED] - Object 'Object Repository/WebOffice_Home_page/a_ARUDD Import Process' is clickable

2020-04-27 12:00:10 - [TEST_STEP][PASSED] - click(findTestObject("Object Repository/WebOffice_Home_page/a_ARUDD Import Process")): Object: 'Object Repository/WebOffice_Home_page/a_ARUDD Import Process' is clicked on

2020-04-27 12:00:11 - [MESSAGE][PASSED] - Object: 'Object Repository/WebOffice_Home_page/a_ARUDD Import Process' is clicked on

2020-04-27 12:00:11 - [MESSAGE][PASSED] - Call Test Case 'Test Cases/Reusable_Test_Sequences/Web_Office/Navigation/Sub_Menu_Navigation/Finance/ARUDD_Import_Process' successfully

2020-04-27 12:00:11 - [TEST_STEP][PASSED] - "--------------------------------------": null

2020-04-27 12:00:11 - [TEST_STEP][PASSED] - " Verify Returned Page Detail          |": null

2020-04-27 12:00:11 - [TEST_STEP][PASSED] - callTestCase(findTestCase("Reusable_Test_Sequences/Web_Office/Verification/Finance/ARUDD_Import_Process"), [:], OPTIONAL): Call Test Case 'Test Cases/Reusable_Test_Sequences/Web_Office/Verification/Finance/ARUDD_Import_Process' successfully

2020-04-27 12:00:11 - [TEST_CASE][PASSED] - Test Cases/Reusable_Test_Sequences/Web_Office/Verification/Finance/ARUDD_Import_Process: Test Cases/Reusable_Test_Sequences/Web_Office/Verification/Finance/ARUDD_Import_Process

2020-04-27 12:00:12 - [TEST_STEP][PASSED] - waitForPageLoad(60): Wait for page load successfully

2020-04-27 12:00:12 - [MESSAGE][PASSED] - Wait for page load successfully

2020-04-27 12:00:12 - [TEST_STEP][PASSED] - delay(1): Delayed 1 second(s)

2020-04-27 12:00:13 - [MESSAGE][PASSED] - Delayed 1 second(s)

2020-04-27 12:00:13 - [TEST_STEP][PASSED] - verifyTextPresent("ARUDD Import", false): Text 'ARUDD Import' is present on page 

2020-04-27 12:00:15 - [MESSAGE][PASSED] - Text 'ARUDD Import' is present on page 

2020-04-27 12:00:15 - [TEST_STEP][PASSED] - "----------------------------------------------": null

2020-04-27 12:00:15 - [TEST_STEP][PASSED] - verifyTextPresent("Choose an ARUDD import file", false): Text 'Choose an ARUDD import file' is present on page 

2020-04-27 12:00:16 - [MESSAGE][PASSED] - Text 'Choose an ARUDD import file' is present on page 

2020-04-27 12:00:16 - [TEST_STEP][PASSED] - "----------------------------------------------": null

2020-04-27 12:00:16 - [TEST_STEP][PASSED] - "----------------------------------------------": null

2020-04-27 12:00:16 - [TEST_STEP][PASSED] - verifyTextPresent("Represent Failed Direct Debits", false): Text 'Represent Failed Direct Debits' is present on page 

2020-04-27 12:00:18 - [MESSAGE][PASSED] - Text 'Represent Failed Direct Debits' is present on page 

2020-04-27 12:00:18 - [TEST_STEP][PASSED] - "----------------------------------------------": null

2020-04-27 12:00:18 - [TEST_STEP][PASSED] - verifyTextPresent("Unmatched Import Entries", false): Text 'Unmatched Import Entries' is present on page 

2020-04-27 12:00:20 - [MESSAGE][PASSED] - Text 'Unmatched Import Entries' is present on page 

2020-04-27 12:00:20 - [TEST_STEP][PASSED] - verifyTextPresent("Count", false): Text 'Count' is present on page 

2020-04-27 12:00:22 - [MESSAGE][PASSED] - Text 'Count' is present on page 

2020-04-27 12:00:22 - [TEST_STEP][PASSED] - verifyTextPresent("Matched Import Entries - Ready To Create Cases", false): Text 'Matched Import Entries - Ready To Create Cases' is present on page 

2020-04-27 12:00:24 - [MESSAGE][PASSED] - Text 'Matched Import Entries - Ready To Create Cases' is present on page 

2020-04-27 12:00:24 - [MESSAGE][PASSED] - Call Test Case 'Test Cases/Reusable_Test_Sequences/Web_Office/Verification/Finance/ARUDD_Import_Process' successfully

2020-04-27 12:00:24 - [TEST_STEP][PASSED] - "--------------------------": null

2020-04-27 12:00:24 - [TEST_STEP][PASSED] - " Teardown - CLose Browser |": null

2020-04-27 12:00:24 - [TEST_STEP][PASSED] - callTestCase(findTestCase("Reusable_Test_Sequences/CAT_Teardown"), [:], OPTIONAL): Call Test Case 'Test Cases/Reusable_Test_Sequences/CAT_Teardown' successfully

2020-04-27 12:00:25 - [TEST_CASE][PASSED] - Test Cases/Reusable_Test_Sequences/CAT_Teardown: Test Cases/Reusable_Test_Sequences/CAT_Teardown

2020-04-27 12:00:25 - [TEST_STEP][PASSED] - closeBrowser(): Browser is closed

2020-04-27 12:00:26 - [MESSAGE][PASSED] - Browser is closed

2020-04-27 12:00:26 - [TEST_STEP][PASSED] - super.finalize(): null

2020-04-27 12:00:26 - [TEST_STEP][PASSED] - System.gc(): null

2020-04-27 12:00:26 - [MESSAGE][PASSED] - Call Test Case 'Test Cases/Reusable_Test_Sequences/CAT_Teardown' successfully]]></system-out>
         <system-err><![CDATA[]]></system-err>
      </testcase>
      <testcase name="Test Cases/Web_Office/Finance/Eureka_File_Export" time="29.219" classname="Test Cases/Web_Office/Finance/Eureka_File_Export" status="PASSED">
         <system-out><![CDATA[2020-04-27 12:00:26 - [TEST_CASE][PASSED] - Test Cases/Web_Office/Finance/Eureka_File_Export: Test Cases/Web_Office/Finance/Eureka_File_Export

2020-04-27 12:00:26 - [TEST_STEP][PASSED] - "--------------------------------------": null

2020-04-27 12:00:26 - [TEST_STEP][PASSED] - " Web Office StartUp                  |": null

2020-04-27 12:00:26 - [TEST_STEP][PASSED] - callTestCase(findTestCase("Reusable_Test_Sequences/Web_Office/Directives/WebOffice_StartUp"), [:], STOP_ON_FAILURE): Call Test Case 'Test Cases/Reusable_Test_Sequences/Web_Office/Directives/WebOffice_StartUp' successfully

2020-04-27 12:00:26 - [TEST_CASE][PASSED] - Test Cases/Reusable_Test_Sequences/Web_Office/Directives/WebOffice_StartUp: Test Cases/Reusable_Test_Sequences/Web_Office/Directives/WebOffice_StartUp

2020-04-27 12:00:26 - [TEST_STEP][PASSED] - "-----------------------------------------------------------------------------": null

2020-04-27 12:00:26 - [TEST_STEP][PASSED] - if (URL == "https://www.dev.checkatrade.com/"): null

2020-04-27 12:00:26 - [TEST_STEP][PASSED] - "-----------------------------------------------------------------------------": null

2020-04-27 12:00:26 - [TEST_STEP][PASSED] - if (URL == "https://www.checkatrade.com/"): null

2020-04-27 12:00:26 - [TEST_STEP][PASSED] - "-----------------------------------------------------------------------------": null

2020-04-27 12:00:26 - [TEST_STEP][PASSED] - if (URL == "https://www.preview.checkatrade.com/"): null

2020-04-27 12:00:26 - [TEST_STEP][PASSED] - WebOfficeURL = "https://admin.preview.checkatrade.com/": null

2020-04-27 12:00:26 - [TEST_STEP][PASSED] - if (URL == "https://www.dev2.checkatrade.com/"): null

2020-04-27 12:00:26 - [TEST_STEP][PASSED] - "Set Function Area for "URL_Handler", URL Resolution": null

2020-04-27 12:00:26 - [TEST_STEP][PASSED] - "Do Some Magic with URL(s) See the comments within URL Handler ": null

2020-04-27 12:00:26 - [TEST_STEP][PASSED] - "------------------------------------------------": null

2020-04-27 12:00:26 - [TEST_STEP][PASSED] - "Moved Login Credentials to <Default> profile 22/01/2020": null

2020-04-27 12:00:26 - [TEST_STEP][PASSED] - "------------------------------------------------": null

2020-04-27 12:00:26 - [TEST_STEP][PASSED] - "WebOfficeURL - Set from the ENVIRONMENT PROFILE ": null

2020-04-27 12:00:26 - [TEST_STEP][PASSED] - "OPEN BROWSER": null

2020-04-27 12:00:26 - [TEST_STEP][PASSED] - "eg - https://admin.preview.checkatrade.com/  ": null

2020-04-27 12:00:26 - [TEST_STEP][PASSED] - openBrowser(WebOfficeURL): Browser is opened with url: 'https://admin.preview.checkatrade.com/'

2020-04-27 12:00:26 - [MESSAGE][INFO] - Starting 'Firefox' driver

2020-04-27 12:00:26 - [MESSAGE][INFO] - Action delay is set to 0 milliseconds

2020-04-27 12:00:30 - [MESSAGE][PASSED] - Browser is opened with url: 'https://admin.preview.checkatrade.com/'

2020-04-27 12:00:30 - [TEST_STEP][PASSED] - maximizeWindow(): Current window maximized

2020-04-27 12:00:31 - [MESSAGE][PASSED] - Current window maximized

2020-04-27 12:00:31 - [TEST_STEP][PASSED] - waitForElementClickable(findTestObject("Object Repository/WebOffice/Page_Checkatrade - Administration - Login/Login_Button"), 25): Object 'Object Repository/WebOffice/Page_Checkatrade - Administration - Login/Login_Button' is clickable

2020-04-27 12:00:31 - [MESSAGE][PASSED] - Object 'Object Repository/WebOffice/Page_Checkatrade - Administration - Login/Login_Button' is clickable

2020-04-27 12:00:31 - [TEST_STEP][PASSED] - verifyTextPresent("Checkatrade Web Office", false): Text 'Checkatrade Web Office' is present on page 

2020-04-27 12:00:31 - [MESSAGE][PASSED] - Text 'Checkatrade Web Office' is present on page 

2020-04-27 12:00:31 - [TEST_STEP][PASSED] - verifyTextPresent("Access for staff use only", false): Text 'Access for staff use only' is present on page 

2020-04-27 12:00:31 - [MESSAGE][PASSED] - Text 'Access for staff use only' is present on page 

2020-04-27 12:00:31 - [TEST_STEP][PASSED] - verifyTextPresent("Forgotten password?", false): Text 'Forgotten password?' is present on page 

2020-04-27 12:00:31 - [MESSAGE][PASSED] - Text 'Forgotten password?' is present on page 

2020-04-27 12:00:31 - [TEST_STEP][PASSED] - setText(findTestObject("Object Repository/WebOffice/Page_Checkatrade - Administration - Login/input_Username_LoginControlUserName"), wo_Username): Text 'DavidHo' is set on object 'Object Repository/WebOffice/Page_Checkatrade - Administration - Login/input_Username_LoginControlUserName'

2020-04-27 12:00:31 - [MESSAGE][PASSED] - Text 'DavidHo' is set on object 'Object Repository/WebOffice/Page_Checkatrade - Administration - Login/input_Username_LoginControlUserName'

2020-04-27 12:00:31 - [TEST_STEP][PASSED] - setText(findTestObject("Object Repository/WebOffice/Page_Checkatrade - Administration - Login/input_Password_LoginControlPassword"), wo_Password): Text 'Check123' is set on object 'Object Repository/WebOffice/Page_Checkatrade - Administration - Login/input_Password_LoginControlPassword'

2020-04-27 12:00:31 - [MESSAGE][PASSED] - Text 'Check123' is set on object 'Object Repository/WebOffice/Page_Checkatrade - Administration - Login/input_Password_LoginControlPassword'

2020-04-27 12:00:31 - [TEST_STEP][PASSED] - click(findTestObject("Object Repository/WebOffice/Page_Checkatrade - Administration - Login/Login_Button")): Object: 'Object Repository/WebOffice/Page_Checkatrade - Administration - Login/Login_Button' is clicked on

2020-04-27 12:00:32 - [MESSAGE][PASSED] - Object: 'Object Repository/WebOffice/Page_Checkatrade - Administration - Login/Login_Button' is clicked on

2020-04-27 12:00:32 - [TEST_STEP][PASSED] - waitForPageLoad(60): Wait for page load successfully

2020-04-27 12:00:32 - [MESSAGE][PASSED] - Wait for page load successfully

2020-04-27 12:00:32 - [TEST_STEP][PASSED] - verifyTextPresent("Welcome " + wo_Username, false): Text 'Welcome DavidHo' is present on page 

2020-04-27 12:00:32 - [MESSAGE][PASSED] - Text 'Welcome DavidHo' is present on page 

2020-04-27 12:00:32 - [MESSAGE][PASSED] - Call Test Case 'Test Cases/Reusable_Test_Sequences/Web_Office/Directives/WebOffice_StartUp' successfully

2020-04-27 12:00:32 - [TEST_STEP][PASSED] - "--------------------------------------": null

2020-04-27 12:00:32 - [TEST_STEP][PASSED] - " Navigate to <Tools> Menu Item        |": null

2020-04-27 12:00:32 - [TEST_STEP][PASSED] - callTestCase(findTestCase("Reusable_Test_Sequences/Web_Office/Navigation/Sub_Menu_Navigation/Finance/Eureka_File_Export"), [:], STOP_ON_FAILURE): Call Test Case 'Test Cases/Reusable_Test_Sequences/Web_Office/Navigation/Sub_Menu_Navigation/Finance/Eureka_File_Export' successfully

2020-04-27 12:00:32 - [TEST_CASE][PASSED] - Test Cases/Reusable_Test_Sequences/Web_Office/Navigation/Sub_Menu_Navigation/Finance/Eureka_File_Export: Test Cases/Reusable_Test_Sequences/Web_Office/Navigation/Sub_Menu_Navigation/Finance/Eureka_File_Export

2020-04-27 12:00:33 - [TEST_STEP][PASSED] - "--------------------------------------": null

2020-04-27 12:00:33 - [TEST_STEP][PASSED] - " Navigate Top level menu Item         |": null

2020-04-27 12:00:33 - [TEST_STEP][PASSED] - waitForPageLoad(60): Wait for page load successfully

2020-04-27 12:00:33 - [MESSAGE][PASSED] - Wait for page load successfully

2020-04-27 12:00:33 - [TEST_STEP][PASSED] - waitForElementClickable(findTestObject("Object Repository/WebOffice_Home_page/a_Finance"), 60): Object 'Object Repository/WebOffice_Home_page/a_Finance' is clickable

2020-04-27 12:00:33 - [MESSAGE][PASSED] - Object 'Object Repository/WebOffice_Home_page/a_Finance' is clickable

2020-04-27 12:00:33 - [TEST_STEP][PASSED] - mouseOver(findTestObject("Object Repository/WebOffice_Home_page/a_Finance")): Object: 'Object Repository/WebOffice_Home_page/a_Finance' is hovered

2020-04-27 12:00:33 - [MESSAGE][PASSED] - Object: 'Object Repository/WebOffice_Home_page/a_Finance' is hovered

2020-04-27 12:00:33 - [TEST_STEP][PASSED] - waitForElementClickable(findTestObject("Object Repository/WebOffice_Home_page/a_Eureka File Export"), 1): Object 'Object Repository/WebOffice_Home_page/a_Eureka File Export' is clickable

2020-04-27 12:00:33 - [MESSAGE][PASSED] - Object 'Object Repository/WebOffice_Home_page/a_Eureka File Export' is clickable

2020-04-27 12:00:33 - [TEST_STEP][PASSED] - click(findTestObject("Object Repository/WebOffice_Home_page/a_Eureka File Export")): Object: 'Object Repository/WebOffice_Home_page/a_Eureka File Export' is clicked on

2020-04-27 12:00:34 - [MESSAGE][PASSED] - Object: 'Object Repository/WebOffice_Home_page/a_Eureka File Export' is clicked on

2020-04-27 12:00:34 - [MESSAGE][PASSED] - Call Test Case 'Test Cases/Reusable_Test_Sequences/Web_Office/Navigation/Sub_Menu_Navigation/Finance/Eureka_File_Export' successfully

2020-04-27 12:00:34 - [TEST_STEP][PASSED] - "--------------------------------------": null

2020-04-27 12:00:34 - [TEST_STEP][PASSED] - " Verify Returned Page Detail          |": null

2020-04-27 12:00:34 - [TEST_STEP][PASSED] - callTestCase(findTestCase("Reusable_Test_Sequences/Web_Office/Verification/Finance/Eureka_File_Export"), [:], OPTIONAL): Call Test Case 'Test Cases/Reusable_Test_Sequences/Web_Office/Verification/Finance/Eureka_File_Export' successfully

2020-04-27 12:00:34 - [TEST_CASE][PASSED] - Test Cases/Reusable_Test_Sequences/Web_Office/Verification/Finance/Eureka_File_Export: Test Cases/Reusable_Test_Sequences/Web_Office/Verification/Finance/Eureka_File_Export

2020-04-27 12:00:34 - [TEST_STEP][PASSED] - waitForPageLoad(60): Wait for page load successfully

2020-04-27 12:00:34 - [MESSAGE][PASSED] - Wait for page load successfully

2020-04-27 12:00:34 - [TEST_STEP][PASSED] - delay(1): Delayed 1 second(s)

2020-04-27 12:00:35 - [MESSAGE][PASSED] - Delayed 1 second(s)

2020-04-27 12:00:35 - [TEST_STEP][PASSED] - verifyTextPresent("Eureka File Export", false): Text 'Eureka File Export' is present on page 

2020-04-27 12:00:36 - [MESSAGE][PASSED] - Text 'Eureka File Export' is present on page 

2020-04-27 12:00:36 - [TEST_STEP][PASSED] - "----------------------------------------------": null

2020-04-27 12:00:36 - [TEST_STEP][PASSED] - verifyTextPresent("Export", false): Text 'Export' is present on page 

2020-04-27 12:00:37 - [MESSAGE][PASSED] - Text 'Export' is present on page 

2020-04-27 12:00:37 - [TEST_STEP][PASSED] - "----------------------------------------------": null

2020-04-27 12:00:37 - [TEST_STEP][PASSED] - "No Files Present For Export On PREVIEW - 26/02/2020": null

2020-04-27 12:00:37 - [TEST_STEP][PASSED] - "----------------------------------------------": null

2020-04-27 12:00:37 - [TEST_STEP][PASSED] - verifyTextPresent("CompanyName", false): Text 'CompanyName' is present on page 

2020-04-27 12:00:37 - [MESSAGE][PASSED] - Text 'CompanyName' is present on page 

2020-04-27 12:00:37 - [TEST_STEP][PASSED] - verifyTextPresent("OrderType", false): Text 'OrderType' is present on page 

2020-04-27 12:00:38 - [MESSAGE][PASSED] - Text 'OrderType' is present on page 

2020-04-27 12:00:38 - [TEST_STEP][PASSED] - verifyTextPresent("CustAccRef", false): Text 'CustAccRef' is present on page 

2020-04-27 12:00:39 - [MESSAGE][PASSED] - Text 'CustAccRef' is present on page 

2020-04-27 12:00:39 - [TEST_STEP][PASSED] - verifyTextPresent("OrderWarehouse", false): Text 'OrderWarehouse' is present on page 

2020-04-27 12:00:40 - [MESSAGE][PASSED] - Text 'OrderWarehouse' is present on page 

2020-04-27 12:00:40 - [TEST_STEP][PASSED] - verifyTextPresent("OrderDate", false): Text 'OrderDate' is present on page 

2020-04-27 12:00:41 - [MESSAGE][PASSED] - Text 'OrderDate' is present on page 

2020-04-27 12:00:41 - [TEST_STEP][PASSED] - verifyTextPresent("LineType", false): Text 'LineType' is present on page 

2020-04-27 12:00:41 - [MESSAGE][PASSED] - Text 'LineType' is present on page 

2020-04-27 12:00:41 - [TEST_STEP][PASSED] - verifyTextPresent("ProductCode", false): Text 'ProductCode' is present on page 

2020-04-27 12:00:42 - [MESSAGE][PASSED] - Text 'ProductCode' is present on page 

2020-04-27 12:00:42 - [TEST_STEP][PASSED] - verifyTextPresent("ProductDescription", false): Text 'ProductDescription' is present on page 

2020-04-27 12:00:43 - [MESSAGE][PASSED] - Text 'ProductDescription' is present on page 

2020-04-27 12:00:43 - [TEST_STEP][PASSED] - verifyTextPresent("Quantity", false): Text 'Quantity' is present on page 

2020-04-27 12:00:44 - [MESSAGE][PASSED] - Text 'Quantity' is present on page 

2020-04-27 12:00:44 - [TEST_STEP][PASSED] - verifyTextPresent("UnitPrice", false): Text 'UnitPrice' is present on page 

2020-04-27 12:00:45 - [MESSAGE][PASSED] - Text 'UnitPrice' is present on page 

2020-04-27 12:00:45 - [TEST_STEP][PASSED] - verifyTextPresent("DiscountPercent", false): Text 'DiscountPercent' is present on page 

2020-04-27 12:00:45 - [MESSAGE][PASSED] - Text 'DiscountPercent' is present on page 

2020-04-27 12:00:45 - [TEST_STEP][PASSED] - verifyTextPresent("DiscountValue", false): Text 'DiscountValue' is present on page 

2020-04-27 12:00:46 - [MESSAGE][PASSED] - Text 'DiscountValue' is present on page 

2020-04-27 12:00:46 - [TEST_STEP][PASSED] - verifyTextPresent("NominalCode", false): Text 'NominalCode' is present on page 

2020-04-27 12:00:47 - [MESSAGE][PASSED] - Text 'NominalCode' is present on page 

2020-04-27 12:00:47 - [TEST_STEP][PASSED] - verifyTextPresent("CostCentre", false): Text 'CostCentre' is present on page 

2020-04-27 12:00:48 - [MESSAGE][PASSED] - Text 'CostCentre' is present on page 

2020-04-27 12:00:48 - [TEST_STEP][PASSED] - verifyTextPresent("_LineStartDate", false): Text '_LineStartDate' is present on page 

2020-04-27 12:00:49 - [MESSAGE][PASSED] - Text '_LineStartDate' is present on page 

2020-04-27 12:00:49 - [TEST_STEP][PASSED] - verifyTextPresent("_LineEndDate", false): Text '_LineEndDate' is present on page 

2020-04-27 12:00:50 - [MESSAGE][PASSED] - Text '_LineEndDate' is present on page 

2020-04-27 12:00:50 - [TEST_STEP][PASSED] - verifyTextPresent("PaymentDate", false): Text 'PaymentDate' is present on page 

2020-04-27 12:00:51 - [MESSAGE][PASSED] - Text 'PaymentDate' is present on page 

2020-04-27 12:00:51 - [TEST_STEP][PASSED] - verifyTextPresent("Requires Splitting", false): Text 'Requires Splitting' is present on page 

2020-04-27 12:00:52 - [MESSAGE][PASSED] - Text 'Requires Splitting' is present on page 

2020-04-27 12:00:52 - [TEST_STEP][PASSED] - verifyTextPresent("Number of Splits", false): Text 'Number of Splits' is present on page 

2020-04-27 12:00:53 - [MESSAGE][PASSED] - Text 'Number of Splits' is present on page 

2020-04-27 12:00:53 - [TEST_STEP][PASSED] - verifyTextPresent("Frequency", false): Text 'Frequency' is present on page 

2020-04-27 12:00:54 - [MESSAGE][PASSED] - Text 'Frequency' is present on page 

2020-04-27 12:00:54 - [MESSAGE][PASSED] - Call Test Case 'Test Cases/Reusable_Test_Sequences/Web_Office/Verification/Finance/Eureka_File_Export' successfully

2020-04-27 12:00:54 - [TEST_STEP][PASSED] - "--------------------------": null

2020-04-27 12:00:54 - [TEST_STEP][PASSED] - " Teardown - CLose Browser |": null

2020-04-27 12:00:54 - [TEST_STEP][PASSED] - callTestCase(findTestCase("Reusable_Test_Sequences/CAT_Teardown"), [:], OPTIONAL): Call Test Case 'Test Cases/Reusable_Test_Sequences/CAT_Teardown' successfully

2020-04-27 12:00:54 - [TEST_CASE][PASSED] - Test Cases/Reusable_Test_Sequences/CAT_Teardown: Test Cases/Reusable_Test_Sequences/CAT_Teardown

2020-04-27 12:00:54 - [TEST_STEP][PASSED] - closeBrowser(): Browser is closed

2020-04-27 12:00:55 - [MESSAGE][PASSED] - Browser is closed

2020-04-27 12:00:55 - [TEST_STEP][PASSED] - super.finalize(): null

2020-04-27 12:00:55 - [TEST_STEP][PASSED] - System.gc(): null

2020-04-27 12:00:55 - [MESSAGE][PASSED] - Call Test Case 'Test Cases/Reusable_Test_Sequences/CAT_Teardown' successfully]]></system-out>
         <system-err><![CDATA[]]></system-err>
      </testcase>
      <testcase name="Test Cases/Web_Office/Tools/Marketing_Materials_Requests" time="30.059" classname="Test Cases/Web_Office/Tools/Marketing_Materials_Requests" status="PASSED">
         <system-out><![CDATA[2020-04-27 12:00:55 - [TEST_CASE][PASSED] - Test Cases/Web_Office/Tools/Marketing_Materials_Requests: Test Cases/Web_Office/Tools/Marketing_Materials_Requests

2020-04-27 12:00:55 - [TEST_STEP][PASSED] - "--------------------------------------": null

2020-04-27 12:00:55 - [TEST_STEP][PASSED] - " Web Office StartUp                  |": null

2020-04-27 12:00:55 - [TEST_STEP][PASSED] - callTestCase(findTestCase("Reusable_Test_Sequences/Web_Office/Directives/WebOffice_StartUp"), [:], STOP_ON_FAILURE): Call Test Case 'Test Cases/Reusable_Test_Sequences/Web_Office/Directives/WebOffice_StartUp' successfully

2020-04-27 12:00:56 - [TEST_CASE][PASSED] - Test Cases/Reusable_Test_Sequences/Web_Office/Directives/WebOffice_StartUp: Test Cases/Reusable_Test_Sequences/Web_Office/Directives/WebOffice_StartUp

2020-04-27 12:00:56 - [TEST_STEP][PASSED] - "-----------------------------------------------------------------------------": null

2020-04-27 12:00:56 - [TEST_STEP][PASSED] - if (URL == "https://www.dev.checkatrade.com/"): null

2020-04-27 12:00:56 - [TEST_STEP][PASSED] - "-----------------------------------------------------------------------------": null

2020-04-27 12:00:56 - [TEST_STEP][PASSED] - if (URL == "https://www.checkatrade.com/"): null

2020-04-27 12:00:56 - [TEST_STEP][PASSED] - "-----------------------------------------------------------------------------": null

2020-04-27 12:00:56 - [TEST_STEP][PASSED] - if (URL == "https://www.preview.checkatrade.com/"): null

2020-04-27 12:00:56 - [TEST_STEP][PASSED] - WebOfficeURL = "https://admin.preview.checkatrade.com/": null

2020-04-27 12:00:56 - [TEST_STEP][PASSED] - if (URL == "https://www.dev2.checkatrade.com/"): null

2020-04-27 12:00:56 - [TEST_STEP][PASSED] - "Set Function Area for "URL_Handler", URL Resolution": null

2020-04-27 12:00:56 - [TEST_STEP][PASSED] - "Do Some Magic with URL(s) See the comments within URL Handler ": null

2020-04-27 12:00:56 - [TEST_STEP][PASSED] - "------------------------------------------------": null

2020-04-27 12:00:56 - [TEST_STEP][PASSED] - "Moved Login Credentials to <Default> profile 22/01/2020": null

2020-04-27 12:00:56 - [TEST_STEP][PASSED] - "------------------------------------------------": null

2020-04-27 12:00:56 - [TEST_STEP][PASSED] - "WebOfficeURL - Set from the ENVIRONMENT PROFILE ": null

2020-04-27 12:00:56 - [TEST_STEP][PASSED] - "OPEN BROWSER": null

2020-04-27 12:00:56 - [TEST_STEP][PASSED] - "eg - https://admin.preview.checkatrade.com/  ": null

2020-04-27 12:00:56 - [TEST_STEP][PASSED] - openBrowser(WebOfficeURL): Browser is opened with url: 'https://admin.preview.checkatrade.com/'

2020-04-27 12:00:56 - [MESSAGE][INFO] - Starting 'Firefox' driver

2020-04-27 12:00:56 - [MESSAGE][INFO] - Action delay is set to 0 milliseconds

2020-04-27 12:01:00 - [MESSAGE][PASSED] - Browser is opened with url: 'https://admin.preview.checkatrade.com/'

2020-04-27 12:01:00 - [TEST_STEP][PASSED] - maximizeWindow(): Current window maximized

2020-04-27 12:01:00 - [MESSAGE][PASSED] - Current window maximized

2020-04-27 12:01:00 - [TEST_STEP][PASSED] - waitForElementClickable(findTestObject("Object Repository/WebOffice/Page_Checkatrade - Administration - Login/Login_Button"), 25): Object 'Object Repository/WebOffice/Page_Checkatrade - Administration - Login/Login_Button' is clickable

2020-04-27 12:01:00 - [MESSAGE][PASSED] - Object 'Object Repository/WebOffice/Page_Checkatrade - Administration - Login/Login_Button' is clickable

2020-04-27 12:01:00 - [TEST_STEP][PASSED] - verifyTextPresent("Checkatrade Web Office", false): Text 'Checkatrade Web Office' is present on page 

2020-04-27 12:01:00 - [MESSAGE][PASSED] - Text 'Checkatrade Web Office' is present on page 

2020-04-27 12:01:00 - [TEST_STEP][PASSED] - verifyTextPresent("Access for staff use only", false): Text 'Access for staff use only' is present on page 

2020-04-27 12:01:00 - [MESSAGE][PASSED] - Text 'Access for staff use only' is present on page 

2020-04-27 12:01:00 - [TEST_STEP][PASSED] - verifyTextPresent("Forgotten password?", false): Text 'Forgotten password?' is present on page 

2020-04-27 12:01:00 - [MESSAGE][PASSED] - Text 'Forgotten password?' is present on page 

2020-04-27 12:01:00 - [TEST_STEP][PASSED] - setText(findTestObject("Object Repository/WebOffice/Page_Checkatrade - Administration - Login/input_Username_LoginControlUserName"), wo_Username): Text 'DavidHo' is set on object 'Object Repository/WebOffice/Page_Checkatrade - Administration - Login/input_Username_LoginControlUserName'

2020-04-27 12:01:00 - [MESSAGE][PASSED] - Text 'DavidHo' is set on object 'Object Repository/WebOffice/Page_Checkatrade - Administration - Login/input_Username_LoginControlUserName'

2020-04-27 12:01:00 - [TEST_STEP][PASSED] - setText(findTestObject("Object Repository/WebOffice/Page_Checkatrade - Administration - Login/input_Password_LoginControlPassword"), wo_Password): Text 'Check123' is set on object 'Object Repository/WebOffice/Page_Checkatrade - Administration - Login/input_Password_LoginControlPassword'

2020-04-27 12:01:00 - [MESSAGE][PASSED] - Text 'Check123' is set on object 'Object Repository/WebOffice/Page_Checkatrade - Administration - Login/input_Password_LoginControlPassword'

2020-04-27 12:01:00 - [TEST_STEP][PASSED] - click(findTestObject("Object Repository/WebOffice/Page_Checkatrade - Administration - Login/Login_Button")): Object: 'Object Repository/WebOffice/Page_Checkatrade - Administration - Login/Login_Button' is clicked on

2020-04-27 12:01:01 - [MESSAGE][PASSED] - Object: 'Object Repository/WebOffice/Page_Checkatrade - Administration - Login/Login_Button' is clicked on

2020-04-27 12:01:01 - [TEST_STEP][PASSED] - waitForPageLoad(60): Wait for page load successfully

2020-04-27 12:01:01 - [MESSAGE][PASSED] - Wait for page load successfully

2020-04-27 12:01:01 - [TEST_STEP][PASSED] - verifyTextPresent("Welcome " + wo_Username, false): Text 'Welcome DavidHo' is present on page 

2020-04-27 12:01:02 - [MESSAGE][PASSED] - Text 'Welcome DavidHo' is present on page 

2020-04-27 12:01:02 - [MESSAGE][PASSED] - Call Test Case 'Test Cases/Reusable_Test_Sequences/Web_Office/Directives/WebOffice_StartUp' successfully

2020-04-27 12:01:02 - [TEST_STEP][PASSED] - "--------------------------------------": null

2020-04-27 12:01:02 - [TEST_STEP][PASSED] - " Navigate to <Tools> Menu Item        |": null

2020-04-27 12:01:02 - [TEST_STEP][PASSED] - callTestCase(findTestCase("Reusable_Test_Sequences/Web_Office/Navigation/Sub_Menu_Navigation/Tools/Marketing_Materials_Request"), [:], STOP_ON_FAILURE): Call Test Case 'Test Cases/Reusable_Test_Sequences/Web_Office/Navigation/Sub_Menu_Navigation/Tools/Marketing_Materials_Request' successfully

2020-04-27 12:01:02 - [TEST_CASE][PASSED] - Test Cases/Reusable_Test_Sequences/Web_Office/Navigation/Sub_Menu_Navigation/Tools/Marketing_Materials_Request: Test Cases/Reusable_Test_Sequences/Web_Office/Navigation/Sub_Menu_Navigation/Tools/Marketing_Materials_Request

2020-04-27 12:01:02 - [TEST_STEP][PASSED] - "WIP TODO": null

2020-04-27 12:01:02 - [TEST_STEP][PASSED] - "--------------------------------------": null

2020-04-27 12:01:02 - [TEST_STEP][PASSED] - " Navigate Top level menu Item         |": null

2020-04-27 12:01:02 - [TEST_STEP][PASSED] - waitForPageLoad(60): Wait for page load successfully

2020-04-27 12:01:02 - [MESSAGE][PASSED] - Wait for page load successfully

2020-04-27 12:01:02 - [TEST_STEP][PASSED] - waitForElementClickable(findTestObject("Object Repository/WebOffice_Home_page/a_Tools"), 60): Object 'Object Repository/WebOffice_Home_page/a_Tools' is clickable

2020-04-27 12:01:02 - [MESSAGE][PASSED] - Object 'Object Repository/WebOffice_Home_page/a_Tools' is clickable

2020-04-27 12:01:02 - [TEST_STEP][PASSED] - mouseOver(findTestObject("Object Repository/WebOffice_Home_page/a_Tools")): Object: 'Object Repository/WebOffice_Home_page/a_Tools' is hovered

2020-04-27 12:01:02 - [MESSAGE][PASSED] - Object: 'Object Repository/WebOffice_Home_page/a_Tools' is hovered

2020-04-27 12:01:02 - [TEST_STEP][PASSED] - waitForElementClickable(findTestObject("Object Repository/WebOffice_Home_page/a_Marketing Materials Requests"), 1): Object 'Object Repository/WebOffice_Home_page/a_Marketing Materials Requests' is clickable

2020-04-27 12:01:02 - [MESSAGE][PASSED] - Object 'Object Repository/WebOffice_Home_page/a_Marketing Materials Requests' is clickable

2020-04-27 12:01:02 - [TEST_STEP][PASSED] - click(findTestObject("Object Repository/WebOffice_Home_page/a_Marketing Materials Requests")): Object: 'Object Repository/WebOffice_Home_page/a_Marketing Materials Requests' is clicked on

2020-04-27 12:01:08 - [MESSAGE][PASSED] - Object: 'Object Repository/WebOffice_Home_page/a_Marketing Materials Requests' is clicked on

2020-04-27 12:01:08 - [MESSAGE][PASSED] - Call Test Case 'Test Cases/Reusable_Test_Sequences/Web_Office/Navigation/Sub_Menu_Navigation/Tools/Marketing_Materials_Request' successfully

2020-04-27 12:01:08 - [TEST_STEP][PASSED] - "--------------------------------------": null

2020-04-27 12:01:08 - [TEST_STEP][PASSED] - " Verify Returned Page Detail          |": null

2020-04-27 12:01:08 - [TEST_STEP][PASSED] - callTestCase(findTestCase("Reusable_Test_Sequences/Web_Office/Verification/Tools/Marketing_Materials_Requests"), [:], OPTIONAL): Call Test Case 'Test Cases/Reusable_Test_Sequences/Web_Office/Verification/Tools/Marketing_Materials_Requests' successfully

2020-04-27 12:01:08 - [TEST_CASE][PASSED] - Test Cases/Reusable_Test_Sequences/Web_Office/Verification/Tools/Marketing_Materials_Requests: Test Cases/Reusable_Test_Sequences/Web_Office/Verification/Tools/Marketing_Materials_Requests

2020-04-27 12:01:08 - [TEST_STEP][PASSED] - waitForPageLoad(60): Wait for page load successfully

2020-04-27 12:01:08 - [MESSAGE][PASSED] - Wait for page load successfully

2020-04-27 12:01:08 - [TEST_STEP][PASSED] - delay(1): Delayed 1 second(s)

2020-04-27 12:01:09 - [MESSAGE][PASSED] - Delayed 1 second(s)

2020-04-27 12:01:09 - [TEST_STEP][PASSED] - verifyTextPresent("Marketing Materials Requests", false): Text 'Marketing Materials Requests' is present on page 

2020-04-27 12:01:11 - [MESSAGE][PASSED] - Text 'Marketing Materials Requests' is present on page 

2020-04-27 12:01:11 - [TEST_STEP][PASSED] - verifyTextPresent("New Request", false): Text 'New Request' is present on page 

2020-04-27 12:01:13 - [MESSAGE][PASSED] - Text 'New Request' is present on page 

2020-04-27 12:01:13 - [TEST_STEP][PASSED] - verifyTextPresent("Labels to Print", false): Text 'Labels to Print' is present on page 

2020-04-27 12:01:16 - [MESSAGE][PASSED] - Text 'Labels to Print' is present on page 

2020-04-27 12:01:16 - [TEST_STEP][PASSED] - verifyTextPresent("Printed Label History", false): Text 'Printed Label History' is present on page 

2020-04-27 12:01:18 - [MESSAGE][PASSED] - Text 'Printed Label History' is present on page 

2020-04-27 12:01:18 - [TEST_STEP][PASSED] - verifyTextPresent("New Request", false): Text 'New Request' is present on page 

2020-04-27 12:01:20 - [MESSAGE][PASSED] - Text 'New Request' is present on page 

2020-04-27 12:01:20 - [TEST_STEP][PASSED] - "----------------------------------------------": null

2020-04-27 12:01:20 - [TEST_STEP][PASSED] - "----------------------------------------------": null

2020-04-27 12:01:20 - [TEST_STEP][PASSED] - verifyTextPresent("Customer Details", false): Text 'Customer Details' is present on page 

2020-04-27 12:01:22 - [MESSAGE][PASSED] - Text 'Customer Details' is present on page 

2020-04-27 12:01:22 - [TEST_STEP][PASSED] - verifyTextPresent("Marketing Materials", false): Text 'Marketing Materials' is present on page 

2020-04-27 12:01:24 - [MESSAGE][PASSED] - Text 'Marketing Materials' is present on page 

2020-04-27 12:01:24 - [MESSAGE][PASSED] - Call Test Case 'Test Cases/Reusable_Test_Sequences/Web_Office/Verification/Tools/Marketing_Materials_Requests' successfully

2020-04-27 12:01:24 - [TEST_STEP][PASSED] - "--------------------------": null

2020-04-27 12:01:24 - [TEST_STEP][PASSED] - " Teardown - CLose Browser |": null

2020-04-27 12:01:24 - [TEST_STEP][PASSED] - callTestCase(findTestCase("Reusable_Test_Sequences/CAT_Teardown"), [:], OPTIONAL): Call Test Case 'Test Cases/Reusable_Test_Sequences/CAT_Teardown' successfully

2020-04-27 12:01:24 - [TEST_CASE][PASSED] - Test Cases/Reusable_Test_Sequences/CAT_Teardown: Test Cases/Reusable_Test_Sequences/CAT_Teardown

2020-04-27 12:01:24 - [TEST_STEP][PASSED] - closeBrowser(): Browser is closed

2020-04-27 12:01:25 - [MESSAGE][PASSED] - Browser is closed

2020-04-27 12:01:25 - [TEST_STEP][PASSED] - super.finalize(): null

2020-04-27 12:01:25 - [TEST_STEP][PASSED] - System.gc(): null

2020-04-27 12:01:25 - [MESSAGE][PASSED] - Call Test Case 'Test Cases/Reusable_Test_Sequences/CAT_Teardown' successfully]]></system-out>
         <system-err><![CDATA[]]></system-err>
      </testcase>
      <testcase name="Test Cases/Web_Office/Tools/Data_Import" time="12.953" classname="Test Cases/Web_Office/Tools/Data_Import" status="PASSED">
         <system-out><![CDATA[2020-04-27 12:01:25 - [TEST_CASE][PASSED] - Test Cases/Web_Office/Tools/Data_Import: Test Cases/Web_Office/Tools/Data_Import

2020-04-27 12:01:26 - [TEST_STEP][PASSED] - "--------------------------------------": null

2020-04-27 12:01:26 - [TEST_STEP][PASSED] - " Web Office StartUp                  |": null

2020-04-27 12:01:26 - [TEST_STEP][PASSED] - callTestCase(findTestCase("Reusable_Test_Sequences/Web_Office/Directives/WebOffice_StartUp"), [:], STOP_ON_FAILURE): Call Test Case 'Test Cases/Reusable_Test_Sequences/Web_Office/Directives/WebOffice_StartUp' successfully

2020-04-27 12:01:26 - [TEST_CASE][PASSED] - Test Cases/Reusable_Test_Sequences/Web_Office/Directives/WebOffice_StartUp: Test Cases/Reusable_Test_Sequences/Web_Office/Directives/WebOffice_StartUp

2020-04-27 12:01:26 - [TEST_STEP][PASSED] - "-----------------------------------------------------------------------------": null

2020-04-27 12:01:26 - [TEST_STEP][PASSED] - if (URL == "https://www.dev.checkatrade.com/"): null

2020-04-27 12:01:26 - [TEST_STEP][PASSED] - "-----------------------------------------------------------------------------": null

2020-04-27 12:01:26 - [TEST_STEP][PASSED] - if (URL == "https://www.checkatrade.com/"): null

2020-04-27 12:01:26 - [TEST_STEP][PASSED] - "-----------------------------------------------------------------------------": null

2020-04-27 12:01:26 - [TEST_STEP][PASSED] - if (URL == "https://www.preview.checkatrade.com/"): null

2020-04-27 12:01:26 - [TEST_STEP][PASSED] - WebOfficeURL = "https://admin.preview.checkatrade.com/": null

2020-04-27 12:01:26 - [TEST_STEP][PASSED] - if (URL == "https://www.dev2.checkatrade.com/"): null

2020-04-27 12:01:26 - [TEST_STEP][PASSED] - "Set Function Area for "URL_Handler", URL Resolution": null

2020-04-27 12:01:26 - [TEST_STEP][PASSED] - "Do Some Magic with URL(s) See the comments within URL Handler ": null

2020-04-27 12:01:26 - [TEST_STEP][PASSED] - "------------------------------------------------": null

2020-04-27 12:01:26 - [TEST_STEP][PASSED] - "Moved Login Credentials to <Default> profile 22/01/2020": null

2020-04-27 12:01:26 - [TEST_STEP][PASSED] - "------------------------------------------------": null

2020-04-27 12:01:26 - [TEST_STEP][PASSED] - "WebOfficeURL - Set from the ENVIRONMENT PROFILE ": null

2020-04-27 12:01:26 - [TEST_STEP][PASSED] - "OPEN BROWSER": null

2020-04-27 12:01:26 - [TEST_STEP][PASSED] - "eg - https://admin.preview.checkatrade.com/  ": null

2020-04-27 12:01:26 - [TEST_STEP][PASSED] - openBrowser(WebOfficeURL): Browser is opened with url: 'https://admin.preview.checkatrade.com/'

2020-04-27 12:01:26 - [MESSAGE][INFO] - Starting 'Firefox' driver

2020-04-27 12:01:26 - [MESSAGE][INFO] - Action delay is set to 0 milliseconds

2020-04-27 12:01:30 - [MESSAGE][PASSED] - Browser is opened with url: 'https://admin.preview.checkatrade.com/'

2020-04-27 12:01:30 - [TEST_STEP][PASSED] - maximizeWindow(): Current window maximized

2020-04-27 12:01:31 - [MESSAGE][PASSED] - Current window maximized

2020-04-27 12:01:31 - [TEST_STEP][PASSED] - waitForElementClickable(findTestObject("Object Repository/WebOffice/Page_Checkatrade - Administration - Login/Login_Button"), 25): Object 'Object Repository/WebOffice/Page_Checkatrade - Administration - Login/Login_Button' is clickable

2020-04-27 12:01:31 - [MESSAGE][PASSED] - Object 'Object Repository/WebOffice/Page_Checkatrade - Administration - Login/Login_Button' is clickable

2020-04-27 12:01:31 - [TEST_STEP][PASSED] - verifyTextPresent("Checkatrade Web Office", false): Text 'Checkatrade Web Office' is present on page 

2020-04-27 12:01:31 - [MESSAGE][PASSED] - Text 'Checkatrade Web Office' is present on page 

2020-04-27 12:01:31 - [TEST_STEP][PASSED] - verifyTextPresent("Access for staff use only", false): Text 'Access for staff use only' is present on page 

2020-04-27 12:01:31 - [MESSAGE][PASSED] - Text 'Access for staff use only' is present on page 

2020-04-27 12:01:31 - [TEST_STEP][PASSED] - verifyTextPresent("Forgotten password?", false): Text 'Forgotten password?' is present on page 

2020-04-27 12:01:31 - [MESSAGE][PASSED] - Text 'Forgotten password?' is present on page 

2020-04-27 12:01:31 - [TEST_STEP][PASSED] - setText(findTestObject("Object Repository/WebOffice/Page_Checkatrade - Administration - Login/input_Username_LoginControlUserName"), wo_Username): Text 'DavidHo' is set on object 'Object Repository/WebOffice/Page_Checkatrade - Administration - Login/input_Username_LoginControlUserName'

2020-04-27 12:01:31 - [MESSAGE][PASSED] - Text 'DavidHo' is set on object 'Object Repository/WebOffice/Page_Checkatrade - Administration - Login/input_Username_LoginControlUserName'

2020-04-27 12:01:31 - [TEST_STEP][PASSED] - setText(findTestObject("Object Repository/WebOffice/Page_Checkatrade - Administration - Login/input_Password_LoginControlPassword"), wo_Password): Text 'Check123' is set on object 'Object Repository/WebOffice/Page_Checkatrade - Administration - Login/input_Password_LoginControlPassword'

2020-04-27 12:01:31 - [MESSAGE][PASSED] - Text 'Check123' is set on object 'Object Repository/WebOffice/Page_Checkatrade - Administration - Login/input_Password_LoginControlPassword'

2020-04-27 12:01:31 - [TEST_STEP][PASSED] - click(findTestObject("Object Repository/WebOffice/Page_Checkatrade - Administration - Login/Login_Button")): Object: 'Object Repository/WebOffice/Page_Checkatrade - Administration - Login/Login_Button' is clicked on

2020-04-27 12:01:32 - [MESSAGE][PASSED] - Object: 'Object Repository/WebOffice/Page_Checkatrade - Administration - Login/Login_Button' is clicked on

2020-04-27 12:01:32 - [TEST_STEP][PASSED] - waitForPageLoad(60): Wait for page load successfully

2020-04-27 12:01:32 - [MESSAGE][PASSED] - Wait for page load successfully

2020-04-27 12:01:32 - [TEST_STEP][PASSED] - verifyTextPresent("Welcome " + wo_Username, false): Text 'Welcome DavidHo' is present on page 

2020-04-27 12:01:32 - [MESSAGE][PASSED] - Text 'Welcome DavidHo' is present on page 

2020-04-27 12:01:32 - [MESSAGE][PASSED] - Call Test Case 'Test Cases/Reusable_Test_Sequences/Web_Office/Directives/WebOffice_StartUp' successfully

2020-04-27 12:01:32 - [TEST_STEP][PASSED] - "--------------------------------------": null

2020-04-27 12:01:32 - [TEST_STEP][PASSED] - " Navigate to <Tools> Menu Item        |": null

2020-04-27 12:01:32 - [TEST_STEP][PASSED] - callTestCase(findTestCase("Reusable_Test_Sequences/Web_Office/Navigation/Sub_Menu_Navigation/Tools/Data_Import"), [:], STOP_ON_FAILURE): Call Test Case 'Test Cases/Reusable_Test_Sequences/Web_Office/Navigation/Sub_Menu_Navigation/Tools/Data_Import' successfully

2020-04-27 12:01:32 - [TEST_CASE][PASSED] - Test Cases/Reusable_Test_Sequences/Web_Office/Navigation/Sub_Menu_Navigation/Tools/Data_Import: Test Cases/Reusable_Test_Sequences/Web_Office/Navigation/Sub_Menu_Navigation/Tools/Data_Import

2020-04-27 12:01:33 - [TEST_STEP][PASSED] - "--------------------------------------": null

2020-04-27 12:01:33 - [TEST_STEP][PASSED] - " Navigate Top level menu Item         |": null

2020-04-27 12:01:33 - [TEST_STEP][PASSED] - waitForPageLoad(60): Wait for page load successfully

2020-04-27 12:01:33 - [MESSAGE][PASSED] - Wait for page load successfully

2020-04-27 12:01:33 - [TEST_STEP][PASSED] - waitForElementClickable(findTestObject("Object Repository/WebOffice_Home_page/a_Tools"), 60): Object 'Object Repository/WebOffice_Home_page/a_Tools' is clickable

2020-04-27 12:01:33 - [MESSAGE][PASSED] - Object 'Object Repository/WebOffice_Home_page/a_Tools' is clickable

2020-04-27 12:01:33 - [TEST_STEP][PASSED] - mouseOver(findTestObject("Object Repository/WebOffice_Home_page/a_Tools")): Object: 'Object Repository/WebOffice_Home_page/a_Tools' is hovered

2020-04-27 12:01:33 - [MESSAGE][PASSED] - Object: 'Object Repository/WebOffice_Home_page/a_Tools' is hovered

2020-04-27 12:01:33 - [TEST_STEP][PASSED] - waitForElementClickable(findTestObject("Object Repository/WebOffice_Home_page/a_Data Import"), 1): Object 'Object Repository/WebOffice_Home_page/a_Data Import' is clickable

2020-04-27 12:01:33 - [MESSAGE][PASSED] - Object 'Object Repository/WebOffice_Home_page/a_Data Import' is clickable

2020-04-27 12:01:33 - [TEST_STEP][PASSED] - click(findTestObject("Object Repository/WebOffice_Home_page/a_Data Import")): Object: 'Object Repository/WebOffice_Home_page/a_Data Import' is clicked on

2020-04-27 12:01:33 - [MESSAGE][PASSED] - Object: 'Object Repository/WebOffice_Home_page/a_Data Import' is clicked on

2020-04-27 12:01:33 - [MESSAGE][PASSED] - Call Test Case 'Test Cases/Reusable_Test_Sequences/Web_Office/Navigation/Sub_Menu_Navigation/Tools/Data_Import' successfully

2020-04-27 12:01:33 - [TEST_STEP][PASSED] - "--------------------------------------": null

2020-04-27 12:01:33 - [TEST_STEP][PASSED] - " Verify Returned Page Detail          |": null

2020-04-27 12:01:33 - [TEST_STEP][PASSED] - callTestCase(findTestCase("Reusable_Test_Sequences/Web_Office/Verification/Tools/Data_Import"), [:], OPTIONAL): Call Test Case 'Test Cases/Reusable_Test_Sequences/Web_Office/Verification/Tools/Data_Import' successfully

2020-04-27 12:01:33 - [TEST_CASE][PASSED] - Test Cases/Reusable_Test_Sequences/Web_Office/Verification/Tools/Data_Import: Test Cases/Reusable_Test_Sequences/Web_Office/Verification/Tools/Data_Import

2020-04-27 12:01:34 - [TEST_STEP][PASSED] - waitForPageLoad(60): Wait for page load successfully

2020-04-27 12:01:34 - [MESSAGE][PASSED] - Wait for page load successfully

2020-04-27 12:01:34 - [TEST_STEP][PASSED] - delay(1): Delayed 1 second(s)

2020-04-27 12:01:35 - [MESSAGE][PASSED] - Delayed 1 second(s)

2020-04-27 12:01:35 - [TEST_STEP][PASSED] - verifyTextPresent("Sales Lead Data Import", false): Text 'Sales Lead Data Import' is present on page 

2020-04-27 12:01:35 - [MESSAGE][PASSED] - Text 'Sales Lead Data Import' is present on page 

2020-04-27 12:01:35 - [TEST_STEP][PASSED] - "----------------------------------------------": null

2020-04-27 12:01:35 - [TEST_STEP][PASSED] - verifyTextPresent("Step 1: Upload CSV file", false): Text 'Step 1: Upload CSV file' is present on page 

2020-04-27 12:01:35 - [MESSAGE][PASSED] - Text 'Step 1: Upload CSV file' is present on page 

2020-04-27 12:01:35 - [TEST_STEP][PASSED] - "----------------------------------------------": null

2020-04-27 12:01:35 - [TEST_STEP][PASSED] - "----------------------------------------------": null

2020-04-27 12:01:35 - [TEST_STEP][PASSED] - verifyTextPresent("Use this tool to import Sales Lead data into the database from a CSV file", false): Text 'Use this tool to import Sales Lead data into the database from a CSV file' is present on page 

2020-04-27 12:01:35 - [MESSAGE][PASSED] - Text 'Use this tool to import Sales Lead data into the database from a CSV file' is present on page 

2020-04-27 12:01:35 - [TEST_STEP][PASSED] - verifyTextPresent("The Sales Leads data contains companies, contact personson and a Directory Heading", false): Text 'The Sales Leads data contains companies, contact personson and a Directory Heading' is present on page 

2020-04-27 12:01:36 - [MESSAGE][PASSED] - Text 'The Sales Leads data contains companies, contact personson and a Directory Heading' is present on page 

2020-04-27 12:01:36 - [TEST_STEP][PASSED] - verifyTextPresent("The import process ensures that there are no duplicate companies", false): Text 'The import process ensures that there are no duplicate companies' is present on page 

2020-04-27 12:01:36 - [MESSAGE][PASSED] - Text 'The import process ensures that there are no duplicate companies' is present on page 

2020-04-27 12:01:36 - [TEST_STEP][PASSED] - verifyTextPresent("The first row in the CSV file must contain the column names", false): Text 'The first row in the CSV file must contain the column names' is present on page 

2020-04-27 12:01:36 - [MESSAGE][PASSED] - Text 'The first row in the CSV file must contain the column names' is present on page 

2020-04-27 12:01:36 - [TEST_STEP][PASSED] - verifyTextPresent("Choose a .csv file from your local machine", false): Text 'Choose a .csv file from your local machine' is present on page 

2020-04-27 12:01:36 - [MESSAGE][PASSED] - Text 'Choose a .csv file from your local machine' is present on page 

2020-04-27 12:01:36 - [TEST_STEP][PASSED] - "----------------------------------------------": null

2020-04-27 12:01:36 - [TEST_STEP][PASSED] - verifyTextPresent("Hit the Upload button when you are ready to upload the CSV file", false): Text 'Hit the Upload button when you are ready to upload the CSV file' is present on page 

2020-04-27 12:01:37 - [MESSAGE][PASSED] - Text 'Hit the Upload button when you are ready to upload the CSV file' is present on page 

2020-04-27 12:01:37 - [MESSAGE][PASSED] - Call Test Case 'Test Cases/Reusable_Test_Sequences/Web_Office/Verification/Tools/Data_Import' successfully

2020-04-27 12:01:37 - [TEST_STEP][PASSED] - "--------------------------": null

2020-04-27 12:01:37 - [TEST_STEP][PASSED] - " Teardown - CLose Browser |": null

2020-04-27 12:01:37 - [TEST_STEP][PASSED] - callTestCase(findTestCase("Reusable_Test_Sequences/CAT_Teardown"), [:], OPTIONAL): Call Test Case 'Test Cases/Reusable_Test_Sequences/CAT_Teardown' successfully

2020-04-27 12:01:37 - [TEST_CASE][PASSED] - Test Cases/Reusable_Test_Sequences/CAT_Teardown: Test Cases/Reusable_Test_Sequences/CAT_Teardown

2020-04-27 12:01:37 - [TEST_STEP][PASSED] - closeBrowser(): Browser is closed

2020-04-27 12:01:38 - [MESSAGE][PASSED] - Browser is closed

2020-04-27 12:01:38 - [TEST_STEP][PASSED] - super.finalize(): null

2020-04-27 12:01:38 - [TEST_STEP][PASSED] - System.gc(): null

2020-04-27 12:01:38 - [MESSAGE][PASSED] - Call Test Case 'Test Cases/Reusable_Test_Sequences/CAT_Teardown' successfully]]></system-out>
         <system-err><![CDATA[]]></system-err>
      </testcase>
      <system-out><![CDATA[2020-04-27 11:50:02 - [TEST_SUITE][PASSED] - Web_Office_Top_Level: Test Cases/Web_Office/Tools/Data_Import]]></system-out>
      <system-err><![CDATA[]]></system-err>
   </testsuite>
</testsuites>
