<?xml version="1.0" encoding="UTF-8"?>
<testsuites name="Trade_Name_Multiple_Search" time="221.219" tests="1" failures="0" errors="0">
   <testsuite name="Trade_Name_Multiple_Search" tests="1" failures="0" errors="0" time="221.219" timestamp="2020-02-11 13:55:12" hostname="DavidHo - VETTEDSP36RF.check.local" id="Test Suites/Trade_Name_Multiple_Search">
      <properties>
         <property name="deviceName" value=""/>
         <property name="devicePlatform" value=""/>
         <property name="logFolder" value="C:\\Users\\davidho\\git\\src\\Reports\\20200211_134400\\Trade_Name_Multiple_Search\\20200211_134406"/>
         <property name="logFiles" value="C:\\Users\\davidho\\git\\src\\Reports\\20200211_134400\\Trade_Name_Multiple_Search\\20200211_134406\\execution0.log"/>
         <property name="attachments" value=""/>
         <property name="hostName" value="DavidHo - VETTEDSP36RF.check.local"/>
         <property name="os" value="Windows 10 32bit"/>
         <property name="katalonVersion" value="7.2.1.1"/>
         <property name="browser" value="Firefox 72.0"/>
         <property name="hostAddress" value="10.0.9.154"/>
         <property name="sessionId" value="7ae17499-c636-47e2-b8a0-ab29f5ac7197"/>
         <property name="seleniumVersion" value="3.141.59"/>
         <property name="proxyInformation" value="ProxyInformation{proxyOption=NO_PROXY, proxyServerType=HTTP, password=, proxyServerAddress=, proxyServerPort=0, executionList=}"/>
         <property name="platform" value="Windows 10"/>
      </properties>
      <testcase name="Test Cases/Checkatrade_Tradesman_Searches/Trade_Name_Search_Multiple" time="220.525" classname="Test Cases/Checkatrade_Tradesman_Searches/Trade_Name_Search_Multiple" status="PASSED">
         <system-out><![CDATA[2020-02-11 13:55:13 - [TEST_CASE][PASSED] - Test Cases/Checkatrade_Tradesman_Searches/Trade_Name_Search_Multiple: Test Cases/Checkatrade_Tradesman_Searches/Trade_Name_Search_Multiple

2020-02-11 13:55:14 - [TEST_STEP][PASSED] - for ([row = 1, row <= findTestData("Search_CAT_ID_Data (1)").getRowNumbers(), (internal.GlobalVariable.row++)]): Call Test Case 'Test Cases/Reusable_Test_Sequences/CAT_Teardown' successfully

2020-02-11 13:55:16 - [TEST_STEP][PASSED] - callTestCase(findTestCase("Reusable_Test_Sequences/CAT_Setup"), [:], STOP_ON_FAILURE): Call Test Case 'Test Cases/Reusable_Test_Sequences/CAT_Setup' successfully

2020-02-11 13:55:16 - [TEST_CASE][PASSED] - Test Cases/Reusable_Test_Sequences/CAT_Setup: Test Cases/Reusable_Test_Sequences/CAT_Setup

2020-02-11 13:55:17 - [TEST_STEP][PASSED] - "------------------------------": null

2020-02-11 13:55:17 - [TEST_STEP][PASSED] - " Set Mobile Device Testing    |": null

2020-02-11 13:55:17 - [TEST_STEP][PASSED] - if (Mobile_Flag == "true"): null

2020-02-11 13:55:17 - [TEST_STEP][PASSED] - "------------------------------": null

2020-02-11 13:55:17 - [TEST_STEP][PASSED] - " Set Mobile Device Testing    |": null

2020-02-11 13:55:17 - [TEST_STEP][PASSED] - "------------------------------": null

2020-02-11 13:55:17 - [TEST_STEP][PASSED] - "URL - Set from the ENVIRONMENT PROFILE ": null

2020-02-11 13:55:17 - [TEST_STEP][PASSED] - openBrowser(URL): Browser is opened with url: 'https://www.preview.checkatrade.com/'

2020-02-11 13:55:17 - [MESSAGE][INFO] - Starting 'Firefox' driver

2020-02-11 13:55:18 - [MESSAGE][INFO] - Action delay is set to 0 seconds

2020-02-11 13:55:28 - [MESSAGE][PASSED] - Browser is opened with url: 'https://www.preview.checkatrade.com/'

2020-02-11 13:55:28 - [TEST_STEP][PASSED] - maximizeWindow(): Current window maximized

2020-02-11 13:55:28 - [MESSAGE][PASSED] - Current window maximized

2020-02-11 13:55:28 - [TEST_STEP][PASSED] - waitForPageLoad(60): Wait for page load successfully

2020-02-11 13:55:28 - [MESSAGE][PASSED] - Wait for page load successfully

2020-02-11 13:55:28 - [TEST_STEP][PASSED] - "Previous Functionalilty Left Commented For Ease Of reversion": null

2020-02-11 13:55:28 - [TEST_STEP][PASSED] - try: Text 'Cookie Policy' is not present on page

2020-02-11 13:55:28 - [TEST_STEP][PASSED] - verifyElementPresent(findTestObject("Object Repository/Cookies/Page_Checkatrade Find a tradesperson you can trust/button_Accept All"), 5): Object 'Object Repository/Cookies/Page_Checkatrade Find a tradesperson you can trust/button_Accept All' is present

2020-02-11 13:55:29 - [MESSAGE][PASSED] - Object 'Object Repository/Cookies/Page_Checkatrade Find a tradesperson you can trust/button_Accept All' is present

2020-02-11 13:55:29 - [TEST_STEP][PASSED] - click(findTestObject("Object Repository/Cookies/Page_Checkatrade Find a tradesperson you can trust/button_Accept All")): Object: 'Object Repository/Cookies/Page_Checkatrade Find a tradesperson you can trust/button_Accept All' is clicked on

2020-02-11 13:55:29 - [MESSAGE][PASSED] - Object: 'Object Repository/Cookies/Page_Checkatrade Find a tradesperson you can trust/button_Accept All' is clicked on

2020-02-11 13:55:29 - [TEST_STEP][PASSED] - "---------------------------------": null

2020-02-11 13:55:29 - [TEST_STEP][PASSED] - "COOKIE POPOUT REMOVED - Confirmed": null

2020-02-11 13:55:29 - [TEST_STEP][PASSED] - delay(1): Delayed 1 second(s)

2020-02-11 13:55:30 - [MESSAGE][PASSED] - Delayed 1 second(s)

2020-02-11 13:55:30 - [TEST_STEP][PASSED] - verifyTextNotPresent("We use cookies to personalise content and ads, to provide social media features and to analyse our traffic", false): Text 'We use cookies to personalise content and ads, to provide social media features and to analyse our traffic' is not present on page

2020-02-11 13:55:31 - [MESSAGE][PASSED] - Text 'We use cookies to personalise content and ads, to provide social media features and to analyse our traffic' is not present on page

2020-02-11 13:55:31 - [TEST_STEP][PASSED] - verifyTextNotPresent(" We also share information about your use of our site with our social media, advertising and analytics partners", false): Text ' We also share information about your use of our site with our social media, advertising and analytics partners' is not present on page

2020-02-11 13:55:32 - [MESSAGE][PASSED] - Text ' We also share information about your use of our site with our social media, advertising and analytics partners' is not present on page

2020-02-11 13:55:32 - [TEST_STEP][PASSED] - verifyTextNotPresent("Cookie Policy", false): Text 'Cookie Policy' is not present on page

2020-02-11 13:55:32 - [MESSAGE][PASSED] - Text 'Cookie Policy' is not present on page

2020-02-11 13:55:32 - [TEST_STEP][PASSED] - waitForPageLoad(60): Wait for page load successfully

2020-02-11 13:55:32 - [MESSAGE][PASSED] - Wait for page load successfully

2020-02-11 13:55:32 - [TEST_STEP][PASSED] - "COOKIE - ORIGINAL": null

2020-02-11 13:55:32 - [TEST_STEP][PASSED] - if (waitForElementVisible(findTestObject("Object Repository/Feedback/Page_Checkatrade Give your feedback/input_Member_to_Review"), 5)): Web element with id: 'Object Repository/Feedback/Page_Checkatrade Give your feedback/input_Member_to_Review' located by 'By.xpath: //input[@id='feedback-form__company_autocomplete_input']' not found

2020-02-11 13:55:37 - [MESSAGE][INFO] - Unable to find the element located by 'By.xpath: //input[@id='feedback-form__company_autocomplete_input']'. Please recheck the objects properties to make sure the desired element is located. 

2020-02-11 13:55:37 - [MESSAGE][WARNING] - Web element with id: 'Object Repository/Feedback/Page_Checkatrade Give your feedback/input_Member_to_Review' located by 'By.xpath: //input[@id='feedback-form__company_autocomplete_input']' not found

2020-02-11 13:55:37 - [TEST_STEP][PASSED] - else: The <<<OLD>>> Website was detected by the STARTUP Process

2020-02-11 13:55:37 - [TEST_STEP][PASSED] - if (!(verifyElementVisible(findTestObject("Object Repository/Checkatrade_Trade_Search_Page/Page_Checkatrade Find a tradesperson you can trust/input_Search_Button_FF")))): Object 'Object Repository/Checkatrade_Trade_Search_Page/Page_Checkatrade Find a tradesperson you can trust/input_Search_Button_FF' is visible

2020-02-11 13:55:37 - [MESSAGE][PASSED] - Object 'Object Repository/Checkatrade_Trade_Search_Page/Page_Checkatrade Find a tradesperson you can trust/input_Search_Button_FF' is visible

2020-02-11 13:55:37 - [TEST_STEP][PASSED] - else: The <<<OLD>>> Website was detected by the STARTUP Process

2020-02-11 13:55:37 - [TEST_STEP][PASSED] - Website_Version = "old": null

2020-02-11 13:55:37 - [TEST_STEP][PASSED] - logInfo("The <<<OLD>>> Website was detected by the STARTUP Process"): The <<<OLD>>> Website was detected by the STARTUP Process

2020-02-11 13:55:37 - [MESSAGE][INFO] - The <<<OLD>>> Website was detected by the STARTUP Process

2020-02-11 13:55:37 - [MESSAGE][PASSED] - Call Test Case 'Test Cases/Reusable_Test_Sequences/CAT_Setup' successfully

2020-02-11 13:55:37 - [TEST_STEP][PASSED] - callTestCase(findTestCase("Reusable_Test_Sequences/CAT_Home"), [:], CONTINUE_ON_FAILURE): Call Test Case 'Test Cases/Reusable_Test_Sequences/CAT_Home' successfully

2020-02-11 13:55:37 - [TEST_CASE][PASSED] - Test Cases/Reusable_Test_Sequences/CAT_Home: Test Cases/Reusable_Test_Sequences/CAT_Home

2020-02-11 13:55:38 - [TEST_STEP][PASSED] - waitForPageLoad(60): Wait for page load successfully

2020-02-11 13:55:38 - [MESSAGE][PASSED] - Wait for page load successfully

2020-02-11 13:55:38 - [TEST_STEP][PASSED] - delay(2): Delayed 2 second(s)

2020-02-11 13:55:40 - [MESSAGE][PASSED] - Delayed 2 second(s)

2020-02-11 13:55:40 - [TEST_STEP][PASSED] - "------------------------------------": null

2020-02-11 13:55:40 - [TEST_STEP][PASSED] - if (Website_Version == "new"): null

2020-02-11 13:55:40 - [TEST_STEP][PASSED] - else: Text 'Over a million visits to Checkatrade each month' is present on page 

2020-02-11 13:55:40 - [TEST_STEP][PASSED] - verifyTextPresent("Helping you find the right trade or service", false): Text 'Helping you find the right trade or service' is present on page 

2020-02-11 13:55:41 - [MESSAGE][PASSED] - Text 'Helping you find the right trade or service' is present on page 

2020-02-11 13:55:41 - [TEST_STEP][PASSED] - verifyTextPresent("Search through over", false): Text 'Search through over' is present on page 

2020-02-11 13:55:41 - [MESSAGE][PASSED] - Text 'Search through over' is present on page 

2020-02-11 13:55:41 - [TEST_STEP][PASSED] - verifyTextPresent("recommended, vetted and monitored trades and service providers for free.", false): Text 'recommended, vetted and monitored trades and service providers for free.' is present on page 

2020-02-11 13:55:42 - [MESSAGE][PASSED] - Text 'recommended, vetted and monitored trades and service providers for free.' is present on page 

2020-02-11 13:55:42 - [TEST_STEP][PASSED] - verifyTextPresent("reviews published so far – thank you!", false): Text 'reviews published so far – thank you!' is present on page 

2020-02-11 13:55:43 - [MESSAGE][PASSED] - Text 'reviews published so far – thank you!' is present on page 

2020-02-11 13:55:43 - [TEST_STEP][PASSED] - verifyTextPresent("I need a trade or service", false): Text 'I need a trade or service' is present on page 

2020-02-11 13:55:43 - [MESSAGE][PASSED] - Text 'I need a trade or service' is present on page 

2020-02-11 13:55:43 - [TEST_STEP][PASSED] - verifyTextPresent("Every trader thoroughly checked and vetted", false): Text 'Every trader thoroughly checked and vetted' is present on page 

2020-02-11 13:55:44 - [MESSAGE][PASSED] - Text 'Every trader thoroughly checked and vetted' is present on page 

2020-02-11 13:55:44 - [TEST_STEP][PASSED] - "------------------------------------": null

2020-02-11 13:55:44 - [TEST_STEP][PASSED] - verifyTextPresent("reviews published so far – thank you!", false): Text 'reviews published so far – thank you!' is present on page 

2020-02-11 13:55:44 - [MESSAGE][PASSED] - Text 'reviews published so far – thank you!' is present on page 

2020-02-11 13:55:44 - [TEST_STEP][PASSED] - verifyTextPresent("Find out more", false): Text 'Find out more' is present on page 

2020-02-11 13:55:45 - [MESSAGE][PASSED] - Text 'Find out more' is present on page 

2020-02-11 13:55:45 - [TEST_STEP][PASSED] - verifyTextPresent("I am a tradesman", false): Text 'I am a tradesman' is present on page 

2020-02-11 13:55:46 - [MESSAGE][PASSED] - Text 'I am a tradesman' is present on page 

2020-02-11 13:55:46 - [TEST_STEP][PASSED] - verifyTextPresent("Find out more", false): Text 'Find out more' is present on page 

2020-02-11 13:55:47 - [MESSAGE][PASSED] - Text 'Find out more' is present on page 

2020-02-11 13:55:47 - [TEST_STEP][PASSED] - verifyTextPresent("Over a million visits to Checkatrade each month", false): Text 'Over a million visits to Checkatrade each month' is present on page 

2020-02-11 13:55:47 - [MESSAGE][PASSED] - Text 'Over a million visits to Checkatrade each month' is present on page 

2020-02-11 13:55:47 - [MESSAGE][PASSED] - Call Test Case 'Test Cases/Reusable_Test_Sequences/CAT_Home' successfully

2020-02-11 13:55:47 - [TEST_STEP][PASSED] - "---------------------------------------------------------------------": null

2020-02-11 13:55:47 - [TEST_STEP][PASSED] - " Select Search on Trader Name (or ID) From Home page/Search Screen   |": null

2020-02-11 13:55:47 - [TEST_STEP][PASSED] - callTestCase(findTestCase("Reusable_Test_Sequences/CAT_Click_Search_Trade_Name"), [:], CONTINUE_ON_FAILURE): Call Test Case 'Test Cases/Reusable_Test_Sequences/CAT_Click_Search_Trade_Name' successfully

2020-02-11 13:55:47 - [TEST_CASE][PASSED] - Test Cases/Reusable_Test_Sequences/CAT_Click_Search_Trade_Name: Test Cases/Reusable_Test_Sequences/CAT_Click_Search_Trade_Name

2020-02-11 13:55:48 - [TEST_STEP][PASSED] - waitForPageLoad(60): Wait for page load successfully

2020-02-11 13:55:48 - [MESSAGE][PASSED] - Wait for page load successfully

2020-02-11 13:55:48 - [TEST_STEP][PASSED] - if (Website_Version == "new"): null

2020-02-11 13:55:48 - [TEST_STEP][PASSED] - else: Object: 'Object Repository/Page_Checkatrade Find a tradesperson you can trust/a_or look up a member by name' is clicked on

2020-02-11 13:55:48 - [TEST_STEP][PASSED] - click(findTestObject("Page_Checkatrade Find a tradesperson you can trust/a_or look up a member by name")): Object: 'Object Repository/Page_Checkatrade Find a tradesperson you can trust/a_or look up a member by name' is clicked on

2020-02-11 13:55:48 - [MESSAGE][PASSED] - Object: 'Object Repository/Page_Checkatrade Find a tradesperson you can trust/a_or look up a member by name' is clicked on

2020-02-11 13:55:48 - [TEST_STEP][PASSED] - waitForPageLoad(60): Wait for page load successfully

2020-02-11 13:55:48 - [MESSAGE][PASSED] - Wait for page load successfully

2020-02-11 13:55:48 - [MESSAGE][PASSED] - Call Test Case 'Test Cases/Reusable_Test_Sequences/CAT_Click_Search_Trade_Name' successfully

2020-02-11 13:55:48 - [TEST_STEP][PASSED] - "---------------------------------------": null

2020-02-11 13:55:48 - [TEST_STEP][PASSED] - " Enter Trader Name (or ID) to Search   |": null

2020-02-11 13:55:48 - [TEST_STEP][PASSED] - callTestCase(findTestCase("Reusable_Test_Sequences/CAT_Enter_Trade_Name"), [:], CONTINUE_ON_FAILURE): Call Test Case 'Test Cases/Reusable_Test_Sequences/CAT_Enter_Trade_Name' successfully

2020-02-11 13:55:48 - [TEST_CASE][PASSED] - Test Cases/Reusable_Test_Sequences/CAT_Enter_Trade_Name: Test Cases/Reusable_Test_Sequences/CAT_Enter_Trade_Name

2020-02-11 13:55:49 - [TEST_STEP][PASSED] - if (Website_Version == "new"): null

2020-02-11 13:55:49 - [TEST_STEP][PASSED] - else: Text '218020' is set on object 'Object Repository/Page_Checkatrade Find a tradesperson you can trust/Trader_Name_To_Search'

2020-02-11 13:55:49 - [TEST_STEP][PASSED] - setText(findTestObject("Page_Checkatrade Find a tradesperson you can trust/Trader_Name_To_Search"), findTestData("Search_CAT_ID_Data (1)").getValue("tradeName", row)): Text '218020' is set on object 'Object Repository/Page_Checkatrade Find a tradesperson you can trust/Trader_Name_To_Search'

2020-02-11 13:55:49 - [MESSAGE][PASSED] - Text '218020' is set on object 'Object Repository/Page_Checkatrade Find a tradesperson you can trust/Trader_Name_To_Search'

2020-02-11 13:55:49 - [MESSAGE][PASSED] - Call Test Case 'Test Cases/Reusable_Test_Sequences/CAT_Enter_Trade_Name' successfully

2020-02-11 13:55:49 - [TEST_STEP][PASSED] - "---------------------------------------": null

2020-02-11 13:55:49 - [TEST_STEP][PASSED] - " Search Trader Name (or ID)            |": null

2020-02-11 13:55:49 - [TEST_STEP][PASSED] - callTestCase(findTestCase("Reusable_Test_Sequences/CAT_Search_Trade_Name"), [:], CONTINUE_ON_FAILURE): Call Test Case 'Test Cases/Reusable_Test_Sequences/CAT_Search_Trade_Name' successfully

2020-02-11 13:55:49 - [TEST_CASE][PASSED] - Test Cases/Reusable_Test_Sequences/CAT_Search_Trade_Name: Test Cases/Reusable_Test_Sequences/CAT_Search_Trade_Name

2020-02-11 13:55:49 - [TEST_STEP][PASSED] - "Hit Search Trade Person by Name (or CAT ID) after parameters are entered": null

2020-02-11 13:55:49 - [TEST_STEP][PASSED] - waitForPageLoad(60): Wait for page load successfully

2020-02-11 13:55:49 - [MESSAGE][PASSED] - Wait for page load successfully

2020-02-11 13:55:49 - [TEST_STEP][PASSED] - delay(2): Delayed 2 second(s)

2020-02-11 13:55:51 - [MESSAGE][PASSED] - Delayed 2 second(s)

2020-02-11 13:55:51 - [TEST_STEP][PASSED] - if (Website_Version == "new"): null

2020-02-11 13:55:51 - [TEST_STEP][PASSED] - else: Object: 'Object Repository/Page_Checkatrade Find a tradesperson you can trust/span_Trade_Name' is clicked on

2020-02-11 13:55:51 - [TEST_STEP][PASSED] - waitForElementClickable(findTestObject("Page_Checkatrade Find a tradesperson you can trust/span_Trade_Name"), 60): Object 'Object Repository/Page_Checkatrade Find a tradesperson you can trust/span_Trade_Name' is clickable

2020-02-11 13:55:51 - [MESSAGE][PASSED] - Object 'Object Repository/Page_Checkatrade Find a tradesperson you can trust/span_Trade_Name' is clickable

2020-02-11 13:55:51 - [TEST_STEP][PASSED] - click(findTestObject("Page_Checkatrade Find a tradesperson you can trust/span_Trade_Name")): Object: 'Object Repository/Page_Checkatrade Find a tradesperson you can trust/span_Trade_Name' is clicked on

2020-02-11 13:55:54 - [MESSAGE][PASSED] - Object: 'Object Repository/Page_Checkatrade Find a tradesperson you can trust/span_Trade_Name' is clicked on

2020-02-11 13:55:54 - [TEST_STEP][PASSED] - delay(2): Delayed 2 second(s)

2020-02-11 13:55:56 - [MESSAGE][PASSED] - Delayed 2 second(s)

2020-02-11 13:55:56 - [TEST_STEP][PASSED] - waitForPageLoad(60): Wait for page load successfully

2020-02-11 13:55:56 - [MESSAGE][PASSED] - Wait for page load successfully

2020-02-11 13:55:56 - [MESSAGE][PASSED] - Call Test Case 'Test Cases/Reusable_Test_Sequences/CAT_Search_Trade_Name' successfully

2020-02-11 13:55:56 - [TEST_STEP][PASSED] - "------------------------------------------": null

2020-02-11 13:55:56 - [TEST_STEP][PASSED] - " Scroll to Page Footer to Reveal Results  |": null

2020-02-11 13:55:56 - [TEST_STEP][PASSED] - callTestCase(findTestCase("Reusable_Test_Sequences/CAT_Scroll_to_Footer"), [:], CONTINUE_ON_FAILURE): Call Test Case 'Test Cases/Reusable_Test_Sequences/CAT_Scroll_to_Footer' successfully

2020-02-11 13:55:56 - [TEST_CASE][PASSED] - Test Cases/Reusable_Test_Sequences/CAT_Scroll_to_Footer: Test Cases/Reusable_Test_Sequences/CAT_Scroll_to_Footer

2020-02-11 13:55:56 - [TEST_STEP][PASSED] - "-----------------------------------------------------": null

2020-02-11 13:55:56 - [TEST_STEP][PASSED] - " Major changes factored into function 05/12/2019     |": null

2020-02-11 13:55:56 - [TEST_STEP][PASSED] - "-----------------------------------------------------": null

2020-02-11 13:55:56 - [TEST_STEP][PASSED] - "Animation Removed ": null

2020-02-11 13:55:56 - [TEST_STEP][PASSED] - "Scroll - To Footer on the bottom of the page (sometime off the screen) ": null

2020-02-11 13:55:56 - [TEST_STEP][PASSED] - waitForPageLoad(60): Wait for page load successfully

2020-02-11 13:55:57 - [MESSAGE][PASSED] - Wait for page load successfully

2020-02-11 13:55:57 - [TEST_STEP][PASSED] - scrollToPosition(999, 999): Browser is scrolled to position x = 999, y = 999

2020-02-11 13:55:57 - [MESSAGE][PASSED] - Browser is scrolled to position x = 999, y = 999

2020-02-11 13:55:57 - [TEST_STEP][PASSED] - delay(1): Delayed 1 second(s)

2020-02-11 13:55:58 - [MESSAGE][PASSED] - Delayed 1 second(s)

2020-02-11 13:55:58 - [MESSAGE][PASSED] - Call Test Case 'Test Cases/Reusable_Test_Sequences/CAT_Scroll_to_Footer' successfully

2020-02-11 13:55:58 - [TEST_STEP][PASSED] - "------------------------------------------": null

2020-02-11 13:55:58 - [TEST_STEP][PASSED] - " Verify Correct Location is Returned     |": null

2020-02-11 13:55:58 - [TEST_STEP][PASSED] - callTestCase(findTestCase("Reusable_Test_Sequences/CAT_Verification_Location"), [:], CONTINUE_ON_FAILURE): Call Test Case 'Test Cases/Reusable_Test_Sequences/CAT_Verification_Location' successfully

2020-02-11 13:55:58 - [TEST_CASE][PASSED] - Test Cases/Reusable_Test_Sequences/CAT_Verification_Location: Test Cases/Reusable_Test_Sequences/CAT_Verification_Location

2020-02-11 13:55:58 - [TEST_STEP][PASSED] - waitForPageLoad(60): Wait for page load successfully

2020-02-11 13:55:58 - [MESSAGE][PASSED] - Wait for page load successfully

2020-02-11 13:55:58 - [TEST_STEP][PASSED] - verifyTextPresent(findTestData("Search_CAT_ID_Data (1)").getValue("tradeNameLocationVerification", row), false): Text 'Gosport, Hampshire' is present on page 

2020-02-11 13:55:59 - [MESSAGE][PASSED] - Text 'Gosport, Hampshire' is present on page 

2020-02-11 13:55:59 - [MESSAGE][PASSED] - Call Test Case 'Test Cases/Reusable_Test_Sequences/CAT_Verification_Location' successfully

2020-02-11 13:55:59 - [TEST_STEP][PASSED] - "------------------------------------------": null

2020-02-11 13:55:59 - [TEST_STEP][PASSED] - " Verify Primary Contact is Returned     |": null

2020-02-11 13:55:59 - [TEST_STEP][PASSED] - callTestCase(findTestCase("Reusable_Test_Sequences/CAT_Verification_Primary_Contact"), [:], CONTINUE_ON_FAILURE): Call Test Case 'Test Cases/Reusable_Test_Sequences/CAT_Verification_Primary_Contact' successfully

2020-02-11 13:55:59 - [TEST_CASE][PASSED] - Test Cases/Reusable_Test_Sequences/CAT_Verification_Primary_Contact: Test Cases/Reusable_Test_Sequences/CAT_Verification_Primary_Contact

2020-02-11 13:55:59 - [TEST_STEP][PASSED] - verifyTextPresent(findTestData("Search_CAT_ID_Data (1)").getValue("primeContact", row), false): Text 'Jim Foster' is present on page 

2020-02-11 13:56:00 - [MESSAGE][PASSED] - Text 'Jim Foster' is present on page 

2020-02-11 13:56:00 - [MESSAGE][PASSED] - Call Test Case 'Test Cases/Reusable_Test_Sequences/CAT_Verification_Primary_Contact' successfully

2020-02-11 13:56:00 - [TEST_STEP][PASSED] - "--------------------------": null

2020-02-11 13:56:00 - [TEST_STEP][PASSED] - " Teardown - CLose Browser |": null

2020-02-11 13:56:00 - [TEST_STEP][PASSED] - callTestCase(findTestCase("Reusable_Test_Sequences/CAT_Teardown"), [:], OPTIONAL): Call Test Case 'Test Cases/Reusable_Test_Sequences/CAT_Teardown' successfully

2020-02-11 13:56:00 - [TEST_CASE][PASSED] - Test Cases/Reusable_Test_Sequences/CAT_Teardown: Test Cases/Reusable_Test_Sequences/CAT_Teardown

2020-02-11 13:56:01 - [TEST_STEP][PASSED] - closeBrowser(): Browser is closed

2020-02-11 13:56:03 - [MESSAGE][PASSED] - Browser is closed

2020-02-11 13:56:03 - [MESSAGE][PASSED] - Call Test Case 'Test Cases/Reusable_Test_Sequences/CAT_Teardown' successfully

2020-02-11 13:56:03 - [TEST_STEP][PASSED] - callTestCase(findTestCase("Reusable_Test_Sequences/CAT_Setup"), [:], STOP_ON_FAILURE): Call Test Case 'Test Cases/Reusable_Test_Sequences/CAT_Setup' successfully

2020-02-11 13:56:03 - [TEST_CASE][PASSED] - Test Cases/Reusable_Test_Sequences/CAT_Setup: Test Cases/Reusable_Test_Sequences/CAT_Setup

2020-02-11 13:56:03 - [TEST_STEP][PASSED] - "------------------------------": null

2020-02-11 13:56:03 - [TEST_STEP][PASSED] - " Set Mobile Device Testing    |": null

2020-02-11 13:56:03 - [TEST_STEP][PASSED] - if (Mobile_Flag == "true"): null

2020-02-11 13:56:03 - [TEST_STEP][PASSED] - "------------------------------": null

2020-02-11 13:56:03 - [TEST_STEP][PASSED] - " Set Mobile Device Testing    |": null

2020-02-11 13:56:03 - [TEST_STEP][PASSED] - "------------------------------": null

2020-02-11 13:56:03 - [TEST_STEP][PASSED] - "URL - Set from the ENVIRONMENT PROFILE ": null

2020-02-11 13:56:03 - [TEST_STEP][PASSED] - openBrowser(URL): Browser is opened with url: 'https://www.preview.checkatrade.com/'

2020-02-11 13:56:03 - [MESSAGE][INFO] - Starting 'Firefox' driver

2020-02-11 13:56:13 - [MESSAGE][PASSED] - Browser is opened with url: 'https://www.preview.checkatrade.com/'

2020-02-11 13:56:13 - [TEST_STEP][PASSED] - maximizeWindow(): Current window maximized

2020-02-11 13:56:13 - [MESSAGE][PASSED] - Current window maximized

2020-02-11 13:56:13 - [TEST_STEP][PASSED] - waitForPageLoad(60): Wait for page load successfully

2020-02-11 13:56:13 - [MESSAGE][PASSED] - Wait for page load successfully

2020-02-11 13:56:13 - [TEST_STEP][PASSED] - "Previous Functionalilty Left Commented For Ease Of reversion": null

2020-02-11 13:56:13 - [TEST_STEP][PASSED] - try: Text 'Cookie Policy' is not present on page

2020-02-11 13:56:13 - [TEST_STEP][PASSED] - verifyElementPresent(findTestObject("Object Repository/Cookies/Page_Checkatrade Find a tradesperson you can trust/button_Accept All"), 5): Object 'Object Repository/Cookies/Page_Checkatrade Find a tradesperson you can trust/button_Accept All' is present

2020-02-11 13:56:14 - [MESSAGE][PASSED] - Object 'Object Repository/Cookies/Page_Checkatrade Find a tradesperson you can trust/button_Accept All' is present

2020-02-11 13:56:14 - [TEST_STEP][PASSED] - click(findTestObject("Object Repository/Cookies/Page_Checkatrade Find a tradesperson you can trust/button_Accept All")): Object: 'Object Repository/Cookies/Page_Checkatrade Find a tradesperson you can trust/button_Accept All' is clicked on

2020-02-11 13:56:14 - [MESSAGE][PASSED] - Object: 'Object Repository/Cookies/Page_Checkatrade Find a tradesperson you can trust/button_Accept All' is clicked on

2020-02-11 13:56:14 - [TEST_STEP][PASSED] - "---------------------------------": null

2020-02-11 13:56:14 - [TEST_STEP][PASSED] - "COOKIE POPOUT REMOVED - Confirmed": null

2020-02-11 13:56:14 - [TEST_STEP][PASSED] - delay(1): Delayed 1 second(s)

2020-02-11 13:56:15 - [MESSAGE][PASSED] - Delayed 1 second(s)

2020-02-11 13:56:15 - [TEST_STEP][PASSED] - verifyTextNotPresent("We use cookies to personalise content and ads, to provide social media features and to analyse our traffic", false): Text 'We use cookies to personalise content and ads, to provide social media features and to analyse our traffic' is not present on page

2020-02-11 13:56:16 - [MESSAGE][PASSED] - Text 'We use cookies to personalise content and ads, to provide social media features and to analyse our traffic' is not present on page

2020-02-11 13:56:16 - [TEST_STEP][PASSED] - verifyTextNotPresent(" We also share information about your use of our site with our social media, advertising and analytics partners", false): Text ' We also share information about your use of our site with our social media, advertising and analytics partners' is not present on page

2020-02-11 13:56:17 - [MESSAGE][PASSED] - Text ' We also share information about your use of our site with our social media, advertising and analytics partners' is not present on page

2020-02-11 13:56:17 - [TEST_STEP][PASSED] - verifyTextNotPresent("Cookie Policy", false): Text 'Cookie Policy' is not present on page

2020-02-11 13:56:18 - [MESSAGE][PASSED] - Text 'Cookie Policy' is not present on page

2020-02-11 13:56:18 - [TEST_STEP][PASSED] - waitForPageLoad(60): Wait for page load successfully

2020-02-11 13:56:18 - [MESSAGE][PASSED] - Wait for page load successfully

2020-02-11 13:56:18 - [TEST_STEP][PASSED] - "COOKIE - ORIGINAL": null

2020-02-11 13:56:18 - [TEST_STEP][PASSED] - if (waitForElementVisible(findTestObject("Object Repository/Feedback/Page_Checkatrade Give your feedback/input_Member_to_Review"), 5)): Web element with id: 'Object Repository/Feedback/Page_Checkatrade Give your feedback/input_Member_to_Review' located by 'By.xpath: //input[@id='feedback-form__company_autocomplete_input']' not found

2020-02-11 13:56:23 - [MESSAGE][INFO] - Unable to find the element located by 'By.xpath: //input[@id='feedback-form__company_autocomplete_input']'. Please recheck the objects properties to make sure the desired element is located. 

2020-02-11 13:56:23 - [MESSAGE][WARNING] - Web element with id: 'Object Repository/Feedback/Page_Checkatrade Give your feedback/input_Member_to_Review' located by 'By.xpath: //input[@id='feedback-form__company_autocomplete_input']' not found

2020-02-11 13:56:23 - [TEST_STEP][PASSED] - else: The <<<OLD>>> Website was detected by the STARTUP Process

2020-02-11 13:56:23 - [TEST_STEP][PASSED] - if (!(verifyElementVisible(findTestObject("Object Repository/Checkatrade_Trade_Search_Page/Page_Checkatrade Find a tradesperson you can trust/input_Search_Button_FF")))): Object 'Object Repository/Checkatrade_Trade_Search_Page/Page_Checkatrade Find a tradesperson you can trust/input_Search_Button_FF' is visible

2020-02-11 13:56:23 - [MESSAGE][PASSED] - Object 'Object Repository/Checkatrade_Trade_Search_Page/Page_Checkatrade Find a tradesperson you can trust/input_Search_Button_FF' is visible

2020-02-11 13:56:23 - [TEST_STEP][PASSED] - else: The <<<OLD>>> Website was detected by the STARTUP Process

2020-02-11 13:56:23 - [TEST_STEP][PASSED] - Website_Version = "old": null

2020-02-11 13:56:23 - [TEST_STEP][PASSED] - logInfo("The <<<OLD>>> Website was detected by the STARTUP Process"): The <<<OLD>>> Website was detected by the STARTUP Process

2020-02-11 13:56:23 - [MESSAGE][INFO] - The <<<OLD>>> Website was detected by the STARTUP Process

2020-02-11 13:56:23 - [MESSAGE][PASSED] - Call Test Case 'Test Cases/Reusable_Test_Sequences/CAT_Setup' successfully

2020-02-11 13:56:23 - [TEST_STEP][PASSED] - callTestCase(findTestCase("Reusable_Test_Sequences/CAT_Home"), [:], CONTINUE_ON_FAILURE): Call Test Case 'Test Cases/Reusable_Test_Sequences/CAT_Home' successfully

2020-02-11 13:56:23 - [TEST_CASE][PASSED] - Test Cases/Reusable_Test_Sequences/CAT_Home: Test Cases/Reusable_Test_Sequences/CAT_Home

2020-02-11 13:56:23 - [TEST_STEP][PASSED] - waitForPageLoad(60): Wait for page load successfully

2020-02-11 13:56:24 - [MESSAGE][PASSED] - Wait for page load successfully

2020-02-11 13:56:24 - [TEST_STEP][PASSED] - delay(2): Delayed 2 second(s)

2020-02-11 13:56:26 - [MESSAGE][PASSED] - Delayed 2 second(s)

2020-02-11 13:56:26 - [TEST_STEP][PASSED] - "------------------------------------": null

2020-02-11 13:56:26 - [TEST_STEP][PASSED] - if (Website_Version == "new"): null

2020-02-11 13:56:26 - [TEST_STEP][PASSED] - else: Text 'Over a million visits to Checkatrade each month' is present on page 

2020-02-11 13:56:26 - [TEST_STEP][PASSED] - verifyTextPresent("Helping you find the right trade or service", false): Text 'Helping you find the right trade or service' is present on page 

2020-02-11 13:56:26 - [MESSAGE][PASSED] - Text 'Helping you find the right trade or service' is present on page 

2020-02-11 13:56:26 - [TEST_STEP][PASSED] - verifyTextPresent("Search through over", false): Text 'Search through over' is present on page 

2020-02-11 13:56:26 - [MESSAGE][PASSED] - Text 'Search through over' is present on page 

2020-02-11 13:56:26 - [TEST_STEP][PASSED] - verifyTextPresent("recommended, vetted and monitored trades and service providers for free.", false): Text 'recommended, vetted and monitored trades and service providers for free.' is present on page 

2020-02-11 13:56:27 - [MESSAGE][PASSED] - Text 'recommended, vetted and monitored trades and service providers for free.' is present on page 

2020-02-11 13:56:27 - [TEST_STEP][PASSED] - verifyTextPresent("reviews published so far – thank you!", false): Text 'reviews published so far – thank you!' is present on page 

2020-02-11 13:56:27 - [MESSAGE][PASSED] - Text 'reviews published so far – thank you!' is present on page 

2020-02-11 13:56:27 - [TEST_STEP][PASSED] - verifyTextPresent("I need a trade or service", false): Text 'I need a trade or service' is present on page 

2020-02-11 13:56:27 - [MESSAGE][PASSED] - Text 'I need a trade or service' is present on page 

2020-02-11 13:56:27 - [TEST_STEP][PASSED] - verifyTextPresent("Every trader thoroughly checked and vetted", false): Text 'Every trader thoroughly checked and vetted' is present on page 

2020-02-11 13:56:28 - [MESSAGE][PASSED] - Text 'Every trader thoroughly checked and vetted' is present on page 

2020-02-11 13:56:28 - [TEST_STEP][PASSED] - "------------------------------------": null

2020-02-11 13:56:28 - [TEST_STEP][PASSED] - verifyTextPresent("reviews published so far – thank you!", false): Text 'reviews published so far – thank you!' is present on page 

2020-02-11 13:56:28 - [MESSAGE][PASSED] - Text 'reviews published so far – thank you!' is present on page 

2020-02-11 13:56:28 - [TEST_STEP][PASSED] - verifyTextPresent("Find out more", false): Text 'Find out more' is present on page 

2020-02-11 13:56:28 - [MESSAGE][PASSED] - Text 'Find out more' is present on page 

2020-02-11 13:56:28 - [TEST_STEP][PASSED] - verifyTextPresent("I am a tradesman", false): Text 'I am a tradesman' is present on page 

2020-02-11 13:56:29 - [MESSAGE][PASSED] - Text 'I am a tradesman' is present on page 

2020-02-11 13:56:29 - [TEST_STEP][PASSED] - verifyTextPresent("Find out more", false): Text 'Find out more' is present on page 

2020-02-11 13:56:29 - [MESSAGE][PASSED] - Text 'Find out more' is present on page 

2020-02-11 13:56:29 - [TEST_STEP][PASSED] - verifyTextPresent("Over a million visits to Checkatrade each month", false): Text 'Over a million visits to Checkatrade each month' is present on page 

2020-02-11 13:56:29 - [MESSAGE][PASSED] - Text 'Over a million visits to Checkatrade each month' is present on page 

2020-02-11 13:56:29 - [MESSAGE][PASSED] - Call Test Case 'Test Cases/Reusable_Test_Sequences/CAT_Home' successfully

2020-02-11 13:56:29 - [TEST_STEP][PASSED] - "---------------------------------------------------------------------": null

2020-02-11 13:56:29 - [TEST_STEP][PASSED] - " Select Search on Trader Name (or ID) From Home page/Search Screen   |": null

2020-02-11 13:56:29 - [TEST_STEP][PASSED] - callTestCase(findTestCase("Reusable_Test_Sequences/CAT_Click_Search_Trade_Name"), [:], CONTINUE_ON_FAILURE): Call Test Case 'Test Cases/Reusable_Test_Sequences/CAT_Click_Search_Trade_Name' successfully

2020-02-11 13:56:30 - [TEST_CASE][PASSED] - Test Cases/Reusable_Test_Sequences/CAT_Click_Search_Trade_Name: Test Cases/Reusable_Test_Sequences/CAT_Click_Search_Trade_Name

2020-02-11 13:56:30 - [TEST_STEP][PASSED] - waitForPageLoad(60): Wait for page load successfully

2020-02-11 13:56:30 - [MESSAGE][PASSED] - Wait for page load successfully

2020-02-11 13:56:30 - [TEST_STEP][PASSED] - if (Website_Version == "new"): null

2020-02-11 13:56:30 - [TEST_STEP][PASSED] - else: Object: 'Object Repository/Page_Checkatrade Find a tradesperson you can trust/a_or look up a member by name' is clicked on

2020-02-11 13:56:30 - [TEST_STEP][PASSED] - click(findTestObject("Page_Checkatrade Find a tradesperson you can trust/a_or look up a member by name")): Object: 'Object Repository/Page_Checkatrade Find a tradesperson you can trust/a_or look up a member by name' is clicked on

2020-02-11 13:56:30 - [MESSAGE][PASSED] - Object: 'Object Repository/Page_Checkatrade Find a tradesperson you can trust/a_or look up a member by name' is clicked on

2020-02-11 13:56:30 - [TEST_STEP][PASSED] - waitForPageLoad(60): Wait for page load successfully

2020-02-11 13:56:30 - [MESSAGE][PASSED] - Wait for page load successfully

2020-02-11 13:56:30 - [MESSAGE][PASSED] - Call Test Case 'Test Cases/Reusable_Test_Sequences/CAT_Click_Search_Trade_Name' successfully

2020-02-11 13:56:30 - [TEST_STEP][PASSED] - "---------------------------------------": null

2020-02-11 13:56:30 - [TEST_STEP][PASSED] - " Enter Trader Name (or ID) to Search   |": null

2020-02-11 13:56:30 - [TEST_STEP][PASSED] - callTestCase(findTestCase("Reusable_Test_Sequences/CAT_Enter_Trade_Name"), [:], CONTINUE_ON_FAILURE): Call Test Case 'Test Cases/Reusable_Test_Sequences/CAT_Enter_Trade_Name' successfully

2020-02-11 13:56:30 - [TEST_CASE][PASSED] - Test Cases/Reusable_Test_Sequences/CAT_Enter_Trade_Name: Test Cases/Reusable_Test_Sequences/CAT_Enter_Trade_Name

2020-02-11 13:56:30 - [TEST_STEP][PASSED] - if (Website_Version == "new"): null

2020-02-11 13:56:30 - [TEST_STEP][PASSED] - else: Text '402921' is set on object 'Object Repository/Page_Checkatrade Find a tradesperson you can trust/Trader_Name_To_Search'

2020-02-11 13:56:30 - [TEST_STEP][PASSED] - setText(findTestObject("Page_Checkatrade Find a tradesperson you can trust/Trader_Name_To_Search"), findTestData("Search_CAT_ID_Data (1)").getValue("tradeName", row)): Text '402921' is set on object 'Object Repository/Page_Checkatrade Find a tradesperson you can trust/Trader_Name_To_Search'

2020-02-11 13:56:30 - [MESSAGE][PASSED] - Text '402921' is set on object 'Object Repository/Page_Checkatrade Find a tradesperson you can trust/Trader_Name_To_Search'

2020-02-11 13:56:30 - [MESSAGE][PASSED] - Call Test Case 'Test Cases/Reusable_Test_Sequences/CAT_Enter_Trade_Name' successfully

2020-02-11 13:56:30 - [TEST_STEP][PASSED] - "---------------------------------------": null

2020-02-11 13:56:30 - [TEST_STEP][PASSED] - " Search Trader Name (or ID)            |": null

2020-02-11 13:56:30 - [TEST_STEP][PASSED] - callTestCase(findTestCase("Reusable_Test_Sequences/CAT_Search_Trade_Name"), [:], CONTINUE_ON_FAILURE): Call Test Case 'Test Cases/Reusable_Test_Sequences/CAT_Search_Trade_Name' successfully

2020-02-11 13:56:30 - [TEST_CASE][PASSED] - Test Cases/Reusable_Test_Sequences/CAT_Search_Trade_Name: Test Cases/Reusable_Test_Sequences/CAT_Search_Trade_Name

2020-02-11 13:56:30 - [TEST_STEP][PASSED] - "Hit Search Trade Person by Name (or CAT ID) after parameters are entered": null

2020-02-11 13:56:30 - [TEST_STEP][PASSED] - waitForPageLoad(60): Wait for page load successfully

2020-02-11 13:56:30 - [MESSAGE][PASSED] - Wait for page load successfully

2020-02-11 13:56:30 - [TEST_STEP][PASSED] - delay(2): Delayed 2 second(s)

2020-02-11 13:56:32 - [MESSAGE][PASSED] - Delayed 2 second(s)

2020-02-11 13:56:32 - [TEST_STEP][PASSED] - if (Website_Version == "new"): null

2020-02-11 13:56:32 - [TEST_STEP][PASSED] - else: Object: 'Object Repository/Page_Checkatrade Find a tradesperson you can trust/span_Trade_Name' is clicked on

2020-02-11 13:56:32 - [TEST_STEP][PASSED] - waitForElementClickable(findTestObject("Page_Checkatrade Find a tradesperson you can trust/span_Trade_Name"), 60): Object 'Object Repository/Page_Checkatrade Find a tradesperson you can trust/span_Trade_Name' is clickable

2020-02-11 13:56:33 - [MESSAGE][PASSED] - Object 'Object Repository/Page_Checkatrade Find a tradesperson you can trust/span_Trade_Name' is clickable

2020-02-11 13:56:33 - [TEST_STEP][PASSED] - click(findTestObject("Page_Checkatrade Find a tradesperson you can trust/span_Trade_Name")): Object: 'Object Repository/Page_Checkatrade Find a tradesperson you can trust/span_Trade_Name' is clicked on

2020-02-11 13:56:35 - [MESSAGE][PASSED] - Object: 'Object Repository/Page_Checkatrade Find a tradesperson you can trust/span_Trade_Name' is clicked on

2020-02-11 13:56:35 - [TEST_STEP][PASSED] - delay(2): Delayed 2 second(s)

2020-02-11 13:56:37 - [MESSAGE][PASSED] - Delayed 2 second(s)

2020-02-11 13:56:37 - [TEST_STEP][PASSED] - waitForPageLoad(60): Wait for page load successfully

2020-02-11 13:56:37 - [MESSAGE][PASSED] - Wait for page load successfully

2020-02-11 13:56:37 - [MESSAGE][PASSED] - Call Test Case 'Test Cases/Reusable_Test_Sequences/CAT_Search_Trade_Name' successfully

2020-02-11 13:56:37 - [TEST_STEP][PASSED] - "------------------------------------------": null

2020-02-11 13:56:37 - [TEST_STEP][PASSED] - " Scroll to Page Footer to Reveal Results  |": null

2020-02-11 13:56:37 - [TEST_STEP][PASSED] - callTestCase(findTestCase("Reusable_Test_Sequences/CAT_Scroll_to_Footer"), [:], CONTINUE_ON_FAILURE): Call Test Case 'Test Cases/Reusable_Test_Sequences/CAT_Scroll_to_Footer' successfully

2020-02-11 13:56:37 - [TEST_CASE][PASSED] - Test Cases/Reusable_Test_Sequences/CAT_Scroll_to_Footer: Test Cases/Reusable_Test_Sequences/CAT_Scroll_to_Footer

2020-02-11 13:56:37 - [TEST_STEP][PASSED] - "-----------------------------------------------------": null

2020-02-11 13:56:37 - [TEST_STEP][PASSED] - " Major changes factored into function 05/12/2019     |": null

2020-02-11 13:56:37 - [TEST_STEP][PASSED] - "-----------------------------------------------------": null

2020-02-11 13:56:37 - [TEST_STEP][PASSED] - "Animation Removed ": null

2020-02-11 13:56:37 - [TEST_STEP][PASSED] - "Scroll - To Footer on the bottom of the page (sometime off the screen) ": null

2020-02-11 13:56:37 - [TEST_STEP][PASSED] - waitForPageLoad(60): Wait for page load successfully

2020-02-11 13:56:37 - [MESSAGE][PASSED] - Wait for page load successfully

2020-02-11 13:56:37 - [TEST_STEP][PASSED] - scrollToPosition(999, 999): Browser is scrolled to position x = 999, y = 999

2020-02-11 13:56:37 - [MESSAGE][PASSED] - Browser is scrolled to position x = 999, y = 999

2020-02-11 13:56:37 - [TEST_STEP][PASSED] - delay(1): Delayed 1 second(s)

2020-02-11 13:56:38 - [MESSAGE][PASSED] - Delayed 1 second(s)

2020-02-11 13:56:38 - [MESSAGE][PASSED] - Call Test Case 'Test Cases/Reusable_Test_Sequences/CAT_Scroll_to_Footer' successfully

2020-02-11 13:56:38 - [TEST_STEP][PASSED] - "------------------------------------------": null

2020-02-11 13:56:38 - [TEST_STEP][PASSED] - " Verify Correct Location is Returned     |": null

2020-02-11 13:56:38 - [TEST_STEP][PASSED] - callTestCase(findTestCase("Reusable_Test_Sequences/CAT_Verification_Location"), [:], CONTINUE_ON_FAILURE): Call Test Case 'Test Cases/Reusable_Test_Sequences/CAT_Verification_Location' successfully

2020-02-11 13:56:38 - [TEST_CASE][PASSED] - Test Cases/Reusable_Test_Sequences/CAT_Verification_Location: Test Cases/Reusable_Test_Sequences/CAT_Verification_Location

2020-02-11 13:56:38 - [TEST_STEP][PASSED] - waitForPageLoad(60): Wait for page load successfully

2020-02-11 13:56:38 - [MESSAGE][PASSED] - Wait for page load successfully

2020-02-11 13:56:38 - [TEST_STEP][PASSED] - verifyTextPresent(findTestData("Search_CAT_ID_Data (1)").getValue("tradeNameLocationVerification", row), false): Text 'Retford, Nottinghamshire' is present on page 

2020-02-11 13:56:40 - [MESSAGE][PASSED] - Text 'Retford, Nottinghamshire' is present on page 

2020-02-11 13:56:40 - [MESSAGE][PASSED] - Call Test Case 'Test Cases/Reusable_Test_Sequences/CAT_Verification_Location' successfully

2020-02-11 13:56:40 - [TEST_STEP][PASSED] - "------------------------------------------": null

2020-02-11 13:56:40 - [TEST_STEP][PASSED] - " Verify Primary Contact is Returned     |": null

2020-02-11 13:56:40 - [TEST_STEP][PASSED] - callTestCase(findTestCase("Reusable_Test_Sequences/CAT_Verification_Primary_Contact"), [:], CONTINUE_ON_FAILURE): Call Test Case 'Test Cases/Reusable_Test_Sequences/CAT_Verification_Primary_Contact' successfully

2020-02-11 13:56:40 - [TEST_CASE][PASSED] - Test Cases/Reusable_Test_Sequences/CAT_Verification_Primary_Contact: Test Cases/Reusable_Test_Sequences/CAT_Verification_Primary_Contact

2020-02-11 13:56:40 - [TEST_STEP][PASSED] - verifyTextPresent(findTestData("Search_CAT_ID_Data (1)").getValue("primeContact", row), false): Text 'James Burton' is present on page 

2020-02-11 13:56:42 - [MESSAGE][PASSED] - Text 'James Burton' is present on page 

2020-02-11 13:56:42 - [MESSAGE][PASSED] - Call Test Case 'Test Cases/Reusable_Test_Sequences/CAT_Verification_Primary_Contact' successfully

2020-02-11 13:56:42 - [TEST_STEP][PASSED] - "--------------------------": null

2020-02-11 13:56:42 - [TEST_STEP][PASSED] - " Teardown - CLose Browser |": null

2020-02-11 13:56:42 - [TEST_STEP][PASSED] - callTestCase(findTestCase("Reusable_Test_Sequences/CAT_Teardown"), [:], OPTIONAL): Call Test Case 'Test Cases/Reusable_Test_Sequences/CAT_Teardown' successfully

2020-02-11 13:56:42 - [TEST_CASE][PASSED] - Test Cases/Reusable_Test_Sequences/CAT_Teardown: Test Cases/Reusable_Test_Sequences/CAT_Teardown

2020-02-11 13:56:42 - [TEST_STEP][PASSED] - closeBrowser(): Browser is closed

2020-02-11 13:56:45 - [MESSAGE][PASSED] - Browser is closed

2020-02-11 13:56:45 - [MESSAGE][PASSED] - Call Test Case 'Test Cases/Reusable_Test_Sequences/CAT_Teardown' successfully

2020-02-11 13:56:45 - [TEST_STEP][PASSED] - callTestCase(findTestCase("Reusable_Test_Sequences/CAT_Setup"), [:], STOP_ON_FAILURE): Call Test Case 'Test Cases/Reusable_Test_Sequences/CAT_Setup' successfully

2020-02-11 13:56:45 - [TEST_CASE][PASSED] - Test Cases/Reusable_Test_Sequences/CAT_Setup: Test Cases/Reusable_Test_Sequences/CAT_Setup

2020-02-11 13:56:46 - [TEST_STEP][PASSED] - "------------------------------": null

2020-02-11 13:56:46 - [TEST_STEP][PASSED] - " Set Mobile Device Testing    |": null

2020-02-11 13:56:46 - [TEST_STEP][PASSED] - if (Mobile_Flag == "true"): null

2020-02-11 13:56:46 - [TEST_STEP][PASSED] - "------------------------------": null

2020-02-11 13:56:46 - [TEST_STEP][PASSED] - " Set Mobile Device Testing    |": null

2020-02-11 13:56:46 - [TEST_STEP][PASSED] - "------------------------------": null

2020-02-11 13:56:46 - [TEST_STEP][PASSED] - "URL - Set from the ENVIRONMENT PROFILE ": null

2020-02-11 13:56:46 - [TEST_STEP][PASSED] - openBrowser(URL): Browser is opened with url: 'https://www.preview.checkatrade.com/'

2020-02-11 13:56:46 - [MESSAGE][INFO] - Starting 'Firefox' driver

2020-02-11 13:56:54 - [MESSAGE][PASSED] - Browser is opened with url: 'https://www.preview.checkatrade.com/'

2020-02-11 13:56:54 - [TEST_STEP][PASSED] - maximizeWindow(): Current window maximized

2020-02-11 13:56:54 - [MESSAGE][PASSED] - Current window maximized

2020-02-11 13:56:54 - [TEST_STEP][PASSED] - waitForPageLoad(60): Wait for page load successfully

2020-02-11 13:56:54 - [MESSAGE][PASSED] - Wait for page load successfully

2020-02-11 13:56:54 - [TEST_STEP][PASSED] - "Previous Functionalilty Left Commented For Ease Of reversion": null

2020-02-11 13:56:54 - [TEST_STEP][PASSED] - try: Text 'Cookie Policy' is not present on page

2020-02-11 13:56:54 - [TEST_STEP][PASSED] - verifyElementPresent(findTestObject("Object Repository/Cookies/Page_Checkatrade Find a tradesperson you can trust/button_Accept All"), 5): Object 'Object Repository/Cookies/Page_Checkatrade Find a tradesperson you can trust/button_Accept All' is present

2020-02-11 13:56:54 - [MESSAGE][PASSED] - Object 'Object Repository/Cookies/Page_Checkatrade Find a tradesperson you can trust/button_Accept All' is present

2020-02-11 13:56:54 - [TEST_STEP][PASSED] - click(findTestObject("Object Repository/Cookies/Page_Checkatrade Find a tradesperson you can trust/button_Accept All")): Object: 'Object Repository/Cookies/Page_Checkatrade Find a tradesperson you can trust/button_Accept All' is clicked on

2020-02-11 13:56:55 - [MESSAGE][PASSED] - Object: 'Object Repository/Cookies/Page_Checkatrade Find a tradesperson you can trust/button_Accept All' is clicked on

2020-02-11 13:56:55 - [TEST_STEP][PASSED] - "---------------------------------": null

2020-02-11 13:56:55 - [TEST_STEP][PASSED] - "COOKIE POPOUT REMOVED - Confirmed": null

2020-02-11 13:56:55 - [TEST_STEP][PASSED] - delay(1): Delayed 1 second(s)

2020-02-11 13:56:56 - [MESSAGE][PASSED] - Delayed 1 second(s)

2020-02-11 13:56:56 - [TEST_STEP][PASSED] - verifyTextNotPresent("We use cookies to personalise content and ads, to provide social media features and to analyse our traffic", false): Text 'We use cookies to personalise content and ads, to provide social media features and to analyse our traffic' is not present on page

2020-02-11 13:56:57 - [MESSAGE][PASSED] - Text 'We use cookies to personalise content and ads, to provide social media features and to analyse our traffic' is not present on page

2020-02-11 13:56:57 - [TEST_STEP][PASSED] - verifyTextNotPresent(" We also share information about your use of our site with our social media, advertising and analytics partners", false): Text ' We also share information about your use of our site with our social media, advertising and analytics partners' is not present on page

2020-02-11 13:56:57 - [MESSAGE][PASSED] - Text ' We also share information about your use of our site with our social media, advertising and analytics partners' is not present on page

2020-02-11 13:56:57 - [TEST_STEP][PASSED] - verifyTextNotPresent("Cookie Policy", false): Text 'Cookie Policy' is not present on page

2020-02-11 13:56:58 - [MESSAGE][PASSED] - Text 'Cookie Policy' is not present on page

2020-02-11 13:56:58 - [TEST_STEP][PASSED] - waitForPageLoad(60): Wait for page load successfully

2020-02-11 13:56:58 - [MESSAGE][PASSED] - Wait for page load successfully

2020-02-11 13:56:58 - [TEST_STEP][PASSED] - "COOKIE - ORIGINAL": null

2020-02-11 13:56:58 - [TEST_STEP][PASSED] - if (waitForElementVisible(findTestObject("Object Repository/Feedback/Page_Checkatrade Give your feedback/input_Member_to_Review"), 5)): Web element with id: 'Object Repository/Feedback/Page_Checkatrade Give your feedback/input_Member_to_Review' located by 'By.xpath: //input[@id='feedback-form__company_autocomplete_input']' not found

2020-02-11 13:57:03 - [MESSAGE][INFO] - Unable to find the element located by 'By.xpath: //input[@id='feedback-form__company_autocomplete_input']'. Please recheck the objects properties to make sure the desired element is located. 

2020-02-11 13:57:03 - [MESSAGE][WARNING] - Web element with id: 'Object Repository/Feedback/Page_Checkatrade Give your feedback/input_Member_to_Review' located by 'By.xpath: //input[@id='feedback-form__company_autocomplete_input']' not found

2020-02-11 13:57:03 - [TEST_STEP][PASSED] - else: The <<<OLD>>> Website was detected by the STARTUP Process

2020-02-11 13:57:03 - [TEST_STEP][PASSED] - if (!(verifyElementVisible(findTestObject("Object Repository/Checkatrade_Trade_Search_Page/Page_Checkatrade Find a tradesperson you can trust/input_Search_Button_FF")))): Object 'Object Repository/Checkatrade_Trade_Search_Page/Page_Checkatrade Find a tradesperson you can trust/input_Search_Button_FF' is visible

2020-02-11 13:57:03 - [MESSAGE][PASSED] - Object 'Object Repository/Checkatrade_Trade_Search_Page/Page_Checkatrade Find a tradesperson you can trust/input_Search_Button_FF' is visible

2020-02-11 13:57:03 - [TEST_STEP][PASSED] - else: The <<<OLD>>> Website was detected by the STARTUP Process

2020-02-11 13:57:03 - [TEST_STEP][PASSED] - Website_Version = "old": null

2020-02-11 13:57:03 - [TEST_STEP][PASSED] - logInfo("The <<<OLD>>> Website was detected by the STARTUP Process"): The <<<OLD>>> Website was detected by the STARTUP Process

2020-02-11 13:57:03 - [MESSAGE][INFO] - The <<<OLD>>> Website was detected by the STARTUP Process

2020-02-11 13:57:03 - [MESSAGE][PASSED] - Call Test Case 'Test Cases/Reusable_Test_Sequences/CAT_Setup' successfully

2020-02-11 13:57:03 - [TEST_STEP][PASSED] - callTestCase(findTestCase("Reusable_Test_Sequences/CAT_Home"), [:], CONTINUE_ON_FAILURE): Call Test Case 'Test Cases/Reusable_Test_Sequences/CAT_Home' successfully

2020-02-11 13:57:03 - [TEST_CASE][PASSED] - Test Cases/Reusable_Test_Sequences/CAT_Home: Test Cases/Reusable_Test_Sequences/CAT_Home

2020-02-11 13:57:03 - [TEST_STEP][PASSED] - waitForPageLoad(60): Wait for page load successfully

2020-02-11 13:57:03 - [MESSAGE][PASSED] - Wait for page load successfully

2020-02-11 13:57:03 - [TEST_STEP][PASSED] - delay(2): Delayed 2 second(s)

2020-02-11 13:57:05 - [MESSAGE][PASSED] - Delayed 2 second(s)

2020-02-11 13:57:05 - [TEST_STEP][PASSED] - "------------------------------------": null

2020-02-11 13:57:05 - [TEST_STEP][PASSED] - if (Website_Version == "new"): null

2020-02-11 13:57:05 - [TEST_STEP][PASSED] - else: Text 'Over a million visits to Checkatrade each month' is present on page 

2020-02-11 13:57:05 - [TEST_STEP][PASSED] - verifyTextPresent("Helping you find the right trade or service", false): Text 'Helping you find the right trade or service' is present on page 

2020-02-11 13:57:06 - [MESSAGE][PASSED] - Text 'Helping you find the right trade or service' is present on page 

2020-02-11 13:57:06 - [TEST_STEP][PASSED] - verifyTextPresent("Search through over", false): Text 'Search through over' is present on page 

2020-02-11 13:57:07 - [MESSAGE][PASSED] - Text 'Search through over' is present on page 

2020-02-11 13:57:07 - [TEST_STEP][PASSED] - verifyTextPresent("recommended, vetted and monitored trades and service providers for free.", false): Text 'recommended, vetted and monitored trades and service providers for free.' is present on page 

2020-02-11 13:57:08 - [MESSAGE][PASSED] - Text 'recommended, vetted and monitored trades and service providers for free.' is present on page 

2020-02-11 13:57:08 - [TEST_STEP][PASSED] - verifyTextPresent("reviews published so far – thank you!", false): Text 'reviews published so far – thank you!' is present on page 

2020-02-11 13:57:08 - [MESSAGE][PASSED] - Text 'reviews published so far – thank you!' is present on page 

2020-02-11 13:57:08 - [TEST_STEP][PASSED] - verifyTextPresent("I need a trade or service", false): Text 'I need a trade or service' is present on page 

2020-02-11 13:57:09 - [MESSAGE][PASSED] - Text 'I need a trade or service' is present on page 

2020-02-11 13:57:09 - [TEST_STEP][PASSED] - verifyTextPresent("Every trader thoroughly checked and vetted", false): Text 'Every trader thoroughly checked and vetted' is present on page 

2020-02-11 13:57:09 - [MESSAGE][PASSED] - Text 'Every trader thoroughly checked and vetted' is present on page 

2020-02-11 13:57:09 - [TEST_STEP][PASSED] - "------------------------------------": null

2020-02-11 13:57:09 - [TEST_STEP][PASSED] - verifyTextPresent("reviews published so far – thank you!", false): Text 'reviews published so far – thank you!' is present on page 

2020-02-11 13:57:10 - [MESSAGE][PASSED] - Text 'reviews published so far – thank you!' is present on page 

2020-02-11 13:57:10 - [TEST_STEP][PASSED] - verifyTextPresent("Find out more", false): Text 'Find out more' is present on page 

2020-02-11 13:57:11 - [MESSAGE][PASSED] - Text 'Find out more' is present on page 

2020-02-11 13:57:11 - [TEST_STEP][PASSED] - verifyTextPresent("I am a tradesman", false): Text 'I am a tradesman' is present on page 

2020-02-11 13:57:12 - [MESSAGE][PASSED] - Text 'I am a tradesman' is present on page 

2020-02-11 13:57:12 - [TEST_STEP][PASSED] - verifyTextPresent("Find out more", false): Text 'Find out more' is present on page 

2020-02-11 13:57:12 - [MESSAGE][PASSED] - Text 'Find out more' is present on page 

2020-02-11 13:57:12 - [TEST_STEP][PASSED] - verifyTextPresent("Over a million visits to Checkatrade each month", false): Text 'Over a million visits to Checkatrade each month' is present on page 

2020-02-11 13:57:13 - [MESSAGE][PASSED] - Text 'Over a million visits to Checkatrade each month' is present on page 

2020-02-11 13:57:13 - [MESSAGE][PASSED] - Call Test Case 'Test Cases/Reusable_Test_Sequences/CAT_Home' successfully

2020-02-11 13:57:13 - [TEST_STEP][PASSED] - "---------------------------------------------------------------------": null

2020-02-11 13:57:13 - [TEST_STEP][PASSED] - " Select Search on Trader Name (or ID) From Home page/Search Screen   |": null

2020-02-11 13:57:13 - [TEST_STEP][PASSED] - callTestCase(findTestCase("Reusable_Test_Sequences/CAT_Click_Search_Trade_Name"), [:], CONTINUE_ON_FAILURE): Call Test Case 'Test Cases/Reusable_Test_Sequences/CAT_Click_Search_Trade_Name' successfully

2020-02-11 13:57:13 - [TEST_CASE][PASSED] - Test Cases/Reusable_Test_Sequences/CAT_Click_Search_Trade_Name: Test Cases/Reusable_Test_Sequences/CAT_Click_Search_Trade_Name

2020-02-11 13:57:13 - [TEST_STEP][PASSED] - waitForPageLoad(60): Wait for page load successfully

2020-02-11 13:57:13 - [MESSAGE][PASSED] - Wait for page load successfully

2020-02-11 13:57:13 - [TEST_STEP][PASSED] - if (Website_Version == "new"): null

2020-02-11 13:57:13 - [TEST_STEP][PASSED] - else: Object: 'Object Repository/Page_Checkatrade Find a tradesperson you can trust/a_or look up a member by name' is clicked on

2020-02-11 13:57:13 - [TEST_STEP][PASSED] - click(findTestObject("Page_Checkatrade Find a tradesperson you can trust/a_or look up a member by name")): Object: 'Object Repository/Page_Checkatrade Find a tradesperson you can trust/a_or look up a member by name' is clicked on

2020-02-11 13:57:13 - [MESSAGE][PASSED] - Object: 'Object Repository/Page_Checkatrade Find a tradesperson you can trust/a_or look up a member by name' is clicked on

2020-02-11 13:57:13 - [TEST_STEP][PASSED] - waitForPageLoad(60): Wait for page load successfully

2020-02-11 13:57:13 - [MESSAGE][PASSED] - Wait for page load successfully

2020-02-11 13:57:13 - [MESSAGE][PASSED] - Call Test Case 'Test Cases/Reusable_Test_Sequences/CAT_Click_Search_Trade_Name' successfully

2020-02-11 13:57:13 - [TEST_STEP][PASSED] - "---------------------------------------": null

2020-02-11 13:57:13 - [TEST_STEP][PASSED] - " Enter Trader Name (or ID) to Search   |": null

2020-02-11 13:57:13 - [TEST_STEP][PASSED] - callTestCase(findTestCase("Reusable_Test_Sequences/CAT_Enter_Trade_Name"), [:], CONTINUE_ON_FAILURE): Call Test Case 'Test Cases/Reusable_Test_Sequences/CAT_Enter_Trade_Name' successfully

2020-02-11 13:57:13 - [TEST_CASE][PASSED] - Test Cases/Reusable_Test_Sequences/CAT_Enter_Trade_Name: Test Cases/Reusable_Test_Sequences/CAT_Enter_Trade_Name

2020-02-11 13:57:13 - [TEST_STEP][PASSED] - if (Website_Version == "new"): null

2020-02-11 13:57:13 - [TEST_STEP][PASSED] - else: Text '308682' is set on object 'Object Repository/Page_Checkatrade Find a tradesperson you can trust/Trader_Name_To_Search'

2020-02-11 13:57:13 - [TEST_STEP][PASSED] - setText(findTestObject("Page_Checkatrade Find a tradesperson you can trust/Trader_Name_To_Search"), findTestData("Search_CAT_ID_Data (1)").getValue("tradeName", row)): Text '308682' is set on object 'Object Repository/Page_Checkatrade Find a tradesperson you can trust/Trader_Name_To_Search'

2020-02-11 13:57:14 - [MESSAGE][PASSED] - Text '308682' is set on object 'Object Repository/Page_Checkatrade Find a tradesperson you can trust/Trader_Name_To_Search'

2020-02-11 13:57:14 - [MESSAGE][PASSED] - Call Test Case 'Test Cases/Reusable_Test_Sequences/CAT_Enter_Trade_Name' successfully

2020-02-11 13:57:14 - [TEST_STEP][PASSED] - "---------------------------------------": null

2020-02-11 13:57:14 - [TEST_STEP][PASSED] - " Search Trader Name (or ID)            |": null

2020-02-11 13:57:14 - [TEST_STEP][PASSED] - callTestCase(findTestCase("Reusable_Test_Sequences/CAT_Search_Trade_Name"), [:], CONTINUE_ON_FAILURE): Call Test Case 'Test Cases/Reusable_Test_Sequences/CAT_Search_Trade_Name' successfully

2020-02-11 13:57:14 - [TEST_CASE][PASSED] - Test Cases/Reusable_Test_Sequences/CAT_Search_Trade_Name: Test Cases/Reusable_Test_Sequences/CAT_Search_Trade_Name

2020-02-11 13:57:14 - [TEST_STEP][PASSED] - "Hit Search Trade Person by Name (or CAT ID) after parameters are entered": null

2020-02-11 13:57:14 - [TEST_STEP][PASSED] - waitForPageLoad(60): Wait for page load successfully

2020-02-11 13:57:14 - [MESSAGE][PASSED] - Wait for page load successfully

2020-02-11 13:57:14 - [TEST_STEP][PASSED] - delay(2): Delayed 2 second(s)

2020-02-11 13:57:16 - [MESSAGE][PASSED] - Delayed 2 second(s)

2020-02-11 13:57:16 - [TEST_STEP][PASSED] - if (Website_Version == "new"): null

2020-02-11 13:57:16 - [TEST_STEP][PASSED] - else: Object: 'Object Repository/Page_Checkatrade Find a tradesperson you can trust/span_Trade_Name' is clicked on

2020-02-11 13:57:16 - [TEST_STEP][PASSED] - waitForElementClickable(findTestObject("Page_Checkatrade Find a tradesperson you can trust/span_Trade_Name"), 60): Object 'Object Repository/Page_Checkatrade Find a tradesperson you can trust/span_Trade_Name' is clickable

2020-02-11 13:57:16 - [MESSAGE][PASSED] - Object 'Object Repository/Page_Checkatrade Find a tradesperson you can trust/span_Trade_Name' is clickable

2020-02-11 13:57:16 - [TEST_STEP][PASSED] - click(findTestObject("Page_Checkatrade Find a tradesperson you can trust/span_Trade_Name")): Object: 'Object Repository/Page_Checkatrade Find a tradesperson you can trust/span_Trade_Name' is clicked on

2020-02-11 13:57:22 - [MESSAGE][PASSED] - Object: 'Object Repository/Page_Checkatrade Find a tradesperson you can trust/span_Trade_Name' is clicked on

2020-02-11 13:57:22 - [TEST_STEP][PASSED] - delay(2): Delayed 2 second(s)

2020-02-11 13:57:24 - [MESSAGE][PASSED] - Delayed 2 second(s)

2020-02-11 13:57:24 - [TEST_STEP][PASSED] - waitForPageLoad(60): Wait for page load successfully

2020-02-11 13:57:24 - [MESSAGE][PASSED] - Wait for page load successfully

2020-02-11 13:57:24 - [MESSAGE][PASSED] - Call Test Case 'Test Cases/Reusable_Test_Sequences/CAT_Search_Trade_Name' successfully

2020-02-11 13:57:24 - [TEST_STEP][PASSED] - "------------------------------------------": null

2020-02-11 13:57:24 - [TEST_STEP][PASSED] - " Scroll to Page Footer to Reveal Results  |": null

2020-02-11 13:57:24 - [TEST_STEP][PASSED] - callTestCase(findTestCase("Reusable_Test_Sequences/CAT_Scroll_to_Footer"), [:], CONTINUE_ON_FAILURE): Call Test Case 'Test Cases/Reusable_Test_Sequences/CAT_Scroll_to_Footer' successfully

2020-02-11 13:57:24 - [TEST_CASE][PASSED] - Test Cases/Reusable_Test_Sequences/CAT_Scroll_to_Footer: Test Cases/Reusable_Test_Sequences/CAT_Scroll_to_Footer

2020-02-11 13:57:24 - [TEST_STEP][PASSED] - "-----------------------------------------------------": null

2020-02-11 13:57:24 - [TEST_STEP][PASSED] - " Major changes factored into function 05/12/2019     |": null

2020-02-11 13:57:24 - [TEST_STEP][PASSED] - "-----------------------------------------------------": null

2020-02-11 13:57:24 - [TEST_STEP][PASSED] - "Animation Removed ": null

2020-02-11 13:57:24 - [TEST_STEP][PASSED] - "Scroll - To Footer on the bottom of the page (sometime off the screen) ": null

2020-02-11 13:57:24 - [TEST_STEP][PASSED] - waitForPageLoad(60): Wait for page load successfully

2020-02-11 13:57:24 - [MESSAGE][PASSED] - Wait for page load successfully

2020-02-11 13:57:24 - [TEST_STEP][PASSED] - scrollToPosition(999, 999): Browser is scrolled to position x = 999, y = 999

2020-02-11 13:57:24 - [MESSAGE][PASSED] - Browser is scrolled to position x = 999, y = 999

2020-02-11 13:57:24 - [TEST_STEP][PASSED] - delay(1): Delayed 1 second(s)

2020-02-11 13:57:25 - [MESSAGE][PASSED] - Delayed 1 second(s)

2020-02-11 13:57:25 - [MESSAGE][PASSED] - Call Test Case 'Test Cases/Reusable_Test_Sequences/CAT_Scroll_to_Footer' successfully

2020-02-11 13:57:25 - [TEST_STEP][PASSED] - "------------------------------------------": null

2020-02-11 13:57:25 - [TEST_STEP][PASSED] - " Verify Correct Location is Returned     |": null

2020-02-11 13:57:25 - [TEST_STEP][PASSED] - callTestCase(findTestCase("Reusable_Test_Sequences/CAT_Verification_Location"), [:], CONTINUE_ON_FAILURE): Call Test Case 'Test Cases/Reusable_Test_Sequences/CAT_Verification_Location' successfully

2020-02-11 13:57:25 - [TEST_CASE][PASSED] - Test Cases/Reusable_Test_Sequences/CAT_Verification_Location: Test Cases/Reusable_Test_Sequences/CAT_Verification_Location

2020-02-11 13:57:25 - [TEST_STEP][PASSED] - waitForPageLoad(60): Wait for page load successfully

2020-02-11 13:57:25 - [MESSAGE][PASSED] - Wait for page load successfully

2020-02-11 13:57:25 - [TEST_STEP][PASSED] - verifyTextPresent(findTestData("Search_CAT_ID_Data (1)").getValue("tradeNameLocationVerification", row), false): Text 'Banbury, Oxfordshire' is present on page 

2020-02-11 13:57:26 - [MESSAGE][PASSED] - Text 'Banbury, Oxfordshire' is present on page 

2020-02-11 13:57:26 - [MESSAGE][PASSED] - Call Test Case 'Test Cases/Reusable_Test_Sequences/CAT_Verification_Location' successfully

2020-02-11 13:57:26 - [TEST_STEP][PASSED] - "------------------------------------------": null

2020-02-11 13:57:26 - [TEST_STEP][PASSED] - " Verify Primary Contact is Returned     |": null

2020-02-11 13:57:26 - [TEST_STEP][PASSED] - callTestCase(findTestCase("Reusable_Test_Sequences/CAT_Verification_Primary_Contact"), [:], CONTINUE_ON_FAILURE): Call Test Case 'Test Cases/Reusable_Test_Sequences/CAT_Verification_Primary_Contact' successfully

2020-02-11 13:57:26 - [TEST_CASE][PASSED] - Test Cases/Reusable_Test_Sequences/CAT_Verification_Primary_Contact: Test Cases/Reusable_Test_Sequences/CAT_Verification_Primary_Contact

2020-02-11 13:57:26 - [TEST_STEP][PASSED] - verifyTextPresent(findTestData("Search_CAT_ID_Data (1)").getValue("primeContact", row), false): Text 'Andrew Whitaker' is present on page 

2020-02-11 13:57:27 - [MESSAGE][PASSED] - Text 'Andrew Whitaker' is present on page 

2020-02-11 13:57:27 - [MESSAGE][PASSED] - Call Test Case 'Test Cases/Reusable_Test_Sequences/CAT_Verification_Primary_Contact' successfully

2020-02-11 13:57:27 - [TEST_STEP][PASSED] - "--------------------------": null

2020-02-11 13:57:27 - [TEST_STEP][PASSED] - " Teardown - CLose Browser |": null

2020-02-11 13:57:27 - [TEST_STEP][PASSED] - callTestCase(findTestCase("Reusable_Test_Sequences/CAT_Teardown"), [:], OPTIONAL): Call Test Case 'Test Cases/Reusable_Test_Sequences/CAT_Teardown' successfully

2020-02-11 13:57:27 - [TEST_CASE][PASSED] - Test Cases/Reusable_Test_Sequences/CAT_Teardown: Test Cases/Reusable_Test_Sequences/CAT_Teardown

2020-02-11 13:57:27 - [TEST_STEP][PASSED] - closeBrowser(): Browser is closed

2020-02-11 13:57:30 - [MESSAGE][PASSED] - Browser is closed

2020-02-11 13:57:30 - [MESSAGE][PASSED] - Call Test Case 'Test Cases/Reusable_Test_Sequences/CAT_Teardown' successfully

2020-02-11 13:57:30 - [TEST_STEP][PASSED] - callTestCase(findTestCase("Reusable_Test_Sequences/CAT_Setup"), [:], STOP_ON_FAILURE): Call Test Case 'Test Cases/Reusable_Test_Sequences/CAT_Setup' successfully

2020-02-11 13:57:31 - [TEST_CASE][PASSED] - Test Cases/Reusable_Test_Sequences/CAT_Setup: Test Cases/Reusable_Test_Sequences/CAT_Setup

2020-02-11 13:57:31 - [TEST_STEP][PASSED] - "------------------------------": null

2020-02-11 13:57:31 - [TEST_STEP][PASSED] - " Set Mobile Device Testing    |": null

2020-02-11 13:57:31 - [TEST_STEP][PASSED] - if (Mobile_Flag == "true"): null

2020-02-11 13:57:31 - [TEST_STEP][PASSED] - "------------------------------": null

2020-02-11 13:57:31 - [TEST_STEP][PASSED] - " Set Mobile Device Testing    |": null

2020-02-11 13:57:31 - [TEST_STEP][PASSED] - "------------------------------": null

2020-02-11 13:57:31 - [TEST_STEP][PASSED] - "URL - Set from the ENVIRONMENT PROFILE ": null

2020-02-11 13:57:31 - [TEST_STEP][PASSED] - openBrowser(URL): Browser is opened with url: 'https://www.preview.checkatrade.com/'

2020-02-11 13:57:31 - [MESSAGE][INFO] - Starting 'Firefox' driver

2020-02-11 13:57:39 - [MESSAGE][PASSED] - Browser is opened with url: 'https://www.preview.checkatrade.com/'

2020-02-11 13:57:39 - [TEST_STEP][PASSED] - maximizeWindow(): Current window maximized

2020-02-11 13:57:40 - [MESSAGE][PASSED] - Current window maximized

2020-02-11 13:57:40 - [TEST_STEP][PASSED] - waitForPageLoad(60): Wait for page load successfully

2020-02-11 13:57:40 - [MESSAGE][PASSED] - Wait for page load successfully

2020-02-11 13:57:40 - [TEST_STEP][PASSED] - "Previous Functionalilty Left Commented For Ease Of reversion": null

2020-02-11 13:57:40 - [TEST_STEP][PASSED] - try: Text 'Cookie Policy' is not present on page

2020-02-11 13:57:40 - [TEST_STEP][PASSED] - verifyElementPresent(findTestObject("Object Repository/Cookies/Page_Checkatrade Find a tradesperson you can trust/button_Accept All"), 5): Object 'Object Repository/Cookies/Page_Checkatrade Find a tradesperson you can trust/button_Accept All' is present

2020-02-11 13:57:40 - [MESSAGE][PASSED] - Object 'Object Repository/Cookies/Page_Checkatrade Find a tradesperson you can trust/button_Accept All' is present

2020-02-11 13:57:40 - [TEST_STEP][PASSED] - click(findTestObject("Object Repository/Cookies/Page_Checkatrade Find a tradesperson you can trust/button_Accept All")): Object: 'Object Repository/Cookies/Page_Checkatrade Find a tradesperson you can trust/button_Accept All' is clicked on

2020-02-11 13:57:41 - [MESSAGE][PASSED] - Object: 'Object Repository/Cookies/Page_Checkatrade Find a tradesperson you can trust/button_Accept All' is clicked on

2020-02-11 13:57:41 - [TEST_STEP][PASSED] - "---------------------------------": null

2020-02-11 13:57:41 - [TEST_STEP][PASSED] - "COOKIE POPOUT REMOVED - Confirmed": null

2020-02-11 13:57:41 - [TEST_STEP][PASSED] - delay(1): Delayed 1 second(s)

2020-02-11 13:57:42 - [MESSAGE][PASSED] - Delayed 1 second(s)

2020-02-11 13:57:42 - [TEST_STEP][PASSED] - verifyTextNotPresent("We use cookies to personalise content and ads, to provide social media features and to analyse our traffic", false): Text 'We use cookies to personalise content and ads, to provide social media features and to analyse our traffic' is not present on page

2020-02-11 13:57:42 - [MESSAGE][PASSED] - Text 'We use cookies to personalise content and ads, to provide social media features and to analyse our traffic' is not present on page

2020-02-11 13:57:42 - [TEST_STEP][PASSED] - verifyTextNotPresent(" We also share information about your use of our site with our social media, advertising and analytics partners", false): Text ' We also share information about your use of our site with our social media, advertising and analytics partners' is not present on page

2020-02-11 13:57:43 - [MESSAGE][PASSED] - Text ' We also share information about your use of our site with our social media, advertising and analytics partners' is not present on page

2020-02-11 13:57:43 - [TEST_STEP][PASSED] - verifyTextNotPresent("Cookie Policy", false): Text 'Cookie Policy' is not present on page

2020-02-11 13:57:44 - [MESSAGE][PASSED] - Text 'Cookie Policy' is not present on page

2020-02-11 13:57:44 - [TEST_STEP][PASSED] - waitForPageLoad(60): Wait for page load successfully

2020-02-11 13:57:44 - [MESSAGE][PASSED] - Wait for page load successfully

2020-02-11 13:57:44 - [TEST_STEP][PASSED] - "COOKIE - ORIGINAL": null

2020-02-11 13:57:44 - [TEST_STEP][PASSED] - if (waitForElementVisible(findTestObject("Object Repository/Feedback/Page_Checkatrade Give your feedback/input_Member_to_Review"), 5)): Web element with id: 'Object Repository/Feedback/Page_Checkatrade Give your feedback/input_Member_to_Review' located by 'By.xpath: //input[@id='feedback-form__company_autocomplete_input']' not found

2020-02-11 13:57:49 - [MESSAGE][INFO] - Unable to find the element located by 'By.xpath: //input[@id='feedback-form__company_autocomplete_input']'. Please recheck the objects properties to make sure the desired element is located. 

2020-02-11 13:57:49 - [MESSAGE][WARNING] - Web element with id: 'Object Repository/Feedback/Page_Checkatrade Give your feedback/input_Member_to_Review' located by 'By.xpath: //input[@id='feedback-form__company_autocomplete_input']' not found

2020-02-11 13:57:49 - [TEST_STEP][PASSED] - else: The <<<OLD>>> Website was detected by the STARTUP Process

2020-02-11 13:57:49 - [TEST_STEP][PASSED] - if (!(verifyElementVisible(findTestObject("Object Repository/Checkatrade_Trade_Search_Page/Page_Checkatrade Find a tradesperson you can trust/input_Search_Button_FF")))): Object 'Object Repository/Checkatrade_Trade_Search_Page/Page_Checkatrade Find a tradesperson you can trust/input_Search_Button_FF' is visible

2020-02-11 13:57:49 - [MESSAGE][PASSED] - Object 'Object Repository/Checkatrade_Trade_Search_Page/Page_Checkatrade Find a tradesperson you can trust/input_Search_Button_FF' is visible

2020-02-11 13:57:49 - [TEST_STEP][PASSED] - else: The <<<OLD>>> Website was detected by the STARTUP Process

2020-02-11 13:57:49 - [TEST_STEP][PASSED] - Website_Version = "old": null

2020-02-11 13:57:49 - [TEST_STEP][PASSED] - logInfo("The <<<OLD>>> Website was detected by the STARTUP Process"): The <<<OLD>>> Website was detected by the STARTUP Process

2020-02-11 13:57:49 - [MESSAGE][INFO] - The <<<OLD>>> Website was detected by the STARTUP Process

2020-02-11 13:57:49 - [MESSAGE][PASSED] - Call Test Case 'Test Cases/Reusable_Test_Sequences/CAT_Setup' successfully

2020-02-11 13:57:49 - [TEST_STEP][PASSED] - callTestCase(findTestCase("Reusable_Test_Sequences/CAT_Home"), [:], CONTINUE_ON_FAILURE): Call Test Case 'Test Cases/Reusable_Test_Sequences/CAT_Home' successfully

2020-02-11 13:57:49 - [TEST_CASE][PASSED] - Test Cases/Reusable_Test_Sequences/CAT_Home: Test Cases/Reusable_Test_Sequences/CAT_Home

2020-02-11 13:57:49 - [TEST_STEP][PASSED] - waitForPageLoad(60): Wait for page load successfully

2020-02-11 13:57:49 - [MESSAGE][PASSED] - Wait for page load successfully

2020-02-11 13:57:49 - [TEST_STEP][PASSED] - delay(2): Delayed 2 second(s)

2020-02-11 13:57:51 - [MESSAGE][PASSED] - Delayed 2 second(s)

2020-02-11 13:57:51 - [TEST_STEP][PASSED] - "------------------------------------": null

2020-02-11 13:57:51 - [TEST_STEP][PASSED] - if (Website_Version == "new"): null

2020-02-11 13:57:51 - [TEST_STEP][PASSED] - else: Text 'Over a million visits to Checkatrade each month' is present on page 

2020-02-11 13:57:51 - [TEST_STEP][PASSED] - verifyTextPresent("Helping you find the right trade or service", false): Text 'Helping you find the right trade or service' is present on page 

2020-02-11 13:57:52 - [MESSAGE][PASSED] - Text 'Helping you find the right trade or service' is present on page 

2020-02-11 13:57:52 - [TEST_STEP][PASSED] - verifyTextPresent("Search through over", false): Text 'Search through over' is present on page 

2020-02-11 13:57:53 - [MESSAGE][PASSED] - Text 'Search through over' is present on page 

2020-02-11 13:57:53 - [TEST_STEP][PASSED] - verifyTextPresent("recommended, vetted and monitored trades and service providers for free.", false): Text 'recommended, vetted and monitored trades and service providers for free.' is present on page 

2020-02-11 13:57:54 - [MESSAGE][PASSED] - Text 'recommended, vetted and monitored trades and service providers for free.' is present on page 

2020-02-11 13:57:54 - [TEST_STEP][PASSED] - verifyTextPresent("reviews published so far – thank you!", false): Text 'reviews published so far – thank you!' is present on page 

2020-02-11 13:57:54 - [MESSAGE][PASSED] - Text 'reviews published so far – thank you!' is present on page 

2020-02-11 13:57:54 - [TEST_STEP][PASSED] - verifyTextPresent("I need a trade or service", false): Text 'I need a trade or service' is present on page 

2020-02-11 13:57:55 - [MESSAGE][PASSED] - Text 'I need a trade or service' is present on page 

2020-02-11 13:57:55 - [TEST_STEP][PASSED] - verifyTextPresent("Every trader thoroughly checked and vetted", false): Text 'Every trader thoroughly checked and vetted' is present on page 

2020-02-11 13:57:56 - [MESSAGE][PASSED] - Text 'Every trader thoroughly checked and vetted' is present on page 

2020-02-11 13:57:56 - [TEST_STEP][PASSED] - "------------------------------------": null

2020-02-11 13:57:56 - [TEST_STEP][PASSED] - verifyTextPresent("reviews published so far – thank you!", false): Text 'reviews published so far – thank you!' is present on page 

2020-02-11 13:57:56 - [MESSAGE][PASSED] - Text 'reviews published so far – thank you!' is present on page 

2020-02-11 13:57:56 - [TEST_STEP][PASSED] - verifyTextPresent("Find out more", false): Text 'Find out more' is present on page 

2020-02-11 13:57:57 - [MESSAGE][PASSED] - Text 'Find out more' is present on page 

2020-02-11 13:57:57 - [TEST_STEP][PASSED] - verifyTextPresent("I am a tradesman", false): Text 'I am a tradesman' is present on page 

2020-02-11 13:57:57 - [MESSAGE][PASSED] - Text 'I am a tradesman' is present on page 

2020-02-11 13:57:57 - [TEST_STEP][PASSED] - verifyTextPresent("Find out more", false): Text 'Find out more' is present on page 

2020-02-11 13:57:58 - [MESSAGE][PASSED] - Text 'Find out more' is present on page 

2020-02-11 13:57:58 - [TEST_STEP][PASSED] - verifyTextPresent("Over a million visits to Checkatrade each month", false): Text 'Over a million visits to Checkatrade each month' is present on page 

2020-02-11 13:57:59 - [MESSAGE][PASSED] - Text 'Over a million visits to Checkatrade each month' is present on page 

2020-02-11 13:57:59 - [MESSAGE][PASSED] - Call Test Case 'Test Cases/Reusable_Test_Sequences/CAT_Home' successfully

2020-02-11 13:57:59 - [TEST_STEP][PASSED] - "---------------------------------------------------------------------": null

2020-02-11 13:57:59 - [TEST_STEP][PASSED] - " Select Search on Trader Name (or ID) From Home page/Search Screen   |": null

2020-02-11 13:57:59 - [TEST_STEP][PASSED] - callTestCase(findTestCase("Reusable_Test_Sequences/CAT_Click_Search_Trade_Name"), [:], CONTINUE_ON_FAILURE): Call Test Case 'Test Cases/Reusable_Test_Sequences/CAT_Click_Search_Trade_Name' successfully

2020-02-11 13:57:59 - [TEST_CASE][PASSED] - Test Cases/Reusable_Test_Sequences/CAT_Click_Search_Trade_Name: Test Cases/Reusable_Test_Sequences/CAT_Click_Search_Trade_Name

2020-02-11 13:57:59 - [TEST_STEP][PASSED] - waitForPageLoad(60): Wait for page load successfully

2020-02-11 13:57:59 - [MESSAGE][PASSED] - Wait for page load successfully

2020-02-11 13:57:59 - [TEST_STEP][PASSED] - if (Website_Version == "new"): null

2020-02-11 13:57:59 - [TEST_STEP][PASSED] - else: Object: 'Object Repository/Page_Checkatrade Find a tradesperson you can trust/a_or look up a member by name' is clicked on

2020-02-11 13:57:59 - [TEST_STEP][PASSED] - click(findTestObject("Page_Checkatrade Find a tradesperson you can trust/a_or look up a member by name")): Object: 'Object Repository/Page_Checkatrade Find a tradesperson you can trust/a_or look up a member by name' is clicked on

2020-02-11 13:57:59 - [MESSAGE][PASSED] - Object: 'Object Repository/Page_Checkatrade Find a tradesperson you can trust/a_or look up a member by name' is clicked on

2020-02-11 13:57:59 - [TEST_STEP][PASSED] - waitForPageLoad(60): Wait for page load successfully

2020-02-11 13:57:59 - [MESSAGE][PASSED] - Wait for page load successfully

2020-02-11 13:57:59 - [MESSAGE][PASSED] - Call Test Case 'Test Cases/Reusable_Test_Sequences/CAT_Click_Search_Trade_Name' successfully

2020-02-11 13:57:59 - [TEST_STEP][PASSED] - "---------------------------------------": null

2020-02-11 13:57:59 - [TEST_STEP][PASSED] - " Enter Trader Name (or ID) to Search   |": null

2020-02-11 13:57:59 - [TEST_STEP][PASSED] - callTestCase(findTestCase("Reusable_Test_Sequences/CAT_Enter_Trade_Name"), [:], CONTINUE_ON_FAILURE): Call Test Case 'Test Cases/Reusable_Test_Sequences/CAT_Enter_Trade_Name' successfully

2020-02-11 13:57:59 - [TEST_CASE][PASSED] - Test Cases/Reusable_Test_Sequences/CAT_Enter_Trade_Name: Test Cases/Reusable_Test_Sequences/CAT_Enter_Trade_Name

2020-02-11 13:57:59 - [TEST_STEP][PASSED] - if (Website_Version == "new"): null

2020-02-11 13:57:59 - [TEST_STEP][PASSED] - else: Text '230761' is set on object 'Object Repository/Page_Checkatrade Find a tradesperson you can trust/Trader_Name_To_Search'

2020-02-11 13:57:59 - [TEST_STEP][PASSED] - setText(findTestObject("Page_Checkatrade Find a tradesperson you can trust/Trader_Name_To_Search"), findTestData("Search_CAT_ID_Data (1)").getValue("tradeName", row)): Text '230761' is set on object 'Object Repository/Page_Checkatrade Find a tradesperson you can trust/Trader_Name_To_Search'

2020-02-11 13:58:00 - [MESSAGE][PASSED] - Text '230761' is set on object 'Object Repository/Page_Checkatrade Find a tradesperson you can trust/Trader_Name_To_Search'

2020-02-11 13:58:00 - [MESSAGE][PASSED] - Call Test Case 'Test Cases/Reusable_Test_Sequences/CAT_Enter_Trade_Name' successfully

2020-02-11 13:58:00 - [TEST_STEP][PASSED] - "---------------------------------------": null

2020-02-11 13:58:00 - [TEST_STEP][PASSED] - " Search Trader Name (or ID)            |": null

2020-02-11 13:58:00 - [TEST_STEP][PASSED] - callTestCase(findTestCase("Reusable_Test_Sequences/CAT_Search_Trade_Name"), [:], CONTINUE_ON_FAILURE): Call Test Case 'Test Cases/Reusable_Test_Sequences/CAT_Search_Trade_Name' successfully

2020-02-11 13:58:00 - [TEST_CASE][PASSED] - Test Cases/Reusable_Test_Sequences/CAT_Search_Trade_Name: Test Cases/Reusable_Test_Sequences/CAT_Search_Trade_Name

2020-02-11 13:58:00 - [TEST_STEP][PASSED] - "Hit Search Trade Person by Name (or CAT ID) after parameters are entered": null

2020-02-11 13:58:00 - [TEST_STEP][PASSED] - waitForPageLoad(60): Wait for page load successfully

2020-02-11 13:58:00 - [MESSAGE][PASSED] - Wait for page load successfully

2020-02-11 13:58:00 - [TEST_STEP][PASSED] - delay(2): Delayed 2 second(s)

2020-02-11 13:58:02 - [MESSAGE][PASSED] - Delayed 2 second(s)

2020-02-11 13:58:02 - [TEST_STEP][PASSED] - if (Website_Version == "new"): null

2020-02-11 13:58:02 - [TEST_STEP][PASSED] - else: Object: 'Object Repository/Page_Checkatrade Find a tradesperson you can trust/span_Trade_Name' is clicked on

2020-02-11 13:58:02 - [TEST_STEP][PASSED] - waitForElementClickable(findTestObject("Page_Checkatrade Find a tradesperson you can trust/span_Trade_Name"), 60): Object 'Object Repository/Page_Checkatrade Find a tradesperson you can trust/span_Trade_Name' is clickable

2020-02-11 13:58:02 - [MESSAGE][PASSED] - Object 'Object Repository/Page_Checkatrade Find a tradesperson you can trust/span_Trade_Name' is clickable

2020-02-11 13:58:02 - [TEST_STEP][PASSED] - click(findTestObject("Page_Checkatrade Find a tradesperson you can trust/span_Trade_Name")): Object: 'Object Repository/Page_Checkatrade Find a tradesperson you can trust/span_Trade_Name' is clicked on

2020-02-11 13:58:05 - [MESSAGE][PASSED] - Object: 'Object Repository/Page_Checkatrade Find a tradesperson you can trust/span_Trade_Name' is clicked on

2020-02-11 13:58:05 - [TEST_STEP][PASSED] - delay(2): Delayed 2 second(s)

2020-02-11 13:58:07 - [MESSAGE][PASSED] - Delayed 2 second(s)

2020-02-11 13:58:07 - [TEST_STEP][PASSED] - waitForPageLoad(60): Wait for page load successfully

2020-02-11 13:58:07 - [MESSAGE][PASSED] - Wait for page load successfully

2020-02-11 13:58:07 - [MESSAGE][PASSED] - Call Test Case 'Test Cases/Reusable_Test_Sequences/CAT_Search_Trade_Name' successfully

2020-02-11 13:58:07 - [TEST_STEP][PASSED] - "------------------------------------------": null

2020-02-11 13:58:07 - [TEST_STEP][PASSED] - " Scroll to Page Footer to Reveal Results  |": null

2020-02-11 13:58:07 - [TEST_STEP][PASSED] - callTestCase(findTestCase("Reusable_Test_Sequences/CAT_Scroll_to_Footer"), [:], CONTINUE_ON_FAILURE): Call Test Case 'Test Cases/Reusable_Test_Sequences/CAT_Scroll_to_Footer' successfully

2020-02-11 13:58:07 - [TEST_CASE][PASSED] - Test Cases/Reusable_Test_Sequences/CAT_Scroll_to_Footer: Test Cases/Reusable_Test_Sequences/CAT_Scroll_to_Footer

2020-02-11 13:58:07 - [TEST_STEP][PASSED] - "-----------------------------------------------------": null

2020-02-11 13:58:07 - [TEST_STEP][PASSED] - " Major changes factored into function 05/12/2019     |": null

2020-02-11 13:58:07 - [TEST_STEP][PASSED] - "-----------------------------------------------------": null

2020-02-11 13:58:07 - [TEST_STEP][PASSED] - "Animation Removed ": null

2020-02-11 13:58:07 - [TEST_STEP][PASSED] - "Scroll - To Footer on the bottom of the page (sometime off the screen) ": null

2020-02-11 13:58:07 - [TEST_STEP][PASSED] - waitForPageLoad(60): Wait for page load successfully

2020-02-11 13:58:07 - [MESSAGE][PASSED] - Wait for page load successfully

2020-02-11 13:58:07 - [TEST_STEP][PASSED] - scrollToPosition(999, 999): Browser is scrolled to position x = 999, y = 999

2020-02-11 13:58:07 - [MESSAGE][PASSED] - Browser is scrolled to position x = 999, y = 999

2020-02-11 13:58:07 - [TEST_STEP][PASSED] - delay(1): Delayed 1 second(s)

2020-02-11 13:58:08 - [MESSAGE][PASSED] - Delayed 1 second(s)

2020-02-11 13:58:08 - [MESSAGE][PASSED] - Call Test Case 'Test Cases/Reusable_Test_Sequences/CAT_Scroll_to_Footer' successfully

2020-02-11 13:58:08 - [TEST_STEP][PASSED] - "------------------------------------------": null

2020-02-11 13:58:08 - [TEST_STEP][PASSED] - " Verify Correct Location is Returned     |": null

2020-02-11 13:58:08 - [TEST_STEP][PASSED] - callTestCase(findTestCase("Reusable_Test_Sequences/CAT_Verification_Location"), [:], CONTINUE_ON_FAILURE): Call Test Case 'Test Cases/Reusable_Test_Sequences/CAT_Verification_Location' successfully

2020-02-11 13:58:08 - [TEST_CASE][PASSED] - Test Cases/Reusable_Test_Sequences/CAT_Verification_Location: Test Cases/Reusable_Test_Sequences/CAT_Verification_Location

2020-02-11 13:58:08 - [TEST_STEP][PASSED] - waitForPageLoad(60): Wait for page load successfully

2020-02-11 13:58:08 - [MESSAGE][PASSED] - Wait for page load successfully

2020-02-11 13:58:08 - [TEST_STEP][PASSED] - verifyTextPresent(findTestData("Search_CAT_ID_Data (1)").getValue("tradeNameLocationVerification", row), false): Text 'Rustington, West Sussex' is present on page 

2020-02-11 13:58:09 - [MESSAGE][PASSED] - Text 'Rustington, West Sussex' is present on page 

2020-02-11 13:58:09 - [MESSAGE][PASSED] - Call Test Case 'Test Cases/Reusable_Test_Sequences/CAT_Verification_Location' successfully

2020-02-11 13:58:09 - [TEST_STEP][PASSED] - "------------------------------------------": null

2020-02-11 13:58:09 - [TEST_STEP][PASSED] - " Verify Primary Contact is Returned     |": null

2020-02-11 13:58:09 - [TEST_STEP][PASSED] - callTestCase(findTestCase("Reusable_Test_Sequences/CAT_Verification_Primary_Contact"), [:], CONTINUE_ON_FAILURE): Call Test Case 'Test Cases/Reusable_Test_Sequences/CAT_Verification_Primary_Contact' successfully

2020-02-11 13:58:09 - [TEST_CASE][PASSED] - Test Cases/Reusable_Test_Sequences/CAT_Verification_Primary_Contact: Test Cases/Reusable_Test_Sequences/CAT_Verification_Primary_Contact

2020-02-11 13:58:09 - [TEST_STEP][PASSED] - verifyTextPresent(findTestData("Search_CAT_ID_Data (1)").getValue("primeContact", row), false): Text 'David Clarke' is present on page 

2020-02-11 13:58:09 - [MESSAGE][PASSED] - Text 'David Clarke' is present on page 

2020-02-11 13:58:09 - [MESSAGE][PASSED] - Call Test Case 'Test Cases/Reusable_Test_Sequences/CAT_Verification_Primary_Contact' successfully

2020-02-11 13:58:09 - [TEST_STEP][PASSED] - "--------------------------": null

2020-02-11 13:58:09 - [TEST_STEP][PASSED] - " Teardown - CLose Browser |": null

2020-02-11 13:58:09 - [TEST_STEP][PASSED] - callTestCase(findTestCase("Reusable_Test_Sequences/CAT_Teardown"), [:], OPTIONAL): Call Test Case 'Test Cases/Reusable_Test_Sequences/CAT_Teardown' successfully

2020-02-11 13:58:09 - [TEST_CASE][PASSED] - Test Cases/Reusable_Test_Sequences/CAT_Teardown: Test Cases/Reusable_Test_Sequences/CAT_Teardown

2020-02-11 13:58:09 - [TEST_STEP][PASSED] - closeBrowser(): Browser is closed

2020-02-11 13:58:12 - [MESSAGE][PASSED] - Browser is closed

2020-02-11 13:58:12 - [MESSAGE][PASSED] - Call Test Case 'Test Cases/Reusable_Test_Sequences/CAT_Teardown' successfully

2020-02-11 13:58:12 - [TEST_STEP][PASSED] - callTestCase(findTestCase("Reusable_Test_Sequences/CAT_Setup"), [:], STOP_ON_FAILURE): Call Test Case 'Test Cases/Reusable_Test_Sequences/CAT_Setup' successfully

2020-02-11 13:58:12 - [TEST_CASE][PASSED] - Test Cases/Reusable_Test_Sequences/CAT_Setup: Test Cases/Reusable_Test_Sequences/CAT_Setup

2020-02-11 13:58:12 - [TEST_STEP][PASSED] - "------------------------------": null

2020-02-11 13:58:12 - [TEST_STEP][PASSED] - " Set Mobile Device Testing    |": null

2020-02-11 13:58:12 - [TEST_STEP][PASSED] - if (Mobile_Flag == "true"): null

2020-02-11 13:58:12 - [TEST_STEP][PASSED] - "------------------------------": null

2020-02-11 13:58:12 - [TEST_STEP][PASSED] - " Set Mobile Device Testing    |": null

2020-02-11 13:58:12 - [TEST_STEP][PASSED] - "------------------------------": null

2020-02-11 13:58:12 - [TEST_STEP][PASSED] - "URL - Set from the ENVIRONMENT PROFILE ": null

2020-02-11 13:58:12 - [TEST_STEP][PASSED] - openBrowser(URL): Browser is opened with url: 'https://www.preview.checkatrade.com/'

2020-02-11 13:58:12 - [MESSAGE][INFO] - Starting 'Firefox' driver

2020-02-11 13:58:19 - [MESSAGE][PASSED] - Browser is opened with url: 'https://www.preview.checkatrade.com/'

2020-02-11 13:58:19 - [TEST_STEP][PASSED] - maximizeWindow(): Current window maximized

2020-02-11 13:58:20 - [MESSAGE][PASSED] - Current window maximized

2020-02-11 13:58:20 - [TEST_STEP][PASSED] - waitForPageLoad(60): Wait for page load successfully

2020-02-11 13:58:20 - [MESSAGE][PASSED] - Wait for page load successfully

2020-02-11 13:58:20 - [TEST_STEP][PASSED] - "Previous Functionalilty Left Commented For Ease Of reversion": null

2020-02-11 13:58:20 - [TEST_STEP][PASSED] - try: Text 'Cookie Policy' is not present on page

2020-02-11 13:58:20 - [TEST_STEP][PASSED] - verifyElementPresent(findTestObject("Object Repository/Cookies/Page_Checkatrade Find a tradesperson you can trust/button_Accept All"), 5): Object 'Object Repository/Cookies/Page_Checkatrade Find a tradesperson you can trust/button_Accept All' is present

2020-02-11 13:58:20 - [MESSAGE][PASSED] - Object 'Object Repository/Cookies/Page_Checkatrade Find a tradesperson you can trust/button_Accept All' is present

2020-02-11 13:58:20 - [TEST_STEP][PASSED] - click(findTestObject("Object Repository/Cookies/Page_Checkatrade Find a tradesperson you can trust/button_Accept All")): Object: 'Object Repository/Cookies/Page_Checkatrade Find a tradesperson you can trust/button_Accept All' is clicked on

2020-02-11 13:58:20 - [MESSAGE][PASSED] - Object: 'Object Repository/Cookies/Page_Checkatrade Find a tradesperson you can trust/button_Accept All' is clicked on

2020-02-11 13:58:20 - [TEST_STEP][PASSED] - "---------------------------------": null

2020-02-11 13:58:20 - [TEST_STEP][PASSED] - "COOKIE POPOUT REMOVED - Confirmed": null

2020-02-11 13:58:20 - [TEST_STEP][PASSED] - delay(1): Delayed 1 second(s)

2020-02-11 13:58:21 - [MESSAGE][PASSED] - Delayed 1 second(s)

2020-02-11 13:58:21 - [TEST_STEP][PASSED] - verifyTextNotPresent("We use cookies to personalise content and ads, to provide social media features and to analyse our traffic", false): Text 'We use cookies to personalise content and ads, to provide social media features and to analyse our traffic' is not present on page

2020-02-11 13:58:22 - [MESSAGE][PASSED] - Text 'We use cookies to personalise content and ads, to provide social media features and to analyse our traffic' is not present on page

2020-02-11 13:58:22 - [TEST_STEP][PASSED] - verifyTextNotPresent(" We also share information about your use of our site with our social media, advertising and analytics partners", false): Text ' We also share information about your use of our site with our social media, advertising and analytics partners' is not present on page

2020-02-11 13:58:22 - [MESSAGE][PASSED] - Text ' We also share information about your use of our site with our social media, advertising and analytics partners' is not present on page

2020-02-11 13:58:22 - [TEST_STEP][PASSED] - verifyTextNotPresent("Cookie Policy", false): Text 'Cookie Policy' is not present on page

2020-02-11 13:58:23 - [MESSAGE][PASSED] - Text 'Cookie Policy' is not present on page

2020-02-11 13:58:23 - [TEST_STEP][PASSED] - waitForPageLoad(60): Wait for page load successfully

2020-02-11 13:58:23 - [MESSAGE][PASSED] - Wait for page load successfully

2020-02-11 13:58:23 - [TEST_STEP][PASSED] - "COOKIE - ORIGINAL": null

2020-02-11 13:58:23 - [TEST_STEP][PASSED] - if (waitForElementVisible(findTestObject("Object Repository/Feedback/Page_Checkatrade Give your feedback/input_Member_to_Review"), 5)): Web element with id: 'Object Repository/Feedback/Page_Checkatrade Give your feedback/input_Member_to_Review' located by 'By.xpath: //input[@id='feedback-form__company_autocomplete_input']' not found

2020-02-11 13:58:29 - [MESSAGE][INFO] - Unable to find the element located by 'By.xpath: //input[@id='feedback-form__company_autocomplete_input']'. Please recheck the objects properties to make sure the desired element is located. 

2020-02-11 13:58:29 - [MESSAGE][WARNING] - Web element with id: 'Object Repository/Feedback/Page_Checkatrade Give your feedback/input_Member_to_Review' located by 'By.xpath: //input[@id='feedback-form__company_autocomplete_input']' not found

2020-02-11 13:58:29 - [TEST_STEP][PASSED] - else: The <<<OLD>>> Website was detected by the STARTUP Process

2020-02-11 13:58:29 - [TEST_STEP][PASSED] - if (!(verifyElementVisible(findTestObject("Object Repository/Checkatrade_Trade_Search_Page/Page_Checkatrade Find a tradesperson you can trust/input_Search_Button_FF")))): Object 'Object Repository/Checkatrade_Trade_Search_Page/Page_Checkatrade Find a tradesperson you can trust/input_Search_Button_FF' is visible

2020-02-11 13:58:29 - [MESSAGE][PASSED] - Object 'Object Repository/Checkatrade_Trade_Search_Page/Page_Checkatrade Find a tradesperson you can trust/input_Search_Button_FF' is visible

2020-02-11 13:58:29 - [TEST_STEP][PASSED] - else: The <<<OLD>>> Website was detected by the STARTUP Process

2020-02-11 13:58:29 - [TEST_STEP][PASSED] - Website_Version = "old": null

2020-02-11 13:58:29 - [TEST_STEP][PASSED] - logInfo("The <<<OLD>>> Website was detected by the STARTUP Process"): The <<<OLD>>> Website was detected by the STARTUP Process

2020-02-11 13:58:29 - [MESSAGE][INFO] - The <<<OLD>>> Website was detected by the STARTUP Process

2020-02-11 13:58:29 - [MESSAGE][PASSED] - Call Test Case 'Test Cases/Reusable_Test_Sequences/CAT_Setup' successfully

2020-02-11 13:58:29 - [TEST_STEP][PASSED] - callTestCase(findTestCase("Reusable_Test_Sequences/CAT_Home"), [:], CONTINUE_ON_FAILURE): Call Test Case 'Test Cases/Reusable_Test_Sequences/CAT_Home' successfully

2020-02-11 13:58:29 - [TEST_CASE][PASSED] - Test Cases/Reusable_Test_Sequences/CAT_Home: Test Cases/Reusable_Test_Sequences/CAT_Home

2020-02-11 13:58:29 - [TEST_STEP][PASSED] - waitForPageLoad(60): Wait for page load successfully

2020-02-11 13:58:29 - [MESSAGE][PASSED] - Wait for page load successfully

2020-02-11 13:58:29 - [TEST_STEP][PASSED] - delay(2): Delayed 2 second(s)

2020-02-11 13:58:31 - [MESSAGE][PASSED] - Delayed 2 second(s)

2020-02-11 13:58:31 - [TEST_STEP][PASSED] - "------------------------------------": null

2020-02-11 13:58:31 - [TEST_STEP][PASSED] - if (Website_Version == "new"): null

2020-02-11 13:58:31 - [TEST_STEP][PASSED] - else: Text 'Over a million visits to Checkatrade each month' is present on page 

2020-02-11 13:58:31 - [TEST_STEP][PASSED] - verifyTextPresent("Helping you find the right trade or service", false): Text 'Helping you find the right trade or service' is present on page 

2020-02-11 13:58:31 - [MESSAGE][PASSED] - Text 'Helping you find the right trade or service' is present on page 

2020-02-11 13:58:32 - [TEST_STEP][PASSED] - verifyTextPresent("Search through over", false): Text 'Search through over' is present on page 

2020-02-11 13:58:32 - [MESSAGE][PASSED] - Text 'Search through over' is present on page 

2020-02-11 13:58:32 - [TEST_STEP][PASSED] - verifyTextPresent("recommended, vetted and monitored trades and service providers for free.", false): Text 'recommended, vetted and monitored trades and service providers for free.' is present on page 

2020-02-11 13:58:32 - [MESSAGE][PASSED] - Text 'recommended, vetted and monitored trades and service providers for free.' is present on page 

2020-02-11 13:58:32 - [TEST_STEP][PASSED] - verifyTextPresent("reviews published so far – thank you!", false): Text 'reviews published so far – thank you!' is present on page 

2020-02-11 13:58:33 - [MESSAGE][PASSED] - Text 'reviews published so far – thank you!' is present on page 

2020-02-11 13:58:33 - [TEST_STEP][PASSED] - verifyTextPresent("I need a trade or service", false): Text 'I need a trade or service' is present on page 

2020-02-11 13:58:34 - [MESSAGE][PASSED] - Text 'I need a trade or service' is present on page 

2020-02-11 13:58:34 - [TEST_STEP][PASSED] - verifyTextPresent("Every trader thoroughly checked and vetted", false): Text 'Every trader thoroughly checked and vetted' is present on page 

2020-02-11 13:58:35 - [MESSAGE][PASSED] - Text 'Every trader thoroughly checked and vetted' is present on page 

2020-02-11 13:58:35 - [TEST_STEP][PASSED] - "------------------------------------": null

2020-02-11 13:58:35 - [TEST_STEP][PASSED] - verifyTextPresent("reviews published so far – thank you!", false): Text 'reviews published so far – thank you!' is present on page 

2020-02-11 13:58:35 - [MESSAGE][PASSED] - Text 'reviews published so far – thank you!' is present on page 

2020-02-11 13:58:35 - [TEST_STEP][PASSED] - verifyTextPresent("Find out more", false): Text 'Find out more' is present on page 

2020-02-11 13:58:36 - [MESSAGE][PASSED] - Text 'Find out more' is present on page 

2020-02-11 13:58:36 - [TEST_STEP][PASSED] - verifyTextPresent("I am a tradesman", false): Text 'I am a tradesman' is present on page 

2020-02-11 13:58:37 - [MESSAGE][PASSED] - Text 'I am a tradesman' is present on page 

2020-02-11 13:58:37 - [TEST_STEP][PASSED] - verifyTextPresent("Find out more", false): Text 'Find out more' is present on page 

2020-02-11 13:58:37 - [MESSAGE][PASSED] - Text 'Find out more' is present on page 

2020-02-11 13:58:37 - [TEST_STEP][PASSED] - verifyTextPresent("Over a million visits to Checkatrade each month", false): Text 'Over a million visits to Checkatrade each month' is present on page 

2020-02-11 13:58:38 - [MESSAGE][PASSED] - Text 'Over a million visits to Checkatrade each month' is present on page 

2020-02-11 13:58:38 - [MESSAGE][PASSED] - Call Test Case 'Test Cases/Reusable_Test_Sequences/CAT_Home' successfully

2020-02-11 13:58:38 - [TEST_STEP][PASSED] - "---------------------------------------------------------------------": null

2020-02-11 13:58:38 - [TEST_STEP][PASSED] - " Select Search on Trader Name (or ID) From Home page/Search Screen   |": null

2020-02-11 13:58:38 - [TEST_STEP][PASSED] - callTestCase(findTestCase("Reusable_Test_Sequences/CAT_Click_Search_Trade_Name"), [:], CONTINUE_ON_FAILURE): Call Test Case 'Test Cases/Reusable_Test_Sequences/CAT_Click_Search_Trade_Name' successfully

2020-02-11 13:58:38 - [TEST_CASE][PASSED] - Test Cases/Reusable_Test_Sequences/CAT_Click_Search_Trade_Name: Test Cases/Reusable_Test_Sequences/CAT_Click_Search_Trade_Name

2020-02-11 13:58:38 - [TEST_STEP][PASSED] - waitForPageLoad(60): Wait for page load successfully

2020-02-11 13:58:38 - [MESSAGE][PASSED] - Wait for page load successfully

2020-02-11 13:58:38 - [TEST_STEP][PASSED] - if (Website_Version == "new"): null

2020-02-11 13:58:38 - [TEST_STEP][PASSED] - else: Object: 'Object Repository/Page_Checkatrade Find a tradesperson you can trust/a_or look up a member by name' is clicked on

2020-02-11 13:58:38 - [TEST_STEP][PASSED] - click(findTestObject("Page_Checkatrade Find a tradesperson you can trust/a_or look up a member by name")): Object: 'Object Repository/Page_Checkatrade Find a tradesperson you can trust/a_or look up a member by name' is clicked on

2020-02-11 13:58:38 - [MESSAGE][PASSED] - Object: 'Object Repository/Page_Checkatrade Find a tradesperson you can trust/a_or look up a member by name' is clicked on

2020-02-11 13:58:38 - [TEST_STEP][PASSED] - waitForPageLoad(60): Wait for page load successfully

2020-02-11 13:58:38 - [MESSAGE][PASSED] - Wait for page load successfully

2020-02-11 13:58:38 - [MESSAGE][PASSED] - Call Test Case 'Test Cases/Reusable_Test_Sequences/CAT_Click_Search_Trade_Name' successfully

2020-02-11 13:58:38 - [TEST_STEP][PASSED] - "---------------------------------------": null

2020-02-11 13:58:38 - [TEST_STEP][PASSED] - " Enter Trader Name (or ID) to Search   |": null

2020-02-11 13:58:38 - [TEST_STEP][PASSED] - callTestCase(findTestCase("Reusable_Test_Sequences/CAT_Enter_Trade_Name"), [:], CONTINUE_ON_FAILURE): Call Test Case 'Test Cases/Reusable_Test_Sequences/CAT_Enter_Trade_Name' successfully

2020-02-11 13:58:38 - [TEST_CASE][PASSED] - Test Cases/Reusable_Test_Sequences/CAT_Enter_Trade_Name: Test Cases/Reusable_Test_Sequences/CAT_Enter_Trade_Name

2020-02-11 13:58:38 - [TEST_STEP][PASSED] - if (Website_Version == "new"): null

2020-02-11 13:58:38 - [TEST_STEP][PASSED] - else: Text '381198' is set on object 'Object Repository/Page_Checkatrade Find a tradesperson you can trust/Trader_Name_To_Search'

2020-02-11 13:58:38 - [TEST_STEP][PASSED] - setText(findTestObject("Page_Checkatrade Find a tradesperson you can trust/Trader_Name_To_Search"), findTestData("Search_CAT_ID_Data (1)").getValue("tradeName", row)): Text '381198' is set on object 'Object Repository/Page_Checkatrade Find a tradesperson you can trust/Trader_Name_To_Search'

2020-02-11 13:58:39 - [MESSAGE][PASSED] - Text '381198' is set on object 'Object Repository/Page_Checkatrade Find a tradesperson you can trust/Trader_Name_To_Search'

2020-02-11 13:58:39 - [MESSAGE][PASSED] - Call Test Case 'Test Cases/Reusable_Test_Sequences/CAT_Enter_Trade_Name' successfully

2020-02-11 13:58:39 - [TEST_STEP][PASSED] - "---------------------------------------": null

2020-02-11 13:58:39 - [TEST_STEP][PASSED] - " Search Trader Name (or ID)            |": null

2020-02-11 13:58:39 - [TEST_STEP][PASSED] - callTestCase(findTestCase("Reusable_Test_Sequences/CAT_Search_Trade_Name"), [:], CONTINUE_ON_FAILURE): Call Test Case 'Test Cases/Reusable_Test_Sequences/CAT_Search_Trade_Name' successfully

2020-02-11 13:58:39 - [TEST_CASE][PASSED] - Test Cases/Reusable_Test_Sequences/CAT_Search_Trade_Name: Test Cases/Reusable_Test_Sequences/CAT_Search_Trade_Name

2020-02-11 13:58:39 - [TEST_STEP][PASSED] - "Hit Search Trade Person by Name (or CAT ID) after parameters are entered": null

2020-02-11 13:58:39 - [TEST_STEP][PASSED] - waitForPageLoad(60): Wait for page load successfully

2020-02-11 13:58:39 - [MESSAGE][PASSED] - Wait for page load successfully

2020-02-11 13:58:39 - [TEST_STEP][PASSED] - delay(2): Delayed 2 second(s)

2020-02-11 13:58:41 - [MESSAGE][PASSED] - Delayed 2 second(s)

2020-02-11 13:58:41 - [TEST_STEP][PASSED] - if (Website_Version == "new"): null

2020-02-11 13:58:41 - [TEST_STEP][PASSED] - else: Object: 'Object Repository/Page_Checkatrade Find a tradesperson you can trust/span_Trade_Name' is clicked on

2020-02-11 13:58:41 - [TEST_STEP][PASSED] - waitForElementClickable(findTestObject("Page_Checkatrade Find a tradesperson you can trust/span_Trade_Name"), 60): Object 'Object Repository/Page_Checkatrade Find a tradesperson you can trust/span_Trade_Name' is clickable

2020-02-11 13:58:41 - [MESSAGE][PASSED] - Object 'Object Repository/Page_Checkatrade Find a tradesperson you can trust/span_Trade_Name' is clickable

2020-02-11 13:58:41 - [TEST_STEP][PASSED] - click(findTestObject("Page_Checkatrade Find a tradesperson you can trust/span_Trade_Name")): Object: 'Object Repository/Page_Checkatrade Find a tradesperson you can trust/span_Trade_Name' is clicked on

2020-02-11 13:58:44 - [MESSAGE][PASSED] - Object: 'Object Repository/Page_Checkatrade Find a tradesperson you can trust/span_Trade_Name' is clicked on

2020-02-11 13:58:44 - [TEST_STEP][PASSED] - delay(2): Delayed 2 second(s)

2020-02-11 13:58:46 - [MESSAGE][PASSED] - Delayed 2 second(s)

2020-02-11 13:58:46 - [TEST_STEP][PASSED] - waitForPageLoad(60): Wait for page load successfully

2020-02-11 13:58:46 - [MESSAGE][PASSED] - Wait for page load successfully

2020-02-11 13:58:46 - [MESSAGE][PASSED] - Call Test Case 'Test Cases/Reusable_Test_Sequences/CAT_Search_Trade_Name' successfully

2020-02-11 13:58:46 - [TEST_STEP][PASSED] - "------------------------------------------": null

2020-02-11 13:58:46 - [TEST_STEP][PASSED] - " Scroll to Page Footer to Reveal Results  |": null

2020-02-11 13:58:46 - [TEST_STEP][PASSED] - callTestCase(findTestCase("Reusable_Test_Sequences/CAT_Scroll_to_Footer"), [:], CONTINUE_ON_FAILURE): Call Test Case 'Test Cases/Reusable_Test_Sequences/CAT_Scroll_to_Footer' successfully

2020-02-11 13:58:46 - [TEST_CASE][PASSED] - Test Cases/Reusable_Test_Sequences/CAT_Scroll_to_Footer: Test Cases/Reusable_Test_Sequences/CAT_Scroll_to_Footer

2020-02-11 13:58:46 - [TEST_STEP][PASSED] - "-----------------------------------------------------": null

2020-02-11 13:58:46 - [TEST_STEP][PASSED] - " Major changes factored into function 05/12/2019     |": null

2020-02-11 13:58:46 - [TEST_STEP][PASSED] - "-----------------------------------------------------": null

2020-02-11 13:58:46 - [TEST_STEP][PASSED] - "Animation Removed ": null

2020-02-11 13:58:46 - [TEST_STEP][PASSED] - "Scroll - To Footer on the bottom of the page (sometime off the screen) ": null

2020-02-11 13:58:46 - [TEST_STEP][PASSED] - waitForPageLoad(60): Wait for page load successfully

2020-02-11 13:58:46 - [MESSAGE][PASSED] - Wait for page load successfully

2020-02-11 13:58:46 - [TEST_STEP][PASSED] - scrollToPosition(999, 999): Browser is scrolled to position x = 999, y = 999

2020-02-11 13:58:46 - [MESSAGE][PASSED] - Browser is scrolled to position x = 999, y = 999

2020-02-11 13:58:46 - [TEST_STEP][PASSED] - delay(1): Delayed 1 second(s)

2020-02-11 13:58:47 - [MESSAGE][PASSED] - Delayed 1 second(s)

2020-02-11 13:58:47 - [MESSAGE][PASSED] - Call Test Case 'Test Cases/Reusable_Test_Sequences/CAT_Scroll_to_Footer' successfully

2020-02-11 13:58:47 - [TEST_STEP][PASSED] - "------------------------------------------": null

2020-02-11 13:58:47 - [TEST_STEP][PASSED] - " Verify Correct Location is Returned     |": null

2020-02-11 13:58:47 - [TEST_STEP][PASSED] - callTestCase(findTestCase("Reusable_Test_Sequences/CAT_Verification_Location"), [:], CONTINUE_ON_FAILURE): Call Test Case 'Test Cases/Reusable_Test_Sequences/CAT_Verification_Location' successfully

2020-02-11 13:58:47 - [TEST_CASE][PASSED] - Test Cases/Reusable_Test_Sequences/CAT_Verification_Location: Test Cases/Reusable_Test_Sequences/CAT_Verification_Location

2020-02-11 13:58:47 - [TEST_STEP][PASSED] - waitForPageLoad(60): Wait for page load successfully

2020-02-11 13:58:48 - [MESSAGE][PASSED] - Wait for page load successfully

2020-02-11 13:58:48 - [TEST_STEP][PASSED] - verifyTextPresent(findTestData("Search_CAT_ID_Data (1)").getValue("tradeNameLocationVerification", row), false): Text 'Bognor Regis' is present on page 

2020-02-11 13:58:49 - [MESSAGE][PASSED] - Text 'Bognor Regis' is present on page 

2020-02-11 13:58:49 - [MESSAGE][PASSED] - Call Test Case 'Test Cases/Reusable_Test_Sequences/CAT_Verification_Location' successfully

2020-02-11 13:58:49 - [TEST_STEP][PASSED] - "------------------------------------------": null

2020-02-11 13:58:49 - [TEST_STEP][PASSED] - " Verify Primary Contact is Returned     |": null

2020-02-11 13:58:49 - [TEST_STEP][PASSED] - callTestCase(findTestCase("Reusable_Test_Sequences/CAT_Verification_Primary_Contact"), [:], CONTINUE_ON_FAILURE): Call Test Case 'Test Cases/Reusable_Test_Sequences/CAT_Verification_Primary_Contact' successfully

2020-02-11 13:58:50 - [TEST_CASE][PASSED] - Test Cases/Reusable_Test_Sequences/CAT_Verification_Primary_Contact: Test Cases/Reusable_Test_Sequences/CAT_Verification_Primary_Contact

2020-02-11 13:58:50 - [TEST_STEP][PASSED] - verifyTextPresent(findTestData("Search_CAT_ID_Data (1)").getValue("primeContact", row), false): Text 'Mr Scott Heyburn' is present on page 

2020-02-11 13:58:51 - [MESSAGE][PASSED] - Text 'Mr Scott Heyburn' is present on page 

2020-02-11 13:58:51 - [MESSAGE][PASSED] - Call Test Case 'Test Cases/Reusable_Test_Sequences/CAT_Verification_Primary_Contact' successfully

2020-02-11 13:58:51 - [TEST_STEP][PASSED] - "--------------------------": null

2020-02-11 13:58:51 - [TEST_STEP][PASSED] - " Teardown - CLose Browser |": null

2020-02-11 13:58:51 - [TEST_STEP][PASSED] - callTestCase(findTestCase("Reusable_Test_Sequences/CAT_Teardown"), [:], OPTIONAL): Call Test Case 'Test Cases/Reusable_Test_Sequences/CAT_Teardown' successfully

2020-02-11 13:58:51 - [TEST_CASE][PASSED] - Test Cases/Reusable_Test_Sequences/CAT_Teardown: Test Cases/Reusable_Test_Sequences/CAT_Teardown

2020-02-11 13:58:51 - [TEST_STEP][PASSED] - closeBrowser(): Browser is closed

2020-02-11 13:58:53 - [MESSAGE][PASSED] - Browser is closed

2020-02-11 13:58:53 - [MESSAGE][PASSED] - Call Test Case 'Test Cases/Reusable_Test_Sequences/CAT_Teardown' successfully]]></system-out>
         <system-err><![CDATA[]]></system-err>
      </testcase>
      <system-out><![CDATA[2020-02-11 13:55:12 - [TEST_SUITE][PASSED] - Trade_Name_Multiple_Search: Test Cases/Checkatrade_Tradesman_Searches/Trade_Name_Search_Multiple]]></system-out>
      <system-err><![CDATA[]]></system-err>
   </testsuite>
</testsuites>
