<?xml version="1.0" encoding="UTF-8"?>
<testsuites name="Web_Office_Searches" time="572.681" tests="3" failures="0" errors="0">
   <testsuite name="Web_Office_Searches" tests="3" failures="0" errors="0" time="572.681" timestamp="2020-04-16 13:31:12" hostname="DavidHo - 192.168.1.238" id="Test Suites/Web_Office_Searches">
      <properties>
         <property name="deviceName" value=""/>
         <property name="devicePlatform" value=""/>
         <property name="logFolder" value="C:\\Users\\davidho\\git\\src\\Reports\\20200416_130953\\Web_Office_Searches\\20200416_131002"/>
         <property name="logFiles" value="C:\\Users\\davidho\\git\\src\\Reports\\20200416_130953\\Web_Office_Searches\\20200416_131002\\execution0.log"/>
         <property name="attachments" value="C:\\Users\\davidho\\git\\src\\Reports\\20200416_130953\\Web_Office_Searches\\20200416_131002\\1587040679564.png"/>
         <property name="hostName" value="DavidHo - 192.168.1.238"/>
         <property name="os" value="Windows 10 32bit"/>
         <property name="katalonVersion" value="7.3.1.1"/>
         <property name="browser" value="Chrome 81.0.4044.92"/>
         <property name="hostAddress" value="192.168.1.238"/>
         <property name="sessionId" value="0fc71549206eea469b35771c3bf119af"/>
         <property name="seleniumVersion" value="3.141.59"/>
         <property name="proxyInformation" value="ProxyInformation{proxyOption=NO_PROXY, proxyServerType=HTTP, password=, proxyServerAddress=, proxyServerPort=0, executionList=}"/>
         <property name="platform" value="Windows 10"/>
      </properties>
      <testcase name="Test Cases/Web_Office/WebOffice_Companies_Advanced_Search" time="217.423" classname="Test Cases/Web_Office/WebOffice_Companies_Advanced_Search" status="PASSED">
         <system-out><![CDATA[2020-04-16 13:31:13 - [TEST_CASE][PASSED] - Test Cases/Web_Office/WebOffice_Companies_Advanced_Search: Test Cases/Web_Office/WebOffice_Companies_Advanced_Search

2020-04-16 13:31:13 - [TEST_STEP][PASSED] - for ([row = 1, row <= findTestData("Data Files/Advance_Company_Search_Data").getRowNumbers(), (internal.GlobalVariable.row++)]): Call Test Case 'Test Cases/Reusable_Test_Sequences/CAT_Teardown' successfully

2020-04-16 13:31:15 - [TEST_STEP][PASSED] - "--------------------------------------": null

2020-04-16 13:31:15 - [TEST_STEP][PASSED] - " Web Office StartUp                  |": null

2020-04-16 13:31:15 - [TEST_STEP][PASSED] - callTestCase(findTestCase("Reusable_Test_Sequences/Web_Office/Directives/WebOffice_StartUp"), [:], STOP_ON_FAILURE): Call Test Case 'Test Cases/Reusable_Test_Sequences/Web_Office/Directives/WebOffice_StartUp' successfully

2020-04-16 13:31:16 - [TEST_CASE][PASSED] - Test Cases/Reusable_Test_Sequences/Web_Office/Directives/WebOffice_StartUp: Test Cases/Reusable_Test_Sequences/Web_Office/Directives/WebOffice_StartUp

2020-04-16 13:31:16 - [TEST_STEP][PASSED] - "-----------------------------------------------------------------------------": null

2020-04-16 13:31:16 - [TEST_STEP][PASSED] - if (URL == "https://www.dev.checkatrade.com/"): null

2020-04-16 13:31:16 - [TEST_STEP][PASSED] - "-----------------------------------------------------------------------------": null

2020-04-16 13:31:16 - [TEST_STEP][PASSED] - if (URL == "https://www.checkatrade.com/"): null

2020-04-16 13:31:16 - [TEST_STEP][PASSED] - "-----------------------------------------------------------------------------": null

2020-04-16 13:31:16 - [TEST_STEP][PASSED] - if (URL == "https://www.preview.checkatrade.com/"): null

2020-04-16 13:31:16 - [TEST_STEP][PASSED] - WebOfficeURL = "https://admin.preview.checkatrade.com/": null

2020-04-16 13:31:16 - [TEST_STEP][PASSED] - if (URL == "https://www.dev2.checkatrade.com/"): null

2020-04-16 13:31:16 - [TEST_STEP][PASSED] - "Set Function Area for "URL_Handler", URL Resolution": null

2020-04-16 13:31:16 - [TEST_STEP][PASSED] - "Do Some Magic with URL(s) See the comments within URL Handler ": null

2020-04-16 13:31:16 - [TEST_STEP][PASSED] - "------------------------------------------------": null

2020-04-16 13:31:16 - [TEST_STEP][PASSED] - "Moved Login Credentials to <Default> profile 22/01/2020": null

2020-04-16 13:31:16 - [TEST_STEP][PASSED] - "------------------------------------------------": null

2020-04-16 13:31:16 - [TEST_STEP][PASSED] - "WebOfficeURL - Set from the ENVIRONMENT PROFILE ": null

2020-04-16 13:31:16 - [TEST_STEP][PASSED] - "OPEN BROWSER": null

2020-04-16 13:31:16 - [TEST_STEP][PASSED] - "eg - https://admin.preview.checkatrade.com/  ": null

2020-04-16 13:31:16 - [TEST_STEP][PASSED] - openBrowser(WebOfficeURL): Browser is opened with url: 'https://admin.preview.checkatrade.com/'

2020-04-16 13:31:16 - [MESSAGE][INFO] - Starting 'Chrome' driver

2020-04-16 13:31:17 - [MESSAGE][INFO] - Action delay is set to 0 milliseconds

2020-04-16 13:31:25 - [MESSAGE][PASSED] - Browser is opened with url: 'https://admin.preview.checkatrade.com/'

2020-04-16 13:31:25 - [TEST_STEP][PASSED] - maximizeWindow(): Current window maximized

2020-04-16 13:31:28 - [MESSAGE][PASSED] - Current window maximized

2020-04-16 13:31:28 - [TEST_STEP][PASSED] - waitForElementClickable(findTestObject("Object Repository/WebOffice/Page_Checkatrade - Administration - Login/Login_Button"), 25): Object 'Object Repository/WebOffice/Page_Checkatrade - Administration - Login/Login_Button' is clickable

2020-04-16 13:31:28 - [MESSAGE][PASSED] - Object 'Object Repository/WebOffice/Page_Checkatrade - Administration - Login/Login_Button' is clickable

2020-04-16 13:31:28 - [TEST_STEP][PASSED] - verifyTextPresent("Checkatrade Web Office", false): Text 'Checkatrade Web Office' is present on page 

2020-04-16 13:31:28 - [MESSAGE][PASSED] - Text 'Checkatrade Web Office' is present on page 

2020-04-16 13:31:28 - [TEST_STEP][PASSED] - verifyTextPresent("Access for staff use only", false): Text 'Access for staff use only' is present on page 

2020-04-16 13:31:28 - [MESSAGE][PASSED] - Text 'Access for staff use only' is present on page 

2020-04-16 13:31:28 - [TEST_STEP][PASSED] - verifyTextPresent("Forgotten password?", false): Text 'Forgotten password?' is present on page 

2020-04-16 13:31:28 - [MESSAGE][PASSED] - Text 'Forgotten password?' is present on page 

2020-04-16 13:31:28 - [TEST_STEP][PASSED] - setText(findTestObject("Object Repository/WebOffice/Page_Checkatrade - Administration - Login/input_Username_LoginControlUserName"), wo_Username): Text 'DavidHo' is set on object 'Object Repository/WebOffice/Page_Checkatrade - Administration - Login/input_Username_LoginControlUserName'

2020-04-16 13:31:29 - [MESSAGE][PASSED] - Text 'DavidHo' is set on object 'Object Repository/WebOffice/Page_Checkatrade - Administration - Login/input_Username_LoginControlUserName'

2020-04-16 13:31:29 - [TEST_STEP][PASSED] - setText(findTestObject("Object Repository/WebOffice/Page_Checkatrade - Administration - Login/input_Password_LoginControlPassword"), wo_Password): Text 'Check123' is set on object 'Object Repository/WebOffice/Page_Checkatrade - Administration - Login/input_Password_LoginControlPassword'

2020-04-16 13:31:29 - [MESSAGE][PASSED] - Text 'Check123' is set on object 'Object Repository/WebOffice/Page_Checkatrade - Administration - Login/input_Password_LoginControlPassword'

2020-04-16 13:31:29 - [TEST_STEP][PASSED] - click(findTestObject("Object Repository/WebOffice/Page_Checkatrade - Administration - Login/Login_Button")): Object: 'Object Repository/WebOffice/Page_Checkatrade - Administration - Login/Login_Button' is clicked on

2020-04-16 13:31:32 - [MESSAGE][PASSED] - Object: 'Object Repository/WebOffice/Page_Checkatrade - Administration - Login/Login_Button' is clicked on

2020-04-16 13:31:32 - [TEST_STEP][PASSED] - waitForPageLoad(60): Wait for page load successfully

2020-04-16 13:31:32 - [MESSAGE][PASSED] - Wait for page load successfully

2020-04-16 13:31:32 - [TEST_STEP][PASSED] - verifyTextPresent("Welcome " + wo_Username, false): Text 'Welcome DavidHo' is present on page 

2020-04-16 13:31:32 - [MESSAGE][PASSED] - Text 'Welcome DavidHo' is present on page 

2020-04-16 13:31:32 - [MESSAGE][PASSED] - Call Test Case 'Test Cases/Reusable_Test_Sequences/Web_Office/Directives/WebOffice_StartUp' successfully

2020-04-16 13:31:32 - [TEST_STEP][PASSED] - "--------------------------------------": null

2020-04-16 13:31:32 - [TEST_STEP][PASSED] - " Navigate to <Companies> Menu Item    |": null

2020-04-16 13:31:32 - [TEST_STEP][PASSED] - callTestCase(findTestCase("Reusable_Test_Sequences/Web_Office/navigation/Navigate_Advanced_Company_Search"), [:], STOP_ON_FAILURE): Call Test Case 'Test Cases/Reusable_Test_Sequences/Web_Office/navigation/Navigate_Advanced_Company_Search' successfully

2020-04-16 13:31:32 - [TEST_CASE][PASSED] - Test Cases/Reusable_Test_Sequences/Web_Office/navigation/Navigate_Advanced_Company_Search: Test Cases/Reusable_Test_Sequences/Web_Office/navigation/Navigate_Advanced_Company_Search

2020-04-16 13:31:33 - [TEST_STEP][PASSED] - "--------------------------------------": null

2020-04-16 13:31:33 - [TEST_STEP][PASSED] - " Navigate Top level menu Item         |": null

2020-04-16 13:31:33 - [TEST_STEP][PASSED] - waitForPageLoad(60): Wait for page load successfully

2020-04-16 13:31:33 - [MESSAGE][PASSED] - Wait for page load successfully

2020-04-16 13:31:33 - [TEST_STEP][PASSED] - waitForElementClickable(findTestObject("Object Repository/WebOffice_Home_page/a_Companies"), 60): Object 'Object Repository/WebOffice_Home_page/a_Companies' is clickable

2020-04-16 13:31:33 - [MESSAGE][PASSED] - Object 'Object Repository/WebOffice_Home_page/a_Companies' is clickable

2020-04-16 13:31:33 - [TEST_STEP][PASSED] - mouseOver(findTestObject("Object Repository/WebOffice_Home_page/a_Companies")): Object: 'Object Repository/WebOffice_Home_page/a_Companies' is hovered

2020-04-16 13:31:33 - [MESSAGE][PASSED] - Object: 'Object Repository/WebOffice_Home_page/a_Companies' is hovered

2020-04-16 13:31:33 - [TEST_STEP][PASSED] - waitForElementClickable(findTestObject("Object Repository/WebOffice_Home_page/a_Company_Advanced_Search"), 1): Object 'Object Repository/WebOffice_Home_page/a_Company_Advanced_Search' is clickable

2020-04-16 13:31:33 - [MESSAGE][PASSED] - Object 'Object Repository/WebOffice_Home_page/a_Company_Advanced_Search' is clickable

2020-04-16 13:31:33 - [TEST_STEP][PASSED] - click(findTestObject("Object Repository/WebOffice_Home_page/a_Company_Advanced_Search")): Object: 'Object Repository/WebOffice_Home_page/a_Company_Advanced_Search' is clicked on

2020-04-16 13:31:43 - [MESSAGE][PASSED] - Object: 'Object Repository/WebOffice_Home_page/a_Company_Advanced_Search' is clicked on

2020-04-16 13:31:43 - [MESSAGE][PASSED] - Call Test Case 'Test Cases/Reusable_Test_Sequences/Web_Office/navigation/Navigate_Advanced_Company_Search' successfully

2020-04-16 13:31:43 - [TEST_STEP][PASSED] - "--------------------------------------": null

2020-04-16 13:31:43 - [TEST_STEP][PASSED] - " LH Pane  - Apply Search Criteria     |": null

2020-04-16 13:31:43 - [TEST_STEP][PASSED] - callTestCase(findTestCase("Reusable_Test_Sequences/Web_Office/Actions/Set_Advanced_Company_Data"), [:], STOP_ON_FAILURE): Call Test Case 'Test Cases/Reusable_Test_Sequences/Web_Office/Actions/Set_Advanced_Company_Data' successfully

2020-04-16 13:31:44 - [TEST_CASE][PASSED] - Test Cases/Reusable_Test_Sequences/Web_Office/Actions/Set_Advanced_Company_Data: Test Cases/Reusable_Test_Sequences/Web_Office/Actions/Set_Advanced_Company_Data

2020-04-16 13:31:44 - [TEST_STEP][PASSED] - "--------------------------------": null

2020-04-16 13:31:44 - [TEST_STEP][PASSED] - "Read data from spreadsheet      |": null

2020-04-16 13:31:44 - [TEST_STEP][PASSED] - data = findTestData("Data Files/Advance_Company_Search_Data"): null

2020-04-16 13:31:44 - [TEST_STEP][PASSED] - Trader_ID = data.getValue("Trader_ID", row): null

2020-04-16 13:31:44 - [TEST_STEP][PASSED] - Limited_Company_Number = data.getValue("Limited_Company_Number", row): null

2020-04-16 13:31:44 - [TEST_STEP][PASSED] - Company_Name = data.getValue("Company_Name", row): null

2020-04-16 13:31:44 - [TEST_STEP][PASSED] - Owner_Surname = data.getValue("Owner_Surname", row): null

2020-04-16 13:31:44 - [TEST_STEP][PASSED] - Owner_DOB = data.getValue("Owner_DOB", row): null

2020-04-16 13:31:44 - [TEST_STEP][PASSED] - Name_House = data.getValue("Name_House", row): null

2020-04-16 13:31:44 - [TEST_STEP][PASSED] - Number_Street = data.getValue("Number_Street", row): null

2020-04-16 13:31:44 - [TEST_STEP][PASSED] - Town = data.getValue("Town", row): null

2020-04-16 13:31:44 - [TEST_STEP][PASSED] - City = data.getValue("City", row): null

2020-04-16 13:31:44 - [TEST_STEP][PASSED] - County = data.getValue("County", row): null

2020-04-16 13:31:44 - [TEST_STEP][PASSED] - Postcode = data.getValue("Postcode", row): null

2020-04-16 13:31:44 - [TEST_STEP][PASSED] - Tel = data.getValue("Tel", row): null

2020-04-16 13:31:44 - [TEST_STEP][PASSED] - Email = data.getValue("Email", row): null

2020-04-16 13:31:44 - [TEST_STEP][PASSED] - "slack": null

2020-04-16 13:31:44 - [TEST_STEP][PASSED] - "--------------------------------": null

2020-04-16 13:31:44 - [TEST_STEP][PASSED] - " Synchronisation                |": null

2020-04-16 13:31:44 - [TEST_STEP][PASSED] - waitForPageLoad(60): Wait for page load successfully

2020-04-16 13:31:44 - [MESSAGE][PASSED] - Wait for page load successfully

2020-04-16 13:31:44 - [TEST_STEP][PASSED] - waitForElementVisible(findTestObject("Web_Office_Advanced_Company_Search/Page_/input_Clear_ctl00ctl00CP1ctlSearchbtnSearch"), 60): Object 'Object Repository/Web_Office_Advanced_Company_Search/Page_/input_Clear_ctl00ctl00CP1ctlSearchbtnSearch' is visible

2020-04-16 13:31:44 - [MESSAGE][PASSED] - Object 'Object Repository/Web_Office_Advanced_Company_Search/Page_/input_Clear_ctl00ctl00CP1ctlSearchbtnSearch' is visible

2020-04-16 13:31:44 - [TEST_STEP][PASSED] - "https://admin.preview.checkatrade.com/Companies/Search.aspx": null

2020-04-16 13:31:44 - [TEST_STEP][PASSED] - "-------------------------------------------------------------------------------------------------------------------------------------": null

2020-04-16 13:31:44 - [TEST_STEP][PASSED] - setText(findTestObject("Web_Office_Advanced_Company_Search/Page_/table_Trader ID"), Trader_ID): Text '280592' is set on object 'Object Repository/Web_Office_Advanced_Company_Search/Page_/table_Trader ID'

2020-04-16 13:31:45 - [MESSAGE][PASSED] - Text '280592' is set on object 'Object Repository/Web_Office_Advanced_Company_Search/Page_/table_Trader ID'

2020-04-16 13:31:45 - [TEST_STEP][PASSED] - "-------------------------------------------------------------------------------------------------------------------------------------": null

2020-04-16 13:31:45 - [TEST_STEP][PASSED] - setText(findTestObject("Web_Office_Advanced_Company_Search/Page_/input_Limited Company Number"), Limited_Company_Number): Text '' is set on object 'Object Repository/Web_Office_Advanced_Company_Search/Page_/input_Limited Company Number'

2020-04-16 13:31:45 - [MESSAGE][PASSED] - Text '' is set on object 'Object Repository/Web_Office_Advanced_Company_Search/Page_/input_Limited Company Number'

2020-04-16 13:31:45 - [TEST_STEP][PASSED] - "-------------------------------------------------------------------------------------------------------------------------------------": null

2020-04-16 13:31:45 - [TEST_STEP][PASSED] - setText(findTestObject("Web_Office_Advanced_Company_Search/Page_/input_Company Name"), Company_Name): Text '' is set on object 'Object Repository/Web_Office_Advanced_Company_Search/Page_/input_Company Name'

2020-04-16 13:31:45 - [MESSAGE][PASSED] - Text '' is set on object 'Object Repository/Web_Office_Advanced_Company_Search/Page_/input_Company Name'

2020-04-16 13:31:45 - [TEST_STEP][PASSED] - "-------------------------------------------------------------------------------------------------------------------------------------": null

2020-04-16 13:31:45 - [TEST_STEP][PASSED] - "Set Owner_Date of Birth": null

2020-04-16 13:31:45 - [TEST_STEP][PASSED] - "-------------------------------------------------------------------------------------------------------------------------------------": null

2020-04-16 13:31:45 - [TEST_STEP][PASSED] - setText(findTestObject("Web_Office_Advanced_Company_Search/Page_/input_Owner Surname"), Owner_Surname): Text 'Brown' is set on object 'Object Repository/Web_Office_Advanced_Company_Search/Page_/input_Owner Surname'

2020-04-16 13:31:46 - [MESSAGE][PASSED] - Text 'Brown' is set on object 'Object Repository/Web_Office_Advanced_Company_Search/Page_/input_Owner Surname'

2020-04-16 13:31:46 - [TEST_STEP][PASSED] - "-------------------------------------------------------------------------------------------------------------------------------------": null

2020-04-16 13:31:46 - [TEST_STEP][PASSED] - setText(findTestObject("Web_Office_Advanced_Company_Search/Page_/input_Name Of House"), Name_House): Text '' is set on object 'Object Repository/Web_Office_Advanced_Company_Search/Page_/input_Name Of House'

2020-04-16 13:31:46 - [MESSAGE][PASSED] - Text '' is set on object 'Object Repository/Web_Office_Advanced_Company_Search/Page_/input_Name Of House'

2020-04-16 13:31:46 - [TEST_STEP][PASSED] - "-------------------------------------------------------------------------------------------------------------------------------------": null

2020-04-16 13:31:46 - [TEST_STEP][PASSED] - "Set Street": null

2020-04-16 13:31:46 - [TEST_STEP][PASSED] - "-------------------------------------------------------------------------------------------------------------------------------------": null

2020-04-16 13:31:46 - [TEST_STEP][PASSED] - setText(findTestObject("Web_Office_Advanced_Company_Search/Page_/input_Town"), Town): Text '' is set on object 'Object Repository/Web_Office_Advanced_Company_Search/Page_/input_Town'

2020-04-16 13:31:46 - [MESSAGE][PASSED] - Text '' is set on object 'Object Repository/Web_Office_Advanced_Company_Search/Page_/input_Town'

2020-04-16 13:31:46 - [TEST_STEP][PASSED] - "-------------------------------------------------------------------------------------------------------------------------------------": null

2020-04-16 13:31:46 - [TEST_STEP][PASSED] - setText(findTestObject("Web_Office_Advanced_Company_Search/Page_/input_City"), City): Text 'Haywards Heath' is set on object 'Object Repository/Web_Office_Advanced_Company_Search/Page_/input_City'

2020-04-16 13:31:47 - [MESSAGE][PASSED] - Text 'Haywards Heath' is set on object 'Object Repository/Web_Office_Advanced_Company_Search/Page_/input_City'

2020-04-16 13:31:47 - [TEST_STEP][PASSED] - "-------------------------------------------------------------------------------------------------------------------------------------": null

2020-04-16 13:31:47 - [TEST_STEP][PASSED] - setText(findTestObject("Web_Office_Advanced_Company_Search/Page_/input_County"), County): Text 'West Sussex' is set on object 'Object Repository/Web_Office_Advanced_Company_Search/Page_/input_County'

2020-04-16 13:31:48 - [MESSAGE][PASSED] - Text 'West Sussex' is set on object 'Object Repository/Web_Office_Advanced_Company_Search/Page_/input_County'

2020-04-16 13:31:48 - [TEST_STEP][PASSED] - "-------------------------------------------------------------------------------------------------------------------------------------": null

2020-04-16 13:31:48 - [TEST_STEP][PASSED] - setText(findTestObject("Web_Office_Advanced_Company_Search/Page_/input_Postcode"), Postcode): Text 'RH16 4ER' is set on object 'Object Repository/Web_Office_Advanced_Company_Search/Page_/input_Postcode'

2020-04-16 13:31:48 - [MESSAGE][PASSED] - Text 'RH16 4ER' is set on object 'Object Repository/Web_Office_Advanced_Company_Search/Page_/input_Postcode'

2020-04-16 13:31:48 - [TEST_STEP][PASSED] - "-------------------------------------------------------------------------------------------------------------------------------------": null

2020-04-16 13:31:48 - [TEST_STEP][PASSED] - setText(findTestObject("Web_Office_Advanced_Company_Search/Page_/input_Telephone"), Tel): Text '01444 657789' is set on object 'Object Repository/Web_Office_Advanced_Company_Search/Page_/input_Telephone'

2020-04-16 13:31:49 - [MESSAGE][PASSED] - Text '01444 657789' is set on object 'Object Repository/Web_Office_Advanced_Company_Search/Page_/input_Telephone'

2020-04-16 13:31:49 - [TEST_STEP][PASSED] - "-------------------------------------------------------------------------------------------------------------------------------------": null

2020-04-16 13:31:49 - [TEST_STEP][PASSED] - setText(findTestObject("Web_Office_Advanced_Company_Search/Page_/input_Email"), Email): Text 'gordon@drainboss.co.uk' is set on object 'Object Repository/Web_Office_Advanced_Company_Search/Page_/input_Email'

2020-04-16 13:31:50 - [MESSAGE][PASSED] - Text 'gordon@drainboss.co.uk' is set on object 'Object Repository/Web_Office_Advanced_Company_Search/Page_/input_Email'

2020-04-16 13:31:50 - [TEST_STEP][PASSED] - "Set Status": null

2020-04-16 13:31:50 - [TEST_STEP][PASSED] - "-------------------------------------------------------------------------------------------------------------------------------------": null

2020-04-16 13:31:50 - [TEST_STEP][PASSED] - "Status 3 Options": null

2020-04-16 13:31:50 - [TEST_STEP][PASSED] - "-------------------------------------------------------------------------------------------------------------------------------------": null

2020-04-16 13:31:50 - [TEST_STEP][PASSED] - "Set Type": null

2020-04-16 13:31:50 - [TEST_STEP][PASSED] - "-------------------------------------------------------------------------------------------------------------------------------------": null

2020-04-16 13:31:50 - [TEST_STEP][PASSED] - "Type 3 Options": null

2020-04-16 13:31:50 - [TEST_STEP][PASSED] - "-------------------------------------------------------------------------------------------------------------------------------------": null

2020-04-16 13:31:50 - [TEST_STEP][PASSED] - scrollToPosition(0, 0): Browser is scrolled to position x = 0, y = 0

2020-04-16 13:31:50 - [MESSAGE][PASSED] - Browser is scrolled to position x = 0, y = 0

2020-04-16 13:31:50 - [TEST_STEP][PASSED] - waitForElementClickable(findTestObject("Web_Office_Advanced_Company_Search/Page_/Top_Search_Button"), 5): Object 'Object Repository/Web_Office_Advanced_Company_Search/Page_/Top_Search_Button' is clickable

2020-04-16 13:31:50 - [MESSAGE][PASSED] - Object 'Object Repository/Web_Office_Advanced_Company_Search/Page_/Top_Search_Button' is clickable

2020-04-16 13:31:50 - [TEST_STEP][PASSED] - click(findTestObject("Web_Office_Advanced_Company_Search/Page_/Top_Search_Button")): Object: 'Object Repository/Web_Office_Advanced_Company_Search/Page_/Top_Search_Button' is clicked on

2020-04-16 13:32:08 - [MESSAGE][PASSED] - Object: 'Object Repository/Web_Office_Advanced_Company_Search/Page_/Top_Search_Button' is clicked on

2020-04-16 13:32:08 - [MESSAGE][PASSED] - Call Test Case 'Test Cases/Reusable_Test_Sequences/Web_Office/Actions/Set_Advanced_Company_Data' successfully

2020-04-16 13:32:08 - [TEST_STEP][PASSED] - "--------------------------------------": null

2020-04-16 13:32:08 - [TEST_STEP][PASSED] - " Select Returned Record to Verify     |": null

2020-04-16 13:32:08 - [TEST_STEP][PASSED] - callTestCase(findTestCase("Reusable_Test_Sequences/Web_Office/Actions/Select_Company"), [:], OPTIONAL): Call Test Case 'Test Cases/Reusable_Test_Sequences/Web_Office/Actions/Select_Company' successfully

2020-04-16 13:32:08 - [TEST_CASE][PASSED] - Test Cases/Reusable_Test_Sequences/Web_Office/Actions/Select_Company: Test Cases/Reusable_Test_Sequences/Web_Office/Actions/Select_Company

2020-04-16 13:32:08 - [TEST_STEP][PASSED] - waitForPageLoad(60): Wait for page load successfully

2020-04-16 13:32:08 - [MESSAGE][PASSED] - Wait for page load successfully

2020-04-16 13:32:08 - [TEST_STEP][PASSED] - waitForElementClickable(findTestObject("Web_Office_Advanced_Company_Search/Page_/td_Returned_Company"), 5): Object 'Object Repository/Web_Office_Advanced_Company_Search/Page_/td_Returned_Company' is clickable

2020-04-16 13:32:08 - [MESSAGE][PASSED] - Object 'Object Repository/Web_Office_Advanced_Company_Search/Page_/td_Returned_Company' is clickable

2020-04-16 13:32:08 - [TEST_STEP][PASSED] - "-------------------------------------------------------------------------------------------------------------------------------------": null

2020-04-16 13:32:08 - [TEST_STEP][PASSED] - click(findTestObject("Web_Office_Advanced_Company_Search/Page_/td_Returned_Company")): Object: 'Object Repository/Web_Office_Advanced_Company_Search/Page_/td_Returned_Company' is clicked on

2020-04-16 13:32:12 - [MESSAGE][PASSED] - Object: 'Object Repository/Web_Office_Advanced_Company_Search/Page_/td_Returned_Company' is clicked on

2020-04-16 13:32:12 - [MESSAGE][PASSED] - Call Test Case 'Test Cases/Reusable_Test_Sequences/Web_Office/Actions/Select_Company' successfully

2020-04-16 13:32:12 - [TEST_STEP][PASSED] - "--------------------------------------": null

2020-04-16 13:32:12 - [TEST_STEP][PASSED] - " Verify Returned Company Record       |": null

2020-04-16 13:32:12 - [TEST_STEP][PASSED] - callTestCase(findTestCase("Reusable_Test_Sequences/Web_Office/Verification/Company_Returned_Advanced_Search_Record"), [:], OPTIONAL): Call Test Case 'Test Cases/Reusable_Test_Sequences/Web_Office/Verification/Company_Returned_Advanced_Search_Record' successfully

2020-04-16 13:32:12 - [TEST_CASE][PASSED] - Test Cases/Reusable_Test_Sequences/Web_Office/Verification/Company_Returned_Advanced_Search_Record: Test Cases/Reusable_Test_Sequences/Web_Office/Verification/Company_Returned_Advanced_Search_Record

2020-04-16 13:32:13 - [TEST_STEP][PASSED] - "--------------------------------": null

2020-04-16 13:32:13 - [TEST_STEP][PASSED] - "Read data from spreadsheet      | r_ = Returned Data": null

2020-04-16 13:32:13 - [TEST_STEP][PASSED] - data = findTestData("Data Files/Advance_Company_Search_Data"): null

2020-04-16 13:32:13 - [TEST_STEP][PASSED] - Trader_ID = data.getValue("Trader_ID", row): null

2020-04-16 13:32:13 - [TEST_STEP][PASSED] - Limited_Company_Number = data.getValue("Limited_Company_Number", row): null

2020-04-16 13:32:13 - [TEST_STEP][PASSED] - Company_Name = data.getValue("Company_Name", row): null

2020-04-16 13:32:13 - [TEST_STEP][PASSED] - Owner_Surname = data.getValue("Owner_Surname", row): null

2020-04-16 13:32:13 - [TEST_STEP][PASSED] - Owner_DOB = data.getValue("Owner_DOB", row): null

2020-04-16 13:32:13 - [TEST_STEP][PASSED] - Name_House = data.getValue("Name_House", row): null

2020-04-16 13:32:13 - [TEST_STEP][PASSED] - Number_Street = data.getValue("Number_Street", row): null

2020-04-16 13:32:13 - [TEST_STEP][PASSED] - Town = data.getValue("Town", row): null

2020-04-16 13:32:13 - [TEST_STEP][PASSED] - City = data.getValue("City", row): null

2020-04-16 13:32:13 - [TEST_STEP][PASSED] - County = data.getValue("County", row): null

2020-04-16 13:32:13 - [TEST_STEP][PASSED] - Postcode = data.getValue("Postcode", row): null

2020-04-16 13:32:13 - [TEST_STEP][PASSED] - Tel = data.getValue("Tel", row): null

2020-04-16 13:32:13 - [TEST_STEP][PASSED] - Email = data.getValue("Email", row): null

2020-04-16 13:32:13 - [TEST_STEP][PASSED] - "--------------------------------": null

2020-04-16 13:32:13 - [TEST_STEP][PASSED] - "Read data from spreadsheet      |": null

2020-04-16 13:32:13 - [TEST_STEP][PASSED] - Actual_Page_Text = "": null

2020-04-16 13:32:13 - [TEST_STEP][PASSED] - Expected_Page_Text = "": null

2020-04-16 13:32:13 - [TEST_STEP][PASSED] - waitForPageLoad(60): Wait for page load successfully

2020-04-16 13:32:13 - [MESSAGE][PASSED] - Wait for page load successfully

2020-04-16 13:32:13 - [TEST_STEP][PASSED] - delay(1): Delayed 1 second(s)

2020-04-16 13:32:14 - [MESSAGE][PASSED] - Delayed 1 second(s)

2020-04-16 13:32:14 - [TEST_STEP][PASSED] - "---------------------------------------------------------------------------------------------------------------------": null

2020-04-16 13:32:14 - [TEST_STEP][PASSED] - "HEADER DETAIL - iFrame": null

2020-04-16 13:32:14 - [TEST_STEP][PASSED] - "-----------------": null

2020-04-16 13:32:14 - [TEST_STEP][PASSED] - "PAGE_HEADER TEXT |": null

2020-04-16 13:32:14 - [TEST_STEP][PASSED] - verifyTextPresent(findTestData("Data Files/Advance_Company_Search_Data").getValue("Page_Header_Text", row), false): Text 'BLOCKED DRAINS' is present on page 

2020-04-16 13:32:15 - [MESSAGE][PASSED] - Text 'BLOCKED DRAINS' is present on page 

2020-04-16 13:32:15 - [TEST_STEP][PASSED] - "----------------": null

2020-04-16 13:32:15 - [TEST_STEP][PASSED] - "Email Address   |": null

2020-04-16 13:32:15 - [TEST_STEP][PASSED] - verifyTextPresent(findTestData("Data Files/Advance_Company_Search_Data").getValue("Email", row), false): Text 'gordon@drainboss.co.uk' is present on page 

2020-04-16 13:32:15 - [MESSAGE][PASSED] - Text 'gordon@drainboss.co.uk' is present on page 

2020-04-16 13:32:15 - [TEST_STEP][PASSED] - "----------------": null

2020-04-16 13:32:15 - [TEST_STEP][PASSED] - "Phone Number    |": null

2020-04-16 13:32:15 - [TEST_STEP][PASSED] - verifyTextPresent(findTestData("Data Files/Advance_Company_Search_Data").getValue("Tel", row), false): Text '01444 657789' is present on page 

2020-04-16 13:32:16 - [MESSAGE][PASSED] - Text '01444 657789' is present on page 

2020-04-16 13:32:16 - [TEST_STEP][PASSED] - "----------------": null

2020-04-16 13:32:16 - [TEST_STEP][PASSED] - "Trader ID       |": null

2020-04-16 13:32:16 - [TEST_STEP][PASSED] - verifyTextPresent(findTestData("Data Files/Advance_Company_Search_Data").getValue("Trader_ID", row), false): Text '280592' is present on page 

2020-04-16 13:32:17 - [MESSAGE][PASSED] - Text '280592' is present on page 

2020-04-16 13:32:17 - [TEST_STEP][PASSED] - "----------------": null

2020-04-16 13:32:17 - [TEST_STEP][PASSED] - "Postcode        |": null

2020-04-16 13:32:17 - [TEST_STEP][PASSED] - verifyTextPresent(findTestData("Data Files/Advance_Company_Search_Data").getValue("Postcode", row), false): Text 'RH16 4ER' is present on page 

2020-04-16 13:32:18 - [MESSAGE][PASSED] - Text 'RH16 4ER' is present on page 

2020-04-16 13:32:18 - [TEST_STEP][PASSED] - "----------------": null

2020-04-16 13:32:18 - [TEST_STEP][PASSED] - "Full Name       |": null

2020-04-16 13:32:18 - [TEST_STEP][PASSED] - verifyTextPresent(findTestData("Data Files/Advance_Company_Search_Data").getValue("Full_Name", row), false): Text 'Mr Gordon Brown' is present on page 

2020-04-16 13:32:18 - [MESSAGE][PASSED] - Text 'Mr Gordon Brown' is present on page 

2020-04-16 13:32:18 - [TEST_STEP][PASSED] - "----------------": null

2020-04-16 13:32:18 - [TEST_STEP][PASSED] - "Date of Birth   |": null

2020-04-16 13:32:18 - [TEST_STEP][PASSED] - verifyTextPresent(findTestData("Data Files/Advance_Company_Search_Data").getValue("Owner_DOB", row), false): Text 'DoB: 23/01/1967' is present on page 

2020-04-16 13:32:19 - [MESSAGE][PASSED] - Text 'DoB: 23/01/1967' is present on page 

2020-04-16 13:32:19 - [TEST_STEP][PASSED] - "----------------": null

2020-04-16 13:32:19 - [TEST_STEP][PASSED] - "Full Address    |": null

2020-04-16 13:32:19 - [TEST_STEP][PASSED] - verifyTextPresent(findTestData("Data Files/Advance_Company_Search_Data").getValue("Full_Address", row), false): Text '2 Redwood Drive, Haywards Heath, West Sussex, RH16 4ER' is present on page 

2020-04-16 13:32:19 - [MESSAGE][PASSED] - Text '2 Redwood Drive, Haywards Heath, West Sussex, RH16 4ER' is present on page 

2020-04-16 13:32:19 - [MESSAGE][PASSED] - Call Test Case 'Test Cases/Reusable_Test_Sequences/Web_Office/Verification/Company_Returned_Advanced_Search_Record' successfully

2020-04-16 13:32:19 - [TEST_STEP][PASSED] - "--------------------------": null

2020-04-16 13:32:19 - [TEST_STEP][PASSED] - " Teardown - CLose Browser |": null

2020-04-16 13:32:19 - [TEST_STEP][PASSED] - callTestCase(findTestCase("Reusable_Test_Sequences/CAT_Teardown"), [:], OPTIONAL): Call Test Case 'Test Cases/Reusable_Test_Sequences/CAT_Teardown' successfully

2020-04-16 13:32:19 - [TEST_CASE][PASSED] - Test Cases/Reusable_Test_Sequences/CAT_Teardown: Test Cases/Reusable_Test_Sequences/CAT_Teardown

2020-04-16 13:32:20 - [TEST_STEP][PASSED] - closeBrowser(): Browser is closed

2020-04-16 13:32:21 - [MESSAGE][PASSED] - Browser is closed

2020-04-16 13:32:21 - [TEST_STEP][PASSED] - super.finalize(): null

2020-04-16 13:32:21 - [TEST_STEP][PASSED] - System.gc(): null

2020-04-16 13:32:21 - [MESSAGE][PASSED] - Call Test Case 'Test Cases/Reusable_Test_Sequences/CAT_Teardown' successfully

2020-04-16 13:32:21 - [TEST_STEP][PASSED] - "--------------------------------------": null

2020-04-16 13:32:21 - [TEST_STEP][PASSED] - " Web Office StartUp                  |": null

2020-04-16 13:32:21 - [TEST_STEP][PASSED] - callTestCase(findTestCase("Reusable_Test_Sequences/Web_Office/Directives/WebOffice_StartUp"), [:], STOP_ON_FAILURE): Call Test Case 'Test Cases/Reusable_Test_Sequences/Web_Office/Directives/WebOffice_StartUp' successfully

2020-04-16 13:32:21 - [TEST_CASE][PASSED] - Test Cases/Reusable_Test_Sequences/Web_Office/Directives/WebOffice_StartUp: Test Cases/Reusable_Test_Sequences/Web_Office/Directives/WebOffice_StartUp

2020-04-16 13:32:21 - [TEST_STEP][PASSED] - "-----------------------------------------------------------------------------": null

2020-04-16 13:32:21 - [TEST_STEP][PASSED] - if (URL == "https://www.dev.checkatrade.com/"): null

2020-04-16 13:32:21 - [TEST_STEP][PASSED] - "-----------------------------------------------------------------------------": null

2020-04-16 13:32:21 - [TEST_STEP][PASSED] - if (URL == "https://www.checkatrade.com/"): null

2020-04-16 13:32:21 - [TEST_STEP][PASSED] - "-----------------------------------------------------------------------------": null

2020-04-16 13:32:21 - [TEST_STEP][PASSED] - if (URL == "https://www.preview.checkatrade.com/"): null

2020-04-16 13:32:21 - [TEST_STEP][PASSED] - WebOfficeURL = "https://admin.preview.checkatrade.com/": null

2020-04-16 13:32:21 - [TEST_STEP][PASSED] - if (URL == "https://www.dev2.checkatrade.com/"): null

2020-04-16 13:32:21 - [TEST_STEP][PASSED] - "Set Function Area for "URL_Handler", URL Resolution": null

2020-04-16 13:32:21 - [TEST_STEP][PASSED] - "Do Some Magic with URL(s) See the comments within URL Handler ": null

2020-04-16 13:32:21 - [TEST_STEP][PASSED] - "------------------------------------------------": null

2020-04-16 13:32:21 - [TEST_STEP][PASSED] - "Moved Login Credentials to <Default> profile 22/01/2020": null

2020-04-16 13:32:21 - [TEST_STEP][PASSED] - "------------------------------------------------": null

2020-04-16 13:32:21 - [TEST_STEP][PASSED] - "WebOfficeURL - Set from the ENVIRONMENT PROFILE ": null

2020-04-16 13:32:21 - [TEST_STEP][PASSED] - "OPEN BROWSER": null

2020-04-16 13:32:21 - [TEST_STEP][PASSED] - "eg - https://admin.preview.checkatrade.com/  ": null

2020-04-16 13:32:21 - [TEST_STEP][PASSED] - openBrowser(WebOfficeURL): Browser is opened with url: 'https://admin.preview.checkatrade.com/'

2020-04-16 13:32:21 - [MESSAGE][INFO] - Starting 'Chrome' driver

2020-04-16 13:32:21 - [MESSAGE][INFO] - Action delay is set to 0 milliseconds

2020-04-16 13:32:25 - [MESSAGE][PASSED] - Browser is opened with url: 'https://admin.preview.checkatrade.com/'

2020-04-16 13:32:25 - [TEST_STEP][PASSED] - maximizeWindow(): Current window maximized

2020-04-16 13:32:27 - [MESSAGE][PASSED] - Current window maximized

2020-04-16 13:32:27 - [TEST_STEP][PASSED] - waitForElementClickable(findTestObject("Object Repository/WebOffice/Page_Checkatrade - Administration - Login/Login_Button"), 25): Object 'Object Repository/WebOffice/Page_Checkatrade - Administration - Login/Login_Button' is clickable

2020-04-16 13:32:28 - [MESSAGE][PASSED] - Object 'Object Repository/WebOffice/Page_Checkatrade - Administration - Login/Login_Button' is clickable

2020-04-16 13:32:28 - [TEST_STEP][PASSED] - verifyTextPresent("Checkatrade Web Office", false): Text 'Checkatrade Web Office' is present on page 

2020-04-16 13:32:28 - [MESSAGE][PASSED] - Text 'Checkatrade Web Office' is present on page 

2020-04-16 13:32:28 - [TEST_STEP][PASSED] - verifyTextPresent("Access for staff use only", false): Text 'Access for staff use only' is present on page 

2020-04-16 13:32:28 - [MESSAGE][PASSED] - Text 'Access for staff use only' is present on page 

2020-04-16 13:32:28 - [TEST_STEP][PASSED] - verifyTextPresent("Forgotten password?", false): Text 'Forgotten password?' is present on page 

2020-04-16 13:32:28 - [MESSAGE][PASSED] - Text 'Forgotten password?' is present on page 

2020-04-16 13:32:28 - [TEST_STEP][PASSED] - setText(findTestObject("Object Repository/WebOffice/Page_Checkatrade - Administration - Login/input_Username_LoginControlUserName"), wo_Username): Text 'DavidHo' is set on object 'Object Repository/WebOffice/Page_Checkatrade - Administration - Login/input_Username_LoginControlUserName'

2020-04-16 13:32:28 - [MESSAGE][PASSED] - Text 'DavidHo' is set on object 'Object Repository/WebOffice/Page_Checkatrade - Administration - Login/input_Username_LoginControlUserName'

2020-04-16 13:32:28 - [TEST_STEP][PASSED] - setText(findTestObject("Object Repository/WebOffice/Page_Checkatrade - Administration - Login/input_Password_LoginControlPassword"), wo_Password): Text 'Check123' is set on object 'Object Repository/WebOffice/Page_Checkatrade - Administration - Login/input_Password_LoginControlPassword'

2020-04-16 13:32:29 - [MESSAGE][PASSED] - Text 'Check123' is set on object 'Object Repository/WebOffice/Page_Checkatrade - Administration - Login/input_Password_LoginControlPassword'

2020-04-16 13:32:29 - [TEST_STEP][PASSED] - click(findTestObject("Object Repository/WebOffice/Page_Checkatrade - Administration - Login/Login_Button")): Object: 'Object Repository/WebOffice/Page_Checkatrade - Administration - Login/Login_Button' is clicked on

2020-04-16 13:32:31 - [MESSAGE][PASSED] - Object: 'Object Repository/WebOffice/Page_Checkatrade - Administration - Login/Login_Button' is clicked on

2020-04-16 13:32:31 - [TEST_STEP][PASSED] - waitForPageLoad(60): Wait for page load successfully

2020-04-16 13:32:31 - [MESSAGE][PASSED] - Wait for page load successfully

2020-04-16 13:32:31 - [TEST_STEP][PASSED] - verifyTextPresent("Welcome " + wo_Username, false): Text 'Welcome DavidHo' is present on page 

2020-04-16 13:32:31 - [MESSAGE][PASSED] - Text 'Welcome DavidHo' is present on page 

2020-04-16 13:32:31 - [MESSAGE][PASSED] - Call Test Case 'Test Cases/Reusable_Test_Sequences/Web_Office/Directives/WebOffice_StartUp' successfully

2020-04-16 13:32:31 - [TEST_STEP][PASSED] - "--------------------------------------": null

2020-04-16 13:32:31 - [TEST_STEP][PASSED] - " Navigate to <Companies> Menu Item    |": null

2020-04-16 13:32:31 - [TEST_STEP][PASSED] - callTestCase(findTestCase("Reusable_Test_Sequences/Web_Office/navigation/Navigate_Advanced_Company_Search"), [:], STOP_ON_FAILURE): Call Test Case 'Test Cases/Reusable_Test_Sequences/Web_Office/navigation/Navigate_Advanced_Company_Search' successfully

2020-04-16 13:32:31 - [TEST_CASE][PASSED] - Test Cases/Reusable_Test_Sequences/Web_Office/navigation/Navigate_Advanced_Company_Search: Test Cases/Reusable_Test_Sequences/Web_Office/navigation/Navigate_Advanced_Company_Search

2020-04-16 13:32:31 - [TEST_STEP][PASSED] - "--------------------------------------": null

2020-04-16 13:32:31 - [TEST_STEP][PASSED] - " Navigate Top level menu Item         |": null

2020-04-16 13:32:31 - [TEST_STEP][PASSED] - waitForPageLoad(60): Wait for page load successfully

2020-04-16 13:32:31 - [MESSAGE][PASSED] - Wait for page load successfully

2020-04-16 13:32:31 - [TEST_STEP][PASSED] - waitForElementClickable(findTestObject("Object Repository/WebOffice_Home_page/a_Companies"), 60): Object 'Object Repository/WebOffice_Home_page/a_Companies' is clickable

2020-04-16 13:32:32 - [MESSAGE][PASSED] - Object 'Object Repository/WebOffice_Home_page/a_Companies' is clickable

2020-04-16 13:32:32 - [TEST_STEP][PASSED] - mouseOver(findTestObject("Object Repository/WebOffice_Home_page/a_Companies")): Object: 'Object Repository/WebOffice_Home_page/a_Companies' is hovered

2020-04-16 13:32:32 - [MESSAGE][PASSED] - Object: 'Object Repository/WebOffice_Home_page/a_Companies' is hovered

2020-04-16 13:32:32 - [TEST_STEP][PASSED] - waitForElementClickable(findTestObject("Object Repository/WebOffice_Home_page/a_Company_Advanced_Search"), 1): Object 'Object Repository/WebOffice_Home_page/a_Company_Advanced_Search' is clickable

2020-04-16 13:32:32 - [MESSAGE][PASSED] - Object 'Object Repository/WebOffice_Home_page/a_Company_Advanced_Search' is clickable

2020-04-16 13:32:32 - [TEST_STEP][PASSED] - click(findTestObject("Object Repository/WebOffice_Home_page/a_Company_Advanced_Search")): Object: 'Object Repository/WebOffice_Home_page/a_Company_Advanced_Search' is clicked on

2020-04-16 13:32:35 - [MESSAGE][PASSED] - Object: 'Object Repository/WebOffice_Home_page/a_Company_Advanced_Search' is clicked on

2020-04-16 13:32:35 - [MESSAGE][PASSED] - Call Test Case 'Test Cases/Reusable_Test_Sequences/Web_Office/navigation/Navigate_Advanced_Company_Search' successfully

2020-04-16 13:32:35 - [TEST_STEP][PASSED] - "--------------------------------------": null

2020-04-16 13:32:35 - [TEST_STEP][PASSED] - " LH Pane  - Apply Search Criteria     |": null

2020-04-16 13:32:35 - [TEST_STEP][PASSED] - callTestCase(findTestCase("Reusable_Test_Sequences/Web_Office/Actions/Set_Advanced_Company_Data"), [:], STOP_ON_FAILURE): Call Test Case 'Test Cases/Reusable_Test_Sequences/Web_Office/Actions/Set_Advanced_Company_Data' successfully

2020-04-16 13:32:35 - [TEST_CASE][PASSED] - Test Cases/Reusable_Test_Sequences/Web_Office/Actions/Set_Advanced_Company_Data: Test Cases/Reusable_Test_Sequences/Web_Office/Actions/Set_Advanced_Company_Data

2020-04-16 13:32:35 - [TEST_STEP][PASSED] - "--------------------------------": null

2020-04-16 13:32:35 - [TEST_STEP][PASSED] - "Read data from spreadsheet      |": null

2020-04-16 13:32:35 - [TEST_STEP][PASSED] - data = findTestData("Data Files/Advance_Company_Search_Data"): null

2020-04-16 13:32:35 - [TEST_STEP][PASSED] - Trader_ID = data.getValue("Trader_ID", row): null

2020-04-16 13:32:35 - [TEST_STEP][PASSED] - Limited_Company_Number = data.getValue("Limited_Company_Number", row): null

2020-04-16 13:32:35 - [TEST_STEP][PASSED] - Company_Name = data.getValue("Company_Name", row): null

2020-04-16 13:32:35 - [TEST_STEP][PASSED] - Owner_Surname = data.getValue("Owner_Surname", row): null

2020-04-16 13:32:35 - [TEST_STEP][PASSED] - Owner_DOB = data.getValue("Owner_DOB", row): null

2020-04-16 13:32:35 - [TEST_STEP][PASSED] - Name_House = data.getValue("Name_House", row): null

2020-04-16 13:32:35 - [TEST_STEP][PASSED] - Number_Street = data.getValue("Number_Street", row): null

2020-04-16 13:32:35 - [TEST_STEP][PASSED] - Town = data.getValue("Town", row): null

2020-04-16 13:32:35 - [TEST_STEP][PASSED] - City = data.getValue("City", row): null

2020-04-16 13:32:35 - [TEST_STEP][PASSED] - County = data.getValue("County", row): null

2020-04-16 13:32:35 - [TEST_STEP][PASSED] - Postcode = data.getValue("Postcode", row): null

2020-04-16 13:32:35 - [TEST_STEP][PASSED] - Tel = data.getValue("Tel", row): null

2020-04-16 13:32:35 - [TEST_STEP][PASSED] - Email = data.getValue("Email", row): null

2020-04-16 13:32:35 - [TEST_STEP][PASSED] - "slack": null

2020-04-16 13:32:35 - [TEST_STEP][PASSED] - "--------------------------------": null

2020-04-16 13:32:35 - [TEST_STEP][PASSED] - " Synchronisation                |": null

2020-04-16 13:32:35 - [TEST_STEP][PASSED] - waitForPageLoad(60): Wait for page load successfully

2020-04-16 13:32:35 - [MESSAGE][PASSED] - Wait for page load successfully

2020-04-16 13:32:35 - [TEST_STEP][PASSED] - waitForElementVisible(findTestObject("Web_Office_Advanced_Company_Search/Page_/input_Clear_ctl00ctl00CP1ctlSearchbtnSearch"), 60): Object 'Object Repository/Web_Office_Advanced_Company_Search/Page_/input_Clear_ctl00ctl00CP1ctlSearchbtnSearch' is visible

2020-04-16 13:32:36 - [MESSAGE][PASSED] - Object 'Object Repository/Web_Office_Advanced_Company_Search/Page_/input_Clear_ctl00ctl00CP1ctlSearchbtnSearch' is visible

2020-04-16 13:32:36 - [TEST_STEP][PASSED] - "https://admin.preview.checkatrade.com/Companies/Search.aspx": null

2020-04-16 13:32:36 - [TEST_STEP][PASSED] - "-------------------------------------------------------------------------------------------------------------------------------------": null

2020-04-16 13:32:36 - [TEST_STEP][PASSED] - setText(findTestObject("Web_Office_Advanced_Company_Search/Page_/table_Trader ID"), Trader_ID): Text '280592' is set on object 'Object Repository/Web_Office_Advanced_Company_Search/Page_/table_Trader ID'

2020-04-16 13:32:36 - [MESSAGE][PASSED] - Text '280592' is set on object 'Object Repository/Web_Office_Advanced_Company_Search/Page_/table_Trader ID'

2020-04-16 13:32:36 - [TEST_STEP][PASSED] - "-------------------------------------------------------------------------------------------------------------------------------------": null

2020-04-16 13:32:36 - [TEST_STEP][PASSED] - setText(findTestObject("Web_Office_Advanced_Company_Search/Page_/input_Limited Company Number"), Limited_Company_Number): Text '' is set on object 'Object Repository/Web_Office_Advanced_Company_Search/Page_/input_Limited Company Number'

2020-04-16 13:32:36 - [MESSAGE][PASSED] - Text '' is set on object 'Object Repository/Web_Office_Advanced_Company_Search/Page_/input_Limited Company Number'

2020-04-16 13:32:36 - [TEST_STEP][PASSED] - "-------------------------------------------------------------------------------------------------------------------------------------": null

2020-04-16 13:32:36 - [TEST_STEP][PASSED] - setText(findTestObject("Web_Office_Advanced_Company_Search/Page_/input_Company Name"), Company_Name): Text '' is set on object 'Object Repository/Web_Office_Advanced_Company_Search/Page_/input_Company Name'

2020-04-16 13:32:36 - [MESSAGE][PASSED] - Text '' is set on object 'Object Repository/Web_Office_Advanced_Company_Search/Page_/input_Company Name'

2020-04-16 13:32:36 - [TEST_STEP][PASSED] - "-------------------------------------------------------------------------------------------------------------------------------------": null

2020-04-16 13:32:36 - [TEST_STEP][PASSED] - "Set Owner_Date of Birth": null

2020-04-16 13:32:36 - [TEST_STEP][PASSED] - "-------------------------------------------------------------------------------------------------------------------------------------": null

2020-04-16 13:32:36 - [TEST_STEP][PASSED] - setText(findTestObject("Web_Office_Advanced_Company_Search/Page_/input_Owner Surname"), Owner_Surname): Text '' is set on object 'Object Repository/Web_Office_Advanced_Company_Search/Page_/input_Owner Surname'

2020-04-16 13:32:37 - [MESSAGE][PASSED] - Text '' is set on object 'Object Repository/Web_Office_Advanced_Company_Search/Page_/input_Owner Surname'

2020-04-16 13:32:37 - [TEST_STEP][PASSED] - "-------------------------------------------------------------------------------------------------------------------------------------": null

2020-04-16 13:32:37 - [TEST_STEP][PASSED] - setText(findTestObject("Web_Office_Advanced_Company_Search/Page_/input_Name Of House"), Name_House): Text '' is set on object 'Object Repository/Web_Office_Advanced_Company_Search/Page_/input_Name Of House'

2020-04-16 13:32:37 - [MESSAGE][PASSED] - Text '' is set on object 'Object Repository/Web_Office_Advanced_Company_Search/Page_/input_Name Of House'

2020-04-16 13:32:37 - [TEST_STEP][PASSED] - "-------------------------------------------------------------------------------------------------------------------------------------": null

2020-04-16 13:32:37 - [TEST_STEP][PASSED] - "Set Street": null

2020-04-16 13:32:37 - [TEST_STEP][PASSED] - "-------------------------------------------------------------------------------------------------------------------------------------": null

2020-04-16 13:32:37 - [TEST_STEP][PASSED] - setText(findTestObject("Web_Office_Advanced_Company_Search/Page_/input_Town"), Town): Text '' is set on object 'Object Repository/Web_Office_Advanced_Company_Search/Page_/input_Town'

2020-04-16 13:32:37 - [MESSAGE][PASSED] - Text '' is set on object 'Object Repository/Web_Office_Advanced_Company_Search/Page_/input_Town'

2020-04-16 13:32:37 - [TEST_STEP][PASSED] - "-------------------------------------------------------------------------------------------------------------------------------------": null

2020-04-16 13:32:37 - [TEST_STEP][PASSED] - setText(findTestObject("Web_Office_Advanced_Company_Search/Page_/input_City"), City): Text '' is set on object 'Object Repository/Web_Office_Advanced_Company_Search/Page_/input_City'

2020-04-16 13:32:37 - [MESSAGE][PASSED] - Text '' is set on object 'Object Repository/Web_Office_Advanced_Company_Search/Page_/input_City'

2020-04-16 13:32:37 - [TEST_STEP][PASSED] - "-------------------------------------------------------------------------------------------------------------------------------------": null

2020-04-16 13:32:37 - [TEST_STEP][PASSED] - setText(findTestObject("Web_Office_Advanced_Company_Search/Page_/input_County"), County): Text '' is set on object 'Object Repository/Web_Office_Advanced_Company_Search/Page_/input_County'

2020-04-16 13:32:38 - [MESSAGE][PASSED] - Text '' is set on object 'Object Repository/Web_Office_Advanced_Company_Search/Page_/input_County'

2020-04-16 13:32:38 - [TEST_STEP][PASSED] - "-------------------------------------------------------------------------------------------------------------------------------------": null

2020-04-16 13:32:38 - [TEST_STEP][PASSED] - setText(findTestObject("Web_Office_Advanced_Company_Search/Page_/input_Postcode"), Postcode): Text '' is set on object 'Object Repository/Web_Office_Advanced_Company_Search/Page_/input_Postcode'

2020-04-16 13:32:38 - [MESSAGE][PASSED] - Text '' is set on object 'Object Repository/Web_Office_Advanced_Company_Search/Page_/input_Postcode'

2020-04-16 13:32:38 - [TEST_STEP][PASSED] - "-------------------------------------------------------------------------------------------------------------------------------------": null

2020-04-16 13:32:38 - [TEST_STEP][PASSED] - setText(findTestObject("Web_Office_Advanced_Company_Search/Page_/input_Telephone"), Tel): Text '' is set on object 'Object Repository/Web_Office_Advanced_Company_Search/Page_/input_Telephone'

2020-04-16 13:32:39 - [MESSAGE][PASSED] - Text '' is set on object 'Object Repository/Web_Office_Advanced_Company_Search/Page_/input_Telephone'

2020-04-16 13:32:39 - [TEST_STEP][PASSED] - "-------------------------------------------------------------------------------------------------------------------------------------": null

2020-04-16 13:32:39 - [TEST_STEP][PASSED] - setText(findTestObject("Web_Office_Advanced_Company_Search/Page_/input_Email"), Email): Text '' is set on object 'Object Repository/Web_Office_Advanced_Company_Search/Page_/input_Email'

2020-04-16 13:32:39 - [MESSAGE][PASSED] - Text '' is set on object 'Object Repository/Web_Office_Advanced_Company_Search/Page_/input_Email'

2020-04-16 13:32:39 - [TEST_STEP][PASSED] - "Set Status": null

2020-04-16 13:32:39 - [TEST_STEP][PASSED] - "-------------------------------------------------------------------------------------------------------------------------------------": null

2020-04-16 13:32:39 - [TEST_STEP][PASSED] - "Status 3 Options": null

2020-04-16 13:32:39 - [TEST_STEP][PASSED] - "-------------------------------------------------------------------------------------------------------------------------------------": null

2020-04-16 13:32:39 - [TEST_STEP][PASSED] - "Set Type": null

2020-04-16 13:32:39 - [TEST_STEP][PASSED] - "-------------------------------------------------------------------------------------------------------------------------------------": null

2020-04-16 13:32:39 - [TEST_STEP][PASSED] - "Type 3 Options": null

2020-04-16 13:32:39 - [TEST_STEP][PASSED] - "-------------------------------------------------------------------------------------------------------------------------------------": null

2020-04-16 13:32:39 - [TEST_STEP][PASSED] - scrollToPosition(0, 0): Browser is scrolled to position x = 0, y = 0

2020-04-16 13:32:39 - [MESSAGE][PASSED] - Browser is scrolled to position x = 0, y = 0

2020-04-16 13:32:39 - [TEST_STEP][PASSED] - waitForElementClickable(findTestObject("Web_Office_Advanced_Company_Search/Page_/Top_Search_Button"), 5): Object 'Object Repository/Web_Office_Advanced_Company_Search/Page_/Top_Search_Button' is clickable

2020-04-16 13:32:39 - [MESSAGE][PASSED] - Object 'Object Repository/Web_Office_Advanced_Company_Search/Page_/Top_Search_Button' is clickable

2020-04-16 13:32:39 - [TEST_STEP][PASSED] - click(findTestObject("Web_Office_Advanced_Company_Search/Page_/Top_Search_Button")): Object: 'Object Repository/Web_Office_Advanced_Company_Search/Page_/Top_Search_Button' is clicked on

2020-04-16 13:32:43 - [MESSAGE][PASSED] - Object: 'Object Repository/Web_Office_Advanced_Company_Search/Page_/Top_Search_Button' is clicked on

2020-04-16 13:32:43 - [MESSAGE][PASSED] - Call Test Case 'Test Cases/Reusable_Test_Sequences/Web_Office/Actions/Set_Advanced_Company_Data' successfully

2020-04-16 13:32:43 - [TEST_STEP][PASSED] - "--------------------------------------": null

2020-04-16 13:32:43 - [TEST_STEP][PASSED] - " Select Returned Record to Verify     |": null

2020-04-16 13:32:43 - [TEST_STEP][PASSED] - callTestCase(findTestCase("Reusable_Test_Sequences/Web_Office/Actions/Select_Company"), [:], OPTIONAL): Call Test Case 'Test Cases/Reusable_Test_Sequences/Web_Office/Actions/Select_Company' successfully

2020-04-16 13:32:43 - [TEST_CASE][PASSED] - Test Cases/Reusable_Test_Sequences/Web_Office/Actions/Select_Company: Test Cases/Reusable_Test_Sequences/Web_Office/Actions/Select_Company

2020-04-16 13:32:43 - [TEST_STEP][PASSED] - waitForPageLoad(60): Wait for page load successfully

2020-04-16 13:32:43 - [MESSAGE][PASSED] - Wait for page load successfully

2020-04-16 13:32:43 - [TEST_STEP][PASSED] - waitForElementClickable(findTestObject("Web_Office_Advanced_Company_Search/Page_/td_Returned_Company"), 5): Object 'Object Repository/Web_Office_Advanced_Company_Search/Page_/td_Returned_Company' is clickable

2020-04-16 13:32:43 - [MESSAGE][PASSED] - Object 'Object Repository/Web_Office_Advanced_Company_Search/Page_/td_Returned_Company' is clickable

2020-04-16 13:32:43 - [TEST_STEP][PASSED] - "-------------------------------------------------------------------------------------------------------------------------------------": null

2020-04-16 13:32:43 - [TEST_STEP][PASSED] - click(findTestObject("Web_Office_Advanced_Company_Search/Page_/td_Returned_Company")): Object: 'Object Repository/Web_Office_Advanced_Company_Search/Page_/td_Returned_Company' is clicked on

2020-04-16 13:32:46 - [MESSAGE][PASSED] - Object: 'Object Repository/Web_Office_Advanced_Company_Search/Page_/td_Returned_Company' is clicked on

2020-04-16 13:32:46 - [MESSAGE][PASSED] - Call Test Case 'Test Cases/Reusable_Test_Sequences/Web_Office/Actions/Select_Company' successfully

2020-04-16 13:32:46 - [TEST_STEP][PASSED] - "--------------------------------------": null

2020-04-16 13:32:46 - [TEST_STEP][PASSED] - " Verify Returned Company Record       |": null

2020-04-16 13:32:46 - [TEST_STEP][PASSED] - callTestCase(findTestCase("Reusable_Test_Sequences/Web_Office/Verification/Company_Returned_Advanced_Search_Record"), [:], OPTIONAL): Call Test Case 'Test Cases/Reusable_Test_Sequences/Web_Office/Verification/Company_Returned_Advanced_Search_Record' successfully

2020-04-16 13:32:46 - [TEST_CASE][PASSED] - Test Cases/Reusable_Test_Sequences/Web_Office/Verification/Company_Returned_Advanced_Search_Record: Test Cases/Reusable_Test_Sequences/Web_Office/Verification/Company_Returned_Advanced_Search_Record

2020-04-16 13:32:46 - [TEST_STEP][PASSED] - "--------------------------------": null

2020-04-16 13:32:46 - [TEST_STEP][PASSED] - "Read data from spreadsheet      | r_ = Returned Data": null

2020-04-16 13:32:46 - [TEST_STEP][PASSED] - data = findTestData("Data Files/Advance_Company_Search_Data"): null

2020-04-16 13:32:46 - [TEST_STEP][PASSED] - Trader_ID = data.getValue("Trader_ID", row): null

2020-04-16 13:32:46 - [TEST_STEP][PASSED] - Limited_Company_Number = data.getValue("Limited_Company_Number", row): null

2020-04-16 13:32:46 - [TEST_STEP][PASSED] - Company_Name = data.getValue("Company_Name", row): null

2020-04-16 13:32:46 - [TEST_STEP][PASSED] - Owner_Surname = data.getValue("Owner_Surname", row): null

2020-04-16 13:32:46 - [TEST_STEP][PASSED] - Owner_DOB = data.getValue("Owner_DOB", row): null

2020-04-16 13:32:46 - [TEST_STEP][PASSED] - Name_House = data.getValue("Name_House", row): null

2020-04-16 13:32:46 - [TEST_STEP][PASSED] - Number_Street = data.getValue("Number_Street", row): null

2020-04-16 13:32:46 - [TEST_STEP][PASSED] - Town = data.getValue("Town", row): null

2020-04-16 13:32:46 - [TEST_STEP][PASSED] - City = data.getValue("City", row): null

2020-04-16 13:32:46 - [TEST_STEP][PASSED] - County = data.getValue("County", row): null

2020-04-16 13:32:46 - [TEST_STEP][PASSED] - Postcode = data.getValue("Postcode", row): null

2020-04-16 13:32:46 - [TEST_STEP][PASSED] - Tel = data.getValue("Tel", row): null

2020-04-16 13:32:46 - [TEST_STEP][PASSED] - Email = data.getValue("Email", row): null

2020-04-16 13:32:46 - [TEST_STEP][PASSED] - "--------------------------------": null

2020-04-16 13:32:46 - [TEST_STEP][PASSED] - "Read data from spreadsheet      |": null

2020-04-16 13:32:46 - [TEST_STEP][PASSED] - Actual_Page_Text = "": null

2020-04-16 13:32:46 - [TEST_STEP][PASSED] - Expected_Page_Text = "": null

2020-04-16 13:32:46 - [TEST_STEP][PASSED] - waitForPageLoad(60): Wait for page load successfully

2020-04-16 13:32:46 - [MESSAGE][PASSED] - Wait for page load successfully

2020-04-16 13:32:46 - [TEST_STEP][PASSED] - delay(1): Delayed 1 second(s)

2020-04-16 13:32:47 - [MESSAGE][PASSED] - Delayed 1 second(s)

2020-04-16 13:32:47 - [TEST_STEP][PASSED] - "---------------------------------------------------------------------------------------------------------------------": null

2020-04-16 13:32:47 - [TEST_STEP][PASSED] - "HEADER DETAIL - iFrame": null

2020-04-16 13:32:47 - [TEST_STEP][PASSED] - "-----------------": null

2020-04-16 13:32:47 - [TEST_STEP][PASSED] - "PAGE_HEADER TEXT |": null

2020-04-16 13:32:47 - [TEST_STEP][PASSED] - verifyTextPresent(findTestData("Data Files/Advance_Company_Search_Data").getValue("Page_Header_Text", row), false): Text 'BLOCKED DRAINS' is present on page 

2020-04-16 13:32:48 - [MESSAGE][PASSED] - Text 'BLOCKED DRAINS' is present on page 

2020-04-16 13:32:48 - [TEST_STEP][PASSED] - "----------------": null

2020-04-16 13:32:48 - [TEST_STEP][PASSED] - "Email Address   |": null

2020-04-16 13:32:48 - [TEST_STEP][PASSED] - verifyTextPresent(findTestData("Data Files/Advance_Company_Search_Data").getValue("Email", row), false): Text '' is present on page 

2020-04-16 13:32:49 - [MESSAGE][PASSED] - Text '' is present on page 

2020-04-16 13:32:49 - [TEST_STEP][PASSED] - "----------------": null

2020-04-16 13:32:49 - [TEST_STEP][PASSED] - "Phone Number    |": null

2020-04-16 13:32:49 - [TEST_STEP][PASSED] - verifyTextPresent(findTestData("Data Files/Advance_Company_Search_Data").getValue("Tel", row), false): Text '' is present on page 

2020-04-16 13:32:50 - [MESSAGE][PASSED] - Text '' is present on page 

2020-04-16 13:32:50 - [TEST_STEP][PASSED] - "----------------": null

2020-04-16 13:32:50 - [TEST_STEP][PASSED] - "Trader ID       |": null

2020-04-16 13:32:50 - [TEST_STEP][PASSED] - verifyTextPresent(findTestData("Data Files/Advance_Company_Search_Data").getValue("Trader_ID", row), false): Text '280592' is present on page 

2020-04-16 13:32:50 - [MESSAGE][PASSED] - Text '280592' is present on page 

2020-04-16 13:32:50 - [TEST_STEP][PASSED] - "----------------": null

2020-04-16 13:32:50 - [TEST_STEP][PASSED] - "Postcode        |": null

2020-04-16 13:32:50 - [TEST_STEP][PASSED] - verifyTextPresent(findTestData("Data Files/Advance_Company_Search_Data").getValue("Postcode", row), false): Text '' is present on page 

2020-04-16 13:32:51 - [MESSAGE][PASSED] - Text '' is present on page 

2020-04-16 13:32:51 - [TEST_STEP][PASSED] - "----------------": null

2020-04-16 13:32:51 - [TEST_STEP][PASSED] - "Full Name       |": null

2020-04-16 13:32:51 - [TEST_STEP][PASSED] - verifyTextPresent(findTestData("Data Files/Advance_Company_Search_Data").getValue("Full_Name", row), false): Text '2 Redwood Drive, Haywards Heath, West Sussex, RH16 4ER' is present on page 

2020-04-16 13:32:52 - [MESSAGE][PASSED] - Text '2 Redwood Drive, Haywards Heath, West Sussex, RH16 4ER' is present on page 

2020-04-16 13:32:52 - [TEST_STEP][PASSED] - "----------------": null

2020-04-16 13:32:52 - [TEST_STEP][PASSED] - "Date of Birth   |": null

2020-04-16 13:32:52 - [TEST_STEP][PASSED] - verifyTextPresent(findTestData("Data Files/Advance_Company_Search_Data").getValue("Owner_DOB", row), false): Text '' is present on page 

2020-04-16 13:32:53 - [MESSAGE][PASSED] - Text '' is present on page 

2020-04-16 13:32:53 - [TEST_STEP][PASSED] - "----------------": null

2020-04-16 13:32:53 - [TEST_STEP][PASSED] - "Full Address    |": null

2020-04-16 13:32:53 - [TEST_STEP][PASSED] - verifyTextPresent(findTestData("Data Files/Advance_Company_Search_Data").getValue("Full_Address", row), false): Text '2 Redwood Drive, Haywards Heath, West Sussex, RH16 4ER' is present on page 

2020-04-16 13:32:54 - [MESSAGE][PASSED] - Text '2 Redwood Drive, Haywards Heath, West Sussex, RH16 4ER' is present on page 

2020-04-16 13:32:54 - [MESSAGE][PASSED] - Call Test Case 'Test Cases/Reusable_Test_Sequences/Web_Office/Verification/Company_Returned_Advanced_Search_Record' successfully

2020-04-16 13:32:54 - [TEST_STEP][PASSED] - "--------------------------": null

2020-04-16 13:32:54 - [TEST_STEP][PASSED] - " Teardown - CLose Browser |": null

2020-04-16 13:32:54 - [TEST_STEP][PASSED] - callTestCase(findTestCase("Reusable_Test_Sequences/CAT_Teardown"), [:], OPTIONAL): Call Test Case 'Test Cases/Reusable_Test_Sequences/CAT_Teardown' successfully

2020-04-16 13:32:54 - [TEST_CASE][PASSED] - Test Cases/Reusable_Test_Sequences/CAT_Teardown: Test Cases/Reusable_Test_Sequences/CAT_Teardown

2020-04-16 13:32:54 - [TEST_STEP][PASSED] - closeBrowser(): Browser is closed

2020-04-16 13:33:02 - [MESSAGE][PASSED] - Browser is closed

2020-04-16 13:33:02 - [TEST_STEP][PASSED] - super.finalize(): null

2020-04-16 13:33:02 - [TEST_STEP][PASSED] - System.gc(): null

2020-04-16 13:33:03 - [MESSAGE][PASSED] - Call Test Case 'Test Cases/Reusable_Test_Sequences/CAT_Teardown' successfully

2020-04-16 13:33:03 - [TEST_STEP][PASSED] - "--------------------------------------": null

2020-04-16 13:33:03 - [TEST_STEP][PASSED] - " Web Office StartUp                  |": null

2020-04-16 13:33:03 - [TEST_STEP][PASSED] - callTestCase(findTestCase("Reusable_Test_Sequences/Web_Office/Directives/WebOffice_StartUp"), [:], STOP_ON_FAILURE): Call Test Case 'Test Cases/Reusable_Test_Sequences/Web_Office/Directives/WebOffice_StartUp' successfully

2020-04-16 13:33:03 - [TEST_CASE][PASSED] - Test Cases/Reusable_Test_Sequences/Web_Office/Directives/WebOffice_StartUp: Test Cases/Reusable_Test_Sequences/Web_Office/Directives/WebOffice_StartUp

2020-04-16 13:33:03 - [TEST_STEP][PASSED] - "-----------------------------------------------------------------------------": null

2020-04-16 13:33:03 - [TEST_STEP][PASSED] - if (URL == "https://www.dev.checkatrade.com/"): null

2020-04-16 13:33:03 - [TEST_STEP][PASSED] - "-----------------------------------------------------------------------------": null

2020-04-16 13:33:03 - [TEST_STEP][PASSED] - if (URL == "https://www.checkatrade.com/"): null

2020-04-16 13:33:03 - [TEST_STEP][PASSED] - "-----------------------------------------------------------------------------": null

2020-04-16 13:33:03 - [TEST_STEP][PASSED] - if (URL == "https://www.preview.checkatrade.com/"): null

2020-04-16 13:33:03 - [TEST_STEP][PASSED] - WebOfficeURL = "https://admin.preview.checkatrade.com/": null

2020-04-16 13:33:03 - [TEST_STEP][PASSED] - if (URL == "https://www.dev2.checkatrade.com/"): null

2020-04-16 13:33:03 - [TEST_STEP][PASSED] - "Set Function Area for "URL_Handler", URL Resolution": null

2020-04-16 13:33:03 - [TEST_STEP][PASSED] - "Do Some Magic with URL(s) See the comments within URL Handler ": null

2020-04-16 13:33:03 - [TEST_STEP][PASSED] - "------------------------------------------------": null

2020-04-16 13:33:03 - [TEST_STEP][PASSED] - "Moved Login Credentials to <Default> profile 22/01/2020": null

2020-04-16 13:33:03 - [TEST_STEP][PASSED] - "------------------------------------------------": null

2020-04-16 13:33:03 - [TEST_STEP][PASSED] - "WebOfficeURL - Set from the ENVIRONMENT PROFILE ": null

2020-04-16 13:33:03 - [TEST_STEP][PASSED] - "OPEN BROWSER": null

2020-04-16 13:33:03 - [TEST_STEP][PASSED] - "eg - https://admin.preview.checkatrade.com/  ": null

2020-04-16 13:33:03 - [TEST_STEP][PASSED] - openBrowser(WebOfficeURL): Browser is opened with url: 'https://admin.preview.checkatrade.com/'

2020-04-16 13:33:03 - [MESSAGE][INFO] - Starting 'Chrome' driver

2020-04-16 13:33:03 - [MESSAGE][INFO] - Action delay is set to 0 milliseconds

2020-04-16 13:33:08 - [MESSAGE][PASSED] - Browser is opened with url: 'https://admin.preview.checkatrade.com/'

2020-04-16 13:33:08 - [TEST_STEP][PASSED] - maximizeWindow(): Current window maximized

2020-04-16 13:33:10 - [MESSAGE][PASSED] - Current window maximized

2020-04-16 13:33:10 - [TEST_STEP][PASSED] - waitForElementClickable(findTestObject("Object Repository/WebOffice/Page_Checkatrade - Administration - Login/Login_Button"), 25): Object 'Object Repository/WebOffice/Page_Checkatrade - Administration - Login/Login_Button' is clickable

2020-04-16 13:33:11 - [MESSAGE][PASSED] - Object 'Object Repository/WebOffice/Page_Checkatrade - Administration - Login/Login_Button' is clickable

2020-04-16 13:33:11 - [TEST_STEP][PASSED] - verifyTextPresent("Checkatrade Web Office", false): Text 'Checkatrade Web Office' is present on page 

2020-04-16 13:33:11 - [MESSAGE][PASSED] - Text 'Checkatrade Web Office' is present on page 

2020-04-16 13:33:11 - [TEST_STEP][PASSED] - verifyTextPresent("Access for staff use only", false): Text 'Access for staff use only' is present on page 

2020-04-16 13:33:11 - [MESSAGE][PASSED] - Text 'Access for staff use only' is present on page 

2020-04-16 13:33:11 - [TEST_STEP][PASSED] - verifyTextPresent("Forgotten password?", false): Text 'Forgotten password?' is present on page 

2020-04-16 13:33:11 - [MESSAGE][PASSED] - Text 'Forgotten password?' is present on page 

2020-04-16 13:33:11 - [TEST_STEP][PASSED] - setText(findTestObject("Object Repository/WebOffice/Page_Checkatrade - Administration - Login/input_Username_LoginControlUserName"), wo_Username): Text 'DavidHo' is set on object 'Object Repository/WebOffice/Page_Checkatrade - Administration - Login/input_Username_LoginControlUserName'

2020-04-16 13:33:11 - [MESSAGE][PASSED] - Text 'DavidHo' is set on object 'Object Repository/WebOffice/Page_Checkatrade - Administration - Login/input_Username_LoginControlUserName'

2020-04-16 13:33:11 - [TEST_STEP][PASSED] - setText(findTestObject("Object Repository/WebOffice/Page_Checkatrade - Administration - Login/input_Password_LoginControlPassword"), wo_Password): Text 'Check123' is set on object 'Object Repository/WebOffice/Page_Checkatrade - Administration - Login/input_Password_LoginControlPassword'

2020-04-16 13:33:11 - [MESSAGE][PASSED] - Text 'Check123' is set on object 'Object Repository/WebOffice/Page_Checkatrade - Administration - Login/input_Password_LoginControlPassword'

2020-04-16 13:33:11 - [TEST_STEP][PASSED] - click(findTestObject("Object Repository/WebOffice/Page_Checkatrade - Administration - Login/Login_Button")): Object: 'Object Repository/WebOffice/Page_Checkatrade - Administration - Login/Login_Button' is clicked on

2020-04-16 13:33:13 - [MESSAGE][PASSED] - Object: 'Object Repository/WebOffice/Page_Checkatrade - Administration - Login/Login_Button' is clicked on

2020-04-16 13:33:13 - [TEST_STEP][PASSED] - waitForPageLoad(60): Wait for page load successfully

2020-04-16 13:33:13 - [MESSAGE][PASSED] - Wait for page load successfully

2020-04-16 13:33:13 - [TEST_STEP][PASSED] - verifyTextPresent("Welcome " + wo_Username, false): Text 'Welcome DavidHo' is present on page 

2020-04-16 13:33:13 - [MESSAGE][PASSED] - Text 'Welcome DavidHo' is present on page 

2020-04-16 13:33:13 - [MESSAGE][PASSED] - Call Test Case 'Test Cases/Reusable_Test_Sequences/Web_Office/Directives/WebOffice_StartUp' successfully

2020-04-16 13:33:13 - [TEST_STEP][PASSED] - "--------------------------------------": null

2020-04-16 13:33:13 - [TEST_STEP][PASSED] - " Navigate to <Companies> Menu Item    |": null

2020-04-16 13:33:13 - [TEST_STEP][PASSED] - callTestCase(findTestCase("Reusable_Test_Sequences/Web_Office/navigation/Navigate_Advanced_Company_Search"), [:], STOP_ON_FAILURE): Call Test Case 'Test Cases/Reusable_Test_Sequences/Web_Office/navigation/Navigate_Advanced_Company_Search' successfully

2020-04-16 13:33:14 - [TEST_CASE][PASSED] - Test Cases/Reusable_Test_Sequences/Web_Office/navigation/Navigate_Advanced_Company_Search: Test Cases/Reusable_Test_Sequences/Web_Office/navigation/Navigate_Advanced_Company_Search

2020-04-16 13:33:14 - [TEST_STEP][PASSED] - "--------------------------------------": null

2020-04-16 13:33:14 - [TEST_STEP][PASSED] - " Navigate Top level menu Item         |": null

2020-04-16 13:33:14 - [TEST_STEP][PASSED] - waitForPageLoad(60): Wait for page load successfully

2020-04-16 13:33:14 - [MESSAGE][PASSED] - Wait for page load successfully

2020-04-16 13:33:14 - [TEST_STEP][PASSED] - waitForElementClickable(findTestObject("Object Repository/WebOffice_Home_page/a_Companies"), 60): Object 'Object Repository/WebOffice_Home_page/a_Companies' is clickable

2020-04-16 13:33:14 - [MESSAGE][PASSED] - Object 'Object Repository/WebOffice_Home_page/a_Companies' is clickable

2020-04-16 13:33:14 - [TEST_STEP][PASSED] - mouseOver(findTestObject("Object Repository/WebOffice_Home_page/a_Companies")): Object: 'Object Repository/WebOffice_Home_page/a_Companies' is hovered

2020-04-16 13:33:14 - [MESSAGE][PASSED] - Object: 'Object Repository/WebOffice_Home_page/a_Companies' is hovered

2020-04-16 13:33:14 - [TEST_STEP][PASSED] - waitForElementClickable(findTestObject("Object Repository/WebOffice_Home_page/a_Company_Advanced_Search"), 1): Object 'Object Repository/WebOffice_Home_page/a_Company_Advanced_Search' is clickable

2020-04-16 13:33:14 - [MESSAGE][PASSED] - Object 'Object Repository/WebOffice_Home_page/a_Company_Advanced_Search' is clickable

2020-04-16 13:33:14 - [TEST_STEP][PASSED] - click(findTestObject("Object Repository/WebOffice_Home_page/a_Company_Advanced_Search")): Object: 'Object Repository/WebOffice_Home_page/a_Company_Advanced_Search' is clicked on

2020-04-16 13:33:16 - [MESSAGE][PASSED] - Object: 'Object Repository/WebOffice_Home_page/a_Company_Advanced_Search' is clicked on

2020-04-16 13:33:16 - [MESSAGE][PASSED] - Call Test Case 'Test Cases/Reusable_Test_Sequences/Web_Office/navigation/Navigate_Advanced_Company_Search' successfully

2020-04-16 13:33:16 - [TEST_STEP][PASSED] - "--------------------------------------": null

2020-04-16 13:33:16 - [TEST_STEP][PASSED] - " LH Pane  - Apply Search Criteria     |": null

2020-04-16 13:33:16 - [TEST_STEP][PASSED] - callTestCase(findTestCase("Reusable_Test_Sequences/Web_Office/Actions/Set_Advanced_Company_Data"), [:], STOP_ON_FAILURE): Call Test Case 'Test Cases/Reusable_Test_Sequences/Web_Office/Actions/Set_Advanced_Company_Data' successfully

2020-04-16 13:33:16 - [TEST_CASE][PASSED] - Test Cases/Reusable_Test_Sequences/Web_Office/Actions/Set_Advanced_Company_Data: Test Cases/Reusable_Test_Sequences/Web_Office/Actions/Set_Advanced_Company_Data

2020-04-16 13:33:16 - [TEST_STEP][PASSED] - "--------------------------------": null

2020-04-16 13:33:16 - [TEST_STEP][PASSED] - "Read data from spreadsheet      |": null

2020-04-16 13:33:16 - [TEST_STEP][PASSED] - data = findTestData("Data Files/Advance_Company_Search_Data"): null

2020-04-16 13:33:16 - [TEST_STEP][PASSED] - Trader_ID = data.getValue("Trader_ID", row): null

2020-04-16 13:33:16 - [TEST_STEP][PASSED] - Limited_Company_Number = data.getValue("Limited_Company_Number", row): null

2020-04-16 13:33:16 - [TEST_STEP][PASSED] - Company_Name = data.getValue("Company_Name", row): null

2020-04-16 13:33:16 - [TEST_STEP][PASSED] - Owner_Surname = data.getValue("Owner_Surname", row): null

2020-04-16 13:33:16 - [TEST_STEP][PASSED] - Owner_DOB = data.getValue("Owner_DOB", row): null

2020-04-16 13:33:16 - [TEST_STEP][PASSED] - Name_House = data.getValue("Name_House", row): null

2020-04-16 13:33:16 - [TEST_STEP][PASSED] - Number_Street = data.getValue("Number_Street", row): null

2020-04-16 13:33:16 - [TEST_STEP][PASSED] - Town = data.getValue("Town", row): null

2020-04-16 13:33:16 - [TEST_STEP][PASSED] - City = data.getValue("City", row): null

2020-04-16 13:33:16 - [TEST_STEP][PASSED] - County = data.getValue("County", row): null

2020-04-16 13:33:16 - [TEST_STEP][PASSED] - Postcode = data.getValue("Postcode", row): null

2020-04-16 13:33:16 - [TEST_STEP][PASSED] - Tel = data.getValue("Tel", row): null

2020-04-16 13:33:16 - [TEST_STEP][PASSED] - Email = data.getValue("Email", row): null

2020-04-16 13:33:16 - [TEST_STEP][PASSED] - "slack": null

2020-04-16 13:33:16 - [TEST_STEP][PASSED] - "--------------------------------": null

2020-04-16 13:33:16 - [TEST_STEP][PASSED] - " Synchronisation                |": null

2020-04-16 13:33:16 - [TEST_STEP][PASSED] - waitForPageLoad(60): Wait for page load successfully

2020-04-16 13:33:16 - [MESSAGE][PASSED] - Wait for page load successfully

2020-04-16 13:33:16 - [TEST_STEP][PASSED] - waitForElementVisible(findTestObject("Web_Office_Advanced_Company_Search/Page_/input_Clear_ctl00ctl00CP1ctlSearchbtnSearch"), 60): Object 'Object Repository/Web_Office_Advanced_Company_Search/Page_/input_Clear_ctl00ctl00CP1ctlSearchbtnSearch' is visible

2020-04-16 13:33:17 - [MESSAGE][PASSED] - Object 'Object Repository/Web_Office_Advanced_Company_Search/Page_/input_Clear_ctl00ctl00CP1ctlSearchbtnSearch' is visible

2020-04-16 13:33:17 - [TEST_STEP][PASSED] - "https://admin.preview.checkatrade.com/Companies/Search.aspx": null

2020-04-16 13:33:17 - [TEST_STEP][PASSED] - "-------------------------------------------------------------------------------------------------------------------------------------": null

2020-04-16 13:33:17 - [TEST_STEP][PASSED] - setText(findTestObject("Web_Office_Advanced_Company_Search/Page_/table_Trader ID"), Trader_ID): Text '' is set on object 'Object Repository/Web_Office_Advanced_Company_Search/Page_/table_Trader ID'

2020-04-16 13:33:17 - [MESSAGE][PASSED] - Text '' is set on object 'Object Repository/Web_Office_Advanced_Company_Search/Page_/table_Trader ID'

2020-04-16 13:33:17 - [TEST_STEP][PASSED] - "-------------------------------------------------------------------------------------------------------------------------------------": null

2020-04-16 13:33:17 - [TEST_STEP][PASSED] - setText(findTestObject("Web_Office_Advanced_Company_Search/Page_/input_Limited Company Number"), Limited_Company_Number): Text '4460222' is set on object 'Object Repository/Web_Office_Advanced_Company_Search/Page_/input_Limited Company Number'

2020-04-16 13:33:18 - [MESSAGE][PASSED] - Text '4460222' is set on object 'Object Repository/Web_Office_Advanced_Company_Search/Page_/input_Limited Company Number'

2020-04-16 13:33:18 - [TEST_STEP][PASSED] - "-------------------------------------------------------------------------------------------------------------------------------------": null

2020-04-16 13:33:18 - [TEST_STEP][PASSED] - setText(findTestObject("Web_Office_Advanced_Company_Search/Page_/input_Company Name"), Company_Name): Text '' is set on object 'Object Repository/Web_Office_Advanced_Company_Search/Page_/input_Company Name'

2020-04-16 13:33:18 - [MESSAGE][PASSED] - Text '' is set on object 'Object Repository/Web_Office_Advanced_Company_Search/Page_/input_Company Name'

2020-04-16 13:33:18 - [TEST_STEP][PASSED] - "-------------------------------------------------------------------------------------------------------------------------------------": null

2020-04-16 13:33:18 - [TEST_STEP][PASSED] - "Set Owner_Date of Birth": null

2020-04-16 13:33:18 - [TEST_STEP][PASSED] - "-------------------------------------------------------------------------------------------------------------------------------------": null

2020-04-16 13:33:18 - [TEST_STEP][PASSED] - setText(findTestObject("Web_Office_Advanced_Company_Search/Page_/input_Owner Surname"), Owner_Surname): Text '' is set on object 'Object Repository/Web_Office_Advanced_Company_Search/Page_/input_Owner Surname'

2020-04-16 13:33:18 - [MESSAGE][PASSED] - Text '' is set on object 'Object Repository/Web_Office_Advanced_Company_Search/Page_/input_Owner Surname'

2020-04-16 13:33:18 - [TEST_STEP][PASSED] - "-------------------------------------------------------------------------------------------------------------------------------------": null

2020-04-16 13:33:18 - [TEST_STEP][PASSED] - setText(findTestObject("Web_Office_Advanced_Company_Search/Page_/input_Name Of House"), Name_House): Text '' is set on object 'Object Repository/Web_Office_Advanced_Company_Search/Page_/input_Name Of House'

2020-04-16 13:33:18 - [MESSAGE][PASSED] - Text '' is set on object 'Object Repository/Web_Office_Advanced_Company_Search/Page_/input_Name Of House'

2020-04-16 13:33:18 - [TEST_STEP][PASSED] - "-------------------------------------------------------------------------------------------------------------------------------------": null

2020-04-16 13:33:18 - [TEST_STEP][PASSED] - "Set Street": null

2020-04-16 13:33:18 - [TEST_STEP][PASSED] - "-------------------------------------------------------------------------------------------------------------------------------------": null

2020-04-16 13:33:18 - [TEST_STEP][PASSED] - setText(findTestObject("Web_Office_Advanced_Company_Search/Page_/input_Town"), Town): Text '' is set on object 'Object Repository/Web_Office_Advanced_Company_Search/Page_/input_Town'

2020-04-16 13:33:19 - [MESSAGE][PASSED] - Text '' is set on object 'Object Repository/Web_Office_Advanced_Company_Search/Page_/input_Town'

2020-04-16 13:33:19 - [TEST_STEP][PASSED] - "-------------------------------------------------------------------------------------------------------------------------------------": null

2020-04-16 13:33:19 - [TEST_STEP][PASSED] - setText(findTestObject("Web_Office_Advanced_Company_Search/Page_/input_City"), City): Text '' is set on object 'Object Repository/Web_Office_Advanced_Company_Search/Page_/input_City'

2020-04-16 13:33:19 - [MESSAGE][PASSED] - Text '' is set on object 'Object Repository/Web_Office_Advanced_Company_Search/Page_/input_City'

2020-04-16 13:33:19 - [TEST_STEP][PASSED] - "-------------------------------------------------------------------------------------------------------------------------------------": null

2020-04-16 13:33:19 - [TEST_STEP][PASSED] - setText(findTestObject("Web_Office_Advanced_Company_Search/Page_/input_County"), County): Text '' is set on object 'Object Repository/Web_Office_Advanced_Company_Search/Page_/input_County'

2020-04-16 13:33:19 - [MESSAGE][PASSED] - Text '' is set on object 'Object Repository/Web_Office_Advanced_Company_Search/Page_/input_County'

2020-04-16 13:33:19 - [TEST_STEP][PASSED] - "-------------------------------------------------------------------------------------------------------------------------------------": null

2020-04-16 13:33:19 - [TEST_STEP][PASSED] - setText(findTestObject("Web_Office_Advanced_Company_Search/Page_/input_Postcode"), Postcode): Text '' is set on object 'Object Repository/Web_Office_Advanced_Company_Search/Page_/input_Postcode'

2020-04-16 13:33:20 - [MESSAGE][PASSED] - Text '' is set on object 'Object Repository/Web_Office_Advanced_Company_Search/Page_/input_Postcode'

2020-04-16 13:33:20 - [TEST_STEP][PASSED] - "-------------------------------------------------------------------------------------------------------------------------------------": null

2020-04-16 13:33:20 - [TEST_STEP][PASSED] - setText(findTestObject("Web_Office_Advanced_Company_Search/Page_/input_Telephone"), Tel): Text '01243 868423' is set on object 'Object Repository/Web_Office_Advanced_Company_Search/Page_/input_Telephone'

2020-04-16 13:33:21 - [MESSAGE][PASSED] - Text '01243 868423' is set on object 'Object Repository/Web_Office_Advanced_Company_Search/Page_/input_Telephone'

2020-04-16 13:33:21 - [TEST_STEP][PASSED] - "-------------------------------------------------------------------------------------------------------------------------------------": null

2020-04-16 13:33:21 - [TEST_STEP][PASSED] - setText(findTestObject("Web_Office_Advanced_Company_Search/Page_/input_Email"), Email): Text 'kfrsteve@hotmail.com' is set on object 'Object Repository/Web_Office_Advanced_Company_Search/Page_/input_Email'

2020-04-16 13:33:22 - [MESSAGE][PASSED] - Text 'kfrsteve@hotmail.com' is set on object 'Object Repository/Web_Office_Advanced_Company_Search/Page_/input_Email'

2020-04-16 13:33:22 - [TEST_STEP][PASSED] - "Set Status": null

2020-04-16 13:33:22 - [TEST_STEP][PASSED] - "-------------------------------------------------------------------------------------------------------------------------------------": null

2020-04-16 13:33:22 - [TEST_STEP][PASSED] - "Status 3 Options": null

2020-04-16 13:33:22 - [TEST_STEP][PASSED] - "-------------------------------------------------------------------------------------------------------------------------------------": null

2020-04-16 13:33:22 - [TEST_STEP][PASSED] - "Set Type": null

2020-04-16 13:33:22 - [TEST_STEP][PASSED] - "-------------------------------------------------------------------------------------------------------------------------------------": null

2020-04-16 13:33:22 - [TEST_STEP][PASSED] - "Type 3 Options": null

2020-04-16 13:33:22 - [TEST_STEP][PASSED] - "-------------------------------------------------------------------------------------------------------------------------------------": null

2020-04-16 13:33:22 - [TEST_STEP][PASSED] - scrollToPosition(0, 0): Browser is scrolled to position x = 0, y = 0

2020-04-16 13:33:22 - [MESSAGE][PASSED] - Browser is scrolled to position x = 0, y = 0

2020-04-16 13:33:22 - [TEST_STEP][PASSED] - waitForElementClickable(findTestObject("Web_Office_Advanced_Company_Search/Page_/Top_Search_Button"), 5): Object 'Object Repository/Web_Office_Advanced_Company_Search/Page_/Top_Search_Button' is clickable

2020-04-16 13:33:22 - [MESSAGE][PASSED] - Object 'Object Repository/Web_Office_Advanced_Company_Search/Page_/Top_Search_Button' is clickable

2020-04-16 13:33:22 - [TEST_STEP][PASSED] - click(findTestObject("Web_Office_Advanced_Company_Search/Page_/Top_Search_Button")): Object: 'Object Repository/Web_Office_Advanced_Company_Search/Page_/Top_Search_Button' is clicked on

2020-04-16 13:33:26 - [MESSAGE][PASSED] - Object: 'Object Repository/Web_Office_Advanced_Company_Search/Page_/Top_Search_Button' is clicked on

2020-04-16 13:33:26 - [MESSAGE][PASSED] - Call Test Case 'Test Cases/Reusable_Test_Sequences/Web_Office/Actions/Set_Advanced_Company_Data' successfully

2020-04-16 13:33:26 - [TEST_STEP][PASSED] - "--------------------------------------": null

2020-04-16 13:33:26 - [TEST_STEP][PASSED] - " Select Returned Record to Verify     |": null

2020-04-16 13:33:26 - [TEST_STEP][PASSED] - callTestCase(findTestCase("Reusable_Test_Sequences/Web_Office/Actions/Select_Company"), [:], OPTIONAL): Call Test Case 'Test Cases/Reusable_Test_Sequences/Web_Office/Actions/Select_Company' successfully

2020-04-16 13:33:26 - [TEST_CASE][PASSED] - Test Cases/Reusable_Test_Sequences/Web_Office/Actions/Select_Company: Test Cases/Reusable_Test_Sequences/Web_Office/Actions/Select_Company

2020-04-16 13:33:26 - [TEST_STEP][PASSED] - waitForPageLoad(60): Wait for page load successfully

2020-04-16 13:33:27 - [MESSAGE][PASSED] - Wait for page load successfully

2020-04-16 13:33:27 - [TEST_STEP][PASSED] - waitForElementClickable(findTestObject("Web_Office_Advanced_Company_Search/Page_/td_Returned_Company"), 5): Object 'Object Repository/Web_Office_Advanced_Company_Search/Page_/td_Returned_Company' is clickable

2020-04-16 13:33:27 - [MESSAGE][PASSED] - Object 'Object Repository/Web_Office_Advanced_Company_Search/Page_/td_Returned_Company' is clickable

2020-04-16 13:33:27 - [TEST_STEP][PASSED] - "-------------------------------------------------------------------------------------------------------------------------------------": null

2020-04-16 13:33:27 - [TEST_STEP][PASSED] - click(findTestObject("Web_Office_Advanced_Company_Search/Page_/td_Returned_Company")): Object: 'Object Repository/Web_Office_Advanced_Company_Search/Page_/td_Returned_Company' is clicked on

2020-04-16 13:33:31 - [MESSAGE][PASSED] - Object: 'Object Repository/Web_Office_Advanced_Company_Search/Page_/td_Returned_Company' is clicked on

2020-04-16 13:33:31 - [MESSAGE][PASSED] - Call Test Case 'Test Cases/Reusable_Test_Sequences/Web_Office/Actions/Select_Company' successfully

2020-04-16 13:33:31 - [TEST_STEP][PASSED] - "--------------------------------------": null

2020-04-16 13:33:31 - [TEST_STEP][PASSED] - " Verify Returned Company Record       |": null

2020-04-16 13:33:31 - [TEST_STEP][PASSED] - callTestCase(findTestCase("Reusable_Test_Sequences/Web_Office/Verification/Company_Returned_Advanced_Search_Record"), [:], OPTIONAL): Call Test Case 'Test Cases/Reusable_Test_Sequences/Web_Office/Verification/Company_Returned_Advanced_Search_Record' successfully

2020-04-16 13:33:31 - [TEST_CASE][PASSED] - Test Cases/Reusable_Test_Sequences/Web_Office/Verification/Company_Returned_Advanced_Search_Record: Test Cases/Reusable_Test_Sequences/Web_Office/Verification/Company_Returned_Advanced_Search_Record

2020-04-16 13:33:31 - [TEST_STEP][PASSED] - "--------------------------------": null

2020-04-16 13:33:31 - [TEST_STEP][PASSED] - "Read data from spreadsheet      | r_ = Returned Data": null

2020-04-16 13:33:31 - [TEST_STEP][PASSED] - data = findTestData("Data Files/Advance_Company_Search_Data"): null

2020-04-16 13:33:31 - [TEST_STEP][PASSED] - Trader_ID = data.getValue("Trader_ID", row): null

2020-04-16 13:33:31 - [TEST_STEP][PASSED] - Limited_Company_Number = data.getValue("Limited_Company_Number", row): null

2020-04-16 13:33:31 - [TEST_STEP][PASSED] - Company_Name = data.getValue("Company_Name", row): null

2020-04-16 13:33:31 - [TEST_STEP][PASSED] - Owner_Surname = data.getValue("Owner_Surname", row): null

2020-04-16 13:33:31 - [TEST_STEP][PASSED] - Owner_DOB = data.getValue("Owner_DOB", row): null

2020-04-16 13:33:31 - [TEST_STEP][PASSED] - Name_House = data.getValue("Name_House", row): null

2020-04-16 13:33:31 - [TEST_STEP][PASSED] - Number_Street = data.getValue("Number_Street", row): null

2020-04-16 13:33:31 - [TEST_STEP][PASSED] - Town = data.getValue("Town", row): null

2020-04-16 13:33:31 - [TEST_STEP][PASSED] - City = data.getValue("City", row): null

2020-04-16 13:33:31 - [TEST_STEP][PASSED] - County = data.getValue("County", row): null

2020-04-16 13:33:31 - [TEST_STEP][PASSED] - Postcode = data.getValue("Postcode", row): null

2020-04-16 13:33:31 - [TEST_STEP][PASSED] - Tel = data.getValue("Tel", row): null

2020-04-16 13:33:31 - [TEST_STEP][PASSED] - Email = data.getValue("Email", row): null

2020-04-16 13:33:31 - [TEST_STEP][PASSED] - "--------------------------------": null

2020-04-16 13:33:31 - [TEST_STEP][PASSED] - "Read data from spreadsheet      |": null

2020-04-16 13:33:31 - [TEST_STEP][PASSED] - Actual_Page_Text = "": null

2020-04-16 13:33:31 - [TEST_STEP][PASSED] - Expected_Page_Text = "": null

2020-04-16 13:33:31 - [TEST_STEP][PASSED] - waitForPageLoad(60): Wait for page load successfully

2020-04-16 13:33:31 - [MESSAGE][PASSED] - Wait for page load successfully

2020-04-16 13:33:31 - [TEST_STEP][PASSED] - delay(1): Delayed 1 second(s)

2020-04-16 13:33:32 - [MESSAGE][PASSED] - Delayed 1 second(s)

2020-04-16 13:33:32 - [TEST_STEP][PASSED] - "---------------------------------------------------------------------------------------------------------------------": null

2020-04-16 13:33:32 - [TEST_STEP][PASSED] - "HEADER DETAIL - iFrame": null

2020-04-16 13:33:32 - [TEST_STEP][PASSED] - "-----------------": null

2020-04-16 13:33:32 - [TEST_STEP][PASSED] - "PAGE_HEADER TEXT |": null

2020-04-16 13:33:32 - [TEST_STEP][PASSED] - verifyTextPresent(findTestData("Data Files/Advance_Company_Search_Data").getValue("Page_Header_Text", row), false): Text 'Kitchen Facelift & Renewal Limited' is present on page 

2020-04-16 13:33:33 - [MESSAGE][PASSED] - Text 'Kitchen Facelift & Renewal Limited' is present on page 

2020-04-16 13:33:33 - [TEST_STEP][PASSED] - "----------------": null

2020-04-16 13:33:33 - [TEST_STEP][PASSED] - "Email Address   |": null

2020-04-16 13:33:33 - [TEST_STEP][PASSED] - verifyTextPresent(findTestData("Data Files/Advance_Company_Search_Data").getValue("Email", row), false): Text 'kfrsteve@hotmail.com' is present on page 

2020-04-16 13:33:34 - [MESSAGE][PASSED] - Text 'kfrsteve@hotmail.com' is present on page 

2020-04-16 13:33:34 - [TEST_STEP][PASSED] - "----------------": null

2020-04-16 13:33:34 - [TEST_STEP][PASSED] - "Phone Number    |": null

2020-04-16 13:33:34 - [TEST_STEP][PASSED] - verifyTextPresent(findTestData("Data Files/Advance_Company_Search_Data").getValue("Tel", row), false): Text '01243 868423' is present on page 

2020-04-16 13:33:35 - [MESSAGE][PASSED] - Text '01243 868423' is present on page 

2020-04-16 13:33:35 - [TEST_STEP][PASSED] - "----------------": null

2020-04-16 13:33:35 - [TEST_STEP][PASSED] - "Trader ID       |": null

2020-04-16 13:33:35 - [TEST_STEP][PASSED] - verifyTextPresent(findTestData("Data Files/Advance_Company_Search_Data").getValue("Trader_ID", row), false): Text '' is present on page 

2020-04-16 13:33:36 - [MESSAGE][PASSED] - Text '' is present on page 

2020-04-16 13:33:36 - [TEST_STEP][PASSED] - "----------------": null

2020-04-16 13:33:36 - [TEST_STEP][PASSED] - "Postcode        |": null

2020-04-16 13:33:36 - [TEST_STEP][PASSED] - verifyTextPresent(findTestData("Data Files/Advance_Company_Search_Data").getValue("Postcode", row), false): Text '' is present on page 

2020-04-16 13:33:37 - [MESSAGE][PASSED] - Text '' is present on page 

2020-04-16 13:33:37 - [TEST_STEP][PASSED] - "----------------": null

2020-04-16 13:33:37 - [TEST_STEP][PASSED] - "Full Name       |": null

2020-04-16 13:33:37 - [TEST_STEP][PASSED] - verifyTextPresent(findTestData("Data Files/Advance_Company_Search_Data").getValue("Full_Name", row), false): Text 'Mr Steve Mercer' is present on page 

2020-04-16 13:33:38 - [MESSAGE][PASSED] - Text 'Mr Steve Mercer' is present on page 

2020-04-16 13:33:38 - [TEST_STEP][PASSED] - "----------------": null

2020-04-16 13:33:38 - [TEST_STEP][PASSED] - "Date of Birth   |": null

2020-04-16 13:33:38 - [TEST_STEP][PASSED] - verifyTextPresent(findTestData("Data Files/Advance_Company_Search_Data").getValue("Owner_DOB", row), false): Text 'DoB: 18/09/1959' is present on page 

2020-04-16 13:33:39 - [MESSAGE][PASSED] - Text 'DoB: 18/09/1959' is present on page 

2020-04-16 13:33:39 - [TEST_STEP][PASSED] - "----------------": null

2020-04-16 13:33:39 - [TEST_STEP][PASSED] - "Full Address    |": null

2020-04-16 13:33:39 - [TEST_STEP][PASSED] - verifyTextPresent(findTestData("Data Files/Advance_Company_Search_Data").getValue("Full_Address", row), false): Text 'Lyndale, Town Cross Avenue, Bognor Regis, West Sussex, PO21 2DN' is present on page 

2020-04-16 13:33:40 - [MESSAGE][PASSED] - Text 'Lyndale, Town Cross Avenue, Bognor Regis, West Sussex, PO21 2DN' is present on page 

2020-04-16 13:33:40 - [MESSAGE][PASSED] - Call Test Case 'Test Cases/Reusable_Test_Sequences/Web_Office/Verification/Company_Returned_Advanced_Search_Record' successfully

2020-04-16 13:33:40 - [TEST_STEP][PASSED] - "--------------------------": null

2020-04-16 13:33:40 - [TEST_STEP][PASSED] - " Teardown - CLose Browser |": null

2020-04-16 13:33:40 - [TEST_STEP][PASSED] - callTestCase(findTestCase("Reusable_Test_Sequences/CAT_Teardown"), [:], OPTIONAL): Call Test Case 'Test Cases/Reusable_Test_Sequences/CAT_Teardown' successfully

2020-04-16 13:33:41 - [TEST_CASE][PASSED] - Test Cases/Reusable_Test_Sequences/CAT_Teardown: Test Cases/Reusable_Test_Sequences/CAT_Teardown

2020-04-16 13:33:41 - [TEST_STEP][PASSED] - closeBrowser(): Browser is closed

2020-04-16 13:33:42 - [MESSAGE][PASSED] - Browser is closed

2020-04-16 13:33:42 - [TEST_STEP][PASSED] - super.finalize(): null

2020-04-16 13:33:42 - [TEST_STEP][PASSED] - System.gc(): null

2020-04-16 13:33:43 - [MESSAGE][PASSED] - Call Test Case 'Test Cases/Reusable_Test_Sequences/CAT_Teardown' successfully

2020-04-16 13:33:43 - [TEST_STEP][PASSED] - "--------------------------------------": null

2020-04-16 13:33:43 - [TEST_STEP][PASSED] - " Web Office StartUp                  |": null

2020-04-16 13:33:43 - [TEST_STEP][PASSED] - callTestCase(findTestCase("Reusable_Test_Sequences/Web_Office/Directives/WebOffice_StartUp"), [:], STOP_ON_FAILURE): Call Test Case 'Test Cases/Reusable_Test_Sequences/Web_Office/Directives/WebOffice_StartUp' successfully

2020-04-16 13:33:43 - [TEST_CASE][PASSED] - Test Cases/Reusable_Test_Sequences/Web_Office/Directives/WebOffice_StartUp: Test Cases/Reusable_Test_Sequences/Web_Office/Directives/WebOffice_StartUp

2020-04-16 13:33:43 - [TEST_STEP][PASSED] - "-----------------------------------------------------------------------------": null

2020-04-16 13:33:43 - [TEST_STEP][PASSED] - if (URL == "https://www.dev.checkatrade.com/"): null

2020-04-16 13:33:43 - [TEST_STEP][PASSED] - "-----------------------------------------------------------------------------": null

2020-04-16 13:33:43 - [TEST_STEP][PASSED] - if (URL == "https://www.checkatrade.com/"): null

2020-04-16 13:33:43 - [TEST_STEP][PASSED] - "-----------------------------------------------------------------------------": null

2020-04-16 13:33:43 - [TEST_STEP][PASSED] - if (URL == "https://www.preview.checkatrade.com/"): null

2020-04-16 13:33:43 - [TEST_STEP][PASSED] - WebOfficeURL = "https://admin.preview.checkatrade.com/": null

2020-04-16 13:33:43 - [TEST_STEP][PASSED] - if (URL == "https://www.dev2.checkatrade.com/"): null

2020-04-16 13:33:43 - [TEST_STEP][PASSED] - "Set Function Area for "URL_Handler", URL Resolution": null

2020-04-16 13:33:43 - [TEST_STEP][PASSED] - "Do Some Magic with URL(s) See the comments within URL Handler ": null

2020-04-16 13:33:43 - [TEST_STEP][PASSED] - "------------------------------------------------": null

2020-04-16 13:33:43 - [TEST_STEP][PASSED] - "Moved Login Credentials to <Default> profile 22/01/2020": null

2020-04-16 13:33:43 - [TEST_STEP][PASSED] - "------------------------------------------------": null

2020-04-16 13:33:43 - [TEST_STEP][PASSED] - "WebOfficeURL - Set from the ENVIRONMENT PROFILE ": null

2020-04-16 13:33:43 - [TEST_STEP][PASSED] - "OPEN BROWSER": null

2020-04-16 13:33:43 - [TEST_STEP][PASSED] - "eg - https://admin.preview.checkatrade.com/  ": null

2020-04-16 13:33:43 - [TEST_STEP][PASSED] - openBrowser(WebOfficeURL): Browser is opened with url: 'https://admin.preview.checkatrade.com/'

2020-04-16 13:33:43 - [MESSAGE][INFO] - Starting 'Chrome' driver

2020-04-16 13:33:43 - [MESSAGE][INFO] - Action delay is set to 0 milliseconds

2020-04-16 13:33:48 - [MESSAGE][PASSED] - Browser is opened with url: 'https://admin.preview.checkatrade.com/'

2020-04-16 13:33:48 - [TEST_STEP][PASSED] - maximizeWindow(): Current window maximized

2020-04-16 13:33:50 - [MESSAGE][PASSED] - Current window maximized

2020-04-16 13:33:50 - [TEST_STEP][PASSED] - waitForElementClickable(findTestObject("Object Repository/WebOffice/Page_Checkatrade - Administration - Login/Login_Button"), 25): Object 'Object Repository/WebOffice/Page_Checkatrade - Administration - Login/Login_Button' is clickable

2020-04-16 13:33:50 - [MESSAGE][PASSED] - Object 'Object Repository/WebOffice/Page_Checkatrade - Administration - Login/Login_Button' is clickable

2020-04-16 13:33:50 - [TEST_STEP][PASSED] - verifyTextPresent("Checkatrade Web Office", false): Text 'Checkatrade Web Office' is present on page 

2020-04-16 13:33:50 - [MESSAGE][PASSED] - Text 'Checkatrade Web Office' is present on page 

2020-04-16 13:33:50 - [TEST_STEP][PASSED] - verifyTextPresent("Access for staff use only", false): Text 'Access for staff use only' is present on page 

2020-04-16 13:33:50 - [MESSAGE][PASSED] - Text 'Access for staff use only' is present on page 

2020-04-16 13:33:50 - [TEST_STEP][PASSED] - verifyTextPresent("Forgotten password?", false): Text 'Forgotten password?' is present on page 

2020-04-16 13:33:51 - [MESSAGE][PASSED] - Text 'Forgotten password?' is present on page 

2020-04-16 13:33:51 - [TEST_STEP][PASSED] - setText(findTestObject("Object Repository/WebOffice/Page_Checkatrade - Administration - Login/input_Username_LoginControlUserName"), wo_Username): Text 'DavidHo' is set on object 'Object Repository/WebOffice/Page_Checkatrade - Administration - Login/input_Username_LoginControlUserName'

2020-04-16 13:33:51 - [MESSAGE][PASSED] - Text 'DavidHo' is set on object 'Object Repository/WebOffice/Page_Checkatrade - Administration - Login/input_Username_LoginControlUserName'

2020-04-16 13:33:51 - [TEST_STEP][PASSED] - setText(findTestObject("Object Repository/WebOffice/Page_Checkatrade - Administration - Login/input_Password_LoginControlPassword"), wo_Password): Text 'Check123' is set on object 'Object Repository/WebOffice/Page_Checkatrade - Administration - Login/input_Password_LoginControlPassword'

2020-04-16 13:33:51 - [MESSAGE][PASSED] - Text 'Check123' is set on object 'Object Repository/WebOffice/Page_Checkatrade - Administration - Login/input_Password_LoginControlPassword'

2020-04-16 13:33:51 - [TEST_STEP][PASSED] - click(findTestObject("Object Repository/WebOffice/Page_Checkatrade - Administration - Login/Login_Button")): Object: 'Object Repository/WebOffice/Page_Checkatrade - Administration - Login/Login_Button' is clicked on

2020-04-16 13:33:52 - [MESSAGE][PASSED] - Object: 'Object Repository/WebOffice/Page_Checkatrade - Administration - Login/Login_Button' is clicked on

2020-04-16 13:33:52 - [TEST_STEP][PASSED] - waitForPageLoad(60): Wait for page load successfully

2020-04-16 13:33:52 - [MESSAGE][PASSED] - Wait for page load successfully

2020-04-16 13:33:52 - [TEST_STEP][PASSED] - verifyTextPresent("Welcome " + wo_Username, false): Text 'Welcome DavidHo' is present on page 

2020-04-16 13:33:53 - [MESSAGE][PASSED] - Text 'Welcome DavidHo' is present on page 

2020-04-16 13:33:53 - [MESSAGE][PASSED] - Call Test Case 'Test Cases/Reusable_Test_Sequences/Web_Office/Directives/WebOffice_StartUp' successfully

2020-04-16 13:33:53 - [TEST_STEP][PASSED] - "--------------------------------------": null

2020-04-16 13:33:53 - [TEST_STEP][PASSED] - " Navigate to <Companies> Menu Item    |": null

2020-04-16 13:33:53 - [TEST_STEP][PASSED] - callTestCase(findTestCase("Reusable_Test_Sequences/Web_Office/navigation/Navigate_Advanced_Company_Search"), [:], STOP_ON_FAILURE): Call Test Case 'Test Cases/Reusable_Test_Sequences/Web_Office/navigation/Navigate_Advanced_Company_Search' successfully

2020-04-16 13:33:53 - [TEST_CASE][PASSED] - Test Cases/Reusable_Test_Sequences/Web_Office/navigation/Navigate_Advanced_Company_Search: Test Cases/Reusable_Test_Sequences/Web_Office/navigation/Navigate_Advanced_Company_Search

2020-04-16 13:33:53 - [TEST_STEP][PASSED] - "--------------------------------------": null

2020-04-16 13:33:53 - [TEST_STEP][PASSED] - " Navigate Top level menu Item         |": null

2020-04-16 13:33:53 - [TEST_STEP][PASSED] - waitForPageLoad(60): Wait for page load successfully

2020-04-16 13:33:53 - [MESSAGE][PASSED] - Wait for page load successfully

2020-04-16 13:33:53 - [TEST_STEP][PASSED] - waitForElementClickable(findTestObject("Object Repository/WebOffice_Home_page/a_Companies"), 60): Object 'Object Repository/WebOffice_Home_page/a_Companies' is clickable

2020-04-16 13:33:53 - [MESSAGE][PASSED] - Object 'Object Repository/WebOffice_Home_page/a_Companies' is clickable

2020-04-16 13:33:53 - [TEST_STEP][PASSED] - mouseOver(findTestObject("Object Repository/WebOffice_Home_page/a_Companies")): Object: 'Object Repository/WebOffice_Home_page/a_Companies' is hovered

2020-04-16 13:33:53 - [MESSAGE][PASSED] - Object: 'Object Repository/WebOffice_Home_page/a_Companies' is hovered

2020-04-16 13:33:53 - [TEST_STEP][PASSED] - waitForElementClickable(findTestObject("Object Repository/WebOffice_Home_page/a_Company_Advanced_Search"), 1): Object 'Object Repository/WebOffice_Home_page/a_Company_Advanced_Search' is clickable

2020-04-16 13:33:54 - [MESSAGE][PASSED] - Object 'Object Repository/WebOffice_Home_page/a_Company_Advanced_Search' is clickable

2020-04-16 13:33:54 - [TEST_STEP][PASSED] - click(findTestObject("Object Repository/WebOffice_Home_page/a_Company_Advanced_Search")): Object: 'Object Repository/WebOffice_Home_page/a_Company_Advanced_Search' is clicked on

2020-04-16 13:33:56 - [MESSAGE][PASSED] - Object: 'Object Repository/WebOffice_Home_page/a_Company_Advanced_Search' is clicked on

2020-04-16 13:33:56 - [MESSAGE][PASSED] - Call Test Case 'Test Cases/Reusable_Test_Sequences/Web_Office/navigation/Navigate_Advanced_Company_Search' successfully

2020-04-16 13:33:56 - [TEST_STEP][PASSED] - "--------------------------------------": null

2020-04-16 13:33:56 - [TEST_STEP][PASSED] - " LH Pane  - Apply Search Criteria     |": null

2020-04-16 13:33:56 - [TEST_STEP][PASSED] - callTestCase(findTestCase("Reusable_Test_Sequences/Web_Office/Actions/Set_Advanced_Company_Data"), [:], STOP_ON_FAILURE): Call Test Case 'Test Cases/Reusable_Test_Sequences/Web_Office/Actions/Set_Advanced_Company_Data' successfully

2020-04-16 13:33:56 - [TEST_CASE][PASSED] - Test Cases/Reusable_Test_Sequences/Web_Office/Actions/Set_Advanced_Company_Data: Test Cases/Reusable_Test_Sequences/Web_Office/Actions/Set_Advanced_Company_Data

2020-04-16 13:33:56 - [TEST_STEP][PASSED] - "--------------------------------": null

2020-04-16 13:33:56 - [TEST_STEP][PASSED] - "Read data from spreadsheet      |": null

2020-04-16 13:33:56 - [TEST_STEP][PASSED] - data = findTestData("Data Files/Advance_Company_Search_Data"): null

2020-04-16 13:33:57 - [TEST_STEP][PASSED] - Trader_ID = data.getValue("Trader_ID", row): null

2020-04-16 13:33:57 - [TEST_STEP][PASSED] - Limited_Company_Number = data.getValue("Limited_Company_Number", row): null

2020-04-16 13:33:57 - [TEST_STEP][PASSED] - Company_Name = data.getValue("Company_Name", row): null

2020-04-16 13:33:57 - [TEST_STEP][PASSED] - Owner_Surname = data.getValue("Owner_Surname", row): null

2020-04-16 13:33:57 - [TEST_STEP][PASSED] - Owner_DOB = data.getValue("Owner_DOB", row): null

2020-04-16 13:33:57 - [TEST_STEP][PASSED] - Name_House = data.getValue("Name_House", row): null

2020-04-16 13:33:57 - [TEST_STEP][PASSED] - Number_Street = data.getValue("Number_Street", row): null

2020-04-16 13:33:57 - [TEST_STEP][PASSED] - Town = data.getValue("Town", row): null

2020-04-16 13:33:57 - [TEST_STEP][PASSED] - City = data.getValue("City", row): null

2020-04-16 13:33:57 - [TEST_STEP][PASSED] - County = data.getValue("County", row): null

2020-04-16 13:33:57 - [TEST_STEP][PASSED] - Postcode = data.getValue("Postcode", row): null

2020-04-16 13:33:57 - [TEST_STEP][PASSED] - Tel = data.getValue("Tel", row): null

2020-04-16 13:33:57 - [TEST_STEP][PASSED] - Email = data.getValue("Email", row): null

2020-04-16 13:33:57 - [TEST_STEP][PASSED] - "slack": null

2020-04-16 13:33:57 - [TEST_STEP][PASSED] - "--------------------------------": null

2020-04-16 13:33:57 - [TEST_STEP][PASSED] - " Synchronisation                |": null

2020-04-16 13:33:57 - [TEST_STEP][PASSED] - waitForPageLoad(60): Wait for page load successfully

2020-04-16 13:33:57 - [MESSAGE][PASSED] - Wait for page load successfully

2020-04-16 13:33:57 - [TEST_STEP][PASSED] - waitForElementVisible(findTestObject("Web_Office_Advanced_Company_Search/Page_/input_Clear_ctl00ctl00CP1ctlSearchbtnSearch"), 60): Object 'Object Repository/Web_Office_Advanced_Company_Search/Page_/input_Clear_ctl00ctl00CP1ctlSearchbtnSearch' is visible

2020-04-16 13:33:57 - [MESSAGE][PASSED] - Object 'Object Repository/Web_Office_Advanced_Company_Search/Page_/input_Clear_ctl00ctl00CP1ctlSearchbtnSearch' is visible

2020-04-16 13:33:57 - [TEST_STEP][PASSED] - "https://admin.preview.checkatrade.com/Companies/Search.aspx": null

2020-04-16 13:33:57 - [TEST_STEP][PASSED] - "-------------------------------------------------------------------------------------------------------------------------------------": null

2020-04-16 13:33:57 - [TEST_STEP][PASSED] - setText(findTestObject("Web_Office_Advanced_Company_Search/Page_/table_Trader ID"), Trader_ID): Text '' is set on object 'Object Repository/Web_Office_Advanced_Company_Search/Page_/table_Trader ID'

2020-04-16 13:33:58 - [MESSAGE][PASSED] - Text '' is set on object 'Object Repository/Web_Office_Advanced_Company_Search/Page_/table_Trader ID'

2020-04-16 13:33:58 - [TEST_STEP][PASSED] - "-------------------------------------------------------------------------------------------------------------------------------------": null

2020-04-16 13:33:58 - [TEST_STEP][PASSED] - setText(findTestObject("Web_Office_Advanced_Company_Search/Page_/input_Limited Company Number"), Limited_Company_Number): Text '4460222' is set on object 'Object Repository/Web_Office_Advanced_Company_Search/Page_/input_Limited Company Number'

2020-04-16 13:33:59 - [MESSAGE][PASSED] - Text '4460222' is set on object 'Object Repository/Web_Office_Advanced_Company_Search/Page_/input_Limited Company Number'

2020-04-16 13:33:59 - [TEST_STEP][PASSED] - "-------------------------------------------------------------------------------------------------------------------------------------": null

2020-04-16 13:33:59 - [TEST_STEP][PASSED] - setText(findTestObject("Web_Office_Advanced_Company_Search/Page_/input_Company Name"), Company_Name): Text '' is set on object 'Object Repository/Web_Office_Advanced_Company_Search/Page_/input_Company Name'

2020-04-16 13:33:59 - [MESSAGE][PASSED] - Text '' is set on object 'Object Repository/Web_Office_Advanced_Company_Search/Page_/input_Company Name'

2020-04-16 13:33:59 - [TEST_STEP][PASSED] - "-------------------------------------------------------------------------------------------------------------------------------------": null

2020-04-16 13:33:59 - [TEST_STEP][PASSED] - "Set Owner_Date of Birth": null

2020-04-16 13:33:59 - [TEST_STEP][PASSED] - "-------------------------------------------------------------------------------------------------------------------------------------": null

2020-04-16 13:33:59 - [TEST_STEP][PASSED] - setText(findTestObject("Web_Office_Advanced_Company_Search/Page_/input_Owner Surname"), Owner_Surname): Text '' is set on object 'Object Repository/Web_Office_Advanced_Company_Search/Page_/input_Owner Surname'

2020-04-16 13:34:00 - [MESSAGE][PASSED] - Text '' is set on object 'Object Repository/Web_Office_Advanced_Company_Search/Page_/input_Owner Surname'

2020-04-16 13:34:00 - [TEST_STEP][PASSED] - "-------------------------------------------------------------------------------------------------------------------------------------": null

2020-04-16 13:34:00 - [TEST_STEP][PASSED] - setText(findTestObject("Web_Office_Advanced_Company_Search/Page_/input_Name Of House"), Name_House): Text '' is set on object 'Object Repository/Web_Office_Advanced_Company_Search/Page_/input_Name Of House'

2020-04-16 13:34:01 - [MESSAGE][PASSED] - Text '' is set on object 'Object Repository/Web_Office_Advanced_Company_Search/Page_/input_Name Of House'

2020-04-16 13:34:01 - [TEST_STEP][PASSED] - "-------------------------------------------------------------------------------------------------------------------------------------": null

2020-04-16 13:34:01 - [TEST_STEP][PASSED] - "Set Street": null

2020-04-16 13:34:01 - [TEST_STEP][PASSED] - "-------------------------------------------------------------------------------------------------------------------------------------": null

2020-04-16 13:34:01 - [TEST_STEP][PASSED] - setText(findTestObject("Web_Office_Advanced_Company_Search/Page_/input_Town"), Town): Text '' is set on object 'Object Repository/Web_Office_Advanced_Company_Search/Page_/input_Town'

2020-04-16 13:34:01 - [MESSAGE][PASSED] - Text '' is set on object 'Object Repository/Web_Office_Advanced_Company_Search/Page_/input_Town'

2020-04-16 13:34:01 - [TEST_STEP][PASSED] - "-------------------------------------------------------------------------------------------------------------------------------------": null

2020-04-16 13:34:01 - [TEST_STEP][PASSED] - setText(findTestObject("Web_Office_Advanced_Company_Search/Page_/input_City"), City): Text '' is set on object 'Object Repository/Web_Office_Advanced_Company_Search/Page_/input_City'

2020-04-16 13:34:01 - [MESSAGE][PASSED] - Text '' is set on object 'Object Repository/Web_Office_Advanced_Company_Search/Page_/input_City'

2020-04-16 13:34:01 - [TEST_STEP][PASSED] - "-------------------------------------------------------------------------------------------------------------------------------------": null

2020-04-16 13:34:01 - [TEST_STEP][PASSED] - setText(findTestObject("Web_Office_Advanced_Company_Search/Page_/input_County"), County): Text '' is set on object 'Object Repository/Web_Office_Advanced_Company_Search/Page_/input_County'

2020-04-16 13:34:02 - [MESSAGE][PASSED] - Text '' is set on object 'Object Repository/Web_Office_Advanced_Company_Search/Page_/input_County'

2020-04-16 13:34:02 - [TEST_STEP][PASSED] - "-------------------------------------------------------------------------------------------------------------------------------------": null

2020-04-16 13:34:02 - [TEST_STEP][PASSED] - setText(findTestObject("Web_Office_Advanced_Company_Search/Page_/input_Postcode"), Postcode): Text '' is set on object 'Object Repository/Web_Office_Advanced_Company_Search/Page_/input_Postcode'

2020-04-16 13:34:02 - [MESSAGE][PASSED] - Text '' is set on object 'Object Repository/Web_Office_Advanced_Company_Search/Page_/input_Postcode'

2020-04-16 13:34:02 - [TEST_STEP][PASSED] - "-------------------------------------------------------------------------------------------------------------------------------------": null

2020-04-16 13:34:02 - [TEST_STEP][PASSED] - setText(findTestObject("Web_Office_Advanced_Company_Search/Page_/input_Telephone"), Tel): Text '' is set on object 'Object Repository/Web_Office_Advanced_Company_Search/Page_/input_Telephone'

2020-04-16 13:34:02 - [MESSAGE][PASSED] - Text '' is set on object 'Object Repository/Web_Office_Advanced_Company_Search/Page_/input_Telephone'

2020-04-16 13:34:02 - [TEST_STEP][PASSED] - "-------------------------------------------------------------------------------------------------------------------------------------": null

2020-04-16 13:34:02 - [TEST_STEP][PASSED] - setText(findTestObject("Web_Office_Advanced_Company_Search/Page_/input_Email"), Email): Text '' is set on object 'Object Repository/Web_Office_Advanced_Company_Search/Page_/input_Email'

2020-04-16 13:34:03 - [MESSAGE][PASSED] - Text '' is set on object 'Object Repository/Web_Office_Advanced_Company_Search/Page_/input_Email'

2020-04-16 13:34:03 - [TEST_STEP][PASSED] - "Set Status": null

2020-04-16 13:34:03 - [TEST_STEP][PASSED] - "-------------------------------------------------------------------------------------------------------------------------------------": null

2020-04-16 13:34:03 - [TEST_STEP][PASSED] - "Status 3 Options": null

2020-04-16 13:34:03 - [TEST_STEP][PASSED] - "-------------------------------------------------------------------------------------------------------------------------------------": null

2020-04-16 13:34:03 - [TEST_STEP][PASSED] - "Set Type": null

2020-04-16 13:34:03 - [TEST_STEP][PASSED] - "-------------------------------------------------------------------------------------------------------------------------------------": null

2020-04-16 13:34:03 - [TEST_STEP][PASSED] - "Type 3 Options": null

2020-04-16 13:34:03 - [TEST_STEP][PASSED] - "-------------------------------------------------------------------------------------------------------------------------------------": null

2020-04-16 13:34:03 - [TEST_STEP][PASSED] - scrollToPosition(0, 0): Browser is scrolled to position x = 0, y = 0

2020-04-16 13:34:03 - [MESSAGE][PASSED] - Browser is scrolled to position x = 0, y = 0

2020-04-16 13:34:03 - [TEST_STEP][PASSED] - waitForElementClickable(findTestObject("Web_Office_Advanced_Company_Search/Page_/Top_Search_Button"), 5): Object 'Object Repository/Web_Office_Advanced_Company_Search/Page_/Top_Search_Button' is clickable

2020-04-16 13:34:03 - [MESSAGE][PASSED] - Object 'Object Repository/Web_Office_Advanced_Company_Search/Page_/Top_Search_Button' is clickable

2020-04-16 13:34:03 - [TEST_STEP][PASSED] - click(findTestObject("Web_Office_Advanced_Company_Search/Page_/Top_Search_Button")): Object: 'Object Repository/Web_Office_Advanced_Company_Search/Page_/Top_Search_Button' is clicked on

2020-04-16 13:34:07 - [MESSAGE][PASSED] - Object: 'Object Repository/Web_Office_Advanced_Company_Search/Page_/Top_Search_Button' is clicked on

2020-04-16 13:34:07 - [MESSAGE][PASSED] - Call Test Case 'Test Cases/Reusable_Test_Sequences/Web_Office/Actions/Set_Advanced_Company_Data' successfully

2020-04-16 13:34:07 - [TEST_STEP][PASSED] - "--------------------------------------": null

2020-04-16 13:34:07 - [TEST_STEP][PASSED] - " Select Returned Record to Verify     |": null

2020-04-16 13:34:07 - [TEST_STEP][PASSED] - callTestCase(findTestCase("Reusable_Test_Sequences/Web_Office/Actions/Select_Company"), [:], OPTIONAL): Call Test Case 'Test Cases/Reusable_Test_Sequences/Web_Office/Actions/Select_Company' successfully

2020-04-16 13:34:07 - [TEST_CASE][PASSED] - Test Cases/Reusable_Test_Sequences/Web_Office/Actions/Select_Company: Test Cases/Reusable_Test_Sequences/Web_Office/Actions/Select_Company

2020-04-16 13:34:07 - [TEST_STEP][PASSED] - waitForPageLoad(60): Wait for page load successfully

2020-04-16 13:34:07 - [MESSAGE][PASSED] - Wait for page load successfully

2020-04-16 13:34:07 - [TEST_STEP][PASSED] - waitForElementClickable(findTestObject("Web_Office_Advanced_Company_Search/Page_/td_Returned_Company"), 5): Object 'Object Repository/Web_Office_Advanced_Company_Search/Page_/td_Returned_Company' is clickable

2020-04-16 13:34:07 - [MESSAGE][PASSED] - Object 'Object Repository/Web_Office_Advanced_Company_Search/Page_/td_Returned_Company' is clickable

2020-04-16 13:34:07 - [TEST_STEP][PASSED] - "-------------------------------------------------------------------------------------------------------------------------------------": null

2020-04-16 13:34:07 - [TEST_STEP][PASSED] - click(findTestObject("Web_Office_Advanced_Company_Search/Page_/td_Returned_Company")): Object: 'Object Repository/Web_Office_Advanced_Company_Search/Page_/td_Returned_Company' is clicked on

2020-04-16 13:34:11 - [MESSAGE][PASSED] - Object: 'Object Repository/Web_Office_Advanced_Company_Search/Page_/td_Returned_Company' is clicked on

2020-04-16 13:34:11 - [MESSAGE][PASSED] - Call Test Case 'Test Cases/Reusable_Test_Sequences/Web_Office/Actions/Select_Company' successfully

2020-04-16 13:34:11 - [TEST_STEP][PASSED] - "--------------------------------------": null

2020-04-16 13:34:11 - [TEST_STEP][PASSED] - " Verify Returned Company Record       |": null

2020-04-16 13:34:11 - [TEST_STEP][PASSED] - callTestCase(findTestCase("Reusable_Test_Sequences/Web_Office/Verification/Company_Returned_Advanced_Search_Record"), [:], OPTIONAL): Call Test Case 'Test Cases/Reusable_Test_Sequences/Web_Office/Verification/Company_Returned_Advanced_Search_Record' successfully

2020-04-16 13:34:11 - [TEST_CASE][PASSED] - Test Cases/Reusable_Test_Sequences/Web_Office/Verification/Company_Returned_Advanced_Search_Record: Test Cases/Reusable_Test_Sequences/Web_Office/Verification/Company_Returned_Advanced_Search_Record

2020-04-16 13:34:11 - [TEST_STEP][PASSED] - "--------------------------------": null

2020-04-16 13:34:11 - [TEST_STEP][PASSED] - "Read data from spreadsheet      | r_ = Returned Data": null

2020-04-16 13:34:11 - [TEST_STEP][PASSED] - data = findTestData("Data Files/Advance_Company_Search_Data"): null

2020-04-16 13:34:11 - [TEST_STEP][PASSED] - Trader_ID = data.getValue("Trader_ID", row): null

2020-04-16 13:34:11 - [TEST_STEP][PASSED] - Limited_Company_Number = data.getValue("Limited_Company_Number", row): null

2020-04-16 13:34:11 - [TEST_STEP][PASSED] - Company_Name = data.getValue("Company_Name", row): null

2020-04-16 13:34:11 - [TEST_STEP][PASSED] - Owner_Surname = data.getValue("Owner_Surname", row): null

2020-04-16 13:34:11 - [TEST_STEP][PASSED] - Owner_DOB = data.getValue("Owner_DOB", row): null

2020-04-16 13:34:11 - [TEST_STEP][PASSED] - Name_House = data.getValue("Name_House", row): null

2020-04-16 13:34:11 - [TEST_STEP][PASSED] - Number_Street = data.getValue("Number_Street", row): null

2020-04-16 13:34:11 - [TEST_STEP][PASSED] - Town = data.getValue("Town", row): null

2020-04-16 13:34:11 - [TEST_STEP][PASSED] - City = data.getValue("City", row): null

2020-04-16 13:34:11 - [TEST_STEP][PASSED] - County = data.getValue("County", row): null

2020-04-16 13:34:11 - [TEST_STEP][PASSED] - Postcode = data.getValue("Postcode", row): null

2020-04-16 13:34:11 - [TEST_STEP][PASSED] - Tel = data.getValue("Tel", row): null

2020-04-16 13:34:11 - [TEST_STEP][PASSED] - Email = data.getValue("Email", row): null

2020-04-16 13:34:11 - [TEST_STEP][PASSED] - "--------------------------------": null

2020-04-16 13:34:11 - [TEST_STEP][PASSED] - "Read data from spreadsheet      |": null

2020-04-16 13:34:11 - [TEST_STEP][PASSED] - Actual_Page_Text = "": null

2020-04-16 13:34:11 - [TEST_STEP][PASSED] - Expected_Page_Text = "": null

2020-04-16 13:34:11 - [TEST_STEP][PASSED] - waitForPageLoad(60): Wait for page load successfully

2020-04-16 13:34:11 - [MESSAGE][PASSED] - Wait for page load successfully

2020-04-16 13:34:11 - [TEST_STEP][PASSED] - delay(1): Delayed 1 second(s)

2020-04-16 13:34:12 - [MESSAGE][PASSED] - Delayed 1 second(s)

2020-04-16 13:34:12 - [TEST_STEP][PASSED] - "---------------------------------------------------------------------------------------------------------------------": null

2020-04-16 13:34:12 - [TEST_STEP][PASSED] - "HEADER DETAIL - iFrame": null

2020-04-16 13:34:12 - [TEST_STEP][PASSED] - "-----------------": null

2020-04-16 13:34:12 - [TEST_STEP][PASSED] - "PAGE_HEADER TEXT |": null

2020-04-16 13:34:12 - [TEST_STEP][PASSED] - verifyTextPresent(findTestData("Data Files/Advance_Company_Search_Data").getValue("Page_Header_Text", row), false): Text 'Kitchen Facelift & Renewal Limited' is present on page 

2020-04-16 13:34:12 - [MESSAGE][PASSED] - Text 'Kitchen Facelift & Renewal Limited' is present on page 

2020-04-16 13:34:12 - [TEST_STEP][PASSED] - "----------------": null

2020-04-16 13:34:12 - [TEST_STEP][PASSED] - "Email Address   |": null

2020-04-16 13:34:12 - [TEST_STEP][PASSED] - verifyTextPresent(findTestData("Data Files/Advance_Company_Search_Data").getValue("Email", row), false): Text '' is present on page 

2020-04-16 13:34:13 - [MESSAGE][PASSED] - Text '' is present on page 

2020-04-16 13:34:13 - [TEST_STEP][PASSED] - "----------------": null

2020-04-16 13:34:13 - [TEST_STEP][PASSED] - "Phone Number    |": null

2020-04-16 13:34:13 - [TEST_STEP][PASSED] - verifyTextPresent(findTestData("Data Files/Advance_Company_Search_Data").getValue("Tel", row), false): Text '' is present on page 

2020-04-16 13:34:14 - [MESSAGE][PASSED] - Text '' is present on page 

2020-04-16 13:34:14 - [TEST_STEP][PASSED] - "----------------": null

2020-04-16 13:34:14 - [TEST_STEP][PASSED] - "Trader ID       |": null

2020-04-16 13:34:14 - [TEST_STEP][PASSED] - verifyTextPresent(findTestData("Data Files/Advance_Company_Search_Data").getValue("Trader_ID", row), false): Text '' is present on page 

2020-04-16 13:34:14 - [MESSAGE][PASSED] - Text '' is present on page 

2020-04-16 13:34:14 - [TEST_STEP][PASSED] - "----------------": null

2020-04-16 13:34:14 - [TEST_STEP][PASSED] - "Postcode        |": null

2020-04-16 13:34:14 - [TEST_STEP][PASSED] - verifyTextPresent(findTestData("Data Files/Advance_Company_Search_Data").getValue("Postcode", row), false): Text '' is present on page 

2020-04-16 13:34:15 - [MESSAGE][PASSED] - Text '' is present on page 

2020-04-16 13:34:15 - [TEST_STEP][PASSED] - "----------------": null

2020-04-16 13:34:15 - [TEST_STEP][PASSED] - "Full Name       |": null

2020-04-16 13:34:15 - [TEST_STEP][PASSED] - verifyTextPresent(findTestData("Data Files/Advance_Company_Search_Data").getValue("Full_Name", row), false): Text 'Mr Steve Mercer' is present on page 

2020-04-16 13:34:16 - [MESSAGE][PASSED] - Text 'Mr Steve Mercer' is present on page 

2020-04-16 13:34:16 - [TEST_STEP][PASSED] - "----------------": null

2020-04-16 13:34:16 - [TEST_STEP][PASSED] - "Date of Birth   |": null

2020-04-16 13:34:16 - [TEST_STEP][PASSED] - verifyTextPresent(findTestData("Data Files/Advance_Company_Search_Data").getValue("Owner_DOB", row), false): Text '' is present on page 

2020-04-16 13:34:16 - [MESSAGE][PASSED] - Text '' is present on page 

2020-04-16 13:34:16 - [TEST_STEP][PASSED] - "----------------": null

2020-04-16 13:34:16 - [TEST_STEP][PASSED] - "Full Address    |": null

2020-04-16 13:34:16 - [TEST_STEP][PASSED] - verifyTextPresent(findTestData("Data Files/Advance_Company_Search_Data").getValue("Full_Address", row), false): Text 'Lyndale, Town Cross Avenue, Bognor Regis, West Sussex, PO21 2DN' is present on page 

2020-04-16 13:34:17 - [MESSAGE][PASSED] - Text 'Lyndale, Town Cross Avenue, Bognor Regis, West Sussex, PO21 2DN' is present on page 

2020-04-16 13:34:17 - [MESSAGE][PASSED] - Call Test Case 'Test Cases/Reusable_Test_Sequences/Web_Office/Verification/Company_Returned_Advanced_Search_Record' successfully

2020-04-16 13:34:17 - [TEST_STEP][PASSED] - "--------------------------": null

2020-04-16 13:34:17 - [TEST_STEP][PASSED] - " Teardown - CLose Browser |": null

2020-04-16 13:34:17 - [TEST_STEP][PASSED] - callTestCase(findTestCase("Reusable_Test_Sequences/CAT_Teardown"), [:], OPTIONAL): Call Test Case 'Test Cases/Reusable_Test_Sequences/CAT_Teardown' successfully

2020-04-16 13:34:17 - [TEST_CASE][PASSED] - Test Cases/Reusable_Test_Sequences/CAT_Teardown: Test Cases/Reusable_Test_Sequences/CAT_Teardown

2020-04-16 13:34:17 - [TEST_STEP][PASSED] - closeBrowser(): Browser is closed

2020-04-16 13:34:18 - [MESSAGE][PASSED] - Browser is closed

2020-04-16 13:34:18 - [TEST_STEP][PASSED] - super.finalize(): null

2020-04-16 13:34:18 - [TEST_STEP][PASSED] - System.gc(): null

2020-04-16 13:34:18 - [MESSAGE][PASSED] - Call Test Case 'Test Cases/Reusable_Test_Sequences/CAT_Teardown' successfully

2020-04-16 13:34:18 - [TEST_STEP][PASSED] - "--------------------------------------": null

2020-04-16 13:34:18 - [TEST_STEP][PASSED] - " Web Office StartUp                  |": null

2020-04-16 13:34:18 - [TEST_STEP][PASSED] - callTestCase(findTestCase("Reusable_Test_Sequences/Web_Office/Directives/WebOffice_StartUp"), [:], STOP_ON_FAILURE): Call Test Case 'Test Cases/Reusable_Test_Sequences/Web_Office/Directives/WebOffice_StartUp' successfully

2020-04-16 13:34:18 - [TEST_CASE][PASSED] - Test Cases/Reusable_Test_Sequences/Web_Office/Directives/WebOffice_StartUp: Test Cases/Reusable_Test_Sequences/Web_Office/Directives/WebOffice_StartUp

2020-04-16 13:34:18 - [TEST_STEP][PASSED] - "-----------------------------------------------------------------------------": null

2020-04-16 13:34:18 - [TEST_STEP][PASSED] - if (URL == "https://www.dev.checkatrade.com/"): null

2020-04-16 13:34:18 - [TEST_STEP][PASSED] - "-----------------------------------------------------------------------------": null

2020-04-16 13:34:18 - [TEST_STEP][PASSED] - if (URL == "https://www.checkatrade.com/"): null

2020-04-16 13:34:18 - [TEST_STEP][PASSED] - "-----------------------------------------------------------------------------": null

2020-04-16 13:34:18 - [TEST_STEP][PASSED] - if (URL == "https://www.preview.checkatrade.com/"): null

2020-04-16 13:34:18 - [TEST_STEP][PASSED] - WebOfficeURL = "https://admin.preview.checkatrade.com/": null

2020-04-16 13:34:18 - [TEST_STEP][PASSED] - if (URL == "https://www.dev2.checkatrade.com/"): null

2020-04-16 13:34:18 - [TEST_STEP][PASSED] - "Set Function Area for "URL_Handler", URL Resolution": null

2020-04-16 13:34:18 - [TEST_STEP][PASSED] - "Do Some Magic with URL(s) See the comments within URL Handler ": null

2020-04-16 13:34:18 - [TEST_STEP][PASSED] - "------------------------------------------------": null

2020-04-16 13:34:18 - [TEST_STEP][PASSED] - "Moved Login Credentials to <Default> profile 22/01/2020": null

2020-04-16 13:34:18 - [TEST_STEP][PASSED] - "------------------------------------------------": null

2020-04-16 13:34:18 - [TEST_STEP][PASSED] - "WebOfficeURL - Set from the ENVIRONMENT PROFILE ": null

2020-04-16 13:34:18 - [TEST_STEP][PASSED] - "OPEN BROWSER": null

2020-04-16 13:34:18 - [TEST_STEP][PASSED] - "eg - https://admin.preview.checkatrade.com/  ": null

2020-04-16 13:34:18 - [TEST_STEP][PASSED] - openBrowser(WebOfficeURL): Browser is opened with url: 'https://admin.preview.checkatrade.com/'

2020-04-16 13:34:18 - [MESSAGE][INFO] - Starting 'Chrome' driver

2020-04-16 13:34:18 - [MESSAGE][INFO] - Action delay is set to 0 milliseconds

2020-04-16 13:34:24 - [MESSAGE][PASSED] - Browser is opened with url: 'https://admin.preview.checkatrade.com/'

2020-04-16 13:34:24 - [TEST_STEP][PASSED] - maximizeWindow(): Current window maximized

2020-04-16 13:34:26 - [MESSAGE][PASSED] - Current window maximized

2020-04-16 13:34:26 - [TEST_STEP][PASSED] - waitForElementClickable(findTestObject("Object Repository/WebOffice/Page_Checkatrade - Administration - Login/Login_Button"), 25): Object 'Object Repository/WebOffice/Page_Checkatrade - Administration - Login/Login_Button' is clickable

2020-04-16 13:34:26 - [MESSAGE][PASSED] - Object 'Object Repository/WebOffice/Page_Checkatrade - Administration - Login/Login_Button' is clickable

2020-04-16 13:34:26 - [TEST_STEP][PASSED] - verifyTextPresent("Checkatrade Web Office", false): Text 'Checkatrade Web Office' is present on page 

2020-04-16 13:34:26 - [MESSAGE][PASSED] - Text 'Checkatrade Web Office' is present on page 

2020-04-16 13:34:26 - [TEST_STEP][PASSED] - verifyTextPresent("Access for staff use only", false): Text 'Access for staff use only' is present on page 

2020-04-16 13:34:26 - [MESSAGE][PASSED] - Text 'Access for staff use only' is present on page 

2020-04-16 13:34:26 - [TEST_STEP][PASSED] - verifyTextPresent("Forgotten password?", false): Text 'Forgotten password?' is present on page 

2020-04-16 13:34:27 - [MESSAGE][PASSED] - Text 'Forgotten password?' is present on page 

2020-04-16 13:34:27 - [TEST_STEP][PASSED] - setText(findTestObject("Object Repository/WebOffice/Page_Checkatrade - Administration - Login/input_Username_LoginControlUserName"), wo_Username): Text 'DavidHo' is set on object 'Object Repository/WebOffice/Page_Checkatrade - Administration - Login/input_Username_LoginControlUserName'

2020-04-16 13:34:27 - [MESSAGE][PASSED] - Text 'DavidHo' is set on object 'Object Repository/WebOffice/Page_Checkatrade - Administration - Login/input_Username_LoginControlUserName'

2020-04-16 13:34:27 - [TEST_STEP][PASSED] - setText(findTestObject("Object Repository/WebOffice/Page_Checkatrade - Administration - Login/input_Password_LoginControlPassword"), wo_Password): Text 'Check123' is set on object 'Object Repository/WebOffice/Page_Checkatrade - Administration - Login/input_Password_LoginControlPassword'

2020-04-16 13:34:27 - [MESSAGE][PASSED] - Text 'Check123' is set on object 'Object Repository/WebOffice/Page_Checkatrade - Administration - Login/input_Password_LoginControlPassword'

2020-04-16 13:34:27 - [TEST_STEP][PASSED] - click(findTestObject("Object Repository/WebOffice/Page_Checkatrade - Administration - Login/Login_Button")): Object: 'Object Repository/WebOffice/Page_Checkatrade - Administration - Login/Login_Button' is clicked on

2020-04-16 13:34:29 - [MESSAGE][PASSED] - Object: 'Object Repository/WebOffice/Page_Checkatrade - Administration - Login/Login_Button' is clicked on

2020-04-16 13:34:29 - [TEST_STEP][PASSED] - waitForPageLoad(60): Wait for page load successfully

2020-04-16 13:34:29 - [MESSAGE][PASSED] - Wait for page load successfully

2020-04-16 13:34:29 - [TEST_STEP][PASSED] - verifyTextPresent("Welcome " + wo_Username, false): Text 'Welcome DavidHo' is present on page 

2020-04-16 13:34:29 - [MESSAGE][PASSED] - Text 'Welcome DavidHo' is present on page 

2020-04-16 13:34:29 - [MESSAGE][PASSED] - Call Test Case 'Test Cases/Reusable_Test_Sequences/Web_Office/Directives/WebOffice_StartUp' successfully

2020-04-16 13:34:29 - [TEST_STEP][PASSED] - "--------------------------------------": null

2020-04-16 13:34:29 - [TEST_STEP][PASSED] - " Navigate to <Companies> Menu Item    |": null

2020-04-16 13:34:29 - [TEST_STEP][PASSED] - callTestCase(findTestCase("Reusable_Test_Sequences/Web_Office/navigation/Navigate_Advanced_Company_Search"), [:], STOP_ON_FAILURE): Call Test Case 'Test Cases/Reusable_Test_Sequences/Web_Office/navigation/Navigate_Advanced_Company_Search' successfully

2020-04-16 13:34:29 - [TEST_CASE][PASSED] - Test Cases/Reusable_Test_Sequences/Web_Office/navigation/Navigate_Advanced_Company_Search: Test Cases/Reusable_Test_Sequences/Web_Office/navigation/Navigate_Advanced_Company_Search

2020-04-16 13:34:29 - [TEST_STEP][PASSED] - "--------------------------------------": null

2020-04-16 13:34:29 - [TEST_STEP][PASSED] - " Navigate Top level menu Item         |": null

2020-04-16 13:34:29 - [TEST_STEP][PASSED] - waitForPageLoad(60): Wait for page load successfully

2020-04-16 13:34:29 - [MESSAGE][PASSED] - Wait for page load successfully

2020-04-16 13:34:29 - [TEST_STEP][PASSED] - waitForElementClickable(findTestObject("Object Repository/WebOffice_Home_page/a_Companies"), 60): Object 'Object Repository/WebOffice_Home_page/a_Companies' is clickable

2020-04-16 13:34:29 - [MESSAGE][PASSED] - Object 'Object Repository/WebOffice_Home_page/a_Companies' is clickable

2020-04-16 13:34:29 - [TEST_STEP][PASSED] - mouseOver(findTestObject("Object Repository/WebOffice_Home_page/a_Companies")): Object: 'Object Repository/WebOffice_Home_page/a_Companies' is hovered

2020-04-16 13:34:30 - [MESSAGE][PASSED] - Object: 'Object Repository/WebOffice_Home_page/a_Companies' is hovered

2020-04-16 13:34:30 - [TEST_STEP][PASSED] - waitForElementClickable(findTestObject("Object Repository/WebOffice_Home_page/a_Company_Advanced_Search"), 1): Object 'Object Repository/WebOffice_Home_page/a_Company_Advanced_Search' is clickable

2020-04-16 13:34:30 - [MESSAGE][PASSED] - Object 'Object Repository/WebOffice_Home_page/a_Company_Advanced_Search' is clickable

2020-04-16 13:34:30 - [TEST_STEP][PASSED] - click(findTestObject("Object Repository/WebOffice_Home_page/a_Company_Advanced_Search")): Object: 'Object Repository/WebOffice_Home_page/a_Company_Advanced_Search' is clicked on

2020-04-16 13:34:32 - [MESSAGE][PASSED] - Object: 'Object Repository/WebOffice_Home_page/a_Company_Advanced_Search' is clicked on

2020-04-16 13:34:32 - [MESSAGE][PASSED] - Call Test Case 'Test Cases/Reusable_Test_Sequences/Web_Office/navigation/Navigate_Advanced_Company_Search' successfully

2020-04-16 13:34:32 - [TEST_STEP][PASSED] - "--------------------------------------": null

2020-04-16 13:34:32 - [TEST_STEP][PASSED] - " LH Pane  - Apply Search Criteria     |": null

2020-04-16 13:34:32 - [TEST_STEP][PASSED] - callTestCase(findTestCase("Reusable_Test_Sequences/Web_Office/Actions/Set_Advanced_Company_Data"), [:], STOP_ON_FAILURE): Call Test Case 'Test Cases/Reusable_Test_Sequences/Web_Office/Actions/Set_Advanced_Company_Data' successfully

2020-04-16 13:34:32 - [TEST_CASE][PASSED] - Test Cases/Reusable_Test_Sequences/Web_Office/Actions/Set_Advanced_Company_Data: Test Cases/Reusable_Test_Sequences/Web_Office/Actions/Set_Advanced_Company_Data

2020-04-16 13:34:32 - [TEST_STEP][PASSED] - "--------------------------------": null

2020-04-16 13:34:32 - [TEST_STEP][PASSED] - "Read data from spreadsheet      |": null

2020-04-16 13:34:32 - [TEST_STEP][PASSED] - data = findTestData("Data Files/Advance_Company_Search_Data"): null

2020-04-16 13:34:32 - [TEST_STEP][PASSED] - Trader_ID = data.getValue("Trader_ID", row): null

2020-04-16 13:34:32 - [TEST_STEP][PASSED] - Limited_Company_Number = data.getValue("Limited_Company_Number", row): null

2020-04-16 13:34:32 - [TEST_STEP][PASSED] - Company_Name = data.getValue("Company_Name", row): null

2020-04-16 13:34:32 - [TEST_STEP][PASSED] - Owner_Surname = data.getValue("Owner_Surname", row): null

2020-04-16 13:34:32 - [TEST_STEP][PASSED] - Owner_DOB = data.getValue("Owner_DOB", row): null

2020-04-16 13:34:32 - [TEST_STEP][PASSED] - Name_House = data.getValue("Name_House", row): null

2020-04-16 13:34:32 - [TEST_STEP][PASSED] - Number_Street = data.getValue("Number_Street", row): null

2020-04-16 13:34:32 - [TEST_STEP][PASSED] - Town = data.getValue("Town", row): null

2020-04-16 13:34:32 - [TEST_STEP][PASSED] - City = data.getValue("City", row): null

2020-04-16 13:34:32 - [TEST_STEP][PASSED] - County = data.getValue("County", row): null

2020-04-16 13:34:32 - [TEST_STEP][PASSED] - Postcode = data.getValue("Postcode", row): null

2020-04-16 13:34:32 - [TEST_STEP][PASSED] - Tel = data.getValue("Tel", row): null

2020-04-16 13:34:32 - [TEST_STEP][PASSED] - Email = data.getValue("Email", row): null

2020-04-16 13:34:32 - [TEST_STEP][PASSED] - "slack": null

2020-04-16 13:34:32 - [TEST_STEP][PASSED] - "--------------------------------": null

2020-04-16 13:34:32 - [TEST_STEP][PASSED] - " Synchronisation                |": null

2020-04-16 13:34:32 - [TEST_STEP][PASSED] - waitForPageLoad(60): Wait for page load successfully

2020-04-16 13:34:32 - [MESSAGE][PASSED] - Wait for page load successfully

2020-04-16 13:34:32 - [TEST_STEP][PASSED] - waitForElementVisible(findTestObject("Web_Office_Advanced_Company_Search/Page_/input_Clear_ctl00ctl00CP1ctlSearchbtnSearch"), 60): Object 'Object Repository/Web_Office_Advanced_Company_Search/Page_/input_Clear_ctl00ctl00CP1ctlSearchbtnSearch' is visible

2020-04-16 13:34:32 - [MESSAGE][PASSED] - Object 'Object Repository/Web_Office_Advanced_Company_Search/Page_/input_Clear_ctl00ctl00CP1ctlSearchbtnSearch' is visible

2020-04-16 13:34:32 - [TEST_STEP][PASSED] - "https://admin.preview.checkatrade.com/Companies/Search.aspx": null

2020-04-16 13:34:32 - [TEST_STEP][PASSED] - "-------------------------------------------------------------------------------------------------------------------------------------": null

2020-04-16 13:34:32 - [TEST_STEP][PASSED] - setText(findTestObject("Web_Office_Advanced_Company_Search/Page_/table_Trader ID"), Trader_ID): Text '105' is set on object 'Object Repository/Web_Office_Advanced_Company_Search/Page_/table_Trader ID'

2020-04-16 13:34:32 - [MESSAGE][PASSED] - Text '105' is set on object 'Object Repository/Web_Office_Advanced_Company_Search/Page_/table_Trader ID'

2020-04-16 13:34:32 - [TEST_STEP][PASSED] - "-------------------------------------------------------------------------------------------------------------------------------------": null

2020-04-16 13:34:32 - [TEST_STEP][PASSED] - setText(findTestObject("Web_Office_Advanced_Company_Search/Page_/input_Limited Company Number"), Limited_Company_Number): Text '' is set on object 'Object Repository/Web_Office_Advanced_Company_Search/Page_/input_Limited Company Number'

2020-04-16 13:34:33 - [MESSAGE][PASSED] - Text '' is set on object 'Object Repository/Web_Office_Advanced_Company_Search/Page_/input_Limited Company Number'

2020-04-16 13:34:33 - [TEST_STEP][PASSED] - "-------------------------------------------------------------------------------------------------------------------------------------": null

2020-04-16 13:34:33 - [TEST_STEP][PASSED] - setText(findTestObject("Web_Office_Advanced_Company_Search/Page_/input_Company Name"), Company_Name): Text '' is set on object 'Object Repository/Web_Office_Advanced_Company_Search/Page_/input_Company Name'

2020-04-16 13:34:33 - [MESSAGE][PASSED] - Text '' is set on object 'Object Repository/Web_Office_Advanced_Company_Search/Page_/input_Company Name'

2020-04-16 13:34:33 - [TEST_STEP][PASSED] - "-------------------------------------------------------------------------------------------------------------------------------------": null

2020-04-16 13:34:33 - [TEST_STEP][PASSED] - "Set Owner_Date of Birth": null

2020-04-16 13:34:33 - [TEST_STEP][PASSED] - "-------------------------------------------------------------------------------------------------------------------------------------": null

2020-04-16 13:34:33 - [TEST_STEP][PASSED] - setText(findTestObject("Web_Office_Advanced_Company_Search/Page_/input_Owner Surname"), Owner_Surname): Text '' is set on object 'Object Repository/Web_Office_Advanced_Company_Search/Page_/input_Owner Surname'

2020-04-16 13:34:33 - [MESSAGE][PASSED] - Text '' is set on object 'Object Repository/Web_Office_Advanced_Company_Search/Page_/input_Owner Surname'

2020-04-16 13:34:33 - [TEST_STEP][PASSED] - "-------------------------------------------------------------------------------------------------------------------------------------": null

2020-04-16 13:34:33 - [TEST_STEP][PASSED] - setText(findTestObject("Web_Office_Advanced_Company_Search/Page_/input_Name Of House"), Name_House): Text '' is set on object 'Object Repository/Web_Office_Advanced_Company_Search/Page_/input_Name Of House'

2020-04-16 13:34:34 - [MESSAGE][PASSED] - Text '' is set on object 'Object Repository/Web_Office_Advanced_Company_Search/Page_/input_Name Of House'

2020-04-16 13:34:34 - [TEST_STEP][PASSED] - "-------------------------------------------------------------------------------------------------------------------------------------": null

2020-04-16 13:34:34 - [TEST_STEP][PASSED] - "Set Street": null

2020-04-16 13:34:34 - [TEST_STEP][PASSED] - "-------------------------------------------------------------------------------------------------------------------------------------": null

2020-04-16 13:34:34 - [TEST_STEP][PASSED] - setText(findTestObject("Web_Office_Advanced_Company_Search/Page_/input_Town"), Town): Text '' is set on object 'Object Repository/Web_Office_Advanced_Company_Search/Page_/input_Town'

2020-04-16 13:34:34 - [MESSAGE][PASSED] - Text '' is set on object 'Object Repository/Web_Office_Advanced_Company_Search/Page_/input_Town'

2020-04-16 13:34:34 - [TEST_STEP][PASSED] - "-------------------------------------------------------------------------------------------------------------------------------------": null

2020-04-16 13:34:34 - [TEST_STEP][PASSED] - setText(findTestObject("Web_Office_Advanced_Company_Search/Page_/input_City"), City): Text '' is set on object 'Object Repository/Web_Office_Advanced_Company_Search/Page_/input_City'

2020-04-16 13:34:34 - [MESSAGE][PASSED] - Text '' is set on object 'Object Repository/Web_Office_Advanced_Company_Search/Page_/input_City'

2020-04-16 13:34:34 - [TEST_STEP][PASSED] - "-------------------------------------------------------------------------------------------------------------------------------------": null

2020-04-16 13:34:34 - [TEST_STEP][PASSED] - setText(findTestObject("Web_Office_Advanced_Company_Search/Page_/input_County"), County): Text '' is set on object 'Object Repository/Web_Office_Advanced_Company_Search/Page_/input_County'

2020-04-16 13:34:34 - [MESSAGE][PASSED] - Text '' is set on object 'Object Repository/Web_Office_Advanced_Company_Search/Page_/input_County'

2020-04-16 13:34:34 - [TEST_STEP][PASSED] - "-------------------------------------------------------------------------------------------------------------------------------------": null

2020-04-16 13:34:34 - [TEST_STEP][PASSED] - setText(findTestObject("Web_Office_Advanced_Company_Search/Page_/input_Postcode"), Postcode): Text '' is set on object 'Object Repository/Web_Office_Advanced_Company_Search/Page_/input_Postcode'

2020-04-16 13:34:35 - [MESSAGE][PASSED] - Text '' is set on object 'Object Repository/Web_Office_Advanced_Company_Search/Page_/input_Postcode'

2020-04-16 13:34:35 - [TEST_STEP][PASSED] - "-------------------------------------------------------------------------------------------------------------------------------------": null

2020-04-16 13:34:35 - [TEST_STEP][PASSED] - setText(findTestObject("Web_Office_Advanced_Company_Search/Page_/input_Telephone"), Tel): Text '' is set on object 'Object Repository/Web_Office_Advanced_Company_Search/Page_/input_Telephone'

2020-04-16 13:34:35 - [MESSAGE][PASSED] - Text '' is set on object 'Object Repository/Web_Office_Advanced_Company_Search/Page_/input_Telephone'

2020-04-16 13:34:35 - [TEST_STEP][PASSED] - "-------------------------------------------------------------------------------------------------------------------------------------": null

2020-04-16 13:34:35 - [TEST_STEP][PASSED] - setText(findTestObject("Web_Office_Advanced_Company_Search/Page_/input_Email"), Email): Text '' is set on object 'Object Repository/Web_Office_Advanced_Company_Search/Page_/input_Email'

2020-04-16 13:34:35 - [MESSAGE][PASSED] - Text '' is set on object 'Object Repository/Web_Office_Advanced_Company_Search/Page_/input_Email'

2020-04-16 13:34:35 - [TEST_STEP][PASSED] - "Set Status": null

2020-04-16 13:34:35 - [TEST_STEP][PASSED] - "-------------------------------------------------------------------------------------------------------------------------------------": null

2020-04-16 13:34:35 - [TEST_STEP][PASSED] - "Status 3 Options": null

2020-04-16 13:34:35 - [TEST_STEP][PASSED] - "-------------------------------------------------------------------------------------------------------------------------------------": null

2020-04-16 13:34:35 - [TEST_STEP][PASSED] - "Set Type": null

2020-04-16 13:34:35 - [TEST_STEP][PASSED] - "-------------------------------------------------------------------------------------------------------------------------------------": null

2020-04-16 13:34:35 - [TEST_STEP][PASSED] - "Type 3 Options": null

2020-04-16 13:34:35 - [TEST_STEP][PASSED] - "-------------------------------------------------------------------------------------------------------------------------------------": null

2020-04-16 13:34:35 - [TEST_STEP][PASSED] - scrollToPosition(0, 0): Browser is scrolled to position x = 0, y = 0

2020-04-16 13:34:35 - [MESSAGE][PASSED] - Browser is scrolled to position x = 0, y = 0

2020-04-16 13:34:35 - [TEST_STEP][PASSED] - waitForElementClickable(findTestObject("Web_Office_Advanced_Company_Search/Page_/Top_Search_Button"), 5): Object 'Object Repository/Web_Office_Advanced_Company_Search/Page_/Top_Search_Button' is clickable

2020-04-16 13:34:36 - [MESSAGE][PASSED] - Object 'Object Repository/Web_Office_Advanced_Company_Search/Page_/Top_Search_Button' is clickable

2020-04-16 13:34:36 - [TEST_STEP][PASSED] - click(findTestObject("Web_Office_Advanced_Company_Search/Page_/Top_Search_Button")): Object: 'Object Repository/Web_Office_Advanced_Company_Search/Page_/Top_Search_Button' is clicked on

2020-04-16 13:34:40 - [MESSAGE][PASSED] - Object: 'Object Repository/Web_Office_Advanced_Company_Search/Page_/Top_Search_Button' is clicked on

2020-04-16 13:34:40 - [MESSAGE][PASSED] - Call Test Case 'Test Cases/Reusable_Test_Sequences/Web_Office/Actions/Set_Advanced_Company_Data' successfully

2020-04-16 13:34:40 - [TEST_STEP][PASSED] - "--------------------------------------": null

2020-04-16 13:34:40 - [TEST_STEP][PASSED] - " Select Returned Record to Verify     |": null

2020-04-16 13:34:40 - [TEST_STEP][PASSED] - callTestCase(findTestCase("Reusable_Test_Sequences/Web_Office/Actions/Select_Company"), [:], OPTIONAL): Call Test Case 'Test Cases/Reusable_Test_Sequences/Web_Office/Actions/Select_Company' successfully

2020-04-16 13:34:40 - [TEST_CASE][PASSED] - Test Cases/Reusable_Test_Sequences/Web_Office/Actions/Select_Company: Test Cases/Reusable_Test_Sequences/Web_Office/Actions/Select_Company

2020-04-16 13:34:40 - [TEST_STEP][PASSED] - waitForPageLoad(60): Wait for page load successfully

2020-04-16 13:34:40 - [MESSAGE][PASSED] - Wait for page load successfully

2020-04-16 13:34:40 - [TEST_STEP][PASSED] - waitForElementClickable(findTestObject("Web_Office_Advanced_Company_Search/Page_/td_Returned_Company"), 5): Object 'Object Repository/Web_Office_Advanced_Company_Search/Page_/td_Returned_Company' is clickable

2020-04-16 13:34:40 - [MESSAGE][PASSED] - Object 'Object Repository/Web_Office_Advanced_Company_Search/Page_/td_Returned_Company' is clickable

2020-04-16 13:34:40 - [TEST_STEP][PASSED] - "-------------------------------------------------------------------------------------------------------------------------------------": null

2020-04-16 13:34:40 - [TEST_STEP][PASSED] - click(findTestObject("Web_Office_Advanced_Company_Search/Page_/td_Returned_Company")): Object: 'Object Repository/Web_Office_Advanced_Company_Search/Page_/td_Returned_Company' is clicked on

2020-04-16 13:34:43 - [MESSAGE][PASSED] - Object: 'Object Repository/Web_Office_Advanced_Company_Search/Page_/td_Returned_Company' is clicked on

2020-04-16 13:34:43 - [MESSAGE][PASSED] - Call Test Case 'Test Cases/Reusable_Test_Sequences/Web_Office/Actions/Select_Company' successfully

2020-04-16 13:34:43 - [TEST_STEP][PASSED] - "--------------------------------------": null

2020-04-16 13:34:43 - [TEST_STEP][PASSED] - " Verify Returned Company Record       |": null

2020-04-16 13:34:43 - [TEST_STEP][PASSED] - callTestCase(findTestCase("Reusable_Test_Sequences/Web_Office/Verification/Company_Returned_Advanced_Search_Record"), [:], OPTIONAL): Call Test Case 'Test Cases/Reusable_Test_Sequences/Web_Office/Verification/Company_Returned_Advanced_Search_Record' successfully

2020-04-16 13:34:43 - [TEST_CASE][PASSED] - Test Cases/Reusable_Test_Sequences/Web_Office/Verification/Company_Returned_Advanced_Search_Record: Test Cases/Reusable_Test_Sequences/Web_Office/Verification/Company_Returned_Advanced_Search_Record

2020-04-16 13:34:43 - [TEST_STEP][PASSED] - "--------------------------------": null

2020-04-16 13:34:43 - [TEST_STEP][PASSED] - "Read data from spreadsheet      | r_ = Returned Data": null

2020-04-16 13:34:43 - [TEST_STEP][PASSED] - data = findTestData("Data Files/Advance_Company_Search_Data"): null

2020-04-16 13:34:43 - [TEST_STEP][PASSED] - Trader_ID = data.getValue("Trader_ID", row): null

2020-04-16 13:34:43 - [TEST_STEP][PASSED] - Limited_Company_Number = data.getValue("Limited_Company_Number", row): null

2020-04-16 13:34:43 - [TEST_STEP][PASSED] - Company_Name = data.getValue("Company_Name", row): null

2020-04-16 13:34:43 - [TEST_STEP][PASSED] - Owner_Surname = data.getValue("Owner_Surname", row): null

2020-04-16 13:34:43 - [TEST_STEP][PASSED] - Owner_DOB = data.getValue("Owner_DOB", row): null

2020-04-16 13:34:43 - [TEST_STEP][PASSED] - Name_House = data.getValue("Name_House", row): null

2020-04-16 13:34:43 - [TEST_STEP][PASSED] - Number_Street = data.getValue("Number_Street", row): null

2020-04-16 13:34:43 - [TEST_STEP][PASSED] - Town = data.getValue("Town", row): null

2020-04-16 13:34:43 - [TEST_STEP][PASSED] - City = data.getValue("City", row): null

2020-04-16 13:34:43 - [TEST_STEP][PASSED] - County = data.getValue("County", row): null

2020-04-16 13:34:43 - [TEST_STEP][PASSED] - Postcode = data.getValue("Postcode", row): null

2020-04-16 13:34:43 - [TEST_STEP][PASSED] - Tel = data.getValue("Tel", row): null

2020-04-16 13:34:43 - [TEST_STEP][PASSED] - Email = data.getValue("Email", row): null

2020-04-16 13:34:43 - [TEST_STEP][PASSED] - "--------------------------------": null

2020-04-16 13:34:43 - [TEST_STEP][PASSED] - "Read data from spreadsheet      |": null

2020-04-16 13:34:43 - [TEST_STEP][PASSED] - Actual_Page_Text = "": null

2020-04-16 13:34:43 - [TEST_STEP][PASSED] - Expected_Page_Text = "": null

2020-04-16 13:34:43 - [TEST_STEP][PASSED] - waitForPageLoad(60): Wait for page load successfully

2020-04-16 13:34:43 - [MESSAGE][PASSED] - Wait for page load successfully

2020-04-16 13:34:43 - [TEST_STEP][PASSED] - delay(1): Delayed 1 second(s)

2020-04-16 13:34:44 - [MESSAGE][PASSED] - Delayed 1 second(s)

2020-04-16 13:34:44 - [TEST_STEP][PASSED] - "---------------------------------------------------------------------------------------------------------------------": null

2020-04-16 13:34:44 - [TEST_STEP][PASSED] - "HEADER DETAIL - iFrame": null

2020-04-16 13:34:44 - [TEST_STEP][PASSED] - "-----------------": null

2020-04-16 13:34:44 - [TEST_STEP][PASSED] - "PAGE_HEADER TEXT |": null

2020-04-16 13:34:44 - [TEST_STEP][PASSED] - verifyTextPresent(findTestData("Data Files/Advance_Company_Search_Data").getValue("Page_Header_Text", row), false): Text 'Symes Garden Services' is present on page 

2020-04-16 13:34:45 - [MESSAGE][PASSED] - Text 'Symes Garden Services' is present on page 

2020-04-16 13:34:45 - [TEST_STEP][PASSED] - "----------------": null

2020-04-16 13:34:45 - [TEST_STEP][PASSED] - "Email Address   |": null

2020-04-16 13:34:45 - [TEST_STEP][PASSED] - verifyTextPresent(findTestData("Data Files/Advance_Company_Search_Data").getValue("Email", row), false): Text '' is present on page 

2020-04-16 13:34:45 - [MESSAGE][PASSED] - Text '' is present on page 

2020-04-16 13:34:45 - [TEST_STEP][PASSED] - "----------------": null

2020-04-16 13:34:45 - [TEST_STEP][PASSED] - "Phone Number    |": null

2020-04-16 13:34:45 - [TEST_STEP][PASSED] - verifyTextPresent(findTestData("Data Files/Advance_Company_Search_Data").getValue("Tel", row), false): Text '' is present on page 

2020-04-16 13:34:46 - [MESSAGE][PASSED] - Text '' is present on page 

2020-04-16 13:34:46 - [TEST_STEP][PASSED] - "----------------": null

2020-04-16 13:34:46 - [TEST_STEP][PASSED] - "Trader ID       |": null

2020-04-16 13:34:46 - [TEST_STEP][PASSED] - verifyTextPresent(findTestData("Data Files/Advance_Company_Search_Data").getValue("Trader_ID", row), false): Text '105' is present on page 

2020-04-16 13:34:47 - [MESSAGE][PASSED] - Text '105' is present on page 

2020-04-16 13:34:47 - [TEST_STEP][PASSED] - "----------------": null

2020-04-16 13:34:47 - [TEST_STEP][PASSED] - "Postcode        |": null

2020-04-16 13:34:47 - [TEST_STEP][PASSED] - verifyTextPresent(findTestData("Data Files/Advance_Company_Search_Data").getValue("Postcode", row), false): Text '' is present on page 

2020-04-16 13:34:47 - [MESSAGE][PASSED] - Text '' is present on page 

2020-04-16 13:34:47 - [TEST_STEP][PASSED] - "----------------": null

2020-04-16 13:34:47 - [TEST_STEP][PASSED] - "Full Name       |": null

2020-04-16 13:34:47 - [TEST_STEP][PASSED] - verifyTextPresent(findTestData("Data Files/Advance_Company_Search_Data").getValue("Full_Name", row), false): Text 'Mr Bob Symes' is present on page 

2020-04-16 13:34:48 - [MESSAGE][PASSED] - Text 'Mr Bob Symes' is present on page 

2020-04-16 13:34:48 - [TEST_STEP][PASSED] - "----------------": null

2020-04-16 13:34:48 - [TEST_STEP][PASSED] - "Date of Birth   |": null

2020-04-16 13:34:48 - [TEST_STEP][PASSED] - verifyTextPresent(findTestData("Data Files/Advance_Company_Search_Data").getValue("Owner_DOB", row), false): Text '' is present on page 

2020-04-16 13:34:48 - [MESSAGE][PASSED] - Text '' is present on page 

2020-04-16 13:34:48 - [TEST_STEP][PASSED] - "----------------": null

2020-04-16 13:34:48 - [TEST_STEP][PASSED] - "Full Address    |": null

2020-04-16 13:34:48 - [TEST_STEP][PASSED] - verifyTextPresent(findTestData("Data Files/Advance_Company_Search_Data").getValue("Full_Address", row), false): Text '8 The Newlands, Wallington, Greater London, SM6 9JU' is present on page 

2020-04-16 13:34:49 - [MESSAGE][PASSED] - Text '8 The Newlands, Wallington, Greater London, SM6 9JU' is present on page 

2020-04-16 13:34:49 - [MESSAGE][PASSED] - Call Test Case 'Test Cases/Reusable_Test_Sequences/Web_Office/Verification/Company_Returned_Advanced_Search_Record' successfully

2020-04-16 13:34:49 - [TEST_STEP][PASSED] - "--------------------------": null

2020-04-16 13:34:49 - [TEST_STEP][PASSED] - " Teardown - CLose Browser |": null

2020-04-16 13:34:49 - [TEST_STEP][PASSED] - callTestCase(findTestCase("Reusable_Test_Sequences/CAT_Teardown"), [:], OPTIONAL): Call Test Case 'Test Cases/Reusable_Test_Sequences/CAT_Teardown' successfully

2020-04-16 13:34:49 - [TEST_CASE][PASSED] - Test Cases/Reusable_Test_Sequences/CAT_Teardown: Test Cases/Reusable_Test_Sequences/CAT_Teardown

2020-04-16 13:34:49 - [TEST_STEP][PASSED] - closeBrowser(): Browser is closed

2020-04-16 13:34:50 - [MESSAGE][PASSED] - Browser is closed

2020-04-16 13:34:50 - [TEST_STEP][PASSED] - super.finalize(): null

2020-04-16 13:34:50 - [TEST_STEP][PASSED] - System.gc(): null

2020-04-16 13:34:50 - [MESSAGE][PASSED] - Call Test Case 'Test Cases/Reusable_Test_Sequences/CAT_Teardown' successfully]]></system-out>
         <system-err><![CDATA[]]></system-err>
      </testcase>
      <testcase name="Test Cases/Web_Office/WebOffice_Consumer_Search" time="221.299" classname="Test Cases/Web_Office/WebOffice_Consumer_Search" status="PASSED">
         <system-out><![CDATA[2020-04-16 13:34:50 - [TEST_CASE][PASSED] - Test Cases/Web_Office/WebOffice_Consumer_Search: Test Cases/Web_Office/WebOffice_Consumer_Search

2020-04-16 13:34:51 - [TEST_STEP][PASSED] - for ([row = 1, row <= findTestData("Consumer_Data (1)").getRowNumbers(), (internal.GlobalVariable.row++)]): Call Test Case 'Test Cases/Reusable_Test_Sequences/CAT_Teardown' successfully

2020-04-16 13:34:51 - [TEST_STEP][PASSED] - "--------------------------------------": null

2020-04-16 13:34:51 - [TEST_STEP][PASSED] - " Web Office StartUp                   |": null

2020-04-16 13:34:51 - [TEST_STEP][PASSED] - callTestCase(findTestCase("Reusable_Test_Sequences/Web_Office/Directives/WebOffice_StartUp"), [:], STOP_ON_FAILURE): Call Test Case 'Test Cases/Reusable_Test_Sequences/Web_Office/Directives/WebOffice_StartUp' successfully

2020-04-16 13:34:51 - [TEST_CASE][PASSED] - Test Cases/Reusable_Test_Sequences/Web_Office/Directives/WebOffice_StartUp: Test Cases/Reusable_Test_Sequences/Web_Office/Directives/WebOffice_StartUp

2020-04-16 13:34:51 - [TEST_STEP][PASSED] - "-----------------------------------------------------------------------------": null

2020-04-16 13:34:51 - [TEST_STEP][PASSED] - if (URL == "https://www.dev.checkatrade.com/"): null

2020-04-16 13:34:51 - [TEST_STEP][PASSED] - "-----------------------------------------------------------------------------": null

2020-04-16 13:34:51 - [TEST_STEP][PASSED] - if (URL == "https://www.checkatrade.com/"): null

2020-04-16 13:34:51 - [TEST_STEP][PASSED] - "-----------------------------------------------------------------------------": null

2020-04-16 13:34:51 - [TEST_STEP][PASSED] - if (URL == "https://www.preview.checkatrade.com/"): null

2020-04-16 13:34:51 - [TEST_STEP][PASSED] - WebOfficeURL = "https://admin.preview.checkatrade.com/": null

2020-04-16 13:34:51 - [TEST_STEP][PASSED] - if (URL == "https://www.dev2.checkatrade.com/"): null

2020-04-16 13:34:51 - [TEST_STEP][PASSED] - "Set Function Area for "URL_Handler", URL Resolution": null

2020-04-16 13:34:51 - [TEST_STEP][PASSED] - "Do Some Magic with URL(s) See the comments within URL Handler ": null

2020-04-16 13:34:51 - [TEST_STEP][PASSED] - "------------------------------------------------": null

2020-04-16 13:34:51 - [TEST_STEP][PASSED] - "Moved Login Credentials to <Default> profile 22/01/2020": null

2020-04-16 13:34:51 - [TEST_STEP][PASSED] - "------------------------------------------------": null

2020-04-16 13:34:51 - [TEST_STEP][PASSED] - "WebOfficeURL - Set from the ENVIRONMENT PROFILE ": null

2020-04-16 13:34:51 - [TEST_STEP][PASSED] - "OPEN BROWSER": null

2020-04-16 13:34:51 - [TEST_STEP][PASSED] - "eg - https://admin.preview.checkatrade.com/  ": null

2020-04-16 13:34:51 - [TEST_STEP][PASSED] - openBrowser(WebOfficeURL): Browser is opened with url: 'https://admin.preview.checkatrade.com/'

2020-04-16 13:34:51 - [MESSAGE][INFO] - Starting 'Chrome' driver

2020-04-16 13:34:51 - [MESSAGE][INFO] - Action delay is set to 0 milliseconds

2020-04-16 13:34:56 - [MESSAGE][PASSED] - Browser is opened with url: 'https://admin.preview.checkatrade.com/'

2020-04-16 13:34:56 - [TEST_STEP][PASSED] - maximizeWindow(): Current window maximized

2020-04-16 13:34:59 - [MESSAGE][PASSED] - Current window maximized

2020-04-16 13:34:59 - [TEST_STEP][PASSED] - waitForElementClickable(findTestObject("Object Repository/WebOffice/Page_Checkatrade - Administration - Login/Login_Button"), 25): Object 'Object Repository/WebOffice/Page_Checkatrade - Administration - Login/Login_Button' is clickable

2020-04-16 13:34:59 - [MESSAGE][PASSED] - Object 'Object Repository/WebOffice/Page_Checkatrade - Administration - Login/Login_Button' is clickable

2020-04-16 13:34:59 - [TEST_STEP][PASSED] - verifyTextPresent("Checkatrade Web Office", false): Text 'Checkatrade Web Office' is present on page 

2020-04-16 13:34:59 - [MESSAGE][PASSED] - Text 'Checkatrade Web Office' is present on page 

2020-04-16 13:34:59 - [TEST_STEP][PASSED] - verifyTextPresent("Access for staff use only", false): Text 'Access for staff use only' is present on page 

2020-04-16 13:35:00 - [MESSAGE][PASSED] - Text 'Access for staff use only' is present on page 

2020-04-16 13:35:00 - [TEST_STEP][PASSED] - verifyTextPresent("Forgotten password?", false): Text 'Forgotten password?' is present on page 

2020-04-16 13:35:00 - [MESSAGE][PASSED] - Text 'Forgotten password?' is present on page 

2020-04-16 13:35:00 - [TEST_STEP][PASSED] - setText(findTestObject("Object Repository/WebOffice/Page_Checkatrade - Administration - Login/input_Username_LoginControlUserName"), wo_Username): Text 'DavidHo' is set on object 'Object Repository/WebOffice/Page_Checkatrade - Administration - Login/input_Username_LoginControlUserName'

2020-04-16 13:35:01 - [MESSAGE][PASSED] - Text 'DavidHo' is set on object 'Object Repository/WebOffice/Page_Checkatrade - Administration - Login/input_Username_LoginControlUserName'

2020-04-16 13:35:01 - [TEST_STEP][PASSED] - setText(findTestObject("Object Repository/WebOffice/Page_Checkatrade - Administration - Login/input_Password_LoginControlPassword"), wo_Password): Text 'Check123' is set on object 'Object Repository/WebOffice/Page_Checkatrade - Administration - Login/input_Password_LoginControlPassword'

2020-04-16 13:35:02 - [MESSAGE][PASSED] - Text 'Check123' is set on object 'Object Repository/WebOffice/Page_Checkatrade - Administration - Login/input_Password_LoginControlPassword'

2020-04-16 13:35:02 - [TEST_STEP][PASSED] - click(findTestObject("Object Repository/WebOffice/Page_Checkatrade - Administration - Login/Login_Button")): Object: 'Object Repository/WebOffice/Page_Checkatrade - Administration - Login/Login_Button' is clicked on

2020-04-16 13:35:07 - [MESSAGE][PASSED] - Object: 'Object Repository/WebOffice/Page_Checkatrade - Administration - Login/Login_Button' is clicked on

2020-04-16 13:35:07 - [TEST_STEP][PASSED] - waitForPageLoad(60): Wait for page load successfully

2020-04-16 13:35:07 - [MESSAGE][PASSED] - Wait for page load successfully

2020-04-16 13:35:07 - [TEST_STEP][PASSED] - verifyTextPresent("Welcome " + wo_Username, false): Text 'Welcome DavidHo' is present on page 

2020-04-16 13:35:08 - [MESSAGE][PASSED] - Text 'Welcome DavidHo' is present on page 

2020-04-16 13:35:08 - [MESSAGE][PASSED] - Call Test Case 'Test Cases/Reusable_Test_Sequences/Web_Office/Directives/WebOffice_StartUp' successfully

2020-04-16 13:35:08 - [TEST_STEP][PASSED] - "--------------------------------------": null

2020-04-16 13:35:08 - [TEST_STEP][PASSED] - " Navigate to <Consumer> Menu Item     |": null

2020-04-16 13:35:08 - [TEST_STEP][PASSED] - callTestCase(findTestCase("Reusable_Test_Sequences/Web_Office/navigation/Navigate_Consumers"), [:], STOP_ON_FAILURE): Call Test Case 'Test Cases/Reusable_Test_Sequences/Web_Office/navigation/Navigate_Consumers' successfully

2020-04-16 13:35:08 - [TEST_CASE][PASSED] - Test Cases/Reusable_Test_Sequences/Web_Office/navigation/Navigate_Consumers: Test Cases/Reusable_Test_Sequences/Web_Office/navigation/Navigate_Consumers

2020-04-16 13:35:08 - [TEST_STEP][PASSED] - "--------------------------------------": null

2020-04-16 13:35:08 - [TEST_STEP][PASSED] - " Navigate Top level menu Item         |": null

2020-04-16 13:35:08 - [TEST_STEP][PASSED] - waitForPageLoad(60): Wait for page load successfully

2020-04-16 13:35:08 - [MESSAGE][PASSED] - Wait for page load successfully

2020-04-16 13:35:08 - [TEST_STEP][PASSED] - waitForElementClickable(findTestObject("Object Repository/WebOffice_Home_page/a_Consumers"), 60): Object 'Object Repository/WebOffice_Home_page/a_Consumers' is clickable

2020-04-16 13:35:09 - [MESSAGE][PASSED] - Object 'Object Repository/WebOffice_Home_page/a_Consumers' is clickable

2020-04-16 13:35:09 - [TEST_STEP][PASSED] - click(findTestObject("Object Repository/WebOffice_Home_page/a_Consumers")): Object: 'Object Repository/WebOffice_Home_page/a_Consumers' is clicked on

2020-04-16 13:35:10 - [MESSAGE][PASSED] - Object: 'Object Repository/WebOffice_Home_page/a_Consumers' is clicked on

2020-04-16 13:35:10 - [MESSAGE][PASSED] - Call Test Case 'Test Cases/Reusable_Test_Sequences/Web_Office/navigation/Navigate_Consumers' successfully

2020-04-16 13:35:10 - [TEST_STEP][PASSED] - "--------------------------------------": null

2020-04-16 13:35:10 - [TEST_STEP][PASSED] - " LH Pane  - Apply Search Criteria     |": null

2020-04-16 13:35:10 - [TEST_STEP][PASSED] - callTestCase(findTestCase("Reusable_Test_Sequences/Web_Office/Actions/Set_Consumer_Data"), [:], STOP_ON_FAILURE): Call Test Case 'Test Cases/Reusable_Test_Sequences/Web_Office/Actions/Set_Consumer_Data' successfully

2020-04-16 13:35:10 - [TEST_CASE][PASSED] - Test Cases/Reusable_Test_Sequences/Web_Office/Actions/Set_Consumer_Data: Test Cases/Reusable_Test_Sequences/Web_Office/Actions/Set_Consumer_Data

2020-04-16 13:35:10 - [TEST_STEP][PASSED] - "--------------------------------": null

2020-04-16 13:35:10 - [TEST_STEP][PASSED] - "Read data from spreadsheet      |": null

2020-04-16 13:35:10 - [TEST_STEP][PASSED] - data = findTestData("Data Files/Consumer_Data (1)"): null

2020-04-16 13:35:11 - [TEST_STEP][PASSED] - Forename = data.getValue("Forename", row): null

2020-04-16 13:35:11 - [TEST_STEP][PASSED] - Surname = data.getValue("Surname", row): null

2020-04-16 13:35:11 - [TEST_STEP][PASSED] - Mobile = data.getValue("Mobile", row): null

2020-04-16 13:35:11 - [TEST_STEP][PASSED] - Email = data.getValue("Email", row): null

2020-04-16 13:35:11 - [TEST_STEP][PASSED] - House = data.getValue("House", row): null

2020-04-16 13:35:11 - [TEST_STEP][PASSED] - Street = data.getValue("Street", row): null

2020-04-16 13:35:11 - [TEST_STEP][PASSED] - Town = data.getValue("Town", row): null

2020-04-16 13:35:11 - [TEST_STEP][PASSED] - City = data.getValue("City", row): null

2020-04-16 13:35:11 - [TEST_STEP][PASSED] - County = data.getValue("County", row): null

2020-04-16 13:35:11 - [TEST_STEP][PASSED] - Postcode = data.getValue("Postcode", row): null

2020-04-16 13:35:11 - [TEST_STEP][PASSED] - Phone = data.getValue("Phone", row): null

2020-04-16 13:35:11 - [TEST_STEP][PASSED] - Status = data.getValue("Status", row): null

2020-04-16 13:35:11 - [TEST_STEP][PASSED] - Type = data.getValue("Type", row): null

2020-04-16 13:35:11 - [TEST_STEP][PASSED] - Consumer_ID = data.getValue("Consumer_ID", row): null

2020-04-16 13:35:11 - [TEST_STEP][PASSED] - "--------------------------------": null

2020-04-16 13:35:11 - [TEST_STEP][PASSED] - "Read data from spreadsheet      |": null

2020-04-16 13:35:11 - [TEST_STEP][PASSED] - "--------------------------------": null

2020-04-16 13:35:11 - [TEST_STEP][PASSED] - "--------------------------------": null

2020-04-16 13:35:11 - [TEST_STEP][PASSED] - " Synchronisation                |": null

2020-04-16 13:35:11 - [TEST_STEP][PASSED] - waitForPageLoad(60): Wait for page load successfully

2020-04-16 13:35:11 - [MESSAGE][PASSED] - Wait for page load successfully

2020-04-16 13:35:11 - [TEST_STEP][PASSED] - waitForElementVisible(findTestObject("Object Repository/WebOffice/Consumers/Page_/input_Forename_ctl00CP1ctlSearchtbForenames"), 60): Object 'Object Repository/WebOffice/Consumers/Page_/input_Forename_ctl00CP1ctlSearchtbForenames' is visible

2020-04-16 13:35:11 - [MESSAGE][PASSED] - Object 'Object Repository/WebOffice/Consumers/Page_/input_Forename_ctl00CP1ctlSearchtbForenames' is visible

2020-04-16 13:35:11 - [TEST_STEP][PASSED] - click(findTestObject("Object Repository/WebOffice/Consumers/Page_/input_Forename_ctl00CP1ctlSearchtbForenames")): Object: 'Object Repository/WebOffice/Consumers/Page_/input_Forename_ctl00CP1ctlSearchtbForenames' is clicked on

2020-04-16 13:35:11 - [MESSAGE][PASSED] - Object: 'Object Repository/WebOffice/Consumers/Page_/input_Forename_ctl00CP1ctlSearchtbForenames' is clicked on

2020-04-16 13:35:11 - [TEST_STEP][PASSED] - "-------------------------------------------------------------------------------------------------------------------------------------": null

2020-04-16 13:35:11 - [TEST_STEP][PASSED] - setText(findTestObject("Object Repository/WebOffice/Consumers/Page_/input_Forename_ctl00CP1ctlSearchtbForenames"), Forename): Text ' ' is set on object 'Object Repository/WebOffice/Consumers/Page_/input_Forename_ctl00CP1ctlSearchtbForenames'

2020-04-16 13:35:11 - [MESSAGE][PASSED] - Text ' ' is set on object 'Object Repository/WebOffice/Consumers/Page_/input_Forename_ctl00CP1ctlSearchtbForenames'

2020-04-16 13:35:11 - [TEST_STEP][PASSED] - "-------------------------------------------------------------------------------------------------------------------------------------": null

2020-04-16 13:35:11 - [TEST_STEP][PASSED] - setText(findTestObject("Object Repository/WebOffice/Consumers/Page_/input_Surname_ctl00CP1ctlSearchtbSurname"), Surname): Text ' ' is set on object 'Object Repository/WebOffice/Consumers/Page_/input_Surname_ctl00CP1ctlSearchtbSurname'

2020-04-16 13:35:12 - [MESSAGE][PASSED] - Text ' ' is set on object 'Object Repository/WebOffice/Consumers/Page_/input_Surname_ctl00CP1ctlSearchtbSurname'

2020-04-16 13:35:12 - [TEST_STEP][PASSED] - "-------------------------------------------------------------------------------------------------------------------------------------": null

2020-04-16 13:35:12 - [TEST_STEP][PASSED] - setText(findTestObject("Object Repository/WebOffice/Consumers/Page_/input_Mobile_ctl00CP1ctlSearchtbMobile"), Mobile): Text '' is set on object 'Object Repository/WebOffice/Consumers/Page_/input_Mobile_ctl00CP1ctlSearchtbMobile'

2020-04-16 13:35:12 - [MESSAGE][PASSED] - Text '' is set on object 'Object Repository/WebOffice/Consumers/Page_/input_Mobile_ctl00CP1ctlSearchtbMobile'

2020-04-16 13:35:12 - [TEST_STEP][PASSED] - "-------------------------------------------------------------------------------------------------------------------------------------": null

2020-04-16 13:35:12 - [TEST_STEP][PASSED] - setText(findTestObject("Object Repository/WebOffice/Consumers/Page_/input_Email_ctl00CP1ctlSearchtbEmail"), Email): Text 'gordbro@gmail.com' is set on object 'Object Repository/WebOffice/Consumers/Page_/input_Email_ctl00CP1ctlSearchtbEmail'

2020-04-16 13:35:13 - [MESSAGE][PASSED] - Text 'gordbro@gmail.com' is set on object 'Object Repository/WebOffice/Consumers/Page_/input_Email_ctl00CP1ctlSearchtbEmail'

2020-04-16 13:35:13 - [TEST_STEP][PASSED] - "-------------------------------------------------------------------------------------------------------------------------------------": null

2020-04-16 13:35:13 - [TEST_STEP][PASSED] - setText(findTestObject("Object Repository/WebOffice/Consumers/Page_/input_House_ctl00CP1ctlSearchtbHouse"), House): Text '' is set on object 'Object Repository/WebOffice/Consumers/Page_/input_House_ctl00CP1ctlSearchtbHouse'

2020-04-16 13:35:13 - [MESSAGE][PASSED] - Text '' is set on object 'Object Repository/WebOffice/Consumers/Page_/input_House_ctl00CP1ctlSearchtbHouse'

2020-04-16 13:35:13 - [TEST_STEP][PASSED] - "-------------------------------------------------------------------------------------------------------------------------------------": null

2020-04-16 13:35:13 - [TEST_STEP][PASSED] - setText(findTestObject("Object Repository/WebOffice/Consumers/Page_/input_Street_ctl00CP1ctlSearchtbStreet"), Street): Text '' is set on object 'Object Repository/WebOffice/Consumers/Page_/input_Street_ctl00CP1ctlSearchtbStreet'

2020-04-16 13:35:13 - [MESSAGE][PASSED] - Text '' is set on object 'Object Repository/WebOffice/Consumers/Page_/input_Street_ctl00CP1ctlSearchtbStreet'

2020-04-16 13:35:13 - [TEST_STEP][PASSED] - "-------------------------------------------------------------------------------------------------------------------------------------": null

2020-04-16 13:35:13 - [TEST_STEP][PASSED] - setText(findTestObject("Object Repository/WebOffice/Consumers/Page_/input_Town_ctl00CP1ctlSearchtbTown"), Town): Text '' is set on object 'Object Repository/WebOffice/Consumers/Page_/input_Town_ctl00CP1ctlSearchtbTown'

2020-04-16 13:35:14 - [MESSAGE][PASSED] - Text '' is set on object 'Object Repository/WebOffice/Consumers/Page_/input_Town_ctl00CP1ctlSearchtbTown'

2020-04-16 13:35:14 - [TEST_STEP][PASSED] - "-------------------------------------------------------------------------------------------------------------------------------------": null

2020-04-16 13:35:14 - [TEST_STEP][PASSED] - setText(findTestObject("Object Repository/WebOffice/Consumers/Page_/input_City_ctl00CP1ctlSearchtbCity"), City): Text '' is set on object 'Object Repository/WebOffice/Consumers/Page_/input_City_ctl00CP1ctlSearchtbCity'

2020-04-16 13:35:14 - [MESSAGE][PASSED] - Text '' is set on object 'Object Repository/WebOffice/Consumers/Page_/input_City_ctl00CP1ctlSearchtbCity'

2020-04-16 13:35:14 - [TEST_STEP][PASSED] - "-------------------------------------------------------------------------------------------------------------------------------------": null

2020-04-16 13:35:14 - [TEST_STEP][PASSED] - setText(findTestObject("Object Repository/WebOffice/Consumers/Page_/input_County_ctl00CP1ctlSearchtbCounty"), County): Text '' is set on object 'Object Repository/WebOffice/Consumers/Page_/input_County_ctl00CP1ctlSearchtbCounty'

2020-04-16 13:35:14 - [MESSAGE][PASSED] - Text '' is set on object 'Object Repository/WebOffice/Consumers/Page_/input_County_ctl00CP1ctlSearchtbCounty'

2020-04-16 13:35:14 - [TEST_STEP][PASSED] - "-------------------------------------------------------------------------------------------------------------------------------------": null

2020-04-16 13:35:14 - [TEST_STEP][PASSED] - setText(findTestObject("Object Repository/WebOffice/Consumers/Page_/input_Postcode_ctl00CP1ctlSearchtbPostcode"), Postcode): Text '' is set on object 'Object Repository/WebOffice/Consumers/Page_/input_Postcode_ctl00CP1ctlSearchtbPostcode'

2020-04-16 13:35:14 - [MESSAGE][PASSED] - Text '' is set on object 'Object Repository/WebOffice/Consumers/Page_/input_Postcode_ctl00CP1ctlSearchtbPostcode'

2020-04-16 13:35:14 - [TEST_STEP][PASSED] - "-------------------------------------------------------------------------------------------------------------------------------------": null

2020-04-16 13:35:14 - [TEST_STEP][PASSED] - setText(findTestObject("Object Repository/WebOffice/Consumers/Page_/input_Phone_ctl00CP1ctlSearchtbTel"), Phone): Text '' is set on object 'Object Repository/WebOffice/Consumers/Page_/input_Phone_ctl00CP1ctlSearchtbTel'

2020-04-16 13:35:15 - [MESSAGE][PASSED] - Text '' is set on object 'Object Repository/WebOffice/Consumers/Page_/input_Phone_ctl00CP1ctlSearchtbTel'

2020-04-16 13:35:15 - [TEST_STEP][PASSED] - "-------------------------------------------------------------------------------------------------------------------------------------": null

2020-04-16 13:35:15 - [TEST_STEP][PASSED] - "Set Status": null

2020-04-16 13:35:15 - [TEST_STEP][PASSED] - "-------------------------------------------------------------------------------------------------------------------------------------": null

2020-04-16 13:35:15 - [TEST_STEP][PASSED] - "Status 3 Options": null

2020-04-16 13:35:15 - [TEST_STEP][PASSED] - "-------------------------------------------------------------------------------------------------------------------------------------": null

2020-04-16 13:35:15 - [TEST_STEP][PASSED] - "Set Type": null

2020-04-16 13:35:15 - [TEST_STEP][PASSED] - "-------------------------------------------------------------------------------------------------------------------------------------": null

2020-04-16 13:35:15 - [TEST_STEP][PASSED] - "Type 3 Options": null

2020-04-16 13:35:15 - [TEST_STEP][PASSED] - "-------------------------------------------------------------------------------------------------------------------------------------": null

2020-04-16 13:35:15 - [TEST_STEP][PASSED] - click(findTestObject("Object Repository/WebOffice/Consumers/Page_/input_Clear_ctl00CP1ctlSearchbtnSearch")): Object: 'Object Repository/WebOffice/Consumers/Page_/input_Clear_ctl00CP1ctlSearchbtnSearch' is clicked on

2020-04-16 13:35:15 - [MESSAGE][PASSED] - Object: 'Object Repository/WebOffice/Consumers/Page_/input_Clear_ctl00CP1ctlSearchbtnSearch' is clicked on

2020-04-16 13:35:15 - [MESSAGE][PASSED] - Call Test Case 'Test Cases/Reusable_Test_Sequences/Web_Office/Actions/Set_Consumer_Data' successfully

2020-04-16 13:35:15 - [TEST_STEP][PASSED] - "--------------------------------------": null

2020-04-16 13:35:15 - [TEST_STEP][PASSED] - " Select Returned Record to Verify     |": null

2020-04-16 13:35:15 - [TEST_STEP][PASSED] - callTestCase(findTestCase("Reusable_Test_Sequences/Web_Office/Actions/Select_Consumer"), [:], OPTIONAL): Call Test Case 'Test Cases/Reusable_Test_Sequences/Web_Office/Actions/Select_Consumer' successfully

2020-04-16 13:35:15 - [TEST_CASE][PASSED] - Test Cases/Reusable_Test_Sequences/Web_Office/Actions/Select_Consumer: Test Cases/Reusable_Test_Sequences/Web_Office/Actions/Select_Consumer

2020-04-16 13:35:15 - [TEST_STEP][PASSED] - "--------": null

2020-04-16 13:35:15 - [TEST_STEP][PASSED] - "Search  |": null

2020-04-16 13:35:15 - [TEST_STEP][PASSED] - waitForPageLoad(60): Wait for page load successfully

2020-04-16 13:35:15 - [MESSAGE][PASSED] - Wait for page load successfully

2020-04-16 13:35:15 - [TEST_STEP][PASSED] - waitForElementClickable(findTestObject("Object Repository/WO_Consumer/Page_/input_Clear_ctl00CP1ctlSearchbtnSearch"), 60): Object 'Object Repository/WO_Consumer/Page_/input_Clear_ctl00CP1ctlSearchbtnSearch' is clickable

2020-04-16 13:35:16 - [MESSAGE][PASSED] - Object 'Object Repository/WO_Consumer/Page_/input_Clear_ctl00CP1ctlSearchbtnSearch' is clickable

2020-04-16 13:35:16 - [TEST_STEP][PASSED] - click(findTestObject("Object Repository/WO_Consumer/Page_/input_Clear_ctl00CP1ctlSearchbtnSearch")): Object: 'Object Repository/WO_Consumer/Page_/input_Clear_ctl00CP1ctlSearchbtnSearch' is clicked on

2020-04-16 13:35:16 - [MESSAGE][PASSED] - Object: 'Object Repository/WO_Consumer/Page_/input_Clear_ctl00CP1ctlSearchbtnSearch' is clicked on

2020-04-16 13:35:16 - [TEST_STEP][PASSED] - delay(5): Delayed 5 second(s)

2020-04-16 13:35:21 - [MESSAGE][PASSED] - Delayed 5 second(s)

2020-04-16 13:35:21 - [TEST_STEP][PASSED] - "--------": null

2020-04-16 13:35:21 - [TEST_STEP][PASSED] - "Synch   |": null

2020-04-16 13:35:21 - [TEST_STEP][PASSED] - waitForPageLoad(120): Wait for page load successfully

2020-04-16 13:35:21 - [MESSAGE][PASSED] - Wait for page load successfully

2020-04-16 13:35:21 - [TEST_STEP][PASSED] - waitForElementClickable(findTestObject("Object Repository/WO_Consumer/Page_/a_Feedback"), 60): Object 'Object Repository/WO_Consumer/Page_/a_Feedback' is clickable

2020-04-16 13:35:26 - [MESSAGE][PASSED] - Object 'Object Repository/WO_Consumer/Page_/a_Feedback' is clickable

2020-04-16 13:35:26 - [TEST_STEP][PASSED] - "----------------------------------------": null

2020-04-16 13:35:26 - [TEST_STEP][PASSED] - "Initial Table View (Populated or Not    |": null

2020-04-16 13:35:26 - [TEST_STEP][PASSED] - "----------------------------------------": null

2020-04-16 13:35:26 - [TEST_STEP][PASSED] - "---------------------------------------------------": null

2020-04-16 13:35:26 - [TEST_STEP][PASSED] - "If Record Exists Then rocess, Otherwise Jump Over  |": null

2020-04-16 13:35:26 - [TEST_STEP][PASSED] - "---------------------------------------------------": null

2020-04-16 13:35:26 - [TEST_STEP][PASSED] - "----------------------------------------": null

2020-04-16 13:35:26 - [TEST_STEP][PASSED] - "Initial Table Return Checks": null

2020-04-16 13:35:26 - [TEST_STEP][PASSED] - "----------------------------------------": null

2020-04-16 13:35:26 - [TEST_STEP][PASSED] - "--------": null

2020-04-16 13:35:26 - [TEST_STEP][PASSED] - "Sort    |": null

2020-04-16 13:35:26 - [TEST_STEP][PASSED] - click(findTestObject("Object Repository/WO_Consumer/Page_/a_Feedback")): Object: 'Object Repository/WO_Consumer/Page_/a_Feedback' is clicked on

2020-04-16 13:35:32 - [MESSAGE][PASSED] - Object: 'Object Repository/WO_Consumer/Page_/a_Feedback' is clicked on

2020-04-16 13:35:32 - [TEST_STEP][PASSED] - delay(5): Delayed 5 second(s)

2020-04-16 13:35:37 - [MESSAGE][PASSED] - Delayed 5 second(s)

2020-04-16 13:35:37 - [TEST_STEP][PASSED] - "--------": null

2020-04-16 13:35:37 - [TEST_STEP][PASSED] - "Sort    |": null

2020-04-16 13:35:37 - [TEST_STEP][PASSED] - click(findTestObject("Object Repository/WO_Consumer/Page_/a_Feedback")): Object: 'Object Repository/WO_Consumer/Page_/a_Feedback' is clicked on

2020-04-16 13:35:43 - [MESSAGE][PASSED] - Object: 'Object Repository/WO_Consumer/Page_/a_Feedback' is clicked on

2020-04-16 13:35:43 - [TEST_STEP][PASSED] - delay(5): Delayed 5 second(s)

2020-04-16 13:35:48 - [MESSAGE][PASSED] - Delayed 5 second(s)

2020-04-16 13:35:48 - [TEST_STEP][PASSED] - "--------": null

2020-04-16 13:35:48 - [TEST_STEP][PASSED] - "Select  |": null

2020-04-16 13:35:48 - [TEST_STEP][PASSED] - waitForElementClickable(findTestObject("WO_Consumer/Page_/td_TopRow"), 60): Object 'Object Repository/WO_Consumer/Page_/td_TopRow' is clickable

2020-04-16 13:35:49 - [MESSAGE][PASSED] - Object 'Object Repository/WO_Consumer/Page_/td_TopRow' is clickable

2020-04-16 13:35:49 - [TEST_STEP][PASSED] - click(findTestObject("WO_Consumer/Page_/td_TopRow")): Object: 'Object Repository/WO_Consumer/Page_/td_TopRow' is clicked on

2020-04-16 13:35:49 - [MESSAGE][PASSED] - Object: 'Object Repository/WO_Consumer/Page_/td_TopRow' is clicked on

2020-04-16 13:35:49 - [TEST_STEP][PASSED] - delay(1): Delayed 1 second(s)

2020-04-16 13:35:50 - [MESSAGE][PASSED] - Delayed 1 second(s)

2020-04-16 13:35:50 - [MESSAGE][PASSED] - Call Test Case 'Test Cases/Reusable_Test_Sequences/Web_Office/Actions/Select_Consumer' successfully

2020-04-16 13:35:50 - [TEST_STEP][PASSED] - "--------------------------------------": null

2020-04-16 13:35:50 - [TEST_STEP][PASSED] - " Verify Returned Consumer Record      |": null

2020-04-16 13:35:50 - [TEST_STEP][PASSED] - callTestCase(findTestCase("Reusable_Test_Sequences/Web_Office/Verification/Consumer_Returned_Search_Record"), [:], OPTIONAL): Call Test Case 'Test Cases/Reusable_Test_Sequences/Web_Office/Verification/Consumer_Returned_Search_Record' successfully

2020-04-16 13:35:50 - [TEST_CASE][PASSED] - Test Cases/Reusable_Test_Sequences/Web_Office/Verification/Consumer_Returned_Search_Record: Test Cases/Reusable_Test_Sequences/Web_Office/Verification/Consumer_Returned_Search_Record

2020-04-16 13:35:51 - [TEST_STEP][PASSED] - "--------------------------------": null

2020-04-16 13:35:51 - [TEST_STEP][PASSED] - "Read data from spreadsheet      | r_ = Returned Data": null

2020-04-16 13:35:51 - [TEST_STEP][PASSED] - data = findTestData("Data Files/Consumer_Data (1)"): null

2020-04-16 13:35:51 - [TEST_STEP][PASSED] - Consumer_ID = data.getValue("Consumer_ID", row): null

2020-04-16 13:35:51 - [TEST_STEP][PASSED] - Title = data.getValue("r_Title", row): null

2020-04-16 13:35:51 - [TEST_STEP][PASSED] - Forenames = data.getValue("r_Forenames", row): null

2020-04-16 13:35:51 - [TEST_STEP][PASSED] - Surname = data.getValue("r_Surname", row): null

2020-04-16 13:35:51 - [TEST_STEP][PASSED] - Housename = data.getValue("r_Housename", row): null

2020-04-16 13:35:51 - [TEST_STEP][PASSED] - Number_Street = data.getValue("r_Number_and_Street", row): null

2020-04-16 13:35:51 - [TEST_STEP][PASSED] - City = data.getValue("r_City", row): null

2020-04-16 13:35:51 - [TEST_STEP][PASSED] - Town = data.getValue("r_Town", row): null

2020-04-16 13:35:51 - [TEST_STEP][PASSED] - County = data.getValue("r_County", row): null

2020-04-16 13:35:51 - [TEST_STEP][PASSED] - Postcode = data.getValue("r_Postcode", row): null

2020-04-16 13:35:51 - [TEST_STEP][PASSED] - Phone1 = data.getValue("r_Phone_1", row): null

2020-04-16 13:35:51 - [TEST_STEP][PASSED] - Phone2 = data.getValue("r_Phone_2", row): null

2020-04-16 13:35:51 - [TEST_STEP][PASSED] - Fax = data.getValue("r_Fax", row): null

2020-04-16 13:35:51 - [TEST_STEP][PASSED] - r_Full_Name = data.getValue("r_Full_Name", 1): null

2020-04-16 13:35:51 - [TEST_STEP][PASSED] - r_Full_Address = data.getValue("r_Full_Address", 1): null

2020-04-16 13:35:51 - [TEST_STEP][PASSED] - "--------------------------------": null

2020-04-16 13:35:51 - [TEST_STEP][PASSED] - "Read data from spreadsheet      |": null

2020-04-16 13:35:51 - [TEST_STEP][PASSED] - Actual_Page_Text = "": null

2020-04-16 13:35:51 - [TEST_STEP][PASSED] - Expected_Page_Text = "": null

2020-04-16 13:35:51 - [TEST_STEP][PASSED] - waitForPageLoad(60): Wait for page load successfully

2020-04-16 13:35:51 - [MESSAGE][PASSED] - Wait for page load successfully

2020-04-16 13:35:51 - [TEST_STEP][PASSED] - delay(1): Delayed 1 second(s)

2020-04-16 13:35:52 - [MESSAGE][PASSED] - Delayed 1 second(s)

2020-04-16 13:35:52 - [TEST_STEP][PASSED] - "HEADER DETAIL - iFrame": null

2020-04-16 13:35:52 - [TEST_STEP][PASSED] - "----------------": null

2020-04-16 13:35:52 - [TEST_STEP][PASSED] - "Full Name       |": null

2020-04-16 13:35:52 - [TEST_STEP][PASSED] - verifyElementPresent(findTestObject("Object Repository/WO_Consumer/Page_/Page_/a_Mr Gordon Brown"), 25): Object 'Object Repository/WO_Consumer/Page_/Page_/a_Mr Gordon Brown' is present

2020-04-16 13:35:52 - [MESSAGE][PASSED] - Object 'Object Repository/WO_Consumer/Page_/Page_/a_Mr Gordon Brown' is present

2020-04-16 13:35:52 - [TEST_STEP][PASSED] - "----------------": null

2020-04-16 13:35:52 - [TEST_STEP][PASSED] - "Full Address    |": null

2020-04-16 13:35:52 - [TEST_STEP][PASSED] - verifyElementPresent(findTestObject("Object Repository/WO_Consumer/Page_/Page_/div_Haywards Heath West Sussex RH16 4ER4477_d20822"), 25): Object 'Object Repository/WO_Consumer/Page_/Page_/div_Haywards Heath West Sussex RH16 4ER4477_d20822' is present

2020-04-16 13:35:52 - [MESSAGE][PASSED] - Object 'Object Repository/WO_Consumer/Page_/Page_/div_Haywards Heath West Sussex RH16 4ER4477_d20822' is present

2020-04-16 13:35:52 - [TEST_STEP][PASSED] - "BODY DETAIL - iFrame": null

2020-04-16 13:35:52 - [TEST_STEP][PASSED] - "----------------": null

2020-04-16 13:35:52 - [TEST_STEP][PASSED] - "EDIT Consumer   |": null

2020-04-16 13:35:52 - [TEST_STEP][PASSED] - verifyElementPresent(findTestObject("Object Repository/WO_Consumer/Page_/Page_/input_Title_ctledittbTitle"), 25): Object 'Object Repository/WO_Consumer/Page_/Page_/input_Title_ctledittbTitle' is present

2020-04-16 13:35:53 - [MESSAGE][PASSED] - Object 'Object Repository/WO_Consumer/Page_/Page_/input_Title_ctledittbTitle' is present

2020-04-16 13:35:53 - [TEST_STEP][PASSED] - "----------------": null

2020-04-16 13:35:53 - [TEST_STEP][PASSED] - "Address         |": null

2020-04-16 13:35:53 - [TEST_STEP][PASSED] - verifyElementPresent(findTestObject("Object Repository/WO_Consumer/Page_/Page_/span_Please ensure the Street  Road name is_e38a58"), 25): Object 'Object Repository/WO_Consumer/Page_/Page_/span_Please ensure the Street  Road name is_e38a58' is present

2020-04-16 13:35:53 - [MESSAGE][PASSED] - Object 'Object Repository/WO_Consumer/Page_/Page_/span_Please ensure the Street  Road name is_e38a58' is present

2020-04-16 13:35:53 - [MESSAGE][PASSED] - Call Test Case 'Test Cases/Reusable_Test_Sequences/Web_Office/Verification/Consumer_Returned_Search_Record' successfully

2020-04-16 13:35:53 - [TEST_STEP][PASSED] - "--------------------------": null

2020-04-16 13:35:53 - [TEST_STEP][PASSED] - " Teardown - CLose Browser |": null

2020-04-16 13:35:53 - [TEST_STEP][PASSED] - callTestCase(findTestCase("Reusable_Test_Sequences/CAT_Teardown"), [:], OPTIONAL): Call Test Case 'Test Cases/Reusable_Test_Sequences/CAT_Teardown' successfully

2020-04-16 13:35:53 - [TEST_CASE][PASSED] - Test Cases/Reusable_Test_Sequences/CAT_Teardown: Test Cases/Reusable_Test_Sequences/CAT_Teardown

2020-04-16 13:35:53 - [TEST_STEP][PASSED] - closeBrowser(): Browser is closed

2020-04-16 13:35:55 - [MESSAGE][PASSED] - Browser is closed

2020-04-16 13:35:55 - [TEST_STEP][PASSED] - super.finalize(): null

2020-04-16 13:35:55 - [TEST_STEP][PASSED] - System.gc(): null

2020-04-16 13:35:55 - [MESSAGE][PASSED] - Call Test Case 'Test Cases/Reusable_Test_Sequences/CAT_Teardown' successfully

2020-04-16 13:35:55 - [TEST_STEP][PASSED] - "--------------------------------------": null

2020-04-16 13:35:55 - [TEST_STEP][PASSED] - " Web Office StartUp                   |": null

2020-04-16 13:35:55 - [TEST_STEP][PASSED] - callTestCase(findTestCase("Reusable_Test_Sequences/Web_Office/Directives/WebOffice_StartUp"), [:], STOP_ON_FAILURE): Call Test Case 'Test Cases/Reusable_Test_Sequences/Web_Office/Directives/WebOffice_StartUp' successfully

2020-04-16 13:35:55 - [TEST_CASE][PASSED] - Test Cases/Reusable_Test_Sequences/Web_Office/Directives/WebOffice_StartUp: Test Cases/Reusable_Test_Sequences/Web_Office/Directives/WebOffice_StartUp

2020-04-16 13:35:55 - [TEST_STEP][PASSED] - "-----------------------------------------------------------------------------": null

2020-04-16 13:35:55 - [TEST_STEP][PASSED] - if (URL == "https://www.dev.checkatrade.com/"): null

2020-04-16 13:35:55 - [TEST_STEP][PASSED] - "-----------------------------------------------------------------------------": null

2020-04-16 13:35:55 - [TEST_STEP][PASSED] - if (URL == "https://www.checkatrade.com/"): null

2020-04-16 13:35:55 - [TEST_STEP][PASSED] - "-----------------------------------------------------------------------------": null

2020-04-16 13:35:55 - [TEST_STEP][PASSED] - if (URL == "https://www.preview.checkatrade.com/"): null

2020-04-16 13:35:55 - [TEST_STEP][PASSED] - WebOfficeURL = "https://admin.preview.checkatrade.com/": null

2020-04-16 13:35:55 - [TEST_STEP][PASSED] - if (URL == "https://www.dev2.checkatrade.com/"): null

2020-04-16 13:35:55 - [TEST_STEP][PASSED] - "Set Function Area for "URL_Handler", URL Resolution": null

2020-04-16 13:35:55 - [TEST_STEP][PASSED] - "Do Some Magic with URL(s) See the comments within URL Handler ": null

2020-04-16 13:35:55 - [TEST_STEP][PASSED] - "------------------------------------------------": null

2020-04-16 13:35:55 - [TEST_STEP][PASSED] - "Moved Login Credentials to <Default> profile 22/01/2020": null

2020-04-16 13:35:55 - [TEST_STEP][PASSED] - "------------------------------------------------": null

2020-04-16 13:35:55 - [TEST_STEP][PASSED] - "WebOfficeURL - Set from the ENVIRONMENT PROFILE ": null

2020-04-16 13:35:55 - [TEST_STEP][PASSED] - "OPEN BROWSER": null

2020-04-16 13:35:55 - [TEST_STEP][PASSED] - "eg - https://admin.preview.checkatrade.com/  ": null

2020-04-16 13:35:55 - [TEST_STEP][PASSED] - openBrowser(WebOfficeURL): Browser is opened with url: 'https://admin.preview.checkatrade.com/'

2020-04-16 13:35:55 - [MESSAGE][INFO] - Starting 'Chrome' driver

2020-04-16 13:35:55 - [MESSAGE][INFO] - Action delay is set to 0 milliseconds

2020-04-16 13:36:02 - [MESSAGE][PASSED] - Browser is opened with url: 'https://admin.preview.checkatrade.com/'

2020-04-16 13:36:02 - [TEST_STEP][PASSED] - maximizeWindow(): Current window maximized

2020-04-16 13:36:05 - [MESSAGE][PASSED] - Current window maximized

2020-04-16 13:36:05 - [TEST_STEP][PASSED] - waitForElementClickable(findTestObject("Object Repository/WebOffice/Page_Checkatrade - Administration - Login/Login_Button"), 25): Object 'Object Repository/WebOffice/Page_Checkatrade - Administration - Login/Login_Button' is clickable

2020-04-16 13:36:05 - [MESSAGE][PASSED] - Object 'Object Repository/WebOffice/Page_Checkatrade - Administration - Login/Login_Button' is clickable

2020-04-16 13:36:05 - [TEST_STEP][PASSED] - verifyTextPresent("Checkatrade Web Office", false): Text 'Checkatrade Web Office' is present on page 

2020-04-16 13:36:05 - [MESSAGE][PASSED] - Text 'Checkatrade Web Office' is present on page 

2020-04-16 13:36:05 - [TEST_STEP][PASSED] - verifyTextPresent("Access for staff use only", false): Text 'Access for staff use only' is present on page 

2020-04-16 13:36:05 - [MESSAGE][PASSED] - Text 'Access for staff use only' is present on page 

2020-04-16 13:36:05 - [TEST_STEP][PASSED] - verifyTextPresent("Forgotten password?", false): Text 'Forgotten password?' is present on page 

2020-04-16 13:36:06 - [MESSAGE][PASSED] - Text 'Forgotten password?' is present on page 

2020-04-16 13:36:06 - [TEST_STEP][PASSED] - setText(findTestObject("Object Repository/WebOffice/Page_Checkatrade - Administration - Login/input_Username_LoginControlUserName"), wo_Username): Text 'DavidHo' is set on object 'Object Repository/WebOffice/Page_Checkatrade - Administration - Login/input_Username_LoginControlUserName'

2020-04-16 13:36:06 - [MESSAGE][PASSED] - Text 'DavidHo' is set on object 'Object Repository/WebOffice/Page_Checkatrade - Administration - Login/input_Username_LoginControlUserName'

2020-04-16 13:36:06 - [TEST_STEP][PASSED] - setText(findTestObject("Object Repository/WebOffice/Page_Checkatrade - Administration - Login/input_Password_LoginControlPassword"), wo_Password): Text 'Check123' is set on object 'Object Repository/WebOffice/Page_Checkatrade - Administration - Login/input_Password_LoginControlPassword'

2020-04-16 13:36:06 - [MESSAGE][PASSED] - Text 'Check123' is set on object 'Object Repository/WebOffice/Page_Checkatrade - Administration - Login/input_Password_LoginControlPassword'

2020-04-16 13:36:06 - [TEST_STEP][PASSED] - click(findTestObject("Object Repository/WebOffice/Page_Checkatrade - Administration - Login/Login_Button")): Object: 'Object Repository/WebOffice/Page_Checkatrade - Administration - Login/Login_Button' is clicked on

2020-04-16 13:36:09 - [MESSAGE][PASSED] - Object: 'Object Repository/WebOffice/Page_Checkatrade - Administration - Login/Login_Button' is clicked on

2020-04-16 13:36:09 - [TEST_STEP][PASSED] - waitForPageLoad(60): Wait for page load successfully

2020-04-16 13:36:09 - [MESSAGE][PASSED] - Wait for page load successfully

2020-04-16 13:36:09 - [TEST_STEP][PASSED] - verifyTextPresent("Welcome " + wo_Username, false): Text 'Welcome DavidHo' is present on page 

2020-04-16 13:36:10 - [MESSAGE][PASSED] - Text 'Welcome DavidHo' is present on page 

2020-04-16 13:36:10 - [MESSAGE][PASSED] - Call Test Case 'Test Cases/Reusable_Test_Sequences/Web_Office/Directives/WebOffice_StartUp' successfully

2020-04-16 13:36:10 - [TEST_STEP][PASSED] - "--------------------------------------": null

2020-04-16 13:36:10 - [TEST_STEP][PASSED] - " Navigate to <Consumer> Menu Item     |": null

2020-04-16 13:36:10 - [TEST_STEP][PASSED] - callTestCase(findTestCase("Reusable_Test_Sequences/Web_Office/navigation/Navigate_Consumers"), [:], STOP_ON_FAILURE): Call Test Case 'Test Cases/Reusable_Test_Sequences/Web_Office/navigation/Navigate_Consumers' successfully

2020-04-16 13:36:10 - [TEST_CASE][PASSED] - Test Cases/Reusable_Test_Sequences/Web_Office/navigation/Navigate_Consumers: Test Cases/Reusable_Test_Sequences/Web_Office/navigation/Navigate_Consumers

2020-04-16 13:36:10 - [TEST_STEP][PASSED] - "--------------------------------------": null

2020-04-16 13:36:10 - [TEST_STEP][PASSED] - " Navigate Top level menu Item         |": null

2020-04-16 13:36:10 - [TEST_STEP][PASSED] - waitForPageLoad(60): Wait for page load successfully

2020-04-16 13:36:10 - [MESSAGE][PASSED] - Wait for page load successfully

2020-04-16 13:36:10 - [TEST_STEP][PASSED] - waitForElementClickable(findTestObject("Object Repository/WebOffice_Home_page/a_Consumers"), 60): Object 'Object Repository/WebOffice_Home_page/a_Consumers' is clickable

2020-04-16 13:36:10 - [MESSAGE][PASSED] - Object 'Object Repository/WebOffice_Home_page/a_Consumers' is clickable

2020-04-16 13:36:10 - [TEST_STEP][PASSED] - click(findTestObject("Object Repository/WebOffice_Home_page/a_Consumers")): Object: 'Object Repository/WebOffice_Home_page/a_Consumers' is clicked on

2020-04-16 13:36:11 - [MESSAGE][PASSED] - Object: 'Object Repository/WebOffice_Home_page/a_Consumers' is clicked on

2020-04-16 13:36:11 - [MESSAGE][PASSED] - Call Test Case 'Test Cases/Reusable_Test_Sequences/Web_Office/navigation/Navigate_Consumers' successfully

2020-04-16 13:36:11 - [TEST_STEP][PASSED] - "--------------------------------------": null

2020-04-16 13:36:11 - [TEST_STEP][PASSED] - " LH Pane  - Apply Search Criteria     |": null

2020-04-16 13:36:11 - [TEST_STEP][PASSED] - callTestCase(findTestCase("Reusable_Test_Sequences/Web_Office/Actions/Set_Consumer_Data"), [:], STOP_ON_FAILURE): Call Test Case 'Test Cases/Reusable_Test_Sequences/Web_Office/Actions/Set_Consumer_Data' successfully

2020-04-16 13:36:11 - [TEST_CASE][PASSED] - Test Cases/Reusable_Test_Sequences/Web_Office/Actions/Set_Consumer_Data: Test Cases/Reusable_Test_Sequences/Web_Office/Actions/Set_Consumer_Data

2020-04-16 13:36:11 - [TEST_STEP][PASSED] - "--------------------------------": null

2020-04-16 13:36:11 - [TEST_STEP][PASSED] - "Read data from spreadsheet      |": null

2020-04-16 13:36:11 - [TEST_STEP][PASSED] - data = findTestData("Data Files/Consumer_Data (1)"): null

2020-04-16 13:36:11 - [TEST_STEP][PASSED] - Forename = data.getValue("Forename", row): null

2020-04-16 13:36:11 - [TEST_STEP][PASSED] - Surname = data.getValue("Surname", row): null

2020-04-16 13:36:11 - [TEST_STEP][PASSED] - Mobile = data.getValue("Mobile", row): null

2020-04-16 13:36:11 - [TEST_STEP][PASSED] - Email = data.getValue("Email", row): null

2020-04-16 13:36:11 - [TEST_STEP][PASSED] - House = data.getValue("House", row): null

2020-04-16 13:36:11 - [TEST_STEP][PASSED] - Street = data.getValue("Street", row): null

2020-04-16 13:36:11 - [TEST_STEP][PASSED] - Town = data.getValue("Town", row): null

2020-04-16 13:36:11 - [TEST_STEP][PASSED] - City = data.getValue("City", row): null

2020-04-16 13:36:11 - [TEST_STEP][PASSED] - County = data.getValue("County", row): null

2020-04-16 13:36:11 - [TEST_STEP][PASSED] - Postcode = data.getValue("Postcode", row): null

2020-04-16 13:36:11 - [TEST_STEP][PASSED] - Phone = data.getValue("Phone", row): null

2020-04-16 13:36:11 - [TEST_STEP][PASSED] - Status = data.getValue("Status", row): null

2020-04-16 13:36:11 - [TEST_STEP][PASSED] - Type = data.getValue("Type", row): null

2020-04-16 13:36:11 - [TEST_STEP][PASSED] - Consumer_ID = data.getValue("Consumer_ID", row): null

2020-04-16 13:36:11 - [TEST_STEP][PASSED] - "--------------------------------": null

2020-04-16 13:36:11 - [TEST_STEP][PASSED] - "Read data from spreadsheet      |": null

2020-04-16 13:36:11 - [TEST_STEP][PASSED] - "--------------------------------": null

2020-04-16 13:36:11 - [TEST_STEP][PASSED] - "--------------------------------": null

2020-04-16 13:36:11 - [TEST_STEP][PASSED] - " Synchronisation                |": null

2020-04-16 13:36:11 - [TEST_STEP][PASSED] - waitForPageLoad(60): Wait for page load successfully

2020-04-16 13:36:11 - [MESSAGE][PASSED] - Wait for page load successfully

2020-04-16 13:36:11 - [TEST_STEP][PASSED] - waitForElementVisible(findTestObject("Object Repository/WebOffice/Consumers/Page_/input_Forename_ctl00CP1ctlSearchtbForenames"), 60): Object 'Object Repository/WebOffice/Consumers/Page_/input_Forename_ctl00CP1ctlSearchtbForenames' is visible

2020-04-16 13:36:12 - [MESSAGE][PASSED] - Object 'Object Repository/WebOffice/Consumers/Page_/input_Forename_ctl00CP1ctlSearchtbForenames' is visible

2020-04-16 13:36:12 - [TEST_STEP][PASSED] - click(findTestObject("Object Repository/WebOffice/Consumers/Page_/input_Forename_ctl00CP1ctlSearchtbForenames")): Object: 'Object Repository/WebOffice/Consumers/Page_/input_Forename_ctl00CP1ctlSearchtbForenames' is clicked on

2020-04-16 13:36:12 - [MESSAGE][PASSED] - Object: 'Object Repository/WebOffice/Consumers/Page_/input_Forename_ctl00CP1ctlSearchtbForenames' is clicked on

2020-04-16 13:36:12 - [TEST_STEP][PASSED] - "-------------------------------------------------------------------------------------------------------------------------------------": null

2020-04-16 13:36:12 - [TEST_STEP][PASSED] - setText(findTestObject("Object Repository/WebOffice/Consumers/Page_/input_Forename_ctl00CP1ctlSearchtbForenames"), Forename): Text '' is set on object 'Object Repository/WebOffice/Consumers/Page_/input_Forename_ctl00CP1ctlSearchtbForenames'

2020-04-16 13:36:12 - [MESSAGE][PASSED] - Text '' is set on object 'Object Repository/WebOffice/Consumers/Page_/input_Forename_ctl00CP1ctlSearchtbForenames'

2020-04-16 13:36:12 - [TEST_STEP][PASSED] - "-------------------------------------------------------------------------------------------------------------------------------------": null

2020-04-16 13:36:12 - [TEST_STEP][PASSED] - setText(findTestObject("Object Repository/WebOffice/Consumers/Page_/input_Surname_ctl00CP1ctlSearchtbSurname"), Surname): Text '' is set on object 'Object Repository/WebOffice/Consumers/Page_/input_Surname_ctl00CP1ctlSearchtbSurname'

2020-04-16 13:36:12 - [MESSAGE][PASSED] - Text '' is set on object 'Object Repository/WebOffice/Consumers/Page_/input_Surname_ctl00CP1ctlSearchtbSurname'

2020-04-16 13:36:12 - [TEST_STEP][PASSED] - "-------------------------------------------------------------------------------------------------------------------------------------": null

2020-04-16 13:36:12 - [TEST_STEP][PASSED] - setText(findTestObject("Object Repository/WebOffice/Consumers/Page_/input_Mobile_ctl00CP1ctlSearchtbMobile"), Mobile): Text '447772534248' is set on object 'Object Repository/WebOffice/Consumers/Page_/input_Mobile_ctl00CP1ctlSearchtbMobile'

2020-04-16 13:36:13 - [MESSAGE][PASSED] - Text '447772534248' is set on object 'Object Repository/WebOffice/Consumers/Page_/input_Mobile_ctl00CP1ctlSearchtbMobile'

2020-04-16 13:36:13 - [TEST_STEP][PASSED] - "-------------------------------------------------------------------------------------------------------------------------------------": null

2020-04-16 13:36:13 - [TEST_STEP][PASSED] - setText(findTestObject("Object Repository/WebOffice/Consumers/Page_/input_Email_ctl00CP1ctlSearchtbEmail"), Email): Text '' is set on object 'Object Repository/WebOffice/Consumers/Page_/input_Email_ctl00CP1ctlSearchtbEmail'

2020-04-16 13:36:13 - [MESSAGE][PASSED] - Text '' is set on object 'Object Repository/WebOffice/Consumers/Page_/input_Email_ctl00CP1ctlSearchtbEmail'

2020-04-16 13:36:13 - [TEST_STEP][PASSED] - "-------------------------------------------------------------------------------------------------------------------------------------": null

2020-04-16 13:36:13 - [TEST_STEP][PASSED] - setText(findTestObject("Object Repository/WebOffice/Consumers/Page_/input_House_ctl00CP1ctlSearchtbHouse"), House): Text '' is set on object 'Object Repository/WebOffice/Consumers/Page_/input_House_ctl00CP1ctlSearchtbHouse'

2020-04-16 13:36:14 - [MESSAGE][PASSED] - Text '' is set on object 'Object Repository/WebOffice/Consumers/Page_/input_House_ctl00CP1ctlSearchtbHouse'

2020-04-16 13:36:14 - [TEST_STEP][PASSED] - "-------------------------------------------------------------------------------------------------------------------------------------": null

2020-04-16 13:36:14 - [TEST_STEP][PASSED] - setText(findTestObject("Object Repository/WebOffice/Consumers/Page_/input_Street_ctl00CP1ctlSearchtbStreet"), Street): Text '' is set on object 'Object Repository/WebOffice/Consumers/Page_/input_Street_ctl00CP1ctlSearchtbStreet'

2020-04-16 13:36:14 - [MESSAGE][PASSED] - Text '' is set on object 'Object Repository/WebOffice/Consumers/Page_/input_Street_ctl00CP1ctlSearchtbStreet'

2020-04-16 13:36:14 - [TEST_STEP][PASSED] - "-------------------------------------------------------------------------------------------------------------------------------------": null

2020-04-16 13:36:14 - [TEST_STEP][PASSED] - setText(findTestObject("Object Repository/WebOffice/Consumers/Page_/input_Town_ctl00CP1ctlSearchtbTown"), Town): Text '' is set on object 'Object Repository/WebOffice/Consumers/Page_/input_Town_ctl00CP1ctlSearchtbTown'

2020-04-16 13:36:14 - [MESSAGE][PASSED] - Text '' is set on object 'Object Repository/WebOffice/Consumers/Page_/input_Town_ctl00CP1ctlSearchtbTown'

2020-04-16 13:36:14 - [TEST_STEP][PASSED] - "-------------------------------------------------------------------------------------------------------------------------------------": null

2020-04-16 13:36:14 - [TEST_STEP][PASSED] - setText(findTestObject("Object Repository/WebOffice/Consumers/Page_/input_City_ctl00CP1ctlSearchtbCity"), City): Text '' is set on object 'Object Repository/WebOffice/Consumers/Page_/input_City_ctl00CP1ctlSearchtbCity'

2020-04-16 13:36:14 - [MESSAGE][PASSED] - Text '' is set on object 'Object Repository/WebOffice/Consumers/Page_/input_City_ctl00CP1ctlSearchtbCity'

2020-04-16 13:36:14 - [TEST_STEP][PASSED] - "-------------------------------------------------------------------------------------------------------------------------------------": null

2020-04-16 13:36:14 - [TEST_STEP][PASSED] - setText(findTestObject("Object Repository/WebOffice/Consumers/Page_/input_County_ctl00CP1ctlSearchtbCounty"), County): Text '' is set on object 'Object Repository/WebOffice/Consumers/Page_/input_County_ctl00CP1ctlSearchtbCounty'

2020-04-16 13:36:15 - [MESSAGE][PASSED] - Text '' is set on object 'Object Repository/WebOffice/Consumers/Page_/input_County_ctl00CP1ctlSearchtbCounty'

2020-04-16 13:36:15 - [TEST_STEP][PASSED] - "-------------------------------------------------------------------------------------------------------------------------------------": null

2020-04-16 13:36:15 - [TEST_STEP][PASSED] - setText(findTestObject("Object Repository/WebOffice/Consumers/Page_/input_Postcode_ctl00CP1ctlSearchtbPostcode"), Postcode): Text '' is set on object 'Object Repository/WebOffice/Consumers/Page_/input_Postcode_ctl00CP1ctlSearchtbPostcode'

2020-04-16 13:36:15 - [MESSAGE][PASSED] - Text '' is set on object 'Object Repository/WebOffice/Consumers/Page_/input_Postcode_ctl00CP1ctlSearchtbPostcode'

2020-04-16 13:36:15 - [TEST_STEP][PASSED] - "-------------------------------------------------------------------------------------------------------------------------------------": null

2020-04-16 13:36:15 - [TEST_STEP][PASSED] - setText(findTestObject("Object Repository/WebOffice/Consumers/Page_/input_Phone_ctl00CP1ctlSearchtbTel"), Phone): Text '' is set on object 'Object Repository/WebOffice/Consumers/Page_/input_Phone_ctl00CP1ctlSearchtbTel'

2020-04-16 13:36:15 - [MESSAGE][PASSED] - Text '' is set on object 'Object Repository/WebOffice/Consumers/Page_/input_Phone_ctl00CP1ctlSearchtbTel'

2020-04-16 13:36:15 - [TEST_STEP][PASSED] - "-------------------------------------------------------------------------------------------------------------------------------------": null

2020-04-16 13:36:15 - [TEST_STEP][PASSED] - "Set Status": null

2020-04-16 13:36:15 - [TEST_STEP][PASSED] - "-------------------------------------------------------------------------------------------------------------------------------------": null

2020-04-16 13:36:15 - [TEST_STEP][PASSED] - "Status 3 Options": null

2020-04-16 13:36:15 - [TEST_STEP][PASSED] - "-------------------------------------------------------------------------------------------------------------------------------------": null

2020-04-16 13:36:15 - [TEST_STEP][PASSED] - "Set Type": null

2020-04-16 13:36:15 - [TEST_STEP][PASSED] - "-------------------------------------------------------------------------------------------------------------------------------------": null

2020-04-16 13:36:15 - [TEST_STEP][PASSED] - "Type 3 Options": null

2020-04-16 13:36:15 - [TEST_STEP][PASSED] - "-------------------------------------------------------------------------------------------------------------------------------------": null

2020-04-16 13:36:15 - [TEST_STEP][PASSED] - click(findTestObject("Object Repository/WebOffice/Consumers/Page_/input_Clear_ctl00CP1ctlSearchbtnSearch")): Object: 'Object Repository/WebOffice/Consumers/Page_/input_Clear_ctl00CP1ctlSearchbtnSearch' is clicked on

2020-04-16 13:36:15 - [MESSAGE][PASSED] - Object: 'Object Repository/WebOffice/Consumers/Page_/input_Clear_ctl00CP1ctlSearchbtnSearch' is clicked on

2020-04-16 13:36:15 - [MESSAGE][PASSED] - Call Test Case 'Test Cases/Reusable_Test_Sequences/Web_Office/Actions/Set_Consumer_Data' successfully

2020-04-16 13:36:15 - [TEST_STEP][PASSED] - "--------------------------------------": null

2020-04-16 13:36:15 - [TEST_STEP][PASSED] - " Select Returned Record to Verify     |": null

2020-04-16 13:36:15 - [TEST_STEP][PASSED] - callTestCase(findTestCase("Reusable_Test_Sequences/Web_Office/Actions/Select_Consumer"), [:], OPTIONAL): Call Test Case 'Test Cases/Reusable_Test_Sequences/Web_Office/Actions/Select_Consumer' successfully

2020-04-16 13:36:15 - [TEST_CASE][PASSED] - Test Cases/Reusable_Test_Sequences/Web_Office/Actions/Select_Consumer: Test Cases/Reusable_Test_Sequences/Web_Office/Actions/Select_Consumer

2020-04-16 13:36:15 - [TEST_STEP][PASSED] - "--------": null

2020-04-16 13:36:15 - [TEST_STEP][PASSED] - "Search  |": null

2020-04-16 13:36:15 - [TEST_STEP][PASSED] - waitForPageLoad(60): Wait for page load successfully

2020-04-16 13:36:16 - [MESSAGE][PASSED] - Wait for page load successfully

2020-04-16 13:36:16 - [TEST_STEP][PASSED] - waitForElementClickable(findTestObject("Object Repository/WO_Consumer/Page_/input_Clear_ctl00CP1ctlSearchbtnSearch"), 60): Object 'Object Repository/WO_Consumer/Page_/input_Clear_ctl00CP1ctlSearchbtnSearch' is clickable

2020-04-16 13:36:16 - [MESSAGE][PASSED] - Object 'Object Repository/WO_Consumer/Page_/input_Clear_ctl00CP1ctlSearchbtnSearch' is clickable

2020-04-16 13:36:16 - [TEST_STEP][PASSED] - click(findTestObject("Object Repository/WO_Consumer/Page_/input_Clear_ctl00CP1ctlSearchbtnSearch")): Object: 'Object Repository/WO_Consumer/Page_/input_Clear_ctl00CP1ctlSearchbtnSearch' is clicked on

2020-04-16 13:36:16 - [MESSAGE][PASSED] - Object: 'Object Repository/WO_Consumer/Page_/input_Clear_ctl00CP1ctlSearchbtnSearch' is clicked on

2020-04-16 13:36:16 - [TEST_STEP][PASSED] - delay(5): Delayed 5 second(s)

2020-04-16 13:36:21 - [MESSAGE][PASSED] - Delayed 5 second(s)

2020-04-16 13:36:21 - [TEST_STEP][PASSED] - "--------": null

2020-04-16 13:36:21 - [TEST_STEP][PASSED] - "Synch   |": null

2020-04-16 13:36:21 - [TEST_STEP][PASSED] - waitForPageLoad(120): Wait for page load successfully

2020-04-16 13:36:21 - [MESSAGE][PASSED] - Wait for page load successfully

2020-04-16 13:36:21 - [TEST_STEP][PASSED] - waitForElementClickable(findTestObject("Object Repository/WO_Consumer/Page_/a_Feedback"), 60): Object 'Object Repository/WO_Consumer/Page_/a_Feedback' is clickable

2020-04-16 13:36:21 - [MESSAGE][PASSED] - Object 'Object Repository/WO_Consumer/Page_/a_Feedback' is clickable

2020-04-16 13:36:21 - [TEST_STEP][PASSED] - "----------------------------------------": null

2020-04-16 13:36:21 - [TEST_STEP][PASSED] - "Initial Table View (Populated or Not    |": null

2020-04-16 13:36:21 - [TEST_STEP][PASSED] - "----------------------------------------": null

2020-04-16 13:36:21 - [TEST_STEP][PASSED] - "---------------------------------------------------": null

2020-04-16 13:36:21 - [TEST_STEP][PASSED] - "If Record Exists Then rocess, Otherwise Jump Over  |": null

2020-04-16 13:36:21 - [TEST_STEP][PASSED] - "---------------------------------------------------": null

2020-04-16 13:36:21 - [TEST_STEP][PASSED] - "----------------------------------------": null

2020-04-16 13:36:21 - [TEST_STEP][PASSED] - "Initial Table Return Checks": null

2020-04-16 13:36:21 - [TEST_STEP][PASSED] - "----------------------------------------": null

2020-04-16 13:36:21 - [TEST_STEP][PASSED] - "--------": null

2020-04-16 13:36:21 - [TEST_STEP][PASSED] - "Sort    |": null

2020-04-16 13:36:21 - [TEST_STEP][PASSED] - click(findTestObject("Object Repository/WO_Consumer/Page_/a_Feedback")): Object: 'Object Repository/WO_Consumer/Page_/a_Feedback' is clicked on

2020-04-16 13:36:23 - [MESSAGE][PASSED] - Object: 'Object Repository/WO_Consumer/Page_/a_Feedback' is clicked on

2020-04-16 13:36:23 - [TEST_STEP][PASSED] - delay(5): Delayed 5 second(s)

2020-04-16 13:36:28 - [MESSAGE][PASSED] - Delayed 5 second(s)

2020-04-16 13:36:28 - [TEST_STEP][PASSED] - "--------": null

2020-04-16 13:36:28 - [TEST_STEP][PASSED] - "Sort    |": null

2020-04-16 13:36:28 - [TEST_STEP][PASSED] - click(findTestObject("Object Repository/WO_Consumer/Page_/a_Feedback")): Object: 'Object Repository/WO_Consumer/Page_/a_Feedback' is clicked on

2020-04-16 13:36:29 - [MESSAGE][PASSED] - Object: 'Object Repository/WO_Consumer/Page_/a_Feedback' is clicked on

2020-04-16 13:36:29 - [TEST_STEP][PASSED] - delay(5): Delayed 5 second(s)

2020-04-16 13:36:34 - [MESSAGE][PASSED] - Delayed 5 second(s)

2020-04-16 13:36:34 - [TEST_STEP][PASSED] - "--------": null

2020-04-16 13:36:34 - [TEST_STEP][PASSED] - "Select  |": null

2020-04-16 13:36:34 - [TEST_STEP][PASSED] - waitForElementClickable(findTestObject("WO_Consumer/Page_/td_TopRow"), 60): Object 'Object Repository/WO_Consumer/Page_/td_TopRow' is clickable

2020-04-16 13:36:34 - [MESSAGE][PASSED] - Object 'Object Repository/WO_Consumer/Page_/td_TopRow' is clickable

2020-04-16 13:36:34 - [TEST_STEP][PASSED] - click(findTestObject("WO_Consumer/Page_/td_TopRow")): Object: 'Object Repository/WO_Consumer/Page_/td_TopRow' is clicked on

2020-04-16 13:36:35 - [MESSAGE][PASSED] - Object: 'Object Repository/WO_Consumer/Page_/td_TopRow' is clicked on

2020-04-16 13:36:35 - [TEST_STEP][PASSED] - delay(1): Delayed 1 second(s)

2020-04-16 13:36:36 - [MESSAGE][PASSED] - Delayed 1 second(s)

2020-04-16 13:36:36 - [MESSAGE][PASSED] - Call Test Case 'Test Cases/Reusable_Test_Sequences/Web_Office/Actions/Select_Consumer' successfully

2020-04-16 13:36:36 - [TEST_STEP][PASSED] - "--------------------------------------": null

2020-04-16 13:36:36 - [TEST_STEP][PASSED] - " Verify Returned Consumer Record      |": null

2020-04-16 13:36:36 - [TEST_STEP][PASSED] - callTestCase(findTestCase("Reusable_Test_Sequences/Web_Office/Verification/Consumer_Returned_Search_Record"), [:], OPTIONAL): Call Test Case 'Test Cases/Reusable_Test_Sequences/Web_Office/Verification/Consumer_Returned_Search_Record' successfully

2020-04-16 13:36:36 - [TEST_CASE][PASSED] - Test Cases/Reusable_Test_Sequences/Web_Office/Verification/Consumer_Returned_Search_Record: Test Cases/Reusable_Test_Sequences/Web_Office/Verification/Consumer_Returned_Search_Record

2020-04-16 13:36:36 - [TEST_STEP][PASSED] - "--------------------------------": null

2020-04-16 13:36:36 - [TEST_STEP][PASSED] - "Read data from spreadsheet      | r_ = Returned Data": null

2020-04-16 13:36:36 - [TEST_STEP][PASSED] - data = findTestData("Data Files/Consumer_Data (1)"): null

2020-04-16 13:36:36 - [TEST_STEP][PASSED] - Consumer_ID = data.getValue("Consumer_ID", row): null

2020-04-16 13:36:36 - [TEST_STEP][PASSED] - Title = data.getValue("r_Title", row): null

2020-04-16 13:36:36 - [TEST_STEP][PASSED] - Forenames = data.getValue("r_Forenames", row): null

2020-04-16 13:36:36 - [TEST_STEP][PASSED] - Surname = data.getValue("r_Surname", row): null

2020-04-16 13:36:36 - [TEST_STEP][PASSED] - Housename = data.getValue("r_Housename", row): null

2020-04-16 13:36:36 - [TEST_STEP][PASSED] - Number_Street = data.getValue("r_Number_and_Street", row): null

2020-04-16 13:36:36 - [TEST_STEP][PASSED] - City = data.getValue("r_City", row): null

2020-04-16 13:36:36 - [TEST_STEP][PASSED] - Town = data.getValue("r_Town", row): null

2020-04-16 13:36:36 - [TEST_STEP][PASSED] - County = data.getValue("r_County", row): null

2020-04-16 13:36:36 - [TEST_STEP][PASSED] - Postcode = data.getValue("r_Postcode", row): null

2020-04-16 13:36:36 - [TEST_STEP][PASSED] - Phone1 = data.getValue("r_Phone_1", row): null

2020-04-16 13:36:36 - [TEST_STEP][PASSED] - Phone2 = data.getValue("r_Phone_2", row): null

2020-04-16 13:36:36 - [TEST_STEP][PASSED] - Fax = data.getValue("r_Fax", row): null

2020-04-16 13:36:36 - [TEST_STEP][PASSED] - r_Full_Name = data.getValue("r_Full_Name", 1): null

2020-04-16 13:36:36 - [TEST_STEP][PASSED] - r_Full_Address = data.getValue("r_Full_Address", 1): null

2020-04-16 13:36:36 - [TEST_STEP][PASSED] - "--------------------------------": null

2020-04-16 13:36:36 - [TEST_STEP][PASSED] - "Read data from spreadsheet      |": null

2020-04-16 13:36:36 - [TEST_STEP][PASSED] - Actual_Page_Text = "": null

2020-04-16 13:36:36 - [TEST_STEP][PASSED] - Expected_Page_Text = "": null

2020-04-16 13:36:36 - [TEST_STEP][PASSED] - waitForPageLoad(60): Wait for page load successfully

2020-04-16 13:36:36 - [MESSAGE][PASSED] - Wait for page load successfully

2020-04-16 13:36:36 - [TEST_STEP][PASSED] - delay(1): Delayed 1 second(s)

2020-04-16 13:36:37 - [MESSAGE][PASSED] - Delayed 1 second(s)

2020-04-16 13:36:37 - [TEST_STEP][PASSED] - "HEADER DETAIL - iFrame": null

2020-04-16 13:36:37 - [TEST_STEP][PASSED] - "----------------": null

2020-04-16 13:36:37 - [TEST_STEP][PASSED] - "Full Name       |": null

2020-04-16 13:36:37 - [TEST_STEP][PASSED] - verifyElementPresent(findTestObject("Object Repository/WO_Consumer/Page_/Page_/a_Mr Gordon Brown"), 25): Object 'Object Repository/WO_Consumer/Page_/Page_/a_Mr Gordon Brown' is present

2020-04-16 13:36:37 - [MESSAGE][PASSED] - Object 'Object Repository/WO_Consumer/Page_/Page_/a_Mr Gordon Brown' is present

2020-04-16 13:36:37 - [TEST_STEP][PASSED] - "----------------": null

2020-04-16 13:36:37 - [TEST_STEP][PASSED] - "Full Address    |": null

2020-04-16 13:36:37 - [TEST_STEP][PASSED] - verifyElementPresent(findTestObject("Object Repository/WO_Consumer/Page_/Page_/div_Haywards Heath West Sussex RH16 4ER4477_d20822"), 25): Object 'Object Repository/WO_Consumer/Page_/Page_/div_Haywards Heath West Sussex RH16 4ER4477_d20822' is present

2020-04-16 13:36:38 - [MESSAGE][PASSED] - Object 'Object Repository/WO_Consumer/Page_/Page_/div_Haywards Heath West Sussex RH16 4ER4477_d20822' is present

2020-04-16 13:36:38 - [TEST_STEP][PASSED] - "BODY DETAIL - iFrame": null

2020-04-16 13:36:38 - [TEST_STEP][PASSED] - "----------------": null

2020-04-16 13:36:38 - [TEST_STEP][PASSED] - "EDIT Consumer   |": null

2020-04-16 13:36:38 - [TEST_STEP][PASSED] - verifyElementPresent(findTestObject("Object Repository/WO_Consumer/Page_/Page_/input_Title_ctledittbTitle"), 25): Object 'Object Repository/WO_Consumer/Page_/Page_/input_Title_ctledittbTitle' is present

2020-04-16 13:36:38 - [MESSAGE][PASSED] - Object 'Object Repository/WO_Consumer/Page_/Page_/input_Title_ctledittbTitle' is present

2020-04-16 13:36:38 - [TEST_STEP][PASSED] - "----------------": null

2020-04-16 13:36:38 - [TEST_STEP][PASSED] - "Address         |": null

2020-04-16 13:36:38 - [TEST_STEP][PASSED] - verifyElementPresent(findTestObject("Object Repository/WO_Consumer/Page_/Page_/span_Please ensure the Street  Road name is_e38a58"), 25): Object 'Object Repository/WO_Consumer/Page_/Page_/span_Please ensure the Street  Road name is_e38a58' is present

2020-04-16 13:36:38 - [MESSAGE][PASSED] - Object 'Object Repository/WO_Consumer/Page_/Page_/span_Please ensure the Street  Road name is_e38a58' is present

2020-04-16 13:36:38 - [MESSAGE][PASSED] - Call Test Case 'Test Cases/Reusable_Test_Sequences/Web_Office/Verification/Consumer_Returned_Search_Record' successfully

2020-04-16 13:36:38 - [TEST_STEP][PASSED] - "--------------------------": null

2020-04-16 13:36:38 - [TEST_STEP][PASSED] - " Teardown - CLose Browser |": null

2020-04-16 13:36:38 - [TEST_STEP][PASSED] - callTestCase(findTestCase("Reusable_Test_Sequences/CAT_Teardown"), [:], OPTIONAL): Call Test Case 'Test Cases/Reusable_Test_Sequences/CAT_Teardown' successfully

2020-04-16 13:36:38 - [TEST_CASE][PASSED] - Test Cases/Reusable_Test_Sequences/CAT_Teardown: Test Cases/Reusable_Test_Sequences/CAT_Teardown

2020-04-16 13:36:38 - [TEST_STEP][PASSED] - closeBrowser(): Browser is closed

2020-04-16 13:36:39 - [MESSAGE][PASSED] - Browser is closed

2020-04-16 13:36:39 - [TEST_STEP][PASSED] - super.finalize(): null

2020-04-16 13:36:39 - [TEST_STEP][PASSED] - System.gc(): null

2020-04-16 13:36:39 - [MESSAGE][PASSED] - Call Test Case 'Test Cases/Reusable_Test_Sequences/CAT_Teardown' successfully

2020-04-16 13:36:39 - [TEST_STEP][PASSED] - "--------------------------------------": null

2020-04-16 13:36:39 - [TEST_STEP][PASSED] - " Web Office StartUp                   |": null

2020-04-16 13:36:39 - [TEST_STEP][PASSED] - callTestCase(findTestCase("Reusable_Test_Sequences/Web_Office/Directives/WebOffice_StartUp"), [:], STOP_ON_FAILURE): Call Test Case 'Test Cases/Reusable_Test_Sequences/Web_Office/Directives/WebOffice_StartUp' successfully

2020-04-16 13:36:39 - [TEST_CASE][PASSED] - Test Cases/Reusable_Test_Sequences/Web_Office/Directives/WebOffice_StartUp: Test Cases/Reusable_Test_Sequences/Web_Office/Directives/WebOffice_StartUp

2020-04-16 13:36:39 - [TEST_STEP][PASSED] - "-----------------------------------------------------------------------------": null

2020-04-16 13:36:39 - [TEST_STEP][PASSED] - if (URL == "https://www.dev.checkatrade.com/"): null

2020-04-16 13:36:39 - [TEST_STEP][PASSED] - "-----------------------------------------------------------------------------": null

2020-04-16 13:36:39 - [TEST_STEP][PASSED] - if (URL == "https://www.checkatrade.com/"): null

2020-04-16 13:36:39 - [TEST_STEP][PASSED] - "-----------------------------------------------------------------------------": null

2020-04-16 13:36:39 - [TEST_STEP][PASSED] - if (URL == "https://www.preview.checkatrade.com/"): null

2020-04-16 13:36:39 - [TEST_STEP][PASSED] - WebOfficeURL = "https://admin.preview.checkatrade.com/": null

2020-04-16 13:36:39 - [TEST_STEP][PASSED] - if (URL == "https://www.dev2.checkatrade.com/"): null

2020-04-16 13:36:39 - [TEST_STEP][PASSED] - "Set Function Area for "URL_Handler", URL Resolution": null

2020-04-16 13:36:39 - [TEST_STEP][PASSED] - "Do Some Magic with URL(s) See the comments within URL Handler ": null

2020-04-16 13:36:39 - [TEST_STEP][PASSED] - "------------------------------------------------": null

2020-04-16 13:36:39 - [TEST_STEP][PASSED] - "Moved Login Credentials to <Default> profile 22/01/2020": null

2020-04-16 13:36:39 - [TEST_STEP][PASSED] - "------------------------------------------------": null

2020-04-16 13:36:39 - [TEST_STEP][PASSED] - "WebOfficeURL - Set from the ENVIRONMENT PROFILE ": null

2020-04-16 13:36:39 - [TEST_STEP][PASSED] - "OPEN BROWSER": null

2020-04-16 13:36:39 - [TEST_STEP][PASSED] - "eg - https://admin.preview.checkatrade.com/  ": null

2020-04-16 13:36:39 - [TEST_STEP][PASSED] - openBrowser(WebOfficeURL): Browser is opened with url: 'https://admin.preview.checkatrade.com/'

2020-04-16 13:36:39 - [MESSAGE][INFO] - Starting 'Chrome' driver

2020-04-16 13:36:39 - [MESSAGE][INFO] - Action delay is set to 0 milliseconds

2020-04-16 13:36:45 - [MESSAGE][PASSED] - Browser is opened with url: 'https://admin.preview.checkatrade.com/'

2020-04-16 13:36:45 - [TEST_STEP][PASSED] - maximizeWindow(): Current window maximized

2020-04-16 13:36:47 - [MESSAGE][PASSED] - Current window maximized

2020-04-16 13:36:47 - [TEST_STEP][PASSED] - waitForElementClickable(findTestObject("Object Repository/WebOffice/Page_Checkatrade - Administration - Login/Login_Button"), 25): Object 'Object Repository/WebOffice/Page_Checkatrade - Administration - Login/Login_Button' is clickable

2020-04-16 13:36:47 - [MESSAGE][PASSED] - Object 'Object Repository/WebOffice/Page_Checkatrade - Administration - Login/Login_Button' is clickable

2020-04-16 13:36:47 - [TEST_STEP][PASSED] - verifyTextPresent("Checkatrade Web Office", false): Text 'Checkatrade Web Office' is present on page 

2020-04-16 13:36:47 - [MESSAGE][PASSED] - Text 'Checkatrade Web Office' is present on page 

2020-04-16 13:36:47 - [TEST_STEP][PASSED] - verifyTextPresent("Access for staff use only", false): Text 'Access for staff use only' is present on page 

2020-04-16 13:36:47 - [MESSAGE][PASSED] - Text 'Access for staff use only' is present on page 

2020-04-16 13:36:47 - [TEST_STEP][PASSED] - verifyTextPresent("Forgotten password?", false): Text 'Forgotten password?' is present on page 

2020-04-16 13:36:47 - [MESSAGE][PASSED] - Text 'Forgotten password?' is present on page 

2020-04-16 13:36:47 - [TEST_STEP][PASSED] - setText(findTestObject("Object Repository/WebOffice/Page_Checkatrade - Administration - Login/input_Username_LoginControlUserName"), wo_Username): Text 'DavidHo' is set on object 'Object Repository/WebOffice/Page_Checkatrade - Administration - Login/input_Username_LoginControlUserName'

2020-04-16 13:36:48 - [MESSAGE][PASSED] - Text 'DavidHo' is set on object 'Object Repository/WebOffice/Page_Checkatrade - Administration - Login/input_Username_LoginControlUserName'

2020-04-16 13:36:48 - [TEST_STEP][PASSED] - setText(findTestObject("Object Repository/WebOffice/Page_Checkatrade - Administration - Login/input_Password_LoginControlPassword"), wo_Password): Text 'Check123' is set on object 'Object Repository/WebOffice/Page_Checkatrade - Administration - Login/input_Password_LoginControlPassword'

2020-04-16 13:36:48 - [MESSAGE][PASSED] - Text 'Check123' is set on object 'Object Repository/WebOffice/Page_Checkatrade - Administration - Login/input_Password_LoginControlPassword'

2020-04-16 13:36:48 - [TEST_STEP][PASSED] - click(findTestObject("Object Repository/WebOffice/Page_Checkatrade - Administration - Login/Login_Button")): Object: 'Object Repository/WebOffice/Page_Checkatrade - Administration - Login/Login_Button' is clicked on

2020-04-16 13:36:49 - [MESSAGE][PASSED] - Object: 'Object Repository/WebOffice/Page_Checkatrade - Administration - Login/Login_Button' is clicked on

2020-04-16 13:36:49 - [TEST_STEP][PASSED] - waitForPageLoad(60): Wait for page load successfully

2020-04-16 13:36:50 - [MESSAGE][PASSED] - Wait for page load successfully

2020-04-16 13:36:50 - [TEST_STEP][PASSED] - verifyTextPresent("Welcome " + wo_Username, false): Text 'Welcome DavidHo' is present on page 

2020-04-16 13:36:50 - [MESSAGE][PASSED] - Text 'Welcome DavidHo' is present on page 

2020-04-16 13:36:50 - [MESSAGE][PASSED] - Call Test Case 'Test Cases/Reusable_Test_Sequences/Web_Office/Directives/WebOffice_StartUp' successfully

2020-04-16 13:36:50 - [TEST_STEP][PASSED] - "--------------------------------------": null

2020-04-16 13:36:50 - [TEST_STEP][PASSED] - " Navigate to <Consumer> Menu Item     |": null

2020-04-16 13:36:50 - [TEST_STEP][PASSED] - callTestCase(findTestCase("Reusable_Test_Sequences/Web_Office/navigation/Navigate_Consumers"), [:], STOP_ON_FAILURE): Call Test Case 'Test Cases/Reusable_Test_Sequences/Web_Office/navigation/Navigate_Consumers' successfully

2020-04-16 13:36:50 - [TEST_CASE][PASSED] - Test Cases/Reusable_Test_Sequences/Web_Office/navigation/Navigate_Consumers: Test Cases/Reusable_Test_Sequences/Web_Office/navigation/Navigate_Consumers

2020-04-16 13:36:50 - [TEST_STEP][PASSED] - "--------------------------------------": null

2020-04-16 13:36:50 - [TEST_STEP][PASSED] - " Navigate Top level menu Item         |": null

2020-04-16 13:36:50 - [TEST_STEP][PASSED] - waitForPageLoad(60): Wait for page load successfully

2020-04-16 13:36:50 - [MESSAGE][PASSED] - Wait for page load successfully

2020-04-16 13:36:50 - [TEST_STEP][PASSED] - waitForElementClickable(findTestObject("Object Repository/WebOffice_Home_page/a_Consumers"), 60): Object 'Object Repository/WebOffice_Home_page/a_Consumers' is clickable

2020-04-16 13:36:50 - [MESSAGE][PASSED] - Object 'Object Repository/WebOffice_Home_page/a_Consumers' is clickable

2020-04-16 13:36:50 - [TEST_STEP][PASSED] - click(findTestObject("Object Repository/WebOffice_Home_page/a_Consumers")): Object: 'Object Repository/WebOffice_Home_page/a_Consumers' is clicked on

2020-04-16 13:36:51 - [MESSAGE][PASSED] - Object: 'Object Repository/WebOffice_Home_page/a_Consumers' is clicked on

2020-04-16 13:36:51 - [MESSAGE][PASSED] - Call Test Case 'Test Cases/Reusable_Test_Sequences/Web_Office/navigation/Navigate_Consumers' successfully

2020-04-16 13:36:51 - [TEST_STEP][PASSED] - "--------------------------------------": null

2020-04-16 13:36:51 - [TEST_STEP][PASSED] - " LH Pane  - Apply Search Criteria     |": null

2020-04-16 13:36:51 - [TEST_STEP][PASSED] - callTestCase(findTestCase("Reusable_Test_Sequences/Web_Office/Actions/Set_Consumer_Data"), [:], STOP_ON_FAILURE): Call Test Case 'Test Cases/Reusable_Test_Sequences/Web_Office/Actions/Set_Consumer_Data' successfully

2020-04-16 13:36:51 - [TEST_CASE][PASSED] - Test Cases/Reusable_Test_Sequences/Web_Office/Actions/Set_Consumer_Data: Test Cases/Reusable_Test_Sequences/Web_Office/Actions/Set_Consumer_Data

2020-04-16 13:36:51 - [TEST_STEP][PASSED] - "--------------------------------": null

2020-04-16 13:36:51 - [TEST_STEP][PASSED] - "Read data from spreadsheet      |": null

2020-04-16 13:36:51 - [TEST_STEP][PASSED] - data = findTestData("Data Files/Consumer_Data (1)"): null

2020-04-16 13:36:51 - [TEST_STEP][PASSED] - Forename = data.getValue("Forename", row): null

2020-04-16 13:36:51 - [TEST_STEP][PASSED] - Surname = data.getValue("Surname", row): null

2020-04-16 13:36:51 - [TEST_STEP][PASSED] - Mobile = data.getValue("Mobile", row): null

2020-04-16 13:36:51 - [TEST_STEP][PASSED] - Email = data.getValue("Email", row): null

2020-04-16 13:36:51 - [TEST_STEP][PASSED] - House = data.getValue("House", row): null

2020-04-16 13:36:51 - [TEST_STEP][PASSED] - Street = data.getValue("Street", row): null

2020-04-16 13:36:51 - [TEST_STEP][PASSED] - Town = data.getValue("Town", row): null

2020-04-16 13:36:51 - [TEST_STEP][PASSED] - City = data.getValue("City", row): null

2020-04-16 13:36:51 - [TEST_STEP][PASSED] - County = data.getValue("County", row): null

2020-04-16 13:36:51 - [TEST_STEP][PASSED] - Postcode = data.getValue("Postcode", row): null

2020-04-16 13:36:51 - [TEST_STEP][PASSED] - Phone = data.getValue("Phone", row): null

2020-04-16 13:36:51 - [TEST_STEP][PASSED] - Status = data.getValue("Status", row): null

2020-04-16 13:36:51 - [TEST_STEP][PASSED] - Type = data.getValue("Type", row): null

2020-04-16 13:36:51 - [TEST_STEP][PASSED] - Consumer_ID = data.getValue("Consumer_ID", row): null

2020-04-16 13:36:51 - [TEST_STEP][PASSED] - "--------------------------------": null

2020-04-16 13:36:51 - [TEST_STEP][PASSED] - "Read data from spreadsheet      |": null

2020-04-16 13:36:51 - [TEST_STEP][PASSED] - "--------------------------------": null

2020-04-16 13:36:51 - [TEST_STEP][PASSED] - "--------------------------------": null

2020-04-16 13:36:51 - [TEST_STEP][PASSED] - " Synchronisation                |": null

2020-04-16 13:36:51 - [TEST_STEP][PASSED] - waitForPageLoad(60): Wait for page load successfully

2020-04-16 13:36:51 - [MESSAGE][PASSED] - Wait for page load successfully

2020-04-16 13:36:51 - [TEST_STEP][PASSED] - waitForElementVisible(findTestObject("Object Repository/WebOffice/Consumers/Page_/input_Forename_ctl00CP1ctlSearchtbForenames"), 60): Object 'Object Repository/WebOffice/Consumers/Page_/input_Forename_ctl00CP1ctlSearchtbForenames' is visible

2020-04-16 13:36:52 - [MESSAGE][PASSED] - Object 'Object Repository/WebOffice/Consumers/Page_/input_Forename_ctl00CP1ctlSearchtbForenames' is visible

2020-04-16 13:36:52 - [TEST_STEP][PASSED] - click(findTestObject("Object Repository/WebOffice/Consumers/Page_/input_Forename_ctl00CP1ctlSearchtbForenames")): Object: 'Object Repository/WebOffice/Consumers/Page_/input_Forename_ctl00CP1ctlSearchtbForenames' is clicked on

2020-04-16 13:36:52 - [MESSAGE][PASSED] - Object: 'Object Repository/WebOffice/Consumers/Page_/input_Forename_ctl00CP1ctlSearchtbForenames' is clicked on

2020-04-16 13:36:52 - [TEST_STEP][PASSED] - "-------------------------------------------------------------------------------------------------------------------------------------": null

2020-04-16 13:36:52 - [TEST_STEP][PASSED] - setText(findTestObject("Object Repository/WebOffice/Consumers/Page_/input_Forename_ctl00CP1ctlSearchtbForenames"), Forename): Text 'Gordon' is set on object 'Object Repository/WebOffice/Consumers/Page_/input_Forename_ctl00CP1ctlSearchtbForenames'

2020-04-16 13:36:52 - [MESSAGE][PASSED] - Text 'Gordon' is set on object 'Object Repository/WebOffice/Consumers/Page_/input_Forename_ctl00CP1ctlSearchtbForenames'

2020-04-16 13:36:52 - [TEST_STEP][PASSED] - "-------------------------------------------------------------------------------------------------------------------------------------": null

2020-04-16 13:36:52 - [TEST_STEP][PASSED] - setText(findTestObject("Object Repository/WebOffice/Consumers/Page_/input_Surname_ctl00CP1ctlSearchtbSurname"), Surname): Text '' is set on object 'Object Repository/WebOffice/Consumers/Page_/input_Surname_ctl00CP1ctlSearchtbSurname'

2020-04-16 13:36:53 - [MESSAGE][PASSED] - Text '' is set on object 'Object Repository/WebOffice/Consumers/Page_/input_Surname_ctl00CP1ctlSearchtbSurname'

2020-04-16 13:36:53 - [TEST_STEP][PASSED] - "-------------------------------------------------------------------------------------------------------------------------------------": null

2020-04-16 13:36:53 - [TEST_STEP][PASSED] - setText(findTestObject("Object Repository/WebOffice/Consumers/Page_/input_Mobile_ctl00CP1ctlSearchtbMobile"), Mobile): Text '' is set on object 'Object Repository/WebOffice/Consumers/Page_/input_Mobile_ctl00CP1ctlSearchtbMobile'

2020-04-16 13:36:53 - [MESSAGE][PASSED] - Text '' is set on object 'Object Repository/WebOffice/Consumers/Page_/input_Mobile_ctl00CP1ctlSearchtbMobile'

2020-04-16 13:36:53 - [TEST_STEP][PASSED] - "-------------------------------------------------------------------------------------------------------------------------------------": null

2020-04-16 13:36:53 - [TEST_STEP][PASSED] - setText(findTestObject("Object Repository/WebOffice/Consumers/Page_/input_Email_ctl00CP1ctlSearchtbEmail"), Email): Text '' is set on object 'Object Repository/WebOffice/Consumers/Page_/input_Email_ctl00CP1ctlSearchtbEmail'

2020-04-16 13:36:53 - [MESSAGE][PASSED] - Text '' is set on object 'Object Repository/WebOffice/Consumers/Page_/input_Email_ctl00CP1ctlSearchtbEmail'

2020-04-16 13:36:53 - [TEST_STEP][PASSED] - "-------------------------------------------------------------------------------------------------------------------------------------": null

2020-04-16 13:36:53 - [TEST_STEP][PASSED] - setText(findTestObject("Object Repository/WebOffice/Consumers/Page_/input_House_ctl00CP1ctlSearchtbHouse"), House): Text '' is set on object 'Object Repository/WebOffice/Consumers/Page_/input_House_ctl00CP1ctlSearchtbHouse'

2020-04-16 13:36:53 - [MESSAGE][PASSED] - Text '' is set on object 'Object Repository/WebOffice/Consumers/Page_/input_House_ctl00CP1ctlSearchtbHouse'

2020-04-16 13:36:53 - [TEST_STEP][PASSED] - "-------------------------------------------------------------------------------------------------------------------------------------": null

2020-04-16 13:36:53 - [TEST_STEP][PASSED] - setText(findTestObject("Object Repository/WebOffice/Consumers/Page_/input_Street_ctl00CP1ctlSearchtbStreet"), Street): Text '2 Redwood Drive' is set on object 'Object Repository/WebOffice/Consumers/Page_/input_Street_ctl00CP1ctlSearchtbStreet'

2020-04-16 13:36:54 - [MESSAGE][PASSED] - Text '2 Redwood Drive' is set on object 'Object Repository/WebOffice/Consumers/Page_/input_Street_ctl00CP1ctlSearchtbStreet'

2020-04-16 13:36:54 - [TEST_STEP][PASSED] - "-------------------------------------------------------------------------------------------------------------------------------------": null

2020-04-16 13:36:54 - [TEST_STEP][PASSED] - setText(findTestObject("Object Repository/WebOffice/Consumers/Page_/input_Town_ctl00CP1ctlSearchtbTown"), Town): Text '' is set on object 'Object Repository/WebOffice/Consumers/Page_/input_Town_ctl00CP1ctlSearchtbTown'

2020-04-16 13:36:54 - [MESSAGE][PASSED] - Text '' is set on object 'Object Repository/WebOffice/Consumers/Page_/input_Town_ctl00CP1ctlSearchtbTown'

2020-04-16 13:36:54 - [TEST_STEP][PASSED] - "-------------------------------------------------------------------------------------------------------------------------------------": null

2020-04-16 13:36:54 - [TEST_STEP][PASSED] - setText(findTestObject("Object Repository/WebOffice/Consumers/Page_/input_City_ctl00CP1ctlSearchtbCity"), City): Text 'Haywards Heath' is set on object 'Object Repository/WebOffice/Consumers/Page_/input_City_ctl00CP1ctlSearchtbCity'

2020-04-16 13:36:54 - [MESSAGE][PASSED] - Text 'Haywards Heath' is set on object 'Object Repository/WebOffice/Consumers/Page_/input_City_ctl00CP1ctlSearchtbCity'

2020-04-16 13:36:54 - [TEST_STEP][PASSED] - "-------------------------------------------------------------------------------------------------------------------------------------": null

2020-04-16 13:36:54 - [TEST_STEP][PASSED] - setText(findTestObject("Object Repository/WebOffice/Consumers/Page_/input_County_ctl00CP1ctlSearchtbCounty"), County): Text '' is set on object 'Object Repository/WebOffice/Consumers/Page_/input_County_ctl00CP1ctlSearchtbCounty'

2020-04-16 13:36:55 - [MESSAGE][PASSED] - Text '' is set on object 'Object Repository/WebOffice/Consumers/Page_/input_County_ctl00CP1ctlSearchtbCounty'

2020-04-16 13:36:55 - [TEST_STEP][PASSED] - "-------------------------------------------------------------------------------------------------------------------------------------": null

2020-04-16 13:36:55 - [TEST_STEP][PASSED] - setText(findTestObject("Object Repository/WebOffice/Consumers/Page_/input_Postcode_ctl00CP1ctlSearchtbPostcode"), Postcode): Text '' is set on object 'Object Repository/WebOffice/Consumers/Page_/input_Postcode_ctl00CP1ctlSearchtbPostcode'

2020-04-16 13:36:55 - [MESSAGE][PASSED] - Text '' is set on object 'Object Repository/WebOffice/Consumers/Page_/input_Postcode_ctl00CP1ctlSearchtbPostcode'

2020-04-16 13:36:55 - [TEST_STEP][PASSED] - "-------------------------------------------------------------------------------------------------------------------------------------": null

2020-04-16 13:36:55 - [TEST_STEP][PASSED] - setText(findTestObject("Object Repository/WebOffice/Consumers/Page_/input_Phone_ctl00CP1ctlSearchtbTel"), Phone): Text '' is set on object 'Object Repository/WebOffice/Consumers/Page_/input_Phone_ctl00CP1ctlSearchtbTel'

2020-04-16 13:36:55 - [MESSAGE][PASSED] - Text '' is set on object 'Object Repository/WebOffice/Consumers/Page_/input_Phone_ctl00CP1ctlSearchtbTel'

2020-04-16 13:36:55 - [TEST_STEP][PASSED] - "-------------------------------------------------------------------------------------------------------------------------------------": null

2020-04-16 13:36:55 - [TEST_STEP][PASSED] - "Set Status": null

2020-04-16 13:36:55 - [TEST_STEP][PASSED] - "-------------------------------------------------------------------------------------------------------------------------------------": null

2020-04-16 13:36:55 - [TEST_STEP][PASSED] - "Status 3 Options": null

2020-04-16 13:36:55 - [TEST_STEP][PASSED] - "-------------------------------------------------------------------------------------------------------------------------------------": null

2020-04-16 13:36:55 - [TEST_STEP][PASSED] - "Set Type": null

2020-04-16 13:36:55 - [TEST_STEP][PASSED] - "-------------------------------------------------------------------------------------------------------------------------------------": null

2020-04-16 13:36:55 - [TEST_STEP][PASSED] - "Type 3 Options": null

2020-04-16 13:36:55 - [TEST_STEP][PASSED] - "-------------------------------------------------------------------------------------------------------------------------------------": null

2020-04-16 13:36:55 - [TEST_STEP][PASSED] - click(findTestObject("Object Repository/WebOffice/Consumers/Page_/input_Clear_ctl00CP1ctlSearchbtnSearch")): Object: 'Object Repository/WebOffice/Consumers/Page_/input_Clear_ctl00CP1ctlSearchbtnSearch' is clicked on

2020-04-16 13:36:55 - [MESSAGE][PASSED] - Object: 'Object Repository/WebOffice/Consumers/Page_/input_Clear_ctl00CP1ctlSearchbtnSearch' is clicked on

2020-04-16 13:36:55 - [MESSAGE][PASSED] - Call Test Case 'Test Cases/Reusable_Test_Sequences/Web_Office/Actions/Set_Consumer_Data' successfully

2020-04-16 13:36:55 - [TEST_STEP][PASSED] - "--------------------------------------": null

2020-04-16 13:36:55 - [TEST_STEP][PASSED] - " Select Returned Record to Verify     |": null

2020-04-16 13:36:55 - [TEST_STEP][PASSED] - callTestCase(findTestCase("Reusable_Test_Sequences/Web_Office/Actions/Select_Consumer"), [:], OPTIONAL): Call Test Case 'Test Cases/Reusable_Test_Sequences/Web_Office/Actions/Select_Consumer' successfully

2020-04-16 13:36:55 - [TEST_CASE][PASSED] - Test Cases/Reusable_Test_Sequences/Web_Office/Actions/Select_Consumer: Test Cases/Reusable_Test_Sequences/Web_Office/Actions/Select_Consumer

2020-04-16 13:36:55 - [TEST_STEP][PASSED] - "--------": null

2020-04-16 13:36:55 - [TEST_STEP][PASSED] - "Search  |": null

2020-04-16 13:36:55 - [TEST_STEP][PASSED] - waitForPageLoad(60): Wait for page load successfully

2020-04-16 13:36:55 - [MESSAGE][PASSED] - Wait for page load successfully

2020-04-16 13:36:55 - [TEST_STEP][PASSED] - waitForElementClickable(findTestObject("Object Repository/WO_Consumer/Page_/input_Clear_ctl00CP1ctlSearchbtnSearch"), 60): Object 'Object Repository/WO_Consumer/Page_/input_Clear_ctl00CP1ctlSearchbtnSearch' is clickable

2020-04-16 13:36:55 - [MESSAGE][PASSED] - Object 'Object Repository/WO_Consumer/Page_/input_Clear_ctl00CP1ctlSearchbtnSearch' is clickable

2020-04-16 13:36:55 - [TEST_STEP][PASSED] - click(findTestObject("Object Repository/WO_Consumer/Page_/input_Clear_ctl00CP1ctlSearchbtnSearch")): Object: 'Object Repository/WO_Consumer/Page_/input_Clear_ctl00CP1ctlSearchbtnSearch' is clicked on

2020-04-16 13:36:56 - [MESSAGE][PASSED] - Object: 'Object Repository/WO_Consumer/Page_/input_Clear_ctl00CP1ctlSearchbtnSearch' is clicked on

2020-04-16 13:36:56 - [TEST_STEP][PASSED] - delay(5): Delayed 5 second(s)

2020-04-16 13:37:01 - [MESSAGE][PASSED] - Delayed 5 second(s)

2020-04-16 13:37:01 - [TEST_STEP][PASSED] - "--------": null

2020-04-16 13:37:01 - [TEST_STEP][PASSED] - "Synch   |": null

2020-04-16 13:37:01 - [TEST_STEP][PASSED] - waitForPageLoad(120): Wait for page load successfully

2020-04-16 13:37:01 - [MESSAGE][PASSED] - Wait for page load successfully

2020-04-16 13:37:01 - [TEST_STEP][PASSED] - waitForElementClickable(findTestObject("Object Repository/WO_Consumer/Page_/a_Feedback"), 60): Object 'Object Repository/WO_Consumer/Page_/a_Feedback' is clickable

2020-04-16 13:37:07 - [MESSAGE][PASSED] - Object 'Object Repository/WO_Consumer/Page_/a_Feedback' is clickable

2020-04-16 13:37:07 - [TEST_STEP][PASSED] - "----------------------------------------": null

2020-04-16 13:37:07 - [TEST_STEP][PASSED] - "Initial Table View (Populated or Not    |": null

2020-04-16 13:37:07 - [TEST_STEP][PASSED] - "----------------------------------------": null

2020-04-16 13:37:07 - [TEST_STEP][PASSED] - "---------------------------------------------------": null

2020-04-16 13:37:07 - [TEST_STEP][PASSED] - "If Record Exists Then rocess, Otherwise Jump Over  |": null

2020-04-16 13:37:07 - [TEST_STEP][PASSED] - "---------------------------------------------------": null

2020-04-16 13:37:07 - [TEST_STEP][PASSED] - "----------------------------------------": null

2020-04-16 13:37:07 - [TEST_STEP][PASSED] - "Initial Table Return Checks": null

2020-04-16 13:37:07 - [TEST_STEP][PASSED] - "----------------------------------------": null

2020-04-16 13:37:07 - [TEST_STEP][PASSED] - "--------": null

2020-04-16 13:37:07 - [TEST_STEP][PASSED] - "Sort    |": null

2020-04-16 13:37:07 - [TEST_STEP][PASSED] - click(findTestObject("Object Repository/WO_Consumer/Page_/a_Feedback")): Object: 'Object Repository/WO_Consumer/Page_/a_Feedback' is clicked on

2020-04-16 13:37:12 - [MESSAGE][PASSED] - Object: 'Object Repository/WO_Consumer/Page_/a_Feedback' is clicked on

2020-04-16 13:37:12 - [TEST_STEP][PASSED] - delay(5): Delayed 5 second(s)

2020-04-16 13:37:17 - [MESSAGE][PASSED] - Delayed 5 second(s)

2020-04-16 13:37:17 - [TEST_STEP][PASSED] - "--------": null

2020-04-16 13:37:17 - [TEST_STEP][PASSED] - "Sort    |": null

2020-04-16 13:37:17 - [TEST_STEP][PASSED] - click(findTestObject("Object Repository/WO_Consumer/Page_/a_Feedback")): Object: 'Object Repository/WO_Consumer/Page_/a_Feedback' is clicked on

2020-04-16 13:37:21 - [MESSAGE][PASSED] - Object: 'Object Repository/WO_Consumer/Page_/a_Feedback' is clicked on

2020-04-16 13:37:22 - [TEST_STEP][PASSED] - delay(5): Delayed 5 second(s)

2020-04-16 13:37:27 - [MESSAGE][PASSED] - Delayed 5 second(s)

2020-04-16 13:37:27 - [TEST_STEP][PASSED] - "--------": null

2020-04-16 13:37:27 - [TEST_STEP][PASSED] - "Select  |": null

2020-04-16 13:37:27 - [TEST_STEP][PASSED] - waitForElementClickable(findTestObject("WO_Consumer/Page_/td_TopRow"), 60): Object 'Object Repository/WO_Consumer/Page_/td_TopRow' is clickable

2020-04-16 13:37:27 - [MESSAGE][PASSED] - Object 'Object Repository/WO_Consumer/Page_/td_TopRow' is clickable

2020-04-16 13:37:27 - [TEST_STEP][PASSED] - click(findTestObject("WO_Consumer/Page_/td_TopRow")): Object: 'Object Repository/WO_Consumer/Page_/td_TopRow' is clicked on

2020-04-16 13:37:28 - [MESSAGE][PASSED] - Object: 'Object Repository/WO_Consumer/Page_/td_TopRow' is clicked on

2020-04-16 13:37:28 - [TEST_STEP][PASSED] - delay(1): Delayed 1 second(s)

2020-04-16 13:37:29 - [MESSAGE][PASSED] - Delayed 1 second(s)

2020-04-16 13:37:29 - [MESSAGE][PASSED] - Call Test Case 'Test Cases/Reusable_Test_Sequences/Web_Office/Actions/Select_Consumer' successfully

2020-04-16 13:37:29 - [TEST_STEP][PASSED] - "--------------------------------------": null

2020-04-16 13:37:29 - [TEST_STEP][PASSED] - " Verify Returned Consumer Record      |": null

2020-04-16 13:37:29 - [TEST_STEP][PASSED] - callTestCase(findTestCase("Reusable_Test_Sequences/Web_Office/Verification/Consumer_Returned_Search_Record"), [:], OPTIONAL): Call Test Case 'Test Cases/Reusable_Test_Sequences/Web_Office/Verification/Consumer_Returned_Search_Record' successfully

2020-04-16 13:37:29 - [TEST_CASE][PASSED] - Test Cases/Reusable_Test_Sequences/Web_Office/Verification/Consumer_Returned_Search_Record: Test Cases/Reusable_Test_Sequences/Web_Office/Verification/Consumer_Returned_Search_Record

2020-04-16 13:37:29 - [TEST_STEP][PASSED] - "--------------------------------": null

2020-04-16 13:37:29 - [TEST_STEP][PASSED] - "Read data from spreadsheet      | r_ = Returned Data": null

2020-04-16 13:37:29 - [TEST_STEP][PASSED] - data = findTestData("Data Files/Consumer_Data (1)"): null

2020-04-16 13:37:29 - [TEST_STEP][PASSED] - Consumer_ID = data.getValue("Consumer_ID", row): null

2020-04-16 13:37:29 - [TEST_STEP][PASSED] - Title = data.getValue("r_Title", row): null

2020-04-16 13:37:29 - [TEST_STEP][PASSED] - Forenames = data.getValue("r_Forenames", row): null

2020-04-16 13:37:29 - [TEST_STEP][PASSED] - Surname = data.getValue("r_Surname", row): null

2020-04-16 13:37:29 - [TEST_STEP][PASSED] - Housename = data.getValue("r_Housename", row): null

2020-04-16 13:37:29 - [TEST_STEP][PASSED] - Number_Street = data.getValue("r_Number_and_Street", row): null

2020-04-16 13:37:29 - [TEST_STEP][PASSED] - City = data.getValue("r_City", row): null

2020-04-16 13:37:29 - [TEST_STEP][PASSED] - Town = data.getValue("r_Town", row): null

2020-04-16 13:37:29 - [TEST_STEP][PASSED] - County = data.getValue("r_County", row): null

2020-04-16 13:37:29 - [TEST_STEP][PASSED] - Postcode = data.getValue("r_Postcode", row): null

2020-04-16 13:37:29 - [TEST_STEP][PASSED] - Phone1 = data.getValue("r_Phone_1", row): null

2020-04-16 13:37:29 - [TEST_STEP][PASSED] - Phone2 = data.getValue("r_Phone_2", row): null

2020-04-16 13:37:29 - [TEST_STEP][PASSED] - Fax = data.getValue("r_Fax", row): null

2020-04-16 13:37:29 - [TEST_STEP][PASSED] - r_Full_Name = data.getValue("r_Full_Name", 1): null

2020-04-16 13:37:29 - [TEST_STEP][PASSED] - r_Full_Address = data.getValue("r_Full_Address", 1): null

2020-04-16 13:37:29 - [TEST_STEP][PASSED] - "--------------------------------": null

2020-04-16 13:37:29 - [TEST_STEP][PASSED] - "Read data from spreadsheet      |": null

2020-04-16 13:37:29 - [TEST_STEP][PASSED] - Actual_Page_Text = "": null

2020-04-16 13:37:29 - [TEST_STEP][PASSED] - Expected_Page_Text = "": null

2020-04-16 13:37:29 - [TEST_STEP][PASSED] - waitForPageLoad(60): Wait for page load successfully

2020-04-16 13:37:29 - [MESSAGE][PASSED] - Wait for page load successfully

2020-04-16 13:37:29 - [TEST_STEP][PASSED] - delay(1): Delayed 1 second(s)

2020-04-16 13:37:30 - [MESSAGE][PASSED] - Delayed 1 second(s)

2020-04-16 13:37:30 - [TEST_STEP][PASSED] - "HEADER DETAIL - iFrame": null

2020-04-16 13:37:30 - [TEST_STEP][PASSED] - "----------------": null

2020-04-16 13:37:30 - [TEST_STEP][PASSED] - "Full Name       |": null

2020-04-16 13:37:30 - [TEST_STEP][PASSED] - verifyElementPresent(findTestObject("Object Repository/WO_Consumer/Page_/Page_/a_Mr Gordon Brown"), 25): Object 'Object Repository/WO_Consumer/Page_/Page_/a_Mr Gordon Brown' is present

2020-04-16 13:37:30 - [MESSAGE][PASSED] - Object 'Object Repository/WO_Consumer/Page_/Page_/a_Mr Gordon Brown' is present

2020-04-16 13:37:30 - [TEST_STEP][PASSED] - "----------------": null

2020-04-16 13:37:30 - [TEST_STEP][PASSED] - "Full Address    |": null

2020-04-16 13:37:30 - [TEST_STEP][PASSED] - verifyElementPresent(findTestObject("Object Repository/WO_Consumer/Page_/Page_/div_Haywards Heath West Sussex RH16 4ER4477_d20822"), 25): Object 'Object Repository/WO_Consumer/Page_/Page_/div_Haywards Heath West Sussex RH16 4ER4477_d20822' is present

2020-04-16 13:37:30 - [MESSAGE][PASSED] - Object 'Object Repository/WO_Consumer/Page_/Page_/div_Haywards Heath West Sussex RH16 4ER4477_d20822' is present

2020-04-16 13:37:30 - [TEST_STEP][PASSED] - "BODY DETAIL - iFrame": null

2020-04-16 13:37:30 - [TEST_STEP][PASSED] - "----------------": null

2020-04-16 13:37:30 - [TEST_STEP][PASSED] - "EDIT Consumer   |": null

2020-04-16 13:37:30 - [TEST_STEP][PASSED] - verifyElementPresent(findTestObject("Object Repository/WO_Consumer/Page_/Page_/input_Title_ctledittbTitle"), 25): Object 'Object Repository/WO_Consumer/Page_/Page_/input_Title_ctledittbTitle' is present

2020-04-16 13:37:30 - [MESSAGE][PASSED] - Object 'Object Repository/WO_Consumer/Page_/Page_/input_Title_ctledittbTitle' is present

2020-04-16 13:37:30 - [TEST_STEP][PASSED] - "----------------": null

2020-04-16 13:37:30 - [TEST_STEP][PASSED] - "Address         |": null

2020-04-16 13:37:30 - [TEST_STEP][PASSED] - verifyElementPresent(findTestObject("Object Repository/WO_Consumer/Page_/Page_/span_Please ensure the Street  Road name is_e38a58"), 25): Object 'Object Repository/WO_Consumer/Page_/Page_/span_Please ensure the Street  Road name is_e38a58' is present

2020-04-16 13:37:31 - [MESSAGE][PASSED] - Object 'Object Repository/WO_Consumer/Page_/Page_/span_Please ensure the Street  Road name is_e38a58' is present

2020-04-16 13:37:31 - [MESSAGE][PASSED] - Call Test Case 'Test Cases/Reusable_Test_Sequences/Web_Office/Verification/Consumer_Returned_Search_Record' successfully

2020-04-16 13:37:31 - [TEST_STEP][PASSED] - "--------------------------": null

2020-04-16 13:37:31 - [TEST_STEP][PASSED] - " Teardown - CLose Browser |": null

2020-04-16 13:37:31 - [TEST_STEP][PASSED] - callTestCase(findTestCase("Reusable_Test_Sequences/CAT_Teardown"), [:], OPTIONAL): Call Test Case 'Test Cases/Reusable_Test_Sequences/CAT_Teardown' successfully

2020-04-16 13:37:31 - [TEST_CASE][PASSED] - Test Cases/Reusable_Test_Sequences/CAT_Teardown: Test Cases/Reusable_Test_Sequences/CAT_Teardown

2020-04-16 13:37:31 - [TEST_STEP][PASSED] - closeBrowser(): Browser is closed

2020-04-16 13:37:31 - [MESSAGE][PASSED] - Browser is closed

2020-04-16 13:37:31 - [TEST_STEP][PASSED] - super.finalize(): null

2020-04-16 13:37:31 - [TEST_STEP][PASSED] - System.gc(): null

2020-04-16 13:37:32 - [MESSAGE][PASSED] - Call Test Case 'Test Cases/Reusable_Test_Sequences/CAT_Teardown' successfully

2020-04-16 13:37:32 - [TEST_STEP][PASSED] - "--------------------------------------": null

2020-04-16 13:37:32 - [TEST_STEP][PASSED] - " Web Office StartUp                   |": null

2020-04-16 13:37:32 - [TEST_STEP][PASSED] - callTestCase(findTestCase("Reusable_Test_Sequences/Web_Office/Directives/WebOffice_StartUp"), [:], STOP_ON_FAILURE): Call Test Case 'Test Cases/Reusable_Test_Sequences/Web_Office/Directives/WebOffice_StartUp' successfully

2020-04-16 13:37:32 - [TEST_CASE][PASSED] - Test Cases/Reusable_Test_Sequences/Web_Office/Directives/WebOffice_StartUp: Test Cases/Reusable_Test_Sequences/Web_Office/Directives/WebOffice_StartUp

2020-04-16 13:37:32 - [TEST_STEP][PASSED] - "-----------------------------------------------------------------------------": null

2020-04-16 13:37:32 - [TEST_STEP][PASSED] - if (URL == "https://www.dev.checkatrade.com/"): null

2020-04-16 13:37:32 - [TEST_STEP][PASSED] - "-----------------------------------------------------------------------------": null

2020-04-16 13:37:32 - [TEST_STEP][PASSED] - if (URL == "https://www.checkatrade.com/"): null

2020-04-16 13:37:32 - [TEST_STEP][PASSED] - "-----------------------------------------------------------------------------": null

2020-04-16 13:37:32 - [TEST_STEP][PASSED] - if (URL == "https://www.preview.checkatrade.com/"): null

2020-04-16 13:37:32 - [TEST_STEP][PASSED] - WebOfficeURL = "https://admin.preview.checkatrade.com/": null

2020-04-16 13:37:32 - [TEST_STEP][PASSED] - if (URL == "https://www.dev2.checkatrade.com/"): null

2020-04-16 13:37:32 - [TEST_STEP][PASSED] - "Set Function Area for "URL_Handler", URL Resolution": null

2020-04-16 13:37:32 - [TEST_STEP][PASSED] - "Do Some Magic with URL(s) See the comments within URL Handler ": null

2020-04-16 13:37:32 - [TEST_STEP][PASSED] - "------------------------------------------------": null

2020-04-16 13:37:32 - [TEST_STEP][PASSED] - "Moved Login Credentials to <Default> profile 22/01/2020": null

2020-04-16 13:37:32 - [TEST_STEP][PASSED] - "------------------------------------------------": null

2020-04-16 13:37:32 - [TEST_STEP][PASSED] - "WebOfficeURL - Set from the ENVIRONMENT PROFILE ": null

2020-04-16 13:37:32 - [TEST_STEP][PASSED] - "OPEN BROWSER": null

2020-04-16 13:37:32 - [TEST_STEP][PASSED] - "eg - https://admin.preview.checkatrade.com/  ": null

2020-04-16 13:37:32 - [TEST_STEP][PASSED] - openBrowser(WebOfficeURL): Browser is opened with url: 'https://admin.preview.checkatrade.com/'

2020-04-16 13:37:32 - [MESSAGE][INFO] - Starting 'Chrome' driver

2020-04-16 13:37:32 - [MESSAGE][INFO] - Action delay is set to 0 milliseconds

2020-04-16 13:37:37 - [MESSAGE][PASSED] - Browser is opened with url: 'https://admin.preview.checkatrade.com/'

2020-04-16 13:37:37 - [TEST_STEP][PASSED] - maximizeWindow(): Current window maximized

2020-04-16 13:37:39 - [MESSAGE][PASSED] - Current window maximized

2020-04-16 13:37:39 - [TEST_STEP][PASSED] - waitForElementClickable(findTestObject("Object Repository/WebOffice/Page_Checkatrade - Administration - Login/Login_Button"), 25): Object 'Object Repository/WebOffice/Page_Checkatrade - Administration - Login/Login_Button' is clickable

2020-04-16 13:37:39 - [MESSAGE][PASSED] - Object 'Object Repository/WebOffice/Page_Checkatrade - Administration - Login/Login_Button' is clickable

2020-04-16 13:37:39 - [TEST_STEP][PASSED] - verifyTextPresent("Checkatrade Web Office", false): Text 'Checkatrade Web Office' is present on page 

2020-04-16 13:37:39 - [MESSAGE][PASSED] - Text 'Checkatrade Web Office' is present on page 

2020-04-16 13:37:39 - [TEST_STEP][PASSED] - verifyTextPresent("Access for staff use only", false): Text 'Access for staff use only' is present on page 

2020-04-16 13:37:39 - [MESSAGE][PASSED] - Text 'Access for staff use only' is present on page 

2020-04-16 13:37:39 - [TEST_STEP][PASSED] - verifyTextPresent("Forgotten password?", false): Text 'Forgotten password?' is present on page 

2020-04-16 13:37:39 - [MESSAGE][PASSED] - Text 'Forgotten password?' is present on page 

2020-04-16 13:37:39 - [TEST_STEP][PASSED] - setText(findTestObject("Object Repository/WebOffice/Page_Checkatrade - Administration - Login/input_Username_LoginControlUserName"), wo_Username): Text 'DavidHo' is set on object 'Object Repository/WebOffice/Page_Checkatrade - Administration - Login/input_Username_LoginControlUserName'

2020-04-16 13:37:40 - [MESSAGE][PASSED] - Text 'DavidHo' is set on object 'Object Repository/WebOffice/Page_Checkatrade - Administration - Login/input_Username_LoginControlUserName'

2020-04-16 13:37:40 - [TEST_STEP][PASSED] - setText(findTestObject("Object Repository/WebOffice/Page_Checkatrade - Administration - Login/input_Password_LoginControlPassword"), wo_Password): Text 'Check123' is set on object 'Object Repository/WebOffice/Page_Checkatrade - Administration - Login/input_Password_LoginControlPassword'

2020-04-16 13:37:40 - [MESSAGE][PASSED] - Text 'Check123' is set on object 'Object Repository/WebOffice/Page_Checkatrade - Administration - Login/input_Password_LoginControlPassword'

2020-04-16 13:37:40 - [TEST_STEP][PASSED] - click(findTestObject("Object Repository/WebOffice/Page_Checkatrade - Administration - Login/Login_Button")): Object: 'Object Repository/WebOffice/Page_Checkatrade - Administration - Login/Login_Button' is clicked on

2020-04-16 13:37:42 - [MESSAGE][PASSED] - Object: 'Object Repository/WebOffice/Page_Checkatrade - Administration - Login/Login_Button' is clicked on

2020-04-16 13:37:42 - [TEST_STEP][PASSED] - waitForPageLoad(60): Wait for page load successfully

2020-04-16 13:37:42 - [MESSAGE][PASSED] - Wait for page load successfully

2020-04-16 13:37:42 - [TEST_STEP][PASSED] - verifyTextPresent("Welcome " + wo_Username, false): Text 'Welcome DavidHo' is present on page 

2020-04-16 13:37:43 - [MESSAGE][PASSED] - Text 'Welcome DavidHo' is present on page 

2020-04-16 13:37:43 - [MESSAGE][PASSED] - Call Test Case 'Test Cases/Reusable_Test_Sequences/Web_Office/Directives/WebOffice_StartUp' successfully

2020-04-16 13:37:43 - [TEST_STEP][PASSED] - "--------------------------------------": null

2020-04-16 13:37:43 - [TEST_STEP][PASSED] - " Navigate to <Consumer> Menu Item     |": null

2020-04-16 13:37:43 - [TEST_STEP][PASSED] - callTestCase(findTestCase("Reusable_Test_Sequences/Web_Office/navigation/Navigate_Consumers"), [:], STOP_ON_FAILURE): Call Test Case 'Test Cases/Reusable_Test_Sequences/Web_Office/navigation/Navigate_Consumers' successfully

2020-04-16 13:37:43 - [TEST_CASE][PASSED] - Test Cases/Reusable_Test_Sequences/Web_Office/navigation/Navigate_Consumers: Test Cases/Reusable_Test_Sequences/Web_Office/navigation/Navigate_Consumers

2020-04-16 13:37:43 - [TEST_STEP][PASSED] - "--------------------------------------": null

2020-04-16 13:37:43 - [TEST_STEP][PASSED] - " Navigate Top level menu Item         |": null

2020-04-16 13:37:43 - [TEST_STEP][PASSED] - waitForPageLoad(60): Wait for page load successfully

2020-04-16 13:37:43 - [MESSAGE][PASSED] - Wait for page load successfully

2020-04-16 13:37:43 - [TEST_STEP][PASSED] - waitForElementClickable(findTestObject("Object Repository/WebOffice_Home_page/a_Consumers"), 60): Object 'Object Repository/WebOffice_Home_page/a_Consumers' is clickable

2020-04-16 13:37:43 - [MESSAGE][PASSED] - Object 'Object Repository/WebOffice_Home_page/a_Consumers' is clickable

2020-04-16 13:37:43 - [TEST_STEP][PASSED] - click(findTestObject("Object Repository/WebOffice_Home_page/a_Consumers")): Object: 'Object Repository/WebOffice_Home_page/a_Consumers' is clicked on

2020-04-16 13:37:44 - [MESSAGE][PASSED] - Object: 'Object Repository/WebOffice_Home_page/a_Consumers' is clicked on

2020-04-16 13:37:44 - [MESSAGE][PASSED] - Call Test Case 'Test Cases/Reusable_Test_Sequences/Web_Office/navigation/Navigate_Consumers' successfully

2020-04-16 13:37:44 - [TEST_STEP][PASSED] - "--------------------------------------": null

2020-04-16 13:37:44 - [TEST_STEP][PASSED] - " LH Pane  - Apply Search Criteria     |": null

2020-04-16 13:37:44 - [TEST_STEP][PASSED] - callTestCase(findTestCase("Reusable_Test_Sequences/Web_Office/Actions/Set_Consumer_Data"), [:], STOP_ON_FAILURE): Call Test Case 'Test Cases/Reusable_Test_Sequences/Web_Office/Actions/Set_Consumer_Data' successfully

2020-04-16 13:37:44 - [TEST_CASE][PASSED] - Test Cases/Reusable_Test_Sequences/Web_Office/Actions/Set_Consumer_Data: Test Cases/Reusable_Test_Sequences/Web_Office/Actions/Set_Consumer_Data

2020-04-16 13:37:44 - [TEST_STEP][PASSED] - "--------------------------------": null

2020-04-16 13:37:44 - [TEST_STEP][PASSED] - "Read data from spreadsheet      |": null

2020-04-16 13:37:44 - [TEST_STEP][PASSED] - data = findTestData("Data Files/Consumer_Data (1)"): null

2020-04-16 13:37:44 - [TEST_STEP][PASSED] - Forename = data.getValue("Forename", row): null

2020-04-16 13:37:44 - [TEST_STEP][PASSED] - Surname = data.getValue("Surname", row): null

2020-04-16 13:37:44 - [TEST_STEP][PASSED] - Mobile = data.getValue("Mobile", row): null

2020-04-16 13:37:44 - [TEST_STEP][PASSED] - Email = data.getValue("Email", row): null

2020-04-16 13:37:44 - [TEST_STEP][PASSED] - House = data.getValue("House", row): null

2020-04-16 13:37:44 - [TEST_STEP][PASSED] - Street = data.getValue("Street", row): null

2020-04-16 13:37:44 - [TEST_STEP][PASSED] - Town = data.getValue("Town", row): null

2020-04-16 13:37:44 - [TEST_STEP][PASSED] - City = data.getValue("City", row): null

2020-04-16 13:37:44 - [TEST_STEP][PASSED] - County = data.getValue("County", row): null

2020-04-16 13:37:44 - [TEST_STEP][PASSED] - Postcode = data.getValue("Postcode", row): null

2020-04-16 13:37:44 - [TEST_STEP][PASSED] - Phone = data.getValue("Phone", row): null

2020-04-16 13:37:44 - [TEST_STEP][PASSED] - Status = data.getValue("Status", row): null

2020-04-16 13:37:44 - [TEST_STEP][PASSED] - Type = data.getValue("Type", row): null

2020-04-16 13:37:44 - [TEST_STEP][PASSED] - Consumer_ID = data.getValue("Consumer_ID", row): null

2020-04-16 13:37:44 - [TEST_STEP][PASSED] - "--------------------------------": null

2020-04-16 13:37:44 - [TEST_STEP][PASSED] - "Read data from spreadsheet      |": null

2020-04-16 13:37:44 - [TEST_STEP][PASSED] - "--------------------------------": null

2020-04-16 13:37:44 - [TEST_STEP][PASSED] - "--------------------------------": null

2020-04-16 13:37:44 - [TEST_STEP][PASSED] - " Synchronisation                |": null

2020-04-16 13:37:44 - [TEST_STEP][PASSED] - waitForPageLoad(60): Wait for page load successfully

2020-04-16 13:37:44 - [MESSAGE][PASSED] - Wait for page load successfully

2020-04-16 13:37:44 - [TEST_STEP][PASSED] - waitForElementVisible(findTestObject("Object Repository/WebOffice/Consumers/Page_/input_Forename_ctl00CP1ctlSearchtbForenames"), 60): Object 'Object Repository/WebOffice/Consumers/Page_/input_Forename_ctl00CP1ctlSearchtbForenames' is visible

2020-04-16 13:37:44 - [MESSAGE][PASSED] - Object 'Object Repository/WebOffice/Consumers/Page_/input_Forename_ctl00CP1ctlSearchtbForenames' is visible

2020-04-16 13:37:44 - [TEST_STEP][PASSED] - click(findTestObject("Object Repository/WebOffice/Consumers/Page_/input_Forename_ctl00CP1ctlSearchtbForenames")): Object: 'Object Repository/WebOffice/Consumers/Page_/input_Forename_ctl00CP1ctlSearchtbForenames' is clicked on

2020-04-16 13:37:44 - [MESSAGE][PASSED] - Object: 'Object Repository/WebOffice/Consumers/Page_/input_Forename_ctl00CP1ctlSearchtbForenames' is clicked on

2020-04-16 13:37:44 - [TEST_STEP][PASSED] - "-------------------------------------------------------------------------------------------------------------------------------------": null

2020-04-16 13:37:44 - [TEST_STEP][PASSED] - setText(findTestObject("Object Repository/WebOffice/Consumers/Page_/input_Forename_ctl00CP1ctlSearchtbForenames"), Forename): Text '' is set on object 'Object Repository/WebOffice/Consumers/Page_/input_Forename_ctl00CP1ctlSearchtbForenames'

2020-04-16 13:37:44 - [MESSAGE][PASSED] - Text '' is set on object 'Object Repository/WebOffice/Consumers/Page_/input_Forename_ctl00CP1ctlSearchtbForenames'

2020-04-16 13:37:44 - [TEST_STEP][PASSED] - "-------------------------------------------------------------------------------------------------------------------------------------": null

2020-04-16 13:37:44 - [TEST_STEP][PASSED] - setText(findTestObject("Object Repository/WebOffice/Consumers/Page_/input_Surname_ctl00CP1ctlSearchtbSurname"), Surname): Text 'Brown' is set on object 'Object Repository/WebOffice/Consumers/Page_/input_Surname_ctl00CP1ctlSearchtbSurname'

2020-04-16 13:37:45 - [MESSAGE][PASSED] - Text 'Brown' is set on object 'Object Repository/WebOffice/Consumers/Page_/input_Surname_ctl00CP1ctlSearchtbSurname'

2020-04-16 13:37:45 - [TEST_STEP][PASSED] - "-------------------------------------------------------------------------------------------------------------------------------------": null

2020-04-16 13:37:45 - [TEST_STEP][PASSED] - setText(findTestObject("Object Repository/WebOffice/Consumers/Page_/input_Mobile_ctl00CP1ctlSearchtbMobile"), Mobile): Text '' is set on object 'Object Repository/WebOffice/Consumers/Page_/input_Mobile_ctl00CP1ctlSearchtbMobile'

2020-04-16 13:37:45 - [MESSAGE][PASSED] - Text '' is set on object 'Object Repository/WebOffice/Consumers/Page_/input_Mobile_ctl00CP1ctlSearchtbMobile'

2020-04-16 13:37:45 - [TEST_STEP][PASSED] - "-------------------------------------------------------------------------------------------------------------------------------------": null

2020-04-16 13:37:45 - [TEST_STEP][PASSED] - setText(findTestObject("Object Repository/WebOffice/Consumers/Page_/input_Email_ctl00CP1ctlSearchtbEmail"), Email): Text '' is set on object 'Object Repository/WebOffice/Consumers/Page_/input_Email_ctl00CP1ctlSearchtbEmail'

2020-04-16 13:37:45 - [MESSAGE][PASSED] - Text '' is set on object 'Object Repository/WebOffice/Consumers/Page_/input_Email_ctl00CP1ctlSearchtbEmail'

2020-04-16 13:37:45 - [TEST_STEP][PASSED] - "-------------------------------------------------------------------------------------------------------------------------------------": null

2020-04-16 13:37:45 - [TEST_STEP][PASSED] - setText(findTestObject("Object Repository/WebOffice/Consumers/Page_/input_House_ctl00CP1ctlSearchtbHouse"), House): Text '' is set on object 'Object Repository/WebOffice/Consumers/Page_/input_House_ctl00CP1ctlSearchtbHouse'

2020-04-16 13:37:46 - [MESSAGE][PASSED] - Text '' is set on object 'Object Repository/WebOffice/Consumers/Page_/input_House_ctl00CP1ctlSearchtbHouse'

2020-04-16 13:37:46 - [TEST_STEP][PASSED] - "-------------------------------------------------------------------------------------------------------------------------------------": null

2020-04-16 13:37:46 - [TEST_STEP][PASSED] - setText(findTestObject("Object Repository/WebOffice/Consumers/Page_/input_Street_ctl00CP1ctlSearchtbStreet"), Street): Text '2 Redwood Drive' is set on object 'Object Repository/WebOffice/Consumers/Page_/input_Street_ctl00CP1ctlSearchtbStreet'

2020-04-16 13:37:46 - [MESSAGE][PASSED] - Text '2 Redwood Drive' is set on object 'Object Repository/WebOffice/Consumers/Page_/input_Street_ctl00CP1ctlSearchtbStreet'

2020-04-16 13:37:46 - [TEST_STEP][PASSED] - "-------------------------------------------------------------------------------------------------------------------------------------": null

2020-04-16 13:37:46 - [TEST_STEP][PASSED] - setText(findTestObject("Object Repository/WebOffice/Consumers/Page_/input_Town_ctl00CP1ctlSearchtbTown"), Town): Text '' is set on object 'Object Repository/WebOffice/Consumers/Page_/input_Town_ctl00CP1ctlSearchtbTown'

2020-04-16 13:37:46 - [MESSAGE][PASSED] - Text '' is set on object 'Object Repository/WebOffice/Consumers/Page_/input_Town_ctl00CP1ctlSearchtbTown'

2020-04-16 13:37:46 - [TEST_STEP][PASSED] - "-------------------------------------------------------------------------------------------------------------------------------------": null

2020-04-16 13:37:46 - [TEST_STEP][PASSED] - setText(findTestObject("Object Repository/WebOffice/Consumers/Page_/input_City_ctl00CP1ctlSearchtbCity"), City): Text '' is set on object 'Object Repository/WebOffice/Consumers/Page_/input_City_ctl00CP1ctlSearchtbCity'

2020-04-16 13:37:47 - [MESSAGE][PASSED] - Text '' is set on object 'Object Repository/WebOffice/Consumers/Page_/input_City_ctl00CP1ctlSearchtbCity'

2020-04-16 13:37:47 - [TEST_STEP][PASSED] - "-------------------------------------------------------------------------------------------------------------------------------------": null

2020-04-16 13:37:47 - [TEST_STEP][PASSED] - setText(findTestObject("Object Repository/WebOffice/Consumers/Page_/input_County_ctl00CP1ctlSearchtbCounty"), County): Text 'West Sussex' is set on object 'Object Repository/WebOffice/Consumers/Page_/input_County_ctl00CP1ctlSearchtbCounty'

2020-04-16 13:37:47 - [MESSAGE][PASSED] - Text 'West Sussex' is set on object 'Object Repository/WebOffice/Consumers/Page_/input_County_ctl00CP1ctlSearchtbCounty'

2020-04-16 13:37:47 - [TEST_STEP][PASSED] - "-------------------------------------------------------------------------------------------------------------------------------------": null

2020-04-16 13:37:47 - [TEST_STEP][PASSED] - setText(findTestObject("Object Repository/WebOffice/Consumers/Page_/input_Postcode_ctl00CP1ctlSearchtbPostcode"), Postcode): Text '' is set on object 'Object Repository/WebOffice/Consumers/Page_/input_Postcode_ctl00CP1ctlSearchtbPostcode'

2020-04-16 13:37:47 - [MESSAGE][PASSED] - Text '' is set on object 'Object Repository/WebOffice/Consumers/Page_/input_Postcode_ctl00CP1ctlSearchtbPostcode'

2020-04-16 13:37:47 - [TEST_STEP][PASSED] - "-------------------------------------------------------------------------------------------------------------------------------------": null

2020-04-16 13:37:47 - [TEST_STEP][PASSED] - setText(findTestObject("Object Repository/WebOffice/Consumers/Page_/input_Phone_ctl00CP1ctlSearchtbTel"), Phone): Text '' is set on object 'Object Repository/WebOffice/Consumers/Page_/input_Phone_ctl00CP1ctlSearchtbTel'

2020-04-16 13:37:47 - [MESSAGE][PASSED] - Text '' is set on object 'Object Repository/WebOffice/Consumers/Page_/input_Phone_ctl00CP1ctlSearchtbTel'

2020-04-16 13:37:47 - [TEST_STEP][PASSED] - "-------------------------------------------------------------------------------------------------------------------------------------": null

2020-04-16 13:37:47 - [TEST_STEP][PASSED] - "Set Status": null

2020-04-16 13:37:47 - [TEST_STEP][PASSED] - "-------------------------------------------------------------------------------------------------------------------------------------": null

2020-04-16 13:37:47 - [TEST_STEP][PASSED] - "Status 3 Options": null

2020-04-16 13:37:47 - [TEST_STEP][PASSED] - "-------------------------------------------------------------------------------------------------------------------------------------": null

2020-04-16 13:37:47 - [TEST_STEP][PASSED] - "Set Type": null

2020-04-16 13:37:47 - [TEST_STEP][PASSED] - "-------------------------------------------------------------------------------------------------------------------------------------": null

2020-04-16 13:37:47 - [TEST_STEP][PASSED] - "Type 3 Options": null

2020-04-16 13:37:47 - [TEST_STEP][PASSED] - "-------------------------------------------------------------------------------------------------------------------------------------": null

2020-04-16 13:37:47 - [TEST_STEP][PASSED] - click(findTestObject("Object Repository/WebOffice/Consumers/Page_/input_Clear_ctl00CP1ctlSearchbtnSearch")): Object: 'Object Repository/WebOffice/Consumers/Page_/input_Clear_ctl00CP1ctlSearchbtnSearch' is clicked on

2020-04-16 13:37:48 - [MESSAGE][PASSED] - Object: 'Object Repository/WebOffice/Consumers/Page_/input_Clear_ctl00CP1ctlSearchbtnSearch' is clicked on

2020-04-16 13:37:48 - [MESSAGE][PASSED] - Call Test Case 'Test Cases/Reusable_Test_Sequences/Web_Office/Actions/Set_Consumer_Data' successfully

2020-04-16 13:37:48 - [TEST_STEP][PASSED] - "--------------------------------------": null

2020-04-16 13:37:48 - [TEST_STEP][PASSED] - " Select Returned Record to Verify     |": null

2020-04-16 13:37:48 - [TEST_STEP][PASSED] - callTestCase(findTestCase("Reusable_Test_Sequences/Web_Office/Actions/Select_Consumer"), [:], OPTIONAL): Unable to call Test Case 'Test Cases/Reusable_Test_Sequences/Web_Office/Actions/Select_Consumer' (Root cause: com.kms.katalon.core.exception.StepFailedException: Call Test Case 'Test Cases/Reusable_Test_Sequences/Web_Office/Actions/Select_Consumer' failed
	at com.kms.katalon.core.keyword.builtin.CallTestCaseKeyword$_callTestCase_closure1.doCall(CallTestCaseKeyword.groovy:63)
	at com.kms.katalon.core.keyword.builtin.CallTestCaseKeyword$_callTestCase_closure1.call(CallTestCaseKeyword.groovy)
	at com.kms.katalon.core.keyword.internal.KeywordMain.runKeyword(KeywordMain.groovy:68)
	at com.kms.katalon.core.keyword.builtin.CallTestCaseKeyword.callTestCase(CallTestCaseKeyword.groovy:81)
	at com.kms.katalon.core.keyword.builtin.CallTestCaseKeyword.execute(CallTestCaseKeyword.groovy:44)
	at com.kms.katalon.core.keyword.internal.KeywordExecutor.executeKeywordForPlatform(KeywordExecutor.groovy:72)
	at com.kms.katalon.core.keyword.BuiltinKeywords.callTestCase(BuiltinKeywords.groovy:334)
	at WebOffice_Consumer_Search.run(WebOffice_Consumer_Search:72)
	at com.kms.katalon.core.main.ScriptEngine.run(ScriptEngine.java:194)
	at com.kms.katalon.core.main.ScriptEngine.runScriptAsRawText(ScriptEngine.java:119)
	at com.kms.katalon.core.main.TestCaseExecutor.runScript(TestCaseExecutor.java:337)
	at com.kms.katalon.core.main.TestCaseExecutor.doExecute(TestCaseExecutor.java:328)
	at com.kms.katalon.core.main.TestCaseExecutor.processExecutionPhase(TestCaseExecutor.java:307)
	at com.kms.katalon.core.main.TestCaseExecutor.accessMainPhase(TestCaseExecutor.java:299)
	at com.kms.katalon.core.main.TestCaseExecutor.execute(TestCaseExecutor.java:233)
	at com.kms.katalon.core.main.TestSuiteExecutor.accessTestCaseMainPhase(TestSuiteExecutor.java:169)
	at com.kms.katalon.core.main.TestSuiteExecutor.accessTestSuiteMainPhase(TestSuiteExecutor.java:142)
	at com.kms.katalon.core.main.TestSuiteExecutor.execute(TestSuiteExecutor.java:91)
	at com.kms.katalon.core.main.TestCaseMain.startTestSuite(TestCaseMain.java:157)
	at com.kms.katalon.core.main.TestCaseMain$startTestSuite$0.call(Unknown Source)
	at TempTestSuite1587039002449.run(TempTestSuite1587039002449.groovy:36)
Caused by: com.kms.katalon.core.exception.StepFailedException: Unable to wait for object 'Object Repository/WO_Consumer/Page_/a_Feedback' to be clickable (Root cause: com.kms.katalon.core.exception.StepFailedException: Unable to wait for object 'Object Repository/WO_Consumer/Page_/a_Feedback' to be clickable
	at com.kms.katalon.core.webui.keyword.internal.WebUIKeywordMain.stepFailed(WebUIKeywordMain.groovy:64)
	at com.kms.katalon.core.webui.keyword.internal.WebUIKeywordMain.runKeyword(WebUIKeywordMain.groovy:26)
	at com.kms.katalon.core.webui.keyword.internal.WebUIKeywordMain$runKeyword.call(Unknown Source)
	at com.kms.katalon.core.webui.keyword.builtin.WaitForElementClickableKeyword.waitForElementClickable(WaitForElementClickableKeyword.groovy:107)
	at com.kms.katalon.core.webui.keyword.builtin.WaitForElementClickableKeyword.execute(WaitForElementClickableKeyword.groovy:68)
	at com.kms.katalon.core.keyword.internal.KeywordExecutor.executeKeywordForPlatform(KeywordExecutor.groovy:72)
	at com.kms.katalon.core.webui.keyword.WebUiBuiltInKeywords.waitForElementClickable(WebUiBuiltInKeywords.groovy:500)
	at com.kms.katalon.core.webui.keyword.WebUiBuiltInKeywords$waitForElementClickable$1.call(Unknown Source)
	at Select_Consumer.run(Select_Consumer:66)
	at com.kms.katalon.core.main.ScriptEngine.run(ScriptEngine.java:194)
	at com.kms.katalon.core.main.ScriptEngine.runScriptAsRawText(ScriptEngine.java:119)
	at com.kms.katalon.core.main.TestCaseExecutor.runScript(TestCaseExecutor.java:337)
	at com.kms.katalon.core.main.TestCaseExecutor.doExecute(TestCaseExecutor.java:328)
	at com.kms.katalon.core.main.TestCaseExecutor.processExecutionPhase(TestCaseExecutor.java:307)
	at com.kms.katalon.core.main.TestCaseExecutor.accessMainPhase(TestCaseExecutor.java:299)
	at com.kms.katalon.core.main.TestCaseExecutor.execute(TestCaseExecutor.java:233)
	at com.kms.katalon.core.main.TestCaseMain.runTestCase(TestCaseMain.java:114)
	at com.kms.katalon.core.keyword.builtin.CallTestCaseKeyword$_callTestCase_closure1.doCall(CallTestCaseKeyword.groovy:59)
	at com.kms.katalon.core.keyword.builtin.CallTestCaseKeyword$_callTestCase_closure1.call(CallTestCaseKeyword.groovy)
	at com.kms.katalon.core.keyword.internal.KeywordMain.runKeyword(KeywordMain.groovy:68)
	at com.kms.katalon.core.keyword.builtin.CallTestCaseKeyword.callTestCase(CallTestCaseKeyword.groovy:81)
	at com.kms.katalon.core.keyword.builtin.CallTestCaseKeyword.execute(CallTestCaseKeyword.groovy:44)
	at com.kms.katalon.core.keyword.internal.KeywordExecutor.executeKeywordForPlatform(KeywordExecutor.groovy:72)
	at com.kms.katalon.core.keyword.BuiltinKeywords.callTestCase(BuiltinKeywords.groovy:334)
	at WebOffice_Consumer_Search.run(WebOffice_Consumer_Search:72)
	at com.kms.katalon.core.main.ScriptEngine.run(ScriptEngine.java:194)
	at com.kms.katalon.core.main.ScriptEngine.runScriptAsRawText(ScriptEngine.java:119)
	at com.kms.katalon.core.main.TestCaseExecutor.runScript(TestCaseExecutor.java:337)
	at com.kms.katalon.core.main.TestCaseExecutor.doExecute(TestCaseExecutor.java:328)
	at com.kms.katalon.core.main.TestCaseExecutor.processExecutionPhase(TestCaseExecutor.java:307)
	at com.kms.katalon.core.main.TestCaseExecutor.accessMainPhase(TestCaseExecutor.java:299)
	at com.kms.katalon.core.main.TestCaseExecutor.execute(TestCaseExecutor.java:233)
	at com.kms.katalon.core.main.TestSuiteExecutor.accessTestCaseMainPhase(TestSuiteExecutor.java:169)
	at com.kms.katalon.core.main.TestSuiteExecutor.accessTestSuiteMainPhase(TestSuiteExecutor.java:142)
	at com.kms.katalon.core.main.TestSuiteExecutor.execute(TestSuiteExecutor.java:91)
	at com.kms.katalon.core.main.TestCaseMain.startTestSuite(TestCaseMain.java:157)
	at com.kms.katalon.core.main.TestCaseMain$startTestSuite$0.call(Unknown Source)
	at TempTestSuite1587039002449.run(TempTestSuite1587039002449.groovy:36)
Caused by: org.openqa.selenium.NoSuchWindowException: no such window
  (Session info: chrome=81.0.4044.92)
Build info: version: '3.141.59', revision: 'e82be7d358', time: '2018-11-14T08:25:53'
System info: host: 'VETTEDSP36RF', ip: '192.168.1.238', os.name: 'Windows 10', os.arch: 'x86', os.version: '10.0', java.version: '1.8.0_181'
Driver info: com.kms.katalon.selenium.driver.CChromeDriver
Capabilities {acceptInsecureCerts: false, browserName: chrome, browserVersion: 81.0.4044.92, chrome: {chromedriverVersion: 81.0.4044.69 (6813546031a4b..., userDataDir: C:\Users\davidho\AppData\Lo...}, goog:chromeOptions: {debuggerAddress: localhost:57622}, javascriptEnabled: true, networkConnectionEnabled: false, pageLoadStrategy: normal, platform: WINDOWS, platformName: WINDOWS, proxy: Proxy(), setWindowRect: true, strictFileInteractability: false, timeouts: {implicit: 0, pageLoad: 300000, script: 30000}, unhandledPromptBehavior: dismiss and notify, webauthn:virtualAuthenticators: true}
Session ID: 82a819c1544a4ed45bb115c5d41ab825
*** Element info: {Using=xpath, value=//table[@id='gvResults']/tbody/tr/th[5]/a}
	at org.openqa.selenium.remote.http.W3CHttpResponseCodec.createException(W3CHttpResponseCodec.java:187)
	at org.openqa.selenium.remote.http.W3CHttpResponseCodec.decode(W3CHttpResponseCodec.java:122)
	at org.openqa.selenium.remote.http.W3CHttpResponseCodec.decode(W3CHttpResponseCodec.java:49)
	at org.openqa.selenium.remote.HttpCommandExecutor.execute(HttpCommandExecutor.java:158)
	at org.openqa.selenium.remote.service.DriverCommandExecutor.execute(DriverCommandExecutor.java:83)
	at org.openqa.selenium.remote.RemoteWebDriver.execute(RemoteWebDriver.java:552)
	at com.kms.katalon.selenium.driver.CChromeDriver.execute(CChromeDriver.java:19)
	at org.openqa.selenium.remote.RemoteWebDriver.findElements(RemoteWebDriver.java:353)
	at org.openqa.selenium.remote.RemoteWebDriver.findElementsByXPath(RemoteWebDriver.java:432)
	at org.openqa.selenium.By$ByXPath.findElements(By.java:348)
	at org.openqa.selenium.remote.RemoteWebDriver.findElements(RemoteWebDriver.java:311)
	at org.openqa.selenium.support.events.EventFiringWebDriver.lambda$new$1(EventFiringWebDriver.java:105)
	at com.sun.proxy.$Proxy8.findElements(Unknown Source)
	at org.openqa.selenium.support.events.EventFiringWebDriver.findElements(EventFiringWebDriver.java:182)
	at com.kms.katalon.core.webui.common.WebUiCommonHelper.findWebElements(WebUiCommonHelper.java:789)
	at com.kms.katalon.core.webui.common.WebUiCommonHelper.findWebElement(WebUiCommonHelper.java:1150)
	at com.kms.katalon.core.webui.keyword.internal.WebUIAbstractKeyword.findWebElement(WebUIAbstractKeyword.groovy:27)
	at com.kms.katalon.core.webui.keyword.internal.WebUIAbstractKeyword$findWebElement.call(Unknown Source)
	at com.kms.katalon.core.webui.keyword.builtin.WaitForElementClickableKeyword$_waitForElementClickable_closure1.doCall(WaitForElementClickableKeyword.groovy:79)
	at com.kms.katalon.core.webui.keyword.builtin.WaitForElementClickableKeyword$_waitForElementClickable_closure1.doCall(WaitForElementClickableKeyword.groovy)
	at com.kms.katalon.core.webui.keyword.internal.WebUIKeywordMain.runKeyword(WebUIKeywordMain.groovy:20)
	at com.kms.katalon.core.webui.keyword.internal.WebUIKeywordMain$runKeyword.call(Unknown Source)
	at com.kms.katalon.core.webui.keyword.builtin.WaitForElementClickableKeyword.waitForElementClickable(WaitForElementClickableKeyword.groovy:107)
	at com.kms.katalon.core.webui.keyword.builtin.WaitForElementClickableKeyword.execute(WaitForElementClickableKeyword.groovy:68)
	at com.kms.katalon.core.keyword.internal.KeywordExecutor.executeKeywordForPlatform(KeywordExecutor.groovy:72)
	at com.kms.katalon.core.webui.keyword.WebUiBuiltInKeywords.waitForElementClickable(WebUiBuiltInKeywords.groovy:500)
	at com.kms.katalon.core.webui.keyword.WebUiBuiltInKeywords$waitForElementClickable$1.call(Unknown Source)
	at Script1575023634666.run(Script1575023634666.groovy:66)
	at com.kms.katalon.core.main.ScriptEngine.run(ScriptEngine.java:194)
	at com.kms.katalon.core.main.ScriptEngine.runScriptAsRawText(ScriptEngine.java:119)
	at com.kms.katalon.core.main.TestCaseExecutor.runScript(TestCaseExecutor.java:337)
	at com.kms.katalon.core.main.TestCaseExecutor.doExecute(TestCaseExecutor.java:328)
	at com.kms.katalon.core.main.TestCaseExecutor.processExecutionPhase(TestCaseExecutor.java:307)
	at com.kms.katalon.core.main.TestCaseExecutor.accessMainPhase(TestCaseExecutor.java:299)
	at com.kms.katalon.core.main.TestCaseExecutor.execute(TestCaseExecutor.java:233)
	at com.kms.katalon.core.main.TestCaseMain.runTestCase(TestCaseMain.java:114)
	at com.kms.katalon.core.keyword.builtin.CallTestCaseKeyword$_callTestCase_closure1.doCall(CallTestCaseKeyword.groovy:59)
	at com.kms.katalon.core.keyword.builtin.CallTestCaseKeyword$_callTestCase_closure1.call(CallTestCaseKeyword.groovy)
	at com.kms.katalon.core.keyword.internal.KeywordMain.runKeyword(KeywordMain.groovy:68)
	at com.kms.katalon.core.keyword.builtin.CallTestCaseKeyword.callTestCase(CallTestCaseKeyword.groovy:81)
	at com.kms.katalon.core.keyword.builtin.CallTestCaseKeyword.execute(CallTestCaseKeyword.groovy:44)
	at com.kms.katalon.core.keyword.internal.KeywordExecutor.executeKeywordForPlatform(KeywordExecutor.groovy:72)
	at com.kms.katalon.core.keyword.BuiltinKeywords.callTestCase(BuiltinKeywords.groovy:334)
	at Script1575020271586.run(Script1575020271586.groovy:72)
	... 13 more
)
	at com.kms.katalon.core.keyword.internal.KeywordMain.stepFailed(KeywordMain.groovy:39)
	at com.kms.katalon.core.webui.keyword.internal.WebUIKeywordMain.stepFailed(WebUIKeywordMain.groovy:64)
	at com.kms.katalon.core.webui.keyword.internal.WebUIKeywordMain.runKeyword(WebUIKeywordMain.groovy:26)
	at com.kms.katalon.core.webui.keyword.internal.WebUIKeywordMain$runKeyword.call(Unknown Source)
	at com.kms.katalon.core.webui.keyword.builtin.WaitForElementClickableKeyword.waitForElementClickable(WaitForElementClickableKeyword.groovy:107)
	at com.kms.katalon.core.webui.keyword.builtin.WaitForElementClickableKeyword.execute(WaitForElementClickableKeyword.groovy:68)
	at com.kms.katalon.core.keyword.internal.KeywordExecutor.executeKeywordForPlatform(KeywordExecutor.groovy:72)
	at com.kms.katalon.core.webui.keyword.WebUiBuiltInKeywords.waitForElementClickable(WebUiBuiltInKeywords.groovy:500)
	at com.kms.katalon.core.webui.keyword.WebUiBuiltInKeywords$waitForElementClickable$1.call(Unknown Source)
	at Select_Consumer.run(Select_Consumer:66)
	at com.kms.katalon.core.main.ScriptEngine.run(ScriptEngine.java:194)
	at com.kms.katalon.core.main.ScriptEngine.runScriptAsRawText(ScriptEngine.java:119)
	at com.kms.katalon.core.main.TestCaseExecutor.runScript(TestCaseExecutor.java:337)
	at com.kms.katalon.core.main.TestCaseExecutor.doExecute(TestCaseExecutor.java:328)
	at com.kms.katalon.core.main.TestCaseExecutor.processExecutionPhase(TestCaseExecutor.java:307)
	at com.kms.katalon.core.main.TestCaseExecutor.accessMainPhase(TestCaseExecutor.java:299)
	at com.kms.katalon.core.main.TestCaseExecutor.execute(TestCaseExecutor.java:233)
	at com.kms.katalon.core.main.TestCaseMain.runTestCase(TestCaseMain.java:114)
	at com.kms.katalon.core.keyword.builtin.CallTestCaseKeyword$_callTestCase_closure1.doCall(CallTestCaseKeyword.groovy:59)
	... 20 more
Caused by: com.kms.katalon.core.exception.StepFailedException: Unable to wait for object 'Object Repository/WO_Consumer/Page_/a_Feedback' to be clickable
	... 38 more
Caused by: org.openqa.selenium.NoSuchWindowException: no such window
  (Session info: chrome=81.0.4044.92)
Build info: version: '3.141.59', revision: 'e82be7d358', time: '2018-11-14T08:25:53'
System info: host: 'VETTEDSP36RF', ip: '192.168.1.238', os.name: 'Windows 10', os.arch: 'x86', os.version: '10.0', java.version: '1.8.0_181'
Driver info: com.kms.katalon.selenium.driver.CChromeDriver
Capabilities {acceptInsecureCerts: false, browserName: chrome, browserVersion: 81.0.4044.92, chrome: {chromedriverVersion: 81.0.4044.69 (6813546031a4b..., userDataDir: C:\Users\davidho\AppData\Lo...}, goog:chromeOptions: {debuggerAddress: localhost:57622}, javascriptEnabled: true, networkConnectionEnabled: false, pageLoadStrategy: normal, platform: WINDOWS, platformName: WINDOWS, proxy: Proxy(), setWindowRect: true, strictFileInteractability: false, timeouts: {implicit: 0, pageLoad: 300000, script: 30000}, unhandledPromptBehavior: dismiss and notify, webauthn:virtualAuthenticators: true}
Session ID: 82a819c1544a4ed45bb115c5d41ab825
*** Element info: {Using=xpath, value=//table[@id='gvResults']/tbody/tr/th[5]/a}
	at org.openqa.selenium.remote.http.W3CHttpResponseCodec.createException(W3CHttpResponseCodec.java:187)
	at org.openqa.selenium.remote.http.W3CHttpResponseCodec.decode(W3CHttpResponseCodec.java:122)
	at org.openqa.selenium.remote.http.W3CHttpResponseCodec.decode(W3CHttpResponseCodec.java:49)
	at org.openqa.selenium.remote.HttpCommandExecutor.execute(HttpCommandExecutor.java:158)
	at org.openqa.selenium.remote.service.DriverCommandExecutor.execute(DriverCommandExecutor.java:83)
	at org.openqa.selenium.remote.RemoteWebDriver.execute(RemoteWebDriver.java:552)
	at com.kms.katalon.selenium.driver.CChromeDriver.execute(CChromeDriver.java:19)
	at org.openqa.selenium.remote.RemoteWebDriver.findElements(RemoteWebDriver.java:353)
	at org.openqa.selenium.remote.RemoteWebDriver.findElementsByXPath(RemoteWebDriver.java:432)
	at org.openqa.selenium.By$ByXPath.findElements(By.java:348)
	at org.openqa.selenium.remote.RemoteWebDriver.findElements(RemoteWebDriver.java:311)
	at org.openqa.selenium.support.events.EventFiringWebDriver.lambda$new$1(EventFiringWebDriver.java:105)
	at com.sun.proxy.$Proxy8.findElements(Unknown Source)
	at org.openqa.selenium.support.events.EventFiringWebDriver.findElements(EventFiringWebDriver.java:182)
	at com.kms.katalon.core.webui.common.WebUiCommonHelper.findWebElements(WebUiCommonHelper.java:789)
	at com.kms.katalon.core.webui.common.WebUiCommonHelper.findWebElement(WebUiCommonHelper.java:1150)
	at com.kms.katalon.core.webui.keyword.internal.WebUIAbstractKeyword.findWebElement(WebUIAbstractKeyword.groovy:27)
	at com.kms.katalon.core.webui.keyword.internal.WebUIAbstractKeyword$findWebElement.call(Unknown Source)
	at com.kms.katalon.core.webui.keyword.builtin.WaitForElementClickableKeyword$_waitForElementClickable_closure1.doCall(WaitForElementClickableKeyword.groovy:79)
	at com.kms.katalon.core.webui.keyword.builtin.WaitForElementClickableKeyword$_waitForElementClickable_closure1.doCall(WaitForElementClickableKeyword.groovy)
	at com.kms.katalon.core.webui.keyword.internal.WebUIKeywordMain.runKeyword(WebUIKeywordMain.groovy:20)
	... 36 more
)

2020-04-16 13:37:48 - [TEST_CASE][FAILED] - Test Cases/Reusable_Test_Sequences/Web_Office/Actions/Select_Consumer: Test Cases/Reusable_Test_Sequences/Web_Office/Actions/Select_Consumer FAILED.
Reason:
com.kms.katalon.core.exception.StepFailedException: Unable to wait for object 'Object Repository/WO_Consumer/Page_/a_Feedback' to be clickable (Root cause: com.kms.katalon.core.exception.StepFailedException: Unable to wait for object 'Object Repository/WO_Consumer/Page_/a_Feedback' to be clickable
	at com.kms.katalon.core.webui.keyword.internal.WebUIKeywordMain.stepFailed(WebUIKeywordMain.groovy:64)
	at com.kms.katalon.core.webui.keyword.internal.WebUIKeywordMain.runKeyword(WebUIKeywordMain.groovy:26)
	at com.kms.katalon.core.webui.keyword.internal.WebUIKeywordMain$runKeyword.call(Unknown Source)
	at com.kms.katalon.core.webui.keyword.builtin.WaitForElementClickableKeyword.waitForElementClickable(WaitForElementClickableKeyword.groovy:107)
	at com.kms.katalon.core.webui.keyword.builtin.WaitForElementClickableKeyword.execute(WaitForElementClickableKeyword.groovy:68)
	at com.kms.katalon.core.keyword.internal.KeywordExecutor.executeKeywordForPlatform(KeywordExecutor.groovy:72)
	at com.kms.katalon.core.webui.keyword.WebUiBuiltInKeywords.waitForElementClickable(WebUiBuiltInKeywords.groovy:500)
	at com.kms.katalon.core.webui.keyword.WebUiBuiltInKeywords$waitForElementClickable$1.call(Unknown Source)
	at Select_Consumer.run(Select_Consumer:66)
	at com.kms.katalon.core.main.ScriptEngine.run(ScriptEngine.java:194)
	at com.kms.katalon.core.main.ScriptEngine.runScriptAsRawText(ScriptEngine.java:119)
	at com.kms.katalon.core.main.TestCaseExecutor.runScript(TestCaseExecutor.java:337)
	at com.kms.katalon.core.main.TestCaseExecutor.doExecute(TestCaseExecutor.java:328)
	at com.kms.katalon.core.main.TestCaseExecutor.processExecutionPhase(TestCaseExecutor.java:307)
	at com.kms.katalon.core.main.TestCaseExecutor.accessMainPhase(TestCaseExecutor.java:299)
	at com.kms.katalon.core.main.TestCaseExecutor.execute(TestCaseExecutor.java:233)
	at com.kms.katalon.core.main.TestCaseMain.runTestCase(TestCaseMain.java:114)
	at com.kms.katalon.core.keyword.builtin.CallTestCaseKeyword$_callTestCase_closure1.doCall(CallTestCaseKeyword.groovy:59)
	at com.kms.katalon.core.keyword.builtin.CallTestCaseKeyword$_callTestCase_closure1.call(CallTestCaseKeyword.groovy)
	at com.kms.katalon.core.keyword.internal.KeywordMain.runKeyword(KeywordMain.groovy:68)
	at com.kms.katalon.core.keyword.builtin.CallTestCaseKeyword.callTestCase(CallTestCaseKeyword.groovy:81)
	at com.kms.katalon.core.keyword.builtin.CallTestCaseKeyword.execute(CallTestCaseKeyword.groovy:44)
	at com.kms.katalon.core.keyword.internal.KeywordExecutor.executeKeywordForPlatform(KeywordExecutor.groovy:72)
	at com.kms.katalon.core.keyword.BuiltinKeywords.callTestCase(BuiltinKeywords.groovy:334)
	at WebOffice_Consumer_Search.run(WebOffice_Consumer_Search:72)
	at com.kms.katalon.core.main.ScriptEngine.run(ScriptEngine.java:194)
	at com.kms.katalon.core.main.ScriptEngine.runScriptAsRawText(ScriptEngine.java:119)
	at com.kms.katalon.core.main.TestCaseExecutor.runScript(TestCaseExecutor.java:337)
	at com.kms.katalon.core.main.TestCaseExecutor.doExecute(TestCaseExecutor.java:328)
	at com.kms.katalon.core.main.TestCaseExecutor.processExecutionPhase(TestCaseExecutor.java:307)
	at com.kms.katalon.core.main.TestCaseExecutor.accessMainPhase(TestCaseExecutor.java:299)
	at com.kms.katalon.core.main.TestCaseExecutor.execute(TestCaseExecutor.java:233)
	at com.kms.katalon.core.main.TestSuiteExecutor.accessTestCaseMainPhase(TestSuiteExecutor.java:169)
	at com.kms.katalon.core.main.TestSuiteExecutor.accessTestSuiteMainPhase(TestSuiteExecutor.java:142)
	at com.kms.katalon.core.main.TestSuiteExecutor.execute(TestSuiteExecutor.java:91)
	at com.kms.katalon.core.main.TestCaseMain.startTestSuite(TestCaseMain.java:157)
	at com.kms.katalon.core.main.TestCaseMain$startTestSuite$0.call(Unknown Source)
	at TempTestSuite1587039002449.run(TempTestSuite1587039002449.groovy:36)
Caused by: org.openqa.selenium.NoSuchWindowException: no such window
  (Session info: chrome=81.0.4044.92)
Build info: version: '3.141.59', revision: 'e82be7d358', time: '2018-11-14T08:25:53'
System info: host: 'VETTEDSP36RF', ip: '192.168.1.238', os.name: 'Windows 10', os.arch: 'x86', os.version: '10.0', java.version: '1.8.0_181'
Driver info: com.kms.katalon.selenium.driver.CChromeDriver
Capabilities {acceptInsecureCerts: false, browserName: chrome, browserVersion: 81.0.4044.92, chrome: {chromedriverVersion: 81.0.4044.69 (6813546031a4b..., userDataDir: C:\Users\davidho\AppData\Lo...}, goog:chromeOptions: {debuggerAddress: localhost:57622}, javascriptEnabled: true, networkConnectionEnabled: false, pageLoadStrategy: normal, platform: WINDOWS, platformName: WINDOWS, proxy: Proxy(), setWindowRect: true, strictFileInteractability: false, timeouts: {implicit: 0, pageLoad: 300000, script: 30000}, unhandledPromptBehavior: dismiss and notify, webauthn:virtualAuthenticators: true}
Session ID: 82a819c1544a4ed45bb115c5d41ab825
*** Element info: {Using=xpath, value=//table[@id='gvResults']/tbody/tr/th[5]/a}
	at org.openqa.selenium.remote.http.W3CHttpResponseCodec.createException(W3CHttpResponseCodec.java:187)
	at org.openqa.selenium.remote.http.W3CHttpResponseCodec.decode(W3CHttpResponseCodec.java:122)
	at org.openqa.selenium.remote.http.W3CHttpResponseCodec.decode(W3CHttpResponseCodec.java:49)
	at org.openqa.selenium.remote.HttpCommandExecutor.execute(HttpCommandExecutor.java:158)
	at org.openqa.selenium.remote.service.DriverCommandExecutor.execute(DriverCommandExecutor.java:83)
	at org.openqa.selenium.remote.RemoteWebDriver.execute(RemoteWebDriver.java:552)
	at com.kms.katalon.selenium.driver.CChromeDriver.execute(CChromeDriver.java:19)
	at org.openqa.selenium.remote.RemoteWebDriver.findElements(RemoteWebDriver.java:353)
	at org.openqa.selenium.remote.RemoteWebDriver.findElementsByXPath(RemoteWebDriver.java:432)
	at org.openqa.selenium.By$ByXPath.findElements(By.java:348)
	at org.openqa.selenium.remote.RemoteWebDriver.findElements(RemoteWebDriver.java:311)
	at org.openqa.selenium.support.events.EventFiringWebDriver.lambda$new$1(EventFiringWebDriver.java:105)
	at com.sun.proxy.$Proxy8.findElements(Unknown Source)
	at org.openqa.selenium.support.events.EventFiringWebDriver.findElements(EventFiringWebDriver.java:182)
	at com.kms.katalon.core.webui.common.WebUiCommonHelper.findWebElements(WebUiCommonHelper.java:789)
	at com.kms.katalon.core.webui.common.WebUiCommonHelper.findWebElement(WebUiCommonHelper.java:1150)
	at com.kms.katalon.core.webui.keyword.internal.WebUIAbstractKeyword.findWebElement(WebUIAbstractKeyword.groovy:27)
	at com.kms.katalon.core.webui.keyword.internal.WebUIAbstractKeyword$findWebElement.call(Unknown Source)
	at com.kms.katalon.core.webui.keyword.builtin.WaitForElementClickableKeyword$_waitForElementClickable_closure1.doCall(WaitForElementClickableKeyword.groovy:79)
	at com.kms.katalon.core.webui.keyword.builtin.WaitForElementClickableKeyword$_waitForElementClickable_closure1.doCall(WaitForElementClickableKeyword.groovy)
	at com.kms.katalon.core.webui.keyword.internal.WebUIKeywordMain.runKeyword(WebUIKeywordMain.groovy:20)
	at com.kms.katalon.core.webui.keyword.internal.WebUIKeywordMain$runKeyword.call(Unknown Source)
	at com.kms.katalon.core.webui.keyword.builtin.WaitForElementClickableKeyword.waitForElementClickable(WaitForElementClickableKeyword.groovy:107)
	at com.kms.katalon.core.webui.keyword.builtin.WaitForElementClickableKeyword.execute(WaitForElementClickableKeyword.groovy:68)
	at com.kms.katalon.core.keyword.internal.KeywordExecutor.executeKeywordForPlatform(KeywordExecutor.groovy:72)
	at com.kms.katalon.core.webui.keyword.WebUiBuiltInKeywords.waitForElementClickable(WebUiBuiltInKeywords.groovy:500)
	at com.kms.katalon.core.webui.keyword.WebUiBuiltInKeywords$waitForElementClickable$1.call(Unknown Source)
	at Script1575023634666.run(Script1575023634666.groovy:66)
	at com.kms.katalon.core.main.ScriptEngine.run(ScriptEngine.java:194)
	at com.kms.katalon.core.main.ScriptEngine.runScriptAsRawText(ScriptEngine.java:119)
	at com.kms.katalon.core.main.TestCaseExecutor.runScript(TestCaseExecutor.java:337)
	at com.kms.katalon.core.main.TestCaseExecutor.doExecute(TestCaseExecutor.java:328)
	at com.kms.katalon.core.main.TestCaseExecutor.processExecutionPhase(TestCaseExecutor.java:307)
	at com.kms.katalon.core.main.TestCaseExecutor.accessMainPhase(TestCaseExecutor.java:299)
	at com.kms.katalon.core.main.TestCaseExecutor.execute(TestCaseExecutor.java:233)
	at com.kms.katalon.core.main.TestCaseMain.runTestCase(TestCaseMain.java:114)
	at com.kms.katalon.core.keyword.builtin.CallTestCaseKeyword$_callTestCase_closure1.doCall(CallTestCaseKeyword.groovy:59)
	at com.kms.katalon.core.keyword.builtin.CallTestCaseKeyword$_callTestCase_closure1.call(CallTestCaseKeyword.groovy)
	at com.kms.katalon.core.keyword.internal.KeywordMain.runKeyword(KeywordMain.groovy:68)
	at com.kms.katalon.core.keyword.builtin.CallTestCaseKeyword.callTestCase(CallTestCaseKeyword.groovy:81)
	at com.kms.katalon.core.keyword.builtin.CallTestCaseKeyword.execute(CallTestCaseKeyword.groovy:44)
	at com.kms.katalon.core.keyword.internal.KeywordExecutor.executeKeywordForPlatform(KeywordExecutor.groovy:72)
	at com.kms.katalon.core.keyword.BuiltinKeywords.callTestCase(BuiltinKeywords.groovy:334)
	at Script1575020271586.run(Script1575020271586.groovy:72)
	... 13 more
)
	at com.kms.katalon.core.keyword.internal.KeywordMain.stepFailed(KeywordMain.groovy:39)
	at com.kms.katalon.core.webui.keyword.internal.WebUIKeywordMain.stepFailed(WebUIKeywordMain.groovy:64)
	at com.kms.katalon.core.webui.keyword.internal.WebUIKeywordMain.runKeyword(WebUIKeywordMain.groovy:26)
	at com.kms.katalon.core.webui.keyword.internal.WebUIKeywordMain$runKeyword.call(Unknown Source)
	at com.kms.katalon.core.webui.keyword.builtin.WaitForElementClickableKeyword.waitForElementClickable(WaitForElementClickableKeyword.groovy:107)
	at com.kms.katalon.core.webui.keyword.builtin.WaitForElementClickableKeyword.execute(WaitForElementClickableKeyword.groovy:68)
	at com.kms.katalon.core.keyword.internal.KeywordExecutor.executeKeywordForPlatform(KeywordExecutor.groovy:72)
	at com.kms.katalon.core.webui.keyword.WebUiBuiltInKeywords.waitForElementClickable(WebUiBuiltInKeywords.groovy:500)
	at com.kms.katalon.core.webui.keyword.WebUiBuiltInKeywords$waitForElementClickable$1.call(Unknown Source)
	at Select_Consumer.run(Select_Consumer:66)
	at com.kms.katalon.core.main.ScriptEngine.run(ScriptEngine.java:194)
	at com.kms.katalon.core.main.ScriptEngine.runScriptAsRawText(ScriptEngine.java:119)
	at com.kms.katalon.core.main.TestCaseExecutor.runScript(TestCaseExecutor.java:337)
	at com.kms.katalon.core.main.TestCaseExecutor.doExecute(TestCaseExecutor.java:328)
	at com.kms.katalon.core.main.TestCaseExecutor.processExecutionPhase(TestCaseExecutor.java:307)
	at com.kms.katalon.core.main.TestCaseExecutor.accessMainPhase(TestCaseExecutor.java:299)
	at com.kms.katalon.core.main.TestCaseExecutor.execute(TestCaseExecutor.java:233)
	at com.kms.katalon.core.main.TestCaseMain.runTestCase(TestCaseMain.java:114)
	at com.kms.katalon.core.keyword.builtin.CallTestCaseKeyword$_callTestCase_closure1.doCall(CallTestCaseKeyword.groovy:59)
	at com.kms.katalon.core.keyword.builtin.CallTestCaseKeyword$_callTestCase_closure1.call(CallTestCaseKeyword.groovy)
	at com.kms.katalon.core.keyword.internal.KeywordMain.runKeyword(KeywordMain.groovy:68)
	at com.kms.katalon.core.keyword.builtin.CallTestCaseKeyword.callTestCase(CallTestCaseKeyword.groovy:81)
	at com.kms.katalon.core.keyword.builtin.CallTestCaseKeyword.execute(CallTestCaseKeyword.groovy:44)
	at com.kms.katalon.core.keyword.internal.KeywordExecutor.executeKeywordForPlatform(KeywordExecutor.groovy:72)
	at com.kms.katalon.core.keyword.BuiltinKeywords.callTestCase(BuiltinKeywords.groovy:334)
	at WebOffice_Consumer_Search.run(WebOffice_Consumer_Search:72)
	at com.kms.katalon.core.main.ScriptEngine.run(ScriptEngine.java:194)
	at com.kms.katalon.core.main.ScriptEngine.runScriptAsRawText(ScriptEngine.java:119)
	at com.kms.katalon.core.main.TestCaseExecutor.runScript(TestCaseExecutor.java:337)
	at com.kms.katalon.core.main.TestCaseExecutor.doExecute(TestCaseExecutor.java:328)
	at com.kms.katalon.core.main.TestCaseExecutor.processExecutionPhase(TestCaseExecutor.java:307)
	at com.kms.katalon.core.main.TestCaseExecutor.accessMainPhase(TestCaseExecutor.java:299)
	at com.kms.katalon.core.main.TestCaseExecutor.execute(TestCaseExecutor.java:233)
	at com.kms.katalon.core.main.TestSuiteExecutor.accessTestCaseMainPhase(TestSuiteExecutor.java:169)
	at com.kms.katalon.core.main.TestSuiteExecutor.accessTestSuiteMainPhase(TestSuiteExecutor.java:142)
	at com.kms.katalon.core.main.TestSuiteExecutor.execute(TestSuiteExecutor.java:91)
	at com.kms.katalon.core.main.TestCaseMain.startTestSuite(TestCaseMain.java:157)
	at com.kms.katalon.core.main.TestCaseMain$startTestSuite$0.call(Unknown Source)
	at TempTestSuite1587039002449.run(TempTestSuite1587039002449.groovy:36)
Caused by: com.kms.katalon.core.exception.StepFailedException: Unable to wait for object 'Object Repository/WO_Consumer/Page_/a_Feedback' to be clickable
	... 38 more
Caused by: org.openqa.selenium.NoSuchWindowException: no such window
  (Session info: chrome=81.0.4044.92)
Build info: version: '3.141.59', revision: 'e82be7d358', time: '2018-11-14T08:25:53'
System info: host: 'VETTEDSP36RF', ip: '192.168.1.238', os.name: 'Windows 10', os.arch: 'x86', os.version: '10.0', java.version: '1.8.0_181'
Driver info: com.kms.katalon.selenium.driver.CChromeDriver
Capabilities {acceptInsecureCerts: false, browserName: chrome, browserVersion: 81.0.4044.92, chrome: {chromedriverVersion: 81.0.4044.69 (6813546031a4b..., userDataDir: C:\Users\davidho\AppData\Lo...}, goog:chromeOptions: {debuggerAddress: localhost:57622}, javascriptEnabled: true, networkConnectionEnabled: false, pageLoadStrategy: normal, platform: WINDOWS, platformName: WINDOWS, proxy: Proxy(), setWindowRect: true, strictFileInteractability: false, timeouts: {implicit: 0, pageLoad: 300000, script: 30000}, unhandledPromptBehavior: dismiss and notify, webauthn:virtualAuthenticators: true}
Session ID: 82a819c1544a4ed45bb115c5d41ab825
*** Element info: {Using=xpath, value=//table[@id='gvResults']/tbody/tr/th[5]/a}
	at org.openqa.selenium.remote.http.W3CHttpResponseCodec.createException(W3CHttpResponseCodec.java:187)
	at org.openqa.selenium.remote.http.W3CHttpResponseCodec.decode(W3CHttpResponseCodec.java:122)
	at org.openqa.selenium.remote.http.W3CHttpResponseCodec.decode(W3CHttpResponseCodec.java:49)
	at org.openqa.selenium.remote.HttpCommandExecutor.execute(HttpCommandExecutor.java:158)
	at org.openqa.selenium.remote.service.DriverCommandExecutor.execute(DriverCommandExecutor.java:83)
	at org.openqa.selenium.remote.RemoteWebDriver.execute(RemoteWebDriver.java:552)
	at com.kms.katalon.selenium.driver.CChromeDriver.execute(CChromeDriver.java:19)
	at org.openqa.selenium.remote.RemoteWebDriver.findElements(RemoteWebDriver.java:353)
	at org.openqa.selenium.remote.RemoteWebDriver.findElementsByXPath(RemoteWebDriver.java:432)
	at org.openqa.selenium.By$ByXPath.findElements(By.java:348)
	at org.openqa.selenium.remote.RemoteWebDriver.findElements(RemoteWebDriver.java:311)
	at org.openqa.selenium.support.events.EventFiringWebDriver.lambda$new$1(EventFiringWebDriver.java:105)
	at com.sun.proxy.$Proxy8.findElements(Unknown Source)
	at org.openqa.selenium.support.events.EventFiringWebDriver.findElements(EventFiringWebDriver.java:182)
	at com.kms.katalon.core.webui.common.WebUiCommonHelper.findWebElements(WebUiCommonHelper.java:789)
	at com.kms.katalon.core.webui.common.WebUiCommonHelper.findWebElement(WebUiCommonHelper.java:1150)
	at com.kms.katalon.core.webui.keyword.internal.WebUIAbstractKeyword.findWebElement(WebUIAbstractKeyword.groovy:27)
	at com.kms.katalon.core.webui.keyword.internal.WebUIAbstractKeyword$findWebElement.call(Unknown Source)
	at com.kms.katalon.core.webui.keyword.builtin.WaitForElementClickableKeyword$_waitForElementClickable_closure1.doCall(WaitForElementClickableKeyword.groovy:79)
	at com.kms.katalon.core.webui.keyword.builtin.WaitForElementClickableKeyword$_waitForElementClickable_closure1.doCall(WaitForElementClickableKeyword.groovy)
	at com.kms.katalon.core.webui.keyword.internal.WebUIKeywordMain.runKeyword(WebUIKeywordMain.groovy:20)
	... 36 more


2020-04-16 13:37:48 - [TEST_STEP][PASSED] - "--------": null

2020-04-16 13:37:48 - [TEST_STEP][PASSED] - "Search  |": null

2020-04-16 13:37:48 - [TEST_STEP][PASSED] - waitForPageLoad(60): Wait for page load successfully

2020-04-16 13:37:48 - [MESSAGE][PASSED] - Wait for page load successfully

2020-04-16 13:37:48 - [TEST_STEP][PASSED] - waitForElementClickable(findTestObject("Object Repository/WO_Consumer/Page_/input_Clear_ctl00CP1ctlSearchbtnSearch"), 60): Object 'Object Repository/WO_Consumer/Page_/input_Clear_ctl00CP1ctlSearchbtnSearch' is clickable

2020-04-16 13:37:48 - [MESSAGE][PASSED] - Object 'Object Repository/WO_Consumer/Page_/input_Clear_ctl00CP1ctlSearchbtnSearch' is clickable

2020-04-16 13:37:48 - [TEST_STEP][PASSED] - click(findTestObject("Object Repository/WO_Consumer/Page_/input_Clear_ctl00CP1ctlSearchbtnSearch")): Object: 'Object Repository/WO_Consumer/Page_/input_Clear_ctl00CP1ctlSearchbtnSearch' is clicked on

2020-04-16 13:37:48 - [MESSAGE][PASSED] - Object: 'Object Repository/WO_Consumer/Page_/input_Clear_ctl00CP1ctlSearchbtnSearch' is clicked on

2020-04-16 13:37:48 - [TEST_STEP][PASSED] - delay(5): Delayed 5 second(s)

2020-04-16 13:37:53 - [MESSAGE][PASSED] - Delayed 5 second(s)

2020-04-16 13:37:53 - [TEST_STEP][PASSED] - "--------": null

2020-04-16 13:37:53 - [TEST_STEP][PASSED] - "Synch   |": null

2020-04-16 13:37:53 - [TEST_STEP][PASSED] - waitForPageLoad(120): Wait for page load successfully

2020-04-16 13:37:53 - [MESSAGE][PASSED] - Wait for page load successfully

2020-04-16 13:37:53 - [TEST_STEP][FAILED] - waitForElementClickable(findTestObject("Object Repository/WO_Consumer/Page_/a_Feedback"), 60): Unable to wait for object 'Object Repository/WO_Consumer/Page_/a_Feedback' to be clickable (Root cause: com.kms.katalon.core.exception.StepFailedException: Unable to wait for object 'Object Repository/WO_Consumer/Page_/a_Feedback' to be clickable
	at com.kms.katalon.core.webui.keyword.internal.WebUIKeywordMain.stepFailed(WebUIKeywordMain.groovy:64)
	at com.kms.katalon.core.webui.keyword.internal.WebUIKeywordMain.runKeyword(WebUIKeywordMain.groovy:26)
	at com.kms.katalon.core.webui.keyword.internal.WebUIKeywordMain$runKeyword.call(Unknown Source)
	at com.kms.katalon.core.webui.keyword.builtin.WaitForElementClickableKeyword.waitForElementClickable(WaitForElementClickableKeyword.groovy:107)
	at com.kms.katalon.core.webui.keyword.builtin.WaitForElementClickableKeyword.execute(WaitForElementClickableKeyword.groovy:68)
	at com.kms.katalon.core.keyword.internal.KeywordExecutor.executeKeywordForPlatform(KeywordExecutor.groovy:72)
	at com.kms.katalon.core.webui.keyword.WebUiBuiltInKeywords.waitForElementClickable(WebUiBuiltInKeywords.groovy:500)
	at com.kms.katalon.core.webui.keyword.WebUiBuiltInKeywords$waitForElementClickable$1.call(Unknown Source)
	at Select_Consumer.run(Select_Consumer:66)
	at com.kms.katalon.core.main.ScriptEngine.run(ScriptEngine.java:194)
	at com.kms.katalon.core.main.ScriptEngine.runScriptAsRawText(ScriptEngine.java:119)
	at com.kms.katalon.core.main.TestCaseExecutor.runScript(TestCaseExecutor.java:337)
	at com.kms.katalon.core.main.TestCaseExecutor.doExecute(TestCaseExecutor.java:328)
	at com.kms.katalon.core.main.TestCaseExecutor.processExecutionPhase(TestCaseExecutor.java:307)
	at com.kms.katalon.core.main.TestCaseExecutor.accessMainPhase(TestCaseExecutor.java:299)
	at com.kms.katalon.core.main.TestCaseExecutor.execute(TestCaseExecutor.java:233)
	at com.kms.katalon.core.main.TestCaseMain.runTestCase(TestCaseMain.java:114)
	at com.kms.katalon.core.keyword.builtin.CallTestCaseKeyword$_callTestCase_closure1.doCall(CallTestCaseKeyword.groovy:59)
	at com.kms.katalon.core.keyword.builtin.CallTestCaseKeyword$_callTestCase_closure1.call(CallTestCaseKeyword.groovy)
	at com.kms.katalon.core.keyword.internal.KeywordMain.runKeyword(KeywordMain.groovy:68)
	at com.kms.katalon.core.keyword.builtin.CallTestCaseKeyword.callTestCase(CallTestCaseKeyword.groovy:81)
	at com.kms.katalon.core.keyword.builtin.CallTestCaseKeyword.execute(CallTestCaseKeyword.groovy:44)
	at com.kms.katalon.core.keyword.internal.KeywordExecutor.executeKeywordForPlatform(KeywordExecutor.groovy:72)
	at com.kms.katalon.core.keyword.BuiltinKeywords.callTestCase(BuiltinKeywords.groovy:334)
	at WebOffice_Consumer_Search.run(WebOffice_Consumer_Search:72)
	at com.kms.katalon.core.main.ScriptEngine.run(ScriptEngine.java:194)
	at com.kms.katalon.core.main.ScriptEngine.runScriptAsRawText(ScriptEngine.java:119)
	at com.kms.katalon.core.main.TestCaseExecutor.runScript(TestCaseExecutor.java:337)
	at com.kms.katalon.core.main.TestCaseExecutor.doExecute(TestCaseExecutor.java:328)
	at com.kms.katalon.core.main.TestCaseExecutor.processExecutionPhase(TestCaseExecutor.java:307)
	at com.kms.katalon.core.main.TestCaseExecutor.accessMainPhase(TestCaseExecutor.java:299)
	at com.kms.katalon.core.main.TestCaseExecutor.execute(TestCaseExecutor.java:233)
	at com.kms.katalon.core.main.TestSuiteExecutor.accessTestCaseMainPhase(TestSuiteExecutor.java:169)
	at com.kms.katalon.core.main.TestSuiteExecutor.accessTestSuiteMainPhase(TestSuiteExecutor.java:142)
	at com.kms.katalon.core.main.TestSuiteExecutor.execute(TestSuiteExecutor.java:91)
	at com.kms.katalon.core.main.TestCaseMain.startTestSuite(TestCaseMain.java:157)
	at com.kms.katalon.core.main.TestCaseMain$startTestSuite$0.call(Unknown Source)
	at TempTestSuite1587039002449.run(TempTestSuite1587039002449.groovy:36)
Caused by: org.openqa.selenium.NoSuchWindowException: no such window
  (Session info: chrome=81.0.4044.92)
Build info: version: '3.141.59', revision: 'e82be7d358', time: '2018-11-14T08:25:53'
System info: host: 'VETTEDSP36RF', ip: '192.168.1.238', os.name: 'Windows 10', os.arch: 'x86', os.version: '10.0', java.version: '1.8.0_181'
Driver info: com.kms.katalon.selenium.driver.CChromeDriver
Capabilities {acceptInsecureCerts: false, browserName: chrome, browserVersion: 81.0.4044.92, chrome: {chromedriverVersion: 81.0.4044.69 (6813546031a4b..., userDataDir: C:\Users\davidho\AppData\Lo...}, goog:chromeOptions: {debuggerAddress: localhost:57622}, javascriptEnabled: true, networkConnectionEnabled: false, pageLoadStrategy: normal, platform: WINDOWS, platformName: WINDOWS, proxy: Proxy(), setWindowRect: true, strictFileInteractability: false, timeouts: {implicit: 0, pageLoad: 300000, script: 30000}, unhandledPromptBehavior: dismiss and notify, webauthn:virtualAuthenticators: true}
Session ID: 82a819c1544a4ed45bb115c5d41ab825
*** Element info: {Using=xpath, value=//table[@id='gvResults']/tbody/tr/th[5]/a}
	at org.openqa.selenium.remote.http.W3CHttpResponseCodec.createException(W3CHttpResponseCodec.java:187)
	at org.openqa.selenium.remote.http.W3CHttpResponseCodec.decode(W3CHttpResponseCodec.java:122)
	at org.openqa.selenium.remote.http.W3CHttpResponseCodec.decode(W3CHttpResponseCodec.java:49)
	at org.openqa.selenium.remote.HttpCommandExecutor.execute(HttpCommandExecutor.java:158)
	at org.openqa.selenium.remote.service.DriverCommandExecutor.execute(DriverCommandExecutor.java:83)
	at org.openqa.selenium.remote.RemoteWebDriver.execute(RemoteWebDriver.java:552)
	at com.kms.katalon.selenium.driver.CChromeDriver.execute(CChromeDriver.java:19)
	at org.openqa.selenium.remote.RemoteWebDriver.findElements(RemoteWebDriver.java:353)
	at org.openqa.selenium.remote.RemoteWebDriver.findElementsByXPath(RemoteWebDriver.java:432)
	at org.openqa.selenium.By$ByXPath.findElements(By.java:348)
	at org.openqa.selenium.remote.RemoteWebDriver.findElements(RemoteWebDriver.java:311)
	at org.openqa.selenium.support.events.EventFiringWebDriver.lambda$new$1(EventFiringWebDriver.java:105)
	at com.sun.proxy.$Proxy8.findElements(Unknown Source)
	at org.openqa.selenium.support.events.EventFiringWebDriver.findElements(EventFiringWebDriver.java:182)
	at com.kms.katalon.core.webui.common.WebUiCommonHelper.findWebElements(WebUiCommonHelper.java:789)
	at com.kms.katalon.core.webui.common.WebUiCommonHelper.findWebElement(WebUiCommonHelper.java:1150)
	at com.kms.katalon.core.webui.keyword.internal.WebUIAbstractKeyword.findWebElement(WebUIAbstractKeyword.groovy:27)
	at com.kms.katalon.core.webui.keyword.internal.WebUIAbstractKeyword$findWebElement.call(Unknown Source)
	at com.kms.katalon.core.webui.keyword.builtin.WaitForElementClickableKeyword$_waitForElementClickable_closure1.doCall(WaitForElementClickableKeyword.groovy:79)
	at com.kms.katalon.core.webui.keyword.builtin.WaitForElementClickableKeyword$_waitForElementClickable_closure1.doCall(WaitForElementClickableKeyword.groovy)
	at com.kms.katalon.core.webui.keyword.internal.WebUIKeywordMain.runKeyword(WebUIKeywordMain.groovy:20)
	at com.kms.katalon.core.webui.keyword.internal.WebUIKeywordMain$runKeyword.call(Unknown Source)
	at com.kms.katalon.core.webui.keyword.builtin.WaitForElementClickableKeyword.waitForElementClickable(WaitForElementClickableKeyword.groovy:107)
	at com.kms.katalon.core.webui.keyword.builtin.WaitForElementClickableKeyword.execute(WaitForElementClickableKeyword.groovy:68)
	at com.kms.katalon.core.keyword.internal.KeywordExecutor.executeKeywordForPlatform(KeywordExecutor.groovy:72)
	at com.kms.katalon.core.webui.keyword.WebUiBuiltInKeywords.waitForElementClickable(WebUiBuiltInKeywords.groovy:500)
	at com.kms.katalon.core.webui.keyword.WebUiBuiltInKeywords$waitForElementClickable$1.call(Unknown Source)
	at Script1575023634666.run(Script1575023634666.groovy:66)
	at com.kms.katalon.core.main.ScriptEngine.run(ScriptEngine.java:194)
	at com.kms.katalon.core.main.ScriptEngine.runScriptAsRawText(ScriptEngine.java:119)
	at com.kms.katalon.core.main.TestCaseExecutor.runScript(TestCaseExecutor.java:337)
	at com.kms.katalon.core.main.TestCaseExecutor.doExecute(TestCaseExecutor.java:328)
	at com.kms.katalon.core.main.TestCaseExecutor.processExecutionPhase(TestCaseExecutor.java:307)
	at com.kms.katalon.core.main.TestCaseExecutor.accessMainPhase(TestCaseExecutor.java:299)
	at com.kms.katalon.core.main.TestCaseExecutor.execute(TestCaseExecutor.java:233)
	at com.kms.katalon.core.main.TestCaseMain.runTestCase(TestCaseMain.java:114)
	at com.kms.katalon.core.keyword.builtin.CallTestCaseKeyword$_callTestCase_closure1.doCall(CallTestCaseKeyword.groovy:59)
	at com.kms.katalon.core.keyword.builtin.CallTestCaseKeyword$_callTestCase_closure1.call(CallTestCaseKeyword.groovy)
	at com.kms.katalon.core.keyword.internal.KeywordMain.runKeyword(KeywordMain.groovy:68)
	at com.kms.katalon.core.keyword.builtin.CallTestCaseKeyword.callTestCase(CallTestCaseKeyword.groovy:81)
	at com.kms.katalon.core.keyword.builtin.CallTestCaseKeyword.execute(CallTestCaseKeyword.groovy:44)
	at com.kms.katalon.core.keyword.internal.KeywordExecutor.executeKeywordForPlatform(KeywordExecutor.groovy:72)
	at com.kms.katalon.core.keyword.BuiltinKeywords.callTestCase(BuiltinKeywords.groovy:334)
	at Script1575020271586.run(Script1575020271586.groovy:72)
	... 13 more
)

2020-04-16 13:38:00 - [MESSAGE][FAILED] - Unable to wait for object 'Object Repository/WO_Consumer/Page_/a_Feedback' to be clickable (Root cause: com.kms.katalon.core.exception.StepFailedException: Unable to wait for object 'Object Repository/WO_Consumer/Page_/a_Feedback' to be clickable
	at com.kms.katalon.core.webui.keyword.internal.WebUIKeywordMain.stepFailed(WebUIKeywordMain.groovy:64)
	at com.kms.katalon.core.webui.keyword.internal.WebUIKeywordMain.runKeyword(WebUIKeywordMain.groovy:26)
	at com.kms.katalon.core.webui.keyword.internal.WebUIKeywordMain$runKeyword.call(Unknown Source)
	at com.kms.katalon.core.webui.keyword.builtin.WaitForElementClickableKeyword.waitForElementClickable(WaitForElementClickableKeyword.groovy:107)
	at com.kms.katalon.core.webui.keyword.builtin.WaitForElementClickableKeyword.execute(WaitForElementClickableKeyword.groovy:68)
	at com.kms.katalon.core.keyword.internal.KeywordExecutor.executeKeywordForPlatform(KeywordExecutor.groovy:72)
	at com.kms.katalon.core.webui.keyword.WebUiBuiltInKeywords.waitForElementClickable(WebUiBuiltInKeywords.groovy:500)
	at com.kms.katalon.core.webui.keyword.WebUiBuiltInKeywords$waitForElementClickable$1.call(Unknown Source)
	at Select_Consumer.run(Select_Consumer:66)
	at com.kms.katalon.core.main.ScriptEngine.run(ScriptEngine.java:194)
	at com.kms.katalon.core.main.ScriptEngine.runScriptAsRawText(ScriptEngine.java:119)
	at com.kms.katalon.core.main.TestCaseExecutor.runScript(TestCaseExecutor.java:337)
	at com.kms.katalon.core.main.TestCaseExecutor.doExecute(TestCaseExecutor.java:328)
	at com.kms.katalon.core.main.TestCaseExecutor.processExecutionPhase(TestCaseExecutor.java:307)
	at com.kms.katalon.core.main.TestCaseExecutor.accessMainPhase(TestCaseExecutor.java:299)
	at com.kms.katalon.core.main.TestCaseExecutor.execute(TestCaseExecutor.java:233)
	at com.kms.katalon.core.main.TestCaseMain.runTestCase(TestCaseMain.java:114)
	at com.kms.katalon.core.keyword.builtin.CallTestCaseKeyword$_callTestCase_closure1.doCall(CallTestCaseKeyword.groovy:59)
	at com.kms.katalon.core.keyword.builtin.CallTestCaseKeyword$_callTestCase_closure1.call(CallTestCaseKeyword.groovy)
	at com.kms.katalon.core.keyword.internal.KeywordMain.runKeyword(KeywordMain.groovy:68)
	at com.kms.katalon.core.keyword.builtin.CallTestCaseKeyword.callTestCase(CallTestCaseKeyword.groovy:81)
	at com.kms.katalon.core.keyword.builtin.CallTestCaseKeyword.execute(CallTestCaseKeyword.groovy:44)
	at com.kms.katalon.core.keyword.internal.KeywordExecutor.executeKeywordForPlatform(KeywordExecutor.groovy:72)
	at com.kms.katalon.core.keyword.BuiltinKeywords.callTestCase(BuiltinKeywords.groovy:334)
	at WebOffice_Consumer_Search.run(WebOffice_Consumer_Search:72)
	at com.kms.katalon.core.main.ScriptEngine.run(ScriptEngine.java:194)
	at com.kms.katalon.core.main.ScriptEngine.runScriptAsRawText(ScriptEngine.java:119)
	at com.kms.katalon.core.main.TestCaseExecutor.runScript(TestCaseExecutor.java:337)
	at com.kms.katalon.core.main.TestCaseExecutor.doExecute(TestCaseExecutor.java:328)
	at com.kms.katalon.core.main.TestCaseExecutor.processExecutionPhase(TestCaseExecutor.java:307)
	at com.kms.katalon.core.main.TestCaseExecutor.accessMainPhase(TestCaseExecutor.java:299)
	at com.kms.katalon.core.main.TestCaseExecutor.execute(TestCaseExecutor.java:233)
	at com.kms.katalon.core.main.TestSuiteExecutor.accessTestCaseMainPhase(TestSuiteExecutor.java:169)
	at com.kms.katalon.core.main.TestSuiteExecutor.accessTestSuiteMainPhase(TestSuiteExecutor.java:142)
	at com.kms.katalon.core.main.TestSuiteExecutor.execute(TestSuiteExecutor.java:91)
	at com.kms.katalon.core.main.TestCaseMain.startTestSuite(TestCaseMain.java:157)
	at com.kms.katalon.core.main.TestCaseMain$startTestSuite$0.call(Unknown Source)
	at TempTestSuite1587039002449.run(TempTestSuite1587039002449.groovy:36)
Caused by: org.openqa.selenium.NoSuchWindowException: no such window
  (Session info: chrome=81.0.4044.92)
Build info: version: '3.141.59', revision: 'e82be7d358', time: '2018-11-14T08:25:53'
System info: host: 'VETTEDSP36RF', ip: '192.168.1.238', os.name: 'Windows 10', os.arch: 'x86', os.version: '10.0', java.version: '1.8.0_181'
Driver info: com.kms.katalon.selenium.driver.CChromeDriver
Capabilities {acceptInsecureCerts: false, browserName: chrome, browserVersion: 81.0.4044.92, chrome: {chromedriverVersion: 81.0.4044.69 (6813546031a4b..., userDataDir: C:\Users\davidho\AppData\Lo...}, goog:chromeOptions: {debuggerAddress: localhost:57622}, javascriptEnabled: true, networkConnectionEnabled: false, pageLoadStrategy: normal, platform: WINDOWS, platformName: WINDOWS, proxy: Proxy(), setWindowRect: true, strictFileInteractability: false, timeouts: {implicit: 0, pageLoad: 300000, script: 30000}, unhandledPromptBehavior: dismiss and notify, webauthn:virtualAuthenticators: true}
Session ID: 82a819c1544a4ed45bb115c5d41ab825
*** Element info: {Using=xpath, value=//table[@id='gvResults']/tbody/tr/th[5]/a}
	at org.openqa.selenium.remote.http.W3CHttpResponseCodec.createException(W3CHttpResponseCodec.java:187)
	at org.openqa.selenium.remote.http.W3CHttpResponseCodec.decode(W3CHttpResponseCodec.java:122)
	at org.openqa.selenium.remote.http.W3CHttpResponseCodec.decode(W3CHttpResponseCodec.java:49)
	at org.openqa.selenium.remote.HttpCommandExecutor.execute(HttpCommandExecutor.java:158)
	at org.openqa.selenium.remote.service.DriverCommandExecutor.execute(DriverCommandExecutor.java:83)
	at org.openqa.selenium.remote.RemoteWebDriver.execute(RemoteWebDriver.java:552)
	at com.kms.katalon.selenium.driver.CChromeDriver.execute(CChromeDriver.java:19)
	at org.openqa.selenium.remote.RemoteWebDriver.findElements(RemoteWebDriver.java:353)
	at org.openqa.selenium.remote.RemoteWebDriver.findElementsByXPath(RemoteWebDriver.java:432)
	at org.openqa.selenium.By$ByXPath.findElements(By.java:348)
	at org.openqa.selenium.remote.RemoteWebDriver.findElements(RemoteWebDriver.java:311)
	at org.openqa.selenium.support.events.EventFiringWebDriver.lambda$new$1(EventFiringWebDriver.java:105)
	at com.sun.proxy.$Proxy8.findElements(Unknown Source)
	at org.openqa.selenium.support.events.EventFiringWebDriver.findElements(EventFiringWebDriver.java:182)
	at com.kms.katalon.core.webui.common.WebUiCommonHelper.findWebElements(WebUiCommonHelper.java:789)
	at com.kms.katalon.core.webui.common.WebUiCommonHelper.findWebElement(WebUiCommonHelper.java:1150)
	at com.kms.katalon.core.webui.keyword.internal.WebUIAbstractKeyword.findWebElement(WebUIAbstractKeyword.groovy:27)
	at com.kms.katalon.core.webui.keyword.internal.WebUIAbstractKeyword$findWebElement.call(Unknown Source)
	at com.kms.katalon.core.webui.keyword.builtin.WaitForElementClickableKeyword$_waitForElementClickable_closure1.doCall(WaitForElementClickableKeyword.groovy:79)
	at com.kms.katalon.core.webui.keyword.builtin.WaitForElementClickableKeyword$_waitForElementClickable_closure1.doCall(WaitForElementClickableKeyword.groovy)
	at com.kms.katalon.core.webui.keyword.internal.WebUIKeywordMain.runKeyword(WebUIKeywordMain.groovy:20)
	at com.kms.katalon.core.webui.keyword.internal.WebUIKeywordMain$runKeyword.call(Unknown Source)
	at com.kms.katalon.core.webui.keyword.builtin.WaitForElementClickableKeyword.waitForElementClickable(WaitForElementClickableKeyword.groovy:107)
	at com.kms.katalon.core.webui.keyword.builtin.WaitForElementClickableKeyword.execute(WaitForElementClickableKeyword.groovy:68)
	at com.kms.katalon.core.keyword.internal.KeywordExecutor.executeKeywordForPlatform(KeywordExecutor.groovy:72)
	at com.kms.katalon.core.webui.keyword.WebUiBuiltInKeywords.waitForElementClickable(WebUiBuiltInKeywords.groovy:500)
	at com.kms.katalon.core.webui.keyword.WebUiBuiltInKeywords$waitForElementClickable$1.call(Unknown Source)
	at Script1575023634666.run(Script1575023634666.groovy:66)
	at com.kms.katalon.core.main.ScriptEngine.run(ScriptEngine.java:194)
	at com.kms.katalon.core.main.ScriptEngine.runScriptAsRawText(ScriptEngine.java:119)
	at com.kms.katalon.core.main.TestCaseExecutor.runScript(TestCaseExecutor.java:337)
	at com.kms.katalon.core.main.TestCaseExecutor.doExecute(TestCaseExecutor.java:328)
	at com.kms.katalon.core.main.TestCaseExecutor.processExecutionPhase(TestCaseExecutor.java:307)
	at com.kms.katalon.core.main.TestCaseExecutor.accessMainPhase(TestCaseExecutor.java:299)
	at com.kms.katalon.core.main.TestCaseExecutor.execute(TestCaseExecutor.java:233)
	at com.kms.katalon.core.main.TestCaseMain.runTestCase(TestCaseMain.java:114)
	at com.kms.katalon.core.keyword.builtin.CallTestCaseKeyword$_callTestCase_closure1.doCall(CallTestCaseKeyword.groovy:59)
	at com.kms.katalon.core.keyword.builtin.CallTestCaseKeyword$_callTestCase_closure1.call(CallTestCaseKeyword.groovy)
	at com.kms.katalon.core.keyword.internal.KeywordMain.runKeyword(KeywordMain.groovy:68)
	at com.kms.katalon.core.keyword.builtin.CallTestCaseKeyword.callTestCase(CallTestCaseKeyword.groovy:81)
	at com.kms.katalon.core.keyword.builtin.CallTestCaseKeyword.execute(CallTestCaseKeyword.groovy:44)
	at com.kms.katalon.core.keyword.internal.KeywordExecutor.executeKeywordForPlatform(KeywordExecutor.groovy:72)
	at com.kms.katalon.core.keyword.BuiltinKeywords.callTestCase(BuiltinKeywords.groovy:334)
	at Script1575020271586.run(Script1575020271586.groovy:72)
	... 13 more
)
[[ATTACHMENT|C:\\Users\\davidho\\git\\src\\Reports\\20200416_130953\\Web_Office_Searches\\20200416_131002\\1587040679564.png]]

2020-04-16 13:38:00 - [TEST_STEP][PASSED] - "----------------------------------------": null

2020-04-16 13:38:00 - [TEST_STEP][PASSED] - "Initial Table View (Populated or Not    |": null

2020-04-16 13:38:00 - [TEST_STEP][PASSED] - "----------------------------------------": null

2020-04-16 13:38:00 - [TEST_STEP][PASSED] - "---------------------------------------------------": null

2020-04-16 13:38:00 - [TEST_STEP][PASSED] - "If Record Exists Then rocess, Otherwise Jump Over  |": null

2020-04-16 13:38:00 - [TEST_STEP][PASSED] - "---------------------------------------------------": null

2020-04-16 13:38:00 - [TEST_STEP][PASSED] - "----------------------------------------": null

2020-04-16 13:38:00 - [TEST_STEP][PASSED] - "Initial Table Return Checks": null

2020-04-16 13:38:00 - [TEST_STEP][PASSED] - "----------------------------------------": null

2020-04-16 13:38:00 - [TEST_STEP][PASSED] - "--------": null

2020-04-16 13:38:00 - [TEST_STEP][PASSED] - "Sort    |": null

2020-04-16 13:38:00 - [TEST_STEP][PASSED] - click(findTestObject("Object Repository/WO_Consumer/Page_/a_Feedback")): Object: 'Object Repository/WO_Consumer/Page_/a_Feedback' is clicked on

2020-04-16 13:38:08 - [MESSAGE][PASSED] - Object: 'Object Repository/WO_Consumer/Page_/a_Feedback' is clicked on

2020-04-16 13:38:08 - [TEST_STEP][PASSED] - delay(5): Delayed 5 second(s)

2020-04-16 13:38:13 - [MESSAGE][PASSED] - Delayed 5 second(s)

2020-04-16 13:38:13 - [TEST_STEP][PASSED] - "--------": null

2020-04-16 13:38:13 - [TEST_STEP][PASSED] - "Sort    |": null

2020-04-16 13:38:13 - [TEST_STEP][PASSED] - click(findTestObject("Object Repository/WO_Consumer/Page_/a_Feedback")): Object: 'Object Repository/WO_Consumer/Page_/a_Feedback' is clicked on

2020-04-16 13:38:19 - [MESSAGE][PASSED] - Object: 'Object Repository/WO_Consumer/Page_/a_Feedback' is clicked on

2020-04-16 13:38:19 - [TEST_STEP][PASSED] - delay(5): Delayed 5 second(s)

2020-04-16 13:38:24 - [MESSAGE][PASSED] - Delayed 5 second(s)

2020-04-16 13:38:24 - [TEST_STEP][PASSED] - "--------": null

2020-04-16 13:38:24 - [TEST_STEP][PASSED] - "Select  |": null

2020-04-16 13:38:24 - [TEST_STEP][PASSED] - waitForElementClickable(findTestObject("WO_Consumer/Page_/td_TopRow"), 60): Object 'Object Repository/WO_Consumer/Page_/td_TopRow' is clickable

2020-04-16 13:38:24 - [MESSAGE][PASSED] - Object 'Object Repository/WO_Consumer/Page_/td_TopRow' is clickable

2020-04-16 13:38:24 - [TEST_STEP][PASSED] - click(findTestObject("WO_Consumer/Page_/td_TopRow")): Object: 'Object Repository/WO_Consumer/Page_/td_TopRow' is clicked on

2020-04-16 13:38:25 - [MESSAGE][PASSED] - Object: 'Object Repository/WO_Consumer/Page_/td_TopRow' is clicked on

2020-04-16 13:38:25 - [TEST_STEP][PASSED] - delay(1): Delayed 1 second(s)

2020-04-16 13:38:26 - [MESSAGE][PASSED] - Delayed 1 second(s)

2020-04-16 13:38:26 - [MESSAGE][WARNING] - Unable to call Test Case 'Test Cases/Reusable_Test_Sequences/Web_Office/Actions/Select_Consumer' (Root cause: com.kms.katalon.core.exception.StepFailedException: Call Test Case 'Test Cases/Reusable_Test_Sequences/Web_Office/Actions/Select_Consumer' failed
	at com.kms.katalon.core.keyword.builtin.CallTestCaseKeyword$_callTestCase_closure1.doCall(CallTestCaseKeyword.groovy:63)
	at com.kms.katalon.core.keyword.builtin.CallTestCaseKeyword$_callTestCase_closure1.call(CallTestCaseKeyword.groovy)
	at com.kms.katalon.core.keyword.internal.KeywordMain.runKeyword(KeywordMain.groovy:68)
	at com.kms.katalon.core.keyword.builtin.CallTestCaseKeyword.callTestCase(CallTestCaseKeyword.groovy:81)
	at com.kms.katalon.core.keyword.builtin.CallTestCaseKeyword.execute(CallTestCaseKeyword.groovy:44)
	at com.kms.katalon.core.keyword.internal.KeywordExecutor.executeKeywordForPlatform(KeywordExecutor.groovy:72)
	at com.kms.katalon.core.keyword.BuiltinKeywords.callTestCase(BuiltinKeywords.groovy:334)
	at WebOffice_Consumer_Search.run(WebOffice_Consumer_Search:72)
	at com.kms.katalon.core.main.ScriptEngine.run(ScriptEngine.java:194)
	at com.kms.katalon.core.main.ScriptEngine.runScriptAsRawText(ScriptEngine.java:119)
	at com.kms.katalon.core.main.TestCaseExecutor.runScript(TestCaseExecutor.java:337)
	at com.kms.katalon.core.main.TestCaseExecutor.doExecute(TestCaseExecutor.java:328)
	at com.kms.katalon.core.main.TestCaseExecutor.processExecutionPhase(TestCaseExecutor.java:307)
	at com.kms.katalon.core.main.TestCaseExecutor.accessMainPhase(TestCaseExecutor.java:299)
	at com.kms.katalon.core.main.TestCaseExecutor.execute(TestCaseExecutor.java:233)
	at com.kms.katalon.core.main.TestSuiteExecutor.accessTestCaseMainPhase(TestSuiteExecutor.java:169)
	at com.kms.katalon.core.main.TestSuiteExecutor.accessTestSuiteMainPhase(TestSuiteExecutor.java:142)
	at com.kms.katalon.core.main.TestSuiteExecutor.execute(TestSuiteExecutor.java:91)
	at com.kms.katalon.core.main.TestCaseMain.startTestSuite(TestCaseMain.java:157)
	at com.kms.katalon.core.main.TestCaseMain$startTestSuite$0.call(Unknown Source)
	at TempTestSuite1587039002449.run(TempTestSuite1587039002449.groovy:36)
Caused by: com.kms.katalon.core.exception.StepFailedException: Unable to wait for object 'Object Repository/WO_Consumer/Page_/a_Feedback' to be clickable (Root cause: com.kms.katalon.core.exception.StepFailedException: Unable to wait for object 'Object Repository/WO_Consumer/Page_/a_Feedback' to be clickable
	at com.kms.katalon.core.webui.keyword.internal.WebUIKeywordMain.stepFailed(WebUIKeywordMain.groovy:64)
	at com.kms.katalon.core.webui.keyword.internal.WebUIKeywordMain.runKeyword(WebUIKeywordMain.groovy:26)
	at com.kms.katalon.core.webui.keyword.internal.WebUIKeywordMain$runKeyword.call(Unknown Source)
	at com.kms.katalon.core.webui.keyword.builtin.WaitForElementClickableKeyword.waitForElementClickable(WaitForElementClickableKeyword.groovy:107)
	at com.kms.katalon.core.webui.keyword.builtin.WaitForElementClickableKeyword.execute(WaitForElementClickableKeyword.groovy:68)
	at com.kms.katalon.core.keyword.internal.KeywordExecutor.executeKeywordForPlatform(KeywordExecutor.groovy:72)
	at com.kms.katalon.core.webui.keyword.WebUiBuiltInKeywords.waitForElementClickable(WebUiBuiltInKeywords.groovy:500)
	at com.kms.katalon.core.webui.keyword.WebUiBuiltInKeywords$waitForElementClickable$1.call(Unknown Source)
	at Select_Consumer.run(Select_Consumer:66)
	at com.kms.katalon.core.main.ScriptEngine.run(ScriptEngine.java:194)
	at com.kms.katalon.core.main.ScriptEngine.runScriptAsRawText(ScriptEngine.java:119)
	at com.kms.katalon.core.main.TestCaseExecutor.runScript(TestCaseExecutor.java:337)
	at com.kms.katalon.core.main.TestCaseExecutor.doExecute(TestCaseExecutor.java:328)
	at com.kms.katalon.core.main.TestCaseExecutor.processExecutionPhase(TestCaseExecutor.java:307)
	at com.kms.katalon.core.main.TestCaseExecutor.accessMainPhase(TestCaseExecutor.java:299)
	at com.kms.katalon.core.main.TestCaseExecutor.execute(TestCaseExecutor.java:233)
	at com.kms.katalon.core.main.TestCaseMain.runTestCase(TestCaseMain.java:114)
	at com.kms.katalon.core.keyword.builtin.CallTestCaseKeyword$_callTestCase_closure1.doCall(CallTestCaseKeyword.groovy:59)
	at com.kms.katalon.core.keyword.builtin.CallTestCaseKeyword$_callTestCase_closure1.call(CallTestCaseKeyword.groovy)
	at com.kms.katalon.core.keyword.internal.KeywordMain.runKeyword(KeywordMain.groovy:68)
	at com.kms.katalon.core.keyword.builtin.CallTestCaseKeyword.callTestCase(CallTestCaseKeyword.groovy:81)
	at com.kms.katalon.core.keyword.builtin.CallTestCaseKeyword.execute(CallTestCaseKeyword.groovy:44)
	at com.kms.katalon.core.keyword.internal.KeywordExecutor.executeKeywordForPlatform(KeywordExecutor.groovy:72)
	at com.kms.katalon.core.keyword.BuiltinKeywords.callTestCase(BuiltinKeywords.groovy:334)
	at WebOffice_Consumer_Search.run(WebOffice_Consumer_Search:72)
	at com.kms.katalon.core.main.ScriptEngine.run(ScriptEngine.java:194)
	at com.kms.katalon.core.main.ScriptEngine.runScriptAsRawText(ScriptEngine.java:119)
	at com.kms.katalon.core.main.TestCaseExecutor.runScript(TestCaseExecutor.java:337)
	at com.kms.katalon.core.main.TestCaseExecutor.doExecute(TestCaseExecutor.java:328)
	at com.kms.katalon.core.main.TestCaseExecutor.processExecutionPhase(TestCaseExecutor.java:307)
	at com.kms.katalon.core.main.TestCaseExecutor.accessMainPhase(TestCaseExecutor.java:299)
	at com.kms.katalon.core.main.TestCaseExecutor.execute(TestCaseExecutor.java:233)
	at com.kms.katalon.core.main.TestSuiteExecutor.accessTestCaseMainPhase(TestSuiteExecutor.java:169)
	at com.kms.katalon.core.main.TestSuiteExecutor.accessTestSuiteMainPhase(TestSuiteExecutor.java:142)
	at com.kms.katalon.core.main.TestSuiteExecutor.execute(TestSuiteExecutor.java:91)
	at com.kms.katalon.core.main.TestCaseMain.startTestSuite(TestCaseMain.java:157)
	at com.kms.katalon.core.main.TestCaseMain$startTestSuite$0.call(Unknown Source)
	at TempTestSuite1587039002449.run(TempTestSuite1587039002449.groovy:36)
Caused by: org.openqa.selenium.NoSuchWindowException: no such window
  (Session info: chrome=81.0.4044.92)
Build info: version: '3.141.59', revision: 'e82be7d358', time: '2018-11-14T08:25:53'
System info: host: 'VETTEDSP36RF', ip: '192.168.1.238', os.name: 'Windows 10', os.arch: 'x86', os.version: '10.0', java.version: '1.8.0_181'
Driver info: com.kms.katalon.selenium.driver.CChromeDriver
Capabilities {acceptInsecureCerts: false, browserName: chrome, browserVersion: 81.0.4044.92, chrome: {chromedriverVersion: 81.0.4044.69 (6813546031a4b..., userDataDir: C:\Users\davidho\AppData\Lo...}, goog:chromeOptions: {debuggerAddress: localhost:57622}, javascriptEnabled: true, networkConnectionEnabled: false, pageLoadStrategy: normal, platform: WINDOWS, platformName: WINDOWS, proxy: Proxy(), setWindowRect: true, strictFileInteractability: false, timeouts: {implicit: 0, pageLoad: 300000, script: 30000}, unhandledPromptBehavior: dismiss and notify, webauthn:virtualAuthenticators: true}
Session ID: 82a819c1544a4ed45bb115c5d41ab825
*** Element info: {Using=xpath, value=//table[@id='gvResults']/tbody/tr/th[5]/a}
	at org.openqa.selenium.remote.http.W3CHttpResponseCodec.createException(W3CHttpResponseCodec.java:187)
	at org.openqa.selenium.remote.http.W3CHttpResponseCodec.decode(W3CHttpResponseCodec.java:122)
	at org.openqa.selenium.remote.http.W3CHttpResponseCodec.decode(W3CHttpResponseCodec.java:49)
	at org.openqa.selenium.remote.HttpCommandExecutor.execute(HttpCommandExecutor.java:158)
	at org.openqa.selenium.remote.service.DriverCommandExecutor.execute(DriverCommandExecutor.java:83)
	at org.openqa.selenium.remote.RemoteWebDriver.execute(RemoteWebDriver.java:552)
	at com.kms.katalon.selenium.driver.CChromeDriver.execute(CChromeDriver.java:19)
	at org.openqa.selenium.remote.RemoteWebDriver.findElements(RemoteWebDriver.java:353)
	at org.openqa.selenium.remote.RemoteWebDriver.findElementsByXPath(RemoteWebDriver.java:432)
	at org.openqa.selenium.By$ByXPath.findElements(By.java:348)
	at org.openqa.selenium.remote.RemoteWebDriver.findElements(RemoteWebDriver.java:311)
	at org.openqa.selenium.support.events.EventFiringWebDriver.lambda$new$1(EventFiringWebDriver.java:105)
	at com.sun.proxy.$Proxy8.findElements(Unknown Source)
	at org.openqa.selenium.support.events.EventFiringWebDriver.findElements(EventFiringWebDriver.java:182)
	at com.kms.katalon.core.webui.common.WebUiCommonHelper.findWebElements(WebUiCommonHelper.java:789)
	at com.kms.katalon.core.webui.common.WebUiCommonHelper.findWebElement(WebUiCommonHelper.java:1150)
	at com.kms.katalon.core.webui.keyword.internal.WebUIAbstractKeyword.findWebElement(WebUIAbstractKeyword.groovy:27)
	at com.kms.katalon.core.webui.keyword.internal.WebUIAbstractKeyword$findWebElement.call(Unknown Source)
	at com.kms.katalon.core.webui.keyword.builtin.WaitForElementClickableKeyword$_waitForElementClickable_closure1.doCall(WaitForElementClickableKeyword.groovy:79)
	at com.kms.katalon.core.webui.keyword.builtin.WaitForElementClickableKeyword$_waitForElementClickable_closure1.doCall(WaitForElementClickableKeyword.groovy)
	at com.kms.katalon.core.webui.keyword.internal.WebUIKeywordMain.runKeyword(WebUIKeywordMain.groovy:20)
	at com.kms.katalon.core.webui.keyword.internal.WebUIKeywordMain$runKeyword.call(Unknown Source)
	at com.kms.katalon.core.webui.keyword.builtin.WaitForElementClickableKeyword.waitForElementClickable(WaitForElementClickableKeyword.groovy:107)
	at com.kms.katalon.core.webui.keyword.builtin.WaitForElementClickableKeyword.execute(WaitForElementClickableKeyword.groovy:68)
	at com.kms.katalon.core.keyword.internal.KeywordExecutor.executeKeywordForPlatform(KeywordExecutor.groovy:72)
	at com.kms.katalon.core.webui.keyword.WebUiBuiltInKeywords.waitForElementClickable(WebUiBuiltInKeywords.groovy:500)
	at com.kms.katalon.core.webui.keyword.WebUiBuiltInKeywords$waitForElementClickable$1.call(Unknown Source)
	at Script1575023634666.run(Script1575023634666.groovy:66)
	at com.kms.katalon.core.main.ScriptEngine.run(ScriptEngine.java:194)
	at com.kms.katalon.core.main.ScriptEngine.runScriptAsRawText(ScriptEngine.java:119)
	at com.kms.katalon.core.main.TestCaseExecutor.runScript(TestCaseExecutor.java:337)
	at com.kms.katalon.core.main.TestCaseExecutor.doExecute(TestCaseExecutor.java:328)
	at com.kms.katalon.core.main.TestCaseExecutor.processExecutionPhase(TestCaseExecutor.java:307)
	at com.kms.katalon.core.main.TestCaseExecutor.accessMainPhase(TestCaseExecutor.java:299)
	at com.kms.katalon.core.main.TestCaseExecutor.execute(TestCaseExecutor.java:233)
	at com.kms.katalon.core.main.TestCaseMain.runTestCase(TestCaseMain.java:114)
	at com.kms.katalon.core.keyword.builtin.CallTestCaseKeyword$_callTestCase_closure1.doCall(CallTestCaseKeyword.groovy:59)
	at com.kms.katalon.core.keyword.builtin.CallTestCaseKeyword$_callTestCase_closure1.call(CallTestCaseKeyword.groovy)
	at com.kms.katalon.core.keyword.internal.KeywordMain.runKeyword(KeywordMain.groovy:68)
	at com.kms.katalon.core.keyword.builtin.CallTestCaseKeyword.callTestCase(CallTestCaseKeyword.groovy:81)
	at com.kms.katalon.core.keyword.builtin.CallTestCaseKeyword.execute(CallTestCaseKeyword.groovy:44)
	at com.kms.katalon.core.keyword.internal.KeywordExecutor.executeKeywordForPlatform(KeywordExecutor.groovy:72)
	at com.kms.katalon.core.keyword.BuiltinKeywords.callTestCase(BuiltinKeywords.groovy:334)
	at Script1575020271586.run(Script1575020271586.groovy:72)
	... 13 more
)
	at com.kms.katalon.core.keyword.internal.KeywordMain.stepFailed(KeywordMain.groovy:39)
	at com.kms.katalon.core.webui.keyword.internal.WebUIKeywordMain.stepFailed(WebUIKeywordMain.groovy:64)
	at com.kms.katalon.core.webui.keyword.internal.WebUIKeywordMain.runKeyword(WebUIKeywordMain.groovy:26)
	at com.kms.katalon.core.webui.keyword.internal.WebUIKeywordMain$runKeyword.call(Unknown Source)
	at com.kms.katalon.core.webui.keyword.builtin.WaitForElementClickableKeyword.waitForElementClickable(WaitForElementClickableKeyword.groovy:107)
	at com.kms.katalon.core.webui.keyword.builtin.WaitForElementClickableKeyword.execute(WaitForElementClickableKeyword.groovy:68)
	at com.kms.katalon.core.keyword.internal.KeywordExecutor.executeKeywordForPlatform(KeywordExecutor.groovy:72)
	at com.kms.katalon.core.webui.keyword.WebUiBuiltInKeywords.waitForElementClickable(WebUiBuiltInKeywords.groovy:500)
	at com.kms.katalon.core.webui.keyword.WebUiBuiltInKeywords$waitForElementClickable$1.call(Unknown Source)
	at Select_Consumer.run(Select_Consumer:66)
	at com.kms.katalon.core.main.ScriptEngine.run(ScriptEngine.java:194)
	at com.kms.katalon.core.main.ScriptEngine.runScriptAsRawText(ScriptEngine.java:119)
	at com.kms.katalon.core.main.TestCaseExecutor.runScript(TestCaseExecutor.java:337)
	at com.kms.katalon.core.main.TestCaseExecutor.doExecute(TestCaseExecutor.java:328)
	at com.kms.katalon.core.main.TestCaseExecutor.processExecutionPhase(TestCaseExecutor.java:307)
	at com.kms.katalon.core.main.TestCaseExecutor.accessMainPhase(TestCaseExecutor.java:299)
	at com.kms.katalon.core.main.TestCaseExecutor.execute(TestCaseExecutor.java:233)
	at com.kms.katalon.core.main.TestCaseMain.runTestCase(TestCaseMain.java:114)
	at com.kms.katalon.core.keyword.builtin.CallTestCaseKeyword$_callTestCase_closure1.doCall(CallTestCaseKeyword.groovy:59)
	... 20 more
Caused by: com.kms.katalon.core.exception.StepFailedException: Unable to wait for object 'Object Repository/WO_Consumer/Page_/a_Feedback' to be clickable
	... 38 more
Caused by: org.openqa.selenium.NoSuchWindowException: no such window
  (Session info: chrome=81.0.4044.92)
Build info: version: '3.141.59', revision: 'e82be7d358', time: '2018-11-14T08:25:53'
System info: host: 'VETTEDSP36RF', ip: '192.168.1.238', os.name: 'Windows 10', os.arch: 'x86', os.version: '10.0', java.version: '1.8.0_181'
Driver info: com.kms.katalon.selenium.driver.CChromeDriver
Capabilities {acceptInsecureCerts: false, browserName: chrome, browserVersion: 81.0.4044.92, chrome: {chromedriverVersion: 81.0.4044.69 (6813546031a4b..., userDataDir: C:\Users\davidho\AppData\Lo...}, goog:chromeOptions: {debuggerAddress: localhost:57622}, javascriptEnabled: true, networkConnectionEnabled: false, pageLoadStrategy: normal, platform: WINDOWS, platformName: WINDOWS, proxy: Proxy(), setWindowRect: true, strictFileInteractability: false, timeouts: {implicit: 0, pageLoad: 300000, script: 30000}, unhandledPromptBehavior: dismiss and notify, webauthn:virtualAuthenticators: true}
Session ID: 82a819c1544a4ed45bb115c5d41ab825
*** Element info: {Using=xpath, value=//table[@id='gvResults']/tbody/tr/th[5]/a}
	at org.openqa.selenium.remote.http.W3CHttpResponseCodec.createException(W3CHttpResponseCodec.java:187)
	at org.openqa.selenium.remote.http.W3CHttpResponseCodec.decode(W3CHttpResponseCodec.java:122)
	at org.openqa.selenium.remote.http.W3CHttpResponseCodec.decode(W3CHttpResponseCodec.java:49)
	at org.openqa.selenium.remote.HttpCommandExecutor.execute(HttpCommandExecutor.java:158)
	at org.openqa.selenium.remote.service.DriverCommandExecutor.execute(DriverCommandExecutor.java:83)
	at org.openqa.selenium.remote.RemoteWebDriver.execute(RemoteWebDriver.java:552)
	at com.kms.katalon.selenium.driver.CChromeDriver.execute(CChromeDriver.java:19)
	at org.openqa.selenium.remote.RemoteWebDriver.findElements(RemoteWebDriver.java:353)
	at org.openqa.selenium.remote.RemoteWebDriver.findElementsByXPath(RemoteWebDriver.java:432)
	at org.openqa.selenium.By$ByXPath.findElements(By.java:348)
	at org.openqa.selenium.remote.RemoteWebDriver.findElements(RemoteWebDriver.java:311)
	at org.openqa.selenium.support.events.EventFiringWebDriver.lambda$new$1(EventFiringWebDriver.java:105)
	at com.sun.proxy.$Proxy8.findElements(Unknown Source)
	at org.openqa.selenium.support.events.EventFiringWebDriver.findElements(EventFiringWebDriver.java:182)
	at com.kms.katalon.core.webui.common.WebUiCommonHelper.findWebElements(WebUiCommonHelper.java:789)
	at com.kms.katalon.core.webui.common.WebUiCommonHelper.findWebElement(WebUiCommonHelper.java:1150)
	at com.kms.katalon.core.webui.keyword.internal.WebUIAbstractKeyword.findWebElement(WebUIAbstractKeyword.groovy:27)
	at com.kms.katalon.core.webui.keyword.internal.WebUIAbstractKeyword$findWebElement.call(Unknown Source)
	at com.kms.katalon.core.webui.keyword.builtin.WaitForElementClickableKeyword$_waitForElementClickable_closure1.doCall(WaitForElementClickableKeyword.groovy:79)
	at com.kms.katalon.core.webui.keyword.builtin.WaitForElementClickableKeyword$_waitForElementClickable_closure1.doCall(WaitForElementClickableKeyword.groovy)
	at com.kms.katalon.core.webui.keyword.internal.WebUIKeywordMain.runKeyword(WebUIKeywordMain.groovy:20)
	... 36 more
)

2020-04-16 13:38:26 - [TEST_STEP][PASSED] - "--------------------------------------": null

2020-04-16 13:38:26 - [TEST_STEP][PASSED] - " Verify Returned Consumer Record      |": null

2020-04-16 13:38:26 - [TEST_STEP][PASSED] - callTestCase(findTestCase("Reusable_Test_Sequences/Web_Office/Verification/Consumer_Returned_Search_Record"), [:], OPTIONAL): Call Test Case 'Test Cases/Reusable_Test_Sequences/Web_Office/Verification/Consumer_Returned_Search_Record' successfully

2020-04-16 13:38:27 - [TEST_CASE][PASSED] - Test Cases/Reusable_Test_Sequences/Web_Office/Verification/Consumer_Returned_Search_Record: Test Cases/Reusable_Test_Sequences/Web_Office/Verification/Consumer_Returned_Search_Record

2020-04-16 13:38:27 - [TEST_STEP][PASSED] - "--------------------------------": null

2020-04-16 13:38:27 - [TEST_STEP][PASSED] - "Read data from spreadsheet      | r_ = Returned Data": null

2020-04-16 13:38:27 - [TEST_STEP][PASSED] - data = findTestData("Data Files/Consumer_Data (1)"): null

2020-04-16 13:38:27 - [TEST_STEP][PASSED] - Consumer_ID = data.getValue("Consumer_ID", row): null

2020-04-16 13:38:27 - [TEST_STEP][PASSED] - Title = data.getValue("r_Title", row): null

2020-04-16 13:38:27 - [TEST_STEP][PASSED] - Forenames = data.getValue("r_Forenames", row): null

2020-04-16 13:38:27 - [TEST_STEP][PASSED] - Surname = data.getValue("r_Surname", row): null

2020-04-16 13:38:27 - [TEST_STEP][PASSED] - Housename = data.getValue("r_Housename", row): null

2020-04-16 13:38:27 - [TEST_STEP][PASSED] - Number_Street = data.getValue("r_Number_and_Street", row): null

2020-04-16 13:38:27 - [TEST_STEP][PASSED] - City = data.getValue("r_City", row): null

2020-04-16 13:38:27 - [TEST_STEP][PASSED] - Town = data.getValue("r_Town", row): null

2020-04-16 13:38:27 - [TEST_STEP][PASSED] - County = data.getValue("r_County", row): null

2020-04-16 13:38:27 - [TEST_STEP][PASSED] - Postcode = data.getValue("r_Postcode", row): null

2020-04-16 13:38:27 - [TEST_STEP][PASSED] - Phone1 = data.getValue("r_Phone_1", row): null

2020-04-16 13:38:27 - [TEST_STEP][PASSED] - Phone2 = data.getValue("r_Phone_2", row): null

2020-04-16 13:38:27 - [TEST_STEP][PASSED] - Fax = data.getValue("r_Fax", row): null

2020-04-16 13:38:27 - [TEST_STEP][PASSED] - r_Full_Name = data.getValue("r_Full_Name", 1): null

2020-04-16 13:38:27 - [TEST_STEP][PASSED] - r_Full_Address = data.getValue("r_Full_Address", 1): null

2020-04-16 13:38:27 - [TEST_STEP][PASSED] - "--------------------------------": null

2020-04-16 13:38:27 - [TEST_STEP][PASSED] - "Read data from spreadsheet      |": null

2020-04-16 13:38:27 - [TEST_STEP][PASSED] - Actual_Page_Text = "": null

2020-04-16 13:38:27 - [TEST_STEP][PASSED] - Expected_Page_Text = "": null

2020-04-16 13:38:27 - [TEST_STEP][PASSED] - waitForPageLoad(60): Wait for page load successfully

2020-04-16 13:38:27 - [MESSAGE][PASSED] - Wait for page load successfully

2020-04-16 13:38:27 - [TEST_STEP][PASSED] - delay(1): Delayed 1 second(s)

2020-04-16 13:38:28 - [MESSAGE][PASSED] - Delayed 1 second(s)

2020-04-16 13:38:28 - [TEST_STEP][PASSED] - "HEADER DETAIL - iFrame": null

2020-04-16 13:38:28 - [TEST_STEP][PASSED] - "----------------": null

2020-04-16 13:38:28 - [TEST_STEP][PASSED] - "Full Name       |": null

2020-04-16 13:38:28 - [TEST_STEP][PASSED] - verifyElementPresent(findTestObject("Object Repository/WO_Consumer/Page_/Page_/a_Mr Gordon Brown"), 25): Object 'Object Repository/WO_Consumer/Page_/Page_/a_Mr Gordon Brown' is present

2020-04-16 13:38:29 - [MESSAGE][PASSED] - Object 'Object Repository/WO_Consumer/Page_/Page_/a_Mr Gordon Brown' is present

2020-04-16 13:38:29 - [TEST_STEP][PASSED] - "----------------": null

2020-04-16 13:38:29 - [TEST_STEP][PASSED] - "Full Address    |": null

2020-04-16 13:38:29 - [TEST_STEP][PASSED] - verifyElementPresent(findTestObject("Object Repository/WO_Consumer/Page_/Page_/div_Haywards Heath West Sussex RH16 4ER4477_d20822"), 25): Object 'Object Repository/WO_Consumer/Page_/Page_/div_Haywards Heath West Sussex RH16 4ER4477_d20822' is present

2020-04-16 13:38:29 - [MESSAGE][PASSED] - Object 'Object Repository/WO_Consumer/Page_/Page_/div_Haywards Heath West Sussex RH16 4ER4477_d20822' is present

2020-04-16 13:38:29 - [TEST_STEP][PASSED] - "BODY DETAIL - iFrame": null

2020-04-16 13:38:29 - [TEST_STEP][PASSED] - "----------------": null

2020-04-16 13:38:29 - [TEST_STEP][PASSED] - "EDIT Consumer   |": null

2020-04-16 13:38:29 - [TEST_STEP][PASSED] - verifyElementPresent(findTestObject("Object Repository/WO_Consumer/Page_/Page_/input_Title_ctledittbTitle"), 25): Object 'Object Repository/WO_Consumer/Page_/Page_/input_Title_ctledittbTitle' is present

2020-04-16 13:38:30 - [MESSAGE][PASSED] - Object 'Object Repository/WO_Consumer/Page_/Page_/input_Title_ctledittbTitle' is present

2020-04-16 13:38:30 - [TEST_STEP][PASSED] - "----------------": null

2020-04-16 13:38:30 - [TEST_STEP][PASSED] - "Address         |": null

2020-04-16 13:38:30 - [TEST_STEP][PASSED] - verifyElementPresent(findTestObject("Object Repository/WO_Consumer/Page_/Page_/span_Please ensure the Street  Road name is_e38a58"), 25): Object 'Object Repository/WO_Consumer/Page_/Page_/span_Please ensure the Street  Road name is_e38a58' is present

2020-04-16 13:38:30 - [MESSAGE][PASSED] - Object 'Object Repository/WO_Consumer/Page_/Page_/span_Please ensure the Street  Road name is_e38a58' is present

2020-04-16 13:38:30 - [MESSAGE][PASSED] - Call Test Case 'Test Cases/Reusable_Test_Sequences/Web_Office/Verification/Consumer_Returned_Search_Record' successfully

2020-04-16 13:38:30 - [TEST_STEP][PASSED] - "--------------------------": null

2020-04-16 13:38:30 - [TEST_STEP][PASSED] - " Teardown - CLose Browser |": null

2020-04-16 13:38:30 - [TEST_STEP][PASSED] - callTestCase(findTestCase("Reusable_Test_Sequences/CAT_Teardown"), [:], OPTIONAL): Call Test Case 'Test Cases/Reusable_Test_Sequences/CAT_Teardown' successfully

2020-04-16 13:38:30 - [TEST_CASE][PASSED] - Test Cases/Reusable_Test_Sequences/CAT_Teardown: Test Cases/Reusable_Test_Sequences/CAT_Teardown

2020-04-16 13:38:30 - [TEST_STEP][PASSED] - closeBrowser(): Browser is closed

2020-04-16 13:38:31 - [MESSAGE][PASSED] - Browser is closed

2020-04-16 13:38:31 - [TEST_STEP][PASSED] - super.finalize(): null

2020-04-16 13:38:31 - [TEST_STEP][PASSED] - System.gc(): null

2020-04-16 13:38:31 - [MESSAGE][PASSED] - Call Test Case 'Test Cases/Reusable_Test_Sequences/CAT_Teardown' successfully]]></system-out>
         <system-err><![CDATA[]]></system-err>
      </testcase>
      <testcase name="Test Cases/Web_Office/WebOffice_Header_Search" time="133.356" classname="Test Cases/Web_Office/WebOffice_Header_Search" status="PASSED">
         <system-out><![CDATA[2020-04-16 13:38:31 - [TEST_CASE][PASSED] - Test Cases/Web_Office/WebOffice_Header_Search: Test Cases/Web_Office/WebOffice_Header_Search

2020-04-16 13:38:32 - [TEST_STEP][PASSED] - for ([row = 1, row <= findTestData("Mobile_Test_Data").getRowNumbers(), (internal.GlobalVariable.row++)]): Call Test Case 'Test Cases/Reusable_Test_Sequences/CAT_Teardown' successfully

2020-04-16 13:38:32 - [TEST_STEP][PASSED] - "--------------------------------------": null

2020-04-16 13:38:32 - [TEST_STEP][PASSED] - " Web Office StartUp                  |": null

2020-04-16 13:38:32 - [TEST_STEP][PASSED] - callTestCase(findTestCase("Reusable_Test_Sequences/Web_Office/Directives/WebOffice_StartUp"), [:], STOP_ON_FAILURE): Call Test Case 'Test Cases/Reusable_Test_Sequences/Web_Office/Directives/WebOffice_StartUp' successfully

2020-04-16 13:38:32 - [TEST_CASE][PASSED] - Test Cases/Reusable_Test_Sequences/Web_Office/Directives/WebOffice_StartUp: Test Cases/Reusable_Test_Sequences/Web_Office/Directives/WebOffice_StartUp

2020-04-16 13:38:32 - [TEST_STEP][PASSED] - "-----------------------------------------------------------------------------": null

2020-04-16 13:38:32 - [TEST_STEP][PASSED] - if (URL == "https://www.dev.checkatrade.com/"): null

2020-04-16 13:38:32 - [TEST_STEP][PASSED] - "-----------------------------------------------------------------------------": null

2020-04-16 13:38:32 - [TEST_STEP][PASSED] - if (URL == "https://www.checkatrade.com/"): null

2020-04-16 13:38:32 - [TEST_STEP][PASSED] - "-----------------------------------------------------------------------------": null

2020-04-16 13:38:32 - [TEST_STEP][PASSED] - if (URL == "https://www.preview.checkatrade.com/"): null

2020-04-16 13:38:32 - [TEST_STEP][PASSED] - WebOfficeURL = "https://admin.preview.checkatrade.com/": null

2020-04-16 13:38:32 - [TEST_STEP][PASSED] - if (URL == "https://www.dev2.checkatrade.com/"): null

2020-04-16 13:38:32 - [TEST_STEP][PASSED] - "Set Function Area for "URL_Handler", URL Resolution": null

2020-04-16 13:38:32 - [TEST_STEP][PASSED] - "Do Some Magic with URL(s) See the comments within URL Handler ": null

2020-04-16 13:38:32 - [TEST_STEP][PASSED] - "------------------------------------------------": null

2020-04-16 13:38:32 - [TEST_STEP][PASSED] - "Moved Login Credentials to <Default> profile 22/01/2020": null

2020-04-16 13:38:32 - [TEST_STEP][PASSED] - "------------------------------------------------": null

2020-04-16 13:38:32 - [TEST_STEP][PASSED] - "WebOfficeURL - Set from the ENVIRONMENT PROFILE ": null

2020-04-16 13:38:32 - [TEST_STEP][PASSED] - "OPEN BROWSER": null

2020-04-16 13:38:32 - [TEST_STEP][PASSED] - "eg - https://admin.preview.checkatrade.com/  ": null

2020-04-16 13:38:32 - [TEST_STEP][PASSED] - openBrowser(WebOfficeURL): Browser is opened with url: 'https://admin.preview.checkatrade.com/'

2020-04-16 13:38:32 - [MESSAGE][INFO] - Starting 'Chrome' driver

2020-04-16 13:38:32 - [MESSAGE][INFO] - Action delay is set to 0 milliseconds

2020-04-16 13:38:38 - [MESSAGE][PASSED] - Browser is opened with url: 'https://admin.preview.checkatrade.com/'

2020-04-16 13:38:38 - [TEST_STEP][PASSED] - maximizeWindow(): Current window maximized

2020-04-16 13:38:40 - [MESSAGE][PASSED] - Current window maximized

2020-04-16 13:38:40 - [TEST_STEP][PASSED] - waitForElementClickable(findTestObject("Object Repository/WebOffice/Page_Checkatrade - Administration - Login/Login_Button"), 25): Object 'Object Repository/WebOffice/Page_Checkatrade - Administration - Login/Login_Button' is clickable

2020-04-16 13:38:40 - [MESSAGE][PASSED] - Object 'Object Repository/WebOffice/Page_Checkatrade - Administration - Login/Login_Button' is clickable

2020-04-16 13:38:40 - [TEST_STEP][PASSED] - verifyTextPresent("Checkatrade Web Office", false): Text 'Checkatrade Web Office' is present on page 

2020-04-16 13:38:41 - [MESSAGE][PASSED] - Text 'Checkatrade Web Office' is present on page 

2020-04-16 13:38:41 - [TEST_STEP][PASSED] - verifyTextPresent("Access for staff use only", false): Text 'Access for staff use only' is present on page 

2020-04-16 13:38:41 - [MESSAGE][PASSED] - Text 'Access for staff use only' is present on page 

2020-04-16 13:38:41 - [TEST_STEP][PASSED] - verifyTextPresent("Forgotten password?", false): Text 'Forgotten password?' is present on page 

2020-04-16 13:38:41 - [MESSAGE][PASSED] - Text 'Forgotten password?' is present on page 

2020-04-16 13:38:41 - [TEST_STEP][PASSED] - setText(findTestObject("Object Repository/WebOffice/Page_Checkatrade - Administration - Login/input_Username_LoginControlUserName"), wo_Username): Text 'DavidHo' is set on object 'Object Repository/WebOffice/Page_Checkatrade - Administration - Login/input_Username_LoginControlUserName'

2020-04-16 13:38:41 - [MESSAGE][PASSED] - Text 'DavidHo' is set on object 'Object Repository/WebOffice/Page_Checkatrade - Administration - Login/input_Username_LoginControlUserName'

2020-04-16 13:38:41 - [TEST_STEP][PASSED] - setText(findTestObject("Object Repository/WebOffice/Page_Checkatrade - Administration - Login/input_Password_LoginControlPassword"), wo_Password): Text 'Check123' is set on object 'Object Repository/WebOffice/Page_Checkatrade - Administration - Login/input_Password_LoginControlPassword'

2020-04-16 13:38:41 - [MESSAGE][PASSED] - Text 'Check123' is set on object 'Object Repository/WebOffice/Page_Checkatrade - Administration - Login/input_Password_LoginControlPassword'

2020-04-16 13:38:41 - [TEST_STEP][PASSED] - click(findTestObject("Object Repository/WebOffice/Page_Checkatrade - Administration - Login/Login_Button")): Object: 'Object Repository/WebOffice/Page_Checkatrade - Administration - Login/Login_Button' is clicked on

2020-04-16 13:38:43 - [MESSAGE][PASSED] - Object: 'Object Repository/WebOffice/Page_Checkatrade - Administration - Login/Login_Button' is clicked on

2020-04-16 13:38:43 - [TEST_STEP][PASSED] - waitForPageLoad(60): Wait for page load successfully

2020-04-16 13:38:43 - [MESSAGE][PASSED] - Wait for page load successfully

2020-04-16 13:38:43 - [TEST_STEP][PASSED] - verifyTextPresent("Welcome " + wo_Username, false): Text 'Welcome DavidHo' is present on page 

2020-04-16 13:38:43 - [MESSAGE][PASSED] - Text 'Welcome DavidHo' is present on page 

2020-04-16 13:38:43 - [MESSAGE][PASSED] - Call Test Case 'Test Cases/Reusable_Test_Sequences/Web_Office/Directives/WebOffice_StartUp' successfully

2020-04-16 13:38:43 - [TEST_STEP][PASSED] - "--------------------------------------": null

2020-04-16 13:38:43 - [TEST_STEP][PASSED] - " Home Page - Search                   |": null

2020-04-16 13:38:43 - [TEST_STEP][PASSED] - callTestCase(findTestCase("Reusable_Test_Sequences/Web_Office/Home_Page_Search"), [:], STOP_ON_FAILURE): Call Test Case 'Test Cases/Reusable_Test_Sequences/Web_Office/Home_Page_Search' successfully

2020-04-16 13:38:43 - [TEST_CASE][PASSED] - Test Cases/Reusable_Test_Sequences/Web_Office/Home_Page_Search: Test Cases/Reusable_Test_Sequences/Web_Office/Home_Page_Search

2020-04-16 13:38:43 - [TEST_STEP][PASSED] - setText(findTestObject("Object Repository/WebOffice_Home_page/input_Search_Criteria"), findTestData("searchTestData").getValue("Search_Selector", row)): Text '07818 446596' is set on object 'Object Repository/WebOffice_Home_page/input_Search_Criteria'

2020-04-16 13:38:44 - [MESSAGE][PASSED] - Text '07818 446596' is set on object 'Object Repository/WebOffice_Home_page/input_Search_Criteria'

2020-04-16 13:38:44 - [TEST_STEP][PASSED] - delay(1): Delayed 1 second(s)

2020-04-16 13:38:45 - [MESSAGE][PASSED] - Delayed 1 second(s)

2020-04-16 13:38:45 - [TEST_STEP][PASSED] - click(findTestObject("Object Repository/WebOffice_Home_page/popout_Search_Item")): Object: 'Object Repository/WebOffice_Home_page/popout_Search_Item' is clicked on

2020-04-16 13:38:48 - [MESSAGE][PASSED] - Object: 'Object Repository/WebOffice_Home_page/popout_Search_Item' is clicked on

2020-04-16 13:38:48 - [TEST_STEP][PASSED] - waitForPageLoad(60): Wait for page load successfully

2020-04-16 13:38:48 - [MESSAGE][PASSED] - Wait for page load successfully

2020-04-16 13:38:48 - [MESSAGE][PASSED] - Call Test Case 'Test Cases/Reusable_Test_Sequences/Web_Office/Home_Page_Search' successfully

2020-04-16 13:38:48 - [TEST_STEP][PASSED] - "--------------------------------------": null

2020-04-16 13:38:48 - [TEST_STEP][PASSED] - " Web Office - Verify Returned Record  |": null

2020-04-16 13:38:48 - [TEST_STEP][PASSED] - callTestCase(findTestCase("Reusable_Test_Sequences/Web_Office/Verification/Trader_Record"), [:], OPTIONAL): Call Test Case 'Test Cases/Reusable_Test_Sequences/Web_Office/Verification/Trader_Record' successfully

2020-04-16 13:38:48 - [TEST_CASE][PASSED] - Test Cases/Reusable_Test_Sequences/Web_Office/Verification/Trader_Record: Test Cases/Reusable_Test_Sequences/Web_Office/Verification/Trader_Record

2020-04-16 13:38:49 - [TEST_STEP][PASSED] - verifyTextPresent(findTestData("searchTestData").getValue("tradeName", row), false, CONTINUE_ON_FAILURE): Text 'Foster Tree Care' is present on page 

2020-04-16 13:38:49 - [MESSAGE][PASSED] - Text 'Foster Tree Care' is present on page 

2020-04-16 13:38:49 - [TEST_STEP][PASSED] - verifyTextPresent(findTestData("searchTestData").getValue("primeContact", row), false, CONTINUE_ON_FAILURE): Text 'Jim Foster' is present on page 

2020-04-16 13:38:50 - [MESSAGE][PASSED] - Text 'Jim Foster' is present on page 

2020-04-16 13:38:50 - [TEST_STEP][PASSED] - verifyTextPresent(findTestData("searchTestData").getValue("address", row), false, CONTINUE_ON_FAILURE): Text '70 Worthing Avenue, Gosport, Hampshire, PO12 4DH' is present on page 

2020-04-16 13:38:50 - [MESSAGE][PASSED] - Text '70 Worthing Avenue, Gosport, Hampshire, PO12 4DH' is present on page 

2020-04-16 13:38:50 - [TEST_STEP][PASSED] - verifyTextPresent(findTestData("searchTestData").getValue("mobile", row), false, CONTINUE_ON_FAILURE): Text '07818 446596' is present on page 

2020-04-16 13:38:51 - [MESSAGE][PASSED] - Text '07818 446596' is present on page 

2020-04-16 13:38:51 - [TEST_STEP][PASSED] - verifyTextPresent(findTestData("searchTestData").getValue("contact", row), false, CONTINUE_ON_FAILURE): Text '023 9258 3018' is present on page 

2020-04-16 13:38:52 - [MESSAGE][PASSED] - Text '023 9258 3018' is present on page 

2020-04-16 13:38:52 - [TEST_STEP][PASSED] - verifyTextPresent(findTestData("searchTestData").getValue("email", row), false, CONTINUE_ON_FAILURE): Text 'fostertreecare@tiscali.co.uk' is present on page 

2020-04-16 13:38:52 - [MESSAGE][PASSED] - Text 'fostertreecare@tiscali.co.uk' is present on page 

2020-04-16 13:38:52 - [TEST_STEP][PASSED] - verifyTextPresent(findTestData("searchTestData").getValue("dob", row), false, CONTINUE_ON_FAILURE): Text 'DoB: 31/01/1976' is present on page 

2020-04-16 13:38:53 - [MESSAGE][PASSED] - Text 'DoB: 31/01/1976' is present on page 

2020-04-16 13:38:53 - [TEST_STEP][PASSED] - verifyTextPresent(findTestData("searchTestData").getValue("catID", row), false, CONTINUE_ON_FAILURE): Text 'FOS002' is present on page 

2020-04-16 13:38:54 - [MESSAGE][PASSED] - Text 'FOS002' is present on page 

2020-04-16 13:38:54 - [MESSAGE][PASSED] - Call Test Case 'Test Cases/Reusable_Test_Sequences/Web_Office/Verification/Trader_Record' successfully

2020-04-16 13:38:54 - [TEST_STEP][PASSED] - "--------------------------": null

2020-04-16 13:38:54 - [TEST_STEP][PASSED] - " Teardown - CLose Browser |": null

2020-04-16 13:38:54 - [TEST_STEP][PASSED] - callTestCase(findTestCase("Reusable_Test_Sequences/CAT_Teardown"), [:], OPTIONAL): Call Test Case 'Test Cases/Reusable_Test_Sequences/CAT_Teardown' successfully

2020-04-16 13:38:54 - [TEST_CASE][PASSED] - Test Cases/Reusable_Test_Sequences/CAT_Teardown: Test Cases/Reusable_Test_Sequences/CAT_Teardown

2020-04-16 13:38:54 - [TEST_STEP][PASSED] - closeBrowser(): Browser is closed

2020-04-16 13:38:55 - [MESSAGE][PASSED] - Browser is closed

2020-04-16 13:38:55 - [TEST_STEP][PASSED] - super.finalize(): null

2020-04-16 13:38:55 - [TEST_STEP][PASSED] - System.gc(): null

2020-04-16 13:38:55 - [MESSAGE][PASSED] - Call Test Case 'Test Cases/Reusable_Test_Sequences/CAT_Teardown' successfully

2020-04-16 13:38:55 - [TEST_STEP][PASSED] - "--------------------------------------": null

2020-04-16 13:38:55 - [TEST_STEP][PASSED] - " Web Office StartUp                  |": null

2020-04-16 13:38:55 - [TEST_STEP][PASSED] - callTestCase(findTestCase("Reusable_Test_Sequences/Web_Office/Directives/WebOffice_StartUp"), [:], STOP_ON_FAILURE): Call Test Case 'Test Cases/Reusable_Test_Sequences/Web_Office/Directives/WebOffice_StartUp' successfully

2020-04-16 13:38:55 - [TEST_CASE][PASSED] - Test Cases/Reusable_Test_Sequences/Web_Office/Directives/WebOffice_StartUp: Test Cases/Reusable_Test_Sequences/Web_Office/Directives/WebOffice_StartUp

2020-04-16 13:38:55 - [TEST_STEP][PASSED] - "-----------------------------------------------------------------------------": null

2020-04-16 13:38:55 - [TEST_STEP][PASSED] - if (URL == "https://www.dev.checkatrade.com/"): null

2020-04-16 13:38:55 - [TEST_STEP][PASSED] - "-----------------------------------------------------------------------------": null

2020-04-16 13:38:55 - [TEST_STEP][PASSED] - if (URL == "https://www.checkatrade.com/"): null

2020-04-16 13:38:55 - [TEST_STEP][PASSED] - "-----------------------------------------------------------------------------": null

2020-04-16 13:38:55 - [TEST_STEP][PASSED] - if (URL == "https://www.preview.checkatrade.com/"): null

2020-04-16 13:38:55 - [TEST_STEP][PASSED] - WebOfficeURL = "https://admin.preview.checkatrade.com/": null

2020-04-16 13:38:55 - [TEST_STEP][PASSED] - if (URL == "https://www.dev2.checkatrade.com/"): null

2020-04-16 13:38:55 - [TEST_STEP][PASSED] - "Set Function Area for "URL_Handler", URL Resolution": null

2020-04-16 13:38:55 - [TEST_STEP][PASSED] - "Do Some Magic with URL(s) See the comments within URL Handler ": null

2020-04-16 13:38:55 - [TEST_STEP][PASSED] - "------------------------------------------------": null

2020-04-16 13:38:55 - [TEST_STEP][PASSED] - "Moved Login Credentials to <Default> profile 22/01/2020": null

2020-04-16 13:38:55 - [TEST_STEP][PASSED] - "------------------------------------------------": null

2020-04-16 13:38:55 - [TEST_STEP][PASSED] - "WebOfficeURL - Set from the ENVIRONMENT PROFILE ": null

2020-04-16 13:38:55 - [TEST_STEP][PASSED] - "OPEN BROWSER": null

2020-04-16 13:38:55 - [TEST_STEP][PASSED] - "eg - https://admin.preview.checkatrade.com/  ": null

2020-04-16 13:38:55 - [TEST_STEP][PASSED] - openBrowser(WebOfficeURL): Browser is opened with url: 'https://admin.preview.checkatrade.com/'

2020-04-16 13:38:55 - [MESSAGE][INFO] - Starting 'Chrome' driver

2020-04-16 13:38:55 - [MESSAGE][INFO] - Action delay is set to 0 milliseconds

2020-04-16 13:39:01 - [MESSAGE][PASSED] - Browser is opened with url: 'https://admin.preview.checkatrade.com/'

2020-04-16 13:39:01 - [TEST_STEP][PASSED] - maximizeWindow(): Current window maximized

2020-04-16 13:39:03 - [MESSAGE][PASSED] - Current window maximized

2020-04-16 13:39:03 - [TEST_STEP][PASSED] - waitForElementClickable(findTestObject("Object Repository/WebOffice/Page_Checkatrade - Administration - Login/Login_Button"), 25): Object 'Object Repository/WebOffice/Page_Checkatrade - Administration - Login/Login_Button' is clickable

2020-04-16 13:39:03 - [MESSAGE][PASSED] - Object 'Object Repository/WebOffice/Page_Checkatrade - Administration - Login/Login_Button' is clickable

2020-04-16 13:39:03 - [TEST_STEP][PASSED] - verifyTextPresent("Checkatrade Web Office", false): Text 'Checkatrade Web Office' is present on page 

2020-04-16 13:39:03 - [MESSAGE][PASSED] - Text 'Checkatrade Web Office' is present on page 

2020-04-16 13:39:03 - [TEST_STEP][PASSED] - verifyTextPresent("Access for staff use only", false): Text 'Access for staff use only' is present on page 

2020-04-16 13:39:04 - [MESSAGE][PASSED] - Text 'Access for staff use only' is present on page 

2020-04-16 13:39:04 - [TEST_STEP][PASSED] - verifyTextPresent("Forgotten password?", false): Text 'Forgotten password?' is present on page 

2020-04-16 13:39:04 - [MESSAGE][PASSED] - Text 'Forgotten password?' is present on page 

2020-04-16 13:39:04 - [TEST_STEP][PASSED] - setText(findTestObject("Object Repository/WebOffice/Page_Checkatrade - Administration - Login/input_Username_LoginControlUserName"), wo_Username): Text 'DavidHo' is set on object 'Object Repository/WebOffice/Page_Checkatrade - Administration - Login/input_Username_LoginControlUserName'

2020-04-16 13:39:04 - [MESSAGE][PASSED] - Text 'DavidHo' is set on object 'Object Repository/WebOffice/Page_Checkatrade - Administration - Login/input_Username_LoginControlUserName'

2020-04-16 13:39:04 - [TEST_STEP][PASSED] - setText(findTestObject("Object Repository/WebOffice/Page_Checkatrade - Administration - Login/input_Password_LoginControlPassword"), wo_Password): Text 'Check123' is set on object 'Object Repository/WebOffice/Page_Checkatrade - Administration - Login/input_Password_LoginControlPassword'

2020-04-16 13:39:04 - [MESSAGE][PASSED] - Text 'Check123' is set on object 'Object Repository/WebOffice/Page_Checkatrade - Administration - Login/input_Password_LoginControlPassword'

2020-04-16 13:39:04 - [TEST_STEP][PASSED] - click(findTestObject("Object Repository/WebOffice/Page_Checkatrade - Administration - Login/Login_Button")): Object: 'Object Repository/WebOffice/Page_Checkatrade - Administration - Login/Login_Button' is clicked on

2020-04-16 13:39:07 - [MESSAGE][PASSED] - Object: 'Object Repository/WebOffice/Page_Checkatrade - Administration - Login/Login_Button' is clicked on

2020-04-16 13:39:07 - [TEST_STEP][PASSED] - waitForPageLoad(60): Wait for page load successfully

2020-04-16 13:39:07 - [MESSAGE][PASSED] - Wait for page load successfully

2020-04-16 13:39:07 - [TEST_STEP][PASSED] - verifyTextPresent("Welcome " + wo_Username, false): Text 'Welcome DavidHo' is present on page 

2020-04-16 13:39:08 - [MESSAGE][PASSED] - Text 'Welcome DavidHo' is present on page 

2020-04-16 13:39:08 - [MESSAGE][PASSED] - Call Test Case 'Test Cases/Reusable_Test_Sequences/Web_Office/Directives/WebOffice_StartUp' successfully

2020-04-16 13:39:08 - [TEST_STEP][PASSED] - "--------------------------------------": null

2020-04-16 13:39:08 - [TEST_STEP][PASSED] - " Home Page - Search                   |": null

2020-04-16 13:39:08 - [TEST_STEP][PASSED] - callTestCase(findTestCase("Reusable_Test_Sequences/Web_Office/Home_Page_Search"), [:], STOP_ON_FAILURE): Call Test Case 'Test Cases/Reusable_Test_Sequences/Web_Office/Home_Page_Search' successfully

2020-04-16 13:39:08 - [TEST_CASE][PASSED] - Test Cases/Reusable_Test_Sequences/Web_Office/Home_Page_Search: Test Cases/Reusable_Test_Sequences/Web_Office/Home_Page_Search

2020-04-16 13:39:08 - [TEST_STEP][PASSED] - setText(findTestObject("Object Repository/WebOffice_Home_page/input_Search_Criteria"), findTestData("searchTestData").getValue("Search_Selector", row)): Text 'James Burton' is set on object 'Object Repository/WebOffice_Home_page/input_Search_Criteria'

2020-04-16 13:39:08 - [MESSAGE][PASSED] - Text 'James Burton' is set on object 'Object Repository/WebOffice_Home_page/input_Search_Criteria'

2020-04-16 13:39:08 - [TEST_STEP][PASSED] - delay(1): Delayed 1 second(s)

2020-04-16 13:39:09 - [MESSAGE][PASSED] - Delayed 1 second(s)

2020-04-16 13:39:09 - [TEST_STEP][PASSED] - click(findTestObject("Object Repository/WebOffice_Home_page/popout_Search_Item")): Object: 'Object Repository/WebOffice_Home_page/popout_Search_Item' is clicked on

2020-04-16 13:39:12 - [MESSAGE][PASSED] - Object: 'Object Repository/WebOffice_Home_page/popout_Search_Item' is clicked on

2020-04-16 13:39:12 - [TEST_STEP][PASSED] - waitForPageLoad(60): Wait for page load successfully

2020-04-16 13:39:12 - [MESSAGE][PASSED] - Wait for page load successfully

2020-04-16 13:39:12 - [MESSAGE][PASSED] - Call Test Case 'Test Cases/Reusable_Test_Sequences/Web_Office/Home_Page_Search' successfully

2020-04-16 13:39:12 - [TEST_STEP][PASSED] - "--------------------------------------": null

2020-04-16 13:39:12 - [TEST_STEP][PASSED] - " Web Office - Verify Returned Record  |": null

2020-04-16 13:39:12 - [TEST_STEP][PASSED] - callTestCase(findTestCase("Reusable_Test_Sequences/Web_Office/Verification/Trader_Record"), [:], OPTIONAL): Unable to call Test Case 'Test Cases/Reusable_Test_Sequences/Web_Office/Verification/Trader_Record' (Root cause: com.kms.katalon.core.exception.StepFailedException: Call Test Case 'Test Cases/Reusable_Test_Sequences/Web_Office/Verification/Trader_Record' failed
	at com.kms.katalon.core.keyword.builtin.CallTestCaseKeyword$_callTestCase_closure1.doCall(CallTestCaseKeyword.groovy:63)
	at com.kms.katalon.core.keyword.builtin.CallTestCaseKeyword$_callTestCase_closure1.call(CallTestCaseKeyword.groovy)
	at com.kms.katalon.core.keyword.internal.KeywordMain.runKeyword(KeywordMain.groovy:68)
	at com.kms.katalon.core.keyword.builtin.CallTestCaseKeyword.callTestCase(CallTestCaseKeyword.groovy:81)
	at com.kms.katalon.core.keyword.builtin.CallTestCaseKeyword.execute(CallTestCaseKeyword.groovy:44)
	at com.kms.katalon.core.keyword.internal.KeywordExecutor.executeKeywordForPlatform(KeywordExecutor.groovy:72)
	at com.kms.katalon.core.keyword.BuiltinKeywords.callTestCase(BuiltinKeywords.groovy:334)
	at WebOffice_Header_Search.run(WebOffice_Header_Search:65)
	at com.kms.katalon.core.main.ScriptEngine.run(ScriptEngine.java:194)
	at com.kms.katalon.core.main.ScriptEngine.runScriptAsRawText(ScriptEngine.java:119)
	at com.kms.katalon.core.main.TestCaseExecutor.runScript(TestCaseExecutor.java:337)
	at com.kms.katalon.core.main.TestCaseExecutor.doExecute(TestCaseExecutor.java:328)
	at com.kms.katalon.core.main.TestCaseExecutor.processExecutionPhase(TestCaseExecutor.java:307)
	at com.kms.katalon.core.main.TestCaseExecutor.accessMainPhase(TestCaseExecutor.java:299)
	at com.kms.katalon.core.main.TestCaseExecutor.execute(TestCaseExecutor.java:233)
	at com.kms.katalon.core.main.TestSuiteExecutor.accessTestCaseMainPhase(TestSuiteExecutor.java:169)
	at com.kms.katalon.core.main.TestSuiteExecutor.accessTestSuiteMainPhase(TestSuiteExecutor.java:142)
	at com.kms.katalon.core.main.TestSuiteExecutor.execute(TestSuiteExecutor.java:91)
	at com.kms.katalon.core.main.TestCaseMain.startTestSuite(TestCaseMain.java:157)
	at com.kms.katalon.core.main.TestCaseMain$startTestSuite$0.call(Unknown Source)
	at TempTestSuite1587039002449.run(TempTestSuite1587039002449.groovy:36)
Caused by: com.kms.katalon.core.exception.StepFailedException: Text 'Unit 4, Dukeries Court, Hallcroft Industrial Estate, Retford, Nottinghamshire, DN22 7PX' is not present on page  (Root cause: com.kms.katalon.core.exception.StepFailedException: Text 'Unit 4, Dukeries Court, Hallcroft Industrial Estate, Retford, Nottinghamshire, DN22 7PX' is not present on page 
	at com.kms.katalon.core.webui.keyword.internal.WebUIKeywordMain.stepFailed(WebUIKeywordMain.groovy:64)
	at com.kms.katalon.core.webui.keyword.builtin.VerifyTextPresentKeyword$_verifyTextPresent_closure1.doCall(VerifyTextPresentKeyword.groovy:79)
	at com.kms.katalon.core.webui.keyword.builtin.VerifyTextPresentKeyword$_verifyTextPresent_closure1.call(VerifyTextPresentKeyword.groovy)
	at com.kms.katalon.core.webui.keyword.internal.WebUIKeywordMain.runKeyword(WebUIKeywordMain.groovy:20)
	at com.kms.katalon.core.webui.keyword.builtin.VerifyTextPresentKeyword.verifyTextPresent(VerifyTextPresentKeyword.groovy:83)
	at com.kms.katalon.core.webui.keyword.builtin.VerifyTextPresentKeyword.execute(VerifyTextPresentKeyword.groovy:68)
	at com.kms.katalon.core.keyword.internal.KeywordExecutor.executeKeywordForPlatform(KeywordExecutor.groovy:72)
	at com.kms.katalon.core.webui.keyword.WebUiBuiltInKeywords.verifyTextPresent(WebUiBuiltInKeywords.groovy:1703)
	at com.kms.katalon.core.webui.keyword.WebUiBuiltInKeywords$verifyTextPresent$11.call(Unknown Source)
	at Trader_Record.run(Trader_Record:62)
	at com.kms.katalon.core.main.ScriptEngine.run(ScriptEngine.java:194)
	at com.kms.katalon.core.main.ScriptEngine.runScriptAsRawText(ScriptEngine.java:119)
	at com.kms.katalon.core.main.TestCaseExecutor.runScript(TestCaseExecutor.java:337)
	at com.kms.katalon.core.main.TestCaseExecutor.doExecute(TestCaseExecutor.java:328)
	at com.kms.katalon.core.main.TestCaseExecutor.processExecutionPhase(TestCaseExecutor.java:307)
	at com.kms.katalon.core.main.TestCaseExecutor.accessMainPhase(TestCaseExecutor.java:299)
	at com.kms.katalon.core.main.TestCaseExecutor.execute(TestCaseExecutor.java:233)
	at com.kms.katalon.core.main.TestCaseMain.runTestCase(TestCaseMain.java:114)
	at com.kms.katalon.core.keyword.builtin.CallTestCaseKeyword$_callTestCase_closure1.doCall(CallTestCaseKeyword.groovy:59)
	at com.kms.katalon.core.keyword.builtin.CallTestCaseKeyword$_callTestCase_closure1.call(CallTestCaseKeyword.groovy)
	at com.kms.katalon.core.keyword.internal.KeywordMain.runKeyword(KeywordMain.groovy:68)
	at com.kms.katalon.core.keyword.builtin.CallTestCaseKeyword.callTestCase(CallTestCaseKeyword.groovy:81)
	at com.kms.katalon.core.keyword.builtin.CallTestCaseKeyword.execute(CallTestCaseKeyword.groovy:44)
	at com.kms.katalon.core.keyword.internal.KeywordExecutor.executeKeywordForPlatform(KeywordExecutor.groovy:72)
	at com.kms.katalon.core.keyword.BuiltinKeywords.callTestCase(BuiltinKeywords.groovy:334)
	at WebOffice_Header_Search.run(WebOffice_Header_Search:65)
	at com.kms.katalon.core.main.ScriptEngine.run(ScriptEngine.java:194)
	at com.kms.katalon.core.main.ScriptEngine.runScriptAsRawText(ScriptEngine.java:119)
	at com.kms.katalon.core.main.TestCaseExecutor.runScript(TestCaseExecutor.java:337)
	at com.kms.katalon.core.main.TestCaseExecutor.doExecute(TestCaseExecutor.java:328)
	at com.kms.katalon.core.main.TestCaseExecutor.processExecutionPhase(TestCaseExecutor.java:307)
	at com.kms.katalon.core.main.TestCaseExecutor.accessMainPhase(TestCaseExecutor.java:299)
	at com.kms.katalon.core.main.TestCaseExecutor.execute(TestCaseExecutor.java:233)
	at com.kms.katalon.core.main.TestSuiteExecutor.accessTestCaseMainPhase(TestSuiteExecutor.java:169)
	at com.kms.katalon.core.main.TestSuiteExecutor.accessTestSuiteMainPhase(TestSuiteExecutor.java:142)
	at com.kms.katalon.core.main.TestSuiteExecutor.execute(TestSuiteExecutor.java:91)
	at com.kms.katalon.core.main.TestCaseMain.startTestSuite(TestCaseMain.java:157)
	at com.kms.katalon.core.main.TestCaseMain$startTestSuite$0.call(Unknown Source)
	at TempTestSuite1587039002449.run(TempTestSuite1587039002449.groovy:36)
)
	at com.kms.katalon.core.keyword.internal.KeywordMain.stepFailed(KeywordMain.groovy:39)
	at com.kms.katalon.core.webui.keyword.internal.WebUIKeywordMain.stepFailed(WebUIKeywordMain.groovy:64)
	at com.kms.katalon.core.webui.keyword.builtin.VerifyTextPresentKeyword$_verifyTextPresent_closure1.doCall(VerifyTextPresentKeyword.groovy:79)
	at com.kms.katalon.core.webui.keyword.builtin.VerifyTextPresentKeyword$_verifyTextPresent_closure1.call(VerifyTextPresentKeyword.groovy)
	at com.kms.katalon.core.webui.keyword.internal.WebUIKeywordMain.runKeyword(WebUIKeywordMain.groovy:20)
	at com.kms.katalon.core.webui.keyword.builtin.VerifyTextPresentKeyword.verifyTextPresent(VerifyTextPresentKeyword.groovy:83)
	at com.kms.katalon.core.webui.keyword.builtin.VerifyTextPresentKeyword.execute(VerifyTextPresentKeyword.groovy:68)
	at com.kms.katalon.core.keyword.internal.KeywordExecutor.executeKeywordForPlatform(KeywordExecutor.groovy:72)
	at com.kms.katalon.core.webui.keyword.WebUiBuiltInKeywords.verifyTextPresent(WebUiBuiltInKeywords.groovy:1703)
	at com.kms.katalon.core.webui.keyword.WebUiBuiltInKeywords$verifyTextPresent$11.call(Unknown Source)
	at Trader_Record.run(Trader_Record:62)
	at com.kms.katalon.core.main.ScriptEngine.run(ScriptEngine.java:194)
	at com.kms.katalon.core.main.ScriptEngine.runScriptAsRawText(ScriptEngine.java:119)
	at com.kms.katalon.core.main.TestCaseExecutor.runScript(TestCaseExecutor.java:337)
	at com.kms.katalon.core.main.TestCaseExecutor.doExecute(TestCaseExecutor.java:328)
	at com.kms.katalon.core.main.TestCaseExecutor.processExecutionPhase(TestCaseExecutor.java:307)
	at com.kms.katalon.core.main.TestCaseExecutor.accessMainPhase(TestCaseExecutor.java:299)
	at com.kms.katalon.core.main.TestCaseExecutor.execute(TestCaseExecutor.java:233)
	at com.kms.katalon.core.main.TestCaseMain.runTestCase(TestCaseMain.java:114)
	at com.kms.katalon.core.keyword.builtin.CallTestCaseKeyword$_callTestCase_closure1.doCall(CallTestCaseKeyword.groovy:59)
	... 20 more
Caused by: com.kms.katalon.core.exception.StepFailedException: Text 'Unit 4, Dukeries Court, Hallcroft Industrial Estate, Retford, Nottinghamshire, DN22 7PX' is not present on page 
	... 39 more
)

2020-04-16 13:39:12 - [TEST_CASE][FAILED] - Test Cases/Reusable_Test_Sequences/Web_Office/Verification/Trader_Record: Test Cases/Reusable_Test_Sequences/Web_Office/Verification/Trader_Record FAILED.
Reason:
com.kms.katalon.core.exception.StepFailedException: Text 'Unit 4, Dukeries Court, Hallcroft Industrial Estate, Retford, Nottinghamshire, DN22 7PX' is not present on page  (Root cause: com.kms.katalon.core.exception.StepFailedException: Text 'Unit 4, Dukeries Court, Hallcroft Industrial Estate, Retford, Nottinghamshire, DN22 7PX' is not present on page 
	at com.kms.katalon.core.webui.keyword.internal.WebUIKeywordMain.stepFailed(WebUIKeywordMain.groovy:64)
	at com.kms.katalon.core.webui.keyword.builtin.VerifyTextPresentKeyword$_verifyTextPresent_closure1.doCall(VerifyTextPresentKeyword.groovy:79)
	at com.kms.katalon.core.webui.keyword.builtin.VerifyTextPresentKeyword$_verifyTextPresent_closure1.call(VerifyTextPresentKeyword.groovy)
	at com.kms.katalon.core.webui.keyword.internal.WebUIKeywordMain.runKeyword(WebUIKeywordMain.groovy:20)
	at com.kms.katalon.core.webui.keyword.builtin.VerifyTextPresentKeyword.verifyTextPresent(VerifyTextPresentKeyword.groovy:83)
	at com.kms.katalon.core.webui.keyword.builtin.VerifyTextPresentKeyword.execute(VerifyTextPresentKeyword.groovy:68)
	at com.kms.katalon.core.keyword.internal.KeywordExecutor.executeKeywordForPlatform(KeywordExecutor.groovy:72)
	at com.kms.katalon.core.webui.keyword.WebUiBuiltInKeywords.verifyTextPresent(WebUiBuiltInKeywords.groovy:1703)
	at com.kms.katalon.core.webui.keyword.WebUiBuiltInKeywords$verifyTextPresent$11.call(Unknown Source)
	at Trader_Record.run(Trader_Record:62)
	at com.kms.katalon.core.main.ScriptEngine.run(ScriptEngine.java:194)
	at com.kms.katalon.core.main.ScriptEngine.runScriptAsRawText(ScriptEngine.java:119)
	at com.kms.katalon.core.main.TestCaseExecutor.runScript(TestCaseExecutor.java:337)
	at com.kms.katalon.core.main.TestCaseExecutor.doExecute(TestCaseExecutor.java:328)
	at com.kms.katalon.core.main.TestCaseExecutor.processExecutionPhase(TestCaseExecutor.java:307)
	at com.kms.katalon.core.main.TestCaseExecutor.accessMainPhase(TestCaseExecutor.java:299)
	at com.kms.katalon.core.main.TestCaseExecutor.execute(TestCaseExecutor.java:233)
	at com.kms.katalon.core.main.TestCaseMain.runTestCase(TestCaseMain.java:114)
	at com.kms.katalon.core.keyword.builtin.CallTestCaseKeyword$_callTestCase_closure1.doCall(CallTestCaseKeyword.groovy:59)
	at com.kms.katalon.core.keyword.builtin.CallTestCaseKeyword$_callTestCase_closure1.call(CallTestCaseKeyword.groovy)
	at com.kms.katalon.core.keyword.internal.KeywordMain.runKeyword(KeywordMain.groovy:68)
	at com.kms.katalon.core.keyword.builtin.CallTestCaseKeyword.callTestCase(CallTestCaseKeyword.groovy:81)
	at com.kms.katalon.core.keyword.builtin.CallTestCaseKeyword.execute(CallTestCaseKeyword.groovy:44)
	at com.kms.katalon.core.keyword.internal.KeywordExecutor.executeKeywordForPlatform(KeywordExecutor.groovy:72)
	at com.kms.katalon.core.keyword.BuiltinKeywords.callTestCase(BuiltinKeywords.groovy:334)
	at WebOffice_Header_Search.run(WebOffice_Header_Search:65)
	at com.kms.katalon.core.main.ScriptEngine.run(ScriptEngine.java:194)
	at com.kms.katalon.core.main.ScriptEngine.runScriptAsRawText(ScriptEngine.java:119)
	at com.kms.katalon.core.main.TestCaseExecutor.runScript(TestCaseExecutor.java:337)
	at com.kms.katalon.core.main.TestCaseExecutor.doExecute(TestCaseExecutor.java:328)
	at com.kms.katalon.core.main.TestCaseExecutor.processExecutionPhase(TestCaseExecutor.java:307)
	at com.kms.katalon.core.main.TestCaseExecutor.accessMainPhase(TestCaseExecutor.java:299)
	at com.kms.katalon.core.main.TestCaseExecutor.execute(TestCaseExecutor.java:233)
	at com.kms.katalon.core.main.TestSuiteExecutor.accessTestCaseMainPhase(TestSuiteExecutor.java:169)
	at com.kms.katalon.core.main.TestSuiteExecutor.accessTestSuiteMainPhase(TestSuiteExecutor.java:142)
	at com.kms.katalon.core.main.TestSuiteExecutor.execute(TestSuiteExecutor.java:91)
	at com.kms.katalon.core.main.TestCaseMain.startTestSuite(TestCaseMain.java:157)
	at com.kms.katalon.core.main.TestCaseMain$startTestSuite$0.call(Unknown Source)
	at TempTestSuite1587039002449.run(TempTestSuite1587039002449.groovy:36)
)
	at com.kms.katalon.core.keyword.internal.KeywordMain.stepFailed(KeywordMain.groovy:39)
	at com.kms.katalon.core.webui.keyword.internal.WebUIKeywordMain.stepFailed(WebUIKeywordMain.groovy:64)
	at com.kms.katalon.core.webui.keyword.builtin.VerifyTextPresentKeyword$_verifyTextPresent_closure1.doCall(VerifyTextPresentKeyword.groovy:79)
	at com.kms.katalon.core.webui.keyword.builtin.VerifyTextPresentKeyword$_verifyTextPresent_closure1.call(VerifyTextPresentKeyword.groovy)
	at com.kms.katalon.core.webui.keyword.internal.WebUIKeywordMain.runKeyword(WebUIKeywordMain.groovy:20)
	at com.kms.katalon.core.webui.keyword.builtin.VerifyTextPresentKeyword.verifyTextPresent(VerifyTextPresentKeyword.groovy:83)
	at com.kms.katalon.core.webui.keyword.builtin.VerifyTextPresentKeyword.execute(VerifyTextPresentKeyword.groovy:68)
	at com.kms.katalon.core.keyword.internal.KeywordExecutor.executeKeywordForPlatform(KeywordExecutor.groovy:72)
	at com.kms.katalon.core.webui.keyword.WebUiBuiltInKeywords.verifyTextPresent(WebUiBuiltInKeywords.groovy:1703)
	at com.kms.katalon.core.webui.keyword.WebUiBuiltInKeywords$verifyTextPresent$11.call(Unknown Source)
	at Trader_Record.run(Trader_Record:62)
	at com.kms.katalon.core.main.ScriptEngine.run(ScriptEngine.java:194)
	at com.kms.katalon.core.main.ScriptEngine.runScriptAsRawText(ScriptEngine.java:119)
	at com.kms.katalon.core.main.TestCaseExecutor.runScript(TestCaseExecutor.java:337)
	at com.kms.katalon.core.main.TestCaseExecutor.doExecute(TestCaseExecutor.java:328)
	at com.kms.katalon.core.main.TestCaseExecutor.processExecutionPhase(TestCaseExecutor.java:307)
	at com.kms.katalon.core.main.TestCaseExecutor.accessMainPhase(TestCaseExecutor.java:299)
	at com.kms.katalon.core.main.TestCaseExecutor.execute(TestCaseExecutor.java:233)
	at com.kms.katalon.core.main.TestCaseMain.runTestCase(TestCaseMain.java:114)
	at com.kms.katalon.core.keyword.builtin.CallTestCaseKeyword$_callTestCase_closure1.doCall(CallTestCaseKeyword.groovy:59)
	at com.kms.katalon.core.keyword.builtin.CallTestCaseKeyword$_callTestCase_closure1.call(CallTestCaseKeyword.groovy)
	at com.kms.katalon.core.keyword.internal.KeywordMain.runKeyword(KeywordMain.groovy:68)
	at com.kms.katalon.core.keyword.builtin.CallTestCaseKeyword.callTestCase(CallTestCaseKeyword.groovy:81)
	at com.kms.katalon.core.keyword.builtin.CallTestCaseKeyword.execute(CallTestCaseKeyword.groovy:44)
	at com.kms.katalon.core.keyword.internal.KeywordExecutor.executeKeywordForPlatform(KeywordExecutor.groovy:72)
	at com.kms.katalon.core.keyword.BuiltinKeywords.callTestCase(BuiltinKeywords.groovy:334)
	at WebOffice_Header_Search.run(WebOffice_Header_Search:65)
	at com.kms.katalon.core.main.ScriptEngine.run(ScriptEngine.java:194)
	at com.kms.katalon.core.main.ScriptEngine.runScriptAsRawText(ScriptEngine.java:119)
	at com.kms.katalon.core.main.TestCaseExecutor.runScript(TestCaseExecutor.java:337)
	at com.kms.katalon.core.main.TestCaseExecutor.doExecute(TestCaseExecutor.java:328)
	at com.kms.katalon.core.main.TestCaseExecutor.processExecutionPhase(TestCaseExecutor.java:307)
	at com.kms.katalon.core.main.TestCaseExecutor.accessMainPhase(TestCaseExecutor.java:299)
	at com.kms.katalon.core.main.TestCaseExecutor.execute(TestCaseExecutor.java:233)
	at com.kms.katalon.core.main.TestSuiteExecutor.accessTestCaseMainPhase(TestSuiteExecutor.java:169)
	at com.kms.katalon.core.main.TestSuiteExecutor.accessTestSuiteMainPhase(TestSuiteExecutor.java:142)
	at com.kms.katalon.core.main.TestSuiteExecutor.execute(TestSuiteExecutor.java:91)
	at com.kms.katalon.core.main.TestCaseMain.startTestSuite(TestCaseMain.java:157)
	at com.kms.katalon.core.main.TestCaseMain$startTestSuite$0.call(Unknown Source)
	at TempTestSuite1587039002449.run(TempTestSuite1587039002449.groovy:36)
Caused by: com.kms.katalon.core.exception.StepFailedException: Text 'Unit 4, Dukeries Court, Hallcroft Industrial Estate, Retford, Nottinghamshire, DN22 7PX' is not present on page 
	... 39 more


2020-04-16 13:39:12 - [TEST_STEP][PASSED] - verifyTextPresent(findTestData("searchTestData").getValue("tradeName", row), false, CONTINUE_ON_FAILURE): Text 'Burton Electrical Services' is present on page 

2020-04-16 13:39:14 - [MESSAGE][PASSED] - Text 'Burton Electrical Services' is present on page 

2020-04-16 13:39:14 - [TEST_STEP][PASSED] - verifyTextPresent(findTestData("searchTestData").getValue("primeContact", row), false, CONTINUE_ON_FAILURE): Text 'James Burton' is present on page 

2020-04-16 13:39:14 - [MESSAGE][PASSED] - Text 'James Burton' is present on page 

2020-04-16 13:39:14 - [TEST_STEP][FAILED] - verifyTextPresent(findTestData("searchTestData").getValue("address", row), false, CONTINUE_ON_FAILURE): Text 'Unit 4, Dukeries Court, Hallcroft Industrial Estate, Retford, Nottinghamshire, DN22 7PX' is not present on page  (Root cause: com.kms.katalon.core.exception.StepFailedException: Text 'Unit 4, Dukeries Court, Hallcroft Industrial Estate, Retford, Nottinghamshire, DN22 7PX' is not present on page 
	at com.kms.katalon.core.webui.keyword.internal.WebUIKeywordMain.stepFailed(WebUIKeywordMain.groovy:64)
	at com.kms.katalon.core.webui.keyword.builtin.VerifyTextPresentKeyword$_verifyTextPresent_closure1.doCall(VerifyTextPresentKeyword.groovy:79)
	at com.kms.katalon.core.webui.keyword.builtin.VerifyTextPresentKeyword$_verifyTextPresent_closure1.call(VerifyTextPresentKeyword.groovy)
	at com.kms.katalon.core.webui.keyword.internal.WebUIKeywordMain.runKeyword(WebUIKeywordMain.groovy:20)
	at com.kms.katalon.core.webui.keyword.builtin.VerifyTextPresentKeyword.verifyTextPresent(VerifyTextPresentKeyword.groovy:83)
	at com.kms.katalon.core.webui.keyword.builtin.VerifyTextPresentKeyword.execute(VerifyTextPresentKeyword.groovy:68)
	at com.kms.katalon.core.keyword.internal.KeywordExecutor.executeKeywordForPlatform(KeywordExecutor.groovy:72)
	at com.kms.katalon.core.webui.keyword.WebUiBuiltInKeywords.verifyTextPresent(WebUiBuiltInKeywords.groovy:1703)
	at com.kms.katalon.core.webui.keyword.WebUiBuiltInKeywords$verifyTextPresent$11.call(Unknown Source)
	at Trader_Record.run(Trader_Record:62)
	at com.kms.katalon.core.main.ScriptEngine.run(ScriptEngine.java:194)
	at com.kms.katalon.core.main.ScriptEngine.runScriptAsRawText(ScriptEngine.java:119)
	at com.kms.katalon.core.main.TestCaseExecutor.runScript(TestCaseExecutor.java:337)
	at com.kms.katalon.core.main.TestCaseExecutor.doExecute(TestCaseExecutor.java:328)
	at com.kms.katalon.core.main.TestCaseExecutor.processExecutionPhase(TestCaseExecutor.java:307)
	at com.kms.katalon.core.main.TestCaseExecutor.accessMainPhase(TestCaseExecutor.java:299)
	at com.kms.katalon.core.main.TestCaseExecutor.execute(TestCaseExecutor.java:233)
	at com.kms.katalon.core.main.TestCaseMain.runTestCase(TestCaseMain.java:114)
	at com.kms.katalon.core.keyword.builtin.CallTestCaseKeyword$_callTestCase_closure1.doCall(CallTestCaseKeyword.groovy:59)
	at com.kms.katalon.core.keyword.builtin.CallTestCaseKeyword$_callTestCase_closure1.call(CallTestCaseKeyword.groovy)
	at com.kms.katalon.core.keyword.internal.KeywordMain.runKeyword(KeywordMain.groovy:68)
	at com.kms.katalon.core.keyword.builtin.CallTestCaseKeyword.callTestCase(CallTestCaseKeyword.groovy:81)
	at com.kms.katalon.core.keyword.builtin.CallTestCaseKeyword.execute(CallTestCaseKeyword.groovy:44)
	at com.kms.katalon.core.keyword.internal.KeywordExecutor.executeKeywordForPlatform(KeywordExecutor.groovy:72)
	at com.kms.katalon.core.keyword.BuiltinKeywords.callTestCase(BuiltinKeywords.groovy:334)
	at WebOffice_Header_Search.run(WebOffice_Header_Search:65)
	at com.kms.katalon.core.main.ScriptEngine.run(ScriptEngine.java:194)
	at com.kms.katalon.core.main.ScriptEngine.runScriptAsRawText(ScriptEngine.java:119)
	at com.kms.katalon.core.main.TestCaseExecutor.runScript(TestCaseExecutor.java:337)
	at com.kms.katalon.core.main.TestCaseExecutor.doExecute(TestCaseExecutor.java:328)
	at com.kms.katalon.core.main.TestCaseExecutor.processExecutionPhase(TestCaseExecutor.java:307)
	at com.kms.katalon.core.main.TestCaseExecutor.accessMainPhase(TestCaseExecutor.java:299)
	at com.kms.katalon.core.main.TestCaseExecutor.execute(TestCaseExecutor.java:233)
	at com.kms.katalon.core.main.TestSuiteExecutor.accessTestCaseMainPhase(TestSuiteExecutor.java:169)
	at com.kms.katalon.core.main.TestSuiteExecutor.accessTestSuiteMainPhase(TestSuiteExecutor.java:142)
	at com.kms.katalon.core.main.TestSuiteExecutor.execute(TestSuiteExecutor.java:91)
	at com.kms.katalon.core.main.TestCaseMain.startTestSuite(TestCaseMain.java:157)
	at com.kms.katalon.core.main.TestCaseMain$startTestSuite$0.call(Unknown Source)
	at TempTestSuite1587039002449.run(TempTestSuite1587039002449.groovy:36)
)

2020-04-16 13:39:15 - [MESSAGE][FAILED] - Text 'Unit 4, Dukeries Court, Hallcroft Industrial Estate, Retford, Nottinghamshire, DN22 7PX' is not present on page  (Root cause: com.kms.katalon.core.exception.StepFailedException: Text 'Unit 4, Dukeries Court, Hallcroft Industrial Estate, Retford, Nottinghamshire, DN22 7PX' is not present on page 
	at com.kms.katalon.core.webui.keyword.internal.WebUIKeywordMain.stepFailed(WebUIKeywordMain.groovy:64)
	at com.kms.katalon.core.webui.keyword.builtin.VerifyTextPresentKeyword$_verifyTextPresent_closure1.doCall(VerifyTextPresentKeyword.groovy:79)
	at com.kms.katalon.core.webui.keyword.builtin.VerifyTextPresentKeyword$_verifyTextPresent_closure1.call(VerifyTextPresentKeyword.groovy)
	at com.kms.katalon.core.webui.keyword.internal.WebUIKeywordMain.runKeyword(WebUIKeywordMain.groovy:20)
	at com.kms.katalon.core.webui.keyword.builtin.VerifyTextPresentKeyword.verifyTextPresent(VerifyTextPresentKeyword.groovy:83)
	at com.kms.katalon.core.webui.keyword.builtin.VerifyTextPresentKeyword.execute(VerifyTextPresentKeyword.groovy:68)
	at com.kms.katalon.core.keyword.internal.KeywordExecutor.executeKeywordForPlatform(KeywordExecutor.groovy:72)
	at com.kms.katalon.core.webui.keyword.WebUiBuiltInKeywords.verifyTextPresent(WebUiBuiltInKeywords.groovy:1703)
	at com.kms.katalon.core.webui.keyword.WebUiBuiltInKeywords$verifyTextPresent$11.call(Unknown Source)
	at Trader_Record.run(Trader_Record:62)
	at com.kms.katalon.core.main.ScriptEngine.run(ScriptEngine.java:194)
	at com.kms.katalon.core.main.ScriptEngine.runScriptAsRawText(ScriptEngine.java:119)
	at com.kms.katalon.core.main.TestCaseExecutor.runScript(TestCaseExecutor.java:337)
	at com.kms.katalon.core.main.TestCaseExecutor.doExecute(TestCaseExecutor.java:328)
	at com.kms.katalon.core.main.TestCaseExecutor.processExecutionPhase(TestCaseExecutor.java:307)
	at com.kms.katalon.core.main.TestCaseExecutor.accessMainPhase(TestCaseExecutor.java:299)
	at com.kms.katalon.core.main.TestCaseExecutor.execute(TestCaseExecutor.java:233)
	at com.kms.katalon.core.main.TestCaseMain.runTestCase(TestCaseMain.java:114)
	at com.kms.katalon.core.keyword.builtin.CallTestCaseKeyword$_callTestCase_closure1.doCall(CallTestCaseKeyword.groovy:59)
	at com.kms.katalon.core.keyword.builtin.CallTestCaseKeyword$_callTestCase_closure1.call(CallTestCaseKeyword.groovy)
	at com.kms.katalon.core.keyword.internal.KeywordMain.runKeyword(KeywordMain.groovy:68)
	at com.kms.katalon.core.keyword.builtin.CallTestCaseKeyword.callTestCase(CallTestCaseKeyword.groovy:81)
	at com.kms.katalon.core.keyword.builtin.CallTestCaseKeyword.execute(CallTestCaseKeyword.groovy:44)
	at com.kms.katalon.core.keyword.internal.KeywordExecutor.executeKeywordForPlatform(KeywordExecutor.groovy:72)
	at com.kms.katalon.core.keyword.BuiltinKeywords.callTestCase(BuiltinKeywords.groovy:334)
	at WebOffice_Header_Search.run(WebOffice_Header_Search:65)
	at com.kms.katalon.core.main.ScriptEngine.run(ScriptEngine.java:194)
	at com.kms.katalon.core.main.ScriptEngine.runScriptAsRawText(ScriptEngine.java:119)
	at com.kms.katalon.core.main.TestCaseExecutor.runScript(TestCaseExecutor.java:337)
	at com.kms.katalon.core.main.TestCaseExecutor.doExecute(TestCaseExecutor.java:328)
	at com.kms.katalon.core.main.TestCaseExecutor.processExecutionPhase(TestCaseExecutor.java:307)
	at com.kms.katalon.core.main.TestCaseExecutor.accessMainPhase(TestCaseExecutor.java:299)
	at com.kms.katalon.core.main.TestCaseExecutor.execute(TestCaseExecutor.java:233)
	at com.kms.katalon.core.main.TestSuiteExecutor.accessTestCaseMainPhase(TestSuiteExecutor.java:169)
	at com.kms.katalon.core.main.TestSuiteExecutor.accessTestSuiteMainPhase(TestSuiteExecutor.java:142)
	at com.kms.katalon.core.main.TestSuiteExecutor.execute(TestSuiteExecutor.java:91)
	at com.kms.katalon.core.main.TestCaseMain.startTestSuite(TestCaseMain.java:157)
	at com.kms.katalon.core.main.TestCaseMain$startTestSuite$0.call(Unknown Source)
	at TempTestSuite1587039002449.run(TempTestSuite1587039002449.groovy:36)
)

2020-04-16 13:39:15 - [TEST_STEP][PASSED] - verifyTextPresent(findTestData("searchTestData").getValue("mobile", row), false, CONTINUE_ON_FAILURE): Text '07712 401461' is present on page 

2020-04-16 13:39:16 - [MESSAGE][PASSED] - Text '07712 401461' is present on page 

2020-04-16 13:39:16 - [TEST_STEP][PASSED] - verifyTextPresent(findTestData("searchTestData").getValue("contact", row), false, CONTINUE_ON_FAILURE): Text '01777 228982' is present on page 

2020-04-16 13:39:17 - [MESSAGE][PASSED] - Text '01777 228982' is present on page 

2020-04-16 13:39:17 - [TEST_STEP][PASSED] - verifyTextPresent(findTestData("searchTestData").getValue("email", row), false, CONTINUE_ON_FAILURE): Text 'info@burtonelectricalservices.net' is present on page 

2020-04-16 13:39:18 - [MESSAGE][PASSED] - Text 'info@burtonelectricalservices.net' is present on page 

2020-04-16 13:39:18 - [TEST_STEP][PASSED] - verifyTextPresent(findTestData("searchTestData").getValue("dob", row), false, CONTINUE_ON_FAILURE): Text 'DoB: 15/07/1989' is present on page 

2020-04-16 13:39:19 - [MESSAGE][PASSED] - Text 'DoB: 15/07/1989' is present on page 

2020-04-16 13:39:19 - [TEST_STEP][PASSED] - verifyTextPresent(findTestData("searchTestData").getValue("catID", row), false, CONTINUE_ON_FAILURE): Text '402921' is present on page 

2020-04-16 13:39:20 - [MESSAGE][PASSED] - Text '402921' is present on page 

2020-04-16 13:39:20 - [MESSAGE][WARNING] - Unable to call Test Case 'Test Cases/Reusable_Test_Sequences/Web_Office/Verification/Trader_Record' (Root cause: com.kms.katalon.core.exception.StepFailedException: Call Test Case 'Test Cases/Reusable_Test_Sequences/Web_Office/Verification/Trader_Record' failed
	at com.kms.katalon.core.keyword.builtin.CallTestCaseKeyword$_callTestCase_closure1.doCall(CallTestCaseKeyword.groovy:63)
	at com.kms.katalon.core.keyword.builtin.CallTestCaseKeyword$_callTestCase_closure1.call(CallTestCaseKeyword.groovy)
	at com.kms.katalon.core.keyword.internal.KeywordMain.runKeyword(KeywordMain.groovy:68)
	at com.kms.katalon.core.keyword.builtin.CallTestCaseKeyword.callTestCase(CallTestCaseKeyword.groovy:81)
	at com.kms.katalon.core.keyword.builtin.CallTestCaseKeyword.execute(CallTestCaseKeyword.groovy:44)
	at com.kms.katalon.core.keyword.internal.KeywordExecutor.executeKeywordForPlatform(KeywordExecutor.groovy:72)
	at com.kms.katalon.core.keyword.BuiltinKeywords.callTestCase(BuiltinKeywords.groovy:334)
	at WebOffice_Header_Search.run(WebOffice_Header_Search:65)
	at com.kms.katalon.core.main.ScriptEngine.run(ScriptEngine.java:194)
	at com.kms.katalon.core.main.ScriptEngine.runScriptAsRawText(ScriptEngine.java:119)
	at com.kms.katalon.core.main.TestCaseExecutor.runScript(TestCaseExecutor.java:337)
	at com.kms.katalon.core.main.TestCaseExecutor.doExecute(TestCaseExecutor.java:328)
	at com.kms.katalon.core.main.TestCaseExecutor.processExecutionPhase(TestCaseExecutor.java:307)
	at com.kms.katalon.core.main.TestCaseExecutor.accessMainPhase(TestCaseExecutor.java:299)
	at com.kms.katalon.core.main.TestCaseExecutor.execute(TestCaseExecutor.java:233)
	at com.kms.katalon.core.main.TestSuiteExecutor.accessTestCaseMainPhase(TestSuiteExecutor.java:169)
	at com.kms.katalon.core.main.TestSuiteExecutor.accessTestSuiteMainPhase(TestSuiteExecutor.java:142)
	at com.kms.katalon.core.main.TestSuiteExecutor.execute(TestSuiteExecutor.java:91)
	at com.kms.katalon.core.main.TestCaseMain.startTestSuite(TestCaseMain.java:157)
	at com.kms.katalon.core.main.TestCaseMain$startTestSuite$0.call(Unknown Source)
	at TempTestSuite1587039002449.run(TempTestSuite1587039002449.groovy:36)
Caused by: com.kms.katalon.core.exception.StepFailedException: Text 'Unit 4, Dukeries Court, Hallcroft Industrial Estate, Retford, Nottinghamshire, DN22 7PX' is not present on page  (Root cause: com.kms.katalon.core.exception.StepFailedException: Text 'Unit 4, Dukeries Court, Hallcroft Industrial Estate, Retford, Nottinghamshire, DN22 7PX' is not present on page 
	at com.kms.katalon.core.webui.keyword.internal.WebUIKeywordMain.stepFailed(WebUIKeywordMain.groovy:64)
	at com.kms.katalon.core.webui.keyword.builtin.VerifyTextPresentKeyword$_verifyTextPresent_closure1.doCall(VerifyTextPresentKeyword.groovy:79)
	at com.kms.katalon.core.webui.keyword.builtin.VerifyTextPresentKeyword$_verifyTextPresent_closure1.call(VerifyTextPresentKeyword.groovy)
	at com.kms.katalon.core.webui.keyword.internal.WebUIKeywordMain.runKeyword(WebUIKeywordMain.groovy:20)
	at com.kms.katalon.core.webui.keyword.builtin.VerifyTextPresentKeyword.verifyTextPresent(VerifyTextPresentKeyword.groovy:83)
	at com.kms.katalon.core.webui.keyword.builtin.VerifyTextPresentKeyword.execute(VerifyTextPresentKeyword.groovy:68)
	at com.kms.katalon.core.keyword.internal.KeywordExecutor.executeKeywordForPlatform(KeywordExecutor.groovy:72)
	at com.kms.katalon.core.webui.keyword.WebUiBuiltInKeywords.verifyTextPresent(WebUiBuiltInKeywords.groovy:1703)
	at com.kms.katalon.core.webui.keyword.WebUiBuiltInKeywords$verifyTextPresent$11.call(Unknown Source)
	at Trader_Record.run(Trader_Record:62)
	at com.kms.katalon.core.main.ScriptEngine.run(ScriptEngine.java:194)
	at com.kms.katalon.core.main.ScriptEngine.runScriptAsRawText(ScriptEngine.java:119)
	at com.kms.katalon.core.main.TestCaseExecutor.runScript(TestCaseExecutor.java:337)
	at com.kms.katalon.core.main.TestCaseExecutor.doExecute(TestCaseExecutor.java:328)
	at com.kms.katalon.core.main.TestCaseExecutor.processExecutionPhase(TestCaseExecutor.java:307)
	at com.kms.katalon.core.main.TestCaseExecutor.accessMainPhase(TestCaseExecutor.java:299)
	at com.kms.katalon.core.main.TestCaseExecutor.execute(TestCaseExecutor.java:233)
	at com.kms.katalon.core.main.TestCaseMain.runTestCase(TestCaseMain.java:114)
	at com.kms.katalon.core.keyword.builtin.CallTestCaseKeyword$_callTestCase_closure1.doCall(CallTestCaseKeyword.groovy:59)
	at com.kms.katalon.core.keyword.builtin.CallTestCaseKeyword$_callTestCase_closure1.call(CallTestCaseKeyword.groovy)
	at com.kms.katalon.core.keyword.internal.KeywordMain.runKeyword(KeywordMain.groovy:68)
	at com.kms.katalon.core.keyword.builtin.CallTestCaseKeyword.callTestCase(CallTestCaseKeyword.groovy:81)
	at com.kms.katalon.core.keyword.builtin.CallTestCaseKeyword.execute(CallTestCaseKeyword.groovy:44)
	at com.kms.katalon.core.keyword.internal.KeywordExecutor.executeKeywordForPlatform(KeywordExecutor.groovy:72)
	at com.kms.katalon.core.keyword.BuiltinKeywords.callTestCase(BuiltinKeywords.groovy:334)
	at WebOffice_Header_Search.run(WebOffice_Header_Search:65)
	at com.kms.katalon.core.main.ScriptEngine.run(ScriptEngine.java:194)
	at com.kms.katalon.core.main.ScriptEngine.runScriptAsRawText(ScriptEngine.java:119)
	at com.kms.katalon.core.main.TestCaseExecutor.runScript(TestCaseExecutor.java:337)
	at com.kms.katalon.core.main.TestCaseExecutor.doExecute(TestCaseExecutor.java:328)
	at com.kms.katalon.core.main.TestCaseExecutor.processExecutionPhase(TestCaseExecutor.java:307)
	at com.kms.katalon.core.main.TestCaseExecutor.accessMainPhase(TestCaseExecutor.java:299)
	at com.kms.katalon.core.main.TestCaseExecutor.execute(TestCaseExecutor.java:233)
	at com.kms.katalon.core.main.TestSuiteExecutor.accessTestCaseMainPhase(TestSuiteExecutor.java:169)
	at com.kms.katalon.core.main.TestSuiteExecutor.accessTestSuiteMainPhase(TestSuiteExecutor.java:142)
	at com.kms.katalon.core.main.TestSuiteExecutor.execute(TestSuiteExecutor.java:91)
	at com.kms.katalon.core.main.TestCaseMain.startTestSuite(TestCaseMain.java:157)
	at com.kms.katalon.core.main.TestCaseMain$startTestSuite$0.call(Unknown Source)
	at TempTestSuite1587039002449.run(TempTestSuite1587039002449.groovy:36)
)
	at com.kms.katalon.core.keyword.internal.KeywordMain.stepFailed(KeywordMain.groovy:39)
	at com.kms.katalon.core.webui.keyword.internal.WebUIKeywordMain.stepFailed(WebUIKeywordMain.groovy:64)
	at com.kms.katalon.core.webui.keyword.builtin.VerifyTextPresentKeyword$_verifyTextPresent_closure1.doCall(VerifyTextPresentKeyword.groovy:79)
	at com.kms.katalon.core.webui.keyword.builtin.VerifyTextPresentKeyword$_verifyTextPresent_closure1.call(VerifyTextPresentKeyword.groovy)
	at com.kms.katalon.core.webui.keyword.internal.WebUIKeywordMain.runKeyword(WebUIKeywordMain.groovy:20)
	at com.kms.katalon.core.webui.keyword.builtin.VerifyTextPresentKeyword.verifyTextPresent(VerifyTextPresentKeyword.groovy:83)
	at com.kms.katalon.core.webui.keyword.builtin.VerifyTextPresentKeyword.execute(VerifyTextPresentKeyword.groovy:68)
	at com.kms.katalon.core.keyword.internal.KeywordExecutor.executeKeywordForPlatform(KeywordExecutor.groovy:72)
	at com.kms.katalon.core.webui.keyword.WebUiBuiltInKeywords.verifyTextPresent(WebUiBuiltInKeywords.groovy:1703)
	at com.kms.katalon.core.webui.keyword.WebUiBuiltInKeywords$verifyTextPresent$11.call(Unknown Source)
	at Trader_Record.run(Trader_Record:62)
	at com.kms.katalon.core.main.ScriptEngine.run(ScriptEngine.java:194)
	at com.kms.katalon.core.main.ScriptEngine.runScriptAsRawText(ScriptEngine.java:119)
	at com.kms.katalon.core.main.TestCaseExecutor.runScript(TestCaseExecutor.java:337)
	at com.kms.katalon.core.main.TestCaseExecutor.doExecute(TestCaseExecutor.java:328)
	at com.kms.katalon.core.main.TestCaseExecutor.processExecutionPhase(TestCaseExecutor.java:307)
	at com.kms.katalon.core.main.TestCaseExecutor.accessMainPhase(TestCaseExecutor.java:299)
	at com.kms.katalon.core.main.TestCaseExecutor.execute(TestCaseExecutor.java:233)
	at com.kms.katalon.core.main.TestCaseMain.runTestCase(TestCaseMain.java:114)
	at com.kms.katalon.core.keyword.builtin.CallTestCaseKeyword$_callTestCase_closure1.doCall(CallTestCaseKeyword.groovy:59)
	... 20 more
Caused by: com.kms.katalon.core.exception.StepFailedException: Text 'Unit 4, Dukeries Court, Hallcroft Industrial Estate, Retford, Nottinghamshire, DN22 7PX' is not present on page 
	... 39 more
)

2020-04-16 13:39:20 - [TEST_STEP][PASSED] - "--------------------------": null

2020-04-16 13:39:20 - [TEST_STEP][PASSED] - " Teardown - CLose Browser |": null

2020-04-16 13:39:20 - [TEST_STEP][PASSED] - callTestCase(findTestCase("Reusable_Test_Sequences/CAT_Teardown"), [:], OPTIONAL): Call Test Case 'Test Cases/Reusable_Test_Sequences/CAT_Teardown' successfully

2020-04-16 13:39:20 - [TEST_CASE][PASSED] - Test Cases/Reusable_Test_Sequences/CAT_Teardown: Test Cases/Reusable_Test_Sequences/CAT_Teardown

2020-04-16 13:39:20 - [TEST_STEP][PASSED] - closeBrowser(): Browser is closed

2020-04-16 13:39:21 - [MESSAGE][PASSED] - Browser is closed

2020-04-16 13:39:21 - [TEST_STEP][PASSED] - super.finalize(): null

2020-04-16 13:39:21 - [TEST_STEP][PASSED] - System.gc(): null

2020-04-16 13:39:21 - [MESSAGE][PASSED] - Call Test Case 'Test Cases/Reusable_Test_Sequences/CAT_Teardown' successfully

2020-04-16 13:39:21 - [TEST_STEP][PASSED] - "--------------------------------------": null

2020-04-16 13:39:21 - [TEST_STEP][PASSED] - " Web Office StartUp                  |": null

2020-04-16 13:39:21 - [TEST_STEP][PASSED] - callTestCase(findTestCase("Reusable_Test_Sequences/Web_Office/Directives/WebOffice_StartUp"), [:], STOP_ON_FAILURE): Call Test Case 'Test Cases/Reusable_Test_Sequences/Web_Office/Directives/WebOffice_StartUp' successfully

2020-04-16 13:39:21 - [TEST_CASE][PASSED] - Test Cases/Reusable_Test_Sequences/Web_Office/Directives/WebOffice_StartUp: Test Cases/Reusable_Test_Sequences/Web_Office/Directives/WebOffice_StartUp

2020-04-16 13:39:21 - [TEST_STEP][PASSED] - "-----------------------------------------------------------------------------": null

2020-04-16 13:39:21 - [TEST_STEP][PASSED] - if (URL == "https://www.dev.checkatrade.com/"): null

2020-04-16 13:39:21 - [TEST_STEP][PASSED] - "-----------------------------------------------------------------------------": null

2020-04-16 13:39:21 - [TEST_STEP][PASSED] - if (URL == "https://www.checkatrade.com/"): null

2020-04-16 13:39:21 - [TEST_STEP][PASSED] - "-----------------------------------------------------------------------------": null

2020-04-16 13:39:21 - [TEST_STEP][PASSED] - if (URL == "https://www.preview.checkatrade.com/"): null

2020-04-16 13:39:21 - [TEST_STEP][PASSED] - WebOfficeURL = "https://admin.preview.checkatrade.com/": null

2020-04-16 13:39:21 - [TEST_STEP][PASSED] - if (URL == "https://www.dev2.checkatrade.com/"): null

2020-04-16 13:39:21 - [TEST_STEP][PASSED] - "Set Function Area for "URL_Handler", URL Resolution": null

2020-04-16 13:39:21 - [TEST_STEP][PASSED] - "Do Some Magic with URL(s) See the comments within URL Handler ": null

2020-04-16 13:39:21 - [TEST_STEP][PASSED] - "------------------------------------------------": null

2020-04-16 13:39:21 - [TEST_STEP][PASSED] - "Moved Login Credentials to <Default> profile 22/01/2020": null

2020-04-16 13:39:21 - [TEST_STEP][PASSED] - "------------------------------------------------": null

2020-04-16 13:39:21 - [TEST_STEP][PASSED] - "WebOfficeURL - Set from the ENVIRONMENT PROFILE ": null

2020-04-16 13:39:21 - [TEST_STEP][PASSED] - "OPEN BROWSER": null

2020-04-16 13:39:21 - [TEST_STEP][PASSED] - "eg - https://admin.preview.checkatrade.com/  ": null

2020-04-16 13:39:21 - [TEST_STEP][PASSED] - openBrowser(WebOfficeURL): Browser is opened with url: 'https://admin.preview.checkatrade.com/'

2020-04-16 13:39:21 - [MESSAGE][INFO] - Starting 'Chrome' driver

2020-04-16 13:39:21 - [MESSAGE][INFO] - Action delay is set to 0 milliseconds

2020-04-16 13:39:27 - [MESSAGE][PASSED] - Browser is opened with url: 'https://admin.preview.checkatrade.com/'

2020-04-16 13:39:27 - [TEST_STEP][PASSED] - maximizeWindow(): Current window maximized

2020-04-16 13:39:29 - [MESSAGE][PASSED] - Current window maximized

2020-04-16 13:39:29 - [TEST_STEP][PASSED] - waitForElementClickable(findTestObject("Object Repository/WebOffice/Page_Checkatrade - Administration - Login/Login_Button"), 25): Object 'Object Repository/WebOffice/Page_Checkatrade - Administration - Login/Login_Button' is clickable

2020-04-16 13:39:29 - [MESSAGE][PASSED] - Object 'Object Repository/WebOffice/Page_Checkatrade - Administration - Login/Login_Button' is clickable

2020-04-16 13:39:29 - [TEST_STEP][PASSED] - verifyTextPresent("Checkatrade Web Office", false): Text 'Checkatrade Web Office' is present on page 

2020-04-16 13:39:30 - [MESSAGE][PASSED] - Text 'Checkatrade Web Office' is present on page 

2020-04-16 13:39:30 - [TEST_STEP][PASSED] - verifyTextPresent("Access for staff use only", false): Text 'Access for staff use only' is present on page 

2020-04-16 13:39:30 - [MESSAGE][PASSED] - Text 'Access for staff use only' is present on page 

2020-04-16 13:39:30 - [TEST_STEP][PASSED] - verifyTextPresent("Forgotten password?", false): Text 'Forgotten password?' is present on page 

2020-04-16 13:39:30 - [MESSAGE][PASSED] - Text 'Forgotten password?' is present on page 

2020-04-16 13:39:30 - [TEST_STEP][PASSED] - setText(findTestObject("Object Repository/WebOffice/Page_Checkatrade - Administration - Login/input_Username_LoginControlUserName"), wo_Username): Text 'DavidHo' is set on object 'Object Repository/WebOffice/Page_Checkatrade - Administration - Login/input_Username_LoginControlUserName'

2020-04-16 13:39:30 - [MESSAGE][PASSED] - Text 'DavidHo' is set on object 'Object Repository/WebOffice/Page_Checkatrade - Administration - Login/input_Username_LoginControlUserName'

2020-04-16 13:39:30 - [TEST_STEP][PASSED] - setText(findTestObject("Object Repository/WebOffice/Page_Checkatrade - Administration - Login/input_Password_LoginControlPassword"), wo_Password): Text 'Check123' is set on object 'Object Repository/WebOffice/Page_Checkatrade - Administration - Login/input_Password_LoginControlPassword'

2020-04-16 13:39:30 - [MESSAGE][PASSED] - Text 'Check123' is set on object 'Object Repository/WebOffice/Page_Checkatrade - Administration - Login/input_Password_LoginControlPassword'

2020-04-16 13:39:30 - [TEST_STEP][PASSED] - click(findTestObject("Object Repository/WebOffice/Page_Checkatrade - Administration - Login/Login_Button")): Object: 'Object Repository/WebOffice/Page_Checkatrade - Administration - Login/Login_Button' is clicked on

2020-04-16 13:39:31 - [MESSAGE][PASSED] - Object: 'Object Repository/WebOffice/Page_Checkatrade - Administration - Login/Login_Button' is clicked on

2020-04-16 13:39:31 - [TEST_STEP][PASSED] - waitForPageLoad(60): Wait for page load successfully

2020-04-16 13:39:31 - [MESSAGE][PASSED] - Wait for page load successfully

2020-04-16 13:39:31 - [TEST_STEP][PASSED] - verifyTextPresent("Welcome " + wo_Username, false): Text 'Welcome DavidHo' is present on page 

2020-04-16 13:39:31 - [MESSAGE][PASSED] - Text 'Welcome DavidHo' is present on page 

2020-04-16 13:39:31 - [MESSAGE][PASSED] - Call Test Case 'Test Cases/Reusable_Test_Sequences/Web_Office/Directives/WebOffice_StartUp' successfully

2020-04-16 13:39:31 - [TEST_STEP][PASSED] - "--------------------------------------": null

2020-04-16 13:39:31 - [TEST_STEP][PASSED] - " Home Page - Search                   |": null

2020-04-16 13:39:31 - [TEST_STEP][PASSED] - callTestCase(findTestCase("Reusable_Test_Sequences/Web_Office/Home_Page_Search"), [:], STOP_ON_FAILURE): Call Test Case 'Test Cases/Reusable_Test_Sequences/Web_Office/Home_Page_Search' successfully

2020-04-16 13:39:31 - [TEST_CASE][PASSED] - Test Cases/Reusable_Test_Sequences/Web_Office/Home_Page_Search: Test Cases/Reusable_Test_Sequences/Web_Office/Home_Page_Search

2020-04-16 13:39:31 - [TEST_STEP][PASSED] - setText(findTestObject("Object Repository/WebOffice_Home_page/input_Search_Criteria"), findTestData("searchTestData").getValue("Search_Selector", row)): Text 'Planvale Services' is set on object 'Object Repository/WebOffice_Home_page/input_Search_Criteria'

2020-04-16 13:39:32 - [MESSAGE][PASSED] - Text 'Planvale Services' is set on object 'Object Repository/WebOffice_Home_page/input_Search_Criteria'

2020-04-16 13:39:32 - [TEST_STEP][PASSED] - delay(1): Delayed 1 second(s)

2020-04-16 13:39:33 - [MESSAGE][PASSED] - Delayed 1 second(s)

2020-04-16 13:39:33 - [TEST_STEP][PASSED] - click(findTestObject("Object Repository/WebOffice_Home_page/popout_Search_Item")): Object: 'Object Repository/WebOffice_Home_page/popout_Search_Item' is clicked on

2020-04-16 13:39:36 - [MESSAGE][PASSED] - Object: 'Object Repository/WebOffice_Home_page/popout_Search_Item' is clicked on

2020-04-16 13:39:36 - [TEST_STEP][PASSED] - waitForPageLoad(60): Wait for page load successfully

2020-04-16 13:39:36 - [MESSAGE][PASSED] - Wait for page load successfully

2020-04-16 13:39:36 - [MESSAGE][PASSED] - Call Test Case 'Test Cases/Reusable_Test_Sequences/Web_Office/Home_Page_Search' successfully

2020-04-16 13:39:36 - [TEST_STEP][PASSED] - "--------------------------------------": null

2020-04-16 13:39:36 - [TEST_STEP][PASSED] - " Web Office - Verify Returned Record  |": null

2020-04-16 13:39:36 - [TEST_STEP][PASSED] - callTestCase(findTestCase("Reusable_Test_Sequences/Web_Office/Verification/Trader_Record"), [:], OPTIONAL): Call Test Case 'Test Cases/Reusable_Test_Sequences/Web_Office/Verification/Trader_Record' successfully

2020-04-16 13:39:36 - [TEST_CASE][PASSED] - Test Cases/Reusable_Test_Sequences/Web_Office/Verification/Trader_Record: Test Cases/Reusable_Test_Sequences/Web_Office/Verification/Trader_Record

2020-04-16 13:39:36 - [TEST_STEP][PASSED] - verifyTextPresent(findTestData("searchTestData").getValue("tradeName", row), false, CONTINUE_ON_FAILURE): Text 'Planvale Services' is present on page 

2020-04-16 13:39:37 - [MESSAGE][PASSED] - Text 'Planvale Services' is present on page 

2020-04-16 13:39:37 - [TEST_STEP][PASSED] - verifyTextPresent(findTestData("searchTestData").getValue("primeContact", row), false, CONTINUE_ON_FAILURE): Text 'Andrew Whitaker' is present on page 

2020-04-16 13:39:38 - [MESSAGE][PASSED] - Text 'Andrew Whitaker' is present on page 

2020-04-16 13:39:38 - [TEST_STEP][PASSED] - verifyTextPresent(findTestData("searchTestData").getValue("address", row), false, CONTINUE_ON_FAILURE): Text '66 Tony Humphries Road, Banbury, Oxfordshire, OX16 0FF' is present on page 

2020-04-16 13:39:39 - [MESSAGE][PASSED] - Text '66 Tony Humphries Road, Banbury, Oxfordshire, OX16 0FF' is present on page 

2020-04-16 13:39:39 - [TEST_STEP][PASSED] - verifyTextPresent(findTestData("searchTestData").getValue("mobile", row), false, CONTINUE_ON_FAILURE): Text '07960 633438' is present on page 

2020-04-16 13:39:40 - [MESSAGE][PASSED] - Text '07960 633438' is present on page 

2020-04-16 13:39:40 - [TEST_STEP][PASSED] - verifyTextPresent(findTestData("searchTestData").getValue("contact", row), false, CONTINUE_ON_FAILURE): Text '020 3686 0529' is present on page 

2020-04-16 13:39:41 - [MESSAGE][PASSED] - Text '020 3686 0529' is present on page 

2020-04-16 13:39:41 - [TEST_STEP][PASSED] - verifyTextPresent(findTestData("searchTestData").getValue("email", row), false, CONTINUE_ON_FAILURE): Text 'andrewwhitaker2009@hotmail.co.uk' is present on page 

2020-04-16 13:39:41 - [MESSAGE][PASSED] - Text 'andrewwhitaker2009@hotmail.co.uk' is present on page 

2020-04-16 13:39:41 - [TEST_STEP][PASSED] - verifyTextPresent(findTestData("searchTestData").getValue("dob", row), false, CONTINUE_ON_FAILURE): Text 'DoB: 25/02/1974' is present on page 

2020-04-16 13:39:42 - [MESSAGE][PASSED] - Text 'DoB: 25/02/1974' is present on page 

2020-04-16 13:39:42 - [TEST_STEP][PASSED] - verifyTextPresent(findTestData("searchTestData").getValue("catID", row), false, CONTINUE_ON_FAILURE): Text '308682' is present on page 

2020-04-16 13:39:43 - [MESSAGE][PASSED] - Text '308682' is present on page 

2020-04-16 13:39:43 - [MESSAGE][PASSED] - Call Test Case 'Test Cases/Reusable_Test_Sequences/Web_Office/Verification/Trader_Record' successfully

2020-04-16 13:39:43 - [TEST_STEP][PASSED] - "--------------------------": null

2020-04-16 13:39:43 - [TEST_STEP][PASSED] - " Teardown - CLose Browser |": null

2020-04-16 13:39:43 - [TEST_STEP][PASSED] - callTestCase(findTestCase("Reusable_Test_Sequences/CAT_Teardown"), [:], OPTIONAL): Call Test Case 'Test Cases/Reusable_Test_Sequences/CAT_Teardown' successfully

2020-04-16 13:39:43 - [TEST_CASE][PASSED] - Test Cases/Reusable_Test_Sequences/CAT_Teardown: Test Cases/Reusable_Test_Sequences/CAT_Teardown

2020-04-16 13:39:43 - [TEST_STEP][PASSED] - closeBrowser(): Browser is closed

2020-04-16 13:39:44 - [MESSAGE][PASSED] - Browser is closed

2020-04-16 13:39:44 - [TEST_STEP][PASSED] - super.finalize(): null

2020-04-16 13:39:44 - [TEST_STEP][PASSED] - System.gc(): null

2020-04-16 13:39:44 - [MESSAGE][PASSED] - Call Test Case 'Test Cases/Reusable_Test_Sequences/CAT_Teardown' successfully

2020-04-16 13:39:44 - [TEST_STEP][PASSED] - "--------------------------------------": null

2020-04-16 13:39:44 - [TEST_STEP][PASSED] - " Web Office StartUp                  |": null

2020-04-16 13:39:44 - [TEST_STEP][PASSED] - callTestCase(findTestCase("Reusable_Test_Sequences/Web_Office/Directives/WebOffice_StartUp"), [:], STOP_ON_FAILURE): Call Test Case 'Test Cases/Reusable_Test_Sequences/Web_Office/Directives/WebOffice_StartUp' successfully

2020-04-16 13:39:44 - [TEST_CASE][PASSED] - Test Cases/Reusable_Test_Sequences/Web_Office/Directives/WebOffice_StartUp: Test Cases/Reusable_Test_Sequences/Web_Office/Directives/WebOffice_StartUp

2020-04-16 13:39:44 - [TEST_STEP][PASSED] - "-----------------------------------------------------------------------------": null

2020-04-16 13:39:44 - [TEST_STEP][PASSED] - if (URL == "https://www.dev.checkatrade.com/"): null

2020-04-16 13:39:44 - [TEST_STEP][PASSED] - "-----------------------------------------------------------------------------": null

2020-04-16 13:39:44 - [TEST_STEP][PASSED] - if (URL == "https://www.checkatrade.com/"): null

2020-04-16 13:39:44 - [TEST_STEP][PASSED] - "-----------------------------------------------------------------------------": null

2020-04-16 13:39:44 - [TEST_STEP][PASSED] - if (URL == "https://www.preview.checkatrade.com/"): null

2020-04-16 13:39:44 - [TEST_STEP][PASSED] - WebOfficeURL = "https://admin.preview.checkatrade.com/": null

2020-04-16 13:39:44 - [TEST_STEP][PASSED] - if (URL == "https://www.dev2.checkatrade.com/"): null

2020-04-16 13:39:44 - [TEST_STEP][PASSED] - "Set Function Area for "URL_Handler", URL Resolution": null

2020-04-16 13:39:44 - [TEST_STEP][PASSED] - "Do Some Magic with URL(s) See the comments within URL Handler ": null

2020-04-16 13:39:44 - [TEST_STEP][PASSED] - "------------------------------------------------": null

2020-04-16 13:39:44 - [TEST_STEP][PASSED] - "Moved Login Credentials to <Default> profile 22/01/2020": null

2020-04-16 13:39:44 - [TEST_STEP][PASSED] - "------------------------------------------------": null

2020-04-16 13:39:44 - [TEST_STEP][PASSED] - "WebOfficeURL - Set from the ENVIRONMENT PROFILE ": null

2020-04-16 13:39:44 - [TEST_STEP][PASSED] - "OPEN BROWSER": null

2020-04-16 13:39:44 - [TEST_STEP][PASSED] - "eg - https://admin.preview.checkatrade.com/  ": null

2020-04-16 13:39:44 - [TEST_STEP][PASSED] - openBrowser(WebOfficeURL): Browser is opened with url: 'https://admin.preview.checkatrade.com/'

2020-04-16 13:39:44 - [MESSAGE][INFO] - Starting 'Chrome' driver

2020-04-16 13:39:44 - [MESSAGE][INFO] - Action delay is set to 0 milliseconds

2020-04-16 13:39:49 - [MESSAGE][PASSED] - Browser is opened with url: 'https://admin.preview.checkatrade.com/'

2020-04-16 13:39:49 - [TEST_STEP][PASSED] - maximizeWindow(): Current window maximized

2020-04-16 13:39:52 - [MESSAGE][PASSED] - Current window maximized

2020-04-16 13:39:52 - [TEST_STEP][PASSED] - waitForElementClickable(findTestObject("Object Repository/WebOffice/Page_Checkatrade - Administration - Login/Login_Button"), 25): Object 'Object Repository/WebOffice/Page_Checkatrade - Administration - Login/Login_Button' is clickable

2020-04-16 13:39:52 - [MESSAGE][PASSED] - Object 'Object Repository/WebOffice/Page_Checkatrade - Administration - Login/Login_Button' is clickable

2020-04-16 13:39:52 - [TEST_STEP][PASSED] - verifyTextPresent("Checkatrade Web Office", false): Text 'Checkatrade Web Office' is present on page 

2020-04-16 13:39:52 - [MESSAGE][PASSED] - Text 'Checkatrade Web Office' is present on page 

2020-04-16 13:39:52 - [TEST_STEP][PASSED] - verifyTextPresent("Access for staff use only", false): Text 'Access for staff use only' is present on page 

2020-04-16 13:39:52 - [MESSAGE][PASSED] - Text 'Access for staff use only' is present on page 

2020-04-16 13:39:52 - [TEST_STEP][PASSED] - verifyTextPresent("Forgotten password?", false): Text 'Forgotten password?' is present on page 

2020-04-16 13:39:52 - [MESSAGE][PASSED] - Text 'Forgotten password?' is present on page 

2020-04-16 13:39:52 - [TEST_STEP][PASSED] - setText(findTestObject("Object Repository/WebOffice/Page_Checkatrade - Administration - Login/input_Username_LoginControlUserName"), wo_Username): Text 'DavidHo' is set on object 'Object Repository/WebOffice/Page_Checkatrade - Administration - Login/input_Username_LoginControlUserName'

2020-04-16 13:39:53 - [MESSAGE][PASSED] - Text 'DavidHo' is set on object 'Object Repository/WebOffice/Page_Checkatrade - Administration - Login/input_Username_LoginControlUserName'

2020-04-16 13:39:53 - [TEST_STEP][PASSED] - setText(findTestObject("Object Repository/WebOffice/Page_Checkatrade - Administration - Login/input_Password_LoginControlPassword"), wo_Password): Text 'Check123' is set on object 'Object Repository/WebOffice/Page_Checkatrade - Administration - Login/input_Password_LoginControlPassword'

2020-04-16 13:39:53 - [MESSAGE][PASSED] - Text 'Check123' is set on object 'Object Repository/WebOffice/Page_Checkatrade - Administration - Login/input_Password_LoginControlPassword'

2020-04-16 13:39:53 - [TEST_STEP][PASSED] - click(findTestObject("Object Repository/WebOffice/Page_Checkatrade - Administration - Login/Login_Button")): Object: 'Object Repository/WebOffice/Page_Checkatrade - Administration - Login/Login_Button' is clicked on

2020-04-16 13:39:54 - [MESSAGE][PASSED] - Object: 'Object Repository/WebOffice/Page_Checkatrade - Administration - Login/Login_Button' is clicked on

2020-04-16 13:39:54 - [TEST_STEP][PASSED] - waitForPageLoad(60): Wait for page load successfully

2020-04-16 13:39:54 - [MESSAGE][PASSED] - Wait for page load successfully

2020-04-16 13:39:54 - [TEST_STEP][PASSED] - verifyTextPresent("Welcome " + wo_Username, false): Text 'Welcome DavidHo' is present on page 

2020-04-16 13:39:55 - [MESSAGE][PASSED] - Text 'Welcome DavidHo' is present on page 

2020-04-16 13:39:55 - [MESSAGE][PASSED] - Call Test Case 'Test Cases/Reusable_Test_Sequences/Web_Office/Directives/WebOffice_StartUp' successfully

2020-04-16 13:39:55 - [TEST_STEP][PASSED] - "--------------------------------------": null

2020-04-16 13:39:55 - [TEST_STEP][PASSED] - " Home Page - Search                   |": null

2020-04-16 13:39:55 - [TEST_STEP][PASSED] - callTestCase(findTestCase("Reusable_Test_Sequences/Web_Office/Home_Page_Search"), [:], STOP_ON_FAILURE): Call Test Case 'Test Cases/Reusable_Test_Sequences/Web_Office/Home_Page_Search' successfully

2020-04-16 13:39:55 - [TEST_CASE][PASSED] - Test Cases/Reusable_Test_Sequences/Web_Office/Home_Page_Search: Test Cases/Reusable_Test_Sequences/Web_Office/Home_Page_Search

2020-04-16 13:39:55 - [TEST_STEP][PASSED] - setText(findTestObject("Object Repository/WebOffice_Home_page/input_Search_Criteria"), findTestData("searchTestData").getValue("Search_Selector", row)): Text '381198' is set on object 'Object Repository/WebOffice_Home_page/input_Search_Criteria'

2020-04-16 13:39:55 - [MESSAGE][PASSED] - Text '381198' is set on object 'Object Repository/WebOffice_Home_page/input_Search_Criteria'

2020-04-16 13:39:55 - [TEST_STEP][PASSED] - delay(1): Delayed 1 second(s)

2020-04-16 13:39:56 - [MESSAGE][PASSED] - Delayed 1 second(s)

2020-04-16 13:39:56 - [TEST_STEP][PASSED] - click(findTestObject("Object Repository/WebOffice_Home_page/popout_Search_Item")): Object: 'Object Repository/WebOffice_Home_page/popout_Search_Item' is clicked on

2020-04-16 13:39:59 - [MESSAGE][PASSED] - Object: 'Object Repository/WebOffice_Home_page/popout_Search_Item' is clicked on

2020-04-16 13:39:59 - [TEST_STEP][PASSED] - waitForPageLoad(60): Wait for page load successfully

2020-04-16 13:39:59 - [MESSAGE][PASSED] - Wait for page load successfully

2020-04-16 13:39:59 - [MESSAGE][PASSED] - Call Test Case 'Test Cases/Reusable_Test_Sequences/Web_Office/Home_Page_Search' successfully

2020-04-16 13:39:59 - [TEST_STEP][PASSED] - "--------------------------------------": null

2020-04-16 13:39:59 - [TEST_STEP][PASSED] - " Web Office - Verify Returned Record  |": null

2020-04-16 13:39:59 - [TEST_STEP][PASSED] - callTestCase(findTestCase("Reusable_Test_Sequences/Web_Office/Verification/Trader_Record"), [:], OPTIONAL): Call Test Case 'Test Cases/Reusable_Test_Sequences/Web_Office/Verification/Trader_Record' successfully

2020-04-16 13:39:59 - [TEST_CASE][PASSED] - Test Cases/Reusable_Test_Sequences/Web_Office/Verification/Trader_Record: Test Cases/Reusable_Test_Sequences/Web_Office/Verification/Trader_Record

2020-04-16 13:39:59 - [TEST_STEP][PASSED] - verifyTextPresent(findTestData("searchTestData").getValue("tradeName", row), false, CONTINUE_ON_FAILURE): Text 'Glazing Solutions' is present on page 

2020-04-16 13:40:00 - [MESSAGE][PASSED] - Text 'Glazing Solutions' is present on page 

2020-04-16 13:40:00 - [TEST_STEP][PASSED] - verifyTextPresent(findTestData("searchTestData").getValue("primeContact", row), false, CONTINUE_ON_FAILURE): Text 'Mr Scott Heyburn' is present on page 

2020-04-16 13:40:02 - [MESSAGE][PASSED] - Text 'Mr Scott Heyburn' is present on page 

2020-04-16 13:40:02 - [TEST_STEP][PASSED] - verifyTextPresent(findTestData("searchTestData").getValue("address", row), false, CONTINUE_ON_FAILURE): Text '19 St. Peters Close, Bognor Regis, PO21 5QA' is present on page 

2020-04-16 13:40:03 - [MESSAGE][PASSED] - Text '19 St. Peters Close, Bognor Regis, PO21 5QA' is present on page 

2020-04-16 13:40:03 - [TEST_STEP][PASSED] - verifyTextPresent(findTestData("searchTestData").getValue("mobile", row), false, CONTINUE_ON_FAILURE): Text '07739 534957' is present on page 

2020-04-16 13:40:03 - [MESSAGE][PASSED] - Text '07739 534957' is present on page 

2020-04-16 13:40:03 - [TEST_STEP][PASSED] - verifyTextPresent(findTestData("searchTestData").getValue("contact", row), false, CONTINUE_ON_FAILURE): Text '' is present on page 

2020-04-16 13:40:04 - [MESSAGE][PASSED] - Text '' is present on page 

2020-04-16 13:40:04 - [TEST_STEP][PASSED] - verifyTextPresent(findTestData("searchTestData").getValue("email", row), false, CONTINUE_ON_FAILURE): Text 'trpselsey@gmail.com' is present on page 

2020-04-16 13:40:05 - [MESSAGE][PASSED] - Text 'trpselsey@gmail.com' is present on page 

2020-04-16 13:40:05 - [TEST_STEP][PASSED] - verifyTextPresent(findTestData("searchTestData").getValue("dob", row), false, CONTINUE_ON_FAILURE): Text 'DoB: 06/04/1970' is present on page 

2020-04-16 13:40:06 - [MESSAGE][PASSED] - Text 'DoB: 06/04/1970' is present on page 

2020-04-16 13:40:06 - [TEST_STEP][PASSED] - verifyTextPresent(findTestData("searchTestData").getValue("catID", row), false, CONTINUE_ON_FAILURE): Text '381198' is present on page 

2020-04-16 13:40:07 - [MESSAGE][PASSED] - Text '381198' is present on page 

2020-04-16 13:40:07 - [MESSAGE][PASSED] - Call Test Case 'Test Cases/Reusable_Test_Sequences/Web_Office/Verification/Trader_Record' successfully

2020-04-16 13:40:07 - [TEST_STEP][PASSED] - "--------------------------": null

2020-04-16 13:40:07 - [TEST_STEP][PASSED] - " Teardown - CLose Browser |": null

2020-04-16 13:40:07 - [TEST_STEP][PASSED] - callTestCase(findTestCase("Reusable_Test_Sequences/CAT_Teardown"), [:], OPTIONAL): Call Test Case 'Test Cases/Reusable_Test_Sequences/CAT_Teardown' successfully

2020-04-16 13:40:07 - [TEST_CASE][PASSED] - Test Cases/Reusable_Test_Sequences/CAT_Teardown: Test Cases/Reusable_Test_Sequences/CAT_Teardown

2020-04-16 13:40:07 - [TEST_STEP][PASSED] - closeBrowser(): Browser is closed

2020-04-16 13:40:18 - [MESSAGE][PASSED] - Browser is closed

2020-04-16 13:40:18 - [TEST_STEP][PASSED] - super.finalize(): null

2020-04-16 13:40:18 - [TEST_STEP][PASSED] - System.gc(): null

2020-04-16 13:40:18 - [MESSAGE][PASSED] - Call Test Case 'Test Cases/Reusable_Test_Sequences/CAT_Teardown' successfully

2020-04-16 13:40:18 - [TEST_STEP][PASSED] - "--------------------------------------": null

2020-04-16 13:40:18 - [TEST_STEP][PASSED] - " Web Office StartUp                  |": null

2020-04-16 13:40:18 - [TEST_STEP][PASSED] - callTestCase(findTestCase("Reusable_Test_Sequences/Web_Office/Directives/WebOffice_StartUp"), [:], STOP_ON_FAILURE): Call Test Case 'Test Cases/Reusable_Test_Sequences/Web_Office/Directives/WebOffice_StartUp' successfully

2020-04-16 13:40:18 - [TEST_CASE][PASSED] - Test Cases/Reusable_Test_Sequences/Web_Office/Directives/WebOffice_StartUp: Test Cases/Reusable_Test_Sequences/Web_Office/Directives/WebOffice_StartUp

2020-04-16 13:40:18 - [TEST_STEP][PASSED] - "-----------------------------------------------------------------------------": null

2020-04-16 13:40:18 - [TEST_STEP][PASSED] - if (URL == "https://www.dev.checkatrade.com/"): null

2020-04-16 13:40:18 - [TEST_STEP][PASSED] - "-----------------------------------------------------------------------------": null

2020-04-16 13:40:18 - [TEST_STEP][PASSED] - if (URL == "https://www.checkatrade.com/"): null

2020-04-16 13:40:18 - [TEST_STEP][PASSED] - "-----------------------------------------------------------------------------": null

2020-04-16 13:40:18 - [TEST_STEP][PASSED] - if (URL == "https://www.preview.checkatrade.com/"): null

2020-04-16 13:40:18 - [TEST_STEP][PASSED] - WebOfficeURL = "https://admin.preview.checkatrade.com/": null

2020-04-16 13:40:18 - [TEST_STEP][PASSED] - if (URL == "https://www.dev2.checkatrade.com/"): null

2020-04-16 13:40:18 - [TEST_STEP][PASSED] - "Set Function Area for "URL_Handler", URL Resolution": null

2020-04-16 13:40:18 - [TEST_STEP][PASSED] - "Do Some Magic with URL(s) See the comments within URL Handler ": null

2020-04-16 13:40:18 - [TEST_STEP][PASSED] - "------------------------------------------------": null

2020-04-16 13:40:18 - [TEST_STEP][PASSED] - "Moved Login Credentials to <Default> profile 22/01/2020": null

2020-04-16 13:40:18 - [TEST_STEP][PASSED] - "------------------------------------------------": null

2020-04-16 13:40:18 - [TEST_STEP][PASSED] - "WebOfficeURL - Set from the ENVIRONMENT PROFILE ": null

2020-04-16 13:40:18 - [TEST_STEP][PASSED] - "OPEN BROWSER": null

2020-04-16 13:40:18 - [TEST_STEP][PASSED] - "eg - https://admin.preview.checkatrade.com/  ": null

2020-04-16 13:40:18 - [TEST_STEP][PASSED] - openBrowser(WebOfficeURL): Browser is opened with url: 'https://admin.preview.checkatrade.com/'

2020-04-16 13:40:18 - [MESSAGE][INFO] - Starting 'Chrome' driver

2020-04-16 13:40:18 - [MESSAGE][INFO] - Action delay is set to 0 milliseconds

2020-04-16 13:40:24 - [MESSAGE][PASSED] - Browser is opened with url: 'https://admin.preview.checkatrade.com/'

2020-04-16 13:40:24 - [TEST_STEP][PASSED] - maximizeWindow(): Current window maximized

2020-04-16 13:40:26 - [MESSAGE][PASSED] - Current window maximized

2020-04-16 13:40:26 - [TEST_STEP][PASSED] - waitForElementClickable(findTestObject("Object Repository/WebOffice/Page_Checkatrade - Administration - Login/Login_Button"), 25): Object 'Object Repository/WebOffice/Page_Checkatrade - Administration - Login/Login_Button' is clickable

2020-04-16 13:40:27 - [MESSAGE][PASSED] - Object 'Object Repository/WebOffice/Page_Checkatrade - Administration - Login/Login_Button' is clickable

2020-04-16 13:40:27 - [TEST_STEP][PASSED] - verifyTextPresent("Checkatrade Web Office", false): Text 'Checkatrade Web Office' is present on page 

2020-04-16 13:40:27 - [MESSAGE][PASSED] - Text 'Checkatrade Web Office' is present on page 

2020-04-16 13:40:27 - [TEST_STEP][PASSED] - verifyTextPresent("Access for staff use only", false): Text 'Access for staff use only' is present on page 

2020-04-16 13:40:27 - [MESSAGE][PASSED] - Text 'Access for staff use only' is present on page 

2020-04-16 13:40:27 - [TEST_STEP][PASSED] - verifyTextPresent("Forgotten password?", false): Text 'Forgotten password?' is present on page 

2020-04-16 13:40:27 - [MESSAGE][PASSED] - Text 'Forgotten password?' is present on page 

2020-04-16 13:40:27 - [TEST_STEP][PASSED] - setText(findTestObject("Object Repository/WebOffice/Page_Checkatrade - Administration - Login/input_Username_LoginControlUserName"), wo_Username): Text 'DavidHo' is set on object 'Object Repository/WebOffice/Page_Checkatrade - Administration - Login/input_Username_LoginControlUserName'

2020-04-16 13:40:28 - [MESSAGE][PASSED] - Text 'DavidHo' is set on object 'Object Repository/WebOffice/Page_Checkatrade - Administration - Login/input_Username_LoginControlUserName'

2020-04-16 13:40:28 - [TEST_STEP][PASSED] - setText(findTestObject("Object Repository/WebOffice/Page_Checkatrade - Administration - Login/input_Password_LoginControlPassword"), wo_Password): Text 'Check123' is set on object 'Object Repository/WebOffice/Page_Checkatrade - Administration - Login/input_Password_LoginControlPassword'

2020-04-16 13:40:28 - [MESSAGE][PASSED] - Text 'Check123' is set on object 'Object Repository/WebOffice/Page_Checkatrade - Administration - Login/input_Password_LoginControlPassword'

2020-04-16 13:40:28 - [TEST_STEP][PASSED] - click(findTestObject("Object Repository/WebOffice/Page_Checkatrade - Administration - Login/Login_Button")): Object: 'Object Repository/WebOffice/Page_Checkatrade - Administration - Login/Login_Button' is clicked on

2020-04-16 13:40:29 - [MESSAGE][PASSED] - Object: 'Object Repository/WebOffice/Page_Checkatrade - Administration - Login/Login_Button' is clicked on

2020-04-16 13:40:29 - [TEST_STEP][PASSED] - waitForPageLoad(60): Wait for page load successfully

2020-04-16 13:40:29 - [MESSAGE][PASSED] - Wait for page load successfully

2020-04-16 13:40:29 - [TEST_STEP][PASSED] - verifyTextPresent("Welcome " + wo_Username, false): Text 'Welcome DavidHo' is present on page 

2020-04-16 13:40:29 - [MESSAGE][PASSED] - Text 'Welcome DavidHo' is present on page 

2020-04-16 13:40:29 - [MESSAGE][PASSED] - Call Test Case 'Test Cases/Reusable_Test_Sequences/Web_Office/Directives/WebOffice_StartUp' successfully

2020-04-16 13:40:29 - [TEST_STEP][PASSED] - "--------------------------------------": null

2020-04-16 13:40:29 - [TEST_STEP][PASSED] - " Home Page - Search                   |": null

2020-04-16 13:40:29 - [TEST_STEP][PASSED] - callTestCase(findTestCase("Reusable_Test_Sequences/Web_Office/Home_Page_Search"), [:], STOP_ON_FAILURE): Call Test Case 'Test Cases/Reusable_Test_Sequences/Web_Office/Home_Page_Search' successfully

2020-04-16 13:40:29 - [TEST_CASE][PASSED] - Test Cases/Reusable_Test_Sequences/Web_Office/Home_Page_Search: Test Cases/Reusable_Test_Sequences/Web_Office/Home_Page_Search

2020-04-16 13:40:29 - [TEST_STEP][PASSED] - setText(findTestObject("Object Repository/WebOffice_Home_page/input_Search_Criteria"), findTestData("searchTestData").getValue("Search_Selector", row)): Text '07778 777641' is set on object 'Object Repository/WebOffice_Home_page/input_Search_Criteria'

2020-04-16 13:40:30 - [MESSAGE][PASSED] - Text '07778 777641' is set on object 'Object Repository/WebOffice_Home_page/input_Search_Criteria'

2020-04-16 13:40:30 - [TEST_STEP][PASSED] - delay(1): Delayed 1 second(s)

2020-04-16 13:40:31 - [MESSAGE][PASSED] - Delayed 1 second(s)

2020-04-16 13:40:31 - [TEST_STEP][PASSED] - click(findTestObject("Object Repository/WebOffice_Home_page/popout_Search_Item")): Object: 'Object Repository/WebOffice_Home_page/popout_Search_Item' is clicked on

2020-04-16 13:40:35 - [MESSAGE][PASSED] - Object: 'Object Repository/WebOffice_Home_page/popout_Search_Item' is clicked on

2020-04-16 13:40:35 - [TEST_STEP][PASSED] - waitForPageLoad(60): Wait for page load successfully

2020-04-16 13:40:35 - [MESSAGE][PASSED] - Wait for page load successfully

2020-04-16 13:40:35 - [MESSAGE][PASSED] - Call Test Case 'Test Cases/Reusable_Test_Sequences/Web_Office/Home_Page_Search' successfully

2020-04-16 13:40:35 - [TEST_STEP][PASSED] - "--------------------------------------": null

2020-04-16 13:40:35 - [TEST_STEP][PASSED] - " Web Office - Verify Returned Record  |": null

2020-04-16 13:40:35 - [TEST_STEP][PASSED] - callTestCase(findTestCase("Reusable_Test_Sequences/Web_Office/Verification/Trader_Record"), [:], OPTIONAL): Call Test Case 'Test Cases/Reusable_Test_Sequences/Web_Office/Verification/Trader_Record' successfully

2020-04-16 13:40:35 - [TEST_CASE][PASSED] - Test Cases/Reusable_Test_Sequences/Web_Office/Verification/Trader_Record: Test Cases/Reusable_Test_Sequences/Web_Office/Verification/Trader_Record

2020-04-16 13:40:35 - [TEST_STEP][PASSED] - verifyTextPresent(findTestData("searchTestData").getValue("tradeName", row), false, CONTINUE_ON_FAILURE): Text 'Autopics Garage Services' is present on page 

2020-04-16 13:40:36 - [MESSAGE][PASSED] - Text 'Autopics Garage Services' is present on page 

2020-04-16 13:40:36 - [TEST_STEP][PASSED] - verifyTextPresent(findTestData("searchTestData").getValue("primeContact", row), false, CONTINUE_ON_FAILURE): Text 'David Clarke & Lisamarie Holt' is present on page 

2020-04-16 13:40:37 - [MESSAGE][PASSED] - Text 'David Clarke & Lisamarie Holt' is present on page 

2020-04-16 13:40:37 - [TEST_STEP][PASSED] - verifyTextPresent(findTestData("searchTestData").getValue("address", row), false, CONTINUE_ON_FAILURE): Text 'Unit 15, Brookside Business Park, Brookside Avenue, Rustington, West Sussex, BN16 3LP' is present on page 

2020-04-16 13:40:38 - [MESSAGE][PASSED] - Text 'Unit 15, Brookside Business Park, Brookside Avenue, Rustington, West Sussex, BN16 3LP' is present on page 

2020-04-16 13:40:38 - [TEST_STEP][PASSED] - verifyTextPresent(findTestData("searchTestData").getValue("mobile", row), false, CONTINUE_ON_FAILURE): Text '07778 777641' is present on page 

2020-04-16 13:40:39 - [MESSAGE][PASSED] - Text '07778 777641' is present on page 

2020-04-16 13:40:39 - [TEST_STEP][PASSED] - verifyTextPresent(findTestData("searchTestData").getValue("contact", row), false, CONTINUE_ON_FAILURE): Text '01903 856016' is present on page 

2020-04-16 13:40:39 - [MESSAGE][PASSED] - Text '01903 856016' is present on page 

2020-04-16 13:40:39 - [TEST_STEP][PASSED] - verifyTextPresent(findTestData("searchTestData").getValue("email", row), false, CONTINUE_ON_FAILURE): Text 'sales@autopics.co.uk' is present on page 

2020-04-16 13:40:40 - [MESSAGE][PASSED] - Text 'sales@autopics.co.uk' is present on page 

2020-04-16 13:40:40 - [TEST_STEP][PASSED] - verifyTextPresent(findTestData("searchTestData").getValue("dob", row), false, CONTINUE_ON_FAILURE): Text 'DoB: 02/01/1965' is present on page 

2020-04-16 13:40:41 - [MESSAGE][PASSED] - Text 'DoB: 02/01/1965' is present on page 

2020-04-16 13:40:41 - [TEST_STEP][PASSED] - verifyTextPresent(findTestData("searchTestData").getValue("catID", row), false, CONTINUE_ON_FAILURE): Text '230761' is present on page 

2020-04-16 13:40:41 - [MESSAGE][PASSED] - Text '230761' is present on page 

2020-04-16 13:40:41 - [MESSAGE][PASSED] - Call Test Case 'Test Cases/Reusable_Test_Sequences/Web_Office/Verification/Trader_Record' successfully

2020-04-16 13:40:41 - [TEST_STEP][PASSED] - "--------------------------": null

2020-04-16 13:40:41 - [TEST_STEP][PASSED] - " Teardown - CLose Browser |": null

2020-04-16 13:40:41 - [TEST_STEP][PASSED] - callTestCase(findTestCase("Reusable_Test_Sequences/CAT_Teardown"), [:], OPTIONAL): Call Test Case 'Test Cases/Reusable_Test_Sequences/CAT_Teardown' successfully

2020-04-16 13:40:41 - [TEST_CASE][PASSED] - Test Cases/Reusable_Test_Sequences/CAT_Teardown: Test Cases/Reusable_Test_Sequences/CAT_Teardown

2020-04-16 13:40:41 - [TEST_STEP][PASSED] - closeBrowser(): Browser is closed

2020-04-16 13:40:45 - [MESSAGE][PASSED] - Browser is closed

2020-04-16 13:40:45 - [TEST_STEP][PASSED] - super.finalize(): null

2020-04-16 13:40:45 - [TEST_STEP][PASSED] - System.gc(): null

2020-04-16 13:40:45 - [MESSAGE][PASSED] - Call Test Case 'Test Cases/Reusable_Test_Sequences/CAT_Teardown' successfully]]></system-out>
         <system-err><![CDATA[]]></system-err>
      </testcase>
      <system-out><![CDATA[2020-04-16 13:31:12 - [TEST_SUITE][PASSED] - Web_Office_Searches: Test Cases/Web_Office/WebOffice_Header_Search]]></system-out>
      <system-err><![CDATA[]]></system-err>
   </testsuite>
</testsuites>
