<?xml version="1.0" encoding="UTF-8"?>
<testsuites name="Debug_Suited" time="233.248" tests="0" failures="0" errors="0"/>
