<?xml version="1.0" encoding="UTF-8"?>
<testsuites name="Trade_Location_Multiple_Search" time="179.689" tests="1" failures="0" errors="0">
   <testsuite name="Trade_Location_Multiple_Search" tests="1" failures="0" errors="0" time="179.689" timestamp="2019-11-28 09:07:30" hostname="DavidHo - VETTEDSP36RF.check.local" id="Test Suites/Trade_Location_Multiple_Search">
      <properties>
         <property name="deviceName" value=""/>
         <property name="devicePlatform" value=""/>
         <property name="logFolder" value="C:\\Users\\davidho\\Katalon Studio\\Start\\Reports\\20191128_085933\\Trade_Location_Multiple_Search\\20191128_090015"/>
         <property name="logFiles" value="C:\\Users\\davidho\\Katalon Studio\\Start\\Reports\\20191128_085933\\Trade_Location_Multiple_Search\\20191128_090015\\execution0.log"/>
         <property name="attachments" value=""/>
         <property name="hostName" value="DavidHo - VETTEDSP36RF.check.local"/>
         <property name="os" value="Windows 10 32bit"/>
         <property name="katalonVersion" value="7.1.0.1"/>
         <property name="browser" value="Chrome 78.0.3904.108"/>
         <property name="hostAddress" value="10.0.11.243"/>
         <property name="sessionId" value="4ae69cc3d431d9afdd9c697c7a3b95bf"/>
         <property name="seleniumVersion" value="3.141.59"/>
         <property name="proxyInformation" value="ProxyInformation{proxyOption=NO_PROXY, proxyServerType=HTTP, password=, proxyServerAddress=, proxyServerPort=0}"/>
         <property name="platform" value="Windows 10"/>
      </properties>
      <testcase name="Test Cases/Checkatrade_Tradesman_Searches/Trade_Location_Search" time="179.22" classname="Test Cases/Checkatrade_Tradesman_Searches/Trade_Location_Search" status="PASSED">
         <system-out><![CDATA[2019-11-28 09:07:30 - [TEST_CASE][PASSED] - Test Cases/Checkatrade_Tradesman_Searches/Trade_Location_Search: Test Cases/Checkatrade_Tradesman_Searches/Trade_Location_Search

2019-11-28 09:07:31 - [TEST_STEP][PASSED] - for ([row = 1, row <= findTestData("searchTestData").getRowNumbers(), (internal.GlobalVariable.row++)]): Call Test Case 'Test Cases/Reusable_Test_Sequences/CAT_Teardown' successfully

2019-11-28 09:07:34 - [TEST_STEP][PASSED] - callTestCase(findTestCase("Reusable_Test_Sequences/CAT_Setup"), [:], OPTIONAL): Call Test Case 'Test Cases/Reusable_Test_Sequences/CAT_Setup' successfully

2019-11-28 09:07:34 - [TEST_CASE][PASSED] - Test Cases/Reusable_Test_Sequences/CAT_Setup: Test Cases/Reusable_Test_Sequences/CAT_Setup

2019-11-28 09:07:35 - [TEST_STEP][PASSED] - "URL - Set from the ENVIRONMENT PROFILE ": null

2019-11-28 09:07:35 - [TEST_STEP][PASSED] - openBrowser(URL): Browser is opened with url: 'https://www.preview.checkatrade.com/'

2019-11-28 09:07:35 - [MESSAGE][INFO] - Starting 'Chrome' driver

2019-11-28 09:07:35 - [MESSAGE][INFO] - Action delay is set to 0 seconds

2019-11-28 09:07:49 - [MESSAGE][PASSED] - Browser is opened with url: 'https://www.preview.checkatrade.com/'

2019-11-28 09:07:49 - [TEST_STEP][PASSED] - maximizeWindow(): Current window maximized

2019-11-28 09:07:54 - [MESSAGE][PASSED] - Current window maximized

2019-11-28 09:07:54 - [TEST_STEP][PASSED] - waitForPageLoad(60): Wait for page load successfully

2019-11-28 09:07:54 - [MESSAGE][PASSED] - Wait for page load successfully

2019-11-28 09:07:54 - [TEST_STEP][PASSED] - waitForElementVisible(findTestObject("Page_Checkatrade Find a tradesperson you can trust/a_Search"), 25): Object 'Object Repository/Page_Checkatrade Find a tradesperson you can trust/a_Search' is visible

2019-11-28 09:07:54 - [MESSAGE][PASSED] - Object 'Object Repository/Page_Checkatrade Find a tradesperson you can trust/a_Search' is visible

2019-11-28 09:07:54 - [TEST_STEP][PASSED] - try: null

2019-11-28 09:07:54 - [TEST_STEP][PASSED] - if (verifyElementPresent(findTestObject("Page_Checkatrade Find a tradesperson you can trust/div_close"), 1, OPTIONAL)): null

2019-11-28 09:07:55 - [MESSAGE][PASSED] - Object 'Object Repository/Page_Checkatrade Find a tradesperson you can trust/div_close' is present

2019-11-28 09:07:55 - [TEST_STEP][PASSED] - click(findTestObject("Page_Checkatrade Find a tradesperson you can trust/div_close")): Object: 'Object Repository/Page_Checkatrade Find a tradesperson you can trust/div_close' is clicked on

2019-11-28 09:07:55 - [MESSAGE][PASSED] - Object: 'Object Repository/Page_Checkatrade Find a tradesperson you can trust/div_close' is clicked on

2019-11-28 09:07:55 - [TEST_STEP][PASSED] - "---------------------------------": null

2019-11-28 09:07:55 - [TEST_STEP][PASSED] - "COOKIE POPOUT REMOVED - Confirmed": null

2019-11-28 09:07:55 - [TEST_STEP][PASSED] - delay(1): Delayed 1 second(s)

2019-11-28 09:07:56 - [MESSAGE][PASSED] - Delayed 1 second(s)

2019-11-28 09:07:56 - [TEST_STEP][PASSED] - verifyTextNotPresent("Checkatrade.com uses cookies to make sure you get the best browsing experience", false): Text 'Checkatrade.com uses cookies to make sure you get the best browsing experience' is not present on page

2019-11-28 09:07:57 - [MESSAGE][PASSED] - Text 'Checkatrade.com uses cookies to make sure you get the best browsing experience' is not present on page

2019-11-28 09:07:57 - [TEST_STEP][PASSED] - try: null

2019-11-28 09:07:57 - [TEST_STEP][PASSED] - if (verifyElementPresent(findTestObject("Page_Checkatrade Find a tradesperson you can trust/div_close_1"), 1, OPTIONAL)): null

2019-11-28 09:07:58 - [MESSAGE][PASSED] - Object 'Object Repository/Page_Checkatrade Find a tradesperson you can trust/div_close_1' is present

2019-11-28 09:07:58 - [TEST_STEP][PASSED] - click(findTestObject("Page_Checkatrade Find a tradesperson you can trust/div_close_1")): Object: 'Object Repository/Page_Checkatrade Find a tradesperson you can trust/div_close_1' is clicked on

2019-11-28 09:07:59 - [MESSAGE][PASSED] - Object: 'Object Repository/Page_Checkatrade Find a tradesperson you can trust/div_close_1' is clicked on

2019-11-28 09:07:59 - [TEST_STEP][PASSED] - "---------------------------------": null

2019-11-28 09:07:59 - [TEST_STEP][PASSED] - "PRIVACY POPOUT REMOVED - Confirmed": null

2019-11-28 09:07:59 - [TEST_STEP][PASSED] - delay(1): Delayed 1 second(s)

2019-11-28 09:08:00 - [MESSAGE][PASSED] - Delayed 1 second(s)

2019-11-28 09:08:00 - [TEST_STEP][PASSED] - verifyTextNotPresent("We have updated our Privacy Policy, please review this", false): Text 'We have updated our Privacy Policy, please review this' is not present on page

2019-11-28 09:08:00 - [MESSAGE][PASSED] - Text 'We have updated our Privacy Policy, please review this' is not present on page

2019-11-28 09:08:00 - [MESSAGE][INFO] - =================== Smart XPath Report =======================

2019-11-28 09:08:00 - [MESSAGE][INFO] - Refer to the link below to preview and approve auto healing on broken test objects.

2019-11-28 09:08:00 - [MESSAGE][INFO] - https://docs.katalon.com/katalon-studio/docs/auto-healing-smart-xpath.html

2019-11-28 09:08:00 - [MESSAGE][INFO] - ===============================================================

2019-11-28 09:08:00 - [MESSAGE][PASSED] - Call Test Case 'Test Cases/Reusable_Test_Sequences/CAT_Setup' successfully

2019-11-28 09:08:00 - [TEST_STEP][PASSED] - "---------------------------------------": null

2019-11-28 09:08:00 - [TEST_STEP][PASSED] - " Set and SEARCH TRADE CLASSIFICATION   |": null

2019-11-28 09:08:00 - [TEST_STEP][PASSED] - callTestCase(findTestCase("Reusable_Test_Sequences/CAT_Enter_Trade_Classification"), [:], CONTINUE_ON_FAILURE): Call Test Case 'Test Cases/Reusable_Test_Sequences/CAT_Enter_Trade_Classification' successfully

2019-11-28 09:08:00 - [TEST_CASE][PASSED] - Test Cases/Reusable_Test_Sequences/CAT_Enter_Trade_Classification: Test Cases/Reusable_Test_Sequences/CAT_Enter_Trade_Classification

2019-11-28 09:08:00 - [TEST_STEP][PASSED] - "---------------------------------": null

2019-11-28 09:08:00 - [TEST_STEP][PASSED] - "Set and SEARCH SELECTED TRADE": null

2019-11-28 09:08:00 - [TEST_STEP][PASSED] - click(findTestObject("Object Repository/Checkatrade_Trade_Search_Page/Page_Checkatrade Find a tradesperson you can trust/input_Search_Button_FF")): Object: 'Object Repository/Checkatrade_Trade_Search_Page/Page_Checkatrade Find a tradesperson you can trust/input_Search_Button_FF' is clicked on

2019-11-28 09:08:01 - [MESSAGE][PASSED] - Object: 'Object Repository/Checkatrade_Trade_Search_Page/Page_Checkatrade Find a tradesperson you can trust/input_Search_Button_FF' is clicked on

2019-11-28 09:08:01 - [TEST_STEP][PASSED] - setText(findTestObject("Object Repository/Checkatrade_Trade_Search_Page/Page_Checkatrade Find a tradesperson you can trust/input_Search_Button_FF"), findTestData("searchTestData").getValue("tradeClassification", row)): Text 'Tree Surgeon' is set on object 'Object Repository/Checkatrade_Trade_Search_Page/Page_Checkatrade Find a tradesperson you can trust/input_Search_Button_FF'

2019-11-28 09:08:02 - [MESSAGE][PASSED] - Text 'Tree Surgeon' is set on object 'Object Repository/Checkatrade_Trade_Search_Page/Page_Checkatrade Find a tradesperson you can trust/input_Search_Button_FF'

2019-11-28 09:08:02 - [MESSAGE][INFO] - =================== Smart XPath Report =======================

2019-11-28 09:08:02 - [MESSAGE][INFO] - Refer to the link below to preview and approve auto healing on broken test objects.

2019-11-28 09:08:02 - [MESSAGE][INFO] - https://docs.katalon.com/katalon-studio/docs/auto-healing-smart-xpath.html

2019-11-28 09:08:02 - [MESSAGE][INFO] - ===============================================================

2019-11-28 09:08:02 - [MESSAGE][PASSED] - Call Test Case 'Test Cases/Reusable_Test_Sequences/CAT_Enter_Trade_Classification' successfully

2019-11-28 09:08:02 - [TEST_STEP][PASSED] - "---------------------------------------": null

2019-11-28 09:08:02 - [TEST_STEP][PASSED] - " Set and SEARCH TRADE LOCATION         |": null

2019-11-28 09:08:02 - [TEST_STEP][PASSED] - callTestCase(findTestCase("Reusable_Test_Sequences/CAT_Enter_Trade_Location"), [:], CONTINUE_ON_FAILURE): Call Test Case 'Test Cases/Reusable_Test_Sequences/CAT_Enter_Trade_Location' successfully

2019-11-28 09:08:02 - [TEST_CASE][PASSED] - Test Cases/Reusable_Test_Sequences/CAT_Enter_Trade_Location: Test Cases/Reusable_Test_Sequences/CAT_Enter_Trade_Location

2019-11-28 09:08:02 - [TEST_STEP][PASSED] - "---------------------------------": null

2019-11-28 09:08:02 - [TEST_STEP][PASSED] - "Set and SEARCH SELECTED LOCATION |": null

2019-11-28 09:08:02 - [TEST_STEP][PASSED] - click(findTestObject("Object Repository/Checkatrade_Trade_Search_Page/Page_Checkatrade Find a tradesperson you can trust/input_Not here_location")): Object: 'Object Repository/Checkatrade_Trade_Search_Page/Page_Checkatrade Find a tradesperson you can trust/input_Not here_location' is clicked on

2019-11-28 09:08:02 - [MESSAGE][PASSED] - Object: 'Object Repository/Checkatrade_Trade_Search_Page/Page_Checkatrade Find a tradesperson you can trust/input_Not here_location' is clicked on

2019-11-28 09:08:02 - [TEST_STEP][PASSED] - setText(findTestObject("Object Repository/Checkatrade_Trade_Search_Page/Page_Checkatrade Find a tradesperson you can trust/input_Not here_location"), findTestData("searchTestData").getValue("tradeLocation", row)): Text 'Gosport' is set on object 'Object Repository/Checkatrade_Trade_Search_Page/Page_Checkatrade Find a tradesperson you can trust/input_Not here_location'

2019-11-28 09:08:03 - [MESSAGE][PASSED] - Text 'Gosport' is set on object 'Object Repository/Checkatrade_Trade_Search_Page/Page_Checkatrade Find a tradesperson you can trust/input_Not here_location'

2019-11-28 09:08:03 - [MESSAGE][INFO] - =================== Smart XPath Report =======================

2019-11-28 09:08:03 - [MESSAGE][INFO] - Refer to the link below to preview and approve auto healing on broken test objects.

2019-11-28 09:08:03 - [MESSAGE][INFO] - https://docs.katalon.com/katalon-studio/docs/auto-healing-smart-xpath.html

2019-11-28 09:08:03 - [MESSAGE][INFO] - ===============================================================

2019-11-28 09:08:03 - [MESSAGE][PASSED] - Call Test Case 'Test Cases/Reusable_Test_Sequences/CAT_Enter_Trade_Location' successfully

2019-11-28 09:08:03 - [TEST_STEP][PASSED] - "---------------------------------------": null

2019-11-28 09:08:03 - [TEST_STEP][PASSED] - " Scroll Search Button into View        |": null

2019-11-28 09:08:03 - [TEST_STEP][PASSED] - "---------------------------------------": null

2019-11-28 09:08:03 - [TEST_STEP][PASSED] - "---------------------------------------": null

2019-11-28 09:08:03 - [TEST_STEP][PASSED] - " Hit Search Button                     |": null

2019-11-28 09:08:03 - [TEST_STEP][PASSED] - callTestCase(findTestCase("Reusable_Test_Sequences/CAT_Hit_Search_Button"), [:], CONTINUE_ON_FAILURE): Call Test Case 'Test Cases/Reusable_Test_Sequences/CAT_Hit_Search_Button' successfully

2019-11-28 09:08:03 - [TEST_CASE][PASSED] - Test Cases/Reusable_Test_Sequences/CAT_Hit_Search_Button: Test Cases/Reusable_Test_Sequences/CAT_Hit_Search_Button

2019-11-28 09:08:04 - [TEST_STEP][PASSED] - "---------------------------------": null

2019-11-28 09:08:04 - [TEST_STEP][PASSED] - "HIT SEARCH": null

2019-11-28 09:08:04 - [TEST_STEP][PASSED] - "---------------------------------": null

2019-11-28 09:08:04 - [TEST_STEP][PASSED] - waitForElementClickable(findTestObject("Object Repository/Checkatrade_Trade_Search_Page/Page_Checkatrade Find a tradesperson you can trust/a_Search"), 25): Object 'Object Repository/Checkatrade_Trade_Search_Page/Page_Checkatrade Find a tradesperson you can trust/a_Search' is clickable

2019-11-28 09:08:04 - [MESSAGE][PASSED] - Object 'Object Repository/Checkatrade_Trade_Search_Page/Page_Checkatrade Find a tradesperson you can trust/a_Search' is clickable

2019-11-28 09:08:04 - [TEST_STEP][PASSED] - click(findTestObject("Object Repository/Checkatrade_Trade_Search_Page/Page_Checkatrade Find a tradesperson you can trust/a_Search")): Object: 'Object Repository/Checkatrade_Trade_Search_Page/Page_Checkatrade Find a tradesperson you can trust/a_Search' is clicked on

2019-11-28 09:08:14 - [MESSAGE][PASSED] - Object: 'Object Repository/Checkatrade_Trade_Search_Page/Page_Checkatrade Find a tradesperson you can trust/a_Search' is clicked on

2019-11-28 09:08:14 - [MESSAGE][INFO] - =================== Smart XPath Report =======================

2019-11-28 09:08:14 - [MESSAGE][INFO] - Refer to the link below to preview and approve auto healing on broken test objects.

2019-11-28 09:08:14 - [MESSAGE][INFO] - https://docs.katalon.com/katalon-studio/docs/auto-healing-smart-xpath.html

2019-11-28 09:08:14 - [MESSAGE][INFO] - ===============================================================

2019-11-28 09:08:14 - [MESSAGE][PASSED] - Call Test Case 'Test Cases/Reusable_Test_Sequences/CAT_Hit_Search_Button' successfully

2019-11-28 09:08:14 - [TEST_STEP][PASSED] - "---------------------------------------": null

2019-11-28 09:08:14 - [TEST_STEP][PASSED] - " Verify Returned Page is as Expected   |": null

2019-11-28 09:08:14 - [TEST_STEP][PASSED] - callTestCase(findTestCase("Reusable_Test_Sequences/CAT_Verification"), [:], CONTINUE_ON_FAILURE): Call Test Case 'Test Cases/Reusable_Test_Sequences/CAT_Verification' successfully

2019-11-28 09:08:14 - [TEST_CASE][PASSED] - Test Cases/Reusable_Test_Sequences/CAT_Verification: Test Cases/Reusable_Test_Sequences/CAT_Verification

2019-11-28 09:08:15 - [TEST_STEP][PASSED] - "Expected cantantenated text is Returned": null

2019-11-28 09:08:15 - [TEST_STEP][PASSED] - delay(3): Delayed 3 second(s)

2019-11-28 09:08:18 - [MESSAGE][PASSED] - Delayed 3 second(s)

2019-11-28 09:08:18 - [TEST_STEP][PASSED] - waitForElementVisible(findTestObject("Checkatrade_Trade_Search_page/Page_Checkatrade Find a tradesperson you can trust/a_Search"), 120): Object 'Object Repository/Checkatrade_Trade_Search_page/Page_Checkatrade Find a tradesperson you can trust/a_Search' is visible

2019-11-28 09:08:18 - [MESSAGE][PASSED] - Object 'Object Repository/Checkatrade_Trade_Search_page/Page_Checkatrade Find a tradesperson you can trust/a_Search' is visible

2019-11-28 09:08:18 - [TEST_STEP][PASSED] - verifyTextPresent(findTestData("searchTestData").getValue("tradeClassification", row), false): Text 'Tree Surgeon' is present on page 

2019-11-28 09:08:19 - [MESSAGE][PASSED] - Text 'Tree Surgeon' is present on page 

2019-11-28 09:08:19 - [TEST_STEP][PASSED] - verifyTextPresent(findTestData("searchTestData").getValue("tradeLocation", row), false): Text 'Gosport' is present on page 

2019-11-28 09:08:20 - [MESSAGE][PASSED] - Text 'Gosport' is present on page 

2019-11-28 09:08:20 - [MESSAGE][INFO] - =================== Smart XPath Report =======================

2019-11-28 09:08:20 - [MESSAGE][INFO] - Refer to the link below to preview and approve auto healing on broken test objects.

2019-11-28 09:08:20 - [MESSAGE][INFO] - https://docs.katalon.com/katalon-studio/docs/auto-healing-smart-xpath.html

2019-11-28 09:08:20 - [MESSAGE][INFO] - ===============================================================

2019-11-28 09:08:20 - [MESSAGE][PASSED] - Call Test Case 'Test Cases/Reusable_Test_Sequences/CAT_Verification' successfully

2019-11-28 09:08:20 - [TEST_STEP][PASSED] - "--------------------------": null

2019-11-28 09:08:20 - [TEST_STEP][PASSED] - " Teardown - CLose Browser |": null

2019-11-28 09:08:20 - [TEST_STEP][PASSED] - callTestCase(findTestCase("Reusable_Test_Sequences/CAT_Teardown"), [:], OPTIONAL): Call Test Case 'Test Cases/Reusable_Test_Sequences/CAT_Teardown' successfully

2019-11-28 09:08:20 - [TEST_CASE][PASSED] - Test Cases/Reusable_Test_Sequences/CAT_Teardown: Test Cases/Reusable_Test_Sequences/CAT_Teardown

2019-11-28 09:08:21 - [TEST_STEP][PASSED] - closeBrowser(): Browser is closed

2019-11-28 09:08:22 - [MESSAGE][PASSED] - Browser is closed

2019-11-28 09:08:22 - [MESSAGE][INFO] - =================== Smart XPath Report =======================

2019-11-28 09:08:22 - [MESSAGE][INFO] - Refer to the link below to preview and approve auto healing on broken test objects.

2019-11-28 09:08:22 - [MESSAGE][INFO] - https://docs.katalon.com/katalon-studio/docs/auto-healing-smart-xpath.html

2019-11-28 09:08:22 - [MESSAGE][INFO] - ===============================================================

2019-11-28 09:08:22 - [MESSAGE][PASSED] - Call Test Case 'Test Cases/Reusable_Test_Sequences/CAT_Teardown' successfully

2019-11-28 09:08:22 - [TEST_STEP][PASSED] - callTestCase(findTestCase("Reusable_Test_Sequences/CAT_Setup"), [:], OPTIONAL): Call Test Case 'Test Cases/Reusable_Test_Sequences/CAT_Setup' successfully

2019-11-28 09:08:22 - [TEST_CASE][PASSED] - Test Cases/Reusable_Test_Sequences/CAT_Setup: Test Cases/Reusable_Test_Sequences/CAT_Setup

2019-11-28 09:08:22 - [TEST_STEP][PASSED] - "URL - Set from the ENVIRONMENT PROFILE ": null

2019-11-28 09:08:22 - [TEST_STEP][PASSED] - openBrowser(URL): Browser is opened with url: 'https://www.preview.checkatrade.com/'

2019-11-28 09:08:22 - [MESSAGE][INFO] - Starting 'Chrome' driver

2019-11-28 09:08:33 - [MESSAGE][PASSED] - Browser is opened with url: 'https://www.preview.checkatrade.com/'

2019-11-28 09:08:33 - [TEST_STEP][PASSED] - maximizeWindow(): Current window maximized

2019-11-28 09:08:38 - [MESSAGE][PASSED] - Current window maximized

2019-11-28 09:08:38 - [TEST_STEP][PASSED] - waitForPageLoad(60): Wait for page load successfully

2019-11-28 09:08:38 - [MESSAGE][PASSED] - Wait for page load successfully

2019-11-28 09:08:38 - [TEST_STEP][PASSED] - waitForElementVisible(findTestObject("Page_Checkatrade Find a tradesperson you can trust/a_Search"), 25): Object 'Object Repository/Page_Checkatrade Find a tradesperson you can trust/a_Search' is visible

2019-11-28 09:08:38 - [MESSAGE][PASSED] - Object 'Object Repository/Page_Checkatrade Find a tradesperson you can trust/a_Search' is visible

2019-11-28 09:08:38 - [TEST_STEP][PASSED] - try: null

2019-11-28 09:08:38 - [TEST_STEP][PASSED] - if (verifyElementPresent(findTestObject("Page_Checkatrade Find a tradesperson you can trust/div_close"), 1, OPTIONAL)): null

2019-11-28 09:08:38 - [MESSAGE][PASSED] - Object 'Object Repository/Page_Checkatrade Find a tradesperson you can trust/div_close' is present

2019-11-28 09:08:38 - [TEST_STEP][PASSED] - click(findTestObject("Page_Checkatrade Find a tradesperson you can trust/div_close")): Object: 'Object Repository/Page_Checkatrade Find a tradesperson you can trust/div_close' is clicked on

2019-11-28 09:08:38 - [MESSAGE][PASSED] - Object: 'Object Repository/Page_Checkatrade Find a tradesperson you can trust/div_close' is clicked on

2019-11-28 09:08:38 - [TEST_STEP][PASSED] - "---------------------------------": null

2019-11-28 09:08:38 - [TEST_STEP][PASSED] - "COOKIE POPOUT REMOVED - Confirmed": null

2019-11-28 09:08:38 - [TEST_STEP][PASSED] - delay(1): Delayed 1 second(s)

2019-11-28 09:08:39 - [MESSAGE][PASSED] - Delayed 1 second(s)

2019-11-28 09:08:39 - [TEST_STEP][PASSED] - verifyTextNotPresent("Checkatrade.com uses cookies to make sure you get the best browsing experience", false): Text 'Checkatrade.com uses cookies to make sure you get the best browsing experience' is not present on page

2019-11-28 09:08:40 - [MESSAGE][PASSED] - Text 'Checkatrade.com uses cookies to make sure you get the best browsing experience' is not present on page

2019-11-28 09:08:40 - [TEST_STEP][PASSED] - try: null

2019-11-28 09:08:40 - [TEST_STEP][PASSED] - if (verifyElementPresent(findTestObject("Page_Checkatrade Find a tradesperson you can trust/div_close_1"), 1, OPTIONAL)): null

2019-11-28 09:08:40 - [MESSAGE][PASSED] - Object 'Object Repository/Page_Checkatrade Find a tradesperson you can trust/div_close_1' is present

2019-11-28 09:08:40 - [TEST_STEP][PASSED] - click(findTestObject("Page_Checkatrade Find a tradesperson you can trust/div_close_1")): Object: 'Object Repository/Page_Checkatrade Find a tradesperson you can trust/div_close_1' is clicked on

2019-11-28 09:08:40 - [MESSAGE][PASSED] - Object: 'Object Repository/Page_Checkatrade Find a tradesperson you can trust/div_close_1' is clicked on

2019-11-28 09:08:40 - [TEST_STEP][PASSED] - "---------------------------------": null

2019-11-28 09:08:40 - [TEST_STEP][PASSED] - "PRIVACY POPOUT REMOVED - Confirmed": null

2019-11-28 09:08:40 - [TEST_STEP][PASSED] - delay(1): Delayed 1 second(s)

2019-11-28 09:08:41 - [MESSAGE][PASSED] - Delayed 1 second(s)

2019-11-28 09:08:41 - [TEST_STEP][PASSED] - verifyTextNotPresent("We have updated our Privacy Policy, please review this", false): Text 'We have updated our Privacy Policy, please review this' is not present on page

2019-11-28 09:08:41 - [MESSAGE][PASSED] - Text 'We have updated our Privacy Policy, please review this' is not present on page

2019-11-28 09:08:41 - [MESSAGE][INFO] - =================== Smart XPath Report =======================

2019-11-28 09:08:41 - [MESSAGE][INFO] - Refer to the link below to preview and approve auto healing on broken test objects.

2019-11-28 09:08:41 - [MESSAGE][INFO] - https://docs.katalon.com/katalon-studio/docs/auto-healing-smart-xpath.html

2019-11-28 09:08:41 - [MESSAGE][INFO] - ===============================================================

2019-11-28 09:08:41 - [MESSAGE][PASSED] - Call Test Case 'Test Cases/Reusable_Test_Sequences/CAT_Setup' successfully

2019-11-28 09:08:41 - [TEST_STEP][PASSED] - "---------------------------------------": null

2019-11-28 09:08:41 - [TEST_STEP][PASSED] - " Set and SEARCH TRADE CLASSIFICATION   |": null

2019-11-28 09:08:41 - [TEST_STEP][PASSED] - callTestCase(findTestCase("Reusable_Test_Sequences/CAT_Enter_Trade_Classification"), [:], CONTINUE_ON_FAILURE): Call Test Case 'Test Cases/Reusable_Test_Sequences/CAT_Enter_Trade_Classification' successfully

2019-11-28 09:08:41 - [TEST_CASE][PASSED] - Test Cases/Reusable_Test_Sequences/CAT_Enter_Trade_Classification: Test Cases/Reusable_Test_Sequences/CAT_Enter_Trade_Classification

2019-11-28 09:08:41 - [TEST_STEP][PASSED] - "---------------------------------": null

2019-11-28 09:08:41 - [TEST_STEP][PASSED] - "Set and SEARCH SELECTED TRADE": null

2019-11-28 09:08:41 - [TEST_STEP][PASSED] - click(findTestObject("Object Repository/Checkatrade_Trade_Search_Page/Page_Checkatrade Find a tradesperson you can trust/input_Search_Button_FF")): Object: 'Object Repository/Checkatrade_Trade_Search_Page/Page_Checkatrade Find a tradesperson you can trust/input_Search_Button_FF' is clicked on

2019-11-28 09:08:41 - [MESSAGE][PASSED] - Object: 'Object Repository/Checkatrade_Trade_Search_Page/Page_Checkatrade Find a tradesperson you can trust/input_Search_Button_FF' is clicked on

2019-11-28 09:08:41 - [TEST_STEP][PASSED] - setText(findTestObject("Object Repository/Checkatrade_Trade_Search_Page/Page_Checkatrade Find a tradesperson you can trust/input_Search_Button_FF"), findTestData("searchTestData").getValue("tradeClassification", row)): Text 'Tree Surgeon' is set on object 'Object Repository/Checkatrade_Trade_Search_Page/Page_Checkatrade Find a tradesperson you can trust/input_Search_Button_FF'

2019-11-28 09:08:43 - [MESSAGE][PASSED] - Text 'Tree Surgeon' is set on object 'Object Repository/Checkatrade_Trade_Search_Page/Page_Checkatrade Find a tradesperson you can trust/input_Search_Button_FF'

2019-11-28 09:08:43 - [MESSAGE][INFO] - =================== Smart XPath Report =======================

2019-11-28 09:08:43 - [MESSAGE][INFO] - Refer to the link below to preview and approve auto healing on broken test objects.

2019-11-28 09:08:43 - [MESSAGE][INFO] - https://docs.katalon.com/katalon-studio/docs/auto-healing-smart-xpath.html

2019-11-28 09:08:43 - [MESSAGE][INFO] - ===============================================================

2019-11-28 09:08:43 - [MESSAGE][PASSED] - Call Test Case 'Test Cases/Reusable_Test_Sequences/CAT_Enter_Trade_Classification' successfully

2019-11-28 09:08:43 - [TEST_STEP][PASSED] - "---------------------------------------": null

2019-11-28 09:08:43 - [TEST_STEP][PASSED] - " Set and SEARCH TRADE LOCATION         |": null

2019-11-28 09:08:43 - [TEST_STEP][PASSED] - callTestCase(findTestCase("Reusable_Test_Sequences/CAT_Enter_Trade_Location"), [:], CONTINUE_ON_FAILURE): Call Test Case 'Test Cases/Reusable_Test_Sequences/CAT_Enter_Trade_Location' successfully

2019-11-28 09:08:43 - [TEST_CASE][PASSED] - Test Cases/Reusable_Test_Sequences/CAT_Enter_Trade_Location: Test Cases/Reusable_Test_Sequences/CAT_Enter_Trade_Location

2019-11-28 09:08:43 - [TEST_STEP][PASSED] - "---------------------------------": null

2019-11-28 09:08:43 - [TEST_STEP][PASSED] - "Set and SEARCH SELECTED LOCATION |": null

2019-11-28 09:08:43 - [TEST_STEP][PASSED] - click(findTestObject("Object Repository/Checkatrade_Trade_Search_Page/Page_Checkatrade Find a tradesperson you can trust/input_Not here_location")): Object: 'Object Repository/Checkatrade_Trade_Search_Page/Page_Checkatrade Find a tradesperson you can trust/input_Not here_location' is clicked on

2019-11-28 09:08:44 - [MESSAGE][PASSED] - Object: 'Object Repository/Checkatrade_Trade_Search_Page/Page_Checkatrade Find a tradesperson you can trust/input_Not here_location' is clicked on

2019-11-28 09:08:44 - [TEST_STEP][PASSED] - setText(findTestObject("Object Repository/Checkatrade_Trade_Search_Page/Page_Checkatrade Find a tradesperson you can trust/input_Not here_location"), findTestData("searchTestData").getValue("tradeLocation", row)): Text 'PO12 2HE' is set on object 'Object Repository/Checkatrade_Trade_Search_Page/Page_Checkatrade Find a tradesperson you can trust/input_Not here_location'

2019-11-28 09:08:45 - [MESSAGE][PASSED] - Text 'PO12 2HE' is set on object 'Object Repository/Checkatrade_Trade_Search_Page/Page_Checkatrade Find a tradesperson you can trust/input_Not here_location'

2019-11-28 09:08:45 - [MESSAGE][INFO] - =================== Smart XPath Report =======================

2019-11-28 09:08:45 - [MESSAGE][INFO] - Refer to the link below to preview and approve auto healing on broken test objects.

2019-11-28 09:08:45 - [MESSAGE][INFO] - https://docs.katalon.com/katalon-studio/docs/auto-healing-smart-xpath.html

2019-11-28 09:08:45 - [MESSAGE][INFO] - ===============================================================

2019-11-28 09:08:45 - [MESSAGE][PASSED] - Call Test Case 'Test Cases/Reusable_Test_Sequences/CAT_Enter_Trade_Location' successfully

2019-11-28 09:08:45 - [TEST_STEP][PASSED] - "---------------------------------------": null

2019-11-28 09:08:45 - [TEST_STEP][PASSED] - " Scroll Search Button into View        |": null

2019-11-28 09:08:45 - [TEST_STEP][PASSED] - "---------------------------------------": null

2019-11-28 09:08:45 - [TEST_STEP][PASSED] - "---------------------------------------": null

2019-11-28 09:08:45 - [TEST_STEP][PASSED] - " Hit Search Button                     |": null

2019-11-28 09:08:45 - [TEST_STEP][PASSED] - callTestCase(findTestCase("Reusable_Test_Sequences/CAT_Hit_Search_Button"), [:], CONTINUE_ON_FAILURE): Call Test Case 'Test Cases/Reusable_Test_Sequences/CAT_Hit_Search_Button' successfully

2019-11-28 09:08:45 - [TEST_CASE][PASSED] - Test Cases/Reusable_Test_Sequences/CAT_Hit_Search_Button: Test Cases/Reusable_Test_Sequences/CAT_Hit_Search_Button

2019-11-28 09:08:45 - [TEST_STEP][PASSED] - "---------------------------------": null

2019-11-28 09:08:45 - [TEST_STEP][PASSED] - "HIT SEARCH": null

2019-11-28 09:08:45 - [TEST_STEP][PASSED] - "---------------------------------": null

2019-11-28 09:08:45 - [TEST_STEP][PASSED] - waitForElementClickable(findTestObject("Object Repository/Checkatrade_Trade_Search_Page/Page_Checkatrade Find a tradesperson you can trust/a_Search"), 25): Object 'Object Repository/Checkatrade_Trade_Search_Page/Page_Checkatrade Find a tradesperson you can trust/a_Search' is clickable

2019-11-28 09:08:45 - [MESSAGE][PASSED] - Object 'Object Repository/Checkatrade_Trade_Search_Page/Page_Checkatrade Find a tradesperson you can trust/a_Search' is clickable

2019-11-28 09:08:45 - [TEST_STEP][PASSED] - click(findTestObject("Object Repository/Checkatrade_Trade_Search_Page/Page_Checkatrade Find a tradesperson you can trust/a_Search")): Object: 'Object Repository/Checkatrade_Trade_Search_Page/Page_Checkatrade Find a tradesperson you can trust/a_Search' is clicked on

2019-11-28 09:08:49 - [MESSAGE][PASSED] - Object: 'Object Repository/Checkatrade_Trade_Search_Page/Page_Checkatrade Find a tradesperson you can trust/a_Search' is clicked on

2019-11-28 09:08:49 - [MESSAGE][INFO] - =================== Smart XPath Report =======================

2019-11-28 09:08:49 - [MESSAGE][INFO] - Refer to the link below to preview and approve auto healing on broken test objects.

2019-11-28 09:08:49 - [MESSAGE][INFO] - https://docs.katalon.com/katalon-studio/docs/auto-healing-smart-xpath.html

2019-11-28 09:08:49 - [MESSAGE][INFO] - ===============================================================

2019-11-28 09:08:49 - [MESSAGE][PASSED] - Call Test Case 'Test Cases/Reusable_Test_Sequences/CAT_Hit_Search_Button' successfully

2019-11-28 09:08:49 - [TEST_STEP][PASSED] - "---------------------------------------": null

2019-11-28 09:08:49 - [TEST_STEP][PASSED] - " Verify Returned Page is as Expected   |": null

2019-11-28 09:08:49 - [TEST_STEP][PASSED] - callTestCase(findTestCase("Reusable_Test_Sequences/CAT_Verification"), [:], CONTINUE_ON_FAILURE): Call Test Case 'Test Cases/Reusable_Test_Sequences/CAT_Verification' successfully

2019-11-28 09:08:49 - [TEST_CASE][PASSED] - Test Cases/Reusable_Test_Sequences/CAT_Verification: Test Cases/Reusable_Test_Sequences/CAT_Verification

2019-11-28 09:08:49 - [TEST_STEP][PASSED] - "Expected cantantenated text is Returned": null

2019-11-28 09:08:49 - [TEST_STEP][PASSED] - delay(3): Delayed 3 second(s)

2019-11-28 09:08:52 - [MESSAGE][PASSED] - Delayed 3 second(s)

2019-11-28 09:08:52 - [TEST_STEP][PASSED] - waitForElementVisible(findTestObject("Checkatrade_Trade_Search_page/Page_Checkatrade Find a tradesperson you can trust/a_Search"), 120): Object 'Object Repository/Checkatrade_Trade_Search_page/Page_Checkatrade Find a tradesperson you can trust/a_Search' is visible

2019-11-28 09:08:52 - [MESSAGE][PASSED] - Object 'Object Repository/Checkatrade_Trade_Search_page/Page_Checkatrade Find a tradesperson you can trust/a_Search' is visible

2019-11-28 09:08:52 - [TEST_STEP][PASSED] - verifyTextPresent(findTestData("searchTestData").getValue("tradeClassification", row), false): Text 'Tree Surgeon' is present on page 

2019-11-28 09:08:53 - [MESSAGE][PASSED] - Text 'Tree Surgeon' is present on page 

2019-11-28 09:08:53 - [TEST_STEP][PASSED] - verifyTextPresent(findTestData("searchTestData").getValue("tradeLocation", row), false): Text 'PO12 2HE' is present on page 

2019-11-28 09:08:54 - [MESSAGE][PASSED] - Text 'PO12 2HE' is present on page 

2019-11-28 09:08:54 - [MESSAGE][INFO] - =================== Smart XPath Report =======================

2019-11-28 09:08:54 - [MESSAGE][INFO] - Refer to the link below to preview and approve auto healing on broken test objects.

2019-11-28 09:08:54 - [MESSAGE][INFO] - https://docs.katalon.com/katalon-studio/docs/auto-healing-smart-xpath.html

2019-11-28 09:08:54 - [MESSAGE][INFO] - ===============================================================

2019-11-28 09:08:54 - [MESSAGE][PASSED] - Call Test Case 'Test Cases/Reusable_Test_Sequences/CAT_Verification' successfully

2019-11-28 09:08:54 - [TEST_STEP][PASSED] - "--------------------------": null

2019-11-28 09:08:54 - [TEST_STEP][PASSED] - " Teardown - CLose Browser |": null

2019-11-28 09:08:54 - [TEST_STEP][PASSED] - callTestCase(findTestCase("Reusable_Test_Sequences/CAT_Teardown"), [:], OPTIONAL): Call Test Case 'Test Cases/Reusable_Test_Sequences/CAT_Teardown' successfully

2019-11-28 09:08:54 - [TEST_CASE][PASSED] - Test Cases/Reusable_Test_Sequences/CAT_Teardown: Test Cases/Reusable_Test_Sequences/CAT_Teardown

2019-11-28 09:08:55 - [TEST_STEP][PASSED] - closeBrowser(): Browser is closed

2019-11-28 09:08:56 - [MESSAGE][PASSED] - Browser is closed

2019-11-28 09:08:56 - [MESSAGE][INFO] - =================== Smart XPath Report =======================

2019-11-28 09:08:56 - [MESSAGE][INFO] - Refer to the link below to preview and approve auto healing on broken test objects.

2019-11-28 09:08:56 - [MESSAGE][INFO] - https://docs.katalon.com/katalon-studio/docs/auto-healing-smart-xpath.html

2019-11-28 09:08:56 - [MESSAGE][INFO] - ===============================================================

2019-11-28 09:08:56 - [MESSAGE][PASSED] - Call Test Case 'Test Cases/Reusable_Test_Sequences/CAT_Teardown' successfully

2019-11-28 09:08:56 - [TEST_STEP][PASSED] - callTestCase(findTestCase("Reusable_Test_Sequences/CAT_Setup"), [:], OPTIONAL): Call Test Case 'Test Cases/Reusable_Test_Sequences/CAT_Setup' successfully

2019-11-28 09:08:56 - [TEST_CASE][PASSED] - Test Cases/Reusable_Test_Sequences/CAT_Setup: Test Cases/Reusable_Test_Sequences/CAT_Setup

2019-11-28 09:08:56 - [TEST_STEP][PASSED] - "URL - Set from the ENVIRONMENT PROFILE ": null

2019-11-28 09:08:56 - [TEST_STEP][PASSED] - openBrowser(URL): Browser is opened with url: 'https://www.preview.checkatrade.com/'

2019-11-28 09:08:56 - [MESSAGE][INFO] - Starting 'Chrome' driver

2019-11-28 09:09:09 - [MESSAGE][PASSED] - Browser is opened with url: 'https://www.preview.checkatrade.com/'

2019-11-28 09:09:09 - [TEST_STEP][PASSED] - maximizeWindow(): Current window maximized

2019-11-28 09:09:13 - [MESSAGE][PASSED] - Current window maximized

2019-11-28 09:09:13 - [TEST_STEP][PASSED] - waitForPageLoad(60): Wait for page load successfully

2019-11-28 09:09:14 - [MESSAGE][PASSED] - Wait for page load successfully

2019-11-28 09:09:14 - [TEST_STEP][PASSED] - waitForElementVisible(findTestObject("Page_Checkatrade Find a tradesperson you can trust/a_Search"), 25): Object 'Object Repository/Page_Checkatrade Find a tradesperson you can trust/a_Search' is visible

2019-11-28 09:09:14 - [MESSAGE][PASSED] - Object 'Object Repository/Page_Checkatrade Find a tradesperson you can trust/a_Search' is visible

2019-11-28 09:09:14 - [TEST_STEP][PASSED] - try: null

2019-11-28 09:09:14 - [TEST_STEP][PASSED] - if (verifyElementPresent(findTestObject("Page_Checkatrade Find a tradesperson you can trust/div_close"), 1, OPTIONAL)): null

2019-11-28 09:09:14 - [MESSAGE][PASSED] - Object 'Object Repository/Page_Checkatrade Find a tradesperson you can trust/div_close' is present

2019-11-28 09:09:14 - [TEST_STEP][PASSED] - click(findTestObject("Page_Checkatrade Find a tradesperson you can trust/div_close")): Object: 'Object Repository/Page_Checkatrade Find a tradesperson you can trust/div_close' is clicked on

2019-11-28 09:09:15 - [MESSAGE][PASSED] - Object: 'Object Repository/Page_Checkatrade Find a tradesperson you can trust/div_close' is clicked on

2019-11-28 09:09:15 - [TEST_STEP][PASSED] - "---------------------------------": null

2019-11-28 09:09:15 - [TEST_STEP][PASSED] - "COOKIE POPOUT REMOVED - Confirmed": null

2019-11-28 09:09:15 - [TEST_STEP][PASSED] - delay(1): Delayed 1 second(s)

2019-11-28 09:09:16 - [MESSAGE][PASSED] - Delayed 1 second(s)

2019-11-28 09:09:16 - [TEST_STEP][PASSED] - verifyTextNotPresent("Checkatrade.com uses cookies to make sure you get the best browsing experience", false): Text 'Checkatrade.com uses cookies to make sure you get the best browsing experience' is not present on page

2019-11-28 09:09:16 - [MESSAGE][PASSED] - Text 'Checkatrade.com uses cookies to make sure you get the best browsing experience' is not present on page

2019-11-28 09:09:16 - [TEST_STEP][PASSED] - try: null

2019-11-28 09:09:16 - [TEST_STEP][PASSED] - if (verifyElementPresent(findTestObject("Page_Checkatrade Find a tradesperson you can trust/div_close_1"), 1, OPTIONAL)): null

2019-11-28 09:09:16 - [MESSAGE][PASSED] - Object 'Object Repository/Page_Checkatrade Find a tradesperson you can trust/div_close_1' is present

2019-11-28 09:09:16 - [TEST_STEP][PASSED] - click(findTestObject("Page_Checkatrade Find a tradesperson you can trust/div_close_1")): Object: 'Object Repository/Page_Checkatrade Find a tradesperson you can trust/div_close_1' is clicked on

2019-11-28 09:09:16 - [MESSAGE][PASSED] - Object: 'Object Repository/Page_Checkatrade Find a tradesperson you can trust/div_close_1' is clicked on

2019-11-28 09:09:16 - [TEST_STEP][PASSED] - "---------------------------------": null

2019-11-28 09:09:16 - [TEST_STEP][PASSED] - "PRIVACY POPOUT REMOVED - Confirmed": null

2019-11-28 09:09:16 - [TEST_STEP][PASSED] - delay(1): Delayed 1 second(s)

2019-11-28 09:09:17 - [MESSAGE][PASSED] - Delayed 1 second(s)

2019-11-28 09:09:17 - [TEST_STEP][PASSED] - verifyTextNotPresent("We have updated our Privacy Policy, please review this", false): Text 'We have updated our Privacy Policy, please review this' is not present on page

2019-11-28 09:09:17 - [MESSAGE][PASSED] - Text 'We have updated our Privacy Policy, please review this' is not present on page

2019-11-28 09:09:17 - [MESSAGE][INFO] - =================== Smart XPath Report =======================

2019-11-28 09:09:17 - [MESSAGE][INFO] - Refer to the link below to preview and approve auto healing on broken test objects.

2019-11-28 09:09:17 - [MESSAGE][INFO] - https://docs.katalon.com/katalon-studio/docs/auto-healing-smart-xpath.html

2019-11-28 09:09:17 - [MESSAGE][INFO] - ===============================================================

2019-11-28 09:09:17 - [MESSAGE][PASSED] - Call Test Case 'Test Cases/Reusable_Test_Sequences/CAT_Setup' successfully

2019-11-28 09:09:17 - [TEST_STEP][PASSED] - "---------------------------------------": null

2019-11-28 09:09:17 - [TEST_STEP][PASSED] - " Set and SEARCH TRADE CLASSIFICATION   |": null

2019-11-28 09:09:17 - [TEST_STEP][PASSED] - callTestCase(findTestCase("Reusable_Test_Sequences/CAT_Enter_Trade_Classification"), [:], CONTINUE_ON_FAILURE): Call Test Case 'Test Cases/Reusable_Test_Sequences/CAT_Enter_Trade_Classification' successfully

2019-11-28 09:09:17 - [TEST_CASE][PASSED] - Test Cases/Reusable_Test_Sequences/CAT_Enter_Trade_Classification: Test Cases/Reusable_Test_Sequences/CAT_Enter_Trade_Classification

2019-11-28 09:09:17 - [TEST_STEP][PASSED] - "---------------------------------": null

2019-11-28 09:09:17 - [TEST_STEP][PASSED] - "Set and SEARCH SELECTED TRADE": null

2019-11-28 09:09:17 - [TEST_STEP][PASSED] - click(findTestObject("Object Repository/Checkatrade_Trade_Search_Page/Page_Checkatrade Find a tradesperson you can trust/input_Search_Button_FF")): Object: 'Object Repository/Checkatrade_Trade_Search_Page/Page_Checkatrade Find a tradesperson you can trust/input_Search_Button_FF' is clicked on

2019-11-28 09:09:18 - [MESSAGE][PASSED] - Object: 'Object Repository/Checkatrade_Trade_Search_Page/Page_Checkatrade Find a tradesperson you can trust/input_Search_Button_FF' is clicked on

2019-11-28 09:09:18 - [TEST_STEP][PASSED] - setText(findTestObject("Object Repository/Checkatrade_Trade_Search_Page/Page_Checkatrade Find a tradesperson you can trust/input_Search_Button_FF"), findTestData("searchTestData").getValue("tradeClassification", row)): Text 'Electrician' is set on object 'Object Repository/Checkatrade_Trade_Search_Page/Page_Checkatrade Find a tradesperson you can trust/input_Search_Button_FF'

2019-11-28 09:09:18 - [MESSAGE][PASSED] - Text 'Electrician' is set on object 'Object Repository/Checkatrade_Trade_Search_Page/Page_Checkatrade Find a tradesperson you can trust/input_Search_Button_FF'

2019-11-28 09:09:18 - [MESSAGE][INFO] - =================== Smart XPath Report =======================

2019-11-28 09:09:18 - [MESSAGE][INFO] - Refer to the link below to preview and approve auto healing on broken test objects.

2019-11-28 09:09:18 - [MESSAGE][INFO] - https://docs.katalon.com/katalon-studio/docs/auto-healing-smart-xpath.html

2019-11-28 09:09:18 - [MESSAGE][INFO] - ===============================================================

2019-11-28 09:09:18 - [MESSAGE][PASSED] - Call Test Case 'Test Cases/Reusable_Test_Sequences/CAT_Enter_Trade_Classification' successfully

2019-11-28 09:09:18 - [TEST_STEP][PASSED] - "---------------------------------------": null

2019-11-28 09:09:18 - [TEST_STEP][PASSED] - " Set and SEARCH TRADE LOCATION         |": null

2019-11-28 09:09:18 - [TEST_STEP][PASSED] - callTestCase(findTestCase("Reusable_Test_Sequences/CAT_Enter_Trade_Location"), [:], CONTINUE_ON_FAILURE): Call Test Case 'Test Cases/Reusable_Test_Sequences/CAT_Enter_Trade_Location' successfully

2019-11-28 09:09:18 - [TEST_CASE][PASSED] - Test Cases/Reusable_Test_Sequences/CAT_Enter_Trade_Location: Test Cases/Reusable_Test_Sequences/CAT_Enter_Trade_Location

2019-11-28 09:09:18 - [TEST_STEP][PASSED] - "---------------------------------": null

2019-11-28 09:09:18 - [TEST_STEP][PASSED] - "Set and SEARCH SELECTED LOCATION |": null

2019-11-28 09:09:18 - [TEST_STEP][PASSED] - click(findTestObject("Object Repository/Checkatrade_Trade_Search_Page/Page_Checkatrade Find a tradesperson you can trust/input_Not here_location")): Object: 'Object Repository/Checkatrade_Trade_Search_Page/Page_Checkatrade Find a tradesperson you can trust/input_Not here_location' is clicked on

2019-11-28 09:09:19 - [MESSAGE][PASSED] - Object: 'Object Repository/Checkatrade_Trade_Search_Page/Page_Checkatrade Find a tradesperson you can trust/input_Not here_location' is clicked on

2019-11-28 09:09:19 - [TEST_STEP][PASSED] - setText(findTestObject("Object Repository/Checkatrade_Trade_Search_Page/Page_Checkatrade Find a tradesperson you can trust/input_Not here_location"), findTestData("searchTestData").getValue("tradeLocation", row)): Text 'Orkney' is set on object 'Object Repository/Checkatrade_Trade_Search_Page/Page_Checkatrade Find a tradesperson you can trust/input_Not here_location'

2019-11-28 09:09:19 - [MESSAGE][PASSED] - Text 'Orkney' is set on object 'Object Repository/Checkatrade_Trade_Search_Page/Page_Checkatrade Find a tradesperson you can trust/input_Not here_location'

2019-11-28 09:09:19 - [MESSAGE][INFO] - =================== Smart XPath Report =======================

2019-11-28 09:09:19 - [MESSAGE][INFO] - Refer to the link below to preview and approve auto healing on broken test objects.

2019-11-28 09:09:19 - [MESSAGE][INFO] - https://docs.katalon.com/katalon-studio/docs/auto-healing-smart-xpath.html

2019-11-28 09:09:19 - [MESSAGE][INFO] - ===============================================================

2019-11-28 09:09:19 - [MESSAGE][PASSED] - Call Test Case 'Test Cases/Reusable_Test_Sequences/CAT_Enter_Trade_Location' successfully

2019-11-28 09:09:19 - [TEST_STEP][PASSED] - "---------------------------------------": null

2019-11-28 09:09:19 - [TEST_STEP][PASSED] - " Scroll Search Button into View        |": null

2019-11-28 09:09:19 - [TEST_STEP][PASSED] - "---------------------------------------": null

2019-11-28 09:09:19 - [TEST_STEP][PASSED] - "---------------------------------------": null

2019-11-28 09:09:19 - [TEST_STEP][PASSED] - " Hit Search Button                     |": null

2019-11-28 09:09:19 - [TEST_STEP][PASSED] - callTestCase(findTestCase("Reusable_Test_Sequences/CAT_Hit_Search_Button"), [:], CONTINUE_ON_FAILURE): Call Test Case 'Test Cases/Reusable_Test_Sequences/CAT_Hit_Search_Button' successfully

2019-11-28 09:09:19 - [TEST_CASE][PASSED] - Test Cases/Reusable_Test_Sequences/CAT_Hit_Search_Button: Test Cases/Reusable_Test_Sequences/CAT_Hit_Search_Button

2019-11-28 09:09:19 - [TEST_STEP][PASSED] - "---------------------------------": null

2019-11-28 09:09:19 - [TEST_STEP][PASSED] - "HIT SEARCH": null

2019-11-28 09:09:19 - [TEST_STEP][PASSED] - "---------------------------------": null

2019-11-28 09:09:19 - [TEST_STEP][PASSED] - waitForElementClickable(findTestObject("Object Repository/Checkatrade_Trade_Search_Page/Page_Checkatrade Find a tradesperson you can trust/a_Search"), 25): Object 'Object Repository/Checkatrade_Trade_Search_Page/Page_Checkatrade Find a tradesperson you can trust/a_Search' is clickable

2019-11-28 09:09:19 - [MESSAGE][PASSED] - Object 'Object Repository/Checkatrade_Trade_Search_Page/Page_Checkatrade Find a tradesperson you can trust/a_Search' is clickable

2019-11-28 09:09:19 - [TEST_STEP][PASSED] - click(findTestObject("Object Repository/Checkatrade_Trade_Search_Page/Page_Checkatrade Find a tradesperson you can trust/a_Search")): Object: 'Object Repository/Checkatrade_Trade_Search_Page/Page_Checkatrade Find a tradesperson you can trust/a_Search' is clicked on

2019-11-28 09:09:21 - [MESSAGE][PASSED] - Object: 'Object Repository/Checkatrade_Trade_Search_Page/Page_Checkatrade Find a tradesperson you can trust/a_Search' is clicked on

2019-11-28 09:09:21 - [MESSAGE][INFO] - =================== Smart XPath Report =======================

2019-11-28 09:09:21 - [MESSAGE][INFO] - Refer to the link below to preview and approve auto healing on broken test objects.

2019-11-28 09:09:21 - [MESSAGE][INFO] - https://docs.katalon.com/katalon-studio/docs/auto-healing-smart-xpath.html

2019-11-28 09:09:21 - [MESSAGE][INFO] - ===============================================================

2019-11-28 09:09:21 - [MESSAGE][PASSED] - Call Test Case 'Test Cases/Reusable_Test_Sequences/CAT_Hit_Search_Button' successfully

2019-11-28 09:09:21 - [TEST_STEP][PASSED] - "---------------------------------------": null

2019-11-28 09:09:21 - [TEST_STEP][PASSED] - " Verify Returned Page is as Expected   |": null

2019-11-28 09:09:21 - [TEST_STEP][PASSED] - callTestCase(findTestCase("Reusable_Test_Sequences/CAT_Verification"), [:], CONTINUE_ON_FAILURE): Call Test Case 'Test Cases/Reusable_Test_Sequences/CAT_Verification' successfully

2019-11-28 09:09:21 - [TEST_CASE][PASSED] - Test Cases/Reusable_Test_Sequences/CAT_Verification: Test Cases/Reusable_Test_Sequences/CAT_Verification

2019-11-28 09:09:21 - [TEST_STEP][PASSED] - "Expected cantantenated text is Returned": null

2019-11-28 09:09:21 - [TEST_STEP][PASSED] - delay(3): Delayed 3 second(s)

2019-11-28 09:09:24 - [MESSAGE][PASSED] - Delayed 3 second(s)

2019-11-28 09:09:24 - [TEST_STEP][PASSED] - waitForElementVisible(findTestObject("Checkatrade_Trade_Search_page/Page_Checkatrade Find a tradesperson you can trust/a_Search"), 120): Object 'Object Repository/Checkatrade_Trade_Search_page/Page_Checkatrade Find a tradesperson you can trust/a_Search' is visible

2019-11-28 09:09:25 - [MESSAGE][PASSED] - Object 'Object Repository/Checkatrade_Trade_Search_page/Page_Checkatrade Find a tradesperson you can trust/a_Search' is visible

2019-11-28 09:09:25 - [TEST_STEP][PASSED] - verifyTextPresent(findTestData("searchTestData").getValue("tradeClassification", row), false): Text 'Electrician' is present on page 

2019-11-28 09:09:25 - [MESSAGE][PASSED] - Text 'Electrician' is present on page 

2019-11-28 09:09:25 - [TEST_STEP][PASSED] - verifyTextPresent(findTestData("searchTestData").getValue("tradeLocation", row), false): Text 'Orkney' is present on page 

2019-11-28 09:09:26 - [MESSAGE][PASSED] - Text 'Orkney' is present on page 

2019-11-28 09:09:26 - [MESSAGE][INFO] - =================== Smart XPath Report =======================

2019-11-28 09:09:26 - [MESSAGE][INFO] - Refer to the link below to preview and approve auto healing on broken test objects.

2019-11-28 09:09:26 - [MESSAGE][INFO] - https://docs.katalon.com/katalon-studio/docs/auto-healing-smart-xpath.html

2019-11-28 09:09:26 - [MESSAGE][INFO] - ===============================================================

2019-11-28 09:09:26 - [MESSAGE][PASSED] - Call Test Case 'Test Cases/Reusable_Test_Sequences/CAT_Verification' successfully

2019-11-28 09:09:26 - [TEST_STEP][PASSED] - "--------------------------": null

2019-11-28 09:09:26 - [TEST_STEP][PASSED] - " Teardown - CLose Browser |": null

2019-11-28 09:09:26 - [TEST_STEP][PASSED] - callTestCase(findTestCase("Reusable_Test_Sequences/CAT_Teardown"), [:], OPTIONAL): Call Test Case 'Test Cases/Reusable_Test_Sequences/CAT_Teardown' successfully

2019-11-28 09:09:26 - [TEST_CASE][PASSED] - Test Cases/Reusable_Test_Sequences/CAT_Teardown: Test Cases/Reusable_Test_Sequences/CAT_Teardown

2019-11-28 09:09:26 - [TEST_STEP][PASSED] - closeBrowser(): Browser is closed

2019-11-28 09:09:27 - [MESSAGE][PASSED] - Browser is closed

2019-11-28 09:09:27 - [MESSAGE][INFO] - =================== Smart XPath Report =======================

2019-11-28 09:09:27 - [MESSAGE][INFO] - Refer to the link below to preview and approve auto healing on broken test objects.

2019-11-28 09:09:27 - [MESSAGE][INFO] - https://docs.katalon.com/katalon-studio/docs/auto-healing-smart-xpath.html

2019-11-28 09:09:27 - [MESSAGE][INFO] - ===============================================================

2019-11-28 09:09:27 - [MESSAGE][PASSED] - Call Test Case 'Test Cases/Reusable_Test_Sequences/CAT_Teardown' successfully

2019-11-28 09:09:27 - [TEST_STEP][PASSED] - callTestCase(findTestCase("Reusable_Test_Sequences/CAT_Setup"), [:], OPTIONAL): Call Test Case 'Test Cases/Reusable_Test_Sequences/CAT_Setup' successfully

2019-11-28 09:09:27 - [TEST_CASE][PASSED] - Test Cases/Reusable_Test_Sequences/CAT_Setup: Test Cases/Reusable_Test_Sequences/CAT_Setup

2019-11-28 09:09:27 - [TEST_STEP][PASSED] - "URL - Set from the ENVIRONMENT PROFILE ": null

2019-11-28 09:09:27 - [TEST_STEP][PASSED] - openBrowser(URL): Browser is opened with url: 'https://www.preview.checkatrade.com/'

2019-11-28 09:09:27 - [MESSAGE][INFO] - Starting 'Chrome' driver

2019-11-28 09:09:40 - [MESSAGE][PASSED] - Browser is opened with url: 'https://www.preview.checkatrade.com/'

2019-11-28 09:09:40 - [TEST_STEP][PASSED] - maximizeWindow(): Current window maximized

2019-11-28 09:09:44 - [MESSAGE][PASSED] - Current window maximized

2019-11-28 09:09:44 - [TEST_STEP][PASSED] - waitForPageLoad(60): Wait for page load successfully

2019-11-28 09:09:45 - [MESSAGE][PASSED] - Wait for page load successfully

2019-11-28 09:09:45 - [TEST_STEP][PASSED] - waitForElementVisible(findTestObject("Page_Checkatrade Find a tradesperson you can trust/a_Search"), 25): Object 'Object Repository/Page_Checkatrade Find a tradesperson you can trust/a_Search' is visible

2019-11-28 09:09:45 - [MESSAGE][PASSED] - Object 'Object Repository/Page_Checkatrade Find a tradesperson you can trust/a_Search' is visible

2019-11-28 09:09:45 - [TEST_STEP][PASSED] - try: null

2019-11-28 09:09:45 - [TEST_STEP][PASSED] - if (verifyElementPresent(findTestObject("Page_Checkatrade Find a tradesperson you can trust/div_close"), 1, OPTIONAL)): null

2019-11-28 09:09:45 - [MESSAGE][PASSED] - Object 'Object Repository/Page_Checkatrade Find a tradesperson you can trust/div_close' is present

2019-11-28 09:09:45 - [TEST_STEP][PASSED] - click(findTestObject("Page_Checkatrade Find a tradesperson you can trust/div_close")): Object: 'Object Repository/Page_Checkatrade Find a tradesperson you can trust/div_close' is clicked on

2019-11-28 09:09:45 - [MESSAGE][PASSED] - Object: 'Object Repository/Page_Checkatrade Find a tradesperson you can trust/div_close' is clicked on

2019-11-28 09:09:45 - [TEST_STEP][PASSED] - "---------------------------------": null

2019-11-28 09:09:45 - [TEST_STEP][PASSED] - "COOKIE POPOUT REMOVED - Confirmed": null

2019-11-28 09:09:45 - [TEST_STEP][PASSED] - delay(1): Delayed 1 second(s)

2019-11-28 09:09:46 - [MESSAGE][PASSED] - Delayed 1 second(s)

2019-11-28 09:09:46 - [TEST_STEP][PASSED] - verifyTextNotPresent("Checkatrade.com uses cookies to make sure you get the best browsing experience", false): Text 'Checkatrade.com uses cookies to make sure you get the best browsing experience' is not present on page

2019-11-28 09:09:46 - [MESSAGE][PASSED] - Text 'Checkatrade.com uses cookies to make sure you get the best browsing experience' is not present on page

2019-11-28 09:09:46 - [TEST_STEP][PASSED] - try: null

2019-11-28 09:09:46 - [TEST_STEP][PASSED] - if (verifyElementPresent(findTestObject("Page_Checkatrade Find a tradesperson you can trust/div_close_1"), 1, OPTIONAL)): null

2019-11-28 09:09:47 - [MESSAGE][PASSED] - Object 'Object Repository/Page_Checkatrade Find a tradesperson you can trust/div_close_1' is present

2019-11-28 09:09:47 - [TEST_STEP][PASSED] - click(findTestObject("Page_Checkatrade Find a tradesperson you can trust/div_close_1")): Object: 'Object Repository/Page_Checkatrade Find a tradesperson you can trust/div_close_1' is clicked on

2019-11-28 09:09:47 - [MESSAGE][PASSED] - Object: 'Object Repository/Page_Checkatrade Find a tradesperson you can trust/div_close_1' is clicked on

2019-11-28 09:09:47 - [TEST_STEP][PASSED] - "---------------------------------": null

2019-11-28 09:09:47 - [TEST_STEP][PASSED] - "PRIVACY POPOUT REMOVED - Confirmed": null

2019-11-28 09:09:47 - [TEST_STEP][PASSED] - delay(1): Delayed 1 second(s)

2019-11-28 09:09:48 - [MESSAGE][PASSED] - Delayed 1 second(s)

2019-11-28 09:09:48 - [TEST_STEP][PASSED] - verifyTextNotPresent("We have updated our Privacy Policy, please review this", false): Text 'We have updated our Privacy Policy, please review this' is not present on page

2019-11-28 09:09:48 - [MESSAGE][PASSED] - Text 'We have updated our Privacy Policy, please review this' is not present on page

2019-11-28 09:09:48 - [MESSAGE][INFO] - =================== Smart XPath Report =======================

2019-11-28 09:09:48 - [MESSAGE][INFO] - Refer to the link below to preview and approve auto healing on broken test objects.

2019-11-28 09:09:48 - [MESSAGE][INFO] - https://docs.katalon.com/katalon-studio/docs/auto-healing-smart-xpath.html

2019-11-28 09:09:48 - [MESSAGE][INFO] - ===============================================================

2019-11-28 09:09:48 - [MESSAGE][PASSED] - Call Test Case 'Test Cases/Reusable_Test_Sequences/CAT_Setup' successfully

2019-11-28 09:09:48 - [TEST_STEP][PASSED] - "---------------------------------------": null

2019-11-28 09:09:48 - [TEST_STEP][PASSED] - " Set and SEARCH TRADE CLASSIFICATION   |": null

2019-11-28 09:09:48 - [TEST_STEP][PASSED] - callTestCase(findTestCase("Reusable_Test_Sequences/CAT_Enter_Trade_Classification"), [:], CONTINUE_ON_FAILURE): Call Test Case 'Test Cases/Reusable_Test_Sequences/CAT_Enter_Trade_Classification' successfully

2019-11-28 09:09:48 - [TEST_CASE][PASSED] - Test Cases/Reusable_Test_Sequences/CAT_Enter_Trade_Classification: Test Cases/Reusable_Test_Sequences/CAT_Enter_Trade_Classification

2019-11-28 09:09:48 - [TEST_STEP][PASSED] - "---------------------------------": null

2019-11-28 09:09:48 - [TEST_STEP][PASSED] - "Set and SEARCH SELECTED TRADE": null

2019-11-28 09:09:48 - [TEST_STEP][PASSED] - click(findTestObject("Object Repository/Checkatrade_Trade_Search_Page/Page_Checkatrade Find a tradesperson you can trust/input_Search_Button_FF")): Object: 'Object Repository/Checkatrade_Trade_Search_Page/Page_Checkatrade Find a tradesperson you can trust/input_Search_Button_FF' is clicked on

2019-11-28 09:09:48 - [MESSAGE][PASSED] - Object: 'Object Repository/Checkatrade_Trade_Search_Page/Page_Checkatrade Find a tradesperson you can trust/input_Search_Button_FF' is clicked on

2019-11-28 09:09:48 - [TEST_STEP][PASSED] - setText(findTestObject("Object Repository/Checkatrade_Trade_Search_Page/Page_Checkatrade Find a tradesperson you can trust/input_Search_Button_FF"), findTestData("searchTestData").getValue("tradeClassification", row)): Text 'Diagnostic Testing' is set on object 'Object Repository/Checkatrade_Trade_Search_Page/Page_Checkatrade Find a tradesperson you can trust/input_Search_Button_FF'

2019-11-28 09:09:49 - [MESSAGE][PASSED] - Text 'Diagnostic Testing' is set on object 'Object Repository/Checkatrade_Trade_Search_Page/Page_Checkatrade Find a tradesperson you can trust/input_Search_Button_FF'

2019-11-28 09:09:49 - [MESSAGE][INFO] - =================== Smart XPath Report =======================

2019-11-28 09:09:49 - [MESSAGE][INFO] - Refer to the link below to preview and approve auto healing on broken test objects.

2019-11-28 09:09:49 - [MESSAGE][INFO] - https://docs.katalon.com/katalon-studio/docs/auto-healing-smart-xpath.html

2019-11-28 09:09:49 - [MESSAGE][INFO] - ===============================================================

2019-11-28 09:09:49 - [MESSAGE][PASSED] - Call Test Case 'Test Cases/Reusable_Test_Sequences/CAT_Enter_Trade_Classification' successfully

2019-11-28 09:09:49 - [TEST_STEP][PASSED] - "---------------------------------------": null

2019-11-28 09:09:49 - [TEST_STEP][PASSED] - " Set and SEARCH TRADE LOCATION         |": null

2019-11-28 09:09:49 - [TEST_STEP][PASSED] - callTestCase(findTestCase("Reusable_Test_Sequences/CAT_Enter_Trade_Location"), [:], CONTINUE_ON_FAILURE): Call Test Case 'Test Cases/Reusable_Test_Sequences/CAT_Enter_Trade_Location' successfully

2019-11-28 09:09:49 - [TEST_CASE][PASSED] - Test Cases/Reusable_Test_Sequences/CAT_Enter_Trade_Location: Test Cases/Reusable_Test_Sequences/CAT_Enter_Trade_Location

2019-11-28 09:09:49 - [TEST_STEP][PASSED] - "---------------------------------": null

2019-11-28 09:09:49 - [TEST_STEP][PASSED] - "Set and SEARCH SELECTED LOCATION |": null

2019-11-28 09:09:49 - [TEST_STEP][PASSED] - click(findTestObject("Object Repository/Checkatrade_Trade_Search_Page/Page_Checkatrade Find a tradesperson you can trust/input_Not here_location")): Object: 'Object Repository/Checkatrade_Trade_Search_Page/Page_Checkatrade Find a tradesperson you can trust/input_Not here_location' is clicked on

2019-11-28 09:09:49 - [MESSAGE][PASSED] - Object: 'Object Repository/Checkatrade_Trade_Search_Page/Page_Checkatrade Find a tradesperson you can trust/input_Not here_location' is clicked on

2019-11-28 09:09:49 - [TEST_STEP][PASSED] - setText(findTestObject("Object Repository/Checkatrade_Trade_Search_Page/Page_Checkatrade Find a tradesperson you can trust/input_Not here_location"), findTestData("searchTestData").getValue("tradeLocation", row)): Text 'Angmering' is set on object 'Object Repository/Checkatrade_Trade_Search_Page/Page_Checkatrade Find a tradesperson you can trust/input_Not here_location'

2019-11-28 09:09:49 - [MESSAGE][PASSED] - Text 'Angmering' is set on object 'Object Repository/Checkatrade_Trade_Search_Page/Page_Checkatrade Find a tradesperson you can trust/input_Not here_location'

2019-11-28 09:09:49 - [MESSAGE][INFO] - =================== Smart XPath Report =======================

2019-11-28 09:09:49 - [MESSAGE][INFO] - Refer to the link below to preview and approve auto healing on broken test objects.

2019-11-28 09:09:49 - [MESSAGE][INFO] - https://docs.katalon.com/katalon-studio/docs/auto-healing-smart-xpath.html

2019-11-28 09:09:49 - [MESSAGE][INFO] - ===============================================================

2019-11-28 09:09:49 - [MESSAGE][PASSED] - Call Test Case 'Test Cases/Reusable_Test_Sequences/CAT_Enter_Trade_Location' successfully

2019-11-28 09:09:49 - [TEST_STEP][PASSED] - "---------------------------------------": null

2019-11-28 09:09:49 - [TEST_STEP][PASSED] - " Scroll Search Button into View        |": null

2019-11-28 09:09:49 - [TEST_STEP][PASSED] - "---------------------------------------": null

2019-11-28 09:09:49 - [TEST_STEP][PASSED] - "---------------------------------------": null

2019-11-28 09:09:49 - [TEST_STEP][PASSED] - " Hit Search Button                     |": null

2019-11-28 09:09:49 - [TEST_STEP][PASSED] - callTestCase(findTestCase("Reusable_Test_Sequences/CAT_Hit_Search_Button"), [:], CONTINUE_ON_FAILURE): Call Test Case 'Test Cases/Reusable_Test_Sequences/CAT_Hit_Search_Button' successfully

2019-11-28 09:09:49 - [TEST_CASE][PASSED] - Test Cases/Reusable_Test_Sequences/CAT_Hit_Search_Button: Test Cases/Reusable_Test_Sequences/CAT_Hit_Search_Button

2019-11-28 09:09:49 - [TEST_STEP][PASSED] - "---------------------------------": null

2019-11-28 09:09:49 - [TEST_STEP][PASSED] - "HIT SEARCH": null

2019-11-28 09:09:49 - [TEST_STEP][PASSED] - "---------------------------------": null

2019-11-28 09:09:49 - [TEST_STEP][PASSED] - waitForElementClickable(findTestObject("Object Repository/Checkatrade_Trade_Search_Page/Page_Checkatrade Find a tradesperson you can trust/a_Search"), 25): Object 'Object Repository/Checkatrade_Trade_Search_Page/Page_Checkatrade Find a tradesperson you can trust/a_Search' is clickable

2019-11-28 09:09:50 - [MESSAGE][PASSED] - Object 'Object Repository/Checkatrade_Trade_Search_Page/Page_Checkatrade Find a tradesperson you can trust/a_Search' is clickable

2019-11-28 09:09:50 - [TEST_STEP][PASSED] - click(findTestObject("Object Repository/Checkatrade_Trade_Search_Page/Page_Checkatrade Find a tradesperson you can trust/a_Search")): Object: 'Object Repository/Checkatrade_Trade_Search_Page/Page_Checkatrade Find a tradesperson you can trust/a_Search' is clicked on

2019-11-28 09:09:55 - [MESSAGE][PASSED] - Object: 'Object Repository/Checkatrade_Trade_Search_Page/Page_Checkatrade Find a tradesperson you can trust/a_Search' is clicked on

2019-11-28 09:09:55 - [MESSAGE][INFO] - =================== Smart XPath Report =======================

2019-11-28 09:09:55 - [MESSAGE][INFO] - Refer to the link below to preview and approve auto healing on broken test objects.

2019-11-28 09:09:55 - [MESSAGE][INFO] - https://docs.katalon.com/katalon-studio/docs/auto-healing-smart-xpath.html

2019-11-28 09:09:55 - [MESSAGE][INFO] - ===============================================================

2019-11-28 09:09:55 - [MESSAGE][PASSED] - Call Test Case 'Test Cases/Reusable_Test_Sequences/CAT_Hit_Search_Button' successfully

2019-11-28 09:09:55 - [TEST_STEP][PASSED] - "---------------------------------------": null

2019-11-28 09:09:55 - [TEST_STEP][PASSED] - " Verify Returned Page is as Expected   |": null

2019-11-28 09:09:55 - [TEST_STEP][PASSED] - callTestCase(findTestCase("Reusable_Test_Sequences/CAT_Verification"), [:], CONTINUE_ON_FAILURE): Call Test Case 'Test Cases/Reusable_Test_Sequences/CAT_Verification' successfully

2019-11-28 09:09:55 - [TEST_CASE][PASSED] - Test Cases/Reusable_Test_Sequences/CAT_Verification: Test Cases/Reusable_Test_Sequences/CAT_Verification

2019-11-28 09:09:55 - [TEST_STEP][PASSED] - "Expected cantantenated text is Returned": null

2019-11-28 09:09:55 - [TEST_STEP][PASSED] - delay(3): Delayed 3 second(s)

2019-11-28 09:09:58 - [MESSAGE][PASSED] - Delayed 3 second(s)

2019-11-28 09:09:58 - [TEST_STEP][PASSED] - waitForElementVisible(findTestObject("Checkatrade_Trade_Search_page/Page_Checkatrade Find a tradesperson you can trust/a_Search"), 120): Object 'Object Repository/Checkatrade_Trade_Search_page/Page_Checkatrade Find a tradesperson you can trust/a_Search' is visible

2019-11-28 09:09:58 - [MESSAGE][PASSED] - Object 'Object Repository/Checkatrade_Trade_Search_page/Page_Checkatrade Find a tradesperson you can trust/a_Search' is visible

2019-11-28 09:09:58 - [TEST_STEP][PASSED] - verifyTextPresent(findTestData("searchTestData").getValue("tradeClassification", row), false): Text 'Diagnostic Testing' is present on page 

2019-11-28 09:09:59 - [MESSAGE][PASSED] - Text 'Diagnostic Testing' is present on page 

2019-11-28 09:09:59 - [TEST_STEP][PASSED] - verifyTextPresent(findTestData("searchTestData").getValue("tradeLocation", row), false): Text 'Angmering' is present on page 

2019-11-28 09:09:59 - [MESSAGE][PASSED] - Text 'Angmering' is present on page 

2019-11-28 09:09:59 - [MESSAGE][INFO] - =================== Smart XPath Report =======================

2019-11-28 09:09:59 - [MESSAGE][INFO] - Refer to the link below to preview and approve auto healing on broken test objects.

2019-11-28 09:09:59 - [MESSAGE][INFO] - https://docs.katalon.com/katalon-studio/docs/auto-healing-smart-xpath.html

2019-11-28 09:09:59 - [MESSAGE][INFO] - ===============================================================

2019-11-28 09:09:59 - [MESSAGE][PASSED] - Call Test Case 'Test Cases/Reusable_Test_Sequences/CAT_Verification' successfully

2019-11-28 09:09:59 - [TEST_STEP][PASSED] - "--------------------------": null

2019-11-28 09:09:59 - [TEST_STEP][PASSED] - " Teardown - CLose Browser |": null

2019-11-28 09:09:59 - [TEST_STEP][PASSED] - callTestCase(findTestCase("Reusable_Test_Sequences/CAT_Teardown"), [:], OPTIONAL): Call Test Case 'Test Cases/Reusable_Test_Sequences/CAT_Teardown' successfully

2019-11-28 09:10:00 - [TEST_CASE][PASSED] - Test Cases/Reusable_Test_Sequences/CAT_Teardown: Test Cases/Reusable_Test_Sequences/CAT_Teardown

2019-11-28 09:10:00 - [TEST_STEP][PASSED] - closeBrowser(): Browser is closed

2019-11-28 09:10:00 - [MESSAGE][PASSED] - Browser is closed

2019-11-28 09:10:00 - [MESSAGE][INFO] - =================== Smart XPath Report =======================

2019-11-28 09:10:00 - [MESSAGE][INFO] - Refer to the link below to preview and approve auto healing on broken test objects.

2019-11-28 09:10:00 - [MESSAGE][INFO] - https://docs.katalon.com/katalon-studio/docs/auto-healing-smart-xpath.html

2019-11-28 09:10:00 - [MESSAGE][INFO] - ===============================================================

2019-11-28 09:10:00 - [MESSAGE][PASSED] - Call Test Case 'Test Cases/Reusable_Test_Sequences/CAT_Teardown' successfully

2019-11-28 09:10:01 - [TEST_STEP][PASSED] - callTestCase(findTestCase("Reusable_Test_Sequences/CAT_Setup"), [:], OPTIONAL): Call Test Case 'Test Cases/Reusable_Test_Sequences/CAT_Setup' successfully

2019-11-28 09:10:01 - [TEST_CASE][PASSED] - Test Cases/Reusable_Test_Sequences/CAT_Setup: Test Cases/Reusable_Test_Sequences/CAT_Setup

2019-11-28 09:10:01 - [TEST_STEP][PASSED] - "URL - Set from the ENVIRONMENT PROFILE ": null

2019-11-28 09:10:01 - [TEST_STEP][PASSED] - openBrowser(URL): Browser is opened with url: 'https://www.preview.checkatrade.com/'

2019-11-28 09:10:01 - [MESSAGE][INFO] - Starting 'Chrome' driver

2019-11-28 09:10:10 - [MESSAGE][PASSED] - Browser is opened with url: 'https://www.preview.checkatrade.com/'

2019-11-28 09:10:10 - [TEST_STEP][PASSED] - maximizeWindow(): Current window maximized

2019-11-28 09:10:15 - [MESSAGE][PASSED] - Current window maximized

2019-11-28 09:10:15 - [TEST_STEP][PASSED] - waitForPageLoad(60): Wait for page load successfully

2019-11-28 09:10:15 - [MESSAGE][PASSED] - Wait for page load successfully

2019-11-28 09:10:15 - [TEST_STEP][PASSED] - waitForElementVisible(findTestObject("Page_Checkatrade Find a tradesperson you can trust/a_Search"), 25): Object 'Object Repository/Page_Checkatrade Find a tradesperson you can trust/a_Search' is visible

2019-11-28 09:10:15 - [MESSAGE][PASSED] - Object 'Object Repository/Page_Checkatrade Find a tradesperson you can trust/a_Search' is visible

2019-11-28 09:10:15 - [TEST_STEP][PASSED] - try: null

2019-11-28 09:10:15 - [TEST_STEP][PASSED] - if (verifyElementPresent(findTestObject("Page_Checkatrade Find a tradesperson you can trust/div_close"), 1, OPTIONAL)): null

2019-11-28 09:10:15 - [MESSAGE][PASSED] - Object 'Object Repository/Page_Checkatrade Find a tradesperson you can trust/div_close' is present

2019-11-28 09:10:15 - [TEST_STEP][PASSED] - click(findTestObject("Page_Checkatrade Find a tradesperson you can trust/div_close")): Object: 'Object Repository/Page_Checkatrade Find a tradesperson you can trust/div_close' is clicked on

2019-11-28 09:10:16 - [MESSAGE][PASSED] - Object: 'Object Repository/Page_Checkatrade Find a tradesperson you can trust/div_close' is clicked on

2019-11-28 09:10:16 - [TEST_STEP][PASSED] - "---------------------------------": null

2019-11-28 09:10:16 - [TEST_STEP][PASSED] - "COOKIE POPOUT REMOVED - Confirmed": null

2019-11-28 09:10:16 - [TEST_STEP][PASSED] - delay(1): Delayed 1 second(s)

2019-11-28 09:10:17 - [MESSAGE][PASSED] - Delayed 1 second(s)

2019-11-28 09:10:17 - [TEST_STEP][PASSED] - verifyTextNotPresent("Checkatrade.com uses cookies to make sure you get the best browsing experience", false): Text 'Checkatrade.com uses cookies to make sure you get the best browsing experience' is not present on page

2019-11-28 09:10:17 - [MESSAGE][PASSED] - Text 'Checkatrade.com uses cookies to make sure you get the best browsing experience' is not present on page

2019-11-28 09:10:17 - [TEST_STEP][PASSED] - try: null

2019-11-28 09:10:17 - [TEST_STEP][PASSED] - if (verifyElementPresent(findTestObject("Page_Checkatrade Find a tradesperson you can trust/div_close_1"), 1, OPTIONAL)): null

2019-11-28 09:10:17 - [MESSAGE][PASSED] - Object 'Object Repository/Page_Checkatrade Find a tradesperson you can trust/div_close_1' is present

2019-11-28 09:10:17 - [TEST_STEP][PASSED] - click(findTestObject("Page_Checkatrade Find a tradesperson you can trust/div_close_1")): Object: 'Object Repository/Page_Checkatrade Find a tradesperson you can trust/div_close_1' is clicked on

2019-11-28 09:10:18 - [MESSAGE][PASSED] - Object: 'Object Repository/Page_Checkatrade Find a tradesperson you can trust/div_close_1' is clicked on

2019-11-28 09:10:18 - [TEST_STEP][PASSED] - "---------------------------------": null

2019-11-28 09:10:18 - [TEST_STEP][PASSED] - "PRIVACY POPOUT REMOVED - Confirmed": null

2019-11-28 09:10:18 - [TEST_STEP][PASSED] - delay(1): Delayed 1 second(s)

2019-11-28 09:10:19 - [MESSAGE][PASSED] - Delayed 1 second(s)

2019-11-28 09:10:19 - [TEST_STEP][PASSED] - verifyTextNotPresent("We have updated our Privacy Policy, please review this", false): Text 'We have updated our Privacy Policy, please review this' is not present on page

2019-11-28 09:10:19 - [MESSAGE][PASSED] - Text 'We have updated our Privacy Policy, please review this' is not present on page

2019-11-28 09:10:19 - [MESSAGE][INFO] - =================== Smart XPath Report =======================

2019-11-28 09:10:19 - [MESSAGE][INFO] - Refer to the link below to preview and approve auto healing on broken test objects.

2019-11-28 09:10:19 - [MESSAGE][INFO] - https://docs.katalon.com/katalon-studio/docs/auto-healing-smart-xpath.html

2019-11-28 09:10:19 - [MESSAGE][INFO] - ===============================================================

2019-11-28 09:10:19 - [MESSAGE][PASSED] - Call Test Case 'Test Cases/Reusable_Test_Sequences/CAT_Setup' successfully

2019-11-28 09:10:19 - [TEST_STEP][PASSED] - "---------------------------------------": null

2019-11-28 09:10:19 - [TEST_STEP][PASSED] - " Set and SEARCH TRADE CLASSIFICATION   |": null

2019-11-28 09:10:19 - [TEST_STEP][PASSED] - callTestCase(findTestCase("Reusable_Test_Sequences/CAT_Enter_Trade_Classification"), [:], CONTINUE_ON_FAILURE): Call Test Case 'Test Cases/Reusable_Test_Sequences/CAT_Enter_Trade_Classification' successfully

2019-11-28 09:10:19 - [TEST_CASE][PASSED] - Test Cases/Reusable_Test_Sequences/CAT_Enter_Trade_Classification: Test Cases/Reusable_Test_Sequences/CAT_Enter_Trade_Classification

2019-11-28 09:10:19 - [TEST_STEP][PASSED] - "---------------------------------": null

2019-11-28 09:10:19 - [TEST_STEP][PASSED] - "Set and SEARCH SELECTED TRADE": null

2019-11-28 09:10:19 - [TEST_STEP][PASSED] - click(findTestObject("Object Repository/Checkatrade_Trade_Search_Page/Page_Checkatrade Find a tradesperson you can trust/input_Search_Button_FF")): Object: 'Object Repository/Checkatrade_Trade_Search_Page/Page_Checkatrade Find a tradesperson you can trust/input_Search_Button_FF' is clicked on

2019-11-28 09:10:20 - [MESSAGE][PASSED] - Object: 'Object Repository/Checkatrade_Trade_Search_Page/Page_Checkatrade Find a tradesperson you can trust/input_Search_Button_FF' is clicked on

2019-11-28 09:10:20 - [TEST_STEP][PASSED] - setText(findTestObject("Object Repository/Checkatrade_Trade_Search_Page/Page_Checkatrade Find a tradesperson you can trust/input_Search_Button_FF"), findTestData("searchTestData").getValue("tradeClassification", row)): Text 'Garage/Vehicle Services' is set on object 'Object Repository/Checkatrade_Trade_Search_Page/Page_Checkatrade Find a tradesperson you can trust/input_Search_Button_FF'

2019-11-28 09:10:20 - [MESSAGE][PASSED] - Text 'Garage/Vehicle Services' is set on object 'Object Repository/Checkatrade_Trade_Search_Page/Page_Checkatrade Find a tradesperson you can trust/input_Search_Button_FF'

2019-11-28 09:10:20 - [MESSAGE][INFO] - =================== Smart XPath Report =======================

2019-11-28 09:10:20 - [MESSAGE][INFO] - Refer to the link below to preview and approve auto healing on broken test objects.

2019-11-28 09:10:20 - [MESSAGE][INFO] - https://docs.katalon.com/katalon-studio/docs/auto-healing-smart-xpath.html

2019-11-28 09:10:20 - [MESSAGE][INFO] - ===============================================================

2019-11-28 09:10:20 - [MESSAGE][PASSED] - Call Test Case 'Test Cases/Reusable_Test_Sequences/CAT_Enter_Trade_Classification' successfully

2019-11-28 09:10:20 - [TEST_STEP][PASSED] - "---------------------------------------": null

2019-11-28 09:10:20 - [TEST_STEP][PASSED] - " Set and SEARCH TRADE LOCATION         |": null

2019-11-28 09:10:20 - [TEST_STEP][PASSED] - callTestCase(findTestCase("Reusable_Test_Sequences/CAT_Enter_Trade_Location"), [:], CONTINUE_ON_FAILURE): Call Test Case 'Test Cases/Reusable_Test_Sequences/CAT_Enter_Trade_Location' successfully

2019-11-28 09:10:20 - [TEST_CASE][PASSED] - Test Cases/Reusable_Test_Sequences/CAT_Enter_Trade_Location: Test Cases/Reusable_Test_Sequences/CAT_Enter_Trade_Location

2019-11-28 09:10:20 - [TEST_STEP][PASSED] - "---------------------------------": null

2019-11-28 09:10:20 - [TEST_STEP][PASSED] - "Set and SEARCH SELECTED LOCATION |": null

2019-11-28 09:10:20 - [TEST_STEP][PASSED] - click(findTestObject("Object Repository/Checkatrade_Trade_Search_Page/Page_Checkatrade Find a tradesperson you can trust/input_Not here_location")): Object: 'Object Repository/Checkatrade_Trade_Search_Page/Page_Checkatrade Find a tradesperson you can trust/input_Not here_location' is clicked on

2019-11-28 09:10:21 - [MESSAGE][PASSED] - Object: 'Object Repository/Checkatrade_Trade_Search_Page/Page_Checkatrade Find a tradesperson you can trust/input_Not here_location' is clicked on

2019-11-28 09:10:21 - [TEST_STEP][PASSED] - setText(findTestObject("Object Repository/Checkatrade_Trade_Search_Page/Page_Checkatrade Find a tradesperson you can trust/input_Not here_location"), findTestData("searchTestData").getValue("tradeLocation", row)): Text 'Rugby' is set on object 'Object Repository/Checkatrade_Trade_Search_Page/Page_Checkatrade Find a tradesperson you can trust/input_Not here_location'

2019-11-28 09:10:21 - [MESSAGE][PASSED] - Text 'Rugby' is set on object 'Object Repository/Checkatrade_Trade_Search_Page/Page_Checkatrade Find a tradesperson you can trust/input_Not here_location'

2019-11-28 09:10:21 - [MESSAGE][INFO] - =================== Smart XPath Report =======================

2019-11-28 09:10:21 - [MESSAGE][INFO] - Refer to the link below to preview and approve auto healing on broken test objects.

2019-11-28 09:10:21 - [MESSAGE][INFO] - https://docs.katalon.com/katalon-studio/docs/auto-healing-smart-xpath.html

2019-11-28 09:10:21 - [MESSAGE][INFO] - ===============================================================

2019-11-28 09:10:21 - [MESSAGE][PASSED] - Call Test Case 'Test Cases/Reusable_Test_Sequences/CAT_Enter_Trade_Location' successfully

2019-11-28 09:10:21 - [TEST_STEP][PASSED] - "---------------------------------------": null

2019-11-28 09:10:21 - [TEST_STEP][PASSED] - " Scroll Search Button into View        |": null

2019-11-28 09:10:21 - [TEST_STEP][PASSED] - "---------------------------------------": null

2019-11-28 09:10:21 - [TEST_STEP][PASSED] - "---------------------------------------": null

2019-11-28 09:10:21 - [TEST_STEP][PASSED] - " Hit Search Button                     |": null

2019-11-28 09:10:21 - [TEST_STEP][PASSED] - callTestCase(findTestCase("Reusable_Test_Sequences/CAT_Hit_Search_Button"), [:], CONTINUE_ON_FAILURE): Call Test Case 'Test Cases/Reusable_Test_Sequences/CAT_Hit_Search_Button' successfully

2019-11-28 09:10:21 - [TEST_CASE][PASSED] - Test Cases/Reusable_Test_Sequences/CAT_Hit_Search_Button: Test Cases/Reusable_Test_Sequences/CAT_Hit_Search_Button

2019-11-28 09:10:21 - [TEST_STEP][PASSED] - "---------------------------------": null

2019-11-28 09:10:21 - [TEST_STEP][PASSED] - "HIT SEARCH": null

2019-11-28 09:10:21 - [TEST_STEP][PASSED] - "---------------------------------": null

2019-11-28 09:10:21 - [TEST_STEP][PASSED] - waitForElementClickable(findTestObject("Object Repository/Checkatrade_Trade_Search_Page/Page_Checkatrade Find a tradesperson you can trust/a_Search"), 25): Object 'Object Repository/Checkatrade_Trade_Search_Page/Page_Checkatrade Find a tradesperson you can trust/a_Search' is clickable

2019-11-28 09:10:21 - [MESSAGE][PASSED] - Object 'Object Repository/Checkatrade_Trade_Search_Page/Page_Checkatrade Find a tradesperson you can trust/a_Search' is clickable

2019-11-28 09:10:21 - [TEST_STEP][PASSED] - click(findTestObject("Object Repository/Checkatrade_Trade_Search_Page/Page_Checkatrade Find a tradesperson you can trust/a_Search")): Object: 'Object Repository/Checkatrade_Trade_Search_Page/Page_Checkatrade Find a tradesperson you can trust/a_Search' is clicked on

2019-11-28 09:10:24 - [MESSAGE][PASSED] - Object: 'Object Repository/Checkatrade_Trade_Search_Page/Page_Checkatrade Find a tradesperson you can trust/a_Search' is clicked on

2019-11-28 09:10:24 - [MESSAGE][INFO] - =================== Smart XPath Report =======================

2019-11-28 09:10:24 - [MESSAGE][INFO] - Refer to the link below to preview and approve auto healing on broken test objects.

2019-11-28 09:10:24 - [MESSAGE][INFO] - https://docs.katalon.com/katalon-studio/docs/auto-healing-smart-xpath.html

2019-11-28 09:10:24 - [MESSAGE][INFO] - ===============================================================

2019-11-28 09:10:24 - [MESSAGE][PASSED] - Call Test Case 'Test Cases/Reusable_Test_Sequences/CAT_Hit_Search_Button' successfully

2019-11-28 09:10:24 - [TEST_STEP][PASSED] - "---------------------------------------": null

2019-11-28 09:10:24 - [TEST_STEP][PASSED] - " Verify Returned Page is as Expected   |": null

2019-11-28 09:10:24 - [TEST_STEP][PASSED] - callTestCase(findTestCase("Reusable_Test_Sequences/CAT_Verification"), [:], CONTINUE_ON_FAILURE): Call Test Case 'Test Cases/Reusable_Test_Sequences/CAT_Verification' successfully

2019-11-28 09:10:24 - [TEST_CASE][PASSED] - Test Cases/Reusable_Test_Sequences/CAT_Verification: Test Cases/Reusable_Test_Sequences/CAT_Verification

2019-11-28 09:10:24 - [TEST_STEP][PASSED] - "Expected cantantenated text is Returned": null

2019-11-28 09:10:24 - [TEST_STEP][PASSED] - delay(3): Delayed 3 second(s)

2019-11-28 09:10:27 - [MESSAGE][PASSED] - Delayed 3 second(s)

2019-11-28 09:10:27 - [TEST_STEP][PASSED] - waitForElementVisible(findTestObject("Checkatrade_Trade_Search_page/Page_Checkatrade Find a tradesperson you can trust/a_Search"), 120): Object 'Object Repository/Checkatrade_Trade_Search_page/Page_Checkatrade Find a tradesperson you can trust/a_Search' is visible

2019-11-28 09:10:27 - [MESSAGE][PASSED] - Object 'Object Repository/Checkatrade_Trade_Search_page/Page_Checkatrade Find a tradesperson you can trust/a_Search' is visible

2019-11-28 09:10:27 - [TEST_STEP][PASSED] - verifyTextPresent(findTestData("searchTestData").getValue("tradeClassification", row), false): Text 'Garage/Vehicle Services' is present on page 

2019-11-28 09:10:28 - [MESSAGE][PASSED] - Text 'Garage/Vehicle Services' is present on page 

2019-11-28 09:10:28 - [TEST_STEP][PASSED] - verifyTextPresent(findTestData("searchTestData").getValue("tradeLocation", row), false): Text 'Rugby' is present on page 

2019-11-28 09:10:28 - [MESSAGE][PASSED] - Text 'Rugby' is present on page 

2019-11-28 09:10:28 - [MESSAGE][INFO] - =================== Smart XPath Report =======================

2019-11-28 09:10:28 - [MESSAGE][INFO] - Refer to the link below to preview and approve auto healing on broken test objects.

2019-11-28 09:10:28 - [MESSAGE][INFO] - https://docs.katalon.com/katalon-studio/docs/auto-healing-smart-xpath.html

2019-11-28 09:10:28 - [MESSAGE][INFO] - ===============================================================

2019-11-28 09:10:28 - [MESSAGE][PASSED] - Call Test Case 'Test Cases/Reusable_Test_Sequences/CAT_Verification' successfully

2019-11-28 09:10:28 - [TEST_STEP][PASSED] - "--------------------------": null

2019-11-28 09:10:28 - [TEST_STEP][PASSED] - " Teardown - CLose Browser |": null

2019-11-28 09:10:28 - [TEST_STEP][PASSED] - callTestCase(findTestCase("Reusable_Test_Sequences/CAT_Teardown"), [:], OPTIONAL): Call Test Case 'Test Cases/Reusable_Test_Sequences/CAT_Teardown' successfully

2019-11-28 09:10:28 - [TEST_CASE][PASSED] - Test Cases/Reusable_Test_Sequences/CAT_Teardown: Test Cases/Reusable_Test_Sequences/CAT_Teardown

2019-11-28 09:10:29 - [TEST_STEP][PASSED] - closeBrowser(): Browser is closed

2019-11-28 09:10:29 - [MESSAGE][PASSED] - Browser is closed

2019-11-28 09:10:29 - [MESSAGE][INFO] - =================== Smart XPath Report =======================

2019-11-28 09:10:29 - [MESSAGE][INFO] - Refer to the link below to preview and approve auto healing on broken test objects.

2019-11-28 09:10:29 - [MESSAGE][INFO] - https://docs.katalon.com/katalon-studio/docs/auto-healing-smart-xpath.html

2019-11-28 09:10:29 - [MESSAGE][INFO] - ===============================================================

2019-11-28 09:10:29 - [MESSAGE][PASSED] - Call Test Case 'Test Cases/Reusable_Test_Sequences/CAT_Teardown' successfully]]></system-out>
         <system-err><![CDATA[]]></system-err>
      </testcase>
      <system-out><![CDATA[2019-11-28 09:07:30 - [TEST_SUITE][PASSED] - Trade_Location_Multiple_Search: Test Cases/Checkatrade_Tradesman_Searches/Trade_Location_Search]]></system-out>
      <system-err><![CDATA[]]></system-err>
   </testsuite>
</testsuites>
