<?xml version="1.0" encoding="UTF-8"?>
<testsuites name="Trade_Location_Multiple_Search" time="256.837" tests="1" failures="0" errors="0">
   <testsuite name="Trade_Location_Multiple_Search" tests="1" failures="0" errors="0" time="256.837" timestamp="2020-02-05 09:13:40" hostname="DavidHo - VETTEDSP36RF.check.local" id="Test Suites/Trade_Location_Multiple_Search">
      <properties>
         <property name="deviceName" value=""/>
         <property name="devicePlatform" value=""/>
         <property name="logFolder" value="C:\\Users\\davidho\\git\\src\\Reports\\20200205_090830\\Trade_Location_Multiple_Search\\20200205_090834"/>
         <property name="logFiles" value="C:\\Users\\davidho\\git\\src\\Reports\\20200205_090830\\Trade_Location_Multiple_Search\\20200205_090834\\execution0.log"/>
         <property name="attachments" value=""/>
         <property name="hostName" value="DavidHo - VETTEDSP36RF.check.local"/>
         <property name="os" value="Windows 10 32bit"/>
         <property name="katalonVersion" value="7.1.2.1"/>
         <property name="browser" value="Chrome 79.0.3945.130"/>
         <property name="hostAddress" value="10.0.9.154"/>
         <property name="sessionId" value="6e7937959bc6c91787c5b960ada8927a"/>
         <property name="seleniumVersion" value="3.141.59"/>
         <property name="proxyInformation" value="ProxyInformation{proxyOption=NO_PROXY, proxyServerType=HTTP, password=, proxyServerAddress=, proxyServerPort=0, executionList=}"/>
         <property name="platform" value="Windows 10"/>
      </properties>
      <testcase name="Test Cases/Checkatrade_Tradesman_Searches/Trade_Location_Search" time="255.984" classname="Test Cases/Checkatrade_Tradesman_Searches/Trade_Location_Search" status="PASSED">
         <system-out><![CDATA[2020-02-05 09:13:40 - [TEST_CASE][PASSED] - Test Cases/Checkatrade_Tradesman_Searches/Trade_Location_Search: Test Cases/Checkatrade_Tradesman_Searches/Trade_Location_Search

2020-02-05 09:13:41 - [TEST_STEP][PASSED] - for ([row = 1, row <= findTestData("searchTestData").getRowNumbers(), (internal.GlobalVariable.row++)]): Call Test Case 'Test Cases/Reusable_Test_Sequences/CAT_Teardown' successfully

2020-02-05 09:13:43 - [TEST_STEP][PASSED] - callTestCase(findTestCase("Reusable_Test_Sequences/CAT_Setup"), [:], OPTIONAL): Call Test Case 'Test Cases/Reusable_Test_Sequences/CAT_Setup' successfully

2020-02-05 09:13:43 - [TEST_CASE][PASSED] - Test Cases/Reusable_Test_Sequences/CAT_Setup: Test Cases/Reusable_Test_Sequences/CAT_Setup

2020-02-05 09:13:44 - [TEST_STEP][PASSED] - "------------------------------": null

2020-02-05 09:13:44 - [TEST_STEP][PASSED] - " Set Mobile Device Testing    |": null

2020-02-05 09:13:44 - [TEST_STEP][PASSED] - if (Mobile_Flag == "true"): null

2020-02-05 09:13:44 - [TEST_STEP][PASSED] - "------------------------------": null

2020-02-05 09:13:44 - [TEST_STEP][PASSED] - " Set Mobile Device Testing    |": null

2020-02-05 09:13:44 - [TEST_STEP][PASSED] - "------------------------------": null

2020-02-05 09:13:44 - [TEST_STEP][PASSED] - "URL - Set from the ENVIRONMENT PROFILE ": null

2020-02-05 09:13:44 - [TEST_STEP][PASSED] - openBrowser(URL): Browser is opened with url: 'https://www.preview.checkatrade.com/'

2020-02-05 09:13:44 - [MESSAGE][INFO] - Starting 'Chrome' driver

2020-02-05 09:13:44 - [MESSAGE][INFO] - Action delay is set to 0 seconds

2020-02-05 09:13:57 - [MESSAGE][PASSED] - Browser is opened with url: 'https://www.preview.checkatrade.com/'

2020-02-05 09:13:57 - [TEST_STEP][PASSED] - maximizeWindow(): Current window maximized

2020-02-05 09:14:02 - [MESSAGE][PASSED] - Current window maximized

2020-02-05 09:14:02 - [TEST_STEP][PASSED] - waitForPageLoad(60): Wait for page load successfully

2020-02-05 09:14:02 - [MESSAGE][PASSED] - Wait for page load successfully

2020-02-05 09:14:02 - [TEST_STEP][PASSED] - "Previous Functionalilty Left Commented For Ease Of reversion": null

2020-02-05 09:14:02 - [TEST_STEP][PASSED] - try: Text 'Cookie Policy' is not present on page

2020-02-05 09:14:02 - [TEST_STEP][PASSED] - verifyElementPresent(findTestObject("Object Repository/Cookies/Page_Checkatrade Find a tradesperson you can trust/button_Accept All"), 5): Object 'Object Repository/Cookies/Page_Checkatrade Find a tradesperson you can trust/button_Accept All' is present

2020-02-05 09:14:03 - [MESSAGE][PASSED] - Object 'Object Repository/Cookies/Page_Checkatrade Find a tradesperson you can trust/button_Accept All' is present

2020-02-05 09:14:03 - [TEST_STEP][PASSED] - click(findTestObject("Object Repository/Cookies/Page_Checkatrade Find a tradesperson you can trust/button_Accept All")): Object: 'Object Repository/Cookies/Page_Checkatrade Find a tradesperson you can trust/button_Accept All' is clicked on

2020-02-05 09:14:04 - [MESSAGE][PASSED] - Object: 'Object Repository/Cookies/Page_Checkatrade Find a tradesperson you can trust/button_Accept All' is clicked on

2020-02-05 09:14:04 - [TEST_STEP][PASSED] - "---------------------------------": null

2020-02-05 09:14:04 - [TEST_STEP][PASSED] - "COOKIE POPOUT REMOVED - Confirmed": null

2020-02-05 09:14:04 - [TEST_STEP][PASSED] - delay(1): Delayed 1 second(s)

2020-02-05 09:14:05 - [MESSAGE][PASSED] - Delayed 1 second(s)

2020-02-05 09:14:05 - [TEST_STEP][PASSED] - verifyTextNotPresent("We use cookies to personalise content and ads, to provide social media features and to analyse our traffic", false): Text 'We use cookies to personalise content and ads, to provide social media features and to analyse our traffic' is not present on page

2020-02-05 09:14:14 - [MESSAGE][PASSED] - Text 'We use cookies to personalise content and ads, to provide social media features and to analyse our traffic' is not present on page

2020-02-05 09:14:14 - [TEST_STEP][PASSED] - verifyTextNotPresent(" We also share information about your use of our site with our social media, advertising and analytics partners", false): Text ' We also share information about your use of our site with our social media, advertising and analytics partners' is not present on page

2020-02-05 09:14:14 - [MESSAGE][PASSED] - Text ' We also share information about your use of our site with our social media, advertising and analytics partners' is not present on page

2020-02-05 09:14:14 - [TEST_STEP][PASSED] - verifyTextNotPresent("Cookie Policy", false): Text 'Cookie Policy' is not present on page

2020-02-05 09:14:14 - [MESSAGE][PASSED] - Text 'Cookie Policy' is not present on page

2020-02-05 09:14:14 - [TEST_STEP][PASSED] - waitForPageLoad(60): Wait for page load successfully

2020-02-05 09:14:14 - [MESSAGE][PASSED] - Wait for page load successfully

2020-02-05 09:14:14 - [TEST_STEP][PASSED] - "COOKIE - ORIGINAL": null

2020-02-05 09:14:14 - [TEST_STEP][PASSED] - if (waitForElementVisible(findTestObject("Object Repository/Feedback/Page_Checkatrade Give your feedback/input_Member_to_Review"), 5)): Web element with id: 'Object Repository/Feedback/Page_Checkatrade Give your feedback/input_Member_to_Review' located by 'By.xpath: //input[@id='feedback-form__company_autocomplete_input']' not found

2020-02-05 09:14:20 - [MESSAGE][INFO] - Unable to find the element located by 'By.xpath: //input[@id='feedback-form__company_autocomplete_input']'. Please recheck the objects properties to make sure the desired element is located. 

2020-02-05 09:14:20 - [MESSAGE][WARNING] - Web element with id: 'Object Repository/Feedback/Page_Checkatrade Give your feedback/input_Member_to_Review' located by 'By.xpath: //input[@id='feedback-form__company_autocomplete_input']' not found

2020-02-05 09:14:20 - [TEST_STEP][PASSED] - else: The <<<OLD>>> Website was detected by the STARTUP Process

2020-02-05 09:14:20 - [TEST_STEP][PASSED] - if (!(verifyElementVisible(findTestObject("Object Repository/Checkatrade_Trade_Search_Page/Page_Checkatrade Find a tradesperson you can trust/input_Search_Button_FF")))): Object 'Object Repository/Checkatrade_Trade_Search_Page/Page_Checkatrade Find a tradesperson you can trust/input_Search_Button_FF' is visible

2020-02-05 09:14:20 - [MESSAGE][PASSED] - Object 'Object Repository/Checkatrade_Trade_Search_Page/Page_Checkatrade Find a tradesperson you can trust/input_Search_Button_FF' is visible

2020-02-05 09:14:20 - [TEST_STEP][PASSED] - else: The <<<OLD>>> Website was detected by the STARTUP Process

2020-02-05 09:14:20 - [TEST_STEP][PASSED] - Website_Version = "old": null

2020-02-05 09:14:20 - [TEST_STEP][PASSED] - logInfo("The <<<OLD>>> Website was detected by the STARTUP Process"): The <<<OLD>>> Website was detected by the STARTUP Process

2020-02-05 09:14:20 - [MESSAGE][INFO] - The <<<OLD>>> Website was detected by the STARTUP Process

2020-02-05 09:14:20 - [MESSAGE][PASSED] - Call Test Case 'Test Cases/Reusable_Test_Sequences/CAT_Setup' successfully

2020-02-05 09:14:20 - [TEST_STEP][PASSED] - callTestCase(findTestCase("Reusable_Test_Sequences/CAT_Home"), [:], CONTINUE_ON_FAILURE): Call Test Case 'Test Cases/Reusable_Test_Sequences/CAT_Home' successfully

2020-02-05 09:14:20 - [TEST_CASE][PASSED] - Test Cases/Reusable_Test_Sequences/CAT_Home: Test Cases/Reusable_Test_Sequences/CAT_Home

2020-02-05 09:14:21 - [TEST_STEP][PASSED] - waitForPageLoad(60): Wait for page load successfully

2020-02-05 09:14:21 - [MESSAGE][PASSED] - Wait for page load successfully

2020-02-05 09:14:21 - [TEST_STEP][PASSED] - delay(2): Delayed 2 second(s)

2020-02-05 09:14:23 - [MESSAGE][PASSED] - Delayed 2 second(s)

2020-02-05 09:14:23 - [TEST_STEP][PASSED] - "------------------------------------": null

2020-02-05 09:14:23 - [TEST_STEP][PASSED] - if (Website_Version == "new"): null

2020-02-05 09:14:23 - [TEST_STEP][PASSED] - else: Text 'Over a million visits to Checkatrade each month' is present on page 

2020-02-05 09:14:23 - [TEST_STEP][PASSED] - verifyTextPresent("Helping you find the right trade or service", false): Text 'Helping you find the right trade or service' is present on page 

2020-02-05 09:14:23 - [MESSAGE][PASSED] - Text 'Helping you find the right trade or service' is present on page 

2020-02-05 09:14:23 - [TEST_STEP][PASSED] - verifyTextPresent("Search through over", false): Text 'Search through over' is present on page 

2020-02-05 09:14:23 - [MESSAGE][PASSED] - Text 'Search through over' is present on page 

2020-02-05 09:14:23 - [TEST_STEP][PASSED] - verifyTextPresent("recommended, vetted and monitored trades and service providers for free.", false): Text 'recommended, vetted and monitored trades and service providers for free.' is present on page 

2020-02-05 09:14:23 - [MESSAGE][PASSED] - Text 'recommended, vetted and monitored trades and service providers for free.' is present on page 

2020-02-05 09:14:23 - [TEST_STEP][PASSED] - verifyTextPresent("reviews published so far – thank you!", false): Text 'reviews published so far – thank you!' is present on page 

2020-02-05 09:14:23 - [MESSAGE][PASSED] - Text 'reviews published so far – thank you!' is present on page 

2020-02-05 09:14:23 - [TEST_STEP][PASSED] - verifyTextPresent("I need a trade or service", false): Text 'I need a trade or service' is present on page 

2020-02-05 09:14:23 - [MESSAGE][PASSED] - Text 'I need a trade or service' is present on page 

2020-02-05 09:14:23 - [TEST_STEP][PASSED] - verifyTextPresent("Every trader thoroughly checked and vetted", false): Text 'Every trader thoroughly checked and vetted' is present on page 

2020-02-05 09:14:23 - [MESSAGE][PASSED] - Text 'Every trader thoroughly checked and vetted' is present on page 

2020-02-05 09:14:23 - [TEST_STEP][PASSED] - "------------------------------------": null

2020-02-05 09:14:23 - [TEST_STEP][PASSED] - verifyTextPresent("reviews published so far – thank you!", false): Text 'reviews published so far – thank you!' is present on page 

2020-02-05 09:14:24 - [MESSAGE][PASSED] - Text 'reviews published so far – thank you!' is present on page 

2020-02-05 09:14:24 - [TEST_STEP][PASSED] - verifyTextPresent("Find out more", false): Text 'Find out more' is present on page 

2020-02-05 09:14:24 - [MESSAGE][PASSED] - Text 'Find out more' is present on page 

2020-02-05 09:14:24 - [TEST_STEP][PASSED] - verifyTextPresent("I am a tradesman", false): Text 'I am a tradesman' is present on page 

2020-02-05 09:14:24 - [MESSAGE][PASSED] - Text 'I am a tradesman' is present on page 

2020-02-05 09:14:24 - [TEST_STEP][PASSED] - verifyTextPresent("Find out more", false): Text 'Find out more' is present on page 

2020-02-05 09:14:24 - [MESSAGE][PASSED] - Text 'Find out more' is present on page 

2020-02-05 09:14:24 - [TEST_STEP][PASSED] - verifyTextPresent("Over a million visits to Checkatrade each month", false): Text 'Over a million visits to Checkatrade each month' is present on page 

2020-02-05 09:14:24 - [MESSAGE][PASSED] - Text 'Over a million visits to Checkatrade each month' is present on page 

2020-02-05 09:14:24 - [MESSAGE][PASSED] - Call Test Case 'Test Cases/Reusable_Test_Sequences/CAT_Home' successfully

2020-02-05 09:14:24 - [TEST_STEP][PASSED] - "---------------------------------------": null

2020-02-05 09:14:24 - [TEST_STEP][PASSED] - " Set and SEARCH TRADE CLASSIFICATION   |": null

2020-02-05 09:14:24 - [TEST_STEP][PASSED] - callTestCase(findTestCase("Reusable_Test_Sequences/CAT_Enter_Trade_Classification"), [:], CONTINUE_ON_FAILURE): Call Test Case 'Test Cases/Reusable_Test_Sequences/CAT_Enter_Trade_Classification' successfully

2020-02-05 09:14:24 - [TEST_CASE][PASSED] - Test Cases/Reusable_Test_Sequences/CAT_Enter_Trade_Classification: Test Cases/Reusable_Test_Sequences/CAT_Enter_Trade_Classification

2020-02-05 09:14:25 - [TEST_STEP][PASSED] - "---------------------------------": null

2020-02-05 09:14:25 - [TEST_STEP][PASSED] - "Set and SEARCH SELECTED TRADE": null

2020-02-05 09:14:25 - [TEST_STEP][PASSED] - if (Website_Version == "new"): null

2020-02-05 09:14:25 - [TEST_STEP][PASSED] - else: Text 'Tree Surgeon' is set on object 'Object Repository/Checkatrade_Trade_Search_Page/Page_Checkatrade Find a tradesperson you can trust/input_Search_Button_FF'

2020-02-05 09:14:25 - [TEST_STEP][PASSED] - click(findTestObject("Object Repository/Checkatrade_Trade_Search_Page/Page_Checkatrade Find a tradesperson you can trust/input_Search_Button_FF")): Object: 'Object Repository/Checkatrade_Trade_Search_Page/Page_Checkatrade Find a tradesperson you can trust/input_Search_Button_FF' is clicked on

2020-02-05 09:14:25 - [MESSAGE][PASSED] - Object: 'Object Repository/Checkatrade_Trade_Search_Page/Page_Checkatrade Find a tradesperson you can trust/input_Search_Button_FF' is clicked on

2020-02-05 09:14:25 - [TEST_STEP][PASSED] - setText(findTestObject("Object Repository/Checkatrade_Trade_Search_Page/Page_Checkatrade Find a tradesperson you can trust/input_Search_Button_FF"), findTestData("searchTestData").getValue("tradeClassification", row)): Text 'Tree Surgeon' is set on object 'Object Repository/Checkatrade_Trade_Search_Page/Page_Checkatrade Find a tradesperson you can trust/input_Search_Button_FF'

2020-02-05 09:14:27 - [MESSAGE][PASSED] - Text 'Tree Surgeon' is set on object 'Object Repository/Checkatrade_Trade_Search_Page/Page_Checkatrade Find a tradesperson you can trust/input_Search_Button_FF'

2020-02-05 09:14:27 - [MESSAGE][PASSED] - Call Test Case 'Test Cases/Reusable_Test_Sequences/CAT_Enter_Trade_Classification' successfully

2020-02-05 09:14:27 - [TEST_STEP][PASSED] - "---------------------------------------": null

2020-02-05 09:14:27 - [TEST_STEP][PASSED] - " Set and SEARCH TRADE LOCATION         |": null

2020-02-05 09:14:27 - [TEST_STEP][PASSED] - callTestCase(findTestCase("Reusable_Test_Sequences/CAT_Enter_Trade_Location"), [:], CONTINUE_ON_FAILURE): Call Test Case 'Test Cases/Reusable_Test_Sequences/CAT_Enter_Trade_Location' successfully

2020-02-05 09:14:27 - [TEST_CASE][PASSED] - Test Cases/Reusable_Test_Sequences/CAT_Enter_Trade_Location: Test Cases/Reusable_Test_Sequences/CAT_Enter_Trade_Location

2020-02-05 09:14:27 - [TEST_STEP][PASSED] - "---------------------------------": null

2020-02-05 09:14:27 - [TEST_STEP][PASSED] - "Set and SEARCH SELECTED LOCATION |": null

2020-02-05 09:14:27 - [TEST_STEP][PASSED] - if (Website_Version == "new"): null

2020-02-05 09:14:27 - [TEST_STEP][PASSED] - else: Text 'Gosport' is set on object 'Object Repository/Checkatrade_Trade_Search_Page/Page_Checkatrade Find a tradesperson you can trust/input_Not here_location'

2020-02-05 09:14:27 - [TEST_STEP][PASSED] - click(findTestObject("Object Repository/Checkatrade_Trade_Search_Page/Page_Checkatrade Find a tradesperson you can trust/input_Not here_location")): Object: 'Object Repository/Checkatrade_Trade_Search_Page/Page_Checkatrade Find a tradesperson you can trust/input_Not here_location' is clicked on

2020-02-05 09:14:28 - [MESSAGE][PASSED] - Object: 'Object Repository/Checkatrade_Trade_Search_Page/Page_Checkatrade Find a tradesperson you can trust/input_Not here_location' is clicked on

2020-02-05 09:14:28 - [TEST_STEP][PASSED] - setText(findTestObject("Object Repository/Checkatrade_Trade_Search_Page/Page_Checkatrade Find a tradesperson you can trust/input_Not here_location"), findTestData("searchTestData").getValue("tradeLocation", row)): Text 'Gosport' is set on object 'Object Repository/Checkatrade_Trade_Search_Page/Page_Checkatrade Find a tradesperson you can trust/input_Not here_location'

2020-02-05 09:14:28 - [MESSAGE][PASSED] - Text 'Gosport' is set on object 'Object Repository/Checkatrade_Trade_Search_Page/Page_Checkatrade Find a tradesperson you can trust/input_Not here_location'

2020-02-05 09:14:28 - [MESSAGE][PASSED] - Call Test Case 'Test Cases/Reusable_Test_Sequences/CAT_Enter_Trade_Location' successfully

2020-02-05 09:14:28 - [TEST_STEP][PASSED] - "---------------------------------------": null

2020-02-05 09:14:28 - [TEST_STEP][PASSED] - " Scroll Search Button into View        |": null

2020-02-05 09:14:28 - [TEST_STEP][PASSED] - "---------------------------------------": null

2020-02-05 09:14:28 - [TEST_STEP][PASSED] - "---------------------------------------": null

2020-02-05 09:14:28 - [TEST_STEP][PASSED] - " Hit Search Button                     |": null

2020-02-05 09:14:28 - [TEST_STEP][PASSED] - callTestCase(findTestCase("Reusable_Test_Sequences/CAT_Hit_Search_Button"), [:], CONTINUE_ON_FAILURE): Call Test Case 'Test Cases/Reusable_Test_Sequences/CAT_Hit_Search_Button' successfully

2020-02-05 09:14:28 - [TEST_CASE][PASSED] - Test Cases/Reusable_Test_Sequences/CAT_Hit_Search_Button: Test Cases/Reusable_Test_Sequences/CAT_Hit_Search_Button

2020-02-05 09:14:28 - [TEST_STEP][PASSED] - "---------------------------------": null

2020-02-05 09:14:28 - [TEST_STEP][PASSED] - "HIT SEARCH": null

2020-02-05 09:14:28 - [TEST_STEP][PASSED] - "---------------------------------": null

2020-02-05 09:14:28 - [TEST_STEP][PASSED] - if (Website_Version == "new"): null

2020-02-05 09:14:28 - [TEST_STEP][PASSED] - else: Object: 'Object Repository/Checkatrade_Trade_Search_Page/Page_Checkatrade Find a tradesperson you can trust/Page_Checkatrade Find a tradesperson you can trust/a_Search' is clicked on

2020-02-05 09:14:28 - [TEST_STEP][PASSED] - waitForElementClickable(findTestObject("Object Repository/Checkatrade_Trade_Search_Page/Page_Checkatrade Find a tradesperson you can trust/Page_Checkatrade Find a tradesperson you can trust/a_Search"), 25): Object 'Object Repository/Checkatrade_Trade_Search_Page/Page_Checkatrade Find a tradesperson you can trust/Page_Checkatrade Find a tradesperson you can trust/a_Search' is clickable

2020-02-05 09:14:28 - [MESSAGE][PASSED] - Object 'Object Repository/Checkatrade_Trade_Search_Page/Page_Checkatrade Find a tradesperson you can trust/Page_Checkatrade Find a tradesperson you can trust/a_Search' is clickable

2020-02-05 09:14:28 - [TEST_STEP][PASSED] - click(findTestObject("Object Repository/Checkatrade_Trade_Search_Page/Page_Checkatrade Find a tradesperson you can trust/Page_Checkatrade Find a tradesperson you can trust/a_Search")): Object: 'Object Repository/Checkatrade_Trade_Search_Page/Page_Checkatrade Find a tradesperson you can trust/Page_Checkatrade Find a tradesperson you can trust/a_Search' is clicked on

2020-02-05 09:14:35 - [MESSAGE][PASSED] - Object: 'Object Repository/Checkatrade_Trade_Search_Page/Page_Checkatrade Find a tradesperson you can trust/Page_Checkatrade Find a tradesperson you can trust/a_Search' is clicked on

2020-02-05 09:14:35 - [MESSAGE][PASSED] - Call Test Case 'Test Cases/Reusable_Test_Sequences/CAT_Hit_Search_Button' successfully

2020-02-05 09:14:35 - [TEST_STEP][PASSED] - "---------------------------------------": null

2020-02-05 09:14:35 - [TEST_STEP][PASSED] - " Verify Returned Page is as Expected   |": null

2020-02-05 09:14:35 - [TEST_STEP][PASSED] - callTestCase(findTestCase("Reusable_Test_Sequences/CAT_Verification"), [:], CONTINUE_ON_FAILURE): Call Test Case 'Test Cases/Reusable_Test_Sequences/CAT_Verification' successfully

2020-02-05 09:14:35 - [TEST_CASE][PASSED] - Test Cases/Reusable_Test_Sequences/CAT_Verification: Test Cases/Reusable_Test_Sequences/CAT_Verification

2020-02-05 09:14:35 - [TEST_STEP][PASSED] - "Updated 05/12/2019 due to wholesale Home page changes": null

2020-02-05 09:14:35 - [TEST_STEP][PASSED] - "Expected cantantenated text is Returned": null

2020-02-05 09:14:35 - [TEST_STEP][PASSED] - delay(1): Delayed 1 second(s)

2020-02-05 09:14:36 - [MESSAGE][PASSED] - Delayed 1 second(s)

2020-02-05 09:14:36 - [TEST_STEP][PASSED] - waitForPageLoad(60): Wait for page load successfully

2020-02-05 09:14:36 - [MESSAGE][PASSED] - Wait for page load successfully

2020-02-05 09:14:36 - [TEST_STEP][PASSED] - verifyTextPresent(findTestData("searchTestData").getValue("tradeClassification", row), false): Text 'Tree Surgeon' is present on page 

2020-02-05 09:14:37 - [MESSAGE][PASSED] - Text 'Tree Surgeon' is present on page 

2020-02-05 09:14:37 - [TEST_STEP][PASSED] - verifyTextPresent(findTestData("searchTestData").getValue("tradeLocation", row), false): Text 'Gosport' is present on page 

2020-02-05 09:14:39 - [MESSAGE][PASSED] - Text 'Gosport' is present on page 

2020-02-05 09:14:39 - [MESSAGE][PASSED] - Call Test Case 'Test Cases/Reusable_Test_Sequences/CAT_Verification' successfully

2020-02-05 09:14:39 - [TEST_STEP][PASSED] - "--------------------------": null

2020-02-05 09:14:39 - [TEST_STEP][PASSED] - " Teardown - CLose Browser |": null

2020-02-05 09:14:39 - [TEST_STEP][PASSED] - callTestCase(findTestCase("Reusable_Test_Sequences/CAT_Teardown"), [:], OPTIONAL): Call Test Case 'Test Cases/Reusable_Test_Sequences/CAT_Teardown' successfully

2020-02-05 09:14:39 - [TEST_CASE][PASSED] - Test Cases/Reusable_Test_Sequences/CAT_Teardown: Test Cases/Reusable_Test_Sequences/CAT_Teardown

2020-02-05 09:14:39 - [TEST_STEP][PASSED] - closeBrowser(): Browser is closed

2020-02-05 09:14:42 - [MESSAGE][PASSED] - Browser is closed

2020-02-05 09:14:42 - [MESSAGE][PASSED] - Call Test Case 'Test Cases/Reusable_Test_Sequences/CAT_Teardown' successfully

2020-02-05 09:14:42 - [TEST_STEP][PASSED] - callTestCase(findTestCase("Reusable_Test_Sequences/CAT_Setup"), [:], OPTIONAL): Call Test Case 'Test Cases/Reusable_Test_Sequences/CAT_Setup' successfully

2020-02-05 09:14:42 - [TEST_CASE][PASSED] - Test Cases/Reusable_Test_Sequences/CAT_Setup: Test Cases/Reusable_Test_Sequences/CAT_Setup

2020-02-05 09:14:42 - [TEST_STEP][PASSED] - "------------------------------": null

2020-02-05 09:14:42 - [TEST_STEP][PASSED] - " Set Mobile Device Testing    |": null

2020-02-05 09:14:42 - [TEST_STEP][PASSED] - if (Mobile_Flag == "true"): null

2020-02-05 09:14:42 - [TEST_STEP][PASSED] - "------------------------------": null

2020-02-05 09:14:42 - [TEST_STEP][PASSED] - " Set Mobile Device Testing    |": null

2020-02-05 09:14:42 - [TEST_STEP][PASSED] - "------------------------------": null

2020-02-05 09:14:42 - [TEST_STEP][PASSED] - "URL - Set from the ENVIRONMENT PROFILE ": null

2020-02-05 09:14:42 - [TEST_STEP][PASSED] - openBrowser(URL): Browser is opened with url: 'https://www.preview.checkatrade.com/'

2020-02-05 09:14:42 - [MESSAGE][INFO] - Starting 'Chrome' driver

2020-02-05 09:14:58 - [MESSAGE][PASSED] - Browser is opened with url: 'https://www.preview.checkatrade.com/'

2020-02-05 09:14:58 - [TEST_STEP][PASSED] - maximizeWindow(): Current window maximized

2020-02-05 09:15:02 - [MESSAGE][PASSED] - Current window maximized

2020-02-05 09:15:02 - [TEST_STEP][PASSED] - waitForPageLoad(60): Wait for page load successfully

2020-02-05 09:15:02 - [MESSAGE][PASSED] - Wait for page load successfully

2020-02-05 09:15:02 - [TEST_STEP][PASSED] - "Previous Functionalilty Left Commented For Ease Of reversion": null

2020-02-05 09:15:02 - [TEST_STEP][PASSED] - try: Text 'Cookie Policy' is not present on page

2020-02-05 09:15:02 - [TEST_STEP][PASSED] - verifyElementPresent(findTestObject("Object Repository/Cookies/Page_Checkatrade Find a tradesperson you can trust/button_Accept All"), 5): Object 'Object Repository/Cookies/Page_Checkatrade Find a tradesperson you can trust/button_Accept All' is present

2020-02-05 09:15:02 - [MESSAGE][PASSED] - Object 'Object Repository/Cookies/Page_Checkatrade Find a tradesperson you can trust/button_Accept All' is present

2020-02-05 09:15:02 - [TEST_STEP][PASSED] - click(findTestObject("Object Repository/Cookies/Page_Checkatrade Find a tradesperson you can trust/button_Accept All")): Object: 'Object Repository/Cookies/Page_Checkatrade Find a tradesperson you can trust/button_Accept All' is clicked on

2020-02-05 09:15:03 - [MESSAGE][PASSED] - Object: 'Object Repository/Cookies/Page_Checkatrade Find a tradesperson you can trust/button_Accept All' is clicked on

2020-02-05 09:15:03 - [TEST_STEP][PASSED] - "---------------------------------": null

2020-02-05 09:15:03 - [TEST_STEP][PASSED] - "COOKIE POPOUT REMOVED - Confirmed": null

2020-02-05 09:15:03 - [TEST_STEP][PASSED] - delay(1): Delayed 1 second(s)

2020-02-05 09:15:04 - [MESSAGE][PASSED] - Delayed 1 second(s)

2020-02-05 09:15:04 - [TEST_STEP][PASSED] - verifyTextNotPresent("We use cookies to personalise content and ads, to provide social media features and to analyse our traffic", false): Text 'We use cookies to personalise content and ads, to provide social media features and to analyse our traffic' is not present on page

2020-02-05 09:15:35 - [MESSAGE][PASSED] - Text 'We use cookies to personalise content and ads, to provide social media features and to analyse our traffic' is not present on page

2020-02-05 09:15:35 - [TEST_STEP][PASSED] - verifyTextNotPresent(" We also share information about your use of our site with our social media, advertising and analytics partners", false): Text ' We also share information about your use of our site with our social media, advertising and analytics partners' is not present on page

2020-02-05 09:15:35 - [MESSAGE][PASSED] - Text ' We also share information about your use of our site with our social media, advertising and analytics partners' is not present on page

2020-02-05 09:15:35 - [TEST_STEP][PASSED] - verifyTextNotPresent("Cookie Policy", false): Text 'Cookie Policy' is not present on page

2020-02-05 09:15:35 - [MESSAGE][PASSED] - Text 'Cookie Policy' is not present on page

2020-02-05 09:15:35 - [TEST_STEP][PASSED] - waitForPageLoad(60): Wait for page load successfully

2020-02-05 09:15:35 - [MESSAGE][PASSED] - Wait for page load successfully

2020-02-05 09:15:35 - [TEST_STEP][PASSED] - "COOKIE - ORIGINAL": null

2020-02-05 09:15:35 - [TEST_STEP][PASSED] - if (waitForElementVisible(findTestObject("Object Repository/Feedback/Page_Checkatrade Give your feedback/input_Member_to_Review"), 5)): Web element with id: 'Object Repository/Feedback/Page_Checkatrade Give your feedback/input_Member_to_Review' located by 'By.xpath: //input[@id='feedback-form__company_autocomplete_input']' not found

2020-02-05 09:15:41 - [MESSAGE][INFO] - Unable to find the element located by 'By.xpath: //input[@id='feedback-form__company_autocomplete_input']'. Please recheck the objects properties to make sure the desired element is located. 

2020-02-05 09:15:41 - [MESSAGE][WARNING] - Web element with id: 'Object Repository/Feedback/Page_Checkatrade Give your feedback/input_Member_to_Review' located by 'By.xpath: //input[@id='feedback-form__company_autocomplete_input']' not found

2020-02-05 09:15:41 - [TEST_STEP][PASSED] - else: The <<<OLD>>> Website was detected by the STARTUP Process

2020-02-05 09:15:41 - [TEST_STEP][PASSED] - if (!(verifyElementVisible(findTestObject("Object Repository/Checkatrade_Trade_Search_Page/Page_Checkatrade Find a tradesperson you can trust/input_Search_Button_FF")))): Object 'Object Repository/Checkatrade_Trade_Search_Page/Page_Checkatrade Find a tradesperson you can trust/input_Search_Button_FF' is visible

2020-02-05 09:15:41 - [MESSAGE][PASSED] - Object 'Object Repository/Checkatrade_Trade_Search_Page/Page_Checkatrade Find a tradesperson you can trust/input_Search_Button_FF' is visible

2020-02-05 09:15:41 - [TEST_STEP][PASSED] - else: The <<<OLD>>> Website was detected by the STARTUP Process

2020-02-05 09:15:41 - [TEST_STEP][PASSED] - Website_Version = "old": null

2020-02-05 09:15:41 - [TEST_STEP][PASSED] - logInfo("The <<<OLD>>> Website was detected by the STARTUP Process"): The <<<OLD>>> Website was detected by the STARTUP Process

2020-02-05 09:15:41 - [MESSAGE][INFO] - The <<<OLD>>> Website was detected by the STARTUP Process

2020-02-05 09:15:41 - [MESSAGE][PASSED] - Call Test Case 'Test Cases/Reusable_Test_Sequences/CAT_Setup' successfully

2020-02-05 09:15:41 - [TEST_STEP][PASSED] - callTestCase(findTestCase("Reusable_Test_Sequences/CAT_Home"), [:], CONTINUE_ON_FAILURE): Call Test Case 'Test Cases/Reusable_Test_Sequences/CAT_Home' successfully

2020-02-05 09:15:41 - [TEST_CASE][PASSED] - Test Cases/Reusable_Test_Sequences/CAT_Home: Test Cases/Reusable_Test_Sequences/CAT_Home

2020-02-05 09:15:41 - [TEST_STEP][PASSED] - waitForPageLoad(60): Wait for page load successfully

2020-02-05 09:15:41 - [MESSAGE][PASSED] - Wait for page load successfully

2020-02-05 09:15:41 - [TEST_STEP][PASSED] - delay(2): Delayed 2 second(s)

2020-02-05 09:15:43 - [MESSAGE][PASSED] - Delayed 2 second(s)

2020-02-05 09:15:43 - [TEST_STEP][PASSED] - "------------------------------------": null

2020-02-05 09:15:43 - [TEST_STEP][PASSED] - if (Website_Version == "new"): null

2020-02-05 09:15:43 - [TEST_STEP][PASSED] - else: Text 'Over a million visits to Checkatrade each month' is present on page 

2020-02-05 09:15:43 - [TEST_STEP][PASSED] - verifyTextPresent("Helping you find the right trade or service", false): Text 'Helping you find the right trade or service' is present on page 

2020-02-05 09:15:44 - [MESSAGE][PASSED] - Text 'Helping you find the right trade or service' is present on page 

2020-02-05 09:15:44 - [TEST_STEP][PASSED] - verifyTextPresent("Search through over", false): Text 'Search through over' is present on page 

2020-02-05 09:15:44 - [MESSAGE][PASSED] - Text 'Search through over' is present on page 

2020-02-05 09:15:44 - [TEST_STEP][PASSED] - verifyTextPresent("recommended, vetted and monitored trades and service providers for free.", false): Text 'recommended, vetted and monitored trades and service providers for free.' is present on page 

2020-02-05 09:15:44 - [MESSAGE][PASSED] - Text 'recommended, vetted and monitored trades and service providers for free.' is present on page 

2020-02-05 09:15:44 - [TEST_STEP][PASSED] - verifyTextPresent("reviews published so far – thank you!", false): Text 'reviews published so far – thank you!' is present on page 

2020-02-05 09:15:44 - [MESSAGE][PASSED] - Text 'reviews published so far – thank you!' is present on page 

2020-02-05 09:15:44 - [TEST_STEP][PASSED] - verifyTextPresent("I need a trade or service", false): Text 'I need a trade or service' is present on page 

2020-02-05 09:15:44 - [MESSAGE][PASSED] - Text 'I need a trade or service' is present on page 

2020-02-05 09:15:44 - [TEST_STEP][PASSED] - verifyTextPresent("Every trader thoroughly checked and vetted", false): Text 'Every trader thoroughly checked and vetted' is present on page 

2020-02-05 09:15:45 - [MESSAGE][PASSED] - Text 'Every trader thoroughly checked and vetted' is present on page 

2020-02-05 09:15:45 - [TEST_STEP][PASSED] - "------------------------------------": null

2020-02-05 09:15:45 - [TEST_STEP][PASSED] - verifyTextPresent("reviews published so far – thank you!", false): Text 'reviews published so far – thank you!' is present on page 

2020-02-05 09:15:45 - [MESSAGE][PASSED] - Text 'reviews published so far – thank you!' is present on page 

2020-02-05 09:15:45 - [TEST_STEP][PASSED] - verifyTextPresent("Find out more", false): Text 'Find out more' is present on page 

2020-02-05 09:15:45 - [MESSAGE][PASSED] - Text 'Find out more' is present on page 

2020-02-05 09:15:45 - [TEST_STEP][PASSED] - verifyTextPresent("I am a tradesman", false): Text 'I am a tradesman' is present on page 

2020-02-05 09:15:45 - [MESSAGE][PASSED] - Text 'I am a tradesman' is present on page 

2020-02-05 09:15:45 - [TEST_STEP][PASSED] - verifyTextPresent("Find out more", false): Text 'Find out more' is present on page 

2020-02-05 09:15:45 - [MESSAGE][PASSED] - Text 'Find out more' is present on page 

2020-02-05 09:15:45 - [TEST_STEP][PASSED] - verifyTextPresent("Over a million visits to Checkatrade each month", false): Text 'Over a million visits to Checkatrade each month' is present on page 

2020-02-05 09:15:46 - [MESSAGE][PASSED] - Text 'Over a million visits to Checkatrade each month' is present on page 

2020-02-05 09:15:46 - [MESSAGE][PASSED] - Call Test Case 'Test Cases/Reusable_Test_Sequences/CAT_Home' successfully

2020-02-05 09:15:46 - [TEST_STEP][PASSED] - "---------------------------------------": null

2020-02-05 09:15:46 - [TEST_STEP][PASSED] - " Set and SEARCH TRADE CLASSIFICATION   |": null

2020-02-05 09:15:46 - [TEST_STEP][PASSED] - callTestCase(findTestCase("Reusable_Test_Sequences/CAT_Enter_Trade_Classification"), [:], CONTINUE_ON_FAILURE): Call Test Case 'Test Cases/Reusable_Test_Sequences/CAT_Enter_Trade_Classification' successfully

2020-02-05 09:15:46 - [TEST_CASE][PASSED] - Test Cases/Reusable_Test_Sequences/CAT_Enter_Trade_Classification: Test Cases/Reusable_Test_Sequences/CAT_Enter_Trade_Classification

2020-02-05 09:15:46 - [TEST_STEP][PASSED] - "---------------------------------": null

2020-02-05 09:15:46 - [TEST_STEP][PASSED] - "Set and SEARCH SELECTED TRADE": null

2020-02-05 09:15:46 - [TEST_STEP][PASSED] - if (Website_Version == "new"): null

2020-02-05 09:15:46 - [TEST_STEP][PASSED] - else: Text 'Tree Surgeon' is set on object 'Object Repository/Checkatrade_Trade_Search_Page/Page_Checkatrade Find a tradesperson you can trust/input_Search_Button_FF'

2020-02-05 09:15:46 - [TEST_STEP][PASSED] - click(findTestObject("Object Repository/Checkatrade_Trade_Search_Page/Page_Checkatrade Find a tradesperson you can trust/input_Search_Button_FF")): Object: 'Object Repository/Checkatrade_Trade_Search_Page/Page_Checkatrade Find a tradesperson you can trust/input_Search_Button_FF' is clicked on

2020-02-05 09:15:46 - [MESSAGE][PASSED] - Object: 'Object Repository/Checkatrade_Trade_Search_Page/Page_Checkatrade Find a tradesperson you can trust/input_Search_Button_FF' is clicked on

2020-02-05 09:15:46 - [TEST_STEP][PASSED] - setText(findTestObject("Object Repository/Checkatrade_Trade_Search_Page/Page_Checkatrade Find a tradesperson you can trust/input_Search_Button_FF"), findTestData("searchTestData").getValue("tradeClassification", row)): Text 'Tree Surgeon' is set on object 'Object Repository/Checkatrade_Trade_Search_Page/Page_Checkatrade Find a tradesperson you can trust/input_Search_Button_FF'

2020-02-05 09:15:47 - [MESSAGE][PASSED] - Text 'Tree Surgeon' is set on object 'Object Repository/Checkatrade_Trade_Search_Page/Page_Checkatrade Find a tradesperson you can trust/input_Search_Button_FF'

2020-02-05 09:15:47 - [MESSAGE][PASSED] - Call Test Case 'Test Cases/Reusable_Test_Sequences/CAT_Enter_Trade_Classification' successfully

2020-02-05 09:15:47 - [TEST_STEP][PASSED] - "---------------------------------------": null

2020-02-05 09:15:47 - [TEST_STEP][PASSED] - " Set and SEARCH TRADE LOCATION         |": null

2020-02-05 09:15:47 - [TEST_STEP][PASSED] - callTestCase(findTestCase("Reusable_Test_Sequences/CAT_Enter_Trade_Location"), [:], CONTINUE_ON_FAILURE): Call Test Case 'Test Cases/Reusable_Test_Sequences/CAT_Enter_Trade_Location' successfully

2020-02-05 09:15:47 - [TEST_CASE][PASSED] - Test Cases/Reusable_Test_Sequences/CAT_Enter_Trade_Location: Test Cases/Reusable_Test_Sequences/CAT_Enter_Trade_Location

2020-02-05 09:15:47 - [TEST_STEP][PASSED] - "---------------------------------": null

2020-02-05 09:15:47 - [TEST_STEP][PASSED] - "Set and SEARCH SELECTED LOCATION |": null

2020-02-05 09:15:47 - [TEST_STEP][PASSED] - if (Website_Version == "new"): null

2020-02-05 09:15:47 - [TEST_STEP][PASSED] - else: Text 'PO12 2HE' is set on object 'Object Repository/Checkatrade_Trade_Search_Page/Page_Checkatrade Find a tradesperson you can trust/input_Not here_location'

2020-02-05 09:15:47 - [TEST_STEP][PASSED] - click(findTestObject("Object Repository/Checkatrade_Trade_Search_Page/Page_Checkatrade Find a tradesperson you can trust/input_Not here_location")): Object: 'Object Repository/Checkatrade_Trade_Search_Page/Page_Checkatrade Find a tradesperson you can trust/input_Not here_location' is clicked on

2020-02-05 09:15:47 - [MESSAGE][PASSED] - Object: 'Object Repository/Checkatrade_Trade_Search_Page/Page_Checkatrade Find a tradesperson you can trust/input_Not here_location' is clicked on

2020-02-05 09:15:47 - [TEST_STEP][PASSED] - setText(findTestObject("Object Repository/Checkatrade_Trade_Search_Page/Page_Checkatrade Find a tradesperson you can trust/input_Not here_location"), findTestData("searchTestData").getValue("tradeLocation", row)): Text 'PO12 2HE' is set on object 'Object Repository/Checkatrade_Trade_Search_Page/Page_Checkatrade Find a tradesperson you can trust/input_Not here_location'

2020-02-05 09:15:48 - [MESSAGE][PASSED] - Text 'PO12 2HE' is set on object 'Object Repository/Checkatrade_Trade_Search_Page/Page_Checkatrade Find a tradesperson you can trust/input_Not here_location'

2020-02-05 09:15:48 - [MESSAGE][PASSED] - Call Test Case 'Test Cases/Reusable_Test_Sequences/CAT_Enter_Trade_Location' successfully

2020-02-05 09:15:48 - [TEST_STEP][PASSED] - "---------------------------------------": null

2020-02-05 09:15:48 - [TEST_STEP][PASSED] - " Scroll Search Button into View        |": null

2020-02-05 09:15:48 - [TEST_STEP][PASSED] - "---------------------------------------": null

2020-02-05 09:15:48 - [TEST_STEP][PASSED] - "---------------------------------------": null

2020-02-05 09:15:48 - [TEST_STEP][PASSED] - " Hit Search Button                     |": null

2020-02-05 09:15:48 - [TEST_STEP][PASSED] - callTestCase(findTestCase("Reusable_Test_Sequences/CAT_Hit_Search_Button"), [:], CONTINUE_ON_FAILURE): Call Test Case 'Test Cases/Reusable_Test_Sequences/CAT_Hit_Search_Button' successfully

2020-02-05 09:15:48 - [TEST_CASE][PASSED] - Test Cases/Reusable_Test_Sequences/CAT_Hit_Search_Button: Test Cases/Reusable_Test_Sequences/CAT_Hit_Search_Button

2020-02-05 09:15:48 - [TEST_STEP][PASSED] - "---------------------------------": null

2020-02-05 09:15:48 - [TEST_STEP][PASSED] - "HIT SEARCH": null

2020-02-05 09:15:48 - [TEST_STEP][PASSED] - "---------------------------------": null

2020-02-05 09:15:48 - [TEST_STEP][PASSED] - if (Website_Version == "new"): null

2020-02-05 09:15:48 - [TEST_STEP][PASSED] - else: Object: 'Object Repository/Checkatrade_Trade_Search_Page/Page_Checkatrade Find a tradesperson you can trust/Page_Checkatrade Find a tradesperson you can trust/a_Search' is clicked on

2020-02-05 09:15:48 - [TEST_STEP][PASSED] - waitForElementClickable(findTestObject("Object Repository/Checkatrade_Trade_Search_Page/Page_Checkatrade Find a tradesperson you can trust/Page_Checkatrade Find a tradesperson you can trust/a_Search"), 25): Object 'Object Repository/Checkatrade_Trade_Search_Page/Page_Checkatrade Find a tradesperson you can trust/Page_Checkatrade Find a tradesperson you can trust/a_Search' is clickable

2020-02-05 09:15:48 - [MESSAGE][PASSED] - Object 'Object Repository/Checkatrade_Trade_Search_Page/Page_Checkatrade Find a tradesperson you can trust/Page_Checkatrade Find a tradesperson you can trust/a_Search' is clickable

2020-02-05 09:15:48 - [TEST_STEP][PASSED] - click(findTestObject("Object Repository/Checkatrade_Trade_Search_Page/Page_Checkatrade Find a tradesperson you can trust/Page_Checkatrade Find a tradesperson you can trust/a_Search")): Object: 'Object Repository/Checkatrade_Trade_Search_Page/Page_Checkatrade Find a tradesperson you can trust/Page_Checkatrade Find a tradesperson you can trust/a_Search' is clicked on

2020-02-05 09:15:52 - [MESSAGE][PASSED] - Object: 'Object Repository/Checkatrade_Trade_Search_Page/Page_Checkatrade Find a tradesperson you can trust/Page_Checkatrade Find a tradesperson you can trust/a_Search' is clicked on

2020-02-05 09:15:52 - [MESSAGE][PASSED] - Call Test Case 'Test Cases/Reusable_Test_Sequences/CAT_Hit_Search_Button' successfully

2020-02-05 09:15:52 - [TEST_STEP][PASSED] - "---------------------------------------": null

2020-02-05 09:15:52 - [TEST_STEP][PASSED] - " Verify Returned Page is as Expected   |": null

2020-02-05 09:15:52 - [TEST_STEP][PASSED] - callTestCase(findTestCase("Reusable_Test_Sequences/CAT_Verification"), [:], CONTINUE_ON_FAILURE): Call Test Case 'Test Cases/Reusable_Test_Sequences/CAT_Verification' successfully

2020-02-05 09:15:53 - [TEST_CASE][PASSED] - Test Cases/Reusable_Test_Sequences/CAT_Verification: Test Cases/Reusable_Test_Sequences/CAT_Verification

2020-02-05 09:15:53 - [TEST_STEP][PASSED] - "Updated 05/12/2019 due to wholesale Home page changes": null

2020-02-05 09:15:53 - [TEST_STEP][PASSED] - "Expected cantantenated text is Returned": null

2020-02-05 09:15:53 - [TEST_STEP][PASSED] - delay(1): Delayed 1 second(s)

2020-02-05 09:15:54 - [MESSAGE][PASSED] - Delayed 1 second(s)

2020-02-05 09:15:54 - [TEST_STEP][PASSED] - waitForPageLoad(60): Wait for page load successfully

2020-02-05 09:15:54 - [MESSAGE][PASSED] - Wait for page load successfully

2020-02-05 09:15:54 - [TEST_STEP][PASSED] - verifyTextPresent(findTestData("searchTestData").getValue("tradeClassification", row), false): Text 'Tree Surgeon' is present on page 

2020-02-05 09:15:55 - [MESSAGE][PASSED] - Text 'Tree Surgeon' is present on page 

2020-02-05 09:15:55 - [TEST_STEP][PASSED] - verifyTextPresent(findTestData("searchTestData").getValue("tradeLocation", row), false): Text 'PO12 2HE' is present on page 

2020-02-05 09:15:56 - [MESSAGE][PASSED] - Text 'PO12 2HE' is present on page 

2020-02-05 09:15:56 - [MESSAGE][PASSED] - Call Test Case 'Test Cases/Reusable_Test_Sequences/CAT_Verification' successfully

2020-02-05 09:15:56 - [TEST_STEP][PASSED] - "--------------------------": null

2020-02-05 09:15:56 - [TEST_STEP][PASSED] - " Teardown - CLose Browser |": null

2020-02-05 09:15:56 - [TEST_STEP][PASSED] - callTestCase(findTestCase("Reusable_Test_Sequences/CAT_Teardown"), [:], OPTIONAL): Call Test Case 'Test Cases/Reusable_Test_Sequences/CAT_Teardown' successfully

2020-02-05 09:15:56 - [TEST_CASE][PASSED] - Test Cases/Reusable_Test_Sequences/CAT_Teardown: Test Cases/Reusable_Test_Sequences/CAT_Teardown

2020-02-05 09:15:56 - [TEST_STEP][PASSED] - closeBrowser(): Browser is closed

2020-02-05 09:15:57 - [MESSAGE][PASSED] - Browser is closed

2020-02-05 09:15:57 - [MESSAGE][PASSED] - Call Test Case 'Test Cases/Reusable_Test_Sequences/CAT_Teardown' successfully

2020-02-05 09:15:58 - [TEST_STEP][PASSED] - callTestCase(findTestCase("Reusable_Test_Sequences/CAT_Setup"), [:], OPTIONAL): Call Test Case 'Test Cases/Reusable_Test_Sequences/CAT_Setup' successfully

2020-02-05 09:15:58 - [TEST_CASE][PASSED] - Test Cases/Reusable_Test_Sequences/CAT_Setup: Test Cases/Reusable_Test_Sequences/CAT_Setup

2020-02-05 09:15:58 - [TEST_STEP][PASSED] - "------------------------------": null

2020-02-05 09:15:58 - [TEST_STEP][PASSED] - " Set Mobile Device Testing    |": null

2020-02-05 09:15:58 - [TEST_STEP][PASSED] - if (Mobile_Flag == "true"): null

2020-02-05 09:15:58 - [TEST_STEP][PASSED] - "------------------------------": null

2020-02-05 09:15:58 - [TEST_STEP][PASSED] - " Set Mobile Device Testing    |": null

2020-02-05 09:15:58 - [TEST_STEP][PASSED] - "------------------------------": null

2020-02-05 09:15:58 - [TEST_STEP][PASSED] - "URL - Set from the ENVIRONMENT PROFILE ": null

2020-02-05 09:15:58 - [TEST_STEP][PASSED] - openBrowser(URL): Browser is opened with url: 'https://www.preview.checkatrade.com/'

2020-02-05 09:15:58 - [MESSAGE][INFO] - Starting 'Chrome' driver

2020-02-05 09:16:06 - [MESSAGE][PASSED] - Browser is opened with url: 'https://www.preview.checkatrade.com/'

2020-02-05 09:16:06 - [TEST_STEP][PASSED] - maximizeWindow(): Current window maximized

2020-02-05 09:16:10 - [MESSAGE][PASSED] - Current window maximized

2020-02-05 09:16:10 - [TEST_STEP][PASSED] - waitForPageLoad(60): Wait for page load successfully

2020-02-05 09:16:10 - [MESSAGE][PASSED] - Wait for page load successfully

2020-02-05 09:16:10 - [TEST_STEP][PASSED] - "Previous Functionalilty Left Commented For Ease Of reversion": null

2020-02-05 09:16:10 - [TEST_STEP][PASSED] - try: Text 'Cookie Policy' is not present on page

2020-02-05 09:16:10 - [TEST_STEP][PASSED] - verifyElementPresent(findTestObject("Object Repository/Cookies/Page_Checkatrade Find a tradesperson you can trust/button_Accept All"), 5): Object 'Object Repository/Cookies/Page_Checkatrade Find a tradesperson you can trust/button_Accept All' is present

2020-02-05 09:16:11 - [MESSAGE][PASSED] - Object 'Object Repository/Cookies/Page_Checkatrade Find a tradesperson you can trust/button_Accept All' is present

2020-02-05 09:16:11 - [TEST_STEP][PASSED] - click(findTestObject("Object Repository/Cookies/Page_Checkatrade Find a tradesperson you can trust/button_Accept All")): Object: 'Object Repository/Cookies/Page_Checkatrade Find a tradesperson you can trust/button_Accept All' is clicked on

2020-02-05 09:16:11 - [MESSAGE][PASSED] - Object: 'Object Repository/Cookies/Page_Checkatrade Find a tradesperson you can trust/button_Accept All' is clicked on

2020-02-05 09:16:11 - [TEST_STEP][PASSED] - "---------------------------------": null

2020-02-05 09:16:11 - [TEST_STEP][PASSED] - "COOKIE POPOUT REMOVED - Confirmed": null

2020-02-05 09:16:11 - [TEST_STEP][PASSED] - delay(1): Delayed 1 second(s)

2020-02-05 09:16:12 - [MESSAGE][PASSED] - Delayed 1 second(s)

2020-02-05 09:16:12 - [TEST_STEP][PASSED] - verifyTextNotPresent("We use cookies to personalise content and ads, to provide social media features and to analyse our traffic", false): Text 'We use cookies to personalise content and ads, to provide social media features and to analyse our traffic' is not present on page

2020-02-05 09:16:12 - [MESSAGE][PASSED] - Text 'We use cookies to personalise content and ads, to provide social media features and to analyse our traffic' is not present on page

2020-02-05 09:16:12 - [TEST_STEP][PASSED] - verifyTextNotPresent(" We also share information about your use of our site with our social media, advertising and analytics partners", false): Text ' We also share information about your use of our site with our social media, advertising and analytics partners' is not present on page

2020-02-05 09:16:12 - [MESSAGE][PASSED] - Text ' We also share information about your use of our site with our social media, advertising and analytics partners' is not present on page

2020-02-05 09:16:12 - [TEST_STEP][PASSED] - verifyTextNotPresent("Cookie Policy", false): Text 'Cookie Policy' is not present on page

2020-02-05 09:16:13 - [MESSAGE][PASSED] - Text 'Cookie Policy' is not present on page

2020-02-05 09:16:13 - [TEST_STEP][PASSED] - waitForPageLoad(60): Wait for page load successfully

2020-02-05 09:16:13 - [MESSAGE][PASSED] - Wait for page load successfully

2020-02-05 09:16:13 - [TEST_STEP][PASSED] - "COOKIE - ORIGINAL": null

2020-02-05 09:16:13 - [TEST_STEP][PASSED] - if (waitForElementVisible(findTestObject("Object Repository/Feedback/Page_Checkatrade Give your feedback/input_Member_to_Review"), 5)): Web element with id: 'Object Repository/Feedback/Page_Checkatrade Give your feedback/input_Member_to_Review' located by 'By.xpath: //input[@id='feedback-form__company_autocomplete_input']' not found

2020-02-05 09:16:18 - [MESSAGE][INFO] - Unable to find the element located by 'By.xpath: //input[@id='feedback-form__company_autocomplete_input']'. Please recheck the objects properties to make sure the desired element is located. 

2020-02-05 09:16:18 - [MESSAGE][WARNING] - Web element with id: 'Object Repository/Feedback/Page_Checkatrade Give your feedback/input_Member_to_Review' located by 'By.xpath: //input[@id='feedback-form__company_autocomplete_input']' not found

2020-02-05 09:16:18 - [TEST_STEP][PASSED] - else: The <<<OLD>>> Website was detected by the STARTUP Process

2020-02-05 09:16:18 - [TEST_STEP][PASSED] - if (!(verifyElementVisible(findTestObject("Object Repository/Checkatrade_Trade_Search_Page/Page_Checkatrade Find a tradesperson you can trust/input_Search_Button_FF")))): Object 'Object Repository/Checkatrade_Trade_Search_Page/Page_Checkatrade Find a tradesperson you can trust/input_Search_Button_FF' is visible

2020-02-05 09:16:18 - [MESSAGE][PASSED] - Object 'Object Repository/Checkatrade_Trade_Search_Page/Page_Checkatrade Find a tradesperson you can trust/input_Search_Button_FF' is visible

2020-02-05 09:16:18 - [TEST_STEP][PASSED] - else: The <<<OLD>>> Website was detected by the STARTUP Process

2020-02-05 09:16:18 - [TEST_STEP][PASSED] - Website_Version = "old": null

2020-02-05 09:16:18 - [TEST_STEP][PASSED] - logInfo("The <<<OLD>>> Website was detected by the STARTUP Process"): The <<<OLD>>> Website was detected by the STARTUP Process

2020-02-05 09:16:18 - [MESSAGE][INFO] - The <<<OLD>>> Website was detected by the STARTUP Process

2020-02-05 09:16:18 - [MESSAGE][PASSED] - Call Test Case 'Test Cases/Reusable_Test_Sequences/CAT_Setup' successfully

2020-02-05 09:16:18 - [TEST_STEP][PASSED] - callTestCase(findTestCase("Reusable_Test_Sequences/CAT_Home"), [:], CONTINUE_ON_FAILURE): Call Test Case 'Test Cases/Reusable_Test_Sequences/CAT_Home' successfully

2020-02-05 09:16:18 - [TEST_CASE][PASSED] - Test Cases/Reusable_Test_Sequences/CAT_Home: Test Cases/Reusable_Test_Sequences/CAT_Home

2020-02-05 09:16:18 - [TEST_STEP][PASSED] - waitForPageLoad(60): Wait for page load successfully

2020-02-05 09:16:18 - [MESSAGE][PASSED] - Wait for page load successfully

2020-02-05 09:16:18 - [TEST_STEP][PASSED] - delay(2): Delayed 2 second(s)

2020-02-05 09:16:20 - [MESSAGE][PASSED] - Delayed 2 second(s)

2020-02-05 09:16:20 - [TEST_STEP][PASSED] - "------------------------------------": null

2020-02-05 09:16:20 - [TEST_STEP][PASSED] - if (Website_Version == "new"): null

2020-02-05 09:16:20 - [TEST_STEP][PASSED] - else: Text 'Over a million visits to Checkatrade each month' is present on page 

2020-02-05 09:16:20 - [TEST_STEP][PASSED] - verifyTextPresent("Helping you find the right trade or service", false): Text 'Helping you find the right trade or service' is present on page 

2020-02-05 09:16:21 - [MESSAGE][PASSED] - Text 'Helping you find the right trade or service' is present on page 

2020-02-05 09:16:21 - [TEST_STEP][PASSED] - verifyTextPresent("Search through over", false): Text 'Search through over' is present on page 

2020-02-05 09:16:21 - [MESSAGE][PASSED] - Text 'Search through over' is present on page 

2020-02-05 09:16:21 - [TEST_STEP][PASSED] - verifyTextPresent("recommended, vetted and monitored trades and service providers for free.", false): Text 'recommended, vetted and monitored trades and service providers for free.' is present on page 

2020-02-05 09:16:21 - [MESSAGE][PASSED] - Text 'recommended, vetted and monitored trades and service providers for free.' is present on page 

2020-02-05 09:16:21 - [TEST_STEP][PASSED] - verifyTextPresent("reviews published so far – thank you!", false): Text 'reviews published so far – thank you!' is present on page 

2020-02-05 09:16:21 - [MESSAGE][PASSED] - Text 'reviews published so far – thank you!' is present on page 

2020-02-05 09:16:21 - [TEST_STEP][PASSED] - verifyTextPresent("I need a trade or service", false): Text 'I need a trade or service' is present on page 

2020-02-05 09:16:21 - [MESSAGE][PASSED] - Text 'I need a trade or service' is present on page 

2020-02-05 09:16:21 - [TEST_STEP][PASSED] - verifyTextPresent("Every trader thoroughly checked and vetted", false): Text 'Every trader thoroughly checked and vetted' is present on page 

2020-02-05 09:16:22 - [MESSAGE][PASSED] - Text 'Every trader thoroughly checked and vetted' is present on page 

2020-02-05 09:16:22 - [TEST_STEP][PASSED] - "------------------------------------": null

2020-02-05 09:16:22 - [TEST_STEP][PASSED] - verifyTextPresent("reviews published so far – thank you!", false): Text 'reviews published so far – thank you!' is present on page 

2020-02-05 09:16:22 - [MESSAGE][PASSED] - Text 'reviews published so far – thank you!' is present on page 

2020-02-05 09:16:22 - [TEST_STEP][PASSED] - verifyTextPresent("Find out more", false): Text 'Find out more' is present on page 

2020-02-05 09:16:22 - [MESSAGE][PASSED] - Text 'Find out more' is present on page 

2020-02-05 09:16:22 - [TEST_STEP][PASSED] - verifyTextPresent("I am a tradesman", false): Text 'I am a tradesman' is present on page 

2020-02-05 09:16:23 - [MESSAGE][PASSED] - Text 'I am a tradesman' is present on page 

2020-02-05 09:16:23 - [TEST_STEP][PASSED] - verifyTextPresent("Find out more", false): Text 'Find out more' is present on page 

2020-02-05 09:16:23 - [MESSAGE][PASSED] - Text 'Find out more' is present on page 

2020-02-05 09:16:23 - [TEST_STEP][PASSED] - verifyTextPresent("Over a million visits to Checkatrade each month", false): Text 'Over a million visits to Checkatrade each month' is present on page 

2020-02-05 09:16:23 - [MESSAGE][PASSED] - Text 'Over a million visits to Checkatrade each month' is present on page 

2020-02-05 09:16:23 - [MESSAGE][PASSED] - Call Test Case 'Test Cases/Reusable_Test_Sequences/CAT_Home' successfully

2020-02-05 09:16:23 - [TEST_STEP][PASSED] - "---------------------------------------": null

2020-02-05 09:16:23 - [TEST_STEP][PASSED] - " Set and SEARCH TRADE CLASSIFICATION   |": null

2020-02-05 09:16:23 - [TEST_STEP][PASSED] - callTestCase(findTestCase("Reusable_Test_Sequences/CAT_Enter_Trade_Classification"), [:], CONTINUE_ON_FAILURE): Call Test Case 'Test Cases/Reusable_Test_Sequences/CAT_Enter_Trade_Classification' successfully

2020-02-05 09:16:23 - [TEST_CASE][PASSED] - Test Cases/Reusable_Test_Sequences/CAT_Enter_Trade_Classification: Test Cases/Reusable_Test_Sequences/CAT_Enter_Trade_Classification

2020-02-05 09:16:23 - [TEST_STEP][PASSED] - "---------------------------------": null

2020-02-05 09:16:23 - [TEST_STEP][PASSED] - "Set and SEARCH SELECTED TRADE": null

2020-02-05 09:16:23 - [TEST_STEP][PASSED] - if (Website_Version == "new"): null

2020-02-05 09:16:23 - [TEST_STEP][PASSED] - else: Text 'Electrician' is set on object 'Object Repository/Checkatrade_Trade_Search_Page/Page_Checkatrade Find a tradesperson you can trust/input_Search_Button_FF'

2020-02-05 09:16:23 - [TEST_STEP][PASSED] - click(findTestObject("Object Repository/Checkatrade_Trade_Search_Page/Page_Checkatrade Find a tradesperson you can trust/input_Search_Button_FF")): Object: 'Object Repository/Checkatrade_Trade_Search_Page/Page_Checkatrade Find a tradesperson you can trust/input_Search_Button_FF' is clicked on

2020-02-05 09:16:24 - [MESSAGE][PASSED] - Object: 'Object Repository/Checkatrade_Trade_Search_Page/Page_Checkatrade Find a tradesperson you can trust/input_Search_Button_FF' is clicked on

2020-02-05 09:16:24 - [TEST_STEP][PASSED] - setText(findTestObject("Object Repository/Checkatrade_Trade_Search_Page/Page_Checkatrade Find a tradesperson you can trust/input_Search_Button_FF"), findTestData("searchTestData").getValue("tradeClassification", row)): Text 'Electrician' is set on object 'Object Repository/Checkatrade_Trade_Search_Page/Page_Checkatrade Find a tradesperson you can trust/input_Search_Button_FF'

2020-02-05 09:16:24 - [MESSAGE][PASSED] - Text 'Electrician' is set on object 'Object Repository/Checkatrade_Trade_Search_Page/Page_Checkatrade Find a tradesperson you can trust/input_Search_Button_FF'

2020-02-05 09:16:24 - [MESSAGE][PASSED] - Call Test Case 'Test Cases/Reusable_Test_Sequences/CAT_Enter_Trade_Classification' successfully

2020-02-05 09:16:24 - [TEST_STEP][PASSED] - "---------------------------------------": null

2020-02-05 09:16:24 - [TEST_STEP][PASSED] - " Set and SEARCH TRADE LOCATION         |": null

2020-02-05 09:16:24 - [TEST_STEP][PASSED] - callTestCase(findTestCase("Reusable_Test_Sequences/CAT_Enter_Trade_Location"), [:], CONTINUE_ON_FAILURE): Call Test Case 'Test Cases/Reusable_Test_Sequences/CAT_Enter_Trade_Location' successfully

2020-02-05 09:16:24 - [TEST_CASE][PASSED] - Test Cases/Reusable_Test_Sequences/CAT_Enter_Trade_Location: Test Cases/Reusable_Test_Sequences/CAT_Enter_Trade_Location

2020-02-05 09:16:24 - [TEST_STEP][PASSED] - "---------------------------------": null

2020-02-05 09:16:24 - [TEST_STEP][PASSED] - "Set and SEARCH SELECTED LOCATION |": null

2020-02-05 09:16:24 - [TEST_STEP][PASSED] - if (Website_Version == "new"): null

2020-02-05 09:16:24 - [TEST_STEP][PASSED] - else: Text 'Orkney' is set on object 'Object Repository/Checkatrade_Trade_Search_Page/Page_Checkatrade Find a tradesperson you can trust/input_Not here_location'

2020-02-05 09:16:24 - [TEST_STEP][PASSED] - click(findTestObject("Object Repository/Checkatrade_Trade_Search_Page/Page_Checkatrade Find a tradesperson you can trust/input_Not here_location")): Object: 'Object Repository/Checkatrade_Trade_Search_Page/Page_Checkatrade Find a tradesperson you can trust/input_Not here_location' is clicked on

2020-02-05 09:16:24 - [MESSAGE][PASSED] - Object: 'Object Repository/Checkatrade_Trade_Search_Page/Page_Checkatrade Find a tradesperson you can trust/input_Not here_location' is clicked on

2020-02-05 09:16:24 - [TEST_STEP][PASSED] - setText(findTestObject("Object Repository/Checkatrade_Trade_Search_Page/Page_Checkatrade Find a tradesperson you can trust/input_Not here_location"), findTestData("searchTestData").getValue("tradeLocation", row)): Text 'Orkney' is set on object 'Object Repository/Checkatrade_Trade_Search_Page/Page_Checkatrade Find a tradesperson you can trust/input_Not here_location'

2020-02-05 09:16:25 - [MESSAGE][PASSED] - Text 'Orkney' is set on object 'Object Repository/Checkatrade_Trade_Search_Page/Page_Checkatrade Find a tradesperson you can trust/input_Not here_location'

2020-02-05 09:16:25 - [MESSAGE][PASSED] - Call Test Case 'Test Cases/Reusable_Test_Sequences/CAT_Enter_Trade_Location' successfully

2020-02-05 09:16:25 - [TEST_STEP][PASSED] - "---------------------------------------": null

2020-02-05 09:16:25 - [TEST_STEP][PASSED] - " Scroll Search Button into View        |": null

2020-02-05 09:16:25 - [TEST_STEP][PASSED] - "---------------------------------------": null

2020-02-05 09:16:25 - [TEST_STEP][PASSED] - "---------------------------------------": null

2020-02-05 09:16:25 - [TEST_STEP][PASSED] - " Hit Search Button                     |": null

2020-02-05 09:16:25 - [TEST_STEP][PASSED] - callTestCase(findTestCase("Reusable_Test_Sequences/CAT_Hit_Search_Button"), [:], CONTINUE_ON_FAILURE): Call Test Case 'Test Cases/Reusable_Test_Sequences/CAT_Hit_Search_Button' successfully

2020-02-05 09:16:25 - [TEST_CASE][PASSED] - Test Cases/Reusable_Test_Sequences/CAT_Hit_Search_Button: Test Cases/Reusable_Test_Sequences/CAT_Hit_Search_Button

2020-02-05 09:16:25 - [TEST_STEP][PASSED] - "---------------------------------": null

2020-02-05 09:16:25 - [TEST_STEP][PASSED] - "HIT SEARCH": null

2020-02-05 09:16:25 - [TEST_STEP][PASSED] - "---------------------------------": null

2020-02-05 09:16:25 - [TEST_STEP][PASSED] - if (Website_Version == "new"): null

2020-02-05 09:16:25 - [TEST_STEP][PASSED] - else: Object: 'Object Repository/Checkatrade_Trade_Search_Page/Page_Checkatrade Find a tradesperson you can trust/Page_Checkatrade Find a tradesperson you can trust/a_Search' is clicked on

2020-02-05 09:16:25 - [TEST_STEP][PASSED] - waitForElementClickable(findTestObject("Object Repository/Checkatrade_Trade_Search_Page/Page_Checkatrade Find a tradesperson you can trust/Page_Checkatrade Find a tradesperson you can trust/a_Search"), 25): Object 'Object Repository/Checkatrade_Trade_Search_Page/Page_Checkatrade Find a tradesperson you can trust/Page_Checkatrade Find a tradesperson you can trust/a_Search' is clickable

2020-02-05 09:16:25 - [MESSAGE][PASSED] - Object 'Object Repository/Checkatrade_Trade_Search_Page/Page_Checkatrade Find a tradesperson you can trust/Page_Checkatrade Find a tradesperson you can trust/a_Search' is clickable

2020-02-05 09:16:25 - [TEST_STEP][PASSED] - click(findTestObject("Object Repository/Checkatrade_Trade_Search_Page/Page_Checkatrade Find a tradesperson you can trust/Page_Checkatrade Find a tradesperson you can trust/a_Search")): Object: 'Object Repository/Checkatrade_Trade_Search_Page/Page_Checkatrade Find a tradesperson you can trust/Page_Checkatrade Find a tradesperson you can trust/a_Search' is clicked on

2020-02-05 09:16:30 - [MESSAGE][PASSED] - Object: 'Object Repository/Checkatrade_Trade_Search_Page/Page_Checkatrade Find a tradesperson you can trust/Page_Checkatrade Find a tradesperson you can trust/a_Search' is clicked on

2020-02-05 09:16:30 - [MESSAGE][PASSED] - Call Test Case 'Test Cases/Reusable_Test_Sequences/CAT_Hit_Search_Button' successfully

2020-02-05 09:16:30 - [TEST_STEP][PASSED] - "---------------------------------------": null

2020-02-05 09:16:30 - [TEST_STEP][PASSED] - " Verify Returned Page is as Expected   |": null

2020-02-05 09:16:30 - [TEST_STEP][PASSED] - callTestCase(findTestCase("Reusable_Test_Sequences/CAT_Verification"), [:], CONTINUE_ON_FAILURE): Call Test Case 'Test Cases/Reusable_Test_Sequences/CAT_Verification' successfully

2020-02-05 09:16:30 - [TEST_CASE][PASSED] - Test Cases/Reusable_Test_Sequences/CAT_Verification: Test Cases/Reusable_Test_Sequences/CAT_Verification

2020-02-05 09:16:30 - [TEST_STEP][PASSED] - "Updated 05/12/2019 due to wholesale Home page changes": null

2020-02-05 09:16:30 - [TEST_STEP][PASSED] - "Expected cantantenated text is Returned": null

2020-02-05 09:16:30 - [TEST_STEP][PASSED] - delay(1): Delayed 1 second(s)

2020-02-05 09:16:32 - [MESSAGE][PASSED] - Delayed 1 second(s)

2020-02-05 09:16:32 - [TEST_STEP][PASSED] - waitForPageLoad(60): Wait for page load successfully

2020-02-05 09:16:32 - [MESSAGE][PASSED] - Wait for page load successfully

2020-02-05 09:16:32 - [TEST_STEP][PASSED] - verifyTextPresent(findTestData("searchTestData").getValue("tradeClassification", row), false): Text 'Electrician' is present on page 

2020-02-05 09:16:33 - [MESSAGE][PASSED] - Text 'Electrician' is present on page 

2020-02-05 09:16:33 - [TEST_STEP][PASSED] - verifyTextPresent(findTestData("searchTestData").getValue("tradeLocation", row), false): Text 'Orkney' is present on page 

2020-02-05 09:16:34 - [MESSAGE][PASSED] - Text 'Orkney' is present on page 

2020-02-05 09:16:34 - [MESSAGE][PASSED] - Call Test Case 'Test Cases/Reusable_Test_Sequences/CAT_Verification' successfully

2020-02-05 09:16:34 - [TEST_STEP][PASSED] - "--------------------------": null

2020-02-05 09:16:34 - [TEST_STEP][PASSED] - " Teardown - CLose Browser |": null

2020-02-05 09:16:34 - [TEST_STEP][PASSED] - callTestCase(findTestCase("Reusable_Test_Sequences/CAT_Teardown"), [:], OPTIONAL): Call Test Case 'Test Cases/Reusable_Test_Sequences/CAT_Teardown' successfully

2020-02-05 09:16:34 - [TEST_CASE][PASSED] - Test Cases/Reusable_Test_Sequences/CAT_Teardown: Test Cases/Reusable_Test_Sequences/CAT_Teardown

2020-02-05 09:16:34 - [TEST_STEP][PASSED] - closeBrowser(): Browser is closed

2020-02-05 09:16:35 - [MESSAGE][PASSED] - Browser is closed

2020-02-05 09:16:35 - [MESSAGE][PASSED] - Call Test Case 'Test Cases/Reusable_Test_Sequences/CAT_Teardown' successfully

2020-02-05 09:16:35 - [TEST_STEP][PASSED] - callTestCase(findTestCase("Reusable_Test_Sequences/CAT_Setup"), [:], OPTIONAL): Call Test Case 'Test Cases/Reusable_Test_Sequences/CAT_Setup' successfully

2020-02-05 09:16:36 - [TEST_CASE][PASSED] - Test Cases/Reusable_Test_Sequences/CAT_Setup: Test Cases/Reusable_Test_Sequences/CAT_Setup

2020-02-05 09:16:36 - [TEST_STEP][PASSED] - "------------------------------": null

2020-02-05 09:16:36 - [TEST_STEP][PASSED] - " Set Mobile Device Testing    |": null

2020-02-05 09:16:36 - [TEST_STEP][PASSED] - if (Mobile_Flag == "true"): null

2020-02-05 09:16:36 - [TEST_STEP][PASSED] - "------------------------------": null

2020-02-05 09:16:36 - [TEST_STEP][PASSED] - " Set Mobile Device Testing    |": null

2020-02-05 09:16:36 - [TEST_STEP][PASSED] - "------------------------------": null

2020-02-05 09:16:36 - [TEST_STEP][PASSED] - "URL - Set from the ENVIRONMENT PROFILE ": null

2020-02-05 09:16:36 - [TEST_STEP][PASSED] - openBrowser(URL): Browser is opened with url: 'https://www.preview.checkatrade.com/'

2020-02-05 09:16:36 - [MESSAGE][INFO] - Starting 'Chrome' driver

2020-02-05 09:16:44 - [MESSAGE][PASSED] - Browser is opened with url: 'https://www.preview.checkatrade.com/'

2020-02-05 09:16:44 - [TEST_STEP][PASSED] - maximizeWindow(): Current window maximized

2020-02-05 09:16:48 - [MESSAGE][PASSED] - Current window maximized

2020-02-05 09:16:48 - [TEST_STEP][PASSED] - waitForPageLoad(60): Wait for page load successfully

2020-02-05 09:16:48 - [MESSAGE][PASSED] - Wait for page load successfully

2020-02-05 09:16:48 - [TEST_STEP][PASSED] - "Previous Functionalilty Left Commented For Ease Of reversion": null

2020-02-05 09:16:48 - [TEST_STEP][PASSED] - try: Text 'Cookie Policy' is not present on page

2020-02-05 09:16:48 - [TEST_STEP][PASSED] - verifyElementPresent(findTestObject("Object Repository/Cookies/Page_Checkatrade Find a tradesperson you can trust/button_Accept All"), 5): Object 'Object Repository/Cookies/Page_Checkatrade Find a tradesperson you can trust/button_Accept All' is present

2020-02-05 09:16:49 - [MESSAGE][PASSED] - Object 'Object Repository/Cookies/Page_Checkatrade Find a tradesperson you can trust/button_Accept All' is present

2020-02-05 09:16:49 - [TEST_STEP][PASSED] - click(findTestObject("Object Repository/Cookies/Page_Checkatrade Find a tradesperson you can trust/button_Accept All")): Object: 'Object Repository/Cookies/Page_Checkatrade Find a tradesperson you can trust/button_Accept All' is clicked on

2020-02-05 09:16:49 - [MESSAGE][PASSED] - Object: 'Object Repository/Cookies/Page_Checkatrade Find a tradesperson you can trust/button_Accept All' is clicked on

2020-02-05 09:16:49 - [TEST_STEP][PASSED] - "---------------------------------": null

2020-02-05 09:16:49 - [TEST_STEP][PASSED] - "COOKIE POPOUT REMOVED - Confirmed": null

2020-02-05 09:16:49 - [TEST_STEP][PASSED] - delay(1): Delayed 1 second(s)

2020-02-05 09:16:50 - [MESSAGE][PASSED] - Delayed 1 second(s)

2020-02-05 09:16:50 - [TEST_STEP][PASSED] - verifyTextNotPresent("We use cookies to personalise content and ads, to provide social media features and to analyse our traffic", false): Text 'We use cookies to personalise content and ads, to provide social media features and to analyse our traffic' is not present on page

2020-02-05 09:16:50 - [MESSAGE][PASSED] - Text 'We use cookies to personalise content and ads, to provide social media features and to analyse our traffic' is not present on page

2020-02-05 09:16:50 - [TEST_STEP][PASSED] - verifyTextNotPresent(" We also share information about your use of our site with our social media, advertising and analytics partners", false): Text ' We also share information about your use of our site with our social media, advertising and analytics partners' is not present on page

2020-02-05 09:16:50 - [MESSAGE][PASSED] - Text ' We also share information about your use of our site with our social media, advertising and analytics partners' is not present on page

2020-02-05 09:16:50 - [TEST_STEP][PASSED] - verifyTextNotPresent("Cookie Policy", false): Text 'Cookie Policy' is not present on page

2020-02-05 09:16:50 - [MESSAGE][PASSED] - Text 'Cookie Policy' is not present on page

2020-02-05 09:16:50 - [TEST_STEP][PASSED] - waitForPageLoad(60): Wait for page load successfully

2020-02-05 09:16:50 - [MESSAGE][PASSED] - Wait for page load successfully

2020-02-05 09:16:50 - [TEST_STEP][PASSED] - "COOKIE - ORIGINAL": null

2020-02-05 09:16:50 - [TEST_STEP][PASSED] - if (waitForElementVisible(findTestObject("Object Repository/Feedback/Page_Checkatrade Give your feedback/input_Member_to_Review"), 5)): Web element with id: 'Object Repository/Feedback/Page_Checkatrade Give your feedback/input_Member_to_Review' located by 'By.xpath: //input[@id='feedback-form__company_autocomplete_input']' not found

2020-02-05 09:16:57 - [MESSAGE][INFO] - Unable to find the element located by 'By.xpath: //input[@id='feedback-form__company_autocomplete_input']'. Please recheck the objects properties to make sure the desired element is located. 

2020-02-05 09:16:57 - [MESSAGE][WARNING] - Web element with id: 'Object Repository/Feedback/Page_Checkatrade Give your feedback/input_Member_to_Review' located by 'By.xpath: //input[@id='feedback-form__company_autocomplete_input']' not found

2020-02-05 09:16:57 - [TEST_STEP][PASSED] - else: The <<<OLD>>> Website was detected by the STARTUP Process

2020-02-05 09:16:57 - [TEST_STEP][PASSED] - if (!(verifyElementVisible(findTestObject("Object Repository/Checkatrade_Trade_Search_Page/Page_Checkatrade Find a tradesperson you can trust/input_Search_Button_FF")))): Object 'Object Repository/Checkatrade_Trade_Search_Page/Page_Checkatrade Find a tradesperson you can trust/input_Search_Button_FF' is visible

2020-02-05 09:16:57 - [MESSAGE][PASSED] - Object 'Object Repository/Checkatrade_Trade_Search_Page/Page_Checkatrade Find a tradesperson you can trust/input_Search_Button_FF' is visible

2020-02-05 09:16:57 - [TEST_STEP][PASSED] - else: The <<<OLD>>> Website was detected by the STARTUP Process

2020-02-05 09:16:57 - [TEST_STEP][PASSED] - Website_Version = "old": null

2020-02-05 09:16:57 - [TEST_STEP][PASSED] - logInfo("The <<<OLD>>> Website was detected by the STARTUP Process"): The <<<OLD>>> Website was detected by the STARTUP Process

2020-02-05 09:16:57 - [MESSAGE][INFO] - The <<<OLD>>> Website was detected by the STARTUP Process

2020-02-05 09:16:57 - [MESSAGE][PASSED] - Call Test Case 'Test Cases/Reusable_Test_Sequences/CAT_Setup' successfully

2020-02-05 09:16:57 - [TEST_STEP][PASSED] - callTestCase(findTestCase("Reusable_Test_Sequences/CAT_Home"), [:], CONTINUE_ON_FAILURE): Call Test Case 'Test Cases/Reusable_Test_Sequences/CAT_Home' successfully

2020-02-05 09:16:57 - [TEST_CASE][PASSED] - Test Cases/Reusable_Test_Sequences/CAT_Home: Test Cases/Reusable_Test_Sequences/CAT_Home

2020-02-05 09:16:57 - [TEST_STEP][PASSED] - waitForPageLoad(60): Wait for page load successfully

2020-02-05 09:16:57 - [MESSAGE][PASSED] - Wait for page load successfully

2020-02-05 09:16:57 - [TEST_STEP][PASSED] - delay(2): Delayed 2 second(s)

2020-02-05 09:16:59 - [MESSAGE][PASSED] - Delayed 2 second(s)

2020-02-05 09:16:59 - [TEST_STEP][PASSED] - "------------------------------------": null

2020-02-05 09:16:59 - [TEST_STEP][PASSED] - if (Website_Version == "new"): null

2020-02-05 09:16:59 - [TEST_STEP][PASSED] - else: Text 'Over a million visits to Checkatrade each month' is present on page 

2020-02-05 09:16:59 - [TEST_STEP][PASSED] - verifyTextPresent("Helping you find the right trade or service", false): Text 'Helping you find the right trade or service' is present on page 

2020-02-05 09:16:59 - [MESSAGE][PASSED] - Text 'Helping you find the right trade or service' is present on page 

2020-02-05 09:16:59 - [TEST_STEP][PASSED] - verifyTextPresent("Search through over", false): Text 'Search through over' is present on page 

2020-02-05 09:16:59 - [MESSAGE][PASSED] - Text 'Search through over' is present on page 

2020-02-05 09:16:59 - [TEST_STEP][PASSED] - verifyTextPresent("recommended, vetted and monitored trades and service providers for free.", false): Text 'recommended, vetted and monitored trades and service providers for free.' is present on page 

2020-02-05 09:17:00 - [MESSAGE][PASSED] - Text 'recommended, vetted and monitored trades and service providers for free.' is present on page 

2020-02-05 09:17:00 - [TEST_STEP][PASSED] - verifyTextPresent("reviews published so far – thank you!", false): Text 'reviews published so far – thank you!' is present on page 

2020-02-05 09:17:00 - [MESSAGE][PASSED] - Text 'reviews published so far – thank you!' is present on page 

2020-02-05 09:17:00 - [TEST_STEP][PASSED] - verifyTextPresent("I need a trade or service", false): Text 'I need a trade or service' is present on page 

2020-02-05 09:17:00 - [MESSAGE][PASSED] - Text 'I need a trade or service' is present on page 

2020-02-05 09:17:00 - [TEST_STEP][PASSED] - verifyTextPresent("Every trader thoroughly checked and vetted", false): Text 'Every trader thoroughly checked and vetted' is present on page 

2020-02-05 09:17:01 - [MESSAGE][PASSED] - Text 'Every trader thoroughly checked and vetted' is present on page 

2020-02-05 09:17:01 - [TEST_STEP][PASSED] - "------------------------------------": null

2020-02-05 09:17:01 - [TEST_STEP][PASSED] - verifyTextPresent("reviews published so far – thank you!", false): Text 'reviews published so far – thank you!' is present on page 

2020-02-05 09:17:01 - [MESSAGE][PASSED] - Text 'reviews published so far – thank you!' is present on page 

2020-02-05 09:17:01 - [TEST_STEP][PASSED] - verifyTextPresent("Find out more", false): Text 'Find out more' is present on page 

2020-02-05 09:17:01 - [MESSAGE][PASSED] - Text 'Find out more' is present on page 

2020-02-05 09:17:01 - [TEST_STEP][PASSED] - verifyTextPresent("I am a tradesman", false): Text 'I am a tradesman' is present on page 

2020-02-05 09:17:01 - [MESSAGE][PASSED] - Text 'I am a tradesman' is present on page 

2020-02-05 09:17:01 - [TEST_STEP][PASSED] - verifyTextPresent("Find out more", false): Text 'Find out more' is present on page 

2020-02-05 09:17:01 - [MESSAGE][PASSED] - Text 'Find out more' is present on page 

2020-02-05 09:17:01 - [TEST_STEP][PASSED] - verifyTextPresent("Over a million visits to Checkatrade each month", false): Text 'Over a million visits to Checkatrade each month' is present on page 

2020-02-05 09:17:02 - [MESSAGE][PASSED] - Text 'Over a million visits to Checkatrade each month' is present on page 

2020-02-05 09:17:02 - [MESSAGE][PASSED] - Call Test Case 'Test Cases/Reusable_Test_Sequences/CAT_Home' successfully

2020-02-05 09:17:02 - [TEST_STEP][PASSED] - "---------------------------------------": null

2020-02-05 09:17:02 - [TEST_STEP][PASSED] - " Set and SEARCH TRADE CLASSIFICATION   |": null

2020-02-05 09:17:02 - [TEST_STEP][PASSED] - callTestCase(findTestCase("Reusable_Test_Sequences/CAT_Enter_Trade_Classification"), [:], CONTINUE_ON_FAILURE): Call Test Case 'Test Cases/Reusable_Test_Sequences/CAT_Enter_Trade_Classification' successfully

2020-02-05 09:17:02 - [TEST_CASE][PASSED] - Test Cases/Reusable_Test_Sequences/CAT_Enter_Trade_Classification: Test Cases/Reusable_Test_Sequences/CAT_Enter_Trade_Classification

2020-02-05 09:17:02 - [TEST_STEP][PASSED] - "---------------------------------": null

2020-02-05 09:17:02 - [TEST_STEP][PASSED] - "Set and SEARCH SELECTED TRADE": null

2020-02-05 09:17:02 - [TEST_STEP][PASSED] - if (Website_Version == "new"): null

2020-02-05 09:17:02 - [TEST_STEP][PASSED] - else: Text 'Diagnostic Testing' is set on object 'Object Repository/Checkatrade_Trade_Search_Page/Page_Checkatrade Find a tradesperson you can trust/input_Search_Button_FF'

2020-02-05 09:17:02 - [TEST_STEP][PASSED] - click(findTestObject("Object Repository/Checkatrade_Trade_Search_Page/Page_Checkatrade Find a tradesperson you can trust/input_Search_Button_FF")): Object: 'Object Repository/Checkatrade_Trade_Search_Page/Page_Checkatrade Find a tradesperson you can trust/input_Search_Button_FF' is clicked on

2020-02-05 09:17:02 - [MESSAGE][PASSED] - Object: 'Object Repository/Checkatrade_Trade_Search_Page/Page_Checkatrade Find a tradesperson you can trust/input_Search_Button_FF' is clicked on

2020-02-05 09:17:02 - [TEST_STEP][PASSED] - setText(findTestObject("Object Repository/Checkatrade_Trade_Search_Page/Page_Checkatrade Find a tradesperson you can trust/input_Search_Button_FF"), findTestData("searchTestData").getValue("tradeClassification", row)): Text 'Diagnostic Testing' is set on object 'Object Repository/Checkatrade_Trade_Search_Page/Page_Checkatrade Find a tradesperson you can trust/input_Search_Button_FF'

2020-02-05 09:17:03 - [MESSAGE][PASSED] - Text 'Diagnostic Testing' is set on object 'Object Repository/Checkatrade_Trade_Search_Page/Page_Checkatrade Find a tradesperson you can trust/input_Search_Button_FF'

2020-02-05 09:17:03 - [MESSAGE][PASSED] - Call Test Case 'Test Cases/Reusable_Test_Sequences/CAT_Enter_Trade_Classification' successfully

2020-02-05 09:17:03 - [TEST_STEP][PASSED] - "---------------------------------------": null

2020-02-05 09:17:03 - [TEST_STEP][PASSED] - " Set and SEARCH TRADE LOCATION         |": null

2020-02-05 09:17:03 - [TEST_STEP][PASSED] - callTestCase(findTestCase("Reusable_Test_Sequences/CAT_Enter_Trade_Location"), [:], CONTINUE_ON_FAILURE): Call Test Case 'Test Cases/Reusable_Test_Sequences/CAT_Enter_Trade_Location' successfully

2020-02-05 09:17:03 - [TEST_CASE][PASSED] - Test Cases/Reusable_Test_Sequences/CAT_Enter_Trade_Location: Test Cases/Reusable_Test_Sequences/CAT_Enter_Trade_Location

2020-02-05 09:17:03 - [TEST_STEP][PASSED] - "---------------------------------": null

2020-02-05 09:17:03 - [TEST_STEP][PASSED] - "Set and SEARCH SELECTED LOCATION |": null

2020-02-05 09:17:03 - [TEST_STEP][PASSED] - if (Website_Version == "new"): null

2020-02-05 09:17:03 - [TEST_STEP][PASSED] - else: Text 'Angmering' is set on object 'Object Repository/Checkatrade_Trade_Search_Page/Page_Checkatrade Find a tradesperson you can trust/input_Not here_location'

2020-02-05 09:17:03 - [TEST_STEP][PASSED] - click(findTestObject("Object Repository/Checkatrade_Trade_Search_Page/Page_Checkatrade Find a tradesperson you can trust/input_Not here_location")): Object: 'Object Repository/Checkatrade_Trade_Search_Page/Page_Checkatrade Find a tradesperson you can trust/input_Not here_location' is clicked on

2020-02-05 09:17:04 - [MESSAGE][PASSED] - Object: 'Object Repository/Checkatrade_Trade_Search_Page/Page_Checkatrade Find a tradesperson you can trust/input_Not here_location' is clicked on

2020-02-05 09:17:04 - [TEST_STEP][PASSED] - setText(findTestObject("Object Repository/Checkatrade_Trade_Search_Page/Page_Checkatrade Find a tradesperson you can trust/input_Not here_location"), findTestData("searchTestData").getValue("tradeLocation", row)): Text 'Angmering' is set on object 'Object Repository/Checkatrade_Trade_Search_Page/Page_Checkatrade Find a tradesperson you can trust/input_Not here_location'

2020-02-05 09:17:04 - [MESSAGE][PASSED] - Text 'Angmering' is set on object 'Object Repository/Checkatrade_Trade_Search_Page/Page_Checkatrade Find a tradesperson you can trust/input_Not here_location'

2020-02-05 09:17:04 - [MESSAGE][PASSED] - Call Test Case 'Test Cases/Reusable_Test_Sequences/CAT_Enter_Trade_Location' successfully

2020-02-05 09:17:04 - [TEST_STEP][PASSED] - "---------------------------------------": null

2020-02-05 09:17:04 - [TEST_STEP][PASSED] - " Scroll Search Button into View        |": null

2020-02-05 09:17:04 - [TEST_STEP][PASSED] - "---------------------------------------": null

2020-02-05 09:17:04 - [TEST_STEP][PASSED] - "---------------------------------------": null

2020-02-05 09:17:04 - [TEST_STEP][PASSED] - " Hit Search Button                     |": null

2020-02-05 09:17:04 - [TEST_STEP][PASSED] - callTestCase(findTestCase("Reusable_Test_Sequences/CAT_Hit_Search_Button"), [:], CONTINUE_ON_FAILURE): Call Test Case 'Test Cases/Reusable_Test_Sequences/CAT_Hit_Search_Button' successfully

2020-02-05 09:17:04 - [TEST_CASE][PASSED] - Test Cases/Reusable_Test_Sequences/CAT_Hit_Search_Button: Test Cases/Reusable_Test_Sequences/CAT_Hit_Search_Button

2020-02-05 09:17:04 - [TEST_STEP][PASSED] - "---------------------------------": null

2020-02-05 09:17:04 - [TEST_STEP][PASSED] - "HIT SEARCH": null

2020-02-05 09:17:04 - [TEST_STEP][PASSED] - "---------------------------------": null

2020-02-05 09:17:04 - [TEST_STEP][PASSED] - if (Website_Version == "new"): null

2020-02-05 09:17:04 - [TEST_STEP][PASSED] - else: Object: 'Object Repository/Checkatrade_Trade_Search_Page/Page_Checkatrade Find a tradesperson you can trust/Page_Checkatrade Find a tradesperson you can trust/a_Search' is clicked on

2020-02-05 09:17:04 - [TEST_STEP][PASSED] - waitForElementClickable(findTestObject("Object Repository/Checkatrade_Trade_Search_Page/Page_Checkatrade Find a tradesperson you can trust/Page_Checkatrade Find a tradesperson you can trust/a_Search"), 25): Object 'Object Repository/Checkatrade_Trade_Search_Page/Page_Checkatrade Find a tradesperson you can trust/Page_Checkatrade Find a tradesperson you can trust/a_Search' is clickable

2020-02-05 09:17:05 - [MESSAGE][PASSED] - Object 'Object Repository/Checkatrade_Trade_Search_Page/Page_Checkatrade Find a tradesperson you can trust/Page_Checkatrade Find a tradesperson you can trust/a_Search' is clickable

2020-02-05 09:17:05 - [TEST_STEP][PASSED] - click(findTestObject("Object Repository/Checkatrade_Trade_Search_Page/Page_Checkatrade Find a tradesperson you can trust/Page_Checkatrade Find a tradesperson you can trust/a_Search")): Object: 'Object Repository/Checkatrade_Trade_Search_Page/Page_Checkatrade Find a tradesperson you can trust/Page_Checkatrade Find a tradesperson you can trust/a_Search' is clicked on

2020-02-05 09:17:08 - [MESSAGE][PASSED] - Object: 'Object Repository/Checkatrade_Trade_Search_Page/Page_Checkatrade Find a tradesperson you can trust/Page_Checkatrade Find a tradesperson you can trust/a_Search' is clicked on

2020-02-05 09:17:08 - [MESSAGE][PASSED] - Call Test Case 'Test Cases/Reusable_Test_Sequences/CAT_Hit_Search_Button' successfully

2020-02-05 09:17:08 - [TEST_STEP][PASSED] - "---------------------------------------": null

2020-02-05 09:17:08 - [TEST_STEP][PASSED] - " Verify Returned Page is as Expected   |": null

2020-02-05 09:17:08 - [TEST_STEP][PASSED] - callTestCase(findTestCase("Reusable_Test_Sequences/CAT_Verification"), [:], CONTINUE_ON_FAILURE): Call Test Case 'Test Cases/Reusable_Test_Sequences/CAT_Verification' successfully

2020-02-05 09:17:08 - [TEST_CASE][PASSED] - Test Cases/Reusable_Test_Sequences/CAT_Verification: Test Cases/Reusable_Test_Sequences/CAT_Verification

2020-02-05 09:17:08 - [TEST_STEP][PASSED] - "Updated 05/12/2019 due to wholesale Home page changes": null

2020-02-05 09:17:08 - [TEST_STEP][PASSED] - "Expected cantantenated text is Returned": null

2020-02-05 09:17:08 - [TEST_STEP][PASSED] - delay(1): Delayed 1 second(s)

2020-02-05 09:17:09 - [MESSAGE][PASSED] - Delayed 1 second(s)

2020-02-05 09:17:09 - [TEST_STEP][PASSED] - waitForPageLoad(60): Wait for page load successfully

2020-02-05 09:17:09 - [MESSAGE][PASSED] - Wait for page load successfully

2020-02-05 09:17:09 - [TEST_STEP][PASSED] - verifyTextPresent(findTestData("searchTestData").getValue("tradeClassification", row), false): Text 'Diagnostic Testing' is present on page 

2020-02-05 09:17:10 - [MESSAGE][PASSED] - Text 'Diagnostic Testing' is present on page 

2020-02-05 09:17:10 - [TEST_STEP][PASSED] - verifyTextPresent(findTestData("searchTestData").getValue("tradeLocation", row), false): Text 'Angmering' is present on page 

2020-02-05 09:17:11 - [MESSAGE][PASSED] - Text 'Angmering' is present on page 

2020-02-05 09:17:11 - [MESSAGE][PASSED] - Call Test Case 'Test Cases/Reusable_Test_Sequences/CAT_Verification' successfully

2020-02-05 09:17:11 - [TEST_STEP][PASSED] - "--------------------------": null

2020-02-05 09:17:11 - [TEST_STEP][PASSED] - " Teardown - CLose Browser |": null

2020-02-05 09:17:11 - [TEST_STEP][PASSED] - callTestCase(findTestCase("Reusable_Test_Sequences/CAT_Teardown"), [:], OPTIONAL): Call Test Case 'Test Cases/Reusable_Test_Sequences/CAT_Teardown' successfully

2020-02-05 09:17:11 - [TEST_CASE][PASSED] - Test Cases/Reusable_Test_Sequences/CAT_Teardown: Test Cases/Reusable_Test_Sequences/CAT_Teardown

2020-02-05 09:17:11 - [TEST_STEP][PASSED] - closeBrowser(): Browser is closed

2020-02-05 09:17:14 - [MESSAGE][PASSED] - Browser is closed

2020-02-05 09:17:14 - [MESSAGE][PASSED] - Call Test Case 'Test Cases/Reusable_Test_Sequences/CAT_Teardown' successfully

2020-02-05 09:17:14 - [TEST_STEP][PASSED] - callTestCase(findTestCase("Reusable_Test_Sequences/CAT_Setup"), [:], OPTIONAL): Call Test Case 'Test Cases/Reusable_Test_Sequences/CAT_Setup' successfully

2020-02-05 09:17:14 - [TEST_CASE][PASSED] - Test Cases/Reusable_Test_Sequences/CAT_Setup: Test Cases/Reusable_Test_Sequences/CAT_Setup

2020-02-05 09:17:14 - [TEST_STEP][PASSED] - "------------------------------": null

2020-02-05 09:17:14 - [TEST_STEP][PASSED] - " Set Mobile Device Testing    |": null

2020-02-05 09:17:14 - [TEST_STEP][PASSED] - if (Mobile_Flag == "true"): null

2020-02-05 09:17:14 - [TEST_STEP][PASSED] - "------------------------------": null

2020-02-05 09:17:14 - [TEST_STEP][PASSED] - " Set Mobile Device Testing    |": null

2020-02-05 09:17:14 - [TEST_STEP][PASSED] - "------------------------------": null

2020-02-05 09:17:14 - [TEST_STEP][PASSED] - "URL - Set from the ENVIRONMENT PROFILE ": null

2020-02-05 09:17:14 - [TEST_STEP][PASSED] - openBrowser(URL): Browser is opened with url: 'https://www.preview.checkatrade.com/'

2020-02-05 09:17:14 - [MESSAGE][INFO] - Starting 'Chrome' driver

2020-02-05 09:17:22 - [MESSAGE][PASSED] - Browser is opened with url: 'https://www.preview.checkatrade.com/'

2020-02-05 09:17:22 - [TEST_STEP][PASSED] - maximizeWindow(): Current window maximized

2020-02-05 09:17:35 - [MESSAGE][PASSED] - Current window maximized

2020-02-05 09:17:35 - [TEST_STEP][PASSED] - waitForPageLoad(60): Wait for page load successfully

2020-02-05 09:17:35 - [MESSAGE][PASSED] - Wait for page load successfully

2020-02-05 09:17:35 - [TEST_STEP][PASSED] - "Previous Functionalilty Left Commented For Ease Of reversion": null

2020-02-05 09:17:35 - [TEST_STEP][PASSED] - try: Text 'Cookie Policy' is not present on page

2020-02-05 09:17:35 - [TEST_STEP][PASSED] - verifyElementPresent(findTestObject("Object Repository/Cookies/Page_Checkatrade Find a tradesperson you can trust/button_Accept All"), 5): Object 'Object Repository/Cookies/Page_Checkatrade Find a tradesperson you can trust/button_Accept All' is present

2020-02-05 09:17:35 - [MESSAGE][PASSED] - Object 'Object Repository/Cookies/Page_Checkatrade Find a tradesperson you can trust/button_Accept All' is present

2020-02-05 09:17:35 - [TEST_STEP][PASSED] - click(findTestObject("Object Repository/Cookies/Page_Checkatrade Find a tradesperson you can trust/button_Accept All")): Object: 'Object Repository/Cookies/Page_Checkatrade Find a tradesperson you can trust/button_Accept All' is clicked on

2020-02-05 09:17:35 - [MESSAGE][PASSED] - Object: 'Object Repository/Cookies/Page_Checkatrade Find a tradesperson you can trust/button_Accept All' is clicked on

2020-02-05 09:17:35 - [TEST_STEP][PASSED] - "---------------------------------": null

2020-02-05 09:17:35 - [TEST_STEP][PASSED] - "COOKIE POPOUT REMOVED - Confirmed": null

2020-02-05 09:17:35 - [TEST_STEP][PASSED] - delay(1): Delayed 1 second(s)

2020-02-05 09:17:36 - [MESSAGE][PASSED] - Delayed 1 second(s)

2020-02-05 09:17:36 - [TEST_STEP][PASSED] - verifyTextNotPresent("We use cookies to personalise content and ads, to provide social media features and to analyse our traffic", false): Text 'We use cookies to personalise content and ads, to provide social media features and to analyse our traffic' is not present on page

2020-02-05 09:17:37 - [MESSAGE][PASSED] - Text 'We use cookies to personalise content and ads, to provide social media features and to analyse our traffic' is not present on page

2020-02-05 09:17:37 - [TEST_STEP][PASSED] - verifyTextNotPresent(" We also share information about your use of our site with our social media, advertising and analytics partners", false): Text ' We also share information about your use of our site with our social media, advertising and analytics partners' is not present on page

2020-02-05 09:17:37 - [MESSAGE][PASSED] - Text ' We also share information about your use of our site with our social media, advertising and analytics partners' is not present on page

2020-02-05 09:17:37 - [TEST_STEP][PASSED] - verifyTextNotPresent("Cookie Policy", false): Text 'Cookie Policy' is not present on page

2020-02-05 09:17:37 - [MESSAGE][PASSED] - Text 'Cookie Policy' is not present on page

2020-02-05 09:17:37 - [TEST_STEP][PASSED] - waitForPageLoad(60): Wait for page load successfully

2020-02-05 09:17:38 - [MESSAGE][PASSED] - Wait for page load successfully

2020-02-05 09:17:38 - [TEST_STEP][PASSED] - "COOKIE - ORIGINAL": null

2020-02-05 09:17:38 - [TEST_STEP][PASSED] - if (waitForElementVisible(findTestObject("Object Repository/Feedback/Page_Checkatrade Give your feedback/input_Member_to_Review"), 5)): Web element with id: 'Object Repository/Feedback/Page_Checkatrade Give your feedback/input_Member_to_Review' located by 'By.xpath: //input[@id='feedback-form__company_autocomplete_input']' not found

2020-02-05 09:17:43 - [MESSAGE][INFO] - Unable to find the element located by 'By.xpath: //input[@id='feedback-form__company_autocomplete_input']'. Please recheck the objects properties to make sure the desired element is located. 

2020-02-05 09:17:43 - [MESSAGE][WARNING] - Web element with id: 'Object Repository/Feedback/Page_Checkatrade Give your feedback/input_Member_to_Review' located by 'By.xpath: //input[@id='feedback-form__company_autocomplete_input']' not found

2020-02-05 09:17:43 - [TEST_STEP][PASSED] - else: The <<<OLD>>> Website was detected by the STARTUP Process

2020-02-05 09:17:43 - [TEST_STEP][PASSED] - if (!(verifyElementVisible(findTestObject("Object Repository/Checkatrade_Trade_Search_Page/Page_Checkatrade Find a tradesperson you can trust/input_Search_Button_FF")))): Object 'Object Repository/Checkatrade_Trade_Search_Page/Page_Checkatrade Find a tradesperson you can trust/input_Search_Button_FF' is visible

2020-02-05 09:17:43 - [MESSAGE][PASSED] - Object 'Object Repository/Checkatrade_Trade_Search_Page/Page_Checkatrade Find a tradesperson you can trust/input_Search_Button_FF' is visible

2020-02-05 09:17:43 - [TEST_STEP][PASSED] - else: The <<<OLD>>> Website was detected by the STARTUP Process

2020-02-05 09:17:43 - [TEST_STEP][PASSED] - Website_Version = "old": null

2020-02-05 09:17:43 - [TEST_STEP][PASSED] - logInfo("The <<<OLD>>> Website was detected by the STARTUP Process"): The <<<OLD>>> Website was detected by the STARTUP Process

2020-02-05 09:17:43 - [MESSAGE][INFO] - The <<<OLD>>> Website was detected by the STARTUP Process

2020-02-05 09:17:43 - [MESSAGE][PASSED] - Call Test Case 'Test Cases/Reusable_Test_Sequences/CAT_Setup' successfully

2020-02-05 09:17:43 - [TEST_STEP][PASSED] - callTestCase(findTestCase("Reusable_Test_Sequences/CAT_Home"), [:], CONTINUE_ON_FAILURE): Call Test Case 'Test Cases/Reusable_Test_Sequences/CAT_Home' successfully

2020-02-05 09:17:43 - [TEST_CASE][PASSED] - Test Cases/Reusable_Test_Sequences/CAT_Home: Test Cases/Reusable_Test_Sequences/CAT_Home

2020-02-05 09:17:43 - [TEST_STEP][PASSED] - waitForPageLoad(60): Wait for page load successfully

2020-02-05 09:17:43 - [MESSAGE][PASSED] - Wait for page load successfully

2020-02-05 09:17:43 - [TEST_STEP][PASSED] - delay(2): Delayed 2 second(s)

2020-02-05 09:17:45 - [MESSAGE][PASSED] - Delayed 2 second(s)

2020-02-05 09:17:45 - [TEST_STEP][PASSED] - "------------------------------------": null

2020-02-05 09:17:45 - [TEST_STEP][PASSED] - if (Website_Version == "new"): null

2020-02-05 09:17:45 - [TEST_STEP][PASSED] - else: Text 'Over a million visits to Checkatrade each month' is present on page 

2020-02-05 09:17:45 - [TEST_STEP][PASSED] - verifyTextPresent("Helping you find the right trade or service", false): Text 'Helping you find the right trade or service' is present on page 

2020-02-05 09:17:45 - [MESSAGE][PASSED] - Text 'Helping you find the right trade or service' is present on page 

2020-02-05 09:17:45 - [TEST_STEP][PASSED] - verifyTextPresent("Search through over", false): Text 'Search through over' is present on page 

2020-02-05 09:17:46 - [MESSAGE][PASSED] - Text 'Search through over' is present on page 

2020-02-05 09:17:46 - [TEST_STEP][PASSED] - verifyTextPresent("recommended, vetted and monitored trades and service providers for free.", false): Text 'recommended, vetted and monitored trades and service providers for free.' is present on page 

2020-02-05 09:17:46 - [MESSAGE][PASSED] - Text 'recommended, vetted and monitored trades and service providers for free.' is present on page 

2020-02-05 09:17:46 - [TEST_STEP][PASSED] - verifyTextPresent("reviews published so far – thank you!", false): Text 'reviews published so far – thank you!' is present on page 

2020-02-05 09:17:46 - [MESSAGE][PASSED] - Text 'reviews published so far – thank you!' is present on page 

2020-02-05 09:17:46 - [TEST_STEP][PASSED] - verifyTextPresent("I need a trade or service", false): Text 'I need a trade or service' is present on page 

2020-02-05 09:17:46 - [MESSAGE][PASSED] - Text 'I need a trade or service' is present on page 

2020-02-05 09:17:46 - [TEST_STEP][PASSED] - verifyTextPresent("Every trader thoroughly checked and vetted", false): Text 'Every trader thoroughly checked and vetted' is present on page 

2020-02-05 09:17:46 - [MESSAGE][PASSED] - Text 'Every trader thoroughly checked and vetted' is present on page 

2020-02-05 09:17:46 - [TEST_STEP][PASSED] - "------------------------------------": null

2020-02-05 09:17:46 - [TEST_STEP][PASSED] - verifyTextPresent("reviews published so far – thank you!", false): Text 'reviews published so far – thank you!' is present on page 

2020-02-05 09:17:46 - [MESSAGE][PASSED] - Text 'reviews published so far – thank you!' is present on page 

2020-02-05 09:17:46 - [TEST_STEP][PASSED] - verifyTextPresent("Find out more", false): Text 'Find out more' is present on page 

2020-02-05 09:17:46 - [MESSAGE][PASSED] - Text 'Find out more' is present on page 

2020-02-05 09:17:46 - [TEST_STEP][PASSED] - verifyTextPresent("I am a tradesman", false): Text 'I am a tradesman' is present on page 

2020-02-05 09:17:46 - [MESSAGE][PASSED] - Text 'I am a tradesman' is present on page 

2020-02-05 09:17:46 - [TEST_STEP][PASSED] - verifyTextPresent("Find out more", false): Text 'Find out more' is present on page 

2020-02-05 09:17:47 - [MESSAGE][PASSED] - Text 'Find out more' is present on page 

2020-02-05 09:17:47 - [TEST_STEP][PASSED] - verifyTextPresent("Over a million visits to Checkatrade each month", false): Text 'Over a million visits to Checkatrade each month' is present on page 

2020-02-05 09:17:47 - [MESSAGE][PASSED] - Text 'Over a million visits to Checkatrade each month' is present on page 

2020-02-05 09:17:47 - [MESSAGE][PASSED] - Call Test Case 'Test Cases/Reusable_Test_Sequences/CAT_Home' successfully

2020-02-05 09:17:47 - [TEST_STEP][PASSED] - "---------------------------------------": null

2020-02-05 09:17:47 - [TEST_STEP][PASSED] - " Set and SEARCH TRADE CLASSIFICATION   |": null

2020-02-05 09:17:47 - [TEST_STEP][PASSED] - callTestCase(findTestCase("Reusable_Test_Sequences/CAT_Enter_Trade_Classification"), [:], CONTINUE_ON_FAILURE): Call Test Case 'Test Cases/Reusable_Test_Sequences/CAT_Enter_Trade_Classification' successfully

2020-02-05 09:17:47 - [TEST_CASE][PASSED] - Test Cases/Reusable_Test_Sequences/CAT_Enter_Trade_Classification: Test Cases/Reusable_Test_Sequences/CAT_Enter_Trade_Classification

2020-02-05 09:17:47 - [TEST_STEP][PASSED] - "---------------------------------": null

2020-02-05 09:17:47 - [TEST_STEP][PASSED] - "Set and SEARCH SELECTED TRADE": null

2020-02-05 09:17:47 - [TEST_STEP][PASSED] - if (Website_Version == "new"): null

2020-02-05 09:17:47 - [TEST_STEP][PASSED] - else: Text 'Garage/Vehicle Services' is set on object 'Object Repository/Checkatrade_Trade_Search_Page/Page_Checkatrade Find a tradesperson you can trust/input_Search_Button_FF'

2020-02-05 09:17:47 - [TEST_STEP][PASSED] - click(findTestObject("Object Repository/Checkatrade_Trade_Search_Page/Page_Checkatrade Find a tradesperson you can trust/input_Search_Button_FF")): Object: 'Object Repository/Checkatrade_Trade_Search_Page/Page_Checkatrade Find a tradesperson you can trust/input_Search_Button_FF' is clicked on

2020-02-05 09:17:47 - [MESSAGE][PASSED] - Object: 'Object Repository/Checkatrade_Trade_Search_Page/Page_Checkatrade Find a tradesperson you can trust/input_Search_Button_FF' is clicked on

2020-02-05 09:17:47 - [TEST_STEP][PASSED] - setText(findTestObject("Object Repository/Checkatrade_Trade_Search_Page/Page_Checkatrade Find a tradesperson you can trust/input_Search_Button_FF"), findTestData("searchTestData").getValue("tradeClassification", row)): Text 'Garage/Vehicle Services' is set on object 'Object Repository/Checkatrade_Trade_Search_Page/Page_Checkatrade Find a tradesperson you can trust/input_Search_Button_FF'

2020-02-05 09:17:48 - [MESSAGE][PASSED] - Text 'Garage/Vehicle Services' is set on object 'Object Repository/Checkatrade_Trade_Search_Page/Page_Checkatrade Find a tradesperson you can trust/input_Search_Button_FF'

2020-02-05 09:17:48 - [MESSAGE][PASSED] - Call Test Case 'Test Cases/Reusable_Test_Sequences/CAT_Enter_Trade_Classification' successfully

2020-02-05 09:17:48 - [TEST_STEP][PASSED] - "---------------------------------------": null

2020-02-05 09:17:48 - [TEST_STEP][PASSED] - " Set and SEARCH TRADE LOCATION         |": null

2020-02-05 09:17:48 - [TEST_STEP][PASSED] - callTestCase(findTestCase("Reusable_Test_Sequences/CAT_Enter_Trade_Location"), [:], CONTINUE_ON_FAILURE): Call Test Case 'Test Cases/Reusable_Test_Sequences/CAT_Enter_Trade_Location' successfully

2020-02-05 09:17:48 - [TEST_CASE][PASSED] - Test Cases/Reusable_Test_Sequences/CAT_Enter_Trade_Location: Test Cases/Reusable_Test_Sequences/CAT_Enter_Trade_Location

2020-02-05 09:17:48 - [TEST_STEP][PASSED] - "---------------------------------": null

2020-02-05 09:17:48 - [TEST_STEP][PASSED] - "Set and SEARCH SELECTED LOCATION |": null

2020-02-05 09:17:48 - [TEST_STEP][PASSED] - if (Website_Version == "new"): null

2020-02-05 09:17:48 - [TEST_STEP][PASSED] - else: Text 'Rugby' is set on object 'Object Repository/Checkatrade_Trade_Search_Page/Page_Checkatrade Find a tradesperson you can trust/input_Not here_location'

2020-02-05 09:17:48 - [TEST_STEP][PASSED] - click(findTestObject("Object Repository/Checkatrade_Trade_Search_Page/Page_Checkatrade Find a tradesperson you can trust/input_Not here_location")): Object: 'Object Repository/Checkatrade_Trade_Search_Page/Page_Checkatrade Find a tradesperson you can trust/input_Not here_location' is clicked on

2020-02-05 09:17:48 - [MESSAGE][PASSED] - Object: 'Object Repository/Checkatrade_Trade_Search_Page/Page_Checkatrade Find a tradesperson you can trust/input_Not here_location' is clicked on

2020-02-05 09:17:48 - [TEST_STEP][PASSED] - setText(findTestObject("Object Repository/Checkatrade_Trade_Search_Page/Page_Checkatrade Find a tradesperson you can trust/input_Not here_location"), findTestData("searchTestData").getValue("tradeLocation", row)): Text 'Rugby' is set on object 'Object Repository/Checkatrade_Trade_Search_Page/Page_Checkatrade Find a tradesperson you can trust/input_Not here_location'

2020-02-05 09:17:48 - [MESSAGE][PASSED] - Text 'Rugby' is set on object 'Object Repository/Checkatrade_Trade_Search_Page/Page_Checkatrade Find a tradesperson you can trust/input_Not here_location'

2020-02-05 09:17:48 - [MESSAGE][PASSED] - Call Test Case 'Test Cases/Reusable_Test_Sequences/CAT_Enter_Trade_Location' successfully

2020-02-05 09:17:48 - [TEST_STEP][PASSED] - "---------------------------------------": null

2020-02-05 09:17:48 - [TEST_STEP][PASSED] - " Scroll Search Button into View        |": null

2020-02-05 09:17:48 - [TEST_STEP][PASSED] - "---------------------------------------": null

2020-02-05 09:17:48 - [TEST_STEP][PASSED] - "---------------------------------------": null

2020-02-05 09:17:48 - [TEST_STEP][PASSED] - " Hit Search Button                     |": null

2020-02-05 09:17:48 - [TEST_STEP][PASSED] - callTestCase(findTestCase("Reusable_Test_Sequences/CAT_Hit_Search_Button"), [:], CONTINUE_ON_FAILURE): Call Test Case 'Test Cases/Reusable_Test_Sequences/CAT_Hit_Search_Button' successfully

2020-02-05 09:17:48 - [TEST_CASE][PASSED] - Test Cases/Reusable_Test_Sequences/CAT_Hit_Search_Button: Test Cases/Reusable_Test_Sequences/CAT_Hit_Search_Button

2020-02-05 09:17:48 - [TEST_STEP][PASSED] - "---------------------------------": null

2020-02-05 09:17:48 - [TEST_STEP][PASSED] - "HIT SEARCH": null

2020-02-05 09:17:48 - [TEST_STEP][PASSED] - "---------------------------------": null

2020-02-05 09:17:48 - [TEST_STEP][PASSED] - if (Website_Version == "new"): null

2020-02-05 09:17:48 - [TEST_STEP][PASSED] - else: Object: 'Object Repository/Checkatrade_Trade_Search_Page/Page_Checkatrade Find a tradesperson you can trust/Page_Checkatrade Find a tradesperson you can trust/a_Search' is clicked on

2020-02-05 09:17:48 - [TEST_STEP][PASSED] - waitForElementClickable(findTestObject("Object Repository/Checkatrade_Trade_Search_Page/Page_Checkatrade Find a tradesperson you can trust/Page_Checkatrade Find a tradesperson you can trust/a_Search"), 25): Object 'Object Repository/Checkatrade_Trade_Search_Page/Page_Checkatrade Find a tradesperson you can trust/Page_Checkatrade Find a tradesperson you can trust/a_Search' is clickable

2020-02-05 09:17:48 - [MESSAGE][PASSED] - Object 'Object Repository/Checkatrade_Trade_Search_Page/Page_Checkatrade Find a tradesperson you can trust/Page_Checkatrade Find a tradesperson you can trust/a_Search' is clickable

2020-02-05 09:17:48 - [TEST_STEP][PASSED] - click(findTestObject("Object Repository/Checkatrade_Trade_Search_Page/Page_Checkatrade Find a tradesperson you can trust/Page_Checkatrade Find a tradesperson you can trust/a_Search")): Object: 'Object Repository/Checkatrade_Trade_Search_Page/Page_Checkatrade Find a tradesperson you can trust/Page_Checkatrade Find a tradesperson you can trust/a_Search' is clicked on

2020-02-05 09:17:53 - [MESSAGE][PASSED] - Object: 'Object Repository/Checkatrade_Trade_Search_Page/Page_Checkatrade Find a tradesperson you can trust/Page_Checkatrade Find a tradesperson you can trust/a_Search' is clicked on

2020-02-05 09:17:53 - [MESSAGE][PASSED] - Call Test Case 'Test Cases/Reusable_Test_Sequences/CAT_Hit_Search_Button' successfully

2020-02-05 09:17:53 - [TEST_STEP][PASSED] - "---------------------------------------": null

2020-02-05 09:17:53 - [TEST_STEP][PASSED] - " Verify Returned Page is as Expected   |": null

2020-02-05 09:17:53 - [TEST_STEP][PASSED] - callTestCase(findTestCase("Reusable_Test_Sequences/CAT_Verification"), [:], CONTINUE_ON_FAILURE): Call Test Case 'Test Cases/Reusable_Test_Sequences/CAT_Verification' successfully

2020-02-05 09:17:53 - [TEST_CASE][PASSED] - Test Cases/Reusable_Test_Sequences/CAT_Verification: Test Cases/Reusable_Test_Sequences/CAT_Verification

2020-02-05 09:17:53 - [TEST_STEP][PASSED] - "Updated 05/12/2019 due to wholesale Home page changes": null

2020-02-05 09:17:53 - [TEST_STEP][PASSED] - "Expected cantantenated text is Returned": null

2020-02-05 09:17:53 - [TEST_STEP][PASSED] - delay(1): Delayed 1 second(s)

2020-02-05 09:17:54 - [MESSAGE][PASSED] - Delayed 1 second(s)

2020-02-05 09:17:54 - [TEST_STEP][PASSED] - waitForPageLoad(60): Wait for page load successfully

2020-02-05 09:17:54 - [MESSAGE][PASSED] - Wait for page load successfully

2020-02-05 09:17:54 - [TEST_STEP][PASSED] - verifyTextPresent(findTestData("searchTestData").getValue("tradeClassification", row), false): Text 'Garage/Vehicle Services' is present on page 

2020-02-05 09:17:55 - [MESSAGE][PASSED] - Text 'Garage/Vehicle Services' is present on page 

2020-02-05 09:17:55 - [TEST_STEP][PASSED] - verifyTextPresent(findTestData("searchTestData").getValue("tradeLocation", row), false): Text 'Rugby' is present on page 

2020-02-05 09:17:55 - [MESSAGE][PASSED] - Text 'Rugby' is present on page 

2020-02-05 09:17:55 - [MESSAGE][PASSED] - Call Test Case 'Test Cases/Reusable_Test_Sequences/CAT_Verification' successfully

2020-02-05 09:17:55 - [TEST_STEP][PASSED] - "--------------------------": null

2020-02-05 09:17:55 - [TEST_STEP][PASSED] - " Teardown - CLose Browser |": null

2020-02-05 09:17:55 - [TEST_STEP][PASSED] - callTestCase(findTestCase("Reusable_Test_Sequences/CAT_Teardown"), [:], OPTIONAL): Call Test Case 'Test Cases/Reusable_Test_Sequences/CAT_Teardown' successfully

2020-02-05 09:17:55 - [TEST_CASE][PASSED] - Test Cases/Reusable_Test_Sequences/CAT_Teardown: Test Cases/Reusable_Test_Sequences/CAT_Teardown

2020-02-05 09:17:55 - [TEST_STEP][PASSED] - closeBrowser(): Browser is closed

2020-02-05 09:17:56 - [MESSAGE][PASSED] - Browser is closed

2020-02-05 09:17:56 - [MESSAGE][PASSED] - Call Test Case 'Test Cases/Reusable_Test_Sequences/CAT_Teardown' successfully]]></system-out>
         <system-err><![CDATA[]]></system-err>
      </testcase>
      <system-out><![CDATA[2020-02-05 09:13:40 - [TEST_SUITE][PASSED] - Trade_Location_Multiple_Search: Test Cases/Checkatrade_Tradesman_Searches/Trade_Location_Search]]></system-out>
      <system-err><![CDATA[]]></system-err>
   </testsuite>
</testsuites>
