<?xml version="1.0" encoding="UTF-8"?>
<testsuites name="Web_Office_Top_Level" time="462.166" tests="6" failures="0" errors="0">
   <testsuite name="Web_Office_Top_Level" tests="6" failures="0" errors="0" time="462.166" timestamp="2020-02-20 14:52:18" hostname="DavidHo - VETTEDSP36RF.check.local" id="Test Suites/Web_Office_Top_Level">
      <properties>
         <property name="deviceName" value=""/>
         <property name="devicePlatform" value=""/>
         <property name="logFolder" value="C:\\Users\\davidho\\git\\src\\Reports\\20200220_144052\\Web_Office_Top_Level\\20200220_144058"/>
         <property name="logFiles" value="C:\\Users\\davidho\\git\\src\\Reports\\20200220_144052\\Web_Office_Top_Level\\20200220_144058\\execution0.log"/>
         <property name="attachments" value=""/>
         <property name="hostName" value="DavidHo - VETTEDSP36RF.check.local"/>
         <property name="os" value="Windows 10 32bit"/>
         <property name="katalonVersion" value="7.2.1.1"/>
         <property name="browser" value="Firefox 72.0"/>
         <property name="hostAddress" value="10.0.9.154"/>
         <property name="sessionId" value="d81c083f-299b-41fc-83ae-830452f03479"/>
         <property name="seleniumVersion" value="3.141.59"/>
         <property name="proxyInformation" value="ProxyInformation{proxyOption=NO_PROXY, proxyServerType=HTTP, password=, proxyServerAddress=, proxyServerPort=0, executionList=}"/>
         <property name="platform" value="Windows 10"/>
      </properties>
      <testcase name="Test Cases/Web_Office/Navigation_Checks/Companies/Companies_Top" time="158.509" classname="Test Cases/Web_Office/Navigation_Checks/Companies/Companies_Top" status="PASSED">
         <system-out><![CDATA[2020-02-20 14:52:19 - [TEST_CASE][PASSED] - Test Cases/Web_Office/Navigation_Checks/Companies/Companies_Top: Test Cases/Web_Office/Navigation_Checks/Companies/Companies_Top

2020-02-20 14:52:19 - [TEST_STEP][PASSED] - "--------------------------------------": null

2020-02-20 14:52:19 - [TEST_STEP][PASSED] - " Web Office StartUp                  |": null

2020-02-20 14:52:19 - [TEST_STEP][PASSED] - callTestCase(findTestCase("Reusable_Test_Sequences/Web_Office/Directives/WebOffice_StartUp"), [:], OPTIONAL): Call Test Case 'Test Cases/Reusable_Test_Sequences/Web_Office/Directives/WebOffice_StartUp' successfully

2020-02-20 14:52:20 - [TEST_CASE][PASSED] - Test Cases/Reusable_Test_Sequences/Web_Office/Directives/WebOffice_StartUp: Test Cases/Reusable_Test_Sequences/Web_Office/Directives/WebOffice_StartUp

2020-02-20 14:52:20 - [TEST_STEP][PASSED] - if (URL == "https://www.preview.checkatrade.com/"): null

2020-02-20 14:52:21 - [TEST_STEP][PASSED] - WebOfficeURL = "https://admin.preview.checkatrade.com/": null

2020-02-20 14:52:21 - [TEST_STEP][PASSED] - if (URL == "https://www.checkatrade.com/"): null

2020-02-20 14:52:21 - [TEST_STEP][PASSED] - "Set Function Area for "URL_Handler", URL Resolution": null

2020-02-20 14:52:21 - [TEST_STEP][PASSED] - "Do Some Magic with URL(s) See the comments within URL Handler ": null

2020-02-20 14:52:21 - [TEST_STEP][PASSED] - "------------------------------------------------": null

2020-02-20 14:52:21 - [TEST_STEP][PASSED] - "Moved Login Credentials to <Default> profile 22/01/2020": null

2020-02-20 14:52:21 - [TEST_STEP][PASSED] - "------------------------------------------------": null

2020-02-20 14:52:21 - [TEST_STEP][PASSED] - "WebOfficeURL - Set from the ENVIRONMENT PROFILE ": null

2020-02-20 14:52:21 - [TEST_STEP][PASSED] - "OPEN BROWSER": null

2020-02-20 14:52:21 - [TEST_STEP][PASSED] - "eg - https://admin.preview.checkatrade.com/  ": null

2020-02-20 14:52:21 - [TEST_STEP][PASSED] - openBrowser(WebOfficeURL): Browser is opened with url: 'https://admin.preview.checkatrade.com/'

2020-02-20 14:52:21 - [MESSAGE][INFO] - Starting 'Firefox' driver

2020-02-20 14:52:22 - [MESSAGE][INFO] - Action delay is set to 0 seconds

2020-02-20 14:52:33 - [MESSAGE][PASSED] - Browser is opened with url: 'https://admin.preview.checkatrade.com/'

2020-02-20 14:52:33 - [TEST_STEP][PASSED] - maximizeWindow(): Current window maximized

2020-02-20 14:52:33 - [MESSAGE][PASSED] - Current window maximized

2020-02-20 14:52:33 - [TEST_STEP][PASSED] - waitForElementClickable(findTestObject("Object Repository/WebOffice/Page_Checkatrade - Administration - Login/Login_Button"), 25): Object 'Object Repository/WebOffice/Page_Checkatrade - Administration - Login/Login_Button' is clickable

2020-02-20 14:52:34 - [MESSAGE][PASSED] - Object 'Object Repository/WebOffice/Page_Checkatrade - Administration - Login/Login_Button' is clickable

2020-02-20 14:52:34 - [TEST_STEP][PASSED] - verifyTextPresent("Checkatrade Web Office", false): Text 'Checkatrade Web Office' is present on page 

2020-02-20 14:52:34 - [MESSAGE][PASSED] - Text 'Checkatrade Web Office' is present on page 

2020-02-20 14:52:34 - [TEST_STEP][PASSED] - verifyTextPresent("Access for staff use only", false): Text 'Access for staff use only' is present on page 

2020-02-20 14:52:34 - [MESSAGE][PASSED] - Text 'Access for staff use only' is present on page 

2020-02-20 14:52:34 - [TEST_STEP][PASSED] - verifyTextPresent("Forgotten password?", false): Text 'Forgotten password?' is present on page 

2020-02-20 14:52:34 - [MESSAGE][PASSED] - Text 'Forgotten password?' is present on page 

2020-02-20 14:52:34 - [TEST_STEP][PASSED] - setText(findTestObject("Object Repository/WebOffice/Page_Checkatrade - Administration - Login/input_Username_LoginControlUserName"), wo_Username): Text 'DavidHo' is set on object 'Object Repository/WebOffice/Page_Checkatrade - Administration - Login/input_Username_LoginControlUserName'

2020-02-20 14:52:35 - [MESSAGE][PASSED] - Text 'DavidHo' is set on object 'Object Repository/WebOffice/Page_Checkatrade - Administration - Login/input_Username_LoginControlUserName'

2020-02-20 14:52:35 - [TEST_STEP][PASSED] - setText(findTestObject("Object Repository/WebOffice/Page_Checkatrade - Administration - Login/input_Password_LoginControlPassword"), wo_Password): Text 'Check123' is set on object 'Object Repository/WebOffice/Page_Checkatrade - Administration - Login/input_Password_LoginControlPassword'

2020-02-20 14:52:35 - [MESSAGE][PASSED] - Text 'Check123' is set on object 'Object Repository/WebOffice/Page_Checkatrade - Administration - Login/input_Password_LoginControlPassword'

2020-02-20 14:52:35 - [TEST_STEP][PASSED] - click(findTestObject("Object Repository/WebOffice/Page_Checkatrade - Administration - Login/Login_Button")): Object: 'Object Repository/WebOffice/Page_Checkatrade - Administration - Login/Login_Button' is clicked on

2020-02-20 14:52:36 - [MESSAGE][PASSED] - Object: 'Object Repository/WebOffice/Page_Checkatrade - Administration - Login/Login_Button' is clicked on

2020-02-20 14:52:36 - [TEST_STEP][PASSED] - waitForPageLoad(60): Wait for page load successfully

2020-02-20 14:52:36 - [MESSAGE][PASSED] - Wait for page load successfully

2020-02-20 14:52:36 - [TEST_STEP][PASSED] - verifyTextPresent("Welcome " + wo_Username, false): Text 'Welcome DavidHo' is present on page 

2020-02-20 14:52:38 - [MESSAGE][PASSED] - Text 'Welcome DavidHo' is present on page 

2020-02-20 14:52:38 - [MESSAGE][PASSED] - Call Test Case 'Test Cases/Reusable_Test_Sequences/Web_Office/Directives/WebOffice_StartUp' successfully

2020-02-20 14:52:38 - [TEST_STEP][PASSED] - "--------------------------------------": null

2020-02-20 14:52:38 - [TEST_STEP][PASSED] - " Navigate Top level menu Item         |": null

2020-02-20 14:52:38 - [TEST_STEP][PASSED] - delay(5): Delayed 5 second(s)

2020-02-20 14:52:43 - [MESSAGE][PASSED] - Delayed 5 second(s)

2020-02-20 14:52:43 - [TEST_STEP][PASSED] - waitForPageLoad(60): Wait for page load successfully

2020-02-20 14:52:43 - [MESSAGE][PASSED] - Wait for page load successfully

2020-02-20 14:52:43 - [TEST_STEP][PASSED] - waitForElementClickable(findTestObject("Object Repository/WebOffice_Home_page/a_Companies"), 60): Object 'Object Repository/WebOffice_Home_page/a_Companies' is clickable

2020-02-20 14:52:43 - [MESSAGE][PASSED] - Object 'Object Repository/WebOffice_Home_page/a_Companies' is clickable

2020-02-20 14:52:43 - [TEST_STEP][PASSED] - click(findTestObject("Object Repository/WebOffice_Home_page/a_Companies")): Object: 'Object Repository/WebOffice_Home_page/a_Companies' is clicked on

2020-02-20 14:52:46 - [MESSAGE][PASSED] - Object: 'Object Repository/WebOffice_Home_page/a_Companies' is clicked on

2020-02-20 14:52:46 - [TEST_STEP][PASSED] - waitForElementClickable(findTestObject("Object Repository/WebOffice/Companies_Top/Page_/select_ShowPerPage"), 120): Object 'Object Repository/WebOffice/Companies_Top/Page_/select_ShowPerPage' is clickable

2020-02-20 14:52:47 - [MESSAGE][PASSED] - Object 'Object Repository/WebOffice/Companies_Top/Page_/select_ShowPerPage' is clickable

2020-02-20 14:52:47 - [TEST_STEP][PASSED] - delay(2): Delayed 2 second(s)

2020-02-20 14:52:49 - [MESSAGE][PASSED] - Delayed 2 second(s)

2020-02-20 14:52:49 - [TEST_STEP][PASSED] - selectOptionByValue(findTestObject("Object Repository/WebOffice/Companies_Top/Page_/select_ShowPerPage"), "25", true): All options with value '25' are selected in object 'Object Repository/WebOffice/Companies_Top/Page_/select_ShowPerPage'  using regular expression

2020-02-20 14:52:49 - [MESSAGE][PASSED] - All options with value '25' are selected in object 'Object Repository/WebOffice/Companies_Top/Page_/select_ShowPerPage'  using regular expression

2020-02-20 14:52:49 - [TEST_STEP][PASSED] - delay(2): Delayed 2 second(s)

2020-02-20 14:52:51 - [MESSAGE][PASSED] - Delayed 2 second(s)

2020-02-20 14:52:51 - [TEST_STEP][PASSED] - waitForElementClickable(findTestObject("Object Repository/WebOffice/Companies_Top/Page_/span_Advanced Search"), 120): Object 'Object Repository/WebOffice/Companies_Top/Page_/span_Advanced Search' is clickable

2020-02-20 14:52:51 - [MESSAGE][PASSED] - Object 'Object Repository/WebOffice/Companies_Top/Page_/span_Advanced Search' is clickable

2020-02-20 14:52:51 - [TEST_STEP][PASSED] - "--------------------------------------": null

2020-02-20 14:52:51 - [TEST_STEP][PASSED] - " Verify Returned Page Content         |": null

2020-02-20 14:52:51 - [TEST_STEP][PASSED] - verifyTextPresent("Members  >  All Members", false): Text 'Members  >  All Members' is present on page 

2020-02-20 14:52:54 - [MESSAGE][PASSED] - Text 'Members  >  All Members' is present on page 

2020-02-20 14:52:54 - [TEST_STEP][PASSED] - verifyTextPresent("Next", false): Text 'Next' is present on page 

2020-02-20 14:52:58 - [MESSAGE][PASSED] - Text 'Next' is present on page 

2020-02-20 14:52:58 - [TEST_STEP][PASSED] - verifyTextPresent("Show", false): Text 'Show' is present on page 

2020-02-20 14:53:01 - [MESSAGE][PASSED] - Text 'Show' is present on page 

2020-02-20 14:53:01 - [TEST_STEP][PASSED] - verifyTextPresent("per page", false): Text 'per page' is present on page 

2020-02-20 14:53:06 - [MESSAGE][PASSED] - Text 'per page' is present on page 

2020-02-20 14:53:06 - [TEST_STEP][PASSED] - verifyTextPresent("Displaying 1 to 25 from", false): Text 'Displaying 1 to 25 from' is present on page 

2020-02-20 14:53:11 - [MESSAGE][PASSED] - Text 'Displaying 1 to 25 from' is present on page 

2020-02-20 14:53:11 - [TEST_STEP][PASSED] - verifyTextPresent("Chichester", false): Text 'Chichester' is present on page 

2020-02-20 14:53:15 - [MESSAGE][PASSED] - Text 'Chichester' is present on page 

2020-02-20 14:53:15 - [TEST_STEP][PASSED] - verifyTextPresent("West Sussex", false): Text 'West Sussex' is present on page 

2020-02-20 14:53:21 - [MESSAGE][PASSED] - Text 'West Sussex' is present on page 

2020-02-20 14:53:21 - [TEST_STEP][PASSED] - verifyTextPresent("CARPET & UPHOLSTERY CLEANING", false): Text 'CARPET & UPHOLSTERY CLEANING' is present on page 

2020-02-20 14:53:25 - [MESSAGE][PASSED] - Text 'CARPET & UPHOLSTERY CLEANING' is present on page 

2020-02-20 14:53:25 - [TEST_STEP][PASSED] - verifyTextPresent("MA Department", false): Text 'MA Department' is present on page 

2020-02-20 14:53:29 - [MESSAGE][PASSED] - Text 'MA Department' is present on page 

2020-02-20 14:53:29 - [TEST_STEP][PASSED] - verifyTextPresent("Mailmerge", false): Text 'Mailmerge' is present on page 

2020-02-20 14:53:33 - [MESSAGE][PASSED] - Text 'Mailmerge' is present on page 

2020-02-20 14:53:33 - [TEST_STEP][PASSED] - verifyTextPresent("Export Email Addresses", false): Text 'Export Email Addresses' is present on page 

2020-02-20 14:53:38 - [MESSAGE][PASSED] - Text 'Export Email Addresses' is present on page 

2020-02-20 14:53:38 - [TEST_STEP][PASSED] - verifyTextPresent("Bulk Export Email Addresses", false): Text 'Bulk Export Email Addresses' is present on page 

2020-02-20 14:53:43 - [MESSAGE][PASSED] - Text 'Bulk Export Email Addresses' is present on page 

2020-02-20 14:53:43 - [TEST_STEP][PASSED] - verifyTextPresent("Export Mobile Numbers", false): Text 'Export Mobile Numbers' is present on page 

2020-02-20 14:53:53 - [MESSAGE][PASSED] - Text 'Export Mobile Numbers' is present on page 

2020-02-20 14:53:53 - [TEST_STEP][PASSED] - verifyTextPresent("Show results on map", false): Text 'Show results on map' is present on page 

2020-02-20 14:54:01 - [MESSAGE][PASSED] - Text 'Show results on map' is present on page 

2020-02-20 14:54:01 - [TEST_STEP][PASSED] - verifyTextPresent("Open Map in new Window (with All Results)", false): Text 'Open Map in new Window (with All Results)' is present on page 

2020-02-20 14:54:07 - [MESSAGE][PASSED] - Text 'Open Map in new Window (with All Results)' is present on page 

2020-02-20 14:54:07 - [TEST_STEP][PASSED] - verifyTextPresent("All Companies", false): Text 'All Companies' is present on page 

2020-02-20 14:54:10 - [MESSAGE][PASSED] - Text 'All Companies' is present on page 

2020-02-20 14:54:10 - [TEST_STEP][PASSED] - verifyTextPresent("Members", false): Text 'Members' is present on page 

2020-02-20 14:54:13 - [MESSAGE][PASSED] - Text 'Members' is present on page 

2020-02-20 14:54:13 - [TEST_STEP][PASSED] - verifyTextPresent("Non-Members", false): Text 'Non-Members' is present on page 

2020-02-20 14:54:18 - [MESSAGE][PASSED] - Text 'Non-Members' is present on page 

2020-02-20 14:54:18 - [TEST_STEP][PASSED] - verifyTextPresent("Search By", false): Text 'Search By' is present on page 

2020-02-20 14:54:20 - [MESSAGE][PASSED] - Text 'Search By' is present on page 

2020-02-20 14:54:20 - [TEST_STEP][PASSED] - verifyTextPresent("Mobile", false): Text 'Mobile' is present on page 

2020-02-20 14:54:26 - [MESSAGE][PASSED] - Text 'Mobile' is present on page 

2020-02-20 14:54:26 - [TEST_STEP][PASSED] - verifyTextPresent("Filter", false): Text 'Filter' is present on page 

2020-02-20 14:54:28 - [MESSAGE][PASSED] - Text 'Filter' is present on page 

2020-02-20 14:54:28 - [TEST_STEP][PASSED] - verifyTextPresent("Trader ID", false): Text 'Trader ID' is present on page 

2020-02-20 14:54:32 - [MESSAGE][PASSED] - Text 'Trader ID' is present on page 

2020-02-20 14:54:32 - [TEST_STEP][PASSED] - verifyTextPresent("More Options", false): Text 'More Options' is present on page 

2020-02-20 14:54:37 - [MESSAGE][PASSED] - Text 'More Options' is present on page 

2020-02-20 14:54:37 - [TEST_STEP][PASSED] - verifyTextPresent("Apply", false): Text 'Apply' is present on page 

2020-02-20 14:54:44 - [MESSAGE][PASSED] - Text 'Apply' is present on page 

2020-02-20 14:54:44 - [TEST_STEP][PASSED] - verifyTextPresent("Clear", false): Text 'Clear' is present on page 

2020-02-20 14:54:49 - [MESSAGE][PASSED] - Text 'Clear' is present on page 

2020-02-20 14:54:49 - [TEST_STEP][PASSED] - verifyTextPresent("Advanced Search", false): Text 'Advanced Search' is present on page 

2020-02-20 14:54:55 - [MESSAGE][PASSED] - Text 'Advanced Search' is present on page 

2020-02-20 14:54:55 - [TEST_STEP][PASSED] - "--------------------------": null

2020-02-20 14:54:55 - [TEST_STEP][PASSED] - " Teardown - CLose Browser |": null

2020-02-20 14:54:55 - [TEST_STEP][PASSED] - callTestCase(findTestCase("Reusable_Test_Sequences/CAT_Teardown"), [:], OPTIONAL): Call Test Case 'Test Cases/Reusable_Test_Sequences/CAT_Teardown' successfully

2020-02-20 14:54:55 - [TEST_CASE][PASSED] - Test Cases/Reusable_Test_Sequences/CAT_Teardown: Test Cases/Reusable_Test_Sequences/CAT_Teardown

2020-02-20 14:54:55 - [TEST_STEP][PASSED] - closeBrowser(): Browser is closed

2020-02-20 14:54:57 - [MESSAGE][PASSED] - Browser is closed

2020-02-20 14:54:57 - [MESSAGE][PASSED] - Call Test Case 'Test Cases/Reusable_Test_Sequences/CAT_Teardown' successfully]]></system-out>
         <system-err><![CDATA[]]></system-err>
      </testcase>
      <testcase name="Test Cases/Web_Office/Navigation_Checks/Directories/Directories_Top" time="43.123" classname="Test Cases/Web_Office/Navigation_Checks/Directories/Directories_Top" status="PASSED">
         <system-out><![CDATA[2020-02-20 14:54:57 - [TEST_CASE][PASSED] - Test Cases/Web_Office/Navigation_Checks/Directories/Directories_Top: Test Cases/Web_Office/Navigation_Checks/Directories/Directories_Top

2020-02-20 14:54:58 - [TEST_STEP][PASSED] - "--------------------------------------": null

2020-02-20 14:54:58 - [TEST_STEP][PASSED] - " Web Office StartUp                  |": null

2020-02-20 14:54:58 - [TEST_STEP][PASSED] - callTestCase(findTestCase("Reusable_Test_Sequences/Web_Office/Directives/WebOffice_StartUp"), [:], OPTIONAL): Call Test Case 'Test Cases/Reusable_Test_Sequences/Web_Office/Directives/WebOffice_StartUp' successfully

2020-02-20 14:54:58 - [TEST_CASE][PASSED] - Test Cases/Reusable_Test_Sequences/Web_Office/Directives/WebOffice_StartUp: Test Cases/Reusable_Test_Sequences/Web_Office/Directives/WebOffice_StartUp

2020-02-20 14:54:58 - [TEST_STEP][PASSED] - if (URL == "https://www.preview.checkatrade.com/"): null

2020-02-20 14:54:58 - [TEST_STEP][PASSED] - WebOfficeURL = "https://admin.preview.checkatrade.com/": null

2020-02-20 14:54:58 - [TEST_STEP][PASSED] - if (URL == "https://www.checkatrade.com/"): null

2020-02-20 14:54:58 - [TEST_STEP][PASSED] - "Set Function Area for "URL_Handler", URL Resolution": null

2020-02-20 14:54:58 - [TEST_STEP][PASSED] - "Do Some Magic with URL(s) See the comments within URL Handler ": null

2020-02-20 14:54:58 - [TEST_STEP][PASSED] - "------------------------------------------------": null

2020-02-20 14:54:58 - [TEST_STEP][PASSED] - "Moved Login Credentials to <Default> profile 22/01/2020": null

2020-02-20 14:54:58 - [TEST_STEP][PASSED] - "------------------------------------------------": null

2020-02-20 14:54:58 - [TEST_STEP][PASSED] - "WebOfficeURL - Set from the ENVIRONMENT PROFILE ": null

2020-02-20 14:54:58 - [TEST_STEP][PASSED] - "OPEN BROWSER": null

2020-02-20 14:54:58 - [TEST_STEP][PASSED] - "eg - https://admin.preview.checkatrade.com/  ": null

2020-02-20 14:54:58 - [TEST_STEP][PASSED] - openBrowser(WebOfficeURL): Browser is opened with url: 'https://admin.preview.checkatrade.com/'

2020-02-20 14:54:58 - [MESSAGE][INFO] - Starting 'Firefox' driver

2020-02-20 14:55:11 - [MESSAGE][PASSED] - Browser is opened with url: 'https://admin.preview.checkatrade.com/'

2020-02-20 14:55:11 - [TEST_STEP][PASSED] - maximizeWindow(): Current window maximized

2020-02-20 14:55:11 - [MESSAGE][PASSED] - Current window maximized

2020-02-20 14:55:11 - [TEST_STEP][PASSED] - waitForElementClickable(findTestObject("Object Repository/WebOffice/Page_Checkatrade - Administration - Login/Login_Button"), 25): Object 'Object Repository/WebOffice/Page_Checkatrade - Administration - Login/Login_Button' is clickable

2020-02-20 14:55:11 - [MESSAGE][PASSED] - Object 'Object Repository/WebOffice/Page_Checkatrade - Administration - Login/Login_Button' is clickable

2020-02-20 14:55:11 - [TEST_STEP][PASSED] - verifyTextPresent("Checkatrade Web Office", false): Text 'Checkatrade Web Office' is present on page 

2020-02-20 14:55:11 - [MESSAGE][PASSED] - Text 'Checkatrade Web Office' is present on page 

2020-02-20 14:55:11 - [TEST_STEP][PASSED] - verifyTextPresent("Access for staff use only", false): Text 'Access for staff use only' is present on page 

2020-02-20 14:55:11 - [MESSAGE][PASSED] - Text 'Access for staff use only' is present on page 

2020-02-20 14:55:12 - [TEST_STEP][PASSED] - verifyTextPresent("Forgotten password?", false): Text 'Forgotten password?' is present on page 

2020-02-20 14:55:12 - [MESSAGE][PASSED] - Text 'Forgotten password?' is present on page 

2020-02-20 14:55:12 - [TEST_STEP][PASSED] - setText(findTestObject("Object Repository/WebOffice/Page_Checkatrade - Administration - Login/input_Username_LoginControlUserName"), wo_Username): Text 'DavidHo' is set on object 'Object Repository/WebOffice/Page_Checkatrade - Administration - Login/input_Username_LoginControlUserName'

2020-02-20 14:55:12 - [MESSAGE][PASSED] - Text 'DavidHo' is set on object 'Object Repository/WebOffice/Page_Checkatrade - Administration - Login/input_Username_LoginControlUserName'

2020-02-20 14:55:12 - [TEST_STEP][PASSED] - setText(findTestObject("Object Repository/WebOffice/Page_Checkatrade - Administration - Login/input_Password_LoginControlPassword"), wo_Password): Text 'Check123' is set on object 'Object Repository/WebOffice/Page_Checkatrade - Administration - Login/input_Password_LoginControlPassword'

2020-02-20 14:55:12 - [MESSAGE][PASSED] - Text 'Check123' is set on object 'Object Repository/WebOffice/Page_Checkatrade - Administration - Login/input_Password_LoginControlPassword'

2020-02-20 14:55:12 - [TEST_STEP][PASSED] - click(findTestObject("Object Repository/WebOffice/Page_Checkatrade - Administration - Login/Login_Button")): Object: 'Object Repository/WebOffice/Page_Checkatrade - Administration - Login/Login_Button' is clicked on

2020-02-20 14:55:14 - [MESSAGE][PASSED] - Object: 'Object Repository/WebOffice/Page_Checkatrade - Administration - Login/Login_Button' is clicked on

2020-02-20 14:55:14 - [TEST_STEP][PASSED] - waitForPageLoad(60): Wait for page load successfully

2020-02-20 14:55:15 - [MESSAGE][PASSED] - Wait for page load successfully

2020-02-20 14:55:15 - [TEST_STEP][PASSED] - verifyTextPresent("Welcome " + wo_Username, false): Text 'Welcome DavidHo' is present on page 

2020-02-20 14:55:18 - [MESSAGE][PASSED] - Text 'Welcome DavidHo' is present on page 

2020-02-20 14:55:18 - [MESSAGE][PASSED] - Call Test Case 'Test Cases/Reusable_Test_Sequences/Web_Office/Directives/WebOffice_StartUp' successfully

2020-02-20 14:55:18 - [TEST_STEP][PASSED] - "--------------------------------------": null

2020-02-20 14:55:18 - [TEST_STEP][PASSED] - " Navigate Top level menu Item         |": null

2020-02-20 14:55:18 - [TEST_STEP][PASSED] - waitForPageLoad(60): Wait for page load successfully

2020-02-20 14:55:18 - [MESSAGE][PASSED] - Wait for page load successfully

2020-02-20 14:55:18 - [TEST_STEP][PASSED] - waitForElementClickable(findTestObject("Object Repository/WebOffice_Home_page/a_Directories"), 60): Object 'Object Repository/WebOffice_Home_page/a_Directories' is clickable

2020-02-20 14:55:18 - [MESSAGE][PASSED] - Object 'Object Repository/WebOffice_Home_page/a_Directories' is clickable

2020-02-20 14:55:18 - [TEST_STEP][PASSED] - click(findTestObject("Object Repository/WebOffice_Home_page/a_Directories")): Object: 'Object Repository/WebOffice_Home_page/a_Directories' is clicked on

2020-02-20 14:55:19 - [MESSAGE][PASSED] - Object: 'Object Repository/WebOffice_Home_page/a_Directories' is clicked on

2020-02-20 14:55:19 - [TEST_STEP][PASSED] - waitForElementClickable(findTestObject("Object Repository/WebOffice/Directories_Top/Navigation_Search_Box"), 60): Object 'Object Repository/WebOffice/Directories_Top/Navigation_Search_Box' is clickable

2020-02-20 14:55:19 - [MESSAGE][PASSED] - Object 'Object Repository/WebOffice/Directories_Top/Navigation_Search_Box' is clickable

2020-02-20 14:55:19 - [TEST_STEP][PASSED] - "--------------------------------------": null

2020-02-20 14:55:19 - [TEST_STEP][PASSED] - " Verify Returned Page Content         |": null

2020-02-20 14:55:19 - [TEST_STEP][PASSED] - verifyTextPresent("Settings", false): Text 'Settings' is present on page 

2020-02-20 14:55:20 - [MESSAGE][PASSED] - Text 'Settings' is present on page 

2020-02-20 14:55:20 - [TEST_STEP][PASSED] - verifyTextPresent("Include Non Members", false): Text 'Include Non Members' is present on page 

2020-02-20 14:55:20 - [MESSAGE][PASSED] - Text 'Include Non Members' is present on page 

2020-02-20 14:55:20 - [TEST_STEP][PASSED] - verifyTextPresent("Welcome", false): Text 'Welcome' is present on page 

2020-02-20 14:55:21 - [MESSAGE][PASSED] - Text 'Welcome' is present on page 

2020-02-20 14:55:21 - [TEST_STEP][PASSED] - verifyTextPresent("Not you?", false): Text 'Not you?' is present on page 

2020-02-20 14:55:22 - [MESSAGE][PASSED] - Text 'Not you?' is present on page 

2020-02-20 14:55:22 - [TEST_STEP][PASSED] - "Missing from DEV default - Could Use Edition Zero as these are Duplicates, Na": null

2020-02-20 14:55:22 - [TEST_STEP][PASSED] - verifyElementVisible(findTestObject("Object Repository/WebOffice/Directories_Top/Page_/th_Net Churn ()")): Object 'Object Repository/WebOffice/Directories_Top/Page_/th_Net Churn ()' is visible

2020-02-20 14:55:22 - [MESSAGE][PASSED] - Object 'Object Repository/WebOffice/Directories_Top/Page_/th_Net Churn ()' is visible

2020-02-20 14:55:22 - [TEST_STEP][PASSED] - verifyElementVisible(findTestObject("Object Repository/WebOffice/Directories_Top/Page_/th_Churn - ()")): Object 'Object Repository/WebOffice/Directories_Top/Page_/th_Churn - ()' is visible

2020-02-20 14:55:23 - [MESSAGE][PASSED] - Object 'Object Repository/WebOffice/Directories_Top/Page_/th_Churn - ()' is visible

2020-02-20 14:55:23 - [TEST_STEP][PASSED] - verifyElementVisible(findTestObject("Object Repository/WebOffice/Directories_Top/Page_/th_Churn -")): Object 'Object Repository/WebOffice/Directories_Top/Page_/th_Churn -' is visible

2020-02-20 14:55:23 - [MESSAGE][PASSED] - Object 'Object Repository/WebOffice/Directories_Top/Page_/th_Churn -' is visible

2020-02-20 14:55:23 - [TEST_STEP][PASSED] - verifyElementVisible(findTestObject("Object Repository/WebOffice/Directories_Top/Page_/th_Churn  ()")): Object 'Object Repository/WebOffice/Directories_Top/Page_/th_Churn  ()' is visible

2020-02-20 14:55:23 - [MESSAGE][PASSED] - Object 'Object Repository/WebOffice/Directories_Top/Page_/th_Churn  ()' is visible

2020-02-20 14:55:23 - [TEST_STEP][PASSED] - verifyElementVisible(findTestObject("Object Repository/WebOffice/Directories_Top/Page_/th_Churn")): Object 'Object Repository/WebOffice/Directories_Top/Page_/th_Churn' is visible

2020-02-20 14:55:23 - [MESSAGE][PASSED] - Object 'Object Repository/WebOffice/Directories_Top/Page_/th_Churn' is visible

2020-02-20 14:55:23 - [TEST_STEP][PASSED] - verifyElementVisible(findTestObject("Object Repository/WebOffice/Directories_Top/Page_/th_PE")): Object 'Object Repository/WebOffice/Directories_Top/Page_/th_PE' is visible

2020-02-20 14:55:24 - [MESSAGE][PASSED] - Object 'Object Repository/WebOffice/Directories_Top/Page_/th_PE' is visible

2020-02-20 14:55:24 - [TEST_STEP][PASSED] - verifyTextPresent("Directories", false): Text 'Directories' is present on page 

2020-02-20 14:55:25 - [MESSAGE][PASSED] - Text 'Directories' is present on page 

2020-02-20 14:55:25 - [TEST_STEP][PASSED] - verifyTextPresent("Current", false): Text 'Current' is present on page 

2020-02-20 14:55:26 - [MESSAGE][PASSED] - Text 'Current' is present on page 

2020-02-20 14:55:26 - [TEST_STEP][PASSED] - verifyTextPresent("Next", false): Text 'Next' is present on page 

2020-02-20 14:55:28 - [MESSAGE][PASSED] - Text 'Next' is present on page 

2020-02-20 14:55:28 - [TEST_STEP][PASSED] - verifyTextPresent("Future Editions", false): Text 'Future Editions' is present on page 

2020-02-20 14:55:30 - [MESSAGE][PASSED] - Text 'Future Editions' is present on page 

2020-02-20 14:55:30 - [TEST_STEP][PASSED] - verifyTextPresent("Previous Editions", false): Text 'Previous Editions' is present on page 

2020-02-20 14:55:31 - [MESSAGE][PASSED] - Text 'Previous Editions' is present on page 

2020-02-20 14:55:31 - [TEST_STEP][PASSED] - verifyTextPresent("Edition Zero", false): Text 'Edition Zero' is present on page 

2020-02-20 14:55:33 - [MESSAGE][PASSED] - Text 'Edition Zero' is present on page 

2020-02-20 14:55:33 - [TEST_STEP][PASSED] - verifyTextPresent("Search", false): Text 'Search' is present on page 

2020-02-20 14:55:35 - [MESSAGE][PASSED] - Text 'Search' is present on page 

2020-02-20 14:55:35 - [TEST_STEP][PASSED] - verifyTextPresent("Include future and previous editions", false): Text 'Include future and previous editions' is present on page 

2020-02-20 14:55:37 - [MESSAGE][PASSED] - Text 'Include future and previous editions' is present on page 

2020-02-20 14:55:37 - [TEST_STEP][PASSED] - verifyTextPresent("SpaceFinder", false): Text 'SpaceFinder' is present on page 

2020-02-20 14:55:38 - [MESSAGE][PASSED] - Text 'SpaceFinder' is present on page 

2020-02-20 14:55:38 - [TEST_STEP][PASSED] - "--------------------------": null

2020-02-20 14:55:38 - [TEST_STEP][PASSED] - " Teardown - CLose Browser |": null

2020-02-20 14:55:38 - [TEST_STEP][PASSED] - callTestCase(findTestCase("Reusable_Test_Sequences/CAT_Teardown"), [:], OPTIONAL): Call Test Case 'Test Cases/Reusable_Test_Sequences/CAT_Teardown' successfully

2020-02-20 14:55:38 - [TEST_CASE][PASSED] - Test Cases/Reusable_Test_Sequences/CAT_Teardown: Test Cases/Reusable_Test_Sequences/CAT_Teardown

2020-02-20 14:55:38 - [TEST_STEP][PASSED] - closeBrowser(): Browser is closed

2020-02-20 14:55:40 - [MESSAGE][PASSED] - Browser is closed

2020-02-20 14:55:40 - [MESSAGE][PASSED] - Call Test Case 'Test Cases/Reusable_Test_Sequences/CAT_Teardown' successfully]]></system-out>
         <system-err><![CDATA[]]></system-err>
      </testcase>
      <testcase name="Test Cases/Web_Office/Navigation_Checks/Feedback/Feedback_Top" time="54.194" classname="Test Cases/Web_Office/Navigation_Checks/Feedback/Feedback_Top" status="PASSED">
         <system-out><![CDATA[2020-02-20 14:55:40 - [TEST_CASE][PASSED] - Test Cases/Web_Office/Navigation_Checks/Feedback/Feedback_Top: Test Cases/Web_Office/Navigation_Checks/Feedback/Feedback_Top

2020-02-20 14:55:42 - [TEST_STEP][PASSED] - "--------------------------------------": null

2020-02-20 14:55:42 - [TEST_STEP][PASSED] - " Web Office StartUp                  |": null

2020-02-20 14:55:42 - [TEST_STEP][PASSED] - callTestCase(findTestCase("Reusable_Test_Sequences/Web_Office/Directives/WebOffice_StartUp"), [:], OPTIONAL): Call Test Case 'Test Cases/Reusable_Test_Sequences/Web_Office/Directives/WebOffice_StartUp' successfully

2020-02-20 14:55:42 - [TEST_CASE][PASSED] - Test Cases/Reusable_Test_Sequences/Web_Office/Directives/WebOffice_StartUp: Test Cases/Reusable_Test_Sequences/Web_Office/Directives/WebOffice_StartUp

2020-02-20 14:55:42 - [TEST_STEP][PASSED] - if (URL == "https://www.preview.checkatrade.com/"): null

2020-02-20 14:55:42 - [TEST_STEP][PASSED] - WebOfficeURL = "https://admin.preview.checkatrade.com/": null

2020-02-20 14:55:42 - [TEST_STEP][PASSED] - if (URL == "https://www.checkatrade.com/"): null

2020-02-20 14:55:42 - [TEST_STEP][PASSED] - "Set Function Area for "URL_Handler", URL Resolution": null

2020-02-20 14:55:42 - [TEST_STEP][PASSED] - "Do Some Magic with URL(s) See the comments within URL Handler ": null

2020-02-20 14:55:42 - [TEST_STEP][PASSED] - "------------------------------------------------": null

2020-02-20 14:55:42 - [TEST_STEP][PASSED] - "Moved Login Credentials to <Default> profile 22/01/2020": null

2020-02-20 14:55:42 - [TEST_STEP][PASSED] - "------------------------------------------------": null

2020-02-20 14:55:42 - [TEST_STEP][PASSED] - "WebOfficeURL - Set from the ENVIRONMENT PROFILE ": null

2020-02-20 14:55:42 - [TEST_STEP][PASSED] - "OPEN BROWSER": null

2020-02-20 14:55:42 - [TEST_STEP][PASSED] - "eg - https://admin.preview.checkatrade.com/  ": null

2020-02-20 14:55:42 - [TEST_STEP][PASSED] - openBrowser(WebOfficeURL): Browser is opened with url: 'https://admin.preview.checkatrade.com/'

2020-02-20 14:55:42 - [MESSAGE][INFO] - Starting 'Firefox' driver

2020-02-20 14:55:49 - [MESSAGE][PASSED] - Browser is opened with url: 'https://admin.preview.checkatrade.com/'

2020-02-20 14:55:49 - [TEST_STEP][PASSED] - maximizeWindow(): Current window maximized

2020-02-20 14:55:49 - [MESSAGE][PASSED] - Current window maximized

2020-02-20 14:55:49 - [TEST_STEP][PASSED] - waitForElementClickable(findTestObject("Object Repository/WebOffice/Page_Checkatrade - Administration - Login/Login_Button"), 25): Object 'Object Repository/WebOffice/Page_Checkatrade - Administration - Login/Login_Button' is clickable

2020-02-20 14:55:49 - [MESSAGE][PASSED] - Object 'Object Repository/WebOffice/Page_Checkatrade - Administration - Login/Login_Button' is clickable

2020-02-20 14:55:49 - [TEST_STEP][PASSED] - verifyTextPresent("Checkatrade Web Office", false): Text 'Checkatrade Web Office' is present on page 

2020-02-20 14:55:50 - [MESSAGE][PASSED] - Text 'Checkatrade Web Office' is present on page 

2020-02-20 14:55:50 - [TEST_STEP][PASSED] - verifyTextPresent("Access for staff use only", false): Text 'Access for staff use only' is present on page 

2020-02-20 14:55:50 - [MESSAGE][PASSED] - Text 'Access for staff use only' is present on page 

2020-02-20 14:55:50 - [TEST_STEP][PASSED] - verifyTextPresent("Forgotten password?", false): Text 'Forgotten password?' is present on page 

2020-02-20 14:55:50 - [MESSAGE][PASSED] - Text 'Forgotten password?' is present on page 

2020-02-20 14:55:50 - [TEST_STEP][PASSED] - setText(findTestObject("Object Repository/WebOffice/Page_Checkatrade - Administration - Login/input_Username_LoginControlUserName"), wo_Username): Text 'DavidHo' is set on object 'Object Repository/WebOffice/Page_Checkatrade - Administration - Login/input_Username_LoginControlUserName'

2020-02-20 14:55:51 - [MESSAGE][PASSED] - Text 'DavidHo' is set on object 'Object Repository/WebOffice/Page_Checkatrade - Administration - Login/input_Username_LoginControlUserName'

2020-02-20 14:55:51 - [TEST_STEP][PASSED] - setText(findTestObject("Object Repository/WebOffice/Page_Checkatrade - Administration - Login/input_Password_LoginControlPassword"), wo_Password): Text 'Check123' is set on object 'Object Repository/WebOffice/Page_Checkatrade - Administration - Login/input_Password_LoginControlPassword'

2020-02-20 14:55:51 - [MESSAGE][PASSED] - Text 'Check123' is set on object 'Object Repository/WebOffice/Page_Checkatrade - Administration - Login/input_Password_LoginControlPassword'

2020-02-20 14:55:51 - [TEST_STEP][PASSED] - click(findTestObject("Object Repository/WebOffice/Page_Checkatrade - Administration - Login/Login_Button")): Object: 'Object Repository/WebOffice/Page_Checkatrade - Administration - Login/Login_Button' is clicked on

2020-02-20 14:55:52 - [MESSAGE][PASSED] - Object: 'Object Repository/WebOffice/Page_Checkatrade - Administration - Login/Login_Button' is clicked on

2020-02-20 14:55:52 - [TEST_STEP][PASSED] - waitForPageLoad(60): Wait for page load successfully

2020-02-20 14:55:52 - [MESSAGE][PASSED] - Wait for page load successfully

2020-02-20 14:55:52 - [TEST_STEP][PASSED] - verifyTextPresent("Welcome " + wo_Username, false): Text 'Welcome DavidHo' is present on page 

2020-02-20 14:55:53 - [MESSAGE][PASSED] - Text 'Welcome DavidHo' is present on page 

2020-02-20 14:55:53 - [MESSAGE][PASSED] - Call Test Case 'Test Cases/Reusable_Test_Sequences/Web_Office/Directives/WebOffice_StartUp' successfully

2020-02-20 14:55:53 - [TEST_STEP][PASSED] - "--------------------------------------": null

2020-02-20 14:55:53 - [TEST_STEP][PASSED] - " Navigate Top level menu Item         |": null

2020-02-20 14:55:53 - [TEST_STEP][PASSED] - waitForPageLoad(60): Wait for page load successfully

2020-02-20 14:55:53 - [MESSAGE][PASSED] - Wait for page load successfully

2020-02-20 14:55:54 - [TEST_STEP][PASSED] - waitForElementClickable(findTestObject("Object Repository/WebOffice_Home_page/a_Feedback"), 60): Object 'Object Repository/WebOffice_Home_page/a_Feedback' is clickable

2020-02-20 14:55:54 - [MESSAGE][PASSED] - Object 'Object Repository/WebOffice_Home_page/a_Feedback' is clickable

2020-02-20 14:55:54 - [TEST_STEP][PASSED] - click(findTestObject("Object Repository/WebOffice_Home_page/a_Feedback")): Object: 'Object Repository/WebOffice_Home_page/a_Feedback' is clicked on

2020-02-20 14:55:56 - [MESSAGE][PASSED] - Object: 'Object Repository/WebOffice_Home_page/a_Feedback' is clicked on

2020-02-20 14:55:56 - [TEST_STEP][PASSED] - waitForElementClickable(findTestObject("Object Repository/WebOffice/Feedback_Top/Feedback_Graphic"), 60): Object 'Object Repository/WebOffice/Feedback_Top/Feedback_Graphic' is clickable

2020-02-20 14:55:56 - [MESSAGE][PASSED] - Object 'Object Repository/WebOffice/Feedback_Top/Feedback_Graphic' is clickable

2020-02-20 14:55:56 - [TEST_STEP][PASSED] - delay(2): Delayed 2 second(s)

2020-02-20 14:55:58 - [MESSAGE][PASSED] - Delayed 2 second(s)

2020-02-20 14:55:58 - [TEST_STEP][PASSED] - waitForPageLoad(60): Wait for page load successfully

2020-02-20 14:55:58 - [MESSAGE][PASSED] - Wait for page load successfully

2020-02-20 14:55:58 - [TEST_STEP][PASSED] - "--------------------------------------": null

2020-02-20 14:55:58 - [TEST_STEP][PASSED] - " Verify Returned Page Content         |": null

2020-02-20 14:55:58 - [TEST_STEP][PASSED] - "--------------------------------------": null

2020-02-20 14:55:58 - [TEST_STEP][PASSED] - verifyElementVisible(findTestObject("Object Repository/WebOffice/Feedback_Top/Page_/a_Feedback")): Object 'Object Repository/WebOffice/Feedback_Top/Page_/a_Feedback' is visible

2020-02-20 14:55:58 - [MESSAGE][PASSED] - Object 'Object Repository/WebOffice/Feedback_Top/Page_/a_Feedback' is visible

2020-02-20 14:55:58 - [TEST_STEP][PASSED] - verifyElementVisible(findTestObject("Object Repository/WebOffice/Feedback_Top/Page_/h1_Feedback Management")): Object 'Object Repository/WebOffice/Feedback_Top/Page_/h1_Feedback Management' is visible

2020-02-20 14:55:59 - [MESSAGE][PASSED] - Object 'Object Repository/WebOffice/Feedback_Top/Page_/h1_Feedback Management' is visible

2020-02-20 14:55:59 - [TEST_STEP][PASSED] - verifyElementVisible(findTestObject("Object Repository/WebOffice/Feedback_Top/Page_/h3_Feedback Quick Statistics")): Object 'Object Repository/WebOffice/Feedback_Top/Page_/h3_Feedback Quick Statistics' is visible

2020-02-20 14:55:59 - [MESSAGE][PASSED] - Object 'Object Repository/WebOffice/Feedback_Top/Page_/h3_Feedback Quick Statistics' is visible

2020-02-20 14:55:59 - [TEST_STEP][PASSED] - verifyElementVisible(findTestObject("Object Repository/WebOffice/Feedback_Top/Page_/td_Feedback published last month")): Object 'Object Repository/WebOffice/Feedback_Top/Page_/td_Feedback published last month' is visible

2020-02-20 14:55:59 - [MESSAGE][PASSED] - Object 'Object Repository/WebOffice/Feedback_Top/Page_/td_Feedback published last month' is visible

2020-02-20 14:56:00 - [TEST_STEP][PASSED] - verifyElementVisible(findTestObject("Object Repository/WebOffice/Feedback_Top/Page_/td_Feedback published so far this month")): Object 'Object Repository/WebOffice/Feedback_Top/Page_/td_Feedback published so far this month' is visible

2020-02-20 14:56:00 - [MESSAGE][PASSED] - Object 'Object Repository/WebOffice/Feedback_Top/Page_/td_Feedback published so far this month' is visible

2020-02-20 14:56:00 - [TEST_STEP][PASSED] - verifyElementVisible(findTestObject("Object Repository/WebOffice/Feedback_Top/Page_/td_Feedback cards entered today")): Object 'Object Repository/WebOffice/Feedback_Top/Page_/td_Feedback cards entered today' is visible

2020-02-20 14:56:00 - [MESSAGE][PASSED] - Object 'Object Repository/WebOffice/Feedback_Top/Page_/td_Feedback cards entered today' is visible

2020-02-20 14:56:00 - [TEST_STEP][PASSED] - verifyElementVisible(findTestObject("Object Repository/WebOffice/Feedback_Top/Page_/td_Web Submissions for review")): Object 'Object Repository/WebOffice/Feedback_Top/Page_/td_Web Submissions for review' is visible

2020-02-20 14:56:00 - [MESSAGE][PASSED] - Object 'Object Repository/WebOffice/Feedback_Top/Page_/td_Web Submissions for review' is visible

2020-02-20 14:56:00 - [TEST_STEP][PASSED] - verifyElementVisible(findTestObject("Object Repository/WebOffice/Feedback_Top/Page_/td_Feedback selected for spot checking yesterday")): Object 'Object Repository/WebOffice/Feedback_Top/Page_/td_Feedback selected for spot checking yesterday' is visible

2020-02-20 14:56:01 - [MESSAGE][PASSED] - Object 'Object Repository/WebOffice/Feedback_Top/Page_/td_Feedback selected for spot checking yesterday' is visible

2020-02-20 14:56:01 - [TEST_STEP][PASSED] - verifyElementVisible(findTestObject("Object Repository/WebOffice/Feedback_Top/Page_/td_Feedback spot checking done today")): Object 'Object Repository/WebOffice/Feedback_Top/Page_/td_Feedback spot checking done today' is visible

2020-02-20 14:56:01 - [MESSAGE][PASSED] - Object 'Object Repository/WebOffice/Feedback_Top/Page_/td_Feedback spot checking done today' is visible

2020-02-20 14:56:01 - [TEST_STEP][PASSED] - verifyElementVisible(findTestObject("Object Repository/WebOffice/Feedback_Top/Page_/a_Add Feedback")): Object 'Object Repository/WebOffice/Feedback_Top/Page_/a_Add Feedback' is visible

2020-02-20 14:56:01 - [MESSAGE][PASSED] - Object 'Object Repository/WebOffice/Feedback_Top/Page_/a_Add Feedback' is visible

2020-02-20 14:56:01 - [TEST_STEP][PASSED] - verifyElementVisible(findTestObject("Object Repository/WebOffice/Feedback_Top/Page_/h3_Feedback - Last modified by you")): Object 'Object Repository/WebOffice/Feedback_Top/Page_/h3_Feedback - Last modified by you' is visible

2020-02-20 14:56:01 - [MESSAGE][PASSED] - Object 'Object Repository/WebOffice/Feedback_Top/Page_/h3_Feedback - Last modified by you' is visible

2020-02-20 14:56:01 - [TEST_STEP][PASSED] - verifyElementVisible(findTestObject("Object Repository/WebOffice/Feedback_Top/Page_/h3_Data Entry Statistics (last 7 days)")): Object 'Object Repository/WebOffice/Feedback_Top/Page_/h3_Data Entry Statistics (last 7 days)' is visible

2020-02-20 14:56:02 - [MESSAGE][PASSED] - Object 'Object Repository/WebOffice/Feedback_Top/Page_/h3_Data Entry Statistics (last 7 days)' is visible

2020-02-20 14:56:02 - [TEST_STEP][PASSED] - verifyElementVisible(findTestObject("Object Repository/WebOffice/Feedback_Top/Page_/h3_Feedback Submissions (by week)")): Object 'Object Repository/WebOffice/Feedback_Top/Page_/h3_Feedback Submissions (by week)' is visible

2020-02-20 14:56:02 - [MESSAGE][PASSED] - Object 'Object Repository/WebOffice/Feedback_Top/Page_/h3_Feedback Submissions (by week)' is visible

2020-02-20 14:56:02 - [TEST_STEP][PASSED] - delay(2): Delayed 2 second(s)

2020-02-20 14:56:04 - [MESSAGE][PASSED] - Delayed 2 second(s)

2020-02-20 14:56:04 - [TEST_STEP][PASSED] - verifyTextPresent("Reference Requests", false): Text 'Reference Requests' is present on page 

2020-02-20 14:56:05 - [MESSAGE][PASSED] - Text 'Reference Requests' is present on page 

2020-02-20 14:56:05 - [TEST_STEP][PASSED] - verifyTextPresent("References To Call", false): Text 'References To Call' is present on page 

2020-02-20 14:56:07 - [MESSAGE][PASSED] - Text 'References To Call' is present on page 

2020-02-20 14:56:07 - [TEST_STEP][PASSED] - verifyTextPresent("Online Reference Review", false): Text 'Online Reference Review' is present on page 

2020-02-20 14:56:08 - [MESSAGE][PASSED] - Text 'Online Reference Review' is present on page 

2020-02-20 14:56:08 - [TEST_STEP][PASSED] - verifyTextPresent("Free Of Charge Members", false): Text 'Free Of Charge Members' is present on page 

2020-02-20 14:56:09 - [MESSAGE][PASSED] - Text 'Free Of Charge Members' is present on page 

2020-02-20 14:56:09 - [TEST_STEP][PASSED] - verifyTextPresent("Non Member", false): Text 'Non Member' is present on page 

2020-02-20 14:56:11 - [MESSAGE][PASSED] - Text 'Non Member' is present on page 

2020-02-20 14:56:11 - [TEST_STEP][PASSED] - verifyTextPresent("Unused", false): Text 'Unused' is present on page 

2020-02-20 14:56:12 - [MESSAGE][PASSED] - Text 'Unused' is present on page 

2020-02-20 14:56:12 - [TEST_STEP][PASSED] - verifyTextPresent("Scanned Cards", false): Text 'Scanned Cards' is present on page 

2020-02-20 14:56:13 - [MESSAGE][PASSED] - Text 'Scanned Cards' is present on page 

2020-02-20 14:56:13 - [TEST_STEP][PASSED] - verifyTextPresent("Unvalidated Emails", false): Text 'Unvalidated Emails' is present on page 

2020-02-20 14:56:16 - [MESSAGE][PASSED] - Text 'Unvalidated Emails' is present on page 

2020-02-20 14:56:16 - [TEST_STEP][PASSED] - verifyTextPresent("Unvalidated Text", false): Text 'Unvalidated Text' is present on page 

2020-02-20 14:56:17 - [MESSAGE][PASSED] - Text 'Unvalidated Text' is present on page 

2020-02-20 14:56:17 - [TEST_STEP][PASSED] - verifyTextPresent("For Review", false): Text 'For Review' is present on page 

2020-02-20 14:56:18 - [MESSAGE][PASSED] - Text 'For Review' is present on page 

2020-02-20 14:56:18 - [TEST_STEP][PASSED] - verifyTextPresent("IP warnings", false): Text 'IP warnings' is present on page 

2020-02-20 14:56:21 - [MESSAGE][PASSED] - Text 'IP warnings' is present on page 

2020-02-20 14:56:21 - [TEST_STEP][PASSED] - verifyTextPresent("Invalid Details", false): Text 'Invalid Details' is present on page 

2020-02-20 14:56:22 - [MESSAGE][PASSED] - Text 'Invalid Details' is present on page 

2020-02-20 14:56:22 - [TEST_STEP][PASSED] - verifyTextPresent("Investigations", false): Text 'Investigations' is present on page 

2020-02-20 14:56:23 - [MESSAGE][PASSED] - Text 'Investigations' is present on page 

2020-02-20 14:56:23 - [TEST_STEP][PASSED] - verifyTextPresent("Published", false): Text 'Published' is present on page 

2020-02-20 14:56:24 - [MESSAGE][PASSED] - Text 'Published' is present on page 

2020-02-20 14:56:24 - [TEST_STEP][PASSED] - verifyTextPresent("Filter", false): Text 'Filter' is present on page 

2020-02-20 14:56:25 - [MESSAGE][PASSED] - Text 'Filter' is present on page 

2020-02-20 14:56:25 - [TEST_STEP][PASSED] - verifyTextPresent("Feedback about Member", false): Text 'Feedback about Member' is present on page 

2020-02-20 14:56:28 - [MESSAGE][PASSED] - Text 'Feedback about Member' is present on page 

2020-02-20 14:56:28 - [TEST_STEP][PASSED] - verifyTextPresent("Submitted by", false): Text 'Submitted by' is present on page 

2020-02-20 14:56:29 - [MESSAGE][PASSED] - Text 'Submitted by' is present on page 

2020-02-20 14:56:29 - [TEST_STEP][PASSED] - verifyTextPresent("Work date between", false): Text 'Work date between' is present on page 

2020-02-20 14:56:30 - [MESSAGE][PASSED] - Text 'Work date between' is present on page 

2020-02-20 14:56:30 - [TEST_STEP][PASSED] - verifyTextPresent("Description contains", false): Text 'Description contains' is present on page 

2020-02-20 14:56:32 - [MESSAGE][PASSED] - Text 'Description contains' is present on page 

2020-02-20 14:56:32 - [TEST_STEP][PASSED] - "Buttons": null

2020-02-20 14:56:32 - [TEST_STEP][PASSED] - "--------------------------": null

2020-02-20 14:56:32 - [TEST_STEP][PASSED] - " Teardown - CLose Browser |": null

2020-02-20 14:56:32 - [TEST_STEP][PASSED] - callTestCase(findTestCase("Reusable_Test_Sequences/CAT_Teardown"), [:], OPTIONAL): Call Test Case 'Test Cases/Reusable_Test_Sequences/CAT_Teardown' successfully

2020-02-20 14:56:32 - [TEST_CASE][PASSED] - Test Cases/Reusable_Test_Sequences/CAT_Teardown: Test Cases/Reusable_Test_Sequences/CAT_Teardown

2020-02-20 14:56:32 - [TEST_STEP][PASSED] - closeBrowser(): Browser is closed

2020-02-20 14:56:35 - [MESSAGE][PASSED] - Browser is closed

2020-02-20 14:56:35 - [MESSAGE][PASSED] - Call Test Case 'Test Cases/Reusable_Test_Sequences/CAT_Teardown' successfully]]></system-out>
         <system-err><![CDATA[]]></system-err>
      </testcase>
      <testcase name="Test Cases/Web_Office/Navigation_Checks/Consumers/Consumers_Top" time="29.44" classname="Test Cases/Web_Office/Navigation_Checks/Consumers/Consumers_Top" status="PASSED">
         <system-out><![CDATA[2020-02-20 14:56:35 - [TEST_CASE][PASSED] - Test Cases/Web_Office/Navigation_Checks/Consumers/Consumers_Top: Test Cases/Web_Office/Navigation_Checks/Consumers/Consumers_Top

2020-02-20 14:56:35 - [TEST_STEP][PASSED] - "--------------------------------------": null

2020-02-20 14:56:35 - [TEST_STEP][PASSED] - " Web Office StartUp                  |": null

2020-02-20 14:56:35 - [TEST_STEP][PASSED] - callTestCase(findTestCase("Reusable_Test_Sequences/Web_Office/Directives/WebOffice_StartUp"), [:], OPTIONAL): Call Test Case 'Test Cases/Reusable_Test_Sequences/Web_Office/Directives/WebOffice_StartUp' successfully

2020-02-20 14:56:35 - [TEST_CASE][PASSED] - Test Cases/Reusable_Test_Sequences/Web_Office/Directives/WebOffice_StartUp: Test Cases/Reusable_Test_Sequences/Web_Office/Directives/WebOffice_StartUp

2020-02-20 14:56:35 - [TEST_STEP][PASSED] - if (URL == "https://www.preview.checkatrade.com/"): null

2020-02-20 14:56:35 - [TEST_STEP][PASSED] - WebOfficeURL = "https://admin.preview.checkatrade.com/": null

2020-02-20 14:56:35 - [TEST_STEP][PASSED] - if (URL == "https://www.checkatrade.com/"): null

2020-02-20 14:56:35 - [TEST_STEP][PASSED] - "Set Function Area for "URL_Handler", URL Resolution": null

2020-02-20 14:56:35 - [TEST_STEP][PASSED] - "Do Some Magic with URL(s) See the comments within URL Handler ": null

2020-02-20 14:56:35 - [TEST_STEP][PASSED] - "------------------------------------------------": null

2020-02-20 14:56:35 - [TEST_STEP][PASSED] - "Moved Login Credentials to <Default> profile 22/01/2020": null

2020-02-20 14:56:35 - [TEST_STEP][PASSED] - "------------------------------------------------": null

2020-02-20 14:56:35 - [TEST_STEP][PASSED] - "WebOfficeURL - Set from the ENVIRONMENT PROFILE ": null

2020-02-20 14:56:35 - [TEST_STEP][PASSED] - "OPEN BROWSER": null

2020-02-20 14:56:35 - [TEST_STEP][PASSED] - "eg - https://admin.preview.checkatrade.com/  ": null

2020-02-20 14:56:35 - [TEST_STEP][PASSED] - openBrowser(WebOfficeURL): Browser is opened with url: 'https://admin.preview.checkatrade.com/'

2020-02-20 14:56:35 - [MESSAGE][INFO] - Starting 'Firefox' driver

2020-02-20 14:56:41 - [MESSAGE][PASSED] - Browser is opened with url: 'https://admin.preview.checkatrade.com/'

2020-02-20 14:56:41 - [TEST_STEP][PASSED] - maximizeWindow(): Current window maximized

2020-02-20 14:56:41 - [MESSAGE][PASSED] - Current window maximized

2020-02-20 14:56:41 - [TEST_STEP][PASSED] - waitForElementClickable(findTestObject("Object Repository/WebOffice/Page_Checkatrade - Administration - Login/Login_Button"), 25): Object 'Object Repository/WebOffice/Page_Checkatrade - Administration - Login/Login_Button' is clickable

2020-02-20 14:56:42 - [MESSAGE][PASSED] - Object 'Object Repository/WebOffice/Page_Checkatrade - Administration - Login/Login_Button' is clickable

2020-02-20 14:56:42 - [TEST_STEP][PASSED] - verifyTextPresent("Checkatrade Web Office", false): Text 'Checkatrade Web Office' is present on page 

2020-02-20 14:56:42 - [MESSAGE][PASSED] - Text 'Checkatrade Web Office' is present on page 

2020-02-20 14:56:42 - [TEST_STEP][PASSED] - verifyTextPresent("Access for staff use only", false): Text 'Access for staff use only' is present on page 

2020-02-20 14:56:42 - [MESSAGE][PASSED] - Text 'Access for staff use only' is present on page 

2020-02-20 14:56:42 - [TEST_STEP][PASSED] - verifyTextPresent("Forgotten password?", false): Text 'Forgotten password?' is present on page 

2020-02-20 14:56:42 - [MESSAGE][PASSED] - Text 'Forgotten password?' is present on page 

2020-02-20 14:56:42 - [TEST_STEP][PASSED] - setText(findTestObject("Object Repository/WebOffice/Page_Checkatrade - Administration - Login/input_Username_LoginControlUserName"), wo_Username): Text 'DavidHo' is set on object 'Object Repository/WebOffice/Page_Checkatrade - Administration - Login/input_Username_LoginControlUserName'

2020-02-20 14:56:42 - [MESSAGE][PASSED] - Text 'DavidHo' is set on object 'Object Repository/WebOffice/Page_Checkatrade - Administration - Login/input_Username_LoginControlUserName'

2020-02-20 14:56:42 - [TEST_STEP][PASSED] - setText(findTestObject("Object Repository/WebOffice/Page_Checkatrade - Administration - Login/input_Password_LoginControlPassword"), wo_Password): Text 'Check123' is set on object 'Object Repository/WebOffice/Page_Checkatrade - Administration - Login/input_Password_LoginControlPassword'

2020-02-20 14:56:42 - [MESSAGE][PASSED] - Text 'Check123' is set on object 'Object Repository/WebOffice/Page_Checkatrade - Administration - Login/input_Password_LoginControlPassword'

2020-02-20 14:56:42 - [TEST_STEP][PASSED] - click(findTestObject("Object Repository/WebOffice/Page_Checkatrade - Administration - Login/Login_Button")): Object: 'Object Repository/WebOffice/Page_Checkatrade - Administration - Login/Login_Button' is clicked on

2020-02-20 14:56:43 - [MESSAGE][PASSED] - Object: 'Object Repository/WebOffice/Page_Checkatrade - Administration - Login/Login_Button' is clicked on

2020-02-20 14:56:43 - [TEST_STEP][PASSED] - waitForPageLoad(60): Wait for page load successfully

2020-02-20 14:56:43 - [MESSAGE][PASSED] - Wait for page load successfully

2020-02-20 14:56:43 - [TEST_STEP][PASSED] - verifyTextPresent("Welcome " + wo_Username, false): Text 'Welcome DavidHo' is present on page 

2020-02-20 14:56:44 - [MESSAGE][PASSED] - Text 'Welcome DavidHo' is present on page 

2020-02-20 14:56:44 - [MESSAGE][PASSED] - Call Test Case 'Test Cases/Reusable_Test_Sequences/Web_Office/Directives/WebOffice_StartUp' successfully

2020-02-20 14:56:44 - [TEST_STEP][PASSED] - "--------------------------------------": null

2020-02-20 14:56:44 - [TEST_STEP][PASSED] - " Navigate Top level menu Item         |": null

2020-02-20 14:56:44 - [TEST_STEP][PASSED] - callTestCase(findTestCase("Reusable_Test_Sequences/Web_Office/Navigation/Navigate_Consumers"), [:], OPTIONAL): Call Test Case 'Test Cases/Reusable_Test_Sequences/Web_Office/Navigation/Navigate_Consumers' successfully

2020-02-20 14:56:44 - [TEST_CASE][PASSED] - Test Cases/Reusable_Test_Sequences/Web_Office/Navigation/Navigate_Consumers: Test Cases/Reusable_Test_Sequences/Web_Office/Navigation/Navigate_Consumers

2020-02-20 14:56:45 - [TEST_STEP][PASSED] - "--------------------------------------": null

2020-02-20 14:56:45 - [TEST_STEP][PASSED] - " Navigate Top level menu Item         |": null

2020-02-20 14:56:45 - [TEST_STEP][PASSED] - waitForPageLoad(60): Wait for page load successfully

2020-02-20 14:56:45 - [MESSAGE][PASSED] - Wait for page load successfully

2020-02-20 14:56:45 - [TEST_STEP][PASSED] - waitForElementClickable(findTestObject("Object Repository/WebOffice_Home_page/a_Consumers"), 60): Object 'Object Repository/WebOffice_Home_page/a_Consumers' is clickable

2020-02-20 14:56:45 - [MESSAGE][PASSED] - Object 'Object Repository/WebOffice_Home_page/a_Consumers' is clickable

2020-02-20 14:56:45 - [TEST_STEP][PASSED] - click(findTestObject("Object Repository/WebOffice_Home_page/a_Consumers")): Object: 'Object Repository/WebOffice_Home_page/a_Consumers' is clicked on

2020-02-20 14:56:46 - [MESSAGE][PASSED] - Object: 'Object Repository/WebOffice_Home_page/a_Consumers' is clicked on

2020-02-20 14:56:46 - [MESSAGE][PASSED] - Call Test Case 'Test Cases/Reusable_Test_Sequences/Web_Office/Navigation/Navigate_Consumers' successfully

2020-02-20 14:56:46 - [TEST_STEP][PASSED] - "--------------------------------------": null

2020-02-20 14:56:46 - [TEST_STEP][PASSED] - " Verify Returned Page Content         |": null

2020-02-20 14:56:46 - [TEST_STEP][PASSED] - "--------------------------------------": null

2020-02-20 14:56:46 - [TEST_STEP][PASSED] - verifyElementVisible(findTestObject("Object Repository/WebOffice/Consumers/Page_/a_Consumers")): Object 'Object Repository/WebOffice/Consumers/Page_/a_Consumers' is visible

2020-02-20 14:56:46 - [MESSAGE][PASSED] - Object 'Object Repository/WebOffice/Consumers/Page_/a_Consumers' is visible

2020-02-20 14:56:46 - [TEST_STEP][PASSED] - verifyElementVisible(findTestObject("Object Repository/WebOffice/Consumers/Page_/h4_Consumers")): Object 'Object Repository/WebOffice/Consumers/Page_/h4_Consumers' is visible

2020-02-20 14:56:47 - [MESSAGE][PASSED] - Object 'Object Repository/WebOffice/Consumers/Page_/h4_Consumers' is visible

2020-02-20 14:56:47 - [TEST_STEP][PASSED] - "-------------------------------": null

2020-02-20 14:56:47 - [TEST_STEP][PASSED] - "Left Hand Consumer Management  |": null

2020-02-20 14:56:47 - [TEST_STEP][PASSED] - "-------------------------------": null

2020-02-20 14:56:47 - [TEST_STEP][PASSED] - "Add Consumers": null

2020-02-20 14:56:47 - [TEST_STEP][PASSED] - verifyTextPresent("Filter", false): Text 'Filter' is present on page 

2020-02-20 14:56:48 - [MESSAGE][PASSED] - Text 'Filter' is present on page 

2020-02-20 14:56:48 - [TEST_STEP][PASSED] - verifyTextPresent("Forename", false): Text 'Forename' is present on page 

2020-02-20 14:56:49 - [MESSAGE][PASSED] - Text 'Forename' is present on page 

2020-02-20 14:56:49 - [TEST_STEP][PASSED] - verifyTextPresent("Surname", false): Text 'Surname' is present on page 

2020-02-20 14:56:50 - [MESSAGE][PASSED] - Text 'Surname' is present on page 

2020-02-20 14:56:50 - [TEST_STEP][PASSED] - verifyTextPresent("Mobile", false): Text 'Mobile' is present on page 

2020-02-20 14:56:51 - [MESSAGE][PASSED] - Text 'Mobile' is present on page 

2020-02-20 14:56:51 - [TEST_STEP][PASSED] - verifyTextPresent("Email", false): Text 'Email' is present on page 

2020-02-20 14:56:52 - [MESSAGE][PASSED] - Text 'Email' is present on page 

2020-02-20 14:56:52 - [TEST_STEP][PASSED] - verifyTextPresent("House", false): Text 'House' is present on page 

2020-02-20 14:56:53 - [MESSAGE][PASSED] - Text 'House' is present on page 

2020-02-20 14:56:53 - [TEST_STEP][PASSED] - verifyTextPresent("Street", false): Text 'Street' is present on page 

2020-02-20 14:56:55 - [MESSAGE][PASSED] - Text 'Street' is present on page 

2020-02-20 14:56:55 - [TEST_STEP][PASSED] - verifyTextPresent("Town", false): Text 'Town' is present on page 

2020-02-20 14:56:56 - [MESSAGE][PASSED] - Text 'Town' is present on page 

2020-02-20 14:56:56 - [TEST_STEP][PASSED] - verifyTextPresent("City", false): Text 'City' is present on page 

2020-02-20 14:56:57 - [MESSAGE][PASSED] - Text 'City' is present on page 

2020-02-20 14:56:57 - [TEST_STEP][PASSED] - verifyTextPresent("County", false): Text 'County' is present on page 

2020-02-20 14:56:58 - [MESSAGE][PASSED] - Text 'County' is present on page 

2020-02-20 14:56:58 - [TEST_STEP][PASSED] - verifyTextPresent("Postcode", false): Text 'Postcode' is present on page 

2020-02-20 14:56:58 - [MESSAGE][PASSED] - Text 'Postcode' is present on page 

2020-02-20 14:56:58 - [TEST_STEP][PASSED] - verifyTextPresent("Phone", false): Text 'Phone' is present on page 

2020-02-20 14:56:59 - [MESSAGE][PASSED] - Text 'Phone' is present on page 

2020-02-20 14:56:59 - [TEST_STEP][PASSED] - verifyTextPresent("Status", false): Text 'Status' is present on page 

2020-02-20 14:56:59 - [MESSAGE][PASSED] - Text 'Status' is present on page 

2020-02-20 14:56:59 - [TEST_STEP][PASSED] - verifyTextPresent("Type", false): Text 'Type' is present on page 

2020-02-20 14:57:00 - [MESSAGE][PASSED] - Text 'Type' is present on page 

2020-02-20 14:57:00 - [TEST_STEP][PASSED] - verifyTextPresent("Clear", false): Text 'Clear' is present on page 

2020-02-20 14:57:01 - [MESSAGE][PASSED] - Text 'Clear' is present on page 

2020-02-20 14:57:01 - [TEST_STEP][PASSED] - "--------------------------": null

2020-02-20 14:57:01 - [TEST_STEP][PASSED] - " Teardown - CLose Browser |": null

2020-02-20 14:57:01 - [TEST_STEP][PASSED] - callTestCase(findTestCase("Reusable_Test_Sequences/CAT_Teardown"), [:], OPTIONAL): Call Test Case 'Test Cases/Reusable_Test_Sequences/CAT_Teardown' successfully

2020-02-20 14:57:01 - [TEST_CASE][PASSED] - Test Cases/Reusable_Test_Sequences/CAT_Teardown: Test Cases/Reusable_Test_Sequences/CAT_Teardown

2020-02-20 14:57:01 - [TEST_STEP][PASSED] - closeBrowser(): Browser is closed

2020-02-20 14:57:04 - [MESSAGE][PASSED] - Browser is closed

2020-02-20 14:57:04 - [MESSAGE][PASSED] - Call Test Case 'Test Cases/Reusable_Test_Sequences/CAT_Teardown' successfully]]></system-out>
         <system-err><![CDATA[]]></system-err>
      </testcase>
      <testcase name="Test Cases/Web_Office/Navigation_Checks/Cases/Cases_Top" time="133.958" classname="Test Cases/Web_Office/Navigation_Checks/Cases/Cases_Top" status="PASSED">
         <system-out><![CDATA[2020-02-20 14:57:04 - [TEST_CASE][PASSED] - Test Cases/Web_Office/Navigation_Checks/Cases/Cases_Top: Test Cases/Web_Office/Navigation_Checks/Cases/Cases_Top

2020-02-20 14:57:05 - [TEST_STEP][PASSED] - "--------------------------------------": null

2020-02-20 14:57:05 - [TEST_STEP][PASSED] - " Web Office StartUp                  |": null

2020-02-20 14:57:05 - [TEST_STEP][PASSED] - callTestCase(findTestCase("Reusable_Test_Sequences/Web_Office/Directives/WebOffice_StartUp"), [:], OPTIONAL): Call Test Case 'Test Cases/Reusable_Test_Sequences/Web_Office/Directives/WebOffice_StartUp' successfully

2020-02-20 14:57:05 - [TEST_CASE][PASSED] - Test Cases/Reusable_Test_Sequences/Web_Office/Directives/WebOffice_StartUp: Test Cases/Reusable_Test_Sequences/Web_Office/Directives/WebOffice_StartUp

2020-02-20 14:57:05 - [TEST_STEP][PASSED] - if (URL == "https://www.preview.checkatrade.com/"): null

2020-02-20 14:57:05 - [TEST_STEP][PASSED] - WebOfficeURL = "https://admin.preview.checkatrade.com/": null

2020-02-20 14:57:05 - [TEST_STEP][PASSED] - if (URL == "https://www.checkatrade.com/"): null

2020-02-20 14:57:05 - [TEST_STEP][PASSED] - "Set Function Area for "URL_Handler", URL Resolution": null

2020-02-20 14:57:05 - [TEST_STEP][PASSED] - "Do Some Magic with URL(s) See the comments within URL Handler ": null

2020-02-20 14:57:05 - [TEST_STEP][PASSED] - "------------------------------------------------": null

2020-02-20 14:57:05 - [TEST_STEP][PASSED] - "Moved Login Credentials to <Default> profile 22/01/2020": null

2020-02-20 14:57:05 - [TEST_STEP][PASSED] - "------------------------------------------------": null

2020-02-20 14:57:05 - [TEST_STEP][PASSED] - "WebOfficeURL - Set from the ENVIRONMENT PROFILE ": null

2020-02-20 14:57:05 - [TEST_STEP][PASSED] - "OPEN BROWSER": null

2020-02-20 14:57:05 - [TEST_STEP][PASSED] - "eg - https://admin.preview.checkatrade.com/  ": null

2020-02-20 14:57:05 - [TEST_STEP][PASSED] - openBrowser(WebOfficeURL): Browser is opened with url: 'https://admin.preview.checkatrade.com/'

2020-02-20 14:57:05 - [MESSAGE][INFO] - Starting 'Firefox' driver

2020-02-20 14:57:15 - [MESSAGE][PASSED] - Browser is opened with url: 'https://admin.preview.checkatrade.com/'

2020-02-20 14:57:15 - [TEST_STEP][PASSED] - maximizeWindow(): Current window maximized

2020-02-20 14:57:15 - [MESSAGE][PASSED] - Current window maximized

2020-02-20 14:57:15 - [TEST_STEP][PASSED] - waitForElementClickable(findTestObject("Object Repository/WebOffice/Page_Checkatrade - Administration - Login/Login_Button"), 25): Object 'Object Repository/WebOffice/Page_Checkatrade - Administration - Login/Login_Button' is clickable

2020-02-20 14:57:15 - [MESSAGE][PASSED] - Object 'Object Repository/WebOffice/Page_Checkatrade - Administration - Login/Login_Button' is clickable

2020-02-20 14:57:15 - [TEST_STEP][PASSED] - verifyTextPresent("Checkatrade Web Office", false): Text 'Checkatrade Web Office' is present on page 

2020-02-20 14:57:15 - [MESSAGE][PASSED] - Text 'Checkatrade Web Office' is present on page 

2020-02-20 14:57:15 - [TEST_STEP][PASSED] - verifyTextPresent("Access for staff use only", false): Text 'Access for staff use only' is present on page 

2020-02-20 14:57:15 - [MESSAGE][PASSED] - Text 'Access for staff use only' is present on page 

2020-02-20 14:57:15 - [TEST_STEP][PASSED] - verifyTextPresent("Forgotten password?", false): Text 'Forgotten password?' is present on page 

2020-02-20 14:57:15 - [MESSAGE][PASSED] - Text 'Forgotten password?' is present on page 

2020-02-20 14:57:15 - [TEST_STEP][PASSED] - setText(findTestObject("Object Repository/WebOffice/Page_Checkatrade - Administration - Login/input_Username_LoginControlUserName"), wo_Username): Text 'DavidHo' is set on object 'Object Repository/WebOffice/Page_Checkatrade - Administration - Login/input_Username_LoginControlUserName'

2020-02-20 14:57:16 - [MESSAGE][PASSED] - Text 'DavidHo' is set on object 'Object Repository/WebOffice/Page_Checkatrade - Administration - Login/input_Username_LoginControlUserName'

2020-02-20 14:57:16 - [TEST_STEP][PASSED] - setText(findTestObject("Object Repository/WebOffice/Page_Checkatrade - Administration - Login/input_Password_LoginControlPassword"), wo_Password): Text 'Check123' is set on object 'Object Repository/WebOffice/Page_Checkatrade - Administration - Login/input_Password_LoginControlPassword'

2020-02-20 14:57:16 - [MESSAGE][PASSED] - Text 'Check123' is set on object 'Object Repository/WebOffice/Page_Checkatrade - Administration - Login/input_Password_LoginControlPassword'

2020-02-20 14:57:16 - [TEST_STEP][PASSED] - click(findTestObject("Object Repository/WebOffice/Page_Checkatrade - Administration - Login/Login_Button")): Object: 'Object Repository/WebOffice/Page_Checkatrade - Administration - Login/Login_Button' is clicked on

2020-02-20 14:57:17 - [MESSAGE][PASSED] - Object: 'Object Repository/WebOffice/Page_Checkatrade - Administration - Login/Login_Button' is clicked on

2020-02-20 14:57:17 - [TEST_STEP][PASSED] - waitForPageLoad(60): Wait for page load successfully

2020-02-20 14:57:17 - [MESSAGE][PASSED] - Wait for page load successfully

2020-02-20 14:57:17 - [TEST_STEP][PASSED] - verifyTextPresent("Welcome " + wo_Username, false): Text 'Welcome DavidHo' is present on page 

2020-02-20 14:57:18 - [MESSAGE][PASSED] - Text 'Welcome DavidHo' is present on page 

2020-02-20 14:57:18 - [MESSAGE][PASSED] - Call Test Case 'Test Cases/Reusable_Test_Sequences/Web_Office/Directives/WebOffice_StartUp' successfully

2020-02-20 14:57:18 - [TEST_STEP][PASSED] - "--------------------------------------": null

2020-02-20 14:57:18 - [TEST_STEP][PASSED] - " Navigate Top level menu Item         |": null

2020-02-20 14:57:18 - [TEST_STEP][PASSED] - delay(5): Delayed 5 second(s)

2020-02-20 14:57:23 - [MESSAGE][PASSED] - Delayed 5 second(s)

2020-02-20 14:57:23 - [TEST_STEP][PASSED] - waitForPageLoad(60): Wait for page load successfully

2020-02-20 14:57:23 - [MESSAGE][PASSED] - Wait for page load successfully

2020-02-20 14:57:23 - [TEST_STEP][PASSED] - waitForElementClickable(findTestObject("Object Repository/WebOffice_Home_page/a_Cases"), 60): Object 'Object Repository/WebOffice_Home_page/a_Cases' is clickable

2020-02-20 14:57:23 - [MESSAGE][PASSED] - Object 'Object Repository/WebOffice_Home_page/a_Cases' is clickable

2020-02-20 14:57:23 - [TEST_STEP][PASSED] - click(findTestObject("Object Repository/WebOffice_Home_page/a_Cases")): Object: 'Object Repository/WebOffice_Home_page/a_Cases' is clicked on

2020-02-20 14:57:25 - [MESSAGE][PASSED] - Object: 'Object Repository/WebOffice_Home_page/a_Cases' is clicked on

2020-02-20 14:57:25 - [TEST_STEP][PASSED] - "--------------------------------------": null

2020-02-20 14:57:25 - [TEST_STEP][PASSED] - " Verify Returned Page Content         |": null

2020-02-20 14:57:25 - [TEST_STEP][PASSED] - waitForPageLoad(60): Wait for page load successfully

2020-02-20 14:57:25 - [MESSAGE][PASSED] - Wait for page load successfully

2020-02-20 14:57:25 - [TEST_STEP][PASSED] - delay(5): Delayed 5 second(s)

2020-02-20 14:57:30 - [MESSAGE][PASSED] - Delayed 5 second(s)

2020-02-20 14:57:30 - [TEST_STEP][PASSED] - verifyElementVisible(findTestObject("Object Repository/WebOffice/Cases_Top/Page_Checkatrade - Administration - Login/Page_/div_Todays Activity")): Object 'Object Repository/WebOffice/Cases_Top/Page_Checkatrade - Administration - Login/Page_/div_Todays Activity' is visible

2020-02-20 14:57:31 - [MESSAGE][PASSED] - Object 'Object Repository/WebOffice/Cases_Top/Page_Checkatrade - Administration - Login/Page_/div_Todays Activity' is visible

2020-02-20 14:57:31 - [TEST_STEP][PASSED] - verifyElementVisible(findTestObject("Object Repository/WebOffice/Cases_Top/Page_Checkatrade - Administration - Login/Page_/table_My To Do List")): Object 'Object Repository/WebOffice/Cases_Top/Page_Checkatrade - Administration - Login/Page_/table_My To Do List' is visible

2020-02-20 14:57:31 - [MESSAGE][PASSED] - Object 'Object Repository/WebOffice/Cases_Top/Page_Checkatrade - Administration - Login/Page_/table_My To Do List' is visible

2020-02-20 14:57:31 - [TEST_STEP][PASSED] - verifyElementVisible(findTestObject("Object Repository/WebOffice/Cases_Top/Page_Checkatrade - Administration - Login/Page_/h3_My Recent Comments")): Object 'Object Repository/WebOffice/Cases_Top/Page_Checkatrade - Administration - Login/Page_/h3_My Recent Comments' is visible

2020-02-20 14:57:31 - [MESSAGE][PASSED] - Object 'Object Repository/WebOffice/Cases_Top/Page_Checkatrade - Administration - Login/Page_/h3_My Recent Comments' is visible

2020-02-20 14:57:31 - [TEST_STEP][PASSED] - verifyElementVisible(findTestObject("Object Repository/WebOffice/Cases_Top/Page_Checkatrade - Administration - Login/Page_/th_By You")): Object 'Object Repository/WebOffice/Cases_Top/Page_Checkatrade - Administration - Login/Page_/th_By You' is visible

2020-02-20 14:57:31 - [MESSAGE][PASSED] - Object 'Object Repository/WebOffice/Cases_Top/Page_Checkatrade - Administration - Login/Page_/th_By You' is visible

2020-02-20 14:57:31 - [TEST_STEP][PASSED] - verifyElementVisible(findTestObject("Object Repository/WebOffice/Cases_Top/Page_Checkatrade - Administration - Login/Page_/th_Your Department")): Object 'Object Repository/WebOffice/Cases_Top/Page_Checkatrade - Administration - Login/Page_/th_Your Department' is visible

2020-02-20 14:57:32 - [MESSAGE][PASSED] - Object 'Object Repository/WebOffice/Cases_Top/Page_Checkatrade - Administration - Login/Page_/th_Your Department' is visible

2020-02-20 14:57:32 - [TEST_STEP][PASSED] - verifyElementVisible(findTestObject("Object Repository/WebOffice/Cases_Top/Page_Checkatrade - Administration - Login/Page_/th_Everybody")): Object 'Object Repository/WebOffice/Cases_Top/Page_Checkatrade - Administration - Login/Page_/th_Everybody' is visible

2020-02-20 14:57:32 - [MESSAGE][PASSED] - Object 'Object Repository/WebOffice/Cases_Top/Page_Checkatrade - Administration - Login/Page_/th_Everybody' is visible

2020-02-20 14:57:32 - [TEST_STEP][PASSED] - verifyElementVisible(findTestObject("Object Repository/WebOffice/Cases_Top/Page_Checkatrade - Administration - Login/Page_/td_Cases Created")): Object 'Object Repository/WebOffice/Cases_Top/Page_Checkatrade - Administration - Login/Page_/td_Cases Created' is visible

2020-02-20 14:57:32 - [MESSAGE][PASSED] - Object 'Object Repository/WebOffice/Cases_Top/Page_Checkatrade - Administration - Login/Page_/td_Cases Created' is visible

2020-02-20 14:57:32 - [TEST_STEP][PASSED] - verifyElementVisible(findTestObject("Object Repository/WebOffice/Cases_Top/Page_Checkatrade - Administration - Login/Page_/td_Comments Added")): Object 'Object Repository/WebOffice/Cases_Top/Page_Checkatrade - Administration - Login/Page_/td_Comments Added' is visible

2020-02-20 14:57:32 - [MESSAGE][PASSED] - Object 'Object Repository/WebOffice/Cases_Top/Page_Checkatrade - Administration - Login/Page_/td_Comments Added' is visible

2020-02-20 14:57:32 - [TEST_STEP][PASSED] - verifyElementVisible(findTestObject("Object Repository/WebOffice/Cases_Top/Page_Checkatrade - Administration - Login/Page_/td_To Do Items Done")): Object 'Object Repository/WebOffice/Cases_Top/Page_Checkatrade - Administration - Login/Page_/td_To Do Items Done' is visible

2020-02-20 14:57:33 - [MESSAGE][PASSED] - Object 'Object Repository/WebOffice/Cases_Top/Page_Checkatrade - Administration - Login/Page_/td_To Do Items Done' is visible

2020-02-20 14:57:33 - [TEST_STEP][PASSED] - verifyTextPresent("Cases", false): Text 'Cases' is present on page 

2020-02-20 14:57:44 - [MESSAGE][PASSED] - Text 'Cases' is present on page 

2020-02-20 14:57:44 - [TEST_STEP][PASSED] - verifyTextPresent("My To Do List", false): Text 'My To Do List' is present on page 

2020-02-20 14:57:57 - [MESSAGE][PASSED] - Text 'My To Do List' is present on page 

2020-02-20 14:57:57 - [TEST_STEP][PASSED] - verifyTextPresent("Member Engagement Calls", false): Text 'Member Engagement Calls' is present on page 

2020-02-20 14:58:06 - [MESSAGE][PASSED] - Text 'Member Engagement Calls' is present on page 

2020-02-20 14:58:06 - [TEST_STEP][PASSED] - verifyTextPresent("TradeRegister", false): Text 'TradeRegister' is present on page 

2020-02-20 14:58:13 - [MESSAGE][PASSED] - Text 'TradeRegister' is present on page 

2020-02-20 14:58:13 - [TEST_STEP][PASSED] - verifyTextPresent("Admin", false): Text 'Admin' is present on page 

2020-02-20 14:58:25 - [MESSAGE][PASSED] - Text 'Admin' is present on page 

2020-02-20 14:58:25 - [TEST_STEP][PASSED] - verifyTextPresent("Appointment", false): Text 'Appointment' is present on page 

2020-02-20 14:58:34 - [MESSAGE][PASSED] - Text 'Appointment' is present on page 

2020-02-20 14:58:34 - [TEST_STEP][PASSED] - verifyTextPresent("Cold Call", false): Text 'Cold Call' is present on page 

2020-02-20 14:58:43 - [MESSAGE][PASSED] - Text 'Cold Call' is present on page 

2020-02-20 14:58:43 - [TEST_STEP][PASSED] - verifyTextPresent("New Recommendation", false): Text 'New Recommendation' is present on page 

2020-02-20 14:58:50 - [MESSAGE][PASSED] - Text 'New Recommendation' is present on page 

2020-02-20 14:58:50 - [TEST_STEP][PASSED] - verifyTextPresent("Membership Tasks", false): Text 'Membership Tasks' is present on page 

2020-02-20 14:59:02 - [MESSAGE][PASSED] - Text 'Membership Tasks' is present on page 

2020-02-20 14:59:02 - [TEST_STEP][PASSED] - verifyTextPresent("Cancellation > MA", false): Text 'Cancellation > MA' is present on page 

2020-02-20 14:59:11 - [MESSAGE][PASSED] - Text 'Cancellation > MA' is present on page 

2020-02-20 14:59:11 - [TEST_STEP][PASSED] - verifyTextPresent("Follow Up Call", false): Text 'Follow Up Call' is present on page 

2020-02-20 14:59:17 - [MESSAGE][PASSED] - Text 'Follow Up Call' is present on page 

2020-02-20 14:59:17 - [TEST_STEP][PASSED] - "--------------------------": null

2020-02-20 14:59:17 - [TEST_STEP][PASSED] - " Teardown - CLose Browser |": null

2020-02-20 14:59:17 - [TEST_STEP][PASSED] - callTestCase(findTestCase("Reusable_Test_Sequences/CAT_Teardown"), [:], OPTIONAL): Call Test Case 'Test Cases/Reusable_Test_Sequences/CAT_Teardown' successfully

2020-02-20 14:59:17 - [TEST_CASE][PASSED] - Test Cases/Reusable_Test_Sequences/CAT_Teardown: Test Cases/Reusable_Test_Sequences/CAT_Teardown

2020-02-20 14:59:17 - [TEST_STEP][PASSED] - closeBrowser(): Browser is closed

2020-02-20 14:59:18 - [MESSAGE][PASSED] - Browser is closed

2020-02-20 14:59:18 - [MESSAGE][PASSED] - Call Test Case 'Test Cases/Reusable_Test_Sequences/CAT_Teardown' successfully]]></system-out>
         <system-err><![CDATA[]]></system-err>
      </testcase>
      <testcase name="Test Cases/Web_Office/Navigation_Checks/Reports/Reports_Top" time="41.896" classname="Test Cases/Web_Office/Navigation_Checks/Reports/Reports_Top" status="PASSED">
         <system-out><![CDATA[2020-02-20 14:59:18 - [TEST_CASE][PASSED] - Test Cases/Web_Office/Navigation_Checks/Reports/Reports_Top: Test Cases/Web_Office/Navigation_Checks/Reports/Reports_Top

2020-02-20 14:59:19 - [TEST_STEP][PASSED] - "--------------------------------------": null

2020-02-20 14:59:19 - [TEST_STEP][PASSED] - " Web Office StartUp                  |": null

2020-02-20 14:59:19 - [TEST_STEP][PASSED] - callTestCase(findTestCase("Reusable_Test_Sequences/Web_Office/Directives/WebOffice_StartUp"), [:], OPTIONAL): Call Test Case 'Test Cases/Reusable_Test_Sequences/Web_Office/Directives/WebOffice_StartUp' successfully

2020-02-20 14:59:19 - [TEST_CASE][PASSED] - Test Cases/Reusable_Test_Sequences/Web_Office/Directives/WebOffice_StartUp: Test Cases/Reusable_Test_Sequences/Web_Office/Directives/WebOffice_StartUp

2020-02-20 14:59:19 - [TEST_STEP][PASSED] - if (URL == "https://www.preview.checkatrade.com/"): null

2020-02-20 14:59:19 - [TEST_STEP][PASSED] - WebOfficeURL = "https://admin.preview.checkatrade.com/": null

2020-02-20 14:59:19 - [TEST_STEP][PASSED] - if (URL == "https://www.checkatrade.com/"): null

2020-02-20 14:59:19 - [TEST_STEP][PASSED] - "Set Function Area for "URL_Handler", URL Resolution": null

2020-02-20 14:59:19 - [TEST_STEP][PASSED] - "Do Some Magic with URL(s) See the comments within URL Handler ": null

2020-02-20 14:59:19 - [TEST_STEP][PASSED] - "------------------------------------------------": null

2020-02-20 14:59:19 - [TEST_STEP][PASSED] - "Moved Login Credentials to <Default> profile 22/01/2020": null

2020-02-20 14:59:19 - [TEST_STEP][PASSED] - "------------------------------------------------": null

2020-02-20 14:59:19 - [TEST_STEP][PASSED] - "WebOfficeURL - Set from the ENVIRONMENT PROFILE ": null

2020-02-20 14:59:19 - [TEST_STEP][PASSED] - "OPEN BROWSER": null

2020-02-20 14:59:19 - [TEST_STEP][PASSED] - "eg - https://admin.preview.checkatrade.com/  ": null

2020-02-20 14:59:19 - [TEST_STEP][PASSED] - openBrowser(WebOfficeURL): Browser is opened with url: 'https://admin.preview.checkatrade.com/'

2020-02-20 14:59:19 - [MESSAGE][INFO] - Starting 'Firefox' driver

2020-02-20 14:59:27 - [MESSAGE][PASSED] - Browser is opened with url: 'https://admin.preview.checkatrade.com/'

2020-02-20 14:59:27 - [TEST_STEP][PASSED] - maximizeWindow(): Current window maximized

2020-02-20 14:59:27 - [MESSAGE][PASSED] - Current window maximized

2020-02-20 14:59:27 - [TEST_STEP][PASSED] - waitForElementClickable(findTestObject("Object Repository/WebOffice/Page_Checkatrade - Administration - Login/Login_Button"), 25): Object 'Object Repository/WebOffice/Page_Checkatrade - Administration - Login/Login_Button' is clickable

2020-02-20 14:59:27 - [MESSAGE][PASSED] - Object 'Object Repository/WebOffice/Page_Checkatrade - Administration - Login/Login_Button' is clickable

2020-02-20 14:59:27 - [TEST_STEP][PASSED] - verifyTextPresent("Checkatrade Web Office", false): Text 'Checkatrade Web Office' is present on page 

2020-02-20 14:59:28 - [MESSAGE][PASSED] - Text 'Checkatrade Web Office' is present on page 

2020-02-20 14:59:28 - [TEST_STEP][PASSED] - verifyTextPresent("Access for staff use only", false): Text 'Access for staff use only' is present on page 

2020-02-20 14:59:28 - [MESSAGE][PASSED] - Text 'Access for staff use only' is present on page 

2020-02-20 14:59:28 - [TEST_STEP][PASSED] - verifyTextPresent("Forgotten password?", false): Text 'Forgotten password?' is present on page 

2020-02-20 14:59:28 - [MESSAGE][PASSED] - Text 'Forgotten password?' is present on page 

2020-02-20 14:59:28 - [TEST_STEP][PASSED] - setText(findTestObject("Object Repository/WebOffice/Page_Checkatrade - Administration - Login/input_Username_LoginControlUserName"), wo_Username): Text 'DavidHo' is set on object 'Object Repository/WebOffice/Page_Checkatrade - Administration - Login/input_Username_LoginControlUserName'

2020-02-20 14:59:28 - [MESSAGE][PASSED] - Text 'DavidHo' is set on object 'Object Repository/WebOffice/Page_Checkatrade - Administration - Login/input_Username_LoginControlUserName'

2020-02-20 14:59:28 - [TEST_STEP][PASSED] - setText(findTestObject("Object Repository/WebOffice/Page_Checkatrade - Administration - Login/input_Password_LoginControlPassword"), wo_Password): Text 'Check123' is set on object 'Object Repository/WebOffice/Page_Checkatrade - Administration - Login/input_Password_LoginControlPassword'

2020-02-20 14:59:28 - [MESSAGE][PASSED] - Text 'Check123' is set on object 'Object Repository/WebOffice/Page_Checkatrade - Administration - Login/input_Password_LoginControlPassword'

2020-02-20 14:59:28 - [TEST_STEP][PASSED] - click(findTestObject("Object Repository/WebOffice/Page_Checkatrade - Administration - Login/Login_Button")): Object: 'Object Repository/WebOffice/Page_Checkatrade - Administration - Login/Login_Button' is clicked on

2020-02-20 14:59:29 - [MESSAGE][PASSED] - Object: 'Object Repository/WebOffice/Page_Checkatrade - Administration - Login/Login_Button' is clicked on

2020-02-20 14:59:29 - [TEST_STEP][PASSED] - waitForPageLoad(60): Wait for page load successfully

2020-02-20 14:59:29 - [MESSAGE][PASSED] - Wait for page load successfully

2020-02-20 14:59:29 - [TEST_STEP][PASSED] - verifyTextPresent("Welcome " + wo_Username, false): Text 'Welcome DavidHo' is present on page 

2020-02-20 14:59:30 - [MESSAGE][PASSED] - Text 'Welcome DavidHo' is present on page 

2020-02-20 14:59:30 - [MESSAGE][PASSED] - Call Test Case 'Test Cases/Reusable_Test_Sequences/Web_Office/Directives/WebOffice_StartUp' successfully

2020-02-20 14:59:30 - [TEST_STEP][PASSED] - "--------------------------------------": null

2020-02-20 14:59:30 - [TEST_STEP][PASSED] - " Navigate Top level menu Item         |": null

2020-02-20 14:59:30 - [TEST_STEP][PASSED] - waitForPageLoad(60): Wait for page load successfully

2020-02-20 14:59:30 - [MESSAGE][PASSED] - Wait for page load successfully

2020-02-20 14:59:30 - [TEST_STEP][PASSED] - waitForElementClickable(findTestObject("Object Repository/WebOffice_Home_page/a_Reports"), 60): Object 'Object Repository/WebOffice_Home_page/a_Reports' is clickable

2020-02-20 14:59:30 - [MESSAGE][PASSED] - Object 'Object Repository/WebOffice_Home_page/a_Reports' is clickable

2020-02-20 14:59:30 - [TEST_STEP][PASSED] - click(findTestObject("Object Repository/WebOffice_Home_page/a_Reports")): Object: 'Object Repository/WebOffice_Home_page/a_Reports' is clicked on

2020-02-20 14:59:36 - [MESSAGE][PASSED] - Object: 'Object Repository/WebOffice_Home_page/a_Reports' is clicked on

2020-02-20 14:59:36 - [TEST_STEP][PASSED] - delay(2): Delayed 2 second(s)

2020-02-20 14:59:38 - [MESSAGE][PASSED] - Delayed 2 second(s)

2020-02-20 14:59:38 - [TEST_STEP][PASSED] - waitForPageLoad(60): Wait for page load successfully

2020-02-20 14:59:38 - [MESSAGE][PASSED] - Wait for page load successfully

2020-02-20 14:59:38 - [TEST_STEP][PASSED] - waitForElementVisible(findTestObject("Object Repository/WebOffice/Cases_Top/Reports_Top/Page_/img_See more _ctl00_CP1_WebChart1"), 60): Object 'Object Repository/WebOffice/Cases_Top/Reports_Top/Page_/img_See more _ctl00_CP1_WebChart1' is visible

2020-02-20 14:59:48 - [MESSAGE][PASSED] - Object 'Object Repository/WebOffice/Cases_Top/Reports_Top/Page_/img_See more _ctl00_CP1_WebChart1' is visible

2020-02-20 14:59:48 - [TEST_STEP][PASSED] - "--------------------------------------": null

2020-02-20 14:59:48 - [TEST_STEP][PASSED] - " Verify Returned Page Content         |": null

2020-02-20 14:59:48 - [TEST_STEP][PASSED] - "--------------------------------------": null

2020-02-20 14:59:48 - [TEST_STEP][PASSED] - verifyTextPresent("Web Activity", false): Text 'Web Activity' is present on page 

2020-02-20 14:59:49 - [MESSAGE][PASSED] - Text 'Web Activity' is present on page 

2020-02-20 14:59:49 - [TEST_STEP][PASSED] - verifyTextPresent("Recent Searches", false): Text 'Recent Searches' is present on page 

2020-02-20 14:59:50 - [MESSAGE][PASSED] - Text 'Recent Searches' is present on page 

2020-02-20 14:59:50 - [TEST_STEP][PASSED] - verifyTextPresent("Search on", false): Text 'Search on' is present on page 

2020-02-20 14:59:51 - [MESSAGE][PASSED] - Text 'Search on' is present on page 

2020-02-20 14:59:51 - [TEST_STEP][PASSED] - verifyTextPresent("Search for", false): Text 'Search for' is present on page 

2020-02-20 14:59:52 - [MESSAGE][PASSED] - Text 'Search for' is present on page 

2020-02-20 14:59:52 - [TEST_STEP][PASSED] - verifyTextPresent("In", false): Text 'In' is present on page 

2020-02-20 14:59:53 - [MESSAGE][PASSED] - Text 'In' is present on page 

2020-02-20 14:59:53 - [TEST_STEP][PASSED] - verifyTextPresent("No. Results", false): Text 'No. Results' is present on page 

2020-02-20 14:59:54 - [MESSAGE][PASSED] - Text 'No. Results' is present on page 

2020-02-20 14:59:54 - [TEST_STEP][PASSED] - verifyTextPresent("See more …", false): Text 'See more …' is present on page 

2020-02-20 14:59:55 - [MESSAGE][PASSED] - Text 'See more …' is present on page 

2020-02-20 14:59:55 - [TEST_STEP][PASSED] - verifyTextPresent("Most Viewed Companies (in past 7 days)", false): Text 'Most Viewed Companies (in past 7 days)' is present on page 

2020-02-20 14:59:56 - [MESSAGE][PASSED] - Text 'Most Viewed Companies (in past 7 days)' is present on page 

2020-02-20 14:59:56 - [TEST_STEP][PASSED] - verifyTextPresent("Company", false): Text 'Company' is present on page 

2020-02-20 14:59:58 - [MESSAGE][PASSED] - Text 'Company' is present on page 

2020-02-20 14:59:58 - [TEST_STEP][PASSED] - verifyElementVisible(findTestObject("Object Repository/WebOffice/Cases_Top/Reports_Top/Page_/img_See more _ctl00_CP1_WebChart1")): Object 'Object Repository/WebOffice/Cases_Top/Reports_Top/Page_/img_See more _ctl00_CP1_WebChart1' is visible

2020-02-20 14:59:58 - [MESSAGE][PASSED] - Object 'Object Repository/WebOffice/Cases_Top/Reports_Top/Page_/img_See more _ctl00_CP1_WebChart1' is visible

2020-02-20 14:59:58 - [TEST_STEP][PASSED] - verifyElementVisible(findTestObject("Object Repository/WebOffice/Cases_Top/Reports_Top/Page_/th_Date")): Object 'Object Repository/WebOffice/Cases_Top/Reports_Top/Page_/th_Date' is visible

2020-02-20 14:59:58 - [MESSAGE][PASSED] - Object 'Object Repository/WebOffice/Cases_Top/Reports_Top/Page_/th_Date' is visible

2020-02-20 14:59:58 - [TEST_STEP][PASSED] - verifyElementVisible(findTestObject("Object Repository/WebOffice/Cases_Top/Reports_Top/Page_/th_Unique Visitors")): Object 'Object Repository/WebOffice/Cases_Top/Reports_Top/Page_/th_Unique Visitors' is visible

2020-02-20 14:59:58 - [MESSAGE][PASSED] - Object 'Object Repository/WebOffice/Cases_Top/Reports_Top/Page_/th_Unique Visitors' is visible

2020-02-20 14:59:58 - [TEST_STEP][PASSED] - verifyElementVisible(findTestObject("Object Repository/WebOffice/Cases_Top/Reports_Top/Page_/th_Searches")): Object 'Object Repository/WebOffice/Cases_Top/Reports_Top/Page_/th_Searches' is visible

2020-02-20 14:59:58 - [MESSAGE][PASSED] - Object 'Object Repository/WebOffice/Cases_Top/Reports_Top/Page_/th_Searches' is visible

2020-02-20 14:59:58 - [TEST_STEP][PASSED] - verifyElementVisible(findTestObject("Object Repository/WebOffice/Cases_Top/Reports_Top/Page_/th_Company Views")): Object 'Object Repository/WebOffice/Cases_Top/Reports_Top/Page_/th_Company Views' is visible

2020-02-20 14:59:58 - [MESSAGE][PASSED] - Object 'Object Repository/WebOffice/Cases_Top/Reports_Top/Page_/th_Company Views' is visible

2020-02-20 14:59:58 - [TEST_STEP][PASSED] - "--------------------------": null

2020-02-20 14:59:58 - [TEST_STEP][PASSED] - " Teardown - CLose Browser |": null

2020-02-20 14:59:58 - [TEST_STEP][PASSED] - callTestCase(findTestCase("Reusable_Test_Sequences/CAT_Teardown"), [:], OPTIONAL): Call Test Case 'Test Cases/Reusable_Test_Sequences/CAT_Teardown' successfully

2020-02-20 14:59:58 - [TEST_CASE][PASSED] - Test Cases/Reusable_Test_Sequences/CAT_Teardown: Test Cases/Reusable_Test_Sequences/CAT_Teardown

2020-02-20 14:59:58 - [TEST_STEP][PASSED] - closeBrowser(): Browser is closed

2020-02-20 15:00:00 - [MESSAGE][PASSED] - Browser is closed

2020-02-20 15:00:00 - [MESSAGE][PASSED] - Call Test Case 'Test Cases/Reusable_Test_Sequences/CAT_Teardown' successfully]]></system-out>
         <system-err><![CDATA[]]></system-err>
      </testcase>
      <system-out><![CDATA[2020-02-20 14:52:18 - [TEST_SUITE][PASSED] - Web_Office_Top_Level: Test Cases/Web_Office/Navigation_Checks/Reports/Reports_Top]]></system-out>
      <system-err><![CDATA[]]></system-err>
   </testsuite>
</testsuites>
