<?xml version="1.0" encoding="UTF-8"?>
<testsuites name="WebOffice_Header_Search" time="134.623" tests="1" failures="0" errors="0">
   <testsuite name="WebOffice_Header_Search" tests="1" failures="0" errors="0" time="134.623" timestamp="2019-12-11 13:16:56" hostname="DavidHo - VETTEDSP36RF.check.local" id="Test Suites/WebOffice_Header_Search">
      <properties>
         <property name="deviceName" value=""/>
         <property name="devicePlatform" value=""/>
         <property name="logFolder" value="C:\\Users\\davidho\\Katalon Studio\\Start\\Reports\\20191211_130551\\WebOffice_Header_Search\\20191211_130611"/>
         <property name="logFiles" value="C:\\Users\\davidho\\Katalon Studio\\Start\\Reports\\20191211_130551\\WebOffice_Header_Search\\20191211_130611\\execution0.log"/>
         <property name="attachments" value=""/>
         <property name="hostName" value="DavidHo - VETTEDSP36RF.check.local"/>
         <property name="os" value="Windows 10 32bit"/>
         <property name="katalonVersion" value="7.1.2.1"/>
         <property name="browser" value="Chrome 78.0.3904.108"/>
         <property name="hostAddress" value="10.0.11.243"/>
         <property name="sessionId" value="981ded3f20136c1b5f26b298afe0e6f8"/>
         <property name="seleniumVersion" value="3.141.59"/>
         <property name="proxyInformation" value="ProxyInformation{proxyOption=NO_PROXY, proxyServerType=HTTP, password=, proxyServerAddress=, proxyServerPort=0, executionList=}"/>
         <property name="platform" value="Windows 10"/>
      </properties>
      <testcase name="Test Cases/Web_Office/WebOffice_Header_Search" time="133.892" classname="Test Cases/Web_Office/WebOffice_Header_Search" status="PASSED">
         <system-out><![CDATA[2019-12-11 13:16:57 - [TEST_CASE][PASSED] - Test Cases/Web_Office/WebOffice_Header_Search: Test Cases/Web_Office/WebOffice_Header_Search

2019-12-11 13:16:57 - [TEST_STEP][PASSED] - for ([row = 1, row <= findTestData("Mobile_Test_Data").getRowNumbers(), (internal.GlobalVariable.row++)]): Call Test Case 'Test Cases/Reusable_Test_Sequences/CAT_Teardown' successfully

2019-12-11 13:17:00 - [TEST_STEP][PASSED] - "--------------------------------------": null

2019-12-11 13:17:00 - [TEST_STEP][PASSED] - " Web Office StartUp                  |": null

2019-12-11 13:17:00 - [TEST_STEP][PASSED] - callTestCase(findTestCase("Reusable_Test_Sequences/Web_Office/Directives/WebOffice_StartUp"), [:], OPTIONAL): Call Test Case 'Test Cases/Reusable_Test_Sequences/Web_Office/Directives/WebOffice_StartUp' successfully

2019-12-11 13:17:00 - [TEST_CASE][PASSED] - Test Cases/Reusable_Test_Sequences/Web_Office/Directives/WebOffice_StartUp: Test Cases/Reusable_Test_Sequences/Web_Office/Directives/WebOffice_StartUp

2019-12-11 13:17:01 - [TEST_STEP][PASSED] - if (URL == "https://www.preview.checkatrade.com/"): null

2019-12-11 13:17:01 - [TEST_STEP][PASSED] - WebOfficeURL = "https://admin.preview.checkatrade.com/": null

2019-12-11 13:17:01 - [TEST_STEP][PASSED] - if (URL == "https://www.checkatrade.com/"): null

2019-12-11 13:17:01 - [TEST_STEP][PASSED] - "Set Function Area for "URL_Handler", URL Resolution": null

2019-12-11 13:17:01 - [TEST_STEP][PASSED] - "Do Some Magic with URL(s) See the comments within URL Handler ": null

2019-12-11 13:17:01 - [TEST_STEP][PASSED] - Username = "DavidHo": null

2019-12-11 13:17:01 - [TEST_STEP][PASSED] - Password = "Check123": null

2019-12-11 13:17:01 - [TEST_STEP][PASSED] - "------------------------------------------------": null

2019-12-11 13:17:01 - [TEST_STEP][PASSED] - "WebOfficeURL - Set from the ENVIRONMENT PROFILE ": null

2019-12-11 13:17:01 - [TEST_STEP][PASSED] - "OPEN BROWSER": null

2019-12-11 13:17:01 - [TEST_STEP][PASSED] - "eg - https://admin.preview.checkatrade.com/  ": null

2019-12-11 13:17:01 - [TEST_STEP][PASSED] - openBrowser(WebOfficeURL): Browser is opened with url: 'https://admin.preview.checkatrade.com/'

2019-12-11 13:17:01 - [MESSAGE][INFO] - Starting 'Chrome' driver

2019-12-11 13:17:01 - [MESSAGE][INFO] - Action delay is set to 0 seconds

2019-12-11 13:17:10 - [MESSAGE][PASSED] - Browser is opened with url: 'https://admin.preview.checkatrade.com/'

2019-12-11 13:17:10 - [TEST_STEP][PASSED] - maximizeWindow(): Current window maximized

2019-12-11 13:17:14 - [MESSAGE][PASSED] - Current window maximized

2019-12-11 13:17:14 - [TEST_STEP][PASSED] - waitForElementClickable(findTestObject("Object Repository/WebOffice/Page_Checkatrade - Administration - Login/Login_Button"), 25): Object 'Object Repository/WebOffice/Page_Checkatrade - Administration - Login/Login_Button' is clickable

2019-12-11 13:17:15 - [MESSAGE][PASSED] - Object 'Object Repository/WebOffice/Page_Checkatrade - Administration - Login/Login_Button' is clickable

2019-12-11 13:17:15 - [TEST_STEP][PASSED] - verifyTextPresent("Checkatrade Web Office", false): Text 'Checkatrade Web Office' is present on page 

2019-12-11 13:17:15 - [MESSAGE][PASSED] - Text 'Checkatrade Web Office' is present on page 

2019-12-11 13:17:15 - [TEST_STEP][PASSED] - verifyTextPresent("Access for staff use only", false): Text 'Access for staff use only' is present on page 

2019-12-11 13:17:15 - [MESSAGE][PASSED] - Text 'Access for staff use only' is present on page 

2019-12-11 13:17:15 - [TEST_STEP][PASSED] - verifyTextPresent("Forgotten password?", false): Text 'Forgotten password?' is present on page 

2019-12-11 13:17:15 - [MESSAGE][PASSED] - Text 'Forgotten password?' is present on page 

2019-12-11 13:17:15 - [TEST_STEP][PASSED] - setText(findTestObject("Object Repository/WebOffice/Page_Checkatrade - Administration - Login/input_Username_LoginControlUserName"), Username): Text 'DavidHo' is set on object 'Object Repository/WebOffice/Page_Checkatrade - Administration - Login/input_Username_LoginControlUserName'

2019-12-11 13:17:15 - [MESSAGE][PASSED] - Text 'DavidHo' is set on object 'Object Repository/WebOffice/Page_Checkatrade - Administration - Login/input_Username_LoginControlUserName'

2019-12-11 13:17:15 - [TEST_STEP][PASSED] - setText(findTestObject("Object Repository/WebOffice/Page_Checkatrade - Administration - Login/input_Password_LoginControlPassword"), Password): Text 'Check123' is set on object 'Object Repository/WebOffice/Page_Checkatrade - Administration - Login/input_Password_LoginControlPassword'

2019-12-11 13:17:16 - [MESSAGE][PASSED] - Text 'Check123' is set on object 'Object Repository/WebOffice/Page_Checkatrade - Administration - Login/input_Password_LoginControlPassword'

2019-12-11 13:17:16 - [TEST_STEP][PASSED] - click(findTestObject("Object Repository/WebOffice/Page_Checkatrade - Administration - Login/Login_Button")): Object: 'Object Repository/WebOffice/Page_Checkatrade - Administration - Login/Login_Button' is clicked on

2019-12-11 13:17:20 - [MESSAGE][PASSED] - Object: 'Object Repository/WebOffice/Page_Checkatrade - Administration - Login/Login_Button' is clicked on

2019-12-11 13:17:20 - [TEST_STEP][PASSED] - waitForPageLoad(60): Wait for page load successfully

2019-12-11 13:17:20 - [MESSAGE][PASSED] - Wait for page load successfully

2019-12-11 13:17:20 - [TEST_STEP][PASSED] - verifyTextPresent("Welcome " + Username, false): Text 'Welcome DavidHo' is present on page 

2019-12-11 13:17:21 - [MESSAGE][PASSED] - Text 'Welcome DavidHo' is present on page 

2019-12-11 13:17:21 - [MESSAGE][PASSED] - Call Test Case 'Test Cases/Reusable_Test_Sequences/Web_Office/Directives/WebOffice_StartUp' successfully

2019-12-11 13:17:21 - [TEST_STEP][PASSED] - "--------------------------------------": null

2019-12-11 13:17:21 - [TEST_STEP][PASSED] - " Home Page - Search                   |": null

2019-12-11 13:17:21 - [TEST_STEP][PASSED] - callTestCase(findTestCase("Reusable_Test_Sequences/Web_Office/Home_Page_Search"), [:], OPTIONAL): Call Test Case 'Test Cases/Reusable_Test_Sequences/Web_Office/Home_Page_Search' successfully

2019-12-11 13:17:21 - [TEST_CASE][PASSED] - Test Cases/Reusable_Test_Sequences/Web_Office/Home_Page_Search: Test Cases/Reusable_Test_Sequences/Web_Office/Home_Page_Search

2019-12-11 13:17:21 - [TEST_STEP][PASSED] - setText(findTestObject("Object Repository/WebOffice_Home_page/input_Search_Criteria"), findTestData("searchTestData").getValue("Search_Selector", row)): Text '07818 446596' is set on object 'Object Repository/WebOffice_Home_page/input_Search_Criteria'

2019-12-11 13:17:22 - [MESSAGE][PASSED] - Text '07818 446596' is set on object 'Object Repository/WebOffice_Home_page/input_Search_Criteria'

2019-12-11 13:17:22 - [TEST_STEP][PASSED] - delay(1): Delayed 1 second(s)

2019-12-11 13:17:23 - [MESSAGE][PASSED] - Delayed 1 second(s)

2019-12-11 13:17:23 - [TEST_STEP][PASSED] - click(findTestObject("Object Repository/WebOffice_Home_page/popout_Search_Item")): Object: 'Object Repository/WebOffice_Home_page/popout_Search_Item' is clicked on

2019-12-11 13:17:25 - [MESSAGE][PASSED] - Object: 'Object Repository/WebOffice_Home_page/popout_Search_Item' is clicked on

2019-12-11 13:17:25 - [TEST_STEP][PASSED] - waitForPageLoad(60): Wait for page load successfully

2019-12-11 13:17:26 - [MESSAGE][PASSED] - Wait for page load successfully

2019-12-11 13:17:26 - [MESSAGE][PASSED] - Call Test Case 'Test Cases/Reusable_Test_Sequences/Web_Office/Home_Page_Search' successfully

2019-12-11 13:17:26 - [TEST_STEP][PASSED] - "--------------------------------------": null

2019-12-11 13:17:26 - [TEST_STEP][PASSED] - " Web Office - Verify Returned Record  |": null

2019-12-11 13:17:26 - [TEST_STEP][PASSED] - callTestCase(findTestCase("Reusable_Test_Sequences/Web_Office/Verification/Trader_Record"), [:], OPTIONAL): Call Test Case 'Test Cases/Reusable_Test_Sequences/Web_Office/Verification/Trader_Record' successfully

2019-12-11 13:17:26 - [TEST_CASE][PASSED] - Test Cases/Reusable_Test_Sequences/Web_Office/Verification/Trader_Record: Test Cases/Reusable_Test_Sequences/Web_Office/Verification/Trader_Record

2019-12-11 13:17:27 - [TEST_STEP][PASSED] - verifyTextPresent(findTestData("searchTestData").getValue("tradeName", row), false, CONTINUE_ON_FAILURE): Text 'Foster Tree Care' is present on page 

2019-12-11 13:17:28 - [MESSAGE][PASSED] - Text 'Foster Tree Care' is present on page 

2019-12-11 13:17:28 - [TEST_STEP][PASSED] - verifyTextPresent(findTestData("searchTestData").getValue("primeContact", row), false, CONTINUE_ON_FAILURE): Text 'Jim Foster' is present on page 

2019-12-11 13:17:28 - [MESSAGE][PASSED] - Text 'Jim Foster' is present on page 

2019-12-11 13:17:28 - [TEST_STEP][PASSED] - verifyTextPresent(findTestData("searchTestData").getValue("address", row), false, CONTINUE_ON_FAILURE): Text '70 Worthing Avenue, Gosport, Hampshire, PO12 4DH' is present on page 

2019-12-11 13:17:29 - [MESSAGE][PASSED] - Text '70 Worthing Avenue, Gosport, Hampshire, PO12 4DH' is present on page 

2019-12-11 13:17:29 - [TEST_STEP][PASSED] - verifyTextPresent(findTestData("searchTestData").getValue("mobile", row), false, CONTINUE_ON_FAILURE): Text '07818 446596' is present on page 

2019-12-11 13:17:29 - [MESSAGE][PASSED] - Text '07818 446596' is present on page 

2019-12-11 13:17:29 - [TEST_STEP][PASSED] - verifyTextPresent(findTestData("searchTestData").getValue("contact", row), false, CONTINUE_ON_FAILURE): Text '023 9258 3018' is present on page 

2019-12-11 13:17:30 - [MESSAGE][PASSED] - Text '023 9258 3018' is present on page 

2019-12-11 13:17:30 - [TEST_STEP][PASSED] - verifyTextPresent(findTestData("searchTestData").getValue("email", row), false, CONTINUE_ON_FAILURE): Text 'fostertreecare@tiscali.co.uk' is present on page 

2019-12-11 13:17:30 - [MESSAGE][PASSED] - Text 'fostertreecare@tiscali.co.uk' is present on page 

2019-12-11 13:17:30 - [TEST_STEP][PASSED] - verifyTextPresent(findTestData("searchTestData").getValue("dob", row), false, CONTINUE_ON_FAILURE): Text 'DoB: 31/01/1976' is present on page 

2019-12-11 13:17:31 - [MESSAGE][PASSED] - Text 'DoB: 31/01/1976' is present on page 

2019-12-11 13:17:31 - [TEST_STEP][PASSED] - verifyTextPresent(findTestData("searchTestData").getValue("catID", row), false, CONTINUE_ON_FAILURE): Text 'FOS002' is present on page 

2019-12-11 13:17:32 - [MESSAGE][PASSED] - Text 'FOS002' is present on page 

2019-12-11 13:17:32 - [MESSAGE][PASSED] - Call Test Case 'Test Cases/Reusable_Test_Sequences/Web_Office/Verification/Trader_Record' successfully

2019-12-11 13:17:32 - [TEST_STEP][PASSED] - "--------------------------": null

2019-12-11 13:17:32 - [TEST_STEP][PASSED] - " Teardown - CLose Browser |": null

2019-12-11 13:17:32 - [TEST_STEP][PASSED] - callTestCase(findTestCase("Reusable_Test_Sequences/CAT_Teardown"), [:], OPTIONAL): Call Test Case 'Test Cases/Reusable_Test_Sequences/CAT_Teardown' successfully

2019-12-11 13:17:32 - [TEST_CASE][PASSED] - Test Cases/Reusable_Test_Sequences/CAT_Teardown: Test Cases/Reusable_Test_Sequences/CAT_Teardown

2019-12-11 13:17:32 - [TEST_STEP][PASSED] - closeBrowser(): Browser is closed

2019-12-11 13:17:33 - [MESSAGE][PASSED] - Browser is closed

2019-12-11 13:17:33 - [MESSAGE][PASSED] - Call Test Case 'Test Cases/Reusable_Test_Sequences/CAT_Teardown' successfully

2019-12-11 13:17:33 - [TEST_STEP][PASSED] - "--------------------------------------": null

2019-12-11 13:17:33 - [TEST_STEP][PASSED] - " Web Office StartUp                  |": null

2019-12-11 13:17:33 - [TEST_STEP][PASSED] - callTestCase(findTestCase("Reusable_Test_Sequences/Web_Office/Directives/WebOffice_StartUp"), [:], OPTIONAL): Call Test Case 'Test Cases/Reusable_Test_Sequences/Web_Office/Directives/WebOffice_StartUp' successfully

2019-12-11 13:17:33 - [TEST_CASE][PASSED] - Test Cases/Reusable_Test_Sequences/Web_Office/Directives/WebOffice_StartUp: Test Cases/Reusable_Test_Sequences/Web_Office/Directives/WebOffice_StartUp

2019-12-11 13:17:33 - [TEST_STEP][PASSED] - if (URL == "https://www.preview.checkatrade.com/"): null

2019-12-11 13:17:33 - [TEST_STEP][PASSED] - WebOfficeURL = "https://admin.preview.checkatrade.com/": null

2019-12-11 13:17:33 - [TEST_STEP][PASSED] - if (URL == "https://www.checkatrade.com/"): null

2019-12-11 13:17:33 - [TEST_STEP][PASSED] - "Set Function Area for "URL_Handler", URL Resolution": null

2019-12-11 13:17:33 - [TEST_STEP][PASSED] - "Do Some Magic with URL(s) See the comments within URL Handler ": null

2019-12-11 13:17:33 - [TEST_STEP][PASSED] - Username = "DavidHo": null

2019-12-11 13:17:33 - [TEST_STEP][PASSED] - Password = "Check123": null

2019-12-11 13:17:33 - [TEST_STEP][PASSED] - "------------------------------------------------": null

2019-12-11 13:17:33 - [TEST_STEP][PASSED] - "WebOfficeURL - Set from the ENVIRONMENT PROFILE ": null

2019-12-11 13:17:33 - [TEST_STEP][PASSED] - "OPEN BROWSER": null

2019-12-11 13:17:33 - [TEST_STEP][PASSED] - "eg - https://admin.preview.checkatrade.com/  ": null

2019-12-11 13:17:33 - [TEST_STEP][PASSED] - openBrowser(WebOfficeURL): Browser is opened with url: 'https://admin.preview.checkatrade.com/'

2019-12-11 13:17:33 - [MESSAGE][INFO] - Starting 'Chrome' driver

2019-12-11 13:17:40 - [MESSAGE][PASSED] - Browser is opened with url: 'https://admin.preview.checkatrade.com/'

2019-12-11 13:17:40 - [TEST_STEP][PASSED] - maximizeWindow(): Current window maximized

2019-12-11 13:17:45 - [MESSAGE][PASSED] - Current window maximized

2019-12-11 13:17:45 - [TEST_STEP][PASSED] - waitForElementClickable(findTestObject("Object Repository/WebOffice/Page_Checkatrade - Administration - Login/Login_Button"), 25): Object 'Object Repository/WebOffice/Page_Checkatrade - Administration - Login/Login_Button' is clickable

2019-12-11 13:17:45 - [MESSAGE][PASSED] - Object 'Object Repository/WebOffice/Page_Checkatrade - Administration - Login/Login_Button' is clickable

2019-12-11 13:17:45 - [TEST_STEP][PASSED] - verifyTextPresent("Checkatrade Web Office", false): Text 'Checkatrade Web Office' is present on page 

2019-12-11 13:17:45 - [MESSAGE][PASSED] - Text 'Checkatrade Web Office' is present on page 

2019-12-11 13:17:45 - [TEST_STEP][PASSED] - verifyTextPresent("Access for staff use only", false): Text 'Access for staff use only' is present on page 

2019-12-11 13:17:45 - [MESSAGE][PASSED] - Text 'Access for staff use only' is present on page 

2019-12-11 13:17:45 - [TEST_STEP][PASSED] - verifyTextPresent("Forgotten password?", false): Text 'Forgotten password?' is present on page 

2019-12-11 13:17:45 - [MESSAGE][PASSED] - Text 'Forgotten password?' is present on page 

2019-12-11 13:17:45 - [TEST_STEP][PASSED] - setText(findTestObject("Object Repository/WebOffice/Page_Checkatrade - Administration - Login/input_Username_LoginControlUserName"), Username): Text 'DavidHo' is set on object 'Object Repository/WebOffice/Page_Checkatrade - Administration - Login/input_Username_LoginControlUserName'

2019-12-11 13:17:46 - [MESSAGE][PASSED] - Text 'DavidHo' is set on object 'Object Repository/WebOffice/Page_Checkatrade - Administration - Login/input_Username_LoginControlUserName'

2019-12-11 13:17:46 - [TEST_STEP][PASSED] - setText(findTestObject("Object Repository/WebOffice/Page_Checkatrade - Administration - Login/input_Password_LoginControlPassword"), Password): Text 'Check123' is set on object 'Object Repository/WebOffice/Page_Checkatrade - Administration - Login/input_Password_LoginControlPassword'

2019-12-11 13:17:46 - [MESSAGE][PASSED] - Text 'Check123' is set on object 'Object Repository/WebOffice/Page_Checkatrade - Administration - Login/input_Password_LoginControlPassword'

2019-12-11 13:17:46 - [TEST_STEP][PASSED] - click(findTestObject("Object Repository/WebOffice/Page_Checkatrade - Administration - Login/Login_Button")): Object: 'Object Repository/WebOffice/Page_Checkatrade - Administration - Login/Login_Button' is clicked on

2019-12-11 13:17:47 - [MESSAGE][PASSED] - Object: 'Object Repository/WebOffice/Page_Checkatrade - Administration - Login/Login_Button' is clicked on

2019-12-11 13:17:47 - [TEST_STEP][PASSED] - waitForPageLoad(60): Wait for page load successfully

2019-12-11 13:17:47 - [MESSAGE][PASSED] - Wait for page load successfully

2019-12-11 13:17:47 - [TEST_STEP][PASSED] - verifyTextPresent("Welcome " + Username, false): Text 'Welcome DavidHo' is present on page 

2019-12-11 13:17:47 - [MESSAGE][PASSED] - Text 'Welcome DavidHo' is present on page 

2019-12-11 13:17:47 - [MESSAGE][PASSED] - Call Test Case 'Test Cases/Reusable_Test_Sequences/Web_Office/Directives/WebOffice_StartUp' successfully

2019-12-11 13:17:47 - [TEST_STEP][PASSED] - "--------------------------------------": null

2019-12-11 13:17:47 - [TEST_STEP][PASSED] - " Home Page - Search                   |": null

2019-12-11 13:17:47 - [TEST_STEP][PASSED] - callTestCase(findTestCase("Reusable_Test_Sequences/Web_Office/Home_Page_Search"), [:], OPTIONAL): Call Test Case 'Test Cases/Reusable_Test_Sequences/Web_Office/Home_Page_Search' successfully

2019-12-11 13:17:47 - [TEST_CASE][PASSED] - Test Cases/Reusable_Test_Sequences/Web_Office/Home_Page_Search: Test Cases/Reusable_Test_Sequences/Web_Office/Home_Page_Search

2019-12-11 13:17:47 - [TEST_STEP][PASSED] - setText(findTestObject("Object Repository/WebOffice_Home_page/input_Search_Criteria"), findTestData("searchTestData").getValue("Search_Selector", row)): Text 'James Burton' is set on object 'Object Repository/WebOffice_Home_page/input_Search_Criteria'

2019-12-11 13:17:47 - [MESSAGE][PASSED] - Text 'James Burton' is set on object 'Object Repository/WebOffice_Home_page/input_Search_Criteria'

2019-12-11 13:17:47 - [TEST_STEP][PASSED] - delay(1): Delayed 1 second(s)

2019-12-11 13:17:48 - [MESSAGE][PASSED] - Delayed 1 second(s)

2019-12-11 13:17:48 - [TEST_STEP][PASSED] - click(findTestObject("Object Repository/WebOffice_Home_page/popout_Search_Item")): Object: 'Object Repository/WebOffice_Home_page/popout_Search_Item' is clicked on

2019-12-11 13:17:50 - [MESSAGE][PASSED] - Object: 'Object Repository/WebOffice_Home_page/popout_Search_Item' is clicked on

2019-12-11 13:17:50 - [TEST_STEP][PASSED] - waitForPageLoad(60): Wait for page load successfully

2019-12-11 13:17:50 - [MESSAGE][PASSED] - Wait for page load successfully

2019-12-11 13:17:50 - [MESSAGE][PASSED] - Call Test Case 'Test Cases/Reusable_Test_Sequences/Web_Office/Home_Page_Search' successfully

2019-12-11 13:17:50 - [TEST_STEP][PASSED] - "--------------------------------------": null

2019-12-11 13:17:50 - [TEST_STEP][PASSED] - " Web Office - Verify Returned Record  |": null

2019-12-11 13:17:50 - [TEST_STEP][PASSED] - callTestCase(findTestCase("Reusable_Test_Sequences/Web_Office/Verification/Trader_Record"), [:], OPTIONAL): Call Test Case 'Test Cases/Reusable_Test_Sequences/Web_Office/Verification/Trader_Record' successfully

2019-12-11 13:17:50 - [TEST_CASE][PASSED] - Test Cases/Reusable_Test_Sequences/Web_Office/Verification/Trader_Record: Test Cases/Reusable_Test_Sequences/Web_Office/Verification/Trader_Record

2019-12-11 13:17:50 - [TEST_STEP][PASSED] - verifyTextPresent(findTestData("searchTestData").getValue("tradeName", row), false, CONTINUE_ON_FAILURE): Text 'Burton Electrical Services' is present on page 

2019-12-11 13:17:51 - [MESSAGE][PASSED] - Text 'Burton Electrical Services' is present on page 

2019-12-11 13:17:51 - [TEST_STEP][PASSED] - verifyTextPresent(findTestData("searchTestData").getValue("primeContact", row), false, CONTINUE_ON_FAILURE): Text 'James Burton' is present on page 

2019-12-11 13:17:52 - [MESSAGE][PASSED] - Text 'James Burton' is present on page 

2019-12-11 13:17:52 - [TEST_STEP][PASSED] - verifyTextPresent(findTestData("searchTestData").getValue("address", row), false, CONTINUE_ON_FAILURE): Text 'Unit 4, Dukeries Court, Hallcroft Industrial Estate, Retford, Nottinghamshire, DN22 7PX' is present on page 

2019-12-11 13:17:53 - [MESSAGE][PASSED] - Text 'Unit 4, Dukeries Court, Hallcroft Industrial Estate, Retford, Nottinghamshire, DN22 7PX' is present on page 

2019-12-11 13:17:53 - [TEST_STEP][PASSED] - verifyTextPresent(findTestData("searchTestData").getValue("mobile", row), false, CONTINUE_ON_FAILURE): Text '07712 401461' is present on page 

2019-12-11 13:17:54 - [MESSAGE][PASSED] - Text '07712 401461' is present on page 

2019-12-11 13:17:54 - [TEST_STEP][PASSED] - verifyTextPresent(findTestData("searchTestData").getValue("contact", row), false, CONTINUE_ON_FAILURE): Text '01777 228982' is present on page 

2019-12-11 13:17:54 - [MESSAGE][PASSED] - Text '01777 228982' is present on page 

2019-12-11 13:17:54 - [TEST_STEP][PASSED] - verifyTextPresent(findTestData("searchTestData").getValue("email", row), false, CONTINUE_ON_FAILURE): Text 'info@burtonelectricalservices.net' is present on page 

2019-12-11 13:17:55 - [MESSAGE][PASSED] - Text 'info@burtonelectricalservices.net' is present on page 

2019-12-11 13:17:55 - [TEST_STEP][PASSED] - verifyTextPresent(findTestData("searchTestData").getValue("dob", row), false, CONTINUE_ON_FAILURE): Text 'DoB: 15/07/1989' is present on page 

2019-12-11 13:17:56 - [MESSAGE][PASSED] - Text 'DoB: 15/07/1989' is present on page 

2019-12-11 13:17:56 - [TEST_STEP][PASSED] - verifyTextPresent(findTestData("searchTestData").getValue("catID", row), false, CONTINUE_ON_FAILURE): Text '402921' is present on page 

2019-12-11 13:17:57 - [MESSAGE][PASSED] - Text '402921' is present on page 

2019-12-11 13:17:57 - [MESSAGE][PASSED] - Call Test Case 'Test Cases/Reusable_Test_Sequences/Web_Office/Verification/Trader_Record' successfully

2019-12-11 13:17:57 - [TEST_STEP][PASSED] - "--------------------------": null

2019-12-11 13:17:57 - [TEST_STEP][PASSED] - " Teardown - CLose Browser |": null

2019-12-11 13:17:57 - [TEST_STEP][PASSED] - callTestCase(findTestCase("Reusable_Test_Sequences/CAT_Teardown"), [:], OPTIONAL): Call Test Case 'Test Cases/Reusable_Test_Sequences/CAT_Teardown' successfully

2019-12-11 13:17:57 - [TEST_CASE][PASSED] - Test Cases/Reusable_Test_Sequences/CAT_Teardown: Test Cases/Reusable_Test_Sequences/CAT_Teardown

2019-12-11 13:17:57 - [TEST_STEP][PASSED] - closeBrowser(): Browser is closed

2019-12-11 13:17:59 - [MESSAGE][PASSED] - Browser is closed

2019-12-11 13:17:59 - [MESSAGE][PASSED] - Call Test Case 'Test Cases/Reusable_Test_Sequences/CAT_Teardown' successfully

2019-12-11 13:17:59 - [TEST_STEP][PASSED] - "--------------------------------------": null

2019-12-11 13:17:59 - [TEST_STEP][PASSED] - " Web Office StartUp                  |": null

2019-12-11 13:17:59 - [TEST_STEP][PASSED] - callTestCase(findTestCase("Reusable_Test_Sequences/Web_Office/Directives/WebOffice_StartUp"), [:], OPTIONAL): Call Test Case 'Test Cases/Reusable_Test_Sequences/Web_Office/Directives/WebOffice_StartUp' successfully

2019-12-11 13:17:59 - [TEST_CASE][PASSED] - Test Cases/Reusable_Test_Sequences/Web_Office/Directives/WebOffice_StartUp: Test Cases/Reusable_Test_Sequences/Web_Office/Directives/WebOffice_StartUp

2019-12-11 13:17:59 - [TEST_STEP][PASSED] - if (URL == "https://www.preview.checkatrade.com/"): null

2019-12-11 13:17:59 - [TEST_STEP][PASSED] - WebOfficeURL = "https://admin.preview.checkatrade.com/": null

2019-12-11 13:17:59 - [TEST_STEP][PASSED] - if (URL == "https://www.checkatrade.com/"): null

2019-12-11 13:17:59 - [TEST_STEP][PASSED] - "Set Function Area for "URL_Handler", URL Resolution": null

2019-12-11 13:17:59 - [TEST_STEP][PASSED] - "Do Some Magic with URL(s) See the comments within URL Handler ": null

2019-12-11 13:17:59 - [TEST_STEP][PASSED] - Username = "DavidHo": null

2019-12-11 13:17:59 - [TEST_STEP][PASSED] - Password = "Check123": null

2019-12-11 13:17:59 - [TEST_STEP][PASSED] - "------------------------------------------------": null

2019-12-11 13:17:59 - [TEST_STEP][PASSED] - "WebOfficeURL - Set from the ENVIRONMENT PROFILE ": null

2019-12-11 13:17:59 - [TEST_STEP][PASSED] - "OPEN BROWSER": null

2019-12-11 13:17:59 - [TEST_STEP][PASSED] - "eg - https://admin.preview.checkatrade.com/  ": null

2019-12-11 13:17:59 - [TEST_STEP][PASSED] - openBrowser(WebOfficeURL): Browser is opened with url: 'https://admin.preview.checkatrade.com/'

2019-12-11 13:17:59 - [MESSAGE][INFO] - Starting 'Chrome' driver

2019-12-11 13:18:06 - [MESSAGE][PASSED] - Browser is opened with url: 'https://admin.preview.checkatrade.com/'

2019-12-11 13:18:06 - [TEST_STEP][PASSED] - maximizeWindow(): Current window maximized

2019-12-11 13:18:10 - [MESSAGE][PASSED] - Current window maximized

2019-12-11 13:18:10 - [TEST_STEP][PASSED] - waitForElementClickable(findTestObject("Object Repository/WebOffice/Page_Checkatrade - Administration - Login/Login_Button"), 25): Object 'Object Repository/WebOffice/Page_Checkatrade - Administration - Login/Login_Button' is clickable

2019-12-11 13:18:11 - [MESSAGE][PASSED] - Object 'Object Repository/WebOffice/Page_Checkatrade - Administration - Login/Login_Button' is clickable

2019-12-11 13:18:11 - [TEST_STEP][PASSED] - verifyTextPresent("Checkatrade Web Office", false): Text 'Checkatrade Web Office' is present on page 

2019-12-11 13:18:11 - [MESSAGE][PASSED] - Text 'Checkatrade Web Office' is present on page 

2019-12-11 13:18:11 - [TEST_STEP][PASSED] - verifyTextPresent("Access for staff use only", false): Text 'Access for staff use only' is present on page 

2019-12-11 13:18:11 - [MESSAGE][PASSED] - Text 'Access for staff use only' is present on page 

2019-12-11 13:18:11 - [TEST_STEP][PASSED] - verifyTextPresent("Forgotten password?", false): Text 'Forgotten password?' is present on page 

2019-12-11 13:18:11 - [MESSAGE][PASSED] - Text 'Forgotten password?' is present on page 

2019-12-11 13:18:11 - [TEST_STEP][PASSED] - setText(findTestObject("Object Repository/WebOffice/Page_Checkatrade - Administration - Login/input_Username_LoginControlUserName"), Username): Text 'DavidHo' is set on object 'Object Repository/WebOffice/Page_Checkatrade - Administration - Login/input_Username_LoginControlUserName'

2019-12-11 13:18:11 - [MESSAGE][PASSED] - Text 'DavidHo' is set on object 'Object Repository/WebOffice/Page_Checkatrade - Administration - Login/input_Username_LoginControlUserName'

2019-12-11 13:18:11 - [TEST_STEP][PASSED] - setText(findTestObject("Object Repository/WebOffice/Page_Checkatrade - Administration - Login/input_Password_LoginControlPassword"), Password): Text 'Check123' is set on object 'Object Repository/WebOffice/Page_Checkatrade - Administration - Login/input_Password_LoginControlPassword'

2019-12-11 13:18:12 - [MESSAGE][PASSED] - Text 'Check123' is set on object 'Object Repository/WebOffice/Page_Checkatrade - Administration - Login/input_Password_LoginControlPassword'

2019-12-11 13:18:12 - [TEST_STEP][PASSED] - click(findTestObject("Object Repository/WebOffice/Page_Checkatrade - Administration - Login/Login_Button")): Object: 'Object Repository/WebOffice/Page_Checkatrade - Administration - Login/Login_Button' is clicked on

2019-12-11 13:18:15 - [MESSAGE][PASSED] - Object: 'Object Repository/WebOffice/Page_Checkatrade - Administration - Login/Login_Button' is clicked on

2019-12-11 13:18:15 - [TEST_STEP][PASSED] - waitForPageLoad(60): Wait for page load successfully

2019-12-11 13:18:15 - [MESSAGE][PASSED] - Wait for page load successfully

2019-12-11 13:18:15 - [TEST_STEP][PASSED] - verifyTextPresent("Welcome " + Username, false): Text 'Welcome DavidHo' is present on page 

2019-12-11 13:18:15 - [MESSAGE][PASSED] - Text 'Welcome DavidHo' is present on page 

2019-12-11 13:18:15 - [MESSAGE][PASSED] - Call Test Case 'Test Cases/Reusable_Test_Sequences/Web_Office/Directives/WebOffice_StartUp' successfully

2019-12-11 13:18:15 - [TEST_STEP][PASSED] - "--------------------------------------": null

2019-12-11 13:18:15 - [TEST_STEP][PASSED] - " Home Page - Search                   |": null

2019-12-11 13:18:15 - [TEST_STEP][PASSED] - callTestCase(findTestCase("Reusable_Test_Sequences/Web_Office/Home_Page_Search"), [:], OPTIONAL): Call Test Case 'Test Cases/Reusable_Test_Sequences/Web_Office/Home_Page_Search' successfully

2019-12-11 13:18:16 - [TEST_CASE][PASSED] - Test Cases/Reusable_Test_Sequences/Web_Office/Home_Page_Search: Test Cases/Reusable_Test_Sequences/Web_Office/Home_Page_Search

2019-12-11 13:18:16 - [TEST_STEP][PASSED] - setText(findTestObject("Object Repository/WebOffice_Home_page/input_Search_Criteria"), findTestData("searchTestData").getValue("Search_Selector", row)): Text 'Planvale Services' is set on object 'Object Repository/WebOffice_Home_page/input_Search_Criteria'

2019-12-11 13:18:16 - [MESSAGE][PASSED] - Text 'Planvale Services' is set on object 'Object Repository/WebOffice_Home_page/input_Search_Criteria'

2019-12-11 13:18:16 - [TEST_STEP][PASSED] - delay(1): Delayed 1 second(s)

2019-12-11 13:18:17 - [MESSAGE][PASSED] - Delayed 1 second(s)

2019-12-11 13:18:17 - [TEST_STEP][PASSED] - click(findTestObject("Object Repository/WebOffice_Home_page/popout_Search_Item")): Object: 'Object Repository/WebOffice_Home_page/popout_Search_Item' is clicked on

2019-12-11 13:18:19 - [MESSAGE][PASSED] - Object: 'Object Repository/WebOffice_Home_page/popout_Search_Item' is clicked on

2019-12-11 13:18:19 - [TEST_STEP][PASSED] - waitForPageLoad(60): Wait for page load successfully

2019-12-11 13:18:19 - [MESSAGE][PASSED] - Wait for page load successfully

2019-12-11 13:18:19 - [MESSAGE][PASSED] - Call Test Case 'Test Cases/Reusable_Test_Sequences/Web_Office/Home_Page_Search' successfully

2019-12-11 13:18:19 - [TEST_STEP][PASSED] - "--------------------------------------": null

2019-12-11 13:18:19 - [TEST_STEP][PASSED] - " Web Office - Verify Returned Record  |": null

2019-12-11 13:18:19 - [TEST_STEP][PASSED] - callTestCase(findTestCase("Reusable_Test_Sequences/Web_Office/Verification/Trader_Record"), [:], OPTIONAL): Call Test Case 'Test Cases/Reusable_Test_Sequences/Web_Office/Verification/Trader_Record' successfully

2019-12-11 13:18:19 - [TEST_CASE][PASSED] - Test Cases/Reusable_Test_Sequences/Web_Office/Verification/Trader_Record: Test Cases/Reusable_Test_Sequences/Web_Office/Verification/Trader_Record

2019-12-11 13:18:19 - [TEST_STEP][PASSED] - verifyTextPresent(findTestData("searchTestData").getValue("tradeName", row), false, CONTINUE_ON_FAILURE): Text 'Planvale Services' is present on page 

2019-12-11 13:18:20 - [MESSAGE][PASSED] - Text 'Planvale Services' is present on page 

2019-12-11 13:18:20 - [TEST_STEP][PASSED] - verifyTextPresent(findTestData("searchTestData").getValue("primeContact", row), false, CONTINUE_ON_FAILURE): Text 'Andrew Whitaker' is present on page 

2019-12-11 13:18:20 - [MESSAGE][PASSED] - Text 'Andrew Whitaker' is present on page 

2019-12-11 13:18:20 - [TEST_STEP][PASSED] - verifyTextPresent(findTestData("searchTestData").getValue("address", row), false, CONTINUE_ON_FAILURE): Text '66 Tony Humphries Road, Banbury, Oxfordshire, OX16 0FF' is present on page 

2019-12-11 13:18:21 - [MESSAGE][PASSED] - Text '66 Tony Humphries Road, Banbury, Oxfordshire, OX16 0FF' is present on page 

2019-12-11 13:18:21 - [TEST_STEP][PASSED] - verifyTextPresent(findTestData("searchTestData").getValue("mobile", row), false, CONTINUE_ON_FAILURE): Text '07960 633438' is present on page 

2019-12-11 13:18:21 - [MESSAGE][PASSED] - Text '07960 633438' is present on page 

2019-12-11 13:18:21 - [TEST_STEP][PASSED] - verifyTextPresent(findTestData("searchTestData").getValue("contact", row), false, CONTINUE_ON_FAILURE): Text '020 3686 0529' is present on page 

2019-12-11 13:18:22 - [MESSAGE][PASSED] - Text '020 3686 0529' is present on page 

2019-12-11 13:18:22 - [TEST_STEP][PASSED] - verifyTextPresent(findTestData("searchTestData").getValue("email", row), false, CONTINUE_ON_FAILURE): Text 'andrewwhitaker2009@hotmail.co.uk' is present on page 

2019-12-11 13:18:22 - [MESSAGE][PASSED] - Text 'andrewwhitaker2009@hotmail.co.uk' is present on page 

2019-12-11 13:18:22 - [TEST_STEP][PASSED] - verifyTextPresent(findTestData("searchTestData").getValue("dob", row), false, CONTINUE_ON_FAILURE): Text 'DoB: 25/02/1974' is present on page 

2019-12-11 13:18:23 - [MESSAGE][PASSED] - Text 'DoB: 25/02/1974' is present on page 

2019-12-11 13:18:23 - [TEST_STEP][PASSED] - verifyTextPresent(findTestData("searchTestData").getValue("catID", row), false, CONTINUE_ON_FAILURE): Text '308682' is present on page 

2019-12-11 13:18:24 - [MESSAGE][PASSED] - Text '308682' is present on page 

2019-12-11 13:18:24 - [MESSAGE][PASSED] - Call Test Case 'Test Cases/Reusable_Test_Sequences/Web_Office/Verification/Trader_Record' successfully

2019-12-11 13:18:24 - [TEST_STEP][PASSED] - "--------------------------": null

2019-12-11 13:18:24 - [TEST_STEP][PASSED] - " Teardown - CLose Browser |": null

2019-12-11 13:18:24 - [TEST_STEP][PASSED] - callTestCase(findTestCase("Reusable_Test_Sequences/CAT_Teardown"), [:], OPTIONAL): Call Test Case 'Test Cases/Reusable_Test_Sequences/CAT_Teardown' successfully

2019-12-11 13:18:24 - [TEST_CASE][PASSED] - Test Cases/Reusable_Test_Sequences/CAT_Teardown: Test Cases/Reusable_Test_Sequences/CAT_Teardown

2019-12-11 13:18:24 - [TEST_STEP][PASSED] - closeBrowser(): Browser is closed

2019-12-11 13:18:25 - [MESSAGE][PASSED] - Browser is closed

2019-12-11 13:18:25 - [MESSAGE][PASSED] - Call Test Case 'Test Cases/Reusable_Test_Sequences/CAT_Teardown' successfully

2019-12-11 13:18:25 - [TEST_STEP][PASSED] - "--------------------------------------": null

2019-12-11 13:18:25 - [TEST_STEP][PASSED] - " Web Office StartUp                  |": null

2019-12-11 13:18:25 - [TEST_STEP][PASSED] - callTestCase(findTestCase("Reusable_Test_Sequences/Web_Office/Directives/WebOffice_StartUp"), [:], OPTIONAL): Call Test Case 'Test Cases/Reusable_Test_Sequences/Web_Office/Directives/WebOffice_StartUp' successfully

2019-12-11 13:18:25 - [TEST_CASE][PASSED] - Test Cases/Reusable_Test_Sequences/Web_Office/Directives/WebOffice_StartUp: Test Cases/Reusable_Test_Sequences/Web_Office/Directives/WebOffice_StartUp

2019-12-11 13:18:25 - [TEST_STEP][PASSED] - if (URL == "https://www.preview.checkatrade.com/"): null

2019-12-11 13:18:25 - [TEST_STEP][PASSED] - WebOfficeURL = "https://admin.preview.checkatrade.com/": null

2019-12-11 13:18:25 - [TEST_STEP][PASSED] - if (URL == "https://www.checkatrade.com/"): null

2019-12-11 13:18:25 - [TEST_STEP][PASSED] - "Set Function Area for "URL_Handler", URL Resolution": null

2019-12-11 13:18:25 - [TEST_STEP][PASSED] - "Do Some Magic with URL(s) See the comments within URL Handler ": null

2019-12-11 13:18:25 - [TEST_STEP][PASSED] - Username = "DavidHo": null

2019-12-11 13:18:25 - [TEST_STEP][PASSED] - Password = "Check123": null

2019-12-11 13:18:25 - [TEST_STEP][PASSED] - "------------------------------------------------": null

2019-12-11 13:18:25 - [TEST_STEP][PASSED] - "WebOfficeURL - Set from the ENVIRONMENT PROFILE ": null

2019-12-11 13:18:25 - [TEST_STEP][PASSED] - "OPEN BROWSER": null

2019-12-11 13:18:25 - [TEST_STEP][PASSED] - "eg - https://admin.preview.checkatrade.com/  ": null

2019-12-11 13:18:25 - [TEST_STEP][PASSED] - openBrowser(WebOfficeURL): Browser is opened with url: 'https://admin.preview.checkatrade.com/'

2019-12-11 13:18:25 - [MESSAGE][INFO] - Starting 'Chrome' driver

2019-12-11 13:18:32 - [MESSAGE][PASSED] - Browser is opened with url: 'https://admin.preview.checkatrade.com/'

2019-12-11 13:18:32 - [TEST_STEP][PASSED] - maximizeWindow(): Current window maximized

2019-12-11 13:18:37 - [MESSAGE][PASSED] - Current window maximized

2019-12-11 13:18:37 - [TEST_STEP][PASSED] - waitForElementClickable(findTestObject("Object Repository/WebOffice/Page_Checkatrade - Administration - Login/Login_Button"), 25): Object 'Object Repository/WebOffice/Page_Checkatrade - Administration - Login/Login_Button' is clickable

2019-12-11 13:18:37 - [MESSAGE][PASSED] - Object 'Object Repository/WebOffice/Page_Checkatrade - Administration - Login/Login_Button' is clickable

2019-12-11 13:18:37 - [TEST_STEP][PASSED] - verifyTextPresent("Checkatrade Web Office", false): Text 'Checkatrade Web Office' is present on page 

2019-12-11 13:18:37 - [MESSAGE][PASSED] - Text 'Checkatrade Web Office' is present on page 

2019-12-11 13:18:37 - [TEST_STEP][PASSED] - verifyTextPresent("Access for staff use only", false): Text 'Access for staff use only' is present on page 

2019-12-11 13:18:37 - [MESSAGE][PASSED] - Text 'Access for staff use only' is present on page 

2019-12-11 13:18:37 - [TEST_STEP][PASSED] - verifyTextPresent("Forgotten password?", false): Text 'Forgotten password?' is present on page 

2019-12-11 13:18:37 - [MESSAGE][PASSED] - Text 'Forgotten password?' is present on page 

2019-12-11 13:18:37 - [TEST_STEP][PASSED] - setText(findTestObject("Object Repository/WebOffice/Page_Checkatrade - Administration - Login/input_Username_LoginControlUserName"), Username): Text 'DavidHo' is set on object 'Object Repository/WebOffice/Page_Checkatrade - Administration - Login/input_Username_LoginControlUserName'

2019-12-11 13:18:37 - [MESSAGE][PASSED] - Text 'DavidHo' is set on object 'Object Repository/WebOffice/Page_Checkatrade - Administration - Login/input_Username_LoginControlUserName'

2019-12-11 13:18:37 - [TEST_STEP][PASSED] - setText(findTestObject("Object Repository/WebOffice/Page_Checkatrade - Administration - Login/input_Password_LoginControlPassword"), Password): Text 'Check123' is set on object 'Object Repository/WebOffice/Page_Checkatrade - Administration - Login/input_Password_LoginControlPassword'

2019-12-11 13:18:38 - [MESSAGE][PASSED] - Text 'Check123' is set on object 'Object Repository/WebOffice/Page_Checkatrade - Administration - Login/input_Password_LoginControlPassword'

2019-12-11 13:18:38 - [TEST_STEP][PASSED] - click(findTestObject("Object Repository/WebOffice/Page_Checkatrade - Administration - Login/Login_Button")): Object: 'Object Repository/WebOffice/Page_Checkatrade - Administration - Login/Login_Button' is clicked on

2019-12-11 13:18:39 - [MESSAGE][PASSED] - Object: 'Object Repository/WebOffice/Page_Checkatrade - Administration - Login/Login_Button' is clicked on

2019-12-11 13:18:39 - [TEST_STEP][PASSED] - waitForPageLoad(60): Wait for page load successfully

2019-12-11 13:18:39 - [MESSAGE][PASSED] - Wait for page load successfully

2019-12-11 13:18:39 - [TEST_STEP][PASSED] - verifyTextPresent("Welcome " + Username, false): Text 'Welcome DavidHo' is present on page 

2019-12-11 13:18:40 - [MESSAGE][PASSED] - Text 'Welcome DavidHo' is present on page 

2019-12-11 13:18:40 - [MESSAGE][PASSED] - Call Test Case 'Test Cases/Reusable_Test_Sequences/Web_Office/Directives/WebOffice_StartUp' successfully

2019-12-11 13:18:40 - [TEST_STEP][PASSED] - "--------------------------------------": null

2019-12-11 13:18:40 - [TEST_STEP][PASSED] - " Home Page - Search                   |": null

2019-12-11 13:18:40 - [TEST_STEP][PASSED] - callTestCase(findTestCase("Reusable_Test_Sequences/Web_Office/Home_Page_Search"), [:], OPTIONAL): Call Test Case 'Test Cases/Reusable_Test_Sequences/Web_Office/Home_Page_Search' successfully

2019-12-11 13:18:40 - [TEST_CASE][PASSED] - Test Cases/Reusable_Test_Sequences/Web_Office/Home_Page_Search: Test Cases/Reusable_Test_Sequences/Web_Office/Home_Page_Search

2019-12-11 13:18:40 - [TEST_STEP][PASSED] - setText(findTestObject("Object Repository/WebOffice_Home_page/input_Search_Criteria"), findTestData("searchTestData").getValue("Search_Selector", row)): Text '381198' is set on object 'Object Repository/WebOffice_Home_page/input_Search_Criteria'

2019-12-11 13:18:41 - [MESSAGE][PASSED] - Text '381198' is set on object 'Object Repository/WebOffice_Home_page/input_Search_Criteria'

2019-12-11 13:18:41 - [TEST_STEP][PASSED] - delay(1): Delayed 1 second(s)

2019-12-11 13:18:42 - [MESSAGE][PASSED] - Delayed 1 second(s)

2019-12-11 13:18:42 - [TEST_STEP][PASSED] - click(findTestObject("Object Repository/WebOffice_Home_page/popout_Search_Item")): Object: 'Object Repository/WebOffice_Home_page/popout_Search_Item' is clicked on

2019-12-11 13:18:45 - [MESSAGE][PASSED] - Object: 'Object Repository/WebOffice_Home_page/popout_Search_Item' is clicked on

2019-12-11 13:18:45 - [TEST_STEP][PASSED] - waitForPageLoad(60): Wait for page load successfully

2019-12-11 13:18:45 - [MESSAGE][PASSED] - Wait for page load successfully

2019-12-11 13:18:45 - [MESSAGE][PASSED] - Call Test Case 'Test Cases/Reusable_Test_Sequences/Web_Office/Home_Page_Search' successfully

2019-12-11 13:18:45 - [TEST_STEP][PASSED] - "--------------------------------------": null

2019-12-11 13:18:45 - [TEST_STEP][PASSED] - " Web Office - Verify Returned Record  |": null

2019-12-11 13:18:45 - [TEST_STEP][PASSED] - callTestCase(findTestCase("Reusable_Test_Sequences/Web_Office/Verification/Trader_Record"), [:], OPTIONAL): Call Test Case 'Test Cases/Reusable_Test_Sequences/Web_Office/Verification/Trader_Record' successfully

2019-12-11 13:18:45 - [TEST_CASE][PASSED] - Test Cases/Reusable_Test_Sequences/Web_Office/Verification/Trader_Record: Test Cases/Reusable_Test_Sequences/Web_Office/Verification/Trader_Record

2019-12-11 13:18:45 - [TEST_STEP][PASSED] - verifyTextPresent(findTestData("searchTestData").getValue("tradeName", row), false, CONTINUE_ON_FAILURE): Text 'Glazing Solutions' is present on page 

2019-12-11 13:18:46 - [MESSAGE][PASSED] - Text 'Glazing Solutions' is present on page 

2019-12-11 13:18:46 - [TEST_STEP][PASSED] - verifyTextPresent(findTestData("searchTestData").getValue("primeContact", row), false, CONTINUE_ON_FAILURE): Text 'Mr Scott Heyburn' is present on page 

2019-12-11 13:18:46 - [MESSAGE][PASSED] - Text 'Mr Scott Heyburn' is present on page 

2019-12-11 13:18:46 - [TEST_STEP][PASSED] - verifyTextPresent(findTestData("searchTestData").getValue("address", row), false, CONTINUE_ON_FAILURE): Text '19 St. Peters Close, Bognor Regis, PO21 5QA' is present on page 

2019-12-11 13:18:47 - [MESSAGE][PASSED] - Text '19 St. Peters Close, Bognor Regis, PO21 5QA' is present on page 

2019-12-11 13:18:47 - [TEST_STEP][PASSED] - verifyTextPresent(findTestData("searchTestData").getValue("mobile", row), false, CONTINUE_ON_FAILURE): Text '07739 534957' is present on page 

2019-12-11 13:18:47 - [MESSAGE][PASSED] - Text '07739 534957' is present on page 

2019-12-11 13:18:47 - [TEST_STEP][PASSED] - verifyTextPresent(findTestData("searchTestData").getValue("contact", row), false, CONTINUE_ON_FAILURE): Text '' is present on page 

2019-12-11 13:18:48 - [MESSAGE][PASSED] - Text '' is present on page 

2019-12-11 13:18:48 - [TEST_STEP][PASSED] - verifyTextPresent(findTestData("searchTestData").getValue("email", row), false, CONTINUE_ON_FAILURE): Text 'trpselsey@gmail.com' is present on page 

2019-12-11 13:18:48 - [MESSAGE][PASSED] - Text 'trpselsey@gmail.com' is present on page 

2019-12-11 13:18:48 - [TEST_STEP][PASSED] - verifyTextPresent(findTestData("searchTestData").getValue("dob", row), false, CONTINUE_ON_FAILURE): Text 'DoB: 06/04/1970' is present on page 

2019-12-11 13:18:49 - [MESSAGE][PASSED] - Text 'DoB: 06/04/1970' is present on page 

2019-12-11 13:18:49 - [TEST_STEP][PASSED] - verifyTextPresent(findTestData("searchTestData").getValue("catID", row), false, CONTINUE_ON_FAILURE): Text '381198' is present on page 

2019-12-11 13:18:49 - [MESSAGE][PASSED] - Text '381198' is present on page 

2019-12-11 13:18:49 - [MESSAGE][PASSED] - Call Test Case 'Test Cases/Reusable_Test_Sequences/Web_Office/Verification/Trader_Record' successfully

2019-12-11 13:18:49 - [TEST_STEP][PASSED] - "--------------------------": null

2019-12-11 13:18:49 - [TEST_STEP][PASSED] - " Teardown - CLose Browser |": null

2019-12-11 13:18:49 - [TEST_STEP][PASSED] - callTestCase(findTestCase("Reusable_Test_Sequences/CAT_Teardown"), [:], OPTIONAL): Call Test Case 'Test Cases/Reusable_Test_Sequences/CAT_Teardown' successfully

2019-12-11 13:18:49 - [TEST_CASE][PASSED] - Test Cases/Reusable_Test_Sequences/CAT_Teardown: Test Cases/Reusable_Test_Sequences/CAT_Teardown

2019-12-11 13:18:49 - [TEST_STEP][PASSED] - closeBrowser(): Browser is closed

2019-12-11 13:18:51 - [MESSAGE][PASSED] - Browser is closed

2019-12-11 13:18:51 - [MESSAGE][PASSED] - Call Test Case 'Test Cases/Reusable_Test_Sequences/CAT_Teardown' successfully

2019-12-11 13:18:51 - [TEST_STEP][PASSED] - "--------------------------------------": null

2019-12-11 13:18:51 - [TEST_STEP][PASSED] - " Web Office StartUp                  |": null

2019-12-11 13:18:51 - [TEST_STEP][PASSED] - callTestCase(findTestCase("Reusable_Test_Sequences/Web_Office/Directives/WebOffice_StartUp"), [:], OPTIONAL): Call Test Case 'Test Cases/Reusable_Test_Sequences/Web_Office/Directives/WebOffice_StartUp' successfully

2019-12-11 13:18:51 - [TEST_CASE][PASSED] - Test Cases/Reusable_Test_Sequences/Web_Office/Directives/WebOffice_StartUp: Test Cases/Reusable_Test_Sequences/Web_Office/Directives/WebOffice_StartUp

2019-12-11 13:18:51 - [TEST_STEP][PASSED] - if (URL == "https://www.preview.checkatrade.com/"): null

2019-12-11 13:18:51 - [TEST_STEP][PASSED] - WebOfficeURL = "https://admin.preview.checkatrade.com/": null

2019-12-11 13:18:51 - [TEST_STEP][PASSED] - if (URL == "https://www.checkatrade.com/"): null

2019-12-11 13:18:51 - [TEST_STEP][PASSED] - "Set Function Area for "URL_Handler", URL Resolution": null

2019-12-11 13:18:51 - [TEST_STEP][PASSED] - "Do Some Magic with URL(s) See the comments within URL Handler ": null

2019-12-11 13:18:51 - [TEST_STEP][PASSED] - Username = "DavidHo": null

2019-12-11 13:18:51 - [TEST_STEP][PASSED] - Password = "Check123": null

2019-12-11 13:18:51 - [TEST_STEP][PASSED] - "------------------------------------------------": null

2019-12-11 13:18:51 - [TEST_STEP][PASSED] - "WebOfficeURL - Set from the ENVIRONMENT PROFILE ": null

2019-12-11 13:18:51 - [TEST_STEP][PASSED] - "OPEN BROWSER": null

2019-12-11 13:18:51 - [TEST_STEP][PASSED] - "eg - https://admin.preview.checkatrade.com/  ": null

2019-12-11 13:18:51 - [TEST_STEP][PASSED] - openBrowser(WebOfficeURL): Browser is opened with url: 'https://admin.preview.checkatrade.com/'

2019-12-11 13:18:51 - [MESSAGE][INFO] - Starting 'Chrome' driver

2019-12-11 13:18:57 - [MESSAGE][PASSED] - Browser is opened with url: 'https://admin.preview.checkatrade.com/'

2019-12-11 13:18:57 - [TEST_STEP][PASSED] - maximizeWindow(): Current window maximized

2019-12-11 13:19:02 - [MESSAGE][PASSED] - Current window maximized

2019-12-11 13:19:02 - [TEST_STEP][PASSED] - waitForElementClickable(findTestObject("Object Repository/WebOffice/Page_Checkatrade - Administration - Login/Login_Button"), 25): Object 'Object Repository/WebOffice/Page_Checkatrade - Administration - Login/Login_Button' is clickable

2019-12-11 13:19:02 - [MESSAGE][PASSED] - Object 'Object Repository/WebOffice/Page_Checkatrade - Administration - Login/Login_Button' is clickable

2019-12-11 13:19:02 - [TEST_STEP][PASSED] - verifyTextPresent("Checkatrade Web Office", false): Text 'Checkatrade Web Office' is present on page 

2019-12-11 13:19:02 - [MESSAGE][PASSED] - Text 'Checkatrade Web Office' is present on page 

2019-12-11 13:19:02 - [TEST_STEP][PASSED] - verifyTextPresent("Access for staff use only", false): Text 'Access for staff use only' is present on page 

2019-12-11 13:19:02 - [MESSAGE][PASSED] - Text 'Access for staff use only' is present on page 

2019-12-11 13:19:02 - [TEST_STEP][PASSED] - verifyTextPresent("Forgotten password?", false): Text 'Forgotten password?' is present on page 

2019-12-11 13:19:02 - [MESSAGE][PASSED] - Text 'Forgotten password?' is present on page 

2019-12-11 13:19:02 - [TEST_STEP][PASSED] - setText(findTestObject("Object Repository/WebOffice/Page_Checkatrade - Administration - Login/input_Username_LoginControlUserName"), Username): Text 'DavidHo' is set on object 'Object Repository/WebOffice/Page_Checkatrade - Administration - Login/input_Username_LoginControlUserName'

2019-12-11 13:19:02 - [MESSAGE][PASSED] - Text 'DavidHo' is set on object 'Object Repository/WebOffice/Page_Checkatrade - Administration - Login/input_Username_LoginControlUserName'

2019-12-11 13:19:02 - [TEST_STEP][PASSED] - setText(findTestObject("Object Repository/WebOffice/Page_Checkatrade - Administration - Login/input_Password_LoginControlPassword"), Password): Text 'Check123' is set on object 'Object Repository/WebOffice/Page_Checkatrade - Administration - Login/input_Password_LoginControlPassword'

2019-12-11 13:19:02 - [MESSAGE][PASSED] - Text 'Check123' is set on object 'Object Repository/WebOffice/Page_Checkatrade - Administration - Login/input_Password_LoginControlPassword'

2019-12-11 13:19:02 - [TEST_STEP][PASSED] - click(findTestObject("Object Repository/WebOffice/Page_Checkatrade - Administration - Login/Login_Button")): Object: 'Object Repository/WebOffice/Page_Checkatrade - Administration - Login/Login_Button' is clicked on

2019-12-11 13:19:03 - [MESSAGE][PASSED] - Object: 'Object Repository/WebOffice/Page_Checkatrade - Administration - Login/Login_Button' is clicked on

2019-12-11 13:19:03 - [TEST_STEP][PASSED] - waitForPageLoad(60): Wait for page load successfully

2019-12-11 13:19:03 - [MESSAGE][PASSED] - Wait for page load successfully

2019-12-11 13:19:03 - [TEST_STEP][PASSED] - verifyTextPresent("Welcome " + Username, false): Text 'Welcome DavidHo' is present on page 

2019-12-11 13:19:03 - [MESSAGE][PASSED] - Text 'Welcome DavidHo' is present on page 

2019-12-11 13:19:03 - [MESSAGE][PASSED] - Call Test Case 'Test Cases/Reusable_Test_Sequences/Web_Office/Directives/WebOffice_StartUp' successfully

2019-12-11 13:19:03 - [TEST_STEP][PASSED] - "--------------------------------------": null

2019-12-11 13:19:03 - [TEST_STEP][PASSED] - " Home Page - Search                   |": null

2019-12-11 13:19:03 - [TEST_STEP][PASSED] - callTestCase(findTestCase("Reusable_Test_Sequences/Web_Office/Home_Page_Search"), [:], OPTIONAL): Call Test Case 'Test Cases/Reusable_Test_Sequences/Web_Office/Home_Page_Search' successfully

2019-12-11 13:19:03 - [TEST_CASE][PASSED] - Test Cases/Reusable_Test_Sequences/Web_Office/Home_Page_Search: Test Cases/Reusable_Test_Sequences/Web_Office/Home_Page_Search

2019-12-11 13:19:03 - [TEST_STEP][PASSED] - setText(findTestObject("Object Repository/WebOffice_Home_page/input_Search_Criteria"), findTestData("searchTestData").getValue("Search_Selector", row)): Text '07778 777641' is set on object 'Object Repository/WebOffice_Home_page/input_Search_Criteria'

2019-12-11 13:19:04 - [MESSAGE][PASSED] - Text '07778 777641' is set on object 'Object Repository/WebOffice_Home_page/input_Search_Criteria'

2019-12-11 13:19:04 - [TEST_STEP][PASSED] - delay(1): Delayed 1 second(s)

2019-12-11 13:19:05 - [MESSAGE][PASSED] - Delayed 1 second(s)

2019-12-11 13:19:05 - [TEST_STEP][PASSED] - click(findTestObject("Object Repository/WebOffice_Home_page/popout_Search_Item")): Object: 'Object Repository/WebOffice_Home_page/popout_Search_Item' is clicked on

2019-12-11 13:19:06 - [MESSAGE][PASSED] - Object: 'Object Repository/WebOffice_Home_page/popout_Search_Item' is clicked on

2019-12-11 13:19:06 - [TEST_STEP][PASSED] - waitForPageLoad(60): Wait for page load successfully

2019-12-11 13:19:06 - [MESSAGE][PASSED] - Wait for page load successfully

2019-12-11 13:19:06 - [MESSAGE][PASSED] - Call Test Case 'Test Cases/Reusable_Test_Sequences/Web_Office/Home_Page_Search' successfully

2019-12-11 13:19:06 - [TEST_STEP][PASSED] - "--------------------------------------": null

2019-12-11 13:19:06 - [TEST_STEP][PASSED] - " Web Office - Verify Returned Record  |": null

2019-12-11 13:19:06 - [TEST_STEP][PASSED] - callTestCase(findTestCase("Reusable_Test_Sequences/Web_Office/Verification/Trader_Record"), [:], OPTIONAL): Call Test Case 'Test Cases/Reusable_Test_Sequences/Web_Office/Verification/Trader_Record' successfully

2019-12-11 13:19:06 - [TEST_CASE][PASSED] - Test Cases/Reusable_Test_Sequences/Web_Office/Verification/Trader_Record: Test Cases/Reusable_Test_Sequences/Web_Office/Verification/Trader_Record

2019-12-11 13:19:06 - [TEST_STEP][PASSED] - verifyTextPresent(findTestData("searchTestData").getValue("tradeName", row), false, CONTINUE_ON_FAILURE): Text 'Autopics Garage Services' is present on page 

2019-12-11 13:19:07 - [MESSAGE][PASSED] - Text 'Autopics Garage Services' is present on page 

2019-12-11 13:19:07 - [TEST_STEP][PASSED] - verifyTextPresent(findTestData("searchTestData").getValue("primeContact", row), false, CONTINUE_ON_FAILURE): Text 'David Clarke & Lisamarie Holt' is present on page 

2019-12-11 13:19:07 - [MESSAGE][PASSED] - Text 'David Clarke & Lisamarie Holt' is present on page 

2019-12-11 13:19:07 - [TEST_STEP][PASSED] - verifyTextPresent(findTestData("searchTestData").getValue("address", row), false, CONTINUE_ON_FAILURE): Text 'Unit 15, Brookside Business Park, Brookside Avenue, Rustington, West Sussex, BN16 3LP' is present on page 

2019-12-11 13:19:08 - [MESSAGE][PASSED] - Text 'Unit 15, Brookside Business Park, Brookside Avenue, Rustington, West Sussex, BN16 3LP' is present on page 

2019-12-11 13:19:08 - [TEST_STEP][PASSED] - verifyTextPresent(findTestData("searchTestData").getValue("mobile", row), false, CONTINUE_ON_FAILURE): Text '07778 777641' is present on page 

2019-12-11 13:19:08 - [MESSAGE][PASSED] - Text '07778 777641' is present on page 

2019-12-11 13:19:08 - [TEST_STEP][PASSED] - verifyTextPresent(findTestData("searchTestData").getValue("contact", row), false, CONTINUE_ON_FAILURE): Text '01903 856016' is present on page 

2019-12-11 13:19:08 - [MESSAGE][PASSED] - Text '01903 856016' is present on page 

2019-12-11 13:19:08 - [TEST_STEP][PASSED] - verifyTextPresent(findTestData("searchTestData").getValue("email", row), false, CONTINUE_ON_FAILURE): Text 'sales@autopics.co.uk' is present on page 

2019-12-11 13:19:09 - [MESSAGE][PASSED] - Text 'sales@autopics.co.uk' is present on page 

2019-12-11 13:19:09 - [TEST_STEP][PASSED] - verifyTextPresent(findTestData("searchTestData").getValue("dob", row), false, CONTINUE_ON_FAILURE): Text 'DoB: 02/01/1965' is present on page 

2019-12-11 13:19:09 - [MESSAGE][PASSED] - Text 'DoB: 02/01/1965' is present on page 

2019-12-11 13:19:09 - [TEST_STEP][PASSED] - verifyTextPresent(findTestData("searchTestData").getValue("catID", row), false, CONTINUE_ON_FAILURE): Text '230761' is present on page 

2019-12-11 13:19:09 - [MESSAGE][PASSED] - Text '230761' is present on page 

2019-12-11 13:19:09 - [MESSAGE][PASSED] - Call Test Case 'Test Cases/Reusable_Test_Sequences/Web_Office/Verification/Trader_Record' successfully

2019-12-11 13:19:09 - [TEST_STEP][PASSED] - "--------------------------": null

2019-12-11 13:19:09 - [TEST_STEP][PASSED] - " Teardown - CLose Browser |": null

2019-12-11 13:19:09 - [TEST_STEP][PASSED] - callTestCase(findTestCase("Reusable_Test_Sequences/CAT_Teardown"), [:], OPTIONAL): Call Test Case 'Test Cases/Reusable_Test_Sequences/CAT_Teardown' successfully

2019-12-11 13:19:09 - [TEST_CASE][PASSED] - Test Cases/Reusable_Test_Sequences/CAT_Teardown: Test Cases/Reusable_Test_Sequences/CAT_Teardown

2019-12-11 13:19:09 - [TEST_STEP][PASSED] - closeBrowser(): Browser is closed

2019-12-11 13:19:10 - [MESSAGE][PASSED] - Browser is closed

2019-12-11 13:19:10 - [MESSAGE][PASSED] - Call Test Case 'Test Cases/Reusable_Test_Sequences/CAT_Teardown' successfully]]></system-out>
         <system-err><![CDATA[]]></system-err>
      </testcase>
      <system-out><![CDATA[2019-12-11 13:16:56 - [TEST_SUITE][PASSED] - WebOffice_Header_Search: Test Cases/Web_Office/WebOffice_Header_Search]]></system-out>
      <system-err><![CDATA[]]></system-err>
   </testsuite>
</testsuites>
