<?xml version="1.0" encoding="UTF-8"?>
<testsuites name="Members_My_Feedback" time="287.601" tests="1" failures="0" errors="0">
   <testsuite name="Members_My_Feedback" tests="1" failures="0" errors="0" time="287.601" timestamp="2019-11-14 11:08:20" hostname="DavidHo - VETTEDSP36RF.check.local" id="Test Suites/Members_My_Feedback">
      <properties>
         <property name="deviceName" value=""/>
         <property name="devicePlatform" value=""/>
         <property name="logFolder" value="C:\\Users\\davidho\\Katalon Studio\\Start\\Reports\\20191114_110758\\Members_My_Feedback\\20191114_110800"/>
         <property name="logFiles" value="C:\\Users\\davidho\\Katalon Studio\\Start\\Reports\\20191114_110758\\Members_My_Feedback\\20191114_110800\\execution0.log"/>
         <property name="attachments" value=""/>
         <property name="hostName" value="DavidHo - VETTEDSP36RF.check.local"/>
         <property name="os" value="Windows 10 32bit"/>
         <property name="katalonVersion" value="7.0.5.1"/>
         <property name="browser" value="Firefox 70.0"/>
         <property name="hostAddress" value="10.0.11.243"/>
         <property name="sessionId" value="a517b73e-f633-4f21-ad97-b6805530ce9b"/>
         <property name="seleniumVersion" value="3.141.59"/>
         <property name="proxyInformation" value="ProxyInformation{proxyOption=NO_PROXY, proxyServerType=HTTP, password=, proxyServerAddress=, proxyServerPort=0}"/>
         <property name="platform" value="Windows 10"/>
      </properties>
      <testcase name="Test Cases/Members_Area/My_Feedback" time="285.948" classname="Test Cases/Members_Area/My_Feedback" status="PASSED">
         <system-out><![CDATA[2019-11-14 11:08:21 - [TEST_CASE][PASSED] - Test Cases/Members_Area/My_Feedback: Test Cases/Members_Area/My_Feedback

2019-11-14 11:08:21 - [TEST_STEP][PASSED] - "WARNING - Be AWARE that, for example, That the Members Area Link on Preview doesnt take you to Preview, but takes you to LIVE Members Area": null

2019-11-14 11:08:21 - [TEST_STEP][PASSED] - "THIS CURRENTLY ONLY RUNS FROM - - -  * * *  PREVIEW_MEMBERS_AREA Profile  * * *  CORRECTION THIS IS NOW CATERED FOR - AND REDIRECTED  ": null

2019-11-14 11:08:21 - [TEST_STEP][PASSED] - "######################################################################################################################################################": null

2019-11-14 11:08:21 - [TEST_STEP][PASSED] - "#  OF COURSE, FOR THIS TO WORK THE TEST CREDENTIALS SHOULD BE AVAILABLE ACROSS ALL ENVIRONMENTS - Username = check1234 - & - Password = testing123   #": null

2019-11-14 11:08:21 - [TEST_STEP][PASSED] - "######################################################################################################################################################": null

2019-11-14 11:08:21 - [TEST_STEP][PASSED] - for ([row = 1, row <= findTestData("Members_Test_Data").getRowNumbers(), (internal.GlobalVariable.row++)]): Call Test Case 'Test Cases/Reusable_Test_Sequences/Members_Area/Banner_Menu/log_Off' successfully

2019-11-14 11:08:22 - [TEST_STEP][PASSED] - callTestCase(findTestCase("Reusable_Test_Sequences/Members_Area/Start_Up"), [:], OPTIONAL): Call Test Case 'Test Cases/Reusable_Test_Sequences/Members_Area/Start_Up' successfully

2019-11-14 11:08:22 - [TEST_CASE][PASSED] - Test Cases/Reusable_Test_Sequences/Members_Area/Start_Up: Test Cases/Reusable_Test_Sequences/Members_Area/Start_Up

2019-11-14 11:08:23 - [TEST_STEP][PASSED] - data = findTestData("Members_Test_Data"): null

2019-11-14 11:08:23 - [TEST_STEP][PASSED] - Header_Text = "": null

2019-11-14 11:08:23 - [TEST_STEP][PASSED] - Forgotten_Password = "": null

2019-11-14 11:08:23 - [TEST_STEP][PASSED] - Forgotten_Username = "": null

2019-11-14 11:08:23 - [TEST_STEP][PASSED] - Trouble_Logging_In = "": null

2019-11-14 11:08:23 - [TEST_STEP][PASSED] - "----------------------------------------------------": null

2019-11-14 11:08:23 - [TEST_STEP][PASSED] - FUNCTION_AREA = "Members_Area": null

2019-11-14 11:08:23 - [TEST_STEP][PASSED] - callTestCase(findTestCase("Reusable_Test_Sequences/URL_Handler"), [:], CONTINUE_ON_FAILURE): Call Test Case 'Test Cases/Reusable_Test_Sequences/URL_Handler' successfully

2019-11-14 11:08:23 - [TEST_CASE][PASSED] - Test Cases/Reusable_Test_Sequences/URL_Handler: Test Cases/Reusable_Test_Sequences/URL_Handler

2019-11-14 11:08:24 - [TEST_STEP][PASSED] - "      CURRENT DEV (MASTER) Environment": null

2019-11-14 11:08:24 - [TEST_STEP][PASSED] - "      Dev Test Environment": null

2019-11-14 11:08:24 - [TEST_STEP][PASSED] - "      Next Dev Environment": null

2019-11-14 11:08:24 - [TEST_STEP][PASSED] - "      Preview Environment": null

2019-11-14 11:08:24 - [TEST_STEP][PASSED] - "      Live": null

2019-11-14 11:08:24 - [TEST_STEP][PASSED] - "######################################################################################################################################################": null

2019-11-14 11:08:24 - [TEST_STEP][PASSED] - "#  OF COURSE, FOR THIS TO WORK THE TEST CREDENTIALS SHOULD BE AVAILABLE ACROSS ALL ENVIRONMENTS - Username = check1234 - & - Password = testing123   #": null

2019-11-14 11:08:24 - [TEST_STEP][PASSED] - switch (URL): null

2019-11-14 11:08:24 - [TEST_STEP][PASSED] - case .*www.preview.checkatrade.*:: null

2019-11-14 11:08:24 - [TEST_STEP][PASSED] - URL = "https://preview-ma.checkatrade.com/login?return=%2Fdashboard": null

2019-11-14 11:08:24 - [TEST_STEP][PASSED] - break: null

2019-11-14 11:08:24 - [TEST_STEP][PASSED] - URL: null

2019-11-14 11:08:24 - [MESSAGE][PASSED] - Call Test Case 'Test Cases/Reusable_Test_Sequences/URL_Handler' successfully

2019-11-14 11:08:24 - [TEST_STEP][PASSED] - "URL - Set from the ENVIRONMENT PROFILE - Specific Page Address Provided By +GlobalVariable.PAGE  ": null

2019-11-14 11:08:24 - [TEST_STEP][PASSED] - openBrowser(URL): Browser is opened with url: 'https://preview-ma.checkatrade.com/login?return=%2Fdashboard'

2019-11-14 11:08:24 - [MESSAGE][INFO] - Starting 'Firefox' driver

2019-11-14 11:08:24 - [MESSAGE][INFO] - Action delay is set to 0 seconds

2019-11-14 11:08:37 - [MESSAGE][PASSED] - Browser is opened with url: 'https://preview-ma.checkatrade.com/login?return=%2Fdashboard'

2019-11-14 11:08:37 - [TEST_STEP][PASSED] - maximizeWindow(): Current window maximized

2019-11-14 11:08:37 - [MESSAGE][PASSED] - Current window maximized

2019-11-14 11:08:37 - [TEST_STEP][PASSED] - waitForPageLoad(60): Wait for page load successfully

2019-11-14 11:08:37 - [MESSAGE][PASSED] - Wait for page load successfully

2019-11-14 11:08:37 - [TEST_STEP][PASSED] - verifyTextPresent(data.getValue("Header_Text", row), false): Text 'EXCLUSIVE ACCESS FOR CHECKATRADE MEMBERS ONLY' is present on page 

2019-11-14 11:08:38 - [MESSAGE][PASSED] - Text 'EXCLUSIVE ACCESS FOR CHECKATRADE MEMBERS ONLY' is present on page 

2019-11-14 11:08:38 - [TEST_STEP][PASSED] - verifyTextPresent(data.getValue("Forgotten_Password", row), false): Text 'Forgotten password?' is present on page 

2019-11-14 11:08:38 - [MESSAGE][PASSED] - Text 'Forgotten password?' is present on page 

2019-11-14 11:08:38 - [TEST_STEP][PASSED] - verifyTextPresent(data.getValue("Forgotten_Username", row), false): Text 'Forgotten username?' is present on page 

2019-11-14 11:08:38 - [MESSAGE][PASSED] - Text 'Forgotten username?' is present on page 

2019-11-14 11:08:38 - [TEST_STEP][PASSED] - verifyTextPresent(data.getValue("Trouble_Logging_In", row), false): Text 'Trouble logging in?' is present on page 

2019-11-14 11:08:38 - [MESSAGE][PASSED] - Text 'Trouble logging in?' is present on page 

2019-11-14 11:08:38 - [MESSAGE][PASSED] - Call Test Case 'Test Cases/Reusable_Test_Sequences/Members_Area/Start_Up' successfully

2019-11-14 11:08:38 - [TEST_STEP][PASSED] - callTestCase(findTestCase("Reusable_Test_Sequences/Members_Area/log_On"), [:], OPTIONAL): Call Test Case 'Test Cases/Reusable_Test_Sequences/Members_Area/log_On' successfully

2019-11-14 11:08:38 - [TEST_CASE][PASSED] - Test Cases/Reusable_Test_Sequences/Members_Area/log_On: Test Cases/Reusable_Test_Sequences/Members_Area/log_On

2019-11-14 11:08:39 - [TEST_STEP][PASSED] - waitForElementPresent(findTestObject("Object Repository/Members/Page_Members Area/button_Log in"), 10): Object 'Object Repository/Members/Page_Members Area/button_Log in' is present

2019-11-14 11:08:39 - [MESSAGE][PASSED] - Object 'Object Repository/Members/Page_Members Area/button_Log in' is present

2019-11-14 11:08:39 - [TEST_STEP][PASSED] - click(findTestObject("Object Repository/Members/Page_Members Area/input_Username_username")): Object: 'Object Repository/Members/Page_Members Area/input_Username_username' is clicked on

2019-11-14 11:08:39 - [MESSAGE][PASSED] - Object: 'Object Repository/Members/Page_Members Area/input_Username_username' is clicked on

2019-11-14 11:08:39 - [TEST_STEP][PASSED] - setText(findTestObject("Object Repository/Members/Page_Members Area/input_Username_username"), Username): Text 'check1234' is set on object 'Object Repository/Members/Page_Members Area/input_Username_username'

2019-11-14 11:08:39 - [MESSAGE][PASSED] - Text 'check1234' is set on object 'Object Repository/Members/Page_Members Area/input_Username_username'

2019-11-14 11:08:39 - [TEST_STEP][PASSED] - click(findTestObject("Object Repository/Members/Page_Members Area/input_Password_password")): Object: 'Object Repository/Members/Page_Members Area/input_Password_password' is clicked on

2019-11-14 11:08:40 - [MESSAGE][PASSED] - Object: 'Object Repository/Members/Page_Members Area/input_Password_password' is clicked on

2019-11-14 11:08:40 - [TEST_STEP][PASSED] - setText(findTestObject("Object Repository/Members/Page_Members Area/input_Password_password"), Password): Text 'testing123' is set on object 'Object Repository/Members/Page_Members Area/input_Password_password'

2019-11-14 11:08:40 - [MESSAGE][PASSED] - Text 'testing123' is set on object 'Object Repository/Members/Page_Members Area/input_Password_password'

2019-11-14 11:08:40 - [TEST_STEP][PASSED] - click(findTestObject("Object Repository/Members/Page_Members Area/button_Log in")): Object: 'Object Repository/Members/Page_Members Area/button_Log in' is clicked on

2019-11-14 11:08:41 - [MESSAGE][PASSED] - Object: 'Object Repository/Members/Page_Members Area/button_Log in' is clicked on

2019-11-14 11:08:41 - [MESSAGE][PASSED] - Call Test Case 'Test Cases/Reusable_Test_Sequences/Members_Area/log_On' successfully

2019-11-14 11:08:41 - [TEST_STEP][PASSED] - callTestCase(findTestCase("Reusable_Test_Sequences/Members_Area/Area_Menu/Your_Customers/My_Feedback"), [:], CONTINUE_ON_FAILURE): Call Test Case 'Test Cases/Reusable_Test_Sequences/Members_Area/Area_Menu/Your_Customers/My_Feedback' successfully

2019-11-14 11:08:41 - [TEST_CASE][PASSED] - Test Cases/Reusable_Test_Sequences/Members_Area/Area_Menu/Your_Customers/My_Feedback: Test Cases/Reusable_Test_Sequences/Members_Area/Area_Menu/Your_Customers/My_Feedback

2019-11-14 11:08:42 - [TEST_STEP][PASSED] - waitForElementPresent(findTestObject("Object Repository/Page_Members Area/div_My Feedback"), 25): Object 'Object Repository/Page_Members Area/div_My Feedback' is present

2019-11-14 11:08:44 - [MESSAGE][PASSED] - Object 'Object Repository/Page_Members Area/div_My Feedback' is present

2019-11-14 11:08:44 - [TEST_STEP][PASSED] - click(findTestObject("Object Repository/Page_Members Area/div_My Feedback")): Object: 'Object Repository/Page_Members Area/div_My Feedback' is clicked on

2019-11-14 11:08:45 - [MESSAGE][PASSED] - Object: 'Object Repository/Page_Members Area/div_My Feedback' is clicked on

2019-11-14 11:08:45 - [MESSAGE][PASSED] - Call Test Case 'Test Cases/Reusable_Test_Sequences/Members_Area/Area_Menu/Your_Customers/My_Feedback' successfully

2019-11-14 11:08:45 - [TEST_STEP][PASSED] - callTestCase(findTestCase("Reusable_Test_Sequences/Members_Area/Validation/My_Feedback"), [:], CONTINUE_ON_FAILURE): Call Test Case 'Test Cases/Reusable_Test_Sequences/Members_Area/Validation/My_Feedback' successfully

2019-11-14 11:08:45 - [TEST_CASE][PASSED] - Test Cases/Reusable_Test_Sequences/Members_Area/Validation/My_Feedback: Test Cases/Reusable_Test_Sequences/Members_Area/Validation/My_Feedback

2019-11-14 11:08:46 - [TEST_STEP][PASSED] - waitForElementPresent(findTestObject("Object Repository/Page_Members Area/input_Customer Town_btn btn-primary filter"), 60): Object 'Object Repository/Page_Members Area/input_Customer Town_btn btn-primary filter' is present

2019-11-14 11:08:46 - [MESSAGE][PASSED] - Object 'Object Repository/Page_Members Area/input_Customer Town_btn btn-primary filter' is present

2019-11-14 11:08:46 - [TEST_STEP][PASSED] - verifyTextPresent(findTestData("Members_Test_Data").getValue("MEMBER_ID", 1), false): Text '218630' is present on page 

2019-11-14 11:08:50 - [MESSAGE][PASSED] - Text '218630' is present on page 

2019-11-14 11:08:50 - [TEST_STEP][PASSED] - verifyTextPresent("MEMBER ID", false): Text 'MEMBER ID' is present on page 

2019-11-14 11:08:55 - [MESSAGE][PASSED] - Text 'MEMBER ID' is present on page 

2019-11-14 11:08:55 - [TEST_STEP][PASSED] - "----------------------------------------------": null

2019-11-14 11:08:55 - [TEST_STEP][PASSED] - "---------------------------------": null

2019-11-14 11:08:55 - [TEST_STEP][PASSED] - "DEFAULT TAB - Published Feedback ": null

2019-11-14 11:08:55 - [TEST_STEP][PASSED] - verifyTextPresent("This is the feedback from your customers that is available to the public", false): Text 'This is the feedback from your customers that is available to the public' is present on page 

2019-11-14 11:09:13 - [MESSAGE][PASSED] - Text 'This is the feedback from your customers that is available to the public' is present on page 

2019-11-14 11:09:13 - [TEST_STEP][PASSED] - verifyTextPresent("Work Done From:", false): Text 'Work Done From:' is present on page 

2019-11-14 11:09:29 - [MESSAGE][PASSED] - Text 'Work Done From:' is present on page 

2019-11-14 11:09:29 - [TEST_STEP][PASSED] - verifyTextPresent("To:", false): Text 'To:' is present on page 

2019-11-14 11:09:48 - [MESSAGE][PASSED] - Text 'To:' is present on page 

2019-11-14 11:09:48 - [TEST_STEP][PASSED] - verifyTextPresent("Customer Surname:", false): Text 'Customer Surname:' is present on page 

2019-11-14 11:10:06 - [MESSAGE][PASSED] - Text 'Customer Surname:' is present on page 

2019-11-14 11:10:06 - [TEST_STEP][PASSED] - verifyTextPresent("Customer Town:", false): Text 'Customer Town:' is present on page 

2019-11-14 11:10:22 - [MESSAGE][PASSED] - Text 'Customer Town:' is present on page 

2019-11-14 11:10:22 - [MESSAGE][PASSED] - Call Test Case 'Test Cases/Reusable_Test_Sequences/Members_Area/Validation/My_Feedback' successfully

2019-11-14 11:10:22 - [TEST_STEP][PASSED] - callTestCase(findTestCase("Reusable_Test_Sequences/Members_Area/Area_Menu/Your_Customers/Feedback/Remind_Customer"), [:], CONTINUE_ON_FAILURE): Call Test Case 'Test Cases/Reusable_Test_Sequences/Members_Area/Area_Menu/Your_Customers/Feedback/Remind_Customer' successfully

2019-11-14 11:10:22 - [TEST_CASE][PASSED] - Test Cases/Reusable_Test_Sequences/Members_Area/Area_Menu/Your_Customers/Feedback/Remind_Customer: Test Cases/Reusable_Test_Sequences/Members_Area/Area_Menu/Your_Customers/Feedback/Remind_Customer

2019-11-14 11:10:23 - [TEST_STEP][PASSED] - waitForPageLoad(25): Wait for page load successfully

2019-11-14 11:10:23 - [MESSAGE][PASSED] - Wait for page load successfully

2019-11-14 11:10:23 - [TEST_STEP][PASSED] - waitForElementPresent(findTestObject("Object Repository/Page_Members Area/a_Remind customer"), 5): Object 'Object Repository/Page_Members Area/a_Remind customer' is present

2019-11-14 11:10:23 - [MESSAGE][PASSED] - Object 'Object Repository/Page_Members Area/a_Remind customer' is present

2019-11-14 11:10:23 - [TEST_STEP][PASSED] - click(findTestObject("Object Repository/Page_Members Area/a_Remind customer")): Object: 'Object Repository/Page_Members Area/a_Remind customer' is clicked on

2019-11-14 11:10:24 - [MESSAGE][PASSED] - Object: 'Object Repository/Page_Members Area/a_Remind customer' is clicked on

2019-11-14 11:10:24 - [MESSAGE][PASSED] - Call Test Case 'Test Cases/Reusable_Test_Sequences/Members_Area/Area_Menu/Your_Customers/Feedback/Remind_Customer' successfully

2019-11-14 11:10:24 - [TEST_STEP][PASSED] - callTestCase(findTestCase("Reusable_Test_Sequences/Members_Area/Validation/Remind_Customers"), [:], CONTINUE_ON_FAILURE): Call Test Case 'Test Cases/Reusable_Test_Sequences/Members_Area/Validation/Remind_Customers' successfully

2019-11-14 11:10:24 - [TEST_CASE][PASSED] - Test Cases/Reusable_Test_Sequences/Members_Area/Validation/Remind_Customers: Test Cases/Reusable_Test_Sequences/Members_Area/Validation/Remind_Customers

2019-11-14 11:10:24 - [TEST_STEP][PASSED] - waitForElementPresent(findTestObject("Object Repository/Page_Members Area/input_concat(Customer  s name)_customerName"), 60): Object 'Object Repository/Page_Members Area/input_concat(Customer  s name)_customerName' is present

2019-11-14 11:10:24 - [MESSAGE][PASSED] - Object 'Object Repository/Page_Members Area/input_concat(Customer  s name)_customerName' is present

2019-11-14 11:10:24 - [TEST_STEP][PASSED] - "---------------------------------": null

2019-11-14 11:10:24 - [TEST_STEP][PASSED] - "DEFAULT TAB - Remind Customers   ": null

2019-11-14 11:10:24 - [TEST_STEP][PASSED] - verifyTextPresent(findTestData("Members_Test_Data").getValue("MEMBER_ID", 1), false): Text '218630' is present on page 

2019-11-14 11:10:27 - [MESSAGE][PASSED] - Text '218630' is present on page 

2019-11-14 11:10:27 - [TEST_STEP][PASSED] - verifyTextPresent("MEMBER ID", false): Text 'MEMBER ID' is present on page 

2019-11-14 11:10:31 - [MESSAGE][PASSED] - Text 'MEMBER ID' is present on page 

2019-11-14 11:10:31 - [TEST_STEP][PASSED] - verifyTextPresent("Remind your customers", false): Text 'Remind your customers' is present on page 

2019-11-14 11:10:33 - [MESSAGE][PASSED] - Text 'Remind your customers' is present on page 

2019-11-14 11:10:33 - [TEST_STEP][PASSED] - verifyTextPresent("CUSTOMER NAME IS REQUIRED", false): Text 'CUSTOMER NAME IS REQUIRED' is present on page 

2019-11-14 11:10:36 - [MESSAGE][PASSED] - Text 'CUSTOMER NAME IS REQUIRED' is present on page 

2019-11-14 11:10:36 - [TEST_STEP][PASSED] - verifyTextPresent("Description of work", false): Text 'Description of work' is present on page 

2019-11-14 11:10:39 - [MESSAGE][PASSED] - Text 'Description of work' is present on page 

2019-11-14 11:10:39 - [TEST_STEP][PASSED] - verifyTextPresent("Customer's email", false): Text 'Customer's email' is present on page 

2019-11-14 11:10:43 - [MESSAGE][PASSED] - Text 'Customer's email' is present on page 

2019-11-14 11:10:43 - [TEST_STEP][PASSED] - verifyTextPresent("Submit", false): Text 'Submit' is present on page 

2019-11-14 11:10:44 - [MESSAGE][PASSED] - Text 'Submit' is present on page 

2019-11-14 11:10:44 - [TEST_STEP][PASSED] - verifyTextPresent("Mobile number (for SMS reminder)", false): Text 'Mobile number (for SMS reminder)' is present on page 

2019-11-14 11:10:46 - [MESSAGE][PASSED] - Text 'Mobile number (for SMS reminder)' is present on page 

2019-11-14 11:10:46 - [TEST_STEP][PASSED] - scrollToElement(findTestObject("Object Repository/Page_Members Area/a_Dashboard"), 10): Scroll to object 'Object Repository/Page_Members Area/a_Dashboard' successfully

2019-11-14 11:10:46 - [MESSAGE][PASSED] - Scroll to object 'Object Repository/Page_Members Area/a_Dashboard' successfully

2019-11-14 11:10:46 - [MESSAGE][PASSED] - Call Test Case 'Test Cases/Reusable_Test_Sequences/Members_Area/Validation/Remind_Customers' successfully

2019-11-14 11:10:46 - [TEST_STEP][PASSED] - callTestCase(findTestCase("Reusable_Test_Sequences/Members_Area/Area_Menu/Your_Customers/Feedback/Your_Customers"), [:], CONTINUE_ON_FAILURE): Call Test Case 'Test Cases/Reusable_Test_Sequences/Members_Area/Area_Menu/Your_Customers/Feedback/Your_Customers' successfully

2019-11-14 11:10:46 - [TEST_CASE][PASSED] - Test Cases/Reusable_Test_Sequences/Members_Area/Area_Menu/Your_Customers/Feedback/Your_Customers: Test Cases/Reusable_Test_Sequences/Members_Area/Area_Menu/Your_Customers/Feedback/Your_Customers

2019-11-14 11:10:47 - [TEST_STEP][PASSED] - waitForPageLoad(25): Wait for page load successfully

2019-11-14 11:10:47 - [MESSAGE][PASSED] - Wait for page load successfully

2019-11-14 11:10:47 - [TEST_STEP][PASSED] - waitForElementPresent(findTestObject("Object Repository/Page_Members Area/a_Your Customers"), 5): Object 'Object Repository/Page_Members Area/a_Your Customers' is present

2019-11-14 11:10:47 - [MESSAGE][PASSED] - Object 'Object Repository/Page_Members Area/a_Your Customers' is present

2019-11-14 11:10:47 - [TEST_STEP][PASSED] - click(findTestObject("Object Repository/Page_Members Area/a_Your Customers_1")): Object: 'Object Repository/Page_Members Area/a_Your Customers_1' is clicked on

2019-11-14 11:10:48 - [MESSAGE][PASSED] - Object: 'Object Repository/Page_Members Area/a_Your Customers_1' is clicked on

2019-11-14 11:10:48 - [MESSAGE][PASSED] - Call Test Case 'Test Cases/Reusable_Test_Sequences/Members_Area/Area_Menu/Your_Customers/Feedback/Your_Customers' successfully

2019-11-14 11:10:48 - [TEST_STEP][PASSED] - callTestCase(findTestCase("Reusable_Test_Sequences/Members_Area/Validation/Your_Customers"), [:], CONTINUE_ON_FAILURE): Call Test Case 'Test Cases/Reusable_Test_Sequences/Members_Area/Validation/Your_Customers' successfully

2019-11-14 11:10:48 - [TEST_CASE][PASSED] - Test Cases/Reusable_Test_Sequences/Members_Area/Validation/Your_Customers: Test Cases/Reusable_Test_Sequences/Members_Area/Validation/Your_Customers

2019-11-14 11:10:48 - [TEST_STEP][PASSED] - waitForPageLoad(25): Wait for page load successfully

2019-11-14 11:10:48 - [MESSAGE][PASSED] - Wait for page load successfully

2019-11-14 11:10:48 - [TEST_STEP][PASSED] - waitForElementPresent(findTestObject("Object Repository/Page_Members Area/p_These are your customers who have left feedback"), 60): Object 'Object Repository/Page_Members Area/p_These are your customers who have left feedback' is present

2019-11-14 11:10:48 - [MESSAGE][PASSED] - Object 'Object Repository/Page_Members Area/p_These are your customers who have left feedback' is present

2019-11-14 11:10:48 - [TEST_STEP][PASSED] - waitForElementPresent(findTestObject("Object Repository/Page_Members Area/first_Row_Customers"), 60): Object 'Object Repository/Page_Members Area/first_Row_Customers' is present

2019-11-14 11:10:49 - [MESSAGE][PASSED] - Object 'Object Repository/Page_Members Area/first_Row_Customers' is present

2019-11-14 11:10:49 - [TEST_STEP][PASSED] - "---------------------------------": null

2019-11-14 11:10:49 - [TEST_STEP][PASSED] - "DEFAULT TAB - Published Feedback ": null

2019-11-14 11:10:49 - [TEST_STEP][PASSED] - verifyTextPresent(findTestData("Members_Test_Data").getValue("MEMBER_ID", 1), false): Text '218630' is present on page 

2019-11-14 11:10:50 - [MESSAGE][PASSED] - Text '218630' is present on page 

2019-11-14 11:10:50 - [TEST_STEP][PASSED] - verifyTextPresent("MEMBER ID", false): Text 'MEMBER ID' is present on page 

2019-11-14 11:10:51 - [MESSAGE][PASSED] - Text 'MEMBER ID' is present on page 

2019-11-14 11:10:51 - [TEST_STEP][PASSED] - verifyTextPresent("These are your customers who have left feedback", false): Text 'These are your customers who have left feedback' is present on page 

2019-11-14 11:10:52 - [MESSAGE][PASSED] - Text 'These are your customers who have left feedback' is present on page 

2019-11-14 11:10:52 - [TEST_STEP][PASSED] - verifyTextPresent("Test", false): Text 'Test' is present on page 

2019-11-14 11:10:53 - [MESSAGE][PASSED] - Text 'Test' is present on page 

2019-11-14 11:10:53 - [TEST_STEP][PASSED] - verifyTextPresent("Address", false): Text 'Address' is present on page 

2019-11-14 11:10:55 - [MESSAGE][PASSED] - Text 'Address' is present on page 

2019-11-14 11:10:55 - [TEST_STEP][PASSED] - verifyTextPresent("Jobs", false): Text 'Jobs' is present on page 

2019-11-14 11:10:56 - [MESSAGE][PASSED] - Text 'Jobs' is present on page 

2019-11-14 11:10:56 - [TEST_STEP][PASSED] - verifyTextPresent("Work Date", false): Text 'Work Date' is present on page 

2019-11-14 11:10:57 - [MESSAGE][PASSED] - Text 'Work Date' is present on page 

2019-11-14 11:10:57 - [MESSAGE][PASSED] - Call Test Case 'Test Cases/Reusable_Test_Sequences/Members_Area/Validation/Your_Customers' successfully

2019-11-14 11:10:57 - [TEST_STEP][PASSED] - callTestCase(findTestCase("Reusable_Test_Sequences/Members_Area/Area_Menu/Your_Customers/Feedback/Awareness"), [:], CONTINUE_ON_FAILURE): Call Test Case 'Test Cases/Reusable_Test_Sequences/Members_Area/Area_Menu/Your_Customers/Feedback/Awareness' successfully

2019-11-14 11:10:57 - [TEST_CASE][PASSED] - Test Cases/Reusable_Test_Sequences/Members_Area/Area_Menu/Your_Customers/Feedback/Awareness: Test Cases/Reusable_Test_Sequences/Members_Area/Area_Menu/Your_Customers/Feedback/Awareness

2019-11-14 11:10:57 - [TEST_STEP][PASSED] - waitForPageLoad(25): Wait for page load successfully

2019-11-14 11:10:57 - [MESSAGE][PASSED] - Wait for page load successfully

2019-11-14 11:10:57 - [TEST_STEP][PASSED] - waitForElementPresent(findTestObject("Object Repository/Page_Members Area/a_Awareness"), 5): Object 'Object Repository/Page_Members Area/a_Awareness' is present

2019-11-14 11:10:58 - [MESSAGE][PASSED] - Object 'Object Repository/Page_Members Area/a_Awareness' is present

2019-11-14 11:10:58 - [TEST_STEP][PASSED] - click(findTestObject("Object Repository/Page_Members Area/a_Awareness")): Object: 'Object Repository/Page_Members Area/a_Awareness' is clicked on

2019-11-14 11:10:58 - [MESSAGE][PASSED] - Object: 'Object Repository/Page_Members Area/a_Awareness' is clicked on

2019-11-14 11:10:58 - [MESSAGE][PASSED] - Call Test Case 'Test Cases/Reusable_Test_Sequences/Members_Area/Area_Menu/Your_Customers/Feedback/Awareness' successfully

2019-11-14 11:10:58 - [TEST_STEP][PASSED] - callTestCase(findTestCase("Reusable_Test_Sequences/Members_Area/Validation/Awareness"), [:], CONTINUE_ON_FAILURE): Call Test Case 'Test Cases/Reusable_Test_Sequences/Members_Area/Validation/Awareness' successfully

2019-11-14 11:10:58 - [TEST_CASE][PASSED] - Test Cases/Reusable_Test_Sequences/Members_Area/Validation/Awareness: Test Cases/Reusable_Test_Sequences/Members_Area/Validation/Awareness

2019-11-14 11:10:58 - [TEST_STEP][PASSED] - waitForPageLoad(25): Wait for page load successfully

2019-11-14 11:10:58 - [MESSAGE][PASSED] - Wait for page load successfully

2019-11-14 11:10:58 - [TEST_STEP][PASSED] - waitForElementPresent(findTestObject("Object Repository/Page_Members Area/h2_Customer Feedback Awareness"), 60): Object 'Object Repository/Page_Members Area/h2_Customer Feedback Awareness' is present

2019-11-14 11:10:59 - [MESSAGE][PASSED] - Object 'Object Repository/Page_Members Area/h2_Customer Feedback Awareness' is present

2019-11-14 11:10:59 - [TEST_STEP][PASSED] - delay(3): Delayed 3 second(s)

2019-11-14 11:11:02 - [MESSAGE][PASSED] - Delayed 3 second(s)

2019-11-14 11:11:02 - [TEST_STEP][PASSED] - "---------------------------------": null

2019-11-14 11:11:02 - [TEST_STEP][PASSED] - "---------------------------------": null

2019-11-14 11:11:02 - [TEST_STEP][PASSED] - "DEFAULT TAB - Awareness          ": null

2019-11-14 11:11:02 - [TEST_STEP][PASSED] - verifyTextPresent(findTestData("Members_Test_Data").getValue("MEMBER_ID", 1), false): Text '218630' is present on page 

2019-11-14 11:11:02 - [MESSAGE][PASSED] - Text '218630' is present on page 

2019-11-14 11:11:02 - [TEST_STEP][PASSED] - verifyTextPresent("MEMBER ID", false): Text 'MEMBER ID' is present on page 

2019-11-14 11:11:03 - [MESSAGE][PASSED] - Text 'MEMBER ID' is present on page 

2019-11-14 11:11:03 - [TEST_STEP][PASSED] - verifyTextPresent("Feedback Statistics", false): Text 'Feedback Statistics' is present on page 

2019-11-14 11:11:04 - [MESSAGE][PASSED] - Text 'Feedback Statistics' is present on page 

2019-11-14 11:11:04 - [TEST_STEP][PASSED] - verifyTextPresent("The average awareness level across all Checkatrade members is", false): Text 'The average awareness level across all Checkatrade members is' is present on page 

2019-11-14 11:11:04 - [MESSAGE][PASSED] - Text 'The average awareness level across all Checkatrade members is' is present on page 

2019-11-14 11:11:04 - [TEST_STEP][PASSED] - verifyTextPresent("The speedometer is not shown to consumers, however should it go below 40% it could affect your membership with Checkatrade.", false): Text 'The speedometer is not shown to consumers, however should it go below 40% it could affect your membership with Checkatrade.' is present on page 

2019-11-14 11:11:05 - [MESSAGE][PASSED] - Text 'The speedometer is not shown to consumers, however should it go below 40% it could affect your membership with Checkatrade.' is present on page 

2019-11-14 11:11:05 - [TEST_STEP][PASSED] - verifyTextPresent("feedback received in past 30 days", false): Text 'feedback received in past 30 days' is present on page 

2019-11-14 11:11:06 - [MESSAGE][PASSED] - Text 'feedback received in past 30 days' is present on page 

2019-11-14 11:11:06 - [TEST_STEP][PASSED] - verifyTextPresent("feedback in total", false): Text 'feedback in total' is present on page 

2019-11-14 11:11:06 - [MESSAGE][PASSED] - Text 'feedback in total' is present on page 

2019-11-14 11:11:06 - [TEST_STEP][PASSED] - verifyTextPresent("of customers were charged what you quoted", false): Text 'of customers were charged what you quoted' is present on page 

2019-11-14 11:11:07 - [MESSAGE][PASSED] - Text 'of customers were charged what you quoted' is present on page 

2019-11-14 11:11:07 - [TEST_STEP][PASSED] - verifyTextPresent("of customers were charged more but kept informed", false): Text 'of customers were charged more but kept informed' is present on page 

2019-11-14 11:11:08 - [MESSAGE][PASSED] - Text 'of customers were charged more but kept informed' is present on page 

2019-11-14 11:11:08 - [TEST_STEP][PASSED] - verifyTextPresent("of customers were charged more and were not kept informed", false): Text 'of customers were charged more and were not kept informed' is present on page 

2019-11-14 11:11:09 - [MESSAGE][PASSED] - Text 'of customers were charged more and were not kept informed' is present on page 

2019-11-14 11:11:09 - [MESSAGE][PASSED] - Call Test Case 'Test Cases/Reusable_Test_Sequences/Members_Area/Validation/Awareness' successfully

2019-11-14 11:11:09 - [TEST_STEP][PASSED] - callTestCase(findTestCase("Reusable_Test_Sequences/Members_Area/Area_Menu/Your_Customers/Feedback/Remind_Customer"), [:], CONTINUE_ON_FAILURE): Call Test Case 'Test Cases/Reusable_Test_Sequences/Members_Area/Area_Menu/Your_Customers/Feedback/Remind_Customer' successfully

2019-11-14 11:11:09 - [TEST_CASE][PASSED] - Test Cases/Reusable_Test_Sequences/Members_Area/Area_Menu/Your_Customers/Feedback/Remind_Customer: Test Cases/Reusable_Test_Sequences/Members_Area/Area_Menu/Your_Customers/Feedback/Remind_Customer

2019-11-14 11:11:09 - [TEST_STEP][PASSED] - waitForPageLoad(25): Wait for page load successfully

2019-11-14 11:11:09 - [MESSAGE][PASSED] - Wait for page load successfully

2019-11-14 11:11:09 - [TEST_STEP][PASSED] - waitForElementPresent(findTestObject("Object Repository/Page_Members Area/a_Remind customer"), 5): Object 'Object Repository/Page_Members Area/a_Remind customer' is present

2019-11-14 11:11:09 - [MESSAGE][PASSED] - Object 'Object Repository/Page_Members Area/a_Remind customer' is present

2019-11-14 11:11:09 - [TEST_STEP][PASSED] - click(findTestObject("Object Repository/Page_Members Area/a_Remind customer")): Object: 'Object Repository/Page_Members Area/a_Remind customer' is clicked on

2019-11-14 11:11:10 - [MESSAGE][PASSED] - Object: 'Object Repository/Page_Members Area/a_Remind customer' is clicked on

2019-11-14 11:11:10 - [MESSAGE][PASSED] - Call Test Case 'Test Cases/Reusable_Test_Sequences/Members_Area/Area_Menu/Your_Customers/Feedback/Remind_Customer' successfully

2019-11-14 11:11:10 - [TEST_STEP][PASSED] - callTestCase(findTestCase("Reusable_Test_Sequences/Members_Area/Area_Menu/Your_Customers/Feedback/Remind_Customer_Sent"), [:], CONTINUE_ON_FAILURE): Call Test Case 'Test Cases/Reusable_Test_Sequences/Members_Area/Area_Menu/Your_Customers/Feedback/Remind_Customer_Sent' successfully

2019-11-14 11:11:10 - [TEST_CASE][PASSED] - Test Cases/Reusable_Test_Sequences/Members_Area/Area_Menu/Your_Customers/Feedback/Remind_Customer_Sent: Test Cases/Reusable_Test_Sequences/Members_Area/Area_Menu/Your_Customers/Feedback/Remind_Customer_Sent

2019-11-14 11:11:11 - [TEST_STEP][PASSED] - waitForPageLoad(60): Wait for page load successfully

2019-11-14 11:11:11 - [MESSAGE][PASSED] - Wait for page load successfully

2019-11-14 11:11:11 - [TEST_STEP][PASSED] - waitForElementPresent(findTestObject("Object Repository/Page_Members Area/remind_Name"), 60): Object 'Object Repository/Page_Members Area/remind_Name' is present

2019-11-14 11:11:11 - [MESSAGE][PASSED] - Object 'Object Repository/Page_Members Area/remind_Name' is present

2019-11-14 11:11:11 - [TEST_STEP][PASSED] - click(findTestObject("Object Repository/Page_Members Area/remind_Name")): Object: 'Object Repository/Page_Members Area/remind_Name' is clicked on

2019-11-14 11:11:11 - [MESSAGE][PASSED] - Object: 'Object Repository/Page_Members Area/remind_Name' is clicked on

2019-11-14 11:11:11 - [TEST_STEP][PASSED] - setText(findTestObject("Object Repository/Page_Members Area/remind_Name"), findTestData("Members_Test_Data").getValue("customer_Surname", row)): Text 'Feedback' is set on object 'Object Repository/Page_Members Area/remind_Name'

2019-11-14 11:11:11 - [MESSAGE][PASSED] - Text 'Feedback' is set on object 'Object Repository/Page_Members Area/remind_Name'

2019-11-14 11:11:11 - [TEST_STEP][PASSED] - click(findTestObject("Object Repository/Page_Members Area/remind_Work_Description")): Object: 'Object Repository/Page_Members Area/remind_Work_Description' is clicked on

2019-11-14 11:11:12 - [MESSAGE][PASSED] - Object: 'Object Repository/Page_Members Area/remind_Work_Description' is clicked on

2019-11-14 11:11:12 - [TEST_STEP][PASSED] - setText(findTestObject("Object Repository/Page_Members Area/remind_Work_Description"), findTestData("Members_Test_Data").getValue("returned_Search_Head", row)): Text 'loft extension' is set on object 'Object Repository/Page_Members Area/remind_Work_Description'

2019-11-14 11:11:12 - [MESSAGE][PASSED] - Text 'loft extension' is set on object 'Object Repository/Page_Members Area/remind_Work_Description'

2019-11-14 11:11:12 - [TEST_STEP][PASSED] - click(findTestObject("Object Repository/Page_Members Area/remind_Email")): Object: 'Object Repository/Page_Members Area/remind_Email' is clicked on

2019-11-14 11:11:13 - [MESSAGE][PASSED] - Object: 'Object Repository/Page_Members Area/remind_Email' is clicked on

2019-11-14 11:11:13 - [TEST_STEP][PASSED] - setText(findTestObject("Object Repository/Page_Members Area/remind_Email"), findTestData("Members_Test_Data").getValue("customer_Email", row)): Text 'feedback@panic.com' is set on object 'Object Repository/Page_Members Area/remind_Email'

2019-11-14 11:11:13 - [MESSAGE][PASSED] - Text 'feedback@panic.com' is set on object 'Object Repository/Page_Members Area/remind_Email'

2019-11-14 11:11:13 - [TEST_STEP][PASSED] - click(findTestObject("Object Repository/Page_Members Area/remind_Phone")): Object: 'Object Repository/Page_Members Area/remind_Phone' is clicked on

2019-11-14 11:11:13 - [MESSAGE][PASSED] - Object: 'Object Repository/Page_Members Area/remind_Phone' is clicked on

2019-11-14 11:11:13 - [TEST_STEP][PASSED] - setText(findTestObject("Object Repository/Page_Members Area/remind_Phone"), findTestData("Members_Test_Data").getValue("Customer_Phone", row)): Text '07788123456' is set on object 'Object Repository/Page_Members Area/remind_Phone'

2019-11-14 11:11:13 - [MESSAGE][PASSED] - Text '07788123456' is set on object 'Object Repository/Page_Members Area/remind_Phone'

2019-11-14 11:11:13 - [TEST_STEP][PASSED] - scrollToPosition(250, 250): Browser is scrolled to position x = 250, y = 250

2019-11-14 11:11:13 - [MESSAGE][PASSED] - Browser is scrolled to position x = 250, y = 250

2019-11-14 11:11:13 - [TEST_STEP][PASSED] - delay(2): Delayed 2 second(s)

2019-11-14 11:11:15 - [MESSAGE][PASSED] - Delayed 2 second(s)

2019-11-14 11:11:15 - [TEST_STEP][PASSED] - waitForPageLoad(25): Wait for page load successfully

2019-11-14 11:11:15 - [MESSAGE][PASSED] - Wait for page load successfully

2019-11-14 11:11:15 - [TEST_STEP][PASSED] - waitForElementPresent(findTestObject("Object Repository/Page_Members Area/remind_Submit_Button"), 60): Object 'Object Repository/Page_Members Area/remind_Submit_Button' is present

2019-11-14 11:11:16 - [MESSAGE][PASSED] - Object 'Object Repository/Page_Members Area/remind_Submit_Button' is present

2019-11-14 11:11:16 - [TEST_STEP][PASSED] - click(findTestObject("Object Repository/Page_Members Area/remind_Submit_Button")): Object: 'Object Repository/Page_Members Area/remind_Submit_Button' is clicked on

2019-11-14 11:11:16 - [MESSAGE][PASSED] - Object: 'Object Repository/Page_Members Area/remind_Submit_Button' is clicked on

2019-11-14 11:11:16 - [TEST_STEP][PASSED] - waitForPageLoad(60): Wait for page load successfully

2019-11-14 11:11:16 - [MESSAGE][PASSED] - Wait for page load successfully

2019-11-14 11:11:16 - [TEST_STEP][PASSED] - delay(2): Delayed 2 second(s)

2019-11-14 11:11:18 - [MESSAGE][PASSED] - Delayed 2 second(s)

2019-11-14 11:11:18 - [TEST_STEP][PASSED] - waitForElementPresent(findTestObject("Object Repository/Page_Members Area/remind_Message_Dispel"), 60): Object 'Object Repository/Page_Members Area/remind_Message_Dispel' is present

2019-11-14 11:11:18 - [MESSAGE][PASSED] - Object 'Object Repository/Page_Members Area/remind_Message_Dispel' is present

2019-11-14 11:11:18 - [TEST_STEP][PASSED] - verifyTextPresent("Thank you", false): Text 'Thank you' is present on page 

2019-11-14 11:11:25 - [MESSAGE][PASSED] - Text 'Thank you' is present on page 

2019-11-14 11:11:25 - [TEST_STEP][PASSED] - verifyTextPresent("Your data has been submitted", false): Text 'Your data has been submitted' is present on page 

2019-11-14 11:11:34 - [MESSAGE][PASSED] - Text 'Your data has been submitted' is present on page 

2019-11-14 11:11:34 - [TEST_STEP][PASSED] - waitForElementPresent(findTestObject("Object Repository/Page_Members Area/remind_Message_Dispel"), 60): Object 'Object Repository/Page_Members Area/remind_Message_Dispel' is present

2019-11-14 11:11:35 - [MESSAGE][PASSED] - Object 'Object Repository/Page_Members Area/remind_Message_Dispel' is present

2019-11-14 11:11:35 - [TEST_STEP][PASSED] - click(findTestObject("Object Repository/Page_Members Area/remind_Message_Dispel")): Object: 'Object Repository/Page_Members Area/remind_Message_Dispel' is clicked on

2019-11-14 11:11:35 - [MESSAGE][PASSED] - Object: 'Object Repository/Page_Members Area/remind_Message_Dispel' is clicked on

2019-11-14 11:11:35 - [TEST_STEP][PASSED] - scrollToPosition(250, 250): Browser is scrolled to position x = 250, y = 250

2019-11-14 11:11:35 - [MESSAGE][PASSED] - Browser is scrolled to position x = 250, y = 250

2019-11-14 11:11:35 - [TEST_STEP][PASSED] - waitForPageLoad(25): Wait for page load successfully

2019-11-14 11:11:35 - [MESSAGE][PASSED] - Wait for page load successfully

2019-11-14 11:11:35 - [MESSAGE][PASSED] - Call Test Case 'Test Cases/Reusable_Test_Sequences/Members_Area/Area_Menu/Your_Customers/Feedback/Remind_Customer_Sent' successfully

2019-11-14 11:11:35 - [TEST_STEP][PASSED] - callTestCase(findTestCase("Reusable_Test_Sequences/Members_Area/Area_Menu/Your_Customers/Feedback/Published_Feedback"), [:], CONTINUE_ON_FAILURE): Call Test Case 'Test Cases/Reusable_Test_Sequences/Members_Area/Area_Menu/Your_Customers/Feedback/Published_Feedback' successfully

2019-11-14 11:11:35 - [TEST_CASE][PASSED] - Test Cases/Reusable_Test_Sequences/Members_Area/Area_Menu/Your_Customers/Feedback/Published_Feedback: Test Cases/Reusable_Test_Sequences/Members_Area/Area_Menu/Your_Customers/Feedback/Published_Feedback

2019-11-14 11:11:36 - [TEST_STEP][PASSED] - waitForPageLoad(25): Wait for page load successfully

2019-11-14 11:11:36 - [MESSAGE][PASSED] - Wait for page load successfully

2019-11-14 11:11:36 - [TEST_STEP][PASSED] - waitForElementPresent(findTestObject("Object Repository/Page_Members Area/a_Published Feedback"), 5): Object 'Object Repository/Page_Members Area/a_Published Feedback' is present

2019-11-14 11:11:36 - [MESSAGE][PASSED] - Object 'Object Repository/Page_Members Area/a_Published Feedback' is present

2019-11-14 11:11:36 - [TEST_STEP][PASSED] - click(findTestObject("Object Repository/Page_Members Area/a_Published Feedback")): Object: 'Object Repository/Page_Members Area/a_Published Feedback' is clicked on

2019-11-14 11:11:36 - [MESSAGE][PASSED] - Object: 'Object Repository/Page_Members Area/a_Published Feedback' is clicked on

2019-11-14 11:11:36 - [MESSAGE][PASSED] - Call Test Case 'Test Cases/Reusable_Test_Sequences/Members_Area/Area_Menu/Your_Customers/Feedback/Published_Feedback' successfully

2019-11-14 11:11:36 - [TEST_STEP][PASSED] - callTestCase(findTestCase("Reusable_Test_Sequences/Members_Area/Area_Menu/Your_Customers/Feedback/Published_Feedback_Search"), [:], CONTINUE_ON_FAILURE): Call Test Case 'Test Cases/Reusable_Test_Sequences/Members_Area/Area_Menu/Your_Customers/Feedback/Published_Feedback_Search' successfully

2019-11-14 11:11:37 - [TEST_CASE][PASSED] - Test Cases/Reusable_Test_Sequences/Members_Area/Area_Menu/Your_Customers/Feedback/Published_Feedback_Search: Test Cases/Reusable_Test_Sequences/Members_Area/Area_Menu/Your_Customers/Feedback/Published_Feedback_Search

2019-11-14 11:11:37 - [TEST_STEP][PASSED] - waitForPageLoad(25): Wait for page load successfully

2019-11-14 11:11:37 - [MESSAGE][PASSED] - Wait for page load successfully

2019-11-14 11:11:37 - [TEST_STEP][PASSED] - waitForElementPresent(findTestObject("Object Repository/Page_Members Area/customer_Surname"), 5): Object 'Object Repository/Page_Members Area/customer_Surname' is present

2019-11-14 11:11:37 - [MESSAGE][PASSED] - Object 'Object Repository/Page_Members Area/customer_Surname' is present

2019-11-14 11:11:37 - [TEST_STEP][PASSED] - click(findTestObject("Object Repository/Page_Members Area/customer_Surname")): Object: 'Object Repository/Page_Members Area/customer_Surname' is clicked on

2019-11-14 11:11:38 - [MESSAGE][PASSED] - Object: 'Object Repository/Page_Members Area/customer_Surname' is clicked on

2019-11-14 11:11:38 - [TEST_STEP][PASSED] - setText(findTestObject("Object Repository/Page_Members Area/customer_Surname"), findTestData("Members_Test_Data").getValue("customer_Surname", row)): Text 'Feedback' is set on object 'Object Repository/Page_Members Area/customer_Surname'

2019-11-14 11:11:38 - [MESSAGE][PASSED] - Text 'Feedback' is set on object 'Object Repository/Page_Members Area/customer_Surname'

2019-11-14 11:11:38 - [TEST_STEP][PASSED] - click(findTestObject("Object Repository/Page_Members Area/customer_Town")): Object: 'Object Repository/Page_Members Area/customer_Town' is clicked on

2019-11-14 11:11:38 - [MESSAGE][PASSED] - Object: 'Object Repository/Page_Members Area/customer_Town' is clicked on

2019-11-14 11:11:38 - [TEST_STEP][PASSED] - setText(findTestObject("Object Repository/Page_Members Area/customer_Town"), findTestData("Members_Test_Data").getValue("customer_Town", row)): Text 'Chichester' is set on object 'Object Repository/Page_Members Area/customer_Town'

2019-11-14 11:11:39 - [MESSAGE][PASSED] - Text 'Chichester' is set on object 'Object Repository/Page_Members Area/customer_Town'

2019-11-14 11:11:39 - [TEST_STEP][PASSED] - waitForElementClickable(findTestObject("Object Repository/Page_Members Area/apply_Filter"), 60): Object 'Object Repository/Page_Members Area/apply_Filter' is clickable

2019-11-14 11:11:39 - [MESSAGE][PASSED] - Object 'Object Repository/Page_Members Area/apply_Filter' is clickable

2019-11-14 11:11:39 - [TEST_STEP][PASSED] - click(findTestObject("Object Repository/Page_Members Area/apply_Filter")): Object: 'Object Repository/Page_Members Area/apply_Filter' is clicked on

2019-11-14 11:11:39 - [MESSAGE][PASSED] - Object: 'Object Repository/Page_Members Area/apply_Filter' is clicked on

2019-11-14 11:11:39 - [TEST_STEP][PASSED] - delay(10): Delayed 10 second(s)

2019-11-14 11:11:49 - [MESSAGE][PASSED] - Delayed 10 second(s)

2019-11-14 11:11:49 - [TEST_STEP][PASSED] - waitForPageLoad(60): Wait for page load successfully

2019-11-14 11:11:49 - [MESSAGE][PASSED] - Wait for page load successfully

2019-11-14 11:11:49 - [TEST_STEP][PASSED] - scrollToPosition(500, 500): Browser is scrolled to position x = 500, y = 500

2019-11-14 11:11:49 - [MESSAGE][PASSED] - Browser is scrolled to position x = 500, y = 500

2019-11-14 11:11:49 - [TEST_STEP][PASSED] - waitForElementVisible(findTestObject("Object Repository/Page_Members Area/apply_Filter"), 60): Object 'Object Repository/Page_Members Area/apply_Filter' is visible

2019-11-14 11:11:50 - [MESSAGE][PASSED] - Object 'Object Repository/Page_Members Area/apply_Filter' is visible

2019-11-14 11:11:50 - [TEST_STEP][PASSED] - waitForPageLoad(25): Wait for page load successfully

2019-11-14 11:11:50 - [MESSAGE][PASSED] - Wait for page load successfully

2019-11-14 11:11:50 - [TEST_STEP][PASSED] - "---------------------------------": null

2019-11-14 11:11:50 - [TEST_STEP][PASSED] - "THIS TAB - Published Feedback    ": null

2019-11-14 11:11:50 - [TEST_STEP][PASSED] - verifyTextPresent(findTestData("Members_Test_Data").getValue("returned_Search_Head", row), false): Text 'loft extension' is present on page 

2019-11-14 11:12:07 - [MESSAGE][PASSED] - Text 'loft extension' is present on page 

2019-11-14 11:12:07 - [TEST_STEP][PASSED] - verifyTextPresent(findTestData("Members_Test_Data").getValue("returned_Search_Comment", row), false): Text 'I would recommend this company and' is present on page 

2019-11-14 11:12:27 - [MESSAGE][PASSED] - Text 'I would recommend this company and' is present on page 

2019-11-14 11:12:27 - [TEST_STEP][PASSED] - verifyTextPresent(findTestData("Members_Test_Data").getValue("returned_Work_Done_Date", row), false): Text 'Work done: Oct 2018' is present on page 

2019-11-14 11:12:44 - [MESSAGE][PASSED] - Text 'Work done: Oct 2018' is present on page 

2019-11-14 11:12:44 - [TEST_STEP][PASSED] - verifyTextPresent(findTestData("Members_Test_Data").getValue("returned_Feedback_Status", row), false): Text 'Feedback Published' is present on page 

2019-11-14 11:13:01 - [MESSAGE][PASSED] - Text 'Feedback Published' is present on page 

2019-11-14 11:13:01 - [MESSAGE][PASSED] - Call Test Case 'Test Cases/Reusable_Test_Sequences/Members_Area/Area_Menu/Your_Customers/Feedback/Published_Feedback_Search' successfully

2019-11-14 11:13:01 - [TEST_STEP][PASSED] - callTestCase(findTestCase("Reusable_Test_Sequences/Members_Area/Banner_Menu/log_Off"), [:], OPTIONAL): Call Test Case 'Test Cases/Reusable_Test_Sequences/Members_Area/Banner_Menu/log_Off' successfully

2019-11-14 11:13:01 - [TEST_CASE][PASSED] - Test Cases/Reusable_Test_Sequences/Members_Area/Banner_Menu/log_Off: Test Cases/Reusable_Test_Sequences/Members_Area/Banner_Menu/log_Off

2019-11-14 11:13:02 - [TEST_STEP][PASSED] - waitForElementClickable(findTestObject("Object Repository/Page_Members Area/a_Log off"), 60): Object 'Object Repository/Page_Members Area/a_Log off' is clickable

2019-11-14 11:13:02 - [MESSAGE][PASSED] - Object 'Object Repository/Page_Members Area/a_Log off' is clickable

2019-11-14 11:13:02 - [TEST_STEP][PASSED] - scrollToElement(findTestObject("Object Repository/Page_Members Area/a_Log off"), 2): Scroll to object 'Object Repository/Page_Members Area/a_Log off' successfully

2019-11-14 11:13:03 - [MESSAGE][PASSED] - Scroll to object 'Object Repository/Page_Members Area/a_Log off' successfully

2019-11-14 11:13:03 - [TEST_STEP][PASSED] - click(findTestObject("Object Repository/Page_Members Area/a_Log off")): Object: 'Object Repository/Page_Members Area/a_Log off' is clicked on

2019-11-14 11:13:07 - [MESSAGE][PASSED] - Object: 'Object Repository/Page_Members Area/a_Log off' is clicked on

2019-11-14 11:13:07 - [MESSAGE][PASSED] - Call Test Case 'Test Cases/Reusable_Test_Sequences/Members_Area/Banner_Menu/log_Off' successfully]]></system-out>
         <system-err><![CDATA[]]></system-err>
      </testcase>
      <system-out><![CDATA[2019-11-14 11:08:20 - [TEST_SUITE][PASSED] - Members_My_Feedback: Test Cases/Members_Area/My_Feedback]]></system-out>
      <system-err><![CDATA[]]></system-err>
   </testsuite>
</testsuites>
