<?xml version="1.0" encoding="UTF-8"?>
<testsuites name="Web_Office_Reports" time="1298.885" tests="37" failures="0" errors="0">
   <testsuite name="Web_Office_Reports" tests="37" failures="0" errors="0" time="1298.885" timestamp="2020-04-27 14:55:34" hostname="DavidHo - 192.168.1.237" id="Test Suites/Web_Office_Reports">
      <properties>
         <property name="deviceName" value=""/>
         <property name="devicePlatform" value=""/>
         <property name="logFolder" value="C:\\Users\\davidho\\git\\src\\Reports\\20200427_144400\\Web_Office_Reports\\20200427_144407"/>
         <property name="logFiles" value="C:\\Users\\davidho\\git\\src\\Reports\\20200427_144400\\Web_Office_Reports\\20200427_144407\\execution0.log"/>
         <property name="attachments" value=""/>
         <property name="hostName" value="DavidHo - 192.168.1.237"/>
         <property name="os" value="Windows 10 32bit"/>
         <property name="katalonVersion" value="7.4.0.1"/>
         <property name="browser" value="Chrome 81.0.4044.122"/>
         <property name="hostAddress" value="192.168.1.237"/>
         <property name="sessionId" value="c06569b67f6ddcea047b2969d07a8788"/>
         <property name="seleniumVersion" value="3.141.59"/>
         <property name="proxyInformation" value="ProxyInformation{proxyOption=NO_PROXY, proxyServerType=HTTP, password=, proxyServerAddress=, proxyServerPort=0, executionList=}"/>
         <property name="platform" value="Windows 10"/>
      </properties>
      <testcase name="Test Cases/Web_Office/Reports/Web_Activity" time="55.61" classname="Test Cases/Web_Office/Reports/Web_Activity" status="PASSED">
         <system-out><![CDATA[2020-04-27 14:55:34 - [TEST_CASE][PASSED] - Test Cases/Web_Office/Reports/Web_Activity: Test Cases/Web_Office/Reports/Web_Activity

2020-04-27 14:55:35 - [TEST_STEP][PASSED] - "--------------------------------------": null

2020-04-27 14:55:35 - [TEST_STEP][PASSED] - " Web Office StartUp                  |": null

2020-04-27 14:55:35 - [TEST_STEP][PASSED] - callTestCase(findTestCase("Reusable_Test_Sequences/Web_Office/Directives/WebOffice_StartUp"), [:], STOP_ON_FAILURE): Call Test Case 'Test Cases/Reusable_Test_Sequences/Web_Office/Directives/WebOffice_StartUp' successfully

2020-04-27 14:55:35 - [TEST_CASE][PASSED] - Test Cases/Reusable_Test_Sequences/Web_Office/Directives/WebOffice_StartUp: Test Cases/Reusable_Test_Sequences/Web_Office/Directives/WebOffice_StartUp

2020-04-27 14:55:36 - [TEST_STEP][PASSED] - "-----------------------------------------------------------------------------": null

2020-04-27 14:55:36 - [TEST_STEP][PASSED] - if (URL == "https://www.dev.checkatrade.com/"): null

2020-04-27 14:55:37 - [TEST_STEP][PASSED] - "-----------------------------------------------------------------------------": null

2020-04-27 14:55:37 - [TEST_STEP][PASSED] - if (URL == "https://www.checkatrade.com/"): null

2020-04-27 14:55:37 - [TEST_STEP][PASSED] - "-----------------------------------------------------------------------------": null

2020-04-27 14:55:37 - [TEST_STEP][PASSED] - if (URL == "https://www.preview.checkatrade.com/"): null

2020-04-27 14:55:37 - [TEST_STEP][PASSED] - WebOfficeURL = "https://admin.preview.checkatrade.com/": null

2020-04-27 14:55:37 - [TEST_STEP][PASSED] - if (URL == "https://www.dev2.checkatrade.com/"): null

2020-04-27 14:55:37 - [TEST_STEP][PASSED] - "Set Function Area for "URL_Handler", URL Resolution": null

2020-04-27 14:55:37 - [TEST_STEP][PASSED] - "Do Some Magic with URL(s) See the comments within URL Handler ": null

2020-04-27 14:55:37 - [TEST_STEP][PASSED] - "------------------------------------------------": null

2020-04-27 14:55:37 - [TEST_STEP][PASSED] - "Moved Login Credentials to <Default> profile 22/01/2020": null

2020-04-27 14:55:37 - [TEST_STEP][PASSED] - "------------------------------------------------": null

2020-04-27 14:55:37 - [TEST_STEP][PASSED] - "WebOfficeURL - Set from the ENVIRONMENT PROFILE ": null

2020-04-27 14:55:37 - [TEST_STEP][PASSED] - "OPEN BROWSER": null

2020-04-27 14:55:37 - [TEST_STEP][PASSED] - "eg - https://admin.preview.checkatrade.com/  ": null

2020-04-27 14:55:37 - [TEST_STEP][PASSED] - openBrowser(WebOfficeURL): Browser is opened with url: 'https://admin.preview.checkatrade.com/'

2020-04-27 14:55:37 - [MESSAGE][INFO] - Starting 'Chrome' driver

2020-04-27 14:55:37 - [MESSAGE][INFO] - Action delay is set to 0 milliseconds

2020-04-27 14:55:46 - [MESSAGE][PASSED] - Browser is opened with url: 'https://admin.preview.checkatrade.com/'

2020-04-27 14:55:46 - [TEST_STEP][PASSED] - maximizeWindow(): Current window maximized

2020-04-27 14:55:48 - [MESSAGE][PASSED] - Current window maximized

2020-04-27 14:55:48 - [TEST_STEP][PASSED] - waitForElementClickable(findTestObject("Object Repository/WebOffice/Page_Checkatrade - Administration - Login/Login_Button"), 25): Object 'Object Repository/WebOffice/Page_Checkatrade - Administration - Login/Login_Button' is clickable

2020-04-27 14:55:49 - [MESSAGE][PASSED] - Object 'Object Repository/WebOffice/Page_Checkatrade - Administration - Login/Login_Button' is clickable

2020-04-27 14:55:49 - [TEST_STEP][PASSED] - verifyTextPresent("Checkatrade Web Office", false): Text 'Checkatrade Web Office' is present on page 

2020-04-27 14:55:49 - [MESSAGE][PASSED] - Text 'Checkatrade Web Office' is present on page 

2020-04-27 14:55:49 - [TEST_STEP][PASSED] - verifyTextPresent("Access for staff use only", false): Text 'Access for staff use only' is present on page 

2020-04-27 14:55:49 - [MESSAGE][PASSED] - Text 'Access for staff use only' is present on page 

2020-04-27 14:55:49 - [TEST_STEP][PASSED] - verifyTextPresent("Forgotten password?", false): Text 'Forgotten password?' is present on page 

2020-04-27 14:55:50 - [MESSAGE][PASSED] - Text 'Forgotten password?' is present on page 

2020-04-27 14:55:50 - [TEST_STEP][PASSED] - setText(findTestObject("Object Repository/WebOffice/Page_Checkatrade - Administration - Login/input_Username_LoginControlUserName"), wo_Username): Text 'DavidHo' is set on object 'Object Repository/WebOffice/Page_Checkatrade - Administration - Login/input_Username_LoginControlUserName'

2020-04-27 14:55:50 - [MESSAGE][PASSED] - Text 'DavidHo' is set on object 'Object Repository/WebOffice/Page_Checkatrade - Administration - Login/input_Username_LoginControlUserName'

2020-04-27 14:55:50 - [TEST_STEP][PASSED] - setText(findTestObject("Object Repository/WebOffice/Page_Checkatrade - Administration - Login/input_Password_LoginControlPassword"), wo_Password): Text 'Check123' is set on object 'Object Repository/WebOffice/Page_Checkatrade - Administration - Login/input_Password_LoginControlPassword'

2020-04-27 14:55:50 - [MESSAGE][PASSED] - Text 'Check123' is set on object 'Object Repository/WebOffice/Page_Checkatrade - Administration - Login/input_Password_LoginControlPassword'

2020-04-27 14:55:50 - [TEST_STEP][PASSED] - click(findTestObject("Object Repository/WebOffice/Page_Checkatrade - Administration - Login/Login_Button")): Object: 'Object Repository/WebOffice/Page_Checkatrade - Administration - Login/Login_Button' is clicked on

2020-04-27 14:55:52 - [MESSAGE][PASSED] - Object: 'Object Repository/WebOffice/Page_Checkatrade - Administration - Login/Login_Button' is clicked on

2020-04-27 14:55:52 - [TEST_STEP][PASSED] - waitForPageLoad(60): Wait for page load successfully

2020-04-27 14:55:52 - [MESSAGE][PASSED] - Wait for page load successfully

2020-04-27 14:55:52 - [TEST_STEP][PASSED] - verifyTextPresent("Welcome " + wo_Username, false): Text 'Welcome DavidHo' is present on page 

2020-04-27 14:55:52 - [MESSAGE][PASSED] - Text 'Welcome DavidHo' is present on page 

2020-04-27 14:55:52 - [MESSAGE][PASSED] - Call Test Case 'Test Cases/Reusable_Test_Sequences/Web_Office/Directives/WebOffice_StartUp' successfully

2020-04-27 14:55:52 - [TEST_STEP][PASSED] - "-----------------------------------------------------------------": null

2020-04-27 14:55:52 - [TEST_STEP][PASSED] - " Navigate to <Settings->Checkatrade.Com->Sub Item> Menu Item     |": null

2020-04-27 14:55:52 - [TEST_STEP][PASSED] - callTestCase(findTestCase("Reusable_Test_Sequences/Web_Office/Navigation/Sub_Menu_Navigation/Reports/Web_Activity"), [:], STOP_ON_FAILURE): Call Test Case 'Test Cases/Reusable_Test_Sequences/Web_Office/Navigation/Sub_Menu_Navigation/Reports/Web_Activity' successfully

2020-04-27 14:55:52 - [TEST_CASE][PASSED] - Test Cases/Reusable_Test_Sequences/Web_Office/Navigation/Sub_Menu_Navigation/Reports/Web_Activity: Test Cases/Reusable_Test_Sequences/Web_Office/Navigation/Sub_Menu_Navigation/Reports/Web_Activity

2020-04-27 14:55:53 - [TEST_STEP][PASSED] - "--------------------------------------": null

2020-04-27 14:55:53 - [TEST_STEP][PASSED] - " Navigate Top level menu Item         |": null

2020-04-27 14:55:53 - [TEST_STEP][PASSED] - waitForPageLoad(60): Wait for page load successfully

2020-04-27 14:55:53 - [MESSAGE][PASSED] - Wait for page load successfully

2020-04-27 14:55:53 - [TEST_STEP][PASSED] - waitForElementClickable(findTestObject("Object Repository/WebOffice_Home_page/a_Reports"), 60): Object 'Object Repository/WebOffice_Home_page/a_Reports' is clickable

2020-04-27 14:55:53 - [MESSAGE][PASSED] - Object 'Object Repository/WebOffice_Home_page/a_Reports' is clickable

2020-04-27 14:55:53 - [TEST_STEP][PASSED] - mouseOver(findTestObject("Object Repository/WebOffice_Home_page/a_Reports")): Object: 'Object Repository/WebOffice_Home_page/a_Reports' is hovered

2020-04-27 14:55:53 - [MESSAGE][PASSED] - Object: 'Object Repository/WebOffice_Home_page/a_Reports' is hovered

2020-04-27 14:55:53 - [TEST_STEP][PASSED] - waitForPageLoad(5): Wait for page load successfully

2020-04-27 14:55:53 - [MESSAGE][PASSED] - Wait for page load successfully

2020-04-27 14:55:53 - [TEST_STEP][PASSED] - waitForElementClickable(findTestObject("Object Repository/WebOffice_Home_page/a_Web Activity"), 5): Object 'Object Repository/WebOffice_Home_page/a_Web Activity' is clickable

2020-04-27 14:55:53 - [MESSAGE][PASSED] - Object 'Object Repository/WebOffice_Home_page/a_Web Activity' is clickable

2020-04-27 14:55:53 - [TEST_STEP][PASSED] - click(findTestObject("Object Repository/WebOffice_Home_page/a_Web Activity")): Object: 'Object Repository/WebOffice_Home_page/a_Web Activity' is clicked on

2020-04-27 14:56:18 - [MESSAGE][PASSED] - Object: 'Object Repository/WebOffice_Home_page/a_Web Activity' is clicked on

2020-04-27 14:56:18 - [MESSAGE][PASSED] - Call Test Case 'Test Cases/Reusable_Test_Sequences/Web_Office/Navigation/Sub_Menu_Navigation/Reports/Web_Activity' successfully

2020-04-27 14:56:18 - [TEST_STEP][PASSED] - "--------------------------------------": null

2020-04-27 14:56:18 - [TEST_STEP][PASSED] - " Verify Returned Page Detail          |": null

2020-04-27 14:56:18 - [TEST_STEP][PASSED] - callTestCase(findTestCase("Reusable_Test_Sequences/Web_Office/Verification/Reports/Web_Activity"), [:], OPTIONAL): Call Test Case 'Test Cases/Reusable_Test_Sequences/Web_Office/Verification/Reports/Web_Activity' successfully

2020-04-27 14:56:18 - [TEST_CASE][PASSED] - Test Cases/Reusable_Test_Sequences/Web_Office/Verification/Reports/Web_Activity: Test Cases/Reusable_Test_Sequences/Web_Office/Verification/Reports/Web_Activity

2020-04-27 14:56:19 - [TEST_STEP][PASSED] - waitForPageLoad(120): Wait for page load successfully

2020-04-27 14:56:19 - [MESSAGE][PASSED] - Wait for page load successfully

2020-04-27 14:56:19 - [TEST_STEP][PASSED] - delay(1): Delayed 1 second(s)

2020-04-27 14:56:20 - [MESSAGE][PASSED] - Delayed 1 second(s)

2020-04-27 14:56:20 - [TEST_STEP][PASSED] - verifyTextPresent("Web Activity", false): Text 'Web Activity' is present on page 

2020-04-27 14:56:20 - [MESSAGE][PASSED] - Text 'Web Activity' is present on page 

2020-04-27 14:56:20 - [TEST_STEP][PASSED] - "----------------------------------------------": null

2020-04-27 14:56:20 - [TEST_STEP][PASSED] - verifyTextPresent("Recent Searches", false): Text 'Recent Searches' is present on page 

2020-04-27 14:56:21 - [MESSAGE][PASSED] - Text 'Recent Searches' is present on page 

2020-04-27 14:56:21 - [TEST_STEP][PASSED] - verifyTextPresent("Most Viewed Companies (in past 7 days)", false): Text 'Most Viewed Companies (in past 7 days)' is present on page 

2020-04-27 14:56:21 - [MESSAGE][PASSED] - Text 'Most Viewed Companies (in past 7 days)' is present on page 

2020-04-27 14:56:21 - [TEST_STEP][PASSED] - "----------------------------------------------": null

2020-04-27 14:56:21 - [TEST_STEP][PASSED] - "----------------------------------------------": null

2020-04-27 14:56:21 - [TEST_STEP][PASSED] - verifyTextPresent("Search on", false): Text 'Search on' is present on page 

2020-04-27 14:56:21 - [MESSAGE][PASSED] - Text 'Search on' is present on page 

2020-04-27 14:56:21 - [TEST_STEP][PASSED] - verifyTextPresent("Search for", false): Text 'Search for' is present on page 

2020-04-27 14:56:22 - [MESSAGE][PASSED] - Text 'Search for' is present on page 

2020-04-27 14:56:22 - [TEST_STEP][PASSED] - verifyTextPresent("In", false): Text 'In' is present on page 

2020-04-27 14:56:22 - [MESSAGE][PASSED] - Text 'In' is present on page 

2020-04-27 14:56:22 - [TEST_STEP][PASSED] - verifyTextPresent("No. Results", false): Text 'No. Results' is present on page 

2020-04-27 14:56:23 - [MESSAGE][PASSED] - Text 'No. Results' is present on page 

2020-04-27 14:56:23 - [TEST_STEP][PASSED] - verifyTextPresent("Company", false): Text 'Company' is present on page 

2020-04-27 14:56:23 - [MESSAGE][PASSED] - Text 'Company' is present on page 

2020-04-27 14:56:23 - [TEST_STEP][PASSED] - verifyTextPresent("From Search", false): Text 'From Search' is present on page 

2020-04-27 14:56:24 - [MESSAGE][PASSED] - Text 'From Search' is present on page 

2020-04-27 14:56:24 - [TEST_STEP][PASSED] - verifyTextPresent("Checkatrade", false): Text 'Checkatrade' is present on page 

2020-04-27 14:56:24 - [MESSAGE][PASSED] - Text 'Checkatrade' is present on page 

2020-04-27 14:56:24 - [TEST_STEP][PASSED] - verifyTextPresent("External Link", false): Text 'External Link' is present on page 

2020-04-27 14:56:25 - [MESSAGE][PASSED] - Text 'External Link' is present on page 

2020-04-27 14:56:25 - [TEST_STEP][PASSED] - verifyTextPresent("Other", false): Text 'Other' is present on page 

2020-04-27 14:56:26 - [MESSAGE][PASSED] - Text 'Other' is present on page 

2020-04-27 14:56:26 - [TEST_STEP][PASSED] - verifyTextPresent("Total", false): Text 'Total' is present on page 

2020-04-27 14:56:27 - [MESSAGE][PASSED] - Text 'Total' is present on page 

2020-04-27 14:56:27 - [TEST_STEP][PASSED] - "----------------------------------------------": null

2020-04-27 14:56:27 - [TEST_STEP][PASSED] - verifyTextPresent("Foster Tree Care", false): Text 'Foster Tree Care' is present on page 

2020-04-27 14:56:27 - [MESSAGE][PASSED] - Text 'Foster Tree Care' is present on page 

2020-04-27 14:56:27 - [TEST_STEP][PASSED] - verifyTextPresent("Burton Electrical Services", false): Text 'Burton Electrical Services' is present on page 

2020-04-27 14:56:27 - [MESSAGE][PASSED] - Text 'Burton Electrical Services' is present on page 

2020-04-27 14:56:27 - [MESSAGE][PASSED] - Call Test Case 'Test Cases/Reusable_Test_Sequences/Web_Office/Verification/Reports/Web_Activity' successfully

2020-04-27 14:56:27 - [TEST_STEP][PASSED] - "--------------------------": null

2020-04-27 14:56:27 - [TEST_STEP][PASSED] - " Teardown - CLose Browser |": null

2020-04-27 14:56:27 - [TEST_STEP][PASSED] - callTestCase(findTestCase("Reusable_Test_Sequences/CAT_Teardown"), [:], OPTIONAL): Call Test Case 'Test Cases/Reusable_Test_Sequences/CAT_Teardown' successfully

2020-04-27 14:56:27 - [TEST_CASE][PASSED] - Test Cases/Reusable_Test_Sequences/CAT_Teardown: Test Cases/Reusable_Test_Sequences/CAT_Teardown

2020-04-27 14:56:28 - [TEST_STEP][PASSED] - closeBrowser(): Browser is closed

2020-04-27 14:56:30 - [MESSAGE][PASSED] - Browser is closed

2020-04-27 14:56:30 - [TEST_STEP][PASSED] - super.finalize(): null

2020-04-27 14:56:30 - [TEST_STEP][PASSED] - System.gc(): null

2020-04-27 14:56:30 - [MESSAGE][PASSED] - Call Test Case 'Test Cases/Reusable_Test_Sequences/CAT_Teardown' successfully]]></system-out>
         <system-err><![CDATA[]]></system-err>
      </testcase>
      <testcase name="Test Cases/Web_Office/Reports/Company_Views" time="18.111" classname="Test Cases/Web_Office/Reports/Company_Views" status="PASSED">
         <system-out><![CDATA[2020-04-27 14:56:30 - [TEST_CASE][PASSED] - Test Cases/Web_Office/Reports/Company_Views: Test Cases/Web_Office/Reports/Company_Views

2020-04-27 14:56:31 - [TEST_STEP][PASSED] - "--------------------------------------": null

2020-04-27 14:56:31 - [TEST_STEP][PASSED] - " Web Office StartUp                  |": null

2020-04-27 14:56:31 - [TEST_STEP][PASSED] - callTestCase(findTestCase("Reusable_Test_Sequences/Web_Office/Directives/WebOffice_StartUp"), [:], STOP_ON_FAILURE): Call Test Case 'Test Cases/Reusable_Test_Sequences/Web_Office/Directives/WebOffice_StartUp' successfully

2020-04-27 14:56:31 - [TEST_CASE][PASSED] - Test Cases/Reusable_Test_Sequences/Web_Office/Directives/WebOffice_StartUp: Test Cases/Reusable_Test_Sequences/Web_Office/Directives/WebOffice_StartUp

2020-04-27 14:56:31 - [TEST_STEP][PASSED] - "-----------------------------------------------------------------------------": null

2020-04-27 14:56:31 - [TEST_STEP][PASSED] - if (URL == "https://www.dev.checkatrade.com/"): null

2020-04-27 14:56:31 - [TEST_STEP][PASSED] - "-----------------------------------------------------------------------------": null

2020-04-27 14:56:31 - [TEST_STEP][PASSED] - if (URL == "https://www.checkatrade.com/"): null

2020-04-27 14:56:31 - [TEST_STEP][PASSED] - "-----------------------------------------------------------------------------": null

2020-04-27 14:56:31 - [TEST_STEP][PASSED] - if (URL == "https://www.preview.checkatrade.com/"): null

2020-04-27 14:56:31 - [TEST_STEP][PASSED] - WebOfficeURL = "https://admin.preview.checkatrade.com/": null

2020-04-27 14:56:31 - [TEST_STEP][PASSED] - if (URL == "https://www.dev2.checkatrade.com/"): null

2020-04-27 14:56:31 - [TEST_STEP][PASSED] - "Set Function Area for "URL_Handler", URL Resolution": null

2020-04-27 14:56:31 - [TEST_STEP][PASSED] - "Do Some Magic with URL(s) See the comments within URL Handler ": null

2020-04-27 14:56:31 - [TEST_STEP][PASSED] - "------------------------------------------------": null

2020-04-27 14:56:31 - [TEST_STEP][PASSED] - "Moved Login Credentials to <Default> profile 22/01/2020": null

2020-04-27 14:56:31 - [TEST_STEP][PASSED] - "------------------------------------------------": null

2020-04-27 14:56:31 - [TEST_STEP][PASSED] - "WebOfficeURL - Set from the ENVIRONMENT PROFILE ": null

2020-04-27 14:56:31 - [TEST_STEP][PASSED] - "OPEN BROWSER": null

2020-04-27 14:56:31 - [TEST_STEP][PASSED] - "eg - https://admin.preview.checkatrade.com/  ": null

2020-04-27 14:56:31 - [TEST_STEP][PASSED] - openBrowser(WebOfficeURL): Browser is opened with url: 'https://admin.preview.checkatrade.com/'

2020-04-27 14:56:31 - [MESSAGE][INFO] - Starting 'Chrome' driver

2020-04-27 14:56:31 - [MESSAGE][INFO] - Action delay is set to 0 milliseconds

2020-04-27 14:56:35 - [MESSAGE][PASSED] - Browser is opened with url: 'https://admin.preview.checkatrade.com/'

2020-04-27 14:56:35 - [TEST_STEP][PASSED] - maximizeWindow(): Current window maximized

2020-04-27 14:56:38 - [MESSAGE][PASSED] - Current window maximized

2020-04-27 14:56:38 - [TEST_STEP][PASSED] - waitForElementClickable(findTestObject("Object Repository/WebOffice/Page_Checkatrade - Administration - Login/Login_Button"), 25): Object 'Object Repository/WebOffice/Page_Checkatrade - Administration - Login/Login_Button' is clickable

2020-04-27 14:56:38 - [MESSAGE][PASSED] - Object 'Object Repository/WebOffice/Page_Checkatrade - Administration - Login/Login_Button' is clickable

2020-04-27 14:56:38 - [TEST_STEP][PASSED] - verifyTextPresent("Checkatrade Web Office", false): Text 'Checkatrade Web Office' is present on page 

2020-04-27 14:56:38 - [MESSAGE][PASSED] - Text 'Checkatrade Web Office' is present on page 

2020-04-27 14:56:38 - [TEST_STEP][PASSED] - verifyTextPresent("Access for staff use only", false): Text 'Access for staff use only' is present on page 

2020-04-27 14:56:38 - [MESSAGE][PASSED] - Text 'Access for staff use only' is present on page 

2020-04-27 14:56:38 - [TEST_STEP][PASSED] - verifyTextPresent("Forgotten password?", false): Text 'Forgotten password?' is present on page 

2020-04-27 14:56:38 - [MESSAGE][PASSED] - Text 'Forgotten password?' is present on page 

2020-04-27 14:56:38 - [TEST_STEP][PASSED] - setText(findTestObject("Object Repository/WebOffice/Page_Checkatrade - Administration - Login/input_Username_LoginControlUserName"), wo_Username): Text 'DavidHo' is set on object 'Object Repository/WebOffice/Page_Checkatrade - Administration - Login/input_Username_LoginControlUserName'

2020-04-27 14:56:38 - [MESSAGE][PASSED] - Text 'DavidHo' is set on object 'Object Repository/WebOffice/Page_Checkatrade - Administration - Login/input_Username_LoginControlUserName'

2020-04-27 14:56:38 - [TEST_STEP][PASSED] - setText(findTestObject("Object Repository/WebOffice/Page_Checkatrade - Administration - Login/input_Password_LoginControlPassword"), wo_Password): Text 'Check123' is set on object 'Object Repository/WebOffice/Page_Checkatrade - Administration - Login/input_Password_LoginControlPassword'

2020-04-27 14:56:39 - [MESSAGE][PASSED] - Text 'Check123' is set on object 'Object Repository/WebOffice/Page_Checkatrade - Administration - Login/input_Password_LoginControlPassword'

2020-04-27 14:56:39 - [TEST_STEP][PASSED] - click(findTestObject("Object Repository/WebOffice/Page_Checkatrade - Administration - Login/Login_Button")): Object: 'Object Repository/WebOffice/Page_Checkatrade - Administration - Login/Login_Button' is clicked on

2020-04-27 14:56:40 - [MESSAGE][PASSED] - Object: 'Object Repository/WebOffice/Page_Checkatrade - Administration - Login/Login_Button' is clicked on

2020-04-27 14:56:40 - [TEST_STEP][PASSED] - waitForPageLoad(60): Wait for page load successfully

2020-04-27 14:56:40 - [MESSAGE][PASSED] - Wait for page load successfully

2020-04-27 14:56:40 - [TEST_STEP][PASSED] - verifyTextPresent("Welcome " + wo_Username, false): Text 'Welcome DavidHo' is present on page 

2020-04-27 14:56:40 - [MESSAGE][PASSED] - Text 'Welcome DavidHo' is present on page 

2020-04-27 14:56:40 - [MESSAGE][PASSED] - Call Test Case 'Test Cases/Reusable_Test_Sequences/Web_Office/Directives/WebOffice_StartUp' successfully

2020-04-27 14:56:40 - [TEST_STEP][PASSED] - "-----------------------------------------------------------------": null

2020-04-27 14:56:40 - [TEST_STEP][PASSED] - " Navigate to <Settings->Checkatrade.Com->Sub Item> Menu Item     |": null

2020-04-27 14:56:40 - [TEST_STEP][PASSED] - callTestCase(findTestCase("Reusable_Test_Sequences/Web_Office/Navigation/Sub_Menu_Navigation/Reports/Company_Views"), [:], STOP_ON_FAILURE): Call Test Case 'Test Cases/Reusable_Test_Sequences/Web_Office/Navigation/Sub_Menu_Navigation/Reports/Company_Views' successfully

2020-04-27 14:56:40 - [TEST_CASE][PASSED] - Test Cases/Reusable_Test_Sequences/Web_Office/Navigation/Sub_Menu_Navigation/Reports/Company_Views: Test Cases/Reusable_Test_Sequences/Web_Office/Navigation/Sub_Menu_Navigation/Reports/Company_Views

2020-04-27 14:56:41 - [TEST_STEP][PASSED] - "--------------------------------------": null

2020-04-27 14:56:41 - [TEST_STEP][PASSED] - " Navigate Top level menu Item         |": null

2020-04-27 14:56:41 - [TEST_STEP][PASSED] - waitForPageLoad(60): Wait for page load successfully

2020-04-27 14:56:41 - [MESSAGE][PASSED] - Wait for page load successfully

2020-04-27 14:56:41 - [TEST_STEP][PASSED] - waitForElementClickable(findTestObject("Object Repository/WebOffice_Home_page/a_Reports"), 60): Object 'Object Repository/WebOffice_Home_page/a_Reports' is clickable

2020-04-27 14:56:41 - [MESSAGE][PASSED] - Object 'Object Repository/WebOffice_Home_page/a_Reports' is clickable

2020-04-27 14:56:41 - [TEST_STEP][PASSED] - mouseOver(findTestObject("Object Repository/WebOffice_Home_page/a_Reports")): Object: 'Object Repository/WebOffice_Home_page/a_Reports' is hovered

2020-04-27 14:56:41 - [MESSAGE][PASSED] - Object: 'Object Repository/WebOffice_Home_page/a_Reports' is hovered

2020-04-27 14:56:41 - [TEST_STEP][PASSED] - mouseOver(findTestObject("Object Repository/WebOffice_Home_page/Page_/a_Consumers")): Object: 'Object Repository/WebOffice_Home_page/Page_/a_Consumers' is hovered

2020-04-27 14:56:41 - [MESSAGE][PASSED] - Object: 'Object Repository/WebOffice_Home_page/Page_/a_Consumers' is hovered

2020-04-27 14:56:41 - [TEST_STEP][PASSED] - waitForPageLoad(5): Wait for page load successfully

2020-04-27 14:56:41 - [MESSAGE][PASSED] - Wait for page load successfully

2020-04-27 14:56:41 - [TEST_STEP][PASSED] - waitForElementClickable(findTestObject("Object Repository/WebOffice_Home_page/a_Company Views"), 5): Object 'Object Repository/WebOffice_Home_page/a_Company Views' is clickable

2020-04-27 14:56:41 - [MESSAGE][PASSED] - Object 'Object Repository/WebOffice_Home_page/a_Company Views' is clickable

2020-04-27 14:56:41 - [TEST_STEP][PASSED] - click(findTestObject("Object Repository/WebOffice_Home_page/a_Company Views")): Object: 'Object Repository/WebOffice_Home_page/a_Company Views' is clicked on

2020-04-27 14:56:42 - [MESSAGE][PASSED] - Object: 'Object Repository/WebOffice_Home_page/a_Company Views' is clicked on

2020-04-27 14:56:42 - [MESSAGE][PASSED] - Call Test Case 'Test Cases/Reusable_Test_Sequences/Web_Office/Navigation/Sub_Menu_Navigation/Reports/Company_Views' successfully

2020-04-27 14:56:42 - [TEST_STEP][PASSED] - "--------------------------------------": null

2020-04-27 14:56:42 - [TEST_STEP][PASSED] - " Verify Returned Page Detail          |": null

2020-04-27 14:56:42 - [TEST_STEP][PASSED] - callTestCase(findTestCase("Reusable_Test_Sequences/Web_Office/Verification/Reports/Company_Views"), [:], OPTIONAL): Call Test Case 'Test Cases/Reusable_Test_Sequences/Web_Office/Verification/Reports/Company_Views' successfully

2020-04-27 14:56:42 - [TEST_CASE][PASSED] - Test Cases/Reusable_Test_Sequences/Web_Office/Verification/Reports/Company_Views: Test Cases/Reusable_Test_Sequences/Web_Office/Verification/Reports/Company_Views

2020-04-27 14:56:42 - [TEST_STEP][PASSED] - waitForPageLoad(120): Wait for page load successfully

2020-04-27 14:56:42 - [MESSAGE][PASSED] - Wait for page load successfully

2020-04-27 14:56:42 - [TEST_STEP][PASSED] - delay(1): Delayed 1 second(s)

2020-04-27 14:56:43 - [MESSAGE][PASSED] - Delayed 1 second(s)

2020-04-27 14:56:43 - [TEST_STEP][PASSED] - verifyTextPresent("Company Viewing History", false): Text 'Company Viewing History' is present on page 

2020-04-27 14:56:44 - [MESSAGE][PASSED] - Text 'Company Viewing History' is present on page 

2020-04-27 14:56:44 - [TEST_STEP][PASSED] - "----------------------------------------------": null

2020-04-27 14:56:44 - [TEST_STEP][PASSED] - verifyTextPresent("From", false): Text 'From' is present on page 

2020-04-27 14:56:44 - [MESSAGE][PASSED] - Text 'From' is present on page 

2020-04-27 14:56:44 - [TEST_STEP][PASSED] - verifyTextPresent("Select Company", false): Text 'Select Company' is present on page 

2020-04-27 14:56:44 - [MESSAGE][PASSED] - Text 'Select Company' is present on page 

2020-04-27 14:56:44 - [TEST_STEP][PASSED] - "----------------------------------------------": null

2020-04-27 14:56:44 - [TEST_STEP][PASSED] - "----------------------------------------------": null

2020-04-27 14:56:44 - [TEST_STEP][PASSED] - verifyTextPresent("Company", false): Text 'Company' is present on page 

2020-04-27 14:56:45 - [MESSAGE][PASSED] - Text 'Company' is present on page 

2020-04-27 14:56:45 - [TEST_STEP][PASSED] - verifyTextPresent("From Search", false): Text 'From Search' is present on page 

2020-04-27 14:56:45 - [MESSAGE][PASSED] - Text 'From Search' is present on page 

2020-04-27 14:56:45 - [TEST_STEP][PASSED] - verifyTextPresent("Checkatrade", false): Text 'Checkatrade' is present on page 

2020-04-27 14:56:46 - [MESSAGE][PASSED] - Text 'Checkatrade' is present on page 

2020-04-27 14:56:46 - [TEST_STEP][PASSED] - verifyTextPresent("External Link", false): Text 'External Link' is present on page 

2020-04-27 14:56:46 - [MESSAGE][PASSED] - Text 'External Link' is present on page 

2020-04-27 14:56:46 - [TEST_STEP][PASSED] - verifyTextPresent("Other", false): Text 'Other' is present on page 

2020-04-27 14:56:46 - [MESSAGE][PASSED] - Text 'Other' is present on page 

2020-04-27 14:56:46 - [TEST_STEP][PASSED] - verifyTextPresent("Total", false): Text 'Total' is present on page 

2020-04-27 14:56:47 - [MESSAGE][PASSED] - Text 'Total' is present on page 

2020-04-27 14:56:47 - [TEST_STEP][PASSED] - "----------------------------------------------": null

2020-04-27 14:56:47 - [TEST_STEP][PASSED] - verifyTextPresent("Foster Tree Care", false): Text 'Foster Tree Care' is present on page 

2020-04-27 14:56:47 - [MESSAGE][PASSED] - Text 'Foster Tree Care' is present on page 

2020-04-27 14:56:47 - [MESSAGE][PASSED] - Call Test Case 'Test Cases/Reusable_Test_Sequences/Web_Office/Verification/Reports/Company_Views' successfully

2020-04-27 14:56:47 - [TEST_STEP][PASSED] - "--------------------------": null

2020-04-27 14:56:47 - [TEST_STEP][PASSED] - " Teardown - CLose Browser |": null

2020-04-27 14:56:47 - [TEST_STEP][PASSED] - callTestCase(findTestCase("Reusable_Test_Sequences/CAT_Teardown"), [:], OPTIONAL): Call Test Case 'Test Cases/Reusable_Test_Sequences/CAT_Teardown' successfully

2020-04-27 14:56:47 - [TEST_CASE][PASSED] - Test Cases/Reusable_Test_Sequences/CAT_Teardown: Test Cases/Reusable_Test_Sequences/CAT_Teardown

2020-04-27 14:56:47 - [TEST_STEP][PASSED] - closeBrowser(): Browser is closed

2020-04-27 14:56:48 - [MESSAGE][PASSED] - Browser is closed

2020-04-27 14:56:48 - [TEST_STEP][PASSED] - super.finalize(): null

2020-04-27 14:56:48 - [TEST_STEP][PASSED] - System.gc(): null

2020-04-27 14:56:48 - [MESSAGE][PASSED] - Call Test Case 'Test Cases/Reusable_Test_Sequences/CAT_Teardown' successfully]]></system-out>
         <system-err><![CDATA[]]></system-err>
      </testcase>
      <testcase name="Test Cases/Web_Office/Reports/Company_Website_Status_Changes_Consumers" time="24.092" classname="Test Cases/Web_Office/Reports/Company_Website_Status_Changes_Consumers" status="PASSED">
         <system-out><![CDATA[2020-04-27 14:56:48 - [TEST_CASE][PASSED] - Test Cases/Web_Office/Reports/Company_Website_Status_Changes_Consumers: Test Cases/Web_Office/Reports/Company_Website_Status_Changes_Consumers

2020-04-27 14:56:49 - [TEST_STEP][PASSED] - "--------------------------------------": null

2020-04-27 14:56:49 - [TEST_STEP][PASSED] - " Web Office StartUp                  |": null

2020-04-27 14:56:49 - [TEST_STEP][PASSED] - callTestCase(findTestCase("Reusable_Test_Sequences/Web_Office/Directives/WebOffice_StartUp"), [:], STOP_ON_FAILURE): Call Test Case 'Test Cases/Reusable_Test_Sequences/Web_Office/Directives/WebOffice_StartUp' successfully

2020-04-27 14:56:49 - [TEST_CASE][PASSED] - Test Cases/Reusable_Test_Sequences/Web_Office/Directives/WebOffice_StartUp: Test Cases/Reusable_Test_Sequences/Web_Office/Directives/WebOffice_StartUp

2020-04-27 14:56:49 - [TEST_STEP][PASSED] - "-----------------------------------------------------------------------------": null

2020-04-27 14:56:49 - [TEST_STEP][PASSED] - if (URL == "https://www.dev.checkatrade.com/"): null

2020-04-27 14:56:49 - [TEST_STEP][PASSED] - "-----------------------------------------------------------------------------": null

2020-04-27 14:56:49 - [TEST_STEP][PASSED] - if (URL == "https://www.checkatrade.com/"): null

2020-04-27 14:56:49 - [TEST_STEP][PASSED] - "-----------------------------------------------------------------------------": null

2020-04-27 14:56:49 - [TEST_STEP][PASSED] - if (URL == "https://www.preview.checkatrade.com/"): null

2020-04-27 14:56:49 - [TEST_STEP][PASSED] - WebOfficeURL = "https://admin.preview.checkatrade.com/": null

2020-04-27 14:56:49 - [TEST_STEP][PASSED] - if (URL == "https://www.dev2.checkatrade.com/"): null

2020-04-27 14:56:49 - [TEST_STEP][PASSED] - "Set Function Area for "URL_Handler", URL Resolution": null

2020-04-27 14:56:49 - [TEST_STEP][PASSED] - "Do Some Magic with URL(s) See the comments within URL Handler ": null

2020-04-27 14:56:49 - [TEST_STEP][PASSED] - "------------------------------------------------": null

2020-04-27 14:56:49 - [TEST_STEP][PASSED] - "Moved Login Credentials to <Default> profile 22/01/2020": null

2020-04-27 14:56:49 - [TEST_STEP][PASSED] - "------------------------------------------------": null

2020-04-27 14:56:49 - [TEST_STEP][PASSED] - "WebOfficeURL - Set from the ENVIRONMENT PROFILE ": null

2020-04-27 14:56:49 - [TEST_STEP][PASSED] - "OPEN BROWSER": null

2020-04-27 14:56:49 - [TEST_STEP][PASSED] - "eg - https://admin.preview.checkatrade.com/  ": null

2020-04-27 14:56:49 - [TEST_STEP][PASSED] - openBrowser(WebOfficeURL): Browser is opened with url: 'https://admin.preview.checkatrade.com/'

2020-04-27 14:56:49 - [MESSAGE][INFO] - Starting 'Chrome' driver

2020-04-27 14:56:49 - [MESSAGE][INFO] - Action delay is set to 0 milliseconds

2020-04-27 14:56:53 - [MESSAGE][PASSED] - Browser is opened with url: 'https://admin.preview.checkatrade.com/'

2020-04-27 14:56:53 - [TEST_STEP][PASSED] - maximizeWindow(): Current window maximized

2020-04-27 14:56:56 - [MESSAGE][PASSED] - Current window maximized

2020-04-27 14:56:56 - [TEST_STEP][PASSED] - waitForElementClickable(findTestObject("Object Repository/WebOffice/Page_Checkatrade - Administration - Login/Login_Button"), 25): Object 'Object Repository/WebOffice/Page_Checkatrade - Administration - Login/Login_Button' is clickable

2020-04-27 14:56:56 - [MESSAGE][PASSED] - Object 'Object Repository/WebOffice/Page_Checkatrade - Administration - Login/Login_Button' is clickable

2020-04-27 14:56:56 - [TEST_STEP][PASSED] - verifyTextPresent("Checkatrade Web Office", false): Text 'Checkatrade Web Office' is present on page 

2020-04-27 14:56:56 - [MESSAGE][PASSED] - Text 'Checkatrade Web Office' is present on page 

2020-04-27 14:56:56 - [TEST_STEP][PASSED] - verifyTextPresent("Access for staff use only", false): Text 'Access for staff use only' is present on page 

2020-04-27 14:56:56 - [MESSAGE][PASSED] - Text 'Access for staff use only' is present on page 

2020-04-27 14:56:56 - [TEST_STEP][PASSED] - verifyTextPresent("Forgotten password?", false): Text 'Forgotten password?' is present on page 

2020-04-27 14:56:56 - [MESSAGE][PASSED] - Text 'Forgotten password?' is present on page 

2020-04-27 14:56:56 - [TEST_STEP][PASSED] - setText(findTestObject("Object Repository/WebOffice/Page_Checkatrade - Administration - Login/input_Username_LoginControlUserName"), wo_Username): Text 'DavidHo' is set on object 'Object Repository/WebOffice/Page_Checkatrade - Administration - Login/input_Username_LoginControlUserName'

2020-04-27 14:56:56 - [MESSAGE][PASSED] - Text 'DavidHo' is set on object 'Object Repository/WebOffice/Page_Checkatrade - Administration - Login/input_Username_LoginControlUserName'

2020-04-27 14:56:56 - [TEST_STEP][PASSED] - setText(findTestObject("Object Repository/WebOffice/Page_Checkatrade - Administration - Login/input_Password_LoginControlPassword"), wo_Password): Text 'Check123' is set on object 'Object Repository/WebOffice/Page_Checkatrade - Administration - Login/input_Password_LoginControlPassword'

2020-04-27 14:56:56 - [MESSAGE][PASSED] - Text 'Check123' is set on object 'Object Repository/WebOffice/Page_Checkatrade - Administration - Login/input_Password_LoginControlPassword'

2020-04-27 14:56:56 - [TEST_STEP][PASSED] - click(findTestObject("Object Repository/WebOffice/Page_Checkatrade - Administration - Login/Login_Button")): Object: 'Object Repository/WebOffice/Page_Checkatrade - Administration - Login/Login_Button' is clicked on

2020-04-27 14:56:57 - [MESSAGE][PASSED] - Object: 'Object Repository/WebOffice/Page_Checkatrade - Administration - Login/Login_Button' is clicked on

2020-04-27 14:56:57 - [TEST_STEP][PASSED] - waitForPageLoad(60): Wait for page load successfully

2020-04-27 14:56:57 - [MESSAGE][PASSED] - Wait for page load successfully

2020-04-27 14:56:57 - [TEST_STEP][PASSED] - verifyTextPresent("Welcome " + wo_Username, false): Text 'Welcome DavidHo' is present on page 

2020-04-27 14:56:58 - [MESSAGE][PASSED] - Text 'Welcome DavidHo' is present on page 

2020-04-27 14:56:58 - [MESSAGE][PASSED] - Call Test Case 'Test Cases/Reusable_Test_Sequences/Web_Office/Directives/WebOffice_StartUp' successfully

2020-04-27 14:56:58 - [TEST_STEP][PASSED] - "-----------------------------------------------------------------": null

2020-04-27 14:56:58 - [TEST_STEP][PASSED] - " Navigate to <Settings->Checkatrade.Com->Sub Item> Menu Item     |": null

2020-04-27 14:56:58 - [TEST_STEP][PASSED] - callTestCase(findTestCase("Reusable_Test_Sequences/Web_Office/Navigation/Sub_Menu_Navigation/Reports/Company_Website_Status_Changes_Consumers"), [:], STOP_ON_FAILURE): Call Test Case 'Test Cases/Reusable_Test_Sequences/Web_Office/Navigation/Sub_Menu_Navigation/Reports/Company_Website_Status_Changes_Consumers' successfully

2020-04-27 14:56:58 - [TEST_CASE][PASSED] - Test Cases/Reusable_Test_Sequences/Web_Office/Navigation/Sub_Menu_Navigation/Reports/Company_Website_Status_Changes_Consumers: Test Cases/Reusable_Test_Sequences/Web_Office/Navigation/Sub_Menu_Navigation/Reports/Company_Website_Status_Changes_Consumers

2020-04-27 14:56:58 - [TEST_STEP][PASSED] - "--------------------------------------": null

2020-04-27 14:56:58 - [TEST_STEP][PASSED] - " Navigate Top level menu Item         |": null

2020-04-27 14:56:58 - [TEST_STEP][PASSED] - waitForPageLoad(60): Wait for page load successfully

2020-04-27 14:56:58 - [MESSAGE][PASSED] - Wait for page load successfully

2020-04-27 14:56:58 - [TEST_STEP][PASSED] - waitForElementClickable(findTestObject("Object Repository/WebOffice_Home_page/a_Reports"), 60): Object 'Object Repository/WebOffice_Home_page/a_Reports' is clickable

2020-04-27 14:56:59 - [MESSAGE][PASSED] - Object 'Object Repository/WebOffice_Home_page/a_Reports' is clickable

2020-04-27 14:56:59 - [TEST_STEP][PASSED] - mouseOver(findTestObject("Object Repository/WebOffice_Home_page/a_Reports")): Object: 'Object Repository/WebOffice_Home_page/a_Reports' is hovered

2020-04-27 14:56:59 - [MESSAGE][PASSED] - Object: 'Object Repository/WebOffice_Home_page/a_Reports' is hovered

2020-04-27 14:56:59 - [TEST_STEP][PASSED] - click(findTestObject("Object Repository/WebOffice_Home_page/Page_/a_Consumers")): Object: 'Object Repository/WebOffice_Home_page/Page_/a_Consumers' is clicked on

2020-04-27 14:56:59 - [MESSAGE][PASSED] - Object: 'Object Repository/WebOffice_Home_page/Page_/a_Consumers' is clicked on

2020-04-27 14:56:59 - [TEST_STEP][PASSED] - waitForPageLoad(5): Wait for page load successfully

2020-04-27 14:56:59 - [MESSAGE][PASSED] - Wait for page load successfully

2020-04-27 14:56:59 - [TEST_STEP][PASSED] - waitForElementClickable(findTestObject("Object Repository/WebOffice_Home_page/a_Company Website Status Changes"), 5): Object 'Object Repository/WebOffice_Home_page/a_Company Website Status Changes' is clickable

2020-04-27 14:56:59 - [MESSAGE][PASSED] - Object 'Object Repository/WebOffice_Home_page/a_Company Website Status Changes' is clickable

2020-04-27 14:56:59 - [TEST_STEP][PASSED] - click(findTestObject("Object Repository/WebOffice_Home_page/a_Company Website Status Changes")): Object: 'Object Repository/WebOffice_Home_page/a_Company Website Status Changes' is clicked on

2020-04-27 14:57:05 - [MESSAGE][PASSED] - Object: 'Object Repository/WebOffice_Home_page/a_Company Website Status Changes' is clicked on

2020-04-27 14:57:05 - [MESSAGE][PASSED] - Call Test Case 'Test Cases/Reusable_Test_Sequences/Web_Office/Navigation/Sub_Menu_Navigation/Reports/Company_Website_Status_Changes_Consumers' successfully

2020-04-27 14:57:05 - [TEST_STEP][PASSED] - "--------------------------------------": null

2020-04-27 14:57:05 - [TEST_STEP][PASSED] - " Verify Returned Page Detail          |": null

2020-04-27 14:57:05 - [TEST_STEP][PASSED] - callTestCase(findTestCase("Reusable_Test_Sequences/Web_Office/Verification/Reports/Company_Website_Status_Changes"), [:], OPTIONAL): Call Test Case 'Test Cases/Reusable_Test_Sequences/Web_Office/Verification/Reports/Company_Website_Status_Changes' successfully

2020-04-27 14:57:05 - [TEST_CASE][PASSED] - Test Cases/Reusable_Test_Sequences/Web_Office/Verification/Reports/Company_Website_Status_Changes: Test Cases/Reusable_Test_Sequences/Web_Office/Verification/Reports/Company_Website_Status_Changes

2020-04-27 14:57:06 - [TEST_STEP][PASSED] - waitForPageLoad(120): Wait for page load successfully

2020-04-27 14:57:06 - [MESSAGE][PASSED] - Wait for page load successfully

2020-04-27 14:57:06 - [TEST_STEP][PASSED] - delay(1): Delayed 1 second(s)

2020-04-27 14:57:07 - [MESSAGE][PASSED] - Delayed 1 second(s)

2020-04-27 14:57:07 - [TEST_STEP][PASSED] - verifyTextPresent("Company Website Status Change Report", false): Text 'Company Website Status Change Report' is present on page 

2020-04-27 14:57:08 - [MESSAGE][PASSED] - Text 'Company Website Status Change Report' is present on page 

2020-04-27 14:57:08 - [TEST_STEP][PASSED] - "----------------------------------------------": null

2020-04-27 14:57:08 - [TEST_STEP][PASSED] - verifyTextPresent("All Available Dates:", false): Text 'All Available Dates:' is present on page 

2020-04-27 14:57:08 - [MESSAGE][PASSED] - Text 'All Available Dates:' is present on page 

2020-04-27 14:57:08 - [TEST_STEP][PASSED] - verifyTextPresent("Total no. companies", false): Text 'Total no. companies' is present on page 

2020-04-27 14:57:08 - [MESSAGE][PASSED] - Text 'Total no. companies' is present on page 

2020-04-27 14:57:08 - [TEST_STEP][PASSED] - "----------------------------------------------": null

2020-04-27 14:57:08 - [TEST_STEP][PASSED] - "----------------------------------------------": null

2020-04-27 14:57:08 - [TEST_STEP][PASSED] - verifyTextPresent("Company", false): Text 'Company' is present on page 

2020-04-27 14:57:09 - [MESSAGE][PASSED] - Text 'Company' is present on page 

2020-04-27 14:57:09 - [TEST_STEP][PASSED] - verifyTextPresent("Status", false): Text 'Status' is present on page 

2020-04-27 14:57:09 - [MESSAGE][PASSED] - Text 'Status' is present on page 

2020-04-27 14:57:09 - [TEST_STEP][PASSED] - verifyTextPresent("Description", false): Text 'Description' is present on page 

2020-04-27 14:57:10 - [MESSAGE][PASSED] - Text 'Description' is present on page 

2020-04-27 14:57:10 - [TEST_STEP][PASSED] - verifyTextPresent("Date Changed", false): Text 'Date Changed' is present on page 

2020-04-27 14:57:10 - [MESSAGE][PASSED] - Text 'Date Changed' is present on page 

2020-04-27 14:57:10 - [TEST_STEP][PASSED] - "----------------------------------------------": null

2020-04-27 14:57:10 - [TEST_STEP][PASSED] - "----------------------------------------------": null

2020-04-27 14:57:10 - [TEST_STEP][PASSED] - "----------------------------------------------": null

2020-04-27 14:57:10 - [TEST_STEP][PASSED] - verifyTextPresent("Added to Website", false): Text 'Added to Website' is present on page 

2020-04-27 14:57:11 - [MESSAGE][PASSED] - Text 'Added to Website' is present on page 

2020-04-27 14:57:11 - [TEST_STEP][PASSED] - verifyTextPresent("Removed from website", false): Text 'Removed from website' is present on page 

2020-04-27 14:57:11 - [MESSAGE][PASSED] - Text 'Removed from website' is present on page 

2020-04-27 14:57:11 - [MESSAGE][PASSED] - Call Test Case 'Test Cases/Reusable_Test_Sequences/Web_Office/Verification/Reports/Company_Website_Status_Changes' successfully

2020-04-27 14:57:11 - [TEST_STEP][PASSED] - "--------------------------": null

2020-04-27 14:57:11 - [TEST_STEP][PASSED] - " Teardown - CLose Browser |": null

2020-04-27 14:57:11 - [TEST_STEP][PASSED] - callTestCase(findTestCase("Reusable_Test_Sequences/CAT_Teardown"), [:], OPTIONAL): Call Test Case 'Test Cases/Reusable_Test_Sequences/CAT_Teardown' successfully

2020-04-27 14:57:11 - [TEST_CASE][PASSED] - Test Cases/Reusable_Test_Sequences/CAT_Teardown: Test Cases/Reusable_Test_Sequences/CAT_Teardown

2020-04-27 14:57:11 - [TEST_STEP][PASSED] - closeBrowser(): Browser is closed

2020-04-27 14:57:12 - [MESSAGE][PASSED] - Browser is closed

2020-04-27 14:57:12 - [TEST_STEP][PASSED] - super.finalize(): null

2020-04-27 14:57:12 - [TEST_STEP][PASSED] - System.gc(): null

2020-04-27 14:57:12 - [MESSAGE][PASSED] - Call Test Case 'Test Cases/Reusable_Test_Sequences/CAT_Teardown' successfully]]></system-out>
         <system-err><![CDATA[]]></system-err>
      </testcase>
      <testcase name="Test Cases/Web_Office/Reports/Directory_Preferences" time="428.381" classname="Test Cases/Web_Office/Reports/Directory_Preferences" status="PASSED">
         <system-out><![CDATA[2020-04-27 14:57:12 - [TEST_CASE][PASSED] - Test Cases/Web_Office/Reports/Directory_Preferences: Test Cases/Web_Office/Reports/Directory_Preferences

2020-04-27 14:57:12 - [TEST_STEP][PASSED] - "--------------------------------------": null

2020-04-27 14:57:12 - [TEST_STEP][PASSED] - " Web Office StartUp                  |": null

2020-04-27 14:57:12 - [TEST_STEP][PASSED] - callTestCase(findTestCase("Reusable_Test_Sequences/Web_Office/Directives/WebOffice_StartUp"), [:], STOP_ON_FAILURE): Call Test Case 'Test Cases/Reusable_Test_Sequences/Web_Office/Directives/WebOffice_StartUp' successfully

2020-04-27 14:57:13 - [TEST_CASE][PASSED] - Test Cases/Reusable_Test_Sequences/Web_Office/Directives/WebOffice_StartUp: Test Cases/Reusable_Test_Sequences/Web_Office/Directives/WebOffice_StartUp

2020-04-27 14:57:13 - [TEST_STEP][PASSED] - "-----------------------------------------------------------------------------": null

2020-04-27 14:57:13 - [TEST_STEP][PASSED] - if (URL == "https://www.dev.checkatrade.com/"): null

2020-04-27 14:57:13 - [TEST_STEP][PASSED] - "-----------------------------------------------------------------------------": null

2020-04-27 14:57:13 - [TEST_STEP][PASSED] - if (URL == "https://www.checkatrade.com/"): null

2020-04-27 14:57:13 - [TEST_STEP][PASSED] - "-----------------------------------------------------------------------------": null

2020-04-27 14:57:13 - [TEST_STEP][PASSED] - if (URL == "https://www.preview.checkatrade.com/"): null

2020-04-27 14:57:13 - [TEST_STEP][PASSED] - WebOfficeURL = "https://admin.preview.checkatrade.com/": null

2020-04-27 14:57:13 - [TEST_STEP][PASSED] - if (URL == "https://www.dev2.checkatrade.com/"): null

2020-04-27 14:57:13 - [TEST_STEP][PASSED] - "Set Function Area for "URL_Handler", URL Resolution": null

2020-04-27 14:57:13 - [TEST_STEP][PASSED] - "Do Some Magic with URL(s) See the comments within URL Handler ": null

2020-04-27 14:57:13 - [TEST_STEP][PASSED] - "------------------------------------------------": null

2020-04-27 14:57:13 - [TEST_STEP][PASSED] - "Moved Login Credentials to <Default> profile 22/01/2020": null

2020-04-27 14:57:13 - [TEST_STEP][PASSED] - "------------------------------------------------": null

2020-04-27 14:57:13 - [TEST_STEP][PASSED] - "WebOfficeURL - Set from the ENVIRONMENT PROFILE ": null

2020-04-27 14:57:13 - [TEST_STEP][PASSED] - "OPEN BROWSER": null

2020-04-27 14:57:13 - [TEST_STEP][PASSED] - "eg - https://admin.preview.checkatrade.com/  ": null

2020-04-27 14:57:13 - [TEST_STEP][PASSED] - openBrowser(WebOfficeURL): Browser is opened with url: 'https://admin.preview.checkatrade.com/'

2020-04-27 14:57:13 - [MESSAGE][INFO] - Starting 'Chrome' driver

2020-04-27 14:57:13 - [MESSAGE][INFO] - Action delay is set to 0 milliseconds

2020-04-27 14:57:18 - [MESSAGE][PASSED] - Browser is opened with url: 'https://admin.preview.checkatrade.com/'

2020-04-27 14:57:18 - [TEST_STEP][PASSED] - maximizeWindow(): Current window maximized

2020-04-27 14:57:20 - [MESSAGE][PASSED] - Current window maximized

2020-04-27 14:57:20 - [TEST_STEP][PASSED] - waitForElementClickable(findTestObject("Object Repository/WebOffice/Page_Checkatrade - Administration - Login/Login_Button"), 25): Object 'Object Repository/WebOffice/Page_Checkatrade - Administration - Login/Login_Button' is clickable

2020-04-27 14:57:21 - [MESSAGE][PASSED] - Object 'Object Repository/WebOffice/Page_Checkatrade - Administration - Login/Login_Button' is clickable

2020-04-27 14:57:21 - [TEST_STEP][PASSED] - verifyTextPresent("Checkatrade Web Office", false): Text 'Checkatrade Web Office' is present on page 

2020-04-27 14:57:21 - [MESSAGE][PASSED] - Text 'Checkatrade Web Office' is present on page 

2020-04-27 14:57:21 - [TEST_STEP][PASSED] - verifyTextPresent("Access for staff use only", false): Text 'Access for staff use only' is present on page 

2020-04-27 14:57:21 - [MESSAGE][PASSED] - Text 'Access for staff use only' is present on page 

2020-04-27 14:57:21 - [TEST_STEP][PASSED] - verifyTextPresent("Forgotten password?", false): Text 'Forgotten password?' is present on page 

2020-04-27 14:57:21 - [MESSAGE][PASSED] - Text 'Forgotten password?' is present on page 

2020-04-27 14:57:21 - [TEST_STEP][PASSED] - setText(findTestObject("Object Repository/WebOffice/Page_Checkatrade - Administration - Login/input_Username_LoginControlUserName"), wo_Username): Text 'DavidHo' is set on object 'Object Repository/WebOffice/Page_Checkatrade - Administration - Login/input_Username_LoginControlUserName'

2020-04-27 14:57:21 - [MESSAGE][PASSED] - Text 'DavidHo' is set on object 'Object Repository/WebOffice/Page_Checkatrade - Administration - Login/input_Username_LoginControlUserName'

2020-04-27 14:57:21 - [TEST_STEP][PASSED] - setText(findTestObject("Object Repository/WebOffice/Page_Checkatrade - Administration - Login/input_Password_LoginControlPassword"), wo_Password): Text 'Check123' is set on object 'Object Repository/WebOffice/Page_Checkatrade - Administration - Login/input_Password_LoginControlPassword'

2020-04-27 14:57:22 - [MESSAGE][PASSED] - Text 'Check123' is set on object 'Object Repository/WebOffice/Page_Checkatrade - Administration - Login/input_Password_LoginControlPassword'

2020-04-27 14:57:22 - [TEST_STEP][PASSED] - click(findTestObject("Object Repository/WebOffice/Page_Checkatrade - Administration - Login/Login_Button")): Object: 'Object Repository/WebOffice/Page_Checkatrade - Administration - Login/Login_Button' is clicked on

2020-04-27 14:57:23 - [MESSAGE][PASSED] - Object: 'Object Repository/WebOffice/Page_Checkatrade - Administration - Login/Login_Button' is clicked on

2020-04-27 14:57:23 - [TEST_STEP][PASSED] - waitForPageLoad(60): Wait for page load successfully

2020-04-27 14:57:23 - [MESSAGE][PASSED] - Wait for page load successfully

2020-04-27 14:57:23 - [TEST_STEP][PASSED] - verifyTextPresent("Welcome " + wo_Username, false): Text 'Welcome DavidHo' is present on page 

2020-04-27 14:57:24 - [MESSAGE][PASSED] - Text 'Welcome DavidHo' is present on page 

2020-04-27 14:57:24 - [MESSAGE][PASSED] - Call Test Case 'Test Cases/Reusable_Test_Sequences/Web_Office/Directives/WebOffice_StartUp' successfully

2020-04-27 14:57:24 - [TEST_STEP][PASSED] - "-----------------------------------------------------------------": null

2020-04-27 14:57:24 - [TEST_STEP][PASSED] - " Navigate to <Settings->Checkatrade.Com->Sub Item> Menu Item     |": null

2020-04-27 14:57:24 - [TEST_STEP][PASSED] - callTestCase(findTestCase("Reusable_Test_Sequences/Web_Office/Navigation/Sub_Menu_Navigation/Reports/Directory_Preferences"), [:], STOP_ON_FAILURE): Call Test Case 'Test Cases/Reusable_Test_Sequences/Web_Office/Navigation/Sub_Menu_Navigation/Reports/Directory_Preferences' successfully

2020-04-27 14:57:24 - [TEST_CASE][PASSED] - Test Cases/Reusable_Test_Sequences/Web_Office/Navigation/Sub_Menu_Navigation/Reports/Directory_Preferences: Test Cases/Reusable_Test_Sequences/Web_Office/Navigation/Sub_Menu_Navigation/Reports/Directory_Preferences

2020-04-27 14:57:24 - [TEST_STEP][PASSED] - "--------------------------------------": null

2020-04-27 14:57:24 - [TEST_STEP][PASSED] - " Navigate Top level menu Item         |": null

2020-04-27 14:57:24 - [TEST_STEP][PASSED] - waitForPageLoad(60): Wait for page load successfully

2020-04-27 14:57:24 - [MESSAGE][PASSED] - Wait for page load successfully

2020-04-27 14:57:24 - [TEST_STEP][PASSED] - waitForElementClickable(findTestObject("Object Repository/WebOffice_Home_page/a_Reports"), 60): Object 'Object Repository/WebOffice_Home_page/a_Reports' is clickable

2020-04-27 14:57:24 - [MESSAGE][PASSED] - Object 'Object Repository/WebOffice_Home_page/a_Reports' is clickable

2020-04-27 14:57:24 - [TEST_STEP][PASSED] - mouseOver(findTestObject("Object Repository/WebOffice_Home_page/a_Reports")): Object: 'Object Repository/WebOffice_Home_page/a_Reports' is hovered

2020-04-27 14:57:24 - [MESSAGE][PASSED] - Object: 'Object Repository/WebOffice_Home_page/a_Reports' is hovered

2020-04-27 14:57:24 - [TEST_STEP][PASSED] - mouseOver(findTestObject("Object Repository/WebOffice_Home_page/Page_/a_Consumers")): Object: 'Object Repository/WebOffice_Home_page/Page_/a_Consumers' is hovered

2020-04-27 14:57:25 - [MESSAGE][PASSED] - Object: 'Object Repository/WebOffice_Home_page/Page_/a_Consumers' is hovered

2020-04-27 14:57:25 - [TEST_STEP][PASSED] - waitForPageLoad(5): Wait for page load successfully

2020-04-27 14:57:25 - [MESSAGE][PASSED] - Wait for page load successfully

2020-04-27 14:57:25 - [TEST_STEP][PASSED] - waitForElementClickable(findTestObject("Object Repository/WebOffice_Home_page/a_Directory Preferences"), 5): Object 'Object Repository/WebOffice_Home_page/a_Directory Preferences' is clickable

2020-04-27 14:57:25 - [MESSAGE][PASSED] - Object 'Object Repository/WebOffice_Home_page/a_Directory Preferences' is clickable

2020-04-27 14:57:25 - [TEST_STEP][PASSED] - click(findTestObject("Object Repository/WebOffice_Home_page/a_Directory Preferences")): Object: 'Object Repository/WebOffice_Home_page/a_Directory Preferences' is clicked on

2020-04-27 14:58:34 - [MESSAGE][PASSED] - Object: 'Object Repository/WebOffice_Home_page/a_Directory Preferences' is clicked on

2020-04-27 14:58:34 - [MESSAGE][PASSED] - Call Test Case 'Test Cases/Reusable_Test_Sequences/Web_Office/Navigation/Sub_Menu_Navigation/Reports/Directory_Preferences' successfully

2020-04-27 14:58:34 - [TEST_STEP][PASSED] - "--------------------------------------": null

2020-04-27 14:58:34 - [TEST_STEP][PASSED] - " Verify Returned Page Detail          |": null

2020-04-27 14:58:34 - [TEST_STEP][PASSED] - callTestCase(findTestCase("Reusable_Test_Sequences/Web_Office/Verification/Reports/Directory_Preferences"), [:], OPTIONAL): Call Test Case 'Test Cases/Reusable_Test_Sequences/Web_Office/Verification/Reports/Directory_Preferences' successfully

2020-04-27 14:58:34 - [TEST_CASE][PASSED] - Test Cases/Reusable_Test_Sequences/Web_Office/Verification/Reports/Directory_Preferences: Test Cases/Reusable_Test_Sequences/Web_Office/Verification/Reports/Directory_Preferences

2020-04-27 14:58:35 - [TEST_STEP][PASSED] - waitForPageLoad(120): Wait for page load successfully

2020-04-27 14:58:35 - [MESSAGE][PASSED] - Wait for page load successfully

2020-04-27 14:58:35 - [TEST_STEP][PASSED] - delay(1): Delayed 1 second(s)

2020-04-27 14:58:36 - [MESSAGE][PASSED] - Delayed 1 second(s)

2020-04-27 14:58:36 - [TEST_STEP][PASSED] - verifyTextPresent("Directory Performance Report", false): Text 'Directory Performance Report' is present on page 

2020-04-27 14:59:06 - [MESSAGE][PASSED] - Text 'Directory Performance Report' is present on page 

2020-04-27 14:59:06 - [TEST_STEP][PASSED] - "----------------------------------------------": null

2020-04-27 14:59:06 - [TEST_STEP][PASSED] - verifyTextPresent("Hide Old", false): Text 'Hide Old' is present on page 

2020-04-27 14:59:31 - [MESSAGE][PASSED] - Text 'Hide Old' is present on page 

2020-04-27 14:59:31 - [TEST_STEP][PASSED] - verifyTextPresent("Hide Current", false): Text 'Hide Current' is present on page 

2020-04-27 14:59:49 - [MESSAGE][PASSED] - Text 'Hide Current' is present on page 

2020-04-27 14:59:49 - [TEST_STEP][PASSED] - verifyTextPresent("Hide Future", false): Text 'Hide Future' is present on page 

2020-04-27 15:00:09 - [MESSAGE][PASSED] - Text 'Hide Future' is present on page 

2020-04-27 15:00:09 - [TEST_STEP][PASSED] - verifyTextPresent("Hide Prospective", false): Text 'Hide Prospective' is present on page 

2020-04-27 15:00:28 - [MESSAGE][PASSED] - Text 'Hide Prospective' is present on page 

2020-04-27 15:00:28 - [TEST_STEP][PASSED] - "----------------------------------------------": null

2020-04-27 15:00:28 - [TEST_STEP][PASSED] - "----------------------------------------------": null

2020-04-27 15:00:28 - [TEST_STEP][PASSED] - verifyTextPresent("DIRECTORY NAME", false): Text 'DIRECTORY NAME' is present on page 

2020-04-27 15:00:46 - [MESSAGE][PASSED] - Text 'DIRECTORY NAME' is present on page 

2020-04-27 15:00:46 - [TEST_STEP][PASSED] - verifyTextPresent("EDITION", false): Text 'EDITION' is present on page 

2020-04-27 15:01:06 - [MESSAGE][PASSED] - Text 'EDITION' is present on page 

2020-04-27 15:01:06 - [TEST_STEP][PASSED] - verifyTextPresent("BOXES SOLD", false): Text 'BOXES SOLD' is present on page 

2020-04-27 15:01:20 - [MESSAGE][PASSED] - Text 'BOXES SOLD' is present on page 

2020-04-27 15:01:20 - [TEST_STEP][PASSED] - verifyTextPresent("BOXES FOC", false): Text 'BOXES FOC' is present on page 

2020-04-27 15:01:38 - [MESSAGE][PASSED] - Text 'BOXES FOC' is present on page 

2020-04-27 15:01:38 - [TEST_STEP][PASSED] - verifyTextPresent("BOXES TOTAL", false): Text 'BOXES TOTAL' is present on page 

2020-04-27 15:01:51 - [MESSAGE][PASSED] - Text 'BOXES TOTAL' is present on page 

2020-04-27 15:01:51 - [TEST_STEP][PASSED] - verifyTextPresent("FIRST RESERVE", false): Text 'FIRST RESERVE' is present on page 

2020-04-27 15:02:05 - [MESSAGE][PASSED] - Text 'FIRST RESERVE' is present on page 

2020-04-27 15:02:05 - [TEST_STEP][PASSED] - verifyTextPresent("DEFINITELY", false): Text 'DEFINITELY' is present on page 

2020-04-27 15:02:26 - [MESSAGE][PASSED] - Text 'DEFINITELY' is present on page 

2020-04-27 15:02:26 - [TEST_STEP][PASSED] - verifyTextPresent("WOULD CONSIDER", false): Text 'WOULD CONSIDER' is present on page 

2020-04-27 15:02:42 - [MESSAGE][PASSED] - Text 'WOULD CONSIDER' is present on page 

2020-04-27 15:02:42 - [TEST_STEP][PASSED] - verifyTextPresent("DESIRED TOTAL", false): Text 'DESIRED TOTAL' is present on page 

2020-04-27 15:03:02 - [MESSAGE][PASSED] - Text 'DESIRED TOTAL' is present on page 

2020-04-27 15:03:02 - [TEST_STEP][PASSED] - "----------------------------------------------": null

2020-04-27 15:03:02 - [TEST_STEP][PASSED] - verifyTextPresent("Abingdon + Didcot 7 (Old)", false): Text 'Abingdon + Didcot 7 (Old)' is present on page 

2020-04-27 15:03:17 - [MESSAGE][PASSED] - Text 'Abingdon + Didcot 7 (Old)' is present on page 

2020-04-27 15:03:17 - [TEST_STEP][PASSED] - verifyTextPresent("Amersham + Chesham 12 (Current)", false): Text 'Amersham + Chesham 12 (Current)' is present on page 

2020-04-27 15:03:31 - [MESSAGE][PASSED] - Text 'Amersham + Chesham 12 (Current)' is present on page 

2020-04-27 15:03:31 - [TEST_STEP][PASSED] - verifyTextPresent("11", false): Text '11' is present on page 

2020-04-27 15:03:48 - [MESSAGE][PASSED] - Text '11' is present on page 

2020-04-27 15:03:48 - [TEST_STEP][PASSED] - verifyTextPresent("133", false): Text '133' is present on page 

2020-04-27 15:04:06 - [MESSAGE][PASSED] - Text '133' is present on page 

2020-04-27 15:04:06 - [TEST_STEP][PASSED] - verifyTextPresent("58", false): Text '58' is present on page 

2020-04-27 15:04:20 - [MESSAGE][PASSED] - Text '58' is present on page 

2020-04-27 15:04:20 - [MESSAGE][PASSED] - Call Test Case 'Test Cases/Reusable_Test_Sequences/Web_Office/Verification/Reports/Directory_Preferences' successfully

2020-04-27 15:04:20 - [TEST_STEP][PASSED] - "--------------------------": null

2020-04-27 15:04:20 - [TEST_STEP][PASSED] - " Teardown - CLose Browser |": null

2020-04-27 15:04:20 - [TEST_STEP][PASSED] - callTestCase(findTestCase("Reusable_Test_Sequences/CAT_Teardown"), [:], OPTIONAL): Call Test Case 'Test Cases/Reusable_Test_Sequences/CAT_Teardown' successfully

2020-04-27 15:04:20 - [TEST_CASE][PASSED] - Test Cases/Reusable_Test_Sequences/CAT_Teardown: Test Cases/Reusable_Test_Sequences/CAT_Teardown

2020-04-27 15:04:20 - [TEST_STEP][PASSED] - closeBrowser(): Browser is closed

2020-04-27 15:04:21 - [MESSAGE][PASSED] - Browser is closed

2020-04-27 15:04:21 - [TEST_STEP][PASSED] - super.finalize(): null

2020-04-27 15:04:21 - [TEST_STEP][PASSED] - System.gc(): null

2020-04-27 15:04:21 - [MESSAGE][PASSED] - Call Test Case 'Test Cases/Reusable_Test_Sequences/CAT_Teardown' successfully]]></system-out>
         <system-err><![CDATA[]]></system-err>
      </testcase>
      <testcase name="Test Cases/Web_Office/Reports/Most_Popular" time="14.261" classname="Test Cases/Web_Office/Reports/Most_Popular" status="PASSED">
         <system-out><![CDATA[2020-04-27 15:04:21 - [TEST_CASE][PASSED] - Test Cases/Web_Office/Reports/Most_Popular: Test Cases/Web_Office/Reports/Most_Popular

2020-04-27 15:04:21 - [TEST_STEP][PASSED] - "--------------------------------------": null

2020-04-27 15:04:21 - [TEST_STEP][PASSED] - " Web Office StartUp                  |": null

2020-04-27 15:04:21 - [TEST_STEP][PASSED] - callTestCase(findTestCase("Reusable_Test_Sequences/Web_Office/Directives/WebOffice_StartUp"), [:], STOP_ON_FAILURE): Call Test Case 'Test Cases/Reusable_Test_Sequences/Web_Office/Directives/WebOffice_StartUp' successfully

2020-04-27 15:04:21 - [TEST_CASE][PASSED] - Test Cases/Reusable_Test_Sequences/Web_Office/Directives/WebOffice_StartUp: Test Cases/Reusable_Test_Sequences/Web_Office/Directives/WebOffice_StartUp

2020-04-27 15:04:21 - [TEST_STEP][PASSED] - "-----------------------------------------------------------------------------": null

2020-04-27 15:04:21 - [TEST_STEP][PASSED] - if (URL == "https://www.dev.checkatrade.com/"): null

2020-04-27 15:04:21 - [TEST_STEP][PASSED] - "-----------------------------------------------------------------------------": null

2020-04-27 15:04:21 - [TEST_STEP][PASSED] - if (URL == "https://www.checkatrade.com/"): null

2020-04-27 15:04:21 - [TEST_STEP][PASSED] - "-----------------------------------------------------------------------------": null

2020-04-27 15:04:21 - [TEST_STEP][PASSED] - if (URL == "https://www.preview.checkatrade.com/"): null

2020-04-27 15:04:21 - [TEST_STEP][PASSED] - WebOfficeURL = "https://admin.preview.checkatrade.com/": null

2020-04-27 15:04:21 - [TEST_STEP][PASSED] - if (URL == "https://www.dev2.checkatrade.com/"): null

2020-04-27 15:04:21 - [TEST_STEP][PASSED] - "Set Function Area for "URL_Handler", URL Resolution": null

2020-04-27 15:04:21 - [TEST_STEP][PASSED] - "Do Some Magic with URL(s) See the comments within URL Handler ": null

2020-04-27 15:04:21 - [TEST_STEP][PASSED] - "------------------------------------------------": null

2020-04-27 15:04:21 - [TEST_STEP][PASSED] - "Moved Login Credentials to <Default> profile 22/01/2020": null

2020-04-27 15:04:21 - [TEST_STEP][PASSED] - "------------------------------------------------": null

2020-04-27 15:04:21 - [TEST_STEP][PASSED] - "WebOfficeURL - Set from the ENVIRONMENT PROFILE ": null

2020-04-27 15:04:21 - [TEST_STEP][PASSED] - "OPEN BROWSER": null

2020-04-27 15:04:21 - [TEST_STEP][PASSED] - "eg - https://admin.preview.checkatrade.com/  ": null

2020-04-27 15:04:21 - [TEST_STEP][PASSED] - openBrowser(WebOfficeURL): Browser is opened with url: 'https://admin.preview.checkatrade.com/'

2020-04-27 15:04:21 - [MESSAGE][INFO] - Starting 'Chrome' driver

2020-04-27 15:04:21 - [MESSAGE][INFO] - Action delay is set to 0 milliseconds

2020-04-27 15:04:25 - [MESSAGE][PASSED] - Browser is opened with url: 'https://admin.preview.checkatrade.com/'

2020-04-27 15:04:25 - [TEST_STEP][PASSED] - maximizeWindow(): Current window maximized

2020-04-27 15:04:27 - [MESSAGE][PASSED] - Current window maximized

2020-04-27 15:04:27 - [TEST_STEP][PASSED] - waitForElementClickable(findTestObject("Object Repository/WebOffice/Page_Checkatrade - Administration - Login/Login_Button"), 25): Object 'Object Repository/WebOffice/Page_Checkatrade - Administration - Login/Login_Button' is clickable

2020-04-27 15:04:27 - [MESSAGE][PASSED] - Object 'Object Repository/WebOffice/Page_Checkatrade - Administration - Login/Login_Button' is clickable

2020-04-27 15:04:27 - [TEST_STEP][PASSED] - verifyTextPresent("Checkatrade Web Office", false): Text 'Checkatrade Web Office' is present on page 

2020-04-27 15:04:28 - [MESSAGE][PASSED] - Text 'Checkatrade Web Office' is present on page 

2020-04-27 15:04:28 - [TEST_STEP][PASSED] - verifyTextPresent("Access for staff use only", false): Text 'Access for staff use only' is present on page 

2020-04-27 15:04:28 - [MESSAGE][PASSED] - Text 'Access for staff use only' is present on page 

2020-04-27 15:04:28 - [TEST_STEP][PASSED] - verifyTextPresent("Forgotten password?", false): Text 'Forgotten password?' is present on page 

2020-04-27 15:04:28 - [MESSAGE][PASSED] - Text 'Forgotten password?' is present on page 

2020-04-27 15:04:28 - [TEST_STEP][PASSED] - setText(findTestObject("Object Repository/WebOffice/Page_Checkatrade - Administration - Login/input_Username_LoginControlUserName"), wo_Username): Text 'DavidHo' is set on object 'Object Repository/WebOffice/Page_Checkatrade - Administration - Login/input_Username_LoginControlUserName'

2020-04-27 15:04:28 - [MESSAGE][PASSED] - Text 'DavidHo' is set on object 'Object Repository/WebOffice/Page_Checkatrade - Administration - Login/input_Username_LoginControlUserName'

2020-04-27 15:04:28 - [TEST_STEP][PASSED] - setText(findTestObject("Object Repository/WebOffice/Page_Checkatrade - Administration - Login/input_Password_LoginControlPassword"), wo_Password): Text 'Check123' is set on object 'Object Repository/WebOffice/Page_Checkatrade - Administration - Login/input_Password_LoginControlPassword'

2020-04-27 15:04:28 - [MESSAGE][PASSED] - Text 'Check123' is set on object 'Object Repository/WebOffice/Page_Checkatrade - Administration - Login/input_Password_LoginControlPassword'

2020-04-27 15:04:28 - [TEST_STEP][PASSED] - click(findTestObject("Object Repository/WebOffice/Page_Checkatrade - Administration - Login/Login_Button")): Object: 'Object Repository/WebOffice/Page_Checkatrade - Administration - Login/Login_Button' is clicked on

2020-04-27 15:04:29 - [MESSAGE][PASSED] - Object: 'Object Repository/WebOffice/Page_Checkatrade - Administration - Login/Login_Button' is clicked on

2020-04-27 15:04:29 - [TEST_STEP][PASSED] - waitForPageLoad(60): Wait for page load successfully

2020-04-27 15:04:29 - [MESSAGE][PASSED] - Wait for page load successfully

2020-04-27 15:04:29 - [TEST_STEP][PASSED] - verifyTextPresent("Welcome " + wo_Username, false): Text 'Welcome DavidHo' is present on page 

2020-04-27 15:04:29 - [MESSAGE][PASSED] - Text 'Welcome DavidHo' is present on page 

2020-04-27 15:04:29 - [MESSAGE][PASSED] - Call Test Case 'Test Cases/Reusable_Test_Sequences/Web_Office/Directives/WebOffice_StartUp' successfully

2020-04-27 15:04:29 - [TEST_STEP][PASSED] - "-----------------------------------------------------------------": null

2020-04-27 15:04:29 - [TEST_STEP][PASSED] - " Navigate to <Settings->Checkatrade.Com->Sub Item> Menu Item     |": null

2020-04-27 15:04:29 - [TEST_STEP][PASSED] - callTestCase(findTestCase("Reusable_Test_Sequences/Web_Office/Navigation/Sub_Menu_Navigation/Reports/Most_Popular"), [:], STOP_ON_FAILURE): Call Test Case 'Test Cases/Reusable_Test_Sequences/Web_Office/Navigation/Sub_Menu_Navigation/Reports/Most_Popular' successfully

2020-04-27 15:04:29 - [TEST_CASE][PASSED] - Test Cases/Reusable_Test_Sequences/Web_Office/Navigation/Sub_Menu_Navigation/Reports/Most_Popular: Test Cases/Reusable_Test_Sequences/Web_Office/Navigation/Sub_Menu_Navigation/Reports/Most_Popular

2020-04-27 15:04:29 - [TEST_STEP][PASSED] - "--------------------------------------": null

2020-04-27 15:04:29 - [TEST_STEP][PASSED] - " Navigate Top level menu Item         |": null

2020-04-27 15:04:29 - [TEST_STEP][PASSED] - waitForPageLoad(60): Wait for page load successfully

2020-04-27 15:04:29 - [MESSAGE][PASSED] - Wait for page load successfully

2020-04-27 15:04:29 - [TEST_STEP][PASSED] - waitForElementClickable(findTestObject("Object Repository/WebOffice_Home_page/a_Reports"), 60): Object 'Object Repository/WebOffice_Home_page/a_Reports' is clickable

2020-04-27 15:04:29 - [MESSAGE][PASSED] - Object 'Object Repository/WebOffice_Home_page/a_Reports' is clickable

2020-04-27 15:04:29 - [TEST_STEP][PASSED] - mouseOver(findTestObject("Object Repository/WebOffice_Home_page/a_Reports")): Object: 'Object Repository/WebOffice_Home_page/a_Reports' is hovered

2020-04-27 15:04:30 - [MESSAGE][PASSED] - Object: 'Object Repository/WebOffice_Home_page/a_Reports' is hovered

2020-04-27 15:04:30 - [TEST_STEP][PASSED] - mouseOver(findTestObject("Object Repository/WebOffice_Home_page/Page_/a_Consumers")): Object: 'Object Repository/WebOffice_Home_page/Page_/a_Consumers' is hovered

2020-04-27 15:04:30 - [MESSAGE][PASSED] - Object: 'Object Repository/WebOffice_Home_page/Page_/a_Consumers' is hovered

2020-04-27 15:04:30 - [TEST_STEP][PASSED] - mouseOver(findTestObject("Object Repository/WebOffice_Home_page/Page_/a_Consumer Searches")): Object: 'Object Repository/WebOffice_Home_page/Page_/a_Consumer Searches' is hovered

2020-04-27 15:04:30 - [MESSAGE][PASSED] - Object: 'Object Repository/WebOffice_Home_page/Page_/a_Consumer Searches' is hovered

2020-04-27 15:04:30 - [TEST_STEP][PASSED] - waitForPageLoad(5): Wait for page load successfully

2020-04-27 15:04:30 - [MESSAGE][PASSED] - Wait for page load successfully

2020-04-27 15:04:30 - [TEST_STEP][PASSED] - waitForElementClickable(findTestObject("Object Repository/WebOffice_Home_page/a_Most Popular"), 5): Object 'Object Repository/WebOffice_Home_page/a_Most Popular' is clickable

2020-04-27 15:04:30 - [MESSAGE][PASSED] - Object 'Object Repository/WebOffice_Home_page/a_Most Popular' is clickable

2020-04-27 15:04:30 - [TEST_STEP][PASSED] - click(findTestObject("Object Repository/WebOffice_Home_page/a_Most Popular")): Object: 'Object Repository/WebOffice_Home_page/a_Most Popular' is clicked on

2020-04-27 15:04:32 - [MESSAGE][PASSED] - Object: 'Object Repository/WebOffice_Home_page/a_Most Popular' is clicked on

2020-04-27 15:04:32 - [MESSAGE][PASSED] - Call Test Case 'Test Cases/Reusable_Test_Sequences/Web_Office/Navigation/Sub_Menu_Navigation/Reports/Most_Popular' successfully

2020-04-27 15:04:32 - [TEST_STEP][PASSED] - "--------------------------------------": null

2020-04-27 15:04:32 - [TEST_STEP][PASSED] - " Verify Returned Page Detail          |": null

2020-04-27 15:04:32 - [TEST_STEP][PASSED] - callTestCase(findTestCase("Reusable_Test_Sequences/Web_Office/Verification/Reports/Most_Popular"), [:], OPTIONAL): Call Test Case 'Test Cases/Reusable_Test_Sequences/Web_Office/Verification/Reports/Most_Popular' successfully

2020-04-27 15:04:32 - [TEST_CASE][PASSED] - Test Cases/Reusable_Test_Sequences/Web_Office/Verification/Reports/Most_Popular: Test Cases/Reusable_Test_Sequences/Web_Office/Verification/Reports/Most_Popular

2020-04-27 15:04:33 - [TEST_STEP][PASSED] - waitForPageLoad(120): Wait for page load successfully

2020-04-27 15:04:33 - [MESSAGE][PASSED] - Wait for page load successfully

2020-04-27 15:04:33 - [TEST_STEP][PASSED] - delay(1): Delayed 1 second(s)

2020-04-27 15:04:34 - [MESSAGE][PASSED] - Delayed 1 second(s)

2020-04-27 15:04:34 - [TEST_STEP][PASSED] - verifyTextPresent("Consumer Searches", false): Text 'Consumer Searches' is present on page 

2020-04-27 15:04:34 - [MESSAGE][PASSED] - Text 'Consumer Searches' is present on page 

2020-04-27 15:04:34 - [TEST_STEP][PASSED] - "----------------------------------------------": null

2020-04-27 15:04:34 - [TEST_STEP][PASSED] - verifyTextPresent("Most Popular Searches", false): Text 'Most Popular Searches' is present on page 

2020-04-27 15:04:34 - [MESSAGE][PASSED] - Text 'Most Popular Searches' is present on page 

2020-04-27 15:04:34 - [TEST_STEP][PASSED] - "----------------------------------------------": null

2020-04-27 15:04:34 - [TEST_STEP][PASSED] - verifyTextPresent("From", false): Text 'From' is present on page 

2020-04-27 15:04:34 - [MESSAGE][PASSED] - Text 'From' is present on page 

2020-04-27 15:04:34 - [TEST_STEP][PASSED] - verifyTextPresent("To", false): Text 'To' is present on page 

2020-04-27 15:04:34 - [MESSAGE][PASSED] - Text 'To' is present on page 

2020-04-27 15:04:34 - [MESSAGE][PASSED] - Call Test Case 'Test Cases/Reusable_Test_Sequences/Web_Office/Verification/Reports/Most_Popular' successfully

2020-04-27 15:04:34 - [TEST_STEP][PASSED] - "--------------------------": null

2020-04-27 15:04:34 - [TEST_STEP][PASSED] - " Teardown - CLose Browser |": null

2020-04-27 15:04:34 - [TEST_STEP][PASSED] - callTestCase(findTestCase("Reusable_Test_Sequences/CAT_Teardown"), [:], OPTIONAL): Call Test Case 'Test Cases/Reusable_Test_Sequences/CAT_Teardown' successfully

2020-04-27 15:04:34 - [TEST_CASE][PASSED] - Test Cases/Reusable_Test_Sequences/CAT_Teardown: Test Cases/Reusable_Test_Sequences/CAT_Teardown

2020-04-27 15:04:34 - [TEST_STEP][PASSED] - closeBrowser(): Browser is closed

2020-04-27 15:04:35 - [MESSAGE][PASSED] - Browser is closed

2020-04-27 15:04:35 - [TEST_STEP][PASSED] - super.finalize(): null

2020-04-27 15:04:35 - [TEST_STEP][PASSED] - System.gc(): null

2020-04-27 15:04:35 - [MESSAGE][PASSED] - Call Test Case 'Test Cases/Reusable_Test_Sequences/CAT_Teardown' successfully]]></system-out>
         <system-err><![CDATA[]]></system-err>
      </testcase>
      <testcase name="Test Cases/Web_Office/Reports/By_Category_and_Location" time="23.959" classname="Test Cases/Web_Office/Reports/By_Category_and_Location" status="PASSED">
         <system-out><![CDATA[2020-04-27 15:04:35 - [TEST_CASE][PASSED] - Test Cases/Web_Office/Reports/By_Category_and_Location: Test Cases/Web_Office/Reports/By_Category_and_Location

2020-04-27 15:04:35 - [TEST_STEP][PASSED] - "--------------------------------------": null

2020-04-27 15:04:35 - [TEST_STEP][PASSED] - " Web Office StartUp                  |": null

2020-04-27 15:04:35 - [TEST_STEP][PASSED] - callTestCase(findTestCase("Reusable_Test_Sequences/Web_Office/Directives/WebOffice_StartUp"), [:], STOP_ON_FAILURE): Call Test Case 'Test Cases/Reusable_Test_Sequences/Web_Office/Directives/WebOffice_StartUp' successfully

2020-04-27 15:04:35 - [TEST_CASE][PASSED] - Test Cases/Reusable_Test_Sequences/Web_Office/Directives/WebOffice_StartUp: Test Cases/Reusable_Test_Sequences/Web_Office/Directives/WebOffice_StartUp

2020-04-27 15:04:35 - [TEST_STEP][PASSED] - "-----------------------------------------------------------------------------": null

2020-04-27 15:04:35 - [TEST_STEP][PASSED] - if (URL == "https://www.dev.checkatrade.com/"): null

2020-04-27 15:04:35 - [TEST_STEP][PASSED] - "-----------------------------------------------------------------------------": null

2020-04-27 15:04:35 - [TEST_STEP][PASSED] - if (URL == "https://www.checkatrade.com/"): null

2020-04-27 15:04:35 - [TEST_STEP][PASSED] - "-----------------------------------------------------------------------------": null

2020-04-27 15:04:35 - [TEST_STEP][PASSED] - if (URL == "https://www.preview.checkatrade.com/"): null

2020-04-27 15:04:35 - [TEST_STEP][PASSED] - WebOfficeURL = "https://admin.preview.checkatrade.com/": null

2020-04-27 15:04:35 - [TEST_STEP][PASSED] - if (URL == "https://www.dev2.checkatrade.com/"): null

2020-04-27 15:04:35 - [TEST_STEP][PASSED] - "Set Function Area for "URL_Handler", URL Resolution": null

2020-04-27 15:04:35 - [TEST_STEP][PASSED] - "Do Some Magic with URL(s) See the comments within URL Handler ": null

2020-04-27 15:04:35 - [TEST_STEP][PASSED] - "------------------------------------------------": null

2020-04-27 15:04:35 - [TEST_STEP][PASSED] - "Moved Login Credentials to <Default> profile 22/01/2020": null

2020-04-27 15:04:35 - [TEST_STEP][PASSED] - "------------------------------------------------": null

2020-04-27 15:04:35 - [TEST_STEP][PASSED] - "WebOfficeURL - Set from the ENVIRONMENT PROFILE ": null

2020-04-27 15:04:35 - [TEST_STEP][PASSED] - "OPEN BROWSER": null

2020-04-27 15:04:35 - [TEST_STEP][PASSED] - "eg - https://admin.preview.checkatrade.com/  ": null

2020-04-27 15:04:35 - [TEST_STEP][PASSED] - openBrowser(WebOfficeURL): Browser is opened with url: 'https://admin.preview.checkatrade.com/'

2020-04-27 15:04:35 - [MESSAGE][INFO] - Starting 'Chrome' driver

2020-04-27 15:04:35 - [MESSAGE][INFO] - Action delay is set to 0 milliseconds

2020-04-27 15:04:40 - [MESSAGE][PASSED] - Browser is opened with url: 'https://admin.preview.checkatrade.com/'

2020-04-27 15:04:40 - [TEST_STEP][PASSED] - maximizeWindow(): Current window maximized

2020-04-27 15:04:42 - [MESSAGE][PASSED] - Current window maximized

2020-04-27 15:04:42 - [TEST_STEP][PASSED] - waitForElementClickable(findTestObject("Object Repository/WebOffice/Page_Checkatrade - Administration - Login/Login_Button"), 25): Object 'Object Repository/WebOffice/Page_Checkatrade - Administration - Login/Login_Button' is clickable

2020-04-27 15:04:42 - [MESSAGE][PASSED] - Object 'Object Repository/WebOffice/Page_Checkatrade - Administration - Login/Login_Button' is clickable

2020-04-27 15:04:42 - [TEST_STEP][PASSED] - verifyTextPresent("Checkatrade Web Office", false): Text 'Checkatrade Web Office' is present on page 

2020-04-27 15:04:43 - [MESSAGE][PASSED] - Text 'Checkatrade Web Office' is present on page 

2020-04-27 15:04:43 - [TEST_STEP][PASSED] - verifyTextPresent("Access for staff use only", false): Text 'Access for staff use only' is present on page 

2020-04-27 15:04:43 - [MESSAGE][PASSED] - Text 'Access for staff use only' is present on page 

2020-04-27 15:04:43 - [TEST_STEP][PASSED] - verifyTextPresent("Forgotten password?", false): Text 'Forgotten password?' is present on page 

2020-04-27 15:04:43 - [MESSAGE][PASSED] - Text 'Forgotten password?' is present on page 

2020-04-27 15:04:43 - [TEST_STEP][PASSED] - setText(findTestObject("Object Repository/WebOffice/Page_Checkatrade - Administration - Login/input_Username_LoginControlUserName"), wo_Username): Text 'DavidHo' is set on object 'Object Repository/WebOffice/Page_Checkatrade - Administration - Login/input_Username_LoginControlUserName'

2020-04-27 15:04:43 - [MESSAGE][PASSED] - Text 'DavidHo' is set on object 'Object Repository/WebOffice/Page_Checkatrade - Administration - Login/input_Username_LoginControlUserName'

2020-04-27 15:04:43 - [TEST_STEP][PASSED] - setText(findTestObject("Object Repository/WebOffice/Page_Checkatrade - Administration - Login/input_Password_LoginControlPassword"), wo_Password): Text 'Check123' is set on object 'Object Repository/WebOffice/Page_Checkatrade - Administration - Login/input_Password_LoginControlPassword'

2020-04-27 15:04:43 - [MESSAGE][PASSED] - Text 'Check123' is set on object 'Object Repository/WebOffice/Page_Checkatrade - Administration - Login/input_Password_LoginControlPassword'

2020-04-27 15:04:43 - [TEST_STEP][PASSED] - click(findTestObject("Object Repository/WebOffice/Page_Checkatrade - Administration - Login/Login_Button")): Object: 'Object Repository/WebOffice/Page_Checkatrade - Administration - Login/Login_Button' is clicked on

2020-04-27 15:04:44 - [MESSAGE][PASSED] - Object: 'Object Repository/WebOffice/Page_Checkatrade - Administration - Login/Login_Button' is clicked on

2020-04-27 15:04:44 - [TEST_STEP][PASSED] - waitForPageLoad(60): Wait for page load successfully

2020-04-27 15:04:44 - [MESSAGE][PASSED] - Wait for page load successfully

2020-04-27 15:04:44 - [TEST_STEP][PASSED] - verifyTextPresent("Welcome " + wo_Username, false): Text 'Welcome DavidHo' is present on page 

2020-04-27 15:04:44 - [MESSAGE][PASSED] - Text 'Welcome DavidHo' is present on page 

2020-04-27 15:04:44 - [MESSAGE][PASSED] - Call Test Case 'Test Cases/Reusable_Test_Sequences/Web_Office/Directives/WebOffice_StartUp' successfully

2020-04-27 15:04:44 - [TEST_STEP][PASSED] - "-----------------------------------------------------------------": null

2020-04-27 15:04:44 - [TEST_STEP][PASSED] - " Navigate to <Settings->Checkatrade.Com->Sub Item> Menu Item     |": null

2020-04-27 15:04:44 - [TEST_STEP][PASSED] - callTestCase(findTestCase("Reusable_Test_Sequences/Web_Office/Navigation/Sub_Menu_Navigation/Reports/By_Category_and_Location"), [:], STOP_ON_FAILURE): Call Test Case 'Test Cases/Reusable_Test_Sequences/Web_Office/Navigation/Sub_Menu_Navigation/Reports/By_Category_and_Location' successfully

2020-04-27 15:04:44 - [TEST_CASE][PASSED] - Test Cases/Reusable_Test_Sequences/Web_Office/Navigation/Sub_Menu_Navigation/Reports/By_Category_and_Location: Test Cases/Reusable_Test_Sequences/Web_Office/Navigation/Sub_Menu_Navigation/Reports/By_Category_and_Location

2020-04-27 15:04:45 - [TEST_STEP][PASSED] - "--------------------------------------": null

2020-04-27 15:04:45 - [TEST_STEP][PASSED] - " Navigate Top level menu Item         |": null

2020-04-27 15:04:45 - [TEST_STEP][PASSED] - waitForPageLoad(60): Wait for page load successfully

2020-04-27 15:04:45 - [MESSAGE][PASSED] - Wait for page load successfully

2020-04-27 15:04:45 - [TEST_STEP][PASSED] - waitForElementClickable(findTestObject("Object Repository/WebOffice_Home_page/a_Reports"), 60): Object 'Object Repository/WebOffice_Home_page/a_Reports' is clickable

2020-04-27 15:04:45 - [MESSAGE][PASSED] - Object 'Object Repository/WebOffice_Home_page/a_Reports' is clickable

2020-04-27 15:04:45 - [TEST_STEP][PASSED] - mouseOver(findTestObject("Object Repository/WebOffice_Home_page/a_Reports")): Object: 'Object Repository/WebOffice_Home_page/a_Reports' is hovered

2020-04-27 15:04:45 - [MESSAGE][PASSED] - Object: 'Object Repository/WebOffice_Home_page/a_Reports' is hovered

2020-04-27 15:04:45 - [TEST_STEP][PASSED] - mouseOver(findTestObject("Object Repository/WebOffice_Home_page/Page_/a_Consumers")): Object: 'Object Repository/WebOffice_Home_page/Page_/a_Consumers' is hovered

2020-04-27 15:04:46 - [MESSAGE][PASSED] - Object: 'Object Repository/WebOffice_Home_page/Page_/a_Consumers' is hovered

2020-04-27 15:04:46 - [TEST_STEP][PASSED] - mouseOver(findTestObject("Object Repository/WebOffice_Home_page/Page_/a_Consumer Searches")): Object: 'Object Repository/WebOffice_Home_page/Page_/a_Consumer Searches' is hovered

2020-04-27 15:04:46 - [MESSAGE][PASSED] - Object: 'Object Repository/WebOffice_Home_page/Page_/a_Consumer Searches' is hovered

2020-04-27 15:04:46 - [TEST_STEP][PASSED] - waitForPageLoad(5): Wait for page load successfully

2020-04-27 15:04:46 - [MESSAGE][PASSED] - Wait for page load successfully

2020-04-27 15:04:46 - [TEST_STEP][PASSED] - waitForElementClickable(findTestObject("Object Repository/WebOffice_Home_page/a_By Category and Location"), 5): Object 'Object Repository/WebOffice_Home_page/a_By Category and Location' is clickable

2020-04-27 15:04:46 - [MESSAGE][PASSED] - Object 'Object Repository/WebOffice_Home_page/a_By Category and Location' is clickable

2020-04-27 15:04:46 - [TEST_STEP][PASSED] - click(findTestObject("Object Repository/WebOffice_Home_page/a_By Category and Location")): Object: 'Object Repository/WebOffice_Home_page/a_By Category and Location' is clicked on

2020-04-27 15:04:48 - [MESSAGE][PASSED] - Object: 'Object Repository/WebOffice_Home_page/a_By Category and Location' is clicked on

2020-04-27 15:04:48 - [MESSAGE][PASSED] - Call Test Case 'Test Cases/Reusable_Test_Sequences/Web_Office/Navigation/Sub_Menu_Navigation/Reports/By_Category_and_Location' successfully

2020-04-27 15:04:48 - [TEST_STEP][PASSED] - "--------------------------------------": null

2020-04-27 15:04:48 - [TEST_STEP][PASSED] - " Verify Returned Page Detail          |": null

2020-04-27 15:04:48 - [TEST_STEP][PASSED] - callTestCase(findTestCase("Reusable_Test_Sequences/Web_Office/Verification/Reports/By_Category_and_Location"), [:], OPTIONAL): Call Test Case 'Test Cases/Reusable_Test_Sequences/Web_Office/Verification/Reports/By_Category_and_Location' successfully

2020-04-27 15:04:48 - [TEST_CASE][PASSED] - Test Cases/Reusable_Test_Sequences/Web_Office/Verification/Reports/By_Category_and_Location: Test Cases/Reusable_Test_Sequences/Web_Office/Verification/Reports/By_Category_and_Location

2020-04-27 15:04:48 - [TEST_STEP][PASSED] - waitForPageLoad(120): Wait for page load successfully

2020-04-27 15:04:48 - [MESSAGE][PASSED] - Wait for page load successfully

2020-04-27 15:04:48 - [TEST_STEP][PASSED] - delay(1): Delayed 1 second(s)

2020-04-27 15:04:49 - [MESSAGE][PASSED] - Delayed 1 second(s)

2020-04-27 15:04:49 - [TEST_STEP][PASSED] - verifyTextPresent("Searches by Location and Category", false): Text 'Searches by Location and Category' is present on page 

2020-04-27 15:04:50 - [MESSAGE][PASSED] - Text 'Searches by Location and Category' is present on page 

2020-04-27 15:04:50 - [TEST_STEP][PASSED] - "----------------------------------------------": null

2020-04-27 15:04:50 - [TEST_STEP][PASSED] - verifyTextPresent("County", false): Text 'County' is present on page 

2020-04-27 15:04:51 - [MESSAGE][PASSED] - Text 'County' is present on page 

2020-04-27 15:04:51 - [TEST_STEP][PASSED] - verifyTextPresent("Town", false): Text 'Town' is present on page 

2020-04-27 15:04:52 - [MESSAGE][PASSED] - Text 'Town' is present on page 

2020-04-27 15:04:52 - [TEST_STEP][PASSED] - verifyTextPresent("By Postcode", false): Text 'By Postcode' is present on page 

2020-04-27 15:04:53 - [MESSAGE][PASSED] - Text 'By Postcode' is present on page 

2020-04-27 15:04:53 - [TEST_STEP][PASSED] - verifyTextPresent("Select Categories", false): Text 'Select Categories' is present on page 

2020-04-27 15:04:54 - [MESSAGE][PASSED] - Text 'Select Categories' is present on page 

2020-04-27 15:04:54 - [TEST_STEP][PASSED] - "----------------------------------------------": null

2020-04-27 15:04:54 - [TEST_STEP][PASSED] - "----------------------------------------------": null

2020-04-27 15:04:54 - [TEST_STEP][PASSED] - verifyTextPresent("Angus", false): Text 'Angus' is present on page 

2020-04-27 15:04:54 - [MESSAGE][PASSED] - Text 'Angus' is present on page 

2020-04-27 15:04:54 - [TEST_STEP][PASSED] - verifyTextPresent("Berkshire", false): Text 'Berkshire' is present on page 

2020-04-27 15:04:55 - [MESSAGE][PASSED] - Text 'Berkshire' is present on page 

2020-04-27 15:04:55 - [TEST_STEP][PASSED] - verifyTextPresent("Avon", false): Text 'Avon' is present on page 

2020-04-27 15:04:55 - [MESSAGE][PASSED] - Text 'Avon' is present on page 

2020-04-27 15:04:55 - [TEST_STEP][PASSED] - verifyTextPresent("Air Conditioning", false): Text 'Air Conditioning' is present on page 

2020-04-27 15:04:56 - [MESSAGE][PASSED] - Text 'Air Conditioning' is present on page 

2020-04-27 15:04:56 - [TEST_STEP][PASSED] - verifyTextPresent("Alarms/Security", false): Text 'Alarms/Security' is present on page 

2020-04-27 15:04:56 - [MESSAGE][PASSED] - Text 'Alarms/Security' is present on page 

2020-04-27 15:04:56 - [TEST_STEP][PASSED] - verifyTextPresent("CCTV", false): Text 'CCTV' is present on page 

2020-04-27 15:04:57 - [MESSAGE][PASSED] - Text 'CCTV' is present on page 

2020-04-27 15:04:57 - [TEST_STEP][PASSED] - verifyTextPresent("Fire", false): Text 'Fire' is present on page 

2020-04-27 15:04:57 - [MESSAGE][PASSED] - Text 'Fire' is present on page 

2020-04-27 15:04:57 - [TEST_STEP][PASSED] - verifyTextPresent("Alarms", false): Text 'Alarms' is present on page 

2020-04-27 15:04:57 - [MESSAGE][PASSED] - Text 'Alarms' is present on page 

2020-04-27 15:04:57 - [TEST_STEP][PASSED] - verifyTextPresent("Extinguishers", false): Text 'Extinguishers' is present on page 

2020-04-27 15:04:58 - [MESSAGE][PASSED] - Text 'Extinguishers' is present on page 

2020-04-27 15:04:58 - [MESSAGE][PASSED] - Call Test Case 'Test Cases/Reusable_Test_Sequences/Web_Office/Verification/Reports/By_Category_and_Location' successfully

2020-04-27 15:04:58 - [TEST_STEP][PASSED] - "--------------------------": null

2020-04-27 15:04:58 - [TEST_STEP][PASSED] - " Teardown - CLose Browser |": null

2020-04-27 15:04:58 - [TEST_STEP][PASSED] - callTestCase(findTestCase("Reusable_Test_Sequences/CAT_Teardown"), [:], OPTIONAL): Call Test Case 'Test Cases/Reusable_Test_Sequences/CAT_Teardown' successfully

2020-04-27 15:04:58 - [TEST_CASE][PASSED] - Test Cases/Reusable_Test_Sequences/CAT_Teardown: Test Cases/Reusable_Test_Sequences/CAT_Teardown

2020-04-27 15:04:58 - [TEST_STEP][PASSED] - closeBrowser(): Browser is closed

2020-04-27 15:04:59 - [MESSAGE][PASSED] - Browser is closed

2020-04-27 15:04:59 - [TEST_STEP][PASSED] - super.finalize(): null

2020-04-27 15:04:59 - [TEST_STEP][PASSED] - System.gc(): null

2020-04-27 15:04:59 - [MESSAGE][PASSED] - Call Test Case 'Test Cases/Reusable_Test_Sequences/CAT_Teardown' successfully]]></system-out>
         <system-err><![CDATA[]]></system-err>
      </testcase>
      <testcase name="Test Cases/Web_Office/Reports/By_Category" time="20.961" classname="Test Cases/Web_Office/Reports/By_Category" status="PASSED">
         <system-out><![CDATA[2020-04-27 15:04:59 - [TEST_CASE][PASSED] - Test Cases/Web_Office/Reports/By_Category: Test Cases/Web_Office/Reports/By_Category

2020-04-27 15:04:59 - [TEST_STEP][PASSED] - "--------------------------------------": null

2020-04-27 15:04:59 - [TEST_STEP][PASSED] - " Web Office StartUp                  |": null

2020-04-27 15:04:59 - [TEST_STEP][PASSED] - callTestCase(findTestCase("Reusable_Test_Sequences/Web_Office/Directives/WebOffice_StartUp"), [:], STOP_ON_FAILURE): Call Test Case 'Test Cases/Reusable_Test_Sequences/Web_Office/Directives/WebOffice_StartUp' successfully

2020-04-27 15:04:59 - [TEST_CASE][PASSED] - Test Cases/Reusable_Test_Sequences/Web_Office/Directives/WebOffice_StartUp: Test Cases/Reusable_Test_Sequences/Web_Office/Directives/WebOffice_StartUp

2020-04-27 15:04:59 - [TEST_STEP][PASSED] - "-----------------------------------------------------------------------------": null

2020-04-27 15:04:59 - [TEST_STEP][PASSED] - if (URL == "https://www.dev.checkatrade.com/"): null

2020-04-27 15:04:59 - [TEST_STEP][PASSED] - "-----------------------------------------------------------------------------": null

2020-04-27 15:04:59 - [TEST_STEP][PASSED] - if (URL == "https://www.checkatrade.com/"): null

2020-04-27 15:04:59 - [TEST_STEP][PASSED] - "-----------------------------------------------------------------------------": null

2020-04-27 15:04:59 - [TEST_STEP][PASSED] - if (URL == "https://www.preview.checkatrade.com/"): null

2020-04-27 15:04:59 - [TEST_STEP][PASSED] - WebOfficeURL = "https://admin.preview.checkatrade.com/": null

2020-04-27 15:04:59 - [TEST_STEP][PASSED] - if (URL == "https://www.dev2.checkatrade.com/"): null

2020-04-27 15:04:59 - [TEST_STEP][PASSED] - "Set Function Area for "URL_Handler", URL Resolution": null

2020-04-27 15:04:59 - [TEST_STEP][PASSED] - "Do Some Magic with URL(s) See the comments within URL Handler ": null

2020-04-27 15:04:59 - [TEST_STEP][PASSED] - "------------------------------------------------": null

2020-04-27 15:04:59 - [TEST_STEP][PASSED] - "Moved Login Credentials to <Default> profile 22/01/2020": null

2020-04-27 15:04:59 - [TEST_STEP][PASSED] - "------------------------------------------------": null

2020-04-27 15:04:59 - [TEST_STEP][PASSED] - "WebOfficeURL - Set from the ENVIRONMENT PROFILE ": null

2020-04-27 15:04:59 - [TEST_STEP][PASSED] - "OPEN BROWSER": null

2020-04-27 15:04:59 - [TEST_STEP][PASSED] - "eg - https://admin.preview.checkatrade.com/  ": null

2020-04-27 15:04:59 - [TEST_STEP][PASSED] - openBrowser(WebOfficeURL): Browser is opened with url: 'https://admin.preview.checkatrade.com/'

2020-04-27 15:04:59 - [MESSAGE][INFO] - Starting 'Chrome' driver

2020-04-27 15:04:59 - [MESSAGE][INFO] - Action delay is set to 0 milliseconds

2020-04-27 15:05:04 - [MESSAGE][PASSED] - Browser is opened with url: 'https://admin.preview.checkatrade.com/'

2020-04-27 15:05:04 - [TEST_STEP][PASSED] - maximizeWindow(): Current window maximized

2020-04-27 15:05:07 - [MESSAGE][PASSED] - Current window maximized

2020-04-27 15:05:07 - [TEST_STEP][PASSED] - waitForElementClickable(findTestObject("Object Repository/WebOffice/Page_Checkatrade - Administration - Login/Login_Button"), 25): Object 'Object Repository/WebOffice/Page_Checkatrade - Administration - Login/Login_Button' is clickable

2020-04-27 15:05:07 - [MESSAGE][PASSED] - Object 'Object Repository/WebOffice/Page_Checkatrade - Administration - Login/Login_Button' is clickable

2020-04-27 15:05:07 - [TEST_STEP][PASSED] - verifyTextPresent("Checkatrade Web Office", false): Text 'Checkatrade Web Office' is present on page 

2020-04-27 15:05:07 - [MESSAGE][PASSED] - Text 'Checkatrade Web Office' is present on page 

2020-04-27 15:05:07 - [TEST_STEP][PASSED] - verifyTextPresent("Access for staff use only", false): Text 'Access for staff use only' is present on page 

2020-04-27 15:05:07 - [MESSAGE][PASSED] - Text 'Access for staff use only' is present on page 

2020-04-27 15:05:07 - [TEST_STEP][PASSED] - verifyTextPresent("Forgotten password?", false): Text 'Forgotten password?' is present on page 

2020-04-27 15:05:07 - [MESSAGE][PASSED] - Text 'Forgotten password?' is present on page 

2020-04-27 15:05:07 - [TEST_STEP][PASSED] - setText(findTestObject("Object Repository/WebOffice/Page_Checkatrade - Administration - Login/input_Username_LoginControlUserName"), wo_Username): Text 'DavidHo' is set on object 'Object Repository/WebOffice/Page_Checkatrade - Administration - Login/input_Username_LoginControlUserName'

2020-04-27 15:05:07 - [MESSAGE][PASSED] - Text 'DavidHo' is set on object 'Object Repository/WebOffice/Page_Checkatrade - Administration - Login/input_Username_LoginControlUserName'

2020-04-27 15:05:07 - [TEST_STEP][PASSED] - setText(findTestObject("Object Repository/WebOffice/Page_Checkatrade - Administration - Login/input_Password_LoginControlPassword"), wo_Password): Text 'Check123' is set on object 'Object Repository/WebOffice/Page_Checkatrade - Administration - Login/input_Password_LoginControlPassword'

2020-04-27 15:05:07 - [MESSAGE][PASSED] - Text 'Check123' is set on object 'Object Repository/WebOffice/Page_Checkatrade - Administration - Login/input_Password_LoginControlPassword'

2020-04-27 15:05:07 - [TEST_STEP][PASSED] - click(findTestObject("Object Repository/WebOffice/Page_Checkatrade - Administration - Login/Login_Button")): Object: 'Object Repository/WebOffice/Page_Checkatrade - Administration - Login/Login_Button' is clicked on

2020-04-27 15:05:10 - [MESSAGE][PASSED] - Object: 'Object Repository/WebOffice/Page_Checkatrade - Administration - Login/Login_Button' is clicked on

2020-04-27 15:05:10 - [TEST_STEP][PASSED] - waitForPageLoad(60): Wait for page load successfully

2020-04-27 15:05:10 - [MESSAGE][PASSED] - Wait for page load successfully

2020-04-27 15:05:10 - [TEST_STEP][PASSED] - verifyTextPresent("Welcome " + wo_Username, false): Text 'Welcome DavidHo' is present on page 

2020-04-27 15:05:10 - [MESSAGE][PASSED] - Text 'Welcome DavidHo' is present on page 

2020-04-27 15:05:10 - [MESSAGE][PASSED] - Call Test Case 'Test Cases/Reusable_Test_Sequences/Web_Office/Directives/WebOffice_StartUp' successfully

2020-04-27 15:05:10 - [TEST_STEP][PASSED] - "-----------------------------------------------------------------": null

2020-04-27 15:05:10 - [TEST_STEP][PASSED] - " Navigate to <Settings->Checkatrade.Com->Sub Item> Menu Item     |": null

2020-04-27 15:05:10 - [TEST_STEP][PASSED] - callTestCase(findTestCase("Reusable_Test_Sequences/Web_Office/Navigation/Sub_Menu_Navigation/Reports/By_Category"), [:], STOP_ON_FAILURE): Call Test Case 'Test Cases/Reusable_Test_Sequences/Web_Office/Navigation/Sub_Menu_Navigation/Reports/By_Category' successfully

2020-04-27 15:05:10 - [TEST_CASE][PASSED] - Test Cases/Reusable_Test_Sequences/Web_Office/Navigation/Sub_Menu_Navigation/Reports/By_Category: Test Cases/Reusable_Test_Sequences/Web_Office/Navigation/Sub_Menu_Navigation/Reports/By_Category

2020-04-27 15:05:10 - [TEST_STEP][PASSED] - "--------------------------------------": null

2020-04-27 15:05:10 - [TEST_STEP][PASSED] - " Navigate Top level menu Item         |": null

2020-04-27 15:05:10 - [TEST_STEP][PASSED] - waitForPageLoad(60): Wait for page load successfully

2020-04-27 15:05:10 - [MESSAGE][PASSED] - Wait for page load successfully

2020-04-27 15:05:10 - [TEST_STEP][PASSED] - waitForElementClickable(findTestObject("Object Repository/WebOffice_Home_page/a_Reports"), 60): Object 'Object Repository/WebOffice_Home_page/a_Reports' is clickable

2020-04-27 15:05:10 - [MESSAGE][PASSED] - Object 'Object Repository/WebOffice_Home_page/a_Reports' is clickable

2020-04-27 15:05:10 - [TEST_STEP][PASSED] - mouseOver(findTestObject("Object Repository/WebOffice_Home_page/a_Reports")): Object: 'Object Repository/WebOffice_Home_page/a_Reports' is hovered

2020-04-27 15:05:11 - [MESSAGE][PASSED] - Object: 'Object Repository/WebOffice_Home_page/a_Reports' is hovered

2020-04-27 15:05:11 - [TEST_STEP][PASSED] - mouseOver(findTestObject("Object Repository/WebOffice_Home_page/Page_/a_Consumers")): Object: 'Object Repository/WebOffice_Home_page/Page_/a_Consumers' is hovered

2020-04-27 15:05:11 - [MESSAGE][PASSED] - Object: 'Object Repository/WebOffice_Home_page/Page_/a_Consumers' is hovered

2020-04-27 15:05:11 - [TEST_STEP][PASSED] - mouseOver(findTestObject("Object Repository/WebOffice_Home_page/Page_/a_Consumer Searches")): Object: 'Object Repository/WebOffice_Home_page/Page_/a_Consumer Searches' is hovered

2020-04-27 15:05:12 - [MESSAGE][PASSED] - Object: 'Object Repository/WebOffice_Home_page/Page_/a_Consumer Searches' is hovered

2020-04-27 15:05:12 - [TEST_STEP][PASSED] - waitForPageLoad(5): Wait for page load successfully

2020-04-27 15:05:12 - [MESSAGE][PASSED] - Wait for page load successfully

2020-04-27 15:05:12 - [TEST_STEP][PASSED] - waitForElementClickable(findTestObject("Object Repository/WebOffice_Home_page/a_By Category"), 5): Object 'Object Repository/WebOffice_Home_page/a_By Category' is clickable

2020-04-27 15:05:12 - [MESSAGE][PASSED] - Object 'Object Repository/WebOffice_Home_page/a_By Category' is clickable

2020-04-27 15:05:12 - [TEST_STEP][PASSED] - click(findTestObject("Object Repository/WebOffice_Home_page/a_By Category")): Object: 'Object Repository/WebOffice_Home_page/a_By Category' is clicked on

2020-04-27 15:05:13 - [MESSAGE][PASSED] - Object: 'Object Repository/WebOffice_Home_page/a_By Category' is clicked on

2020-04-27 15:05:13 - [MESSAGE][PASSED] - Call Test Case 'Test Cases/Reusable_Test_Sequences/Web_Office/Navigation/Sub_Menu_Navigation/Reports/By_Category' successfully

2020-04-27 15:05:13 - [TEST_STEP][PASSED] - "--------------------------------------": null

2020-04-27 15:05:13 - [TEST_STEP][PASSED] - " Verify Returned Page Detail          |": null

2020-04-27 15:05:13 - [TEST_STEP][PASSED] - callTestCase(findTestCase("Reusable_Test_Sequences/Web_Office/Verification/Reports/By_Category"), [:], OPTIONAL): Call Test Case 'Test Cases/Reusable_Test_Sequences/Web_Office/Verification/Reports/By_Category' successfully

2020-04-27 15:05:13 - [TEST_CASE][PASSED] - Test Cases/Reusable_Test_Sequences/Web_Office/Verification/Reports/By_Category: Test Cases/Reusable_Test_Sequences/Web_Office/Verification/Reports/By_Category

2020-04-27 15:05:13 - [TEST_STEP][PASSED] - waitForPageLoad(120): Wait for page load successfully

2020-04-27 15:05:13 - [MESSAGE][PASSED] - Wait for page load successfully

2020-04-27 15:05:13 - [TEST_STEP][PASSED] - delay(1): Delayed 1 second(s)

2020-04-27 15:05:14 - [MESSAGE][PASSED] - Delayed 1 second(s)

2020-04-27 15:05:14 - [TEST_STEP][PASSED] - verifyTextPresent("Consumer Searches", false): Text 'Consumer Searches' is present on page 

2020-04-27 15:05:14 - [MESSAGE][PASSED] - Text 'Consumer Searches' is present on page 

2020-04-27 15:05:14 - [TEST_STEP][PASSED] - "----------------------------------------------": null

2020-04-27 15:05:14 - [TEST_STEP][PASSED] - verifyTextPresent("From", false): Text 'From' is present on page 

2020-04-27 15:05:15 - [MESSAGE][PASSED] - Text 'From' is present on page 

2020-04-27 15:05:15 - [TEST_STEP][PASSED] - verifyTextPresent("Popular Categories", false): Text 'Popular Categories' is present on page 

2020-04-27 15:05:15 - [MESSAGE][PASSED] - Text 'Popular Categories' is present on page 

2020-04-27 15:05:15 - [TEST_STEP][PASSED] - verifyTextPresent("Search for", false): Text 'Search for' is present on page 

2020-04-27 15:05:15 - [MESSAGE][PASSED] - Text 'Search for' is present on page 

2020-04-27 15:05:15 - [TEST_STEP][PASSED] - verifyTextPresent("No. Results", false): Text 'No. Results' is present on page 

2020-04-27 15:05:15 - [MESSAGE][PASSED] - Text 'No. Results' is present on page 

2020-04-27 15:05:15 - [TEST_STEP][PASSED] - verifyTextPresent("No. Searches", false): Text 'No. Searches' is present on page 

2020-04-27 15:05:16 - [MESSAGE][PASSED] - Text 'No. Searches' is present on page 

2020-04-27 15:05:16 - [TEST_STEP][PASSED] - "----------------------------------------------": null

2020-04-27 15:05:16 - [TEST_STEP][PASSED] - verifyTextPresent("Plumber", false): Text 'Plumber' is present on page 

2020-04-27 15:05:16 - [MESSAGE][PASSED] - Text 'Plumber' is present on page 

2020-04-27 15:05:16 - [TEST_STEP][PASSED] - verifyTextPresent("Builder", false): Text 'Builder' is present on page 

2020-04-27 15:05:16 - [MESSAGE][PASSED] - Text 'Builder' is present on page 

2020-04-27 15:05:16 - [TEST_STEP][PASSED] - verifyTextPresent("Electrician", false): Text 'Electrician' is present on page 

2020-04-27 15:05:16 - [MESSAGE][PASSED] - Text 'Electrician' is present on page 

2020-04-27 15:05:16 - [TEST_STEP][PASSED] - verifyTextPresent("Roofer", false): Text 'Roofer' is present on page 

2020-04-27 15:05:16 - [MESSAGE][PASSED] - Text 'Roofer' is present on page 

2020-04-27 15:05:16 - [TEST_STEP][PASSED] - verifyTextPresent("Painter/Decorator", false): Text 'Painter/Decorator' is present on page 

2020-04-27 15:05:17 - [MESSAGE][PASSED] - Text 'Painter/Decorator' is present on page 

2020-04-27 15:05:17 - [TEST_STEP][PASSED] - verifyTextPresent("Carpenter", false): Text 'Carpenter' is present on page 

2020-04-27 15:05:17 - [MESSAGE][PASSED] - Text 'Carpenter' is present on page 

2020-04-27 15:05:17 - [TEST_STEP][PASSED] - verifyTextPresent("Plasterer", false): Text 'Plasterer' is present on page 

2020-04-27 15:05:17 - [MESSAGE][PASSED] - Text 'Plasterer' is present on page 

2020-04-27 15:05:17 - [TEST_STEP][PASSED] - verifyTextPresent("Roofing Repairs", false): Text 'Roofing Repairs' is present on page 

2020-04-27 15:05:17 - [MESSAGE][PASSED] - Text 'Roofing Repairs' is present on page 

2020-04-27 15:05:17 - [TEST_STEP][PASSED] - verifyTextPresent("Landscaper", false): Text 'Landscaper' is present on page 

2020-04-27 15:05:18 - [MESSAGE][PASSED] - Text 'Landscaper' is present on page 

2020-04-27 15:05:18 - [MESSAGE][PASSED] - Call Test Case 'Test Cases/Reusable_Test_Sequences/Web_Office/Verification/Reports/By_Category' successfully

2020-04-27 15:05:18 - [TEST_STEP][PASSED] - "--------------------------": null

2020-04-27 15:05:18 - [TEST_STEP][PASSED] - " Teardown - CLose Browser |": null

2020-04-27 15:05:18 - [TEST_STEP][PASSED] - callTestCase(findTestCase("Reusable_Test_Sequences/CAT_Teardown"), [:], OPTIONAL): Call Test Case 'Test Cases/Reusable_Test_Sequences/CAT_Teardown' successfully

2020-04-27 15:05:18 - [TEST_CASE][PASSED] - Test Cases/Reusable_Test_Sequences/CAT_Teardown: Test Cases/Reusable_Test_Sequences/CAT_Teardown

2020-04-27 15:05:18 - [TEST_STEP][PASSED] - closeBrowser(): Browser is closed

2020-04-27 15:05:20 - [MESSAGE][PASSED] - Browser is closed

2020-04-27 15:05:20 - [TEST_STEP][PASSED] - super.finalize(): null

2020-04-27 15:05:20 - [TEST_STEP][PASSED] - System.gc(): null

2020-04-27 15:05:20 - [MESSAGE][PASSED] - Call Test Case 'Test Cases/Reusable_Test_Sequences/CAT_Teardown' successfully]]></system-out>
         <system-err><![CDATA[]]></system-err>
      </testcase>
      <testcase name="Test Cases/Web_Office/Reports/By_Location" time="18.527" classname="Test Cases/Web_Office/Reports/By_Location" status="PASSED">
         <system-out><![CDATA[2020-04-27 15:05:20 - [TEST_CASE][PASSED] - Test Cases/Web_Office/Reports/By_Location: Test Cases/Web_Office/Reports/By_Location

2020-04-27 15:05:20 - [TEST_STEP][PASSED] - "--------------------------------------": null

2020-04-27 15:05:20 - [TEST_STEP][PASSED] - " Web Office StartUp                  |": null

2020-04-27 15:05:20 - [TEST_STEP][PASSED] - callTestCase(findTestCase("Reusable_Test_Sequences/Web_Office/Directives/WebOffice_StartUp"), [:], STOP_ON_FAILURE): Call Test Case 'Test Cases/Reusable_Test_Sequences/Web_Office/Directives/WebOffice_StartUp' successfully

2020-04-27 15:05:20 - [TEST_CASE][PASSED] - Test Cases/Reusable_Test_Sequences/Web_Office/Directives/WebOffice_StartUp: Test Cases/Reusable_Test_Sequences/Web_Office/Directives/WebOffice_StartUp

2020-04-27 15:05:20 - [TEST_STEP][PASSED] - "-----------------------------------------------------------------------------": null

2020-04-27 15:05:20 - [TEST_STEP][PASSED] - if (URL == "https://www.dev.checkatrade.com/"): null

2020-04-27 15:05:20 - [TEST_STEP][PASSED] - "-----------------------------------------------------------------------------": null

2020-04-27 15:05:20 - [TEST_STEP][PASSED] - if (URL == "https://www.checkatrade.com/"): null

2020-04-27 15:05:20 - [TEST_STEP][PASSED] - "-----------------------------------------------------------------------------": null

2020-04-27 15:05:20 - [TEST_STEP][PASSED] - if (URL == "https://www.preview.checkatrade.com/"): null

2020-04-27 15:05:20 - [TEST_STEP][PASSED] - WebOfficeURL = "https://admin.preview.checkatrade.com/": null

2020-04-27 15:05:20 - [TEST_STEP][PASSED] - if (URL == "https://www.dev2.checkatrade.com/"): null

2020-04-27 15:05:20 - [TEST_STEP][PASSED] - "Set Function Area for "URL_Handler", URL Resolution": null

2020-04-27 15:05:20 - [TEST_STEP][PASSED] - "Do Some Magic with URL(s) See the comments within URL Handler ": null

2020-04-27 15:05:20 - [TEST_STEP][PASSED] - "------------------------------------------------": null

2020-04-27 15:05:20 - [TEST_STEP][PASSED] - "Moved Login Credentials to <Default> profile 22/01/2020": null

2020-04-27 15:05:20 - [TEST_STEP][PASSED] - "------------------------------------------------": null

2020-04-27 15:05:20 - [TEST_STEP][PASSED] - "WebOfficeURL - Set from the ENVIRONMENT PROFILE ": null

2020-04-27 15:05:20 - [TEST_STEP][PASSED] - "OPEN BROWSER": null

2020-04-27 15:05:20 - [TEST_STEP][PASSED] - "eg - https://admin.preview.checkatrade.com/  ": null

2020-04-27 15:05:20 - [TEST_STEP][PASSED] - openBrowser(WebOfficeURL): Browser is opened with url: 'https://admin.preview.checkatrade.com/'

2020-04-27 15:05:20 - [MESSAGE][INFO] - Starting 'Chrome' driver

2020-04-27 15:05:20 - [MESSAGE][INFO] - Action delay is set to 0 milliseconds

2020-04-27 15:05:25 - [MESSAGE][PASSED] - Browser is opened with url: 'https://admin.preview.checkatrade.com/'

2020-04-27 15:05:25 - [TEST_STEP][PASSED] - maximizeWindow(): Current window maximized

2020-04-27 15:05:28 - [MESSAGE][PASSED] - Current window maximized

2020-04-27 15:05:28 - [TEST_STEP][PASSED] - waitForElementClickable(findTestObject("Object Repository/WebOffice/Page_Checkatrade - Administration - Login/Login_Button"), 25): Object 'Object Repository/WebOffice/Page_Checkatrade - Administration - Login/Login_Button' is clickable

2020-04-27 15:05:28 - [MESSAGE][PASSED] - Object 'Object Repository/WebOffice/Page_Checkatrade - Administration - Login/Login_Button' is clickable

2020-04-27 15:05:28 - [TEST_STEP][PASSED] - verifyTextPresent("Checkatrade Web Office", false): Text 'Checkatrade Web Office' is present on page 

2020-04-27 15:05:28 - [MESSAGE][PASSED] - Text 'Checkatrade Web Office' is present on page 

2020-04-27 15:05:28 - [TEST_STEP][PASSED] - verifyTextPresent("Access for staff use only", false): Text 'Access for staff use only' is present on page 

2020-04-27 15:05:28 - [MESSAGE][PASSED] - Text 'Access for staff use only' is present on page 

2020-04-27 15:05:28 - [TEST_STEP][PASSED] - verifyTextPresent("Forgotten password?", false): Text 'Forgotten password?' is present on page 

2020-04-27 15:05:28 - [MESSAGE][PASSED] - Text 'Forgotten password?' is present on page 

2020-04-27 15:05:28 - [TEST_STEP][PASSED] - setText(findTestObject("Object Repository/WebOffice/Page_Checkatrade - Administration - Login/input_Username_LoginControlUserName"), wo_Username): Text 'DavidHo' is set on object 'Object Repository/WebOffice/Page_Checkatrade - Administration - Login/input_Username_LoginControlUserName'

2020-04-27 15:05:28 - [MESSAGE][PASSED] - Text 'DavidHo' is set on object 'Object Repository/WebOffice/Page_Checkatrade - Administration - Login/input_Username_LoginControlUserName'

2020-04-27 15:05:28 - [TEST_STEP][PASSED] - setText(findTestObject("Object Repository/WebOffice/Page_Checkatrade - Administration - Login/input_Password_LoginControlPassword"), wo_Password): Text 'Check123' is set on object 'Object Repository/WebOffice/Page_Checkatrade - Administration - Login/input_Password_LoginControlPassword'

2020-04-27 15:05:29 - [MESSAGE][PASSED] - Text 'Check123' is set on object 'Object Repository/WebOffice/Page_Checkatrade - Administration - Login/input_Password_LoginControlPassword'

2020-04-27 15:05:29 - [TEST_STEP][PASSED] - click(findTestObject("Object Repository/WebOffice/Page_Checkatrade - Administration - Login/Login_Button")): Object: 'Object Repository/WebOffice/Page_Checkatrade - Administration - Login/Login_Button' is clicked on

2020-04-27 15:05:30 - [MESSAGE][PASSED] - Object: 'Object Repository/WebOffice/Page_Checkatrade - Administration - Login/Login_Button' is clicked on

2020-04-27 15:05:30 - [TEST_STEP][PASSED] - waitForPageLoad(60): Wait for page load successfully

2020-04-27 15:05:30 - [MESSAGE][PASSED] - Wait for page load successfully

2020-04-27 15:05:30 - [TEST_STEP][PASSED] - verifyTextPresent("Welcome " + wo_Username, false): Text 'Welcome DavidHo' is present on page 

2020-04-27 15:05:30 - [MESSAGE][PASSED] - Text 'Welcome DavidHo' is present on page 

2020-04-27 15:05:30 - [MESSAGE][PASSED] - Call Test Case 'Test Cases/Reusable_Test_Sequences/Web_Office/Directives/WebOffice_StartUp' successfully

2020-04-27 15:05:30 - [TEST_STEP][PASSED] - "-----------------------------------------------------------------": null

2020-04-27 15:05:30 - [TEST_STEP][PASSED] - " Navigate to <Reports->Checkatrade.Com->Sub Item> Menu Item     |": null

2020-04-27 15:05:30 - [TEST_STEP][PASSED] - callTestCase(findTestCase("Reusable_Test_Sequences/Web_Office/Navigation/Sub_Menu_Navigation/Reports/By_Location"), [:], STOP_ON_FAILURE): Call Test Case 'Test Cases/Reusable_Test_Sequences/Web_Office/Navigation/Sub_Menu_Navigation/Reports/By_Location' successfully

2020-04-27 15:05:31 - [TEST_CASE][PASSED] - Test Cases/Reusable_Test_Sequences/Web_Office/Navigation/Sub_Menu_Navigation/Reports/By_Location: Test Cases/Reusable_Test_Sequences/Web_Office/Navigation/Sub_Menu_Navigation/Reports/By_Location

2020-04-27 15:05:31 - [TEST_STEP][PASSED] - "--------------------------------------": null

2020-04-27 15:05:31 - [TEST_STEP][PASSED] - " Navigate Top level menu Item         |": null

2020-04-27 15:05:31 - [TEST_STEP][PASSED] - waitForPageLoad(60): Wait for page load successfully

2020-04-27 15:05:31 - [MESSAGE][PASSED] - Wait for page load successfully

2020-04-27 15:05:31 - [TEST_STEP][PASSED] - waitForElementClickable(findTestObject("Object Repository/WebOffice_Home_page/a_Reports"), 60): Object 'Object Repository/WebOffice_Home_page/a_Reports' is clickable

2020-04-27 15:05:32 - [MESSAGE][PASSED] - Object 'Object Repository/WebOffice_Home_page/a_Reports' is clickable

2020-04-27 15:05:32 - [TEST_STEP][PASSED] - mouseOver(findTestObject("Object Repository/WebOffice_Home_page/a_Reports")): Object: 'Object Repository/WebOffice_Home_page/a_Reports' is hovered

2020-04-27 15:05:32 - [MESSAGE][PASSED] - Object: 'Object Repository/WebOffice_Home_page/a_Reports' is hovered

2020-04-27 15:05:32 - [TEST_STEP][PASSED] - mouseOver(findTestObject("Object Repository/WebOffice_Home_page/Page_/a_Consumers")): Object: 'Object Repository/WebOffice_Home_page/Page_/a_Consumers' is hovered

2020-04-27 15:05:32 - [MESSAGE][PASSED] - Object: 'Object Repository/WebOffice_Home_page/Page_/a_Consumers' is hovered

2020-04-27 15:05:32 - [TEST_STEP][PASSED] - mouseOver(findTestObject("Object Repository/WebOffice_Home_page/Page_/a_Consumer Searches")): Object: 'Object Repository/WebOffice_Home_page/Page_/a_Consumer Searches' is hovered

2020-04-27 15:05:32 - [MESSAGE][PASSED] - Object: 'Object Repository/WebOffice_Home_page/Page_/a_Consumer Searches' is hovered

2020-04-27 15:05:32 - [TEST_STEP][PASSED] - waitForPageLoad(5): Wait for page load successfully

2020-04-27 15:05:32 - [MESSAGE][PASSED] - Wait for page load successfully

2020-04-27 15:05:32 - [TEST_STEP][PASSED] - waitForElementClickable(findTestObject("Object Repository/WebOffice_Home_page/a_By Location"), 5): Object 'Object Repository/WebOffice_Home_page/a_By Location' is clickable

2020-04-27 15:05:32 - [MESSAGE][PASSED] - Object 'Object Repository/WebOffice_Home_page/a_By Location' is clickable

2020-04-27 15:05:32 - [TEST_STEP][PASSED] - click(findTestObject("Object Repository/WebOffice_Home_page/a_By Location")): Object: 'Object Repository/WebOffice_Home_page/a_By Location' is clicked on

2020-04-27 15:05:33 - [MESSAGE][PASSED] - Object: 'Object Repository/WebOffice_Home_page/a_By Location' is clicked on

2020-04-27 15:05:33 - [MESSAGE][PASSED] - Call Test Case 'Test Cases/Reusable_Test_Sequences/Web_Office/Navigation/Sub_Menu_Navigation/Reports/By_Location' successfully

2020-04-27 15:05:33 - [TEST_STEP][PASSED] - "--------------------------------------": null

2020-04-27 15:05:33 - [TEST_STEP][PASSED] - " Verify Returned Page Detail          |": null

2020-04-27 15:05:33 - [TEST_STEP][PASSED] - callTestCase(findTestCase("Reusable_Test_Sequences/Web_Office/Verification/Reports/By_Location"), [:], OPTIONAL): Call Test Case 'Test Cases/Reusable_Test_Sequences/Web_Office/Verification/Reports/By_Location' successfully

2020-04-27 15:05:33 - [TEST_CASE][PASSED] - Test Cases/Reusable_Test_Sequences/Web_Office/Verification/Reports/By_Location: Test Cases/Reusable_Test_Sequences/Web_Office/Verification/Reports/By_Location

2020-04-27 15:05:33 - [TEST_STEP][PASSED] - waitForPageLoad(120): Wait for page load successfully

2020-04-27 15:05:33 - [MESSAGE][PASSED] - Wait for page load successfully

2020-04-27 15:05:33 - [TEST_STEP][PASSED] - delay(1): Delayed 1 second(s)

2020-04-27 15:05:34 - [MESSAGE][PASSED] - Delayed 1 second(s)

2020-04-27 15:05:34 - [TEST_STEP][PASSED] - verifyTextPresent("Searches by Location", false): Text 'Searches by Location' is present on page 

2020-04-27 15:05:35 - [MESSAGE][PASSED] - Text 'Searches by Location' is present on page 

2020-04-27 15:05:35 - [TEST_STEP][PASSED] - "----------------------------------------------": null

2020-04-27 15:05:35 - [TEST_STEP][PASSED] - verifyTextPresent("Select counties", false): Text 'Select counties' is present on page 

2020-04-27 15:05:35 - [MESSAGE][PASSED] - Text 'Select counties' is present on page 

2020-04-27 15:05:35 - [TEST_STEP][PASSED] - verifyTextPresent("Town", false): Text 'Town' is present on page 

2020-04-27 15:05:36 - [MESSAGE][PASSED] - Text 'Town' is present on page 

2020-04-27 15:05:36 - [TEST_STEP][PASSED] - verifyTextPresent("By Postcode", false): Text 'By Postcode' is present on page 

2020-04-27 15:05:36 - [MESSAGE][PASSED] - Text 'By Postcode' is present on page 

2020-04-27 15:05:36 - [TEST_STEP][PASSED] - "----------------------------------------------": null

2020-04-27 15:05:36 - [TEST_STEP][PASSED] - verifyTextPresent("Angus", false): Text 'Angus' is present on page 

2020-04-27 15:05:36 - [MESSAGE][PASSED] - Text 'Angus' is present on page 

2020-04-27 15:05:36 - [TEST_STEP][PASSED] - verifyTextPresent("Berkshire", false): Text 'Berkshire' is present on page 

2020-04-27 15:05:36 - [MESSAGE][PASSED] - Text 'Berkshire' is present on page 

2020-04-27 15:05:36 - [TEST_STEP][PASSED] - verifyTextPresent("Avon", false): Text 'Avon' is present on page 

2020-04-27 15:05:37 - [MESSAGE][PASSED] - Text 'Avon' is present on page 

2020-04-27 15:05:37 - [TEST_STEP][PASSED] - "----------------------------------------------": null

2020-04-27 15:05:37 - [TEST_STEP][PASSED] - verifyTextPresent("Tip: Use Shift or Control when clicking on the lists to select multiple options", false): Text 'Tip: Use Shift or Control when clicking on the lists to select multiple options' is present on page 

2020-04-27 15:05:37 - [MESSAGE][PASSED] - Text 'Tip: Use Shift or Control when clicking on the lists to select multiple options' is present on page 

2020-04-27 15:05:37 - [TEST_STEP][PASSED] - verifyTextPresent("Select Date Range", false): Text 'Select Date Range' is present on page 

2020-04-27 15:05:37 - [MESSAGE][PASSED] - Text 'Select Date Range' is present on page 

2020-04-27 15:05:37 - [TEST_STEP][PASSED] - verifyTextPresent("From", false): Text 'From' is present on page 

2020-04-27 15:05:37 - [MESSAGE][PASSED] - Text 'From' is present on page 

2020-04-27 15:05:37 - [TEST_STEP][PASSED] - verifyTextPresent("To", false): Text 'To' is present on page 

2020-04-27 15:05:37 - [MESSAGE][PASSED] - Text 'To' is present on page 

2020-04-27 15:05:37 - [MESSAGE][PASSED] - Call Test Case 'Test Cases/Reusable_Test_Sequences/Web_Office/Verification/Reports/By_Location' successfully

2020-04-27 15:05:37 - [TEST_STEP][PASSED] - "--------------------------": null

2020-04-27 15:05:37 - [TEST_STEP][PASSED] - " Teardown - CLose Browser |": null

2020-04-27 15:05:37 - [TEST_STEP][PASSED] - callTestCase(findTestCase("Reusable_Test_Sequences/CAT_Teardown"), [:], OPTIONAL): Call Test Case 'Test Cases/Reusable_Test_Sequences/CAT_Teardown' successfully

2020-04-27 15:05:37 - [TEST_CASE][PASSED] - Test Cases/Reusable_Test_Sequences/CAT_Teardown: Test Cases/Reusable_Test_Sequences/CAT_Teardown

2020-04-27 15:05:37 - [TEST_STEP][PASSED] - closeBrowser(): Browser is closed

2020-04-27 15:05:38 - [MESSAGE][PASSED] - Browser is closed

2020-04-27 15:05:38 - [TEST_STEP][PASSED] - super.finalize(): null

2020-04-27 15:05:38 - [TEST_STEP][PASSED] - System.gc(): null

2020-04-27 15:05:38 - [MESSAGE][PASSED] - Call Test Case 'Test Cases/Reusable_Test_Sequences/CAT_Teardown' successfully]]></system-out>
         <system-err><![CDATA[]]></system-err>
      </testcase>
      <testcase name="Test Cases/Web_Office/Reports/Returning_No_Results" time="15.934" classname="Test Cases/Web_Office/Reports/Returning_No_Results" status="PASSED">
         <system-out><![CDATA[2020-04-27 15:05:38 - [TEST_CASE][PASSED] - Test Cases/Web_Office/Reports/Returning_No_Results: Test Cases/Web_Office/Reports/Returning_No_Results

2020-04-27 15:05:39 - [TEST_STEP][PASSED] - "--------------------------------------": null

2020-04-27 15:05:39 - [TEST_STEP][PASSED] - " Web Office StartUp                  |": null

2020-04-27 15:05:39 - [TEST_STEP][PASSED] - callTestCase(findTestCase("Reusable_Test_Sequences/Web_Office/Directives/WebOffice_StartUp"), [:], STOP_ON_FAILURE): Call Test Case 'Test Cases/Reusable_Test_Sequences/Web_Office/Directives/WebOffice_StartUp' successfully

2020-04-27 15:05:39 - [TEST_CASE][PASSED] - Test Cases/Reusable_Test_Sequences/Web_Office/Directives/WebOffice_StartUp: Test Cases/Reusable_Test_Sequences/Web_Office/Directives/WebOffice_StartUp

2020-04-27 15:05:39 - [TEST_STEP][PASSED] - "-----------------------------------------------------------------------------": null

2020-04-27 15:05:39 - [TEST_STEP][PASSED] - if (URL == "https://www.dev.checkatrade.com/"): null

2020-04-27 15:05:39 - [TEST_STEP][PASSED] - "-----------------------------------------------------------------------------": null

2020-04-27 15:05:39 - [TEST_STEP][PASSED] - if (URL == "https://www.checkatrade.com/"): null

2020-04-27 15:05:39 - [TEST_STEP][PASSED] - "-----------------------------------------------------------------------------": null

2020-04-27 15:05:39 - [TEST_STEP][PASSED] - if (URL == "https://www.preview.checkatrade.com/"): null

2020-04-27 15:05:39 - [TEST_STEP][PASSED] - WebOfficeURL = "https://admin.preview.checkatrade.com/": null

2020-04-27 15:05:39 - [TEST_STEP][PASSED] - if (URL == "https://www.dev2.checkatrade.com/"): null

2020-04-27 15:05:39 - [TEST_STEP][PASSED] - "Set Function Area for "URL_Handler", URL Resolution": null

2020-04-27 15:05:39 - [TEST_STEP][PASSED] - "Do Some Magic with URL(s) See the comments within URL Handler ": null

2020-04-27 15:05:39 - [TEST_STEP][PASSED] - "------------------------------------------------": null

2020-04-27 15:05:39 - [TEST_STEP][PASSED] - "Moved Login Credentials to <Default> profile 22/01/2020": null

2020-04-27 15:05:39 - [TEST_STEP][PASSED] - "------------------------------------------------": null

2020-04-27 15:05:39 - [TEST_STEP][PASSED] - "WebOfficeURL - Set from the ENVIRONMENT PROFILE ": null

2020-04-27 15:05:39 - [TEST_STEP][PASSED] - "OPEN BROWSER": null

2020-04-27 15:05:39 - [TEST_STEP][PASSED] - "eg - https://admin.preview.checkatrade.com/  ": null

2020-04-27 15:05:39 - [TEST_STEP][PASSED] - openBrowser(WebOfficeURL): Browser is opened with url: 'https://admin.preview.checkatrade.com/'

2020-04-27 15:05:39 - [MESSAGE][INFO] - Starting 'Chrome' driver

2020-04-27 15:05:39 - [MESSAGE][INFO] - Action delay is set to 0 milliseconds

2020-04-27 15:05:43 - [MESSAGE][PASSED] - Browser is opened with url: 'https://admin.preview.checkatrade.com/'

2020-04-27 15:05:43 - [TEST_STEP][PASSED] - maximizeWindow(): Current window maximized

2020-04-27 15:05:46 - [MESSAGE][PASSED] - Current window maximized

2020-04-27 15:05:46 - [TEST_STEP][PASSED] - waitForElementClickable(findTestObject("Object Repository/WebOffice/Page_Checkatrade - Administration - Login/Login_Button"), 25): Object 'Object Repository/WebOffice/Page_Checkatrade - Administration - Login/Login_Button' is clickable

2020-04-27 15:05:46 - [MESSAGE][PASSED] - Object 'Object Repository/WebOffice/Page_Checkatrade - Administration - Login/Login_Button' is clickable

2020-04-27 15:05:46 - [TEST_STEP][PASSED] - verifyTextPresent("Checkatrade Web Office", false): Text 'Checkatrade Web Office' is present on page 

2020-04-27 15:05:46 - [MESSAGE][PASSED] - Text 'Checkatrade Web Office' is present on page 

2020-04-27 15:05:46 - [TEST_STEP][PASSED] - verifyTextPresent("Access for staff use only", false): Text 'Access for staff use only' is present on page 

2020-04-27 15:05:46 - [MESSAGE][PASSED] - Text 'Access for staff use only' is present on page 

2020-04-27 15:05:46 - [TEST_STEP][PASSED] - verifyTextPresent("Forgotten password?", false): Text 'Forgotten password?' is present on page 

2020-04-27 15:05:46 - [MESSAGE][PASSED] - Text 'Forgotten password?' is present on page 

2020-04-27 15:05:46 - [TEST_STEP][PASSED] - setText(findTestObject("Object Repository/WebOffice/Page_Checkatrade - Administration - Login/input_Username_LoginControlUserName"), wo_Username): Text 'DavidHo' is set on object 'Object Repository/WebOffice/Page_Checkatrade - Administration - Login/input_Username_LoginControlUserName'

2020-04-27 15:05:46 - [MESSAGE][PASSED] - Text 'DavidHo' is set on object 'Object Repository/WebOffice/Page_Checkatrade - Administration - Login/input_Username_LoginControlUserName'

2020-04-27 15:05:46 - [TEST_STEP][PASSED] - setText(findTestObject("Object Repository/WebOffice/Page_Checkatrade - Administration - Login/input_Password_LoginControlPassword"), wo_Password): Text 'Check123' is set on object 'Object Repository/WebOffice/Page_Checkatrade - Administration - Login/input_Password_LoginControlPassword'

2020-04-27 15:05:47 - [MESSAGE][PASSED] - Text 'Check123' is set on object 'Object Repository/WebOffice/Page_Checkatrade - Administration - Login/input_Password_LoginControlPassword'

2020-04-27 15:05:47 - [TEST_STEP][PASSED] - click(findTestObject("Object Repository/WebOffice/Page_Checkatrade - Administration - Login/Login_Button")): Object: 'Object Repository/WebOffice/Page_Checkatrade - Administration - Login/Login_Button' is clicked on

2020-04-27 15:05:48 - [MESSAGE][PASSED] - Object: 'Object Repository/WebOffice/Page_Checkatrade - Administration - Login/Login_Button' is clicked on

2020-04-27 15:05:48 - [TEST_STEP][PASSED] - waitForPageLoad(60): Wait for page load successfully

2020-04-27 15:05:48 - [MESSAGE][PASSED] - Wait for page load successfully

2020-04-27 15:05:48 - [TEST_STEP][PASSED] - verifyTextPresent("Welcome " + wo_Username, false): Text 'Welcome DavidHo' is present on page 

2020-04-27 15:05:48 - [MESSAGE][PASSED] - Text 'Welcome DavidHo' is present on page 

2020-04-27 15:05:48 - [MESSAGE][PASSED] - Call Test Case 'Test Cases/Reusable_Test_Sequences/Web_Office/Directives/WebOffice_StartUp' successfully

2020-04-27 15:05:48 - [TEST_STEP][PASSED] - "-----------------------------------------------------------------": null

2020-04-27 15:05:48 - [TEST_STEP][PASSED] - " Navigate to <Reports->Checkatrade.Com->Sub Item> Menu Item     |": null

2020-04-27 15:05:48 - [TEST_STEP][PASSED] - callTestCase(findTestCase("Reusable_Test_Sequences/Web_Office/Navigation/Sub_Menu_Navigation/Reports/Returning_No_Results"), [:], STOP_ON_FAILURE): Call Test Case 'Test Cases/Reusable_Test_Sequences/Web_Office/Navigation/Sub_Menu_Navigation/Reports/Returning_No_Results' successfully

2020-04-27 15:05:48 - [TEST_CASE][PASSED] - Test Cases/Reusable_Test_Sequences/Web_Office/Navigation/Sub_Menu_Navigation/Reports/Returning_No_Results: Test Cases/Reusable_Test_Sequences/Web_Office/Navigation/Sub_Menu_Navigation/Reports/Returning_No_Results

2020-04-27 15:05:48 - [TEST_STEP][PASSED] - "--------------------------------------": null

2020-04-27 15:05:48 - [TEST_STEP][PASSED] - " Navigate Top level menu Item         |": null

2020-04-27 15:05:48 - [TEST_STEP][PASSED] - waitForPageLoad(60): Wait for page load successfully

2020-04-27 15:05:48 - [MESSAGE][PASSED] - Wait for page load successfully

2020-04-27 15:05:48 - [TEST_STEP][PASSED] - waitForElementClickable(findTestObject("Object Repository/WebOffice_Home_page/a_Reports"), 60): Object 'Object Repository/WebOffice_Home_page/a_Reports' is clickable

2020-04-27 15:05:48 - [MESSAGE][PASSED] - Object 'Object Repository/WebOffice_Home_page/a_Reports' is clickable

2020-04-27 15:05:48 - [TEST_STEP][PASSED] - mouseOver(findTestObject("Object Repository/WebOffice_Home_page/a_Reports")): Object: 'Object Repository/WebOffice_Home_page/a_Reports' is hovered

2020-04-27 15:05:49 - [MESSAGE][PASSED] - Object: 'Object Repository/WebOffice_Home_page/a_Reports' is hovered

2020-04-27 15:05:49 - [TEST_STEP][PASSED] - mouseOver(findTestObject("Object Repository/WebOffice_Home_page/Page_/a_Consumers")): Object: 'Object Repository/WebOffice_Home_page/Page_/a_Consumers' is hovered

2020-04-27 15:05:49 - [MESSAGE][PASSED] - Object: 'Object Repository/WebOffice_Home_page/Page_/a_Consumers' is hovered

2020-04-27 15:05:49 - [TEST_STEP][PASSED] - mouseOver(findTestObject("Object Repository/WebOffice_Home_page/Page_/a_Consumer Searches")): Object: 'Object Repository/WebOffice_Home_page/Page_/a_Consumer Searches' is hovered

2020-04-27 15:05:49 - [MESSAGE][PASSED] - Object: 'Object Repository/WebOffice_Home_page/Page_/a_Consumer Searches' is hovered

2020-04-27 15:05:49 - [TEST_STEP][PASSED] - waitForPageLoad(5): Wait for page load successfully

2020-04-27 15:05:49 - [MESSAGE][PASSED] - Wait for page load successfully

2020-04-27 15:05:49 - [TEST_STEP][PASSED] - waitForElementClickable(findTestObject("Object Repository/WebOffice_Home_page/a_Returning No Results"), 5): Object 'Object Repository/WebOffice_Home_page/a_Returning No Results' is clickable

2020-04-27 15:05:49 - [MESSAGE][PASSED] - Object 'Object Repository/WebOffice_Home_page/a_Returning No Results' is clickable

2020-04-27 15:05:49 - [TEST_STEP][PASSED] - click(findTestObject("Object Repository/WebOffice_Home_page/a_Returning No Results")): Object: 'Object Repository/WebOffice_Home_page/a_Returning No Results' is clicked on

2020-04-27 15:05:51 - [MESSAGE][PASSED] - Object: 'Object Repository/WebOffice_Home_page/a_Returning No Results' is clicked on

2020-04-27 15:05:51 - [MESSAGE][PASSED] - Call Test Case 'Test Cases/Reusable_Test_Sequences/Web_Office/Navigation/Sub_Menu_Navigation/Reports/Returning_No_Results' successfully

2020-04-27 15:05:51 - [TEST_STEP][PASSED] - "--------------------------------------": null

2020-04-27 15:05:51 - [TEST_STEP][PASSED] - " Verify Returned Page Detail          |": null

2020-04-27 15:05:51 - [TEST_STEP][PASSED] - callTestCase(findTestCase("Reusable_Test_Sequences/Web_Office/Verification/Reports/Returning_No_Results"), [:], OPTIONAL): Call Test Case 'Test Cases/Reusable_Test_Sequences/Web_Office/Verification/Reports/Returning_No_Results' successfully

2020-04-27 15:05:51 - [TEST_CASE][PASSED] - Test Cases/Reusable_Test_Sequences/Web_Office/Verification/Reports/Returning_No_Results: Test Cases/Reusable_Test_Sequences/Web_Office/Verification/Reports/Returning_No_Results

2020-04-27 15:05:51 - [TEST_STEP][PASSED] - waitForPageLoad(120): Wait for page load successfully

2020-04-27 15:05:51 - [MESSAGE][PASSED] - Wait for page load successfully

2020-04-27 15:05:51 - [TEST_STEP][PASSED] - delay(1): Delayed 1 second(s)

2020-04-27 15:05:52 - [MESSAGE][PASSED] - Delayed 1 second(s)

2020-04-27 15:05:52 - [TEST_STEP][PASSED] - verifyTextPresent("Consumer Searches", false): Text 'Consumer Searches' is present on page 

2020-04-27 15:05:52 - [MESSAGE][PASSED] - Text 'Consumer Searches' is present on page 

2020-04-27 15:05:52 - [TEST_STEP][PASSED] - "----------------------------------------------": null

2020-04-27 15:05:52 - [TEST_STEP][PASSED] - verifyTextPresent("Returning No Results", false): Text 'Returning No Results' is present on page 

2020-04-27 15:05:53 - [MESSAGE][PASSED] - Text 'Returning No Results' is present on page 

2020-04-27 15:05:53 - [TEST_STEP][PASSED] - verifyTextPresent("From", false): Text 'From' is present on page 

2020-04-27 15:05:53 - [MESSAGE][PASSED] - Text 'From' is present on page 

2020-04-27 15:05:53 - [TEST_STEP][PASSED] - verifyTextPresent("To", false): Text 'To' is present on page 

2020-04-27 15:05:53 - [MESSAGE][PASSED] - Text 'To' is present on page 

2020-04-27 15:05:53 - [MESSAGE][PASSED] - Call Test Case 'Test Cases/Reusable_Test_Sequences/Web_Office/Verification/Reports/Returning_No_Results' successfully

2020-04-27 15:05:53 - [TEST_STEP][PASSED] - "--------------------------": null

2020-04-27 15:05:53 - [TEST_STEP][PASSED] - " Teardown - CLose Browser |": null

2020-04-27 15:05:53 - [TEST_STEP][PASSED] - callTestCase(findTestCase("Reusable_Test_Sequences/CAT_Teardown"), [:], OPTIONAL): Call Test Case 'Test Cases/Reusable_Test_Sequences/CAT_Teardown' successfully

2020-04-27 15:05:53 - [TEST_CASE][PASSED] - Test Cases/Reusable_Test_Sequences/CAT_Teardown: Test Cases/Reusable_Test_Sequences/CAT_Teardown

2020-04-27 15:05:53 - [TEST_STEP][PASSED] - closeBrowser(): Browser is closed

2020-04-27 15:05:54 - [MESSAGE][PASSED] - Browser is closed

2020-04-27 15:05:54 - [TEST_STEP][PASSED] - super.finalize(): null

2020-04-27 15:05:54 - [TEST_STEP][PASSED] - System.gc(): null

2020-04-27 15:05:54 - [MESSAGE][PASSED] - Call Test Case 'Test Cases/Reusable_Test_Sequences/CAT_Teardown' successfully]]></system-out>
         <system-err><![CDATA[]]></system-err>
      </testcase>
      <testcase name="Test Cases/Web_Office/Reports/Search_Tracking" time="24.878" classname="Test Cases/Web_Office/Reports/Search_Tracking" status="PASSED">
         <system-out><![CDATA[2020-04-27 15:05:54 - [TEST_CASE][PASSED] - Test Cases/Web_Office/Reports/Search_Tracking: Test Cases/Web_Office/Reports/Search_Tracking

2020-04-27 15:05:55 - [TEST_STEP][PASSED] - "--------------------------------------": null

2020-04-27 15:05:55 - [TEST_STEP][PASSED] - " Web Office StartUp                  |": null

2020-04-27 15:05:55 - [TEST_STEP][PASSED] - callTestCase(findTestCase("Reusable_Test_Sequences/Web_Office/Directives/WebOffice_StartUp"), [:], STOP_ON_FAILURE): Call Test Case 'Test Cases/Reusable_Test_Sequences/Web_Office/Directives/WebOffice_StartUp' successfully

2020-04-27 15:05:55 - [TEST_CASE][PASSED] - Test Cases/Reusable_Test_Sequences/Web_Office/Directives/WebOffice_StartUp: Test Cases/Reusable_Test_Sequences/Web_Office/Directives/WebOffice_StartUp

2020-04-27 15:05:55 - [TEST_STEP][PASSED] - "-----------------------------------------------------------------------------": null

2020-04-27 15:05:55 - [TEST_STEP][PASSED] - if (URL == "https://www.dev.checkatrade.com/"): null

2020-04-27 15:05:55 - [TEST_STEP][PASSED] - "-----------------------------------------------------------------------------": null

2020-04-27 15:05:55 - [TEST_STEP][PASSED] - if (URL == "https://www.checkatrade.com/"): null

2020-04-27 15:05:55 - [TEST_STEP][PASSED] - "-----------------------------------------------------------------------------": null

2020-04-27 15:05:55 - [TEST_STEP][PASSED] - if (URL == "https://www.preview.checkatrade.com/"): null

2020-04-27 15:05:55 - [TEST_STEP][PASSED] - WebOfficeURL = "https://admin.preview.checkatrade.com/": null

2020-04-27 15:05:55 - [TEST_STEP][PASSED] - if (URL == "https://www.dev2.checkatrade.com/"): null

2020-04-27 15:05:55 - [TEST_STEP][PASSED] - "Set Function Area for "URL_Handler", URL Resolution": null

2020-04-27 15:05:55 - [TEST_STEP][PASSED] - "Do Some Magic with URL(s) See the comments within URL Handler ": null

2020-04-27 15:05:55 - [TEST_STEP][PASSED] - "------------------------------------------------": null

2020-04-27 15:05:55 - [TEST_STEP][PASSED] - "Moved Login Credentials to <Default> profile 22/01/2020": null

2020-04-27 15:05:55 - [TEST_STEP][PASSED] - "------------------------------------------------": null

2020-04-27 15:05:55 - [TEST_STEP][PASSED] - "WebOfficeURL - Set from the ENVIRONMENT PROFILE ": null

2020-04-27 15:05:55 - [TEST_STEP][PASSED] - "OPEN BROWSER": null

2020-04-27 15:05:55 - [TEST_STEP][PASSED] - "eg - https://admin.preview.checkatrade.com/  ": null

2020-04-27 15:05:55 - [TEST_STEP][PASSED] - openBrowser(WebOfficeURL): Browser is opened with url: 'https://admin.preview.checkatrade.com/'

2020-04-27 15:05:55 - [MESSAGE][INFO] - Starting 'Chrome' driver

2020-04-27 15:05:55 - [MESSAGE][INFO] - Action delay is set to 0 milliseconds

2020-04-27 15:06:00 - [MESSAGE][PASSED] - Browser is opened with url: 'https://admin.preview.checkatrade.com/'

2020-04-27 15:06:00 - [TEST_STEP][PASSED] - maximizeWindow(): Current window maximized

2020-04-27 15:06:03 - [MESSAGE][PASSED] - Current window maximized

2020-04-27 15:06:03 - [TEST_STEP][PASSED] - waitForElementClickable(findTestObject("Object Repository/WebOffice/Page_Checkatrade - Administration - Login/Login_Button"), 25): Object 'Object Repository/WebOffice/Page_Checkatrade - Administration - Login/Login_Button' is clickable

2020-04-27 15:06:03 - [MESSAGE][PASSED] - Object 'Object Repository/WebOffice/Page_Checkatrade - Administration - Login/Login_Button' is clickable

2020-04-27 15:06:03 - [TEST_STEP][PASSED] - verifyTextPresent("Checkatrade Web Office", false): Text 'Checkatrade Web Office' is present on page 

2020-04-27 15:06:03 - [MESSAGE][PASSED] - Text 'Checkatrade Web Office' is present on page 

2020-04-27 15:06:03 - [TEST_STEP][PASSED] - verifyTextPresent("Access for staff use only", false): Text 'Access for staff use only' is present on page 

2020-04-27 15:06:03 - [MESSAGE][PASSED] - Text 'Access for staff use only' is present on page 

2020-04-27 15:06:03 - [TEST_STEP][PASSED] - verifyTextPresent("Forgotten password?", false): Text 'Forgotten password?' is present on page 

2020-04-27 15:06:03 - [MESSAGE][PASSED] - Text 'Forgotten password?' is present on page 

2020-04-27 15:06:03 - [TEST_STEP][PASSED] - setText(findTestObject("Object Repository/WebOffice/Page_Checkatrade - Administration - Login/input_Username_LoginControlUserName"), wo_Username): Text 'DavidHo' is set on object 'Object Repository/WebOffice/Page_Checkatrade - Administration - Login/input_Username_LoginControlUserName'

2020-04-27 15:06:04 - [MESSAGE][PASSED] - Text 'DavidHo' is set on object 'Object Repository/WebOffice/Page_Checkatrade - Administration - Login/input_Username_LoginControlUserName'

2020-04-27 15:06:04 - [TEST_STEP][PASSED] - setText(findTestObject("Object Repository/WebOffice/Page_Checkatrade - Administration - Login/input_Password_LoginControlPassword"), wo_Password): Text 'Check123' is set on object 'Object Repository/WebOffice/Page_Checkatrade - Administration - Login/input_Password_LoginControlPassword'

2020-04-27 15:06:04 - [MESSAGE][PASSED] - Text 'Check123' is set on object 'Object Repository/WebOffice/Page_Checkatrade - Administration - Login/input_Password_LoginControlPassword'

2020-04-27 15:06:04 - [TEST_STEP][PASSED] - click(findTestObject("Object Repository/WebOffice/Page_Checkatrade - Administration - Login/Login_Button")): Object: 'Object Repository/WebOffice/Page_Checkatrade - Administration - Login/Login_Button' is clicked on

2020-04-27 15:06:05 - [MESSAGE][PASSED] - Object: 'Object Repository/WebOffice/Page_Checkatrade - Administration - Login/Login_Button' is clicked on

2020-04-27 15:06:05 - [TEST_STEP][PASSED] - waitForPageLoad(60): Wait for page load successfully

2020-04-27 15:06:05 - [MESSAGE][PASSED] - Wait for page load successfully

2020-04-27 15:06:05 - [TEST_STEP][PASSED] - verifyTextPresent("Welcome " + wo_Username, false): Text 'Welcome DavidHo' is present on page 

2020-04-27 15:06:06 - [MESSAGE][PASSED] - Text 'Welcome DavidHo' is present on page 

2020-04-27 15:06:06 - [MESSAGE][PASSED] - Call Test Case 'Test Cases/Reusable_Test_Sequences/Web_Office/Directives/WebOffice_StartUp' successfully

2020-04-27 15:06:06 - [TEST_STEP][PASSED] - "-----------------------------------------------------------------": null

2020-04-27 15:06:06 - [TEST_STEP][PASSED] - " Navigate to <Reports->Checkatrade.Com->Sub Item> Menu Item     |": null

2020-04-27 15:06:06 - [TEST_STEP][PASSED] - callTestCase(findTestCase("Reusable_Test_Sequences/Web_Office/Navigation/Sub_Menu_Navigation/Reports/Search_Tracking"), [:], STOP_ON_FAILURE): Call Test Case 'Test Cases/Reusable_Test_Sequences/Web_Office/Navigation/Sub_Menu_Navigation/Reports/Search_Tracking' successfully

2020-04-27 15:06:06 - [TEST_CASE][PASSED] - Test Cases/Reusable_Test_Sequences/Web_Office/Navigation/Sub_Menu_Navigation/Reports/Search_Tracking: Test Cases/Reusable_Test_Sequences/Web_Office/Navigation/Sub_Menu_Navigation/Reports/Search_Tracking

2020-04-27 15:06:06 - [TEST_STEP][PASSED] - "--------------------------------------": null

2020-04-27 15:06:06 - [TEST_STEP][PASSED] - " Navigate Top level menu Item         |": null

2020-04-27 15:06:06 - [TEST_STEP][PASSED] - waitForPageLoad(60): Wait for page load successfully

2020-04-27 15:06:06 - [MESSAGE][PASSED] - Wait for page load successfully

2020-04-27 15:06:06 - [TEST_STEP][PASSED] - waitForElementClickable(findTestObject("Object Repository/WebOffice_Home_page/a_Reports"), 60): Object 'Object Repository/WebOffice_Home_page/a_Reports' is clickable

2020-04-27 15:06:06 - [MESSAGE][PASSED] - Object 'Object Repository/WebOffice_Home_page/a_Reports' is clickable

2020-04-27 15:06:06 - [TEST_STEP][PASSED] - mouseOver(findTestObject("Object Repository/WebOffice_Home_page/a_Reports")): Object: 'Object Repository/WebOffice_Home_page/a_Reports' is hovered

2020-04-27 15:06:07 - [MESSAGE][PASSED] - Object: 'Object Repository/WebOffice_Home_page/a_Reports' is hovered

2020-04-27 15:06:07 - [TEST_STEP][PASSED] - mouseOver(findTestObject("Object Repository/WebOffice_Home_page/Page_/a_Consumers")): Object: 'Object Repository/WebOffice_Home_page/Page_/a_Consumers' is hovered

2020-04-27 15:06:07 - [MESSAGE][PASSED] - Object: 'Object Repository/WebOffice_Home_page/Page_/a_Consumers' is hovered

2020-04-27 15:06:07 - [TEST_STEP][PASSED] - mouseOver(findTestObject("Object Repository/WebOffice_Home_page/Page_/a_Consumer Searches")): Object: 'Object Repository/WebOffice_Home_page/Page_/a_Consumer Searches' is hovered

2020-04-27 15:06:07 - [MESSAGE][PASSED] - Object: 'Object Repository/WebOffice_Home_page/Page_/a_Consumer Searches' is hovered

2020-04-27 15:06:07 - [TEST_STEP][PASSED] - waitForPageLoad(5): Wait for page load successfully

2020-04-27 15:06:07 - [MESSAGE][PASSED] - Wait for page load successfully

2020-04-27 15:06:07 - [TEST_STEP][PASSED] - waitForElementClickable(findTestObject("Object Repository/WebOffice_Home_page/a_Search Tracking"), 5): Object 'Object Repository/WebOffice_Home_page/a_Search Tracking' is clickable

2020-04-27 15:06:07 - [MESSAGE][PASSED] - Object 'Object Repository/WebOffice_Home_page/a_Search Tracking' is clickable

2020-04-27 15:06:07 - [TEST_STEP][PASSED] - click(findTestObject("Object Repository/WebOffice_Home_page/a_Search Tracking")): Object: 'Object Repository/WebOffice_Home_page/a_Search Tracking' is clicked on

2020-04-27 15:06:13 - [MESSAGE][PASSED] - Object: 'Object Repository/WebOffice_Home_page/a_Search Tracking' is clicked on

2020-04-27 15:06:13 - [MESSAGE][PASSED] - Call Test Case 'Test Cases/Reusable_Test_Sequences/Web_Office/Navigation/Sub_Menu_Navigation/Reports/Search_Tracking' successfully

2020-04-27 15:06:13 - [TEST_STEP][PASSED] - "--------------------------------------": null

2020-04-27 15:06:13 - [TEST_STEP][PASSED] - " Verify Returned Page Detail          |": null

2020-04-27 15:06:13 - [TEST_STEP][PASSED] - callTestCase(findTestCase("Reusable_Test_Sequences/Web_Office/Verification/Reports/Search_Tracking"), [:], OPTIONAL): Call Test Case 'Test Cases/Reusable_Test_Sequences/Web_Office/Verification/Reports/Search_Tracking' successfully

2020-04-27 15:06:13 - [TEST_CASE][PASSED] - Test Cases/Reusable_Test_Sequences/Web_Office/Verification/Reports/Search_Tracking: Test Cases/Reusable_Test_Sequences/Web_Office/Verification/Reports/Search_Tracking

2020-04-27 15:06:13 - [TEST_STEP][PASSED] - waitForPageLoad(120): Wait for page load successfully

2020-04-27 15:06:13 - [MESSAGE][PASSED] - Wait for page load successfully

2020-04-27 15:06:13 - [TEST_STEP][PASSED] - delay(1): Delayed 1 second(s)

2020-04-27 15:06:14 - [MESSAGE][PASSED] - Delayed 1 second(s)

2020-04-27 15:06:14 - [TEST_STEP][PASSED] - verifyTextPresent("Search Tracking", false): Text 'Search Tracking' is present on page 

2020-04-27 15:06:15 - [MESSAGE][PASSED] - Text 'Search Tracking' is present on page 

2020-04-27 15:06:15 - [TEST_STEP][PASSED] - "----------------------------------------------": null

2020-04-27 15:06:15 - [TEST_STEP][PASSED] - verifyTextPresent("ID", false): Text 'ID' is present on page 

2020-04-27 15:06:15 - [MESSAGE][PASSED] - Text 'ID' is present on page 

2020-04-27 15:06:15 - [TEST_STEP][PASSED] - verifyTextPresent("TRADE", false): Text 'TRADE' is present on page 

2020-04-27 15:06:15 - [MESSAGE][PASSED] - Text 'TRADE' is present on page 

2020-04-27 15:06:15 - [TEST_STEP][PASSED] - verifyTextPresent("LOCATION", false): Text 'LOCATION' is present on page 

2020-04-27 15:06:16 - [MESSAGE][PASSED] - Text 'LOCATION' is present on page 

2020-04-27 15:06:16 - [TEST_STEP][PASSED] - verifyTextPresent("DATETIME", false): Text 'DATETIME' is present on page 

2020-04-27 15:06:16 - [MESSAGE][PASSED] - Text 'DATETIME' is present on page 

2020-04-27 15:06:16 - [TEST_STEP][PASSED] - "----------------------------------------------": null

2020-04-27 15:06:16 - [TEST_STEP][PASSED] - verifyTextPresent("14262747", false): Text '14262747' is present on page 

2020-04-27 15:06:16 - [MESSAGE][PASSED] - Text '14262747' is present on page 

2020-04-27 15:06:16 - [TEST_STEP][PASSED] - verifyTextPresent("UPVC Repairs", false): Text 'UPVC Repairs' is present on page 

2020-04-27 15:06:17 - [MESSAGE][PASSED] - Text 'UPVC Repairs' is present on page 

2020-04-27 15:06:17 - [TEST_STEP][PASSED] - verifyTextPresent("MILFORD HAVEN", false): Text 'MILFORD HAVEN' is present on page 

2020-04-27 15:06:18 - [MESSAGE][PASSED] - Text 'MILFORD HAVEN' is present on page 

2020-04-27 15:06:18 - [TEST_STEP][PASSED] - verifyTextPresent("28-09-2017 7:19:10", false): Text '28-09-2017 7:19:10' is present on page 

2020-04-27 15:06:18 - [MESSAGE][PASSED] - Text '28-09-2017 7:19:10' is present on page 

2020-04-27 15:06:18 - [MESSAGE][PASSED] - Call Test Case 'Test Cases/Reusable_Test_Sequences/Web_Office/Verification/Reports/Search_Tracking' successfully

2020-04-27 15:06:18 - [TEST_STEP][PASSED] - "--------------------------": null

2020-04-27 15:06:18 - [TEST_STEP][PASSED] - " Teardown - CLose Browser |": null

2020-04-27 15:06:18 - [TEST_STEP][PASSED] - callTestCase(findTestCase("Reusable_Test_Sequences/CAT_Teardown"), [:], OPTIONAL): Call Test Case 'Test Cases/Reusable_Test_Sequences/CAT_Teardown' successfully

2020-04-27 15:06:18 - [TEST_CASE][PASSED] - Test Cases/Reusable_Test_Sequences/CAT_Teardown: Test Cases/Reusable_Test_Sequences/CAT_Teardown

2020-04-27 15:06:18 - [TEST_STEP][PASSED] - closeBrowser(): Browser is closed

2020-04-27 15:06:19 - [MESSAGE][PASSED] - Browser is closed

2020-04-27 15:06:19 - [TEST_STEP][PASSED] - super.finalize(): null

2020-04-27 15:06:19 - [TEST_STEP][PASSED] - System.gc(): null

2020-04-27 15:06:19 - [MESSAGE][PASSED] - Call Test Case 'Test Cases/Reusable_Test_Sequences/CAT_Teardown' successfully]]></system-out>
         <system-err><![CDATA[]]></system-err>
      </testcase>
      <testcase name="Test Cases/Web_Office/Reports/Overnight_Import_History" time="17.0" classname="Test Cases/Web_Office/Reports/Overnight_Import_History" status="PASSED">
         <system-out><![CDATA[2020-04-27 15:06:19 - [TEST_CASE][PASSED] - Test Cases/Web_Office/Reports/Overnight_Import_History: Test Cases/Web_Office/Reports/Overnight_Import_History

2020-04-27 15:06:19 - [TEST_STEP][PASSED] - "--------------------------------------": null

2020-04-27 15:06:19 - [TEST_STEP][PASSED] - " Web Office StartUp                  |": null

2020-04-27 15:06:19 - [TEST_STEP][PASSED] - callTestCase(findTestCase("Reusable_Test_Sequences/Web_Office/Directives/WebOffice_StartUp"), [:], STOP_ON_FAILURE): Call Test Case 'Test Cases/Reusable_Test_Sequences/Web_Office/Directives/WebOffice_StartUp' successfully

2020-04-27 15:06:20 - [TEST_CASE][PASSED] - Test Cases/Reusable_Test_Sequences/Web_Office/Directives/WebOffice_StartUp: Test Cases/Reusable_Test_Sequences/Web_Office/Directives/WebOffice_StartUp

2020-04-27 15:06:20 - [TEST_STEP][PASSED] - "-----------------------------------------------------------------------------": null

2020-04-27 15:06:20 - [TEST_STEP][PASSED] - if (URL == "https://www.dev.checkatrade.com/"): null

2020-04-27 15:06:20 - [TEST_STEP][PASSED] - "-----------------------------------------------------------------------------": null

2020-04-27 15:06:20 - [TEST_STEP][PASSED] - if (URL == "https://www.checkatrade.com/"): null

2020-04-27 15:06:20 - [TEST_STEP][PASSED] - "-----------------------------------------------------------------------------": null

2020-04-27 15:06:20 - [TEST_STEP][PASSED] - if (URL == "https://www.preview.checkatrade.com/"): null

2020-04-27 15:06:20 - [TEST_STEP][PASSED] - WebOfficeURL = "https://admin.preview.checkatrade.com/": null

2020-04-27 15:06:20 - [TEST_STEP][PASSED] - if (URL == "https://www.dev2.checkatrade.com/"): null

2020-04-27 15:06:20 - [TEST_STEP][PASSED] - "Set Function Area for "URL_Handler", URL Resolution": null

2020-04-27 15:06:20 - [TEST_STEP][PASSED] - "Do Some Magic with URL(s) See the comments within URL Handler ": null

2020-04-27 15:06:20 - [TEST_STEP][PASSED] - "------------------------------------------------": null

2020-04-27 15:06:20 - [TEST_STEP][PASSED] - "Moved Login Credentials to <Default> profile 22/01/2020": null

2020-04-27 15:06:20 - [TEST_STEP][PASSED] - "------------------------------------------------": null

2020-04-27 15:06:20 - [TEST_STEP][PASSED] - "WebOfficeURL - Set from the ENVIRONMENT PROFILE ": null

2020-04-27 15:06:20 - [TEST_STEP][PASSED] - "OPEN BROWSER": null

2020-04-27 15:06:20 - [TEST_STEP][PASSED] - "eg - https://admin.preview.checkatrade.com/  ": null

2020-04-27 15:06:20 - [TEST_STEP][PASSED] - openBrowser(WebOfficeURL): Browser is opened with url: 'https://admin.preview.checkatrade.com/'

2020-04-27 15:06:20 - [MESSAGE][INFO] - Starting 'Chrome' driver

2020-04-27 15:06:20 - [MESSAGE][INFO] - Action delay is set to 0 milliseconds

2020-04-27 15:06:24 - [MESSAGE][PASSED] - Browser is opened with url: 'https://admin.preview.checkatrade.com/'

2020-04-27 15:06:24 - [TEST_STEP][PASSED] - maximizeWindow(): Current window maximized

2020-04-27 15:06:26 - [MESSAGE][PASSED] - Current window maximized

2020-04-27 15:06:26 - [TEST_STEP][PASSED] - waitForElementClickable(findTestObject("Object Repository/WebOffice/Page_Checkatrade - Administration - Login/Login_Button"), 25): Object 'Object Repository/WebOffice/Page_Checkatrade - Administration - Login/Login_Button' is clickable

2020-04-27 15:06:26 - [MESSAGE][PASSED] - Object 'Object Repository/WebOffice/Page_Checkatrade - Administration - Login/Login_Button' is clickable

2020-04-27 15:06:26 - [TEST_STEP][PASSED] - verifyTextPresent("Checkatrade Web Office", false): Text 'Checkatrade Web Office' is present on page 

2020-04-27 15:06:26 - [MESSAGE][PASSED] - Text 'Checkatrade Web Office' is present on page 

2020-04-27 15:06:26 - [TEST_STEP][PASSED] - verifyTextPresent("Access for staff use only", false): Text 'Access for staff use only' is present on page 

2020-04-27 15:06:27 - [MESSAGE][PASSED] - Text 'Access for staff use only' is present on page 

2020-04-27 15:06:27 - [TEST_STEP][PASSED] - verifyTextPresent("Forgotten password?", false): Text 'Forgotten password?' is present on page 

2020-04-27 15:06:27 - [MESSAGE][PASSED] - Text 'Forgotten password?' is present on page 

2020-04-27 15:06:27 - [TEST_STEP][PASSED] - setText(findTestObject("Object Repository/WebOffice/Page_Checkatrade - Administration - Login/input_Username_LoginControlUserName"), wo_Username): Text 'DavidHo' is set on object 'Object Repository/WebOffice/Page_Checkatrade - Administration - Login/input_Username_LoginControlUserName'

2020-04-27 15:06:27 - [MESSAGE][PASSED] - Text 'DavidHo' is set on object 'Object Repository/WebOffice/Page_Checkatrade - Administration - Login/input_Username_LoginControlUserName'

2020-04-27 15:06:27 - [TEST_STEP][PASSED] - setText(findTestObject("Object Repository/WebOffice/Page_Checkatrade - Administration - Login/input_Password_LoginControlPassword"), wo_Password): Text 'Check123' is set on object 'Object Repository/WebOffice/Page_Checkatrade - Administration - Login/input_Password_LoginControlPassword'

2020-04-27 15:06:27 - [MESSAGE][PASSED] - Text 'Check123' is set on object 'Object Repository/WebOffice/Page_Checkatrade - Administration - Login/input_Password_LoginControlPassword'

2020-04-27 15:06:27 - [TEST_STEP][PASSED] - click(findTestObject("Object Repository/WebOffice/Page_Checkatrade - Administration - Login/Login_Button")): Object: 'Object Repository/WebOffice/Page_Checkatrade - Administration - Login/Login_Button' is clicked on

2020-04-27 15:06:28 - [MESSAGE][PASSED] - Object: 'Object Repository/WebOffice/Page_Checkatrade - Administration - Login/Login_Button' is clicked on

2020-04-27 15:06:28 - [TEST_STEP][PASSED] - waitForPageLoad(60): Wait for page load successfully

2020-04-27 15:06:28 - [MESSAGE][PASSED] - Wait for page load successfully

2020-04-27 15:06:28 - [TEST_STEP][PASSED] - verifyTextPresent("Welcome " + wo_Username, false): Text 'Welcome DavidHo' is present on page 

2020-04-27 15:06:28 - [MESSAGE][PASSED] - Text 'Welcome DavidHo' is present on page 

2020-04-27 15:06:28 - [MESSAGE][PASSED] - Call Test Case 'Test Cases/Reusable_Test_Sequences/Web_Office/Directives/WebOffice_StartUp' successfully

2020-04-27 15:06:28 - [TEST_STEP][PASSED] - "-----------------------------------------------------------------": null

2020-04-27 15:06:28 - [TEST_STEP][PASSED] - " Navigate to <Settings->Checkatrade.Com->Sub Item> Menu Item     |": null

2020-04-27 15:06:28 - [TEST_STEP][PASSED] - callTestCase(findTestCase("Reusable_Test_Sequences/Web_Office/Navigation/Sub_Menu_Navigation/Reports/Overnight_Import_History"), [:], STOP_ON_FAILURE): Call Test Case 'Test Cases/Reusable_Test_Sequences/Web_Office/Navigation/Sub_Menu_Navigation/Reports/Overnight_Import_History' successfully

2020-04-27 15:06:28 - [TEST_CASE][PASSED] - Test Cases/Reusable_Test_Sequences/Web_Office/Navigation/Sub_Menu_Navigation/Reports/Overnight_Import_History: Test Cases/Reusable_Test_Sequences/Web_Office/Navigation/Sub_Menu_Navigation/Reports/Overnight_Import_History

2020-04-27 15:06:29 - [TEST_STEP][PASSED] - "--------------------------------------": null

2020-04-27 15:06:29 - [TEST_STEP][PASSED] - " Navigate Top level menu Item         |": null

2020-04-27 15:06:29 - [TEST_STEP][PASSED] - waitForPageLoad(60): Wait for page load successfully

2020-04-27 15:06:29 - [MESSAGE][PASSED] - Wait for page load successfully

2020-04-27 15:06:29 - [TEST_STEP][PASSED] - waitForElementClickable(findTestObject("Object Repository/WebOffice_Home_page/a_Reports"), 60): Object 'Object Repository/WebOffice_Home_page/a_Reports' is clickable

2020-04-27 15:06:29 - [MESSAGE][PASSED] - Object 'Object Repository/WebOffice_Home_page/a_Reports' is clickable

2020-04-27 15:06:29 - [TEST_STEP][PASSED] - mouseOver(findTestObject("Object Repository/WebOffice_Home_page/a_Reports")): Object: 'Object Repository/WebOffice_Home_page/a_Reports' is hovered

2020-04-27 15:06:29 - [MESSAGE][PASSED] - Object: 'Object Repository/WebOffice_Home_page/a_Reports' is hovered

2020-04-27 15:06:29 - [TEST_STEP][PASSED] - waitForPageLoad(5): Wait for page load successfully

2020-04-27 15:06:29 - [MESSAGE][PASSED] - Wait for page load successfully

2020-04-27 15:06:29 - [TEST_STEP][PASSED] - waitForElementClickable(findTestObject("Object Repository/WebOffice_Home_page/Page_/a_Overnight Import History"), 5): Object 'Object Repository/WebOffice_Home_page/Page_/a_Overnight Import History' is clickable

2020-04-27 15:06:29 - [MESSAGE][PASSED] - Object 'Object Repository/WebOffice_Home_page/Page_/a_Overnight Import History' is clickable

2020-04-27 15:06:29 - [TEST_STEP][PASSED] - click(findTestObject("Object Repository/WebOffice_Home_page/Page_/a_Overnight Import History")): Object: 'Object Repository/WebOffice_Home_page/Page_/a_Overnight Import History' is clicked on

2020-04-27 15:06:29 - [MESSAGE][PASSED] - Object: 'Object Repository/WebOffice_Home_page/Page_/a_Overnight Import History' is clicked on

2020-04-27 15:06:29 - [MESSAGE][PASSED] - Call Test Case 'Test Cases/Reusable_Test_Sequences/Web_Office/Navigation/Sub_Menu_Navigation/Reports/Overnight_Import_History' successfully

2020-04-27 15:06:29 - [TEST_STEP][PASSED] - "--------------------------------------": null

2020-04-27 15:06:29 - [TEST_STEP][PASSED] - " Verify Returned Page Detail          |": null

2020-04-27 15:06:29 - [TEST_STEP][PASSED] - callTestCase(findTestCase("Reusable_Test_Sequences/Web_Office/Verification/Reports/Overnight_Import_History"), [:], OPTIONAL): Call Test Case 'Test Cases/Reusable_Test_Sequences/Web_Office/Verification/Reports/Overnight_Import_History' successfully

2020-04-27 15:06:29 - [TEST_CASE][PASSED] - Test Cases/Reusable_Test_Sequences/Web_Office/Verification/Reports/Overnight_Import_History: Test Cases/Reusable_Test_Sequences/Web_Office/Verification/Reports/Overnight_Import_History

2020-04-27 15:06:30 - [TEST_STEP][PASSED] - waitForPageLoad(120): Wait for page load successfully

2020-04-27 15:06:30 - [MESSAGE][PASSED] - Wait for page load successfully

2020-04-27 15:06:30 - [TEST_STEP][PASSED] - delay(1): Delayed 1 second(s)

2020-04-27 15:06:31 - [MESSAGE][PASSED] - Delayed 1 second(s)

2020-04-27 15:06:31 - [TEST_STEP][PASSED] - verifyTextPresent("Trade Register - Overnight Import Statistics", false): Text 'Trade Register - Overnight Import Statistics' is present on page 

2020-04-27 15:06:31 - [MESSAGE][PASSED] - Text 'Trade Register - Overnight Import Statistics' is present on page 

2020-04-27 15:06:31 - [TEST_STEP][PASSED] - "----------------------------------------------": null

2020-04-27 15:06:31 - [TEST_STEP][PASSED] - verifyTextPresent("Import Date", false): Text 'Import Date' is present on page 

2020-04-27 15:06:31 - [MESSAGE][PASSED] - Text 'Import Date' is present on page 

2020-04-27 15:06:31 - [TEST_STEP][PASSED] - verifyTextPresent("New Company", false): Text 'New Company' is present on page 

2020-04-27 15:06:32 - [MESSAGE][PASSED] - Text 'New Company' is present on page 

2020-04-27 15:06:32 - [TEST_STEP][PASSED] - verifyTextPresent("Modified Company", false): Text 'Modified Company' is present on page 

2020-04-27 15:06:32 - [MESSAGE][PASSED] - Text 'Modified Company' is present on page 

2020-04-27 15:06:32 - [TEST_STEP][PASSED] - verifyTextPresent("New Feedback", false): Text 'New Feedback' is present on page 

2020-04-27 15:06:32 - [MESSAGE][PASSED] - Text 'New Feedback' is present on page 

2020-04-27 15:06:32 - [TEST_STEP][PASSED] - verifyTextPresent("New Vetting Reference", false): Text 'New Vetting Reference' is present on page 

2020-04-27 15:06:33 - [MESSAGE][PASSED] - Text 'New Vetting Reference' is present on page 

2020-04-27 15:06:33 - [TEST_STEP][PASSED] - "----------------------------------------------": null

2020-04-27 15:06:33 - [TEST_STEP][PASSED] - verifyTextPresent("Thu", false): Text 'Thu' is present on page 

2020-04-27 15:06:33 - [MESSAGE][PASSED] - Text 'Thu' is present on page 

2020-04-27 15:06:33 - [TEST_STEP][PASSED] - verifyTextPresent("Wed", false): Text 'Wed' is present on page 

2020-04-27 15:06:33 - [MESSAGE][PASSED] - Text 'Wed' is present on page 

2020-04-27 15:06:33 - [TEST_STEP][PASSED] - verifyTextPresent("Mar", false): Text 'Mar' is present on page 

2020-04-27 15:06:33 - [MESSAGE][PASSED] - Text 'Mar' is present on page 

2020-04-27 15:06:33 - [TEST_STEP][PASSED] - verifyTextPresent("20", false): Text '20' is present on page 

2020-04-27 15:06:34 - [MESSAGE][PASSED] - Text '20' is present on page 

2020-04-27 15:06:34 - [TEST_STEP][PASSED] - verifyTextPresent("1", false): Text '1' is present on page 

2020-04-27 15:06:34 - [MESSAGE][PASSED] - Text '1' is present on page 

2020-04-27 15:06:34 - [MESSAGE][PASSED] - Call Test Case 'Test Cases/Reusable_Test_Sequences/Web_Office/Verification/Reports/Overnight_Import_History' successfully

2020-04-27 15:06:34 - [TEST_STEP][PASSED] - "--------------------------": null

2020-04-27 15:06:34 - [TEST_STEP][PASSED] - " Teardown - CLose Browser |": null

2020-04-27 15:06:34 - [TEST_STEP][PASSED] - callTestCase(findTestCase("Reusable_Test_Sequences/CAT_Teardown"), [:], OPTIONAL): Call Test Case 'Test Cases/Reusable_Test_Sequences/CAT_Teardown' successfully

2020-04-27 15:06:34 - [TEST_CASE][PASSED] - Test Cases/Reusable_Test_Sequences/CAT_Teardown: Test Cases/Reusable_Test_Sequences/CAT_Teardown

2020-04-27 15:06:34 - [TEST_STEP][PASSED] - closeBrowser(): Browser is closed

2020-04-27 15:06:36 - [MESSAGE][PASSED] - Browser is closed

2020-04-27 15:06:36 - [TEST_STEP][PASSED] - super.finalize(): null

2020-04-27 15:06:36 - [TEST_STEP][PASSED] - System.gc(): null

2020-04-27 15:06:36 - [MESSAGE][PASSED] - Call Test Case 'Test Cases/Reusable_Test_Sequences/CAT_Teardown' successfully]]></system-out>
         <system-err><![CDATA[]]></system-err>
      </testcase>
      <testcase name="Test Cases/Web_Office/Reports/Population_Report" time="25.2" classname="Test Cases/Web_Office/Reports/Population_Report" status="PASSED">
         <system-out><![CDATA[2020-04-27 15:06:36 - [TEST_CASE][PASSED] - Test Cases/Web_Office/Reports/Population_Report: Test Cases/Web_Office/Reports/Population_Report

2020-04-27 15:06:36 - [TEST_STEP][PASSED] - "--------------------------------------": null

2020-04-27 15:06:36 - [TEST_STEP][PASSED] - " Web Office StartUp                  |": null

2020-04-27 15:06:36 - [TEST_STEP][PASSED] - callTestCase(findTestCase("Reusable_Test_Sequences/Web_Office/Directives/WebOffice_StartUp"), [:], STOP_ON_FAILURE): Call Test Case 'Test Cases/Reusable_Test_Sequences/Web_Office/Directives/WebOffice_StartUp' successfully

2020-04-27 15:06:37 - [TEST_CASE][PASSED] - Test Cases/Reusable_Test_Sequences/Web_Office/Directives/WebOffice_StartUp: Test Cases/Reusable_Test_Sequences/Web_Office/Directives/WebOffice_StartUp

2020-04-27 15:06:37 - [TEST_STEP][PASSED] - "-----------------------------------------------------------------------------": null

2020-04-27 15:06:37 - [TEST_STEP][PASSED] - if (URL == "https://www.dev.checkatrade.com/"): null

2020-04-27 15:06:37 - [TEST_STEP][PASSED] - "-----------------------------------------------------------------------------": null

2020-04-27 15:06:37 - [TEST_STEP][PASSED] - if (URL == "https://www.checkatrade.com/"): null

2020-04-27 15:06:37 - [TEST_STEP][PASSED] - "-----------------------------------------------------------------------------": null

2020-04-27 15:06:37 - [TEST_STEP][PASSED] - if (URL == "https://www.preview.checkatrade.com/"): null

2020-04-27 15:06:37 - [TEST_STEP][PASSED] - WebOfficeURL = "https://admin.preview.checkatrade.com/": null

2020-04-27 15:06:37 - [TEST_STEP][PASSED] - if (URL == "https://www.dev2.checkatrade.com/"): null

2020-04-27 15:06:37 - [TEST_STEP][PASSED] - "Set Function Area for "URL_Handler", URL Resolution": null

2020-04-27 15:06:37 - [TEST_STEP][PASSED] - "Do Some Magic with URL(s) See the comments within URL Handler ": null

2020-04-27 15:06:37 - [TEST_STEP][PASSED] - "------------------------------------------------": null

2020-04-27 15:06:37 - [TEST_STEP][PASSED] - "Moved Login Credentials to <Default> profile 22/01/2020": null

2020-04-27 15:06:37 - [TEST_STEP][PASSED] - "------------------------------------------------": null

2020-04-27 15:06:37 - [TEST_STEP][PASSED] - "WebOfficeURL - Set from the ENVIRONMENT PROFILE ": null

2020-04-27 15:06:37 - [TEST_STEP][PASSED] - "OPEN BROWSER": null

2020-04-27 15:06:37 - [TEST_STEP][PASSED] - "eg - https://admin.preview.checkatrade.com/  ": null

2020-04-27 15:06:37 - [TEST_STEP][PASSED] - openBrowser(WebOfficeURL): Browser is opened with url: 'https://admin.preview.checkatrade.com/'

2020-04-27 15:06:37 - [MESSAGE][INFO] - Starting 'Chrome' driver

2020-04-27 15:06:37 - [MESSAGE][INFO] - Action delay is set to 0 milliseconds

2020-04-27 15:06:42 - [MESSAGE][PASSED] - Browser is opened with url: 'https://admin.preview.checkatrade.com/'

2020-04-27 15:06:42 - [TEST_STEP][PASSED] - maximizeWindow(): Current window maximized

2020-04-27 15:06:44 - [MESSAGE][PASSED] - Current window maximized

2020-04-27 15:06:44 - [TEST_STEP][PASSED] - waitForElementClickable(findTestObject("Object Repository/WebOffice/Page_Checkatrade - Administration - Login/Login_Button"), 25): Object 'Object Repository/WebOffice/Page_Checkatrade - Administration - Login/Login_Button' is clickable

2020-04-27 15:06:44 - [MESSAGE][PASSED] - Object 'Object Repository/WebOffice/Page_Checkatrade - Administration - Login/Login_Button' is clickable

2020-04-27 15:06:44 - [TEST_STEP][PASSED] - verifyTextPresent("Checkatrade Web Office", false): Text 'Checkatrade Web Office' is present on page 

2020-04-27 15:06:44 - [MESSAGE][PASSED] - Text 'Checkatrade Web Office' is present on page 

2020-04-27 15:06:44 - [TEST_STEP][PASSED] - verifyTextPresent("Access for staff use only", false): Text 'Access for staff use only' is present on page 

2020-04-27 15:06:44 - [MESSAGE][PASSED] - Text 'Access for staff use only' is present on page 

2020-04-27 15:06:44 - [TEST_STEP][PASSED] - verifyTextPresent("Forgotten password?", false): Text 'Forgotten password?' is present on page 

2020-04-27 15:06:45 - [MESSAGE][PASSED] - Text 'Forgotten password?' is present on page 

2020-04-27 15:06:45 - [TEST_STEP][PASSED] - setText(findTestObject("Object Repository/WebOffice/Page_Checkatrade - Administration - Login/input_Username_LoginControlUserName"), wo_Username): Text 'DavidHo' is set on object 'Object Repository/WebOffice/Page_Checkatrade - Administration - Login/input_Username_LoginControlUserName'

2020-04-27 15:06:45 - [MESSAGE][PASSED] - Text 'DavidHo' is set on object 'Object Repository/WebOffice/Page_Checkatrade - Administration - Login/input_Username_LoginControlUserName'

2020-04-27 15:06:45 - [TEST_STEP][PASSED] - setText(findTestObject("Object Repository/WebOffice/Page_Checkatrade - Administration - Login/input_Password_LoginControlPassword"), wo_Password): Text 'Check123' is set on object 'Object Repository/WebOffice/Page_Checkatrade - Administration - Login/input_Password_LoginControlPassword'

2020-04-27 15:06:45 - [MESSAGE][PASSED] - Text 'Check123' is set on object 'Object Repository/WebOffice/Page_Checkatrade - Administration - Login/input_Password_LoginControlPassword'

2020-04-27 15:06:45 - [TEST_STEP][PASSED] - click(findTestObject("Object Repository/WebOffice/Page_Checkatrade - Administration - Login/Login_Button")): Object: 'Object Repository/WebOffice/Page_Checkatrade - Administration - Login/Login_Button' is clicked on

2020-04-27 15:06:46 - [MESSAGE][PASSED] - Object: 'Object Repository/WebOffice/Page_Checkatrade - Administration - Login/Login_Button' is clicked on

2020-04-27 15:06:46 - [TEST_STEP][PASSED] - waitForPageLoad(60): Wait for page load successfully

2020-04-27 15:06:46 - [MESSAGE][PASSED] - Wait for page load successfully

2020-04-27 15:06:46 - [TEST_STEP][PASSED] - verifyTextPresent("Welcome " + wo_Username, false): Text 'Welcome DavidHo' is present on page 

2020-04-27 15:06:46 - [MESSAGE][PASSED] - Text 'Welcome DavidHo' is present on page 

2020-04-27 15:06:46 - [MESSAGE][PASSED] - Call Test Case 'Test Cases/Reusable_Test_Sequences/Web_Office/Directives/WebOffice_StartUp' successfully

2020-04-27 15:06:46 - [TEST_STEP][PASSED] - "-----------------------------------------------------------------": null

2020-04-27 15:06:46 - [TEST_STEP][PASSED] - " Navigate to <Settings->Checkatrade.Com->Sub Item> Menu Item     |": null

2020-04-27 15:06:46 - [TEST_STEP][PASSED] - callTestCase(findTestCase("Reusable_Test_Sequences/Web_Office/Navigation/Sub_Menu_Navigation/Reports/Population_Report"), [:], STOP_ON_FAILURE): Call Test Case 'Test Cases/Reusable_Test_Sequences/Web_Office/Navigation/Sub_Menu_Navigation/Reports/Population_Report' successfully

2020-04-27 15:06:47 - [TEST_CASE][PASSED] - Test Cases/Reusable_Test_Sequences/Web_Office/Navigation/Sub_Menu_Navigation/Reports/Population_Report: Test Cases/Reusable_Test_Sequences/Web_Office/Navigation/Sub_Menu_Navigation/Reports/Population_Report

2020-04-27 15:06:47 - [TEST_STEP][PASSED] - "--------------------------------------": null

2020-04-27 15:06:47 - [TEST_STEP][PASSED] - " Navigate Top level menu Item         |": null

2020-04-27 15:06:47 - [TEST_STEP][PASSED] - waitForPageLoad(60): Wait for page load successfully

2020-04-27 15:06:47 - [MESSAGE][PASSED] - Wait for page load successfully

2020-04-27 15:06:47 - [TEST_STEP][PASSED] - waitForElementClickable(findTestObject("Object Repository/WebOffice_Home_page/a_Reports"), 60): Object 'Object Repository/WebOffice_Home_page/a_Reports' is clickable

2020-04-27 15:06:47 - [MESSAGE][PASSED] - Object 'Object Repository/WebOffice_Home_page/a_Reports' is clickable

2020-04-27 15:06:47 - [TEST_STEP][PASSED] - mouseOver(findTestObject("Object Repository/WebOffice_Home_page/a_Reports")): Object: 'Object Repository/WebOffice_Home_page/a_Reports' is hovered

2020-04-27 15:06:47 - [MESSAGE][PASSED] - Object: 'Object Repository/WebOffice_Home_page/a_Reports' is hovered

2020-04-27 15:06:47 - [TEST_STEP][PASSED] - waitForPageLoad(5): Wait for page load successfully

2020-04-27 15:06:47 - [MESSAGE][PASSED] - Wait for page load successfully

2020-04-27 15:06:47 - [TEST_STEP][PASSED] - waitForElementClickable(findTestObject("Object Repository/WebOffice_Home_page/Page_/a_Population Report"), 5): Object 'Object Repository/WebOffice_Home_page/Page_/a_Population Report' is clickable

2020-04-27 15:06:48 - [MESSAGE][PASSED] - Object 'Object Repository/WebOffice_Home_page/Page_/a_Population Report' is clickable

2020-04-27 15:06:48 - [TEST_STEP][PASSED] - click(findTestObject("Object Repository/WebOffice_Home_page/Page_/a_Population Report")): Object: 'Object Repository/WebOffice_Home_page/Page_/a_Population Report' is clicked on

2020-04-27 15:06:49 - [MESSAGE][PASSED] - Object: 'Object Repository/WebOffice_Home_page/Page_/a_Population Report' is clicked on

2020-04-27 15:06:49 - [MESSAGE][PASSED] - Call Test Case 'Test Cases/Reusable_Test_Sequences/Web_Office/Navigation/Sub_Menu_Navigation/Reports/Population_Report' successfully

2020-04-27 15:06:49 - [TEST_STEP][PASSED] - "--------------------------------------": null

2020-04-27 15:06:49 - [TEST_STEP][PASSED] - " Verify Returned Page Detail          |": null

2020-04-27 15:06:49 - [TEST_STEP][PASSED] - callTestCase(findTestCase("Reusable_Test_Sequences/Web_Office/Verification/Reports/Population_Report"), [:], OPTIONAL): Call Test Case 'Test Cases/Reusable_Test_Sequences/Web_Office/Verification/Reports/Population_Report' successfully

2020-04-27 15:06:49 - [TEST_CASE][PASSED] - Test Cases/Reusable_Test_Sequences/Web_Office/Verification/Reports/Population_Report: Test Cases/Reusable_Test_Sequences/Web_Office/Verification/Reports/Population_Report

2020-04-27 15:06:50 - [TEST_STEP][PASSED] - waitForPageLoad(120): Wait for page load successfully

2020-04-27 15:06:50 - [MESSAGE][PASSED] - Wait for page load successfully

2020-04-27 15:06:50 - [TEST_STEP][PASSED] - delay(1): Delayed 1 second(s)

2020-04-27 15:06:51 - [MESSAGE][PASSED] - Delayed 1 second(s)

2020-04-27 15:06:51 - [TEST_STEP][PASSED] - verifyTextPresent("Searches by Location and Category", false): Text 'Searches by Location and Category' is present on page 

2020-04-27 15:06:52 - [MESSAGE][PASSED] - Text 'Searches by Location and Category' is present on page 

2020-04-27 15:06:52 - [TEST_STEP][PASSED] - "----------------------------------------------": null

2020-04-27 15:06:52 - [TEST_STEP][PASSED] - verifyTextPresent("Postcodes", false): Text 'Postcodes' is present on page 

2020-04-27 15:06:53 - [MESSAGE][PASSED] - Text 'Postcodes' is present on page 

2020-04-27 15:06:53 - [TEST_STEP][PASSED] - verifyTextPresent("Select Categories", false): Text 'Select Categories' is present on page 

2020-04-27 15:06:54 - [MESSAGE][PASSED] - Text 'Select Categories' is present on page 

2020-04-27 15:06:54 - [TEST_STEP][PASSED] - verifyTextPresent("Search Radiuse", false): Text 'Search Radiuse' is present on page 

2020-04-27 15:06:54 - [MESSAGE][PASSED] - Text 'Search Radiuse' is present on page 

2020-04-27 15:06:54 - [TEST_STEP][PASSED] - verifyTextPresent("Included postcodes based on search radius", false): Text 'Included postcodes based on search radius' is present on page 

2020-04-27 15:06:55 - [MESSAGE][PASSED] - Text 'Included postcodes based on search radius' is present on page 

2020-04-27 15:06:55 - [TEST_STEP][PASSED] - verifyTextPresent("Select Date Range", false): Text 'Select Date Range' is present on page 

2020-04-27 15:06:56 - [MESSAGE][PASSED] - Text 'Select Date Range' is present on page 

2020-04-27 15:06:56 - [TEST_STEP][PASSED] - verifyTextPresent("Populate Grid", false): Text 'Populate Grid' is present on page 

2020-04-27 15:06:57 - [MESSAGE][PASSED] - Text 'Populate Grid' is present on page 

2020-04-27 15:06:57 - [TEST_STEP][PASSED] - verifyTextPresent("Note: Be patient, to show the final", false): Text 'Note: Be patient, to show the final' is present on page 

2020-04-27 15:06:57 - [MESSAGE][PASSED] - Text 'Note: Be patient, to show the final' is present on page 

2020-04-27 15:06:57 - [TEST_STEP][PASSED] - verifyTextPresent("result may take some time,", false): Text 'result may take some time,' is present on page 

2020-04-27 15:06:58 - [MESSAGE][PASSED] - Text 'result may take some time,' is present on page 

2020-04-27 15:06:58 - [TEST_STEP][PASSED] - verifyTextPresent("depending on the number of postcodes,", false): Text 'depending on the number of postcodes,' is present on page 

2020-04-27 15:06:59 - [MESSAGE][PASSED] - Text 'depending on the number of postcodes,' is present on page 

2020-04-27 15:06:59 - [TEST_STEP][PASSED] - verifyTextPresent("radius and categories selected!", false): Text 'radius and categories selected!' is present on page 

2020-04-27 15:07:00 - [MESSAGE][PASSED] - Text 'radius and categories selected!' is present on page 

2020-04-27 15:07:00 - [MESSAGE][PASSED] - Call Test Case 'Test Cases/Reusable_Test_Sequences/Web_Office/Verification/Reports/Population_Report' successfully

2020-04-27 15:07:00 - [TEST_STEP][PASSED] - "--------------------------": null

2020-04-27 15:07:00 - [TEST_STEP][PASSED] - " Teardown - CLose Browser |": null

2020-04-27 15:07:00 - [TEST_STEP][PASSED] - callTestCase(findTestCase("Reusable_Test_Sequences/CAT_Teardown"), [:], OPTIONAL): Call Test Case 'Test Cases/Reusable_Test_Sequences/CAT_Teardown' successfully

2020-04-27 15:07:01 - [TEST_CASE][PASSED] - Test Cases/Reusable_Test_Sequences/CAT_Teardown: Test Cases/Reusable_Test_Sequences/CAT_Teardown

2020-04-27 15:07:01 - [TEST_STEP][PASSED] - closeBrowser(): Browser is closed

2020-04-27 15:07:01 - [MESSAGE][PASSED] - Browser is closed

2020-04-27 15:07:01 - [TEST_STEP][PASSED] - super.finalize(): null

2020-04-27 15:07:01 - [TEST_STEP][PASSED] - System.gc(): null

2020-04-27 15:07:01 - [MESSAGE][PASSED] - Call Test Case 'Test Cases/Reusable_Test_Sequences/CAT_Teardown' successfully]]></system-out>
         <system-err><![CDATA[]]></system-err>
      </testcase>
      <testcase name="Test Cases/Web_Office/Reports/Exclusion_Report" time="20.966" classname="Test Cases/Web_Office/Reports/Exclusion_Report" status="PASSED">
         <system-out><![CDATA[2020-04-27 15:07:01 - [TEST_CASE][PASSED] - Test Cases/Web_Office/Reports/Exclusion_Report: Test Cases/Web_Office/Reports/Exclusion_Report

2020-04-27 15:07:02 - [TEST_STEP][PASSED] - "--------------------------------------": null

2020-04-27 15:07:02 - [TEST_STEP][PASSED] - " Web Office StartUp                  |": null

2020-04-27 15:07:02 - [TEST_STEP][PASSED] - callTestCase(findTestCase("Reusable_Test_Sequences/Web_Office/Directives/WebOffice_StartUp"), [:], STOP_ON_FAILURE): Call Test Case 'Test Cases/Reusable_Test_Sequences/Web_Office/Directives/WebOffice_StartUp' successfully

2020-04-27 15:07:02 - [TEST_CASE][PASSED] - Test Cases/Reusable_Test_Sequences/Web_Office/Directives/WebOffice_StartUp: Test Cases/Reusable_Test_Sequences/Web_Office/Directives/WebOffice_StartUp

2020-04-27 15:07:02 - [TEST_STEP][PASSED] - "-----------------------------------------------------------------------------": null

2020-04-27 15:07:02 - [TEST_STEP][PASSED] - if (URL == "https://www.dev.checkatrade.com/"): null

2020-04-27 15:07:02 - [TEST_STEP][PASSED] - "-----------------------------------------------------------------------------": null

2020-04-27 15:07:02 - [TEST_STEP][PASSED] - if (URL == "https://www.checkatrade.com/"): null

2020-04-27 15:07:02 - [TEST_STEP][PASSED] - "-----------------------------------------------------------------------------": null

2020-04-27 15:07:02 - [TEST_STEP][PASSED] - if (URL == "https://www.preview.checkatrade.com/"): null

2020-04-27 15:07:02 - [TEST_STEP][PASSED] - WebOfficeURL = "https://admin.preview.checkatrade.com/": null

2020-04-27 15:07:02 - [TEST_STEP][PASSED] - if (URL == "https://www.dev2.checkatrade.com/"): null

2020-04-27 15:07:02 - [TEST_STEP][PASSED] - "Set Function Area for "URL_Handler", URL Resolution": null

2020-04-27 15:07:02 - [TEST_STEP][PASSED] - "Do Some Magic with URL(s) See the comments within URL Handler ": null

2020-04-27 15:07:02 - [TEST_STEP][PASSED] - "------------------------------------------------": null

2020-04-27 15:07:02 - [TEST_STEP][PASSED] - "Moved Login Credentials to <Default> profile 22/01/2020": null

2020-04-27 15:07:02 - [TEST_STEP][PASSED] - "------------------------------------------------": null

2020-04-27 15:07:02 - [TEST_STEP][PASSED] - "WebOfficeURL - Set from the ENVIRONMENT PROFILE ": null

2020-04-27 15:07:02 - [TEST_STEP][PASSED] - "OPEN BROWSER": null

2020-04-27 15:07:02 - [TEST_STEP][PASSED] - "eg - https://admin.preview.checkatrade.com/  ": null

2020-04-27 15:07:02 - [TEST_STEP][PASSED] - openBrowser(WebOfficeURL): Browser is opened with url: 'https://admin.preview.checkatrade.com/'

2020-04-27 15:07:02 - [MESSAGE][INFO] - Starting 'Chrome' driver

2020-04-27 15:07:02 - [MESSAGE][INFO] - Action delay is set to 0 milliseconds

2020-04-27 15:07:07 - [MESSAGE][PASSED] - Browser is opened with url: 'https://admin.preview.checkatrade.com/'

2020-04-27 15:07:07 - [TEST_STEP][PASSED] - maximizeWindow(): Current window maximized

2020-04-27 15:07:09 - [MESSAGE][PASSED] - Current window maximized

2020-04-27 15:07:09 - [TEST_STEP][PASSED] - waitForElementClickable(findTestObject("Object Repository/WebOffice/Page_Checkatrade - Administration - Login/Login_Button"), 25): Object 'Object Repository/WebOffice/Page_Checkatrade - Administration - Login/Login_Button' is clickable

2020-04-27 15:07:09 - [MESSAGE][PASSED] - Object 'Object Repository/WebOffice/Page_Checkatrade - Administration - Login/Login_Button' is clickable

2020-04-27 15:07:09 - [TEST_STEP][PASSED] - verifyTextPresent("Checkatrade Web Office", false): Text 'Checkatrade Web Office' is present on page 

2020-04-27 15:07:09 - [MESSAGE][PASSED] - Text 'Checkatrade Web Office' is present on page 

2020-04-27 15:07:09 - [TEST_STEP][PASSED] - verifyTextPresent("Access for staff use only", false): Text 'Access for staff use only' is present on page 

2020-04-27 15:07:09 - [MESSAGE][PASSED] - Text 'Access for staff use only' is present on page 

2020-04-27 15:07:09 - [TEST_STEP][PASSED] - verifyTextPresent("Forgotten password?", false): Text 'Forgotten password?' is present on page 

2020-04-27 15:07:10 - [MESSAGE][PASSED] - Text 'Forgotten password?' is present on page 

2020-04-27 15:07:10 - [TEST_STEP][PASSED] - setText(findTestObject("Object Repository/WebOffice/Page_Checkatrade - Administration - Login/input_Username_LoginControlUserName"), wo_Username): Text 'DavidHo' is set on object 'Object Repository/WebOffice/Page_Checkatrade - Administration - Login/input_Username_LoginControlUserName'

2020-04-27 15:07:10 - [MESSAGE][PASSED] - Text 'DavidHo' is set on object 'Object Repository/WebOffice/Page_Checkatrade - Administration - Login/input_Username_LoginControlUserName'

2020-04-27 15:07:10 - [TEST_STEP][PASSED] - setText(findTestObject("Object Repository/WebOffice/Page_Checkatrade - Administration - Login/input_Password_LoginControlPassword"), wo_Password): Text 'Check123' is set on object 'Object Repository/WebOffice/Page_Checkatrade - Administration - Login/input_Password_LoginControlPassword'

2020-04-27 15:07:10 - [MESSAGE][PASSED] - Text 'Check123' is set on object 'Object Repository/WebOffice/Page_Checkatrade - Administration - Login/input_Password_LoginControlPassword'

2020-04-27 15:07:10 - [TEST_STEP][PASSED] - click(findTestObject("Object Repository/WebOffice/Page_Checkatrade - Administration - Login/Login_Button")): Object: 'Object Repository/WebOffice/Page_Checkatrade - Administration - Login/Login_Button' is clicked on

2020-04-27 15:07:13 - [MESSAGE][PASSED] - Object: 'Object Repository/WebOffice/Page_Checkatrade - Administration - Login/Login_Button' is clicked on

2020-04-27 15:07:13 - [TEST_STEP][PASSED] - waitForPageLoad(60): Wait for page load successfully

2020-04-27 15:07:13 - [MESSAGE][PASSED] - Wait for page load successfully

2020-04-27 15:07:13 - [TEST_STEP][PASSED] - verifyTextPresent("Welcome " + wo_Username, false): Text 'Welcome DavidHo' is present on page 

2020-04-27 15:07:13 - [MESSAGE][PASSED] - Text 'Welcome DavidHo' is present on page 

2020-04-27 15:07:13 - [MESSAGE][PASSED] - Call Test Case 'Test Cases/Reusable_Test_Sequences/Web_Office/Directives/WebOffice_StartUp' successfully

2020-04-27 15:07:13 - [TEST_STEP][PASSED] - "-----------------------------------------------------------------": null

2020-04-27 15:07:13 - [TEST_STEP][PASSED] - " Navigate to <Settings->Checkatrade.Com->Sub Item> Menu Item     |": null

2020-04-27 15:07:13 - [TEST_STEP][PASSED] - callTestCase(findTestCase("Reusable_Test_Sequences/Web_Office/Navigation/Sub_Menu_Navigation/Reports/Exclusion_Report"), [:], STOP_ON_FAILURE): Call Test Case 'Test Cases/Reusable_Test_Sequences/Web_Office/Navigation/Sub_Menu_Navigation/Reports/Exclusion_Report' successfully

2020-04-27 15:07:13 - [TEST_CASE][PASSED] - Test Cases/Reusable_Test_Sequences/Web_Office/Navigation/Sub_Menu_Navigation/Reports/Exclusion_Report: Test Cases/Reusable_Test_Sequences/Web_Office/Navigation/Sub_Menu_Navigation/Reports/Exclusion_Report

2020-04-27 15:07:14 - [TEST_STEP][PASSED] - "--------------------------------------": null

2020-04-27 15:07:14 - [TEST_STEP][PASSED] - " Navigate Top level menu Item         |": null

2020-04-27 15:07:14 - [TEST_STEP][PASSED] - waitForPageLoad(60): Wait for page load successfully

2020-04-27 15:07:14 - [MESSAGE][PASSED] - Wait for page load successfully

2020-04-27 15:07:14 - [TEST_STEP][PASSED] - waitForElementClickable(findTestObject("Object Repository/WebOffice_Home_page/a_Reports"), 60): Object 'Object Repository/WebOffice_Home_page/a_Reports' is clickable

2020-04-27 15:07:14 - [MESSAGE][PASSED] - Object 'Object Repository/WebOffice_Home_page/a_Reports' is clickable

2020-04-27 15:07:14 - [TEST_STEP][PASSED] - mouseOver(findTestObject("Object Repository/WebOffice_Home_page/a_Reports")): Object: 'Object Repository/WebOffice_Home_page/a_Reports' is hovered

2020-04-27 15:07:15 - [MESSAGE][PASSED] - Object: 'Object Repository/WebOffice_Home_page/a_Reports' is hovered

2020-04-27 15:07:15 - [TEST_STEP][PASSED] - waitForPageLoad(5): Wait for page load successfully

2020-04-27 15:07:15 - [MESSAGE][PASSED] - Wait for page load successfully

2020-04-27 15:07:15 - [TEST_STEP][PASSED] - waitForElementClickable(findTestObject("Object Repository/WebOffice_Home_page/Page_/a_Exclusion Report"), 5): Object 'Object Repository/WebOffice_Home_page/Page_/a_Exclusion Report' is clickable

2020-04-27 15:07:15 - [MESSAGE][PASSED] - Object 'Object Repository/WebOffice_Home_page/Page_/a_Exclusion Report' is clickable

2020-04-27 15:07:15 - [TEST_STEP][PASSED] - click(findTestObject("Object Repository/WebOffice_Home_page/Page_/a_Exclusion Report")): Object: 'Object Repository/WebOffice_Home_page/Page_/a_Exclusion Report' is clicked on

2020-04-27 15:07:16 - [MESSAGE][PASSED] - Object: 'Object Repository/WebOffice_Home_page/Page_/a_Exclusion Report' is clicked on

2020-04-27 15:07:16 - [MESSAGE][PASSED] - Call Test Case 'Test Cases/Reusable_Test_Sequences/Web_Office/Navigation/Sub_Menu_Navigation/Reports/Exclusion_Report' successfully

2020-04-27 15:07:16 - [TEST_STEP][PASSED] - "--------------------------------------": null

2020-04-27 15:07:16 - [TEST_STEP][PASSED] - " Verify Returned Page Detail          |": null

2020-04-27 15:07:16 - [TEST_STEP][PASSED] - callTestCase(findTestCase("Reusable_Test_Sequences/Web_Office/Verification/Reports/Exclusion_Report"), [:], OPTIONAL): Call Test Case 'Test Cases/Reusable_Test_Sequences/Web_Office/Verification/Reports/Exclusion_Report' successfully

2020-04-27 15:07:16 - [TEST_CASE][PASSED] - Test Cases/Reusable_Test_Sequences/Web_Office/Verification/Reports/Exclusion_Report: Test Cases/Reusable_Test_Sequences/Web_Office/Verification/Reports/Exclusion_Report

2020-04-27 15:07:16 - [TEST_STEP][PASSED] - waitForPageLoad(120): Wait for page load successfully

2020-04-27 15:07:16 - [MESSAGE][PASSED] - Wait for page load successfully

2020-04-27 15:07:16 - [TEST_STEP][PASSED] - delay(1): Delayed 1 second(s)

2020-04-27 15:07:17 - [MESSAGE][PASSED] - Delayed 1 second(s)

2020-04-27 15:07:17 - [TEST_STEP][PASSED] - verifyTextPresent("Exclusion Report", false): Text 'Exclusion Report' is present on page 

2020-04-27 15:07:17 - [MESSAGE][PASSED] - Text 'Exclusion Report' is present on page 

2020-04-27 15:07:17 - [TEST_STEP][PASSED] - "----------------------------------------------": null

2020-04-27 15:07:17 - [TEST_STEP][PASSED] - verifyTextPresent("Filters", false): Text 'Filters' is present on page 

2020-04-27 15:07:17 - [MESSAGE][PASSED] - Text 'Filters' is present on page 

2020-04-27 15:07:17 - [TEST_STEP][PASSED] - verifyTextPresent("Start Date", false): Text 'Start Date' is present on page 

2020-04-27 15:07:18 - [MESSAGE][PASSED] - Text 'Start Date' is present on page 

2020-04-27 15:07:18 - [TEST_STEP][PASSED] - verifyTextPresent("End Date", false): Text 'End Date' is present on page 

2020-04-27 15:07:18 - [MESSAGE][PASSED] - Text 'End Date' is present on page 

2020-04-27 15:07:18 - [TEST_STEP][PASSED] - verifyTextPresent("Membership level", false): Text 'Membership level' is present on page 

2020-04-27 15:07:18 - [MESSAGE][PASSED] - Text 'Membership level' is present on page 

2020-04-27 15:07:18 - [MESSAGE][PASSED] - Call Test Case 'Test Cases/Reusable_Test_Sequences/Web_Office/Verification/Reports/Exclusion_Report' successfully

2020-04-27 15:07:18 - [TEST_STEP][PASSED] - "--------------------------": null

2020-04-27 15:07:18 - [TEST_STEP][PASSED] - " Teardown - CLose Browser |": null

2020-04-27 15:07:18 - [TEST_STEP][PASSED] - callTestCase(findTestCase("Reusable_Test_Sequences/CAT_Teardown"), [:], OPTIONAL): Call Test Case 'Test Cases/Reusable_Test_Sequences/CAT_Teardown' successfully

2020-04-27 15:07:18 - [TEST_CASE][PASSED] - Test Cases/Reusable_Test_Sequences/CAT_Teardown: Test Cases/Reusable_Test_Sequences/CAT_Teardown

2020-04-27 15:07:18 - [TEST_STEP][PASSED] - closeBrowser(): Browser is closed

2020-04-27 15:07:22 - [MESSAGE][PASSED] - Browser is closed

2020-04-27 15:07:22 - [TEST_STEP][PASSED] - super.finalize(): null

2020-04-27 15:07:22 - [TEST_STEP][PASSED] - System.gc(): null

2020-04-27 15:07:22 - [MESSAGE][PASSED] - Call Test Case 'Test Cases/Reusable_Test_Sequences/CAT_Teardown' successfully]]></system-out>
         <system-err><![CDATA[]]></system-err>
      </testcase>
      <testcase name="Test Cases/Web_Office/Reports/Retentions" time="21.129" classname="Test Cases/Web_Office/Reports/Retentions" status="PASSED">
         <system-out><![CDATA[2020-04-27 15:07:22 - [TEST_CASE][PASSED] - Test Cases/Web_Office/Reports/Retentions: Test Cases/Web_Office/Reports/Retentions

2020-04-27 15:07:23 - [TEST_STEP][PASSED] - "--------------------------------------": null

2020-04-27 15:07:23 - [TEST_STEP][PASSED] - " Web Office StartUp                  |": null

2020-04-27 15:07:23 - [TEST_STEP][PASSED] - callTestCase(findTestCase("Reusable_Test_Sequences/Web_Office/Directives/WebOffice_StartUp"), [:], STOP_ON_FAILURE): Call Test Case 'Test Cases/Reusable_Test_Sequences/Web_Office/Directives/WebOffice_StartUp' successfully

2020-04-27 15:07:23 - [TEST_CASE][PASSED] - Test Cases/Reusable_Test_Sequences/Web_Office/Directives/WebOffice_StartUp: Test Cases/Reusable_Test_Sequences/Web_Office/Directives/WebOffice_StartUp

2020-04-27 15:07:23 - [TEST_STEP][PASSED] - "-----------------------------------------------------------------------------": null

2020-04-27 15:07:23 - [TEST_STEP][PASSED] - if (URL == "https://www.dev.checkatrade.com/"): null

2020-04-27 15:07:23 - [TEST_STEP][PASSED] - "-----------------------------------------------------------------------------": null

2020-04-27 15:07:23 - [TEST_STEP][PASSED] - if (URL == "https://www.checkatrade.com/"): null

2020-04-27 15:07:23 - [TEST_STEP][PASSED] - "-----------------------------------------------------------------------------": null

2020-04-27 15:07:23 - [TEST_STEP][PASSED] - if (URL == "https://www.preview.checkatrade.com/"): null

2020-04-27 15:07:23 - [TEST_STEP][PASSED] - WebOfficeURL = "https://admin.preview.checkatrade.com/": null

2020-04-27 15:07:23 - [TEST_STEP][PASSED] - if (URL == "https://www.dev2.checkatrade.com/"): null

2020-04-27 15:07:23 - [TEST_STEP][PASSED] - "Set Function Area for "URL_Handler", URL Resolution": null

2020-04-27 15:07:23 - [TEST_STEP][PASSED] - "Do Some Magic with URL(s) See the comments within URL Handler ": null

2020-04-27 15:07:23 - [TEST_STEP][PASSED] - "------------------------------------------------": null

2020-04-27 15:07:23 - [TEST_STEP][PASSED] - "Moved Login Credentials to <Default> profile 22/01/2020": null

2020-04-27 15:07:23 - [TEST_STEP][PASSED] - "------------------------------------------------": null

2020-04-27 15:07:23 - [TEST_STEP][PASSED] - "WebOfficeURL - Set from the ENVIRONMENT PROFILE ": null

2020-04-27 15:07:23 - [TEST_STEP][PASSED] - "OPEN BROWSER": null

2020-04-27 15:07:23 - [TEST_STEP][PASSED] - "eg - https://admin.preview.checkatrade.com/  ": null

2020-04-27 15:07:23 - [TEST_STEP][PASSED] - openBrowser(WebOfficeURL): Browser is opened with url: 'https://admin.preview.checkatrade.com/'

2020-04-27 15:07:23 - [MESSAGE][INFO] - Starting 'Chrome' driver

2020-04-27 15:07:23 - [MESSAGE][INFO] - Action delay is set to 0 milliseconds

2020-04-27 15:07:28 - [MESSAGE][PASSED] - Browser is opened with url: 'https://admin.preview.checkatrade.com/'

2020-04-27 15:07:28 - [TEST_STEP][PASSED] - maximizeWindow(): Current window maximized

2020-04-27 15:07:30 - [MESSAGE][PASSED] - Current window maximized

2020-04-27 15:07:30 - [TEST_STEP][PASSED] - waitForElementClickable(findTestObject("Object Repository/WebOffice/Page_Checkatrade - Administration - Login/Login_Button"), 25): Object 'Object Repository/WebOffice/Page_Checkatrade - Administration - Login/Login_Button' is clickable

2020-04-27 15:07:30 - [MESSAGE][PASSED] - Object 'Object Repository/WebOffice/Page_Checkatrade - Administration - Login/Login_Button' is clickable

2020-04-27 15:07:30 - [TEST_STEP][PASSED] - verifyTextPresent("Checkatrade Web Office", false): Text 'Checkatrade Web Office' is present on page 

2020-04-27 15:07:30 - [MESSAGE][PASSED] - Text 'Checkatrade Web Office' is present on page 

2020-04-27 15:07:30 - [TEST_STEP][PASSED] - verifyTextPresent("Access for staff use only", false): Text 'Access for staff use only' is present on page 

2020-04-27 15:07:30 - [MESSAGE][PASSED] - Text 'Access for staff use only' is present on page 

2020-04-27 15:07:30 - [TEST_STEP][PASSED] - verifyTextPresent("Forgotten password?", false): Text 'Forgotten password?' is present on page 

2020-04-27 15:07:30 - [MESSAGE][PASSED] - Text 'Forgotten password?' is present on page 

2020-04-27 15:07:30 - [TEST_STEP][PASSED] - setText(findTestObject("Object Repository/WebOffice/Page_Checkatrade - Administration - Login/input_Username_LoginControlUserName"), wo_Username): Text 'DavidHo' is set on object 'Object Repository/WebOffice/Page_Checkatrade - Administration - Login/input_Username_LoginControlUserName'

2020-04-27 15:07:30 - [MESSAGE][PASSED] - Text 'DavidHo' is set on object 'Object Repository/WebOffice/Page_Checkatrade - Administration - Login/input_Username_LoginControlUserName'

2020-04-27 15:07:30 - [TEST_STEP][PASSED] - setText(findTestObject("Object Repository/WebOffice/Page_Checkatrade - Administration - Login/input_Password_LoginControlPassword"), wo_Password): Text 'Check123' is set on object 'Object Repository/WebOffice/Page_Checkatrade - Administration - Login/input_Password_LoginControlPassword'

2020-04-27 15:07:31 - [MESSAGE][PASSED] - Text 'Check123' is set on object 'Object Repository/WebOffice/Page_Checkatrade - Administration - Login/input_Password_LoginControlPassword'

2020-04-27 15:07:31 - [TEST_STEP][PASSED] - click(findTestObject("Object Repository/WebOffice/Page_Checkatrade - Administration - Login/Login_Button")): Object: 'Object Repository/WebOffice/Page_Checkatrade - Administration - Login/Login_Button' is clicked on

2020-04-27 15:07:32 - [MESSAGE][PASSED] - Object: 'Object Repository/WebOffice/Page_Checkatrade - Administration - Login/Login_Button' is clicked on

2020-04-27 15:07:32 - [TEST_STEP][PASSED] - waitForPageLoad(60): Wait for page load successfully

2020-04-27 15:07:32 - [MESSAGE][PASSED] - Wait for page load successfully

2020-04-27 15:07:32 - [TEST_STEP][PASSED] - verifyTextPresent("Welcome " + wo_Username, false): Text 'Welcome DavidHo' is present on page 

2020-04-27 15:07:32 - [MESSAGE][PASSED] - Text 'Welcome DavidHo' is present on page 

2020-04-27 15:07:32 - [MESSAGE][PASSED] - Call Test Case 'Test Cases/Reusable_Test_Sequences/Web_Office/Directives/WebOffice_StartUp' successfully

2020-04-27 15:07:32 - [TEST_STEP][PASSED] - "-----------------------------------------------------------------": null

2020-04-27 15:07:32 - [TEST_STEP][PASSED] - " Navigate to <Settings->Checkatrade.Com->Sub Item> Menu Item     |": null

2020-04-27 15:07:32 - [TEST_STEP][PASSED] - callTestCase(findTestCase("Reusable_Test_Sequences/Web_Office/Navigation/Sub_Menu_Navigation/Reports/Retentions"), [:], STOP_ON_FAILURE): Call Test Case 'Test Cases/Reusable_Test_Sequences/Web_Office/Navigation/Sub_Menu_Navigation/Reports/Retentions' successfully

2020-04-27 15:07:32 - [TEST_CASE][PASSED] - Test Cases/Reusable_Test_Sequences/Web_Office/Navigation/Sub_Menu_Navigation/Reports/Retentions: Test Cases/Reusable_Test_Sequences/Web_Office/Navigation/Sub_Menu_Navigation/Reports/Retentions

2020-04-27 15:07:32 - [TEST_STEP][PASSED] - "--------------------------------------": null

2020-04-27 15:07:32 - [TEST_STEP][PASSED] - " Navigate Top level menu Item         |": null

2020-04-27 15:07:32 - [TEST_STEP][PASSED] - waitForPageLoad(60): Wait for page load successfully

2020-04-27 15:07:32 - [MESSAGE][PASSED] - Wait for page load successfully

2020-04-27 15:07:32 - [TEST_STEP][PASSED] - waitForElementClickable(findTestObject("Object Repository/WebOffice_Home_page/a_Reports"), 60): Object 'Object Repository/WebOffice_Home_page/a_Reports' is clickable

2020-04-27 15:07:33 - [MESSAGE][PASSED] - Object 'Object Repository/WebOffice_Home_page/a_Reports' is clickable

2020-04-27 15:07:33 - [TEST_STEP][PASSED] - mouseOver(findTestObject("Object Repository/WebOffice_Home_page/a_Reports")): Object: 'Object Repository/WebOffice_Home_page/a_Reports' is hovered

2020-04-27 15:07:33 - [MESSAGE][PASSED] - Object: 'Object Repository/WebOffice_Home_page/a_Reports' is hovered

2020-04-27 15:07:33 - [TEST_STEP][PASSED] - waitForPageLoad(5): Wait for page load successfully

2020-04-27 15:07:33 - [MESSAGE][PASSED] - Wait for page load successfully

2020-04-27 15:07:33 - [TEST_STEP][PASSED] - waitForElementClickable(findTestObject("Object Repository/WebOffice_Home_page/Page_/a_Retentions"), 5): Object 'Object Repository/WebOffice_Home_page/Page_/a_Retentions' is clickable

2020-04-27 15:07:33 - [MESSAGE][PASSED] - Object 'Object Repository/WebOffice_Home_page/Page_/a_Retentions' is clickable

2020-04-27 15:07:33 - [TEST_STEP][PASSED] - click(findTestObject("Object Repository/WebOffice_Home_page/Page_/a_Retentions")): Object: 'Object Repository/WebOffice_Home_page/Page_/a_Retentions' is clicked on

2020-04-27 15:07:33 - [MESSAGE][PASSED] - Object: 'Object Repository/WebOffice_Home_page/Page_/a_Retentions' is clicked on

2020-04-27 15:07:33 - [MESSAGE][PASSED] - Call Test Case 'Test Cases/Reusable_Test_Sequences/Web_Office/Navigation/Sub_Menu_Navigation/Reports/Retentions' successfully

2020-04-27 15:07:33 - [TEST_STEP][PASSED] - "--------------------------------------": null

2020-04-27 15:07:33 - [TEST_STEP][PASSED] - " Verify Returned Page Detail          |": null

2020-04-27 15:07:33 - [TEST_STEP][PASSED] - callTestCase(findTestCase("Reusable_Test_Sequences/Web_Office/Verification/Reports/Retentions"), [:], OPTIONAL): Call Test Case 'Test Cases/Reusable_Test_Sequences/Web_Office/Verification/Reports/Retentions' successfully

2020-04-27 15:07:33 - [TEST_CASE][PASSED] - Test Cases/Reusable_Test_Sequences/Web_Office/Verification/Reports/Retentions: Test Cases/Reusable_Test_Sequences/Web_Office/Verification/Reports/Retentions

2020-04-27 15:07:34 - [TEST_STEP][PASSED] - waitForPageLoad(120): Wait for page load successfully

2020-04-27 15:07:34 - [MESSAGE][PASSED] - Wait for page load successfully

2020-04-27 15:07:34 - [TEST_STEP][PASSED] - delay(1): Delayed 1 second(s)

2020-04-27 15:07:35 - [MESSAGE][PASSED] - Delayed 1 second(s)

2020-04-27 15:07:35 - [TEST_STEP][PASSED] - verifyTextPresent("Retention Expiry Report 40 days", false): Text 'Retention Expiry Report 40 days' is present on page 

2020-04-27 15:07:35 - [MESSAGE][PASSED] - Text 'Retention Expiry Report 40 days' is present on page 

2020-04-27 15:07:35 - [TEST_STEP][PASSED] - "----------------------------------------------": null

2020-04-27 15:07:35 - [TEST_STEP][PASSED] - "----------------------------------------------": null

2020-04-27 15:07:35 - [TEST_STEP][PASSED] - verifyTextPresent("Date From", false): Text 'Date From' is present on page 

2020-04-27 15:07:35 - [MESSAGE][PASSED] - Text 'Date From' is present on page 

2020-04-27 15:07:35 - [TEST_STEP][PASSED] - verifyTextPresent("Date To", false): Text 'Date To' is present on page 

2020-04-27 15:07:35 - [MESSAGE][PASSED] - Text 'Date To' is present on page 

2020-04-27 15:07:35 - [MESSAGE][PASSED] - Call Test Case 'Test Cases/Reusable_Test_Sequences/Web_Office/Verification/Reports/Retentions' successfully

2020-04-27 15:07:35 - [TEST_STEP][PASSED] - "--------------------------": null

2020-04-27 15:07:35 - [TEST_STEP][PASSED] - " Teardown - CLose Browser |": null

2020-04-27 15:07:35 - [TEST_STEP][PASSED] - callTestCase(findTestCase("Reusable_Test_Sequences/CAT_Teardown"), [:], OPTIONAL): Call Test Case 'Test Cases/Reusable_Test_Sequences/CAT_Teardown' successfully

2020-04-27 15:07:35 - [TEST_CASE][PASSED] - Test Cases/Reusable_Test_Sequences/CAT_Teardown: Test Cases/Reusable_Test_Sequences/CAT_Teardown

2020-04-27 15:07:35 - [TEST_STEP][PASSED] - closeBrowser(): Browser is closed

2020-04-27 15:07:43 - [MESSAGE][PASSED] - Browser is closed

2020-04-27 15:07:43 - [TEST_STEP][PASSED] - super.finalize(): null

2020-04-27 15:07:43 - [TEST_STEP][PASSED] - System.gc(): null

2020-04-27 15:07:43 - [MESSAGE][PASSED] - Call Test Case 'Test Cases/Reusable_Test_Sequences/CAT_Teardown' successfully]]></system-out>
         <system-err><![CDATA[]]></system-err>
      </testcase>
      <testcase name="Test Cases/Web_Office/Reports/Company_Website_Status_Changes_Members" time="24.476" classname="Test Cases/Web_Office/Reports/Company_Website_Status_Changes_Members" status="PASSED">
         <system-out><![CDATA[2020-04-27 15:07:43 - [TEST_CASE][PASSED] - Test Cases/Web_Office/Reports/Company_Website_Status_Changes_Members: Test Cases/Web_Office/Reports/Company_Website_Status_Changes_Members

2020-04-27 15:07:44 - [TEST_STEP][PASSED] - "--------------------------------------": null

2020-04-27 15:07:44 - [TEST_STEP][PASSED] - " Web Office StartUp                  |": null

2020-04-27 15:07:44 - [TEST_STEP][PASSED] - callTestCase(findTestCase("Reusable_Test_Sequences/Web_Office/Directives/WebOffice_StartUp"), [:], STOP_ON_FAILURE): Call Test Case 'Test Cases/Reusable_Test_Sequences/Web_Office/Directives/WebOffice_StartUp' successfully

2020-04-27 15:07:44 - [TEST_CASE][PASSED] - Test Cases/Reusable_Test_Sequences/Web_Office/Directives/WebOffice_StartUp: Test Cases/Reusable_Test_Sequences/Web_Office/Directives/WebOffice_StartUp

2020-04-27 15:07:44 - [TEST_STEP][PASSED] - "-----------------------------------------------------------------------------": null

2020-04-27 15:07:44 - [TEST_STEP][PASSED] - if (URL == "https://www.dev.checkatrade.com/"): null

2020-04-27 15:07:44 - [TEST_STEP][PASSED] - "-----------------------------------------------------------------------------": null

2020-04-27 15:07:44 - [TEST_STEP][PASSED] - if (URL == "https://www.checkatrade.com/"): null

2020-04-27 15:07:44 - [TEST_STEP][PASSED] - "-----------------------------------------------------------------------------": null

2020-04-27 15:07:44 - [TEST_STEP][PASSED] - if (URL == "https://www.preview.checkatrade.com/"): null

2020-04-27 15:07:44 - [TEST_STEP][PASSED] - WebOfficeURL = "https://admin.preview.checkatrade.com/": null

2020-04-27 15:07:44 - [TEST_STEP][PASSED] - if (URL == "https://www.dev2.checkatrade.com/"): null

2020-04-27 15:07:44 - [TEST_STEP][PASSED] - "Set Function Area for "URL_Handler", URL Resolution": null

2020-04-27 15:07:44 - [TEST_STEP][PASSED] - "Do Some Magic with URL(s) See the comments within URL Handler ": null

2020-04-27 15:07:44 - [TEST_STEP][PASSED] - "------------------------------------------------": null

2020-04-27 15:07:44 - [TEST_STEP][PASSED] - "Moved Login Credentials to <Default> profile 22/01/2020": null

2020-04-27 15:07:44 - [TEST_STEP][PASSED] - "------------------------------------------------": null

2020-04-27 15:07:44 - [TEST_STEP][PASSED] - "WebOfficeURL - Set from the ENVIRONMENT PROFILE ": null

2020-04-27 15:07:44 - [TEST_STEP][PASSED] - "OPEN BROWSER": null

2020-04-27 15:07:44 - [TEST_STEP][PASSED] - "eg - https://admin.preview.checkatrade.com/  ": null

2020-04-27 15:07:44 - [TEST_STEP][PASSED] - openBrowser(WebOfficeURL): Browser is opened with url: 'https://admin.preview.checkatrade.com/'

2020-04-27 15:07:44 - [MESSAGE][INFO] - Starting 'Chrome' driver

2020-04-27 15:07:44 - [MESSAGE][INFO] - Action delay is set to 0 milliseconds

2020-04-27 15:07:49 - [MESSAGE][PASSED] - Browser is opened with url: 'https://admin.preview.checkatrade.com/'

2020-04-27 15:07:49 - [TEST_STEP][PASSED] - maximizeWindow(): Current window maximized

2020-04-27 15:07:52 - [MESSAGE][PASSED] - Current window maximized

2020-04-27 15:07:52 - [TEST_STEP][PASSED] - waitForElementClickable(findTestObject("Object Repository/WebOffice/Page_Checkatrade - Administration - Login/Login_Button"), 25): Object 'Object Repository/WebOffice/Page_Checkatrade - Administration - Login/Login_Button' is clickable

2020-04-27 15:07:52 - [MESSAGE][PASSED] - Object 'Object Repository/WebOffice/Page_Checkatrade - Administration - Login/Login_Button' is clickable

2020-04-27 15:07:52 - [TEST_STEP][PASSED] - verifyTextPresent("Checkatrade Web Office", false): Text 'Checkatrade Web Office' is present on page 

2020-04-27 15:07:52 - [MESSAGE][PASSED] - Text 'Checkatrade Web Office' is present on page 

2020-04-27 15:07:52 - [TEST_STEP][PASSED] - verifyTextPresent("Access for staff use only", false): Text 'Access for staff use only' is present on page 

2020-04-27 15:07:52 - [MESSAGE][PASSED] - Text 'Access for staff use only' is present on page 

2020-04-27 15:07:52 - [TEST_STEP][PASSED] - verifyTextPresent("Forgotten password?", false): Text 'Forgotten password?' is present on page 

2020-04-27 15:07:52 - [MESSAGE][PASSED] - Text 'Forgotten password?' is present on page 

2020-04-27 15:07:52 - [TEST_STEP][PASSED] - setText(findTestObject("Object Repository/WebOffice/Page_Checkatrade - Administration - Login/input_Username_LoginControlUserName"), wo_Username): Text 'DavidHo' is set on object 'Object Repository/WebOffice/Page_Checkatrade - Administration - Login/input_Username_LoginControlUserName'

2020-04-27 15:07:52 - [MESSAGE][PASSED] - Text 'DavidHo' is set on object 'Object Repository/WebOffice/Page_Checkatrade - Administration - Login/input_Username_LoginControlUserName'

2020-04-27 15:07:52 - [TEST_STEP][PASSED] - setText(findTestObject("Object Repository/WebOffice/Page_Checkatrade - Administration - Login/input_Password_LoginControlPassword"), wo_Password): Text 'Check123' is set on object 'Object Repository/WebOffice/Page_Checkatrade - Administration - Login/input_Password_LoginControlPassword'

2020-04-27 15:07:52 - [MESSAGE][PASSED] - Text 'Check123' is set on object 'Object Repository/WebOffice/Page_Checkatrade - Administration - Login/input_Password_LoginControlPassword'

2020-04-27 15:07:52 - [TEST_STEP][PASSED] - click(findTestObject("Object Repository/WebOffice/Page_Checkatrade - Administration - Login/Login_Button")): Object: 'Object Repository/WebOffice/Page_Checkatrade - Administration - Login/Login_Button' is clicked on

2020-04-27 15:07:53 - [MESSAGE][PASSED] - Object: 'Object Repository/WebOffice/Page_Checkatrade - Administration - Login/Login_Button' is clicked on

2020-04-27 15:07:53 - [TEST_STEP][PASSED] - waitForPageLoad(60): Wait for page load successfully

2020-04-27 15:07:53 - [MESSAGE][PASSED] - Wait for page load successfully

2020-04-27 15:07:53 - [TEST_STEP][PASSED] - verifyTextPresent("Welcome " + wo_Username, false): Text 'Welcome DavidHo' is present on page 

2020-04-27 15:07:53 - [MESSAGE][PASSED] - Text 'Welcome DavidHo' is present on page 

2020-04-27 15:07:53 - [MESSAGE][PASSED] - Call Test Case 'Test Cases/Reusable_Test_Sequences/Web_Office/Directives/WebOffice_StartUp' successfully

2020-04-27 15:07:53 - [TEST_STEP][PASSED] - "-----------------------------------------------------------------": null

2020-04-27 15:07:53 - [TEST_STEP][PASSED] - " Navigate to <Settings->Checkatrade.Com->Sub Item> Menu Item     |": null

2020-04-27 15:07:53 - [TEST_STEP][PASSED] - callTestCase(findTestCase("Reusable_Test_Sequences/Web_Office/Navigation/Sub_Menu_Navigation/Reports/Company_Website_Status_Changes_Members"), [:], STOP_ON_FAILURE): Call Test Case 'Test Cases/Reusable_Test_Sequences/Web_Office/Navigation/Sub_Menu_Navigation/Reports/Company_Website_Status_Changes_Members' successfully

2020-04-27 15:07:53 - [TEST_CASE][PASSED] - Test Cases/Reusable_Test_Sequences/Web_Office/Navigation/Sub_Menu_Navigation/Reports/Company_Website_Status_Changes_Members: Test Cases/Reusable_Test_Sequences/Web_Office/Navigation/Sub_Menu_Navigation/Reports/Company_Website_Status_Changes_Members

2020-04-27 15:07:54 - [TEST_STEP][PASSED] - "--------------------------------------": null

2020-04-27 15:07:54 - [TEST_STEP][PASSED] - " Navigate Top level menu Item         |": null

2020-04-27 15:07:54 - [TEST_STEP][PASSED] - waitForPageLoad(60): Wait for page load successfully

2020-04-27 15:07:54 - [MESSAGE][PASSED] - Wait for page load successfully

2020-04-27 15:07:54 - [TEST_STEP][PASSED] - waitForElementClickable(findTestObject("Object Repository/WebOffice_Home_page/a_Reports"), 60): Object 'Object Repository/WebOffice_Home_page/a_Reports' is clickable

2020-04-27 15:07:54 - [MESSAGE][PASSED] - Object 'Object Repository/WebOffice_Home_page/a_Reports' is clickable

2020-04-27 15:07:54 - [TEST_STEP][PASSED] - mouseOver(findTestObject("Object Repository/WebOffice_Home_page/a_Reports")): Object: 'Object Repository/WebOffice_Home_page/a_Reports' is hovered

2020-04-27 15:07:55 - [MESSAGE][PASSED] - Object: 'Object Repository/WebOffice_Home_page/a_Reports' is hovered

2020-04-27 15:07:55 - [TEST_STEP][PASSED] - click(findTestObject("Object Repository/WebOffice_Home_page/Page_/a_Members")): Object: 'Object Repository/WebOffice_Home_page/Page_/a_Members' is clicked on

2020-04-27 15:07:55 - [MESSAGE][PASSED] - Object: 'Object Repository/WebOffice_Home_page/Page_/a_Members' is clicked on

2020-04-27 15:07:55 - [TEST_STEP][PASSED] - waitForPageLoad(5): Wait for page load successfully

2020-04-27 15:07:55 - [MESSAGE][PASSED] - Wait for page load successfully

2020-04-27 15:07:55 - [TEST_STEP][PASSED] - waitForElementClickable(findTestObject("Object Repository/WebOffice_Home_page/Page_/a_Company Website Status Changes"), 5): Object 'Object Repository/WebOffice_Home_page/Page_/a_Company Website Status Changes' is clickable

2020-04-27 15:07:55 - [MESSAGE][PASSED] - Object 'Object Repository/WebOffice_Home_page/Page_/a_Company Website Status Changes' is clickable

2020-04-27 15:07:55 - [TEST_STEP][PASSED] - click(findTestObject("Object Repository/WebOffice_Home_page/Page_/a_Company Website Status Changes")): Object: 'Object Repository/WebOffice_Home_page/Page_/a_Company Website Status Changes' is clicked on

2020-04-27 15:08:00 - [MESSAGE][PASSED] - Object: 'Object Repository/WebOffice_Home_page/Page_/a_Company Website Status Changes' is clicked on

2020-04-27 15:08:00 - [MESSAGE][PASSED] - Call Test Case 'Test Cases/Reusable_Test_Sequences/Web_Office/Navigation/Sub_Menu_Navigation/Reports/Company_Website_Status_Changes_Members' successfully

2020-04-27 15:08:00 - [TEST_STEP][PASSED] - "--------------------------------------": null

2020-04-27 15:08:00 - [TEST_STEP][PASSED] - " Verify Returned Page Detail          |": null

2020-04-27 15:08:00 - [TEST_STEP][PASSED] - callTestCase(findTestCase("Reusable_Test_Sequences/Web_Office/Verification/Reports/Company_Website_Status_Changes"), [:], OPTIONAL): Call Test Case 'Test Cases/Reusable_Test_Sequences/Web_Office/Verification/Reports/Company_Website_Status_Changes' successfully

2020-04-27 15:08:00 - [TEST_CASE][PASSED] - Test Cases/Reusable_Test_Sequences/Web_Office/Verification/Reports/Company_Website_Status_Changes: Test Cases/Reusable_Test_Sequences/Web_Office/Verification/Reports/Company_Website_Status_Changes

2020-04-27 15:08:00 - [TEST_STEP][PASSED] - waitForPageLoad(120): Wait for page load successfully

2020-04-27 15:08:00 - [MESSAGE][PASSED] - Wait for page load successfully

2020-04-27 15:08:00 - [TEST_STEP][PASSED] - delay(1): Delayed 1 second(s)

2020-04-27 15:08:01 - [MESSAGE][PASSED] - Delayed 1 second(s)

2020-04-27 15:08:01 - [TEST_STEP][PASSED] - verifyTextPresent("Company Website Status Change Report", false): Text 'Company Website Status Change Report' is present on page 

2020-04-27 15:08:02 - [MESSAGE][PASSED] - Text 'Company Website Status Change Report' is present on page 

2020-04-27 15:08:02 - [TEST_STEP][PASSED] - "----------------------------------------------": null

2020-04-27 15:08:02 - [TEST_STEP][PASSED] - verifyTextPresent("All Available Dates:", false): Text 'All Available Dates:' is present on page 

2020-04-27 15:08:02 - [MESSAGE][PASSED] - Text 'All Available Dates:' is present on page 

2020-04-27 15:08:02 - [TEST_STEP][PASSED] - verifyTextPresent("Total no. companies", false): Text 'Total no. companies' is present on page 

2020-04-27 15:08:02 - [MESSAGE][PASSED] - Text 'Total no. companies' is present on page 

2020-04-27 15:08:02 - [TEST_STEP][PASSED] - "----------------------------------------------": null

2020-04-27 15:08:02 - [TEST_STEP][PASSED] - "----------------------------------------------": null

2020-04-27 15:08:02 - [TEST_STEP][PASSED] - verifyTextPresent("Company", false): Text 'Company' is present on page 

2020-04-27 15:08:03 - [MESSAGE][PASSED] - Text 'Company' is present on page 

2020-04-27 15:08:03 - [TEST_STEP][PASSED] - verifyTextPresent("Status", false): Text 'Status' is present on page 

2020-04-27 15:08:03 - [MESSAGE][PASSED] - Text 'Status' is present on page 

2020-04-27 15:08:03 - [TEST_STEP][PASSED] - verifyTextPresent("Description", false): Text 'Description' is present on page 

2020-04-27 15:08:04 - [MESSAGE][PASSED] - Text 'Description' is present on page 

2020-04-27 15:08:04 - [TEST_STEP][PASSED] - verifyTextPresent("Date Changed", false): Text 'Date Changed' is present on page 

2020-04-27 15:08:04 - [MESSAGE][PASSED] - Text 'Date Changed' is present on page 

2020-04-27 15:08:04 - [TEST_STEP][PASSED] - "----------------------------------------------": null

2020-04-27 15:08:04 - [TEST_STEP][PASSED] - "----------------------------------------------": null

2020-04-27 15:08:04 - [TEST_STEP][PASSED] - "----------------------------------------------": null

2020-04-27 15:08:04 - [TEST_STEP][PASSED] - verifyTextPresent("Added to Website", false): Text 'Added to Website' is present on page 

2020-04-27 15:08:04 - [MESSAGE][PASSED] - Text 'Added to Website' is present on page 

2020-04-27 15:08:04 - [TEST_STEP][PASSED] - verifyTextPresent("Removed from website", false): Text 'Removed from website' is present on page 

2020-04-27 15:08:05 - [MESSAGE][PASSED] - Text 'Removed from website' is present on page 

2020-04-27 15:08:05 - [MESSAGE][PASSED] - Call Test Case 'Test Cases/Reusable_Test_Sequences/Web_Office/Verification/Reports/Company_Website_Status_Changes' successfully

2020-04-27 15:08:05 - [TEST_STEP][PASSED] - "--------------------------": null

2020-04-27 15:08:05 - [TEST_STEP][PASSED] - " Teardown - CLose Browser |": null

2020-04-27 15:08:05 - [TEST_STEP][PASSED] - callTestCase(findTestCase("Reusable_Test_Sequences/CAT_Teardown"), [:], OPTIONAL): Call Test Case 'Test Cases/Reusable_Test_Sequences/CAT_Teardown' successfully

2020-04-27 15:08:05 - [TEST_CASE][PASSED] - Test Cases/Reusable_Test_Sequences/CAT_Teardown: Test Cases/Reusable_Test_Sequences/CAT_Teardown

2020-04-27 15:08:05 - [TEST_STEP][PASSED] - closeBrowser(): Browser is closed

2020-04-27 15:08:08 - [MESSAGE][PASSED] - Browser is closed

2020-04-27 15:08:08 - [TEST_STEP][PASSED] - super.finalize(): null

2020-04-27 15:08:08 - [TEST_STEP][PASSED] - System.gc(): null

2020-04-27 15:08:08 - [MESSAGE][PASSED] - Call Test Case 'Test Cases/Reusable_Test_Sequences/CAT_Teardown' successfully]]></system-out>
         <system-err><![CDATA[]]></system-err>
      </testcase>
      <testcase name="Test Cases/Web_Office/Reports/Partner_Franchise" time="20.65" classname="Test Cases/Web_Office/Reports/Partner_Franchise" status="PASSED">
         <system-out><![CDATA[2020-04-27 15:08:08 - [TEST_CASE][PASSED] - Test Cases/Web_Office/Reports/Partner_Franchise: Test Cases/Web_Office/Reports/Partner_Franchise

2020-04-27 15:08:08 - [TEST_STEP][PASSED] - "--------------------------------------": null

2020-04-27 15:08:08 - [TEST_STEP][PASSED] - " Web Office StartUp                  |": null

2020-04-27 15:08:08 - [TEST_STEP][PASSED] - callTestCase(findTestCase("Reusable_Test_Sequences/Web_Office/Directives/WebOffice_StartUp"), [:], STOP_ON_FAILURE): Call Test Case 'Test Cases/Reusable_Test_Sequences/Web_Office/Directives/WebOffice_StartUp' successfully

2020-04-27 15:08:09 - [TEST_CASE][PASSED] - Test Cases/Reusable_Test_Sequences/Web_Office/Directives/WebOffice_StartUp: Test Cases/Reusable_Test_Sequences/Web_Office/Directives/WebOffice_StartUp

2020-04-27 15:08:09 - [TEST_STEP][PASSED] - "-----------------------------------------------------------------------------": null

2020-04-27 15:08:09 - [TEST_STEP][PASSED] - if (URL == "https://www.dev.checkatrade.com/"): null

2020-04-27 15:08:09 - [TEST_STEP][PASSED] - "-----------------------------------------------------------------------------": null

2020-04-27 15:08:09 - [TEST_STEP][PASSED] - if (URL == "https://www.checkatrade.com/"): null

2020-04-27 15:08:09 - [TEST_STEP][PASSED] - "-----------------------------------------------------------------------------": null

2020-04-27 15:08:09 - [TEST_STEP][PASSED] - if (URL == "https://www.preview.checkatrade.com/"): null

2020-04-27 15:08:09 - [TEST_STEP][PASSED] - WebOfficeURL = "https://admin.preview.checkatrade.com/": null

2020-04-27 15:08:09 - [TEST_STEP][PASSED] - if (URL == "https://www.dev2.checkatrade.com/"): null

2020-04-27 15:08:09 - [TEST_STEP][PASSED] - "Set Function Area for "URL_Handler", URL Resolution": null

2020-04-27 15:08:09 - [TEST_STEP][PASSED] - "Do Some Magic with URL(s) See the comments within URL Handler ": null

2020-04-27 15:08:09 - [TEST_STEP][PASSED] - "------------------------------------------------": null

2020-04-27 15:08:09 - [TEST_STEP][PASSED] - "Moved Login Credentials to <Default> profile 22/01/2020": null

2020-04-27 15:08:09 - [TEST_STEP][PASSED] - "------------------------------------------------": null

2020-04-27 15:08:09 - [TEST_STEP][PASSED] - "WebOfficeURL - Set from the ENVIRONMENT PROFILE ": null

2020-04-27 15:08:09 - [TEST_STEP][PASSED] - "OPEN BROWSER": null

2020-04-27 15:08:09 - [TEST_STEP][PASSED] - "eg - https://admin.preview.checkatrade.com/  ": null

2020-04-27 15:08:09 - [TEST_STEP][PASSED] - openBrowser(WebOfficeURL): Browser is opened with url: 'https://admin.preview.checkatrade.com/'

2020-04-27 15:08:09 - [MESSAGE][INFO] - Starting 'Chrome' driver

2020-04-27 15:08:09 - [MESSAGE][INFO] - Action delay is set to 0 milliseconds

2020-04-27 15:08:15 - [MESSAGE][PASSED] - Browser is opened with url: 'https://admin.preview.checkatrade.com/'

2020-04-27 15:08:15 - [TEST_STEP][PASSED] - maximizeWindow(): Current window maximized

2020-04-27 15:08:17 - [MESSAGE][PASSED] - Current window maximized

2020-04-27 15:08:17 - [TEST_STEP][PASSED] - waitForElementClickable(findTestObject("Object Repository/WebOffice/Page_Checkatrade - Administration - Login/Login_Button"), 25): Object 'Object Repository/WebOffice/Page_Checkatrade - Administration - Login/Login_Button' is clickable

2020-04-27 15:08:17 - [MESSAGE][PASSED] - Object 'Object Repository/WebOffice/Page_Checkatrade - Administration - Login/Login_Button' is clickable

2020-04-27 15:08:17 - [TEST_STEP][PASSED] - verifyTextPresent("Checkatrade Web Office", false): Text 'Checkatrade Web Office' is present on page 

2020-04-27 15:08:17 - [MESSAGE][PASSED] - Text 'Checkatrade Web Office' is present on page 

2020-04-27 15:08:17 - [TEST_STEP][PASSED] - verifyTextPresent("Access for staff use only", false): Text 'Access for staff use only' is present on page 

2020-04-27 15:08:17 - [MESSAGE][PASSED] - Text 'Access for staff use only' is present on page 

2020-04-27 15:08:17 - [TEST_STEP][PASSED] - verifyTextPresent("Forgotten password?", false): Text 'Forgotten password?' is present on page 

2020-04-27 15:08:17 - [MESSAGE][PASSED] - Text 'Forgotten password?' is present on page 

2020-04-27 15:08:17 - [TEST_STEP][PASSED] - setText(findTestObject("Object Repository/WebOffice/Page_Checkatrade - Administration - Login/input_Username_LoginControlUserName"), wo_Username): Text 'DavidHo' is set on object 'Object Repository/WebOffice/Page_Checkatrade - Administration - Login/input_Username_LoginControlUserName'

2020-04-27 15:08:17 - [MESSAGE][PASSED] - Text 'DavidHo' is set on object 'Object Repository/WebOffice/Page_Checkatrade - Administration - Login/input_Username_LoginControlUserName'

2020-04-27 15:08:17 - [TEST_STEP][PASSED] - setText(findTestObject("Object Repository/WebOffice/Page_Checkatrade - Administration - Login/input_Password_LoginControlPassword"), wo_Password): Text 'Check123' is set on object 'Object Repository/WebOffice/Page_Checkatrade - Administration - Login/input_Password_LoginControlPassword'

2020-04-27 15:08:18 - [MESSAGE][PASSED] - Text 'Check123' is set on object 'Object Repository/WebOffice/Page_Checkatrade - Administration - Login/input_Password_LoginControlPassword'

2020-04-27 15:08:18 - [TEST_STEP][PASSED] - click(findTestObject("Object Repository/WebOffice/Page_Checkatrade - Administration - Login/Login_Button")): Object: 'Object Repository/WebOffice/Page_Checkatrade - Administration - Login/Login_Button' is clicked on

2020-04-27 15:08:19 - [MESSAGE][PASSED] - Object: 'Object Repository/WebOffice/Page_Checkatrade - Administration - Login/Login_Button' is clicked on

2020-04-27 15:08:19 - [TEST_STEP][PASSED] - waitForPageLoad(60): Wait for page load successfully

2020-04-27 15:08:19 - [MESSAGE][PASSED] - Wait for page load successfully

2020-04-27 15:08:19 - [TEST_STEP][PASSED] - verifyTextPresent("Welcome " + wo_Username, false): Text 'Welcome DavidHo' is present on page 

2020-04-27 15:08:20 - [MESSAGE][PASSED] - Text 'Welcome DavidHo' is present on page 

2020-04-27 15:08:20 - [MESSAGE][PASSED] - Call Test Case 'Test Cases/Reusable_Test_Sequences/Web_Office/Directives/WebOffice_StartUp' successfully

2020-04-27 15:08:20 - [TEST_STEP][PASSED] - "-----------------------------------------------------------------": null

2020-04-27 15:08:20 - [TEST_STEP][PASSED] - " Navigate to <Settings->Checkatrade.Com->Sub Item> Menu Item     |": null

2020-04-27 15:08:20 - [TEST_STEP][PASSED] - callTestCase(findTestCase("Reusable_Test_Sequences/Web_Office/Navigation/Sub_Menu_Navigation/Reports/Partner_Franchise"), [:], STOP_ON_FAILURE): Call Test Case 'Test Cases/Reusable_Test_Sequences/Web_Office/Navigation/Sub_Menu_Navigation/Reports/Partner_Franchise' successfully

2020-04-27 15:08:20 - [TEST_CASE][PASSED] - Test Cases/Reusable_Test_Sequences/Web_Office/Navigation/Sub_Menu_Navigation/Reports/Partner_Franchise: Test Cases/Reusable_Test_Sequences/Web_Office/Navigation/Sub_Menu_Navigation/Reports/Partner_Franchise

2020-04-27 15:08:20 - [TEST_STEP][PASSED] - "--------------------------------------": null

2020-04-27 15:08:20 - [TEST_STEP][PASSED] - " Navigate Top level menu Item         |": null

2020-04-27 15:08:20 - [TEST_STEP][PASSED] - waitForPageLoad(60): Wait for page load successfully

2020-04-27 15:08:20 - [MESSAGE][PASSED] - Wait for page load successfully

2020-04-27 15:08:20 - [TEST_STEP][PASSED] - waitForElementClickable(findTestObject("Object Repository/WebOffice_Home_page/a_Reports"), 60): Object 'Object Repository/WebOffice_Home_page/a_Reports' is clickable

2020-04-27 15:08:20 - [MESSAGE][PASSED] - Object 'Object Repository/WebOffice_Home_page/a_Reports' is clickable

2020-04-27 15:08:20 - [TEST_STEP][PASSED] - mouseOver(findTestObject("Object Repository/WebOffice_Home_page/a_Reports")): Object: 'Object Repository/WebOffice_Home_page/a_Reports' is hovered

2020-04-27 15:08:21 - [MESSAGE][PASSED] - Object: 'Object Repository/WebOffice_Home_page/a_Reports' is hovered

2020-04-27 15:08:21 - [TEST_STEP][PASSED] - click(findTestObject("Object Repository/WebOffice_Home_page/Page_/a_Members")): Object: 'Object Repository/WebOffice_Home_page/Page_/a_Members' is clicked on

2020-04-27 15:08:21 - [MESSAGE][PASSED] - Object: 'Object Repository/WebOffice_Home_page/Page_/a_Members' is clicked on

2020-04-27 15:08:21 - [TEST_STEP][PASSED] - waitForPageLoad(5): Wait for page load successfully

2020-04-27 15:08:21 - [MESSAGE][PASSED] - Wait for page load successfully

2020-04-27 15:08:21 - [TEST_STEP][PASSED] - waitForElementClickable(findTestObject("Object Repository/WebOffice_Home_page/Page_/a_Partner  Franchise"), 5): Object 'Object Repository/WebOffice_Home_page/Page_/a_Partner  Franchise' is clickable

2020-04-27 15:08:21 - [MESSAGE][PASSED] - Object 'Object Repository/WebOffice_Home_page/Page_/a_Partner  Franchise' is clickable

2020-04-27 15:08:21 - [TEST_STEP][PASSED] - click(findTestObject("Object Repository/WebOffice_Home_page/Page_/a_Partner  Franchise")): Object: 'Object Repository/WebOffice_Home_page/Page_/a_Partner  Franchise' is clicked on

2020-04-27 15:08:23 - [MESSAGE][PASSED] - Object: 'Object Repository/WebOffice_Home_page/Page_/a_Partner  Franchise' is clicked on

2020-04-27 15:08:23 - [MESSAGE][PASSED] - Call Test Case 'Test Cases/Reusable_Test_Sequences/Web_Office/Navigation/Sub_Menu_Navigation/Reports/Partner_Franchise' successfully

2020-04-27 15:08:23 - [TEST_STEP][PASSED] - "--------------------------------------": null

2020-04-27 15:08:23 - [TEST_STEP][PASSED] - " Verify Returned Page Detail          |": null

2020-04-27 15:08:23 - [TEST_STEP][PASSED] - callTestCase(findTestCase("Reusable_Test_Sequences/Web_Office/Verification/Reports/Partner_Franchise"), [:], OPTIONAL): Call Test Case 'Test Cases/Reusable_Test_Sequences/Web_Office/Verification/Reports/Partner_Franchise' successfully

2020-04-27 15:08:23 - [TEST_CASE][PASSED] - Test Cases/Reusable_Test_Sequences/Web_Office/Verification/Reports/Partner_Franchise: Test Cases/Reusable_Test_Sequences/Web_Office/Verification/Reports/Partner_Franchise

2020-04-27 15:08:23 - [TEST_STEP][PASSED] - waitForPageLoad(120): Wait for page load successfully

2020-04-27 15:08:23 - [MESSAGE][PASSED] - Wait for page load successfully

2020-04-27 15:08:23 - [TEST_STEP][PASSED] - delay(1): Delayed 1 second(s)

2020-04-27 15:08:24 - [MESSAGE][PASSED] - Delayed 1 second(s)

2020-04-27 15:08:24 - [TEST_STEP][PASSED] - verifyTextPresent("Partner/Franchise Reports", false): Text 'Partner/Franchise Reports' is present on page 

2020-04-27 15:08:25 - [MESSAGE][PASSED] - Text 'Partner/Franchise Reports' is present on page 

2020-04-27 15:08:25 - [TEST_STEP][PASSED] - "----------------------------------------------": null

2020-04-27 15:08:25 - [TEST_STEP][PASSED] - verifyTextPresent("Report Period", false): Text 'Report Period' is present on page 

2020-04-27 15:08:25 - [MESSAGE][PASSED] - Text 'Report Period' is present on page 

2020-04-27 15:08:25 - [TEST_STEP][PASSED] - verifyTextPresent("Comparison Period", false): Text 'Comparison Period' is present on page 

2020-04-27 15:08:25 - [MESSAGE][PASSED] - Text 'Comparison Period' is present on page 

2020-04-27 15:08:25 - [TEST_STEP][PASSED] - verifyTextPresent("Partner/Franchise", false): Text 'Partner/Franchise' is present on page 

2020-04-27 15:08:26 - [MESSAGE][PASSED] - Text 'Partner/Franchise' is present on page 

2020-04-27 15:08:26 - [TEST_STEP][PASSED] - "----------------------------------------------": null

2020-04-27 15:08:26 - [TEST_STEP][PASSED] - verifyTextPresent("Report Type", false): Text 'Report Type' is present on page 

2020-04-27 15:08:26 - [MESSAGE][PASSED] - Text 'Report Type' is present on page 

2020-04-27 15:08:26 - [TEST_STEP][PASSED] - verifyTextPresent("Summary", false): Text 'Summary' is present on page 

2020-04-27 15:08:26 - [MESSAGE][PASSED] - Text 'Summary' is present on page 

2020-04-27 15:08:26 - [TEST_STEP][PASSED] - verifyTextPresent("Detail", false): Text 'Detail' is present on page 

2020-04-27 15:08:26 - [MESSAGE][PASSED] - Text 'Detail' is present on page 

2020-04-27 15:08:26 - [MESSAGE][PASSED] - Call Test Case 'Test Cases/Reusable_Test_Sequences/Web_Office/Verification/Reports/Partner_Franchise' successfully

2020-04-27 15:08:26 - [TEST_STEP][PASSED] - "--------------------------": null

2020-04-27 15:08:26 - [TEST_STEP][PASSED] - " Teardown - CLose Browser |": null

2020-04-27 15:08:26 - [TEST_STEP][PASSED] - callTestCase(findTestCase("Reusable_Test_Sequences/CAT_Teardown"), [:], OPTIONAL): Call Test Case 'Test Cases/Reusable_Test_Sequences/CAT_Teardown' successfully

2020-04-27 15:08:26 - [TEST_CASE][PASSED] - Test Cases/Reusable_Test_Sequences/CAT_Teardown: Test Cases/Reusable_Test_Sequences/CAT_Teardown

2020-04-27 15:08:26 - [TEST_STEP][PASSED] - closeBrowser(): Browser is closed

2020-04-27 15:08:29 - [MESSAGE][PASSED] - Browser is closed

2020-04-27 15:08:29 - [TEST_STEP][PASSED] - super.finalize(): null

2020-04-27 15:08:29 - [TEST_STEP][PASSED] - System.gc(): null

2020-04-27 15:08:29 - [MESSAGE][PASSED] - Call Test Case 'Test Cases/Reusable_Test_Sequences/CAT_Teardown' successfully]]></system-out>
         <system-err><![CDATA[]]></system-err>
      </testcase>
      <testcase name="Test Cases/Web_Office/Reports/Competitor_Analysis" time="22.43" classname="Test Cases/Web_Office/Reports/Competitor_Analysis" status="PASSED">
         <system-out><![CDATA[2020-04-27 15:08:29 - [TEST_CASE][PASSED] - Test Cases/Web_Office/Reports/Competitor_Analysis: Test Cases/Web_Office/Reports/Competitor_Analysis

2020-04-27 15:08:29 - [TEST_STEP][PASSED] - "--------------------------------------": null

2020-04-27 15:08:29 - [TEST_STEP][PASSED] - " Web Office StartUp                  |": null

2020-04-27 15:08:29 - [TEST_STEP][PASSED] - callTestCase(findTestCase("Reusable_Test_Sequences/Web_Office/Directives/WebOffice_StartUp"), [:], STOP_ON_FAILURE): Call Test Case 'Test Cases/Reusable_Test_Sequences/Web_Office/Directives/WebOffice_StartUp' successfully

2020-04-27 15:08:29 - [TEST_CASE][PASSED] - Test Cases/Reusable_Test_Sequences/Web_Office/Directives/WebOffice_StartUp: Test Cases/Reusable_Test_Sequences/Web_Office/Directives/WebOffice_StartUp

2020-04-27 15:08:29 - [TEST_STEP][PASSED] - "-----------------------------------------------------------------------------": null

2020-04-27 15:08:29 - [TEST_STEP][PASSED] - if (URL == "https://www.dev.checkatrade.com/"): null

2020-04-27 15:08:29 - [TEST_STEP][PASSED] - "-----------------------------------------------------------------------------": null

2020-04-27 15:08:29 - [TEST_STEP][PASSED] - if (URL == "https://www.checkatrade.com/"): null

2020-04-27 15:08:29 - [TEST_STEP][PASSED] - "-----------------------------------------------------------------------------": null

2020-04-27 15:08:29 - [TEST_STEP][PASSED] - if (URL == "https://www.preview.checkatrade.com/"): null

2020-04-27 15:08:29 - [TEST_STEP][PASSED] - WebOfficeURL = "https://admin.preview.checkatrade.com/": null

2020-04-27 15:08:29 - [TEST_STEP][PASSED] - if (URL == "https://www.dev2.checkatrade.com/"): null

2020-04-27 15:08:29 - [TEST_STEP][PASSED] - "Set Function Area for "URL_Handler", URL Resolution": null

2020-04-27 15:08:29 - [TEST_STEP][PASSED] - "Do Some Magic with URL(s) See the comments within URL Handler ": null

2020-04-27 15:08:29 - [TEST_STEP][PASSED] - "------------------------------------------------": null

2020-04-27 15:08:29 - [TEST_STEP][PASSED] - "Moved Login Credentials to <Default> profile 22/01/2020": null

2020-04-27 15:08:29 - [TEST_STEP][PASSED] - "------------------------------------------------": null

2020-04-27 15:08:29 - [TEST_STEP][PASSED] - "WebOfficeURL - Set from the ENVIRONMENT PROFILE ": null

2020-04-27 15:08:29 - [TEST_STEP][PASSED] - "OPEN BROWSER": null

2020-04-27 15:08:29 - [TEST_STEP][PASSED] - "eg - https://admin.preview.checkatrade.com/  ": null

2020-04-27 15:08:29 - [TEST_STEP][PASSED] - openBrowser(WebOfficeURL): Browser is opened with url: 'https://admin.preview.checkatrade.com/'

2020-04-27 15:08:29 - [MESSAGE][INFO] - Starting 'Chrome' driver

2020-04-27 15:08:29 - [MESSAGE][INFO] - Action delay is set to 0 milliseconds

2020-04-27 15:08:36 - [MESSAGE][PASSED] - Browser is opened with url: 'https://admin.preview.checkatrade.com/'

2020-04-27 15:08:36 - [TEST_STEP][PASSED] - maximizeWindow(): Current window maximized

2020-04-27 15:08:38 - [MESSAGE][PASSED] - Current window maximized

2020-04-27 15:08:38 - [TEST_STEP][PASSED] - waitForElementClickable(findTestObject("Object Repository/WebOffice/Page_Checkatrade - Administration - Login/Login_Button"), 25): Object 'Object Repository/WebOffice/Page_Checkatrade - Administration - Login/Login_Button' is clickable

2020-04-27 15:08:38 - [MESSAGE][PASSED] - Object 'Object Repository/WebOffice/Page_Checkatrade - Administration - Login/Login_Button' is clickable

2020-04-27 15:08:38 - [TEST_STEP][PASSED] - verifyTextPresent("Checkatrade Web Office", false): Text 'Checkatrade Web Office' is present on page 

2020-04-27 15:08:38 - [MESSAGE][PASSED] - Text 'Checkatrade Web Office' is present on page 

2020-04-27 15:08:38 - [TEST_STEP][PASSED] - verifyTextPresent("Access for staff use only", false): Text 'Access for staff use only' is present on page 

2020-04-27 15:08:38 - [MESSAGE][PASSED] - Text 'Access for staff use only' is present on page 

2020-04-27 15:08:38 - [TEST_STEP][PASSED] - verifyTextPresent("Forgotten password?", false): Text 'Forgotten password?' is present on page 

2020-04-27 15:08:38 - [MESSAGE][PASSED] - Text 'Forgotten password?' is present on page 

2020-04-27 15:08:38 - [TEST_STEP][PASSED] - setText(findTestObject("Object Repository/WebOffice/Page_Checkatrade - Administration - Login/input_Username_LoginControlUserName"), wo_Username): Text 'DavidHo' is set on object 'Object Repository/WebOffice/Page_Checkatrade - Administration - Login/input_Username_LoginControlUserName'

2020-04-27 15:08:39 - [MESSAGE][PASSED] - Text 'DavidHo' is set on object 'Object Repository/WebOffice/Page_Checkatrade - Administration - Login/input_Username_LoginControlUserName'

2020-04-27 15:08:39 - [TEST_STEP][PASSED] - setText(findTestObject("Object Repository/WebOffice/Page_Checkatrade - Administration - Login/input_Password_LoginControlPassword"), wo_Password): Text 'Check123' is set on object 'Object Repository/WebOffice/Page_Checkatrade - Administration - Login/input_Password_LoginControlPassword'

2020-04-27 15:08:39 - [MESSAGE][PASSED] - Text 'Check123' is set on object 'Object Repository/WebOffice/Page_Checkatrade - Administration - Login/input_Password_LoginControlPassword'

2020-04-27 15:08:39 - [TEST_STEP][PASSED] - click(findTestObject("Object Repository/WebOffice/Page_Checkatrade - Administration - Login/Login_Button")): Object: 'Object Repository/WebOffice/Page_Checkatrade - Administration - Login/Login_Button' is clicked on

2020-04-27 15:08:41 - [MESSAGE][PASSED] - Object: 'Object Repository/WebOffice/Page_Checkatrade - Administration - Login/Login_Button' is clicked on

2020-04-27 15:08:41 - [TEST_STEP][PASSED] - waitForPageLoad(60): Wait for page load successfully

2020-04-27 15:08:41 - [MESSAGE][PASSED] - Wait for page load successfully

2020-04-27 15:08:41 - [TEST_STEP][PASSED] - verifyTextPresent("Welcome " + wo_Username, false): Text 'Welcome DavidHo' is present on page 

2020-04-27 15:08:41 - [MESSAGE][PASSED] - Text 'Welcome DavidHo' is present on page 

2020-04-27 15:08:41 - [MESSAGE][PASSED] - Call Test Case 'Test Cases/Reusable_Test_Sequences/Web_Office/Directives/WebOffice_StartUp' successfully

2020-04-27 15:08:41 - [TEST_STEP][PASSED] - "-----------------------------------------------------------------": null

2020-04-27 15:08:41 - [TEST_STEP][PASSED] - " Navigate to <Settings->Checkatrade.Com->Sub Item> Menu Item     |": null

2020-04-27 15:08:41 - [TEST_STEP][PASSED] - callTestCase(findTestCase("Reusable_Test_Sequences/Web_Office/Navigation/Sub_Menu_Navigation/Reports/Competitor_Analysis"), [:], STOP_ON_FAILURE): Call Test Case 'Test Cases/Reusable_Test_Sequences/Web_Office/Navigation/Sub_Menu_Navigation/Reports/Competitor_Analysis' successfully

2020-04-27 15:08:41 - [TEST_CASE][PASSED] - Test Cases/Reusable_Test_Sequences/Web_Office/Navigation/Sub_Menu_Navigation/Reports/Competitor_Analysis: Test Cases/Reusable_Test_Sequences/Web_Office/Navigation/Sub_Menu_Navigation/Reports/Competitor_Analysis

2020-04-27 15:08:42 - [TEST_STEP][PASSED] - "--------------------------------------": null

2020-04-27 15:08:42 - [TEST_STEP][PASSED] - " Navigate Top level menu Item         |": null

2020-04-27 15:08:42 - [TEST_STEP][PASSED] - waitForPageLoad(60): Wait for page load successfully

2020-04-27 15:08:42 - [MESSAGE][PASSED] - Wait for page load successfully

2020-04-27 15:08:42 - [TEST_STEP][PASSED] - waitForElementClickable(findTestObject("Object Repository/WebOffice_Home_page/a_Reports"), 60): Object 'Object Repository/WebOffice_Home_page/a_Reports' is clickable

2020-04-27 15:08:42 - [MESSAGE][PASSED] - Object 'Object Repository/WebOffice_Home_page/a_Reports' is clickable

2020-04-27 15:08:42 - [TEST_STEP][PASSED] - mouseOver(findTestObject("Object Repository/WebOffice_Home_page/a_Reports")): Object: 'Object Repository/WebOffice_Home_page/a_Reports' is hovered

2020-04-27 15:08:42 - [MESSAGE][PASSED] - Object: 'Object Repository/WebOffice_Home_page/a_Reports' is hovered

2020-04-27 15:08:42 - [TEST_STEP][PASSED] - click(findTestObject("Object Repository/WebOffice_Home_page/Page_/a_Members")): Object: 'Object Repository/WebOffice_Home_page/Page_/a_Members' is clicked on

2020-04-27 15:08:42 - [MESSAGE][PASSED] - Object: 'Object Repository/WebOffice_Home_page/Page_/a_Members' is clicked on

2020-04-27 15:08:42 - [TEST_STEP][PASSED] - waitForPageLoad(5): Wait for page load successfully

2020-04-27 15:08:42 - [MESSAGE][PASSED] - Wait for page load successfully

2020-04-27 15:08:42 - [TEST_STEP][PASSED] - waitForElementClickable(findTestObject("Object Repository/WebOffice_Home_page/Page_/a_Competitor Analysis"), 5): Object 'Object Repository/WebOffice_Home_page/Page_/a_Competitor Analysis' is clickable

2020-04-27 15:08:42 - [MESSAGE][PASSED] - Object 'Object Repository/WebOffice_Home_page/Page_/a_Competitor Analysis' is clickable

2020-04-27 15:08:42 - [TEST_STEP][PASSED] - click(findTestObject("Object Repository/WebOffice_Home_page/Page_/a_Competitor Analysis")): Object: 'Object Repository/WebOffice_Home_page/Page_/a_Competitor Analysis' is clicked on

2020-04-27 15:08:44 - [MESSAGE][PASSED] - Object: 'Object Repository/WebOffice_Home_page/Page_/a_Competitor Analysis' is clicked on

2020-04-27 15:08:44 - [MESSAGE][PASSED] - Call Test Case 'Test Cases/Reusable_Test_Sequences/Web_Office/Navigation/Sub_Menu_Navigation/Reports/Competitor_Analysis' successfully

2020-04-27 15:08:44 - [TEST_STEP][PASSED] - "--------------------------------------": null

2020-04-27 15:08:44 - [TEST_STEP][PASSED] - " Verify Returned Page Detail          |": null

2020-04-27 15:08:44 - [TEST_STEP][PASSED] - callTestCase(findTestCase("Reusable_Test_Sequences/Web_Office/Verification/Reports/Competitor_Analysis"), [:], OPTIONAL): Call Test Case 'Test Cases/Reusable_Test_Sequences/Web_Office/Verification/Reports/Competitor_Analysis' successfully

2020-04-27 15:08:44 - [TEST_CASE][PASSED] - Test Cases/Reusable_Test_Sequences/Web_Office/Verification/Reports/Competitor_Analysis: Test Cases/Reusable_Test_Sequences/Web_Office/Verification/Reports/Competitor_Analysis

2020-04-27 15:08:44 - [TEST_STEP][PASSED] - waitForPageLoad(120): Wait for page load successfully

2020-04-27 15:08:44 - [MESSAGE][PASSED] - Wait for page load successfully

2020-04-27 15:08:44 - [TEST_STEP][PASSED] - delay(1): Delayed 1 second(s)

2020-04-27 15:08:45 - [MESSAGE][PASSED] - Delayed 1 second(s)

2020-04-27 15:08:45 - [TEST_STEP][PASSED] - verifyTextPresent("Competitor Analysis", false): Text 'Competitor Analysis' is present on page 

2020-04-27 15:08:46 - [MESSAGE][PASSED] - Text 'Competitor Analysis' is present on page 

2020-04-27 15:08:46 - [TEST_STEP][PASSED] - "----------------------------------------------": null

2020-04-27 15:08:46 - [TEST_STEP][PASSED] - verifyTextPresent("Select a date and competitor to draw side by side maps comparing CAT members to selected competitor", false): Text 'Select a date and competitor to draw side by side maps comparing CAT members to selected competitor' is present on page 

2020-04-27 15:08:46 - [MESSAGE][PASSED] - Text 'Select a date and competitor to draw side by side maps comparing CAT members to selected competitor' is present on page 

2020-04-27 15:08:46 - [TEST_STEP][PASSED] - verifyTextPresent("The map will be coloured by TV region and region breakdown will be below the maps", false): Text 'The map will be coloured by TV region and region breakdown will be below the maps' is present on page 

2020-04-27 15:08:46 - [MESSAGE][PASSED] - Text 'The map will be coloured by TV region and region breakdown will be below the maps' is present on page 

2020-04-27 15:08:46 - [TEST_STEP][PASSED] - "----------------------------------------------": null

2020-04-27 15:08:46 - [TEST_STEP][PASSED] - verifyTextPresent("Competitors", false): Text 'Competitors' is present on page 

2020-04-27 15:08:46 - [MESSAGE][PASSED] - Text 'Competitors' is present on page 

2020-04-27 15:08:46 - [TEST_STEP][PASSED] - verifyTextPresent("Start Date", false): Text 'Start Date' is present on page 

2020-04-27 15:08:46 - [MESSAGE][PASSED] - Text 'Start Date' is present on page 

2020-04-27 15:08:46 - [TEST_STEP][PASSED] - verifyTextPresent("End Date", false): Text 'End Date' is present on page 

2020-04-27 15:08:46 - [MESSAGE][PASSED] - Text 'End Date' is present on page 

2020-04-27 15:08:46 - [MESSAGE][PASSED] - Call Test Case 'Test Cases/Reusable_Test_Sequences/Web_Office/Verification/Reports/Competitor_Analysis' successfully

2020-04-27 15:08:46 - [TEST_STEP][PASSED] - "--------------------------": null

2020-04-27 15:08:46 - [TEST_STEP][PASSED] - " Teardown - CLose Browser |": null

2020-04-27 15:08:46 - [TEST_STEP][PASSED] - callTestCase(findTestCase("Reusable_Test_Sequences/CAT_Teardown"), [:], OPTIONAL): Call Test Case 'Test Cases/Reusable_Test_Sequences/CAT_Teardown' successfully

2020-04-27 15:08:47 - [TEST_CASE][PASSED] - Test Cases/Reusable_Test_Sequences/CAT_Teardown: Test Cases/Reusable_Test_Sequences/CAT_Teardown

2020-04-27 15:08:47 - [TEST_STEP][PASSED] - closeBrowser(): Browser is closed

2020-04-27 15:08:51 - [MESSAGE][PASSED] - Browser is closed

2020-04-27 15:08:51 - [TEST_STEP][PASSED] - super.finalize(): null

2020-04-27 15:08:51 - [TEST_STEP][PASSED] - System.gc(): null

2020-04-27 15:08:51 - [MESSAGE][PASSED] - Call Test Case 'Test Cases/Reusable_Test_Sequences/CAT_Teardown' successfully]]></system-out>
         <system-err><![CDATA[]]></system-err>
      </testcase>
      <testcase name="Test Cases/Web_Office/Reports/Members_Feedback_Summary" time="19.427" classname="Test Cases/Web_Office/Reports/Members_Feedback_Summary" status="PASSED">
         <system-out><![CDATA[2020-04-27 15:08:51 - [TEST_CASE][PASSED] - Test Cases/Web_Office/Reports/Members_Feedback_Summary: Test Cases/Web_Office/Reports/Members_Feedback_Summary

2020-04-27 15:08:51 - [TEST_STEP][PASSED] - "--------------------------------------": null

2020-04-27 15:08:51 - [TEST_STEP][PASSED] - " Web Office StartUp                  |": null

2020-04-27 15:08:51 - [TEST_STEP][PASSED] - callTestCase(findTestCase("Reusable_Test_Sequences/Web_Office/Directives/WebOffice_StartUp"), [:], STOP_ON_FAILURE): Call Test Case 'Test Cases/Reusable_Test_Sequences/Web_Office/Directives/WebOffice_StartUp' successfully

2020-04-27 15:08:51 - [TEST_CASE][PASSED] - Test Cases/Reusable_Test_Sequences/Web_Office/Directives/WebOffice_StartUp: Test Cases/Reusable_Test_Sequences/Web_Office/Directives/WebOffice_StartUp

2020-04-27 15:08:51 - [TEST_STEP][PASSED] - "-----------------------------------------------------------------------------": null

2020-04-27 15:08:51 - [TEST_STEP][PASSED] - if (URL == "https://www.dev.checkatrade.com/"): null

2020-04-27 15:08:51 - [TEST_STEP][PASSED] - "-----------------------------------------------------------------------------": null

2020-04-27 15:08:51 - [TEST_STEP][PASSED] - if (URL == "https://www.checkatrade.com/"): null

2020-04-27 15:08:51 - [TEST_STEP][PASSED] - "-----------------------------------------------------------------------------": null

2020-04-27 15:08:51 - [TEST_STEP][PASSED] - if (URL == "https://www.preview.checkatrade.com/"): null

2020-04-27 15:08:51 - [TEST_STEP][PASSED] - WebOfficeURL = "https://admin.preview.checkatrade.com/": null

2020-04-27 15:08:51 - [TEST_STEP][PASSED] - if (URL == "https://www.dev2.checkatrade.com/"): null

2020-04-27 15:08:51 - [TEST_STEP][PASSED] - "Set Function Area for "URL_Handler", URL Resolution": null

2020-04-27 15:08:51 - [TEST_STEP][PASSED] - "Do Some Magic with URL(s) See the comments within URL Handler ": null

2020-04-27 15:08:51 - [TEST_STEP][PASSED] - "------------------------------------------------": null

2020-04-27 15:08:51 - [TEST_STEP][PASSED] - "Moved Login Credentials to <Default> profile 22/01/2020": null

2020-04-27 15:08:51 - [TEST_STEP][PASSED] - "------------------------------------------------": null

2020-04-27 15:08:51 - [TEST_STEP][PASSED] - "WebOfficeURL - Set from the ENVIRONMENT PROFILE ": null

2020-04-27 15:08:51 - [TEST_STEP][PASSED] - "OPEN BROWSER": null

2020-04-27 15:08:51 - [TEST_STEP][PASSED] - "eg - https://admin.preview.checkatrade.com/  ": null

2020-04-27 15:08:51 - [TEST_STEP][PASSED] - openBrowser(WebOfficeURL): Browser is opened with url: 'https://admin.preview.checkatrade.com/'

2020-04-27 15:08:51 - [MESSAGE][INFO] - Starting 'Chrome' driver

2020-04-27 15:08:51 - [MESSAGE][INFO] - Action delay is set to 0 milliseconds

2020-04-27 15:08:56 - [MESSAGE][PASSED] - Browser is opened with url: 'https://admin.preview.checkatrade.com/'

2020-04-27 15:08:56 - [TEST_STEP][PASSED] - maximizeWindow(): Current window maximized

2020-04-27 15:08:59 - [MESSAGE][PASSED] - Current window maximized

2020-04-27 15:08:59 - [TEST_STEP][PASSED] - waitForElementClickable(findTestObject("Object Repository/WebOffice/Page_Checkatrade - Administration - Login/Login_Button"), 25): Object 'Object Repository/WebOffice/Page_Checkatrade - Administration - Login/Login_Button' is clickable

2020-04-27 15:08:59 - [MESSAGE][PASSED] - Object 'Object Repository/WebOffice/Page_Checkatrade - Administration - Login/Login_Button' is clickable

2020-04-27 15:08:59 - [TEST_STEP][PASSED] - verifyTextPresent("Checkatrade Web Office", false): Text 'Checkatrade Web Office' is present on page 

2020-04-27 15:08:59 - [MESSAGE][PASSED] - Text 'Checkatrade Web Office' is present on page 

2020-04-27 15:08:59 - [TEST_STEP][PASSED] - verifyTextPresent("Access for staff use only", false): Text 'Access for staff use only' is present on page 

2020-04-27 15:08:59 - [MESSAGE][PASSED] - Text 'Access for staff use only' is present on page 

2020-04-27 15:08:59 - [TEST_STEP][PASSED] - verifyTextPresent("Forgotten password?", false): Text 'Forgotten password?' is present on page 

2020-04-27 15:08:59 - [MESSAGE][PASSED] - Text 'Forgotten password?' is present on page 

2020-04-27 15:08:59 - [TEST_STEP][PASSED] - setText(findTestObject("Object Repository/WebOffice/Page_Checkatrade - Administration - Login/input_Username_LoginControlUserName"), wo_Username): Text 'DavidHo' is set on object 'Object Repository/WebOffice/Page_Checkatrade - Administration - Login/input_Username_LoginControlUserName'

2020-04-27 15:08:59 - [MESSAGE][PASSED] - Text 'DavidHo' is set on object 'Object Repository/WebOffice/Page_Checkatrade - Administration - Login/input_Username_LoginControlUserName'

2020-04-27 15:08:59 - [TEST_STEP][PASSED] - setText(findTestObject("Object Repository/WebOffice/Page_Checkatrade - Administration - Login/input_Password_LoginControlPassword"), wo_Password): Text 'Check123' is set on object 'Object Repository/WebOffice/Page_Checkatrade - Administration - Login/input_Password_LoginControlPassword'

2020-04-27 15:09:00 - [MESSAGE][PASSED] - Text 'Check123' is set on object 'Object Repository/WebOffice/Page_Checkatrade - Administration - Login/input_Password_LoginControlPassword'

2020-04-27 15:09:00 - [TEST_STEP][PASSED] - click(findTestObject("Object Repository/WebOffice/Page_Checkatrade - Administration - Login/Login_Button")): Object: 'Object Repository/WebOffice/Page_Checkatrade - Administration - Login/Login_Button' is clicked on

2020-04-27 15:09:01 - [MESSAGE][PASSED] - Object: 'Object Repository/WebOffice/Page_Checkatrade - Administration - Login/Login_Button' is clicked on

2020-04-27 15:09:01 - [TEST_STEP][PASSED] - waitForPageLoad(60): Wait for page load successfully

2020-04-27 15:09:01 - [MESSAGE][PASSED] - Wait for page load successfully

2020-04-27 15:09:01 - [TEST_STEP][PASSED] - verifyTextPresent("Welcome " + wo_Username, false): Text 'Welcome DavidHo' is present on page 

2020-04-27 15:09:01 - [MESSAGE][PASSED] - Text 'Welcome DavidHo' is present on page 

2020-04-27 15:09:01 - [MESSAGE][PASSED] - Call Test Case 'Test Cases/Reusable_Test_Sequences/Web_Office/Directives/WebOffice_StartUp' successfully

2020-04-27 15:09:01 - [TEST_STEP][PASSED] - "-----------------------------------------------------------------": null

2020-04-27 15:09:01 - [TEST_STEP][PASSED] - " Navigate to <Settings->Checkatrade.Com->Sub Item> Menu Item     |": null

2020-04-27 15:09:01 - [TEST_STEP][PASSED] - callTestCase(findTestCase("Reusable_Test_Sequences/Web_Office/Navigation/Sub_Menu_Navigation/Reports/Members_Feedback_Summary"), [:], STOP_ON_FAILURE): Call Test Case 'Test Cases/Reusable_Test_Sequences/Web_Office/Navigation/Sub_Menu_Navigation/Reports/Members_Feedback_Summary' successfully

2020-04-27 15:09:01 - [TEST_CASE][PASSED] - Test Cases/Reusable_Test_Sequences/Web_Office/Navigation/Sub_Menu_Navigation/Reports/Members_Feedback_Summary: Test Cases/Reusable_Test_Sequences/Web_Office/Navigation/Sub_Menu_Navigation/Reports/Members_Feedback_Summary

2020-04-27 15:09:01 - [TEST_STEP][PASSED] - "--------------------------------------": null

2020-04-27 15:09:01 - [TEST_STEP][PASSED] - " Navigate Top level menu Item         |": null

2020-04-27 15:09:01 - [TEST_STEP][PASSED] - waitForPageLoad(60): Wait for page load successfully

2020-04-27 15:09:01 - [MESSAGE][PASSED] - Wait for page load successfully

2020-04-27 15:09:01 - [TEST_STEP][PASSED] - waitForElementClickable(findTestObject("Object Repository/WebOffice_Home_page/a_Reports"), 60): Object 'Object Repository/WebOffice_Home_page/a_Reports' is clickable

2020-04-27 15:09:02 - [MESSAGE][PASSED] - Object 'Object Repository/WebOffice_Home_page/a_Reports' is clickable

2020-04-27 15:09:02 - [TEST_STEP][PASSED] - mouseOver(findTestObject("Object Repository/WebOffice_Home_page/a_Reports")): Object: 'Object Repository/WebOffice_Home_page/a_Reports' is hovered

2020-04-27 15:09:02 - [MESSAGE][PASSED] - Object: 'Object Repository/WebOffice_Home_page/a_Reports' is hovered

2020-04-27 15:09:02 - [TEST_STEP][PASSED] - click(findTestObject("Object Repository/WebOffice_Home_page/Page_/a_Members")): Object: 'Object Repository/WebOffice_Home_page/Page_/a_Members' is clicked on

2020-04-27 15:09:02 - [MESSAGE][PASSED] - Object: 'Object Repository/WebOffice_Home_page/Page_/a_Members' is clicked on

2020-04-27 15:09:02 - [TEST_STEP][PASSED] - click(findTestObject("Object Repository/WebOffice_Home_page/Page_/a_Members Feedback")): Object: 'Object Repository/WebOffice_Home_page/Page_/a_Members Feedback' is clicked on

2020-04-27 15:09:02 - [MESSAGE][PASSED] - Object: 'Object Repository/WebOffice_Home_page/Page_/a_Members Feedback' is clicked on

2020-04-27 15:09:02 - [TEST_STEP][PASSED] - waitForPageLoad(5): Wait for page load successfully

2020-04-27 15:09:02 - [MESSAGE][PASSED] - Wait for page load successfully

2020-04-27 15:09:02 - [TEST_STEP][PASSED] - waitForElementClickable(findTestObject("Object Repository/WebOffice_Home_page/Page_/a_Summary Report"), 5): Object 'Object Repository/WebOffice_Home_page/Page_/a_Summary Report' is clickable

2020-04-27 15:09:02 - [MESSAGE][PASSED] - Object 'Object Repository/WebOffice_Home_page/Page_/a_Summary Report' is clickable

2020-04-27 15:09:02 - [TEST_STEP][PASSED] - click(findTestObject("Object Repository/WebOffice_Home_page/Page_/a_Summary Report")): Object: 'Object Repository/WebOffice_Home_page/Page_/a_Summary Report' is clicked on

2020-04-27 15:09:04 - [MESSAGE][PASSED] - Object: 'Object Repository/WebOffice_Home_page/Page_/a_Summary Report' is clicked on

2020-04-27 15:09:04 - [MESSAGE][PASSED] - Call Test Case 'Test Cases/Reusable_Test_Sequences/Web_Office/Navigation/Sub_Menu_Navigation/Reports/Members_Feedback_Summary' successfully

2020-04-27 15:09:04 - [TEST_STEP][PASSED] - "--------------------------------------": null

2020-04-27 15:09:04 - [TEST_STEP][PASSED] - " Verify Returned Page Detail          |": null

2020-04-27 15:09:04 - [TEST_STEP][PASSED] - callTestCase(findTestCase("Reusable_Test_Sequences/Web_Office/Verification/Reports/Members_Feedback_Summary"), [:], OPTIONAL): Call Test Case 'Test Cases/Reusable_Test_Sequences/Web_Office/Verification/Reports/Members_Feedback_Summary' successfully

2020-04-27 15:09:04 - [TEST_CASE][PASSED] - Test Cases/Reusable_Test_Sequences/Web_Office/Verification/Reports/Members_Feedback_Summary: Test Cases/Reusable_Test_Sequences/Web_Office/Verification/Reports/Members_Feedback_Summary

2020-04-27 15:09:05 - [TEST_STEP][PASSED] - waitForPageLoad(120): Wait for page load successfully

2020-04-27 15:09:05 - [MESSAGE][PASSED] - Wait for page load successfully

2020-04-27 15:09:05 - [TEST_STEP][PASSED] - delay(1): Delayed 1 second(s)

2020-04-27 15:09:06 - [MESSAGE][PASSED] - Delayed 1 second(s)

2020-04-27 15:09:06 - [TEST_STEP][PASSED] - verifyTextPresent("Members Feedback : Summary Report", false): Text 'Members Feedback : Summary Report' is present on page 

2020-04-27 15:09:06 - [MESSAGE][PASSED] - Text 'Members Feedback : Summary Report' is present on page 

2020-04-27 15:09:06 - [TEST_STEP][PASSED] - "----------------------------------------------": null

2020-04-27 15:09:06 - [TEST_STEP][PASSED] - verifyTextPresent("Breakdown by Feedback Status", false): Text 'Breakdown by Feedback Status' is present on page 

2020-04-27 15:09:06 - [MESSAGE][PASSED] - Text 'Breakdown by Feedback Status' is present on page 

2020-04-27 15:09:06 - [TEST_STEP][PASSED] - "----------------------------------------------": null

2020-04-27 15:09:06 - [TEST_STEP][PASSED] - verifyTextPresent("Chart", false): Text 'Chart' is present on page 

2020-04-27 15:09:06 - [MESSAGE][PASSED] - Text 'Chart' is present on page 

2020-04-27 15:09:06 - [TEST_STEP][PASSED] - verifyTextPresent("Feedback Status", false): Text 'Feedback Status' is present on page 

2020-04-27 15:09:07 - [MESSAGE][PASSED] - Text 'Feedback Status' is present on page 

2020-04-27 15:09:07 - [TEST_STEP][PASSED] - verifyTextPresent("Feedbacks", false): Text 'Feedbacks' is present on page 

2020-04-27 15:09:07 - [MESSAGE][PASSED] - Text 'Feedbacks' is present on page 

2020-04-27 15:09:07 - [TEST_STEP][PASSED] - verifyTextPresent("Percentage", false): Text 'Percentage' is present on page 

2020-04-27 15:09:07 - [MESSAGE][PASSED] - Text 'Percentage' is present on page 

2020-04-27 15:09:07 - [TEST_STEP][PASSED] - verifyTextPresent("Published", false): Text 'Published' is present on page 

2020-04-27 15:09:07 - [MESSAGE][PASSED] - Text 'Published' is present on page 

2020-04-27 15:09:07 - [TEST_STEP][PASSED] - verifyTextPresent("Not published", false): Text 'Not published' is present on page 

2020-04-27 15:09:08 - [MESSAGE][PASSED] - Text 'Not published' is present on page 

2020-04-27 15:09:08 - [TEST_STEP][PASSED] - verifyTextPresent("Public submission pending email verification", false): Text 'Public submission pending email verification' is present on page 

2020-04-27 15:09:08 - [MESSAGE][PASSED] - Text 'Public submission pending email verification' is present on page 

2020-04-27 15:09:08 - [TEST_STEP][PASSED] - verifyTextPresent("Public submission pending SMS verification", false): Text 'Public submission pending SMS verification' is present on page 

2020-04-27 15:09:08 - [MESSAGE][PASSED] - Text 'Public submission pending SMS verification' is present on page 

2020-04-27 15:09:08 - [TEST_STEP][PASSED] - verifyTextPresent("Public submission failed review", false): Text 'Public submission failed review' is present on page 

2020-04-27 15:09:08 - [MESSAGE][PASSED] - Text 'Public submission failed review' is present on page 

2020-04-27 15:09:08 - [TEST_STEP][PASSED] - verifyTextPresent("Complaint not published", false): Text 'Complaint not published' is present on page 

2020-04-27 15:09:08 - [MESSAGE][PASSED] - Text 'Complaint not published' is present on page 

2020-04-27 15:09:08 - [MESSAGE][PASSED] - Call Test Case 'Test Cases/Reusable_Test_Sequences/Web_Office/Verification/Reports/Members_Feedback_Summary' successfully

2020-04-27 15:09:08 - [TEST_STEP][PASSED] - "--------------------------": null

2020-04-27 15:09:08 - [TEST_STEP][PASSED] - " Teardown - CLose Browser |": null

2020-04-27 15:09:08 - [TEST_STEP][PASSED] - callTestCase(findTestCase("Reusable_Test_Sequences/CAT_Teardown"), [:], OPTIONAL): Call Test Case 'Test Cases/Reusable_Test_Sequences/CAT_Teardown' successfully

2020-04-27 15:09:08 - [TEST_CASE][PASSED] - Test Cases/Reusable_Test_Sequences/CAT_Teardown: Test Cases/Reusable_Test_Sequences/CAT_Teardown

2020-04-27 15:09:08 - [TEST_STEP][PASSED] - closeBrowser(): Browser is closed

2020-04-27 15:09:10 - [MESSAGE][PASSED] - Browser is closed

2020-04-27 15:09:10 - [TEST_STEP][PASSED] - super.finalize(): null

2020-04-27 15:09:10 - [TEST_STEP][PASSED] - System.gc(): null

2020-04-27 15:09:10 - [MESSAGE][PASSED] - Call Test Case 'Test Cases/Reusable_Test_Sequences/CAT_Teardown' successfully]]></system-out>
         <system-err><![CDATA[]]></system-err>
      </testcase>
      <testcase name="Test Cases/Web_Office/Reports/Members_Feedback_Status" time="22.349" classname="Test Cases/Web_Office/Reports/Members_Feedback_Status" status="PASSED">
         <system-out><![CDATA[2020-04-27 15:09:10 - [TEST_CASE][PASSED] - Test Cases/Web_Office/Reports/Members_Feedback_Status: Test Cases/Web_Office/Reports/Members_Feedback_Status

2020-04-27 15:09:11 - [TEST_STEP][PASSED] - "--------------------------------------": null

2020-04-27 15:09:11 - [TEST_STEP][PASSED] - " Web Office StartUp                  |": null

2020-04-27 15:09:11 - [TEST_STEP][PASSED] - callTestCase(findTestCase("Reusable_Test_Sequences/Web_Office/Directives/WebOffice_StartUp"), [:], STOP_ON_FAILURE): Call Test Case 'Test Cases/Reusable_Test_Sequences/Web_Office/Directives/WebOffice_StartUp' successfully

2020-04-27 15:09:11 - [TEST_CASE][PASSED] - Test Cases/Reusable_Test_Sequences/Web_Office/Directives/WebOffice_StartUp: Test Cases/Reusable_Test_Sequences/Web_Office/Directives/WebOffice_StartUp

2020-04-27 15:09:11 - [TEST_STEP][PASSED] - "-----------------------------------------------------------------------------": null

2020-04-27 15:09:11 - [TEST_STEP][PASSED] - if (URL == "https://www.dev.checkatrade.com/"): null

2020-04-27 15:09:11 - [TEST_STEP][PASSED] - "-----------------------------------------------------------------------------": null

2020-04-27 15:09:11 - [TEST_STEP][PASSED] - if (URL == "https://www.checkatrade.com/"): null

2020-04-27 15:09:11 - [TEST_STEP][PASSED] - "-----------------------------------------------------------------------------": null

2020-04-27 15:09:11 - [TEST_STEP][PASSED] - if (URL == "https://www.preview.checkatrade.com/"): null

2020-04-27 15:09:11 - [TEST_STEP][PASSED] - WebOfficeURL = "https://admin.preview.checkatrade.com/": null

2020-04-27 15:09:11 - [TEST_STEP][PASSED] - if (URL == "https://www.dev2.checkatrade.com/"): null

2020-04-27 15:09:11 - [TEST_STEP][PASSED] - "Set Function Area for "URL_Handler", URL Resolution": null

2020-04-27 15:09:11 - [TEST_STEP][PASSED] - "Do Some Magic with URL(s) See the comments within URL Handler ": null

2020-04-27 15:09:11 - [TEST_STEP][PASSED] - "------------------------------------------------": null

2020-04-27 15:09:11 - [TEST_STEP][PASSED] - "Moved Login Credentials to <Default> profile 22/01/2020": null

2020-04-27 15:09:11 - [TEST_STEP][PASSED] - "------------------------------------------------": null

2020-04-27 15:09:11 - [TEST_STEP][PASSED] - "WebOfficeURL - Set from the ENVIRONMENT PROFILE ": null

2020-04-27 15:09:11 - [TEST_STEP][PASSED] - "OPEN BROWSER": null

2020-04-27 15:09:11 - [TEST_STEP][PASSED] - "eg - https://admin.preview.checkatrade.com/  ": null

2020-04-27 15:09:11 - [TEST_STEP][PASSED] - openBrowser(WebOfficeURL): Browser is opened with url: 'https://admin.preview.checkatrade.com/'

2020-04-27 15:09:11 - [MESSAGE][INFO] - Starting 'Chrome' driver

2020-04-27 15:09:11 - [MESSAGE][INFO] - Action delay is set to 0 milliseconds

2020-04-27 15:09:17 - [MESSAGE][PASSED] - Browser is opened with url: 'https://admin.preview.checkatrade.com/'

2020-04-27 15:09:17 - [TEST_STEP][PASSED] - maximizeWindow(): Current window maximized

2020-04-27 15:09:19 - [MESSAGE][PASSED] - Current window maximized

2020-04-27 15:09:19 - [TEST_STEP][PASSED] - waitForElementClickable(findTestObject("Object Repository/WebOffice/Page_Checkatrade - Administration - Login/Login_Button"), 25): Object 'Object Repository/WebOffice/Page_Checkatrade - Administration - Login/Login_Button' is clickable

2020-04-27 15:09:19 - [MESSAGE][PASSED] - Object 'Object Repository/WebOffice/Page_Checkatrade - Administration - Login/Login_Button' is clickable

2020-04-27 15:09:19 - [TEST_STEP][PASSED] - verifyTextPresent("Checkatrade Web Office", false): Text 'Checkatrade Web Office' is present on page 

2020-04-27 15:09:20 - [MESSAGE][PASSED] - Text 'Checkatrade Web Office' is present on page 

2020-04-27 15:09:20 - [TEST_STEP][PASSED] - verifyTextPresent("Access for staff use only", false): Text 'Access for staff use only' is present on page 

2020-04-27 15:09:20 - [MESSAGE][PASSED] - Text 'Access for staff use only' is present on page 

2020-04-27 15:09:20 - [TEST_STEP][PASSED] - verifyTextPresent("Forgotten password?", false): Text 'Forgotten password?' is present on page 

2020-04-27 15:09:20 - [MESSAGE][PASSED] - Text 'Forgotten password?' is present on page 

2020-04-27 15:09:20 - [TEST_STEP][PASSED] - setText(findTestObject("Object Repository/WebOffice/Page_Checkatrade - Administration - Login/input_Username_LoginControlUserName"), wo_Username): Text 'DavidHo' is set on object 'Object Repository/WebOffice/Page_Checkatrade - Administration - Login/input_Username_LoginControlUserName'

2020-04-27 15:09:21 - [MESSAGE][PASSED] - Text 'DavidHo' is set on object 'Object Repository/WebOffice/Page_Checkatrade - Administration - Login/input_Username_LoginControlUserName'

2020-04-27 15:09:21 - [TEST_STEP][PASSED] - setText(findTestObject("Object Repository/WebOffice/Page_Checkatrade - Administration - Login/input_Password_LoginControlPassword"), wo_Password): Text 'Check123' is set on object 'Object Repository/WebOffice/Page_Checkatrade - Administration - Login/input_Password_LoginControlPassword'

2020-04-27 15:09:21 - [MESSAGE][PASSED] - Text 'Check123' is set on object 'Object Repository/WebOffice/Page_Checkatrade - Administration - Login/input_Password_LoginControlPassword'

2020-04-27 15:09:21 - [TEST_STEP][PASSED] - click(findTestObject("Object Repository/WebOffice/Page_Checkatrade - Administration - Login/Login_Button")): Object: 'Object Repository/WebOffice/Page_Checkatrade - Administration - Login/Login_Button' is clicked on

2020-04-27 15:09:22 - [MESSAGE][PASSED] - Object: 'Object Repository/WebOffice/Page_Checkatrade - Administration - Login/Login_Button' is clicked on

2020-04-27 15:09:22 - [TEST_STEP][PASSED] - waitForPageLoad(60): Wait for page load successfully

2020-04-27 15:09:22 - [MESSAGE][PASSED] - Wait for page load successfully

2020-04-27 15:09:22 - [TEST_STEP][PASSED] - verifyTextPresent("Welcome " + wo_Username, false): Text 'Welcome DavidHo' is present on page 

2020-04-27 15:09:22 - [MESSAGE][PASSED] - Text 'Welcome DavidHo' is present on page 

2020-04-27 15:09:22 - [MESSAGE][PASSED] - Call Test Case 'Test Cases/Reusable_Test_Sequences/Web_Office/Directives/WebOffice_StartUp' successfully

2020-04-27 15:09:22 - [TEST_STEP][PASSED] - "-----------------------------------------------------------------": null

2020-04-27 15:09:22 - [TEST_STEP][PASSED] - " Navigate to <Settings->Checkatrade.Com->Sub Item> Menu Item     |": null

2020-04-27 15:09:22 - [TEST_STEP][PASSED] - callTestCase(findTestCase("Reusable_Test_Sequences/Web_Office/Navigation/Sub_Menu_Navigation/Reports/Members_Feedback_Status"), [:], STOP_ON_FAILURE): Call Test Case 'Test Cases/Reusable_Test_Sequences/Web_Office/Navigation/Sub_Menu_Navigation/Reports/Members_Feedback_Status' successfully

2020-04-27 15:09:22 - [TEST_CASE][PASSED] - Test Cases/Reusable_Test_Sequences/Web_Office/Navigation/Sub_Menu_Navigation/Reports/Members_Feedback_Status: Test Cases/Reusable_Test_Sequences/Web_Office/Navigation/Sub_Menu_Navigation/Reports/Members_Feedback_Status

2020-04-27 15:09:22 - [TEST_STEP][PASSED] - "--------------------------------------": null

2020-04-27 15:09:22 - [TEST_STEP][PASSED] - " Navigate Top level menu Item         |": null

2020-04-27 15:09:22 - [TEST_STEP][PASSED] - waitForPageLoad(60): Wait for page load successfully

2020-04-27 15:09:22 - [MESSAGE][PASSED] - Wait for page load successfully

2020-04-27 15:09:22 - [TEST_STEP][PASSED] - waitForElementClickable(findTestObject("Object Repository/WebOffice_Home_page/a_Reports"), 60): Object 'Object Repository/WebOffice_Home_page/a_Reports' is clickable

2020-04-27 15:09:23 - [MESSAGE][PASSED] - Object 'Object Repository/WebOffice_Home_page/a_Reports' is clickable

2020-04-27 15:09:23 - [TEST_STEP][PASSED] - mouseOver(findTestObject("Object Repository/WebOffice_Home_page/a_Reports")): Object: 'Object Repository/WebOffice_Home_page/a_Reports' is hovered

2020-04-27 15:09:23 - [MESSAGE][PASSED] - Object: 'Object Repository/WebOffice_Home_page/a_Reports' is hovered

2020-04-27 15:09:23 - [TEST_STEP][PASSED] - click(findTestObject("Object Repository/WebOffice_Home_page/Page_/a_Members")): Object: 'Object Repository/WebOffice_Home_page/Page_/a_Members' is clicked on

2020-04-27 15:09:23 - [MESSAGE][PASSED] - Object: 'Object Repository/WebOffice_Home_page/Page_/a_Members' is clicked on

2020-04-27 15:09:23 - [TEST_STEP][PASSED] - click(findTestObject("Object Repository/WebOffice_Home_page/Page_/a_Members Feedback")): Object: 'Object Repository/WebOffice_Home_page/Page_/a_Members Feedback' is clicked on

2020-04-27 15:09:23 - [MESSAGE][PASSED] - Object: 'Object Repository/WebOffice_Home_page/Page_/a_Members Feedback' is clicked on

2020-04-27 15:09:23 - [TEST_STEP][PASSED] - waitForPageLoad(5): Wait for page load successfully

2020-04-27 15:09:23 - [MESSAGE][PASSED] - Wait for page load successfully

2020-04-27 15:09:23 - [TEST_STEP][PASSED] - waitForElementClickable(findTestObject("Object Repository/WebOffice_Home_page/Page_/a_Status Report"), 5): Object 'Object Repository/WebOffice_Home_page/Page_/a_Status Report' is clickable

2020-04-27 15:09:23 - [MESSAGE][PASSED] - Object 'Object Repository/WebOffice_Home_page/Page_/a_Status Report' is clickable

2020-04-27 15:09:23 - [TEST_STEP][PASSED] - click(findTestObject("Object Repository/WebOffice_Home_page/Page_/a_Status Report")): Object: 'Object Repository/WebOffice_Home_page/Page_/a_Status Report' is clicked on

2020-04-27 15:09:25 - [MESSAGE][PASSED] - Object: 'Object Repository/WebOffice_Home_page/Page_/a_Status Report' is clicked on

2020-04-27 15:09:25 - [MESSAGE][PASSED] - Call Test Case 'Test Cases/Reusable_Test_Sequences/Web_Office/Navigation/Sub_Menu_Navigation/Reports/Members_Feedback_Status' successfully

2020-04-27 15:09:25 - [TEST_STEP][PASSED] - "--------------------------------------": null

2020-04-27 15:09:25 - [TEST_STEP][PASSED] - " Verify Returned Page Detail          |": null

2020-04-27 15:09:25 - [TEST_STEP][PASSED] - callTestCase(findTestCase("Reusable_Test_Sequences/Web_Office/Verification/Reports/Members_Feedback_Status"), [:], OPTIONAL): Call Test Case 'Test Cases/Reusable_Test_Sequences/Web_Office/Verification/Reports/Members_Feedback_Status' successfully

2020-04-27 15:09:25 - [TEST_CASE][PASSED] - Test Cases/Reusable_Test_Sequences/Web_Office/Verification/Reports/Members_Feedback_Status: Test Cases/Reusable_Test_Sequences/Web_Office/Verification/Reports/Members_Feedback_Status

2020-04-27 15:09:25 - [TEST_STEP][PASSED] - waitForPageLoad(120): Wait for page load successfully

2020-04-27 15:09:25 - [MESSAGE][PASSED] - Wait for page load successfully

2020-04-27 15:09:25 - [TEST_STEP][PASSED] - delay(1): Delayed 1 second(s)

2020-04-27 15:09:26 - [MESSAGE][PASSED] - Delayed 1 second(s)

2020-04-27 15:09:26 - [TEST_STEP][PASSED] - verifyTextPresent("Members Feedback : Status Report", false): Text 'Members Feedback : Status Report' is present on page 

2020-04-27 15:09:27 - [MESSAGE][PASSED] - Text 'Members Feedback : Status Report' is present on page 

2020-04-27 15:09:27 - [TEST_STEP][PASSED] - "----------------------------------------------": null

2020-04-27 15:09:27 - [TEST_STEP][PASSED] - verifyTextPresent("Feedback status", false): Text 'Feedback status' is present on page 

2020-04-27 15:09:27 - [MESSAGE][PASSED] - Text 'Feedback status' is present on page 

2020-04-27 15:09:27 - [TEST_STEP][PASSED] - verifyTextPresent("Companies", false): Text 'Companies' is present on page 

2020-04-27 15:09:27 - [MESSAGE][PASSED] - Text 'Companies' is present on page 

2020-04-27 15:09:27 - [TEST_STEP][PASSED] - "----------------------------------------------": null

2020-04-27 15:09:27 - [TEST_STEP][PASSED] - verifyTextPresent("Company name", false): Text 'Company name' is present on page 

2020-04-27 15:09:28 - [MESSAGE][PASSED] - Text 'Company name' is present on page 

2020-04-27 15:09:28 - [TEST_STEP][PASSED] - verifyTextPresent("Company status", false): Text 'Company status' is present on page 

2020-04-27 15:09:28 - [MESSAGE][PASSED] - Text 'Company status' is present on page 

2020-04-27 15:09:28 - [TEST_STEP][PASSED] - verifyTextPresent("Total feedbacks", false): Text 'Total feedbacks' is present on page 

2020-04-27 15:09:28 - [MESSAGE][PASSED] - Text 'Total feedbacks' is present on page 

2020-04-27 15:09:28 - [TEST_STEP][PASSED] - verifyTextPresent("Selected feedbacks", false): Text 'Selected feedbacks' is present on page 

2020-04-27 15:09:29 - [MESSAGE][PASSED] - Text 'Selected feedbacks' is present on page 

2020-04-27 15:09:29 - [TEST_STEP][PASSED] - verifyTextPresent("Percentage", false): Text 'Percentage' is present on page 

2020-04-27 15:09:29 - [MESSAGE][PASSED] - Text 'Percentage' is present on page 

2020-04-27 15:09:29 - [TEST_STEP][PASSED] - verifyTextPresent("5 Star Cleaning", false): Text '5 Star Cleaning' is present on page 

2020-04-27 15:09:29 - [MESSAGE][PASSED] - Text '5 Star Cleaning' is present on page 

2020-04-27 15:09:29 - [TEST_STEP][PASSED] - verifyTextPresent("100%", false): Text '100%' is present on page 

2020-04-27 15:09:29 - [MESSAGE][PASSED] - Text '100%' is present on page 

2020-04-27 15:09:29 - [TEST_STEP][PASSED] - verifyTextPresent("5d Compliance", false): Text '5d Compliance' is present on page 

2020-04-27 15:09:30 - [MESSAGE][PASSED] - Text '5d Compliance' is present on page 

2020-04-27 15:09:30 - [TEST_STEP][PASSED] - verifyTextPresent("ABD Homes Ltd", false): Text 'ABD Homes Ltd' is present on page 

2020-04-27 15:09:30 - [MESSAGE][PASSED] - Text 'ABD Homes Ltd' is present on page 

2020-04-27 15:09:30 - [TEST_STEP][PASSED] - verifyTextPresent("B Nicol Joinery", false): Text 'B Nicol Joinery' is present on page 

2020-04-27 15:09:30 - [MESSAGE][PASSED] - Text 'B Nicol Joinery' is present on page 

2020-04-27 15:09:30 - [MESSAGE][PASSED] - Call Test Case 'Test Cases/Reusable_Test_Sequences/Web_Office/Verification/Reports/Members_Feedback_Status' successfully

2020-04-27 15:09:30 - [TEST_STEP][PASSED] - "--------------------------": null

2020-04-27 15:09:30 - [TEST_STEP][PASSED] - " Teardown - CLose Browser |": null

2020-04-27 15:09:30 - [TEST_STEP][PASSED] - callTestCase(findTestCase("Reusable_Test_Sequences/CAT_Teardown"), [:], OPTIONAL): Call Test Case 'Test Cases/Reusable_Test_Sequences/CAT_Teardown' successfully

2020-04-27 15:09:30 - [TEST_CASE][PASSED] - Test Cases/Reusable_Test_Sequences/CAT_Teardown: Test Cases/Reusable_Test_Sequences/CAT_Teardown

2020-04-27 15:09:30 - [TEST_STEP][PASSED] - closeBrowser(): Browser is closed

2020-04-27 15:09:33 - [MESSAGE][PASSED] - Browser is closed

2020-04-27 15:09:33 - [TEST_STEP][PASSED] - super.finalize(): null

2020-04-27 15:09:33 - [TEST_STEP][PASSED] - System.gc(): null

2020-04-27 15:09:33 - [MESSAGE][PASSED] - Call Test Case 'Test Cases/Reusable_Test_Sequences/CAT_Teardown' successfully]]></system-out>
         <system-err><![CDATA[]]></system-err>
      </testcase>
      <testcase name="Test Cases/Web_Office/Reports/Members_Feedback_Company" time="17.186" classname="Test Cases/Web_Office/Reports/Members_Feedback_Company" status="PASSED">
         <system-out><![CDATA[2020-04-27 15:09:33 - [TEST_CASE][PASSED] - Test Cases/Web_Office/Reports/Members_Feedback_Company: Test Cases/Web_Office/Reports/Members_Feedback_Company

2020-04-27 15:09:33 - [TEST_STEP][PASSED] - "--------------------------------------": null

2020-04-27 15:09:33 - [TEST_STEP][PASSED] - " Web Office StartUp                  |": null

2020-04-27 15:09:33 - [TEST_STEP][PASSED] - callTestCase(findTestCase("Reusable_Test_Sequences/Web_Office/Directives/WebOffice_StartUp"), [:], STOP_ON_FAILURE): Call Test Case 'Test Cases/Reusable_Test_Sequences/Web_Office/Directives/WebOffice_StartUp' successfully

2020-04-27 15:09:33 - [TEST_CASE][PASSED] - Test Cases/Reusable_Test_Sequences/Web_Office/Directives/WebOffice_StartUp: Test Cases/Reusable_Test_Sequences/Web_Office/Directives/WebOffice_StartUp

2020-04-27 15:09:33 - [TEST_STEP][PASSED] - "-----------------------------------------------------------------------------": null

2020-04-27 15:09:33 - [TEST_STEP][PASSED] - if (URL == "https://www.dev.checkatrade.com/"): null

2020-04-27 15:09:33 - [TEST_STEP][PASSED] - "-----------------------------------------------------------------------------": null

2020-04-27 15:09:33 - [TEST_STEP][PASSED] - if (URL == "https://www.checkatrade.com/"): null

2020-04-27 15:09:33 - [TEST_STEP][PASSED] - "-----------------------------------------------------------------------------": null

2020-04-27 15:09:33 - [TEST_STEP][PASSED] - if (URL == "https://www.preview.checkatrade.com/"): null

2020-04-27 15:09:33 - [TEST_STEP][PASSED] - WebOfficeURL = "https://admin.preview.checkatrade.com/": null

2020-04-27 15:09:33 - [TEST_STEP][PASSED] - if (URL == "https://www.dev2.checkatrade.com/"): null

2020-04-27 15:09:33 - [TEST_STEP][PASSED] - "Set Function Area for "URL_Handler", URL Resolution": null

2020-04-27 15:09:33 - [TEST_STEP][PASSED] - "Do Some Magic with URL(s) See the comments within URL Handler ": null

2020-04-27 15:09:33 - [TEST_STEP][PASSED] - "------------------------------------------------": null

2020-04-27 15:09:33 - [TEST_STEP][PASSED] - "Moved Login Credentials to <Default> profile 22/01/2020": null

2020-04-27 15:09:33 - [TEST_STEP][PASSED] - "------------------------------------------------": null

2020-04-27 15:09:33 - [TEST_STEP][PASSED] - "WebOfficeURL - Set from the ENVIRONMENT PROFILE ": null

2020-04-27 15:09:33 - [TEST_STEP][PASSED] - "OPEN BROWSER": null

2020-04-27 15:09:33 - [TEST_STEP][PASSED] - "eg - https://admin.preview.checkatrade.com/  ": null

2020-04-27 15:09:33 - [TEST_STEP][PASSED] - openBrowser(WebOfficeURL): Browser is opened with url: 'https://admin.preview.checkatrade.com/'

2020-04-27 15:09:33 - [MESSAGE][INFO] - Starting 'Chrome' driver

2020-04-27 15:09:33 - [MESSAGE][INFO] - Action delay is set to 0 milliseconds

2020-04-27 15:09:39 - [MESSAGE][PASSED] - Browser is opened with url: 'https://admin.preview.checkatrade.com/'

2020-04-27 15:09:39 - [TEST_STEP][PASSED] - maximizeWindow(): Current window maximized

2020-04-27 15:09:41 - [MESSAGE][PASSED] - Current window maximized

2020-04-27 15:09:41 - [TEST_STEP][PASSED] - waitForElementClickable(findTestObject("Object Repository/WebOffice/Page_Checkatrade - Administration - Login/Login_Button"), 25): Object 'Object Repository/WebOffice/Page_Checkatrade - Administration - Login/Login_Button' is clickable

2020-04-27 15:09:41 - [MESSAGE][PASSED] - Object 'Object Repository/WebOffice/Page_Checkatrade - Administration - Login/Login_Button' is clickable

2020-04-27 15:09:41 - [TEST_STEP][PASSED] - verifyTextPresent("Checkatrade Web Office", false): Text 'Checkatrade Web Office' is present on page 

2020-04-27 15:09:41 - [MESSAGE][PASSED] - Text 'Checkatrade Web Office' is present on page 

2020-04-27 15:09:41 - [TEST_STEP][PASSED] - verifyTextPresent("Access for staff use only", false): Text 'Access for staff use only' is present on page 

2020-04-27 15:09:42 - [MESSAGE][PASSED] - Text 'Access for staff use only' is present on page 

2020-04-27 15:09:42 - [TEST_STEP][PASSED] - verifyTextPresent("Forgotten password?", false): Text 'Forgotten password?' is present on page 

2020-04-27 15:09:42 - [MESSAGE][PASSED] - Text 'Forgotten password?' is present on page 

2020-04-27 15:09:42 - [TEST_STEP][PASSED] - setText(findTestObject("Object Repository/WebOffice/Page_Checkatrade - Administration - Login/input_Username_LoginControlUserName"), wo_Username): Text 'DavidHo' is set on object 'Object Repository/WebOffice/Page_Checkatrade - Administration - Login/input_Username_LoginControlUserName'

2020-04-27 15:09:42 - [MESSAGE][PASSED] - Text 'DavidHo' is set on object 'Object Repository/WebOffice/Page_Checkatrade - Administration - Login/input_Username_LoginControlUserName'

2020-04-27 15:09:42 - [TEST_STEP][PASSED] - setText(findTestObject("Object Repository/WebOffice/Page_Checkatrade - Administration - Login/input_Password_LoginControlPassword"), wo_Password): Text 'Check123' is set on object 'Object Repository/WebOffice/Page_Checkatrade - Administration - Login/input_Password_LoginControlPassword'

2020-04-27 15:09:42 - [MESSAGE][PASSED] - Text 'Check123' is set on object 'Object Repository/WebOffice/Page_Checkatrade - Administration - Login/input_Password_LoginControlPassword'

2020-04-27 15:09:42 - [TEST_STEP][PASSED] - click(findTestObject("Object Repository/WebOffice/Page_Checkatrade - Administration - Login/Login_Button")): Object: 'Object Repository/WebOffice/Page_Checkatrade - Administration - Login/Login_Button' is clicked on

2020-04-27 15:09:43 - [MESSAGE][PASSED] - Object: 'Object Repository/WebOffice/Page_Checkatrade - Administration - Login/Login_Button' is clicked on

2020-04-27 15:09:43 - [TEST_STEP][PASSED] - waitForPageLoad(60): Wait for page load successfully

2020-04-27 15:09:44 - [MESSAGE][PASSED] - Wait for page load successfully

2020-04-27 15:09:44 - [TEST_STEP][PASSED] - verifyTextPresent("Welcome " + wo_Username, false): Text 'Welcome DavidHo' is present on page 

2020-04-27 15:09:45 - [MESSAGE][PASSED] - Text 'Welcome DavidHo' is present on page 

2020-04-27 15:09:45 - [MESSAGE][PASSED] - Call Test Case 'Test Cases/Reusable_Test_Sequences/Web_Office/Directives/WebOffice_StartUp' successfully

2020-04-27 15:09:45 - [TEST_STEP][PASSED] - "-----------------------------------------------------------------": null

2020-04-27 15:09:45 - [TEST_STEP][PASSED] - " Navigate to <Settings->Checkatrade.Com->Sub Item> Menu Item     |": null

2020-04-27 15:09:45 - [TEST_STEP][PASSED] - callTestCase(findTestCase("Reusable_Test_Sequences/Web_Office/Navigation/Sub_Menu_Navigation/Reports/Members_Feedback_Company"), [:], STOP_ON_FAILURE): Call Test Case 'Test Cases/Reusable_Test_Sequences/Web_Office/Navigation/Sub_Menu_Navigation/Reports/Members_Feedback_Company' successfully

2020-04-27 15:09:45 - [TEST_CASE][PASSED] - Test Cases/Reusable_Test_Sequences/Web_Office/Navigation/Sub_Menu_Navigation/Reports/Members_Feedback_Company: Test Cases/Reusable_Test_Sequences/Web_Office/Navigation/Sub_Menu_Navigation/Reports/Members_Feedback_Company

2020-04-27 15:09:45 - [TEST_STEP][PASSED] - "--------------------------------------": null

2020-04-27 15:09:45 - [TEST_STEP][PASSED] - " Navigate Top level menu Item         |": null

2020-04-27 15:09:45 - [TEST_STEP][PASSED] - waitForPageLoad(60): Wait for page load successfully

2020-04-27 15:09:45 - [MESSAGE][PASSED] - Wait for page load successfully

2020-04-27 15:09:45 - [TEST_STEP][PASSED] - waitForElementClickable(findTestObject("Object Repository/WebOffice_Home_page/a_Reports"), 60): Object 'Object Repository/WebOffice_Home_page/a_Reports' is clickable

2020-04-27 15:09:45 - [MESSAGE][PASSED] - Object 'Object Repository/WebOffice_Home_page/a_Reports' is clickable

2020-04-27 15:09:45 - [TEST_STEP][PASSED] - mouseOver(findTestObject("Object Repository/WebOffice_Home_page/a_Reports")): Object: 'Object Repository/WebOffice_Home_page/a_Reports' is hovered

2020-04-27 15:09:45 - [MESSAGE][PASSED] - Object: 'Object Repository/WebOffice_Home_page/a_Reports' is hovered

2020-04-27 15:09:45 - [TEST_STEP][PASSED] - click(findTestObject("Object Repository/WebOffice_Home_page/Page_/a_Members")): Object: 'Object Repository/WebOffice_Home_page/Page_/a_Members' is clicked on

2020-04-27 15:09:45 - [MESSAGE][PASSED] - Object: 'Object Repository/WebOffice_Home_page/Page_/a_Members' is clicked on

2020-04-27 15:09:45 - [TEST_STEP][PASSED] - click(findTestObject("Object Repository/WebOffice_Home_page/Page_/a_Members Feedback")): Object: 'Object Repository/WebOffice_Home_page/Page_/a_Members Feedback' is clicked on

2020-04-27 15:09:46 - [MESSAGE][PASSED] - Object: 'Object Repository/WebOffice_Home_page/Page_/a_Members Feedback' is clicked on

2020-04-27 15:09:46 - [TEST_STEP][PASSED] - waitForPageLoad(5): Wait for page load successfully

2020-04-27 15:09:46 - [MESSAGE][PASSED] - Wait for page load successfully

2020-04-27 15:09:46 - [TEST_STEP][PASSED] - waitForElementClickable(findTestObject("Object Repository/WebOffice_Home_page/Page_/a_Company Detail Report"), 5): Object 'Object Repository/WebOffice_Home_page/Page_/a_Company Detail Report' is clickable

2020-04-27 15:09:46 - [MESSAGE][PASSED] - Object 'Object Repository/WebOffice_Home_page/Page_/a_Company Detail Report' is clickable

2020-04-27 15:09:46 - [TEST_STEP][PASSED] - click(findTestObject("Object Repository/WebOffice_Home_page/Page_/a_Company Detail Report")): Object: 'Object Repository/WebOffice_Home_page/Page_/a_Company Detail Report' is clicked on

2020-04-27 15:09:46 - [MESSAGE][PASSED] - Object: 'Object Repository/WebOffice_Home_page/Page_/a_Company Detail Report' is clicked on

2020-04-27 15:09:46 - [MESSAGE][PASSED] - Call Test Case 'Test Cases/Reusable_Test_Sequences/Web_Office/Navigation/Sub_Menu_Navigation/Reports/Members_Feedback_Company' successfully

2020-04-27 15:09:46 - [TEST_STEP][PASSED] - "--------------------------------------": null

2020-04-27 15:09:46 - [TEST_STEP][PASSED] - " Verify Returned Page Detail          |": null

2020-04-27 15:09:46 - [TEST_STEP][PASSED] - callTestCase(findTestCase("Reusable_Test_Sequences/Web_Office/Verification/Reports/Members_Feedback_Company"), [:], OPTIONAL): Call Test Case 'Test Cases/Reusable_Test_Sequences/Web_Office/Verification/Reports/Members_Feedback_Company' successfully

2020-04-27 15:09:46 - [TEST_CASE][PASSED] - Test Cases/Reusable_Test_Sequences/Web_Office/Verification/Reports/Members_Feedback_Company: Test Cases/Reusable_Test_Sequences/Web_Office/Verification/Reports/Members_Feedback_Company

2020-04-27 15:09:47 - [TEST_STEP][PASSED] - waitForPageLoad(120): Wait for page load successfully

2020-04-27 15:09:47 - [MESSAGE][PASSED] - Wait for page load successfully

2020-04-27 15:09:47 - [TEST_STEP][PASSED] - delay(1): Delayed 1 second(s)

2020-04-27 15:09:48 - [MESSAGE][PASSED] - Delayed 1 second(s)

2020-04-27 15:09:48 - [TEST_STEP][PASSED] - verifyTextPresent("Members Feedback : Company Detail Report", false): Text 'Members Feedback : Company Detail Report' is present on page 

2020-04-27 15:09:48 - [MESSAGE][PASSED] - Text 'Members Feedback : Company Detail Report' is present on page 

2020-04-27 15:09:48 - [TEST_STEP][PASSED] - "----------------------------------------------": null

2020-04-27 15:09:48 - [TEST_STEP][PASSED] - verifyTextPresent("Summary Report", false): Text 'Summary Report' is present on page 

2020-04-27 15:09:48 - [MESSAGE][PASSED] - Text 'Summary Report' is present on page 

2020-04-27 15:09:48 - [TEST_STEP][PASSED] - verifyTextPresent("Status Report", false): Text 'Status Report' is present on page 

2020-04-27 15:09:48 - [MESSAGE][PASSED] - Text 'Status Report' is present on page 

2020-04-27 15:09:48 - [TEST_STEP][PASSED] - verifyTextPresent("Company Detail Report", false): Text 'Company Detail Report' is present on page 

2020-04-27 15:09:48 - [MESSAGE][PASSED] - Text 'Company Detail Report' is present on page 

2020-04-27 15:09:48 - [TEST_STEP][PASSED] - verifyTextPresent("Feedback status", false): Text 'Feedback status' is present on page 

2020-04-27 15:09:48 - [MESSAGE][PASSED] - Text 'Feedback status' is present on page 

2020-04-27 15:09:48 - [TEST_STEP][PASSED] - verifyTextPresent("Company name", false): Text 'Company name' is present on page 

2020-04-27 15:09:49 - [MESSAGE][PASSED] - Text 'Company name' is present on page 

2020-04-27 15:09:49 - [TEST_STEP][PASSED] - verifyTextPresent("Feedbacks", false): Text 'Feedbacks' is present on page 

2020-04-27 15:09:49 - [MESSAGE][PASSED] - Text 'Feedbacks' is present on page 

2020-04-27 15:09:49 - [MESSAGE][PASSED] - Call Test Case 'Test Cases/Reusable_Test_Sequences/Web_Office/Verification/Reports/Members_Feedback_Company' successfully

2020-04-27 15:09:49 - [TEST_STEP][PASSED] - "--------------------------": null

2020-04-27 15:09:49 - [TEST_STEP][PASSED] - " Teardown - CLose Browser |": null

2020-04-27 15:09:49 - [TEST_STEP][PASSED] - callTestCase(findTestCase("Reusable_Test_Sequences/CAT_Teardown"), [:], OPTIONAL): Call Test Case 'Test Cases/Reusable_Test_Sequences/CAT_Teardown' successfully

2020-04-27 15:09:49 - [TEST_CASE][PASSED] - Test Cases/Reusable_Test_Sequences/CAT_Teardown: Test Cases/Reusable_Test_Sequences/CAT_Teardown

2020-04-27 15:09:49 - [TEST_STEP][PASSED] - closeBrowser(): Browser is closed

2020-04-27 15:09:50 - [MESSAGE][PASSED] - Browser is closed

2020-04-27 15:09:50 - [TEST_STEP][PASSED] - super.finalize(): null

2020-04-27 15:09:50 - [TEST_STEP][PASSED] - System.gc(): null

2020-04-27 15:09:50 - [MESSAGE][PASSED] - Call Test Case 'Test Cases/Reusable_Test_Sequences/CAT_Teardown' successfully]]></system-out>
         <system-err><![CDATA[]]></system-err>
      </testcase>
      <testcase name="Test Cases/Web_Office/Reports/Members_Activity_Overview" time="17.479" classname="Test Cases/Web_Office/Reports/Members_Activity_Overview" status="PASSED">
         <system-out><![CDATA[2020-04-27 15:09:50 - [TEST_CASE][PASSED] - Test Cases/Web_Office/Reports/Members_Activity_Overview: Test Cases/Web_Office/Reports/Members_Activity_Overview

2020-04-27 15:09:50 - [TEST_STEP][PASSED] - "--------------------------------------": null

2020-04-27 15:09:50 - [TEST_STEP][PASSED] - " Web Office StartUp                  |": null

2020-04-27 15:09:50 - [TEST_STEP][PASSED] - callTestCase(findTestCase("Reusable_Test_Sequences/Web_Office/Directives/WebOffice_StartUp"), [:], STOP_ON_FAILURE): Call Test Case 'Test Cases/Reusable_Test_Sequences/Web_Office/Directives/WebOffice_StartUp' successfully

2020-04-27 15:09:51 - [TEST_CASE][PASSED] - Test Cases/Reusable_Test_Sequences/Web_Office/Directives/WebOffice_StartUp: Test Cases/Reusable_Test_Sequences/Web_Office/Directives/WebOffice_StartUp

2020-04-27 15:09:51 - [TEST_STEP][PASSED] - "-----------------------------------------------------------------------------": null

2020-04-27 15:09:51 - [TEST_STEP][PASSED] - if (URL == "https://www.dev.checkatrade.com/"): null

2020-04-27 15:09:51 - [TEST_STEP][PASSED] - "-----------------------------------------------------------------------------": null

2020-04-27 15:09:51 - [TEST_STEP][PASSED] - if (URL == "https://www.checkatrade.com/"): null

2020-04-27 15:09:51 - [TEST_STEP][PASSED] - "-----------------------------------------------------------------------------": null

2020-04-27 15:09:51 - [TEST_STEP][PASSED] - if (URL == "https://www.preview.checkatrade.com/"): null

2020-04-27 15:09:51 - [TEST_STEP][PASSED] - WebOfficeURL = "https://admin.preview.checkatrade.com/": null

2020-04-27 15:09:51 - [TEST_STEP][PASSED] - if (URL == "https://www.dev2.checkatrade.com/"): null

2020-04-27 15:09:51 - [TEST_STEP][PASSED] - "Set Function Area for "URL_Handler", URL Resolution": null

2020-04-27 15:09:51 - [TEST_STEP][PASSED] - "Do Some Magic with URL(s) See the comments within URL Handler ": null

2020-04-27 15:09:51 - [TEST_STEP][PASSED] - "------------------------------------------------": null

2020-04-27 15:09:51 - [TEST_STEP][PASSED] - "Moved Login Credentials to <Default> profile 22/01/2020": null

2020-04-27 15:09:51 - [TEST_STEP][PASSED] - "------------------------------------------------": null

2020-04-27 15:09:51 - [TEST_STEP][PASSED] - "WebOfficeURL - Set from the ENVIRONMENT PROFILE ": null

2020-04-27 15:09:51 - [TEST_STEP][PASSED] - "OPEN BROWSER": null

2020-04-27 15:09:51 - [TEST_STEP][PASSED] - "eg - https://admin.preview.checkatrade.com/  ": null

2020-04-27 15:09:51 - [TEST_STEP][PASSED] - openBrowser(WebOfficeURL): Browser is opened with url: 'https://admin.preview.checkatrade.com/'

2020-04-27 15:09:51 - [MESSAGE][INFO] - Starting 'Chrome' driver

2020-04-27 15:09:51 - [MESSAGE][INFO] - Action delay is set to 0 milliseconds

2020-04-27 15:09:56 - [MESSAGE][PASSED] - Browser is opened with url: 'https://admin.preview.checkatrade.com/'

2020-04-27 15:09:56 - [TEST_STEP][PASSED] - maximizeWindow(): Current window maximized

2020-04-27 15:09:59 - [MESSAGE][PASSED] - Current window maximized

2020-04-27 15:09:59 - [TEST_STEP][PASSED] - waitForElementClickable(findTestObject("Object Repository/WebOffice/Page_Checkatrade - Administration - Login/Login_Button"), 25): Object 'Object Repository/WebOffice/Page_Checkatrade - Administration - Login/Login_Button' is clickable

2020-04-27 15:09:59 - [MESSAGE][PASSED] - Object 'Object Repository/WebOffice/Page_Checkatrade - Administration - Login/Login_Button' is clickable

2020-04-27 15:09:59 - [TEST_STEP][PASSED] - verifyTextPresent("Checkatrade Web Office", false): Text 'Checkatrade Web Office' is present on page 

2020-04-27 15:09:59 - [MESSAGE][PASSED] - Text 'Checkatrade Web Office' is present on page 

2020-04-27 15:09:59 - [TEST_STEP][PASSED] - verifyTextPresent("Access for staff use only", false): Text 'Access for staff use only' is present on page 

2020-04-27 15:09:59 - [MESSAGE][PASSED] - Text 'Access for staff use only' is present on page 

2020-04-27 15:09:59 - [TEST_STEP][PASSED] - verifyTextPresent("Forgotten password?", false): Text 'Forgotten password?' is present on page 

2020-04-27 15:09:59 - [MESSAGE][PASSED] - Text 'Forgotten password?' is present on page 

2020-04-27 15:09:59 - [TEST_STEP][PASSED] - setText(findTestObject("Object Repository/WebOffice/Page_Checkatrade - Administration - Login/input_Username_LoginControlUserName"), wo_Username): Text 'DavidHo' is set on object 'Object Repository/WebOffice/Page_Checkatrade - Administration - Login/input_Username_LoginControlUserName'

2020-04-27 15:09:59 - [MESSAGE][PASSED] - Text 'DavidHo' is set on object 'Object Repository/WebOffice/Page_Checkatrade - Administration - Login/input_Username_LoginControlUserName'

2020-04-27 15:09:59 - [TEST_STEP][PASSED] - setText(findTestObject("Object Repository/WebOffice/Page_Checkatrade - Administration - Login/input_Password_LoginControlPassword"), wo_Password): Text 'Check123' is set on object 'Object Repository/WebOffice/Page_Checkatrade - Administration - Login/input_Password_LoginControlPassword'

2020-04-27 15:10:00 - [MESSAGE][PASSED] - Text 'Check123' is set on object 'Object Repository/WebOffice/Page_Checkatrade - Administration - Login/input_Password_LoginControlPassword'

2020-04-27 15:10:00 - [TEST_STEP][PASSED] - click(findTestObject("Object Repository/WebOffice/Page_Checkatrade - Administration - Login/Login_Button")): Object: 'Object Repository/WebOffice/Page_Checkatrade - Administration - Login/Login_Button' is clicked on

2020-04-27 15:10:01 - [MESSAGE][PASSED] - Object: 'Object Repository/WebOffice/Page_Checkatrade - Administration - Login/Login_Button' is clicked on

2020-04-27 15:10:01 - [TEST_STEP][PASSED] - waitForPageLoad(60): Wait for page load successfully

2020-04-27 15:10:01 - [MESSAGE][PASSED] - Wait for page load successfully

2020-04-27 15:10:01 - [TEST_STEP][PASSED] - verifyTextPresent("Welcome " + wo_Username, false): Text 'Welcome DavidHo' is present on page 

2020-04-27 15:10:01 - [MESSAGE][PASSED] - Text 'Welcome DavidHo' is present on page 

2020-04-27 15:10:01 - [MESSAGE][PASSED] - Call Test Case 'Test Cases/Reusable_Test_Sequences/Web_Office/Directives/WebOffice_StartUp' successfully

2020-04-27 15:10:01 - [TEST_STEP][PASSED] - "-----------------------------------------------------------------": null

2020-04-27 15:10:01 - [TEST_STEP][PASSED] - " Navigate to <Settings->Checkatrade.Com->Sub Item> Menu Item     |": null

2020-04-27 15:10:01 - [TEST_STEP][PASSED] - callTestCase(findTestCase("Reusable_Test_Sequences/Web_Office/Navigation/Sub_Menu_Navigation/Reports/Members_Activity_Overview"), [:], STOP_ON_FAILURE): Call Test Case 'Test Cases/Reusable_Test_Sequences/Web_Office/Navigation/Sub_Menu_Navigation/Reports/Members_Activity_Overview' successfully

2020-04-27 15:10:01 - [TEST_CASE][PASSED] - Test Cases/Reusable_Test_Sequences/Web_Office/Navigation/Sub_Menu_Navigation/Reports/Members_Activity_Overview: Test Cases/Reusable_Test_Sequences/Web_Office/Navigation/Sub_Menu_Navigation/Reports/Members_Activity_Overview

2020-04-27 15:10:01 - [TEST_STEP][PASSED] - "--------------------------------------": null

2020-04-27 15:10:01 - [TEST_STEP][PASSED] - " Navigate Top level menu Item         |": null

2020-04-27 15:10:01 - [TEST_STEP][PASSED] - waitForPageLoad(60): Wait for page load successfully

2020-04-27 15:10:01 - [MESSAGE][PASSED] - Wait for page load successfully

2020-04-27 15:10:01 - [TEST_STEP][PASSED] - waitForElementClickable(findTestObject("Object Repository/WebOffice_Home_page/a_Reports"), 60): Object 'Object Repository/WebOffice_Home_page/a_Reports' is clickable

2020-04-27 15:10:02 - [MESSAGE][PASSED] - Object 'Object Repository/WebOffice_Home_page/a_Reports' is clickable

2020-04-27 15:10:02 - [TEST_STEP][PASSED] - mouseOver(findTestObject("Object Repository/WebOffice_Home_page/a_Reports")): Object: 'Object Repository/WebOffice_Home_page/a_Reports' is hovered

2020-04-27 15:10:02 - [MESSAGE][PASSED] - Object: 'Object Repository/WebOffice_Home_page/a_Reports' is hovered

2020-04-27 15:10:02 - [TEST_STEP][PASSED] - click(findTestObject("Object Repository/WebOffice_Home_page/Page_/a_Members")): Object: 'Object Repository/WebOffice_Home_page/Page_/a_Members' is clicked on

2020-04-27 15:10:02 - [MESSAGE][PASSED] - Object: 'Object Repository/WebOffice_Home_page/Page_/a_Members' is clicked on

2020-04-27 15:10:02 - [TEST_STEP][PASSED] - click(findTestObject("Object Repository/WebOffice_Home_page/Page_/a_Members Area Activity")): Object: 'Object Repository/WebOffice_Home_page/Page_/a_Members Area Activity' is clicked on

2020-04-27 15:10:02 - [MESSAGE][PASSED] - Object: 'Object Repository/WebOffice_Home_page/Page_/a_Members Area Activity' is clicked on

2020-04-27 15:10:02 - [TEST_STEP][PASSED] - waitForPageLoad(5): Wait for page load successfully

2020-04-27 15:10:02 - [MESSAGE][PASSED] - Wait for page load successfully

2020-04-27 15:10:02 - [TEST_STEP][PASSED] - waitForElementClickable(findTestObject("Object Repository/WebOffice_Home_page/Page_/a_Participants Report"), 5): Object 'Object Repository/WebOffice_Home_page/Page_/a_Participants Report' is clickable

2020-04-27 15:10:02 - [MESSAGE][PASSED] - Object 'Object Repository/WebOffice_Home_page/Page_/a_Participants Report' is clickable

2020-04-27 15:10:02 - [TEST_STEP][PASSED] - click(findTestObject("Object Repository/WebOffice_Home_page/Page_/a_Participants Report")): Object: 'Object Repository/WebOffice_Home_page/Page_/a_Participants Report' is clicked on

2020-04-27 15:10:03 - [MESSAGE][PASSED] - Object: 'Object Repository/WebOffice_Home_page/Page_/a_Participants Report' is clicked on

2020-04-27 15:10:03 - [MESSAGE][PASSED] - Call Test Case 'Test Cases/Reusable_Test_Sequences/Web_Office/Navigation/Sub_Menu_Navigation/Reports/Members_Activity_Overview' successfully

2020-04-27 15:10:03 - [TEST_STEP][PASSED] - "--------------------------------------": null

2020-04-27 15:10:03 - [TEST_STEP][PASSED] - " Verify Returned Page Detail          |": null

2020-04-27 15:10:03 - [TEST_STEP][PASSED] - callTestCase(findTestCase("Reusable_Test_Sequences/Web_Office/Verification/Reports/Members_Activity_Overview"), [:], OPTIONAL): Unable to call Test Case 'Test Cases/Reusable_Test_Sequences/Web_Office/Verification/Reports/Members_Activity_Overview' (Root cause: com.kms.katalon.core.exception.StepFailedException: Call Test Case 'Test Cases/Reusable_Test_Sequences/Web_Office/Verification/Reports/Members_Activity_Overview' failed
	at com.kms.katalon.core.keyword.builtin.CallTestCaseKeyword$_callTestCase_closure1.doCall(CallTestCaseKeyword.groovy:63)
	at com.kms.katalon.core.keyword.builtin.CallTestCaseKeyword$_callTestCase_closure1.call(CallTestCaseKeyword.groovy)
	at com.kms.katalon.core.keyword.internal.KeywordMain.runKeyword(KeywordMain.groovy:68)
	at com.kms.katalon.core.keyword.builtin.CallTestCaseKeyword.callTestCase(CallTestCaseKeyword.groovy:81)
	at com.kms.katalon.core.keyword.builtin.CallTestCaseKeyword.execute(CallTestCaseKeyword.groovy:44)
	at com.kms.katalon.core.keyword.internal.KeywordExecutor.executeKeywordForPlatform(KeywordExecutor.groovy:72)
	at com.kms.katalon.core.keyword.BuiltinKeywords.callTestCase(BuiltinKeywords.groovy:334)
	at Members_Activity_Overview.run(Members_Activity_Overview:64)
	at com.kms.katalon.core.main.ScriptEngine.run(ScriptEngine.java:194)
	at com.kms.katalon.core.main.ScriptEngine.runScriptAsRawText(ScriptEngine.java:119)
	at com.kms.katalon.core.main.TestCaseExecutor.runScript(TestCaseExecutor.java:337)
	at com.kms.katalon.core.main.TestCaseExecutor.doExecute(TestCaseExecutor.java:328)
	at com.kms.katalon.core.main.TestCaseExecutor.processExecutionPhase(TestCaseExecutor.java:307)
	at com.kms.katalon.core.main.TestCaseExecutor.accessMainPhase(TestCaseExecutor.java:299)
	at com.kms.katalon.core.main.TestCaseExecutor.execute(TestCaseExecutor.java:233)
	at com.kms.katalon.core.main.TestSuiteExecutor.accessTestCaseMainPhase(TestSuiteExecutor.java:169)
	at com.kms.katalon.core.main.TestSuiteExecutor.accessTestSuiteMainPhase(TestSuiteExecutor.java:142)
	at com.kms.katalon.core.main.TestSuiteExecutor.execute(TestSuiteExecutor.java:91)
	at com.kms.katalon.core.main.TestCaseMain.startTestSuite(TestCaseMain.java:157)
	at com.kms.katalon.core.main.TestCaseMain$startTestSuite$0.call(Unknown Source)
	at TempTestSuite1587995047167.run(TempTestSuite1587995047167.groovy:37)
Caused by: com.kms.katalon.core.exception.StepFailedException: Text 'Good Morning!' is not present on page  (Root cause: com.kms.katalon.core.exception.StepFailedException: Text 'Good Morning!' is not present on page 
	at com.kms.katalon.core.webui.keyword.internal.WebUIKeywordMain.stepFailed(WebUIKeywordMain.groovy:64)
	at com.kms.katalon.core.webui.keyword.builtin.VerifyTextPresentKeyword$_verifyTextPresent_closure1.doCall(VerifyTextPresentKeyword.groovy:79)
	at com.kms.katalon.core.webui.keyword.builtin.VerifyTextPresentKeyword$_verifyTextPresent_closure1.call(VerifyTextPresentKeyword.groovy)
	at com.kms.katalon.core.webui.keyword.internal.WebUIKeywordMain.runKeyword(WebUIKeywordMain.groovy:20)
	at com.kms.katalon.core.webui.keyword.builtin.VerifyTextPresentKeyword.verifyTextPresent(VerifyTextPresentKeyword.groovy:83)
	at com.kms.katalon.core.webui.keyword.builtin.VerifyTextPresentKeyword.execute(VerifyTextPresentKeyword.groovy:68)
	at com.kms.katalon.core.keyword.internal.KeywordExecutor.executeKeywordForPlatform(KeywordExecutor.groovy:72)
	at com.kms.katalon.core.webui.keyword.WebUiBuiltInKeywords.verifyTextPresent(WebUiBuiltInKeywords.groovy:1719)
	at com.kms.katalon.core.webui.keyword.WebUiBuiltInKeywords$verifyTextPresent$2.call(Unknown Source)
	at Members_Activity_Overview.run(Members_Activity_Overview:48)
	at com.kms.katalon.core.main.ScriptEngine.run(ScriptEngine.java:194)
	at com.kms.katalon.core.main.ScriptEngine.runScriptAsRawText(ScriptEngine.java:119)
	at com.kms.katalon.core.main.TestCaseExecutor.runScript(TestCaseExecutor.java:337)
	at com.kms.katalon.core.main.TestCaseExecutor.doExecute(TestCaseExecutor.java:328)
	at com.kms.katalon.core.main.TestCaseExecutor.processExecutionPhase(TestCaseExecutor.java:307)
	at com.kms.katalon.core.main.TestCaseExecutor.accessMainPhase(TestCaseExecutor.java:299)
	at com.kms.katalon.core.main.TestCaseExecutor.execute(TestCaseExecutor.java:233)
	at com.kms.katalon.core.main.TestCaseMain.runTestCase(TestCaseMain.java:114)
	at com.kms.katalon.core.keyword.builtin.CallTestCaseKeyword$_callTestCase_closure1.doCall(CallTestCaseKeyword.groovy:59)
	at com.kms.katalon.core.keyword.builtin.CallTestCaseKeyword$_callTestCase_closure1.call(CallTestCaseKeyword.groovy)
	at com.kms.katalon.core.keyword.internal.KeywordMain.runKeyword(KeywordMain.groovy:68)
	at com.kms.katalon.core.keyword.builtin.CallTestCaseKeyword.callTestCase(CallTestCaseKeyword.groovy:81)
	at com.kms.katalon.core.keyword.builtin.CallTestCaseKeyword.execute(CallTestCaseKeyword.groovy:44)
	at com.kms.katalon.core.keyword.internal.KeywordExecutor.executeKeywordForPlatform(KeywordExecutor.groovy:72)
	at com.kms.katalon.core.keyword.BuiltinKeywords.callTestCase(BuiltinKeywords.groovy:334)
	at Members_Activity_Overview.run(Members_Activity_Overview:64)
	at com.kms.katalon.core.main.ScriptEngine.run(ScriptEngine.java:194)
	at com.kms.katalon.core.main.ScriptEngine.runScriptAsRawText(ScriptEngine.java:119)
	at com.kms.katalon.core.main.TestCaseExecutor.runScript(TestCaseExecutor.java:337)
	at com.kms.katalon.core.main.TestCaseExecutor.doExecute(TestCaseExecutor.java:328)
	at com.kms.katalon.core.main.TestCaseExecutor.processExecutionPhase(TestCaseExecutor.java:307)
	at com.kms.katalon.core.main.TestCaseExecutor.accessMainPhase(TestCaseExecutor.java:299)
	at com.kms.katalon.core.main.TestCaseExecutor.execute(TestCaseExecutor.java:233)
	at com.kms.katalon.core.main.TestSuiteExecutor.accessTestCaseMainPhase(TestSuiteExecutor.java:169)
	at com.kms.katalon.core.main.TestSuiteExecutor.accessTestSuiteMainPhase(TestSuiteExecutor.java:142)
	at com.kms.katalon.core.main.TestSuiteExecutor.execute(TestSuiteExecutor.java:91)
	at com.kms.katalon.core.main.TestCaseMain.startTestSuite(TestCaseMain.java:157)
	at com.kms.katalon.core.main.TestCaseMain$startTestSuite$0.call(Unknown Source)
	at TempTestSuite1587995047167.run(TempTestSuite1587995047167.groovy:37)
)
	at com.kms.katalon.core.keyword.internal.KeywordMain.stepFailed(KeywordMain.groovy:39)
	at com.kms.katalon.core.webui.keyword.internal.WebUIKeywordMain.stepFailed(WebUIKeywordMain.groovy:64)
	at com.kms.katalon.core.webui.keyword.builtin.VerifyTextPresentKeyword$_verifyTextPresent_closure1.doCall(VerifyTextPresentKeyword.groovy:79)
	at com.kms.katalon.core.webui.keyword.builtin.VerifyTextPresentKeyword$_verifyTextPresent_closure1.call(VerifyTextPresentKeyword.groovy)
	at com.kms.katalon.core.webui.keyword.internal.WebUIKeywordMain.runKeyword(WebUIKeywordMain.groovy:20)
	at com.kms.katalon.core.webui.keyword.builtin.VerifyTextPresentKeyword.verifyTextPresent(VerifyTextPresentKeyword.groovy:83)
	at com.kms.katalon.core.webui.keyword.builtin.VerifyTextPresentKeyword.execute(VerifyTextPresentKeyword.groovy:68)
	at com.kms.katalon.core.keyword.internal.KeywordExecutor.executeKeywordForPlatform(KeywordExecutor.groovy:72)
	at com.kms.katalon.core.webui.keyword.WebUiBuiltInKeywords.verifyTextPresent(WebUiBuiltInKeywords.groovy:1719)
	at com.kms.katalon.core.webui.keyword.WebUiBuiltInKeywords$verifyTextPresent$2.call(Unknown Source)
	at Members_Activity_Overview.run(Members_Activity_Overview:48)
	at com.kms.katalon.core.main.ScriptEngine.run(ScriptEngine.java:194)
	at com.kms.katalon.core.main.ScriptEngine.runScriptAsRawText(ScriptEngine.java:119)
	at com.kms.katalon.core.main.TestCaseExecutor.runScript(TestCaseExecutor.java:337)
	at com.kms.katalon.core.main.TestCaseExecutor.doExecute(TestCaseExecutor.java:328)
	at com.kms.katalon.core.main.TestCaseExecutor.processExecutionPhase(TestCaseExecutor.java:307)
	at com.kms.katalon.core.main.TestCaseExecutor.accessMainPhase(TestCaseExecutor.java:299)
	at com.kms.katalon.core.main.TestCaseExecutor.execute(TestCaseExecutor.java:233)
	at com.kms.katalon.core.main.TestCaseMain.runTestCase(TestCaseMain.java:114)
	at com.kms.katalon.core.keyword.builtin.CallTestCaseKeyword$_callTestCase_closure1.doCall(CallTestCaseKeyword.groovy:59)
	... 20 more
Caused by: com.kms.katalon.core.exception.StepFailedException: Text 'Good Morning!' is not present on page 
	... 39 more
)

2020-04-27 15:10:03 - [TEST_CASE][FAILED] - Test Cases/Reusable_Test_Sequences/Web_Office/Verification/Reports/Members_Activity_Overview: Test Cases/Reusable_Test_Sequences/Web_Office/Verification/Reports/Members_Activity_Overview FAILED.
Reason:
com.kms.katalon.core.exception.StepFailedException: Text 'Good Morning!' is not present on page  (Root cause: com.kms.katalon.core.exception.StepFailedException: Text 'Good Morning!' is not present on page 
	at com.kms.katalon.core.webui.keyword.internal.WebUIKeywordMain.stepFailed(WebUIKeywordMain.groovy:64)
	at com.kms.katalon.core.webui.keyword.builtin.VerifyTextPresentKeyword$_verifyTextPresent_closure1.doCall(VerifyTextPresentKeyword.groovy:79)
	at com.kms.katalon.core.webui.keyword.builtin.VerifyTextPresentKeyword$_verifyTextPresent_closure1.call(VerifyTextPresentKeyword.groovy)
	at com.kms.katalon.core.webui.keyword.internal.WebUIKeywordMain.runKeyword(WebUIKeywordMain.groovy:20)
	at com.kms.katalon.core.webui.keyword.builtin.VerifyTextPresentKeyword.verifyTextPresent(VerifyTextPresentKeyword.groovy:83)
	at com.kms.katalon.core.webui.keyword.builtin.VerifyTextPresentKeyword.execute(VerifyTextPresentKeyword.groovy:68)
	at com.kms.katalon.core.keyword.internal.KeywordExecutor.executeKeywordForPlatform(KeywordExecutor.groovy:72)
	at com.kms.katalon.core.webui.keyword.WebUiBuiltInKeywords.verifyTextPresent(WebUiBuiltInKeywords.groovy:1719)
	at com.kms.katalon.core.webui.keyword.WebUiBuiltInKeywords$verifyTextPresent$2.call(Unknown Source)
	at Members_Activity_Overview.run(Members_Activity_Overview:48)
	at com.kms.katalon.core.main.ScriptEngine.run(ScriptEngine.java:194)
	at com.kms.katalon.core.main.ScriptEngine.runScriptAsRawText(ScriptEngine.java:119)
	at com.kms.katalon.core.main.TestCaseExecutor.runScript(TestCaseExecutor.java:337)
	at com.kms.katalon.core.main.TestCaseExecutor.doExecute(TestCaseExecutor.java:328)
	at com.kms.katalon.core.main.TestCaseExecutor.processExecutionPhase(TestCaseExecutor.java:307)
	at com.kms.katalon.core.main.TestCaseExecutor.accessMainPhase(TestCaseExecutor.java:299)
	at com.kms.katalon.core.main.TestCaseExecutor.execute(TestCaseExecutor.java:233)
	at com.kms.katalon.core.main.TestCaseMain.runTestCase(TestCaseMain.java:114)
	at com.kms.katalon.core.keyword.builtin.CallTestCaseKeyword$_callTestCase_closure1.doCall(CallTestCaseKeyword.groovy:59)
	at com.kms.katalon.core.keyword.builtin.CallTestCaseKeyword$_callTestCase_closure1.call(CallTestCaseKeyword.groovy)
	at com.kms.katalon.core.keyword.internal.KeywordMain.runKeyword(KeywordMain.groovy:68)
	at com.kms.katalon.core.keyword.builtin.CallTestCaseKeyword.callTestCase(CallTestCaseKeyword.groovy:81)
	at com.kms.katalon.core.keyword.builtin.CallTestCaseKeyword.execute(CallTestCaseKeyword.groovy:44)
	at com.kms.katalon.core.keyword.internal.KeywordExecutor.executeKeywordForPlatform(KeywordExecutor.groovy:72)
	at com.kms.katalon.core.keyword.BuiltinKeywords.callTestCase(BuiltinKeywords.groovy:334)
	at Members_Activity_Overview.run(Members_Activity_Overview:64)
	at com.kms.katalon.core.main.ScriptEngine.run(ScriptEngine.java:194)
	at com.kms.katalon.core.main.ScriptEngine.runScriptAsRawText(ScriptEngine.java:119)
	at com.kms.katalon.core.main.TestCaseExecutor.runScript(TestCaseExecutor.java:337)
	at com.kms.katalon.core.main.TestCaseExecutor.doExecute(TestCaseExecutor.java:328)
	at com.kms.katalon.core.main.TestCaseExecutor.processExecutionPhase(TestCaseExecutor.java:307)
	at com.kms.katalon.core.main.TestCaseExecutor.accessMainPhase(TestCaseExecutor.java:299)
	at com.kms.katalon.core.main.TestCaseExecutor.execute(TestCaseExecutor.java:233)
	at com.kms.katalon.core.main.TestSuiteExecutor.accessTestCaseMainPhase(TestSuiteExecutor.java:169)
	at com.kms.katalon.core.main.TestSuiteExecutor.accessTestSuiteMainPhase(TestSuiteExecutor.java:142)
	at com.kms.katalon.core.main.TestSuiteExecutor.execute(TestSuiteExecutor.java:91)
	at com.kms.katalon.core.main.TestCaseMain.startTestSuite(TestCaseMain.java:157)
	at com.kms.katalon.core.main.TestCaseMain$startTestSuite$0.call(Unknown Source)
	at TempTestSuite1587995047167.run(TempTestSuite1587995047167.groovy:37)
)
	at com.kms.katalon.core.keyword.internal.KeywordMain.stepFailed(KeywordMain.groovy:39)
	at com.kms.katalon.core.webui.keyword.internal.WebUIKeywordMain.stepFailed(WebUIKeywordMain.groovy:64)
	at com.kms.katalon.core.webui.keyword.builtin.VerifyTextPresentKeyword$_verifyTextPresent_closure1.doCall(VerifyTextPresentKeyword.groovy:79)
	at com.kms.katalon.core.webui.keyword.builtin.VerifyTextPresentKeyword$_verifyTextPresent_closure1.call(VerifyTextPresentKeyword.groovy)
	at com.kms.katalon.core.webui.keyword.internal.WebUIKeywordMain.runKeyword(WebUIKeywordMain.groovy:20)
	at com.kms.katalon.core.webui.keyword.builtin.VerifyTextPresentKeyword.verifyTextPresent(VerifyTextPresentKeyword.groovy:83)
	at com.kms.katalon.core.webui.keyword.builtin.VerifyTextPresentKeyword.execute(VerifyTextPresentKeyword.groovy:68)
	at com.kms.katalon.core.keyword.internal.KeywordExecutor.executeKeywordForPlatform(KeywordExecutor.groovy:72)
	at com.kms.katalon.core.webui.keyword.WebUiBuiltInKeywords.verifyTextPresent(WebUiBuiltInKeywords.groovy:1719)
	at com.kms.katalon.core.webui.keyword.WebUiBuiltInKeywords$verifyTextPresent$2.call(Unknown Source)
	at Members_Activity_Overview.run(Members_Activity_Overview:48)
	at com.kms.katalon.core.main.ScriptEngine.run(ScriptEngine.java:194)
	at com.kms.katalon.core.main.ScriptEngine.runScriptAsRawText(ScriptEngine.java:119)
	at com.kms.katalon.core.main.TestCaseExecutor.runScript(TestCaseExecutor.java:337)
	at com.kms.katalon.core.main.TestCaseExecutor.doExecute(TestCaseExecutor.java:328)
	at com.kms.katalon.core.main.TestCaseExecutor.processExecutionPhase(TestCaseExecutor.java:307)
	at com.kms.katalon.core.main.TestCaseExecutor.accessMainPhase(TestCaseExecutor.java:299)
	at com.kms.katalon.core.main.TestCaseExecutor.execute(TestCaseExecutor.java:233)
	at com.kms.katalon.core.main.TestCaseMain.runTestCase(TestCaseMain.java:114)
	at com.kms.katalon.core.keyword.builtin.CallTestCaseKeyword$_callTestCase_closure1.doCall(CallTestCaseKeyword.groovy:59)
	at com.kms.katalon.core.keyword.builtin.CallTestCaseKeyword$_callTestCase_closure1.call(CallTestCaseKeyword.groovy)
	at com.kms.katalon.core.keyword.internal.KeywordMain.runKeyword(KeywordMain.groovy:68)
	at com.kms.katalon.core.keyword.builtin.CallTestCaseKeyword.callTestCase(CallTestCaseKeyword.groovy:81)
	at com.kms.katalon.core.keyword.builtin.CallTestCaseKeyword.execute(CallTestCaseKeyword.groovy:44)
	at com.kms.katalon.core.keyword.internal.KeywordExecutor.executeKeywordForPlatform(KeywordExecutor.groovy:72)
	at com.kms.katalon.core.keyword.BuiltinKeywords.callTestCase(BuiltinKeywords.groovy:334)
	at Members_Activity_Overview.run(Members_Activity_Overview:64)
	at com.kms.katalon.core.main.ScriptEngine.run(ScriptEngine.java:194)
	at com.kms.katalon.core.main.ScriptEngine.runScriptAsRawText(ScriptEngine.java:119)
	at com.kms.katalon.core.main.TestCaseExecutor.runScript(TestCaseExecutor.java:337)
	at com.kms.katalon.core.main.TestCaseExecutor.doExecute(TestCaseExecutor.java:328)
	at com.kms.katalon.core.main.TestCaseExecutor.processExecutionPhase(TestCaseExecutor.java:307)
	at com.kms.katalon.core.main.TestCaseExecutor.accessMainPhase(TestCaseExecutor.java:299)
	at com.kms.katalon.core.main.TestCaseExecutor.execute(TestCaseExecutor.java:233)
	at com.kms.katalon.core.main.TestSuiteExecutor.accessTestCaseMainPhase(TestSuiteExecutor.java:169)
	at com.kms.katalon.core.main.TestSuiteExecutor.accessTestSuiteMainPhase(TestSuiteExecutor.java:142)
	at com.kms.katalon.core.main.TestSuiteExecutor.execute(TestSuiteExecutor.java:91)
	at com.kms.katalon.core.main.TestCaseMain.startTestSuite(TestCaseMain.java:157)
	at com.kms.katalon.core.main.TestCaseMain$startTestSuite$0.call(Unknown Source)
	at TempTestSuite1587995047167.run(TempTestSuite1587995047167.groovy:37)
Caused by: com.kms.katalon.core.exception.StepFailedException: Text 'Good Morning!' is not present on page 
	... 39 more


2020-04-27 15:10:04 - [TEST_STEP][PASSED] - waitForPageLoad(120): Wait for page load successfully

2020-04-27 15:10:04 - [MESSAGE][PASSED] - Wait for page load successfully

2020-04-27 15:10:04 - [TEST_STEP][PASSED] - delay(1): Delayed 1 second(s)

2020-04-27 15:10:05 - [MESSAGE][PASSED] - Delayed 1 second(s)

2020-04-27 15:10:05 - [TEST_STEP][FAILED] - verifyTextPresent("Good Morning!", false): Text 'Good Morning!' is not present on page  (Root cause: com.kms.katalon.core.exception.StepFailedException: Text 'Good Morning!' is not present on page 
	at com.kms.katalon.core.webui.keyword.internal.WebUIKeywordMain.stepFailed(WebUIKeywordMain.groovy:64)
	at com.kms.katalon.core.webui.keyword.builtin.VerifyTextPresentKeyword$_verifyTextPresent_closure1.doCall(VerifyTextPresentKeyword.groovy:79)
	at com.kms.katalon.core.webui.keyword.builtin.VerifyTextPresentKeyword$_verifyTextPresent_closure1.call(VerifyTextPresentKeyword.groovy)
	at com.kms.katalon.core.webui.keyword.internal.WebUIKeywordMain.runKeyword(WebUIKeywordMain.groovy:20)
	at com.kms.katalon.core.webui.keyword.builtin.VerifyTextPresentKeyword.verifyTextPresent(VerifyTextPresentKeyword.groovy:83)
	at com.kms.katalon.core.webui.keyword.builtin.VerifyTextPresentKeyword.execute(VerifyTextPresentKeyword.groovy:68)
	at com.kms.katalon.core.keyword.internal.KeywordExecutor.executeKeywordForPlatform(KeywordExecutor.groovy:72)
	at com.kms.katalon.core.webui.keyword.WebUiBuiltInKeywords.verifyTextPresent(WebUiBuiltInKeywords.groovy:1719)
	at com.kms.katalon.core.webui.keyword.WebUiBuiltInKeywords$verifyTextPresent$2.call(Unknown Source)
	at Members_Activity_Overview.run(Members_Activity_Overview:48)
	at com.kms.katalon.core.main.ScriptEngine.run(ScriptEngine.java:194)
	at com.kms.katalon.core.main.ScriptEngine.runScriptAsRawText(ScriptEngine.java:119)
	at com.kms.katalon.core.main.TestCaseExecutor.runScript(TestCaseExecutor.java:337)
	at com.kms.katalon.core.main.TestCaseExecutor.doExecute(TestCaseExecutor.java:328)
	at com.kms.katalon.core.main.TestCaseExecutor.processExecutionPhase(TestCaseExecutor.java:307)
	at com.kms.katalon.core.main.TestCaseExecutor.accessMainPhase(TestCaseExecutor.java:299)
	at com.kms.katalon.core.main.TestCaseExecutor.execute(TestCaseExecutor.java:233)
	at com.kms.katalon.core.main.TestCaseMain.runTestCase(TestCaseMain.java:114)
	at com.kms.katalon.core.keyword.builtin.CallTestCaseKeyword$_callTestCase_closure1.doCall(CallTestCaseKeyword.groovy:59)
	at com.kms.katalon.core.keyword.builtin.CallTestCaseKeyword$_callTestCase_closure1.call(CallTestCaseKeyword.groovy)
	at com.kms.katalon.core.keyword.internal.KeywordMain.runKeyword(KeywordMain.groovy:68)
	at com.kms.katalon.core.keyword.builtin.CallTestCaseKeyword.callTestCase(CallTestCaseKeyword.groovy:81)
	at com.kms.katalon.core.keyword.builtin.CallTestCaseKeyword.execute(CallTestCaseKeyword.groovy:44)
	at com.kms.katalon.core.keyword.internal.KeywordExecutor.executeKeywordForPlatform(KeywordExecutor.groovy:72)
	at com.kms.katalon.core.keyword.BuiltinKeywords.callTestCase(BuiltinKeywords.groovy:334)
	at Members_Activity_Overview.run(Members_Activity_Overview:64)
	at com.kms.katalon.core.main.ScriptEngine.run(ScriptEngine.java:194)
	at com.kms.katalon.core.main.ScriptEngine.runScriptAsRawText(ScriptEngine.java:119)
	at com.kms.katalon.core.main.TestCaseExecutor.runScript(TestCaseExecutor.java:337)
	at com.kms.katalon.core.main.TestCaseExecutor.doExecute(TestCaseExecutor.java:328)
	at com.kms.katalon.core.main.TestCaseExecutor.processExecutionPhase(TestCaseExecutor.java:307)
	at com.kms.katalon.core.main.TestCaseExecutor.accessMainPhase(TestCaseExecutor.java:299)
	at com.kms.katalon.core.main.TestCaseExecutor.execute(TestCaseExecutor.java:233)
	at com.kms.katalon.core.main.TestSuiteExecutor.accessTestCaseMainPhase(TestSuiteExecutor.java:169)
	at com.kms.katalon.core.main.TestSuiteExecutor.accessTestSuiteMainPhase(TestSuiteExecutor.java:142)
	at com.kms.katalon.core.main.TestSuiteExecutor.execute(TestSuiteExecutor.java:91)
	at com.kms.katalon.core.main.TestCaseMain.startTestSuite(TestCaseMain.java:157)
	at com.kms.katalon.core.main.TestCaseMain$startTestSuite$0.call(Unknown Source)
	at TempTestSuite1587995047167.run(TempTestSuite1587995047167.groovy:37)
)

2020-04-27 15:10:05 - [MESSAGE][FAILED] - Text 'Good Morning!' is not present on page  (Root cause: com.kms.katalon.core.exception.StepFailedException: Text 'Good Morning!' is not present on page 
	at com.kms.katalon.core.webui.keyword.internal.WebUIKeywordMain.stepFailed(WebUIKeywordMain.groovy:64)
	at com.kms.katalon.core.webui.keyword.builtin.VerifyTextPresentKeyword$_verifyTextPresent_closure1.doCall(VerifyTextPresentKeyword.groovy:79)
	at com.kms.katalon.core.webui.keyword.builtin.VerifyTextPresentKeyword$_verifyTextPresent_closure1.call(VerifyTextPresentKeyword.groovy)
	at com.kms.katalon.core.webui.keyword.internal.WebUIKeywordMain.runKeyword(WebUIKeywordMain.groovy:20)
	at com.kms.katalon.core.webui.keyword.builtin.VerifyTextPresentKeyword.verifyTextPresent(VerifyTextPresentKeyword.groovy:83)
	at com.kms.katalon.core.webui.keyword.builtin.VerifyTextPresentKeyword.execute(VerifyTextPresentKeyword.groovy:68)
	at com.kms.katalon.core.keyword.internal.KeywordExecutor.executeKeywordForPlatform(KeywordExecutor.groovy:72)
	at com.kms.katalon.core.webui.keyword.WebUiBuiltInKeywords.verifyTextPresent(WebUiBuiltInKeywords.groovy:1719)
	at com.kms.katalon.core.webui.keyword.WebUiBuiltInKeywords$verifyTextPresent$2.call(Unknown Source)
	at Members_Activity_Overview.run(Members_Activity_Overview:48)
	at com.kms.katalon.core.main.ScriptEngine.run(ScriptEngine.java:194)
	at com.kms.katalon.core.main.ScriptEngine.runScriptAsRawText(ScriptEngine.java:119)
	at com.kms.katalon.core.main.TestCaseExecutor.runScript(TestCaseExecutor.java:337)
	at com.kms.katalon.core.main.TestCaseExecutor.doExecute(TestCaseExecutor.java:328)
	at com.kms.katalon.core.main.TestCaseExecutor.processExecutionPhase(TestCaseExecutor.java:307)
	at com.kms.katalon.core.main.TestCaseExecutor.accessMainPhase(TestCaseExecutor.java:299)
	at com.kms.katalon.core.main.TestCaseExecutor.execute(TestCaseExecutor.java:233)
	at com.kms.katalon.core.main.TestCaseMain.runTestCase(TestCaseMain.java:114)
	at com.kms.katalon.core.keyword.builtin.CallTestCaseKeyword$_callTestCase_closure1.doCall(CallTestCaseKeyword.groovy:59)
	at com.kms.katalon.core.keyword.builtin.CallTestCaseKeyword$_callTestCase_closure1.call(CallTestCaseKeyword.groovy)
	at com.kms.katalon.core.keyword.internal.KeywordMain.runKeyword(KeywordMain.groovy:68)
	at com.kms.katalon.core.keyword.builtin.CallTestCaseKeyword.callTestCase(CallTestCaseKeyword.groovy:81)
	at com.kms.katalon.core.keyword.builtin.CallTestCaseKeyword.execute(CallTestCaseKeyword.groovy:44)
	at com.kms.katalon.core.keyword.internal.KeywordExecutor.executeKeywordForPlatform(KeywordExecutor.groovy:72)
	at com.kms.katalon.core.keyword.BuiltinKeywords.callTestCase(BuiltinKeywords.groovy:334)
	at Members_Activity_Overview.run(Members_Activity_Overview:64)
	at com.kms.katalon.core.main.ScriptEngine.run(ScriptEngine.java:194)
	at com.kms.katalon.core.main.ScriptEngine.runScriptAsRawText(ScriptEngine.java:119)
	at com.kms.katalon.core.main.TestCaseExecutor.runScript(TestCaseExecutor.java:337)
	at com.kms.katalon.core.main.TestCaseExecutor.doExecute(TestCaseExecutor.java:328)
	at com.kms.katalon.core.main.TestCaseExecutor.processExecutionPhase(TestCaseExecutor.java:307)
	at com.kms.katalon.core.main.TestCaseExecutor.accessMainPhase(TestCaseExecutor.java:299)
	at com.kms.katalon.core.main.TestCaseExecutor.execute(TestCaseExecutor.java:233)
	at com.kms.katalon.core.main.TestSuiteExecutor.accessTestCaseMainPhase(TestSuiteExecutor.java:169)
	at com.kms.katalon.core.main.TestSuiteExecutor.accessTestSuiteMainPhase(TestSuiteExecutor.java:142)
	at com.kms.katalon.core.main.TestSuiteExecutor.execute(TestSuiteExecutor.java:91)
	at com.kms.katalon.core.main.TestCaseMain.startTestSuite(TestCaseMain.java:157)
	at com.kms.katalon.core.main.TestCaseMain$startTestSuite$0.call(Unknown Source)
	at TempTestSuite1587995047167.run(TempTestSuite1587995047167.groovy:37)
)

2020-04-27 15:10:05 - [TEST_STEP][PASSED] - "----------------------------------------------": null

2020-04-27 15:10:05 - [TEST_STEP][PASSED] - verifyTextPresent("Things to review:", false): Text 'Things to review:' is present on page 

2020-04-27 15:10:06 - [MESSAGE][PASSED] - Text 'Things to review:' is present on page 

2020-04-27 15:10:06 - [TEST_STEP][PASSED] - verifyTextPresent("Feedback to review", false): Text 'Feedback to review' is present on page 

2020-04-27 15:10:06 - [MESSAGE][PASSED] - Text 'Feedback to review' is present on page 

2020-04-27 15:10:06 - [TEST_STEP][PASSED] - "----------------------------------------------": null

2020-04-27 15:10:06 - [TEST_STEP][PASSED] - verifyTextPresent("Recent members photos:", false): Text 'Recent members photos:' is present on page 

2020-04-27 15:10:06 - [MESSAGE][PASSED] - Text 'Recent members photos:' is present on page 

2020-04-27 15:10:06 - [TEST_STEP][PASSED] - verifyTextPresent("Members area forum activity:", false): Text 'Members area forum activity:' is present on page 

2020-04-27 15:10:06 - [MESSAGE][PASSED] - Text 'Members area forum activity:' is present on page 

2020-04-27 15:10:06 - [TEST_STEP][PASSED] - verifyTextPresent("Members joining", false): Text 'Members joining' is present on page 

2020-04-27 15:10:06 - [MESSAGE][PASSED] - Text 'Members joining' is present on page 

2020-04-27 15:10:06 - [TEST_STEP][PASSED] - verifyTextPresent("and leaving", false): Text 'and leaving' is present on page 

2020-04-27 15:10:06 - [MESSAGE][PASSED] - Text 'and leaving' is present on page 

2020-04-27 15:10:06 - [MESSAGE][WARNING] - Unable to call Test Case 'Test Cases/Reusable_Test_Sequences/Web_Office/Verification/Reports/Members_Activity_Overview' (Root cause: com.kms.katalon.core.exception.StepFailedException: Call Test Case 'Test Cases/Reusable_Test_Sequences/Web_Office/Verification/Reports/Members_Activity_Overview' failed
	at com.kms.katalon.core.keyword.builtin.CallTestCaseKeyword$_callTestCase_closure1.doCall(CallTestCaseKeyword.groovy:63)
	at com.kms.katalon.core.keyword.builtin.CallTestCaseKeyword$_callTestCase_closure1.call(CallTestCaseKeyword.groovy)
	at com.kms.katalon.core.keyword.internal.KeywordMain.runKeyword(KeywordMain.groovy:68)
	at com.kms.katalon.core.keyword.builtin.CallTestCaseKeyword.callTestCase(CallTestCaseKeyword.groovy:81)
	at com.kms.katalon.core.keyword.builtin.CallTestCaseKeyword.execute(CallTestCaseKeyword.groovy:44)
	at com.kms.katalon.core.keyword.internal.KeywordExecutor.executeKeywordForPlatform(KeywordExecutor.groovy:72)
	at com.kms.katalon.core.keyword.BuiltinKeywords.callTestCase(BuiltinKeywords.groovy:334)
	at Members_Activity_Overview.run(Members_Activity_Overview:64)
	at com.kms.katalon.core.main.ScriptEngine.run(ScriptEngine.java:194)
	at com.kms.katalon.core.main.ScriptEngine.runScriptAsRawText(ScriptEngine.java:119)
	at com.kms.katalon.core.main.TestCaseExecutor.runScript(TestCaseExecutor.java:337)
	at com.kms.katalon.core.main.TestCaseExecutor.doExecute(TestCaseExecutor.java:328)
	at com.kms.katalon.core.main.TestCaseExecutor.processExecutionPhase(TestCaseExecutor.java:307)
	at com.kms.katalon.core.main.TestCaseExecutor.accessMainPhase(TestCaseExecutor.java:299)
	at com.kms.katalon.core.main.TestCaseExecutor.execute(TestCaseExecutor.java:233)
	at com.kms.katalon.core.main.TestSuiteExecutor.accessTestCaseMainPhase(TestSuiteExecutor.java:169)
	at com.kms.katalon.core.main.TestSuiteExecutor.accessTestSuiteMainPhase(TestSuiteExecutor.java:142)
	at com.kms.katalon.core.main.TestSuiteExecutor.execute(TestSuiteExecutor.java:91)
	at com.kms.katalon.core.main.TestCaseMain.startTestSuite(TestCaseMain.java:157)
	at com.kms.katalon.core.main.TestCaseMain$startTestSuite$0.call(Unknown Source)
	at TempTestSuite1587995047167.run(TempTestSuite1587995047167.groovy:37)
Caused by: com.kms.katalon.core.exception.StepFailedException: Text 'Good Morning!' is not present on page  (Root cause: com.kms.katalon.core.exception.StepFailedException: Text 'Good Morning!' is not present on page 
	at com.kms.katalon.core.webui.keyword.internal.WebUIKeywordMain.stepFailed(WebUIKeywordMain.groovy:64)
	at com.kms.katalon.core.webui.keyword.builtin.VerifyTextPresentKeyword$_verifyTextPresent_closure1.doCall(VerifyTextPresentKeyword.groovy:79)
	at com.kms.katalon.core.webui.keyword.builtin.VerifyTextPresentKeyword$_verifyTextPresent_closure1.call(VerifyTextPresentKeyword.groovy)
	at com.kms.katalon.core.webui.keyword.internal.WebUIKeywordMain.runKeyword(WebUIKeywordMain.groovy:20)
	at com.kms.katalon.core.webui.keyword.builtin.VerifyTextPresentKeyword.verifyTextPresent(VerifyTextPresentKeyword.groovy:83)
	at com.kms.katalon.core.webui.keyword.builtin.VerifyTextPresentKeyword.execute(VerifyTextPresentKeyword.groovy:68)
	at com.kms.katalon.core.keyword.internal.KeywordExecutor.executeKeywordForPlatform(KeywordExecutor.groovy:72)
	at com.kms.katalon.core.webui.keyword.WebUiBuiltInKeywords.verifyTextPresent(WebUiBuiltInKeywords.groovy:1719)
	at com.kms.katalon.core.webui.keyword.WebUiBuiltInKeywords$verifyTextPresent$2.call(Unknown Source)
	at Members_Activity_Overview.run(Members_Activity_Overview:48)
	at com.kms.katalon.core.main.ScriptEngine.run(ScriptEngine.java:194)
	at com.kms.katalon.core.main.ScriptEngine.runScriptAsRawText(ScriptEngine.java:119)
	at com.kms.katalon.core.main.TestCaseExecutor.runScript(TestCaseExecutor.java:337)
	at com.kms.katalon.core.main.TestCaseExecutor.doExecute(TestCaseExecutor.java:328)
	at com.kms.katalon.core.main.TestCaseExecutor.processExecutionPhase(TestCaseExecutor.java:307)
	at com.kms.katalon.core.main.TestCaseExecutor.accessMainPhase(TestCaseExecutor.java:299)
	at com.kms.katalon.core.main.TestCaseExecutor.execute(TestCaseExecutor.java:233)
	at com.kms.katalon.core.main.TestCaseMain.runTestCase(TestCaseMain.java:114)
	at com.kms.katalon.core.keyword.builtin.CallTestCaseKeyword$_callTestCase_closure1.doCall(CallTestCaseKeyword.groovy:59)
	at com.kms.katalon.core.keyword.builtin.CallTestCaseKeyword$_callTestCase_closure1.call(CallTestCaseKeyword.groovy)
	at com.kms.katalon.core.keyword.internal.KeywordMain.runKeyword(KeywordMain.groovy:68)
	at com.kms.katalon.core.keyword.builtin.CallTestCaseKeyword.callTestCase(CallTestCaseKeyword.groovy:81)
	at com.kms.katalon.core.keyword.builtin.CallTestCaseKeyword.execute(CallTestCaseKeyword.groovy:44)
	at com.kms.katalon.core.keyword.internal.KeywordExecutor.executeKeywordForPlatform(KeywordExecutor.groovy:72)
	at com.kms.katalon.core.keyword.BuiltinKeywords.callTestCase(BuiltinKeywords.groovy:334)
	at Members_Activity_Overview.run(Members_Activity_Overview:64)
	at com.kms.katalon.core.main.ScriptEngine.run(ScriptEngine.java:194)
	at com.kms.katalon.core.main.ScriptEngine.runScriptAsRawText(ScriptEngine.java:119)
	at com.kms.katalon.core.main.TestCaseExecutor.runScript(TestCaseExecutor.java:337)
	at com.kms.katalon.core.main.TestCaseExecutor.doExecute(TestCaseExecutor.java:328)
	at com.kms.katalon.core.main.TestCaseExecutor.processExecutionPhase(TestCaseExecutor.java:307)
	at com.kms.katalon.core.main.TestCaseExecutor.accessMainPhase(TestCaseExecutor.java:299)
	at com.kms.katalon.core.main.TestCaseExecutor.execute(TestCaseExecutor.java:233)
	at com.kms.katalon.core.main.TestSuiteExecutor.accessTestCaseMainPhase(TestSuiteExecutor.java:169)
	at com.kms.katalon.core.main.TestSuiteExecutor.accessTestSuiteMainPhase(TestSuiteExecutor.java:142)
	at com.kms.katalon.core.main.TestSuiteExecutor.execute(TestSuiteExecutor.java:91)
	at com.kms.katalon.core.main.TestCaseMain.startTestSuite(TestCaseMain.java:157)
	at com.kms.katalon.core.main.TestCaseMain$startTestSuite$0.call(Unknown Source)
	at TempTestSuite1587995047167.run(TempTestSuite1587995047167.groovy:37)
)
	at com.kms.katalon.core.keyword.internal.KeywordMain.stepFailed(KeywordMain.groovy:39)
	at com.kms.katalon.core.webui.keyword.internal.WebUIKeywordMain.stepFailed(WebUIKeywordMain.groovy:64)
	at com.kms.katalon.core.webui.keyword.builtin.VerifyTextPresentKeyword$_verifyTextPresent_closure1.doCall(VerifyTextPresentKeyword.groovy:79)
	at com.kms.katalon.core.webui.keyword.builtin.VerifyTextPresentKeyword$_verifyTextPresent_closure1.call(VerifyTextPresentKeyword.groovy)
	at com.kms.katalon.core.webui.keyword.internal.WebUIKeywordMain.runKeyword(WebUIKeywordMain.groovy:20)
	at com.kms.katalon.core.webui.keyword.builtin.VerifyTextPresentKeyword.verifyTextPresent(VerifyTextPresentKeyword.groovy:83)
	at com.kms.katalon.core.webui.keyword.builtin.VerifyTextPresentKeyword.execute(VerifyTextPresentKeyword.groovy:68)
	at com.kms.katalon.core.keyword.internal.KeywordExecutor.executeKeywordForPlatform(KeywordExecutor.groovy:72)
	at com.kms.katalon.core.webui.keyword.WebUiBuiltInKeywords.verifyTextPresent(WebUiBuiltInKeywords.groovy:1719)
	at com.kms.katalon.core.webui.keyword.WebUiBuiltInKeywords$verifyTextPresent$2.call(Unknown Source)
	at Members_Activity_Overview.run(Members_Activity_Overview:48)
	at com.kms.katalon.core.main.ScriptEngine.run(ScriptEngine.java:194)
	at com.kms.katalon.core.main.ScriptEngine.runScriptAsRawText(ScriptEngine.java:119)
	at com.kms.katalon.core.main.TestCaseExecutor.runScript(TestCaseExecutor.java:337)
	at com.kms.katalon.core.main.TestCaseExecutor.doExecute(TestCaseExecutor.java:328)
	at com.kms.katalon.core.main.TestCaseExecutor.processExecutionPhase(TestCaseExecutor.java:307)
	at com.kms.katalon.core.main.TestCaseExecutor.accessMainPhase(TestCaseExecutor.java:299)
	at com.kms.katalon.core.main.TestCaseExecutor.execute(TestCaseExecutor.java:233)
	at com.kms.katalon.core.main.TestCaseMain.runTestCase(TestCaseMain.java:114)
	at com.kms.katalon.core.keyword.builtin.CallTestCaseKeyword$_callTestCase_closure1.doCall(CallTestCaseKeyword.groovy:59)
	... 20 more
Caused by: com.kms.katalon.core.exception.StepFailedException: Text 'Good Morning!' is not present on page 
	... 39 more
)

2020-04-27 15:10:06 - [TEST_STEP][PASSED] - "--------------------------": null

2020-04-27 15:10:06 - [TEST_STEP][PASSED] - " Teardown - CLose Browser |": null

2020-04-27 15:10:06 - [TEST_STEP][PASSED] - callTestCase(findTestCase("Reusable_Test_Sequences/CAT_Teardown"), [:], OPTIONAL): Call Test Case 'Test Cases/Reusable_Test_Sequences/CAT_Teardown' successfully

2020-04-27 15:10:06 - [TEST_CASE][PASSED] - Test Cases/Reusable_Test_Sequences/CAT_Teardown: Test Cases/Reusable_Test_Sequences/CAT_Teardown

2020-04-27 15:10:06 - [TEST_STEP][PASSED] - closeBrowser(): Browser is closed

2020-04-27 15:10:07 - [MESSAGE][PASSED] - Browser is closed

2020-04-27 15:10:07 - [TEST_STEP][PASSED] - super.finalize(): null

2020-04-27 15:10:07 - [TEST_STEP][PASSED] - System.gc(): null

2020-04-27 15:10:08 - [MESSAGE][PASSED] - Call Test Case 'Test Cases/Reusable_Test_Sequences/CAT_Teardown' successfully]]></system-out>
         <system-err><![CDATA[]]></system-err>
      </testcase>
      <testcase name="Test Cases/Web_Office/Reports/Members_Activity_Participants" time="17.833" classname="Test Cases/Web_Office/Reports/Members_Activity_Participants" status="PASSED">
         <system-out><![CDATA[2020-04-27 15:10:08 - [TEST_CASE][PASSED] - Test Cases/Web_Office/Reports/Members_Activity_Participants: Test Cases/Web_Office/Reports/Members_Activity_Participants

2020-04-27 15:10:08 - [TEST_STEP][PASSED] - "--------------------------------------": null

2020-04-27 15:10:08 - [TEST_STEP][PASSED] - " Web Office StartUp                  |": null

2020-04-27 15:10:08 - [TEST_STEP][PASSED] - callTestCase(findTestCase("Reusable_Test_Sequences/Web_Office/Directives/WebOffice_StartUp"), [:], STOP_ON_FAILURE): Call Test Case 'Test Cases/Reusable_Test_Sequences/Web_Office/Directives/WebOffice_StartUp' successfully

2020-04-27 15:10:08 - [TEST_CASE][PASSED] - Test Cases/Reusable_Test_Sequences/Web_Office/Directives/WebOffice_StartUp: Test Cases/Reusable_Test_Sequences/Web_Office/Directives/WebOffice_StartUp

2020-04-27 15:10:08 - [TEST_STEP][PASSED] - "-----------------------------------------------------------------------------": null

2020-04-27 15:10:08 - [TEST_STEP][PASSED] - if (URL == "https://www.dev.checkatrade.com/"): null

2020-04-27 15:10:08 - [TEST_STEP][PASSED] - "-----------------------------------------------------------------------------": null

2020-04-27 15:10:08 - [TEST_STEP][PASSED] - if (URL == "https://www.checkatrade.com/"): null

2020-04-27 15:10:08 - [TEST_STEP][PASSED] - "-----------------------------------------------------------------------------": null

2020-04-27 15:10:08 - [TEST_STEP][PASSED] - if (URL == "https://www.preview.checkatrade.com/"): null

2020-04-27 15:10:08 - [TEST_STEP][PASSED] - WebOfficeURL = "https://admin.preview.checkatrade.com/": null

2020-04-27 15:10:08 - [TEST_STEP][PASSED] - if (URL == "https://www.dev2.checkatrade.com/"): null

2020-04-27 15:10:08 - [TEST_STEP][PASSED] - "Set Function Area for "URL_Handler", URL Resolution": null

2020-04-27 15:10:08 - [TEST_STEP][PASSED] - "Do Some Magic with URL(s) See the comments within URL Handler ": null

2020-04-27 15:10:08 - [TEST_STEP][PASSED] - "------------------------------------------------": null

2020-04-27 15:10:08 - [TEST_STEP][PASSED] - "Moved Login Credentials to <Default> profile 22/01/2020": null

2020-04-27 15:10:08 - [TEST_STEP][PASSED] - "------------------------------------------------": null

2020-04-27 15:10:08 - [TEST_STEP][PASSED] - "WebOfficeURL - Set from the ENVIRONMENT PROFILE ": null

2020-04-27 15:10:08 - [TEST_STEP][PASSED] - "OPEN BROWSER": null

2020-04-27 15:10:08 - [TEST_STEP][PASSED] - "eg - https://admin.preview.checkatrade.com/  ": null

2020-04-27 15:10:08 - [TEST_STEP][PASSED] - openBrowser(WebOfficeURL): Browser is opened with url: 'https://admin.preview.checkatrade.com/'

2020-04-27 15:10:08 - [MESSAGE][INFO] - Starting 'Chrome' driver

2020-04-27 15:10:08 - [MESSAGE][INFO] - Action delay is set to 0 milliseconds

2020-04-27 15:10:13 - [MESSAGE][PASSED] - Browser is opened with url: 'https://admin.preview.checkatrade.com/'

2020-04-27 15:10:13 - [TEST_STEP][PASSED] - maximizeWindow(): Current window maximized

2020-04-27 15:10:16 - [MESSAGE][PASSED] - Current window maximized

2020-04-27 15:10:16 - [TEST_STEP][PASSED] - waitForElementClickable(findTestObject("Object Repository/WebOffice/Page_Checkatrade - Administration - Login/Login_Button"), 25): Object 'Object Repository/WebOffice/Page_Checkatrade - Administration - Login/Login_Button' is clickable

2020-04-27 15:10:16 - [MESSAGE][PASSED] - Object 'Object Repository/WebOffice/Page_Checkatrade - Administration - Login/Login_Button' is clickable

2020-04-27 15:10:16 - [TEST_STEP][PASSED] - verifyTextPresent("Checkatrade Web Office", false): Text 'Checkatrade Web Office' is present on page 

2020-04-27 15:10:16 - [MESSAGE][PASSED] - Text 'Checkatrade Web Office' is present on page 

2020-04-27 15:10:16 - [TEST_STEP][PASSED] - verifyTextPresent("Access for staff use only", false): Text 'Access for staff use only' is present on page 

2020-04-27 15:10:16 - [MESSAGE][PASSED] - Text 'Access for staff use only' is present on page 

2020-04-27 15:10:16 - [TEST_STEP][PASSED] - verifyTextPresent("Forgotten password?", false): Text 'Forgotten password?' is present on page 

2020-04-27 15:10:16 - [MESSAGE][PASSED] - Text 'Forgotten password?' is present on page 

2020-04-27 15:10:16 - [TEST_STEP][PASSED] - setText(findTestObject("Object Repository/WebOffice/Page_Checkatrade - Administration - Login/input_Username_LoginControlUserName"), wo_Username): Text 'DavidHo' is set on object 'Object Repository/WebOffice/Page_Checkatrade - Administration - Login/input_Username_LoginControlUserName'

2020-04-27 15:10:17 - [MESSAGE][PASSED] - Text 'DavidHo' is set on object 'Object Repository/WebOffice/Page_Checkatrade - Administration - Login/input_Username_LoginControlUserName'

2020-04-27 15:10:17 - [TEST_STEP][PASSED] - setText(findTestObject("Object Repository/WebOffice/Page_Checkatrade - Administration - Login/input_Password_LoginControlPassword"), wo_Password): Text 'Check123' is set on object 'Object Repository/WebOffice/Page_Checkatrade - Administration - Login/input_Password_LoginControlPassword'

2020-04-27 15:10:17 - [MESSAGE][PASSED] - Text 'Check123' is set on object 'Object Repository/WebOffice/Page_Checkatrade - Administration - Login/input_Password_LoginControlPassword'

2020-04-27 15:10:17 - [TEST_STEP][PASSED] - click(findTestObject("Object Repository/WebOffice/Page_Checkatrade - Administration - Login/Login_Button")): Object: 'Object Repository/WebOffice/Page_Checkatrade - Administration - Login/Login_Button' is clicked on

2020-04-27 15:10:18 - [MESSAGE][PASSED] - Object: 'Object Repository/WebOffice/Page_Checkatrade - Administration - Login/Login_Button' is clicked on

2020-04-27 15:10:18 - [TEST_STEP][PASSED] - waitForPageLoad(60): Wait for page load successfully

2020-04-27 15:10:18 - [MESSAGE][PASSED] - Wait for page load successfully

2020-04-27 15:10:18 - [TEST_STEP][PASSED] - verifyTextPresent("Welcome " + wo_Username, false): Text 'Welcome DavidHo' is present on page 

2020-04-27 15:10:19 - [MESSAGE][PASSED] - Text 'Welcome DavidHo' is present on page 

2020-04-27 15:10:19 - [MESSAGE][PASSED] - Call Test Case 'Test Cases/Reusable_Test_Sequences/Web_Office/Directives/WebOffice_StartUp' successfully

2020-04-27 15:10:19 - [TEST_STEP][PASSED] - "-----------------------------------------------------------------": null

2020-04-27 15:10:19 - [TEST_STEP][PASSED] - " Navigate to <Settings->Checkatrade.Com->Sub Item> Menu Item     |": null

2020-04-27 15:10:19 - [TEST_STEP][PASSED] - callTestCase(findTestCase("Reusable_Test_Sequences/Web_Office/Navigation/Sub_Menu_Navigation/Reports/Members_Activity_Participants"), [:], STOP_ON_FAILURE): Call Test Case 'Test Cases/Reusable_Test_Sequences/Web_Office/Navigation/Sub_Menu_Navigation/Reports/Members_Activity_Participants' successfully

2020-04-27 15:10:19 - [TEST_CASE][PASSED] - Test Cases/Reusable_Test_Sequences/Web_Office/Navigation/Sub_Menu_Navigation/Reports/Members_Activity_Participants: Test Cases/Reusable_Test_Sequences/Web_Office/Navigation/Sub_Menu_Navigation/Reports/Members_Activity_Participants

2020-04-27 15:10:19 - [TEST_STEP][PASSED] - "--------------------------------------": null

2020-04-27 15:10:19 - [TEST_STEP][PASSED] - " Navigate Top level menu Item         |": null

2020-04-27 15:10:19 - [TEST_STEP][PASSED] - waitForPageLoad(60): Wait for page load successfully

2020-04-27 15:10:19 - [MESSAGE][PASSED] - Wait for page load successfully

2020-04-27 15:10:19 - [TEST_STEP][PASSED] - waitForElementClickable(findTestObject("Object Repository/WebOffice_Home_page/a_Reports"), 60): Object 'Object Repository/WebOffice_Home_page/a_Reports' is clickable

2020-04-27 15:10:19 - [MESSAGE][PASSED] - Object 'Object Repository/WebOffice_Home_page/a_Reports' is clickable

2020-04-27 15:10:19 - [TEST_STEP][PASSED] - mouseOver(findTestObject("Object Repository/WebOffice_Home_page/a_Reports")): Object: 'Object Repository/WebOffice_Home_page/a_Reports' is hovered

2020-04-27 15:10:20 - [MESSAGE][PASSED] - Object: 'Object Repository/WebOffice_Home_page/a_Reports' is hovered

2020-04-27 15:10:20 - [TEST_STEP][PASSED] - click(findTestObject("Object Repository/WebOffice_Home_page/Page_/a_Members")): Object: 'Object Repository/WebOffice_Home_page/Page_/a_Members' is clicked on

2020-04-27 15:10:20 - [MESSAGE][PASSED] - Object: 'Object Repository/WebOffice_Home_page/Page_/a_Members' is clicked on

2020-04-27 15:10:20 - [TEST_STEP][PASSED] - click(findTestObject("Object Repository/WebOffice_Home_page/Page_/a_Members Area Activity")): Object: 'Object Repository/WebOffice_Home_page/Page_/a_Members Area Activity' is clicked on

2020-04-27 15:10:20 - [MESSAGE][PASSED] - Object: 'Object Repository/WebOffice_Home_page/Page_/a_Members Area Activity' is clicked on

2020-04-27 15:10:20 - [TEST_STEP][PASSED] - waitForPageLoad(5): Wait for page load successfully

2020-04-27 15:10:20 - [MESSAGE][PASSED] - Wait for page load successfully

2020-04-27 15:10:20 - [TEST_STEP][PASSED] - waitForElementClickable(findTestObject("Object Repository/WebOffice_Home_page/Page_/a_Participants Report"), 5): Object 'Object Repository/WebOffice_Home_page/Page_/a_Participants Report' is clickable

2020-04-27 15:10:20 - [MESSAGE][PASSED] - Object 'Object Repository/WebOffice_Home_page/Page_/a_Participants Report' is clickable

2020-04-27 15:10:20 - [TEST_STEP][PASSED] - click(findTestObject("Object Repository/WebOffice_Home_page/Page_/a_Participants Report")): Object: 'Object Repository/WebOffice_Home_page/Page_/a_Participants Report' is clicked on

2020-04-27 15:10:21 - [MESSAGE][PASSED] - Object: 'Object Repository/WebOffice_Home_page/Page_/a_Participants Report' is clicked on

2020-04-27 15:10:21 - [MESSAGE][PASSED] - Call Test Case 'Test Cases/Reusable_Test_Sequences/Web_Office/Navigation/Sub_Menu_Navigation/Reports/Members_Activity_Participants' successfully

2020-04-27 15:10:21 - [TEST_STEP][PASSED] - "--------------------------------------": null

2020-04-27 15:10:21 - [TEST_STEP][PASSED] - " Verify Returned Page Detail          |": null

2020-04-27 15:10:21 - [TEST_STEP][PASSED] - callTestCase(findTestCase("Reusable_Test_Sequences/Web_Office/Verification/Reports/Members_Activity_Participants"), [:], OPTIONAL): Unable to call Test Case 'Test Cases/Reusable_Test_Sequences/Web_Office/Verification/Reports/Members_Activity_Participants' (Root cause: com.kms.katalon.core.exception.StepFailedException: Call Test Case 'Test Cases/Reusable_Test_Sequences/Web_Office/Verification/Reports/Members_Activity_Participants' failed
	at com.kms.katalon.core.keyword.builtin.CallTestCaseKeyword$_callTestCase_closure1.doCall(CallTestCaseKeyword.groovy:63)
	at com.kms.katalon.core.keyword.builtin.CallTestCaseKeyword$_callTestCase_closure1.call(CallTestCaseKeyword.groovy)
	at com.kms.katalon.core.keyword.internal.KeywordMain.runKeyword(KeywordMain.groovy:68)
	at com.kms.katalon.core.keyword.builtin.CallTestCaseKeyword.callTestCase(CallTestCaseKeyword.groovy:81)
	at com.kms.katalon.core.keyword.builtin.CallTestCaseKeyword.execute(CallTestCaseKeyword.groovy:44)
	at com.kms.katalon.core.keyword.internal.KeywordExecutor.executeKeywordForPlatform(KeywordExecutor.groovy:72)
	at com.kms.katalon.core.keyword.BuiltinKeywords.callTestCase(BuiltinKeywords.groovy:334)
	at Members_Activity_Participants.run(Members_Activity_Participants:64)
	at com.kms.katalon.core.main.ScriptEngine.run(ScriptEngine.java:194)
	at com.kms.katalon.core.main.ScriptEngine.runScriptAsRawText(ScriptEngine.java:119)
	at com.kms.katalon.core.main.TestCaseExecutor.runScript(TestCaseExecutor.java:337)
	at com.kms.katalon.core.main.TestCaseExecutor.doExecute(TestCaseExecutor.java:328)
	at com.kms.katalon.core.main.TestCaseExecutor.processExecutionPhase(TestCaseExecutor.java:307)
	at com.kms.katalon.core.main.TestCaseExecutor.accessMainPhase(TestCaseExecutor.java:299)
	at com.kms.katalon.core.main.TestCaseExecutor.execute(TestCaseExecutor.java:233)
	at com.kms.katalon.core.main.TestSuiteExecutor.accessTestCaseMainPhase(TestSuiteExecutor.java:169)
	at com.kms.katalon.core.main.TestSuiteExecutor.accessTestSuiteMainPhase(TestSuiteExecutor.java:142)
	at com.kms.katalon.core.main.TestSuiteExecutor.execute(TestSuiteExecutor.java:91)
	at com.kms.katalon.core.main.TestCaseMain.startTestSuite(TestCaseMain.java:157)
	at com.kms.katalon.core.main.TestCaseMain$startTestSuite$0.call(Unknown Source)
	at TempTestSuite1587995047167.run(TempTestSuite1587995047167.groovy:37)
Caused by: com.kms.katalon.core.exception.StepFailedException: Text 'Good Morning!' is not present on page  (Root cause: com.kms.katalon.core.exception.StepFailedException: Text 'Good Morning!' is not present on page 
	at com.kms.katalon.core.webui.keyword.internal.WebUIKeywordMain.stepFailed(WebUIKeywordMain.groovy:64)
	at com.kms.katalon.core.webui.keyword.builtin.VerifyTextPresentKeyword$_verifyTextPresent_closure1.doCall(VerifyTextPresentKeyword.groovy:79)
	at com.kms.katalon.core.webui.keyword.builtin.VerifyTextPresentKeyword$_verifyTextPresent_closure1.call(VerifyTextPresentKeyword.groovy)
	at com.kms.katalon.core.webui.keyword.internal.WebUIKeywordMain.runKeyword(WebUIKeywordMain.groovy:20)
	at com.kms.katalon.core.webui.keyword.builtin.VerifyTextPresentKeyword.verifyTextPresent(VerifyTextPresentKeyword.groovy:83)
	at com.kms.katalon.core.webui.keyword.builtin.VerifyTextPresentKeyword.execute(VerifyTextPresentKeyword.groovy:68)
	at com.kms.katalon.core.keyword.internal.KeywordExecutor.executeKeywordForPlatform(KeywordExecutor.groovy:72)
	at com.kms.katalon.core.webui.keyword.WebUiBuiltInKeywords.verifyTextPresent(WebUiBuiltInKeywords.groovy:1719)
	at com.kms.katalon.core.webui.keyword.WebUiBuiltInKeywords$verifyTextPresent$2.call(Unknown Source)
	at Members_Activity_Participants.run(Members_Activity_Participants:49)
	at com.kms.katalon.core.main.ScriptEngine.run(ScriptEngine.java:194)
	at com.kms.katalon.core.main.ScriptEngine.runScriptAsRawText(ScriptEngine.java:119)
	at com.kms.katalon.core.main.TestCaseExecutor.runScript(TestCaseExecutor.java:337)
	at com.kms.katalon.core.main.TestCaseExecutor.doExecute(TestCaseExecutor.java:328)
	at com.kms.katalon.core.main.TestCaseExecutor.processExecutionPhase(TestCaseExecutor.java:307)
	at com.kms.katalon.core.main.TestCaseExecutor.accessMainPhase(TestCaseExecutor.java:299)
	at com.kms.katalon.core.main.TestCaseExecutor.execute(TestCaseExecutor.java:233)
	at com.kms.katalon.core.main.TestCaseMain.runTestCase(TestCaseMain.java:114)
	at com.kms.katalon.core.keyword.builtin.CallTestCaseKeyword$_callTestCase_closure1.doCall(CallTestCaseKeyword.groovy:59)
	at com.kms.katalon.core.keyword.builtin.CallTestCaseKeyword$_callTestCase_closure1.call(CallTestCaseKeyword.groovy)
	at com.kms.katalon.core.keyword.internal.KeywordMain.runKeyword(KeywordMain.groovy:68)
	at com.kms.katalon.core.keyword.builtin.CallTestCaseKeyword.callTestCase(CallTestCaseKeyword.groovy:81)
	at com.kms.katalon.core.keyword.builtin.CallTestCaseKeyword.execute(CallTestCaseKeyword.groovy:44)
	at com.kms.katalon.core.keyword.internal.KeywordExecutor.executeKeywordForPlatform(KeywordExecutor.groovy:72)
	at com.kms.katalon.core.keyword.BuiltinKeywords.callTestCase(BuiltinKeywords.groovy:334)
	at Members_Activity_Participants.run(Members_Activity_Participants:64)
	at com.kms.katalon.core.main.ScriptEngine.run(ScriptEngine.java:194)
	at com.kms.katalon.core.main.ScriptEngine.runScriptAsRawText(ScriptEngine.java:119)
	at com.kms.katalon.core.main.TestCaseExecutor.runScript(TestCaseExecutor.java:337)
	at com.kms.katalon.core.main.TestCaseExecutor.doExecute(TestCaseExecutor.java:328)
	at com.kms.katalon.core.main.TestCaseExecutor.processExecutionPhase(TestCaseExecutor.java:307)
	at com.kms.katalon.core.main.TestCaseExecutor.accessMainPhase(TestCaseExecutor.java:299)
	at com.kms.katalon.core.main.TestCaseExecutor.execute(TestCaseExecutor.java:233)
	at com.kms.katalon.core.main.TestSuiteExecutor.accessTestCaseMainPhase(TestSuiteExecutor.java:169)
	at com.kms.katalon.core.main.TestSuiteExecutor.accessTestSuiteMainPhase(TestSuiteExecutor.java:142)
	at com.kms.katalon.core.main.TestSuiteExecutor.execute(TestSuiteExecutor.java:91)
	at com.kms.katalon.core.main.TestCaseMain.startTestSuite(TestCaseMain.java:157)
	at com.kms.katalon.core.main.TestCaseMain$startTestSuite$0.call(Unknown Source)
	at TempTestSuite1587995047167.run(TempTestSuite1587995047167.groovy:37)
)
	at com.kms.katalon.core.keyword.internal.KeywordMain.stepFailed(KeywordMain.groovy:39)
	at com.kms.katalon.core.webui.keyword.internal.WebUIKeywordMain.stepFailed(WebUIKeywordMain.groovy:64)
	at com.kms.katalon.core.webui.keyword.builtin.VerifyTextPresentKeyword$_verifyTextPresent_closure1.doCall(VerifyTextPresentKeyword.groovy:79)
	at com.kms.katalon.core.webui.keyword.builtin.VerifyTextPresentKeyword$_verifyTextPresent_closure1.call(VerifyTextPresentKeyword.groovy)
	at com.kms.katalon.core.webui.keyword.internal.WebUIKeywordMain.runKeyword(WebUIKeywordMain.groovy:20)
	at com.kms.katalon.core.webui.keyword.builtin.VerifyTextPresentKeyword.verifyTextPresent(VerifyTextPresentKeyword.groovy:83)
	at com.kms.katalon.core.webui.keyword.builtin.VerifyTextPresentKeyword.execute(VerifyTextPresentKeyword.groovy:68)
	at com.kms.katalon.core.keyword.internal.KeywordExecutor.executeKeywordForPlatform(KeywordExecutor.groovy:72)
	at com.kms.katalon.core.webui.keyword.WebUiBuiltInKeywords.verifyTextPresent(WebUiBuiltInKeywords.groovy:1719)
	at com.kms.katalon.core.webui.keyword.WebUiBuiltInKeywords$verifyTextPresent$2.call(Unknown Source)
	at Members_Activity_Participants.run(Members_Activity_Participants:49)
	at com.kms.katalon.core.main.ScriptEngine.run(ScriptEngine.java:194)
	at com.kms.katalon.core.main.ScriptEngine.runScriptAsRawText(ScriptEngine.java:119)
	at com.kms.katalon.core.main.TestCaseExecutor.runScript(TestCaseExecutor.java:337)
	at com.kms.katalon.core.main.TestCaseExecutor.doExecute(TestCaseExecutor.java:328)
	at com.kms.katalon.core.main.TestCaseExecutor.processExecutionPhase(TestCaseExecutor.java:307)
	at com.kms.katalon.core.main.TestCaseExecutor.accessMainPhase(TestCaseExecutor.java:299)
	at com.kms.katalon.core.main.TestCaseExecutor.execute(TestCaseExecutor.java:233)
	at com.kms.katalon.core.main.TestCaseMain.runTestCase(TestCaseMain.java:114)
	at com.kms.katalon.core.keyword.builtin.CallTestCaseKeyword$_callTestCase_closure1.doCall(CallTestCaseKeyword.groovy:59)
	... 20 more
Caused by: com.kms.katalon.core.exception.StepFailedException: Text 'Good Morning!' is not present on page 
	... 39 more
)

2020-04-27 15:10:21 - [TEST_CASE][FAILED] - Test Cases/Reusable_Test_Sequences/Web_Office/Verification/Reports/Members_Activity_Participants: Test Cases/Reusable_Test_Sequences/Web_Office/Verification/Reports/Members_Activity_Participants FAILED.
Reason:
com.kms.katalon.core.exception.StepFailedException: Text 'Good Morning!' is not present on page  (Root cause: com.kms.katalon.core.exception.StepFailedException: Text 'Good Morning!' is not present on page 
	at com.kms.katalon.core.webui.keyword.internal.WebUIKeywordMain.stepFailed(WebUIKeywordMain.groovy:64)
	at com.kms.katalon.core.webui.keyword.builtin.VerifyTextPresentKeyword$_verifyTextPresent_closure1.doCall(VerifyTextPresentKeyword.groovy:79)
	at com.kms.katalon.core.webui.keyword.builtin.VerifyTextPresentKeyword$_verifyTextPresent_closure1.call(VerifyTextPresentKeyword.groovy)
	at com.kms.katalon.core.webui.keyword.internal.WebUIKeywordMain.runKeyword(WebUIKeywordMain.groovy:20)
	at com.kms.katalon.core.webui.keyword.builtin.VerifyTextPresentKeyword.verifyTextPresent(VerifyTextPresentKeyword.groovy:83)
	at com.kms.katalon.core.webui.keyword.builtin.VerifyTextPresentKeyword.execute(VerifyTextPresentKeyword.groovy:68)
	at com.kms.katalon.core.keyword.internal.KeywordExecutor.executeKeywordForPlatform(KeywordExecutor.groovy:72)
	at com.kms.katalon.core.webui.keyword.WebUiBuiltInKeywords.verifyTextPresent(WebUiBuiltInKeywords.groovy:1719)
	at com.kms.katalon.core.webui.keyword.WebUiBuiltInKeywords$verifyTextPresent$2.call(Unknown Source)
	at Members_Activity_Participants.run(Members_Activity_Participants:49)
	at com.kms.katalon.core.main.ScriptEngine.run(ScriptEngine.java:194)
	at com.kms.katalon.core.main.ScriptEngine.runScriptAsRawText(ScriptEngine.java:119)
	at com.kms.katalon.core.main.TestCaseExecutor.runScript(TestCaseExecutor.java:337)
	at com.kms.katalon.core.main.TestCaseExecutor.doExecute(TestCaseExecutor.java:328)
	at com.kms.katalon.core.main.TestCaseExecutor.processExecutionPhase(TestCaseExecutor.java:307)
	at com.kms.katalon.core.main.TestCaseExecutor.accessMainPhase(TestCaseExecutor.java:299)
	at com.kms.katalon.core.main.TestCaseExecutor.execute(TestCaseExecutor.java:233)
	at com.kms.katalon.core.main.TestCaseMain.runTestCase(TestCaseMain.java:114)
	at com.kms.katalon.core.keyword.builtin.CallTestCaseKeyword$_callTestCase_closure1.doCall(CallTestCaseKeyword.groovy:59)
	at com.kms.katalon.core.keyword.builtin.CallTestCaseKeyword$_callTestCase_closure1.call(CallTestCaseKeyword.groovy)
	at com.kms.katalon.core.keyword.internal.KeywordMain.runKeyword(KeywordMain.groovy:68)
	at com.kms.katalon.core.keyword.builtin.CallTestCaseKeyword.callTestCase(CallTestCaseKeyword.groovy:81)
	at com.kms.katalon.core.keyword.builtin.CallTestCaseKeyword.execute(CallTestCaseKeyword.groovy:44)
	at com.kms.katalon.core.keyword.internal.KeywordExecutor.executeKeywordForPlatform(KeywordExecutor.groovy:72)
	at com.kms.katalon.core.keyword.BuiltinKeywords.callTestCase(BuiltinKeywords.groovy:334)
	at Members_Activity_Participants.run(Members_Activity_Participants:64)
	at com.kms.katalon.core.main.ScriptEngine.run(ScriptEngine.java:194)
	at com.kms.katalon.core.main.ScriptEngine.runScriptAsRawText(ScriptEngine.java:119)
	at com.kms.katalon.core.main.TestCaseExecutor.runScript(TestCaseExecutor.java:337)
	at com.kms.katalon.core.main.TestCaseExecutor.doExecute(TestCaseExecutor.java:328)
	at com.kms.katalon.core.main.TestCaseExecutor.processExecutionPhase(TestCaseExecutor.java:307)
	at com.kms.katalon.core.main.TestCaseExecutor.accessMainPhase(TestCaseExecutor.java:299)
	at com.kms.katalon.core.main.TestCaseExecutor.execute(TestCaseExecutor.java:233)
	at com.kms.katalon.core.main.TestSuiteExecutor.accessTestCaseMainPhase(TestSuiteExecutor.java:169)
	at com.kms.katalon.core.main.TestSuiteExecutor.accessTestSuiteMainPhase(TestSuiteExecutor.java:142)
	at com.kms.katalon.core.main.TestSuiteExecutor.execute(TestSuiteExecutor.java:91)
	at com.kms.katalon.core.main.TestCaseMain.startTestSuite(TestCaseMain.java:157)
	at com.kms.katalon.core.main.TestCaseMain$startTestSuite$0.call(Unknown Source)
	at TempTestSuite1587995047167.run(TempTestSuite1587995047167.groovy:37)
)
	at com.kms.katalon.core.keyword.internal.KeywordMain.stepFailed(KeywordMain.groovy:39)
	at com.kms.katalon.core.webui.keyword.internal.WebUIKeywordMain.stepFailed(WebUIKeywordMain.groovy:64)
	at com.kms.katalon.core.webui.keyword.builtin.VerifyTextPresentKeyword$_verifyTextPresent_closure1.doCall(VerifyTextPresentKeyword.groovy:79)
	at com.kms.katalon.core.webui.keyword.builtin.VerifyTextPresentKeyword$_verifyTextPresent_closure1.call(VerifyTextPresentKeyword.groovy)
	at com.kms.katalon.core.webui.keyword.internal.WebUIKeywordMain.runKeyword(WebUIKeywordMain.groovy:20)
	at com.kms.katalon.core.webui.keyword.builtin.VerifyTextPresentKeyword.verifyTextPresent(VerifyTextPresentKeyword.groovy:83)
	at com.kms.katalon.core.webui.keyword.builtin.VerifyTextPresentKeyword.execute(VerifyTextPresentKeyword.groovy:68)
	at com.kms.katalon.core.keyword.internal.KeywordExecutor.executeKeywordForPlatform(KeywordExecutor.groovy:72)
	at com.kms.katalon.core.webui.keyword.WebUiBuiltInKeywords.verifyTextPresent(WebUiBuiltInKeywords.groovy:1719)
	at com.kms.katalon.core.webui.keyword.WebUiBuiltInKeywords$verifyTextPresent$2.call(Unknown Source)
	at Members_Activity_Participants.run(Members_Activity_Participants:49)
	at com.kms.katalon.core.main.ScriptEngine.run(ScriptEngine.java:194)
	at com.kms.katalon.core.main.ScriptEngine.runScriptAsRawText(ScriptEngine.java:119)
	at com.kms.katalon.core.main.TestCaseExecutor.runScript(TestCaseExecutor.java:337)
	at com.kms.katalon.core.main.TestCaseExecutor.doExecute(TestCaseExecutor.java:328)
	at com.kms.katalon.core.main.TestCaseExecutor.processExecutionPhase(TestCaseExecutor.java:307)
	at com.kms.katalon.core.main.TestCaseExecutor.accessMainPhase(TestCaseExecutor.java:299)
	at com.kms.katalon.core.main.TestCaseExecutor.execute(TestCaseExecutor.java:233)
	at com.kms.katalon.core.main.TestCaseMain.runTestCase(TestCaseMain.java:114)
	at com.kms.katalon.core.keyword.builtin.CallTestCaseKeyword$_callTestCase_closure1.doCall(CallTestCaseKeyword.groovy:59)
	at com.kms.katalon.core.keyword.builtin.CallTestCaseKeyword$_callTestCase_closure1.call(CallTestCaseKeyword.groovy)
	at com.kms.katalon.core.keyword.internal.KeywordMain.runKeyword(KeywordMain.groovy:68)
	at com.kms.katalon.core.keyword.builtin.CallTestCaseKeyword.callTestCase(CallTestCaseKeyword.groovy:81)
	at com.kms.katalon.core.keyword.builtin.CallTestCaseKeyword.execute(CallTestCaseKeyword.groovy:44)
	at com.kms.katalon.core.keyword.internal.KeywordExecutor.executeKeywordForPlatform(KeywordExecutor.groovy:72)
	at com.kms.katalon.core.keyword.BuiltinKeywords.callTestCase(BuiltinKeywords.groovy:334)
	at Members_Activity_Participants.run(Members_Activity_Participants:64)
	at com.kms.katalon.core.main.ScriptEngine.run(ScriptEngine.java:194)
	at com.kms.katalon.core.main.ScriptEngine.runScriptAsRawText(ScriptEngine.java:119)
	at com.kms.katalon.core.main.TestCaseExecutor.runScript(TestCaseExecutor.java:337)
	at com.kms.katalon.core.main.TestCaseExecutor.doExecute(TestCaseExecutor.java:328)
	at com.kms.katalon.core.main.TestCaseExecutor.processExecutionPhase(TestCaseExecutor.java:307)
	at com.kms.katalon.core.main.TestCaseExecutor.accessMainPhase(TestCaseExecutor.java:299)
	at com.kms.katalon.core.main.TestCaseExecutor.execute(TestCaseExecutor.java:233)
	at com.kms.katalon.core.main.TestSuiteExecutor.accessTestCaseMainPhase(TestSuiteExecutor.java:169)
	at com.kms.katalon.core.main.TestSuiteExecutor.accessTestSuiteMainPhase(TestSuiteExecutor.java:142)
	at com.kms.katalon.core.main.TestSuiteExecutor.execute(TestSuiteExecutor.java:91)
	at com.kms.katalon.core.main.TestCaseMain.startTestSuite(TestCaseMain.java:157)
	at com.kms.katalon.core.main.TestCaseMain$startTestSuite$0.call(Unknown Source)
	at TempTestSuite1587995047167.run(TempTestSuite1587995047167.groovy:37)
Caused by: com.kms.katalon.core.exception.StepFailedException: Text 'Good Morning!' is not present on page 
	... 39 more


2020-04-27 15:10:21 - [TEST_STEP][PASSED] - waitForPageLoad(120): Wait for page load successfully

2020-04-27 15:10:21 - [MESSAGE][PASSED] - Wait for page load successfully

2020-04-27 15:10:21 - [TEST_STEP][PASSED] - delay(1): Delayed 1 second(s)

2020-04-27 15:10:22 - [MESSAGE][PASSED] - Delayed 1 second(s)

2020-04-27 15:10:22 - [TEST_STEP][FAILED] - verifyTextPresent("Good Morning!", false): Text 'Good Morning!' is not present on page  (Root cause: com.kms.katalon.core.exception.StepFailedException: Text 'Good Morning!' is not present on page 
	at com.kms.katalon.core.webui.keyword.internal.WebUIKeywordMain.stepFailed(WebUIKeywordMain.groovy:64)
	at com.kms.katalon.core.webui.keyword.builtin.VerifyTextPresentKeyword$_verifyTextPresent_closure1.doCall(VerifyTextPresentKeyword.groovy:79)
	at com.kms.katalon.core.webui.keyword.builtin.VerifyTextPresentKeyword$_verifyTextPresent_closure1.call(VerifyTextPresentKeyword.groovy)
	at com.kms.katalon.core.webui.keyword.internal.WebUIKeywordMain.runKeyword(WebUIKeywordMain.groovy:20)
	at com.kms.katalon.core.webui.keyword.builtin.VerifyTextPresentKeyword.verifyTextPresent(VerifyTextPresentKeyword.groovy:83)
	at com.kms.katalon.core.webui.keyword.builtin.VerifyTextPresentKeyword.execute(VerifyTextPresentKeyword.groovy:68)
	at com.kms.katalon.core.keyword.internal.KeywordExecutor.executeKeywordForPlatform(KeywordExecutor.groovy:72)
	at com.kms.katalon.core.webui.keyword.WebUiBuiltInKeywords.verifyTextPresent(WebUiBuiltInKeywords.groovy:1719)
	at com.kms.katalon.core.webui.keyword.WebUiBuiltInKeywords$verifyTextPresent$2.call(Unknown Source)
	at Members_Activity_Participants.run(Members_Activity_Participants:49)
	at com.kms.katalon.core.main.ScriptEngine.run(ScriptEngine.java:194)
	at com.kms.katalon.core.main.ScriptEngine.runScriptAsRawText(ScriptEngine.java:119)
	at com.kms.katalon.core.main.TestCaseExecutor.runScript(TestCaseExecutor.java:337)
	at com.kms.katalon.core.main.TestCaseExecutor.doExecute(TestCaseExecutor.java:328)
	at com.kms.katalon.core.main.TestCaseExecutor.processExecutionPhase(TestCaseExecutor.java:307)
	at com.kms.katalon.core.main.TestCaseExecutor.accessMainPhase(TestCaseExecutor.java:299)
	at com.kms.katalon.core.main.TestCaseExecutor.execute(TestCaseExecutor.java:233)
	at com.kms.katalon.core.main.TestCaseMain.runTestCase(TestCaseMain.java:114)
	at com.kms.katalon.core.keyword.builtin.CallTestCaseKeyword$_callTestCase_closure1.doCall(CallTestCaseKeyword.groovy:59)
	at com.kms.katalon.core.keyword.builtin.CallTestCaseKeyword$_callTestCase_closure1.call(CallTestCaseKeyword.groovy)
	at com.kms.katalon.core.keyword.internal.KeywordMain.runKeyword(KeywordMain.groovy:68)
	at com.kms.katalon.core.keyword.builtin.CallTestCaseKeyword.callTestCase(CallTestCaseKeyword.groovy:81)
	at com.kms.katalon.core.keyword.builtin.CallTestCaseKeyword.execute(CallTestCaseKeyword.groovy:44)
	at com.kms.katalon.core.keyword.internal.KeywordExecutor.executeKeywordForPlatform(KeywordExecutor.groovy:72)
	at com.kms.katalon.core.keyword.BuiltinKeywords.callTestCase(BuiltinKeywords.groovy:334)
	at Members_Activity_Participants.run(Members_Activity_Participants:64)
	at com.kms.katalon.core.main.ScriptEngine.run(ScriptEngine.java:194)
	at com.kms.katalon.core.main.ScriptEngine.runScriptAsRawText(ScriptEngine.java:119)
	at com.kms.katalon.core.main.TestCaseExecutor.runScript(TestCaseExecutor.java:337)
	at com.kms.katalon.core.main.TestCaseExecutor.doExecute(TestCaseExecutor.java:328)
	at com.kms.katalon.core.main.TestCaseExecutor.processExecutionPhase(TestCaseExecutor.java:307)
	at com.kms.katalon.core.main.TestCaseExecutor.accessMainPhase(TestCaseExecutor.java:299)
	at com.kms.katalon.core.main.TestCaseExecutor.execute(TestCaseExecutor.java:233)
	at com.kms.katalon.core.main.TestSuiteExecutor.accessTestCaseMainPhase(TestSuiteExecutor.java:169)
	at com.kms.katalon.core.main.TestSuiteExecutor.accessTestSuiteMainPhase(TestSuiteExecutor.java:142)
	at com.kms.katalon.core.main.TestSuiteExecutor.execute(TestSuiteExecutor.java:91)
	at com.kms.katalon.core.main.TestCaseMain.startTestSuite(TestCaseMain.java:157)
	at com.kms.katalon.core.main.TestCaseMain$startTestSuite$0.call(Unknown Source)
	at TempTestSuite1587995047167.run(TempTestSuite1587995047167.groovy:37)
)

2020-04-27 15:10:22 - [MESSAGE][FAILED] - Text 'Good Morning!' is not present on page  (Root cause: com.kms.katalon.core.exception.StepFailedException: Text 'Good Morning!' is not present on page 
	at com.kms.katalon.core.webui.keyword.internal.WebUIKeywordMain.stepFailed(WebUIKeywordMain.groovy:64)
	at com.kms.katalon.core.webui.keyword.builtin.VerifyTextPresentKeyword$_verifyTextPresent_closure1.doCall(VerifyTextPresentKeyword.groovy:79)
	at com.kms.katalon.core.webui.keyword.builtin.VerifyTextPresentKeyword$_verifyTextPresent_closure1.call(VerifyTextPresentKeyword.groovy)
	at com.kms.katalon.core.webui.keyword.internal.WebUIKeywordMain.runKeyword(WebUIKeywordMain.groovy:20)
	at com.kms.katalon.core.webui.keyword.builtin.VerifyTextPresentKeyword.verifyTextPresent(VerifyTextPresentKeyword.groovy:83)
	at com.kms.katalon.core.webui.keyword.builtin.VerifyTextPresentKeyword.execute(VerifyTextPresentKeyword.groovy:68)
	at com.kms.katalon.core.keyword.internal.KeywordExecutor.executeKeywordForPlatform(KeywordExecutor.groovy:72)
	at com.kms.katalon.core.webui.keyword.WebUiBuiltInKeywords.verifyTextPresent(WebUiBuiltInKeywords.groovy:1719)
	at com.kms.katalon.core.webui.keyword.WebUiBuiltInKeywords$verifyTextPresent$2.call(Unknown Source)
	at Members_Activity_Participants.run(Members_Activity_Participants:49)
	at com.kms.katalon.core.main.ScriptEngine.run(ScriptEngine.java:194)
	at com.kms.katalon.core.main.ScriptEngine.runScriptAsRawText(ScriptEngine.java:119)
	at com.kms.katalon.core.main.TestCaseExecutor.runScript(TestCaseExecutor.java:337)
	at com.kms.katalon.core.main.TestCaseExecutor.doExecute(TestCaseExecutor.java:328)
	at com.kms.katalon.core.main.TestCaseExecutor.processExecutionPhase(TestCaseExecutor.java:307)
	at com.kms.katalon.core.main.TestCaseExecutor.accessMainPhase(TestCaseExecutor.java:299)
	at com.kms.katalon.core.main.TestCaseExecutor.execute(TestCaseExecutor.java:233)
	at com.kms.katalon.core.main.TestCaseMain.runTestCase(TestCaseMain.java:114)
	at com.kms.katalon.core.keyword.builtin.CallTestCaseKeyword$_callTestCase_closure1.doCall(CallTestCaseKeyword.groovy:59)
	at com.kms.katalon.core.keyword.builtin.CallTestCaseKeyword$_callTestCase_closure1.call(CallTestCaseKeyword.groovy)
	at com.kms.katalon.core.keyword.internal.KeywordMain.runKeyword(KeywordMain.groovy:68)
	at com.kms.katalon.core.keyword.builtin.CallTestCaseKeyword.callTestCase(CallTestCaseKeyword.groovy:81)
	at com.kms.katalon.core.keyword.builtin.CallTestCaseKeyword.execute(CallTestCaseKeyword.groovy:44)
	at com.kms.katalon.core.keyword.internal.KeywordExecutor.executeKeywordForPlatform(KeywordExecutor.groovy:72)
	at com.kms.katalon.core.keyword.BuiltinKeywords.callTestCase(BuiltinKeywords.groovy:334)
	at Members_Activity_Participants.run(Members_Activity_Participants:64)
	at com.kms.katalon.core.main.ScriptEngine.run(ScriptEngine.java:194)
	at com.kms.katalon.core.main.ScriptEngine.runScriptAsRawText(ScriptEngine.java:119)
	at com.kms.katalon.core.main.TestCaseExecutor.runScript(TestCaseExecutor.java:337)
	at com.kms.katalon.core.main.TestCaseExecutor.doExecute(TestCaseExecutor.java:328)
	at com.kms.katalon.core.main.TestCaseExecutor.processExecutionPhase(TestCaseExecutor.java:307)
	at com.kms.katalon.core.main.TestCaseExecutor.accessMainPhase(TestCaseExecutor.java:299)
	at com.kms.katalon.core.main.TestCaseExecutor.execute(TestCaseExecutor.java:233)
	at com.kms.katalon.core.main.TestSuiteExecutor.accessTestCaseMainPhase(TestSuiteExecutor.java:169)
	at com.kms.katalon.core.main.TestSuiteExecutor.accessTestSuiteMainPhase(TestSuiteExecutor.java:142)
	at com.kms.katalon.core.main.TestSuiteExecutor.execute(TestSuiteExecutor.java:91)
	at com.kms.katalon.core.main.TestCaseMain.startTestSuite(TestCaseMain.java:157)
	at com.kms.katalon.core.main.TestCaseMain$startTestSuite$0.call(Unknown Source)
	at TempTestSuite1587995047167.run(TempTestSuite1587995047167.groovy:37)
)

2020-04-27 15:10:22 - [TEST_STEP][PASSED] - "----------------------------------------------": null

2020-04-27 15:10:22 - [TEST_STEP][PASSED] - verifyTextPresent("Things to review:", false): Text 'Things to review:' is present on page 

2020-04-27 15:10:23 - [MESSAGE][PASSED] - Text 'Things to review:' is present on page 

2020-04-27 15:10:23 - [TEST_STEP][PASSED] - verifyTextPresent("Feedback to review", false): Text 'Feedback to review' is present on page 

2020-04-27 15:10:23 - [MESSAGE][PASSED] - Text 'Feedback to review' is present on page 

2020-04-27 15:10:23 - [TEST_STEP][PASSED] - "----------------------------------------------": null

2020-04-27 15:10:23 - [TEST_STEP][PASSED] - verifyTextPresent("Recent members photos:", false): Text 'Recent members photos:' is present on page 

2020-04-27 15:10:23 - [MESSAGE][PASSED] - Text 'Recent members photos:' is present on page 

2020-04-27 15:10:23 - [TEST_STEP][PASSED] - verifyTextPresent("Members area forum activity:", false): Text 'Members area forum activity:' is present on page 

2020-04-27 15:10:23 - [MESSAGE][PASSED] - Text 'Members area forum activity:' is present on page 

2020-04-27 15:10:23 - [TEST_STEP][PASSED] - verifyTextPresent("Members joining", false): Text 'Members joining' is present on page 

2020-04-27 15:10:23 - [MESSAGE][PASSED] - Text 'Members joining' is present on page 

2020-04-27 15:10:23 - [TEST_STEP][PASSED] - verifyTextPresent("and leaving", false): Text 'and leaving' is present on page 

2020-04-27 15:10:24 - [MESSAGE][PASSED] - Text 'and leaving' is present on page 

2020-04-27 15:10:24 - [MESSAGE][WARNING] - Unable to call Test Case 'Test Cases/Reusable_Test_Sequences/Web_Office/Verification/Reports/Members_Activity_Participants' (Root cause: com.kms.katalon.core.exception.StepFailedException: Call Test Case 'Test Cases/Reusable_Test_Sequences/Web_Office/Verification/Reports/Members_Activity_Participants' failed
	at com.kms.katalon.core.keyword.builtin.CallTestCaseKeyword$_callTestCase_closure1.doCall(CallTestCaseKeyword.groovy:63)
	at com.kms.katalon.core.keyword.builtin.CallTestCaseKeyword$_callTestCase_closure1.call(CallTestCaseKeyword.groovy)
	at com.kms.katalon.core.keyword.internal.KeywordMain.runKeyword(KeywordMain.groovy:68)
	at com.kms.katalon.core.keyword.builtin.CallTestCaseKeyword.callTestCase(CallTestCaseKeyword.groovy:81)
	at com.kms.katalon.core.keyword.builtin.CallTestCaseKeyword.execute(CallTestCaseKeyword.groovy:44)
	at com.kms.katalon.core.keyword.internal.KeywordExecutor.executeKeywordForPlatform(KeywordExecutor.groovy:72)
	at com.kms.katalon.core.keyword.BuiltinKeywords.callTestCase(BuiltinKeywords.groovy:334)
	at Members_Activity_Participants.run(Members_Activity_Participants:64)
	at com.kms.katalon.core.main.ScriptEngine.run(ScriptEngine.java:194)
	at com.kms.katalon.core.main.ScriptEngine.runScriptAsRawText(ScriptEngine.java:119)
	at com.kms.katalon.core.main.TestCaseExecutor.runScript(TestCaseExecutor.java:337)
	at com.kms.katalon.core.main.TestCaseExecutor.doExecute(TestCaseExecutor.java:328)
	at com.kms.katalon.core.main.TestCaseExecutor.processExecutionPhase(TestCaseExecutor.java:307)
	at com.kms.katalon.core.main.TestCaseExecutor.accessMainPhase(TestCaseExecutor.java:299)
	at com.kms.katalon.core.main.TestCaseExecutor.execute(TestCaseExecutor.java:233)
	at com.kms.katalon.core.main.TestSuiteExecutor.accessTestCaseMainPhase(TestSuiteExecutor.java:169)
	at com.kms.katalon.core.main.TestSuiteExecutor.accessTestSuiteMainPhase(TestSuiteExecutor.java:142)
	at com.kms.katalon.core.main.TestSuiteExecutor.execute(TestSuiteExecutor.java:91)
	at com.kms.katalon.core.main.TestCaseMain.startTestSuite(TestCaseMain.java:157)
	at com.kms.katalon.core.main.TestCaseMain$startTestSuite$0.call(Unknown Source)
	at TempTestSuite1587995047167.run(TempTestSuite1587995047167.groovy:37)
Caused by: com.kms.katalon.core.exception.StepFailedException: Text 'Good Morning!' is not present on page  (Root cause: com.kms.katalon.core.exception.StepFailedException: Text 'Good Morning!' is not present on page 
	at com.kms.katalon.core.webui.keyword.internal.WebUIKeywordMain.stepFailed(WebUIKeywordMain.groovy:64)
	at com.kms.katalon.core.webui.keyword.builtin.VerifyTextPresentKeyword$_verifyTextPresent_closure1.doCall(VerifyTextPresentKeyword.groovy:79)
	at com.kms.katalon.core.webui.keyword.builtin.VerifyTextPresentKeyword$_verifyTextPresent_closure1.call(VerifyTextPresentKeyword.groovy)
	at com.kms.katalon.core.webui.keyword.internal.WebUIKeywordMain.runKeyword(WebUIKeywordMain.groovy:20)
	at com.kms.katalon.core.webui.keyword.builtin.VerifyTextPresentKeyword.verifyTextPresent(VerifyTextPresentKeyword.groovy:83)
	at com.kms.katalon.core.webui.keyword.builtin.VerifyTextPresentKeyword.execute(VerifyTextPresentKeyword.groovy:68)
	at com.kms.katalon.core.keyword.internal.KeywordExecutor.executeKeywordForPlatform(KeywordExecutor.groovy:72)
	at com.kms.katalon.core.webui.keyword.WebUiBuiltInKeywords.verifyTextPresent(WebUiBuiltInKeywords.groovy:1719)
	at com.kms.katalon.core.webui.keyword.WebUiBuiltInKeywords$verifyTextPresent$2.call(Unknown Source)
	at Members_Activity_Participants.run(Members_Activity_Participants:49)
	at com.kms.katalon.core.main.ScriptEngine.run(ScriptEngine.java:194)
	at com.kms.katalon.core.main.ScriptEngine.runScriptAsRawText(ScriptEngine.java:119)
	at com.kms.katalon.core.main.TestCaseExecutor.runScript(TestCaseExecutor.java:337)
	at com.kms.katalon.core.main.TestCaseExecutor.doExecute(TestCaseExecutor.java:328)
	at com.kms.katalon.core.main.TestCaseExecutor.processExecutionPhase(TestCaseExecutor.java:307)
	at com.kms.katalon.core.main.TestCaseExecutor.accessMainPhase(TestCaseExecutor.java:299)
	at com.kms.katalon.core.main.TestCaseExecutor.execute(TestCaseExecutor.java:233)
	at com.kms.katalon.core.main.TestCaseMain.runTestCase(TestCaseMain.java:114)
	at com.kms.katalon.core.keyword.builtin.CallTestCaseKeyword$_callTestCase_closure1.doCall(CallTestCaseKeyword.groovy:59)
	at com.kms.katalon.core.keyword.builtin.CallTestCaseKeyword$_callTestCase_closure1.call(CallTestCaseKeyword.groovy)
	at com.kms.katalon.core.keyword.internal.KeywordMain.runKeyword(KeywordMain.groovy:68)
	at com.kms.katalon.core.keyword.builtin.CallTestCaseKeyword.callTestCase(CallTestCaseKeyword.groovy:81)
	at com.kms.katalon.core.keyword.builtin.CallTestCaseKeyword.execute(CallTestCaseKeyword.groovy:44)
	at com.kms.katalon.core.keyword.internal.KeywordExecutor.executeKeywordForPlatform(KeywordExecutor.groovy:72)
	at com.kms.katalon.core.keyword.BuiltinKeywords.callTestCase(BuiltinKeywords.groovy:334)
	at Members_Activity_Participants.run(Members_Activity_Participants:64)
	at com.kms.katalon.core.main.ScriptEngine.run(ScriptEngine.java:194)
	at com.kms.katalon.core.main.ScriptEngine.runScriptAsRawText(ScriptEngine.java:119)
	at com.kms.katalon.core.main.TestCaseExecutor.runScript(TestCaseExecutor.java:337)
	at com.kms.katalon.core.main.TestCaseExecutor.doExecute(TestCaseExecutor.java:328)
	at com.kms.katalon.core.main.TestCaseExecutor.processExecutionPhase(TestCaseExecutor.java:307)
	at com.kms.katalon.core.main.TestCaseExecutor.accessMainPhase(TestCaseExecutor.java:299)
	at com.kms.katalon.core.main.TestCaseExecutor.execute(TestCaseExecutor.java:233)
	at com.kms.katalon.core.main.TestSuiteExecutor.accessTestCaseMainPhase(TestSuiteExecutor.java:169)
	at com.kms.katalon.core.main.TestSuiteExecutor.accessTestSuiteMainPhase(TestSuiteExecutor.java:142)
	at com.kms.katalon.core.main.TestSuiteExecutor.execute(TestSuiteExecutor.java:91)
	at com.kms.katalon.core.main.TestCaseMain.startTestSuite(TestCaseMain.java:157)
	at com.kms.katalon.core.main.TestCaseMain$startTestSuite$0.call(Unknown Source)
	at TempTestSuite1587995047167.run(TempTestSuite1587995047167.groovy:37)
)
	at com.kms.katalon.core.keyword.internal.KeywordMain.stepFailed(KeywordMain.groovy:39)
	at com.kms.katalon.core.webui.keyword.internal.WebUIKeywordMain.stepFailed(WebUIKeywordMain.groovy:64)
	at com.kms.katalon.core.webui.keyword.builtin.VerifyTextPresentKeyword$_verifyTextPresent_closure1.doCall(VerifyTextPresentKeyword.groovy:79)
	at com.kms.katalon.core.webui.keyword.builtin.VerifyTextPresentKeyword$_verifyTextPresent_closure1.call(VerifyTextPresentKeyword.groovy)
	at com.kms.katalon.core.webui.keyword.internal.WebUIKeywordMain.runKeyword(WebUIKeywordMain.groovy:20)
	at com.kms.katalon.core.webui.keyword.builtin.VerifyTextPresentKeyword.verifyTextPresent(VerifyTextPresentKeyword.groovy:83)
	at com.kms.katalon.core.webui.keyword.builtin.VerifyTextPresentKeyword.execute(VerifyTextPresentKeyword.groovy:68)
	at com.kms.katalon.core.keyword.internal.KeywordExecutor.executeKeywordForPlatform(KeywordExecutor.groovy:72)
	at com.kms.katalon.core.webui.keyword.WebUiBuiltInKeywords.verifyTextPresent(WebUiBuiltInKeywords.groovy:1719)
	at com.kms.katalon.core.webui.keyword.WebUiBuiltInKeywords$verifyTextPresent$2.call(Unknown Source)
	at Members_Activity_Participants.run(Members_Activity_Participants:49)
	at com.kms.katalon.core.main.ScriptEngine.run(ScriptEngine.java:194)
	at com.kms.katalon.core.main.ScriptEngine.runScriptAsRawText(ScriptEngine.java:119)
	at com.kms.katalon.core.main.TestCaseExecutor.runScript(TestCaseExecutor.java:337)
	at com.kms.katalon.core.main.TestCaseExecutor.doExecute(TestCaseExecutor.java:328)
	at com.kms.katalon.core.main.TestCaseExecutor.processExecutionPhase(TestCaseExecutor.java:307)
	at com.kms.katalon.core.main.TestCaseExecutor.accessMainPhase(TestCaseExecutor.java:299)
	at com.kms.katalon.core.main.TestCaseExecutor.execute(TestCaseExecutor.java:233)
	at com.kms.katalon.core.main.TestCaseMain.runTestCase(TestCaseMain.java:114)
	at com.kms.katalon.core.keyword.builtin.CallTestCaseKeyword$_callTestCase_closure1.doCall(CallTestCaseKeyword.groovy:59)
	... 20 more
Caused by: com.kms.katalon.core.exception.StepFailedException: Text 'Good Morning!' is not present on page 
	... 39 more
)

2020-04-27 15:10:24 - [TEST_STEP][PASSED] - "--------------------------": null

2020-04-27 15:10:24 - [TEST_STEP][PASSED] - " Teardown - CLose Browser |": null

2020-04-27 15:10:24 - [TEST_STEP][PASSED] - callTestCase(findTestCase("Reusable_Test_Sequences/CAT_Teardown"), [:], OPTIONAL): Call Test Case 'Test Cases/Reusable_Test_Sequences/CAT_Teardown' successfully

2020-04-27 15:10:24 - [TEST_CASE][PASSED] - Test Cases/Reusable_Test_Sequences/CAT_Teardown: Test Cases/Reusable_Test_Sequences/CAT_Teardown

2020-04-27 15:10:24 - [TEST_STEP][PASSED] - closeBrowser(): Browser is closed

2020-04-27 15:10:25 - [MESSAGE][PASSED] - Browser is closed

2020-04-27 15:10:25 - [TEST_STEP][PASSED] - super.finalize(): null

2020-04-27 15:10:25 - [TEST_STEP][PASSED] - System.gc(): null

2020-04-27 15:10:25 - [MESSAGE][PASSED] - Call Test Case 'Test Cases/Reusable_Test_Sequences/CAT_Teardown' successfully]]></system-out>
         <system-err><![CDATA[]]></system-err>
      </testcase>
      <testcase name="Test Cases/Web_Office/Reports/Members_Activity_Laggards" time="19.205" classname="Test Cases/Web_Office/Reports/Members_Activity_Laggards" status="PASSED">
         <system-out><![CDATA[2020-04-27 15:10:25 - [TEST_CASE][PASSED] - Test Cases/Web_Office/Reports/Members_Activity_Laggards: Test Cases/Web_Office/Reports/Members_Activity_Laggards

2020-04-27 15:10:26 - [TEST_STEP][PASSED] - "--------------------------------------": null

2020-04-27 15:10:26 - [TEST_STEP][PASSED] - " Web Office StartUp                  |": null

2020-04-27 15:10:26 - [TEST_STEP][PASSED] - callTestCase(findTestCase("Reusable_Test_Sequences/Web_Office/Directives/WebOffice_StartUp"), [:], STOP_ON_FAILURE): Call Test Case 'Test Cases/Reusable_Test_Sequences/Web_Office/Directives/WebOffice_StartUp' successfully

2020-04-27 15:10:26 - [TEST_CASE][PASSED] - Test Cases/Reusable_Test_Sequences/Web_Office/Directives/WebOffice_StartUp: Test Cases/Reusable_Test_Sequences/Web_Office/Directives/WebOffice_StartUp

2020-04-27 15:10:26 - [TEST_STEP][PASSED] - "-----------------------------------------------------------------------------": null

2020-04-27 15:10:26 - [TEST_STEP][PASSED] - if (URL == "https://www.dev.checkatrade.com/"): null

2020-04-27 15:10:26 - [TEST_STEP][PASSED] - "-----------------------------------------------------------------------------": null

2020-04-27 15:10:26 - [TEST_STEP][PASSED] - if (URL == "https://www.checkatrade.com/"): null

2020-04-27 15:10:26 - [TEST_STEP][PASSED] - "-----------------------------------------------------------------------------": null

2020-04-27 15:10:26 - [TEST_STEP][PASSED] - if (URL == "https://www.preview.checkatrade.com/"): null

2020-04-27 15:10:26 - [TEST_STEP][PASSED] - WebOfficeURL = "https://admin.preview.checkatrade.com/": null

2020-04-27 15:10:26 - [TEST_STEP][PASSED] - if (URL == "https://www.dev2.checkatrade.com/"): null

2020-04-27 15:10:26 - [TEST_STEP][PASSED] - "Set Function Area for "URL_Handler", URL Resolution": null

2020-04-27 15:10:26 - [TEST_STEP][PASSED] - "Do Some Magic with URL(s) See the comments within URL Handler ": null

2020-04-27 15:10:26 - [TEST_STEP][PASSED] - "------------------------------------------------": null

2020-04-27 15:10:26 - [TEST_STEP][PASSED] - "Moved Login Credentials to <Default> profile 22/01/2020": null

2020-04-27 15:10:26 - [TEST_STEP][PASSED] - "------------------------------------------------": null

2020-04-27 15:10:26 - [TEST_STEP][PASSED] - "WebOfficeURL - Set from the ENVIRONMENT PROFILE ": null

2020-04-27 15:10:26 - [TEST_STEP][PASSED] - "OPEN BROWSER": null

2020-04-27 15:10:26 - [TEST_STEP][PASSED] - "eg - https://admin.preview.checkatrade.com/  ": null

2020-04-27 15:10:26 - [TEST_STEP][PASSED] - openBrowser(WebOfficeURL): Browser is opened with url: 'https://admin.preview.checkatrade.com/'

2020-04-27 15:10:26 - [MESSAGE][INFO] - Starting 'Chrome' driver

2020-04-27 15:10:26 - [MESSAGE][INFO] - Action delay is set to 0 milliseconds

2020-04-27 15:10:31 - [MESSAGE][PASSED] - Browser is opened with url: 'https://admin.preview.checkatrade.com/'

2020-04-27 15:10:31 - [TEST_STEP][PASSED] - maximizeWindow(): Current window maximized

2020-04-27 15:10:33 - [MESSAGE][PASSED] - Current window maximized

2020-04-27 15:10:33 - [TEST_STEP][PASSED] - waitForElementClickable(findTestObject("Object Repository/WebOffice/Page_Checkatrade - Administration - Login/Login_Button"), 25): Object 'Object Repository/WebOffice/Page_Checkatrade - Administration - Login/Login_Button' is clickable

2020-04-27 15:10:34 - [MESSAGE][PASSED] - Object 'Object Repository/WebOffice/Page_Checkatrade - Administration - Login/Login_Button' is clickable

2020-04-27 15:10:34 - [TEST_STEP][PASSED] - verifyTextPresent("Checkatrade Web Office", false): Text 'Checkatrade Web Office' is present on page 

2020-04-27 15:10:34 - [MESSAGE][PASSED] - Text 'Checkatrade Web Office' is present on page 

2020-04-27 15:10:34 - [TEST_STEP][PASSED] - verifyTextPresent("Access for staff use only", false): Text 'Access for staff use only' is present on page 

2020-04-27 15:10:34 - [MESSAGE][PASSED] - Text 'Access for staff use only' is present on page 

2020-04-27 15:10:34 - [TEST_STEP][PASSED] - verifyTextPresent("Forgotten password?", false): Text 'Forgotten password?' is present on page 

2020-04-27 15:10:34 - [MESSAGE][PASSED] - Text 'Forgotten password?' is present on page 

2020-04-27 15:10:34 - [TEST_STEP][PASSED] - setText(findTestObject("Object Repository/WebOffice/Page_Checkatrade - Administration - Login/input_Username_LoginControlUserName"), wo_Username): Text 'DavidHo' is set on object 'Object Repository/WebOffice/Page_Checkatrade - Administration - Login/input_Username_LoginControlUserName'

2020-04-27 15:10:34 - [MESSAGE][PASSED] - Text 'DavidHo' is set on object 'Object Repository/WebOffice/Page_Checkatrade - Administration - Login/input_Username_LoginControlUserName'

2020-04-27 15:10:34 - [TEST_STEP][PASSED] - setText(findTestObject("Object Repository/WebOffice/Page_Checkatrade - Administration - Login/input_Password_LoginControlPassword"), wo_Password): Text 'Check123' is set on object 'Object Repository/WebOffice/Page_Checkatrade - Administration - Login/input_Password_LoginControlPassword'

2020-04-27 15:10:35 - [MESSAGE][PASSED] - Text 'Check123' is set on object 'Object Repository/WebOffice/Page_Checkatrade - Administration - Login/input_Password_LoginControlPassword'

2020-04-27 15:10:35 - [TEST_STEP][PASSED] - click(findTestObject("Object Repository/WebOffice/Page_Checkatrade - Administration - Login/Login_Button")): Object: 'Object Repository/WebOffice/Page_Checkatrade - Administration - Login/Login_Button' is clicked on

2020-04-27 15:10:36 - [MESSAGE][PASSED] - Object: 'Object Repository/WebOffice/Page_Checkatrade - Administration - Login/Login_Button' is clicked on

2020-04-27 15:10:36 - [TEST_STEP][PASSED] - waitForPageLoad(60): Wait for page load successfully

2020-04-27 15:10:36 - [MESSAGE][PASSED] - Wait for page load successfully

2020-04-27 15:10:36 - [TEST_STEP][PASSED] - verifyTextPresent("Welcome " + wo_Username, false): Text 'Welcome DavidHo' is present on page 

2020-04-27 15:10:37 - [MESSAGE][PASSED] - Text 'Welcome DavidHo' is present on page 

2020-04-27 15:10:37 - [MESSAGE][PASSED] - Call Test Case 'Test Cases/Reusable_Test_Sequences/Web_Office/Directives/WebOffice_StartUp' successfully

2020-04-27 15:10:37 - [TEST_STEP][PASSED] - "-----------------------------------------------------------------": null

2020-04-27 15:10:37 - [TEST_STEP][PASSED] - " Navigate to <Settings->Checkatrade.Com->Sub Item> Menu Item     |": null

2020-04-27 15:10:37 - [TEST_STEP][PASSED] - callTestCase(findTestCase("Reusable_Test_Sequences/Web_Office/Navigation/Sub_Menu_Navigation/Reports/Members_Activity_Laggards"), [:], STOP_ON_FAILURE): Call Test Case 'Test Cases/Reusable_Test_Sequences/Web_Office/Navigation/Sub_Menu_Navigation/Reports/Members_Activity_Laggards' successfully

2020-04-27 15:10:37 - [TEST_CASE][PASSED] - Test Cases/Reusable_Test_Sequences/Web_Office/Navigation/Sub_Menu_Navigation/Reports/Members_Activity_Laggards: Test Cases/Reusable_Test_Sequences/Web_Office/Navigation/Sub_Menu_Navigation/Reports/Members_Activity_Laggards

2020-04-27 15:10:37 - [TEST_STEP][PASSED] - "--------------------------------------": null

2020-04-27 15:10:37 - [TEST_STEP][PASSED] - " Navigate Top level menu Item         |": null

2020-04-27 15:10:37 - [TEST_STEP][PASSED] - waitForPageLoad(60): Wait for page load successfully

2020-04-27 15:10:37 - [MESSAGE][PASSED] - Wait for page load successfully

2020-04-27 15:10:37 - [TEST_STEP][PASSED] - waitForElementClickable(findTestObject("Object Repository/WebOffice_Home_page/a_Reports"), 60): Object 'Object Repository/WebOffice_Home_page/a_Reports' is clickable

2020-04-27 15:10:38 - [MESSAGE][PASSED] - Object 'Object Repository/WebOffice_Home_page/a_Reports' is clickable

2020-04-27 15:10:38 - [TEST_STEP][PASSED] - mouseOver(findTestObject("Object Repository/WebOffice_Home_page/a_Reports")): Object: 'Object Repository/WebOffice_Home_page/a_Reports' is hovered

2020-04-27 15:10:38 - [MESSAGE][PASSED] - Object: 'Object Repository/WebOffice_Home_page/a_Reports' is hovered

2020-04-27 15:10:38 - [TEST_STEP][PASSED] - click(findTestObject("Object Repository/WebOffice_Home_page/Page_/a_Members")): Object: 'Object Repository/WebOffice_Home_page/Page_/a_Members' is clicked on

2020-04-27 15:10:38 - [MESSAGE][PASSED] - Object: 'Object Repository/WebOffice_Home_page/Page_/a_Members' is clicked on

2020-04-27 15:10:38 - [TEST_STEP][PASSED] - click(findTestObject("Object Repository/WebOffice_Home_page/Page_/a_Members Area Activity")): Object: 'Object Repository/WebOffice_Home_page/Page_/a_Members Area Activity' is clicked on

2020-04-27 15:10:39 - [MESSAGE][PASSED] - Object: 'Object Repository/WebOffice_Home_page/Page_/a_Members Area Activity' is clicked on

2020-04-27 15:10:39 - [TEST_STEP][PASSED] - waitForPageLoad(5): Wait for page load successfully

2020-04-27 15:10:39 - [MESSAGE][PASSED] - Wait for page load successfully

2020-04-27 15:10:39 - [TEST_STEP][PASSED] - waitForElementClickable(findTestObject("Object Repository/WebOffice_Home_page/Page_/a_Laggards Report"), 5): Object 'Object Repository/WebOffice_Home_page/Page_/a_Laggards Report' is clickable

2020-04-27 15:10:39 - [MESSAGE][PASSED] - Object 'Object Repository/WebOffice_Home_page/Page_/a_Laggards Report' is clickable

2020-04-27 15:10:39 - [TEST_STEP][PASSED] - click(findTestObject("Object Repository/WebOffice_Home_page/Page_/a_Laggards Report")): Object: 'Object Repository/WebOffice_Home_page/Page_/a_Laggards Report' is clicked on

2020-04-27 15:10:39 - [MESSAGE][PASSED] - Object: 'Object Repository/WebOffice_Home_page/Page_/a_Laggards Report' is clicked on

2020-04-27 15:10:39 - [MESSAGE][PASSED] - Call Test Case 'Test Cases/Reusable_Test_Sequences/Web_Office/Navigation/Sub_Menu_Navigation/Reports/Members_Activity_Laggards' successfully

2020-04-27 15:10:39 - [TEST_STEP][PASSED] - "--------------------------------------": null

2020-04-27 15:10:39 - [TEST_STEP][PASSED] - " Verify Returned Page Detail          |": null

2020-04-27 15:10:39 - [TEST_STEP][PASSED] - callTestCase(findTestCase("Reusable_Test_Sequences/Web_Office/Verification/Reports/Members_Activity_Laggards"), [:], OPTIONAL): Unable to call Test Case 'Test Cases/Reusable_Test_Sequences/Web_Office/Verification/Reports/Members_Activity_Laggards' (Root cause: com.kms.katalon.core.exception.StepFailedException: Call Test Case 'Test Cases/Reusable_Test_Sequences/Web_Office/Verification/Reports/Members_Activity_Laggards' failed
	at com.kms.katalon.core.keyword.builtin.CallTestCaseKeyword$_callTestCase_closure1.doCall(CallTestCaseKeyword.groovy:63)
	at com.kms.katalon.core.keyword.builtin.CallTestCaseKeyword$_callTestCase_closure1.call(CallTestCaseKeyword.groovy)
	at com.kms.katalon.core.keyword.internal.KeywordMain.runKeyword(KeywordMain.groovy:68)
	at com.kms.katalon.core.keyword.builtin.CallTestCaseKeyword.callTestCase(CallTestCaseKeyword.groovy:81)
	at com.kms.katalon.core.keyword.builtin.CallTestCaseKeyword.execute(CallTestCaseKeyword.groovy:44)
	at com.kms.katalon.core.keyword.internal.KeywordExecutor.executeKeywordForPlatform(KeywordExecutor.groovy:72)
	at com.kms.katalon.core.keyword.BuiltinKeywords.callTestCase(BuiltinKeywords.groovy:334)
	at Members_Activity_Laggards.run(Members_Activity_Laggards:64)
	at com.kms.katalon.core.main.ScriptEngine.run(ScriptEngine.java:194)
	at com.kms.katalon.core.main.ScriptEngine.runScriptAsRawText(ScriptEngine.java:119)
	at com.kms.katalon.core.main.TestCaseExecutor.runScript(TestCaseExecutor.java:337)
	at com.kms.katalon.core.main.TestCaseExecutor.doExecute(TestCaseExecutor.java:328)
	at com.kms.katalon.core.main.TestCaseExecutor.processExecutionPhase(TestCaseExecutor.java:307)
	at com.kms.katalon.core.main.TestCaseExecutor.accessMainPhase(TestCaseExecutor.java:299)
	at com.kms.katalon.core.main.TestCaseExecutor.execute(TestCaseExecutor.java:233)
	at com.kms.katalon.core.main.TestSuiteExecutor.accessTestCaseMainPhase(TestSuiteExecutor.java:169)
	at com.kms.katalon.core.main.TestSuiteExecutor.accessTestSuiteMainPhase(TestSuiteExecutor.java:142)
	at com.kms.katalon.core.main.TestSuiteExecutor.execute(TestSuiteExecutor.java:91)
	at com.kms.katalon.core.main.TestCaseMain.startTestSuite(TestCaseMain.java:157)
	at com.kms.katalon.core.main.TestCaseMain$startTestSuite$0.call(Unknown Source)
	at TempTestSuite1587995047167.run(TempTestSuite1587995047167.groovy:37)
Caused by: com.kms.katalon.core.exception.StepFailedException: Text 'Good Morning!' is not present on page  (Root cause: com.kms.katalon.core.exception.StepFailedException: Text 'Good Morning!' is not present on page 
	at com.kms.katalon.core.webui.keyword.internal.WebUIKeywordMain.stepFailed(WebUIKeywordMain.groovy:64)
	at com.kms.katalon.core.webui.keyword.builtin.VerifyTextPresentKeyword$_verifyTextPresent_closure1.doCall(VerifyTextPresentKeyword.groovy:79)
	at com.kms.katalon.core.webui.keyword.builtin.VerifyTextPresentKeyword$_verifyTextPresent_closure1.call(VerifyTextPresentKeyword.groovy)
	at com.kms.katalon.core.webui.keyword.internal.WebUIKeywordMain.runKeyword(WebUIKeywordMain.groovy:20)
	at com.kms.katalon.core.webui.keyword.builtin.VerifyTextPresentKeyword.verifyTextPresent(VerifyTextPresentKeyword.groovy:83)
	at com.kms.katalon.core.webui.keyword.builtin.VerifyTextPresentKeyword.execute(VerifyTextPresentKeyword.groovy:68)
	at com.kms.katalon.core.keyword.internal.KeywordExecutor.executeKeywordForPlatform(KeywordExecutor.groovy:72)
	at com.kms.katalon.core.webui.keyword.WebUiBuiltInKeywords.verifyTextPresent(WebUiBuiltInKeywords.groovy:1719)
	at com.kms.katalon.core.webui.keyword.WebUiBuiltInKeywords$verifyTextPresent$2.call(Unknown Source)
	at Members_Activity_Laggards.run(Members_Activity_Laggards:49)
	at com.kms.katalon.core.main.ScriptEngine.run(ScriptEngine.java:194)
	at com.kms.katalon.core.main.ScriptEngine.runScriptAsRawText(ScriptEngine.java:119)
	at com.kms.katalon.core.main.TestCaseExecutor.runScript(TestCaseExecutor.java:337)
	at com.kms.katalon.core.main.TestCaseExecutor.doExecute(TestCaseExecutor.java:328)
	at com.kms.katalon.core.main.TestCaseExecutor.processExecutionPhase(TestCaseExecutor.java:307)
	at com.kms.katalon.core.main.TestCaseExecutor.accessMainPhase(TestCaseExecutor.java:299)
	at com.kms.katalon.core.main.TestCaseExecutor.execute(TestCaseExecutor.java:233)
	at com.kms.katalon.core.main.TestCaseMain.runTestCase(TestCaseMain.java:114)
	at com.kms.katalon.core.keyword.builtin.CallTestCaseKeyword$_callTestCase_closure1.doCall(CallTestCaseKeyword.groovy:59)
	at com.kms.katalon.core.keyword.builtin.CallTestCaseKeyword$_callTestCase_closure1.call(CallTestCaseKeyword.groovy)
	at com.kms.katalon.core.keyword.internal.KeywordMain.runKeyword(KeywordMain.groovy:68)
	at com.kms.katalon.core.keyword.builtin.CallTestCaseKeyword.callTestCase(CallTestCaseKeyword.groovy:81)
	at com.kms.katalon.core.keyword.builtin.CallTestCaseKeyword.execute(CallTestCaseKeyword.groovy:44)
	at com.kms.katalon.core.keyword.internal.KeywordExecutor.executeKeywordForPlatform(KeywordExecutor.groovy:72)
	at com.kms.katalon.core.keyword.BuiltinKeywords.callTestCase(BuiltinKeywords.groovy:334)
	at Members_Activity_Laggards.run(Members_Activity_Laggards:64)
	at com.kms.katalon.core.main.ScriptEngine.run(ScriptEngine.java:194)
	at com.kms.katalon.core.main.ScriptEngine.runScriptAsRawText(ScriptEngine.java:119)
	at com.kms.katalon.core.main.TestCaseExecutor.runScript(TestCaseExecutor.java:337)
	at com.kms.katalon.core.main.TestCaseExecutor.doExecute(TestCaseExecutor.java:328)
	at com.kms.katalon.core.main.TestCaseExecutor.processExecutionPhase(TestCaseExecutor.java:307)
	at com.kms.katalon.core.main.TestCaseExecutor.accessMainPhase(TestCaseExecutor.java:299)
	at com.kms.katalon.core.main.TestCaseExecutor.execute(TestCaseExecutor.java:233)
	at com.kms.katalon.core.main.TestSuiteExecutor.accessTestCaseMainPhase(TestSuiteExecutor.java:169)
	at com.kms.katalon.core.main.TestSuiteExecutor.accessTestSuiteMainPhase(TestSuiteExecutor.java:142)
	at com.kms.katalon.core.main.TestSuiteExecutor.execute(TestSuiteExecutor.java:91)
	at com.kms.katalon.core.main.TestCaseMain.startTestSuite(TestCaseMain.java:157)
	at com.kms.katalon.core.main.TestCaseMain$startTestSuite$0.call(Unknown Source)
	at TempTestSuite1587995047167.run(TempTestSuite1587995047167.groovy:37)
)
	at com.kms.katalon.core.keyword.internal.KeywordMain.stepFailed(KeywordMain.groovy:39)
	at com.kms.katalon.core.webui.keyword.internal.WebUIKeywordMain.stepFailed(WebUIKeywordMain.groovy:64)
	at com.kms.katalon.core.webui.keyword.builtin.VerifyTextPresentKeyword$_verifyTextPresent_closure1.doCall(VerifyTextPresentKeyword.groovy:79)
	at com.kms.katalon.core.webui.keyword.builtin.VerifyTextPresentKeyword$_verifyTextPresent_closure1.call(VerifyTextPresentKeyword.groovy)
	at com.kms.katalon.core.webui.keyword.internal.WebUIKeywordMain.runKeyword(WebUIKeywordMain.groovy:20)
	at com.kms.katalon.core.webui.keyword.builtin.VerifyTextPresentKeyword.verifyTextPresent(VerifyTextPresentKeyword.groovy:83)
	at com.kms.katalon.core.webui.keyword.builtin.VerifyTextPresentKeyword.execute(VerifyTextPresentKeyword.groovy:68)
	at com.kms.katalon.core.keyword.internal.KeywordExecutor.executeKeywordForPlatform(KeywordExecutor.groovy:72)
	at com.kms.katalon.core.webui.keyword.WebUiBuiltInKeywords.verifyTextPresent(WebUiBuiltInKeywords.groovy:1719)
	at com.kms.katalon.core.webui.keyword.WebUiBuiltInKeywords$verifyTextPresent$2.call(Unknown Source)
	at Members_Activity_Laggards.run(Members_Activity_Laggards:49)
	at com.kms.katalon.core.main.ScriptEngine.run(ScriptEngine.java:194)
	at com.kms.katalon.core.main.ScriptEngine.runScriptAsRawText(ScriptEngine.java:119)
	at com.kms.katalon.core.main.TestCaseExecutor.runScript(TestCaseExecutor.java:337)
	at com.kms.katalon.core.main.TestCaseExecutor.doExecute(TestCaseExecutor.java:328)
	at com.kms.katalon.core.main.TestCaseExecutor.processExecutionPhase(TestCaseExecutor.java:307)
	at com.kms.katalon.core.main.TestCaseExecutor.accessMainPhase(TestCaseExecutor.java:299)
	at com.kms.katalon.core.main.TestCaseExecutor.execute(TestCaseExecutor.java:233)
	at com.kms.katalon.core.main.TestCaseMain.runTestCase(TestCaseMain.java:114)
	at com.kms.katalon.core.keyword.builtin.CallTestCaseKeyword$_callTestCase_closure1.doCall(CallTestCaseKeyword.groovy:59)
	... 20 more
Caused by: com.kms.katalon.core.exception.StepFailedException: Text 'Good Morning!' is not present on page 
	... 39 more
)

2020-04-27 15:10:39 - [TEST_CASE][FAILED] - Test Cases/Reusable_Test_Sequences/Web_Office/Verification/Reports/Members_Activity_Laggards: Test Cases/Reusable_Test_Sequences/Web_Office/Verification/Reports/Members_Activity_Laggards FAILED.
Reason:
com.kms.katalon.core.exception.StepFailedException: Text 'Good Morning!' is not present on page  (Root cause: com.kms.katalon.core.exception.StepFailedException: Text 'Good Morning!' is not present on page 
	at com.kms.katalon.core.webui.keyword.internal.WebUIKeywordMain.stepFailed(WebUIKeywordMain.groovy:64)
	at com.kms.katalon.core.webui.keyword.builtin.VerifyTextPresentKeyword$_verifyTextPresent_closure1.doCall(VerifyTextPresentKeyword.groovy:79)
	at com.kms.katalon.core.webui.keyword.builtin.VerifyTextPresentKeyword$_verifyTextPresent_closure1.call(VerifyTextPresentKeyword.groovy)
	at com.kms.katalon.core.webui.keyword.internal.WebUIKeywordMain.runKeyword(WebUIKeywordMain.groovy:20)
	at com.kms.katalon.core.webui.keyword.builtin.VerifyTextPresentKeyword.verifyTextPresent(VerifyTextPresentKeyword.groovy:83)
	at com.kms.katalon.core.webui.keyword.builtin.VerifyTextPresentKeyword.execute(VerifyTextPresentKeyword.groovy:68)
	at com.kms.katalon.core.keyword.internal.KeywordExecutor.executeKeywordForPlatform(KeywordExecutor.groovy:72)
	at com.kms.katalon.core.webui.keyword.WebUiBuiltInKeywords.verifyTextPresent(WebUiBuiltInKeywords.groovy:1719)
	at com.kms.katalon.core.webui.keyword.WebUiBuiltInKeywords$verifyTextPresent$2.call(Unknown Source)
	at Members_Activity_Laggards.run(Members_Activity_Laggards:49)
	at com.kms.katalon.core.main.ScriptEngine.run(ScriptEngine.java:194)
	at com.kms.katalon.core.main.ScriptEngine.runScriptAsRawText(ScriptEngine.java:119)
	at com.kms.katalon.core.main.TestCaseExecutor.runScript(TestCaseExecutor.java:337)
	at com.kms.katalon.core.main.TestCaseExecutor.doExecute(TestCaseExecutor.java:328)
	at com.kms.katalon.core.main.TestCaseExecutor.processExecutionPhase(TestCaseExecutor.java:307)
	at com.kms.katalon.core.main.TestCaseExecutor.accessMainPhase(TestCaseExecutor.java:299)
	at com.kms.katalon.core.main.TestCaseExecutor.execute(TestCaseExecutor.java:233)
	at com.kms.katalon.core.main.TestCaseMain.runTestCase(TestCaseMain.java:114)
	at com.kms.katalon.core.keyword.builtin.CallTestCaseKeyword$_callTestCase_closure1.doCall(CallTestCaseKeyword.groovy:59)
	at com.kms.katalon.core.keyword.builtin.CallTestCaseKeyword$_callTestCase_closure1.call(CallTestCaseKeyword.groovy)
	at com.kms.katalon.core.keyword.internal.KeywordMain.runKeyword(KeywordMain.groovy:68)
	at com.kms.katalon.core.keyword.builtin.CallTestCaseKeyword.callTestCase(CallTestCaseKeyword.groovy:81)
	at com.kms.katalon.core.keyword.builtin.CallTestCaseKeyword.execute(CallTestCaseKeyword.groovy:44)
	at com.kms.katalon.core.keyword.internal.KeywordExecutor.executeKeywordForPlatform(KeywordExecutor.groovy:72)
	at com.kms.katalon.core.keyword.BuiltinKeywords.callTestCase(BuiltinKeywords.groovy:334)
	at Members_Activity_Laggards.run(Members_Activity_Laggards:64)
	at com.kms.katalon.core.main.ScriptEngine.run(ScriptEngine.java:194)
	at com.kms.katalon.core.main.ScriptEngine.runScriptAsRawText(ScriptEngine.java:119)
	at com.kms.katalon.core.main.TestCaseExecutor.runScript(TestCaseExecutor.java:337)
	at com.kms.katalon.core.main.TestCaseExecutor.doExecute(TestCaseExecutor.java:328)
	at com.kms.katalon.core.main.TestCaseExecutor.processExecutionPhase(TestCaseExecutor.java:307)
	at com.kms.katalon.core.main.TestCaseExecutor.accessMainPhase(TestCaseExecutor.java:299)
	at com.kms.katalon.core.main.TestCaseExecutor.execute(TestCaseExecutor.java:233)
	at com.kms.katalon.core.main.TestSuiteExecutor.accessTestCaseMainPhase(TestSuiteExecutor.java:169)
	at com.kms.katalon.core.main.TestSuiteExecutor.accessTestSuiteMainPhase(TestSuiteExecutor.java:142)
	at com.kms.katalon.core.main.TestSuiteExecutor.execute(TestSuiteExecutor.java:91)
	at com.kms.katalon.core.main.TestCaseMain.startTestSuite(TestCaseMain.java:157)
	at com.kms.katalon.core.main.TestCaseMain$startTestSuite$0.call(Unknown Source)
	at TempTestSuite1587995047167.run(TempTestSuite1587995047167.groovy:37)
)
	at com.kms.katalon.core.keyword.internal.KeywordMain.stepFailed(KeywordMain.groovy:39)
	at com.kms.katalon.core.webui.keyword.internal.WebUIKeywordMain.stepFailed(WebUIKeywordMain.groovy:64)
	at com.kms.katalon.core.webui.keyword.builtin.VerifyTextPresentKeyword$_verifyTextPresent_closure1.doCall(VerifyTextPresentKeyword.groovy:79)
	at com.kms.katalon.core.webui.keyword.builtin.VerifyTextPresentKeyword$_verifyTextPresent_closure1.call(VerifyTextPresentKeyword.groovy)
	at com.kms.katalon.core.webui.keyword.internal.WebUIKeywordMain.runKeyword(WebUIKeywordMain.groovy:20)
	at com.kms.katalon.core.webui.keyword.builtin.VerifyTextPresentKeyword.verifyTextPresent(VerifyTextPresentKeyword.groovy:83)
	at com.kms.katalon.core.webui.keyword.builtin.VerifyTextPresentKeyword.execute(VerifyTextPresentKeyword.groovy:68)
	at com.kms.katalon.core.keyword.internal.KeywordExecutor.executeKeywordForPlatform(KeywordExecutor.groovy:72)
	at com.kms.katalon.core.webui.keyword.WebUiBuiltInKeywords.verifyTextPresent(WebUiBuiltInKeywords.groovy:1719)
	at com.kms.katalon.core.webui.keyword.WebUiBuiltInKeywords$verifyTextPresent$2.call(Unknown Source)
	at Members_Activity_Laggards.run(Members_Activity_Laggards:49)
	at com.kms.katalon.core.main.ScriptEngine.run(ScriptEngine.java:194)
	at com.kms.katalon.core.main.ScriptEngine.runScriptAsRawText(ScriptEngine.java:119)
	at com.kms.katalon.core.main.TestCaseExecutor.runScript(TestCaseExecutor.java:337)
	at com.kms.katalon.core.main.TestCaseExecutor.doExecute(TestCaseExecutor.java:328)
	at com.kms.katalon.core.main.TestCaseExecutor.processExecutionPhase(TestCaseExecutor.java:307)
	at com.kms.katalon.core.main.TestCaseExecutor.accessMainPhase(TestCaseExecutor.java:299)
	at com.kms.katalon.core.main.TestCaseExecutor.execute(TestCaseExecutor.java:233)
	at com.kms.katalon.core.main.TestCaseMain.runTestCase(TestCaseMain.java:114)
	at com.kms.katalon.core.keyword.builtin.CallTestCaseKeyword$_callTestCase_closure1.doCall(CallTestCaseKeyword.groovy:59)
	at com.kms.katalon.core.keyword.builtin.CallTestCaseKeyword$_callTestCase_closure1.call(CallTestCaseKeyword.groovy)
	at com.kms.katalon.core.keyword.internal.KeywordMain.runKeyword(KeywordMain.groovy:68)
	at com.kms.katalon.core.keyword.builtin.CallTestCaseKeyword.callTestCase(CallTestCaseKeyword.groovy:81)
	at com.kms.katalon.core.keyword.builtin.CallTestCaseKeyword.execute(CallTestCaseKeyword.groovy:44)
	at com.kms.katalon.core.keyword.internal.KeywordExecutor.executeKeywordForPlatform(KeywordExecutor.groovy:72)
	at com.kms.katalon.core.keyword.BuiltinKeywords.callTestCase(BuiltinKeywords.groovy:334)
	at Members_Activity_Laggards.run(Members_Activity_Laggards:64)
	at com.kms.katalon.core.main.ScriptEngine.run(ScriptEngine.java:194)
	at com.kms.katalon.core.main.ScriptEngine.runScriptAsRawText(ScriptEngine.java:119)
	at com.kms.katalon.core.main.TestCaseExecutor.runScript(TestCaseExecutor.java:337)
	at com.kms.katalon.core.main.TestCaseExecutor.doExecute(TestCaseExecutor.java:328)
	at com.kms.katalon.core.main.TestCaseExecutor.processExecutionPhase(TestCaseExecutor.java:307)
	at com.kms.katalon.core.main.TestCaseExecutor.accessMainPhase(TestCaseExecutor.java:299)
	at com.kms.katalon.core.main.TestCaseExecutor.execute(TestCaseExecutor.java:233)
	at com.kms.katalon.core.main.TestSuiteExecutor.accessTestCaseMainPhase(TestSuiteExecutor.java:169)
	at com.kms.katalon.core.main.TestSuiteExecutor.accessTestSuiteMainPhase(TestSuiteExecutor.java:142)
	at com.kms.katalon.core.main.TestSuiteExecutor.execute(TestSuiteExecutor.java:91)
	at com.kms.katalon.core.main.TestCaseMain.startTestSuite(TestCaseMain.java:157)
	at com.kms.katalon.core.main.TestCaseMain$startTestSuite$0.call(Unknown Source)
	at TempTestSuite1587995047167.run(TempTestSuite1587995047167.groovy:37)
Caused by: com.kms.katalon.core.exception.StepFailedException: Text 'Good Morning!' is not present on page 
	... 39 more


2020-04-27 15:10:40 - [TEST_STEP][PASSED] - waitForPageLoad(120): Wait for page load successfully

2020-04-27 15:10:40 - [MESSAGE][PASSED] - Wait for page load successfully

2020-04-27 15:10:40 - [TEST_STEP][PASSED] - delay(1): Delayed 1 second(s)

2020-04-27 15:10:41 - [MESSAGE][PASSED] - Delayed 1 second(s)

2020-04-27 15:10:41 - [TEST_STEP][FAILED] - verifyTextPresent("Good Morning!", false): Text 'Good Morning!' is not present on page  (Root cause: com.kms.katalon.core.exception.StepFailedException: Text 'Good Morning!' is not present on page 
	at com.kms.katalon.core.webui.keyword.internal.WebUIKeywordMain.stepFailed(WebUIKeywordMain.groovy:64)
	at com.kms.katalon.core.webui.keyword.builtin.VerifyTextPresentKeyword$_verifyTextPresent_closure1.doCall(VerifyTextPresentKeyword.groovy:79)
	at com.kms.katalon.core.webui.keyword.builtin.VerifyTextPresentKeyword$_verifyTextPresent_closure1.call(VerifyTextPresentKeyword.groovy)
	at com.kms.katalon.core.webui.keyword.internal.WebUIKeywordMain.runKeyword(WebUIKeywordMain.groovy:20)
	at com.kms.katalon.core.webui.keyword.builtin.VerifyTextPresentKeyword.verifyTextPresent(VerifyTextPresentKeyword.groovy:83)
	at com.kms.katalon.core.webui.keyword.builtin.VerifyTextPresentKeyword.execute(VerifyTextPresentKeyword.groovy:68)
	at com.kms.katalon.core.keyword.internal.KeywordExecutor.executeKeywordForPlatform(KeywordExecutor.groovy:72)
	at com.kms.katalon.core.webui.keyword.WebUiBuiltInKeywords.verifyTextPresent(WebUiBuiltInKeywords.groovy:1719)
	at com.kms.katalon.core.webui.keyword.WebUiBuiltInKeywords$verifyTextPresent$2.call(Unknown Source)
	at Members_Activity_Laggards.run(Members_Activity_Laggards:49)
	at com.kms.katalon.core.main.ScriptEngine.run(ScriptEngine.java:194)
	at com.kms.katalon.core.main.ScriptEngine.runScriptAsRawText(ScriptEngine.java:119)
	at com.kms.katalon.core.main.TestCaseExecutor.runScript(TestCaseExecutor.java:337)
	at com.kms.katalon.core.main.TestCaseExecutor.doExecute(TestCaseExecutor.java:328)
	at com.kms.katalon.core.main.TestCaseExecutor.processExecutionPhase(TestCaseExecutor.java:307)
	at com.kms.katalon.core.main.TestCaseExecutor.accessMainPhase(TestCaseExecutor.java:299)
	at com.kms.katalon.core.main.TestCaseExecutor.execute(TestCaseExecutor.java:233)
	at com.kms.katalon.core.main.TestCaseMain.runTestCase(TestCaseMain.java:114)
	at com.kms.katalon.core.keyword.builtin.CallTestCaseKeyword$_callTestCase_closure1.doCall(CallTestCaseKeyword.groovy:59)
	at com.kms.katalon.core.keyword.builtin.CallTestCaseKeyword$_callTestCase_closure1.call(CallTestCaseKeyword.groovy)
	at com.kms.katalon.core.keyword.internal.KeywordMain.runKeyword(KeywordMain.groovy:68)
	at com.kms.katalon.core.keyword.builtin.CallTestCaseKeyword.callTestCase(CallTestCaseKeyword.groovy:81)
	at com.kms.katalon.core.keyword.builtin.CallTestCaseKeyword.execute(CallTestCaseKeyword.groovy:44)
	at com.kms.katalon.core.keyword.internal.KeywordExecutor.executeKeywordForPlatform(KeywordExecutor.groovy:72)
	at com.kms.katalon.core.keyword.BuiltinKeywords.callTestCase(BuiltinKeywords.groovy:334)
	at Members_Activity_Laggards.run(Members_Activity_Laggards:64)
	at com.kms.katalon.core.main.ScriptEngine.run(ScriptEngine.java:194)
	at com.kms.katalon.core.main.ScriptEngine.runScriptAsRawText(ScriptEngine.java:119)
	at com.kms.katalon.core.main.TestCaseExecutor.runScript(TestCaseExecutor.java:337)
	at com.kms.katalon.core.main.TestCaseExecutor.doExecute(TestCaseExecutor.java:328)
	at com.kms.katalon.core.main.TestCaseExecutor.processExecutionPhase(TestCaseExecutor.java:307)
	at com.kms.katalon.core.main.TestCaseExecutor.accessMainPhase(TestCaseExecutor.java:299)
	at com.kms.katalon.core.main.TestCaseExecutor.execute(TestCaseExecutor.java:233)
	at com.kms.katalon.core.main.TestSuiteExecutor.accessTestCaseMainPhase(TestSuiteExecutor.java:169)
	at com.kms.katalon.core.main.TestSuiteExecutor.accessTestSuiteMainPhase(TestSuiteExecutor.java:142)
	at com.kms.katalon.core.main.TestSuiteExecutor.execute(TestSuiteExecutor.java:91)
	at com.kms.katalon.core.main.TestCaseMain.startTestSuite(TestCaseMain.java:157)
	at com.kms.katalon.core.main.TestCaseMain$startTestSuite$0.call(Unknown Source)
	at TempTestSuite1587995047167.run(TempTestSuite1587995047167.groovy:37)
)

2020-04-27 15:10:41 - [MESSAGE][FAILED] - Text 'Good Morning!' is not present on page  (Root cause: com.kms.katalon.core.exception.StepFailedException: Text 'Good Morning!' is not present on page 
	at com.kms.katalon.core.webui.keyword.internal.WebUIKeywordMain.stepFailed(WebUIKeywordMain.groovy:64)
	at com.kms.katalon.core.webui.keyword.builtin.VerifyTextPresentKeyword$_verifyTextPresent_closure1.doCall(VerifyTextPresentKeyword.groovy:79)
	at com.kms.katalon.core.webui.keyword.builtin.VerifyTextPresentKeyword$_verifyTextPresent_closure1.call(VerifyTextPresentKeyword.groovy)
	at com.kms.katalon.core.webui.keyword.internal.WebUIKeywordMain.runKeyword(WebUIKeywordMain.groovy:20)
	at com.kms.katalon.core.webui.keyword.builtin.VerifyTextPresentKeyword.verifyTextPresent(VerifyTextPresentKeyword.groovy:83)
	at com.kms.katalon.core.webui.keyword.builtin.VerifyTextPresentKeyword.execute(VerifyTextPresentKeyword.groovy:68)
	at com.kms.katalon.core.keyword.internal.KeywordExecutor.executeKeywordForPlatform(KeywordExecutor.groovy:72)
	at com.kms.katalon.core.webui.keyword.WebUiBuiltInKeywords.verifyTextPresent(WebUiBuiltInKeywords.groovy:1719)
	at com.kms.katalon.core.webui.keyword.WebUiBuiltInKeywords$verifyTextPresent$2.call(Unknown Source)
	at Members_Activity_Laggards.run(Members_Activity_Laggards:49)
	at com.kms.katalon.core.main.ScriptEngine.run(ScriptEngine.java:194)
	at com.kms.katalon.core.main.ScriptEngine.runScriptAsRawText(ScriptEngine.java:119)
	at com.kms.katalon.core.main.TestCaseExecutor.runScript(TestCaseExecutor.java:337)
	at com.kms.katalon.core.main.TestCaseExecutor.doExecute(TestCaseExecutor.java:328)
	at com.kms.katalon.core.main.TestCaseExecutor.processExecutionPhase(TestCaseExecutor.java:307)
	at com.kms.katalon.core.main.TestCaseExecutor.accessMainPhase(TestCaseExecutor.java:299)
	at com.kms.katalon.core.main.TestCaseExecutor.execute(TestCaseExecutor.java:233)
	at com.kms.katalon.core.main.TestCaseMain.runTestCase(TestCaseMain.java:114)
	at com.kms.katalon.core.keyword.builtin.CallTestCaseKeyword$_callTestCase_closure1.doCall(CallTestCaseKeyword.groovy:59)
	at com.kms.katalon.core.keyword.builtin.CallTestCaseKeyword$_callTestCase_closure1.call(CallTestCaseKeyword.groovy)
	at com.kms.katalon.core.keyword.internal.KeywordMain.runKeyword(KeywordMain.groovy:68)
	at com.kms.katalon.core.keyword.builtin.CallTestCaseKeyword.callTestCase(CallTestCaseKeyword.groovy:81)
	at com.kms.katalon.core.keyword.builtin.CallTestCaseKeyword.execute(CallTestCaseKeyword.groovy:44)
	at com.kms.katalon.core.keyword.internal.KeywordExecutor.executeKeywordForPlatform(KeywordExecutor.groovy:72)
	at com.kms.katalon.core.keyword.BuiltinKeywords.callTestCase(BuiltinKeywords.groovy:334)
	at Members_Activity_Laggards.run(Members_Activity_Laggards:64)
	at com.kms.katalon.core.main.ScriptEngine.run(ScriptEngine.java:194)
	at com.kms.katalon.core.main.ScriptEngine.runScriptAsRawText(ScriptEngine.java:119)
	at com.kms.katalon.core.main.TestCaseExecutor.runScript(TestCaseExecutor.java:337)
	at com.kms.katalon.core.main.TestCaseExecutor.doExecute(TestCaseExecutor.java:328)
	at com.kms.katalon.core.main.TestCaseExecutor.processExecutionPhase(TestCaseExecutor.java:307)
	at com.kms.katalon.core.main.TestCaseExecutor.accessMainPhase(TestCaseExecutor.java:299)
	at com.kms.katalon.core.main.TestCaseExecutor.execute(TestCaseExecutor.java:233)
	at com.kms.katalon.core.main.TestSuiteExecutor.accessTestCaseMainPhase(TestSuiteExecutor.java:169)
	at com.kms.katalon.core.main.TestSuiteExecutor.accessTestSuiteMainPhase(TestSuiteExecutor.java:142)
	at com.kms.katalon.core.main.TestSuiteExecutor.execute(TestSuiteExecutor.java:91)
	at com.kms.katalon.core.main.TestCaseMain.startTestSuite(TestCaseMain.java:157)
	at com.kms.katalon.core.main.TestCaseMain$startTestSuite$0.call(Unknown Source)
	at TempTestSuite1587995047167.run(TempTestSuite1587995047167.groovy:37)
)

2020-04-27 15:10:41 - [TEST_STEP][PASSED] - "----------------------------------------------": null

2020-04-27 15:10:41 - [TEST_STEP][PASSED] - verifyTextPresent("Things to review:", false): Text 'Things to review:' is present on page 

2020-04-27 15:10:41 - [MESSAGE][PASSED] - Text 'Things to review:' is present on page 

2020-04-27 15:10:41 - [TEST_STEP][PASSED] - verifyTextPresent("Feedback to review", false): Text 'Feedback to review' is present on page 

2020-04-27 15:10:42 - [MESSAGE][PASSED] - Text 'Feedback to review' is present on page 

2020-04-27 15:10:42 - [TEST_STEP][PASSED] - "----------------------------------------------": null

2020-04-27 15:10:42 - [TEST_STEP][PASSED] - verifyTextPresent("Recent members photos:", false): Text 'Recent members photos:' is present on page 

2020-04-27 15:10:42 - [MESSAGE][PASSED] - Text 'Recent members photos:' is present on page 

2020-04-27 15:10:42 - [TEST_STEP][PASSED] - verifyTextPresent("Members area forum activity:", false): Text 'Members area forum activity:' is present on page 

2020-04-27 15:10:42 - [MESSAGE][PASSED] - Text 'Members area forum activity:' is present on page 

2020-04-27 15:10:42 - [TEST_STEP][PASSED] - verifyTextPresent("Members joining", false): Text 'Members joining' is present on page 

2020-04-27 15:10:43 - [MESSAGE][PASSED] - Text 'Members joining' is present on page 

2020-04-27 15:10:43 - [TEST_STEP][PASSED] - verifyTextPresent("and leaving", false): Text 'and leaving' is present on page 

2020-04-27 15:10:43 - [MESSAGE][PASSED] - Text 'and leaving' is present on page 

2020-04-27 15:10:43 - [MESSAGE][WARNING] - Unable to call Test Case 'Test Cases/Reusable_Test_Sequences/Web_Office/Verification/Reports/Members_Activity_Laggards' (Root cause: com.kms.katalon.core.exception.StepFailedException: Call Test Case 'Test Cases/Reusable_Test_Sequences/Web_Office/Verification/Reports/Members_Activity_Laggards' failed
	at com.kms.katalon.core.keyword.builtin.CallTestCaseKeyword$_callTestCase_closure1.doCall(CallTestCaseKeyword.groovy:63)
	at com.kms.katalon.core.keyword.builtin.CallTestCaseKeyword$_callTestCase_closure1.call(CallTestCaseKeyword.groovy)
	at com.kms.katalon.core.keyword.internal.KeywordMain.runKeyword(KeywordMain.groovy:68)
	at com.kms.katalon.core.keyword.builtin.CallTestCaseKeyword.callTestCase(CallTestCaseKeyword.groovy:81)
	at com.kms.katalon.core.keyword.builtin.CallTestCaseKeyword.execute(CallTestCaseKeyword.groovy:44)
	at com.kms.katalon.core.keyword.internal.KeywordExecutor.executeKeywordForPlatform(KeywordExecutor.groovy:72)
	at com.kms.katalon.core.keyword.BuiltinKeywords.callTestCase(BuiltinKeywords.groovy:334)
	at Members_Activity_Laggards.run(Members_Activity_Laggards:64)
	at com.kms.katalon.core.main.ScriptEngine.run(ScriptEngine.java:194)
	at com.kms.katalon.core.main.ScriptEngine.runScriptAsRawText(ScriptEngine.java:119)
	at com.kms.katalon.core.main.TestCaseExecutor.runScript(TestCaseExecutor.java:337)
	at com.kms.katalon.core.main.TestCaseExecutor.doExecute(TestCaseExecutor.java:328)
	at com.kms.katalon.core.main.TestCaseExecutor.processExecutionPhase(TestCaseExecutor.java:307)
	at com.kms.katalon.core.main.TestCaseExecutor.accessMainPhase(TestCaseExecutor.java:299)
	at com.kms.katalon.core.main.TestCaseExecutor.execute(TestCaseExecutor.java:233)
	at com.kms.katalon.core.main.TestSuiteExecutor.accessTestCaseMainPhase(TestSuiteExecutor.java:169)
	at com.kms.katalon.core.main.TestSuiteExecutor.accessTestSuiteMainPhase(TestSuiteExecutor.java:142)
	at com.kms.katalon.core.main.TestSuiteExecutor.execute(TestSuiteExecutor.java:91)
	at com.kms.katalon.core.main.TestCaseMain.startTestSuite(TestCaseMain.java:157)
	at com.kms.katalon.core.main.TestCaseMain$startTestSuite$0.call(Unknown Source)
	at TempTestSuite1587995047167.run(TempTestSuite1587995047167.groovy:37)
Caused by: com.kms.katalon.core.exception.StepFailedException: Text 'Good Morning!' is not present on page  (Root cause: com.kms.katalon.core.exception.StepFailedException: Text 'Good Morning!' is not present on page 
	at com.kms.katalon.core.webui.keyword.internal.WebUIKeywordMain.stepFailed(WebUIKeywordMain.groovy:64)
	at com.kms.katalon.core.webui.keyword.builtin.VerifyTextPresentKeyword$_verifyTextPresent_closure1.doCall(VerifyTextPresentKeyword.groovy:79)
	at com.kms.katalon.core.webui.keyword.builtin.VerifyTextPresentKeyword$_verifyTextPresent_closure1.call(VerifyTextPresentKeyword.groovy)
	at com.kms.katalon.core.webui.keyword.internal.WebUIKeywordMain.runKeyword(WebUIKeywordMain.groovy:20)
	at com.kms.katalon.core.webui.keyword.builtin.VerifyTextPresentKeyword.verifyTextPresent(VerifyTextPresentKeyword.groovy:83)
	at com.kms.katalon.core.webui.keyword.builtin.VerifyTextPresentKeyword.execute(VerifyTextPresentKeyword.groovy:68)
	at com.kms.katalon.core.keyword.internal.KeywordExecutor.executeKeywordForPlatform(KeywordExecutor.groovy:72)
	at com.kms.katalon.core.webui.keyword.WebUiBuiltInKeywords.verifyTextPresent(WebUiBuiltInKeywords.groovy:1719)
	at com.kms.katalon.core.webui.keyword.WebUiBuiltInKeywords$verifyTextPresent$2.call(Unknown Source)
	at Members_Activity_Laggards.run(Members_Activity_Laggards:49)
	at com.kms.katalon.core.main.ScriptEngine.run(ScriptEngine.java:194)
	at com.kms.katalon.core.main.ScriptEngine.runScriptAsRawText(ScriptEngine.java:119)
	at com.kms.katalon.core.main.TestCaseExecutor.runScript(TestCaseExecutor.java:337)
	at com.kms.katalon.core.main.TestCaseExecutor.doExecute(TestCaseExecutor.java:328)
	at com.kms.katalon.core.main.TestCaseExecutor.processExecutionPhase(TestCaseExecutor.java:307)
	at com.kms.katalon.core.main.TestCaseExecutor.accessMainPhase(TestCaseExecutor.java:299)
	at com.kms.katalon.core.main.TestCaseExecutor.execute(TestCaseExecutor.java:233)
	at com.kms.katalon.core.main.TestCaseMain.runTestCase(TestCaseMain.java:114)
	at com.kms.katalon.core.keyword.builtin.CallTestCaseKeyword$_callTestCase_closure1.doCall(CallTestCaseKeyword.groovy:59)
	at com.kms.katalon.core.keyword.builtin.CallTestCaseKeyword$_callTestCase_closure1.call(CallTestCaseKeyword.groovy)
	at com.kms.katalon.core.keyword.internal.KeywordMain.runKeyword(KeywordMain.groovy:68)
	at com.kms.katalon.core.keyword.builtin.CallTestCaseKeyword.callTestCase(CallTestCaseKeyword.groovy:81)
	at com.kms.katalon.core.keyword.builtin.CallTestCaseKeyword.execute(CallTestCaseKeyword.groovy:44)
	at com.kms.katalon.core.keyword.internal.KeywordExecutor.executeKeywordForPlatform(KeywordExecutor.groovy:72)
	at com.kms.katalon.core.keyword.BuiltinKeywords.callTestCase(BuiltinKeywords.groovy:334)
	at Members_Activity_Laggards.run(Members_Activity_Laggards:64)
	at com.kms.katalon.core.main.ScriptEngine.run(ScriptEngine.java:194)
	at com.kms.katalon.core.main.ScriptEngine.runScriptAsRawText(ScriptEngine.java:119)
	at com.kms.katalon.core.main.TestCaseExecutor.runScript(TestCaseExecutor.java:337)
	at com.kms.katalon.core.main.TestCaseExecutor.doExecute(TestCaseExecutor.java:328)
	at com.kms.katalon.core.main.TestCaseExecutor.processExecutionPhase(TestCaseExecutor.java:307)
	at com.kms.katalon.core.main.TestCaseExecutor.accessMainPhase(TestCaseExecutor.java:299)
	at com.kms.katalon.core.main.TestCaseExecutor.execute(TestCaseExecutor.java:233)
	at com.kms.katalon.core.main.TestSuiteExecutor.accessTestCaseMainPhase(TestSuiteExecutor.java:169)
	at com.kms.katalon.core.main.TestSuiteExecutor.accessTestSuiteMainPhase(TestSuiteExecutor.java:142)
	at com.kms.katalon.core.main.TestSuiteExecutor.execute(TestSuiteExecutor.java:91)
	at com.kms.katalon.core.main.TestCaseMain.startTestSuite(TestCaseMain.java:157)
	at com.kms.katalon.core.main.TestCaseMain$startTestSuite$0.call(Unknown Source)
	at TempTestSuite1587995047167.run(TempTestSuite1587995047167.groovy:37)
)
	at com.kms.katalon.core.keyword.internal.KeywordMain.stepFailed(KeywordMain.groovy:39)
	at com.kms.katalon.core.webui.keyword.internal.WebUIKeywordMain.stepFailed(WebUIKeywordMain.groovy:64)
	at com.kms.katalon.core.webui.keyword.builtin.VerifyTextPresentKeyword$_verifyTextPresent_closure1.doCall(VerifyTextPresentKeyword.groovy:79)
	at com.kms.katalon.core.webui.keyword.builtin.VerifyTextPresentKeyword$_verifyTextPresent_closure1.call(VerifyTextPresentKeyword.groovy)
	at com.kms.katalon.core.webui.keyword.internal.WebUIKeywordMain.runKeyword(WebUIKeywordMain.groovy:20)
	at com.kms.katalon.core.webui.keyword.builtin.VerifyTextPresentKeyword.verifyTextPresent(VerifyTextPresentKeyword.groovy:83)
	at com.kms.katalon.core.webui.keyword.builtin.VerifyTextPresentKeyword.execute(VerifyTextPresentKeyword.groovy:68)
	at com.kms.katalon.core.keyword.internal.KeywordExecutor.executeKeywordForPlatform(KeywordExecutor.groovy:72)
	at com.kms.katalon.core.webui.keyword.WebUiBuiltInKeywords.verifyTextPresent(WebUiBuiltInKeywords.groovy:1719)
	at com.kms.katalon.core.webui.keyword.WebUiBuiltInKeywords$verifyTextPresent$2.call(Unknown Source)
	at Members_Activity_Laggards.run(Members_Activity_Laggards:49)
	at com.kms.katalon.core.main.ScriptEngine.run(ScriptEngine.java:194)
	at com.kms.katalon.core.main.ScriptEngine.runScriptAsRawText(ScriptEngine.java:119)
	at com.kms.katalon.core.main.TestCaseExecutor.runScript(TestCaseExecutor.java:337)
	at com.kms.katalon.core.main.TestCaseExecutor.doExecute(TestCaseExecutor.java:328)
	at com.kms.katalon.core.main.TestCaseExecutor.processExecutionPhase(TestCaseExecutor.java:307)
	at com.kms.katalon.core.main.TestCaseExecutor.accessMainPhase(TestCaseExecutor.java:299)
	at com.kms.katalon.core.main.TestCaseExecutor.execute(TestCaseExecutor.java:233)
	at com.kms.katalon.core.main.TestCaseMain.runTestCase(TestCaseMain.java:114)
	at com.kms.katalon.core.keyword.builtin.CallTestCaseKeyword$_callTestCase_closure1.doCall(CallTestCaseKeyword.groovy:59)
	... 20 more
Caused by: com.kms.katalon.core.exception.StepFailedException: Text 'Good Morning!' is not present on page 
	... 39 more
)

2020-04-27 15:10:43 - [TEST_STEP][PASSED] - "--------------------------": null

2020-04-27 15:10:43 - [TEST_STEP][PASSED] - " Teardown - CLose Browser |": null

2020-04-27 15:10:43 - [TEST_STEP][PASSED] - callTestCase(findTestCase("Reusable_Test_Sequences/CAT_Teardown"), [:], OPTIONAL): Call Test Case 'Test Cases/Reusable_Test_Sequences/CAT_Teardown' successfully

2020-04-27 15:10:43 - [TEST_CASE][PASSED] - Test Cases/Reusable_Test_Sequences/CAT_Teardown: Test Cases/Reusable_Test_Sequences/CAT_Teardown

2020-04-27 15:10:43 - [TEST_STEP][PASSED] - closeBrowser(): Browser is closed

2020-04-27 15:10:44 - [MESSAGE][PASSED] - Browser is closed

2020-04-27 15:10:44 - [TEST_STEP][PASSED] - super.finalize(): null

2020-04-27 15:10:44 - [TEST_STEP][PASSED] - System.gc(): null

2020-04-27 15:10:45 - [MESSAGE][PASSED] - Call Test Case 'Test Cases/Reusable_Test_Sequences/CAT_Teardown' successfully]]></system-out>
         <system-err><![CDATA[]]></system-err>
      </testcase>
      <testcase name="Test Cases/Web_Office/Reports/Members_Activity_Photo_Stats" time="39.065" classname="Test Cases/Web_Office/Reports/Members_Activity_Photo_Stats" status="PASSED">
         <system-out><![CDATA[2020-04-27 15:10:45 - [TEST_CASE][PASSED] - Test Cases/Web_Office/Reports/Members_Activity_Photo_Stats: Test Cases/Web_Office/Reports/Members_Activity_Photo_Stats

2020-04-27 15:10:45 - [TEST_STEP][PASSED] - "--------------------------------------": null

2020-04-27 15:10:45 - [TEST_STEP][PASSED] - " Web Office StartUp                  |": null

2020-04-27 15:10:45 - [TEST_STEP][PASSED] - callTestCase(findTestCase("Reusable_Test_Sequences/Web_Office/Directives/WebOffice_StartUp"), [:], STOP_ON_FAILURE): Call Test Case 'Test Cases/Reusable_Test_Sequences/Web_Office/Directives/WebOffice_StartUp' successfully

2020-04-27 15:10:45 - [TEST_CASE][PASSED] - Test Cases/Reusable_Test_Sequences/Web_Office/Directives/WebOffice_StartUp: Test Cases/Reusable_Test_Sequences/Web_Office/Directives/WebOffice_StartUp

2020-04-27 15:10:45 - [TEST_STEP][PASSED] - "-----------------------------------------------------------------------------": null

2020-04-27 15:10:45 - [TEST_STEP][PASSED] - if (URL == "https://www.dev.checkatrade.com/"): null

2020-04-27 15:10:45 - [TEST_STEP][PASSED] - "-----------------------------------------------------------------------------": null

2020-04-27 15:10:45 - [TEST_STEP][PASSED] - if (URL == "https://www.checkatrade.com/"): null

2020-04-27 15:10:45 - [TEST_STEP][PASSED] - "-----------------------------------------------------------------------------": null

2020-04-27 15:10:45 - [TEST_STEP][PASSED] - if (URL == "https://www.preview.checkatrade.com/"): null

2020-04-27 15:10:45 - [TEST_STEP][PASSED] - WebOfficeURL = "https://admin.preview.checkatrade.com/": null

2020-04-27 15:10:45 - [TEST_STEP][PASSED] - if (URL == "https://www.dev2.checkatrade.com/"): null

2020-04-27 15:10:45 - [TEST_STEP][PASSED] - "Set Function Area for "URL_Handler", URL Resolution": null

2020-04-27 15:10:45 - [TEST_STEP][PASSED] - "Do Some Magic with URL(s) See the comments within URL Handler ": null

2020-04-27 15:10:45 - [TEST_STEP][PASSED] - "------------------------------------------------": null

2020-04-27 15:10:45 - [TEST_STEP][PASSED] - "Moved Login Credentials to <Default> profile 22/01/2020": null

2020-04-27 15:10:45 - [TEST_STEP][PASSED] - "------------------------------------------------": null

2020-04-27 15:10:45 - [TEST_STEP][PASSED] - "WebOfficeURL - Set from the ENVIRONMENT PROFILE ": null

2020-04-27 15:10:45 - [TEST_STEP][PASSED] - "OPEN BROWSER": null

2020-04-27 15:10:45 - [TEST_STEP][PASSED] - "eg - https://admin.preview.checkatrade.com/  ": null

2020-04-27 15:10:45 - [TEST_STEP][PASSED] - openBrowser(WebOfficeURL): Browser is opened with url: 'https://admin.preview.checkatrade.com/'

2020-04-27 15:10:45 - [MESSAGE][INFO] - Starting 'Chrome' driver

2020-04-27 15:10:45 - [MESSAGE][INFO] - Action delay is set to 0 milliseconds

2020-04-27 15:10:50 - [MESSAGE][PASSED] - Browser is opened with url: 'https://admin.preview.checkatrade.com/'

2020-04-27 15:10:50 - [TEST_STEP][PASSED] - maximizeWindow(): Current window maximized

2020-04-27 15:10:53 - [MESSAGE][PASSED] - Current window maximized

2020-04-27 15:10:53 - [TEST_STEP][PASSED] - waitForElementClickable(findTestObject("Object Repository/WebOffice/Page_Checkatrade - Administration - Login/Login_Button"), 25): Object 'Object Repository/WebOffice/Page_Checkatrade - Administration - Login/Login_Button' is clickable

2020-04-27 15:10:53 - [MESSAGE][PASSED] - Object 'Object Repository/WebOffice/Page_Checkatrade - Administration - Login/Login_Button' is clickable

2020-04-27 15:10:53 - [TEST_STEP][PASSED] - verifyTextPresent("Checkatrade Web Office", false): Text 'Checkatrade Web Office' is present on page 

2020-04-27 15:10:53 - [MESSAGE][PASSED] - Text 'Checkatrade Web Office' is present on page 

2020-04-27 15:10:53 - [TEST_STEP][PASSED] - verifyTextPresent("Access for staff use only", false): Text 'Access for staff use only' is present on page 

2020-04-27 15:10:53 - [MESSAGE][PASSED] - Text 'Access for staff use only' is present on page 

2020-04-27 15:10:53 - [TEST_STEP][PASSED] - verifyTextPresent("Forgotten password?", false): Text 'Forgotten password?' is present on page 

2020-04-27 15:10:53 - [MESSAGE][PASSED] - Text 'Forgotten password?' is present on page 

2020-04-27 15:10:53 - [TEST_STEP][PASSED] - setText(findTestObject("Object Repository/WebOffice/Page_Checkatrade - Administration - Login/input_Username_LoginControlUserName"), wo_Username): Text 'DavidHo' is set on object 'Object Repository/WebOffice/Page_Checkatrade - Administration - Login/input_Username_LoginControlUserName'

2020-04-27 15:10:53 - [MESSAGE][PASSED] - Text 'DavidHo' is set on object 'Object Repository/WebOffice/Page_Checkatrade - Administration - Login/input_Username_LoginControlUserName'

2020-04-27 15:10:53 - [TEST_STEP][PASSED] - setText(findTestObject("Object Repository/WebOffice/Page_Checkatrade - Administration - Login/input_Password_LoginControlPassword"), wo_Password): Text 'Check123' is set on object 'Object Repository/WebOffice/Page_Checkatrade - Administration - Login/input_Password_LoginControlPassword'

2020-04-27 15:10:55 - [MESSAGE][PASSED] - Text 'Check123' is set on object 'Object Repository/WebOffice/Page_Checkatrade - Administration - Login/input_Password_LoginControlPassword'

2020-04-27 15:10:55 - [TEST_STEP][PASSED] - click(findTestObject("Object Repository/WebOffice/Page_Checkatrade - Administration - Login/Login_Button")): Object: 'Object Repository/WebOffice/Page_Checkatrade - Administration - Login/Login_Button' is clicked on

2020-04-27 15:10:58 - [MESSAGE][PASSED] - Object: 'Object Repository/WebOffice/Page_Checkatrade - Administration - Login/Login_Button' is clicked on

2020-04-27 15:10:58 - [TEST_STEP][PASSED] - waitForPageLoad(60): Wait for page load successfully

2020-04-27 15:10:59 - [MESSAGE][PASSED] - Wait for page load successfully

2020-04-27 15:10:59 - [TEST_STEP][PASSED] - verifyTextPresent("Welcome " + wo_Username, false): Text 'Welcome DavidHo' is present on page 

2020-04-27 15:10:59 - [MESSAGE][PASSED] - Text 'Welcome DavidHo' is present on page 

2020-04-27 15:10:59 - [MESSAGE][PASSED] - Call Test Case 'Test Cases/Reusable_Test_Sequences/Web_Office/Directives/WebOffice_StartUp' successfully

2020-04-27 15:10:59 - [TEST_STEP][PASSED] - "-----------------------------------------------------------------": null

2020-04-27 15:10:59 - [TEST_STEP][PASSED] - " Navigate to <Settings->Checkatrade.Com->Sub Item> Menu Item     |": null

2020-04-27 15:10:59 - [TEST_STEP][PASSED] - callTestCase(findTestCase("Reusable_Test_Sequences/Web_Office/Navigation/Sub_Menu_Navigation/Reports/Members_Activity_Photo_Stats"), [:], STOP_ON_FAILURE): Call Test Case 'Test Cases/Reusable_Test_Sequences/Web_Office/Navigation/Sub_Menu_Navigation/Reports/Members_Activity_Photo_Stats' successfully

2020-04-27 15:10:59 - [TEST_CASE][PASSED] - Test Cases/Reusable_Test_Sequences/Web_Office/Navigation/Sub_Menu_Navigation/Reports/Members_Activity_Photo_Stats: Test Cases/Reusable_Test_Sequences/Web_Office/Navigation/Sub_Menu_Navigation/Reports/Members_Activity_Photo_Stats

2020-04-27 15:11:00 - [TEST_STEP][PASSED] - "--------------------------------------": null

2020-04-27 15:11:00 - [TEST_STEP][PASSED] - " Navigate Top level menu Item         |": null

2020-04-27 15:11:00 - [TEST_STEP][PASSED] - waitForPageLoad(60): Wait for page load successfully

2020-04-27 15:11:00 - [MESSAGE][PASSED] - Wait for page load successfully

2020-04-27 15:11:00 - [TEST_STEP][PASSED] - waitForElementClickable(findTestObject("Object Repository/WebOffice_Home_page/a_Reports"), 60): Object 'Object Repository/WebOffice_Home_page/a_Reports' is clickable

2020-04-27 15:11:00 - [MESSAGE][PASSED] - Object 'Object Repository/WebOffice_Home_page/a_Reports' is clickable

2020-04-27 15:11:00 - [TEST_STEP][PASSED] - mouseOver(findTestObject("Object Repository/WebOffice_Home_page/a_Reports")): Object: 'Object Repository/WebOffice_Home_page/a_Reports' is hovered

2020-04-27 15:11:01 - [MESSAGE][PASSED] - Object: 'Object Repository/WebOffice_Home_page/a_Reports' is hovered

2020-04-27 15:11:01 - [TEST_STEP][PASSED] - click(findTestObject("Object Repository/WebOffice_Home_page/Page_/a_Members")): Object: 'Object Repository/WebOffice_Home_page/Page_/a_Members' is clicked on

2020-04-27 15:11:01 - [MESSAGE][PASSED] - Object: 'Object Repository/WebOffice_Home_page/Page_/a_Members' is clicked on

2020-04-27 15:11:01 - [TEST_STEP][PASSED] - click(findTestObject("Object Repository/WebOffice_Home_page/Page_/a_Members Area Activity")): Object: 'Object Repository/WebOffice_Home_page/Page_/a_Members Area Activity' is clicked on

2020-04-27 15:11:02 - [MESSAGE][PASSED] - Object: 'Object Repository/WebOffice_Home_page/Page_/a_Members Area Activity' is clicked on

2020-04-27 15:11:02 - [TEST_STEP][PASSED] - waitForPageLoad(5): Wait for page load successfully

2020-04-27 15:11:02 - [MESSAGE][PASSED] - Wait for page load successfully

2020-04-27 15:11:02 - [TEST_STEP][PASSED] - waitForElementClickable(findTestObject("Object Repository/WebOffice_Home_page/Page_/a_Photo Statistics Report"), 5): Object 'Object Repository/WebOffice_Home_page/Page_/a_Photo Statistics Report' is clickable

2020-04-27 15:11:02 - [MESSAGE][PASSED] - Object 'Object Repository/WebOffice_Home_page/Page_/a_Photo Statistics Report' is clickable

2020-04-27 15:11:02 - [TEST_STEP][PASSED] - click(findTestObject("Object Repository/WebOffice_Home_page/Page_/a_Photo Statistics Report")): Object: 'Object Repository/WebOffice_Home_page/Page_/a_Photo Statistics Report' is clicked on

2020-04-27 15:11:17 - [MESSAGE][PASSED] - Object: 'Object Repository/WebOffice_Home_page/Page_/a_Photo Statistics Report' is clicked on

2020-04-27 15:11:17 - [MESSAGE][PASSED] - Call Test Case 'Test Cases/Reusable_Test_Sequences/Web_Office/Navigation/Sub_Menu_Navigation/Reports/Members_Activity_Photo_Stats' successfully

2020-04-27 15:11:17 - [TEST_STEP][PASSED] - "--------------------------------------": null

2020-04-27 15:11:17 - [TEST_STEP][PASSED] - " Verify Returned Page Detail          |": null

2020-04-27 15:11:17 - [TEST_STEP][PASSED] - callTestCase(findTestCase("Reusable_Test_Sequences/Web_Office/Verification/Reports/Members_Activity_Photo_Stats"), [:], OPTIONAL): Call Test Case 'Test Cases/Reusable_Test_Sequences/Web_Office/Verification/Reports/Members_Activity_Photo_Stats' successfully

2020-04-27 15:11:17 - [TEST_CASE][PASSED] - Test Cases/Reusable_Test_Sequences/Web_Office/Verification/Reports/Members_Activity_Photo_Stats: Test Cases/Reusable_Test_Sequences/Web_Office/Verification/Reports/Members_Activity_Photo_Stats

2020-04-27 15:11:17 - [TEST_STEP][PASSED] - waitForPageLoad(120): Wait for page load successfully

2020-04-27 15:11:17 - [MESSAGE][PASSED] - Wait for page load successfully

2020-04-27 15:11:17 - [TEST_STEP][PASSED] - delay(1): Delayed 1 second(s)

2020-04-27 15:11:18 - [MESSAGE][PASSED] - Delayed 1 second(s)

2020-04-27 15:11:18 - [TEST_STEP][PASSED] - verifyTextPresent("Members Area Photo Statistics Report", false): Text 'Members Area Photo Statistics Report' is present on page 

2020-04-27 15:11:19 - [MESSAGE][PASSED] - Text 'Members Area Photo Statistics Report' is present on page 

2020-04-27 15:11:19 - [TEST_STEP][PASSED] - "----------------------------------------------": null

2020-04-27 15:11:19 - [TEST_STEP][PASSED] - verifyTextPresent("Total no. companies", false): Text 'Total no. companies' is present on page 

2020-04-27 15:11:19 - [MESSAGE][PASSED] - Text 'Total no. companies' is present on page 

2020-04-27 15:11:19 - [TEST_STEP][PASSED] - verifyTextPresent("Total no. uploaded photos", false): Text 'Total no. uploaded photos' is present on page 

2020-04-27 15:11:20 - [MESSAGE][PASSED] - Text 'Total no. uploaded photos' is present on page 

2020-04-27 15:11:20 - [TEST_STEP][PASSED] - "----------------------------------------------": null

2020-04-27 15:11:20 - [TEST_STEP][PASSED] - verifyTextPresent("Company", false): Text 'Company' is present on page 

2020-04-27 15:11:20 - [MESSAGE][PASSED] - Text 'Company' is present on page 

2020-04-27 15:11:20 - [TEST_STEP][PASSED] - verifyTextPresent("Gallery", false): Text 'Gallery' is present on page 

2020-04-27 15:11:21 - [MESSAGE][PASSED] - Text 'Gallery' is present on page 

2020-04-27 15:11:21 - [TEST_STEP][PASSED] - verifyTextPresent("Feedback", false): Text 'Feedback' is present on page 

2020-04-27 15:11:21 - [MESSAGE][PASSED] - Text 'Feedback' is present on page 

2020-04-27 15:11:21 - [TEST_STEP][PASSED] - verifyTextPresent("Team", false): Text 'Team' is present on page 

2020-04-27 15:11:21 - [MESSAGE][PASSED] - Text 'Team' is present on page 

2020-04-27 15:11:21 - [TEST_STEP][PASSED] - verifyTextPresent("Logo", false): Text 'Logo' is present on page 

2020-04-27 15:11:21 - [MESSAGE][PASSED] - Text 'Logo' is present on page 

2020-04-27 15:11:21 - [TEST_STEP][PASSED] - verifyTextPresent("Total", false): Text 'Total' is present on page 

2020-04-27 15:11:22 - [MESSAGE][PASSED] - Text 'Total' is present on page 

2020-04-27 15:11:22 - [TEST_STEP][PASSED] - "----------------------------------------------": null

2020-04-27 15:11:22 - [TEST_STEP][PASSED] - verifyTextPresent("Gilbert Driveways", false): Text 'Gilbert Driveways' is present on page 

2020-04-27 15:11:22 - [MESSAGE][PASSED] - Text 'Gilbert Driveways' is present on page 

2020-04-27 15:11:22 - [TEST_STEP][PASSED] - verifyTextPresent("Logo", false): Text 'Logo' is present on page 

2020-04-27 15:11:22 - [MESSAGE][PASSED] - Text 'Logo' is present on page 

2020-04-27 15:11:22 - [TEST_STEP][PASSED] - verifyTextPresent("A C E Building Services (WM) Ltd", false): Text 'A C E Building Services (WM) Ltd' is present on page 

2020-04-27 15:11:22 - [MESSAGE][PASSED] - Text 'A C E Building Services (WM) Ltd' is present on page 

2020-04-27 15:11:22 - [MESSAGE][PASSED] - Call Test Case 'Test Cases/Reusable_Test_Sequences/Web_Office/Verification/Reports/Members_Activity_Photo_Stats' successfully

2020-04-27 15:11:22 - [TEST_STEP][PASSED] - "--------------------------": null

2020-04-27 15:11:22 - [TEST_STEP][PASSED] - " Teardown - CLose Browser |": null

2020-04-27 15:11:22 - [TEST_STEP][PASSED] - callTestCase(findTestCase("Reusable_Test_Sequences/CAT_Teardown"), [:], OPTIONAL): Call Test Case 'Test Cases/Reusable_Test_Sequences/CAT_Teardown' successfully

2020-04-27 15:11:22 - [TEST_CASE][PASSED] - Test Cases/Reusable_Test_Sequences/CAT_Teardown: Test Cases/Reusable_Test_Sequences/CAT_Teardown

2020-04-27 15:11:22 - [TEST_STEP][PASSED] - closeBrowser(): Browser is closed

2020-04-27 15:11:24 - [MESSAGE][PASSED] - Browser is closed

2020-04-27 15:11:24 - [TEST_STEP][PASSED] - super.finalize(): null

2020-04-27 15:11:24 - [TEST_STEP][PASSED] - System.gc(): null

2020-04-27 15:11:24 - [MESSAGE][PASSED] - Call Test Case 'Test Cases/Reusable_Test_Sequences/CAT_Teardown' successfully]]></system-out>
         <system-err><![CDATA[]]></system-err>
      </testcase>
      <testcase name="Test Cases/Web_Office/Reports/Members_Marketing_Requests_By_Company" time="19.262" classname="Test Cases/Web_Office/Reports/Members_Marketing_Requests_By_Company" status="PASSED">
         <system-out><![CDATA[2020-04-27 15:11:24 - [TEST_CASE][PASSED] - Test Cases/Web_Office/Reports/Members_Marketing_Requests_By_Company: Test Cases/Web_Office/Reports/Members_Marketing_Requests_By_Company

2020-04-27 15:11:24 - [TEST_STEP][PASSED] - "--------------------------------------": null

2020-04-27 15:11:24 - [TEST_STEP][PASSED] - " Web Office StartUp                  |": null

2020-04-27 15:11:24 - [TEST_STEP][PASSED] - callTestCase(findTestCase("Reusable_Test_Sequences/Web_Office/Directives/WebOffice_StartUp"), [:], STOP_ON_FAILURE): Call Test Case 'Test Cases/Reusable_Test_Sequences/Web_Office/Directives/WebOffice_StartUp' successfully

2020-04-27 15:11:24 - [TEST_CASE][PASSED] - Test Cases/Reusable_Test_Sequences/Web_Office/Directives/WebOffice_StartUp: Test Cases/Reusable_Test_Sequences/Web_Office/Directives/WebOffice_StartUp

2020-04-27 15:11:24 - [TEST_STEP][PASSED] - "-----------------------------------------------------------------------------": null

2020-04-27 15:11:24 - [TEST_STEP][PASSED] - if (URL == "https://www.dev.checkatrade.com/"): null

2020-04-27 15:11:24 - [TEST_STEP][PASSED] - "-----------------------------------------------------------------------------": null

2020-04-27 15:11:24 - [TEST_STEP][PASSED] - if (URL == "https://www.checkatrade.com/"): null

2020-04-27 15:11:24 - [TEST_STEP][PASSED] - "-----------------------------------------------------------------------------": null

2020-04-27 15:11:24 - [TEST_STEP][PASSED] - if (URL == "https://www.preview.checkatrade.com/"): null

2020-04-27 15:11:24 - [TEST_STEP][PASSED] - WebOfficeURL = "https://admin.preview.checkatrade.com/": null

2020-04-27 15:11:24 - [TEST_STEP][PASSED] - if (URL == "https://www.dev2.checkatrade.com/"): null

2020-04-27 15:11:24 - [TEST_STEP][PASSED] - "Set Function Area for "URL_Handler", URL Resolution": null

2020-04-27 15:11:24 - [TEST_STEP][PASSED] - "Do Some Magic with URL(s) See the comments within URL Handler ": null

2020-04-27 15:11:24 - [TEST_STEP][PASSED] - "------------------------------------------------": null

2020-04-27 15:11:24 - [TEST_STEP][PASSED] - "Moved Login Credentials to <Default> profile 22/01/2020": null

2020-04-27 15:11:24 - [TEST_STEP][PASSED] - "------------------------------------------------": null

2020-04-27 15:11:24 - [TEST_STEP][PASSED] - "WebOfficeURL - Set from the ENVIRONMENT PROFILE ": null

2020-04-27 15:11:24 - [TEST_STEP][PASSED] - "OPEN BROWSER": null

2020-04-27 15:11:24 - [TEST_STEP][PASSED] - "eg - https://admin.preview.checkatrade.com/  ": null

2020-04-27 15:11:24 - [TEST_STEP][PASSED] - openBrowser(WebOfficeURL): Browser is opened with url: 'https://admin.preview.checkatrade.com/'

2020-04-27 15:11:24 - [MESSAGE][INFO] - Starting 'Chrome' driver

2020-04-27 15:11:24 - [MESSAGE][INFO] - Action delay is set to 0 milliseconds

2020-04-27 15:11:29 - [MESSAGE][PASSED] - Browser is opened with url: 'https://admin.preview.checkatrade.com/'

2020-04-27 15:11:29 - [TEST_STEP][PASSED] - maximizeWindow(): Current window maximized

2020-04-27 15:11:31 - [MESSAGE][PASSED] - Current window maximized

2020-04-27 15:11:31 - [TEST_STEP][PASSED] - waitForElementClickable(findTestObject("Object Repository/WebOffice/Page_Checkatrade - Administration - Login/Login_Button"), 25): Object 'Object Repository/WebOffice/Page_Checkatrade - Administration - Login/Login_Button' is clickable

2020-04-27 15:11:31 - [MESSAGE][PASSED] - Object 'Object Repository/WebOffice/Page_Checkatrade - Administration - Login/Login_Button' is clickable

2020-04-27 15:11:31 - [TEST_STEP][PASSED] - verifyTextPresent("Checkatrade Web Office", false): Text 'Checkatrade Web Office' is present on page 

2020-04-27 15:11:31 - [MESSAGE][PASSED] - Text 'Checkatrade Web Office' is present on page 

2020-04-27 15:11:31 - [TEST_STEP][PASSED] - verifyTextPresent("Access for staff use only", false): Text 'Access for staff use only' is present on page 

2020-04-27 15:11:31 - [MESSAGE][PASSED] - Text 'Access for staff use only' is present on page 

2020-04-27 15:11:31 - [TEST_STEP][PASSED] - verifyTextPresent("Forgotten password?", false): Text 'Forgotten password?' is present on page 

2020-04-27 15:11:31 - [MESSAGE][PASSED] - Text 'Forgotten password?' is present on page 

2020-04-27 15:11:31 - [TEST_STEP][PASSED] - setText(findTestObject("Object Repository/WebOffice/Page_Checkatrade - Administration - Login/input_Username_LoginControlUserName"), wo_Username): Text 'DavidHo' is set on object 'Object Repository/WebOffice/Page_Checkatrade - Administration - Login/input_Username_LoginControlUserName'

2020-04-27 15:11:32 - [MESSAGE][PASSED] - Text 'DavidHo' is set on object 'Object Repository/WebOffice/Page_Checkatrade - Administration - Login/input_Username_LoginControlUserName'

2020-04-27 15:11:32 - [TEST_STEP][PASSED] - setText(findTestObject("Object Repository/WebOffice/Page_Checkatrade - Administration - Login/input_Password_LoginControlPassword"), wo_Password): Text 'Check123' is set on object 'Object Repository/WebOffice/Page_Checkatrade - Administration - Login/input_Password_LoginControlPassword'

2020-04-27 15:11:32 - [MESSAGE][PASSED] - Text 'Check123' is set on object 'Object Repository/WebOffice/Page_Checkatrade - Administration - Login/input_Password_LoginControlPassword'

2020-04-27 15:11:32 - [TEST_STEP][PASSED] - click(findTestObject("Object Repository/WebOffice/Page_Checkatrade - Administration - Login/Login_Button")): Object: 'Object Repository/WebOffice/Page_Checkatrade - Administration - Login/Login_Button' is clicked on

2020-04-27 15:11:33 - [MESSAGE][PASSED] - Object: 'Object Repository/WebOffice/Page_Checkatrade - Administration - Login/Login_Button' is clicked on

2020-04-27 15:11:33 - [TEST_STEP][PASSED] - waitForPageLoad(60): Wait for page load successfully

2020-04-27 15:11:33 - [MESSAGE][PASSED] - Wait for page load successfully

2020-04-27 15:11:33 - [TEST_STEP][PASSED] - verifyTextPresent("Welcome " + wo_Username, false): Text 'Welcome DavidHo' is present on page 

2020-04-27 15:11:33 - [MESSAGE][PASSED] - Text 'Welcome DavidHo' is present on page 

2020-04-27 15:11:33 - [MESSAGE][PASSED] - Call Test Case 'Test Cases/Reusable_Test_Sequences/Web_Office/Directives/WebOffice_StartUp' successfully

2020-04-27 15:11:33 - [TEST_STEP][PASSED] - "-----------------------------------------------------------------": null

2020-04-27 15:11:33 - [TEST_STEP][PASSED] - " Navigate to <Settings->Checkatrade.Com->Sub Item> Menu Item     |": null

2020-04-27 15:11:33 - [TEST_STEP][PASSED] - callTestCase(findTestCase("Reusable_Test_Sequences/Web_Office/Navigation/Sub_Menu_Navigation/Reports/Members_Marketing_Requests_By_Company"), [:], STOP_ON_FAILURE): Call Test Case 'Test Cases/Reusable_Test_Sequences/Web_Office/Navigation/Sub_Menu_Navigation/Reports/Members_Marketing_Requests_By_Company' successfully

2020-04-27 15:11:33 - [TEST_CASE][PASSED] - Test Cases/Reusable_Test_Sequences/Web_Office/Navigation/Sub_Menu_Navigation/Reports/Members_Marketing_Requests_By_Company: Test Cases/Reusable_Test_Sequences/Web_Office/Navigation/Sub_Menu_Navigation/Reports/Members_Marketing_Requests_By_Company

2020-04-27 15:11:34 - [TEST_STEP][PASSED] - "--------------------------------------": null

2020-04-27 15:11:34 - [TEST_STEP][PASSED] - " Navigate Top level menu Item         |": null

2020-04-27 15:11:34 - [TEST_STEP][PASSED] - waitForPageLoad(60): Wait for page load successfully

2020-04-27 15:11:34 - [MESSAGE][PASSED] - Wait for page load successfully

2020-04-27 15:11:34 - [TEST_STEP][PASSED] - waitForElementClickable(findTestObject("Object Repository/WebOffice_Home_page/a_Reports"), 60): Object 'Object Repository/WebOffice_Home_page/a_Reports' is clickable

2020-04-27 15:11:34 - [MESSAGE][PASSED] - Object 'Object Repository/WebOffice_Home_page/a_Reports' is clickable

2020-04-27 15:11:34 - [TEST_STEP][PASSED] - mouseOver(findTestObject("Object Repository/WebOffice_Home_page/a_Reports")): Object: 'Object Repository/WebOffice_Home_page/a_Reports' is hovered

2020-04-27 15:11:34 - [MESSAGE][PASSED] - Object: 'Object Repository/WebOffice_Home_page/a_Reports' is hovered

2020-04-27 15:11:34 - [TEST_STEP][PASSED] - click(findTestObject("Object Repository/WebOffice_Home_page/Page_/a_Members")): Object: 'Object Repository/WebOffice_Home_page/Page_/a_Members' is clicked on

2020-04-27 15:11:34 - [MESSAGE][PASSED] - Object: 'Object Repository/WebOffice_Home_page/Page_/a_Members' is clicked on

2020-04-27 15:11:34 - [TEST_STEP][PASSED] - click(findTestObject("Object Repository/WebOffice_Home_page/Page_/a_Marketing Materials Requests")): Object: 'Object Repository/WebOffice_Home_page/Page_/a_Marketing Materials Requests' is clicked on

2020-04-27 15:11:34 - [MESSAGE][PASSED] - Object: 'Object Repository/WebOffice_Home_page/Page_/a_Marketing Materials Requests' is clicked on

2020-04-27 15:11:34 - [TEST_STEP][PASSED] - waitForPageLoad(5): Wait for page load successfully

2020-04-27 15:11:34 - [MESSAGE][PASSED] - Wait for page load successfully

2020-04-27 15:11:34 - [TEST_STEP][PASSED] - waitForElementClickable(findTestObject("Object Repository/WebOffice_Home_page/Page_/a_By Company"), 5): Object 'Object Repository/WebOffice_Home_page/Page_/a_By Company' is clickable

2020-04-27 15:11:34 - [MESSAGE][PASSED] - Object 'Object Repository/WebOffice_Home_page/Page_/a_By Company' is clickable

2020-04-27 15:11:34 - [TEST_STEP][PASSED] - click(findTestObject("Object Repository/WebOffice_Home_page/Page_/a_By Company")): Object: 'Object Repository/WebOffice_Home_page/Page_/a_By Company' is clicked on

2020-04-27 15:11:36 - [MESSAGE][PASSED] - Object: 'Object Repository/WebOffice_Home_page/Page_/a_By Company' is clicked on

2020-04-27 15:11:36 - [MESSAGE][PASSED] - Call Test Case 'Test Cases/Reusable_Test_Sequences/Web_Office/Navigation/Sub_Menu_Navigation/Reports/Members_Marketing_Requests_By_Company' successfully

2020-04-27 15:11:36 - [TEST_STEP][PASSED] - "--------------------------------------": null

2020-04-27 15:11:36 - [TEST_STEP][PASSED] - " Verify Returned Page Detail          |": null

2020-04-27 15:11:36 - [TEST_STEP][PASSED] - callTestCase(findTestCase("Reusable_Test_Sequences/Web_Office/Verification/Reports/Members_Marketing_Requests_By_Company"), [:], OPTIONAL): Call Test Case 'Test Cases/Reusable_Test_Sequences/Web_Office/Verification/Reports/Members_Marketing_Requests_By_Company' successfully

2020-04-27 15:11:36 - [TEST_CASE][PASSED] - Test Cases/Reusable_Test_Sequences/Web_Office/Verification/Reports/Members_Marketing_Requests_By_Company: Test Cases/Reusable_Test_Sequences/Web_Office/Verification/Reports/Members_Marketing_Requests_By_Company

2020-04-27 15:11:36 - [TEST_STEP][PASSED] - waitForPageLoad(120): Wait for page load successfully

2020-04-27 15:11:36 - [MESSAGE][PASSED] - Wait for page load successfully

2020-04-27 15:11:37 - [TEST_STEP][PASSED] - delay(1): Delayed 1 second(s)

2020-04-27 15:11:38 - [MESSAGE][PASSED] - Delayed 1 second(s)

2020-04-27 15:11:38 - [TEST_STEP][PASSED] - verifyTextPresent("Marketing Materials Request Report", false): Text 'Marketing Materials Request Report' is present on page 

2020-04-27 15:11:38 - [MESSAGE][PASSED] - Text 'Marketing Materials Request Report' is present on page 

2020-04-27 15:11:38 - [TEST_STEP][PASSED] - "----------------------------------------------": null

2020-04-27 15:11:38 - [TEST_STEP][PASSED] - verifyTextPresent("Member Marketing Material Request Report", false): Text 'Member Marketing Material Request Report' is present on page 

2020-04-27 15:11:38 - [MESSAGE][PASSED] - Text 'Member Marketing Material Request Report' is present on page 

2020-04-27 15:11:38 - [TEST_STEP][PASSED] - "----------------------------------------------": null

2020-04-27 15:11:38 - [TEST_STEP][PASSED] - verifyTextPresent("All Available Dates", false): Text 'All Available Dates' is present on page 

2020-04-27 15:11:39 - [MESSAGE][PASSED] - Text 'All Available Dates' is present on page 

2020-04-27 15:11:39 - [TEST_STEP][PASSED] - verifyTextPresent("From", false): Text 'From' is present on page 

2020-04-27 15:11:39 - [MESSAGE][PASSED] - Text 'From' is present on page 

2020-04-27 15:11:39 - [TEST_STEP][PASSED] - verifyTextPresent("To", false): Text 'To' is present on page 

2020-04-27 15:11:39 - [MESSAGE][PASSED] - Text 'To' is present on page 

2020-04-27 15:11:39 - [TEST_STEP][PASSED] - verifyTextPresent("Select Company", false): Text 'Select Company' is present on page 

2020-04-27 15:11:39 - [MESSAGE][PASSED] - Text 'Select Company' is present on page 

2020-04-27 15:11:39 - [TEST_STEP][PASSED] - verifyTextPresent("Total no. companies", false): Text 'Total no. companies' is present on page 

2020-04-27 15:11:40 - [MESSAGE][PASSED] - Text 'Total no. companies' is present on page 

2020-04-27 15:11:40 - [TEST_STEP][PASSED] - verifyTextPresent("Total no. requests:", false): Text 'Total no. requests:' is present on page 

2020-04-27 15:11:40 - [MESSAGE][PASSED] - Text 'Total no. requests:' is present on page 

2020-04-27 15:11:40 - [TEST_STEP][PASSED] - "----------------------------------------------": null

2020-04-27 15:11:40 - [TEST_STEP][PASSED] - verifyTextPresent("Company", false): Text 'Company' is present on page 

2020-04-27 15:11:40 - [MESSAGE][PASSED] - Text 'Company' is present on page 

2020-04-27 15:11:40 - [TEST_STEP][PASSED] - verifyTextPresent("Last Request Date", false): Text 'Last Request Date' is present on page 

2020-04-27 15:11:41 - [MESSAGE][PASSED] - Text 'Last Request Date' is present on page 

2020-04-27 15:11:41 - [TEST_STEP][PASSED] - verifyTextPresent("Frequency", false): Text 'Frequency' is present on page 

2020-04-27 15:11:41 - [MESSAGE][PASSED] - Text 'Frequency' is present on page 

2020-04-27 15:11:41 - [TEST_STEP][PASSED] - "----------------------------------------------": null

2020-04-27 15:11:41 - [TEST_STEP][PASSED] - verifyTextPresent("J A Property Maintenance", false): Text 'J A Property Maintenance' is present on page 

2020-04-27 15:11:41 - [MESSAGE][PASSED] - Text 'J A Property Maintenance' is present on page 

2020-04-27 15:11:41 - [TEST_STEP][PASSED] - verifyTextPresent("AA Machin Electrical Services Ltd", false): Text 'AA Machin Electrical Services Ltd' is present on page 

2020-04-27 15:11:41 - [MESSAGE][PASSED] - Text 'AA Machin Electrical Services Ltd' is present on page 

2020-04-27 15:11:41 - [MESSAGE][PASSED] - Call Test Case 'Test Cases/Reusable_Test_Sequences/Web_Office/Verification/Reports/Members_Marketing_Requests_By_Company' successfully

2020-04-27 15:11:41 - [TEST_STEP][PASSED] - "--------------------------": null

2020-04-27 15:11:41 - [TEST_STEP][PASSED] - " Teardown - CLose Browser |": null

2020-04-27 15:11:41 - [TEST_STEP][PASSED] - callTestCase(findTestCase("Reusable_Test_Sequences/CAT_Teardown"), [:], OPTIONAL): Call Test Case 'Test Cases/Reusable_Test_Sequences/CAT_Teardown' successfully

2020-04-27 15:11:42 - [TEST_CASE][PASSED] - Test Cases/Reusable_Test_Sequences/CAT_Teardown: Test Cases/Reusable_Test_Sequences/CAT_Teardown

2020-04-27 15:11:42 - [TEST_STEP][PASSED] - closeBrowser(): Browser is closed

2020-04-27 15:11:43 - [MESSAGE][PASSED] - Browser is closed

2020-04-27 15:11:43 - [TEST_STEP][PASSED] - super.finalize(): null

2020-04-27 15:11:43 - [TEST_STEP][PASSED] - System.gc(): null

2020-04-27 15:11:43 - [MESSAGE][PASSED] - Call Test Case 'Test Cases/Reusable_Test_Sequences/CAT_Teardown' successfully]]></system-out>
         <system-err><![CDATA[]]></system-err>
      </testcase>
      <testcase name="Test Cases/Web_Office/Reports/Members_Marketing_Requests_By_Type" time="23.098" classname="Test Cases/Web_Office/Reports/Members_Marketing_Requests_By_Type" status="PASSED">
         <system-out><![CDATA[2020-04-27 15:11:43 - [TEST_CASE][PASSED] - Test Cases/Web_Office/Reports/Members_Marketing_Requests_By_Type: Test Cases/Web_Office/Reports/Members_Marketing_Requests_By_Type

2020-04-27 15:11:43 - [TEST_STEP][PASSED] - "--------------------------------------": null

2020-04-27 15:11:43 - [TEST_STEP][PASSED] - " Web Office StartUp                  |": null

2020-04-27 15:11:43 - [TEST_STEP][PASSED] - callTestCase(findTestCase("Reusable_Test_Sequences/Web_Office/Directives/WebOffice_StartUp"), [:], STOP_ON_FAILURE): Call Test Case 'Test Cases/Reusable_Test_Sequences/Web_Office/Directives/WebOffice_StartUp' successfully

2020-04-27 15:11:43 - [TEST_CASE][PASSED] - Test Cases/Reusable_Test_Sequences/Web_Office/Directives/WebOffice_StartUp: Test Cases/Reusable_Test_Sequences/Web_Office/Directives/WebOffice_StartUp

2020-04-27 15:11:43 - [TEST_STEP][PASSED] - "-----------------------------------------------------------------------------": null

2020-04-27 15:11:43 - [TEST_STEP][PASSED] - if (URL == "https://www.dev.checkatrade.com/"): null

2020-04-27 15:11:43 - [TEST_STEP][PASSED] - "-----------------------------------------------------------------------------": null

2020-04-27 15:11:43 - [TEST_STEP][PASSED] - if (URL == "https://www.checkatrade.com/"): null

2020-04-27 15:11:43 - [TEST_STEP][PASSED] - "-----------------------------------------------------------------------------": null

2020-04-27 15:11:43 - [TEST_STEP][PASSED] - if (URL == "https://www.preview.checkatrade.com/"): null

2020-04-27 15:11:43 - [TEST_STEP][PASSED] - WebOfficeURL = "https://admin.preview.checkatrade.com/": null

2020-04-27 15:11:43 - [TEST_STEP][PASSED] - if (URL == "https://www.dev2.checkatrade.com/"): null

2020-04-27 15:11:43 - [TEST_STEP][PASSED] - "Set Function Area for "URL_Handler", URL Resolution": null

2020-04-27 15:11:43 - [TEST_STEP][PASSED] - "Do Some Magic with URL(s) See the comments within URL Handler ": null

2020-04-27 15:11:43 - [TEST_STEP][PASSED] - "------------------------------------------------": null

2020-04-27 15:11:43 - [TEST_STEP][PASSED] - "Moved Login Credentials to <Default> profile 22/01/2020": null

2020-04-27 15:11:43 - [TEST_STEP][PASSED] - "------------------------------------------------": null

2020-04-27 15:11:43 - [TEST_STEP][PASSED] - "WebOfficeURL - Set from the ENVIRONMENT PROFILE ": null

2020-04-27 15:11:43 - [TEST_STEP][PASSED] - "OPEN BROWSER": null

2020-04-27 15:11:43 - [TEST_STEP][PASSED] - "eg - https://admin.preview.checkatrade.com/  ": null

2020-04-27 15:11:43 - [TEST_STEP][PASSED] - openBrowser(WebOfficeURL): Browser is opened with url: 'https://admin.preview.checkatrade.com/'

2020-04-27 15:11:43 - [MESSAGE][INFO] - Starting 'Chrome' driver

2020-04-27 15:11:43 - [MESSAGE][INFO] - Action delay is set to 0 milliseconds

2020-04-27 15:11:48 - [MESSAGE][PASSED] - Browser is opened with url: 'https://admin.preview.checkatrade.com/'

2020-04-27 15:11:48 - [TEST_STEP][PASSED] - maximizeWindow(): Current window maximized

2020-04-27 15:11:50 - [MESSAGE][PASSED] - Current window maximized

2020-04-27 15:11:50 - [TEST_STEP][PASSED] - waitForElementClickable(findTestObject("Object Repository/WebOffice/Page_Checkatrade - Administration - Login/Login_Button"), 25): Object 'Object Repository/WebOffice/Page_Checkatrade - Administration - Login/Login_Button' is clickable

2020-04-27 15:11:50 - [MESSAGE][PASSED] - Object 'Object Repository/WebOffice/Page_Checkatrade - Administration - Login/Login_Button' is clickable

2020-04-27 15:11:50 - [TEST_STEP][PASSED] - verifyTextPresent("Checkatrade Web Office", false): Text 'Checkatrade Web Office' is present on page 

2020-04-27 15:11:51 - [MESSAGE][PASSED] - Text 'Checkatrade Web Office' is present on page 

2020-04-27 15:11:51 - [TEST_STEP][PASSED] - verifyTextPresent("Access for staff use only", false): Text 'Access for staff use only' is present on page 

2020-04-27 15:11:51 - [MESSAGE][PASSED] - Text 'Access for staff use only' is present on page 

2020-04-27 15:11:51 - [TEST_STEP][PASSED] - verifyTextPresent("Forgotten password?", false): Text 'Forgotten password?' is present on page 

2020-04-27 15:11:51 - [MESSAGE][PASSED] - Text 'Forgotten password?' is present on page 

2020-04-27 15:11:51 - [TEST_STEP][PASSED] - setText(findTestObject("Object Repository/WebOffice/Page_Checkatrade - Administration - Login/input_Username_LoginControlUserName"), wo_Username): Text 'DavidHo' is set on object 'Object Repository/WebOffice/Page_Checkatrade - Administration - Login/input_Username_LoginControlUserName'

2020-04-27 15:11:51 - [MESSAGE][PASSED] - Text 'DavidHo' is set on object 'Object Repository/WebOffice/Page_Checkatrade - Administration - Login/input_Username_LoginControlUserName'

2020-04-27 15:11:51 - [TEST_STEP][PASSED] - setText(findTestObject("Object Repository/WebOffice/Page_Checkatrade - Administration - Login/input_Password_LoginControlPassword"), wo_Password): Text 'Check123' is set on object 'Object Repository/WebOffice/Page_Checkatrade - Administration - Login/input_Password_LoginControlPassword'

2020-04-27 15:11:51 - [MESSAGE][PASSED] - Text 'Check123' is set on object 'Object Repository/WebOffice/Page_Checkatrade - Administration - Login/input_Password_LoginControlPassword'

2020-04-27 15:11:51 - [TEST_STEP][PASSED] - click(findTestObject("Object Repository/WebOffice/Page_Checkatrade - Administration - Login/Login_Button")): Object: 'Object Repository/WebOffice/Page_Checkatrade - Administration - Login/Login_Button' is clicked on

2020-04-27 15:11:53 - [MESSAGE][PASSED] - Object: 'Object Repository/WebOffice/Page_Checkatrade - Administration - Login/Login_Button' is clicked on

2020-04-27 15:11:53 - [TEST_STEP][PASSED] - waitForPageLoad(60): Wait for page load successfully

2020-04-27 15:11:53 - [MESSAGE][PASSED] - Wait for page load successfully

2020-04-27 15:11:53 - [TEST_STEP][PASSED] - verifyTextPresent("Welcome " + wo_Username, false): Text 'Welcome DavidHo' is present on page 

2020-04-27 15:11:53 - [MESSAGE][PASSED] - Text 'Welcome DavidHo' is present on page 

2020-04-27 15:11:53 - [MESSAGE][PASSED] - Call Test Case 'Test Cases/Reusable_Test_Sequences/Web_Office/Directives/WebOffice_StartUp' successfully

2020-04-27 15:11:53 - [TEST_STEP][PASSED] - "-----------------------------------------------------------------": null

2020-04-27 15:11:53 - [TEST_STEP][PASSED] - " Navigate to <Settings->Checkatrade.Com->Sub Item> Menu Item     |": null

2020-04-27 15:11:53 - [TEST_STEP][PASSED] - callTestCase(findTestCase("Reusable_Test_Sequences/Web_Office/Navigation/Sub_Menu_Navigation/Reports/Members_Marketing_Requests_By_Type"), [:], STOP_ON_FAILURE): Call Test Case 'Test Cases/Reusable_Test_Sequences/Web_Office/Navigation/Sub_Menu_Navigation/Reports/Members_Marketing_Requests_By_Type' successfully

2020-04-27 15:11:53 - [TEST_CASE][PASSED] - Test Cases/Reusable_Test_Sequences/Web_Office/Navigation/Sub_Menu_Navigation/Reports/Members_Marketing_Requests_By_Type: Test Cases/Reusable_Test_Sequences/Web_Office/Navigation/Sub_Menu_Navigation/Reports/Members_Marketing_Requests_By_Type

2020-04-27 15:11:53 - [TEST_STEP][PASSED] - "--------------------------------------": null

2020-04-27 15:11:53 - [TEST_STEP][PASSED] - " Navigate Top level menu Item         |": null

2020-04-27 15:11:53 - [TEST_STEP][PASSED] - waitForPageLoad(60): Wait for page load successfully

2020-04-27 15:11:53 - [MESSAGE][PASSED] - Wait for page load successfully

2020-04-27 15:11:53 - [TEST_STEP][PASSED] - waitForElementClickable(findTestObject("Object Repository/WebOffice_Home_page/a_Reports"), 60): Object 'Object Repository/WebOffice_Home_page/a_Reports' is clickable

2020-04-27 15:11:54 - [MESSAGE][PASSED] - Object 'Object Repository/WebOffice_Home_page/a_Reports' is clickable

2020-04-27 15:11:54 - [TEST_STEP][PASSED] - mouseOver(findTestObject("Object Repository/WebOffice_Home_page/a_Reports")): Object: 'Object Repository/WebOffice_Home_page/a_Reports' is hovered

2020-04-27 15:11:54 - [MESSAGE][PASSED] - Object: 'Object Repository/WebOffice_Home_page/a_Reports' is hovered

2020-04-27 15:11:54 - [TEST_STEP][PASSED] - click(findTestObject("Object Repository/WebOffice_Home_page/Page_/a_Members")): Object: 'Object Repository/WebOffice_Home_page/Page_/a_Members' is clicked on

2020-04-27 15:11:54 - [MESSAGE][PASSED] - Object: 'Object Repository/WebOffice_Home_page/Page_/a_Members' is clicked on

2020-04-27 15:11:54 - [TEST_STEP][PASSED] - click(findTestObject("Object Repository/WebOffice_Home_page/Page_/a_Marketing Materials Requests")): Object: 'Object Repository/WebOffice_Home_page/Page_/a_Marketing Materials Requests' is clicked on

2020-04-27 15:11:54 - [MESSAGE][PASSED] - Object: 'Object Repository/WebOffice_Home_page/Page_/a_Marketing Materials Requests' is clicked on

2020-04-27 15:11:54 - [TEST_STEP][PASSED] - waitForPageLoad(5): Wait for page load successfully

2020-04-27 15:11:54 - [MESSAGE][PASSED] - Wait for page load successfully

2020-04-27 15:11:54 - [TEST_STEP][PASSED] - waitForElementClickable(findTestObject("Object Repository/WebOffice_Home_page/Page_/a_By Type"), 5): Object 'Object Repository/WebOffice_Home_page/Page_/a_By Type' is clickable

2020-04-27 15:11:55 - [MESSAGE][PASSED] - Object 'Object Repository/WebOffice_Home_page/Page_/a_By Type' is clickable

2020-04-27 15:11:55 - [TEST_STEP][PASSED] - click(findTestObject("Object Repository/WebOffice_Home_page/Page_/a_By Type")): Object: 'Object Repository/WebOffice_Home_page/Page_/a_By Type' is clicked on

2020-04-27 15:12:02 - [MESSAGE][PASSED] - Object: 'Object Repository/WebOffice_Home_page/Page_/a_By Type' is clicked on

2020-04-27 15:12:02 - [MESSAGE][PASSED] - Call Test Case 'Test Cases/Reusable_Test_Sequences/Web_Office/Navigation/Sub_Menu_Navigation/Reports/Members_Marketing_Requests_By_Type' successfully

2020-04-27 15:12:02 - [TEST_STEP][PASSED] - "--------------------------------------": null

2020-04-27 15:12:02 - [TEST_STEP][PASSED] - " Verify Returned Page Detail          |": null

2020-04-27 15:12:02 - [TEST_STEP][PASSED] - callTestCase(findTestCase("Reusable_Test_Sequences/Web_Office/Verification/Reports/Members_Marketing_Requests_By_Type"), [:], OPTIONAL): Call Test Case 'Test Cases/Reusable_Test_Sequences/Web_Office/Verification/Reports/Members_Marketing_Requests_By_Type' successfully

2020-04-27 15:12:02 - [TEST_CASE][PASSED] - Test Cases/Reusable_Test_Sequences/Web_Office/Verification/Reports/Members_Marketing_Requests_By_Type: Test Cases/Reusable_Test_Sequences/Web_Office/Verification/Reports/Members_Marketing_Requests_By_Type

2020-04-27 15:12:03 - [TEST_STEP][PASSED] - waitForPageLoad(120): Wait for page load successfully

2020-04-27 15:12:03 - [MESSAGE][PASSED] - Wait for page load successfully

2020-04-27 15:12:03 - [TEST_STEP][PASSED] - delay(1): Delayed 1 second(s)

2020-04-27 15:12:04 - [MESSAGE][PASSED] - Delayed 1 second(s)

2020-04-27 15:12:04 - [TEST_STEP][PASSED] - verifyTextPresent("Marketing Materials Requests By Type", false): Text 'Marketing Materials Requests By Type' is present on page 

2020-04-27 15:12:04 - [MESSAGE][PASSED] - Text 'Marketing Materials Requests By Type' is present on page 

2020-04-27 15:12:04 - [TEST_STEP][PASSED] - "----------------------------------------------": null

2020-04-27 15:12:04 - [TEST_STEP][PASSED] - "----------------------------------------------": null

2020-04-27 15:12:04 - [TEST_STEP][PASSED] - "----------------------------------------------": null

2020-04-27 15:12:04 - [TEST_STEP][PASSED] - verifyTextPresent("All Available Dates", false): Text 'All Available Dates' is present on page 

2020-04-27 15:12:04 - [MESSAGE][PASSED] - Text 'All Available Dates' is present on page 

2020-04-27 15:12:04 - [TEST_STEP][PASSED] - verifyTextPresent("From", false): Text 'From' is present on page 

2020-04-27 15:12:04 - [MESSAGE][PASSED] - Text 'From' is present on page 

2020-04-27 15:12:04 - [TEST_STEP][PASSED] - verifyTextPresent("To", false): Text 'To' is present on page 

2020-04-27 15:12:04 - [MESSAGE][PASSED] - Text 'To' is present on page 

2020-04-27 15:12:04 - [TEST_STEP][PASSED] - verifyTextPresent("Total no. requests:", false): Text 'Total no. requests:' is present on page 

2020-04-27 15:12:04 - [MESSAGE][PASSED] - Text 'Total no. requests:' is present on page 

2020-04-27 15:12:04 - [TEST_STEP][PASSED] - "----------------------------------------------": null

2020-04-27 15:12:04 - [TEST_STEP][PASSED] - verifyTextPresent("Marketing Material Title", false): Text 'Marketing Material Title' is present on page 

2020-04-27 15:12:05 - [MESSAGE][PASSED] - Text 'Marketing Material Title' is present on page 

2020-04-27 15:12:05 - [TEST_STEP][PASSED] - verifyTextPresent("Total Requested", false): Text 'Total Requested' is present on page 

2020-04-27 15:12:05 - [MESSAGE][PASSED] - Text 'Total Requested' is present on page 

2020-04-27 15:12:05 - [TEST_STEP][PASSED] - "----------------------------------------------": null

2020-04-27 15:12:05 - [TEST_STEP][PASSED] - verifyTextPresent("CAT Welcome Letter - Pre RVM", false): Text 'CAT Welcome Letter - Pre RVM' is present on page 

2020-04-27 15:12:05 - [MESSAGE][PASSED] - Text 'CAT Welcome Letter - Pre RVM' is present on page 

2020-04-27 15:12:05 - [TEST_STEP][PASSED] - verifyTextPresent("RVM Certificate", false): Text 'RVM Certificate' is present on page 

2020-04-27 15:12:05 - [MESSAGE][PASSED] - Text 'RVM Certificate' is present on page 

2020-04-27 15:12:05 - [MESSAGE][PASSED] - Call Test Case 'Test Cases/Reusable_Test_Sequences/Web_Office/Verification/Reports/Members_Marketing_Requests_By_Type' successfully

2020-04-27 15:12:05 - [TEST_STEP][PASSED] - "--------------------------": null

2020-04-27 15:12:05 - [TEST_STEP][PASSED] - " Teardown - CLose Browser |": null

2020-04-27 15:12:05 - [TEST_STEP][PASSED] - callTestCase(findTestCase("Reusable_Test_Sequences/CAT_Teardown"), [:], OPTIONAL): Call Test Case 'Test Cases/Reusable_Test_Sequences/CAT_Teardown' successfully

2020-04-27 15:12:05 - [TEST_CASE][PASSED] - Test Cases/Reusable_Test_Sequences/CAT_Teardown: Test Cases/Reusable_Test_Sequences/CAT_Teardown

2020-04-27 15:12:05 - [TEST_STEP][PASSED] - closeBrowser(): Browser is closed

2020-04-27 15:12:06 - [MESSAGE][PASSED] - Browser is closed

2020-04-27 15:12:06 - [TEST_STEP][PASSED] - super.finalize(): null

2020-04-27 15:12:06 - [TEST_STEP][PASSED] - System.gc(): null

2020-04-27 15:12:06 - [MESSAGE][PASSED] - Call Test Case 'Test Cases/Reusable_Test_Sequences/CAT_Teardown' successfully]]></system-out>
         <system-err><![CDATA[]]></system-err>
      </testcase>
      <testcase name="Test Cases/Web_Office/Reports/Engagement_Score_Report" time="15.101" classname="Test Cases/Web_Office/Reports/Engagement_Score_Report" status="PASSED">
         <system-out><![CDATA[2020-04-27 15:12:06 - [TEST_CASE][PASSED] - Test Cases/Web_Office/Reports/Engagement_Score_Report: Test Cases/Web_Office/Reports/Engagement_Score_Report

2020-04-27 15:12:06 - [TEST_STEP][PASSED] - "--------------------------------------": null

2020-04-27 15:12:06 - [TEST_STEP][PASSED] - " Web Office StartUp                  |": null

2020-04-27 15:12:06 - [TEST_STEP][PASSED] - callTestCase(findTestCase("Reusable_Test_Sequences/Web_Office/Directives/WebOffice_StartUp"), [:], STOP_ON_FAILURE): Call Test Case 'Test Cases/Reusable_Test_Sequences/Web_Office/Directives/WebOffice_StartUp' successfully

2020-04-27 15:12:06 - [TEST_CASE][PASSED] - Test Cases/Reusable_Test_Sequences/Web_Office/Directives/WebOffice_StartUp: Test Cases/Reusable_Test_Sequences/Web_Office/Directives/WebOffice_StartUp

2020-04-27 15:12:06 - [TEST_STEP][PASSED] - "-----------------------------------------------------------------------------": null

2020-04-27 15:12:06 - [TEST_STEP][PASSED] - if (URL == "https://www.dev.checkatrade.com/"): null

2020-04-27 15:12:06 - [TEST_STEP][PASSED] - "-----------------------------------------------------------------------------": null

2020-04-27 15:12:06 - [TEST_STEP][PASSED] - if (URL == "https://www.checkatrade.com/"): null

2020-04-27 15:12:06 - [TEST_STEP][PASSED] - "-----------------------------------------------------------------------------": null

2020-04-27 15:12:06 - [TEST_STEP][PASSED] - if (URL == "https://www.preview.checkatrade.com/"): null

2020-04-27 15:12:06 - [TEST_STEP][PASSED] - WebOfficeURL = "https://admin.preview.checkatrade.com/": null

2020-04-27 15:12:06 - [TEST_STEP][PASSED] - if (URL == "https://www.dev2.checkatrade.com/"): null

2020-04-27 15:12:06 - [TEST_STEP][PASSED] - "Set Function Area for "URL_Handler", URL Resolution": null

2020-04-27 15:12:06 - [TEST_STEP][PASSED] - "Do Some Magic with URL(s) See the comments within URL Handler ": null

2020-04-27 15:12:06 - [TEST_STEP][PASSED] - "------------------------------------------------": null

2020-04-27 15:12:06 - [TEST_STEP][PASSED] - "Moved Login Credentials to <Default> profile 22/01/2020": null

2020-04-27 15:12:06 - [TEST_STEP][PASSED] - "------------------------------------------------": null

2020-04-27 15:12:06 - [TEST_STEP][PASSED] - "WebOfficeURL - Set from the ENVIRONMENT PROFILE ": null

2020-04-27 15:12:06 - [TEST_STEP][PASSED] - "OPEN BROWSER": null

2020-04-27 15:12:06 - [TEST_STEP][PASSED] - "eg - https://admin.preview.checkatrade.com/  ": null

2020-04-27 15:12:06 - [TEST_STEP][PASSED] - openBrowser(WebOfficeURL): Browser is opened with url: 'https://admin.preview.checkatrade.com/'

2020-04-27 15:12:06 - [MESSAGE][INFO] - Starting 'Chrome' driver

2020-04-27 15:12:06 - [MESSAGE][INFO] - Action delay is set to 0 milliseconds

2020-04-27 15:12:11 - [MESSAGE][PASSED] - Browser is opened with url: 'https://admin.preview.checkatrade.com/'

2020-04-27 15:12:11 - [TEST_STEP][PASSED] - maximizeWindow(): Current window maximized

2020-04-27 15:12:13 - [MESSAGE][PASSED] - Current window maximized

2020-04-27 15:12:13 - [TEST_STEP][PASSED] - waitForElementClickable(findTestObject("Object Repository/WebOffice/Page_Checkatrade - Administration - Login/Login_Button"), 25): Object 'Object Repository/WebOffice/Page_Checkatrade - Administration - Login/Login_Button' is clickable

2020-04-27 15:12:14 - [MESSAGE][PASSED] - Object 'Object Repository/WebOffice/Page_Checkatrade - Administration - Login/Login_Button' is clickable

2020-04-27 15:12:14 - [TEST_STEP][PASSED] - verifyTextPresent("Checkatrade Web Office", false): Text 'Checkatrade Web Office' is present on page 

2020-04-27 15:12:14 - [MESSAGE][PASSED] - Text 'Checkatrade Web Office' is present on page 

2020-04-27 15:12:14 - [TEST_STEP][PASSED] - verifyTextPresent("Access for staff use only", false): Text 'Access for staff use only' is present on page 

2020-04-27 15:12:14 - [MESSAGE][PASSED] - Text 'Access for staff use only' is present on page 

2020-04-27 15:12:14 - [TEST_STEP][PASSED] - verifyTextPresent("Forgotten password?", false): Text 'Forgotten password?' is present on page 

2020-04-27 15:12:14 - [MESSAGE][PASSED] - Text 'Forgotten password?' is present on page 

2020-04-27 15:12:14 - [TEST_STEP][PASSED] - setText(findTestObject("Object Repository/WebOffice/Page_Checkatrade - Administration - Login/input_Username_LoginControlUserName"), wo_Username): Text 'DavidHo' is set on object 'Object Repository/WebOffice/Page_Checkatrade - Administration - Login/input_Username_LoginControlUserName'

2020-04-27 15:12:14 - [MESSAGE][PASSED] - Text 'DavidHo' is set on object 'Object Repository/WebOffice/Page_Checkatrade - Administration - Login/input_Username_LoginControlUserName'

2020-04-27 15:12:14 - [TEST_STEP][PASSED] - setText(findTestObject("Object Repository/WebOffice/Page_Checkatrade - Administration - Login/input_Password_LoginControlPassword"), wo_Password): Text 'Check123' is set on object 'Object Repository/WebOffice/Page_Checkatrade - Administration - Login/input_Password_LoginControlPassword'

2020-04-27 15:12:14 - [MESSAGE][PASSED] - Text 'Check123' is set on object 'Object Repository/WebOffice/Page_Checkatrade - Administration - Login/input_Password_LoginControlPassword'

2020-04-27 15:12:14 - [TEST_STEP][PASSED] - click(findTestObject("Object Repository/WebOffice/Page_Checkatrade - Administration - Login/Login_Button")): Object: 'Object Repository/WebOffice/Page_Checkatrade - Administration - Login/Login_Button' is clicked on

2020-04-27 15:12:16 - [MESSAGE][PASSED] - Object: 'Object Repository/WebOffice/Page_Checkatrade - Administration - Login/Login_Button' is clicked on

2020-04-27 15:12:16 - [TEST_STEP][PASSED] - waitForPageLoad(60): Wait for page load successfully

2020-04-27 15:12:16 - [MESSAGE][PASSED] - Wait for page load successfully

2020-04-27 15:12:16 - [TEST_STEP][PASSED] - verifyTextPresent("Welcome " + wo_Username, false): Text 'Welcome DavidHo' is present on page 

2020-04-27 15:12:16 - [MESSAGE][PASSED] - Text 'Welcome DavidHo' is present on page 

2020-04-27 15:12:16 - [MESSAGE][PASSED] - Call Test Case 'Test Cases/Reusable_Test_Sequences/Web_Office/Directives/WebOffice_StartUp' successfully

2020-04-27 15:12:16 - [TEST_STEP][PASSED] - "-----------------------------------------------------------------": null

2020-04-27 15:12:16 - [TEST_STEP][PASSED] - " Navigate to <Settings->Checkatrade.Com->Sub Item> Menu Item     |": null

2020-04-27 15:12:16 - [TEST_STEP][PASSED] - callTestCase(findTestCase("Reusable_Test_Sequences/Web_Office/Navigation/Sub_Menu_Navigation/Reports/Engagement_Score_Report"), [:], STOP_ON_FAILURE): Call Test Case 'Test Cases/Reusable_Test_Sequences/Web_Office/Navigation/Sub_Menu_Navigation/Reports/Engagement_Score_Report' successfully

2020-04-27 15:12:16 - [TEST_CASE][PASSED] - Test Cases/Reusable_Test_Sequences/Web_Office/Navigation/Sub_Menu_Navigation/Reports/Engagement_Score_Report: Test Cases/Reusable_Test_Sequences/Web_Office/Navigation/Sub_Menu_Navigation/Reports/Engagement_Score_Report

2020-04-27 15:12:17 - [TEST_STEP][PASSED] - "--------------------------------------": null

2020-04-27 15:12:17 - [TEST_STEP][PASSED] - " Navigate Top level menu Item         |": null

2020-04-27 15:12:17 - [TEST_STEP][PASSED] - waitForPageLoad(60): Wait for page load successfully

2020-04-27 15:12:17 - [MESSAGE][PASSED] - Wait for page load successfully

2020-04-27 15:12:17 - [TEST_STEP][PASSED] - waitForElementClickable(findTestObject("Object Repository/WebOffice_Home_page/a_Reports"), 60): Object 'Object Repository/WebOffice_Home_page/a_Reports' is clickable

2020-04-27 15:12:17 - [MESSAGE][PASSED] - Object 'Object Repository/WebOffice_Home_page/a_Reports' is clickable

2020-04-27 15:12:17 - [TEST_STEP][PASSED] - mouseOver(findTestObject("Object Repository/WebOffice_Home_page/a_Reports")): Object: 'Object Repository/WebOffice_Home_page/a_Reports' is hovered

2020-04-27 15:12:17 - [MESSAGE][PASSED] - Object: 'Object Repository/WebOffice_Home_page/a_Reports' is hovered

2020-04-27 15:12:17 - [TEST_STEP][PASSED] - click(findTestObject("Object Repository/WebOffice_Home_page/Page_/a_Members")): Object: 'Object Repository/WebOffice_Home_page/Page_/a_Members' is clicked on

2020-04-27 15:12:17 - [MESSAGE][PASSED] - Object: 'Object Repository/WebOffice_Home_page/Page_/a_Members' is clicked on

2020-04-27 15:12:17 - [TEST_STEP][PASSED] - waitForPageLoad(5): Wait for page load successfully

2020-04-27 15:12:17 - [MESSAGE][PASSED] - Wait for page load successfully

2020-04-27 15:12:17 - [TEST_STEP][PASSED] - waitForElementClickable(findTestObject("Object Repository/WebOffice_Home_page/Page_/a_Engagement Score Report"), 5): Object 'Object Repository/WebOffice_Home_page/Page_/a_Engagement Score Report' is clickable

2020-04-27 15:12:18 - [MESSAGE][PASSED] - Object 'Object Repository/WebOffice_Home_page/Page_/a_Engagement Score Report' is clickable

2020-04-27 15:12:18 - [TEST_STEP][PASSED] - click(findTestObject("Object Repository/WebOffice_Home_page/Page_/a_Engagement Score Report")): Object: 'Object Repository/WebOffice_Home_page/Page_/a_Engagement Score Report' is clicked on

2020-04-27 15:12:18 - [MESSAGE][PASSED] - Object: 'Object Repository/WebOffice_Home_page/Page_/a_Engagement Score Report' is clicked on

2020-04-27 15:12:18 - [MESSAGE][PASSED] - Call Test Case 'Test Cases/Reusable_Test_Sequences/Web_Office/Navigation/Sub_Menu_Navigation/Reports/Engagement_Score_Report' successfully

2020-04-27 15:12:18 - [TEST_STEP][PASSED] - "--------------------------------------": null

2020-04-27 15:12:18 - [TEST_STEP][PASSED] - " Verify Returned Page Detail          |": null

2020-04-27 15:12:18 - [TEST_STEP][PASSED] - callTestCase(findTestCase("Reusable_Test_Sequences/Web_Office/Verification/Reports/Engagement_Score_Report"), [:], OPTIONAL): Call Test Case 'Test Cases/Reusable_Test_Sequences/Web_Office/Verification/Reports/Engagement_Score_Report' successfully

2020-04-27 15:12:18 - [TEST_CASE][PASSED] - Test Cases/Reusable_Test_Sequences/Web_Office/Verification/Reports/Engagement_Score_Report: Test Cases/Reusable_Test_Sequences/Web_Office/Verification/Reports/Engagement_Score_Report

2020-04-27 15:12:19 - [TEST_STEP][PASSED] - waitForPageLoad(120): Wait for page load successfully

2020-04-27 15:12:19 - [MESSAGE][PASSED] - Wait for page load successfully

2020-04-27 15:12:19 - [TEST_STEP][PASSED] - delay(1): Delayed 1 second(s)

2020-04-27 15:12:20 - [MESSAGE][PASSED] - Delayed 1 second(s)

2020-04-27 15:12:20 - [TEST_STEP][PASSED] - verifyTextPresent("Trade Category Engagement Score Reports", false): Text 'Trade Category Engagement Score Reports' is present on page 

2020-04-27 15:12:20 - [MESSAGE][PASSED] - Text 'Trade Category Engagement Score Reports' is present on page 

2020-04-27 15:12:20 - [TEST_STEP][PASSED] - "----------------------------------------------": null

2020-04-27 15:12:20 - [TEST_STEP][PASSED] - verifyTextPresent("Report type", false): Text 'Report type' is present on page 

2020-04-27 15:12:20 - [MESSAGE][PASSED] - Text 'Report type' is present on page 

2020-04-27 15:12:20 - [TEST_STEP][PASSED] - verifyTextPresent("Category", false): Text 'Category' is present on page 

2020-04-27 15:12:20 - [MESSAGE][PASSED] - Text 'Category' is present on page 

2020-04-27 15:12:20 - [TEST_STEP][PASSED] - verifyTextPresent("Total", false): Text 'Total' is present on page 

2020-04-27 15:12:20 - [MESSAGE][PASSED] - Text 'Total' is present on page 

2020-04-27 15:12:20 - [MESSAGE][PASSED] - Call Test Case 'Test Cases/Reusable_Test_Sequences/Web_Office/Verification/Reports/Engagement_Score_Report' successfully

2020-04-27 15:12:20 - [TEST_STEP][PASSED] - "--------------------------": null

2020-04-27 15:12:20 - [TEST_STEP][PASSED] - " Teardown - CLose Browser |": null

2020-04-27 15:12:20 - [TEST_STEP][PASSED] - callTestCase(findTestCase("Reusable_Test_Sequences/CAT_Teardown"), [:], OPTIONAL): Call Test Case 'Test Cases/Reusable_Test_Sequences/CAT_Teardown' successfully

2020-04-27 15:12:20 - [TEST_CASE][PASSED] - Test Cases/Reusable_Test_Sequences/CAT_Teardown: Test Cases/Reusable_Test_Sequences/CAT_Teardown

2020-04-27 15:12:20 - [TEST_STEP][PASSED] - closeBrowser(): Browser is closed

2020-04-27 15:12:21 - [MESSAGE][PASSED] - Browser is closed

2020-04-27 15:12:21 - [TEST_STEP][PASSED] - super.finalize(): null

2020-04-27 15:12:21 - [TEST_STEP][PASSED] - System.gc(): null

2020-04-27 15:12:21 - [MESSAGE][PASSED] - Call Test Case 'Test Cases/Reusable_Test_Sequences/CAT_Teardown' successfully]]></system-out>
         <system-err><![CDATA[]]></system-err>
      </testcase>
      <testcase name="Test Cases/Web_Office/Reports/Renewal_Leavers_Engagement_Score" time="16.144" classname="Test Cases/Web_Office/Reports/Renewal_Leavers_Engagement_Score" status="PASSED">
         <system-out><![CDATA[2020-04-27 15:12:21 - [TEST_CASE][PASSED] - Test Cases/Web_Office/Reports/Renewal_Leavers_Engagement_Score: Test Cases/Web_Office/Reports/Renewal_Leavers_Engagement_Score

2020-04-27 15:12:22 - [TEST_STEP][PASSED] - "--------------------------------------": null

2020-04-27 15:12:22 - [TEST_STEP][PASSED] - " Web Office StartUp                  |": null

2020-04-27 15:12:22 - [TEST_STEP][PASSED] - callTestCase(findTestCase("Reusable_Test_Sequences/Web_Office/Directives/WebOffice_StartUp"), [:], STOP_ON_FAILURE): Call Test Case 'Test Cases/Reusable_Test_Sequences/Web_Office/Directives/WebOffice_StartUp' successfully

2020-04-27 15:12:22 - [TEST_CASE][PASSED] - Test Cases/Reusable_Test_Sequences/Web_Office/Directives/WebOffice_StartUp: Test Cases/Reusable_Test_Sequences/Web_Office/Directives/WebOffice_StartUp

2020-04-27 15:12:22 - [TEST_STEP][PASSED] - "-----------------------------------------------------------------------------": null

2020-04-27 15:12:22 - [TEST_STEP][PASSED] - if (URL == "https://www.dev.checkatrade.com/"): null

2020-04-27 15:12:22 - [TEST_STEP][PASSED] - "-----------------------------------------------------------------------------": null

2020-04-27 15:12:22 - [TEST_STEP][PASSED] - if (URL == "https://www.checkatrade.com/"): null

2020-04-27 15:12:22 - [TEST_STEP][PASSED] - "-----------------------------------------------------------------------------": null

2020-04-27 15:12:22 - [TEST_STEP][PASSED] - if (URL == "https://www.preview.checkatrade.com/"): null

2020-04-27 15:12:22 - [TEST_STEP][PASSED] - WebOfficeURL = "https://admin.preview.checkatrade.com/": null

2020-04-27 15:12:22 - [TEST_STEP][PASSED] - if (URL == "https://www.dev2.checkatrade.com/"): null

2020-04-27 15:12:22 - [TEST_STEP][PASSED] - "Set Function Area for "URL_Handler", URL Resolution": null

2020-04-27 15:12:22 - [TEST_STEP][PASSED] - "Do Some Magic with URL(s) See the comments within URL Handler ": null

2020-04-27 15:12:22 - [TEST_STEP][PASSED] - "------------------------------------------------": null

2020-04-27 15:12:22 - [TEST_STEP][PASSED] - "Moved Login Credentials to <Default> profile 22/01/2020": null

2020-04-27 15:12:22 - [TEST_STEP][PASSED] - "------------------------------------------------": null

2020-04-27 15:12:22 - [TEST_STEP][PASSED] - "WebOfficeURL - Set from the ENVIRONMENT PROFILE ": null

2020-04-27 15:12:22 - [TEST_STEP][PASSED] - "OPEN BROWSER": null

2020-04-27 15:12:22 - [TEST_STEP][PASSED] - "eg - https://admin.preview.checkatrade.com/  ": null

2020-04-27 15:12:22 - [TEST_STEP][PASSED] - openBrowser(WebOfficeURL): Browser is opened with url: 'https://admin.preview.checkatrade.com/'

2020-04-27 15:12:22 - [MESSAGE][INFO] - Starting 'Chrome' driver

2020-04-27 15:12:22 - [MESSAGE][INFO] - Action delay is set to 0 milliseconds

2020-04-27 15:12:27 - [MESSAGE][PASSED] - Browser is opened with url: 'https://admin.preview.checkatrade.com/'

2020-04-27 15:12:27 - [TEST_STEP][PASSED] - maximizeWindow(): Current window maximized

2020-04-27 15:12:29 - [MESSAGE][PASSED] - Current window maximized

2020-04-27 15:12:29 - [TEST_STEP][PASSED] - waitForElementClickable(findTestObject("Object Repository/WebOffice/Page_Checkatrade - Administration - Login/Login_Button"), 25): Object 'Object Repository/WebOffice/Page_Checkatrade - Administration - Login/Login_Button' is clickable

2020-04-27 15:12:30 - [MESSAGE][PASSED] - Object 'Object Repository/WebOffice/Page_Checkatrade - Administration - Login/Login_Button' is clickable

2020-04-27 15:12:30 - [TEST_STEP][PASSED] - verifyTextPresent("Checkatrade Web Office", false): Text 'Checkatrade Web Office' is present on page 

2020-04-27 15:12:30 - [MESSAGE][PASSED] - Text 'Checkatrade Web Office' is present on page 

2020-04-27 15:12:30 - [TEST_STEP][PASSED] - verifyTextPresent("Access for staff use only", false): Text 'Access for staff use only' is present on page 

2020-04-27 15:12:30 - [MESSAGE][PASSED] - Text 'Access for staff use only' is present on page 

2020-04-27 15:12:30 - [TEST_STEP][PASSED] - verifyTextPresent("Forgotten password?", false): Text 'Forgotten password?' is present on page 

2020-04-27 15:12:30 - [MESSAGE][PASSED] - Text 'Forgotten password?' is present on page 

2020-04-27 15:12:30 - [TEST_STEP][PASSED] - setText(findTestObject("Object Repository/WebOffice/Page_Checkatrade - Administration - Login/input_Username_LoginControlUserName"), wo_Username): Text 'DavidHo' is set on object 'Object Repository/WebOffice/Page_Checkatrade - Administration - Login/input_Username_LoginControlUserName'

2020-04-27 15:12:30 - [MESSAGE][PASSED] - Text 'DavidHo' is set on object 'Object Repository/WebOffice/Page_Checkatrade - Administration - Login/input_Username_LoginControlUserName'

2020-04-27 15:12:30 - [TEST_STEP][PASSED] - setText(findTestObject("Object Repository/WebOffice/Page_Checkatrade - Administration - Login/input_Password_LoginControlPassword"), wo_Password): Text 'Check123' is set on object 'Object Repository/WebOffice/Page_Checkatrade - Administration - Login/input_Password_LoginControlPassword'

2020-04-27 15:12:30 - [MESSAGE][PASSED] - Text 'Check123' is set on object 'Object Repository/WebOffice/Page_Checkatrade - Administration - Login/input_Password_LoginControlPassword'

2020-04-27 15:12:30 - [TEST_STEP][PASSED] - click(findTestObject("Object Repository/WebOffice/Page_Checkatrade - Administration - Login/Login_Button")): Object: 'Object Repository/WebOffice/Page_Checkatrade - Administration - Login/Login_Button' is clicked on

2020-04-27 15:12:31 - [MESSAGE][PASSED] - Object: 'Object Repository/WebOffice/Page_Checkatrade - Administration - Login/Login_Button' is clicked on

2020-04-27 15:12:31 - [TEST_STEP][PASSED] - waitForPageLoad(60): Wait for page load successfully

2020-04-27 15:12:32 - [MESSAGE][PASSED] - Wait for page load successfully

2020-04-27 15:12:32 - [TEST_STEP][PASSED] - verifyTextPresent("Welcome " + wo_Username, false): Text 'Welcome DavidHo' is present on page 

2020-04-27 15:12:32 - [MESSAGE][PASSED] - Text 'Welcome DavidHo' is present on page 

2020-04-27 15:12:32 - [MESSAGE][PASSED] - Call Test Case 'Test Cases/Reusable_Test_Sequences/Web_Office/Directives/WebOffice_StartUp' successfully

2020-04-27 15:12:32 - [TEST_STEP][PASSED] - "-----------------------------------------------------------------": null

2020-04-27 15:12:32 - [TEST_STEP][PASSED] - " Navigate to <Settings->Checkatrade.Com->Sub Item> Menu Item     |": null

2020-04-27 15:12:32 - [TEST_STEP][PASSED] - callTestCase(findTestCase("Reusable_Test_Sequences/Web_Office/Navigation/Sub_Menu_Navigation/Reports/Renewal_Leavers_Engagement_Score"), [:], STOP_ON_FAILURE): Call Test Case 'Test Cases/Reusable_Test_Sequences/Web_Office/Navigation/Sub_Menu_Navigation/Reports/Renewal_Leavers_Engagement_Score' successfully

2020-04-27 15:12:32 - [TEST_CASE][PASSED] - Test Cases/Reusable_Test_Sequences/Web_Office/Navigation/Sub_Menu_Navigation/Reports/Renewal_Leavers_Engagement_Score: Test Cases/Reusable_Test_Sequences/Web_Office/Navigation/Sub_Menu_Navigation/Reports/Renewal_Leavers_Engagement_Score

2020-04-27 15:12:33 - [TEST_STEP][PASSED] - "--------------------------------------": null

2020-04-27 15:12:33 - [TEST_STEP][PASSED] - " Navigate Top level menu Item         |": null

2020-04-27 15:12:33 - [TEST_STEP][PASSED] - waitForPageLoad(60): Wait for page load successfully

2020-04-27 15:12:33 - [MESSAGE][PASSED] - Wait for page load successfully

2020-04-27 15:12:33 - [TEST_STEP][PASSED] - waitForElementClickable(findTestObject("Object Repository/WebOffice_Home_page/a_Reports"), 60): Object 'Object Repository/WebOffice_Home_page/a_Reports' is clickable

2020-04-27 15:12:33 - [MESSAGE][PASSED] - Object 'Object Repository/WebOffice_Home_page/a_Reports' is clickable

2020-04-27 15:12:33 - [TEST_STEP][PASSED] - mouseOver(findTestObject("Object Repository/WebOffice_Home_page/a_Reports")): Object: 'Object Repository/WebOffice_Home_page/a_Reports' is hovered

2020-04-27 15:12:33 - [MESSAGE][PASSED] - Object: 'Object Repository/WebOffice_Home_page/a_Reports' is hovered

2020-04-27 15:12:33 - [TEST_STEP][PASSED] - click(findTestObject("Object Repository/WebOffice_Home_page/Page_/a_Members")): Object: 'Object Repository/WebOffice_Home_page/Page_/a_Members' is clicked on

2020-04-27 15:12:33 - [MESSAGE][PASSED] - Object: 'Object Repository/WebOffice_Home_page/Page_/a_Members' is clicked on

2020-04-27 15:12:33 - [TEST_STEP][PASSED] - waitForPageLoad(5): Wait for page load successfully

2020-04-27 15:12:33 - [MESSAGE][PASSED] - Wait for page load successfully

2020-04-27 15:12:33 - [TEST_STEP][PASSED] - waitForElementClickable(findTestObject("Object Repository/WebOffice_Home_page/Page_/a_RenewalsLeavers - Engagement Score"), 5): Object 'Object Repository/WebOffice_Home_page/Page_/a_RenewalsLeavers - Engagement Score' is clickable

2020-04-27 15:12:33 - [MESSAGE][PASSED] - Object 'Object Repository/WebOffice_Home_page/Page_/a_RenewalsLeavers - Engagement Score' is clickable

2020-04-27 15:12:33 - [TEST_STEP][PASSED] - click(findTestObject("Object Repository/WebOffice_Home_page/Page_/a_RenewalsLeavers - Engagement Score")): Object: 'Object Repository/WebOffice_Home_page/Page_/a_RenewalsLeavers - Engagement Score' is clicked on

2020-04-27 15:12:34 - [MESSAGE][PASSED] - Object: 'Object Repository/WebOffice_Home_page/Page_/a_RenewalsLeavers - Engagement Score' is clicked on

2020-04-27 15:12:34 - [MESSAGE][PASSED] - Call Test Case 'Test Cases/Reusable_Test_Sequences/Web_Office/Navigation/Sub_Menu_Navigation/Reports/Renewal_Leavers_Engagement_Score' successfully

2020-04-27 15:12:34 - [TEST_STEP][PASSED] - "--------------------------------------": null

2020-04-27 15:12:34 - [TEST_STEP][PASSED] - " Verify Returned Page Detail          |": null

2020-04-27 15:12:34 - [TEST_STEP][PASSED] - callTestCase(findTestCase("Reusable_Test_Sequences/Web_Office/Verification/Reports/Renewal_Leavers_Engagement_Score"), [:], OPTIONAL): Call Test Case 'Test Cases/Reusable_Test_Sequences/Web_Office/Verification/Reports/Renewal_Leavers_Engagement_Score' successfully

2020-04-27 15:12:34 - [TEST_CASE][PASSED] - Test Cases/Reusable_Test_Sequences/Web_Office/Verification/Reports/Renewal_Leavers_Engagement_Score: Test Cases/Reusable_Test_Sequences/Web_Office/Verification/Reports/Renewal_Leavers_Engagement_Score

2020-04-27 15:12:34 - [TEST_STEP][PASSED] - waitForPageLoad(120): Wait for page load successfully

2020-04-27 15:12:34 - [MESSAGE][PASSED] - Wait for page load successfully

2020-04-27 15:12:34 - [TEST_STEP][PASSED] - delay(1): Delayed 1 second(s)

2020-04-27 15:12:35 - [MESSAGE][PASSED] - Delayed 1 second(s)

2020-04-27 15:12:35 - [TEST_STEP][PASSED] - verifyTextPresent("Renewals and Leavers - Engagement Score Reports", false): Text 'Renewals and Leavers - Engagement Score Reports' is present on page 

2020-04-27 15:12:36 - [MESSAGE][PASSED] - Text 'Renewals and Leavers - Engagement Score Reports' is present on page 

2020-04-27 15:12:36 - [TEST_STEP][PASSED] - "----------------------------------------------": null

2020-04-27 15:12:36 - [TEST_STEP][PASSED] - verifyTextPresent("From", false): Text 'From' is present on page 

2020-04-27 15:12:36 - [MESSAGE][PASSED] - Text 'From' is present on page 

2020-04-27 15:12:36 - [TEST_STEP][PASSED] - verifyTextPresent("Results view", false): Text 'Results view' is present on page 

2020-04-27 15:12:36 - [MESSAGE][PASSED] - Text 'Results view' is present on page 

2020-04-27 15:12:36 - [TEST_STEP][PASSED] - verifyTextPresent("List", false): Text 'List' is present on page 

2020-04-27 15:12:36 - [MESSAGE][PASSED] - Text 'List' is present on page 

2020-04-27 15:12:36 - [TEST_STEP][PASSED] - verifyTextPresent("Group", false): Text 'Group' is present on page 

2020-04-27 15:12:36 - [MESSAGE][PASSED] - Text 'Group' is present on page 

2020-04-27 15:12:36 - [TEST_STEP][PASSED] - verifyTextPresent("Directory headings", false): Text 'Directory headings' is present on page 

2020-04-27 15:12:36 - [MESSAGE][PASSED] - Text 'Directory headings' is present on page 

2020-04-27 15:12:36 - [TEST_STEP][PASSED] - verifyTextPresent("Member type", false): Text 'Member type' is present on page 

2020-04-27 15:12:36 - [MESSAGE][PASSED] - Text 'Member type' is present on page 

2020-04-27 15:12:36 - [MESSAGE][PASSED] - Call Test Case 'Test Cases/Reusable_Test_Sequences/Web_Office/Verification/Reports/Renewal_Leavers_Engagement_Score' successfully

2020-04-27 15:12:36 - [TEST_STEP][PASSED] - "--------------------------": null

2020-04-27 15:12:36 - [TEST_STEP][PASSED] - " Teardown - CLose Browser |": null

2020-04-27 15:12:36 - [TEST_STEP][PASSED] - callTestCase(findTestCase("Reusable_Test_Sequences/CAT_Teardown"), [:], OPTIONAL): Call Test Case 'Test Cases/Reusable_Test_Sequences/CAT_Teardown' successfully

2020-04-27 15:12:36 - [TEST_CASE][PASSED] - Test Cases/Reusable_Test_Sequences/CAT_Teardown: Test Cases/Reusable_Test_Sequences/CAT_Teardown

2020-04-27 15:12:36 - [TEST_STEP][PASSED] - closeBrowser(): Browser is closed

2020-04-27 15:12:37 - [MESSAGE][PASSED] - Browser is closed

2020-04-27 15:12:37 - [TEST_STEP][PASSED] - super.finalize(): null

2020-04-27 15:12:37 - [TEST_STEP][PASSED] - System.gc(): null

2020-04-27 15:12:37 - [MESSAGE][PASSED] - Call Test Case 'Test Cases/Reusable_Test_Sequences/CAT_Teardown' successfully]]></system-out>
         <system-err><![CDATA[]]></system-err>
      </testcase>
      <testcase name="Test Cases/Web_Office/Reports/Directory_Reconciliation_Report" time="18.258" classname="Test Cases/Web_Office/Reports/Directory_Reconciliation_Report" status="PASSED">
         <system-out><![CDATA[2020-04-27 15:12:37 - [TEST_CASE][PASSED] - Test Cases/Web_Office/Reports/Directory_Reconciliation_Report: Test Cases/Web_Office/Reports/Directory_Reconciliation_Report

2020-04-27 15:12:38 - [TEST_STEP][PASSED] - "--------------------------------------": null

2020-04-27 15:12:38 - [TEST_STEP][PASSED] - " Web Office StartUp                  |": null

2020-04-27 15:12:38 - [TEST_STEP][PASSED] - callTestCase(findTestCase("Reusable_Test_Sequences/Web_Office/Directives/WebOffice_StartUp"), [:], STOP_ON_FAILURE): Call Test Case 'Test Cases/Reusable_Test_Sequences/Web_Office/Directives/WebOffice_StartUp' successfully

2020-04-27 15:12:38 - [TEST_CASE][PASSED] - Test Cases/Reusable_Test_Sequences/Web_Office/Directives/WebOffice_StartUp: Test Cases/Reusable_Test_Sequences/Web_Office/Directives/WebOffice_StartUp

2020-04-27 15:12:38 - [TEST_STEP][PASSED] - "-----------------------------------------------------------------------------": null

2020-04-27 15:12:38 - [TEST_STEP][PASSED] - if (URL == "https://www.dev.checkatrade.com/"): null

2020-04-27 15:12:38 - [TEST_STEP][PASSED] - "-----------------------------------------------------------------------------": null

2020-04-27 15:12:38 - [TEST_STEP][PASSED] - if (URL == "https://www.checkatrade.com/"): null

2020-04-27 15:12:38 - [TEST_STEP][PASSED] - "-----------------------------------------------------------------------------": null

2020-04-27 15:12:38 - [TEST_STEP][PASSED] - if (URL == "https://www.preview.checkatrade.com/"): null

2020-04-27 15:12:38 - [TEST_STEP][PASSED] - WebOfficeURL = "https://admin.preview.checkatrade.com/": null

2020-04-27 15:12:38 - [TEST_STEP][PASSED] - if (URL == "https://www.dev2.checkatrade.com/"): null

2020-04-27 15:12:38 - [TEST_STEP][PASSED] - "Set Function Area for "URL_Handler", URL Resolution": null

2020-04-27 15:12:38 - [TEST_STEP][PASSED] - "Do Some Magic with URL(s) See the comments within URL Handler ": null

2020-04-27 15:12:38 - [TEST_STEP][PASSED] - "------------------------------------------------": null

2020-04-27 15:12:38 - [TEST_STEP][PASSED] - "Moved Login Credentials to <Default> profile 22/01/2020": null

2020-04-27 15:12:38 - [TEST_STEP][PASSED] - "------------------------------------------------": null

2020-04-27 15:12:38 - [TEST_STEP][PASSED] - "WebOfficeURL - Set from the ENVIRONMENT PROFILE ": null

2020-04-27 15:12:38 - [TEST_STEP][PASSED] - "OPEN BROWSER": null

2020-04-27 15:12:38 - [TEST_STEP][PASSED] - "eg - https://admin.preview.checkatrade.com/  ": null

2020-04-27 15:12:38 - [TEST_STEP][PASSED] - openBrowser(WebOfficeURL): Browser is opened with url: 'https://admin.preview.checkatrade.com/'

2020-04-27 15:12:38 - [MESSAGE][INFO] - Starting 'Chrome' driver

2020-04-27 15:12:38 - [MESSAGE][INFO] - Action delay is set to 0 milliseconds

2020-04-27 15:12:44 - [MESSAGE][PASSED] - Browser is opened with url: 'https://admin.preview.checkatrade.com/'

2020-04-27 15:12:44 - [TEST_STEP][PASSED] - maximizeWindow(): Current window maximized

2020-04-27 15:12:46 - [MESSAGE][PASSED] - Current window maximized

2020-04-27 15:12:46 - [TEST_STEP][PASSED] - waitForElementClickable(findTestObject("Object Repository/WebOffice/Page_Checkatrade - Administration - Login/Login_Button"), 25): Object 'Object Repository/WebOffice/Page_Checkatrade - Administration - Login/Login_Button' is clickable

2020-04-27 15:12:46 - [MESSAGE][PASSED] - Object 'Object Repository/WebOffice/Page_Checkatrade - Administration - Login/Login_Button' is clickable

2020-04-27 15:12:46 - [TEST_STEP][PASSED] - verifyTextPresent("Checkatrade Web Office", false): Text 'Checkatrade Web Office' is present on page 

2020-04-27 15:12:46 - [MESSAGE][PASSED] - Text 'Checkatrade Web Office' is present on page 

2020-04-27 15:12:46 - [TEST_STEP][PASSED] - verifyTextPresent("Access for staff use only", false): Text 'Access for staff use only' is present on page 

2020-04-27 15:12:46 - [MESSAGE][PASSED] - Text 'Access for staff use only' is present on page 

2020-04-27 15:12:46 - [TEST_STEP][PASSED] - verifyTextPresent("Forgotten password?", false): Text 'Forgotten password?' is present on page 

2020-04-27 15:12:47 - [MESSAGE][PASSED] - Text 'Forgotten password?' is present on page 

2020-04-27 15:12:47 - [TEST_STEP][PASSED] - setText(findTestObject("Object Repository/WebOffice/Page_Checkatrade - Administration - Login/input_Username_LoginControlUserName"), wo_Username): Text 'DavidHo' is set on object 'Object Repository/WebOffice/Page_Checkatrade - Administration - Login/input_Username_LoginControlUserName'

2020-04-27 15:12:47 - [MESSAGE][PASSED] - Text 'DavidHo' is set on object 'Object Repository/WebOffice/Page_Checkatrade - Administration - Login/input_Username_LoginControlUserName'

2020-04-27 15:12:47 - [TEST_STEP][PASSED] - setText(findTestObject("Object Repository/WebOffice/Page_Checkatrade - Administration - Login/input_Password_LoginControlPassword"), wo_Password): Text 'Check123' is set on object 'Object Repository/WebOffice/Page_Checkatrade - Administration - Login/input_Password_LoginControlPassword'

2020-04-27 15:12:47 - [MESSAGE][PASSED] - Text 'Check123' is set on object 'Object Repository/WebOffice/Page_Checkatrade - Administration - Login/input_Password_LoginControlPassword'

2020-04-27 15:12:47 - [TEST_STEP][PASSED] - click(findTestObject("Object Repository/WebOffice/Page_Checkatrade - Administration - Login/Login_Button")): Object: 'Object Repository/WebOffice/Page_Checkatrade - Administration - Login/Login_Button' is clicked on

2020-04-27 15:12:48 - [MESSAGE][PASSED] - Object: 'Object Repository/WebOffice/Page_Checkatrade - Administration - Login/Login_Button' is clicked on

2020-04-27 15:12:48 - [TEST_STEP][PASSED] - waitForPageLoad(60): Wait for page load successfully

2020-04-27 15:12:48 - [MESSAGE][PASSED] - Wait for page load successfully

2020-04-27 15:12:48 - [TEST_STEP][PASSED] - verifyTextPresent("Welcome " + wo_Username, false): Text 'Welcome DavidHo' is present on page 

2020-04-27 15:12:48 - [MESSAGE][PASSED] - Text 'Welcome DavidHo' is present on page 

2020-04-27 15:12:48 - [MESSAGE][PASSED] - Call Test Case 'Test Cases/Reusable_Test_Sequences/Web_Office/Directives/WebOffice_StartUp' successfully

2020-04-27 15:12:48 - [TEST_STEP][PASSED] - "-----------------------------------------------------------------": null

2020-04-27 15:12:48 - [TEST_STEP][PASSED] - " Navigate to <Settings->Checkatrade.Com->Sub Item> Menu Item     |": null

2020-04-27 15:12:48 - [TEST_STEP][PASSED] - callTestCase(findTestCase("Reusable_Test_Sequences/Web_Office/Navigation/Sub_Menu_Navigation/Reports/Directory_Reconciliation_Report"), [:], STOP_ON_FAILURE): Call Test Case 'Test Cases/Reusable_Test_Sequences/Web_Office/Navigation/Sub_Menu_Navigation/Reports/Directory_Reconciliation_Report' successfully

2020-04-27 15:12:48 - [TEST_CASE][PASSED] - Test Cases/Reusable_Test_Sequences/Web_Office/Navigation/Sub_Menu_Navigation/Reports/Directory_Reconciliation_Report: Test Cases/Reusable_Test_Sequences/Web_Office/Navigation/Sub_Menu_Navigation/Reports/Directory_Reconciliation_Report

2020-04-27 15:12:48 - [TEST_STEP][PASSED] - "--------------------------------------": null

2020-04-27 15:12:48 - [TEST_STEP][PASSED] - " Navigate Top level menu Item         |": null

2020-04-27 15:12:48 - [TEST_STEP][PASSED] - waitForPageLoad(60): Wait for page load successfully

2020-04-27 15:12:48 - [MESSAGE][PASSED] - Wait for page load successfully

2020-04-27 15:12:48 - [TEST_STEP][PASSED] - waitForElementClickable(findTestObject("Object Repository/WebOffice_Home_page/a_Reports"), 60): Object 'Object Repository/WebOffice_Home_page/a_Reports' is clickable

2020-04-27 15:12:49 - [MESSAGE][PASSED] - Object 'Object Repository/WebOffice_Home_page/a_Reports' is clickable

2020-04-27 15:12:49 - [TEST_STEP][PASSED] - mouseOver(findTestObject("Object Repository/WebOffice_Home_page/a_Reports")): Object: 'Object Repository/WebOffice_Home_page/a_Reports' is hovered

2020-04-27 15:12:49 - [MESSAGE][PASSED] - Object: 'Object Repository/WebOffice_Home_page/a_Reports' is hovered

2020-04-27 15:12:49 - [TEST_STEP][PASSED] - click(findTestObject("Object Repository/WebOffice_Home_page/Page_/a_Members")): Object: 'Object Repository/WebOffice_Home_page/Page_/a_Members' is clicked on

2020-04-27 15:12:50 - [MESSAGE][PASSED] - Object: 'Object Repository/WebOffice_Home_page/Page_/a_Members' is clicked on

2020-04-27 15:12:50 - [TEST_STEP][PASSED] - waitForPageLoad(5): Wait for page load successfully

2020-04-27 15:12:50 - [MESSAGE][PASSED] - Wait for page load successfully

2020-04-27 15:12:50 - [TEST_STEP][PASSED] - waitForElementClickable(findTestObject("Object Repository/WebOffice_Home_page/Page_/a_Directory Reconciliation Report"), 5): Object 'Object Repository/WebOffice_Home_page/Page_/a_Directory Reconciliation Report' is clickable

2020-04-27 15:12:50 - [MESSAGE][PASSED] - Object 'Object Repository/WebOffice_Home_page/Page_/a_Directory Reconciliation Report' is clickable

2020-04-27 15:12:50 - [TEST_STEP][PASSED] - click(findTestObject("Object Repository/WebOffice_Home_page/Page_/a_Directory Reconciliation Report")): Object: 'Object Repository/WebOffice_Home_page/Page_/a_Directory Reconciliation Report' is clicked on

2020-04-27 15:12:51 - [MESSAGE][PASSED] - Object: 'Object Repository/WebOffice_Home_page/Page_/a_Directory Reconciliation Report' is clicked on

2020-04-27 15:12:51 - [MESSAGE][PASSED] - Call Test Case 'Test Cases/Reusable_Test_Sequences/Web_Office/Navigation/Sub_Menu_Navigation/Reports/Directory_Reconciliation_Report' successfully

2020-04-27 15:12:51 - [TEST_STEP][PASSED] - "--------------------------------------": null

2020-04-27 15:12:51 - [TEST_STEP][PASSED] - " Verify Returned Page Detail          |": null

2020-04-27 15:12:51 - [TEST_STEP][PASSED] - callTestCase(findTestCase("Reusable_Test_Sequences/Web_Office/Verification/Reports/Directory_Reconciliation_Report"), [:], OPTIONAL): Call Test Case 'Test Cases/Reusable_Test_Sequences/Web_Office/Verification/Reports/Directory_Reconciliation_Report' successfully

2020-04-27 15:12:51 - [TEST_CASE][PASSED] - Test Cases/Reusable_Test_Sequences/Web_Office/Verification/Reports/Directory_Reconciliation_Report: Test Cases/Reusable_Test_Sequences/Web_Office/Verification/Reports/Directory_Reconciliation_Report

2020-04-27 15:12:51 - [TEST_STEP][PASSED] - waitForPageLoad(120): Wait for page load successfully

2020-04-27 15:12:51 - [MESSAGE][PASSED] - Wait for page load successfully

2020-04-27 15:12:51 - [TEST_STEP][PASSED] - delay(1): Delayed 1 second(s)

2020-04-27 15:12:52 - [MESSAGE][PASSED] - Delayed 1 second(s)

2020-04-27 15:12:52 - [TEST_STEP][PASSED] - "----------------------------------------------": null

2020-04-27 15:12:52 - [TEST_STEP][PASSED] - "----------------------------------------------": null

2020-04-27 15:12:52 - [TEST_STEP][PASSED] - "Directory sales reconciliation": null

2020-04-27 15:12:52 - [TEST_STEP][PASSED] - verifyTextPresent("Directories", false): Text 'Directories' is present on page 

2020-04-27 15:12:52 - [MESSAGE][PASSED] - Text 'Directories' is present on page 

2020-04-27 15:12:52 - [TEST_STEP][PASSED] - verifyTextPresent("Current", false): Text 'Current' is present on page 

2020-04-27 15:12:53 - [MESSAGE][PASSED] - Text 'Current' is present on page 

2020-04-27 15:12:53 - [TEST_STEP][PASSED] - verifyTextPresent("Future Editions", false): Text 'Future Editions' is present on page 

2020-04-27 15:12:53 - [MESSAGE][PASSED] - Text 'Future Editions' is present on page 

2020-04-27 15:12:53 - [TEST_STEP][PASSED] - verifyTextPresent("Previous Editions", false): Text 'Previous Editions' is present on page 

2020-04-27 15:12:54 - [MESSAGE][PASSED] - Text 'Previous Editions' is present on page 

2020-04-27 15:12:54 - [TEST_STEP][PASSED] - verifyTextPresent("Edition Zero", false): Text 'Edition Zero' is present on page 

2020-04-27 15:12:54 - [MESSAGE][PASSED] - Text 'Edition Zero' is present on page 

2020-04-27 15:12:54 - [TEST_STEP][PASSED] - verifyTextPresent("Search", false): Text 'Search' is present on page 

2020-04-27 15:12:54 - [MESSAGE][PASSED] - Text 'Search' is present on page 

2020-04-27 15:12:54 - [TEST_STEP][PASSED] - verifyTextPresent("Include future and previous editions", false): Text 'Include future and previous editions' is present on page 

2020-04-27 15:12:54 - [MESSAGE][PASSED] - Text 'Include future and previous editions' is present on page 

2020-04-27 15:12:54 - [TEST_STEP][PASSED] - verifyTextPresent("SpaceFinder", false): Text 'SpaceFinder' is present on page 

2020-04-27 15:12:55 - [MESSAGE][PASSED] - Text 'SpaceFinder' is present on page 

2020-04-27 15:12:55 - [MESSAGE][PASSED] - Call Test Case 'Test Cases/Reusable_Test_Sequences/Web_Office/Verification/Reports/Directory_Reconciliation_Report' successfully

2020-04-27 15:12:55 - [TEST_STEP][PASSED] - "--------------------------": null

2020-04-27 15:12:55 - [TEST_STEP][PASSED] - " Teardown - CLose Browser |": null

2020-04-27 15:12:55 - [TEST_STEP][PASSED] - callTestCase(findTestCase("Reusable_Test_Sequences/CAT_Teardown"), [:], OPTIONAL): Call Test Case 'Test Cases/Reusable_Test_Sequences/CAT_Teardown' successfully

2020-04-27 15:12:55 - [TEST_CASE][PASSED] - Test Cases/Reusable_Test_Sequences/CAT_Teardown: Test Cases/Reusable_Test_Sequences/CAT_Teardown

2020-04-27 15:12:55 - [TEST_STEP][PASSED] - closeBrowser(): Browser is closed

2020-04-27 15:12:55 - [MESSAGE][PASSED] - Browser is closed

2020-04-27 15:12:55 - [TEST_STEP][PASSED] - super.finalize(): null

2020-04-27 15:12:55 - [TEST_STEP][PASSED] - System.gc(): null

2020-04-27 15:12:56 - [MESSAGE][PASSED] - Call Test Case 'Test Cases/Reusable_Test_Sequences/CAT_Teardown' successfully]]></system-out>
         <system-err><![CDATA[]]></system-err>
      </testcase>
      <testcase name="Test Cases/Web_Office/Reports/Members_Complaints" time="48.463" classname="Test Cases/Web_Office/Reports/Members_Complaints" status="PASSED">
         <system-out><![CDATA[2020-04-27 15:12:56 - [TEST_CASE][PASSED] - Test Cases/Web_Office/Reports/Members_Complaints: Test Cases/Web_Office/Reports/Members_Complaints

2020-04-27 15:12:56 - [TEST_STEP][PASSED] - "--------------------------------------": null

2020-04-27 15:12:56 - [TEST_STEP][PASSED] - " Web Office StartUp                  |": null

2020-04-27 15:12:56 - [TEST_STEP][PASSED] - callTestCase(findTestCase("Reusable_Test_Sequences/Web_Office/Directives/WebOffice_StartUp"), [:], STOP_ON_FAILURE): Call Test Case 'Test Cases/Reusable_Test_Sequences/Web_Office/Directives/WebOffice_StartUp' successfully

2020-04-27 15:12:56 - [TEST_CASE][PASSED] - Test Cases/Reusable_Test_Sequences/Web_Office/Directives/WebOffice_StartUp: Test Cases/Reusable_Test_Sequences/Web_Office/Directives/WebOffice_StartUp

2020-04-27 15:12:56 - [TEST_STEP][PASSED] - "-----------------------------------------------------------------------------": null

2020-04-27 15:12:56 - [TEST_STEP][PASSED] - if (URL == "https://www.dev.checkatrade.com/"): null

2020-04-27 15:12:56 - [TEST_STEP][PASSED] - "-----------------------------------------------------------------------------": null

2020-04-27 15:12:56 - [TEST_STEP][PASSED] - if (URL == "https://www.checkatrade.com/"): null

2020-04-27 15:12:56 - [TEST_STEP][PASSED] - "-----------------------------------------------------------------------------": null

2020-04-27 15:12:56 - [TEST_STEP][PASSED] - if (URL == "https://www.preview.checkatrade.com/"): null

2020-04-27 15:12:56 - [TEST_STEP][PASSED] - WebOfficeURL = "https://admin.preview.checkatrade.com/": null

2020-04-27 15:12:56 - [TEST_STEP][PASSED] - if (URL == "https://www.dev2.checkatrade.com/"): null

2020-04-27 15:12:56 - [TEST_STEP][PASSED] - "Set Function Area for "URL_Handler", URL Resolution": null

2020-04-27 15:12:56 - [TEST_STEP][PASSED] - "Do Some Magic with URL(s) See the comments within URL Handler ": null

2020-04-27 15:12:56 - [TEST_STEP][PASSED] - "------------------------------------------------": null

2020-04-27 15:12:56 - [TEST_STEP][PASSED] - "Moved Login Credentials to <Default> profile 22/01/2020": null

2020-04-27 15:12:56 - [TEST_STEP][PASSED] - "------------------------------------------------": null

2020-04-27 15:12:56 - [TEST_STEP][PASSED] - "WebOfficeURL - Set from the ENVIRONMENT PROFILE ": null

2020-04-27 15:12:56 - [TEST_STEP][PASSED] - "OPEN BROWSER": null

2020-04-27 15:12:56 - [TEST_STEP][PASSED] - "eg - https://admin.preview.checkatrade.com/  ": null

2020-04-27 15:12:56 - [TEST_STEP][PASSED] - openBrowser(WebOfficeURL): Browser is opened with url: 'https://admin.preview.checkatrade.com/'

2020-04-27 15:12:56 - [MESSAGE][INFO] - Starting 'Chrome' driver

2020-04-27 15:12:56 - [MESSAGE][INFO] - Action delay is set to 0 milliseconds

2020-04-27 15:13:02 - [MESSAGE][PASSED] - Browser is opened with url: 'https://admin.preview.checkatrade.com/'

2020-04-27 15:13:02 - [TEST_STEP][PASSED] - maximizeWindow(): Current window maximized

2020-04-27 15:13:04 - [MESSAGE][PASSED] - Current window maximized

2020-04-27 15:13:04 - [TEST_STEP][PASSED] - waitForElementClickable(findTestObject("Object Repository/WebOffice/Page_Checkatrade - Administration - Login/Login_Button"), 25): Object 'Object Repository/WebOffice/Page_Checkatrade - Administration - Login/Login_Button' is clickable

2020-04-27 15:13:04 - [MESSAGE][PASSED] - Object 'Object Repository/WebOffice/Page_Checkatrade - Administration - Login/Login_Button' is clickable

2020-04-27 15:13:04 - [TEST_STEP][PASSED] - verifyTextPresent("Checkatrade Web Office", false): Text 'Checkatrade Web Office' is present on page 

2020-04-27 15:13:05 - [MESSAGE][PASSED] - Text 'Checkatrade Web Office' is present on page 

2020-04-27 15:13:05 - [TEST_STEP][PASSED] - verifyTextPresent("Access for staff use only", false): Text 'Access for staff use only' is present on page 

2020-04-27 15:13:06 - [MESSAGE][PASSED] - Text 'Access for staff use only' is present on page 

2020-04-27 15:13:06 - [TEST_STEP][PASSED] - verifyTextPresent("Forgotten password?", false): Text 'Forgotten password?' is present on page 

2020-04-27 15:13:06 - [MESSAGE][PASSED] - Text 'Forgotten password?' is present on page 

2020-04-27 15:13:06 - [TEST_STEP][PASSED] - setText(findTestObject("Object Repository/WebOffice/Page_Checkatrade - Administration - Login/input_Username_LoginControlUserName"), wo_Username): Text 'DavidHo' is set on object 'Object Repository/WebOffice/Page_Checkatrade - Administration - Login/input_Username_LoginControlUserName'

2020-04-27 15:13:06 - [MESSAGE][PASSED] - Text 'DavidHo' is set on object 'Object Repository/WebOffice/Page_Checkatrade - Administration - Login/input_Username_LoginControlUserName'

2020-04-27 15:13:06 - [TEST_STEP][PASSED] - setText(findTestObject("Object Repository/WebOffice/Page_Checkatrade - Administration - Login/input_Password_LoginControlPassword"), wo_Password): Text 'Check123' is set on object 'Object Repository/WebOffice/Page_Checkatrade - Administration - Login/input_Password_LoginControlPassword'

2020-04-27 15:13:07 - [MESSAGE][PASSED] - Text 'Check123' is set on object 'Object Repository/WebOffice/Page_Checkatrade - Administration - Login/input_Password_LoginControlPassword'

2020-04-27 15:13:07 - [TEST_STEP][PASSED] - click(findTestObject("Object Repository/WebOffice/Page_Checkatrade - Administration - Login/Login_Button")): Object: 'Object Repository/WebOffice/Page_Checkatrade - Administration - Login/Login_Button' is clicked on

2020-04-27 15:13:10 - [MESSAGE][PASSED] - Object: 'Object Repository/WebOffice/Page_Checkatrade - Administration - Login/Login_Button' is clicked on

2020-04-27 15:13:10 - [TEST_STEP][PASSED] - waitForPageLoad(60): Wait for page load successfully

2020-04-27 15:13:10 - [MESSAGE][PASSED] - Wait for page load successfully

2020-04-27 15:13:10 - [TEST_STEP][PASSED] - verifyTextPresent("Welcome " + wo_Username, false): Text 'Welcome DavidHo' is present on page 

2020-04-27 15:13:10 - [MESSAGE][PASSED] - Text 'Welcome DavidHo' is present on page 

2020-04-27 15:13:10 - [MESSAGE][PASSED] - Call Test Case 'Test Cases/Reusable_Test_Sequences/Web_Office/Directives/WebOffice_StartUp' successfully

2020-04-27 15:13:10 - [TEST_STEP][PASSED] - "-----------------------------------------------------------------": null

2020-04-27 15:13:10 - [TEST_STEP][PASSED] - " Navigate to <Settings->Checkatrade.Com->Sub Item> Menu Item     |": null

2020-04-27 15:13:10 - [TEST_STEP][PASSED] - callTestCase(findTestCase("Reusable_Test_Sequences/Web_Office/Navigation/Sub_Menu_Navigation/Reports/Members_Complaints"), [:], STOP_ON_FAILURE): Call Test Case 'Test Cases/Reusable_Test_Sequences/Web_Office/Navigation/Sub_Menu_Navigation/Reports/Members_Complaints' successfully

2020-04-27 15:13:10 - [TEST_CASE][PASSED] - Test Cases/Reusable_Test_Sequences/Web_Office/Navigation/Sub_Menu_Navigation/Reports/Members_Complaints: Test Cases/Reusable_Test_Sequences/Web_Office/Navigation/Sub_Menu_Navigation/Reports/Members_Complaints

2020-04-27 15:13:10 - [TEST_STEP][PASSED] - "--------------------------------------": null

2020-04-27 15:13:10 - [TEST_STEP][PASSED] - " Navigate Top level menu Item         |": null

2020-04-27 15:13:10 - [TEST_STEP][PASSED] - waitForPageLoad(60): Wait for page load successfully

2020-04-27 15:13:10 - [MESSAGE][PASSED] - Wait for page load successfully

2020-04-27 15:13:10 - [TEST_STEP][PASSED] - waitForElementClickable(findTestObject("Object Repository/WebOffice_Home_page/a_Reports"), 60): Object 'Object Repository/WebOffice_Home_page/a_Reports' is clickable

2020-04-27 15:13:11 - [MESSAGE][PASSED] - Object 'Object Repository/WebOffice_Home_page/a_Reports' is clickable

2020-04-27 15:13:11 - [TEST_STEP][PASSED] - mouseOver(findTestObject("Object Repository/WebOffice_Home_page/a_Reports")): Object: 'Object Repository/WebOffice_Home_page/a_Reports' is hovered

2020-04-27 15:13:11 - [MESSAGE][PASSED] - Object: 'Object Repository/WebOffice_Home_page/a_Reports' is hovered

2020-04-27 15:13:11 - [TEST_STEP][PASSED] - click(findTestObject("Object Repository/WebOffice_Home_page/Page_/a_Members")): Object: 'Object Repository/WebOffice_Home_page/Page_/a_Members' is clicked on

2020-04-27 15:13:11 - [MESSAGE][PASSED] - Object: 'Object Repository/WebOffice_Home_page/Page_/a_Members' is clicked on

2020-04-27 15:13:11 - [TEST_STEP][PASSED] - click(findTestObject("Object Repository/WebOffice_Home_page/Page_/a_Complaints")): Object: 'Object Repository/WebOffice_Home_page/Page_/a_Complaints' is clicked on

2020-04-27 15:13:12 - [MESSAGE][PASSED] - Object: 'Object Repository/WebOffice_Home_page/Page_/a_Complaints' is clicked on

2020-04-27 15:13:12 - [TEST_STEP][PASSED] - waitForPageLoad(5): Wait for page load successfully

2020-04-27 15:13:12 - [MESSAGE][PASSED] - Wait for page load successfully

2020-04-27 15:13:12 - [TEST_STEP][PASSED] - waitForElementClickable(findTestObject("Object Repository/WebOffice_Home_page/Page_/a_Member Complaints"), 5): Object 'Object Repository/WebOffice_Home_page/Page_/a_Member Complaints' is clickable

2020-04-27 15:13:12 - [MESSAGE][PASSED] - Object 'Object Repository/WebOffice_Home_page/Page_/a_Member Complaints' is clickable

2020-04-27 15:13:12 - [TEST_STEP][PASSED] - click(findTestObject("Object Repository/WebOffice_Home_page/Page_/a_Member Complaints")): Object: 'Object Repository/WebOffice_Home_page/Page_/a_Member Complaints' is clicked on

2020-04-27 15:13:20 - [MESSAGE][PASSED] - Object: 'Object Repository/WebOffice_Home_page/Page_/a_Member Complaints' is clicked on

2020-04-27 15:13:20 - [MESSAGE][PASSED] - Call Test Case 'Test Cases/Reusable_Test_Sequences/Web_Office/Navigation/Sub_Menu_Navigation/Reports/Members_Complaints' successfully

2020-04-27 15:13:20 - [TEST_STEP][PASSED] - "--------------------------------------": null

2020-04-27 15:13:20 - [TEST_STEP][PASSED] - " Verify Returned Page Detail          |": null

2020-04-27 15:13:20 - [TEST_STEP][PASSED] - callTestCase(findTestCase("Reusable_Test_Sequences/Web_Office/Verification/Reports/Members_Complaints"), [:], OPTIONAL): Call Test Case 'Test Cases/Reusable_Test_Sequences/Web_Office/Verification/Reports/Members_Complaints' successfully

2020-04-27 15:13:20 - [TEST_CASE][PASSED] - Test Cases/Reusable_Test_Sequences/Web_Office/Verification/Reports/Members_Complaints: Test Cases/Reusable_Test_Sequences/Web_Office/Verification/Reports/Members_Complaints

2020-04-27 15:13:21 - [TEST_STEP][PASSED] - waitForPageLoad(120): Wait for page load successfully

2020-04-27 15:13:21 - [MESSAGE][PASSED] - Wait for page load successfully

2020-04-27 15:13:21 - [TEST_STEP][PASSED] - delay(1): Delayed 1 second(s)

2020-04-27 15:13:22 - [MESSAGE][PASSED] - Delayed 1 second(s)

2020-04-27 15:13:22 - [TEST_STEP][PASSED] - verifyTextPresent("Member Complaints", false): Text 'Member Complaints' is present on page 

2020-04-27 15:13:23 - [MESSAGE][PASSED] - Text 'Member Complaints' is present on page 

2020-04-27 15:13:23 - [TEST_STEP][PASSED] - "----------------------------------------------": null

2020-04-27 15:13:23 - [TEST_STEP][PASSED] - verifyTextPresent("All Available Dates", false): Text 'All Available Dates' is present on page 

2020-04-27 15:13:24 - [MESSAGE][PASSED] - Text 'All Available Dates' is present on page 

2020-04-27 15:13:24 - [TEST_STEP][PASSED] - verifyTextPresent("Trading Standards Area Filter", false): Text 'Trading Standards Area Filter' is present on page 

2020-04-27 15:13:25 - [MESSAGE][PASSED] - Text 'Trading Standards Area Filter' is present on page 

2020-04-27 15:13:25 - [TEST_STEP][PASSED] - verifyTextPresent("Complaint Nature", false): Text 'Complaint Nature' is present on page 

2020-04-27 15:13:27 - [MESSAGE][PASSED] - Text 'Complaint Nature' is present on page 

2020-04-27 15:13:27 - [TEST_STEP][PASSED] - verifyTextPresent("Directory Heading", false): Text 'Directory Heading' is present on page 

2020-04-27 15:13:28 - [MESSAGE][PASSED] - Text 'Directory Heading' is present on page 

2020-04-27 15:13:28 - [TEST_STEP][PASSED] - verifyTextPresent("Company", false): Text 'Company' is present on page 

2020-04-27 15:13:29 - [MESSAGE][PASSED] - Text 'Company' is present on page 

2020-04-27 15:13:29 - [TEST_STEP][PASSED] - verifyTextPresent("Total FBCs", false): Text 'Total FBCs' is present on page 

2020-04-27 15:13:31 - [MESSAGE][PASSED] - Text 'Total FBCs' is present on page 

2020-04-27 15:13:31 - [TEST_STEP][PASSED] - verifyTextPresent("Complaints", false): Text 'Complaints' is present on page 

2020-04-27 15:13:32 - [MESSAGE][PASSED] - Text 'Complaints' is present on page 

2020-04-27 15:13:32 - [TEST_STEP][PASSED] - verifyTextPresent("Failed Spot Check", false): Text 'Failed Spot Check' is present on page 

2020-04-27 15:13:33 - [MESSAGE][PASSED] - Text 'Failed Spot Check' is present on page 

2020-04-27 15:13:33 - [TEST_STEP][PASSED] - verifyTextPresent("Negative Vs Positive", false): Text 'Negative Vs Positive' is present on page 

2020-04-27 15:13:34 - [MESSAGE][PASSED] - Text 'Negative Vs Positive' is present on page 

2020-04-27 15:13:34 - [TEST_STEP][PASSED] - verifyTextPresent("On Probation", false): Text 'On Probation' is present on page 

2020-04-27 15:13:34 - [MESSAGE][PASSED] - Text 'On Probation' is present on page 

2020-04-27 15:13:34 - [TEST_STEP][PASSED] - verifyTextPresent("On Warning", false): Text 'On Warning' is present on page 

2020-04-27 15:13:36 - [MESSAGE][PASSED] - Text 'On Warning' is present on page 

2020-04-27 15:13:36 - [TEST_STEP][PASSED] - verifyTextPresent("FBC Probation", false): Text 'FBC Probation' is present on page 

2020-04-27 15:13:39 - [MESSAGE][PASSED] - Text 'FBC Probation' is present on page 

2020-04-27 15:13:39 - [TEST_STEP][PASSED] - verifyTextPresent("FBC Warning", false): Text 'FBC Warning' is present on page 

2020-04-27 15:13:39 - [MESSAGE][PASSED] - Text 'FBC Warning' is present on page 

2020-04-27 15:13:39 - [TEST_STEP][PASSED] - verifyTextPresent("Overall Score", false): Text 'Overall Score' is present on page 

2020-04-27 15:13:41 - [MESSAGE][PASSED] - Text 'Overall Score' is present on page 

2020-04-27 15:13:41 - [TEST_STEP][PASSED] - "----------------------------------------------": null

2020-04-27 15:13:41 - [TEST_STEP][PASSED] - verifyTextPresent("Ace Lockfast Locksmiths (Sussex)", false): Text 'Ace Lockfast Locksmiths (Sussex)' is present on page 

2020-04-27 15:13:42 - [MESSAGE][PASSED] - Text 'Ace Lockfast Locksmiths (Sussex)' is present on page 

2020-04-27 15:13:42 - [TEST_STEP][PASSED] - verifyTextPresent("Clean-a-Carpet Ltd", false): Text 'Clean-a-Carpet Ltd' is present on page 

2020-04-27 15:13:43 - [MESSAGE][PASSED] - Text 'Clean-a-Carpet Ltd' is present on page 

2020-04-27 15:13:43 - [MESSAGE][PASSED] - Call Test Case 'Test Cases/Reusable_Test_Sequences/Web_Office/Verification/Reports/Members_Complaints' successfully

2020-04-27 15:13:43 - [TEST_STEP][PASSED] - "--------------------------": null

2020-04-27 15:13:43 - [TEST_STEP][PASSED] - " Teardown - CLose Browser |": null

2020-04-27 15:13:43 - [TEST_STEP][PASSED] - callTestCase(findTestCase("Reusable_Test_Sequences/CAT_Teardown"), [:], OPTIONAL): Call Test Case 'Test Cases/Reusable_Test_Sequences/CAT_Teardown' successfully

2020-04-27 15:13:43 - [TEST_CASE][PASSED] - Test Cases/Reusable_Test_Sequences/CAT_Teardown: Test Cases/Reusable_Test_Sequences/CAT_Teardown

2020-04-27 15:13:43 - [TEST_STEP][PASSED] - closeBrowser(): Browser is closed

2020-04-27 15:13:44 - [MESSAGE][PASSED] - Browser is closed

2020-04-27 15:13:44 - [TEST_STEP][PASSED] - super.finalize(): null

2020-04-27 15:13:44 - [TEST_STEP][PASSED] - System.gc(): null

2020-04-27 15:13:44 - [MESSAGE][PASSED] - Call Test Case 'Test Cases/Reusable_Test_Sequences/CAT_Teardown' successfully]]></system-out>
         <system-err><![CDATA[]]></system-err>
      </testcase>
      <testcase name="Test Cases/Web_Office/Reports/Members_Complaints_History" time="33.156" classname="Test Cases/Web_Office/Reports/Members_Complaints_History" status="PASSED">
         <system-out><![CDATA[2020-04-27 15:13:44 - [TEST_CASE][PASSED] - Test Cases/Web_Office/Reports/Members_Complaints_History: Test Cases/Web_Office/Reports/Members_Complaints_History

2020-04-27 15:13:44 - [TEST_STEP][PASSED] - "--------------------------------------": null

2020-04-27 15:13:44 - [TEST_STEP][PASSED] - " Web Office StartUp                  |": null

2020-04-27 15:13:44 - [TEST_STEP][PASSED] - callTestCase(findTestCase("Reusable_Test_Sequences/Web_Office/Directives/WebOffice_StartUp"), [:], STOP_ON_FAILURE): Call Test Case 'Test Cases/Reusable_Test_Sequences/Web_Office/Directives/WebOffice_StartUp' successfully

2020-04-27 15:13:44 - [TEST_CASE][PASSED] - Test Cases/Reusable_Test_Sequences/Web_Office/Directives/WebOffice_StartUp: Test Cases/Reusable_Test_Sequences/Web_Office/Directives/WebOffice_StartUp

2020-04-27 15:13:44 - [TEST_STEP][PASSED] - "-----------------------------------------------------------------------------": null

2020-04-27 15:13:44 - [TEST_STEP][PASSED] - if (URL == "https://www.dev.checkatrade.com/"): null

2020-04-27 15:13:44 - [TEST_STEP][PASSED] - "-----------------------------------------------------------------------------": null

2020-04-27 15:13:44 - [TEST_STEP][PASSED] - if (URL == "https://www.checkatrade.com/"): null

2020-04-27 15:13:44 - [TEST_STEP][PASSED] - "-----------------------------------------------------------------------------": null

2020-04-27 15:13:44 - [TEST_STEP][PASSED] - if (URL == "https://www.preview.checkatrade.com/"): null

2020-04-27 15:13:44 - [TEST_STEP][PASSED] - WebOfficeURL = "https://admin.preview.checkatrade.com/": null

2020-04-27 15:13:44 - [TEST_STEP][PASSED] - if (URL == "https://www.dev2.checkatrade.com/"): null

2020-04-27 15:13:44 - [TEST_STEP][PASSED] - "Set Function Area for "URL_Handler", URL Resolution": null

2020-04-27 15:13:44 - [TEST_STEP][PASSED] - "Do Some Magic with URL(s) See the comments within URL Handler ": null

2020-04-27 15:13:44 - [TEST_STEP][PASSED] - "------------------------------------------------": null

2020-04-27 15:13:44 - [TEST_STEP][PASSED] - "Moved Login Credentials to <Default> profile 22/01/2020": null

2020-04-27 15:13:44 - [TEST_STEP][PASSED] - "------------------------------------------------": null

2020-04-27 15:13:44 - [TEST_STEP][PASSED] - "WebOfficeURL - Set from the ENVIRONMENT PROFILE ": null

2020-04-27 15:13:44 - [TEST_STEP][PASSED] - "OPEN BROWSER": null

2020-04-27 15:13:44 - [TEST_STEP][PASSED] - "eg - https://admin.preview.checkatrade.com/  ": null

2020-04-27 15:13:44 - [TEST_STEP][PASSED] - openBrowser(WebOfficeURL): Browser is opened with url: 'https://admin.preview.checkatrade.com/'

2020-04-27 15:13:44 - [MESSAGE][INFO] - Starting 'Chrome' driver

2020-04-27 15:13:44 - [MESSAGE][INFO] - Action delay is set to 0 milliseconds

2020-04-27 15:13:49 - [MESSAGE][PASSED] - Browser is opened with url: 'https://admin.preview.checkatrade.com/'

2020-04-27 15:13:49 - [TEST_STEP][PASSED] - maximizeWindow(): Current window maximized

2020-04-27 15:13:52 - [MESSAGE][PASSED] - Current window maximized

2020-04-27 15:13:52 - [TEST_STEP][PASSED] - waitForElementClickable(findTestObject("Object Repository/WebOffice/Page_Checkatrade - Administration - Login/Login_Button"), 25): Object 'Object Repository/WebOffice/Page_Checkatrade - Administration - Login/Login_Button' is clickable

2020-04-27 15:13:52 - [MESSAGE][PASSED] - Object 'Object Repository/WebOffice/Page_Checkatrade - Administration - Login/Login_Button' is clickable

2020-04-27 15:13:52 - [TEST_STEP][PASSED] - verifyTextPresent("Checkatrade Web Office", false): Text 'Checkatrade Web Office' is present on page 

2020-04-27 15:13:52 - [MESSAGE][PASSED] - Text 'Checkatrade Web Office' is present on page 

2020-04-27 15:13:52 - [TEST_STEP][PASSED] - verifyTextPresent("Access for staff use only", false): Text 'Access for staff use only' is present on page 

2020-04-27 15:13:52 - [MESSAGE][PASSED] - Text 'Access for staff use only' is present on page 

2020-04-27 15:13:52 - [TEST_STEP][PASSED] - verifyTextPresent("Forgotten password?", false): Text 'Forgotten password?' is present on page 

2020-04-27 15:13:52 - [MESSAGE][PASSED] - Text 'Forgotten password?' is present on page 

2020-04-27 15:13:52 - [TEST_STEP][PASSED] - setText(findTestObject("Object Repository/WebOffice/Page_Checkatrade - Administration - Login/input_Username_LoginControlUserName"), wo_Username): Text 'DavidHo' is set on object 'Object Repository/WebOffice/Page_Checkatrade - Administration - Login/input_Username_LoginControlUserName'

2020-04-27 15:13:52 - [MESSAGE][PASSED] - Text 'DavidHo' is set on object 'Object Repository/WebOffice/Page_Checkatrade - Administration - Login/input_Username_LoginControlUserName'

2020-04-27 15:13:52 - [TEST_STEP][PASSED] - setText(findTestObject("Object Repository/WebOffice/Page_Checkatrade - Administration - Login/input_Password_LoginControlPassword"), wo_Password): Text 'Check123' is set on object 'Object Repository/WebOffice/Page_Checkatrade - Administration - Login/input_Password_LoginControlPassword'

2020-04-27 15:13:52 - [MESSAGE][PASSED] - Text 'Check123' is set on object 'Object Repository/WebOffice/Page_Checkatrade - Administration - Login/input_Password_LoginControlPassword'

2020-04-27 15:13:52 - [TEST_STEP][PASSED] - click(findTestObject("Object Repository/WebOffice/Page_Checkatrade - Administration - Login/Login_Button")): Object: 'Object Repository/WebOffice/Page_Checkatrade - Administration - Login/Login_Button' is clicked on

2020-04-27 15:13:53 - [MESSAGE][PASSED] - Object: 'Object Repository/WebOffice/Page_Checkatrade - Administration - Login/Login_Button' is clicked on

2020-04-27 15:13:53 - [TEST_STEP][PASSED] - waitForPageLoad(60): Wait for page load successfully

2020-04-27 15:13:53 - [MESSAGE][PASSED] - Wait for page load successfully

2020-04-27 15:13:53 - [TEST_STEP][PASSED] - verifyTextPresent("Welcome " + wo_Username, false): Text 'Welcome DavidHo' is present on page 

2020-04-27 15:13:53 - [MESSAGE][PASSED] - Text 'Welcome DavidHo' is present on page 

2020-04-27 15:13:53 - [MESSAGE][PASSED] - Call Test Case 'Test Cases/Reusable_Test_Sequences/Web_Office/Directives/WebOffice_StartUp' successfully

2020-04-27 15:13:53 - [TEST_STEP][PASSED] - "-----------------------------------------------------------------": null

2020-04-27 15:13:53 - [TEST_STEP][PASSED] - " Navigate to <Settings->Checkatrade.Com->Sub Item> Menu Item     |": null

2020-04-27 15:13:53 - [TEST_STEP][PASSED] - callTestCase(findTestCase("Reusable_Test_Sequences/Web_Office/Navigation/Sub_Menu_Navigation/Reports/Members_Complaints_History"), [:], STOP_ON_FAILURE): Call Test Case 'Test Cases/Reusable_Test_Sequences/Web_Office/Navigation/Sub_Menu_Navigation/Reports/Members_Complaints_History' successfully

2020-04-27 15:13:53 - [TEST_CASE][PASSED] - Test Cases/Reusable_Test_Sequences/Web_Office/Navigation/Sub_Menu_Navigation/Reports/Members_Complaints_History: Test Cases/Reusable_Test_Sequences/Web_Office/Navigation/Sub_Menu_Navigation/Reports/Members_Complaints_History

2020-04-27 15:13:53 - [TEST_STEP][PASSED] - "--------------------------------------": null

2020-04-27 15:13:53 - [TEST_STEP][PASSED] - " Navigate Top level menu Item         |": null

2020-04-27 15:13:53 - [TEST_STEP][PASSED] - waitForPageLoad(60): Wait for page load successfully

2020-04-27 15:13:53 - [MESSAGE][PASSED] - Wait for page load successfully

2020-04-27 15:13:53 - [TEST_STEP][PASSED] - waitForElementClickable(findTestObject("Object Repository/WebOffice_Home_page/a_Reports"), 60): Object 'Object Repository/WebOffice_Home_page/a_Reports' is clickable

2020-04-27 15:13:53 - [MESSAGE][PASSED] - Object 'Object Repository/WebOffice_Home_page/a_Reports' is clickable

2020-04-27 15:13:53 - [TEST_STEP][PASSED] - mouseOver(findTestObject("Object Repository/WebOffice_Home_page/a_Reports")): Object: 'Object Repository/WebOffice_Home_page/a_Reports' is hovered

2020-04-27 15:13:54 - [MESSAGE][PASSED] - Object: 'Object Repository/WebOffice_Home_page/a_Reports' is hovered

2020-04-27 15:13:54 - [TEST_STEP][PASSED] - click(findTestObject("Object Repository/WebOffice_Home_page/Page_/a_Members")): Object: 'Object Repository/WebOffice_Home_page/Page_/a_Members' is clicked on

2020-04-27 15:13:54 - [MESSAGE][PASSED] - Object: 'Object Repository/WebOffice_Home_page/Page_/a_Members' is clicked on

2020-04-27 15:13:54 - [TEST_STEP][PASSED] - click(findTestObject("Object Repository/WebOffice_Home_page/Page_/a_Complaints")): Object: 'Object Repository/WebOffice_Home_page/Page_/a_Complaints' is clicked on

2020-04-27 15:13:54 - [MESSAGE][PASSED] - Object: 'Object Repository/WebOffice_Home_page/Page_/a_Complaints' is clicked on

2020-04-27 15:13:54 - [TEST_STEP][PASSED] - waitForPageLoad(5): Wait for page load successfully

2020-04-27 15:13:54 - [MESSAGE][PASSED] - Wait for page load successfully

2020-04-27 15:13:54 - [TEST_STEP][PASSED] - waitForElementClickable(findTestObject("Object Repository/WebOffice_Home_page/Page_/a_Complaints History"), 5): Object 'Object Repository/WebOffice_Home_page/Page_/a_Complaints History' is clickable

2020-04-27 15:13:54 - [MESSAGE][PASSED] - Object 'Object Repository/WebOffice_Home_page/Page_/a_Complaints History' is clickable

2020-04-27 15:13:54 - [TEST_STEP][PASSED] - click(findTestObject("Object Repository/WebOffice_Home_page/Page_/a_Complaints History")): Object: 'Object Repository/WebOffice_Home_page/Page_/a_Complaints History' is clicked on

2020-04-27 15:13:54 - [MESSAGE][PASSED] - Object: 'Object Repository/WebOffice_Home_page/Page_/a_Complaints History' is clicked on

2020-04-27 15:13:54 - [MESSAGE][PASSED] - Call Test Case 'Test Cases/Reusable_Test_Sequences/Web_Office/Navigation/Sub_Menu_Navigation/Reports/Members_Complaints_History' successfully

2020-04-27 15:13:54 - [TEST_STEP][PASSED] - "--------------------------------------": null

2020-04-27 15:13:54 - [TEST_STEP][PASSED] - " Verify Returned Page Detail          |": null

2020-04-27 15:13:54 - [TEST_STEP][PASSED] - callTestCase(findTestCase("Reusable_Test_Sequences/Web_Office/Verification/Reports/Members_Complaints_History"), [:], OPTIONAL): Call Test Case 'Test Cases/Reusable_Test_Sequences/Web_Office/Verification/Reports/Members_Complaints_History' successfully

2020-04-27 15:13:55 - [TEST_CASE][PASSED] - Test Cases/Reusable_Test_Sequences/Web_Office/Verification/Reports/Members_Complaints_History: Test Cases/Reusable_Test_Sequences/Web_Office/Verification/Reports/Members_Complaints_History

2020-04-27 15:13:55 - [TEST_STEP][PASSED] - waitForPageLoad(120): Wait for page load successfully

2020-04-27 15:13:55 - [MESSAGE][PASSED] - Wait for page load successfully

2020-04-27 15:13:55 - [TEST_STEP][PASSED] - delay(1): Delayed 1 second(s)

2020-04-27 15:13:56 - [MESSAGE][PASSED] - Delayed 1 second(s)

2020-04-27 15:13:56 - [TEST_STEP][PASSED] - verifyTextPresent("Complaints History", false): Text 'Complaints History' is present on page 

2020-04-27 15:13:57 - [MESSAGE][PASSED] - Text 'Complaints History' is present on page 

2020-04-27 15:13:57 - [TEST_STEP][PASSED] - "----------------------------------------------": null

2020-04-27 15:13:57 - [TEST_STEP][PASSED] - verifyTextPresent("Filter on complaint creation date", false): Text 'Filter on complaint creation date' is present on page 

2020-04-27 15:13:58 - [MESSAGE][PASSED] - Text 'Filter on complaint creation date' is present on page 

2020-04-27 15:13:58 - [TEST_STEP][PASSED] - verifyTextPresent("Company", false): Text 'Company' is present on page 

2020-04-27 15:13:59 - [MESSAGE][PASSED] - Text 'Company' is present on page 

2020-04-27 15:13:59 - [TEST_STEP][PASSED] - "----------------------------------------------": null

2020-04-27 15:13:59 - [TEST_STEP][PASSED] - verifyTextPresent("Status", false): Text 'Status' is present on page 

2020-04-27 15:14:00 - [MESSAGE][PASSED] - Text 'Status' is present on page 

2020-04-27 15:14:00 - [TEST_STEP][PASSED] - verifyTextPresent("Source", false): Text 'Source' is present on page 

2020-04-27 15:14:01 - [MESSAGE][PASSED] - Text 'Source' is present on page 

2020-04-27 15:14:01 - [TEST_STEP][PASSED] - verifyTextPresent("Complaint Nature", false): Text 'Complaint Nature' is present on page 

2020-04-27 15:14:02 - [MESSAGE][PASSED] - Text 'Complaint Nature' is present on page 

2020-04-27 15:14:02 - [TEST_STEP][PASSED] - verifyTextPresent("Days to Reply", false): Text 'Days to Reply' is present on page 

2020-04-27 15:14:03 - [MESSAGE][PASSED] - Text 'Days to Reply' is present on page 

2020-04-27 15:14:03 - [TEST_STEP][PASSED] - verifyTextPresent("Days to Publish", false): Text 'Days to Publish' is present on page 

2020-04-27 15:14:04 - [MESSAGE][PASSED] - Text 'Days to Publish' is present on page 

2020-04-27 15:14:04 - [TEST_STEP][PASSED] - verifyTextPresent("Complaint Type", false): Text 'Complaint Type' is present on page 

2020-04-27 15:14:05 - [MESSAGE][PASSED] - Text 'Complaint Type' is present on page 

2020-04-27 15:14:05 - [TEST_STEP][PASSED] - verifyTextPresent("Customer", false): Text 'Customer' is present on page 

2020-04-27 15:14:06 - [MESSAGE][PASSED] - Text 'Customer' is present on page 

2020-04-27 15:14:06 - [TEST_STEP][PASSED] - verifyTextPresent("Received", false): Text 'Received' is present on page 

2020-04-27 15:14:07 - [MESSAGE][PASSED] - Text 'Received' is present on page 

2020-04-27 15:14:07 - [TEST_STEP][PASSED] - verifyTextPresent("Trade Reply-by Date", false): Text 'Trade Reply-by Date' is present on page 

2020-04-27 15:14:08 - [MESSAGE][PASSED] - Text 'Trade Reply-by Date' is present on page 

2020-04-27 15:14:08 - [TEST_STEP][PASSED] - verifyTextPresent("Published Date", false): Text 'Published Date' is present on page 

2020-04-27 15:14:09 - [MESSAGE][PASSED] - Text 'Published Date' is present on page 

2020-04-27 15:14:09 - [TEST_STEP][PASSED] - verifyTextPresent("Outcome", false): Text 'Outcome' is present on page 

2020-04-27 15:14:10 - [MESSAGE][PASSED] - Text 'Outcome' is present on page 

2020-04-27 15:14:10 - [TEST_STEP][PASSED] - verifyTextPresent("rading Standards Office", false): Text 'rading Standards Office' is present on page 

2020-04-27 15:14:11 - [MESSAGE][PASSED] - Text 'rading Standards Office' is present on page 

2020-04-27 15:14:11 - [TEST_STEP][PASSED] - "----------------------------------------------": null

2020-04-27 15:14:11 - [TEST_STEP][PASSED] - verifyTextPresent("Test Account", false): Text 'Test Account' is present on page 

2020-04-27 15:14:11 - [MESSAGE][PASSED] - Text 'Test Account' is present on page 

2020-04-27 15:14:11 - [TEST_STEP][PASSED] - verifyTextPresent("No Work Carried Out", false): Text 'No Work Carried Out' is present on page 

2020-04-27 15:14:12 - [MESSAGE][PASSED] - Text 'No Work Carried Out' is present on page 

2020-04-27 15:14:12 - [TEST_STEP][PASSED] - verifyTextPresent("Andy Austen Kitchens", false): Text 'Andy Austen Kitchens' is present on page 

2020-04-27 15:14:13 - [MESSAGE][PASSED] - Text 'Andy Austen Kitchens' is present on page 

2020-04-27 15:14:13 - [TEST_STEP][PASSED] - verifyTextPresent("Mr Ron Smith", false): Text 'Mr Ron Smith' is present on page 

2020-04-27 15:14:15 - [MESSAGE][PASSED] - Text 'Mr Ron Smith' is present on page 

2020-04-27 15:14:15 - [MESSAGE][PASSED] - Call Test Case 'Test Cases/Reusable_Test_Sequences/Web_Office/Verification/Reports/Members_Complaints_History' successfully

2020-04-27 15:14:15 - [TEST_STEP][PASSED] - "--------------------------": null

2020-04-27 15:14:15 - [TEST_STEP][PASSED] - " Teardown - CLose Browser |": null

2020-04-27 15:14:15 - [TEST_STEP][PASSED] - callTestCase(findTestCase("Reusable_Test_Sequences/CAT_Teardown"), [:], OPTIONAL): Call Test Case 'Test Cases/Reusable_Test_Sequences/CAT_Teardown' successfully

2020-04-27 15:14:15 - [TEST_CASE][PASSED] - Test Cases/Reusable_Test_Sequences/CAT_Teardown: Test Cases/Reusable_Test_Sequences/CAT_Teardown

2020-04-27 15:14:15 - [TEST_STEP][PASSED] - closeBrowser(): Browser is closed

2020-04-27 15:14:17 - [MESSAGE][PASSED] - Browser is closed

2020-04-27 15:14:17 - [TEST_STEP][PASSED] - super.finalize(): null

2020-04-27 15:14:17 - [TEST_STEP][PASSED] - System.gc(): null

2020-04-27 15:14:17 - [MESSAGE][PASSED] - Call Test Case 'Test Cases/Reusable_Test_Sequences/CAT_Teardown' successfully]]></system-out>
         <system-err><![CDATA[]]></system-err>
      </testcase>
      <testcase name="Test Cases/Web_Office/Reports/Total_Leads_Enquiries" time="14.97" classname="Test Cases/Web_Office/Reports/Total_Leads_Enquiries" status="PASSED">
         <system-out><![CDATA[2020-04-27 15:14:17 - [TEST_CASE][PASSED] - Test Cases/Web_Office/Reports/Total_Leads_Enquiries: Test Cases/Web_Office/Reports/Total_Leads_Enquiries

2020-04-27 15:14:18 - [TEST_STEP][PASSED] - "--------------------------------------": null

2020-04-27 15:14:18 - [TEST_STEP][PASSED] - " Web Office StartUp                   |": null

2020-04-27 15:14:18 - [TEST_STEP][PASSED] - callTestCase(findTestCase("Reusable_Test_Sequences/Web_Office/Directives/WebOffice_StartUp"), [:], STOP_ON_FAILURE): Call Test Case 'Test Cases/Reusable_Test_Sequences/Web_Office/Directives/WebOffice_StartUp' successfully

2020-04-27 15:14:18 - [TEST_CASE][PASSED] - Test Cases/Reusable_Test_Sequences/Web_Office/Directives/WebOffice_StartUp: Test Cases/Reusable_Test_Sequences/Web_Office/Directives/WebOffice_StartUp

2020-04-27 15:14:18 - [TEST_STEP][PASSED] - "-----------------------------------------------------------------------------": null

2020-04-27 15:14:18 - [TEST_STEP][PASSED] - if (URL == "https://www.dev.checkatrade.com/"): null

2020-04-27 15:14:18 - [TEST_STEP][PASSED] - "-----------------------------------------------------------------------------": null

2020-04-27 15:14:18 - [TEST_STEP][PASSED] - if (URL == "https://www.checkatrade.com/"): null

2020-04-27 15:14:18 - [TEST_STEP][PASSED] - "-----------------------------------------------------------------------------": null

2020-04-27 15:14:18 - [TEST_STEP][PASSED] - if (URL == "https://www.preview.checkatrade.com/"): null

2020-04-27 15:14:18 - [TEST_STEP][PASSED] - WebOfficeURL = "https://admin.preview.checkatrade.com/": null

2020-04-27 15:14:18 - [TEST_STEP][PASSED] - if (URL == "https://www.dev2.checkatrade.com/"): null

2020-04-27 15:14:18 - [TEST_STEP][PASSED] - "Set Function Area for "URL_Handler", URL Resolution": null

2020-04-27 15:14:18 - [TEST_STEP][PASSED] - "Do Some Magic with URL(s) See the comments within URL Handler ": null

2020-04-27 15:14:18 - [TEST_STEP][PASSED] - "------------------------------------------------": null

2020-04-27 15:14:18 - [TEST_STEP][PASSED] - "Moved Login Credentials to <Default> profile 22/01/2020": null

2020-04-27 15:14:18 - [TEST_STEP][PASSED] - "------------------------------------------------": null

2020-04-27 15:14:18 - [TEST_STEP][PASSED] - "WebOfficeURL - Set from the ENVIRONMENT PROFILE ": null

2020-04-27 15:14:18 - [TEST_STEP][PASSED] - "OPEN BROWSER": null

2020-04-27 15:14:18 - [TEST_STEP][PASSED] - "eg - https://admin.preview.checkatrade.com/  ": null

2020-04-27 15:14:18 - [TEST_STEP][PASSED] - openBrowser(WebOfficeURL): Browser is opened with url: 'https://admin.preview.checkatrade.com/'

2020-04-27 15:14:18 - [MESSAGE][INFO] - Starting 'Chrome' driver

2020-04-27 15:14:18 - [MESSAGE][INFO] - Action delay is set to 0 milliseconds

2020-04-27 15:14:23 - [MESSAGE][PASSED] - Browser is opened with url: 'https://admin.preview.checkatrade.com/'

2020-04-27 15:14:23 - [TEST_STEP][PASSED] - maximizeWindow(): Current window maximized

2020-04-27 15:14:25 - [MESSAGE][PASSED] - Current window maximized

2020-04-27 15:14:25 - [TEST_STEP][PASSED] - waitForElementClickable(findTestObject("Object Repository/WebOffice/Page_Checkatrade - Administration - Login/Login_Button"), 25): Object 'Object Repository/WebOffice/Page_Checkatrade - Administration - Login/Login_Button' is clickable

2020-04-27 15:14:25 - [MESSAGE][PASSED] - Object 'Object Repository/WebOffice/Page_Checkatrade - Administration - Login/Login_Button' is clickable

2020-04-27 15:14:25 - [TEST_STEP][PASSED] - verifyTextPresent("Checkatrade Web Office", false): Text 'Checkatrade Web Office' is present on page 

2020-04-27 15:14:25 - [MESSAGE][PASSED] - Text 'Checkatrade Web Office' is present on page 

2020-04-27 15:14:25 - [TEST_STEP][PASSED] - verifyTextPresent("Access for staff use only", false): Text 'Access for staff use only' is present on page 

2020-04-27 15:14:25 - [MESSAGE][PASSED] - Text 'Access for staff use only' is present on page 

2020-04-27 15:14:25 - [TEST_STEP][PASSED] - verifyTextPresent("Forgotten password?", false): Text 'Forgotten password?' is present on page 

2020-04-27 15:14:25 - [MESSAGE][PASSED] - Text 'Forgotten password?' is present on page 

2020-04-27 15:14:25 - [TEST_STEP][PASSED] - setText(findTestObject("Object Repository/WebOffice/Page_Checkatrade - Administration - Login/input_Username_LoginControlUserName"), wo_Username): Text 'DavidHo' is set on object 'Object Repository/WebOffice/Page_Checkatrade - Administration - Login/input_Username_LoginControlUserName'

2020-04-27 15:14:26 - [MESSAGE][PASSED] - Text 'DavidHo' is set on object 'Object Repository/WebOffice/Page_Checkatrade - Administration - Login/input_Username_LoginControlUserName'

2020-04-27 15:14:26 - [TEST_STEP][PASSED] - setText(findTestObject("Object Repository/WebOffice/Page_Checkatrade - Administration - Login/input_Password_LoginControlPassword"), wo_Password): Text 'Check123' is set on object 'Object Repository/WebOffice/Page_Checkatrade - Administration - Login/input_Password_LoginControlPassword'

2020-04-27 15:14:26 - [MESSAGE][PASSED] - Text 'Check123' is set on object 'Object Repository/WebOffice/Page_Checkatrade - Administration - Login/input_Password_LoginControlPassword'

2020-04-27 15:14:26 - [TEST_STEP][PASSED] - click(findTestObject("Object Repository/WebOffice/Page_Checkatrade - Administration - Login/Login_Button")): Object: 'Object Repository/WebOffice/Page_Checkatrade - Administration - Login/Login_Button' is clicked on

2020-04-27 15:14:27 - [MESSAGE][PASSED] - Object: 'Object Repository/WebOffice/Page_Checkatrade - Administration - Login/Login_Button' is clicked on

2020-04-27 15:14:27 - [TEST_STEP][PASSED] - waitForPageLoad(60): Wait for page load successfully

2020-04-27 15:14:27 - [MESSAGE][PASSED] - Wait for page load successfully

2020-04-27 15:14:27 - [TEST_STEP][PASSED] - verifyTextPresent("Welcome " + wo_Username, false): Text 'Welcome DavidHo' is present on page 

2020-04-27 15:14:27 - [MESSAGE][PASSED] - Text 'Welcome DavidHo' is present on page 

2020-04-27 15:14:27 - [MESSAGE][PASSED] - Call Test Case 'Test Cases/Reusable_Test_Sequences/Web_Office/Directives/WebOffice_StartUp' successfully

2020-04-27 15:14:27 - [TEST_STEP][PASSED] - "-----------------------------------------------------------------": null

2020-04-27 15:14:27 - [TEST_STEP][PASSED] - " Navigate to <Settings->Checkatrade.Com->Sub Item> Menu Item     |": null

2020-04-27 15:14:27 - [TEST_STEP][PASSED] - callTestCase(findTestCase("Reusable_Test_Sequences/Web_Office/Navigation/Sub_Menu_Navigation/Reports/Total_Leads_Enquiries"), [:], STOP_ON_FAILURE): Call Test Case 'Test Cases/Reusable_Test_Sequences/Web_Office/Navigation/Sub_Menu_Navigation/Reports/Total_Leads_Enquiries' successfully

2020-04-27 15:14:27 - [TEST_CASE][PASSED] - Test Cases/Reusable_Test_Sequences/Web_Office/Navigation/Sub_Menu_Navigation/Reports/Total_Leads_Enquiries: Test Cases/Reusable_Test_Sequences/Web_Office/Navigation/Sub_Menu_Navigation/Reports/Total_Leads_Enquiries

2020-04-27 15:14:27 - [TEST_STEP][PASSED] - "--------------------------------------": null

2020-04-27 15:14:27 - [TEST_STEP][PASSED] - " Navigate Top level menu Item         |": null

2020-04-27 15:14:27 - [TEST_STEP][PASSED] - waitForPageLoad(60): Wait for page load successfully

2020-04-27 15:14:27 - [MESSAGE][PASSED] - Wait for page load successfully

2020-04-27 15:14:27 - [TEST_STEP][PASSED] - waitForElementClickable(findTestObject("Object Repository/WebOffice_Home_page/a_Reports"), 60): Object 'Object Repository/WebOffice_Home_page/a_Reports' is clickable

2020-04-27 15:14:27 - [MESSAGE][PASSED] - Object 'Object Repository/WebOffice_Home_page/a_Reports' is clickable

2020-04-27 15:14:27 - [TEST_STEP][PASSED] - mouseOver(findTestObject("Object Repository/WebOffice_Home_page/a_Reports")): Object: 'Object Repository/WebOffice_Home_page/a_Reports' is hovered

2020-04-27 15:14:28 - [MESSAGE][PASSED] - Object: 'Object Repository/WebOffice_Home_page/a_Reports' is hovered

2020-04-27 15:14:28 - [TEST_STEP][PASSED] - click(findTestObject("Object Repository/WebOffice_Home_page/Page_/a_Members")): Object: 'Object Repository/WebOffice_Home_page/Page_/a_Members' is clicked on

2020-04-27 15:14:28 - [MESSAGE][PASSED] - Object: 'Object Repository/WebOffice_Home_page/Page_/a_Members' is clicked on

2020-04-27 15:14:28 - [TEST_STEP][PASSED] - waitForPageLoad(5): Wait for page load successfully

2020-04-27 15:14:28 - [MESSAGE][PASSED] - Wait for page load successfully

2020-04-27 15:14:28 - [TEST_STEP][PASSED] - waitForElementClickable(findTestObject("Object Repository/WebOffice_Home_page/Page_/a_Total Leads and Enquiries"), 5): Object 'Object Repository/WebOffice_Home_page/Page_/a_Total Leads and Enquiries' is clickable

2020-04-27 15:14:28 - [MESSAGE][PASSED] - Object 'Object Repository/WebOffice_Home_page/Page_/a_Total Leads and Enquiries' is clickable

2020-04-27 15:14:28 - [TEST_STEP][PASSED] - click(findTestObject("Object Repository/WebOffice_Home_page/Page_/a_Total Leads and Enquiries")): Object: 'Object Repository/WebOffice_Home_page/Page_/a_Total Leads and Enquiries' is clicked on

2020-04-27 15:14:29 - [MESSAGE][PASSED] - Object: 'Object Repository/WebOffice_Home_page/Page_/a_Total Leads and Enquiries' is clicked on

2020-04-27 15:14:29 - [MESSAGE][PASSED] - Call Test Case 'Test Cases/Reusable_Test_Sequences/Web_Office/Navigation/Sub_Menu_Navigation/Reports/Total_Leads_Enquiries' successfully

2020-04-27 15:14:29 - [TEST_STEP][PASSED] - "--------------------------------------": null

2020-04-27 15:14:29 - [TEST_STEP][PASSED] - " Verify Returned Page Detail          |": null

2020-04-27 15:14:29 - [TEST_STEP][PASSED] - callTestCase(findTestCase("Reusable_Test_Sequences/Web_Office/Verification/Reports/Total_Leads_Enquiries"), [:], OPTIONAL): Call Test Case 'Test Cases/Reusable_Test_Sequences/Web_Office/Verification/Reports/Total_Leads_Enquiries' successfully

2020-04-27 15:14:29 - [TEST_CASE][PASSED] - Test Cases/Reusable_Test_Sequences/Web_Office/Verification/Reports/Total_Leads_Enquiries: Test Cases/Reusable_Test_Sequences/Web_Office/Verification/Reports/Total_Leads_Enquiries

2020-04-27 15:14:29 - [TEST_STEP][PASSED] - waitForPageLoad(120): Wait for page load successfully

2020-04-27 15:14:29 - [MESSAGE][PASSED] - Wait for page load successfully

2020-04-27 15:14:29 - [TEST_STEP][PASSED] - delay(1): Delayed 1 second(s)

2020-04-27 15:14:30 - [MESSAGE][PASSED] - Delayed 1 second(s)

2020-04-27 15:14:30 - [TEST_STEP][PASSED] - verifyTextPresent("Total Number of Enquiries and Leads", false): Text 'Total Number of Enquiries and Leads' is present on page 

2020-04-27 15:14:30 - [MESSAGE][PASSED] - Text 'Total Number of Enquiries and Leads' is present on page 

2020-04-27 15:14:30 - [TEST_STEP][PASSED] - "----------------------------------------------": null

2020-04-27 15:14:30 - [TEST_STEP][PASSED] - verifyTextPresent("From", false): Text 'From' is present on page 

2020-04-27 15:14:31 - [MESSAGE][PASSED] - Text 'From' is present on page 

2020-04-27 15:14:31 - [TEST_STEP][PASSED] - verifyTextPresent("To", false): Text 'To' is present on page 

2020-04-27 15:14:31 - [MESSAGE][PASSED] - Text 'To' is present on page 

2020-04-27 15:14:31 - [MESSAGE][PASSED] - Call Test Case 'Test Cases/Reusable_Test_Sequences/Web_Office/Verification/Reports/Total_Leads_Enquiries' successfully

2020-04-27 15:14:31 - [TEST_STEP][PASSED] - "--------------------------": null

2020-04-27 15:14:31 - [TEST_STEP][PASSED] - " Teardown - CLose Browser |": null

2020-04-27 15:14:31 - [TEST_STEP][PASSED] - callTestCase(findTestCase("Reusable_Test_Sequences/CAT_Teardown"), [:], OPTIONAL): Call Test Case 'Test Cases/Reusable_Test_Sequences/CAT_Teardown' successfully

2020-04-27 15:14:31 - [TEST_CASE][PASSED] - Test Cases/Reusable_Test_Sequences/CAT_Teardown: Test Cases/Reusable_Test_Sequences/CAT_Teardown

2020-04-27 15:14:31 - [TEST_STEP][PASSED] - closeBrowser(): Browser is closed

2020-04-27 15:14:32 - [MESSAGE][PASSED] - Browser is closed

2020-04-27 15:14:32 - [TEST_STEP][PASSED] - super.finalize(): null

2020-04-27 15:14:32 - [TEST_STEP][PASSED] - System.gc(): null

2020-04-27 15:14:32 - [MESSAGE][PASSED] - Call Test Case 'Test Cases/Reusable_Test_Sequences/CAT_Teardown' successfully]]></system-out>
         <system-err><![CDATA[]]></system-err>
      </testcase>
      <testcase name="Test Cases/Web_Office/Reports/Leads_For_All_Companies" time="20.056" classname="Test Cases/Web_Office/Reports/Leads_For_All_Companies" status="PASSED">
         <system-out><![CDATA[2020-04-27 15:14:32 - [TEST_CASE][PASSED] - Test Cases/Web_Office/Reports/Leads_For_All_Companies: Test Cases/Web_Office/Reports/Leads_For_All_Companies

2020-04-27 15:14:33 - [TEST_STEP][PASSED] - "--------------------------------------": null

2020-04-27 15:14:33 - [TEST_STEP][PASSED] - " Web Office StartUp                   |": null

2020-04-27 15:14:33 - [TEST_STEP][PASSED] - callTestCase(findTestCase("Reusable_Test_Sequences/Web_Office/Directives/WebOffice_StartUp"), [:], STOP_ON_FAILURE): Call Test Case 'Test Cases/Reusable_Test_Sequences/Web_Office/Directives/WebOffice_StartUp' successfully

2020-04-27 15:14:33 - [TEST_CASE][PASSED] - Test Cases/Reusable_Test_Sequences/Web_Office/Directives/WebOffice_StartUp: Test Cases/Reusable_Test_Sequences/Web_Office/Directives/WebOffice_StartUp

2020-04-27 15:14:33 - [TEST_STEP][PASSED] - "-----------------------------------------------------------------------------": null

2020-04-27 15:14:33 - [TEST_STEP][PASSED] - if (URL == "https://www.dev.checkatrade.com/"): null

2020-04-27 15:14:33 - [TEST_STEP][PASSED] - "-----------------------------------------------------------------------------": null

2020-04-27 15:14:33 - [TEST_STEP][PASSED] - if (URL == "https://www.checkatrade.com/"): null

2020-04-27 15:14:33 - [TEST_STEP][PASSED] - "-----------------------------------------------------------------------------": null

2020-04-27 15:14:33 - [TEST_STEP][PASSED] - if (URL == "https://www.preview.checkatrade.com/"): null

2020-04-27 15:14:33 - [TEST_STEP][PASSED] - WebOfficeURL = "https://admin.preview.checkatrade.com/": null

2020-04-27 15:14:33 - [TEST_STEP][PASSED] - if (URL == "https://www.dev2.checkatrade.com/"): null

2020-04-27 15:14:33 - [TEST_STEP][PASSED] - "Set Function Area for "URL_Handler", URL Resolution": null

2020-04-27 15:14:33 - [TEST_STEP][PASSED] - "Do Some Magic with URL(s) See the comments within URL Handler ": null

2020-04-27 15:14:33 - [TEST_STEP][PASSED] - "------------------------------------------------": null

2020-04-27 15:14:33 - [TEST_STEP][PASSED] - "Moved Login Credentials to <Default> profile 22/01/2020": null

2020-04-27 15:14:33 - [TEST_STEP][PASSED] - "------------------------------------------------": null

2020-04-27 15:14:33 - [TEST_STEP][PASSED] - "WebOfficeURL - Set from the ENVIRONMENT PROFILE ": null

2020-04-27 15:14:33 - [TEST_STEP][PASSED] - "OPEN BROWSER": null

2020-04-27 15:14:33 - [TEST_STEP][PASSED] - "eg - https://admin.preview.checkatrade.com/  ": null

2020-04-27 15:14:33 - [TEST_STEP][PASSED] - openBrowser(WebOfficeURL): Browser is opened with url: 'https://admin.preview.checkatrade.com/'

2020-04-27 15:14:33 - [MESSAGE][INFO] - Starting 'Chrome' driver

2020-04-27 15:14:33 - [MESSAGE][INFO] - Action delay is set to 0 milliseconds

2020-04-27 15:14:37 - [MESSAGE][PASSED] - Browser is opened with url: 'https://admin.preview.checkatrade.com/'

2020-04-27 15:14:37 - [TEST_STEP][PASSED] - maximizeWindow(): Current window maximized

2020-04-27 15:14:40 - [MESSAGE][PASSED] - Current window maximized

2020-04-27 15:14:40 - [TEST_STEP][PASSED] - waitForElementClickable(findTestObject("Object Repository/WebOffice/Page_Checkatrade - Administration - Login/Login_Button"), 25): Object 'Object Repository/WebOffice/Page_Checkatrade - Administration - Login/Login_Button' is clickable

2020-04-27 15:14:40 - [MESSAGE][PASSED] - Object 'Object Repository/WebOffice/Page_Checkatrade - Administration - Login/Login_Button' is clickable

2020-04-27 15:14:40 - [TEST_STEP][PASSED] - verifyTextPresent("Checkatrade Web Office", false): Text 'Checkatrade Web Office' is present on page 

2020-04-27 15:14:41 - [MESSAGE][PASSED] - Text 'Checkatrade Web Office' is present on page 

2020-04-27 15:14:41 - [TEST_STEP][PASSED] - verifyTextPresent("Access for staff use only", false): Text 'Access for staff use only' is present on page 

2020-04-27 15:14:41 - [MESSAGE][PASSED] - Text 'Access for staff use only' is present on page 

2020-04-27 15:14:41 - [TEST_STEP][PASSED] - verifyTextPresent("Forgotten password?", false): Text 'Forgotten password?' is present on page 

2020-04-27 15:14:41 - [MESSAGE][PASSED] - Text 'Forgotten password?' is present on page 

2020-04-27 15:14:41 - [TEST_STEP][PASSED] - setText(findTestObject("Object Repository/WebOffice/Page_Checkatrade - Administration - Login/input_Username_LoginControlUserName"), wo_Username): Text 'DavidHo' is set on object 'Object Repository/WebOffice/Page_Checkatrade - Administration - Login/input_Username_LoginControlUserName'

2020-04-27 15:14:41 - [MESSAGE][PASSED] - Text 'DavidHo' is set on object 'Object Repository/WebOffice/Page_Checkatrade - Administration - Login/input_Username_LoginControlUserName'

2020-04-27 15:14:41 - [TEST_STEP][PASSED] - setText(findTestObject("Object Repository/WebOffice/Page_Checkatrade - Administration - Login/input_Password_LoginControlPassword"), wo_Password): Text 'Check123' is set on object 'Object Repository/WebOffice/Page_Checkatrade - Administration - Login/input_Password_LoginControlPassword'

2020-04-27 15:14:42 - [MESSAGE][PASSED] - Text 'Check123' is set on object 'Object Repository/WebOffice/Page_Checkatrade - Administration - Login/input_Password_LoginControlPassword'

2020-04-27 15:14:42 - [TEST_STEP][PASSED] - click(findTestObject("Object Repository/WebOffice/Page_Checkatrade - Administration - Login/Login_Button")): Object: 'Object Repository/WebOffice/Page_Checkatrade - Administration - Login/Login_Button' is clicked on

2020-04-27 15:14:43 - [MESSAGE][PASSED] - Object: 'Object Repository/WebOffice/Page_Checkatrade - Administration - Login/Login_Button' is clicked on

2020-04-27 15:14:43 - [TEST_STEP][PASSED] - waitForPageLoad(60): Wait for page load successfully

2020-04-27 15:14:43 - [MESSAGE][PASSED] - Wait for page load successfully

2020-04-27 15:14:43 - [TEST_STEP][PASSED] - verifyTextPresent("Welcome " + wo_Username, false): Text 'Welcome DavidHo' is present on page 

2020-04-27 15:14:44 - [MESSAGE][PASSED] - Text 'Welcome DavidHo' is present on page 

2020-04-27 15:14:44 - [MESSAGE][PASSED] - Call Test Case 'Test Cases/Reusable_Test_Sequences/Web_Office/Directives/WebOffice_StartUp' successfully

2020-04-27 15:14:44 - [TEST_STEP][PASSED] - "-----------------------------------------------------------------": null

2020-04-27 15:14:44 - [TEST_STEP][PASSED] - " Navigate to <Settings->Checkatrade.Com->Sub Item> Menu Item     |": null

2020-04-27 15:14:44 - [TEST_STEP][PASSED] - callTestCase(findTestCase("Reusable_Test_Sequences/Web_Office/Navigation/Sub_Menu_Navigation/Reports/Leads_For_All_Companies"), [:], STOP_ON_FAILURE): Call Test Case 'Test Cases/Reusable_Test_Sequences/Web_Office/Navigation/Sub_Menu_Navigation/Reports/Leads_For_All_Companies' successfully

2020-04-27 15:14:44 - [TEST_CASE][PASSED] - Test Cases/Reusable_Test_Sequences/Web_Office/Navigation/Sub_Menu_Navigation/Reports/Leads_For_All_Companies: Test Cases/Reusable_Test_Sequences/Web_Office/Navigation/Sub_Menu_Navigation/Reports/Leads_For_All_Companies

2020-04-27 15:14:44 - [TEST_STEP][PASSED] - "--------------------------------------": null

2020-04-27 15:14:44 - [TEST_STEP][PASSED] - " Navigate Top level menu Item         |": null

2020-04-27 15:14:44 - [TEST_STEP][PASSED] - waitForPageLoad(60): Wait for page load successfully

2020-04-27 15:14:44 - [MESSAGE][PASSED] - Wait for page load successfully

2020-04-27 15:14:44 - [TEST_STEP][PASSED] - waitForElementClickable(findTestObject("Object Repository/WebOffice_Home_page/a_Reports"), 60): Object 'Object Repository/WebOffice_Home_page/a_Reports' is clickable

2020-04-27 15:14:45 - [MESSAGE][PASSED] - Object 'Object Repository/WebOffice_Home_page/a_Reports' is clickable

2020-04-27 15:14:45 - [TEST_STEP][PASSED] - mouseOver(findTestObject("Object Repository/WebOffice_Home_page/a_Reports")): Object: 'Object Repository/WebOffice_Home_page/a_Reports' is hovered

2020-04-27 15:14:45 - [MESSAGE][PASSED] - Object: 'Object Repository/WebOffice_Home_page/a_Reports' is hovered

2020-04-27 15:14:45 - [TEST_STEP][PASSED] - click(findTestObject("Object Repository/WebOffice_Home_page/Page_/a_Members")): Object: 'Object Repository/WebOffice_Home_page/Page_/a_Members' is clicked on

2020-04-27 15:14:45 - [MESSAGE][PASSED] - Object: 'Object Repository/WebOffice_Home_page/Page_/a_Members' is clicked on

2020-04-27 15:14:45 - [TEST_STEP][PASSED] - waitForPageLoad(5): Wait for page load successfully

2020-04-27 15:14:45 - [MESSAGE][PASSED] - Wait for page load successfully

2020-04-27 15:14:45 - [TEST_STEP][PASSED] - waitForElementClickable(findTestObject("Object Repository/WebOffice_Home_page/Page_/a_Leads for all Companies"), 5): Object 'Object Repository/WebOffice_Home_page/Page_/a_Leads for all Companies' is clickable

2020-04-27 15:14:45 - [MESSAGE][PASSED] - Object 'Object Repository/WebOffice_Home_page/Page_/a_Leads for all Companies' is clickable

2020-04-27 15:14:45 - [TEST_STEP][PASSED] - click(findTestObject("Object Repository/WebOffice_Home_page/Page_/a_Leads for all Companies")): Object: 'Object Repository/WebOffice_Home_page/Page_/a_Leads for all Companies' is clicked on

2020-04-27 15:14:47 - [MESSAGE][PASSED] - Object: 'Object Repository/WebOffice_Home_page/Page_/a_Leads for all Companies' is clicked on

2020-04-27 15:14:47 - [MESSAGE][PASSED] - Call Test Case 'Test Cases/Reusable_Test_Sequences/Web_Office/Navigation/Sub_Menu_Navigation/Reports/Leads_For_All_Companies' successfully

2020-04-27 15:14:47 - [TEST_STEP][PASSED] - "--------------------------------------": null

2020-04-27 15:14:47 - [TEST_STEP][PASSED] - " Verify Returned Page Detail          |": null

2020-04-27 15:14:47 - [TEST_STEP][PASSED] - callTestCase(findTestCase("Reusable_Test_Sequences/Web_Office/Verification/Reports/Leads_For_All_Companies"), [:], OPTIONAL): Call Test Case 'Test Cases/Reusable_Test_Sequences/Web_Office/Verification/Reports/Leads_For_All_Companies' successfully

2020-04-27 15:14:47 - [TEST_CASE][PASSED] - Test Cases/Reusable_Test_Sequences/Web_Office/Verification/Reports/Leads_For_All_Companies: Test Cases/Reusable_Test_Sequences/Web_Office/Verification/Reports/Leads_For_All_Companies

2020-04-27 15:14:47 - [TEST_STEP][PASSED] - waitForPageLoad(120): Wait for page load successfully

2020-04-27 15:14:47 - [MESSAGE][PASSED] - Wait for page load successfully

2020-04-27 15:14:47 - [TEST_STEP][PASSED] - delay(1): Delayed 1 second(s)

2020-04-27 15:14:48 - [MESSAGE][PASSED] - Delayed 1 second(s)

2020-04-27 15:14:48 - [TEST_STEP][PASSED] - verifyTextPresent("Leads for All Companies", false): Text 'Leads for All Companies' is present on page 

2020-04-27 15:14:49 - [MESSAGE][PASSED] - Text 'Leads for All Companies' is present on page 

2020-04-27 15:14:49 - [TEST_STEP][PASSED] - "----------------------------------------------": null

2020-04-27 15:14:49 - [TEST_STEP][PASSED] - verifyTextPresent("Company Name", false): Text 'Company Name' is present on page 

2020-04-27 15:14:49 - [MESSAGE][PASSED] - Text 'Company Name' is present on page 

2020-04-27 15:14:49 - [TEST_STEP][PASSED] - verifyTextPresent("Total Leads", false): Text 'Total Leads' is present on page 

2020-04-27 15:14:50 - [MESSAGE][PASSED] - Text 'Total Leads' is present on page 

2020-04-27 15:14:50 - [TEST_STEP][PASSED] - "----------------------------------------------": null

2020-04-27 15:14:50 - [TEST_STEP][PASSED] - verifyTextPresent("Ruxley Gardens", false): Text 'Ruxley Gardens' is present on page 

2020-04-27 15:14:50 - [MESSAGE][PASSED] - Text 'Ruxley Gardens' is present on page 

2020-04-27 15:14:50 - [TEST_STEP][PASSED] - verifyTextPresent("Tile4Us WM", false): Text 'Tile4Us WM' is present on page 

2020-04-27 15:14:51 - [MESSAGE][PASSED] - Text 'Tile4Us WM' is present on page 

2020-04-27 15:14:51 - [MESSAGE][PASSED] - Call Test Case 'Test Cases/Reusable_Test_Sequences/Web_Office/Verification/Reports/Leads_For_All_Companies' successfully

2020-04-27 15:14:51 - [TEST_STEP][PASSED] - "--------------------------": null

2020-04-27 15:14:51 - [TEST_STEP][PASSED] - " Teardown - CLose Browser |": null

2020-04-27 15:14:51 - [TEST_STEP][PASSED] - callTestCase(findTestCase("Reusable_Test_Sequences/CAT_Teardown"), [:], OPTIONAL): Call Test Case 'Test Cases/Reusable_Test_Sequences/CAT_Teardown' successfully

2020-04-27 15:14:51 - [TEST_CASE][PASSED] - Test Cases/Reusable_Test_Sequences/CAT_Teardown: Test Cases/Reusable_Test_Sequences/CAT_Teardown

2020-04-27 15:14:51 - [TEST_STEP][PASSED] - closeBrowser(): Browser is closed

2020-04-27 15:14:52 - [MESSAGE][PASSED] - Browser is closed

2020-04-27 15:14:52 - [TEST_STEP][PASSED] - super.finalize(): null

2020-04-27 15:14:52 - [TEST_STEP][PASSED] - System.gc(): null

2020-04-27 15:14:52 - [MESSAGE][PASSED] - Call Test Case 'Test Cases/Reusable_Test_Sequences/CAT_Teardown' successfully]]></system-out>
         <system-err><![CDATA[]]></system-err>
      </testcase>
      <testcase name="Test Cases/Web_Office/Reports/Member_Web_Categories" time="20.648" classname="Test Cases/Web_Office/Reports/Member_Web_Categories" status="PASSED">
         <system-out><![CDATA[2020-04-27 15:14:52 - [TEST_CASE][PASSED] - Test Cases/Web_Office/Reports/Member_Web_Categories: Test Cases/Web_Office/Reports/Member_Web_Categories

2020-04-27 15:14:52 - [TEST_STEP][PASSED] - "--------------------------------------": null

2020-04-27 15:14:52 - [TEST_STEP][PASSED] - " Web Office StartUp                   |": null

2020-04-27 15:14:52 - [TEST_STEP][PASSED] - callTestCase(findTestCase("Reusable_Test_Sequences/Web_Office/Directives/WebOffice_StartUp"), [:], STOP_ON_FAILURE): Call Test Case 'Test Cases/Reusable_Test_Sequences/Web_Office/Directives/WebOffice_StartUp' successfully

2020-04-27 15:14:53 - [TEST_CASE][PASSED] - Test Cases/Reusable_Test_Sequences/Web_Office/Directives/WebOffice_StartUp: Test Cases/Reusable_Test_Sequences/Web_Office/Directives/WebOffice_StartUp

2020-04-27 15:14:53 - [TEST_STEP][PASSED] - "-----------------------------------------------------------------------------": null

2020-04-27 15:14:53 - [TEST_STEP][PASSED] - if (URL == "https://www.dev.checkatrade.com/"): null

2020-04-27 15:14:53 - [TEST_STEP][PASSED] - "-----------------------------------------------------------------------------": null

2020-04-27 15:14:53 - [TEST_STEP][PASSED] - if (URL == "https://www.checkatrade.com/"): null

2020-04-27 15:14:53 - [TEST_STEP][PASSED] - "-----------------------------------------------------------------------------": null

2020-04-27 15:14:53 - [TEST_STEP][PASSED] - if (URL == "https://www.preview.checkatrade.com/"): null

2020-04-27 15:14:53 - [TEST_STEP][PASSED] - WebOfficeURL = "https://admin.preview.checkatrade.com/": null

2020-04-27 15:14:53 - [TEST_STEP][PASSED] - if (URL == "https://www.dev2.checkatrade.com/"): null

2020-04-27 15:14:53 - [TEST_STEP][PASSED] - "Set Function Area for "URL_Handler", URL Resolution": null

2020-04-27 15:14:53 - [TEST_STEP][PASSED] - "Do Some Magic with URL(s) See the comments within URL Handler ": null

2020-04-27 15:14:53 - [TEST_STEP][PASSED] - "------------------------------------------------": null

2020-04-27 15:14:53 - [TEST_STEP][PASSED] - "Moved Login Credentials to <Default> profile 22/01/2020": null

2020-04-27 15:14:53 - [TEST_STEP][PASSED] - "------------------------------------------------": null

2020-04-27 15:14:53 - [TEST_STEP][PASSED] - "WebOfficeURL - Set from the ENVIRONMENT PROFILE ": null

2020-04-27 15:14:53 - [TEST_STEP][PASSED] - "OPEN BROWSER": null

2020-04-27 15:14:53 - [TEST_STEP][PASSED] - "eg - https://admin.preview.checkatrade.com/  ": null

2020-04-27 15:14:53 - [TEST_STEP][PASSED] - openBrowser(WebOfficeURL): Browser is opened with url: 'https://admin.preview.checkatrade.com/'

2020-04-27 15:14:53 - [MESSAGE][INFO] - Starting 'Chrome' driver

2020-04-27 15:14:53 - [MESSAGE][INFO] - Action delay is set to 0 milliseconds

2020-04-27 15:14:58 - [MESSAGE][PASSED] - Browser is opened with url: 'https://admin.preview.checkatrade.com/'

2020-04-27 15:14:58 - [TEST_STEP][PASSED] - maximizeWindow(): Current window maximized

2020-04-27 15:15:00 - [MESSAGE][PASSED] - Current window maximized

2020-04-27 15:15:00 - [TEST_STEP][PASSED] - waitForElementClickable(findTestObject("Object Repository/WebOffice/Page_Checkatrade - Administration - Login/Login_Button"), 25): Object 'Object Repository/WebOffice/Page_Checkatrade - Administration - Login/Login_Button' is clickable

2020-04-27 15:15:00 - [MESSAGE][PASSED] - Object 'Object Repository/WebOffice/Page_Checkatrade - Administration - Login/Login_Button' is clickable

2020-04-27 15:15:00 - [TEST_STEP][PASSED] - verifyTextPresent("Checkatrade Web Office", false): Text 'Checkatrade Web Office' is present on page 

2020-04-27 15:15:00 - [MESSAGE][PASSED] - Text 'Checkatrade Web Office' is present on page 

2020-04-27 15:15:00 - [TEST_STEP][PASSED] - verifyTextPresent("Access for staff use only", false): Text 'Access for staff use only' is present on page 

2020-04-27 15:15:00 - [MESSAGE][PASSED] - Text 'Access for staff use only' is present on page 

2020-04-27 15:15:00 - [TEST_STEP][PASSED] - verifyTextPresent("Forgotten password?", false): Text 'Forgotten password?' is present on page 

2020-04-27 15:15:00 - [MESSAGE][PASSED] - Text 'Forgotten password?' is present on page 

2020-04-27 15:15:00 - [TEST_STEP][PASSED] - setText(findTestObject("Object Repository/WebOffice/Page_Checkatrade - Administration - Login/input_Username_LoginControlUserName"), wo_Username): Text 'DavidHo' is set on object 'Object Repository/WebOffice/Page_Checkatrade - Administration - Login/input_Username_LoginControlUserName'

2020-04-27 15:15:01 - [MESSAGE][PASSED] - Text 'DavidHo' is set on object 'Object Repository/WebOffice/Page_Checkatrade - Administration - Login/input_Username_LoginControlUserName'

2020-04-27 15:15:01 - [TEST_STEP][PASSED] - setText(findTestObject("Object Repository/WebOffice/Page_Checkatrade - Administration - Login/input_Password_LoginControlPassword"), wo_Password): Text 'Check123' is set on object 'Object Repository/WebOffice/Page_Checkatrade - Administration - Login/input_Password_LoginControlPassword'

2020-04-27 15:15:01 - [MESSAGE][PASSED] - Text 'Check123' is set on object 'Object Repository/WebOffice/Page_Checkatrade - Administration - Login/input_Password_LoginControlPassword'

2020-04-27 15:15:01 - [TEST_STEP][PASSED] - click(findTestObject("Object Repository/WebOffice/Page_Checkatrade - Administration - Login/Login_Button")): Object: 'Object Repository/WebOffice/Page_Checkatrade - Administration - Login/Login_Button' is clicked on

2020-04-27 15:15:03 - [MESSAGE][PASSED] - Object: 'Object Repository/WebOffice/Page_Checkatrade - Administration - Login/Login_Button' is clicked on

2020-04-27 15:15:03 - [TEST_STEP][PASSED] - waitForPageLoad(60): Wait for page load successfully

2020-04-27 15:15:03 - [MESSAGE][PASSED] - Wait for page load successfully

2020-04-27 15:15:03 - [TEST_STEP][PASSED] - verifyTextPresent("Welcome " + wo_Username, false): Text 'Welcome DavidHo' is present on page 

2020-04-27 15:15:03 - [MESSAGE][PASSED] - Text 'Welcome DavidHo' is present on page 

2020-04-27 15:15:03 - [MESSAGE][PASSED] - Call Test Case 'Test Cases/Reusable_Test_Sequences/Web_Office/Directives/WebOffice_StartUp' successfully

2020-04-27 15:15:03 - [TEST_STEP][PASSED] - "-----------------------------------------------------------------": null

2020-04-27 15:15:03 - [TEST_STEP][PASSED] - " Navigate to <Settings->Checkatrade.Com->Sub Item> Menu Item     |": null

2020-04-27 15:15:03 - [TEST_STEP][PASSED] - callTestCase(findTestCase("Reusable_Test_Sequences/Web_Office/Navigation/Sub_Menu_Navigation/Reports/Member_Web_Categories"), [:], STOP_ON_FAILURE): Call Test Case 'Test Cases/Reusable_Test_Sequences/Web_Office/Navigation/Sub_Menu_Navigation/Reports/Member_Web_Categories' successfully

2020-04-27 15:15:03 - [TEST_CASE][PASSED] - Test Cases/Reusable_Test_Sequences/Web_Office/Navigation/Sub_Menu_Navigation/Reports/Member_Web_Categories: Test Cases/Reusable_Test_Sequences/Web_Office/Navigation/Sub_Menu_Navigation/Reports/Member_Web_Categories

2020-04-27 15:15:03 - [TEST_STEP][PASSED] - "--------------------------------------": null

2020-04-27 15:15:03 - [TEST_STEP][PASSED] - " Navigate Top level menu Item         |": null

2020-04-27 15:15:03 - [TEST_STEP][PASSED] - waitForPageLoad(60): Wait for page load successfully

2020-04-27 15:15:03 - [MESSAGE][PASSED] - Wait for page load successfully

2020-04-27 15:15:03 - [TEST_STEP][PASSED] - waitForElementClickable(findTestObject("Object Repository/WebOffice_Home_page/a_Reports"), 60): Object 'Object Repository/WebOffice_Home_page/a_Reports' is clickable

2020-04-27 15:15:03 - [MESSAGE][PASSED] - Object 'Object Repository/WebOffice_Home_page/a_Reports' is clickable

2020-04-27 15:15:03 - [TEST_STEP][PASSED] - mouseOver(findTestObject("Object Repository/WebOffice_Home_page/a_Reports")): Object: 'Object Repository/WebOffice_Home_page/a_Reports' is hovered

2020-04-27 15:15:04 - [MESSAGE][PASSED] - Object: 'Object Repository/WebOffice_Home_page/a_Reports' is hovered

2020-04-27 15:15:04 - [TEST_STEP][PASSED] - click(findTestObject("Object Repository/WebOffice_Home_page/Page_/a_Members")): Object: 'Object Repository/WebOffice_Home_page/Page_/a_Members' is clicked on

2020-04-27 15:15:04 - [MESSAGE][PASSED] - Object: 'Object Repository/WebOffice_Home_page/Page_/a_Members' is clicked on

2020-04-27 15:15:04 - [TEST_STEP][PASSED] - waitForPageLoad(5): Wait for page load successfully

2020-04-27 15:15:04 - [MESSAGE][PASSED] - Wait for page load successfully

2020-04-27 15:15:04 - [TEST_STEP][PASSED] - waitForElementClickable(findTestObject("Object Repository/WebOffice_Home_page/Page_/a_Member Web Categories"), 5): Object 'Object Repository/WebOffice_Home_page/Page_/a_Member Web Categories' is clickable

2020-04-27 15:15:04 - [MESSAGE][PASSED] - Object 'Object Repository/WebOffice_Home_page/Page_/a_Member Web Categories' is clickable

2020-04-27 15:15:04 - [TEST_STEP][PASSED] - click(findTestObject("Object Repository/WebOffice_Home_page/Page_/a_Member Web Categories")): Object: 'Object Repository/WebOffice_Home_page/Page_/a_Member Web Categories' is clicked on

2020-04-27 15:15:06 - [MESSAGE][PASSED] - Object: 'Object Repository/WebOffice_Home_page/Page_/a_Member Web Categories' is clicked on

2020-04-27 15:15:06 - [MESSAGE][PASSED] - Call Test Case 'Test Cases/Reusable_Test_Sequences/Web_Office/Navigation/Sub_Menu_Navigation/Reports/Member_Web_Categories' successfully

2020-04-27 15:15:06 - [TEST_STEP][PASSED] - "--------------------------------------": null

2020-04-27 15:15:06 - [TEST_STEP][PASSED] - " Verify Returned Page Detail          |": null

2020-04-27 15:15:06 - [TEST_STEP][PASSED] - callTestCase(findTestCase("Reusable_Test_Sequences/Web_Office/Verification/Reports/Member_Web_Categories"), [:], OPTIONAL): Call Test Case 'Test Cases/Reusable_Test_Sequences/Web_Office/Verification/Reports/Member_Web_Categories' successfully

2020-04-27 15:15:07 - [TEST_CASE][PASSED] - Test Cases/Reusable_Test_Sequences/Web_Office/Verification/Reports/Member_Web_Categories: Test Cases/Reusable_Test_Sequences/Web_Office/Verification/Reports/Member_Web_Categories

2020-04-27 15:15:07 - [TEST_STEP][PASSED] - waitForPageLoad(120): Wait for page load successfully

2020-04-27 15:15:07 - [MESSAGE][PASSED] - Wait for page load successfully

2020-04-27 15:15:07 - [TEST_STEP][PASSED] - delay(1): Delayed 1 second(s)

2020-04-27 15:15:08 - [MESSAGE][PASSED] - Delayed 1 second(s)

2020-04-27 15:15:08 - [TEST_STEP][PASSED] - verifyTextPresent("Members Web Category Report", false): Text 'Members Web Category Report' is present on page 

2020-04-27 15:15:08 - [MESSAGE][PASSED] - Text 'Members Web Category Report' is present on page 

2020-04-27 15:15:08 - [TEST_STEP][PASSED] - "----------------------------------------------": null

2020-04-27 15:15:08 - [TEST_STEP][PASSED] - verifyTextPresent("Results per page", false): Text 'Results per page' is present on page 

2020-04-27 15:15:09 - [MESSAGE][PASSED] - Text 'Results per page' is present on page 

2020-04-27 15:15:09 - [TEST_STEP][PASSED] - "----------------------------------------------": null

2020-04-27 15:15:09 - [TEST_STEP][PASSED] - verifyTextPresent("Category", false): Text 'Category' is present on page 

2020-04-27 15:15:09 - [MESSAGE][PASSED] - Text 'Category' is present on page 

2020-04-27 15:15:09 - [TEST_STEP][PASSED] - verifyTextPresent("Sub-category", false): Text 'Sub-category' is present on page 

2020-04-27 15:15:09 - [MESSAGE][PASSED] - Text 'Sub-category' is present on page 

2020-04-27 15:15:09 - [TEST_STEP][PASSED] - verifyTextPresent("Count (Yes)", false): Text 'Count (Yes)' is present on page 

2020-04-27 15:15:10 - [MESSAGE][PASSED] - Text 'Count (Yes)' is present on page 

2020-04-27 15:15:10 - [TEST_STEP][PASSED] - verifyTextPresent("Count (No)", false): Text 'Count (No)' is present on page 

2020-04-27 15:15:10 - [MESSAGE][PASSED] - Text 'Count (No)' is present on page 

2020-04-27 15:15:10 - [TEST_STEP][PASSED] - "----------------------------------------------": null

2020-04-27 15:15:10 - [TEST_STEP][PASSED] - verifyTextPresent("Alarms/Security", false): Text 'Alarms/Security' is present on page 

2020-04-27 15:15:10 - [MESSAGE][PASSED] - Text 'Alarms/Security' is present on page 

2020-04-27 15:15:10 - [TEST_STEP][PASSED] - verifyTextPresent("Alarm Response", false): Text 'Alarm Response' is present on page 

2020-04-27 15:15:11 - [MESSAGE][PASSED] - Text 'Alarm Response' is present on page 

2020-04-27 15:15:11 - [MESSAGE][PASSED] - Call Test Case 'Test Cases/Reusable_Test_Sequences/Web_Office/Verification/Reports/Member_Web_Categories' successfully

2020-04-27 15:15:11 - [TEST_STEP][PASSED] - "--------------------------": null

2020-04-27 15:15:11 - [TEST_STEP][PASSED] - " Teardown - CLose Browser |": null

2020-04-27 15:15:11 - [TEST_STEP][PASSED] - callTestCase(findTestCase("Reusable_Test_Sequences/CAT_Teardown"), [:], OPTIONAL): Call Test Case 'Test Cases/Reusable_Test_Sequences/CAT_Teardown' successfully

2020-04-27 15:15:11 - [TEST_CASE][PASSED] - Test Cases/Reusable_Test_Sequences/CAT_Teardown: Test Cases/Reusable_Test_Sequences/CAT_Teardown

2020-04-27 15:15:11 - [TEST_STEP][PASSED] - closeBrowser(): Browser is closed

2020-04-27 15:15:13 - [MESSAGE][PASSED] - Browser is closed

2020-04-27 15:15:13 - [TEST_STEP][PASSED] - super.finalize(): null

2020-04-27 15:15:13 - [TEST_STEP][PASSED] - System.gc(): null

2020-04-27 15:15:13 - [MESSAGE][PASSED] - Call Test Case 'Test Cases/Reusable_Test_Sequences/CAT_Teardown' successfully]]></system-out>
         <system-err><![CDATA[]]></system-err>
      </testcase>
      <testcase name="Test Cases/Web_Office/Reports/DIaler_Leads" time="81.831" classname="Test Cases/Web_Office/Reports/DIaler_Leads" status="PASSED">
         <system-out><![CDATA[2020-04-27 15:15:13 - [TEST_CASE][PASSED] - Test Cases/Web_Office/Reports/DIaler_Leads: Test Cases/Web_Office/Reports/DIaler_Leads

2020-04-27 15:15:13 - [TEST_STEP][PASSED] - "--------------------------------------": null

2020-04-27 15:15:13 - [TEST_STEP][PASSED] - " Web Office StartUp                   |": null

2020-04-27 15:15:13 - [TEST_STEP][PASSED] - callTestCase(findTestCase("Reusable_Test_Sequences/Web_Office/Directives/WebOffice_StartUp"), [:], STOP_ON_FAILURE): Call Test Case 'Test Cases/Reusable_Test_Sequences/Web_Office/Directives/WebOffice_StartUp' successfully

2020-04-27 15:15:13 - [TEST_CASE][PASSED] - Test Cases/Reusable_Test_Sequences/Web_Office/Directives/WebOffice_StartUp: Test Cases/Reusable_Test_Sequences/Web_Office/Directives/WebOffice_StartUp

2020-04-27 15:15:13 - [TEST_STEP][PASSED] - "-----------------------------------------------------------------------------": null

2020-04-27 15:15:13 - [TEST_STEP][PASSED] - if (URL == "https://www.dev.checkatrade.com/"): null

2020-04-27 15:15:13 - [TEST_STEP][PASSED] - "-----------------------------------------------------------------------------": null

2020-04-27 15:15:13 - [TEST_STEP][PASSED] - if (URL == "https://www.checkatrade.com/"): null

2020-04-27 15:15:13 - [TEST_STEP][PASSED] - "-----------------------------------------------------------------------------": null

2020-04-27 15:15:13 - [TEST_STEP][PASSED] - if (URL == "https://www.preview.checkatrade.com/"): null

2020-04-27 15:15:13 - [TEST_STEP][PASSED] - WebOfficeURL = "https://admin.preview.checkatrade.com/": null

2020-04-27 15:15:13 - [TEST_STEP][PASSED] - if (URL == "https://www.dev2.checkatrade.com/"): null

2020-04-27 15:15:13 - [TEST_STEP][PASSED] - "Set Function Area for "URL_Handler", URL Resolution": null

2020-04-27 15:15:13 - [TEST_STEP][PASSED] - "Do Some Magic with URL(s) See the comments within URL Handler ": null

2020-04-27 15:15:13 - [TEST_STEP][PASSED] - "------------------------------------------------": null

2020-04-27 15:15:13 - [TEST_STEP][PASSED] - "Moved Login Credentials to <Default> profile 22/01/2020": null

2020-04-27 15:15:13 - [TEST_STEP][PASSED] - "------------------------------------------------": null

2020-04-27 15:15:13 - [TEST_STEP][PASSED] - "WebOfficeURL - Set from the ENVIRONMENT PROFILE ": null

2020-04-27 15:15:13 - [TEST_STEP][PASSED] - "OPEN BROWSER": null

2020-04-27 15:15:13 - [TEST_STEP][PASSED] - "eg - https://admin.preview.checkatrade.com/  ": null

2020-04-27 15:15:13 - [TEST_STEP][PASSED] - openBrowser(WebOfficeURL): Browser is opened with url: 'https://admin.preview.checkatrade.com/'

2020-04-27 15:15:13 - [MESSAGE][INFO] - Starting 'Chrome' driver

2020-04-27 15:15:13 - [MESSAGE][INFO] - Action delay is set to 0 milliseconds

2020-04-27 15:15:20 - [MESSAGE][PASSED] - Browser is opened with url: 'https://admin.preview.checkatrade.com/'

2020-04-27 15:15:20 - [TEST_STEP][PASSED] - maximizeWindow(): Current window maximized

2020-04-27 15:15:23 - [MESSAGE][PASSED] - Current window maximized

2020-04-27 15:15:23 - [TEST_STEP][PASSED] - waitForElementClickable(findTestObject("Object Repository/WebOffice/Page_Checkatrade - Administration - Login/Login_Button"), 25): Object 'Object Repository/WebOffice/Page_Checkatrade - Administration - Login/Login_Button' is clickable

2020-04-27 15:15:23 - [MESSAGE][PASSED] - Object 'Object Repository/WebOffice/Page_Checkatrade - Administration - Login/Login_Button' is clickable

2020-04-27 15:15:23 - [TEST_STEP][PASSED] - verifyTextPresent("Checkatrade Web Office", false): Text 'Checkatrade Web Office' is present on page 

2020-04-27 15:15:23 - [MESSAGE][PASSED] - Text 'Checkatrade Web Office' is present on page 

2020-04-27 15:15:23 - [TEST_STEP][PASSED] - verifyTextPresent("Access for staff use only", false): Text 'Access for staff use only' is present on page 

2020-04-27 15:15:23 - [MESSAGE][PASSED] - Text 'Access for staff use only' is present on page 

2020-04-27 15:15:23 - [TEST_STEP][PASSED] - verifyTextPresent("Forgotten password?", false): Text 'Forgotten password?' is present on page 

2020-04-27 15:15:23 - [MESSAGE][PASSED] - Text 'Forgotten password?' is present on page 

2020-04-27 15:15:23 - [TEST_STEP][PASSED] - setText(findTestObject("Object Repository/WebOffice/Page_Checkatrade - Administration - Login/input_Username_LoginControlUserName"), wo_Username): Text 'DavidHo' is set on object 'Object Repository/WebOffice/Page_Checkatrade - Administration - Login/input_Username_LoginControlUserName'

2020-04-27 15:15:23 - [MESSAGE][PASSED] - Text 'DavidHo' is set on object 'Object Repository/WebOffice/Page_Checkatrade - Administration - Login/input_Username_LoginControlUserName'

2020-04-27 15:15:23 - [TEST_STEP][PASSED] - setText(findTestObject("Object Repository/WebOffice/Page_Checkatrade - Administration - Login/input_Password_LoginControlPassword"), wo_Password): Text 'Check123' is set on object 'Object Repository/WebOffice/Page_Checkatrade - Administration - Login/input_Password_LoginControlPassword'

2020-04-27 15:15:24 - [MESSAGE][PASSED] - Text 'Check123' is set on object 'Object Repository/WebOffice/Page_Checkatrade - Administration - Login/input_Password_LoginControlPassword'

2020-04-27 15:15:24 - [TEST_STEP][PASSED] - click(findTestObject("Object Repository/WebOffice/Page_Checkatrade - Administration - Login/Login_Button")): Object: 'Object Repository/WebOffice/Page_Checkatrade - Administration - Login/Login_Button' is clicked on

2020-04-27 15:15:25 - [MESSAGE][PASSED] - Object: 'Object Repository/WebOffice/Page_Checkatrade - Administration - Login/Login_Button' is clicked on

2020-04-27 15:15:25 - [TEST_STEP][PASSED] - waitForPageLoad(60): Wait for page load successfully

2020-04-27 15:15:25 - [MESSAGE][PASSED] - Wait for page load successfully

2020-04-27 15:15:25 - [TEST_STEP][PASSED] - verifyTextPresent("Welcome " + wo_Username, false): Text 'Welcome DavidHo' is present on page 

2020-04-27 15:15:26 - [MESSAGE][PASSED] - Text 'Welcome DavidHo' is present on page 

2020-04-27 15:15:26 - [MESSAGE][PASSED] - Call Test Case 'Test Cases/Reusable_Test_Sequences/Web_Office/Directives/WebOffice_StartUp' successfully

2020-04-27 15:15:26 - [TEST_STEP][PASSED] - "-----------------------------------------------------------------": null

2020-04-27 15:15:26 - [TEST_STEP][PASSED] - " Navigate to <Settings->Checkatrade.Com->Sub Item> Menu Item     |": null

2020-04-27 15:15:26 - [TEST_STEP][PASSED] - callTestCase(findTestCase("Reusable_Test_Sequences/Web_Office/Navigation/Sub_Menu_Navigation/Reports/Dialer_Leads"), [:], STOP_ON_FAILURE): Call Test Case 'Test Cases/Reusable_Test_Sequences/Web_Office/Navigation/Sub_Menu_Navigation/Reports/Dialer_Leads' successfully

2020-04-27 15:15:26 - [TEST_CASE][PASSED] - Test Cases/Reusable_Test_Sequences/Web_Office/Navigation/Sub_Menu_Navigation/Reports/Dialer_Leads: Test Cases/Reusable_Test_Sequences/Web_Office/Navigation/Sub_Menu_Navigation/Reports/Dialer_Leads

2020-04-27 15:15:26 - [TEST_STEP][PASSED] - "--------------------------------------": null

2020-04-27 15:15:26 - [TEST_STEP][PASSED] - " Navigate Top level menu Item         |": null

2020-04-27 15:15:26 - [TEST_STEP][PASSED] - waitForPageLoad(60): Wait for page load successfully

2020-04-27 15:15:26 - [MESSAGE][PASSED] - Wait for page load successfully

2020-04-27 15:15:26 - [TEST_STEP][PASSED] - waitForElementClickable(findTestObject("Object Repository/WebOffice_Home_page/a_Reports"), 60): Object 'Object Repository/WebOffice_Home_page/a_Reports' is clickable

2020-04-27 15:15:26 - [MESSAGE][PASSED] - Object 'Object Repository/WebOffice_Home_page/a_Reports' is clickable

2020-04-27 15:15:26 - [TEST_STEP][PASSED] - mouseOver(findTestObject("Object Repository/WebOffice_Home_page/a_Reports")): Object: 'Object Repository/WebOffice_Home_page/a_Reports' is hovered

2020-04-27 15:15:27 - [MESSAGE][PASSED] - Object: 'Object Repository/WebOffice_Home_page/a_Reports' is hovered

2020-04-27 15:15:27 - [TEST_STEP][PASSED] - click(findTestObject("Object Repository/WebOffice_Home_page/Page_/a_Members")): Object: 'Object Repository/WebOffice_Home_page/Page_/a_Members' is clicked on

2020-04-27 15:15:27 - [MESSAGE][PASSED] - Object: 'Object Repository/WebOffice_Home_page/Page_/a_Members' is clicked on

2020-04-27 15:15:27 - [TEST_STEP][PASSED] - waitForPageLoad(5): Wait for page load successfully

2020-04-27 15:15:27 - [MESSAGE][PASSED] - Wait for page load successfully

2020-04-27 15:15:27 - [TEST_STEP][PASSED] - waitForElementClickable(findTestObject("Object Repository/WebOffice_Home_page/Page_/a_Dialler Leads"), 5): Object 'Object Repository/WebOffice_Home_page/Page_/a_Dialler Leads' is clickable

2020-04-27 15:15:27 - [MESSAGE][PASSED] - Object 'Object Repository/WebOffice_Home_page/Page_/a_Dialler Leads' is clickable

2020-04-27 15:15:27 - [TEST_STEP][PASSED] - click(findTestObject("Object Repository/WebOffice_Home_page/Page_/a_Dialler Leads")): Object: 'Object Repository/WebOffice_Home_page/Page_/a_Dialler Leads' is clicked on

2020-04-27 15:16:28 - [MESSAGE][PASSED] - Object: 'Object Repository/WebOffice_Home_page/Page_/a_Dialler Leads' is clicked on

2020-04-27 15:16:28 - [MESSAGE][PASSED] - Call Test Case 'Test Cases/Reusable_Test_Sequences/Web_Office/Navigation/Sub_Menu_Navigation/Reports/Dialer_Leads' successfully

2020-04-27 15:16:28 - [TEST_STEP][PASSED] - "--------------------------------------": null

2020-04-27 15:16:28 - [TEST_STEP][PASSED] - " Verify Returned Page Detail          |": null

2020-04-27 15:16:28 - [TEST_STEP][PASSED] - callTestCase(findTestCase("Reusable_Test_Sequences/Web_Office/Verification/Reports/Dialer_Leads"), [:], OPTIONAL): Call Test Case 'Test Cases/Reusable_Test_Sequences/Web_Office/Verification/Reports/Dialer_Leads' successfully

2020-04-27 15:16:28 - [TEST_CASE][PASSED] - Test Cases/Reusable_Test_Sequences/Web_Office/Verification/Reports/Dialer_Leads: Test Cases/Reusable_Test_Sequences/Web_Office/Verification/Reports/Dialer_Leads

2020-04-27 15:16:28 - [TEST_STEP][PASSED] - waitForPageLoad(120): Wait for page load successfully

2020-04-27 15:16:28 - [MESSAGE][PASSED] - Wait for page load successfully

2020-04-27 15:16:28 - [TEST_STEP][PASSED] - delay(1): Delayed 1 second(s)

2020-04-27 15:16:29 - [MESSAGE][PASSED] - Delayed 1 second(s)

2020-04-27 15:16:29 - [TEST_STEP][PASSED] - verifyTextPresent("Ultra Dialler Leads Report", false): Text 'Ultra Dialler Leads Report' is present on page 

2020-04-27 15:16:30 - [MESSAGE][PASSED] - Text 'Ultra Dialler Leads Report' is present on page 

2020-04-27 15:16:30 - [TEST_STEP][PASSED] - "----------------------------------------------": null

2020-04-27 15:16:30 - [TEST_STEP][PASSED] - verifyTextPresent("Start Date", false): Text 'Start Date' is present on page 

2020-04-27 15:16:30 - [MESSAGE][PASSED] - Text 'Start Date' is present on page 

2020-04-27 15:16:30 - [TEST_STEP][PASSED] - verifyTextPresent("End Date", false): Text 'End Date' is present on page 

2020-04-27 15:16:30 - [MESSAGE][PASSED] - Text 'End Date' is present on page 

2020-04-27 15:16:30 - [TEST_STEP][PASSED] - verifyTextPresent("Postcode", false): Text 'Postcode' is present on page 

2020-04-27 15:16:30 - [MESSAGE][PASSED] - Text 'Postcode' is present on page 

2020-04-27 15:16:30 - [TEST_STEP][PASSED] - verifyTextPresent("Start With", false): Text 'Start With' is present on page 

2020-04-27 15:16:30 - [MESSAGE][PASSED] - Text 'Start With' is present on page 

2020-04-27 15:16:30 - [TEST_STEP][PASSED] - verifyTextPresent("Last Sale Case Event After Date", false): Text 'Last Sale Case Event After Date' is present on page 

2020-04-27 15:16:31 - [MESSAGE][PASSED] - Text 'Last Sale Case Event After Date' is present on page 

2020-04-27 15:16:31 - [TEST_STEP][PASSED] - verifyTextPresent("Last Sale Case Event Before Date", false): Text 'Last Sale Case Event Before Date' is present on page 

2020-04-27 15:16:31 - [MESSAGE][PASSED] - Text 'Last Sale Case Event Before Date' is present on page 

2020-04-27 15:16:31 - [TEST_STEP][PASSED] - "----------------------------------------------": null

2020-04-27 15:16:31 - [TEST_STEP][PASSED] - verifyTextPresent("Reset filters", false): Text 'Reset filters' is present on page 

2020-04-27 15:16:31 - [MESSAGE][PASSED] - Text 'Reset filters' is present on page 

2020-04-27 15:16:31 - [TEST_STEP][PASSED] - verifyTextPresent("Reset sorting", false): Text 'Reset sorting' is present on page 

2020-04-27 15:16:31 - [MESSAGE][PASSED] - Text 'Reset sorting' is present on page 

2020-04-27 15:16:31 - [TEST_STEP][PASSED] - verifyTextPresent("Export CSV", false): Text 'Export CSV' is present on page 

2020-04-27 15:16:31 - [MESSAGE][PASSED] - Text 'Export CSV' is present on page 

2020-04-27 15:16:31 - [TEST_STEP][PASSED] - "----------------------------------------------": null

2020-04-27 15:16:31 - [TEST_STEP][PASSED] - verifyTextPresent("CompanyId", false): Text 'CompanyId' is present on page 

2020-04-27 15:16:32 - [MESSAGE][PASSED] - Text 'CompanyId' is present on page 

2020-04-27 15:16:32 - [TEST_STEP][PASSED] - verifyTextPresent("CompanyName", false): Text 'CompanyName' is present on page 

2020-04-27 15:16:32 - [MESSAGE][PASSED] - Text 'CompanyName' is present on page 

2020-04-27 15:16:32 - [TEST_STEP][PASSED] - verifyTextPresent("ContactName", false): Text 'ContactName' is present on page 

2020-04-27 15:16:32 - [MESSAGE][PASSED] - Text 'ContactName' is present on page 

2020-04-27 15:16:32 - [TEST_STEP][PASSED] - verifyTextPresent("PhoneNumber1", false): Text 'PhoneNumber1' is present on page 

2020-04-27 15:16:32 - [MESSAGE][PASSED] - Text 'PhoneNumber1' is present on page 

2020-04-27 15:16:32 - [TEST_STEP][PASSED] - verifyTextPresent("PhoneNumber2", false): Text 'PhoneNumber2' is present on page 

2020-04-27 15:16:33 - [MESSAGE][PASSED] - Text 'PhoneNumber2' is present on page 

2020-04-27 15:16:33 - [TEST_STEP][PASSED] - verifyTextPresent("PhoneNumber3", false): Text 'PhoneNumber3' is present on page 

2020-04-27 15:16:33 - [MESSAGE][PASSED] - Text 'PhoneNumber3' is present on page 

2020-04-27 15:16:33 - [TEST_STEP][PASSED] - verifyTextPresent("LeadTypeId", false): Text 'LeadTypeId' is present on page 

2020-04-27 15:16:33 - [MESSAGE][PASSED] - Text 'LeadTypeId' is present on page 

2020-04-27 15:16:33 - [TEST_STEP][PASSED] - verifyTextPresent("Name", false): Text 'Name' is present on page 

2020-04-27 15:16:33 - [MESSAGE][PASSED] - Text 'Name' is present on page 

2020-04-27 15:16:33 - [TEST_STEP][PASSED] - verifyTextPresent("TVRegion", false): Text 'TVRegion' is present on page 

2020-04-27 15:16:33 - [MESSAGE][PASSED] - Text 'TVRegion' is present on page 

2020-04-27 15:16:33 - [TEST_STEP][PASSED] - verifyTextPresent("District", false): Text 'District' is present on page 

2020-04-27 15:16:34 - [MESSAGE][PASSED] - Text 'District' is present on page 

2020-04-27 15:16:34 - [TEST_STEP][PASSED] - verifyTextPresent("DirectoryHeadings", false): Text 'DirectoryHeadings' is present on page 

2020-04-27 15:16:34 - [MESSAGE][PASSED] - Text 'DirectoryHeadings' is present on page 

2020-04-27 15:16:34 - [MESSAGE][PASSED] - Call Test Case 'Test Cases/Reusable_Test_Sequences/Web_Office/Verification/Reports/Dialer_Leads' successfully

2020-04-27 15:16:34 - [TEST_STEP][PASSED] - "--------------------------": null

2020-04-27 15:16:34 - [TEST_STEP][PASSED] - " Teardown - CLose Browser |": null

2020-04-27 15:16:34 - [TEST_STEP][PASSED] - callTestCase(findTestCase("Reusable_Test_Sequences/CAT_Teardown"), [:], OPTIONAL): Call Test Case 'Test Cases/Reusable_Test_Sequences/CAT_Teardown' successfully

2020-04-27 15:16:34 - [TEST_CASE][PASSED] - Test Cases/Reusable_Test_Sequences/CAT_Teardown: Test Cases/Reusable_Test_Sequences/CAT_Teardown

2020-04-27 15:16:34 - [TEST_STEP][PASSED] - closeBrowser(): Browser is closed

2020-04-27 15:16:35 - [MESSAGE][PASSED] - Browser is closed

2020-04-27 15:16:35 - [TEST_STEP][PASSED] - super.finalize(): null

2020-04-27 15:16:35 - [TEST_STEP][PASSED] - System.gc(): null

2020-04-27 15:16:35 - [MESSAGE][PASSED] - Call Test Case 'Test Cases/Reusable_Test_Sequences/CAT_Teardown' successfully]]></system-out>
         <system-err><![CDATA[]]></system-err>
      </testcase>
      <testcase name="Test Cases/Web_Office/Reports/Application_Progress_On_Hold" time="18.31" classname="Test Cases/Web_Office/Reports/Application_Progress_On_Hold" status="PASSED">
         <system-out><![CDATA[2020-04-27 15:16:35 - [TEST_CASE][PASSED] - Test Cases/Web_Office/Reports/Application_Progress_On_Hold: Test Cases/Web_Office/Reports/Application_Progress_On_Hold

2020-04-27 15:16:35 - [TEST_STEP][PASSED] - "--------------------------------------": null

2020-04-27 15:16:35 - [TEST_STEP][PASSED] - " Web Office StartUp                   |": null

2020-04-27 15:16:35 - [TEST_STEP][PASSED] - callTestCase(findTestCase("Reusable_Test_Sequences/Web_Office/Directives/WebOffice_StartUp"), [:], STOP_ON_FAILURE): Call Test Case 'Test Cases/Reusable_Test_Sequences/Web_Office/Directives/WebOffice_StartUp' successfully

2020-04-27 15:16:35 - [TEST_CASE][PASSED] - Test Cases/Reusable_Test_Sequences/Web_Office/Directives/WebOffice_StartUp: Test Cases/Reusable_Test_Sequences/Web_Office/Directives/WebOffice_StartUp

2020-04-27 15:16:35 - [TEST_STEP][PASSED] - "-----------------------------------------------------------------------------": null

2020-04-27 15:16:35 - [TEST_STEP][PASSED] - if (URL == "https://www.dev.checkatrade.com/"): null

2020-04-27 15:16:35 - [TEST_STEP][PASSED] - "-----------------------------------------------------------------------------": null

2020-04-27 15:16:35 - [TEST_STEP][PASSED] - if (URL == "https://www.checkatrade.com/"): null

2020-04-27 15:16:35 - [TEST_STEP][PASSED] - "-----------------------------------------------------------------------------": null

2020-04-27 15:16:35 - [TEST_STEP][PASSED] - if (URL == "https://www.preview.checkatrade.com/"): null

2020-04-27 15:16:35 - [TEST_STEP][PASSED] - WebOfficeURL = "https://admin.preview.checkatrade.com/": null

2020-04-27 15:16:35 - [TEST_STEP][PASSED] - if (URL == "https://www.dev2.checkatrade.com/"): null

2020-04-27 15:16:35 - [TEST_STEP][PASSED] - "Set Function Area for "URL_Handler", URL Resolution": null

2020-04-27 15:16:35 - [TEST_STEP][PASSED] - "Do Some Magic with URL(s) See the comments within URL Handler ": null

2020-04-27 15:16:35 - [TEST_STEP][PASSED] - "------------------------------------------------": null

2020-04-27 15:16:35 - [TEST_STEP][PASSED] - "Moved Login Credentials to <Default> profile 22/01/2020": null

2020-04-27 15:16:35 - [TEST_STEP][PASSED] - "------------------------------------------------": null

2020-04-27 15:16:35 - [TEST_STEP][PASSED] - "WebOfficeURL - Set from the ENVIRONMENT PROFILE ": null

2020-04-27 15:16:35 - [TEST_STEP][PASSED] - "OPEN BROWSER": null

2020-04-27 15:16:35 - [TEST_STEP][PASSED] - "eg - https://admin.preview.checkatrade.com/  ": null

2020-04-27 15:16:35 - [TEST_STEP][PASSED] - openBrowser(WebOfficeURL): Browser is opened with url: 'https://admin.preview.checkatrade.com/'

2020-04-27 15:16:35 - [MESSAGE][INFO] - Starting 'Chrome' driver

2020-04-27 15:16:35 - [MESSAGE][INFO] - Action delay is set to 0 milliseconds

2020-04-27 15:16:40 - [MESSAGE][PASSED] - Browser is opened with url: 'https://admin.preview.checkatrade.com/'

2020-04-27 15:16:40 - [TEST_STEP][PASSED] - maximizeWindow(): Current window maximized

2020-04-27 15:16:42 - [MESSAGE][PASSED] - Current window maximized

2020-04-27 15:16:42 - [TEST_STEP][PASSED] - waitForElementClickable(findTestObject("Object Repository/WebOffice/Page_Checkatrade - Administration - Login/Login_Button"), 25): Object 'Object Repository/WebOffice/Page_Checkatrade - Administration - Login/Login_Button' is clickable

2020-04-27 15:16:43 - [MESSAGE][PASSED] - Object 'Object Repository/WebOffice/Page_Checkatrade - Administration - Login/Login_Button' is clickable

2020-04-27 15:16:43 - [TEST_STEP][PASSED] - verifyTextPresent("Checkatrade Web Office", false): Text 'Checkatrade Web Office' is present on page 

2020-04-27 15:16:43 - [MESSAGE][PASSED] - Text 'Checkatrade Web Office' is present on page 

2020-04-27 15:16:43 - [TEST_STEP][PASSED] - verifyTextPresent("Access for staff use only", false): Text 'Access for staff use only' is present on page 

2020-04-27 15:16:43 - [MESSAGE][PASSED] - Text 'Access for staff use only' is present on page 

2020-04-27 15:16:43 - [TEST_STEP][PASSED] - verifyTextPresent("Forgotten password?", false): Text 'Forgotten password?' is present on page 

2020-04-27 15:16:43 - [MESSAGE][PASSED] - Text 'Forgotten password?' is present on page 

2020-04-27 15:16:43 - [TEST_STEP][PASSED] - setText(findTestObject("Object Repository/WebOffice/Page_Checkatrade - Administration - Login/input_Username_LoginControlUserName"), wo_Username): Text 'DavidHo' is set on object 'Object Repository/WebOffice/Page_Checkatrade - Administration - Login/input_Username_LoginControlUserName'

2020-04-27 15:16:43 - [MESSAGE][PASSED] - Text 'DavidHo' is set on object 'Object Repository/WebOffice/Page_Checkatrade - Administration - Login/input_Username_LoginControlUserName'

2020-04-27 15:16:43 - [TEST_STEP][PASSED] - setText(findTestObject("Object Repository/WebOffice/Page_Checkatrade - Administration - Login/input_Password_LoginControlPassword"), wo_Password): Text 'Check123' is set on object 'Object Repository/WebOffice/Page_Checkatrade - Administration - Login/input_Password_LoginControlPassword'

2020-04-27 15:16:43 - [MESSAGE][PASSED] - Text 'Check123' is set on object 'Object Repository/WebOffice/Page_Checkatrade - Administration - Login/input_Password_LoginControlPassword'

2020-04-27 15:16:43 - [TEST_STEP][PASSED] - click(findTestObject("Object Repository/WebOffice/Page_Checkatrade - Administration - Login/Login_Button")): Object: 'Object Repository/WebOffice/Page_Checkatrade - Administration - Login/Login_Button' is clicked on

2020-04-27 15:16:44 - [MESSAGE][PASSED] - Object: 'Object Repository/WebOffice/Page_Checkatrade - Administration - Login/Login_Button' is clicked on

2020-04-27 15:16:44 - [TEST_STEP][PASSED] - waitForPageLoad(60): Wait for page load successfully

2020-04-27 15:16:44 - [MESSAGE][PASSED] - Wait for page load successfully

2020-04-27 15:16:44 - [TEST_STEP][PASSED] - verifyTextPresent("Welcome " + wo_Username, false): Text 'Welcome DavidHo' is present on page 

2020-04-27 15:16:44 - [MESSAGE][PASSED] - Text 'Welcome DavidHo' is present on page 

2020-04-27 15:16:44 - [MESSAGE][PASSED] - Call Test Case 'Test Cases/Reusable_Test_Sequences/Web_Office/Directives/WebOffice_StartUp' successfully

2020-04-27 15:16:44 - [TEST_STEP][PASSED] - "-----------------------------------------------------------------": null

2020-04-27 15:16:44 - [TEST_STEP][PASSED] - " Navigate to <Settings->Checkatrade.Com->Sub Item> Menu Item     |": null

2020-04-27 15:16:44 - [TEST_STEP][PASSED] - callTestCase(findTestCase("Reusable_Test_Sequences/Web_Office/Navigation/Sub_Menu_Navigation/Reports/Application_Progress_On_Hold"), [:], STOP_ON_FAILURE): Call Test Case 'Test Cases/Reusable_Test_Sequences/Web_Office/Navigation/Sub_Menu_Navigation/Reports/Application_Progress_On_Hold' successfully

2020-04-27 15:16:45 - [TEST_CASE][PASSED] - Test Cases/Reusable_Test_Sequences/Web_Office/Navigation/Sub_Menu_Navigation/Reports/Application_Progress_On_Hold: Test Cases/Reusable_Test_Sequences/Web_Office/Navigation/Sub_Menu_Navigation/Reports/Application_Progress_On_Hold

2020-04-27 15:16:45 - [TEST_STEP][PASSED] - "--------------------------------------": null

2020-04-27 15:16:45 - [TEST_STEP][PASSED] - " Navigate Top level menu Item         |": null

2020-04-27 15:16:45 - [TEST_STEP][PASSED] - waitForPageLoad(60): Wait for page load successfully

2020-04-27 15:16:45 - [MESSAGE][PASSED] - Wait for page load successfully

2020-04-27 15:16:45 - [TEST_STEP][PASSED] - waitForElementClickable(findTestObject("Object Repository/WebOffice_Home_page/a_Reports"), 60): Object 'Object Repository/WebOffice_Home_page/a_Reports' is clickable

2020-04-27 15:16:45 - [MESSAGE][PASSED] - Object 'Object Repository/WebOffice_Home_page/a_Reports' is clickable

2020-04-27 15:16:45 - [TEST_STEP][PASSED] - mouseOver(findTestObject("Object Repository/WebOffice_Home_page/a_Reports")): Object: 'Object Repository/WebOffice_Home_page/a_Reports' is hovered

2020-04-27 15:16:45 - [MESSAGE][PASSED] - Object: 'Object Repository/WebOffice_Home_page/a_Reports' is hovered

2020-04-27 15:16:45 - [TEST_STEP][PASSED] - click(findTestObject("Object Repository/WebOffice_Home_page/Page_/a_Members")): Object: 'Object Repository/WebOffice_Home_page/Page_/a_Members' is clicked on

2020-04-27 15:16:45 - [MESSAGE][PASSED] - Object: 'Object Repository/WebOffice_Home_page/Page_/a_Members' is clicked on

2020-04-27 15:16:45 - [TEST_STEP][PASSED] - waitForPageLoad(5): Wait for page load successfully

2020-04-27 15:16:45 - [MESSAGE][PASSED] - Wait for page load successfully

2020-04-27 15:16:45 - [TEST_STEP][PASSED] - waitForElementClickable(findTestObject("Object Repository/WebOffice_Home_page/Page_/a_AppProgr OnHold"), 5): Object 'Object Repository/WebOffice_Home_page/Page_/a_AppProgr OnHold' is clickable

2020-04-27 15:16:46 - [MESSAGE][PASSED] - Object 'Object Repository/WebOffice_Home_page/Page_/a_AppProgr OnHold' is clickable

2020-04-27 15:16:46 - [TEST_STEP][PASSED] - click(findTestObject("Object Repository/WebOffice_Home_page/Page_/a_AppProgr OnHold")): Object: 'Object Repository/WebOffice_Home_page/Page_/a_AppProgr OnHold' is clicked on

2020-04-27 15:16:47 - [MESSAGE][PASSED] - Object: 'Object Repository/WebOffice_Home_page/Page_/a_AppProgr OnHold' is clicked on

2020-04-27 15:16:47 - [MESSAGE][PASSED] - Call Test Case 'Test Cases/Reusable_Test_Sequences/Web_Office/Navigation/Sub_Menu_Navigation/Reports/Application_Progress_On_Hold' successfully

2020-04-27 15:16:47 - [TEST_STEP][PASSED] - "--------------------------------------": null

2020-04-27 15:16:47 - [TEST_STEP][PASSED] - " Verify Returned Page Detail          |": null

2020-04-27 15:16:47 - [TEST_STEP][PASSED] - callTestCase(findTestCase("Reusable_Test_Sequences/Web_Office/Verification/Reports/Application_Progress_On_Hold"), [:], OPTIONAL): Call Test Case 'Test Cases/Reusable_Test_Sequences/Web_Office/Verification/Reports/Application_Progress_On_Hold' successfully

2020-04-27 15:16:47 - [TEST_CASE][PASSED] - Test Cases/Reusable_Test_Sequences/Web_Office/Verification/Reports/Application_Progress_On_Hold: Test Cases/Reusable_Test_Sequences/Web_Office/Verification/Reports/Application_Progress_On_Hold

2020-04-27 15:16:47 - [TEST_STEP][PASSED] - waitForPageLoad(120): Wait for page load successfully

2020-04-27 15:16:47 - [MESSAGE][PASSED] - Wait for page load successfully

2020-04-27 15:16:47 - [TEST_STEP][PASSED] - delay(1): Delayed 1 second(s)

2020-04-27 15:16:48 - [MESSAGE][PASSED] - Delayed 1 second(s)

2020-04-27 15:16:48 - [TEST_STEP][PASSED] - verifyTextPresent("Application Progress On Hold Report", false): Text 'Application Progress On Hold Report' is present on page 

2020-04-27 15:16:49 - [MESSAGE][PASSED] - Text 'Application Progress On Hold Report' is present on page 

2020-04-27 15:16:49 - [TEST_STEP][PASSED] - "----------------------------------------------": null

2020-04-27 15:16:49 - [TEST_STEP][PASSED] - verifyTextPresent("Start Date", false): Text 'Start Date' is present on page 

2020-04-27 15:16:49 - [MESSAGE][PASSED] - Text 'Start Date' is present on page 

2020-04-27 15:16:49 - [TEST_STEP][PASSED] - verifyTextPresent("End Date", false): Text 'End Date' is present on page 

2020-04-27 15:16:49 - [MESSAGE][PASSED] - Text 'End Date' is present on page 

2020-04-27 15:16:49 - [TEST_STEP][PASSED] - "----------------------------------------------": null

2020-04-27 15:16:49 - [TEST_STEP][PASSED] - verifyTextPresent("On Hold Cases", false): Text 'On Hold Cases' is present on page 

2020-04-27 15:16:49 - [MESSAGE][PASSED] - Text 'On Hold Cases' is present on page 

2020-04-27 15:16:49 - [TEST_STEP][PASSED] - verifyTextPresent("Reset filters", false): Text 'Reset filters' is present on page 

2020-04-27 15:16:49 - [MESSAGE][PASSED] - Text 'Reset filters' is present on page 

2020-04-27 15:16:49 - [TEST_STEP][PASSED] - verifyTextPresent("Reset sorting", false): Text 'Reset sorting' is present on page 

2020-04-27 15:16:50 - [MESSAGE][PASSED] - Text 'Reset sorting' is present on page 

2020-04-27 15:16:50 - [TEST_STEP][PASSED] - verifyTextPresent("Export CSV", false): Text 'Export CSV' is present on page 

2020-04-27 15:16:50 - [MESSAGE][PASSED] - Text 'Export CSV' is present on page 

2020-04-27 15:16:50 - [TEST_STEP][PASSED] - "----------------------------------------------": null

2020-04-27 15:16:50 - [TEST_STEP][PASSED] - verifyTextPresent("CompanyId", false): Text 'CompanyId' is present on page 

2020-04-27 15:16:50 - [MESSAGE][PASSED] - Text 'CompanyId' is present on page 

2020-04-27 15:16:50 - [TEST_STEP][PASSED] - verifyTextPresent("Company Name", false): Text 'Company Name' is present on page 

2020-04-27 15:16:50 - [MESSAGE][PASSED] - Text 'Company Name' is present on page 

2020-04-27 15:16:50 - [TEST_STEP][PASSED] - verifyTextPresent("City", false): Text 'City' is present on page 

2020-04-27 15:16:50 - [MESSAGE][PASSED] - Text 'City' is present on page 

2020-04-27 15:16:50 - [TEST_STEP][PASSED] - verifyTextPresent("Postcode", false): Text 'Postcode' is present on page 

2020-04-27 15:16:51 - [MESSAGE][PASSED] - Text 'Postcode' is present on page 

2020-04-27 15:16:51 - [TEST_STEP][PASSED] - verifyTextPresent("OnHold", false): Text 'OnHold' is present on page 

2020-04-27 15:16:51 - [MESSAGE][PASSED] - Text 'OnHold' is present on page 

2020-04-27 15:16:51 - [TEST_STEP][PASSED] - verifyTextPresent("OnHold TimeStamp", false): Text 'OnHold TimeStamp' is present on page 

2020-04-27 15:16:51 - [MESSAGE][PASSED] - Text 'OnHold TimeStamp' is present on page 

2020-04-27 15:16:51 - [TEST_STEP][PASSED] - verifyTextPresent("Untick TimeStamp", false): Text 'Untick TimeStamp' is present on page 

2020-04-27 15:16:51 - [MESSAGE][PASSED] - Text 'Untick TimeStamp' is present on page 

2020-04-27 15:16:51 - [TEST_STEP][PASSED] - verifyTextPresent("On Hold Reason", false): Text 'On Hold Reason' is present on page 

2020-04-27 15:16:51 - [MESSAGE][PASSED] - Text 'On Hold Reason' is present on page 

2020-04-27 15:16:51 - [TEST_STEP][PASSED] - verifyTextPresent("Advisor", false): Text 'Advisor' is present on page 

2020-04-27 15:16:52 - [MESSAGE][PASSED] - Text 'Advisor' is present on page 

2020-04-27 15:16:52 - [TEST_STEP][PASSED] - verifyTextPresent("Team", false): Text 'Team' is present on page 

2020-04-27 15:16:52 - [MESSAGE][PASSED] - Text 'Team' is present on page 

2020-04-27 15:16:52 - [MESSAGE][PASSED] - Call Test Case 'Test Cases/Reusable_Test_Sequences/Web_Office/Verification/Reports/Application_Progress_On_Hold' successfully

2020-04-27 15:16:52 - [TEST_STEP][PASSED] - "--------------------------": null

2020-04-27 15:16:52 - [TEST_STEP][PASSED] - " Teardown - CLose Browser |": null

2020-04-27 15:16:52 - [TEST_STEP][PASSED] - callTestCase(findTestCase("Reusable_Test_Sequences/CAT_Teardown"), [:], OPTIONAL): Call Test Case 'Test Cases/Reusable_Test_Sequences/CAT_Teardown' successfully

2020-04-27 15:16:52 - [TEST_CASE][PASSED] - Test Cases/Reusable_Test_Sequences/CAT_Teardown: Test Cases/Reusable_Test_Sequences/CAT_Teardown

2020-04-27 15:16:52 - [TEST_STEP][PASSED] - closeBrowser(): Browser is closed

2020-04-27 15:16:53 - [MESSAGE][PASSED] - Browser is closed

2020-04-27 15:16:53 - [TEST_STEP][PASSED] - super.finalize(): null

2020-04-27 15:16:53 - [TEST_STEP][PASSED] - System.gc(): null

2020-04-27 15:16:53 - [MESSAGE][PASSED] - Call Test Case 'Test Cases/Reusable_Test_Sequences/CAT_Teardown' successfully]]></system-out>
         <system-err><![CDATA[]]></system-err>
      </testcase>
      <testcase name="Test Cases/Web_Office/Reports/Feedback_Cap_Report" time="19.715" classname="Test Cases/Web_Office/Reports/Feedback_Cap_Report" status="PASSED">
         <system-out><![CDATA[2020-04-27 15:16:53 - [TEST_CASE][PASSED] - Test Cases/Web_Office/Reports/Feedback_Cap_Report: Test Cases/Web_Office/Reports/Feedback_Cap_Report

2020-04-27 15:16:53 - [TEST_STEP][PASSED] - "--------------------------------------": null

2020-04-27 15:16:53 - [TEST_STEP][PASSED] - " Web Office StartUp                   |": null

2020-04-27 15:16:53 - [TEST_STEP][PASSED] - callTestCase(findTestCase("Reusable_Test_Sequences/Web_Office/Directives/WebOffice_StartUp"), [:], STOP_ON_FAILURE): Call Test Case 'Test Cases/Reusable_Test_Sequences/Web_Office/Directives/WebOffice_StartUp' successfully

2020-04-27 15:16:53 - [TEST_CASE][PASSED] - Test Cases/Reusable_Test_Sequences/Web_Office/Directives/WebOffice_StartUp: Test Cases/Reusable_Test_Sequences/Web_Office/Directives/WebOffice_StartUp

2020-04-27 15:16:53 - [TEST_STEP][PASSED] - "-----------------------------------------------------------------------------": null

2020-04-27 15:16:53 - [TEST_STEP][PASSED] - if (URL == "https://www.dev.checkatrade.com/"): null

2020-04-27 15:16:53 - [TEST_STEP][PASSED] - "-----------------------------------------------------------------------------": null

2020-04-27 15:16:53 - [TEST_STEP][PASSED] - if (URL == "https://www.checkatrade.com/"): null

2020-04-27 15:16:53 - [TEST_STEP][PASSED] - "-----------------------------------------------------------------------------": null

2020-04-27 15:16:53 - [TEST_STEP][PASSED] - if (URL == "https://www.preview.checkatrade.com/"): null

2020-04-27 15:16:53 - [TEST_STEP][PASSED] - WebOfficeURL = "https://admin.preview.checkatrade.com/": null

2020-04-27 15:16:53 - [TEST_STEP][PASSED] - if (URL == "https://www.dev2.checkatrade.com/"): null

2020-04-27 15:16:53 - [TEST_STEP][PASSED] - "Set Function Area for "URL_Handler", URL Resolution": null

2020-04-27 15:16:53 - [TEST_STEP][PASSED] - "Do Some Magic with URL(s) See the comments within URL Handler ": null

2020-04-27 15:16:53 - [TEST_STEP][PASSED] - "------------------------------------------------": null

2020-04-27 15:16:53 - [TEST_STEP][PASSED] - "Moved Login Credentials to <Default> profile 22/01/2020": null

2020-04-27 15:16:53 - [TEST_STEP][PASSED] - "------------------------------------------------": null

2020-04-27 15:16:53 - [TEST_STEP][PASSED] - "WebOfficeURL - Set from the ENVIRONMENT PROFILE ": null

2020-04-27 15:16:53 - [TEST_STEP][PASSED] - "OPEN BROWSER": null

2020-04-27 15:16:53 - [TEST_STEP][PASSED] - "eg - https://admin.preview.checkatrade.com/  ": null

2020-04-27 15:16:53 - [TEST_STEP][PASSED] - openBrowser(WebOfficeURL): Browser is opened with url: 'https://admin.preview.checkatrade.com/'

2020-04-27 15:16:53 - [MESSAGE][INFO] - Starting 'Chrome' driver

2020-04-27 15:16:53 - [MESSAGE][INFO] - Action delay is set to 0 milliseconds

2020-04-27 15:16:58 - [MESSAGE][PASSED] - Browser is opened with url: 'https://admin.preview.checkatrade.com/'

2020-04-27 15:16:58 - [TEST_STEP][PASSED] - maximizeWindow(): Current window maximized

2020-04-27 15:17:00 - [MESSAGE][PASSED] - Current window maximized

2020-04-27 15:17:00 - [TEST_STEP][PASSED] - waitForElementClickable(findTestObject("Object Repository/WebOffice/Page_Checkatrade - Administration - Login/Login_Button"), 25): Object 'Object Repository/WebOffice/Page_Checkatrade - Administration - Login/Login_Button' is clickable

2020-04-27 15:17:00 - [MESSAGE][PASSED] - Object 'Object Repository/WebOffice/Page_Checkatrade - Administration - Login/Login_Button' is clickable

2020-04-27 15:17:00 - [TEST_STEP][PASSED] - verifyTextPresent("Checkatrade Web Office", false): Text 'Checkatrade Web Office' is present on page 

2020-04-27 15:17:00 - [MESSAGE][PASSED] - Text 'Checkatrade Web Office' is present on page 

2020-04-27 15:17:00 - [TEST_STEP][PASSED] - verifyTextPresent("Access for staff use only", false): Text 'Access for staff use only' is present on page 

2020-04-27 15:17:00 - [MESSAGE][PASSED] - Text 'Access for staff use only' is present on page 

2020-04-27 15:17:00 - [TEST_STEP][PASSED] - verifyTextPresent("Forgotten password?", false): Text 'Forgotten password?' is present on page 

2020-04-27 15:17:00 - [MESSAGE][PASSED] - Text 'Forgotten password?' is present on page 

2020-04-27 15:17:00 - [TEST_STEP][PASSED] - setText(findTestObject("Object Repository/WebOffice/Page_Checkatrade - Administration - Login/input_Username_LoginControlUserName"), wo_Username): Text 'DavidHo' is set on object 'Object Repository/WebOffice/Page_Checkatrade - Administration - Login/input_Username_LoginControlUserName'

2020-04-27 15:17:01 - [MESSAGE][PASSED] - Text 'DavidHo' is set on object 'Object Repository/WebOffice/Page_Checkatrade - Administration - Login/input_Username_LoginControlUserName'

2020-04-27 15:17:01 - [TEST_STEP][PASSED] - setText(findTestObject("Object Repository/WebOffice/Page_Checkatrade - Administration - Login/input_Password_LoginControlPassword"), wo_Password): Text 'Check123' is set on object 'Object Repository/WebOffice/Page_Checkatrade - Administration - Login/input_Password_LoginControlPassword'

2020-04-27 15:17:01 - [MESSAGE][PASSED] - Text 'Check123' is set on object 'Object Repository/WebOffice/Page_Checkatrade - Administration - Login/input_Password_LoginControlPassword'

2020-04-27 15:17:01 - [TEST_STEP][PASSED] - click(findTestObject("Object Repository/WebOffice/Page_Checkatrade - Administration - Login/Login_Button")): Object: 'Object Repository/WebOffice/Page_Checkatrade - Administration - Login/Login_Button' is clicked on

2020-04-27 15:17:02 - [MESSAGE][PASSED] - Object: 'Object Repository/WebOffice/Page_Checkatrade - Administration - Login/Login_Button' is clicked on

2020-04-27 15:17:02 - [TEST_STEP][PASSED] - waitForPageLoad(60): Wait for page load successfully

2020-04-27 15:17:02 - [MESSAGE][PASSED] - Wait for page load successfully

2020-04-27 15:17:02 - [TEST_STEP][PASSED] - verifyTextPresent("Welcome " + wo_Username, false): Text 'Welcome DavidHo' is present on page 

2020-04-27 15:17:02 - [MESSAGE][PASSED] - Text 'Welcome DavidHo' is present on page 

2020-04-27 15:17:02 - [MESSAGE][PASSED] - Call Test Case 'Test Cases/Reusable_Test_Sequences/Web_Office/Directives/WebOffice_StartUp' successfully

2020-04-27 15:17:02 - [TEST_STEP][PASSED] - "-----------------------------------------------------------------": null

2020-04-27 15:17:02 - [TEST_STEP][PASSED] - " Navigate to <Settings->Checkatrade.Com->Sub Item> Menu Item     |": null

2020-04-27 15:17:02 - [TEST_STEP][PASSED] - callTestCase(findTestCase("Reusable_Test_Sequences/Web_Office/Navigation/Sub_Menu_Navigation/Reports/Feedback_Cap_Report"), [:], STOP_ON_FAILURE): Call Test Case 'Test Cases/Reusable_Test_Sequences/Web_Office/Navigation/Sub_Menu_Navigation/Reports/Feedback_Cap_Report' successfully

2020-04-27 15:17:02 - [TEST_CASE][PASSED] - Test Cases/Reusable_Test_Sequences/Web_Office/Navigation/Sub_Menu_Navigation/Reports/Feedback_Cap_Report: Test Cases/Reusable_Test_Sequences/Web_Office/Navigation/Sub_Menu_Navigation/Reports/Feedback_Cap_Report

2020-04-27 15:17:02 - [TEST_STEP][PASSED] - "--------------------------------------": null

2020-04-27 15:17:02 - [TEST_STEP][PASSED] - " Navigate Top level menu Item         |": null

2020-04-27 15:17:02 - [TEST_STEP][PASSED] - waitForPageLoad(60): Wait for page load successfully

2020-04-27 15:17:02 - [MESSAGE][PASSED] - Wait for page load successfully

2020-04-27 15:17:02 - [TEST_STEP][PASSED] - waitForElementClickable(findTestObject("Object Repository/WebOffice_Home_page/a_Reports"), 60): Object 'Object Repository/WebOffice_Home_page/a_Reports' is clickable

2020-04-27 15:17:02 - [MESSAGE][PASSED] - Object 'Object Repository/WebOffice_Home_page/a_Reports' is clickable

2020-04-27 15:17:02 - [TEST_STEP][PASSED] - mouseOver(findTestObject("Object Repository/WebOffice_Home_page/a_Reports")): Object: 'Object Repository/WebOffice_Home_page/a_Reports' is hovered

2020-04-27 15:17:03 - [MESSAGE][PASSED] - Object: 'Object Repository/WebOffice_Home_page/a_Reports' is hovered

2020-04-27 15:17:03 - [TEST_STEP][PASSED] - click(findTestObject("Object Repository/WebOffice_Home_page/Page_/a_Members")): Object: 'Object Repository/WebOffice_Home_page/Page_/a_Members' is clicked on

2020-04-27 15:17:03 - [MESSAGE][PASSED] - Object: 'Object Repository/WebOffice_Home_page/Page_/a_Members' is clicked on

2020-04-27 15:17:03 - [TEST_STEP][PASSED] - waitForPageLoad(5): Wait for page load successfully

2020-04-27 15:17:03 - [MESSAGE][PASSED] - Wait for page load successfully

2020-04-27 15:17:03 - [TEST_STEP][PASSED] - waitForElementClickable(findTestObject("Object Repository/WebOffice_Home_page/Page_/a_Feedback Cap Report"), 5): Object 'Object Repository/WebOffice_Home_page/Page_/a_Feedback Cap Report' is clickable

2020-04-27 15:17:03 - [MESSAGE][PASSED] - Object 'Object Repository/WebOffice_Home_page/Page_/a_Feedback Cap Report' is clickable

2020-04-27 15:17:03 - [TEST_STEP][PASSED] - click(findTestObject("Object Repository/WebOffice_Home_page/Page_/a_Feedback Cap Report")): Object: 'Object Repository/WebOffice_Home_page/Page_/a_Feedback Cap Report' is clicked on

2020-04-27 15:17:06 - [MESSAGE][PASSED] - Object: 'Object Repository/WebOffice_Home_page/Page_/a_Feedback Cap Report' is clicked on

2020-04-27 15:17:06 - [MESSAGE][PASSED] - Call Test Case 'Test Cases/Reusable_Test_Sequences/Web_Office/Navigation/Sub_Menu_Navigation/Reports/Feedback_Cap_Report' successfully

2020-04-27 15:17:06 - [TEST_STEP][PASSED] - "--------------------------------------": null

2020-04-27 15:17:06 - [TEST_STEP][PASSED] - " Verify Returned Page Detail          |": null

2020-04-27 15:17:06 - [TEST_STEP][PASSED] - callTestCase(findTestCase("Reusable_Test_Sequences/Web_Office/Verification/Reports/Feedback_Cap_Report"), [:], OPTIONAL): Call Test Case 'Test Cases/Reusable_Test_Sequences/Web_Office/Verification/Reports/Feedback_Cap_Report' successfully

2020-04-27 15:17:06 - [TEST_CASE][PASSED] - Test Cases/Reusable_Test_Sequences/Web_Office/Verification/Reports/Feedback_Cap_Report: Test Cases/Reusable_Test_Sequences/Web_Office/Verification/Reports/Feedback_Cap_Report

2020-04-27 15:17:06 - [TEST_STEP][PASSED] - waitForPageLoad(120): Wait for page load successfully

2020-04-27 15:17:06 - [MESSAGE][PASSED] - Wait for page load successfully

2020-04-27 15:17:06 - [TEST_STEP][PASSED] - delay(1): Delayed 1 second(s)

2020-04-27 15:17:07 - [MESSAGE][PASSED] - Delayed 1 second(s)

2020-04-27 15:17:07 - [TEST_STEP][PASSED] - verifyTextPresent("Feedback Caps - Members That Exceed Their Cap", false): Text 'Feedback Caps - Members That Exceed Their Cap' is present on page 

2020-04-27 15:17:07 - [MESSAGE][PASSED] - Text 'Feedback Caps - Members That Exceed Their Cap' is present on page 

2020-04-27 15:17:07 - [TEST_STEP][PASSED] - "----------------------------------------------": null

2020-04-27 15:17:07 - [TEST_STEP][PASSED] - verifyTextPresent("Company", false): Text 'Company' is present on page 

2020-04-27 15:17:08 - [MESSAGE][PASSED] - Text 'Company' is present on page 

2020-04-27 15:17:08 - [TEST_STEP][PASSED] - verifyTextPresent("Guide Heading", false): Text 'Guide Heading' is present on page 

2020-04-27 15:17:08 - [MESSAGE][PASSED] - Text 'Guide Heading' is present on page 

2020-04-27 15:17:08 - [TEST_STEP][PASSED] - verifyTextPresent("Date Joined", false): Text 'Date Joined' is present on page 

2020-04-27 15:17:08 - [MESSAGE][PASSED] - Text 'Date Joined' is present on page 

2020-04-27 15:17:08 - [TEST_STEP][PASSED] - verifyTextPresent("CapType", false): Text 'CapType' is present on page 

2020-04-27 15:17:08 - [MESSAGE][PASSED] - Text 'CapType' is present on page 

2020-04-27 15:17:08 - [TEST_STEP][PASSED] - verifyTextPresent("Cap Value", false): Text 'Cap Value' is present on page 

2020-04-27 15:17:09 - [MESSAGE][PASSED] - Text 'Cap Value' is present on page 

2020-04-27 15:17:09 - [TEST_STEP][PASSED] - verifyTextPresent("No. Feedbacks", false): Text 'No. Feedbacks' is present on page 

2020-04-27 15:17:09 - [MESSAGE][PASSED] - Text 'No. Feedbacks' is present on page 

2020-04-27 15:17:09 - [TEST_STEP][PASSED] - "----------------------------------------------": null

2020-04-27 15:17:09 - [TEST_STEP][PASSED] - verifyTextPresent("Carpet Bright UK", false): Text 'Carpet Bright UK' is present on page 

2020-04-27 15:17:09 - [MESSAGE][PASSED] - Text 'Carpet Bright UK' is present on page 

2020-04-27 15:17:09 - [TEST_STEP][PASSED] - verifyTextPresent("CARPET & UPHOLSTERY CLEANING", false): Text 'CARPET & UPHOLSTERY CLEANING' is present on page 

2020-04-27 15:17:09 - [MESSAGE][PASSED] - Text 'CARPET & UPHOLSTERY CLEANING' is present on page 

2020-04-27 15:17:09 - [TEST_STEP][PASSED] - verifyTextPresent("Directory Heading", false): Text 'Directory Heading' is present on page 

2020-04-27 15:17:10 - [MESSAGE][PASSED] - Text 'Directory Heading' is present on page 

2020-04-27 15:17:10 - [TEST_STEP][PASSED] - verifyTextPresent("Company Override", false): Text 'Company Override' is present on page 

2020-04-27 15:17:10 - [MESSAGE][PASSED] - Text 'Company Override' is present on page 

2020-04-27 15:17:10 - [TEST_STEP][PASSED] - verifyTextPresent("Aston Cord Ltd", false): Text 'Aston Cord Ltd' is present on page 

2020-04-27 15:17:10 - [MESSAGE][PASSED] - Text 'Aston Cord Ltd' is present on page 

2020-04-27 15:17:10 - [TEST_STEP][PASSED] - verifyTextPresent("CENTRAL HEATING - GAS SAFE", false): Text 'CENTRAL HEATING - GAS SAFE' is present on page 

2020-04-27 15:17:11 - [MESSAGE][PASSED] - Text 'CENTRAL HEATING - GAS SAFE' is present on page 

2020-04-27 15:17:11 - [TEST_STEP][PASSED] - verifyTextPresent("Lockfit NI", false): Text 'Lockfit NI' is present on page 

2020-04-27 15:17:11 - [MESSAGE][PASSED] - Text 'Lockfit NI' is present on page 

2020-04-27 15:17:11 - [TEST_STEP][PASSED] - verifyTextPresent("LOCKSMITH", false): Text 'LOCKSMITH' is present on page 

2020-04-27 15:17:11 - [MESSAGE][PASSED] - Text 'LOCKSMITH' is present on page 

2020-04-27 15:17:11 - [TEST_STEP][PASSED] - verifyTextPresent("ELECTRICAL", false): Text 'ELECTRICAL' is present on page 

2020-04-27 15:17:12 - [MESSAGE][PASSED] - Text 'ELECTRICAL' is present on page 

2020-04-27 15:17:12 - [MESSAGE][PASSED] - Call Test Case 'Test Cases/Reusable_Test_Sequences/Web_Office/Verification/Reports/Feedback_Cap_Report' successfully

2020-04-27 15:17:12 - [TEST_STEP][PASSED] - "--------------------------": null

2020-04-27 15:17:12 - [TEST_STEP][PASSED] - " Teardown - CLose Browser |": null

2020-04-27 15:17:12 - [TEST_STEP][PASSED] - callTestCase(findTestCase("Reusable_Test_Sequences/CAT_Teardown"), [:], OPTIONAL): Call Test Case 'Test Cases/Reusable_Test_Sequences/CAT_Teardown' successfully

2020-04-27 15:17:12 - [TEST_CASE][PASSED] - Test Cases/Reusable_Test_Sequences/CAT_Teardown: Test Cases/Reusable_Test_Sequences/CAT_Teardown

2020-04-27 15:17:12 - [TEST_STEP][PASSED] - closeBrowser(): Browser is closed

2020-04-27 15:17:13 - [MESSAGE][PASSED] - Browser is closed

2020-04-27 15:17:13 - [TEST_STEP][PASSED] - super.finalize(): null

2020-04-27 15:17:13 - [TEST_STEP][PASSED] - System.gc(): null

2020-04-27 15:17:13 - [MESSAGE][PASSED] - Call Test Case 'Test Cases/Reusable_Test_Sequences/CAT_Teardown' successfully]]></system-out>
         <system-err><![CDATA[]]></system-err>
      </testcase>
      <system-out><![CDATA[2020-04-27 14:55:34 - [TEST_SUITE][PASSED] - Web_Office_Reports: Test Cases/Web_Office/Reports/Feedback_Cap_Report]]></system-out>
      <system-err><![CDATA[]]></system-err>
   </testsuite>
</testsuites>
