<?xml version="1.0" encoding="UTF-8"?>
<testsuites name="Trade_Name_Multiple_Search" time="238.923" tests="1" failures="0" errors="0">
   <testsuite name="Trade_Name_Multiple_Search" tests="1" failures="0" errors="0" time="238.923" timestamp="2020-02-20 14:48:07" hostname="DavidHo - VETTEDSP36RF.check.local" id="Test Suites/Trade_Name_Multiple_Search">
      <properties>
         <property name="deviceName" value=""/>
         <property name="devicePlatform" value=""/>
         <property name="logFolder" value="C:\\Users\\davidho\\git\\src\\Reports\\20200220_144052\\Trade_Name_Multiple_Search\\20200220_144057"/>
         <property name="logFiles" value="C:\\Users\\davidho\\git\\src\\Reports\\20200220_144052\\Trade_Name_Multiple_Search\\20200220_144057\\execution0.log"/>
         <property name="attachments" value=""/>
         <property name="hostName" value="DavidHo - VETTEDSP36RF.check.local"/>
         <property name="os" value="Windows 10 32bit"/>
         <property name="katalonVersion" value="7.2.1.1"/>
         <property name="browser" value="Firefox 72.0"/>
         <property name="hostAddress" value="10.0.9.154"/>
         <property name="sessionId" value="d14ac1aa-f5ae-4f49-a1d0-c52c6a4debc5"/>
         <property name="seleniumVersion" value="3.141.59"/>
         <property name="proxyInformation" value="ProxyInformation{proxyOption=NO_PROXY, proxyServerType=HTTP, password=, proxyServerAddress=, proxyServerPort=0, executionList=}"/>
         <property name="platform" value="Windows 10"/>
      </properties>
      <testcase name="Test Cases/Checkatrade_Tradesman_Searches/Trade_Name_Search_Multiple" time="238.247" classname="Test Cases/Checkatrade_Tradesman_Searches/Trade_Name_Search_Multiple" status="PASSED">
         <system-out><![CDATA[2020-02-20 14:48:08 - [TEST_CASE][PASSED] - Test Cases/Checkatrade_Tradesman_Searches/Trade_Name_Search_Multiple: Test Cases/Checkatrade_Tradesman_Searches/Trade_Name_Search_Multiple

2020-02-20 14:48:09 - [TEST_STEP][PASSED] - for ([row = 1, row <= findTestData("Search_CAT_ID_Data (1)").getRowNumbers(), (internal.GlobalVariable.row++)]): Call Test Case 'Test Cases/Reusable_Test_Sequences/CAT_Teardown' successfully

2020-02-20 14:48:11 - [TEST_STEP][PASSED] - callTestCase(findTestCase("Reusable_Test_Sequences/CAT_Setup"), [:], STOP_ON_FAILURE): Call Test Case 'Test Cases/Reusable_Test_Sequences/CAT_Setup' successfully

2020-02-20 14:48:11 - [TEST_CASE][PASSED] - Test Cases/Reusable_Test_Sequences/CAT_Setup: Test Cases/Reusable_Test_Sequences/CAT_Setup

2020-02-20 14:48:11 - [TEST_STEP][PASSED] - "------------------------------": null

2020-02-20 14:48:11 - [TEST_STEP][PASSED] - " Set Mobile Device Testing    |": null

2020-02-20 14:48:11 - [TEST_STEP][PASSED] - if (Mobile_Flag == "true"): null

2020-02-20 14:48:11 - [TEST_STEP][PASSED] - "------------------------------": null

2020-02-20 14:48:11 - [TEST_STEP][PASSED] - " Set Mobile Device Testing    |": null

2020-02-20 14:48:11 - [TEST_STEP][PASSED] - "------------------------------": null

2020-02-20 14:48:11 - [TEST_STEP][PASSED] - "URL - Set from the ENVIRONMENT PROFILE ": null

2020-02-20 14:48:11 - [TEST_STEP][PASSED] - openBrowser(URL): Browser is opened with url: 'https://www.preview.checkatrade.com/'

2020-02-20 14:48:12 - [MESSAGE][INFO] - Starting 'Firefox' driver

2020-02-20 14:48:12 - [MESSAGE][INFO] - Action delay is set to 0 seconds

2020-02-20 14:48:22 - [MESSAGE][PASSED] - Browser is opened with url: 'https://www.preview.checkatrade.com/'

2020-02-20 14:48:22 - [TEST_STEP][PASSED] - maximizeWindow(): Current window maximized

2020-02-20 14:48:23 - [MESSAGE][PASSED] - Current window maximized

2020-02-20 14:48:23 - [TEST_STEP][PASSED] - waitForPageLoad(60): Wait for page load successfully

2020-02-20 14:48:24 - [MESSAGE][PASSED] - Wait for page load successfully

2020-02-20 14:48:24 - [TEST_STEP][PASSED] - "Previous Functionalilty Left Commented For Ease Of reversion": null

2020-02-20 14:48:24 - [TEST_STEP][PASSED] - try: Text 'Cookie Policy' is not present on page

2020-02-20 14:48:24 - [TEST_STEP][PASSED] - verifyElementPresent(findTestObject("Object Repository/Cookies/Page_Checkatrade Find a tradesperson you can trust/button_Accept All"), 5): Object 'Object Repository/Cookies/Page_Checkatrade Find a tradesperson you can trust/button_Accept All' is present

2020-02-20 14:48:24 - [MESSAGE][PASSED] - Object 'Object Repository/Cookies/Page_Checkatrade Find a tradesperson you can trust/button_Accept All' is present

2020-02-20 14:48:24 - [TEST_STEP][PASSED] - click(findTestObject("Object Repository/Cookies/Page_Checkatrade Find a tradesperson you can trust/button_Accept All")): Object: 'Object Repository/Cookies/Page_Checkatrade Find a tradesperson you can trust/button_Accept All' is clicked on

2020-02-20 14:48:25 - [MESSAGE][PASSED] - Object: 'Object Repository/Cookies/Page_Checkatrade Find a tradesperson you can trust/button_Accept All' is clicked on

2020-02-20 14:48:25 - [TEST_STEP][PASSED] - "---------------------------------": null

2020-02-20 14:48:25 - [TEST_STEP][PASSED] - "COOKIE POPOUT REMOVED - Confirmed": null

2020-02-20 14:48:25 - [TEST_STEP][PASSED] - delay(1): Delayed 1 second(s)

2020-02-20 14:48:26 - [MESSAGE][PASSED] - Delayed 1 second(s)

2020-02-20 14:48:26 - [TEST_STEP][PASSED] - verifyTextNotPresent("We use cookies to personalise content and ads, to provide social media features and to analyse our traffic", false): Text 'We use cookies to personalise content and ads, to provide social media features and to analyse our traffic' is not present on page

2020-02-20 14:48:27 - [MESSAGE][PASSED] - Text 'We use cookies to personalise content and ads, to provide social media features and to analyse our traffic' is not present on page

2020-02-20 14:48:27 - [TEST_STEP][PASSED] - verifyTextNotPresent(" We also share information about your use of our site with our social media, advertising and analytics partners", false): Text ' We also share information about your use of our site with our social media, advertising and analytics partners' is not present on page

2020-02-20 14:48:28 - [MESSAGE][PASSED] - Text ' We also share information about your use of our site with our social media, advertising and analytics partners' is not present on page

2020-02-20 14:48:28 - [TEST_STEP][PASSED] - verifyTextNotPresent("Cookie Policy", false): Text 'Cookie Policy' is not present on page

2020-02-20 14:48:29 - [MESSAGE][PASSED] - Text 'Cookie Policy' is not present on page

2020-02-20 14:48:29 - [TEST_STEP][PASSED] - waitForPageLoad(60): Wait for page load successfully

2020-02-20 14:48:29 - [MESSAGE][PASSED] - Wait for page load successfully

2020-02-20 14:48:29 - [TEST_STEP][PASSED] - "COOKIE - ORIGINAL": null

2020-02-20 14:48:29 - [TEST_STEP][PASSED] - if (waitForElementVisible(findTestObject("Object Repository/Feedback/Page_Checkatrade Give your feedback/input_Member_to_Review"), 5)): Web element with id: 'Object Repository/Feedback/Page_Checkatrade Give your feedback/input_Member_to_Review' located by 'By.xpath: //input[@id='feedback-form__company_autocomplete_input']' not found

2020-02-20 14:48:34 - [MESSAGE][INFO] - Unable to find the element located by 'By.xpath: //input[@id='feedback-form__company_autocomplete_input']'. Please recheck the objects properties to make sure the desired element is located. 

2020-02-20 14:48:34 - [MESSAGE][WARNING] - Web element with id: 'Object Repository/Feedback/Page_Checkatrade Give your feedback/input_Member_to_Review' located by 'By.xpath: //input[@id='feedback-form__company_autocomplete_input']' not found

2020-02-20 14:48:34 - [TEST_STEP][PASSED] - else: The <<<OLD>>> Website was detected by the STARTUP Process

2020-02-20 14:48:34 - [TEST_STEP][PASSED] - if (!(verifyElementVisible(findTestObject("Object Repository/Checkatrade_Trade_Search_Page/Page_Checkatrade Find a tradesperson you can trust/input_Search_Button_FF")))): Object 'Object Repository/Checkatrade_Trade_Search_Page/Page_Checkatrade Find a tradesperson you can trust/input_Search_Button_FF' is visible

2020-02-20 14:48:34 - [MESSAGE][PASSED] - Object 'Object Repository/Checkatrade_Trade_Search_Page/Page_Checkatrade Find a tradesperson you can trust/input_Search_Button_FF' is visible

2020-02-20 14:48:34 - [TEST_STEP][PASSED] - else: The <<<OLD>>> Website was detected by the STARTUP Process

2020-02-20 14:48:34 - [TEST_STEP][PASSED] - Website_Version = "old": null

2020-02-20 14:48:34 - [TEST_STEP][PASSED] - logInfo("The <<<OLD>>> Website was detected by the STARTUP Process"): The <<<OLD>>> Website was detected by the STARTUP Process

2020-02-20 14:48:34 - [MESSAGE][INFO] - The <<<OLD>>> Website was detected by the STARTUP Process

2020-02-20 14:48:34 - [MESSAGE][PASSED] - Call Test Case 'Test Cases/Reusable_Test_Sequences/CAT_Setup' successfully

2020-02-20 14:48:34 - [TEST_STEP][PASSED] - callTestCase(findTestCase("Reusable_Test_Sequences/CAT_Home"), [:], CONTINUE_ON_FAILURE): Call Test Case 'Test Cases/Reusable_Test_Sequences/CAT_Home' successfully

2020-02-20 14:48:34 - [TEST_CASE][PASSED] - Test Cases/Reusable_Test_Sequences/CAT_Home: Test Cases/Reusable_Test_Sequences/CAT_Home

2020-02-20 14:48:35 - [TEST_STEP][PASSED] - waitForPageLoad(60): Wait for page load successfully

2020-02-20 14:48:35 - [MESSAGE][PASSED] - Wait for page load successfully

2020-02-20 14:48:35 - [TEST_STEP][PASSED] - delay(2): Delayed 2 second(s)

2020-02-20 14:48:37 - [MESSAGE][PASSED] - Delayed 2 second(s)

2020-02-20 14:48:37 - [TEST_STEP][PASSED] - "------------------------------------": null

2020-02-20 14:48:37 - [TEST_STEP][PASSED] - if (Website_Version == "new"): null

2020-02-20 14:48:37 - [TEST_STEP][PASSED] - else: Text 'Over a million visits to Checkatrade each month' is present on page 

2020-02-20 14:48:37 - [TEST_STEP][PASSED] - verifyTextPresent("Helping you find the right trade or service", false): Text 'Helping you find the right trade or service' is present on page 

2020-02-20 14:48:38 - [MESSAGE][PASSED] - Text 'Helping you find the right trade or service' is present on page 

2020-02-20 14:48:38 - [TEST_STEP][PASSED] - verifyTextPresent("Search through over", false): Text 'Search through over' is present on page 

2020-02-20 14:48:38 - [MESSAGE][PASSED] - Text 'Search through over' is present on page 

2020-02-20 14:48:38 - [TEST_STEP][PASSED] - verifyTextPresent("recommended, vetted and monitored trades and service providers for free.", false): Text 'recommended, vetted and monitored trades and service providers for free.' is present on page 

2020-02-20 14:48:38 - [MESSAGE][PASSED] - Text 'recommended, vetted and monitored trades and service providers for free.' is present on page 

2020-02-20 14:48:38 - [TEST_STEP][PASSED] - verifyTextPresent("reviews published so far – thank you!", false): Text 'reviews published so far – thank you!' is present on page 

2020-02-20 14:48:39 - [MESSAGE][PASSED] - Text 'reviews published so far – thank you!' is present on page 

2020-02-20 14:48:39 - [TEST_STEP][PASSED] - verifyTextPresent("I need a trade or service", false): Text 'I need a trade or service' is present on page 

2020-02-20 14:48:40 - [MESSAGE][PASSED] - Text 'I need a trade or service' is present on page 

2020-02-20 14:48:40 - [TEST_STEP][PASSED] - verifyTextPresent("Every trader thoroughly checked and vetted", false): Text 'Every trader thoroughly checked and vetted' is present on page 

2020-02-20 14:48:40 - [MESSAGE][PASSED] - Text 'Every trader thoroughly checked and vetted' is present on page 

2020-02-20 14:48:40 - [TEST_STEP][PASSED] - "------------------------------------": null

2020-02-20 14:48:40 - [TEST_STEP][PASSED] - verifyTextPresent("reviews published so far – thank you!", false): Text 'reviews published so far – thank you!' is present on page 

2020-02-20 14:48:41 - [MESSAGE][PASSED] - Text 'reviews published so far – thank you!' is present on page 

2020-02-20 14:48:41 - [TEST_STEP][PASSED] - verifyTextPresent("Find out more", false): Text 'Find out more' is present on page 

2020-02-20 14:48:42 - [MESSAGE][PASSED] - Text 'Find out more' is present on page 

2020-02-20 14:48:42 - [TEST_STEP][PASSED] - verifyTextPresent("I am a tradesman", false): Text 'I am a tradesman' is present on page 

2020-02-20 14:48:44 - [MESSAGE][PASSED] - Text 'I am a tradesman' is present on page 

2020-02-20 14:48:44 - [TEST_STEP][PASSED] - verifyTextPresent("Find out more", false): Text 'Find out more' is present on page 

2020-02-20 14:48:45 - [MESSAGE][PASSED] - Text 'Find out more' is present on page 

2020-02-20 14:48:45 - [TEST_STEP][PASSED] - verifyTextPresent("Over a million visits to Checkatrade each month", false): Text 'Over a million visits to Checkatrade each month' is present on page 

2020-02-20 14:48:46 - [MESSAGE][PASSED] - Text 'Over a million visits to Checkatrade each month' is present on page 

2020-02-20 14:48:46 - [MESSAGE][PASSED] - Call Test Case 'Test Cases/Reusable_Test_Sequences/CAT_Home' successfully

2020-02-20 14:48:46 - [TEST_STEP][PASSED] - "---------------------------------------------------------------------": null

2020-02-20 14:48:46 - [TEST_STEP][PASSED] - " Select Search on Trader Name (or ID) From Home page/Search Screen   |": null

2020-02-20 14:48:46 - [TEST_STEP][PASSED] - callTestCase(findTestCase("Reusable_Test_Sequences/CAT_Click_Search_Trade_Name"), [:], CONTINUE_ON_FAILURE): Call Test Case 'Test Cases/Reusable_Test_Sequences/CAT_Click_Search_Trade_Name' successfully

2020-02-20 14:48:46 - [TEST_CASE][PASSED] - Test Cases/Reusable_Test_Sequences/CAT_Click_Search_Trade_Name: Test Cases/Reusable_Test_Sequences/CAT_Click_Search_Trade_Name

2020-02-20 14:48:47 - [TEST_STEP][PASSED] - waitForPageLoad(60): Wait for page load successfully

2020-02-20 14:48:47 - [MESSAGE][PASSED] - Wait for page load successfully

2020-02-20 14:48:47 - [TEST_STEP][PASSED] - if (Website_Version == "new"): null

2020-02-20 14:48:47 - [TEST_STEP][PASSED] - else: Object: 'Object Repository/Page_Checkatrade Find a tradesperson you can trust/a_or look up a member by name' is clicked on

2020-02-20 14:48:47 - [TEST_STEP][PASSED] - click(findTestObject("Page_Checkatrade Find a tradesperson you can trust/a_or look up a member by name")): Object: 'Object Repository/Page_Checkatrade Find a tradesperson you can trust/a_or look up a member by name' is clicked on

2020-02-20 14:48:47 - [MESSAGE][PASSED] - Object: 'Object Repository/Page_Checkatrade Find a tradesperson you can trust/a_or look up a member by name' is clicked on

2020-02-20 14:48:47 - [TEST_STEP][PASSED] - waitForPageLoad(60): Wait for page load successfully

2020-02-20 14:48:47 - [MESSAGE][PASSED] - Wait for page load successfully

2020-02-20 14:48:47 - [MESSAGE][PASSED] - Call Test Case 'Test Cases/Reusable_Test_Sequences/CAT_Click_Search_Trade_Name' successfully

2020-02-20 14:48:47 - [TEST_STEP][PASSED] - "---------------------------------------": null

2020-02-20 14:48:47 - [TEST_STEP][PASSED] - " Enter Trader Name (or ID) to Search   |": null

2020-02-20 14:48:47 - [TEST_STEP][PASSED] - callTestCase(findTestCase("Reusable_Test_Sequences/CAT_Enter_Trade_Name"), [:], CONTINUE_ON_FAILURE): Call Test Case 'Test Cases/Reusable_Test_Sequences/CAT_Enter_Trade_Name' successfully

2020-02-20 14:48:47 - [TEST_CASE][PASSED] - Test Cases/Reusable_Test_Sequences/CAT_Enter_Trade_Name: Test Cases/Reusable_Test_Sequences/CAT_Enter_Trade_Name

2020-02-20 14:48:47 - [TEST_STEP][PASSED] - if (Website_Version == "new"): null

2020-02-20 14:48:47 - [TEST_STEP][PASSED] - else: Text '218020' is set on object 'Object Repository/Page_Checkatrade Find a tradesperson you can trust/Trader_Name_To_Search'

2020-02-20 14:48:47 - [TEST_STEP][PASSED] - setText(findTestObject("Page_Checkatrade Find a tradesperson you can trust/Trader_Name_To_Search"), findTestData("Search_CAT_ID_Data (1)").getValue("tradeName", row)): Text '218020' is set on object 'Object Repository/Page_Checkatrade Find a tradesperson you can trust/Trader_Name_To_Search'

2020-02-20 14:48:48 - [MESSAGE][PASSED] - Text '218020' is set on object 'Object Repository/Page_Checkatrade Find a tradesperson you can trust/Trader_Name_To_Search'

2020-02-20 14:48:48 - [MESSAGE][PASSED] - Call Test Case 'Test Cases/Reusable_Test_Sequences/CAT_Enter_Trade_Name' successfully

2020-02-20 14:48:48 - [TEST_STEP][PASSED] - "---------------------------------------": null

2020-02-20 14:48:48 - [TEST_STEP][PASSED] - " Search Trader Name (or ID)            |": null

2020-02-20 14:48:48 - [TEST_STEP][PASSED] - callTestCase(findTestCase("Reusable_Test_Sequences/CAT_Search_Trade_Name"), [:], CONTINUE_ON_FAILURE): Call Test Case 'Test Cases/Reusable_Test_Sequences/CAT_Search_Trade_Name' successfully

2020-02-20 14:48:48 - [TEST_CASE][PASSED] - Test Cases/Reusable_Test_Sequences/CAT_Search_Trade_Name: Test Cases/Reusable_Test_Sequences/CAT_Search_Trade_Name

2020-02-20 14:48:48 - [TEST_STEP][PASSED] - "Hit Search Trade Person by Name (or CAT ID) after parameters are entered": null

2020-02-20 14:48:48 - [TEST_STEP][PASSED] - waitForPageLoad(60): Wait for page load successfully

2020-02-20 14:48:48 - [MESSAGE][PASSED] - Wait for page load successfully

2020-02-20 14:48:48 - [TEST_STEP][PASSED] - delay(2): Delayed 2 second(s)

2020-02-20 14:48:50 - [MESSAGE][PASSED] - Delayed 2 second(s)

2020-02-20 14:48:50 - [TEST_STEP][PASSED] - if (Website_Version == "new"): null

2020-02-20 14:48:50 - [TEST_STEP][PASSED] - else: Object: 'Object Repository/Page_Checkatrade Find a tradesperson you can trust/span_Trade_Name' is clicked on

2020-02-20 14:48:50 - [TEST_STEP][PASSED] - waitForElementClickable(findTestObject("Page_Checkatrade Find a tradesperson you can trust/span_Trade_Name"), 60): Object 'Object Repository/Page_Checkatrade Find a tradesperson you can trust/span_Trade_Name' is clickable

2020-02-20 14:48:51 - [MESSAGE][PASSED] - Object 'Object Repository/Page_Checkatrade Find a tradesperson you can trust/span_Trade_Name' is clickable

2020-02-20 14:48:51 - [TEST_STEP][PASSED] - click(findTestObject("Page_Checkatrade Find a tradesperson you can trust/span_Trade_Name")): Object: 'Object Repository/Page_Checkatrade Find a tradesperson you can trust/span_Trade_Name' is clicked on

2020-02-20 14:48:55 - [MESSAGE][PASSED] - Object: 'Object Repository/Page_Checkatrade Find a tradesperson you can trust/span_Trade_Name' is clicked on

2020-02-20 14:48:55 - [TEST_STEP][PASSED] - delay(2): Delayed 2 second(s)

2020-02-20 14:48:57 - [MESSAGE][PASSED] - Delayed 2 second(s)

2020-02-20 14:48:57 - [TEST_STEP][PASSED] - waitForPageLoad(60): Wait for page load successfully

2020-02-20 14:48:57 - [MESSAGE][PASSED] - Wait for page load successfully

2020-02-20 14:48:57 - [MESSAGE][PASSED] - Call Test Case 'Test Cases/Reusable_Test_Sequences/CAT_Search_Trade_Name' successfully

2020-02-20 14:48:57 - [TEST_STEP][PASSED] - "------------------------------------------": null

2020-02-20 14:48:57 - [TEST_STEP][PASSED] - " Scroll to Page Footer to Reveal Results  |": null

2020-02-20 14:48:57 - [TEST_STEP][PASSED] - callTestCase(findTestCase("Reusable_Test_Sequences/CAT_Scroll_to_Footer"), [:], CONTINUE_ON_FAILURE): Call Test Case 'Test Cases/Reusable_Test_Sequences/CAT_Scroll_to_Footer' successfully

2020-02-20 14:48:57 - [TEST_CASE][PASSED] - Test Cases/Reusable_Test_Sequences/CAT_Scroll_to_Footer: Test Cases/Reusable_Test_Sequences/CAT_Scroll_to_Footer

2020-02-20 14:48:57 - [TEST_STEP][PASSED] - "-----------------------------------------------------": null

2020-02-20 14:48:57 - [TEST_STEP][PASSED] - " Major changes factored into function 05/12/2019     |": null

2020-02-20 14:48:57 - [TEST_STEP][PASSED] - "-----------------------------------------------------": null

2020-02-20 14:48:57 - [TEST_STEP][PASSED] - "Animation Removed ": null

2020-02-20 14:48:57 - [TEST_STEP][PASSED] - "Scroll - To Footer on the bottom of the page (sometime off the screen) ": null

2020-02-20 14:48:57 - [TEST_STEP][PASSED] - waitForPageLoad(60): Wait for page load successfully

2020-02-20 14:48:57 - [MESSAGE][PASSED] - Wait for page load successfully

2020-02-20 14:48:57 - [TEST_STEP][PASSED] - scrollToPosition(999, 999): Browser is scrolled to position x = 999, y = 999

2020-02-20 14:48:57 - [MESSAGE][PASSED] - Browser is scrolled to position x = 999, y = 999

2020-02-20 14:48:57 - [TEST_STEP][PASSED] - delay(1): Delayed 1 second(s)

2020-02-20 14:48:58 - [MESSAGE][PASSED] - Delayed 1 second(s)

2020-02-20 14:48:58 - [MESSAGE][PASSED] - Call Test Case 'Test Cases/Reusable_Test_Sequences/CAT_Scroll_to_Footer' successfully

2020-02-20 14:48:58 - [TEST_STEP][PASSED] - "------------------------------------------": null

2020-02-20 14:48:58 - [TEST_STEP][PASSED] - " Verify Correct Location is Returned     |": null

2020-02-20 14:48:58 - [TEST_STEP][PASSED] - callTestCase(findTestCase("Reusable_Test_Sequences/CAT_Verification_Location"), [:], CONTINUE_ON_FAILURE): Call Test Case 'Test Cases/Reusable_Test_Sequences/CAT_Verification_Location' successfully

2020-02-20 14:48:58 - [TEST_CASE][PASSED] - Test Cases/Reusable_Test_Sequences/CAT_Verification_Location: Test Cases/Reusable_Test_Sequences/CAT_Verification_Location

2020-02-20 14:48:58 - [TEST_STEP][PASSED] - waitForPageLoad(60): Wait for page load successfully

2020-02-20 14:48:58 - [MESSAGE][PASSED] - Wait for page load successfully

2020-02-20 14:48:58 - [TEST_STEP][PASSED] - verifyTextPresent(findTestData("Search_CAT_ID_Data (1)").getValue("tradeNameLocationVerification", row), false): Text 'Gosport, Hampshire' is present on page 

2020-02-20 14:48:59 - [MESSAGE][PASSED] - Text 'Gosport, Hampshire' is present on page 

2020-02-20 14:48:59 - [MESSAGE][PASSED] - Call Test Case 'Test Cases/Reusable_Test_Sequences/CAT_Verification_Location' successfully

2020-02-20 14:48:59 - [TEST_STEP][PASSED] - "------------------------------------------": null

2020-02-20 14:48:59 - [TEST_STEP][PASSED] - " Verify Primary Contact is Returned     |": null

2020-02-20 14:48:59 - [TEST_STEP][PASSED] - callTestCase(findTestCase("Reusable_Test_Sequences/CAT_Verification_Primary_Contact"), [:], CONTINUE_ON_FAILURE): Call Test Case 'Test Cases/Reusable_Test_Sequences/CAT_Verification_Primary_Contact' successfully

2020-02-20 14:48:59 - [TEST_CASE][PASSED] - Test Cases/Reusable_Test_Sequences/CAT_Verification_Primary_Contact: Test Cases/Reusable_Test_Sequences/CAT_Verification_Primary_Contact

2020-02-20 14:49:00 - [TEST_STEP][PASSED] - verifyTextPresent(findTestData("Search_CAT_ID_Data (1)").getValue("primeContact", row), false): Text 'Jim Foster' is present on page 

2020-02-20 14:49:01 - [MESSAGE][PASSED] - Text 'Jim Foster' is present on page 

2020-02-20 14:49:01 - [MESSAGE][PASSED] - Call Test Case 'Test Cases/Reusable_Test_Sequences/CAT_Verification_Primary_Contact' successfully

2020-02-20 14:49:01 - [TEST_STEP][PASSED] - "--------------------------": null

2020-02-20 14:49:01 - [TEST_STEP][PASSED] - " Teardown - CLose Browser |": null

2020-02-20 14:49:01 - [TEST_STEP][PASSED] - callTestCase(findTestCase("Reusable_Test_Sequences/CAT_Teardown"), [:], OPTIONAL): Call Test Case 'Test Cases/Reusable_Test_Sequences/CAT_Teardown' successfully

2020-02-20 14:49:01 - [TEST_CASE][PASSED] - Test Cases/Reusable_Test_Sequences/CAT_Teardown: Test Cases/Reusable_Test_Sequences/CAT_Teardown

2020-02-20 14:49:01 - [TEST_STEP][PASSED] - closeBrowser(): Browser is closed

2020-02-20 14:49:03 - [MESSAGE][PASSED] - Browser is closed

2020-02-20 14:49:03 - [MESSAGE][PASSED] - Call Test Case 'Test Cases/Reusable_Test_Sequences/CAT_Teardown' successfully

2020-02-20 14:49:03 - [TEST_STEP][PASSED] - callTestCase(findTestCase("Reusable_Test_Sequences/CAT_Setup"), [:], STOP_ON_FAILURE): Call Test Case 'Test Cases/Reusable_Test_Sequences/CAT_Setup' successfully

2020-02-20 14:49:03 - [TEST_CASE][PASSED] - Test Cases/Reusable_Test_Sequences/CAT_Setup: Test Cases/Reusable_Test_Sequences/CAT_Setup

2020-02-20 14:49:03 - [TEST_STEP][PASSED] - "------------------------------": null

2020-02-20 14:49:03 - [TEST_STEP][PASSED] - " Set Mobile Device Testing    |": null

2020-02-20 14:49:03 - [TEST_STEP][PASSED] - if (Mobile_Flag == "true"): null

2020-02-20 14:49:03 - [TEST_STEP][PASSED] - "------------------------------": null

2020-02-20 14:49:03 - [TEST_STEP][PASSED] - " Set Mobile Device Testing    |": null

2020-02-20 14:49:03 - [TEST_STEP][PASSED] - "------------------------------": null

2020-02-20 14:49:03 - [TEST_STEP][PASSED] - "URL - Set from the ENVIRONMENT PROFILE ": null

2020-02-20 14:49:03 - [TEST_STEP][PASSED] - openBrowser(URL): Browser is opened with url: 'https://www.preview.checkatrade.com/'

2020-02-20 14:49:03 - [MESSAGE][INFO] - Starting 'Firefox' driver

2020-02-20 14:49:14 - [MESSAGE][PASSED] - Browser is opened with url: 'https://www.preview.checkatrade.com/'

2020-02-20 14:49:14 - [TEST_STEP][PASSED] - maximizeWindow(): Current window maximized

2020-02-20 14:49:15 - [MESSAGE][PASSED] - Current window maximized

2020-02-20 14:49:15 - [TEST_STEP][PASSED] - waitForPageLoad(60): Wait for page load successfully

2020-02-20 14:49:15 - [MESSAGE][PASSED] - Wait for page load successfully

2020-02-20 14:49:15 - [TEST_STEP][PASSED] - "Previous Functionalilty Left Commented For Ease Of reversion": null

2020-02-20 14:49:15 - [TEST_STEP][PASSED] - try: Text 'Cookie Policy' is not present on page

2020-02-20 14:49:15 - [TEST_STEP][PASSED] - verifyElementPresent(findTestObject("Object Repository/Cookies/Page_Checkatrade Find a tradesperson you can trust/button_Accept All"), 5): Object 'Object Repository/Cookies/Page_Checkatrade Find a tradesperson you can trust/button_Accept All' is present

2020-02-20 14:49:15 - [MESSAGE][PASSED] - Object 'Object Repository/Cookies/Page_Checkatrade Find a tradesperson you can trust/button_Accept All' is present

2020-02-20 14:49:15 - [TEST_STEP][PASSED] - click(findTestObject("Object Repository/Cookies/Page_Checkatrade Find a tradesperson you can trust/button_Accept All")): Object: 'Object Repository/Cookies/Page_Checkatrade Find a tradesperson you can trust/button_Accept All' is clicked on

2020-02-20 14:49:15 - [MESSAGE][PASSED] - Object: 'Object Repository/Cookies/Page_Checkatrade Find a tradesperson you can trust/button_Accept All' is clicked on

2020-02-20 14:49:15 - [TEST_STEP][PASSED] - "---------------------------------": null

2020-02-20 14:49:15 - [TEST_STEP][PASSED] - "COOKIE POPOUT REMOVED - Confirmed": null

2020-02-20 14:49:15 - [TEST_STEP][PASSED] - delay(1): Delayed 1 second(s)

2020-02-20 14:49:16 - [MESSAGE][PASSED] - Delayed 1 second(s)

2020-02-20 14:49:16 - [TEST_STEP][PASSED] - verifyTextNotPresent("We use cookies to personalise content and ads, to provide social media features and to analyse our traffic", false): Text 'We use cookies to personalise content and ads, to provide social media features and to analyse our traffic' is not present on page

2020-02-20 14:49:17 - [MESSAGE][PASSED] - Text 'We use cookies to personalise content and ads, to provide social media features and to analyse our traffic' is not present on page

2020-02-20 14:49:17 - [TEST_STEP][PASSED] - verifyTextNotPresent(" We also share information about your use of our site with our social media, advertising and analytics partners", false): Text ' We also share information about your use of our site with our social media, advertising and analytics partners' is not present on page

2020-02-20 14:49:18 - [MESSAGE][PASSED] - Text ' We also share information about your use of our site with our social media, advertising and analytics partners' is not present on page

2020-02-20 14:49:18 - [TEST_STEP][PASSED] - verifyTextNotPresent("Cookie Policy", false): Text 'Cookie Policy' is not present on page

2020-02-20 14:49:18 - [MESSAGE][PASSED] - Text 'Cookie Policy' is not present on page

2020-02-20 14:49:18 - [TEST_STEP][PASSED] - waitForPageLoad(60): Wait for page load successfully

2020-02-20 14:49:18 - [MESSAGE][PASSED] - Wait for page load successfully

2020-02-20 14:49:18 - [TEST_STEP][PASSED] - "COOKIE - ORIGINAL": null

2020-02-20 14:49:18 - [TEST_STEP][PASSED] - if (waitForElementVisible(findTestObject("Object Repository/Feedback/Page_Checkatrade Give your feedback/input_Member_to_Review"), 5)): Web element with id: 'Object Repository/Feedback/Page_Checkatrade Give your feedback/input_Member_to_Review' located by 'By.xpath: //input[@id='feedback-form__company_autocomplete_input']' not found

2020-02-20 14:49:24 - [MESSAGE][INFO] - Unable to find the element located by 'By.xpath: //input[@id='feedback-form__company_autocomplete_input']'. Please recheck the objects properties to make sure the desired element is located. 

2020-02-20 14:49:24 - [MESSAGE][WARNING] - Web element with id: 'Object Repository/Feedback/Page_Checkatrade Give your feedback/input_Member_to_Review' located by 'By.xpath: //input[@id='feedback-form__company_autocomplete_input']' not found

2020-02-20 14:49:24 - [TEST_STEP][PASSED] - else: The <<<OLD>>> Website was detected by the STARTUP Process

2020-02-20 14:49:24 - [TEST_STEP][PASSED] - if (!(verifyElementVisible(findTestObject("Object Repository/Checkatrade_Trade_Search_Page/Page_Checkatrade Find a tradesperson you can trust/input_Search_Button_FF")))): Object 'Object Repository/Checkatrade_Trade_Search_Page/Page_Checkatrade Find a tradesperson you can trust/input_Search_Button_FF' is visible

2020-02-20 14:49:24 - [MESSAGE][PASSED] - Object 'Object Repository/Checkatrade_Trade_Search_Page/Page_Checkatrade Find a tradesperson you can trust/input_Search_Button_FF' is visible

2020-02-20 14:49:24 - [TEST_STEP][PASSED] - else: The <<<OLD>>> Website was detected by the STARTUP Process

2020-02-20 14:49:24 - [TEST_STEP][PASSED] - Website_Version = "old": null

2020-02-20 14:49:24 - [TEST_STEP][PASSED] - logInfo("The <<<OLD>>> Website was detected by the STARTUP Process"): The <<<OLD>>> Website was detected by the STARTUP Process

2020-02-20 14:49:24 - [MESSAGE][INFO] - The <<<OLD>>> Website was detected by the STARTUP Process

2020-02-20 14:49:24 - [MESSAGE][PASSED] - Call Test Case 'Test Cases/Reusable_Test_Sequences/CAT_Setup' successfully

2020-02-20 14:49:24 - [TEST_STEP][PASSED] - callTestCase(findTestCase("Reusable_Test_Sequences/CAT_Home"), [:], CONTINUE_ON_FAILURE): Call Test Case 'Test Cases/Reusable_Test_Sequences/CAT_Home' successfully

2020-02-20 14:49:24 - [TEST_CASE][PASSED] - Test Cases/Reusable_Test_Sequences/CAT_Home: Test Cases/Reusable_Test_Sequences/CAT_Home

2020-02-20 14:49:24 - [TEST_STEP][PASSED] - waitForPageLoad(60): Wait for page load successfully

2020-02-20 14:49:24 - [MESSAGE][PASSED] - Wait for page load successfully

2020-02-20 14:49:24 - [TEST_STEP][PASSED] - delay(2): Delayed 2 second(s)

2020-02-20 14:49:26 - [MESSAGE][PASSED] - Delayed 2 second(s)

2020-02-20 14:49:26 - [TEST_STEP][PASSED] - "------------------------------------": null

2020-02-20 14:49:26 - [TEST_STEP][PASSED] - if (Website_Version == "new"): null

2020-02-20 14:49:26 - [TEST_STEP][PASSED] - else: Text 'Over a million visits to Checkatrade each month' is present on page 

2020-02-20 14:49:26 - [TEST_STEP][PASSED] - verifyTextPresent("Helping you find the right trade or service", false): Text 'Helping you find the right trade or service' is present on page 

2020-02-20 14:49:27 - [MESSAGE][PASSED] - Text 'Helping you find the right trade or service' is present on page 

2020-02-20 14:49:27 - [TEST_STEP][PASSED] - verifyTextPresent("Search through over", false): Text 'Search through over' is present on page 

2020-02-20 14:49:27 - [MESSAGE][PASSED] - Text 'Search through over' is present on page 

2020-02-20 14:49:27 - [TEST_STEP][PASSED] - verifyTextPresent("recommended, vetted and monitored trades and service providers for free.", false): Text 'recommended, vetted and monitored trades and service providers for free.' is present on page 

2020-02-20 14:49:27 - [MESSAGE][PASSED] - Text 'recommended, vetted and monitored trades and service providers for free.' is present on page 

2020-02-20 14:49:27 - [TEST_STEP][PASSED] - verifyTextPresent("reviews published so far – thank you!", false): Text 'reviews published so far – thank you!' is present on page 

2020-02-20 14:49:28 - [MESSAGE][PASSED] - Text 'reviews published so far – thank you!' is present on page 

2020-02-20 14:49:28 - [TEST_STEP][PASSED] - verifyTextPresent("I need a trade or service", false): Text 'I need a trade or service' is present on page 

2020-02-20 14:49:28 - [MESSAGE][PASSED] - Text 'I need a trade or service' is present on page 

2020-02-20 14:49:28 - [TEST_STEP][PASSED] - verifyTextPresent("Every trader thoroughly checked and vetted", false): Text 'Every trader thoroughly checked and vetted' is present on page 

2020-02-20 14:49:28 - [MESSAGE][PASSED] - Text 'Every trader thoroughly checked and vetted' is present on page 

2020-02-20 14:49:28 - [TEST_STEP][PASSED] - "------------------------------------": null

2020-02-20 14:49:28 - [TEST_STEP][PASSED] - verifyTextPresent("reviews published so far – thank you!", false): Text 'reviews published so far – thank you!' is present on page 

2020-02-20 14:49:28 - [MESSAGE][PASSED] - Text 'reviews published so far – thank you!' is present on page 

2020-02-20 14:49:28 - [TEST_STEP][PASSED] - verifyTextPresent("Find out more", false): Text 'Find out more' is present on page 

2020-02-20 14:49:29 - [MESSAGE][PASSED] - Text 'Find out more' is present on page 

2020-02-20 14:49:29 - [TEST_STEP][PASSED] - verifyTextPresent("I am a tradesman", false): Text 'I am a tradesman' is present on page 

2020-02-20 14:49:29 - [MESSAGE][PASSED] - Text 'I am a tradesman' is present on page 

2020-02-20 14:49:29 - [TEST_STEP][PASSED] - verifyTextPresent("Find out more", false): Text 'Find out more' is present on page 

2020-02-20 14:49:29 - [MESSAGE][PASSED] - Text 'Find out more' is present on page 

2020-02-20 14:49:29 - [TEST_STEP][PASSED] - verifyTextPresent("Over a million visits to Checkatrade each month", false): Text 'Over a million visits to Checkatrade each month' is present on page 

2020-02-20 14:49:29 - [MESSAGE][PASSED] - Text 'Over a million visits to Checkatrade each month' is present on page 

2020-02-20 14:49:29 - [MESSAGE][PASSED] - Call Test Case 'Test Cases/Reusable_Test_Sequences/CAT_Home' successfully

2020-02-20 14:49:29 - [TEST_STEP][PASSED] - "---------------------------------------------------------------------": null

2020-02-20 14:49:29 - [TEST_STEP][PASSED] - " Select Search on Trader Name (or ID) From Home page/Search Screen   |": null

2020-02-20 14:49:29 - [TEST_STEP][PASSED] - callTestCase(findTestCase("Reusable_Test_Sequences/CAT_Click_Search_Trade_Name"), [:], CONTINUE_ON_FAILURE): Call Test Case 'Test Cases/Reusable_Test_Sequences/CAT_Click_Search_Trade_Name' successfully

2020-02-20 14:49:30 - [TEST_CASE][PASSED] - Test Cases/Reusable_Test_Sequences/CAT_Click_Search_Trade_Name: Test Cases/Reusable_Test_Sequences/CAT_Click_Search_Trade_Name

2020-02-20 14:49:30 - [TEST_STEP][PASSED] - waitForPageLoad(60): Wait for page load successfully

2020-02-20 14:49:30 - [MESSAGE][PASSED] - Wait for page load successfully

2020-02-20 14:49:30 - [TEST_STEP][PASSED] - if (Website_Version == "new"): null

2020-02-20 14:49:30 - [TEST_STEP][PASSED] - else: Object: 'Object Repository/Page_Checkatrade Find a tradesperson you can trust/a_or look up a member by name' is clicked on

2020-02-20 14:49:30 - [TEST_STEP][PASSED] - click(findTestObject("Page_Checkatrade Find a tradesperson you can trust/a_or look up a member by name")): Object: 'Object Repository/Page_Checkatrade Find a tradesperson you can trust/a_or look up a member by name' is clicked on

2020-02-20 14:49:30 - [MESSAGE][PASSED] - Object: 'Object Repository/Page_Checkatrade Find a tradesperson you can trust/a_or look up a member by name' is clicked on

2020-02-20 14:49:30 - [TEST_STEP][PASSED] - waitForPageLoad(60): Wait for page load successfully

2020-02-20 14:49:30 - [MESSAGE][PASSED] - Wait for page load successfully

2020-02-20 14:49:30 - [MESSAGE][PASSED] - Call Test Case 'Test Cases/Reusable_Test_Sequences/CAT_Click_Search_Trade_Name' successfully

2020-02-20 14:49:30 - [TEST_STEP][PASSED] - "---------------------------------------": null

2020-02-20 14:49:30 - [TEST_STEP][PASSED] - " Enter Trader Name (or ID) to Search   |": null

2020-02-20 14:49:30 - [TEST_STEP][PASSED] - callTestCase(findTestCase("Reusable_Test_Sequences/CAT_Enter_Trade_Name"), [:], CONTINUE_ON_FAILURE): Call Test Case 'Test Cases/Reusable_Test_Sequences/CAT_Enter_Trade_Name' successfully

2020-02-20 14:49:30 - [TEST_CASE][PASSED] - Test Cases/Reusable_Test_Sequences/CAT_Enter_Trade_Name: Test Cases/Reusable_Test_Sequences/CAT_Enter_Trade_Name

2020-02-20 14:49:30 - [TEST_STEP][PASSED] - if (Website_Version == "new"): null

2020-02-20 14:49:30 - [TEST_STEP][PASSED] - else: Text '402921' is set on object 'Object Repository/Page_Checkatrade Find a tradesperson you can trust/Trader_Name_To_Search'

2020-02-20 14:49:30 - [TEST_STEP][PASSED] - setText(findTestObject("Page_Checkatrade Find a tradesperson you can trust/Trader_Name_To_Search"), findTestData("Search_CAT_ID_Data (1)").getValue("tradeName", row)): Text '402921' is set on object 'Object Repository/Page_Checkatrade Find a tradesperson you can trust/Trader_Name_To_Search'

2020-02-20 14:49:30 - [MESSAGE][PASSED] - Text '402921' is set on object 'Object Repository/Page_Checkatrade Find a tradesperson you can trust/Trader_Name_To_Search'

2020-02-20 14:49:30 - [MESSAGE][PASSED] - Call Test Case 'Test Cases/Reusable_Test_Sequences/CAT_Enter_Trade_Name' successfully

2020-02-20 14:49:30 - [TEST_STEP][PASSED] - "---------------------------------------": null

2020-02-20 14:49:30 - [TEST_STEP][PASSED] - " Search Trader Name (or ID)            |": null

2020-02-20 14:49:30 - [TEST_STEP][PASSED] - callTestCase(findTestCase("Reusable_Test_Sequences/CAT_Search_Trade_Name"), [:], CONTINUE_ON_FAILURE): Call Test Case 'Test Cases/Reusable_Test_Sequences/CAT_Search_Trade_Name' successfully

2020-02-20 14:49:30 - [TEST_CASE][PASSED] - Test Cases/Reusable_Test_Sequences/CAT_Search_Trade_Name: Test Cases/Reusable_Test_Sequences/CAT_Search_Trade_Name

2020-02-20 14:49:30 - [TEST_STEP][PASSED] - "Hit Search Trade Person by Name (or CAT ID) after parameters are entered": null

2020-02-20 14:49:30 - [TEST_STEP][PASSED] - waitForPageLoad(60): Wait for page load successfully

2020-02-20 14:49:30 - [MESSAGE][PASSED] - Wait for page load successfully

2020-02-20 14:49:30 - [TEST_STEP][PASSED] - delay(2): Delayed 2 second(s)

2020-02-20 14:49:32 - [MESSAGE][PASSED] - Delayed 2 second(s)

2020-02-20 14:49:32 - [TEST_STEP][PASSED] - if (Website_Version == "new"): null

2020-02-20 14:49:32 - [TEST_STEP][PASSED] - else: Object: 'Object Repository/Page_Checkatrade Find a tradesperson you can trust/span_Trade_Name' is clicked on

2020-02-20 14:49:32 - [TEST_STEP][PASSED] - waitForElementClickable(findTestObject("Page_Checkatrade Find a tradesperson you can trust/span_Trade_Name"), 60): Object 'Object Repository/Page_Checkatrade Find a tradesperson you can trust/span_Trade_Name' is clickable

2020-02-20 14:49:32 - [MESSAGE][PASSED] - Object 'Object Repository/Page_Checkatrade Find a tradesperson you can trust/span_Trade_Name' is clickable

2020-02-20 14:49:32 - [TEST_STEP][PASSED] - click(findTestObject("Page_Checkatrade Find a tradesperson you can trust/span_Trade_Name")): Object: 'Object Repository/Page_Checkatrade Find a tradesperson you can trust/span_Trade_Name' is clicked on

2020-02-20 14:49:35 - [MESSAGE][PASSED] - Object: 'Object Repository/Page_Checkatrade Find a tradesperson you can trust/span_Trade_Name' is clicked on

2020-02-20 14:49:35 - [TEST_STEP][PASSED] - delay(2): Delayed 2 second(s)

2020-02-20 14:49:37 - [MESSAGE][PASSED] - Delayed 2 second(s)

2020-02-20 14:49:37 - [TEST_STEP][PASSED] - waitForPageLoad(60): Wait for page load successfully

2020-02-20 14:49:37 - [MESSAGE][PASSED] - Wait for page load successfully

2020-02-20 14:49:37 - [MESSAGE][PASSED] - Call Test Case 'Test Cases/Reusable_Test_Sequences/CAT_Search_Trade_Name' successfully

2020-02-20 14:49:37 - [TEST_STEP][PASSED] - "------------------------------------------": null

2020-02-20 14:49:37 - [TEST_STEP][PASSED] - " Scroll to Page Footer to Reveal Results  |": null

2020-02-20 14:49:37 - [TEST_STEP][PASSED] - callTestCase(findTestCase("Reusable_Test_Sequences/CAT_Scroll_to_Footer"), [:], CONTINUE_ON_FAILURE): Call Test Case 'Test Cases/Reusable_Test_Sequences/CAT_Scroll_to_Footer' successfully

2020-02-20 14:49:37 - [TEST_CASE][PASSED] - Test Cases/Reusable_Test_Sequences/CAT_Scroll_to_Footer: Test Cases/Reusable_Test_Sequences/CAT_Scroll_to_Footer

2020-02-20 14:49:37 - [TEST_STEP][PASSED] - "-----------------------------------------------------": null

2020-02-20 14:49:37 - [TEST_STEP][PASSED] - " Major changes factored into function 05/12/2019     |": null

2020-02-20 14:49:37 - [TEST_STEP][PASSED] - "-----------------------------------------------------": null

2020-02-20 14:49:37 - [TEST_STEP][PASSED] - "Animation Removed ": null

2020-02-20 14:49:37 - [TEST_STEP][PASSED] - "Scroll - To Footer on the bottom of the page (sometime off the screen) ": null

2020-02-20 14:49:37 - [TEST_STEP][PASSED] - waitForPageLoad(60): Wait for page load successfully

2020-02-20 14:49:37 - [MESSAGE][PASSED] - Wait for page load successfully

2020-02-20 14:49:37 - [TEST_STEP][PASSED] - scrollToPosition(999, 999): Browser is scrolled to position x = 999, y = 999

2020-02-20 14:49:37 - [MESSAGE][PASSED] - Browser is scrolled to position x = 999, y = 999

2020-02-20 14:49:37 - [TEST_STEP][PASSED] - delay(1): Delayed 1 second(s)

2020-02-20 14:49:38 - [MESSAGE][PASSED] - Delayed 1 second(s)

2020-02-20 14:49:38 - [MESSAGE][PASSED] - Call Test Case 'Test Cases/Reusable_Test_Sequences/CAT_Scroll_to_Footer' successfully

2020-02-20 14:49:38 - [TEST_STEP][PASSED] - "------------------------------------------": null

2020-02-20 14:49:38 - [TEST_STEP][PASSED] - " Verify Correct Location is Returned     |": null

2020-02-20 14:49:38 - [TEST_STEP][PASSED] - callTestCase(findTestCase("Reusable_Test_Sequences/CAT_Verification_Location"), [:], CONTINUE_ON_FAILURE): Call Test Case 'Test Cases/Reusable_Test_Sequences/CAT_Verification_Location' successfully

2020-02-20 14:49:38 - [TEST_CASE][PASSED] - Test Cases/Reusable_Test_Sequences/CAT_Verification_Location: Test Cases/Reusable_Test_Sequences/CAT_Verification_Location

2020-02-20 14:49:38 - [TEST_STEP][PASSED] - waitForPageLoad(60): Wait for page load successfully

2020-02-20 14:49:38 - [MESSAGE][PASSED] - Wait for page load successfully

2020-02-20 14:49:38 - [TEST_STEP][PASSED] - verifyTextPresent(findTestData("Search_CAT_ID_Data (1)").getValue("tradeNameLocationVerification", row), false): Text 'Retford, Nottinghamshire' is present on page 

2020-02-20 14:49:39 - [MESSAGE][PASSED] - Text 'Retford, Nottinghamshire' is present on page 

2020-02-20 14:49:39 - [MESSAGE][PASSED] - Call Test Case 'Test Cases/Reusable_Test_Sequences/CAT_Verification_Location' successfully

2020-02-20 14:49:39 - [TEST_STEP][PASSED] - "------------------------------------------": null

2020-02-20 14:49:39 - [TEST_STEP][PASSED] - " Verify Primary Contact is Returned     |": null

2020-02-20 14:49:39 - [TEST_STEP][PASSED] - callTestCase(findTestCase("Reusable_Test_Sequences/CAT_Verification_Primary_Contact"), [:], CONTINUE_ON_FAILURE): Call Test Case 'Test Cases/Reusable_Test_Sequences/CAT_Verification_Primary_Contact' successfully

2020-02-20 14:49:39 - [TEST_CASE][PASSED] - Test Cases/Reusable_Test_Sequences/CAT_Verification_Primary_Contact: Test Cases/Reusable_Test_Sequences/CAT_Verification_Primary_Contact

2020-02-20 14:49:39 - [TEST_STEP][PASSED] - verifyTextPresent(findTestData("Search_CAT_ID_Data (1)").getValue("primeContact", row), false): Text 'James Burton' is present on page 

2020-02-20 14:49:40 - [MESSAGE][PASSED] - Text 'James Burton' is present on page 

2020-02-20 14:49:40 - [MESSAGE][PASSED] - Call Test Case 'Test Cases/Reusable_Test_Sequences/CAT_Verification_Primary_Contact' successfully

2020-02-20 14:49:40 - [TEST_STEP][PASSED] - "--------------------------": null

2020-02-20 14:49:40 - [TEST_STEP][PASSED] - " Teardown - CLose Browser |": null

2020-02-20 14:49:40 - [TEST_STEP][PASSED] - callTestCase(findTestCase("Reusable_Test_Sequences/CAT_Teardown"), [:], OPTIONAL): Call Test Case 'Test Cases/Reusable_Test_Sequences/CAT_Teardown' successfully

2020-02-20 14:49:40 - [TEST_CASE][PASSED] - Test Cases/Reusable_Test_Sequences/CAT_Teardown: Test Cases/Reusable_Test_Sequences/CAT_Teardown

2020-02-20 14:49:40 - [TEST_STEP][PASSED] - closeBrowser(): Browser is closed

2020-02-20 14:49:44 - [MESSAGE][PASSED] - Browser is closed

2020-02-20 14:49:44 - [MESSAGE][PASSED] - Call Test Case 'Test Cases/Reusable_Test_Sequences/CAT_Teardown' successfully

2020-02-20 14:49:44 - [TEST_STEP][PASSED] - callTestCase(findTestCase("Reusable_Test_Sequences/CAT_Setup"), [:], STOP_ON_FAILURE): Call Test Case 'Test Cases/Reusable_Test_Sequences/CAT_Setup' successfully

2020-02-20 14:49:44 - [TEST_CASE][PASSED] - Test Cases/Reusable_Test_Sequences/CAT_Setup: Test Cases/Reusable_Test_Sequences/CAT_Setup

2020-02-20 14:49:44 - [TEST_STEP][PASSED] - "------------------------------": null

2020-02-20 14:49:44 - [TEST_STEP][PASSED] - " Set Mobile Device Testing    |": null

2020-02-20 14:49:44 - [TEST_STEP][PASSED] - if (Mobile_Flag == "true"): null

2020-02-20 14:49:44 - [TEST_STEP][PASSED] - "------------------------------": null

2020-02-20 14:49:44 - [TEST_STEP][PASSED] - " Set Mobile Device Testing    |": null

2020-02-20 14:49:44 - [TEST_STEP][PASSED] - "------------------------------": null

2020-02-20 14:49:44 - [TEST_STEP][PASSED] - "URL - Set from the ENVIRONMENT PROFILE ": null

2020-02-20 14:49:44 - [TEST_STEP][PASSED] - openBrowser(URL): Browser is opened with url: 'https://www.preview.checkatrade.com/'

2020-02-20 14:49:44 - [MESSAGE][INFO] - Starting 'Firefox' driver

2020-02-20 14:49:54 - [MESSAGE][PASSED] - Browser is opened with url: 'https://www.preview.checkatrade.com/'

2020-02-20 14:49:54 - [TEST_STEP][PASSED] - maximizeWindow(): Current window maximized

2020-02-20 14:49:54 - [MESSAGE][PASSED] - Current window maximized

2020-02-20 14:49:54 - [TEST_STEP][PASSED] - waitForPageLoad(60): Wait for page load successfully

2020-02-20 14:49:54 - [MESSAGE][PASSED] - Wait for page load successfully

2020-02-20 14:49:54 - [TEST_STEP][PASSED] - "Previous Functionalilty Left Commented For Ease Of reversion": null

2020-02-20 14:49:54 - [TEST_STEP][PASSED] - try: Text 'Cookie Policy' is not present on page

2020-02-20 14:49:54 - [TEST_STEP][PASSED] - verifyElementPresent(findTestObject("Object Repository/Cookies/Page_Checkatrade Find a tradesperson you can trust/button_Accept All"), 5): Object 'Object Repository/Cookies/Page_Checkatrade Find a tradesperson you can trust/button_Accept All' is present

2020-02-20 14:49:54 - [MESSAGE][PASSED] - Object 'Object Repository/Cookies/Page_Checkatrade Find a tradesperson you can trust/button_Accept All' is present

2020-02-20 14:49:54 - [TEST_STEP][PASSED] - click(findTestObject("Object Repository/Cookies/Page_Checkatrade Find a tradesperson you can trust/button_Accept All")): Object: 'Object Repository/Cookies/Page_Checkatrade Find a tradesperson you can trust/button_Accept All' is clicked on

2020-02-20 14:49:55 - [MESSAGE][PASSED] - Object: 'Object Repository/Cookies/Page_Checkatrade Find a tradesperson you can trust/button_Accept All' is clicked on

2020-02-20 14:49:55 - [TEST_STEP][PASSED] - "---------------------------------": null

2020-02-20 14:49:55 - [TEST_STEP][PASSED] - "COOKIE POPOUT REMOVED - Confirmed": null

2020-02-20 14:49:55 - [TEST_STEP][PASSED] - delay(1): Delayed 1 second(s)

2020-02-20 14:49:56 - [MESSAGE][PASSED] - Delayed 1 second(s)

2020-02-20 14:49:56 - [TEST_STEP][PASSED] - verifyTextNotPresent("We use cookies to personalise content and ads, to provide social media features and to analyse our traffic", false): Text 'We use cookies to personalise content and ads, to provide social media features and to analyse our traffic' is not present on page

2020-02-20 14:49:57 - [MESSAGE][PASSED] - Text 'We use cookies to personalise content and ads, to provide social media features and to analyse our traffic' is not present on page

2020-02-20 14:49:57 - [TEST_STEP][PASSED] - verifyTextNotPresent(" We also share information about your use of our site with our social media, advertising and analytics partners", false): Text ' We also share information about your use of our site with our social media, advertising and analytics partners' is not present on page

2020-02-20 14:49:58 - [MESSAGE][PASSED] - Text ' We also share information about your use of our site with our social media, advertising and analytics partners' is not present on page

2020-02-20 14:49:58 - [TEST_STEP][PASSED] - verifyTextNotPresent("Cookie Policy", false): Text 'Cookie Policy' is not present on page

2020-02-20 14:49:58 - [MESSAGE][PASSED] - Text 'Cookie Policy' is not present on page

2020-02-20 14:49:58 - [TEST_STEP][PASSED] - waitForPageLoad(60): Wait for page load successfully

2020-02-20 14:49:58 - [MESSAGE][PASSED] - Wait for page load successfully

2020-02-20 14:49:58 - [TEST_STEP][PASSED] - "COOKIE - ORIGINAL": null

2020-02-20 14:49:58 - [TEST_STEP][PASSED] - if (waitForElementVisible(findTestObject("Object Repository/Feedback/Page_Checkatrade Give your feedback/input_Member_to_Review"), 5)): Web element with id: 'Object Repository/Feedback/Page_Checkatrade Give your feedback/input_Member_to_Review' located by 'By.xpath: //input[@id='feedback-form__company_autocomplete_input']' not found

2020-02-20 14:50:04 - [MESSAGE][INFO] - Unable to find the element located by 'By.xpath: //input[@id='feedback-form__company_autocomplete_input']'. Please recheck the objects properties to make sure the desired element is located. 

2020-02-20 14:50:04 - [MESSAGE][WARNING] - Web element with id: 'Object Repository/Feedback/Page_Checkatrade Give your feedback/input_Member_to_Review' located by 'By.xpath: //input[@id='feedback-form__company_autocomplete_input']' not found

2020-02-20 14:50:04 - [TEST_STEP][PASSED] - else: The <<<OLD>>> Website was detected by the STARTUP Process

2020-02-20 14:50:04 - [TEST_STEP][PASSED] - if (!(verifyElementVisible(findTestObject("Object Repository/Checkatrade_Trade_Search_Page/Page_Checkatrade Find a tradesperson you can trust/input_Search_Button_FF")))): Object 'Object Repository/Checkatrade_Trade_Search_Page/Page_Checkatrade Find a tradesperson you can trust/input_Search_Button_FF' is visible

2020-02-20 14:50:04 - [MESSAGE][PASSED] - Object 'Object Repository/Checkatrade_Trade_Search_Page/Page_Checkatrade Find a tradesperson you can trust/input_Search_Button_FF' is visible

2020-02-20 14:50:04 - [TEST_STEP][PASSED] - else: The <<<OLD>>> Website was detected by the STARTUP Process

2020-02-20 14:50:04 - [TEST_STEP][PASSED] - Website_Version = "old": null

2020-02-20 14:50:04 - [TEST_STEP][PASSED] - logInfo("The <<<OLD>>> Website was detected by the STARTUP Process"): The <<<OLD>>> Website was detected by the STARTUP Process

2020-02-20 14:50:04 - [MESSAGE][INFO] - The <<<OLD>>> Website was detected by the STARTUP Process

2020-02-20 14:50:04 - [MESSAGE][PASSED] - Call Test Case 'Test Cases/Reusable_Test_Sequences/CAT_Setup' successfully

2020-02-20 14:50:04 - [TEST_STEP][PASSED] - callTestCase(findTestCase("Reusable_Test_Sequences/CAT_Home"), [:], CONTINUE_ON_FAILURE): Call Test Case 'Test Cases/Reusable_Test_Sequences/CAT_Home' successfully

2020-02-20 14:50:04 - [TEST_CASE][PASSED] - Test Cases/Reusable_Test_Sequences/CAT_Home: Test Cases/Reusable_Test_Sequences/CAT_Home

2020-02-20 14:50:04 - [TEST_STEP][PASSED] - waitForPageLoad(60): Wait for page load successfully

2020-02-20 14:50:04 - [MESSAGE][PASSED] - Wait for page load successfully

2020-02-20 14:50:04 - [TEST_STEP][PASSED] - delay(2): Delayed 2 second(s)

2020-02-20 14:50:06 - [MESSAGE][PASSED] - Delayed 2 second(s)

2020-02-20 14:50:06 - [TEST_STEP][PASSED] - "------------------------------------": null

2020-02-20 14:50:06 - [TEST_STEP][PASSED] - if (Website_Version == "new"): null

2020-02-20 14:50:06 - [TEST_STEP][PASSED] - else: Text 'Over a million visits to Checkatrade each month' is present on page 

2020-02-20 14:50:06 - [TEST_STEP][PASSED] - verifyTextPresent("Helping you find the right trade or service", false): Text 'Helping you find the right trade or service' is present on page 

2020-02-20 14:50:07 - [MESSAGE][PASSED] - Text 'Helping you find the right trade or service' is present on page 

2020-02-20 14:50:07 - [TEST_STEP][PASSED] - verifyTextPresent("Search through over", false): Text 'Search through over' is present on page 

2020-02-20 14:50:07 - [MESSAGE][PASSED] - Text 'Search through over' is present on page 

2020-02-20 14:50:07 - [TEST_STEP][PASSED] - verifyTextPresent("recommended, vetted and monitored trades and service providers for free.", false): Text 'recommended, vetted and monitored trades and service providers for free.' is present on page 

2020-02-20 14:50:07 - [MESSAGE][PASSED] - Text 'recommended, vetted and monitored trades and service providers for free.' is present on page 

2020-02-20 14:50:07 - [TEST_STEP][PASSED] - verifyTextPresent("reviews published so far – thank you!", false): Text 'reviews published so far – thank you!' is present on page 

2020-02-20 14:50:08 - [MESSAGE][PASSED] - Text 'reviews published so far – thank you!' is present on page 

2020-02-20 14:50:08 - [TEST_STEP][PASSED] - verifyTextPresent("I need a trade or service", false): Text 'I need a trade or service' is present on page 

2020-02-20 14:50:08 - [MESSAGE][PASSED] - Text 'I need a trade or service' is present on page 

2020-02-20 14:50:08 - [TEST_STEP][PASSED] - verifyTextPresent("Every trader thoroughly checked and vetted", false): Text 'Every trader thoroughly checked and vetted' is present on page 

2020-02-20 14:50:08 - [MESSAGE][PASSED] - Text 'Every trader thoroughly checked and vetted' is present on page 

2020-02-20 14:50:08 - [TEST_STEP][PASSED] - "------------------------------------": null

2020-02-20 14:50:08 - [TEST_STEP][PASSED] - verifyTextPresent("reviews published so far – thank you!", false): Text 'reviews published so far – thank you!' is present on page 

2020-02-20 14:50:08 - [MESSAGE][PASSED] - Text 'reviews published so far – thank you!' is present on page 

2020-02-20 14:50:08 - [TEST_STEP][PASSED] - verifyTextPresent("Find out more", false): Text 'Find out more' is present on page 

2020-02-20 14:50:09 - [MESSAGE][PASSED] - Text 'Find out more' is present on page 

2020-02-20 14:50:09 - [TEST_STEP][PASSED] - verifyTextPresent("I am a tradesman", false): Text 'I am a tradesman' is present on page 

2020-02-20 14:50:10 - [MESSAGE][PASSED] - Text 'I am a tradesman' is present on page 

2020-02-20 14:50:10 - [TEST_STEP][PASSED] - verifyTextPresent("Find out more", false): Text 'Find out more' is present on page 

2020-02-20 14:50:10 - [MESSAGE][PASSED] - Text 'Find out more' is present on page 

2020-02-20 14:50:10 - [TEST_STEP][PASSED] - verifyTextPresent("Over a million visits to Checkatrade each month", false): Text 'Over a million visits to Checkatrade each month' is present on page 

2020-02-20 14:50:12 - [MESSAGE][PASSED] - Text 'Over a million visits to Checkatrade each month' is present on page 

2020-02-20 14:50:12 - [MESSAGE][PASSED] - Call Test Case 'Test Cases/Reusable_Test_Sequences/CAT_Home' successfully

2020-02-20 14:50:12 - [TEST_STEP][PASSED] - "---------------------------------------------------------------------": null

2020-02-20 14:50:12 - [TEST_STEP][PASSED] - " Select Search on Trader Name (or ID) From Home page/Search Screen   |": null

2020-02-20 14:50:12 - [TEST_STEP][PASSED] - callTestCase(findTestCase("Reusable_Test_Sequences/CAT_Click_Search_Trade_Name"), [:], CONTINUE_ON_FAILURE): Call Test Case 'Test Cases/Reusable_Test_Sequences/CAT_Click_Search_Trade_Name' successfully

2020-02-20 14:50:12 - [TEST_CASE][PASSED] - Test Cases/Reusable_Test_Sequences/CAT_Click_Search_Trade_Name: Test Cases/Reusable_Test_Sequences/CAT_Click_Search_Trade_Name

2020-02-20 14:50:12 - [TEST_STEP][PASSED] - waitForPageLoad(60): Wait for page load successfully

2020-02-20 14:50:12 - [MESSAGE][PASSED] - Wait for page load successfully

2020-02-20 14:50:12 - [TEST_STEP][PASSED] - if (Website_Version == "new"): null

2020-02-20 14:50:12 - [TEST_STEP][PASSED] - else: Object: 'Object Repository/Page_Checkatrade Find a tradesperson you can trust/a_or look up a member by name' is clicked on

2020-02-20 14:50:12 - [TEST_STEP][PASSED] - click(findTestObject("Page_Checkatrade Find a tradesperson you can trust/a_or look up a member by name")): Object: 'Object Repository/Page_Checkatrade Find a tradesperson you can trust/a_or look up a member by name' is clicked on

2020-02-20 14:50:12 - [MESSAGE][PASSED] - Object: 'Object Repository/Page_Checkatrade Find a tradesperson you can trust/a_or look up a member by name' is clicked on

2020-02-20 14:50:12 - [TEST_STEP][PASSED] - waitForPageLoad(60): Wait for page load successfully

2020-02-20 14:50:12 - [MESSAGE][PASSED] - Wait for page load successfully

2020-02-20 14:50:12 - [MESSAGE][PASSED] - Call Test Case 'Test Cases/Reusable_Test_Sequences/CAT_Click_Search_Trade_Name' successfully

2020-02-20 14:50:12 - [TEST_STEP][PASSED] - "---------------------------------------": null

2020-02-20 14:50:12 - [TEST_STEP][PASSED] - " Enter Trader Name (or ID) to Search   |": null

2020-02-20 14:50:12 - [TEST_STEP][PASSED] - callTestCase(findTestCase("Reusable_Test_Sequences/CAT_Enter_Trade_Name"), [:], CONTINUE_ON_FAILURE): Call Test Case 'Test Cases/Reusable_Test_Sequences/CAT_Enter_Trade_Name' successfully

2020-02-20 14:50:12 - [TEST_CASE][PASSED] - Test Cases/Reusable_Test_Sequences/CAT_Enter_Trade_Name: Test Cases/Reusable_Test_Sequences/CAT_Enter_Trade_Name

2020-02-20 14:50:13 - [TEST_STEP][PASSED] - if (Website_Version == "new"): null

2020-02-20 14:50:13 - [TEST_STEP][PASSED] - else: Text '308682' is set on object 'Object Repository/Page_Checkatrade Find a tradesperson you can trust/Trader_Name_To_Search'

2020-02-20 14:50:13 - [TEST_STEP][PASSED] - setText(findTestObject("Page_Checkatrade Find a tradesperson you can trust/Trader_Name_To_Search"), findTestData("Search_CAT_ID_Data (1)").getValue("tradeName", row)): Text '308682' is set on object 'Object Repository/Page_Checkatrade Find a tradesperson you can trust/Trader_Name_To_Search'

2020-02-20 14:50:13 - [MESSAGE][PASSED] - Text '308682' is set on object 'Object Repository/Page_Checkatrade Find a tradesperson you can trust/Trader_Name_To_Search'

2020-02-20 14:50:13 - [MESSAGE][PASSED] - Call Test Case 'Test Cases/Reusable_Test_Sequences/CAT_Enter_Trade_Name' successfully

2020-02-20 14:50:13 - [TEST_STEP][PASSED] - "---------------------------------------": null

2020-02-20 14:50:13 - [TEST_STEP][PASSED] - " Search Trader Name (or ID)            |": null

2020-02-20 14:50:13 - [TEST_STEP][PASSED] - callTestCase(findTestCase("Reusable_Test_Sequences/CAT_Search_Trade_Name"), [:], CONTINUE_ON_FAILURE): Call Test Case 'Test Cases/Reusable_Test_Sequences/CAT_Search_Trade_Name' successfully

2020-02-20 14:50:13 - [TEST_CASE][PASSED] - Test Cases/Reusable_Test_Sequences/CAT_Search_Trade_Name: Test Cases/Reusable_Test_Sequences/CAT_Search_Trade_Name

2020-02-20 14:50:13 - [TEST_STEP][PASSED] - "Hit Search Trade Person by Name (or CAT ID) after parameters are entered": null

2020-02-20 14:50:13 - [TEST_STEP][PASSED] - waitForPageLoad(60): Wait for page load successfully

2020-02-20 14:50:13 - [MESSAGE][PASSED] - Wait for page load successfully

2020-02-20 14:50:13 - [TEST_STEP][PASSED] - delay(2): Delayed 2 second(s)

2020-02-20 14:50:15 - [MESSAGE][PASSED] - Delayed 2 second(s)

2020-02-20 14:50:15 - [TEST_STEP][PASSED] - if (Website_Version == "new"): null

2020-02-20 14:50:15 - [TEST_STEP][PASSED] - else: Object: 'Object Repository/Page_Checkatrade Find a tradesperson you can trust/span_Trade_Name' is clicked on

2020-02-20 14:50:15 - [TEST_STEP][PASSED] - waitForElementClickable(findTestObject("Page_Checkatrade Find a tradesperson you can trust/span_Trade_Name"), 60): Object 'Object Repository/Page_Checkatrade Find a tradesperson you can trust/span_Trade_Name' is clickable

2020-02-20 14:50:15 - [MESSAGE][PASSED] - Object 'Object Repository/Page_Checkatrade Find a tradesperson you can trust/span_Trade_Name' is clickable

2020-02-20 14:50:15 - [TEST_STEP][PASSED] - click(findTestObject("Page_Checkatrade Find a tradesperson you can trust/span_Trade_Name")): Object: 'Object Repository/Page_Checkatrade Find a tradesperson you can trust/span_Trade_Name' is clicked on

2020-02-20 14:50:19 - [MESSAGE][PASSED] - Object: 'Object Repository/Page_Checkatrade Find a tradesperson you can trust/span_Trade_Name' is clicked on

2020-02-20 14:50:19 - [TEST_STEP][PASSED] - delay(2): Delayed 2 second(s)

2020-02-20 14:50:21 - [MESSAGE][PASSED] - Delayed 2 second(s)

2020-02-20 14:50:21 - [TEST_STEP][PASSED] - waitForPageLoad(60): Wait for page load successfully

2020-02-20 14:50:21 - [MESSAGE][PASSED] - Wait for page load successfully

2020-02-20 14:50:21 - [MESSAGE][PASSED] - Call Test Case 'Test Cases/Reusable_Test_Sequences/CAT_Search_Trade_Name' successfully

2020-02-20 14:50:21 - [TEST_STEP][PASSED] - "------------------------------------------": null

2020-02-20 14:50:21 - [TEST_STEP][PASSED] - " Scroll to Page Footer to Reveal Results  |": null

2020-02-20 14:50:21 - [TEST_STEP][PASSED] - callTestCase(findTestCase("Reusable_Test_Sequences/CAT_Scroll_to_Footer"), [:], CONTINUE_ON_FAILURE): Call Test Case 'Test Cases/Reusable_Test_Sequences/CAT_Scroll_to_Footer' successfully

2020-02-20 14:50:21 - [TEST_CASE][PASSED] - Test Cases/Reusable_Test_Sequences/CAT_Scroll_to_Footer: Test Cases/Reusable_Test_Sequences/CAT_Scroll_to_Footer

2020-02-20 14:50:21 - [TEST_STEP][PASSED] - "-----------------------------------------------------": null

2020-02-20 14:50:21 - [TEST_STEP][PASSED] - " Major changes factored into function 05/12/2019     |": null

2020-02-20 14:50:21 - [TEST_STEP][PASSED] - "-----------------------------------------------------": null

2020-02-20 14:50:21 - [TEST_STEP][PASSED] - "Animation Removed ": null

2020-02-20 14:50:21 - [TEST_STEP][PASSED] - "Scroll - To Footer on the bottom of the page (sometime off the screen) ": null

2020-02-20 14:50:21 - [TEST_STEP][PASSED] - waitForPageLoad(60): Wait for page load successfully

2020-02-20 14:50:21 - [MESSAGE][PASSED] - Wait for page load successfully

2020-02-20 14:50:21 - [TEST_STEP][PASSED] - scrollToPosition(999, 999): Browser is scrolled to position x = 999, y = 999

2020-02-20 14:50:21 - [MESSAGE][PASSED] - Browser is scrolled to position x = 999, y = 999

2020-02-20 14:50:21 - [TEST_STEP][PASSED] - delay(1): Delayed 1 second(s)

2020-02-20 14:50:22 - [MESSAGE][PASSED] - Delayed 1 second(s)

2020-02-20 14:50:22 - [MESSAGE][PASSED] - Call Test Case 'Test Cases/Reusable_Test_Sequences/CAT_Scroll_to_Footer' successfully

2020-02-20 14:50:22 - [TEST_STEP][PASSED] - "------------------------------------------": null

2020-02-20 14:50:22 - [TEST_STEP][PASSED] - " Verify Correct Location is Returned     |": null

2020-02-20 14:50:22 - [TEST_STEP][PASSED] - callTestCase(findTestCase("Reusable_Test_Sequences/CAT_Verification_Location"), [:], CONTINUE_ON_FAILURE): Call Test Case 'Test Cases/Reusable_Test_Sequences/CAT_Verification_Location' successfully

2020-02-20 14:50:22 - [TEST_CASE][PASSED] - Test Cases/Reusable_Test_Sequences/CAT_Verification_Location: Test Cases/Reusable_Test_Sequences/CAT_Verification_Location

2020-02-20 14:50:22 - [TEST_STEP][PASSED] - waitForPageLoad(60): Wait for page load successfully

2020-02-20 14:50:22 - [MESSAGE][PASSED] - Wait for page load successfully

2020-02-20 14:50:22 - [TEST_STEP][PASSED] - verifyTextPresent(findTestData("Search_CAT_ID_Data (1)").getValue("tradeNameLocationVerification", row), false): Text 'Banbury, Oxfordshire' is present on page 

2020-02-20 14:50:24 - [MESSAGE][PASSED] - Text 'Banbury, Oxfordshire' is present on page 

2020-02-20 14:50:24 - [MESSAGE][PASSED] - Call Test Case 'Test Cases/Reusable_Test_Sequences/CAT_Verification_Location' successfully

2020-02-20 14:50:24 - [TEST_STEP][PASSED] - "------------------------------------------": null

2020-02-20 14:50:24 - [TEST_STEP][PASSED] - " Verify Primary Contact is Returned     |": null

2020-02-20 14:50:24 - [TEST_STEP][PASSED] - callTestCase(findTestCase("Reusable_Test_Sequences/CAT_Verification_Primary_Contact"), [:], CONTINUE_ON_FAILURE): Call Test Case 'Test Cases/Reusable_Test_Sequences/CAT_Verification_Primary_Contact' successfully

2020-02-20 14:50:24 - [TEST_CASE][PASSED] - Test Cases/Reusable_Test_Sequences/CAT_Verification_Primary_Contact: Test Cases/Reusable_Test_Sequences/CAT_Verification_Primary_Contact

2020-02-20 14:50:24 - [TEST_STEP][PASSED] - verifyTextPresent(findTestData("Search_CAT_ID_Data (1)").getValue("primeContact", row), false): Text 'Andrew Whitaker' is present on page 

2020-02-20 14:50:27 - [MESSAGE][PASSED] - Text 'Andrew Whitaker' is present on page 

2020-02-20 14:50:27 - [MESSAGE][PASSED] - Call Test Case 'Test Cases/Reusable_Test_Sequences/CAT_Verification_Primary_Contact' successfully

2020-02-20 14:50:27 - [TEST_STEP][PASSED] - "--------------------------": null

2020-02-20 14:50:27 - [TEST_STEP][PASSED] - " Teardown - CLose Browser |": null

2020-02-20 14:50:27 - [TEST_STEP][PASSED] - callTestCase(findTestCase("Reusable_Test_Sequences/CAT_Teardown"), [:], OPTIONAL): Call Test Case 'Test Cases/Reusable_Test_Sequences/CAT_Teardown' successfully

2020-02-20 14:50:27 - [TEST_CASE][PASSED] - Test Cases/Reusable_Test_Sequences/CAT_Teardown: Test Cases/Reusable_Test_Sequences/CAT_Teardown

2020-02-20 14:50:27 - [TEST_STEP][PASSED] - closeBrowser(): Browser is closed

2020-02-20 14:50:30 - [MESSAGE][PASSED] - Browser is closed

2020-02-20 14:50:30 - [MESSAGE][PASSED] - Call Test Case 'Test Cases/Reusable_Test_Sequences/CAT_Teardown' successfully

2020-02-20 14:50:30 - [TEST_STEP][PASSED] - callTestCase(findTestCase("Reusable_Test_Sequences/CAT_Setup"), [:], STOP_ON_FAILURE): Call Test Case 'Test Cases/Reusable_Test_Sequences/CAT_Setup' successfully

2020-02-20 14:50:30 - [TEST_CASE][PASSED] - Test Cases/Reusable_Test_Sequences/CAT_Setup: Test Cases/Reusable_Test_Sequences/CAT_Setup

2020-02-20 14:50:30 - [TEST_STEP][PASSED] - "------------------------------": null

2020-02-20 14:50:30 - [TEST_STEP][PASSED] - " Set Mobile Device Testing    |": null

2020-02-20 14:50:30 - [TEST_STEP][PASSED] - if (Mobile_Flag == "true"): null

2020-02-20 14:50:30 - [TEST_STEP][PASSED] - "------------------------------": null

2020-02-20 14:50:30 - [TEST_STEP][PASSED] - " Set Mobile Device Testing    |": null

2020-02-20 14:50:30 - [TEST_STEP][PASSED] - "------------------------------": null

2020-02-20 14:50:30 - [TEST_STEP][PASSED] - "URL - Set from the ENVIRONMENT PROFILE ": null

2020-02-20 14:50:30 - [TEST_STEP][PASSED] - openBrowser(URL): Browser is opened with url: 'https://www.preview.checkatrade.com/'

2020-02-20 14:50:30 - [MESSAGE][INFO] - Starting 'Firefox' driver

2020-02-20 14:50:40 - [MESSAGE][PASSED] - Browser is opened with url: 'https://www.preview.checkatrade.com/'

2020-02-20 14:50:40 - [TEST_STEP][PASSED] - maximizeWindow(): Current window maximized

2020-02-20 14:50:40 - [MESSAGE][PASSED] - Current window maximized

2020-02-20 14:50:40 - [TEST_STEP][PASSED] - waitForPageLoad(60): Wait for page load successfully

2020-02-20 14:50:41 - [MESSAGE][PASSED] - Wait for page load successfully

2020-02-20 14:50:41 - [TEST_STEP][PASSED] - "Previous Functionalilty Left Commented For Ease Of reversion": null

2020-02-20 14:50:41 - [TEST_STEP][PASSED] - try: Text 'Cookie Policy' is not present on page

2020-02-20 14:50:41 - [TEST_STEP][PASSED] - verifyElementPresent(findTestObject("Object Repository/Cookies/Page_Checkatrade Find a tradesperson you can trust/button_Accept All"), 5): Object 'Object Repository/Cookies/Page_Checkatrade Find a tradesperson you can trust/button_Accept All' is present

2020-02-20 14:50:41 - [MESSAGE][PASSED] - Object 'Object Repository/Cookies/Page_Checkatrade Find a tradesperson you can trust/button_Accept All' is present

2020-02-20 14:50:41 - [TEST_STEP][PASSED] - click(findTestObject("Object Repository/Cookies/Page_Checkatrade Find a tradesperson you can trust/button_Accept All")): Object: 'Object Repository/Cookies/Page_Checkatrade Find a tradesperson you can trust/button_Accept All' is clicked on

2020-02-20 14:50:42 - [MESSAGE][PASSED] - Object: 'Object Repository/Cookies/Page_Checkatrade Find a tradesperson you can trust/button_Accept All' is clicked on

2020-02-20 14:50:42 - [TEST_STEP][PASSED] - "---------------------------------": null

2020-02-20 14:50:42 - [TEST_STEP][PASSED] - "COOKIE POPOUT REMOVED - Confirmed": null

2020-02-20 14:50:42 - [TEST_STEP][PASSED] - delay(1): Delayed 1 second(s)

2020-02-20 14:50:43 - [MESSAGE][PASSED] - Delayed 1 second(s)

2020-02-20 14:50:43 - [TEST_STEP][PASSED] - verifyTextNotPresent("We use cookies to personalise content and ads, to provide social media features and to analyse our traffic", false): Text 'We use cookies to personalise content and ads, to provide social media features and to analyse our traffic' is not present on page

2020-02-20 14:50:44 - [MESSAGE][PASSED] - Text 'We use cookies to personalise content and ads, to provide social media features and to analyse our traffic' is not present on page

2020-02-20 14:50:44 - [TEST_STEP][PASSED] - verifyTextNotPresent(" We also share information about your use of our site with our social media, advertising and analytics partners", false): Text ' We also share information about your use of our site with our social media, advertising and analytics partners' is not present on page

2020-02-20 14:50:44 - [MESSAGE][PASSED] - Text ' We also share information about your use of our site with our social media, advertising and analytics partners' is not present on page

2020-02-20 14:50:44 - [TEST_STEP][PASSED] - verifyTextNotPresent("Cookie Policy", false): Text 'Cookie Policy' is not present on page

2020-02-20 14:50:46 - [MESSAGE][PASSED] - Text 'Cookie Policy' is not present on page

2020-02-20 14:50:46 - [TEST_STEP][PASSED] - waitForPageLoad(60): Wait for page load successfully

2020-02-20 14:50:46 - [MESSAGE][PASSED] - Wait for page load successfully

2020-02-20 14:50:46 - [TEST_STEP][PASSED] - "COOKIE - ORIGINAL": null

2020-02-20 14:50:46 - [TEST_STEP][PASSED] - if (waitForElementVisible(findTestObject("Object Repository/Feedback/Page_Checkatrade Give your feedback/input_Member_to_Review"), 5)): Web element with id: 'Object Repository/Feedback/Page_Checkatrade Give your feedback/input_Member_to_Review' located by 'By.xpath: //input[@id='feedback-form__company_autocomplete_input']' not found

2020-02-20 14:50:51 - [MESSAGE][INFO] - Unable to find the element located by 'By.xpath: //input[@id='feedback-form__company_autocomplete_input']'. Please recheck the objects properties to make sure the desired element is located. 

2020-02-20 14:50:51 - [MESSAGE][WARNING] - Web element with id: 'Object Repository/Feedback/Page_Checkatrade Give your feedback/input_Member_to_Review' located by 'By.xpath: //input[@id='feedback-form__company_autocomplete_input']' not found

2020-02-20 14:50:51 - [TEST_STEP][PASSED] - else: The <<<OLD>>> Website was detected by the STARTUP Process

2020-02-20 14:50:51 - [TEST_STEP][PASSED] - if (!(verifyElementVisible(findTestObject("Object Repository/Checkatrade_Trade_Search_Page/Page_Checkatrade Find a tradesperson you can trust/input_Search_Button_FF")))): Object 'Object Repository/Checkatrade_Trade_Search_Page/Page_Checkatrade Find a tradesperson you can trust/input_Search_Button_FF' is visible

2020-02-20 14:50:51 - [MESSAGE][PASSED] - Object 'Object Repository/Checkatrade_Trade_Search_Page/Page_Checkatrade Find a tradesperson you can trust/input_Search_Button_FF' is visible

2020-02-20 14:50:51 - [TEST_STEP][PASSED] - else: The <<<OLD>>> Website was detected by the STARTUP Process

2020-02-20 14:50:51 - [TEST_STEP][PASSED] - Website_Version = "old": null

2020-02-20 14:50:51 - [TEST_STEP][PASSED] - logInfo("The <<<OLD>>> Website was detected by the STARTUP Process"): The <<<OLD>>> Website was detected by the STARTUP Process

2020-02-20 14:50:51 - [MESSAGE][INFO] - The <<<OLD>>> Website was detected by the STARTUP Process

2020-02-20 14:50:51 - [MESSAGE][PASSED] - Call Test Case 'Test Cases/Reusable_Test_Sequences/CAT_Setup' successfully

2020-02-20 14:50:51 - [TEST_STEP][PASSED] - callTestCase(findTestCase("Reusable_Test_Sequences/CAT_Home"), [:], CONTINUE_ON_FAILURE): Call Test Case 'Test Cases/Reusable_Test_Sequences/CAT_Home' successfully

2020-02-20 14:50:51 - [TEST_CASE][PASSED] - Test Cases/Reusable_Test_Sequences/CAT_Home: Test Cases/Reusable_Test_Sequences/CAT_Home

2020-02-20 14:50:51 - [TEST_STEP][PASSED] - waitForPageLoad(60): Wait for page load successfully

2020-02-20 14:50:51 - [MESSAGE][PASSED] - Wait for page load successfully

2020-02-20 14:50:51 - [TEST_STEP][PASSED] - delay(2): Delayed 2 second(s)

2020-02-20 14:50:53 - [MESSAGE][PASSED] - Delayed 2 second(s)

2020-02-20 14:50:53 - [TEST_STEP][PASSED] - "------------------------------------": null

2020-02-20 14:50:53 - [TEST_STEP][PASSED] - if (Website_Version == "new"): null

2020-02-20 14:50:53 - [TEST_STEP][PASSED] - else: Text 'Over a million visits to Checkatrade each month' is present on page 

2020-02-20 14:50:53 - [TEST_STEP][PASSED] - verifyTextPresent("Helping you find the right trade or service", false): Text 'Helping you find the right trade or service' is present on page 

2020-02-20 14:50:54 - [MESSAGE][PASSED] - Text 'Helping you find the right trade or service' is present on page 

2020-02-20 14:50:54 - [TEST_STEP][PASSED] - verifyTextPresent("Search through over", false): Text 'Search through over' is present on page 

2020-02-20 14:50:54 - [MESSAGE][PASSED] - Text 'Search through over' is present on page 

2020-02-20 14:50:54 - [TEST_STEP][PASSED] - verifyTextPresent("recommended, vetted and monitored trades and service providers for free.", false): Text 'recommended, vetted and monitored trades and service providers for free.' is present on page 

2020-02-20 14:50:55 - [MESSAGE][PASSED] - Text 'recommended, vetted and monitored trades and service providers for free.' is present on page 

2020-02-20 14:50:55 - [TEST_STEP][PASSED] - verifyTextPresent("reviews published so far – thank you!", false): Text 'reviews published so far – thank you!' is present on page 

2020-02-20 14:50:56 - [MESSAGE][PASSED] - Text 'reviews published so far – thank you!' is present on page 

2020-02-20 14:50:56 - [TEST_STEP][PASSED] - verifyTextPresent("I need a trade or service", false): Text 'I need a trade or service' is present on page 

2020-02-20 14:50:57 - [MESSAGE][PASSED] - Text 'I need a trade or service' is present on page 

2020-02-20 14:50:57 - [TEST_STEP][PASSED] - verifyTextPresent("Every trader thoroughly checked and vetted", false): Text 'Every trader thoroughly checked and vetted' is present on page 

2020-02-20 14:50:58 - [MESSAGE][PASSED] - Text 'Every trader thoroughly checked and vetted' is present on page 

2020-02-20 14:50:58 - [TEST_STEP][PASSED] - "------------------------------------": null

2020-02-20 14:50:58 - [TEST_STEP][PASSED] - verifyTextPresent("reviews published so far – thank you!", false): Text 'reviews published so far – thank you!' is present on page 

2020-02-20 14:50:59 - [MESSAGE][PASSED] - Text 'reviews published so far – thank you!' is present on page 

2020-02-20 14:50:59 - [TEST_STEP][PASSED] - verifyTextPresent("Find out more", false): Text 'Find out more' is present on page 

2020-02-20 14:50:59 - [MESSAGE][PASSED] - Text 'Find out more' is present on page 

2020-02-20 14:50:59 - [TEST_STEP][PASSED] - verifyTextPresent("I am a tradesman", false): Text 'I am a tradesman' is present on page 

2020-02-20 14:51:00 - [MESSAGE][PASSED] - Text 'I am a tradesman' is present on page 

2020-02-20 14:51:00 - [TEST_STEP][PASSED] - verifyTextPresent("Find out more", false): Text 'Find out more' is present on page 

2020-02-20 14:51:00 - [MESSAGE][PASSED] - Text 'Find out more' is present on page 

2020-02-20 14:51:00 - [TEST_STEP][PASSED] - verifyTextPresent("Over a million visits to Checkatrade each month", false): Text 'Over a million visits to Checkatrade each month' is present on page 

2020-02-20 14:51:01 - [MESSAGE][PASSED] - Text 'Over a million visits to Checkatrade each month' is present on page 

2020-02-20 14:51:01 - [MESSAGE][PASSED] - Call Test Case 'Test Cases/Reusable_Test_Sequences/CAT_Home' successfully

2020-02-20 14:51:01 - [TEST_STEP][PASSED] - "---------------------------------------------------------------------": null

2020-02-20 14:51:01 - [TEST_STEP][PASSED] - " Select Search on Trader Name (or ID) From Home page/Search Screen   |": null

2020-02-20 14:51:01 - [TEST_STEP][PASSED] - callTestCase(findTestCase("Reusable_Test_Sequences/CAT_Click_Search_Trade_Name"), [:], CONTINUE_ON_FAILURE): Call Test Case 'Test Cases/Reusable_Test_Sequences/CAT_Click_Search_Trade_Name' successfully

2020-02-20 14:51:01 - [TEST_CASE][PASSED] - Test Cases/Reusable_Test_Sequences/CAT_Click_Search_Trade_Name: Test Cases/Reusable_Test_Sequences/CAT_Click_Search_Trade_Name

2020-02-20 14:51:01 - [TEST_STEP][PASSED] - waitForPageLoad(60): Wait for page load successfully

2020-02-20 14:51:01 - [MESSAGE][PASSED] - Wait for page load successfully

2020-02-20 14:51:01 - [TEST_STEP][PASSED] - if (Website_Version == "new"): null

2020-02-20 14:51:01 - [TEST_STEP][PASSED] - else: Object: 'Object Repository/Page_Checkatrade Find a tradesperson you can trust/a_or look up a member by name' is clicked on

2020-02-20 14:51:01 - [TEST_STEP][PASSED] - click(findTestObject("Page_Checkatrade Find a tradesperson you can trust/a_or look up a member by name")): Object: 'Object Repository/Page_Checkatrade Find a tradesperson you can trust/a_or look up a member by name' is clicked on

2020-02-20 14:51:02 - [MESSAGE][PASSED] - Object: 'Object Repository/Page_Checkatrade Find a tradesperson you can trust/a_or look up a member by name' is clicked on

2020-02-20 14:51:02 - [TEST_STEP][PASSED] - waitForPageLoad(60): Wait for page load successfully

2020-02-20 14:51:02 - [MESSAGE][PASSED] - Wait for page load successfully

2020-02-20 14:51:02 - [MESSAGE][PASSED] - Call Test Case 'Test Cases/Reusable_Test_Sequences/CAT_Click_Search_Trade_Name' successfully

2020-02-20 14:51:02 - [TEST_STEP][PASSED] - "---------------------------------------": null

2020-02-20 14:51:02 - [TEST_STEP][PASSED] - " Enter Trader Name (or ID) to Search   |": null

2020-02-20 14:51:02 - [TEST_STEP][PASSED] - callTestCase(findTestCase("Reusable_Test_Sequences/CAT_Enter_Trade_Name"), [:], CONTINUE_ON_FAILURE): Call Test Case 'Test Cases/Reusable_Test_Sequences/CAT_Enter_Trade_Name' successfully

2020-02-20 14:51:02 - [TEST_CASE][PASSED] - Test Cases/Reusable_Test_Sequences/CAT_Enter_Trade_Name: Test Cases/Reusable_Test_Sequences/CAT_Enter_Trade_Name

2020-02-20 14:51:02 - [TEST_STEP][PASSED] - if (Website_Version == "new"): null

2020-02-20 14:51:02 - [TEST_STEP][PASSED] - else: Text '230761' is set on object 'Object Repository/Page_Checkatrade Find a tradesperson you can trust/Trader_Name_To_Search'

2020-02-20 14:51:02 - [TEST_STEP][PASSED] - setText(findTestObject("Page_Checkatrade Find a tradesperson you can trust/Trader_Name_To_Search"), findTestData("Search_CAT_ID_Data (1)").getValue("tradeName", row)): Text '230761' is set on object 'Object Repository/Page_Checkatrade Find a tradesperson you can trust/Trader_Name_To_Search'

2020-02-20 14:51:03 - [MESSAGE][PASSED] - Text '230761' is set on object 'Object Repository/Page_Checkatrade Find a tradesperson you can trust/Trader_Name_To_Search'

2020-02-20 14:51:03 - [MESSAGE][PASSED] - Call Test Case 'Test Cases/Reusable_Test_Sequences/CAT_Enter_Trade_Name' successfully

2020-02-20 14:51:03 - [TEST_STEP][PASSED] - "---------------------------------------": null

2020-02-20 14:51:03 - [TEST_STEP][PASSED] - " Search Trader Name (or ID)            |": null

2020-02-20 14:51:03 - [TEST_STEP][PASSED] - callTestCase(findTestCase("Reusable_Test_Sequences/CAT_Search_Trade_Name"), [:], CONTINUE_ON_FAILURE): Call Test Case 'Test Cases/Reusable_Test_Sequences/CAT_Search_Trade_Name' successfully

2020-02-20 14:51:03 - [TEST_CASE][PASSED] - Test Cases/Reusable_Test_Sequences/CAT_Search_Trade_Name: Test Cases/Reusable_Test_Sequences/CAT_Search_Trade_Name

2020-02-20 14:51:03 - [TEST_STEP][PASSED] - "Hit Search Trade Person by Name (or CAT ID) after parameters are entered": null

2020-02-20 14:51:03 - [TEST_STEP][PASSED] - waitForPageLoad(60): Wait for page load successfully

2020-02-20 14:51:03 - [MESSAGE][PASSED] - Wait for page load successfully

2020-02-20 14:51:03 - [TEST_STEP][PASSED] - delay(2): Delayed 2 second(s)

2020-02-20 14:51:05 - [MESSAGE][PASSED] - Delayed 2 second(s)

2020-02-20 14:51:05 - [TEST_STEP][PASSED] - if (Website_Version == "new"): null

2020-02-20 14:51:05 - [TEST_STEP][PASSED] - else: Object: 'Object Repository/Page_Checkatrade Find a tradesperson you can trust/span_Trade_Name' is clicked on

2020-02-20 14:51:05 - [TEST_STEP][PASSED] - waitForElementClickable(findTestObject("Page_Checkatrade Find a tradesperson you can trust/span_Trade_Name"), 60): Object 'Object Repository/Page_Checkatrade Find a tradesperson you can trust/span_Trade_Name' is clickable

2020-02-20 14:51:05 - [MESSAGE][PASSED] - Object 'Object Repository/Page_Checkatrade Find a tradesperson you can trust/span_Trade_Name' is clickable

2020-02-20 14:51:05 - [TEST_STEP][PASSED] - click(findTestObject("Page_Checkatrade Find a tradesperson you can trust/span_Trade_Name")): Object: 'Object Repository/Page_Checkatrade Find a tradesperson you can trust/span_Trade_Name' is clicked on

2020-02-20 14:51:08 - [MESSAGE][PASSED] - Object: 'Object Repository/Page_Checkatrade Find a tradesperson you can trust/span_Trade_Name' is clicked on

2020-02-20 14:51:08 - [TEST_STEP][PASSED] - delay(2): Delayed 2 second(s)

2020-02-20 14:51:10 - [MESSAGE][PASSED] - Delayed 2 second(s)

2020-02-20 14:51:10 - [TEST_STEP][PASSED] - waitForPageLoad(60): Wait for page load successfully

2020-02-20 14:51:10 - [MESSAGE][PASSED] - Wait for page load successfully

2020-02-20 14:51:10 - [MESSAGE][PASSED] - Call Test Case 'Test Cases/Reusable_Test_Sequences/CAT_Search_Trade_Name' successfully

2020-02-20 14:51:10 - [TEST_STEP][PASSED] - "------------------------------------------": null

2020-02-20 14:51:10 - [TEST_STEP][PASSED] - " Scroll to Page Footer to Reveal Results  |": null

2020-02-20 14:51:10 - [TEST_STEP][PASSED] - callTestCase(findTestCase("Reusable_Test_Sequences/CAT_Scroll_to_Footer"), [:], CONTINUE_ON_FAILURE): Call Test Case 'Test Cases/Reusable_Test_Sequences/CAT_Scroll_to_Footer' successfully

2020-02-20 14:51:10 - [TEST_CASE][PASSED] - Test Cases/Reusable_Test_Sequences/CAT_Scroll_to_Footer: Test Cases/Reusable_Test_Sequences/CAT_Scroll_to_Footer

2020-02-20 14:51:10 - [TEST_STEP][PASSED] - "-----------------------------------------------------": null

2020-02-20 14:51:10 - [TEST_STEP][PASSED] - " Major changes factored into function 05/12/2019     |": null

2020-02-20 14:51:10 - [TEST_STEP][PASSED] - "-----------------------------------------------------": null

2020-02-20 14:51:10 - [TEST_STEP][PASSED] - "Animation Removed ": null

2020-02-20 14:51:10 - [TEST_STEP][PASSED] - "Scroll - To Footer on the bottom of the page (sometime off the screen) ": null

2020-02-20 14:51:10 - [TEST_STEP][PASSED] - waitForPageLoad(60): Wait for page load successfully

2020-02-20 14:51:10 - [MESSAGE][PASSED] - Wait for page load successfully

2020-02-20 14:51:10 - [TEST_STEP][PASSED] - scrollToPosition(999, 999): Browser is scrolled to position x = 999, y = 999

2020-02-20 14:51:10 - [MESSAGE][PASSED] - Browser is scrolled to position x = 999, y = 999

2020-02-20 14:51:10 - [TEST_STEP][PASSED] - delay(1): Delayed 1 second(s)

2020-02-20 14:51:11 - [MESSAGE][PASSED] - Delayed 1 second(s)

2020-02-20 14:51:11 - [MESSAGE][PASSED] - Call Test Case 'Test Cases/Reusable_Test_Sequences/CAT_Scroll_to_Footer' successfully

2020-02-20 14:51:11 - [TEST_STEP][PASSED] - "------------------------------------------": null

2020-02-20 14:51:11 - [TEST_STEP][PASSED] - " Verify Correct Location is Returned     |": null

2020-02-20 14:51:11 - [TEST_STEP][PASSED] - callTestCase(findTestCase("Reusable_Test_Sequences/CAT_Verification_Location"), [:], CONTINUE_ON_FAILURE): Call Test Case 'Test Cases/Reusable_Test_Sequences/CAT_Verification_Location' successfully

2020-02-20 14:51:11 - [TEST_CASE][PASSED] - Test Cases/Reusable_Test_Sequences/CAT_Verification_Location: Test Cases/Reusable_Test_Sequences/CAT_Verification_Location

2020-02-20 14:51:11 - [TEST_STEP][PASSED] - waitForPageLoad(60): Wait for page load successfully

2020-02-20 14:51:11 - [MESSAGE][PASSED] - Wait for page load successfully

2020-02-20 14:51:11 - [TEST_STEP][PASSED] - verifyTextPresent(findTestData("Search_CAT_ID_Data (1)").getValue("tradeNameLocationVerification", row), false): Text 'Rustington, West Sussex' is present on page 

2020-02-20 14:51:12 - [MESSAGE][PASSED] - Text 'Rustington, West Sussex' is present on page 

2020-02-20 14:51:12 - [MESSAGE][PASSED] - Call Test Case 'Test Cases/Reusable_Test_Sequences/CAT_Verification_Location' successfully

2020-02-20 14:51:12 - [TEST_STEP][PASSED] - "------------------------------------------": null

2020-02-20 14:51:12 - [TEST_STEP][PASSED] - " Verify Primary Contact is Returned     |": null

2020-02-20 14:51:12 - [TEST_STEP][PASSED] - callTestCase(findTestCase("Reusable_Test_Sequences/CAT_Verification_Primary_Contact"), [:], CONTINUE_ON_FAILURE): Call Test Case 'Test Cases/Reusable_Test_Sequences/CAT_Verification_Primary_Contact' successfully

2020-02-20 14:51:12 - [TEST_CASE][PASSED] - Test Cases/Reusable_Test_Sequences/CAT_Verification_Primary_Contact: Test Cases/Reusable_Test_Sequences/CAT_Verification_Primary_Contact

2020-02-20 14:51:12 - [TEST_STEP][PASSED] - verifyTextPresent(findTestData("Search_CAT_ID_Data (1)").getValue("primeContact", row), false): Text 'David Clarke' is present on page 

2020-02-20 14:51:14 - [MESSAGE][PASSED] - Text 'David Clarke' is present on page 

2020-02-20 14:51:14 - [MESSAGE][PASSED] - Call Test Case 'Test Cases/Reusable_Test_Sequences/CAT_Verification_Primary_Contact' successfully

2020-02-20 14:51:14 - [TEST_STEP][PASSED] - "--------------------------": null

2020-02-20 14:51:14 - [TEST_STEP][PASSED] - " Teardown - CLose Browser |": null

2020-02-20 14:51:14 - [TEST_STEP][PASSED] - callTestCase(findTestCase("Reusable_Test_Sequences/CAT_Teardown"), [:], OPTIONAL): Call Test Case 'Test Cases/Reusable_Test_Sequences/CAT_Teardown' successfully

2020-02-20 14:51:14 - [TEST_CASE][PASSED] - Test Cases/Reusable_Test_Sequences/CAT_Teardown: Test Cases/Reusable_Test_Sequences/CAT_Teardown

2020-02-20 14:51:14 - [TEST_STEP][PASSED] - closeBrowser(): Browser is closed

2020-02-20 14:51:21 - [MESSAGE][PASSED] - Browser is closed

2020-02-20 14:51:21 - [MESSAGE][PASSED] - Call Test Case 'Test Cases/Reusable_Test_Sequences/CAT_Teardown' successfully

2020-02-20 14:51:21 - [TEST_STEP][PASSED] - callTestCase(findTestCase("Reusable_Test_Sequences/CAT_Setup"), [:], STOP_ON_FAILURE): Call Test Case 'Test Cases/Reusable_Test_Sequences/CAT_Setup' successfully

2020-02-20 14:51:21 - [TEST_CASE][PASSED] - Test Cases/Reusable_Test_Sequences/CAT_Setup: Test Cases/Reusable_Test_Sequences/CAT_Setup

2020-02-20 14:51:21 - [TEST_STEP][PASSED] - "------------------------------": null

2020-02-20 14:51:21 - [TEST_STEP][PASSED] - " Set Mobile Device Testing    |": null

2020-02-20 14:51:21 - [TEST_STEP][PASSED] - if (Mobile_Flag == "true"): null

2020-02-20 14:51:21 - [TEST_STEP][PASSED] - "------------------------------": null

2020-02-20 14:51:21 - [TEST_STEP][PASSED] - " Set Mobile Device Testing    |": null

2020-02-20 14:51:21 - [TEST_STEP][PASSED] - "------------------------------": null

2020-02-20 14:51:21 - [TEST_STEP][PASSED] - "URL - Set from the ENVIRONMENT PROFILE ": null

2020-02-20 14:51:21 - [TEST_STEP][PASSED] - openBrowser(URL): Browser is opened with url: 'https://www.preview.checkatrade.com/'

2020-02-20 14:51:21 - [MESSAGE][INFO] - Starting 'Firefox' driver

2020-02-20 14:51:29 - [MESSAGE][PASSED] - Browser is opened with url: 'https://www.preview.checkatrade.com/'

2020-02-20 14:51:29 - [TEST_STEP][PASSED] - maximizeWindow(): Current window maximized

2020-02-20 14:51:30 - [MESSAGE][PASSED] - Current window maximized

2020-02-20 14:51:30 - [TEST_STEP][PASSED] - waitForPageLoad(60): Wait for page load successfully

2020-02-20 14:51:30 - [MESSAGE][PASSED] - Wait for page load successfully

2020-02-20 14:51:30 - [TEST_STEP][PASSED] - "Previous Functionalilty Left Commented For Ease Of reversion": null

2020-02-20 14:51:30 - [TEST_STEP][PASSED] - try: Text 'Cookie Policy' is not present on page

2020-02-20 14:51:30 - [TEST_STEP][PASSED] - verifyElementPresent(findTestObject("Object Repository/Cookies/Page_Checkatrade Find a tradesperson you can trust/button_Accept All"), 5): Object 'Object Repository/Cookies/Page_Checkatrade Find a tradesperson you can trust/button_Accept All' is present

2020-02-20 14:51:30 - [MESSAGE][PASSED] - Object 'Object Repository/Cookies/Page_Checkatrade Find a tradesperson you can trust/button_Accept All' is present

2020-02-20 14:51:30 - [TEST_STEP][PASSED] - click(findTestObject("Object Repository/Cookies/Page_Checkatrade Find a tradesperson you can trust/button_Accept All")): Object: 'Object Repository/Cookies/Page_Checkatrade Find a tradesperson you can trust/button_Accept All' is clicked on

2020-02-20 14:51:31 - [MESSAGE][PASSED] - Object: 'Object Repository/Cookies/Page_Checkatrade Find a tradesperson you can trust/button_Accept All' is clicked on

2020-02-20 14:51:31 - [TEST_STEP][PASSED] - "---------------------------------": null

2020-02-20 14:51:31 - [TEST_STEP][PASSED] - "COOKIE POPOUT REMOVED - Confirmed": null

2020-02-20 14:51:31 - [TEST_STEP][PASSED] - delay(1): Delayed 1 second(s)

2020-02-20 14:51:32 - [MESSAGE][PASSED] - Delayed 1 second(s)

2020-02-20 14:51:32 - [TEST_STEP][PASSED] - verifyTextNotPresent("We use cookies to personalise content and ads, to provide social media features and to analyse our traffic", false): Text 'We use cookies to personalise content and ads, to provide social media features and to analyse our traffic' is not present on page

2020-02-20 14:51:34 - [MESSAGE][PASSED] - Text 'We use cookies to personalise content and ads, to provide social media features and to analyse our traffic' is not present on page

2020-02-20 14:51:34 - [TEST_STEP][PASSED] - verifyTextNotPresent(" We also share information about your use of our site with our social media, advertising and analytics partners", false): Text ' We also share information about your use of our site with our social media, advertising and analytics partners' is not present on page

2020-02-20 14:51:35 - [MESSAGE][PASSED] - Text ' We also share information about your use of our site with our social media, advertising and analytics partners' is not present on page

2020-02-20 14:51:35 - [TEST_STEP][PASSED] - verifyTextNotPresent("Cookie Policy", false): Text 'Cookie Policy' is not present on page

2020-02-20 14:51:35 - [MESSAGE][PASSED] - Text 'Cookie Policy' is not present on page

2020-02-20 14:51:35 - [TEST_STEP][PASSED] - waitForPageLoad(60): Wait for page load successfully

2020-02-20 14:51:35 - [MESSAGE][PASSED] - Wait for page load successfully

2020-02-20 14:51:35 - [TEST_STEP][PASSED] - "COOKIE - ORIGINAL": null

2020-02-20 14:51:35 - [TEST_STEP][PASSED] - if (waitForElementVisible(findTestObject("Object Repository/Feedback/Page_Checkatrade Give your feedback/input_Member_to_Review"), 5)): Web element with id: 'Object Repository/Feedback/Page_Checkatrade Give your feedback/input_Member_to_Review' located by 'By.xpath: //input[@id='feedback-form__company_autocomplete_input']' not found

2020-02-20 14:51:40 - [MESSAGE][INFO] - Unable to find the element located by 'By.xpath: //input[@id='feedback-form__company_autocomplete_input']'. Please recheck the objects properties to make sure the desired element is located. 

2020-02-20 14:51:40 - [MESSAGE][WARNING] - Web element with id: 'Object Repository/Feedback/Page_Checkatrade Give your feedback/input_Member_to_Review' located by 'By.xpath: //input[@id='feedback-form__company_autocomplete_input']' not found

2020-02-20 14:51:40 - [TEST_STEP][PASSED] - else: The <<<OLD>>> Website was detected by the STARTUP Process

2020-02-20 14:51:40 - [TEST_STEP][PASSED] - if (!(verifyElementVisible(findTestObject("Object Repository/Checkatrade_Trade_Search_Page/Page_Checkatrade Find a tradesperson you can trust/input_Search_Button_FF")))): Object 'Object Repository/Checkatrade_Trade_Search_Page/Page_Checkatrade Find a tradesperson you can trust/input_Search_Button_FF' is visible

2020-02-20 14:51:40 - [MESSAGE][PASSED] - Object 'Object Repository/Checkatrade_Trade_Search_Page/Page_Checkatrade Find a tradesperson you can trust/input_Search_Button_FF' is visible

2020-02-20 14:51:40 - [TEST_STEP][PASSED] - else: The <<<OLD>>> Website was detected by the STARTUP Process

2020-02-20 14:51:40 - [TEST_STEP][PASSED] - Website_Version = "old": null

2020-02-20 14:51:40 - [TEST_STEP][PASSED] - logInfo("The <<<OLD>>> Website was detected by the STARTUP Process"): The <<<OLD>>> Website was detected by the STARTUP Process

2020-02-20 14:51:40 - [MESSAGE][INFO] - The <<<OLD>>> Website was detected by the STARTUP Process

2020-02-20 14:51:40 - [MESSAGE][PASSED] - Call Test Case 'Test Cases/Reusable_Test_Sequences/CAT_Setup' successfully

2020-02-20 14:51:40 - [TEST_STEP][PASSED] - callTestCase(findTestCase("Reusable_Test_Sequences/CAT_Home"), [:], CONTINUE_ON_FAILURE): Call Test Case 'Test Cases/Reusable_Test_Sequences/CAT_Home' successfully

2020-02-20 14:51:41 - [TEST_CASE][PASSED] - Test Cases/Reusable_Test_Sequences/CAT_Home: Test Cases/Reusable_Test_Sequences/CAT_Home

2020-02-20 14:51:41 - [TEST_STEP][PASSED] - waitForPageLoad(60): Wait for page load successfully

2020-02-20 14:51:41 - [MESSAGE][PASSED] - Wait for page load successfully

2020-02-20 14:51:41 - [TEST_STEP][PASSED] - delay(2): Delayed 2 second(s)

2020-02-20 14:51:43 - [MESSAGE][PASSED] - Delayed 2 second(s)

2020-02-20 14:51:43 - [TEST_STEP][PASSED] - "------------------------------------": null

2020-02-20 14:51:43 - [TEST_STEP][PASSED] - if (Website_Version == "new"): null

2020-02-20 14:51:43 - [TEST_STEP][PASSED] - else: Text 'Over a million visits to Checkatrade each month' is present on page 

2020-02-20 14:51:43 - [TEST_STEP][PASSED] - verifyTextPresent("Helping you find the right trade or service", false): Text 'Helping you find the right trade or service' is present on page 

2020-02-20 14:51:44 - [MESSAGE][PASSED] - Text 'Helping you find the right trade or service' is present on page 

2020-02-20 14:51:44 - [TEST_STEP][PASSED] - verifyTextPresent("Search through over", false): Text 'Search through over' is present on page 

2020-02-20 14:51:45 - [MESSAGE][PASSED] - Text 'Search through over' is present on page 

2020-02-20 14:51:45 - [TEST_STEP][PASSED] - verifyTextPresent("recommended, vetted and monitored trades and service providers for free.", false): Text 'recommended, vetted and monitored trades and service providers for free.' is present on page 

2020-02-20 14:51:45 - [MESSAGE][PASSED] - Text 'recommended, vetted and monitored trades and service providers for free.' is present on page 

2020-02-20 14:51:45 - [TEST_STEP][PASSED] - verifyTextPresent("reviews published so far – thank you!", false): Text 'reviews published so far – thank you!' is present on page 

2020-02-20 14:51:46 - [MESSAGE][PASSED] - Text 'reviews published so far – thank you!' is present on page 

2020-02-20 14:51:46 - [TEST_STEP][PASSED] - verifyTextPresent("I need a trade or service", false): Text 'I need a trade or service' is present on page 

2020-02-20 14:51:46 - [MESSAGE][PASSED] - Text 'I need a trade or service' is present on page 

2020-02-20 14:51:46 - [TEST_STEP][PASSED] - verifyTextPresent("Every trader thoroughly checked and vetted", false): Text 'Every trader thoroughly checked and vetted' is present on page 

2020-02-20 14:51:47 - [MESSAGE][PASSED] - Text 'Every trader thoroughly checked and vetted' is present on page 

2020-02-20 14:51:47 - [TEST_STEP][PASSED] - "------------------------------------": null

2020-02-20 14:51:47 - [TEST_STEP][PASSED] - verifyTextPresent("reviews published so far – thank you!", false): Text 'reviews published so far – thank you!' is present on page 

2020-02-20 14:51:48 - [MESSAGE][PASSED] - Text 'reviews published so far – thank you!' is present on page 

2020-02-20 14:51:48 - [TEST_STEP][PASSED] - verifyTextPresent("Find out more", false): Text 'Find out more' is present on page 

2020-02-20 14:51:49 - [MESSAGE][PASSED] - Text 'Find out more' is present on page 

2020-02-20 14:51:49 - [TEST_STEP][PASSED] - verifyTextPresent("I am a tradesman", false): Text 'I am a tradesman' is present on page 

2020-02-20 14:51:50 - [MESSAGE][PASSED] - Text 'I am a tradesman' is present on page 

2020-02-20 14:51:50 - [TEST_STEP][PASSED] - verifyTextPresent("Find out more", false): Text 'Find out more' is present on page 

2020-02-20 14:51:50 - [MESSAGE][PASSED] - Text 'Find out more' is present on page 

2020-02-20 14:51:50 - [TEST_STEP][PASSED] - verifyTextPresent("Over a million visits to Checkatrade each month", false): Text 'Over a million visits to Checkatrade each month' is present on page 

2020-02-20 14:51:51 - [MESSAGE][PASSED] - Text 'Over a million visits to Checkatrade each month' is present on page 

2020-02-20 14:51:51 - [MESSAGE][PASSED] - Call Test Case 'Test Cases/Reusable_Test_Sequences/CAT_Home' successfully

2020-02-20 14:51:51 - [TEST_STEP][PASSED] - "---------------------------------------------------------------------": null

2020-02-20 14:51:51 - [TEST_STEP][PASSED] - " Select Search on Trader Name (or ID) From Home page/Search Screen   |": null

2020-02-20 14:51:51 - [TEST_STEP][PASSED] - callTestCase(findTestCase("Reusable_Test_Sequences/CAT_Click_Search_Trade_Name"), [:], CONTINUE_ON_FAILURE): Call Test Case 'Test Cases/Reusable_Test_Sequences/CAT_Click_Search_Trade_Name' successfully

2020-02-20 14:51:51 - [TEST_CASE][PASSED] - Test Cases/Reusable_Test_Sequences/CAT_Click_Search_Trade_Name: Test Cases/Reusable_Test_Sequences/CAT_Click_Search_Trade_Name

2020-02-20 14:51:51 - [TEST_STEP][PASSED] - waitForPageLoad(60): Wait for page load successfully

2020-02-20 14:51:51 - [MESSAGE][PASSED] - Wait for page load successfully

2020-02-20 14:51:51 - [TEST_STEP][PASSED] - if (Website_Version == "new"): null

2020-02-20 14:51:51 - [TEST_STEP][PASSED] - else: Object: 'Object Repository/Page_Checkatrade Find a tradesperson you can trust/a_or look up a member by name' is clicked on

2020-02-20 14:51:51 - [TEST_STEP][PASSED] - click(findTestObject("Page_Checkatrade Find a tradesperson you can trust/a_or look up a member by name")): Object: 'Object Repository/Page_Checkatrade Find a tradesperson you can trust/a_or look up a member by name' is clicked on

2020-02-20 14:51:51 - [MESSAGE][PASSED] - Object: 'Object Repository/Page_Checkatrade Find a tradesperson you can trust/a_or look up a member by name' is clicked on

2020-02-20 14:51:51 - [TEST_STEP][PASSED] - waitForPageLoad(60): Wait for page load successfully

2020-02-20 14:51:51 - [MESSAGE][PASSED] - Wait for page load successfully

2020-02-20 14:51:51 - [MESSAGE][PASSED] - Call Test Case 'Test Cases/Reusable_Test_Sequences/CAT_Click_Search_Trade_Name' successfully

2020-02-20 14:51:51 - [TEST_STEP][PASSED] - "---------------------------------------": null

2020-02-20 14:51:51 - [TEST_STEP][PASSED] - " Enter Trader Name (or ID) to Search   |": null

2020-02-20 14:51:51 - [TEST_STEP][PASSED] - callTestCase(findTestCase("Reusable_Test_Sequences/CAT_Enter_Trade_Name"), [:], CONTINUE_ON_FAILURE): Call Test Case 'Test Cases/Reusable_Test_Sequences/CAT_Enter_Trade_Name' successfully

2020-02-20 14:51:51 - [TEST_CASE][PASSED] - Test Cases/Reusable_Test_Sequences/CAT_Enter_Trade_Name: Test Cases/Reusable_Test_Sequences/CAT_Enter_Trade_Name

2020-02-20 14:51:51 - [TEST_STEP][PASSED] - if (Website_Version == "new"): null

2020-02-20 14:51:51 - [TEST_STEP][PASSED] - else: Text '381198' is set on object 'Object Repository/Page_Checkatrade Find a tradesperson you can trust/Trader_Name_To_Search'

2020-02-20 14:51:51 - [TEST_STEP][PASSED] - setText(findTestObject("Page_Checkatrade Find a tradesperson you can trust/Trader_Name_To_Search"), findTestData("Search_CAT_ID_Data (1)").getValue("tradeName", row)): Text '381198' is set on object 'Object Repository/Page_Checkatrade Find a tradesperson you can trust/Trader_Name_To_Search'

2020-02-20 14:51:51 - [MESSAGE][PASSED] - Text '381198' is set on object 'Object Repository/Page_Checkatrade Find a tradesperson you can trust/Trader_Name_To_Search'

2020-02-20 14:51:51 - [MESSAGE][PASSED] - Call Test Case 'Test Cases/Reusable_Test_Sequences/CAT_Enter_Trade_Name' successfully

2020-02-20 14:51:51 - [TEST_STEP][PASSED] - "---------------------------------------": null

2020-02-20 14:51:51 - [TEST_STEP][PASSED] - " Search Trader Name (or ID)            |": null

2020-02-20 14:51:51 - [TEST_STEP][PASSED] - callTestCase(findTestCase("Reusable_Test_Sequences/CAT_Search_Trade_Name"), [:], CONTINUE_ON_FAILURE): Call Test Case 'Test Cases/Reusable_Test_Sequences/CAT_Search_Trade_Name' successfully

2020-02-20 14:51:52 - [TEST_CASE][PASSED] - Test Cases/Reusable_Test_Sequences/CAT_Search_Trade_Name: Test Cases/Reusable_Test_Sequences/CAT_Search_Trade_Name

2020-02-20 14:51:52 - [TEST_STEP][PASSED] - "Hit Search Trade Person by Name (or CAT ID) after parameters are entered": null

2020-02-20 14:51:52 - [TEST_STEP][PASSED] - waitForPageLoad(60): Wait for page load successfully

2020-02-20 14:51:52 - [MESSAGE][PASSED] - Wait for page load successfully

2020-02-20 14:51:52 - [TEST_STEP][PASSED] - delay(2): Delayed 2 second(s)

2020-02-20 14:51:54 - [MESSAGE][PASSED] - Delayed 2 second(s)

2020-02-20 14:51:54 - [TEST_STEP][PASSED] - if (Website_Version == "new"): null

2020-02-20 14:51:54 - [TEST_STEP][PASSED] - else: Object: 'Object Repository/Page_Checkatrade Find a tradesperson you can trust/span_Trade_Name' is clicked on

2020-02-20 14:51:54 - [TEST_STEP][PASSED] - waitForElementClickable(findTestObject("Page_Checkatrade Find a tradesperson you can trust/span_Trade_Name"), 60): Object 'Object Repository/Page_Checkatrade Find a tradesperson you can trust/span_Trade_Name' is clickable

2020-02-20 14:51:54 - [MESSAGE][PASSED] - Object 'Object Repository/Page_Checkatrade Find a tradesperson you can trust/span_Trade_Name' is clickable

2020-02-20 14:51:54 - [TEST_STEP][PASSED] - click(findTestObject("Page_Checkatrade Find a tradesperson you can trust/span_Trade_Name")): Object: 'Object Repository/Page_Checkatrade Find a tradesperson you can trust/span_Trade_Name' is clicked on

2020-02-20 14:51:58 - [MESSAGE][PASSED] - Object: 'Object Repository/Page_Checkatrade Find a tradesperson you can trust/span_Trade_Name' is clicked on

2020-02-20 14:51:58 - [TEST_STEP][PASSED] - delay(2): Delayed 2 second(s)

2020-02-20 14:52:00 - [MESSAGE][PASSED] - Delayed 2 second(s)

2020-02-20 14:52:00 - [TEST_STEP][PASSED] - waitForPageLoad(60): Wait for page load successfully

2020-02-20 14:52:00 - [MESSAGE][PASSED] - Wait for page load successfully

2020-02-20 14:52:00 - [MESSAGE][PASSED] - Call Test Case 'Test Cases/Reusable_Test_Sequences/CAT_Search_Trade_Name' successfully

2020-02-20 14:52:00 - [TEST_STEP][PASSED] - "------------------------------------------": null

2020-02-20 14:52:00 - [TEST_STEP][PASSED] - " Scroll to Page Footer to Reveal Results  |": null

2020-02-20 14:52:00 - [TEST_STEP][PASSED] - callTestCase(findTestCase("Reusable_Test_Sequences/CAT_Scroll_to_Footer"), [:], CONTINUE_ON_FAILURE): Call Test Case 'Test Cases/Reusable_Test_Sequences/CAT_Scroll_to_Footer' successfully

2020-02-20 14:52:00 - [TEST_CASE][PASSED] - Test Cases/Reusable_Test_Sequences/CAT_Scroll_to_Footer: Test Cases/Reusable_Test_Sequences/CAT_Scroll_to_Footer

2020-02-20 14:52:00 - [TEST_STEP][PASSED] - "-----------------------------------------------------": null

2020-02-20 14:52:00 - [TEST_STEP][PASSED] - " Major changes factored into function 05/12/2019     |": null

2020-02-20 14:52:00 - [TEST_STEP][PASSED] - "-----------------------------------------------------": null

2020-02-20 14:52:00 - [TEST_STEP][PASSED] - "Animation Removed ": null

2020-02-20 14:52:00 - [TEST_STEP][PASSED] - "Scroll - To Footer on the bottom of the page (sometime off the screen) ": null

2020-02-20 14:52:00 - [TEST_STEP][PASSED] - waitForPageLoad(60): Wait for page load successfully

2020-02-20 14:52:00 - [MESSAGE][PASSED] - Wait for page load successfully

2020-02-20 14:52:00 - [TEST_STEP][PASSED] - scrollToPosition(999, 999): Browser is scrolled to position x = 999, y = 999

2020-02-20 14:52:00 - [MESSAGE][PASSED] - Browser is scrolled to position x = 999, y = 999

2020-02-20 14:52:00 - [TEST_STEP][PASSED] - delay(1): Delayed 1 second(s)

2020-02-20 14:52:01 - [MESSAGE][PASSED] - Delayed 1 second(s)

2020-02-20 14:52:01 - [MESSAGE][PASSED] - Call Test Case 'Test Cases/Reusable_Test_Sequences/CAT_Scroll_to_Footer' successfully

2020-02-20 14:52:01 - [TEST_STEP][PASSED] - "------------------------------------------": null

2020-02-20 14:52:01 - [TEST_STEP][PASSED] - " Verify Correct Location is Returned     |": null

2020-02-20 14:52:01 - [TEST_STEP][PASSED] - callTestCase(findTestCase("Reusable_Test_Sequences/CAT_Verification_Location"), [:], CONTINUE_ON_FAILURE): Call Test Case 'Test Cases/Reusable_Test_Sequences/CAT_Verification_Location' successfully

2020-02-20 14:52:02 - [TEST_CASE][PASSED] - Test Cases/Reusable_Test_Sequences/CAT_Verification_Location: Test Cases/Reusable_Test_Sequences/CAT_Verification_Location

2020-02-20 14:52:02 - [TEST_STEP][PASSED] - waitForPageLoad(60): Wait for page load successfully

2020-02-20 14:52:02 - [MESSAGE][PASSED] - Wait for page load successfully

2020-02-20 14:52:02 - [TEST_STEP][PASSED] - verifyTextPresent(findTestData("Search_CAT_ID_Data (1)").getValue("tradeNameLocationVerification", row), false): Text 'Bognor Regis' is present on page 

2020-02-20 14:52:02 - [MESSAGE][PASSED] - Text 'Bognor Regis' is present on page 

2020-02-20 14:52:02 - [MESSAGE][PASSED] - Call Test Case 'Test Cases/Reusable_Test_Sequences/CAT_Verification_Location' successfully

2020-02-20 14:52:02 - [TEST_STEP][PASSED] - "------------------------------------------": null

2020-02-20 14:52:02 - [TEST_STEP][PASSED] - " Verify Primary Contact is Returned     |": null

2020-02-20 14:52:02 - [TEST_STEP][PASSED] - callTestCase(findTestCase("Reusable_Test_Sequences/CAT_Verification_Primary_Contact"), [:], CONTINUE_ON_FAILURE): Call Test Case 'Test Cases/Reusable_Test_Sequences/CAT_Verification_Primary_Contact' successfully

2020-02-20 14:52:02 - [TEST_CASE][PASSED] - Test Cases/Reusable_Test_Sequences/CAT_Verification_Primary_Contact: Test Cases/Reusable_Test_Sequences/CAT_Verification_Primary_Contact

2020-02-20 14:52:02 - [TEST_STEP][PASSED] - verifyTextPresent(findTestData("Search_CAT_ID_Data (1)").getValue("primeContact", row), false): Text 'Mr Scott Heyburn' is present on page 

2020-02-20 14:52:03 - [MESSAGE][PASSED] - Text 'Mr Scott Heyburn' is present on page 

2020-02-20 14:52:03 - [MESSAGE][PASSED] - Call Test Case 'Test Cases/Reusable_Test_Sequences/CAT_Verification_Primary_Contact' successfully

2020-02-20 14:52:03 - [TEST_STEP][PASSED] - "--------------------------": null

2020-02-20 14:52:03 - [TEST_STEP][PASSED] - " Teardown - CLose Browser |": null

2020-02-20 14:52:03 - [TEST_STEP][PASSED] - callTestCase(findTestCase("Reusable_Test_Sequences/CAT_Teardown"), [:], OPTIONAL): Call Test Case 'Test Cases/Reusable_Test_Sequences/CAT_Teardown' successfully

2020-02-20 14:52:03 - [TEST_CASE][PASSED] - Test Cases/Reusable_Test_Sequences/CAT_Teardown: Test Cases/Reusable_Test_Sequences/CAT_Teardown

2020-02-20 14:52:03 - [TEST_STEP][PASSED] - closeBrowser(): Browser is closed

2020-02-20 14:52:06 - [MESSAGE][PASSED] - Browser is closed

2020-02-20 14:52:06 - [MESSAGE][PASSED] - Call Test Case 'Test Cases/Reusable_Test_Sequences/CAT_Teardown' successfully]]></system-out>
         <system-err><![CDATA[]]></system-err>
      </testcase>
      <system-out><![CDATA[2020-02-20 14:48:07 - [TEST_SUITE][PASSED] - Trade_Name_Multiple_Search: Test Cases/Checkatrade_Tradesman_Searches/Trade_Name_Search_Multiple]]></system-out>
      <system-err><![CDATA[]]></system-err>
   </testsuite>
</testsuites>
