<?xml version="1.0" encoding="UTF-8"?>
<testsuites name="Web_Office_Top_Level" time="139.028" tests="1" failures="0" errors="0">
   <testsuite name="Web_Office_Top_Level" tests="1" failures="0" errors="0" time="139.028" timestamp="2019-11-14 15:57:03" hostname="DavidHo - VETTEDSP36RF.check.local" id="Test Suites/Web_Office_Top_Level">
      <properties>
         <property name="deviceName" value=""/>
         <property name="devicePlatform" value=""/>
         <property name="logFolder" value="C:\\Users\\davidho\\Katalon Studio\\Start\\Reports\\20191114_154946\\Web_Office_Top_Level\\20191114_154958"/>
         <property name="logFiles" value="C:\\Users\\davidho\\Katalon Studio\\Start\\Reports\\20191114_154946\\Web_Office_Top_Level\\20191114_154958\\execution0.log"/>
         <property name="attachments" value=""/>
         <property name="hostName" value="DavidHo - VETTEDSP36RF.check.local"/>
         <property name="os" value="Windows 10 32bit"/>
         <property name="katalonVersion" value="7.0.5.1"/>
         <property name="browser" value="Firefox 70.0"/>
         <property name="hostAddress" value="10.0.11.243"/>
         <property name="sessionId" value="7481f3de-c600-4715-9192-8391fea007fa"/>
         <property name="seleniumVersion" value="3.141.59"/>
         <property name="proxyInformation" value="ProxyInformation{proxyOption=NO_PROXY, proxyServerType=HTTP, password=, proxyServerAddress=, proxyServerPort=0}"/>
         <property name="platform" value="Windows 10"/>
      </properties>
      <testcase name="Test Cases/Web_Office/Navigation_Checks/Companies/Companies_Top" time="138.448" classname="Test Cases/Web_Office/Navigation_Checks/Companies/Companies_Top" status="INCOMPLETE">
         <system-out><![CDATA[2019-11-14 15:57:04 - [TEST_CASE][INCOMPLETE] - Test Cases/Web_Office/Navigation_Checks/Companies/Companies_Top: null

2019-11-14 15:57:05 - [TEST_STEP][PASSED] - "--------------------------------------": null

2019-11-14 15:57:05 - [TEST_STEP][PASSED] - " Web Office StartUp                  |": null

2019-11-14 15:57:05 - [TEST_STEP][PASSED] - callTestCase(findTestCase("Reusable_Test_Sequences/Web_Office/Directives/WebOffice_StartUp"), [:], OPTIONAL): Call Test Case 'Test Cases/Reusable_Test_Sequences/Web_Office/Directives/WebOffice_StartUp' successfully

2019-11-14 15:57:05 - [TEST_CASE][PASSED] - Test Cases/Reusable_Test_Sequences/Web_Office/Directives/WebOffice_StartUp: Test Cases/Reusable_Test_Sequences/Web_Office/Directives/WebOffice_StartUp

2019-11-14 15:57:06 - [TEST_STEP][PASSED] - WebOfficeURL = "https://admin.preview.checkatrade.com/": null

2019-11-14 15:57:08 - [TEST_STEP][PASSED] - "Set Function Area for "URL_Handler", URL Resolution": null

2019-11-14 15:57:08 - [TEST_STEP][PASSED] - "Do Some Magic with URL(s) See the comments within URL Handler ": null

2019-11-14 15:57:08 - [TEST_STEP][PASSED] - Username = "DavidHo": null

2019-11-14 15:57:08 - [TEST_STEP][PASSED] - Password = "Check123": null

2019-11-14 15:57:08 - [TEST_STEP][PASSED] - "------------------------------------------------": null

2019-11-14 15:57:08 - [TEST_STEP][PASSED] - "WebOfficeURL - Set from the ENVIRONMENT PROFILE ": null

2019-11-14 15:57:08 - [TEST_STEP][PASSED] - "OPEN BROWSER": null

2019-11-14 15:57:08 - [TEST_STEP][PASSED] - "eg - https://admin.preview.checkatrade.com/  ": null

2019-11-14 15:57:08 - [TEST_STEP][PASSED] - openBrowser(WebOfficeURL): Browser is opened with url: 'https://admin.preview.checkatrade.com/'

2019-11-14 15:57:09 - [MESSAGE][INFO] - Starting 'Firefox' driver

2019-11-14 15:57:09 - [MESSAGE][INFO] - Action delay is set to 0 seconds

2019-11-14 15:57:32 - [MESSAGE][PASSED] - Browser is opened with url: 'https://admin.preview.checkatrade.com/'

2019-11-14 15:57:32 - [TEST_STEP][PASSED] - maximizeWindow(): Current window maximized

2019-11-14 15:57:33 - [MESSAGE][PASSED] - Current window maximized

2019-11-14 15:57:33 - [TEST_STEP][PASSED] - waitForElementClickable(findTestObject("Object Repository/WebOffice/Page_Checkatrade - Administration - Login/Login_Button"), 25): Object 'Object Repository/WebOffice/Page_Checkatrade - Administration - Login/Login_Button' is clickable

2019-11-14 15:57:33 - [MESSAGE][PASSED] - Object 'Object Repository/WebOffice/Page_Checkatrade - Administration - Login/Login_Button' is clickable

2019-11-14 15:57:33 - [TEST_STEP][PASSED] - verifyTextPresent("Checkatrade Web Office", false): Text 'Checkatrade Web Office' is present on page 

2019-11-14 15:57:33 - [MESSAGE][PASSED] - Text 'Checkatrade Web Office' is present on page 

2019-11-14 15:57:33 - [TEST_STEP][PASSED] - verifyTextPresent("Access for staff use only", false): Text 'Access for staff use only' is present on page 

2019-11-14 15:57:34 - [MESSAGE][PASSED] - Text 'Access for staff use only' is present on page 

2019-11-14 15:57:34 - [TEST_STEP][PASSED] - verifyTextPresent("Forgotten password?", false): Text 'Forgotten password?' is present on page 

2019-11-14 15:57:34 - [MESSAGE][PASSED] - Text 'Forgotten password?' is present on page 

2019-11-14 15:57:34 - [TEST_STEP][PASSED] - setText(findTestObject("Object Repository/WebOffice/Page_Checkatrade - Administration - Login/input_Username_LoginControlUserName"), Username): Text 'DavidHo' is set on object 'Object Repository/WebOffice/Page_Checkatrade - Administration - Login/input_Username_LoginControlUserName'

2019-11-14 15:57:34 - [MESSAGE][PASSED] - Text 'DavidHo' is set on object 'Object Repository/WebOffice/Page_Checkatrade - Administration - Login/input_Username_LoginControlUserName'

2019-11-14 15:57:34 - [TEST_STEP][PASSED] - setText(findTestObject("Object Repository/WebOffice/Page_Checkatrade - Administration - Login/input_Password_LoginControlPassword"), Password): Text 'Check123' is set on object 'Object Repository/WebOffice/Page_Checkatrade - Administration - Login/input_Password_LoginControlPassword'

2019-11-14 15:57:34 - [MESSAGE][PASSED] - Text 'Check123' is set on object 'Object Repository/WebOffice/Page_Checkatrade - Administration - Login/input_Password_LoginControlPassword'

2019-11-14 15:57:34 - [TEST_STEP][PASSED] - click(findTestObject("Object Repository/WebOffice/Page_Checkatrade - Administration - Login/Login_Button")): Object: 'Object Repository/WebOffice/Page_Checkatrade - Administration - Login/Login_Button' is clicked on

2019-11-14 15:57:35 - [MESSAGE][PASSED] - Object: 'Object Repository/WebOffice/Page_Checkatrade - Administration - Login/Login_Button' is clicked on

2019-11-14 15:57:35 - [TEST_STEP][PASSED] - waitForPageLoad(60): Wait for page load successfully

2019-11-14 15:57:35 - [MESSAGE][PASSED] - Wait for page load successfully

2019-11-14 15:57:35 - [TEST_STEP][PASSED] - verifyTextPresent("Welcome " + Username, false): Text 'Welcome DavidHo' is present on page 

2019-11-14 15:57:36 - [MESSAGE][PASSED] - Text 'Welcome DavidHo' is present on page 

2019-11-14 15:57:36 - [MESSAGE][PASSED] - Call Test Case 'Test Cases/Reusable_Test_Sequences/Web_Office/Directives/WebOffice_StartUp' successfully

2019-11-14 15:57:36 - [TEST_STEP][PASSED] - "--------------------------------------": null

2019-11-14 15:57:36 - [TEST_STEP][PASSED] - " Navigate Top level menu Item         |": null

2019-11-14 15:57:36 - [TEST_STEP][PASSED] - waitForPageLoad(60): Wait for page load successfully

2019-11-14 15:57:36 - [MESSAGE][PASSED] - Wait for page load successfully

2019-11-14 15:57:36 - [TEST_STEP][PASSED] - waitForElementClickable(findTestObject("Object Repository/WebOffice_Home_page/a_Companies"), 60): Object 'Object Repository/WebOffice_Home_page/a_Companies' is clickable

2019-11-14 15:57:37 - [MESSAGE][PASSED] - Object 'Object Repository/WebOffice_Home_page/a_Companies' is clickable

2019-11-14 15:57:37 - [TEST_STEP][PASSED] - click(findTestObject("Object Repository/WebOffice_Home_page/a_Companies")): Object: 'Object Repository/WebOffice_Home_page/a_Companies' is clicked on

2019-11-14 15:57:42 - [MESSAGE][PASSED] - Object: 'Object Repository/WebOffice_Home_page/a_Companies' is clicked on

2019-11-14 15:57:42 - [TEST_STEP][PASSED] - waitForElementClickable(findTestObject("Object Repository/WebOffice/Companies_Top/Page_/span_Advanced Search"), 120): Object 'Object Repository/WebOffice/Companies_Top/Page_/span_Advanced Search' is clickable

2019-11-14 15:57:49 - [MESSAGE][PASSED] - Object 'Object Repository/WebOffice/Companies_Top/Page_/span_Advanced Search' is clickable

2019-11-14 15:57:49 - [TEST_STEP][PASSED] - "--------------------------------------": null

2019-11-14 15:57:49 - [TEST_STEP][PASSED] - " Verify Returned Page Content         |": null

2019-11-14 15:57:49 - [TEST_STEP][PASSED] - verifyTextPresent("Members  >  All Members", false): Text 'Members  >  All Members' is present on page 

2019-11-14 15:57:57 - [MESSAGE][PASSED] - Text 'Members  >  All Members' is present on page 

2019-11-14 15:57:57 - [TEST_STEP][PASSED] - verifyTextPresent("Next", false): Text 'Next' is present on page 

2019-11-14 15:58:05 - [MESSAGE][PASSED] - Text 'Next' is present on page 

2019-11-14 15:58:05 - [TEST_STEP][PASSED] - verifyTextPresent("Show", false): Text 'Show' is present on page 

2019-11-14 15:58:11 - [MESSAGE][PASSED] - Text 'Show' is present on page 

2019-11-14 15:58:11 - [TEST_STEP][PASSED] - verifyTextPresent("per page", false): Text 'per page' is present on page 

2019-11-14 15:58:17 - [MESSAGE][PASSED] - Text 'per page' is present on page 

2019-11-14 15:58:17 - [TEST_STEP][PASSED] - verifyTextPresent("Displaying 1 to 25 from", false): Text 'Displaying 1 to 25 from' is present on page 

2019-11-14 15:58:25 - [MESSAGE][PASSED] - Text 'Displaying 1 to 25 from' is present on page 

2019-11-14 15:58:25 - [TEST_STEP][PASSED] - verifyTextPresent("Astra Clean", false): Text 'Astra Clean' is present on page 

2019-11-14 15:58:34 - [MESSAGE][PASSED] - Text 'Astra Clean' is present on page 

2019-11-14 15:58:34 - [TEST_STEP][PASSED] - verifyTextPresent("124", false): Text '124' is present on page 

2019-11-14 15:58:43 - [MESSAGE][PASSED] - Text '124' is present on page 

2019-11-14 15:58:43 - [TEST_STEP][PASSED] - verifyTextPresent("Chichester", false): Text 'Chichester' is present on page 

2019-11-14 15:58:50 - [MESSAGE][PASSED] - Text 'Chichester' is present on page 

2019-11-14 15:58:50 - [TEST_STEP][PASSED] - verifyTextPresent("West Sussex", false): Text 'West Sussex' is present on page 

2019-11-14 15:58:56 - [MESSAGE][PASSED] - Text 'West Sussex' is present on page 

2019-11-14 15:58:56 - [TEST_STEP][PASSED] - verifyTextPresent("CARPET & UPHOLSTERY CLEANING", false): Text 'CARPET & UPHOLSTERY CLEANING' is present on page 

2019-11-14 15:59:02 - [MESSAGE][PASSED] - Text 'CARPET & UPHOLSTERY CLEANING' is present on page 

2019-11-14 15:59:02 - [TEST_STEP][PASSED] - verifyTextPresent("MA Department", false): Text 'MA Department' is present on page 

2019-11-14 15:59:10 - [MESSAGE][PASSED] - Text 'MA Department' is present on page 

2019-11-14 15:59:10 - [TEST_STEP][PASSED] - verifyTextPresent("Mailmerge", false): Text 'Mailmerge' is present on page 

2019-11-14 15:59:16 - [MESSAGE][PASSED] - Text 'Mailmerge' is present on page 

2019-11-14 15:59:16 - [TEST_STEP][PASSED] - verifyTextPresent("Export Email Addresses", false): Text 'Export Email Addresses' is present on page 

2019-11-14 15:59:22 - [MESSAGE][PASSED] - Text 'Export Email Addresses' is present on page 

2019-11-14 15:59:22 - [TEST_STEP][INCOMPLETE] - verifyTextPresent("Bulk Export Email Addresses", false): null]]></system-out>
         <system-err><![CDATA[2019-11-14 15:57:04 - [TEST_CASE][INCOMPLETE] - Test Cases/Web_Office/Navigation_Checks/Companies/Companies_Top: null]]></system-err>
      </testcase>
      <system-out><![CDATA[2019-11-14 15:57:03 - [TEST_SUITE][INCOMPLETE] - Web_Office_Top_Level: null]]></system-out>
      <system-err><![CDATA[2019-11-14 15:57:03 - [TEST_SUITE][INCOMPLETE] - Web_Office_Top_Level: null]]></system-err>
   </testsuite>
</testsuites>
