<?xml version="1.0" encoding="UTF-8"?>
<testsuites name="Web_Office_Settings" time="622.326" tests="21" failures="0" errors="0">
   <testsuite name="Web_Office_Settings" tests="21" failures="0" errors="0" time="622.326" timestamp="2020-04-20 10:45:15" hostname="DavidHo - 192.168.1.238" id="Test Suites/Web_Office_Settings">
      <properties>
         <property name="deviceName" value=""/>
         <property name="devicePlatform" value=""/>
         <property name="logFolder" value="C:\\Users\\davidho\\git\\src\\Reports\\20200420_101915\\Web_Office_Settings\\20200420_101925"/>
         <property name="logFiles" value="C:\\Users\\davidho\\git\\src\\Reports\\20200420_101915\\Web_Office_Settings\\20200420_101925\\execution0.log"/>
         <property name="attachments" value=""/>
         <property name="hostName" value="DavidHo - 192.168.1.238"/>
         <property name="os" value="Windows 10 32bit"/>
         <property name="katalonVersion" value="7.3.1.1"/>
         <property name="browser" value="Chrome 81.0.4044.113"/>
         <property name="hostAddress" value="192.168.1.238"/>
         <property name="sessionId" value="e4f68191023d12a7b09b6df16d198eda"/>
         <property name="seleniumVersion" value="3.141.59"/>
         <property name="proxyInformation" value="ProxyInformation{proxyOption=NO_PROXY, proxyServerType=HTTP, password=, proxyServerAddress=, proxyServerPort=0, executionList=}"/>
         <property name="platform" value="Windows 10"/>
      </properties>
      <testcase name="Test Cases/Web_Office/Settings/Checkatrade_Com/Homepage Boxes" time="21.221" classname="Test Cases/Web_Office/Settings/Checkatrade_Com/Homepage Boxes" status="PASSED">
         <system-out><![CDATA[2020-04-20 10:45:15 - [TEST_CASE][PASSED] - Test Cases/Web_Office/Settings/Checkatrade_Com/Homepage Boxes: Test Cases/Web_Office/Settings/Checkatrade_Com/Homepage Boxes

2020-04-20 10:45:16 - [TEST_STEP][PASSED] - "--------------------------------------": null

2020-04-20 10:45:16 - [TEST_STEP][PASSED] - " Web Office StartUp                  |": null

2020-04-20 10:45:16 - [TEST_STEP][PASSED] - callTestCase(findTestCase("Reusable_Test_Sequences/Web_Office/Directives/WebOffice_StartUp"), [:], STOP_ON_FAILURE): Call Test Case 'Test Cases/Reusable_Test_Sequences/Web_Office/Directives/WebOffice_StartUp' successfully

2020-04-20 10:45:16 - [TEST_CASE][PASSED] - Test Cases/Reusable_Test_Sequences/Web_Office/Directives/WebOffice_StartUp: Test Cases/Reusable_Test_Sequences/Web_Office/Directives/WebOffice_StartUp

2020-04-20 10:45:17 - [TEST_STEP][PASSED] - "-----------------------------------------------------------------------------": null

2020-04-20 10:45:17 - [TEST_STEP][PASSED] - if (URL == "https://www.dev.checkatrade.com/"): null

2020-04-20 10:45:17 - [TEST_STEP][PASSED] - "-----------------------------------------------------------------------------": null

2020-04-20 10:45:17 - [TEST_STEP][PASSED] - if (URL == "https://www.checkatrade.com/"): null

2020-04-20 10:45:18 - [TEST_STEP][PASSED] - "-----------------------------------------------------------------------------": null

2020-04-20 10:45:18 - [TEST_STEP][PASSED] - if (URL == "https://www.preview.checkatrade.com/"): null

2020-04-20 10:45:18 - [TEST_STEP][PASSED] - WebOfficeURL = "https://admin.preview.checkatrade.com/": null

2020-04-20 10:45:18 - [TEST_STEP][PASSED] - if (URL == "https://www.dev2.checkatrade.com/"): null

2020-04-20 10:45:18 - [TEST_STEP][PASSED] - "Set Function Area for "URL_Handler", URL Resolution": null

2020-04-20 10:45:18 - [TEST_STEP][PASSED] - "Do Some Magic with URL(s) See the comments within URL Handler ": null

2020-04-20 10:45:18 - [TEST_STEP][PASSED] - "------------------------------------------------": null

2020-04-20 10:45:18 - [TEST_STEP][PASSED] - "Moved Login Credentials to <Default> profile 22/01/2020": null

2020-04-20 10:45:18 - [TEST_STEP][PASSED] - "------------------------------------------------": null

2020-04-20 10:45:18 - [TEST_STEP][PASSED] - "WebOfficeURL - Set from the ENVIRONMENT PROFILE ": null

2020-04-20 10:45:18 - [TEST_STEP][PASSED] - "OPEN BROWSER": null

2020-04-20 10:45:18 - [TEST_STEP][PASSED] - "eg - https://admin.preview.checkatrade.com/  ": null

2020-04-20 10:45:18 - [TEST_STEP][PASSED] - openBrowser(WebOfficeURL): Browser is opened with url: 'https://admin.preview.checkatrade.com/'

2020-04-20 10:45:18 - [MESSAGE][INFO] - Starting 'Chrome' driver

2020-04-20 10:45:18 - [MESSAGE][INFO] - Action delay is set to 0 milliseconds

2020-04-20 10:45:24 - [MESSAGE][PASSED] - Browser is opened with url: 'https://admin.preview.checkatrade.com/'

2020-04-20 10:45:24 - [TEST_STEP][PASSED] - maximizeWindow(): Current window maximized

2020-04-20 10:45:27 - [MESSAGE][PASSED] - Current window maximized

2020-04-20 10:45:27 - [TEST_STEP][PASSED] - waitForElementClickable(findTestObject("Object Repository/WebOffice/Page_Checkatrade - Administration - Login/Login_Button"), 25): Object 'Object Repository/WebOffice/Page_Checkatrade - Administration - Login/Login_Button' is clickable

2020-04-20 10:45:27 - [MESSAGE][PASSED] - Object 'Object Repository/WebOffice/Page_Checkatrade - Administration - Login/Login_Button' is clickable

2020-04-20 10:45:27 - [TEST_STEP][PASSED] - verifyTextPresent("Checkatrade Web Office", false): Text 'Checkatrade Web Office' is present on page 

2020-04-20 10:45:27 - [MESSAGE][PASSED] - Text 'Checkatrade Web Office' is present on page 

2020-04-20 10:45:27 - [TEST_STEP][PASSED] - verifyTextPresent("Access for staff use only", false): Text 'Access for staff use only' is present on page 

2020-04-20 10:45:27 - [MESSAGE][PASSED] - Text 'Access for staff use only' is present on page 

2020-04-20 10:45:27 - [TEST_STEP][PASSED] - verifyTextPresent("Forgotten password?", false): Text 'Forgotten password?' is present on page 

2020-04-20 10:45:27 - [MESSAGE][PASSED] - Text 'Forgotten password?' is present on page 

2020-04-20 10:45:27 - [TEST_STEP][PASSED] - setText(findTestObject("Object Repository/WebOffice/Page_Checkatrade - Administration - Login/input_Username_LoginControlUserName"), wo_Username): Text 'DavidHo' is set on object 'Object Repository/WebOffice/Page_Checkatrade - Administration - Login/input_Username_LoginControlUserName'

2020-04-20 10:45:27 - [MESSAGE][PASSED] - Text 'DavidHo' is set on object 'Object Repository/WebOffice/Page_Checkatrade - Administration - Login/input_Username_LoginControlUserName'

2020-04-20 10:45:27 - [TEST_STEP][PASSED] - setText(findTestObject("Object Repository/WebOffice/Page_Checkatrade - Administration - Login/input_Password_LoginControlPassword"), wo_Password): Text 'Check123' is set on object 'Object Repository/WebOffice/Page_Checkatrade - Administration - Login/input_Password_LoginControlPassword'

2020-04-20 10:45:28 - [MESSAGE][PASSED] - Text 'Check123' is set on object 'Object Repository/WebOffice/Page_Checkatrade - Administration - Login/input_Password_LoginControlPassword'

2020-04-20 10:45:28 - [TEST_STEP][PASSED] - click(findTestObject("Object Repository/WebOffice/Page_Checkatrade - Administration - Login/Login_Button")): Object: 'Object Repository/WebOffice/Page_Checkatrade - Administration - Login/Login_Button' is clicked on

2020-04-20 10:45:29 - [MESSAGE][PASSED] - Object: 'Object Repository/WebOffice/Page_Checkatrade - Administration - Login/Login_Button' is clicked on

2020-04-20 10:45:29 - [TEST_STEP][PASSED] - waitForPageLoad(60): Wait for page load successfully

2020-04-20 10:45:29 - [MESSAGE][PASSED] - Wait for page load successfully

2020-04-20 10:45:29 - [TEST_STEP][PASSED] - verifyTextPresent("Welcome " + wo_Username, false): Text 'Welcome DavidHo' is present on page 

2020-04-20 10:45:29 - [MESSAGE][PASSED] - Text 'Welcome DavidHo' is present on page 

2020-04-20 10:45:29 - [MESSAGE][PASSED] - Call Test Case 'Test Cases/Reusable_Test_Sequences/Web_Office/Directives/WebOffice_StartUp' successfully

2020-04-20 10:45:29 - [TEST_STEP][PASSED] - "-----------------------------------------------------------------": null

2020-04-20 10:45:29 - [TEST_STEP][PASSED] - " Navigate to <Settings->Checkatrade.Com->Sub Item> Menu Item     |": null

2020-04-20 10:45:29 - [TEST_STEP][PASSED] - callTestCase(findTestCase("Reusable_Test_Sequences/Web_Office/Navigation/Sub_Menu_Navigation/Settings/Checkatrade_Com/Homepage_Boxes"), [:], STOP_ON_FAILURE): Call Test Case 'Test Cases/Reusable_Test_Sequences/Web_Office/Navigation/Sub_Menu_Navigation/Settings/Checkatrade_Com/Homepage_Boxes' successfully

2020-04-20 10:45:29 - [TEST_CASE][PASSED] - Test Cases/Reusable_Test_Sequences/Web_Office/Navigation/Sub_Menu_Navigation/Settings/Checkatrade_Com/Homepage_Boxes: Test Cases/Reusable_Test_Sequences/Web_Office/Navigation/Sub_Menu_Navigation/Settings/Checkatrade_Com/Homepage_Boxes

2020-04-20 10:45:30 - [TEST_STEP][PASSED] - "--------------------------------------": null

2020-04-20 10:45:30 - [TEST_STEP][PASSED] - " Navigate Top level menu Item         |": null

2020-04-20 10:45:30 - [TEST_STEP][PASSED] - waitForPageLoad(60): Wait for page load successfully

2020-04-20 10:45:30 - [MESSAGE][PASSED] - Wait for page load successfully

2020-04-20 10:45:30 - [TEST_STEP][PASSED] - waitForElementClickable(findTestObject("Object Repository/WebOffice_Home_page/a_Settings"), 60): Object 'Object Repository/WebOffice_Home_page/a_Settings' is clickable

2020-04-20 10:45:30 - [MESSAGE][PASSED] - Object 'Object Repository/WebOffice_Home_page/a_Settings' is clickable

2020-04-20 10:45:30 - [TEST_STEP][PASSED] - mouseOver(findTestObject("Object Repository/WebOffice_Home_page/a_Settings")): Object: 'Object Repository/WebOffice_Home_page/a_Settings' is hovered

2020-04-20 10:45:30 - [MESSAGE][PASSED] - Object: 'Object Repository/WebOffice_Home_page/a_Settings' is hovered

2020-04-20 10:45:30 - [TEST_STEP][PASSED] - mouseOver(findTestObject("Object Repository/WebOffice_Home_page/a_wwwcheckatradecom")): Object: 'Object Repository/WebOffice_Home_page/a_wwwcheckatradecom' is hovered

2020-04-20 10:45:30 - [MESSAGE][PASSED] - Object: 'Object Repository/WebOffice_Home_page/a_wwwcheckatradecom' is hovered

2020-04-20 10:45:30 - [TEST_STEP][PASSED] - waitForElementClickable(findTestObject("Object Repository/WebOffice_Home_page/a_Homepage Boxes"), 1): Object 'Object Repository/WebOffice_Home_page/a_Homepage Boxes' is clickable

2020-04-20 10:45:31 - [MESSAGE][PASSED] - Object 'Object Repository/WebOffice_Home_page/a_Homepage Boxes' is clickable

2020-04-20 10:45:31 - [TEST_STEP][PASSED] - click(findTestObject("Object Repository/WebOffice_Home_page/a_Homepage Boxes")): Object: 'Object Repository/WebOffice_Home_page/a_Homepage Boxes' is clicked on

2020-04-20 10:45:31 - [MESSAGE][PASSED] - Object: 'Object Repository/WebOffice_Home_page/a_Homepage Boxes' is clicked on

2020-04-20 10:45:31 - [MESSAGE][PASSED] - Call Test Case 'Test Cases/Reusable_Test_Sequences/Web_Office/Navigation/Sub_Menu_Navigation/Settings/Checkatrade_Com/Homepage_Boxes' successfully

2020-04-20 10:45:31 - [TEST_STEP][PASSED] - "--------------------------------------": null

2020-04-20 10:45:31 - [TEST_STEP][PASSED] - " Verify Returned Page Detail          |": null

2020-04-20 10:45:31 - [TEST_STEP][PASSED] - callTestCase(findTestCase("Reusable_Test_Sequences/Web_Office/Verification/Settings/Checkatrade_Com/Homepage_Boxes"), [:], OPTIONAL): Call Test Case 'Test Cases/Reusable_Test_Sequences/Web_Office/Verification/Settings/Checkatrade_Com/Homepage_Boxes' successfully

2020-04-20 10:45:31 - [TEST_CASE][PASSED] - Test Cases/Reusable_Test_Sequences/Web_Office/Verification/Settings/Checkatrade_Com/Homepage_Boxes: Test Cases/Reusable_Test_Sequences/Web_Office/Verification/Settings/Checkatrade_Com/Homepage_Boxes

2020-04-20 10:45:32 - [TEST_STEP][PASSED] - waitForPageLoad(60): Wait for page load successfully

2020-04-20 10:45:32 - [MESSAGE][PASSED] - Wait for page load successfully

2020-04-20 10:45:32 - [TEST_STEP][PASSED] - delay(1): Delayed 1 second(s)

2020-04-20 10:45:33 - [MESSAGE][PASSED] - Delayed 1 second(s)

2020-04-20 10:45:33 - [TEST_STEP][PASSED] - verifyTextPresent("Homepage Boxes", false): Text 'Homepage Boxes' is present on page 

2020-04-20 10:45:33 - [MESSAGE][PASSED] - Text 'Homepage Boxes' is present on page 

2020-04-20 10:45:33 - [TEST_STEP][PASSED] - "----------------------------------------------": null

2020-04-20 10:45:33 - [TEST_STEP][PASSED] - verifyTextPresent("Box 1", false): Text 'Box 1' is present on page 

2020-04-20 10:45:33 - [MESSAGE][PASSED] - Text 'Box 1' is present on page 

2020-04-20 10:45:33 - [TEST_STEP][PASSED] - verifyTextPresent("Currently unavailable as box has been replaced", false): Text 'Currently unavailable as box has been replaced' is present on page 

2020-04-20 10:45:33 - [MESSAGE][PASSED] - Text 'Currently unavailable as box has been replaced' is present on page 

2020-04-20 10:45:33 - [TEST_STEP][PASSED] - verifyTextPresent("Contents", false): Text 'Contents' is present on page 

2020-04-20 10:45:33 - [MESSAGE][PASSED] - Text 'Contents' is present on page 

2020-04-20 10:45:33 - [TEST_STEP][PASSED] - verifyTextPresent("Statistics boxes", false): Text 'Statistics boxes' is present on page 

2020-04-20 10:45:34 - [MESSAGE][PASSED] - Text 'Statistics boxes' is present on page 

2020-04-20 10:45:34 - [TEST_STEP][PASSED] - "----------------------------------------------": null

2020-04-20 10:45:34 - [TEST_STEP][PASSED] - verifyTextPresent("Stat box 1", false): Text 'Stat box 1' is present on page 

2020-04-20 10:45:34 - [MESSAGE][PASSED] - Text 'Stat box 1' is present on page 

2020-04-20 10:45:34 - [TEST_STEP][PASSED] - verifyTextPresent("Stat box 2", false): Text 'Stat box 2' is present on page 

2020-04-20 10:45:34 - [MESSAGE][PASSED] - Text 'Stat box 2' is present on page 

2020-04-20 10:45:34 - [TEST_STEP][PASSED] - verifyTextPresent("Stat box 3", false): Text 'Stat box 3' is present on page 

2020-04-20 10:45:34 - [MESSAGE][PASSED] - Text 'Stat box 3' is present on page 

2020-04-20 10:45:34 - [TEST_STEP][PASSED] - verifyTextPresent("Feedback", false): Text 'Feedback' is present on page 

2020-04-20 10:45:34 - [MESSAGE][PASSED] - Text 'Feedback' is present on page 

2020-04-20 10:45:34 - [TEST_STEP][PASSED] - verifyTextPresent("Note: It may take up to 15 minutes for these changes to take effect on the homepage.", false): Text 'Note: It may take up to 15 minutes for these changes to take effect on the homepage.' is present on page 

2020-04-20 10:45:35 - [MESSAGE][PASSED] - Text 'Note: It may take up to 15 minutes for these changes to take effect on the homepage.' is present on page 

2020-04-20 10:45:35 - [MESSAGE][PASSED] - Call Test Case 'Test Cases/Reusable_Test_Sequences/Web_Office/Verification/Settings/Checkatrade_Com/Homepage_Boxes' successfully

2020-04-20 10:45:35 - [TEST_STEP][PASSED] - "--------------------------": null

2020-04-20 10:45:35 - [TEST_STEP][PASSED] - " Teardown - CLose Browser |": null

2020-04-20 10:45:35 - [TEST_STEP][PASSED] - callTestCase(findTestCase("Reusable_Test_Sequences/CAT_Teardown"), [:], OPTIONAL): Call Test Case 'Test Cases/Reusable_Test_Sequences/CAT_Teardown' successfully

2020-04-20 10:45:35 - [TEST_CASE][PASSED] - Test Cases/Reusable_Test_Sequences/CAT_Teardown: Test Cases/Reusable_Test_Sequences/CAT_Teardown

2020-04-20 10:45:35 - [TEST_STEP][PASSED] - closeBrowser(): Browser is closed

2020-04-20 10:45:37 - [MESSAGE][PASSED] - Browser is closed

2020-04-20 10:45:37 - [TEST_STEP][PASSED] - super.finalize(): null

2020-04-20 10:45:37 - [TEST_STEP][PASSED] - System.gc(): null

2020-04-20 10:45:37 - [MESSAGE][PASSED] - Call Test Case 'Test Cases/Reusable_Test_Sequences/CAT_Teardown' successfully]]></system-out>
         <system-err><![CDATA[]]></system-err>
      </testcase>
      <testcase name="Test Cases/Web_Office/Settings/Checkatrade_Com/Testimonials" time="27.155" classname="Test Cases/Web_Office/Settings/Checkatrade_Com/Testimonials" status="PASSED">
         <system-out><![CDATA[2020-04-20 10:45:37 - [TEST_CASE][PASSED] - Test Cases/Web_Office/Settings/Checkatrade_Com/Testimonials: Test Cases/Web_Office/Settings/Checkatrade_Com/Testimonials

2020-04-20 10:45:37 - [TEST_STEP][PASSED] - "--------------------------------------": null

2020-04-20 10:45:37 - [TEST_STEP][PASSED] - " Web Office StartUp                  |": null

2020-04-20 10:45:37 - [TEST_STEP][PASSED] - callTestCase(findTestCase("Reusable_Test_Sequences/Web_Office/Directives/WebOffice_StartUp"), [:], STOP_ON_FAILURE): Call Test Case 'Test Cases/Reusable_Test_Sequences/Web_Office/Directives/WebOffice_StartUp' successfully

2020-04-20 10:45:37 - [TEST_CASE][PASSED] - Test Cases/Reusable_Test_Sequences/Web_Office/Directives/WebOffice_StartUp: Test Cases/Reusable_Test_Sequences/Web_Office/Directives/WebOffice_StartUp

2020-04-20 10:45:37 - [TEST_STEP][PASSED] - "-----------------------------------------------------------------------------": null

2020-04-20 10:45:37 - [TEST_STEP][PASSED] - if (URL == "https://www.dev.checkatrade.com/"): null

2020-04-20 10:45:37 - [TEST_STEP][PASSED] - "-----------------------------------------------------------------------------": null

2020-04-20 10:45:37 - [TEST_STEP][PASSED] - if (URL == "https://www.checkatrade.com/"): null

2020-04-20 10:45:37 - [TEST_STEP][PASSED] - "-----------------------------------------------------------------------------": null

2020-04-20 10:45:37 - [TEST_STEP][PASSED] - if (URL == "https://www.preview.checkatrade.com/"): null

2020-04-20 10:45:37 - [TEST_STEP][PASSED] - WebOfficeURL = "https://admin.preview.checkatrade.com/": null

2020-04-20 10:45:37 - [TEST_STEP][PASSED] - if (URL == "https://www.dev2.checkatrade.com/"): null

2020-04-20 10:45:37 - [TEST_STEP][PASSED] - "Set Function Area for "URL_Handler", URL Resolution": null

2020-04-20 10:45:37 - [TEST_STEP][PASSED] - "Do Some Magic with URL(s) See the comments within URL Handler ": null

2020-04-20 10:45:37 - [TEST_STEP][PASSED] - "------------------------------------------------": null

2020-04-20 10:45:37 - [TEST_STEP][PASSED] - "Moved Login Credentials to <Default> profile 22/01/2020": null

2020-04-20 10:45:37 - [TEST_STEP][PASSED] - "------------------------------------------------": null

2020-04-20 10:45:37 - [TEST_STEP][PASSED] - "WebOfficeURL - Set from the ENVIRONMENT PROFILE ": null

2020-04-20 10:45:37 - [TEST_STEP][PASSED] - "OPEN BROWSER": null

2020-04-20 10:45:37 - [TEST_STEP][PASSED] - "eg - https://admin.preview.checkatrade.com/  ": null

2020-04-20 10:45:37 - [TEST_STEP][PASSED] - openBrowser(WebOfficeURL): Browser is opened with url: 'https://admin.preview.checkatrade.com/'

2020-04-20 10:45:37 - [MESSAGE][INFO] - Starting 'Chrome' driver

2020-04-20 10:45:37 - [MESSAGE][INFO] - Action delay is set to 0 milliseconds

2020-04-20 10:45:44 - [MESSAGE][PASSED] - Browser is opened with url: 'https://admin.preview.checkatrade.com/'

2020-04-20 10:45:44 - [TEST_STEP][PASSED] - maximizeWindow(): Current window maximized

2020-04-20 10:45:46 - [MESSAGE][PASSED] - Current window maximized

2020-04-20 10:45:46 - [TEST_STEP][PASSED] - waitForElementClickable(findTestObject("Object Repository/WebOffice/Page_Checkatrade - Administration - Login/Login_Button"), 25): Object 'Object Repository/WebOffice/Page_Checkatrade - Administration - Login/Login_Button' is clickable

2020-04-20 10:45:46 - [MESSAGE][PASSED] - Object 'Object Repository/WebOffice/Page_Checkatrade - Administration - Login/Login_Button' is clickable

2020-04-20 10:45:46 - [TEST_STEP][PASSED] - verifyTextPresent("Checkatrade Web Office", false): Text 'Checkatrade Web Office' is present on page 

2020-04-20 10:45:46 - [MESSAGE][PASSED] - Text 'Checkatrade Web Office' is present on page 

2020-04-20 10:45:46 - [TEST_STEP][PASSED] - verifyTextPresent("Access for staff use only", false): Text 'Access for staff use only' is present on page 

2020-04-20 10:45:47 - [MESSAGE][PASSED] - Text 'Access for staff use only' is present on page 

2020-04-20 10:45:47 - [TEST_STEP][PASSED] - verifyTextPresent("Forgotten password?", false): Text 'Forgotten password?' is present on page 

2020-04-20 10:45:47 - [MESSAGE][PASSED] - Text 'Forgotten password?' is present on page 

2020-04-20 10:45:47 - [TEST_STEP][PASSED] - setText(findTestObject("Object Repository/WebOffice/Page_Checkatrade - Administration - Login/input_Username_LoginControlUserName"), wo_Username): Text 'DavidHo' is set on object 'Object Repository/WebOffice/Page_Checkatrade - Administration - Login/input_Username_LoginControlUserName'

2020-04-20 10:45:47 - [MESSAGE][PASSED] - Text 'DavidHo' is set on object 'Object Repository/WebOffice/Page_Checkatrade - Administration - Login/input_Username_LoginControlUserName'

2020-04-20 10:45:47 - [TEST_STEP][PASSED] - setText(findTestObject("Object Repository/WebOffice/Page_Checkatrade - Administration - Login/input_Password_LoginControlPassword"), wo_Password): Text 'Check123' is set on object 'Object Repository/WebOffice/Page_Checkatrade - Administration - Login/input_Password_LoginControlPassword'

2020-04-20 10:45:47 - [MESSAGE][PASSED] - Text 'Check123' is set on object 'Object Repository/WebOffice/Page_Checkatrade - Administration - Login/input_Password_LoginControlPassword'

2020-04-20 10:45:47 - [TEST_STEP][PASSED] - click(findTestObject("Object Repository/WebOffice/Page_Checkatrade - Administration - Login/Login_Button")): Object: 'Object Repository/WebOffice/Page_Checkatrade - Administration - Login/Login_Button' is clicked on

2020-04-20 10:45:49 - [MESSAGE][PASSED] - Object: 'Object Repository/WebOffice/Page_Checkatrade - Administration - Login/Login_Button' is clicked on

2020-04-20 10:45:49 - [TEST_STEP][PASSED] - waitForPageLoad(60): Wait for page load successfully

2020-04-20 10:45:49 - [MESSAGE][PASSED] - Wait for page load successfully

2020-04-20 10:45:49 - [TEST_STEP][PASSED] - verifyTextPresent("Welcome " + wo_Username, false): Text 'Welcome DavidHo' is present on page 

2020-04-20 10:45:50 - [MESSAGE][PASSED] - Text 'Welcome DavidHo' is present on page 

2020-04-20 10:45:50 - [MESSAGE][PASSED] - Call Test Case 'Test Cases/Reusable_Test_Sequences/Web_Office/Directives/WebOffice_StartUp' successfully

2020-04-20 10:45:50 - [TEST_STEP][PASSED] - "-----------------------------------------------------------------": null

2020-04-20 10:45:50 - [TEST_STEP][PASSED] - " Navigate to <Settings->Checkatrade.Com->Sub Item> Menu Item     |": null

2020-04-20 10:45:50 - [TEST_STEP][PASSED] - callTestCase(findTestCase("Reusable_Test_Sequences/Web_Office/Navigation/Sub_Menu_Navigation/Settings/Checkatrade_Com/Testimonials"), [:], STOP_ON_FAILURE): Call Test Case 'Test Cases/Reusable_Test_Sequences/Web_Office/Navigation/Sub_Menu_Navigation/Settings/Checkatrade_Com/Testimonials' successfully

2020-04-20 10:45:50 - [TEST_CASE][PASSED] - Test Cases/Reusable_Test_Sequences/Web_Office/Navigation/Sub_Menu_Navigation/Settings/Checkatrade_Com/Testimonials: Test Cases/Reusable_Test_Sequences/Web_Office/Navigation/Sub_Menu_Navigation/Settings/Checkatrade_Com/Testimonials

2020-04-20 10:45:50 - [TEST_STEP][PASSED] - "--------------------------------------": null

2020-04-20 10:45:50 - [TEST_STEP][PASSED] - " Navigate Top level menu Item         |": null

2020-04-20 10:45:50 - [TEST_STEP][PASSED] - waitForPageLoad(60): Wait for page load successfully

2020-04-20 10:45:50 - [MESSAGE][PASSED] - Wait for page load successfully

2020-04-20 10:45:50 - [TEST_STEP][PASSED] - waitForElementClickable(findTestObject("Object Repository/WebOffice_Home_page/a_Settings"), 60): Object 'Object Repository/WebOffice_Home_page/a_Settings' is clickable

2020-04-20 10:45:51 - [MESSAGE][PASSED] - Object 'Object Repository/WebOffice_Home_page/a_Settings' is clickable

2020-04-20 10:45:51 - [TEST_STEP][PASSED] - mouseOver(findTestObject("Object Repository/WebOffice_Home_page/a_Settings")): Object: 'Object Repository/WebOffice_Home_page/a_Settings' is hovered

2020-04-20 10:45:51 - [MESSAGE][PASSED] - Object: 'Object Repository/WebOffice_Home_page/a_Settings' is hovered

2020-04-20 10:45:51 - [TEST_STEP][PASSED] - mouseOver(findTestObject("Object Repository/WebOffice_Home_page/a_wwwcheckatradecom")): Object: 'Object Repository/WebOffice_Home_page/a_wwwcheckatradecom' is hovered

2020-04-20 10:45:51 - [MESSAGE][PASSED] - Object: 'Object Repository/WebOffice_Home_page/a_wwwcheckatradecom' is hovered

2020-04-20 10:45:51 - [TEST_STEP][PASSED] - waitForElementClickable(findTestObject("Object Repository/WebOffice_Home_page/a_Testimonials"), 1): Object 'Object Repository/WebOffice_Home_page/a_Testimonials' is clickable

2020-04-20 10:45:52 - [MESSAGE][PASSED] - Object 'Object Repository/WebOffice_Home_page/a_Testimonials' is clickable

2020-04-20 10:45:52 - [TEST_STEP][PASSED] - click(findTestObject("Object Repository/WebOffice_Home_page/a_Testimonials")): Object: 'Object Repository/WebOffice_Home_page/a_Testimonials' is clicked on

2020-04-20 10:45:52 - [MESSAGE][PASSED] - Object: 'Object Repository/WebOffice_Home_page/a_Testimonials' is clicked on

2020-04-20 10:45:52 - [MESSAGE][PASSED] - Call Test Case 'Test Cases/Reusable_Test_Sequences/Web_Office/Navigation/Sub_Menu_Navigation/Settings/Checkatrade_Com/Testimonials' successfully

2020-04-20 10:45:52 - [TEST_STEP][PASSED] - "--------------------------------------": null

2020-04-20 10:45:52 - [TEST_STEP][PASSED] - " Verify Returned Page Detail          |": null

2020-04-20 10:45:52 - [TEST_STEP][PASSED] - callTestCase(findTestCase("Reusable_Test_Sequences/Web_Office/Verification/Settings/Checkatrade_Com/Testimonials"), [:], OPTIONAL): Call Test Case 'Test Cases/Reusable_Test_Sequences/Web_Office/Verification/Settings/Checkatrade_Com/Testimonials' successfully

2020-04-20 10:45:52 - [TEST_CASE][PASSED] - Test Cases/Reusable_Test_Sequences/Web_Office/Verification/Settings/Checkatrade_Com/Testimonials: Test Cases/Reusable_Test_Sequences/Web_Office/Verification/Settings/Checkatrade_Com/Testimonials

2020-04-20 10:45:53 - [TEST_STEP][PASSED] - waitForPageLoad(60): Wait for page load successfully

2020-04-20 10:45:53 - [MESSAGE][PASSED] - Wait for page load successfully

2020-04-20 10:45:53 - [TEST_STEP][PASSED] - delay(1): Delayed 1 second(s)

2020-04-20 10:45:54 - [MESSAGE][PASSED] - Delayed 1 second(s)

2020-04-20 10:45:54 - [TEST_STEP][PASSED] - verifyTextPresent("Testimonials", false): Text 'Testimonials' is present on page 

2020-04-20 10:45:55 - [MESSAGE][PASSED] - Text 'Testimonials' is present on page 

2020-04-20 10:45:55 - [TEST_STEP][PASSED] - "----------------------------------------------": null

2020-04-20 10:45:55 - [TEST_STEP][PASSED] - "----------------------------------------------": null

2020-04-20 10:45:55 - [TEST_STEP][PASSED] - "----------------------------------------------": null

2020-04-20 10:45:55 - [TEST_STEP][PASSED] - verifyTextPresent("Type", false): Text 'Type' is present on page 

2020-04-20 10:45:56 - [MESSAGE][PASSED] - Text 'Type' is present on page 

2020-04-20 10:45:56 - [TEST_STEP][PASSED] - verifyTextPresent("Name or Location", false): Text 'Name or Location' is present on page 

2020-04-20 10:45:56 - [MESSAGE][PASSED] - Text 'Name or Location' is present on page 

2020-04-20 10:45:56 - [TEST_STEP][PASSED] - verifyTextPresent("Company", false): Text 'Company' is present on page 

2020-04-20 10:45:57 - [MESSAGE][PASSED] - Text 'Company' is present on page 

2020-04-20 10:45:57 - [TEST_STEP][PASSED] - verifyTextPresent("Quote", false): Text 'Quote' is present on page 

2020-04-20 10:45:58 - [MESSAGE][PASSED] - Text 'Quote' is present on page 

2020-04-20 10:45:58 - [TEST_STEP][PASSED] - "----------------------------------------------": null

2020-04-20 10:45:58 - [TEST_STEP][PASSED] - verifyTextPresent("Consumer", false): Text 'Consumer' is present on page 

2020-04-20 10:45:59 - [MESSAGE][PASSED] - Text 'Consumer' is present on page 

2020-04-20 10:45:59 - [TEST_STEP][PASSED] - verifyTextPresent("Watford", false): Text 'Watford' is present on page 

2020-04-20 10:46:00 - [MESSAGE][PASSED] - Text 'Watford' is present on page 

2020-04-20 10:46:00 - [TEST_STEP][PASSED] - verifyTextPresent("My wife and I find the service", false): Text 'My wife and I find the service' is present on page 

2020-04-20 10:46:00 - [MESSAGE][PASSED] - Text 'My wife and I find the service' is present on page 

2020-04-20 10:46:00 - [TEST_STEP][PASSED] - verifyTextPresent("Trade", false): Text 'Trade' is present on page 

2020-04-20 10:46:01 - [MESSAGE][PASSED] - Text 'Trade' is present on page 

2020-04-20 10:46:01 - [TEST_STEP][PASSED] - verifyTextPresent("Jason", false): Text 'Jason' is present on page 

2020-04-20 10:46:01 - [MESSAGE][PASSED] - Text 'Jason' is present on page 

2020-04-20 10:46:01 - [TEST_STEP][PASSED] - verifyTextPresent("Mops And Buckets", false): Text 'Mops And Buckets' is present on page 

2020-04-20 10:46:02 - [MESSAGE][PASSED] - Text 'Mops And Buckets' is present on page 

2020-04-20 10:46:02 - [TEST_STEP][PASSED] - verifyTextPresent("Trade", false): Text 'Trade' is present on page 

2020-04-20 10:46:02 - [MESSAGE][PASSED] - Text 'Trade' is present on page 

2020-04-20 10:46:02 - [TEST_STEP][PASSED] - verifyTextPresent("Being a new member to Checkatrade has opened a lot of doors ", false): Text 'Being a new member to Checkatrade has opened a lot of doors ' is present on page 

2020-04-20 10:46:03 - [MESSAGE][PASSED] - Text 'Being a new member to Checkatrade has opened a lot of doors ' is present on page 

2020-04-20 10:46:03 - [MESSAGE][PASSED] - Call Test Case 'Test Cases/Reusable_Test_Sequences/Web_Office/Verification/Settings/Checkatrade_Com/Testimonials' successfully

2020-04-20 10:46:03 - [TEST_STEP][PASSED] - "--------------------------": null

2020-04-20 10:46:03 - [TEST_STEP][PASSED] - " Teardown - CLose Browser |": null

2020-04-20 10:46:03 - [TEST_STEP][PASSED] - callTestCase(findTestCase("Reusable_Test_Sequences/CAT_Teardown"), [:], OPTIONAL): Call Test Case 'Test Cases/Reusable_Test_Sequences/CAT_Teardown' successfully

2020-04-20 10:46:03 - [TEST_CASE][PASSED] - Test Cases/Reusable_Test_Sequences/CAT_Teardown: Test Cases/Reusable_Test_Sequences/CAT_Teardown

2020-04-20 10:46:03 - [TEST_STEP][PASSED] - closeBrowser(): Browser is closed

2020-04-20 10:46:04 - [MESSAGE][PASSED] - Browser is closed

2020-04-20 10:46:04 - [TEST_STEP][PASSED] - super.finalize(): null

2020-04-20 10:46:04 - [TEST_STEP][PASSED] - System.gc(): null

2020-04-20 10:46:04 - [MESSAGE][PASSED] - Call Test Case 'Test Cases/Reusable_Test_Sequences/CAT_Teardown' successfully]]></system-out>
         <system-err><![CDATA[]]></system-err>
      </testcase>
      <testcase name="Test Cases/Web_Office/Settings/Checkatrade_Com/Web_Catagories" time="28.732" classname="Test Cases/Web_Office/Settings/Checkatrade_Com/Web_Catagories" status="PASSED">
         <system-out><![CDATA[2020-04-20 10:46:04 - [TEST_CASE][PASSED] - Test Cases/Web_Office/Settings/Checkatrade_Com/Web_Catagories: Test Cases/Web_Office/Settings/Checkatrade_Com/Web_Catagories

2020-04-20 10:46:04 - [TEST_STEP][PASSED] - "--------------------------------------": null

2020-04-20 10:46:04 - [TEST_STEP][PASSED] - " Web Office StartUp                  |": null

2020-04-20 10:46:04 - [TEST_STEP][PASSED] - callTestCase(findTestCase("Reusable_Test_Sequences/Web_Office/Directives/WebOffice_StartUp"), [:], STOP_ON_FAILURE): Call Test Case 'Test Cases/Reusable_Test_Sequences/Web_Office/Directives/WebOffice_StartUp' successfully

2020-04-20 10:46:04 - [TEST_CASE][PASSED] - Test Cases/Reusable_Test_Sequences/Web_Office/Directives/WebOffice_StartUp: Test Cases/Reusable_Test_Sequences/Web_Office/Directives/WebOffice_StartUp

2020-04-20 10:46:04 - [TEST_STEP][PASSED] - "-----------------------------------------------------------------------------": null

2020-04-20 10:46:04 - [TEST_STEP][PASSED] - if (URL == "https://www.dev.checkatrade.com/"): null

2020-04-20 10:46:04 - [TEST_STEP][PASSED] - "-----------------------------------------------------------------------------": null

2020-04-20 10:46:04 - [TEST_STEP][PASSED] - if (URL == "https://www.checkatrade.com/"): null

2020-04-20 10:46:04 - [TEST_STEP][PASSED] - "-----------------------------------------------------------------------------": null

2020-04-20 10:46:04 - [TEST_STEP][PASSED] - if (URL == "https://www.preview.checkatrade.com/"): null

2020-04-20 10:46:04 - [TEST_STEP][PASSED] - WebOfficeURL = "https://admin.preview.checkatrade.com/": null

2020-04-20 10:46:04 - [TEST_STEP][PASSED] - if (URL == "https://www.dev2.checkatrade.com/"): null

2020-04-20 10:46:04 - [TEST_STEP][PASSED] - "Set Function Area for "URL_Handler", URL Resolution": null

2020-04-20 10:46:04 - [TEST_STEP][PASSED] - "Do Some Magic with URL(s) See the comments within URL Handler ": null

2020-04-20 10:46:04 - [TEST_STEP][PASSED] - "------------------------------------------------": null

2020-04-20 10:46:04 - [TEST_STEP][PASSED] - "Moved Login Credentials to <Default> profile 22/01/2020": null

2020-04-20 10:46:04 - [TEST_STEP][PASSED] - "------------------------------------------------": null

2020-04-20 10:46:04 - [TEST_STEP][PASSED] - "WebOfficeURL - Set from the ENVIRONMENT PROFILE ": null

2020-04-20 10:46:04 - [TEST_STEP][PASSED] - "OPEN BROWSER": null

2020-04-20 10:46:04 - [TEST_STEP][PASSED] - "eg - https://admin.preview.checkatrade.com/  ": null

2020-04-20 10:46:04 - [TEST_STEP][PASSED] - openBrowser(WebOfficeURL): Browser is opened with url: 'https://admin.preview.checkatrade.com/'

2020-04-20 10:46:04 - [MESSAGE][INFO] - Starting 'Chrome' driver

2020-04-20 10:46:04 - [MESSAGE][INFO] - Action delay is set to 0 milliseconds

2020-04-20 10:46:09 - [MESSAGE][PASSED] - Browser is opened with url: 'https://admin.preview.checkatrade.com/'

2020-04-20 10:46:09 - [TEST_STEP][PASSED] - maximizeWindow(): Current window maximized

2020-04-20 10:46:12 - [MESSAGE][PASSED] - Current window maximized

2020-04-20 10:46:12 - [TEST_STEP][PASSED] - waitForElementClickable(findTestObject("Object Repository/WebOffice/Page_Checkatrade - Administration - Login/Login_Button"), 25): Object 'Object Repository/WebOffice/Page_Checkatrade - Administration - Login/Login_Button' is clickable

2020-04-20 10:46:12 - [MESSAGE][PASSED] - Object 'Object Repository/WebOffice/Page_Checkatrade - Administration - Login/Login_Button' is clickable

2020-04-20 10:46:12 - [TEST_STEP][PASSED] - verifyTextPresent("Checkatrade Web Office", false): Text 'Checkatrade Web Office' is present on page 

2020-04-20 10:46:12 - [MESSAGE][PASSED] - Text 'Checkatrade Web Office' is present on page 

2020-04-20 10:46:12 - [TEST_STEP][PASSED] - verifyTextPresent("Access for staff use only", false): Text 'Access for staff use only' is present on page 

2020-04-20 10:46:12 - [MESSAGE][PASSED] - Text 'Access for staff use only' is present on page 

2020-04-20 10:46:12 - [TEST_STEP][PASSED] - verifyTextPresent("Forgotten password?", false): Text 'Forgotten password?' is present on page 

2020-04-20 10:46:12 - [MESSAGE][PASSED] - Text 'Forgotten password?' is present on page 

2020-04-20 10:46:12 - [TEST_STEP][PASSED] - setText(findTestObject("Object Repository/WebOffice/Page_Checkatrade - Administration - Login/input_Username_LoginControlUserName"), wo_Username): Text 'DavidHo' is set on object 'Object Repository/WebOffice/Page_Checkatrade - Administration - Login/input_Username_LoginControlUserName'

2020-04-20 10:46:12 - [MESSAGE][PASSED] - Text 'DavidHo' is set on object 'Object Repository/WebOffice/Page_Checkatrade - Administration - Login/input_Username_LoginControlUserName'

2020-04-20 10:46:12 - [TEST_STEP][PASSED] - setText(findTestObject("Object Repository/WebOffice/Page_Checkatrade - Administration - Login/input_Password_LoginControlPassword"), wo_Password): Text 'Check123' is set on object 'Object Repository/WebOffice/Page_Checkatrade - Administration - Login/input_Password_LoginControlPassword'

2020-04-20 10:46:12 - [MESSAGE][PASSED] - Text 'Check123' is set on object 'Object Repository/WebOffice/Page_Checkatrade - Administration - Login/input_Password_LoginControlPassword'

2020-04-20 10:46:12 - [TEST_STEP][PASSED] - click(findTestObject("Object Repository/WebOffice/Page_Checkatrade - Administration - Login/Login_Button")): Object: 'Object Repository/WebOffice/Page_Checkatrade - Administration - Login/Login_Button' is clicked on

2020-04-20 10:46:14 - [MESSAGE][PASSED] - Object: 'Object Repository/WebOffice/Page_Checkatrade - Administration - Login/Login_Button' is clicked on

2020-04-20 10:46:14 - [TEST_STEP][PASSED] - waitForPageLoad(60): Wait for page load successfully

2020-04-20 10:46:14 - [MESSAGE][PASSED] - Wait for page load successfully

2020-04-20 10:46:14 - [TEST_STEP][PASSED] - verifyTextPresent("Welcome " + wo_Username, false): Text 'Welcome DavidHo' is present on page 

2020-04-20 10:46:15 - [MESSAGE][PASSED] - Text 'Welcome DavidHo' is present on page 

2020-04-20 10:46:15 - [MESSAGE][PASSED] - Call Test Case 'Test Cases/Reusable_Test_Sequences/Web_Office/Directives/WebOffice_StartUp' successfully

2020-04-20 10:46:15 - [TEST_STEP][PASSED] - "-----------------------------------------------------------------": null

2020-04-20 10:46:15 - [TEST_STEP][PASSED] - " Navigate to <Settings->Checkatrade.Com->Sub Item> Menu Item     |": null

2020-04-20 10:46:15 - [TEST_STEP][PASSED] - callTestCase(findTestCase("Reusable_Test_Sequences/Web_Office/Navigation/Sub_Menu_Navigation/Settings/Checkatrade_Com/Web_Catagories"), [:], STOP_ON_FAILURE): Call Test Case 'Test Cases/Reusable_Test_Sequences/Web_Office/Navigation/Sub_Menu_Navigation/Settings/Checkatrade_Com/Web_Catagories' successfully

2020-04-20 10:46:15 - [TEST_CASE][PASSED] - Test Cases/Reusable_Test_Sequences/Web_Office/Navigation/Sub_Menu_Navigation/Settings/Checkatrade_Com/Web_Catagories: Test Cases/Reusable_Test_Sequences/Web_Office/Navigation/Sub_Menu_Navigation/Settings/Checkatrade_Com/Web_Catagories

2020-04-20 10:46:15 - [TEST_STEP][PASSED] - "--------------------------------------": null

2020-04-20 10:46:15 - [TEST_STEP][PASSED] - " Navigate Top level menu Item         |": null

2020-04-20 10:46:15 - [TEST_STEP][PASSED] - waitForPageLoad(60): Wait for page load successfully

2020-04-20 10:46:15 - [MESSAGE][PASSED] - Wait for page load successfully

2020-04-20 10:46:15 - [TEST_STEP][PASSED] - waitForElementClickable(findTestObject("Object Repository/WebOffice_Home_page/a_Settings"), 60): Object 'Object Repository/WebOffice_Home_page/a_Settings' is clickable

2020-04-20 10:46:15 - [MESSAGE][PASSED] - Object 'Object Repository/WebOffice_Home_page/a_Settings' is clickable

2020-04-20 10:46:15 - [TEST_STEP][PASSED] - mouseOver(findTestObject("Object Repository/WebOffice_Home_page/a_Settings")): Object: 'Object Repository/WebOffice_Home_page/a_Settings' is hovered

2020-04-20 10:46:16 - [MESSAGE][PASSED] - Object: 'Object Repository/WebOffice_Home_page/a_Settings' is hovered

2020-04-20 10:46:16 - [TEST_STEP][PASSED] - mouseOver(findTestObject("Object Repository/WebOffice_Home_page/a_wwwcheckatradecom")): Object: 'Object Repository/WebOffice_Home_page/a_wwwcheckatradecom' is hovered

2020-04-20 10:46:16 - [MESSAGE][PASSED] - Object: 'Object Repository/WebOffice_Home_page/a_wwwcheckatradecom' is hovered

2020-04-20 10:46:16 - [TEST_STEP][PASSED] - waitForElementClickable(findTestObject("Object Repository/WebOffice_Home_page/a_Web Categories"), 1): Object 'Object Repository/WebOffice_Home_page/a_Web Categories' is clickable

2020-04-20 10:46:16 - [MESSAGE][PASSED] - Object 'Object Repository/WebOffice_Home_page/a_Web Categories' is clickable

2020-04-20 10:46:16 - [TEST_STEP][PASSED] - click(findTestObject("Object Repository/WebOffice_Home_page/a_Web Categories")): Object: 'Object Repository/WebOffice_Home_page/a_Web Categories' is clicked on

2020-04-20 10:46:18 - [MESSAGE][PASSED] - Object: 'Object Repository/WebOffice_Home_page/a_Web Categories' is clicked on

2020-04-20 10:46:18 - [MESSAGE][PASSED] - Call Test Case 'Test Cases/Reusable_Test_Sequences/Web_Office/Navigation/Sub_Menu_Navigation/Settings/Checkatrade_Com/Web_Catagories' successfully

2020-04-20 10:46:18 - [TEST_STEP][PASSED] - "--------------------------------------": null

2020-04-20 10:46:18 - [TEST_STEP][PASSED] - " Verify Returned Page Detail          |": null

2020-04-20 10:46:18 - [TEST_STEP][PASSED] - callTestCase(findTestCase("Reusable_Test_Sequences/Web_Office/Verification/Settings/Checkatrade_Com/Web_Catagories"), [:], OPTIONAL): Call Test Case 'Test Cases/Reusable_Test_Sequences/Web_Office/Verification/Settings/Checkatrade_Com/Web_Catagories' successfully

2020-04-20 10:46:18 - [TEST_CASE][PASSED] - Test Cases/Reusable_Test_Sequences/Web_Office/Verification/Settings/Checkatrade_Com/Web_Catagories: Test Cases/Reusable_Test_Sequences/Web_Office/Verification/Settings/Checkatrade_Com/Web_Catagories

2020-04-20 10:46:19 - [TEST_STEP][PASSED] - waitForPageLoad(60): Wait for page load successfully

2020-04-20 10:46:19 - [MESSAGE][PASSED] - Wait for page load successfully

2020-04-20 10:46:19 - [TEST_STEP][PASSED] - delay(1): Delayed 1 second(s)

2020-04-20 10:46:20 - [MESSAGE][PASSED] - Delayed 1 second(s)

2020-04-20 10:46:20 - [TEST_STEP][PASSED] - verifyTextPresent("Web Categories", false): Text 'Web Categories' is present on page 

2020-04-20 10:46:21 - [MESSAGE][PASSED] - Text 'Web Categories' is present on page 

2020-04-20 10:46:21 - [TEST_STEP][PASSED] - verifyTextPresent("Add new top level category", false): Text 'Add new top level category' is present on page 

2020-04-20 10:46:21 - [MESSAGE][PASSED] - Text 'Add new top level category' is present on page 

2020-04-20 10:46:21 - [TEST_STEP][PASSED] - verifyTextPresent("Category Na", false): Text 'Category Na' is present on page 

2020-04-20 10:46:22 - [MESSAGE][PASSED] - Text 'Category Na' is present on page 

2020-04-20 10:46:22 - [TEST_STEP][PASSED] - verifyTextPresent("Category Hierarchy", false): Text 'Category Hierarchy' is present on page 

2020-04-20 10:46:23 - [MESSAGE][PASSED] - Text 'Category Hierarchy' is present on page 

2020-04-20 10:46:23 - [TEST_STEP][PASSED] - verifyTextPresent("SEO", false): Text 'SEO' is present on page 

2020-04-20 10:46:24 - [MESSAGE][PASSED] - Text 'SEO' is present on page 

2020-04-20 10:46:24 - [TEST_STEP][PASSED] - verifyTextPresent("Members", false): Text 'Members' is present on page 

2020-04-20 10:46:25 - [MESSAGE][PASSED] - Text 'Members' is present on page 

2020-04-20 10:46:25 - [TEST_STEP][PASSED] - verifyTextPresent("In SubCate", false): Text 'In SubCate' is present on page 

2020-04-20 10:46:25 - [MESSAGE][PASSED] - Text 'In SubCate' is present on page 

2020-04-20 10:46:25 - [TEST_STEP][PASSED] - verifyTextPresent("Create child", false): Text 'Create child' is present on page 

2020-04-20 10:46:26 - [MESSAGE][PASSED] - Text 'Create child' is present on page 

2020-04-20 10:46:26 - [TEST_STEP][PASSED] - verifyTextPresent("Preview", false): Text 'Preview' is present on page 

2020-04-20 10:46:27 - [MESSAGE][PASSED] - Text 'Preview' is present on page 

2020-04-20 10:46:27 - [TEST_STEP][PASSED] - "----------------------------------------------": null

2020-04-20 10:46:27 - [TEST_STEP][PASSED] - verifyTextPresent("Add child", false): Text 'Add child' is present on page 

2020-04-20 10:46:28 - [MESSAGE][PASSED] - Text 'Add child' is present on page 

2020-04-20 10:46:28 - [TEST_STEP][PASSED] - verifyTextPresent("Search", false): Text 'Search' is present on page 

2020-04-20 10:46:28 - [MESSAGE][PASSED] - Text 'Search' is present on page 

2020-04-20 10:46:28 - [TEST_STEP][PASSED] - verifyTextPresent("Air Conditioning", false): Text 'Air Conditioning' is present on page 

2020-04-20 10:46:29 - [MESSAGE][PASSED] - Text 'Air Conditioning' is present on page 

2020-04-20 10:46:29 - [TEST_STEP][PASSED] - verifyTextPresent("TDKC", false): Text 'TDKC' is present on page 

2020-04-20 10:46:30 - [MESSAGE][PASSED] - Text 'TDKC' is present on page 

2020-04-20 10:46:30 - [TEST_STEP][PASSED] - verifyTextPresent("TK", false): Text 'TK' is present on page 

2020-04-20 10:46:31 - [MESSAGE][PASSED] - Text 'TK' is present on page 

2020-04-20 10:46:31 - [TEST_STEP][PASSED] - verifyTextPresent("Fire Alarms", false): Text 'Fire Alarms' is present on page 

2020-04-20 10:46:31 - [MESSAGE][PASSED] - Text 'Fire Alarms' is present on page 

2020-04-20 10:46:31 - [MESSAGE][PASSED] - Call Test Case 'Test Cases/Reusable_Test_Sequences/Web_Office/Verification/Settings/Checkatrade_Com/Web_Catagories' successfully

2020-04-20 10:46:31 - [TEST_STEP][PASSED] - "--------------------------": null

2020-04-20 10:46:31 - [TEST_STEP][PASSED] - " Teardown - CLose Browser |": null

2020-04-20 10:46:31 - [TEST_STEP][PASSED] - callTestCase(findTestCase("Reusable_Test_Sequences/CAT_Teardown"), [:], OPTIONAL): Call Test Case 'Test Cases/Reusable_Test_Sequences/CAT_Teardown' successfully

2020-04-20 10:46:31 - [TEST_CASE][PASSED] - Test Cases/Reusable_Test_Sequences/CAT_Teardown: Test Cases/Reusable_Test_Sequences/CAT_Teardown

2020-04-20 10:46:31 - [TEST_STEP][PASSED] - closeBrowser(): Browser is closed

2020-04-20 10:46:32 - [MESSAGE][PASSED] - Browser is closed

2020-04-20 10:46:32 - [TEST_STEP][PASSED] - super.finalize(): null

2020-04-20 10:46:32 - [TEST_STEP][PASSED] - System.gc(): null

2020-04-20 10:46:33 - [MESSAGE][PASSED] - Call Test Case 'Test Cases/Reusable_Test_Sequences/CAT_Teardown' successfully]]></system-out>
         <system-err><![CDATA[]]></system-err>
      </testcase>
      <testcase name="Test Cases/Web_Office/Settings/Checkatrade_Com/Join_Now_Settings" time="31.661" classname="Test Cases/Web_Office/Settings/Checkatrade_Com/Join_Now_Settings" status="PASSED">
         <system-out><![CDATA[2020-04-20 10:46:33 - [TEST_CASE][PASSED] - Test Cases/Web_Office/Settings/Checkatrade_Com/Join_Now_Settings: Test Cases/Web_Office/Settings/Checkatrade_Com/Join_Now_Settings

2020-04-20 10:46:33 - [TEST_STEP][PASSED] - "--------------------------------------": null

2020-04-20 10:46:33 - [TEST_STEP][PASSED] - " Web Office StartUp                  |": null

2020-04-20 10:46:33 - [TEST_STEP][PASSED] - callTestCase(findTestCase("Reusable_Test_Sequences/Web_Office/Directives/WebOffice_StartUp"), [:], STOP_ON_FAILURE): Call Test Case 'Test Cases/Reusable_Test_Sequences/Web_Office/Directives/WebOffice_StartUp' successfully

2020-04-20 10:46:33 - [TEST_CASE][PASSED] - Test Cases/Reusable_Test_Sequences/Web_Office/Directives/WebOffice_StartUp: Test Cases/Reusable_Test_Sequences/Web_Office/Directives/WebOffice_StartUp

2020-04-20 10:46:33 - [TEST_STEP][PASSED] - "-----------------------------------------------------------------------------": null

2020-04-20 10:46:33 - [TEST_STEP][PASSED] - if (URL == "https://www.dev.checkatrade.com/"): null

2020-04-20 10:46:33 - [TEST_STEP][PASSED] - "-----------------------------------------------------------------------------": null

2020-04-20 10:46:33 - [TEST_STEP][PASSED] - if (URL == "https://www.checkatrade.com/"): null

2020-04-20 10:46:33 - [TEST_STEP][PASSED] - "-----------------------------------------------------------------------------": null

2020-04-20 10:46:33 - [TEST_STEP][PASSED] - if (URL == "https://www.preview.checkatrade.com/"): null

2020-04-20 10:46:33 - [TEST_STEP][PASSED] - WebOfficeURL = "https://admin.preview.checkatrade.com/": null

2020-04-20 10:46:33 - [TEST_STEP][PASSED] - if (URL == "https://www.dev2.checkatrade.com/"): null

2020-04-20 10:46:33 - [TEST_STEP][PASSED] - "Set Function Area for "URL_Handler", URL Resolution": null

2020-04-20 10:46:33 - [TEST_STEP][PASSED] - "Do Some Magic with URL(s) See the comments within URL Handler ": null

2020-04-20 10:46:33 - [TEST_STEP][PASSED] - "------------------------------------------------": null

2020-04-20 10:46:33 - [TEST_STEP][PASSED] - "Moved Login Credentials to <Default> profile 22/01/2020": null

2020-04-20 10:46:33 - [TEST_STEP][PASSED] - "------------------------------------------------": null

2020-04-20 10:46:33 - [TEST_STEP][PASSED] - "WebOfficeURL - Set from the ENVIRONMENT PROFILE ": null

2020-04-20 10:46:33 - [TEST_STEP][PASSED] - "OPEN BROWSER": null

2020-04-20 10:46:33 - [TEST_STEP][PASSED] - "eg - https://admin.preview.checkatrade.com/  ": null

2020-04-20 10:46:33 - [TEST_STEP][PASSED] - openBrowser(WebOfficeURL): Browser is opened with url: 'https://admin.preview.checkatrade.com/'

2020-04-20 10:46:33 - [MESSAGE][INFO] - Starting 'Chrome' driver

2020-04-20 10:46:33 - [MESSAGE][INFO] - Action delay is set to 0 milliseconds

2020-04-20 10:46:38 - [MESSAGE][PASSED] - Browser is opened with url: 'https://admin.preview.checkatrade.com/'

2020-04-20 10:46:38 - [TEST_STEP][PASSED] - maximizeWindow(): Current window maximized

2020-04-20 10:46:41 - [MESSAGE][PASSED] - Current window maximized

2020-04-20 10:46:41 - [TEST_STEP][PASSED] - waitForElementClickable(findTestObject("Object Repository/WebOffice/Page_Checkatrade - Administration - Login/Login_Button"), 25): Object 'Object Repository/WebOffice/Page_Checkatrade - Administration - Login/Login_Button' is clickable

2020-04-20 10:46:41 - [MESSAGE][PASSED] - Object 'Object Repository/WebOffice/Page_Checkatrade - Administration - Login/Login_Button' is clickable

2020-04-20 10:46:41 - [TEST_STEP][PASSED] - verifyTextPresent("Checkatrade Web Office", false): Text 'Checkatrade Web Office' is present on page 

2020-04-20 10:46:41 - [MESSAGE][PASSED] - Text 'Checkatrade Web Office' is present on page 

2020-04-20 10:46:41 - [TEST_STEP][PASSED] - verifyTextPresent("Access for staff use only", false): Text 'Access for staff use only' is present on page 

2020-04-20 10:46:41 - [MESSAGE][PASSED] - Text 'Access for staff use only' is present on page 

2020-04-20 10:46:41 - [TEST_STEP][PASSED] - verifyTextPresent("Forgotten password?", false): Text 'Forgotten password?' is present on page 

2020-04-20 10:46:41 - [MESSAGE][PASSED] - Text 'Forgotten password?' is present on page 

2020-04-20 10:46:41 - [TEST_STEP][PASSED] - setText(findTestObject("Object Repository/WebOffice/Page_Checkatrade - Administration - Login/input_Username_LoginControlUserName"), wo_Username): Text 'DavidHo' is set on object 'Object Repository/WebOffice/Page_Checkatrade - Administration - Login/input_Username_LoginControlUserName'

2020-04-20 10:46:41 - [MESSAGE][PASSED] - Text 'DavidHo' is set on object 'Object Repository/WebOffice/Page_Checkatrade - Administration - Login/input_Username_LoginControlUserName'

2020-04-20 10:46:41 - [TEST_STEP][PASSED] - setText(findTestObject("Object Repository/WebOffice/Page_Checkatrade - Administration - Login/input_Password_LoginControlPassword"), wo_Password): Text 'Check123' is set on object 'Object Repository/WebOffice/Page_Checkatrade - Administration - Login/input_Password_LoginControlPassword'

2020-04-20 10:46:42 - [MESSAGE][PASSED] - Text 'Check123' is set on object 'Object Repository/WebOffice/Page_Checkatrade - Administration - Login/input_Password_LoginControlPassword'

2020-04-20 10:46:42 - [TEST_STEP][PASSED] - click(findTestObject("Object Repository/WebOffice/Page_Checkatrade - Administration - Login/Login_Button")): Object: 'Object Repository/WebOffice/Page_Checkatrade - Administration - Login/Login_Button' is clicked on

2020-04-20 10:46:43 - [MESSAGE][PASSED] - Object: 'Object Repository/WebOffice/Page_Checkatrade - Administration - Login/Login_Button' is clicked on

2020-04-20 10:46:43 - [TEST_STEP][PASSED] - waitForPageLoad(60): Wait for page load successfully

2020-04-20 10:46:43 - [MESSAGE][PASSED] - Wait for page load successfully

2020-04-20 10:46:43 - [TEST_STEP][PASSED] - verifyTextPresent("Welcome " + wo_Username, false): Text 'Welcome DavidHo' is present on page 

2020-04-20 10:46:44 - [MESSAGE][PASSED] - Text 'Welcome DavidHo' is present on page 

2020-04-20 10:46:44 - [MESSAGE][PASSED] - Call Test Case 'Test Cases/Reusable_Test_Sequences/Web_Office/Directives/WebOffice_StartUp' successfully

2020-04-20 10:46:44 - [TEST_STEP][PASSED] - "-----------------------------------------------------------------": null

2020-04-20 10:46:44 - [TEST_STEP][PASSED] - " Navigate to <Settings->Checkatrade.Com->Sub Item> Menu Item     |": null

2020-04-20 10:46:44 - [TEST_STEP][PASSED] - callTestCase(findTestCase("Reusable_Test_Sequences/Web_Office/Navigation/Sub_Menu_Navigation/Settings/Checkatrade_Com/Join_Now_Settings"), [:], STOP_ON_FAILURE): Call Test Case 'Test Cases/Reusable_Test_Sequences/Web_Office/Navigation/Sub_Menu_Navigation/Settings/Checkatrade_Com/Join_Now_Settings' successfully

2020-04-20 10:46:44 - [TEST_CASE][PASSED] - Test Cases/Reusable_Test_Sequences/Web_Office/Navigation/Sub_Menu_Navigation/Settings/Checkatrade_Com/Join_Now_Settings: Test Cases/Reusable_Test_Sequences/Web_Office/Navigation/Sub_Menu_Navigation/Settings/Checkatrade_Com/Join_Now_Settings

2020-04-20 10:46:44 - [TEST_STEP][PASSED] - "--------------------------------------": null

2020-04-20 10:46:44 - [TEST_STEP][PASSED] - " Navigate Top level menu Item         |": null

2020-04-20 10:46:44 - [TEST_STEP][PASSED] - waitForPageLoad(60): Wait for page load successfully

2020-04-20 10:46:44 - [MESSAGE][PASSED] - Wait for page load successfully

2020-04-20 10:46:44 - [TEST_STEP][PASSED] - waitForElementClickable(findTestObject("Object Repository/WebOffice_Home_page/a_Settings"), 60): Object 'Object Repository/WebOffice_Home_page/a_Settings' is clickable

2020-04-20 10:46:44 - [MESSAGE][PASSED] - Object 'Object Repository/WebOffice_Home_page/a_Settings' is clickable

2020-04-20 10:46:44 - [TEST_STEP][PASSED] - mouseOver(findTestObject("Object Repository/WebOffice_Home_page/a_Settings")): Object: 'Object Repository/WebOffice_Home_page/a_Settings' is hovered

2020-04-20 10:46:45 - [MESSAGE][PASSED] - Object: 'Object Repository/WebOffice_Home_page/a_Settings' is hovered

2020-04-20 10:46:45 - [TEST_STEP][PASSED] - mouseOver(findTestObject("Object Repository/WebOffice_Home_page/a_wwwcheckatradecom")): Object: 'Object Repository/WebOffice_Home_page/a_wwwcheckatradecom' is hovered

2020-04-20 10:46:45 - [MESSAGE][PASSED] - Object: 'Object Repository/WebOffice_Home_page/a_wwwcheckatradecom' is hovered

2020-04-20 10:46:45 - [TEST_STEP][PASSED] - waitForElementClickable(findTestObject("Object Repository/WebOffice_Home_page/a_Join Now Settings"), 1): Object 'Object Repository/WebOffice_Home_page/a_Join Now Settings' is clickable

2020-04-20 10:46:45 - [MESSAGE][PASSED] - Object 'Object Repository/WebOffice_Home_page/a_Join Now Settings' is clickable

2020-04-20 10:46:45 - [TEST_STEP][PASSED] - click(findTestObject("Object Repository/WebOffice_Home_page/a_Join Now Settings")): Object: 'Object Repository/WebOffice_Home_page/a_Join Now Settings' is clicked on

2020-04-20 10:46:46 - [MESSAGE][PASSED] - Object: 'Object Repository/WebOffice_Home_page/a_Join Now Settings' is clicked on

2020-04-20 10:46:46 - [MESSAGE][PASSED] - Call Test Case 'Test Cases/Reusable_Test_Sequences/Web_Office/Navigation/Sub_Menu_Navigation/Settings/Checkatrade_Com/Join_Now_Settings' successfully

2020-04-20 10:46:46 - [TEST_STEP][PASSED] - "--------------------------------------": null

2020-04-20 10:46:46 - [TEST_STEP][PASSED] - " Verify Returned Page Detail          |": null

2020-04-20 10:46:46 - [TEST_STEP][PASSED] - callTestCase(findTestCase("Reusable_Test_Sequences/Web_Office/Verification/Settings/Checkatrade_Com/Join_Now_Settings"), [:], OPTIONAL): Call Test Case 'Test Cases/Reusable_Test_Sequences/Web_Office/Verification/Settings/Checkatrade_Com/Join_Now_Settings' successfully

2020-04-20 10:46:46 - [TEST_CASE][PASSED] - Test Cases/Reusable_Test_Sequences/Web_Office/Verification/Settings/Checkatrade_Com/Join_Now_Settings: Test Cases/Reusable_Test_Sequences/Web_Office/Verification/Settings/Checkatrade_Com/Join_Now_Settings

2020-04-20 10:46:46 - [TEST_STEP][PASSED] - waitForPageLoad(60): Wait for page load successfully

2020-04-20 10:46:46 - [MESSAGE][PASSED] - Wait for page load successfully

2020-04-20 10:46:46 - [TEST_STEP][PASSED] - delay(1): Delayed 1 second(s)

2020-04-20 10:46:47 - [MESSAGE][PASSED] - Delayed 1 second(s)

2020-04-20 10:46:47 - [TEST_STEP][PASSED] - verifyTextPresent("Join Now Form Settings", false): Text 'Join Now Form Settings' is present on page 

2020-04-20 10:46:48 - [MESSAGE][PASSED] - Text 'Join Now Form Settings' is present on page 

2020-04-20 10:46:48 - [TEST_STEP][PASSED] - verifyTextPresent("Closed Dates", false): Text 'Closed Dates' is present on page 

2020-04-20 10:46:48 - [MESSAGE][PASSED] - Text 'Closed Dates' is present on page 

2020-04-20 10:46:48 - [TEST_STEP][PASSED] - "----------------------------------------------": null

2020-04-20 10:46:48 - [TEST_STEP][PASSED] - verifyTextPresent("Form Content", false): Text 'Form Content' is present on page 

2020-04-20 10:46:48 - [MESSAGE][PASSED] - Text 'Form Content' is present on page 

2020-04-20 10:46:48 - [TEST_STEP][PASSED] - verifyTextPresent("Join Now Campaigns", false): Text 'Join Now Campaigns' is present on page 

2020-04-20 10:46:48 - [MESSAGE][PASSED] - Text 'Join Now Campaigns' is present on page 

2020-04-20 10:46:48 - [TEST_STEP][PASSED] - "----------------------------------------------": null

2020-04-20 10:46:48 - [TEST_STEP][PASSED] - verifyTextPresent("Form Heading", false): Text 'Form Heading' is present on page 

2020-04-20 10:46:48 - [MESSAGE][PASSED] - Text 'Form Heading' is present on page 

2020-04-20 10:46:48 - [TEST_STEP][PASSED] - verifyTextPresent("Form Text", false): Text 'Form Text' is present on page 

2020-04-20 10:46:49 - [MESSAGE][PASSED] - Text 'Form Text' is present on page 

2020-04-20 10:46:49 - [TEST_STEP][PASSED] - verifyTextPresent("Sorry the office is now closed", false): Text 'Sorry the office is now closed' is present on page 

2020-04-20 10:46:49 - [MESSAGE][PASSED] - Text 'Sorry the office is now closed' is present on page 

2020-04-20 10:46:49 - [TEST_STEP][PASSED] - verifyTextPresent("You will receive a call", false): Text 'You will receive a call' is present on page 

2020-04-20 10:46:49 - [MESSAGE][PASSED] - Text 'You will receive a call' is present on page 

2020-04-20 10:46:49 - [TEST_STEP][PASSED] - verifyTextPresent("Show Call Back Time", false): Text 'Show Call Back Time' is present on page 

2020-04-20 10:46:50 - [MESSAGE][PASSED] - Text 'Show Call Back Time' is present on page 

2020-04-20 10:46:50 - [TEST_STEP][PASSED] - verifyTextPresent("Use default text", false): Text 'Use default text' is present on page 

2020-04-20 10:46:50 - [MESSAGE][PASSED] - Text 'Use default text' is present on page 

2020-04-20 10:46:50 - [TEST_STEP][PASSED] - verifyTextPresent("Set manual text", false): Text 'Set manual text' is present on page 

2020-04-20 10:46:51 - [MESSAGE][PASSED] - Text 'Set manual text' is present on page 

2020-04-20 10:46:51 - [TEST_STEP][PASSED] - "----------------------------------------------": null

2020-04-20 10:46:51 - [TEST_STEP][PASSED] - click(findTestObject("Object Repository/WebOffice_Home_page/Page_/a_Join Now Campaigns")): Object: 'Object Repository/WebOffice_Home_page/Page_/a_Join Now Campaigns' is clicked on

2020-04-20 10:46:51 - [MESSAGE][PASSED] - Object: 'Object Repository/WebOffice_Home_page/Page_/a_Join Now Campaigns' is clicked on

2020-04-20 10:46:51 - [TEST_STEP][PASSED] - delay(1): Delayed 1 second(s)

2020-04-20 10:46:52 - [MESSAGE][PASSED] - Delayed 1 second(s)

2020-04-20 10:46:52 - [TEST_STEP][PASSED] - waitForPageLoad(5): Wait for page load successfully

2020-04-20 10:46:52 - [MESSAGE][PASSED] - Wait for page load successfully

2020-04-20 10:46:52 - [TEST_STEP][PASSED] - "----------------------------------------------": null

2020-04-20 10:46:52 - [TEST_STEP][PASSED] - verifyTextPresent("Title", false): Text 'Title' is present on page 

2020-04-20 10:46:54 - [MESSAGE][PASSED] - Text 'Title' is present on page 

2020-04-20 10:46:54 - [TEST_STEP][PASSED] - verifyTextPresent("Description", false): Text 'Description' is present on page 

2020-04-20 10:46:54 - [MESSAGE][PASSED] - Text 'Description' is present on page 

2020-04-20 10:46:54 - [TEST_STEP][PASSED] - verifyTextPresent("Starts", false): Text 'Starts' is present on page 

2020-04-20 10:46:54 - [MESSAGE][PASSED] - Text 'Starts' is present on page 

2020-04-20 10:46:54 - [TEST_STEP][PASSED] - verifyTextPresent("Ends", false): Text 'Ends' is present on page 

2020-04-20 10:46:55 - [MESSAGE][PASSED] - Text 'Ends' is present on page 

2020-04-20 10:46:55 - [TEST_STEP][PASSED] - verifyTextPresent("Enabled", false): Text 'Enabled' is present on page 

2020-04-20 10:46:55 - [MESSAGE][PASSED] - Text 'Enabled' is present on page 

2020-04-20 10:46:55 - [TEST_STEP][PASSED] - "----------------------------------------------": null

2020-04-20 10:46:55 - [TEST_STEP][PASSED] - verifyTextPresent("Two months membership", false): Text 'Two months membership' is present on page 

2020-04-20 10:46:55 - [MESSAGE][PASSED] - Text 'Two months membership' is present on page 

2020-04-20 10:46:55 - [TEST_STEP][PASSED] - verifyTextPresent("Offer ends", false): Text 'Offer ends' is present on page 

2020-04-20 10:46:55 - [MESSAGE][PASSED] - Text 'Offer ends' is present on page 

2020-04-20 10:46:55 - [TEST_STEP][PASSED] - verifyTextPresent("Edit", false): Text 'Edit' is present on page 

2020-04-20 10:46:56 - [MESSAGE][PASSED] - Text 'Edit' is present on page 

2020-04-20 10:46:56 - [TEST_STEP][PASSED] - verifyTextPresent("12 months for the price of", false): Text '12 months for the price of' is present on page 

2020-04-20 10:46:56 - [MESSAGE][PASSED] - Text '12 months for the price of' is present on page 

2020-04-20 10:46:56 - [TEST_STEP][PASSED] - verifyTextPresent("Offer ends", false): Text 'Offer ends' is present on page 

2020-04-20 10:46:57 - [MESSAGE][PASSED] - Text 'Offer ends' is present on page 

2020-04-20 10:46:57 - [TEST_STEP][PASSED] - verifyTextPresent("joining fee", false): Text 'joining fee' is present on page 

2020-04-20 10:46:57 - [MESSAGE][PASSED] - Text 'joining fee' is present on page 

2020-04-20 10:46:57 - [TEST_STEP][PASSED] - click(findTestObject("Object Repository/WebOffice_Home_page/Page_/input_Set manual text_ctl00CP1btnCreateCampaign")): Object: 'Object Repository/WebOffice_Home_page/Page_/input_Set manual text_ctl00CP1btnCreateCampaign' is clicked on

2020-04-20 10:46:58 - [MESSAGE][PASSED] - Object: 'Object Repository/WebOffice_Home_page/Page_/input_Set manual text_ctl00CP1btnCreateCampaign' is clicked on

2020-04-20 10:46:58 - [TEST_STEP][PASSED] - delay(1): Delayed 1 second(s)

2020-04-20 10:46:59 - [MESSAGE][PASSED] - Delayed 1 second(s)

2020-04-20 10:46:59 - [TEST_STEP][PASSED] - waitForPageLoad(5): Wait for page load successfully

2020-04-20 10:46:59 - [MESSAGE][PASSED] - Wait for page load successfully

2020-04-20 10:46:59 - [TEST_STEP][PASSED] - verifyTextPresent("Title", false): Text 'Title' is present on page 

2020-04-20 10:46:59 - [MESSAGE][PASSED] - Text 'Title' is present on page 

2020-04-20 10:46:59 - [TEST_STEP][PASSED] - setText(findTestObject("Object Repository/WebOffice_Home_page/Page_/input_Title_ctl00CP1txtTitle"), "Tester"): Text 'Tester' is set on object 'Object Repository/WebOffice_Home_page/Page_/input_Title_ctl00CP1txtTitle'

2020-04-20 10:47:00 - [MESSAGE][PASSED] - Text 'Tester' is set on object 'Object Repository/WebOffice_Home_page/Page_/input_Title_ctl00CP1txtTitle'

2020-04-20 10:47:00 - [TEST_STEP][PASSED] - verifyTextPresent("Description", false): Text 'Description' is present on page 

2020-04-20 10:47:00 - [MESSAGE][PASSED] - Text 'Description' is present on page 

2020-04-20 10:47:00 - [TEST_STEP][PASSED] - setText(findTestObject("Object Repository/WebOffice_Home_page/Page_/input_Description_ctl00CP1txtDescription"), "Testing"): Text 'Testing' is set on object 'Object Repository/WebOffice_Home_page/Page_/input_Description_ctl00CP1txtDescription'

2020-04-20 10:47:01 - [MESSAGE][PASSED] - Text 'Testing' is set on object 'Object Repository/WebOffice_Home_page/Page_/input_Description_ctl00CP1txtDescription'

2020-04-20 10:47:01 - [TEST_STEP][PASSED] - verifyTextPresent("Terms and Conditions", false): Text 'Terms and Conditions' is present on page 

2020-04-20 10:47:01 - [MESSAGE][PASSED] - Text 'Terms and Conditions' is present on page 

2020-04-20 10:47:01 - [TEST_STEP][PASSED] - setText(findTestObject("Object Repository/WebOffice_Home_page/Page_/textarea_Terms and Conditions_ctl00CP1txtTerms"), "Testing Tester"): Text 'Testing Tester' is set on object 'Object Repository/WebOffice_Home_page/Page_/textarea_Terms and Conditions_ctl00CP1txtTerms'

2020-04-20 10:47:01 - [MESSAGE][PASSED] - Text 'Testing Tester' is set on object 'Object Repository/WebOffice_Home_page/Page_/textarea_Terms and Conditions_ctl00CP1txtTerms'

2020-04-20 10:47:01 - [TEST_STEP][PASSED] - verifyTextPresent("Enabled", false): Text 'Enabled' is present on page 

2020-04-20 10:47:02 - [MESSAGE][PASSED] - Text 'Enabled' is present on page 

2020-04-20 10:47:02 - [TEST_STEP][PASSED] - verifyTextPresent("Start Date", false): Text 'Start Date' is present on page 

2020-04-20 10:47:02 - [MESSAGE][PASSED] - Text 'Start Date' is present on page 

2020-04-20 10:47:02 - [TEST_STEP][PASSED] - verifyTextPresent("End Date", false): Text 'End Date' is present on page 

2020-04-20 10:47:03 - [MESSAGE][PASSED] - Text 'End Date' is present on page 

2020-04-20 10:47:03 - [MESSAGE][PASSED] - Call Test Case 'Test Cases/Reusable_Test_Sequences/Web_Office/Verification/Settings/Checkatrade_Com/Join_Now_Settings' successfully

2020-04-20 10:47:03 - [TEST_STEP][PASSED] - "--------------------------": null

2020-04-20 10:47:03 - [TEST_STEP][PASSED] - " Teardown - CLose Browser |": null

2020-04-20 10:47:03 - [TEST_STEP][PASSED] - callTestCase(findTestCase("Reusable_Test_Sequences/CAT_Teardown"), [:], OPTIONAL): Call Test Case 'Test Cases/Reusable_Test_Sequences/CAT_Teardown' successfully

2020-04-20 10:47:03 - [TEST_CASE][PASSED] - Test Cases/Reusable_Test_Sequences/CAT_Teardown: Test Cases/Reusable_Test_Sequences/CAT_Teardown

2020-04-20 10:47:03 - [TEST_STEP][PASSED] - closeBrowser(): Browser is closed

2020-04-20 10:47:04 - [MESSAGE][PASSED] - Browser is closed

2020-04-20 10:47:04 - [TEST_STEP][PASSED] - super.finalize(): null

2020-04-20 10:47:04 - [TEST_STEP][PASSED] - System.gc(): null

2020-04-20 10:47:04 - [MESSAGE][PASSED] - Call Test Case 'Test Cases/Reusable_Test_Sequences/CAT_Teardown' successfully]]></system-out>
         <system-err><![CDATA[]]></system-err>
      </testcase>
      <testcase name="Test Cases/Web_Office/Settings/Checkatrade_Com/Search_Radius" time="18.653" classname="Test Cases/Web_Office/Settings/Checkatrade_Com/Search_Radius" status="PASSED">
         <system-out><![CDATA[2020-04-20 10:47:04 - [TEST_CASE][PASSED] - Test Cases/Web_Office/Settings/Checkatrade_Com/Search_Radius: Test Cases/Web_Office/Settings/Checkatrade_Com/Search_Radius

2020-04-20 10:47:05 - [TEST_STEP][PASSED] - "--------------------------------------": null

2020-04-20 10:47:05 - [TEST_STEP][PASSED] - " Web Office StartUp                  |": null

2020-04-20 10:47:05 - [TEST_STEP][PASSED] - callTestCase(findTestCase("Reusable_Test_Sequences/Web_Office/Directives/WebOffice_StartUp"), [:], STOP_ON_FAILURE): Call Test Case 'Test Cases/Reusable_Test_Sequences/Web_Office/Directives/WebOffice_StartUp' successfully

2020-04-20 10:47:05 - [TEST_CASE][PASSED] - Test Cases/Reusable_Test_Sequences/Web_Office/Directives/WebOffice_StartUp: Test Cases/Reusable_Test_Sequences/Web_Office/Directives/WebOffice_StartUp

2020-04-20 10:47:05 - [TEST_STEP][PASSED] - "-----------------------------------------------------------------------------": null

2020-04-20 10:47:05 - [TEST_STEP][PASSED] - if (URL == "https://www.dev.checkatrade.com/"): null

2020-04-20 10:47:05 - [TEST_STEP][PASSED] - "-----------------------------------------------------------------------------": null

2020-04-20 10:47:05 - [TEST_STEP][PASSED] - if (URL == "https://www.checkatrade.com/"): null

2020-04-20 10:47:05 - [TEST_STEP][PASSED] - "-----------------------------------------------------------------------------": null

2020-04-20 10:47:05 - [TEST_STEP][PASSED] - if (URL == "https://www.preview.checkatrade.com/"): null

2020-04-20 10:47:05 - [TEST_STEP][PASSED] - WebOfficeURL = "https://admin.preview.checkatrade.com/": null

2020-04-20 10:47:05 - [TEST_STEP][PASSED] - if (URL == "https://www.dev2.checkatrade.com/"): null

2020-04-20 10:47:05 - [TEST_STEP][PASSED] - "Set Function Area for "URL_Handler", URL Resolution": null

2020-04-20 10:47:05 - [TEST_STEP][PASSED] - "Do Some Magic with URL(s) See the comments within URL Handler ": null

2020-04-20 10:47:05 - [TEST_STEP][PASSED] - "------------------------------------------------": null

2020-04-20 10:47:05 - [TEST_STEP][PASSED] - "Moved Login Credentials to <Default> profile 22/01/2020": null

2020-04-20 10:47:05 - [TEST_STEP][PASSED] - "------------------------------------------------": null

2020-04-20 10:47:05 - [TEST_STEP][PASSED] - "WebOfficeURL - Set from the ENVIRONMENT PROFILE ": null

2020-04-20 10:47:05 - [TEST_STEP][PASSED] - "OPEN BROWSER": null

2020-04-20 10:47:05 - [TEST_STEP][PASSED] - "eg - https://admin.preview.checkatrade.com/  ": null

2020-04-20 10:47:05 - [TEST_STEP][PASSED] - openBrowser(WebOfficeURL): Browser is opened with url: 'https://admin.preview.checkatrade.com/'

2020-04-20 10:47:05 - [MESSAGE][INFO] - Starting 'Chrome' driver

2020-04-20 10:47:05 - [MESSAGE][INFO] - Action delay is set to 0 milliseconds

2020-04-20 10:47:11 - [MESSAGE][PASSED] - Browser is opened with url: 'https://admin.preview.checkatrade.com/'

2020-04-20 10:47:11 - [TEST_STEP][PASSED] - maximizeWindow(): Current window maximized

2020-04-20 10:47:13 - [MESSAGE][PASSED] - Current window maximized

2020-04-20 10:47:13 - [TEST_STEP][PASSED] - waitForElementClickable(findTestObject("Object Repository/WebOffice/Page_Checkatrade - Administration - Login/Login_Button"), 25): Object 'Object Repository/WebOffice/Page_Checkatrade - Administration - Login/Login_Button' is clickable

2020-04-20 10:47:13 - [MESSAGE][PASSED] - Object 'Object Repository/WebOffice/Page_Checkatrade - Administration - Login/Login_Button' is clickable

2020-04-20 10:47:13 - [TEST_STEP][PASSED] - verifyTextPresent("Checkatrade Web Office", false): Text 'Checkatrade Web Office' is present on page 

2020-04-20 10:47:13 - [MESSAGE][PASSED] - Text 'Checkatrade Web Office' is present on page 

2020-04-20 10:47:13 - [TEST_STEP][PASSED] - verifyTextPresent("Access for staff use only", false): Text 'Access for staff use only' is present on page 

2020-04-20 10:47:13 - [MESSAGE][PASSED] - Text 'Access for staff use only' is present on page 

2020-04-20 10:47:13 - [TEST_STEP][PASSED] - verifyTextPresent("Forgotten password?", false): Text 'Forgotten password?' is present on page 

2020-04-20 10:47:14 - [MESSAGE][PASSED] - Text 'Forgotten password?' is present on page 

2020-04-20 10:47:14 - [TEST_STEP][PASSED] - setText(findTestObject("Object Repository/WebOffice/Page_Checkatrade - Administration - Login/input_Username_LoginControlUserName"), wo_Username): Text 'DavidHo' is set on object 'Object Repository/WebOffice/Page_Checkatrade - Administration - Login/input_Username_LoginControlUserName'

2020-04-20 10:47:14 - [MESSAGE][PASSED] - Text 'DavidHo' is set on object 'Object Repository/WebOffice/Page_Checkatrade - Administration - Login/input_Username_LoginControlUserName'

2020-04-20 10:47:14 - [TEST_STEP][PASSED] - setText(findTestObject("Object Repository/WebOffice/Page_Checkatrade - Administration - Login/input_Password_LoginControlPassword"), wo_Password): Text 'Check123' is set on object 'Object Repository/WebOffice/Page_Checkatrade - Administration - Login/input_Password_LoginControlPassword'

2020-04-20 10:47:14 - [MESSAGE][PASSED] - Text 'Check123' is set on object 'Object Repository/WebOffice/Page_Checkatrade - Administration - Login/input_Password_LoginControlPassword'

2020-04-20 10:47:14 - [TEST_STEP][PASSED] - click(findTestObject("Object Repository/WebOffice/Page_Checkatrade - Administration - Login/Login_Button")): Object: 'Object Repository/WebOffice/Page_Checkatrade - Administration - Login/Login_Button' is clicked on

2020-04-20 10:47:15 - [MESSAGE][PASSED] - Object: 'Object Repository/WebOffice/Page_Checkatrade - Administration - Login/Login_Button' is clicked on

2020-04-20 10:47:15 - [TEST_STEP][PASSED] - waitForPageLoad(60): Wait for page load successfully

2020-04-20 10:47:15 - [MESSAGE][PASSED] - Wait for page load successfully

2020-04-20 10:47:15 - [TEST_STEP][PASSED] - verifyTextPresent("Welcome " + wo_Username, false): Text 'Welcome DavidHo' is present on page 

2020-04-20 10:47:16 - [MESSAGE][PASSED] - Text 'Welcome DavidHo' is present on page 

2020-04-20 10:47:16 - [MESSAGE][PASSED] - Call Test Case 'Test Cases/Reusable_Test_Sequences/Web_Office/Directives/WebOffice_StartUp' successfully

2020-04-20 10:47:16 - [TEST_STEP][PASSED] - "-----------------------------------------------------------------": null

2020-04-20 10:47:16 - [TEST_STEP][PASSED] - " Navigate to <Settings->Checkatrade.Com->Sub Item> Menu Item     |": null

2020-04-20 10:47:16 - [TEST_STEP][PASSED] - callTestCase(findTestCase("Reusable_Test_Sequences/Web_Office/Navigation/Sub_Menu_Navigation/Settings/Checkatrade_Com/Search_Radius"), [:], STOP_ON_FAILURE): Call Test Case 'Test Cases/Reusable_Test_Sequences/Web_Office/Navigation/Sub_Menu_Navigation/Settings/Checkatrade_Com/Search_Radius' successfully

2020-04-20 10:47:16 - [TEST_CASE][PASSED] - Test Cases/Reusable_Test_Sequences/Web_Office/Navigation/Sub_Menu_Navigation/Settings/Checkatrade_Com/Search_Radius: Test Cases/Reusable_Test_Sequences/Web_Office/Navigation/Sub_Menu_Navigation/Settings/Checkatrade_Com/Search_Radius

2020-04-20 10:47:16 - [TEST_STEP][PASSED] - "--------------------------------------": null

2020-04-20 10:47:16 - [TEST_STEP][PASSED] - " Navigate Top level menu Item         |": null

2020-04-20 10:47:16 - [TEST_STEP][PASSED] - waitForPageLoad(60): Wait for page load successfully

2020-04-20 10:47:16 - [MESSAGE][PASSED] - Wait for page load successfully

2020-04-20 10:47:16 - [TEST_STEP][PASSED] - waitForElementClickable(findTestObject("Object Repository/WebOffice_Home_page/a_Settings"), 60): Object 'Object Repository/WebOffice_Home_page/a_Settings' is clickable

2020-04-20 10:47:17 - [MESSAGE][PASSED] - Object 'Object Repository/WebOffice_Home_page/a_Settings' is clickable

2020-04-20 10:47:17 - [TEST_STEP][PASSED] - mouseOver(findTestObject("Object Repository/WebOffice_Home_page/a_Settings")): Object: 'Object Repository/WebOffice_Home_page/a_Settings' is hovered

2020-04-20 10:47:17 - [MESSAGE][PASSED] - Object: 'Object Repository/WebOffice_Home_page/a_Settings' is hovered

2020-04-20 10:47:17 - [TEST_STEP][PASSED] - mouseOver(findTestObject("Object Repository/WebOffice_Home_page/a_wwwcheckatradecom")): Object: 'Object Repository/WebOffice_Home_page/a_wwwcheckatradecom' is hovered

2020-04-20 10:47:17 - [MESSAGE][PASSED] - Object: 'Object Repository/WebOffice_Home_page/a_wwwcheckatradecom' is hovered

2020-04-20 10:47:17 - [TEST_STEP][PASSED] - waitForElementClickable(findTestObject("Object Repository/WebOffice_Home_page/a_Search Radius"), 1): Object 'Object Repository/WebOffice_Home_page/a_Search Radius' is clickable

2020-04-20 10:47:18 - [MESSAGE][PASSED] - Object 'Object Repository/WebOffice_Home_page/a_Search Radius' is clickable

2020-04-20 10:47:18 - [TEST_STEP][PASSED] - click(findTestObject("Object Repository/WebOffice_Home_page/a_Search Radius")): Object: 'Object Repository/WebOffice_Home_page/a_Search Radius' is clicked on

2020-04-20 10:47:18 - [MESSAGE][PASSED] - Object: 'Object Repository/WebOffice_Home_page/a_Search Radius' is clicked on

2020-04-20 10:47:18 - [MESSAGE][PASSED] - Call Test Case 'Test Cases/Reusable_Test_Sequences/Web_Office/Navigation/Sub_Menu_Navigation/Settings/Checkatrade_Com/Search_Radius' successfully

2020-04-20 10:47:18 - [TEST_STEP][PASSED] - "--------------------------------------": null

2020-04-20 10:47:18 - [TEST_STEP][PASSED] - " Verify Returned Page Detail          |": null

2020-04-20 10:47:18 - [TEST_STEP][PASSED] - callTestCase(findTestCase("Reusable_Test_Sequences/Web_Office/Verification/Settings/Checkatrade_Com/Search_Radius"), [:], OPTIONAL): Call Test Case 'Test Cases/Reusable_Test_Sequences/Web_Office/Verification/Settings/Checkatrade_Com/Search_Radius' successfully

2020-04-20 10:47:18 - [TEST_CASE][PASSED] - Test Cases/Reusable_Test_Sequences/Web_Office/Verification/Settings/Checkatrade_Com/Search_Radius: Test Cases/Reusable_Test_Sequences/Web_Office/Verification/Settings/Checkatrade_Com/Search_Radius

2020-04-20 10:47:19 - [TEST_STEP][PASSED] - "-------------------------------------------------------------------------": null

2020-04-20 10:47:19 - [TEST_STEP][PASSED] - " Needs Extendig to change radius, do a CAT Search, the revert settings   |": null

2020-04-20 10:47:19 - [TEST_STEP][PASSED] - waitForPageLoad(60): Wait for page load successfully

2020-04-20 10:47:19 - [MESSAGE][PASSED] - Wait for page load successfully

2020-04-20 10:47:19 - [TEST_STEP][PASSED] - delay(1): Delayed 1 second(s)

2020-04-20 10:47:20 - [MESSAGE][PASSED] - Delayed 1 second(s)

2020-04-20 10:47:20 - [TEST_STEP][PASSED] - verifyTextPresent("Search Radius", false): Text 'Search Radius' is present on page 

2020-04-20 10:47:20 - [MESSAGE][PASSED] - Text 'Search Radius' is present on page 

2020-04-20 10:47:20 - [TEST_STEP][PASSED] - "----------------------------------------------": null

2020-04-20 10:47:20 - [TEST_STEP][PASSED] - verifyTextPresent("20 Miles", false): Text '20 Miles' is present on page 

2020-04-20 10:47:20 - [MESSAGE][PASSED] - Text '20 Miles' is present on page 

2020-04-20 10:47:20 - [MESSAGE][PASSED] - Call Test Case 'Test Cases/Reusable_Test_Sequences/Web_Office/Verification/Settings/Checkatrade_Com/Search_Radius' successfully

2020-04-20 10:47:20 - [TEST_STEP][PASSED] - "--------------------------": null

2020-04-20 10:47:20 - [TEST_STEP][PASSED] - " Teardown - CLose Browser |": null

2020-04-20 10:47:20 - [TEST_STEP][PASSED] - callTestCase(findTestCase("Reusable_Test_Sequences/CAT_Teardown"), [:], OPTIONAL): Call Test Case 'Test Cases/Reusable_Test_Sequences/CAT_Teardown' successfully

2020-04-20 10:47:20 - [TEST_CASE][PASSED] - Test Cases/Reusable_Test_Sequences/CAT_Teardown: Test Cases/Reusable_Test_Sequences/CAT_Teardown

2020-04-20 10:47:20 - [TEST_STEP][PASSED] - closeBrowser(): Browser is closed

2020-04-20 10:47:23 - [MESSAGE][PASSED] - Browser is closed

2020-04-20 10:47:23 - [TEST_STEP][PASSED] - super.finalize(): null

2020-04-20 10:47:23 - [TEST_STEP][PASSED] - System.gc(): null

2020-04-20 10:47:23 - [MESSAGE][PASSED] - Call Test Case 'Test Cases/Reusable_Test_Sequences/CAT_Teardown' successfully]]></system-out>
         <system-err><![CDATA[]]></system-err>
      </testcase>
      <testcase name="Test Cases/Web_Office/Settings/Checkatrade_Com/CAT_Now_Settings" time="46.056" classname="Test Cases/Web_Office/Settings/Checkatrade_Com/CAT_Now_Settings" status="PASSED">
         <system-out><![CDATA[2020-04-20 10:47:23 - [TEST_CASE][PASSED] - Test Cases/Web_Office/Settings/Checkatrade_Com/CAT_Now_Settings: Test Cases/Web_Office/Settings/Checkatrade_Com/CAT_Now_Settings

2020-04-20 10:47:23 - [TEST_STEP][PASSED] - "--------------------------------------": null

2020-04-20 10:47:23 - [TEST_STEP][PASSED] - " Web Office StartUp                  |": null

2020-04-20 10:47:23 - [TEST_STEP][PASSED] - callTestCase(findTestCase("Reusable_Test_Sequences/Web_Office/Directives/WebOffice_StartUp"), [:], STOP_ON_FAILURE): Call Test Case 'Test Cases/Reusable_Test_Sequences/Web_Office/Directives/WebOffice_StartUp' successfully

2020-04-20 10:47:23 - [TEST_CASE][PASSED] - Test Cases/Reusable_Test_Sequences/Web_Office/Directives/WebOffice_StartUp: Test Cases/Reusable_Test_Sequences/Web_Office/Directives/WebOffice_StartUp

2020-04-20 10:47:23 - [TEST_STEP][PASSED] - "-----------------------------------------------------------------------------": null

2020-04-20 10:47:23 - [TEST_STEP][PASSED] - if (URL == "https://www.dev.checkatrade.com/"): null

2020-04-20 10:47:23 - [TEST_STEP][PASSED] - "-----------------------------------------------------------------------------": null

2020-04-20 10:47:23 - [TEST_STEP][PASSED] - if (URL == "https://www.checkatrade.com/"): null

2020-04-20 10:47:23 - [TEST_STEP][PASSED] - "-----------------------------------------------------------------------------": null

2020-04-20 10:47:23 - [TEST_STEP][PASSED] - if (URL == "https://www.preview.checkatrade.com/"): null

2020-04-20 10:47:23 - [TEST_STEP][PASSED] - WebOfficeURL = "https://admin.preview.checkatrade.com/": null

2020-04-20 10:47:23 - [TEST_STEP][PASSED] - if (URL == "https://www.dev2.checkatrade.com/"): null

2020-04-20 10:47:23 - [TEST_STEP][PASSED] - "Set Function Area for "URL_Handler", URL Resolution": null

2020-04-20 10:47:23 - [TEST_STEP][PASSED] - "Do Some Magic with URL(s) See the comments within URL Handler ": null

2020-04-20 10:47:23 - [TEST_STEP][PASSED] - "------------------------------------------------": null

2020-04-20 10:47:23 - [TEST_STEP][PASSED] - "Moved Login Credentials to <Default> profile 22/01/2020": null

2020-04-20 10:47:23 - [TEST_STEP][PASSED] - "------------------------------------------------": null

2020-04-20 10:47:23 - [TEST_STEP][PASSED] - "WebOfficeURL - Set from the ENVIRONMENT PROFILE ": null

2020-04-20 10:47:23 - [TEST_STEP][PASSED] - "OPEN BROWSER": null

2020-04-20 10:47:23 - [TEST_STEP][PASSED] - "eg - https://admin.preview.checkatrade.com/  ": null

2020-04-20 10:47:23 - [TEST_STEP][PASSED] - openBrowser(WebOfficeURL): Browser is opened with url: 'https://admin.preview.checkatrade.com/'

2020-04-20 10:47:24 - [MESSAGE][INFO] - Starting 'Chrome' driver

2020-04-20 10:47:24 - [MESSAGE][INFO] - Action delay is set to 0 milliseconds

2020-04-20 10:47:30 - [MESSAGE][PASSED] - Browser is opened with url: 'https://admin.preview.checkatrade.com/'

2020-04-20 10:47:30 - [TEST_STEP][PASSED] - maximizeWindow(): Current window maximized

2020-04-20 10:47:32 - [MESSAGE][PASSED] - Current window maximized

2020-04-20 10:47:32 - [TEST_STEP][PASSED] - waitForElementClickable(findTestObject("Object Repository/WebOffice/Page_Checkatrade - Administration - Login/Login_Button"), 25): Object 'Object Repository/WebOffice/Page_Checkatrade - Administration - Login/Login_Button' is clickable

2020-04-20 10:47:33 - [MESSAGE][PASSED] - Object 'Object Repository/WebOffice/Page_Checkatrade - Administration - Login/Login_Button' is clickable

2020-04-20 10:47:33 - [TEST_STEP][PASSED] - verifyTextPresent("Checkatrade Web Office", false): Text 'Checkatrade Web Office' is present on page 

2020-04-20 10:47:33 - [MESSAGE][PASSED] - Text 'Checkatrade Web Office' is present on page 

2020-04-20 10:47:33 - [TEST_STEP][PASSED] - verifyTextPresent("Access for staff use only", false): Text 'Access for staff use only' is present on page 

2020-04-20 10:47:33 - [MESSAGE][PASSED] - Text 'Access for staff use only' is present on page 

2020-04-20 10:47:33 - [TEST_STEP][PASSED] - verifyTextPresent("Forgotten password?", false): Text 'Forgotten password?' is present on page 

2020-04-20 10:47:33 - [MESSAGE][PASSED] - Text 'Forgotten password?' is present on page 

2020-04-20 10:47:33 - [TEST_STEP][PASSED] - setText(findTestObject("Object Repository/WebOffice/Page_Checkatrade - Administration - Login/input_Username_LoginControlUserName"), wo_Username): Text 'DavidHo' is set on object 'Object Repository/WebOffice/Page_Checkatrade - Administration - Login/input_Username_LoginControlUserName'

2020-04-20 10:47:33 - [MESSAGE][PASSED] - Text 'DavidHo' is set on object 'Object Repository/WebOffice/Page_Checkatrade - Administration - Login/input_Username_LoginControlUserName'

2020-04-20 10:47:33 - [TEST_STEP][PASSED] - setText(findTestObject("Object Repository/WebOffice/Page_Checkatrade - Administration - Login/input_Password_LoginControlPassword"), wo_Password): Text 'Check123' is set on object 'Object Repository/WebOffice/Page_Checkatrade - Administration - Login/input_Password_LoginControlPassword'

2020-04-20 10:47:34 - [MESSAGE][PASSED] - Text 'Check123' is set on object 'Object Repository/WebOffice/Page_Checkatrade - Administration - Login/input_Password_LoginControlPassword'

2020-04-20 10:47:34 - [TEST_STEP][PASSED] - click(findTestObject("Object Repository/WebOffice/Page_Checkatrade - Administration - Login/Login_Button")): Object: 'Object Repository/WebOffice/Page_Checkatrade - Administration - Login/Login_Button' is clicked on

2020-04-20 10:47:35 - [MESSAGE][PASSED] - Object: 'Object Repository/WebOffice/Page_Checkatrade - Administration - Login/Login_Button' is clicked on

2020-04-20 10:47:35 - [TEST_STEP][PASSED] - waitForPageLoad(60): Wait for page load successfully

2020-04-20 10:47:35 - [MESSAGE][PASSED] - Wait for page load successfully

2020-04-20 10:47:35 - [TEST_STEP][PASSED] - verifyTextPresent("Welcome " + wo_Username, false): Text 'Welcome DavidHo' is present on page 

2020-04-20 10:47:36 - [MESSAGE][PASSED] - Text 'Welcome DavidHo' is present on page 

2020-04-20 10:47:36 - [MESSAGE][PASSED] - Call Test Case 'Test Cases/Reusable_Test_Sequences/Web_Office/Directives/WebOffice_StartUp' successfully

2020-04-20 10:47:36 - [TEST_STEP][PASSED] - "-----------------------------------------------------------------": null

2020-04-20 10:47:36 - [TEST_STEP][PASSED] - " Navigate to <Settings->Checkatrade.Com->Sub Item> Menu Item     |": null

2020-04-20 10:47:36 - [TEST_STEP][PASSED] - callTestCase(findTestCase("Reusable_Test_Sequences/Web_Office/Navigation/Sub_Menu_Navigation/Settings/Checkatrade_Com/CAT_Now_Settings"), [:], STOP_ON_FAILURE): Call Test Case 'Test Cases/Reusable_Test_Sequences/Web_Office/Navigation/Sub_Menu_Navigation/Settings/Checkatrade_Com/CAT_Now_Settings' successfully

2020-04-20 10:47:36 - [TEST_CASE][PASSED] - Test Cases/Reusable_Test_Sequences/Web_Office/Navigation/Sub_Menu_Navigation/Settings/Checkatrade_Com/CAT_Now_Settings: Test Cases/Reusable_Test_Sequences/Web_Office/Navigation/Sub_Menu_Navigation/Settings/Checkatrade_Com/CAT_Now_Settings

2020-04-20 10:47:36 - [TEST_STEP][PASSED] - "--------------------------------------": null

2020-04-20 10:47:36 - [TEST_STEP][PASSED] - " Navigate Top level menu Item         |": null

2020-04-20 10:47:36 - [TEST_STEP][PASSED] - waitForPageLoad(60): Wait for page load successfully

2020-04-20 10:47:36 - [MESSAGE][PASSED] - Wait for page load successfully

2020-04-20 10:47:36 - [TEST_STEP][PASSED] - waitForElementClickable(findTestObject("Object Repository/WebOffice_Home_page/a_Settings"), 60): Object 'Object Repository/WebOffice_Home_page/a_Settings' is clickable

2020-04-20 10:47:37 - [MESSAGE][PASSED] - Object 'Object Repository/WebOffice_Home_page/a_Settings' is clickable

2020-04-20 10:47:37 - [TEST_STEP][PASSED] - mouseOver(findTestObject("Object Repository/WebOffice_Home_page/a_Settings")): Object: 'Object Repository/WebOffice_Home_page/a_Settings' is hovered

2020-04-20 10:47:37 - [MESSAGE][PASSED] - Object: 'Object Repository/WebOffice_Home_page/a_Settings' is hovered

2020-04-20 10:47:37 - [TEST_STEP][PASSED] - mouseOver(findTestObject("Object Repository/WebOffice_Home_page/a_wwwcheckatradecom")): Object: 'Object Repository/WebOffice_Home_page/a_wwwcheckatradecom' is hovered

2020-04-20 10:47:37 - [MESSAGE][PASSED] - Object: 'Object Repository/WebOffice_Home_page/a_wwwcheckatradecom' is hovered

2020-04-20 10:47:37 - [TEST_STEP][PASSED] - waitForElementClickable(findTestObject("Object Repository/WebOffice_Home_page/a_CAT Now Settings"), 1): Object 'Object Repository/WebOffice_Home_page/a_CAT Now Settings' is clickable

2020-04-20 10:47:37 - [MESSAGE][PASSED] - Object 'Object Repository/WebOffice_Home_page/a_CAT Now Settings' is clickable

2020-04-20 10:47:37 - [TEST_STEP][PASSED] - click(findTestObject("Object Repository/WebOffice_Home_page/a_CAT Now Settings")): Object: 'Object Repository/WebOffice_Home_page/a_CAT Now Settings' is clicked on

2020-04-20 10:47:42 - [MESSAGE][PASSED] - Object: 'Object Repository/WebOffice_Home_page/a_CAT Now Settings' is clicked on

2020-04-20 10:47:42 - [MESSAGE][PASSED] - Call Test Case 'Test Cases/Reusable_Test_Sequences/Web_Office/Navigation/Sub_Menu_Navigation/Settings/Checkatrade_Com/CAT_Now_Settings' successfully

2020-04-20 10:47:42 - [TEST_STEP][PASSED] - "--------------------------------------": null

2020-04-20 10:47:42 - [TEST_STEP][PASSED] - " Verify Returned Page Detail          |": null

2020-04-20 10:47:42 - [TEST_STEP][PASSED] - callTestCase(findTestCase("Reusable_Test_Sequences/Web_Office/Verification/Settings/Checkatrade_Com/CAT_Now_Settings"), [:], OPTIONAL): Call Test Case 'Test Cases/Reusable_Test_Sequences/Web_Office/Verification/Settings/Checkatrade_Com/CAT_Now_Settings' successfully

2020-04-20 10:47:42 - [TEST_CASE][PASSED] - Test Cases/Reusable_Test_Sequences/Web_Office/Verification/Settings/Checkatrade_Com/CAT_Now_Settings: Test Cases/Reusable_Test_Sequences/Web_Office/Verification/Settings/Checkatrade_Com/CAT_Now_Settings

2020-04-20 10:47:43 - [TEST_STEP][PASSED] - waitForPageLoad(60): Wait for page load successfully

2020-04-20 10:47:43 - [MESSAGE][PASSED] - Wait for page load successfully

2020-04-20 10:47:43 - [TEST_STEP][PASSED] - delay(1): Delayed 1 second(s)

2020-04-20 10:47:44 - [MESSAGE][PASSED] - Delayed 1 second(s)

2020-04-20 10:47:44 - [TEST_STEP][PASSED] - verifyTextPresent("Categories", false): Text 'Categories' is present on page 

2020-04-20 10:47:45 - [MESSAGE][PASSED] - Text 'Categories' is present on page 

2020-04-20 10:47:45 - [TEST_STEP][PASSED] - "----------------------------------------------": null

2020-04-20 10:47:45 - [TEST_STEP][PASSED] - "----------------------------------------------": null

2020-04-20 10:47:45 - [TEST_STEP][PASSED] - verifyTextPresent("Emergency Categories", false): Text 'Emergency Categories' is present on page 

2020-04-20 10:47:45 - [MESSAGE][PASSED] - Text 'Emergency Categories' is present on page 

2020-04-20 10:47:45 - [TEST_STEP][PASSED] - "----------------------------------------------": null

2020-04-20 10:47:45 - [TEST_STEP][PASSED] - verifyTextPresent("Name", false): Text 'Name' is present on page 

2020-04-20 10:47:46 - [MESSAGE][PASSED] - Text 'Name' is present on page 

2020-04-20 10:47:46 - [TEST_STEP][PASSED] - verifyTextPresent("Edit", false): Text 'Edit' is present on page 

2020-04-20 10:47:47 - [MESSAGE][PASSED] - Text 'Edit' is present on page 

2020-04-20 10:47:47 - [TEST_STEP][PASSED] - verifyTextPresent("Delete", false): Text 'Delete' is present on page 

2020-04-20 10:47:48 - [MESSAGE][PASSED] - Text 'Delete' is present on page 

2020-04-20 10:47:48 - [TEST_STEP][PASSED] - "----------------------------------------------": null

2020-04-20 10:47:48 - [TEST_STEP][PASSED] - "----------------------------------------------": null

2020-04-20 10:47:48 - [TEST_STEP][PASSED] - verifyTextPresent("Central Heating", false): Text 'Central Heating' is present on page 

2020-04-20 10:47:48 - [MESSAGE][PASSED] - Text 'Central Heating' is present on page 

2020-04-20 10:47:48 - [TEST_STEP][PASSED] - "----------------------------------------------": null

2020-04-20 10:47:48 - [TEST_STEP][PASSED] - verifyTextPresent("Electrician", false): Text 'Electrician' is present on page 

2020-04-20 10:47:49 - [MESSAGE][PASSED] - Text 'Electrician' is present on page 

2020-04-20 10:47:49 - [TEST_STEP][PASSED] - "----------------------------------------------": null

2020-04-20 10:47:49 - [TEST_STEP][PASSED] - "----------------------------------------------": null

2020-04-20 10:47:49 - [TEST_STEP][PASSED] - verifyTextPresent("Plumber", false): Text 'Plumber' is present on page 

2020-04-20 10:47:50 - [MESSAGE][PASSED] - Text 'Plumber' is present on page 

2020-04-20 10:47:50 - [TEST_STEP][PASSED] - "----------------------------------------------": null

2020-04-20 10:47:50 - [TEST_STEP][PASSED] - "----------------------------------------------": null

2020-04-20 10:47:50 - [TEST_STEP][PASSED] - "----------------------------------------------": null

2020-04-20 10:47:50 - [TEST_STEP][PASSED] - "----------------------------------------------": null

2020-04-20 10:47:50 - [TEST_STEP][PASSED] - verifyTextPresent("System Settings", false): Text 'System Settings' is present on page 

2020-04-20 10:47:51 - [MESSAGE][PASSED] - Text 'System Settings' is present on page 

2020-04-20 10:47:51 - [TEST_STEP][PASSED] - "----------------------------------------------": null

2020-04-20 10:47:51 - [TEST_STEP][PASSED] - verifyTextPresent("Status", false): Text 'Status' is present on page 

2020-04-20 10:47:52 - [MESSAGE][PASSED] - Text 'Status' is present on page 

2020-04-20 10:47:52 - [TEST_STEP][PASSED] - verifyTextPresent("Allowed Postcodes", false): Text 'Allowed Postcodes' is present on page 

2020-04-20 10:47:53 - [MESSAGE][PASSED] - Text 'Allowed Postcodes' is present on page 

2020-04-20 10:47:53 - [TEST_STEP][PASSED] - verifyTextPresent("Admin Emails", false): Text 'Admin Emails' is present on page 

2020-04-20 10:47:54 - [MESSAGE][PASSED] - Text 'Admin Emails' is present on page 

2020-04-20 10:47:54 - [TEST_STEP][PASSED] - verifyTextPresent("Test Trader IDs", false): Text 'Test Trader IDs' is present on page 

2020-04-20 10:47:55 - [MESSAGE][PASSED] - Text 'Test Trader IDs' is present on page 

2020-04-20 10:47:55 - [TEST_STEP][PASSED] - verifyTextPresent("Start Time", false): Text 'Start Time' is present on page 

2020-04-20 10:47:55 - [MESSAGE][PASSED] - Text 'Start Time' is present on page 

2020-04-20 10:47:55 - [TEST_STEP][PASSED] - verifyTextPresent("End Time", false): Text 'End Time' is present on page 

2020-04-20 10:47:56 - [MESSAGE][PASSED] - Text 'End Time' is present on page 

2020-04-20 10:47:56 - [TEST_STEP][PASSED] - "----------------------------------------------": null

2020-04-20 10:47:56 - [TEST_STEP][PASSED] - verifyTextPresent("Running", false): Text 'Running' is present on page 

2020-04-20 10:47:57 - [MESSAGE][PASSED] - Text 'Running' is present on page 

2020-04-20 10:47:57 - [TEST_STEP][PASSED] - verifyTextPresent("KT13", false): Text 'KT13' is present on page 

2020-04-20 10:47:59 - [MESSAGE][PASSED] - Text 'KT13' is present on page 

2020-04-20 10:47:59 - [TEST_STEP][PASSED] - verifyTextPresent("PO12", false): Text 'PO12' is present on page 

2020-04-20 10:48:00 - [MESSAGE][PASSED] - Text 'PO12' is present on page 

2020-04-20 10:48:00 - [TEST_STEP][PASSED] - verifyTextPresent("BH25", false): Text 'BH25' is present on page 

2020-04-20 10:48:02 - [MESSAGE][PASSED] - Text 'BH25' is present on page 

2020-04-20 10:48:02 - [TEST_STEP][PASSED] - verifyTextPresent("RG26", false): Text 'RG26' is present on page 

2020-04-20 10:48:03 - [MESSAGE][PASSED] - Text 'RG26' is present on page 

2020-04-20 10:48:03 - [TEST_STEP][PASSED] - verifyTextPresent("richard@vocala.co", false): Text 'richard@vocala.co' is present on page 

2020-04-20 10:48:04 - [MESSAGE][PASSED] - Text 'richard@vocala.co' is present on page 

2020-04-20 10:48:04 - [TEST_STEP][PASSED] - verifyTextPresent("536", false): Text '536' is present on page 

2020-04-20 10:48:05 - [MESSAGE][PASSED] - Text '536' is present on page 

2020-04-20 10:48:05 - [MESSAGE][PASSED] - Call Test Case 'Test Cases/Reusable_Test_Sequences/Web_Office/Verification/Settings/Checkatrade_Com/CAT_Now_Settings' successfully

2020-04-20 10:48:05 - [TEST_STEP][PASSED] - "--------------------------": null

2020-04-20 10:48:05 - [TEST_STEP][PASSED] - " Teardown - CLose Browser |": null

2020-04-20 10:48:05 - [TEST_STEP][PASSED] - callTestCase(findTestCase("Reusable_Test_Sequences/CAT_Teardown"), [:], OPTIONAL): Call Test Case 'Test Cases/Reusable_Test_Sequences/CAT_Teardown' successfully

2020-04-20 10:48:05 - [TEST_CASE][PASSED] - Test Cases/Reusable_Test_Sequences/CAT_Teardown: Test Cases/Reusable_Test_Sequences/CAT_Teardown

2020-04-20 10:48:05 - [TEST_STEP][PASSED] - closeBrowser(): Browser is closed

2020-04-20 10:48:09 - [MESSAGE][PASSED] - Browser is closed

2020-04-20 10:48:09 - [TEST_STEP][PASSED] - super.finalize(): null

2020-04-20 10:48:09 - [TEST_STEP][PASSED] - System.gc(): null

2020-04-20 10:48:09 - [MESSAGE][PASSED] - Call Test Case 'Test Cases/Reusable_Test_Sequences/CAT_Teardown' successfully]]></system-out>
         <system-err><![CDATA[]]></system-err>
      </testcase>
      <testcase name="Test Cases/Web_Office/Settings/Checkatrade_Com/CAT_Now_Reporting" time="105.719" classname="Test Cases/Web_Office/Settings/Checkatrade_Com/CAT_Now_Reporting" status="PASSED">
         <system-out><![CDATA[2020-04-20 10:48:09 - [TEST_CASE][PASSED] - Test Cases/Web_Office/Settings/Checkatrade_Com/CAT_Now_Reporting: Test Cases/Web_Office/Settings/Checkatrade_Com/CAT_Now_Reporting

2020-04-20 10:48:10 - [TEST_STEP][PASSED] - "--------------------------------------": null

2020-04-20 10:48:10 - [TEST_STEP][PASSED] - " Web Office StartUp                  |": null

2020-04-20 10:48:10 - [TEST_STEP][PASSED] - callTestCase(findTestCase("Reusable_Test_Sequences/Web_Office/Directives/WebOffice_StartUp"), [:], STOP_ON_FAILURE): Call Test Case 'Test Cases/Reusable_Test_Sequences/Web_Office/Directives/WebOffice_StartUp' successfully

2020-04-20 10:48:10 - [TEST_CASE][PASSED] - Test Cases/Reusable_Test_Sequences/Web_Office/Directives/WebOffice_StartUp: Test Cases/Reusable_Test_Sequences/Web_Office/Directives/WebOffice_StartUp

2020-04-20 10:48:10 - [TEST_STEP][PASSED] - "-----------------------------------------------------------------------------": null

2020-04-20 10:48:10 - [TEST_STEP][PASSED] - if (URL == "https://www.dev.checkatrade.com/"): null

2020-04-20 10:48:10 - [TEST_STEP][PASSED] - "-----------------------------------------------------------------------------": null

2020-04-20 10:48:10 - [TEST_STEP][PASSED] - if (URL == "https://www.checkatrade.com/"): null

2020-04-20 10:48:10 - [TEST_STEP][PASSED] - "-----------------------------------------------------------------------------": null

2020-04-20 10:48:10 - [TEST_STEP][PASSED] - if (URL == "https://www.preview.checkatrade.com/"): null

2020-04-20 10:48:10 - [TEST_STEP][PASSED] - WebOfficeURL = "https://admin.preview.checkatrade.com/": null

2020-04-20 10:48:10 - [TEST_STEP][PASSED] - if (URL == "https://www.dev2.checkatrade.com/"): null

2020-04-20 10:48:10 - [TEST_STEP][PASSED] - "Set Function Area for "URL_Handler", URL Resolution": null

2020-04-20 10:48:10 - [TEST_STEP][PASSED] - "Do Some Magic with URL(s) See the comments within URL Handler ": null

2020-04-20 10:48:10 - [TEST_STEP][PASSED] - "------------------------------------------------": null

2020-04-20 10:48:10 - [TEST_STEP][PASSED] - "Moved Login Credentials to <Default> profile 22/01/2020": null

2020-04-20 10:48:10 - [TEST_STEP][PASSED] - "------------------------------------------------": null

2020-04-20 10:48:10 - [TEST_STEP][PASSED] - "WebOfficeURL - Set from the ENVIRONMENT PROFILE ": null

2020-04-20 10:48:10 - [TEST_STEP][PASSED] - "OPEN BROWSER": null

2020-04-20 10:48:10 - [TEST_STEP][PASSED] - "eg - https://admin.preview.checkatrade.com/  ": null

2020-04-20 10:48:10 - [TEST_STEP][PASSED] - openBrowser(WebOfficeURL): Browser is opened with url: 'https://admin.preview.checkatrade.com/'

2020-04-20 10:48:10 - [MESSAGE][INFO] - Starting 'Chrome' driver

2020-04-20 10:48:10 - [MESSAGE][INFO] - Action delay is set to 0 milliseconds

2020-04-20 10:48:15 - [MESSAGE][PASSED] - Browser is opened with url: 'https://admin.preview.checkatrade.com/'

2020-04-20 10:48:15 - [TEST_STEP][PASSED] - maximizeWindow(): Current window maximized

2020-04-20 10:48:17 - [MESSAGE][PASSED] - Current window maximized

2020-04-20 10:48:17 - [TEST_STEP][PASSED] - waitForElementClickable(findTestObject("Object Repository/WebOffice/Page_Checkatrade - Administration - Login/Login_Button"), 25): Object 'Object Repository/WebOffice/Page_Checkatrade - Administration - Login/Login_Button' is clickable

2020-04-20 10:48:18 - [MESSAGE][PASSED] - Object 'Object Repository/WebOffice/Page_Checkatrade - Administration - Login/Login_Button' is clickable

2020-04-20 10:48:18 - [TEST_STEP][PASSED] - verifyTextPresent("Checkatrade Web Office", false): Text 'Checkatrade Web Office' is present on page 

2020-04-20 10:48:18 - [MESSAGE][PASSED] - Text 'Checkatrade Web Office' is present on page 

2020-04-20 10:48:18 - [TEST_STEP][PASSED] - verifyTextPresent("Access for staff use only", false): Text 'Access for staff use only' is present on page 

2020-04-20 10:48:18 - [MESSAGE][PASSED] - Text 'Access for staff use only' is present on page 

2020-04-20 10:48:18 - [TEST_STEP][PASSED] - verifyTextPresent("Forgotten password?", false): Text 'Forgotten password?' is present on page 

2020-04-20 10:48:19 - [MESSAGE][PASSED] - Text 'Forgotten password?' is present on page 

2020-04-20 10:48:19 - [TEST_STEP][PASSED] - setText(findTestObject("Object Repository/WebOffice/Page_Checkatrade - Administration - Login/input_Username_LoginControlUserName"), wo_Username): Text 'DavidHo' is set on object 'Object Repository/WebOffice/Page_Checkatrade - Administration - Login/input_Username_LoginControlUserName'

2020-04-20 10:48:19 - [MESSAGE][PASSED] - Text 'DavidHo' is set on object 'Object Repository/WebOffice/Page_Checkatrade - Administration - Login/input_Username_LoginControlUserName'

2020-04-20 10:48:19 - [TEST_STEP][PASSED] - setText(findTestObject("Object Repository/WebOffice/Page_Checkatrade - Administration - Login/input_Password_LoginControlPassword"), wo_Password): Text 'Check123' is set on object 'Object Repository/WebOffice/Page_Checkatrade - Administration - Login/input_Password_LoginControlPassword'

2020-04-20 10:48:19 - [MESSAGE][PASSED] - Text 'Check123' is set on object 'Object Repository/WebOffice/Page_Checkatrade - Administration - Login/input_Password_LoginControlPassword'

2020-04-20 10:48:19 - [TEST_STEP][PASSED] - click(findTestObject("Object Repository/WebOffice/Page_Checkatrade - Administration - Login/Login_Button")): Object: 'Object Repository/WebOffice/Page_Checkatrade - Administration - Login/Login_Button' is clicked on

2020-04-20 10:48:20 - [MESSAGE][PASSED] - Object: 'Object Repository/WebOffice/Page_Checkatrade - Administration - Login/Login_Button' is clicked on

2020-04-20 10:48:20 - [TEST_STEP][PASSED] - waitForPageLoad(60): Wait for page load successfully

2020-04-20 10:48:20 - [MESSAGE][PASSED] - Wait for page load successfully

2020-04-20 10:48:20 - [TEST_STEP][PASSED] - verifyTextPresent("Welcome " + wo_Username, false): Text 'Welcome DavidHo' is present on page 

2020-04-20 10:48:21 - [MESSAGE][PASSED] - Text 'Welcome DavidHo' is present on page 

2020-04-20 10:48:21 - [MESSAGE][PASSED] - Call Test Case 'Test Cases/Reusable_Test_Sequences/Web_Office/Directives/WebOffice_StartUp' successfully

2020-04-20 10:48:21 - [TEST_STEP][PASSED] - "-----------------------------------------------------------------": null

2020-04-20 10:48:21 - [TEST_STEP][PASSED] - " Navigate to <Settings->Checkatrade.Com->Sub Item> Menu Item     |": null

2020-04-20 10:48:21 - [TEST_STEP][PASSED] - callTestCase(findTestCase("Reusable_Test_Sequences/Web_Office/Navigation/Sub_Menu_Navigation/Settings/Checkatrade_Com/CAT_Now_Reporting"), [:], STOP_ON_FAILURE): Call Test Case 'Test Cases/Reusable_Test_Sequences/Web_Office/Navigation/Sub_Menu_Navigation/Settings/Checkatrade_Com/CAT_Now_Reporting' successfully

2020-04-20 10:48:21 - [TEST_CASE][PASSED] - Test Cases/Reusable_Test_Sequences/Web_Office/Navigation/Sub_Menu_Navigation/Settings/Checkatrade_Com/CAT_Now_Reporting: Test Cases/Reusable_Test_Sequences/Web_Office/Navigation/Sub_Menu_Navigation/Settings/Checkatrade_Com/CAT_Now_Reporting

2020-04-20 10:48:21 - [TEST_STEP][PASSED] - "--------------------------------------": null

2020-04-20 10:48:21 - [TEST_STEP][PASSED] - " Navigate Top level menu Item         |": null

2020-04-20 10:48:21 - [TEST_STEP][PASSED] - waitForPageLoad(60): Wait for page load successfully

2020-04-20 10:48:21 - [MESSAGE][PASSED] - Wait for page load successfully

2020-04-20 10:48:21 - [TEST_STEP][PASSED] - waitForElementClickable(findTestObject("Object Repository/WebOffice_Home_page/a_Settings"), 60): Object 'Object Repository/WebOffice_Home_page/a_Settings' is clickable

2020-04-20 10:48:22 - [MESSAGE][PASSED] - Object 'Object Repository/WebOffice_Home_page/a_Settings' is clickable

2020-04-20 10:48:22 - [TEST_STEP][PASSED] - mouseOver(findTestObject("Object Repository/WebOffice_Home_page/a_Settings")): Object: 'Object Repository/WebOffice_Home_page/a_Settings' is hovered

2020-04-20 10:48:22 - [MESSAGE][PASSED] - Object: 'Object Repository/WebOffice_Home_page/a_Settings' is hovered

2020-04-20 10:48:22 - [TEST_STEP][PASSED] - mouseOver(findTestObject("Object Repository/WebOffice_Home_page/a_wwwcheckatradecom")): Object: 'Object Repository/WebOffice_Home_page/a_wwwcheckatradecom' is hovered

2020-04-20 10:48:22 - [MESSAGE][PASSED] - Object: 'Object Repository/WebOffice_Home_page/a_wwwcheckatradecom' is hovered

2020-04-20 10:48:22 - [TEST_STEP][PASSED] - waitForElementClickable(findTestObject("Object Repository/WebOffice_Home_page/a_CAT Now Reporting"), 1): Object 'Object Repository/WebOffice_Home_page/a_CAT Now Reporting' is clickable

2020-04-20 10:48:22 - [MESSAGE][PASSED] - Object 'Object Repository/WebOffice_Home_page/a_CAT Now Reporting' is clickable

2020-04-20 10:48:22 - [TEST_STEP][PASSED] - click(findTestObject("Object Repository/WebOffice_Home_page/a_CAT Now Reporting")): Object: 'Object Repository/WebOffice_Home_page/a_CAT Now Reporting' is clicked on

2020-04-20 10:48:25 - [MESSAGE][PASSED] - Object: 'Object Repository/WebOffice_Home_page/a_CAT Now Reporting' is clicked on

2020-04-20 10:48:25 - [MESSAGE][PASSED] - Call Test Case 'Test Cases/Reusable_Test_Sequences/Web_Office/Navigation/Sub_Menu_Navigation/Settings/Checkatrade_Com/CAT_Now_Reporting' successfully

2020-04-20 10:48:25 - [TEST_STEP][PASSED] - "--------------------------------------": null

2020-04-20 10:48:25 - [TEST_STEP][PASSED] - " Verify Returned Page Detail          |": null

2020-04-20 10:48:25 - [TEST_STEP][PASSED] - callTestCase(findTestCase("Reusable_Test_Sequences/Web_Office/Verification/Settings/Checkatrade_Com/CAT_Now_Reporting"), [:], OPTIONAL): Call Test Case 'Test Cases/Reusable_Test_Sequences/Web_Office/Verification/Settings/Checkatrade_Com/CAT_Now_Reporting' successfully

2020-04-20 10:48:25 - [TEST_CASE][PASSED] - Test Cases/Reusable_Test_Sequences/Web_Office/Verification/Settings/Checkatrade_Com/CAT_Now_Reporting: Test Cases/Reusable_Test_Sequences/Web_Office/Verification/Settings/Checkatrade_Com/CAT_Now_Reporting

2020-04-20 10:48:25 - [TEST_STEP][PASSED] - waitForPageLoad(60): Wait for page load successfully

2020-04-20 10:48:25 - [MESSAGE][PASSED] - Wait for page load successfully

2020-04-20 10:48:25 - [TEST_STEP][PASSED] - delay(1): Delayed 1 second(s)

2020-04-20 10:48:26 - [MESSAGE][PASSED] - Delayed 1 second(s)

2020-04-20 10:48:26 - [TEST_STEP][PASSED] - verifyTextPresent("Checkatrade Now Report - Last 30 Days", false): Text 'Checkatrade Now Report - Last 30 Days' is present on page 

2020-04-20 10:48:30 - [MESSAGE][PASSED] - Text 'Checkatrade Now Report - Last 30 Days' is present on page 

2020-04-20 10:48:30 - [TEST_STEP][PASSED] - "----------------------------------------------": null

2020-04-20 10:48:30 - [TEST_STEP][PASSED] - verifyTextPresent("Jobs Summary", false): Text 'Jobs Summary' is present on page 

2020-04-20 10:48:33 - [MESSAGE][PASSED] - Text 'Jobs Summary' is present on page 

2020-04-20 10:48:33 - [TEST_STEP][PASSED] - "----------------------------------------------": null

2020-04-20 10:48:33 - [TEST_STEP][PASSED] - verifyTextPresent("Central Heating", false): Text 'Central Heating' is present on page 

2020-04-20 10:48:37 - [MESSAGE][PASSED] - Text 'Central Heating' is present on page 

2020-04-20 10:48:37 - [TEST_STEP][PASSED] - verifyTextPresent("Electrician", false): Text 'Electrician' is present on page 

2020-04-20 10:48:40 - [MESSAGE][PASSED] - Text 'Electrician' is present on page 

2020-04-20 10:48:40 - [TEST_STEP][PASSED] - verifyTextPresent("Plumber", false): Text 'Plumber' is present on page 

2020-04-20 10:48:43 - [MESSAGE][PASSED] - Text 'Plumber' is present on page 

2020-04-20 10:48:43 - [TEST_STEP][PASSED] - "----------------------------------------------": null

2020-04-20 10:48:43 - [TEST_STEP][PASSED] - verifyTextPresent("All", false): Text 'All' is present on page 

2020-04-20 10:48:46 - [MESSAGE][PASSED] - Text 'All' is present on page 

2020-04-20 10:48:46 - [TEST_STEP][PASSED] - verifyTextPresent("PO", false): Text 'PO' is present on page 

2020-04-20 10:48:48 - [MESSAGE][PASSED] - Text 'PO' is present on page 

2020-04-20 10:48:48 - [TEST_STEP][PASSED] - verifyTextPresent("GU", false): Text 'GU' is present on page 

2020-04-20 10:48:51 - [MESSAGE][PASSED] - Text 'GU' is present on page 

2020-04-20 10:48:51 - [TEST_STEP][PASSED] - verifyTextPresent("SO", false): Text 'SO' is present on page 

2020-04-20 10:48:53 - [MESSAGE][PASSED] - Text 'SO' is present on page 

2020-04-20 10:48:53 - [TEST_STEP][PASSED] - verifyTextPresent("BH", false): Text 'BH' is present on page 

2020-04-20 10:48:56 - [MESSAGE][PASSED] - Text 'BH' is present on page 

2020-04-20 10:48:56 - [TEST_STEP][PASSED] - "----------------------------------------------": null

2020-04-20 10:48:56 - [TEST_STEP][PASSED] - verifyTextPresent("0", false): Text '0' is present on page 

2020-04-20 10:48:58 - [MESSAGE][PASSED] - Text '0' is present on page 

2020-04-20 10:48:58 - [TEST_STEP][PASSED] - verifyTextPresent("9", false): Text '9' is present on page 

2020-04-20 10:49:01 - [MESSAGE][PASSED] - Text '9' is present on page 

2020-04-20 10:49:01 - [TEST_STEP][PASSED] - "----------------------------------------------": null

2020-04-20 10:49:01 - [TEST_STEP][PASSED] - "----------------------------------------------": null

2020-04-20 10:49:01 - [TEST_STEP][PASSED] - verifyTextPresent("Live Jobs", false): Text 'Live Jobs' is present on page 

2020-04-20 10:49:03 - [MESSAGE][PASSED] - Text 'Live Jobs' is present on page 

2020-04-20 10:49:03 - [TEST_STEP][PASSED] - "----------------------------------------------": null

2020-04-20 10:49:03 - [TEST_STEP][PASSED] - verifyTextPresent("Status", false): Text 'Status' is present on page 

2020-04-20 10:49:06 - [MESSAGE][PASSED] - Text 'Status' is present on page 

2020-04-20 10:49:06 - [TEST_STEP][PASSED] - verifyTextPresent("Created", false): Text 'Created' is present on page 

2020-04-20 10:49:08 - [MESSAGE][PASSED] - Text 'Created' is present on page 

2020-04-20 10:49:08 - [TEST_STEP][PASSED] - verifyTextPresent("Customer Recreated", false): Text 'Customer Recreated' is present on page 

2020-04-20 10:49:10 - [MESSAGE][PASSED] - Text 'Customer Recreated' is present on page 

2020-04-20 10:49:10 - [TEST_STEP][PASSED] - verifyTextPresent("Customer Name", false): Text 'Customer Name' is present on page 

2020-04-20 10:49:13 - [MESSAGE][PASSED] - Text 'Customer Name' is present on page 

2020-04-20 10:49:13 - [TEST_STEP][PASSED] - verifyTextPresent("Customer Number", false): Text 'Customer Number' is present on page 

2020-04-20 10:49:16 - [MESSAGE][PASSED] - Text 'Customer Number' is present on page 

2020-04-20 10:49:16 - [TEST_STEP][PASSED] - verifyTextPresent("Customer Postcode", false): Text 'Customer Postcode' is present on page 

2020-04-20 10:49:18 - [MESSAGE][PASSED] - Text 'Customer Postcode' is present on page 

2020-04-20 10:49:18 - [TEST_STEP][PASSED] - verifyTextPresent("Description ", false): Text 'Description ' is present on page 

2020-04-20 10:49:21 - [MESSAGE][PASSED] - Text 'Description ' is present on page 

2020-04-20 10:49:21 - [TEST_STEP][PASSED] - verifyTextPresent("Trader Name ", false): Text 'Trader Name ' is present on page 

2020-04-20 10:49:23 - [MESSAGE][PASSED] - Text 'Trader Name ' is present on page 

2020-04-20 10:49:23 - [TEST_STEP][PASSED] - verifyTextPresent("Job History ", false): Text 'Job History ' is present on page 

2020-04-20 10:49:25 - [MESSAGE][PASSED] - Text 'Job History ' is present on page 

2020-04-20 10:49:25 - [TEST_STEP][PASSED] - verifyTextPresent("Dismissals", false): Text 'Dismissals' is present on page 

2020-04-20 10:49:30 - [MESSAGE][PASSED] - Text 'Dismissals' is present on page 

2020-04-20 10:49:30 - [TEST_STEP][PASSED] - "----------------------------------------------": null

2020-04-20 10:49:30 - [TEST_STEP][PASSED] - verifyTextPresent("Complete", false): Text 'Complete' is present on page 

2020-04-20 10:49:34 - [MESSAGE][PASSED] - Text 'Complete' is present on page 

2020-04-20 10:49:34 - [TEST_STEP][PASSED] - verifyTextPresent("Accepted", false): Text 'Accepted' is present on page 

2020-04-20 10:49:36 - [MESSAGE][PASSED] - Text 'Accepted' is present on page 

2020-04-20 10:49:36 - [TEST_STEP][PASSED] - verifyTextPresent("Cancelled", false): Text 'Cancelled' is present on page 

2020-04-20 10:49:39 - [MESSAGE][PASSED] - Text 'Cancelled' is present on page 

2020-04-20 10:49:39 - [TEST_STEP][PASSED] - verifyTextPresent("Failed", false): Text 'Failed' is present on page 

2020-04-20 10:49:42 - [MESSAGE][PASSED] - Text 'Failed' is present on page 

2020-04-20 10:49:42 - [TEST_STEP][PASSED] - "----------------------------------------------": null

2020-04-20 10:49:42 - [TEST_STEP][PASSED] - verifyTextPresent("Electrics tripping", false): Text 'Electrics tripping' is present on page 

2020-04-20 10:49:44 - [MESSAGE][PASSED] - Text 'Electrics tripping' is present on page 

2020-04-20 10:49:44 - [TEST_STEP][PASSED] - verifyTextPresent("RG26", false): Text 'RG26' is present on page 

2020-04-20 10:49:46 - [MESSAGE][PASSED] - Text 'RG26' is present on page 

2020-04-20 10:49:46 - [MESSAGE][PASSED] - Call Test Case 'Test Cases/Reusable_Test_Sequences/Web_Office/Verification/Settings/Checkatrade_Com/CAT_Now_Reporting' successfully

2020-04-20 10:49:46 - [TEST_STEP][PASSED] - "--------------------------": null

2020-04-20 10:49:46 - [TEST_STEP][PASSED] - " Teardown - CLose Browser |": null

2020-04-20 10:49:46 - [TEST_STEP][PASSED] - callTestCase(findTestCase("Reusable_Test_Sequences/CAT_Teardown"), [:], OPTIONAL): Call Test Case 'Test Cases/Reusable_Test_Sequences/CAT_Teardown' successfully

2020-04-20 10:49:47 - [TEST_CASE][PASSED] - Test Cases/Reusable_Test_Sequences/CAT_Teardown: Test Cases/Reusable_Test_Sequences/CAT_Teardown

2020-04-20 10:49:47 - [TEST_STEP][PASSED] - closeBrowser(): Browser is closed

2020-04-20 10:49:55 - [MESSAGE][PASSED] - Browser is closed

2020-04-20 10:49:55 - [TEST_STEP][PASSED] - super.finalize(): null

2020-04-20 10:49:55 - [TEST_STEP][PASSED] - System.gc(): null

2020-04-20 10:49:55 - [MESSAGE][PASSED] - Call Test Case 'Test Cases/Reusable_Test_Sequences/CAT_Teardown' successfully]]></system-out>
         <system-err><![CDATA[]]></system-err>
      </testcase>
      <testcase name="Test Cases/Web_Office/Settings/Checkatrade_Com/Trade_App_Settings" time="24.571" classname="Test Cases/Web_Office/Settings/Checkatrade_Com/Trade_App_Settings" status="PASSED">
         <system-out><![CDATA[2020-04-20 10:49:55 - [TEST_CASE][PASSED] - Test Cases/Web_Office/Settings/Checkatrade_Com/Trade_App_Settings: Test Cases/Web_Office/Settings/Checkatrade_Com/Trade_App_Settings

2020-04-20 10:49:56 - [TEST_STEP][PASSED] - "--------------------------------------": null

2020-04-20 10:49:56 - [TEST_STEP][PASSED] - " Web Office StartUp                  |": null

2020-04-20 10:49:56 - [TEST_STEP][PASSED] - callTestCase(findTestCase("Reusable_Test_Sequences/Web_Office/Directives/WebOffice_StartUp"), [:], STOP_ON_FAILURE): Call Test Case 'Test Cases/Reusable_Test_Sequences/Web_Office/Directives/WebOffice_StartUp' successfully

2020-04-20 10:49:56 - [TEST_CASE][PASSED] - Test Cases/Reusable_Test_Sequences/Web_Office/Directives/WebOffice_StartUp: Test Cases/Reusable_Test_Sequences/Web_Office/Directives/WebOffice_StartUp

2020-04-20 10:49:56 - [TEST_STEP][PASSED] - "-----------------------------------------------------------------------------": null

2020-04-20 10:49:56 - [TEST_STEP][PASSED] - if (URL == "https://www.dev.checkatrade.com/"): null

2020-04-20 10:49:56 - [TEST_STEP][PASSED] - "-----------------------------------------------------------------------------": null

2020-04-20 10:49:56 - [TEST_STEP][PASSED] - if (URL == "https://www.checkatrade.com/"): null

2020-04-20 10:49:56 - [TEST_STEP][PASSED] - "-----------------------------------------------------------------------------": null

2020-04-20 10:49:56 - [TEST_STEP][PASSED] - if (URL == "https://www.preview.checkatrade.com/"): null

2020-04-20 10:49:56 - [TEST_STEP][PASSED] - WebOfficeURL = "https://admin.preview.checkatrade.com/": null

2020-04-20 10:49:56 - [TEST_STEP][PASSED] - if (URL == "https://www.dev2.checkatrade.com/"): null

2020-04-20 10:49:56 - [TEST_STEP][PASSED] - "Set Function Area for "URL_Handler", URL Resolution": null

2020-04-20 10:49:56 - [TEST_STEP][PASSED] - "Do Some Magic with URL(s) See the comments within URL Handler ": null

2020-04-20 10:49:56 - [TEST_STEP][PASSED] - "------------------------------------------------": null

2020-04-20 10:49:56 - [TEST_STEP][PASSED] - "Moved Login Credentials to <Default> profile 22/01/2020": null

2020-04-20 10:49:56 - [TEST_STEP][PASSED] - "------------------------------------------------": null

2020-04-20 10:49:56 - [TEST_STEP][PASSED] - "WebOfficeURL - Set from the ENVIRONMENT PROFILE ": null

2020-04-20 10:49:56 - [TEST_STEP][PASSED] - "OPEN BROWSER": null

2020-04-20 10:49:56 - [TEST_STEP][PASSED] - "eg - https://admin.preview.checkatrade.com/  ": null

2020-04-20 10:49:56 - [TEST_STEP][PASSED] - openBrowser(WebOfficeURL): Browser is opened with url: 'https://admin.preview.checkatrade.com/'

2020-04-20 10:49:56 - [MESSAGE][INFO] - Starting 'Chrome' driver

2020-04-20 10:49:56 - [MESSAGE][INFO] - Action delay is set to 0 milliseconds

2020-04-20 10:50:02 - [MESSAGE][PASSED] - Browser is opened with url: 'https://admin.preview.checkatrade.com/'

2020-04-20 10:50:02 - [TEST_STEP][PASSED] - maximizeWindow(): Current window maximized

2020-04-20 10:50:05 - [MESSAGE][PASSED] - Current window maximized

2020-04-20 10:50:05 - [TEST_STEP][PASSED] - waitForElementClickable(findTestObject("Object Repository/WebOffice/Page_Checkatrade - Administration - Login/Login_Button"), 25): Object 'Object Repository/WebOffice/Page_Checkatrade - Administration - Login/Login_Button' is clickable

2020-04-20 10:50:05 - [MESSAGE][PASSED] - Object 'Object Repository/WebOffice/Page_Checkatrade - Administration - Login/Login_Button' is clickable

2020-04-20 10:50:05 - [TEST_STEP][PASSED] - verifyTextPresent("Checkatrade Web Office", false): Text 'Checkatrade Web Office' is present on page 

2020-04-20 10:50:05 - [MESSAGE][PASSED] - Text 'Checkatrade Web Office' is present on page 

2020-04-20 10:50:05 - [TEST_STEP][PASSED] - verifyTextPresent("Access for staff use only", false): Text 'Access for staff use only' is present on page 

2020-04-20 10:50:05 - [MESSAGE][PASSED] - Text 'Access for staff use only' is present on page 

2020-04-20 10:50:05 - [TEST_STEP][PASSED] - verifyTextPresent("Forgotten password?", false): Text 'Forgotten password?' is present on page 

2020-04-20 10:50:05 - [MESSAGE][PASSED] - Text 'Forgotten password?' is present on page 

2020-04-20 10:50:05 - [TEST_STEP][PASSED] - setText(findTestObject("Object Repository/WebOffice/Page_Checkatrade - Administration - Login/input_Username_LoginControlUserName"), wo_Username): Text 'DavidHo' is set on object 'Object Repository/WebOffice/Page_Checkatrade - Administration - Login/input_Username_LoginControlUserName'

2020-04-20 10:50:05 - [MESSAGE][PASSED] - Text 'DavidHo' is set on object 'Object Repository/WebOffice/Page_Checkatrade - Administration - Login/input_Username_LoginControlUserName'

2020-04-20 10:50:05 - [TEST_STEP][PASSED] - setText(findTestObject("Object Repository/WebOffice/Page_Checkatrade - Administration - Login/input_Password_LoginControlPassword"), wo_Password): Text 'Check123' is set on object 'Object Repository/WebOffice/Page_Checkatrade - Administration - Login/input_Password_LoginControlPassword'

2020-04-20 10:50:06 - [MESSAGE][PASSED] - Text 'Check123' is set on object 'Object Repository/WebOffice/Page_Checkatrade - Administration - Login/input_Password_LoginControlPassword'

2020-04-20 10:50:06 - [TEST_STEP][PASSED] - click(findTestObject("Object Repository/WebOffice/Page_Checkatrade - Administration - Login/Login_Button")): Object: 'Object Repository/WebOffice/Page_Checkatrade - Administration - Login/Login_Button' is clicked on

2020-04-20 10:50:10 - [MESSAGE][PASSED] - Object: 'Object Repository/WebOffice/Page_Checkatrade - Administration - Login/Login_Button' is clicked on

2020-04-20 10:50:10 - [TEST_STEP][PASSED] - waitForPageLoad(60): Wait for page load successfully

2020-04-20 10:50:10 - [MESSAGE][PASSED] - Wait for page load successfully

2020-04-20 10:50:10 - [TEST_STEP][PASSED] - verifyTextPresent("Welcome " + wo_Username, false): Text 'Welcome DavidHo' is present on page 

2020-04-20 10:50:11 - [MESSAGE][PASSED] - Text 'Welcome DavidHo' is present on page 

2020-04-20 10:50:11 - [MESSAGE][PASSED] - Call Test Case 'Test Cases/Reusable_Test_Sequences/Web_Office/Directives/WebOffice_StartUp' successfully

2020-04-20 10:50:11 - [TEST_STEP][PASSED] - "-----------------------------------------------------------------": null

2020-04-20 10:50:11 - [TEST_STEP][PASSED] - " Navigate to <Settings->Checkatrade.Com->Sub Item> Menu Item     |": null

2020-04-20 10:50:11 - [TEST_STEP][PASSED] - callTestCase(findTestCase("Reusable_Test_Sequences/Web_Office/Navigation/Sub_Menu_Navigation/Settings/Checkatrade_Com/Trade_App_Settings"), [:], STOP_ON_FAILURE): Call Test Case 'Test Cases/Reusable_Test_Sequences/Web_Office/Navigation/Sub_Menu_Navigation/Settings/Checkatrade_Com/Trade_App_Settings' successfully

2020-04-20 10:50:11 - [TEST_CASE][PASSED] - Test Cases/Reusable_Test_Sequences/Web_Office/Navigation/Sub_Menu_Navigation/Settings/Checkatrade_Com/Trade_App_Settings: Test Cases/Reusable_Test_Sequences/Web_Office/Navigation/Sub_Menu_Navigation/Settings/Checkatrade_Com/Trade_App_Settings

2020-04-20 10:50:11 - [TEST_STEP][PASSED] - " TODO - a_Trade App Settings MISSING From Object Repositary": null

2020-04-20 10:50:11 - [TEST_STEP][PASSED] - "--------------------------------------": null

2020-04-20 10:50:11 - [TEST_STEP][PASSED] - " Navigate Top level menu Item         |": null

2020-04-20 10:50:11 - [TEST_STEP][PASSED] - waitForPageLoad(60): Wait for page load successfully

2020-04-20 10:50:11 - [MESSAGE][PASSED] - Wait for page load successfully

2020-04-20 10:50:11 - [TEST_STEP][PASSED] - waitForElementClickable(findTestObject("Object Repository/WebOffice_Home_page/a_Settings"), 60): Object 'Object Repository/WebOffice_Home_page/a_Settings' is clickable

2020-04-20 10:50:11 - [MESSAGE][PASSED] - Object 'Object Repository/WebOffice_Home_page/a_Settings' is clickable

2020-04-20 10:50:11 - [TEST_STEP][PASSED] - mouseOver(findTestObject("Object Repository/WebOffice_Home_page/a_Settings")): Object: 'Object Repository/WebOffice_Home_page/a_Settings' is hovered

2020-04-20 10:50:12 - [MESSAGE][PASSED] - Object: 'Object Repository/WebOffice_Home_page/a_Settings' is hovered

2020-04-20 10:50:12 - [TEST_STEP][PASSED] - mouseOver(findTestObject("Object Repository/WebOffice_Home_page/a_wwwcheckatradecom")): Object: 'Object Repository/WebOffice_Home_page/a_wwwcheckatradecom' is hovered

2020-04-20 10:50:12 - [MESSAGE][PASSED] - Object: 'Object Repository/WebOffice_Home_page/a_wwwcheckatradecom' is hovered

2020-04-20 10:50:12 - [TEST_STEP][PASSED] - waitForElementClickable(findTestObject("Object Repository/WebOffice_Home_page/Page_/a_Trade App Settings"), 1): Object 'Object Repository/WebOffice_Home_page/Page_/a_Trade App Settings' is clickable

2020-04-20 10:50:12 - [MESSAGE][PASSED] - Object 'Object Repository/WebOffice_Home_page/Page_/a_Trade App Settings' is clickable

2020-04-20 10:50:12 - [TEST_STEP][PASSED] - click(findTestObject("Object Repository/WebOffice_Home_page/Page_/a_Trade App Settings")): Object: 'Object Repository/WebOffice_Home_page/Page_/a_Trade App Settings' is clicked on

2020-04-20 10:50:13 - [MESSAGE][PASSED] - Object: 'Object Repository/WebOffice_Home_page/Page_/a_Trade App Settings' is clicked on

2020-04-20 10:50:13 - [MESSAGE][PASSED] - Call Test Case 'Test Cases/Reusable_Test_Sequences/Web_Office/Navigation/Sub_Menu_Navigation/Settings/Checkatrade_Com/Trade_App_Settings' successfully

2020-04-20 10:50:13 - [TEST_STEP][PASSED] - "--------------------------------------": null

2020-04-20 10:50:13 - [TEST_STEP][PASSED] - " Verify Returned Page Detail          |": null

2020-04-20 10:50:13 - [TEST_STEP][PASSED] - callTestCase(findTestCase("Reusable_Test_Sequences/Web_Office/Verification/Settings/Checkatrade_Com/Trade_App_Settings"), [:], OPTIONAL): Unable to call Test Case 'Test Cases/Reusable_Test_Sequences/Web_Office/Verification/Settings/Checkatrade_Com/Trade_App_Settings' (Root cause: com.kms.katalon.core.exception.StepFailedException: Call Test Case 'Test Cases/Reusable_Test_Sequences/Web_Office/Verification/Settings/Checkatrade_Com/Trade_App_Settings' failed
	at com.kms.katalon.core.keyword.builtin.CallTestCaseKeyword$_callTestCase_closure1.doCall(CallTestCaseKeyword.groovy:63)
	at com.kms.katalon.core.keyword.builtin.CallTestCaseKeyword$_callTestCase_closure1.call(CallTestCaseKeyword.groovy)
	at com.kms.katalon.core.keyword.internal.KeywordMain.runKeyword(KeywordMain.groovy:68)
	at com.kms.katalon.core.keyword.builtin.CallTestCaseKeyword.callTestCase(CallTestCaseKeyword.groovy:81)
	at com.kms.katalon.core.keyword.builtin.CallTestCaseKeyword.execute(CallTestCaseKeyword.groovy:44)
	at com.kms.katalon.core.keyword.internal.KeywordExecutor.executeKeywordForPlatform(KeywordExecutor.groovy:72)
	at com.kms.katalon.core.keyword.BuiltinKeywords.callTestCase(BuiltinKeywords.groovy:334)
	at Trade_App_Settings.run(Trade_App_Settings:63)
	at com.kms.katalon.core.main.ScriptEngine.run(ScriptEngine.java:194)
	at com.kms.katalon.core.main.ScriptEngine.runScriptAsRawText(ScriptEngine.java:119)
	at com.kms.katalon.core.main.TestCaseExecutor.runScript(TestCaseExecutor.java:337)
	at com.kms.katalon.core.main.TestCaseExecutor.doExecute(TestCaseExecutor.java:328)
	at com.kms.katalon.core.main.TestCaseExecutor.processExecutionPhase(TestCaseExecutor.java:307)
	at com.kms.katalon.core.main.TestCaseExecutor.accessMainPhase(TestCaseExecutor.java:299)
	at com.kms.katalon.core.main.TestCaseExecutor.execute(TestCaseExecutor.java:233)
	at com.kms.katalon.core.main.TestSuiteExecutor.accessTestCaseMainPhase(TestSuiteExecutor.java:169)
	at com.kms.katalon.core.main.TestSuiteExecutor.accessTestSuiteMainPhase(TestSuiteExecutor.java:142)
	at com.kms.katalon.core.main.TestSuiteExecutor.execute(TestSuiteExecutor.java:91)
	at com.kms.katalon.core.main.TestCaseMain.startTestSuite(TestCaseMain.java:157)
	at com.kms.katalon.core.main.TestCaseMain$startTestSuite$0.call(Unknown Source)
	at TempTestSuite1587374365440.run(TempTestSuite1587374365440.groovy:36)
Caused by: com.kms.katalon.core.exception.StepFailedException: Text 'Start date range' is not present on page  (Root cause: com.kms.katalon.core.exception.StepFailedException: Text 'Start date range' is not present on page 
	at com.kms.katalon.core.webui.keyword.internal.WebUIKeywordMain.stepFailed(WebUIKeywordMain.groovy:64)
	at com.kms.katalon.core.webui.keyword.builtin.VerifyTextPresentKeyword$_verifyTextPresent_closure1.doCall(VerifyTextPresentKeyword.groovy:79)
	at com.kms.katalon.core.webui.keyword.builtin.VerifyTextPresentKeyword$_verifyTextPresent_closure1.call(VerifyTextPresentKeyword.groovy)
	at com.kms.katalon.core.webui.keyword.internal.WebUIKeywordMain.runKeyword(WebUIKeywordMain.groovy:20)
	at com.kms.katalon.core.webui.keyword.builtin.VerifyTextPresentKeyword.verifyTextPresent(VerifyTextPresentKeyword.groovy:83)
	at com.kms.katalon.core.webui.keyword.builtin.VerifyTextPresentKeyword.execute(VerifyTextPresentKeyword.groovy:68)
	at com.kms.katalon.core.keyword.internal.KeywordExecutor.executeKeywordForPlatform(KeywordExecutor.groovy:72)
	at com.kms.katalon.core.webui.keyword.WebUiBuiltInKeywords.verifyTextPresent(WebUiBuiltInKeywords.groovy:1719)
	at com.kms.katalon.core.webui.keyword.WebUiBuiltInKeywords$verifyTextPresent$2.call(Unknown Source)
	at Trade_App_Settings.run(Trade_App_Settings:64)
	at com.kms.katalon.core.main.ScriptEngine.run(ScriptEngine.java:194)
	at com.kms.katalon.core.main.ScriptEngine.runScriptAsRawText(ScriptEngine.java:119)
	at com.kms.katalon.core.main.TestCaseExecutor.runScript(TestCaseExecutor.java:337)
	at com.kms.katalon.core.main.TestCaseExecutor.doExecute(TestCaseExecutor.java:328)
	at com.kms.katalon.core.main.TestCaseExecutor.processExecutionPhase(TestCaseExecutor.java:307)
	at com.kms.katalon.core.main.TestCaseExecutor.accessMainPhase(TestCaseExecutor.java:299)
	at com.kms.katalon.core.main.TestCaseExecutor.execute(TestCaseExecutor.java:233)
	at com.kms.katalon.core.main.TestCaseMain.runTestCase(TestCaseMain.java:114)
	at com.kms.katalon.core.keyword.builtin.CallTestCaseKeyword$_callTestCase_closure1.doCall(CallTestCaseKeyword.groovy:59)
	at com.kms.katalon.core.keyword.builtin.CallTestCaseKeyword$_callTestCase_closure1.call(CallTestCaseKeyword.groovy)
	at com.kms.katalon.core.keyword.internal.KeywordMain.runKeyword(KeywordMain.groovy:68)
	at com.kms.katalon.core.keyword.builtin.CallTestCaseKeyword.callTestCase(CallTestCaseKeyword.groovy:81)
	at com.kms.katalon.core.keyword.builtin.CallTestCaseKeyword.execute(CallTestCaseKeyword.groovy:44)
	at com.kms.katalon.core.keyword.internal.KeywordExecutor.executeKeywordForPlatform(KeywordExecutor.groovy:72)
	at com.kms.katalon.core.keyword.BuiltinKeywords.callTestCase(BuiltinKeywords.groovy:334)
	at Trade_App_Settings.run(Trade_App_Settings:63)
	at com.kms.katalon.core.main.ScriptEngine.run(ScriptEngine.java:194)
	at com.kms.katalon.core.main.ScriptEngine.runScriptAsRawText(ScriptEngine.java:119)
	at com.kms.katalon.core.main.TestCaseExecutor.runScript(TestCaseExecutor.java:337)
	at com.kms.katalon.core.main.TestCaseExecutor.doExecute(TestCaseExecutor.java:328)
	at com.kms.katalon.core.main.TestCaseExecutor.processExecutionPhase(TestCaseExecutor.java:307)
	at com.kms.katalon.core.main.TestCaseExecutor.accessMainPhase(TestCaseExecutor.java:299)
	at com.kms.katalon.core.main.TestCaseExecutor.execute(TestCaseExecutor.java:233)
	at com.kms.katalon.core.main.TestSuiteExecutor.accessTestCaseMainPhase(TestSuiteExecutor.java:169)
	at com.kms.katalon.core.main.TestSuiteExecutor.accessTestSuiteMainPhase(TestSuiteExecutor.java:142)
	at com.kms.katalon.core.main.TestSuiteExecutor.execute(TestSuiteExecutor.java:91)
	at com.kms.katalon.core.main.TestCaseMain.startTestSuite(TestCaseMain.java:157)
	at com.kms.katalon.core.main.TestCaseMain$startTestSuite$0.call(Unknown Source)
	at TempTestSuite1587374365440.run(TempTestSuite1587374365440.groovy:36)
)
	at com.kms.katalon.core.keyword.internal.KeywordMain.stepFailed(KeywordMain.groovy:39)
	at com.kms.katalon.core.webui.keyword.internal.WebUIKeywordMain.stepFailed(WebUIKeywordMain.groovy:64)
	at com.kms.katalon.core.webui.keyword.builtin.VerifyTextPresentKeyword$_verifyTextPresent_closure1.doCall(VerifyTextPresentKeyword.groovy:79)
	at com.kms.katalon.core.webui.keyword.builtin.VerifyTextPresentKeyword$_verifyTextPresent_closure1.call(VerifyTextPresentKeyword.groovy)
	at com.kms.katalon.core.webui.keyword.internal.WebUIKeywordMain.runKeyword(WebUIKeywordMain.groovy:20)
	at com.kms.katalon.core.webui.keyword.builtin.VerifyTextPresentKeyword.verifyTextPresent(VerifyTextPresentKeyword.groovy:83)
	at com.kms.katalon.core.webui.keyword.builtin.VerifyTextPresentKeyword.execute(VerifyTextPresentKeyword.groovy:68)
	at com.kms.katalon.core.keyword.internal.KeywordExecutor.executeKeywordForPlatform(KeywordExecutor.groovy:72)
	at com.kms.katalon.core.webui.keyword.WebUiBuiltInKeywords.verifyTextPresent(WebUiBuiltInKeywords.groovy:1719)
	at com.kms.katalon.core.webui.keyword.WebUiBuiltInKeywords$verifyTextPresent$2.call(Unknown Source)
	at Trade_App_Settings.run(Trade_App_Settings:64)
	at com.kms.katalon.core.main.ScriptEngine.run(ScriptEngine.java:194)
	at com.kms.katalon.core.main.ScriptEngine.runScriptAsRawText(ScriptEngine.java:119)
	at com.kms.katalon.core.main.TestCaseExecutor.runScript(TestCaseExecutor.java:337)
	at com.kms.katalon.core.main.TestCaseExecutor.doExecute(TestCaseExecutor.java:328)
	at com.kms.katalon.core.main.TestCaseExecutor.processExecutionPhase(TestCaseExecutor.java:307)
	at com.kms.katalon.core.main.TestCaseExecutor.accessMainPhase(TestCaseExecutor.java:299)
	at com.kms.katalon.core.main.TestCaseExecutor.execute(TestCaseExecutor.java:233)
	at com.kms.katalon.core.main.TestCaseMain.runTestCase(TestCaseMain.java:114)
	at com.kms.katalon.core.keyword.builtin.CallTestCaseKeyword$_callTestCase_closure1.doCall(CallTestCaseKeyword.groovy:59)
	... 20 more
Caused by: com.kms.katalon.core.exception.StepFailedException: Text 'Start date range' is not present on page 
	... 39 more
)

2020-04-20 10:50:13 - [TEST_CASE][FAILED] - Test Cases/Reusable_Test_Sequences/Web_Office/Verification/Settings/Checkatrade_Com/Trade_App_Settings: Test Cases/Reusable_Test_Sequences/Web_Office/Verification/Settings/Checkatrade_Com/Trade_App_Settings FAILED.
Reason:
com.kms.katalon.core.exception.StepFailedException: Text 'Start date range' is not present on page  (Root cause: com.kms.katalon.core.exception.StepFailedException: Text 'Start date range' is not present on page 
	at com.kms.katalon.core.webui.keyword.internal.WebUIKeywordMain.stepFailed(WebUIKeywordMain.groovy:64)
	at com.kms.katalon.core.webui.keyword.builtin.VerifyTextPresentKeyword$_verifyTextPresent_closure1.doCall(VerifyTextPresentKeyword.groovy:79)
	at com.kms.katalon.core.webui.keyword.builtin.VerifyTextPresentKeyword$_verifyTextPresent_closure1.call(VerifyTextPresentKeyword.groovy)
	at com.kms.katalon.core.webui.keyword.internal.WebUIKeywordMain.runKeyword(WebUIKeywordMain.groovy:20)
	at com.kms.katalon.core.webui.keyword.builtin.VerifyTextPresentKeyword.verifyTextPresent(VerifyTextPresentKeyword.groovy:83)
	at com.kms.katalon.core.webui.keyword.builtin.VerifyTextPresentKeyword.execute(VerifyTextPresentKeyword.groovy:68)
	at com.kms.katalon.core.keyword.internal.KeywordExecutor.executeKeywordForPlatform(KeywordExecutor.groovy:72)
	at com.kms.katalon.core.webui.keyword.WebUiBuiltInKeywords.verifyTextPresent(WebUiBuiltInKeywords.groovy:1719)
	at com.kms.katalon.core.webui.keyword.WebUiBuiltInKeywords$verifyTextPresent$2.call(Unknown Source)
	at Trade_App_Settings.run(Trade_App_Settings:64)
	at com.kms.katalon.core.main.ScriptEngine.run(ScriptEngine.java:194)
	at com.kms.katalon.core.main.ScriptEngine.runScriptAsRawText(ScriptEngine.java:119)
	at com.kms.katalon.core.main.TestCaseExecutor.runScript(TestCaseExecutor.java:337)
	at com.kms.katalon.core.main.TestCaseExecutor.doExecute(TestCaseExecutor.java:328)
	at com.kms.katalon.core.main.TestCaseExecutor.processExecutionPhase(TestCaseExecutor.java:307)
	at com.kms.katalon.core.main.TestCaseExecutor.accessMainPhase(TestCaseExecutor.java:299)
	at com.kms.katalon.core.main.TestCaseExecutor.execute(TestCaseExecutor.java:233)
	at com.kms.katalon.core.main.TestCaseMain.runTestCase(TestCaseMain.java:114)
	at com.kms.katalon.core.keyword.builtin.CallTestCaseKeyword$_callTestCase_closure1.doCall(CallTestCaseKeyword.groovy:59)
	at com.kms.katalon.core.keyword.builtin.CallTestCaseKeyword$_callTestCase_closure1.call(CallTestCaseKeyword.groovy)
	at com.kms.katalon.core.keyword.internal.KeywordMain.runKeyword(KeywordMain.groovy:68)
	at com.kms.katalon.core.keyword.builtin.CallTestCaseKeyword.callTestCase(CallTestCaseKeyword.groovy:81)
	at com.kms.katalon.core.keyword.builtin.CallTestCaseKeyword.execute(CallTestCaseKeyword.groovy:44)
	at com.kms.katalon.core.keyword.internal.KeywordExecutor.executeKeywordForPlatform(KeywordExecutor.groovy:72)
	at com.kms.katalon.core.keyword.BuiltinKeywords.callTestCase(BuiltinKeywords.groovy:334)
	at Trade_App_Settings.run(Trade_App_Settings:63)
	at com.kms.katalon.core.main.ScriptEngine.run(ScriptEngine.java:194)
	at com.kms.katalon.core.main.ScriptEngine.runScriptAsRawText(ScriptEngine.java:119)
	at com.kms.katalon.core.main.TestCaseExecutor.runScript(TestCaseExecutor.java:337)
	at com.kms.katalon.core.main.TestCaseExecutor.doExecute(TestCaseExecutor.java:328)
	at com.kms.katalon.core.main.TestCaseExecutor.processExecutionPhase(TestCaseExecutor.java:307)
	at com.kms.katalon.core.main.TestCaseExecutor.accessMainPhase(TestCaseExecutor.java:299)
	at com.kms.katalon.core.main.TestCaseExecutor.execute(TestCaseExecutor.java:233)
	at com.kms.katalon.core.main.TestSuiteExecutor.accessTestCaseMainPhase(TestSuiteExecutor.java:169)
	at com.kms.katalon.core.main.TestSuiteExecutor.accessTestSuiteMainPhase(TestSuiteExecutor.java:142)
	at com.kms.katalon.core.main.TestSuiteExecutor.execute(TestSuiteExecutor.java:91)
	at com.kms.katalon.core.main.TestCaseMain.startTestSuite(TestCaseMain.java:157)
	at com.kms.katalon.core.main.TestCaseMain$startTestSuite$0.call(Unknown Source)
	at TempTestSuite1587374365440.run(TempTestSuite1587374365440.groovy:36)
)
	at com.kms.katalon.core.keyword.internal.KeywordMain.stepFailed(KeywordMain.groovy:39)
	at com.kms.katalon.core.webui.keyword.internal.WebUIKeywordMain.stepFailed(WebUIKeywordMain.groovy:64)
	at com.kms.katalon.core.webui.keyword.builtin.VerifyTextPresentKeyword$_verifyTextPresent_closure1.doCall(VerifyTextPresentKeyword.groovy:79)
	at com.kms.katalon.core.webui.keyword.builtin.VerifyTextPresentKeyword$_verifyTextPresent_closure1.call(VerifyTextPresentKeyword.groovy)
	at com.kms.katalon.core.webui.keyword.internal.WebUIKeywordMain.runKeyword(WebUIKeywordMain.groovy:20)
	at com.kms.katalon.core.webui.keyword.builtin.VerifyTextPresentKeyword.verifyTextPresent(VerifyTextPresentKeyword.groovy:83)
	at com.kms.katalon.core.webui.keyword.builtin.VerifyTextPresentKeyword.execute(VerifyTextPresentKeyword.groovy:68)
	at com.kms.katalon.core.keyword.internal.KeywordExecutor.executeKeywordForPlatform(KeywordExecutor.groovy:72)
	at com.kms.katalon.core.webui.keyword.WebUiBuiltInKeywords.verifyTextPresent(WebUiBuiltInKeywords.groovy:1719)
	at com.kms.katalon.core.webui.keyword.WebUiBuiltInKeywords$verifyTextPresent$2.call(Unknown Source)
	at Trade_App_Settings.run(Trade_App_Settings:64)
	at com.kms.katalon.core.main.ScriptEngine.run(ScriptEngine.java:194)
	at com.kms.katalon.core.main.ScriptEngine.runScriptAsRawText(ScriptEngine.java:119)
	at com.kms.katalon.core.main.TestCaseExecutor.runScript(TestCaseExecutor.java:337)
	at com.kms.katalon.core.main.TestCaseExecutor.doExecute(TestCaseExecutor.java:328)
	at com.kms.katalon.core.main.TestCaseExecutor.processExecutionPhase(TestCaseExecutor.java:307)
	at com.kms.katalon.core.main.TestCaseExecutor.accessMainPhase(TestCaseExecutor.java:299)
	at com.kms.katalon.core.main.TestCaseExecutor.execute(TestCaseExecutor.java:233)
	at com.kms.katalon.core.main.TestCaseMain.runTestCase(TestCaseMain.java:114)
	at com.kms.katalon.core.keyword.builtin.CallTestCaseKeyword$_callTestCase_closure1.doCall(CallTestCaseKeyword.groovy:59)
	at com.kms.katalon.core.keyword.builtin.CallTestCaseKeyword$_callTestCase_closure1.call(CallTestCaseKeyword.groovy)
	at com.kms.katalon.core.keyword.internal.KeywordMain.runKeyword(KeywordMain.groovy:68)
	at com.kms.katalon.core.keyword.builtin.CallTestCaseKeyword.callTestCase(CallTestCaseKeyword.groovy:81)
	at com.kms.katalon.core.keyword.builtin.CallTestCaseKeyword.execute(CallTestCaseKeyword.groovy:44)
	at com.kms.katalon.core.keyword.internal.KeywordExecutor.executeKeywordForPlatform(KeywordExecutor.groovy:72)
	at com.kms.katalon.core.keyword.BuiltinKeywords.callTestCase(BuiltinKeywords.groovy:334)
	at Trade_App_Settings.run(Trade_App_Settings:63)
	at com.kms.katalon.core.main.ScriptEngine.run(ScriptEngine.java:194)
	at com.kms.katalon.core.main.ScriptEngine.runScriptAsRawText(ScriptEngine.java:119)
	at com.kms.katalon.core.main.TestCaseExecutor.runScript(TestCaseExecutor.java:337)
	at com.kms.katalon.core.main.TestCaseExecutor.doExecute(TestCaseExecutor.java:328)
	at com.kms.katalon.core.main.TestCaseExecutor.processExecutionPhase(TestCaseExecutor.java:307)
	at com.kms.katalon.core.main.TestCaseExecutor.accessMainPhase(TestCaseExecutor.java:299)
	at com.kms.katalon.core.main.TestCaseExecutor.execute(TestCaseExecutor.java:233)
	at com.kms.katalon.core.main.TestSuiteExecutor.accessTestCaseMainPhase(TestSuiteExecutor.java:169)
	at com.kms.katalon.core.main.TestSuiteExecutor.accessTestSuiteMainPhase(TestSuiteExecutor.java:142)
	at com.kms.katalon.core.main.TestSuiteExecutor.execute(TestSuiteExecutor.java:91)
	at com.kms.katalon.core.main.TestCaseMain.startTestSuite(TestCaseMain.java:157)
	at com.kms.katalon.core.main.TestCaseMain$startTestSuite$0.call(Unknown Source)
	at TempTestSuite1587374365440.run(TempTestSuite1587374365440.groovy:36)
Caused by: com.kms.katalon.core.exception.StepFailedException: Text 'Start date range' is not present on page 
	... 39 more


2020-04-20 10:50:13 - [TEST_STEP][PASSED] - waitForPageLoad(60): Wait for page load successfully

2020-04-20 10:50:13 - [MESSAGE][PASSED] - Wait for page load successfully

2020-04-20 10:50:13 - [TEST_STEP][PASSED] - delay(1): Delayed 1 second(s)

2020-04-20 10:50:14 - [MESSAGE][PASSED] - Delayed 1 second(s)

2020-04-20 10:50:14 - [TEST_STEP][PASSED] - verifyTextPresent("System Settings", false): Text 'System Settings' is present on page 

2020-04-20 10:50:15 - [MESSAGE][PASSED] - Text 'System Settings' is present on page 

2020-04-20 10:50:15 - [TEST_STEP][PASSED] - "----------------------------------------------": null

2020-04-20 10:50:15 - [TEST_STEP][PASSED] - verifyTextPresent("Status", false): Text 'Status' is present on page 

2020-04-20 10:50:15 - [MESSAGE][PASSED] - Text 'Status' is present on page 

2020-04-20 10:50:15 - [TEST_STEP][PASSED] - verifyTextPresent("JSON Settings", false): Text 'JSON Settings' is present on page 

2020-04-20 10:50:15 - [MESSAGE][PASSED] - Text 'JSON Settings' is present on page 

2020-04-20 10:50:15 - [TEST_STEP][PASSED] - verifyTextPresent("Stopped", false): Text 'Stopped' is present on page 

2020-04-20 10:50:15 - [MESSAGE][PASSED] - Text 'Stopped' is present on page 

2020-04-20 10:50:15 - [TEST_STEP][FAILED] - verifyTextPresent("Start date range", false): Text 'Start date range' is not present on page  (Root cause: com.kms.katalon.core.exception.StepFailedException: Text 'Start date range' is not present on page 
	at com.kms.katalon.core.webui.keyword.internal.WebUIKeywordMain.stepFailed(WebUIKeywordMain.groovy:64)
	at com.kms.katalon.core.webui.keyword.builtin.VerifyTextPresentKeyword$_verifyTextPresent_closure1.doCall(VerifyTextPresentKeyword.groovy:79)
	at com.kms.katalon.core.webui.keyword.builtin.VerifyTextPresentKeyword$_verifyTextPresent_closure1.call(VerifyTextPresentKeyword.groovy)
	at com.kms.katalon.core.webui.keyword.internal.WebUIKeywordMain.runKeyword(WebUIKeywordMain.groovy:20)
	at com.kms.katalon.core.webui.keyword.builtin.VerifyTextPresentKeyword.verifyTextPresent(VerifyTextPresentKeyword.groovy:83)
	at com.kms.katalon.core.webui.keyword.builtin.VerifyTextPresentKeyword.execute(VerifyTextPresentKeyword.groovy:68)
	at com.kms.katalon.core.keyword.internal.KeywordExecutor.executeKeywordForPlatform(KeywordExecutor.groovy:72)
	at com.kms.katalon.core.webui.keyword.WebUiBuiltInKeywords.verifyTextPresent(WebUiBuiltInKeywords.groovy:1719)
	at com.kms.katalon.core.webui.keyword.WebUiBuiltInKeywords$verifyTextPresent$2.call(Unknown Source)
	at Trade_App_Settings.run(Trade_App_Settings:64)
	at com.kms.katalon.core.main.ScriptEngine.run(ScriptEngine.java:194)
	at com.kms.katalon.core.main.ScriptEngine.runScriptAsRawText(ScriptEngine.java:119)
	at com.kms.katalon.core.main.TestCaseExecutor.runScript(TestCaseExecutor.java:337)
	at com.kms.katalon.core.main.TestCaseExecutor.doExecute(TestCaseExecutor.java:328)
	at com.kms.katalon.core.main.TestCaseExecutor.processExecutionPhase(TestCaseExecutor.java:307)
	at com.kms.katalon.core.main.TestCaseExecutor.accessMainPhase(TestCaseExecutor.java:299)
	at com.kms.katalon.core.main.TestCaseExecutor.execute(TestCaseExecutor.java:233)
	at com.kms.katalon.core.main.TestCaseMain.runTestCase(TestCaseMain.java:114)
	at com.kms.katalon.core.keyword.builtin.CallTestCaseKeyword$_callTestCase_closure1.doCall(CallTestCaseKeyword.groovy:59)
	at com.kms.katalon.core.keyword.builtin.CallTestCaseKeyword$_callTestCase_closure1.call(CallTestCaseKeyword.groovy)
	at com.kms.katalon.core.keyword.internal.KeywordMain.runKeyword(KeywordMain.groovy:68)
	at com.kms.katalon.core.keyword.builtin.CallTestCaseKeyword.callTestCase(CallTestCaseKeyword.groovy:81)
	at com.kms.katalon.core.keyword.builtin.CallTestCaseKeyword.execute(CallTestCaseKeyword.groovy:44)
	at com.kms.katalon.core.keyword.internal.KeywordExecutor.executeKeywordForPlatform(KeywordExecutor.groovy:72)
	at com.kms.katalon.core.keyword.BuiltinKeywords.callTestCase(BuiltinKeywords.groovy:334)
	at Trade_App_Settings.run(Trade_App_Settings:63)
	at com.kms.katalon.core.main.ScriptEngine.run(ScriptEngine.java:194)
	at com.kms.katalon.core.main.ScriptEngine.runScriptAsRawText(ScriptEngine.java:119)
	at com.kms.katalon.core.main.TestCaseExecutor.runScript(TestCaseExecutor.java:337)
	at com.kms.katalon.core.main.TestCaseExecutor.doExecute(TestCaseExecutor.java:328)
	at com.kms.katalon.core.main.TestCaseExecutor.processExecutionPhase(TestCaseExecutor.java:307)
	at com.kms.katalon.core.main.TestCaseExecutor.accessMainPhase(TestCaseExecutor.java:299)
	at com.kms.katalon.core.main.TestCaseExecutor.execute(TestCaseExecutor.java:233)
	at com.kms.katalon.core.main.TestSuiteExecutor.accessTestCaseMainPhase(TestSuiteExecutor.java:169)
	at com.kms.katalon.core.main.TestSuiteExecutor.accessTestSuiteMainPhase(TestSuiteExecutor.java:142)
	at com.kms.katalon.core.main.TestSuiteExecutor.execute(TestSuiteExecutor.java:91)
	at com.kms.katalon.core.main.TestCaseMain.startTestSuite(TestCaseMain.java:157)
	at com.kms.katalon.core.main.TestCaseMain$startTestSuite$0.call(Unknown Source)
	at TempTestSuite1587374365440.run(TempTestSuite1587374365440.groovy:36)
)

2020-04-20 10:50:15 - [MESSAGE][FAILED] - Text 'Start date range' is not present on page  (Root cause: com.kms.katalon.core.exception.StepFailedException: Text 'Start date range' is not present on page 
	at com.kms.katalon.core.webui.keyword.internal.WebUIKeywordMain.stepFailed(WebUIKeywordMain.groovy:64)
	at com.kms.katalon.core.webui.keyword.builtin.VerifyTextPresentKeyword$_verifyTextPresent_closure1.doCall(VerifyTextPresentKeyword.groovy:79)
	at com.kms.katalon.core.webui.keyword.builtin.VerifyTextPresentKeyword$_verifyTextPresent_closure1.call(VerifyTextPresentKeyword.groovy)
	at com.kms.katalon.core.webui.keyword.internal.WebUIKeywordMain.runKeyword(WebUIKeywordMain.groovy:20)
	at com.kms.katalon.core.webui.keyword.builtin.VerifyTextPresentKeyword.verifyTextPresent(VerifyTextPresentKeyword.groovy:83)
	at com.kms.katalon.core.webui.keyword.builtin.VerifyTextPresentKeyword.execute(VerifyTextPresentKeyword.groovy:68)
	at com.kms.katalon.core.keyword.internal.KeywordExecutor.executeKeywordForPlatform(KeywordExecutor.groovy:72)
	at com.kms.katalon.core.webui.keyword.WebUiBuiltInKeywords.verifyTextPresent(WebUiBuiltInKeywords.groovy:1719)
	at com.kms.katalon.core.webui.keyword.WebUiBuiltInKeywords$verifyTextPresent$2.call(Unknown Source)
	at Trade_App_Settings.run(Trade_App_Settings:64)
	at com.kms.katalon.core.main.ScriptEngine.run(ScriptEngine.java:194)
	at com.kms.katalon.core.main.ScriptEngine.runScriptAsRawText(ScriptEngine.java:119)
	at com.kms.katalon.core.main.TestCaseExecutor.runScript(TestCaseExecutor.java:337)
	at com.kms.katalon.core.main.TestCaseExecutor.doExecute(TestCaseExecutor.java:328)
	at com.kms.katalon.core.main.TestCaseExecutor.processExecutionPhase(TestCaseExecutor.java:307)
	at com.kms.katalon.core.main.TestCaseExecutor.accessMainPhase(TestCaseExecutor.java:299)
	at com.kms.katalon.core.main.TestCaseExecutor.execute(TestCaseExecutor.java:233)
	at com.kms.katalon.core.main.TestCaseMain.runTestCase(TestCaseMain.java:114)
	at com.kms.katalon.core.keyword.builtin.CallTestCaseKeyword$_callTestCase_closure1.doCall(CallTestCaseKeyword.groovy:59)
	at com.kms.katalon.core.keyword.builtin.CallTestCaseKeyword$_callTestCase_closure1.call(CallTestCaseKeyword.groovy)
	at com.kms.katalon.core.keyword.internal.KeywordMain.runKeyword(KeywordMain.groovy:68)
	at com.kms.katalon.core.keyword.builtin.CallTestCaseKeyword.callTestCase(CallTestCaseKeyword.groovy:81)
	at com.kms.katalon.core.keyword.builtin.CallTestCaseKeyword.execute(CallTestCaseKeyword.groovy:44)
	at com.kms.katalon.core.keyword.internal.KeywordExecutor.executeKeywordForPlatform(KeywordExecutor.groovy:72)
	at com.kms.katalon.core.keyword.BuiltinKeywords.callTestCase(BuiltinKeywords.groovy:334)
	at Trade_App_Settings.run(Trade_App_Settings:63)
	at com.kms.katalon.core.main.ScriptEngine.run(ScriptEngine.java:194)
	at com.kms.katalon.core.main.ScriptEngine.runScriptAsRawText(ScriptEngine.java:119)
	at com.kms.katalon.core.main.TestCaseExecutor.runScript(TestCaseExecutor.java:337)
	at com.kms.katalon.core.main.TestCaseExecutor.doExecute(TestCaseExecutor.java:328)
	at com.kms.katalon.core.main.TestCaseExecutor.processExecutionPhase(TestCaseExecutor.java:307)
	at com.kms.katalon.core.main.TestCaseExecutor.accessMainPhase(TestCaseExecutor.java:299)
	at com.kms.katalon.core.main.TestCaseExecutor.execute(TestCaseExecutor.java:233)
	at com.kms.katalon.core.main.TestSuiteExecutor.accessTestCaseMainPhase(TestSuiteExecutor.java:169)
	at com.kms.katalon.core.main.TestSuiteExecutor.accessTestSuiteMainPhase(TestSuiteExecutor.java:142)
	at com.kms.katalon.core.main.TestSuiteExecutor.execute(TestSuiteExecutor.java:91)
	at com.kms.katalon.core.main.TestCaseMain.startTestSuite(TestCaseMain.java:157)
	at com.kms.katalon.core.main.TestCaseMain$startTestSuite$0.call(Unknown Source)
	at TempTestSuite1587374365440.run(TempTestSuite1587374365440.groovy:36)
)

2020-04-20 10:50:15 - [TEST_STEP][PASSED] - verifyTextPresent("Show Community Page", false): Text 'Show Community Page' is present on page 

2020-04-20 10:50:16 - [MESSAGE][PASSED] - Text 'Show Community Page' is present on page 

2020-04-20 10:50:16 - [MESSAGE][WARNING] - Unable to call Test Case 'Test Cases/Reusable_Test_Sequences/Web_Office/Verification/Settings/Checkatrade_Com/Trade_App_Settings' (Root cause: com.kms.katalon.core.exception.StepFailedException: Call Test Case 'Test Cases/Reusable_Test_Sequences/Web_Office/Verification/Settings/Checkatrade_Com/Trade_App_Settings' failed
	at com.kms.katalon.core.keyword.builtin.CallTestCaseKeyword$_callTestCase_closure1.doCall(CallTestCaseKeyword.groovy:63)
	at com.kms.katalon.core.keyword.builtin.CallTestCaseKeyword$_callTestCase_closure1.call(CallTestCaseKeyword.groovy)
	at com.kms.katalon.core.keyword.internal.KeywordMain.runKeyword(KeywordMain.groovy:68)
	at com.kms.katalon.core.keyword.builtin.CallTestCaseKeyword.callTestCase(CallTestCaseKeyword.groovy:81)
	at com.kms.katalon.core.keyword.builtin.CallTestCaseKeyword.execute(CallTestCaseKeyword.groovy:44)
	at com.kms.katalon.core.keyword.internal.KeywordExecutor.executeKeywordForPlatform(KeywordExecutor.groovy:72)
	at com.kms.katalon.core.keyword.BuiltinKeywords.callTestCase(BuiltinKeywords.groovy:334)
	at Trade_App_Settings.run(Trade_App_Settings:63)
	at com.kms.katalon.core.main.ScriptEngine.run(ScriptEngine.java:194)
	at com.kms.katalon.core.main.ScriptEngine.runScriptAsRawText(ScriptEngine.java:119)
	at com.kms.katalon.core.main.TestCaseExecutor.runScript(TestCaseExecutor.java:337)
	at com.kms.katalon.core.main.TestCaseExecutor.doExecute(TestCaseExecutor.java:328)
	at com.kms.katalon.core.main.TestCaseExecutor.processExecutionPhase(TestCaseExecutor.java:307)
	at com.kms.katalon.core.main.TestCaseExecutor.accessMainPhase(TestCaseExecutor.java:299)
	at com.kms.katalon.core.main.TestCaseExecutor.execute(TestCaseExecutor.java:233)
	at com.kms.katalon.core.main.TestSuiteExecutor.accessTestCaseMainPhase(TestSuiteExecutor.java:169)
	at com.kms.katalon.core.main.TestSuiteExecutor.accessTestSuiteMainPhase(TestSuiteExecutor.java:142)
	at com.kms.katalon.core.main.TestSuiteExecutor.execute(TestSuiteExecutor.java:91)
	at com.kms.katalon.core.main.TestCaseMain.startTestSuite(TestCaseMain.java:157)
	at com.kms.katalon.core.main.TestCaseMain$startTestSuite$0.call(Unknown Source)
	at TempTestSuite1587374365440.run(TempTestSuite1587374365440.groovy:36)
Caused by: com.kms.katalon.core.exception.StepFailedException: Text 'Start date range' is not present on page  (Root cause: com.kms.katalon.core.exception.StepFailedException: Text 'Start date range' is not present on page 
	at com.kms.katalon.core.webui.keyword.internal.WebUIKeywordMain.stepFailed(WebUIKeywordMain.groovy:64)
	at com.kms.katalon.core.webui.keyword.builtin.VerifyTextPresentKeyword$_verifyTextPresent_closure1.doCall(VerifyTextPresentKeyword.groovy:79)
	at com.kms.katalon.core.webui.keyword.builtin.VerifyTextPresentKeyword$_verifyTextPresent_closure1.call(VerifyTextPresentKeyword.groovy)
	at com.kms.katalon.core.webui.keyword.internal.WebUIKeywordMain.runKeyword(WebUIKeywordMain.groovy:20)
	at com.kms.katalon.core.webui.keyword.builtin.VerifyTextPresentKeyword.verifyTextPresent(VerifyTextPresentKeyword.groovy:83)
	at com.kms.katalon.core.webui.keyword.builtin.VerifyTextPresentKeyword.execute(VerifyTextPresentKeyword.groovy:68)
	at com.kms.katalon.core.keyword.internal.KeywordExecutor.executeKeywordForPlatform(KeywordExecutor.groovy:72)
	at com.kms.katalon.core.webui.keyword.WebUiBuiltInKeywords.verifyTextPresent(WebUiBuiltInKeywords.groovy:1719)
	at com.kms.katalon.core.webui.keyword.WebUiBuiltInKeywords$verifyTextPresent$2.call(Unknown Source)
	at Trade_App_Settings.run(Trade_App_Settings:64)
	at com.kms.katalon.core.main.ScriptEngine.run(ScriptEngine.java:194)
	at com.kms.katalon.core.main.ScriptEngine.runScriptAsRawText(ScriptEngine.java:119)
	at com.kms.katalon.core.main.TestCaseExecutor.runScript(TestCaseExecutor.java:337)
	at com.kms.katalon.core.main.TestCaseExecutor.doExecute(TestCaseExecutor.java:328)
	at com.kms.katalon.core.main.TestCaseExecutor.processExecutionPhase(TestCaseExecutor.java:307)
	at com.kms.katalon.core.main.TestCaseExecutor.accessMainPhase(TestCaseExecutor.java:299)
	at com.kms.katalon.core.main.TestCaseExecutor.execute(TestCaseExecutor.java:233)
	at com.kms.katalon.core.main.TestCaseMain.runTestCase(TestCaseMain.java:114)
	at com.kms.katalon.core.keyword.builtin.CallTestCaseKeyword$_callTestCase_closure1.doCall(CallTestCaseKeyword.groovy:59)
	at com.kms.katalon.core.keyword.builtin.CallTestCaseKeyword$_callTestCase_closure1.call(CallTestCaseKeyword.groovy)
	at com.kms.katalon.core.keyword.internal.KeywordMain.runKeyword(KeywordMain.groovy:68)
	at com.kms.katalon.core.keyword.builtin.CallTestCaseKeyword.callTestCase(CallTestCaseKeyword.groovy:81)
	at com.kms.katalon.core.keyword.builtin.CallTestCaseKeyword.execute(CallTestCaseKeyword.groovy:44)
	at com.kms.katalon.core.keyword.internal.KeywordExecutor.executeKeywordForPlatform(KeywordExecutor.groovy:72)
	at com.kms.katalon.core.keyword.BuiltinKeywords.callTestCase(BuiltinKeywords.groovy:334)
	at Trade_App_Settings.run(Trade_App_Settings:63)
	at com.kms.katalon.core.main.ScriptEngine.run(ScriptEngine.java:194)
	at com.kms.katalon.core.main.ScriptEngine.runScriptAsRawText(ScriptEngine.java:119)
	at com.kms.katalon.core.main.TestCaseExecutor.runScript(TestCaseExecutor.java:337)
	at com.kms.katalon.core.main.TestCaseExecutor.doExecute(TestCaseExecutor.java:328)
	at com.kms.katalon.core.main.TestCaseExecutor.processExecutionPhase(TestCaseExecutor.java:307)
	at com.kms.katalon.core.main.TestCaseExecutor.accessMainPhase(TestCaseExecutor.java:299)
	at com.kms.katalon.core.main.TestCaseExecutor.execute(TestCaseExecutor.java:233)
	at com.kms.katalon.core.main.TestSuiteExecutor.accessTestCaseMainPhase(TestSuiteExecutor.java:169)
	at com.kms.katalon.core.main.TestSuiteExecutor.accessTestSuiteMainPhase(TestSuiteExecutor.java:142)
	at com.kms.katalon.core.main.TestSuiteExecutor.execute(TestSuiteExecutor.java:91)
	at com.kms.katalon.core.main.TestCaseMain.startTestSuite(TestCaseMain.java:157)
	at com.kms.katalon.core.main.TestCaseMain$startTestSuite$0.call(Unknown Source)
	at TempTestSuite1587374365440.run(TempTestSuite1587374365440.groovy:36)
)
	at com.kms.katalon.core.keyword.internal.KeywordMain.stepFailed(KeywordMain.groovy:39)
	at com.kms.katalon.core.webui.keyword.internal.WebUIKeywordMain.stepFailed(WebUIKeywordMain.groovy:64)
	at com.kms.katalon.core.webui.keyword.builtin.VerifyTextPresentKeyword$_verifyTextPresent_closure1.doCall(VerifyTextPresentKeyword.groovy:79)
	at com.kms.katalon.core.webui.keyword.builtin.VerifyTextPresentKeyword$_verifyTextPresent_closure1.call(VerifyTextPresentKeyword.groovy)
	at com.kms.katalon.core.webui.keyword.internal.WebUIKeywordMain.runKeyword(WebUIKeywordMain.groovy:20)
	at com.kms.katalon.core.webui.keyword.builtin.VerifyTextPresentKeyword.verifyTextPresent(VerifyTextPresentKeyword.groovy:83)
	at com.kms.katalon.core.webui.keyword.builtin.VerifyTextPresentKeyword.execute(VerifyTextPresentKeyword.groovy:68)
	at com.kms.katalon.core.keyword.internal.KeywordExecutor.executeKeywordForPlatform(KeywordExecutor.groovy:72)
	at com.kms.katalon.core.webui.keyword.WebUiBuiltInKeywords.verifyTextPresent(WebUiBuiltInKeywords.groovy:1719)
	at com.kms.katalon.core.webui.keyword.WebUiBuiltInKeywords$verifyTextPresent$2.call(Unknown Source)
	at Trade_App_Settings.run(Trade_App_Settings:64)
	at com.kms.katalon.core.main.ScriptEngine.run(ScriptEngine.java:194)
	at com.kms.katalon.core.main.ScriptEngine.runScriptAsRawText(ScriptEngine.java:119)
	at com.kms.katalon.core.main.TestCaseExecutor.runScript(TestCaseExecutor.java:337)
	at com.kms.katalon.core.main.TestCaseExecutor.doExecute(TestCaseExecutor.java:328)
	at com.kms.katalon.core.main.TestCaseExecutor.processExecutionPhase(TestCaseExecutor.java:307)
	at com.kms.katalon.core.main.TestCaseExecutor.accessMainPhase(TestCaseExecutor.java:299)
	at com.kms.katalon.core.main.TestCaseExecutor.execute(TestCaseExecutor.java:233)
	at com.kms.katalon.core.main.TestCaseMain.runTestCase(TestCaseMain.java:114)
	at com.kms.katalon.core.keyword.builtin.CallTestCaseKeyword$_callTestCase_closure1.doCall(CallTestCaseKeyword.groovy:59)
	... 20 more
Caused by: com.kms.katalon.core.exception.StepFailedException: Text 'Start date range' is not present on page 
	... 39 more
)

2020-04-20 10:50:16 - [TEST_STEP][PASSED] - "--------------------------": null

2020-04-20 10:50:16 - [TEST_STEP][PASSED] - " Teardown - CLose Browser |": null

2020-04-20 10:50:16 - [TEST_STEP][PASSED] - callTestCase(findTestCase("Reusable_Test_Sequences/CAT_Teardown"), [:], OPTIONAL): Call Test Case 'Test Cases/Reusable_Test_Sequences/CAT_Teardown' successfully

2020-04-20 10:50:16 - [TEST_CASE][PASSED] - Test Cases/Reusable_Test_Sequences/CAT_Teardown: Test Cases/Reusable_Test_Sequences/CAT_Teardown

2020-04-20 10:50:16 - [TEST_STEP][PASSED] - closeBrowser(): Browser is closed

2020-04-20 10:50:19 - [MESSAGE][PASSED] - Browser is closed

2020-04-20 10:50:19 - [TEST_STEP][PASSED] - super.finalize(): null

2020-04-20 10:50:19 - [TEST_STEP][PASSED] - System.gc(): null

2020-04-20 10:50:19 - [MESSAGE][PASSED] - Call Test Case 'Test Cases/Reusable_Test_Sequences/CAT_Teardown' successfully]]></system-out>
         <system-err><![CDATA[]]></system-err>
      </testcase>
      <testcase name="Test Cases/Web_Office/Settings/Checkatrade_Com/Company_Heroes" time="29.311" classname="Test Cases/Web_Office/Settings/Checkatrade_Com/Company_Heroes" status="PASSED">
         <system-out><![CDATA[2020-04-20 10:50:19 - [TEST_CASE][PASSED] - Test Cases/Web_Office/Settings/Checkatrade_Com/Company_Heroes: Test Cases/Web_Office/Settings/Checkatrade_Com/Company_Heroes

2020-04-20 10:50:20 - [TEST_STEP][PASSED] - "--------------------------------------": null

2020-04-20 10:50:20 - [TEST_STEP][PASSED] - " Web Office StartUp                  |": null

2020-04-20 10:50:20 - [TEST_STEP][PASSED] - callTestCase(findTestCase("Reusable_Test_Sequences/Web_Office/Directives/WebOffice_StartUp"), [:], STOP_ON_FAILURE): Call Test Case 'Test Cases/Reusable_Test_Sequences/Web_Office/Directives/WebOffice_StartUp' successfully

2020-04-20 10:50:20 - [TEST_CASE][PASSED] - Test Cases/Reusable_Test_Sequences/Web_Office/Directives/WebOffice_StartUp: Test Cases/Reusable_Test_Sequences/Web_Office/Directives/WebOffice_StartUp

2020-04-20 10:50:20 - [TEST_STEP][PASSED] - "-----------------------------------------------------------------------------": null

2020-04-20 10:50:20 - [TEST_STEP][PASSED] - if (URL == "https://www.dev.checkatrade.com/"): null

2020-04-20 10:50:20 - [TEST_STEP][PASSED] - "-----------------------------------------------------------------------------": null

2020-04-20 10:50:20 - [TEST_STEP][PASSED] - if (URL == "https://www.checkatrade.com/"): null

2020-04-20 10:50:20 - [TEST_STEP][PASSED] - "-----------------------------------------------------------------------------": null

2020-04-20 10:50:20 - [TEST_STEP][PASSED] - if (URL == "https://www.preview.checkatrade.com/"): null

2020-04-20 10:50:20 - [TEST_STEP][PASSED] - WebOfficeURL = "https://admin.preview.checkatrade.com/": null

2020-04-20 10:50:20 - [TEST_STEP][PASSED] - if (URL == "https://www.dev2.checkatrade.com/"): null

2020-04-20 10:50:20 - [TEST_STEP][PASSED] - "Set Function Area for "URL_Handler", URL Resolution": null

2020-04-20 10:50:20 - [TEST_STEP][PASSED] - "Do Some Magic with URL(s) See the comments within URL Handler ": null

2020-04-20 10:50:20 - [TEST_STEP][PASSED] - "------------------------------------------------": null

2020-04-20 10:50:20 - [TEST_STEP][PASSED] - "Moved Login Credentials to <Default> profile 22/01/2020": null

2020-04-20 10:50:20 - [TEST_STEP][PASSED] - "------------------------------------------------": null

2020-04-20 10:50:20 - [TEST_STEP][PASSED] - "WebOfficeURL - Set from the ENVIRONMENT PROFILE ": null

2020-04-20 10:50:20 - [TEST_STEP][PASSED] - "OPEN BROWSER": null

2020-04-20 10:50:20 - [TEST_STEP][PASSED] - "eg - https://admin.preview.checkatrade.com/  ": null

2020-04-20 10:50:20 - [TEST_STEP][PASSED] - openBrowser(WebOfficeURL): Browser is opened with url: 'https://admin.preview.checkatrade.com/'

2020-04-20 10:50:20 - [MESSAGE][INFO] - Starting 'Chrome' driver

2020-04-20 10:50:20 - [MESSAGE][INFO] - Action delay is set to 0 milliseconds

2020-04-20 10:50:25 - [MESSAGE][PASSED] - Browser is opened with url: 'https://admin.preview.checkatrade.com/'

2020-04-20 10:50:25 - [TEST_STEP][PASSED] - maximizeWindow(): Current window maximized

2020-04-20 10:50:28 - [MESSAGE][PASSED] - Current window maximized

2020-04-20 10:50:28 - [TEST_STEP][PASSED] - waitForElementClickable(findTestObject("Object Repository/WebOffice/Page_Checkatrade - Administration - Login/Login_Button"), 25): Object 'Object Repository/WebOffice/Page_Checkatrade - Administration - Login/Login_Button' is clickable

2020-04-20 10:50:28 - [MESSAGE][PASSED] - Object 'Object Repository/WebOffice/Page_Checkatrade - Administration - Login/Login_Button' is clickable

2020-04-20 10:50:28 - [TEST_STEP][PASSED] - verifyTextPresent("Checkatrade Web Office", false): Text 'Checkatrade Web Office' is present on page 

2020-04-20 10:50:28 - [MESSAGE][PASSED] - Text 'Checkatrade Web Office' is present on page 

2020-04-20 10:50:28 - [TEST_STEP][PASSED] - verifyTextPresent("Access for staff use only", false): Text 'Access for staff use only' is present on page 

2020-04-20 10:50:28 - [MESSAGE][PASSED] - Text 'Access for staff use only' is present on page 

2020-04-20 10:50:28 - [TEST_STEP][PASSED] - verifyTextPresent("Forgotten password?", false): Text 'Forgotten password?' is present on page 

2020-04-20 10:50:28 - [MESSAGE][PASSED] - Text 'Forgotten password?' is present on page 

2020-04-20 10:50:28 - [TEST_STEP][PASSED] - setText(findTestObject("Object Repository/WebOffice/Page_Checkatrade - Administration - Login/input_Username_LoginControlUserName"), wo_Username): Text 'DavidHo' is set on object 'Object Repository/WebOffice/Page_Checkatrade - Administration - Login/input_Username_LoginControlUserName'

2020-04-20 10:50:28 - [MESSAGE][PASSED] - Text 'DavidHo' is set on object 'Object Repository/WebOffice/Page_Checkatrade - Administration - Login/input_Username_LoginControlUserName'

2020-04-20 10:50:28 - [TEST_STEP][PASSED] - setText(findTestObject("Object Repository/WebOffice/Page_Checkatrade - Administration - Login/input_Password_LoginControlPassword"), wo_Password): Text 'Check123' is set on object 'Object Repository/WebOffice/Page_Checkatrade - Administration - Login/input_Password_LoginControlPassword'

2020-04-20 10:50:29 - [MESSAGE][PASSED] - Text 'Check123' is set on object 'Object Repository/WebOffice/Page_Checkatrade - Administration - Login/input_Password_LoginControlPassword'

2020-04-20 10:50:29 - [TEST_STEP][PASSED] - click(findTestObject("Object Repository/WebOffice/Page_Checkatrade - Administration - Login/Login_Button")): Object: 'Object Repository/WebOffice/Page_Checkatrade - Administration - Login/Login_Button' is clicked on

2020-04-20 10:50:30 - [MESSAGE][PASSED] - Object: 'Object Repository/WebOffice/Page_Checkatrade - Administration - Login/Login_Button' is clicked on

2020-04-20 10:50:30 - [TEST_STEP][PASSED] - waitForPageLoad(60): Wait for page load successfully

2020-04-20 10:50:30 - [MESSAGE][PASSED] - Wait for page load successfully

2020-04-20 10:50:30 - [TEST_STEP][PASSED] - verifyTextPresent("Welcome " + wo_Username, false): Text 'Welcome DavidHo' is present on page 

2020-04-20 10:50:30 - [MESSAGE][PASSED] - Text 'Welcome DavidHo' is present on page 

2020-04-20 10:50:30 - [MESSAGE][PASSED] - Call Test Case 'Test Cases/Reusable_Test_Sequences/Web_Office/Directives/WebOffice_StartUp' successfully

2020-04-20 10:50:30 - [TEST_STEP][PASSED] - "-----------------------------------------------------------------": null

2020-04-20 10:50:30 - [TEST_STEP][PASSED] - " Navigate to <Settings->Checkatrade.Com->Sub Item> Menu Item     |": null

2020-04-20 10:50:30 - [TEST_STEP][PASSED] - callTestCase(findTestCase("Reusable_Test_Sequences/Web_Office/Navigation/Sub_Menu_Navigation/Settings/Checkatrade_Com/Company_Heroes"), [:], STOP_ON_FAILURE): Call Test Case 'Test Cases/Reusable_Test_Sequences/Web_Office/Navigation/Sub_Menu_Navigation/Settings/Checkatrade_Com/Company_Heroes' successfully

2020-04-20 10:50:30 - [TEST_CASE][PASSED] - Test Cases/Reusable_Test_Sequences/Web_Office/Navigation/Sub_Menu_Navigation/Settings/Checkatrade_Com/Company_Heroes: Test Cases/Reusable_Test_Sequences/Web_Office/Navigation/Sub_Menu_Navigation/Settings/Checkatrade_Com/Company_Heroes

2020-04-20 10:50:31 - [TEST_STEP][PASSED] - "--------------------------------------": null

2020-04-20 10:50:31 - [TEST_STEP][PASSED] - " Navigate Top level menu Item         |": null

2020-04-20 10:50:31 - [TEST_STEP][PASSED] - waitForPageLoad(60): Wait for page load successfully

2020-04-20 10:50:31 - [MESSAGE][PASSED] - Wait for page load successfully

2020-04-20 10:50:31 - [TEST_STEP][PASSED] - waitForElementClickable(findTestObject("Object Repository/WebOffice_Home_page/a_Settings"), 60): Object 'Object Repository/WebOffice_Home_page/a_Settings' is clickable

2020-04-20 10:50:31 - [MESSAGE][PASSED] - Object 'Object Repository/WebOffice_Home_page/a_Settings' is clickable

2020-04-20 10:50:31 - [TEST_STEP][PASSED] - mouseOver(findTestObject("Object Repository/WebOffice_Home_page/a_Settings")): Object: 'Object Repository/WebOffice_Home_page/a_Settings' is hovered

2020-04-20 10:50:31 - [MESSAGE][PASSED] - Object: 'Object Repository/WebOffice_Home_page/a_Settings' is hovered

2020-04-20 10:50:31 - [TEST_STEP][PASSED] - mouseOver(findTestObject("Object Repository/WebOffice_Home_page/a_wwwcheckatradecom")): Object: 'Object Repository/WebOffice_Home_page/a_wwwcheckatradecom' is hovered

2020-04-20 10:50:31 - [MESSAGE][PASSED] - Object: 'Object Repository/WebOffice_Home_page/a_wwwcheckatradecom' is hovered

2020-04-20 10:50:31 - [TEST_STEP][PASSED] - waitForElementClickable(findTestObject("Object Repository/WebOffice_Home_page/a_Company Heroes"), 1): Object 'Object Repository/WebOffice_Home_page/a_Company Heroes' is clickable

2020-04-20 10:50:32 - [MESSAGE][PASSED] - Object 'Object Repository/WebOffice_Home_page/a_Company Heroes' is clickable

2020-04-20 10:50:32 - [TEST_STEP][PASSED] - click(findTestObject("Object Repository/WebOffice_Home_page/a_Company Heroes")): Object: 'Object Repository/WebOffice_Home_page/a_Company Heroes' is clicked on

2020-04-20 10:50:38 - [MESSAGE][PASSED] - Object: 'Object Repository/WebOffice_Home_page/a_Company Heroes' is clicked on

2020-04-20 10:50:38 - [MESSAGE][PASSED] - Call Test Case 'Test Cases/Reusable_Test_Sequences/Web_Office/Navigation/Sub_Menu_Navigation/Settings/Checkatrade_Com/Company_Heroes' successfully

2020-04-20 10:50:38 - [TEST_STEP][PASSED] - "--------------------------------------": null

2020-04-20 10:50:38 - [TEST_STEP][PASSED] - " Verify Returned Page Detail          |": null

2020-04-20 10:50:38 - [TEST_STEP][PASSED] - callTestCase(findTestCase("Reusable_Test_Sequences/Web_Office/Verification/Settings/Checkatrade_Com/Company_Heroes"), [:], OPTIONAL): Call Test Case 'Test Cases/Reusable_Test_Sequences/Web_Office/Verification/Settings/Checkatrade_Com/Company_Heroes' successfully

2020-04-20 10:50:38 - [TEST_CASE][PASSED] - Test Cases/Reusable_Test_Sequences/Web_Office/Verification/Settings/Checkatrade_Com/Company_Heroes: Test Cases/Reusable_Test_Sequences/Web_Office/Verification/Settings/Checkatrade_Com/Company_Heroes

2020-04-20 10:50:39 - [TEST_STEP][PASSED] - waitForPageLoad(60): Wait for page load successfully

2020-04-20 10:50:39 - [MESSAGE][PASSED] - Wait for page load successfully

2020-04-20 10:50:39 - [TEST_STEP][PASSED] - delay(1): Delayed 1 second(s)

2020-04-20 10:50:40 - [MESSAGE][PASSED] - Delayed 1 second(s)

2020-04-20 10:50:40 - [TEST_STEP][PASSED] - verifyTextPresent("Company Heroes", false): Text 'Company Heroes' is present on page 

2020-04-20 10:50:41 - [MESSAGE][PASSED] - Text 'Company Heroes' is present on page 

2020-04-20 10:50:41 - [TEST_STEP][PASSED] - "----------------------------------------------": null

2020-04-20 10:50:41 - [TEST_STEP][PASSED] - verifyTextPresent("Add New Company Hero", false): Text 'Add New Company Hero' is present on page 

2020-04-20 10:50:41 - [MESSAGE][PASSED] - Text 'Add New Company Hero' is present on page 

2020-04-20 10:50:41 - [TEST_STEP][PASSED] - verifyTextPresent("Company ID (TTR)", false): Text 'Company ID (TTR)' is present on page 

2020-04-20 10:50:41 - [MESSAGE][PASSED] - Text 'Company ID (TTR)' is present on page 

2020-04-20 10:50:41 - [TEST_STEP][PASSED] - verifyTextPresent("Trader Name", false): Text 'Trader Name' is present on page 

2020-04-20 10:50:42 - [MESSAGE][PASSED] - Text 'Trader Name' is present on page 

2020-04-20 10:50:42 - [TEST_STEP][PASSED] - verifyTextPresent("Hero Image", false): Text 'Hero Image' is present on page 

2020-04-20 10:50:42 - [MESSAGE][PASSED] - Text 'Hero Image' is present on page 

2020-04-20 10:50:42 - [TEST_STEP][PASSED] - verifyTextPresent("Note: Image height must be exactly 373px. PNG format only.", false): Text 'Note: Image height must be exactly 373px. PNG format only.' is present on page 

2020-04-20 10:50:42 - [MESSAGE][PASSED] - Text 'Note: Image height must be exactly 373px. PNG format only.' is present on page 

2020-04-20 10:50:42 - [TEST_STEP][PASSED] - "----------------------------------------------": null

2020-04-20 10:50:42 - [TEST_STEP][PASSED] - "----------------------------------------------": null

2020-04-20 10:50:42 - [TEST_STEP][PASSED] - "----------------------------------------------": null

2020-04-20 10:50:42 - [TEST_STEP][PASSED] - verifyTextPresent("Company Heroes", false): Text 'Company Heroes' is present on page 

2020-04-20 10:50:43 - [MESSAGE][PASSED] - Text 'Company Heroes' is present on page 

2020-04-20 10:50:43 - [TEST_STEP][PASSED] - verifyTextPresent("Edit", false): Text 'Edit' is present on page 

2020-04-20 10:50:43 - [MESSAGE][PASSED] - Text 'Edit' is present on page 

2020-04-20 10:50:43 - [TEST_STEP][PASSED] - verifyTextPresent("TTRId", false): Text 'TTRId' is present on page 

2020-04-20 10:50:43 - [MESSAGE][PASSED] - Text 'TTRId' is present on page 

2020-04-20 10:50:43 - [TEST_STEP][PASSED] - verifyTextPresent("Company", false): Text 'Company' is present on page 

2020-04-20 10:50:44 - [MESSAGE][PASSED] - Text 'Company' is present on page 

2020-04-20 10:50:44 - [TEST_STEP][PASSED] - verifyTextPresent("Trader Name", false): Text 'Trader Name' is present on page 

2020-04-20 10:50:44 - [MESSAGE][PASSED] - Text 'Trader Name' is present on page 

2020-04-20 10:50:44 - [TEST_STEP][PASSED] - verifyTextPresent("Status", false): Text 'Status' is present on page 

2020-04-20 10:50:44 - [MESSAGE][PASSED] - Text 'Status' is present on page 

2020-04-20 10:50:44 - [TEST_STEP][PASSED] - verifyTextPresent("Pick", false): Text 'Pick' is present on page 

2020-04-20 10:50:45 - [MESSAGE][PASSED] - Text 'Pick' is present on page 

2020-04-20 10:50:45 - [MESSAGE][PASSED] - Call Test Case 'Test Cases/Reusable_Test_Sequences/Web_Office/Verification/Settings/Checkatrade_Com/Company_Heroes' successfully

2020-04-20 10:50:45 - [TEST_STEP][PASSED] - "--------------------------": null

2020-04-20 10:50:45 - [TEST_STEP][PASSED] - " Teardown - CLose Browser |": null

2020-04-20 10:50:45 - [TEST_STEP][PASSED] - callTestCase(findTestCase("Reusable_Test_Sequences/CAT_Teardown"), [:], OPTIONAL): Call Test Case 'Test Cases/Reusable_Test_Sequences/CAT_Teardown' successfully

2020-04-20 10:50:45 - [TEST_CASE][PASSED] - Test Cases/Reusable_Test_Sequences/CAT_Teardown: Test Cases/Reusable_Test_Sequences/CAT_Teardown

2020-04-20 10:50:45 - [TEST_STEP][PASSED] - closeBrowser(): Browser is closed

2020-04-20 10:50:48 - [MESSAGE][PASSED] - Browser is closed

2020-04-20 10:50:48 - [TEST_STEP][PASSED] - super.finalize(): null

2020-04-20 10:50:48 - [TEST_STEP][PASSED] - System.gc(): null

2020-04-20 10:50:49 - [MESSAGE][PASSED] - Call Test Case 'Test Cases/Reusable_Test_Sequences/CAT_Teardown' successfully]]></system-out>
         <system-err><![CDATA[]]></system-err>
      </testcase>
      <testcase name="Test Cases/Web_Office/Settings/Checkatrade_Com/Feedback_Searching_Capabilities" time="32.485" classname="Test Cases/Web_Office/Settings/Checkatrade_Com/Feedback_Searching_Capabilities" status="PASSED">
         <system-out><![CDATA[2020-04-20 10:50:49 - [TEST_CASE][PASSED] - Test Cases/Web_Office/Settings/Checkatrade_Com/Feedback_Searching_Capabilities: Test Cases/Web_Office/Settings/Checkatrade_Com/Feedback_Searching_Capabilities

2020-04-20 10:50:49 - [TEST_STEP][PASSED] - "--------------------------------------": null

2020-04-20 10:50:49 - [TEST_STEP][PASSED] - " Web Office StartUp                  |": null

2020-04-20 10:50:49 - [TEST_STEP][PASSED] - callTestCase(findTestCase("Reusable_Test_Sequences/Web_Office/Directives/WebOffice_StartUp"), [:], STOP_ON_FAILURE): Call Test Case 'Test Cases/Reusable_Test_Sequences/Web_Office/Directives/WebOffice_StartUp' successfully

2020-04-20 10:50:49 - [TEST_CASE][PASSED] - Test Cases/Reusable_Test_Sequences/Web_Office/Directives/WebOffice_StartUp: Test Cases/Reusable_Test_Sequences/Web_Office/Directives/WebOffice_StartUp

2020-04-20 10:50:49 - [TEST_STEP][PASSED] - "-----------------------------------------------------------------------------": null

2020-04-20 10:50:49 - [TEST_STEP][PASSED] - if (URL == "https://www.dev.checkatrade.com/"): null

2020-04-20 10:50:49 - [TEST_STEP][PASSED] - "-----------------------------------------------------------------------------": null

2020-04-20 10:50:49 - [TEST_STEP][PASSED] - if (URL == "https://www.checkatrade.com/"): null

2020-04-20 10:50:49 - [TEST_STEP][PASSED] - "-----------------------------------------------------------------------------": null

2020-04-20 10:50:49 - [TEST_STEP][PASSED] - if (URL == "https://www.preview.checkatrade.com/"): null

2020-04-20 10:50:49 - [TEST_STEP][PASSED] - WebOfficeURL = "https://admin.preview.checkatrade.com/": null

2020-04-20 10:50:49 - [TEST_STEP][PASSED] - if (URL == "https://www.dev2.checkatrade.com/"): null

2020-04-20 10:50:49 - [TEST_STEP][PASSED] - "Set Function Area for "URL_Handler", URL Resolution": null

2020-04-20 10:50:49 - [TEST_STEP][PASSED] - "Do Some Magic with URL(s) See the comments within URL Handler ": null

2020-04-20 10:50:49 - [TEST_STEP][PASSED] - "------------------------------------------------": null

2020-04-20 10:50:49 - [TEST_STEP][PASSED] - "Moved Login Credentials to <Default> profile 22/01/2020": null

2020-04-20 10:50:49 - [TEST_STEP][PASSED] - "------------------------------------------------": null

2020-04-20 10:50:49 - [TEST_STEP][PASSED] - "WebOfficeURL - Set from the ENVIRONMENT PROFILE ": null

2020-04-20 10:50:49 - [TEST_STEP][PASSED] - "OPEN BROWSER": null

2020-04-20 10:50:49 - [TEST_STEP][PASSED] - "eg - https://admin.preview.checkatrade.com/  ": null

2020-04-20 10:50:49 - [TEST_STEP][PASSED] - openBrowser(WebOfficeURL): Browser is opened with url: 'https://admin.preview.checkatrade.com/'

2020-04-20 10:50:49 - [MESSAGE][INFO] - Starting 'Chrome' driver

2020-04-20 10:50:49 - [MESSAGE][INFO] - Action delay is set to 0 milliseconds

2020-04-20 10:50:54 - [MESSAGE][PASSED] - Browser is opened with url: 'https://admin.preview.checkatrade.com/'

2020-04-20 10:50:54 - [TEST_STEP][PASSED] - maximizeWindow(): Current window maximized

2020-04-20 10:50:57 - [MESSAGE][PASSED] - Current window maximized

2020-04-20 10:50:57 - [TEST_STEP][PASSED] - waitForElementClickable(findTestObject("Object Repository/WebOffice/Page_Checkatrade - Administration - Login/Login_Button"), 25): Object 'Object Repository/WebOffice/Page_Checkatrade - Administration - Login/Login_Button' is clickable

2020-04-20 10:50:57 - [MESSAGE][PASSED] - Object 'Object Repository/WebOffice/Page_Checkatrade - Administration - Login/Login_Button' is clickable

2020-04-20 10:50:57 - [TEST_STEP][PASSED] - verifyTextPresent("Checkatrade Web Office", false): Text 'Checkatrade Web Office' is present on page 

2020-04-20 10:50:57 - [MESSAGE][PASSED] - Text 'Checkatrade Web Office' is present on page 

2020-04-20 10:50:57 - [TEST_STEP][PASSED] - verifyTextPresent("Access for staff use only", false): Text 'Access for staff use only' is present on page 

2020-04-20 10:50:58 - [MESSAGE][PASSED] - Text 'Access for staff use only' is present on page 

2020-04-20 10:50:58 - [TEST_STEP][PASSED] - verifyTextPresent("Forgotten password?", false): Text 'Forgotten password?' is present on page 

2020-04-20 10:50:58 - [MESSAGE][PASSED] - Text 'Forgotten password?' is present on page 

2020-04-20 10:50:58 - [TEST_STEP][PASSED] - setText(findTestObject("Object Repository/WebOffice/Page_Checkatrade - Administration - Login/input_Username_LoginControlUserName"), wo_Username): Text 'DavidHo' is set on object 'Object Repository/WebOffice/Page_Checkatrade - Administration - Login/input_Username_LoginControlUserName'

2020-04-20 10:50:58 - [MESSAGE][PASSED] - Text 'DavidHo' is set on object 'Object Repository/WebOffice/Page_Checkatrade - Administration - Login/input_Username_LoginControlUserName'

2020-04-20 10:50:58 - [TEST_STEP][PASSED] - setText(findTestObject("Object Repository/WebOffice/Page_Checkatrade - Administration - Login/input_Password_LoginControlPassword"), wo_Password): Text 'Check123' is set on object 'Object Repository/WebOffice/Page_Checkatrade - Administration - Login/input_Password_LoginControlPassword'

2020-04-20 10:50:59 - [MESSAGE][PASSED] - Text 'Check123' is set on object 'Object Repository/WebOffice/Page_Checkatrade - Administration - Login/input_Password_LoginControlPassword'

2020-04-20 10:50:59 - [TEST_STEP][PASSED] - click(findTestObject("Object Repository/WebOffice/Page_Checkatrade - Administration - Login/Login_Button")): Object: 'Object Repository/WebOffice/Page_Checkatrade - Administration - Login/Login_Button' is clicked on

2020-04-20 10:51:00 - [MESSAGE][PASSED] - Object: 'Object Repository/WebOffice/Page_Checkatrade - Administration - Login/Login_Button' is clicked on

2020-04-20 10:51:00 - [TEST_STEP][PASSED] - waitForPageLoad(60): Wait for page load successfully

2020-04-20 10:51:01 - [MESSAGE][PASSED] - Wait for page load successfully

2020-04-20 10:51:01 - [TEST_STEP][PASSED] - verifyTextPresent("Welcome " + wo_Username, false): Text 'Welcome DavidHo' is present on page 

2020-04-20 10:51:01 - [MESSAGE][PASSED] - Text 'Welcome DavidHo' is present on page 

2020-04-20 10:51:01 - [MESSAGE][PASSED] - Call Test Case 'Test Cases/Reusable_Test_Sequences/Web_Office/Directives/WebOffice_StartUp' successfully

2020-04-20 10:51:01 - [TEST_STEP][PASSED] - "-----------------------------------------------------------------": null

2020-04-20 10:51:01 - [TEST_STEP][PASSED] - " Navigate to <Settings->Checkatrade.Com->Sub Item> Menu Item     |": null

2020-04-20 10:51:01 - [TEST_STEP][PASSED] - callTestCase(findTestCase("Reusable_Test_Sequences/Web_Office/Navigation/Sub_Menu_Navigation/Settings/Checkatrade_Com/Feedback_Searching_Capabilities"), [:], STOP_ON_FAILURE): Call Test Case 'Test Cases/Reusable_Test_Sequences/Web_Office/Navigation/Sub_Menu_Navigation/Settings/Checkatrade_Com/Feedback_Searching_Capabilities' successfully

2020-04-20 10:51:01 - [TEST_CASE][PASSED] - Test Cases/Reusable_Test_Sequences/Web_Office/Navigation/Sub_Menu_Navigation/Settings/Checkatrade_Com/Feedback_Searching_Capabilities: Test Cases/Reusable_Test_Sequences/Web_Office/Navigation/Sub_Menu_Navigation/Settings/Checkatrade_Com/Feedback_Searching_Capabilities

2020-04-20 10:51:02 - [TEST_STEP][PASSED] - "--------------------------------------": null

2020-04-20 10:51:02 - [TEST_STEP][PASSED] - " Navigate Top level menu Item         |": null

2020-04-20 10:51:02 - [TEST_STEP][PASSED] - waitForPageLoad(60): Wait for page load successfully

2020-04-20 10:51:02 - [MESSAGE][PASSED] - Wait for page load successfully

2020-04-20 10:51:02 - [TEST_STEP][PASSED] - waitForElementClickable(findTestObject("Object Repository/WebOffice_Home_page/a_Settings"), 60): Object 'Object Repository/WebOffice_Home_page/a_Settings' is clickable

2020-04-20 10:51:02 - [MESSAGE][PASSED] - Object 'Object Repository/WebOffice_Home_page/a_Settings' is clickable

2020-04-20 10:51:02 - [TEST_STEP][PASSED] - mouseOver(findTestObject("Object Repository/WebOffice_Home_page/a_Settings")): Object: 'Object Repository/WebOffice_Home_page/a_Settings' is hovered

2020-04-20 10:51:02 - [MESSAGE][PASSED] - Object: 'Object Repository/WebOffice_Home_page/a_Settings' is hovered

2020-04-20 10:51:02 - [TEST_STEP][PASSED] - mouseOver(findTestObject("Object Repository/WebOffice_Home_page/a_wwwcheckatradecom")): Object: 'Object Repository/WebOffice_Home_page/a_wwwcheckatradecom' is hovered

2020-04-20 10:51:03 - [MESSAGE][PASSED] - Object: 'Object Repository/WebOffice_Home_page/a_wwwcheckatradecom' is hovered

2020-04-20 10:51:03 - [TEST_STEP][PASSED] - waitForElementClickable(findTestObject("Object Repository/WebOffice_Home_page/a_Feedback Caps for Searching"), 1): Object 'Object Repository/WebOffice_Home_page/a_Feedback Caps for Searching' is clickable

2020-04-20 10:51:03 - [MESSAGE][PASSED] - Object 'Object Repository/WebOffice_Home_page/a_Feedback Caps for Searching' is clickable

2020-04-20 10:51:03 - [TEST_STEP][PASSED] - click(findTestObject("Object Repository/WebOffice_Home_page/a_Feedback Caps for Searching")): Object: 'Object Repository/WebOffice_Home_page/a_Feedback Caps for Searching' is clicked on

2020-04-20 10:51:04 - [MESSAGE][PASSED] - Object: 'Object Repository/WebOffice_Home_page/a_Feedback Caps for Searching' is clicked on

2020-04-20 10:51:04 - [MESSAGE][PASSED] - Call Test Case 'Test Cases/Reusable_Test_Sequences/Web_Office/Navigation/Sub_Menu_Navigation/Settings/Checkatrade_Com/Feedback_Searching_Capabilities' successfully

2020-04-20 10:51:04 - [TEST_STEP][PASSED] - "--------------------------------------": null

2020-04-20 10:51:04 - [TEST_STEP][PASSED] - " Verify Returned Page Detail          |": null

2020-04-20 10:51:04 - [TEST_STEP][PASSED] - callTestCase(findTestCase("Reusable_Test_Sequences/Web_Office/Verification/Settings/Checkatrade_Com/Feedback_Searching_Capabilities"), [:], OPTIONAL): Call Test Case 'Test Cases/Reusable_Test_Sequences/Web_Office/Verification/Settings/Checkatrade_Com/Feedback_Searching_Capabilities' successfully

2020-04-20 10:51:04 - [TEST_CASE][PASSED] - Test Cases/Reusable_Test_Sequences/Web_Office/Verification/Settings/Checkatrade_Com/Feedback_Searching_Capabilities: Test Cases/Reusable_Test_Sequences/Web_Office/Verification/Settings/Checkatrade_Com/Feedback_Searching_Capabilities

2020-04-20 10:51:05 - [TEST_STEP][PASSED] - waitForPageLoad(60): Wait for page load successfully

2020-04-20 10:51:05 - [MESSAGE][PASSED] - Wait for page load successfully

2020-04-20 10:51:05 - [TEST_STEP][PASSED] - delay(1): Delayed 1 second(s)

2020-04-20 10:51:06 - [MESSAGE][PASSED] - Delayed 1 second(s)

2020-04-20 10:51:06 - [TEST_STEP][PASSED] - verifyTextPresent("Website Search Feedback Caps per Category", false): Text 'Website Search Feedback Caps per Category' is present on page 

2020-04-20 10:51:07 - [MESSAGE][PASSED] - Text 'Website Search Feedback Caps per Category' is present on page 

2020-04-20 10:51:07 - [TEST_STEP][PASSED] - "----------------------------------------------": null

2020-04-20 10:51:07 - [TEST_STEP][PASSED] - verifyTextPresent("Add new category feedback cap", false): Text 'Add new category feedback cap' is present on page 

2020-04-20 10:51:08 - [MESSAGE][PASSED] - Text 'Add new category feedback cap' is present on page 

2020-04-20 10:51:08 - [TEST_STEP][PASSED] - verifyTextPresent("Feedback cap", false): Text 'Feedback cap' is present on page 

2020-04-20 10:51:09 - [MESSAGE][PASSED] - Text 'Feedback cap' is present on page 

2020-04-20 10:51:09 - [TEST_STEP][PASSED] - verifyTextPresent("All TV Regions", false): Text 'All TV Regions' is present on page 

2020-04-20 10:51:10 - [MESSAGE][PASSED] - Text 'All TV Regions' is present on page 

2020-04-20 10:51:10 - [TEST_STEP][PASSED] - verifyTextPresent("Valid for new members from", false): Text 'Valid for new members from' is present on page 

2020-04-20 10:51:11 - [MESSAGE][PASSED] - Text 'Valid for new members from' is present on page 

2020-04-20 10:51:11 - [TEST_STEP][PASSED] - verifyTextPresent("Cap effective from", false): Text 'Cap effective from' is present on page 

2020-04-20 10:51:11 - [MESSAGE][PASSED] - Text 'Cap effective from' is present on page 

2020-04-20 10:51:11 - [TEST_STEP][PASSED] - "----------------------------------------------": null

2020-04-20 10:51:11 - [TEST_STEP][PASSED] - verifyTextPresent("TV REGION", false): Text 'TV REGION' is present on page 

2020-04-20 10:51:12 - [MESSAGE][PASSED] - Text 'TV REGION' is present on page 

2020-04-20 10:51:12 - [TEST_STEP][PASSED] - verifyTextPresent("MEMBERS JOINING AFTER", false): Text 'MEMBERS JOINING AFTER' is present on page 

2020-04-20 10:51:13 - [MESSAGE][PASSED] - Text 'MEMBERS JOINING AFTER' is present on page 

2020-04-20 10:51:13 - [TEST_STEP][PASSED] - verifyTextPresent("CAP EFFECTIVE FROM", false): Text 'CAP EFFECTIVE FROM' is present on page 

2020-04-20 10:51:14 - [MESSAGE][PASSED] - Text 'CAP EFFECTIVE FROM' is present on page 

2020-04-20 10:51:14 - [TEST_STEP][PASSED] - verifyTextPresent("MODIFIED BY", false): Text 'MODIFIED BY' is present on page 

2020-04-20 10:51:15 - [MESSAGE][PASSED] - Text 'MODIFIED BY' is present on page 

2020-04-20 10:51:15 - [TEST_STEP][PASSED] - verifyTextPresent("MODIFIED ON", false): Text 'MODIFIED ON' is present on page 

2020-04-20 10:51:16 - [MESSAGE][PASSED] - Text 'MODIFIED ON' is present on page 

2020-04-20 10:51:16 - [TEST_STEP][PASSED] - "----------------------------------------------": null

2020-04-20 10:51:16 - [TEST_STEP][PASSED] - verifyTextPresent("ASBESTOS SERVICES", false): Text 'ASBESTOS SERVICES' is present on page 

2020-04-20 10:51:18 - [MESSAGE][PASSED] - Text 'ASBESTOS SERVICES' is present on page 

2020-04-20 10:51:18 - [TEST_STEP][PASSED] - verifyTextPresent("BUILDING", false): Text 'BUILDING' is present on page 

2020-04-20 10:51:18 - [MESSAGE][PASSED] - Text 'BUILDING' is present on page 

2020-04-20 10:51:18 - [TEST_STEP][PASSED] - verifyTextPresent("CENTRAL HEATING - GAS SAFE", false): Text 'CENTRAL HEATING - GAS SAFE' is present on page 

2020-04-20 10:51:20 - [MESSAGE][PASSED] - Text 'CENTRAL HEATING - GAS SAFE' is present on page 

2020-04-20 10:51:20 - [MESSAGE][PASSED] - Call Test Case 'Test Cases/Reusable_Test_Sequences/Web_Office/Verification/Settings/Checkatrade_Com/Feedback_Searching_Capabilities' successfully

2020-04-20 10:51:20 - [TEST_STEP][PASSED] - "--------------------------": null

2020-04-20 10:51:20 - [TEST_STEP][PASSED] - " Teardown - CLose Browser |": null

2020-04-20 10:51:20 - [TEST_STEP][PASSED] - callTestCase(findTestCase("Reusable_Test_Sequences/CAT_Teardown"), [:], OPTIONAL): Call Test Case 'Test Cases/Reusable_Test_Sequences/CAT_Teardown' successfully

2020-04-20 10:51:20 - [TEST_CASE][PASSED] - Test Cases/Reusable_Test_Sequences/CAT_Teardown: Test Cases/Reusable_Test_Sequences/CAT_Teardown

2020-04-20 10:51:20 - [TEST_STEP][PASSED] - closeBrowser(): Browser is closed

2020-04-20 10:51:21 - [MESSAGE][PASSED] - Browser is closed

2020-04-20 10:51:21 - [TEST_STEP][PASSED] - super.finalize(): null

2020-04-20 10:51:21 - [TEST_STEP][PASSED] - System.gc(): null

2020-04-20 10:51:21 - [MESSAGE][PASSED] - Call Test Case 'Test Cases/Reusable_Test_Sequences/CAT_Teardown' successfully]]></system-out>
         <system-err><![CDATA[]]></system-err>
      </testcase>
      <testcase name="Test Cases/Web_Office/Settings/Members_Area/Members_Benefits" time="22.022" classname="Test Cases/Web_Office/Settings/Members_Area/Members_Benefits" status="PASSED">
         <system-out><![CDATA[2020-04-20 10:51:21 - [TEST_CASE][PASSED] - Test Cases/Web_Office/Settings/Members_Area/Members_Benefits: Test Cases/Web_Office/Settings/Members_Area/Members_Benefits

2020-04-20 10:51:21 - [TEST_STEP][PASSED] - "--------------------------------------": null

2020-04-20 10:51:21 - [TEST_STEP][PASSED] - " Web Office StartUp                  |": null

2020-04-20 10:51:21 - [TEST_STEP][PASSED] - callTestCase(findTestCase("Reusable_Test_Sequences/Web_Office/Directives/WebOffice_StartUp"), [:], STOP_ON_FAILURE): Call Test Case 'Test Cases/Reusable_Test_Sequences/Web_Office/Directives/WebOffice_StartUp' successfully

2020-04-20 10:51:21 - [TEST_CASE][PASSED] - Test Cases/Reusable_Test_Sequences/Web_Office/Directives/WebOffice_StartUp: Test Cases/Reusable_Test_Sequences/Web_Office/Directives/WebOffice_StartUp

2020-04-20 10:51:21 - [TEST_STEP][PASSED] - "-----------------------------------------------------------------------------": null

2020-04-20 10:51:21 - [TEST_STEP][PASSED] - if (URL == "https://www.dev.checkatrade.com/"): null

2020-04-20 10:51:21 - [TEST_STEP][PASSED] - "-----------------------------------------------------------------------------": null

2020-04-20 10:51:21 - [TEST_STEP][PASSED] - if (URL == "https://www.checkatrade.com/"): null

2020-04-20 10:51:21 - [TEST_STEP][PASSED] - "-----------------------------------------------------------------------------": null

2020-04-20 10:51:21 - [TEST_STEP][PASSED] - if (URL == "https://www.preview.checkatrade.com/"): null

2020-04-20 10:51:21 - [TEST_STEP][PASSED] - WebOfficeURL = "https://admin.preview.checkatrade.com/": null

2020-04-20 10:51:21 - [TEST_STEP][PASSED] - if (URL == "https://www.dev2.checkatrade.com/"): null

2020-04-20 10:51:21 - [TEST_STEP][PASSED] - "Set Function Area for "URL_Handler", URL Resolution": null

2020-04-20 10:51:21 - [TEST_STEP][PASSED] - "Do Some Magic with URL(s) See the comments within URL Handler ": null

2020-04-20 10:51:21 - [TEST_STEP][PASSED] - "------------------------------------------------": null

2020-04-20 10:51:21 - [TEST_STEP][PASSED] - "Moved Login Credentials to <Default> profile 22/01/2020": null

2020-04-20 10:51:21 - [TEST_STEP][PASSED] - "------------------------------------------------": null

2020-04-20 10:51:21 - [TEST_STEP][PASSED] - "WebOfficeURL - Set from the ENVIRONMENT PROFILE ": null

2020-04-20 10:51:21 - [TEST_STEP][PASSED] - "OPEN BROWSER": null

2020-04-20 10:51:21 - [TEST_STEP][PASSED] - "eg - https://admin.preview.checkatrade.com/  ": null

2020-04-20 10:51:21 - [TEST_STEP][PASSED] - openBrowser(WebOfficeURL): Browser is opened with url: 'https://admin.preview.checkatrade.com/'

2020-04-20 10:51:22 - [MESSAGE][INFO] - Starting 'Chrome' driver

2020-04-20 10:51:22 - [MESSAGE][INFO] - Action delay is set to 0 milliseconds

2020-04-20 10:51:26 - [MESSAGE][PASSED] - Browser is opened with url: 'https://admin.preview.checkatrade.com/'

2020-04-20 10:51:26 - [TEST_STEP][PASSED] - maximizeWindow(): Current window maximized

2020-04-20 10:51:28 - [MESSAGE][PASSED] - Current window maximized

2020-04-20 10:51:28 - [TEST_STEP][PASSED] - waitForElementClickable(findTestObject("Object Repository/WebOffice/Page_Checkatrade - Administration - Login/Login_Button"), 25): Object 'Object Repository/WebOffice/Page_Checkatrade - Administration - Login/Login_Button' is clickable

2020-04-20 10:51:28 - [MESSAGE][PASSED] - Object 'Object Repository/WebOffice/Page_Checkatrade - Administration - Login/Login_Button' is clickable

2020-04-20 10:51:28 - [TEST_STEP][PASSED] - verifyTextPresent("Checkatrade Web Office", false): Text 'Checkatrade Web Office' is present on page 

2020-04-20 10:51:29 - [MESSAGE][PASSED] - Text 'Checkatrade Web Office' is present on page 

2020-04-20 10:51:29 - [TEST_STEP][PASSED] - verifyTextPresent("Access for staff use only", false): Text 'Access for staff use only' is present on page 

2020-04-20 10:51:29 - [MESSAGE][PASSED] - Text 'Access for staff use only' is present on page 

2020-04-20 10:51:29 - [TEST_STEP][PASSED] - verifyTextPresent("Forgotten password?", false): Text 'Forgotten password?' is present on page 

2020-04-20 10:51:29 - [MESSAGE][PASSED] - Text 'Forgotten password?' is present on page 

2020-04-20 10:51:29 - [TEST_STEP][PASSED] - setText(findTestObject("Object Repository/WebOffice/Page_Checkatrade - Administration - Login/input_Username_LoginControlUserName"), wo_Username): Text 'DavidHo' is set on object 'Object Repository/WebOffice/Page_Checkatrade - Administration - Login/input_Username_LoginControlUserName'

2020-04-20 10:51:29 - [MESSAGE][PASSED] - Text 'DavidHo' is set on object 'Object Repository/WebOffice/Page_Checkatrade - Administration - Login/input_Username_LoginControlUserName'

2020-04-20 10:51:29 - [TEST_STEP][PASSED] - setText(findTestObject("Object Repository/WebOffice/Page_Checkatrade - Administration - Login/input_Password_LoginControlPassword"), wo_Password): Text 'Check123' is set on object 'Object Repository/WebOffice/Page_Checkatrade - Administration - Login/input_Password_LoginControlPassword'

2020-04-20 10:51:30 - [MESSAGE][PASSED] - Text 'Check123' is set on object 'Object Repository/WebOffice/Page_Checkatrade - Administration - Login/input_Password_LoginControlPassword'

2020-04-20 10:51:30 - [TEST_STEP][PASSED] - click(findTestObject("Object Repository/WebOffice/Page_Checkatrade - Administration - Login/Login_Button")): Object: 'Object Repository/WebOffice/Page_Checkatrade - Administration - Login/Login_Button' is clicked on

2020-04-20 10:51:31 - [MESSAGE][PASSED] - Object: 'Object Repository/WebOffice/Page_Checkatrade - Administration - Login/Login_Button' is clicked on

2020-04-20 10:51:31 - [TEST_STEP][PASSED] - waitForPageLoad(60): Wait for page load successfully

2020-04-20 10:51:31 - [MESSAGE][PASSED] - Wait for page load successfully

2020-04-20 10:51:31 - [TEST_STEP][PASSED] - verifyTextPresent("Welcome " + wo_Username, false): Text 'Welcome DavidHo' is present on page 

2020-04-20 10:51:32 - [MESSAGE][PASSED] - Text 'Welcome DavidHo' is present on page 

2020-04-20 10:51:32 - [MESSAGE][PASSED] - Call Test Case 'Test Cases/Reusable_Test_Sequences/Web_Office/Directives/WebOffice_StartUp' successfully

2020-04-20 10:51:32 - [TEST_STEP][PASSED] - "-----------------------------------------------------------------": null

2020-04-20 10:51:32 - [TEST_STEP][PASSED] - " Navigate to <Settings->Checkatrade.Com->Sub Item> Menu Item     |": null

2020-04-20 10:51:32 - [TEST_STEP][PASSED] - callTestCase(findTestCase("Reusable_Test_Sequences/Web_Office/Navigation/Sub_Menu_Navigation/Settings/Members_Area/Members_Benefits"), [:], STOP_ON_FAILURE): Call Test Case 'Test Cases/Reusable_Test_Sequences/Web_Office/Navigation/Sub_Menu_Navigation/Settings/Members_Area/Members_Benefits' successfully

2020-04-20 10:51:32 - [TEST_CASE][PASSED] - Test Cases/Reusable_Test_Sequences/Web_Office/Navigation/Sub_Menu_Navigation/Settings/Members_Area/Members_Benefits: Test Cases/Reusable_Test_Sequences/Web_Office/Navigation/Sub_Menu_Navigation/Settings/Members_Area/Members_Benefits

2020-04-20 10:51:32 - [TEST_STEP][PASSED] - "--------------------------------------": null

2020-04-20 10:51:32 - [TEST_STEP][PASSED] - " Navigate Top level menu Item         |": null

2020-04-20 10:51:32 - [TEST_STEP][PASSED] - waitForPageLoad(60): Wait for page load successfully

2020-04-20 10:51:32 - [MESSAGE][PASSED] - Wait for page load successfully

2020-04-20 10:51:32 - [TEST_STEP][PASSED] - waitForElementClickable(findTestObject("Object Repository/WebOffice_Home_page/a_Settings"), 60): Object 'Object Repository/WebOffice_Home_page/a_Settings' is clickable

2020-04-20 10:51:33 - [MESSAGE][PASSED] - Object 'Object Repository/WebOffice_Home_page/a_Settings' is clickable

2020-04-20 10:51:33 - [TEST_STEP][PASSED] - mouseOver(findTestObject("Object Repository/WebOffice_Home_page/a_Settings")): Object: 'Object Repository/WebOffice_Home_page/a_Settings' is hovered

2020-04-20 10:51:33 - [MESSAGE][PASSED] - Object: 'Object Repository/WebOffice_Home_page/a_Settings' is hovered

2020-04-20 10:51:33 - [TEST_STEP][PASSED] - mouseOver(findTestObject("Object Repository/WebOffice_Home_page/a_Members Area")): Object: 'Object Repository/WebOffice_Home_page/a_Members Area' is hovered

2020-04-20 10:51:33 - [MESSAGE][PASSED] - Object: 'Object Repository/WebOffice_Home_page/a_Members Area' is hovered

2020-04-20 10:51:33 - [TEST_STEP][PASSED] - waitForElementClickable(findTestObject("Object Repository/WebOffice_Home_page/a_Members Benefits"), 1): Object 'Object Repository/WebOffice_Home_page/a_Members Benefits' is clickable

2020-04-20 10:51:33 - [MESSAGE][PASSED] - Object 'Object Repository/WebOffice_Home_page/a_Members Benefits' is clickable

2020-04-20 10:51:33 - [TEST_STEP][PASSED] - click(findTestObject("Object Repository/WebOffice_Home_page/a_Members Benefits")): Object: 'Object Repository/WebOffice_Home_page/a_Members Benefits' is clicked on

2020-04-20 10:51:35 - [MESSAGE][PASSED] - Object: 'Object Repository/WebOffice_Home_page/a_Members Benefits' is clicked on

2020-04-20 10:51:35 - [MESSAGE][PASSED] - Call Test Case 'Test Cases/Reusable_Test_Sequences/Web_Office/Navigation/Sub_Menu_Navigation/Settings/Members_Area/Members_Benefits' successfully

2020-04-20 10:51:35 - [TEST_STEP][PASSED] - "--------------------------------------": null

2020-04-20 10:51:35 - [TEST_STEP][PASSED] - " Verify Returned Page Detail          |": null

2020-04-20 10:51:35 - [TEST_STEP][PASSED] - callTestCase(findTestCase("Reusable_Test_Sequences/Web_Office/Verification/Settings/Members_Area/Members_Benefits"), [:], OPTIONAL): Call Test Case 'Test Cases/Reusable_Test_Sequences/Web_Office/Verification/Settings/Members_Area/Members_Benefits' successfully

2020-04-20 10:51:35 - [TEST_CASE][PASSED] - Test Cases/Reusable_Test_Sequences/Web_Office/Verification/Settings/Members_Area/Members_Benefits: Test Cases/Reusable_Test_Sequences/Web_Office/Verification/Settings/Members_Area/Members_Benefits

2020-04-20 10:51:35 - [TEST_STEP][PASSED] - waitForPageLoad(60): Wait for page load successfully

2020-04-20 10:51:36 - [MESSAGE][PASSED] - Wait for page load successfully

2020-04-20 10:51:36 - [TEST_STEP][PASSED] - delay(1): Delayed 1 second(s)

2020-04-20 10:51:37 - [MESSAGE][PASSED] - Delayed 1 second(s)

2020-04-20 10:51:37 - [TEST_STEP][PASSED] - verifyTextPresent("Member Benefits", false): Text 'Member Benefits' is present on page 

2020-04-20 10:51:37 - [MESSAGE][PASSED] - Text 'Member Benefits' is present on page 

2020-04-20 10:51:37 - [TEST_STEP][PASSED] - "----------------------------------------------": null

2020-04-20 10:51:37 - [TEST_STEP][PASSED] - verifyTextPresent("Preview Live", false): Text 'Preview Live' is present on page 

2020-04-20 10:51:37 - [MESSAGE][PASSED] - Text 'Preview Live' is present on page 

2020-04-20 10:51:37 - [TEST_STEP][PASSED] - verifyTextPresent("Add New", false): Text 'Add New' is present on page 

2020-04-20 10:51:38 - [MESSAGE][PASSED] - Text 'Add New' is present on page 

2020-04-20 10:51:38 - [TEST_STEP][PASSED] - verifyTextPresent("Search", false): Text 'Search' is present on page 

2020-04-20 10:51:38 - [MESSAGE][PASSED] - Text 'Search' is present on page 

2020-04-20 10:51:38 - [TEST_STEP][PASSED] - verifyTextPresent("Filter", false): Text 'Filter' is present on page 

2020-04-20 10:51:38 - [MESSAGE][PASSED] - Text 'Filter' is present on page 

2020-04-20 10:51:38 - [TEST_STEP][PASSED] - verifyTextPresent("Published", false): Text 'Published' is present on page 

2020-04-20 10:51:39 - [MESSAGE][PASSED] - Text 'Published' is present on page 

2020-04-20 10:51:39 - [TEST_STEP][PASSED] - verifyTextPresent("Show", false): Text 'Show' is present on page 

2020-04-20 10:51:39 - [MESSAGE][PASSED] - Text 'Show' is present on page 

2020-04-20 10:51:39 - [TEST_STEP][PASSED] - verifyTextPresent("entries", false): Text 'entries' is present on page 

2020-04-20 10:51:39 - [MESSAGE][PASSED] - Text 'entries' is present on page 

2020-04-20 10:51:39 - [TEST_STEP][PASSED] - "----------------------------------------------": null

2020-04-20 10:51:39 - [TEST_STEP][PASSED] - verifyTextPresent("Status", false): Text 'Status' is present on page 

2020-04-20 10:51:40 - [MESSAGE][PASSED] - Text 'Status' is present on page 

2020-04-20 10:51:40 - [TEST_STEP][PASSED] - verifyTextPresent("Title", false): Text 'Title' is present on page 

2020-04-20 10:51:40 - [MESSAGE][PASSED] - Text 'Title' is present on page 

2020-04-20 10:51:40 - [TEST_STEP][PASSED] - verifyTextPresent("Description", false): Text 'Description' is present on page 

2020-04-20 10:51:40 - [MESSAGE][PASSED] - Text 'Description' is present on page 

2020-04-20 10:51:40 - [TEST_STEP][PASSED] - "----------------------------------------------": null

2020-04-20 10:51:40 - [TEST_STEP][PASSED] - "----------------------------------------------": null

2020-04-20 10:51:40 - [TEST_STEP][PASSED] - verifyTextPresent("Save on fuel with Esso", false): Text 'Save on fuel with Esso' is present on page 

2020-04-20 10:51:41 - [MESSAGE][PASSED] - Text 'Save on fuel with Esso' is present on page 

2020-04-20 10:51:41 - [TEST_STEP][PASSED] - verifyTextPresent("Apply for an Esso Card fuel card", false): Text 'Apply for an Esso Card fuel card' is present on page 

2020-04-20 10:51:42 - [MESSAGE][PASSED] - Text 'Apply for an Esso Card fuel card' is present on page 

2020-04-20 10:51:42 - [TEST_STEP][PASSED] - verifyTextPresent("Hero", false): Text 'Hero' is present on page 

2020-04-20 10:51:42 - [MESSAGE][PASSED] - Text 'Hero' is present on page 

2020-04-20 10:51:42 - [TEST_STEP][PASSED] - verifyTextPresent("Edit", false): Text 'Edit' is present on page 

2020-04-20 10:51:42 - [MESSAGE][PASSED] - Text 'Edit' is present on page 

2020-04-20 10:51:42 - [MESSAGE][PASSED] - Call Test Case 'Test Cases/Reusable_Test_Sequences/Web_Office/Verification/Settings/Members_Area/Members_Benefits' successfully

2020-04-20 10:51:42 - [TEST_STEP][PASSED] - "--------------------------": null

2020-04-20 10:51:42 - [TEST_STEP][PASSED] - " Teardown - CLose Browser |": null

2020-04-20 10:51:42 - [TEST_STEP][PASSED] - callTestCase(findTestCase("Reusable_Test_Sequences/CAT_Teardown"), [:], OPTIONAL): Call Test Case 'Test Cases/Reusable_Test_Sequences/CAT_Teardown' successfully

2020-04-20 10:51:42 - [TEST_CASE][PASSED] - Test Cases/Reusable_Test_Sequences/CAT_Teardown: Test Cases/Reusable_Test_Sequences/CAT_Teardown

2020-04-20 10:51:42 - [TEST_STEP][PASSED] - closeBrowser(): Browser is closed

2020-04-20 10:51:43 - [MESSAGE][PASSED] - Browser is closed

2020-04-20 10:51:43 - [TEST_STEP][PASSED] - super.finalize(): null

2020-04-20 10:51:43 - [TEST_STEP][PASSED] - System.gc(): null

2020-04-20 10:51:43 - [MESSAGE][PASSED] - Call Test Case 'Test Cases/Reusable_Test_Sequences/CAT_Teardown' successfully]]></system-out>
         <system-err><![CDATA[]]></system-err>
      </testcase>
      <testcase name="Test Cases/Web_Office/Settings/Members_Area/Downloads" time="24.379" classname="Test Cases/Web_Office/Settings/Members_Area/Downloads" status="PASSED">
         <system-out><![CDATA[2020-04-20 10:51:43 - [TEST_CASE][PASSED] - Test Cases/Web_Office/Settings/Members_Area/Downloads: Test Cases/Web_Office/Settings/Members_Area/Downloads

2020-04-20 10:51:44 - [TEST_STEP][PASSED] - "--------------------------------------": null

2020-04-20 10:51:44 - [TEST_STEP][PASSED] - " Web Office StartUp                  |": null

2020-04-20 10:51:44 - [TEST_STEP][PASSED] - callTestCase(findTestCase("Reusable_Test_Sequences/Web_Office/Directives/WebOffice_StartUp"), [:], STOP_ON_FAILURE): Call Test Case 'Test Cases/Reusable_Test_Sequences/Web_Office/Directives/WebOffice_StartUp' successfully

2020-04-20 10:51:44 - [TEST_CASE][PASSED] - Test Cases/Reusable_Test_Sequences/Web_Office/Directives/WebOffice_StartUp: Test Cases/Reusable_Test_Sequences/Web_Office/Directives/WebOffice_StartUp

2020-04-20 10:51:44 - [TEST_STEP][PASSED] - "-----------------------------------------------------------------------------": null

2020-04-20 10:51:44 - [TEST_STEP][PASSED] - if (URL == "https://www.dev.checkatrade.com/"): null

2020-04-20 10:51:44 - [TEST_STEP][PASSED] - "-----------------------------------------------------------------------------": null

2020-04-20 10:51:44 - [TEST_STEP][PASSED] - if (URL == "https://www.checkatrade.com/"): null

2020-04-20 10:51:44 - [TEST_STEP][PASSED] - "-----------------------------------------------------------------------------": null

2020-04-20 10:51:44 - [TEST_STEP][PASSED] - if (URL == "https://www.preview.checkatrade.com/"): null

2020-04-20 10:51:44 - [TEST_STEP][PASSED] - WebOfficeURL = "https://admin.preview.checkatrade.com/": null

2020-04-20 10:51:44 - [TEST_STEP][PASSED] - if (URL == "https://www.dev2.checkatrade.com/"): null

2020-04-20 10:51:44 - [TEST_STEP][PASSED] - "Set Function Area for "URL_Handler", URL Resolution": null

2020-04-20 10:51:44 - [TEST_STEP][PASSED] - "Do Some Magic with URL(s) See the comments within URL Handler ": null

2020-04-20 10:51:44 - [TEST_STEP][PASSED] - "------------------------------------------------": null

2020-04-20 10:51:44 - [TEST_STEP][PASSED] - "Moved Login Credentials to <Default> profile 22/01/2020": null

2020-04-20 10:51:44 - [TEST_STEP][PASSED] - "------------------------------------------------": null

2020-04-20 10:51:44 - [TEST_STEP][PASSED] - "WebOfficeURL - Set from the ENVIRONMENT PROFILE ": null

2020-04-20 10:51:44 - [TEST_STEP][PASSED] - "OPEN BROWSER": null

2020-04-20 10:51:44 - [TEST_STEP][PASSED] - "eg - https://admin.preview.checkatrade.com/  ": null

2020-04-20 10:51:44 - [TEST_STEP][PASSED] - openBrowser(WebOfficeURL): Browser is opened with url: 'https://admin.preview.checkatrade.com/'

2020-04-20 10:51:44 - [MESSAGE][INFO] - Starting 'Chrome' driver

2020-04-20 10:51:44 - [MESSAGE][INFO] - Action delay is set to 0 milliseconds

2020-04-20 10:51:49 - [MESSAGE][PASSED] - Browser is opened with url: 'https://admin.preview.checkatrade.com/'

2020-04-20 10:51:49 - [TEST_STEP][PASSED] - maximizeWindow(): Current window maximized

2020-04-20 10:51:52 - [MESSAGE][PASSED] - Current window maximized

2020-04-20 10:51:52 - [TEST_STEP][PASSED] - waitForElementClickable(findTestObject("Object Repository/WebOffice/Page_Checkatrade - Administration - Login/Login_Button"), 25): Object 'Object Repository/WebOffice/Page_Checkatrade - Administration - Login/Login_Button' is clickable

2020-04-20 10:51:52 - [MESSAGE][PASSED] - Object 'Object Repository/WebOffice/Page_Checkatrade - Administration - Login/Login_Button' is clickable

2020-04-20 10:51:52 - [TEST_STEP][PASSED] - verifyTextPresent("Checkatrade Web Office", false): Text 'Checkatrade Web Office' is present on page 

2020-04-20 10:51:52 - [MESSAGE][PASSED] - Text 'Checkatrade Web Office' is present on page 

2020-04-20 10:51:52 - [TEST_STEP][PASSED] - verifyTextPresent("Access for staff use only", false): Text 'Access for staff use only' is present on page 

2020-04-20 10:51:52 - [MESSAGE][PASSED] - Text 'Access for staff use only' is present on page 

2020-04-20 10:51:52 - [TEST_STEP][PASSED] - verifyTextPresent("Forgotten password?", false): Text 'Forgotten password?' is present on page 

2020-04-20 10:51:52 - [MESSAGE][PASSED] - Text 'Forgotten password?' is present on page 

2020-04-20 10:51:52 - [TEST_STEP][PASSED] - setText(findTestObject("Object Repository/WebOffice/Page_Checkatrade - Administration - Login/input_Username_LoginControlUserName"), wo_Username): Text 'DavidHo' is set on object 'Object Repository/WebOffice/Page_Checkatrade - Administration - Login/input_Username_LoginControlUserName'

2020-04-20 10:51:52 - [MESSAGE][PASSED] - Text 'DavidHo' is set on object 'Object Repository/WebOffice/Page_Checkatrade - Administration - Login/input_Username_LoginControlUserName'

2020-04-20 10:51:52 - [TEST_STEP][PASSED] - setText(findTestObject("Object Repository/WebOffice/Page_Checkatrade - Administration - Login/input_Password_LoginControlPassword"), wo_Password): Text 'Check123' is set on object 'Object Repository/WebOffice/Page_Checkatrade - Administration - Login/input_Password_LoginControlPassword'

2020-04-20 10:51:53 - [MESSAGE][PASSED] - Text 'Check123' is set on object 'Object Repository/WebOffice/Page_Checkatrade - Administration - Login/input_Password_LoginControlPassword'

2020-04-20 10:51:53 - [TEST_STEP][PASSED] - click(findTestObject("Object Repository/WebOffice/Page_Checkatrade - Administration - Login/Login_Button")): Object: 'Object Repository/WebOffice/Page_Checkatrade - Administration - Login/Login_Button' is clicked on

2020-04-20 10:51:54 - [MESSAGE][PASSED] - Object: 'Object Repository/WebOffice/Page_Checkatrade - Administration - Login/Login_Button' is clicked on

2020-04-20 10:51:54 - [TEST_STEP][PASSED] - waitForPageLoad(60): Wait for page load successfully

2020-04-20 10:51:54 - [MESSAGE][PASSED] - Wait for page load successfully

2020-04-20 10:51:54 - [TEST_STEP][PASSED] - verifyTextPresent("Welcome " + wo_Username, false): Text 'Welcome DavidHo' is present on page 

2020-04-20 10:51:54 - [MESSAGE][PASSED] - Text 'Welcome DavidHo' is present on page 

2020-04-20 10:51:54 - [MESSAGE][PASSED] - Call Test Case 'Test Cases/Reusable_Test_Sequences/Web_Office/Directives/WebOffice_StartUp' successfully

2020-04-20 10:51:54 - [TEST_STEP][PASSED] - "-----------------------------------------------------------------": null

2020-04-20 10:51:54 - [TEST_STEP][PASSED] - " Navigate to <Settings->Checkatrade.Com->Sub Item> Menu Item     |": null

2020-04-20 10:51:54 - [TEST_STEP][PASSED] - callTestCase(findTestCase("Reusable_Test_Sequences/Web_Office/Navigation/Sub_Menu_Navigation/Settings/Members_Area/Downloads"), [:], STOP_ON_FAILURE): Call Test Case 'Test Cases/Reusable_Test_Sequences/Web_Office/Navigation/Sub_Menu_Navigation/Settings/Members_Area/Downloads' successfully

2020-04-20 10:51:54 - [TEST_CASE][PASSED] - Test Cases/Reusable_Test_Sequences/Web_Office/Navigation/Sub_Menu_Navigation/Settings/Members_Area/Downloads: Test Cases/Reusable_Test_Sequences/Web_Office/Navigation/Sub_Menu_Navigation/Settings/Members_Area/Downloads

2020-04-20 10:51:55 - [TEST_STEP][PASSED] - "--------------------------------------": null

2020-04-20 10:51:55 - [TEST_STEP][PASSED] - " Navigate Top level menu Item         |": null

2020-04-20 10:51:55 - [TEST_STEP][PASSED] - waitForPageLoad(60): Wait for page load successfully

2020-04-20 10:51:55 - [MESSAGE][PASSED] - Wait for page load successfully

2020-04-20 10:51:55 - [TEST_STEP][PASSED] - waitForElementClickable(findTestObject("Object Repository/WebOffice_Home_page/a_Settings"), 60): Object 'Object Repository/WebOffice_Home_page/a_Settings' is clickable

2020-04-20 10:51:55 - [MESSAGE][PASSED] - Object 'Object Repository/WebOffice_Home_page/a_Settings' is clickable

2020-04-20 10:51:55 - [TEST_STEP][PASSED] - mouseOver(findTestObject("Object Repository/WebOffice_Home_page/a_Settings")): Object: 'Object Repository/WebOffice_Home_page/a_Settings' is hovered

2020-04-20 10:51:55 - [MESSAGE][PASSED] - Object: 'Object Repository/WebOffice_Home_page/a_Settings' is hovered

2020-04-20 10:51:55 - [TEST_STEP][PASSED] - mouseOver(findTestObject("Object Repository/WebOffice_Home_page/a_Members Area")): Object: 'Object Repository/WebOffice_Home_page/a_Members Area' is hovered

2020-04-20 10:51:56 - [MESSAGE][PASSED] - Object: 'Object Repository/WebOffice_Home_page/a_Members Area' is hovered

2020-04-20 10:51:56 - [TEST_STEP][PASSED] - waitForElementClickable(findTestObject("Object Repository/WebOffice_Home_page/a_Downloads"), 1): Object 'Object Repository/WebOffice_Home_page/a_Downloads' is clickable

2020-04-20 10:51:56 - [MESSAGE][PASSED] - Object 'Object Repository/WebOffice_Home_page/a_Downloads' is clickable

2020-04-20 10:51:56 - [TEST_STEP][PASSED] - click(findTestObject("Object Repository/WebOffice_Home_page/a_Downloads")): Object: 'Object Repository/WebOffice_Home_page/a_Downloads' is clicked on

2020-04-20 10:51:57 - [MESSAGE][PASSED] - Object: 'Object Repository/WebOffice_Home_page/a_Downloads' is clicked on

2020-04-20 10:51:57 - [MESSAGE][PASSED] - Call Test Case 'Test Cases/Reusable_Test_Sequences/Web_Office/Navigation/Sub_Menu_Navigation/Settings/Members_Area/Downloads' successfully

2020-04-20 10:51:57 - [TEST_STEP][PASSED] - "--------------------------------------": null

2020-04-20 10:51:57 - [TEST_STEP][PASSED] - " Verify Returned Page Detail          |": null

2020-04-20 10:51:57 - [TEST_STEP][PASSED] - callTestCase(findTestCase("Reusable_Test_Sequences/Web_Office/Verification/Settings/Members_Area/Downloads"), [:], OPTIONAL): Call Test Case 'Test Cases/Reusable_Test_Sequences/Web_Office/Verification/Settings/Members_Area/Downloads' successfully

2020-04-20 10:51:57 - [TEST_CASE][PASSED] - Test Cases/Reusable_Test_Sequences/Web_Office/Verification/Settings/Members_Area/Downloads: Test Cases/Reusable_Test_Sequences/Web_Office/Verification/Settings/Members_Area/Downloads

2020-04-20 10:51:57 - [TEST_STEP][PASSED] - waitForPageLoad(60): Wait for page load successfully

2020-04-20 10:51:57 - [MESSAGE][PASSED] - Wait for page load successfully

2020-04-20 10:51:57 - [TEST_STEP][PASSED] - delay(1): Delayed 1 second(s)

2020-04-20 10:51:58 - [MESSAGE][PASSED] - Delayed 1 second(s)

2020-04-20 10:51:58 - [TEST_STEP][PASSED] - verifyTextPresent("Member Downloads", false): Text 'Member Downloads' is present on page 

2020-04-20 10:51:59 - [MESSAGE][PASSED] - Text 'Member Downloads' is present on page 

2020-04-20 10:51:59 - [TEST_STEP][PASSED] - "----------------------------------------------": null

2020-04-20 10:51:59 - [TEST_STEP][PASSED] - verifyTextPresent("Title", false): Text 'Title' is present on page 

2020-04-20 10:51:59 - [MESSAGE][PASSED] - Text 'Title' is present on page 

2020-04-20 10:51:59 - [TEST_STEP][PASSED] - verifyTextPresent("Description", false): Text 'Description' is present on page 

2020-04-20 10:52:00 - [MESSAGE][PASSED] - Text 'Description' is present on page 

2020-04-20 10:52:00 - [TEST_STEP][PASSED] - verifyTextPresent("In Use", false): Text 'In Use' is present on page 

2020-04-20 10:52:00 - [MESSAGE][PASSED] - Text 'In Use' is present on page 

2020-04-20 10:52:00 - [TEST_STEP][PASSED] - verifyTextPresent("Template Changed", false): Text 'Template Changed' is present on page 

2020-04-20 10:52:01 - [MESSAGE][PASSED] - Text 'Template Changed' is present on page 

2020-04-20 10:52:01 - [TEST_STEP][PASSED] - "----------------------------------------------": null

2020-04-20 10:52:01 - [TEST_STEP][PASSED] - "----------------------------------------------": null

2020-04-20 10:52:01 - [TEST_STEP][PASSED] - verifyTextPresent("Job sign off", false): Text 'Job sign off' is present on page 

2020-04-20 10:52:01 - [MESSAGE][PASSED] - Text 'Job sign off' is present on page 

2020-04-20 10:52:01 - [TEST_STEP][PASSED] - verifyTextPresent("Customers to sign off work on completion", false): Text 'Customers to sign off work on completion' is present on page 

2020-04-20 10:52:02 - [MESSAGE][PASSED] - Text 'Customers to sign off work on completion' is present on page 

2020-04-20 10:52:02 - [TEST_STEP][PASSED] - verifyTextPresent("Yes", false): Text 'Yes' is present on page 

2020-04-20 10:52:03 - [MESSAGE][PASSED] - Text 'Yes' is present on page 

2020-04-20 10:52:03 - [TEST_STEP][PASSED] - verifyTextPresent("Edit", false): Text 'Edit' is present on page 

2020-04-20 10:52:04 - [MESSAGE][PASSED] - Text 'Edit' is present on page 

2020-04-20 10:52:04 - [TEST_STEP][PASSED] - verifyTextPresent("Upload", false): Text 'Upload' is present on page 

2020-04-20 10:52:04 - [MESSAGE][PASSED] - Text 'Upload' is present on page 

2020-04-20 10:52:04 - [TEST_STEP][PASSED] - "----------------------------------------------": null

2020-04-20 10:52:04 - [TEST_STEP][PASSED] - verifyTextPresent("Add New Document", false): Text 'Add New Document' is present on page 

2020-04-20 10:52:04 - [MESSAGE][PASSED] - Text 'Add New Document' is present on page 

2020-04-20 10:52:04 - [TEST_STEP][PASSED] - verifyTextPresent("Title:", false): Text 'Title:' is present on page 

2020-04-20 10:52:05 - [MESSAGE][PASSED] - Text 'Title:' is present on page 

2020-04-20 10:52:05 - [TEST_STEP][PASSED] - verifyTextPresent("Description:", false): Text 'Description:' is present on page 

2020-04-20 10:52:06 - [MESSAGE][PASSED] - Text 'Description:' is present on page 

2020-04-20 10:52:06 - [TEST_STEP][PASSED] - verifyTextPresent("File to upload:", false): Text 'File to upload:' is present on page 

2020-04-20 10:52:06 - [MESSAGE][PASSED] - Text 'File to upload:' is present on page 

2020-04-20 10:52:06 - [MESSAGE][PASSED] - Call Test Case 'Test Cases/Reusable_Test_Sequences/Web_Office/Verification/Settings/Members_Area/Downloads' successfully

2020-04-20 10:52:06 - [TEST_STEP][PASSED] - "--------------------------": null

2020-04-20 10:52:06 - [TEST_STEP][PASSED] - " Teardown - CLose Browser |": null

2020-04-20 10:52:06 - [TEST_STEP][PASSED] - callTestCase(findTestCase("Reusable_Test_Sequences/CAT_Teardown"), [:], OPTIONAL): Call Test Case 'Test Cases/Reusable_Test_Sequences/CAT_Teardown' successfully

2020-04-20 10:52:06 - [TEST_CASE][PASSED] - Test Cases/Reusable_Test_Sequences/CAT_Teardown: Test Cases/Reusable_Test_Sequences/CAT_Teardown

2020-04-20 10:52:06 - [TEST_STEP][PASSED] - closeBrowser(): Browser is closed

2020-04-20 10:52:07 - [MESSAGE][PASSED] - Browser is closed

2020-04-20 10:52:07 - [TEST_STEP][PASSED] - super.finalize(): null

2020-04-20 10:52:07 - [TEST_STEP][PASSED] - System.gc(): null

2020-04-20 10:52:07 - [MESSAGE][PASSED] - Call Test Case 'Test Cases/Reusable_Test_Sequences/CAT_Teardown' successfully]]></system-out>
         <system-err><![CDATA[]]></system-err>
      </testcase>
      <testcase name="Test Cases/Web_Office/Settings/Members_Area/AskKev" time="18.576" classname="Test Cases/Web_Office/Settings/Members_Area/AskKev" status="PASSED">
         <system-out><![CDATA[2020-04-20 10:52:07 - [TEST_CASE][PASSED] - Test Cases/Web_Office/Settings/Members_Area/AskKev: Test Cases/Web_Office/Settings/Members_Area/AskKev

2020-04-20 10:52:08 - [TEST_STEP][PASSED] - "--------------------------------------": null

2020-04-20 10:52:08 - [TEST_STEP][PASSED] - " Web Office StartUp                  |": null

2020-04-20 10:52:08 - [TEST_STEP][PASSED] - callTestCase(findTestCase("Reusable_Test_Sequences/Web_Office/Directives/WebOffice_StartUp"), [:], STOP_ON_FAILURE): Call Test Case 'Test Cases/Reusable_Test_Sequences/Web_Office/Directives/WebOffice_StartUp' successfully

2020-04-20 10:52:08 - [TEST_CASE][PASSED] - Test Cases/Reusable_Test_Sequences/Web_Office/Directives/WebOffice_StartUp: Test Cases/Reusable_Test_Sequences/Web_Office/Directives/WebOffice_StartUp

2020-04-20 10:52:08 - [TEST_STEP][PASSED] - "-----------------------------------------------------------------------------": null

2020-04-20 10:52:08 - [TEST_STEP][PASSED] - if (URL == "https://www.dev.checkatrade.com/"): null

2020-04-20 10:52:08 - [TEST_STEP][PASSED] - "-----------------------------------------------------------------------------": null

2020-04-20 10:52:08 - [TEST_STEP][PASSED] - if (URL == "https://www.checkatrade.com/"): null

2020-04-20 10:52:08 - [TEST_STEP][PASSED] - "-----------------------------------------------------------------------------": null

2020-04-20 10:52:08 - [TEST_STEP][PASSED] - if (URL == "https://www.preview.checkatrade.com/"): null

2020-04-20 10:52:08 - [TEST_STEP][PASSED] - WebOfficeURL = "https://admin.preview.checkatrade.com/": null

2020-04-20 10:52:08 - [TEST_STEP][PASSED] - if (URL == "https://www.dev2.checkatrade.com/"): null

2020-04-20 10:52:08 - [TEST_STEP][PASSED] - "Set Function Area for "URL_Handler", URL Resolution": null

2020-04-20 10:52:08 - [TEST_STEP][PASSED] - "Do Some Magic with URL(s) See the comments within URL Handler ": null

2020-04-20 10:52:08 - [TEST_STEP][PASSED] - "------------------------------------------------": null

2020-04-20 10:52:08 - [TEST_STEP][PASSED] - "Moved Login Credentials to <Default> profile 22/01/2020": null

2020-04-20 10:52:08 - [TEST_STEP][PASSED] - "------------------------------------------------": null

2020-04-20 10:52:08 - [TEST_STEP][PASSED] - "WebOfficeURL - Set from the ENVIRONMENT PROFILE ": null

2020-04-20 10:52:08 - [TEST_STEP][PASSED] - "OPEN BROWSER": null

2020-04-20 10:52:08 - [TEST_STEP][PASSED] - "eg - https://admin.preview.checkatrade.com/  ": null

2020-04-20 10:52:08 - [TEST_STEP][PASSED] - openBrowser(WebOfficeURL): Browser is opened with url: 'https://admin.preview.checkatrade.com/'

2020-04-20 10:52:08 - [MESSAGE][INFO] - Starting 'Chrome' driver

2020-04-20 10:52:08 - [MESSAGE][INFO] - Action delay is set to 0 milliseconds

2020-04-20 10:52:13 - [MESSAGE][PASSED] - Browser is opened with url: 'https://admin.preview.checkatrade.com/'

2020-04-20 10:52:13 - [TEST_STEP][PASSED] - maximizeWindow(): Current window maximized

2020-04-20 10:52:15 - [MESSAGE][PASSED] - Current window maximized

2020-04-20 10:52:15 - [TEST_STEP][PASSED] - waitForElementClickable(findTestObject("Object Repository/WebOffice/Page_Checkatrade - Administration - Login/Login_Button"), 25): Object 'Object Repository/WebOffice/Page_Checkatrade - Administration - Login/Login_Button' is clickable

2020-04-20 10:52:16 - [MESSAGE][PASSED] - Object 'Object Repository/WebOffice/Page_Checkatrade - Administration - Login/Login_Button' is clickable

2020-04-20 10:52:16 - [TEST_STEP][PASSED] - verifyTextPresent("Checkatrade Web Office", false): Text 'Checkatrade Web Office' is present on page 

2020-04-20 10:52:16 - [MESSAGE][PASSED] - Text 'Checkatrade Web Office' is present on page 

2020-04-20 10:52:16 - [TEST_STEP][PASSED] - verifyTextPresent("Access for staff use only", false): Text 'Access for staff use only' is present on page 

2020-04-20 10:52:16 - [MESSAGE][PASSED] - Text 'Access for staff use only' is present on page 

2020-04-20 10:52:16 - [TEST_STEP][PASSED] - verifyTextPresent("Forgotten password?", false): Text 'Forgotten password?' is present on page 

2020-04-20 10:52:16 - [MESSAGE][PASSED] - Text 'Forgotten password?' is present on page 

2020-04-20 10:52:16 - [TEST_STEP][PASSED] - setText(findTestObject("Object Repository/WebOffice/Page_Checkatrade - Administration - Login/input_Username_LoginControlUserName"), wo_Username): Text 'DavidHo' is set on object 'Object Repository/WebOffice/Page_Checkatrade - Administration - Login/input_Username_LoginControlUserName'

2020-04-20 10:52:16 - [MESSAGE][PASSED] - Text 'DavidHo' is set on object 'Object Repository/WebOffice/Page_Checkatrade - Administration - Login/input_Username_LoginControlUserName'

2020-04-20 10:52:16 - [TEST_STEP][PASSED] - setText(findTestObject("Object Repository/WebOffice/Page_Checkatrade - Administration - Login/input_Password_LoginControlPassword"), wo_Password): Text 'Check123' is set on object 'Object Repository/WebOffice/Page_Checkatrade - Administration - Login/input_Password_LoginControlPassword'

2020-04-20 10:52:16 - [MESSAGE][PASSED] - Text 'Check123' is set on object 'Object Repository/WebOffice/Page_Checkatrade - Administration - Login/input_Password_LoginControlPassword'

2020-04-20 10:52:16 - [TEST_STEP][PASSED] - click(findTestObject("Object Repository/WebOffice/Page_Checkatrade - Administration - Login/Login_Button")): Object: 'Object Repository/WebOffice/Page_Checkatrade - Administration - Login/Login_Button' is clicked on

2020-04-20 10:52:18 - [MESSAGE][PASSED] - Object: 'Object Repository/WebOffice/Page_Checkatrade - Administration - Login/Login_Button' is clicked on

2020-04-20 10:52:18 - [TEST_STEP][PASSED] - waitForPageLoad(60): Wait for page load successfully

2020-04-20 10:52:18 - [MESSAGE][PASSED] - Wait for page load successfully

2020-04-20 10:52:18 - [TEST_STEP][PASSED] - verifyTextPresent("Welcome " + wo_Username, false): Text 'Welcome DavidHo' is present on page 

2020-04-20 10:52:18 - [MESSAGE][PASSED] - Text 'Welcome DavidHo' is present on page 

2020-04-20 10:52:18 - [MESSAGE][PASSED] - Call Test Case 'Test Cases/Reusable_Test_Sequences/Web_Office/Directives/WebOffice_StartUp' successfully

2020-04-20 10:52:18 - [TEST_STEP][PASSED] - "-----------------------------------------------------------------": null

2020-04-20 10:52:18 - [TEST_STEP][PASSED] - " Navigate to <Settings->Checkatrade.Com->Sub Item> Menu Item     |": null

2020-04-20 10:52:18 - [TEST_STEP][PASSED] - callTestCase(findTestCase("Reusable_Test_Sequences/Web_Office/Navigation/Sub_Menu_Navigation/Settings/Members_Area/AskKev"), [:], STOP_ON_FAILURE): Call Test Case 'Test Cases/Reusable_Test_Sequences/Web_Office/Navigation/Sub_Menu_Navigation/Settings/Members_Area/AskKev' successfully

2020-04-20 10:52:18 - [TEST_CASE][PASSED] - Test Cases/Reusable_Test_Sequences/Web_Office/Navigation/Sub_Menu_Navigation/Settings/Members_Area/AskKev: Test Cases/Reusable_Test_Sequences/Web_Office/Navigation/Sub_Menu_Navigation/Settings/Members_Area/AskKev

2020-04-20 10:52:18 - [TEST_STEP][PASSED] - "--------------------------------------": null

2020-04-20 10:52:18 - [TEST_STEP][PASSED] - " Navigate Top level menu Item         |": null

2020-04-20 10:52:18 - [TEST_STEP][PASSED] - waitForPageLoad(60): Wait for page load successfully

2020-04-20 10:52:19 - [MESSAGE][PASSED] - Wait for page load successfully

2020-04-20 10:52:19 - [TEST_STEP][PASSED] - waitForElementClickable(findTestObject("Object Repository/WebOffice_Home_page/a_Settings"), 60): Object 'Object Repository/WebOffice_Home_page/a_Settings' is clickable

2020-04-20 10:52:19 - [MESSAGE][PASSED] - Object 'Object Repository/WebOffice_Home_page/a_Settings' is clickable

2020-04-20 10:52:19 - [TEST_STEP][PASSED] - mouseOver(findTestObject("Object Repository/WebOffice_Home_page/a_Settings")): Object: 'Object Repository/WebOffice_Home_page/a_Settings' is hovered

2020-04-20 10:52:19 - [MESSAGE][PASSED] - Object: 'Object Repository/WebOffice_Home_page/a_Settings' is hovered

2020-04-20 10:52:19 - [TEST_STEP][PASSED] - mouseOver(findTestObject("Object Repository/WebOffice_Home_page/a_Members Area")): Object: 'Object Repository/WebOffice_Home_page/a_Members Area' is hovered

2020-04-20 10:52:19 - [MESSAGE][PASSED] - Object: 'Object Repository/WebOffice_Home_page/a_Members Area' is hovered

2020-04-20 10:52:19 - [TEST_STEP][PASSED] - waitForElementClickable(findTestObject("Object Repository/WebOffice_Home_page/a_AskKev"), 1): Object 'Object Repository/WebOffice_Home_page/a_AskKev' is clickable

2020-04-20 10:52:19 - [MESSAGE][PASSED] - Object 'Object Repository/WebOffice_Home_page/a_AskKev' is clickable

2020-04-20 10:52:19 - [TEST_STEP][PASSED] - click(findTestObject("Object Repository/WebOffice_Home_page/a_AskKev")): Object: 'Object Repository/WebOffice_Home_page/a_AskKev' is clicked on

2020-04-20 10:52:20 - [MESSAGE][PASSED] - Object: 'Object Repository/WebOffice_Home_page/a_AskKev' is clicked on

2020-04-20 10:52:20 - [MESSAGE][PASSED] - Call Test Case 'Test Cases/Reusable_Test_Sequences/Web_Office/Navigation/Sub_Menu_Navigation/Settings/Members_Area/AskKev' successfully

2020-04-20 10:52:20 - [TEST_STEP][PASSED] - "--------------------------------------": null

2020-04-20 10:52:20 - [TEST_STEP][PASSED] - " Verify Returned Page Detail          |": null

2020-04-20 10:52:20 - [TEST_STEP][PASSED] - callTestCase(findTestCase("Reusable_Test_Sequences/Web_Office/Verification/Settings/Members_Area/AskKev"), [:], OPTIONAL): Call Test Case 'Test Cases/Reusable_Test_Sequences/Web_Office/Verification/Settings/Members_Area/AskKev' successfully

2020-04-20 10:52:20 - [TEST_CASE][PASSED] - Test Cases/Reusable_Test_Sequences/Web_Office/Verification/Settings/Members_Area/AskKev: Test Cases/Reusable_Test_Sequences/Web_Office/Verification/Settings/Members_Area/AskKev

2020-04-20 10:52:21 - [TEST_STEP][PASSED] - waitForPageLoad(60): Wait for page load successfully

2020-04-20 10:52:21 - [MESSAGE][PASSED] - Wait for page load successfully

2020-04-20 10:52:21 - [TEST_STEP][PASSED] - delay(1): Delayed 1 second(s)

2020-04-20 10:52:22 - [MESSAGE][PASSED] - Delayed 1 second(s)

2020-04-20 10:52:22 - [TEST_STEP][PASSED] - verifyTextPresent("AskKev Questions", false): Text 'AskKev Questions' is present on page 

2020-04-20 10:52:22 - [MESSAGE][PASSED] - Text 'AskKev Questions' is present on page 

2020-04-20 10:52:22 - [TEST_STEP][PASSED] - "----------------------------------------------": null

2020-04-20 10:52:22 - [TEST_STEP][PASSED] - "----------------------------------------------": null

2020-04-20 10:52:22 - [TEST_STEP][PASSED] - verifyTextPresent("Hi. How I can change my Web address on my profile?", false): Text 'Hi. How I can change my Web address on my profile?' is present on page 

2020-04-20 10:52:23 - [MESSAGE][PASSED] - Text 'Hi. How I can change my Web address on my profile?' is present on page 

2020-04-20 10:52:23 - [TEST_STEP][PASSED] - verifyTextPresent("i want to change my email address & website Address", false): Text 'i want to change my email address & website Address' is present on page 

2020-04-20 10:52:23 - [MESSAGE][PASSED] - Text 'i want to change my email address & website Address' is present on page 

2020-04-20 10:52:23 - [TEST_STEP][PASSED] - verifyTextPresent("Hi Kevin i have sent you two emails regarding us being unable post our photos onto our feedback still no reply. regards", false): Text 'Hi Kevin i have sent you two emails regarding us being unable post our photos onto our feedback still no reply. regards' is present on page 

2020-04-20 10:52:24 - [MESSAGE][PASSED] - Text 'Hi Kevin i have sent you two emails regarding us being unable post our photos onto our feedback still no reply. regards' is present on page 

2020-04-20 10:52:24 - [MESSAGE][PASSED] - Call Test Case 'Test Cases/Reusable_Test_Sequences/Web_Office/Verification/Settings/Members_Area/AskKev' successfully

2020-04-20 10:52:24 - [TEST_STEP][PASSED] - "--------------------------": null

2020-04-20 10:52:24 - [TEST_STEP][PASSED] - " Teardown - CLose Browser |": null

2020-04-20 10:52:24 - [TEST_STEP][PASSED] - callTestCase(findTestCase("Reusable_Test_Sequences/CAT_Teardown"), [:], OPTIONAL): Call Test Case 'Test Cases/Reusable_Test_Sequences/CAT_Teardown' successfully

2020-04-20 10:52:24 - [TEST_CASE][PASSED] - Test Cases/Reusable_Test_Sequences/CAT_Teardown: Test Cases/Reusable_Test_Sequences/CAT_Teardown

2020-04-20 10:52:24 - [TEST_STEP][PASSED] - closeBrowser(): Browser is closed

2020-04-20 10:52:26 - [MESSAGE][PASSED] - Browser is closed

2020-04-20 10:52:26 - [TEST_STEP][PASSED] - super.finalize(): null

2020-04-20 10:52:26 - [TEST_STEP][PASSED] - System.gc(): null

2020-04-20 10:52:26 - [MESSAGE][PASSED] - Call Test Case 'Test Cases/Reusable_Test_Sequences/CAT_Teardown' successfully]]></system-out>
         <system-err><![CDATA[]]></system-err>
      </testcase>
      <testcase name="Test Cases/Web_Office/Settings/Members_Area/Members_Panel_Suggestions" time="25.089" classname="Test Cases/Web_Office/Settings/Members_Area/Members_Panel_Suggestions" status="PASSED">
         <system-out><![CDATA[2020-04-20 10:52:26 - [TEST_CASE][PASSED] - Test Cases/Web_Office/Settings/Members_Area/Members_Panel_Suggestions: Test Cases/Web_Office/Settings/Members_Area/Members_Panel_Suggestions

2020-04-20 10:52:27 - [TEST_STEP][PASSED] - "--------------------------------------": null

2020-04-20 10:52:27 - [TEST_STEP][PASSED] - " Web Office StartUp                  |": null

2020-04-20 10:52:27 - [TEST_STEP][PASSED] - callTestCase(findTestCase("Reusable_Test_Sequences/Web_Office/Directives/WebOffice_StartUp"), [:], STOP_ON_FAILURE): Call Test Case 'Test Cases/Reusable_Test_Sequences/Web_Office/Directives/WebOffice_StartUp' successfully

2020-04-20 10:52:27 - [TEST_CASE][PASSED] - Test Cases/Reusable_Test_Sequences/Web_Office/Directives/WebOffice_StartUp: Test Cases/Reusable_Test_Sequences/Web_Office/Directives/WebOffice_StartUp

2020-04-20 10:52:27 - [TEST_STEP][PASSED] - "-----------------------------------------------------------------------------": null

2020-04-20 10:52:27 - [TEST_STEP][PASSED] - if (URL == "https://www.dev.checkatrade.com/"): null

2020-04-20 10:52:27 - [TEST_STEP][PASSED] - "-----------------------------------------------------------------------------": null

2020-04-20 10:52:27 - [TEST_STEP][PASSED] - if (URL == "https://www.checkatrade.com/"): null

2020-04-20 10:52:27 - [TEST_STEP][PASSED] - "-----------------------------------------------------------------------------": null

2020-04-20 10:52:27 - [TEST_STEP][PASSED] - if (URL == "https://www.preview.checkatrade.com/"): null

2020-04-20 10:52:27 - [TEST_STEP][PASSED] - WebOfficeURL = "https://admin.preview.checkatrade.com/": null

2020-04-20 10:52:27 - [TEST_STEP][PASSED] - if (URL == "https://www.dev2.checkatrade.com/"): null

2020-04-20 10:52:27 - [TEST_STEP][PASSED] - "Set Function Area for "URL_Handler", URL Resolution": null

2020-04-20 10:52:27 - [TEST_STEP][PASSED] - "Do Some Magic with URL(s) See the comments within URL Handler ": null

2020-04-20 10:52:27 - [TEST_STEP][PASSED] - "------------------------------------------------": null

2020-04-20 10:52:27 - [TEST_STEP][PASSED] - "Moved Login Credentials to <Default> profile 22/01/2020": null

2020-04-20 10:52:27 - [TEST_STEP][PASSED] - "------------------------------------------------": null

2020-04-20 10:52:27 - [TEST_STEP][PASSED] - "WebOfficeURL - Set from the ENVIRONMENT PROFILE ": null

2020-04-20 10:52:27 - [TEST_STEP][PASSED] - "OPEN BROWSER": null

2020-04-20 10:52:27 - [TEST_STEP][PASSED] - "eg - https://admin.preview.checkatrade.com/  ": null

2020-04-20 10:52:27 - [TEST_STEP][PASSED] - openBrowser(WebOfficeURL): Browser is opened with url: 'https://admin.preview.checkatrade.com/'

2020-04-20 10:52:27 - [MESSAGE][INFO] - Starting 'Chrome' driver

2020-04-20 10:52:27 - [MESSAGE][INFO] - Action delay is set to 0 milliseconds

2020-04-20 10:52:33 - [MESSAGE][PASSED] - Browser is opened with url: 'https://admin.preview.checkatrade.com/'

2020-04-20 10:52:33 - [TEST_STEP][PASSED] - maximizeWindow(): Current window maximized

2020-04-20 10:52:35 - [MESSAGE][PASSED] - Current window maximized

2020-04-20 10:52:35 - [TEST_STEP][PASSED] - waitForElementClickable(findTestObject("Object Repository/WebOffice/Page_Checkatrade - Administration - Login/Login_Button"), 25): Object 'Object Repository/WebOffice/Page_Checkatrade - Administration - Login/Login_Button' is clickable

2020-04-20 10:52:35 - [MESSAGE][PASSED] - Object 'Object Repository/WebOffice/Page_Checkatrade - Administration - Login/Login_Button' is clickable

2020-04-20 10:52:35 - [TEST_STEP][PASSED] - verifyTextPresent("Checkatrade Web Office", false): Text 'Checkatrade Web Office' is present on page 

2020-04-20 10:52:35 - [MESSAGE][PASSED] - Text 'Checkatrade Web Office' is present on page 

2020-04-20 10:52:35 - [TEST_STEP][PASSED] - verifyTextPresent("Access for staff use only", false): Text 'Access for staff use only' is present on page 

2020-04-20 10:52:35 - [MESSAGE][PASSED] - Text 'Access for staff use only' is present on page 

2020-04-20 10:52:35 - [TEST_STEP][PASSED] - verifyTextPresent("Forgotten password?", false): Text 'Forgotten password?' is present on page 

2020-04-20 10:52:35 - [MESSAGE][PASSED] - Text 'Forgotten password?' is present on page 

2020-04-20 10:52:35 - [TEST_STEP][PASSED] - setText(findTestObject("Object Repository/WebOffice/Page_Checkatrade - Administration - Login/input_Username_LoginControlUserName"), wo_Username): Text 'DavidHo' is set on object 'Object Repository/WebOffice/Page_Checkatrade - Administration - Login/input_Username_LoginControlUserName'

2020-04-20 10:52:36 - [MESSAGE][PASSED] - Text 'DavidHo' is set on object 'Object Repository/WebOffice/Page_Checkatrade - Administration - Login/input_Username_LoginControlUserName'

2020-04-20 10:52:36 - [TEST_STEP][PASSED] - setText(findTestObject("Object Repository/WebOffice/Page_Checkatrade - Administration - Login/input_Password_LoginControlPassword"), wo_Password): Text 'Check123' is set on object 'Object Repository/WebOffice/Page_Checkatrade - Administration - Login/input_Password_LoginControlPassword'

2020-04-20 10:52:36 - [MESSAGE][PASSED] - Text 'Check123' is set on object 'Object Repository/WebOffice/Page_Checkatrade - Administration - Login/input_Password_LoginControlPassword'

2020-04-20 10:52:36 - [TEST_STEP][PASSED] - click(findTestObject("Object Repository/WebOffice/Page_Checkatrade - Administration - Login/Login_Button")): Object: 'Object Repository/WebOffice/Page_Checkatrade - Administration - Login/Login_Button' is clicked on

2020-04-20 10:52:37 - [MESSAGE][PASSED] - Object: 'Object Repository/WebOffice/Page_Checkatrade - Administration - Login/Login_Button' is clicked on

2020-04-20 10:52:37 - [TEST_STEP][PASSED] - waitForPageLoad(60): Wait for page load successfully

2020-04-20 10:52:37 - [MESSAGE][PASSED] - Wait for page load successfully

2020-04-20 10:52:37 - [TEST_STEP][PASSED] - verifyTextPresent("Welcome " + wo_Username, false): Text 'Welcome DavidHo' is present on page 

2020-04-20 10:52:37 - [MESSAGE][PASSED] - Text 'Welcome DavidHo' is present on page 

2020-04-20 10:52:37 - [MESSAGE][PASSED] - Call Test Case 'Test Cases/Reusable_Test_Sequences/Web_Office/Directives/WebOffice_StartUp' successfully

2020-04-20 10:52:37 - [TEST_STEP][PASSED] - "-----------------------------------------------------------------": null

2020-04-20 10:52:37 - [TEST_STEP][PASSED] - " Navigate to <Settings->Checkatrade.Com->Sub Item> Menu Item     |": null

2020-04-20 10:52:37 - [TEST_STEP][PASSED] - callTestCase(findTestCase("Reusable_Test_Sequences/Web_Office/Navigation/Sub_Menu_Navigation/Settings/Members_Area/Members_Panel_Suggestions"), [:], STOP_ON_FAILURE): Call Test Case 'Test Cases/Reusable_Test_Sequences/Web_Office/Navigation/Sub_Menu_Navigation/Settings/Members_Area/Members_Panel_Suggestions' successfully

2020-04-20 10:52:37 - [TEST_CASE][PASSED] - Test Cases/Reusable_Test_Sequences/Web_Office/Navigation/Sub_Menu_Navigation/Settings/Members_Area/Members_Panel_Suggestions: Test Cases/Reusable_Test_Sequences/Web_Office/Navigation/Sub_Menu_Navigation/Settings/Members_Area/Members_Panel_Suggestions

2020-04-20 10:52:38 - [TEST_STEP][PASSED] - "--------------------------------------": null

2020-04-20 10:52:38 - [TEST_STEP][PASSED] - " Navigate Top level menu Item         |": null

2020-04-20 10:52:38 - [TEST_STEP][PASSED] - waitForPageLoad(60): Wait for page load successfully

2020-04-20 10:52:38 - [MESSAGE][PASSED] - Wait for page load successfully

2020-04-20 10:52:38 - [TEST_STEP][PASSED] - waitForElementClickable(findTestObject("Object Repository/WebOffice_Home_page/a_Settings"), 60): Object 'Object Repository/WebOffice_Home_page/a_Settings' is clickable

2020-04-20 10:52:38 - [MESSAGE][PASSED] - Object 'Object Repository/WebOffice_Home_page/a_Settings' is clickable

2020-04-20 10:52:38 - [TEST_STEP][PASSED] - mouseOver(findTestObject("Object Repository/WebOffice_Home_page/a_Settings")): Object: 'Object Repository/WebOffice_Home_page/a_Settings' is hovered

2020-04-20 10:52:38 - [MESSAGE][PASSED] - Object: 'Object Repository/WebOffice_Home_page/a_Settings' is hovered

2020-04-20 10:52:38 - [TEST_STEP][PASSED] - mouseOver(findTestObject("Object Repository/WebOffice_Home_page/a_Members Area")): Object: 'Object Repository/WebOffice_Home_page/a_Members Area' is hovered

2020-04-20 10:52:38 - [MESSAGE][PASSED] - Object: 'Object Repository/WebOffice_Home_page/a_Members Area' is hovered

2020-04-20 10:52:39 - [TEST_STEP][PASSED] - waitForElementClickable(findTestObject("Object Repository/WebOffice_Home_page/a_Members Panel Suggestions"), 1): Object 'Object Repository/WebOffice_Home_page/a_Members Panel Suggestions' is clickable

2020-04-20 10:52:39 - [MESSAGE][PASSED] - Object 'Object Repository/WebOffice_Home_page/a_Members Panel Suggestions' is clickable

2020-04-20 10:52:39 - [TEST_STEP][PASSED] - click(findTestObject("Object Repository/WebOffice_Home_page/a_Members Panel Suggestions")): Object: 'Object Repository/WebOffice_Home_page/a_Members Panel Suggestions' is clicked on

2020-04-20 10:52:43 - [MESSAGE][PASSED] - Object: 'Object Repository/WebOffice_Home_page/a_Members Panel Suggestions' is clicked on

2020-04-20 10:52:43 - [MESSAGE][PASSED] - Call Test Case 'Test Cases/Reusable_Test_Sequences/Web_Office/Navigation/Sub_Menu_Navigation/Settings/Members_Area/Members_Panel_Suggestions' successfully

2020-04-20 10:52:43 - [TEST_STEP][PASSED] - "--------------------------------------": null

2020-04-20 10:52:43 - [TEST_STEP][PASSED] - " Verify Returned Page Detail          |": null

2020-04-20 10:52:43 - [TEST_STEP][PASSED] - callTestCase(findTestCase("Reusable_Test_Sequences/Web_Office/Verification/Settings/Members_Area/Members_Panel_Suggestions"), [:], OPTIONAL): Call Test Case 'Test Cases/Reusable_Test_Sequences/Web_Office/Verification/Settings/Members_Area/Members_Panel_Suggestions' successfully

2020-04-20 10:52:44 - [TEST_CASE][PASSED] - Test Cases/Reusable_Test_Sequences/Web_Office/Verification/Settings/Members_Area/Members_Panel_Suggestions: Test Cases/Reusable_Test_Sequences/Web_Office/Verification/Settings/Members_Area/Members_Panel_Suggestions

2020-04-20 10:52:44 - [TEST_STEP][PASSED] - waitForPageLoad(60): Wait for page load successfully

2020-04-20 10:52:44 - [MESSAGE][PASSED] - Wait for page load successfully

2020-04-20 10:52:44 - [TEST_STEP][PASSED] - delay(1): Delayed 1 second(s)

2020-04-20 10:52:45 - [MESSAGE][PASSED] - Delayed 1 second(s)

2020-04-20 10:52:45 - [TEST_STEP][PASSED] - verifyTextPresent("Member Panel Suggestions", false): Text 'Member Panel Suggestions' is present on page 

2020-04-20 10:52:46 - [MESSAGE][PASSED] - Text 'Member Panel Suggestions' is present on page 

2020-04-20 10:52:46 - [TEST_STEP][PASSED] - "----------------------------------------------": null

2020-04-20 10:52:46 - [TEST_STEP][PASSED] - verifyTextPresent("Filter", false): Text 'Filter' is present on page 

2020-04-20 10:52:46 - [MESSAGE][PASSED] - Text 'Filter' is present on page 

2020-04-20 10:52:46 - [TEST_STEP][PASSED] - verifyTextPresent("Suggestion Status", false): Text 'Suggestion Status' is present on page 

2020-04-20 10:52:46 - [MESSAGE][PASSED] - Text 'Suggestion Status' is present on page 

2020-04-20 10:52:46 - [TEST_STEP][PASSED] - verifyTextPresent("Show", false): Text 'Show' is present on page 

2020-04-20 10:52:47 - [MESSAGE][PASSED] - Text 'Show' is present on page 

2020-04-20 10:52:47 - [TEST_STEP][PASSED] - verifyTextPresent("entries", false): Text 'entries' is present on page 

2020-04-20 10:52:47 - [MESSAGE][PASSED] - Text 'entries' is present on page 

2020-04-20 10:52:47 - [TEST_STEP][PASSED] - verifyTextPresent("Search", false): Text 'Search' is present on page 

2020-04-20 10:52:47 - [MESSAGE][PASSED] - Text 'Search' is present on page 

2020-04-20 10:52:47 - [TEST_STEP][PASSED] - "----------------------------------------------": null

2020-04-20 10:52:47 - [TEST_STEP][PASSED] - verifyTextPresent("Status", false): Text 'Status' is present on page 

2020-04-20 10:52:48 - [MESSAGE][PASSED] - Text 'Status' is present on page 

2020-04-20 10:52:48 - [TEST_STEP][PASSED] - verifyTextPresent("Category", false): Text 'Category' is present on page 

2020-04-20 10:52:48 - [MESSAGE][PASSED] - Text 'Category' is present on page 

2020-04-20 10:52:48 - [TEST_STEP][PASSED] - verifyTextPresent("Suggested by", false): Text 'Suggested by' is present on page 

2020-04-20 10:52:48 - [MESSAGE][PASSED] - Text 'Suggested by' is present on page 

2020-04-20 10:52:48 - [TEST_STEP][PASSED] - verifyTextPresent("Created Date", false): Text 'Created Date' is present on page 

2020-04-20 10:52:49 - [MESSAGE][PASSED] - Text 'Created Date' is present on page 

2020-04-20 10:52:49 - [TEST_STEP][PASSED] - "----------------------------------------------": null

2020-04-20 10:52:49 - [TEST_STEP][PASSED] - "----------------------------------------------": null

2020-04-20 10:52:49 - [TEST_STEP][PASSED] - verifyTextPresent("Archived", false): Text 'Archived' is present on page 

2020-04-20 10:52:49 - [MESSAGE][PASSED] - Text 'Archived' is present on page 

2020-04-20 10:52:49 - [TEST_STEP][PASSED] - verifyTextPresent("Members Area", false): Text 'Members Area' is present on page 

2020-04-20 10:52:49 - [MESSAGE][PASSED] - Text 'Members Area' is present on page 

2020-04-20 10:52:49 - [TEST_STEP][PASSED] - verifyTextPresent("Membership Advisor", false): Text 'Membership Advisor' is present on page 

2020-04-20 10:52:50 - [MESSAGE][PASSED] - Text 'Membership Advisor' is present on page 

2020-04-20 10:52:50 - [TEST_STEP][PASSED] - verifyTextPresent("Plastering Services", false): Text 'Plastering Services' is present on page 

2020-04-20 10:52:50 - [MESSAGE][PASSED] - Text 'Plastering Services' is present on page 

2020-04-20 10:52:50 - [TEST_STEP][PASSED] - verifyTextPresent("Misc.", false): Text 'Misc.' is present on page 

2020-04-20 10:52:50 - [MESSAGE][PASSED] - Text 'Misc.' is present on page 

2020-04-20 10:52:50 - [MESSAGE][PASSED] - Call Test Case 'Test Cases/Reusable_Test_Sequences/Web_Office/Verification/Settings/Members_Area/Members_Panel_Suggestions' successfully

2020-04-20 10:52:50 - [TEST_STEP][PASSED] - "--------------------------": null

2020-04-20 10:52:50 - [TEST_STEP][PASSED] - " Teardown - CLose Browser |": null

2020-04-20 10:52:50 - [TEST_STEP][PASSED] - callTestCase(findTestCase("Reusable_Test_Sequences/CAT_Teardown"), [:], OPTIONAL): Call Test Case 'Test Cases/Reusable_Test_Sequences/CAT_Teardown' successfully

2020-04-20 10:52:50 - [TEST_CASE][PASSED] - Test Cases/Reusable_Test_Sequences/CAT_Teardown: Test Cases/Reusable_Test_Sequences/CAT_Teardown

2020-04-20 10:52:50 - [TEST_STEP][PASSED] - closeBrowser(): Browser is closed

2020-04-20 10:52:51 - [MESSAGE][PASSED] - Browser is closed

2020-04-20 10:52:51 - [TEST_STEP][PASSED] - super.finalize(): null

2020-04-20 10:52:51 - [TEST_STEP][PASSED] - System.gc(): null

2020-04-20 10:52:51 - [MESSAGE][PASSED] - Call Test Case 'Test Cases/Reusable_Test_Sequences/CAT_Teardown' successfully]]></system-out>
         <system-err><![CDATA[]]></system-err>
      </testcase>
      <testcase name="Test Cases/Web_Office/Settings/Members_Area/Members_Panel_Minutes" time="20.168" classname="Test Cases/Web_Office/Settings/Members_Area/Members_Panel_Minutes" status="PASSED">
         <system-out><![CDATA[2020-04-20 10:52:51 - [TEST_CASE][PASSED] - Test Cases/Web_Office/Settings/Members_Area/Members_Panel_Minutes: Test Cases/Web_Office/Settings/Members_Area/Members_Panel_Minutes

2020-04-20 10:52:51 - [TEST_STEP][PASSED] - "--------------------------------------": null

2020-04-20 10:52:51 - [TEST_STEP][PASSED] - " Web Office StartUp                  |": null

2020-04-20 10:52:51 - [TEST_STEP][PASSED] - callTestCase(findTestCase("Reusable_Test_Sequences/Web_Office/Directives/WebOffice_StartUp"), [:], STOP_ON_FAILURE): Call Test Case 'Test Cases/Reusable_Test_Sequences/Web_Office/Directives/WebOffice_StartUp' successfully

2020-04-20 10:52:52 - [TEST_CASE][PASSED] - Test Cases/Reusable_Test_Sequences/Web_Office/Directives/WebOffice_StartUp: Test Cases/Reusable_Test_Sequences/Web_Office/Directives/WebOffice_StartUp

2020-04-20 10:52:52 - [TEST_STEP][PASSED] - "-----------------------------------------------------------------------------": null

2020-04-20 10:52:52 - [TEST_STEP][PASSED] - if (URL == "https://www.dev.checkatrade.com/"): null

2020-04-20 10:52:52 - [TEST_STEP][PASSED] - "-----------------------------------------------------------------------------": null

2020-04-20 10:52:52 - [TEST_STEP][PASSED] - if (URL == "https://www.checkatrade.com/"): null

2020-04-20 10:52:52 - [TEST_STEP][PASSED] - "-----------------------------------------------------------------------------": null

2020-04-20 10:52:52 - [TEST_STEP][PASSED] - if (URL == "https://www.preview.checkatrade.com/"): null

2020-04-20 10:52:52 - [TEST_STEP][PASSED] - WebOfficeURL = "https://admin.preview.checkatrade.com/": null

2020-04-20 10:52:52 - [TEST_STEP][PASSED] - if (URL == "https://www.dev2.checkatrade.com/"): null

2020-04-20 10:52:52 - [TEST_STEP][PASSED] - "Set Function Area for "URL_Handler", URL Resolution": null

2020-04-20 10:52:52 - [TEST_STEP][PASSED] - "Do Some Magic with URL(s) See the comments within URL Handler ": null

2020-04-20 10:52:52 - [TEST_STEP][PASSED] - "------------------------------------------------": null

2020-04-20 10:52:52 - [TEST_STEP][PASSED] - "Moved Login Credentials to <Default> profile 22/01/2020": null

2020-04-20 10:52:52 - [TEST_STEP][PASSED] - "------------------------------------------------": null

2020-04-20 10:52:52 - [TEST_STEP][PASSED] - "WebOfficeURL - Set from the ENVIRONMENT PROFILE ": null

2020-04-20 10:52:52 - [TEST_STEP][PASSED] - "OPEN BROWSER": null

2020-04-20 10:52:52 - [TEST_STEP][PASSED] - "eg - https://admin.preview.checkatrade.com/  ": null

2020-04-20 10:52:52 - [TEST_STEP][PASSED] - openBrowser(WebOfficeURL): Browser is opened with url: 'https://admin.preview.checkatrade.com/'

2020-04-20 10:52:52 - [MESSAGE][INFO] - Starting 'Chrome' driver

2020-04-20 10:52:52 - [MESSAGE][INFO] - Action delay is set to 0 milliseconds

2020-04-20 10:52:58 - [MESSAGE][PASSED] - Browser is opened with url: 'https://admin.preview.checkatrade.com/'

2020-04-20 10:52:58 - [TEST_STEP][PASSED] - maximizeWindow(): Current window maximized

2020-04-20 10:53:00 - [MESSAGE][PASSED] - Current window maximized

2020-04-20 10:53:00 - [TEST_STEP][PASSED] - waitForElementClickable(findTestObject("Object Repository/WebOffice/Page_Checkatrade - Administration - Login/Login_Button"), 25): Object 'Object Repository/WebOffice/Page_Checkatrade - Administration - Login/Login_Button' is clickable

2020-04-20 10:53:00 - [MESSAGE][PASSED] - Object 'Object Repository/WebOffice/Page_Checkatrade - Administration - Login/Login_Button' is clickable

2020-04-20 10:53:00 - [TEST_STEP][PASSED] - verifyTextPresent("Checkatrade Web Office", false): Text 'Checkatrade Web Office' is present on page 

2020-04-20 10:53:00 - [MESSAGE][PASSED] - Text 'Checkatrade Web Office' is present on page 

2020-04-20 10:53:00 - [TEST_STEP][PASSED] - verifyTextPresent("Access for staff use only", false): Text 'Access for staff use only' is present on page 

2020-04-20 10:53:01 - [MESSAGE][PASSED] - Text 'Access for staff use only' is present on page 

2020-04-20 10:53:01 - [TEST_STEP][PASSED] - verifyTextPresent("Forgotten password?", false): Text 'Forgotten password?' is present on page 

2020-04-20 10:53:01 - [MESSAGE][PASSED] - Text 'Forgotten password?' is present on page 

2020-04-20 10:53:01 - [TEST_STEP][PASSED] - setText(findTestObject("Object Repository/WebOffice/Page_Checkatrade - Administration - Login/input_Username_LoginControlUserName"), wo_Username): Text 'DavidHo' is set on object 'Object Repository/WebOffice/Page_Checkatrade - Administration - Login/input_Username_LoginControlUserName'

2020-04-20 10:53:01 - [MESSAGE][PASSED] - Text 'DavidHo' is set on object 'Object Repository/WebOffice/Page_Checkatrade - Administration - Login/input_Username_LoginControlUserName'

2020-04-20 10:53:01 - [TEST_STEP][PASSED] - setText(findTestObject("Object Repository/WebOffice/Page_Checkatrade - Administration - Login/input_Password_LoginControlPassword"), wo_Password): Text 'Check123' is set on object 'Object Repository/WebOffice/Page_Checkatrade - Administration - Login/input_Password_LoginControlPassword'

2020-04-20 10:53:01 - [MESSAGE][PASSED] - Text 'Check123' is set on object 'Object Repository/WebOffice/Page_Checkatrade - Administration - Login/input_Password_LoginControlPassword'

2020-04-20 10:53:01 - [TEST_STEP][PASSED] - click(findTestObject("Object Repository/WebOffice/Page_Checkatrade - Administration - Login/Login_Button")): Object: 'Object Repository/WebOffice/Page_Checkatrade - Administration - Login/Login_Button' is clicked on

2020-04-20 10:53:02 - [MESSAGE][PASSED] - Object: 'Object Repository/WebOffice/Page_Checkatrade - Administration - Login/Login_Button' is clicked on

2020-04-20 10:53:02 - [TEST_STEP][PASSED] - waitForPageLoad(60): Wait for page load successfully

2020-04-20 10:53:02 - [MESSAGE][PASSED] - Wait for page load successfully

2020-04-20 10:53:02 - [TEST_STEP][PASSED] - verifyTextPresent("Welcome " + wo_Username, false): Text 'Welcome DavidHo' is present on page 

2020-04-20 10:53:03 - [MESSAGE][PASSED] - Text 'Welcome DavidHo' is present on page 

2020-04-20 10:53:03 - [MESSAGE][PASSED] - Call Test Case 'Test Cases/Reusable_Test_Sequences/Web_Office/Directives/WebOffice_StartUp' successfully

2020-04-20 10:53:03 - [TEST_STEP][PASSED] - "-----------------------------------------------------------------": null

2020-04-20 10:53:03 - [TEST_STEP][PASSED] - " Navigate to <Settings->Checkatrade.Com->Sub Item> Menu Item     |": null

2020-04-20 10:53:03 - [TEST_STEP][PASSED] - callTestCase(findTestCase("Reusable_Test_Sequences/Web_Office/Navigation/Sub_Menu_Navigation/Settings/Members_Area/Members_Panel_Minutes"), [:], STOP_ON_FAILURE): Call Test Case 'Test Cases/Reusable_Test_Sequences/Web_Office/Navigation/Sub_Menu_Navigation/Settings/Members_Area/Members_Panel_Minutes' successfully

2020-04-20 10:53:03 - [TEST_CASE][PASSED] - Test Cases/Reusable_Test_Sequences/Web_Office/Navigation/Sub_Menu_Navigation/Settings/Members_Area/Members_Panel_Minutes: Test Cases/Reusable_Test_Sequences/Web_Office/Navigation/Sub_Menu_Navigation/Settings/Members_Area/Members_Panel_Minutes

2020-04-20 10:53:03 - [TEST_STEP][PASSED] - "--------------------------------------": null

2020-04-20 10:53:03 - [TEST_STEP][PASSED] - " Navigate Top level menu Item         |": null

2020-04-20 10:53:03 - [TEST_STEP][PASSED] - waitForPageLoad(60): Wait for page load successfully

2020-04-20 10:53:03 - [MESSAGE][PASSED] - Wait for page load successfully

2020-04-20 10:53:03 - [TEST_STEP][PASSED] - waitForElementClickable(findTestObject("Object Repository/WebOffice_Home_page/a_Settings"), 60): Object 'Object Repository/WebOffice_Home_page/a_Settings' is clickable

2020-04-20 10:53:04 - [MESSAGE][PASSED] - Object 'Object Repository/WebOffice_Home_page/a_Settings' is clickable

2020-04-20 10:53:04 - [TEST_STEP][PASSED] - mouseOver(findTestObject("Object Repository/WebOffice_Home_page/a_Settings")): Object: 'Object Repository/WebOffice_Home_page/a_Settings' is hovered

2020-04-20 10:53:04 - [MESSAGE][PASSED] - Object: 'Object Repository/WebOffice_Home_page/a_Settings' is hovered

2020-04-20 10:53:04 - [TEST_STEP][PASSED] - mouseOver(findTestObject("Object Repository/WebOffice_Home_page/a_Members Area")): Object: 'Object Repository/WebOffice_Home_page/a_Members Area' is hovered

2020-04-20 10:53:04 - [MESSAGE][PASSED] - Object: 'Object Repository/WebOffice_Home_page/a_Members Area' is hovered

2020-04-20 10:53:04 - [TEST_STEP][PASSED] - waitForElementClickable(findTestObject("Object Repository/WebOffice_Home_page/a_Members Panel Minutes"), 1): Object 'Object Repository/WebOffice_Home_page/a_Members Panel Minutes' is clickable

2020-04-20 10:53:04 - [MESSAGE][PASSED] - Object 'Object Repository/WebOffice_Home_page/a_Members Panel Minutes' is clickable

2020-04-20 10:53:04 - [TEST_STEP][PASSED] - click(findTestObject("Object Repository/WebOffice_Home_page/a_Members Panel Minutes")): Object: 'Object Repository/WebOffice_Home_page/a_Members Panel Minutes' is clicked on

2020-04-20 10:53:05 - [MESSAGE][PASSED] - Object: 'Object Repository/WebOffice_Home_page/a_Members Panel Minutes' is clicked on

2020-04-20 10:53:05 - [MESSAGE][PASSED] - Call Test Case 'Test Cases/Reusable_Test_Sequences/Web_Office/Navigation/Sub_Menu_Navigation/Settings/Members_Area/Members_Panel_Minutes' successfully

2020-04-20 10:53:05 - [TEST_STEP][PASSED] - "--------------------------------------": null

2020-04-20 10:53:05 - [TEST_STEP][PASSED] - " Verify Returned Page Detail          |": null

2020-04-20 10:53:06 - [TEST_STEP][PASSED] - callTestCase(findTestCase("Reusable_Test_Sequences/Web_Office/Verification/Settings/Members_Area/Members_Panel_Minutes"), [:], OPTIONAL): Call Test Case 'Test Cases/Reusable_Test_Sequences/Web_Office/Verification/Settings/Members_Area/Members_Panel_Minutes' successfully

2020-04-20 10:53:06 - [TEST_CASE][PASSED] - Test Cases/Reusable_Test_Sequences/Web_Office/Verification/Settings/Members_Area/Members_Panel_Minutes: Test Cases/Reusable_Test_Sequences/Web_Office/Verification/Settings/Members_Area/Members_Panel_Minutes

2020-04-20 10:53:06 - [TEST_STEP][PASSED] - waitForPageLoad(60): Wait for page load successfully

2020-04-20 10:53:06 - [MESSAGE][PASSED] - Wait for page load successfully

2020-04-20 10:53:06 - [TEST_STEP][PASSED] - delay(1): Delayed 1 second(s)

2020-04-20 10:53:07 - [MESSAGE][PASSED] - Delayed 1 second(s)

2020-04-20 10:53:07 - [TEST_STEP][PASSED] - verifyTextPresent("Members Panel Minutes", false): Text 'Members Panel Minutes' is present on page 

2020-04-20 10:53:07 - [MESSAGE][PASSED] - Text 'Members Panel Minutes' is present on page 

2020-04-20 10:53:07 - [TEST_STEP][PASSED] - "----------------------------------------------": null

2020-04-20 10:53:07 - [TEST_STEP][PASSED] - verifyTextPresent("Upload Members panel minutes", false): Text 'Upload Members panel minutes' is present on page 

2020-04-20 10:53:08 - [MESSAGE][PASSED] - Text 'Upload Members panel minutes' is present on page 

2020-04-20 10:53:08 - [TEST_STEP][PASSED] - verifyTextPresent("Select file", false): Text 'Select file' is present on page 

2020-04-20 10:53:08 - [MESSAGE][PASSED] - Text 'Select file' is present on page 

2020-04-20 10:53:08 - [TEST_STEP][PASSED] - verifyTextPresent("Select Date", false): Text 'Select Date' is present on page 

2020-04-20 10:53:08 - [MESSAGE][PASSED] - Text 'Select Date' is present on page 

2020-04-20 10:53:08 - [TEST_STEP][PASSED] - verifyTextPresent("Upload", false): Text 'Upload' is present on page 

2020-04-20 10:53:08 - [MESSAGE][PASSED] - Text 'Upload' is present on page 

2020-04-20 10:53:08 - [TEST_STEP][PASSED] - verifyTextPresent("Browse", false): Text 'Browse' is present on page 

2020-04-20 10:53:09 - [MESSAGE][PASSED] - Text 'Browse' is present on page 

2020-04-20 10:53:09 - [TEST_STEP][PASSED] - "----------------------------------------------": null

2020-04-20 10:53:09 - [TEST_STEP][PASSED] - verifyTextPresent("Previously Uploaded Minutes", false): Text 'Previously Uploaded Minutes' is present on page 

2020-04-20 10:53:09 - [MESSAGE][PASSED] - Text 'Previously Uploaded Minutes' is present on page 

2020-04-20 10:53:09 - [TEST_STEP][PASSED] - verifyTextPresent("Panel Meeting Minutes", false): Text 'Panel Meeting Minutes' is present on page 

2020-04-20 10:53:09 - [MESSAGE][PASSED] - Text 'Panel Meeting Minutes' is present on page 

2020-04-20 10:53:09 - [TEST_STEP][PASSED] - "----------------------------------------------": null

2020-04-20 10:53:09 - [TEST_STEP][PASSED] - verifyTextPresent("Set next members panel meeting date", false): Text 'Set next members panel meeting date' is present on page 

2020-04-20 10:53:09 - [MESSAGE][PASSED] - Text 'Set next members panel meeting date' is present on page 

2020-04-20 10:53:09 - [TEST_STEP][PASSED] - verifyTextPresent("Next Meeting Date Currently", false): Text 'Next Meeting Date Currently' is present on page 

2020-04-20 10:53:09 - [MESSAGE][PASSED] - Text 'Next Meeting Date Currently' is present on page 

2020-04-20 10:53:09 - [TEST_STEP][PASSED] - verifyTextPresent("Next meeting on hold", false): Text 'Next meeting on hold' is present on page 

2020-04-20 10:53:10 - [MESSAGE][PASSED] - Text 'Next meeting on hold' is present on page 

2020-04-20 10:53:10 - [TEST_STEP][PASSED] - verifyTextPresent("Please continue to make suggestions", false): Text 'Please continue to make suggestions' is present on page 

2020-04-20 10:53:10 - [MESSAGE][PASSED] - Text 'Please continue to make suggestions' is present on page 

2020-04-20 10:53:10 - [TEST_STEP][PASSED] - verifyTextPresent("Set Date", false): Text 'Set Date' is present on page 

2020-04-20 10:53:10 - [MESSAGE][PASSED] - Text 'Set Date' is present on page 

2020-04-20 10:53:10 - [MESSAGE][PASSED] - Call Test Case 'Test Cases/Reusable_Test_Sequences/Web_Office/Verification/Settings/Members_Area/Members_Panel_Minutes' successfully

2020-04-20 10:53:10 - [TEST_STEP][PASSED] - "--------------------------": null

2020-04-20 10:53:10 - [TEST_STEP][PASSED] - " Teardown - CLose Browser |": null

2020-04-20 10:53:10 - [TEST_STEP][PASSED] - callTestCase(findTestCase("Reusable_Test_Sequences/CAT_Teardown"), [:], OPTIONAL): Call Test Case 'Test Cases/Reusable_Test_Sequences/CAT_Teardown' successfully

2020-04-20 10:53:10 - [TEST_CASE][PASSED] - Test Cases/Reusable_Test_Sequences/CAT_Teardown: Test Cases/Reusable_Test_Sequences/CAT_Teardown

2020-04-20 10:53:10 - [TEST_STEP][PASSED] - closeBrowser(): Browser is closed

2020-04-20 10:53:11 - [MESSAGE][PASSED] - Browser is closed

2020-04-20 10:53:11 - [TEST_STEP][PASSED] - super.finalize(): null

2020-04-20 10:53:11 - [TEST_STEP][PASSED] - System.gc(): null

2020-04-20 10:53:11 - [MESSAGE][PASSED] - Call Test Case 'Test Cases/Reusable_Test_Sequences/CAT_Teardown' successfully]]></system-out>
         <system-err><![CDATA[]]></system-err>
      </testcase>
      <testcase name="Test Cases/Web_Office/Settings/Members_Area/Members_Alerts" time="25.21" classname="Test Cases/Web_Office/Settings/Members_Area/Members_Alerts" status="PASSED">
         <system-out><![CDATA[2020-04-20 10:53:11 - [TEST_CASE][PASSED] - Test Cases/Web_Office/Settings/Members_Area/Members_Alerts: Test Cases/Web_Office/Settings/Members_Area/Members_Alerts

2020-04-20 10:53:12 - [TEST_STEP][PASSED] - "--------------------------------------": null

2020-04-20 10:53:12 - [TEST_STEP][PASSED] - " Web Office StartUp                  |": null

2020-04-20 10:53:12 - [TEST_STEP][PASSED] - callTestCase(findTestCase("Reusable_Test_Sequences/Web_Office/Directives/WebOffice_StartUp"), [:], STOP_ON_FAILURE): Call Test Case 'Test Cases/Reusable_Test_Sequences/Web_Office/Directives/WebOffice_StartUp' successfully

2020-04-20 10:53:12 - [TEST_CASE][PASSED] - Test Cases/Reusable_Test_Sequences/Web_Office/Directives/WebOffice_StartUp: Test Cases/Reusable_Test_Sequences/Web_Office/Directives/WebOffice_StartUp

2020-04-20 10:53:12 - [TEST_STEP][PASSED] - "-----------------------------------------------------------------------------": null

2020-04-20 10:53:12 - [TEST_STEP][PASSED] - if (URL == "https://www.dev.checkatrade.com/"): null

2020-04-20 10:53:12 - [TEST_STEP][PASSED] - "-----------------------------------------------------------------------------": null

2020-04-20 10:53:12 - [TEST_STEP][PASSED] - if (URL == "https://www.checkatrade.com/"): null

2020-04-20 10:53:12 - [TEST_STEP][PASSED] - "-----------------------------------------------------------------------------": null

2020-04-20 10:53:12 - [TEST_STEP][PASSED] - if (URL == "https://www.preview.checkatrade.com/"): null

2020-04-20 10:53:12 - [TEST_STEP][PASSED] - WebOfficeURL = "https://admin.preview.checkatrade.com/": null

2020-04-20 10:53:12 - [TEST_STEP][PASSED] - if (URL == "https://www.dev2.checkatrade.com/"): null

2020-04-20 10:53:12 - [TEST_STEP][PASSED] - "Set Function Area for "URL_Handler", URL Resolution": null

2020-04-20 10:53:12 - [TEST_STEP][PASSED] - "Do Some Magic with URL(s) See the comments within URL Handler ": null

2020-04-20 10:53:12 - [TEST_STEP][PASSED] - "------------------------------------------------": null

2020-04-20 10:53:12 - [TEST_STEP][PASSED] - "Moved Login Credentials to <Default> profile 22/01/2020": null

2020-04-20 10:53:12 - [TEST_STEP][PASSED] - "------------------------------------------------": null

2020-04-20 10:53:12 - [TEST_STEP][PASSED] - "WebOfficeURL - Set from the ENVIRONMENT PROFILE ": null

2020-04-20 10:53:12 - [TEST_STEP][PASSED] - "OPEN BROWSER": null

2020-04-20 10:53:12 - [TEST_STEP][PASSED] - "eg - https://admin.preview.checkatrade.com/  ": null

2020-04-20 10:53:12 - [TEST_STEP][PASSED] - openBrowser(WebOfficeURL): Browser is opened with url: 'https://admin.preview.checkatrade.com/'

2020-04-20 10:53:12 - [MESSAGE][INFO] - Starting 'Chrome' driver

2020-04-20 10:53:12 - [MESSAGE][INFO] - Action delay is set to 0 milliseconds

2020-04-20 10:53:18 - [MESSAGE][PASSED] - Browser is opened with url: 'https://admin.preview.checkatrade.com/'

2020-04-20 10:53:18 - [TEST_STEP][PASSED] - maximizeWindow(): Current window maximized

2020-04-20 10:53:20 - [MESSAGE][PASSED] - Current window maximized

2020-04-20 10:53:20 - [TEST_STEP][PASSED] - waitForElementClickable(findTestObject("Object Repository/WebOffice/Page_Checkatrade - Administration - Login/Login_Button"), 25): Object 'Object Repository/WebOffice/Page_Checkatrade - Administration - Login/Login_Button' is clickable

2020-04-20 10:53:20 - [MESSAGE][PASSED] - Object 'Object Repository/WebOffice/Page_Checkatrade - Administration - Login/Login_Button' is clickable

2020-04-20 10:53:20 - [TEST_STEP][PASSED] - verifyTextPresent("Checkatrade Web Office", false): Text 'Checkatrade Web Office' is present on page 

2020-04-20 10:53:21 - [MESSAGE][PASSED] - Text 'Checkatrade Web Office' is present on page 

2020-04-20 10:53:21 - [TEST_STEP][PASSED] - verifyTextPresent("Access for staff use only", false): Text 'Access for staff use only' is present on page 

2020-04-20 10:53:21 - [MESSAGE][PASSED] - Text 'Access for staff use only' is present on page 

2020-04-20 10:53:21 - [TEST_STEP][PASSED] - verifyTextPresent("Forgotten password?", false): Text 'Forgotten password?' is present on page 

2020-04-20 10:53:21 - [MESSAGE][PASSED] - Text 'Forgotten password?' is present on page 

2020-04-20 10:53:21 - [TEST_STEP][PASSED] - setText(findTestObject("Object Repository/WebOffice/Page_Checkatrade - Administration - Login/input_Username_LoginControlUserName"), wo_Username): Text 'DavidHo' is set on object 'Object Repository/WebOffice/Page_Checkatrade - Administration - Login/input_Username_LoginControlUserName'

2020-04-20 10:53:21 - [MESSAGE][PASSED] - Text 'DavidHo' is set on object 'Object Repository/WebOffice/Page_Checkatrade - Administration - Login/input_Username_LoginControlUserName'

2020-04-20 10:53:21 - [TEST_STEP][PASSED] - setText(findTestObject("Object Repository/WebOffice/Page_Checkatrade - Administration - Login/input_Password_LoginControlPassword"), wo_Password): Text 'Check123' is set on object 'Object Repository/WebOffice/Page_Checkatrade - Administration - Login/input_Password_LoginControlPassword'

2020-04-20 10:53:21 - [MESSAGE][PASSED] - Text 'Check123' is set on object 'Object Repository/WebOffice/Page_Checkatrade - Administration - Login/input_Password_LoginControlPassword'

2020-04-20 10:53:21 - [TEST_STEP][PASSED] - click(findTestObject("Object Repository/WebOffice/Page_Checkatrade - Administration - Login/Login_Button")): Object: 'Object Repository/WebOffice/Page_Checkatrade - Administration - Login/Login_Button' is clicked on

2020-04-20 10:53:23 - [MESSAGE][PASSED] - Object: 'Object Repository/WebOffice/Page_Checkatrade - Administration - Login/Login_Button' is clicked on

2020-04-20 10:53:23 - [TEST_STEP][PASSED] - waitForPageLoad(60): Wait for page load successfully

2020-04-20 10:53:23 - [MESSAGE][PASSED] - Wait for page load successfully

2020-04-20 10:53:23 - [TEST_STEP][PASSED] - verifyTextPresent("Welcome " + wo_Username, false): Text 'Welcome DavidHo' is present on page 

2020-04-20 10:53:24 - [MESSAGE][PASSED] - Text 'Welcome DavidHo' is present on page 

2020-04-20 10:53:24 - [MESSAGE][PASSED] - Call Test Case 'Test Cases/Reusable_Test_Sequences/Web_Office/Directives/WebOffice_StartUp' successfully

2020-04-20 10:53:24 - [TEST_STEP][PASSED] - "-----------------------------------------------------------------": null

2020-04-20 10:53:24 - [TEST_STEP][PASSED] - " Navigate to <Settings->Checkatrade.Com->Sub Item> Menu Item     |": null

2020-04-20 10:53:24 - [TEST_STEP][PASSED] - callTestCase(findTestCase("Reusable_Test_Sequences/Web_Office/Navigation/Sub_Menu_Navigation/Settings/Members_Area/Members_Alerts"), [:], STOP_ON_FAILURE): Call Test Case 'Test Cases/Reusable_Test_Sequences/Web_Office/Navigation/Sub_Menu_Navigation/Settings/Members_Area/Members_Alerts' successfully

2020-04-20 10:53:24 - [TEST_CASE][PASSED] - Test Cases/Reusable_Test_Sequences/Web_Office/Navigation/Sub_Menu_Navigation/Settings/Members_Area/Members_Alerts: Test Cases/Reusable_Test_Sequences/Web_Office/Navigation/Sub_Menu_Navigation/Settings/Members_Area/Members_Alerts

2020-04-20 10:53:24 - [TEST_STEP][PASSED] - "--------------------------------------": null

2020-04-20 10:53:24 - [TEST_STEP][PASSED] - " Navigate Top level menu Item         |": null

2020-04-20 10:53:24 - [TEST_STEP][PASSED] - waitForPageLoad(60): Wait for page load successfully

2020-04-20 10:53:24 - [MESSAGE][PASSED] - Wait for page load successfully

2020-04-20 10:53:24 - [TEST_STEP][PASSED] - waitForElementClickable(findTestObject("Object Repository/WebOffice_Home_page/a_Settings"), 60): Object 'Object Repository/WebOffice_Home_page/a_Settings' is clickable

2020-04-20 10:53:25 - [MESSAGE][PASSED] - Object 'Object Repository/WebOffice_Home_page/a_Settings' is clickable

2020-04-20 10:53:25 - [TEST_STEP][PASSED] - mouseOver(findTestObject("Object Repository/WebOffice_Home_page/a_Settings")): Object: 'Object Repository/WebOffice_Home_page/a_Settings' is hovered

2020-04-20 10:53:25 - [MESSAGE][PASSED] - Object: 'Object Repository/WebOffice_Home_page/a_Settings' is hovered

2020-04-20 10:53:25 - [TEST_STEP][PASSED] - mouseOver(findTestObject("Object Repository/WebOffice_Home_page/a_Members Area")): Object: 'Object Repository/WebOffice_Home_page/a_Members Area' is hovered

2020-04-20 10:53:25 - [MESSAGE][PASSED] - Object: 'Object Repository/WebOffice_Home_page/a_Members Area' is hovered

2020-04-20 10:53:25 - [TEST_STEP][PASSED] - waitForElementClickable(findTestObject("Object Repository/WebOffice_Home_page/a_Members Alerts"), 1): Object 'Object Repository/WebOffice_Home_page/a_Members Alerts' is clickable

2020-04-20 10:53:25 - [MESSAGE][PASSED] - Object 'Object Repository/WebOffice_Home_page/a_Members Alerts' is clickable

2020-04-20 10:53:25 - [TEST_STEP][PASSED] - click(findTestObject("Object Repository/WebOffice_Home_page/a_Members Alerts")): Object: 'Object Repository/WebOffice_Home_page/a_Members Alerts' is clicked on

2020-04-20 10:53:26 - [MESSAGE][PASSED] - Object: 'Object Repository/WebOffice_Home_page/a_Members Alerts' is clicked on

2020-04-20 10:53:26 - [MESSAGE][PASSED] - Call Test Case 'Test Cases/Reusable_Test_Sequences/Web_Office/Navigation/Sub_Menu_Navigation/Settings/Members_Area/Members_Alerts' successfully

2020-04-20 10:53:26 - [TEST_STEP][PASSED] - "--------------------------------------": null

2020-04-20 10:53:26 - [TEST_STEP][PASSED] - " Verify Returned Page Detail          |": null

2020-04-20 10:53:26 - [TEST_STEP][PASSED] - callTestCase(findTestCase("Reusable_Test_Sequences/Web_Office/Verification/Settings/Members_Area/Members_Alerts"), [:], OPTIONAL): Call Test Case 'Test Cases/Reusable_Test_Sequences/Web_Office/Verification/Settings/Members_Area/Members_Alerts' successfully

2020-04-20 10:53:26 - [TEST_CASE][PASSED] - Test Cases/Reusable_Test_Sequences/Web_Office/Verification/Settings/Members_Area/Members_Alerts: Test Cases/Reusable_Test_Sequences/Web_Office/Verification/Settings/Members_Area/Members_Alerts

2020-04-20 10:53:27 - [TEST_STEP][PASSED] - waitForPageLoad(60): Wait for page load successfully

2020-04-20 10:53:27 - [MESSAGE][PASSED] - Wait for page load successfully

2020-04-20 10:53:27 - [TEST_STEP][PASSED] - delay(1): Delayed 1 second(s)

2020-04-20 10:53:28 - [MESSAGE][PASSED] - Delayed 1 second(s)

2020-04-20 10:53:28 - [TEST_STEP][PASSED] - verifyTextPresent("Members Alerts", false): Text 'Members Alerts' is present on page 

2020-04-20 10:53:29 - [MESSAGE][PASSED] - Text 'Members Alerts' is present on page 

2020-04-20 10:53:29 - [TEST_STEP][PASSED] - "----------------------------------------------": null

2020-04-20 10:53:29 - [TEST_STEP][PASSED] - verifyTextPresent("Add New Alert", false): Text 'Add New Alert' is present on page 

2020-04-20 10:53:30 - [MESSAGE][PASSED] - Text 'Add New Alert' is present on page 

2020-04-20 10:53:30 - [TEST_STEP][PASSED] - verifyTextPresent("Subject", false): Text 'Subject' is present on page 

2020-04-20 10:53:31 - [MESSAGE][PASSED] - Text 'Subject' is present on page 

2020-04-20 10:53:31 - [TEST_STEP][PASSED] - verifyTextPresent("Details", false): Text 'Details' is present on page 

2020-04-20 10:53:32 - [MESSAGE][PASSED] - Text 'Details' is present on page 

2020-04-20 10:53:32 - [TEST_STEP][PASSED] - "----------------------------------------------": null

2020-04-20 10:53:32 - [TEST_STEP][PASSED] - verifyTextPresent("Active Alerts", false): Text 'Active Alerts' is present on page 

2020-04-20 10:53:33 - [MESSAGE][PASSED] - Text 'Active Alerts' is present on page 

2020-04-20 10:53:33 - [TEST_STEP][PASSED] - verifyTextPresent("Suspicious emails and calls", false): Text 'Suspicious emails and calls' is present on page 

2020-04-20 10:53:34 - [MESSAGE][PASSED] - Text 'Suspicious emails and calls' is present on page 

2020-04-20 10:53:34 - [MESSAGE][PASSED] - Call Test Case 'Test Cases/Reusable_Test_Sequences/Web_Office/Verification/Settings/Members_Area/Members_Alerts' successfully

2020-04-20 10:53:34 - [TEST_STEP][PASSED] - "--------------------------": null

2020-04-20 10:53:34 - [TEST_STEP][PASSED] - " Teardown - CLose Browser |": null

2020-04-20 10:53:34 - [TEST_STEP][PASSED] - callTestCase(findTestCase("Reusable_Test_Sequences/CAT_Teardown"), [:], OPTIONAL): Call Test Case 'Test Cases/Reusable_Test_Sequences/CAT_Teardown' successfully

2020-04-20 10:53:34 - [TEST_CASE][PASSED] - Test Cases/Reusable_Test_Sequences/CAT_Teardown: Test Cases/Reusable_Test_Sequences/CAT_Teardown

2020-04-20 10:53:34 - [TEST_STEP][PASSED] - closeBrowser(): Browser is closed

2020-04-20 10:53:36 - [MESSAGE][PASSED] - Browser is closed

2020-04-20 10:53:36 - [TEST_STEP][PASSED] - super.finalize(): null

2020-04-20 10:53:36 - [TEST_STEP][PASSED] - System.gc(): null

2020-04-20 10:53:37 - [MESSAGE][PASSED] - Call Test Case 'Test Cases/Reusable_Test_Sequences/CAT_Teardown' successfully]]></system-out>
         <system-err><![CDATA[]]></system-err>
      </testcase>
      <testcase name="Test Cases/Web_Office/Settings/Members_Area/Members_Blog_Posts" time="18.0" classname="Test Cases/Web_Office/Settings/Members_Area/Members_Blog_Posts" status="PASSED">
         <system-out><![CDATA[2020-04-20 10:53:37 - [TEST_CASE][PASSED] - Test Cases/Web_Office/Settings/Members_Area/Members_Blog_Posts: Test Cases/Web_Office/Settings/Members_Area/Members_Blog_Posts

2020-04-20 10:53:37 - [TEST_STEP][PASSED] - "--------------------------------------": null

2020-04-20 10:53:37 - [TEST_STEP][PASSED] - " Web Office StartUp                  |": null

2020-04-20 10:53:37 - [TEST_STEP][PASSED] - callTestCase(findTestCase("Reusable_Test_Sequences/Web_Office/Directives/WebOffice_StartUp"), [:], STOP_ON_FAILURE): Call Test Case 'Test Cases/Reusable_Test_Sequences/Web_Office/Directives/WebOffice_StartUp' successfully

2020-04-20 10:53:37 - [TEST_CASE][PASSED] - Test Cases/Reusable_Test_Sequences/Web_Office/Directives/WebOffice_StartUp: Test Cases/Reusable_Test_Sequences/Web_Office/Directives/WebOffice_StartUp

2020-04-20 10:53:37 - [TEST_STEP][PASSED] - "-----------------------------------------------------------------------------": null

2020-04-20 10:53:37 - [TEST_STEP][PASSED] - if (URL == "https://www.dev.checkatrade.com/"): null

2020-04-20 10:53:37 - [TEST_STEP][PASSED] - "-----------------------------------------------------------------------------": null

2020-04-20 10:53:37 - [TEST_STEP][PASSED] - if (URL == "https://www.checkatrade.com/"): null

2020-04-20 10:53:37 - [TEST_STEP][PASSED] - "-----------------------------------------------------------------------------": null

2020-04-20 10:53:37 - [TEST_STEP][PASSED] - if (URL == "https://www.preview.checkatrade.com/"): null

2020-04-20 10:53:37 - [TEST_STEP][PASSED] - WebOfficeURL = "https://admin.preview.checkatrade.com/": null

2020-04-20 10:53:37 - [TEST_STEP][PASSED] - if (URL == "https://www.dev2.checkatrade.com/"): null

2020-04-20 10:53:37 - [TEST_STEP][PASSED] - "Set Function Area for "URL_Handler", URL Resolution": null

2020-04-20 10:53:37 - [TEST_STEP][PASSED] - "Do Some Magic with URL(s) See the comments within URL Handler ": null

2020-04-20 10:53:37 - [TEST_STEP][PASSED] - "------------------------------------------------": null

2020-04-20 10:53:37 - [TEST_STEP][PASSED] - "Moved Login Credentials to <Default> profile 22/01/2020": null

2020-04-20 10:53:37 - [TEST_STEP][PASSED] - "------------------------------------------------": null

2020-04-20 10:53:37 - [TEST_STEP][PASSED] - "WebOfficeURL - Set from the ENVIRONMENT PROFILE ": null

2020-04-20 10:53:37 - [TEST_STEP][PASSED] - "OPEN BROWSER": null

2020-04-20 10:53:37 - [TEST_STEP][PASSED] - "eg - https://admin.preview.checkatrade.com/  ": null

2020-04-20 10:53:37 - [TEST_STEP][PASSED] - openBrowser(WebOfficeURL): Browser is opened with url: 'https://admin.preview.checkatrade.com/'

2020-04-20 10:53:37 - [MESSAGE][INFO] - Starting 'Chrome' driver

2020-04-20 10:53:37 - [MESSAGE][INFO] - Action delay is set to 0 milliseconds

2020-04-20 10:53:43 - [MESSAGE][PASSED] - Browser is opened with url: 'https://admin.preview.checkatrade.com/'

2020-04-20 10:53:43 - [TEST_STEP][PASSED] - maximizeWindow(): Current window maximized

2020-04-20 10:53:45 - [MESSAGE][PASSED] - Current window maximized

2020-04-20 10:53:45 - [TEST_STEP][PASSED] - waitForElementClickable(findTestObject("Object Repository/WebOffice/Page_Checkatrade - Administration - Login/Login_Button"), 25): Object 'Object Repository/WebOffice/Page_Checkatrade - Administration - Login/Login_Button' is clickable

2020-04-20 10:53:45 - [MESSAGE][PASSED] - Object 'Object Repository/WebOffice/Page_Checkatrade - Administration - Login/Login_Button' is clickable

2020-04-20 10:53:45 - [TEST_STEP][PASSED] - verifyTextPresent("Checkatrade Web Office", false): Text 'Checkatrade Web Office' is present on page 

2020-04-20 10:53:45 - [MESSAGE][PASSED] - Text 'Checkatrade Web Office' is present on page 

2020-04-20 10:53:45 - [TEST_STEP][PASSED] - verifyTextPresent("Access for staff use only", false): Text 'Access for staff use only' is present on page 

2020-04-20 10:53:45 - [MESSAGE][PASSED] - Text 'Access for staff use only' is present on page 

2020-04-20 10:53:45 - [TEST_STEP][PASSED] - verifyTextPresent("Forgotten password?", false): Text 'Forgotten password?' is present on page 

2020-04-20 10:53:45 - [MESSAGE][PASSED] - Text 'Forgotten password?' is present on page 

2020-04-20 10:53:45 - [TEST_STEP][PASSED] - setText(findTestObject("Object Repository/WebOffice/Page_Checkatrade - Administration - Login/input_Username_LoginControlUserName"), wo_Username): Text 'DavidHo' is set on object 'Object Repository/WebOffice/Page_Checkatrade - Administration - Login/input_Username_LoginControlUserName'

2020-04-20 10:53:46 - [MESSAGE][PASSED] - Text 'DavidHo' is set on object 'Object Repository/WebOffice/Page_Checkatrade - Administration - Login/input_Username_LoginControlUserName'

2020-04-20 10:53:46 - [TEST_STEP][PASSED] - setText(findTestObject("Object Repository/WebOffice/Page_Checkatrade - Administration - Login/input_Password_LoginControlPassword"), wo_Password): Text 'Check123' is set on object 'Object Repository/WebOffice/Page_Checkatrade - Administration - Login/input_Password_LoginControlPassword'

2020-04-20 10:53:46 - [MESSAGE][PASSED] - Text 'Check123' is set on object 'Object Repository/WebOffice/Page_Checkatrade - Administration - Login/input_Password_LoginControlPassword'

2020-04-20 10:53:46 - [TEST_STEP][PASSED] - click(findTestObject("Object Repository/WebOffice/Page_Checkatrade - Administration - Login/Login_Button")): Object: 'Object Repository/WebOffice/Page_Checkatrade - Administration - Login/Login_Button' is clicked on

2020-04-20 10:53:47 - [MESSAGE][PASSED] - Object: 'Object Repository/WebOffice/Page_Checkatrade - Administration - Login/Login_Button' is clicked on

2020-04-20 10:53:47 - [TEST_STEP][PASSED] - waitForPageLoad(60): Wait for page load successfully

2020-04-20 10:53:47 - [MESSAGE][PASSED] - Wait for page load successfully

2020-04-20 10:53:47 - [TEST_STEP][PASSED] - verifyTextPresent("Welcome " + wo_Username, false): Text 'Welcome DavidHo' is present on page 

2020-04-20 10:53:48 - [MESSAGE][PASSED] - Text 'Welcome DavidHo' is present on page 

2020-04-20 10:53:48 - [MESSAGE][PASSED] - Call Test Case 'Test Cases/Reusable_Test_Sequences/Web_Office/Directives/WebOffice_StartUp' successfully

2020-04-20 10:53:48 - [TEST_STEP][PASSED] - "-----------------------------------------------------------------": null

2020-04-20 10:53:48 - [TEST_STEP][PASSED] - " Navigate to <Settings->Checkatrade.Com->Sub Item> Menu Item     |": null

2020-04-20 10:53:48 - [TEST_STEP][PASSED] - callTestCase(findTestCase("Reusable_Test_Sequences/Web_Office/Navigation/Sub_Menu_Navigation/Settings/Members_Area/Members_Blog_Posts"), [:], STOP_ON_FAILURE): Call Test Case 'Test Cases/Reusable_Test_Sequences/Web_Office/Navigation/Sub_Menu_Navigation/Settings/Members_Area/Members_Blog_Posts' successfully

2020-04-20 10:53:48 - [TEST_CASE][PASSED] - Test Cases/Reusable_Test_Sequences/Web_Office/Navigation/Sub_Menu_Navigation/Settings/Members_Area/Members_Blog_Posts: Test Cases/Reusable_Test_Sequences/Web_Office/Navigation/Sub_Menu_Navigation/Settings/Members_Area/Members_Blog_Posts

2020-04-20 10:53:48 - [TEST_STEP][PASSED] - "--------------------------------------": null

2020-04-20 10:53:48 - [TEST_STEP][PASSED] - " Navigate Top level menu Item         |": null

2020-04-20 10:53:48 - [TEST_STEP][PASSED] - waitForPageLoad(60): Wait for page load successfully

2020-04-20 10:53:48 - [MESSAGE][PASSED] - Wait for page load successfully

2020-04-20 10:53:48 - [TEST_STEP][PASSED] - waitForElementClickable(findTestObject("Object Repository/WebOffice_Home_page/a_Settings"), 60): Object 'Object Repository/WebOffice_Home_page/a_Settings' is clickable

2020-04-20 10:53:48 - [MESSAGE][PASSED] - Object 'Object Repository/WebOffice_Home_page/a_Settings' is clickable

2020-04-20 10:53:48 - [TEST_STEP][PASSED] - mouseOver(findTestObject("Object Repository/WebOffice_Home_page/a_Settings")): Object: 'Object Repository/WebOffice_Home_page/a_Settings' is hovered

2020-04-20 10:53:49 - [MESSAGE][PASSED] - Object: 'Object Repository/WebOffice_Home_page/a_Settings' is hovered

2020-04-20 10:53:49 - [TEST_STEP][PASSED] - mouseOver(findTestObject("Object Repository/WebOffice_Home_page/a_Members Area")): Object: 'Object Repository/WebOffice_Home_page/a_Members Area' is hovered

2020-04-20 10:53:49 - [MESSAGE][PASSED] - Object: 'Object Repository/WebOffice_Home_page/a_Members Area' is hovered

2020-04-20 10:53:49 - [TEST_STEP][PASSED] - waitForElementClickable(findTestObject("Object Repository/WebOffice_Home_page/a_Members Blog Posts"), 1): Object 'Object Repository/WebOffice_Home_page/a_Members Blog Posts' is clickable

2020-04-20 10:53:49 - [MESSAGE][PASSED] - Object 'Object Repository/WebOffice_Home_page/a_Members Blog Posts' is clickable

2020-04-20 10:53:49 - [TEST_STEP][PASSED] - click(findTestObject("Object Repository/WebOffice_Home_page/a_Members Blog Posts")): Object: 'Object Repository/WebOffice_Home_page/a_Members Blog Posts' is clicked on

2020-04-20 10:53:50 - [MESSAGE][PASSED] - Object: 'Object Repository/WebOffice_Home_page/a_Members Blog Posts' is clicked on

2020-04-20 10:53:50 - [MESSAGE][PASSED] - Call Test Case 'Test Cases/Reusable_Test_Sequences/Web_Office/Navigation/Sub_Menu_Navigation/Settings/Members_Area/Members_Blog_Posts' successfully

2020-04-20 10:53:50 - [TEST_STEP][PASSED] - "--------------------------------------": null

2020-04-20 10:53:50 - [TEST_STEP][PASSED] - " Verify Returned Page Detail          |": null

2020-04-20 10:53:50 - [TEST_STEP][PASSED] - callTestCase(findTestCase("Reusable_Test_Sequences/Web_Office/Verification/Settings/Members_Area/Members_Blog_Posts"), [:], OPTIONAL): Call Test Case 'Test Cases/Reusable_Test_Sequences/Web_Office/Verification/Settings/Members_Area/Members_Blog_Posts' successfully

2020-04-20 10:53:50 - [TEST_CASE][PASSED] - Test Cases/Reusable_Test_Sequences/Web_Office/Verification/Settings/Members_Area/Members_Blog_Posts: Test Cases/Reusable_Test_Sequences/Web_Office/Verification/Settings/Members_Area/Members_Blog_Posts

2020-04-20 10:53:51 - [TEST_STEP][PASSED] - waitForPageLoad(60): Wait for page load successfully

2020-04-20 10:53:51 - [MESSAGE][PASSED] - Wait for page load successfully

2020-04-20 10:53:51 - [TEST_STEP][PASSED] - delay(1): Delayed 1 second(s)

2020-04-20 10:53:52 - [MESSAGE][PASSED] - Delayed 1 second(s)

2020-04-20 10:53:52 - [TEST_STEP][PASSED] - verifyTextPresent("Members Blog Posts", false): Text 'Members Blog Posts' is present on page 

2020-04-20 10:53:52 - [MESSAGE][PASSED] - Text 'Members Blog Posts' is present on page 

2020-04-20 10:53:52 - [TEST_STEP][PASSED] - "----------------------------------------------": null

2020-04-20 10:53:52 - [TEST_STEP][PASSED] - verifyTextPresent("Use this page to add new Blog posts and amend which ones are shown. These are posts are only visible on the Members Area.", false): Text 'Use this page to add new Blog posts and amend which ones are shown. These are posts are only visible on the Members Area.' is present on page 

2020-04-20 10:53:52 - [MESSAGE][PASSED] - Text 'Use this page to add new Blog posts and amend which ones are shown. These are posts are only visible on the Members Area.' is present on page 

2020-04-20 10:53:52 - [TEST_STEP][PASSED] - verifyTextPresent("Subject", false): Text 'Subject' is present on page 

2020-04-20 10:53:52 - [MESSAGE][PASSED] - Text 'Subject' is present on page 

2020-04-20 10:53:52 - [TEST_STEP][PASSED] - verifyTextPresent("Add New Blog Post", false): Text 'Add New Blog Post' is present on page 

2020-04-20 10:53:53 - [MESSAGE][PASSED] - Text 'Add New Blog Post' is present on page 

2020-04-20 10:53:53 - [TEST_STEP][PASSED] - "----------------------------------------------": null

2020-04-20 10:53:53 - [TEST_STEP][PASSED] - verifyTextPresent("Active Blog Posts", false): Text 'Active Blog Posts' is present on page 

2020-04-20 10:53:53 - [MESSAGE][PASSED] - Text 'Active Blog Posts' is present on page 

2020-04-20 10:53:53 - [TEST_STEP][PASSED] - verifyTextPresent("Secure Contacts FAQ's", false): Text 'Secure Contacts FAQ's' is present on page 

2020-04-20 10:53:53 - [MESSAGE][PASSED] - Text 'Secure Contacts FAQ's' is present on page 

2020-04-20 10:53:53 - [MESSAGE][PASSED] - Call Test Case 'Test Cases/Reusable_Test_Sequences/Web_Office/Verification/Settings/Members_Area/Members_Blog_Posts' successfully

2020-04-20 10:53:53 - [TEST_STEP][PASSED] - "--------------------------": null

2020-04-20 10:53:53 - [TEST_STEP][PASSED] - " Teardown - CLose Browser |": null

2020-04-20 10:53:53 - [TEST_STEP][PASSED] - callTestCase(findTestCase("Reusable_Test_Sequences/CAT_Teardown"), [:], OPTIONAL): Call Test Case 'Test Cases/Reusable_Test_Sequences/CAT_Teardown' successfully

2020-04-20 10:53:53 - [TEST_CASE][PASSED] - Test Cases/Reusable_Test_Sequences/CAT_Teardown: Test Cases/Reusable_Test_Sequences/CAT_Teardown

2020-04-20 10:53:53 - [TEST_STEP][PASSED] - closeBrowser(): Browser is closed

2020-04-20 10:53:54 - [MESSAGE][PASSED] - Browser is closed

2020-04-20 10:53:54 - [TEST_STEP][PASSED] - super.finalize(): null

2020-04-20 10:53:54 - [TEST_STEP][PASSED] - System.gc(): null

2020-04-20 10:53:55 - [MESSAGE][PASSED] - Call Test Case 'Test Cases/Reusable_Test_Sequences/CAT_Teardown' successfully]]></system-out>
         <system-err><![CDATA[]]></system-err>
      </testcase>
      <testcase name="Test Cases/Web_Office/Settings/Members_Area/Manage_Accreditation_Types" time="47.815" classname="Test Cases/Web_Office/Settings/Members_Area/Manage_Accreditation_Types" status="PASSED">
         <system-out><![CDATA[2020-04-20 10:53:55 - [TEST_CASE][PASSED] - Test Cases/Web_Office/Settings/Members_Area/Manage_Accreditation_Types: Test Cases/Web_Office/Settings/Members_Area/Manage_Accreditation_Types

2020-04-20 10:53:55 - [TEST_STEP][PASSED] - "--------------------------------------": null

2020-04-20 10:53:55 - [TEST_STEP][PASSED] - " Web Office StartUp                  |": null

2020-04-20 10:53:55 - [TEST_STEP][PASSED] - callTestCase(findTestCase("Reusable_Test_Sequences/Web_Office/Directives/WebOffice_StartUp"), [:], STOP_ON_FAILURE): Call Test Case 'Test Cases/Reusable_Test_Sequences/Web_Office/Directives/WebOffice_StartUp' successfully

2020-04-20 10:53:55 - [TEST_CASE][PASSED] - Test Cases/Reusable_Test_Sequences/Web_Office/Directives/WebOffice_StartUp: Test Cases/Reusable_Test_Sequences/Web_Office/Directives/WebOffice_StartUp

2020-04-20 10:53:55 - [TEST_STEP][PASSED] - "-----------------------------------------------------------------------------": null

2020-04-20 10:53:55 - [TEST_STEP][PASSED] - if (URL == "https://www.dev.checkatrade.com/"): null

2020-04-20 10:53:55 - [TEST_STEP][PASSED] - "-----------------------------------------------------------------------------": null

2020-04-20 10:53:55 - [TEST_STEP][PASSED] - if (URL == "https://www.checkatrade.com/"): null

2020-04-20 10:53:55 - [TEST_STEP][PASSED] - "-----------------------------------------------------------------------------": null

2020-04-20 10:53:55 - [TEST_STEP][PASSED] - if (URL == "https://www.preview.checkatrade.com/"): null

2020-04-20 10:53:55 - [TEST_STEP][PASSED] - WebOfficeURL = "https://admin.preview.checkatrade.com/": null

2020-04-20 10:53:55 - [TEST_STEP][PASSED] - if (URL == "https://www.dev2.checkatrade.com/"): null

2020-04-20 10:53:55 - [TEST_STEP][PASSED] - "Set Function Area for "URL_Handler", URL Resolution": null

2020-04-20 10:53:55 - [TEST_STEP][PASSED] - "Do Some Magic with URL(s) See the comments within URL Handler ": null

2020-04-20 10:53:55 - [TEST_STEP][PASSED] - "------------------------------------------------": null

2020-04-20 10:53:55 - [TEST_STEP][PASSED] - "Moved Login Credentials to <Default> profile 22/01/2020": null

2020-04-20 10:53:55 - [TEST_STEP][PASSED] - "------------------------------------------------": null

2020-04-20 10:53:55 - [TEST_STEP][PASSED] - "WebOfficeURL - Set from the ENVIRONMENT PROFILE ": null

2020-04-20 10:53:55 - [TEST_STEP][PASSED] - "OPEN BROWSER": null

2020-04-20 10:53:55 - [TEST_STEP][PASSED] - "eg - https://admin.preview.checkatrade.com/  ": null

2020-04-20 10:53:55 - [TEST_STEP][PASSED] - openBrowser(WebOfficeURL): Browser is opened with url: 'https://admin.preview.checkatrade.com/'

2020-04-20 10:53:55 - [MESSAGE][INFO] - Starting 'Chrome' driver

2020-04-20 10:53:55 - [MESSAGE][INFO] - Action delay is set to 0 milliseconds

2020-04-20 10:54:00 - [MESSAGE][PASSED] - Browser is opened with url: 'https://admin.preview.checkatrade.com/'

2020-04-20 10:54:00 - [TEST_STEP][PASSED] - maximizeWindow(): Current window maximized

2020-04-20 10:54:03 - [MESSAGE][PASSED] - Current window maximized

2020-04-20 10:54:03 - [TEST_STEP][PASSED] - waitForElementClickable(findTestObject("Object Repository/WebOffice/Page_Checkatrade - Administration - Login/Login_Button"), 25): Object 'Object Repository/WebOffice/Page_Checkatrade - Administration - Login/Login_Button' is clickable

2020-04-20 10:54:03 - [MESSAGE][PASSED] - Object 'Object Repository/WebOffice/Page_Checkatrade - Administration - Login/Login_Button' is clickable

2020-04-20 10:54:03 - [TEST_STEP][PASSED] - verifyTextPresent("Checkatrade Web Office", false): Text 'Checkatrade Web Office' is present on page 

2020-04-20 10:54:03 - [MESSAGE][PASSED] - Text 'Checkatrade Web Office' is present on page 

2020-04-20 10:54:03 - [TEST_STEP][PASSED] - verifyTextPresent("Access for staff use only", false): Text 'Access for staff use only' is present on page 

2020-04-20 10:54:03 - [MESSAGE][PASSED] - Text 'Access for staff use only' is present on page 

2020-04-20 10:54:03 - [TEST_STEP][PASSED] - verifyTextPresent("Forgotten password?", false): Text 'Forgotten password?' is present on page 

2020-04-20 10:54:03 - [MESSAGE][PASSED] - Text 'Forgotten password?' is present on page 

2020-04-20 10:54:03 - [TEST_STEP][PASSED] - setText(findTestObject("Object Repository/WebOffice/Page_Checkatrade - Administration - Login/input_Username_LoginControlUserName"), wo_Username): Text 'DavidHo' is set on object 'Object Repository/WebOffice/Page_Checkatrade - Administration - Login/input_Username_LoginControlUserName'

2020-04-20 10:54:03 - [MESSAGE][PASSED] - Text 'DavidHo' is set on object 'Object Repository/WebOffice/Page_Checkatrade - Administration - Login/input_Username_LoginControlUserName'

2020-04-20 10:54:03 - [TEST_STEP][PASSED] - setText(findTestObject("Object Repository/WebOffice/Page_Checkatrade - Administration - Login/input_Password_LoginControlPassword"), wo_Password): Text 'Check123' is set on object 'Object Repository/WebOffice/Page_Checkatrade - Administration - Login/input_Password_LoginControlPassword'

2020-04-20 10:54:03 - [MESSAGE][PASSED] - Text 'Check123' is set on object 'Object Repository/WebOffice/Page_Checkatrade - Administration - Login/input_Password_LoginControlPassword'

2020-04-20 10:54:03 - [TEST_STEP][PASSED] - click(findTestObject("Object Repository/WebOffice/Page_Checkatrade - Administration - Login/Login_Button")): Object: 'Object Repository/WebOffice/Page_Checkatrade - Administration - Login/Login_Button' is clicked on

2020-04-20 10:54:07 - [MESSAGE][PASSED] - Object: 'Object Repository/WebOffice/Page_Checkatrade - Administration - Login/Login_Button' is clicked on

2020-04-20 10:54:07 - [TEST_STEP][PASSED] - waitForPageLoad(60): Wait for page load successfully

2020-04-20 10:54:07 - [MESSAGE][PASSED] - Wait for page load successfully

2020-04-20 10:54:07 - [TEST_STEP][PASSED] - verifyTextPresent("Welcome " + wo_Username, false): Text 'Welcome DavidHo' is present on page 

2020-04-20 10:54:08 - [MESSAGE][PASSED] - Text 'Welcome DavidHo' is present on page 

2020-04-20 10:54:08 - [MESSAGE][PASSED] - Call Test Case 'Test Cases/Reusable_Test_Sequences/Web_Office/Directives/WebOffice_StartUp' successfully

2020-04-20 10:54:08 - [TEST_STEP][PASSED] - "-----------------------------------------------------------------": null

2020-04-20 10:54:08 - [TEST_STEP][PASSED] - " Navigate to <Settings->Checkatrade.Com->Sub Item> Menu Item     |": null

2020-04-20 10:54:08 - [TEST_STEP][PASSED] - callTestCase(findTestCase("Reusable_Test_Sequences/Web_Office/Navigation/Sub_Menu_Navigation/Settings/Members_Area/Manage_Accreditation_Types"), [:], STOP_ON_FAILURE): Call Test Case 'Test Cases/Reusable_Test_Sequences/Web_Office/Navigation/Sub_Menu_Navigation/Settings/Members_Area/Manage_Accreditation_Types' successfully

2020-04-20 10:54:08 - [TEST_CASE][PASSED] - Test Cases/Reusable_Test_Sequences/Web_Office/Navigation/Sub_Menu_Navigation/Settings/Members_Area/Manage_Accreditation_Types: Test Cases/Reusable_Test_Sequences/Web_Office/Navigation/Sub_Menu_Navigation/Settings/Members_Area/Manage_Accreditation_Types

2020-04-20 10:54:09 - [TEST_STEP][PASSED] - "--------------------------------------": null

2020-04-20 10:54:09 - [TEST_STEP][PASSED] - " Navigate Top level menu Item         |": null

2020-04-20 10:54:09 - [TEST_STEP][PASSED] - waitForPageLoad(60): Wait for page load successfully

2020-04-20 10:54:09 - [MESSAGE][PASSED] - Wait for page load successfully

2020-04-20 10:54:09 - [TEST_STEP][PASSED] - waitForElementClickable(findTestObject("Object Repository/WebOffice_Home_page/a_Settings"), 60): Object 'Object Repository/WebOffice_Home_page/a_Settings' is clickable

2020-04-20 10:54:09 - [MESSAGE][PASSED] - Object 'Object Repository/WebOffice_Home_page/a_Settings' is clickable

2020-04-20 10:54:09 - [TEST_STEP][PASSED] - mouseOver(findTestObject("Object Repository/WebOffice_Home_page/a_Settings")): Object: 'Object Repository/WebOffice_Home_page/a_Settings' is hovered

2020-04-20 10:54:09 - [MESSAGE][PASSED] - Object: 'Object Repository/WebOffice_Home_page/a_Settings' is hovered

2020-04-20 10:54:09 - [TEST_STEP][PASSED] - mouseOver(findTestObject("Object Repository/WebOffice_Home_page/a_Members Area")): Object: 'Object Repository/WebOffice_Home_page/a_Members Area' is hovered

2020-04-20 10:54:11 - [MESSAGE][PASSED] - Object: 'Object Repository/WebOffice_Home_page/a_Members Area' is hovered

2020-04-20 10:54:11 - [TEST_STEP][PASSED] - waitForElementClickable(findTestObject("Object Repository/WebOffice_Home_page/a_Manage Accreditation Types"), 1): Object 'Object Repository/WebOffice_Home_page/a_Manage Accreditation Types' is clickable

2020-04-20 10:54:11 - [MESSAGE][PASSED] - Object 'Object Repository/WebOffice_Home_page/a_Manage Accreditation Types' is clickable

2020-04-20 10:54:11 - [TEST_STEP][PASSED] - click(findTestObject("Object Repository/WebOffice_Home_page/a_Manage Accreditation Types")): Object: 'Object Repository/WebOffice_Home_page/a_Manage Accreditation Types' is clicked on

2020-04-20 10:54:15 - [MESSAGE][PASSED] - Object: 'Object Repository/WebOffice_Home_page/a_Manage Accreditation Types' is clicked on

2020-04-20 10:54:15 - [MESSAGE][PASSED] - Call Test Case 'Test Cases/Reusable_Test_Sequences/Web_Office/Navigation/Sub_Menu_Navigation/Settings/Members_Area/Manage_Accreditation_Types' successfully

2020-04-20 10:54:15 - [TEST_STEP][PASSED] - "--------------------------------------": null

2020-04-20 10:54:15 - [TEST_STEP][PASSED] - " Verify Returned Page Detail          |": null

2020-04-20 10:54:15 - [TEST_STEP][PASSED] - callTestCase(findTestCase("Reusable_Test_Sequences/Web_Office/Verification/Settings/Members_Area/Manage_Accreditation_Types"), [:], OPTIONAL): Call Test Case 'Test Cases/Reusable_Test_Sequences/Web_Office/Verification/Settings/Members_Area/Manage_Accreditation_Types' successfully

2020-04-20 10:54:15 - [TEST_CASE][PASSED] - Test Cases/Reusable_Test_Sequences/Web_Office/Verification/Settings/Members_Area/Manage_Accreditation_Types: Test Cases/Reusable_Test_Sequences/Web_Office/Verification/Settings/Members_Area/Manage_Accreditation_Types

2020-04-20 10:54:16 - [TEST_STEP][PASSED] - waitForPageLoad(60): Wait for page load successfully

2020-04-20 10:54:16 - [MESSAGE][PASSED] - Wait for page load successfully

2020-04-20 10:54:16 - [TEST_STEP][PASSED] - delay(1): Delayed 1 second(s)

2020-04-20 10:54:17 - [MESSAGE][PASSED] - Delayed 1 second(s)

2020-04-20 10:54:17 - [TEST_STEP][PASSED] - verifyTextPresent("Members Accreditations", false): Text 'Members Accreditations' is present on page 

2020-04-20 10:54:18 - [MESSAGE][PASSED] - Text 'Members Accreditations' is present on page 

2020-04-20 10:54:18 - [TEST_STEP][PASSED] - "----------------------------------------------": null

2020-04-20 10:54:18 - [TEST_STEP][PASSED] - verifyTextPresent("Add New Accreditation", false): Text 'Add New Accreditation' is present on page 

2020-04-20 10:54:19 - [MESSAGE][PASSED] - Text 'Add New Accreditation' is present on page 

2020-04-20 10:54:19 - [TEST_STEP][PASSED] - verifyTextPresent("Name", false): Text 'Name' is present on page 

2020-04-20 10:54:20 - [MESSAGE][PASSED] - Text 'Name' is present on page 

2020-04-20 10:54:20 - [TEST_STEP][PASSED] - verifyTextPresent("Description", false): Text 'Description' is present on page 

2020-04-20 10:54:21 - [MESSAGE][PASSED] - Text 'Description' is present on page 

2020-04-20 10:54:21 - [TEST_STEP][PASSED] - verifyTextPresent("Start Date", false): Text 'Start Date' is present on page 

2020-04-20 10:54:22 - [MESSAGE][PASSED] - Text 'Start Date' is present on page 

2020-04-20 10:54:22 - [TEST_STEP][PASSED] - verifyTextPresent("End Date", false): Text 'End Date' is present on page 

2020-04-20 10:54:23 - [MESSAGE][PASSED] - Text 'End Date' is present on page 

2020-04-20 10:54:23 - [TEST_STEP][PASSED] - verifyTextPresent("Status", false): Text 'Status' is present on page 

2020-04-20 10:54:25 - [MESSAGE][PASSED] - Text 'Status' is present on page 

2020-04-20 10:54:25 - [TEST_STEP][PASSED] - verifyTextPresent("Valid", false): Text 'Valid' is present on page 

2020-04-20 10:54:26 - [MESSAGE][PASSED] - Text 'Valid' is present on page 

2020-04-20 10:54:26 - [TEST_STEP][PASSED] - verifyTextPresent("Options", false): Text 'Options' is present on page 

2020-04-20 10:54:27 - [MESSAGE][PASSED] - Text 'Options' is present on page 

2020-04-20 10:54:27 - [TEST_STEP][PASSED] - verifyTextPresent("Expiry Date Required", false): Text 'Expiry Date Required' is present on page 

2020-04-20 10:54:27 - [MESSAGE][PASSED] - Text 'Expiry Date Required' is present on page 

2020-04-20 10:54:27 - [TEST_STEP][PASSED] - verifyTextPresent("Visibility", false): Text 'Visibility' is present on page 

2020-04-20 10:54:28 - [MESSAGE][PASSED] - Text 'Visibility' is present on page 

2020-04-20 10:54:28 - [TEST_STEP][PASSED] - verifyTextPresent("Email", false): Text 'Email' is present on page 

2020-04-20 10:54:28 - [MESSAGE][PASSED] - Text 'Email' is present on page 

2020-04-20 10:54:28 - [TEST_STEP][PASSED] - "----------------------------------------------": null

2020-04-20 10:54:28 - [TEST_STEP][PASSED] - verifyTextPresent("Edit", false): Text 'Edit' is present on page 

2020-04-20 10:54:29 - [MESSAGE][PASSED] - Text 'Edit' is present on page 

2020-04-20 10:54:29 - [TEST_STEP][PASSED] - verifyTextPresent("Status", false): Text 'Status' is present on page 

2020-04-20 10:54:30 - [MESSAGE][PASSED] - Text 'Status' is present on page 

2020-04-20 10:54:30 - [TEST_STEP][PASSED] - verifyTextPresent("Name", false): Text 'Name' is present on page 

2020-04-20 10:54:31 - [MESSAGE][PASSED] - Text 'Name' is present on page 

2020-04-20 10:54:31 - [TEST_STEP][PASSED] - verifyTextPresent("Description", false): Text 'Description' is present on page 

2020-04-20 10:54:33 - [MESSAGE][PASSED] - Text 'Description' is present on page 

2020-04-20 10:54:33 - [TEST_STEP][PASSED] - verifyTextPresent("Expiry Date", false): Text 'Expiry Date' is present on page 

2020-04-20 10:54:34 - [MESSAGE][PASSED] - Text 'Expiry Date' is present on page 

2020-04-20 10:54:34 - [TEST_STEP][PASSED] - verifyTextPresent("Reg", false): Text 'Reg' is present on page 

2020-04-20 10:54:36 - [MESSAGE][PASSED] - Text 'Reg' is present on page 

2020-04-20 10:54:36 - [TEST_STEP][PASSED] - verifyTextPresent("Start Date", false): Text 'Start Date' is present on page 

2020-04-20 10:54:37 - [MESSAGE][PASSED] - Text 'Start Date' is present on page 

2020-04-20 10:54:37 - [TEST_STEP][PASSED] - verifyTextPresent("End Date", false): Text 'End Date' is present on page 

2020-04-20 10:54:38 - [MESSAGE][PASSED] - Text 'End Date' is present on page 

2020-04-20 10:54:38 - [TEST_STEP][PASSED] - verifyTextPresent("Notes", false): Text 'Notes' is present on page 

2020-04-20 10:54:39 - [MESSAGE][PASSED] - Text 'Notes' is present on page 

2020-04-20 10:54:39 - [TEST_STEP][PASSED] - verifyTextPresent("Valid", false): Text 'Valid' is present on page 

2020-04-20 10:54:39 - [MESSAGE][PASSED] - Text 'Valid' is present on page 

2020-04-20 10:54:39 - [TEST_STEP][PASSED] - verifyTextPresent("CORGI", false): Text 'CORGI' is present on page 

2020-04-20 10:54:40 - [MESSAGE][PASSED] - Text 'CORGI' is present on page 

2020-04-20 10:54:40 - [TEST_STEP][PASSED] - verifyTextPresent("British Standards Institution", false): Text 'British Standards Institution' is present on page 

2020-04-20 10:54:41 - [MESSAGE][PASSED] - Text 'British Standards Institution' is present on page 

2020-04-20 10:54:41 - [TEST_STEP][PASSED] - verifyTextPresent("Electrical Contractors Association", false): Text 'Electrical Contractors Association' is present on page 

2020-04-20 10:54:41 - [MESSAGE][PASSED] - Text 'Electrical Contractors Association' is present on page 

2020-04-20 10:54:41 - [MESSAGE][PASSED] - Call Test Case 'Test Cases/Reusable_Test_Sequences/Web_Office/Verification/Settings/Members_Area/Manage_Accreditation_Types' successfully

2020-04-20 10:54:41 - [TEST_STEP][PASSED] - "--------------------------": null

2020-04-20 10:54:41 - [TEST_STEP][PASSED] - " Teardown - CLose Browser |": null

2020-04-20 10:54:41 - [TEST_STEP][PASSED] - callTestCase(findTestCase("Reusable_Test_Sequences/CAT_Teardown"), [:], OPTIONAL): Call Test Case 'Test Cases/Reusable_Test_Sequences/CAT_Teardown' successfully

2020-04-20 10:54:42 - [TEST_CASE][PASSED] - Test Cases/Reusable_Test_Sequences/CAT_Teardown: Test Cases/Reusable_Test_Sequences/CAT_Teardown

2020-04-20 10:54:42 - [TEST_STEP][PASSED] - closeBrowser(): Browser is closed

2020-04-20 10:54:42 - [MESSAGE][PASSED] - Browser is closed

2020-04-20 10:54:42 - [TEST_STEP][PASSED] - super.finalize(): null

2020-04-20 10:54:42 - [TEST_STEP][PASSED] - System.gc(): null

2020-04-20 10:54:42 - [MESSAGE][PASSED] - Call Test Case 'Test Cases/Reusable_Test_Sequences/CAT_Teardown' successfully]]></system-out>
         <system-err><![CDATA[]]></system-err>
      </testcase>
      <testcase name="Test Cases/Web_Office/Settings/Members_Area/Manage_Advert_Banners" time="21.439" classname="Test Cases/Web_Office/Settings/Members_Area/Manage_Advert_Banners" status="PASSED">
         <system-out><![CDATA[2020-04-20 10:54:42 - [TEST_CASE][PASSED] - Test Cases/Web_Office/Settings/Members_Area/Manage_Advert_Banners: Test Cases/Web_Office/Settings/Members_Area/Manage_Advert_Banners

2020-04-20 10:54:43 - [TEST_STEP][PASSED] - "--------------------------------------": null

2020-04-20 10:54:43 - [TEST_STEP][PASSED] - " Web Office StartUp                   |": null

2020-04-20 10:54:43 - [TEST_STEP][PASSED] - callTestCase(findTestCase("Reusable_Test_Sequences/Web_Office/Directives/WebOffice_StartUp"), [:], STOP_ON_FAILURE): Call Test Case 'Test Cases/Reusable_Test_Sequences/Web_Office/Directives/WebOffice_StartUp' successfully

2020-04-20 10:54:43 - [TEST_CASE][PASSED] - Test Cases/Reusable_Test_Sequences/Web_Office/Directives/WebOffice_StartUp: Test Cases/Reusable_Test_Sequences/Web_Office/Directives/WebOffice_StartUp

2020-04-20 10:54:43 - [TEST_STEP][PASSED] - "-----------------------------------------------------------------------------": null

2020-04-20 10:54:43 - [TEST_STEP][PASSED] - if (URL == "https://www.dev.checkatrade.com/"): null

2020-04-20 10:54:43 - [TEST_STEP][PASSED] - "-----------------------------------------------------------------------------": null

2020-04-20 10:54:43 - [TEST_STEP][PASSED] - if (URL == "https://www.checkatrade.com/"): null

2020-04-20 10:54:43 - [TEST_STEP][PASSED] - "-----------------------------------------------------------------------------": null

2020-04-20 10:54:43 - [TEST_STEP][PASSED] - if (URL == "https://www.preview.checkatrade.com/"): null

2020-04-20 10:54:43 - [TEST_STEP][PASSED] - WebOfficeURL = "https://admin.preview.checkatrade.com/": null

2020-04-20 10:54:43 - [TEST_STEP][PASSED] - if (URL == "https://www.dev2.checkatrade.com/"): null

2020-04-20 10:54:43 - [TEST_STEP][PASSED] - "Set Function Area for "URL_Handler", URL Resolution": null

2020-04-20 10:54:43 - [TEST_STEP][PASSED] - "Do Some Magic with URL(s) See the comments within URL Handler ": null

2020-04-20 10:54:43 - [TEST_STEP][PASSED] - "------------------------------------------------": null

2020-04-20 10:54:43 - [TEST_STEP][PASSED] - "Moved Login Credentials to <Default> profile 22/01/2020": null

2020-04-20 10:54:43 - [TEST_STEP][PASSED] - "------------------------------------------------": null

2020-04-20 10:54:43 - [TEST_STEP][PASSED] - "WebOfficeURL - Set from the ENVIRONMENT PROFILE ": null

2020-04-20 10:54:43 - [TEST_STEP][PASSED] - "OPEN BROWSER": null

2020-04-20 10:54:43 - [TEST_STEP][PASSED] - "eg - https://admin.preview.checkatrade.com/  ": null

2020-04-20 10:54:43 - [TEST_STEP][PASSED] - openBrowser(WebOfficeURL): Browser is opened with url: 'https://admin.preview.checkatrade.com/'

2020-04-20 10:54:43 - [MESSAGE][INFO] - Starting 'Chrome' driver

2020-04-20 10:54:43 - [MESSAGE][INFO] - Action delay is set to 0 milliseconds

2020-04-20 10:54:47 - [MESSAGE][PASSED] - Browser is opened with url: 'https://admin.preview.checkatrade.com/'

2020-04-20 10:54:47 - [TEST_STEP][PASSED] - maximizeWindow(): Current window maximized

2020-04-20 10:54:49 - [MESSAGE][PASSED] - Current window maximized

2020-04-20 10:54:49 - [TEST_STEP][PASSED] - waitForElementClickable(findTestObject("Object Repository/WebOffice/Page_Checkatrade - Administration - Login/Login_Button"), 25): Object 'Object Repository/WebOffice/Page_Checkatrade - Administration - Login/Login_Button' is clickable

2020-04-20 10:54:49 - [MESSAGE][PASSED] - Object 'Object Repository/WebOffice/Page_Checkatrade - Administration - Login/Login_Button' is clickable

2020-04-20 10:54:49 - [TEST_STEP][PASSED] - verifyTextPresent("Checkatrade Web Office", false): Text 'Checkatrade Web Office' is present on page 

2020-04-20 10:54:49 - [MESSAGE][PASSED] - Text 'Checkatrade Web Office' is present on page 

2020-04-20 10:54:49 - [TEST_STEP][PASSED] - verifyTextPresent("Access for staff use only", false): Text 'Access for staff use only' is present on page 

2020-04-20 10:54:49 - [MESSAGE][PASSED] - Text 'Access for staff use only' is present on page 

2020-04-20 10:54:49 - [TEST_STEP][PASSED] - verifyTextPresent("Forgotten password?", false): Text 'Forgotten password?' is present on page 

2020-04-20 10:54:49 - [MESSAGE][PASSED] - Text 'Forgotten password?' is present on page 

2020-04-20 10:54:49 - [TEST_STEP][PASSED] - setText(findTestObject("Object Repository/WebOffice/Page_Checkatrade - Administration - Login/input_Username_LoginControlUserName"), wo_Username): Text 'DavidHo' is set on object 'Object Repository/WebOffice/Page_Checkatrade - Administration - Login/input_Username_LoginControlUserName'

2020-04-20 10:54:50 - [MESSAGE][PASSED] - Text 'DavidHo' is set on object 'Object Repository/WebOffice/Page_Checkatrade - Administration - Login/input_Username_LoginControlUserName'

2020-04-20 10:54:50 - [TEST_STEP][PASSED] - setText(findTestObject("Object Repository/WebOffice/Page_Checkatrade - Administration - Login/input_Password_LoginControlPassword"), wo_Password): Text 'Check123' is set on object 'Object Repository/WebOffice/Page_Checkatrade - Administration - Login/input_Password_LoginControlPassword'

2020-04-20 10:54:50 - [MESSAGE][PASSED] - Text 'Check123' is set on object 'Object Repository/WebOffice/Page_Checkatrade - Administration - Login/input_Password_LoginControlPassword'

2020-04-20 10:54:50 - [TEST_STEP][PASSED] - click(findTestObject("Object Repository/WebOffice/Page_Checkatrade - Administration - Login/Login_Button")): Object: 'Object Repository/WebOffice/Page_Checkatrade - Administration - Login/Login_Button' is clicked on

2020-04-20 10:54:51 - [MESSAGE][PASSED] - Object: 'Object Repository/WebOffice/Page_Checkatrade - Administration - Login/Login_Button' is clicked on

2020-04-20 10:54:51 - [TEST_STEP][PASSED] - waitForPageLoad(60): Wait for page load successfully

2020-04-20 10:54:51 - [MESSAGE][PASSED] - Wait for page load successfully

2020-04-20 10:54:51 - [TEST_STEP][PASSED] - verifyTextPresent("Welcome " + wo_Username, false): Text 'Welcome DavidHo' is present on page 

2020-04-20 10:54:51 - [MESSAGE][PASSED] - Text 'Welcome DavidHo' is present on page 

2020-04-20 10:54:51 - [MESSAGE][PASSED] - Call Test Case 'Test Cases/Reusable_Test_Sequences/Web_Office/Directives/WebOffice_StartUp' successfully

2020-04-20 10:54:51 - [TEST_STEP][PASSED] - "-----------------------------------------------------------------": null

2020-04-20 10:54:51 - [TEST_STEP][PASSED] - " Navigate to <Settings->Checkatrade.Com->Sub Item> Menu Item     |": null

2020-04-20 10:54:51 - [TEST_STEP][PASSED] - callTestCase(findTestCase("Reusable_Test_Sequences/Web_Office/Navigation/Sub_Menu_Navigation/Settings/Members_Area/Manage_Advert_Banners"), [:], STOP_ON_FAILURE): Call Test Case 'Test Cases/Reusable_Test_Sequences/Web_Office/Navigation/Sub_Menu_Navigation/Settings/Members_Area/Manage_Advert_Banners' successfully

2020-04-20 10:54:51 - [TEST_CASE][PASSED] - Test Cases/Reusable_Test_Sequences/Web_Office/Navigation/Sub_Menu_Navigation/Settings/Members_Area/Manage_Advert_Banners: Test Cases/Reusable_Test_Sequences/Web_Office/Navigation/Sub_Menu_Navigation/Settings/Members_Area/Manage_Advert_Banners

2020-04-20 10:54:51 - [TEST_STEP][PASSED] - "--------------------------------------": null

2020-04-20 10:54:51 - [TEST_STEP][PASSED] - " Navigate Top level menu Item         |": null

2020-04-20 10:54:51 - [TEST_STEP][PASSED] - waitForPageLoad(60): Wait for page load successfully

2020-04-20 10:54:51 - [MESSAGE][PASSED] - Wait for page load successfully

2020-04-20 10:54:51 - [TEST_STEP][PASSED] - waitForElementClickable(findTestObject("Object Repository/WebOffice_Home_page/a_Settings"), 60): Object 'Object Repository/WebOffice_Home_page/a_Settings' is clickable

2020-04-20 10:54:52 - [MESSAGE][PASSED] - Object 'Object Repository/WebOffice_Home_page/a_Settings' is clickable

2020-04-20 10:54:52 - [TEST_STEP][PASSED] - mouseOver(findTestObject("Object Repository/WebOffice_Home_page/a_Settings")): Object: 'Object Repository/WebOffice_Home_page/a_Settings' is hovered

2020-04-20 10:54:52 - [MESSAGE][PASSED] - Object: 'Object Repository/WebOffice_Home_page/a_Settings' is hovered

2020-04-20 10:54:52 - [TEST_STEP][PASSED] - mouseOver(findTestObject("Object Repository/WebOffice_Home_page/a_Members Area")): Object: 'Object Repository/WebOffice_Home_page/a_Members Area' is hovered

2020-04-20 10:54:52 - [MESSAGE][PASSED] - Object: 'Object Repository/WebOffice_Home_page/a_Members Area' is hovered

2020-04-20 10:54:52 - [TEST_STEP][PASSED] - waitForElementClickable(findTestObject("Object Repository/WebOffice_Home_page/a_Manage Advert Banners"), 1): Object 'Object Repository/WebOffice_Home_page/a_Manage Advert Banners' is clickable

2020-04-20 10:54:52 - [MESSAGE][PASSED] - Object 'Object Repository/WebOffice_Home_page/a_Manage Advert Banners' is clickable

2020-04-20 10:54:52 - [TEST_STEP][PASSED] - click(findTestObject("Object Repository/WebOffice_Home_page/a_Manage Advert Banners")): Object: 'Object Repository/WebOffice_Home_page/a_Manage Advert Banners' is clicked on

2020-04-20 10:54:53 - [MESSAGE][PASSED] - Object: 'Object Repository/WebOffice_Home_page/a_Manage Advert Banners' is clicked on

2020-04-20 10:54:53 - [MESSAGE][PASSED] - Call Test Case 'Test Cases/Reusable_Test_Sequences/Web_Office/Navigation/Sub_Menu_Navigation/Settings/Members_Area/Manage_Advert_Banners' successfully

2020-04-20 10:54:53 - [TEST_STEP][PASSED] - "--------------------------------------": null

2020-04-20 10:54:53 - [TEST_STEP][PASSED] - " Verify Returned Page Detail          |": null

2020-04-20 10:54:53 - [TEST_STEP][PASSED] - callTestCase(findTestCase("Reusable_Test_Sequences/Web_Office/Verification/Settings/Members_Area/Manage_Advert_Banners"), [:], OPTIONAL): Call Test Case 'Test Cases/Reusable_Test_Sequences/Web_Office/Verification/Settings/Members_Area/Manage_Advert_Banners' successfully

2020-04-20 10:54:53 - [TEST_CASE][PASSED] - Test Cases/Reusable_Test_Sequences/Web_Office/Verification/Settings/Members_Area/Manage_Advert_Banners: Test Cases/Reusable_Test_Sequences/Web_Office/Verification/Settings/Members_Area/Manage_Advert_Banners

2020-04-20 10:54:54 - [TEST_STEP][PASSED] - waitForPageLoad(60): Wait for page load successfully

2020-04-20 10:54:54 - [MESSAGE][PASSED] - Wait for page load successfully

2020-04-20 10:54:54 - [TEST_STEP][PASSED] - delay(1): Delayed 1 second(s)

2020-04-20 10:54:55 - [MESSAGE][PASSED] - Delayed 1 second(s)

2020-04-20 10:54:55 - [TEST_STEP][PASSED] - verifyTextPresent("Members Area Adverts", false): Text 'Members Area Adverts' is present on page 

2020-04-20 10:54:55 - [MESSAGE][PASSED] - Text 'Members Area Adverts' is present on page 

2020-04-20 10:54:55 - [TEST_STEP][PASSED] - "----------------------------------------------": null

2020-04-20 10:54:55 - [TEST_STEP][PASSED] - verifyTextPresent("Add New Banner", false): Text 'Add New Banner' is present on page 

2020-04-20 10:54:56 - [MESSAGE][PASSED] - Text 'Add New Banner' is present on page 

2020-04-20 10:54:56 - [TEST_STEP][PASSED] - verifyTextPresent("Banner Name", false): Text 'Banner Name' is present on page 

2020-04-20 10:54:56 - [MESSAGE][PASSED] - Text 'Banner Name' is present on page 

2020-04-20 10:54:56 - [TEST_STEP][PASSED] - verifyTextPresent("Link URL", false): Text 'Link URL' is present on page 

2020-04-20 10:54:57 - [MESSAGE][PASSED] - Text 'Link URL' is present on page 

2020-04-20 10:54:57 - [TEST_STEP][PASSED] - verifyTextPresent("Large", false): Text 'Large' is present on page 

2020-04-20 10:54:57 - [MESSAGE][PASSED] - Text 'Large' is present on page 

2020-04-20 10:54:57 - [TEST_STEP][PASSED] - verifyTextPresent("Small", false): Text 'Small' is present on page 

2020-04-20 10:54:58 - [MESSAGE][PASSED] - Text 'Small' is present on page 

2020-04-20 10:54:58 - [TEST_STEP][PASSED] - verifyTextPresent("Dimentions for the Large image should be 468 x 60px", false): Text 'Dimentions for the Large image should be 468 x 60px' is present on page 

2020-04-20 10:54:59 - [MESSAGE][PASSED] - Text 'Dimentions for the Large image should be 468 x 60px' is present on page 

2020-04-20 10:54:59 - [TEST_STEP][PASSED] - verifyTextPresent("Dimentions for the small image should be 234 x 60px", false): Text 'Dimentions for the small image should be 234 x 60px' is present on page 

2020-04-20 10:54:59 - [MESSAGE][PASSED] - Text 'Dimentions for the small image should be 234 x 60px' is present on page 

2020-04-20 10:54:59 - [TEST_STEP][PASSED] - verifyTextPresent("Current Banners", false): Text 'Current Banners' is present on page 

2020-04-20 10:54:59 - [MESSAGE][PASSED] - Text 'Current Banners' is present on page 

2020-04-20 10:54:59 - [TEST_STEP][PASSED] - "----------------------------------------------": null

2020-04-20 10:54:59 - [TEST_STEP][PASSED] - verifyTextPresent("ID", false): Text 'ID' is present on page 

2020-04-20 10:55:00 - [MESSAGE][PASSED] - Text 'ID' is present on page 

2020-04-20 10:55:00 - [TEST_STEP][PASSED] - verifyTextPresent("Name", false): Text 'Name' is present on page 

2020-04-20 10:55:00 - [MESSAGE][PASSED] - Text 'Name' is present on page 

2020-04-20 10:55:00 - [TEST_STEP][PASSED] - verifyTextPresent("Banner URL", false): Text 'Banner URL' is present on page 

2020-04-20 10:55:00 - [MESSAGE][PASSED] - Text 'Banner URL' is present on page 

2020-04-20 10:55:00 - [TEST_STEP][PASSED] - verifyTextPresent("Preview", false): Text 'Preview' is present on page 

2020-04-20 10:55:00 - [MESSAGE][PASSED] - Text 'Preview' is present on page 

2020-04-20 10:55:00 - [TEST_STEP][PASSED] - verifyTextPresent("Is Active", false): Text 'Is Active' is present on page 

2020-04-20 10:55:01 - [MESSAGE][PASSED] - Text 'Is Active' is present on page 

2020-04-20 10:55:01 - [TEST_STEP][PASSED] - verifyTextPresent("Delete", false): Text 'Delete' is present on page 

2020-04-20 10:55:01 - [MESSAGE][PASSED] - Text 'Delete' is present on page 

2020-04-20 10:55:01 - [TEST_STEP][PASSED] - verifyTextPresent("iforce", false): Text 'iforce' is present on page 

2020-04-20 10:55:02 - [MESSAGE][PASSED] - Text 'iforce' is present on page 

2020-04-20 10:55:02 - [TEST_STEP][PASSED] - verifyTextPresent("https://join.checkatrade.com/refer/", false): Text 'https://join.checkatrade.com/refer/' is present on page 

2020-04-20 10:55:02 - [MESSAGE][PASSED] - Text 'https://join.checkatrade.com/refer/' is present on page 

2020-04-20 10:55:02 - [TEST_STEP][PASSED] - verifyTextPresent("iForce", false): Text 'iForce' is present on page 

2020-04-20 10:55:03 - [MESSAGE][PASSED] - Text 'iForce' is present on page 

2020-04-20 10:55:03 - [TEST_STEP][PASSED] - verifyTextPresent("Offers", false): Text 'Offers' is present on page 

2020-04-20 10:55:03 - [MESSAGE][PASSED] - Text 'Offers' is present on page 

2020-04-20 10:55:03 - [MESSAGE][PASSED] - Call Test Case 'Test Cases/Reusable_Test_Sequences/Web_Office/Verification/Settings/Members_Area/Manage_Advert_Banners' successfully

2020-04-20 10:55:03 - [TEST_STEP][PASSED] - "--------------------------": null

2020-04-20 10:55:03 - [TEST_STEP][PASSED] - " Teardown - CLose Browser |": null

2020-04-20 10:55:03 - [TEST_STEP][PASSED] - callTestCase(findTestCase("Reusable_Test_Sequences/CAT_Teardown"), [:], OPTIONAL): Call Test Case 'Test Cases/Reusable_Test_Sequences/CAT_Teardown' successfully

2020-04-20 10:55:03 - [TEST_CASE][PASSED] - Test Cases/Reusable_Test_Sequences/CAT_Teardown: Test Cases/Reusable_Test_Sequences/CAT_Teardown

2020-04-20 10:55:03 - [TEST_STEP][PASSED] - closeBrowser(): Browser is closed

2020-04-20 10:55:04 - [MESSAGE][PASSED] - Browser is closed

2020-04-20 10:55:04 - [TEST_STEP][PASSED] - super.finalize(): null

2020-04-20 10:55:04 - [TEST_STEP][PASSED] - System.gc(): null

2020-04-20 10:55:04 - [MESSAGE][PASSED] - Call Test Case 'Test Cases/Reusable_Test_Sequences/CAT_Teardown' successfully]]></system-out>
         <system-err><![CDATA[]]></system-err>
      </testcase>
      <testcase name="Test Cases/Web_Office/Settings/Members_Area/Manage_Members_Achievments" time="19.075" classname="Test Cases/Web_Office/Settings/Members_Area/Manage_Members_Achievments" status="PASSED">
         <system-out><![CDATA[2020-04-20 10:55:04 - [TEST_CASE][PASSED] - Test Cases/Web_Office/Settings/Members_Area/Manage_Members_Achievments: Test Cases/Web_Office/Settings/Members_Area/Manage_Members_Achievments

2020-04-20 10:55:04 - [TEST_STEP][PASSED] - "--------------------------------------": null

2020-04-20 10:55:04 - [TEST_STEP][PASSED] - " Web Office StartUp                  |": null

2020-04-20 10:55:04 - [TEST_STEP][PASSED] - callTestCase(findTestCase("Reusable_Test_Sequences/Web_Office/Directives/WebOffice_StartUp"), [:], STOP_ON_FAILURE): Call Test Case 'Test Cases/Reusable_Test_Sequences/Web_Office/Directives/WebOffice_StartUp' successfully

2020-04-20 10:55:04 - [TEST_CASE][PASSED] - Test Cases/Reusable_Test_Sequences/Web_Office/Directives/WebOffice_StartUp: Test Cases/Reusable_Test_Sequences/Web_Office/Directives/WebOffice_StartUp

2020-04-20 10:55:04 - [TEST_STEP][PASSED] - "-----------------------------------------------------------------------------": null

2020-04-20 10:55:04 - [TEST_STEP][PASSED] - if (URL == "https://www.dev.checkatrade.com/"): null

2020-04-20 10:55:04 - [TEST_STEP][PASSED] - "-----------------------------------------------------------------------------": null

2020-04-20 10:55:04 - [TEST_STEP][PASSED] - if (URL == "https://www.checkatrade.com/"): null

2020-04-20 10:55:04 - [TEST_STEP][PASSED] - "-----------------------------------------------------------------------------": null

2020-04-20 10:55:04 - [TEST_STEP][PASSED] - if (URL == "https://www.preview.checkatrade.com/"): null

2020-04-20 10:55:04 - [TEST_STEP][PASSED] - WebOfficeURL = "https://admin.preview.checkatrade.com/": null

2020-04-20 10:55:04 - [TEST_STEP][PASSED] - if (URL == "https://www.dev2.checkatrade.com/"): null

2020-04-20 10:55:04 - [TEST_STEP][PASSED] - "Set Function Area for "URL_Handler", URL Resolution": null

2020-04-20 10:55:04 - [TEST_STEP][PASSED] - "Do Some Magic with URL(s) See the comments within URL Handler ": null

2020-04-20 10:55:04 - [TEST_STEP][PASSED] - "------------------------------------------------": null

2020-04-20 10:55:04 - [TEST_STEP][PASSED] - "Moved Login Credentials to <Default> profile 22/01/2020": null

2020-04-20 10:55:04 - [TEST_STEP][PASSED] - "------------------------------------------------": null

2020-04-20 10:55:04 - [TEST_STEP][PASSED] - "WebOfficeURL - Set from the ENVIRONMENT PROFILE ": null

2020-04-20 10:55:04 - [TEST_STEP][PASSED] - "OPEN BROWSER": null

2020-04-20 10:55:04 - [TEST_STEP][PASSED] - "eg - https://admin.preview.checkatrade.com/  ": null

2020-04-20 10:55:04 - [TEST_STEP][PASSED] - openBrowser(WebOfficeURL): Browser is opened with url: 'https://admin.preview.checkatrade.com/'

2020-04-20 10:55:04 - [MESSAGE][INFO] - Starting 'Chrome' driver

2020-04-20 10:55:04 - [MESSAGE][INFO] - Action delay is set to 0 milliseconds

2020-04-20 10:55:09 - [MESSAGE][PASSED] - Browser is opened with url: 'https://admin.preview.checkatrade.com/'

2020-04-20 10:55:09 - [TEST_STEP][PASSED] - maximizeWindow(): Current window maximized

2020-04-20 10:55:12 - [MESSAGE][PASSED] - Current window maximized

2020-04-20 10:55:12 - [TEST_STEP][PASSED] - waitForElementClickable(findTestObject("Object Repository/WebOffice/Page_Checkatrade - Administration - Login/Login_Button"), 25): Object 'Object Repository/WebOffice/Page_Checkatrade - Administration - Login/Login_Button' is clickable

2020-04-20 10:55:12 - [MESSAGE][PASSED] - Object 'Object Repository/WebOffice/Page_Checkatrade - Administration - Login/Login_Button' is clickable

2020-04-20 10:55:12 - [TEST_STEP][PASSED] - verifyTextPresent("Checkatrade Web Office", false): Text 'Checkatrade Web Office' is present on page 

2020-04-20 10:55:12 - [MESSAGE][PASSED] - Text 'Checkatrade Web Office' is present on page 

2020-04-20 10:55:12 - [TEST_STEP][PASSED] - verifyTextPresent("Access for staff use only", false): Text 'Access for staff use only' is present on page 

2020-04-20 10:55:12 - [MESSAGE][PASSED] - Text 'Access for staff use only' is present on page 

2020-04-20 10:55:12 - [TEST_STEP][PASSED] - verifyTextPresent("Forgotten password?", false): Text 'Forgotten password?' is present on page 

2020-04-20 10:55:12 - [MESSAGE][PASSED] - Text 'Forgotten password?' is present on page 

2020-04-20 10:55:12 - [TEST_STEP][PASSED] - setText(findTestObject("Object Repository/WebOffice/Page_Checkatrade - Administration - Login/input_Username_LoginControlUserName"), wo_Username): Text 'DavidHo' is set on object 'Object Repository/WebOffice/Page_Checkatrade - Administration - Login/input_Username_LoginControlUserName'

2020-04-20 10:55:12 - [MESSAGE][PASSED] - Text 'DavidHo' is set on object 'Object Repository/WebOffice/Page_Checkatrade - Administration - Login/input_Username_LoginControlUserName'

2020-04-20 10:55:12 - [TEST_STEP][PASSED] - setText(findTestObject("Object Repository/WebOffice/Page_Checkatrade - Administration - Login/input_Password_LoginControlPassword"), wo_Password): Text 'Check123' is set on object 'Object Repository/WebOffice/Page_Checkatrade - Administration - Login/input_Password_LoginControlPassword'

2020-04-20 10:55:12 - [MESSAGE][PASSED] - Text 'Check123' is set on object 'Object Repository/WebOffice/Page_Checkatrade - Administration - Login/input_Password_LoginControlPassword'

2020-04-20 10:55:12 - [TEST_STEP][PASSED] - click(findTestObject("Object Repository/WebOffice/Page_Checkatrade - Administration - Login/Login_Button")): Object: 'Object Repository/WebOffice/Page_Checkatrade - Administration - Login/Login_Button' is clicked on

2020-04-20 10:55:15 - [MESSAGE][PASSED] - Object: 'Object Repository/WebOffice/Page_Checkatrade - Administration - Login/Login_Button' is clicked on

2020-04-20 10:55:15 - [TEST_STEP][PASSED] - waitForPageLoad(60): Wait for page load successfully

2020-04-20 10:55:15 - [MESSAGE][PASSED] - Wait for page load successfully

2020-04-20 10:55:15 - [TEST_STEP][PASSED] - verifyTextPresent("Welcome " + wo_Username, false): Text 'Welcome DavidHo' is present on page 

2020-04-20 10:55:15 - [MESSAGE][PASSED] - Text 'Welcome DavidHo' is present on page 

2020-04-20 10:55:15 - [MESSAGE][PASSED] - Call Test Case 'Test Cases/Reusable_Test_Sequences/Web_Office/Directives/WebOffice_StartUp' successfully

2020-04-20 10:55:15 - [TEST_STEP][PASSED] - "-----------------------------------------------------------------": null

2020-04-20 10:55:15 - [TEST_STEP][PASSED] - " Navigate to <Settings->Checkatrade.Com->Sub Item> Menu Item     |": null

2020-04-20 10:55:15 - [TEST_STEP][PASSED] - callTestCase(findTestCase("Reusable_Test_Sequences/Web_Office/Navigation/Sub_Menu_Navigation/Settings/Members_Area/Manage_Members_Achievments"), [:], STOP_ON_FAILURE): Call Test Case 'Test Cases/Reusable_Test_Sequences/Web_Office/Navigation/Sub_Menu_Navigation/Settings/Members_Area/Manage_Members_Achievments' successfully

2020-04-20 10:55:15 - [TEST_CASE][PASSED] - Test Cases/Reusable_Test_Sequences/Web_Office/Navigation/Sub_Menu_Navigation/Settings/Members_Area/Manage_Members_Achievments: Test Cases/Reusable_Test_Sequences/Web_Office/Navigation/Sub_Menu_Navigation/Settings/Members_Area/Manage_Members_Achievments

2020-04-20 10:55:15 - [TEST_STEP][PASSED] - "--------------------------------------": null

2020-04-20 10:55:15 - [TEST_STEP][PASSED] - " Navigate Top level menu Item         |": null

2020-04-20 10:55:15 - [TEST_STEP][PASSED] - waitForPageLoad(60): Wait for page load successfully

2020-04-20 10:55:15 - [MESSAGE][PASSED] - Wait for page load successfully

2020-04-20 10:55:15 - [TEST_STEP][PASSED] - waitForElementClickable(findTestObject("Object Repository/WebOffice_Home_page/a_Settings"), 60): Object 'Object Repository/WebOffice_Home_page/a_Settings' is clickable

2020-04-20 10:55:15 - [MESSAGE][PASSED] - Object 'Object Repository/WebOffice_Home_page/a_Settings' is clickable

2020-04-20 10:55:15 - [TEST_STEP][PASSED] - mouseOver(findTestObject("Object Repository/WebOffice_Home_page/a_Settings")): Object: 'Object Repository/WebOffice_Home_page/a_Settings' is hovered

2020-04-20 10:55:16 - [MESSAGE][PASSED] - Object: 'Object Repository/WebOffice_Home_page/a_Settings' is hovered

2020-04-20 10:55:16 - [TEST_STEP][PASSED] - mouseOver(findTestObject("Object Repository/WebOffice_Home_page/a_Members Area")): Object: 'Object Repository/WebOffice_Home_page/a_Members Area' is hovered

2020-04-20 10:55:16 - [MESSAGE][PASSED] - Object: 'Object Repository/WebOffice_Home_page/a_Members Area' is hovered

2020-04-20 10:55:16 - [TEST_STEP][PASSED] - waitForElementClickable(findTestObject("Object Repository/WebOffice_Home_page/a_Manage Members Achievements"), 1): Object 'Object Repository/WebOffice_Home_page/a_Manage Members Achievements' is clickable

2020-04-20 10:55:16 - [MESSAGE][PASSED] - Object 'Object Repository/WebOffice_Home_page/a_Manage Members Achievements' is clickable

2020-04-20 10:55:16 - [TEST_STEP][PASSED] - click(findTestObject("Object Repository/WebOffice_Home_page/a_Manage Members Achievements")): Object: 'Object Repository/WebOffice_Home_page/a_Manage Members Achievements' is clicked on

2020-04-20 10:55:17 - [MESSAGE][PASSED] - Object: 'Object Repository/WebOffice_Home_page/a_Manage Members Achievements' is clicked on

2020-04-20 10:55:17 - [MESSAGE][PASSED] - Call Test Case 'Test Cases/Reusable_Test_Sequences/Web_Office/Navigation/Sub_Menu_Navigation/Settings/Members_Area/Manage_Members_Achievments' successfully

2020-04-20 10:55:17 - [TEST_STEP][PASSED] - "--------------------------------------": null

2020-04-20 10:55:17 - [TEST_STEP][PASSED] - " Verify Returned Page Detail          |": null

2020-04-20 10:55:17 - [TEST_STEP][PASSED] - callTestCase(findTestCase("Reusable_Test_Sequences/Web_Office/Verification/Settings/Members_Area/Manage_Members_Achievments"), [:], OPTIONAL): Call Test Case 'Test Cases/Reusable_Test_Sequences/Web_Office/Verification/Settings/Members_Area/Manage_Members_Achievments' successfully

2020-04-20 10:55:17 - [TEST_CASE][PASSED] - Test Cases/Reusable_Test_Sequences/Web_Office/Verification/Settings/Members_Area/Manage_Members_Achievments: Test Cases/Reusable_Test_Sequences/Web_Office/Verification/Settings/Members_Area/Manage_Members_Achievments

2020-04-20 10:55:17 - [TEST_STEP][PASSED] - waitForPageLoad(60): Wait for page load successfully

2020-04-20 10:55:17 - [MESSAGE][PASSED] - Wait for page load successfully

2020-04-20 10:55:17 - [TEST_STEP][PASSED] - delay(1): Delayed 1 second(s)

2020-04-20 10:55:18 - [MESSAGE][PASSED] - Delayed 1 second(s)

2020-04-20 10:55:18 - [TEST_STEP][PASSED] - verifyTextPresent("Members Achievements", false): Text 'Members Achievements' is present on page 

2020-04-20 10:55:19 - [MESSAGE][PASSED] - Text 'Members Achievements' is present on page 

2020-04-20 10:55:19 - [TEST_STEP][PASSED] - verifyTextPresent("Title", false): Text 'Title' is present on page 

2020-04-20 10:55:19 - [MESSAGE][PASSED] - Text 'Title' is present on page 

2020-04-20 10:55:19 - [TEST_STEP][PASSED] - verifyTextPresent("Details", false): Text 'Details' is present on page 

2020-04-20 10:55:20 - [MESSAGE][PASSED] - Text 'Details' is present on page 

2020-04-20 10:55:20 - [TEST_STEP][PASSED] - verifyTextPresent("Link URL", false): Text 'Link URL' is present on page 

2020-04-20 10:55:20 - [MESSAGE][PASSED] - Text 'Link URL' is present on page 

2020-04-20 10:55:20 - [TEST_STEP][PASSED] - verifyTextPresent("Logo", false): Text 'Logo' is present on page 

2020-04-20 10:55:21 - [MESSAGE][PASSED] - Text 'Logo' is present on page 

2020-04-20 10:55:21 - [TEST_STEP][PASSED] - "----------------------------------------------": null

2020-04-20 10:55:21 - [TEST_STEP][PASSED] - verifyTextPresent("Neil Wadsworth Electrical Ltd", false): Text 'Neil Wadsworth Electrical Ltd' is present on page 

2020-04-20 10:55:21 - [MESSAGE][PASSED] - Text 'Neil Wadsworth Electrical Ltd' is present on page 

2020-04-20 10:55:21 - [TEST_STEP][PASSED] - verifyTextPresent("A big congratulations to the team at Neil Wadsworth Electrical Ltd in Worcester Park", false): Text 'A big congratulations to the team at Neil Wadsworth Electrical Ltd in Worcester Park' is present on page 

2020-04-20 10:55:22 - [MESSAGE][PASSED] - Text 'A big congratulations to the team at Neil Wadsworth Electrical Ltd in Worcester Park' is present on page 

2020-04-20 10:55:22 - [TEST_STEP][PASSED] - verifyTextPresent("They've been raising money and organising events for Cancer Research UK", false): Text 'They've been raising money and organising events for Cancer Research UK' is present on page 

2020-04-20 10:55:22 - [MESSAGE][PASSED] - Text 'They've been raising money and organising events for Cancer Research UK' is present on page 

2020-04-20 10:55:22 - [MESSAGE][PASSED] - Call Test Case 'Test Cases/Reusable_Test_Sequences/Web_Office/Verification/Settings/Members_Area/Manage_Members_Achievments' successfully

2020-04-20 10:55:22 - [TEST_STEP][PASSED] - "--------------------------": null

2020-04-20 10:55:22 - [TEST_STEP][PASSED] - " Teardown - CLose Browser |": null

2020-04-20 10:55:22 - [TEST_STEP][PASSED] - callTestCase(findTestCase("Reusable_Test_Sequences/CAT_Teardown"), [:], OPTIONAL): Call Test Case 'Test Cases/Reusable_Test_Sequences/CAT_Teardown' successfully

2020-04-20 10:55:22 - [TEST_CASE][PASSED] - Test Cases/Reusable_Test_Sequences/CAT_Teardown: Test Cases/Reusable_Test_Sequences/CAT_Teardown

2020-04-20 10:55:22 - [TEST_STEP][PASSED] - closeBrowser(): Browser is closed

2020-04-20 10:55:23 - [MESSAGE][PASSED] - Browser is closed

2020-04-20 10:55:23 - [TEST_STEP][PASSED] - super.finalize(): null

2020-04-20 10:55:23 - [TEST_STEP][PASSED] - System.gc(): null

2020-04-20 10:55:23 - [MESSAGE][PASSED] - Call Test Case 'Test Cases/Reusable_Test_Sequences/CAT_Teardown' successfully]]></system-out>
         <system-err><![CDATA[]]></system-err>
      </testcase>
      <testcase name="Test Cases/Web_Office/Settings/Members_Area/Checkatrade_News" time="14.404" classname="Test Cases/Web_Office/Settings/Members_Area/Checkatrade_News" status="PASSED">
         <system-out><![CDATA[2020-04-20 10:55:23 - [TEST_CASE][PASSED] - Test Cases/Web_Office/Settings/Members_Area/Checkatrade_News: Test Cases/Web_Office/Settings/Members_Area/Checkatrade_News

2020-04-20 10:55:23 - [TEST_STEP][PASSED] - "--------------------------------------": null

2020-04-20 10:55:23 - [TEST_STEP][PASSED] - " Web Office StartUp                  |": null

2020-04-20 10:55:23 - [TEST_STEP][PASSED] - callTestCase(findTestCase("Reusable_Test_Sequences/Web_Office/Directives/WebOffice_StartUp"), [:], STOP_ON_FAILURE): Call Test Case 'Test Cases/Reusable_Test_Sequences/Web_Office/Directives/WebOffice_StartUp' successfully

2020-04-20 10:55:23 - [TEST_CASE][PASSED] - Test Cases/Reusable_Test_Sequences/Web_Office/Directives/WebOffice_StartUp: Test Cases/Reusable_Test_Sequences/Web_Office/Directives/WebOffice_StartUp

2020-04-20 10:55:23 - [TEST_STEP][PASSED] - "-----------------------------------------------------------------------------": null

2020-04-20 10:55:23 - [TEST_STEP][PASSED] - if (URL == "https://www.dev.checkatrade.com/"): null

2020-04-20 10:55:23 - [TEST_STEP][PASSED] - "-----------------------------------------------------------------------------": null

2020-04-20 10:55:23 - [TEST_STEP][PASSED] - if (URL == "https://www.checkatrade.com/"): null

2020-04-20 10:55:23 - [TEST_STEP][PASSED] - "-----------------------------------------------------------------------------": null

2020-04-20 10:55:23 - [TEST_STEP][PASSED] - if (URL == "https://www.preview.checkatrade.com/"): null

2020-04-20 10:55:23 - [TEST_STEP][PASSED] - WebOfficeURL = "https://admin.preview.checkatrade.com/": null

2020-04-20 10:55:23 - [TEST_STEP][PASSED] - if (URL == "https://www.dev2.checkatrade.com/"): null

2020-04-20 10:55:23 - [TEST_STEP][PASSED] - "Set Function Area for "URL_Handler", URL Resolution": null

2020-04-20 10:55:23 - [TEST_STEP][PASSED] - "Do Some Magic with URL(s) See the comments within URL Handler ": null

2020-04-20 10:55:23 - [TEST_STEP][PASSED] - "------------------------------------------------": null

2020-04-20 10:55:23 - [TEST_STEP][PASSED] - "Moved Login Credentials to <Default> profile 22/01/2020": null

2020-04-20 10:55:23 - [TEST_STEP][PASSED] - "------------------------------------------------": null

2020-04-20 10:55:23 - [TEST_STEP][PASSED] - "WebOfficeURL - Set from the ENVIRONMENT PROFILE ": null

2020-04-20 10:55:23 - [TEST_STEP][PASSED] - "OPEN BROWSER": null

2020-04-20 10:55:23 - [TEST_STEP][PASSED] - "eg - https://admin.preview.checkatrade.com/  ": null

2020-04-20 10:55:23 - [TEST_STEP][PASSED] - openBrowser(WebOfficeURL): Browser is opened with url: 'https://admin.preview.checkatrade.com/'

2020-04-20 10:55:23 - [MESSAGE][INFO] - Starting 'Chrome' driver

2020-04-20 10:55:23 - [MESSAGE][INFO] - Action delay is set to 0 milliseconds

2020-04-20 10:55:28 - [MESSAGE][PASSED] - Browser is opened with url: 'https://admin.preview.checkatrade.com/'

2020-04-20 10:55:28 - [TEST_STEP][PASSED] - maximizeWindow(): Current window maximized

2020-04-20 10:55:30 - [MESSAGE][PASSED] - Current window maximized

2020-04-20 10:55:30 - [TEST_STEP][PASSED] - waitForElementClickable(findTestObject("Object Repository/WebOffice/Page_Checkatrade - Administration - Login/Login_Button"), 25): Object 'Object Repository/WebOffice/Page_Checkatrade - Administration - Login/Login_Button' is clickable

2020-04-20 10:55:30 - [MESSAGE][PASSED] - Object 'Object Repository/WebOffice/Page_Checkatrade - Administration - Login/Login_Button' is clickable

2020-04-20 10:55:30 - [TEST_STEP][PASSED] - verifyTextPresent("Checkatrade Web Office", false): Text 'Checkatrade Web Office' is present on page 

2020-04-20 10:55:30 - [MESSAGE][PASSED] - Text 'Checkatrade Web Office' is present on page 

2020-04-20 10:55:30 - [TEST_STEP][PASSED] - verifyTextPresent("Access for staff use only", false): Text 'Access for staff use only' is present on page 

2020-04-20 10:55:30 - [MESSAGE][PASSED] - Text 'Access for staff use only' is present on page 

2020-04-20 10:55:30 - [TEST_STEP][PASSED] - verifyTextPresent("Forgotten password?", false): Text 'Forgotten password?' is present on page 

2020-04-20 10:55:31 - [MESSAGE][PASSED] - Text 'Forgotten password?' is present on page 

2020-04-20 10:55:31 - [TEST_STEP][PASSED] - setText(findTestObject("Object Repository/WebOffice/Page_Checkatrade - Administration - Login/input_Username_LoginControlUserName"), wo_Username): Text 'DavidHo' is set on object 'Object Repository/WebOffice/Page_Checkatrade - Administration - Login/input_Username_LoginControlUserName'

2020-04-20 10:55:31 - [MESSAGE][PASSED] - Text 'DavidHo' is set on object 'Object Repository/WebOffice/Page_Checkatrade - Administration - Login/input_Username_LoginControlUserName'

2020-04-20 10:55:31 - [TEST_STEP][PASSED] - setText(findTestObject("Object Repository/WebOffice/Page_Checkatrade - Administration - Login/input_Password_LoginControlPassword"), wo_Password): Text 'Check123' is set on object 'Object Repository/WebOffice/Page_Checkatrade - Administration - Login/input_Password_LoginControlPassword'

2020-04-20 10:55:31 - [MESSAGE][PASSED] - Text 'Check123' is set on object 'Object Repository/WebOffice/Page_Checkatrade - Administration - Login/input_Password_LoginControlPassword'

2020-04-20 10:55:31 - [TEST_STEP][PASSED] - click(findTestObject("Object Repository/WebOffice/Page_Checkatrade - Administration - Login/Login_Button")): Object: 'Object Repository/WebOffice/Page_Checkatrade - Administration - Login/Login_Button' is clicked on

2020-04-20 10:55:32 - [MESSAGE][PASSED] - Object: 'Object Repository/WebOffice/Page_Checkatrade - Administration - Login/Login_Button' is clicked on

2020-04-20 10:55:32 - [TEST_STEP][PASSED] - waitForPageLoad(60): Wait for page load successfully

2020-04-20 10:55:32 - [MESSAGE][PASSED] - Wait for page load successfully

2020-04-20 10:55:32 - [TEST_STEP][PASSED] - verifyTextPresent("Welcome " + wo_Username, false): Text 'Welcome DavidHo' is present on page 

2020-04-20 10:55:32 - [MESSAGE][PASSED] - Text 'Welcome DavidHo' is present on page 

2020-04-20 10:55:32 - [MESSAGE][PASSED] - Call Test Case 'Test Cases/Reusable_Test_Sequences/Web_Office/Directives/WebOffice_StartUp' successfully

2020-04-20 10:55:32 - [TEST_STEP][PASSED] - "-----------------------------------------------------------------": null

2020-04-20 10:55:32 - [TEST_STEP][PASSED] - " Navigate to <Settings->Checkatrade.Com->Sub Item> Menu Item     |": null

2020-04-20 10:55:32 - [TEST_STEP][PASSED] - callTestCase(findTestCase("Reusable_Test_Sequences/Web_Office/Navigation/Sub_Menu_Navigation/Settings/Members_Area/Chackatrade_News"), [:], STOP_ON_FAILURE): Call Test Case 'Test Cases/Reusable_Test_Sequences/Web_Office/Navigation/Sub_Menu_Navigation/Settings/Members_Area/Chackatrade_News' successfully

2020-04-20 10:55:32 - [TEST_CASE][PASSED] - Test Cases/Reusable_Test_Sequences/Web_Office/Navigation/Sub_Menu_Navigation/Settings/Members_Area/Chackatrade_News: Test Cases/Reusable_Test_Sequences/Web_Office/Navigation/Sub_Menu_Navigation/Settings/Members_Area/Chackatrade_News

2020-04-20 10:55:33 - [TEST_STEP][PASSED] - "--------------------------------------": null

2020-04-20 10:55:33 - [TEST_STEP][PASSED] - " Navigate Top level menu Item         |": null

2020-04-20 10:55:33 - [TEST_STEP][PASSED] - waitForPageLoad(60): Wait for page load successfully

2020-04-20 10:55:33 - [MESSAGE][PASSED] - Wait for page load successfully

2020-04-20 10:55:33 - [TEST_STEP][PASSED] - waitForElementClickable(findTestObject("Object Repository/WebOffice_Home_page/a_Settings"), 60): Object 'Object Repository/WebOffice_Home_page/a_Settings' is clickable

2020-04-20 10:55:33 - [MESSAGE][PASSED] - Object 'Object Repository/WebOffice_Home_page/a_Settings' is clickable

2020-04-20 10:55:33 - [TEST_STEP][PASSED] - mouseOver(findTestObject("Object Repository/WebOffice_Home_page/a_Settings")): Object: 'Object Repository/WebOffice_Home_page/a_Settings' is hovered

2020-04-20 10:55:33 - [MESSAGE][PASSED] - Object: 'Object Repository/WebOffice_Home_page/a_Settings' is hovered

2020-04-20 10:55:33 - [TEST_STEP][PASSED] - mouseOver(findTestObject("Object Repository/WebOffice_Home_page/a_Members Area")): Object: 'Object Repository/WebOffice_Home_page/a_Members Area' is hovered

2020-04-20 10:55:33 - [MESSAGE][PASSED] - Object: 'Object Repository/WebOffice_Home_page/a_Members Area' is hovered

2020-04-20 10:55:33 - [TEST_STEP][PASSED] - waitForElementClickable(findTestObject("Object Repository/WebOffice_Home_page/a_Checkatrade News"), 1): Object 'Object Repository/WebOffice_Home_page/a_Checkatrade News' is clickable

2020-04-20 10:55:33 - [MESSAGE][PASSED] - Object 'Object Repository/WebOffice_Home_page/a_Checkatrade News' is clickable

2020-04-20 10:55:33 - [TEST_STEP][PASSED] - click(findTestObject("Object Repository/WebOffice_Home_page/a_Checkatrade News")): Object: 'Object Repository/WebOffice_Home_page/a_Checkatrade News' is clicked on

2020-04-20 10:55:34 - [MESSAGE][PASSED] - Object: 'Object Repository/WebOffice_Home_page/a_Checkatrade News' is clicked on

2020-04-20 10:55:34 - [MESSAGE][PASSED] - Call Test Case 'Test Cases/Reusable_Test_Sequences/Web_Office/Navigation/Sub_Menu_Navigation/Settings/Members_Area/Chackatrade_News' successfully

2020-04-20 10:55:34 - [TEST_STEP][PASSED] - "--------------------------------------": null

2020-04-20 10:55:34 - [TEST_STEP][PASSED] - " Verify Returned Page Detail          |": null

2020-04-20 10:55:34 - [TEST_STEP][PASSED] - callTestCase(findTestCase("Reusable_Test_Sequences/Web_Office/Verification/Settings/Members_Area/Checkatrade_News"), [:], OPTIONAL): Call Test Case 'Test Cases/Reusable_Test_Sequences/Web_Office/Verification/Settings/Members_Area/Checkatrade_News' successfully

2020-04-20 10:55:34 - [TEST_CASE][PASSED] - Test Cases/Reusable_Test_Sequences/Web_Office/Verification/Settings/Members_Area/Checkatrade_News: Test Cases/Reusable_Test_Sequences/Web_Office/Verification/Settings/Members_Area/Checkatrade_News

2020-04-20 10:55:34 - [TEST_STEP][PASSED] - waitForPageLoad(60): Wait for page load successfully

2020-04-20 10:55:34 - [MESSAGE][PASSED] - Wait for page load successfully

2020-04-20 10:55:34 - [TEST_STEP][PASSED] - delay(1): Delayed 1 second(s)

2020-04-20 10:55:35 - [MESSAGE][PASSED] - Delayed 1 second(s)

2020-04-20 10:55:35 - [TEST_STEP][PASSED] - verifyTextPresent("Checkatrade News", false): Text 'Checkatrade News' is present on page 

2020-04-20 10:55:35 - [MESSAGE][PASSED] - Text 'Checkatrade News' is present on page 

2020-04-20 10:55:35 - [TEST_STEP][PASSED] - verifyTextPresent("Title", false): Text 'Title' is present on page 

2020-04-20 10:55:36 - [MESSAGE][PASSED] - Text 'Title' is present on page 

2020-04-20 10:55:36 - [TEST_STEP][PASSED] - verifyTextPresent("Category", false): Text 'Category' is present on page 

2020-04-20 10:55:36 - [MESSAGE][PASSED] - Text 'Category' is present on page 

2020-04-20 10:55:36 - [TEST_STEP][PASSED] - verifyTextPresent("Published", false): Text 'Published' is present on page 

2020-04-20 10:55:36 - [MESSAGE][PASSED] - Text 'Published' is present on page 

2020-04-20 10:55:36 - [TEST_STEP][PASSED] - "----------------------------------------------": null

2020-04-20 10:55:36 - [TEST_STEP][PASSED] - verifyTextPresent("New Marketing", false): Text 'New Marketing' is present on page 

2020-04-20 10:55:36 - [MESSAGE][PASSED] - Text 'New Marketing' is present on page 

2020-04-20 10:55:36 - [MESSAGE][PASSED] - Call Test Case 'Test Cases/Reusable_Test_Sequences/Web_Office/Verification/Settings/Members_Area/Checkatrade_News' successfully

2020-04-20 10:55:36 - [TEST_STEP][PASSED] - "--------------------------": null

2020-04-20 10:55:36 - [TEST_STEP][PASSED] - " Teardown - CLose Browser |": null

2020-04-20 10:55:36 - [TEST_STEP][PASSED] - callTestCase(findTestCase("Reusable_Test_Sequences/CAT_Teardown"), [:], OPTIONAL): Call Test Case 'Test Cases/Reusable_Test_Sequences/CAT_Teardown' successfully

2020-04-20 10:55:36 - [TEST_CASE][PASSED] - Test Cases/Reusable_Test_Sequences/CAT_Teardown: Test Cases/Reusable_Test_Sequences/CAT_Teardown

2020-04-20 10:55:36 - [TEST_STEP][PASSED] - closeBrowser(): Browser is closed

2020-04-20 10:55:37 - [MESSAGE][PASSED] - Browser is closed

2020-04-20 10:55:37 - [TEST_STEP][PASSED] - super.finalize(): null

2020-04-20 10:55:37 - [TEST_STEP][PASSED] - System.gc(): null

2020-04-20 10:55:37 - [MESSAGE][PASSED] - Call Test Case 'Test Cases/Reusable_Test_Sequences/CAT_Teardown' successfully]]></system-out>
         <system-err><![CDATA[]]></system-err>
      </testcase>
      <system-out><![CDATA[2020-04-20 10:45:15 - [TEST_SUITE][PASSED] - Web_Office_Settings: Test Cases/Web_Office/Settings/Members_Area/Checkatrade_News]]></system-out>
      <system-err><![CDATA[]]></system-err>
   </testsuite>
</testsuites>
