<?xml version="1.0" encoding="UTF-8"?>
<testsuites name="Members_My_Feedback" time="94.298" tests="1" failures="0" errors="0">
   <testsuite name="Members_My_Feedback" tests="1" failures="0" errors="0" time="94.298" timestamp="2019-11-26 12:11:25" hostname="DavidHo - VETTEDSP36RF.check.local" id="Test Suites/Members_My_Feedback">
      <properties>
         <property name="deviceName" value=""/>
         <property name="devicePlatform" value=""/>
         <property name="logFolder" value="C:\\Users\\davidho\\Katalon Studio\\Start\\Reports\\20191126_120920\\Members_My_Feedback\\20191126_120924"/>
         <property name="logFiles" value="C:\\Users\\davidho\\Katalon Studio\\Start\\Reports\\20191126_120920\\Members_My_Feedback\\20191126_120924\\execution0.log"/>
         <property name="attachments" value=""/>
         <property name="hostName" value="DavidHo - VETTEDSP36RF.check.local"/>
         <property name="os" value="Windows 10 32bit"/>
         <property name="katalonVersion" value="7.1.0.1"/>
         <property name="browser" value="Chrome 78.0.3904.108"/>
         <property name="hostAddress" value="10.0.11.243"/>
         <property name="sessionId" value="b7276974e8ac9cad955c17f068af0078"/>
         <property name="seleniumVersion" value="3.141.59"/>
         <property name="proxyInformation" value="ProxyInformation{proxyOption=NO_PROXY, proxyServerType=HTTP, password=, proxyServerAddress=, proxyServerPort=0}"/>
         <property name="platform" value="Windows 10"/>
      </properties>
      <testcase name="Test Cases/Members_Area/My_Feedback" time="92.971" classname="Test Cases/Members_Area/My_Feedback" status="PASSED">
         <system-out><![CDATA[2019-11-26 12:11:25 - [TEST_CASE][PASSED] - Test Cases/Members_Area/My_Feedback: Test Cases/Members_Area/My_Feedback

2019-11-26 12:11:26 - [TEST_STEP][PASSED] - "WARNING - Be AWARE that, for example, That the Members Area Link on Preview doesnt take you to Preview, but takes you to LIVE Members Area": null

2019-11-26 12:11:26 - [TEST_STEP][PASSED] - "THIS CURRENTLY ONLY RUNS FROM - - -  * * *  PREVIEW_MEMBERS_AREA Profile  * * *  CORRECTION THIS IS NOW CATERED FOR - AND REDIRECTED  ": null

2019-11-26 12:11:26 - [TEST_STEP][PASSED] - "######################################################################################################################################################": null

2019-11-26 12:11:26 - [TEST_STEP][PASSED] - "#  OF COURSE, FOR THIS TO WORK THE TEST CREDENTIALS SHOULD BE AVAILABLE ACROSS ALL ENVIRONMENTS - Username = check1234 - & - Password = testing123   #": null

2019-11-26 12:11:26 - [TEST_STEP][PASSED] - "######################################################################################################################################################": null

2019-11-26 12:11:26 - [TEST_STEP][PASSED] - for ([row = 1, row <= findTestData("Members_Test_Data").getRowNumbers(), (internal.GlobalVariable.row++)]): Call Test Case 'Test Cases/Reusable_Test_Sequences/Members_Area/Banner_Menu/log_Off' successfully

2019-11-26 12:11:28 - [TEST_STEP][PASSED] - callTestCase(findTestCase("Reusable_Test_Sequences/Members_Area/Start_Up"), [:], OPTIONAL): Call Test Case 'Test Cases/Reusable_Test_Sequences/Members_Area/Start_Up' successfully

2019-11-26 12:11:28 - [TEST_CASE][PASSED] - Test Cases/Reusable_Test_Sequences/Members_Area/Start_Up: Test Cases/Reusable_Test_Sequences/Members_Area/Start_Up

2019-11-26 12:11:29 - [TEST_STEP][PASSED] - "----------------------------------------------------": null

2019-11-26 12:11:29 - [TEST_STEP][PASSED] - FUNCTION_AREA = "Members_Area": null

2019-11-26 12:11:29 - [TEST_STEP][PASSED] - "Do Some Magic with URL(s) See the comments within URL Handler ": null

2019-11-26 12:11:29 - [TEST_STEP][PASSED] - "URL - Set from the ENVIRONMENT PROFILE - Specific Page Address Provided By +GlobalVariable.MembersURL  ": null

2019-11-26 12:11:29 - [TEST_STEP][PASSED] - openBrowser(MembersURL): Browser is opened with url: 'https://preview-ma.checkatrade.com/'

2019-11-26 12:11:29 - [MESSAGE][INFO] - Starting 'Chrome' driver

2019-11-26 12:11:29 - [MESSAGE][INFO] - Action delay is set to 0 seconds

2019-11-26 12:11:58 - [MESSAGE][PASSED] - Browser is opened with url: 'https://preview-ma.checkatrade.com/'

2019-11-26 12:11:58 - [TEST_STEP][PASSED] - waitForPageLoad(60): Wait for page load successfully

2019-11-26 12:11:58 - [MESSAGE][PASSED] - Wait for page load successfully

2019-11-26 12:11:58 - [TEST_STEP][PASSED] - maximizeWindow(): Current window maximized

2019-11-26 12:12:02 - [MESSAGE][PASSED] - Current window maximized

2019-11-26 12:12:02 - [TEST_STEP][PASSED] - verifyTextPresent("EXCLUSIVE ACCESS FOR CHECKATRADE MEMBERS ONLY", false): Text 'EXCLUSIVE ACCESS FOR CHECKATRADE MEMBERS ONLY' is present on page 

2019-11-26 12:12:03 - [MESSAGE][PASSED] - Text 'EXCLUSIVE ACCESS FOR CHECKATRADE MEMBERS ONLY' is present on page 

2019-11-26 12:12:03 - [TEST_STEP][PASSED] - verifyTextPresent("Forgotten password?", false): Text 'Forgotten password?' is present on page 

2019-11-26 12:12:03 - [MESSAGE][PASSED] - Text 'Forgotten password?' is present on page 

2019-11-26 12:12:03 - [TEST_STEP][PASSED] - verifyTextPresent("Forgotten username?", false): Text 'Forgotten username?' is present on page 

2019-11-26 12:12:03 - [MESSAGE][PASSED] - Text 'Forgotten username?' is present on page 

2019-11-26 12:12:03 - [TEST_STEP][PASSED] - verifyTextPresent("Trouble logging in? No username and password? Contact Checkatrade Member Services by", false): Text 'Trouble logging in? No username and password? Contact Checkatrade Member Services by' is present on page 

2019-11-26 12:12:03 - [MESSAGE][PASSED] - Text 'Trouble logging in? No username and password? Contact Checkatrade Member Services by' is present on page 

2019-11-26 12:12:03 - [TEST_STEP][PASSED] - verifyTextPresent("memberservices@checkatrade.com", false): Text 'memberservices@checkatrade.com' is present on page 

2019-11-26 12:12:03 - [MESSAGE][PASSED] - Text 'memberservices@checkatrade.com' is present on page 

2019-11-26 12:12:03 - [MESSAGE][INFO] - =================== Smart XPath Report =======================

2019-11-26 12:12:03 - [MESSAGE][INFO] - Refer to the link below to preview and approve auto healing on broken test objects.

2019-11-26 12:12:03 - [MESSAGE][INFO] - https://docs.katalon.com/katalon-studio/docs/auto-healing-smart-xpath.html

2019-11-26 12:12:03 - [MESSAGE][INFO] - ===============================================================

2019-11-26 12:12:03 - [MESSAGE][PASSED] - Call Test Case 'Test Cases/Reusable_Test_Sequences/Members_Area/Start_Up' successfully

2019-11-26 12:12:03 - [TEST_STEP][PASSED] - callTestCase(findTestCase("Reusable_Test_Sequences/Members_Area/log_On"), [:], OPTIONAL): Call Test Case 'Test Cases/Reusable_Test_Sequences/Members_Area/log_On' successfully

2019-11-26 12:12:03 - [TEST_CASE][PASSED] - Test Cases/Reusable_Test_Sequences/Members_Area/log_On: Test Cases/Reusable_Test_Sequences/Members_Area/log_On

2019-11-26 12:12:04 - [TEST_STEP][PASSED] - waitForElementPresent(findTestObject("Object Repository/Members/Page_Members Area/button_Log in"), 10): Object 'Object Repository/Members/Page_Members Area/button_Log in' is present

2019-11-26 12:12:04 - [MESSAGE][PASSED] - Object 'Object Repository/Members/Page_Members Area/button_Log in' is present

2019-11-26 12:12:04 - [TEST_STEP][PASSED] - click(findTestObject("Object Repository/Members/Page_Members Area/input_Username_username")): Object: 'Object Repository/Members/Page_Members Area/input_Username_username' is clicked on

2019-11-26 12:12:04 - [MESSAGE][PASSED] - Object: 'Object Repository/Members/Page_Members Area/input_Username_username' is clicked on

2019-11-26 12:12:04 - [TEST_STEP][PASSED] - setText(findTestObject("Object Repository/Members/Page_Members Area/input_Username_username"), Username): Text 'check1234' is set on object 'Object Repository/Members/Page_Members Area/input_Username_username'

2019-11-26 12:12:04 - [MESSAGE][PASSED] - Text 'check1234' is set on object 'Object Repository/Members/Page_Members Area/input_Username_username'

2019-11-26 12:12:04 - [TEST_STEP][PASSED] - click(findTestObject("Object Repository/Members/Page_Members Area/input_Password_password")): Object: 'Object Repository/Members/Page_Members Area/input_Password_password' is clicked on

2019-11-26 12:12:04 - [MESSAGE][PASSED] - Object: 'Object Repository/Members/Page_Members Area/input_Password_password' is clicked on

2019-11-26 12:12:04 - [TEST_STEP][PASSED] - setText(findTestObject("Object Repository/Members/Page_Members Area/input_Password_password"), Password): Text 'testing123' is set on object 'Object Repository/Members/Page_Members Area/input_Password_password'

2019-11-26 12:12:04 - [MESSAGE][PASSED] - Text 'testing123' is set on object 'Object Repository/Members/Page_Members Area/input_Password_password'

2019-11-26 12:12:04 - [TEST_STEP][PASSED] - click(findTestObject("Object Repository/Members/Page_Members Area/button_Log in")): Object: 'Object Repository/Members/Page_Members Area/button_Log in' is clicked on

2019-11-26 12:12:05 - [MESSAGE][PASSED] - Object: 'Object Repository/Members/Page_Members Area/button_Log in' is clicked on

2019-11-26 12:12:05 - [TEST_STEP][PASSED] - waitForElementNotPresent(findTestObject("Object Repository/Members/Page_Members Area/button_Log in"), 25): Web element with id: 'Object Repository/Members/Page_Members Area/button_Log in' located by 'By.xpath: //button[@type = 'submit' and (text() = ' Log in ' or . = ' Log in ')]' is not present after '25' second(s)

2019-11-26 12:12:06 - [MESSAGE][PASSED] - Web element with id: 'Object Repository/Members/Page_Members Area/button_Log in' located by 'By.xpath: //button[@type = 'submit' and (text() = ' Log in ' or . = ' Log in ')]' is not present after '25' second(s)

2019-11-26 12:12:06 - [TEST_STEP][PASSED] - waitForPageLoad(60): Wait for page load successfully

2019-11-26 12:12:06 - [MESSAGE][PASSED] - Wait for page load successfully

2019-11-26 12:12:06 - [TEST_STEP][PASSED] - if ("Object Repository/Page_Members Area/Header_Attention_Text"): Call Test Case 'Test Cases/Reusable_Test_Sequences/Utils/Popout_Handler' successfully

2019-11-26 12:12:06 - [TEST_STEP][PASSED] - waitForElementPresent(findTestObject("Object Repository/Page_Members Area/Header_Attention_Text"), 60): Object 'Object Repository/Page_Members Area/Header_Attention_Text' is present

2019-11-26 12:12:06 - [MESSAGE][PASSED] - Object 'Object Repository/Page_Members Area/Header_Attention_Text' is present

2019-11-26 12:12:06 - [TEST_STEP][PASSED] - callTestCase(findTestCase("Reusable_Test_Sequences/Utils/Popout_Handler"), [:], CONTINUE_ON_FAILURE): Call Test Case 'Test Cases/Reusable_Test_Sequences/Utils/Popout_Handler' successfully

2019-11-26 12:12:06 - [TEST_CASE][PASSED] - Test Cases/Reusable_Test_Sequences/Utils/Popout_Handler: Test Cases/Reusable_Test_Sequences/Utils/Popout_Handler

2019-11-26 12:12:07 - [TEST_STEP][PASSED] - delay(2): Delayed 2 second(s)

2019-11-26 12:12:09 - [MESSAGE][PASSED] - Delayed 2 second(s)

2019-11-26 12:12:09 - [TEST_STEP][PASSED] - waitForPageLoad(60): Wait for page load successfully

2019-11-26 12:12:09 - [MESSAGE][PASSED] - Wait for page load successfully

2019-11-26 12:12:09 - [TEST_STEP][PASSED] - try: null

2019-11-26 12:12:09 - [TEST_STEP][PASSED] - if ("Object Repository/Popout/go_Away"): null

2019-11-26 12:12:09 - [TEST_STEP][PASSED] - click(findTestObject("Object Repository/Popout/go_Away")): Object: 'Object Repository/Popout/go_Away' is clicked on

2019-11-26 12:12:09 - [MESSAGE][PASSED] - Object: 'Object Repository/Popout/go_Away' is clicked on

2019-11-26 12:12:09 - [TEST_STEP][PASSED] - out.println("View are NEW Website - popup presented"): null

2019-11-26 12:12:09 - [MESSAGE][INFO] - =================== Smart XPath Report =======================

2019-11-26 12:12:09 - [MESSAGE][INFO] - Refer to the link below to preview and approve auto healing on broken test objects.

2019-11-26 12:12:09 - [MESSAGE][INFO] - https://docs.katalon.com/katalon-studio/docs/auto-healing-smart-xpath.html

2019-11-26 12:12:09 - [MESSAGE][INFO] - ===============================================================

2019-11-26 12:12:09 - [MESSAGE][PASSED] - Call Test Case 'Test Cases/Reusable_Test_Sequences/Utils/Popout_Handler' successfully

2019-11-26 12:12:09 - [MESSAGE][INFO] - =================== Smart XPath Report =======================

2019-11-26 12:12:09 - [MESSAGE][INFO] - Refer to the link below to preview and approve auto healing on broken test objects.

2019-11-26 12:12:09 - [MESSAGE][INFO] - https://docs.katalon.com/katalon-studio/docs/auto-healing-smart-xpath.html

2019-11-26 12:12:09 - [MESSAGE][INFO] - ===============================================================

2019-11-26 12:12:09 - [MESSAGE][PASSED] - Call Test Case 'Test Cases/Reusable_Test_Sequences/Members_Area/log_On' successfully

2019-11-26 12:12:09 - [TEST_STEP][PASSED] - callTestCase(findTestCase("Reusable_Test_Sequences/Members_Area/Area_Menu/Your_Customers/My_Feedback"), [:], CONTINUE_ON_FAILURE): Call Test Case 'Test Cases/Reusable_Test_Sequences/Members_Area/Area_Menu/Your_Customers/My_Feedback' successfully

2019-11-26 12:12:09 - [TEST_CASE][PASSED] - Test Cases/Reusable_Test_Sequences/Members_Area/Area_Menu/Your_Customers/My_Feedback: Test Cases/Reusable_Test_Sequences/Members_Area/Area_Menu/Your_Customers/My_Feedback

2019-11-26 12:12:10 - [TEST_STEP][PASSED] - waitForPageLoad(60): Wait for page load successfully

2019-11-26 12:12:10 - [MESSAGE][PASSED] - Wait for page load successfully

2019-11-26 12:12:10 - [TEST_STEP][PASSED] - delay(1): Delayed 1 second(s)

2019-11-26 12:12:11 - [MESSAGE][PASSED] - Delayed 1 second(s)

2019-11-26 12:12:11 - [TEST_STEP][PASSED] - scrollToElement(findTestObject("Object Repository/Page_Members Area/h_Dashboard_Header"), 25): Scroll to object 'Object Repository/Page_Members Area/h_Dashboard_Header' successfully

2019-11-26 12:12:11 - [MESSAGE][PASSED] - Scroll to object 'Object Repository/Page_Members Area/h_Dashboard_Header' successfully

2019-11-26 12:12:11 - [TEST_STEP][PASSED] - click(findTestObject("Object Repository/Page_Members Area/div_My Feedback")): Object: 'Object Repository/Page_Members Area/div_My Feedback' is clicked on

2019-11-26 12:12:12 - [MESSAGE][PASSED] - Object: 'Object Repository/Page_Members Area/div_My Feedback' is clicked on

2019-11-26 12:12:12 - [MESSAGE][INFO] - =================== Smart XPath Report =======================

2019-11-26 12:12:12 - [MESSAGE][INFO] - Refer to the link below to preview and approve auto healing on broken test objects.

2019-11-26 12:12:12 - [MESSAGE][INFO] - https://docs.katalon.com/katalon-studio/docs/auto-healing-smart-xpath.html

2019-11-26 12:12:12 - [MESSAGE][INFO] - ===============================================================

2019-11-26 12:12:12 - [MESSAGE][PASSED] - Call Test Case 'Test Cases/Reusable_Test_Sequences/Members_Area/Area_Menu/Your_Customers/My_Feedback' successfully

2019-11-26 12:12:12 - [TEST_STEP][PASSED] - callTestCase(findTestCase("Reusable_Test_Sequences/Members_Area/Validation/My_Feedback"), [:], CONTINUE_ON_FAILURE): Call Test Case 'Test Cases/Reusable_Test_Sequences/Members_Area/Validation/My_Feedback' successfully

2019-11-26 12:12:12 - [TEST_CASE][PASSED] - Test Cases/Reusable_Test_Sequences/Members_Area/Validation/My_Feedback: Test Cases/Reusable_Test_Sequences/Members_Area/Validation/My_Feedback

2019-11-26 12:12:12 - [TEST_STEP][PASSED] - waitForPageLoad(60): Wait for page load successfully

2019-11-26 12:12:13 - [MESSAGE][PASSED] - Wait for page load successfully

2019-11-26 12:12:13 - [TEST_STEP][PASSED] - verifyTextPresent(findTestData("Members_Test_Data").getValue("MEMBER_ID", 1), false): Text '218630' is present on page 

2019-11-26 12:12:14 - [MESSAGE][PASSED] - Text '218630' is present on page 

2019-11-26 12:12:14 - [TEST_STEP][PASSED] - verifyTextPresent("MEMBER ID", false): Text 'MEMBER ID' is present on page 

2019-11-26 12:12:15 - [MESSAGE][PASSED] - Text 'MEMBER ID' is present on page 

2019-11-26 12:12:15 - [TEST_STEP][PASSED] - "----------------------------------------------": null

2019-11-26 12:12:15 - [TEST_STEP][PASSED] - "---------------------------------": null

2019-11-26 12:12:15 - [TEST_STEP][PASSED] - "DEFAULT TAB - Published Feedback ": null

2019-11-26 12:12:15 - [TEST_STEP][PASSED] - verifyTextPresent("This is the feedback from your customers that is available to the public", false): Text 'This is the feedback from your customers that is available to the public' is present on page 

2019-11-26 12:12:16 - [MESSAGE][PASSED] - Text 'This is the feedback from your customers that is available to the public' is present on page 

2019-11-26 12:12:16 - [TEST_STEP][PASSED] - verifyTextPresent("Work Done From:", false): Text 'Work Done From:' is present on page 

2019-11-26 12:12:19 - [MESSAGE][PASSED] - Text 'Work Done From:' is present on page 

2019-11-26 12:12:19 - [TEST_STEP][PASSED] - verifyTextPresent("To:", false): Text 'To:' is present on page 

2019-11-26 12:12:19 - [MESSAGE][PASSED] - Text 'To:' is present on page 

2019-11-26 12:12:19 - [TEST_STEP][PASSED] - verifyTextPresent("Customer Surname:", false): Text 'Customer Surname:' is present on page 

2019-11-26 12:12:20 - [MESSAGE][PASSED] - Text 'Customer Surname:' is present on page 

2019-11-26 12:12:20 - [TEST_STEP][PASSED] - verifyTextPresent("Customer Town:", false): Text 'Customer Town:' is present on page 

2019-11-26 12:12:21 - [MESSAGE][PASSED] - Text 'Customer Town:' is present on page 

2019-11-26 12:12:21 - [MESSAGE][INFO] - =================== Smart XPath Report =======================

2019-11-26 12:12:21 - [MESSAGE][INFO] - Refer to the link below to preview and approve auto healing on broken test objects.

2019-11-26 12:12:21 - [MESSAGE][INFO] - https://docs.katalon.com/katalon-studio/docs/auto-healing-smart-xpath.html

2019-11-26 12:12:21 - [MESSAGE][INFO] - ===============================================================

2019-11-26 12:12:21 - [MESSAGE][PASSED] - Call Test Case 'Test Cases/Reusable_Test_Sequences/Members_Area/Validation/My_Feedback' successfully

2019-11-26 12:12:21 - [TEST_STEP][PASSED] - "---------------------------------------------": null

2019-11-26 12:12:21 - [TEST_STEP][PASSED] - " FOLLOWING STEP ASSUMES DEFAULT TAB IS <PUBLISHED FEEDBACK>": null

2019-11-26 12:12:21 - [TEST_STEP][PASSED] - callTestCase(findTestCase("Reusable_Test_Sequences/Members_Area/Area_Menu/Your_Customers/Feedback/Published_Feedback_Search"), [:], CONTINUE_ON_FAILURE): Call Test Case 'Test Cases/Reusable_Test_Sequences/Members_Area/Area_Menu/Your_Customers/Feedback/Published_Feedback_Search' successfully

2019-11-26 12:12:21 - [TEST_CASE][PASSED] - Test Cases/Reusable_Test_Sequences/Members_Area/Area_Menu/Your_Customers/Feedback/Published_Feedback_Search: Test Cases/Reusable_Test_Sequences/Members_Area/Area_Menu/Your_Customers/Feedback/Published_Feedback_Search

2019-11-26 12:12:21 - [TEST_STEP][PASSED] - waitForPageLoad(25): Wait for page load successfully

2019-11-26 12:12:21 - [MESSAGE][PASSED] - Wait for page load successfully

2019-11-26 12:12:21 - [TEST_STEP][PASSED] - waitForElementPresent(findTestObject("Object Repository/Page_Members Area/customer_Surname"), 5): Object 'Object Repository/Page_Members Area/customer_Surname' is present

2019-11-26 12:12:21 - [MESSAGE][PASSED] - Object 'Object Repository/Page_Members Area/customer_Surname' is present

2019-11-26 12:12:21 - [TEST_STEP][PASSED] - click(findTestObject("Object Repository/Page_Members Area/customer_Surname")): Object: 'Object Repository/Page_Members Area/customer_Surname' is clicked on

2019-11-26 12:12:21 - [MESSAGE][PASSED] - Object: 'Object Repository/Page_Members Area/customer_Surname' is clicked on

2019-11-26 12:12:21 - [TEST_STEP][PASSED] - setText(findTestObject("Object Repository/Page_Members Area/customer_Surname"), findTestData("Members_Test_Data").getValue("customer_Surname", row)): Text 'Feedback' is set on object 'Object Repository/Page_Members Area/customer_Surname'

2019-11-26 12:12:21 - [MESSAGE][PASSED] - Text 'Feedback' is set on object 'Object Repository/Page_Members Area/customer_Surname'

2019-11-26 12:12:21 - [TEST_STEP][PASSED] - click(findTestObject("Object Repository/Page_Members Area/customer_Town")): Object: 'Object Repository/Page_Members Area/customer_Town' is clicked on

2019-11-26 12:12:22 - [MESSAGE][PASSED] - Object: 'Object Repository/Page_Members Area/customer_Town' is clicked on

2019-11-26 12:12:22 - [TEST_STEP][PASSED] - setText(findTestObject("Object Repository/Page_Members Area/customer_Town"), findTestData("Members_Test_Data").getValue("customer_Town", row)): Text 'Chichester' is set on object 'Object Repository/Page_Members Area/customer_Town'

2019-11-26 12:12:22 - [MESSAGE][PASSED] - Text 'Chichester' is set on object 'Object Repository/Page_Members Area/customer_Town'

2019-11-26 12:12:22 - [TEST_STEP][PASSED] - waitForElementClickable(findTestObject("Object Repository/Page_Members Area/apply_Filter"), 60): Object 'Object Repository/Page_Members Area/apply_Filter' is clickable

2019-11-26 12:12:22 - [MESSAGE][PASSED] - Object 'Object Repository/Page_Members Area/apply_Filter' is clickable

2019-11-26 12:12:22 - [TEST_STEP][PASSED] - click(findTestObject("Object Repository/Page_Members Area/apply_Filter")): Object: 'Object Repository/Page_Members Area/apply_Filter' is clicked on

2019-11-26 12:12:22 - [MESSAGE][PASSED] - Object: 'Object Repository/Page_Members Area/apply_Filter' is clicked on

2019-11-26 12:12:22 - [TEST_STEP][PASSED] - delay(10): Delayed 10 second(s)

2019-11-26 12:12:32 - [MESSAGE][PASSED] - Delayed 10 second(s)

2019-11-26 12:12:32 - [TEST_STEP][PASSED] - waitForPageLoad(60): Wait for page load successfully

2019-11-26 12:12:32 - [MESSAGE][PASSED] - Wait for page load successfully

2019-11-26 12:12:32 - [TEST_STEP][PASSED] - scrollToPosition(500, 500): Browser is scrolled to position x = 500, y = 500

2019-11-26 12:12:32 - [MESSAGE][PASSED] - Browser is scrolled to position x = 500, y = 500

2019-11-26 12:12:32 - [TEST_STEP][PASSED] - waitForElementVisible(findTestObject("Object Repository/Page_Members Area/apply_Filter"), 60): Object 'Object Repository/Page_Members Area/apply_Filter' is visible

2019-11-26 12:12:33 - [MESSAGE][PASSED] - Object 'Object Repository/Page_Members Area/apply_Filter' is visible

2019-11-26 12:12:33 - [TEST_STEP][PASSED] - waitForPageLoad(25): Wait for page load successfully

2019-11-26 12:12:33 - [MESSAGE][PASSED] - Wait for page load successfully

2019-11-26 12:12:33 - [TEST_STEP][PASSED] - "---------------------------------": null

2019-11-26 12:12:33 - [TEST_STEP][PASSED] - "THIS TAB - Published Feedback    ": null

2019-11-26 12:12:33 - [TEST_STEP][PASSED] - verifyTextPresent(findTestData("Members_Test_Data").getValue("returned_Search_Head", row), false): Text 'loft extension' is present on page 

2019-11-26 12:12:34 - [MESSAGE][PASSED] - Text 'loft extension' is present on page 

2019-11-26 12:12:34 - [TEST_STEP][PASSED] - verifyTextPresent(findTestData("Members_Test_Data").getValue("returned_Search_Comment", row), false): Text 'I would recommend this company and' is present on page 

2019-11-26 12:12:35 - [MESSAGE][PASSED] - Text 'I would recommend this company and' is present on page 

2019-11-26 12:12:35 - [TEST_STEP][PASSED] - verifyTextPresent(findTestData("Members_Test_Data").getValue("returned_Work_Done_Date", row), false): Text 'Work done: Oct 2018' is present on page 

2019-11-26 12:12:35 - [MESSAGE][PASSED] - Text 'Work done: Oct 2018' is present on page 

2019-11-26 12:12:35 - [TEST_STEP][PASSED] - verifyTextPresent(findTestData("Members_Test_Data").getValue("returned_Feedback_Status", row), false): Text 'Feedback Published' is present on page 

2019-11-26 12:12:36 - [MESSAGE][PASSED] - Text 'Feedback Published' is present on page 

2019-11-26 12:12:36 - [MESSAGE][INFO] - =================== Smart XPath Report =======================

2019-11-26 12:12:36 - [MESSAGE][INFO] - Refer to the link below to preview and approve auto healing on broken test objects.

2019-11-26 12:12:36 - [MESSAGE][INFO] - https://docs.katalon.com/katalon-studio/docs/auto-healing-smart-xpath.html

2019-11-26 12:12:36 - [MESSAGE][INFO] - ===============================================================

2019-11-26 12:12:36 - [MESSAGE][PASSED] - Call Test Case 'Test Cases/Reusable_Test_Sequences/Members_Area/Area_Menu/Your_Customers/Feedback/Published_Feedback_Search' successfully

2019-11-26 12:12:36 - [TEST_STEP][PASSED] - callTestCase(findTestCase("Reusable_Test_Sequences/Members_Area/Area_Menu/Your_Customers/Feedback/Remind_Customer"), [:], CONTINUE_ON_FAILURE): Call Test Case 'Test Cases/Reusable_Test_Sequences/Members_Area/Area_Menu/Your_Customers/Feedback/Remind_Customer' successfully

2019-11-26 12:12:36 - [TEST_CASE][PASSED] - Test Cases/Reusable_Test_Sequences/Members_Area/Area_Menu/Your_Customers/Feedback/Remind_Customer: Test Cases/Reusable_Test_Sequences/Members_Area/Area_Menu/Your_Customers/Feedback/Remind_Customer

2019-11-26 12:12:36 - [TEST_STEP][PASSED] - waitForPageLoad(25): Wait for page load successfully

2019-11-26 12:12:36 - [MESSAGE][PASSED] - Wait for page load successfully

2019-11-26 12:12:36 - [TEST_STEP][PASSED] - waitForElementPresent(findTestObject("Object Repository/Page_Members Area/a_Remind customer"), 5): Object 'Object Repository/Page_Members Area/a_Remind customer' is present

2019-11-26 12:12:36 - [MESSAGE][PASSED] - Object 'Object Repository/Page_Members Area/a_Remind customer' is present

2019-11-26 12:12:36 - [TEST_STEP][PASSED] - click(findTestObject("Object Repository/Page_Members Area/a_Remind customer")): Object: 'Object Repository/Page_Members Area/a_Remind customer' is clicked on

2019-11-26 12:12:36 - [MESSAGE][PASSED] - Object: 'Object Repository/Page_Members Area/a_Remind customer' is clicked on

2019-11-26 12:12:36 - [MESSAGE][INFO] - =================== Smart XPath Report =======================

2019-11-26 12:12:36 - [MESSAGE][INFO] - Refer to the link below to preview and approve auto healing on broken test objects.

2019-11-26 12:12:36 - [MESSAGE][INFO] - https://docs.katalon.com/katalon-studio/docs/auto-healing-smart-xpath.html

2019-11-26 12:12:36 - [MESSAGE][INFO] - ===============================================================

2019-11-26 12:12:36 - [MESSAGE][PASSED] - Call Test Case 'Test Cases/Reusable_Test_Sequences/Members_Area/Area_Menu/Your_Customers/Feedback/Remind_Customer' successfully

2019-11-26 12:12:36 - [TEST_STEP][PASSED] - callTestCase(findTestCase("Reusable_Test_Sequences/Members_Area/Validation/Remind_Customers"), [:], CONTINUE_ON_FAILURE): Call Test Case 'Test Cases/Reusable_Test_Sequences/Members_Area/Validation/Remind_Customers' successfully

2019-11-26 12:12:36 - [TEST_CASE][PASSED] - Test Cases/Reusable_Test_Sequences/Members_Area/Validation/Remind_Customers: Test Cases/Reusable_Test_Sequences/Members_Area/Validation/Remind_Customers

2019-11-26 12:12:37 - [TEST_STEP][PASSED] - waitForElementPresent(findTestObject("Object Repository/Page_Members Area/input_concat(Customer  s name)_customerName"), 60): Object 'Object Repository/Page_Members Area/input_concat(Customer  s name)_customerName' is present

2019-11-26 12:12:37 - [MESSAGE][PASSED] - Object 'Object Repository/Page_Members Area/input_concat(Customer  s name)_customerName' is present

2019-11-26 12:12:37 - [TEST_STEP][PASSED] - "---------------------------------": null

2019-11-26 12:12:37 - [TEST_STEP][PASSED] - "DEFAULT TAB - Remind Customers   ": null

2019-11-26 12:12:37 - [TEST_STEP][PASSED] - verifyTextPresent(findTestData("Members_Test_Data").getValue("MEMBER_ID", 1), false): Text '218630' is present on page 

2019-11-26 12:12:37 - [MESSAGE][PASSED] - Text '218630' is present on page 

2019-11-26 12:12:37 - [TEST_STEP][PASSED] - verifyTextPresent("MEMBER ID", false): Text 'MEMBER ID' is present on page 

2019-11-26 12:12:37 - [MESSAGE][PASSED] - Text 'MEMBER ID' is present on page 

2019-11-26 12:12:37 - [TEST_STEP][PASSED] - verifyTextPresent("Remind your customers", false): Text 'Remind your customers' is present on page 

2019-11-26 12:12:37 - [MESSAGE][PASSED] - Text 'Remind your customers' is present on page 

2019-11-26 12:12:37 - [TEST_STEP][PASSED] - verifyTextPresent("CUSTOMER NAME IS REQUIRED", false): Text 'CUSTOMER NAME IS REQUIRED' is present on page 

2019-11-26 12:12:37 - [MESSAGE][PASSED] - Text 'CUSTOMER NAME IS REQUIRED' is present on page 

2019-11-26 12:12:37 - [TEST_STEP][PASSED] - verifyTextPresent("Description of work", false): Text 'Description of work' is present on page 

2019-11-26 12:12:38 - [MESSAGE][PASSED] - Text 'Description of work' is present on page 

2019-11-26 12:12:38 - [TEST_STEP][PASSED] - verifyTextPresent("Customer's email", false): Text 'Customer's email' is present on page 

2019-11-26 12:12:38 - [MESSAGE][PASSED] - Text 'Customer's email' is present on page 

2019-11-26 12:12:38 - [TEST_STEP][PASSED] - verifyTextPresent("Submit", false): Text 'Submit' is present on page 

2019-11-26 12:12:38 - [MESSAGE][PASSED] - Text 'Submit' is present on page 

2019-11-26 12:12:38 - [TEST_STEP][PASSED] - verifyTextPresent("Mobile number (for SMS reminder)", false): Text 'Mobile number (for SMS reminder)' is present on page 

2019-11-26 12:12:38 - [MESSAGE][PASSED] - Text 'Mobile number (for SMS reminder)' is present on page 

2019-11-26 12:12:38 - [TEST_STEP][PASSED] - scrollToElement(findTestObject("Object Repository/Page_Members Area/a_Dashboard"), 10): Scroll to object 'Object Repository/Page_Members Area/a_Dashboard' successfully

2019-11-26 12:12:38 - [MESSAGE][PASSED] - Scroll to object 'Object Repository/Page_Members Area/a_Dashboard' successfully

2019-11-26 12:12:38 - [MESSAGE][INFO] - =================== Smart XPath Report =======================

2019-11-26 12:12:38 - [MESSAGE][INFO] - Refer to the link below to preview and approve auto healing on broken test objects.

2019-11-26 12:12:38 - [MESSAGE][INFO] - https://docs.katalon.com/katalon-studio/docs/auto-healing-smart-xpath.html

2019-11-26 12:12:38 - [MESSAGE][INFO] - ===============================================================

2019-11-26 12:12:38 - [MESSAGE][PASSED] - Call Test Case 'Test Cases/Reusable_Test_Sequences/Members_Area/Validation/Remind_Customers' successfully

2019-11-26 12:12:38 - [TEST_STEP][PASSED] - callTestCase(findTestCase("Reusable_Test_Sequences/Members_Area/Area_Menu/Your_Customers/Feedback/Awareness"), [:], CONTINUE_ON_FAILURE): Call Test Case 'Test Cases/Reusable_Test_Sequences/Members_Area/Area_Menu/Your_Customers/Feedback/Awareness' successfully

2019-11-26 12:12:38 - [TEST_CASE][PASSED] - Test Cases/Reusable_Test_Sequences/Members_Area/Area_Menu/Your_Customers/Feedback/Awareness: Test Cases/Reusable_Test_Sequences/Members_Area/Area_Menu/Your_Customers/Feedback/Awareness

2019-11-26 12:12:39 - [TEST_STEP][PASSED] - waitForPageLoad(25): Wait for page load successfully

2019-11-26 12:12:39 - [MESSAGE][PASSED] - Wait for page load successfully

2019-11-26 12:12:39 - [TEST_STEP][PASSED] - waitForElementPresent(findTestObject("Object Repository/Page_Members Area/a_Awareness"), 5): Object 'Object Repository/Page_Members Area/a_Awareness' is present

2019-11-26 12:12:39 - [MESSAGE][PASSED] - Object 'Object Repository/Page_Members Area/a_Awareness' is present

2019-11-26 12:12:39 - [TEST_STEP][PASSED] - click(findTestObject("Object Repository/Page_Members Area/a_Awareness")): Object: 'Object Repository/Page_Members Area/a_Awareness' is clicked on

2019-11-26 12:12:39 - [MESSAGE][PASSED] - Object: 'Object Repository/Page_Members Area/a_Awareness' is clicked on

2019-11-26 12:12:39 - [MESSAGE][INFO] - =================== Smart XPath Report =======================

2019-11-26 12:12:39 - [MESSAGE][INFO] - Refer to the link below to preview and approve auto healing on broken test objects.

2019-11-26 12:12:39 - [MESSAGE][INFO] - https://docs.katalon.com/katalon-studio/docs/auto-healing-smart-xpath.html

2019-11-26 12:12:39 - [MESSAGE][INFO] - ===============================================================

2019-11-26 12:12:39 - [MESSAGE][PASSED] - Call Test Case 'Test Cases/Reusable_Test_Sequences/Members_Area/Area_Menu/Your_Customers/Feedback/Awareness' successfully

2019-11-26 12:12:39 - [TEST_STEP][PASSED] - callTestCase(findTestCase("Reusable_Test_Sequences/Members_Area/Validation/Awareness"), [:], CONTINUE_ON_FAILURE): Call Test Case 'Test Cases/Reusable_Test_Sequences/Members_Area/Validation/Awareness' successfully

2019-11-26 12:12:39 - [TEST_CASE][PASSED] - Test Cases/Reusable_Test_Sequences/Members_Area/Validation/Awareness: Test Cases/Reusable_Test_Sequences/Members_Area/Validation/Awareness

2019-11-26 12:12:40 - [TEST_STEP][PASSED] - waitForPageLoad(25): Wait for page load successfully

2019-11-26 12:12:40 - [MESSAGE][PASSED] - Wait for page load successfully

2019-11-26 12:12:40 - [TEST_STEP][PASSED] - waitForElementPresent(findTestObject("Object Repository/Page_Members Area/h2_Customer Feedback Awareness"), 60): Object 'Object Repository/Page_Members Area/h2_Customer Feedback Awareness' is present

2019-11-26 12:12:40 - [MESSAGE][PASSED] - Object 'Object Repository/Page_Members Area/h2_Customer Feedback Awareness' is present

2019-11-26 12:12:40 - [TEST_STEP][PASSED] - delay(3): Delayed 3 second(s)

2019-11-26 12:12:43 - [MESSAGE][PASSED] - Delayed 3 second(s)

2019-11-26 12:12:43 - [TEST_STEP][PASSED] - "---------------------------------": null

2019-11-26 12:12:43 - [TEST_STEP][PASSED] - "---------------------------------": null

2019-11-26 12:12:43 - [TEST_STEP][PASSED] - "DEFAULT TAB - Awareness          ": null

2019-11-26 12:12:43 - [TEST_STEP][PASSED] - verifyTextPresent(findTestData("Members_Test_Data").getValue("MEMBER_ID", 1), false): Text '218630' is present on page 

2019-11-26 12:12:43 - [MESSAGE][PASSED] - Text '218630' is present on page 

2019-11-26 12:12:43 - [TEST_STEP][PASSED] - verifyTextPresent("MEMBER ID", false): Text 'MEMBER ID' is present on page 

2019-11-26 12:12:43 - [MESSAGE][PASSED] - Text 'MEMBER ID' is present on page 

2019-11-26 12:12:43 - [TEST_STEP][PASSED] - verifyTextPresent("Feedback Statistics", false): Text 'Feedback Statistics' is present on page 

2019-11-26 12:12:43 - [MESSAGE][PASSED] - Text 'Feedback Statistics' is present on page 

2019-11-26 12:12:43 - [TEST_STEP][PASSED] - verifyTextPresent("The average awareness level across all Checkatrade members is", false): Text 'The average awareness level across all Checkatrade members is' is present on page 

2019-11-26 12:12:44 - [MESSAGE][PASSED] - Text 'The average awareness level across all Checkatrade members is' is present on page 

2019-11-26 12:12:44 - [TEST_STEP][PASSED] - verifyTextPresent("The speedometer is not shown to consumers, however should it go below 40% it could affect your membership with Checkatrade.", false): Text 'The speedometer is not shown to consumers, however should it go below 40% it could affect your membership with Checkatrade.' is present on page 

2019-11-26 12:12:44 - [MESSAGE][PASSED] - Text 'The speedometer is not shown to consumers, however should it go below 40% it could affect your membership with Checkatrade.' is present on page 

2019-11-26 12:12:44 - [TEST_STEP][PASSED] - verifyTextPresent("feedback received in past 30 days", false): Text 'feedback received in past 30 days' is present on page 

2019-11-26 12:12:44 - [MESSAGE][PASSED] - Text 'feedback received in past 30 days' is present on page 

2019-11-26 12:12:44 - [TEST_STEP][PASSED] - verifyTextPresent("feedback in total", false): Text 'feedback in total' is present on page 

2019-11-26 12:12:44 - [MESSAGE][PASSED] - Text 'feedback in total' is present on page 

2019-11-26 12:12:44 - [TEST_STEP][PASSED] - verifyTextPresent("of customers were charged what you quoted", false): Text 'of customers were charged what you quoted' is present on page 

2019-11-26 12:12:44 - [MESSAGE][PASSED] - Text 'of customers were charged what you quoted' is present on page 

2019-11-26 12:12:44 - [TEST_STEP][PASSED] - verifyTextPresent("of customers were charged more but kept informed", false): Text 'of customers were charged more but kept informed' is present on page 

2019-11-26 12:12:45 - [MESSAGE][PASSED] - Text 'of customers were charged more but kept informed' is present on page 

2019-11-26 12:12:45 - [TEST_STEP][PASSED] - verifyTextPresent("of customers were charged more and were not kept informed", false): Text 'of customers were charged more and were not kept informed' is present on page 

2019-11-26 12:12:45 - [MESSAGE][PASSED] - Text 'of customers were charged more and were not kept informed' is present on page 

2019-11-26 12:12:45 - [MESSAGE][INFO] - =================== Smart XPath Report =======================

2019-11-26 12:12:45 - [MESSAGE][INFO] - Refer to the link below to preview and approve auto healing on broken test objects.

2019-11-26 12:12:45 - [MESSAGE][INFO] - https://docs.katalon.com/katalon-studio/docs/auto-healing-smart-xpath.html

2019-11-26 12:12:45 - [MESSAGE][INFO] - ===============================================================

2019-11-26 12:12:45 - [MESSAGE][PASSED] - Call Test Case 'Test Cases/Reusable_Test_Sequences/Members_Area/Validation/Awareness' successfully

2019-11-26 12:12:45 - [TEST_STEP][PASSED] - callTestCase(findTestCase("Reusable_Test_Sequences/Members_Area/Area_Menu/Your_Customers/Feedback/Remind_Customer"), [:], CONTINUE_ON_FAILURE): Call Test Case 'Test Cases/Reusable_Test_Sequences/Members_Area/Area_Menu/Your_Customers/Feedback/Remind_Customer' successfully

2019-11-26 12:12:45 - [TEST_CASE][PASSED] - Test Cases/Reusable_Test_Sequences/Members_Area/Area_Menu/Your_Customers/Feedback/Remind_Customer: Test Cases/Reusable_Test_Sequences/Members_Area/Area_Menu/Your_Customers/Feedback/Remind_Customer

2019-11-26 12:12:45 - [TEST_STEP][PASSED] - waitForPageLoad(25): Wait for page load successfully

2019-11-26 12:12:45 - [MESSAGE][PASSED] - Wait for page load successfully

2019-11-26 12:12:45 - [TEST_STEP][PASSED] - waitForElementPresent(findTestObject("Object Repository/Page_Members Area/a_Remind customer"), 5): Object 'Object Repository/Page_Members Area/a_Remind customer' is present

2019-11-26 12:12:45 - [MESSAGE][PASSED] - Object 'Object Repository/Page_Members Area/a_Remind customer' is present

2019-11-26 12:12:45 - [TEST_STEP][PASSED] - click(findTestObject("Object Repository/Page_Members Area/a_Remind customer")): Object: 'Object Repository/Page_Members Area/a_Remind customer' is clicked on

2019-11-26 12:12:45 - [MESSAGE][PASSED] - Object: 'Object Repository/Page_Members Area/a_Remind customer' is clicked on

2019-11-26 12:12:45 - [MESSAGE][INFO] - =================== Smart XPath Report =======================

2019-11-26 12:12:45 - [MESSAGE][INFO] - Refer to the link below to preview and approve auto healing on broken test objects.

2019-11-26 12:12:45 - [MESSAGE][INFO] - https://docs.katalon.com/katalon-studio/docs/auto-healing-smart-xpath.html

2019-11-26 12:12:45 - [MESSAGE][INFO] - ===============================================================

2019-11-26 12:12:45 - [MESSAGE][PASSED] - Call Test Case 'Test Cases/Reusable_Test_Sequences/Members_Area/Area_Menu/Your_Customers/Feedback/Remind_Customer' successfully

2019-11-26 12:12:45 - [TEST_STEP][PASSED] - callTestCase(findTestCase("Reusable_Test_Sequences/Members_Area/Area_Menu/Your_Customers/Feedback/Remind_Customer_Sent"), [:], CONTINUE_ON_FAILURE): Call Test Case 'Test Cases/Reusable_Test_Sequences/Members_Area/Area_Menu/Your_Customers/Feedback/Remind_Customer_Sent' successfully

2019-11-26 12:12:45 - [TEST_CASE][PASSED] - Test Cases/Reusable_Test_Sequences/Members_Area/Area_Menu/Your_Customers/Feedback/Remind_Customer_Sent: Test Cases/Reusable_Test_Sequences/Members_Area/Area_Menu/Your_Customers/Feedback/Remind_Customer_Sent

2019-11-26 12:12:46 - [TEST_STEP][PASSED] - waitForPageLoad(60): Wait for page load successfully

2019-11-26 12:12:46 - [MESSAGE][PASSED] - Wait for page load successfully

2019-11-26 12:12:46 - [TEST_STEP][PASSED] - waitForElementPresent(findTestObject("Object Repository/Page_Members Area/remind_Name"), 60): Object 'Object Repository/Page_Members Area/remind_Name' is present

2019-11-26 12:12:46 - [MESSAGE][PASSED] - Object 'Object Repository/Page_Members Area/remind_Name' is present

2019-11-26 12:12:46 - [TEST_STEP][PASSED] - click(findTestObject("Object Repository/Page_Members Area/remind_Name")): Object: 'Object Repository/Page_Members Area/remind_Name' is clicked on

2019-11-26 12:12:46 - [MESSAGE][PASSED] - Object: 'Object Repository/Page_Members Area/remind_Name' is clicked on

2019-11-26 12:12:46 - [TEST_STEP][PASSED] - setText(findTestObject("Object Repository/Page_Members Area/remind_Name"), findTestData("Members_Test_Data").getValue("customer_Surname", row)): Text 'Feedback' is set on object 'Object Repository/Page_Members Area/remind_Name'

2019-11-26 12:12:47 - [MESSAGE][PASSED] - Text 'Feedback' is set on object 'Object Repository/Page_Members Area/remind_Name'

2019-11-26 12:12:47 - [TEST_STEP][PASSED] - click(findTestObject("Object Repository/Page_Members Area/remind_Work_Description")): Object: 'Object Repository/Page_Members Area/remind_Work_Description' is clicked on

2019-11-26 12:12:47 - [MESSAGE][PASSED] - Object: 'Object Repository/Page_Members Area/remind_Work_Description' is clicked on

2019-11-26 12:12:47 - [TEST_STEP][PASSED] - setText(findTestObject("Object Repository/Page_Members Area/remind_Work_Description"), findTestData("Members_Test_Data").getValue("returned_Search_Head", row)): Text 'loft extension' is set on object 'Object Repository/Page_Members Area/remind_Work_Description'

2019-11-26 12:12:47 - [MESSAGE][PASSED] - Text 'loft extension' is set on object 'Object Repository/Page_Members Area/remind_Work_Description'

2019-11-26 12:12:47 - [TEST_STEP][PASSED] - click(findTestObject("Object Repository/Page_Members Area/remind_Email")): Object: 'Object Repository/Page_Members Area/remind_Email' is clicked on

2019-11-26 12:12:47 - [MESSAGE][PASSED] - Object: 'Object Repository/Page_Members Area/remind_Email' is clicked on

2019-11-26 12:12:47 - [TEST_STEP][PASSED] - setText(findTestObject("Object Repository/Page_Members Area/remind_Email"), findTestData("Members_Test_Data").getValue("customer_Email", row)): Text 'feedback@panic.com' is set on object 'Object Repository/Page_Members Area/remind_Email'

2019-11-26 12:12:48 - [MESSAGE][PASSED] - Text 'feedback@panic.com' is set on object 'Object Repository/Page_Members Area/remind_Email'

2019-11-26 12:12:48 - [TEST_STEP][PASSED] - click(findTestObject("Object Repository/Page_Members Area/remind_Phone")): Object: 'Object Repository/Page_Members Area/remind_Phone' is clicked on

2019-11-26 12:12:48 - [MESSAGE][PASSED] - Object: 'Object Repository/Page_Members Area/remind_Phone' is clicked on

2019-11-26 12:12:48 - [TEST_STEP][PASSED] - setText(findTestObject("Object Repository/Page_Members Area/remind_Phone"), findTestData("Members_Test_Data").getValue("Customer_Phone", row)): Text '07788123456' is set on object 'Object Repository/Page_Members Area/remind_Phone'

2019-11-26 12:12:48 - [MESSAGE][PASSED] - Text '07788123456' is set on object 'Object Repository/Page_Members Area/remind_Phone'

2019-11-26 12:12:48 - [TEST_STEP][PASSED] - scrollToPosition(250, 250): Browser is scrolled to position x = 250, y = 250

2019-11-26 12:12:48 - [MESSAGE][PASSED] - Browser is scrolled to position x = 250, y = 250

2019-11-26 12:12:48 - [TEST_STEP][PASSED] - delay(2): Delayed 2 second(s)

2019-11-26 12:12:50 - [MESSAGE][PASSED] - Delayed 2 second(s)

2019-11-26 12:12:50 - [TEST_STEP][PASSED] - waitForPageLoad(25): Wait for page load successfully

2019-11-26 12:12:50 - [MESSAGE][PASSED] - Wait for page load successfully

2019-11-26 12:12:50 - [TEST_STEP][PASSED] - waitForElementPresent(findTestObject("Object Repository/Page_Members Area/remind_Submit_Button"), 60): Object 'Object Repository/Page_Members Area/remind_Submit_Button' is present

2019-11-26 12:12:50 - [MESSAGE][PASSED] - Object 'Object Repository/Page_Members Area/remind_Submit_Button' is present

2019-11-26 12:12:50 - [TEST_STEP][PASSED] - click(findTestObject("Object Repository/Page_Members Area/remind_Submit_Button")): Object: 'Object Repository/Page_Members Area/remind_Submit_Button' is clicked on

2019-11-26 12:12:51 - [MESSAGE][PASSED] - Object: 'Object Repository/Page_Members Area/remind_Submit_Button' is clicked on

2019-11-26 12:12:51 - [TEST_STEP][PASSED] - delay(4): Delayed 4 second(s)

2019-11-26 12:12:55 - [MESSAGE][PASSED] - Delayed 4 second(s)

2019-11-26 12:12:55 - [TEST_STEP][PASSED] - waitForPageLoad(60): Wait for page load successfully

2019-11-26 12:12:55 - [MESSAGE][PASSED] - Wait for page load successfully

2019-11-26 12:12:55 - [TEST_STEP][PASSED] - verifyTextPresent("Thank you", false): Text 'Thank you' is present on page 

2019-11-26 12:12:56 - [MESSAGE][PASSED] - Text 'Thank you' is present on page 

2019-11-26 12:12:56 - [TEST_STEP][PASSED] - verifyTextPresent("Your data has been submitted", false): Text 'Your data has been submitted' is present on page 

2019-11-26 12:12:56 - [MESSAGE][PASSED] - Text 'Your data has been submitted' is present on page 

2019-11-26 12:12:56 - [TEST_STEP][PASSED] - delay(1): Delayed 1 second(s)

2019-11-26 12:12:57 - [MESSAGE][PASSED] - Delayed 1 second(s)

2019-11-26 12:12:57 - [TEST_STEP][PASSED] - waitForPageLoad(5): Wait for page load successfully

2019-11-26 12:12:57 - [MESSAGE][PASSED] - Wait for page load successfully

2019-11-26 12:12:57 - [MESSAGE][INFO] - =================== Smart XPath Report =======================

2019-11-26 12:12:57 - [MESSAGE][INFO] - Refer to the link below to preview and approve auto healing on broken test objects.

2019-11-26 12:12:57 - [MESSAGE][INFO] - https://docs.katalon.com/katalon-studio/docs/auto-healing-smart-xpath.html

2019-11-26 12:12:57 - [MESSAGE][INFO] - ===============================================================

2019-11-26 12:12:57 - [MESSAGE][PASSED] - Call Test Case 'Test Cases/Reusable_Test_Sequences/Members_Area/Area_Menu/Your_Customers/Feedback/Remind_Customer_Sent' successfully

2019-11-26 12:12:57 - [TEST_STEP][PASSED] - callTestCase(findTestCase("Reusable_Test_Sequences/Members_Area/Banner_Menu/log_Off"), [:], OPTIONAL): Call Test Case 'Test Cases/Reusable_Test_Sequences/Members_Area/Banner_Menu/log_Off' successfully

2019-11-26 12:12:57 - [TEST_CASE][PASSED] - Test Cases/Reusable_Test_Sequences/Members_Area/Banner_Menu/log_Off: Test Cases/Reusable_Test_Sequences/Members_Area/Banner_Menu/log_Off

2019-11-26 12:12:58 - [TEST_STEP][PASSED] - waitForElementClickable(findTestObject("Object Repository/Page_Members Area/a_Log off"), 60): Object 'Object Repository/Page_Members Area/a_Log off' is clickable

2019-11-26 12:12:58 - [MESSAGE][PASSED] - Object 'Object Repository/Page_Members Area/a_Log off' is clickable

2019-11-26 12:12:58 - [TEST_STEP][PASSED] - scrollToElement(findTestObject("Object Repository/Page_Members Area/a_Log off"), 2): Scroll to object 'Object Repository/Page_Members Area/a_Log off' successfully

2019-11-26 12:12:58 - [MESSAGE][PASSED] - Scroll to object 'Object Repository/Page_Members Area/a_Log off' successfully

2019-11-26 12:12:58 - [TEST_STEP][PASSED] - click(findTestObject("Object Repository/Page_Members Area/a_Log off")): Object: 'Object Repository/Page_Members Area/a_Log off' is clicked on

2019-11-26 12:12:58 - [MESSAGE][PASSED] - Object: 'Object Repository/Page_Members Area/a_Log off' is clicked on

2019-11-26 12:12:58 - [MESSAGE][INFO] - =================== Smart XPath Report =======================

2019-11-26 12:12:58 - [MESSAGE][INFO] - Refer to the link below to preview and approve auto healing on broken test objects.

2019-11-26 12:12:58 - [MESSAGE][INFO] - https://docs.katalon.com/katalon-studio/docs/auto-healing-smart-xpath.html

2019-11-26 12:12:58 - [MESSAGE][INFO] - ===============================================================

2019-11-26 12:12:58 - [MESSAGE][PASSED] - Call Test Case 'Test Cases/Reusable_Test_Sequences/Members_Area/Banner_Menu/log_Off' successfully]]></system-out>
         <system-err><![CDATA[]]></system-err>
      </testcase>
      <system-out><![CDATA[2019-11-26 12:11:25 - [TEST_SUITE][PASSED] - Members_My_Feedback: Test Cases/Members_Area/My_Feedback]]></system-out>
      <system-err><![CDATA[]]></system-err>
   </testsuite>
</testsuites>
