<?xml version="1.0" encoding="UTF-8"?>
<testsuites name="Web_Office_Reports" time="1308.715" tests="26" failures="0" errors="0">
   <testsuite name="Web_Office_Reports" tests="26" failures="0" errors="0" time="1308.715" timestamp="2020-04-24 08:15:34" hostname="DavidHo - 192.168.1.238" id="Test Suites/Web_Office_Reports">
      <properties>
         <property name="deviceName" value=""/>
         <property name="devicePlatform" value=""/>
         <property name="logFolder" value="C:\\Users\\davidho\\git\\src\\Reports\\20200424_080005\\Web_Office_Reports\\20200424_080012"/>
         <property name="logFiles" value="C:\\Users\\davidho\\git\\src\\Reports\\20200424_080005\\Web_Office_Reports\\20200424_080012\\execution0.log"/>
         <property name="attachments" value=""/>
         <property name="hostName" value="DavidHo - 192.168.1.238"/>
         <property name="os" value="Windows 10 32bit"/>
         <property name="katalonVersion" value="7.4.0.1"/>
         <property name="browser" value="Chrome 81.0.4044.122"/>
         <property name="hostAddress" value="192.168.1.238"/>
         <property name="sessionId" value="4dddfb1648a8751f49362469deea0474"/>
         <property name="seleniumVersion" value="3.141.59"/>
         <property name="proxyInformation" value="ProxyInformation{proxyOption=NO_PROXY, proxyServerType=HTTP, password=, proxyServerAddress=, proxyServerPort=0, executionList=}"/>
         <property name="platform" value="Windows 10"/>
      </properties>
      <testcase name="Test Cases/Web_Office/Reports/Web_Activity" time="95.522" classname="Test Cases/Web_Office/Reports/Web_Activity" status="PASSED">
         <system-out><![CDATA[2020-04-24 08:15:35 - [TEST_CASE][PASSED] - Test Cases/Web_Office/Reports/Web_Activity: Test Cases/Web_Office/Reports/Web_Activity

2020-04-24 08:15:35 - [TEST_STEP][PASSED] - "--------------------------------------": null

2020-04-24 08:15:35 - [TEST_STEP][PASSED] - " Web Office StartUp                  |": null

2020-04-24 08:15:35 - [TEST_STEP][PASSED] - callTestCase(findTestCase("Reusable_Test_Sequences/Web_Office/Directives/WebOffice_StartUp"), [:], STOP_ON_FAILURE): Call Test Case 'Test Cases/Reusable_Test_Sequences/Web_Office/Directives/WebOffice_StartUp' successfully

2020-04-24 08:15:36 - [TEST_CASE][PASSED] - Test Cases/Reusable_Test_Sequences/Web_Office/Directives/WebOffice_StartUp: Test Cases/Reusable_Test_Sequences/Web_Office/Directives/WebOffice_StartUp

2020-04-24 08:15:37 - [TEST_STEP][PASSED] - "-----------------------------------------------------------------------------": null

2020-04-24 08:15:37 - [TEST_STEP][PASSED] - if (URL == "https://www.dev.checkatrade.com/"): null

2020-04-24 08:15:38 - [TEST_STEP][PASSED] - "-----------------------------------------------------------------------------": null

2020-04-24 08:15:38 - [TEST_STEP][PASSED] - if (URL == "https://www.checkatrade.com/"): null

2020-04-24 08:15:38 - [TEST_STEP][PASSED] - "-----------------------------------------------------------------------------": null

2020-04-24 08:15:38 - [TEST_STEP][PASSED] - if (URL == "https://www.preview.checkatrade.com/"): null

2020-04-24 08:15:38 - [TEST_STEP][PASSED] - WebOfficeURL = "https://admin.preview.checkatrade.com/": null

2020-04-24 08:15:38 - [TEST_STEP][PASSED] - if (URL == "https://www.dev2.checkatrade.com/"): null

2020-04-24 08:15:38 - [TEST_STEP][PASSED] - "Set Function Area for "URL_Handler", URL Resolution": null

2020-04-24 08:15:38 - [TEST_STEP][PASSED] - "Do Some Magic with URL(s) See the comments within URL Handler ": null

2020-04-24 08:15:38 - [TEST_STEP][PASSED] - "------------------------------------------------": null

2020-04-24 08:15:38 - [TEST_STEP][PASSED] - "Moved Login Credentials to <Default> profile 22/01/2020": null

2020-04-24 08:15:38 - [TEST_STEP][PASSED] - "------------------------------------------------": null

2020-04-24 08:15:38 - [TEST_STEP][PASSED] - "WebOfficeURL - Set from the ENVIRONMENT PROFILE ": null

2020-04-24 08:15:38 - [TEST_STEP][PASSED] - "OPEN BROWSER": null

2020-04-24 08:15:38 - [TEST_STEP][PASSED] - "eg - https://admin.preview.checkatrade.com/  ": null

2020-04-24 08:15:38 - [TEST_STEP][PASSED] - openBrowser(WebOfficeURL): Browser is opened with url: 'https://admin.preview.checkatrade.com/'

2020-04-24 08:15:40 - [MESSAGE][INFO] - Starting 'Chrome' driver

2020-04-24 08:15:40 - [MESSAGE][INFO] - Action delay is set to 0 milliseconds

2020-04-24 08:15:54 - [MESSAGE][PASSED] - Browser is opened with url: 'https://admin.preview.checkatrade.com/'

2020-04-24 08:15:54 - [TEST_STEP][PASSED] - maximizeWindow(): Current window maximized

2020-04-24 08:15:57 - [MESSAGE][PASSED] - Current window maximized

2020-04-24 08:15:57 - [TEST_STEP][PASSED] - waitForElementClickable(findTestObject("Object Repository/WebOffice/Page_Checkatrade - Administration - Login/Login_Button"), 25): Object 'Object Repository/WebOffice/Page_Checkatrade - Administration - Login/Login_Button' is clickable

2020-04-24 08:15:58 - [MESSAGE][PASSED] - Object 'Object Repository/WebOffice/Page_Checkatrade - Administration - Login/Login_Button' is clickable

2020-04-24 08:15:58 - [TEST_STEP][PASSED] - verifyTextPresent("Checkatrade Web Office", false): Text 'Checkatrade Web Office' is present on page 

2020-04-24 08:15:58 - [MESSAGE][PASSED] - Text 'Checkatrade Web Office' is present on page 

2020-04-24 08:15:58 - [TEST_STEP][PASSED] - verifyTextPresent("Access for staff use only", false): Text 'Access for staff use only' is present on page 

2020-04-24 08:15:58 - [MESSAGE][PASSED] - Text 'Access for staff use only' is present on page 

2020-04-24 08:15:58 - [TEST_STEP][PASSED] - verifyTextPresent("Forgotten password?", false): Text 'Forgotten password?' is present on page 

2020-04-24 08:15:58 - [MESSAGE][PASSED] - Text 'Forgotten password?' is present on page 

2020-04-24 08:15:58 - [TEST_STEP][PASSED] - setText(findTestObject("Object Repository/WebOffice/Page_Checkatrade - Administration - Login/input_Username_LoginControlUserName"), wo_Username): Text 'DavidHo' is set on object 'Object Repository/WebOffice/Page_Checkatrade - Administration - Login/input_Username_LoginControlUserName'

2020-04-24 08:15:59 - [MESSAGE][PASSED] - Text 'DavidHo' is set on object 'Object Repository/WebOffice/Page_Checkatrade - Administration - Login/input_Username_LoginControlUserName'

2020-04-24 08:15:59 - [TEST_STEP][PASSED] - setText(findTestObject("Object Repository/WebOffice/Page_Checkatrade - Administration - Login/input_Password_LoginControlPassword"), wo_Password): Text 'Check123' is set on object 'Object Repository/WebOffice/Page_Checkatrade - Administration - Login/input_Password_LoginControlPassword'

2020-04-24 08:15:59 - [MESSAGE][PASSED] - Text 'Check123' is set on object 'Object Repository/WebOffice/Page_Checkatrade - Administration - Login/input_Password_LoginControlPassword'

2020-04-24 08:15:59 - [TEST_STEP][PASSED] - click(findTestObject("Object Repository/WebOffice/Page_Checkatrade - Administration - Login/Login_Button")): Object: 'Object Repository/WebOffice/Page_Checkatrade - Administration - Login/Login_Button' is clicked on

2020-04-24 08:16:02 - [MESSAGE][PASSED] - Object: 'Object Repository/WebOffice/Page_Checkatrade - Administration - Login/Login_Button' is clicked on

2020-04-24 08:16:02 - [TEST_STEP][PASSED] - waitForPageLoad(60): Wait for page load successfully

2020-04-24 08:16:02 - [MESSAGE][PASSED] - Wait for page load successfully

2020-04-24 08:16:02 - [TEST_STEP][PASSED] - verifyTextPresent("Welcome " + wo_Username, false): Text 'Welcome DavidHo' is present on page 

2020-04-24 08:16:03 - [MESSAGE][PASSED] - Text 'Welcome DavidHo' is present on page 

2020-04-24 08:16:03 - [MESSAGE][PASSED] - Call Test Case 'Test Cases/Reusable_Test_Sequences/Web_Office/Directives/WebOffice_StartUp' successfully

2020-04-24 08:16:03 - [TEST_STEP][PASSED] - "-----------------------------------------------------------------": null

2020-04-24 08:16:03 - [TEST_STEP][PASSED] - " Navigate to <Settings->Checkatrade.Com->Sub Item> Menu Item     |": null

2020-04-24 08:16:03 - [TEST_STEP][PASSED] - callTestCase(findTestCase("Reusable_Test_Sequences/Web_Office/Navigation/Sub_Menu_Navigation/Reports/Web_Activity"), [:], STOP_ON_FAILURE): Call Test Case 'Test Cases/Reusable_Test_Sequences/Web_Office/Navigation/Sub_Menu_Navigation/Reports/Web_Activity' successfully

2020-04-24 08:16:03 - [TEST_CASE][PASSED] - Test Cases/Reusable_Test_Sequences/Web_Office/Navigation/Sub_Menu_Navigation/Reports/Web_Activity: Test Cases/Reusable_Test_Sequences/Web_Office/Navigation/Sub_Menu_Navigation/Reports/Web_Activity

2020-04-24 08:16:03 - [TEST_STEP][PASSED] - "--------------------------------------": null

2020-04-24 08:16:03 - [TEST_STEP][PASSED] - " Navigate Top level menu Item         |": null

2020-04-24 08:16:03 - [TEST_STEP][PASSED] - waitForPageLoad(60): Wait for page load successfully

2020-04-24 08:16:03 - [MESSAGE][PASSED] - Wait for page load successfully

2020-04-24 08:16:03 - [TEST_STEP][PASSED] - waitForElementClickable(findTestObject("Object Repository/WebOffice_Home_page/a_Reports"), 60): Object 'Object Repository/WebOffice_Home_page/a_Reports' is clickable

2020-04-24 08:16:04 - [MESSAGE][PASSED] - Object 'Object Repository/WebOffice_Home_page/a_Reports' is clickable

2020-04-24 08:16:04 - [TEST_STEP][PASSED] - mouseOver(findTestObject("Object Repository/WebOffice_Home_page/a_Reports")): Object: 'Object Repository/WebOffice_Home_page/a_Reports' is hovered

2020-04-24 08:16:04 - [MESSAGE][PASSED] - Object: 'Object Repository/WebOffice_Home_page/a_Reports' is hovered

2020-04-24 08:16:04 - [TEST_STEP][PASSED] - waitForPageLoad(5): Wait for page load successfully

2020-04-24 08:16:04 - [MESSAGE][PASSED] - Wait for page load successfully

2020-04-24 08:16:04 - [TEST_STEP][PASSED] - waitForElementClickable(findTestObject("Object Repository/WebOffice_Home_page/a_Web Activity"), 5): Object 'Object Repository/WebOffice_Home_page/a_Web Activity' is clickable

2020-04-24 08:16:05 - [MESSAGE][PASSED] - Object 'Object Repository/WebOffice_Home_page/a_Web Activity' is clickable

2020-04-24 08:16:05 - [TEST_STEP][PASSED] - click(findTestObject("Object Repository/WebOffice_Home_page/a_Web Activity")): Object: 'Object Repository/WebOffice_Home_page/a_Web Activity' is clicked on

2020-04-24 08:16:56 - [MESSAGE][PASSED] - Object: 'Object Repository/WebOffice_Home_page/a_Web Activity' is clicked on

2020-04-24 08:16:56 - [MESSAGE][PASSED] - Call Test Case 'Test Cases/Reusable_Test_Sequences/Web_Office/Navigation/Sub_Menu_Navigation/Reports/Web_Activity' successfully

2020-04-24 08:16:56 - [TEST_STEP][PASSED] - "--------------------------------------": null

2020-04-24 08:16:56 - [TEST_STEP][PASSED] - " Verify Returned Page Detail          |": null

2020-04-24 08:16:56 - [TEST_STEP][PASSED] - callTestCase(findTestCase("Reusable_Test_Sequences/Web_Office/Verification/Reports/Web_Activity"), [:], OPTIONAL): Call Test Case 'Test Cases/Reusable_Test_Sequences/Web_Office/Verification/Reports/Web_Activity' successfully

2020-04-24 08:16:56 - [TEST_CASE][PASSED] - Test Cases/Reusable_Test_Sequences/Web_Office/Verification/Reports/Web_Activity: Test Cases/Reusable_Test_Sequences/Web_Office/Verification/Reports/Web_Activity

2020-04-24 08:16:57 - [TEST_STEP][PASSED] - waitForPageLoad(120): Wait for page load successfully

2020-04-24 08:16:57 - [MESSAGE][PASSED] - Wait for page load successfully

2020-04-24 08:16:57 - [TEST_STEP][PASSED] - delay(1): Delayed 1 second(s)

2020-04-24 08:16:58 - [MESSAGE][PASSED] - Delayed 1 second(s)

2020-04-24 08:16:58 - [TEST_STEP][PASSED] - verifyTextPresent("Web Activity", false): Text 'Web Activity' is present on page 

2020-04-24 08:16:59 - [MESSAGE][PASSED] - Text 'Web Activity' is present on page 

2020-04-24 08:16:59 - [TEST_STEP][PASSED] - "----------------------------------------------": null

2020-04-24 08:16:59 - [TEST_STEP][PASSED] - verifyTextPresent("Recent Searches", false): Text 'Recent Searches' is present on page 

2020-04-24 08:17:00 - [MESSAGE][PASSED] - Text 'Recent Searches' is present on page 

2020-04-24 08:17:00 - [TEST_STEP][PASSED] - verifyTextPresent("Most Viewed Companies (in past 7 days)", false): Text 'Most Viewed Companies (in past 7 days)' is present on page 

2020-04-24 08:17:00 - [MESSAGE][PASSED] - Text 'Most Viewed Companies (in past 7 days)' is present on page 

2020-04-24 08:17:00 - [TEST_STEP][PASSED] - "----------------------------------------------": null

2020-04-24 08:17:00 - [TEST_STEP][PASSED] - "----------------------------------------------": null

2020-04-24 08:17:00 - [TEST_STEP][PASSED] - verifyTextPresent("Search on", false): Text 'Search on' is present on page 

2020-04-24 08:17:01 - [MESSAGE][PASSED] - Text 'Search on' is present on page 

2020-04-24 08:17:01 - [TEST_STEP][PASSED] - verifyTextPresent("Search for", false): Text 'Search for' is present on page 

2020-04-24 08:17:02 - [MESSAGE][PASSED] - Text 'Search for' is present on page 

2020-04-24 08:17:02 - [TEST_STEP][PASSED] - verifyTextPresent("In", false): Text 'In' is present on page 

2020-04-24 08:17:03 - [MESSAGE][PASSED] - Text 'In' is present on page 

2020-04-24 08:17:03 - [TEST_STEP][PASSED] - verifyTextPresent("No. Results", false): Text 'No. Results' is present on page 

2020-04-24 08:17:04 - [MESSAGE][PASSED] - Text 'No. Results' is present on page 

2020-04-24 08:17:04 - [TEST_STEP][PASSED] - verifyTextPresent("Company", false): Text 'Company' is present on page 

2020-04-24 08:17:04 - [MESSAGE][PASSED] - Text 'Company' is present on page 

2020-04-24 08:17:04 - [TEST_STEP][PASSED] - verifyTextPresent("From Search", false): Text 'From Search' is present on page 

2020-04-24 08:17:05 - [MESSAGE][PASSED] - Text 'From Search' is present on page 

2020-04-24 08:17:05 - [TEST_STEP][PASSED] - verifyTextPresent("Checkatrade", false): Text 'Checkatrade' is present on page 

2020-04-24 08:17:05 - [MESSAGE][PASSED] - Text 'Checkatrade' is present on page 

2020-04-24 08:17:05 - [TEST_STEP][PASSED] - verifyTextPresent("External Link", false): Text 'External Link' is present on page 

2020-04-24 08:17:06 - [MESSAGE][PASSED] - Text 'External Link' is present on page 

2020-04-24 08:17:06 - [TEST_STEP][PASSED] - verifyTextPresent("Other", false): Text 'Other' is present on page 

2020-04-24 08:17:06 - [MESSAGE][PASSED] - Text 'Other' is present on page 

2020-04-24 08:17:06 - [TEST_STEP][PASSED] - verifyTextPresent("Total", false): Text 'Total' is present on page 

2020-04-24 08:17:06 - [MESSAGE][PASSED] - Text 'Total' is present on page 

2020-04-24 08:17:06 - [TEST_STEP][PASSED] - "----------------------------------------------": null

2020-04-24 08:17:06 - [TEST_STEP][PASSED] - verifyTextPresent("Foster Tree Care", false): Text 'Foster Tree Care' is present on page 

2020-04-24 08:17:07 - [MESSAGE][PASSED] - Text 'Foster Tree Care' is present on page 

2020-04-24 08:17:07 - [TEST_STEP][PASSED] - verifyTextPresent("Burton Electrical Services", false): Text 'Burton Electrical Services' is present on page 

2020-04-24 08:17:07 - [MESSAGE][PASSED] - Text 'Burton Electrical Services' is present on page 

2020-04-24 08:17:07 - [MESSAGE][PASSED] - Call Test Case 'Test Cases/Reusable_Test_Sequences/Web_Office/Verification/Reports/Web_Activity' successfully

2020-04-24 08:17:07 - [TEST_STEP][PASSED] - "--------------------------": null

2020-04-24 08:17:07 - [TEST_STEP][PASSED] - " Teardown - CLose Browser |": null

2020-04-24 08:17:07 - [TEST_STEP][PASSED] - callTestCase(findTestCase("Reusable_Test_Sequences/CAT_Teardown"), [:], OPTIONAL): Call Test Case 'Test Cases/Reusable_Test_Sequences/CAT_Teardown' successfully

2020-04-24 08:17:07 - [TEST_CASE][PASSED] - Test Cases/Reusable_Test_Sequences/CAT_Teardown: Test Cases/Reusable_Test_Sequences/CAT_Teardown

2020-04-24 08:17:08 - [TEST_STEP][PASSED] - closeBrowser(): Browser is closed

2020-04-24 08:17:10 - [MESSAGE][PASSED] - Browser is closed

2020-04-24 08:17:10 - [TEST_STEP][PASSED] - super.finalize(): null

2020-04-24 08:17:10 - [TEST_STEP][PASSED] - System.gc(): null

2020-04-24 08:17:10 - [MESSAGE][PASSED] - Call Test Case 'Test Cases/Reusable_Test_Sequences/CAT_Teardown' successfully]]></system-out>
         <system-err><![CDATA[]]></system-err>
      </testcase>
      <testcase name="Test Cases/Web_Office/Reports/Company_Views" time="31.158" classname="Test Cases/Web_Office/Reports/Company_Views" status="PASSED">
         <system-out><![CDATA[2020-04-24 08:17:10 - [TEST_CASE][PASSED] - Test Cases/Web_Office/Reports/Company_Views: Test Cases/Web_Office/Reports/Company_Views

2020-04-24 08:17:11 - [TEST_STEP][PASSED] - "--------------------------------------": null

2020-04-24 08:17:11 - [TEST_STEP][PASSED] - " Web Office StartUp                  |": null

2020-04-24 08:17:11 - [TEST_STEP][PASSED] - callTestCase(findTestCase("Reusable_Test_Sequences/Web_Office/Directives/WebOffice_StartUp"), [:], STOP_ON_FAILURE): Call Test Case 'Test Cases/Reusable_Test_Sequences/Web_Office/Directives/WebOffice_StartUp' successfully

2020-04-24 08:17:11 - [TEST_CASE][PASSED] - Test Cases/Reusable_Test_Sequences/Web_Office/Directives/WebOffice_StartUp: Test Cases/Reusable_Test_Sequences/Web_Office/Directives/WebOffice_StartUp

2020-04-24 08:17:11 - [TEST_STEP][PASSED] - "-----------------------------------------------------------------------------": null

2020-04-24 08:17:11 - [TEST_STEP][PASSED] - if (URL == "https://www.dev.checkatrade.com/"): null

2020-04-24 08:17:11 - [TEST_STEP][PASSED] - "-----------------------------------------------------------------------------": null

2020-04-24 08:17:11 - [TEST_STEP][PASSED] - if (URL == "https://www.checkatrade.com/"): null

2020-04-24 08:17:11 - [TEST_STEP][PASSED] - "-----------------------------------------------------------------------------": null

2020-04-24 08:17:11 - [TEST_STEP][PASSED] - if (URL == "https://www.preview.checkatrade.com/"): null

2020-04-24 08:17:11 - [TEST_STEP][PASSED] - WebOfficeURL = "https://admin.preview.checkatrade.com/": null

2020-04-24 08:17:11 - [TEST_STEP][PASSED] - if (URL == "https://www.dev2.checkatrade.com/"): null

2020-04-24 08:17:11 - [TEST_STEP][PASSED] - "Set Function Area for "URL_Handler", URL Resolution": null

2020-04-24 08:17:11 - [TEST_STEP][PASSED] - "Do Some Magic with URL(s) See the comments within URL Handler ": null

2020-04-24 08:17:11 - [TEST_STEP][PASSED] - "------------------------------------------------": null

2020-04-24 08:17:11 - [TEST_STEP][PASSED] - "Moved Login Credentials to <Default> profile 22/01/2020": null

2020-04-24 08:17:11 - [TEST_STEP][PASSED] - "------------------------------------------------": null

2020-04-24 08:17:11 - [TEST_STEP][PASSED] - "WebOfficeURL - Set from the ENVIRONMENT PROFILE ": null

2020-04-24 08:17:11 - [TEST_STEP][PASSED] - "OPEN BROWSER": null

2020-04-24 08:17:11 - [TEST_STEP][PASSED] - "eg - https://admin.preview.checkatrade.com/  ": null

2020-04-24 08:17:11 - [TEST_STEP][PASSED] - openBrowser(WebOfficeURL): Browser is opened with url: 'https://admin.preview.checkatrade.com/'

2020-04-24 08:17:11 - [MESSAGE][INFO] - Starting 'Chrome' driver

2020-04-24 08:17:11 - [MESSAGE][INFO] - Action delay is set to 0 milliseconds

2020-04-24 08:17:18 - [MESSAGE][PASSED] - Browser is opened with url: 'https://admin.preview.checkatrade.com/'

2020-04-24 08:17:18 - [TEST_STEP][PASSED] - maximizeWindow(): Current window maximized

2020-04-24 08:17:20 - [MESSAGE][PASSED] - Current window maximized

2020-04-24 08:17:20 - [TEST_STEP][PASSED] - waitForElementClickable(findTestObject("Object Repository/WebOffice/Page_Checkatrade - Administration - Login/Login_Button"), 25): Object 'Object Repository/WebOffice/Page_Checkatrade - Administration - Login/Login_Button' is clickable

2020-04-24 08:17:20 - [MESSAGE][PASSED] - Object 'Object Repository/WebOffice/Page_Checkatrade - Administration - Login/Login_Button' is clickable

2020-04-24 08:17:20 - [TEST_STEP][PASSED] - verifyTextPresent("Checkatrade Web Office", false): Text 'Checkatrade Web Office' is present on page 

2020-04-24 08:17:21 - [MESSAGE][PASSED] - Text 'Checkatrade Web Office' is present on page 

2020-04-24 08:17:21 - [TEST_STEP][PASSED] - verifyTextPresent("Access for staff use only", false): Text 'Access for staff use only' is present on page 

2020-04-24 08:17:21 - [MESSAGE][PASSED] - Text 'Access for staff use only' is present on page 

2020-04-24 08:17:21 - [TEST_STEP][PASSED] - verifyTextPresent("Forgotten password?", false): Text 'Forgotten password?' is present on page 

2020-04-24 08:17:21 - [MESSAGE][PASSED] - Text 'Forgotten password?' is present on page 

2020-04-24 08:17:21 - [TEST_STEP][PASSED] - setText(findTestObject("Object Repository/WebOffice/Page_Checkatrade - Administration - Login/input_Username_LoginControlUserName"), wo_Username): Text 'DavidHo' is set on object 'Object Repository/WebOffice/Page_Checkatrade - Administration - Login/input_Username_LoginControlUserName'

2020-04-24 08:17:21 - [MESSAGE][PASSED] - Text 'DavidHo' is set on object 'Object Repository/WebOffice/Page_Checkatrade - Administration - Login/input_Username_LoginControlUserName'

2020-04-24 08:17:21 - [TEST_STEP][PASSED] - setText(findTestObject("Object Repository/WebOffice/Page_Checkatrade - Administration - Login/input_Password_LoginControlPassword"), wo_Password): Text 'Check123' is set on object 'Object Repository/WebOffice/Page_Checkatrade - Administration - Login/input_Password_LoginControlPassword'

2020-04-24 08:17:22 - [MESSAGE][PASSED] - Text 'Check123' is set on object 'Object Repository/WebOffice/Page_Checkatrade - Administration - Login/input_Password_LoginControlPassword'

2020-04-24 08:17:22 - [TEST_STEP][PASSED] - click(findTestObject("Object Repository/WebOffice/Page_Checkatrade - Administration - Login/Login_Button")): Object: 'Object Repository/WebOffice/Page_Checkatrade - Administration - Login/Login_Button' is clicked on

2020-04-24 08:17:23 - [MESSAGE][PASSED] - Object: 'Object Repository/WebOffice/Page_Checkatrade - Administration - Login/Login_Button' is clicked on

2020-04-24 08:17:23 - [TEST_STEP][PASSED] - waitForPageLoad(60): Wait for page load successfully

2020-04-24 08:17:23 - [MESSAGE][PASSED] - Wait for page load successfully

2020-04-24 08:17:23 - [TEST_STEP][PASSED] - verifyTextPresent("Welcome " + wo_Username, false): Text 'Welcome DavidHo' is present on page 

2020-04-24 08:17:24 - [MESSAGE][PASSED] - Text 'Welcome DavidHo' is present on page 

2020-04-24 08:17:24 - [MESSAGE][PASSED] - Call Test Case 'Test Cases/Reusable_Test_Sequences/Web_Office/Directives/WebOffice_StartUp' successfully

2020-04-24 08:17:24 - [TEST_STEP][PASSED] - "-----------------------------------------------------------------": null

2020-04-24 08:17:24 - [TEST_STEP][PASSED] - " Navigate to <Settings->Checkatrade.Com->Sub Item> Menu Item     |": null

2020-04-24 08:17:24 - [TEST_STEP][PASSED] - callTestCase(findTestCase("Reusable_Test_Sequences/Web_Office/Navigation/Sub_Menu_Navigation/Reports/Company_Views"), [:], STOP_ON_FAILURE): Call Test Case 'Test Cases/Reusable_Test_Sequences/Web_Office/Navigation/Sub_Menu_Navigation/Reports/Company_Views' successfully

2020-04-24 08:17:24 - [TEST_CASE][PASSED] - Test Cases/Reusable_Test_Sequences/Web_Office/Navigation/Sub_Menu_Navigation/Reports/Company_Views: Test Cases/Reusable_Test_Sequences/Web_Office/Navigation/Sub_Menu_Navigation/Reports/Company_Views

2020-04-24 08:17:25 - [TEST_STEP][PASSED] - "--------------------------------------": null

2020-04-24 08:17:25 - [TEST_STEP][PASSED] - " Navigate Top level menu Item         |": null

2020-04-24 08:17:25 - [TEST_STEP][PASSED] - waitForPageLoad(60): Wait for page load successfully

2020-04-24 08:17:25 - [MESSAGE][PASSED] - Wait for page load successfully

2020-04-24 08:17:25 - [TEST_STEP][PASSED] - waitForElementClickable(findTestObject("Object Repository/WebOffice_Home_page/a_Reports"), 60): Object 'Object Repository/WebOffice_Home_page/a_Reports' is clickable

2020-04-24 08:17:25 - [MESSAGE][PASSED] - Object 'Object Repository/WebOffice_Home_page/a_Reports' is clickable

2020-04-24 08:17:25 - [TEST_STEP][PASSED] - mouseOver(findTestObject("Object Repository/WebOffice_Home_page/a_Reports")): Object: 'Object Repository/WebOffice_Home_page/a_Reports' is hovered

2020-04-24 08:17:26 - [MESSAGE][PASSED] - Object: 'Object Repository/WebOffice_Home_page/a_Reports' is hovered

2020-04-24 08:17:26 - [TEST_STEP][PASSED] - mouseOver(findTestObject("Object Repository/WebOffice_Home_page/Page_/a_Consumers")): Object: 'Object Repository/WebOffice_Home_page/Page_/a_Consumers' is hovered

2020-04-24 08:17:28 - [MESSAGE][PASSED] - Object: 'Object Repository/WebOffice_Home_page/Page_/a_Consumers' is hovered

2020-04-24 08:17:28 - [TEST_STEP][PASSED] - waitForPageLoad(5): Wait for page load successfully

2020-04-24 08:17:28 - [MESSAGE][PASSED] - Wait for page load successfully

2020-04-24 08:17:28 - [TEST_STEP][PASSED] - waitForElementClickable(findTestObject("Object Repository/WebOffice_Home_page/a_Company Views"), 5): Object 'Object Repository/WebOffice_Home_page/a_Company Views' is clickable

2020-04-24 08:17:28 - [MESSAGE][PASSED] - Object 'Object Repository/WebOffice_Home_page/a_Company Views' is clickable

2020-04-24 08:17:28 - [TEST_STEP][PASSED] - click(findTestObject("Object Repository/WebOffice_Home_page/a_Company Views")): Object: 'Object Repository/WebOffice_Home_page/a_Company Views' is clicked on

2020-04-24 08:17:30 - [MESSAGE][PASSED] - Object: 'Object Repository/WebOffice_Home_page/a_Company Views' is clicked on

2020-04-24 08:17:30 - [MESSAGE][PASSED] - Call Test Case 'Test Cases/Reusable_Test_Sequences/Web_Office/Navigation/Sub_Menu_Navigation/Reports/Company_Views' successfully

2020-04-24 08:17:30 - [TEST_STEP][PASSED] - "--------------------------------------": null

2020-04-24 08:17:30 - [TEST_STEP][PASSED] - " Verify Returned Page Detail          |": null

2020-04-24 08:17:30 - [TEST_STEP][PASSED] - callTestCase(findTestCase("Reusable_Test_Sequences/Web_Office/Verification/Reports/Company_Views"), [:], OPTIONAL): Call Test Case 'Test Cases/Reusable_Test_Sequences/Web_Office/Verification/Reports/Company_Views' successfully

2020-04-24 08:17:30 - [TEST_CASE][PASSED] - Test Cases/Reusable_Test_Sequences/Web_Office/Verification/Reports/Company_Views: Test Cases/Reusable_Test_Sequences/Web_Office/Verification/Reports/Company_Views

2020-04-24 08:17:31 - [TEST_STEP][PASSED] - waitForPageLoad(120): Wait for page load successfully

2020-04-24 08:17:31 - [MESSAGE][PASSED] - Wait for page load successfully

2020-04-24 08:17:31 - [TEST_STEP][PASSED] - delay(1): Delayed 1 second(s)

2020-04-24 08:17:32 - [MESSAGE][PASSED] - Delayed 1 second(s)

2020-04-24 08:17:32 - [TEST_STEP][PASSED] - verifyTextPresent("Company Viewing History", false): Text 'Company Viewing History' is present on page 

2020-04-24 08:17:34 - [MESSAGE][PASSED] - Text 'Company Viewing History' is present on page 

2020-04-24 08:17:34 - [TEST_STEP][PASSED] - "----------------------------------------------": null

2020-04-24 08:17:34 - [TEST_STEP][PASSED] - verifyTextPresent("From", false): Text 'From' is present on page 

2020-04-24 08:17:34 - [MESSAGE][PASSED] - Text 'From' is present on page 

2020-04-24 08:17:34 - [TEST_STEP][PASSED] - verifyTextPresent("Select Company", false): Text 'Select Company' is present on page 

2020-04-24 08:17:34 - [MESSAGE][PASSED] - Text 'Select Company' is present on page 

2020-04-24 08:17:34 - [TEST_STEP][PASSED] - "----------------------------------------------": null

2020-04-24 08:17:34 - [TEST_STEP][PASSED] - "----------------------------------------------": null

2020-04-24 08:17:34 - [TEST_STEP][PASSED] - verifyTextPresent("Company", false): Text 'Company' is present on page 

2020-04-24 08:17:35 - [MESSAGE][PASSED] - Text 'Company' is present on page 

2020-04-24 08:17:35 - [TEST_STEP][PASSED] - verifyTextPresent("From Search", false): Text 'From Search' is present on page 

2020-04-24 08:17:35 - [MESSAGE][PASSED] - Text 'From Search' is present on page 

2020-04-24 08:17:35 - [TEST_STEP][PASSED] - verifyTextPresent("Checkatrade", false): Text 'Checkatrade' is present on page 

2020-04-24 08:17:36 - [MESSAGE][PASSED] - Text 'Checkatrade' is present on page 

2020-04-24 08:17:36 - [TEST_STEP][PASSED] - verifyTextPresent("External Link", false): Text 'External Link' is present on page 

2020-04-24 08:17:36 - [MESSAGE][PASSED] - Text 'External Link' is present on page 

2020-04-24 08:17:36 - [TEST_STEP][PASSED] - verifyTextPresent("Other", false): Text 'Other' is present on page 

2020-04-24 08:17:37 - [MESSAGE][PASSED] - Text 'Other' is present on page 

2020-04-24 08:17:37 - [TEST_STEP][PASSED] - verifyTextPresent("Total", false): Text 'Total' is present on page 

2020-04-24 08:17:37 - [MESSAGE][PASSED] - Text 'Total' is present on page 

2020-04-24 08:17:37 - [TEST_STEP][PASSED] - "----------------------------------------------": null

2020-04-24 08:17:37 - [TEST_STEP][PASSED] - verifyTextPresent("Foster Tree Care", false): Text 'Foster Tree Care' is present on page 

2020-04-24 08:17:38 - [MESSAGE][PASSED] - Text 'Foster Tree Care' is present on page 

2020-04-24 08:17:38 - [MESSAGE][PASSED] - Call Test Case 'Test Cases/Reusable_Test_Sequences/Web_Office/Verification/Reports/Company_Views' successfully

2020-04-24 08:17:38 - [TEST_STEP][PASSED] - "--------------------------": null

2020-04-24 08:17:38 - [TEST_STEP][PASSED] - " Teardown - CLose Browser |": null

2020-04-24 08:17:38 - [TEST_STEP][PASSED] - callTestCase(findTestCase("Reusable_Test_Sequences/CAT_Teardown"), [:], OPTIONAL): Call Test Case 'Test Cases/Reusable_Test_Sequences/CAT_Teardown' successfully

2020-04-24 08:17:38 - [TEST_CASE][PASSED] - Test Cases/Reusable_Test_Sequences/CAT_Teardown: Test Cases/Reusable_Test_Sequences/CAT_Teardown

2020-04-24 08:17:38 - [TEST_STEP][PASSED] - closeBrowser(): Browser is closed

2020-04-24 08:17:41 - [MESSAGE][PASSED] - Browser is closed

2020-04-24 08:17:41 - [TEST_STEP][PASSED] - super.finalize(): null

2020-04-24 08:17:41 - [TEST_STEP][PASSED] - System.gc(): null

2020-04-24 08:17:41 - [MESSAGE][PASSED] - Call Test Case 'Test Cases/Reusable_Test_Sequences/CAT_Teardown' successfully]]></system-out>
         <system-err><![CDATA[]]></system-err>
      </testcase>
      <testcase name="Test Cases/Web_Office/Reports/Company_Website_Status_Changes_Consumers" time="155.24" classname="Test Cases/Web_Office/Reports/Company_Website_Status_Changes_Consumers" status="PASSED">
         <system-out><![CDATA[2020-04-24 08:17:41 - [TEST_CASE][PASSED] - Test Cases/Web_Office/Reports/Company_Website_Status_Changes_Consumers: Test Cases/Web_Office/Reports/Company_Website_Status_Changes_Consumers

2020-04-24 08:17:42 - [TEST_STEP][PASSED] - "--------------------------------------": null

2020-04-24 08:17:42 - [TEST_STEP][PASSED] - " Web Office StartUp                  |": null

2020-04-24 08:17:42 - [TEST_STEP][PASSED] - callTestCase(findTestCase("Reusable_Test_Sequences/Web_Office/Directives/WebOffice_StartUp"), [:], STOP_ON_FAILURE): Call Test Case 'Test Cases/Reusable_Test_Sequences/Web_Office/Directives/WebOffice_StartUp' successfully

2020-04-24 08:17:42 - [TEST_CASE][PASSED] - Test Cases/Reusable_Test_Sequences/Web_Office/Directives/WebOffice_StartUp: Test Cases/Reusable_Test_Sequences/Web_Office/Directives/WebOffice_StartUp

2020-04-24 08:17:42 - [TEST_STEP][PASSED] - "-----------------------------------------------------------------------------": null

2020-04-24 08:17:42 - [TEST_STEP][PASSED] - if (URL == "https://www.dev.checkatrade.com/"): null

2020-04-24 08:17:42 - [TEST_STEP][PASSED] - "-----------------------------------------------------------------------------": null

2020-04-24 08:17:42 - [TEST_STEP][PASSED] - if (URL == "https://www.checkatrade.com/"): null

2020-04-24 08:17:42 - [TEST_STEP][PASSED] - "-----------------------------------------------------------------------------": null

2020-04-24 08:17:42 - [TEST_STEP][PASSED] - if (URL == "https://www.preview.checkatrade.com/"): null

2020-04-24 08:17:42 - [TEST_STEP][PASSED] - WebOfficeURL = "https://admin.preview.checkatrade.com/": null

2020-04-24 08:17:42 - [TEST_STEP][PASSED] - if (URL == "https://www.dev2.checkatrade.com/"): null

2020-04-24 08:17:42 - [TEST_STEP][PASSED] - "Set Function Area for "URL_Handler", URL Resolution": null

2020-04-24 08:17:42 - [TEST_STEP][PASSED] - "Do Some Magic with URL(s) See the comments within URL Handler ": null

2020-04-24 08:17:42 - [TEST_STEP][PASSED] - "------------------------------------------------": null

2020-04-24 08:17:42 - [TEST_STEP][PASSED] - "Moved Login Credentials to <Default> profile 22/01/2020": null

2020-04-24 08:17:42 - [TEST_STEP][PASSED] - "------------------------------------------------": null

2020-04-24 08:17:42 - [TEST_STEP][PASSED] - "WebOfficeURL - Set from the ENVIRONMENT PROFILE ": null

2020-04-24 08:17:42 - [TEST_STEP][PASSED] - "OPEN BROWSER": null

2020-04-24 08:17:42 - [TEST_STEP][PASSED] - "eg - https://admin.preview.checkatrade.com/  ": null

2020-04-24 08:17:42 - [TEST_STEP][PASSED] - openBrowser(WebOfficeURL): Browser is opened with url: 'https://admin.preview.checkatrade.com/'

2020-04-24 08:17:42 - [MESSAGE][INFO] - Starting 'Chrome' driver

2020-04-24 08:17:42 - [MESSAGE][INFO] - Action delay is set to 0 milliseconds

2020-04-24 08:17:48 - [MESSAGE][PASSED] - Browser is opened with url: 'https://admin.preview.checkatrade.com/'

2020-04-24 08:17:48 - [TEST_STEP][PASSED] - maximizeWindow(): Current window maximized

2020-04-24 08:17:51 - [MESSAGE][PASSED] - Current window maximized

2020-04-24 08:17:51 - [TEST_STEP][PASSED] - waitForElementClickable(findTestObject("Object Repository/WebOffice/Page_Checkatrade - Administration - Login/Login_Button"), 25): Object 'Object Repository/WebOffice/Page_Checkatrade - Administration - Login/Login_Button' is clickable

2020-04-24 08:17:51 - [MESSAGE][PASSED] - Object 'Object Repository/WebOffice/Page_Checkatrade - Administration - Login/Login_Button' is clickable

2020-04-24 08:17:51 - [TEST_STEP][PASSED] - verifyTextPresent("Checkatrade Web Office", false): Text 'Checkatrade Web Office' is present on page 

2020-04-24 08:17:51 - [MESSAGE][PASSED] - Text 'Checkatrade Web Office' is present on page 

2020-04-24 08:17:51 - [TEST_STEP][PASSED] - verifyTextPresent("Access for staff use only", false): Text 'Access for staff use only' is present on page 

2020-04-24 08:17:52 - [MESSAGE][PASSED] - Text 'Access for staff use only' is present on page 

2020-04-24 08:17:52 - [TEST_STEP][PASSED] - verifyTextPresent("Forgotten password?", false): Text 'Forgotten password?' is present on page 

2020-04-24 08:17:52 - [MESSAGE][PASSED] - Text 'Forgotten password?' is present on page 

2020-04-24 08:17:52 - [TEST_STEP][PASSED] - setText(findTestObject("Object Repository/WebOffice/Page_Checkatrade - Administration - Login/input_Username_LoginControlUserName"), wo_Username): Text 'DavidHo' is set on object 'Object Repository/WebOffice/Page_Checkatrade - Administration - Login/input_Username_LoginControlUserName'

2020-04-24 08:17:53 - [MESSAGE][PASSED] - Text 'DavidHo' is set on object 'Object Repository/WebOffice/Page_Checkatrade - Administration - Login/input_Username_LoginControlUserName'

2020-04-24 08:17:53 - [TEST_STEP][PASSED] - setText(findTestObject("Object Repository/WebOffice/Page_Checkatrade - Administration - Login/input_Password_LoginControlPassword"), wo_Password): Text 'Check123' is set on object 'Object Repository/WebOffice/Page_Checkatrade - Administration - Login/input_Password_LoginControlPassword'

2020-04-24 08:17:54 - [MESSAGE][PASSED] - Text 'Check123' is set on object 'Object Repository/WebOffice/Page_Checkatrade - Administration - Login/input_Password_LoginControlPassword'

2020-04-24 08:17:54 - [TEST_STEP][PASSED] - click(findTestObject("Object Repository/WebOffice/Page_Checkatrade - Administration - Login/Login_Button")): Object: 'Object Repository/WebOffice/Page_Checkatrade - Administration - Login/Login_Button' is clicked on

2020-04-24 08:17:55 - [MESSAGE][PASSED] - Object: 'Object Repository/WebOffice/Page_Checkatrade - Administration - Login/Login_Button' is clicked on

2020-04-24 08:17:55 - [TEST_STEP][PASSED] - waitForPageLoad(60): Wait for page load successfully

2020-04-24 08:17:55 - [MESSAGE][PASSED] - Wait for page load successfully

2020-04-24 08:17:55 - [TEST_STEP][PASSED] - verifyTextPresent("Welcome " + wo_Username, false): Text 'Welcome DavidHo' is present on page 

2020-04-24 08:17:56 - [MESSAGE][PASSED] - Text 'Welcome DavidHo' is present on page 

2020-04-24 08:17:56 - [MESSAGE][PASSED] - Call Test Case 'Test Cases/Reusable_Test_Sequences/Web_Office/Directives/WebOffice_StartUp' successfully

2020-04-24 08:17:56 - [TEST_STEP][PASSED] - "-----------------------------------------------------------------": null

2020-04-24 08:17:56 - [TEST_STEP][PASSED] - " Navigate to <Settings->Checkatrade.Com->Sub Item> Menu Item     |": null

2020-04-24 08:17:56 - [TEST_STEP][PASSED] - callTestCase(findTestCase("Reusable_Test_Sequences/Web_Office/Navigation/Sub_Menu_Navigation/Reports/Company_Website_Status_Changes_Consumers"), [:], STOP_ON_FAILURE): Call Test Case 'Test Cases/Reusable_Test_Sequences/Web_Office/Navigation/Sub_Menu_Navigation/Reports/Company_Website_Status_Changes_Consumers' successfully

2020-04-24 08:17:56 - [TEST_CASE][PASSED] - Test Cases/Reusable_Test_Sequences/Web_Office/Navigation/Sub_Menu_Navigation/Reports/Company_Website_Status_Changes_Consumers: Test Cases/Reusable_Test_Sequences/Web_Office/Navigation/Sub_Menu_Navigation/Reports/Company_Website_Status_Changes_Consumers

2020-04-24 08:17:56 - [TEST_STEP][PASSED] - "--------------------------------------": null

2020-04-24 08:17:56 - [TEST_STEP][PASSED] - " Navigate Top level menu Item         |": null

2020-04-24 08:17:56 - [TEST_STEP][PASSED] - waitForPageLoad(60): Wait for page load successfully

2020-04-24 08:17:57 - [MESSAGE][PASSED] - Wait for page load successfully

2020-04-24 08:17:57 - [TEST_STEP][PASSED] - waitForElementClickable(findTestObject("Object Repository/WebOffice_Home_page/a_Reports"), 60): Object 'Object Repository/WebOffice_Home_page/a_Reports' is clickable

2020-04-24 08:17:57 - [MESSAGE][PASSED] - Object 'Object Repository/WebOffice_Home_page/a_Reports' is clickable

2020-04-24 08:17:57 - [TEST_STEP][PASSED] - mouseOver(findTestObject("Object Repository/WebOffice_Home_page/a_Reports")): Object: 'Object Repository/WebOffice_Home_page/a_Reports' is hovered

2020-04-24 08:17:58 - [MESSAGE][PASSED] - Object: 'Object Repository/WebOffice_Home_page/a_Reports' is hovered

2020-04-24 08:17:58 - [TEST_STEP][PASSED] - click(findTestObject("Object Repository/WebOffice_Home_page/Page_/a_Consumers")): Object: 'Object Repository/WebOffice_Home_page/Page_/a_Consumers' is clicked on

2020-04-24 08:17:59 - [MESSAGE][PASSED] - Object: 'Object Repository/WebOffice_Home_page/Page_/a_Consumers' is clicked on

2020-04-24 08:17:59 - [TEST_STEP][PASSED] - waitForPageLoad(5): Wait for page load successfully

2020-04-24 08:17:59 - [MESSAGE][PASSED] - Wait for page load successfully

2020-04-24 08:17:59 - [TEST_STEP][PASSED] - waitForElementClickable(findTestObject("Object Repository/WebOffice_Home_page/a_Company Website Status Changes"), 5): Object 'Object Repository/WebOffice_Home_page/a_Company Website Status Changes' is clickable

2020-04-24 08:18:00 - [MESSAGE][PASSED] - Object 'Object Repository/WebOffice_Home_page/a_Company Website Status Changes' is clickable

2020-04-24 08:18:00 - [TEST_STEP][PASSED] - click(findTestObject("Object Repository/WebOffice_Home_page/a_Company Website Status Changes")): Object: 'Object Repository/WebOffice_Home_page/a_Company Website Status Changes' is clicked on

2020-04-24 08:20:10 - [MESSAGE][PASSED] - Object: 'Object Repository/WebOffice_Home_page/a_Company Website Status Changes' is clicked on

2020-04-24 08:20:10 - [MESSAGE][PASSED] - Call Test Case 'Test Cases/Reusable_Test_Sequences/Web_Office/Navigation/Sub_Menu_Navigation/Reports/Company_Website_Status_Changes_Consumers' successfully

2020-04-24 08:20:10 - [TEST_STEP][PASSED] - "--------------------------------------": null

2020-04-24 08:20:10 - [TEST_STEP][PASSED] - " Verify Returned Page Detail          |": null

2020-04-24 08:20:10 - [TEST_STEP][PASSED] - callTestCase(findTestCase("Reusable_Test_Sequences/Web_Office/Verification/Reports/Company_Website_Status_Changes"), [:], OPTIONAL): Call Test Case 'Test Cases/Reusable_Test_Sequences/Web_Office/Verification/Reports/Company_Website_Status_Changes' successfully

2020-04-24 08:20:10 - [TEST_CASE][PASSED] - Test Cases/Reusable_Test_Sequences/Web_Office/Verification/Reports/Company_Website_Status_Changes: Test Cases/Reusable_Test_Sequences/Web_Office/Verification/Reports/Company_Website_Status_Changes

2020-04-24 08:20:11 - [TEST_STEP][PASSED] - waitForPageLoad(120): Wait for page load successfully

2020-04-24 08:20:11 - [MESSAGE][PASSED] - Wait for page load successfully

2020-04-24 08:20:11 - [TEST_STEP][PASSED] - delay(1): Delayed 1 second(s)

2020-04-24 08:20:12 - [MESSAGE][PASSED] - Delayed 1 second(s)

2020-04-24 08:20:12 - [TEST_STEP][PASSED] - verifyTextPresent("Company Website Status Change Report", false): Text 'Company Website Status Change Report' is present on page 

2020-04-24 08:20:12 - [MESSAGE][PASSED] - Text 'Company Website Status Change Report' is present on page 

2020-04-24 08:20:12 - [TEST_STEP][PASSED] - "----------------------------------------------": null

2020-04-24 08:20:12 - [TEST_STEP][PASSED] - verifyTextPresent("All Available Dates:", false): Text 'All Available Dates:' is present on page 

2020-04-24 08:20:12 - [MESSAGE][PASSED] - Text 'All Available Dates:' is present on page 

2020-04-24 08:20:12 - [TEST_STEP][PASSED] - verifyTextPresent("Total no. companies", false): Text 'Total no. companies' is present on page 

2020-04-24 08:20:13 - [MESSAGE][PASSED] - Text 'Total no. companies' is present on page 

2020-04-24 08:20:13 - [TEST_STEP][PASSED] - "----------------------------------------------": null

2020-04-24 08:20:13 - [TEST_STEP][PASSED] - "----------------------------------------------": null

2020-04-24 08:20:13 - [TEST_STEP][PASSED] - verifyTextPresent("Company", false): Text 'Company' is present on page 

2020-04-24 08:20:13 - [MESSAGE][PASSED] - Text 'Company' is present on page 

2020-04-24 08:20:13 - [TEST_STEP][PASSED] - verifyTextPresent("Status", false): Text 'Status' is present on page 

2020-04-24 08:20:14 - [MESSAGE][PASSED] - Text 'Status' is present on page 

2020-04-24 08:20:14 - [TEST_STEP][PASSED] - verifyTextPresent("Description", false): Text 'Description' is present on page 

2020-04-24 08:20:14 - [MESSAGE][PASSED] - Text 'Description' is present on page 

2020-04-24 08:20:14 - [TEST_STEP][PASSED] - verifyTextPresent("Date Changed", false): Text 'Date Changed' is present on page 

2020-04-24 08:20:14 - [MESSAGE][PASSED] - Text 'Date Changed' is present on page 

2020-04-24 08:20:14 - [TEST_STEP][PASSED] - "----------------------------------------------": null

2020-04-24 08:20:14 - [TEST_STEP][PASSED] - "----------------------------------------------": null

2020-04-24 08:20:14 - [TEST_STEP][PASSED] - "----------------------------------------------": null

2020-04-24 08:20:14 - [TEST_STEP][PASSED] - verifyTextPresent("Added to Website", false): Text 'Added to Website' is present on page 

2020-04-24 08:20:15 - [MESSAGE][PASSED] - Text 'Added to Website' is present on page 

2020-04-24 08:20:15 - [TEST_STEP][PASSED] - verifyTextPresent("Removed from website", false): Text 'Removed from website' is present on page 

2020-04-24 08:20:15 - [MESSAGE][PASSED] - Text 'Removed from website' is present on page 

2020-04-24 08:20:15 - [MESSAGE][PASSED] - Call Test Case 'Test Cases/Reusable_Test_Sequences/Web_Office/Verification/Reports/Company_Website_Status_Changes' successfully

2020-04-24 08:20:15 - [TEST_STEP][PASSED] - "--------------------------": null

2020-04-24 08:20:15 - [TEST_STEP][PASSED] - " Teardown - CLose Browser |": null

2020-04-24 08:20:15 - [TEST_STEP][PASSED] - callTestCase(findTestCase("Reusable_Test_Sequences/CAT_Teardown"), [:], OPTIONAL): Call Test Case 'Test Cases/Reusable_Test_Sequences/CAT_Teardown' successfully

2020-04-24 08:20:15 - [TEST_CASE][PASSED] - Test Cases/Reusable_Test_Sequences/CAT_Teardown: Test Cases/Reusable_Test_Sequences/CAT_Teardown

2020-04-24 08:20:15 - [TEST_STEP][PASSED] - closeBrowser(): Browser is closed

2020-04-24 08:20:16 - [MESSAGE][PASSED] - Browser is closed

2020-04-24 08:20:16 - [TEST_STEP][PASSED] - super.finalize(): null

2020-04-24 08:20:16 - [TEST_STEP][PASSED] - System.gc(): null

2020-04-24 08:20:17 - [MESSAGE][PASSED] - Call Test Case 'Test Cases/Reusable_Test_Sequences/CAT_Teardown' successfully]]></system-out>
         <system-err><![CDATA[]]></system-err>
      </testcase>
      <testcase name="Test Cases/Web_Office/Reports/Directory_Preferences" time="502.112" classname="Test Cases/Web_Office/Reports/Directory_Preferences" status="PASSED">
         <system-out><![CDATA[2020-04-24 08:20:17 - [TEST_CASE][PASSED] - Test Cases/Web_Office/Reports/Directory_Preferences: Test Cases/Web_Office/Reports/Directory_Preferences

2020-04-24 08:20:17 - [TEST_STEP][PASSED] - "--------------------------------------": null

2020-04-24 08:20:17 - [TEST_STEP][PASSED] - " Web Office StartUp                  |": null

2020-04-24 08:20:17 - [TEST_STEP][PASSED] - callTestCase(findTestCase("Reusable_Test_Sequences/Web_Office/Directives/WebOffice_StartUp"), [:], STOP_ON_FAILURE): Call Test Case 'Test Cases/Reusable_Test_Sequences/Web_Office/Directives/WebOffice_StartUp' successfully

2020-04-24 08:20:17 - [TEST_CASE][PASSED] - Test Cases/Reusable_Test_Sequences/Web_Office/Directives/WebOffice_StartUp: Test Cases/Reusable_Test_Sequences/Web_Office/Directives/WebOffice_StartUp

2020-04-24 08:20:17 - [TEST_STEP][PASSED] - "-----------------------------------------------------------------------------": null

2020-04-24 08:20:17 - [TEST_STEP][PASSED] - if (URL == "https://www.dev.checkatrade.com/"): null

2020-04-24 08:20:17 - [TEST_STEP][PASSED] - "-----------------------------------------------------------------------------": null

2020-04-24 08:20:17 - [TEST_STEP][PASSED] - if (URL == "https://www.checkatrade.com/"): null

2020-04-24 08:20:17 - [TEST_STEP][PASSED] - "-----------------------------------------------------------------------------": null

2020-04-24 08:20:17 - [TEST_STEP][PASSED] - if (URL == "https://www.preview.checkatrade.com/"): null

2020-04-24 08:20:17 - [TEST_STEP][PASSED] - WebOfficeURL = "https://admin.preview.checkatrade.com/": null

2020-04-24 08:20:17 - [TEST_STEP][PASSED] - if (URL == "https://www.dev2.checkatrade.com/"): null

2020-04-24 08:20:17 - [TEST_STEP][PASSED] - "Set Function Area for "URL_Handler", URL Resolution": null

2020-04-24 08:20:17 - [TEST_STEP][PASSED] - "Do Some Magic with URL(s) See the comments within URL Handler ": null

2020-04-24 08:20:17 - [TEST_STEP][PASSED] - "------------------------------------------------": null

2020-04-24 08:20:17 - [TEST_STEP][PASSED] - "Moved Login Credentials to <Default> profile 22/01/2020": null

2020-04-24 08:20:17 - [TEST_STEP][PASSED] - "------------------------------------------------": null

2020-04-24 08:20:17 - [TEST_STEP][PASSED] - "WebOfficeURL - Set from the ENVIRONMENT PROFILE ": null

2020-04-24 08:20:17 - [TEST_STEP][PASSED] - "OPEN BROWSER": null

2020-04-24 08:20:17 - [TEST_STEP][PASSED] - "eg - https://admin.preview.checkatrade.com/  ": null

2020-04-24 08:20:17 - [TEST_STEP][PASSED] - openBrowser(WebOfficeURL): Browser is opened with url: 'https://admin.preview.checkatrade.com/'

2020-04-24 08:20:17 - [MESSAGE][INFO] - Starting 'Chrome' driver

2020-04-24 08:20:17 - [MESSAGE][INFO] - Action delay is set to 0 milliseconds

2020-04-24 08:20:23 - [MESSAGE][PASSED] - Browser is opened with url: 'https://admin.preview.checkatrade.com/'

2020-04-24 08:20:23 - [TEST_STEP][PASSED] - maximizeWindow(): Current window maximized

2020-04-24 08:20:25 - [MESSAGE][PASSED] - Current window maximized

2020-04-24 08:20:25 - [TEST_STEP][PASSED] - waitForElementClickable(findTestObject("Object Repository/WebOffice/Page_Checkatrade - Administration - Login/Login_Button"), 25): Object 'Object Repository/WebOffice/Page_Checkatrade - Administration - Login/Login_Button' is clickable

2020-04-24 08:20:25 - [MESSAGE][PASSED] - Object 'Object Repository/WebOffice/Page_Checkatrade - Administration - Login/Login_Button' is clickable

2020-04-24 08:20:25 - [TEST_STEP][PASSED] - verifyTextPresent("Checkatrade Web Office", false): Text 'Checkatrade Web Office' is present on page 

2020-04-24 08:20:26 - [MESSAGE][PASSED] - Text 'Checkatrade Web Office' is present on page 

2020-04-24 08:20:26 - [TEST_STEP][PASSED] - verifyTextPresent("Access for staff use only", false): Text 'Access for staff use only' is present on page 

2020-04-24 08:20:26 - [MESSAGE][PASSED] - Text 'Access for staff use only' is present on page 

2020-04-24 08:20:26 - [TEST_STEP][PASSED] - verifyTextPresent("Forgotten password?", false): Text 'Forgotten password?' is present on page 

2020-04-24 08:20:26 - [MESSAGE][PASSED] - Text 'Forgotten password?' is present on page 

2020-04-24 08:20:26 - [TEST_STEP][PASSED] - setText(findTestObject("Object Repository/WebOffice/Page_Checkatrade - Administration - Login/input_Username_LoginControlUserName"), wo_Username): Text 'DavidHo' is set on object 'Object Repository/WebOffice/Page_Checkatrade - Administration - Login/input_Username_LoginControlUserName'

2020-04-24 08:20:26 - [MESSAGE][PASSED] - Text 'DavidHo' is set on object 'Object Repository/WebOffice/Page_Checkatrade - Administration - Login/input_Username_LoginControlUserName'

2020-04-24 08:20:26 - [TEST_STEP][PASSED] - setText(findTestObject("Object Repository/WebOffice/Page_Checkatrade - Administration - Login/input_Password_LoginControlPassword"), wo_Password): Text 'Check123' is set on object 'Object Repository/WebOffice/Page_Checkatrade - Administration - Login/input_Password_LoginControlPassword'

2020-04-24 08:20:26 - [MESSAGE][PASSED] - Text 'Check123' is set on object 'Object Repository/WebOffice/Page_Checkatrade - Administration - Login/input_Password_LoginControlPassword'

2020-04-24 08:20:26 - [TEST_STEP][PASSED] - click(findTestObject("Object Repository/WebOffice/Page_Checkatrade - Administration - Login/Login_Button")): Object: 'Object Repository/WebOffice/Page_Checkatrade - Administration - Login/Login_Button' is clicked on

2020-04-24 08:20:27 - [MESSAGE][PASSED] - Object: 'Object Repository/WebOffice/Page_Checkatrade - Administration - Login/Login_Button' is clicked on

2020-04-24 08:20:27 - [TEST_STEP][PASSED] - waitForPageLoad(60): Wait for page load successfully

2020-04-24 08:20:27 - [MESSAGE][PASSED] - Wait for page load successfully

2020-04-24 08:20:27 - [TEST_STEP][PASSED] - verifyTextPresent("Welcome " + wo_Username, false): Text 'Welcome DavidHo' is present on page 

2020-04-24 08:20:28 - [MESSAGE][PASSED] - Text 'Welcome DavidHo' is present on page 

2020-04-24 08:20:28 - [MESSAGE][PASSED] - Call Test Case 'Test Cases/Reusable_Test_Sequences/Web_Office/Directives/WebOffice_StartUp' successfully

2020-04-24 08:20:28 - [TEST_STEP][PASSED] - "-----------------------------------------------------------------": null

2020-04-24 08:20:28 - [TEST_STEP][PASSED] - " Navigate to <Settings->Checkatrade.Com->Sub Item> Menu Item     |": null

2020-04-24 08:20:28 - [TEST_STEP][PASSED] - callTestCase(findTestCase("Reusable_Test_Sequences/Web_Office/Navigation/Sub_Menu_Navigation/Reports/Directory_Preferences"), [:], STOP_ON_FAILURE): Call Test Case 'Test Cases/Reusable_Test_Sequences/Web_Office/Navigation/Sub_Menu_Navigation/Reports/Directory_Preferences' successfully

2020-04-24 08:20:28 - [TEST_CASE][PASSED] - Test Cases/Reusable_Test_Sequences/Web_Office/Navigation/Sub_Menu_Navigation/Reports/Directory_Preferences: Test Cases/Reusable_Test_Sequences/Web_Office/Navigation/Sub_Menu_Navigation/Reports/Directory_Preferences

2020-04-24 08:20:29 - [TEST_STEP][PASSED] - "--------------------------------------": null

2020-04-24 08:20:29 - [TEST_STEP][PASSED] - " Navigate Top level menu Item         |": null

2020-04-24 08:20:29 - [TEST_STEP][PASSED] - waitForPageLoad(60): Wait for page load successfully

2020-04-24 08:20:29 - [MESSAGE][PASSED] - Wait for page load successfully

2020-04-24 08:20:29 - [TEST_STEP][PASSED] - waitForElementClickable(findTestObject("Object Repository/WebOffice_Home_page/a_Reports"), 60): Object 'Object Repository/WebOffice_Home_page/a_Reports' is clickable

2020-04-24 08:20:29 - [MESSAGE][PASSED] - Object 'Object Repository/WebOffice_Home_page/a_Reports' is clickable

2020-04-24 08:20:29 - [TEST_STEP][PASSED] - mouseOver(findTestObject("Object Repository/WebOffice_Home_page/a_Reports")): Object: 'Object Repository/WebOffice_Home_page/a_Reports' is hovered

2020-04-24 08:20:29 - [MESSAGE][PASSED] - Object: 'Object Repository/WebOffice_Home_page/a_Reports' is hovered

2020-04-24 08:20:29 - [TEST_STEP][PASSED] - mouseOver(findTestObject("Object Repository/WebOffice_Home_page/Page_/a_Consumers")): Object: 'Object Repository/WebOffice_Home_page/Page_/a_Consumers' is hovered

2020-04-24 08:20:30 - [MESSAGE][PASSED] - Object: 'Object Repository/WebOffice_Home_page/Page_/a_Consumers' is hovered

2020-04-24 08:20:30 - [TEST_STEP][PASSED] - waitForPageLoad(5): Wait for page load successfully

2020-04-24 08:20:30 - [MESSAGE][PASSED] - Wait for page load successfully

2020-04-24 08:20:30 - [TEST_STEP][PASSED] - waitForElementClickable(findTestObject("Object Repository/WebOffice_Home_page/a_Directory Preferences"), 5): Object 'Object Repository/WebOffice_Home_page/a_Directory Preferences' is clickable

2020-04-24 08:20:30 - [MESSAGE][PASSED] - Object 'Object Repository/WebOffice_Home_page/a_Directory Preferences' is clickable

2020-04-24 08:20:30 - [TEST_STEP][PASSED] - click(findTestObject("Object Repository/WebOffice_Home_page/a_Directory Preferences")): Object: 'Object Repository/WebOffice_Home_page/a_Directory Preferences' is clicked on

2020-04-24 08:21:54 - [MESSAGE][PASSED] - Object: 'Object Repository/WebOffice_Home_page/a_Directory Preferences' is clicked on

2020-04-24 08:21:54 - [MESSAGE][PASSED] - Call Test Case 'Test Cases/Reusable_Test_Sequences/Web_Office/Navigation/Sub_Menu_Navigation/Reports/Directory_Preferences' successfully

2020-04-24 08:21:54 - [TEST_STEP][PASSED] - "--------------------------------------": null

2020-04-24 08:21:54 - [TEST_STEP][PASSED] - " Verify Returned Page Detail          |": null

2020-04-24 08:21:54 - [TEST_STEP][PASSED] - callTestCase(findTestCase("Reusable_Test_Sequences/Web_Office/Verification/Reports/Directory_Preferences"), [:], OPTIONAL): Call Test Case 'Test Cases/Reusable_Test_Sequences/Web_Office/Verification/Reports/Directory_Preferences' successfully

2020-04-24 08:21:54 - [TEST_CASE][PASSED] - Test Cases/Reusable_Test_Sequences/Web_Office/Verification/Reports/Directory_Preferences: Test Cases/Reusable_Test_Sequences/Web_Office/Verification/Reports/Directory_Preferences

2020-04-24 08:21:54 - [TEST_STEP][PASSED] - waitForPageLoad(120): Wait for page load successfully

2020-04-24 08:21:55 - [MESSAGE][PASSED] - Wait for page load successfully

2020-04-24 08:21:55 - [TEST_STEP][PASSED] - delay(1): Delayed 1 second(s)

2020-04-24 08:21:56 - [MESSAGE][PASSED] - Delayed 1 second(s)

2020-04-24 08:21:56 - [TEST_STEP][PASSED] - verifyTextPresent("Directory Performance Report", false): Text 'Directory Performance Report' is present on page 

2020-04-24 08:22:21 - [MESSAGE][PASSED] - Text 'Directory Performance Report' is present on page 

2020-04-24 08:22:21 - [TEST_STEP][PASSED] - "----------------------------------------------": null

2020-04-24 08:22:21 - [TEST_STEP][PASSED] - verifyTextPresent("Hide Old", false): Text 'Hide Old' is present on page 

2020-04-24 08:22:46 - [MESSAGE][PASSED] - Text 'Hide Old' is present on page 

2020-04-24 08:22:46 - [TEST_STEP][PASSED] - verifyTextPresent("Hide Current", false): Text 'Hide Current' is present on page 

2020-04-24 08:23:07 - [MESSAGE][PASSED] - Text 'Hide Current' is present on page 

2020-04-24 08:23:07 - [TEST_STEP][PASSED] - verifyTextPresent("Hide Future", false): Text 'Hide Future' is present on page 

2020-04-24 08:23:27 - [MESSAGE][PASSED] - Text 'Hide Future' is present on page 

2020-04-24 08:23:27 - [TEST_STEP][PASSED] - verifyTextPresent("Hide Prospective", false): Text 'Hide Prospective' is present on page 

2020-04-24 08:23:52 - [MESSAGE][PASSED] - Text 'Hide Prospective' is present on page 

2020-04-24 08:23:52 - [TEST_STEP][PASSED] - "----------------------------------------------": null

2020-04-24 08:23:52 - [TEST_STEP][PASSED] - "----------------------------------------------": null

2020-04-24 08:23:52 - [TEST_STEP][PASSED] - verifyTextPresent("DIRECTORY NAME", false): Text 'DIRECTORY NAME' is present on page 

2020-04-24 08:24:15 - [MESSAGE][PASSED] - Text 'DIRECTORY NAME' is present on page 

2020-04-24 08:24:15 - [TEST_STEP][PASSED] - verifyTextPresent("EDITION", false): Text 'EDITION' is present on page 

2020-04-24 08:24:33 - [MESSAGE][PASSED] - Text 'EDITION' is present on page 

2020-04-24 08:24:33 - [TEST_STEP][PASSED] - verifyTextPresent("BOXES SOLD", false): Text 'BOXES SOLD' is present on page 

2020-04-24 08:24:56 - [MESSAGE][PASSED] - Text 'BOXES SOLD' is present on page 

2020-04-24 08:24:56 - [TEST_STEP][PASSED] - verifyTextPresent("BOXES FOC", false): Text 'BOXES FOC' is present on page 

2020-04-24 08:25:20 - [MESSAGE][PASSED] - Text 'BOXES FOC' is present on page 

2020-04-24 08:25:20 - [TEST_STEP][PASSED] - verifyTextPresent("BOXES TOTAL", false): Text 'BOXES TOTAL' is present on page 

2020-04-24 08:25:38 - [MESSAGE][PASSED] - Text 'BOXES TOTAL' is present on page 

2020-04-24 08:25:38 - [TEST_STEP][PASSED] - verifyTextPresent("FIRST RESERVE", false): Text 'FIRST RESERVE' is present on page 

2020-04-24 08:25:53 - [MESSAGE][PASSED] - Text 'FIRST RESERVE' is present on page 

2020-04-24 08:25:53 - [TEST_STEP][PASSED] - verifyTextPresent("DEFINITELY", false): Text 'DEFINITELY' is present on page 

2020-04-24 08:26:10 - [MESSAGE][PASSED] - Text 'DEFINITELY' is present on page 

2020-04-24 08:26:10 - [TEST_STEP][PASSED] - verifyTextPresent("WOULD CONSIDER", false): Text 'WOULD CONSIDER' is present on page 

2020-04-24 08:26:27 - [MESSAGE][PASSED] - Text 'WOULD CONSIDER' is present on page 

2020-04-24 08:26:27 - [TEST_STEP][PASSED] - verifyTextPresent("DESIRED TOTAL", false): Text 'DESIRED TOTAL' is present on page 

2020-04-24 08:26:43 - [MESSAGE][PASSED] - Text 'DESIRED TOTAL' is present on page 

2020-04-24 08:26:43 - [TEST_STEP][PASSED] - "----------------------------------------------": null

2020-04-24 08:26:43 - [TEST_STEP][PASSED] - verifyTextPresent("Abingdon + Didcot 7 (Old)", false): Text 'Abingdon + Didcot 7 (Old)' is present on page 

2020-04-24 08:26:58 - [MESSAGE][PASSED] - Text 'Abingdon + Didcot 7 (Old)' is present on page 

2020-04-24 08:26:58 - [TEST_STEP][PASSED] - verifyTextPresent("Amersham + Chesham 12 (Current)", false): Text 'Amersham + Chesham 12 (Current)' is present on page 

2020-04-24 08:27:22 - [MESSAGE][PASSED] - Text 'Amersham + Chesham 12 (Current)' is present on page 

2020-04-24 08:27:22 - [TEST_STEP][PASSED] - verifyTextPresent("11", false): Text '11' is present on page 

2020-04-24 08:27:48 - [MESSAGE][PASSED] - Text '11' is present on page 

2020-04-24 08:27:48 - [TEST_STEP][PASSED] - verifyTextPresent("133", false): Text '133' is present on page 

2020-04-24 08:28:12 - [MESSAGE][PASSED] - Text '133' is present on page 

2020-04-24 08:28:12 - [TEST_STEP][PASSED] - verifyTextPresent("58", false): Text '58' is present on page 

2020-04-24 08:28:37 - [MESSAGE][PASSED] - Text '58' is present on page 

2020-04-24 08:28:37 - [MESSAGE][PASSED] - Call Test Case 'Test Cases/Reusable_Test_Sequences/Web_Office/Verification/Reports/Directory_Preferences' successfully

2020-04-24 08:28:37 - [TEST_STEP][PASSED] - "--------------------------": null

2020-04-24 08:28:37 - [TEST_STEP][PASSED] - " Teardown - CLose Browser |": null

2020-04-24 08:28:37 - [TEST_STEP][PASSED] - callTestCase(findTestCase("Reusable_Test_Sequences/CAT_Teardown"), [:], OPTIONAL): Call Test Case 'Test Cases/Reusable_Test_Sequences/CAT_Teardown' successfully

2020-04-24 08:28:37 - [TEST_CASE][PASSED] - Test Cases/Reusable_Test_Sequences/CAT_Teardown: Test Cases/Reusable_Test_Sequences/CAT_Teardown

2020-04-24 08:28:38 - [TEST_STEP][PASSED] - closeBrowser(): Browser is closed

2020-04-24 08:28:39 - [MESSAGE][PASSED] - Browser is closed

2020-04-24 08:28:39 - [TEST_STEP][PASSED] - super.finalize(): null

2020-04-24 08:28:39 - [TEST_STEP][PASSED] - System.gc(): null

2020-04-24 08:28:39 - [MESSAGE][PASSED] - Call Test Case 'Test Cases/Reusable_Test_Sequences/CAT_Teardown' successfully]]></system-out>
         <system-err><![CDATA[]]></system-err>
      </testcase>
      <testcase name="Test Cases/Web_Office/Reports/Most_Popular" time="25.426" classname="Test Cases/Web_Office/Reports/Most_Popular" status="PASSED">
         <system-out><![CDATA[2020-04-24 08:28:39 - [TEST_CASE][PASSED] - Test Cases/Web_Office/Reports/Most_Popular: Test Cases/Web_Office/Reports/Most_Popular

2020-04-24 08:28:39 - [TEST_STEP][PASSED] - "--------------------------------------": null

2020-04-24 08:28:39 - [TEST_STEP][PASSED] - " Web Office StartUp                  |": null

2020-04-24 08:28:39 - [TEST_STEP][PASSED] - callTestCase(findTestCase("Reusable_Test_Sequences/Web_Office/Directives/WebOffice_StartUp"), [:], STOP_ON_FAILURE): Call Test Case 'Test Cases/Reusable_Test_Sequences/Web_Office/Directives/WebOffice_StartUp' successfully

2020-04-24 08:28:39 - [TEST_CASE][PASSED] - Test Cases/Reusable_Test_Sequences/Web_Office/Directives/WebOffice_StartUp: Test Cases/Reusable_Test_Sequences/Web_Office/Directives/WebOffice_StartUp

2020-04-24 08:28:39 - [TEST_STEP][PASSED] - "-----------------------------------------------------------------------------": null

2020-04-24 08:28:39 - [TEST_STEP][PASSED] - if (URL == "https://www.dev.checkatrade.com/"): null

2020-04-24 08:28:39 - [TEST_STEP][PASSED] - "-----------------------------------------------------------------------------": null

2020-04-24 08:28:39 - [TEST_STEP][PASSED] - if (URL == "https://www.checkatrade.com/"): null

2020-04-24 08:28:39 - [TEST_STEP][PASSED] - "-----------------------------------------------------------------------------": null

2020-04-24 08:28:39 - [TEST_STEP][PASSED] - if (URL == "https://www.preview.checkatrade.com/"): null

2020-04-24 08:28:39 - [TEST_STEP][PASSED] - WebOfficeURL = "https://admin.preview.checkatrade.com/": null

2020-04-24 08:28:39 - [TEST_STEP][PASSED] - if (URL == "https://www.dev2.checkatrade.com/"): null

2020-04-24 08:28:39 - [TEST_STEP][PASSED] - "Set Function Area for "URL_Handler", URL Resolution": null

2020-04-24 08:28:39 - [TEST_STEP][PASSED] - "Do Some Magic with URL(s) See the comments within URL Handler ": null

2020-04-24 08:28:39 - [TEST_STEP][PASSED] - "------------------------------------------------": null

2020-04-24 08:28:39 - [TEST_STEP][PASSED] - "Moved Login Credentials to <Default> profile 22/01/2020": null

2020-04-24 08:28:39 - [TEST_STEP][PASSED] - "------------------------------------------------": null

2020-04-24 08:28:39 - [TEST_STEP][PASSED] - "WebOfficeURL - Set from the ENVIRONMENT PROFILE ": null

2020-04-24 08:28:39 - [TEST_STEP][PASSED] - "OPEN BROWSER": null

2020-04-24 08:28:39 - [TEST_STEP][PASSED] - "eg - https://admin.preview.checkatrade.com/  ": null

2020-04-24 08:28:39 - [TEST_STEP][PASSED] - openBrowser(WebOfficeURL): Browser is opened with url: 'https://admin.preview.checkatrade.com/'

2020-04-24 08:28:39 - [MESSAGE][INFO] - Starting 'Chrome' driver

2020-04-24 08:28:39 - [MESSAGE][INFO] - Action delay is set to 0 milliseconds

2020-04-24 08:28:45 - [MESSAGE][PASSED] - Browser is opened with url: 'https://admin.preview.checkatrade.com/'

2020-04-24 08:28:45 - [TEST_STEP][PASSED] - maximizeWindow(): Current window maximized

2020-04-24 08:28:47 - [MESSAGE][PASSED] - Current window maximized

2020-04-24 08:28:47 - [TEST_STEP][PASSED] - waitForElementClickable(findTestObject("Object Repository/WebOffice/Page_Checkatrade - Administration - Login/Login_Button"), 25): Object 'Object Repository/WebOffice/Page_Checkatrade - Administration - Login/Login_Button' is clickable

2020-04-24 08:28:47 - [MESSAGE][PASSED] - Object 'Object Repository/WebOffice/Page_Checkatrade - Administration - Login/Login_Button' is clickable

2020-04-24 08:28:47 - [TEST_STEP][PASSED] - verifyTextPresent("Checkatrade Web Office", false): Text 'Checkatrade Web Office' is present on page 

2020-04-24 08:28:47 - [MESSAGE][PASSED] - Text 'Checkatrade Web Office' is present on page 

2020-04-24 08:28:47 - [TEST_STEP][PASSED] - verifyTextPresent("Access for staff use only", false): Text 'Access for staff use only' is present on page 

2020-04-24 08:28:47 - [MESSAGE][PASSED] - Text 'Access for staff use only' is present on page 

2020-04-24 08:28:47 - [TEST_STEP][PASSED] - verifyTextPresent("Forgotten password?", false): Text 'Forgotten password?' is present on page 

2020-04-24 08:28:47 - [MESSAGE][PASSED] - Text 'Forgotten password?' is present on page 

2020-04-24 08:28:47 - [TEST_STEP][PASSED] - setText(findTestObject("Object Repository/WebOffice/Page_Checkatrade - Administration - Login/input_Username_LoginControlUserName"), wo_Username): Text 'DavidHo' is set on object 'Object Repository/WebOffice/Page_Checkatrade - Administration - Login/input_Username_LoginControlUserName'

2020-04-24 08:28:48 - [MESSAGE][PASSED] - Text 'DavidHo' is set on object 'Object Repository/WebOffice/Page_Checkatrade - Administration - Login/input_Username_LoginControlUserName'

2020-04-24 08:28:48 - [TEST_STEP][PASSED] - setText(findTestObject("Object Repository/WebOffice/Page_Checkatrade - Administration - Login/input_Password_LoginControlPassword"), wo_Password): Text 'Check123' is set on object 'Object Repository/WebOffice/Page_Checkatrade - Administration - Login/input_Password_LoginControlPassword'

2020-04-24 08:28:48 - [MESSAGE][PASSED] - Text 'Check123' is set on object 'Object Repository/WebOffice/Page_Checkatrade - Administration - Login/input_Password_LoginControlPassword'

2020-04-24 08:28:48 - [TEST_STEP][PASSED] - click(findTestObject("Object Repository/WebOffice/Page_Checkatrade - Administration - Login/Login_Button")): Object: 'Object Repository/WebOffice/Page_Checkatrade - Administration - Login/Login_Button' is clicked on

2020-04-24 08:28:50 - [MESSAGE][PASSED] - Object: 'Object Repository/WebOffice/Page_Checkatrade - Administration - Login/Login_Button' is clicked on

2020-04-24 08:28:50 - [TEST_STEP][PASSED] - waitForPageLoad(60): Wait for page load successfully

2020-04-24 08:28:50 - [MESSAGE][PASSED] - Wait for page load successfully

2020-04-24 08:28:50 - [TEST_STEP][PASSED] - verifyTextPresent("Welcome " + wo_Username, false): Text 'Welcome DavidHo' is present on page 

2020-04-24 08:28:50 - [MESSAGE][PASSED] - Text 'Welcome DavidHo' is present on page 

2020-04-24 08:28:50 - [MESSAGE][PASSED] - Call Test Case 'Test Cases/Reusable_Test_Sequences/Web_Office/Directives/WebOffice_StartUp' successfully

2020-04-24 08:28:50 - [TEST_STEP][PASSED] - "-----------------------------------------------------------------": null

2020-04-24 08:28:50 - [TEST_STEP][PASSED] - " Navigate to <Settings->Checkatrade.Com->Sub Item> Menu Item     |": null

2020-04-24 08:28:50 - [TEST_STEP][PASSED] - callTestCase(findTestCase("Reusable_Test_Sequences/Web_Office/Navigation/Sub_Menu_Navigation/Reports/Most_Popular"), [:], STOP_ON_FAILURE): Call Test Case 'Test Cases/Reusable_Test_Sequences/Web_Office/Navigation/Sub_Menu_Navigation/Reports/Most_Popular' successfully

2020-04-24 08:28:50 - [TEST_CASE][PASSED] - Test Cases/Reusable_Test_Sequences/Web_Office/Navigation/Sub_Menu_Navigation/Reports/Most_Popular: Test Cases/Reusable_Test_Sequences/Web_Office/Navigation/Sub_Menu_Navigation/Reports/Most_Popular

2020-04-24 08:28:51 - [TEST_STEP][PASSED] - "--------------------------------------": null

2020-04-24 08:28:51 - [TEST_STEP][PASSED] - " Navigate Top level menu Item         |": null

2020-04-24 08:28:51 - [TEST_STEP][PASSED] - waitForPageLoad(60): Wait for page load successfully

2020-04-24 08:28:51 - [MESSAGE][PASSED] - Wait for page load successfully

2020-04-24 08:28:51 - [TEST_STEP][PASSED] - waitForElementClickable(findTestObject("Object Repository/WebOffice_Home_page/a_Reports"), 60): Object 'Object Repository/WebOffice_Home_page/a_Reports' is clickable

2020-04-24 08:28:51 - [MESSAGE][PASSED] - Object 'Object Repository/WebOffice_Home_page/a_Reports' is clickable

2020-04-24 08:28:51 - [TEST_STEP][PASSED] - mouseOver(findTestObject("Object Repository/WebOffice_Home_page/a_Reports")): Object: 'Object Repository/WebOffice_Home_page/a_Reports' is hovered

2020-04-24 08:28:51 - [MESSAGE][PASSED] - Object: 'Object Repository/WebOffice_Home_page/a_Reports' is hovered

2020-04-24 08:28:51 - [TEST_STEP][PASSED] - mouseOver(findTestObject("Object Repository/WebOffice_Home_page/Page_/a_Consumers")): Object: 'Object Repository/WebOffice_Home_page/Page_/a_Consumers' is hovered

2020-04-24 08:28:52 - [MESSAGE][PASSED] - Object: 'Object Repository/WebOffice_Home_page/Page_/a_Consumers' is hovered

2020-04-24 08:28:52 - [TEST_STEP][PASSED] - mouseOver(findTestObject("Object Repository/WebOffice_Home_page/Page_/a_Consumer Searches")): Object: 'Object Repository/WebOffice_Home_page/Page_/a_Consumer Searches' is hovered

2020-04-24 08:28:52 - [MESSAGE][PASSED] - Object: 'Object Repository/WebOffice_Home_page/Page_/a_Consumer Searches' is hovered

2020-04-24 08:28:52 - [TEST_STEP][PASSED] - waitForPageLoad(5): Wait for page load successfully

2020-04-24 08:28:52 - [MESSAGE][PASSED] - Wait for page load successfully

2020-04-24 08:28:52 - [TEST_STEP][PASSED] - waitForElementClickable(findTestObject("Object Repository/WebOffice_Home_page/a_Most Popular"), 5): Object 'Object Repository/WebOffice_Home_page/a_Most Popular' is clickable

2020-04-24 08:28:52 - [MESSAGE][PASSED] - Object 'Object Repository/WebOffice_Home_page/a_Most Popular' is clickable

2020-04-24 08:28:52 - [TEST_STEP][PASSED] - click(findTestObject("Object Repository/WebOffice_Home_page/a_Most Popular")): Object: 'Object Repository/WebOffice_Home_page/a_Most Popular' is clicked on

2020-04-24 08:29:01 - [MESSAGE][PASSED] - Object: 'Object Repository/WebOffice_Home_page/a_Most Popular' is clicked on

2020-04-24 08:29:01 - [MESSAGE][PASSED] - Call Test Case 'Test Cases/Reusable_Test_Sequences/Web_Office/Navigation/Sub_Menu_Navigation/Reports/Most_Popular' successfully

2020-04-24 08:29:01 - [TEST_STEP][PASSED] - "--------------------------------------": null

2020-04-24 08:29:01 - [TEST_STEP][PASSED] - " Verify Returned Page Detail          |": null

2020-04-24 08:29:01 - [TEST_STEP][PASSED] - callTestCase(findTestCase("Reusable_Test_Sequences/Web_Office/Verification/Reports/Most_Popular"), [:], OPTIONAL): Call Test Case 'Test Cases/Reusable_Test_Sequences/Web_Office/Verification/Reports/Most_Popular' successfully

2020-04-24 08:29:01 - [TEST_CASE][PASSED] - Test Cases/Reusable_Test_Sequences/Web_Office/Verification/Reports/Most_Popular: Test Cases/Reusable_Test_Sequences/Web_Office/Verification/Reports/Most_Popular

2020-04-24 08:29:01 - [TEST_STEP][PASSED] - waitForPageLoad(120): Wait for page load successfully

2020-04-24 08:29:01 - [MESSAGE][PASSED] - Wait for page load successfully

2020-04-24 08:29:01 - [TEST_STEP][PASSED] - delay(1): Delayed 1 second(s)

2020-04-24 08:29:02 - [MESSAGE][PASSED] - Delayed 1 second(s)

2020-04-24 08:29:02 - [TEST_STEP][PASSED] - verifyTextPresent("Consumer Searches", false): Text 'Consumer Searches' is present on page 

2020-04-24 08:29:03 - [MESSAGE][PASSED] - Text 'Consumer Searches' is present on page 

2020-04-24 08:29:03 - [TEST_STEP][PASSED] - "----------------------------------------------": null

2020-04-24 08:29:03 - [TEST_STEP][PASSED] - verifyTextPresent("Most Popular Searches", false): Text 'Most Popular Searches' is present on page 

2020-04-24 08:29:03 - [MESSAGE][PASSED] - Text 'Most Popular Searches' is present on page 

2020-04-24 08:29:03 - [TEST_STEP][PASSED] - "----------------------------------------------": null

2020-04-24 08:29:03 - [TEST_STEP][PASSED] - verifyTextPresent("From", false): Text 'From' is present on page 

2020-04-24 08:29:03 - [MESSAGE][PASSED] - Text 'From' is present on page 

2020-04-24 08:29:03 - [TEST_STEP][PASSED] - verifyTextPresent("To", false): Text 'To' is present on page 

2020-04-24 08:29:03 - [MESSAGE][PASSED] - Text 'To' is present on page 

2020-04-24 08:29:03 - [MESSAGE][PASSED] - Call Test Case 'Test Cases/Reusable_Test_Sequences/Web_Office/Verification/Reports/Most_Popular' successfully

2020-04-24 08:29:03 - [TEST_STEP][PASSED] - "--------------------------": null

2020-04-24 08:29:03 - [TEST_STEP][PASSED] - " Teardown - CLose Browser |": null

2020-04-24 08:29:03 - [TEST_STEP][PASSED] - callTestCase(findTestCase("Reusable_Test_Sequences/CAT_Teardown"), [:], OPTIONAL): Call Test Case 'Test Cases/Reusable_Test_Sequences/CAT_Teardown' successfully

2020-04-24 08:29:03 - [TEST_CASE][PASSED] - Test Cases/Reusable_Test_Sequences/CAT_Teardown: Test Cases/Reusable_Test_Sequences/CAT_Teardown

2020-04-24 08:29:03 - [TEST_STEP][PASSED] - closeBrowser(): Browser is closed

2020-04-24 08:29:04 - [MESSAGE][PASSED] - Browser is closed

2020-04-24 08:29:04 - [TEST_STEP][PASSED] - super.finalize(): null

2020-04-24 08:29:04 - [TEST_STEP][PASSED] - System.gc(): null

2020-04-24 08:29:04 - [MESSAGE][PASSED] - Call Test Case 'Test Cases/Reusable_Test_Sequences/CAT_Teardown' successfully]]></system-out>
         <system-err><![CDATA[]]></system-err>
      </testcase>
      <testcase name="Test Cases/Web_Office/Reports/By_Category_and_Location" time="33.391" classname="Test Cases/Web_Office/Reports/By_Category_and_Location" status="PASSED">
         <system-out><![CDATA[2020-04-24 08:29:04 - [TEST_CASE][PASSED] - Test Cases/Web_Office/Reports/By_Category_and_Location: Test Cases/Web_Office/Reports/By_Category_and_Location

2020-04-24 08:29:04 - [TEST_STEP][PASSED] - "--------------------------------------": null

2020-04-24 08:29:04 - [TEST_STEP][PASSED] - " Web Office StartUp                  |": null

2020-04-24 08:29:04 - [TEST_STEP][PASSED] - callTestCase(findTestCase("Reusable_Test_Sequences/Web_Office/Directives/WebOffice_StartUp"), [:], STOP_ON_FAILURE): Call Test Case 'Test Cases/Reusable_Test_Sequences/Web_Office/Directives/WebOffice_StartUp' successfully

2020-04-24 08:29:05 - [TEST_CASE][PASSED] - Test Cases/Reusable_Test_Sequences/Web_Office/Directives/WebOffice_StartUp: Test Cases/Reusable_Test_Sequences/Web_Office/Directives/WebOffice_StartUp

2020-04-24 08:29:05 - [TEST_STEP][PASSED] - "-----------------------------------------------------------------------------": null

2020-04-24 08:29:05 - [TEST_STEP][PASSED] - if (URL == "https://www.dev.checkatrade.com/"): null

2020-04-24 08:29:05 - [TEST_STEP][PASSED] - "-----------------------------------------------------------------------------": null

2020-04-24 08:29:05 - [TEST_STEP][PASSED] - if (URL == "https://www.checkatrade.com/"): null

2020-04-24 08:29:05 - [TEST_STEP][PASSED] - "-----------------------------------------------------------------------------": null

2020-04-24 08:29:05 - [TEST_STEP][PASSED] - if (URL == "https://www.preview.checkatrade.com/"): null

2020-04-24 08:29:05 - [TEST_STEP][PASSED] - WebOfficeURL = "https://admin.preview.checkatrade.com/": null

2020-04-24 08:29:05 - [TEST_STEP][PASSED] - if (URL == "https://www.dev2.checkatrade.com/"): null

2020-04-24 08:29:05 - [TEST_STEP][PASSED] - "Set Function Area for "URL_Handler", URL Resolution": null

2020-04-24 08:29:05 - [TEST_STEP][PASSED] - "Do Some Magic with URL(s) See the comments within URL Handler ": null

2020-04-24 08:29:05 - [TEST_STEP][PASSED] - "------------------------------------------------": null

2020-04-24 08:29:05 - [TEST_STEP][PASSED] - "Moved Login Credentials to <Default> profile 22/01/2020": null

2020-04-24 08:29:05 - [TEST_STEP][PASSED] - "------------------------------------------------": null

2020-04-24 08:29:05 - [TEST_STEP][PASSED] - "WebOfficeURL - Set from the ENVIRONMENT PROFILE ": null

2020-04-24 08:29:05 - [TEST_STEP][PASSED] - "OPEN BROWSER": null

2020-04-24 08:29:05 - [TEST_STEP][PASSED] - "eg - https://admin.preview.checkatrade.com/  ": null

2020-04-24 08:29:05 - [TEST_STEP][PASSED] - openBrowser(WebOfficeURL): Browser is opened with url: 'https://admin.preview.checkatrade.com/'

2020-04-24 08:29:05 - [MESSAGE][INFO] - Starting 'Chrome' driver

2020-04-24 08:29:05 - [MESSAGE][INFO] - Action delay is set to 0 milliseconds

2020-04-24 08:29:09 - [MESSAGE][PASSED] - Browser is opened with url: 'https://admin.preview.checkatrade.com/'

2020-04-24 08:29:09 - [TEST_STEP][PASSED] - maximizeWindow(): Current window maximized

2020-04-24 08:29:11 - [MESSAGE][PASSED] - Current window maximized

2020-04-24 08:29:11 - [TEST_STEP][PASSED] - waitForElementClickable(findTestObject("Object Repository/WebOffice/Page_Checkatrade - Administration - Login/Login_Button"), 25): Object 'Object Repository/WebOffice/Page_Checkatrade - Administration - Login/Login_Button' is clickable

2020-04-24 08:29:11 - [MESSAGE][PASSED] - Object 'Object Repository/WebOffice/Page_Checkatrade - Administration - Login/Login_Button' is clickable

2020-04-24 08:29:11 - [TEST_STEP][PASSED] - verifyTextPresent("Checkatrade Web Office", false): Text 'Checkatrade Web Office' is present on page 

2020-04-24 08:29:12 - [MESSAGE][PASSED] - Text 'Checkatrade Web Office' is present on page 

2020-04-24 08:29:12 - [TEST_STEP][PASSED] - verifyTextPresent("Access for staff use only", false): Text 'Access for staff use only' is present on page 

2020-04-24 08:29:12 - [MESSAGE][PASSED] - Text 'Access for staff use only' is present on page 

2020-04-24 08:29:12 - [TEST_STEP][PASSED] - verifyTextPresent("Forgotten password?", false): Text 'Forgotten password?' is present on page 

2020-04-24 08:29:12 - [MESSAGE][PASSED] - Text 'Forgotten password?' is present on page 

2020-04-24 08:29:12 - [TEST_STEP][PASSED] - setText(findTestObject("Object Repository/WebOffice/Page_Checkatrade - Administration - Login/input_Username_LoginControlUserName"), wo_Username): Text 'DavidHo' is set on object 'Object Repository/WebOffice/Page_Checkatrade - Administration - Login/input_Username_LoginControlUserName'

2020-04-24 08:29:12 - [MESSAGE][PASSED] - Text 'DavidHo' is set on object 'Object Repository/WebOffice/Page_Checkatrade - Administration - Login/input_Username_LoginControlUserName'

2020-04-24 08:29:12 - [TEST_STEP][PASSED] - setText(findTestObject("Object Repository/WebOffice/Page_Checkatrade - Administration - Login/input_Password_LoginControlPassword"), wo_Password): Text 'Check123' is set on object 'Object Repository/WebOffice/Page_Checkatrade - Administration - Login/input_Password_LoginControlPassword'

2020-04-24 08:29:12 - [MESSAGE][PASSED] - Text 'Check123' is set on object 'Object Repository/WebOffice/Page_Checkatrade - Administration - Login/input_Password_LoginControlPassword'

2020-04-24 08:29:12 - [TEST_STEP][PASSED] - click(findTestObject("Object Repository/WebOffice/Page_Checkatrade - Administration - Login/Login_Button")): Object: 'Object Repository/WebOffice/Page_Checkatrade - Administration - Login/Login_Button' is clicked on

2020-04-24 08:29:13 - [MESSAGE][PASSED] - Object: 'Object Repository/WebOffice/Page_Checkatrade - Administration - Login/Login_Button' is clicked on

2020-04-24 08:29:13 - [TEST_STEP][PASSED] - waitForPageLoad(60): Wait for page load successfully

2020-04-24 08:29:14 - [MESSAGE][PASSED] - Wait for page load successfully

2020-04-24 08:29:14 - [TEST_STEP][PASSED] - verifyTextPresent("Welcome " + wo_Username, false): Text 'Welcome DavidHo' is present on page 

2020-04-24 08:29:14 - [MESSAGE][PASSED] - Text 'Welcome DavidHo' is present on page 

2020-04-24 08:29:14 - [MESSAGE][PASSED] - Call Test Case 'Test Cases/Reusable_Test_Sequences/Web_Office/Directives/WebOffice_StartUp' successfully

2020-04-24 08:29:14 - [TEST_STEP][PASSED] - "-----------------------------------------------------------------": null

2020-04-24 08:29:14 - [TEST_STEP][PASSED] - " Navigate to <Settings->Checkatrade.Com->Sub Item> Menu Item     |": null

2020-04-24 08:29:14 - [TEST_STEP][PASSED] - callTestCase(findTestCase("Reusable_Test_Sequences/Web_Office/Navigation/Sub_Menu_Navigation/Reports/By_Category_and_Location"), [:], STOP_ON_FAILURE): Call Test Case 'Test Cases/Reusable_Test_Sequences/Web_Office/Navigation/Sub_Menu_Navigation/Reports/By_Category_and_Location' successfully

2020-04-24 08:29:14 - [TEST_CASE][PASSED] - Test Cases/Reusable_Test_Sequences/Web_Office/Navigation/Sub_Menu_Navigation/Reports/By_Category_and_Location: Test Cases/Reusable_Test_Sequences/Web_Office/Navigation/Sub_Menu_Navigation/Reports/By_Category_and_Location

2020-04-24 08:29:14 - [TEST_STEP][PASSED] - "--------------------------------------": null

2020-04-24 08:29:14 - [TEST_STEP][PASSED] - " Navigate Top level menu Item         |": null

2020-04-24 08:29:14 - [TEST_STEP][PASSED] - waitForPageLoad(60): Wait for page load successfully

2020-04-24 08:29:14 - [MESSAGE][PASSED] - Wait for page load successfully

2020-04-24 08:29:14 - [TEST_STEP][PASSED] - waitForElementClickable(findTestObject("Object Repository/WebOffice_Home_page/a_Reports"), 60): Object 'Object Repository/WebOffice_Home_page/a_Reports' is clickable

2020-04-24 08:29:15 - [MESSAGE][PASSED] - Object 'Object Repository/WebOffice_Home_page/a_Reports' is clickable

2020-04-24 08:29:15 - [TEST_STEP][PASSED] - mouseOver(findTestObject("Object Repository/WebOffice_Home_page/a_Reports")): Object: 'Object Repository/WebOffice_Home_page/a_Reports' is hovered

2020-04-24 08:29:15 - [MESSAGE][PASSED] - Object: 'Object Repository/WebOffice_Home_page/a_Reports' is hovered

2020-04-24 08:29:15 - [TEST_STEP][PASSED] - mouseOver(findTestObject("Object Repository/WebOffice_Home_page/Page_/a_Consumers")): Object: 'Object Repository/WebOffice_Home_page/Page_/a_Consumers' is hovered

2020-04-24 08:29:15 - [MESSAGE][PASSED] - Object: 'Object Repository/WebOffice_Home_page/Page_/a_Consumers' is hovered

2020-04-24 08:29:15 - [TEST_STEP][PASSED] - mouseOver(findTestObject("Object Repository/WebOffice_Home_page/Page_/a_Consumer Searches")): Object: 'Object Repository/WebOffice_Home_page/Page_/a_Consumer Searches' is hovered

2020-04-24 08:29:16 - [MESSAGE][PASSED] - Object: 'Object Repository/WebOffice_Home_page/Page_/a_Consumer Searches' is hovered

2020-04-24 08:29:16 - [TEST_STEP][PASSED] - waitForPageLoad(5): Wait for page load successfully

2020-04-24 08:29:16 - [MESSAGE][PASSED] - Wait for page load successfully

2020-04-24 08:29:16 - [TEST_STEP][PASSED] - waitForElementClickable(findTestObject("Object Repository/WebOffice_Home_page/a_By Category and Location"), 5): Object 'Object Repository/WebOffice_Home_page/a_By Category and Location' is clickable

2020-04-24 08:29:16 - [MESSAGE][PASSED] - Object 'Object Repository/WebOffice_Home_page/a_By Category and Location' is clickable

2020-04-24 08:29:16 - [TEST_STEP][PASSED] - click(findTestObject("Object Repository/WebOffice_Home_page/a_By Category and Location")): Object: 'Object Repository/WebOffice_Home_page/a_By Category and Location' is clicked on

2020-04-24 08:29:19 - [MESSAGE][PASSED] - Object: 'Object Repository/WebOffice_Home_page/a_By Category and Location' is clicked on

2020-04-24 08:29:19 - [MESSAGE][PASSED] - Call Test Case 'Test Cases/Reusable_Test_Sequences/Web_Office/Navigation/Sub_Menu_Navigation/Reports/By_Category_and_Location' successfully

2020-04-24 08:29:19 - [TEST_STEP][PASSED] - "--------------------------------------": null

2020-04-24 08:29:19 - [TEST_STEP][PASSED] - " Verify Returned Page Detail          |": null

2020-04-24 08:29:19 - [TEST_STEP][PASSED] - callTestCase(findTestCase("Reusable_Test_Sequences/Web_Office/Verification/Reports/By_Category_and_Location"), [:], OPTIONAL): Call Test Case 'Test Cases/Reusable_Test_Sequences/Web_Office/Verification/Reports/By_Category_and_Location' successfully

2020-04-24 08:29:19 - [TEST_CASE][PASSED] - Test Cases/Reusable_Test_Sequences/Web_Office/Verification/Reports/By_Category_and_Location: Test Cases/Reusable_Test_Sequences/Web_Office/Verification/Reports/By_Category_and_Location

2020-04-24 08:29:19 - [TEST_STEP][PASSED] - waitForPageLoad(120): Wait for page load successfully

2020-04-24 08:29:19 - [MESSAGE][PASSED] - Wait for page load successfully

2020-04-24 08:29:19 - [TEST_STEP][PASSED] - delay(1): Delayed 1 second(s)

2020-04-24 08:29:20 - [MESSAGE][PASSED] - Delayed 1 second(s)

2020-04-24 08:29:20 - [TEST_STEP][PASSED] - verifyTextPresent("Searches by Location and Category", false): Text 'Searches by Location and Category' is present on page 

2020-04-24 08:29:21 - [MESSAGE][PASSED] - Text 'Searches by Location and Category' is present on page 

2020-04-24 08:29:21 - [TEST_STEP][PASSED] - "----------------------------------------------": null

2020-04-24 08:29:21 - [TEST_STEP][PASSED] - verifyTextPresent("County", false): Text 'County' is present on page 

2020-04-24 08:29:22 - [MESSAGE][PASSED] - Text 'County' is present on page 

2020-04-24 08:29:22 - [TEST_STEP][PASSED] - verifyTextPresent("Town", false): Text 'Town' is present on page 

2020-04-24 08:29:23 - [MESSAGE][PASSED] - Text 'Town' is present on page 

2020-04-24 08:29:23 - [TEST_STEP][PASSED] - verifyTextPresent("By Postcode", false): Text 'By Postcode' is present on page 

2020-04-24 08:29:25 - [MESSAGE][PASSED] - Text 'By Postcode' is present on page 

2020-04-24 08:29:25 - [TEST_STEP][PASSED] - verifyTextPresent("Select Categories", false): Text 'Select Categories' is present on page 

2020-04-24 08:29:26 - [MESSAGE][PASSED] - Text 'Select Categories' is present on page 

2020-04-24 08:29:26 - [TEST_STEP][PASSED] - "----------------------------------------------": null

2020-04-24 08:29:26 - [TEST_STEP][PASSED] - "----------------------------------------------": null

2020-04-24 08:29:26 - [TEST_STEP][PASSED] - verifyTextPresent("Angus", false): Text 'Angus' is present on page 

2020-04-24 08:29:27 - [MESSAGE][PASSED] - Text 'Angus' is present on page 

2020-04-24 08:29:27 - [TEST_STEP][PASSED] - verifyTextPresent("Berkshire", false): Text 'Berkshire' is present on page 

2020-04-24 08:29:28 - [MESSAGE][PASSED] - Text 'Berkshire' is present on page 

2020-04-24 08:29:28 - [TEST_STEP][PASSED] - verifyTextPresent("Avon", false): Text 'Avon' is present on page 

2020-04-24 08:29:29 - [MESSAGE][PASSED] - Text 'Avon' is present on page 

2020-04-24 08:29:29 - [TEST_STEP][PASSED] - verifyTextPresent("Air Conditioning", false): Text 'Air Conditioning' is present on page 

2020-04-24 08:29:30 - [MESSAGE][PASSED] - Text 'Air Conditioning' is present on page 

2020-04-24 08:29:30 - [TEST_STEP][PASSED] - verifyTextPresent("Alarms/Security", false): Text 'Alarms/Security' is present on page 

2020-04-24 08:29:31 - [MESSAGE][PASSED] - Text 'Alarms/Security' is present on page 

2020-04-24 08:29:31 - [TEST_STEP][PASSED] - verifyTextPresent("CCTV", false): Text 'CCTV' is present on page 

2020-04-24 08:29:32 - [MESSAGE][PASSED] - Text 'CCTV' is present on page 

2020-04-24 08:29:32 - [TEST_STEP][PASSED] - verifyTextPresent("Fire", false): Text 'Fire' is present on page 

2020-04-24 08:29:33 - [MESSAGE][PASSED] - Text 'Fire' is present on page 

2020-04-24 08:29:33 - [TEST_STEP][PASSED] - verifyTextPresent("Alarms", false): Text 'Alarms' is present on page 

2020-04-24 08:29:34 - [MESSAGE][PASSED] - Text 'Alarms' is present on page 

2020-04-24 08:29:34 - [TEST_STEP][PASSED] - verifyTextPresent("Extinguishers", false): Text 'Extinguishers' is present on page 

2020-04-24 08:29:36 - [MESSAGE][PASSED] - Text 'Extinguishers' is present on page 

2020-04-24 08:29:36 - [MESSAGE][PASSED] - Call Test Case 'Test Cases/Reusable_Test_Sequences/Web_Office/Verification/Reports/By_Category_and_Location' successfully

2020-04-24 08:29:36 - [TEST_STEP][PASSED] - "--------------------------": null

2020-04-24 08:29:36 - [TEST_STEP][PASSED] - " Teardown - CLose Browser |": null

2020-04-24 08:29:36 - [TEST_STEP][PASSED] - callTestCase(findTestCase("Reusable_Test_Sequences/CAT_Teardown"), [:], OPTIONAL): Call Test Case 'Test Cases/Reusable_Test_Sequences/CAT_Teardown' successfully

2020-04-24 08:29:36 - [TEST_CASE][PASSED] - Test Cases/Reusable_Test_Sequences/CAT_Teardown: Test Cases/Reusable_Test_Sequences/CAT_Teardown

2020-04-24 08:29:36 - [TEST_STEP][PASSED] - closeBrowser(): Browser is closed

2020-04-24 08:29:37 - [MESSAGE][PASSED] - Browser is closed

2020-04-24 08:29:37 - [TEST_STEP][PASSED] - super.finalize(): null

2020-04-24 08:29:37 - [TEST_STEP][PASSED] - System.gc(): null

2020-04-24 08:29:38 - [MESSAGE][PASSED] - Call Test Case 'Test Cases/Reusable_Test_Sequences/CAT_Teardown' successfully]]></system-out>
         <system-err><![CDATA[]]></system-err>
      </testcase>
      <testcase name="Test Cases/Web_Office/Reports/By_Category" time="22.283" classname="Test Cases/Web_Office/Reports/By_Category" status="PASSED">
         <system-out><![CDATA[2020-04-24 08:29:38 - [TEST_CASE][PASSED] - Test Cases/Web_Office/Reports/By_Category: Test Cases/Web_Office/Reports/By_Category

2020-04-24 08:29:38 - [TEST_STEP][PASSED] - "--------------------------------------": null

2020-04-24 08:29:38 - [TEST_STEP][PASSED] - " Web Office StartUp                  |": null

2020-04-24 08:29:38 - [TEST_STEP][PASSED] - callTestCase(findTestCase("Reusable_Test_Sequences/Web_Office/Directives/WebOffice_StartUp"), [:], STOP_ON_FAILURE): Call Test Case 'Test Cases/Reusable_Test_Sequences/Web_Office/Directives/WebOffice_StartUp' successfully

2020-04-24 08:29:38 - [TEST_CASE][PASSED] - Test Cases/Reusable_Test_Sequences/Web_Office/Directives/WebOffice_StartUp: Test Cases/Reusable_Test_Sequences/Web_Office/Directives/WebOffice_StartUp

2020-04-24 08:29:38 - [TEST_STEP][PASSED] - "-----------------------------------------------------------------------------": null

2020-04-24 08:29:38 - [TEST_STEP][PASSED] - if (URL == "https://www.dev.checkatrade.com/"): null

2020-04-24 08:29:38 - [TEST_STEP][PASSED] - "-----------------------------------------------------------------------------": null

2020-04-24 08:29:38 - [TEST_STEP][PASSED] - if (URL == "https://www.checkatrade.com/"): null

2020-04-24 08:29:38 - [TEST_STEP][PASSED] - "-----------------------------------------------------------------------------": null

2020-04-24 08:29:38 - [TEST_STEP][PASSED] - if (URL == "https://www.preview.checkatrade.com/"): null

2020-04-24 08:29:38 - [TEST_STEP][PASSED] - WebOfficeURL = "https://admin.preview.checkatrade.com/": null

2020-04-24 08:29:38 - [TEST_STEP][PASSED] - if (URL == "https://www.dev2.checkatrade.com/"): null

2020-04-24 08:29:38 - [TEST_STEP][PASSED] - "Set Function Area for "URL_Handler", URL Resolution": null

2020-04-24 08:29:38 - [TEST_STEP][PASSED] - "Do Some Magic with URL(s) See the comments within URL Handler ": null

2020-04-24 08:29:38 - [TEST_STEP][PASSED] - "------------------------------------------------": null

2020-04-24 08:29:38 - [TEST_STEP][PASSED] - "Moved Login Credentials to <Default> profile 22/01/2020": null

2020-04-24 08:29:38 - [TEST_STEP][PASSED] - "------------------------------------------------": null

2020-04-24 08:29:38 - [TEST_STEP][PASSED] - "WebOfficeURL - Set from the ENVIRONMENT PROFILE ": null

2020-04-24 08:29:38 - [TEST_STEP][PASSED] - "OPEN BROWSER": null

2020-04-24 08:29:38 - [TEST_STEP][PASSED] - "eg - https://admin.preview.checkatrade.com/  ": null

2020-04-24 08:29:38 - [TEST_STEP][PASSED] - openBrowser(WebOfficeURL): Browser is opened with url: 'https://admin.preview.checkatrade.com/'

2020-04-24 08:29:38 - [MESSAGE][INFO] - Starting 'Chrome' driver

2020-04-24 08:29:38 - [MESSAGE][INFO] - Action delay is set to 0 milliseconds

2020-04-24 08:29:43 - [MESSAGE][PASSED] - Browser is opened with url: 'https://admin.preview.checkatrade.com/'

2020-04-24 08:29:43 - [TEST_STEP][PASSED] - maximizeWindow(): Current window maximized

2020-04-24 08:29:46 - [MESSAGE][PASSED] - Current window maximized

2020-04-24 08:29:46 - [TEST_STEP][PASSED] - waitForElementClickable(findTestObject("Object Repository/WebOffice/Page_Checkatrade - Administration - Login/Login_Button"), 25): Object 'Object Repository/WebOffice/Page_Checkatrade - Administration - Login/Login_Button' is clickable

2020-04-24 08:29:46 - [MESSAGE][PASSED] - Object 'Object Repository/WebOffice/Page_Checkatrade - Administration - Login/Login_Button' is clickable

2020-04-24 08:29:46 - [TEST_STEP][PASSED] - verifyTextPresent("Checkatrade Web Office", false): Text 'Checkatrade Web Office' is present on page 

2020-04-24 08:29:46 - [MESSAGE][PASSED] - Text 'Checkatrade Web Office' is present on page 

2020-04-24 08:29:46 - [TEST_STEP][PASSED] - verifyTextPresent("Access for staff use only", false): Text 'Access for staff use only' is present on page 

2020-04-24 08:29:46 - [MESSAGE][PASSED] - Text 'Access for staff use only' is present on page 

2020-04-24 08:29:46 - [TEST_STEP][PASSED] - verifyTextPresent("Forgotten password?", false): Text 'Forgotten password?' is present on page 

2020-04-24 08:29:47 - [MESSAGE][PASSED] - Text 'Forgotten password?' is present on page 

2020-04-24 08:29:47 - [TEST_STEP][PASSED] - setText(findTestObject("Object Repository/WebOffice/Page_Checkatrade - Administration - Login/input_Username_LoginControlUserName"), wo_Username): Text 'DavidHo' is set on object 'Object Repository/WebOffice/Page_Checkatrade - Administration - Login/input_Username_LoginControlUserName'

2020-04-24 08:29:47 - [MESSAGE][PASSED] - Text 'DavidHo' is set on object 'Object Repository/WebOffice/Page_Checkatrade - Administration - Login/input_Username_LoginControlUserName'

2020-04-24 08:29:47 - [TEST_STEP][PASSED] - setText(findTestObject("Object Repository/WebOffice/Page_Checkatrade - Administration - Login/input_Password_LoginControlPassword"), wo_Password): Text 'Check123' is set on object 'Object Repository/WebOffice/Page_Checkatrade - Administration - Login/input_Password_LoginControlPassword'

2020-04-24 08:29:47 - [MESSAGE][PASSED] - Text 'Check123' is set on object 'Object Repository/WebOffice/Page_Checkatrade - Administration - Login/input_Password_LoginControlPassword'

2020-04-24 08:29:47 - [TEST_STEP][PASSED] - click(findTestObject("Object Repository/WebOffice/Page_Checkatrade - Administration - Login/Login_Button")): Object: 'Object Repository/WebOffice/Page_Checkatrade - Administration - Login/Login_Button' is clicked on

2020-04-24 08:29:48 - [MESSAGE][PASSED] - Object: 'Object Repository/WebOffice/Page_Checkatrade - Administration - Login/Login_Button' is clicked on

2020-04-24 08:29:48 - [TEST_STEP][PASSED] - waitForPageLoad(60): Wait for page load successfully

2020-04-24 08:29:48 - [MESSAGE][PASSED] - Wait for page load successfully

2020-04-24 08:29:48 - [TEST_STEP][PASSED] - verifyTextPresent("Welcome " + wo_Username, false): Text 'Welcome DavidHo' is present on page 

2020-04-24 08:29:49 - [MESSAGE][PASSED] - Text 'Welcome DavidHo' is present on page 

2020-04-24 08:29:49 - [MESSAGE][PASSED] - Call Test Case 'Test Cases/Reusable_Test_Sequences/Web_Office/Directives/WebOffice_StartUp' successfully

2020-04-24 08:29:49 - [TEST_STEP][PASSED] - "-----------------------------------------------------------------": null

2020-04-24 08:29:49 - [TEST_STEP][PASSED] - " Navigate to <Settings->Checkatrade.Com->Sub Item> Menu Item     |": null

2020-04-24 08:29:49 - [TEST_STEP][PASSED] - callTestCase(findTestCase("Reusable_Test_Sequences/Web_Office/Navigation/Sub_Menu_Navigation/Reports/By_Category"), [:], STOP_ON_FAILURE): Call Test Case 'Test Cases/Reusable_Test_Sequences/Web_Office/Navigation/Sub_Menu_Navigation/Reports/By_Category' successfully

2020-04-24 08:29:49 - [TEST_CASE][PASSED] - Test Cases/Reusable_Test_Sequences/Web_Office/Navigation/Sub_Menu_Navigation/Reports/By_Category: Test Cases/Reusable_Test_Sequences/Web_Office/Navigation/Sub_Menu_Navigation/Reports/By_Category

2020-04-24 08:29:49 - [TEST_STEP][PASSED] - "--------------------------------------": null

2020-04-24 08:29:49 - [TEST_STEP][PASSED] - " Navigate Top level menu Item         |": null

2020-04-24 08:29:49 - [TEST_STEP][PASSED] - waitForPageLoad(60): Wait for page load successfully

2020-04-24 08:29:49 - [MESSAGE][PASSED] - Wait for page load successfully

2020-04-24 08:29:49 - [TEST_STEP][PASSED] - waitForElementClickable(findTestObject("Object Repository/WebOffice_Home_page/a_Reports"), 60): Object 'Object Repository/WebOffice_Home_page/a_Reports' is clickable

2020-04-24 08:29:49 - [MESSAGE][PASSED] - Object 'Object Repository/WebOffice_Home_page/a_Reports' is clickable

2020-04-24 08:29:49 - [TEST_STEP][PASSED] - mouseOver(findTestObject("Object Repository/WebOffice_Home_page/a_Reports")): Object: 'Object Repository/WebOffice_Home_page/a_Reports' is hovered

2020-04-24 08:29:50 - [MESSAGE][PASSED] - Object: 'Object Repository/WebOffice_Home_page/a_Reports' is hovered

2020-04-24 08:29:50 - [TEST_STEP][PASSED] - mouseOver(findTestObject("Object Repository/WebOffice_Home_page/Page_/a_Consumers")): Object: 'Object Repository/WebOffice_Home_page/Page_/a_Consumers' is hovered

2020-04-24 08:29:50 - [MESSAGE][PASSED] - Object: 'Object Repository/WebOffice_Home_page/Page_/a_Consumers' is hovered

2020-04-24 08:29:50 - [TEST_STEP][PASSED] - mouseOver(findTestObject("Object Repository/WebOffice_Home_page/Page_/a_Consumer Searches")): Object: 'Object Repository/WebOffice_Home_page/Page_/a_Consumer Searches' is hovered

2020-04-24 08:29:50 - [MESSAGE][PASSED] - Object: 'Object Repository/WebOffice_Home_page/Page_/a_Consumer Searches' is hovered

2020-04-24 08:29:50 - [TEST_STEP][PASSED] - waitForPageLoad(5): Wait for page load successfully

2020-04-24 08:29:50 - [MESSAGE][PASSED] - Wait for page load successfully

2020-04-24 08:29:50 - [TEST_STEP][PASSED] - waitForElementClickable(findTestObject("Object Repository/WebOffice_Home_page/a_By Category"), 5): Object 'Object Repository/WebOffice_Home_page/a_By Category' is clickable

2020-04-24 08:29:50 - [MESSAGE][PASSED] - Object 'Object Repository/WebOffice_Home_page/a_By Category' is clickable

2020-04-24 08:29:50 - [TEST_STEP][PASSED] - click(findTestObject("Object Repository/WebOffice_Home_page/a_By Category")): Object: 'Object Repository/WebOffice_Home_page/a_By Category' is clicked on

2020-04-24 08:29:51 - [MESSAGE][PASSED] - Object: 'Object Repository/WebOffice_Home_page/a_By Category' is clicked on

2020-04-24 08:29:51 - [MESSAGE][PASSED] - Call Test Case 'Test Cases/Reusable_Test_Sequences/Web_Office/Navigation/Sub_Menu_Navigation/Reports/By_Category' successfully

2020-04-24 08:29:51 - [TEST_STEP][PASSED] - "--------------------------------------": null

2020-04-24 08:29:51 - [TEST_STEP][PASSED] - " Verify Returned Page Detail          |": null

2020-04-24 08:29:51 - [TEST_STEP][PASSED] - callTestCase(findTestCase("Reusable_Test_Sequences/Web_Office/Verification/Reports/By_Category"), [:], OPTIONAL): Call Test Case 'Test Cases/Reusable_Test_Sequences/Web_Office/Verification/Reports/By_Category' successfully

2020-04-24 08:29:51 - [TEST_CASE][PASSED] - Test Cases/Reusable_Test_Sequences/Web_Office/Verification/Reports/By_Category: Test Cases/Reusable_Test_Sequences/Web_Office/Verification/Reports/By_Category

2020-04-24 08:29:51 - [TEST_STEP][PASSED] - waitForPageLoad(120): Wait for page load successfully

2020-04-24 08:29:52 - [MESSAGE][PASSED] - Wait for page load successfully

2020-04-24 08:29:52 - [TEST_STEP][PASSED] - delay(1): Delayed 1 second(s)

2020-04-24 08:29:53 - [MESSAGE][PASSED] - Delayed 1 second(s)

2020-04-24 08:29:53 - [TEST_STEP][PASSED] - verifyTextPresent("Consumer Searches", false): Text 'Consumer Searches' is present on page 

2020-04-24 08:29:53 - [MESSAGE][PASSED] - Text 'Consumer Searches' is present on page 

2020-04-24 08:29:53 - [TEST_STEP][PASSED] - "----------------------------------------------": null

2020-04-24 08:29:53 - [TEST_STEP][PASSED] - verifyTextPresent("From", false): Text 'From' is present on page 

2020-04-24 08:29:53 - [MESSAGE][PASSED] - Text 'From' is present on page 

2020-04-24 08:29:53 - [TEST_STEP][PASSED] - verifyTextPresent("Popular Categories", false): Text 'Popular Categories' is present on page 

2020-04-24 08:29:54 - [MESSAGE][PASSED] - Text 'Popular Categories' is present on page 

2020-04-24 08:29:54 - [TEST_STEP][PASSED] - verifyTextPresent("Search for", false): Text 'Search for' is present on page 

2020-04-24 08:29:54 - [MESSAGE][PASSED] - Text 'Search for' is present on page 

2020-04-24 08:29:54 - [TEST_STEP][PASSED] - verifyTextPresent("No. Results", false): Text 'No. Results' is present on page 

2020-04-24 08:29:55 - [MESSAGE][PASSED] - Text 'No. Results' is present on page 

2020-04-24 08:29:55 - [TEST_STEP][PASSED] - verifyTextPresent("No. Searches", false): Text 'No. Searches' is present on page 

2020-04-24 08:29:55 - [MESSAGE][PASSED] - Text 'No. Searches' is present on page 

2020-04-24 08:29:55 - [TEST_STEP][PASSED] - "----------------------------------------------": null

2020-04-24 08:29:55 - [TEST_STEP][PASSED] - verifyTextPresent("Plumber", false): Text 'Plumber' is present on page 

2020-04-24 08:29:55 - [MESSAGE][PASSED] - Text 'Plumber' is present on page 

2020-04-24 08:29:55 - [TEST_STEP][PASSED] - verifyTextPresent("Builder", false): Text 'Builder' is present on page 

2020-04-24 08:29:56 - [MESSAGE][PASSED] - Text 'Builder' is present on page 

2020-04-24 08:29:56 - [TEST_STEP][PASSED] - verifyTextPresent("Electrician", false): Text 'Electrician' is present on page 

2020-04-24 08:29:56 - [MESSAGE][PASSED] - Text 'Electrician' is present on page 

2020-04-24 08:29:56 - [TEST_STEP][PASSED] - verifyTextPresent("Roofer", false): Text 'Roofer' is present on page 

2020-04-24 08:29:57 - [MESSAGE][PASSED] - Text 'Roofer' is present on page 

2020-04-24 08:29:57 - [TEST_STEP][PASSED] - verifyTextPresent("Painter/Decorator", false): Text 'Painter/Decorator' is present on page 

2020-04-24 08:29:57 - [MESSAGE][PASSED] - Text 'Painter/Decorator' is present on page 

2020-04-24 08:29:57 - [TEST_STEP][PASSED] - verifyTextPresent("Carpenter", false): Text 'Carpenter' is present on page 

2020-04-24 08:29:57 - [MESSAGE][PASSED] - Text 'Carpenter' is present on page 

2020-04-24 08:29:57 - [TEST_STEP][PASSED] - verifyTextPresent("Plasterer", false): Text 'Plasterer' is present on page 

2020-04-24 08:29:58 - [MESSAGE][PASSED] - Text 'Plasterer' is present on page 

2020-04-24 08:29:58 - [TEST_STEP][PASSED] - verifyTextPresent("Roofing Repairs", false): Text 'Roofing Repairs' is present on page 

2020-04-24 08:29:58 - [MESSAGE][PASSED] - Text 'Roofing Repairs' is present on page 

2020-04-24 08:29:58 - [TEST_STEP][PASSED] - verifyTextPresent("Landscaper", false): Text 'Landscaper' is present on page 

2020-04-24 08:29:58 - [MESSAGE][PASSED] - Text 'Landscaper' is present on page 

2020-04-24 08:29:58 - [MESSAGE][PASSED] - Call Test Case 'Test Cases/Reusable_Test_Sequences/Web_Office/Verification/Reports/By_Category' successfully

2020-04-24 08:29:58 - [TEST_STEP][PASSED] - "--------------------------": null

2020-04-24 08:29:58 - [TEST_STEP][PASSED] - " Teardown - CLose Browser |": null

2020-04-24 08:29:58 - [TEST_STEP][PASSED] - callTestCase(findTestCase("Reusable_Test_Sequences/CAT_Teardown"), [:], OPTIONAL): Call Test Case 'Test Cases/Reusable_Test_Sequences/CAT_Teardown' successfully

2020-04-24 08:29:58 - [TEST_CASE][PASSED] - Test Cases/Reusable_Test_Sequences/CAT_Teardown: Test Cases/Reusable_Test_Sequences/CAT_Teardown

2020-04-24 08:29:58 - [TEST_STEP][PASSED] - closeBrowser(): Browser is closed

2020-04-24 08:30:00 - [MESSAGE][PASSED] - Browser is closed

2020-04-24 08:30:00 - [TEST_STEP][PASSED] - super.finalize(): null

2020-04-24 08:30:00 - [TEST_STEP][PASSED] - System.gc(): null

2020-04-24 08:30:00 - [MESSAGE][PASSED] - Call Test Case 'Test Cases/Reusable_Test_Sequences/CAT_Teardown' successfully]]></system-out>
         <system-err><![CDATA[]]></system-err>
      </testcase>
      <testcase name="Test Cases/Web_Office/Reports/By_Location" time="24.467" classname="Test Cases/Web_Office/Reports/By_Location" status="PASSED">
         <system-out><![CDATA[2020-04-24 08:30:00 - [TEST_CASE][PASSED] - Test Cases/Web_Office/Reports/By_Location: Test Cases/Web_Office/Reports/By_Location

2020-04-24 08:30:00 - [TEST_STEP][PASSED] - "--------------------------------------": null

2020-04-24 08:30:00 - [TEST_STEP][PASSED] - " Web Office StartUp                  |": null

2020-04-24 08:30:00 - [TEST_STEP][PASSED] - callTestCase(findTestCase("Reusable_Test_Sequences/Web_Office/Directives/WebOffice_StartUp"), [:], STOP_ON_FAILURE): Call Test Case 'Test Cases/Reusable_Test_Sequences/Web_Office/Directives/WebOffice_StartUp' successfully

2020-04-24 08:30:00 - [TEST_CASE][PASSED] - Test Cases/Reusable_Test_Sequences/Web_Office/Directives/WebOffice_StartUp: Test Cases/Reusable_Test_Sequences/Web_Office/Directives/WebOffice_StartUp

2020-04-24 08:30:00 - [TEST_STEP][PASSED] - "-----------------------------------------------------------------------------": null

2020-04-24 08:30:00 - [TEST_STEP][PASSED] - if (URL == "https://www.dev.checkatrade.com/"): null

2020-04-24 08:30:00 - [TEST_STEP][PASSED] - "-----------------------------------------------------------------------------": null

2020-04-24 08:30:00 - [TEST_STEP][PASSED] - if (URL == "https://www.checkatrade.com/"): null

2020-04-24 08:30:00 - [TEST_STEP][PASSED] - "-----------------------------------------------------------------------------": null

2020-04-24 08:30:00 - [TEST_STEP][PASSED] - if (URL == "https://www.preview.checkatrade.com/"): null

2020-04-24 08:30:00 - [TEST_STEP][PASSED] - WebOfficeURL = "https://admin.preview.checkatrade.com/": null

2020-04-24 08:30:00 - [TEST_STEP][PASSED] - if (URL == "https://www.dev2.checkatrade.com/"): null

2020-04-24 08:30:00 - [TEST_STEP][PASSED] - "Set Function Area for "URL_Handler", URL Resolution": null

2020-04-24 08:30:00 - [TEST_STEP][PASSED] - "Do Some Magic with URL(s) See the comments within URL Handler ": null

2020-04-24 08:30:00 - [TEST_STEP][PASSED] - "------------------------------------------------": null

2020-04-24 08:30:00 - [TEST_STEP][PASSED] - "Moved Login Credentials to <Default> profile 22/01/2020": null

2020-04-24 08:30:00 - [TEST_STEP][PASSED] - "------------------------------------------------": null

2020-04-24 08:30:00 - [TEST_STEP][PASSED] - "WebOfficeURL - Set from the ENVIRONMENT PROFILE ": null

2020-04-24 08:30:00 - [TEST_STEP][PASSED] - "OPEN BROWSER": null

2020-04-24 08:30:00 - [TEST_STEP][PASSED] - "eg - https://admin.preview.checkatrade.com/  ": null

2020-04-24 08:30:00 - [TEST_STEP][PASSED] - openBrowser(WebOfficeURL): Browser is opened with url: 'https://admin.preview.checkatrade.com/'

2020-04-24 08:30:00 - [MESSAGE][INFO] - Starting 'Chrome' driver

2020-04-24 08:30:00 - [MESSAGE][INFO] - Action delay is set to 0 milliseconds

2020-04-24 08:30:06 - [MESSAGE][PASSED] - Browser is opened with url: 'https://admin.preview.checkatrade.com/'

2020-04-24 08:30:06 - [TEST_STEP][PASSED] - maximizeWindow(): Current window maximized

2020-04-24 08:30:08 - [MESSAGE][PASSED] - Current window maximized

2020-04-24 08:30:08 - [TEST_STEP][PASSED] - waitForElementClickable(findTestObject("Object Repository/WebOffice/Page_Checkatrade - Administration - Login/Login_Button"), 25): Object 'Object Repository/WebOffice/Page_Checkatrade - Administration - Login/Login_Button' is clickable

2020-04-24 08:30:08 - [MESSAGE][PASSED] - Object 'Object Repository/WebOffice/Page_Checkatrade - Administration - Login/Login_Button' is clickable

2020-04-24 08:30:08 - [TEST_STEP][PASSED] - verifyTextPresent("Checkatrade Web Office", false): Text 'Checkatrade Web Office' is present on page 

2020-04-24 08:30:08 - [MESSAGE][PASSED] - Text 'Checkatrade Web Office' is present on page 

2020-04-24 08:30:08 - [TEST_STEP][PASSED] - verifyTextPresent("Access for staff use only", false): Text 'Access for staff use only' is present on page 

2020-04-24 08:30:08 - [MESSAGE][PASSED] - Text 'Access for staff use only' is present on page 

2020-04-24 08:30:08 - [TEST_STEP][PASSED] - verifyTextPresent("Forgotten password?", false): Text 'Forgotten password?' is present on page 

2020-04-24 08:30:08 - [MESSAGE][PASSED] - Text 'Forgotten password?' is present on page 

2020-04-24 08:30:08 - [TEST_STEP][PASSED] - setText(findTestObject("Object Repository/WebOffice/Page_Checkatrade - Administration - Login/input_Username_LoginControlUserName"), wo_Username): Text 'DavidHo' is set on object 'Object Repository/WebOffice/Page_Checkatrade - Administration - Login/input_Username_LoginControlUserName'

2020-04-24 08:30:09 - [MESSAGE][PASSED] - Text 'DavidHo' is set on object 'Object Repository/WebOffice/Page_Checkatrade - Administration - Login/input_Username_LoginControlUserName'

2020-04-24 08:30:09 - [TEST_STEP][PASSED] - setText(findTestObject("Object Repository/WebOffice/Page_Checkatrade - Administration - Login/input_Password_LoginControlPassword"), wo_Password): Text 'Check123' is set on object 'Object Repository/WebOffice/Page_Checkatrade - Administration - Login/input_Password_LoginControlPassword'

2020-04-24 08:30:09 - [MESSAGE][PASSED] - Text 'Check123' is set on object 'Object Repository/WebOffice/Page_Checkatrade - Administration - Login/input_Password_LoginControlPassword'

2020-04-24 08:30:09 - [TEST_STEP][PASSED] - click(findTestObject("Object Repository/WebOffice/Page_Checkatrade - Administration - Login/Login_Button")): Object: 'Object Repository/WebOffice/Page_Checkatrade - Administration - Login/Login_Button' is clicked on

2020-04-24 08:30:12 - [MESSAGE][PASSED] - Object: 'Object Repository/WebOffice/Page_Checkatrade - Administration - Login/Login_Button' is clicked on

2020-04-24 08:30:12 - [TEST_STEP][PASSED] - waitForPageLoad(60): Wait for page load successfully

2020-04-24 08:30:12 - [MESSAGE][PASSED] - Wait for page load successfully

2020-04-24 08:30:12 - [TEST_STEP][PASSED] - verifyTextPresent("Welcome " + wo_Username, false): Text 'Welcome DavidHo' is present on page 

2020-04-24 08:30:13 - [MESSAGE][PASSED] - Text 'Welcome DavidHo' is present on page 

2020-04-24 08:30:13 - [MESSAGE][PASSED] - Call Test Case 'Test Cases/Reusable_Test_Sequences/Web_Office/Directives/WebOffice_StartUp' successfully

2020-04-24 08:30:13 - [TEST_STEP][PASSED] - "-----------------------------------------------------------------": null

2020-04-24 08:30:13 - [TEST_STEP][PASSED] - " Navigate to <Reports->Checkatrade.Com->Sub Item> Menu Item     |": null

2020-04-24 08:30:13 - [TEST_STEP][PASSED] - callTestCase(findTestCase("Reusable_Test_Sequences/Web_Office/Navigation/Sub_Menu_Navigation/Reports/By_Location"), [:], STOP_ON_FAILURE): Call Test Case 'Test Cases/Reusable_Test_Sequences/Web_Office/Navigation/Sub_Menu_Navigation/Reports/By_Location' successfully

2020-04-24 08:30:14 - [TEST_CASE][PASSED] - Test Cases/Reusable_Test_Sequences/Web_Office/Navigation/Sub_Menu_Navigation/Reports/By_Location: Test Cases/Reusable_Test_Sequences/Web_Office/Navigation/Sub_Menu_Navigation/Reports/By_Location

2020-04-24 08:30:14 - [TEST_STEP][PASSED] - "--------------------------------------": null

2020-04-24 08:30:14 - [TEST_STEP][PASSED] - " Navigate Top level menu Item         |": null

2020-04-24 08:30:14 - [TEST_STEP][PASSED] - waitForPageLoad(60): Wait for page load successfully

2020-04-24 08:30:14 - [MESSAGE][PASSED] - Wait for page load successfully

2020-04-24 08:30:14 - [TEST_STEP][PASSED] - waitForElementClickable(findTestObject("Object Repository/WebOffice_Home_page/a_Reports"), 60): Object 'Object Repository/WebOffice_Home_page/a_Reports' is clickable

2020-04-24 08:30:14 - [MESSAGE][PASSED] - Object 'Object Repository/WebOffice_Home_page/a_Reports' is clickable

2020-04-24 08:30:14 - [TEST_STEP][PASSED] - mouseOver(findTestObject("Object Repository/WebOffice_Home_page/a_Reports")): Object: 'Object Repository/WebOffice_Home_page/a_Reports' is hovered

2020-04-24 08:30:15 - [MESSAGE][PASSED] - Object: 'Object Repository/WebOffice_Home_page/a_Reports' is hovered

2020-04-24 08:30:15 - [TEST_STEP][PASSED] - mouseOver(findTestObject("Object Repository/WebOffice_Home_page/Page_/a_Consumers")): Object: 'Object Repository/WebOffice_Home_page/Page_/a_Consumers' is hovered

2020-04-24 08:30:15 - [MESSAGE][PASSED] - Object: 'Object Repository/WebOffice_Home_page/Page_/a_Consumers' is hovered

2020-04-24 08:30:15 - [TEST_STEP][PASSED] - mouseOver(findTestObject("Object Repository/WebOffice_Home_page/Page_/a_Consumer Searches")): Object: 'Object Repository/WebOffice_Home_page/Page_/a_Consumer Searches' is hovered

2020-04-24 08:30:15 - [MESSAGE][PASSED] - Object: 'Object Repository/WebOffice_Home_page/Page_/a_Consumer Searches' is hovered

2020-04-24 08:30:15 - [TEST_STEP][PASSED] - waitForPageLoad(5): Wait for page load successfully

2020-04-24 08:30:15 - [MESSAGE][PASSED] - Wait for page load successfully

2020-04-24 08:30:15 - [TEST_STEP][PASSED] - waitForElementClickable(findTestObject("Object Repository/WebOffice_Home_page/a_By Location"), 5): Object 'Object Repository/WebOffice_Home_page/a_By Location' is clickable

2020-04-24 08:30:15 - [MESSAGE][PASSED] - Object 'Object Repository/WebOffice_Home_page/a_By Location' is clickable

2020-04-24 08:30:15 - [TEST_STEP][PASSED] - click(findTestObject("Object Repository/WebOffice_Home_page/a_By Location")): Object: 'Object Repository/WebOffice_Home_page/a_By Location' is clicked on

2020-04-24 08:30:17 - [MESSAGE][PASSED] - Object: 'Object Repository/WebOffice_Home_page/a_By Location' is clicked on

2020-04-24 08:30:17 - [MESSAGE][PASSED] - Call Test Case 'Test Cases/Reusable_Test_Sequences/Web_Office/Navigation/Sub_Menu_Navigation/Reports/By_Location' successfully

2020-04-24 08:30:17 - [TEST_STEP][PASSED] - "--------------------------------------": null

2020-04-24 08:30:17 - [TEST_STEP][PASSED] - " Verify Returned Page Detail          |": null

2020-04-24 08:30:17 - [TEST_STEP][PASSED] - callTestCase(findTestCase("Reusable_Test_Sequences/Web_Office/Verification/Reports/By_Location"), [:], OPTIONAL): Call Test Case 'Test Cases/Reusable_Test_Sequences/Web_Office/Verification/Reports/By_Location' successfully

2020-04-24 08:30:17 - [TEST_CASE][PASSED] - Test Cases/Reusable_Test_Sequences/Web_Office/Verification/Reports/By_Location: Test Cases/Reusable_Test_Sequences/Web_Office/Verification/Reports/By_Location

2020-04-24 08:30:18 - [TEST_STEP][PASSED] - waitForPageLoad(120): Wait for page load successfully

2020-04-24 08:30:18 - [MESSAGE][PASSED] - Wait for page load successfully

2020-04-24 08:30:18 - [TEST_STEP][PASSED] - delay(1): Delayed 1 second(s)

2020-04-24 08:30:19 - [MESSAGE][PASSED] - Delayed 1 second(s)

2020-04-24 08:30:19 - [TEST_STEP][PASSED] - verifyTextPresent("Searches by Location", false): Text 'Searches by Location' is present on page 

2020-04-24 08:30:19 - [MESSAGE][PASSED] - Text 'Searches by Location' is present on page 

2020-04-24 08:30:19 - [TEST_STEP][PASSED] - "----------------------------------------------": null

2020-04-24 08:30:19 - [TEST_STEP][PASSED] - verifyTextPresent("Select counties", false): Text 'Select counties' is present on page 

2020-04-24 08:30:19 - [MESSAGE][PASSED] - Text 'Select counties' is present on page 

2020-04-24 08:30:19 - [TEST_STEP][PASSED] - verifyTextPresent("Town", false): Text 'Town' is present on page 

2020-04-24 08:30:20 - [MESSAGE][PASSED] - Text 'Town' is present on page 

2020-04-24 08:30:20 - [TEST_STEP][PASSED] - verifyTextPresent("By Postcode", false): Text 'By Postcode' is present on page 

2020-04-24 08:30:20 - [MESSAGE][PASSED] - Text 'By Postcode' is present on page 

2020-04-24 08:30:20 - [TEST_STEP][PASSED] - "----------------------------------------------": null

2020-04-24 08:30:20 - [TEST_STEP][PASSED] - verifyTextPresent("Angus", false): Text 'Angus' is present on page 

2020-04-24 08:30:21 - [MESSAGE][PASSED] - Text 'Angus' is present on page 

2020-04-24 08:30:21 - [TEST_STEP][PASSED] - verifyTextPresent("Berkshire", false): Text 'Berkshire' is present on page 

2020-04-24 08:30:21 - [MESSAGE][PASSED] - Text 'Berkshire' is present on page 

2020-04-24 08:30:21 - [TEST_STEP][PASSED] - verifyTextPresent("Avon", false): Text 'Avon' is present on page 

2020-04-24 08:30:21 - [MESSAGE][PASSED] - Text 'Avon' is present on page 

2020-04-24 08:30:21 - [TEST_STEP][PASSED] - "----------------------------------------------": null

2020-04-24 08:30:21 - [TEST_STEP][PASSED] - verifyTextPresent("Tip: Use Shift or Control when clicking on the lists to select multiple options", false): Text 'Tip: Use Shift or Control when clicking on the lists to select multiple options' is present on page 

2020-04-24 08:30:22 - [MESSAGE][PASSED] - Text 'Tip: Use Shift or Control when clicking on the lists to select multiple options' is present on page 

2020-04-24 08:30:22 - [TEST_STEP][PASSED] - verifyTextPresent("Select Date Range", false): Text 'Select Date Range' is present on page 

2020-04-24 08:30:22 - [MESSAGE][PASSED] - Text 'Select Date Range' is present on page 

2020-04-24 08:30:22 - [TEST_STEP][PASSED] - verifyTextPresent("From", false): Text 'From' is present on page 

2020-04-24 08:30:22 - [MESSAGE][PASSED] - Text 'From' is present on page 

2020-04-24 08:30:22 - [TEST_STEP][PASSED] - verifyTextPresent("To", false): Text 'To' is present on page 

2020-04-24 08:30:23 - [MESSAGE][PASSED] - Text 'To' is present on page 

2020-04-24 08:30:23 - [MESSAGE][PASSED] - Call Test Case 'Test Cases/Reusable_Test_Sequences/Web_Office/Verification/Reports/By_Location' successfully

2020-04-24 08:30:23 - [TEST_STEP][PASSED] - "--------------------------": null

2020-04-24 08:30:23 - [TEST_STEP][PASSED] - " Teardown - CLose Browser |": null

2020-04-24 08:30:23 - [TEST_STEP][PASSED] - callTestCase(findTestCase("Reusable_Test_Sequences/CAT_Teardown"), [:], OPTIONAL): Call Test Case 'Test Cases/Reusable_Test_Sequences/CAT_Teardown' successfully

2020-04-24 08:30:23 - [TEST_CASE][PASSED] - Test Cases/Reusable_Test_Sequences/CAT_Teardown: Test Cases/Reusable_Test_Sequences/CAT_Teardown

2020-04-24 08:30:23 - [TEST_STEP][PASSED] - closeBrowser(): Browser is closed

2020-04-24 08:30:24 - [MESSAGE][PASSED] - Browser is closed

2020-04-24 08:30:24 - [TEST_STEP][PASSED] - super.finalize(): null

2020-04-24 08:30:24 - [TEST_STEP][PASSED] - System.gc(): null

2020-04-24 08:30:24 - [MESSAGE][PASSED] - Call Test Case 'Test Cases/Reusable_Test_Sequences/CAT_Teardown' successfully]]></system-out>
         <system-err><![CDATA[]]></system-err>
      </testcase>
      <testcase name="Test Cases/Web_Office/Reports/Returning_No_Results" time="18.319" classname="Test Cases/Web_Office/Reports/Returning_No_Results" status="PASSED">
         <system-out><![CDATA[2020-04-24 08:30:24 - [TEST_CASE][PASSED] - Test Cases/Web_Office/Reports/Returning_No_Results: Test Cases/Web_Office/Reports/Returning_No_Results

2020-04-24 08:30:25 - [TEST_STEP][PASSED] - "--------------------------------------": null

2020-04-24 08:30:25 - [TEST_STEP][PASSED] - " Web Office StartUp                  |": null

2020-04-24 08:30:25 - [TEST_STEP][PASSED] - callTestCase(findTestCase("Reusable_Test_Sequences/Web_Office/Directives/WebOffice_StartUp"), [:], STOP_ON_FAILURE): Call Test Case 'Test Cases/Reusable_Test_Sequences/Web_Office/Directives/WebOffice_StartUp' successfully

2020-04-24 08:30:25 - [TEST_CASE][PASSED] - Test Cases/Reusable_Test_Sequences/Web_Office/Directives/WebOffice_StartUp: Test Cases/Reusable_Test_Sequences/Web_Office/Directives/WebOffice_StartUp

2020-04-24 08:30:25 - [TEST_STEP][PASSED] - "-----------------------------------------------------------------------------": null

2020-04-24 08:30:25 - [TEST_STEP][PASSED] - if (URL == "https://www.dev.checkatrade.com/"): null

2020-04-24 08:30:25 - [TEST_STEP][PASSED] - "-----------------------------------------------------------------------------": null

2020-04-24 08:30:25 - [TEST_STEP][PASSED] - if (URL == "https://www.checkatrade.com/"): null

2020-04-24 08:30:25 - [TEST_STEP][PASSED] - "-----------------------------------------------------------------------------": null

2020-04-24 08:30:25 - [TEST_STEP][PASSED] - if (URL == "https://www.preview.checkatrade.com/"): null

2020-04-24 08:30:25 - [TEST_STEP][PASSED] - WebOfficeURL = "https://admin.preview.checkatrade.com/": null

2020-04-24 08:30:25 - [TEST_STEP][PASSED] - if (URL == "https://www.dev2.checkatrade.com/"): null

2020-04-24 08:30:25 - [TEST_STEP][PASSED] - "Set Function Area for "URL_Handler", URL Resolution": null

2020-04-24 08:30:25 - [TEST_STEP][PASSED] - "Do Some Magic with URL(s) See the comments within URL Handler ": null

2020-04-24 08:30:25 - [TEST_STEP][PASSED] - "------------------------------------------------": null

2020-04-24 08:30:25 - [TEST_STEP][PASSED] - "Moved Login Credentials to <Default> profile 22/01/2020": null

2020-04-24 08:30:25 - [TEST_STEP][PASSED] - "------------------------------------------------": null

2020-04-24 08:30:25 - [TEST_STEP][PASSED] - "WebOfficeURL - Set from the ENVIRONMENT PROFILE ": null

2020-04-24 08:30:25 - [TEST_STEP][PASSED] - "OPEN BROWSER": null

2020-04-24 08:30:25 - [TEST_STEP][PASSED] - "eg - https://admin.preview.checkatrade.com/  ": null

2020-04-24 08:30:25 - [TEST_STEP][PASSED] - openBrowser(WebOfficeURL): Browser is opened with url: 'https://admin.preview.checkatrade.com/'

2020-04-24 08:30:25 - [MESSAGE][INFO] - Starting 'Chrome' driver

2020-04-24 08:30:25 - [MESSAGE][INFO] - Action delay is set to 0 milliseconds

2020-04-24 08:30:30 - [MESSAGE][PASSED] - Browser is opened with url: 'https://admin.preview.checkatrade.com/'

2020-04-24 08:30:30 - [TEST_STEP][PASSED] - maximizeWindow(): Current window maximized

2020-04-24 08:30:32 - [MESSAGE][PASSED] - Current window maximized

2020-04-24 08:30:32 - [TEST_STEP][PASSED] - waitForElementClickable(findTestObject("Object Repository/WebOffice/Page_Checkatrade - Administration - Login/Login_Button"), 25): Object 'Object Repository/WebOffice/Page_Checkatrade - Administration - Login/Login_Button' is clickable

2020-04-24 08:30:33 - [MESSAGE][PASSED] - Object 'Object Repository/WebOffice/Page_Checkatrade - Administration - Login/Login_Button' is clickable

2020-04-24 08:30:33 - [TEST_STEP][PASSED] - verifyTextPresent("Checkatrade Web Office", false): Text 'Checkatrade Web Office' is present on page 

2020-04-24 08:30:33 - [MESSAGE][PASSED] - Text 'Checkatrade Web Office' is present on page 

2020-04-24 08:30:33 - [TEST_STEP][PASSED] - verifyTextPresent("Access for staff use only", false): Text 'Access for staff use only' is present on page 

2020-04-24 08:30:33 - [MESSAGE][PASSED] - Text 'Access for staff use only' is present on page 

2020-04-24 08:30:33 - [TEST_STEP][PASSED] - verifyTextPresent("Forgotten password?", false): Text 'Forgotten password?' is present on page 

2020-04-24 08:30:33 - [MESSAGE][PASSED] - Text 'Forgotten password?' is present on page 

2020-04-24 08:30:33 - [TEST_STEP][PASSED] - setText(findTestObject("Object Repository/WebOffice/Page_Checkatrade - Administration - Login/input_Username_LoginControlUserName"), wo_Username): Text 'DavidHo' is set on object 'Object Repository/WebOffice/Page_Checkatrade - Administration - Login/input_Username_LoginControlUserName'

2020-04-24 08:30:33 - [MESSAGE][PASSED] - Text 'DavidHo' is set on object 'Object Repository/WebOffice/Page_Checkatrade - Administration - Login/input_Username_LoginControlUserName'

2020-04-24 08:30:33 - [TEST_STEP][PASSED] - setText(findTestObject("Object Repository/WebOffice/Page_Checkatrade - Administration - Login/input_Password_LoginControlPassword"), wo_Password): Text 'Check123' is set on object 'Object Repository/WebOffice/Page_Checkatrade - Administration - Login/input_Password_LoginControlPassword'

2020-04-24 08:30:33 - [MESSAGE][PASSED] - Text 'Check123' is set on object 'Object Repository/WebOffice/Page_Checkatrade - Administration - Login/input_Password_LoginControlPassword'

2020-04-24 08:30:33 - [TEST_STEP][PASSED] - click(findTestObject("Object Repository/WebOffice/Page_Checkatrade - Administration - Login/Login_Button")): Object: 'Object Repository/WebOffice/Page_Checkatrade - Administration - Login/Login_Button' is clicked on

2020-04-24 08:30:34 - [MESSAGE][PASSED] - Object: 'Object Repository/WebOffice/Page_Checkatrade - Administration - Login/Login_Button' is clicked on

2020-04-24 08:30:34 - [TEST_STEP][PASSED] - waitForPageLoad(60): Wait for page load successfully

2020-04-24 08:30:34 - [MESSAGE][PASSED] - Wait for page load successfully

2020-04-24 08:30:34 - [TEST_STEP][PASSED] - verifyTextPresent("Welcome " + wo_Username, false): Text 'Welcome DavidHo' is present on page 

2020-04-24 08:30:35 - [MESSAGE][PASSED] - Text 'Welcome DavidHo' is present on page 

2020-04-24 08:30:35 - [MESSAGE][PASSED] - Call Test Case 'Test Cases/Reusable_Test_Sequences/Web_Office/Directives/WebOffice_StartUp' successfully

2020-04-24 08:30:35 - [TEST_STEP][PASSED] - "-----------------------------------------------------------------": null

2020-04-24 08:30:35 - [TEST_STEP][PASSED] - " Navigate to <Reports->Checkatrade.Com->Sub Item> Menu Item     |": null

2020-04-24 08:30:35 - [TEST_STEP][PASSED] - callTestCase(findTestCase("Reusable_Test_Sequences/Web_Office/Navigation/Sub_Menu_Navigation/Reports/Returning_No_Results"), [:], STOP_ON_FAILURE): Call Test Case 'Test Cases/Reusable_Test_Sequences/Web_Office/Navigation/Sub_Menu_Navigation/Reports/Returning_No_Results' successfully

2020-04-24 08:30:35 - [TEST_CASE][PASSED] - Test Cases/Reusable_Test_Sequences/Web_Office/Navigation/Sub_Menu_Navigation/Reports/Returning_No_Results: Test Cases/Reusable_Test_Sequences/Web_Office/Navigation/Sub_Menu_Navigation/Reports/Returning_No_Results

2020-04-24 08:30:35 - [TEST_STEP][PASSED] - "--------------------------------------": null

2020-04-24 08:30:35 - [TEST_STEP][PASSED] - " Navigate Top level menu Item         |": null

2020-04-24 08:30:35 - [TEST_STEP][PASSED] - waitForPageLoad(60): Wait for page load successfully

2020-04-24 08:30:35 - [MESSAGE][PASSED] - Wait for page load successfully

2020-04-24 08:30:35 - [TEST_STEP][PASSED] - waitForElementClickable(findTestObject("Object Repository/WebOffice_Home_page/a_Reports"), 60): Object 'Object Repository/WebOffice_Home_page/a_Reports' is clickable

2020-04-24 08:30:36 - [MESSAGE][PASSED] - Object 'Object Repository/WebOffice_Home_page/a_Reports' is clickable

2020-04-24 08:30:36 - [TEST_STEP][PASSED] - mouseOver(findTestObject("Object Repository/WebOffice_Home_page/a_Reports")): Object: 'Object Repository/WebOffice_Home_page/a_Reports' is hovered

2020-04-24 08:30:36 - [MESSAGE][PASSED] - Object: 'Object Repository/WebOffice_Home_page/a_Reports' is hovered

2020-04-24 08:30:36 - [TEST_STEP][PASSED] - mouseOver(findTestObject("Object Repository/WebOffice_Home_page/Page_/a_Consumers")): Object: 'Object Repository/WebOffice_Home_page/Page_/a_Consumers' is hovered

2020-04-24 08:30:36 - [MESSAGE][PASSED] - Object: 'Object Repository/WebOffice_Home_page/Page_/a_Consumers' is hovered

2020-04-24 08:30:36 - [TEST_STEP][PASSED] - mouseOver(findTestObject("Object Repository/WebOffice_Home_page/Page_/a_Consumer Searches")): Object: 'Object Repository/WebOffice_Home_page/Page_/a_Consumer Searches' is hovered

2020-04-24 08:30:36 - [MESSAGE][PASSED] - Object: 'Object Repository/WebOffice_Home_page/Page_/a_Consumer Searches' is hovered

2020-04-24 08:30:36 - [TEST_STEP][PASSED] - waitForPageLoad(5): Wait for page load successfully

2020-04-24 08:30:36 - [MESSAGE][PASSED] - Wait for page load successfully

2020-04-24 08:30:36 - [TEST_STEP][PASSED] - waitForElementClickable(findTestObject("Object Repository/WebOffice_Home_page/a_Returning No Results"), 5): Object 'Object Repository/WebOffice_Home_page/a_Returning No Results' is clickable

2020-04-24 08:30:37 - [MESSAGE][PASSED] - Object 'Object Repository/WebOffice_Home_page/a_Returning No Results' is clickable

2020-04-24 08:30:37 - [TEST_STEP][PASSED] - click(findTestObject("Object Repository/WebOffice_Home_page/a_Returning No Results")): Object: 'Object Repository/WebOffice_Home_page/a_Returning No Results' is clicked on

2020-04-24 08:30:38 - [MESSAGE][PASSED] - Object: 'Object Repository/WebOffice_Home_page/a_Returning No Results' is clicked on

2020-04-24 08:30:38 - [MESSAGE][PASSED] - Call Test Case 'Test Cases/Reusable_Test_Sequences/Web_Office/Navigation/Sub_Menu_Navigation/Reports/Returning_No_Results' successfully

2020-04-24 08:30:38 - [TEST_STEP][PASSED] - "--------------------------------------": null

2020-04-24 08:30:38 - [TEST_STEP][PASSED] - " Verify Returned Page Detail          |": null

2020-04-24 08:30:38 - [TEST_STEP][PASSED] - callTestCase(findTestCase("Reusable_Test_Sequences/Web_Office/Verification/Reports/Returning_No_Results"), [:], OPTIONAL): Call Test Case 'Test Cases/Reusable_Test_Sequences/Web_Office/Verification/Reports/Returning_No_Results' successfully

2020-04-24 08:30:39 - [TEST_CASE][PASSED] - Test Cases/Reusable_Test_Sequences/Web_Office/Verification/Reports/Returning_No_Results: Test Cases/Reusable_Test_Sequences/Web_Office/Verification/Reports/Returning_No_Results

2020-04-24 08:30:39 - [TEST_STEP][PASSED] - waitForPageLoad(120): Wait for page load successfully

2020-04-24 08:30:39 - [MESSAGE][PASSED] - Wait for page load successfully

2020-04-24 08:30:39 - [TEST_STEP][PASSED] - delay(1): Delayed 1 second(s)

2020-04-24 08:30:40 - [MESSAGE][PASSED] - Delayed 1 second(s)

2020-04-24 08:30:40 - [TEST_STEP][PASSED] - verifyTextPresent("Consumer Searches", false): Text 'Consumer Searches' is present on page 

2020-04-24 08:30:40 - [MESSAGE][PASSED] - Text 'Consumer Searches' is present on page 

2020-04-24 08:30:40 - [TEST_STEP][PASSED] - "----------------------------------------------": null

2020-04-24 08:30:40 - [TEST_STEP][PASSED] - verifyTextPresent("Returning No Results", false): Text 'Returning No Results' is present on page 

2020-04-24 08:30:41 - [MESSAGE][PASSED] - Text 'Returning No Results' is present on page 

2020-04-24 08:30:41 - [TEST_STEP][PASSED] - verifyTextPresent("From", false): Text 'From' is present on page 

2020-04-24 08:30:41 - [MESSAGE][PASSED] - Text 'From' is present on page 

2020-04-24 08:30:41 - [TEST_STEP][PASSED] - verifyTextPresent("To", false): Text 'To' is present on page 

2020-04-24 08:30:41 - [MESSAGE][PASSED] - Text 'To' is present on page 

2020-04-24 08:30:41 - [MESSAGE][PASSED] - Call Test Case 'Test Cases/Reusable_Test_Sequences/Web_Office/Verification/Reports/Returning_No_Results' successfully

2020-04-24 08:30:41 - [TEST_STEP][PASSED] - "--------------------------": null

2020-04-24 08:30:41 - [TEST_STEP][PASSED] - " Teardown - CLose Browser |": null

2020-04-24 08:30:41 - [TEST_STEP][PASSED] - callTestCase(findTestCase("Reusable_Test_Sequences/CAT_Teardown"), [:], OPTIONAL): Call Test Case 'Test Cases/Reusable_Test_Sequences/CAT_Teardown' successfully

2020-04-24 08:30:41 - [TEST_CASE][PASSED] - Test Cases/Reusable_Test_Sequences/CAT_Teardown: Test Cases/Reusable_Test_Sequences/CAT_Teardown

2020-04-24 08:30:41 - [TEST_STEP][PASSED] - closeBrowser(): Browser is closed

2020-04-24 08:30:43 - [MESSAGE][PASSED] - Browser is closed

2020-04-24 08:30:43 - [TEST_STEP][PASSED] - super.finalize(): null

2020-04-24 08:30:43 - [TEST_STEP][PASSED] - System.gc(): null

2020-04-24 08:30:43 - [MESSAGE][PASSED] - Call Test Case 'Test Cases/Reusable_Test_Sequences/CAT_Teardown' successfully]]></system-out>
         <system-err><![CDATA[]]></system-err>
      </testcase>
      <testcase name="Test Cases/Web_Office/Reports/Search_Tracking" time="28.111" classname="Test Cases/Web_Office/Reports/Search_Tracking" status="PASSED">
         <system-out><![CDATA[2020-04-24 08:30:43 - [TEST_CASE][PASSED] - Test Cases/Web_Office/Reports/Search_Tracking: Test Cases/Web_Office/Reports/Search_Tracking

2020-04-24 08:30:43 - [TEST_STEP][PASSED] - "--------------------------------------": null

2020-04-24 08:30:43 - [TEST_STEP][PASSED] - " Web Office StartUp                  |": null

2020-04-24 08:30:43 - [TEST_STEP][PASSED] - callTestCase(findTestCase("Reusable_Test_Sequences/Web_Office/Directives/WebOffice_StartUp"), [:], STOP_ON_FAILURE): Call Test Case 'Test Cases/Reusable_Test_Sequences/Web_Office/Directives/WebOffice_StartUp' successfully

2020-04-24 08:30:43 - [TEST_CASE][PASSED] - Test Cases/Reusable_Test_Sequences/Web_Office/Directives/WebOffice_StartUp: Test Cases/Reusable_Test_Sequences/Web_Office/Directives/WebOffice_StartUp

2020-04-24 08:30:43 - [TEST_STEP][PASSED] - "-----------------------------------------------------------------------------": null

2020-04-24 08:30:43 - [TEST_STEP][PASSED] - if (URL == "https://www.dev.checkatrade.com/"): null

2020-04-24 08:30:43 - [TEST_STEP][PASSED] - "-----------------------------------------------------------------------------": null

2020-04-24 08:30:43 - [TEST_STEP][PASSED] - if (URL == "https://www.checkatrade.com/"): null

2020-04-24 08:30:43 - [TEST_STEP][PASSED] - "-----------------------------------------------------------------------------": null

2020-04-24 08:30:43 - [TEST_STEP][PASSED] - if (URL == "https://www.preview.checkatrade.com/"): null

2020-04-24 08:30:43 - [TEST_STEP][PASSED] - WebOfficeURL = "https://admin.preview.checkatrade.com/": null

2020-04-24 08:30:43 - [TEST_STEP][PASSED] - if (URL == "https://www.dev2.checkatrade.com/"): null

2020-04-24 08:30:43 - [TEST_STEP][PASSED] - "Set Function Area for "URL_Handler", URL Resolution": null

2020-04-24 08:30:43 - [TEST_STEP][PASSED] - "Do Some Magic with URL(s) See the comments within URL Handler ": null

2020-04-24 08:30:43 - [TEST_STEP][PASSED] - "------------------------------------------------": null

2020-04-24 08:30:43 - [TEST_STEP][PASSED] - "Moved Login Credentials to <Default> profile 22/01/2020": null

2020-04-24 08:30:43 - [TEST_STEP][PASSED] - "------------------------------------------------": null

2020-04-24 08:30:43 - [TEST_STEP][PASSED] - "WebOfficeURL - Set from the ENVIRONMENT PROFILE ": null

2020-04-24 08:30:43 - [TEST_STEP][PASSED] - "OPEN BROWSER": null

2020-04-24 08:30:43 - [TEST_STEP][PASSED] - "eg - https://admin.preview.checkatrade.com/  ": null

2020-04-24 08:30:43 - [TEST_STEP][PASSED] - openBrowser(WebOfficeURL): Browser is opened with url: 'https://admin.preview.checkatrade.com/'

2020-04-24 08:30:43 - [MESSAGE][INFO] - Starting 'Chrome' driver

2020-04-24 08:30:43 - [MESSAGE][INFO] - Action delay is set to 0 milliseconds

2020-04-24 08:30:48 - [MESSAGE][PASSED] - Browser is opened with url: 'https://admin.preview.checkatrade.com/'

2020-04-24 08:30:48 - [TEST_STEP][PASSED] - maximizeWindow(): Current window maximized

2020-04-24 08:30:50 - [MESSAGE][PASSED] - Current window maximized

2020-04-24 08:30:50 - [TEST_STEP][PASSED] - waitForElementClickable(findTestObject("Object Repository/WebOffice/Page_Checkatrade - Administration - Login/Login_Button"), 25): Object 'Object Repository/WebOffice/Page_Checkatrade - Administration - Login/Login_Button' is clickable

2020-04-24 08:30:50 - [MESSAGE][PASSED] - Object 'Object Repository/WebOffice/Page_Checkatrade - Administration - Login/Login_Button' is clickable

2020-04-24 08:30:50 - [TEST_STEP][PASSED] - verifyTextPresent("Checkatrade Web Office", false): Text 'Checkatrade Web Office' is present on page 

2020-04-24 08:30:50 - [MESSAGE][PASSED] - Text 'Checkatrade Web Office' is present on page 

2020-04-24 08:30:50 - [TEST_STEP][PASSED] - verifyTextPresent("Access for staff use only", false): Text 'Access for staff use only' is present on page 

2020-04-24 08:30:50 - [MESSAGE][PASSED] - Text 'Access for staff use only' is present on page 

2020-04-24 08:30:50 - [TEST_STEP][PASSED] - verifyTextPresent("Forgotten password?", false): Text 'Forgotten password?' is present on page 

2020-04-24 08:30:51 - [MESSAGE][PASSED] - Text 'Forgotten password?' is present on page 

2020-04-24 08:30:51 - [TEST_STEP][PASSED] - setText(findTestObject("Object Repository/WebOffice/Page_Checkatrade - Administration - Login/input_Username_LoginControlUserName"), wo_Username): Text 'DavidHo' is set on object 'Object Repository/WebOffice/Page_Checkatrade - Administration - Login/input_Username_LoginControlUserName'

2020-04-24 08:30:51 - [MESSAGE][PASSED] - Text 'DavidHo' is set on object 'Object Repository/WebOffice/Page_Checkatrade - Administration - Login/input_Username_LoginControlUserName'

2020-04-24 08:30:51 - [TEST_STEP][PASSED] - setText(findTestObject("Object Repository/WebOffice/Page_Checkatrade - Administration - Login/input_Password_LoginControlPassword"), wo_Password): Text 'Check123' is set on object 'Object Repository/WebOffice/Page_Checkatrade - Administration - Login/input_Password_LoginControlPassword'

2020-04-24 08:30:51 - [MESSAGE][PASSED] - Text 'Check123' is set on object 'Object Repository/WebOffice/Page_Checkatrade - Administration - Login/input_Password_LoginControlPassword'

2020-04-24 08:30:51 - [TEST_STEP][PASSED] - click(findTestObject("Object Repository/WebOffice/Page_Checkatrade - Administration - Login/Login_Button")): Object: 'Object Repository/WebOffice/Page_Checkatrade - Administration - Login/Login_Button' is clicked on

2020-04-24 08:30:52 - [MESSAGE][PASSED] - Object: 'Object Repository/WebOffice/Page_Checkatrade - Administration - Login/Login_Button' is clicked on

2020-04-24 08:30:52 - [TEST_STEP][PASSED] - waitForPageLoad(60): Wait for page load successfully

2020-04-24 08:30:52 - [MESSAGE][PASSED] - Wait for page load successfully

2020-04-24 08:30:52 - [TEST_STEP][PASSED] - verifyTextPresent("Welcome " + wo_Username, false): Text 'Welcome DavidHo' is present on page 

2020-04-24 08:30:52 - [MESSAGE][PASSED] - Text 'Welcome DavidHo' is present on page 

2020-04-24 08:30:52 - [MESSAGE][PASSED] - Call Test Case 'Test Cases/Reusable_Test_Sequences/Web_Office/Directives/WebOffice_StartUp' successfully

2020-04-24 08:30:52 - [TEST_STEP][PASSED] - "-----------------------------------------------------------------": null

2020-04-24 08:30:52 - [TEST_STEP][PASSED] - " Navigate to <Reports->Checkatrade.Com->Sub Item> Menu Item     |": null

2020-04-24 08:30:52 - [TEST_STEP][PASSED] - callTestCase(findTestCase("Reusable_Test_Sequences/Web_Office/Navigation/Sub_Menu_Navigation/Reports/Search_Tracking"), [:], STOP_ON_FAILURE): Call Test Case 'Test Cases/Reusable_Test_Sequences/Web_Office/Navigation/Sub_Menu_Navigation/Reports/Search_Tracking' successfully

2020-04-24 08:30:52 - [TEST_CASE][PASSED] - Test Cases/Reusable_Test_Sequences/Web_Office/Navigation/Sub_Menu_Navigation/Reports/Search_Tracking: Test Cases/Reusable_Test_Sequences/Web_Office/Navigation/Sub_Menu_Navigation/Reports/Search_Tracking

2020-04-24 08:30:53 - [TEST_STEP][PASSED] - "--------------------------------------": null

2020-04-24 08:30:53 - [TEST_STEP][PASSED] - " Navigate Top level menu Item         |": null

2020-04-24 08:30:53 - [TEST_STEP][PASSED] - waitForPageLoad(60): Wait for page load successfully

2020-04-24 08:30:53 - [MESSAGE][PASSED] - Wait for page load successfully

2020-04-24 08:30:53 - [TEST_STEP][PASSED] - waitForElementClickable(findTestObject("Object Repository/WebOffice_Home_page/a_Reports"), 60): Object 'Object Repository/WebOffice_Home_page/a_Reports' is clickable

2020-04-24 08:30:53 - [MESSAGE][PASSED] - Object 'Object Repository/WebOffice_Home_page/a_Reports' is clickable

2020-04-24 08:30:53 - [TEST_STEP][PASSED] - mouseOver(findTestObject("Object Repository/WebOffice_Home_page/a_Reports")): Object: 'Object Repository/WebOffice_Home_page/a_Reports' is hovered

2020-04-24 08:30:53 - [MESSAGE][PASSED] - Object: 'Object Repository/WebOffice_Home_page/a_Reports' is hovered

2020-04-24 08:30:53 - [TEST_STEP][PASSED] - mouseOver(findTestObject("Object Repository/WebOffice_Home_page/Page_/a_Consumers")): Object: 'Object Repository/WebOffice_Home_page/Page_/a_Consumers' is hovered

2020-04-24 08:30:53 - [MESSAGE][PASSED] - Object: 'Object Repository/WebOffice_Home_page/Page_/a_Consumers' is hovered

2020-04-24 08:30:53 - [TEST_STEP][PASSED] - mouseOver(findTestObject("Object Repository/WebOffice_Home_page/Page_/a_Consumer Searches")): Object: 'Object Repository/WebOffice_Home_page/Page_/a_Consumer Searches' is hovered

2020-04-24 08:30:54 - [MESSAGE][PASSED] - Object: 'Object Repository/WebOffice_Home_page/Page_/a_Consumer Searches' is hovered

2020-04-24 08:30:54 - [TEST_STEP][PASSED] - waitForPageLoad(5): Wait for page load successfully

2020-04-24 08:30:54 - [MESSAGE][PASSED] - Wait for page load successfully

2020-04-24 08:30:54 - [TEST_STEP][PASSED] - waitForElementClickable(findTestObject("Object Repository/WebOffice_Home_page/a_Search Tracking"), 5): Object 'Object Repository/WebOffice_Home_page/a_Search Tracking' is clickable

2020-04-24 08:30:55 - [MESSAGE][PASSED] - Object 'Object Repository/WebOffice_Home_page/a_Search Tracking' is clickable

2020-04-24 08:30:55 - [TEST_STEP][PASSED] - click(findTestObject("Object Repository/WebOffice_Home_page/a_Search Tracking")): Object: 'Object Repository/WebOffice_Home_page/a_Search Tracking' is clicked on

2020-04-24 08:30:58 - [MESSAGE][PASSED] - Object: 'Object Repository/WebOffice_Home_page/a_Search Tracking' is clicked on

2020-04-24 08:30:58 - [MESSAGE][PASSED] - Call Test Case 'Test Cases/Reusable_Test_Sequences/Web_Office/Navigation/Sub_Menu_Navigation/Reports/Search_Tracking' successfully

2020-04-24 08:30:58 - [TEST_STEP][PASSED] - "--------------------------------------": null

2020-04-24 08:30:58 - [TEST_STEP][PASSED] - " Verify Returned Page Detail          |": null

2020-04-24 08:30:58 - [TEST_STEP][PASSED] - callTestCase(findTestCase("Reusable_Test_Sequences/Web_Office/Verification/Reports/Search_Tracking"), [:], OPTIONAL): Call Test Case 'Test Cases/Reusable_Test_Sequences/Web_Office/Verification/Reports/Search_Tracking' successfully

2020-04-24 08:30:58 - [TEST_CASE][PASSED] - Test Cases/Reusable_Test_Sequences/Web_Office/Verification/Reports/Search_Tracking: Test Cases/Reusable_Test_Sequences/Web_Office/Verification/Reports/Search_Tracking

2020-04-24 08:30:59 - [TEST_STEP][PASSED] - waitForPageLoad(120): Wait for page load successfully

2020-04-24 08:30:59 - [MESSAGE][PASSED] - Wait for page load successfully

2020-04-24 08:30:59 - [TEST_STEP][PASSED] - delay(1): Delayed 1 second(s)

2020-04-24 08:31:00 - [MESSAGE][PASSED] - Delayed 1 second(s)

2020-04-24 08:31:00 - [TEST_STEP][PASSED] - verifyTextPresent("Search Tracking", false): Text 'Search Tracking' is present on page 

2020-04-24 08:31:01 - [MESSAGE][PASSED] - Text 'Search Tracking' is present on page 

2020-04-24 08:31:01 - [TEST_STEP][PASSED] - "----------------------------------------------": null

2020-04-24 08:31:01 - [TEST_STEP][PASSED] - verifyTextPresent("ID", false): Text 'ID' is present on page 

2020-04-24 08:31:02 - [MESSAGE][PASSED] - Text 'ID' is present on page 

2020-04-24 08:31:02 - [TEST_STEP][PASSED] - verifyTextPresent("TRADE", false): Text 'TRADE' is present on page 

2020-04-24 08:31:03 - [MESSAGE][PASSED] - Text 'TRADE' is present on page 

2020-04-24 08:31:03 - [TEST_STEP][PASSED] - verifyTextPresent("LOCATION", false): Text 'LOCATION' is present on page 

2020-04-24 08:31:03 - [MESSAGE][PASSED] - Text 'LOCATION' is present on page 

2020-04-24 08:31:03 - [TEST_STEP][PASSED] - verifyTextPresent("DATETIME", false): Text 'DATETIME' is present on page 

2020-04-24 08:31:04 - [MESSAGE][PASSED] - Text 'DATETIME' is present on page 

2020-04-24 08:31:04 - [TEST_STEP][PASSED] - "----------------------------------------------": null

2020-04-24 08:31:04 - [TEST_STEP][PASSED] - verifyTextPresent("14262747", false): Text '14262747' is present on page 

2020-04-24 08:31:05 - [MESSAGE][PASSED] - Text '14262747' is present on page 

2020-04-24 08:31:05 - [TEST_STEP][PASSED] - verifyTextPresent("UPVC Repairs", false): Text 'UPVC Repairs' is present on page 

2020-04-24 08:31:05 - [MESSAGE][PASSED] - Text 'UPVC Repairs' is present on page 

2020-04-24 08:31:05 - [TEST_STEP][PASSED] - verifyTextPresent("MILFORD HAVEN", false): Text 'MILFORD HAVEN' is present on page 

2020-04-24 08:31:06 - [MESSAGE][PASSED] - Text 'MILFORD HAVEN' is present on page 

2020-04-24 08:31:06 - [TEST_STEP][PASSED] - verifyTextPresent("28-09-2017 7:19:10", false): Text '28-09-2017 7:19:10' is present on page 

2020-04-24 08:31:07 - [MESSAGE][PASSED] - Text '28-09-2017 7:19:10' is present on page 

2020-04-24 08:31:07 - [MESSAGE][PASSED] - Call Test Case 'Test Cases/Reusable_Test_Sequences/Web_Office/Verification/Reports/Search_Tracking' successfully

2020-04-24 08:31:07 - [TEST_STEP][PASSED] - "--------------------------": null

2020-04-24 08:31:07 - [TEST_STEP][PASSED] - " Teardown - CLose Browser |": null

2020-04-24 08:31:07 - [TEST_STEP][PASSED] - callTestCase(findTestCase("Reusable_Test_Sequences/CAT_Teardown"), [:], OPTIONAL): Call Test Case 'Test Cases/Reusable_Test_Sequences/CAT_Teardown' successfully

2020-04-24 08:31:07 - [TEST_CASE][PASSED] - Test Cases/Reusable_Test_Sequences/CAT_Teardown: Test Cases/Reusable_Test_Sequences/CAT_Teardown

2020-04-24 08:31:07 - [TEST_STEP][PASSED] - closeBrowser(): Browser is closed

2020-04-24 08:31:11 - [MESSAGE][PASSED] - Browser is closed

2020-04-24 08:31:11 - [TEST_STEP][PASSED] - super.finalize(): null

2020-04-24 08:31:11 - [TEST_STEP][PASSED] - System.gc(): null

2020-04-24 08:31:11 - [MESSAGE][PASSED] - Call Test Case 'Test Cases/Reusable_Test_Sequences/CAT_Teardown' successfully]]></system-out>
         <system-err><![CDATA[]]></system-err>
      </testcase>
      <testcase name="Test Cases/Web_Office/Reports/Overnight_Import_History" time="20.492" classname="Test Cases/Web_Office/Reports/Overnight_Import_History" status="PASSED">
         <system-out><![CDATA[2020-04-24 08:31:11 - [TEST_CASE][PASSED] - Test Cases/Web_Office/Reports/Overnight_Import_History: Test Cases/Web_Office/Reports/Overnight_Import_History

2020-04-24 08:31:11 - [TEST_STEP][PASSED] - "--------------------------------------": null

2020-04-24 08:31:11 - [TEST_STEP][PASSED] - " Web Office StartUp                  |": null

2020-04-24 08:31:11 - [TEST_STEP][PASSED] - callTestCase(findTestCase("Reusable_Test_Sequences/Web_Office/Directives/WebOffice_StartUp"), [:], STOP_ON_FAILURE): Call Test Case 'Test Cases/Reusable_Test_Sequences/Web_Office/Directives/WebOffice_StartUp' successfully

2020-04-24 08:31:11 - [TEST_CASE][PASSED] - Test Cases/Reusable_Test_Sequences/Web_Office/Directives/WebOffice_StartUp: Test Cases/Reusable_Test_Sequences/Web_Office/Directives/WebOffice_StartUp

2020-04-24 08:31:11 - [TEST_STEP][PASSED] - "-----------------------------------------------------------------------------": null

2020-04-24 08:31:11 - [TEST_STEP][PASSED] - if (URL == "https://www.dev.checkatrade.com/"): null

2020-04-24 08:31:11 - [TEST_STEP][PASSED] - "-----------------------------------------------------------------------------": null

2020-04-24 08:31:11 - [TEST_STEP][PASSED] - if (URL == "https://www.checkatrade.com/"): null

2020-04-24 08:31:11 - [TEST_STEP][PASSED] - "-----------------------------------------------------------------------------": null

2020-04-24 08:31:11 - [TEST_STEP][PASSED] - if (URL == "https://www.preview.checkatrade.com/"): null

2020-04-24 08:31:11 - [TEST_STEP][PASSED] - WebOfficeURL = "https://admin.preview.checkatrade.com/": null

2020-04-24 08:31:11 - [TEST_STEP][PASSED] - if (URL == "https://www.dev2.checkatrade.com/"): null

2020-04-24 08:31:11 - [TEST_STEP][PASSED] - "Set Function Area for "URL_Handler", URL Resolution": null

2020-04-24 08:31:11 - [TEST_STEP][PASSED] - "Do Some Magic with URL(s) See the comments within URL Handler ": null

2020-04-24 08:31:11 - [TEST_STEP][PASSED] - "------------------------------------------------": null

2020-04-24 08:31:11 - [TEST_STEP][PASSED] - "Moved Login Credentials to <Default> profile 22/01/2020": null

2020-04-24 08:31:11 - [TEST_STEP][PASSED] - "------------------------------------------------": null

2020-04-24 08:31:11 - [TEST_STEP][PASSED] - "WebOfficeURL - Set from the ENVIRONMENT PROFILE ": null

2020-04-24 08:31:11 - [TEST_STEP][PASSED] - "OPEN BROWSER": null

2020-04-24 08:31:11 - [TEST_STEP][PASSED] - "eg - https://admin.preview.checkatrade.com/  ": null

2020-04-24 08:31:11 - [TEST_STEP][PASSED] - openBrowser(WebOfficeURL): Browser is opened with url: 'https://admin.preview.checkatrade.com/'

2020-04-24 08:31:11 - [MESSAGE][INFO] - Starting 'Chrome' driver

2020-04-24 08:31:11 - [MESSAGE][INFO] - Action delay is set to 0 milliseconds

2020-04-24 08:31:16 - [MESSAGE][PASSED] - Browser is opened with url: 'https://admin.preview.checkatrade.com/'

2020-04-24 08:31:16 - [TEST_STEP][PASSED] - maximizeWindow(): Current window maximized

2020-04-24 08:31:18 - [MESSAGE][PASSED] - Current window maximized

2020-04-24 08:31:18 - [TEST_STEP][PASSED] - waitForElementClickable(findTestObject("Object Repository/WebOffice/Page_Checkatrade - Administration - Login/Login_Button"), 25): Object 'Object Repository/WebOffice/Page_Checkatrade - Administration - Login/Login_Button' is clickable

2020-04-24 08:31:18 - [MESSAGE][PASSED] - Object 'Object Repository/WebOffice/Page_Checkatrade - Administration - Login/Login_Button' is clickable

2020-04-24 08:31:18 - [TEST_STEP][PASSED] - verifyTextPresent("Checkatrade Web Office", false): Text 'Checkatrade Web Office' is present on page 

2020-04-24 08:31:19 - [MESSAGE][PASSED] - Text 'Checkatrade Web Office' is present on page 

2020-04-24 08:31:19 - [TEST_STEP][PASSED] - verifyTextPresent("Access for staff use only", false): Text 'Access for staff use only' is present on page 

2020-04-24 08:31:19 - [MESSAGE][PASSED] - Text 'Access for staff use only' is present on page 

2020-04-24 08:31:19 - [TEST_STEP][PASSED] - verifyTextPresent("Forgotten password?", false): Text 'Forgotten password?' is present on page 

2020-04-24 08:31:19 - [MESSAGE][PASSED] - Text 'Forgotten password?' is present on page 

2020-04-24 08:31:19 - [TEST_STEP][PASSED] - setText(findTestObject("Object Repository/WebOffice/Page_Checkatrade - Administration - Login/input_Username_LoginControlUserName"), wo_Username): Text 'DavidHo' is set on object 'Object Repository/WebOffice/Page_Checkatrade - Administration - Login/input_Username_LoginControlUserName'

2020-04-24 08:31:19 - [MESSAGE][PASSED] - Text 'DavidHo' is set on object 'Object Repository/WebOffice/Page_Checkatrade - Administration - Login/input_Username_LoginControlUserName'

2020-04-24 08:31:19 - [TEST_STEP][PASSED] - setText(findTestObject("Object Repository/WebOffice/Page_Checkatrade - Administration - Login/input_Password_LoginControlPassword"), wo_Password): Text 'Check123' is set on object 'Object Repository/WebOffice/Page_Checkatrade - Administration - Login/input_Password_LoginControlPassword'

2020-04-24 08:31:19 - [MESSAGE][PASSED] - Text 'Check123' is set on object 'Object Repository/WebOffice/Page_Checkatrade - Administration - Login/input_Password_LoginControlPassword'

2020-04-24 08:31:19 - [TEST_STEP][PASSED] - click(findTestObject("Object Repository/WebOffice/Page_Checkatrade - Administration - Login/Login_Button")): Object: 'Object Repository/WebOffice/Page_Checkatrade - Administration - Login/Login_Button' is clicked on

2020-04-24 08:31:20 - [MESSAGE][PASSED] - Object: 'Object Repository/WebOffice/Page_Checkatrade - Administration - Login/Login_Button' is clicked on

2020-04-24 08:31:20 - [TEST_STEP][PASSED] - waitForPageLoad(60): Wait for page load successfully

2020-04-24 08:31:20 - [MESSAGE][PASSED] - Wait for page load successfully

2020-04-24 08:31:20 - [TEST_STEP][PASSED] - verifyTextPresent("Welcome " + wo_Username, false): Text 'Welcome DavidHo' is present on page 

2020-04-24 08:31:21 - [MESSAGE][PASSED] - Text 'Welcome DavidHo' is present on page 

2020-04-24 08:31:21 - [MESSAGE][PASSED] - Call Test Case 'Test Cases/Reusable_Test_Sequences/Web_Office/Directives/WebOffice_StartUp' successfully

2020-04-24 08:31:21 - [TEST_STEP][PASSED] - "-----------------------------------------------------------------": null

2020-04-24 08:31:21 - [TEST_STEP][PASSED] - " Navigate to <Settings->Checkatrade.Com->Sub Item> Menu Item     |": null

2020-04-24 08:31:21 - [TEST_STEP][PASSED] - callTestCase(findTestCase("Reusable_Test_Sequences/Web_Office/Navigation/Sub_Menu_Navigation/Reports/Overnight_Import_History"), [:], STOP_ON_FAILURE): Call Test Case 'Test Cases/Reusable_Test_Sequences/Web_Office/Navigation/Sub_Menu_Navigation/Reports/Overnight_Import_History' successfully

2020-04-24 08:31:21 - [TEST_CASE][PASSED] - Test Cases/Reusable_Test_Sequences/Web_Office/Navigation/Sub_Menu_Navigation/Reports/Overnight_Import_History: Test Cases/Reusable_Test_Sequences/Web_Office/Navigation/Sub_Menu_Navigation/Reports/Overnight_Import_History

2020-04-24 08:31:21 - [TEST_STEP][PASSED] - "--------------------------------------": null

2020-04-24 08:31:21 - [TEST_STEP][PASSED] - " Navigate Top level menu Item         |": null

2020-04-24 08:31:21 - [TEST_STEP][PASSED] - waitForPageLoad(60): Wait for page load successfully

2020-04-24 08:31:21 - [MESSAGE][PASSED] - Wait for page load successfully

2020-04-24 08:31:21 - [TEST_STEP][PASSED] - waitForElementClickable(findTestObject("Object Repository/WebOffice_Home_page/a_Reports"), 60): Object 'Object Repository/WebOffice_Home_page/a_Reports' is clickable

2020-04-24 08:31:22 - [MESSAGE][PASSED] - Object 'Object Repository/WebOffice_Home_page/a_Reports' is clickable

2020-04-24 08:31:22 - [TEST_STEP][PASSED] - mouseOver(findTestObject("Object Repository/WebOffice_Home_page/a_Reports")): Object: 'Object Repository/WebOffice_Home_page/a_Reports' is hovered

2020-04-24 08:31:22 - [MESSAGE][PASSED] - Object: 'Object Repository/WebOffice_Home_page/a_Reports' is hovered

2020-04-24 08:31:22 - [TEST_STEP][PASSED] - waitForPageLoad(5): Wait for page load successfully

2020-04-24 08:31:22 - [MESSAGE][PASSED] - Wait for page load successfully

2020-04-24 08:31:22 - [TEST_STEP][PASSED] - waitForElementClickable(findTestObject("Object Repository/WebOffice_Home_page/Page_/a_Overnight Import History"), 5): Object 'Object Repository/WebOffice_Home_page/Page_/a_Overnight Import History' is clickable

2020-04-24 08:31:22 - [MESSAGE][PASSED] - Object 'Object Repository/WebOffice_Home_page/Page_/a_Overnight Import History' is clickable

2020-04-24 08:31:22 - [TEST_STEP][PASSED] - click(findTestObject("Object Repository/WebOffice_Home_page/Page_/a_Overnight Import History")): Object: 'Object Repository/WebOffice_Home_page/Page_/a_Overnight Import History' is clicked on

2020-04-24 08:31:22 - [MESSAGE][PASSED] - Object: 'Object Repository/WebOffice_Home_page/Page_/a_Overnight Import History' is clicked on

2020-04-24 08:31:23 - [MESSAGE][PASSED] - Call Test Case 'Test Cases/Reusable_Test_Sequences/Web_Office/Navigation/Sub_Menu_Navigation/Reports/Overnight_Import_History' successfully

2020-04-24 08:31:23 - [TEST_STEP][PASSED] - "--------------------------------------": null

2020-04-24 08:31:23 - [TEST_STEP][PASSED] - " Verify Returned Page Detail          |": null

2020-04-24 08:31:23 - [TEST_STEP][PASSED] - callTestCase(findTestCase("Reusable_Test_Sequences/Web_Office/Verification/Reports/Overnight_Import_History"), [:], OPTIONAL): Call Test Case 'Test Cases/Reusable_Test_Sequences/Web_Office/Verification/Reports/Overnight_Import_History' successfully

2020-04-24 08:31:23 - [TEST_CASE][PASSED] - Test Cases/Reusable_Test_Sequences/Web_Office/Verification/Reports/Overnight_Import_History: Test Cases/Reusable_Test_Sequences/Web_Office/Verification/Reports/Overnight_Import_History

2020-04-24 08:31:23 - [TEST_STEP][PASSED] - waitForPageLoad(120): Wait for page load successfully

2020-04-24 08:31:23 - [MESSAGE][PASSED] - Wait for page load successfully

2020-04-24 08:31:23 - [TEST_STEP][PASSED] - delay(1): Delayed 1 second(s)

2020-04-24 08:31:24 - [MESSAGE][PASSED] - Delayed 1 second(s)

2020-04-24 08:31:24 - [TEST_STEP][PASSED] - verifyTextPresent("Trade Register - Overnight Import Statistics", false): Text 'Trade Register - Overnight Import Statistics' is present on page 

2020-04-24 08:31:24 - [MESSAGE][PASSED] - Text 'Trade Register - Overnight Import Statistics' is present on page 

2020-04-24 08:31:24 - [TEST_STEP][PASSED] - "----------------------------------------------": null

2020-04-24 08:31:24 - [TEST_STEP][PASSED] - verifyTextPresent("Import Date", false): Text 'Import Date' is present on page 

2020-04-24 08:31:25 - [MESSAGE][PASSED] - Text 'Import Date' is present on page 

2020-04-24 08:31:25 - [TEST_STEP][PASSED] - verifyTextPresent("New Company", false): Text 'New Company' is present on page 

2020-04-24 08:31:25 - [MESSAGE][PASSED] - Text 'New Company' is present on page 

2020-04-24 08:31:25 - [TEST_STEP][PASSED] - verifyTextPresent("Modified Company", false): Text 'Modified Company' is present on page 

2020-04-24 08:31:26 - [MESSAGE][PASSED] - Text 'Modified Company' is present on page 

2020-04-24 08:31:26 - [TEST_STEP][PASSED] - verifyTextPresent("New Feedback", false): Text 'New Feedback' is present on page 

2020-04-24 08:31:27 - [MESSAGE][PASSED] - Text 'New Feedback' is present on page 

2020-04-24 08:31:27 - [TEST_STEP][PASSED] - verifyTextPresent("New Vetting Reference", false): Text 'New Vetting Reference' is present on page 

2020-04-24 08:31:27 - [MESSAGE][PASSED] - Text 'New Vetting Reference' is present on page 

2020-04-24 08:31:27 - [TEST_STEP][PASSED] - "----------------------------------------------": null

2020-04-24 08:31:27 - [TEST_STEP][PASSED] - verifyTextPresent("Thu", false): Text 'Thu' is present on page 

2020-04-24 08:31:27 - [MESSAGE][PASSED] - Text 'Thu' is present on page 

2020-04-24 08:31:27 - [TEST_STEP][PASSED] - verifyTextPresent("Wed", false): Text 'Wed' is present on page 

2020-04-24 08:31:28 - [MESSAGE][PASSED] - Text 'Wed' is present on page 

2020-04-24 08:31:28 - [TEST_STEP][PASSED] - verifyTextPresent("Mar", false): Text 'Mar' is present on page 

2020-04-24 08:31:28 - [MESSAGE][PASSED] - Text 'Mar' is present on page 

2020-04-24 08:31:28 - [TEST_STEP][PASSED] - verifyTextPresent("20", false): Text '20' is present on page 

2020-04-24 08:31:29 - [MESSAGE][PASSED] - Text '20' is present on page 

2020-04-24 08:31:29 - [TEST_STEP][PASSED] - verifyTextPresent("1", false): Text '1' is present on page 

2020-04-24 08:31:29 - [MESSAGE][PASSED] - Text '1' is present on page 

2020-04-24 08:31:29 - [MESSAGE][PASSED] - Call Test Case 'Test Cases/Reusable_Test_Sequences/Web_Office/Verification/Reports/Overnight_Import_History' successfully

2020-04-24 08:31:29 - [TEST_STEP][PASSED] - "--------------------------": null

2020-04-24 08:31:29 - [TEST_STEP][PASSED] - " Teardown - CLose Browser |": null

2020-04-24 08:31:29 - [TEST_STEP][PASSED] - callTestCase(findTestCase("Reusable_Test_Sequences/CAT_Teardown"), [:], OPTIONAL): Call Test Case 'Test Cases/Reusable_Test_Sequences/CAT_Teardown' successfully

2020-04-24 08:31:29 - [TEST_CASE][PASSED] - Test Cases/Reusable_Test_Sequences/CAT_Teardown: Test Cases/Reusable_Test_Sequences/CAT_Teardown

2020-04-24 08:31:29 - [TEST_STEP][PASSED] - closeBrowser(): Browser is closed

2020-04-24 08:31:31 - [MESSAGE][PASSED] - Browser is closed

2020-04-24 08:31:31 - [TEST_STEP][PASSED] - super.finalize(): null

2020-04-24 08:31:31 - [TEST_STEP][PASSED] - System.gc(): null

2020-04-24 08:31:31 - [MESSAGE][PASSED] - Call Test Case 'Test Cases/Reusable_Test_Sequences/CAT_Teardown' successfully]]></system-out>
         <system-err><![CDATA[]]></system-err>
      </testcase>
      <testcase name="Test Cases/Web_Office/Reports/Population_Report" time="27.651" classname="Test Cases/Web_Office/Reports/Population_Report" status="PASSED">
         <system-out><![CDATA[2020-04-24 08:31:31 - [TEST_CASE][PASSED] - Test Cases/Web_Office/Reports/Population_Report: Test Cases/Web_Office/Reports/Population_Report

2020-04-24 08:31:32 - [TEST_STEP][PASSED] - "--------------------------------------": null

2020-04-24 08:31:32 - [TEST_STEP][PASSED] - " Web Office StartUp                  |": null

2020-04-24 08:31:32 - [TEST_STEP][PASSED] - callTestCase(findTestCase("Reusable_Test_Sequences/Web_Office/Directives/WebOffice_StartUp"), [:], STOP_ON_FAILURE): Call Test Case 'Test Cases/Reusable_Test_Sequences/Web_Office/Directives/WebOffice_StartUp' successfully

2020-04-24 08:31:32 - [TEST_CASE][PASSED] - Test Cases/Reusable_Test_Sequences/Web_Office/Directives/WebOffice_StartUp: Test Cases/Reusable_Test_Sequences/Web_Office/Directives/WebOffice_StartUp

2020-04-24 08:31:32 - [TEST_STEP][PASSED] - "-----------------------------------------------------------------------------": null

2020-04-24 08:31:32 - [TEST_STEP][PASSED] - if (URL == "https://www.dev.checkatrade.com/"): null

2020-04-24 08:31:32 - [TEST_STEP][PASSED] - "-----------------------------------------------------------------------------": null

2020-04-24 08:31:32 - [TEST_STEP][PASSED] - if (URL == "https://www.checkatrade.com/"): null

2020-04-24 08:31:32 - [TEST_STEP][PASSED] - "-----------------------------------------------------------------------------": null

2020-04-24 08:31:32 - [TEST_STEP][PASSED] - if (URL == "https://www.preview.checkatrade.com/"): null

2020-04-24 08:31:32 - [TEST_STEP][PASSED] - WebOfficeURL = "https://admin.preview.checkatrade.com/": null

2020-04-24 08:31:32 - [TEST_STEP][PASSED] - if (URL == "https://www.dev2.checkatrade.com/"): null

2020-04-24 08:31:32 - [TEST_STEP][PASSED] - "Set Function Area for "URL_Handler", URL Resolution": null

2020-04-24 08:31:32 - [TEST_STEP][PASSED] - "Do Some Magic with URL(s) See the comments within URL Handler ": null

2020-04-24 08:31:32 - [TEST_STEP][PASSED] - "------------------------------------------------": null

2020-04-24 08:31:32 - [TEST_STEP][PASSED] - "Moved Login Credentials to <Default> profile 22/01/2020": null

2020-04-24 08:31:32 - [TEST_STEP][PASSED] - "------------------------------------------------": null

2020-04-24 08:31:32 - [TEST_STEP][PASSED] - "WebOfficeURL - Set from the ENVIRONMENT PROFILE ": null

2020-04-24 08:31:32 - [TEST_STEP][PASSED] - "OPEN BROWSER": null

2020-04-24 08:31:32 - [TEST_STEP][PASSED] - "eg - https://admin.preview.checkatrade.com/  ": null

2020-04-24 08:31:32 - [TEST_STEP][PASSED] - openBrowser(WebOfficeURL): Browser is opened with url: 'https://admin.preview.checkatrade.com/'

2020-04-24 08:31:32 - [MESSAGE][INFO] - Starting 'Chrome' driver

2020-04-24 08:31:32 - [MESSAGE][INFO] - Action delay is set to 0 milliseconds

2020-04-24 08:31:38 - [MESSAGE][PASSED] - Browser is opened with url: 'https://admin.preview.checkatrade.com/'

2020-04-24 08:31:38 - [TEST_STEP][PASSED] - maximizeWindow(): Current window maximized

2020-04-24 08:31:40 - [MESSAGE][PASSED] - Current window maximized

2020-04-24 08:31:40 - [TEST_STEP][PASSED] - waitForElementClickable(findTestObject("Object Repository/WebOffice/Page_Checkatrade - Administration - Login/Login_Button"), 25): Object 'Object Repository/WebOffice/Page_Checkatrade - Administration - Login/Login_Button' is clickable

2020-04-24 08:31:40 - [MESSAGE][PASSED] - Object 'Object Repository/WebOffice/Page_Checkatrade - Administration - Login/Login_Button' is clickable

2020-04-24 08:31:40 - [TEST_STEP][PASSED] - verifyTextPresent("Checkatrade Web Office", false): Text 'Checkatrade Web Office' is present on page 

2020-04-24 08:31:40 - [MESSAGE][PASSED] - Text 'Checkatrade Web Office' is present on page 

2020-04-24 08:31:40 - [TEST_STEP][PASSED] - verifyTextPresent("Access for staff use only", false): Text 'Access for staff use only' is present on page 

2020-04-24 08:31:40 - [MESSAGE][PASSED] - Text 'Access for staff use only' is present on page 

2020-04-24 08:31:40 - [TEST_STEP][PASSED] - verifyTextPresent("Forgotten password?", false): Text 'Forgotten password?' is present on page 

2020-04-24 08:31:40 - [MESSAGE][PASSED] - Text 'Forgotten password?' is present on page 

2020-04-24 08:31:40 - [TEST_STEP][PASSED] - setText(findTestObject("Object Repository/WebOffice/Page_Checkatrade - Administration - Login/input_Username_LoginControlUserName"), wo_Username): Text 'DavidHo' is set on object 'Object Repository/WebOffice/Page_Checkatrade - Administration - Login/input_Username_LoginControlUserName'

2020-04-24 08:31:41 - [MESSAGE][PASSED] - Text 'DavidHo' is set on object 'Object Repository/WebOffice/Page_Checkatrade - Administration - Login/input_Username_LoginControlUserName'

2020-04-24 08:31:41 - [TEST_STEP][PASSED] - setText(findTestObject("Object Repository/WebOffice/Page_Checkatrade - Administration - Login/input_Password_LoginControlPassword"), wo_Password): Text 'Check123' is set on object 'Object Repository/WebOffice/Page_Checkatrade - Administration - Login/input_Password_LoginControlPassword'

2020-04-24 08:31:41 - [MESSAGE][PASSED] - Text 'Check123' is set on object 'Object Repository/WebOffice/Page_Checkatrade - Administration - Login/input_Password_LoginControlPassword'

2020-04-24 08:31:41 - [TEST_STEP][PASSED] - click(findTestObject("Object Repository/WebOffice/Page_Checkatrade - Administration - Login/Login_Button")): Object: 'Object Repository/WebOffice/Page_Checkatrade - Administration - Login/Login_Button' is clicked on

2020-04-24 08:31:42 - [MESSAGE][PASSED] - Object: 'Object Repository/WebOffice/Page_Checkatrade - Administration - Login/Login_Button' is clicked on

2020-04-24 08:31:42 - [TEST_STEP][PASSED] - waitForPageLoad(60): Wait for page load successfully

2020-04-24 08:31:42 - [MESSAGE][PASSED] - Wait for page load successfully

2020-04-24 08:31:42 - [TEST_STEP][PASSED] - verifyTextPresent("Welcome " + wo_Username, false): Text 'Welcome DavidHo' is present on page 

2020-04-24 08:31:43 - [MESSAGE][PASSED] - Text 'Welcome DavidHo' is present on page 

2020-04-24 08:31:43 - [MESSAGE][PASSED] - Call Test Case 'Test Cases/Reusable_Test_Sequences/Web_Office/Directives/WebOffice_StartUp' successfully

2020-04-24 08:31:43 - [TEST_STEP][PASSED] - "-----------------------------------------------------------------": null

2020-04-24 08:31:43 - [TEST_STEP][PASSED] - " Navigate to <Settings->Checkatrade.Com->Sub Item> Menu Item     |": null

2020-04-24 08:31:43 - [TEST_STEP][PASSED] - callTestCase(findTestCase("Reusable_Test_Sequences/Web_Office/Navigation/Sub_Menu_Navigation/Reports/Population_Report"), [:], STOP_ON_FAILURE): Call Test Case 'Test Cases/Reusable_Test_Sequences/Web_Office/Navigation/Sub_Menu_Navigation/Reports/Population_Report' successfully

2020-04-24 08:31:43 - [TEST_CASE][PASSED] - Test Cases/Reusable_Test_Sequences/Web_Office/Navigation/Sub_Menu_Navigation/Reports/Population_Report: Test Cases/Reusable_Test_Sequences/Web_Office/Navigation/Sub_Menu_Navigation/Reports/Population_Report

2020-04-24 08:31:43 - [TEST_STEP][PASSED] - "--------------------------------------": null

2020-04-24 08:31:43 - [TEST_STEP][PASSED] - " Navigate Top level menu Item         |": null

2020-04-24 08:31:43 - [TEST_STEP][PASSED] - waitForPageLoad(60): Wait for page load successfully

2020-04-24 08:31:43 - [MESSAGE][PASSED] - Wait for page load successfully

2020-04-24 08:31:43 - [TEST_STEP][PASSED] - waitForElementClickable(findTestObject("Object Repository/WebOffice_Home_page/a_Reports"), 60): Object 'Object Repository/WebOffice_Home_page/a_Reports' is clickable

2020-04-24 08:31:43 - [MESSAGE][PASSED] - Object 'Object Repository/WebOffice_Home_page/a_Reports' is clickable

2020-04-24 08:31:43 - [TEST_STEP][PASSED] - mouseOver(findTestObject("Object Repository/WebOffice_Home_page/a_Reports")): Object: 'Object Repository/WebOffice_Home_page/a_Reports' is hovered

2020-04-24 08:31:45 - [MESSAGE][PASSED] - Object: 'Object Repository/WebOffice_Home_page/a_Reports' is hovered

2020-04-24 08:31:45 - [TEST_STEP][PASSED] - waitForPageLoad(5): Wait for page load successfully

2020-04-24 08:31:45 - [MESSAGE][PASSED] - Wait for page load successfully

2020-04-24 08:31:45 - [TEST_STEP][PASSED] - waitForElementClickable(findTestObject("Object Repository/WebOffice_Home_page/Page_/a_Population Report"), 5): Object 'Object Repository/WebOffice_Home_page/Page_/a_Population Report' is clickable

2020-04-24 08:31:45 - [MESSAGE][PASSED] - Object 'Object Repository/WebOffice_Home_page/Page_/a_Population Report' is clickable

2020-04-24 08:31:45 - [TEST_STEP][PASSED] - click(findTestObject("Object Repository/WebOffice_Home_page/Page_/a_Population Report")): Object: 'Object Repository/WebOffice_Home_page/Page_/a_Population Report' is clicked on

2020-04-24 08:31:46 - [MESSAGE][PASSED] - Object: 'Object Repository/WebOffice_Home_page/Page_/a_Population Report' is clicked on

2020-04-24 08:31:46 - [MESSAGE][PASSED] - Call Test Case 'Test Cases/Reusable_Test_Sequences/Web_Office/Navigation/Sub_Menu_Navigation/Reports/Population_Report' successfully

2020-04-24 08:31:46 - [TEST_STEP][PASSED] - "--------------------------------------": null

2020-04-24 08:31:46 - [TEST_STEP][PASSED] - " Verify Returned Page Detail          |": null

2020-04-24 08:31:46 - [TEST_STEP][PASSED] - callTestCase(findTestCase("Reusable_Test_Sequences/Web_Office/Verification/Reports/Population_Report"), [:], OPTIONAL): Call Test Case 'Test Cases/Reusable_Test_Sequences/Web_Office/Verification/Reports/Population_Report' successfully

2020-04-24 08:31:46 - [TEST_CASE][PASSED] - Test Cases/Reusable_Test_Sequences/Web_Office/Verification/Reports/Population_Report: Test Cases/Reusable_Test_Sequences/Web_Office/Verification/Reports/Population_Report

2020-04-24 08:31:47 - [TEST_STEP][PASSED] - waitForPageLoad(120): Wait for page load successfully

2020-04-24 08:31:47 - [MESSAGE][PASSED] - Wait for page load successfully

2020-04-24 08:31:47 - [TEST_STEP][PASSED] - delay(1): Delayed 1 second(s)

2020-04-24 08:31:48 - [MESSAGE][PASSED] - Delayed 1 second(s)

2020-04-24 08:31:48 - [TEST_STEP][PASSED] - verifyTextPresent("Searches by Location and Category", false): Text 'Searches by Location and Category' is present on page 

2020-04-24 08:31:49 - [MESSAGE][PASSED] - Text 'Searches by Location and Category' is present on page 

2020-04-24 08:31:49 - [TEST_STEP][PASSED] - "----------------------------------------------": null

2020-04-24 08:31:49 - [TEST_STEP][PASSED] - verifyTextPresent("Postcodes", false): Text 'Postcodes' is present on page 

2020-04-24 08:31:50 - [MESSAGE][PASSED] - Text 'Postcodes' is present on page 

2020-04-24 08:31:50 - [TEST_STEP][PASSED] - verifyTextPresent("Select Categories", false): Text 'Select Categories' is present on page 

2020-04-24 08:31:51 - [MESSAGE][PASSED] - Text 'Select Categories' is present on page 

2020-04-24 08:31:51 - [TEST_STEP][PASSED] - verifyTextPresent("Search Radiuse", false): Text 'Search Radiuse' is present on page 

2020-04-24 08:31:52 - [MESSAGE][PASSED] - Text 'Search Radiuse' is present on page 

2020-04-24 08:31:52 - [TEST_STEP][PASSED] - verifyTextPresent("Included postcodes based on search radius", false): Text 'Included postcodes based on search radius' is present on page 

2020-04-24 08:31:53 - [MESSAGE][PASSED] - Text 'Included postcodes based on search radius' is present on page 

2020-04-24 08:31:53 - [TEST_STEP][PASSED] - verifyTextPresent("Select Date Range", false): Text 'Select Date Range' is present on page 

2020-04-24 08:31:54 - [MESSAGE][PASSED] - Text 'Select Date Range' is present on page 

2020-04-24 08:31:54 - [TEST_STEP][PASSED] - verifyTextPresent("Populate Grid", false): Text 'Populate Grid' is present on page 

2020-04-24 08:31:55 - [MESSAGE][PASSED] - Text 'Populate Grid' is present on page 

2020-04-24 08:31:55 - [TEST_STEP][PASSED] - verifyTextPresent("Note: Be patient, to show the final", false): Text 'Note: Be patient, to show the final' is present on page 

2020-04-24 08:31:56 - [MESSAGE][PASSED] - Text 'Note: Be patient, to show the final' is present on page 

2020-04-24 08:31:56 - [TEST_STEP][PASSED] - verifyTextPresent("result may take some time,", false): Text 'result may take some time,' is present on page 

2020-04-24 08:31:56 - [MESSAGE][PASSED] - Text 'result may take some time,' is present on page 

2020-04-24 08:31:56 - [TEST_STEP][PASSED] - verifyTextPresent("depending on the number of postcodes,", false): Text 'depending on the number of postcodes,' is present on page 

2020-04-24 08:31:57 - [MESSAGE][PASSED] - Text 'depending on the number of postcodes,' is present on page 

2020-04-24 08:31:57 - [TEST_STEP][PASSED] - verifyTextPresent("radius and categories selected!", false): Text 'radius and categories selected!' is present on page 

2020-04-24 08:31:58 - [MESSAGE][PASSED] - Text 'radius and categories selected!' is present on page 

2020-04-24 08:31:58 - [MESSAGE][PASSED] - Call Test Case 'Test Cases/Reusable_Test_Sequences/Web_Office/Verification/Reports/Population_Report' successfully

2020-04-24 08:31:58 - [TEST_STEP][PASSED] - "--------------------------": null

2020-04-24 08:31:58 - [TEST_STEP][PASSED] - " Teardown - CLose Browser |": null

2020-04-24 08:31:58 - [TEST_STEP][PASSED] - callTestCase(findTestCase("Reusable_Test_Sequences/CAT_Teardown"), [:], OPTIONAL): Call Test Case 'Test Cases/Reusable_Test_Sequences/CAT_Teardown' successfully

2020-04-24 08:31:58 - [TEST_CASE][PASSED] - Test Cases/Reusable_Test_Sequences/CAT_Teardown: Test Cases/Reusable_Test_Sequences/CAT_Teardown

2020-04-24 08:31:58 - [TEST_STEP][PASSED] - closeBrowser(): Browser is closed

2020-04-24 08:31:59 - [MESSAGE][PASSED] - Browser is closed

2020-04-24 08:31:59 - [TEST_STEP][PASSED] - super.finalize(): null

2020-04-24 08:31:59 - [TEST_STEP][PASSED] - System.gc(): null

2020-04-24 08:31:59 - [MESSAGE][PASSED] - Call Test Case 'Test Cases/Reusable_Test_Sequences/CAT_Teardown' successfully]]></system-out>
         <system-err><![CDATA[]]></system-err>
      </testcase>
      <testcase name="Test Cases/Web_Office/Reports/Exclusion_Report" time="17.125" classname="Test Cases/Web_Office/Reports/Exclusion_Report" status="PASSED">
         <system-out><![CDATA[2020-04-24 08:31:59 - [TEST_CASE][PASSED] - Test Cases/Web_Office/Reports/Exclusion_Report: Test Cases/Web_Office/Reports/Exclusion_Report

2020-04-24 08:31:59 - [TEST_STEP][PASSED] - "--------------------------------------": null

2020-04-24 08:31:59 - [TEST_STEP][PASSED] - " Web Office StartUp                  |": null

2020-04-24 08:31:59 - [TEST_STEP][PASSED] - callTestCase(findTestCase("Reusable_Test_Sequences/Web_Office/Directives/WebOffice_StartUp"), [:], STOP_ON_FAILURE): Call Test Case 'Test Cases/Reusable_Test_Sequences/Web_Office/Directives/WebOffice_StartUp' successfully

2020-04-24 08:31:59 - [TEST_CASE][PASSED] - Test Cases/Reusable_Test_Sequences/Web_Office/Directives/WebOffice_StartUp: Test Cases/Reusable_Test_Sequences/Web_Office/Directives/WebOffice_StartUp

2020-04-24 08:31:59 - [TEST_STEP][PASSED] - "-----------------------------------------------------------------------------": null

2020-04-24 08:31:59 - [TEST_STEP][PASSED] - if (URL == "https://www.dev.checkatrade.com/"): null

2020-04-24 08:31:59 - [TEST_STEP][PASSED] - "-----------------------------------------------------------------------------": null

2020-04-24 08:31:59 - [TEST_STEP][PASSED] - if (URL == "https://www.checkatrade.com/"): null

2020-04-24 08:31:59 - [TEST_STEP][PASSED] - "-----------------------------------------------------------------------------": null

2020-04-24 08:31:59 - [TEST_STEP][PASSED] - if (URL == "https://www.preview.checkatrade.com/"): null

2020-04-24 08:31:59 - [TEST_STEP][PASSED] - WebOfficeURL = "https://admin.preview.checkatrade.com/": null

2020-04-24 08:31:59 - [TEST_STEP][PASSED] - if (URL == "https://www.dev2.checkatrade.com/"): null

2020-04-24 08:31:59 - [TEST_STEP][PASSED] - "Set Function Area for "URL_Handler", URL Resolution": null

2020-04-24 08:31:59 - [TEST_STEP][PASSED] - "Do Some Magic with URL(s) See the comments within URL Handler ": null

2020-04-24 08:31:59 - [TEST_STEP][PASSED] - "------------------------------------------------": null

2020-04-24 08:31:59 - [TEST_STEP][PASSED] - "Moved Login Credentials to <Default> profile 22/01/2020": null

2020-04-24 08:31:59 - [TEST_STEP][PASSED] - "------------------------------------------------": null

2020-04-24 08:31:59 - [TEST_STEP][PASSED] - "WebOfficeURL - Set from the ENVIRONMENT PROFILE ": null

2020-04-24 08:31:59 - [TEST_STEP][PASSED] - "OPEN BROWSER": null

2020-04-24 08:31:59 - [TEST_STEP][PASSED] - "eg - https://admin.preview.checkatrade.com/  ": null

2020-04-24 08:31:59 - [TEST_STEP][PASSED] - openBrowser(WebOfficeURL): Browser is opened with url: 'https://admin.preview.checkatrade.com/'

2020-04-24 08:31:59 - [MESSAGE][INFO] - Starting 'Chrome' driver

2020-04-24 08:31:59 - [MESSAGE][INFO] - Action delay is set to 0 milliseconds

2020-04-24 08:32:04 - [MESSAGE][PASSED] - Browser is opened with url: 'https://admin.preview.checkatrade.com/'

2020-04-24 08:32:04 - [TEST_STEP][PASSED] - maximizeWindow(): Current window maximized

2020-04-24 08:32:06 - [MESSAGE][PASSED] - Current window maximized

2020-04-24 08:32:06 - [TEST_STEP][PASSED] - waitForElementClickable(findTestObject("Object Repository/WebOffice/Page_Checkatrade - Administration - Login/Login_Button"), 25): Object 'Object Repository/WebOffice/Page_Checkatrade - Administration - Login/Login_Button' is clickable

2020-04-24 08:32:07 - [MESSAGE][PASSED] - Object 'Object Repository/WebOffice/Page_Checkatrade - Administration - Login/Login_Button' is clickable

2020-04-24 08:32:07 - [TEST_STEP][PASSED] - verifyTextPresent("Checkatrade Web Office", false): Text 'Checkatrade Web Office' is present on page 

2020-04-24 08:32:07 - [MESSAGE][PASSED] - Text 'Checkatrade Web Office' is present on page 

2020-04-24 08:32:07 - [TEST_STEP][PASSED] - verifyTextPresent("Access for staff use only", false): Text 'Access for staff use only' is present on page 

2020-04-24 08:32:07 - [MESSAGE][PASSED] - Text 'Access for staff use only' is present on page 

2020-04-24 08:32:07 - [TEST_STEP][PASSED] - verifyTextPresent("Forgotten password?", false): Text 'Forgotten password?' is present on page 

2020-04-24 08:32:07 - [MESSAGE][PASSED] - Text 'Forgotten password?' is present on page 

2020-04-24 08:32:07 - [TEST_STEP][PASSED] - setText(findTestObject("Object Repository/WebOffice/Page_Checkatrade - Administration - Login/input_Username_LoginControlUserName"), wo_Username): Text 'DavidHo' is set on object 'Object Repository/WebOffice/Page_Checkatrade - Administration - Login/input_Username_LoginControlUserName'

2020-04-24 08:32:07 - [MESSAGE][PASSED] - Text 'DavidHo' is set on object 'Object Repository/WebOffice/Page_Checkatrade - Administration - Login/input_Username_LoginControlUserName'

2020-04-24 08:32:07 - [TEST_STEP][PASSED] - setText(findTestObject("Object Repository/WebOffice/Page_Checkatrade - Administration - Login/input_Password_LoginControlPassword"), wo_Password): Text 'Check123' is set on object 'Object Repository/WebOffice/Page_Checkatrade - Administration - Login/input_Password_LoginControlPassword'

2020-04-24 08:32:07 - [MESSAGE][PASSED] - Text 'Check123' is set on object 'Object Repository/WebOffice/Page_Checkatrade - Administration - Login/input_Password_LoginControlPassword'

2020-04-24 08:32:07 - [TEST_STEP][PASSED] - click(findTestObject("Object Repository/WebOffice/Page_Checkatrade - Administration - Login/Login_Button")): Object: 'Object Repository/WebOffice/Page_Checkatrade - Administration - Login/Login_Button' is clicked on

2020-04-24 08:32:10 - [MESSAGE][PASSED] - Object: 'Object Repository/WebOffice/Page_Checkatrade - Administration - Login/Login_Button' is clicked on

2020-04-24 08:32:10 - [TEST_STEP][PASSED] - waitForPageLoad(60): Wait for page load successfully

2020-04-24 08:32:10 - [MESSAGE][PASSED] - Wait for page load successfully

2020-04-24 08:32:10 - [TEST_STEP][PASSED] - verifyTextPresent("Welcome " + wo_Username, false): Text 'Welcome DavidHo' is present on page 

2020-04-24 08:32:10 - [MESSAGE][PASSED] - Text 'Welcome DavidHo' is present on page 

2020-04-24 08:32:10 - [MESSAGE][PASSED] - Call Test Case 'Test Cases/Reusable_Test_Sequences/Web_Office/Directives/WebOffice_StartUp' successfully

2020-04-24 08:32:10 - [TEST_STEP][PASSED] - "-----------------------------------------------------------------": null

2020-04-24 08:32:10 - [TEST_STEP][PASSED] - " Navigate to <Settings->Checkatrade.Com->Sub Item> Menu Item     |": null

2020-04-24 08:32:10 - [TEST_STEP][PASSED] - callTestCase(findTestCase("Reusable_Test_Sequences/Web_Office/Navigation/Sub_Menu_Navigation/Reports/Exclusion_Report"), [:], STOP_ON_FAILURE): Call Test Case 'Test Cases/Reusable_Test_Sequences/Web_Office/Navigation/Sub_Menu_Navigation/Reports/Exclusion_Report' successfully

2020-04-24 08:32:10 - [TEST_CASE][PASSED] - Test Cases/Reusable_Test_Sequences/Web_Office/Navigation/Sub_Menu_Navigation/Reports/Exclusion_Report: Test Cases/Reusable_Test_Sequences/Web_Office/Navigation/Sub_Menu_Navigation/Reports/Exclusion_Report

2020-04-24 08:32:11 - [TEST_STEP][PASSED] - "--------------------------------------": null

2020-04-24 08:32:11 - [TEST_STEP][PASSED] - " Navigate Top level menu Item         |": null

2020-04-24 08:32:11 - [TEST_STEP][PASSED] - waitForPageLoad(60): Wait for page load successfully

2020-04-24 08:32:11 - [MESSAGE][PASSED] - Wait for page load successfully

2020-04-24 08:32:11 - [TEST_STEP][PASSED] - waitForElementClickable(findTestObject("Object Repository/WebOffice_Home_page/a_Reports"), 60): Object 'Object Repository/WebOffice_Home_page/a_Reports' is clickable

2020-04-24 08:32:11 - [MESSAGE][PASSED] - Object 'Object Repository/WebOffice_Home_page/a_Reports' is clickable

2020-04-24 08:32:11 - [TEST_STEP][PASSED] - mouseOver(findTestObject("Object Repository/WebOffice_Home_page/a_Reports")): Object: 'Object Repository/WebOffice_Home_page/a_Reports' is hovered

2020-04-24 08:32:11 - [MESSAGE][PASSED] - Object: 'Object Repository/WebOffice_Home_page/a_Reports' is hovered

2020-04-24 08:32:11 - [TEST_STEP][PASSED] - waitForPageLoad(5): Wait for page load successfully

2020-04-24 08:32:11 - [MESSAGE][PASSED] - Wait for page load successfully

2020-04-24 08:32:11 - [TEST_STEP][PASSED] - waitForElementClickable(findTestObject("Object Repository/WebOffice_Home_page/Page_/a_Exclusion Report"), 5): Object 'Object Repository/WebOffice_Home_page/Page_/a_Exclusion Report' is clickable

2020-04-24 08:32:11 - [MESSAGE][PASSED] - Object 'Object Repository/WebOffice_Home_page/Page_/a_Exclusion Report' is clickable

2020-04-24 08:32:11 - [TEST_STEP][PASSED] - click(findTestObject("Object Repository/WebOffice_Home_page/Page_/a_Exclusion Report")): Object: 'Object Repository/WebOffice_Home_page/Page_/a_Exclusion Report' is clicked on

2020-04-24 08:32:12 - [MESSAGE][PASSED] - Object: 'Object Repository/WebOffice_Home_page/Page_/a_Exclusion Report' is clicked on

2020-04-24 08:32:12 - [MESSAGE][PASSED] - Call Test Case 'Test Cases/Reusable_Test_Sequences/Web_Office/Navigation/Sub_Menu_Navigation/Reports/Exclusion_Report' successfully

2020-04-24 08:32:12 - [TEST_STEP][PASSED] - "--------------------------------------": null

2020-04-24 08:32:12 - [TEST_STEP][PASSED] - " Verify Returned Page Detail          |": null

2020-04-24 08:32:12 - [TEST_STEP][PASSED] - callTestCase(findTestCase("Reusable_Test_Sequences/Web_Office/Verification/Reports/Exclusion_Report"), [:], OPTIONAL): Call Test Case 'Test Cases/Reusable_Test_Sequences/Web_Office/Verification/Reports/Exclusion_Report' successfully

2020-04-24 08:32:12 - [TEST_CASE][PASSED] - Test Cases/Reusable_Test_Sequences/Web_Office/Verification/Reports/Exclusion_Report: Test Cases/Reusable_Test_Sequences/Web_Office/Verification/Reports/Exclusion_Report

2020-04-24 08:32:13 - [TEST_STEP][PASSED] - waitForPageLoad(120): Wait for page load successfully

2020-04-24 08:32:13 - [MESSAGE][PASSED] - Wait for page load successfully

2020-04-24 08:32:13 - [TEST_STEP][PASSED] - delay(1): Delayed 1 second(s)

2020-04-24 08:32:14 - [MESSAGE][PASSED] - Delayed 1 second(s)

2020-04-24 08:32:14 - [TEST_STEP][PASSED] - verifyTextPresent("Exclusion Report", false): Text 'Exclusion Report' is present on page 

2020-04-24 08:32:14 - [MESSAGE][PASSED] - Text 'Exclusion Report' is present on page 

2020-04-24 08:32:14 - [TEST_STEP][PASSED] - "----------------------------------------------": null

2020-04-24 08:32:14 - [TEST_STEP][PASSED] - verifyTextPresent("Filters", false): Text 'Filters' is present on page 

2020-04-24 08:32:14 - [MESSAGE][PASSED] - Text 'Filters' is present on page 

2020-04-24 08:32:14 - [TEST_STEP][PASSED] - verifyTextPresent("Start Date", false): Text 'Start Date' is present on page 

2020-04-24 08:32:14 - [MESSAGE][PASSED] - Text 'Start Date' is present on page 

2020-04-24 08:32:14 - [TEST_STEP][PASSED] - verifyTextPresent("End Date", false): Text 'End Date' is present on page 

2020-04-24 08:32:14 - [MESSAGE][PASSED] - Text 'End Date' is present on page 

2020-04-24 08:32:14 - [TEST_STEP][PASSED] - verifyTextPresent("Membership level", false): Text 'Membership level' is present on page 

2020-04-24 08:32:14 - [MESSAGE][PASSED] - Text 'Membership level' is present on page 

2020-04-24 08:32:14 - [MESSAGE][PASSED] - Call Test Case 'Test Cases/Reusable_Test_Sequences/Web_Office/Verification/Reports/Exclusion_Report' successfully

2020-04-24 08:32:14 - [TEST_STEP][PASSED] - "--------------------------": null

2020-04-24 08:32:14 - [TEST_STEP][PASSED] - " Teardown - CLose Browser |": null

2020-04-24 08:32:14 - [TEST_STEP][PASSED] - callTestCase(findTestCase("Reusable_Test_Sequences/CAT_Teardown"), [:], OPTIONAL): Call Test Case 'Test Cases/Reusable_Test_Sequences/CAT_Teardown' successfully

2020-04-24 08:32:15 - [TEST_CASE][PASSED] - Test Cases/Reusable_Test_Sequences/CAT_Teardown: Test Cases/Reusable_Test_Sequences/CAT_Teardown

2020-04-24 08:32:15 - [TEST_STEP][PASSED] - closeBrowser(): Browser is closed

2020-04-24 08:32:16 - [MESSAGE][PASSED] - Browser is closed

2020-04-24 08:32:16 - [TEST_STEP][PASSED] - super.finalize(): null

2020-04-24 08:32:16 - [TEST_STEP][PASSED] - System.gc(): null

2020-04-24 08:32:16 - [MESSAGE][PASSED] - Call Test Case 'Test Cases/Reusable_Test_Sequences/CAT_Teardown' successfully]]></system-out>
         <system-err><![CDATA[]]></system-err>
      </testcase>
      <testcase name="Test Cases/Web_Office/Reports/Retentions" time="16.538" classname="Test Cases/Web_Office/Reports/Retentions" status="PASSED">
         <system-out><![CDATA[2020-04-24 08:32:16 - [TEST_CASE][PASSED] - Test Cases/Web_Office/Reports/Retentions: Test Cases/Web_Office/Reports/Retentions

2020-04-24 08:32:16 - [TEST_STEP][PASSED] - "--------------------------------------": null

2020-04-24 08:32:16 - [TEST_STEP][PASSED] - " Web Office StartUp                  |": null

2020-04-24 08:32:16 - [TEST_STEP][PASSED] - callTestCase(findTestCase("Reusable_Test_Sequences/Web_Office/Directives/WebOffice_StartUp"), [:], STOP_ON_FAILURE): Call Test Case 'Test Cases/Reusable_Test_Sequences/Web_Office/Directives/WebOffice_StartUp' successfully

2020-04-24 08:32:17 - [TEST_CASE][PASSED] - Test Cases/Reusable_Test_Sequences/Web_Office/Directives/WebOffice_StartUp: Test Cases/Reusable_Test_Sequences/Web_Office/Directives/WebOffice_StartUp

2020-04-24 08:32:17 - [TEST_STEP][PASSED] - "-----------------------------------------------------------------------------": null

2020-04-24 08:32:17 - [TEST_STEP][PASSED] - if (URL == "https://www.dev.checkatrade.com/"): null

2020-04-24 08:32:17 - [TEST_STEP][PASSED] - "-----------------------------------------------------------------------------": null

2020-04-24 08:32:17 - [TEST_STEP][PASSED] - if (URL == "https://www.checkatrade.com/"): null

2020-04-24 08:32:17 - [TEST_STEP][PASSED] - "-----------------------------------------------------------------------------": null

2020-04-24 08:32:17 - [TEST_STEP][PASSED] - if (URL == "https://www.preview.checkatrade.com/"): null

2020-04-24 08:32:17 - [TEST_STEP][PASSED] - WebOfficeURL = "https://admin.preview.checkatrade.com/": null

2020-04-24 08:32:17 - [TEST_STEP][PASSED] - if (URL == "https://www.dev2.checkatrade.com/"): null

2020-04-24 08:32:17 - [TEST_STEP][PASSED] - "Set Function Area for "URL_Handler", URL Resolution": null

2020-04-24 08:32:17 - [TEST_STEP][PASSED] - "Do Some Magic with URL(s) See the comments within URL Handler ": null

2020-04-24 08:32:17 - [TEST_STEP][PASSED] - "------------------------------------------------": null

2020-04-24 08:32:17 - [TEST_STEP][PASSED] - "Moved Login Credentials to <Default> profile 22/01/2020": null

2020-04-24 08:32:17 - [TEST_STEP][PASSED] - "------------------------------------------------": null

2020-04-24 08:32:17 - [TEST_STEP][PASSED] - "WebOfficeURL - Set from the ENVIRONMENT PROFILE ": null

2020-04-24 08:32:17 - [TEST_STEP][PASSED] - "OPEN BROWSER": null

2020-04-24 08:32:17 - [TEST_STEP][PASSED] - "eg - https://admin.preview.checkatrade.com/  ": null

2020-04-24 08:32:17 - [TEST_STEP][PASSED] - openBrowser(WebOfficeURL): Browser is opened with url: 'https://admin.preview.checkatrade.com/'

2020-04-24 08:32:17 - [MESSAGE][INFO] - Starting 'Chrome' driver

2020-04-24 08:32:17 - [MESSAGE][INFO] - Action delay is set to 0 milliseconds

2020-04-24 08:32:23 - [MESSAGE][PASSED] - Browser is opened with url: 'https://admin.preview.checkatrade.com/'

2020-04-24 08:32:23 - [TEST_STEP][PASSED] - maximizeWindow(): Current window maximized

2020-04-24 08:32:26 - [MESSAGE][PASSED] - Current window maximized

2020-04-24 08:32:26 - [TEST_STEP][PASSED] - waitForElementClickable(findTestObject("Object Repository/WebOffice/Page_Checkatrade - Administration - Login/Login_Button"), 25): Object 'Object Repository/WebOffice/Page_Checkatrade - Administration - Login/Login_Button' is clickable

2020-04-24 08:32:26 - [MESSAGE][PASSED] - Object 'Object Repository/WebOffice/Page_Checkatrade - Administration - Login/Login_Button' is clickable

2020-04-24 08:32:26 - [TEST_STEP][PASSED] - verifyTextPresent("Checkatrade Web Office", false): Text 'Checkatrade Web Office' is present on page 

2020-04-24 08:32:26 - [MESSAGE][PASSED] - Text 'Checkatrade Web Office' is present on page 

2020-04-24 08:32:26 - [TEST_STEP][PASSED] - verifyTextPresent("Access for staff use only", false): Text 'Access for staff use only' is present on page 

2020-04-24 08:32:26 - [MESSAGE][PASSED] - Text 'Access for staff use only' is present on page 

2020-04-24 08:32:26 - [TEST_STEP][PASSED] - verifyTextPresent("Forgotten password?", false): Text 'Forgotten password?' is present on page 

2020-04-24 08:32:26 - [MESSAGE][PASSED] - Text 'Forgotten password?' is present on page 

2020-04-24 08:32:26 - [TEST_STEP][PASSED] - setText(findTestObject("Object Repository/WebOffice/Page_Checkatrade - Administration - Login/input_Username_LoginControlUserName"), wo_Username): Text 'DavidHo' is set on object 'Object Repository/WebOffice/Page_Checkatrade - Administration - Login/input_Username_LoginControlUserName'

2020-04-24 08:32:26 - [MESSAGE][PASSED] - Text 'DavidHo' is set on object 'Object Repository/WebOffice/Page_Checkatrade - Administration - Login/input_Username_LoginControlUserName'

2020-04-24 08:32:26 - [TEST_STEP][PASSED] - setText(findTestObject("Object Repository/WebOffice/Page_Checkatrade - Administration - Login/input_Password_LoginControlPassword"), wo_Password): Text 'Check123' is set on object 'Object Repository/WebOffice/Page_Checkatrade - Administration - Login/input_Password_LoginControlPassword'

2020-04-24 08:32:26 - [MESSAGE][PASSED] - Text 'Check123' is set on object 'Object Repository/WebOffice/Page_Checkatrade - Administration - Login/input_Password_LoginControlPassword'

2020-04-24 08:32:26 - [TEST_STEP][PASSED] - click(findTestObject("Object Repository/WebOffice/Page_Checkatrade - Administration - Login/Login_Button")): Object: 'Object Repository/WebOffice/Page_Checkatrade - Administration - Login/Login_Button' is clicked on

2020-04-24 08:32:27 - [MESSAGE][PASSED] - Object: 'Object Repository/WebOffice/Page_Checkatrade - Administration - Login/Login_Button' is clicked on

2020-04-24 08:32:27 - [TEST_STEP][PASSED] - waitForPageLoad(60): Wait for page load successfully

2020-04-24 08:32:27 - [MESSAGE][PASSED] - Wait for page load successfully

2020-04-24 08:32:27 - [TEST_STEP][PASSED] - verifyTextPresent("Welcome " + wo_Username, false): Text 'Welcome DavidHo' is present on page 

2020-04-24 08:32:28 - [MESSAGE][PASSED] - Text 'Welcome DavidHo' is present on page 

2020-04-24 08:32:28 - [MESSAGE][PASSED] - Call Test Case 'Test Cases/Reusable_Test_Sequences/Web_Office/Directives/WebOffice_StartUp' successfully

2020-04-24 08:32:28 - [TEST_STEP][PASSED] - "-----------------------------------------------------------------": null

2020-04-24 08:32:28 - [TEST_STEP][PASSED] - " Navigate to <Settings->Checkatrade.Com->Sub Item> Menu Item     |": null

2020-04-24 08:32:28 - [TEST_STEP][PASSED] - callTestCase(findTestCase("Reusable_Test_Sequences/Web_Office/Navigation/Sub_Menu_Navigation/Reports/Retentions"), [:], STOP_ON_FAILURE): Call Test Case 'Test Cases/Reusable_Test_Sequences/Web_Office/Navigation/Sub_Menu_Navigation/Reports/Retentions' successfully

2020-04-24 08:32:28 - [TEST_CASE][PASSED] - Test Cases/Reusable_Test_Sequences/Web_Office/Navigation/Sub_Menu_Navigation/Reports/Retentions: Test Cases/Reusable_Test_Sequences/Web_Office/Navigation/Sub_Menu_Navigation/Reports/Retentions

2020-04-24 08:32:28 - [TEST_STEP][PASSED] - "--------------------------------------": null

2020-04-24 08:32:28 - [TEST_STEP][PASSED] - " Navigate Top level menu Item         |": null

2020-04-24 08:32:28 - [TEST_STEP][PASSED] - waitForPageLoad(60): Wait for page load successfully

2020-04-24 08:32:28 - [MESSAGE][PASSED] - Wait for page load successfully

2020-04-24 08:32:28 - [TEST_STEP][PASSED] - waitForElementClickable(findTestObject("Object Repository/WebOffice_Home_page/a_Reports"), 60): Object 'Object Repository/WebOffice_Home_page/a_Reports' is clickable

2020-04-24 08:32:28 - [MESSAGE][PASSED] - Object 'Object Repository/WebOffice_Home_page/a_Reports' is clickable

2020-04-24 08:32:28 - [TEST_STEP][PASSED] - mouseOver(findTestObject("Object Repository/WebOffice_Home_page/a_Reports")): Object: 'Object Repository/WebOffice_Home_page/a_Reports' is hovered

2020-04-24 08:32:28 - [MESSAGE][PASSED] - Object: 'Object Repository/WebOffice_Home_page/a_Reports' is hovered

2020-04-24 08:32:28 - [TEST_STEP][PASSED] - waitForPageLoad(5): Wait for page load successfully

2020-04-24 08:32:28 - [MESSAGE][PASSED] - Wait for page load successfully

2020-04-24 08:32:28 - [TEST_STEP][PASSED] - waitForElementClickable(findTestObject("Object Repository/WebOffice_Home_page/Page_/a_Retentions"), 5): Object 'Object Repository/WebOffice_Home_page/Page_/a_Retentions' is clickable

2020-04-24 08:32:28 - [MESSAGE][PASSED] - Object 'Object Repository/WebOffice_Home_page/Page_/a_Retentions' is clickable

2020-04-24 08:32:28 - [TEST_STEP][PASSED] - click(findTestObject("Object Repository/WebOffice_Home_page/Page_/a_Retentions")): Object: 'Object Repository/WebOffice_Home_page/Page_/a_Retentions' is clicked on

2020-04-24 08:32:29 - [MESSAGE][PASSED] - Object: 'Object Repository/WebOffice_Home_page/Page_/a_Retentions' is clicked on

2020-04-24 08:32:29 - [MESSAGE][PASSED] - Call Test Case 'Test Cases/Reusable_Test_Sequences/Web_Office/Navigation/Sub_Menu_Navigation/Reports/Retentions' successfully

2020-04-24 08:32:29 - [TEST_STEP][PASSED] - "--------------------------------------": null

2020-04-24 08:32:29 - [TEST_STEP][PASSED] - " Verify Returned Page Detail          |": null

2020-04-24 08:32:29 - [TEST_STEP][PASSED] - callTestCase(findTestCase("Reusable_Test_Sequences/Web_Office/Verification/Reports/Retentions"), [:], OPTIONAL): Call Test Case 'Test Cases/Reusable_Test_Sequences/Web_Office/Verification/Reports/Retentions' successfully

2020-04-24 08:32:29 - [TEST_CASE][PASSED] - Test Cases/Reusable_Test_Sequences/Web_Office/Verification/Reports/Retentions: Test Cases/Reusable_Test_Sequences/Web_Office/Verification/Reports/Retentions

2020-04-24 08:32:29 - [TEST_STEP][PASSED] - waitForPageLoad(120): Wait for page load successfully

2020-04-24 08:32:29 - [MESSAGE][PASSED] - Wait for page load successfully

2020-04-24 08:32:29 - [TEST_STEP][PASSED] - delay(1): Delayed 1 second(s)

2020-04-24 08:32:30 - [MESSAGE][PASSED] - Delayed 1 second(s)

2020-04-24 08:32:30 - [TEST_STEP][PASSED] - verifyTextPresent("Retention Expiry Report 40 days", false): Text 'Retention Expiry Report 40 days' is present on page 

2020-04-24 08:32:31 - [MESSAGE][PASSED] - Text 'Retention Expiry Report 40 days' is present on page 

2020-04-24 08:32:31 - [TEST_STEP][PASSED] - "----------------------------------------------": null

2020-04-24 08:32:31 - [TEST_STEP][PASSED] - "----------------------------------------------": null

2020-04-24 08:32:31 - [TEST_STEP][PASSED] - verifyTextPresent("Date From", false): Text 'Date From' is present on page 

2020-04-24 08:32:31 - [MESSAGE][PASSED] - Text 'Date From' is present on page 

2020-04-24 08:32:31 - [TEST_STEP][PASSED] - verifyTextPresent("Date To", false): Text 'Date To' is present on page 

2020-04-24 08:32:31 - [MESSAGE][PASSED] - Text 'Date To' is present on page 

2020-04-24 08:32:31 - [MESSAGE][PASSED] - Call Test Case 'Test Cases/Reusable_Test_Sequences/Web_Office/Verification/Reports/Retentions' successfully

2020-04-24 08:32:31 - [TEST_STEP][PASSED] - "--------------------------": null

2020-04-24 08:32:31 - [TEST_STEP][PASSED] - " Teardown - CLose Browser |": null

2020-04-24 08:32:31 - [TEST_STEP][PASSED] - callTestCase(findTestCase("Reusable_Test_Sequences/CAT_Teardown"), [:], OPTIONAL): Call Test Case 'Test Cases/Reusable_Test_Sequences/CAT_Teardown' successfully

2020-04-24 08:32:31 - [TEST_CASE][PASSED] - Test Cases/Reusable_Test_Sequences/CAT_Teardown: Test Cases/Reusable_Test_Sequences/CAT_Teardown

2020-04-24 08:32:31 - [TEST_STEP][PASSED] - closeBrowser(): Browser is closed

2020-04-24 08:32:32 - [MESSAGE][PASSED] - Browser is closed

2020-04-24 08:32:32 - [TEST_STEP][PASSED] - super.finalize(): null

2020-04-24 08:32:32 - [TEST_STEP][PASSED] - System.gc(): null

2020-04-24 08:32:33 - [MESSAGE][PASSED] - Call Test Case 'Test Cases/Reusable_Test_Sequences/CAT_Teardown' successfully]]></system-out>
         <system-err><![CDATA[]]></system-err>
      </testcase>
      <testcase name="Test Cases/Web_Office/Reports/Company_Website_Status_Changes_Members" time="22.044" classname="Test Cases/Web_Office/Reports/Company_Website_Status_Changes_Members" status="PASSED">
         <system-out><![CDATA[2020-04-24 08:32:33 - [TEST_CASE][PASSED] - Test Cases/Web_Office/Reports/Company_Website_Status_Changes_Members: Test Cases/Web_Office/Reports/Company_Website_Status_Changes_Members

2020-04-24 08:32:33 - [TEST_STEP][PASSED] - "--------------------------------------": null

2020-04-24 08:32:33 - [TEST_STEP][PASSED] - " Web Office StartUp                  |": null

2020-04-24 08:32:33 - [TEST_STEP][PASSED] - callTestCase(findTestCase("Reusable_Test_Sequences/Web_Office/Directives/WebOffice_StartUp"), [:], STOP_ON_FAILURE): Call Test Case 'Test Cases/Reusable_Test_Sequences/Web_Office/Directives/WebOffice_StartUp' successfully

2020-04-24 08:32:33 - [TEST_CASE][PASSED] - Test Cases/Reusable_Test_Sequences/Web_Office/Directives/WebOffice_StartUp: Test Cases/Reusable_Test_Sequences/Web_Office/Directives/WebOffice_StartUp

2020-04-24 08:32:33 - [TEST_STEP][PASSED] - "-----------------------------------------------------------------------------": null

2020-04-24 08:32:33 - [TEST_STEP][PASSED] - if (URL == "https://www.dev.checkatrade.com/"): null

2020-04-24 08:32:33 - [TEST_STEP][PASSED] - "-----------------------------------------------------------------------------": null

2020-04-24 08:32:33 - [TEST_STEP][PASSED] - if (URL == "https://www.checkatrade.com/"): null

2020-04-24 08:32:33 - [TEST_STEP][PASSED] - "-----------------------------------------------------------------------------": null

2020-04-24 08:32:33 - [TEST_STEP][PASSED] - if (URL == "https://www.preview.checkatrade.com/"): null

2020-04-24 08:32:33 - [TEST_STEP][PASSED] - WebOfficeURL = "https://admin.preview.checkatrade.com/": null

2020-04-24 08:32:33 - [TEST_STEP][PASSED] - if (URL == "https://www.dev2.checkatrade.com/"): null

2020-04-24 08:32:33 - [TEST_STEP][PASSED] - "Set Function Area for "URL_Handler", URL Resolution": null

2020-04-24 08:32:33 - [TEST_STEP][PASSED] - "Do Some Magic with URL(s) See the comments within URL Handler ": null

2020-04-24 08:32:33 - [TEST_STEP][PASSED] - "------------------------------------------------": null

2020-04-24 08:32:33 - [TEST_STEP][PASSED] - "Moved Login Credentials to <Default> profile 22/01/2020": null

2020-04-24 08:32:33 - [TEST_STEP][PASSED] - "------------------------------------------------": null

2020-04-24 08:32:33 - [TEST_STEP][PASSED] - "WebOfficeURL - Set from the ENVIRONMENT PROFILE ": null

2020-04-24 08:32:33 - [TEST_STEP][PASSED] - "OPEN BROWSER": null

2020-04-24 08:32:33 - [TEST_STEP][PASSED] - "eg - https://admin.preview.checkatrade.com/  ": null

2020-04-24 08:32:33 - [TEST_STEP][PASSED] - openBrowser(WebOfficeURL): Browser is opened with url: 'https://admin.preview.checkatrade.com/'

2020-04-24 08:32:33 - [MESSAGE][INFO] - Starting 'Chrome' driver

2020-04-24 08:32:33 - [MESSAGE][INFO] - Action delay is set to 0 milliseconds

2020-04-24 08:32:38 - [MESSAGE][PASSED] - Browser is opened with url: 'https://admin.preview.checkatrade.com/'

2020-04-24 08:32:38 - [TEST_STEP][PASSED] - maximizeWindow(): Current window maximized

2020-04-24 08:32:40 - [MESSAGE][PASSED] - Current window maximized

2020-04-24 08:32:40 - [TEST_STEP][PASSED] - waitForElementClickable(findTestObject("Object Repository/WebOffice/Page_Checkatrade - Administration - Login/Login_Button"), 25): Object 'Object Repository/WebOffice/Page_Checkatrade - Administration - Login/Login_Button' is clickable

2020-04-24 08:32:41 - [MESSAGE][PASSED] - Object 'Object Repository/WebOffice/Page_Checkatrade - Administration - Login/Login_Button' is clickable

2020-04-24 08:32:41 - [TEST_STEP][PASSED] - verifyTextPresent("Checkatrade Web Office", false): Text 'Checkatrade Web Office' is present on page 

2020-04-24 08:32:41 - [MESSAGE][PASSED] - Text 'Checkatrade Web Office' is present on page 

2020-04-24 08:32:41 - [TEST_STEP][PASSED] - verifyTextPresent("Access for staff use only", false): Text 'Access for staff use only' is present on page 

2020-04-24 08:32:41 - [MESSAGE][PASSED] - Text 'Access for staff use only' is present on page 

2020-04-24 08:32:41 - [TEST_STEP][PASSED] - verifyTextPresent("Forgotten password?", false): Text 'Forgotten password?' is present on page 

2020-04-24 08:32:41 - [MESSAGE][PASSED] - Text 'Forgotten password?' is present on page 

2020-04-24 08:32:41 - [TEST_STEP][PASSED] - setText(findTestObject("Object Repository/WebOffice/Page_Checkatrade - Administration - Login/input_Username_LoginControlUserName"), wo_Username): Text 'DavidHo' is set on object 'Object Repository/WebOffice/Page_Checkatrade - Administration - Login/input_Username_LoginControlUserName'

2020-04-24 08:32:41 - [MESSAGE][PASSED] - Text 'DavidHo' is set on object 'Object Repository/WebOffice/Page_Checkatrade - Administration - Login/input_Username_LoginControlUserName'

2020-04-24 08:32:41 - [TEST_STEP][PASSED] - setText(findTestObject("Object Repository/WebOffice/Page_Checkatrade - Administration - Login/input_Password_LoginControlPassword"), wo_Password): Text 'Check123' is set on object 'Object Repository/WebOffice/Page_Checkatrade - Administration - Login/input_Password_LoginControlPassword'

2020-04-24 08:32:41 - [MESSAGE][PASSED] - Text 'Check123' is set on object 'Object Repository/WebOffice/Page_Checkatrade - Administration - Login/input_Password_LoginControlPassword'

2020-04-24 08:32:41 - [TEST_STEP][PASSED] - click(findTestObject("Object Repository/WebOffice/Page_Checkatrade - Administration - Login/Login_Button")): Object: 'Object Repository/WebOffice/Page_Checkatrade - Administration - Login/Login_Button' is clicked on

2020-04-24 08:32:42 - [MESSAGE][PASSED] - Object: 'Object Repository/WebOffice/Page_Checkatrade - Administration - Login/Login_Button' is clicked on

2020-04-24 08:32:42 - [TEST_STEP][PASSED] - waitForPageLoad(60): Wait for page load successfully

2020-04-24 08:32:43 - [MESSAGE][PASSED] - Wait for page load successfully

2020-04-24 08:32:43 - [TEST_STEP][PASSED] - verifyTextPresent("Welcome " + wo_Username, false): Text 'Welcome DavidHo' is present on page 

2020-04-24 08:32:43 - [MESSAGE][PASSED] - Text 'Welcome DavidHo' is present on page 

2020-04-24 08:32:43 - [MESSAGE][PASSED] - Call Test Case 'Test Cases/Reusable_Test_Sequences/Web_Office/Directives/WebOffice_StartUp' successfully

2020-04-24 08:32:43 - [TEST_STEP][PASSED] - "-----------------------------------------------------------------": null

2020-04-24 08:32:43 - [TEST_STEP][PASSED] - " Navigate to <Settings->Checkatrade.Com->Sub Item> Menu Item     |": null

2020-04-24 08:32:43 - [TEST_STEP][PASSED] - callTestCase(findTestCase("Reusable_Test_Sequences/Web_Office/Navigation/Sub_Menu_Navigation/Reports/Company_Website_Status_Changes_Members"), [:], STOP_ON_FAILURE): Call Test Case 'Test Cases/Reusable_Test_Sequences/Web_Office/Navigation/Sub_Menu_Navigation/Reports/Company_Website_Status_Changes_Members' successfully

2020-04-24 08:32:43 - [TEST_CASE][PASSED] - Test Cases/Reusable_Test_Sequences/Web_Office/Navigation/Sub_Menu_Navigation/Reports/Company_Website_Status_Changes_Members: Test Cases/Reusable_Test_Sequences/Web_Office/Navigation/Sub_Menu_Navigation/Reports/Company_Website_Status_Changes_Members

2020-04-24 08:32:43 - [TEST_STEP][PASSED] - "--------------------------------------": null

2020-04-24 08:32:43 - [TEST_STEP][PASSED] - " Navigate Top level menu Item         |": null

2020-04-24 08:32:43 - [TEST_STEP][PASSED] - waitForPageLoad(60): Wait for page load successfully

2020-04-24 08:32:43 - [MESSAGE][PASSED] - Wait for page load successfully

2020-04-24 08:32:43 - [TEST_STEP][PASSED] - waitForElementClickable(findTestObject("Object Repository/WebOffice_Home_page/a_Reports"), 60): Object 'Object Repository/WebOffice_Home_page/a_Reports' is clickable

2020-04-24 08:32:44 - [MESSAGE][PASSED] - Object 'Object Repository/WebOffice_Home_page/a_Reports' is clickable

2020-04-24 08:32:44 - [TEST_STEP][PASSED] - mouseOver(findTestObject("Object Repository/WebOffice_Home_page/a_Reports")): Object: 'Object Repository/WebOffice_Home_page/a_Reports' is hovered

2020-04-24 08:32:44 - [MESSAGE][PASSED] - Object: 'Object Repository/WebOffice_Home_page/a_Reports' is hovered

2020-04-24 08:32:44 - [TEST_STEP][PASSED] - click(findTestObject("Object Repository/WebOffice_Home_page/Page_/a_Members")): Object: 'Object Repository/WebOffice_Home_page/Page_/a_Members' is clicked on

2020-04-24 08:32:44 - [MESSAGE][PASSED] - Object: 'Object Repository/WebOffice_Home_page/Page_/a_Members' is clicked on

2020-04-24 08:32:44 - [TEST_STEP][PASSED] - waitForPageLoad(5): Wait for page load successfully

2020-04-24 08:32:44 - [MESSAGE][PASSED] - Wait for page load successfully

2020-04-24 08:32:44 - [TEST_STEP][PASSED] - waitForElementClickable(findTestObject("Object Repository/WebOffice_Home_page/Page_/a_Company Website Status Changes"), 5): Object 'Object Repository/WebOffice_Home_page/Page_/a_Company Website Status Changes' is clickable

2020-04-24 08:32:44 - [MESSAGE][PASSED] - Object 'Object Repository/WebOffice_Home_page/Page_/a_Company Website Status Changes' is clickable

2020-04-24 08:32:44 - [TEST_STEP][PASSED] - click(findTestObject("Object Repository/WebOffice_Home_page/Page_/a_Company Website Status Changes")): Object: 'Object Repository/WebOffice_Home_page/Page_/a_Company Website Status Changes' is clicked on

2020-04-24 08:32:48 - [MESSAGE][PASSED] - Object: 'Object Repository/WebOffice_Home_page/Page_/a_Company Website Status Changes' is clicked on

2020-04-24 08:32:48 - [MESSAGE][PASSED] - Call Test Case 'Test Cases/Reusable_Test_Sequences/Web_Office/Navigation/Sub_Menu_Navigation/Reports/Company_Website_Status_Changes_Members' successfully

2020-04-24 08:32:48 - [TEST_STEP][PASSED] - "--------------------------------------": null

2020-04-24 08:32:48 - [TEST_STEP][PASSED] - " Verify Returned Page Detail          |": null

2020-04-24 08:32:48 - [TEST_STEP][PASSED] - callTestCase(findTestCase("Reusable_Test_Sequences/Web_Office/Verification/Reports/Company_Website_Status_Changes"), [:], OPTIONAL): Call Test Case 'Test Cases/Reusable_Test_Sequences/Web_Office/Verification/Reports/Company_Website_Status_Changes' successfully

2020-04-24 08:32:48 - [TEST_CASE][PASSED] - Test Cases/Reusable_Test_Sequences/Web_Office/Verification/Reports/Company_Website_Status_Changes: Test Cases/Reusable_Test_Sequences/Web_Office/Verification/Reports/Company_Website_Status_Changes

2020-04-24 08:32:48 - [TEST_STEP][PASSED] - waitForPageLoad(120): Wait for page load successfully

2020-04-24 08:32:48 - [MESSAGE][PASSED] - Wait for page load successfully

2020-04-24 08:32:48 - [TEST_STEP][PASSED] - delay(1): Delayed 1 second(s)

2020-04-24 08:32:49 - [MESSAGE][PASSED] - Delayed 1 second(s)

2020-04-24 08:32:49 - [TEST_STEP][PASSED] - verifyTextPresent("Company Website Status Change Report", false): Text 'Company Website Status Change Report' is present on page 

2020-04-24 08:32:50 - [MESSAGE][PASSED] - Text 'Company Website Status Change Report' is present on page 

2020-04-24 08:32:50 - [TEST_STEP][PASSED] - "----------------------------------------------": null

2020-04-24 08:32:50 - [TEST_STEP][PASSED] - verifyTextPresent("All Available Dates:", false): Text 'All Available Dates:' is present on page 

2020-04-24 08:32:51 - [MESSAGE][PASSED] - Text 'All Available Dates:' is present on page 

2020-04-24 08:32:51 - [TEST_STEP][PASSED] - verifyTextPresent("Total no. companies", false): Text 'Total no. companies' is present on page 

2020-04-24 08:32:51 - [MESSAGE][PASSED] - Text 'Total no. companies' is present on page 

2020-04-24 08:32:51 - [TEST_STEP][PASSED] - "----------------------------------------------": null

2020-04-24 08:32:51 - [TEST_STEP][PASSED] - "----------------------------------------------": null

2020-04-24 08:32:51 - [TEST_STEP][PASSED] - verifyTextPresent("Company", false): Text 'Company' is present on page 

2020-04-24 08:32:51 - [MESSAGE][PASSED] - Text 'Company' is present on page 

2020-04-24 08:32:51 - [TEST_STEP][PASSED] - verifyTextPresent("Status", false): Text 'Status' is present on page 

2020-04-24 08:32:52 - [MESSAGE][PASSED] - Text 'Status' is present on page 

2020-04-24 08:32:52 - [TEST_STEP][PASSED] - verifyTextPresent("Description", false): Text 'Description' is present on page 

2020-04-24 08:32:52 - [MESSAGE][PASSED] - Text 'Description' is present on page 

2020-04-24 08:32:52 - [TEST_STEP][PASSED] - verifyTextPresent("Date Changed", false): Text 'Date Changed' is present on page 

2020-04-24 08:32:52 - [MESSAGE][PASSED] - Text 'Date Changed' is present on page 

2020-04-24 08:32:52 - [TEST_STEP][PASSED] - "----------------------------------------------": null

2020-04-24 08:32:52 - [TEST_STEP][PASSED] - "----------------------------------------------": null

2020-04-24 08:32:52 - [TEST_STEP][PASSED] - "----------------------------------------------": null

2020-04-24 08:32:52 - [TEST_STEP][PASSED] - verifyTextPresent("Added to Website", false): Text 'Added to Website' is present on page 

2020-04-24 08:32:53 - [MESSAGE][PASSED] - Text 'Added to Website' is present on page 

2020-04-24 08:32:53 - [TEST_STEP][PASSED] - verifyTextPresent("Removed from website", false): Text 'Removed from website' is present on page 

2020-04-24 08:32:53 - [MESSAGE][PASSED] - Text 'Removed from website' is present on page 

2020-04-24 08:32:53 - [MESSAGE][PASSED] - Call Test Case 'Test Cases/Reusable_Test_Sequences/Web_Office/Verification/Reports/Company_Website_Status_Changes' successfully

2020-04-24 08:32:53 - [TEST_STEP][PASSED] - "--------------------------": null

2020-04-24 08:32:53 - [TEST_STEP][PASSED] - " Teardown - CLose Browser |": null

2020-04-24 08:32:53 - [TEST_STEP][PASSED] - callTestCase(findTestCase("Reusable_Test_Sequences/CAT_Teardown"), [:], OPTIONAL): Call Test Case 'Test Cases/Reusable_Test_Sequences/CAT_Teardown' successfully

2020-04-24 08:32:53 - [TEST_CASE][PASSED] - Test Cases/Reusable_Test_Sequences/CAT_Teardown: Test Cases/Reusable_Test_Sequences/CAT_Teardown

2020-04-24 08:32:53 - [TEST_STEP][PASSED] - closeBrowser(): Browser is closed

2020-04-24 08:32:55 - [MESSAGE][PASSED] - Browser is closed

2020-04-24 08:32:55 - [TEST_STEP][PASSED] - super.finalize(): null

2020-04-24 08:32:55 - [TEST_STEP][PASSED] - System.gc(): null

2020-04-24 08:32:55 - [MESSAGE][PASSED] - Call Test Case 'Test Cases/Reusable_Test_Sequences/CAT_Teardown' successfully]]></system-out>
         <system-err><![CDATA[]]></system-err>
      </testcase>
      <testcase name="Test Cases/Web_Office/Reports/Partner_Franchise" time="17.669" classname="Test Cases/Web_Office/Reports/Partner_Franchise" status="PASSED">
         <system-out><![CDATA[2020-04-24 08:32:55 - [TEST_CASE][PASSED] - Test Cases/Web_Office/Reports/Partner_Franchise: Test Cases/Web_Office/Reports/Partner_Franchise

2020-04-24 08:32:55 - [TEST_STEP][PASSED] - "--------------------------------------": null

2020-04-24 08:32:55 - [TEST_STEP][PASSED] - " Web Office StartUp                  |": null

2020-04-24 08:32:55 - [TEST_STEP][PASSED] - callTestCase(findTestCase("Reusable_Test_Sequences/Web_Office/Directives/WebOffice_StartUp"), [:], STOP_ON_FAILURE): Call Test Case 'Test Cases/Reusable_Test_Sequences/Web_Office/Directives/WebOffice_StartUp' successfully

2020-04-24 08:32:55 - [TEST_CASE][PASSED] - Test Cases/Reusable_Test_Sequences/Web_Office/Directives/WebOffice_StartUp: Test Cases/Reusable_Test_Sequences/Web_Office/Directives/WebOffice_StartUp

2020-04-24 08:32:55 - [TEST_STEP][PASSED] - "-----------------------------------------------------------------------------": null

2020-04-24 08:32:55 - [TEST_STEP][PASSED] - if (URL == "https://www.dev.checkatrade.com/"): null

2020-04-24 08:32:55 - [TEST_STEP][PASSED] - "-----------------------------------------------------------------------------": null

2020-04-24 08:32:55 - [TEST_STEP][PASSED] - if (URL == "https://www.checkatrade.com/"): null

2020-04-24 08:32:55 - [TEST_STEP][PASSED] - "-----------------------------------------------------------------------------": null

2020-04-24 08:32:55 - [TEST_STEP][PASSED] - if (URL == "https://www.preview.checkatrade.com/"): null

2020-04-24 08:32:55 - [TEST_STEP][PASSED] - WebOfficeURL = "https://admin.preview.checkatrade.com/": null

2020-04-24 08:32:55 - [TEST_STEP][PASSED] - if (URL == "https://www.dev2.checkatrade.com/"): null

2020-04-24 08:32:55 - [TEST_STEP][PASSED] - "Set Function Area for "URL_Handler", URL Resolution": null

2020-04-24 08:32:55 - [TEST_STEP][PASSED] - "Do Some Magic with URL(s) See the comments within URL Handler ": null

2020-04-24 08:32:55 - [TEST_STEP][PASSED] - "------------------------------------------------": null

2020-04-24 08:32:55 - [TEST_STEP][PASSED] - "Moved Login Credentials to <Default> profile 22/01/2020": null

2020-04-24 08:32:55 - [TEST_STEP][PASSED] - "------------------------------------------------": null

2020-04-24 08:32:55 - [TEST_STEP][PASSED] - "WebOfficeURL - Set from the ENVIRONMENT PROFILE ": null

2020-04-24 08:32:55 - [TEST_STEP][PASSED] - "OPEN BROWSER": null

2020-04-24 08:32:55 - [TEST_STEP][PASSED] - "eg - https://admin.preview.checkatrade.com/  ": null

2020-04-24 08:32:55 - [TEST_STEP][PASSED] - openBrowser(WebOfficeURL): Browser is opened with url: 'https://admin.preview.checkatrade.com/'

2020-04-24 08:32:55 - [MESSAGE][INFO] - Starting 'Chrome' driver

2020-04-24 08:32:55 - [MESSAGE][INFO] - Action delay is set to 0 milliseconds

2020-04-24 08:33:01 - [MESSAGE][PASSED] - Browser is opened with url: 'https://admin.preview.checkatrade.com/'

2020-04-24 08:33:01 - [TEST_STEP][PASSED] - maximizeWindow(): Current window maximized

2020-04-24 08:33:03 - [MESSAGE][PASSED] - Current window maximized

2020-04-24 08:33:03 - [TEST_STEP][PASSED] - waitForElementClickable(findTestObject("Object Repository/WebOffice/Page_Checkatrade - Administration - Login/Login_Button"), 25): Object 'Object Repository/WebOffice/Page_Checkatrade - Administration - Login/Login_Button' is clickable

2020-04-24 08:33:03 - [MESSAGE][PASSED] - Object 'Object Repository/WebOffice/Page_Checkatrade - Administration - Login/Login_Button' is clickable

2020-04-24 08:33:03 - [TEST_STEP][PASSED] - verifyTextPresent("Checkatrade Web Office", false): Text 'Checkatrade Web Office' is present on page 

2020-04-24 08:33:03 - [MESSAGE][PASSED] - Text 'Checkatrade Web Office' is present on page 

2020-04-24 08:33:03 - [TEST_STEP][PASSED] - verifyTextPresent("Access for staff use only", false): Text 'Access for staff use only' is present on page 

2020-04-24 08:33:03 - [MESSAGE][PASSED] - Text 'Access for staff use only' is present on page 

2020-04-24 08:33:03 - [TEST_STEP][PASSED] - verifyTextPresent("Forgotten password?", false): Text 'Forgotten password?' is present on page 

2020-04-24 08:33:03 - [MESSAGE][PASSED] - Text 'Forgotten password?' is present on page 

2020-04-24 08:33:03 - [TEST_STEP][PASSED] - setText(findTestObject("Object Repository/WebOffice/Page_Checkatrade - Administration - Login/input_Username_LoginControlUserName"), wo_Username): Text 'DavidHo' is set on object 'Object Repository/WebOffice/Page_Checkatrade - Administration - Login/input_Username_LoginControlUserName'

2020-04-24 08:33:04 - [MESSAGE][PASSED] - Text 'DavidHo' is set on object 'Object Repository/WebOffice/Page_Checkatrade - Administration - Login/input_Username_LoginControlUserName'

2020-04-24 08:33:04 - [TEST_STEP][PASSED] - setText(findTestObject("Object Repository/WebOffice/Page_Checkatrade - Administration - Login/input_Password_LoginControlPassword"), wo_Password): Text 'Check123' is set on object 'Object Repository/WebOffice/Page_Checkatrade - Administration - Login/input_Password_LoginControlPassword'

2020-04-24 08:33:04 - [MESSAGE][PASSED] - Text 'Check123' is set on object 'Object Repository/WebOffice/Page_Checkatrade - Administration - Login/input_Password_LoginControlPassword'

2020-04-24 08:33:04 - [TEST_STEP][PASSED] - click(findTestObject("Object Repository/WebOffice/Page_Checkatrade - Administration - Login/Login_Button")): Object: 'Object Repository/WebOffice/Page_Checkatrade - Administration - Login/Login_Button' is clicked on

2020-04-24 08:33:06 - [MESSAGE][PASSED] - Object: 'Object Repository/WebOffice/Page_Checkatrade - Administration - Login/Login_Button' is clicked on

2020-04-24 08:33:06 - [TEST_STEP][PASSED] - waitForPageLoad(60): Wait for page load successfully

2020-04-24 08:33:06 - [MESSAGE][PASSED] - Wait for page load successfully

2020-04-24 08:33:06 - [TEST_STEP][PASSED] - verifyTextPresent("Welcome " + wo_Username, false): Text 'Welcome DavidHo' is present on page 

2020-04-24 08:33:06 - [MESSAGE][PASSED] - Text 'Welcome DavidHo' is present on page 

2020-04-24 08:33:06 - [MESSAGE][PASSED] - Call Test Case 'Test Cases/Reusable_Test_Sequences/Web_Office/Directives/WebOffice_StartUp' successfully

2020-04-24 08:33:06 - [TEST_STEP][PASSED] - "-----------------------------------------------------------------": null

2020-04-24 08:33:06 - [TEST_STEP][PASSED] - " Navigate to <Settings->Checkatrade.Com->Sub Item> Menu Item     |": null

2020-04-24 08:33:06 - [TEST_STEP][PASSED] - callTestCase(findTestCase("Reusable_Test_Sequences/Web_Office/Navigation/Sub_Menu_Navigation/Reports/Partner_Franchise"), [:], STOP_ON_FAILURE): Call Test Case 'Test Cases/Reusable_Test_Sequences/Web_Office/Navigation/Sub_Menu_Navigation/Reports/Partner_Franchise' successfully

2020-04-24 08:33:06 - [TEST_CASE][PASSED] - Test Cases/Reusable_Test_Sequences/Web_Office/Navigation/Sub_Menu_Navigation/Reports/Partner_Franchise: Test Cases/Reusable_Test_Sequences/Web_Office/Navigation/Sub_Menu_Navigation/Reports/Partner_Franchise

2020-04-24 08:33:07 - [TEST_STEP][PASSED] - "--------------------------------------": null

2020-04-24 08:33:07 - [TEST_STEP][PASSED] - " Navigate Top level menu Item         |": null

2020-04-24 08:33:07 - [TEST_STEP][PASSED] - waitForPageLoad(60): Wait for page load successfully

2020-04-24 08:33:07 - [MESSAGE][PASSED] - Wait for page load successfully

2020-04-24 08:33:07 - [TEST_STEP][PASSED] - waitForElementClickable(findTestObject("Object Repository/WebOffice_Home_page/a_Reports"), 60): Object 'Object Repository/WebOffice_Home_page/a_Reports' is clickable

2020-04-24 08:33:07 - [MESSAGE][PASSED] - Object 'Object Repository/WebOffice_Home_page/a_Reports' is clickable

2020-04-24 08:33:07 - [TEST_STEP][PASSED] - mouseOver(findTestObject("Object Repository/WebOffice_Home_page/a_Reports")): Object: 'Object Repository/WebOffice_Home_page/a_Reports' is hovered

2020-04-24 08:33:07 - [MESSAGE][PASSED] - Object: 'Object Repository/WebOffice_Home_page/a_Reports' is hovered

2020-04-24 08:33:07 - [TEST_STEP][PASSED] - click(findTestObject("Object Repository/WebOffice_Home_page/Page_/a_Members")): Object: 'Object Repository/WebOffice_Home_page/Page_/a_Members' is clicked on

2020-04-24 08:33:07 - [MESSAGE][PASSED] - Object: 'Object Repository/WebOffice_Home_page/Page_/a_Members' is clicked on

2020-04-24 08:33:07 - [TEST_STEP][PASSED] - waitForPageLoad(5): Wait for page load successfully

2020-04-24 08:33:07 - [MESSAGE][PASSED] - Wait for page load successfully

2020-04-24 08:33:07 - [TEST_STEP][PASSED] - waitForElementClickable(findTestObject("Object Repository/WebOffice_Home_page/Page_/a_Partner  Franchise"), 5): Object 'Object Repository/WebOffice_Home_page/Page_/a_Partner  Franchise' is clickable

2020-04-24 08:33:07 - [MESSAGE][PASSED] - Object 'Object Repository/WebOffice_Home_page/Page_/a_Partner  Franchise' is clickable

2020-04-24 08:33:07 - [TEST_STEP][PASSED] - click(findTestObject("Object Repository/WebOffice_Home_page/Page_/a_Partner  Franchise")): Object: 'Object Repository/WebOffice_Home_page/Page_/a_Partner  Franchise' is clicked on

2020-04-24 08:33:08 - [MESSAGE][PASSED] - Object: 'Object Repository/WebOffice_Home_page/Page_/a_Partner  Franchise' is clicked on

2020-04-24 08:33:08 - [MESSAGE][PASSED] - Call Test Case 'Test Cases/Reusable_Test_Sequences/Web_Office/Navigation/Sub_Menu_Navigation/Reports/Partner_Franchise' successfully

2020-04-24 08:33:08 - [TEST_STEP][PASSED] - "--------------------------------------": null

2020-04-24 08:33:08 - [TEST_STEP][PASSED] - " Verify Returned Page Detail          |": null

2020-04-24 08:33:08 - [TEST_STEP][PASSED] - callTestCase(findTestCase("Reusable_Test_Sequences/Web_Office/Verification/Reports/Partner_Franchise"), [:], OPTIONAL): Call Test Case 'Test Cases/Reusable_Test_Sequences/Web_Office/Verification/Reports/Partner_Franchise' successfully

2020-04-24 08:33:08 - [TEST_CASE][PASSED] - Test Cases/Reusable_Test_Sequences/Web_Office/Verification/Reports/Partner_Franchise: Test Cases/Reusable_Test_Sequences/Web_Office/Verification/Reports/Partner_Franchise

2020-04-24 08:33:09 - [TEST_STEP][PASSED] - waitForPageLoad(120): Wait for page load successfully

2020-04-24 08:33:09 - [MESSAGE][PASSED] - Wait for page load successfully

2020-04-24 08:33:09 - [TEST_STEP][PASSED] - delay(1): Delayed 1 second(s)

2020-04-24 08:33:10 - [MESSAGE][PASSED] - Delayed 1 second(s)

2020-04-24 08:33:10 - [TEST_STEP][PASSED] - verifyTextPresent("Partner/Franchise Reports", false): Text 'Partner/Franchise Reports' is present on page 

2020-04-24 08:33:10 - [MESSAGE][PASSED] - Text 'Partner/Franchise Reports' is present on page 

2020-04-24 08:33:10 - [TEST_STEP][PASSED] - "----------------------------------------------": null

2020-04-24 08:33:10 - [TEST_STEP][PASSED] - verifyTextPresent("Report Period", false): Text 'Report Period' is present on page 

2020-04-24 08:33:10 - [MESSAGE][PASSED] - Text 'Report Period' is present on page 

2020-04-24 08:33:10 - [TEST_STEP][PASSED] - verifyTextPresent("Comparison Period", false): Text 'Comparison Period' is present on page 

2020-04-24 08:33:10 - [MESSAGE][PASSED] - Text 'Comparison Period' is present on page 

2020-04-24 08:33:10 - [TEST_STEP][PASSED] - verifyTextPresent("Partner/Franchise", false): Text 'Partner/Franchise' is present on page 

2020-04-24 08:33:11 - [MESSAGE][PASSED] - Text 'Partner/Franchise' is present on page 

2020-04-24 08:33:11 - [TEST_STEP][PASSED] - "----------------------------------------------": null

2020-04-24 08:33:11 - [TEST_STEP][PASSED] - verifyTextPresent("Report Type", false): Text 'Report Type' is present on page 

2020-04-24 08:33:11 - [MESSAGE][PASSED] - Text 'Report Type' is present on page 

2020-04-24 08:33:11 - [TEST_STEP][PASSED] - verifyTextPresent("Summary", false): Text 'Summary' is present on page 

2020-04-24 08:33:11 - [MESSAGE][PASSED] - Text 'Summary' is present on page 

2020-04-24 08:33:11 - [TEST_STEP][PASSED] - verifyTextPresent("Detail", false): Text 'Detail' is present on page 

2020-04-24 08:33:11 - [MESSAGE][PASSED] - Text 'Detail' is present on page 

2020-04-24 08:33:11 - [MESSAGE][PASSED] - Call Test Case 'Test Cases/Reusable_Test_Sequences/Web_Office/Verification/Reports/Partner_Franchise' successfully

2020-04-24 08:33:11 - [TEST_STEP][PASSED] - "--------------------------": null

2020-04-24 08:33:11 - [TEST_STEP][PASSED] - " Teardown - CLose Browser |": null

2020-04-24 08:33:11 - [TEST_STEP][PASSED] - callTestCase(findTestCase("Reusable_Test_Sequences/CAT_Teardown"), [:], OPTIONAL): Call Test Case 'Test Cases/Reusable_Test_Sequences/CAT_Teardown' successfully

2020-04-24 08:33:11 - [TEST_CASE][PASSED] - Test Cases/Reusable_Test_Sequences/CAT_Teardown: Test Cases/Reusable_Test_Sequences/CAT_Teardown

2020-04-24 08:33:11 - [TEST_STEP][PASSED] - closeBrowser(): Browser is closed

2020-04-24 08:33:12 - [MESSAGE][PASSED] - Browser is closed

2020-04-24 08:33:12 - [TEST_STEP][PASSED] - super.finalize(): null

2020-04-24 08:33:12 - [TEST_STEP][PASSED] - System.gc(): null

2020-04-24 08:33:12 - [MESSAGE][PASSED] - Call Test Case 'Test Cases/Reusable_Test_Sequences/CAT_Teardown' successfully]]></system-out>
         <system-err><![CDATA[]]></system-err>
      </testcase>
      <testcase name="Test Cases/Web_Office/Reports/Competitor_Analysis" time="17.207" classname="Test Cases/Web_Office/Reports/Competitor_Analysis" status="PASSED">
         <system-out><![CDATA[2020-04-24 08:33:12 - [TEST_CASE][PASSED] - Test Cases/Web_Office/Reports/Competitor_Analysis: Test Cases/Web_Office/Reports/Competitor_Analysis

2020-04-24 08:33:13 - [TEST_STEP][PASSED] - "--------------------------------------": null

2020-04-24 08:33:13 - [TEST_STEP][PASSED] - " Web Office StartUp                  |": null

2020-04-24 08:33:13 - [TEST_STEP][PASSED] - callTestCase(findTestCase("Reusable_Test_Sequences/Web_Office/Directives/WebOffice_StartUp"), [:], STOP_ON_FAILURE): Call Test Case 'Test Cases/Reusable_Test_Sequences/Web_Office/Directives/WebOffice_StartUp' successfully

2020-04-24 08:33:13 - [TEST_CASE][PASSED] - Test Cases/Reusable_Test_Sequences/Web_Office/Directives/WebOffice_StartUp: Test Cases/Reusable_Test_Sequences/Web_Office/Directives/WebOffice_StartUp

2020-04-24 08:33:13 - [TEST_STEP][PASSED] - "-----------------------------------------------------------------------------": null

2020-04-24 08:33:13 - [TEST_STEP][PASSED] - if (URL == "https://www.dev.checkatrade.com/"): null

2020-04-24 08:33:13 - [TEST_STEP][PASSED] - "-----------------------------------------------------------------------------": null

2020-04-24 08:33:13 - [TEST_STEP][PASSED] - if (URL == "https://www.checkatrade.com/"): null

2020-04-24 08:33:13 - [TEST_STEP][PASSED] - "-----------------------------------------------------------------------------": null

2020-04-24 08:33:13 - [TEST_STEP][PASSED] - if (URL == "https://www.preview.checkatrade.com/"): null

2020-04-24 08:33:13 - [TEST_STEP][PASSED] - WebOfficeURL = "https://admin.preview.checkatrade.com/": null

2020-04-24 08:33:13 - [TEST_STEP][PASSED] - if (URL == "https://www.dev2.checkatrade.com/"): null

2020-04-24 08:33:13 - [TEST_STEP][PASSED] - "Set Function Area for "URL_Handler", URL Resolution": null

2020-04-24 08:33:13 - [TEST_STEP][PASSED] - "Do Some Magic with URL(s) See the comments within URL Handler ": null

2020-04-24 08:33:13 - [TEST_STEP][PASSED] - "------------------------------------------------": null

2020-04-24 08:33:13 - [TEST_STEP][PASSED] - "Moved Login Credentials to <Default> profile 22/01/2020": null

2020-04-24 08:33:13 - [TEST_STEP][PASSED] - "------------------------------------------------": null

2020-04-24 08:33:13 - [TEST_STEP][PASSED] - "WebOfficeURL - Set from the ENVIRONMENT PROFILE ": null

2020-04-24 08:33:13 - [TEST_STEP][PASSED] - "OPEN BROWSER": null

2020-04-24 08:33:13 - [TEST_STEP][PASSED] - "eg - https://admin.preview.checkatrade.com/  ": null

2020-04-24 08:33:13 - [TEST_STEP][PASSED] - openBrowser(WebOfficeURL): Browser is opened with url: 'https://admin.preview.checkatrade.com/'

2020-04-24 08:33:13 - [MESSAGE][INFO] - Starting 'Chrome' driver

2020-04-24 08:33:13 - [MESSAGE][INFO] - Action delay is set to 0 milliseconds

2020-04-24 08:33:18 - [MESSAGE][PASSED] - Browser is opened with url: 'https://admin.preview.checkatrade.com/'

2020-04-24 08:33:18 - [TEST_STEP][PASSED] - maximizeWindow(): Current window maximized

2020-04-24 08:33:20 - [MESSAGE][PASSED] - Current window maximized

2020-04-24 08:33:20 - [TEST_STEP][PASSED] - waitForElementClickable(findTestObject("Object Repository/WebOffice/Page_Checkatrade - Administration - Login/Login_Button"), 25): Object 'Object Repository/WebOffice/Page_Checkatrade - Administration - Login/Login_Button' is clickable

2020-04-24 08:33:21 - [MESSAGE][PASSED] - Object 'Object Repository/WebOffice/Page_Checkatrade - Administration - Login/Login_Button' is clickable

2020-04-24 08:33:21 - [TEST_STEP][PASSED] - verifyTextPresent("Checkatrade Web Office", false): Text 'Checkatrade Web Office' is present on page 

2020-04-24 08:33:21 - [MESSAGE][PASSED] - Text 'Checkatrade Web Office' is present on page 

2020-04-24 08:33:21 - [TEST_STEP][PASSED] - verifyTextPresent("Access for staff use only", false): Text 'Access for staff use only' is present on page 

2020-04-24 08:33:21 - [MESSAGE][PASSED] - Text 'Access for staff use only' is present on page 

2020-04-24 08:33:21 - [TEST_STEP][PASSED] - verifyTextPresent("Forgotten password?", false): Text 'Forgotten password?' is present on page 

2020-04-24 08:33:21 - [MESSAGE][PASSED] - Text 'Forgotten password?' is present on page 

2020-04-24 08:33:21 - [TEST_STEP][PASSED] - setText(findTestObject("Object Repository/WebOffice/Page_Checkatrade - Administration - Login/input_Username_LoginControlUserName"), wo_Username): Text 'DavidHo' is set on object 'Object Repository/WebOffice/Page_Checkatrade - Administration - Login/input_Username_LoginControlUserName'

2020-04-24 08:33:21 - [MESSAGE][PASSED] - Text 'DavidHo' is set on object 'Object Repository/WebOffice/Page_Checkatrade - Administration - Login/input_Username_LoginControlUserName'

2020-04-24 08:33:21 - [TEST_STEP][PASSED] - setText(findTestObject("Object Repository/WebOffice/Page_Checkatrade - Administration - Login/input_Password_LoginControlPassword"), wo_Password): Text 'Check123' is set on object 'Object Repository/WebOffice/Page_Checkatrade - Administration - Login/input_Password_LoginControlPassword'

2020-04-24 08:33:21 - [MESSAGE][PASSED] - Text 'Check123' is set on object 'Object Repository/WebOffice/Page_Checkatrade - Administration - Login/input_Password_LoginControlPassword'

2020-04-24 08:33:21 - [TEST_STEP][PASSED] - click(findTestObject("Object Repository/WebOffice/Page_Checkatrade - Administration - Login/Login_Button")): Object: 'Object Repository/WebOffice/Page_Checkatrade - Administration - Login/Login_Button' is clicked on

2020-04-24 08:33:22 - [MESSAGE][PASSED] - Object: 'Object Repository/WebOffice/Page_Checkatrade - Administration - Login/Login_Button' is clicked on

2020-04-24 08:33:22 - [TEST_STEP][PASSED] - waitForPageLoad(60): Wait for page load successfully

2020-04-24 08:33:22 - [MESSAGE][PASSED] - Wait for page load successfully

2020-04-24 08:33:22 - [TEST_STEP][PASSED] - verifyTextPresent("Welcome " + wo_Username, false): Text 'Welcome DavidHo' is present on page 

2020-04-24 08:33:23 - [MESSAGE][PASSED] - Text 'Welcome DavidHo' is present on page 

2020-04-24 08:33:23 - [MESSAGE][PASSED] - Call Test Case 'Test Cases/Reusable_Test_Sequences/Web_Office/Directives/WebOffice_StartUp' successfully

2020-04-24 08:33:23 - [TEST_STEP][PASSED] - "-----------------------------------------------------------------": null

2020-04-24 08:33:23 - [TEST_STEP][PASSED] - " Navigate to <Settings->Checkatrade.Com->Sub Item> Menu Item     |": null

2020-04-24 08:33:23 - [TEST_STEP][PASSED] - callTestCase(findTestCase("Reusable_Test_Sequences/Web_Office/Navigation/Sub_Menu_Navigation/Reports/Competitor_Analysis"), [:], STOP_ON_FAILURE): Call Test Case 'Test Cases/Reusable_Test_Sequences/Web_Office/Navigation/Sub_Menu_Navigation/Reports/Competitor_Analysis' successfully

2020-04-24 08:33:23 - [TEST_CASE][PASSED] - Test Cases/Reusable_Test_Sequences/Web_Office/Navigation/Sub_Menu_Navigation/Reports/Competitor_Analysis: Test Cases/Reusable_Test_Sequences/Web_Office/Navigation/Sub_Menu_Navigation/Reports/Competitor_Analysis

2020-04-24 08:33:23 - [TEST_STEP][PASSED] - "--------------------------------------": null

2020-04-24 08:33:23 - [TEST_STEP][PASSED] - " Navigate Top level menu Item         |": null

2020-04-24 08:33:23 - [TEST_STEP][PASSED] - waitForPageLoad(60): Wait for page load successfully

2020-04-24 08:33:23 - [MESSAGE][PASSED] - Wait for page load successfully

2020-04-24 08:33:23 - [TEST_STEP][PASSED] - waitForElementClickable(findTestObject("Object Repository/WebOffice_Home_page/a_Reports"), 60): Object 'Object Repository/WebOffice_Home_page/a_Reports' is clickable

2020-04-24 08:33:23 - [MESSAGE][PASSED] - Object 'Object Repository/WebOffice_Home_page/a_Reports' is clickable

2020-04-24 08:33:23 - [TEST_STEP][PASSED] - mouseOver(findTestObject("Object Repository/WebOffice_Home_page/a_Reports")): Object: 'Object Repository/WebOffice_Home_page/a_Reports' is hovered

2020-04-24 08:33:24 - [MESSAGE][PASSED] - Object: 'Object Repository/WebOffice_Home_page/a_Reports' is hovered

2020-04-24 08:33:24 - [TEST_STEP][PASSED] - click(findTestObject("Object Repository/WebOffice_Home_page/Page_/a_Members")): Object: 'Object Repository/WebOffice_Home_page/Page_/a_Members' is clicked on

2020-04-24 08:33:24 - [MESSAGE][PASSED] - Object: 'Object Repository/WebOffice_Home_page/Page_/a_Members' is clicked on

2020-04-24 08:33:24 - [TEST_STEP][PASSED] - waitForPageLoad(5): Wait for page load successfully

2020-04-24 08:33:24 - [MESSAGE][PASSED] - Wait for page load successfully

2020-04-24 08:33:24 - [TEST_STEP][PASSED] - waitForElementClickable(findTestObject("Object Repository/WebOffice_Home_page/Page_/a_Competitor Analysis"), 5): Object 'Object Repository/WebOffice_Home_page/Page_/a_Competitor Analysis' is clickable

2020-04-24 08:33:24 - [MESSAGE][PASSED] - Object 'Object Repository/WebOffice_Home_page/Page_/a_Competitor Analysis' is clickable

2020-04-24 08:33:24 - [TEST_STEP][PASSED] - click(findTestObject("Object Repository/WebOffice_Home_page/Page_/a_Competitor Analysis")): Object: 'Object Repository/WebOffice_Home_page/Page_/a_Competitor Analysis' is clicked on

2020-04-24 08:33:25 - [MESSAGE][PASSED] - Object: 'Object Repository/WebOffice_Home_page/Page_/a_Competitor Analysis' is clicked on

2020-04-24 08:33:25 - [MESSAGE][PASSED] - Call Test Case 'Test Cases/Reusable_Test_Sequences/Web_Office/Navigation/Sub_Menu_Navigation/Reports/Competitor_Analysis' successfully

2020-04-24 08:33:25 - [TEST_STEP][PASSED] - "--------------------------------------": null

2020-04-24 08:33:25 - [TEST_STEP][PASSED] - " Verify Returned Page Detail          |": null

2020-04-24 08:33:25 - [TEST_STEP][PASSED] - callTestCase(findTestCase("Reusable_Test_Sequences/Web_Office/Verification/Reports/Competitor_Analysis"), [:], OPTIONAL): Call Test Case 'Test Cases/Reusable_Test_Sequences/Web_Office/Verification/Reports/Competitor_Analysis' successfully

2020-04-24 08:33:25 - [TEST_CASE][PASSED] - Test Cases/Reusable_Test_Sequences/Web_Office/Verification/Reports/Competitor_Analysis: Test Cases/Reusable_Test_Sequences/Web_Office/Verification/Reports/Competitor_Analysis

2020-04-24 08:33:25 - [TEST_STEP][PASSED] - waitForPageLoad(120): Wait for page load successfully

2020-04-24 08:33:25 - [MESSAGE][PASSED] - Wait for page load successfully

2020-04-24 08:33:25 - [TEST_STEP][PASSED] - delay(1): Delayed 1 second(s)

2020-04-24 08:33:26 - [MESSAGE][PASSED] - Delayed 1 second(s)

2020-04-24 08:33:26 - [TEST_STEP][PASSED] - verifyTextPresent("Competitor Analysis", false): Text 'Competitor Analysis' is present on page 

2020-04-24 08:33:26 - [MESSAGE][PASSED] - Text 'Competitor Analysis' is present on page 

2020-04-24 08:33:26 - [TEST_STEP][PASSED] - "----------------------------------------------": null

2020-04-24 08:33:26 - [TEST_STEP][PASSED] - verifyTextPresent("Select a date and competitor to draw side by side maps comparing CAT members to selected competitor", false): Text 'Select a date and competitor to draw side by side maps comparing CAT members to selected competitor' is present on page 

2020-04-24 08:33:27 - [MESSAGE][PASSED] - Text 'Select a date and competitor to draw side by side maps comparing CAT members to selected competitor' is present on page 

2020-04-24 08:33:27 - [TEST_STEP][PASSED] - verifyTextPresent("The map will be coloured by TV region and region breakdown will be below the maps", false): Text 'The map will be coloured by TV region and region breakdown will be below the maps' is present on page 

2020-04-24 08:33:27 - [MESSAGE][PASSED] - Text 'The map will be coloured by TV region and region breakdown will be below the maps' is present on page 

2020-04-24 08:33:27 - [TEST_STEP][PASSED] - "----------------------------------------------": null

2020-04-24 08:33:27 - [TEST_STEP][PASSED] - verifyTextPresent("Competitors", false): Text 'Competitors' is present on page 

2020-04-24 08:33:27 - [MESSAGE][PASSED] - Text 'Competitors' is present on page 

2020-04-24 08:33:27 - [TEST_STEP][PASSED] - verifyTextPresent("Start Date", false): Text 'Start Date' is present on page 

2020-04-24 08:33:27 - [MESSAGE][PASSED] - Text 'Start Date' is present on page 

2020-04-24 08:33:27 - [TEST_STEP][PASSED] - verifyTextPresent("End Date", false): Text 'End Date' is present on page 

2020-04-24 08:33:27 - [MESSAGE][PASSED] - Text 'End Date' is present on page 

2020-04-24 08:33:27 - [MESSAGE][PASSED] - Call Test Case 'Test Cases/Reusable_Test_Sequences/Web_Office/Verification/Reports/Competitor_Analysis' successfully

2020-04-24 08:33:27 - [TEST_STEP][PASSED] - "--------------------------": null

2020-04-24 08:33:27 - [TEST_STEP][PASSED] - " Teardown - CLose Browser |": null

2020-04-24 08:33:27 - [TEST_STEP][PASSED] - callTestCase(findTestCase("Reusable_Test_Sequences/CAT_Teardown"), [:], OPTIONAL): Call Test Case 'Test Cases/Reusable_Test_Sequences/CAT_Teardown' successfully

2020-04-24 08:33:27 - [TEST_CASE][PASSED] - Test Cases/Reusable_Test_Sequences/CAT_Teardown: Test Cases/Reusable_Test_Sequences/CAT_Teardown

2020-04-24 08:33:27 - [TEST_STEP][PASSED] - closeBrowser(): Browser is closed

2020-04-24 08:33:29 - [MESSAGE][PASSED] - Browser is closed

2020-04-24 08:33:29 - [TEST_STEP][PASSED] - super.finalize(): null

2020-04-24 08:33:29 - [TEST_STEP][PASSED] - System.gc(): null

2020-04-24 08:33:29 - [MESSAGE][PASSED] - Call Test Case 'Test Cases/Reusable_Test_Sequences/CAT_Teardown' successfully]]></system-out>
         <system-err><![CDATA[]]></system-err>
      </testcase>
      <testcase name="Test Cases/Web_Office/Reports/Members_Feedback_Summary" time="21.204" classname="Test Cases/Web_Office/Reports/Members_Feedback_Summary" status="PASSED">
         <system-out><![CDATA[2020-04-24 08:33:29 - [TEST_CASE][PASSED] - Test Cases/Web_Office/Reports/Members_Feedback_Summary: Test Cases/Web_Office/Reports/Members_Feedback_Summary

2020-04-24 08:33:30 - [TEST_STEP][PASSED] - "--------------------------------------": null

2020-04-24 08:33:30 - [TEST_STEP][PASSED] - " Web Office StartUp                  |": null

2020-04-24 08:33:30 - [TEST_STEP][PASSED] - callTestCase(findTestCase("Reusable_Test_Sequences/Web_Office/Directives/WebOffice_StartUp"), [:], STOP_ON_FAILURE): Call Test Case 'Test Cases/Reusable_Test_Sequences/Web_Office/Directives/WebOffice_StartUp' successfully

2020-04-24 08:33:30 - [TEST_CASE][PASSED] - Test Cases/Reusable_Test_Sequences/Web_Office/Directives/WebOffice_StartUp: Test Cases/Reusable_Test_Sequences/Web_Office/Directives/WebOffice_StartUp

2020-04-24 08:33:30 - [TEST_STEP][PASSED] - "-----------------------------------------------------------------------------": null

2020-04-24 08:33:30 - [TEST_STEP][PASSED] - if (URL == "https://www.dev.checkatrade.com/"): null

2020-04-24 08:33:30 - [TEST_STEP][PASSED] - "-----------------------------------------------------------------------------": null

2020-04-24 08:33:30 - [TEST_STEP][PASSED] - if (URL == "https://www.checkatrade.com/"): null

2020-04-24 08:33:30 - [TEST_STEP][PASSED] - "-----------------------------------------------------------------------------": null

2020-04-24 08:33:30 - [TEST_STEP][PASSED] - if (URL == "https://www.preview.checkatrade.com/"): null

2020-04-24 08:33:30 - [TEST_STEP][PASSED] - WebOfficeURL = "https://admin.preview.checkatrade.com/": null

2020-04-24 08:33:30 - [TEST_STEP][PASSED] - if (URL == "https://www.dev2.checkatrade.com/"): null

2020-04-24 08:33:30 - [TEST_STEP][PASSED] - "Set Function Area for "URL_Handler", URL Resolution": null

2020-04-24 08:33:30 - [TEST_STEP][PASSED] - "Do Some Magic with URL(s) See the comments within URL Handler ": null

2020-04-24 08:33:30 - [TEST_STEP][PASSED] - "------------------------------------------------": null

2020-04-24 08:33:30 - [TEST_STEP][PASSED] - "Moved Login Credentials to <Default> profile 22/01/2020": null

2020-04-24 08:33:30 - [TEST_STEP][PASSED] - "------------------------------------------------": null

2020-04-24 08:33:30 - [TEST_STEP][PASSED] - "WebOfficeURL - Set from the ENVIRONMENT PROFILE ": null

2020-04-24 08:33:30 - [TEST_STEP][PASSED] - "OPEN BROWSER": null

2020-04-24 08:33:30 - [TEST_STEP][PASSED] - "eg - https://admin.preview.checkatrade.com/  ": null

2020-04-24 08:33:30 - [TEST_STEP][PASSED] - openBrowser(WebOfficeURL): Browser is opened with url: 'https://admin.preview.checkatrade.com/'

2020-04-24 08:33:30 - [MESSAGE][INFO] - Starting 'Chrome' driver

2020-04-24 08:33:30 - [MESSAGE][INFO] - Action delay is set to 0 milliseconds

2020-04-24 08:33:35 - [MESSAGE][PASSED] - Browser is opened with url: 'https://admin.preview.checkatrade.com/'

2020-04-24 08:33:35 - [TEST_STEP][PASSED] - maximizeWindow(): Current window maximized

2020-04-24 08:33:37 - [MESSAGE][PASSED] - Current window maximized

2020-04-24 08:33:37 - [TEST_STEP][PASSED] - waitForElementClickable(findTestObject("Object Repository/WebOffice/Page_Checkatrade - Administration - Login/Login_Button"), 25): Object 'Object Repository/WebOffice/Page_Checkatrade - Administration - Login/Login_Button' is clickable

2020-04-24 08:33:37 - [MESSAGE][PASSED] - Object 'Object Repository/WebOffice/Page_Checkatrade - Administration - Login/Login_Button' is clickable

2020-04-24 08:33:37 - [TEST_STEP][PASSED] - verifyTextPresent("Checkatrade Web Office", false): Text 'Checkatrade Web Office' is present on page 

2020-04-24 08:33:37 - [MESSAGE][PASSED] - Text 'Checkatrade Web Office' is present on page 

2020-04-24 08:33:37 - [TEST_STEP][PASSED] - verifyTextPresent("Access for staff use only", false): Text 'Access for staff use only' is present on page 

2020-04-24 08:33:37 - [MESSAGE][PASSED] - Text 'Access for staff use only' is present on page 

2020-04-24 08:33:37 - [TEST_STEP][PASSED] - verifyTextPresent("Forgotten password?", false): Text 'Forgotten password?' is present on page 

2020-04-24 08:33:37 - [MESSAGE][PASSED] - Text 'Forgotten password?' is present on page 

2020-04-24 08:33:37 - [TEST_STEP][PASSED] - setText(findTestObject("Object Repository/WebOffice/Page_Checkatrade - Administration - Login/input_Username_LoginControlUserName"), wo_Username): Text 'DavidHo' is set on object 'Object Repository/WebOffice/Page_Checkatrade - Administration - Login/input_Username_LoginControlUserName'

2020-04-24 08:33:38 - [MESSAGE][PASSED] - Text 'DavidHo' is set on object 'Object Repository/WebOffice/Page_Checkatrade - Administration - Login/input_Username_LoginControlUserName'

2020-04-24 08:33:38 - [TEST_STEP][PASSED] - setText(findTestObject("Object Repository/WebOffice/Page_Checkatrade - Administration - Login/input_Password_LoginControlPassword"), wo_Password): Text 'Check123' is set on object 'Object Repository/WebOffice/Page_Checkatrade - Administration - Login/input_Password_LoginControlPassword'

2020-04-24 08:33:38 - [MESSAGE][PASSED] - Text 'Check123' is set on object 'Object Repository/WebOffice/Page_Checkatrade - Administration - Login/input_Password_LoginControlPassword'

2020-04-24 08:33:38 - [TEST_STEP][PASSED] - click(findTestObject("Object Repository/WebOffice/Page_Checkatrade - Administration - Login/Login_Button")): Object: 'Object Repository/WebOffice/Page_Checkatrade - Administration - Login/Login_Button' is clicked on

2020-04-24 08:33:39 - [MESSAGE][PASSED] - Object: 'Object Repository/WebOffice/Page_Checkatrade - Administration - Login/Login_Button' is clicked on

2020-04-24 08:33:39 - [TEST_STEP][PASSED] - waitForPageLoad(60): Wait for page load successfully

2020-04-24 08:33:39 - [MESSAGE][PASSED] - Wait for page load successfully

2020-04-24 08:33:39 - [TEST_STEP][PASSED] - verifyTextPresent("Welcome " + wo_Username, false): Text 'Welcome DavidHo' is present on page 

2020-04-24 08:33:39 - [MESSAGE][PASSED] - Text 'Welcome DavidHo' is present on page 

2020-04-24 08:33:39 - [MESSAGE][PASSED] - Call Test Case 'Test Cases/Reusable_Test_Sequences/Web_Office/Directives/WebOffice_StartUp' successfully

2020-04-24 08:33:39 - [TEST_STEP][PASSED] - "-----------------------------------------------------------------": null

2020-04-24 08:33:39 - [TEST_STEP][PASSED] - " Navigate to <Settings->Checkatrade.Com->Sub Item> Menu Item     |": null

2020-04-24 08:33:39 - [TEST_STEP][PASSED] - callTestCase(findTestCase("Reusable_Test_Sequences/Web_Office/Navigation/Sub_Menu_Navigation/Reports/Members_Feedback_Summary"), [:], STOP_ON_FAILURE): Call Test Case 'Test Cases/Reusable_Test_Sequences/Web_Office/Navigation/Sub_Menu_Navigation/Reports/Members_Feedback_Summary' successfully

2020-04-24 08:33:39 - [TEST_CASE][PASSED] - Test Cases/Reusable_Test_Sequences/Web_Office/Navigation/Sub_Menu_Navigation/Reports/Members_Feedback_Summary: Test Cases/Reusable_Test_Sequences/Web_Office/Navigation/Sub_Menu_Navigation/Reports/Members_Feedback_Summary

2020-04-24 08:33:40 - [TEST_STEP][PASSED] - "--------------------------------------": null

2020-04-24 08:33:40 - [TEST_STEP][PASSED] - " Navigate Top level menu Item         |": null

2020-04-24 08:33:40 - [TEST_STEP][PASSED] - waitForPageLoad(60): Wait for page load successfully

2020-04-24 08:33:40 - [MESSAGE][PASSED] - Wait for page load successfully

2020-04-24 08:33:40 - [TEST_STEP][PASSED] - waitForElementClickable(findTestObject("Object Repository/WebOffice_Home_page/a_Reports"), 60): Object 'Object Repository/WebOffice_Home_page/a_Reports' is clickable

2020-04-24 08:33:40 - [MESSAGE][PASSED] - Object 'Object Repository/WebOffice_Home_page/a_Reports' is clickable

2020-04-24 08:33:40 - [TEST_STEP][PASSED] - mouseOver(findTestObject("Object Repository/WebOffice_Home_page/a_Reports")): Object: 'Object Repository/WebOffice_Home_page/a_Reports' is hovered

2020-04-24 08:33:40 - [MESSAGE][PASSED] - Object: 'Object Repository/WebOffice_Home_page/a_Reports' is hovered

2020-04-24 08:33:40 - [TEST_STEP][PASSED] - click(findTestObject("Object Repository/WebOffice_Home_page/Page_/a_Members")): Object: 'Object Repository/WebOffice_Home_page/Page_/a_Members' is clicked on

2020-04-24 08:33:40 - [MESSAGE][PASSED] - Object: 'Object Repository/WebOffice_Home_page/Page_/a_Members' is clicked on

2020-04-24 08:33:40 - [TEST_STEP][PASSED] - click(findTestObject("Object Repository/WebOffice_Home_page/Page_/a_Members Feedback")): Object: 'Object Repository/WebOffice_Home_page/Page_/a_Members Feedback' is clicked on

2020-04-24 08:33:41 - [MESSAGE][PASSED] - Object: 'Object Repository/WebOffice_Home_page/Page_/a_Members Feedback' is clicked on

2020-04-24 08:33:41 - [TEST_STEP][PASSED] - waitForPageLoad(5): Wait for page load successfully

2020-04-24 08:33:41 - [MESSAGE][PASSED] - Wait for page load successfully

2020-04-24 08:33:41 - [TEST_STEP][PASSED] - waitForElementClickable(findTestObject("Object Repository/WebOffice_Home_page/Page_/a_Summary Report"), 5): Object 'Object Repository/WebOffice_Home_page/Page_/a_Summary Report' is clickable

2020-04-24 08:33:41 - [MESSAGE][PASSED] - Object 'Object Repository/WebOffice_Home_page/Page_/a_Summary Report' is clickable

2020-04-24 08:33:41 - [TEST_STEP][PASSED] - click(findTestObject("Object Repository/WebOffice_Home_page/Page_/a_Summary Report")): Object: 'Object Repository/WebOffice_Home_page/Page_/a_Summary Report' is clicked on

2020-04-24 08:33:44 - [MESSAGE][PASSED] - Object: 'Object Repository/WebOffice_Home_page/Page_/a_Summary Report' is clicked on

2020-04-24 08:33:44 - [MESSAGE][PASSED] - Call Test Case 'Test Cases/Reusable_Test_Sequences/Web_Office/Navigation/Sub_Menu_Navigation/Reports/Members_Feedback_Summary' successfully

2020-04-24 08:33:44 - [TEST_STEP][PASSED] - "--------------------------------------": null

2020-04-24 08:33:44 - [TEST_STEP][PASSED] - " Verify Returned Page Detail          |": null

2020-04-24 08:33:44 - [TEST_STEP][PASSED] - callTestCase(findTestCase("Reusable_Test_Sequences/Web_Office/Verification/Reports/Members_Feedback_Summary"), [:], OPTIONAL): Call Test Case 'Test Cases/Reusable_Test_Sequences/Web_Office/Verification/Reports/Members_Feedback_Summary' successfully

2020-04-24 08:33:44 - [TEST_CASE][PASSED] - Test Cases/Reusable_Test_Sequences/Web_Office/Verification/Reports/Members_Feedback_Summary: Test Cases/Reusable_Test_Sequences/Web_Office/Verification/Reports/Members_Feedback_Summary

2020-04-24 08:33:45 - [TEST_STEP][PASSED] - waitForPageLoad(120): Wait for page load successfully

2020-04-24 08:33:45 - [MESSAGE][PASSED] - Wait for page load successfully

2020-04-24 08:33:45 - [TEST_STEP][PASSED] - delay(1): Delayed 1 second(s)

2020-04-24 08:33:46 - [MESSAGE][PASSED] - Delayed 1 second(s)

2020-04-24 08:33:46 - [TEST_STEP][PASSED] - verifyTextPresent("Members Feedback : Summary Report", false): Text 'Members Feedback : Summary Report' is present on page 

2020-04-24 08:33:46 - [MESSAGE][PASSED] - Text 'Members Feedback : Summary Report' is present on page 

2020-04-24 08:33:46 - [TEST_STEP][PASSED] - "----------------------------------------------": null

2020-04-24 08:33:46 - [TEST_STEP][PASSED] - verifyTextPresent("Breakdown by Feedback Status", false): Text 'Breakdown by Feedback Status' is present on page 

2020-04-24 08:33:46 - [MESSAGE][PASSED] - Text 'Breakdown by Feedback Status' is present on page 

2020-04-24 08:33:46 - [TEST_STEP][PASSED] - "----------------------------------------------": null

2020-04-24 08:33:46 - [TEST_STEP][PASSED] - verifyTextPresent("Chart", false): Text 'Chart' is present on page 

2020-04-24 08:33:46 - [MESSAGE][PASSED] - Text 'Chart' is present on page 

2020-04-24 08:33:46 - [TEST_STEP][PASSED] - verifyTextPresent("Feedback Status", false): Text 'Feedback Status' is present on page 

2020-04-24 08:33:47 - [MESSAGE][PASSED] - Text 'Feedback Status' is present on page 

2020-04-24 08:33:47 - [TEST_STEP][PASSED] - verifyTextPresent("Feedbacks", false): Text 'Feedbacks' is present on page 

2020-04-24 08:33:47 - [MESSAGE][PASSED] - Text 'Feedbacks' is present on page 

2020-04-24 08:33:47 - [TEST_STEP][PASSED] - verifyTextPresent("Percentage", false): Text 'Percentage' is present on page 

2020-04-24 08:33:47 - [MESSAGE][PASSED] - Text 'Percentage' is present on page 

2020-04-24 08:33:47 - [TEST_STEP][PASSED] - verifyTextPresent("Published", false): Text 'Published' is present on page 

2020-04-24 08:33:47 - [MESSAGE][PASSED] - Text 'Published' is present on page 

2020-04-24 08:33:47 - [TEST_STEP][PASSED] - verifyTextPresent("Not published", false): Text 'Not published' is present on page 

2020-04-24 08:33:47 - [MESSAGE][PASSED] - Text 'Not published' is present on page 

2020-04-24 08:33:47 - [TEST_STEP][PASSED] - verifyTextPresent("Public submission pending email verification", false): Text 'Public submission pending email verification' is present on page 

2020-04-24 08:33:48 - [MESSAGE][PASSED] - Text 'Public submission pending email verification' is present on page 

2020-04-24 08:33:48 - [TEST_STEP][PASSED] - verifyTextPresent("Public submission pending SMS verification", false): Text 'Public submission pending SMS verification' is present on page 

2020-04-24 08:33:48 - [MESSAGE][PASSED] - Text 'Public submission pending SMS verification' is present on page 

2020-04-24 08:33:48 - [TEST_STEP][PASSED] - verifyTextPresent("Public submission failed review", false): Text 'Public submission failed review' is present on page 

2020-04-24 08:33:48 - [MESSAGE][PASSED] - Text 'Public submission failed review' is present on page 

2020-04-24 08:33:48 - [TEST_STEP][PASSED] - verifyTextPresent("Complaint not published", false): Text 'Complaint not published' is present on page 

2020-04-24 08:33:48 - [MESSAGE][PASSED] - Text 'Complaint not published' is present on page 

2020-04-24 08:33:48 - [MESSAGE][PASSED] - Call Test Case 'Test Cases/Reusable_Test_Sequences/Web_Office/Verification/Reports/Members_Feedback_Summary' successfully

2020-04-24 08:33:48 - [TEST_STEP][PASSED] - "--------------------------": null

2020-04-24 08:33:48 - [TEST_STEP][PASSED] - " Teardown - CLose Browser |": null

2020-04-24 08:33:48 - [TEST_STEP][PASSED] - callTestCase(findTestCase("Reusable_Test_Sequences/CAT_Teardown"), [:], OPTIONAL): Call Test Case 'Test Cases/Reusable_Test_Sequences/CAT_Teardown' successfully

2020-04-24 08:33:48 - [TEST_CASE][PASSED] - Test Cases/Reusable_Test_Sequences/CAT_Teardown: Test Cases/Reusable_Test_Sequences/CAT_Teardown

2020-04-24 08:33:48 - [TEST_STEP][PASSED] - closeBrowser(): Browser is closed

2020-04-24 08:33:51 - [MESSAGE][PASSED] - Browser is closed

2020-04-24 08:33:51 - [TEST_STEP][PASSED] - super.finalize(): null

2020-04-24 08:33:51 - [TEST_STEP][PASSED] - System.gc(): null

2020-04-24 08:33:51 - [MESSAGE][PASSED] - Call Test Case 'Test Cases/Reusable_Test_Sequences/CAT_Teardown' successfully]]></system-out>
         <system-err><![CDATA[]]></system-err>
      </testcase>
      <testcase name="Test Cases/Web_Office/Reports/Members_Feedback_Status" time="19.824" classname="Test Cases/Web_Office/Reports/Members_Feedback_Status" status="PASSED">
         <system-out><![CDATA[2020-04-24 08:33:51 - [TEST_CASE][PASSED] - Test Cases/Web_Office/Reports/Members_Feedback_Status: Test Cases/Web_Office/Reports/Members_Feedback_Status

2020-04-24 08:33:51 - [TEST_STEP][PASSED] - "--------------------------------------": null

2020-04-24 08:33:51 - [TEST_STEP][PASSED] - " Web Office StartUp                  |": null

2020-04-24 08:33:51 - [TEST_STEP][PASSED] - callTestCase(findTestCase("Reusable_Test_Sequences/Web_Office/Directives/WebOffice_StartUp"), [:], STOP_ON_FAILURE): Call Test Case 'Test Cases/Reusable_Test_Sequences/Web_Office/Directives/WebOffice_StartUp' successfully

2020-04-24 08:33:51 - [TEST_CASE][PASSED] - Test Cases/Reusable_Test_Sequences/Web_Office/Directives/WebOffice_StartUp: Test Cases/Reusable_Test_Sequences/Web_Office/Directives/WebOffice_StartUp

2020-04-24 08:33:51 - [TEST_STEP][PASSED] - "-----------------------------------------------------------------------------": null

2020-04-24 08:33:51 - [TEST_STEP][PASSED] - if (URL == "https://www.dev.checkatrade.com/"): null

2020-04-24 08:33:51 - [TEST_STEP][PASSED] - "-----------------------------------------------------------------------------": null

2020-04-24 08:33:51 - [TEST_STEP][PASSED] - if (URL == "https://www.checkatrade.com/"): null

2020-04-24 08:33:51 - [TEST_STEP][PASSED] - "-----------------------------------------------------------------------------": null

2020-04-24 08:33:51 - [TEST_STEP][PASSED] - if (URL == "https://www.preview.checkatrade.com/"): null

2020-04-24 08:33:51 - [TEST_STEP][PASSED] - WebOfficeURL = "https://admin.preview.checkatrade.com/": null

2020-04-24 08:33:51 - [TEST_STEP][PASSED] - if (URL == "https://www.dev2.checkatrade.com/"): null

2020-04-24 08:33:51 - [TEST_STEP][PASSED] - "Set Function Area for "URL_Handler", URL Resolution": null

2020-04-24 08:33:51 - [TEST_STEP][PASSED] - "Do Some Magic with URL(s) See the comments within URL Handler ": null

2020-04-24 08:33:51 - [TEST_STEP][PASSED] - "------------------------------------------------": null

2020-04-24 08:33:51 - [TEST_STEP][PASSED] - "Moved Login Credentials to <Default> profile 22/01/2020": null

2020-04-24 08:33:51 - [TEST_STEP][PASSED] - "------------------------------------------------": null

2020-04-24 08:33:51 - [TEST_STEP][PASSED] - "WebOfficeURL - Set from the ENVIRONMENT PROFILE ": null

2020-04-24 08:33:51 - [TEST_STEP][PASSED] - "OPEN BROWSER": null

2020-04-24 08:33:51 - [TEST_STEP][PASSED] - "eg - https://admin.preview.checkatrade.com/  ": null

2020-04-24 08:33:51 - [TEST_STEP][PASSED] - openBrowser(WebOfficeURL): Browser is opened with url: 'https://admin.preview.checkatrade.com/'

2020-04-24 08:33:51 - [MESSAGE][INFO] - Starting 'Chrome' driver

2020-04-24 08:33:51 - [MESSAGE][INFO] - Action delay is set to 0 milliseconds

2020-04-24 08:33:56 - [MESSAGE][PASSED] - Browser is opened with url: 'https://admin.preview.checkatrade.com/'

2020-04-24 08:33:56 - [TEST_STEP][PASSED] - maximizeWindow(): Current window maximized

2020-04-24 08:33:58 - [MESSAGE][PASSED] - Current window maximized

2020-04-24 08:33:58 - [TEST_STEP][PASSED] - waitForElementClickable(findTestObject("Object Repository/WebOffice/Page_Checkatrade - Administration - Login/Login_Button"), 25): Object 'Object Repository/WebOffice/Page_Checkatrade - Administration - Login/Login_Button' is clickable

2020-04-24 08:33:58 - [MESSAGE][PASSED] - Object 'Object Repository/WebOffice/Page_Checkatrade - Administration - Login/Login_Button' is clickable

2020-04-24 08:33:58 - [TEST_STEP][PASSED] - verifyTextPresent("Checkatrade Web Office", false): Text 'Checkatrade Web Office' is present on page 

2020-04-24 08:33:58 - [MESSAGE][PASSED] - Text 'Checkatrade Web Office' is present on page 

2020-04-24 08:33:58 - [TEST_STEP][PASSED] - verifyTextPresent("Access for staff use only", false): Text 'Access for staff use only' is present on page 

2020-04-24 08:33:58 - [MESSAGE][PASSED] - Text 'Access for staff use only' is present on page 

2020-04-24 08:33:58 - [TEST_STEP][PASSED] - verifyTextPresent("Forgotten password?", false): Text 'Forgotten password?' is present on page 

2020-04-24 08:33:58 - [MESSAGE][PASSED] - Text 'Forgotten password?' is present on page 

2020-04-24 08:33:58 - [TEST_STEP][PASSED] - setText(findTestObject("Object Repository/WebOffice/Page_Checkatrade - Administration - Login/input_Username_LoginControlUserName"), wo_Username): Text 'DavidHo' is set on object 'Object Repository/WebOffice/Page_Checkatrade - Administration - Login/input_Username_LoginControlUserName'

2020-04-24 08:33:58 - [MESSAGE][PASSED] - Text 'DavidHo' is set on object 'Object Repository/WebOffice/Page_Checkatrade - Administration - Login/input_Username_LoginControlUserName'

2020-04-24 08:33:58 - [TEST_STEP][PASSED] - setText(findTestObject("Object Repository/WebOffice/Page_Checkatrade - Administration - Login/input_Password_LoginControlPassword"), wo_Password): Text 'Check123' is set on object 'Object Repository/WebOffice/Page_Checkatrade - Administration - Login/input_Password_LoginControlPassword'

2020-04-24 08:33:59 - [MESSAGE][PASSED] - Text 'Check123' is set on object 'Object Repository/WebOffice/Page_Checkatrade - Administration - Login/input_Password_LoginControlPassword'

2020-04-24 08:33:59 - [TEST_STEP][PASSED] - click(findTestObject("Object Repository/WebOffice/Page_Checkatrade - Administration - Login/Login_Button")): Object: 'Object Repository/WebOffice/Page_Checkatrade - Administration - Login/Login_Button' is clicked on

2020-04-24 08:34:00 - [MESSAGE][PASSED] - Object: 'Object Repository/WebOffice/Page_Checkatrade - Administration - Login/Login_Button' is clicked on

2020-04-24 08:34:00 - [TEST_STEP][PASSED] - waitForPageLoad(60): Wait for page load successfully

2020-04-24 08:34:00 - [MESSAGE][PASSED] - Wait for page load successfully

2020-04-24 08:34:00 - [TEST_STEP][PASSED] - verifyTextPresent("Welcome " + wo_Username, false): Text 'Welcome DavidHo' is present on page 

2020-04-24 08:34:00 - [MESSAGE][PASSED] - Text 'Welcome DavidHo' is present on page 

2020-04-24 08:34:00 - [MESSAGE][PASSED] - Call Test Case 'Test Cases/Reusable_Test_Sequences/Web_Office/Directives/WebOffice_StartUp' successfully

2020-04-24 08:34:00 - [TEST_STEP][PASSED] - "-----------------------------------------------------------------": null

2020-04-24 08:34:00 - [TEST_STEP][PASSED] - " Navigate to <Settings->Checkatrade.Com->Sub Item> Menu Item     |": null

2020-04-24 08:34:00 - [TEST_STEP][PASSED] - callTestCase(findTestCase("Reusable_Test_Sequences/Web_Office/Navigation/Sub_Menu_Navigation/Reports/Members_Feedback_Status"), [:], STOP_ON_FAILURE): Call Test Case 'Test Cases/Reusable_Test_Sequences/Web_Office/Navigation/Sub_Menu_Navigation/Reports/Members_Feedback_Status' successfully

2020-04-24 08:34:00 - [TEST_CASE][PASSED] - Test Cases/Reusable_Test_Sequences/Web_Office/Navigation/Sub_Menu_Navigation/Reports/Members_Feedback_Status: Test Cases/Reusable_Test_Sequences/Web_Office/Navigation/Sub_Menu_Navigation/Reports/Members_Feedback_Status

2020-04-24 08:34:01 - [TEST_STEP][PASSED] - "--------------------------------------": null

2020-04-24 08:34:01 - [TEST_STEP][PASSED] - " Navigate Top level menu Item         |": null

2020-04-24 08:34:01 - [TEST_STEP][PASSED] - waitForPageLoad(60): Wait for page load successfully

2020-04-24 08:34:01 - [MESSAGE][PASSED] - Wait for page load successfully

2020-04-24 08:34:01 - [TEST_STEP][PASSED] - waitForElementClickable(findTestObject("Object Repository/WebOffice_Home_page/a_Reports"), 60): Object 'Object Repository/WebOffice_Home_page/a_Reports' is clickable

2020-04-24 08:34:01 - [MESSAGE][PASSED] - Object 'Object Repository/WebOffice_Home_page/a_Reports' is clickable

2020-04-24 08:34:01 - [TEST_STEP][PASSED] - mouseOver(findTestObject("Object Repository/WebOffice_Home_page/a_Reports")): Object: 'Object Repository/WebOffice_Home_page/a_Reports' is hovered

2020-04-24 08:34:01 - [MESSAGE][PASSED] - Object: 'Object Repository/WebOffice_Home_page/a_Reports' is hovered

2020-04-24 08:34:01 - [TEST_STEP][PASSED] - click(findTestObject("Object Repository/WebOffice_Home_page/Page_/a_Members")): Object: 'Object Repository/WebOffice_Home_page/Page_/a_Members' is clicked on

2020-04-24 08:34:01 - [MESSAGE][PASSED] - Object: 'Object Repository/WebOffice_Home_page/Page_/a_Members' is clicked on

2020-04-24 08:34:01 - [TEST_STEP][PASSED] - click(findTestObject("Object Repository/WebOffice_Home_page/Page_/a_Members Feedback")): Object: 'Object Repository/WebOffice_Home_page/Page_/a_Members Feedback' is clicked on

2020-04-24 08:34:02 - [MESSAGE][PASSED] - Object: 'Object Repository/WebOffice_Home_page/Page_/a_Members Feedback' is clicked on

2020-04-24 08:34:02 - [TEST_STEP][PASSED] - waitForPageLoad(5): Wait for page load successfully

2020-04-24 08:34:02 - [MESSAGE][PASSED] - Wait for page load successfully

2020-04-24 08:34:02 - [TEST_STEP][PASSED] - waitForElementClickable(findTestObject("Object Repository/WebOffice_Home_page/Page_/a_Status Report"), 5): Object 'Object Repository/WebOffice_Home_page/Page_/a_Status Report' is clickable

2020-04-24 08:34:02 - [MESSAGE][PASSED] - Object 'Object Repository/WebOffice_Home_page/Page_/a_Status Report' is clickable

2020-04-24 08:34:02 - [TEST_STEP][PASSED] - click(findTestObject("Object Repository/WebOffice_Home_page/Page_/a_Status Report")): Object: 'Object Repository/WebOffice_Home_page/Page_/a_Status Report' is clicked on

2020-04-24 08:34:03 - [MESSAGE][PASSED] - Object: 'Object Repository/WebOffice_Home_page/Page_/a_Status Report' is clicked on

2020-04-24 08:34:03 - [MESSAGE][PASSED] - Call Test Case 'Test Cases/Reusable_Test_Sequences/Web_Office/Navigation/Sub_Menu_Navigation/Reports/Members_Feedback_Status' successfully

2020-04-24 08:34:03 - [TEST_STEP][PASSED] - "--------------------------------------": null

2020-04-24 08:34:03 - [TEST_STEP][PASSED] - " Verify Returned Page Detail          |": null

2020-04-24 08:34:03 - [TEST_STEP][PASSED] - callTestCase(findTestCase("Reusable_Test_Sequences/Web_Office/Verification/Reports/Members_Feedback_Status"), [:], OPTIONAL): Call Test Case 'Test Cases/Reusable_Test_Sequences/Web_Office/Verification/Reports/Members_Feedback_Status' successfully

2020-04-24 08:34:03 - [TEST_CASE][PASSED] - Test Cases/Reusable_Test_Sequences/Web_Office/Verification/Reports/Members_Feedback_Status: Test Cases/Reusable_Test_Sequences/Web_Office/Verification/Reports/Members_Feedback_Status

2020-04-24 08:34:04 - [TEST_STEP][PASSED] - waitForPageLoad(120): Wait for page load successfully

2020-04-24 08:34:04 - [MESSAGE][PASSED] - Wait for page load successfully

2020-04-24 08:34:04 - [TEST_STEP][PASSED] - delay(1): Delayed 1 second(s)

2020-04-24 08:34:05 - [MESSAGE][PASSED] - Delayed 1 second(s)

2020-04-24 08:34:05 - [TEST_STEP][PASSED] - verifyTextPresent("Members Feedback : Status Report", false): Text 'Members Feedback : Status Report' is present on page 

2020-04-24 08:34:05 - [MESSAGE][PASSED] - Text 'Members Feedback : Status Report' is present on page 

2020-04-24 08:34:05 - [TEST_STEP][PASSED] - "----------------------------------------------": null

2020-04-24 08:34:05 - [TEST_STEP][PASSED] - verifyTextPresent("Feedback status", false): Text 'Feedback status' is present on page 

2020-04-24 08:34:06 - [MESSAGE][PASSED] - Text 'Feedback status' is present on page 

2020-04-24 08:34:06 - [TEST_STEP][PASSED] - verifyTextPresent("Companies", false): Text 'Companies' is present on page 

2020-04-24 08:34:06 - [MESSAGE][PASSED] - Text 'Companies' is present on page 

2020-04-24 08:34:06 - [TEST_STEP][PASSED] - "----------------------------------------------": null

2020-04-24 08:34:06 - [TEST_STEP][PASSED] - verifyTextPresent("Company name", false): Text 'Company name' is present on page 

2020-04-24 08:34:06 - [MESSAGE][PASSED] - Text 'Company name' is present on page 

2020-04-24 08:34:06 - [TEST_STEP][PASSED] - verifyTextPresent("Company status", false): Text 'Company status' is present on page 

2020-04-24 08:34:06 - [MESSAGE][PASSED] - Text 'Company status' is present on page 

2020-04-24 08:34:06 - [TEST_STEP][PASSED] - verifyTextPresent("Total feedbacks", false): Text 'Total feedbacks' is present on page 

2020-04-24 08:34:07 - [MESSAGE][PASSED] - Text 'Total feedbacks' is present on page 

2020-04-24 08:34:07 - [TEST_STEP][PASSED] - verifyTextPresent("Selected feedbacks", false): Text 'Selected feedbacks' is present on page 

2020-04-24 08:34:07 - [MESSAGE][PASSED] - Text 'Selected feedbacks' is present on page 

2020-04-24 08:34:07 - [TEST_STEP][PASSED] - verifyTextPresent("Percentage", false): Text 'Percentage' is present on page 

2020-04-24 08:34:07 - [MESSAGE][PASSED] - Text 'Percentage' is present on page 

2020-04-24 08:34:07 - [TEST_STEP][PASSED] - verifyTextPresent("5 Star Cleaning", false): Text '5 Star Cleaning' is present on page 

2020-04-24 08:34:07 - [MESSAGE][PASSED] - Text '5 Star Cleaning' is present on page 

2020-04-24 08:34:07 - [TEST_STEP][PASSED] - verifyTextPresent("100%", false): Text '100%' is present on page 

2020-04-24 08:34:08 - [MESSAGE][PASSED] - Text '100%' is present on page 

2020-04-24 08:34:08 - [TEST_STEP][PASSED] - verifyTextPresent("5d Compliance", false): Text '5d Compliance' is present on page 

2020-04-24 08:34:08 - [MESSAGE][PASSED] - Text '5d Compliance' is present on page 

2020-04-24 08:34:08 - [TEST_STEP][PASSED] - verifyTextPresent("ABD Homes Ltd", false): Text 'ABD Homes Ltd' is present on page 

2020-04-24 08:34:08 - [MESSAGE][PASSED] - Text 'ABD Homes Ltd' is present on page 

2020-04-24 08:34:08 - [TEST_STEP][PASSED] - verifyTextPresent("B Nicol Joinery", false): Text 'B Nicol Joinery' is present on page 

2020-04-24 08:34:09 - [MESSAGE][PASSED] - Text 'B Nicol Joinery' is present on page 

2020-04-24 08:34:09 - [MESSAGE][PASSED] - Call Test Case 'Test Cases/Reusable_Test_Sequences/Web_Office/Verification/Reports/Members_Feedback_Status' successfully

2020-04-24 08:34:09 - [TEST_STEP][PASSED] - "--------------------------": null

2020-04-24 08:34:09 - [TEST_STEP][PASSED] - " Teardown - CLose Browser |": null

2020-04-24 08:34:09 - [TEST_STEP][PASSED] - callTestCase(findTestCase("Reusable_Test_Sequences/CAT_Teardown"), [:], OPTIONAL): Call Test Case 'Test Cases/Reusable_Test_Sequences/CAT_Teardown' successfully

2020-04-24 08:34:09 - [TEST_CASE][PASSED] - Test Cases/Reusable_Test_Sequences/CAT_Teardown: Test Cases/Reusable_Test_Sequences/CAT_Teardown

2020-04-24 08:34:09 - [TEST_STEP][PASSED] - closeBrowser(): Browser is closed

2020-04-24 08:34:10 - [MESSAGE][PASSED] - Browser is closed

2020-04-24 08:34:10 - [TEST_STEP][PASSED] - super.finalize(): null

2020-04-24 08:34:10 - [TEST_STEP][PASSED] - System.gc(): null

2020-04-24 08:34:11 - [MESSAGE][PASSED] - Call Test Case 'Test Cases/Reusable_Test_Sequences/CAT_Teardown' successfully]]></system-out>
         <system-err><![CDATA[]]></system-err>
      </testcase>
      <testcase name="Test Cases/Web_Office/Reports/Members_Feedback_Company" time="18.205" classname="Test Cases/Web_Office/Reports/Members_Feedback_Company" status="PASSED">
         <system-out><![CDATA[2020-04-24 08:34:11 - [TEST_CASE][PASSED] - Test Cases/Web_Office/Reports/Members_Feedback_Company: Test Cases/Web_Office/Reports/Members_Feedback_Company

2020-04-24 08:34:11 - [TEST_STEP][PASSED] - "--------------------------------------": null

2020-04-24 08:34:11 - [TEST_STEP][PASSED] - " Web Office StartUp                  |": null

2020-04-24 08:34:11 - [TEST_STEP][PASSED] - callTestCase(findTestCase("Reusable_Test_Sequences/Web_Office/Directives/WebOffice_StartUp"), [:], STOP_ON_FAILURE): Call Test Case 'Test Cases/Reusable_Test_Sequences/Web_Office/Directives/WebOffice_StartUp' successfully

2020-04-24 08:34:11 - [TEST_CASE][PASSED] - Test Cases/Reusable_Test_Sequences/Web_Office/Directives/WebOffice_StartUp: Test Cases/Reusable_Test_Sequences/Web_Office/Directives/WebOffice_StartUp

2020-04-24 08:34:11 - [TEST_STEP][PASSED] - "-----------------------------------------------------------------------------": null

2020-04-24 08:34:11 - [TEST_STEP][PASSED] - if (URL == "https://www.dev.checkatrade.com/"): null

2020-04-24 08:34:11 - [TEST_STEP][PASSED] - "-----------------------------------------------------------------------------": null

2020-04-24 08:34:11 - [TEST_STEP][PASSED] - if (URL == "https://www.checkatrade.com/"): null

2020-04-24 08:34:11 - [TEST_STEP][PASSED] - "-----------------------------------------------------------------------------": null

2020-04-24 08:34:11 - [TEST_STEP][PASSED] - if (URL == "https://www.preview.checkatrade.com/"): null

2020-04-24 08:34:11 - [TEST_STEP][PASSED] - WebOfficeURL = "https://admin.preview.checkatrade.com/": null

2020-04-24 08:34:11 - [TEST_STEP][PASSED] - if (URL == "https://www.dev2.checkatrade.com/"): null

2020-04-24 08:34:11 - [TEST_STEP][PASSED] - "Set Function Area for "URL_Handler", URL Resolution": null

2020-04-24 08:34:11 - [TEST_STEP][PASSED] - "Do Some Magic with URL(s) See the comments within URL Handler ": null

2020-04-24 08:34:11 - [TEST_STEP][PASSED] - "------------------------------------------------": null

2020-04-24 08:34:11 - [TEST_STEP][PASSED] - "Moved Login Credentials to <Default> profile 22/01/2020": null

2020-04-24 08:34:11 - [TEST_STEP][PASSED] - "------------------------------------------------": null

2020-04-24 08:34:11 - [TEST_STEP][PASSED] - "WebOfficeURL - Set from the ENVIRONMENT PROFILE ": null

2020-04-24 08:34:11 - [TEST_STEP][PASSED] - "OPEN BROWSER": null

2020-04-24 08:34:11 - [TEST_STEP][PASSED] - "eg - https://admin.preview.checkatrade.com/  ": null

2020-04-24 08:34:11 - [TEST_STEP][PASSED] - openBrowser(WebOfficeURL): Browser is opened with url: 'https://admin.preview.checkatrade.com/'

2020-04-24 08:34:11 - [MESSAGE][INFO] - Starting 'Chrome' driver

2020-04-24 08:34:11 - [MESSAGE][INFO] - Action delay is set to 0 milliseconds

2020-04-24 08:34:17 - [MESSAGE][PASSED] - Browser is opened with url: 'https://admin.preview.checkatrade.com/'

2020-04-24 08:34:17 - [TEST_STEP][PASSED] - maximizeWindow(): Current window maximized

2020-04-24 08:34:19 - [MESSAGE][PASSED] - Current window maximized

2020-04-24 08:34:19 - [TEST_STEP][PASSED] - waitForElementClickable(findTestObject("Object Repository/WebOffice/Page_Checkatrade - Administration - Login/Login_Button"), 25): Object 'Object Repository/WebOffice/Page_Checkatrade - Administration - Login/Login_Button' is clickable

2020-04-24 08:34:19 - [MESSAGE][PASSED] - Object 'Object Repository/WebOffice/Page_Checkatrade - Administration - Login/Login_Button' is clickable

2020-04-24 08:34:19 - [TEST_STEP][PASSED] - verifyTextPresent("Checkatrade Web Office", false): Text 'Checkatrade Web Office' is present on page 

2020-04-24 08:34:20 - [MESSAGE][PASSED] - Text 'Checkatrade Web Office' is present on page 

2020-04-24 08:34:20 - [TEST_STEP][PASSED] - verifyTextPresent("Access for staff use only", false): Text 'Access for staff use only' is present on page 

2020-04-24 08:34:20 - [MESSAGE][PASSED] - Text 'Access for staff use only' is present on page 

2020-04-24 08:34:20 - [TEST_STEP][PASSED] - verifyTextPresent("Forgotten password?", false): Text 'Forgotten password?' is present on page 

2020-04-24 08:34:20 - [MESSAGE][PASSED] - Text 'Forgotten password?' is present on page 

2020-04-24 08:34:20 - [TEST_STEP][PASSED] - setText(findTestObject("Object Repository/WebOffice/Page_Checkatrade - Administration - Login/input_Username_LoginControlUserName"), wo_Username): Text 'DavidHo' is set on object 'Object Repository/WebOffice/Page_Checkatrade - Administration - Login/input_Username_LoginControlUserName'

2020-04-24 08:34:21 - [MESSAGE][PASSED] - Text 'DavidHo' is set on object 'Object Repository/WebOffice/Page_Checkatrade - Administration - Login/input_Username_LoginControlUserName'

2020-04-24 08:34:21 - [TEST_STEP][PASSED] - setText(findTestObject("Object Repository/WebOffice/Page_Checkatrade - Administration - Login/input_Password_LoginControlPassword"), wo_Password): Text 'Check123' is set on object 'Object Repository/WebOffice/Page_Checkatrade - Administration - Login/input_Password_LoginControlPassword'

2020-04-24 08:34:21 - [MESSAGE][PASSED] - Text 'Check123' is set on object 'Object Repository/WebOffice/Page_Checkatrade - Administration - Login/input_Password_LoginControlPassword'

2020-04-24 08:34:21 - [TEST_STEP][PASSED] - click(findTestObject("Object Repository/WebOffice/Page_Checkatrade - Administration - Login/Login_Button")): Object: 'Object Repository/WebOffice/Page_Checkatrade - Administration - Login/Login_Button' is clicked on

2020-04-24 08:34:22 - [MESSAGE][PASSED] - Object: 'Object Repository/WebOffice/Page_Checkatrade - Administration - Login/Login_Button' is clicked on

2020-04-24 08:34:22 - [TEST_STEP][PASSED] - waitForPageLoad(60): Wait for page load successfully

2020-04-24 08:34:22 - [MESSAGE][PASSED] - Wait for page load successfully

2020-04-24 08:34:22 - [TEST_STEP][PASSED] - verifyTextPresent("Welcome " + wo_Username, false): Text 'Welcome DavidHo' is present on page 

2020-04-24 08:34:22 - [MESSAGE][PASSED] - Text 'Welcome DavidHo' is present on page 

2020-04-24 08:34:22 - [MESSAGE][PASSED] - Call Test Case 'Test Cases/Reusable_Test_Sequences/Web_Office/Directives/WebOffice_StartUp' successfully

2020-04-24 08:34:22 - [TEST_STEP][PASSED] - "-----------------------------------------------------------------": null

2020-04-24 08:34:22 - [TEST_STEP][PASSED] - " Navigate to <Settings->Checkatrade.Com->Sub Item> Menu Item     |": null

2020-04-24 08:34:22 - [TEST_STEP][PASSED] - callTestCase(findTestCase("Reusable_Test_Sequences/Web_Office/Navigation/Sub_Menu_Navigation/Reports/Members_Feedback_Company"), [:], STOP_ON_FAILURE): Call Test Case 'Test Cases/Reusable_Test_Sequences/Web_Office/Navigation/Sub_Menu_Navigation/Reports/Members_Feedback_Company' successfully

2020-04-24 08:34:22 - [TEST_CASE][PASSED] - Test Cases/Reusable_Test_Sequences/Web_Office/Navigation/Sub_Menu_Navigation/Reports/Members_Feedback_Company: Test Cases/Reusable_Test_Sequences/Web_Office/Navigation/Sub_Menu_Navigation/Reports/Members_Feedback_Company

2020-04-24 08:34:23 - [TEST_STEP][PASSED] - "--------------------------------------": null

2020-04-24 08:34:23 - [TEST_STEP][PASSED] - " Navigate Top level menu Item         |": null

2020-04-24 08:34:23 - [TEST_STEP][PASSED] - waitForPageLoad(60): Wait for page load successfully

2020-04-24 08:34:23 - [MESSAGE][PASSED] - Wait for page load successfully

2020-04-24 08:34:23 - [TEST_STEP][PASSED] - waitForElementClickable(findTestObject("Object Repository/WebOffice_Home_page/a_Reports"), 60): Object 'Object Repository/WebOffice_Home_page/a_Reports' is clickable

2020-04-24 08:34:23 - [MESSAGE][PASSED] - Object 'Object Repository/WebOffice_Home_page/a_Reports' is clickable

2020-04-24 08:34:23 - [TEST_STEP][PASSED] - mouseOver(findTestObject("Object Repository/WebOffice_Home_page/a_Reports")): Object: 'Object Repository/WebOffice_Home_page/a_Reports' is hovered

2020-04-24 08:34:23 - [MESSAGE][PASSED] - Object: 'Object Repository/WebOffice_Home_page/a_Reports' is hovered

2020-04-24 08:34:23 - [TEST_STEP][PASSED] - click(findTestObject("Object Repository/WebOffice_Home_page/Page_/a_Members")): Object: 'Object Repository/WebOffice_Home_page/Page_/a_Members' is clicked on

2020-04-24 08:34:24 - [MESSAGE][PASSED] - Object: 'Object Repository/WebOffice_Home_page/Page_/a_Members' is clicked on

2020-04-24 08:34:24 - [TEST_STEP][PASSED] - click(findTestObject("Object Repository/WebOffice_Home_page/Page_/a_Members Feedback")): Object: 'Object Repository/WebOffice_Home_page/Page_/a_Members Feedback' is clicked on

2020-04-24 08:34:24 - [MESSAGE][PASSED] - Object: 'Object Repository/WebOffice_Home_page/Page_/a_Members Feedback' is clicked on

2020-04-24 08:34:24 - [TEST_STEP][PASSED] - waitForPageLoad(5): Wait for page load successfully

2020-04-24 08:34:24 - [MESSAGE][PASSED] - Wait for page load successfully

2020-04-24 08:34:24 - [TEST_STEP][PASSED] - waitForElementClickable(findTestObject("Object Repository/WebOffice_Home_page/Page_/a_Company Detail Report"), 5): Object 'Object Repository/WebOffice_Home_page/Page_/a_Company Detail Report' is clickable

2020-04-24 08:34:24 - [MESSAGE][PASSED] - Object 'Object Repository/WebOffice_Home_page/Page_/a_Company Detail Report' is clickable

2020-04-24 08:34:24 - [TEST_STEP][PASSED] - click(findTestObject("Object Repository/WebOffice_Home_page/Page_/a_Company Detail Report")): Object: 'Object Repository/WebOffice_Home_page/Page_/a_Company Detail Report' is clicked on

2020-04-24 08:34:25 - [MESSAGE][PASSED] - Object: 'Object Repository/WebOffice_Home_page/Page_/a_Company Detail Report' is clicked on

2020-04-24 08:34:25 - [MESSAGE][PASSED] - Call Test Case 'Test Cases/Reusable_Test_Sequences/Web_Office/Navigation/Sub_Menu_Navigation/Reports/Members_Feedback_Company' successfully

2020-04-24 08:34:25 - [TEST_STEP][PASSED] - "--------------------------------------": null

2020-04-24 08:34:25 - [TEST_STEP][PASSED] - " Verify Returned Page Detail          |": null

2020-04-24 08:34:25 - [TEST_STEP][PASSED] - callTestCase(findTestCase("Reusable_Test_Sequences/Web_Office/Verification/Reports/Members_Feedback_Company"), [:], OPTIONAL): Call Test Case 'Test Cases/Reusable_Test_Sequences/Web_Office/Verification/Reports/Members_Feedback_Company' successfully

2020-04-24 08:34:25 - [TEST_CASE][PASSED] - Test Cases/Reusable_Test_Sequences/Web_Office/Verification/Reports/Members_Feedback_Company: Test Cases/Reusable_Test_Sequences/Web_Office/Verification/Reports/Members_Feedback_Company

2020-04-24 08:34:26 - [TEST_STEP][PASSED] - waitForPageLoad(120): Wait for page load successfully

2020-04-24 08:34:26 - [MESSAGE][PASSED] - Wait for page load successfully

2020-04-24 08:34:26 - [TEST_STEP][PASSED] - delay(1): Delayed 1 second(s)

2020-04-24 08:34:27 - [MESSAGE][PASSED] - Delayed 1 second(s)

2020-04-24 08:34:27 - [TEST_STEP][PASSED] - verifyTextPresent("Members Feedback : Company Detail Report", false): Text 'Members Feedback : Company Detail Report' is present on page 

2020-04-24 08:34:27 - [MESSAGE][PASSED] - Text 'Members Feedback : Company Detail Report' is present on page 

2020-04-24 08:34:27 - [TEST_STEP][PASSED] - "----------------------------------------------": null

2020-04-24 08:34:27 - [TEST_STEP][PASSED] - verifyTextPresent("Summary Report", false): Text 'Summary Report' is present on page 

2020-04-24 08:34:27 - [MESSAGE][PASSED] - Text 'Summary Report' is present on page 

2020-04-24 08:34:27 - [TEST_STEP][PASSED] - verifyTextPresent("Status Report", false): Text 'Status Report' is present on page 

2020-04-24 08:34:27 - [MESSAGE][PASSED] - Text 'Status Report' is present on page 

2020-04-24 08:34:27 - [TEST_STEP][PASSED] - verifyTextPresent("Company Detail Report", false): Text 'Company Detail Report' is present on page 

2020-04-24 08:34:27 - [MESSAGE][PASSED] - Text 'Company Detail Report' is present on page 

2020-04-24 08:34:27 - [TEST_STEP][PASSED] - verifyTextPresent("Feedback status", false): Text 'Feedback status' is present on page 

2020-04-24 08:34:27 - [MESSAGE][PASSED] - Text 'Feedback status' is present on page 

2020-04-24 08:34:27 - [TEST_STEP][PASSED] - verifyTextPresent("Company name", false): Text 'Company name' is present on page 

2020-04-24 08:34:28 - [MESSAGE][PASSED] - Text 'Company name' is present on page 

2020-04-24 08:34:28 - [TEST_STEP][PASSED] - verifyTextPresent("Feedbacks", false): Text 'Feedbacks' is present on page 

2020-04-24 08:34:28 - [MESSAGE][PASSED] - Text 'Feedbacks' is present on page 

2020-04-24 08:34:28 - [MESSAGE][PASSED] - Call Test Case 'Test Cases/Reusable_Test_Sequences/Web_Office/Verification/Reports/Members_Feedback_Company' successfully

2020-04-24 08:34:28 - [TEST_STEP][PASSED] - "--------------------------": null

2020-04-24 08:34:28 - [TEST_STEP][PASSED] - " Teardown - CLose Browser |": null

2020-04-24 08:34:28 - [TEST_STEP][PASSED] - callTestCase(findTestCase("Reusable_Test_Sequences/CAT_Teardown"), [:], OPTIONAL): Call Test Case 'Test Cases/Reusable_Test_Sequences/CAT_Teardown' successfully

2020-04-24 08:34:28 - [TEST_CASE][PASSED] - Test Cases/Reusable_Test_Sequences/CAT_Teardown: Test Cases/Reusable_Test_Sequences/CAT_Teardown

2020-04-24 08:34:28 - [TEST_STEP][PASSED] - closeBrowser(): Browser is closed

2020-04-24 08:34:29 - [MESSAGE][PASSED] - Browser is closed

2020-04-24 08:34:29 - [TEST_STEP][PASSED] - super.finalize(): null

2020-04-24 08:34:29 - [TEST_STEP][PASSED] - System.gc(): null

2020-04-24 08:34:29 - [MESSAGE][PASSED] - Call Test Case 'Test Cases/Reusable_Test_Sequences/CAT_Teardown' successfully]]></system-out>
         <system-err><![CDATA[]]></system-err>
      </testcase>
      <testcase name="Test Cases/Web_Office/Reports/Members_Activity_Overview" time="17.669" classname="Test Cases/Web_Office/Reports/Members_Activity_Overview" status="PASSED">
         <system-out><![CDATA[2020-04-24 08:34:29 - [TEST_CASE][PASSED] - Test Cases/Web_Office/Reports/Members_Activity_Overview: Test Cases/Web_Office/Reports/Members_Activity_Overview

2020-04-24 08:34:29 - [TEST_STEP][PASSED] - "--------------------------------------": null

2020-04-24 08:34:29 - [TEST_STEP][PASSED] - " Web Office StartUp                  |": null

2020-04-24 08:34:29 - [TEST_STEP][PASSED] - callTestCase(findTestCase("Reusable_Test_Sequences/Web_Office/Directives/WebOffice_StartUp"), [:], STOP_ON_FAILURE): Call Test Case 'Test Cases/Reusable_Test_Sequences/Web_Office/Directives/WebOffice_StartUp' successfully

2020-04-24 08:34:29 - [TEST_CASE][PASSED] - Test Cases/Reusable_Test_Sequences/Web_Office/Directives/WebOffice_StartUp: Test Cases/Reusable_Test_Sequences/Web_Office/Directives/WebOffice_StartUp

2020-04-24 08:34:29 - [TEST_STEP][PASSED] - "-----------------------------------------------------------------------------": null

2020-04-24 08:34:29 - [TEST_STEP][PASSED] - if (URL == "https://www.dev.checkatrade.com/"): null

2020-04-24 08:34:29 - [TEST_STEP][PASSED] - "-----------------------------------------------------------------------------": null

2020-04-24 08:34:29 - [TEST_STEP][PASSED] - if (URL == "https://www.checkatrade.com/"): null

2020-04-24 08:34:29 - [TEST_STEP][PASSED] - "-----------------------------------------------------------------------------": null

2020-04-24 08:34:29 - [TEST_STEP][PASSED] - if (URL == "https://www.preview.checkatrade.com/"): null

2020-04-24 08:34:29 - [TEST_STEP][PASSED] - WebOfficeURL = "https://admin.preview.checkatrade.com/": null

2020-04-24 08:34:29 - [TEST_STEP][PASSED] - if (URL == "https://www.dev2.checkatrade.com/"): null

2020-04-24 08:34:29 - [TEST_STEP][PASSED] - "Set Function Area for "URL_Handler", URL Resolution": null

2020-04-24 08:34:29 - [TEST_STEP][PASSED] - "Do Some Magic with URL(s) See the comments within URL Handler ": null

2020-04-24 08:34:29 - [TEST_STEP][PASSED] - "------------------------------------------------": null

2020-04-24 08:34:29 - [TEST_STEP][PASSED] - "Moved Login Credentials to <Default> profile 22/01/2020": null

2020-04-24 08:34:29 - [TEST_STEP][PASSED] - "------------------------------------------------": null

2020-04-24 08:34:29 - [TEST_STEP][PASSED] - "WebOfficeURL - Set from the ENVIRONMENT PROFILE ": null

2020-04-24 08:34:29 - [TEST_STEP][PASSED] - "OPEN BROWSER": null

2020-04-24 08:34:29 - [TEST_STEP][PASSED] - "eg - https://admin.preview.checkatrade.com/  ": null

2020-04-24 08:34:29 - [TEST_STEP][PASSED] - openBrowser(WebOfficeURL): Browser is opened with url: 'https://admin.preview.checkatrade.com/'

2020-04-24 08:34:29 - [MESSAGE][INFO] - Starting 'Chrome' driver

2020-04-24 08:34:29 - [MESSAGE][INFO] - Action delay is set to 0 milliseconds

2020-04-24 08:34:34 - [MESSAGE][PASSED] - Browser is opened with url: 'https://admin.preview.checkatrade.com/'

2020-04-24 08:34:34 - [TEST_STEP][PASSED] - maximizeWindow(): Current window maximized

2020-04-24 08:34:37 - [MESSAGE][PASSED] - Current window maximized

2020-04-24 08:34:37 - [TEST_STEP][PASSED] - waitForElementClickable(findTestObject("Object Repository/WebOffice/Page_Checkatrade - Administration - Login/Login_Button"), 25): Object 'Object Repository/WebOffice/Page_Checkatrade - Administration - Login/Login_Button' is clickable

2020-04-24 08:34:37 - [MESSAGE][PASSED] - Object 'Object Repository/WebOffice/Page_Checkatrade - Administration - Login/Login_Button' is clickable

2020-04-24 08:34:37 - [TEST_STEP][PASSED] - verifyTextPresent("Checkatrade Web Office", false): Text 'Checkatrade Web Office' is present on page 

2020-04-24 08:34:37 - [MESSAGE][PASSED] - Text 'Checkatrade Web Office' is present on page 

2020-04-24 08:34:37 - [TEST_STEP][PASSED] - verifyTextPresent("Access for staff use only", false): Text 'Access for staff use only' is present on page 

2020-04-24 08:34:37 - [MESSAGE][PASSED] - Text 'Access for staff use only' is present on page 

2020-04-24 08:34:37 - [TEST_STEP][PASSED] - verifyTextPresent("Forgotten password?", false): Text 'Forgotten password?' is present on page 

2020-04-24 08:34:37 - [MESSAGE][PASSED] - Text 'Forgotten password?' is present on page 

2020-04-24 08:34:37 - [TEST_STEP][PASSED] - setText(findTestObject("Object Repository/WebOffice/Page_Checkatrade - Administration - Login/input_Username_LoginControlUserName"), wo_Username): Text 'DavidHo' is set on object 'Object Repository/WebOffice/Page_Checkatrade - Administration - Login/input_Username_LoginControlUserName'

2020-04-24 08:34:37 - [MESSAGE][PASSED] - Text 'DavidHo' is set on object 'Object Repository/WebOffice/Page_Checkatrade - Administration - Login/input_Username_LoginControlUserName'

2020-04-24 08:34:37 - [TEST_STEP][PASSED] - setText(findTestObject("Object Repository/WebOffice/Page_Checkatrade - Administration - Login/input_Password_LoginControlPassword"), wo_Password): Text 'Check123' is set on object 'Object Repository/WebOffice/Page_Checkatrade - Administration - Login/input_Password_LoginControlPassword'

2020-04-24 08:34:37 - [MESSAGE][PASSED] - Text 'Check123' is set on object 'Object Repository/WebOffice/Page_Checkatrade - Administration - Login/input_Password_LoginControlPassword'

2020-04-24 08:34:37 - [TEST_STEP][PASSED] - click(findTestObject("Object Repository/WebOffice/Page_Checkatrade - Administration - Login/Login_Button")): Object: 'Object Repository/WebOffice/Page_Checkatrade - Administration - Login/Login_Button' is clicked on

2020-04-24 08:34:38 - [MESSAGE][PASSED] - Object: 'Object Repository/WebOffice/Page_Checkatrade - Administration - Login/Login_Button' is clicked on

2020-04-24 08:34:38 - [TEST_STEP][PASSED] - waitForPageLoad(60): Wait for page load successfully

2020-04-24 08:34:39 - [MESSAGE][PASSED] - Wait for page load successfully

2020-04-24 08:34:39 - [TEST_STEP][PASSED] - verifyTextPresent("Welcome " + wo_Username, false): Text 'Welcome DavidHo' is present on page 

2020-04-24 08:34:39 - [MESSAGE][PASSED] - Text 'Welcome DavidHo' is present on page 

2020-04-24 08:34:39 - [MESSAGE][PASSED] - Call Test Case 'Test Cases/Reusable_Test_Sequences/Web_Office/Directives/WebOffice_StartUp' successfully

2020-04-24 08:34:39 - [TEST_STEP][PASSED] - "-----------------------------------------------------------------": null

2020-04-24 08:34:39 - [TEST_STEP][PASSED] - " Navigate to <Settings->Checkatrade.Com->Sub Item> Menu Item     |": null

2020-04-24 08:34:39 - [TEST_STEP][PASSED] - callTestCase(findTestCase("Reusable_Test_Sequences/Web_Office/Navigation/Sub_Menu_Navigation/Reports/Members_Activity_Overview"), [:], STOP_ON_FAILURE): Call Test Case 'Test Cases/Reusable_Test_Sequences/Web_Office/Navigation/Sub_Menu_Navigation/Reports/Members_Activity_Overview' successfully

2020-04-24 08:34:39 - [TEST_CASE][PASSED] - Test Cases/Reusable_Test_Sequences/Web_Office/Navigation/Sub_Menu_Navigation/Reports/Members_Activity_Overview: Test Cases/Reusable_Test_Sequences/Web_Office/Navigation/Sub_Menu_Navigation/Reports/Members_Activity_Overview

2020-04-24 08:34:39 - [TEST_STEP][PASSED] - "--------------------------------------": null

2020-04-24 08:34:39 - [TEST_STEP][PASSED] - " Navigate Top level menu Item         |": null

2020-04-24 08:34:39 - [TEST_STEP][PASSED] - waitForPageLoad(60): Wait for page load successfully

2020-04-24 08:34:39 - [MESSAGE][PASSED] - Wait for page load successfully

2020-04-24 08:34:39 - [TEST_STEP][PASSED] - waitForElementClickable(findTestObject("Object Repository/WebOffice_Home_page/a_Reports"), 60): Object 'Object Repository/WebOffice_Home_page/a_Reports' is clickable

2020-04-24 08:34:39 - [MESSAGE][PASSED] - Object 'Object Repository/WebOffice_Home_page/a_Reports' is clickable

2020-04-24 08:34:39 - [TEST_STEP][PASSED] - mouseOver(findTestObject("Object Repository/WebOffice_Home_page/a_Reports")): Object: 'Object Repository/WebOffice_Home_page/a_Reports' is hovered

2020-04-24 08:34:40 - [MESSAGE][PASSED] - Object: 'Object Repository/WebOffice_Home_page/a_Reports' is hovered

2020-04-24 08:34:40 - [TEST_STEP][PASSED] - click(findTestObject("Object Repository/WebOffice_Home_page/Page_/a_Members")): Object: 'Object Repository/WebOffice_Home_page/Page_/a_Members' is clicked on

2020-04-24 08:34:40 - [MESSAGE][PASSED] - Object: 'Object Repository/WebOffice_Home_page/Page_/a_Members' is clicked on

2020-04-24 08:34:40 - [TEST_STEP][PASSED] - click(findTestObject("Object Repository/WebOffice_Home_page/Page_/a_Members Area Activity")): Object: 'Object Repository/WebOffice_Home_page/Page_/a_Members Area Activity' is clicked on

2020-04-24 08:34:40 - [MESSAGE][PASSED] - Object: 'Object Repository/WebOffice_Home_page/Page_/a_Members Area Activity' is clicked on

2020-04-24 08:34:40 - [TEST_STEP][PASSED] - waitForPageLoad(5): Wait for page load successfully

2020-04-24 08:34:40 - [MESSAGE][PASSED] - Wait for page load successfully

2020-04-24 08:34:40 - [TEST_STEP][PASSED] - waitForElementClickable(findTestObject("Object Repository/WebOffice_Home_page/Page_/a_Participants Report"), 5): Object 'Object Repository/WebOffice_Home_page/Page_/a_Participants Report' is clickable

2020-04-24 08:34:40 - [MESSAGE][PASSED] - Object 'Object Repository/WebOffice_Home_page/Page_/a_Participants Report' is clickable

2020-04-24 08:34:40 - [TEST_STEP][PASSED] - click(findTestObject("Object Repository/WebOffice_Home_page/Page_/a_Participants Report")): Object: 'Object Repository/WebOffice_Home_page/Page_/a_Participants Report' is clicked on

2020-04-24 08:34:41 - [MESSAGE][PASSED] - Object: 'Object Repository/WebOffice_Home_page/Page_/a_Participants Report' is clicked on

2020-04-24 08:34:41 - [MESSAGE][PASSED] - Call Test Case 'Test Cases/Reusable_Test_Sequences/Web_Office/Navigation/Sub_Menu_Navigation/Reports/Members_Activity_Overview' successfully

2020-04-24 08:34:41 - [TEST_STEP][PASSED] - "--------------------------------------": null

2020-04-24 08:34:41 - [TEST_STEP][PASSED] - " Verify Returned Page Detail          |": null

2020-04-24 08:34:41 - [TEST_STEP][PASSED] - callTestCase(findTestCase("Reusable_Test_Sequences/Web_Office/Verification/Reports/Members_Activity_Overview"), [:], OPTIONAL): Call Test Case 'Test Cases/Reusable_Test_Sequences/Web_Office/Verification/Reports/Members_Activity_Overview' successfully

2020-04-24 08:34:41 - [TEST_CASE][PASSED] - Test Cases/Reusable_Test_Sequences/Web_Office/Verification/Reports/Members_Activity_Overview: Test Cases/Reusable_Test_Sequences/Web_Office/Verification/Reports/Members_Activity_Overview

2020-04-24 08:34:42 - [TEST_STEP][PASSED] - waitForPageLoad(120): Wait for page load successfully

2020-04-24 08:34:42 - [MESSAGE][PASSED] - Wait for page load successfully

2020-04-24 08:34:42 - [TEST_STEP][PASSED] - delay(1): Delayed 1 second(s)

2020-04-24 08:34:43 - [MESSAGE][PASSED] - Delayed 1 second(s)

2020-04-24 08:34:43 - [TEST_STEP][PASSED] - verifyTextPresent("Good Morning!", false): Text 'Good Morning!' is present on page 

2020-04-24 08:34:43 - [MESSAGE][PASSED] - Text 'Good Morning!' is present on page 

2020-04-24 08:34:43 - [TEST_STEP][PASSED] - "----------------------------------------------": null

2020-04-24 08:34:43 - [TEST_STEP][PASSED] - verifyTextPresent("Things to review:", false): Text 'Things to review:' is present on page 

2020-04-24 08:34:43 - [MESSAGE][PASSED] - Text 'Things to review:' is present on page 

2020-04-24 08:34:43 - [TEST_STEP][PASSED] - verifyTextPresent("Feedback to review", false): Text 'Feedback to review' is present on page 

2020-04-24 08:34:44 - [MESSAGE][PASSED] - Text 'Feedback to review' is present on page 

2020-04-24 08:34:44 - [TEST_STEP][PASSED] - "----------------------------------------------": null

2020-04-24 08:34:44 - [TEST_STEP][PASSED] - verifyTextPresent("Recent members photos:", false): Text 'Recent members photos:' is present on page 

2020-04-24 08:34:44 - [MESSAGE][PASSED] - Text 'Recent members photos:' is present on page 

2020-04-24 08:34:44 - [TEST_STEP][PASSED] - verifyTextPresent("Members area forum activity:", false): Text 'Members area forum activity:' is present on page 

2020-04-24 08:34:44 - [MESSAGE][PASSED] - Text 'Members area forum activity:' is present on page 

2020-04-24 08:34:44 - [TEST_STEP][PASSED] - verifyTextPresent("Members joining", false): Text 'Members joining' is present on page 

2020-04-24 08:34:45 - [MESSAGE][PASSED] - Text 'Members joining' is present on page 

2020-04-24 08:34:45 - [TEST_STEP][PASSED] - verifyTextPresent("and leaving", false): Text 'and leaving' is present on page 

2020-04-24 08:34:45 - [MESSAGE][PASSED] - Text 'and leaving' is present on page 

2020-04-24 08:34:45 - [MESSAGE][PASSED] - Call Test Case 'Test Cases/Reusable_Test_Sequences/Web_Office/Verification/Reports/Members_Activity_Overview' successfully

2020-04-24 08:34:45 - [TEST_STEP][PASSED] - "--------------------------": null

2020-04-24 08:34:45 - [TEST_STEP][PASSED] - " Teardown - CLose Browser |": null

2020-04-24 08:34:45 - [TEST_STEP][PASSED] - callTestCase(findTestCase("Reusable_Test_Sequences/CAT_Teardown"), [:], OPTIONAL): Call Test Case 'Test Cases/Reusable_Test_Sequences/CAT_Teardown' successfully

2020-04-24 08:34:45 - [TEST_CASE][PASSED] - Test Cases/Reusable_Test_Sequences/CAT_Teardown: Test Cases/Reusable_Test_Sequences/CAT_Teardown

2020-04-24 08:34:45 - [TEST_STEP][PASSED] - closeBrowser(): Browser is closed

2020-04-24 08:34:46 - [MESSAGE][PASSED] - Browser is closed

2020-04-24 08:34:46 - [TEST_STEP][PASSED] - super.finalize(): null

2020-04-24 08:34:46 - [TEST_STEP][PASSED] - System.gc(): null

2020-04-24 08:34:46 - [MESSAGE][PASSED] - Call Test Case 'Test Cases/Reusable_Test_Sequences/CAT_Teardown' successfully]]></system-out>
         <system-err><![CDATA[]]></system-err>
      </testcase>
      <testcase name="Test Cases/Web_Office/Reports/Members_Activity_Participants" time="19.45" classname="Test Cases/Web_Office/Reports/Members_Activity_Participants" status="PASSED">
         <system-out><![CDATA[2020-04-24 08:34:46 - [TEST_CASE][PASSED] - Test Cases/Web_Office/Reports/Members_Activity_Participants: Test Cases/Web_Office/Reports/Members_Activity_Participants

2020-04-24 08:34:47 - [TEST_STEP][PASSED] - "--------------------------------------": null

2020-04-24 08:34:47 - [TEST_STEP][PASSED] - " Web Office StartUp                  |": null

2020-04-24 08:34:47 - [TEST_STEP][PASSED] - callTestCase(findTestCase("Reusable_Test_Sequences/Web_Office/Directives/WebOffice_StartUp"), [:], STOP_ON_FAILURE): Call Test Case 'Test Cases/Reusable_Test_Sequences/Web_Office/Directives/WebOffice_StartUp' successfully

2020-04-24 08:34:47 - [TEST_CASE][PASSED] - Test Cases/Reusable_Test_Sequences/Web_Office/Directives/WebOffice_StartUp: Test Cases/Reusable_Test_Sequences/Web_Office/Directives/WebOffice_StartUp

2020-04-24 08:34:47 - [TEST_STEP][PASSED] - "-----------------------------------------------------------------------------": null

2020-04-24 08:34:47 - [TEST_STEP][PASSED] - if (URL == "https://www.dev.checkatrade.com/"): null

2020-04-24 08:34:47 - [TEST_STEP][PASSED] - "-----------------------------------------------------------------------------": null

2020-04-24 08:34:47 - [TEST_STEP][PASSED] - if (URL == "https://www.checkatrade.com/"): null

2020-04-24 08:34:47 - [TEST_STEP][PASSED] - "-----------------------------------------------------------------------------": null

2020-04-24 08:34:47 - [TEST_STEP][PASSED] - if (URL == "https://www.preview.checkatrade.com/"): null

2020-04-24 08:34:47 - [TEST_STEP][PASSED] - WebOfficeURL = "https://admin.preview.checkatrade.com/": null

2020-04-24 08:34:47 - [TEST_STEP][PASSED] - if (URL == "https://www.dev2.checkatrade.com/"): null

2020-04-24 08:34:47 - [TEST_STEP][PASSED] - "Set Function Area for "URL_Handler", URL Resolution": null

2020-04-24 08:34:47 - [TEST_STEP][PASSED] - "Do Some Magic with URL(s) See the comments within URL Handler ": null

2020-04-24 08:34:47 - [TEST_STEP][PASSED] - "------------------------------------------------": null

2020-04-24 08:34:47 - [TEST_STEP][PASSED] - "Moved Login Credentials to <Default> profile 22/01/2020": null

2020-04-24 08:34:47 - [TEST_STEP][PASSED] - "------------------------------------------------": null

2020-04-24 08:34:47 - [TEST_STEP][PASSED] - "WebOfficeURL - Set from the ENVIRONMENT PROFILE ": null

2020-04-24 08:34:47 - [TEST_STEP][PASSED] - "OPEN BROWSER": null

2020-04-24 08:34:47 - [TEST_STEP][PASSED] - "eg - https://admin.preview.checkatrade.com/  ": null

2020-04-24 08:34:47 - [TEST_STEP][PASSED] - openBrowser(WebOfficeURL): Browser is opened with url: 'https://admin.preview.checkatrade.com/'

2020-04-24 08:34:47 - [MESSAGE][INFO] - Starting 'Chrome' driver

2020-04-24 08:34:47 - [MESSAGE][INFO] - Action delay is set to 0 milliseconds

2020-04-24 08:34:54 - [MESSAGE][PASSED] - Browser is opened with url: 'https://admin.preview.checkatrade.com/'

2020-04-24 08:34:54 - [TEST_STEP][PASSED] - maximizeWindow(): Current window maximized

2020-04-24 08:34:56 - [MESSAGE][PASSED] - Current window maximized

2020-04-24 08:34:56 - [TEST_STEP][PASSED] - waitForElementClickable(findTestObject("Object Repository/WebOffice/Page_Checkatrade - Administration - Login/Login_Button"), 25): Object 'Object Repository/WebOffice/Page_Checkatrade - Administration - Login/Login_Button' is clickable

2020-04-24 08:34:57 - [MESSAGE][PASSED] - Object 'Object Repository/WebOffice/Page_Checkatrade - Administration - Login/Login_Button' is clickable

2020-04-24 08:34:57 - [TEST_STEP][PASSED] - verifyTextPresent("Checkatrade Web Office", false): Text 'Checkatrade Web Office' is present on page 

2020-04-24 08:34:57 - [MESSAGE][PASSED] - Text 'Checkatrade Web Office' is present on page 

2020-04-24 08:34:57 - [TEST_STEP][PASSED] - verifyTextPresent("Access for staff use only", false): Text 'Access for staff use only' is present on page 

2020-04-24 08:34:57 - [MESSAGE][PASSED] - Text 'Access for staff use only' is present on page 

2020-04-24 08:34:57 - [TEST_STEP][PASSED] - verifyTextPresent("Forgotten password?", false): Text 'Forgotten password?' is present on page 

2020-04-24 08:34:57 - [MESSAGE][PASSED] - Text 'Forgotten password?' is present on page 

2020-04-24 08:34:57 - [TEST_STEP][PASSED] - setText(findTestObject("Object Repository/WebOffice/Page_Checkatrade - Administration - Login/input_Username_LoginControlUserName"), wo_Username): Text 'DavidHo' is set on object 'Object Repository/WebOffice/Page_Checkatrade - Administration - Login/input_Username_LoginControlUserName'

2020-04-24 08:34:57 - [MESSAGE][PASSED] - Text 'DavidHo' is set on object 'Object Repository/WebOffice/Page_Checkatrade - Administration - Login/input_Username_LoginControlUserName'

2020-04-24 08:34:57 - [TEST_STEP][PASSED] - setText(findTestObject("Object Repository/WebOffice/Page_Checkatrade - Administration - Login/input_Password_LoginControlPassword"), wo_Password): Text 'Check123' is set on object 'Object Repository/WebOffice/Page_Checkatrade - Administration - Login/input_Password_LoginControlPassword'

2020-04-24 08:34:57 - [MESSAGE][PASSED] - Text 'Check123' is set on object 'Object Repository/WebOffice/Page_Checkatrade - Administration - Login/input_Password_LoginControlPassword'

2020-04-24 08:34:57 - [TEST_STEP][PASSED] - click(findTestObject("Object Repository/WebOffice/Page_Checkatrade - Administration - Login/Login_Button")): Object: 'Object Repository/WebOffice/Page_Checkatrade - Administration - Login/Login_Button' is clicked on

2020-04-24 08:34:59 - [MESSAGE][PASSED] - Object: 'Object Repository/WebOffice/Page_Checkatrade - Administration - Login/Login_Button' is clicked on

2020-04-24 08:34:59 - [TEST_STEP][PASSED] - waitForPageLoad(60): Wait for page load successfully

2020-04-24 08:34:59 - [MESSAGE][PASSED] - Wait for page load successfully

2020-04-24 08:34:59 - [TEST_STEP][PASSED] - verifyTextPresent("Welcome " + wo_Username, false): Text 'Welcome DavidHo' is present on page 

2020-04-24 08:35:00 - [MESSAGE][PASSED] - Text 'Welcome DavidHo' is present on page 

2020-04-24 08:35:00 - [MESSAGE][PASSED] - Call Test Case 'Test Cases/Reusable_Test_Sequences/Web_Office/Directives/WebOffice_StartUp' successfully

2020-04-24 08:35:00 - [TEST_STEP][PASSED] - "-----------------------------------------------------------------": null

2020-04-24 08:35:00 - [TEST_STEP][PASSED] - " Navigate to <Settings->Checkatrade.Com->Sub Item> Menu Item     |": null

2020-04-24 08:35:00 - [TEST_STEP][PASSED] - callTestCase(findTestCase("Reusable_Test_Sequences/Web_Office/Navigation/Sub_Menu_Navigation/Reports/Members_Activity_Participants"), [:], STOP_ON_FAILURE): Call Test Case 'Test Cases/Reusable_Test_Sequences/Web_Office/Navigation/Sub_Menu_Navigation/Reports/Members_Activity_Participants' successfully

2020-04-24 08:35:00 - [TEST_CASE][PASSED] - Test Cases/Reusable_Test_Sequences/Web_Office/Navigation/Sub_Menu_Navigation/Reports/Members_Activity_Participants: Test Cases/Reusable_Test_Sequences/Web_Office/Navigation/Sub_Menu_Navigation/Reports/Members_Activity_Participants

2020-04-24 08:35:00 - [TEST_STEP][PASSED] - "--------------------------------------": null

2020-04-24 08:35:00 - [TEST_STEP][PASSED] - " Navigate Top level menu Item         |": null

2020-04-24 08:35:00 - [TEST_STEP][PASSED] - waitForPageLoad(60): Wait for page load successfully

2020-04-24 08:35:00 - [MESSAGE][PASSED] - Wait for page load successfully

2020-04-24 08:35:00 - [TEST_STEP][PASSED] - waitForElementClickable(findTestObject("Object Repository/WebOffice_Home_page/a_Reports"), 60): Object 'Object Repository/WebOffice_Home_page/a_Reports' is clickable

2020-04-24 08:35:01 - [MESSAGE][PASSED] - Object 'Object Repository/WebOffice_Home_page/a_Reports' is clickable

2020-04-24 08:35:01 - [TEST_STEP][PASSED] - mouseOver(findTestObject("Object Repository/WebOffice_Home_page/a_Reports")): Object: 'Object Repository/WebOffice_Home_page/a_Reports' is hovered

2020-04-24 08:35:01 - [MESSAGE][PASSED] - Object: 'Object Repository/WebOffice_Home_page/a_Reports' is hovered

2020-04-24 08:35:01 - [TEST_STEP][PASSED] - click(findTestObject("Object Repository/WebOffice_Home_page/Page_/a_Members")): Object: 'Object Repository/WebOffice_Home_page/Page_/a_Members' is clicked on

2020-04-24 08:35:01 - [MESSAGE][PASSED] - Object: 'Object Repository/WebOffice_Home_page/Page_/a_Members' is clicked on

2020-04-24 08:35:01 - [TEST_STEP][PASSED] - click(findTestObject("Object Repository/WebOffice_Home_page/Page_/a_Members Area Activity")): Object: 'Object Repository/WebOffice_Home_page/Page_/a_Members Area Activity' is clicked on

2020-04-24 08:35:01 - [MESSAGE][PASSED] - Object: 'Object Repository/WebOffice_Home_page/Page_/a_Members Area Activity' is clicked on

2020-04-24 08:35:01 - [TEST_STEP][PASSED] - waitForPageLoad(5): Wait for page load successfully

2020-04-24 08:35:01 - [MESSAGE][PASSED] - Wait for page load successfully

2020-04-24 08:35:01 - [TEST_STEP][PASSED] - waitForElementClickable(findTestObject("Object Repository/WebOffice_Home_page/Page_/a_Participants Report"), 5): Object 'Object Repository/WebOffice_Home_page/Page_/a_Participants Report' is clickable

2020-04-24 08:35:02 - [MESSAGE][PASSED] - Object 'Object Repository/WebOffice_Home_page/Page_/a_Participants Report' is clickable

2020-04-24 08:35:02 - [TEST_STEP][PASSED] - click(findTestObject("Object Repository/WebOffice_Home_page/Page_/a_Participants Report")): Object: 'Object Repository/WebOffice_Home_page/Page_/a_Participants Report' is clicked on

2020-04-24 08:35:02 - [MESSAGE][PASSED] - Object: 'Object Repository/WebOffice_Home_page/Page_/a_Participants Report' is clicked on

2020-04-24 08:35:02 - [MESSAGE][PASSED] - Call Test Case 'Test Cases/Reusable_Test_Sequences/Web_Office/Navigation/Sub_Menu_Navigation/Reports/Members_Activity_Participants' successfully

2020-04-24 08:35:02 - [TEST_STEP][PASSED] - "--------------------------------------": null

2020-04-24 08:35:02 - [TEST_STEP][PASSED] - " Verify Returned Page Detail          |": null

2020-04-24 08:35:02 - [TEST_STEP][PASSED] - callTestCase(findTestCase("Reusable_Test_Sequences/Web_Office/Verification/Reports/Members_Activity_Participants"), [:], OPTIONAL): Call Test Case 'Test Cases/Reusable_Test_Sequences/Web_Office/Verification/Reports/Members_Activity_Participants' successfully

2020-04-24 08:35:02 - [TEST_CASE][PASSED] - Test Cases/Reusable_Test_Sequences/Web_Office/Verification/Reports/Members_Activity_Participants: Test Cases/Reusable_Test_Sequences/Web_Office/Verification/Reports/Members_Activity_Participants

2020-04-24 08:35:03 - [TEST_STEP][PASSED] - waitForPageLoad(120): Wait for page load successfully

2020-04-24 08:35:03 - [MESSAGE][PASSED] - Wait for page load successfully

2020-04-24 08:35:03 - [TEST_STEP][PASSED] - delay(1): Delayed 1 second(s)

2020-04-24 08:35:04 - [MESSAGE][PASSED] - Delayed 1 second(s)

2020-04-24 08:35:04 - [TEST_STEP][PASSED] - verifyTextPresent("Good Morning!", false): Text 'Good Morning!' is present on page 

2020-04-24 08:35:04 - [MESSAGE][PASSED] - Text 'Good Morning!' is present on page 

2020-04-24 08:35:04 - [TEST_STEP][PASSED] - "----------------------------------------------": null

2020-04-24 08:35:04 - [TEST_STEP][PASSED] - verifyTextPresent("Things to review:", false): Text 'Things to review:' is present on page 

2020-04-24 08:35:04 - [MESSAGE][PASSED] - Text 'Things to review:' is present on page 

2020-04-24 08:35:04 - [TEST_STEP][PASSED] - verifyTextPresent("Feedback to review", false): Text 'Feedback to review' is present on page 

2020-04-24 08:35:04 - [MESSAGE][PASSED] - Text 'Feedback to review' is present on page 

2020-04-24 08:35:04 - [TEST_STEP][PASSED] - "----------------------------------------------": null

2020-04-24 08:35:04 - [TEST_STEP][PASSED] - verifyTextPresent("Recent members photos:", false): Text 'Recent members photos:' is present on page 

2020-04-24 08:35:04 - [MESSAGE][PASSED] - Text 'Recent members photos:' is present on page 

2020-04-24 08:35:04 - [TEST_STEP][PASSED] - verifyTextPresent("Members area forum activity:", false): Text 'Members area forum activity:' is present on page 

2020-04-24 08:35:05 - [MESSAGE][PASSED] - Text 'Members area forum activity:' is present on page 

2020-04-24 08:35:05 - [TEST_STEP][PASSED] - verifyTextPresent("Members joining", false): Text 'Members joining' is present on page 

2020-04-24 08:35:05 - [MESSAGE][PASSED] - Text 'Members joining' is present on page 

2020-04-24 08:35:05 - [TEST_STEP][PASSED] - verifyTextPresent("and leaving", false): Text 'and leaving' is present on page 

2020-04-24 08:35:05 - [MESSAGE][PASSED] - Text 'and leaving' is present on page 

2020-04-24 08:35:05 - [MESSAGE][PASSED] - Call Test Case 'Test Cases/Reusable_Test_Sequences/Web_Office/Verification/Reports/Members_Activity_Participants' successfully

2020-04-24 08:35:05 - [TEST_STEP][PASSED] - "--------------------------": null

2020-04-24 08:35:05 - [TEST_STEP][PASSED] - " Teardown - CLose Browser |": null

2020-04-24 08:35:05 - [TEST_STEP][PASSED] - callTestCase(findTestCase("Reusable_Test_Sequences/CAT_Teardown"), [:], OPTIONAL): Call Test Case 'Test Cases/Reusable_Test_Sequences/CAT_Teardown' successfully

2020-04-24 08:35:05 - [TEST_CASE][PASSED] - Test Cases/Reusable_Test_Sequences/CAT_Teardown: Test Cases/Reusable_Test_Sequences/CAT_Teardown

2020-04-24 08:35:05 - [TEST_STEP][PASSED] - closeBrowser(): Browser is closed

2020-04-24 08:35:06 - [MESSAGE][PASSED] - Browser is closed

2020-04-24 08:35:06 - [TEST_STEP][PASSED] - super.finalize(): null

2020-04-24 08:35:06 - [TEST_STEP][PASSED] - System.gc(): null

2020-04-24 08:35:06 - [MESSAGE][PASSED] - Call Test Case 'Test Cases/Reusable_Test_Sequences/CAT_Teardown' successfully]]></system-out>
         <system-err><![CDATA[]]></system-err>
      </testcase>
      <testcase name="Test Cases/Web_Office/Reports/Members_Activity_Laggards" time="17.71" classname="Test Cases/Web_Office/Reports/Members_Activity_Laggards" status="PASSED">
         <system-out><![CDATA[2020-04-24 08:35:06 - [TEST_CASE][PASSED] - Test Cases/Web_Office/Reports/Members_Activity_Laggards: Test Cases/Web_Office/Reports/Members_Activity_Laggards

2020-04-24 08:35:06 - [TEST_STEP][PASSED] - "--------------------------------------": null

2020-04-24 08:35:06 - [TEST_STEP][PASSED] - " Web Office StartUp                  |": null

2020-04-24 08:35:06 - [TEST_STEP][PASSED] - callTestCase(findTestCase("Reusable_Test_Sequences/Web_Office/Directives/WebOffice_StartUp"), [:], STOP_ON_FAILURE): Call Test Case 'Test Cases/Reusable_Test_Sequences/Web_Office/Directives/WebOffice_StartUp' successfully

2020-04-24 08:35:06 - [TEST_CASE][PASSED] - Test Cases/Reusable_Test_Sequences/Web_Office/Directives/WebOffice_StartUp: Test Cases/Reusable_Test_Sequences/Web_Office/Directives/WebOffice_StartUp

2020-04-24 08:35:06 - [TEST_STEP][PASSED] - "-----------------------------------------------------------------------------": null

2020-04-24 08:35:06 - [TEST_STEP][PASSED] - if (URL == "https://www.dev.checkatrade.com/"): null

2020-04-24 08:35:06 - [TEST_STEP][PASSED] - "-----------------------------------------------------------------------------": null

2020-04-24 08:35:06 - [TEST_STEP][PASSED] - if (URL == "https://www.checkatrade.com/"): null

2020-04-24 08:35:06 - [TEST_STEP][PASSED] - "-----------------------------------------------------------------------------": null

2020-04-24 08:35:06 - [TEST_STEP][PASSED] - if (URL == "https://www.preview.checkatrade.com/"): null

2020-04-24 08:35:06 - [TEST_STEP][PASSED] - WebOfficeURL = "https://admin.preview.checkatrade.com/": null

2020-04-24 08:35:06 - [TEST_STEP][PASSED] - if (URL == "https://www.dev2.checkatrade.com/"): null

2020-04-24 08:35:06 - [TEST_STEP][PASSED] - "Set Function Area for "URL_Handler", URL Resolution": null

2020-04-24 08:35:06 - [TEST_STEP][PASSED] - "Do Some Magic with URL(s) See the comments within URL Handler ": null

2020-04-24 08:35:06 - [TEST_STEP][PASSED] - "------------------------------------------------": null

2020-04-24 08:35:06 - [TEST_STEP][PASSED] - "Moved Login Credentials to <Default> profile 22/01/2020": null

2020-04-24 08:35:06 - [TEST_STEP][PASSED] - "------------------------------------------------": null

2020-04-24 08:35:06 - [TEST_STEP][PASSED] - "WebOfficeURL - Set from the ENVIRONMENT PROFILE ": null

2020-04-24 08:35:06 - [TEST_STEP][PASSED] - "OPEN BROWSER": null

2020-04-24 08:35:06 - [TEST_STEP][PASSED] - "eg - https://admin.preview.checkatrade.com/  ": null

2020-04-24 08:35:06 - [TEST_STEP][PASSED] - openBrowser(WebOfficeURL): Browser is opened with url: 'https://admin.preview.checkatrade.com/'

2020-04-24 08:35:06 - [MESSAGE][INFO] - Starting 'Chrome' driver

2020-04-24 08:35:06 - [MESSAGE][INFO] - Action delay is set to 0 milliseconds

2020-04-24 08:35:11 - [MESSAGE][PASSED] - Browser is opened with url: 'https://admin.preview.checkatrade.com/'

2020-04-24 08:35:11 - [TEST_STEP][PASSED] - maximizeWindow(): Current window maximized

2020-04-24 08:35:14 - [MESSAGE][PASSED] - Current window maximized

2020-04-24 08:35:14 - [TEST_STEP][PASSED] - waitForElementClickable(findTestObject("Object Repository/WebOffice/Page_Checkatrade - Administration - Login/Login_Button"), 25): Object 'Object Repository/WebOffice/Page_Checkatrade - Administration - Login/Login_Button' is clickable

2020-04-24 08:35:14 - [MESSAGE][PASSED] - Object 'Object Repository/WebOffice/Page_Checkatrade - Administration - Login/Login_Button' is clickable

2020-04-24 08:35:14 - [TEST_STEP][PASSED] - verifyTextPresent("Checkatrade Web Office", false): Text 'Checkatrade Web Office' is present on page 

2020-04-24 08:35:14 - [MESSAGE][PASSED] - Text 'Checkatrade Web Office' is present on page 

2020-04-24 08:35:14 - [TEST_STEP][PASSED] - verifyTextPresent("Access for staff use only", false): Text 'Access for staff use only' is present on page 

2020-04-24 08:35:14 - [MESSAGE][PASSED] - Text 'Access for staff use only' is present on page 

2020-04-24 08:35:14 - [TEST_STEP][PASSED] - verifyTextPresent("Forgotten password?", false): Text 'Forgotten password?' is present on page 

2020-04-24 08:35:14 - [MESSAGE][PASSED] - Text 'Forgotten password?' is present on page 

2020-04-24 08:35:14 - [TEST_STEP][PASSED] - setText(findTestObject("Object Repository/WebOffice/Page_Checkatrade - Administration - Login/input_Username_LoginControlUserName"), wo_Username): Text 'DavidHo' is set on object 'Object Repository/WebOffice/Page_Checkatrade - Administration - Login/input_Username_LoginControlUserName'

2020-04-24 08:35:14 - [MESSAGE][PASSED] - Text 'DavidHo' is set on object 'Object Repository/WebOffice/Page_Checkatrade - Administration - Login/input_Username_LoginControlUserName'

2020-04-24 08:35:14 - [TEST_STEP][PASSED] - setText(findTestObject("Object Repository/WebOffice/Page_Checkatrade - Administration - Login/input_Password_LoginControlPassword"), wo_Password): Text 'Check123' is set on object 'Object Repository/WebOffice/Page_Checkatrade - Administration - Login/input_Password_LoginControlPassword'

2020-04-24 08:35:15 - [MESSAGE][PASSED] - Text 'Check123' is set on object 'Object Repository/WebOffice/Page_Checkatrade - Administration - Login/input_Password_LoginControlPassword'

2020-04-24 08:35:15 - [TEST_STEP][PASSED] - click(findTestObject("Object Repository/WebOffice/Page_Checkatrade - Administration - Login/Login_Button")): Object: 'Object Repository/WebOffice/Page_Checkatrade - Administration - Login/Login_Button' is clicked on

2020-04-24 08:35:16 - [MESSAGE][PASSED] - Object: 'Object Repository/WebOffice/Page_Checkatrade - Administration - Login/Login_Button' is clicked on

2020-04-24 08:35:16 - [TEST_STEP][PASSED] - waitForPageLoad(60): Wait for page load successfully

2020-04-24 08:35:17 - [MESSAGE][PASSED] - Wait for page load successfully

2020-04-24 08:35:17 - [TEST_STEP][PASSED] - verifyTextPresent("Welcome " + wo_Username, false): Text 'Welcome DavidHo' is present on page 

2020-04-24 08:35:17 - [MESSAGE][PASSED] - Text 'Welcome DavidHo' is present on page 

2020-04-24 08:35:17 - [MESSAGE][PASSED] - Call Test Case 'Test Cases/Reusable_Test_Sequences/Web_Office/Directives/WebOffice_StartUp' successfully

2020-04-24 08:35:17 - [TEST_STEP][PASSED] - "-----------------------------------------------------------------": null

2020-04-24 08:35:17 - [TEST_STEP][PASSED] - " Navigate to <Settings->Checkatrade.Com->Sub Item> Menu Item     |": null

2020-04-24 08:35:17 - [TEST_STEP][PASSED] - callTestCase(findTestCase("Reusable_Test_Sequences/Web_Office/Navigation/Sub_Menu_Navigation/Reports/Members_Activity_Laggards"), [:], STOP_ON_FAILURE): Call Test Case 'Test Cases/Reusable_Test_Sequences/Web_Office/Navigation/Sub_Menu_Navigation/Reports/Members_Activity_Laggards' successfully

2020-04-24 08:35:17 - [TEST_CASE][PASSED] - Test Cases/Reusable_Test_Sequences/Web_Office/Navigation/Sub_Menu_Navigation/Reports/Members_Activity_Laggards: Test Cases/Reusable_Test_Sequences/Web_Office/Navigation/Sub_Menu_Navigation/Reports/Members_Activity_Laggards

2020-04-24 08:35:18 - [TEST_STEP][PASSED] - "--------------------------------------": null

2020-04-24 08:35:18 - [TEST_STEP][PASSED] - " Navigate Top level menu Item         |": null

2020-04-24 08:35:18 - [TEST_STEP][PASSED] - waitForPageLoad(60): Wait for page load successfully

2020-04-24 08:35:18 - [MESSAGE][PASSED] - Wait for page load successfully

2020-04-24 08:35:18 - [TEST_STEP][PASSED] - waitForElementClickable(findTestObject("Object Repository/WebOffice_Home_page/a_Reports"), 60): Object 'Object Repository/WebOffice_Home_page/a_Reports' is clickable

2020-04-24 08:35:18 - [MESSAGE][PASSED] - Object 'Object Repository/WebOffice_Home_page/a_Reports' is clickable

2020-04-24 08:35:18 - [TEST_STEP][PASSED] - mouseOver(findTestObject("Object Repository/WebOffice_Home_page/a_Reports")): Object: 'Object Repository/WebOffice_Home_page/a_Reports' is hovered

2020-04-24 08:35:18 - [MESSAGE][PASSED] - Object: 'Object Repository/WebOffice_Home_page/a_Reports' is hovered

2020-04-24 08:35:18 - [TEST_STEP][PASSED] - click(findTestObject("Object Repository/WebOffice_Home_page/Page_/a_Members")): Object: 'Object Repository/WebOffice_Home_page/Page_/a_Members' is clicked on

2020-04-24 08:35:18 - [MESSAGE][PASSED] - Object: 'Object Repository/WebOffice_Home_page/Page_/a_Members' is clicked on

2020-04-24 08:35:18 - [TEST_STEP][PASSED] - click(findTestObject("Object Repository/WebOffice_Home_page/Page_/a_Members Area Activity")): Object: 'Object Repository/WebOffice_Home_page/Page_/a_Members Area Activity' is clicked on

2020-04-24 08:35:18 - [MESSAGE][PASSED] - Object: 'Object Repository/WebOffice_Home_page/Page_/a_Members Area Activity' is clicked on

2020-04-24 08:35:18 - [TEST_STEP][PASSED] - waitForPageLoad(5): Wait for page load successfully

2020-04-24 08:35:18 - [MESSAGE][PASSED] - Wait for page load successfully

2020-04-24 08:35:18 - [TEST_STEP][PASSED] - waitForElementClickable(findTestObject("Object Repository/WebOffice_Home_page/Page_/a_Laggards Report"), 5): Object 'Object Repository/WebOffice_Home_page/Page_/a_Laggards Report' is clickable

2020-04-24 08:35:18 - [MESSAGE][PASSED] - Object 'Object Repository/WebOffice_Home_page/Page_/a_Laggards Report' is clickable

2020-04-24 08:35:18 - [TEST_STEP][PASSED] - click(findTestObject("Object Repository/WebOffice_Home_page/Page_/a_Laggards Report")): Object: 'Object Repository/WebOffice_Home_page/Page_/a_Laggards Report' is clicked on

2020-04-24 08:35:19 - [MESSAGE][PASSED] - Object: 'Object Repository/WebOffice_Home_page/Page_/a_Laggards Report' is clicked on

2020-04-24 08:35:19 - [MESSAGE][PASSED] - Call Test Case 'Test Cases/Reusable_Test_Sequences/Web_Office/Navigation/Sub_Menu_Navigation/Reports/Members_Activity_Laggards' successfully

2020-04-24 08:35:19 - [TEST_STEP][PASSED] - "--------------------------------------": null

2020-04-24 08:35:19 - [TEST_STEP][PASSED] - " Verify Returned Page Detail          |": null

2020-04-24 08:35:19 - [TEST_STEP][PASSED] - callTestCase(findTestCase("Reusable_Test_Sequences/Web_Office/Verification/Reports/Members_Activity_Laggards"), [:], OPTIONAL): Call Test Case 'Test Cases/Reusable_Test_Sequences/Web_Office/Verification/Reports/Members_Activity_Laggards' successfully

2020-04-24 08:35:19 - [TEST_CASE][PASSED] - Test Cases/Reusable_Test_Sequences/Web_Office/Verification/Reports/Members_Activity_Laggards: Test Cases/Reusable_Test_Sequences/Web_Office/Verification/Reports/Members_Activity_Laggards

2020-04-24 08:35:20 - [TEST_STEP][PASSED] - waitForPageLoad(120): Wait for page load successfully

2020-04-24 08:35:20 - [MESSAGE][PASSED] - Wait for page load successfully

2020-04-24 08:35:20 - [TEST_STEP][PASSED] - delay(1): Delayed 1 second(s)

2020-04-24 08:35:21 - [MESSAGE][PASSED] - Delayed 1 second(s)

2020-04-24 08:35:21 - [TEST_STEP][PASSED] - verifyTextPresent("Good Morning!", false): Text 'Good Morning!' is present on page 

2020-04-24 08:35:21 - [MESSAGE][PASSED] - Text 'Good Morning!' is present on page 

2020-04-24 08:35:21 - [TEST_STEP][PASSED] - "----------------------------------------------": null

2020-04-24 08:35:21 - [TEST_STEP][PASSED] - verifyTextPresent("Things to review:", false): Text 'Things to review:' is present on page 

2020-04-24 08:35:21 - [MESSAGE][PASSED] - Text 'Things to review:' is present on page 

2020-04-24 08:35:21 - [TEST_STEP][PASSED] - verifyTextPresent("Feedback to review", false): Text 'Feedback to review' is present on page 

2020-04-24 08:35:22 - [MESSAGE][PASSED] - Text 'Feedback to review' is present on page 

2020-04-24 08:35:22 - [TEST_STEP][PASSED] - "----------------------------------------------": null

2020-04-24 08:35:22 - [TEST_STEP][PASSED] - verifyTextPresent("Recent members photos:", false): Text 'Recent members photos:' is present on page 

2020-04-24 08:35:22 - [MESSAGE][PASSED] - Text 'Recent members photos:' is present on page 

2020-04-24 08:35:22 - [TEST_STEP][PASSED] - verifyTextPresent("Members area forum activity:", false): Text 'Members area forum activity:' is present on page 

2020-04-24 08:35:22 - [MESSAGE][PASSED] - Text 'Members area forum activity:' is present on page 

2020-04-24 08:35:22 - [TEST_STEP][PASSED] - verifyTextPresent("Members joining", false): Text 'Members joining' is present on page 

2020-04-24 08:35:22 - [MESSAGE][PASSED] - Text 'Members joining' is present on page 

2020-04-24 08:35:22 - [TEST_STEP][PASSED] - verifyTextPresent("and leaving", false): Text 'and leaving' is present on page 

2020-04-24 08:35:23 - [MESSAGE][PASSED] - Text 'and leaving' is present on page 

2020-04-24 08:35:23 - [MESSAGE][PASSED] - Call Test Case 'Test Cases/Reusable_Test_Sequences/Web_Office/Verification/Reports/Members_Activity_Laggards' successfully

2020-04-24 08:35:23 - [TEST_STEP][PASSED] - "--------------------------": null

2020-04-24 08:35:23 - [TEST_STEP][PASSED] - " Teardown - CLose Browser |": null

2020-04-24 08:35:23 - [TEST_STEP][PASSED] - callTestCase(findTestCase("Reusable_Test_Sequences/CAT_Teardown"), [:], OPTIONAL): Call Test Case 'Test Cases/Reusable_Test_Sequences/CAT_Teardown' successfully

2020-04-24 08:35:23 - [TEST_CASE][PASSED] - Test Cases/Reusable_Test_Sequences/CAT_Teardown: Test Cases/Reusable_Test_Sequences/CAT_Teardown

2020-04-24 08:35:23 - [TEST_STEP][PASSED] - closeBrowser(): Browser is closed

2020-04-24 08:35:24 - [MESSAGE][PASSED] - Browser is closed

2020-04-24 08:35:24 - [TEST_STEP][PASSED] - super.finalize(): null

2020-04-24 08:35:24 - [TEST_STEP][PASSED] - System.gc(): null

2020-04-24 08:35:24 - [MESSAGE][PASSED] - Call Test Case 'Test Cases/Reusable_Test_Sequences/CAT_Teardown' successfully]]></system-out>
         <system-err><![CDATA[]]></system-err>
      </testcase>
      <testcase name="Test Cases/Web_Office/Reports/Members_Activity_Photo_Stats" time="45.947" classname="Test Cases/Web_Office/Reports/Members_Activity_Photo_Stats" status="PASSED">
         <system-out><![CDATA[2020-04-24 08:35:24 - [TEST_CASE][PASSED] - Test Cases/Web_Office/Reports/Members_Activity_Photo_Stats: Test Cases/Web_Office/Reports/Members_Activity_Photo_Stats

2020-04-24 08:35:24 - [TEST_STEP][PASSED] - "--------------------------------------": null

2020-04-24 08:35:24 - [TEST_STEP][PASSED] - " Web Office StartUp                  |": null

2020-04-24 08:35:24 - [TEST_STEP][PASSED] - callTestCase(findTestCase("Reusable_Test_Sequences/Web_Office/Directives/WebOffice_StartUp"), [:], STOP_ON_FAILURE): Call Test Case 'Test Cases/Reusable_Test_Sequences/Web_Office/Directives/WebOffice_StartUp' successfully

2020-04-24 08:35:24 - [TEST_CASE][PASSED] - Test Cases/Reusable_Test_Sequences/Web_Office/Directives/WebOffice_StartUp: Test Cases/Reusable_Test_Sequences/Web_Office/Directives/WebOffice_StartUp

2020-04-24 08:35:24 - [TEST_STEP][PASSED] - "-----------------------------------------------------------------------------": null

2020-04-24 08:35:24 - [TEST_STEP][PASSED] - if (URL == "https://www.dev.checkatrade.com/"): null

2020-04-24 08:35:24 - [TEST_STEP][PASSED] - "-----------------------------------------------------------------------------": null

2020-04-24 08:35:24 - [TEST_STEP][PASSED] - if (URL == "https://www.checkatrade.com/"): null

2020-04-24 08:35:24 - [TEST_STEP][PASSED] - "-----------------------------------------------------------------------------": null

2020-04-24 08:35:24 - [TEST_STEP][PASSED] - if (URL == "https://www.preview.checkatrade.com/"): null

2020-04-24 08:35:24 - [TEST_STEP][PASSED] - WebOfficeURL = "https://admin.preview.checkatrade.com/": null

2020-04-24 08:35:24 - [TEST_STEP][PASSED] - if (URL == "https://www.dev2.checkatrade.com/"): null

2020-04-24 08:35:24 - [TEST_STEP][PASSED] - "Set Function Area for "URL_Handler", URL Resolution": null

2020-04-24 08:35:24 - [TEST_STEP][PASSED] - "Do Some Magic with URL(s) See the comments within URL Handler ": null

2020-04-24 08:35:24 - [TEST_STEP][PASSED] - "------------------------------------------------": null

2020-04-24 08:35:24 - [TEST_STEP][PASSED] - "Moved Login Credentials to <Default> profile 22/01/2020": null

2020-04-24 08:35:24 - [TEST_STEP][PASSED] - "------------------------------------------------": null

2020-04-24 08:35:24 - [TEST_STEP][PASSED] - "WebOfficeURL - Set from the ENVIRONMENT PROFILE ": null

2020-04-24 08:35:24 - [TEST_STEP][PASSED] - "OPEN BROWSER": null

2020-04-24 08:35:24 - [TEST_STEP][PASSED] - "eg - https://admin.preview.checkatrade.com/  ": null

2020-04-24 08:35:24 - [TEST_STEP][PASSED] - openBrowser(WebOfficeURL): Browser is opened with url: 'https://admin.preview.checkatrade.com/'

2020-04-24 08:35:24 - [MESSAGE][INFO] - Starting 'Chrome' driver

2020-04-24 08:35:24 - [MESSAGE][INFO] - Action delay is set to 0 milliseconds

2020-04-24 08:35:30 - [MESSAGE][PASSED] - Browser is opened with url: 'https://admin.preview.checkatrade.com/'

2020-04-24 08:35:30 - [TEST_STEP][PASSED] - maximizeWindow(): Current window maximized

2020-04-24 08:35:32 - [MESSAGE][PASSED] - Current window maximized

2020-04-24 08:35:32 - [TEST_STEP][PASSED] - waitForElementClickable(findTestObject("Object Repository/WebOffice/Page_Checkatrade - Administration - Login/Login_Button"), 25): Object 'Object Repository/WebOffice/Page_Checkatrade - Administration - Login/Login_Button' is clickable

2020-04-24 08:35:32 - [MESSAGE][PASSED] - Object 'Object Repository/WebOffice/Page_Checkatrade - Administration - Login/Login_Button' is clickable

2020-04-24 08:35:32 - [TEST_STEP][PASSED] - verifyTextPresent("Checkatrade Web Office", false): Text 'Checkatrade Web Office' is present on page 

2020-04-24 08:35:32 - [MESSAGE][PASSED] - Text 'Checkatrade Web Office' is present on page 

2020-04-24 08:35:32 - [TEST_STEP][PASSED] - verifyTextPresent("Access for staff use only", false): Text 'Access for staff use only' is present on page 

2020-04-24 08:35:32 - [MESSAGE][PASSED] - Text 'Access for staff use only' is present on page 

2020-04-24 08:35:32 - [TEST_STEP][PASSED] - verifyTextPresent("Forgotten password?", false): Text 'Forgotten password?' is present on page 

2020-04-24 08:35:32 - [MESSAGE][PASSED] - Text 'Forgotten password?' is present on page 

2020-04-24 08:35:32 - [TEST_STEP][PASSED] - setText(findTestObject("Object Repository/WebOffice/Page_Checkatrade - Administration - Login/input_Username_LoginControlUserName"), wo_Username): Text 'DavidHo' is set on object 'Object Repository/WebOffice/Page_Checkatrade - Administration - Login/input_Username_LoginControlUserName'

2020-04-24 08:35:32 - [MESSAGE][PASSED] - Text 'DavidHo' is set on object 'Object Repository/WebOffice/Page_Checkatrade - Administration - Login/input_Username_LoginControlUserName'

2020-04-24 08:35:32 - [TEST_STEP][PASSED] - setText(findTestObject("Object Repository/WebOffice/Page_Checkatrade - Administration - Login/input_Password_LoginControlPassword"), wo_Password): Text 'Check123' is set on object 'Object Repository/WebOffice/Page_Checkatrade - Administration - Login/input_Password_LoginControlPassword'

2020-04-24 08:35:32 - [MESSAGE][PASSED] - Text 'Check123' is set on object 'Object Repository/WebOffice/Page_Checkatrade - Administration - Login/input_Password_LoginControlPassword'

2020-04-24 08:35:32 - [TEST_STEP][PASSED] - click(findTestObject("Object Repository/WebOffice/Page_Checkatrade - Administration - Login/Login_Button")): Object: 'Object Repository/WebOffice/Page_Checkatrade - Administration - Login/Login_Button' is clicked on

2020-04-24 08:35:34 - [MESSAGE][PASSED] - Object: 'Object Repository/WebOffice/Page_Checkatrade - Administration - Login/Login_Button' is clicked on

2020-04-24 08:35:34 - [TEST_STEP][PASSED] - waitForPageLoad(60): Wait for page load successfully

2020-04-24 08:35:34 - [MESSAGE][PASSED] - Wait for page load successfully

2020-04-24 08:35:34 - [TEST_STEP][PASSED] - verifyTextPresent("Welcome " + wo_Username, false): Text 'Welcome DavidHo' is present on page 

2020-04-24 08:35:34 - [MESSAGE][PASSED] - Text 'Welcome DavidHo' is present on page 

2020-04-24 08:35:34 - [MESSAGE][PASSED] - Call Test Case 'Test Cases/Reusable_Test_Sequences/Web_Office/Directives/WebOffice_StartUp' successfully

2020-04-24 08:35:34 - [TEST_STEP][PASSED] - "-----------------------------------------------------------------": null

2020-04-24 08:35:34 - [TEST_STEP][PASSED] - " Navigate to <Settings->Checkatrade.Com->Sub Item> Menu Item     |": null

2020-04-24 08:35:34 - [TEST_STEP][PASSED] - callTestCase(findTestCase("Reusable_Test_Sequences/Web_Office/Navigation/Sub_Menu_Navigation/Reports/Members_Activity_Photo_Stats"), [:], STOP_ON_FAILURE): Call Test Case 'Test Cases/Reusable_Test_Sequences/Web_Office/Navigation/Sub_Menu_Navigation/Reports/Members_Activity_Photo_Stats' successfully

2020-04-24 08:35:34 - [TEST_CASE][PASSED] - Test Cases/Reusable_Test_Sequences/Web_Office/Navigation/Sub_Menu_Navigation/Reports/Members_Activity_Photo_Stats: Test Cases/Reusable_Test_Sequences/Web_Office/Navigation/Sub_Menu_Navigation/Reports/Members_Activity_Photo_Stats

2020-04-24 08:35:34 - [TEST_STEP][PASSED] - "--------------------------------------": null

2020-04-24 08:35:34 - [TEST_STEP][PASSED] - " Navigate Top level menu Item         |": null

2020-04-24 08:35:34 - [TEST_STEP][PASSED] - waitForPageLoad(60): Wait for page load successfully

2020-04-24 08:35:34 - [MESSAGE][PASSED] - Wait for page load successfully

2020-04-24 08:35:34 - [TEST_STEP][PASSED] - waitForElementClickable(findTestObject("Object Repository/WebOffice_Home_page/a_Reports"), 60): Object 'Object Repository/WebOffice_Home_page/a_Reports' is clickable

2020-04-24 08:35:35 - [MESSAGE][PASSED] - Object 'Object Repository/WebOffice_Home_page/a_Reports' is clickable

2020-04-24 08:35:35 - [TEST_STEP][PASSED] - mouseOver(findTestObject("Object Repository/WebOffice_Home_page/a_Reports")): Object: 'Object Repository/WebOffice_Home_page/a_Reports' is hovered

2020-04-24 08:35:35 - [MESSAGE][PASSED] - Object: 'Object Repository/WebOffice_Home_page/a_Reports' is hovered

2020-04-24 08:35:35 - [TEST_STEP][PASSED] - click(findTestObject("Object Repository/WebOffice_Home_page/Page_/a_Members")): Object: 'Object Repository/WebOffice_Home_page/Page_/a_Members' is clicked on

2020-04-24 08:35:35 - [MESSAGE][PASSED] - Object: 'Object Repository/WebOffice_Home_page/Page_/a_Members' is clicked on

2020-04-24 08:35:35 - [TEST_STEP][PASSED] - click(findTestObject("Object Repository/WebOffice_Home_page/Page_/a_Members Area Activity")): Object: 'Object Repository/WebOffice_Home_page/Page_/a_Members Area Activity' is clicked on

2020-04-24 08:35:35 - [MESSAGE][PASSED] - Object: 'Object Repository/WebOffice_Home_page/Page_/a_Members Area Activity' is clicked on

2020-04-24 08:35:35 - [TEST_STEP][PASSED] - waitForPageLoad(5): Wait for page load successfully

2020-04-24 08:35:35 - [MESSAGE][PASSED] - Wait for page load successfully

2020-04-24 08:35:35 - [TEST_STEP][PASSED] - waitForElementClickable(findTestObject("Object Repository/WebOffice_Home_page/Page_/a_Photo Statistics Report"), 5): Object 'Object Repository/WebOffice_Home_page/Page_/a_Photo Statistics Report' is clickable

2020-04-24 08:35:35 - [MESSAGE][PASSED] - Object 'Object Repository/WebOffice_Home_page/Page_/a_Photo Statistics Report' is clickable

2020-04-24 08:35:35 - [TEST_STEP][PASSED] - click(findTestObject("Object Repository/WebOffice_Home_page/Page_/a_Photo Statistics Report")): Object: 'Object Repository/WebOffice_Home_page/Page_/a_Photo Statistics Report' is clicked on

2020-04-24 08:36:06 - [MESSAGE][PASSED] - Object: 'Object Repository/WebOffice_Home_page/Page_/a_Photo Statistics Report' is clicked on

2020-04-24 08:36:06 - [MESSAGE][PASSED] - Call Test Case 'Test Cases/Reusable_Test_Sequences/Web_Office/Navigation/Sub_Menu_Navigation/Reports/Members_Activity_Photo_Stats' successfully

2020-04-24 08:36:06 - [TEST_STEP][PASSED] - "--------------------------------------": null

2020-04-24 08:36:06 - [TEST_STEP][PASSED] - " Verify Returned Page Detail          |": null

2020-04-24 08:36:06 - [TEST_STEP][PASSED] - callTestCase(findTestCase("Reusable_Test_Sequences/Web_Office/Verification/Reports/Members_Activity_Photo_Stats"), [:], OPTIONAL): Unable to call Test Case 'Test Cases/Reusable_Test_Sequences/Web_Office/Verification/Reports/Members_Activity_Photo_Stats' (Root cause: com.kms.katalon.core.exception.StepFailedException: Call Test Case 'Test Cases/Reusable_Test_Sequences/Web_Office/Verification/Reports/Members_Activity_Photo_Stats' failed
	at com.kms.katalon.core.keyword.builtin.CallTestCaseKeyword$_callTestCase_closure1.doCall(CallTestCaseKeyword.groovy:63)
	at com.kms.katalon.core.keyword.builtin.CallTestCaseKeyword$_callTestCase_closure1.call(CallTestCaseKeyword.groovy)
	at com.kms.katalon.core.keyword.internal.KeywordMain.runKeyword(KeywordMain.groovy:68)
	at com.kms.katalon.core.keyword.builtin.CallTestCaseKeyword.callTestCase(CallTestCaseKeyword.groovy:81)
	at com.kms.katalon.core.keyword.builtin.CallTestCaseKeyword.execute(CallTestCaseKeyword.groovy:44)
	at com.kms.katalon.core.keyword.internal.KeywordExecutor.executeKeywordForPlatform(KeywordExecutor.groovy:72)
	at com.kms.katalon.core.keyword.BuiltinKeywords.callTestCase(BuiltinKeywords.groovy:334)
	at Members_Activity_Photo_Stats.run(Members_Activity_Photo_Stats:64)
	at com.kms.katalon.core.main.ScriptEngine.run(ScriptEngine.java:194)
	at com.kms.katalon.core.main.ScriptEngine.runScriptAsRawText(ScriptEngine.java:119)
	at com.kms.katalon.core.main.TestCaseExecutor.runScript(TestCaseExecutor.java:337)
	at com.kms.katalon.core.main.TestCaseExecutor.doExecute(TestCaseExecutor.java:328)
	at com.kms.katalon.core.main.TestCaseExecutor.processExecutionPhase(TestCaseExecutor.java:307)
	at com.kms.katalon.core.main.TestCaseExecutor.accessMainPhase(TestCaseExecutor.java:299)
	at com.kms.katalon.core.main.TestCaseExecutor.execute(TestCaseExecutor.java:233)
	at com.kms.katalon.core.main.TestSuiteExecutor.accessTestCaseMainPhase(TestSuiteExecutor.java:169)
	at com.kms.katalon.core.main.TestSuiteExecutor.accessTestSuiteMainPhase(TestSuiteExecutor.java:142)
	at com.kms.katalon.core.main.TestSuiteExecutor.execute(TestSuiteExecutor.java:91)
	at com.kms.katalon.core.main.TestCaseMain.startTestSuite(TestCaseMain.java:157)
	at com.kms.katalon.core.main.TestCaseMain$startTestSuite$0.call(Unknown Source)
	at TempTestSuite1587711612879.run(TempTestSuite1587711612879.groovy:37)
Caused by: com.kms.katalon.core.exception.StepFailedException: Text 'Members Area Photo Statistics Report' is not present on page  (Root cause: com.kms.katalon.core.exception.StepFailedException: Text 'Members Area Photo Statistics Report' is not present on page 
	at com.kms.katalon.core.webui.keyword.internal.WebUIKeywordMain.stepFailed(WebUIKeywordMain.groovy:64)
	at com.kms.katalon.core.webui.keyword.builtin.VerifyTextPresentKeyword$_verifyTextPresent_closure1.doCall(VerifyTextPresentKeyword.groovy:79)
	at com.kms.katalon.core.webui.keyword.builtin.VerifyTextPresentKeyword$_verifyTextPresent_closure1.call(VerifyTextPresentKeyword.groovy)
	at com.kms.katalon.core.webui.keyword.internal.WebUIKeywordMain.runKeyword(WebUIKeywordMain.groovy:20)
	at com.kms.katalon.core.webui.keyword.builtin.VerifyTextPresentKeyword.verifyTextPresent(VerifyTextPresentKeyword.groovy:83)
	at com.kms.katalon.core.webui.keyword.builtin.VerifyTextPresentKeyword.execute(VerifyTextPresentKeyword.groovy:68)
	at com.kms.katalon.core.keyword.internal.KeywordExecutor.executeKeywordForPlatform(KeywordExecutor.groovy:72)
	at com.kms.katalon.core.webui.keyword.WebUiBuiltInKeywords.verifyTextPresent(WebUiBuiltInKeywords.groovy:1719)
	at com.kms.katalon.core.webui.keyword.WebUiBuiltInKeywords$verifyTextPresent$2.call(Unknown Source)
	at Members_Activity_Photo_Stats.run(Members_Activity_Photo_Stats:48)
	at com.kms.katalon.core.main.ScriptEngine.run(ScriptEngine.java:194)
	at com.kms.katalon.core.main.ScriptEngine.runScriptAsRawText(ScriptEngine.java:119)
	at com.kms.katalon.core.main.TestCaseExecutor.runScript(TestCaseExecutor.java:337)
	at com.kms.katalon.core.main.TestCaseExecutor.doExecute(TestCaseExecutor.java:328)
	at com.kms.katalon.core.main.TestCaseExecutor.processExecutionPhase(TestCaseExecutor.java:307)
	at com.kms.katalon.core.main.TestCaseExecutor.accessMainPhase(TestCaseExecutor.java:299)
	at com.kms.katalon.core.main.TestCaseExecutor.execute(TestCaseExecutor.java:233)
	at com.kms.katalon.core.main.TestCaseMain.runTestCase(TestCaseMain.java:114)
	at com.kms.katalon.core.keyword.builtin.CallTestCaseKeyword$_callTestCase_closure1.doCall(CallTestCaseKeyword.groovy:59)
	at com.kms.katalon.core.keyword.builtin.CallTestCaseKeyword$_callTestCase_closure1.call(CallTestCaseKeyword.groovy)
	at com.kms.katalon.core.keyword.internal.KeywordMain.runKeyword(KeywordMain.groovy:68)
	at com.kms.katalon.core.keyword.builtin.CallTestCaseKeyword.callTestCase(CallTestCaseKeyword.groovy:81)
	at com.kms.katalon.core.keyword.builtin.CallTestCaseKeyword.execute(CallTestCaseKeyword.groovy:44)
	at com.kms.katalon.core.keyword.internal.KeywordExecutor.executeKeywordForPlatform(KeywordExecutor.groovy:72)
	at com.kms.katalon.core.keyword.BuiltinKeywords.callTestCase(BuiltinKeywords.groovy:334)
	at Members_Activity_Photo_Stats.run(Members_Activity_Photo_Stats:64)
	at com.kms.katalon.core.main.ScriptEngine.run(ScriptEngine.java:194)
	at com.kms.katalon.core.main.ScriptEngine.runScriptAsRawText(ScriptEngine.java:119)
	at com.kms.katalon.core.main.TestCaseExecutor.runScript(TestCaseExecutor.java:337)
	at com.kms.katalon.core.main.TestCaseExecutor.doExecute(TestCaseExecutor.java:328)
	at com.kms.katalon.core.main.TestCaseExecutor.processExecutionPhase(TestCaseExecutor.java:307)
	at com.kms.katalon.core.main.TestCaseExecutor.accessMainPhase(TestCaseExecutor.java:299)
	at com.kms.katalon.core.main.TestCaseExecutor.execute(TestCaseExecutor.java:233)
	at com.kms.katalon.core.main.TestSuiteExecutor.accessTestCaseMainPhase(TestSuiteExecutor.java:169)
	at com.kms.katalon.core.main.TestSuiteExecutor.accessTestSuiteMainPhase(TestSuiteExecutor.java:142)
	at com.kms.katalon.core.main.TestSuiteExecutor.execute(TestSuiteExecutor.java:91)
	at com.kms.katalon.core.main.TestCaseMain.startTestSuite(TestCaseMain.java:157)
	at com.kms.katalon.core.main.TestCaseMain$startTestSuite$0.call(Unknown Source)
	at TempTestSuite1587711612879.run(TempTestSuite1587711612879.groovy:37)
)
	at com.kms.katalon.core.keyword.internal.KeywordMain.stepFailed(KeywordMain.groovy:39)
	at com.kms.katalon.core.webui.keyword.internal.WebUIKeywordMain.stepFailed(WebUIKeywordMain.groovy:64)
	at com.kms.katalon.core.webui.keyword.builtin.VerifyTextPresentKeyword$_verifyTextPresent_closure1.doCall(VerifyTextPresentKeyword.groovy:79)
	at com.kms.katalon.core.webui.keyword.builtin.VerifyTextPresentKeyword$_verifyTextPresent_closure1.call(VerifyTextPresentKeyword.groovy)
	at com.kms.katalon.core.webui.keyword.internal.WebUIKeywordMain.runKeyword(WebUIKeywordMain.groovy:20)
	at com.kms.katalon.core.webui.keyword.builtin.VerifyTextPresentKeyword.verifyTextPresent(VerifyTextPresentKeyword.groovy:83)
	at com.kms.katalon.core.webui.keyword.builtin.VerifyTextPresentKeyword.execute(VerifyTextPresentKeyword.groovy:68)
	at com.kms.katalon.core.keyword.internal.KeywordExecutor.executeKeywordForPlatform(KeywordExecutor.groovy:72)
	at com.kms.katalon.core.webui.keyword.WebUiBuiltInKeywords.verifyTextPresent(WebUiBuiltInKeywords.groovy:1719)
	at com.kms.katalon.core.webui.keyword.WebUiBuiltInKeywords$verifyTextPresent$2.call(Unknown Source)
	at Members_Activity_Photo_Stats.run(Members_Activity_Photo_Stats:48)
	at com.kms.katalon.core.main.ScriptEngine.run(ScriptEngine.java:194)
	at com.kms.katalon.core.main.ScriptEngine.runScriptAsRawText(ScriptEngine.java:119)
	at com.kms.katalon.core.main.TestCaseExecutor.runScript(TestCaseExecutor.java:337)
	at com.kms.katalon.core.main.TestCaseExecutor.doExecute(TestCaseExecutor.java:328)
	at com.kms.katalon.core.main.TestCaseExecutor.processExecutionPhase(TestCaseExecutor.java:307)
	at com.kms.katalon.core.main.TestCaseExecutor.accessMainPhase(TestCaseExecutor.java:299)
	at com.kms.katalon.core.main.TestCaseExecutor.execute(TestCaseExecutor.java:233)
	at com.kms.katalon.core.main.TestCaseMain.runTestCase(TestCaseMain.java:114)
	at com.kms.katalon.core.keyword.builtin.CallTestCaseKeyword$_callTestCase_closure1.doCall(CallTestCaseKeyword.groovy:59)
	... 20 more
Caused by: com.kms.katalon.core.exception.StepFailedException: Text 'Members Area Photo Statistics Report' is not present on page 
	... 39 more
)

2020-04-24 08:36:06 - [TEST_CASE][FAILED] - Test Cases/Reusable_Test_Sequences/Web_Office/Verification/Reports/Members_Activity_Photo_Stats: Test Cases/Reusable_Test_Sequences/Web_Office/Verification/Reports/Members_Activity_Photo_Stats FAILED.
Reason:
com.kms.katalon.core.exception.StepFailedException: Text 'Members Area Photo Statistics Report' is not present on page  (Root cause: com.kms.katalon.core.exception.StepFailedException: Text 'Members Area Photo Statistics Report' is not present on page 
	at com.kms.katalon.core.webui.keyword.internal.WebUIKeywordMain.stepFailed(WebUIKeywordMain.groovy:64)
	at com.kms.katalon.core.webui.keyword.builtin.VerifyTextPresentKeyword$_verifyTextPresent_closure1.doCall(VerifyTextPresentKeyword.groovy:79)
	at com.kms.katalon.core.webui.keyword.builtin.VerifyTextPresentKeyword$_verifyTextPresent_closure1.call(VerifyTextPresentKeyword.groovy)
	at com.kms.katalon.core.webui.keyword.internal.WebUIKeywordMain.runKeyword(WebUIKeywordMain.groovy:20)
	at com.kms.katalon.core.webui.keyword.builtin.VerifyTextPresentKeyword.verifyTextPresent(VerifyTextPresentKeyword.groovy:83)
	at com.kms.katalon.core.webui.keyword.builtin.VerifyTextPresentKeyword.execute(VerifyTextPresentKeyword.groovy:68)
	at com.kms.katalon.core.keyword.internal.KeywordExecutor.executeKeywordForPlatform(KeywordExecutor.groovy:72)
	at com.kms.katalon.core.webui.keyword.WebUiBuiltInKeywords.verifyTextPresent(WebUiBuiltInKeywords.groovy:1719)
	at com.kms.katalon.core.webui.keyword.WebUiBuiltInKeywords$verifyTextPresent$2.call(Unknown Source)
	at Members_Activity_Photo_Stats.run(Members_Activity_Photo_Stats:48)
	at com.kms.katalon.core.main.ScriptEngine.run(ScriptEngine.java:194)
	at com.kms.katalon.core.main.ScriptEngine.runScriptAsRawText(ScriptEngine.java:119)
	at com.kms.katalon.core.main.TestCaseExecutor.runScript(TestCaseExecutor.java:337)
	at com.kms.katalon.core.main.TestCaseExecutor.doExecute(TestCaseExecutor.java:328)
	at com.kms.katalon.core.main.TestCaseExecutor.processExecutionPhase(TestCaseExecutor.java:307)
	at com.kms.katalon.core.main.TestCaseExecutor.accessMainPhase(TestCaseExecutor.java:299)
	at com.kms.katalon.core.main.TestCaseExecutor.execute(TestCaseExecutor.java:233)
	at com.kms.katalon.core.main.TestCaseMain.runTestCase(TestCaseMain.java:114)
	at com.kms.katalon.core.keyword.builtin.CallTestCaseKeyword$_callTestCase_closure1.doCall(CallTestCaseKeyword.groovy:59)
	at com.kms.katalon.core.keyword.builtin.CallTestCaseKeyword$_callTestCase_closure1.call(CallTestCaseKeyword.groovy)
	at com.kms.katalon.core.keyword.internal.KeywordMain.runKeyword(KeywordMain.groovy:68)
	at com.kms.katalon.core.keyword.builtin.CallTestCaseKeyword.callTestCase(CallTestCaseKeyword.groovy:81)
	at com.kms.katalon.core.keyword.builtin.CallTestCaseKeyword.execute(CallTestCaseKeyword.groovy:44)
	at com.kms.katalon.core.keyword.internal.KeywordExecutor.executeKeywordForPlatform(KeywordExecutor.groovy:72)
	at com.kms.katalon.core.keyword.BuiltinKeywords.callTestCase(BuiltinKeywords.groovy:334)
	at Members_Activity_Photo_Stats.run(Members_Activity_Photo_Stats:64)
	at com.kms.katalon.core.main.ScriptEngine.run(ScriptEngine.java:194)
	at com.kms.katalon.core.main.ScriptEngine.runScriptAsRawText(ScriptEngine.java:119)
	at com.kms.katalon.core.main.TestCaseExecutor.runScript(TestCaseExecutor.java:337)
	at com.kms.katalon.core.main.TestCaseExecutor.doExecute(TestCaseExecutor.java:328)
	at com.kms.katalon.core.main.TestCaseExecutor.processExecutionPhase(TestCaseExecutor.java:307)
	at com.kms.katalon.core.main.TestCaseExecutor.accessMainPhase(TestCaseExecutor.java:299)
	at com.kms.katalon.core.main.TestCaseExecutor.execute(TestCaseExecutor.java:233)
	at com.kms.katalon.core.main.TestSuiteExecutor.accessTestCaseMainPhase(TestSuiteExecutor.java:169)
	at com.kms.katalon.core.main.TestSuiteExecutor.accessTestSuiteMainPhase(TestSuiteExecutor.java:142)
	at com.kms.katalon.core.main.TestSuiteExecutor.execute(TestSuiteExecutor.java:91)
	at com.kms.katalon.core.main.TestCaseMain.startTestSuite(TestCaseMain.java:157)
	at com.kms.katalon.core.main.TestCaseMain$startTestSuite$0.call(Unknown Source)
	at TempTestSuite1587711612879.run(TempTestSuite1587711612879.groovy:37)
)
	at com.kms.katalon.core.keyword.internal.KeywordMain.stepFailed(KeywordMain.groovy:39)
	at com.kms.katalon.core.webui.keyword.internal.WebUIKeywordMain.stepFailed(WebUIKeywordMain.groovy:64)
	at com.kms.katalon.core.webui.keyword.builtin.VerifyTextPresentKeyword$_verifyTextPresent_closure1.doCall(VerifyTextPresentKeyword.groovy:79)
	at com.kms.katalon.core.webui.keyword.builtin.VerifyTextPresentKeyword$_verifyTextPresent_closure1.call(VerifyTextPresentKeyword.groovy)
	at com.kms.katalon.core.webui.keyword.internal.WebUIKeywordMain.runKeyword(WebUIKeywordMain.groovy:20)
	at com.kms.katalon.core.webui.keyword.builtin.VerifyTextPresentKeyword.verifyTextPresent(VerifyTextPresentKeyword.groovy:83)
	at com.kms.katalon.core.webui.keyword.builtin.VerifyTextPresentKeyword.execute(VerifyTextPresentKeyword.groovy:68)
	at com.kms.katalon.core.keyword.internal.KeywordExecutor.executeKeywordForPlatform(KeywordExecutor.groovy:72)
	at com.kms.katalon.core.webui.keyword.WebUiBuiltInKeywords.verifyTextPresent(WebUiBuiltInKeywords.groovy:1719)
	at com.kms.katalon.core.webui.keyword.WebUiBuiltInKeywords$verifyTextPresent$2.call(Unknown Source)
	at Members_Activity_Photo_Stats.run(Members_Activity_Photo_Stats:48)
	at com.kms.katalon.core.main.ScriptEngine.run(ScriptEngine.java:194)
	at com.kms.katalon.core.main.ScriptEngine.runScriptAsRawText(ScriptEngine.java:119)
	at com.kms.katalon.core.main.TestCaseExecutor.runScript(TestCaseExecutor.java:337)
	at com.kms.katalon.core.main.TestCaseExecutor.doExecute(TestCaseExecutor.java:328)
	at com.kms.katalon.core.main.TestCaseExecutor.processExecutionPhase(TestCaseExecutor.java:307)
	at com.kms.katalon.core.main.TestCaseExecutor.accessMainPhase(TestCaseExecutor.java:299)
	at com.kms.katalon.core.main.TestCaseExecutor.execute(TestCaseExecutor.java:233)
	at com.kms.katalon.core.main.TestCaseMain.runTestCase(TestCaseMain.java:114)
	at com.kms.katalon.core.keyword.builtin.CallTestCaseKeyword$_callTestCase_closure1.doCall(CallTestCaseKeyword.groovy:59)
	at com.kms.katalon.core.keyword.builtin.CallTestCaseKeyword$_callTestCase_closure1.call(CallTestCaseKeyword.groovy)
	at com.kms.katalon.core.keyword.internal.KeywordMain.runKeyword(KeywordMain.groovy:68)
	at com.kms.katalon.core.keyword.builtin.CallTestCaseKeyword.callTestCase(CallTestCaseKeyword.groovy:81)
	at com.kms.katalon.core.keyword.builtin.CallTestCaseKeyword.execute(CallTestCaseKeyword.groovy:44)
	at com.kms.katalon.core.keyword.internal.KeywordExecutor.executeKeywordForPlatform(KeywordExecutor.groovy:72)
	at com.kms.katalon.core.keyword.BuiltinKeywords.callTestCase(BuiltinKeywords.groovy:334)
	at Members_Activity_Photo_Stats.run(Members_Activity_Photo_Stats:64)
	at com.kms.katalon.core.main.ScriptEngine.run(ScriptEngine.java:194)
	at com.kms.katalon.core.main.ScriptEngine.runScriptAsRawText(ScriptEngine.java:119)
	at com.kms.katalon.core.main.TestCaseExecutor.runScript(TestCaseExecutor.java:337)
	at com.kms.katalon.core.main.TestCaseExecutor.doExecute(TestCaseExecutor.java:328)
	at com.kms.katalon.core.main.TestCaseExecutor.processExecutionPhase(TestCaseExecutor.java:307)
	at com.kms.katalon.core.main.TestCaseExecutor.accessMainPhase(TestCaseExecutor.java:299)
	at com.kms.katalon.core.main.TestCaseExecutor.execute(TestCaseExecutor.java:233)
	at com.kms.katalon.core.main.TestSuiteExecutor.accessTestCaseMainPhase(TestSuiteExecutor.java:169)
	at com.kms.katalon.core.main.TestSuiteExecutor.accessTestSuiteMainPhase(TestSuiteExecutor.java:142)
	at com.kms.katalon.core.main.TestSuiteExecutor.execute(TestSuiteExecutor.java:91)
	at com.kms.katalon.core.main.TestCaseMain.startTestSuite(TestCaseMain.java:157)
	at com.kms.katalon.core.main.TestCaseMain$startTestSuite$0.call(Unknown Source)
	at TempTestSuite1587711612879.run(TempTestSuite1587711612879.groovy:37)
Caused by: com.kms.katalon.core.exception.StepFailedException: Text 'Members Area Photo Statistics Report' is not present on page 
	... 39 more


2020-04-24 08:36:06 - [TEST_STEP][PASSED] - waitForPageLoad(120): Wait for page load successfully

2020-04-24 08:36:06 - [MESSAGE][PASSED] - Wait for page load successfully

2020-04-24 08:36:06 - [TEST_STEP][PASSED] - delay(1): Delayed 1 second(s)

2020-04-24 08:36:07 - [MESSAGE][PASSED] - Delayed 1 second(s)

2020-04-24 08:36:07 - [TEST_STEP][FAILED] - verifyTextPresent("Members Area Photo Statistics Report", false): Text 'Members Area Photo Statistics Report' is not present on page  (Root cause: com.kms.katalon.core.exception.StepFailedException: Text 'Members Area Photo Statistics Report' is not present on page 
	at com.kms.katalon.core.webui.keyword.internal.WebUIKeywordMain.stepFailed(WebUIKeywordMain.groovy:64)
	at com.kms.katalon.core.webui.keyword.builtin.VerifyTextPresentKeyword$_verifyTextPresent_closure1.doCall(VerifyTextPresentKeyword.groovy:79)
	at com.kms.katalon.core.webui.keyword.builtin.VerifyTextPresentKeyword$_verifyTextPresent_closure1.call(VerifyTextPresentKeyword.groovy)
	at com.kms.katalon.core.webui.keyword.internal.WebUIKeywordMain.runKeyword(WebUIKeywordMain.groovy:20)
	at com.kms.katalon.core.webui.keyword.builtin.VerifyTextPresentKeyword.verifyTextPresent(VerifyTextPresentKeyword.groovy:83)
	at com.kms.katalon.core.webui.keyword.builtin.VerifyTextPresentKeyword.execute(VerifyTextPresentKeyword.groovy:68)
	at com.kms.katalon.core.keyword.internal.KeywordExecutor.executeKeywordForPlatform(KeywordExecutor.groovy:72)
	at com.kms.katalon.core.webui.keyword.WebUiBuiltInKeywords.verifyTextPresent(WebUiBuiltInKeywords.groovy:1719)
	at com.kms.katalon.core.webui.keyword.WebUiBuiltInKeywords$verifyTextPresent$2.call(Unknown Source)
	at Members_Activity_Photo_Stats.run(Members_Activity_Photo_Stats:48)
	at com.kms.katalon.core.main.ScriptEngine.run(ScriptEngine.java:194)
	at com.kms.katalon.core.main.ScriptEngine.runScriptAsRawText(ScriptEngine.java:119)
	at com.kms.katalon.core.main.TestCaseExecutor.runScript(TestCaseExecutor.java:337)
	at com.kms.katalon.core.main.TestCaseExecutor.doExecute(TestCaseExecutor.java:328)
	at com.kms.katalon.core.main.TestCaseExecutor.processExecutionPhase(TestCaseExecutor.java:307)
	at com.kms.katalon.core.main.TestCaseExecutor.accessMainPhase(TestCaseExecutor.java:299)
	at com.kms.katalon.core.main.TestCaseExecutor.execute(TestCaseExecutor.java:233)
	at com.kms.katalon.core.main.TestCaseMain.runTestCase(TestCaseMain.java:114)
	at com.kms.katalon.core.keyword.builtin.CallTestCaseKeyword$_callTestCase_closure1.doCall(CallTestCaseKeyword.groovy:59)
	at com.kms.katalon.core.keyword.builtin.CallTestCaseKeyword$_callTestCase_closure1.call(CallTestCaseKeyword.groovy)
	at com.kms.katalon.core.keyword.internal.KeywordMain.runKeyword(KeywordMain.groovy:68)
	at com.kms.katalon.core.keyword.builtin.CallTestCaseKeyword.callTestCase(CallTestCaseKeyword.groovy:81)
	at com.kms.katalon.core.keyword.builtin.CallTestCaseKeyword.execute(CallTestCaseKeyword.groovy:44)
	at com.kms.katalon.core.keyword.internal.KeywordExecutor.executeKeywordForPlatform(KeywordExecutor.groovy:72)
	at com.kms.katalon.core.keyword.BuiltinKeywords.callTestCase(BuiltinKeywords.groovy:334)
	at Members_Activity_Photo_Stats.run(Members_Activity_Photo_Stats:64)
	at com.kms.katalon.core.main.ScriptEngine.run(ScriptEngine.java:194)
	at com.kms.katalon.core.main.ScriptEngine.runScriptAsRawText(ScriptEngine.java:119)
	at com.kms.katalon.core.main.TestCaseExecutor.runScript(TestCaseExecutor.java:337)
	at com.kms.katalon.core.main.TestCaseExecutor.doExecute(TestCaseExecutor.java:328)
	at com.kms.katalon.core.main.TestCaseExecutor.processExecutionPhase(TestCaseExecutor.java:307)
	at com.kms.katalon.core.main.TestCaseExecutor.accessMainPhase(TestCaseExecutor.java:299)
	at com.kms.katalon.core.main.TestCaseExecutor.execute(TestCaseExecutor.java:233)
	at com.kms.katalon.core.main.TestSuiteExecutor.accessTestCaseMainPhase(TestSuiteExecutor.java:169)
	at com.kms.katalon.core.main.TestSuiteExecutor.accessTestSuiteMainPhase(TestSuiteExecutor.java:142)
	at com.kms.katalon.core.main.TestSuiteExecutor.execute(TestSuiteExecutor.java:91)
	at com.kms.katalon.core.main.TestCaseMain.startTestSuite(TestCaseMain.java:157)
	at com.kms.katalon.core.main.TestCaseMain$startTestSuite$0.call(Unknown Source)
	at TempTestSuite1587711612879.run(TempTestSuite1587711612879.groovy:37)
)

2020-04-24 08:36:08 - [MESSAGE][FAILED] - Text 'Members Area Photo Statistics Report' is not present on page  (Root cause: com.kms.katalon.core.exception.StepFailedException: Text 'Members Area Photo Statistics Report' is not present on page 
	at com.kms.katalon.core.webui.keyword.internal.WebUIKeywordMain.stepFailed(WebUIKeywordMain.groovy:64)
	at com.kms.katalon.core.webui.keyword.builtin.VerifyTextPresentKeyword$_verifyTextPresent_closure1.doCall(VerifyTextPresentKeyword.groovy:79)
	at com.kms.katalon.core.webui.keyword.builtin.VerifyTextPresentKeyword$_verifyTextPresent_closure1.call(VerifyTextPresentKeyword.groovy)
	at com.kms.katalon.core.webui.keyword.internal.WebUIKeywordMain.runKeyword(WebUIKeywordMain.groovy:20)
	at com.kms.katalon.core.webui.keyword.builtin.VerifyTextPresentKeyword.verifyTextPresent(VerifyTextPresentKeyword.groovy:83)
	at com.kms.katalon.core.webui.keyword.builtin.VerifyTextPresentKeyword.execute(VerifyTextPresentKeyword.groovy:68)
	at com.kms.katalon.core.keyword.internal.KeywordExecutor.executeKeywordForPlatform(KeywordExecutor.groovy:72)
	at com.kms.katalon.core.webui.keyword.WebUiBuiltInKeywords.verifyTextPresent(WebUiBuiltInKeywords.groovy:1719)
	at com.kms.katalon.core.webui.keyword.WebUiBuiltInKeywords$verifyTextPresent$2.call(Unknown Source)
	at Members_Activity_Photo_Stats.run(Members_Activity_Photo_Stats:48)
	at com.kms.katalon.core.main.ScriptEngine.run(ScriptEngine.java:194)
	at com.kms.katalon.core.main.ScriptEngine.runScriptAsRawText(ScriptEngine.java:119)
	at com.kms.katalon.core.main.TestCaseExecutor.runScript(TestCaseExecutor.java:337)
	at com.kms.katalon.core.main.TestCaseExecutor.doExecute(TestCaseExecutor.java:328)
	at com.kms.katalon.core.main.TestCaseExecutor.processExecutionPhase(TestCaseExecutor.java:307)
	at com.kms.katalon.core.main.TestCaseExecutor.accessMainPhase(TestCaseExecutor.java:299)
	at com.kms.katalon.core.main.TestCaseExecutor.execute(TestCaseExecutor.java:233)
	at com.kms.katalon.core.main.TestCaseMain.runTestCase(TestCaseMain.java:114)
	at com.kms.katalon.core.keyword.builtin.CallTestCaseKeyword$_callTestCase_closure1.doCall(CallTestCaseKeyword.groovy:59)
	at com.kms.katalon.core.keyword.builtin.CallTestCaseKeyword$_callTestCase_closure1.call(CallTestCaseKeyword.groovy)
	at com.kms.katalon.core.keyword.internal.KeywordMain.runKeyword(KeywordMain.groovy:68)
	at com.kms.katalon.core.keyword.builtin.CallTestCaseKeyword.callTestCase(CallTestCaseKeyword.groovy:81)
	at com.kms.katalon.core.keyword.builtin.CallTestCaseKeyword.execute(CallTestCaseKeyword.groovy:44)
	at com.kms.katalon.core.keyword.internal.KeywordExecutor.executeKeywordForPlatform(KeywordExecutor.groovy:72)
	at com.kms.katalon.core.keyword.BuiltinKeywords.callTestCase(BuiltinKeywords.groovy:334)
	at Members_Activity_Photo_Stats.run(Members_Activity_Photo_Stats:64)
	at com.kms.katalon.core.main.ScriptEngine.run(ScriptEngine.java:194)
	at com.kms.katalon.core.main.ScriptEngine.runScriptAsRawText(ScriptEngine.java:119)
	at com.kms.katalon.core.main.TestCaseExecutor.runScript(TestCaseExecutor.java:337)
	at com.kms.katalon.core.main.TestCaseExecutor.doExecute(TestCaseExecutor.java:328)
	at com.kms.katalon.core.main.TestCaseExecutor.processExecutionPhase(TestCaseExecutor.java:307)
	at com.kms.katalon.core.main.TestCaseExecutor.accessMainPhase(TestCaseExecutor.java:299)
	at com.kms.katalon.core.main.TestCaseExecutor.execute(TestCaseExecutor.java:233)
	at com.kms.katalon.core.main.TestSuiteExecutor.accessTestCaseMainPhase(TestSuiteExecutor.java:169)
	at com.kms.katalon.core.main.TestSuiteExecutor.accessTestSuiteMainPhase(TestSuiteExecutor.java:142)
	at com.kms.katalon.core.main.TestSuiteExecutor.execute(TestSuiteExecutor.java:91)
	at com.kms.katalon.core.main.TestCaseMain.startTestSuite(TestCaseMain.java:157)
	at com.kms.katalon.core.main.TestCaseMain$startTestSuite$0.call(Unknown Source)
	at TempTestSuite1587711612879.run(TempTestSuite1587711612879.groovy:37)
)

2020-04-24 08:36:08 - [TEST_STEP][PASSED] - "----------------------------------------------": null

2020-04-24 08:36:08 - [TEST_STEP][FAILED] - verifyTextPresent("Total no. companies", false): Text 'Total no. companies' is not present on page  (Root cause: com.kms.katalon.core.exception.StepFailedException: Text 'Total no. companies' is not present on page 
	at com.kms.katalon.core.webui.keyword.internal.WebUIKeywordMain.stepFailed(WebUIKeywordMain.groovy:64)
	at com.kms.katalon.core.webui.keyword.builtin.VerifyTextPresentKeyword$_verifyTextPresent_closure1.doCall(VerifyTextPresentKeyword.groovy:79)
	at com.kms.katalon.core.webui.keyword.builtin.VerifyTextPresentKeyword$_verifyTextPresent_closure1.call(VerifyTextPresentKeyword.groovy)
	at com.kms.katalon.core.webui.keyword.internal.WebUIKeywordMain.runKeyword(WebUIKeywordMain.groovy:20)
	at com.kms.katalon.core.webui.keyword.builtin.VerifyTextPresentKeyword.verifyTextPresent(VerifyTextPresentKeyword.groovy:83)
	at com.kms.katalon.core.webui.keyword.builtin.VerifyTextPresentKeyword.execute(VerifyTextPresentKeyword.groovy:68)
	at com.kms.katalon.core.keyword.internal.KeywordExecutor.executeKeywordForPlatform(KeywordExecutor.groovy:72)
	at com.kms.katalon.core.webui.keyword.WebUiBuiltInKeywords.verifyTextPresent(WebUiBuiltInKeywords.groovy:1719)
	at com.kms.katalon.core.webui.keyword.WebUiBuiltInKeywords$verifyTextPresent$2.call(Unknown Source)
	at Members_Activity_Photo_Stats.run(Members_Activity_Photo_Stats:54)
	at com.kms.katalon.core.main.ScriptEngine.run(ScriptEngine.java:194)
	at com.kms.katalon.core.main.ScriptEngine.runScriptAsRawText(ScriptEngine.java:119)
	at com.kms.katalon.core.main.TestCaseExecutor.runScript(TestCaseExecutor.java:337)
	at com.kms.katalon.core.main.TestCaseExecutor.doExecute(TestCaseExecutor.java:328)
	at com.kms.katalon.core.main.TestCaseExecutor.processExecutionPhase(TestCaseExecutor.java:307)
	at com.kms.katalon.core.main.TestCaseExecutor.accessMainPhase(TestCaseExecutor.java:299)
	at com.kms.katalon.core.main.TestCaseExecutor.execute(TestCaseExecutor.java:233)
	at com.kms.katalon.core.main.TestCaseMain.runTestCase(TestCaseMain.java:114)
	at com.kms.katalon.core.keyword.builtin.CallTestCaseKeyword$_callTestCase_closure1.doCall(CallTestCaseKeyword.groovy:59)
	at com.kms.katalon.core.keyword.builtin.CallTestCaseKeyword$_callTestCase_closure1.call(CallTestCaseKeyword.groovy)
	at com.kms.katalon.core.keyword.internal.KeywordMain.runKeyword(KeywordMain.groovy:68)
	at com.kms.katalon.core.keyword.builtin.CallTestCaseKeyword.callTestCase(CallTestCaseKeyword.groovy:81)
	at com.kms.katalon.core.keyword.builtin.CallTestCaseKeyword.execute(CallTestCaseKeyword.groovy:44)
	at com.kms.katalon.core.keyword.internal.KeywordExecutor.executeKeywordForPlatform(KeywordExecutor.groovy:72)
	at com.kms.katalon.core.keyword.BuiltinKeywords.callTestCase(BuiltinKeywords.groovy:334)
	at Members_Activity_Photo_Stats.run(Members_Activity_Photo_Stats:64)
	at com.kms.katalon.core.main.ScriptEngine.run(ScriptEngine.java:194)
	at com.kms.katalon.core.main.ScriptEngine.runScriptAsRawText(ScriptEngine.java:119)
	at com.kms.katalon.core.main.TestCaseExecutor.runScript(TestCaseExecutor.java:337)
	at com.kms.katalon.core.main.TestCaseExecutor.doExecute(TestCaseExecutor.java:328)
	at com.kms.katalon.core.main.TestCaseExecutor.processExecutionPhase(TestCaseExecutor.java:307)
	at com.kms.katalon.core.main.TestCaseExecutor.accessMainPhase(TestCaseExecutor.java:299)
	at com.kms.katalon.core.main.TestCaseExecutor.execute(TestCaseExecutor.java:233)
	at com.kms.katalon.core.main.TestSuiteExecutor.accessTestCaseMainPhase(TestSuiteExecutor.java:169)
	at com.kms.katalon.core.main.TestSuiteExecutor.accessTestSuiteMainPhase(TestSuiteExecutor.java:142)
	at com.kms.katalon.core.main.TestSuiteExecutor.execute(TestSuiteExecutor.java:91)
	at com.kms.katalon.core.main.TestCaseMain.startTestSuite(TestCaseMain.java:157)
	at com.kms.katalon.core.main.TestCaseMain$startTestSuite$0.call(Unknown Source)
	at TempTestSuite1587711612879.run(TempTestSuite1587711612879.groovy:37)
)

2020-04-24 08:36:08 - [MESSAGE][FAILED] - Text 'Total no. companies' is not present on page  (Root cause: com.kms.katalon.core.exception.StepFailedException: Text 'Total no. companies' is not present on page 
	at com.kms.katalon.core.webui.keyword.internal.WebUIKeywordMain.stepFailed(WebUIKeywordMain.groovy:64)
	at com.kms.katalon.core.webui.keyword.builtin.VerifyTextPresentKeyword$_verifyTextPresent_closure1.doCall(VerifyTextPresentKeyword.groovy:79)
	at com.kms.katalon.core.webui.keyword.builtin.VerifyTextPresentKeyword$_verifyTextPresent_closure1.call(VerifyTextPresentKeyword.groovy)
	at com.kms.katalon.core.webui.keyword.internal.WebUIKeywordMain.runKeyword(WebUIKeywordMain.groovy:20)
	at com.kms.katalon.core.webui.keyword.builtin.VerifyTextPresentKeyword.verifyTextPresent(VerifyTextPresentKeyword.groovy:83)
	at com.kms.katalon.core.webui.keyword.builtin.VerifyTextPresentKeyword.execute(VerifyTextPresentKeyword.groovy:68)
	at com.kms.katalon.core.keyword.internal.KeywordExecutor.executeKeywordForPlatform(KeywordExecutor.groovy:72)
	at com.kms.katalon.core.webui.keyword.WebUiBuiltInKeywords.verifyTextPresent(WebUiBuiltInKeywords.groovy:1719)
	at com.kms.katalon.core.webui.keyword.WebUiBuiltInKeywords$verifyTextPresent$2.call(Unknown Source)
	at Members_Activity_Photo_Stats.run(Members_Activity_Photo_Stats:54)
	at com.kms.katalon.core.main.ScriptEngine.run(ScriptEngine.java:194)
	at com.kms.katalon.core.main.ScriptEngine.runScriptAsRawText(ScriptEngine.java:119)
	at com.kms.katalon.core.main.TestCaseExecutor.runScript(TestCaseExecutor.java:337)
	at com.kms.katalon.core.main.TestCaseExecutor.doExecute(TestCaseExecutor.java:328)
	at com.kms.katalon.core.main.TestCaseExecutor.processExecutionPhase(TestCaseExecutor.java:307)
	at com.kms.katalon.core.main.TestCaseExecutor.accessMainPhase(TestCaseExecutor.java:299)
	at com.kms.katalon.core.main.TestCaseExecutor.execute(TestCaseExecutor.java:233)
	at com.kms.katalon.core.main.TestCaseMain.runTestCase(TestCaseMain.java:114)
	at com.kms.katalon.core.keyword.builtin.CallTestCaseKeyword$_callTestCase_closure1.doCall(CallTestCaseKeyword.groovy:59)
	at com.kms.katalon.core.keyword.builtin.CallTestCaseKeyword$_callTestCase_closure1.call(CallTestCaseKeyword.groovy)
	at com.kms.katalon.core.keyword.internal.KeywordMain.runKeyword(KeywordMain.groovy:68)
	at com.kms.katalon.core.keyword.builtin.CallTestCaseKeyword.callTestCase(CallTestCaseKeyword.groovy:81)
	at com.kms.katalon.core.keyword.builtin.CallTestCaseKeyword.execute(CallTestCaseKeyword.groovy:44)
	at com.kms.katalon.core.keyword.internal.KeywordExecutor.executeKeywordForPlatform(KeywordExecutor.groovy:72)
	at com.kms.katalon.core.keyword.BuiltinKeywords.callTestCase(BuiltinKeywords.groovy:334)
	at Members_Activity_Photo_Stats.run(Members_Activity_Photo_Stats:64)
	at com.kms.katalon.core.main.ScriptEngine.run(ScriptEngine.java:194)
	at com.kms.katalon.core.main.ScriptEngine.runScriptAsRawText(ScriptEngine.java:119)
	at com.kms.katalon.core.main.TestCaseExecutor.runScript(TestCaseExecutor.java:337)
	at com.kms.katalon.core.main.TestCaseExecutor.doExecute(TestCaseExecutor.java:328)
	at com.kms.katalon.core.main.TestCaseExecutor.processExecutionPhase(TestCaseExecutor.java:307)
	at com.kms.katalon.core.main.TestCaseExecutor.accessMainPhase(TestCaseExecutor.java:299)
	at com.kms.katalon.core.main.TestCaseExecutor.execute(TestCaseExecutor.java:233)
	at com.kms.katalon.core.main.TestSuiteExecutor.accessTestCaseMainPhase(TestSuiteExecutor.java:169)
	at com.kms.katalon.core.main.TestSuiteExecutor.accessTestSuiteMainPhase(TestSuiteExecutor.java:142)
	at com.kms.katalon.core.main.TestSuiteExecutor.execute(TestSuiteExecutor.java:91)
	at com.kms.katalon.core.main.TestCaseMain.startTestSuite(TestCaseMain.java:157)
	at com.kms.katalon.core.main.TestCaseMain$startTestSuite$0.call(Unknown Source)
	at TempTestSuite1587711612879.run(TempTestSuite1587711612879.groovy:37)
)

2020-04-24 08:36:08 - [TEST_STEP][FAILED] - verifyTextPresent("Total no. uploaded photos", false): Text 'Total no. uploaded photos' is not present on page  (Root cause: com.kms.katalon.core.exception.StepFailedException: Text 'Total no. uploaded photos' is not present on page 
	at com.kms.katalon.core.webui.keyword.internal.WebUIKeywordMain.stepFailed(WebUIKeywordMain.groovy:64)
	at com.kms.katalon.core.webui.keyword.builtin.VerifyTextPresentKeyword$_verifyTextPresent_closure1.doCall(VerifyTextPresentKeyword.groovy:79)
	at com.kms.katalon.core.webui.keyword.builtin.VerifyTextPresentKeyword$_verifyTextPresent_closure1.call(VerifyTextPresentKeyword.groovy)
	at com.kms.katalon.core.webui.keyword.internal.WebUIKeywordMain.runKeyword(WebUIKeywordMain.groovy:20)
	at com.kms.katalon.core.webui.keyword.builtin.VerifyTextPresentKeyword.verifyTextPresent(VerifyTextPresentKeyword.groovy:83)
	at com.kms.katalon.core.webui.keyword.builtin.VerifyTextPresentKeyword.execute(VerifyTextPresentKeyword.groovy:68)
	at com.kms.katalon.core.keyword.internal.KeywordExecutor.executeKeywordForPlatform(KeywordExecutor.groovy:72)
	at com.kms.katalon.core.webui.keyword.WebUiBuiltInKeywords.verifyTextPresent(WebUiBuiltInKeywords.groovy:1719)
	at com.kms.katalon.core.webui.keyword.WebUiBuiltInKeywords$verifyTextPresent$2.call(Unknown Source)
	at Members_Activity_Photo_Stats.run(Members_Activity_Photo_Stats:56)
	at com.kms.katalon.core.main.ScriptEngine.run(ScriptEngine.java:194)
	at com.kms.katalon.core.main.ScriptEngine.runScriptAsRawText(ScriptEngine.java:119)
	at com.kms.katalon.core.main.TestCaseExecutor.runScript(TestCaseExecutor.java:337)
	at com.kms.katalon.core.main.TestCaseExecutor.doExecute(TestCaseExecutor.java:328)
	at com.kms.katalon.core.main.TestCaseExecutor.processExecutionPhase(TestCaseExecutor.java:307)
	at com.kms.katalon.core.main.TestCaseExecutor.accessMainPhase(TestCaseExecutor.java:299)
	at com.kms.katalon.core.main.TestCaseExecutor.execute(TestCaseExecutor.java:233)
	at com.kms.katalon.core.main.TestCaseMain.runTestCase(TestCaseMain.java:114)
	at com.kms.katalon.core.keyword.builtin.CallTestCaseKeyword$_callTestCase_closure1.doCall(CallTestCaseKeyword.groovy:59)
	at com.kms.katalon.core.keyword.builtin.CallTestCaseKeyword$_callTestCase_closure1.call(CallTestCaseKeyword.groovy)
	at com.kms.katalon.core.keyword.internal.KeywordMain.runKeyword(KeywordMain.groovy:68)
	at com.kms.katalon.core.keyword.builtin.CallTestCaseKeyword.callTestCase(CallTestCaseKeyword.groovy:81)
	at com.kms.katalon.core.keyword.builtin.CallTestCaseKeyword.execute(CallTestCaseKeyword.groovy:44)
	at com.kms.katalon.core.keyword.internal.KeywordExecutor.executeKeywordForPlatform(KeywordExecutor.groovy:72)
	at com.kms.katalon.core.keyword.BuiltinKeywords.callTestCase(BuiltinKeywords.groovy:334)
	at Members_Activity_Photo_Stats.run(Members_Activity_Photo_Stats:64)
	at com.kms.katalon.core.main.ScriptEngine.run(ScriptEngine.java:194)
	at com.kms.katalon.core.main.ScriptEngine.runScriptAsRawText(ScriptEngine.java:119)
	at com.kms.katalon.core.main.TestCaseExecutor.runScript(TestCaseExecutor.java:337)
	at com.kms.katalon.core.main.TestCaseExecutor.doExecute(TestCaseExecutor.java:328)
	at com.kms.katalon.core.main.TestCaseExecutor.processExecutionPhase(TestCaseExecutor.java:307)
	at com.kms.katalon.core.main.TestCaseExecutor.accessMainPhase(TestCaseExecutor.java:299)
	at com.kms.katalon.core.main.TestCaseExecutor.execute(TestCaseExecutor.java:233)
	at com.kms.katalon.core.main.TestSuiteExecutor.accessTestCaseMainPhase(TestSuiteExecutor.java:169)
	at com.kms.katalon.core.main.TestSuiteExecutor.accessTestSuiteMainPhase(TestSuiteExecutor.java:142)
	at com.kms.katalon.core.main.TestSuiteExecutor.execute(TestSuiteExecutor.java:91)
	at com.kms.katalon.core.main.TestCaseMain.startTestSuite(TestCaseMain.java:157)
	at com.kms.katalon.core.main.TestCaseMain$startTestSuite$0.call(Unknown Source)
	at TempTestSuite1587711612879.run(TempTestSuite1587711612879.groovy:37)
)

2020-04-24 08:36:08 - [MESSAGE][FAILED] - Text 'Total no. uploaded photos' is not present on page  (Root cause: com.kms.katalon.core.exception.StepFailedException: Text 'Total no. uploaded photos' is not present on page 
	at com.kms.katalon.core.webui.keyword.internal.WebUIKeywordMain.stepFailed(WebUIKeywordMain.groovy:64)
	at com.kms.katalon.core.webui.keyword.builtin.VerifyTextPresentKeyword$_verifyTextPresent_closure1.doCall(VerifyTextPresentKeyword.groovy:79)
	at com.kms.katalon.core.webui.keyword.builtin.VerifyTextPresentKeyword$_verifyTextPresent_closure1.call(VerifyTextPresentKeyword.groovy)
	at com.kms.katalon.core.webui.keyword.internal.WebUIKeywordMain.runKeyword(WebUIKeywordMain.groovy:20)
	at com.kms.katalon.core.webui.keyword.builtin.VerifyTextPresentKeyword.verifyTextPresent(VerifyTextPresentKeyword.groovy:83)
	at com.kms.katalon.core.webui.keyword.builtin.VerifyTextPresentKeyword.execute(VerifyTextPresentKeyword.groovy:68)
	at com.kms.katalon.core.keyword.internal.KeywordExecutor.executeKeywordForPlatform(KeywordExecutor.groovy:72)
	at com.kms.katalon.core.webui.keyword.WebUiBuiltInKeywords.verifyTextPresent(WebUiBuiltInKeywords.groovy:1719)
	at com.kms.katalon.core.webui.keyword.WebUiBuiltInKeywords$verifyTextPresent$2.call(Unknown Source)
	at Members_Activity_Photo_Stats.run(Members_Activity_Photo_Stats:56)
	at com.kms.katalon.core.main.ScriptEngine.run(ScriptEngine.java:194)
	at com.kms.katalon.core.main.ScriptEngine.runScriptAsRawText(ScriptEngine.java:119)
	at com.kms.katalon.core.main.TestCaseExecutor.runScript(TestCaseExecutor.java:337)
	at com.kms.katalon.core.main.TestCaseExecutor.doExecute(TestCaseExecutor.java:328)
	at com.kms.katalon.core.main.TestCaseExecutor.processExecutionPhase(TestCaseExecutor.java:307)
	at com.kms.katalon.core.main.TestCaseExecutor.accessMainPhase(TestCaseExecutor.java:299)
	at com.kms.katalon.core.main.TestCaseExecutor.execute(TestCaseExecutor.java:233)
	at com.kms.katalon.core.main.TestCaseMain.runTestCase(TestCaseMain.java:114)
	at com.kms.katalon.core.keyword.builtin.CallTestCaseKeyword$_callTestCase_closure1.doCall(CallTestCaseKeyword.groovy:59)
	at com.kms.katalon.core.keyword.builtin.CallTestCaseKeyword$_callTestCase_closure1.call(CallTestCaseKeyword.groovy)
	at com.kms.katalon.core.keyword.internal.KeywordMain.runKeyword(KeywordMain.groovy:68)
	at com.kms.katalon.core.keyword.builtin.CallTestCaseKeyword.callTestCase(CallTestCaseKeyword.groovy:81)
	at com.kms.katalon.core.keyword.builtin.CallTestCaseKeyword.execute(CallTestCaseKeyword.groovy:44)
	at com.kms.katalon.core.keyword.internal.KeywordExecutor.executeKeywordForPlatform(KeywordExecutor.groovy:72)
	at com.kms.katalon.core.keyword.BuiltinKeywords.callTestCase(BuiltinKeywords.groovy:334)
	at Members_Activity_Photo_Stats.run(Members_Activity_Photo_Stats:64)
	at com.kms.katalon.core.main.ScriptEngine.run(ScriptEngine.java:194)
	at com.kms.katalon.core.main.ScriptEngine.runScriptAsRawText(ScriptEngine.java:119)
	at com.kms.katalon.core.main.TestCaseExecutor.runScript(TestCaseExecutor.java:337)
	at com.kms.katalon.core.main.TestCaseExecutor.doExecute(TestCaseExecutor.java:328)
	at com.kms.katalon.core.main.TestCaseExecutor.processExecutionPhase(TestCaseExecutor.java:307)
	at com.kms.katalon.core.main.TestCaseExecutor.accessMainPhase(TestCaseExecutor.java:299)
	at com.kms.katalon.core.main.TestCaseExecutor.execute(TestCaseExecutor.java:233)
	at com.kms.katalon.core.main.TestSuiteExecutor.accessTestCaseMainPhase(TestSuiteExecutor.java:169)
	at com.kms.katalon.core.main.TestSuiteExecutor.accessTestSuiteMainPhase(TestSuiteExecutor.java:142)
	at com.kms.katalon.core.main.TestSuiteExecutor.execute(TestSuiteExecutor.java:91)
	at com.kms.katalon.core.main.TestCaseMain.startTestSuite(TestCaseMain.java:157)
	at com.kms.katalon.core.main.TestCaseMain$startTestSuite$0.call(Unknown Source)
	at TempTestSuite1587711612879.run(TempTestSuite1587711612879.groovy:37)
)

2020-04-24 08:36:08 - [TEST_STEP][PASSED] - "----------------------------------------------": null

2020-04-24 08:36:08 - [TEST_STEP][FAILED] - verifyTextPresent("Company", false): Text 'Company' is not present on page  (Root cause: com.kms.katalon.core.exception.StepFailedException: Text 'Company' is not present on page 
	at com.kms.katalon.core.webui.keyword.internal.WebUIKeywordMain.stepFailed(WebUIKeywordMain.groovy:64)
	at com.kms.katalon.core.webui.keyword.builtin.VerifyTextPresentKeyword$_verifyTextPresent_closure1.doCall(VerifyTextPresentKeyword.groovy:79)
	at com.kms.katalon.core.webui.keyword.builtin.VerifyTextPresentKeyword$_verifyTextPresent_closure1.call(VerifyTextPresentKeyword.groovy)
	at com.kms.katalon.core.webui.keyword.internal.WebUIKeywordMain.runKeyword(WebUIKeywordMain.groovy:20)
	at com.kms.katalon.core.webui.keyword.builtin.VerifyTextPresentKeyword.verifyTextPresent(VerifyTextPresentKeyword.groovy:83)
	at com.kms.katalon.core.webui.keyword.builtin.VerifyTextPresentKeyword.execute(VerifyTextPresentKeyword.groovy:68)
	at com.kms.katalon.core.keyword.internal.KeywordExecutor.executeKeywordForPlatform(KeywordExecutor.groovy:72)
	at com.kms.katalon.core.webui.keyword.WebUiBuiltInKeywords.verifyTextPresent(WebUiBuiltInKeywords.groovy:1719)
	at com.kms.katalon.core.webui.keyword.WebUiBuiltInKeywords$verifyTextPresent$2.call(Unknown Source)
	at Members_Activity_Photo_Stats.run(Members_Activity_Photo_Stats:61)
	at com.kms.katalon.core.main.ScriptEngine.run(ScriptEngine.java:194)
	at com.kms.katalon.core.main.ScriptEngine.runScriptAsRawText(ScriptEngine.java:119)
	at com.kms.katalon.core.main.TestCaseExecutor.runScript(TestCaseExecutor.java:337)
	at com.kms.katalon.core.main.TestCaseExecutor.doExecute(TestCaseExecutor.java:328)
	at com.kms.katalon.core.main.TestCaseExecutor.processExecutionPhase(TestCaseExecutor.java:307)
	at com.kms.katalon.core.main.TestCaseExecutor.accessMainPhase(TestCaseExecutor.java:299)
	at com.kms.katalon.core.main.TestCaseExecutor.execute(TestCaseExecutor.java:233)
	at com.kms.katalon.core.main.TestCaseMain.runTestCase(TestCaseMain.java:114)
	at com.kms.katalon.core.keyword.builtin.CallTestCaseKeyword$_callTestCase_closure1.doCall(CallTestCaseKeyword.groovy:59)
	at com.kms.katalon.core.keyword.builtin.CallTestCaseKeyword$_callTestCase_closure1.call(CallTestCaseKeyword.groovy)
	at com.kms.katalon.core.keyword.internal.KeywordMain.runKeyword(KeywordMain.groovy:68)
	at com.kms.katalon.core.keyword.builtin.CallTestCaseKeyword.callTestCase(CallTestCaseKeyword.groovy:81)
	at com.kms.katalon.core.keyword.builtin.CallTestCaseKeyword.execute(CallTestCaseKeyword.groovy:44)
	at com.kms.katalon.core.keyword.internal.KeywordExecutor.executeKeywordForPlatform(KeywordExecutor.groovy:72)
	at com.kms.katalon.core.keyword.BuiltinKeywords.callTestCase(BuiltinKeywords.groovy:334)
	at Members_Activity_Photo_Stats.run(Members_Activity_Photo_Stats:64)
	at com.kms.katalon.core.main.ScriptEngine.run(ScriptEngine.java:194)
	at com.kms.katalon.core.main.ScriptEngine.runScriptAsRawText(ScriptEngine.java:119)
	at com.kms.katalon.core.main.TestCaseExecutor.runScript(TestCaseExecutor.java:337)
	at com.kms.katalon.core.main.TestCaseExecutor.doExecute(TestCaseExecutor.java:328)
	at com.kms.katalon.core.main.TestCaseExecutor.processExecutionPhase(TestCaseExecutor.java:307)
	at com.kms.katalon.core.main.TestCaseExecutor.accessMainPhase(TestCaseExecutor.java:299)
	at com.kms.katalon.core.main.TestCaseExecutor.execute(TestCaseExecutor.java:233)
	at com.kms.katalon.core.main.TestSuiteExecutor.accessTestCaseMainPhase(TestSuiteExecutor.java:169)
	at com.kms.katalon.core.main.TestSuiteExecutor.accessTestSuiteMainPhase(TestSuiteExecutor.java:142)
	at com.kms.katalon.core.main.TestSuiteExecutor.execute(TestSuiteExecutor.java:91)
	at com.kms.katalon.core.main.TestCaseMain.startTestSuite(TestCaseMain.java:157)
	at com.kms.katalon.core.main.TestCaseMain$startTestSuite$0.call(Unknown Source)
	at TempTestSuite1587711612879.run(TempTestSuite1587711612879.groovy:37)
)

2020-04-24 08:36:08 - [MESSAGE][FAILED] - Text 'Company' is not present on page  (Root cause: com.kms.katalon.core.exception.StepFailedException: Text 'Company' is not present on page 
	at com.kms.katalon.core.webui.keyword.internal.WebUIKeywordMain.stepFailed(WebUIKeywordMain.groovy:64)
	at com.kms.katalon.core.webui.keyword.builtin.VerifyTextPresentKeyword$_verifyTextPresent_closure1.doCall(VerifyTextPresentKeyword.groovy:79)
	at com.kms.katalon.core.webui.keyword.builtin.VerifyTextPresentKeyword$_verifyTextPresent_closure1.call(VerifyTextPresentKeyword.groovy)
	at com.kms.katalon.core.webui.keyword.internal.WebUIKeywordMain.runKeyword(WebUIKeywordMain.groovy:20)
	at com.kms.katalon.core.webui.keyword.builtin.VerifyTextPresentKeyword.verifyTextPresent(VerifyTextPresentKeyword.groovy:83)
	at com.kms.katalon.core.webui.keyword.builtin.VerifyTextPresentKeyword.execute(VerifyTextPresentKeyword.groovy:68)
	at com.kms.katalon.core.keyword.internal.KeywordExecutor.executeKeywordForPlatform(KeywordExecutor.groovy:72)
	at com.kms.katalon.core.webui.keyword.WebUiBuiltInKeywords.verifyTextPresent(WebUiBuiltInKeywords.groovy:1719)
	at com.kms.katalon.core.webui.keyword.WebUiBuiltInKeywords$verifyTextPresent$2.call(Unknown Source)
	at Members_Activity_Photo_Stats.run(Members_Activity_Photo_Stats:61)
	at com.kms.katalon.core.main.ScriptEngine.run(ScriptEngine.java:194)
	at com.kms.katalon.core.main.ScriptEngine.runScriptAsRawText(ScriptEngine.java:119)
	at com.kms.katalon.core.main.TestCaseExecutor.runScript(TestCaseExecutor.java:337)
	at com.kms.katalon.core.main.TestCaseExecutor.doExecute(TestCaseExecutor.java:328)
	at com.kms.katalon.core.main.TestCaseExecutor.processExecutionPhase(TestCaseExecutor.java:307)
	at com.kms.katalon.core.main.TestCaseExecutor.accessMainPhase(TestCaseExecutor.java:299)
	at com.kms.katalon.core.main.TestCaseExecutor.execute(TestCaseExecutor.java:233)
	at com.kms.katalon.core.main.TestCaseMain.runTestCase(TestCaseMain.java:114)
	at com.kms.katalon.core.keyword.builtin.CallTestCaseKeyword$_callTestCase_closure1.doCall(CallTestCaseKeyword.groovy:59)
	at com.kms.katalon.core.keyword.builtin.CallTestCaseKeyword$_callTestCase_closure1.call(CallTestCaseKeyword.groovy)
	at com.kms.katalon.core.keyword.internal.KeywordMain.runKeyword(KeywordMain.groovy:68)
	at com.kms.katalon.core.keyword.builtin.CallTestCaseKeyword.callTestCase(CallTestCaseKeyword.groovy:81)
	at com.kms.katalon.core.keyword.builtin.CallTestCaseKeyword.execute(CallTestCaseKeyword.groovy:44)
	at com.kms.katalon.core.keyword.internal.KeywordExecutor.executeKeywordForPlatform(KeywordExecutor.groovy:72)
	at com.kms.katalon.core.keyword.BuiltinKeywords.callTestCase(BuiltinKeywords.groovy:334)
	at Members_Activity_Photo_Stats.run(Members_Activity_Photo_Stats:64)
	at com.kms.katalon.core.main.ScriptEngine.run(ScriptEngine.java:194)
	at com.kms.katalon.core.main.ScriptEngine.runScriptAsRawText(ScriptEngine.java:119)
	at com.kms.katalon.core.main.TestCaseExecutor.runScript(TestCaseExecutor.java:337)
	at com.kms.katalon.core.main.TestCaseExecutor.doExecute(TestCaseExecutor.java:328)
	at com.kms.katalon.core.main.TestCaseExecutor.processExecutionPhase(TestCaseExecutor.java:307)
	at com.kms.katalon.core.main.TestCaseExecutor.accessMainPhase(TestCaseExecutor.java:299)
	at com.kms.katalon.core.main.TestCaseExecutor.execute(TestCaseExecutor.java:233)
	at com.kms.katalon.core.main.TestSuiteExecutor.accessTestCaseMainPhase(TestSuiteExecutor.java:169)
	at com.kms.katalon.core.main.TestSuiteExecutor.accessTestSuiteMainPhase(TestSuiteExecutor.java:142)
	at com.kms.katalon.core.main.TestSuiteExecutor.execute(TestSuiteExecutor.java:91)
	at com.kms.katalon.core.main.TestCaseMain.startTestSuite(TestCaseMain.java:157)
	at com.kms.katalon.core.main.TestCaseMain$startTestSuite$0.call(Unknown Source)
	at TempTestSuite1587711612879.run(TempTestSuite1587711612879.groovy:37)
)

2020-04-24 08:36:08 - [TEST_STEP][FAILED] - verifyTextPresent("Gallery", false): Text 'Gallery' is not present on page  (Root cause: com.kms.katalon.core.exception.StepFailedException: Text 'Gallery' is not present on page 
	at com.kms.katalon.core.webui.keyword.internal.WebUIKeywordMain.stepFailed(WebUIKeywordMain.groovy:64)
	at com.kms.katalon.core.webui.keyword.builtin.VerifyTextPresentKeyword$_verifyTextPresent_closure1.doCall(VerifyTextPresentKeyword.groovy:79)
	at com.kms.katalon.core.webui.keyword.builtin.VerifyTextPresentKeyword$_verifyTextPresent_closure1.call(VerifyTextPresentKeyword.groovy)
	at com.kms.katalon.core.webui.keyword.internal.WebUIKeywordMain.runKeyword(WebUIKeywordMain.groovy:20)
	at com.kms.katalon.core.webui.keyword.builtin.VerifyTextPresentKeyword.verifyTextPresent(VerifyTextPresentKeyword.groovy:83)
	at com.kms.katalon.core.webui.keyword.builtin.VerifyTextPresentKeyword.execute(VerifyTextPresentKeyword.groovy:68)
	at com.kms.katalon.core.keyword.internal.KeywordExecutor.executeKeywordForPlatform(KeywordExecutor.groovy:72)
	at com.kms.katalon.core.webui.keyword.WebUiBuiltInKeywords.verifyTextPresent(WebUiBuiltInKeywords.groovy:1719)
	at com.kms.katalon.core.webui.keyword.WebUiBuiltInKeywords$verifyTextPresent$2.call(Unknown Source)
	at Members_Activity_Photo_Stats.run(Members_Activity_Photo_Stats:63)
	at com.kms.katalon.core.main.ScriptEngine.run(ScriptEngine.java:194)
	at com.kms.katalon.core.main.ScriptEngine.runScriptAsRawText(ScriptEngine.java:119)
	at com.kms.katalon.core.main.TestCaseExecutor.runScript(TestCaseExecutor.java:337)
	at com.kms.katalon.core.main.TestCaseExecutor.doExecute(TestCaseExecutor.java:328)
	at com.kms.katalon.core.main.TestCaseExecutor.processExecutionPhase(TestCaseExecutor.java:307)
	at com.kms.katalon.core.main.TestCaseExecutor.accessMainPhase(TestCaseExecutor.java:299)
	at com.kms.katalon.core.main.TestCaseExecutor.execute(TestCaseExecutor.java:233)
	at com.kms.katalon.core.main.TestCaseMain.runTestCase(TestCaseMain.java:114)
	at com.kms.katalon.core.keyword.builtin.CallTestCaseKeyword$_callTestCase_closure1.doCall(CallTestCaseKeyword.groovy:59)
	at com.kms.katalon.core.keyword.builtin.CallTestCaseKeyword$_callTestCase_closure1.call(CallTestCaseKeyword.groovy)
	at com.kms.katalon.core.keyword.internal.KeywordMain.runKeyword(KeywordMain.groovy:68)
	at com.kms.katalon.core.keyword.builtin.CallTestCaseKeyword.callTestCase(CallTestCaseKeyword.groovy:81)
	at com.kms.katalon.core.keyword.builtin.CallTestCaseKeyword.execute(CallTestCaseKeyword.groovy:44)
	at com.kms.katalon.core.keyword.internal.KeywordExecutor.executeKeywordForPlatform(KeywordExecutor.groovy:72)
	at com.kms.katalon.core.keyword.BuiltinKeywords.callTestCase(BuiltinKeywords.groovy:334)
	at Members_Activity_Photo_Stats.run(Members_Activity_Photo_Stats:64)
	at com.kms.katalon.core.main.ScriptEngine.run(ScriptEngine.java:194)
	at com.kms.katalon.core.main.ScriptEngine.runScriptAsRawText(ScriptEngine.java:119)
	at com.kms.katalon.core.main.TestCaseExecutor.runScript(TestCaseExecutor.java:337)
	at com.kms.katalon.core.main.TestCaseExecutor.doExecute(TestCaseExecutor.java:328)
	at com.kms.katalon.core.main.TestCaseExecutor.processExecutionPhase(TestCaseExecutor.java:307)
	at com.kms.katalon.core.main.TestCaseExecutor.accessMainPhase(TestCaseExecutor.java:299)
	at com.kms.katalon.core.main.TestCaseExecutor.execute(TestCaseExecutor.java:233)
	at com.kms.katalon.core.main.TestSuiteExecutor.accessTestCaseMainPhase(TestSuiteExecutor.java:169)
	at com.kms.katalon.core.main.TestSuiteExecutor.accessTestSuiteMainPhase(TestSuiteExecutor.java:142)
	at com.kms.katalon.core.main.TestSuiteExecutor.execute(TestSuiteExecutor.java:91)
	at com.kms.katalon.core.main.TestCaseMain.startTestSuite(TestCaseMain.java:157)
	at com.kms.katalon.core.main.TestCaseMain$startTestSuite$0.call(Unknown Source)
	at TempTestSuite1587711612879.run(TempTestSuite1587711612879.groovy:37)
)

2020-04-24 08:36:08 - [MESSAGE][FAILED] - Text 'Gallery' is not present on page  (Root cause: com.kms.katalon.core.exception.StepFailedException: Text 'Gallery' is not present on page 
	at com.kms.katalon.core.webui.keyword.internal.WebUIKeywordMain.stepFailed(WebUIKeywordMain.groovy:64)
	at com.kms.katalon.core.webui.keyword.builtin.VerifyTextPresentKeyword$_verifyTextPresent_closure1.doCall(VerifyTextPresentKeyword.groovy:79)
	at com.kms.katalon.core.webui.keyword.builtin.VerifyTextPresentKeyword$_verifyTextPresent_closure1.call(VerifyTextPresentKeyword.groovy)
	at com.kms.katalon.core.webui.keyword.internal.WebUIKeywordMain.runKeyword(WebUIKeywordMain.groovy:20)
	at com.kms.katalon.core.webui.keyword.builtin.VerifyTextPresentKeyword.verifyTextPresent(VerifyTextPresentKeyword.groovy:83)
	at com.kms.katalon.core.webui.keyword.builtin.VerifyTextPresentKeyword.execute(VerifyTextPresentKeyword.groovy:68)
	at com.kms.katalon.core.keyword.internal.KeywordExecutor.executeKeywordForPlatform(KeywordExecutor.groovy:72)
	at com.kms.katalon.core.webui.keyword.WebUiBuiltInKeywords.verifyTextPresent(WebUiBuiltInKeywords.groovy:1719)
	at com.kms.katalon.core.webui.keyword.WebUiBuiltInKeywords$verifyTextPresent$2.call(Unknown Source)
	at Members_Activity_Photo_Stats.run(Members_Activity_Photo_Stats:63)
	at com.kms.katalon.core.main.ScriptEngine.run(ScriptEngine.java:194)
	at com.kms.katalon.core.main.ScriptEngine.runScriptAsRawText(ScriptEngine.java:119)
	at com.kms.katalon.core.main.TestCaseExecutor.runScript(TestCaseExecutor.java:337)
	at com.kms.katalon.core.main.TestCaseExecutor.doExecute(TestCaseExecutor.java:328)
	at com.kms.katalon.core.main.TestCaseExecutor.processExecutionPhase(TestCaseExecutor.java:307)
	at com.kms.katalon.core.main.TestCaseExecutor.accessMainPhase(TestCaseExecutor.java:299)
	at com.kms.katalon.core.main.TestCaseExecutor.execute(TestCaseExecutor.java:233)
	at com.kms.katalon.core.main.TestCaseMain.runTestCase(TestCaseMain.java:114)
	at com.kms.katalon.core.keyword.builtin.CallTestCaseKeyword$_callTestCase_closure1.doCall(CallTestCaseKeyword.groovy:59)
	at com.kms.katalon.core.keyword.builtin.CallTestCaseKeyword$_callTestCase_closure1.call(CallTestCaseKeyword.groovy)
	at com.kms.katalon.core.keyword.internal.KeywordMain.runKeyword(KeywordMain.groovy:68)
	at com.kms.katalon.core.keyword.builtin.CallTestCaseKeyword.callTestCase(CallTestCaseKeyword.groovy:81)
	at com.kms.katalon.core.keyword.builtin.CallTestCaseKeyword.execute(CallTestCaseKeyword.groovy:44)
	at com.kms.katalon.core.keyword.internal.KeywordExecutor.executeKeywordForPlatform(KeywordExecutor.groovy:72)
	at com.kms.katalon.core.keyword.BuiltinKeywords.callTestCase(BuiltinKeywords.groovy:334)
	at Members_Activity_Photo_Stats.run(Members_Activity_Photo_Stats:64)
	at com.kms.katalon.core.main.ScriptEngine.run(ScriptEngine.java:194)
	at com.kms.katalon.core.main.ScriptEngine.runScriptAsRawText(ScriptEngine.java:119)
	at com.kms.katalon.core.main.TestCaseExecutor.runScript(TestCaseExecutor.java:337)
	at com.kms.katalon.core.main.TestCaseExecutor.doExecute(TestCaseExecutor.java:328)
	at com.kms.katalon.core.main.TestCaseExecutor.processExecutionPhase(TestCaseExecutor.java:307)
	at com.kms.katalon.core.main.TestCaseExecutor.accessMainPhase(TestCaseExecutor.java:299)
	at com.kms.katalon.core.main.TestCaseExecutor.execute(TestCaseExecutor.java:233)
	at com.kms.katalon.core.main.TestSuiteExecutor.accessTestCaseMainPhase(TestSuiteExecutor.java:169)
	at com.kms.katalon.core.main.TestSuiteExecutor.accessTestSuiteMainPhase(TestSuiteExecutor.java:142)
	at com.kms.katalon.core.main.TestSuiteExecutor.execute(TestSuiteExecutor.java:91)
	at com.kms.katalon.core.main.TestCaseMain.startTestSuite(TestCaseMain.java:157)
	at com.kms.katalon.core.main.TestCaseMain$startTestSuite$0.call(Unknown Source)
	at TempTestSuite1587711612879.run(TempTestSuite1587711612879.groovy:37)
)

2020-04-24 08:36:08 - [TEST_STEP][PASSED] - verifyTextPresent("Feedback", false): Text 'Feedback' is present on page 

2020-04-24 08:36:08 - [MESSAGE][PASSED] - Text 'Feedback' is present on page 

2020-04-24 08:36:08 - [TEST_STEP][FAILED] - verifyTextPresent("Team", false): Text 'Team' is not present on page  (Root cause: com.kms.katalon.core.exception.StepFailedException: Text 'Team' is not present on page 
	at com.kms.katalon.core.webui.keyword.internal.WebUIKeywordMain.stepFailed(WebUIKeywordMain.groovy:64)
	at com.kms.katalon.core.webui.keyword.builtin.VerifyTextPresentKeyword$_verifyTextPresent_closure1.doCall(VerifyTextPresentKeyword.groovy:79)
	at com.kms.katalon.core.webui.keyword.builtin.VerifyTextPresentKeyword$_verifyTextPresent_closure1.call(VerifyTextPresentKeyword.groovy)
	at com.kms.katalon.core.webui.keyword.internal.WebUIKeywordMain.runKeyword(WebUIKeywordMain.groovy:20)
	at com.kms.katalon.core.webui.keyword.builtin.VerifyTextPresentKeyword.verifyTextPresent(VerifyTextPresentKeyword.groovy:83)
	at com.kms.katalon.core.webui.keyword.builtin.VerifyTextPresentKeyword.execute(VerifyTextPresentKeyword.groovy:68)
	at com.kms.katalon.core.keyword.internal.KeywordExecutor.executeKeywordForPlatform(KeywordExecutor.groovy:72)
	at com.kms.katalon.core.webui.keyword.WebUiBuiltInKeywords.verifyTextPresent(WebUiBuiltInKeywords.groovy:1719)
	at com.kms.katalon.core.webui.keyword.WebUiBuiltInKeywords$verifyTextPresent$2.call(Unknown Source)
	at Members_Activity_Photo_Stats.run(Members_Activity_Photo_Stats:67)
	at com.kms.katalon.core.main.ScriptEngine.run(ScriptEngine.java:194)
	at com.kms.katalon.core.main.ScriptEngine.runScriptAsRawText(ScriptEngine.java:119)
	at com.kms.katalon.core.main.TestCaseExecutor.runScript(TestCaseExecutor.java:337)
	at com.kms.katalon.core.main.TestCaseExecutor.doExecute(TestCaseExecutor.java:328)
	at com.kms.katalon.core.main.TestCaseExecutor.processExecutionPhase(TestCaseExecutor.java:307)
	at com.kms.katalon.core.main.TestCaseExecutor.accessMainPhase(TestCaseExecutor.java:299)
	at com.kms.katalon.core.main.TestCaseExecutor.execute(TestCaseExecutor.java:233)
	at com.kms.katalon.core.main.TestCaseMain.runTestCase(TestCaseMain.java:114)
	at com.kms.katalon.core.keyword.builtin.CallTestCaseKeyword$_callTestCase_closure1.doCall(CallTestCaseKeyword.groovy:59)
	at com.kms.katalon.core.keyword.builtin.CallTestCaseKeyword$_callTestCase_closure1.call(CallTestCaseKeyword.groovy)
	at com.kms.katalon.core.keyword.internal.KeywordMain.runKeyword(KeywordMain.groovy:68)
	at com.kms.katalon.core.keyword.builtin.CallTestCaseKeyword.callTestCase(CallTestCaseKeyword.groovy:81)
	at com.kms.katalon.core.keyword.builtin.CallTestCaseKeyword.execute(CallTestCaseKeyword.groovy:44)
	at com.kms.katalon.core.keyword.internal.KeywordExecutor.executeKeywordForPlatform(KeywordExecutor.groovy:72)
	at com.kms.katalon.core.keyword.BuiltinKeywords.callTestCase(BuiltinKeywords.groovy:334)
	at Members_Activity_Photo_Stats.run(Members_Activity_Photo_Stats:64)
	at com.kms.katalon.core.main.ScriptEngine.run(ScriptEngine.java:194)
	at com.kms.katalon.core.main.ScriptEngine.runScriptAsRawText(ScriptEngine.java:119)
	at com.kms.katalon.core.main.TestCaseExecutor.runScript(TestCaseExecutor.java:337)
	at com.kms.katalon.core.main.TestCaseExecutor.doExecute(TestCaseExecutor.java:328)
	at com.kms.katalon.core.main.TestCaseExecutor.processExecutionPhase(TestCaseExecutor.java:307)
	at com.kms.katalon.core.main.TestCaseExecutor.accessMainPhase(TestCaseExecutor.java:299)
	at com.kms.katalon.core.main.TestCaseExecutor.execute(TestCaseExecutor.java:233)
	at com.kms.katalon.core.main.TestSuiteExecutor.accessTestCaseMainPhase(TestSuiteExecutor.java:169)
	at com.kms.katalon.core.main.TestSuiteExecutor.accessTestSuiteMainPhase(TestSuiteExecutor.java:142)
	at com.kms.katalon.core.main.TestSuiteExecutor.execute(TestSuiteExecutor.java:91)
	at com.kms.katalon.core.main.TestCaseMain.startTestSuite(TestCaseMain.java:157)
	at com.kms.katalon.core.main.TestCaseMain$startTestSuite$0.call(Unknown Source)
	at TempTestSuite1587711612879.run(TempTestSuite1587711612879.groovy:37)
)

2020-04-24 08:36:08 - [MESSAGE][FAILED] - Text 'Team' is not present on page  (Root cause: com.kms.katalon.core.exception.StepFailedException: Text 'Team' is not present on page 
	at com.kms.katalon.core.webui.keyword.internal.WebUIKeywordMain.stepFailed(WebUIKeywordMain.groovy:64)
	at com.kms.katalon.core.webui.keyword.builtin.VerifyTextPresentKeyword$_verifyTextPresent_closure1.doCall(VerifyTextPresentKeyword.groovy:79)
	at com.kms.katalon.core.webui.keyword.builtin.VerifyTextPresentKeyword$_verifyTextPresent_closure1.call(VerifyTextPresentKeyword.groovy)
	at com.kms.katalon.core.webui.keyword.internal.WebUIKeywordMain.runKeyword(WebUIKeywordMain.groovy:20)
	at com.kms.katalon.core.webui.keyword.builtin.VerifyTextPresentKeyword.verifyTextPresent(VerifyTextPresentKeyword.groovy:83)
	at com.kms.katalon.core.webui.keyword.builtin.VerifyTextPresentKeyword.execute(VerifyTextPresentKeyword.groovy:68)
	at com.kms.katalon.core.keyword.internal.KeywordExecutor.executeKeywordForPlatform(KeywordExecutor.groovy:72)
	at com.kms.katalon.core.webui.keyword.WebUiBuiltInKeywords.verifyTextPresent(WebUiBuiltInKeywords.groovy:1719)
	at com.kms.katalon.core.webui.keyword.WebUiBuiltInKeywords$verifyTextPresent$2.call(Unknown Source)
	at Members_Activity_Photo_Stats.run(Members_Activity_Photo_Stats:67)
	at com.kms.katalon.core.main.ScriptEngine.run(ScriptEngine.java:194)
	at com.kms.katalon.core.main.ScriptEngine.runScriptAsRawText(ScriptEngine.java:119)
	at com.kms.katalon.core.main.TestCaseExecutor.runScript(TestCaseExecutor.java:337)
	at com.kms.katalon.core.main.TestCaseExecutor.doExecute(TestCaseExecutor.java:328)
	at com.kms.katalon.core.main.TestCaseExecutor.processExecutionPhase(TestCaseExecutor.java:307)
	at com.kms.katalon.core.main.TestCaseExecutor.accessMainPhase(TestCaseExecutor.java:299)
	at com.kms.katalon.core.main.TestCaseExecutor.execute(TestCaseExecutor.java:233)
	at com.kms.katalon.core.main.TestCaseMain.runTestCase(TestCaseMain.java:114)
	at com.kms.katalon.core.keyword.builtin.CallTestCaseKeyword$_callTestCase_closure1.doCall(CallTestCaseKeyword.groovy:59)
	at com.kms.katalon.core.keyword.builtin.CallTestCaseKeyword$_callTestCase_closure1.call(CallTestCaseKeyword.groovy)
	at com.kms.katalon.core.keyword.internal.KeywordMain.runKeyword(KeywordMain.groovy:68)
	at com.kms.katalon.core.keyword.builtin.CallTestCaseKeyword.callTestCase(CallTestCaseKeyword.groovy:81)
	at com.kms.katalon.core.keyword.builtin.CallTestCaseKeyword.execute(CallTestCaseKeyword.groovy:44)
	at com.kms.katalon.core.keyword.internal.KeywordExecutor.executeKeywordForPlatform(KeywordExecutor.groovy:72)
	at com.kms.katalon.core.keyword.BuiltinKeywords.callTestCase(BuiltinKeywords.groovy:334)
	at Members_Activity_Photo_Stats.run(Members_Activity_Photo_Stats:64)
	at com.kms.katalon.core.main.ScriptEngine.run(ScriptEngine.java:194)
	at com.kms.katalon.core.main.ScriptEngine.runScriptAsRawText(ScriptEngine.java:119)
	at com.kms.katalon.core.main.TestCaseExecutor.runScript(TestCaseExecutor.java:337)
	at com.kms.katalon.core.main.TestCaseExecutor.doExecute(TestCaseExecutor.java:328)
	at com.kms.katalon.core.main.TestCaseExecutor.processExecutionPhase(TestCaseExecutor.java:307)
	at com.kms.katalon.core.main.TestCaseExecutor.accessMainPhase(TestCaseExecutor.java:299)
	at com.kms.katalon.core.main.TestCaseExecutor.execute(TestCaseExecutor.java:233)
	at com.kms.katalon.core.main.TestSuiteExecutor.accessTestCaseMainPhase(TestSuiteExecutor.java:169)
	at com.kms.katalon.core.main.TestSuiteExecutor.accessTestSuiteMainPhase(TestSuiteExecutor.java:142)
	at com.kms.katalon.core.main.TestSuiteExecutor.execute(TestSuiteExecutor.java:91)
	at com.kms.katalon.core.main.TestCaseMain.startTestSuite(TestCaseMain.java:157)
	at com.kms.katalon.core.main.TestCaseMain$startTestSuite$0.call(Unknown Source)
	at TempTestSuite1587711612879.run(TempTestSuite1587711612879.groovy:37)
)

2020-04-24 08:36:08 - [TEST_STEP][FAILED] - verifyTextPresent("Logo", false): Text 'Logo' is not present on page  (Root cause: com.kms.katalon.core.exception.StepFailedException: Text 'Logo' is not present on page 
	at com.kms.katalon.core.webui.keyword.internal.WebUIKeywordMain.stepFailed(WebUIKeywordMain.groovy:64)
	at com.kms.katalon.core.webui.keyword.builtin.VerifyTextPresentKeyword$_verifyTextPresent_closure1.doCall(VerifyTextPresentKeyword.groovy:79)
	at com.kms.katalon.core.webui.keyword.builtin.VerifyTextPresentKeyword$_verifyTextPresent_closure1.call(VerifyTextPresentKeyword.groovy)
	at com.kms.katalon.core.webui.keyword.internal.WebUIKeywordMain.runKeyword(WebUIKeywordMain.groovy:20)
	at com.kms.katalon.core.webui.keyword.builtin.VerifyTextPresentKeyword.verifyTextPresent(VerifyTextPresentKeyword.groovy:83)
	at com.kms.katalon.core.webui.keyword.builtin.VerifyTextPresentKeyword.execute(VerifyTextPresentKeyword.groovy:68)
	at com.kms.katalon.core.keyword.internal.KeywordExecutor.executeKeywordForPlatform(KeywordExecutor.groovy:72)
	at com.kms.katalon.core.webui.keyword.WebUiBuiltInKeywords.verifyTextPresent(WebUiBuiltInKeywords.groovy:1719)
	at com.kms.katalon.core.webui.keyword.WebUiBuiltInKeywords$verifyTextPresent$2.call(Unknown Source)
	at Members_Activity_Photo_Stats.run(Members_Activity_Photo_Stats:69)
	at com.kms.katalon.core.main.ScriptEngine.run(ScriptEngine.java:194)
	at com.kms.katalon.core.main.ScriptEngine.runScriptAsRawText(ScriptEngine.java:119)
	at com.kms.katalon.core.main.TestCaseExecutor.runScript(TestCaseExecutor.java:337)
	at com.kms.katalon.core.main.TestCaseExecutor.doExecute(TestCaseExecutor.java:328)
	at com.kms.katalon.core.main.TestCaseExecutor.processExecutionPhase(TestCaseExecutor.java:307)
	at com.kms.katalon.core.main.TestCaseExecutor.accessMainPhase(TestCaseExecutor.java:299)
	at com.kms.katalon.core.main.TestCaseExecutor.execute(TestCaseExecutor.java:233)
	at com.kms.katalon.core.main.TestCaseMain.runTestCase(TestCaseMain.java:114)
	at com.kms.katalon.core.keyword.builtin.CallTestCaseKeyword$_callTestCase_closure1.doCall(CallTestCaseKeyword.groovy:59)
	at com.kms.katalon.core.keyword.builtin.CallTestCaseKeyword$_callTestCase_closure1.call(CallTestCaseKeyword.groovy)
	at com.kms.katalon.core.keyword.internal.KeywordMain.runKeyword(KeywordMain.groovy:68)
	at com.kms.katalon.core.keyword.builtin.CallTestCaseKeyword.callTestCase(CallTestCaseKeyword.groovy:81)
	at com.kms.katalon.core.keyword.builtin.CallTestCaseKeyword.execute(CallTestCaseKeyword.groovy:44)
	at com.kms.katalon.core.keyword.internal.KeywordExecutor.executeKeywordForPlatform(KeywordExecutor.groovy:72)
	at com.kms.katalon.core.keyword.BuiltinKeywords.callTestCase(BuiltinKeywords.groovy:334)
	at Members_Activity_Photo_Stats.run(Members_Activity_Photo_Stats:64)
	at com.kms.katalon.core.main.ScriptEngine.run(ScriptEngine.java:194)
	at com.kms.katalon.core.main.ScriptEngine.runScriptAsRawText(ScriptEngine.java:119)
	at com.kms.katalon.core.main.TestCaseExecutor.runScript(TestCaseExecutor.java:337)
	at com.kms.katalon.core.main.TestCaseExecutor.doExecute(TestCaseExecutor.java:328)
	at com.kms.katalon.core.main.TestCaseExecutor.processExecutionPhase(TestCaseExecutor.java:307)
	at com.kms.katalon.core.main.TestCaseExecutor.accessMainPhase(TestCaseExecutor.java:299)
	at com.kms.katalon.core.main.TestCaseExecutor.execute(TestCaseExecutor.java:233)
	at com.kms.katalon.core.main.TestSuiteExecutor.accessTestCaseMainPhase(TestSuiteExecutor.java:169)
	at com.kms.katalon.core.main.TestSuiteExecutor.accessTestSuiteMainPhase(TestSuiteExecutor.java:142)
	at com.kms.katalon.core.main.TestSuiteExecutor.execute(TestSuiteExecutor.java:91)
	at com.kms.katalon.core.main.TestCaseMain.startTestSuite(TestCaseMain.java:157)
	at com.kms.katalon.core.main.TestCaseMain$startTestSuite$0.call(Unknown Source)
	at TempTestSuite1587711612879.run(TempTestSuite1587711612879.groovy:37)
)

2020-04-24 08:36:08 - [MESSAGE][FAILED] - Text 'Logo' is not present on page  (Root cause: com.kms.katalon.core.exception.StepFailedException: Text 'Logo' is not present on page 
	at com.kms.katalon.core.webui.keyword.internal.WebUIKeywordMain.stepFailed(WebUIKeywordMain.groovy:64)
	at com.kms.katalon.core.webui.keyword.builtin.VerifyTextPresentKeyword$_verifyTextPresent_closure1.doCall(VerifyTextPresentKeyword.groovy:79)
	at com.kms.katalon.core.webui.keyword.builtin.VerifyTextPresentKeyword$_verifyTextPresent_closure1.call(VerifyTextPresentKeyword.groovy)
	at com.kms.katalon.core.webui.keyword.internal.WebUIKeywordMain.runKeyword(WebUIKeywordMain.groovy:20)
	at com.kms.katalon.core.webui.keyword.builtin.VerifyTextPresentKeyword.verifyTextPresent(VerifyTextPresentKeyword.groovy:83)
	at com.kms.katalon.core.webui.keyword.builtin.VerifyTextPresentKeyword.execute(VerifyTextPresentKeyword.groovy:68)
	at com.kms.katalon.core.keyword.internal.KeywordExecutor.executeKeywordForPlatform(KeywordExecutor.groovy:72)
	at com.kms.katalon.core.webui.keyword.WebUiBuiltInKeywords.verifyTextPresent(WebUiBuiltInKeywords.groovy:1719)
	at com.kms.katalon.core.webui.keyword.WebUiBuiltInKeywords$verifyTextPresent$2.call(Unknown Source)
	at Members_Activity_Photo_Stats.run(Members_Activity_Photo_Stats:69)
	at com.kms.katalon.core.main.ScriptEngine.run(ScriptEngine.java:194)
	at com.kms.katalon.core.main.ScriptEngine.runScriptAsRawText(ScriptEngine.java:119)
	at com.kms.katalon.core.main.TestCaseExecutor.runScript(TestCaseExecutor.java:337)
	at com.kms.katalon.core.main.TestCaseExecutor.doExecute(TestCaseExecutor.java:328)
	at com.kms.katalon.core.main.TestCaseExecutor.processExecutionPhase(TestCaseExecutor.java:307)
	at com.kms.katalon.core.main.TestCaseExecutor.accessMainPhase(TestCaseExecutor.java:299)
	at com.kms.katalon.core.main.TestCaseExecutor.execute(TestCaseExecutor.java:233)
	at com.kms.katalon.core.main.TestCaseMain.runTestCase(TestCaseMain.java:114)
	at com.kms.katalon.core.keyword.builtin.CallTestCaseKeyword$_callTestCase_closure1.doCall(CallTestCaseKeyword.groovy:59)
	at com.kms.katalon.core.keyword.builtin.CallTestCaseKeyword$_callTestCase_closure1.call(CallTestCaseKeyword.groovy)
	at com.kms.katalon.core.keyword.internal.KeywordMain.runKeyword(KeywordMain.groovy:68)
	at com.kms.katalon.core.keyword.builtin.CallTestCaseKeyword.callTestCase(CallTestCaseKeyword.groovy:81)
	at com.kms.katalon.core.keyword.builtin.CallTestCaseKeyword.execute(CallTestCaseKeyword.groovy:44)
	at com.kms.katalon.core.keyword.internal.KeywordExecutor.executeKeywordForPlatform(KeywordExecutor.groovy:72)
	at com.kms.katalon.core.keyword.BuiltinKeywords.callTestCase(BuiltinKeywords.groovy:334)
	at Members_Activity_Photo_Stats.run(Members_Activity_Photo_Stats:64)
	at com.kms.katalon.core.main.ScriptEngine.run(ScriptEngine.java:194)
	at com.kms.katalon.core.main.ScriptEngine.runScriptAsRawText(ScriptEngine.java:119)
	at com.kms.katalon.core.main.TestCaseExecutor.runScript(TestCaseExecutor.java:337)
	at com.kms.katalon.core.main.TestCaseExecutor.doExecute(TestCaseExecutor.java:328)
	at com.kms.katalon.core.main.TestCaseExecutor.processExecutionPhase(TestCaseExecutor.java:307)
	at com.kms.katalon.core.main.TestCaseExecutor.accessMainPhase(TestCaseExecutor.java:299)
	at com.kms.katalon.core.main.TestCaseExecutor.execute(TestCaseExecutor.java:233)
	at com.kms.katalon.core.main.TestSuiteExecutor.accessTestCaseMainPhase(TestSuiteExecutor.java:169)
	at com.kms.katalon.core.main.TestSuiteExecutor.accessTestSuiteMainPhase(TestSuiteExecutor.java:142)
	at com.kms.katalon.core.main.TestSuiteExecutor.execute(TestSuiteExecutor.java:91)
	at com.kms.katalon.core.main.TestCaseMain.startTestSuite(TestCaseMain.java:157)
	at com.kms.katalon.core.main.TestCaseMain$startTestSuite$0.call(Unknown Source)
	at TempTestSuite1587711612879.run(TempTestSuite1587711612879.groovy:37)
)

2020-04-24 08:36:08 - [TEST_STEP][FAILED] - verifyTextPresent("Total", false): Text 'Total' is not present on page  (Root cause: com.kms.katalon.core.exception.StepFailedException: Text 'Total' is not present on page 
	at com.kms.katalon.core.webui.keyword.internal.WebUIKeywordMain.stepFailed(WebUIKeywordMain.groovy:64)
	at com.kms.katalon.core.webui.keyword.builtin.VerifyTextPresentKeyword$_verifyTextPresent_closure1.doCall(VerifyTextPresentKeyword.groovy:79)
	at com.kms.katalon.core.webui.keyword.builtin.VerifyTextPresentKeyword$_verifyTextPresent_closure1.call(VerifyTextPresentKeyword.groovy)
	at com.kms.katalon.core.webui.keyword.internal.WebUIKeywordMain.runKeyword(WebUIKeywordMain.groovy:20)
	at com.kms.katalon.core.webui.keyword.builtin.VerifyTextPresentKeyword.verifyTextPresent(VerifyTextPresentKeyword.groovy:83)
	at com.kms.katalon.core.webui.keyword.builtin.VerifyTextPresentKeyword.execute(VerifyTextPresentKeyword.groovy:68)
	at com.kms.katalon.core.keyword.internal.KeywordExecutor.executeKeywordForPlatform(KeywordExecutor.groovy:72)
	at com.kms.katalon.core.webui.keyword.WebUiBuiltInKeywords.verifyTextPresent(WebUiBuiltInKeywords.groovy:1719)
	at com.kms.katalon.core.webui.keyword.WebUiBuiltInKeywords$verifyTextPresent$2.call(Unknown Source)
	at Members_Activity_Photo_Stats.run(Members_Activity_Photo_Stats:71)
	at com.kms.katalon.core.main.ScriptEngine.run(ScriptEngine.java:194)
	at com.kms.katalon.core.main.ScriptEngine.runScriptAsRawText(ScriptEngine.java:119)
	at com.kms.katalon.core.main.TestCaseExecutor.runScript(TestCaseExecutor.java:337)
	at com.kms.katalon.core.main.TestCaseExecutor.doExecute(TestCaseExecutor.java:328)
	at com.kms.katalon.core.main.TestCaseExecutor.processExecutionPhase(TestCaseExecutor.java:307)
	at com.kms.katalon.core.main.TestCaseExecutor.accessMainPhase(TestCaseExecutor.java:299)
	at com.kms.katalon.core.main.TestCaseExecutor.execute(TestCaseExecutor.java:233)
	at com.kms.katalon.core.main.TestCaseMain.runTestCase(TestCaseMain.java:114)
	at com.kms.katalon.core.keyword.builtin.CallTestCaseKeyword$_callTestCase_closure1.doCall(CallTestCaseKeyword.groovy:59)
	at com.kms.katalon.core.keyword.builtin.CallTestCaseKeyword$_callTestCase_closure1.call(CallTestCaseKeyword.groovy)
	at com.kms.katalon.core.keyword.internal.KeywordMain.runKeyword(KeywordMain.groovy:68)
	at com.kms.katalon.core.keyword.builtin.CallTestCaseKeyword.callTestCase(CallTestCaseKeyword.groovy:81)
	at com.kms.katalon.core.keyword.builtin.CallTestCaseKeyword.execute(CallTestCaseKeyword.groovy:44)
	at com.kms.katalon.core.keyword.internal.KeywordExecutor.executeKeywordForPlatform(KeywordExecutor.groovy:72)
	at com.kms.katalon.core.keyword.BuiltinKeywords.callTestCase(BuiltinKeywords.groovy:334)
	at Members_Activity_Photo_Stats.run(Members_Activity_Photo_Stats:64)
	at com.kms.katalon.core.main.ScriptEngine.run(ScriptEngine.java:194)
	at com.kms.katalon.core.main.ScriptEngine.runScriptAsRawText(ScriptEngine.java:119)
	at com.kms.katalon.core.main.TestCaseExecutor.runScript(TestCaseExecutor.java:337)
	at com.kms.katalon.core.main.TestCaseExecutor.doExecute(TestCaseExecutor.java:328)
	at com.kms.katalon.core.main.TestCaseExecutor.processExecutionPhase(TestCaseExecutor.java:307)
	at com.kms.katalon.core.main.TestCaseExecutor.accessMainPhase(TestCaseExecutor.java:299)
	at com.kms.katalon.core.main.TestCaseExecutor.execute(TestCaseExecutor.java:233)
	at com.kms.katalon.core.main.TestSuiteExecutor.accessTestCaseMainPhase(TestSuiteExecutor.java:169)
	at com.kms.katalon.core.main.TestSuiteExecutor.accessTestSuiteMainPhase(TestSuiteExecutor.java:142)
	at com.kms.katalon.core.main.TestSuiteExecutor.execute(TestSuiteExecutor.java:91)
	at com.kms.katalon.core.main.TestCaseMain.startTestSuite(TestCaseMain.java:157)
	at com.kms.katalon.core.main.TestCaseMain$startTestSuite$0.call(Unknown Source)
	at TempTestSuite1587711612879.run(TempTestSuite1587711612879.groovy:37)
)

2020-04-24 08:36:08 - [MESSAGE][FAILED] - Text 'Total' is not present on page  (Root cause: com.kms.katalon.core.exception.StepFailedException: Text 'Total' is not present on page 
	at com.kms.katalon.core.webui.keyword.internal.WebUIKeywordMain.stepFailed(WebUIKeywordMain.groovy:64)
	at com.kms.katalon.core.webui.keyword.builtin.VerifyTextPresentKeyword$_verifyTextPresent_closure1.doCall(VerifyTextPresentKeyword.groovy:79)
	at com.kms.katalon.core.webui.keyword.builtin.VerifyTextPresentKeyword$_verifyTextPresent_closure1.call(VerifyTextPresentKeyword.groovy)
	at com.kms.katalon.core.webui.keyword.internal.WebUIKeywordMain.runKeyword(WebUIKeywordMain.groovy:20)
	at com.kms.katalon.core.webui.keyword.builtin.VerifyTextPresentKeyword.verifyTextPresent(VerifyTextPresentKeyword.groovy:83)
	at com.kms.katalon.core.webui.keyword.builtin.VerifyTextPresentKeyword.execute(VerifyTextPresentKeyword.groovy:68)
	at com.kms.katalon.core.keyword.internal.KeywordExecutor.executeKeywordForPlatform(KeywordExecutor.groovy:72)
	at com.kms.katalon.core.webui.keyword.WebUiBuiltInKeywords.verifyTextPresent(WebUiBuiltInKeywords.groovy:1719)
	at com.kms.katalon.core.webui.keyword.WebUiBuiltInKeywords$verifyTextPresent$2.call(Unknown Source)
	at Members_Activity_Photo_Stats.run(Members_Activity_Photo_Stats:71)
	at com.kms.katalon.core.main.ScriptEngine.run(ScriptEngine.java:194)
	at com.kms.katalon.core.main.ScriptEngine.runScriptAsRawText(ScriptEngine.java:119)
	at com.kms.katalon.core.main.TestCaseExecutor.runScript(TestCaseExecutor.java:337)
	at com.kms.katalon.core.main.TestCaseExecutor.doExecute(TestCaseExecutor.java:328)
	at com.kms.katalon.core.main.TestCaseExecutor.processExecutionPhase(TestCaseExecutor.java:307)
	at com.kms.katalon.core.main.TestCaseExecutor.accessMainPhase(TestCaseExecutor.java:299)
	at com.kms.katalon.core.main.TestCaseExecutor.execute(TestCaseExecutor.java:233)
	at com.kms.katalon.core.main.TestCaseMain.runTestCase(TestCaseMain.java:114)
	at com.kms.katalon.core.keyword.builtin.CallTestCaseKeyword$_callTestCase_closure1.doCall(CallTestCaseKeyword.groovy:59)
	at com.kms.katalon.core.keyword.builtin.CallTestCaseKeyword$_callTestCase_closure1.call(CallTestCaseKeyword.groovy)
	at com.kms.katalon.core.keyword.internal.KeywordMain.runKeyword(KeywordMain.groovy:68)
	at com.kms.katalon.core.keyword.builtin.CallTestCaseKeyword.callTestCase(CallTestCaseKeyword.groovy:81)
	at com.kms.katalon.core.keyword.builtin.CallTestCaseKeyword.execute(CallTestCaseKeyword.groovy:44)
	at com.kms.katalon.core.keyword.internal.KeywordExecutor.executeKeywordForPlatform(KeywordExecutor.groovy:72)
	at com.kms.katalon.core.keyword.BuiltinKeywords.callTestCase(BuiltinKeywords.groovy:334)
	at Members_Activity_Photo_Stats.run(Members_Activity_Photo_Stats:64)
	at com.kms.katalon.core.main.ScriptEngine.run(ScriptEngine.java:194)
	at com.kms.katalon.core.main.ScriptEngine.runScriptAsRawText(ScriptEngine.java:119)
	at com.kms.katalon.core.main.TestCaseExecutor.runScript(TestCaseExecutor.java:337)
	at com.kms.katalon.core.main.TestCaseExecutor.doExecute(TestCaseExecutor.java:328)
	at com.kms.katalon.core.main.TestCaseExecutor.processExecutionPhase(TestCaseExecutor.java:307)
	at com.kms.katalon.core.main.TestCaseExecutor.accessMainPhase(TestCaseExecutor.java:299)
	at com.kms.katalon.core.main.TestCaseExecutor.execute(TestCaseExecutor.java:233)
	at com.kms.katalon.core.main.TestSuiteExecutor.accessTestCaseMainPhase(TestSuiteExecutor.java:169)
	at com.kms.katalon.core.main.TestSuiteExecutor.accessTestSuiteMainPhase(TestSuiteExecutor.java:142)
	at com.kms.katalon.core.main.TestSuiteExecutor.execute(TestSuiteExecutor.java:91)
	at com.kms.katalon.core.main.TestCaseMain.startTestSuite(TestCaseMain.java:157)
	at com.kms.katalon.core.main.TestCaseMain$startTestSuite$0.call(Unknown Source)
	at TempTestSuite1587711612879.run(TempTestSuite1587711612879.groovy:37)
)

2020-04-24 08:36:08 - [TEST_STEP][PASSED] - "----------------------------------------------": null

2020-04-24 08:36:08 - [TEST_STEP][FAILED] - verifyTextPresent("Gilbert Driveways", false): Text 'Gilbert Driveways' is not present on page  (Root cause: com.kms.katalon.core.exception.StepFailedException: Text 'Gilbert Driveways' is not present on page 
	at com.kms.katalon.core.webui.keyword.internal.WebUIKeywordMain.stepFailed(WebUIKeywordMain.groovy:64)
	at com.kms.katalon.core.webui.keyword.builtin.VerifyTextPresentKeyword$_verifyTextPresent_closure1.doCall(VerifyTextPresentKeyword.groovy:79)
	at com.kms.katalon.core.webui.keyword.builtin.VerifyTextPresentKeyword$_verifyTextPresent_closure1.call(VerifyTextPresentKeyword.groovy)
	at com.kms.katalon.core.webui.keyword.internal.WebUIKeywordMain.runKeyword(WebUIKeywordMain.groovy:20)
	at com.kms.katalon.core.webui.keyword.builtin.VerifyTextPresentKeyword.verifyTextPresent(VerifyTextPresentKeyword.groovy:83)
	at com.kms.katalon.core.webui.keyword.builtin.VerifyTextPresentKeyword.execute(VerifyTextPresentKeyword.groovy:68)
	at com.kms.katalon.core.keyword.internal.KeywordExecutor.executeKeywordForPlatform(KeywordExecutor.groovy:72)
	at com.kms.katalon.core.webui.keyword.WebUiBuiltInKeywords.verifyTextPresent(WebUiBuiltInKeywords.groovy:1719)
	at com.kms.katalon.core.webui.keyword.WebUiBuiltInKeywords$verifyTextPresent$2.call(Unknown Source)
	at Members_Activity_Photo_Stats.run(Members_Activity_Photo_Stats:77)
	at com.kms.katalon.core.main.ScriptEngine.run(ScriptEngine.java:194)
	at com.kms.katalon.core.main.ScriptEngine.runScriptAsRawText(ScriptEngine.java:119)
	at com.kms.katalon.core.main.TestCaseExecutor.runScript(TestCaseExecutor.java:337)
	at com.kms.katalon.core.main.TestCaseExecutor.doExecute(TestCaseExecutor.java:328)
	at com.kms.katalon.core.main.TestCaseExecutor.processExecutionPhase(TestCaseExecutor.java:307)
	at com.kms.katalon.core.main.TestCaseExecutor.accessMainPhase(TestCaseExecutor.java:299)
	at com.kms.katalon.core.main.TestCaseExecutor.execute(TestCaseExecutor.java:233)
	at com.kms.katalon.core.main.TestCaseMain.runTestCase(TestCaseMain.java:114)
	at com.kms.katalon.core.keyword.builtin.CallTestCaseKeyword$_callTestCase_closure1.doCall(CallTestCaseKeyword.groovy:59)
	at com.kms.katalon.core.keyword.builtin.CallTestCaseKeyword$_callTestCase_closure1.call(CallTestCaseKeyword.groovy)
	at com.kms.katalon.core.keyword.internal.KeywordMain.runKeyword(KeywordMain.groovy:68)
	at com.kms.katalon.core.keyword.builtin.CallTestCaseKeyword.callTestCase(CallTestCaseKeyword.groovy:81)
	at com.kms.katalon.core.keyword.builtin.CallTestCaseKeyword.execute(CallTestCaseKeyword.groovy:44)
	at com.kms.katalon.core.keyword.internal.KeywordExecutor.executeKeywordForPlatform(KeywordExecutor.groovy:72)
	at com.kms.katalon.core.keyword.BuiltinKeywords.callTestCase(BuiltinKeywords.groovy:334)
	at Members_Activity_Photo_Stats.run(Members_Activity_Photo_Stats:64)
	at com.kms.katalon.core.main.ScriptEngine.run(ScriptEngine.java:194)
	at com.kms.katalon.core.main.ScriptEngine.runScriptAsRawText(ScriptEngine.java:119)
	at com.kms.katalon.core.main.TestCaseExecutor.runScript(TestCaseExecutor.java:337)
	at com.kms.katalon.core.main.TestCaseExecutor.doExecute(TestCaseExecutor.java:328)
	at com.kms.katalon.core.main.TestCaseExecutor.processExecutionPhase(TestCaseExecutor.java:307)
	at com.kms.katalon.core.main.TestCaseExecutor.accessMainPhase(TestCaseExecutor.java:299)
	at com.kms.katalon.core.main.TestCaseExecutor.execute(TestCaseExecutor.java:233)
	at com.kms.katalon.core.main.TestSuiteExecutor.accessTestCaseMainPhase(TestSuiteExecutor.java:169)
	at com.kms.katalon.core.main.TestSuiteExecutor.accessTestSuiteMainPhase(TestSuiteExecutor.java:142)
	at com.kms.katalon.core.main.TestSuiteExecutor.execute(TestSuiteExecutor.java:91)
	at com.kms.katalon.core.main.TestCaseMain.startTestSuite(TestCaseMain.java:157)
	at com.kms.katalon.core.main.TestCaseMain$startTestSuite$0.call(Unknown Source)
	at TempTestSuite1587711612879.run(TempTestSuite1587711612879.groovy:37)
)

2020-04-24 08:36:08 - [MESSAGE][FAILED] - Text 'Gilbert Driveways' is not present on page  (Root cause: com.kms.katalon.core.exception.StepFailedException: Text 'Gilbert Driveways' is not present on page 
	at com.kms.katalon.core.webui.keyword.internal.WebUIKeywordMain.stepFailed(WebUIKeywordMain.groovy:64)
	at com.kms.katalon.core.webui.keyword.builtin.VerifyTextPresentKeyword$_verifyTextPresent_closure1.doCall(VerifyTextPresentKeyword.groovy:79)
	at com.kms.katalon.core.webui.keyword.builtin.VerifyTextPresentKeyword$_verifyTextPresent_closure1.call(VerifyTextPresentKeyword.groovy)
	at com.kms.katalon.core.webui.keyword.internal.WebUIKeywordMain.runKeyword(WebUIKeywordMain.groovy:20)
	at com.kms.katalon.core.webui.keyword.builtin.VerifyTextPresentKeyword.verifyTextPresent(VerifyTextPresentKeyword.groovy:83)
	at com.kms.katalon.core.webui.keyword.builtin.VerifyTextPresentKeyword.execute(VerifyTextPresentKeyword.groovy:68)
	at com.kms.katalon.core.keyword.internal.KeywordExecutor.executeKeywordForPlatform(KeywordExecutor.groovy:72)
	at com.kms.katalon.core.webui.keyword.WebUiBuiltInKeywords.verifyTextPresent(WebUiBuiltInKeywords.groovy:1719)
	at com.kms.katalon.core.webui.keyword.WebUiBuiltInKeywords$verifyTextPresent$2.call(Unknown Source)
	at Members_Activity_Photo_Stats.run(Members_Activity_Photo_Stats:77)
	at com.kms.katalon.core.main.ScriptEngine.run(ScriptEngine.java:194)
	at com.kms.katalon.core.main.ScriptEngine.runScriptAsRawText(ScriptEngine.java:119)
	at com.kms.katalon.core.main.TestCaseExecutor.runScript(TestCaseExecutor.java:337)
	at com.kms.katalon.core.main.TestCaseExecutor.doExecute(TestCaseExecutor.java:328)
	at com.kms.katalon.core.main.TestCaseExecutor.processExecutionPhase(TestCaseExecutor.java:307)
	at com.kms.katalon.core.main.TestCaseExecutor.accessMainPhase(TestCaseExecutor.java:299)
	at com.kms.katalon.core.main.TestCaseExecutor.execute(TestCaseExecutor.java:233)
	at com.kms.katalon.core.main.TestCaseMain.runTestCase(TestCaseMain.java:114)
	at com.kms.katalon.core.keyword.builtin.CallTestCaseKeyword$_callTestCase_closure1.doCall(CallTestCaseKeyword.groovy:59)
	at com.kms.katalon.core.keyword.builtin.CallTestCaseKeyword$_callTestCase_closure1.call(CallTestCaseKeyword.groovy)
	at com.kms.katalon.core.keyword.internal.KeywordMain.runKeyword(KeywordMain.groovy:68)
	at com.kms.katalon.core.keyword.builtin.CallTestCaseKeyword.callTestCase(CallTestCaseKeyword.groovy:81)
	at com.kms.katalon.core.keyword.builtin.CallTestCaseKeyword.execute(CallTestCaseKeyword.groovy:44)
	at com.kms.katalon.core.keyword.internal.KeywordExecutor.executeKeywordForPlatform(KeywordExecutor.groovy:72)
	at com.kms.katalon.core.keyword.BuiltinKeywords.callTestCase(BuiltinKeywords.groovy:334)
	at Members_Activity_Photo_Stats.run(Members_Activity_Photo_Stats:64)
	at com.kms.katalon.core.main.ScriptEngine.run(ScriptEngine.java:194)
	at com.kms.katalon.core.main.ScriptEngine.runScriptAsRawText(ScriptEngine.java:119)
	at com.kms.katalon.core.main.TestCaseExecutor.runScript(TestCaseExecutor.java:337)
	at com.kms.katalon.core.main.TestCaseExecutor.doExecute(TestCaseExecutor.java:328)
	at com.kms.katalon.core.main.TestCaseExecutor.processExecutionPhase(TestCaseExecutor.java:307)
	at com.kms.katalon.core.main.TestCaseExecutor.accessMainPhase(TestCaseExecutor.java:299)
	at com.kms.katalon.core.main.TestCaseExecutor.execute(TestCaseExecutor.java:233)
	at com.kms.katalon.core.main.TestSuiteExecutor.accessTestCaseMainPhase(TestSuiteExecutor.java:169)
	at com.kms.katalon.core.main.TestSuiteExecutor.accessTestSuiteMainPhase(TestSuiteExecutor.java:142)
	at com.kms.katalon.core.main.TestSuiteExecutor.execute(TestSuiteExecutor.java:91)
	at com.kms.katalon.core.main.TestCaseMain.startTestSuite(TestCaseMain.java:157)
	at com.kms.katalon.core.main.TestCaseMain$startTestSuite$0.call(Unknown Source)
	at TempTestSuite1587711612879.run(TempTestSuite1587711612879.groovy:37)
)

2020-04-24 08:36:08 - [TEST_STEP][FAILED] - verifyTextPresent("Logo", false): Text 'Logo' is not present on page  (Root cause: com.kms.katalon.core.exception.StepFailedException: Text 'Logo' is not present on page 
	at com.kms.katalon.core.webui.keyword.internal.WebUIKeywordMain.stepFailed(WebUIKeywordMain.groovy:64)
	at com.kms.katalon.core.webui.keyword.builtin.VerifyTextPresentKeyword$_verifyTextPresent_closure1.doCall(VerifyTextPresentKeyword.groovy:79)
	at com.kms.katalon.core.webui.keyword.builtin.VerifyTextPresentKeyword$_verifyTextPresent_closure1.call(VerifyTextPresentKeyword.groovy)
	at com.kms.katalon.core.webui.keyword.internal.WebUIKeywordMain.runKeyword(WebUIKeywordMain.groovy:20)
	at com.kms.katalon.core.webui.keyword.builtin.VerifyTextPresentKeyword.verifyTextPresent(VerifyTextPresentKeyword.groovy:83)
	at com.kms.katalon.core.webui.keyword.builtin.VerifyTextPresentKeyword.execute(VerifyTextPresentKeyword.groovy:68)
	at com.kms.katalon.core.keyword.internal.KeywordExecutor.executeKeywordForPlatform(KeywordExecutor.groovy:72)
	at com.kms.katalon.core.webui.keyword.WebUiBuiltInKeywords.verifyTextPresent(WebUiBuiltInKeywords.groovy:1719)
	at com.kms.katalon.core.webui.keyword.WebUiBuiltInKeywords$verifyTextPresent$2.call(Unknown Source)
	at Members_Activity_Photo_Stats.run(Members_Activity_Photo_Stats:79)
	at com.kms.katalon.core.main.ScriptEngine.run(ScriptEngine.java:194)
	at com.kms.katalon.core.main.ScriptEngine.runScriptAsRawText(ScriptEngine.java:119)
	at com.kms.katalon.core.main.TestCaseExecutor.runScript(TestCaseExecutor.java:337)
	at com.kms.katalon.core.main.TestCaseExecutor.doExecute(TestCaseExecutor.java:328)
	at com.kms.katalon.core.main.TestCaseExecutor.processExecutionPhase(TestCaseExecutor.java:307)
	at com.kms.katalon.core.main.TestCaseExecutor.accessMainPhase(TestCaseExecutor.java:299)
	at com.kms.katalon.core.main.TestCaseExecutor.execute(TestCaseExecutor.java:233)
	at com.kms.katalon.core.main.TestCaseMain.runTestCase(TestCaseMain.java:114)
	at com.kms.katalon.core.keyword.builtin.CallTestCaseKeyword$_callTestCase_closure1.doCall(CallTestCaseKeyword.groovy:59)
	at com.kms.katalon.core.keyword.builtin.CallTestCaseKeyword$_callTestCase_closure1.call(CallTestCaseKeyword.groovy)
	at com.kms.katalon.core.keyword.internal.KeywordMain.runKeyword(KeywordMain.groovy:68)
	at com.kms.katalon.core.keyword.builtin.CallTestCaseKeyword.callTestCase(CallTestCaseKeyword.groovy:81)
	at com.kms.katalon.core.keyword.builtin.CallTestCaseKeyword.execute(CallTestCaseKeyword.groovy:44)
	at com.kms.katalon.core.keyword.internal.KeywordExecutor.executeKeywordForPlatform(KeywordExecutor.groovy:72)
	at com.kms.katalon.core.keyword.BuiltinKeywords.callTestCase(BuiltinKeywords.groovy:334)
	at Members_Activity_Photo_Stats.run(Members_Activity_Photo_Stats:64)
	at com.kms.katalon.core.main.ScriptEngine.run(ScriptEngine.java:194)
	at com.kms.katalon.core.main.ScriptEngine.runScriptAsRawText(ScriptEngine.java:119)
	at com.kms.katalon.core.main.TestCaseExecutor.runScript(TestCaseExecutor.java:337)
	at com.kms.katalon.core.main.TestCaseExecutor.doExecute(TestCaseExecutor.java:328)
	at com.kms.katalon.core.main.TestCaseExecutor.processExecutionPhase(TestCaseExecutor.java:307)
	at com.kms.katalon.core.main.TestCaseExecutor.accessMainPhase(TestCaseExecutor.java:299)
	at com.kms.katalon.core.main.TestCaseExecutor.execute(TestCaseExecutor.java:233)
	at com.kms.katalon.core.main.TestSuiteExecutor.accessTestCaseMainPhase(TestSuiteExecutor.java:169)
	at com.kms.katalon.core.main.TestSuiteExecutor.accessTestSuiteMainPhase(TestSuiteExecutor.java:142)
	at com.kms.katalon.core.main.TestSuiteExecutor.execute(TestSuiteExecutor.java:91)
	at com.kms.katalon.core.main.TestCaseMain.startTestSuite(TestCaseMain.java:157)
	at com.kms.katalon.core.main.TestCaseMain$startTestSuite$0.call(Unknown Source)
	at TempTestSuite1587711612879.run(TempTestSuite1587711612879.groovy:37)
)

2020-04-24 08:36:08 - [MESSAGE][FAILED] - Text 'Logo' is not present on page  (Root cause: com.kms.katalon.core.exception.StepFailedException: Text 'Logo' is not present on page 
	at com.kms.katalon.core.webui.keyword.internal.WebUIKeywordMain.stepFailed(WebUIKeywordMain.groovy:64)
	at com.kms.katalon.core.webui.keyword.builtin.VerifyTextPresentKeyword$_verifyTextPresent_closure1.doCall(VerifyTextPresentKeyword.groovy:79)
	at com.kms.katalon.core.webui.keyword.builtin.VerifyTextPresentKeyword$_verifyTextPresent_closure1.call(VerifyTextPresentKeyword.groovy)
	at com.kms.katalon.core.webui.keyword.internal.WebUIKeywordMain.runKeyword(WebUIKeywordMain.groovy:20)
	at com.kms.katalon.core.webui.keyword.builtin.VerifyTextPresentKeyword.verifyTextPresent(VerifyTextPresentKeyword.groovy:83)
	at com.kms.katalon.core.webui.keyword.builtin.VerifyTextPresentKeyword.execute(VerifyTextPresentKeyword.groovy:68)
	at com.kms.katalon.core.keyword.internal.KeywordExecutor.executeKeywordForPlatform(KeywordExecutor.groovy:72)
	at com.kms.katalon.core.webui.keyword.WebUiBuiltInKeywords.verifyTextPresent(WebUiBuiltInKeywords.groovy:1719)
	at com.kms.katalon.core.webui.keyword.WebUiBuiltInKeywords$verifyTextPresent$2.call(Unknown Source)
	at Members_Activity_Photo_Stats.run(Members_Activity_Photo_Stats:79)
	at com.kms.katalon.core.main.ScriptEngine.run(ScriptEngine.java:194)
	at com.kms.katalon.core.main.ScriptEngine.runScriptAsRawText(ScriptEngine.java:119)
	at com.kms.katalon.core.main.TestCaseExecutor.runScript(TestCaseExecutor.java:337)
	at com.kms.katalon.core.main.TestCaseExecutor.doExecute(TestCaseExecutor.java:328)
	at com.kms.katalon.core.main.TestCaseExecutor.processExecutionPhase(TestCaseExecutor.java:307)
	at com.kms.katalon.core.main.TestCaseExecutor.accessMainPhase(TestCaseExecutor.java:299)
	at com.kms.katalon.core.main.TestCaseExecutor.execute(TestCaseExecutor.java:233)
	at com.kms.katalon.core.main.TestCaseMain.runTestCase(TestCaseMain.java:114)
	at com.kms.katalon.core.keyword.builtin.CallTestCaseKeyword$_callTestCase_closure1.doCall(CallTestCaseKeyword.groovy:59)
	at com.kms.katalon.core.keyword.builtin.CallTestCaseKeyword$_callTestCase_closure1.call(CallTestCaseKeyword.groovy)
	at com.kms.katalon.core.keyword.internal.KeywordMain.runKeyword(KeywordMain.groovy:68)
	at com.kms.katalon.core.keyword.builtin.CallTestCaseKeyword.callTestCase(CallTestCaseKeyword.groovy:81)
	at com.kms.katalon.core.keyword.builtin.CallTestCaseKeyword.execute(CallTestCaseKeyword.groovy:44)
	at com.kms.katalon.core.keyword.internal.KeywordExecutor.executeKeywordForPlatform(KeywordExecutor.groovy:72)
	at com.kms.katalon.core.keyword.BuiltinKeywords.callTestCase(BuiltinKeywords.groovy:334)
	at Members_Activity_Photo_Stats.run(Members_Activity_Photo_Stats:64)
	at com.kms.katalon.core.main.ScriptEngine.run(ScriptEngine.java:194)
	at com.kms.katalon.core.main.ScriptEngine.runScriptAsRawText(ScriptEngine.java:119)
	at com.kms.katalon.core.main.TestCaseExecutor.runScript(TestCaseExecutor.java:337)
	at com.kms.katalon.core.main.TestCaseExecutor.doExecute(TestCaseExecutor.java:328)
	at com.kms.katalon.core.main.TestCaseExecutor.processExecutionPhase(TestCaseExecutor.java:307)
	at com.kms.katalon.core.main.TestCaseExecutor.accessMainPhase(TestCaseExecutor.java:299)
	at com.kms.katalon.core.main.TestCaseExecutor.execute(TestCaseExecutor.java:233)
	at com.kms.katalon.core.main.TestSuiteExecutor.accessTestCaseMainPhase(TestSuiteExecutor.java:169)
	at com.kms.katalon.core.main.TestSuiteExecutor.accessTestSuiteMainPhase(TestSuiteExecutor.java:142)
	at com.kms.katalon.core.main.TestSuiteExecutor.execute(TestSuiteExecutor.java:91)
	at com.kms.katalon.core.main.TestCaseMain.startTestSuite(TestCaseMain.java:157)
	at com.kms.katalon.core.main.TestCaseMain$startTestSuite$0.call(Unknown Source)
	at TempTestSuite1587711612879.run(TempTestSuite1587711612879.groovy:37)
)

2020-04-24 08:36:08 - [TEST_STEP][FAILED] - verifyTextPresent("A C E Building Services (WM) Ltd", false): Text 'A C E Building Services (WM) Ltd' is not present on page  (Root cause: com.kms.katalon.core.exception.StepFailedException: Text 'A C E Building Services (WM) Ltd' is not present on page 
	at com.kms.katalon.core.webui.keyword.internal.WebUIKeywordMain.stepFailed(WebUIKeywordMain.groovy:64)
	at com.kms.katalon.core.webui.keyword.builtin.VerifyTextPresentKeyword$_verifyTextPresent_closure1.doCall(VerifyTextPresentKeyword.groovy:79)
	at com.kms.katalon.core.webui.keyword.builtin.VerifyTextPresentKeyword$_verifyTextPresent_closure1.call(VerifyTextPresentKeyword.groovy)
	at com.kms.katalon.core.webui.keyword.internal.WebUIKeywordMain.runKeyword(WebUIKeywordMain.groovy:20)
	at com.kms.katalon.core.webui.keyword.builtin.VerifyTextPresentKeyword.verifyTextPresent(VerifyTextPresentKeyword.groovy:83)
	at com.kms.katalon.core.webui.keyword.builtin.VerifyTextPresentKeyword.execute(VerifyTextPresentKeyword.groovy:68)
	at com.kms.katalon.core.keyword.internal.KeywordExecutor.executeKeywordForPlatform(KeywordExecutor.groovy:72)
	at com.kms.katalon.core.webui.keyword.WebUiBuiltInKeywords.verifyTextPresent(WebUiBuiltInKeywords.groovy:1719)
	at com.kms.katalon.core.webui.keyword.WebUiBuiltInKeywords$verifyTextPresent$2.call(Unknown Source)
	at Members_Activity_Photo_Stats.run(Members_Activity_Photo_Stats:81)
	at com.kms.katalon.core.main.ScriptEngine.run(ScriptEngine.java:194)
	at com.kms.katalon.core.main.ScriptEngine.runScriptAsRawText(ScriptEngine.java:119)
	at com.kms.katalon.core.main.TestCaseExecutor.runScript(TestCaseExecutor.java:337)
	at com.kms.katalon.core.main.TestCaseExecutor.doExecute(TestCaseExecutor.java:328)
	at com.kms.katalon.core.main.TestCaseExecutor.processExecutionPhase(TestCaseExecutor.java:307)
	at com.kms.katalon.core.main.TestCaseExecutor.accessMainPhase(TestCaseExecutor.java:299)
	at com.kms.katalon.core.main.TestCaseExecutor.execute(TestCaseExecutor.java:233)
	at com.kms.katalon.core.main.TestCaseMain.runTestCase(TestCaseMain.java:114)
	at com.kms.katalon.core.keyword.builtin.CallTestCaseKeyword$_callTestCase_closure1.doCall(CallTestCaseKeyword.groovy:59)
	at com.kms.katalon.core.keyword.builtin.CallTestCaseKeyword$_callTestCase_closure1.call(CallTestCaseKeyword.groovy)
	at com.kms.katalon.core.keyword.internal.KeywordMain.runKeyword(KeywordMain.groovy:68)
	at com.kms.katalon.core.keyword.builtin.CallTestCaseKeyword.callTestCase(CallTestCaseKeyword.groovy:81)
	at com.kms.katalon.core.keyword.builtin.CallTestCaseKeyword.execute(CallTestCaseKeyword.groovy:44)
	at com.kms.katalon.core.keyword.internal.KeywordExecutor.executeKeywordForPlatform(KeywordExecutor.groovy:72)
	at com.kms.katalon.core.keyword.BuiltinKeywords.callTestCase(BuiltinKeywords.groovy:334)
	at Members_Activity_Photo_Stats.run(Members_Activity_Photo_Stats:64)
	at com.kms.katalon.core.main.ScriptEngine.run(ScriptEngine.java:194)
	at com.kms.katalon.core.main.ScriptEngine.runScriptAsRawText(ScriptEngine.java:119)
	at com.kms.katalon.core.main.TestCaseExecutor.runScript(TestCaseExecutor.java:337)
	at com.kms.katalon.core.main.TestCaseExecutor.doExecute(TestCaseExecutor.java:328)
	at com.kms.katalon.core.main.TestCaseExecutor.processExecutionPhase(TestCaseExecutor.java:307)
	at com.kms.katalon.core.main.TestCaseExecutor.accessMainPhase(TestCaseExecutor.java:299)
	at com.kms.katalon.core.main.TestCaseExecutor.execute(TestCaseExecutor.java:233)
	at com.kms.katalon.core.main.TestSuiteExecutor.accessTestCaseMainPhase(TestSuiteExecutor.java:169)
	at com.kms.katalon.core.main.TestSuiteExecutor.accessTestSuiteMainPhase(TestSuiteExecutor.java:142)
	at com.kms.katalon.core.main.TestSuiteExecutor.execute(TestSuiteExecutor.java:91)
	at com.kms.katalon.core.main.TestCaseMain.startTestSuite(TestCaseMain.java:157)
	at com.kms.katalon.core.main.TestCaseMain$startTestSuite$0.call(Unknown Source)
	at TempTestSuite1587711612879.run(TempTestSuite1587711612879.groovy:37)
)

2020-04-24 08:36:09 - [MESSAGE][FAILED] - Text 'A C E Building Services (WM) Ltd' is not present on page  (Root cause: com.kms.katalon.core.exception.StepFailedException: Text 'A C E Building Services (WM) Ltd' is not present on page 
	at com.kms.katalon.core.webui.keyword.internal.WebUIKeywordMain.stepFailed(WebUIKeywordMain.groovy:64)
	at com.kms.katalon.core.webui.keyword.builtin.VerifyTextPresentKeyword$_verifyTextPresent_closure1.doCall(VerifyTextPresentKeyword.groovy:79)
	at com.kms.katalon.core.webui.keyword.builtin.VerifyTextPresentKeyword$_verifyTextPresent_closure1.call(VerifyTextPresentKeyword.groovy)
	at com.kms.katalon.core.webui.keyword.internal.WebUIKeywordMain.runKeyword(WebUIKeywordMain.groovy:20)
	at com.kms.katalon.core.webui.keyword.builtin.VerifyTextPresentKeyword.verifyTextPresent(VerifyTextPresentKeyword.groovy:83)
	at com.kms.katalon.core.webui.keyword.builtin.VerifyTextPresentKeyword.execute(VerifyTextPresentKeyword.groovy:68)
	at com.kms.katalon.core.keyword.internal.KeywordExecutor.executeKeywordForPlatform(KeywordExecutor.groovy:72)
	at com.kms.katalon.core.webui.keyword.WebUiBuiltInKeywords.verifyTextPresent(WebUiBuiltInKeywords.groovy:1719)
	at com.kms.katalon.core.webui.keyword.WebUiBuiltInKeywords$verifyTextPresent$2.call(Unknown Source)
	at Members_Activity_Photo_Stats.run(Members_Activity_Photo_Stats:81)
	at com.kms.katalon.core.main.ScriptEngine.run(ScriptEngine.java:194)
	at com.kms.katalon.core.main.ScriptEngine.runScriptAsRawText(ScriptEngine.java:119)
	at com.kms.katalon.core.main.TestCaseExecutor.runScript(TestCaseExecutor.java:337)
	at com.kms.katalon.core.main.TestCaseExecutor.doExecute(TestCaseExecutor.java:328)
	at com.kms.katalon.core.main.TestCaseExecutor.processExecutionPhase(TestCaseExecutor.java:307)
	at com.kms.katalon.core.main.TestCaseExecutor.accessMainPhase(TestCaseExecutor.java:299)
	at com.kms.katalon.core.main.TestCaseExecutor.execute(TestCaseExecutor.java:233)
	at com.kms.katalon.core.main.TestCaseMain.runTestCase(TestCaseMain.java:114)
	at com.kms.katalon.core.keyword.builtin.CallTestCaseKeyword$_callTestCase_closure1.doCall(CallTestCaseKeyword.groovy:59)
	at com.kms.katalon.core.keyword.builtin.CallTestCaseKeyword$_callTestCase_closure1.call(CallTestCaseKeyword.groovy)
	at com.kms.katalon.core.keyword.internal.KeywordMain.runKeyword(KeywordMain.groovy:68)
	at com.kms.katalon.core.keyword.builtin.CallTestCaseKeyword.callTestCase(CallTestCaseKeyword.groovy:81)
	at com.kms.katalon.core.keyword.builtin.CallTestCaseKeyword.execute(CallTestCaseKeyword.groovy:44)
	at com.kms.katalon.core.keyword.internal.KeywordExecutor.executeKeywordForPlatform(KeywordExecutor.groovy:72)
	at com.kms.katalon.core.keyword.BuiltinKeywords.callTestCase(BuiltinKeywords.groovy:334)
	at Members_Activity_Photo_Stats.run(Members_Activity_Photo_Stats:64)
	at com.kms.katalon.core.main.ScriptEngine.run(ScriptEngine.java:194)
	at com.kms.katalon.core.main.ScriptEngine.runScriptAsRawText(ScriptEngine.java:119)
	at com.kms.katalon.core.main.TestCaseExecutor.runScript(TestCaseExecutor.java:337)
	at com.kms.katalon.core.main.TestCaseExecutor.doExecute(TestCaseExecutor.java:328)
	at com.kms.katalon.core.main.TestCaseExecutor.processExecutionPhase(TestCaseExecutor.java:307)
	at com.kms.katalon.core.main.TestCaseExecutor.accessMainPhase(TestCaseExecutor.java:299)
	at com.kms.katalon.core.main.TestCaseExecutor.execute(TestCaseExecutor.java:233)
	at com.kms.katalon.core.main.TestSuiteExecutor.accessTestCaseMainPhase(TestSuiteExecutor.java:169)
	at com.kms.katalon.core.main.TestSuiteExecutor.accessTestSuiteMainPhase(TestSuiteExecutor.java:142)
	at com.kms.katalon.core.main.TestSuiteExecutor.execute(TestSuiteExecutor.java:91)
	at com.kms.katalon.core.main.TestCaseMain.startTestSuite(TestCaseMain.java:157)
	at com.kms.katalon.core.main.TestCaseMain$startTestSuite$0.call(Unknown Source)
	at TempTestSuite1587711612879.run(TempTestSuite1587711612879.groovy:37)
)

2020-04-24 08:36:09 - [MESSAGE][WARNING] - Unable to call Test Case 'Test Cases/Reusable_Test_Sequences/Web_Office/Verification/Reports/Members_Activity_Photo_Stats' (Root cause: com.kms.katalon.core.exception.StepFailedException: Call Test Case 'Test Cases/Reusable_Test_Sequences/Web_Office/Verification/Reports/Members_Activity_Photo_Stats' failed
	at com.kms.katalon.core.keyword.builtin.CallTestCaseKeyword$_callTestCase_closure1.doCall(CallTestCaseKeyword.groovy:63)
	at com.kms.katalon.core.keyword.builtin.CallTestCaseKeyword$_callTestCase_closure1.call(CallTestCaseKeyword.groovy)
	at com.kms.katalon.core.keyword.internal.KeywordMain.runKeyword(KeywordMain.groovy:68)
	at com.kms.katalon.core.keyword.builtin.CallTestCaseKeyword.callTestCase(CallTestCaseKeyword.groovy:81)
	at com.kms.katalon.core.keyword.builtin.CallTestCaseKeyword.execute(CallTestCaseKeyword.groovy:44)
	at com.kms.katalon.core.keyword.internal.KeywordExecutor.executeKeywordForPlatform(KeywordExecutor.groovy:72)
	at com.kms.katalon.core.keyword.BuiltinKeywords.callTestCase(BuiltinKeywords.groovy:334)
	at Members_Activity_Photo_Stats.run(Members_Activity_Photo_Stats:64)
	at com.kms.katalon.core.main.ScriptEngine.run(ScriptEngine.java:194)
	at com.kms.katalon.core.main.ScriptEngine.runScriptAsRawText(ScriptEngine.java:119)
	at com.kms.katalon.core.main.TestCaseExecutor.runScript(TestCaseExecutor.java:337)
	at com.kms.katalon.core.main.TestCaseExecutor.doExecute(TestCaseExecutor.java:328)
	at com.kms.katalon.core.main.TestCaseExecutor.processExecutionPhase(TestCaseExecutor.java:307)
	at com.kms.katalon.core.main.TestCaseExecutor.accessMainPhase(TestCaseExecutor.java:299)
	at com.kms.katalon.core.main.TestCaseExecutor.execute(TestCaseExecutor.java:233)
	at com.kms.katalon.core.main.TestSuiteExecutor.accessTestCaseMainPhase(TestSuiteExecutor.java:169)
	at com.kms.katalon.core.main.TestSuiteExecutor.accessTestSuiteMainPhase(TestSuiteExecutor.java:142)
	at com.kms.katalon.core.main.TestSuiteExecutor.execute(TestSuiteExecutor.java:91)
	at com.kms.katalon.core.main.TestCaseMain.startTestSuite(TestCaseMain.java:157)
	at com.kms.katalon.core.main.TestCaseMain$startTestSuite$0.call(Unknown Source)
	at TempTestSuite1587711612879.run(TempTestSuite1587711612879.groovy:37)
Caused by: com.kms.katalon.core.exception.StepFailedException: Text 'Members Area Photo Statistics Report' is not present on page  (Root cause: com.kms.katalon.core.exception.StepFailedException: Text 'Members Area Photo Statistics Report' is not present on page 
	at com.kms.katalon.core.webui.keyword.internal.WebUIKeywordMain.stepFailed(WebUIKeywordMain.groovy:64)
	at com.kms.katalon.core.webui.keyword.builtin.VerifyTextPresentKeyword$_verifyTextPresent_closure1.doCall(VerifyTextPresentKeyword.groovy:79)
	at com.kms.katalon.core.webui.keyword.builtin.VerifyTextPresentKeyword$_verifyTextPresent_closure1.call(VerifyTextPresentKeyword.groovy)
	at com.kms.katalon.core.webui.keyword.internal.WebUIKeywordMain.runKeyword(WebUIKeywordMain.groovy:20)
	at com.kms.katalon.core.webui.keyword.builtin.VerifyTextPresentKeyword.verifyTextPresent(VerifyTextPresentKeyword.groovy:83)
	at com.kms.katalon.core.webui.keyword.builtin.VerifyTextPresentKeyword.execute(VerifyTextPresentKeyword.groovy:68)
	at com.kms.katalon.core.keyword.internal.KeywordExecutor.executeKeywordForPlatform(KeywordExecutor.groovy:72)
	at com.kms.katalon.core.webui.keyword.WebUiBuiltInKeywords.verifyTextPresent(WebUiBuiltInKeywords.groovy:1719)
	at com.kms.katalon.core.webui.keyword.WebUiBuiltInKeywords$verifyTextPresent$2.call(Unknown Source)
	at Members_Activity_Photo_Stats.run(Members_Activity_Photo_Stats:48)
	at com.kms.katalon.core.main.ScriptEngine.run(ScriptEngine.java:194)
	at com.kms.katalon.core.main.ScriptEngine.runScriptAsRawText(ScriptEngine.java:119)
	at com.kms.katalon.core.main.TestCaseExecutor.runScript(TestCaseExecutor.java:337)
	at com.kms.katalon.core.main.TestCaseExecutor.doExecute(TestCaseExecutor.java:328)
	at com.kms.katalon.core.main.TestCaseExecutor.processExecutionPhase(TestCaseExecutor.java:307)
	at com.kms.katalon.core.main.TestCaseExecutor.accessMainPhase(TestCaseExecutor.java:299)
	at com.kms.katalon.core.main.TestCaseExecutor.execute(TestCaseExecutor.java:233)
	at com.kms.katalon.core.main.TestCaseMain.runTestCase(TestCaseMain.java:114)
	at com.kms.katalon.core.keyword.builtin.CallTestCaseKeyword$_callTestCase_closure1.doCall(CallTestCaseKeyword.groovy:59)
	at com.kms.katalon.core.keyword.builtin.CallTestCaseKeyword$_callTestCase_closure1.call(CallTestCaseKeyword.groovy)
	at com.kms.katalon.core.keyword.internal.KeywordMain.runKeyword(KeywordMain.groovy:68)
	at com.kms.katalon.core.keyword.builtin.CallTestCaseKeyword.callTestCase(CallTestCaseKeyword.groovy:81)
	at com.kms.katalon.core.keyword.builtin.CallTestCaseKeyword.execute(CallTestCaseKeyword.groovy:44)
	at com.kms.katalon.core.keyword.internal.KeywordExecutor.executeKeywordForPlatform(KeywordExecutor.groovy:72)
	at com.kms.katalon.core.keyword.BuiltinKeywords.callTestCase(BuiltinKeywords.groovy:334)
	at Members_Activity_Photo_Stats.run(Members_Activity_Photo_Stats:64)
	at com.kms.katalon.core.main.ScriptEngine.run(ScriptEngine.java:194)
	at com.kms.katalon.core.main.ScriptEngine.runScriptAsRawText(ScriptEngine.java:119)
	at com.kms.katalon.core.main.TestCaseExecutor.runScript(TestCaseExecutor.java:337)
	at com.kms.katalon.core.main.TestCaseExecutor.doExecute(TestCaseExecutor.java:328)
	at com.kms.katalon.core.main.TestCaseExecutor.processExecutionPhase(TestCaseExecutor.java:307)
	at com.kms.katalon.core.main.TestCaseExecutor.accessMainPhase(TestCaseExecutor.java:299)
	at com.kms.katalon.core.main.TestCaseExecutor.execute(TestCaseExecutor.java:233)
	at com.kms.katalon.core.main.TestSuiteExecutor.accessTestCaseMainPhase(TestSuiteExecutor.java:169)
	at com.kms.katalon.core.main.TestSuiteExecutor.accessTestSuiteMainPhase(TestSuiteExecutor.java:142)
	at com.kms.katalon.core.main.TestSuiteExecutor.execute(TestSuiteExecutor.java:91)
	at com.kms.katalon.core.main.TestCaseMain.startTestSuite(TestCaseMain.java:157)
	at com.kms.katalon.core.main.TestCaseMain$startTestSuite$0.call(Unknown Source)
	at TempTestSuite1587711612879.run(TempTestSuite1587711612879.groovy:37)
)
	at com.kms.katalon.core.keyword.internal.KeywordMain.stepFailed(KeywordMain.groovy:39)
	at com.kms.katalon.core.webui.keyword.internal.WebUIKeywordMain.stepFailed(WebUIKeywordMain.groovy:64)
	at com.kms.katalon.core.webui.keyword.builtin.VerifyTextPresentKeyword$_verifyTextPresent_closure1.doCall(VerifyTextPresentKeyword.groovy:79)
	at com.kms.katalon.core.webui.keyword.builtin.VerifyTextPresentKeyword$_verifyTextPresent_closure1.call(VerifyTextPresentKeyword.groovy)
	at com.kms.katalon.core.webui.keyword.internal.WebUIKeywordMain.runKeyword(WebUIKeywordMain.groovy:20)
	at com.kms.katalon.core.webui.keyword.builtin.VerifyTextPresentKeyword.verifyTextPresent(VerifyTextPresentKeyword.groovy:83)
	at com.kms.katalon.core.webui.keyword.builtin.VerifyTextPresentKeyword.execute(VerifyTextPresentKeyword.groovy:68)
	at com.kms.katalon.core.keyword.internal.KeywordExecutor.executeKeywordForPlatform(KeywordExecutor.groovy:72)
	at com.kms.katalon.core.webui.keyword.WebUiBuiltInKeywords.verifyTextPresent(WebUiBuiltInKeywords.groovy:1719)
	at com.kms.katalon.core.webui.keyword.WebUiBuiltInKeywords$verifyTextPresent$2.call(Unknown Source)
	at Members_Activity_Photo_Stats.run(Members_Activity_Photo_Stats:48)
	at com.kms.katalon.core.main.ScriptEngine.run(ScriptEngine.java:194)
	at com.kms.katalon.core.main.ScriptEngine.runScriptAsRawText(ScriptEngine.java:119)
	at com.kms.katalon.core.main.TestCaseExecutor.runScript(TestCaseExecutor.java:337)
	at com.kms.katalon.core.main.TestCaseExecutor.doExecute(TestCaseExecutor.java:328)
	at com.kms.katalon.core.main.TestCaseExecutor.processExecutionPhase(TestCaseExecutor.java:307)
	at com.kms.katalon.core.main.TestCaseExecutor.accessMainPhase(TestCaseExecutor.java:299)
	at com.kms.katalon.core.main.TestCaseExecutor.execute(TestCaseExecutor.java:233)
	at com.kms.katalon.core.main.TestCaseMain.runTestCase(TestCaseMain.java:114)
	at com.kms.katalon.core.keyword.builtin.CallTestCaseKeyword$_callTestCase_closure1.doCall(CallTestCaseKeyword.groovy:59)
	... 20 more
Caused by: com.kms.katalon.core.exception.StepFailedException: Text 'Members Area Photo Statistics Report' is not present on page 
	... 39 more
)

2020-04-24 08:36:09 - [TEST_STEP][PASSED] - "--------------------------": null

2020-04-24 08:36:09 - [TEST_STEP][PASSED] - " Teardown - CLose Browser |": null

2020-04-24 08:36:09 - [TEST_STEP][PASSED] - callTestCase(findTestCase("Reusable_Test_Sequences/CAT_Teardown"), [:], OPTIONAL): Call Test Case 'Test Cases/Reusable_Test_Sequences/CAT_Teardown' successfully

2020-04-24 08:36:09 - [TEST_CASE][PASSED] - Test Cases/Reusable_Test_Sequences/CAT_Teardown: Test Cases/Reusable_Test_Sequences/CAT_Teardown

2020-04-24 08:36:09 - [TEST_STEP][PASSED] - closeBrowser(): Browser is closed

2020-04-24 08:36:09 - [MESSAGE][PASSED] - Browser is closed

2020-04-24 08:36:09 - [TEST_STEP][PASSED] - super.finalize(): null

2020-04-24 08:36:09 - [TEST_STEP][PASSED] - System.gc(): null

2020-04-24 08:36:10 - [MESSAGE][PASSED] - Call Test Case 'Test Cases/Reusable_Test_Sequences/CAT_Teardown' successfully]]></system-out>
         <system-err><![CDATA[]]></system-err>
      </testcase>
      <testcase name="Test Cases/Web_Office/Reports/Members_Marketing_Requests_By_Company" time="53.861" classname="Test Cases/Web_Office/Reports/Members_Marketing_Requests_By_Company" status="PASSED">
         <system-out><![CDATA[2020-04-24 08:36:10 - [TEST_CASE][PASSED] - Test Cases/Web_Office/Reports/Members_Marketing_Requests_By_Company: Test Cases/Web_Office/Reports/Members_Marketing_Requests_By_Company

2020-04-24 08:36:10 - [TEST_STEP][PASSED] - "--------------------------------------": null

2020-04-24 08:36:10 - [TEST_STEP][PASSED] - " Web Office StartUp                  |": null

2020-04-24 08:36:10 - [TEST_STEP][PASSED] - callTestCase(findTestCase("Reusable_Test_Sequences/Web_Office/Directives/WebOffice_StartUp"), [:], STOP_ON_FAILURE): Call Test Case 'Test Cases/Reusable_Test_Sequences/Web_Office/Directives/WebOffice_StartUp' successfully

2020-04-24 08:36:10 - [TEST_CASE][PASSED] - Test Cases/Reusable_Test_Sequences/Web_Office/Directives/WebOffice_StartUp: Test Cases/Reusable_Test_Sequences/Web_Office/Directives/WebOffice_StartUp

2020-04-24 08:36:10 - [TEST_STEP][PASSED] - "-----------------------------------------------------------------------------": null

2020-04-24 08:36:10 - [TEST_STEP][PASSED] - if (URL == "https://www.dev.checkatrade.com/"): null

2020-04-24 08:36:10 - [TEST_STEP][PASSED] - "-----------------------------------------------------------------------------": null

2020-04-24 08:36:10 - [TEST_STEP][PASSED] - if (URL == "https://www.checkatrade.com/"): null

2020-04-24 08:36:10 - [TEST_STEP][PASSED] - "-----------------------------------------------------------------------------": null

2020-04-24 08:36:10 - [TEST_STEP][PASSED] - if (URL == "https://www.preview.checkatrade.com/"): null

2020-04-24 08:36:10 - [TEST_STEP][PASSED] - WebOfficeURL = "https://admin.preview.checkatrade.com/": null

2020-04-24 08:36:10 - [TEST_STEP][PASSED] - if (URL == "https://www.dev2.checkatrade.com/"): null

2020-04-24 08:36:10 - [TEST_STEP][PASSED] - "Set Function Area for "URL_Handler", URL Resolution": null

2020-04-24 08:36:10 - [TEST_STEP][PASSED] - "Do Some Magic with URL(s) See the comments within URL Handler ": null

2020-04-24 08:36:10 - [TEST_STEP][PASSED] - "------------------------------------------------": null

2020-04-24 08:36:10 - [TEST_STEP][PASSED] - "Moved Login Credentials to <Default> profile 22/01/2020": null

2020-04-24 08:36:10 - [TEST_STEP][PASSED] - "------------------------------------------------": null

2020-04-24 08:36:10 - [TEST_STEP][PASSED] - "WebOfficeURL - Set from the ENVIRONMENT PROFILE ": null

2020-04-24 08:36:10 - [TEST_STEP][PASSED] - "OPEN BROWSER": null

2020-04-24 08:36:10 - [TEST_STEP][PASSED] - "eg - https://admin.preview.checkatrade.com/  ": null

2020-04-24 08:36:10 - [TEST_STEP][PASSED] - openBrowser(WebOfficeURL): Browser is opened with url: 'https://admin.preview.checkatrade.com/'

2020-04-24 08:36:10 - [MESSAGE][INFO] - Starting 'Chrome' driver

2020-04-24 08:36:10 - [MESSAGE][INFO] - Action delay is set to 0 milliseconds

2020-04-24 08:36:14 - [MESSAGE][PASSED] - Browser is opened with url: 'https://admin.preview.checkatrade.com/'

2020-04-24 08:36:14 - [TEST_STEP][PASSED] - maximizeWindow(): Current window maximized

2020-04-24 08:36:16 - [MESSAGE][PASSED] - Current window maximized

2020-04-24 08:36:16 - [TEST_STEP][PASSED] - waitForElementClickable(findTestObject("Object Repository/WebOffice/Page_Checkatrade - Administration - Login/Login_Button"), 25): Object 'Object Repository/WebOffice/Page_Checkatrade - Administration - Login/Login_Button' is clickable

2020-04-24 08:36:16 - [MESSAGE][PASSED] - Object 'Object Repository/WebOffice/Page_Checkatrade - Administration - Login/Login_Button' is clickable

2020-04-24 08:36:16 - [TEST_STEP][PASSED] - verifyTextPresent("Checkatrade Web Office", false): Text 'Checkatrade Web Office' is present on page 

2020-04-24 08:36:16 - [MESSAGE][PASSED] - Text 'Checkatrade Web Office' is present on page 

2020-04-24 08:36:16 - [TEST_STEP][PASSED] - verifyTextPresent("Access for staff use only", false): Text 'Access for staff use only' is present on page 

2020-04-24 08:36:16 - [MESSAGE][PASSED] - Text 'Access for staff use only' is present on page 

2020-04-24 08:36:16 - [TEST_STEP][PASSED] - verifyTextPresent("Forgotten password?", false): Text 'Forgotten password?' is present on page 

2020-04-24 08:36:17 - [MESSAGE][PASSED] - Text 'Forgotten password?' is present on page 

2020-04-24 08:36:17 - [TEST_STEP][PASSED] - setText(findTestObject("Object Repository/WebOffice/Page_Checkatrade - Administration - Login/input_Username_LoginControlUserName"), wo_Username): Text 'DavidHo' is set on object 'Object Repository/WebOffice/Page_Checkatrade - Administration - Login/input_Username_LoginControlUserName'

2020-04-24 08:36:17 - [MESSAGE][PASSED] - Text 'DavidHo' is set on object 'Object Repository/WebOffice/Page_Checkatrade - Administration - Login/input_Username_LoginControlUserName'

2020-04-24 08:36:17 - [TEST_STEP][PASSED] - setText(findTestObject("Object Repository/WebOffice/Page_Checkatrade - Administration - Login/input_Password_LoginControlPassword"), wo_Password): Text 'Check123' is set on object 'Object Repository/WebOffice/Page_Checkatrade - Administration - Login/input_Password_LoginControlPassword'

2020-04-24 08:36:17 - [MESSAGE][PASSED] - Text 'Check123' is set on object 'Object Repository/WebOffice/Page_Checkatrade - Administration - Login/input_Password_LoginControlPassword'

2020-04-24 08:36:17 - [TEST_STEP][PASSED] - click(findTestObject("Object Repository/WebOffice/Page_Checkatrade - Administration - Login/Login_Button")): Object: 'Object Repository/WebOffice/Page_Checkatrade - Administration - Login/Login_Button' is clicked on

2020-04-24 08:36:17 - [MESSAGE][PASSED] - Object: 'Object Repository/WebOffice/Page_Checkatrade - Administration - Login/Login_Button' is clicked on

2020-04-24 08:36:17 - [TEST_STEP][PASSED] - waitForPageLoad(60): Wait for page load successfully

2020-04-24 08:36:18 - [MESSAGE][PASSED] - Wait for page load successfully

2020-04-24 08:36:18 - [TEST_STEP][PASSED] - verifyTextPresent("Welcome " + wo_Username, false): Text 'Welcome DavidHo' is present on page 

2020-04-24 08:36:18 - [MESSAGE][PASSED] - Text 'Welcome DavidHo' is present on page 

2020-04-24 08:36:18 - [MESSAGE][PASSED] - Call Test Case 'Test Cases/Reusable_Test_Sequences/Web_Office/Directives/WebOffice_StartUp' successfully

2020-04-24 08:36:18 - [TEST_STEP][PASSED] - "-----------------------------------------------------------------": null

2020-04-24 08:36:18 - [TEST_STEP][PASSED] - " Navigate to <Settings->Checkatrade.Com->Sub Item> Menu Item     |": null

2020-04-24 08:36:18 - [TEST_STEP][PASSED] - callTestCase(findTestCase("Reusable_Test_Sequences/Web_Office/Navigation/Sub_Menu_Navigation/Reports/Members_Marketing_Requests_By_Company"), [:], STOP_ON_FAILURE): Call Test Case 'Test Cases/Reusable_Test_Sequences/Web_Office/Navigation/Sub_Menu_Navigation/Reports/Members_Marketing_Requests_By_Company' successfully

2020-04-24 08:36:18 - [TEST_CASE][PASSED] - Test Cases/Reusable_Test_Sequences/Web_Office/Navigation/Sub_Menu_Navigation/Reports/Members_Marketing_Requests_By_Company: Test Cases/Reusable_Test_Sequences/Web_Office/Navigation/Sub_Menu_Navigation/Reports/Members_Marketing_Requests_By_Company

2020-04-24 08:36:18 - [TEST_STEP][PASSED] - "--------------------------------------": null

2020-04-24 08:36:18 - [TEST_STEP][PASSED] - " Navigate Top level menu Item         |": null

2020-04-24 08:36:18 - [TEST_STEP][PASSED] - waitForPageLoad(60): Wait for page load successfully

2020-04-24 08:36:18 - [MESSAGE][PASSED] - Wait for page load successfully

2020-04-24 08:36:18 - [TEST_STEP][PASSED] - waitForElementClickable(findTestObject("Object Repository/WebOffice_Home_page/a_Reports"), 60): Object 'Object Repository/WebOffice_Home_page/a_Reports' is clickable

2020-04-24 08:36:18 - [MESSAGE][PASSED] - Object 'Object Repository/WebOffice_Home_page/a_Reports' is clickable

2020-04-24 08:36:18 - [TEST_STEP][PASSED] - mouseOver(findTestObject("Object Repository/WebOffice_Home_page/a_Reports")): Object: 'Object Repository/WebOffice_Home_page/a_Reports' is hovered

2020-04-24 08:36:18 - [MESSAGE][PASSED] - Object: 'Object Repository/WebOffice_Home_page/a_Reports' is hovered

2020-04-24 08:36:18 - [TEST_STEP][PASSED] - click(findTestObject("Object Repository/WebOffice_Home_page/Page_/a_Members")): Object: 'Object Repository/WebOffice_Home_page/Page_/a_Members' is clicked on

2020-04-24 08:36:18 - [MESSAGE][PASSED] - Object: 'Object Repository/WebOffice_Home_page/Page_/a_Members' is clicked on

2020-04-24 08:36:18 - [TEST_STEP][PASSED] - click(findTestObject("Object Repository/WebOffice_Home_page/Page_/a_Marketing Materials Requests")): Object: 'Object Repository/WebOffice_Home_page/Page_/a_Marketing Materials Requests' is clicked on

2020-04-24 08:36:19 - [MESSAGE][PASSED] - Object: 'Object Repository/WebOffice_Home_page/Page_/a_Marketing Materials Requests' is clicked on

2020-04-24 08:36:19 - [TEST_STEP][PASSED] - waitForPageLoad(5): Wait for page load successfully

2020-04-24 08:36:19 - [MESSAGE][PASSED] - Wait for page load successfully

2020-04-24 08:36:19 - [TEST_STEP][PASSED] - waitForElementClickable(findTestObject("Object Repository/WebOffice_Home_page/Page_/a_By Company"), 5): Object 'Object Repository/WebOffice_Home_page/Page_/a_By Company' is clickable

2020-04-24 08:36:19 - [MESSAGE][PASSED] - Object 'Object Repository/WebOffice_Home_page/Page_/a_By Company' is clickable

2020-04-24 08:36:19 - [TEST_STEP][PASSED] - click(findTestObject("Object Repository/WebOffice_Home_page/Page_/a_By Company")): Object: 'Object Repository/WebOffice_Home_page/Page_/a_By Company' is clicked on

2020-04-24 08:36:58 - [MESSAGE][PASSED] - Object: 'Object Repository/WebOffice_Home_page/Page_/a_By Company' is clicked on

2020-04-24 08:36:58 - [MESSAGE][PASSED] - Call Test Case 'Test Cases/Reusable_Test_Sequences/Web_Office/Navigation/Sub_Menu_Navigation/Reports/Members_Marketing_Requests_By_Company' successfully

2020-04-24 08:36:58 - [TEST_STEP][PASSED] - "--------------------------------------": null

2020-04-24 08:36:58 - [TEST_STEP][PASSED] - " Verify Returned Page Detail          |": null

2020-04-24 08:36:58 - [TEST_STEP][PASSED] - callTestCase(findTestCase("Reusable_Test_Sequences/Web_Office/Verification/Reports/Members_Marketing_Requests_By_Company"), [:], OPTIONAL): Call Test Case 'Test Cases/Reusable_Test_Sequences/Web_Office/Verification/Reports/Members_Marketing_Requests_By_Company' successfully

2020-04-24 08:36:58 - [TEST_CASE][PASSED] - Test Cases/Reusable_Test_Sequences/Web_Office/Verification/Reports/Members_Marketing_Requests_By_Company: Test Cases/Reusable_Test_Sequences/Web_Office/Verification/Reports/Members_Marketing_Requests_By_Company

2020-04-24 08:36:59 - [TEST_STEP][PASSED] - waitForPageLoad(120): Wait for page load successfully

2020-04-24 08:36:59 - [MESSAGE][PASSED] - Wait for page load successfully

2020-04-24 08:36:59 - [TEST_STEP][PASSED] - delay(1): Delayed 1 second(s)

2020-04-24 08:37:00 - [MESSAGE][PASSED] - Delayed 1 second(s)

2020-04-24 08:37:00 - [TEST_STEP][PASSED] - verifyTextPresent("Marketing Materials Request Report", false): Text 'Marketing Materials Request Report' is present on page 

2020-04-24 08:37:00 - [MESSAGE][PASSED] - Text 'Marketing Materials Request Report' is present on page 

2020-04-24 08:37:00 - [TEST_STEP][PASSED] - "----------------------------------------------": null

2020-04-24 08:37:00 - [TEST_STEP][PASSED] - verifyTextPresent("Member Marketing Material Request Report", false): Text 'Member Marketing Material Request Report' is present on page 

2020-04-24 08:37:00 - [MESSAGE][PASSED] - Text 'Member Marketing Material Request Report' is present on page 

2020-04-24 08:37:00 - [TEST_STEP][PASSED] - "----------------------------------------------": null

2020-04-24 08:37:00 - [TEST_STEP][PASSED] - verifyTextPresent("All Available Dates", false): Text 'All Available Dates' is present on page 

2020-04-24 08:37:00 - [MESSAGE][PASSED] - Text 'All Available Dates' is present on page 

2020-04-24 08:37:00 - [TEST_STEP][PASSED] - verifyTextPresent("From", false): Text 'From' is present on page 

2020-04-24 08:37:01 - [MESSAGE][PASSED] - Text 'From' is present on page 

2020-04-24 08:37:01 - [TEST_STEP][PASSED] - verifyTextPresent("To", false): Text 'To' is present on page 

2020-04-24 08:37:01 - [MESSAGE][PASSED] - Text 'To' is present on page 

2020-04-24 08:37:01 - [TEST_STEP][PASSED] - verifyTextPresent("Select Company", false): Text 'Select Company' is present on page 

2020-04-24 08:37:01 - [MESSAGE][PASSED] - Text 'Select Company' is present on page 

2020-04-24 08:37:01 - [TEST_STEP][PASSED] - verifyTextPresent("Total no. companies", false): Text 'Total no. companies' is present on page 

2020-04-24 08:37:01 - [MESSAGE][PASSED] - Text 'Total no. companies' is present on page 

2020-04-24 08:37:01 - [TEST_STEP][PASSED] - verifyTextPresent("Total no. requests:", false): Text 'Total no. requests:' is present on page 

2020-04-24 08:37:02 - [MESSAGE][PASSED] - Text 'Total no. requests:' is present on page 

2020-04-24 08:37:02 - [TEST_STEP][PASSED] - "----------------------------------------------": null

2020-04-24 08:37:02 - [TEST_STEP][PASSED] - verifyTextPresent("Company", false): Text 'Company' is present on page 

2020-04-24 08:37:02 - [MESSAGE][PASSED] - Text 'Company' is present on page 

2020-04-24 08:37:02 - [TEST_STEP][PASSED] - verifyTextPresent("Last Request Date", false): Text 'Last Request Date' is present on page 

2020-04-24 08:37:02 - [MESSAGE][PASSED] - Text 'Last Request Date' is present on page 

2020-04-24 08:37:02 - [TEST_STEP][PASSED] - verifyTextPresent("Frequency", false): Text 'Frequency' is present on page 

2020-04-24 08:37:02 - [MESSAGE][PASSED] - Text 'Frequency' is present on page 

2020-04-24 08:37:02 - [TEST_STEP][PASSED] - "----------------------------------------------": null

2020-04-24 08:37:02 - [TEST_STEP][PASSED] - verifyTextPresent("J A Property Maintenance", false): Text 'J A Property Maintenance' is present on page 

2020-04-24 08:37:02 - [MESSAGE][PASSED] - Text 'J A Property Maintenance' is present on page 

2020-04-24 08:37:02 - [TEST_STEP][PASSED] - verifyTextPresent("AA Machin Electrical Services Ltd", false): Text 'AA Machin Electrical Services Ltd' is present on page 

2020-04-24 08:37:02 - [MESSAGE][PASSED] - Text 'AA Machin Electrical Services Ltd' is present on page 

2020-04-24 08:37:02 - [MESSAGE][PASSED] - Call Test Case 'Test Cases/Reusable_Test_Sequences/Web_Office/Verification/Reports/Members_Marketing_Requests_By_Company' successfully

2020-04-24 08:37:02 - [TEST_STEP][PASSED] - "--------------------------": null

2020-04-24 08:37:02 - [TEST_STEP][PASSED] - " Teardown - CLose Browser |": null

2020-04-24 08:37:02 - [TEST_STEP][PASSED] - callTestCase(findTestCase("Reusable_Test_Sequences/CAT_Teardown"), [:], OPTIONAL): Call Test Case 'Test Cases/Reusable_Test_Sequences/CAT_Teardown' successfully

2020-04-24 08:37:03 - [TEST_CASE][PASSED] - Test Cases/Reusable_Test_Sequences/CAT_Teardown: Test Cases/Reusable_Test_Sequences/CAT_Teardown

2020-04-24 08:37:03 - [TEST_STEP][PASSED] - closeBrowser(): Browser is closed

2020-04-24 08:37:03 - [MESSAGE][PASSED] - Browser is closed

2020-04-24 08:37:03 - [TEST_STEP][PASSED] - super.finalize(): null

2020-04-24 08:37:03 - [TEST_STEP][PASSED] - System.gc(): null

2020-04-24 08:37:03 - [MESSAGE][PASSED] - Call Test Case 'Test Cases/Reusable_Test_Sequences/CAT_Teardown' successfully]]></system-out>
         <system-err><![CDATA[]]></system-err>
      </testcase>
      <testcase name="Test Cases/Web_Office/Reports/Members_Marketing_Requests_By_Type" time="19.245" classname="Test Cases/Web_Office/Reports/Members_Marketing_Requests_By_Type" status="PASSED">
         <system-out><![CDATA[2020-04-24 08:37:03 - [TEST_CASE][PASSED] - Test Cases/Web_Office/Reports/Members_Marketing_Requests_By_Type: Test Cases/Web_Office/Reports/Members_Marketing_Requests_By_Type

2020-04-24 08:37:04 - [TEST_STEP][PASSED] - "--------------------------------------": null

2020-04-24 08:37:04 - [TEST_STEP][PASSED] - " Web Office StartUp                  |": null

2020-04-24 08:37:04 - [TEST_STEP][PASSED] - callTestCase(findTestCase("Reusable_Test_Sequences/Web_Office/Directives/WebOffice_StartUp"), [:], STOP_ON_FAILURE): Call Test Case 'Test Cases/Reusable_Test_Sequences/Web_Office/Directives/WebOffice_StartUp' successfully

2020-04-24 08:37:04 - [TEST_CASE][PASSED] - Test Cases/Reusable_Test_Sequences/Web_Office/Directives/WebOffice_StartUp: Test Cases/Reusable_Test_Sequences/Web_Office/Directives/WebOffice_StartUp

2020-04-24 08:37:04 - [TEST_STEP][PASSED] - "-----------------------------------------------------------------------------": null

2020-04-24 08:37:04 - [TEST_STEP][PASSED] - if (URL == "https://www.dev.checkatrade.com/"): null

2020-04-24 08:37:04 - [TEST_STEP][PASSED] - "-----------------------------------------------------------------------------": null

2020-04-24 08:37:04 - [TEST_STEP][PASSED] - if (URL == "https://www.checkatrade.com/"): null

2020-04-24 08:37:04 - [TEST_STEP][PASSED] - "-----------------------------------------------------------------------------": null

2020-04-24 08:37:04 - [TEST_STEP][PASSED] - if (URL == "https://www.preview.checkatrade.com/"): null

2020-04-24 08:37:04 - [TEST_STEP][PASSED] - WebOfficeURL = "https://admin.preview.checkatrade.com/": null

2020-04-24 08:37:04 - [TEST_STEP][PASSED] - if (URL == "https://www.dev2.checkatrade.com/"): null

2020-04-24 08:37:04 - [TEST_STEP][PASSED] - "Set Function Area for "URL_Handler", URL Resolution": null

2020-04-24 08:37:04 - [TEST_STEP][PASSED] - "Do Some Magic with URL(s) See the comments within URL Handler ": null

2020-04-24 08:37:04 - [TEST_STEP][PASSED] - "------------------------------------------------": null

2020-04-24 08:37:04 - [TEST_STEP][PASSED] - "Moved Login Credentials to <Default> profile 22/01/2020": null

2020-04-24 08:37:04 - [TEST_STEP][PASSED] - "------------------------------------------------": null

2020-04-24 08:37:04 - [TEST_STEP][PASSED] - "WebOfficeURL - Set from the ENVIRONMENT PROFILE ": null

2020-04-24 08:37:04 - [TEST_STEP][PASSED] - "OPEN BROWSER": null

2020-04-24 08:37:04 - [TEST_STEP][PASSED] - "eg - https://admin.preview.checkatrade.com/  ": null

2020-04-24 08:37:04 - [TEST_STEP][PASSED] - openBrowser(WebOfficeURL): Browser is opened with url: 'https://admin.preview.checkatrade.com/'

2020-04-24 08:37:04 - [MESSAGE][INFO] - Starting 'Chrome' driver

2020-04-24 08:37:04 - [MESSAGE][INFO] - Action delay is set to 0 milliseconds

2020-04-24 08:37:08 - [MESSAGE][PASSED] - Browser is opened with url: 'https://admin.preview.checkatrade.com/'

2020-04-24 08:37:08 - [TEST_STEP][PASSED] - maximizeWindow(): Current window maximized

2020-04-24 08:37:10 - [MESSAGE][PASSED] - Current window maximized

2020-04-24 08:37:10 - [TEST_STEP][PASSED] - waitForElementClickable(findTestObject("Object Repository/WebOffice/Page_Checkatrade - Administration - Login/Login_Button"), 25): Object 'Object Repository/WebOffice/Page_Checkatrade - Administration - Login/Login_Button' is clickable

2020-04-24 08:37:10 - [MESSAGE][PASSED] - Object 'Object Repository/WebOffice/Page_Checkatrade - Administration - Login/Login_Button' is clickable

2020-04-24 08:37:10 - [TEST_STEP][PASSED] - verifyTextPresent("Checkatrade Web Office", false): Text 'Checkatrade Web Office' is present on page 

2020-04-24 08:37:10 - [MESSAGE][PASSED] - Text 'Checkatrade Web Office' is present on page 

2020-04-24 08:37:10 - [TEST_STEP][PASSED] - verifyTextPresent("Access for staff use only", false): Text 'Access for staff use only' is present on page 

2020-04-24 08:37:10 - [MESSAGE][PASSED] - Text 'Access for staff use only' is present on page 

2020-04-24 08:37:10 - [TEST_STEP][PASSED] - verifyTextPresent("Forgotten password?", false): Text 'Forgotten password?' is present on page 

2020-04-24 08:37:11 - [MESSAGE][PASSED] - Text 'Forgotten password?' is present on page 

2020-04-24 08:37:11 - [TEST_STEP][PASSED] - setText(findTestObject("Object Repository/WebOffice/Page_Checkatrade - Administration - Login/input_Username_LoginControlUserName"), wo_Username): Text 'DavidHo' is set on object 'Object Repository/WebOffice/Page_Checkatrade - Administration - Login/input_Username_LoginControlUserName'

2020-04-24 08:37:11 - [MESSAGE][PASSED] - Text 'DavidHo' is set on object 'Object Repository/WebOffice/Page_Checkatrade - Administration - Login/input_Username_LoginControlUserName'

2020-04-24 08:37:11 - [TEST_STEP][PASSED] - setText(findTestObject("Object Repository/WebOffice/Page_Checkatrade - Administration - Login/input_Password_LoginControlPassword"), wo_Password): Text 'Check123' is set on object 'Object Repository/WebOffice/Page_Checkatrade - Administration - Login/input_Password_LoginControlPassword'

2020-04-24 08:37:11 - [MESSAGE][PASSED] - Text 'Check123' is set on object 'Object Repository/WebOffice/Page_Checkatrade - Administration - Login/input_Password_LoginControlPassword'

2020-04-24 08:37:11 - [TEST_STEP][PASSED] - click(findTestObject("Object Repository/WebOffice/Page_Checkatrade - Administration - Login/Login_Button")): Object: 'Object Repository/WebOffice/Page_Checkatrade - Administration - Login/Login_Button' is clicked on

2020-04-24 08:37:14 - [MESSAGE][PASSED] - Object: 'Object Repository/WebOffice/Page_Checkatrade - Administration - Login/Login_Button' is clicked on

2020-04-24 08:37:14 - [TEST_STEP][PASSED] - waitForPageLoad(60): Wait for page load successfully

2020-04-24 08:37:14 - [MESSAGE][PASSED] - Wait for page load successfully

2020-04-24 08:37:14 - [TEST_STEP][PASSED] - verifyTextPresent("Welcome " + wo_Username, false): Text 'Welcome DavidHo' is present on page 

2020-04-24 08:37:14 - [MESSAGE][PASSED] - Text 'Welcome DavidHo' is present on page 

2020-04-24 08:37:14 - [MESSAGE][PASSED] - Call Test Case 'Test Cases/Reusable_Test_Sequences/Web_Office/Directives/WebOffice_StartUp' successfully

2020-04-24 08:37:14 - [TEST_STEP][PASSED] - "-----------------------------------------------------------------": null

2020-04-24 08:37:14 - [TEST_STEP][PASSED] - " Navigate to <Settings->Checkatrade.Com->Sub Item> Menu Item     |": null

2020-04-24 08:37:14 - [TEST_STEP][PASSED] - callTestCase(findTestCase("Reusable_Test_Sequences/Web_Office/Navigation/Sub_Menu_Navigation/Reports/Members_Marketing_Requests_By_Type"), [:], STOP_ON_FAILURE): Call Test Case 'Test Cases/Reusable_Test_Sequences/Web_Office/Navigation/Sub_Menu_Navigation/Reports/Members_Marketing_Requests_By_Type' successfully

2020-04-24 08:37:14 - [TEST_CASE][PASSED] - Test Cases/Reusable_Test_Sequences/Web_Office/Navigation/Sub_Menu_Navigation/Reports/Members_Marketing_Requests_By_Type: Test Cases/Reusable_Test_Sequences/Web_Office/Navigation/Sub_Menu_Navigation/Reports/Members_Marketing_Requests_By_Type

2020-04-24 08:37:14 - [TEST_STEP][PASSED] - "--------------------------------------": null

2020-04-24 08:37:14 - [TEST_STEP][PASSED] - " Navigate Top level menu Item         |": null

2020-04-24 08:37:14 - [TEST_STEP][PASSED] - waitForPageLoad(60): Wait for page load successfully

2020-04-24 08:37:14 - [MESSAGE][PASSED] - Wait for page load successfully

2020-04-24 08:37:14 - [TEST_STEP][PASSED] - waitForElementClickable(findTestObject("Object Repository/WebOffice_Home_page/a_Reports"), 60): Object 'Object Repository/WebOffice_Home_page/a_Reports' is clickable

2020-04-24 08:37:14 - [MESSAGE][PASSED] - Object 'Object Repository/WebOffice_Home_page/a_Reports' is clickable

2020-04-24 08:37:14 - [TEST_STEP][PASSED] - mouseOver(findTestObject("Object Repository/WebOffice_Home_page/a_Reports")): Object: 'Object Repository/WebOffice_Home_page/a_Reports' is hovered

2020-04-24 08:37:15 - [MESSAGE][PASSED] - Object: 'Object Repository/WebOffice_Home_page/a_Reports' is hovered

2020-04-24 08:37:15 - [TEST_STEP][PASSED] - click(findTestObject("Object Repository/WebOffice_Home_page/Page_/a_Members")): Object: 'Object Repository/WebOffice_Home_page/Page_/a_Members' is clicked on

2020-04-24 08:37:15 - [MESSAGE][PASSED] - Object: 'Object Repository/WebOffice_Home_page/Page_/a_Members' is clicked on

2020-04-24 08:37:15 - [TEST_STEP][PASSED] - click(findTestObject("Object Repository/WebOffice_Home_page/Page_/a_Marketing Materials Requests")): Object: 'Object Repository/WebOffice_Home_page/Page_/a_Marketing Materials Requests' is clicked on

2020-04-24 08:37:15 - [MESSAGE][PASSED] - Object: 'Object Repository/WebOffice_Home_page/Page_/a_Marketing Materials Requests' is clicked on

2020-04-24 08:37:15 - [TEST_STEP][PASSED] - waitForPageLoad(5): Wait for page load successfully

2020-04-24 08:37:15 - [MESSAGE][PASSED] - Wait for page load successfully

2020-04-24 08:37:15 - [TEST_STEP][PASSED] - waitForElementClickable(findTestObject("Object Repository/WebOffice_Home_page/Page_/a_By Type"), 5): Object 'Object Repository/WebOffice_Home_page/Page_/a_By Type' is clickable

2020-04-24 08:37:15 - [MESSAGE][PASSED] - Object 'Object Repository/WebOffice_Home_page/Page_/a_By Type' is clickable

2020-04-24 08:37:15 - [TEST_STEP][PASSED] - click(findTestObject("Object Repository/WebOffice_Home_page/Page_/a_By Type")): Object: 'Object Repository/WebOffice_Home_page/Page_/a_By Type' is clicked on

2020-04-24 08:37:18 - [MESSAGE][PASSED] - Object: 'Object Repository/WebOffice_Home_page/Page_/a_By Type' is clicked on

2020-04-24 08:37:18 - [MESSAGE][PASSED] - Call Test Case 'Test Cases/Reusable_Test_Sequences/Web_Office/Navigation/Sub_Menu_Navigation/Reports/Members_Marketing_Requests_By_Type' successfully

2020-04-24 08:37:18 - [TEST_STEP][PASSED] - "--------------------------------------": null

2020-04-24 08:37:18 - [TEST_STEP][PASSED] - " Verify Returned Page Detail          |": null

2020-04-24 08:37:18 - [TEST_STEP][PASSED] - callTestCase(findTestCase("Reusable_Test_Sequences/Web_Office/Verification/Reports/Members_Marketing_Requests_By_Type"), [:], OPTIONAL): Call Test Case 'Test Cases/Reusable_Test_Sequences/Web_Office/Verification/Reports/Members_Marketing_Requests_By_Type' successfully

2020-04-24 08:37:18 - [TEST_CASE][PASSED] - Test Cases/Reusable_Test_Sequences/Web_Office/Verification/Reports/Members_Marketing_Requests_By_Type: Test Cases/Reusable_Test_Sequences/Web_Office/Verification/Reports/Members_Marketing_Requests_By_Type

2020-04-24 08:37:19 - [TEST_STEP][PASSED] - waitForPageLoad(120): Wait for page load successfully

2020-04-24 08:37:19 - [MESSAGE][PASSED] - Wait for page load successfully

2020-04-24 08:37:19 - [TEST_STEP][PASSED] - delay(1): Delayed 1 second(s)

2020-04-24 08:37:20 - [MESSAGE][PASSED] - Delayed 1 second(s)

2020-04-24 08:37:20 - [TEST_STEP][PASSED] - verifyTextPresent("Marketing Materials Requests By Type", false): Text 'Marketing Materials Requests By Type' is present on page 

2020-04-24 08:37:20 - [MESSAGE][PASSED] - Text 'Marketing Materials Requests By Type' is present on page 

2020-04-24 08:37:20 - [TEST_STEP][PASSED] - "----------------------------------------------": null

2020-04-24 08:37:20 - [TEST_STEP][PASSED] - "----------------------------------------------": null

2020-04-24 08:37:20 - [TEST_STEP][PASSED] - "----------------------------------------------": null

2020-04-24 08:37:20 - [TEST_STEP][PASSED] - verifyTextPresent("All Available Dates", false): Text 'All Available Dates' is present on page 

2020-04-24 08:37:20 - [MESSAGE][PASSED] - Text 'All Available Dates' is present on page 

2020-04-24 08:37:20 - [TEST_STEP][PASSED] - verifyTextPresent("From", false): Text 'From' is present on page 

2020-04-24 08:37:20 - [MESSAGE][PASSED] - Text 'From' is present on page 

2020-04-24 08:37:20 - [TEST_STEP][PASSED] - verifyTextPresent("To", false): Text 'To' is present on page 

2020-04-24 08:37:21 - [MESSAGE][PASSED] - Text 'To' is present on page 

2020-04-24 08:37:21 - [TEST_STEP][PASSED] - verifyTextPresent("Total no. requests:", false): Text 'Total no. requests:' is present on page 

2020-04-24 08:37:21 - [MESSAGE][PASSED] - Text 'Total no. requests:' is present on page 

2020-04-24 08:37:21 - [TEST_STEP][PASSED] - "----------------------------------------------": null

2020-04-24 08:37:21 - [TEST_STEP][PASSED] - verifyTextPresent("Marketing Material Title", false): Text 'Marketing Material Title' is present on page 

2020-04-24 08:37:21 - [MESSAGE][PASSED] - Text 'Marketing Material Title' is present on page 

2020-04-24 08:37:21 - [TEST_STEP][PASSED] - verifyTextPresent("Total Requested", false): Text 'Total Requested' is present on page 

2020-04-24 08:37:21 - [MESSAGE][PASSED] - Text 'Total Requested' is present on page 

2020-04-24 08:37:21 - [TEST_STEP][PASSED] - "----------------------------------------------": null

2020-04-24 08:37:21 - [TEST_STEP][PASSED] - verifyTextPresent("CAT Welcome Letter - Pre RVM", false): Text 'CAT Welcome Letter - Pre RVM' is present on page 

2020-04-24 08:37:22 - [MESSAGE][PASSED] - Text 'CAT Welcome Letter - Pre RVM' is present on page 

2020-04-24 08:37:22 - [TEST_STEP][PASSED] - verifyTextPresent("RVM Certificate", false): Text 'RVM Certificate' is present on page 

2020-04-24 08:37:22 - [MESSAGE][PASSED] - Text 'RVM Certificate' is present on page 

2020-04-24 08:37:22 - [MESSAGE][PASSED] - Call Test Case 'Test Cases/Reusable_Test_Sequences/Web_Office/Verification/Reports/Members_Marketing_Requests_By_Type' successfully

2020-04-24 08:37:22 - [TEST_STEP][PASSED] - "--------------------------": null

2020-04-24 08:37:22 - [TEST_STEP][PASSED] - " Teardown - CLose Browser |": null

2020-04-24 08:37:22 - [TEST_STEP][PASSED] - callTestCase(findTestCase("Reusable_Test_Sequences/CAT_Teardown"), [:], OPTIONAL): Call Test Case 'Test Cases/Reusable_Test_Sequences/CAT_Teardown' successfully

2020-04-24 08:37:22 - [TEST_CASE][PASSED] - Test Cases/Reusable_Test_Sequences/CAT_Teardown: Test Cases/Reusable_Test_Sequences/CAT_Teardown

2020-04-24 08:37:22 - [TEST_STEP][PASSED] - closeBrowser(): Browser is closed

2020-04-24 08:37:23 - [MESSAGE][PASSED] - Browser is closed

2020-04-24 08:37:23 - [TEST_STEP][PASSED] - super.finalize(): null

2020-04-24 08:37:23 - [TEST_STEP][PASSED] - System.gc(): null

2020-04-24 08:37:23 - [MESSAGE][PASSED] - Call Test Case 'Test Cases/Reusable_Test_Sequences/CAT_Teardown' successfully]]></system-out>
         <system-err><![CDATA[]]></system-err>
      </testcase>
      <system-out><![CDATA[2020-04-24 08:15:34 - [TEST_SUITE][PASSED] - Web_Office_Reports: Test Cases/Web_Office/Reports/Members_Marketing_Requests_By_Type]]></system-out>
      <system-err><![CDATA[]]></system-err>
   </testsuite>
</testsuites>
