<?xml version="1.0" encoding="UTF-8"?>
<testsuites name="Trade_Name_Multiple_Search" time="138.041" tests="1" failures="1" errors="0">
   <testsuite name="Trade_Name_Multiple_Search" tests="1" failures="1" errors="0" time="138.041" timestamp="2020-01-06 08:15:44" hostname="DavidHo - VETTEDSP36RF.check.local" id="Test Suites/Trade_Name_Multiple_Search">
      <properties>
         <property name="deviceName" value=""/>
         <property name="devicePlatform" value=""/>
         <property name="logFolder" value="C:\\Users\\davidho\\Katalon Studio\\Start\\Reports\\20200106_081539\\Trade_Name_Multiple_Search\\20200106_081539"/>
         <property name="logFiles" value="C:\\Users\\davidho\\Katalon Studio\\Start\\Reports\\20200106_081539\\Trade_Name_Multiple_Search\\20200106_081539\\execution0.log"/>
         <property name="attachments" value=""/>
         <property name="hostName" value="DavidHo - VETTEDSP36RF.check.local"/>
         <property name="os" value="Windows 10 32bit"/>
         <property name="katalonVersion" value="7.1.2.1"/>
         <property name="browser" value="Chrome 79.0.3945.88"/>
         <property name="hostAddress" value="10.0.11.243"/>
         <property name="sessionId" value="99e7175206167b448ad36965bbb7ae82"/>
         <property name="seleniumVersion" value="3.141.59"/>
         <property name="proxyInformation" value="ProxyInformation{proxyOption=NO_PROXY, proxyServerType=HTTP, password=, proxyServerAddress=, proxyServerPort=0, executionList=}"/>
         <property name="platform" value="Windows 10"/>
      </properties>
      <testcase name="Test Cases/Checkatrade_Tradesman_Searches/Trade_Name_Search_Multiple" time="137.787" classname="Test Cases/Checkatrade_Tradesman_Searches/Trade_Name_Search_Multiple" status="FAILED">
         <failure type="FAILED" message="Test Cases/Checkatrade_Tradesman_Searches/Trade_Name_Search_Multiple FAILED.
Reason:
com.kms.katalon.core.exception.StepFailedException: Unable to call Test Case 'Test Cases/Reusable_Test_Sequences/CAT_Verification_Primary_Contact' (Root cause: com.kms.katalon.core.exception.StepFailedException: Call Test Case 'Test Cases/Reusable_Test_Sequences/CAT_Verification_Primary_Contact' failed
	at com.kms.katalon.core.keyword.builtin.CallTestCaseKeyword$_callTestCase_closure1.doCall(CallTestCaseKeyword.groovy:63)
	at com.kms.katalon.core.keyword.builtin.CallTestCaseKeyword$_callTestCase_closure1.call(CallTestCaseKeyword.groovy)
	at com.kms.katalon.core.keyword.internal.KeywordMain.runKeyword(KeywordMain.groovy:68)
	at com.kms.katalon.core.keyword.builtin.CallTestCaseKeyword.callTestCase(CallTestCaseKeyword.groovy:81)
	at com.kms.katalon.core.keyword.builtin.CallTestCaseKeyword.execute(CallTestCaseKeyword.groovy:44)
	at com.kms.katalon.core.keyword.internal.KeywordExecutor.executeKeywordForPlatform(KeywordExecutor.groovy:72)
	at com.kms.katalon.core.keyword.BuiltinKeywords.callTestCase(BuiltinKeywords.groovy:334)
	at Trade_Name_Search_Multiple.run(Trade_Name_Search_Multiple:101)
	at com.kms.katalon.core.main.ScriptEngine.run(ScriptEngine.java:194)
	at com.kms.katalon.core.main.ScriptEngine.runScriptAsRawText(ScriptEngine.java:119)
	at com.kms.katalon.core.main.TestCaseExecutor.runScript(TestCaseExecutor.java:337)
	at com.kms.katalon.core.main.TestCaseExecutor.doExecute(TestCaseExecutor.java:328)
	at com.kms.katalon.core.main.TestCaseExecutor.processExecutionPhase(TestCaseExecutor.java:307)
	at com.kms.katalon.core.main.TestCaseExecutor.accessMainPhase(TestCaseExecutor.java:299)
	at com.kms.katalon.core.main.TestCaseExecutor.execute(TestCaseExecutor.java:233)
	at com.kms.katalon.core.main.TestSuiteExecutor.accessTestCaseMainPhase(TestSuiteExecutor.java:169)
	at com.kms.katalon.core.main.TestSuiteExecutor.accessTestSuiteMainPhase(TestSuiteExecutor.java:142)
	at com.kms.katalon.core.main.TestSuiteExecutor.execute(TestSuiteExecutor.java:91)
	at com.kms.katalon.core.main.TestCaseMain.startTestSuite(TestCaseMain.java:157)
	at com.kms.katalon.core.main.TestCaseMain$startTestSuite$0.call(Unknown Source)
	at TempTestSuite1578298539772.run(TempTestSuite1578298539772.groovy:36)
Caused by: com.kms.katalon.core.exception.StepFailedException: Text 'David Clarke' is not present on page  (Root cause: com.kms.katalon.core.exception.StepFailedException: Text 'David Clarke' is not present on page 
	at com.kms.katalon.core.webui.keyword.internal.WebUIKeywordMain.stepFailed(WebUIKeywordMain.groovy:64)
	at com.kms.katalon.core.webui.keyword.builtin.VerifyTextPresentKeyword$_verifyTextPresent_closure1.doCall(VerifyTextPresentKeyword.groovy:79)
	at com.kms.katalon.core.webui.keyword.builtin.VerifyTextPresentKeyword$_verifyTextPresent_closure1.call(VerifyTextPresentKeyword.groovy)
	at com.kms.katalon.core.webui.keyword.internal.WebUIKeywordMain.runKeyword(WebUIKeywordMain.groovy:20)
	at com.kms.katalon.core.webui.keyword.builtin.VerifyTextPresentKeyword.verifyTextPresent(VerifyTextPresentKeyword.groovy:83)
	at com.kms.katalon.core.webui.keyword.builtin.VerifyTextPresentKeyword.execute(VerifyTextPresentKeyword.groovy:68)
	at com.kms.katalon.core.keyword.internal.KeywordExecutor.executeKeywordForPlatform(KeywordExecutor.groovy:72)
	at com.kms.katalon.core.webui.keyword.WebUiBuiltInKeywords.verifyTextPresent(WebUiBuiltInKeywords.groovy:1693)
	at com.kms.katalon.core.webui.keyword.WebUiBuiltInKeywords$verifyTextPresent$5.call(Unknown Source)
	at CAT_Verification_Primary_Contact.run(CAT_Verification_Primary_Contact:23)
	at com.kms.katalon.core.main.ScriptEngine.run(ScriptEngine.java:194)
	at com.kms.katalon.core.main.ScriptEngine.runScriptAsRawText(ScriptEngine.java:119)
	at com.kms.katalon.core.main.TestCaseExecutor.runScript(TestCaseExecutor.java:337)
	at com.kms.katalon.core.main.TestCaseExecutor.doExecute(TestCaseExecutor.java:328)
	at com.kms.katalon.core.main.TestCaseExecutor.processExecutionPhase(TestCaseExecutor.java:307)
	at com.kms.katalon.core.main.TestCaseExecutor.accessMainPhase(TestCaseExecutor.java:299)
	at com.kms.katalon.core.main.TestCaseExecutor.execute(TestCaseExecutor.java:233)
	at com.kms.katalon.core.main.TestCaseMain.runTestCase(TestCaseMain.java:114)
	at com.kms.katalon.core.keyword.builtin.CallTestCaseKeyword$_callTestCase_closure1.doCall(CallTestCaseKeyword.groovy:59)
	at com.kms.katalon.core.keyword.builtin.CallTestCaseKeyword$_callTestCase_closure1.call(CallTestCaseKeyword.groovy)
	at com.kms.katalon.core.keyword.internal.KeywordMain.runKeyword(KeywordMain.groovy:68)
	at com.kms.katalon.core.keyword.builtin.CallTestCaseKeyword.callTestCase(CallTestCaseKeyword.groovy:81)
	at com.kms.katalon.core.keyword.builtin.CallTestCaseKeyword.execute(CallTestCaseKeyword.groovy:44)
	at com.kms.katalon.core.keyword.internal.KeywordExecutor.executeKeywordForPlatform(KeywordExecutor.groovy:72)
	at com.kms.katalon.core.keyword.BuiltinKeywords.callTestCase(BuiltinKeywords.groovy:334)
	at Trade_Name_Search_Multiple.run(Trade_Name_Search_Multiple:101)
	at com.kms.katalon.core.main.ScriptEngine.run(ScriptEngine.java:194)
	at com.kms.katalon.core.main.ScriptEngine.runScriptAsRawText(ScriptEngine.java:119)
	at com.kms.katalon.core.main.TestCaseExecutor.runScript(TestCaseExecutor.java:337)
	at com.kms.katalon.core.main.TestCaseExecutor.doExecute(TestCaseExecutor.java:328)
	at com.kms.katalon.core.main.TestCaseExecutor.processExecutionPhase(TestCaseExecutor.java:307)
	at com.kms.katalon.core.main.TestCaseExecutor.accessMainPhase(TestCaseExecutor.java:299)
	at com.kms.katalon.core.main.TestCaseExecutor.execute(TestCaseExecutor.java:233)
	at com.kms.katalon.core.main.TestSuiteExecutor.accessTestCaseMainPhase(TestSuiteExecutor.java:169)
	at com.kms.katalon.core.main.TestSuiteExecutor.accessTestSuiteMainPhase(TestSuiteExecutor.java:142)
	at com.kms.katalon.core.main.TestSuiteExecutor.execute(TestSuiteExecutor.java:91)
	at com.kms.katalon.core.main.TestCaseMain.startTestSuite(TestCaseMain.java:157)
	at com.kms.katalon.core.main.TestCaseMain$startTestSuite$0.call(Unknown Source)
	at TempTestSuite1578298539772.run(TempTestSuite1578298539772.groovy:36)
)
	at com.kms.katalon.core.keyword.internal.KeywordMain.stepFailed(KeywordMain.groovy:39)
	at com.kms.katalon.core.webui.keyword.internal.WebUIKeywordMain.stepFailed(WebUIKeywordMain.groovy:64)
	at com.kms.katalon.core.webui.keyword.builtin.VerifyTextPresentKeyword$_verifyTextPresent_closure1.doCall(VerifyTextPresentKeyword.groovy:79)
	at com.kms.katalon.core.webui.keyword.builtin.VerifyTextPresentKeyword$_verifyTextPresent_closure1.call(VerifyTextPresentKeyword.groovy)
	at com.kms.katalon.core.webui.keyword.internal.WebUIKeywordMain.runKeyword(WebUIKeywordMain.groovy:20)
	at com.kms.katalon.core.webui.keyword.builtin.VerifyTextPresentKeyword.verifyTextPresent(VerifyTextPresentKeyword.groovy:83)
	at com.kms.katalon.core.webui.keyword.builtin.VerifyTextPresentKeyword.execute(VerifyTextPresentKeyword.groovy:68)
	at com.kms.katalon.core.keyword.internal.KeywordExecutor.executeKeywordForPlatform(KeywordExecutor.groovy:72)
	at com.kms.katalon.core.webui.keyword.WebUiBuiltInKeywords.verifyTextPresent(WebUiBuiltInKeywords.groovy:1693)
	at com.kms.katalon.core.webui.keyword.WebUiBuiltInKeywords$verifyTextPresent$5.call(Unknown Source)
	at CAT_Verification_Primary_Contact.run(CAT_Verification_Primary_Contact:23)
	at com.kms.katalon.core.main.ScriptEngine.run(ScriptEngine.java:194)
	at com.kms.katalon.core.main.ScriptEngine.runScriptAsRawText(ScriptEngine.java:119)
	at com.kms.katalon.core.main.TestCaseExecutor.runScript(TestCaseExecutor.java:337)
	at com.kms.katalon.core.main.TestCaseExecutor.doExecute(TestCaseExecutor.java:328)
	at com.kms.katalon.core.main.TestCaseExecutor.processExecutionPhase(TestCaseExecutor.java:307)
	at com.kms.katalon.core.main.TestCaseExecutor.accessMainPhase(TestCaseExecutor.java:299)
	at com.kms.katalon.core.main.TestCaseExecutor.execute(TestCaseExecutor.java:233)
	at com.kms.katalon.core.main.TestCaseMain.runTestCase(TestCaseMain.java:114)
	at com.kms.katalon.core.keyword.builtin.CallTestCaseKeyword$_callTestCase_closure1.doCall(CallTestCaseKeyword.groovy:59)
	... 20 more
Caused by: com.kms.katalon.core.exception.StepFailedException: Text 'David Clarke' is not present on page 
	... 39 more
)
	at com.kms.katalon.core.keyword.internal.KeywordMain.stepFailed(KeywordMain.groovy:39)
	at com.kms.katalon.core.keyword.internal.KeywordMain.stepFailed(KeywordMain.groovy)
	at com.kms.katalon.core.keyword.internal.KeywordMain.runKeyword(KeywordMain.groovy:70)
	at com.kms.katalon.core.keyword.builtin.CallTestCaseKeyword.callTestCase(CallTestCaseKeyword.groovy:81)
	at com.kms.katalon.core.keyword.builtin.CallTestCaseKeyword.execute(CallTestCaseKeyword.groovy:44)
	at com.kms.katalon.core.keyword.internal.KeywordExecutor.executeKeywordForPlatform(KeywordExecutor.groovy:72)
	at com.kms.katalon.core.keyword.BuiltinKeywords.callTestCase(BuiltinKeywords.groovy:334)
	at Trade_Name_Search_Multiple.run(Trade_Name_Search_Multiple:101)
	at com.kms.katalon.core.main.ScriptEngine.run(ScriptEngine.java:194)
	at com.kms.katalon.core.main.ScriptEngine.runScriptAsRawText(ScriptEngine.java:119)
	at com.kms.katalon.core.main.TestCaseExecutor.runScript(TestCaseExecutor.java:337)
	at com.kms.katalon.core.main.TestCaseExecutor.doExecute(TestCaseExecutor.java:328)
	at com.kms.katalon.core.main.TestCaseExecutor.processExecutionPhase(TestCaseExecutor.java:307)
	at com.kms.katalon.core.main.TestCaseExecutor.accessMainPhase(TestCaseExecutor.java:299)
	at com.kms.katalon.core.main.TestCaseExecutor.execute(TestCaseExecutor.java:233)
	at com.kms.katalon.core.main.TestSuiteExecutor.accessTestCaseMainPhase(TestSuiteExecutor.java:169)
	at com.kms.katalon.core.main.TestSuiteExecutor.accessTestSuiteMainPhase(TestSuiteExecutor.java:142)
	at com.kms.katalon.core.main.TestSuiteExecutor.execute(TestSuiteExecutor.java:91)
	at com.kms.katalon.core.main.TestCaseMain.startTestSuite(TestCaseMain.java:157)
	at com.kms.katalon.core.main.TestCaseMain$startTestSuite$0.call(Unknown Source)
	at TempTestSuite1578298539772.run(TempTestSuite1578298539772.groovy:36)
Caused by: com.kms.katalon.core.exception.StepFailedException: Call Test Case 'Test Cases/Reusable_Test_Sequences/CAT_Verification_Primary_Contact' failed
	at com.kms.katalon.core.keyword.builtin.CallTestCaseKeyword$_callTestCase_closure1.doCall(CallTestCaseKeyword.groovy:63)
	at com.kms.katalon.core.keyword.builtin.CallTestCaseKeyword$_callTestCase_closure1.call(CallTestCaseKeyword.groovy)
	at com.kms.katalon.core.keyword.internal.KeywordMain.runKeyword(KeywordMain.groovy:68)
	... 18 more
Caused by: com.kms.katalon.core.exception.StepFailedException: Text 'David Clarke' is not present on page  (Root cause: com.kms.katalon.core.exception.StepFailedException: Text 'David Clarke' is not present on page 
	at com.kms.katalon.core.webui.keyword.internal.WebUIKeywordMain.stepFailed(WebUIKeywordMain.groovy:64)
	at com.kms.katalon.core.webui.keyword.builtin.VerifyTextPresentKeyword$_verifyTextPresent_closure1.doCall(VerifyTextPresentKeyword.groovy:79)
	at com.kms.katalon.core.webui.keyword.builtin.VerifyTextPresentKeyword$_verifyTextPresent_closure1.call(VerifyTextPresentKeyword.groovy)
	at com.kms.katalon.core.webui.keyword.internal.WebUIKeywordMain.runKeyword(WebUIKeywordMain.groovy:20)
	at com.kms.katalon.core.webui.keyword.builtin.VerifyTextPresentKeyword.verifyTextPresent(VerifyTextPresentKeyword.groovy:83)
	at com.kms.katalon.core.webui.keyword.builtin.VerifyTextPresentKeyword.execute(VerifyTextPresentKeyword.groovy:68)
	at com.kms.katalon.core.keyword.internal.KeywordExecutor.executeKeywordForPlatform(KeywordExecutor.groovy:72)
	at com.kms.katalon.core.webui.keyword.WebUiBuiltInKeywords.verifyTextPresent(WebUiBuiltInKeywords.groovy:1693)
	at com.kms.katalon.core.webui.keyword.WebUiBuiltInKeywords$verifyTextPresent$5.call(Unknown Source)
	at CAT_Verification_Primary_Contact.run(CAT_Verification_Primary_Contact:23)
	at com.kms.katalon.core.main.ScriptEngine.run(ScriptEngine.java:194)
	at com.kms.katalon.core.main.ScriptEngine.runScriptAsRawText(ScriptEngine.java:119)
	at com.kms.katalon.core.main.TestCaseExecutor.runScript(TestCaseExecutor.java:337)
	at com.kms.katalon.core.main.TestCaseExecutor.doExecute(TestCaseExecutor.java:328)
	at com.kms.katalon.core.main.TestCaseExecutor.processExecutionPhase(TestCaseExecutor.java:307)
	at com.kms.katalon.core.main.TestCaseExecutor.accessMainPhase(TestCaseExecutor.java:299)
	at com.kms.katalon.core.main.TestCaseExecutor.execute(TestCaseExecutor.java:233)
	at com.kms.katalon.core.main.TestCaseMain.runTestCase(TestCaseMain.java:114)
	at com.kms.katalon.core.keyword.builtin.CallTestCaseKeyword$_callTestCase_closure1.doCall(CallTestCaseKeyword.groovy:59)
	at com.kms.katalon.core.keyword.builtin.CallTestCaseKeyword$_callTestCase_closure1.call(CallTestCaseKeyword.groovy)
	at com.kms.katalon.core.keyword.internal.KeywordMain.runKeyword(KeywordMain.groovy:68)
	at com.kms.katalon.core.keyword.builtin.CallTestCaseKeyword.callTestCase(CallTestCaseKeyword.groovy:81)
	at com.kms.katalon.core.keyword.builtin.CallTestCaseKeyword.execute(CallTestCaseKeyword.groovy:44)
	at com.kms.katalon.core.keyword.internal.KeywordExecutor.executeKeywordForPlatform(KeywordExecutor.groovy:72)
	at com.kms.katalon.core.keyword.BuiltinKeywords.callTestCase(BuiltinKeywords.groovy:334)
	at Trade_Name_Search_Multiple.run(Trade_Name_Search_Multiple:101)
	at com.kms.katalon.core.main.ScriptEngine.run(ScriptEngine.java:194)
	at com.kms.katalon.core.main.ScriptEngine.runScriptAsRawText(ScriptEngine.java:119)
	at com.kms.katalon.core.main.TestCaseExecutor.runScript(TestCaseExecutor.java:337)
	at com.kms.katalon.core.main.TestCaseExecutor.doExecute(TestCaseExecutor.java:328)
	at com.kms.katalon.core.main.TestCaseExecutor.processExecutionPhase(TestCaseExecutor.java:307)
	at com.kms.katalon.core.main.TestCaseExecutor.accessMainPhase(TestCaseExecutor.java:299)
	at com.kms.katalon.core.main.TestCaseExecutor.execute(TestCaseExecutor.java:233)
	at com.kms.katalon.core.main.TestSuiteExecutor.accessTestCaseMainPhase(TestSuiteExecutor.java:169)
	at com.kms.katalon.core.main.TestSuiteExecutor.accessTestSuiteMainPhase(TestSuiteExecutor.java:142)
	at com.kms.katalon.core.main.TestSuiteExecutor.execute(TestSuiteExecutor.java:91)
	at com.kms.katalon.core.main.TestCaseMain.startTestSuite(TestCaseMain.java:157)
	at com.kms.katalon.core.main.TestCaseMain$startTestSuite$0.call(Unknown Source)
	at TempTestSuite1578298539772.run(TempTestSuite1578298539772.groovy:36)
)
	at com.kms.katalon.core.keyword.internal.KeywordMain.stepFailed(KeywordMain.groovy:39)
	at com.kms.katalon.core.webui.keyword.internal.WebUIKeywordMain.stepFailed(WebUIKeywordMain.groovy:64)
	at com.kms.katalon.core.webui.keyword.builtin.VerifyTextPresentKeyword$_verifyTextPresent_closure1.doCall(VerifyTextPresentKeyword.groovy:79)
	at com.kms.katalon.core.webui.keyword.builtin.VerifyTextPresentKeyword$_verifyTextPresent_closure1.call(VerifyTextPresentKeyword.groovy)
	at com.kms.katalon.core.webui.keyword.internal.WebUIKeywordMain.runKeyword(WebUIKeywordMain.groovy:20)
	at com.kms.katalon.core.webui.keyword.builtin.VerifyTextPresentKeyword.verifyTextPresent(VerifyTextPresentKeyword.groovy:83)
	at com.kms.katalon.core.webui.keyword.builtin.VerifyTextPresentKeyword.execute(VerifyTextPresentKeyword.groovy:68)
	at com.kms.katalon.core.keyword.internal.KeywordExecutor.executeKeywordForPlatform(KeywordExecutor.groovy:72)
	at com.kms.katalon.core.webui.keyword.WebUiBuiltInKeywords.verifyTextPresent(WebUiBuiltInKeywords.groovy:1693)
	at com.kms.katalon.core.webui.keyword.WebUiBuiltInKeywords$verifyTextPresent$5.call(Unknown Source)
	at CAT_Verification_Primary_Contact.run(CAT_Verification_Primary_Contact:23)
	at com.kms.katalon.core.main.ScriptEngine.run(ScriptEngine.java:194)
	at com.kms.katalon.core.main.ScriptEngine.runScriptAsRawText(ScriptEngine.java:119)
	at com.kms.katalon.core.main.TestCaseExecutor.runScript(TestCaseExecutor.java:337)
	at com.kms.katalon.core.main.TestCaseExecutor.doExecute(TestCaseExecutor.java:328)
	at com.kms.katalon.core.main.TestCaseExecutor.processExecutionPhase(TestCaseExecutor.java:307)
	at com.kms.katalon.core.main.TestCaseExecutor.accessMainPhase(TestCaseExecutor.java:299)
	at com.kms.katalon.core.main.TestCaseExecutor.execute(TestCaseExecutor.java:233)
	at com.kms.katalon.core.main.TestCaseMain.runTestCase(TestCaseMain.java:114)
	at com.kms.katalon.core.keyword.builtin.CallTestCaseKeyword$_callTestCase_closure1.doCall(CallTestCaseKeyword.groovy:59)
	... 20 more
Caused by: com.kms.katalon.core.exception.StepFailedException: Text 'David Clarke' is not present on page 
	... 39 more
"/>
         <system-out><![CDATA[2020-01-06 08:15:45 - [TEST_CASE][FAILED] - Test Cases/Checkatrade_Tradesman_Searches/Trade_Name_Search_Multiple: Test Cases/Checkatrade_Tradesman_Searches/Trade_Name_Search_Multiple FAILED.
Reason:
com.kms.katalon.core.exception.StepFailedException: Unable to call Test Case 'Test Cases/Reusable_Test_Sequences/CAT_Verification_Primary_Contact' (Root cause: com.kms.katalon.core.exception.StepFailedException: Call Test Case 'Test Cases/Reusable_Test_Sequences/CAT_Verification_Primary_Contact' failed
	at com.kms.katalon.core.keyword.builtin.CallTestCaseKeyword$_callTestCase_closure1.doCall(CallTestCaseKeyword.groovy:63)
	at com.kms.katalon.core.keyword.builtin.CallTestCaseKeyword$_callTestCase_closure1.call(CallTestCaseKeyword.groovy)
	at com.kms.katalon.core.keyword.internal.KeywordMain.runKeyword(KeywordMain.groovy:68)
	at com.kms.katalon.core.keyword.builtin.CallTestCaseKeyword.callTestCase(CallTestCaseKeyword.groovy:81)
	at com.kms.katalon.core.keyword.builtin.CallTestCaseKeyword.execute(CallTestCaseKeyword.groovy:44)
	at com.kms.katalon.core.keyword.internal.KeywordExecutor.executeKeywordForPlatform(KeywordExecutor.groovy:72)
	at com.kms.katalon.core.keyword.BuiltinKeywords.callTestCase(BuiltinKeywords.groovy:334)
	at Trade_Name_Search_Multiple.run(Trade_Name_Search_Multiple:101)
	at com.kms.katalon.core.main.ScriptEngine.run(ScriptEngine.java:194)
	at com.kms.katalon.core.main.ScriptEngine.runScriptAsRawText(ScriptEngine.java:119)
	at com.kms.katalon.core.main.TestCaseExecutor.runScript(TestCaseExecutor.java:337)
	at com.kms.katalon.core.main.TestCaseExecutor.doExecute(TestCaseExecutor.java:328)
	at com.kms.katalon.core.main.TestCaseExecutor.processExecutionPhase(TestCaseExecutor.java:307)
	at com.kms.katalon.core.main.TestCaseExecutor.accessMainPhase(TestCaseExecutor.java:299)
	at com.kms.katalon.core.main.TestCaseExecutor.execute(TestCaseExecutor.java:233)
	at com.kms.katalon.core.main.TestSuiteExecutor.accessTestCaseMainPhase(TestSuiteExecutor.java:169)
	at com.kms.katalon.core.main.TestSuiteExecutor.accessTestSuiteMainPhase(TestSuiteExecutor.java:142)
	at com.kms.katalon.core.main.TestSuiteExecutor.execute(TestSuiteExecutor.java:91)
	at com.kms.katalon.core.main.TestCaseMain.startTestSuite(TestCaseMain.java:157)
	at com.kms.katalon.core.main.TestCaseMain$startTestSuite$0.call(Unknown Source)
	at TempTestSuite1578298539772.run(TempTestSuite1578298539772.groovy:36)
Caused by: com.kms.katalon.core.exception.StepFailedException: Text 'David Clarke' is not present on page  (Root cause: com.kms.katalon.core.exception.StepFailedException: Text 'David Clarke' is not present on page 
	at com.kms.katalon.core.webui.keyword.internal.WebUIKeywordMain.stepFailed(WebUIKeywordMain.groovy:64)
	at com.kms.katalon.core.webui.keyword.builtin.VerifyTextPresentKeyword$_verifyTextPresent_closure1.doCall(VerifyTextPresentKeyword.groovy:79)
	at com.kms.katalon.core.webui.keyword.builtin.VerifyTextPresentKeyword$_verifyTextPresent_closure1.call(VerifyTextPresentKeyword.groovy)
	at com.kms.katalon.core.webui.keyword.internal.WebUIKeywordMain.runKeyword(WebUIKeywordMain.groovy:20)
	at com.kms.katalon.core.webui.keyword.builtin.VerifyTextPresentKeyword.verifyTextPresent(VerifyTextPresentKeyword.groovy:83)
	at com.kms.katalon.core.webui.keyword.builtin.VerifyTextPresentKeyword.execute(VerifyTextPresentKeyword.groovy:68)
	at com.kms.katalon.core.keyword.internal.KeywordExecutor.executeKeywordForPlatform(KeywordExecutor.groovy:72)
	at com.kms.katalon.core.webui.keyword.WebUiBuiltInKeywords.verifyTextPresent(WebUiBuiltInKeywords.groovy:1693)
	at com.kms.katalon.core.webui.keyword.WebUiBuiltInKeywords$verifyTextPresent$5.call(Unknown Source)
	at CAT_Verification_Primary_Contact.run(CAT_Verification_Primary_Contact:23)
	at com.kms.katalon.core.main.ScriptEngine.run(ScriptEngine.java:194)
	at com.kms.katalon.core.main.ScriptEngine.runScriptAsRawText(ScriptEngine.java:119)
	at com.kms.katalon.core.main.TestCaseExecutor.runScript(TestCaseExecutor.java:337)
	at com.kms.katalon.core.main.TestCaseExecutor.doExecute(TestCaseExecutor.java:328)
	at com.kms.katalon.core.main.TestCaseExecutor.processExecutionPhase(TestCaseExecutor.java:307)
	at com.kms.katalon.core.main.TestCaseExecutor.accessMainPhase(TestCaseExecutor.java:299)
	at com.kms.katalon.core.main.TestCaseExecutor.execute(TestCaseExecutor.java:233)
	at com.kms.katalon.core.main.TestCaseMain.runTestCase(TestCaseMain.java:114)
	at com.kms.katalon.core.keyword.builtin.CallTestCaseKeyword$_callTestCase_closure1.doCall(CallTestCaseKeyword.groovy:59)
	at com.kms.katalon.core.keyword.builtin.CallTestCaseKeyword$_callTestCase_closure1.call(CallTestCaseKeyword.groovy)
	at com.kms.katalon.core.keyword.internal.KeywordMain.runKeyword(KeywordMain.groovy:68)
	at com.kms.katalon.core.keyword.builtin.CallTestCaseKeyword.callTestCase(CallTestCaseKeyword.groovy:81)
	at com.kms.katalon.core.keyword.builtin.CallTestCaseKeyword.execute(CallTestCaseKeyword.groovy:44)
	at com.kms.katalon.core.keyword.internal.KeywordExecutor.executeKeywordForPlatform(KeywordExecutor.groovy:72)
	at com.kms.katalon.core.keyword.BuiltinKeywords.callTestCase(BuiltinKeywords.groovy:334)
	at Trade_Name_Search_Multiple.run(Trade_Name_Search_Multiple:101)
	at com.kms.katalon.core.main.ScriptEngine.run(ScriptEngine.java:194)
	at com.kms.katalon.core.main.ScriptEngine.runScriptAsRawText(ScriptEngine.java:119)
	at com.kms.katalon.core.main.TestCaseExecutor.runScript(TestCaseExecutor.java:337)
	at com.kms.katalon.core.main.TestCaseExecutor.doExecute(TestCaseExecutor.java:328)
	at com.kms.katalon.core.main.TestCaseExecutor.processExecutionPhase(TestCaseExecutor.java:307)
	at com.kms.katalon.core.main.TestCaseExecutor.accessMainPhase(TestCaseExecutor.java:299)
	at com.kms.katalon.core.main.TestCaseExecutor.execute(TestCaseExecutor.java:233)
	at com.kms.katalon.core.main.TestSuiteExecutor.accessTestCaseMainPhase(TestSuiteExecutor.java:169)
	at com.kms.katalon.core.main.TestSuiteExecutor.accessTestSuiteMainPhase(TestSuiteExecutor.java:142)
	at com.kms.katalon.core.main.TestSuiteExecutor.execute(TestSuiteExecutor.java:91)
	at com.kms.katalon.core.main.TestCaseMain.startTestSuite(TestCaseMain.java:157)
	at com.kms.katalon.core.main.TestCaseMain$startTestSuite$0.call(Unknown Source)
	at TempTestSuite1578298539772.run(TempTestSuite1578298539772.groovy:36)
)
	at com.kms.katalon.core.keyword.internal.KeywordMain.stepFailed(KeywordMain.groovy:39)
	at com.kms.katalon.core.webui.keyword.internal.WebUIKeywordMain.stepFailed(WebUIKeywordMain.groovy:64)
	at com.kms.katalon.core.webui.keyword.builtin.VerifyTextPresentKeyword$_verifyTextPresent_closure1.doCall(VerifyTextPresentKeyword.groovy:79)
	at com.kms.katalon.core.webui.keyword.builtin.VerifyTextPresentKeyword$_verifyTextPresent_closure1.call(VerifyTextPresentKeyword.groovy)
	at com.kms.katalon.core.webui.keyword.internal.WebUIKeywordMain.runKeyword(WebUIKeywordMain.groovy:20)
	at com.kms.katalon.core.webui.keyword.builtin.VerifyTextPresentKeyword.verifyTextPresent(VerifyTextPresentKeyword.groovy:83)
	at com.kms.katalon.core.webui.keyword.builtin.VerifyTextPresentKeyword.execute(VerifyTextPresentKeyword.groovy:68)
	at com.kms.katalon.core.keyword.internal.KeywordExecutor.executeKeywordForPlatform(KeywordExecutor.groovy:72)
	at com.kms.katalon.core.webui.keyword.WebUiBuiltInKeywords.verifyTextPresent(WebUiBuiltInKeywords.groovy:1693)
	at com.kms.katalon.core.webui.keyword.WebUiBuiltInKeywords$verifyTextPresent$5.call(Unknown Source)
	at CAT_Verification_Primary_Contact.run(CAT_Verification_Primary_Contact:23)
	at com.kms.katalon.core.main.ScriptEngine.run(ScriptEngine.java:194)
	at com.kms.katalon.core.main.ScriptEngine.runScriptAsRawText(ScriptEngine.java:119)
	at com.kms.katalon.core.main.TestCaseExecutor.runScript(TestCaseExecutor.java:337)
	at com.kms.katalon.core.main.TestCaseExecutor.doExecute(TestCaseExecutor.java:328)
	at com.kms.katalon.core.main.TestCaseExecutor.processExecutionPhase(TestCaseExecutor.java:307)
	at com.kms.katalon.core.main.TestCaseExecutor.accessMainPhase(TestCaseExecutor.java:299)
	at com.kms.katalon.core.main.TestCaseExecutor.execute(TestCaseExecutor.java:233)
	at com.kms.katalon.core.main.TestCaseMain.runTestCase(TestCaseMain.java:114)
	at com.kms.katalon.core.keyword.builtin.CallTestCaseKeyword$_callTestCase_closure1.doCall(CallTestCaseKeyword.groovy:59)
	... 20 more
Caused by: com.kms.katalon.core.exception.StepFailedException: Text 'David Clarke' is not present on page 
	... 39 more
)
	at com.kms.katalon.core.keyword.internal.KeywordMain.stepFailed(KeywordMain.groovy:39)
	at com.kms.katalon.core.keyword.internal.KeywordMain.stepFailed(KeywordMain.groovy)
	at com.kms.katalon.core.keyword.internal.KeywordMain.runKeyword(KeywordMain.groovy:70)
	at com.kms.katalon.core.keyword.builtin.CallTestCaseKeyword.callTestCase(CallTestCaseKeyword.groovy:81)
	at com.kms.katalon.core.keyword.builtin.CallTestCaseKeyword.execute(CallTestCaseKeyword.groovy:44)
	at com.kms.katalon.core.keyword.internal.KeywordExecutor.executeKeywordForPlatform(KeywordExecutor.groovy:72)
	at com.kms.katalon.core.keyword.BuiltinKeywords.callTestCase(BuiltinKeywords.groovy:334)
	at Trade_Name_Search_Multiple.run(Trade_Name_Search_Multiple:101)
	at com.kms.katalon.core.main.ScriptEngine.run(ScriptEngine.java:194)
	at com.kms.katalon.core.main.ScriptEngine.runScriptAsRawText(ScriptEngine.java:119)
	at com.kms.katalon.core.main.TestCaseExecutor.runScript(TestCaseExecutor.java:337)
	at com.kms.katalon.core.main.TestCaseExecutor.doExecute(TestCaseExecutor.java:328)
	at com.kms.katalon.core.main.TestCaseExecutor.processExecutionPhase(TestCaseExecutor.java:307)
	at com.kms.katalon.core.main.TestCaseExecutor.accessMainPhase(TestCaseExecutor.java:299)
	at com.kms.katalon.core.main.TestCaseExecutor.execute(TestCaseExecutor.java:233)
	at com.kms.katalon.core.main.TestSuiteExecutor.accessTestCaseMainPhase(TestSuiteExecutor.java:169)
	at com.kms.katalon.core.main.TestSuiteExecutor.accessTestSuiteMainPhase(TestSuiteExecutor.java:142)
	at com.kms.katalon.core.main.TestSuiteExecutor.execute(TestSuiteExecutor.java:91)
	at com.kms.katalon.core.main.TestCaseMain.startTestSuite(TestCaseMain.java:157)
	at com.kms.katalon.core.main.TestCaseMain$startTestSuite$0.call(Unknown Source)
	at TempTestSuite1578298539772.run(TempTestSuite1578298539772.groovy:36)
Caused by: com.kms.katalon.core.exception.StepFailedException: Call Test Case 'Test Cases/Reusable_Test_Sequences/CAT_Verification_Primary_Contact' failed
	at com.kms.katalon.core.keyword.builtin.CallTestCaseKeyword$_callTestCase_closure1.doCall(CallTestCaseKeyword.groovy:63)
	at com.kms.katalon.core.keyword.builtin.CallTestCaseKeyword$_callTestCase_closure1.call(CallTestCaseKeyword.groovy)
	at com.kms.katalon.core.keyword.internal.KeywordMain.runKeyword(KeywordMain.groovy:68)
	... 18 more
Caused by: com.kms.katalon.core.exception.StepFailedException: Text 'David Clarke' is not present on page  (Root cause: com.kms.katalon.core.exception.StepFailedException: Text 'David Clarke' is not present on page 
	at com.kms.katalon.core.webui.keyword.internal.WebUIKeywordMain.stepFailed(WebUIKeywordMain.groovy:64)
	at com.kms.katalon.core.webui.keyword.builtin.VerifyTextPresentKeyword$_verifyTextPresent_closure1.doCall(VerifyTextPresentKeyword.groovy:79)
	at com.kms.katalon.core.webui.keyword.builtin.VerifyTextPresentKeyword$_verifyTextPresent_closure1.call(VerifyTextPresentKeyword.groovy)
	at com.kms.katalon.core.webui.keyword.internal.WebUIKeywordMain.runKeyword(WebUIKeywordMain.groovy:20)
	at com.kms.katalon.core.webui.keyword.builtin.VerifyTextPresentKeyword.verifyTextPresent(VerifyTextPresentKeyword.groovy:83)
	at com.kms.katalon.core.webui.keyword.builtin.VerifyTextPresentKeyword.execute(VerifyTextPresentKeyword.groovy:68)
	at com.kms.katalon.core.keyword.internal.KeywordExecutor.executeKeywordForPlatform(KeywordExecutor.groovy:72)
	at com.kms.katalon.core.webui.keyword.WebUiBuiltInKeywords.verifyTextPresent(WebUiBuiltInKeywords.groovy:1693)
	at com.kms.katalon.core.webui.keyword.WebUiBuiltInKeywords$verifyTextPresent$5.call(Unknown Source)
	at CAT_Verification_Primary_Contact.run(CAT_Verification_Primary_Contact:23)
	at com.kms.katalon.core.main.ScriptEngine.run(ScriptEngine.java:194)
	at com.kms.katalon.core.main.ScriptEngine.runScriptAsRawText(ScriptEngine.java:119)
	at com.kms.katalon.core.main.TestCaseExecutor.runScript(TestCaseExecutor.java:337)
	at com.kms.katalon.core.main.TestCaseExecutor.doExecute(TestCaseExecutor.java:328)
	at com.kms.katalon.core.main.TestCaseExecutor.processExecutionPhase(TestCaseExecutor.java:307)
	at com.kms.katalon.core.main.TestCaseExecutor.accessMainPhase(TestCaseExecutor.java:299)
	at com.kms.katalon.core.main.TestCaseExecutor.execute(TestCaseExecutor.java:233)
	at com.kms.katalon.core.main.TestCaseMain.runTestCase(TestCaseMain.java:114)
	at com.kms.katalon.core.keyword.builtin.CallTestCaseKeyword$_callTestCase_closure1.doCall(CallTestCaseKeyword.groovy:59)
	at com.kms.katalon.core.keyword.builtin.CallTestCaseKeyword$_callTestCase_closure1.call(CallTestCaseKeyword.groovy)
	at com.kms.katalon.core.keyword.internal.KeywordMain.runKeyword(KeywordMain.groovy:68)
	at com.kms.katalon.core.keyword.builtin.CallTestCaseKeyword.callTestCase(CallTestCaseKeyword.groovy:81)
	at com.kms.katalon.core.keyword.builtin.CallTestCaseKeyword.execute(CallTestCaseKeyword.groovy:44)
	at com.kms.katalon.core.keyword.internal.KeywordExecutor.executeKeywordForPlatform(KeywordExecutor.groovy:72)
	at com.kms.katalon.core.keyword.BuiltinKeywords.callTestCase(BuiltinKeywords.groovy:334)
	at Trade_Name_Search_Multiple.run(Trade_Name_Search_Multiple:101)
	at com.kms.katalon.core.main.ScriptEngine.run(ScriptEngine.java:194)
	at com.kms.katalon.core.main.ScriptEngine.runScriptAsRawText(ScriptEngine.java:119)
	at com.kms.katalon.core.main.TestCaseExecutor.runScript(TestCaseExecutor.java:337)
	at com.kms.katalon.core.main.TestCaseExecutor.doExecute(TestCaseExecutor.java:328)
	at com.kms.katalon.core.main.TestCaseExecutor.processExecutionPhase(TestCaseExecutor.java:307)
	at com.kms.katalon.core.main.TestCaseExecutor.accessMainPhase(TestCaseExecutor.java:299)
	at com.kms.katalon.core.main.TestCaseExecutor.execute(TestCaseExecutor.java:233)
	at com.kms.katalon.core.main.TestSuiteExecutor.accessTestCaseMainPhase(TestSuiteExecutor.java:169)
	at com.kms.katalon.core.main.TestSuiteExecutor.accessTestSuiteMainPhase(TestSuiteExecutor.java:142)
	at com.kms.katalon.core.main.TestSuiteExecutor.execute(TestSuiteExecutor.java:91)
	at com.kms.katalon.core.main.TestCaseMain.startTestSuite(TestCaseMain.java:157)
	at com.kms.katalon.core.main.TestCaseMain$startTestSuite$0.call(Unknown Source)
	at TempTestSuite1578298539772.run(TempTestSuite1578298539772.groovy:36)
)
	at com.kms.katalon.core.keyword.internal.KeywordMain.stepFailed(KeywordMain.groovy:39)
	at com.kms.katalon.core.webui.keyword.internal.WebUIKeywordMain.stepFailed(WebUIKeywordMain.groovy:64)
	at com.kms.katalon.core.webui.keyword.builtin.VerifyTextPresentKeyword$_verifyTextPresent_closure1.doCall(VerifyTextPresentKeyword.groovy:79)
	at com.kms.katalon.core.webui.keyword.builtin.VerifyTextPresentKeyword$_verifyTextPresent_closure1.call(VerifyTextPresentKeyword.groovy)
	at com.kms.katalon.core.webui.keyword.internal.WebUIKeywordMain.runKeyword(WebUIKeywordMain.groovy:20)
	at com.kms.katalon.core.webui.keyword.builtin.VerifyTextPresentKeyword.verifyTextPresent(VerifyTextPresentKeyword.groovy:83)
	at com.kms.katalon.core.webui.keyword.builtin.VerifyTextPresentKeyword.execute(VerifyTextPresentKeyword.groovy:68)
	at com.kms.katalon.core.keyword.internal.KeywordExecutor.executeKeywordForPlatform(KeywordExecutor.groovy:72)
	at com.kms.katalon.core.webui.keyword.WebUiBuiltInKeywords.verifyTextPresent(WebUiBuiltInKeywords.groovy:1693)
	at com.kms.katalon.core.webui.keyword.WebUiBuiltInKeywords$verifyTextPresent$5.call(Unknown Source)
	at CAT_Verification_Primary_Contact.run(CAT_Verification_Primary_Contact:23)
	at com.kms.katalon.core.main.ScriptEngine.run(ScriptEngine.java:194)
	at com.kms.katalon.core.main.ScriptEngine.runScriptAsRawText(ScriptEngine.java:119)
	at com.kms.katalon.core.main.TestCaseExecutor.runScript(TestCaseExecutor.java:337)
	at com.kms.katalon.core.main.TestCaseExecutor.doExecute(TestCaseExecutor.java:328)
	at com.kms.katalon.core.main.TestCaseExecutor.processExecutionPhase(TestCaseExecutor.java:307)
	at com.kms.katalon.core.main.TestCaseExecutor.accessMainPhase(TestCaseExecutor.java:299)
	at com.kms.katalon.core.main.TestCaseExecutor.execute(TestCaseExecutor.java:233)
	at com.kms.katalon.core.main.TestCaseMain.runTestCase(TestCaseMain.java:114)
	at com.kms.katalon.core.keyword.builtin.CallTestCaseKeyword$_callTestCase_closure1.doCall(CallTestCaseKeyword.groovy:59)
	... 20 more
Caused by: com.kms.katalon.core.exception.StepFailedException: Text 'David Clarke' is not present on page 
	... 39 more


2020-01-06 08:15:45 - [TEST_STEP][FAILED] - for ([row = 1, row <= findTestData("Search_CAT_ID_Data (1)").getRowNumbers(), (internal.GlobalVariable.row++)]): null

2020-01-06 08:15:46 - [TEST_STEP][PASSED] - callTestCase(findTestCase("Reusable_Test_Sequences/CAT_Setup"), [:], STOP_ON_FAILURE): Call Test Case 'Test Cases/Reusable_Test_Sequences/CAT_Setup' successfully

2020-01-06 08:15:46 - [TEST_CASE][PASSED] - Test Cases/Reusable_Test_Sequences/CAT_Setup: Test Cases/Reusable_Test_Sequences/CAT_Setup

2020-01-06 08:15:46 - [TEST_STEP][PASSED] - "------------------------------": null

2020-01-06 08:15:46 - [TEST_STEP][PASSED] - " Set Mobile Device Testing    |": null

2020-01-06 08:15:46 - [TEST_STEP][PASSED] - if (Mobile_Flag == "true"): null

2020-01-06 08:15:46 - [TEST_STEP][PASSED] - "------------------------------": null

2020-01-06 08:15:46 - [TEST_STEP][PASSED] - " Set Mobile Device Testing    |": null

2020-01-06 08:15:46 - [TEST_STEP][PASSED] - "------------------------------": null

2020-01-06 08:15:46 - [TEST_STEP][PASSED] - "URL - Set from the ENVIRONMENT PROFILE ": null

2020-01-06 08:15:46 - [TEST_STEP][PASSED] - openBrowser(URL): Browser is opened with url: 'https://www.preview.checkatrade.com/'

2020-01-06 08:15:46 - [MESSAGE][INFO] - Starting 'Chrome' driver

2020-01-06 08:15:46 - [MESSAGE][INFO] - Action delay is set to 0 seconds

2020-01-06 08:15:56 - [MESSAGE][PASSED] - Browser is opened with url: 'https://www.preview.checkatrade.com/'

2020-01-06 08:15:56 - [TEST_STEP][PASSED] - maximizeWindow(): Current window maximized

2020-01-06 08:16:00 - [MESSAGE][PASSED] - Current window maximized

2020-01-06 08:16:00 - [TEST_STEP][PASSED] - waitForPageLoad(60): Wait for page load successfully

2020-01-06 08:16:00 - [MESSAGE][PASSED] - Wait for page load successfully

2020-01-06 08:16:00 - [TEST_STEP][PASSED] - "Previous Functionalilty Left Commented For Ease Of reversion": null

2020-01-06 08:16:00 - [TEST_STEP][PASSED] - try: Text 'Cookie Policy' is not present on page

2020-01-06 08:16:00 - [TEST_STEP][PASSED] - verifyElementPresent(findTestObject("Object Repository/Cookies/Page_Checkatrade Find a tradesperson you can trust/button_Accept All"), 5): Object 'Object Repository/Cookies/Page_Checkatrade Find a tradesperson you can trust/button_Accept All' is present

2020-01-06 08:16:00 - [MESSAGE][PASSED] - Object 'Object Repository/Cookies/Page_Checkatrade Find a tradesperson you can trust/button_Accept All' is present

2020-01-06 08:16:00 - [TEST_STEP][PASSED] - click(findTestObject("Object Repository/Cookies/Page_Checkatrade Find a tradesperson you can trust/button_Accept All")): Object: 'Object Repository/Cookies/Page_Checkatrade Find a tradesperson you can trust/button_Accept All' is clicked on

2020-01-06 08:16:00 - [MESSAGE][PASSED] - Object: 'Object Repository/Cookies/Page_Checkatrade Find a tradesperson you can trust/button_Accept All' is clicked on

2020-01-06 08:16:00 - [TEST_STEP][PASSED] - "---------------------------------": null

2020-01-06 08:16:00 - [TEST_STEP][PASSED] - "COOKIE POPOUT REMOVED - Confirmed": null

2020-01-06 08:16:00 - [TEST_STEP][PASSED] - delay(1): Delayed 1 second(s)

2020-01-06 08:16:01 - [MESSAGE][PASSED] - Delayed 1 second(s)

2020-01-06 08:16:01 - [TEST_STEP][PASSED] - verifyTextNotPresent("We use cookies to personalise content and ads, to provide social media features and to analyse our traffic", false): Text 'We use cookies to personalise content and ads, to provide social media features and to analyse our traffic' is not present on page

2020-01-06 08:16:02 - [MESSAGE][PASSED] - Text 'We use cookies to personalise content and ads, to provide social media features and to analyse our traffic' is not present on page

2020-01-06 08:16:02 - [TEST_STEP][PASSED] - verifyTextNotPresent(" We also share information about your use of our site with our social media, advertising and analytics partners", false): Text ' We also share information about your use of our site with our social media, advertising and analytics partners' is not present on page

2020-01-06 08:16:02 - [MESSAGE][PASSED] - Text ' We also share information about your use of our site with our social media, advertising and analytics partners' is not present on page

2020-01-06 08:16:02 - [TEST_STEP][PASSED] - verifyTextNotPresent("Cookie Policy", false): Text 'Cookie Policy' is not present on page

2020-01-06 08:16:02 - [MESSAGE][PASSED] - Text 'Cookie Policy' is not present on page

2020-01-06 08:16:02 - [TEST_STEP][PASSED] - waitForPageLoad(60): Wait for page load successfully

2020-01-06 08:16:02 - [MESSAGE][PASSED] - Wait for page load successfully

2020-01-06 08:16:02 - [MESSAGE][PASSED] - Call Test Case 'Test Cases/Reusable_Test_Sequences/CAT_Setup' successfully

2020-01-06 08:16:02 - [TEST_STEP][PASSED] - callTestCase(findTestCase("Reusable_Test_Sequences/CAT_Home"), [:], CONTINUE_ON_FAILURE): Call Test Case 'Test Cases/Reusable_Test_Sequences/CAT_Home' successfully

2020-01-06 08:16:02 - [TEST_CASE][PASSED] - Test Cases/Reusable_Test_Sequences/CAT_Home: Test Cases/Reusable_Test_Sequences/CAT_Home

2020-01-06 08:16:02 - [TEST_STEP][PASSED] - waitForPageLoad(60): Wait for page load successfully

2020-01-06 08:16:02 - [MESSAGE][PASSED] - Wait for page load successfully

2020-01-06 08:16:02 - [TEST_STEP][PASSED] - delay(2): Delayed 2 second(s)

2020-01-06 08:16:04 - [MESSAGE][PASSED] - Delayed 2 second(s)

2020-01-06 08:16:04 - [TEST_STEP][PASSED] - "------------------------------------": null

2020-01-06 08:16:04 - [TEST_STEP][PASSED] - "------------------------------------": null

2020-01-06 08:16:04 - [TEST_STEP][PASSED] - "Old Site": null

2020-01-06 08:16:04 - [TEST_STEP][PASSED] - verifyTextPresent("Looking for a Tradesperson?", false): Text 'Looking for a Tradesperson?' is present on page 

2020-01-06 08:16:04 - [MESSAGE][PASSED] - Text 'Looking for a Tradesperson?' is present on page 

2020-01-06 08:16:04 - [TEST_STEP][PASSED] - "------------------------------------": null

2020-01-06 08:16:04 - [TEST_STEP][PASSED] - "Old": null

2020-01-06 08:16:04 - [TEST_STEP][PASSED] - verifyTextPresent("Pick from one of more then ", false): Text 'Pick from one of more then ' is present on page 

2020-01-06 08:16:04 - [MESSAGE][PASSED] - Text 'Pick from one of more then ' is present on page 

2020-01-06 08:16:04 - [TEST_STEP][PASSED] - "------------------------------------": null

2020-01-06 08:16:04 - [TEST_STEP][PASSED] - "Old": null

2020-01-06 08:16:04 - [TEST_STEP][PASSED] - verifyTextPresent("vetted and monitored Trades", false): Text 'vetted and monitored Trades' is present on page 

2020-01-06 08:16:05 - [MESSAGE][PASSED] - Text 'vetted and monitored Trades' is present on page 

2020-01-06 08:16:05 - [TEST_STEP][PASSED] - verifyTextPresent("or look up a member by name", false): Text 'or look up a member by name' is present on page 

2020-01-06 08:16:05 - [MESSAGE][PASSED] - Text 'or look up a member by name' is present on page 

2020-01-06 08:16:05 - [TEST_STEP][PASSED] - "------------------------------------": null

2020-01-06 08:16:05 - [TEST_STEP][PASSED] - "Old": null

2020-01-06 08:16:05 - [TEST_STEP][PASSED] - verifyTextPresent("Reference & Reviews", false): Text 'Reference & Reviews' is present on page 

2020-01-06 08:16:05 - [MESSAGE][PASSED] - Text 'Reference & Reviews' is present on page 

2020-01-06 08:16:05 - [TEST_STEP][PASSED] - verifyTextPresent("Background", false): Text 'Background' is present on page 

2020-01-06 08:16:05 - [MESSAGE][PASSED] - Text 'Background' is present on page 

2020-01-06 08:16:05 - [TEST_STEP][PASSED] - verifyTextPresent("Insurance", false): Text 'Insurance' is present on page 

2020-01-06 08:16:05 - [MESSAGE][PASSED] - Text 'Insurance' is present on page 

2020-01-06 08:16:05 - [TEST_STEP][PASSED] - "------------------------------------": null

2020-01-06 08:16:05 - [TEST_STEP][PASSED] - " NEW FOOTER Details - 10/12/2019 - Old Site": null

2020-01-06 08:16:05 - [TEST_STEP][PASSED] - " NEW FOOTER Details - 02/01/2019 - New Site": null

2020-01-06 08:16:05 - [TEST_STEP][PASSED] - "------------------------------------": null

2020-01-06 08:16:05 - [TEST_STEP][PASSED] - "Old": null

2020-01-06 08:16:05 - [TEST_STEP][PASSED] - "------------------------------------": null

2020-01-06 08:16:05 - [TEST_STEP][PASSED] - "------------------------------------": null

2020-01-06 08:16:05 - [TEST_STEP][PASSED] - "------------------------------------": null

2020-01-06 08:16:05 - [TEST_STEP][PASSED] - "------------------------------------": null

2020-01-06 08:16:05 - [TEST_STEP][PASSED] - "------------------------------------": null

2020-01-06 08:16:05 - [TEST_STEP][PASSED] - verifyTextPresent("Checkatrade Articles: Cost Guides", false): Text 'Checkatrade Articles: Cost Guides' is present on page 

2020-01-06 08:16:05 - [MESSAGE][PASSED] - Text 'Checkatrade Articles: Cost Guides' is present on page 

2020-01-06 08:16:05 - [TEST_STEP][PASSED] - verifyTextPresent("See All Articles", false): Text 'See All Articles' is present on page 

2020-01-06 08:16:05 - [MESSAGE][PASSED] - Text 'See All Articles' is present on page 

2020-01-06 08:16:05 - [TEST_STEP][PASSED] - verifyTextPresent("How Checkatrade works", false): Text 'How Checkatrade works' is present on page 

2020-01-06 08:16:05 - [MESSAGE][PASSED] - Text 'How Checkatrade works' is present on page 

2020-01-06 08:16:05 - [TEST_STEP][PASSED] - scrollToPosition(500, 500): Browser is scrolled to position x = 500, y = 500

2020-01-06 08:16:05 - [MESSAGE][PASSED] - Browser is scrolled to position x = 500, y = 500

2020-01-06 08:16:05 - [TEST_STEP][PASSED] - delay(1): Delayed 1 second(s)

2020-01-06 08:16:06 - [MESSAGE][PASSED] - Delayed 1 second(s)

2020-01-06 08:16:06 - [TEST_STEP][PASSED] - verifyTextPresent("Millions of reviews", false): Text 'Millions of reviews' is present on page 

2020-01-06 08:16:06 - [MESSAGE][PASSED] - Text 'Millions of reviews' is present on page 

2020-01-06 08:16:06 - [TEST_STEP][PASSED] - verifyTextPresent("Our members give out a feedback card with each and every job", false): Text 'Our members give out a feedback card with each and every job' is present on page 

2020-01-06 08:16:06 - [MESSAGE][PASSED] - Text 'Our members give out a feedback card with each and every job' is present on page 

2020-01-06 08:16:06 - [TEST_STEP][PASSED] - verifyTextPresent("Free to use", false): Text 'Free to use' is present on page 

2020-01-06 08:16:06 - [MESSAGE][PASSED] - Text 'Free to use' is present on page 

2020-01-06 08:16:06 - [TEST_STEP][PASSED] - verifyTextPresent("Checkatrade is a completely free service", false): Text 'Checkatrade is a completely free service' is present on page 

2020-01-06 08:16:07 - [MESSAGE][PASSED] - Text 'Checkatrade is a completely free service' is present on page 

2020-01-06 08:16:07 - [TEST_STEP][PASSED] - verifyTextPresent("Nationwide", false): Text 'Nationwide' is present on page 

2020-01-06 08:16:07 - [MESSAGE][PASSED] - Text 'Nationwide' is present on page 

2020-01-06 08:16:07 - [TEST_STEP][PASSED] - verifyTextPresent("Search for tradespeople who work near you from anywhere in the UK", false): Text 'Search for tradespeople who work near you from anywhere in the UK' is present on page 

2020-01-06 08:16:07 - [MESSAGE][PASSED] - Text 'Search for tradespeople who work near you from anywhere in the UK' is present on page 

2020-01-06 08:16:07 - [TEST_STEP][PASSED] - verifyTextPresent("About our members", false): Text 'About our members' is present on page 

2020-01-06 08:16:07 - [MESSAGE][PASSED] - Text 'About our members' is present on page 

2020-01-06 08:16:07 - [TEST_STEP][PASSED] - verifyTextPresent("Checkatrade runs strict background checks on tradespeople before they can become members", false): Text 'Checkatrade runs strict background checks on tradespeople before they can become members' is present on page 

2020-01-06 08:16:07 - [MESSAGE][PASSED] - Text 'Checkatrade runs strict background checks on tradespeople before they can become members' is present on page 

2020-01-06 08:16:07 - [TEST_STEP][PASSED] - verifyTextPresent("The Checkatrade Standard", false): Text 'The Checkatrade Standard' is present on page 

2020-01-06 08:16:07 - [MESSAGE][PASSED] - Text 'The Checkatrade Standard' is present on page 

2020-01-06 08:16:07 - [TEST_STEP][PASSED] - verifyTextPresent("Resolving Issues", false): Text 'Resolving Issues' is present on page 

2020-01-06 08:16:07 - [MESSAGE][PASSED] - Text 'Resolving Issues' is present on page 

2020-01-06 08:16:07 - [TEST_STEP][PASSED] - verifyTextPresent("FAQ", false): Text 'FAQ' is present on page 

2020-01-06 08:16:07 - [MESSAGE][PASSED] - Text 'FAQ' is present on page 

2020-01-06 08:16:07 - [TEST_STEP][PASSED] - "------------------------------------": null

2020-01-06 08:16:07 - [TEST_STEP][PASSED] - "FOOTER": null

2020-01-06 08:16:07 - [TEST_STEP][PASSED] - verifyTextPresent("Trades", false): Text 'Trades' is present on page 

2020-01-06 08:16:07 - [MESSAGE][PASSED] - Text 'Trades' is present on page 

2020-01-06 08:16:07 - [TEST_STEP][PASSED] - verifyTextPresent("Homeowner", false): Text 'Homeowner' is present on page 

2020-01-06 08:16:07 - [MESSAGE][PASSED] - Text 'Homeowner' is present on page 

2020-01-06 08:16:07 - [TEST_STEP][PASSED] - verifyTextPresent("Company", false): Text 'Company' is present on page 

2020-01-06 08:16:07 - [MESSAGE][PASSED] - Text 'Company' is present on page 

2020-01-06 08:16:07 - [TEST_STEP][PASSED] - "------------------------------------": null

2020-01-06 08:16:07 - [TEST_STEP][PASSED] - "Social Media": null

2020-01-06 08:16:07 - [TEST_STEP][PASSED] - verifyTextPresent("Follow us on", false): Text 'Follow us on' is present on page 

2020-01-06 08:16:08 - [MESSAGE][PASSED] - Text 'Follow us on' is present on page 

2020-01-06 08:16:08 - [TEST_STEP][PASSED] - scrollToElement(findTestObject("Object Repository/New_CAT_Search/Search_by_Name"), 3): Scroll to object 'Object Repository/New_CAT_Search/Search_by_Name' successfully

2020-01-06 08:16:08 - [MESSAGE][PASSED] - Scroll to object 'Object Repository/New_CAT_Search/Search_by_Name' successfully

2020-01-06 08:16:08 - [TEST_STEP][PASSED] - waitForElementClickable(findTestObject("Object Repository/New_CAT_Search/Search_by_Name"), 10): Object 'Object Repository/New_CAT_Search/Search_by_Name' is clickable

2020-01-06 08:16:08 - [MESSAGE][PASSED] - Object 'Object Repository/New_CAT_Search/Search_by_Name' is clickable

2020-01-06 08:16:08 - [TEST_STEP][PASSED] - waitForPageLoad(60): Wait for page load successfully

2020-01-06 08:16:08 - [MESSAGE][PASSED] - Wait for page load successfully

2020-01-06 08:16:08 - [MESSAGE][PASSED] - Call Test Case 'Test Cases/Reusable_Test_Sequences/CAT_Home' successfully

2020-01-06 08:16:08 - [TEST_STEP][PASSED] - "---------------------------------------------------------------------": null

2020-01-06 08:16:08 - [TEST_STEP][PASSED] - " Select Search on Trader Name (or ID) From Home page/Search Screen   |": null

2020-01-06 08:16:08 - [TEST_STEP][PASSED] - callTestCase(findTestCase("Reusable_Test_Sequences/CAT_Click_Search_Trade_Name"), [:], CONTINUE_ON_FAILURE): Call Test Case 'Test Cases/Reusable_Test_Sequences/CAT_Click_Search_Trade_Name' successfully

2020-01-06 08:16:08 - [TEST_CASE][PASSED] - Test Cases/Reusable_Test_Sequences/CAT_Click_Search_Trade_Name: Test Cases/Reusable_Test_Sequences/CAT_Click_Search_Trade_Name

2020-01-06 08:16:08 - [TEST_STEP][PASSED] - waitForPageLoad(60): Wait for page load successfully

2020-01-06 08:16:08 - [MESSAGE][PASSED] - Wait for page load successfully

2020-01-06 08:16:08 - [TEST_STEP][PASSED] - try: Object: 'Object Repository/New_CAT_Search/Page_Checkatrade Find a tradesperson you can trust/button_or look up a member by name' is clicked on

2020-01-06 08:16:08 - [TEST_STEP][PASSED] - scrollToPosition(0, 0): Browser is scrolled to position x = 0, y = 0

2020-01-06 08:16:08 - [MESSAGE][PASSED] - Browser is scrolled to position x = 0, y = 0

2020-01-06 08:16:08 - [TEST_STEP][PASSED] - click(findTestObject("Object Repository/New_CAT_Search/Page_Checkatrade Find a tradesperson you can trust/button_or look up a member by name")): Object: 'Object Repository/New_CAT_Search/Page_Checkatrade Find a tradesperson you can trust/button_or look up a member by name' is clicked on

2020-01-06 08:16:08 - [MESSAGE][PASSED] - Object: 'Object Repository/New_CAT_Search/Page_Checkatrade Find a tradesperson you can trust/button_or look up a member by name' is clicked on

2020-01-06 08:16:08 - [TEST_STEP][PASSED] - waitForPageLoad(60): Wait for page load successfully

2020-01-06 08:16:08 - [MESSAGE][PASSED] - Wait for page load successfully

2020-01-06 08:16:08 - [MESSAGE][PASSED] - Call Test Case 'Test Cases/Reusable_Test_Sequences/CAT_Click_Search_Trade_Name' successfully

2020-01-06 08:16:08 - [TEST_STEP][PASSED] - "---------------------------------------": null

2020-01-06 08:16:08 - [TEST_STEP][PASSED] - " Enter Trader Name (or ID) to Search   |": null

2020-01-06 08:16:08 - [TEST_STEP][PASSED] - callTestCase(findTestCase("Reusable_Test_Sequences/CAT_Enter_Trade_Name"), [:], CONTINUE_ON_FAILURE): Call Test Case 'Test Cases/Reusable_Test_Sequences/CAT_Enter_Trade_Name' successfully

2020-01-06 08:16:08 - [TEST_CASE][PASSED] - Test Cases/Reusable_Test_Sequences/CAT_Enter_Trade_Name: Test Cases/Reusable_Test_Sequences/CAT_Enter_Trade_Name

2020-01-06 08:16:08 - [TEST_STEP][PASSED] - try: Text '218020' is set on object 'Object Repository/New_CAT_Search/Company_Search_Field'

2020-01-06 08:16:08 - [TEST_STEP][PASSED] - setText(findTestObject("Object Repository/New_CAT_Search/Company_Search_Field"), findTestData("Search_CAT_ID_Data (1)").getValue("tradeName", row)): Text '218020' is set on object 'Object Repository/New_CAT_Search/Company_Search_Field'

2020-01-06 08:16:09 - [MESSAGE][PASSED] - Text '218020' is set on object 'Object Repository/New_CAT_Search/Company_Search_Field'

2020-01-06 08:16:09 - [MESSAGE][PASSED] - Call Test Case 'Test Cases/Reusable_Test_Sequences/CAT_Enter_Trade_Name' successfully

2020-01-06 08:16:09 - [TEST_STEP][PASSED] - "---------------------------------------": null

2020-01-06 08:16:09 - [TEST_STEP][PASSED] - " Search Trader Name (or ID)            |": null

2020-01-06 08:16:09 - [TEST_STEP][PASSED] - callTestCase(findTestCase("Reusable_Test_Sequences/CAT_Search_Trade_Name"), [:], CONTINUE_ON_FAILURE): Call Test Case 'Test Cases/Reusable_Test_Sequences/CAT_Search_Trade_Name' successfully

2020-01-06 08:16:09 - [TEST_CASE][PASSED] - Test Cases/Reusable_Test_Sequences/CAT_Search_Trade_Name: Test Cases/Reusable_Test_Sequences/CAT_Search_Trade_Name

2020-01-06 08:16:09 - [TEST_STEP][PASSED] - "Hit Search Trade Person by Name (or CAT ID) after parameters are entered": null

2020-01-06 08:16:09 - [TEST_STEP][PASSED] - try: Object: 'Object Repository/New_CAT_Search/Lookup_Return_Element' is clicked on

2020-01-06 08:16:09 - [TEST_STEP][PASSED] - waitForElementPresent(findTestObject("Object Repository/New_CAT_Search/Lookup_Return_Element"), 60): Object 'Object Repository/New_CAT_Search/Lookup_Return_Element' is present

2020-01-06 08:16:09 - [MESSAGE][PASSED] - Object 'Object Repository/New_CAT_Search/Lookup_Return_Element' is present

2020-01-06 08:16:09 - [TEST_STEP][PASSED] - click(findTestObject("Object Repository/New_CAT_Search/Lookup_Return_Element")): Object: 'Object Repository/New_CAT_Search/Lookup_Return_Element' is clicked on

2020-01-06 08:16:09 - [MESSAGE][PASSED] - Object: 'Object Repository/New_CAT_Search/Lookup_Return_Element' is clicked on

2020-01-06 08:16:09 - [TEST_STEP][PASSED] - delay(2): Delayed 2 second(s)

2020-01-06 08:16:11 - [MESSAGE][PASSED] - Delayed 2 second(s)

2020-01-06 08:16:11 - [TEST_STEP][PASSED] - waitForPageLoad(60): Wait for page load successfully

2020-01-06 08:16:11 - [MESSAGE][PASSED] - Wait for page load successfully

2020-01-06 08:16:11 - [MESSAGE][PASSED] - Call Test Case 'Test Cases/Reusable_Test_Sequences/CAT_Search_Trade_Name' successfully

2020-01-06 08:16:11 - [TEST_STEP][PASSED] - "------------------------------------------": null

2020-01-06 08:16:11 - [TEST_STEP][PASSED] - " Scroll to Page Footer to Reveal Results  |": null

2020-01-06 08:16:11 - [TEST_STEP][PASSED] - callTestCase(findTestCase("Reusable_Test_Sequences/CAT_Scroll_to_Footer"), [:], CONTINUE_ON_FAILURE): Call Test Case 'Test Cases/Reusable_Test_Sequences/CAT_Scroll_to_Footer' successfully

2020-01-06 08:16:11 - [TEST_CASE][PASSED] - Test Cases/Reusable_Test_Sequences/CAT_Scroll_to_Footer: Test Cases/Reusable_Test_Sequences/CAT_Scroll_to_Footer

2020-01-06 08:16:11 - [TEST_STEP][PASSED] - "-----------------------------------------------------": null

2020-01-06 08:16:11 - [TEST_STEP][PASSED] - " Major changes factored into function 05/12/2019     |": null

2020-01-06 08:16:11 - [TEST_STEP][PASSED] - "-----------------------------------------------------": null

2020-01-06 08:16:11 - [TEST_STEP][PASSED] - "Animation Removed ": null

2020-01-06 08:16:11 - [TEST_STEP][PASSED] - "Scroll - To Footer on the bottom of the page (sometime off the screen) ": null

2020-01-06 08:16:11 - [TEST_STEP][PASSED] - waitForPageLoad(60): Wait for page load successfully

2020-01-06 08:16:11 - [MESSAGE][PASSED] - Wait for page load successfully

2020-01-06 08:16:11 - [TEST_STEP][PASSED] - scrollToPosition(999, 999): Browser is scrolled to position x = 999, y = 999

2020-01-06 08:16:11 - [MESSAGE][PASSED] - Browser is scrolled to position x = 999, y = 999

2020-01-06 08:16:11 - [TEST_STEP][PASSED] - delay(1): Delayed 1 second(s)

2020-01-06 08:16:12 - [MESSAGE][PASSED] - Delayed 1 second(s)

2020-01-06 08:16:12 - [MESSAGE][PASSED] - Call Test Case 'Test Cases/Reusable_Test_Sequences/CAT_Scroll_to_Footer' successfully

2020-01-06 08:16:12 - [TEST_STEP][PASSED] - "------------------------------------------": null

2020-01-06 08:16:12 - [TEST_STEP][PASSED] - " Verify Correct Location is Returned     |": null

2020-01-06 08:16:12 - [TEST_STEP][PASSED] - callTestCase(findTestCase("Reusable_Test_Sequences/CAT_Verification_Location"), [:], CONTINUE_ON_FAILURE): Call Test Case 'Test Cases/Reusable_Test_Sequences/CAT_Verification_Location' successfully

2020-01-06 08:16:13 - [TEST_CASE][PASSED] - Test Cases/Reusable_Test_Sequences/CAT_Verification_Location: Test Cases/Reusable_Test_Sequences/CAT_Verification_Location

2020-01-06 08:16:13 - [TEST_STEP][PASSED] - verifyTextPresent(findTestData("Search_CAT_ID_Data (1)").getValue("tradeNameLocationVerification", row), false): Text 'Gosport, Hampshire' is present on page 

2020-01-06 08:16:13 - [MESSAGE][PASSED] - Text 'Gosport, Hampshire' is present on page 

2020-01-06 08:16:13 - [MESSAGE][PASSED] - Call Test Case 'Test Cases/Reusable_Test_Sequences/CAT_Verification_Location' successfully

2020-01-06 08:16:13 - [TEST_STEP][PASSED] - "------------------------------------------": null

2020-01-06 08:16:13 - [TEST_STEP][PASSED] - " Verify Primary Contact is Returned     |": null

2020-01-06 08:16:13 - [TEST_STEP][PASSED] - callTestCase(findTestCase("Reusable_Test_Sequences/CAT_Verification_Primary_Contact"), [:], CONTINUE_ON_FAILURE): Call Test Case 'Test Cases/Reusable_Test_Sequences/CAT_Verification_Primary_Contact' successfully

2020-01-06 08:16:13 - [TEST_CASE][PASSED] - Test Cases/Reusable_Test_Sequences/CAT_Verification_Primary_Contact: Test Cases/Reusable_Test_Sequences/CAT_Verification_Primary_Contact

2020-01-06 08:16:13 - [TEST_STEP][PASSED] - verifyTextPresent(findTestData("Search_CAT_ID_Data (1)").getValue("primeContact", row), false): Text 'Jim Foster' is present on page 

2020-01-06 08:16:14 - [MESSAGE][PASSED] - Text 'Jim Foster' is present on page 

2020-01-06 08:16:14 - [MESSAGE][PASSED] - Call Test Case 'Test Cases/Reusable_Test_Sequences/CAT_Verification_Primary_Contact' successfully

2020-01-06 08:16:14 - [TEST_STEP][PASSED] - "--------------------------": null

2020-01-06 08:16:14 - [TEST_STEP][PASSED] - " Teardown - CLose Browser |": null

2020-01-06 08:16:14 - [TEST_STEP][PASSED] - callTestCase(findTestCase("Reusable_Test_Sequences/CAT_Teardown"), [:], OPTIONAL): Call Test Case 'Test Cases/Reusable_Test_Sequences/CAT_Teardown' successfully

2020-01-06 08:16:14 - [TEST_CASE][PASSED] - Test Cases/Reusable_Test_Sequences/CAT_Teardown: Test Cases/Reusable_Test_Sequences/CAT_Teardown

2020-01-06 08:16:14 - [TEST_STEP][PASSED] - closeBrowser(): Browser is closed

2020-01-06 08:16:15 - [MESSAGE][PASSED] - Browser is closed

2020-01-06 08:16:15 - [MESSAGE][PASSED] - Call Test Case 'Test Cases/Reusable_Test_Sequences/CAT_Teardown' successfully

2020-01-06 08:16:15 - [TEST_STEP][PASSED] - callTestCase(findTestCase("Reusable_Test_Sequences/CAT_Setup"), [:], STOP_ON_FAILURE): Call Test Case 'Test Cases/Reusable_Test_Sequences/CAT_Setup' successfully

2020-01-06 08:16:15 - [TEST_CASE][PASSED] - Test Cases/Reusable_Test_Sequences/CAT_Setup: Test Cases/Reusable_Test_Sequences/CAT_Setup

2020-01-06 08:16:15 - [TEST_STEP][PASSED] - "------------------------------": null

2020-01-06 08:16:15 - [TEST_STEP][PASSED] - " Set Mobile Device Testing    |": null

2020-01-06 08:16:15 - [TEST_STEP][PASSED] - if (Mobile_Flag == "true"): null

2020-01-06 08:16:15 - [TEST_STEP][PASSED] - "------------------------------": null

2020-01-06 08:16:15 - [TEST_STEP][PASSED] - " Set Mobile Device Testing    |": null

2020-01-06 08:16:15 - [TEST_STEP][PASSED] - "------------------------------": null

2020-01-06 08:16:15 - [TEST_STEP][PASSED] - "URL - Set from the ENVIRONMENT PROFILE ": null

2020-01-06 08:16:15 - [TEST_STEP][PASSED] - openBrowser(URL): Browser is opened with url: 'https://www.preview.checkatrade.com/'

2020-01-06 08:16:15 - [MESSAGE][INFO] - Starting 'Chrome' driver

2020-01-06 08:16:23 - [MESSAGE][PASSED] - Browser is opened with url: 'https://www.preview.checkatrade.com/'

2020-01-06 08:16:23 - [TEST_STEP][PASSED] - maximizeWindow(): Current window maximized

2020-01-06 08:16:27 - [MESSAGE][PASSED] - Current window maximized

2020-01-06 08:16:27 - [TEST_STEP][PASSED] - waitForPageLoad(60): Wait for page load successfully

2020-01-06 08:16:27 - [MESSAGE][PASSED] - Wait for page load successfully

2020-01-06 08:16:27 - [TEST_STEP][PASSED] - "Previous Functionalilty Left Commented For Ease Of reversion": null

2020-01-06 08:16:27 - [TEST_STEP][PASSED] - try: Text 'Cookie Policy' is not present on page

2020-01-06 08:16:27 - [TEST_STEP][PASSED] - verifyElementPresent(findTestObject("Object Repository/Cookies/Page_Checkatrade Find a tradesperson you can trust/button_Accept All"), 5): Object 'Object Repository/Cookies/Page_Checkatrade Find a tradesperson you can trust/button_Accept All' is present

2020-01-06 08:16:27 - [MESSAGE][PASSED] - Object 'Object Repository/Cookies/Page_Checkatrade Find a tradesperson you can trust/button_Accept All' is present

2020-01-06 08:16:27 - [TEST_STEP][PASSED] - click(findTestObject("Object Repository/Cookies/Page_Checkatrade Find a tradesperson you can trust/button_Accept All")): Object: 'Object Repository/Cookies/Page_Checkatrade Find a tradesperson you can trust/button_Accept All' is clicked on

2020-01-06 08:16:27 - [MESSAGE][PASSED] - Object: 'Object Repository/Cookies/Page_Checkatrade Find a tradesperson you can trust/button_Accept All' is clicked on

2020-01-06 08:16:27 - [TEST_STEP][PASSED] - "---------------------------------": null

2020-01-06 08:16:27 - [TEST_STEP][PASSED] - "COOKIE POPOUT REMOVED - Confirmed": null

2020-01-06 08:16:27 - [TEST_STEP][PASSED] - delay(1): Delayed 1 second(s)

2020-01-06 08:16:28 - [MESSAGE][PASSED] - Delayed 1 second(s)

2020-01-06 08:16:28 - [TEST_STEP][PASSED] - verifyTextNotPresent("We use cookies to personalise content and ads, to provide social media features and to analyse our traffic", false): Text 'We use cookies to personalise content and ads, to provide social media features and to analyse our traffic' is not present on page

2020-01-06 08:16:28 - [MESSAGE][PASSED] - Text 'We use cookies to personalise content and ads, to provide social media features and to analyse our traffic' is not present on page

2020-01-06 08:16:28 - [TEST_STEP][PASSED] - verifyTextNotPresent(" We also share information about your use of our site with our social media, advertising and analytics partners", false): Text ' We also share information about your use of our site with our social media, advertising and analytics partners' is not present on page

2020-01-06 08:16:28 - [MESSAGE][PASSED] - Text ' We also share information about your use of our site with our social media, advertising and analytics partners' is not present on page

2020-01-06 08:16:28 - [TEST_STEP][PASSED] - verifyTextNotPresent("Cookie Policy", false): Text 'Cookie Policy' is not present on page

2020-01-06 08:16:28 - [MESSAGE][PASSED] - Text 'Cookie Policy' is not present on page

2020-01-06 08:16:28 - [TEST_STEP][PASSED] - waitForPageLoad(60): Wait for page load successfully

2020-01-06 08:16:28 - [MESSAGE][PASSED] - Wait for page load successfully

2020-01-06 08:16:28 - [MESSAGE][PASSED] - Call Test Case 'Test Cases/Reusable_Test_Sequences/CAT_Setup' successfully

2020-01-06 08:16:28 - [TEST_STEP][PASSED] - callTestCase(findTestCase("Reusable_Test_Sequences/CAT_Home"), [:], CONTINUE_ON_FAILURE): Call Test Case 'Test Cases/Reusable_Test_Sequences/CAT_Home' successfully

2020-01-06 08:16:28 - [TEST_CASE][PASSED] - Test Cases/Reusable_Test_Sequences/CAT_Home: Test Cases/Reusable_Test_Sequences/CAT_Home

2020-01-06 08:16:28 - [TEST_STEP][PASSED] - waitForPageLoad(60): Wait for page load successfully

2020-01-06 08:16:28 - [MESSAGE][PASSED] - Wait for page load successfully

2020-01-06 08:16:28 - [TEST_STEP][PASSED] - delay(2): Delayed 2 second(s)

2020-01-06 08:16:30 - [MESSAGE][PASSED] - Delayed 2 second(s)

2020-01-06 08:16:30 - [TEST_STEP][PASSED] - "------------------------------------": null

2020-01-06 08:16:30 - [TEST_STEP][PASSED] - "------------------------------------": null

2020-01-06 08:16:30 - [TEST_STEP][PASSED] - "Old Site": null

2020-01-06 08:16:30 - [TEST_STEP][PASSED] - verifyTextPresent("Looking for a Tradesperson?", false): Text 'Looking for a Tradesperson?' is present on page 

2020-01-06 08:16:31 - [MESSAGE][PASSED] - Text 'Looking for a Tradesperson?' is present on page 

2020-01-06 08:16:31 - [TEST_STEP][PASSED] - "------------------------------------": null

2020-01-06 08:16:31 - [TEST_STEP][PASSED] - "Old": null

2020-01-06 08:16:31 - [TEST_STEP][PASSED] - verifyTextPresent("Pick from one of more then ", false): Text 'Pick from one of more then ' is present on page 

2020-01-06 08:16:31 - [MESSAGE][PASSED] - Text 'Pick from one of more then ' is present on page 

2020-01-06 08:16:31 - [TEST_STEP][PASSED] - "------------------------------------": null

2020-01-06 08:16:31 - [TEST_STEP][PASSED] - "Old": null

2020-01-06 08:16:31 - [TEST_STEP][PASSED] - verifyTextPresent("vetted and monitored Trades", false): Text 'vetted and monitored Trades' is present on page 

2020-01-06 08:16:31 - [MESSAGE][PASSED] - Text 'vetted and monitored Trades' is present on page 

2020-01-06 08:16:31 - [TEST_STEP][PASSED] - verifyTextPresent("or look up a member by name", false): Text 'or look up a member by name' is present on page 

2020-01-06 08:16:31 - [MESSAGE][PASSED] - Text 'or look up a member by name' is present on page 

2020-01-06 08:16:31 - [TEST_STEP][PASSED] - "------------------------------------": null

2020-01-06 08:16:31 - [TEST_STEP][PASSED] - "Old": null

2020-01-06 08:16:31 - [TEST_STEP][PASSED] - verifyTextPresent("Reference & Reviews", false): Text 'Reference & Reviews' is present on page 

2020-01-06 08:16:31 - [MESSAGE][PASSED] - Text 'Reference & Reviews' is present on page 

2020-01-06 08:16:31 - [TEST_STEP][PASSED] - verifyTextPresent("Background", false): Text 'Background' is present on page 

2020-01-06 08:16:31 - [MESSAGE][PASSED] - Text 'Background' is present on page 

2020-01-06 08:16:31 - [TEST_STEP][PASSED] - verifyTextPresent("Insurance", false): Text 'Insurance' is present on page 

2020-01-06 08:16:32 - [MESSAGE][PASSED] - Text 'Insurance' is present on page 

2020-01-06 08:16:32 - [TEST_STEP][PASSED] - "------------------------------------": null

2020-01-06 08:16:32 - [TEST_STEP][PASSED] - " NEW FOOTER Details - 10/12/2019 - Old Site": null

2020-01-06 08:16:32 - [TEST_STEP][PASSED] - " NEW FOOTER Details - 02/01/2019 - New Site": null

2020-01-06 08:16:32 - [TEST_STEP][PASSED] - "------------------------------------": null

2020-01-06 08:16:32 - [TEST_STEP][PASSED] - "Old": null

2020-01-06 08:16:32 - [TEST_STEP][PASSED] - "------------------------------------": null

2020-01-06 08:16:32 - [TEST_STEP][PASSED] - "------------------------------------": null

2020-01-06 08:16:32 - [TEST_STEP][PASSED] - "------------------------------------": null

2020-01-06 08:16:32 - [TEST_STEP][PASSED] - "------------------------------------": null

2020-01-06 08:16:32 - [TEST_STEP][PASSED] - "------------------------------------": null

2020-01-06 08:16:32 - [TEST_STEP][PASSED] - verifyTextPresent("Checkatrade Articles: Cost Guides", false): Text 'Checkatrade Articles: Cost Guides' is present on page 

2020-01-06 08:16:32 - [MESSAGE][PASSED] - Text 'Checkatrade Articles: Cost Guides' is present on page 

2020-01-06 08:16:32 - [TEST_STEP][PASSED] - verifyTextPresent("See All Articles", false): Text 'See All Articles' is present on page 

2020-01-06 08:16:32 - [MESSAGE][PASSED] - Text 'See All Articles' is present on page 

2020-01-06 08:16:32 - [TEST_STEP][PASSED] - verifyTextPresent("How Checkatrade works", false): Text 'How Checkatrade works' is present on page 

2020-01-06 08:16:32 - [MESSAGE][PASSED] - Text 'How Checkatrade works' is present on page 

2020-01-06 08:16:32 - [TEST_STEP][PASSED] - scrollToPosition(500, 500): Browser is scrolled to position x = 500, y = 500

2020-01-06 08:16:32 - [MESSAGE][PASSED] - Browser is scrolled to position x = 500, y = 500

2020-01-06 08:16:32 - [TEST_STEP][PASSED] - delay(1): Delayed 1 second(s)

2020-01-06 08:16:33 - [MESSAGE][PASSED] - Delayed 1 second(s)

2020-01-06 08:16:33 - [TEST_STEP][PASSED] - verifyTextPresent("Millions of reviews", false): Text 'Millions of reviews' is present on page 

2020-01-06 08:16:33 - [MESSAGE][PASSED] - Text 'Millions of reviews' is present on page 

2020-01-06 08:16:33 - [TEST_STEP][PASSED] - verifyTextPresent("Our members give out a feedback card with each and every job", false): Text 'Our members give out a feedback card with each and every job' is present on page 

2020-01-06 08:16:33 - [MESSAGE][PASSED] - Text 'Our members give out a feedback card with each and every job' is present on page 

2020-01-06 08:16:33 - [TEST_STEP][PASSED] - verifyTextPresent("Free to use", false): Text 'Free to use' is present on page 

2020-01-06 08:16:34 - [MESSAGE][PASSED] - Text 'Free to use' is present on page 

2020-01-06 08:16:34 - [TEST_STEP][PASSED] - verifyTextPresent("Checkatrade is a completely free service", false): Text 'Checkatrade is a completely free service' is present on page 

2020-01-06 08:16:34 - [MESSAGE][PASSED] - Text 'Checkatrade is a completely free service' is present on page 

2020-01-06 08:16:34 - [TEST_STEP][PASSED] - verifyTextPresent("Nationwide", false): Text 'Nationwide' is present on page 

2020-01-06 08:16:34 - [MESSAGE][PASSED] - Text 'Nationwide' is present on page 

2020-01-06 08:16:34 - [TEST_STEP][PASSED] - verifyTextPresent("Search for tradespeople who work near you from anywhere in the UK", false): Text 'Search for tradespeople who work near you from anywhere in the UK' is present on page 

2020-01-06 08:16:34 - [MESSAGE][PASSED] - Text 'Search for tradespeople who work near you from anywhere in the UK' is present on page 

2020-01-06 08:16:34 - [TEST_STEP][PASSED] - verifyTextPresent("About our members", false): Text 'About our members' is present on page 

2020-01-06 08:16:34 - [MESSAGE][PASSED] - Text 'About our members' is present on page 

2020-01-06 08:16:34 - [TEST_STEP][PASSED] - verifyTextPresent("Checkatrade runs strict background checks on tradespeople before they can become members", false): Text 'Checkatrade runs strict background checks on tradespeople before they can become members' is present on page 

2020-01-06 08:16:34 - [MESSAGE][PASSED] - Text 'Checkatrade runs strict background checks on tradespeople before they can become members' is present on page 

2020-01-06 08:16:34 - [TEST_STEP][PASSED] - verifyTextPresent("The Checkatrade Standard", false): Text 'The Checkatrade Standard' is present on page 

2020-01-06 08:16:34 - [MESSAGE][PASSED] - Text 'The Checkatrade Standard' is present on page 

2020-01-06 08:16:34 - [TEST_STEP][PASSED] - verifyTextPresent("Resolving Issues", false): Text 'Resolving Issues' is present on page 

2020-01-06 08:16:34 - [MESSAGE][PASSED] - Text 'Resolving Issues' is present on page 

2020-01-06 08:16:34 - [TEST_STEP][PASSED] - verifyTextPresent("FAQ", false): Text 'FAQ' is present on page 

2020-01-06 08:16:34 - [MESSAGE][PASSED] - Text 'FAQ' is present on page 

2020-01-06 08:16:34 - [TEST_STEP][PASSED] - "------------------------------------": null

2020-01-06 08:16:34 - [TEST_STEP][PASSED] - "FOOTER": null

2020-01-06 08:16:34 - [TEST_STEP][PASSED] - verifyTextPresent("Trades", false): Text 'Trades' is present on page 

2020-01-06 08:16:34 - [MESSAGE][PASSED] - Text 'Trades' is present on page 

2020-01-06 08:16:34 - [TEST_STEP][PASSED] - verifyTextPresent("Homeowner", false): Text 'Homeowner' is present on page 

2020-01-06 08:16:35 - [MESSAGE][PASSED] - Text 'Homeowner' is present on page 

2020-01-06 08:16:35 - [TEST_STEP][PASSED] - verifyTextPresent("Company", false): Text 'Company' is present on page 

2020-01-06 08:16:35 - [MESSAGE][PASSED] - Text 'Company' is present on page 

2020-01-06 08:16:35 - [TEST_STEP][PASSED] - "------------------------------------": null

2020-01-06 08:16:35 - [TEST_STEP][PASSED] - "Social Media": null

2020-01-06 08:16:35 - [TEST_STEP][PASSED] - verifyTextPresent("Follow us on", false): Text 'Follow us on' is present on page 

2020-01-06 08:16:35 - [MESSAGE][PASSED] - Text 'Follow us on' is present on page 

2020-01-06 08:16:35 - [TEST_STEP][PASSED] - scrollToElement(findTestObject("Object Repository/New_CAT_Search/Search_by_Name"), 3): Scroll to object 'Object Repository/New_CAT_Search/Search_by_Name' successfully

2020-01-06 08:16:35 - [MESSAGE][PASSED] - Scroll to object 'Object Repository/New_CAT_Search/Search_by_Name' successfully

2020-01-06 08:16:35 - [TEST_STEP][PASSED] - waitForElementClickable(findTestObject("Object Repository/New_CAT_Search/Search_by_Name"), 10): Object 'Object Repository/New_CAT_Search/Search_by_Name' is clickable

2020-01-06 08:16:35 - [MESSAGE][PASSED] - Object 'Object Repository/New_CAT_Search/Search_by_Name' is clickable

2020-01-06 08:16:35 - [TEST_STEP][PASSED] - waitForPageLoad(60): Wait for page load successfully

2020-01-06 08:16:35 - [MESSAGE][PASSED] - Wait for page load successfully

2020-01-06 08:16:35 - [MESSAGE][PASSED] - Call Test Case 'Test Cases/Reusable_Test_Sequences/CAT_Home' successfully

2020-01-06 08:16:35 - [TEST_STEP][PASSED] - "---------------------------------------------------------------------": null

2020-01-06 08:16:35 - [TEST_STEP][PASSED] - " Select Search on Trader Name (or ID) From Home page/Search Screen   |": null

2020-01-06 08:16:35 - [TEST_STEP][PASSED] - callTestCase(findTestCase("Reusable_Test_Sequences/CAT_Click_Search_Trade_Name"), [:], CONTINUE_ON_FAILURE): Call Test Case 'Test Cases/Reusable_Test_Sequences/CAT_Click_Search_Trade_Name' successfully

2020-01-06 08:16:35 - [TEST_CASE][PASSED] - Test Cases/Reusable_Test_Sequences/CAT_Click_Search_Trade_Name: Test Cases/Reusable_Test_Sequences/CAT_Click_Search_Trade_Name

2020-01-06 08:16:35 - [TEST_STEP][PASSED] - waitForPageLoad(60): Wait for page load successfully

2020-01-06 08:16:35 - [MESSAGE][PASSED] - Wait for page load successfully

2020-01-06 08:16:35 - [TEST_STEP][PASSED] - try: Object: 'Object Repository/New_CAT_Search/Page_Checkatrade Find a tradesperson you can trust/button_or look up a member by name' is clicked on

2020-01-06 08:16:35 - [TEST_STEP][PASSED] - scrollToPosition(0, 0): Browser is scrolled to position x = 0, y = 0

2020-01-06 08:16:35 - [MESSAGE][PASSED] - Browser is scrolled to position x = 0, y = 0

2020-01-06 08:16:35 - [TEST_STEP][PASSED] - click(findTestObject("Object Repository/New_CAT_Search/Page_Checkatrade Find a tradesperson you can trust/button_or look up a member by name")): Object: 'Object Repository/New_CAT_Search/Page_Checkatrade Find a tradesperson you can trust/button_or look up a member by name' is clicked on

2020-01-06 08:16:35 - [MESSAGE][PASSED] - Object: 'Object Repository/New_CAT_Search/Page_Checkatrade Find a tradesperson you can trust/button_or look up a member by name' is clicked on

2020-01-06 08:16:35 - [TEST_STEP][PASSED] - waitForPageLoad(60): Wait for page load successfully

2020-01-06 08:16:35 - [MESSAGE][PASSED] - Wait for page load successfully

2020-01-06 08:16:35 - [MESSAGE][PASSED] - Call Test Case 'Test Cases/Reusable_Test_Sequences/CAT_Click_Search_Trade_Name' successfully

2020-01-06 08:16:35 - [TEST_STEP][PASSED] - "---------------------------------------": null

2020-01-06 08:16:35 - [TEST_STEP][PASSED] - " Enter Trader Name (or ID) to Search   |": null

2020-01-06 08:16:35 - [TEST_STEP][PASSED] - callTestCase(findTestCase("Reusable_Test_Sequences/CAT_Enter_Trade_Name"), [:], CONTINUE_ON_FAILURE): Call Test Case 'Test Cases/Reusable_Test_Sequences/CAT_Enter_Trade_Name' successfully

2020-01-06 08:16:35 - [TEST_CASE][PASSED] - Test Cases/Reusable_Test_Sequences/CAT_Enter_Trade_Name: Test Cases/Reusable_Test_Sequences/CAT_Enter_Trade_Name

2020-01-06 08:16:35 - [TEST_STEP][PASSED] - try: Text '402921' is set on object 'Object Repository/New_CAT_Search/Company_Search_Field'

2020-01-06 08:16:35 - [TEST_STEP][PASSED] - setText(findTestObject("Object Repository/New_CAT_Search/Company_Search_Field"), findTestData("Search_CAT_ID_Data (1)").getValue("tradeName", row)): Text '402921' is set on object 'Object Repository/New_CAT_Search/Company_Search_Field'

2020-01-06 08:16:36 - [MESSAGE][PASSED] - Text '402921' is set on object 'Object Repository/New_CAT_Search/Company_Search_Field'

2020-01-06 08:16:36 - [MESSAGE][PASSED] - Call Test Case 'Test Cases/Reusable_Test_Sequences/CAT_Enter_Trade_Name' successfully

2020-01-06 08:16:36 - [TEST_STEP][PASSED] - "---------------------------------------": null

2020-01-06 08:16:36 - [TEST_STEP][PASSED] - " Search Trader Name (or ID)            |": null

2020-01-06 08:16:36 - [TEST_STEP][PASSED] - callTestCase(findTestCase("Reusable_Test_Sequences/CAT_Search_Trade_Name"), [:], CONTINUE_ON_FAILURE): Call Test Case 'Test Cases/Reusable_Test_Sequences/CAT_Search_Trade_Name' successfully

2020-01-06 08:16:36 - [TEST_CASE][PASSED] - Test Cases/Reusable_Test_Sequences/CAT_Search_Trade_Name: Test Cases/Reusable_Test_Sequences/CAT_Search_Trade_Name

2020-01-06 08:16:36 - [TEST_STEP][PASSED] - "Hit Search Trade Person by Name (or CAT ID) after parameters are entered": null

2020-01-06 08:16:36 - [TEST_STEP][PASSED] - try: Object: 'Object Repository/New_CAT_Search/Lookup_Return_Element' is clicked on

2020-01-06 08:16:36 - [TEST_STEP][PASSED] - waitForElementPresent(findTestObject("Object Repository/New_CAT_Search/Lookup_Return_Element"), 60): Object 'Object Repository/New_CAT_Search/Lookup_Return_Element' is present

2020-01-06 08:16:36 - [MESSAGE][PASSED] - Object 'Object Repository/New_CAT_Search/Lookup_Return_Element' is present

2020-01-06 08:16:36 - [TEST_STEP][PASSED] - click(findTestObject("Object Repository/New_CAT_Search/Lookup_Return_Element")): Object: 'Object Repository/New_CAT_Search/Lookup_Return_Element' is clicked on

2020-01-06 08:16:36 - [MESSAGE][PASSED] - Object: 'Object Repository/New_CAT_Search/Lookup_Return_Element' is clicked on

2020-01-06 08:16:36 - [TEST_STEP][PASSED] - delay(2): Delayed 2 second(s)

2020-01-06 08:16:38 - [MESSAGE][PASSED] - Delayed 2 second(s)

2020-01-06 08:16:38 - [TEST_STEP][PASSED] - waitForPageLoad(60): Wait for page load successfully

2020-01-06 08:16:39 - [MESSAGE][PASSED] - Wait for page load successfully

2020-01-06 08:16:39 - [MESSAGE][PASSED] - Call Test Case 'Test Cases/Reusable_Test_Sequences/CAT_Search_Trade_Name' successfully

2020-01-06 08:16:39 - [TEST_STEP][PASSED] - "------------------------------------------": null

2020-01-06 08:16:39 - [TEST_STEP][PASSED] - " Scroll to Page Footer to Reveal Results  |": null

2020-01-06 08:16:39 - [TEST_STEP][PASSED] - callTestCase(findTestCase("Reusable_Test_Sequences/CAT_Scroll_to_Footer"), [:], CONTINUE_ON_FAILURE): Call Test Case 'Test Cases/Reusable_Test_Sequences/CAT_Scroll_to_Footer' successfully

2020-01-06 08:16:39 - [TEST_CASE][PASSED] - Test Cases/Reusable_Test_Sequences/CAT_Scroll_to_Footer: Test Cases/Reusable_Test_Sequences/CAT_Scroll_to_Footer

2020-01-06 08:16:40 - [TEST_STEP][PASSED] - "-----------------------------------------------------": null

2020-01-06 08:16:40 - [TEST_STEP][PASSED] - " Major changes factored into function 05/12/2019     |": null

2020-01-06 08:16:40 - [TEST_STEP][PASSED] - "-----------------------------------------------------": null

2020-01-06 08:16:40 - [TEST_STEP][PASSED] - "Animation Removed ": null

2020-01-06 08:16:40 - [TEST_STEP][PASSED] - "Scroll - To Footer on the bottom of the page (sometime off the screen) ": null

2020-01-06 08:16:40 - [TEST_STEP][PASSED] - waitForPageLoad(60): Wait for page load successfully

2020-01-06 08:16:40 - [MESSAGE][PASSED] - Wait for page load successfully

2020-01-06 08:16:40 - [TEST_STEP][PASSED] - scrollToPosition(999, 999): Browser is scrolled to position x = 999, y = 999

2020-01-06 08:16:40 - [MESSAGE][PASSED] - Browser is scrolled to position x = 999, y = 999

2020-01-06 08:16:40 - [TEST_STEP][PASSED] - delay(1): Delayed 1 second(s)

2020-01-06 08:16:41 - [MESSAGE][PASSED] - Delayed 1 second(s)

2020-01-06 08:16:41 - [MESSAGE][PASSED] - Call Test Case 'Test Cases/Reusable_Test_Sequences/CAT_Scroll_to_Footer' successfully

2020-01-06 08:16:41 - [TEST_STEP][PASSED] - "------------------------------------------": null

2020-01-06 08:16:41 - [TEST_STEP][PASSED] - " Verify Correct Location is Returned     |": null

2020-01-06 08:16:41 - [TEST_STEP][PASSED] - callTestCase(findTestCase("Reusable_Test_Sequences/CAT_Verification_Location"), [:], CONTINUE_ON_FAILURE): Call Test Case 'Test Cases/Reusable_Test_Sequences/CAT_Verification_Location' successfully

2020-01-06 08:16:41 - [TEST_CASE][PASSED] - Test Cases/Reusable_Test_Sequences/CAT_Verification_Location: Test Cases/Reusable_Test_Sequences/CAT_Verification_Location

2020-01-06 08:16:41 - [TEST_STEP][PASSED] - verifyTextPresent(findTestData("Search_CAT_ID_Data (1)").getValue("tradeNameLocationVerification", row), false): Text 'Retford, Nottinghamshire' is present on page 

2020-01-06 08:16:41 - [MESSAGE][PASSED] - Text 'Retford, Nottinghamshire' is present on page 

2020-01-06 08:16:41 - [MESSAGE][PASSED] - Call Test Case 'Test Cases/Reusable_Test_Sequences/CAT_Verification_Location' successfully

2020-01-06 08:16:41 - [TEST_STEP][PASSED] - "------------------------------------------": null

2020-01-06 08:16:41 - [TEST_STEP][PASSED] - " Verify Primary Contact is Returned     |": null

2020-01-06 08:16:41 - [TEST_STEP][PASSED] - callTestCase(findTestCase("Reusable_Test_Sequences/CAT_Verification_Primary_Contact"), [:], CONTINUE_ON_FAILURE): Call Test Case 'Test Cases/Reusable_Test_Sequences/CAT_Verification_Primary_Contact' successfully

2020-01-06 08:16:41 - [TEST_CASE][PASSED] - Test Cases/Reusable_Test_Sequences/CAT_Verification_Primary_Contact: Test Cases/Reusable_Test_Sequences/CAT_Verification_Primary_Contact

2020-01-06 08:16:41 - [TEST_STEP][PASSED] - verifyTextPresent(findTestData("Search_CAT_ID_Data (1)").getValue("primeContact", row), false): Text 'James Burton' is present on page 

2020-01-06 08:16:41 - [MESSAGE][PASSED] - Text 'James Burton' is present on page 

2020-01-06 08:16:41 - [MESSAGE][PASSED] - Call Test Case 'Test Cases/Reusable_Test_Sequences/CAT_Verification_Primary_Contact' successfully

2020-01-06 08:16:41 - [TEST_STEP][PASSED] - "--------------------------": null

2020-01-06 08:16:41 - [TEST_STEP][PASSED] - " Teardown - CLose Browser |": null

2020-01-06 08:16:41 - [TEST_STEP][PASSED] - callTestCase(findTestCase("Reusable_Test_Sequences/CAT_Teardown"), [:], OPTIONAL): Call Test Case 'Test Cases/Reusable_Test_Sequences/CAT_Teardown' successfully

2020-01-06 08:16:41 - [TEST_CASE][PASSED] - Test Cases/Reusable_Test_Sequences/CAT_Teardown: Test Cases/Reusable_Test_Sequences/CAT_Teardown

2020-01-06 08:16:41 - [TEST_STEP][PASSED] - closeBrowser(): Browser is closed

2020-01-06 08:16:42 - [MESSAGE][PASSED] - Browser is closed

2020-01-06 08:16:42 - [MESSAGE][PASSED] - Call Test Case 'Test Cases/Reusable_Test_Sequences/CAT_Teardown' successfully

2020-01-06 08:16:42 - [TEST_STEP][PASSED] - callTestCase(findTestCase("Reusable_Test_Sequences/CAT_Setup"), [:], STOP_ON_FAILURE): Call Test Case 'Test Cases/Reusable_Test_Sequences/CAT_Setup' successfully

2020-01-06 08:16:42 - [TEST_CASE][PASSED] - Test Cases/Reusable_Test_Sequences/CAT_Setup: Test Cases/Reusable_Test_Sequences/CAT_Setup

2020-01-06 08:16:42 - [TEST_STEP][PASSED] - "------------------------------": null

2020-01-06 08:16:42 - [TEST_STEP][PASSED] - " Set Mobile Device Testing    |": null

2020-01-06 08:16:42 - [TEST_STEP][PASSED] - if (Mobile_Flag == "true"): null

2020-01-06 08:16:42 - [TEST_STEP][PASSED] - "------------------------------": null

2020-01-06 08:16:42 - [TEST_STEP][PASSED] - " Set Mobile Device Testing    |": null

2020-01-06 08:16:42 - [TEST_STEP][PASSED] - "------------------------------": null

2020-01-06 08:16:42 - [TEST_STEP][PASSED] - "URL - Set from the ENVIRONMENT PROFILE ": null

2020-01-06 08:16:42 - [TEST_STEP][PASSED] - openBrowser(URL): Browser is opened with url: 'https://www.preview.checkatrade.com/'

2020-01-06 08:16:42 - [MESSAGE][INFO] - Starting 'Chrome' driver

2020-01-06 08:16:51 - [MESSAGE][PASSED] - Browser is opened with url: 'https://www.preview.checkatrade.com/'

2020-01-06 08:16:51 - [TEST_STEP][PASSED] - maximizeWindow(): Current window maximized

2020-01-06 08:16:55 - [MESSAGE][PASSED] - Current window maximized

2020-01-06 08:16:55 - [TEST_STEP][PASSED] - waitForPageLoad(60): Wait for page load successfully

2020-01-06 08:16:55 - [MESSAGE][PASSED] - Wait for page load successfully

2020-01-06 08:16:55 - [TEST_STEP][PASSED] - "Previous Functionalilty Left Commented For Ease Of reversion": null

2020-01-06 08:16:55 - [TEST_STEP][PASSED] - try: Text 'Cookie Policy' is not present on page

2020-01-06 08:16:55 - [TEST_STEP][PASSED] - verifyElementPresent(findTestObject("Object Repository/Cookies/Page_Checkatrade Find a tradesperson you can trust/button_Accept All"), 5): Object 'Object Repository/Cookies/Page_Checkatrade Find a tradesperson you can trust/button_Accept All' is present

2020-01-06 08:16:55 - [MESSAGE][PASSED] - Object 'Object Repository/Cookies/Page_Checkatrade Find a tradesperson you can trust/button_Accept All' is present

2020-01-06 08:16:55 - [TEST_STEP][PASSED] - click(findTestObject("Object Repository/Cookies/Page_Checkatrade Find a tradesperson you can trust/button_Accept All")): Object: 'Object Repository/Cookies/Page_Checkatrade Find a tradesperson you can trust/button_Accept All' is clicked on

2020-01-06 08:16:55 - [MESSAGE][PASSED] - Object: 'Object Repository/Cookies/Page_Checkatrade Find a tradesperson you can trust/button_Accept All' is clicked on

2020-01-06 08:16:55 - [TEST_STEP][PASSED] - "---------------------------------": null

2020-01-06 08:16:55 - [TEST_STEP][PASSED] - "COOKIE POPOUT REMOVED - Confirmed": null

2020-01-06 08:16:55 - [TEST_STEP][PASSED] - delay(1): Delayed 1 second(s)

2020-01-06 08:16:56 - [MESSAGE][PASSED] - Delayed 1 second(s)

2020-01-06 08:16:56 - [TEST_STEP][PASSED] - verifyTextNotPresent("We use cookies to personalise content and ads, to provide social media features and to analyse our traffic", false): Text 'We use cookies to personalise content and ads, to provide social media features and to analyse our traffic' is not present on page

2020-01-06 08:16:57 - [MESSAGE][PASSED] - Text 'We use cookies to personalise content and ads, to provide social media features and to analyse our traffic' is not present on page

2020-01-06 08:16:57 - [TEST_STEP][PASSED] - verifyTextNotPresent(" We also share information about your use of our site with our social media, advertising and analytics partners", false): Text ' We also share information about your use of our site with our social media, advertising and analytics partners' is not present on page

2020-01-06 08:16:57 - [MESSAGE][PASSED] - Text ' We also share information about your use of our site with our social media, advertising and analytics partners' is not present on page

2020-01-06 08:16:57 - [TEST_STEP][PASSED] - verifyTextNotPresent("Cookie Policy", false): Text 'Cookie Policy' is not present on page

2020-01-06 08:16:57 - [MESSAGE][PASSED] - Text 'Cookie Policy' is not present on page

2020-01-06 08:16:57 - [TEST_STEP][PASSED] - waitForPageLoad(60): Wait for page load successfully

2020-01-06 08:16:57 - [MESSAGE][PASSED] - Wait for page load successfully

2020-01-06 08:16:57 - [MESSAGE][PASSED] - Call Test Case 'Test Cases/Reusable_Test_Sequences/CAT_Setup' successfully

2020-01-06 08:16:57 - [TEST_STEP][PASSED] - callTestCase(findTestCase("Reusable_Test_Sequences/CAT_Home"), [:], CONTINUE_ON_FAILURE): Call Test Case 'Test Cases/Reusable_Test_Sequences/CAT_Home' successfully

2020-01-06 08:16:57 - [TEST_CASE][PASSED] - Test Cases/Reusable_Test_Sequences/CAT_Home: Test Cases/Reusable_Test_Sequences/CAT_Home

2020-01-06 08:16:57 - [TEST_STEP][PASSED] - waitForPageLoad(60): Wait for page load successfully

2020-01-06 08:16:57 - [MESSAGE][PASSED] - Wait for page load successfully

2020-01-06 08:16:57 - [TEST_STEP][PASSED] - delay(2): Delayed 2 second(s)

2020-01-06 08:16:59 - [MESSAGE][PASSED] - Delayed 2 second(s)

2020-01-06 08:16:59 - [TEST_STEP][PASSED] - "------------------------------------": null

2020-01-06 08:16:59 - [TEST_STEP][PASSED] - "------------------------------------": null

2020-01-06 08:16:59 - [TEST_STEP][PASSED] - "Old Site": null

2020-01-06 08:16:59 - [TEST_STEP][PASSED] - verifyTextPresent("Looking for a Tradesperson?", false): Text 'Looking for a Tradesperson?' is present on page 

2020-01-06 08:16:59 - [MESSAGE][PASSED] - Text 'Looking for a Tradesperson?' is present on page 

2020-01-06 08:16:59 - [TEST_STEP][PASSED] - "------------------------------------": null

2020-01-06 08:16:59 - [TEST_STEP][PASSED] - "Old": null

2020-01-06 08:16:59 - [TEST_STEP][PASSED] - verifyTextPresent("Pick from one of more then ", false): Text 'Pick from one of more then ' is present on page 

2020-01-06 08:16:59 - [MESSAGE][PASSED] - Text 'Pick from one of more then ' is present on page 

2020-01-06 08:16:59 - [TEST_STEP][PASSED] - "------------------------------------": null

2020-01-06 08:16:59 - [TEST_STEP][PASSED] - "Old": null

2020-01-06 08:16:59 - [TEST_STEP][PASSED] - verifyTextPresent("vetted and monitored Trades", false): Text 'vetted and monitored Trades' is present on page 

2020-01-06 08:16:59 - [MESSAGE][PASSED] - Text 'vetted and monitored Trades' is present on page 

2020-01-06 08:16:59 - [TEST_STEP][PASSED] - verifyTextPresent("or look up a member by name", false): Text 'or look up a member by name' is present on page 

2020-01-06 08:16:59 - [MESSAGE][PASSED] - Text 'or look up a member by name' is present on page 

2020-01-06 08:16:59 - [TEST_STEP][PASSED] - "------------------------------------": null

2020-01-06 08:16:59 - [TEST_STEP][PASSED] - "Old": null

2020-01-06 08:16:59 - [TEST_STEP][PASSED] - verifyTextPresent("Reference & Reviews", false): Text 'Reference & Reviews' is present on page 

2020-01-06 08:16:59 - [MESSAGE][PASSED] - Text 'Reference & Reviews' is present on page 

2020-01-06 08:16:59 - [TEST_STEP][PASSED] - verifyTextPresent("Background", false): Text 'Background' is present on page 

2020-01-06 08:16:59 - [MESSAGE][PASSED] - Text 'Background' is present on page 

2020-01-06 08:16:59 - [TEST_STEP][PASSED] - verifyTextPresent("Insurance", false): Text 'Insurance' is present on page 

2020-01-06 08:17:00 - [MESSAGE][PASSED] - Text 'Insurance' is present on page 

2020-01-06 08:17:00 - [TEST_STEP][PASSED] - "------------------------------------": null

2020-01-06 08:17:00 - [TEST_STEP][PASSED] - " NEW FOOTER Details - 10/12/2019 - Old Site": null

2020-01-06 08:17:00 - [TEST_STEP][PASSED] - " NEW FOOTER Details - 02/01/2019 - New Site": null

2020-01-06 08:17:00 - [TEST_STEP][PASSED] - "------------------------------------": null

2020-01-06 08:17:00 - [TEST_STEP][PASSED] - "Old": null

2020-01-06 08:17:00 - [TEST_STEP][PASSED] - "------------------------------------": null

2020-01-06 08:17:00 - [TEST_STEP][PASSED] - "------------------------------------": null

2020-01-06 08:17:00 - [TEST_STEP][PASSED] - "------------------------------------": null

2020-01-06 08:17:00 - [TEST_STEP][PASSED] - "------------------------------------": null

2020-01-06 08:17:00 - [TEST_STEP][PASSED] - "------------------------------------": null

2020-01-06 08:17:00 - [TEST_STEP][PASSED] - verifyTextPresent("Checkatrade Articles: Cost Guides", false): Text 'Checkatrade Articles: Cost Guides' is present on page 

2020-01-06 08:17:00 - [MESSAGE][PASSED] - Text 'Checkatrade Articles: Cost Guides' is present on page 

2020-01-06 08:17:00 - [TEST_STEP][PASSED] - verifyTextPresent("See All Articles", false): Text 'See All Articles' is present on page 

2020-01-06 08:17:00 - [MESSAGE][PASSED] - Text 'See All Articles' is present on page 

2020-01-06 08:17:00 - [TEST_STEP][PASSED] - verifyTextPresent("How Checkatrade works", false): Text 'How Checkatrade works' is present on page 

2020-01-06 08:17:00 - [MESSAGE][PASSED] - Text 'How Checkatrade works' is present on page 

2020-01-06 08:17:00 - [TEST_STEP][PASSED] - scrollToPosition(500, 500): Browser is scrolled to position x = 500, y = 500

2020-01-06 08:17:00 - [MESSAGE][PASSED] - Browser is scrolled to position x = 500, y = 500

2020-01-06 08:17:00 - [TEST_STEP][PASSED] - delay(1): Delayed 1 second(s)

2020-01-06 08:17:01 - [MESSAGE][PASSED] - Delayed 1 second(s)

2020-01-06 08:17:01 - [TEST_STEP][PASSED] - verifyTextPresent("Millions of reviews", false): Text 'Millions of reviews' is present on page 

2020-01-06 08:17:01 - [MESSAGE][PASSED] - Text 'Millions of reviews' is present on page 

2020-01-06 08:17:01 - [TEST_STEP][PASSED] - verifyTextPresent("Our members give out a feedback card with each and every job", false): Text 'Our members give out a feedback card with each and every job' is present on page 

2020-01-06 08:17:01 - [MESSAGE][PASSED] - Text 'Our members give out a feedback card with each and every job' is present on page 

2020-01-06 08:17:01 - [TEST_STEP][PASSED] - verifyTextPresent("Free to use", false): Text 'Free to use' is present on page 

2020-01-06 08:17:01 - [MESSAGE][PASSED] - Text 'Free to use' is present on page 

2020-01-06 08:17:01 - [TEST_STEP][PASSED] - verifyTextPresent("Checkatrade is a completely free service", false): Text 'Checkatrade is a completely free service' is present on page 

2020-01-06 08:17:01 - [MESSAGE][PASSED] - Text 'Checkatrade is a completely free service' is present on page 

2020-01-06 08:17:01 - [TEST_STEP][PASSED] - verifyTextPresent("Nationwide", false): Text 'Nationwide' is present on page 

2020-01-06 08:17:01 - [MESSAGE][PASSED] - Text 'Nationwide' is present on page 

2020-01-06 08:17:01 - [TEST_STEP][PASSED] - verifyTextPresent("Search for tradespeople who work near you from anywhere in the UK", false): Text 'Search for tradespeople who work near you from anywhere in the UK' is present on page 

2020-01-06 08:17:01 - [MESSAGE][PASSED] - Text 'Search for tradespeople who work near you from anywhere in the UK' is present on page 

2020-01-06 08:17:01 - [TEST_STEP][PASSED] - verifyTextPresent("About our members", false): Text 'About our members' is present on page 

2020-01-06 08:17:01 - [MESSAGE][PASSED] - Text 'About our members' is present on page 

2020-01-06 08:17:01 - [TEST_STEP][PASSED] - verifyTextPresent("Checkatrade runs strict background checks on tradespeople before they can become members", false): Text 'Checkatrade runs strict background checks on tradespeople before they can become members' is present on page 

2020-01-06 08:17:02 - [MESSAGE][PASSED] - Text 'Checkatrade runs strict background checks on tradespeople before they can become members' is present on page 

2020-01-06 08:17:02 - [TEST_STEP][PASSED] - verifyTextPresent("The Checkatrade Standard", false): Text 'The Checkatrade Standard' is present on page 

2020-01-06 08:17:02 - [MESSAGE][PASSED] - Text 'The Checkatrade Standard' is present on page 

2020-01-06 08:17:02 - [TEST_STEP][PASSED] - verifyTextPresent("Resolving Issues", false): Text 'Resolving Issues' is present on page 

2020-01-06 08:17:02 - [MESSAGE][PASSED] - Text 'Resolving Issues' is present on page 

2020-01-06 08:17:02 - [TEST_STEP][PASSED] - verifyTextPresent("FAQ", false): Text 'FAQ' is present on page 

2020-01-06 08:17:02 - [MESSAGE][PASSED] - Text 'FAQ' is present on page 

2020-01-06 08:17:02 - [TEST_STEP][PASSED] - "------------------------------------": null

2020-01-06 08:17:02 - [TEST_STEP][PASSED] - "FOOTER": null

2020-01-06 08:17:02 - [TEST_STEP][PASSED] - verifyTextPresent("Trades", false): Text 'Trades' is present on page 

2020-01-06 08:17:02 - [MESSAGE][PASSED] - Text 'Trades' is present on page 

2020-01-06 08:17:02 - [TEST_STEP][PASSED] - verifyTextPresent("Homeowner", false): Text 'Homeowner' is present on page 

2020-01-06 08:17:02 - [MESSAGE][PASSED] - Text 'Homeowner' is present on page 

2020-01-06 08:17:02 - [TEST_STEP][PASSED] - verifyTextPresent("Company", false): Text 'Company' is present on page 

2020-01-06 08:17:02 - [MESSAGE][PASSED] - Text 'Company' is present on page 

2020-01-06 08:17:02 - [TEST_STEP][PASSED] - "------------------------------------": null

2020-01-06 08:17:02 - [TEST_STEP][PASSED] - "Social Media": null

2020-01-06 08:17:02 - [TEST_STEP][PASSED] - verifyTextPresent("Follow us on", false): Text 'Follow us on' is present on page 

2020-01-06 08:17:02 - [MESSAGE][PASSED] - Text 'Follow us on' is present on page 

2020-01-06 08:17:02 - [TEST_STEP][PASSED] - scrollToElement(findTestObject("Object Repository/New_CAT_Search/Search_by_Name"), 3): Scroll to object 'Object Repository/New_CAT_Search/Search_by_Name' successfully

2020-01-06 08:17:02 - [MESSAGE][PASSED] - Scroll to object 'Object Repository/New_CAT_Search/Search_by_Name' successfully

2020-01-06 08:17:02 - [TEST_STEP][PASSED] - waitForElementClickable(findTestObject("Object Repository/New_CAT_Search/Search_by_Name"), 10): Object 'Object Repository/New_CAT_Search/Search_by_Name' is clickable

2020-01-06 08:17:02 - [MESSAGE][PASSED] - Object 'Object Repository/New_CAT_Search/Search_by_Name' is clickable

2020-01-06 08:17:02 - [TEST_STEP][PASSED] - waitForPageLoad(60): Wait for page load successfully

2020-01-06 08:17:02 - [MESSAGE][PASSED] - Wait for page load successfully

2020-01-06 08:17:02 - [MESSAGE][PASSED] - Call Test Case 'Test Cases/Reusable_Test_Sequences/CAT_Home' successfully

2020-01-06 08:17:02 - [TEST_STEP][PASSED] - "---------------------------------------------------------------------": null

2020-01-06 08:17:02 - [TEST_STEP][PASSED] - " Select Search on Trader Name (or ID) From Home page/Search Screen   |": null

2020-01-06 08:17:02 - [TEST_STEP][PASSED] - callTestCase(findTestCase("Reusable_Test_Sequences/CAT_Click_Search_Trade_Name"), [:], CONTINUE_ON_FAILURE): Call Test Case 'Test Cases/Reusable_Test_Sequences/CAT_Click_Search_Trade_Name' successfully

2020-01-06 08:17:02 - [TEST_CASE][PASSED] - Test Cases/Reusable_Test_Sequences/CAT_Click_Search_Trade_Name: Test Cases/Reusable_Test_Sequences/CAT_Click_Search_Trade_Name

2020-01-06 08:17:02 - [TEST_STEP][PASSED] - waitForPageLoad(60): Wait for page load successfully

2020-01-06 08:17:02 - [MESSAGE][PASSED] - Wait for page load successfully

2020-01-06 08:17:02 - [TEST_STEP][PASSED] - try: Object: 'Object Repository/New_CAT_Search/Page_Checkatrade Find a tradesperson you can trust/button_or look up a member by name' is clicked on

2020-01-06 08:17:02 - [TEST_STEP][PASSED] - scrollToPosition(0, 0): Browser is scrolled to position x = 0, y = 0

2020-01-06 08:17:02 - [MESSAGE][PASSED] - Browser is scrolled to position x = 0, y = 0

2020-01-06 08:17:02 - [TEST_STEP][PASSED] - click(findTestObject("Object Repository/New_CAT_Search/Page_Checkatrade Find a tradesperson you can trust/button_or look up a member by name")): Object: 'Object Repository/New_CAT_Search/Page_Checkatrade Find a tradesperson you can trust/button_or look up a member by name' is clicked on

2020-01-06 08:17:03 - [MESSAGE][PASSED] - Object: 'Object Repository/New_CAT_Search/Page_Checkatrade Find a tradesperson you can trust/button_or look up a member by name' is clicked on

2020-01-06 08:17:03 - [TEST_STEP][PASSED] - waitForPageLoad(60): Wait for page load successfully

2020-01-06 08:17:03 - [MESSAGE][PASSED] - Wait for page load successfully

2020-01-06 08:17:03 - [MESSAGE][PASSED] - Call Test Case 'Test Cases/Reusable_Test_Sequences/CAT_Click_Search_Trade_Name' successfully

2020-01-06 08:17:03 - [TEST_STEP][PASSED] - "---------------------------------------": null

2020-01-06 08:17:03 - [TEST_STEP][PASSED] - " Enter Trader Name (or ID) to Search   |": null

2020-01-06 08:17:03 - [TEST_STEP][PASSED] - callTestCase(findTestCase("Reusable_Test_Sequences/CAT_Enter_Trade_Name"), [:], CONTINUE_ON_FAILURE): Call Test Case 'Test Cases/Reusable_Test_Sequences/CAT_Enter_Trade_Name' successfully

2020-01-06 08:17:03 - [TEST_CASE][PASSED] - Test Cases/Reusable_Test_Sequences/CAT_Enter_Trade_Name: Test Cases/Reusable_Test_Sequences/CAT_Enter_Trade_Name

2020-01-06 08:17:03 - [TEST_STEP][PASSED] - try: Text '308682' is set on object 'Object Repository/New_CAT_Search/Company_Search_Field'

2020-01-06 08:17:03 - [TEST_STEP][PASSED] - setText(findTestObject("Object Repository/New_CAT_Search/Company_Search_Field"), findTestData("Search_CAT_ID_Data (1)").getValue("tradeName", row)): Text '308682' is set on object 'Object Repository/New_CAT_Search/Company_Search_Field'

2020-01-06 08:17:03 - [MESSAGE][PASSED] - Text '308682' is set on object 'Object Repository/New_CAT_Search/Company_Search_Field'

2020-01-06 08:17:03 - [MESSAGE][PASSED] - Call Test Case 'Test Cases/Reusable_Test_Sequences/CAT_Enter_Trade_Name' successfully

2020-01-06 08:17:03 - [TEST_STEP][PASSED] - "---------------------------------------": null

2020-01-06 08:17:03 - [TEST_STEP][PASSED] - " Search Trader Name (or ID)            |": null

2020-01-06 08:17:03 - [TEST_STEP][PASSED] - callTestCase(findTestCase("Reusable_Test_Sequences/CAT_Search_Trade_Name"), [:], CONTINUE_ON_FAILURE): Call Test Case 'Test Cases/Reusable_Test_Sequences/CAT_Search_Trade_Name' successfully

2020-01-06 08:17:03 - [TEST_CASE][PASSED] - Test Cases/Reusable_Test_Sequences/CAT_Search_Trade_Name: Test Cases/Reusable_Test_Sequences/CAT_Search_Trade_Name

2020-01-06 08:17:03 - [TEST_STEP][PASSED] - "Hit Search Trade Person by Name (or CAT ID) after parameters are entered": null

2020-01-06 08:17:03 - [TEST_STEP][PASSED] - try: Object: 'Object Repository/New_CAT_Search/Lookup_Return_Element' is clicked on

2020-01-06 08:17:03 - [TEST_STEP][PASSED] - waitForElementPresent(findTestObject("Object Repository/New_CAT_Search/Lookup_Return_Element"), 60): Object 'Object Repository/New_CAT_Search/Lookup_Return_Element' is present

2020-01-06 08:17:04 - [MESSAGE][PASSED] - Object 'Object Repository/New_CAT_Search/Lookup_Return_Element' is present

2020-01-06 08:17:04 - [TEST_STEP][PASSED] - click(findTestObject("Object Repository/New_CAT_Search/Lookup_Return_Element")): Object: 'Object Repository/New_CAT_Search/Lookup_Return_Element' is clicked on

2020-01-06 08:17:04 - [MESSAGE][PASSED] - Object: 'Object Repository/New_CAT_Search/Lookup_Return_Element' is clicked on

2020-01-06 08:17:04 - [TEST_STEP][PASSED] - delay(2): Delayed 2 second(s)

2020-01-06 08:17:06 - [MESSAGE][PASSED] - Delayed 2 second(s)

2020-01-06 08:17:06 - [TEST_STEP][PASSED] - waitForPageLoad(60): Wait for page load successfully

2020-01-06 08:17:06 - [MESSAGE][PASSED] - Wait for page load successfully

2020-01-06 08:17:06 - [MESSAGE][PASSED] - Call Test Case 'Test Cases/Reusable_Test_Sequences/CAT_Search_Trade_Name' successfully

2020-01-06 08:17:06 - [TEST_STEP][PASSED] - "------------------------------------------": null

2020-01-06 08:17:06 - [TEST_STEP][PASSED] - " Scroll to Page Footer to Reveal Results  |": null

2020-01-06 08:17:06 - [TEST_STEP][PASSED] - callTestCase(findTestCase("Reusable_Test_Sequences/CAT_Scroll_to_Footer"), [:], CONTINUE_ON_FAILURE): Call Test Case 'Test Cases/Reusable_Test_Sequences/CAT_Scroll_to_Footer' successfully

2020-01-06 08:17:06 - [TEST_CASE][PASSED] - Test Cases/Reusable_Test_Sequences/CAT_Scroll_to_Footer: Test Cases/Reusable_Test_Sequences/CAT_Scroll_to_Footer

2020-01-06 08:17:06 - [TEST_STEP][PASSED] - "-----------------------------------------------------": null

2020-01-06 08:17:06 - [TEST_STEP][PASSED] - " Major changes factored into function 05/12/2019     |": null

2020-01-06 08:17:06 - [TEST_STEP][PASSED] - "-----------------------------------------------------": null

2020-01-06 08:17:06 - [TEST_STEP][PASSED] - "Animation Removed ": null

2020-01-06 08:17:06 - [TEST_STEP][PASSED] - "Scroll - To Footer on the bottom of the page (sometime off the screen) ": null

2020-01-06 08:17:06 - [TEST_STEP][PASSED] - waitForPageLoad(60): Wait for page load successfully

2020-01-06 08:17:06 - [MESSAGE][PASSED] - Wait for page load successfully

2020-01-06 08:17:06 - [TEST_STEP][PASSED] - scrollToPosition(999, 999): Browser is scrolled to position x = 999, y = 999

2020-01-06 08:17:06 - [MESSAGE][PASSED] - Browser is scrolled to position x = 999, y = 999

2020-01-06 08:17:06 - [TEST_STEP][PASSED] - delay(1): Delayed 1 second(s)

2020-01-06 08:17:07 - [MESSAGE][PASSED] - Delayed 1 second(s)

2020-01-06 08:17:07 - [MESSAGE][PASSED] - Call Test Case 'Test Cases/Reusable_Test_Sequences/CAT_Scroll_to_Footer' successfully

2020-01-06 08:17:07 - [TEST_STEP][PASSED] - "------------------------------------------": null

2020-01-06 08:17:07 - [TEST_STEP][PASSED] - " Verify Correct Location is Returned     |": null

2020-01-06 08:17:07 - [TEST_STEP][PASSED] - callTestCase(findTestCase("Reusable_Test_Sequences/CAT_Verification_Location"), [:], CONTINUE_ON_FAILURE): Call Test Case 'Test Cases/Reusable_Test_Sequences/CAT_Verification_Location' successfully

2020-01-06 08:17:07 - [TEST_CASE][PASSED] - Test Cases/Reusable_Test_Sequences/CAT_Verification_Location: Test Cases/Reusable_Test_Sequences/CAT_Verification_Location

2020-01-06 08:17:07 - [TEST_STEP][PASSED] - verifyTextPresent(findTestData("Search_CAT_ID_Data (1)").getValue("tradeNameLocationVerification", row), false): Text 'Banbury, Oxfordshire' is present on page 

2020-01-06 08:17:08 - [MESSAGE][PASSED] - Text 'Banbury, Oxfordshire' is present on page 

2020-01-06 08:17:08 - [MESSAGE][PASSED] - Call Test Case 'Test Cases/Reusable_Test_Sequences/CAT_Verification_Location' successfully

2020-01-06 08:17:08 - [TEST_STEP][PASSED] - "------------------------------------------": null

2020-01-06 08:17:08 - [TEST_STEP][PASSED] - " Verify Primary Contact is Returned     |": null

2020-01-06 08:17:08 - [TEST_STEP][PASSED] - callTestCase(findTestCase("Reusable_Test_Sequences/CAT_Verification_Primary_Contact"), [:], CONTINUE_ON_FAILURE): Call Test Case 'Test Cases/Reusable_Test_Sequences/CAT_Verification_Primary_Contact' successfully

2020-01-06 08:17:08 - [TEST_CASE][PASSED] - Test Cases/Reusable_Test_Sequences/CAT_Verification_Primary_Contact: Test Cases/Reusable_Test_Sequences/CAT_Verification_Primary_Contact

2020-01-06 08:17:08 - [TEST_STEP][PASSED] - verifyTextPresent(findTestData("Search_CAT_ID_Data (1)").getValue("primeContact", row), false): Text 'Andrew Whitaker' is present on page 

2020-01-06 08:17:08 - [MESSAGE][PASSED] - Text 'Andrew Whitaker' is present on page 

2020-01-06 08:17:08 - [MESSAGE][PASSED] - Call Test Case 'Test Cases/Reusable_Test_Sequences/CAT_Verification_Primary_Contact' successfully

2020-01-06 08:17:08 - [TEST_STEP][PASSED] - "--------------------------": null

2020-01-06 08:17:08 - [TEST_STEP][PASSED] - " Teardown - CLose Browser |": null

2020-01-06 08:17:08 - [TEST_STEP][PASSED] - callTestCase(findTestCase("Reusable_Test_Sequences/CAT_Teardown"), [:], OPTIONAL): Call Test Case 'Test Cases/Reusable_Test_Sequences/CAT_Teardown' successfully

2020-01-06 08:17:08 - [TEST_CASE][PASSED] - Test Cases/Reusable_Test_Sequences/CAT_Teardown: Test Cases/Reusable_Test_Sequences/CAT_Teardown

2020-01-06 08:17:08 - [TEST_STEP][PASSED] - closeBrowser(): Browser is closed

2020-01-06 08:17:09 - [MESSAGE][PASSED] - Browser is closed

2020-01-06 08:17:09 - [MESSAGE][PASSED] - Call Test Case 'Test Cases/Reusable_Test_Sequences/CAT_Teardown' successfully

2020-01-06 08:17:09 - [TEST_STEP][PASSED] - callTestCase(findTestCase("Reusable_Test_Sequences/CAT_Setup"), [:], STOP_ON_FAILURE): Call Test Case 'Test Cases/Reusable_Test_Sequences/CAT_Setup' successfully

2020-01-06 08:17:09 - [TEST_CASE][PASSED] - Test Cases/Reusable_Test_Sequences/CAT_Setup: Test Cases/Reusable_Test_Sequences/CAT_Setup

2020-01-06 08:17:09 - [TEST_STEP][PASSED] - "------------------------------": null

2020-01-06 08:17:09 - [TEST_STEP][PASSED] - " Set Mobile Device Testing    |": null

2020-01-06 08:17:09 - [TEST_STEP][PASSED] - if (Mobile_Flag == "true"): null

2020-01-06 08:17:09 - [TEST_STEP][PASSED] - "------------------------------": null

2020-01-06 08:17:09 - [TEST_STEP][PASSED] - " Set Mobile Device Testing    |": null

2020-01-06 08:17:09 - [TEST_STEP][PASSED] - "------------------------------": null

2020-01-06 08:17:09 - [TEST_STEP][PASSED] - "URL - Set from the ENVIRONMENT PROFILE ": null

2020-01-06 08:17:09 - [TEST_STEP][PASSED] - openBrowser(URL): Browser is opened with url: 'https://www.preview.checkatrade.com/'

2020-01-06 08:17:09 - [MESSAGE][INFO] - Starting 'Chrome' driver

2020-01-06 08:17:18 - [MESSAGE][PASSED] - Browser is opened with url: 'https://www.preview.checkatrade.com/'

2020-01-06 08:17:18 - [TEST_STEP][PASSED] - maximizeWindow(): Current window maximized

2020-01-06 08:17:22 - [MESSAGE][PASSED] - Current window maximized

2020-01-06 08:17:22 - [TEST_STEP][PASSED] - waitForPageLoad(60): Wait for page load successfully

2020-01-06 08:17:22 - [MESSAGE][PASSED] - Wait for page load successfully

2020-01-06 08:17:22 - [TEST_STEP][PASSED] - "Previous Functionalilty Left Commented For Ease Of reversion": null

2020-01-06 08:17:22 - [TEST_STEP][PASSED] - try: Text 'Cookie Policy' is not present on page

2020-01-06 08:17:22 - [TEST_STEP][PASSED] - verifyElementPresent(findTestObject("Object Repository/Cookies/Page_Checkatrade Find a tradesperson you can trust/button_Accept All"), 5): Object 'Object Repository/Cookies/Page_Checkatrade Find a tradesperson you can trust/button_Accept All' is present

2020-01-06 08:17:23 - [MESSAGE][PASSED] - Object 'Object Repository/Cookies/Page_Checkatrade Find a tradesperson you can trust/button_Accept All' is present

2020-01-06 08:17:23 - [TEST_STEP][PASSED] - click(findTestObject("Object Repository/Cookies/Page_Checkatrade Find a tradesperson you can trust/button_Accept All")): Object: 'Object Repository/Cookies/Page_Checkatrade Find a tradesperson you can trust/button_Accept All' is clicked on

2020-01-06 08:17:23 - [MESSAGE][PASSED] - Object: 'Object Repository/Cookies/Page_Checkatrade Find a tradesperson you can trust/button_Accept All' is clicked on

2020-01-06 08:17:23 - [TEST_STEP][PASSED] - "---------------------------------": null

2020-01-06 08:17:23 - [TEST_STEP][PASSED] - "COOKIE POPOUT REMOVED - Confirmed": null

2020-01-06 08:17:23 - [TEST_STEP][PASSED] - delay(1): Delayed 1 second(s)

2020-01-06 08:17:24 - [MESSAGE][PASSED] - Delayed 1 second(s)

2020-01-06 08:17:24 - [TEST_STEP][PASSED] - verifyTextNotPresent("We use cookies to personalise content and ads, to provide social media features and to analyse our traffic", false): Text 'We use cookies to personalise content and ads, to provide social media features and to analyse our traffic' is not present on page

2020-01-06 08:17:24 - [MESSAGE][PASSED] - Text 'We use cookies to personalise content and ads, to provide social media features and to analyse our traffic' is not present on page

2020-01-06 08:17:24 - [TEST_STEP][PASSED] - verifyTextNotPresent(" We also share information about your use of our site with our social media, advertising and analytics partners", false): Text ' We also share information about your use of our site with our social media, advertising and analytics partners' is not present on page

2020-01-06 08:17:24 - [MESSAGE][PASSED] - Text ' We also share information about your use of our site with our social media, advertising and analytics partners' is not present on page

2020-01-06 08:17:24 - [TEST_STEP][PASSED] - verifyTextNotPresent("Cookie Policy", false): Text 'Cookie Policy' is not present on page

2020-01-06 08:17:24 - [MESSAGE][PASSED] - Text 'Cookie Policy' is not present on page

2020-01-06 08:17:24 - [TEST_STEP][PASSED] - waitForPageLoad(60): Wait for page load successfully

2020-01-06 08:17:24 - [MESSAGE][PASSED] - Wait for page load successfully

2020-01-06 08:17:24 - [MESSAGE][PASSED] - Call Test Case 'Test Cases/Reusable_Test_Sequences/CAT_Setup' successfully

2020-01-06 08:17:24 - [TEST_STEP][PASSED] - callTestCase(findTestCase("Reusable_Test_Sequences/CAT_Home"), [:], CONTINUE_ON_FAILURE): Call Test Case 'Test Cases/Reusable_Test_Sequences/CAT_Home' successfully

2020-01-06 08:17:24 - [TEST_CASE][PASSED] - Test Cases/Reusable_Test_Sequences/CAT_Home: Test Cases/Reusable_Test_Sequences/CAT_Home

2020-01-06 08:17:24 - [TEST_STEP][PASSED] - waitForPageLoad(60): Wait for page load successfully

2020-01-06 08:17:24 - [MESSAGE][PASSED] - Wait for page load successfully

2020-01-06 08:17:24 - [TEST_STEP][PASSED] - delay(2): Delayed 2 second(s)

2020-01-06 08:17:26 - [MESSAGE][PASSED] - Delayed 2 second(s)

2020-01-06 08:17:26 - [TEST_STEP][PASSED] - "------------------------------------": null

2020-01-06 08:17:26 - [TEST_STEP][PASSED] - "------------------------------------": null

2020-01-06 08:17:26 - [TEST_STEP][PASSED] - "Old Site": null

2020-01-06 08:17:26 - [TEST_STEP][PASSED] - verifyTextPresent("Looking for a Tradesperson?", false): Text 'Looking for a Tradesperson?' is present on page 

2020-01-06 08:17:26 - [MESSAGE][PASSED] - Text 'Looking for a Tradesperson?' is present on page 

2020-01-06 08:17:26 - [TEST_STEP][PASSED] - "------------------------------------": null

2020-01-06 08:17:26 - [TEST_STEP][PASSED] - "Old": null

2020-01-06 08:17:26 - [TEST_STEP][PASSED] - verifyTextPresent("Pick from one of more then ", false): Text 'Pick from one of more then ' is present on page 

2020-01-06 08:17:26 - [MESSAGE][PASSED] - Text 'Pick from one of more then ' is present on page 

2020-01-06 08:17:26 - [TEST_STEP][PASSED] - "------------------------------------": null

2020-01-06 08:17:26 - [TEST_STEP][PASSED] - "Old": null

2020-01-06 08:17:26 - [TEST_STEP][PASSED] - verifyTextPresent("vetted and monitored Trades", false): Text 'vetted and monitored Trades' is present on page 

2020-01-06 08:17:27 - [MESSAGE][PASSED] - Text 'vetted and monitored Trades' is present on page 

2020-01-06 08:17:27 - [TEST_STEP][PASSED] - verifyTextPresent("or look up a member by name", false): Text 'or look up a member by name' is present on page 

2020-01-06 08:17:27 - [MESSAGE][PASSED] - Text 'or look up a member by name' is present on page 

2020-01-06 08:17:27 - [TEST_STEP][PASSED] - "------------------------------------": null

2020-01-06 08:17:27 - [TEST_STEP][PASSED] - "Old": null

2020-01-06 08:17:27 - [TEST_STEP][PASSED] - verifyTextPresent("Reference & Reviews", false): Text 'Reference & Reviews' is present on page 

2020-01-06 08:17:27 - [MESSAGE][PASSED] - Text 'Reference & Reviews' is present on page 

2020-01-06 08:17:27 - [TEST_STEP][PASSED] - verifyTextPresent("Background", false): Text 'Background' is present on page 

2020-01-06 08:17:27 - [MESSAGE][PASSED] - Text 'Background' is present on page 

2020-01-06 08:17:27 - [TEST_STEP][PASSED] - verifyTextPresent("Insurance", false): Text 'Insurance' is present on page 

2020-01-06 08:17:27 - [MESSAGE][PASSED] - Text 'Insurance' is present on page 

2020-01-06 08:17:27 - [TEST_STEP][PASSED] - "------------------------------------": null

2020-01-06 08:17:27 - [TEST_STEP][PASSED] - " NEW FOOTER Details - 10/12/2019 - Old Site": null

2020-01-06 08:17:27 - [TEST_STEP][PASSED] - " NEW FOOTER Details - 02/01/2019 - New Site": null

2020-01-06 08:17:27 - [TEST_STEP][PASSED] - "------------------------------------": null

2020-01-06 08:17:27 - [TEST_STEP][PASSED] - "Old": null

2020-01-06 08:17:27 - [TEST_STEP][PASSED] - "------------------------------------": null

2020-01-06 08:17:27 - [TEST_STEP][PASSED] - "------------------------------------": null

2020-01-06 08:17:27 - [TEST_STEP][PASSED] - "------------------------------------": null

2020-01-06 08:17:27 - [TEST_STEP][PASSED] - "------------------------------------": null

2020-01-06 08:17:27 - [TEST_STEP][PASSED] - "------------------------------------": null

2020-01-06 08:17:27 - [TEST_STEP][PASSED] - verifyTextPresent("Checkatrade Articles: Cost Guides", false): Text 'Checkatrade Articles: Cost Guides' is present on page 

2020-01-06 08:17:27 - [MESSAGE][PASSED] - Text 'Checkatrade Articles: Cost Guides' is present on page 

2020-01-06 08:17:27 - [TEST_STEP][PASSED] - verifyTextPresent("See All Articles", false): Text 'See All Articles' is present on page 

2020-01-06 08:17:27 - [MESSAGE][PASSED] - Text 'See All Articles' is present on page 

2020-01-06 08:17:27 - [TEST_STEP][PASSED] - verifyTextPresent("How Checkatrade works", false): Text 'How Checkatrade works' is present on page 

2020-01-06 08:17:28 - [MESSAGE][PASSED] - Text 'How Checkatrade works' is present on page 

2020-01-06 08:17:28 - [TEST_STEP][PASSED] - scrollToPosition(500, 500): Browser is scrolled to position x = 500, y = 500

2020-01-06 08:17:28 - [MESSAGE][PASSED] - Browser is scrolled to position x = 500, y = 500

2020-01-06 08:17:28 - [TEST_STEP][PASSED] - delay(1): Delayed 1 second(s)

2020-01-06 08:17:29 - [MESSAGE][PASSED] - Delayed 1 second(s)

2020-01-06 08:17:29 - [TEST_STEP][PASSED] - verifyTextPresent("Millions of reviews", false): Text 'Millions of reviews' is present on page 

2020-01-06 08:17:29 - [MESSAGE][PASSED] - Text 'Millions of reviews' is present on page 

2020-01-06 08:17:29 - [TEST_STEP][PASSED] - verifyTextPresent("Our members give out a feedback card with each and every job", false): Text 'Our members give out a feedback card with each and every job' is present on page 

2020-01-06 08:17:29 - [MESSAGE][PASSED] - Text 'Our members give out a feedback card with each and every job' is present on page 

2020-01-06 08:17:29 - [TEST_STEP][PASSED] - verifyTextPresent("Free to use", false): Text 'Free to use' is present on page 

2020-01-06 08:17:29 - [MESSAGE][PASSED] - Text 'Free to use' is present on page 

2020-01-06 08:17:29 - [TEST_STEP][PASSED] - verifyTextPresent("Checkatrade is a completely free service", false): Text 'Checkatrade is a completely free service' is present on page 

2020-01-06 08:17:29 - [MESSAGE][PASSED] - Text 'Checkatrade is a completely free service' is present on page 

2020-01-06 08:17:29 - [TEST_STEP][PASSED] - verifyTextPresent("Nationwide", false): Text 'Nationwide' is present on page 

2020-01-06 08:17:29 - [MESSAGE][PASSED] - Text 'Nationwide' is present on page 

2020-01-06 08:17:29 - [TEST_STEP][PASSED] - verifyTextPresent("Search for tradespeople who work near you from anywhere in the UK", false): Text 'Search for tradespeople who work near you from anywhere in the UK' is present on page 

2020-01-06 08:17:29 - [MESSAGE][PASSED] - Text 'Search for tradespeople who work near you from anywhere in the UK' is present on page 

2020-01-06 08:17:29 - [TEST_STEP][PASSED] - verifyTextPresent("About our members", false): Text 'About our members' is present on page 

2020-01-06 08:17:29 - [MESSAGE][PASSED] - Text 'About our members' is present on page 

2020-01-06 08:17:29 - [TEST_STEP][PASSED] - verifyTextPresent("Checkatrade runs strict background checks on tradespeople before they can become members", false): Text 'Checkatrade runs strict background checks on tradespeople before they can become members' is present on page 

2020-01-06 08:17:30 - [MESSAGE][PASSED] - Text 'Checkatrade runs strict background checks on tradespeople before they can become members' is present on page 

2020-01-06 08:17:30 - [TEST_STEP][PASSED] - verifyTextPresent("The Checkatrade Standard", false): Text 'The Checkatrade Standard' is present on page 

2020-01-06 08:17:30 - [MESSAGE][PASSED] - Text 'The Checkatrade Standard' is present on page 

2020-01-06 08:17:30 - [TEST_STEP][PASSED] - verifyTextPresent("Resolving Issues", false): Text 'Resolving Issues' is present on page 

2020-01-06 08:17:30 - [MESSAGE][PASSED] - Text 'Resolving Issues' is present on page 

2020-01-06 08:17:30 - [TEST_STEP][PASSED] - verifyTextPresent("FAQ", false): Text 'FAQ' is present on page 

2020-01-06 08:17:30 - [MESSAGE][PASSED] - Text 'FAQ' is present on page 

2020-01-06 08:17:30 - [TEST_STEP][PASSED] - "------------------------------------": null

2020-01-06 08:17:30 - [TEST_STEP][PASSED] - "FOOTER": null

2020-01-06 08:17:30 - [TEST_STEP][PASSED] - verifyTextPresent("Trades", false): Text 'Trades' is present on page 

2020-01-06 08:17:30 - [MESSAGE][PASSED] - Text 'Trades' is present on page 

2020-01-06 08:17:30 - [TEST_STEP][PASSED] - verifyTextPresent("Homeowner", false): Text 'Homeowner' is present on page 

2020-01-06 08:17:30 - [MESSAGE][PASSED] - Text 'Homeowner' is present on page 

2020-01-06 08:17:30 - [TEST_STEP][PASSED] - verifyTextPresent("Company", false): Text 'Company' is present on page 

2020-01-06 08:17:30 - [MESSAGE][PASSED] - Text 'Company' is present on page 

2020-01-06 08:17:30 - [TEST_STEP][PASSED] - "------------------------------------": null

2020-01-06 08:17:30 - [TEST_STEP][PASSED] - "Social Media": null

2020-01-06 08:17:30 - [TEST_STEP][PASSED] - verifyTextPresent("Follow us on", false): Text 'Follow us on' is present on page 

2020-01-06 08:17:30 - [MESSAGE][PASSED] - Text 'Follow us on' is present on page 

2020-01-06 08:17:30 - [TEST_STEP][PASSED] - scrollToElement(findTestObject("Object Repository/New_CAT_Search/Search_by_Name"), 3): Scroll to object 'Object Repository/New_CAT_Search/Search_by_Name' successfully

2020-01-06 08:17:30 - [MESSAGE][PASSED] - Scroll to object 'Object Repository/New_CAT_Search/Search_by_Name' successfully

2020-01-06 08:17:30 - [TEST_STEP][PASSED] - waitForElementClickable(findTestObject("Object Repository/New_CAT_Search/Search_by_Name"), 10): Object 'Object Repository/New_CAT_Search/Search_by_Name' is clickable

2020-01-06 08:17:30 - [MESSAGE][PASSED] - Object 'Object Repository/New_CAT_Search/Search_by_Name' is clickable

2020-01-06 08:17:30 - [TEST_STEP][PASSED] - waitForPageLoad(60): Wait for page load successfully

2020-01-06 08:17:30 - [MESSAGE][PASSED] - Wait for page load successfully

2020-01-06 08:17:30 - [MESSAGE][PASSED] - Call Test Case 'Test Cases/Reusable_Test_Sequences/CAT_Home' successfully

2020-01-06 08:17:30 - [TEST_STEP][PASSED] - "---------------------------------------------------------------------": null

2020-01-06 08:17:30 - [TEST_STEP][PASSED] - " Select Search on Trader Name (or ID) From Home page/Search Screen   |": null

2020-01-06 08:17:30 - [TEST_STEP][PASSED] - callTestCase(findTestCase("Reusable_Test_Sequences/CAT_Click_Search_Trade_Name"), [:], CONTINUE_ON_FAILURE): Call Test Case 'Test Cases/Reusable_Test_Sequences/CAT_Click_Search_Trade_Name' successfully

2020-01-06 08:17:30 - [TEST_CASE][PASSED] - Test Cases/Reusable_Test_Sequences/CAT_Click_Search_Trade_Name: Test Cases/Reusable_Test_Sequences/CAT_Click_Search_Trade_Name

2020-01-06 08:17:30 - [TEST_STEP][PASSED] - waitForPageLoad(60): Wait for page load successfully

2020-01-06 08:17:30 - [MESSAGE][PASSED] - Wait for page load successfully

2020-01-06 08:17:30 - [TEST_STEP][PASSED] - try: Object: 'Object Repository/New_CAT_Search/Page_Checkatrade Find a tradesperson you can trust/button_or look up a member by name' is clicked on

2020-01-06 08:17:30 - [TEST_STEP][PASSED] - scrollToPosition(0, 0): Browser is scrolled to position x = 0, y = 0

2020-01-06 08:17:30 - [MESSAGE][PASSED] - Browser is scrolled to position x = 0, y = 0

2020-01-06 08:17:30 - [TEST_STEP][PASSED] - click(findTestObject("Object Repository/New_CAT_Search/Page_Checkatrade Find a tradesperson you can trust/button_or look up a member by name")): Object: 'Object Repository/New_CAT_Search/Page_Checkatrade Find a tradesperson you can trust/button_or look up a member by name' is clicked on

2020-01-06 08:17:31 - [MESSAGE][PASSED] - Object: 'Object Repository/New_CAT_Search/Page_Checkatrade Find a tradesperson you can trust/button_or look up a member by name' is clicked on

2020-01-06 08:17:31 - [TEST_STEP][PASSED] - waitForPageLoad(60): Wait for page load successfully

2020-01-06 08:17:31 - [MESSAGE][PASSED] - Wait for page load successfully

2020-01-06 08:17:31 - [MESSAGE][PASSED] - Call Test Case 'Test Cases/Reusable_Test_Sequences/CAT_Click_Search_Trade_Name' successfully

2020-01-06 08:17:31 - [TEST_STEP][PASSED] - "---------------------------------------": null

2020-01-06 08:17:31 - [TEST_STEP][PASSED] - " Enter Trader Name (or ID) to Search   |": null

2020-01-06 08:17:31 - [TEST_STEP][PASSED] - callTestCase(findTestCase("Reusable_Test_Sequences/CAT_Enter_Trade_Name"), [:], CONTINUE_ON_FAILURE): Call Test Case 'Test Cases/Reusable_Test_Sequences/CAT_Enter_Trade_Name' successfully

2020-01-06 08:17:31 - [TEST_CASE][PASSED] - Test Cases/Reusable_Test_Sequences/CAT_Enter_Trade_Name: Test Cases/Reusable_Test_Sequences/CAT_Enter_Trade_Name

2020-01-06 08:17:31 - [TEST_STEP][PASSED] - try: Text '230761' is set on object 'Object Repository/New_CAT_Search/Company_Search_Field'

2020-01-06 08:17:31 - [TEST_STEP][PASSED] - setText(findTestObject("Object Repository/New_CAT_Search/Company_Search_Field"), findTestData("Search_CAT_ID_Data (1)").getValue("tradeName", row)): Text '230761' is set on object 'Object Repository/New_CAT_Search/Company_Search_Field'

2020-01-06 08:17:31 - [MESSAGE][PASSED] - Text '230761' is set on object 'Object Repository/New_CAT_Search/Company_Search_Field'

2020-01-06 08:17:31 - [MESSAGE][PASSED] - Call Test Case 'Test Cases/Reusable_Test_Sequences/CAT_Enter_Trade_Name' successfully

2020-01-06 08:17:31 - [TEST_STEP][PASSED] - "---------------------------------------": null

2020-01-06 08:17:31 - [TEST_STEP][PASSED] - " Search Trader Name (or ID)            |": null

2020-01-06 08:17:31 - [TEST_STEP][PASSED] - callTestCase(findTestCase("Reusable_Test_Sequences/CAT_Search_Trade_Name"), [:], CONTINUE_ON_FAILURE): Call Test Case 'Test Cases/Reusable_Test_Sequences/CAT_Search_Trade_Name' successfully

2020-01-06 08:17:31 - [TEST_CASE][PASSED] - Test Cases/Reusable_Test_Sequences/CAT_Search_Trade_Name: Test Cases/Reusable_Test_Sequences/CAT_Search_Trade_Name

2020-01-06 08:17:31 - [TEST_STEP][PASSED] - "Hit Search Trade Person by Name (or CAT ID) after parameters are entered": null

2020-01-06 08:17:31 - [TEST_STEP][PASSED] - try: Object: 'Object Repository/New_CAT_Search/Lookup_Return_Element' is clicked on

2020-01-06 08:17:31 - [TEST_STEP][PASSED] - waitForElementPresent(findTestObject("Object Repository/New_CAT_Search/Lookup_Return_Element"), 60): Object 'Object Repository/New_CAT_Search/Lookup_Return_Element' is present

2020-01-06 08:17:32 - [MESSAGE][PASSED] - Object 'Object Repository/New_CAT_Search/Lookup_Return_Element' is present

2020-01-06 08:17:32 - [TEST_STEP][PASSED] - click(findTestObject("Object Repository/New_CAT_Search/Lookup_Return_Element")): Object: 'Object Repository/New_CAT_Search/Lookup_Return_Element' is clicked on

2020-01-06 08:17:32 - [MESSAGE][PASSED] - Object: 'Object Repository/New_CAT_Search/Lookup_Return_Element' is clicked on

2020-01-06 08:17:32 - [TEST_STEP][PASSED] - delay(2): Delayed 2 second(s)

2020-01-06 08:17:34 - [MESSAGE][PASSED] - Delayed 2 second(s)

2020-01-06 08:17:34 - [TEST_STEP][PASSED] - waitForPageLoad(60): Wait for page load successfully

2020-01-06 08:17:34 - [MESSAGE][PASSED] - Wait for page load successfully

2020-01-06 08:17:34 - [MESSAGE][PASSED] - Call Test Case 'Test Cases/Reusable_Test_Sequences/CAT_Search_Trade_Name' successfully

2020-01-06 08:17:34 - [TEST_STEP][PASSED] - "------------------------------------------": null

2020-01-06 08:17:34 - [TEST_STEP][PASSED] - " Scroll to Page Footer to Reveal Results  |": null

2020-01-06 08:17:34 - [TEST_STEP][PASSED] - callTestCase(findTestCase("Reusable_Test_Sequences/CAT_Scroll_to_Footer"), [:], CONTINUE_ON_FAILURE): Call Test Case 'Test Cases/Reusable_Test_Sequences/CAT_Scroll_to_Footer' successfully

2020-01-06 08:17:34 - [TEST_CASE][PASSED] - Test Cases/Reusable_Test_Sequences/CAT_Scroll_to_Footer: Test Cases/Reusable_Test_Sequences/CAT_Scroll_to_Footer

2020-01-06 08:17:34 - [TEST_STEP][PASSED] - "-----------------------------------------------------": null

2020-01-06 08:17:34 - [TEST_STEP][PASSED] - " Major changes factored into function 05/12/2019     |": null

2020-01-06 08:17:34 - [TEST_STEP][PASSED] - "-----------------------------------------------------": null

2020-01-06 08:17:34 - [TEST_STEP][PASSED] - "Animation Removed ": null

2020-01-06 08:17:34 - [TEST_STEP][PASSED] - "Scroll - To Footer on the bottom of the page (sometime off the screen) ": null

2020-01-06 08:17:34 - [TEST_STEP][PASSED] - waitForPageLoad(60): Wait for page load successfully

2020-01-06 08:17:34 - [MESSAGE][PASSED] - Wait for page load successfully

2020-01-06 08:17:34 - [TEST_STEP][PASSED] - scrollToPosition(999, 999): Browser is scrolled to position x = 999, y = 999

2020-01-06 08:17:34 - [MESSAGE][PASSED] - Browser is scrolled to position x = 999, y = 999

2020-01-06 08:17:34 - [TEST_STEP][PASSED] - delay(1): Delayed 1 second(s)

2020-01-06 08:17:35 - [MESSAGE][PASSED] - Delayed 1 second(s)

2020-01-06 08:17:35 - [MESSAGE][PASSED] - Call Test Case 'Test Cases/Reusable_Test_Sequences/CAT_Scroll_to_Footer' successfully

2020-01-06 08:17:35 - [TEST_STEP][PASSED] - "------------------------------------------": null

2020-01-06 08:17:35 - [TEST_STEP][PASSED] - " Verify Correct Location is Returned     |": null

2020-01-06 08:17:35 - [TEST_STEP][PASSED] - callTestCase(findTestCase("Reusable_Test_Sequences/CAT_Verification_Location"), [:], CONTINUE_ON_FAILURE): Call Test Case 'Test Cases/Reusable_Test_Sequences/CAT_Verification_Location' successfully

2020-01-06 08:17:35 - [TEST_CASE][PASSED] - Test Cases/Reusable_Test_Sequences/CAT_Verification_Location: Test Cases/Reusable_Test_Sequences/CAT_Verification_Location

2020-01-06 08:17:35 - [TEST_STEP][PASSED] - verifyTextPresent(findTestData("Search_CAT_ID_Data (1)").getValue("tradeNameLocationVerification", row), false): Text 'Rustington, West Sussex' is present on page 

2020-01-06 08:17:35 - [MESSAGE][PASSED] - Text 'Rustington, West Sussex' is present on page 

2020-01-06 08:17:35 - [MESSAGE][PASSED] - Call Test Case 'Test Cases/Reusable_Test_Sequences/CAT_Verification_Location' successfully

2020-01-06 08:17:35 - [TEST_STEP][PASSED] - "------------------------------------------": null

2020-01-06 08:17:35 - [TEST_STEP][PASSED] - " Verify Primary Contact is Returned     |": null

2020-01-06 08:17:35 - [TEST_STEP][FAILED] - callTestCase(findTestCase("Reusable_Test_Sequences/CAT_Verification_Primary_Contact"), [:], CONTINUE_ON_FAILURE): Unable to call Test Case 'Test Cases/Reusable_Test_Sequences/CAT_Verification_Primary_Contact' (Root cause: com.kms.katalon.core.exception.StepFailedException: Call Test Case 'Test Cases/Reusable_Test_Sequences/CAT_Verification_Primary_Contact' failed
	at com.kms.katalon.core.keyword.builtin.CallTestCaseKeyword$_callTestCase_closure1.doCall(CallTestCaseKeyword.groovy:63)
	at com.kms.katalon.core.keyword.builtin.CallTestCaseKeyword$_callTestCase_closure1.call(CallTestCaseKeyword.groovy)
	at com.kms.katalon.core.keyword.internal.KeywordMain.runKeyword(KeywordMain.groovy:68)
	at com.kms.katalon.core.keyword.builtin.CallTestCaseKeyword.callTestCase(CallTestCaseKeyword.groovy:81)
	at com.kms.katalon.core.keyword.builtin.CallTestCaseKeyword.execute(CallTestCaseKeyword.groovy:44)
	at com.kms.katalon.core.keyword.internal.KeywordExecutor.executeKeywordForPlatform(KeywordExecutor.groovy:72)
	at com.kms.katalon.core.keyword.BuiltinKeywords.callTestCase(BuiltinKeywords.groovy:334)
	at Trade_Name_Search_Multiple.run(Trade_Name_Search_Multiple:101)
	at com.kms.katalon.core.main.ScriptEngine.run(ScriptEngine.java:194)
	at com.kms.katalon.core.main.ScriptEngine.runScriptAsRawText(ScriptEngine.java:119)
	at com.kms.katalon.core.main.TestCaseExecutor.runScript(TestCaseExecutor.java:337)
	at com.kms.katalon.core.main.TestCaseExecutor.doExecute(TestCaseExecutor.java:328)
	at com.kms.katalon.core.main.TestCaseExecutor.processExecutionPhase(TestCaseExecutor.java:307)
	at com.kms.katalon.core.main.TestCaseExecutor.accessMainPhase(TestCaseExecutor.java:299)
	at com.kms.katalon.core.main.TestCaseExecutor.execute(TestCaseExecutor.java:233)
	at com.kms.katalon.core.main.TestSuiteExecutor.accessTestCaseMainPhase(TestSuiteExecutor.java:169)
	at com.kms.katalon.core.main.TestSuiteExecutor.accessTestSuiteMainPhase(TestSuiteExecutor.java:142)
	at com.kms.katalon.core.main.TestSuiteExecutor.execute(TestSuiteExecutor.java:91)
	at com.kms.katalon.core.main.TestCaseMain.startTestSuite(TestCaseMain.java:157)
	at com.kms.katalon.core.main.TestCaseMain$startTestSuite$0.call(Unknown Source)
	at TempTestSuite1578298539772.run(TempTestSuite1578298539772.groovy:36)
Caused by: com.kms.katalon.core.exception.StepFailedException: Text 'David Clarke' is not present on page  (Root cause: com.kms.katalon.core.exception.StepFailedException: Text 'David Clarke' is not present on page 
	at com.kms.katalon.core.webui.keyword.internal.WebUIKeywordMain.stepFailed(WebUIKeywordMain.groovy:64)
	at com.kms.katalon.core.webui.keyword.builtin.VerifyTextPresentKeyword$_verifyTextPresent_closure1.doCall(VerifyTextPresentKeyword.groovy:79)
	at com.kms.katalon.core.webui.keyword.builtin.VerifyTextPresentKeyword$_verifyTextPresent_closure1.call(VerifyTextPresentKeyword.groovy)
	at com.kms.katalon.core.webui.keyword.internal.WebUIKeywordMain.runKeyword(WebUIKeywordMain.groovy:20)
	at com.kms.katalon.core.webui.keyword.builtin.VerifyTextPresentKeyword.verifyTextPresent(VerifyTextPresentKeyword.groovy:83)
	at com.kms.katalon.core.webui.keyword.builtin.VerifyTextPresentKeyword.execute(VerifyTextPresentKeyword.groovy:68)
	at com.kms.katalon.core.keyword.internal.KeywordExecutor.executeKeywordForPlatform(KeywordExecutor.groovy:72)
	at com.kms.katalon.core.webui.keyword.WebUiBuiltInKeywords.verifyTextPresent(WebUiBuiltInKeywords.groovy:1693)
	at com.kms.katalon.core.webui.keyword.WebUiBuiltInKeywords$verifyTextPresent$5.call(Unknown Source)
	at CAT_Verification_Primary_Contact.run(CAT_Verification_Primary_Contact:23)
	at com.kms.katalon.core.main.ScriptEngine.run(ScriptEngine.java:194)
	at com.kms.katalon.core.main.ScriptEngine.runScriptAsRawText(ScriptEngine.java:119)
	at com.kms.katalon.core.main.TestCaseExecutor.runScript(TestCaseExecutor.java:337)
	at com.kms.katalon.core.main.TestCaseExecutor.doExecute(TestCaseExecutor.java:328)
	at com.kms.katalon.core.main.TestCaseExecutor.processExecutionPhase(TestCaseExecutor.java:307)
	at com.kms.katalon.core.main.TestCaseExecutor.accessMainPhase(TestCaseExecutor.java:299)
	at com.kms.katalon.core.main.TestCaseExecutor.execute(TestCaseExecutor.java:233)
	at com.kms.katalon.core.main.TestCaseMain.runTestCase(TestCaseMain.java:114)
	at com.kms.katalon.core.keyword.builtin.CallTestCaseKeyword$_callTestCase_closure1.doCall(CallTestCaseKeyword.groovy:59)
	at com.kms.katalon.core.keyword.builtin.CallTestCaseKeyword$_callTestCase_closure1.call(CallTestCaseKeyword.groovy)
	at com.kms.katalon.core.keyword.internal.KeywordMain.runKeyword(KeywordMain.groovy:68)
	at com.kms.katalon.core.keyword.builtin.CallTestCaseKeyword.callTestCase(CallTestCaseKeyword.groovy:81)
	at com.kms.katalon.core.keyword.builtin.CallTestCaseKeyword.execute(CallTestCaseKeyword.groovy:44)
	at com.kms.katalon.core.keyword.internal.KeywordExecutor.executeKeywordForPlatform(KeywordExecutor.groovy:72)
	at com.kms.katalon.core.keyword.BuiltinKeywords.callTestCase(BuiltinKeywords.groovy:334)
	at Trade_Name_Search_Multiple.run(Trade_Name_Search_Multiple:101)
	at com.kms.katalon.core.main.ScriptEngine.run(ScriptEngine.java:194)
	at com.kms.katalon.core.main.ScriptEngine.runScriptAsRawText(ScriptEngine.java:119)
	at com.kms.katalon.core.main.TestCaseExecutor.runScript(TestCaseExecutor.java:337)
	at com.kms.katalon.core.main.TestCaseExecutor.doExecute(TestCaseExecutor.java:328)
	at com.kms.katalon.core.main.TestCaseExecutor.processExecutionPhase(TestCaseExecutor.java:307)
	at com.kms.katalon.core.main.TestCaseExecutor.accessMainPhase(TestCaseExecutor.java:299)
	at com.kms.katalon.core.main.TestCaseExecutor.execute(TestCaseExecutor.java:233)
	at com.kms.katalon.core.main.TestSuiteExecutor.accessTestCaseMainPhase(TestSuiteExecutor.java:169)
	at com.kms.katalon.core.main.TestSuiteExecutor.accessTestSuiteMainPhase(TestSuiteExecutor.java:142)
	at com.kms.katalon.core.main.TestSuiteExecutor.execute(TestSuiteExecutor.java:91)
	at com.kms.katalon.core.main.TestCaseMain.startTestSuite(TestCaseMain.java:157)
	at com.kms.katalon.core.main.TestCaseMain$startTestSuite$0.call(Unknown Source)
	at TempTestSuite1578298539772.run(TempTestSuite1578298539772.groovy:36)
)
	at com.kms.katalon.core.keyword.internal.KeywordMain.stepFailed(KeywordMain.groovy:39)
	at com.kms.katalon.core.webui.keyword.internal.WebUIKeywordMain.stepFailed(WebUIKeywordMain.groovy:64)
	at com.kms.katalon.core.webui.keyword.builtin.VerifyTextPresentKeyword$_verifyTextPresent_closure1.doCall(VerifyTextPresentKeyword.groovy:79)
	at com.kms.katalon.core.webui.keyword.builtin.VerifyTextPresentKeyword$_verifyTextPresent_closure1.call(VerifyTextPresentKeyword.groovy)
	at com.kms.katalon.core.webui.keyword.internal.WebUIKeywordMain.runKeyword(WebUIKeywordMain.groovy:20)
	at com.kms.katalon.core.webui.keyword.builtin.VerifyTextPresentKeyword.verifyTextPresent(VerifyTextPresentKeyword.groovy:83)
	at com.kms.katalon.core.webui.keyword.builtin.VerifyTextPresentKeyword.execute(VerifyTextPresentKeyword.groovy:68)
	at com.kms.katalon.core.keyword.internal.KeywordExecutor.executeKeywordForPlatform(KeywordExecutor.groovy:72)
	at com.kms.katalon.core.webui.keyword.WebUiBuiltInKeywords.verifyTextPresent(WebUiBuiltInKeywords.groovy:1693)
	at com.kms.katalon.core.webui.keyword.WebUiBuiltInKeywords$verifyTextPresent$5.call(Unknown Source)
	at CAT_Verification_Primary_Contact.run(CAT_Verification_Primary_Contact:23)
	at com.kms.katalon.core.main.ScriptEngine.run(ScriptEngine.java:194)
	at com.kms.katalon.core.main.ScriptEngine.runScriptAsRawText(ScriptEngine.java:119)
	at com.kms.katalon.core.main.TestCaseExecutor.runScript(TestCaseExecutor.java:337)
	at com.kms.katalon.core.main.TestCaseExecutor.doExecute(TestCaseExecutor.java:328)
	at com.kms.katalon.core.main.TestCaseExecutor.processExecutionPhase(TestCaseExecutor.java:307)
	at com.kms.katalon.core.main.TestCaseExecutor.accessMainPhase(TestCaseExecutor.java:299)
	at com.kms.katalon.core.main.TestCaseExecutor.execute(TestCaseExecutor.java:233)
	at com.kms.katalon.core.main.TestCaseMain.runTestCase(TestCaseMain.java:114)
	at com.kms.katalon.core.keyword.builtin.CallTestCaseKeyword$_callTestCase_closure1.doCall(CallTestCaseKeyword.groovy:59)
	... 20 more
Caused by: com.kms.katalon.core.exception.StepFailedException: Text 'David Clarke' is not present on page 
	... 39 more
)

2020-01-06 08:17:35 - [TEST_CASE][FAILED] - Test Cases/Reusable_Test_Sequences/CAT_Verification_Primary_Contact: Test Cases/Reusable_Test_Sequences/CAT_Verification_Primary_Contact FAILED.
Reason:
com.kms.katalon.core.exception.StepFailedException: Text 'David Clarke' is not present on page  (Root cause: com.kms.katalon.core.exception.StepFailedException: Text 'David Clarke' is not present on page 
	at com.kms.katalon.core.webui.keyword.internal.WebUIKeywordMain.stepFailed(WebUIKeywordMain.groovy:64)
	at com.kms.katalon.core.webui.keyword.builtin.VerifyTextPresentKeyword$_verifyTextPresent_closure1.doCall(VerifyTextPresentKeyword.groovy:79)
	at com.kms.katalon.core.webui.keyword.builtin.VerifyTextPresentKeyword$_verifyTextPresent_closure1.call(VerifyTextPresentKeyword.groovy)
	at com.kms.katalon.core.webui.keyword.internal.WebUIKeywordMain.runKeyword(WebUIKeywordMain.groovy:20)
	at com.kms.katalon.core.webui.keyword.builtin.VerifyTextPresentKeyword.verifyTextPresent(VerifyTextPresentKeyword.groovy:83)
	at com.kms.katalon.core.webui.keyword.builtin.VerifyTextPresentKeyword.execute(VerifyTextPresentKeyword.groovy:68)
	at com.kms.katalon.core.keyword.internal.KeywordExecutor.executeKeywordForPlatform(KeywordExecutor.groovy:72)
	at com.kms.katalon.core.webui.keyword.WebUiBuiltInKeywords.verifyTextPresent(WebUiBuiltInKeywords.groovy:1693)
	at com.kms.katalon.core.webui.keyword.WebUiBuiltInKeywords$verifyTextPresent$5.call(Unknown Source)
	at CAT_Verification_Primary_Contact.run(CAT_Verification_Primary_Contact:23)
	at com.kms.katalon.core.main.ScriptEngine.run(ScriptEngine.java:194)
	at com.kms.katalon.core.main.ScriptEngine.runScriptAsRawText(ScriptEngine.java:119)
	at com.kms.katalon.core.main.TestCaseExecutor.runScript(TestCaseExecutor.java:337)
	at com.kms.katalon.core.main.TestCaseExecutor.doExecute(TestCaseExecutor.java:328)
	at com.kms.katalon.core.main.TestCaseExecutor.processExecutionPhase(TestCaseExecutor.java:307)
	at com.kms.katalon.core.main.TestCaseExecutor.accessMainPhase(TestCaseExecutor.java:299)
	at com.kms.katalon.core.main.TestCaseExecutor.execute(TestCaseExecutor.java:233)
	at com.kms.katalon.core.main.TestCaseMain.runTestCase(TestCaseMain.java:114)
	at com.kms.katalon.core.keyword.builtin.CallTestCaseKeyword$_callTestCase_closure1.doCall(CallTestCaseKeyword.groovy:59)
	at com.kms.katalon.core.keyword.builtin.CallTestCaseKeyword$_callTestCase_closure1.call(CallTestCaseKeyword.groovy)
	at com.kms.katalon.core.keyword.internal.KeywordMain.runKeyword(KeywordMain.groovy:68)
	at com.kms.katalon.core.keyword.builtin.CallTestCaseKeyword.callTestCase(CallTestCaseKeyword.groovy:81)
	at com.kms.katalon.core.keyword.builtin.CallTestCaseKeyword.execute(CallTestCaseKeyword.groovy:44)
	at com.kms.katalon.core.keyword.internal.KeywordExecutor.executeKeywordForPlatform(KeywordExecutor.groovy:72)
	at com.kms.katalon.core.keyword.BuiltinKeywords.callTestCase(BuiltinKeywords.groovy:334)
	at Trade_Name_Search_Multiple.run(Trade_Name_Search_Multiple:101)
	at com.kms.katalon.core.main.ScriptEngine.run(ScriptEngine.java:194)
	at com.kms.katalon.core.main.ScriptEngine.runScriptAsRawText(ScriptEngine.java:119)
	at com.kms.katalon.core.main.TestCaseExecutor.runScript(TestCaseExecutor.java:337)
	at com.kms.katalon.core.main.TestCaseExecutor.doExecute(TestCaseExecutor.java:328)
	at com.kms.katalon.core.main.TestCaseExecutor.processExecutionPhase(TestCaseExecutor.java:307)
	at com.kms.katalon.core.main.TestCaseExecutor.accessMainPhase(TestCaseExecutor.java:299)
	at com.kms.katalon.core.main.TestCaseExecutor.execute(TestCaseExecutor.java:233)
	at com.kms.katalon.core.main.TestSuiteExecutor.accessTestCaseMainPhase(TestSuiteExecutor.java:169)
	at com.kms.katalon.core.main.TestSuiteExecutor.accessTestSuiteMainPhase(TestSuiteExecutor.java:142)
	at com.kms.katalon.core.main.TestSuiteExecutor.execute(TestSuiteExecutor.java:91)
	at com.kms.katalon.core.main.TestCaseMain.startTestSuite(TestCaseMain.java:157)
	at com.kms.katalon.core.main.TestCaseMain$startTestSuite$0.call(Unknown Source)
	at TempTestSuite1578298539772.run(TempTestSuite1578298539772.groovy:36)
)
	at com.kms.katalon.core.keyword.internal.KeywordMain.stepFailed(KeywordMain.groovy:39)
	at com.kms.katalon.core.webui.keyword.internal.WebUIKeywordMain.stepFailed(WebUIKeywordMain.groovy:64)
	at com.kms.katalon.core.webui.keyword.builtin.VerifyTextPresentKeyword$_verifyTextPresent_closure1.doCall(VerifyTextPresentKeyword.groovy:79)
	at com.kms.katalon.core.webui.keyword.builtin.VerifyTextPresentKeyword$_verifyTextPresent_closure1.call(VerifyTextPresentKeyword.groovy)
	at com.kms.katalon.core.webui.keyword.internal.WebUIKeywordMain.runKeyword(WebUIKeywordMain.groovy:20)
	at com.kms.katalon.core.webui.keyword.builtin.VerifyTextPresentKeyword.verifyTextPresent(VerifyTextPresentKeyword.groovy:83)
	at com.kms.katalon.core.webui.keyword.builtin.VerifyTextPresentKeyword.execute(VerifyTextPresentKeyword.groovy:68)
	at com.kms.katalon.core.keyword.internal.KeywordExecutor.executeKeywordForPlatform(KeywordExecutor.groovy:72)
	at com.kms.katalon.core.webui.keyword.WebUiBuiltInKeywords.verifyTextPresent(WebUiBuiltInKeywords.groovy:1693)
	at com.kms.katalon.core.webui.keyword.WebUiBuiltInKeywords$verifyTextPresent$5.call(Unknown Source)
	at CAT_Verification_Primary_Contact.run(CAT_Verification_Primary_Contact:23)
	at com.kms.katalon.core.main.ScriptEngine.run(ScriptEngine.java:194)
	at com.kms.katalon.core.main.ScriptEngine.runScriptAsRawText(ScriptEngine.java:119)
	at com.kms.katalon.core.main.TestCaseExecutor.runScript(TestCaseExecutor.java:337)
	at com.kms.katalon.core.main.TestCaseExecutor.doExecute(TestCaseExecutor.java:328)
	at com.kms.katalon.core.main.TestCaseExecutor.processExecutionPhase(TestCaseExecutor.java:307)
	at com.kms.katalon.core.main.TestCaseExecutor.accessMainPhase(TestCaseExecutor.java:299)
	at com.kms.katalon.core.main.TestCaseExecutor.execute(TestCaseExecutor.java:233)
	at com.kms.katalon.core.main.TestCaseMain.runTestCase(TestCaseMain.java:114)
	at com.kms.katalon.core.keyword.builtin.CallTestCaseKeyword$_callTestCase_closure1.doCall(CallTestCaseKeyword.groovy:59)
	at com.kms.katalon.core.keyword.builtin.CallTestCaseKeyword$_callTestCase_closure1.call(CallTestCaseKeyword.groovy)
	at com.kms.katalon.core.keyword.internal.KeywordMain.runKeyword(KeywordMain.groovy:68)
	at com.kms.katalon.core.keyword.builtin.CallTestCaseKeyword.callTestCase(CallTestCaseKeyword.groovy:81)
	at com.kms.katalon.core.keyword.builtin.CallTestCaseKeyword.execute(CallTestCaseKeyword.groovy:44)
	at com.kms.katalon.core.keyword.internal.KeywordExecutor.executeKeywordForPlatform(KeywordExecutor.groovy:72)
	at com.kms.katalon.core.keyword.BuiltinKeywords.callTestCase(BuiltinKeywords.groovy:334)
	at Trade_Name_Search_Multiple.run(Trade_Name_Search_Multiple:101)
	at com.kms.katalon.core.main.ScriptEngine.run(ScriptEngine.java:194)
	at com.kms.katalon.core.main.ScriptEngine.runScriptAsRawText(ScriptEngine.java:119)
	at com.kms.katalon.core.main.TestCaseExecutor.runScript(TestCaseExecutor.java:337)
	at com.kms.katalon.core.main.TestCaseExecutor.doExecute(TestCaseExecutor.java:328)
	at com.kms.katalon.core.main.TestCaseExecutor.processExecutionPhase(TestCaseExecutor.java:307)
	at com.kms.katalon.core.main.TestCaseExecutor.accessMainPhase(TestCaseExecutor.java:299)
	at com.kms.katalon.core.main.TestCaseExecutor.execute(TestCaseExecutor.java:233)
	at com.kms.katalon.core.main.TestSuiteExecutor.accessTestCaseMainPhase(TestSuiteExecutor.java:169)
	at com.kms.katalon.core.main.TestSuiteExecutor.accessTestSuiteMainPhase(TestSuiteExecutor.java:142)
	at com.kms.katalon.core.main.TestSuiteExecutor.execute(TestSuiteExecutor.java:91)
	at com.kms.katalon.core.main.TestCaseMain.startTestSuite(TestCaseMain.java:157)
	at com.kms.katalon.core.main.TestCaseMain$startTestSuite$0.call(Unknown Source)
	at TempTestSuite1578298539772.run(TempTestSuite1578298539772.groovy:36)
Caused by: com.kms.katalon.core.exception.StepFailedException: Text 'David Clarke' is not present on page 
	... 39 more


2020-01-06 08:17:35 - [TEST_STEP][FAILED] - verifyTextPresent(findTestData("Search_CAT_ID_Data (1)").getValue("primeContact", row), false): Text 'David Clarke' is not present on page  (Root cause: com.kms.katalon.core.exception.StepFailedException: Text 'David Clarke' is not present on page 
	at com.kms.katalon.core.webui.keyword.internal.WebUIKeywordMain.stepFailed(WebUIKeywordMain.groovy:64)
	at com.kms.katalon.core.webui.keyword.builtin.VerifyTextPresentKeyword$_verifyTextPresent_closure1.doCall(VerifyTextPresentKeyword.groovy:79)
	at com.kms.katalon.core.webui.keyword.builtin.VerifyTextPresentKeyword$_verifyTextPresent_closure1.call(VerifyTextPresentKeyword.groovy)
	at com.kms.katalon.core.webui.keyword.internal.WebUIKeywordMain.runKeyword(WebUIKeywordMain.groovy:20)
	at com.kms.katalon.core.webui.keyword.builtin.VerifyTextPresentKeyword.verifyTextPresent(VerifyTextPresentKeyword.groovy:83)
	at com.kms.katalon.core.webui.keyword.builtin.VerifyTextPresentKeyword.execute(VerifyTextPresentKeyword.groovy:68)
	at com.kms.katalon.core.keyword.internal.KeywordExecutor.executeKeywordForPlatform(KeywordExecutor.groovy:72)
	at com.kms.katalon.core.webui.keyword.WebUiBuiltInKeywords.verifyTextPresent(WebUiBuiltInKeywords.groovy:1693)
	at com.kms.katalon.core.webui.keyword.WebUiBuiltInKeywords$verifyTextPresent$5.call(Unknown Source)
	at CAT_Verification_Primary_Contact.run(CAT_Verification_Primary_Contact:23)
	at com.kms.katalon.core.main.ScriptEngine.run(ScriptEngine.java:194)
	at com.kms.katalon.core.main.ScriptEngine.runScriptAsRawText(ScriptEngine.java:119)
	at com.kms.katalon.core.main.TestCaseExecutor.runScript(TestCaseExecutor.java:337)
	at com.kms.katalon.core.main.TestCaseExecutor.doExecute(TestCaseExecutor.java:328)
	at com.kms.katalon.core.main.TestCaseExecutor.processExecutionPhase(TestCaseExecutor.java:307)
	at com.kms.katalon.core.main.TestCaseExecutor.accessMainPhase(TestCaseExecutor.java:299)
	at com.kms.katalon.core.main.TestCaseExecutor.execute(TestCaseExecutor.java:233)
	at com.kms.katalon.core.main.TestCaseMain.runTestCase(TestCaseMain.java:114)
	at com.kms.katalon.core.keyword.builtin.CallTestCaseKeyword$_callTestCase_closure1.doCall(CallTestCaseKeyword.groovy:59)
	at com.kms.katalon.core.keyword.builtin.CallTestCaseKeyword$_callTestCase_closure1.call(CallTestCaseKeyword.groovy)
	at com.kms.katalon.core.keyword.internal.KeywordMain.runKeyword(KeywordMain.groovy:68)
	at com.kms.katalon.core.keyword.builtin.CallTestCaseKeyword.callTestCase(CallTestCaseKeyword.groovy:81)
	at com.kms.katalon.core.keyword.builtin.CallTestCaseKeyword.execute(CallTestCaseKeyword.groovy:44)
	at com.kms.katalon.core.keyword.internal.KeywordExecutor.executeKeywordForPlatform(KeywordExecutor.groovy:72)
	at com.kms.katalon.core.keyword.BuiltinKeywords.callTestCase(BuiltinKeywords.groovy:334)
	at Trade_Name_Search_Multiple.run(Trade_Name_Search_Multiple:101)
	at com.kms.katalon.core.main.ScriptEngine.run(ScriptEngine.java:194)
	at com.kms.katalon.core.main.ScriptEngine.runScriptAsRawText(ScriptEngine.java:119)
	at com.kms.katalon.core.main.TestCaseExecutor.runScript(TestCaseExecutor.java:337)
	at com.kms.katalon.core.main.TestCaseExecutor.doExecute(TestCaseExecutor.java:328)
	at com.kms.katalon.core.main.TestCaseExecutor.processExecutionPhase(TestCaseExecutor.java:307)
	at com.kms.katalon.core.main.TestCaseExecutor.accessMainPhase(TestCaseExecutor.java:299)
	at com.kms.katalon.core.main.TestCaseExecutor.execute(TestCaseExecutor.java:233)
	at com.kms.katalon.core.main.TestSuiteExecutor.accessTestCaseMainPhase(TestSuiteExecutor.java:169)
	at com.kms.katalon.core.main.TestSuiteExecutor.accessTestSuiteMainPhase(TestSuiteExecutor.java:142)
	at com.kms.katalon.core.main.TestSuiteExecutor.execute(TestSuiteExecutor.java:91)
	at com.kms.katalon.core.main.TestCaseMain.startTestSuite(TestCaseMain.java:157)
	at com.kms.katalon.core.main.TestCaseMain$startTestSuite$0.call(Unknown Source)
	at TempTestSuite1578298539772.run(TempTestSuite1578298539772.groovy:36)
)

2020-01-06 08:17:36 - [MESSAGE][FAILED] - Text 'David Clarke' is not present on page  (Root cause: com.kms.katalon.core.exception.StepFailedException: Text 'David Clarke' is not present on page 
	at com.kms.katalon.core.webui.keyword.internal.WebUIKeywordMain.stepFailed(WebUIKeywordMain.groovy:64)
	at com.kms.katalon.core.webui.keyword.builtin.VerifyTextPresentKeyword$_verifyTextPresent_closure1.doCall(VerifyTextPresentKeyword.groovy:79)
	at com.kms.katalon.core.webui.keyword.builtin.VerifyTextPresentKeyword$_verifyTextPresent_closure1.call(VerifyTextPresentKeyword.groovy)
	at com.kms.katalon.core.webui.keyword.internal.WebUIKeywordMain.runKeyword(WebUIKeywordMain.groovy:20)
	at com.kms.katalon.core.webui.keyword.builtin.VerifyTextPresentKeyword.verifyTextPresent(VerifyTextPresentKeyword.groovy:83)
	at com.kms.katalon.core.webui.keyword.builtin.VerifyTextPresentKeyword.execute(VerifyTextPresentKeyword.groovy:68)
	at com.kms.katalon.core.keyword.internal.KeywordExecutor.executeKeywordForPlatform(KeywordExecutor.groovy:72)
	at com.kms.katalon.core.webui.keyword.WebUiBuiltInKeywords.verifyTextPresent(WebUiBuiltInKeywords.groovy:1693)
	at com.kms.katalon.core.webui.keyword.WebUiBuiltInKeywords$verifyTextPresent$5.call(Unknown Source)
	at CAT_Verification_Primary_Contact.run(CAT_Verification_Primary_Contact:23)
	at com.kms.katalon.core.main.ScriptEngine.run(ScriptEngine.java:194)
	at com.kms.katalon.core.main.ScriptEngine.runScriptAsRawText(ScriptEngine.java:119)
	at com.kms.katalon.core.main.TestCaseExecutor.runScript(TestCaseExecutor.java:337)
	at com.kms.katalon.core.main.TestCaseExecutor.doExecute(TestCaseExecutor.java:328)
	at com.kms.katalon.core.main.TestCaseExecutor.processExecutionPhase(TestCaseExecutor.java:307)
	at com.kms.katalon.core.main.TestCaseExecutor.accessMainPhase(TestCaseExecutor.java:299)
	at com.kms.katalon.core.main.TestCaseExecutor.execute(TestCaseExecutor.java:233)
	at com.kms.katalon.core.main.TestCaseMain.runTestCase(TestCaseMain.java:114)
	at com.kms.katalon.core.keyword.builtin.CallTestCaseKeyword$_callTestCase_closure1.doCall(CallTestCaseKeyword.groovy:59)
	at com.kms.katalon.core.keyword.builtin.CallTestCaseKeyword$_callTestCase_closure1.call(CallTestCaseKeyword.groovy)
	at com.kms.katalon.core.keyword.internal.KeywordMain.runKeyword(KeywordMain.groovy:68)
	at com.kms.katalon.core.keyword.builtin.CallTestCaseKeyword.callTestCase(CallTestCaseKeyword.groovy:81)
	at com.kms.katalon.core.keyword.builtin.CallTestCaseKeyword.execute(CallTestCaseKeyword.groovy:44)
	at com.kms.katalon.core.keyword.internal.KeywordExecutor.executeKeywordForPlatform(KeywordExecutor.groovy:72)
	at com.kms.katalon.core.keyword.BuiltinKeywords.callTestCase(BuiltinKeywords.groovy:334)
	at Trade_Name_Search_Multiple.run(Trade_Name_Search_Multiple:101)
	at com.kms.katalon.core.main.ScriptEngine.run(ScriptEngine.java:194)
	at com.kms.katalon.core.main.ScriptEngine.runScriptAsRawText(ScriptEngine.java:119)
	at com.kms.katalon.core.main.TestCaseExecutor.runScript(TestCaseExecutor.java:337)
	at com.kms.katalon.core.main.TestCaseExecutor.doExecute(TestCaseExecutor.java:328)
	at com.kms.katalon.core.main.TestCaseExecutor.processExecutionPhase(TestCaseExecutor.java:307)
	at com.kms.katalon.core.main.TestCaseExecutor.accessMainPhase(TestCaseExecutor.java:299)
	at com.kms.katalon.core.main.TestCaseExecutor.execute(TestCaseExecutor.java:233)
	at com.kms.katalon.core.main.TestSuiteExecutor.accessTestCaseMainPhase(TestSuiteExecutor.java:169)
	at com.kms.katalon.core.main.TestSuiteExecutor.accessTestSuiteMainPhase(TestSuiteExecutor.java:142)
	at com.kms.katalon.core.main.TestSuiteExecutor.execute(TestSuiteExecutor.java:91)
	at com.kms.katalon.core.main.TestCaseMain.startTestSuite(TestCaseMain.java:157)
	at com.kms.katalon.core.main.TestCaseMain$startTestSuite$0.call(Unknown Source)
	at TempTestSuite1578298539772.run(TempTestSuite1578298539772.groovy:36)
)

2020-01-06 08:17:36 - [MESSAGE][FAILED] - Unable to call Test Case 'Test Cases/Reusable_Test_Sequences/CAT_Verification_Primary_Contact' (Root cause: com.kms.katalon.core.exception.StepFailedException: Call Test Case 'Test Cases/Reusable_Test_Sequences/CAT_Verification_Primary_Contact' failed
	at com.kms.katalon.core.keyword.builtin.CallTestCaseKeyword$_callTestCase_closure1.doCall(CallTestCaseKeyword.groovy:63)
	at com.kms.katalon.core.keyword.builtin.CallTestCaseKeyword$_callTestCase_closure1.call(CallTestCaseKeyword.groovy)
	at com.kms.katalon.core.keyword.internal.KeywordMain.runKeyword(KeywordMain.groovy:68)
	at com.kms.katalon.core.keyword.builtin.CallTestCaseKeyword.callTestCase(CallTestCaseKeyword.groovy:81)
	at com.kms.katalon.core.keyword.builtin.CallTestCaseKeyword.execute(CallTestCaseKeyword.groovy:44)
	at com.kms.katalon.core.keyword.internal.KeywordExecutor.executeKeywordForPlatform(KeywordExecutor.groovy:72)
	at com.kms.katalon.core.keyword.BuiltinKeywords.callTestCase(BuiltinKeywords.groovy:334)
	at Trade_Name_Search_Multiple.run(Trade_Name_Search_Multiple:101)
	at com.kms.katalon.core.main.ScriptEngine.run(ScriptEngine.java:194)
	at com.kms.katalon.core.main.ScriptEngine.runScriptAsRawText(ScriptEngine.java:119)
	at com.kms.katalon.core.main.TestCaseExecutor.runScript(TestCaseExecutor.java:337)
	at com.kms.katalon.core.main.TestCaseExecutor.doExecute(TestCaseExecutor.java:328)
	at com.kms.katalon.core.main.TestCaseExecutor.processExecutionPhase(TestCaseExecutor.java:307)
	at com.kms.katalon.core.main.TestCaseExecutor.accessMainPhase(TestCaseExecutor.java:299)
	at com.kms.katalon.core.main.TestCaseExecutor.execute(TestCaseExecutor.java:233)
	at com.kms.katalon.core.main.TestSuiteExecutor.accessTestCaseMainPhase(TestSuiteExecutor.java:169)
	at com.kms.katalon.core.main.TestSuiteExecutor.accessTestSuiteMainPhase(TestSuiteExecutor.java:142)
	at com.kms.katalon.core.main.TestSuiteExecutor.execute(TestSuiteExecutor.java:91)
	at com.kms.katalon.core.main.TestCaseMain.startTestSuite(TestCaseMain.java:157)
	at com.kms.katalon.core.main.TestCaseMain$startTestSuite$0.call(Unknown Source)
	at TempTestSuite1578298539772.run(TempTestSuite1578298539772.groovy:36)
Caused by: com.kms.katalon.core.exception.StepFailedException: Text 'David Clarke' is not present on page  (Root cause: com.kms.katalon.core.exception.StepFailedException: Text 'David Clarke' is not present on page 
	at com.kms.katalon.core.webui.keyword.internal.WebUIKeywordMain.stepFailed(WebUIKeywordMain.groovy:64)
	at com.kms.katalon.core.webui.keyword.builtin.VerifyTextPresentKeyword$_verifyTextPresent_closure1.doCall(VerifyTextPresentKeyword.groovy:79)
	at com.kms.katalon.core.webui.keyword.builtin.VerifyTextPresentKeyword$_verifyTextPresent_closure1.call(VerifyTextPresentKeyword.groovy)
	at com.kms.katalon.core.webui.keyword.internal.WebUIKeywordMain.runKeyword(WebUIKeywordMain.groovy:20)
	at com.kms.katalon.core.webui.keyword.builtin.VerifyTextPresentKeyword.verifyTextPresent(VerifyTextPresentKeyword.groovy:83)
	at com.kms.katalon.core.webui.keyword.builtin.VerifyTextPresentKeyword.execute(VerifyTextPresentKeyword.groovy:68)
	at com.kms.katalon.core.keyword.internal.KeywordExecutor.executeKeywordForPlatform(KeywordExecutor.groovy:72)
	at com.kms.katalon.core.webui.keyword.WebUiBuiltInKeywords.verifyTextPresent(WebUiBuiltInKeywords.groovy:1693)
	at com.kms.katalon.core.webui.keyword.WebUiBuiltInKeywords$verifyTextPresent$5.call(Unknown Source)
	at CAT_Verification_Primary_Contact.run(CAT_Verification_Primary_Contact:23)
	at com.kms.katalon.core.main.ScriptEngine.run(ScriptEngine.java:194)
	at com.kms.katalon.core.main.ScriptEngine.runScriptAsRawText(ScriptEngine.java:119)
	at com.kms.katalon.core.main.TestCaseExecutor.runScript(TestCaseExecutor.java:337)
	at com.kms.katalon.core.main.TestCaseExecutor.doExecute(TestCaseExecutor.java:328)
	at com.kms.katalon.core.main.TestCaseExecutor.processExecutionPhase(TestCaseExecutor.java:307)
	at com.kms.katalon.core.main.TestCaseExecutor.accessMainPhase(TestCaseExecutor.java:299)
	at com.kms.katalon.core.main.TestCaseExecutor.execute(TestCaseExecutor.java:233)
	at com.kms.katalon.core.main.TestCaseMain.runTestCase(TestCaseMain.java:114)
	at com.kms.katalon.core.keyword.builtin.CallTestCaseKeyword$_callTestCase_closure1.doCall(CallTestCaseKeyword.groovy:59)
	at com.kms.katalon.core.keyword.builtin.CallTestCaseKeyword$_callTestCase_closure1.call(CallTestCaseKeyword.groovy)
	at com.kms.katalon.core.keyword.internal.KeywordMain.runKeyword(KeywordMain.groovy:68)
	at com.kms.katalon.core.keyword.builtin.CallTestCaseKeyword.callTestCase(CallTestCaseKeyword.groovy:81)
	at com.kms.katalon.core.keyword.builtin.CallTestCaseKeyword.execute(CallTestCaseKeyword.groovy:44)
	at com.kms.katalon.core.keyword.internal.KeywordExecutor.executeKeywordForPlatform(KeywordExecutor.groovy:72)
	at com.kms.katalon.core.keyword.BuiltinKeywords.callTestCase(BuiltinKeywords.groovy:334)
	at Trade_Name_Search_Multiple.run(Trade_Name_Search_Multiple:101)
	at com.kms.katalon.core.main.ScriptEngine.run(ScriptEngine.java:194)
	at com.kms.katalon.core.main.ScriptEngine.runScriptAsRawText(ScriptEngine.java:119)
	at com.kms.katalon.core.main.TestCaseExecutor.runScript(TestCaseExecutor.java:337)
	at com.kms.katalon.core.main.TestCaseExecutor.doExecute(TestCaseExecutor.java:328)
	at com.kms.katalon.core.main.TestCaseExecutor.processExecutionPhase(TestCaseExecutor.java:307)
	at com.kms.katalon.core.main.TestCaseExecutor.accessMainPhase(TestCaseExecutor.java:299)
	at com.kms.katalon.core.main.TestCaseExecutor.execute(TestCaseExecutor.java:233)
	at com.kms.katalon.core.main.TestSuiteExecutor.accessTestCaseMainPhase(TestSuiteExecutor.java:169)
	at com.kms.katalon.core.main.TestSuiteExecutor.accessTestSuiteMainPhase(TestSuiteExecutor.java:142)
	at com.kms.katalon.core.main.TestSuiteExecutor.execute(TestSuiteExecutor.java:91)
	at com.kms.katalon.core.main.TestCaseMain.startTestSuite(TestCaseMain.java:157)
	at com.kms.katalon.core.main.TestCaseMain$startTestSuite$0.call(Unknown Source)
	at TempTestSuite1578298539772.run(TempTestSuite1578298539772.groovy:36)
)
	at com.kms.katalon.core.keyword.internal.KeywordMain.stepFailed(KeywordMain.groovy:39)
	at com.kms.katalon.core.webui.keyword.internal.WebUIKeywordMain.stepFailed(WebUIKeywordMain.groovy:64)
	at com.kms.katalon.core.webui.keyword.builtin.VerifyTextPresentKeyword$_verifyTextPresent_closure1.doCall(VerifyTextPresentKeyword.groovy:79)
	at com.kms.katalon.core.webui.keyword.builtin.VerifyTextPresentKeyword$_verifyTextPresent_closure1.call(VerifyTextPresentKeyword.groovy)
	at com.kms.katalon.core.webui.keyword.internal.WebUIKeywordMain.runKeyword(WebUIKeywordMain.groovy:20)
	at com.kms.katalon.core.webui.keyword.builtin.VerifyTextPresentKeyword.verifyTextPresent(VerifyTextPresentKeyword.groovy:83)
	at com.kms.katalon.core.webui.keyword.builtin.VerifyTextPresentKeyword.execute(VerifyTextPresentKeyword.groovy:68)
	at com.kms.katalon.core.keyword.internal.KeywordExecutor.executeKeywordForPlatform(KeywordExecutor.groovy:72)
	at com.kms.katalon.core.webui.keyword.WebUiBuiltInKeywords.verifyTextPresent(WebUiBuiltInKeywords.groovy:1693)
	at com.kms.katalon.core.webui.keyword.WebUiBuiltInKeywords$verifyTextPresent$5.call(Unknown Source)
	at CAT_Verification_Primary_Contact.run(CAT_Verification_Primary_Contact:23)
	at com.kms.katalon.core.main.ScriptEngine.run(ScriptEngine.java:194)
	at com.kms.katalon.core.main.ScriptEngine.runScriptAsRawText(ScriptEngine.java:119)
	at com.kms.katalon.core.main.TestCaseExecutor.runScript(TestCaseExecutor.java:337)
	at com.kms.katalon.core.main.TestCaseExecutor.doExecute(TestCaseExecutor.java:328)
	at com.kms.katalon.core.main.TestCaseExecutor.processExecutionPhase(TestCaseExecutor.java:307)
	at com.kms.katalon.core.main.TestCaseExecutor.accessMainPhase(TestCaseExecutor.java:299)
	at com.kms.katalon.core.main.TestCaseExecutor.execute(TestCaseExecutor.java:233)
	at com.kms.katalon.core.main.TestCaseMain.runTestCase(TestCaseMain.java:114)
	at com.kms.katalon.core.keyword.builtin.CallTestCaseKeyword$_callTestCase_closure1.doCall(CallTestCaseKeyword.groovy:59)
	... 20 more
Caused by: com.kms.katalon.core.exception.StepFailedException: Text 'David Clarke' is not present on page 
	... 39 more
)

2020-01-06 08:17:36 - [TEST_STEP][PASSED] - "--------------------------": null

2020-01-06 08:17:36 - [TEST_STEP][PASSED] - " Teardown - CLose Browser |": null

2020-01-06 08:17:36 - [TEST_STEP][PASSED] - callTestCase(findTestCase("Reusable_Test_Sequences/CAT_Teardown"), [:], OPTIONAL): Call Test Case 'Test Cases/Reusable_Test_Sequences/CAT_Teardown' successfully

2020-01-06 08:17:36 - [TEST_CASE][PASSED] - Test Cases/Reusable_Test_Sequences/CAT_Teardown: Test Cases/Reusable_Test_Sequences/CAT_Teardown

2020-01-06 08:17:36 - [TEST_STEP][PASSED] - closeBrowser(): Browser is closed

2020-01-06 08:17:36 - [MESSAGE][PASSED] - Browser is closed

2020-01-06 08:17:36 - [MESSAGE][PASSED] - Call Test Case 'Test Cases/Reusable_Test_Sequences/CAT_Teardown' successfully

2020-01-06 08:17:37 - [TEST_STEP][PASSED] - callTestCase(findTestCase("Reusable_Test_Sequences/CAT_Setup"), [:], STOP_ON_FAILURE): Call Test Case 'Test Cases/Reusable_Test_Sequences/CAT_Setup' successfully

2020-01-06 08:17:37 - [TEST_CASE][PASSED] - Test Cases/Reusable_Test_Sequences/CAT_Setup: Test Cases/Reusable_Test_Sequences/CAT_Setup

2020-01-06 08:17:37 - [TEST_STEP][PASSED] - "------------------------------": null

2020-01-06 08:17:37 - [TEST_STEP][PASSED] - " Set Mobile Device Testing    |": null

2020-01-06 08:17:37 - [TEST_STEP][PASSED] - if (Mobile_Flag == "true"): null

2020-01-06 08:17:37 - [TEST_STEP][PASSED] - "------------------------------": null

2020-01-06 08:17:37 - [TEST_STEP][PASSED] - " Set Mobile Device Testing    |": null

2020-01-06 08:17:37 - [TEST_STEP][PASSED] - "------------------------------": null

2020-01-06 08:17:37 - [TEST_STEP][PASSED] - "URL - Set from the ENVIRONMENT PROFILE ": null

2020-01-06 08:17:37 - [TEST_STEP][PASSED] - openBrowser(URL): Browser is opened with url: 'https://www.preview.checkatrade.com/'

2020-01-06 08:17:37 - [MESSAGE][INFO] - Starting 'Chrome' driver

2020-01-06 08:17:45 - [MESSAGE][PASSED] - Browser is opened with url: 'https://www.preview.checkatrade.com/'

2020-01-06 08:17:45 - [TEST_STEP][PASSED] - maximizeWindow(): Current window maximized

2020-01-06 08:17:49 - [MESSAGE][PASSED] - Current window maximized

2020-01-06 08:17:49 - [TEST_STEP][PASSED] - waitForPageLoad(60): Wait for page load successfully

2020-01-06 08:17:49 - [MESSAGE][PASSED] - Wait for page load successfully

2020-01-06 08:17:49 - [TEST_STEP][PASSED] - "Previous Functionalilty Left Commented For Ease Of reversion": null

2020-01-06 08:17:49 - [TEST_STEP][PASSED] - try: Text 'Cookie Policy' is not present on page

2020-01-06 08:17:49 - [TEST_STEP][PASSED] - verifyElementPresent(findTestObject("Object Repository/Cookies/Page_Checkatrade Find a tradesperson you can trust/button_Accept All"), 5): Object 'Object Repository/Cookies/Page_Checkatrade Find a tradesperson you can trust/button_Accept All' is present

2020-01-06 08:17:49 - [MESSAGE][PASSED] - Object 'Object Repository/Cookies/Page_Checkatrade Find a tradesperson you can trust/button_Accept All' is present

2020-01-06 08:17:49 - [TEST_STEP][PASSED] - click(findTestObject("Object Repository/Cookies/Page_Checkatrade Find a tradesperson you can trust/button_Accept All")): Object: 'Object Repository/Cookies/Page_Checkatrade Find a tradesperson you can trust/button_Accept All' is clicked on

2020-01-06 08:17:50 - [MESSAGE][PASSED] - Object: 'Object Repository/Cookies/Page_Checkatrade Find a tradesperson you can trust/button_Accept All' is clicked on

2020-01-06 08:17:50 - [TEST_STEP][PASSED] - "---------------------------------": null

2020-01-06 08:17:50 - [TEST_STEP][PASSED] - "COOKIE POPOUT REMOVED - Confirmed": null

2020-01-06 08:17:50 - [TEST_STEP][PASSED] - delay(1): Delayed 1 second(s)

2020-01-06 08:17:50 - [MESSAGE][PASSED] - Delayed 1 second(s)

2020-01-06 08:17:50 - [TEST_STEP][PASSED] - verifyTextNotPresent("We use cookies to personalise content and ads, to provide social media features and to analyse our traffic", false): Text 'We use cookies to personalise content and ads, to provide social media features and to analyse our traffic' is not present on page

2020-01-06 08:17:51 - [MESSAGE][PASSED] - Text 'We use cookies to personalise content and ads, to provide social media features and to analyse our traffic' is not present on page

2020-01-06 08:17:51 - [TEST_STEP][PASSED] - verifyTextNotPresent(" We also share information about your use of our site with our social media, advertising and analytics partners", false): Text ' We also share information about your use of our site with our social media, advertising and analytics partners' is not present on page

2020-01-06 08:17:51 - [MESSAGE][PASSED] - Text ' We also share information about your use of our site with our social media, advertising and analytics partners' is not present on page

2020-01-06 08:17:51 - [TEST_STEP][PASSED] - verifyTextNotPresent("Cookie Policy", false): Text 'Cookie Policy' is not present on page

2020-01-06 08:17:51 - [MESSAGE][PASSED] - Text 'Cookie Policy' is not present on page

2020-01-06 08:17:51 - [TEST_STEP][PASSED] - waitForPageLoad(60): Wait for page load successfully

2020-01-06 08:17:51 - [MESSAGE][PASSED] - Wait for page load successfully

2020-01-06 08:17:51 - [MESSAGE][PASSED] - Call Test Case 'Test Cases/Reusable_Test_Sequences/CAT_Setup' successfully

2020-01-06 08:17:51 - [TEST_STEP][PASSED] - callTestCase(findTestCase("Reusable_Test_Sequences/CAT_Home"), [:], CONTINUE_ON_FAILURE): Call Test Case 'Test Cases/Reusable_Test_Sequences/CAT_Home' successfully

2020-01-06 08:17:51 - [TEST_CASE][PASSED] - Test Cases/Reusable_Test_Sequences/CAT_Home: Test Cases/Reusable_Test_Sequences/CAT_Home

2020-01-06 08:17:51 - [TEST_STEP][PASSED] - waitForPageLoad(60): Wait for page load successfully

2020-01-06 08:17:51 - [MESSAGE][PASSED] - Wait for page load successfully

2020-01-06 08:17:51 - [TEST_STEP][PASSED] - delay(2): Delayed 2 second(s)

2020-01-06 08:17:53 - [MESSAGE][PASSED] - Delayed 2 second(s)

2020-01-06 08:17:53 - [TEST_STEP][PASSED] - "------------------------------------": null

2020-01-06 08:17:53 - [TEST_STEP][PASSED] - "------------------------------------": null

2020-01-06 08:17:53 - [TEST_STEP][PASSED] - "Old Site": null

2020-01-06 08:17:53 - [TEST_STEP][PASSED] - verifyTextPresent("Looking for a Tradesperson?", false): Text 'Looking for a Tradesperson?' is present on page 

2020-01-06 08:17:53 - [MESSAGE][PASSED] - Text 'Looking for a Tradesperson?' is present on page 

2020-01-06 08:17:53 - [TEST_STEP][PASSED] - "------------------------------------": null

2020-01-06 08:17:53 - [TEST_STEP][PASSED] - "Old": null

2020-01-06 08:17:53 - [TEST_STEP][PASSED] - verifyTextPresent("Pick from one of more then ", false): Text 'Pick from one of more then ' is present on page 

2020-01-06 08:17:53 - [MESSAGE][PASSED] - Text 'Pick from one of more then ' is present on page 

2020-01-06 08:17:53 - [TEST_STEP][PASSED] - "------------------------------------": null

2020-01-06 08:17:53 - [TEST_STEP][PASSED] - "Old": null

2020-01-06 08:17:53 - [TEST_STEP][PASSED] - verifyTextPresent("vetted and monitored Trades", false): Text 'vetted and monitored Trades' is present on page 

2020-01-06 08:17:53 - [MESSAGE][PASSED] - Text 'vetted and monitored Trades' is present on page 

2020-01-06 08:17:53 - [TEST_STEP][PASSED] - verifyTextPresent("or look up a member by name", false): Text 'or look up a member by name' is present on page 

2020-01-06 08:17:53 - [MESSAGE][PASSED] - Text 'or look up a member by name' is present on page 

2020-01-06 08:17:53 - [TEST_STEP][PASSED] - "------------------------------------": null

2020-01-06 08:17:53 - [TEST_STEP][PASSED] - "Old": null

2020-01-06 08:17:53 - [TEST_STEP][PASSED] - verifyTextPresent("Reference & Reviews", false): Text 'Reference & Reviews' is present on page 

2020-01-06 08:17:54 - [MESSAGE][PASSED] - Text 'Reference & Reviews' is present on page 

2020-01-06 08:17:54 - [TEST_STEP][PASSED] - verifyTextPresent("Background", false): Text 'Background' is present on page 

2020-01-06 08:17:54 - [MESSAGE][PASSED] - Text 'Background' is present on page 

2020-01-06 08:17:54 - [TEST_STEP][PASSED] - verifyTextPresent("Insurance", false): Text 'Insurance' is present on page 

2020-01-06 08:17:54 - [MESSAGE][PASSED] - Text 'Insurance' is present on page 

2020-01-06 08:17:54 - [TEST_STEP][PASSED] - "------------------------------------": null

2020-01-06 08:17:54 - [TEST_STEP][PASSED] - " NEW FOOTER Details - 10/12/2019 - Old Site": null

2020-01-06 08:17:54 - [TEST_STEP][PASSED] - " NEW FOOTER Details - 02/01/2019 - New Site": null

2020-01-06 08:17:54 - [TEST_STEP][PASSED] - "------------------------------------": null

2020-01-06 08:17:54 - [TEST_STEP][PASSED] - "Old": null

2020-01-06 08:17:54 - [TEST_STEP][PASSED] - "------------------------------------": null

2020-01-06 08:17:54 - [TEST_STEP][PASSED] - "------------------------------------": null

2020-01-06 08:17:54 - [TEST_STEP][PASSED] - "------------------------------------": null

2020-01-06 08:17:54 - [TEST_STEP][PASSED] - "------------------------------------": null

2020-01-06 08:17:54 - [TEST_STEP][PASSED] - "------------------------------------": null

2020-01-06 08:17:54 - [TEST_STEP][PASSED] - verifyTextPresent("Checkatrade Articles: Cost Guides", false): Text 'Checkatrade Articles: Cost Guides' is present on page 

2020-01-06 08:17:54 - [MESSAGE][PASSED] - Text 'Checkatrade Articles: Cost Guides' is present on page 

2020-01-06 08:17:54 - [TEST_STEP][PASSED] - verifyTextPresent("See All Articles", false): Text 'See All Articles' is present on page 

2020-01-06 08:17:54 - [MESSAGE][PASSED] - Text 'See All Articles' is present on page 

2020-01-06 08:17:54 - [TEST_STEP][PASSED] - verifyTextPresent("How Checkatrade works", false): Text 'How Checkatrade works' is present on page 

2020-01-06 08:17:54 - [MESSAGE][PASSED] - Text 'How Checkatrade works' is present on page 

2020-01-06 08:17:54 - [TEST_STEP][PASSED] - scrollToPosition(500, 500): Browser is scrolled to position x = 500, y = 500

2020-01-06 08:17:54 - [MESSAGE][PASSED] - Browser is scrolled to position x = 500, y = 500

2020-01-06 08:17:54 - [TEST_STEP][PASSED] - delay(1): Delayed 1 second(s)

2020-01-06 08:17:55 - [MESSAGE][PASSED] - Delayed 1 second(s)

2020-01-06 08:17:55 - [TEST_STEP][PASSED] - verifyTextPresent("Millions of reviews", false): Text 'Millions of reviews' is present on page 

2020-01-06 08:17:55 - [MESSAGE][PASSED] - Text 'Millions of reviews' is present on page 

2020-01-06 08:17:55 - [TEST_STEP][PASSED] - verifyTextPresent("Our members give out a feedback card with each and every job", false): Text 'Our members give out a feedback card with each and every job' is present on page 

2020-01-06 08:17:55 - [MESSAGE][PASSED] - Text 'Our members give out a feedback card with each and every job' is present on page 

2020-01-06 08:17:55 - [TEST_STEP][PASSED] - verifyTextPresent("Free to use", false): Text 'Free to use' is present on page 

2020-01-06 08:17:55 - [MESSAGE][PASSED] - Text 'Free to use' is present on page 

2020-01-06 08:17:55 - [TEST_STEP][PASSED] - verifyTextPresent("Checkatrade is a completely free service", false): Text 'Checkatrade is a completely free service' is present on page 

2020-01-06 08:17:55 - [MESSAGE][PASSED] - Text 'Checkatrade is a completely free service' is present on page 

2020-01-06 08:17:55 - [TEST_STEP][PASSED] - verifyTextPresent("Nationwide", false): Text 'Nationwide' is present on page 

2020-01-06 08:17:55 - [MESSAGE][PASSED] - Text 'Nationwide' is present on page 

2020-01-06 08:17:55 - [TEST_STEP][PASSED] - verifyTextPresent("Search for tradespeople who work near you from anywhere in the UK", false): Text 'Search for tradespeople who work near you from anywhere in the UK' is present on page 

2020-01-06 08:17:55 - [MESSAGE][PASSED] - Text 'Search for tradespeople who work near you from anywhere in the UK' is present on page 

2020-01-06 08:17:55 - [TEST_STEP][PASSED] - verifyTextPresent("About our members", false): Text 'About our members' is present on page 

2020-01-06 08:17:56 - [MESSAGE][PASSED] - Text 'About our members' is present on page 

2020-01-06 08:17:56 - [TEST_STEP][PASSED] - verifyTextPresent("Checkatrade runs strict background checks on tradespeople before they can become members", false): Text 'Checkatrade runs strict background checks on tradespeople before they can become members' is present on page 

2020-01-06 08:17:56 - [MESSAGE][PASSED] - Text 'Checkatrade runs strict background checks on tradespeople before they can become members' is present on page 

2020-01-06 08:17:56 - [TEST_STEP][PASSED] - verifyTextPresent("The Checkatrade Standard", false): Text 'The Checkatrade Standard' is present on page 

2020-01-06 08:17:56 - [MESSAGE][PASSED] - Text 'The Checkatrade Standard' is present on page 

2020-01-06 08:17:56 - [TEST_STEP][PASSED] - verifyTextPresent("Resolving Issues", false): Text 'Resolving Issues' is present on page 

2020-01-06 08:17:56 - [MESSAGE][PASSED] - Text 'Resolving Issues' is present on page 

2020-01-06 08:17:56 - [TEST_STEP][PASSED] - verifyTextPresent("FAQ", false): Text 'FAQ' is present on page 

2020-01-06 08:17:56 - [MESSAGE][PASSED] - Text 'FAQ' is present on page 

2020-01-06 08:17:56 - [TEST_STEP][PASSED] - "------------------------------------": null

2020-01-06 08:17:56 - [TEST_STEP][PASSED] - "FOOTER": null

2020-01-06 08:17:56 - [TEST_STEP][PASSED] - verifyTextPresent("Trades", false): Text 'Trades' is present on page 

2020-01-06 08:17:56 - [MESSAGE][PASSED] - Text 'Trades' is present on page 

2020-01-06 08:17:56 - [TEST_STEP][PASSED] - verifyTextPresent("Homeowner", false): Text 'Homeowner' is present on page 

2020-01-06 08:17:56 - [MESSAGE][PASSED] - Text 'Homeowner' is present on page 

2020-01-06 08:17:56 - [TEST_STEP][PASSED] - verifyTextPresent("Company", false): Text 'Company' is present on page 

2020-01-06 08:17:56 - [MESSAGE][PASSED] - Text 'Company' is present on page 

2020-01-06 08:17:56 - [TEST_STEP][PASSED] - "------------------------------------": null

2020-01-06 08:17:56 - [TEST_STEP][PASSED] - "Social Media": null

2020-01-06 08:17:56 - [TEST_STEP][PASSED] - verifyTextPresent("Follow us on", false): Text 'Follow us on' is present on page 

2020-01-06 08:17:56 - [MESSAGE][PASSED] - Text 'Follow us on' is present on page 

2020-01-06 08:17:56 - [TEST_STEP][PASSED] - scrollToElement(findTestObject("Object Repository/New_CAT_Search/Search_by_Name"), 3): Scroll to object 'Object Repository/New_CAT_Search/Search_by_Name' successfully

2020-01-06 08:17:56 - [MESSAGE][PASSED] - Scroll to object 'Object Repository/New_CAT_Search/Search_by_Name' successfully

2020-01-06 08:17:56 - [TEST_STEP][PASSED] - waitForElementClickable(findTestObject("Object Repository/New_CAT_Search/Search_by_Name"), 10): Object 'Object Repository/New_CAT_Search/Search_by_Name' is clickable

2020-01-06 08:17:56 - [MESSAGE][PASSED] - Object 'Object Repository/New_CAT_Search/Search_by_Name' is clickable

2020-01-06 08:17:56 - [TEST_STEP][PASSED] - waitForPageLoad(60): Wait for page load successfully

2020-01-06 08:17:56 - [MESSAGE][PASSED] - Wait for page load successfully

2020-01-06 08:17:56 - [MESSAGE][PASSED] - Call Test Case 'Test Cases/Reusable_Test_Sequences/CAT_Home' successfully

2020-01-06 08:17:56 - [TEST_STEP][PASSED] - "---------------------------------------------------------------------": null

2020-01-06 08:17:56 - [TEST_STEP][PASSED] - " Select Search on Trader Name (or ID) From Home page/Search Screen   |": null

2020-01-06 08:17:56 - [TEST_STEP][PASSED] - callTestCase(findTestCase("Reusable_Test_Sequences/CAT_Click_Search_Trade_Name"), [:], CONTINUE_ON_FAILURE): Call Test Case 'Test Cases/Reusable_Test_Sequences/CAT_Click_Search_Trade_Name' successfully

2020-01-06 08:17:56 - [TEST_CASE][PASSED] - Test Cases/Reusable_Test_Sequences/CAT_Click_Search_Trade_Name: Test Cases/Reusable_Test_Sequences/CAT_Click_Search_Trade_Name

2020-01-06 08:17:56 - [TEST_STEP][PASSED] - waitForPageLoad(60): Wait for page load successfully

2020-01-06 08:17:56 - [MESSAGE][PASSED] - Wait for page load successfully

2020-01-06 08:17:56 - [TEST_STEP][PASSED] - try: Object: 'Object Repository/New_CAT_Search/Page_Checkatrade Find a tradesperson you can trust/button_or look up a member by name' is clicked on

2020-01-06 08:17:56 - [TEST_STEP][PASSED] - scrollToPosition(0, 0): Browser is scrolled to position x = 0, y = 0

2020-01-06 08:17:56 - [MESSAGE][PASSED] - Browser is scrolled to position x = 0, y = 0

2020-01-06 08:17:56 - [TEST_STEP][PASSED] - click(findTestObject("Object Repository/New_CAT_Search/Page_Checkatrade Find a tradesperson you can trust/button_or look up a member by name")): Object: 'Object Repository/New_CAT_Search/Page_Checkatrade Find a tradesperson you can trust/button_or look up a member by name' is clicked on

2020-01-06 08:17:57 - [MESSAGE][PASSED] - Object: 'Object Repository/New_CAT_Search/Page_Checkatrade Find a tradesperson you can trust/button_or look up a member by name' is clicked on

2020-01-06 08:17:57 - [TEST_STEP][PASSED] - waitForPageLoad(60): Wait for page load successfully

2020-01-06 08:17:57 - [MESSAGE][PASSED] - Wait for page load successfully

2020-01-06 08:17:57 - [MESSAGE][PASSED] - Call Test Case 'Test Cases/Reusable_Test_Sequences/CAT_Click_Search_Trade_Name' successfully

2020-01-06 08:17:57 - [TEST_STEP][PASSED] - "---------------------------------------": null

2020-01-06 08:17:57 - [TEST_STEP][PASSED] - " Enter Trader Name (or ID) to Search   |": null

2020-01-06 08:17:57 - [TEST_STEP][PASSED] - callTestCase(findTestCase("Reusable_Test_Sequences/CAT_Enter_Trade_Name"), [:], CONTINUE_ON_FAILURE): Call Test Case 'Test Cases/Reusable_Test_Sequences/CAT_Enter_Trade_Name' successfully

2020-01-06 08:17:57 - [TEST_CASE][PASSED] - Test Cases/Reusable_Test_Sequences/CAT_Enter_Trade_Name: Test Cases/Reusable_Test_Sequences/CAT_Enter_Trade_Name

2020-01-06 08:17:57 - [TEST_STEP][PASSED] - try: Text '381198' is set on object 'Object Repository/New_CAT_Search/Company_Search_Field'

2020-01-06 08:17:57 - [TEST_STEP][PASSED] - setText(findTestObject("Object Repository/New_CAT_Search/Company_Search_Field"), findTestData("Search_CAT_ID_Data (1)").getValue("tradeName", row)): Text '381198' is set on object 'Object Repository/New_CAT_Search/Company_Search_Field'

2020-01-06 08:17:57 - [MESSAGE][PASSED] - Text '381198' is set on object 'Object Repository/New_CAT_Search/Company_Search_Field'

2020-01-06 08:17:57 - [MESSAGE][PASSED] - Call Test Case 'Test Cases/Reusable_Test_Sequences/CAT_Enter_Trade_Name' successfully

2020-01-06 08:17:57 - [TEST_STEP][PASSED] - "---------------------------------------": null

2020-01-06 08:17:57 - [TEST_STEP][PASSED] - " Search Trader Name (or ID)            |": null

2020-01-06 08:17:57 - [TEST_STEP][PASSED] - callTestCase(findTestCase("Reusable_Test_Sequences/CAT_Search_Trade_Name"), [:], CONTINUE_ON_FAILURE): Call Test Case 'Test Cases/Reusable_Test_Sequences/CAT_Search_Trade_Name' successfully

2020-01-06 08:17:57 - [TEST_CASE][PASSED] - Test Cases/Reusable_Test_Sequences/CAT_Search_Trade_Name: Test Cases/Reusable_Test_Sequences/CAT_Search_Trade_Name

2020-01-06 08:17:57 - [TEST_STEP][PASSED] - "Hit Search Trade Person by Name (or CAT ID) after parameters are entered": null

2020-01-06 08:17:57 - [TEST_STEP][PASSED] - try: Object: 'Object Repository/New_CAT_Search/Lookup_Return_Element' is clicked on

2020-01-06 08:17:57 - [TEST_STEP][PASSED] - waitForElementPresent(findTestObject("Object Repository/New_CAT_Search/Lookup_Return_Element"), 60): Object 'Object Repository/New_CAT_Search/Lookup_Return_Element' is present

2020-01-06 08:17:58 - [MESSAGE][PASSED] - Object 'Object Repository/New_CAT_Search/Lookup_Return_Element' is present

2020-01-06 08:17:58 - [TEST_STEP][PASSED] - click(findTestObject("Object Repository/New_CAT_Search/Lookup_Return_Element")): Object: 'Object Repository/New_CAT_Search/Lookup_Return_Element' is clicked on

2020-01-06 08:17:58 - [MESSAGE][PASSED] - Object: 'Object Repository/New_CAT_Search/Lookup_Return_Element' is clicked on

2020-01-06 08:17:58 - [TEST_STEP][PASSED] - delay(2): Delayed 2 second(s)

2020-01-06 08:18:00 - [MESSAGE][PASSED] - Delayed 2 second(s)

2020-01-06 08:18:00 - [TEST_STEP][PASSED] - waitForPageLoad(60): Wait for page load successfully

2020-01-06 08:18:00 - [MESSAGE][PASSED] - Wait for page load successfully

2020-01-06 08:18:00 - [MESSAGE][PASSED] - Call Test Case 'Test Cases/Reusable_Test_Sequences/CAT_Search_Trade_Name' successfully

2020-01-06 08:18:00 - [TEST_STEP][PASSED] - "------------------------------------------": null

2020-01-06 08:18:00 - [TEST_STEP][PASSED] - " Scroll to Page Footer to Reveal Results  |": null

2020-01-06 08:18:00 - [TEST_STEP][PASSED] - callTestCase(findTestCase("Reusable_Test_Sequences/CAT_Scroll_to_Footer"), [:], CONTINUE_ON_FAILURE): Call Test Case 'Test Cases/Reusable_Test_Sequences/CAT_Scroll_to_Footer' successfully

2020-01-06 08:18:00 - [TEST_CASE][PASSED] - Test Cases/Reusable_Test_Sequences/CAT_Scroll_to_Footer: Test Cases/Reusable_Test_Sequences/CAT_Scroll_to_Footer

2020-01-06 08:18:00 - [TEST_STEP][PASSED] - "-----------------------------------------------------": null

2020-01-06 08:18:00 - [TEST_STEP][PASSED] - " Major changes factored into function 05/12/2019     |": null

2020-01-06 08:18:00 - [TEST_STEP][PASSED] - "-----------------------------------------------------": null

2020-01-06 08:18:00 - [TEST_STEP][PASSED] - "Animation Removed ": null

2020-01-06 08:18:00 - [TEST_STEP][PASSED] - "Scroll - To Footer on the bottom of the page (sometime off the screen) ": null

2020-01-06 08:18:00 - [TEST_STEP][PASSED] - waitForPageLoad(60): Wait for page load successfully

2020-01-06 08:18:00 - [MESSAGE][PASSED] - Wait for page load successfully

2020-01-06 08:18:00 - [TEST_STEP][PASSED] - scrollToPosition(999, 999): Browser is scrolled to position x = 999, y = 999

2020-01-06 08:18:00 - [MESSAGE][PASSED] - Browser is scrolled to position x = 999, y = 999

2020-01-06 08:18:00 - [TEST_STEP][PASSED] - delay(1): Delayed 1 second(s)

2020-01-06 08:18:01 - [MESSAGE][PASSED] - Delayed 1 second(s)

2020-01-06 08:18:01 - [MESSAGE][PASSED] - Call Test Case 'Test Cases/Reusable_Test_Sequences/CAT_Scroll_to_Footer' successfully

2020-01-06 08:18:01 - [TEST_STEP][PASSED] - "------------------------------------------": null

2020-01-06 08:18:01 - [TEST_STEP][PASSED] - " Verify Correct Location is Returned     |": null

2020-01-06 08:18:01 - [TEST_STEP][PASSED] - callTestCase(findTestCase("Reusable_Test_Sequences/CAT_Verification_Location"), [:], CONTINUE_ON_FAILURE): Call Test Case 'Test Cases/Reusable_Test_Sequences/CAT_Verification_Location' successfully

2020-01-06 08:18:01 - [TEST_CASE][PASSED] - Test Cases/Reusable_Test_Sequences/CAT_Verification_Location: Test Cases/Reusable_Test_Sequences/CAT_Verification_Location

2020-01-06 08:18:01 - [TEST_STEP][PASSED] - verifyTextPresent(findTestData("Search_CAT_ID_Data (1)").getValue("tradeNameLocationVerification", row), false): Text 'Bognor Regis' is present on page 

2020-01-06 08:18:01 - [MESSAGE][PASSED] - Text 'Bognor Regis' is present on page 

2020-01-06 08:18:01 - [MESSAGE][PASSED] - Call Test Case 'Test Cases/Reusable_Test_Sequences/CAT_Verification_Location' successfully

2020-01-06 08:18:01 - [TEST_STEP][PASSED] - "------------------------------------------": null

2020-01-06 08:18:01 - [TEST_STEP][PASSED] - " Verify Primary Contact is Returned     |": null

2020-01-06 08:18:01 - [TEST_STEP][FAILED] - callTestCase(findTestCase("Reusable_Test_Sequences/CAT_Verification_Primary_Contact"), [:], CONTINUE_ON_FAILURE): Unable to call Test Case 'Test Cases/Reusable_Test_Sequences/CAT_Verification_Primary_Contact' (Root cause: com.kms.katalon.core.exception.StepFailedException: Call Test Case 'Test Cases/Reusable_Test_Sequences/CAT_Verification_Primary_Contact' failed
	at com.kms.katalon.core.keyword.builtin.CallTestCaseKeyword$_callTestCase_closure1.doCall(CallTestCaseKeyword.groovy:63)
	at com.kms.katalon.core.keyword.builtin.CallTestCaseKeyword$_callTestCase_closure1.call(CallTestCaseKeyword.groovy)
	at com.kms.katalon.core.keyword.internal.KeywordMain.runKeyword(KeywordMain.groovy:68)
	at com.kms.katalon.core.keyword.builtin.CallTestCaseKeyword.callTestCase(CallTestCaseKeyword.groovy:81)
	at com.kms.katalon.core.keyword.builtin.CallTestCaseKeyword.execute(CallTestCaseKeyword.groovy:44)
	at com.kms.katalon.core.keyword.internal.KeywordExecutor.executeKeywordForPlatform(KeywordExecutor.groovy:72)
	at com.kms.katalon.core.keyword.BuiltinKeywords.callTestCase(BuiltinKeywords.groovy:334)
	at Trade_Name_Search_Multiple.run(Trade_Name_Search_Multiple:101)
	at com.kms.katalon.core.main.ScriptEngine.run(ScriptEngine.java:194)
	at com.kms.katalon.core.main.ScriptEngine.runScriptAsRawText(ScriptEngine.java:119)
	at com.kms.katalon.core.main.TestCaseExecutor.runScript(TestCaseExecutor.java:337)
	at com.kms.katalon.core.main.TestCaseExecutor.doExecute(TestCaseExecutor.java:328)
	at com.kms.katalon.core.main.TestCaseExecutor.processExecutionPhase(TestCaseExecutor.java:307)
	at com.kms.katalon.core.main.TestCaseExecutor.accessMainPhase(TestCaseExecutor.java:299)
	at com.kms.katalon.core.main.TestCaseExecutor.execute(TestCaseExecutor.java:233)
	at com.kms.katalon.core.main.TestSuiteExecutor.accessTestCaseMainPhase(TestSuiteExecutor.java:169)
	at com.kms.katalon.core.main.TestSuiteExecutor.accessTestSuiteMainPhase(TestSuiteExecutor.java:142)
	at com.kms.katalon.core.main.TestSuiteExecutor.execute(TestSuiteExecutor.java:91)
	at com.kms.katalon.core.main.TestCaseMain.startTestSuite(TestCaseMain.java:157)
	at com.kms.katalon.core.main.TestCaseMain$startTestSuite$0.call(Unknown Source)
	at TempTestSuite1578298539772.run(TempTestSuite1578298539772.groovy:36)
Caused by: com.kms.katalon.core.exception.StepFailedException: Text 'Mr Scott Heyburn' is not present on page  (Root cause: com.kms.katalon.core.exception.StepFailedException: Text 'Mr Scott Heyburn' is not present on page 
	at com.kms.katalon.core.webui.keyword.internal.WebUIKeywordMain.stepFailed(WebUIKeywordMain.groovy:64)
	at com.kms.katalon.core.webui.keyword.builtin.VerifyTextPresentKeyword$_verifyTextPresent_closure1.doCall(VerifyTextPresentKeyword.groovy:79)
	at com.kms.katalon.core.webui.keyword.builtin.VerifyTextPresentKeyword$_verifyTextPresent_closure1.call(VerifyTextPresentKeyword.groovy)
	at com.kms.katalon.core.webui.keyword.internal.WebUIKeywordMain.runKeyword(WebUIKeywordMain.groovy:20)
	at com.kms.katalon.core.webui.keyword.builtin.VerifyTextPresentKeyword.verifyTextPresent(VerifyTextPresentKeyword.groovy:83)
	at com.kms.katalon.core.webui.keyword.builtin.VerifyTextPresentKeyword.execute(VerifyTextPresentKeyword.groovy:68)
	at com.kms.katalon.core.keyword.internal.KeywordExecutor.executeKeywordForPlatform(KeywordExecutor.groovy:72)
	at com.kms.katalon.core.webui.keyword.WebUiBuiltInKeywords.verifyTextPresent(WebUiBuiltInKeywords.groovy:1693)
	at com.kms.katalon.core.webui.keyword.WebUiBuiltInKeywords$verifyTextPresent$5.call(Unknown Source)
	at CAT_Verification_Primary_Contact.run(CAT_Verification_Primary_Contact:23)
	at com.kms.katalon.core.main.ScriptEngine.run(ScriptEngine.java:194)
	at com.kms.katalon.core.main.ScriptEngine.runScriptAsRawText(ScriptEngine.java:119)
	at com.kms.katalon.core.main.TestCaseExecutor.runScript(TestCaseExecutor.java:337)
	at com.kms.katalon.core.main.TestCaseExecutor.doExecute(TestCaseExecutor.java:328)
	at com.kms.katalon.core.main.TestCaseExecutor.processExecutionPhase(TestCaseExecutor.java:307)
	at com.kms.katalon.core.main.TestCaseExecutor.accessMainPhase(TestCaseExecutor.java:299)
	at com.kms.katalon.core.main.TestCaseExecutor.execute(TestCaseExecutor.java:233)
	at com.kms.katalon.core.main.TestCaseMain.runTestCase(TestCaseMain.java:114)
	at com.kms.katalon.core.keyword.builtin.CallTestCaseKeyword$_callTestCase_closure1.doCall(CallTestCaseKeyword.groovy:59)
	at com.kms.katalon.core.keyword.builtin.CallTestCaseKeyword$_callTestCase_closure1.call(CallTestCaseKeyword.groovy)
	at com.kms.katalon.core.keyword.internal.KeywordMain.runKeyword(KeywordMain.groovy:68)
	at com.kms.katalon.core.keyword.builtin.CallTestCaseKeyword.callTestCase(CallTestCaseKeyword.groovy:81)
	at com.kms.katalon.core.keyword.builtin.CallTestCaseKeyword.execute(CallTestCaseKeyword.groovy:44)
	at com.kms.katalon.core.keyword.internal.KeywordExecutor.executeKeywordForPlatform(KeywordExecutor.groovy:72)
	at com.kms.katalon.core.keyword.BuiltinKeywords.callTestCase(BuiltinKeywords.groovy:334)
	at Trade_Name_Search_Multiple.run(Trade_Name_Search_Multiple:101)
	at com.kms.katalon.core.main.ScriptEngine.run(ScriptEngine.java:194)
	at com.kms.katalon.core.main.ScriptEngine.runScriptAsRawText(ScriptEngine.java:119)
	at com.kms.katalon.core.main.TestCaseExecutor.runScript(TestCaseExecutor.java:337)
	at com.kms.katalon.core.main.TestCaseExecutor.doExecute(TestCaseExecutor.java:328)
	at com.kms.katalon.core.main.TestCaseExecutor.processExecutionPhase(TestCaseExecutor.java:307)
	at com.kms.katalon.core.main.TestCaseExecutor.accessMainPhase(TestCaseExecutor.java:299)
	at com.kms.katalon.core.main.TestCaseExecutor.execute(TestCaseExecutor.java:233)
	at com.kms.katalon.core.main.TestSuiteExecutor.accessTestCaseMainPhase(TestSuiteExecutor.java:169)
	at com.kms.katalon.core.main.TestSuiteExecutor.accessTestSuiteMainPhase(TestSuiteExecutor.java:142)
	at com.kms.katalon.core.main.TestSuiteExecutor.execute(TestSuiteExecutor.java:91)
	at com.kms.katalon.core.main.TestCaseMain.startTestSuite(TestCaseMain.java:157)
	at com.kms.katalon.core.main.TestCaseMain$startTestSuite$0.call(Unknown Source)
	at TempTestSuite1578298539772.run(TempTestSuite1578298539772.groovy:36)
)
	at com.kms.katalon.core.keyword.internal.KeywordMain.stepFailed(KeywordMain.groovy:39)
	at com.kms.katalon.core.webui.keyword.internal.WebUIKeywordMain.stepFailed(WebUIKeywordMain.groovy:64)
	at com.kms.katalon.core.webui.keyword.builtin.VerifyTextPresentKeyword$_verifyTextPresent_closure1.doCall(VerifyTextPresentKeyword.groovy:79)
	at com.kms.katalon.core.webui.keyword.builtin.VerifyTextPresentKeyword$_verifyTextPresent_closure1.call(VerifyTextPresentKeyword.groovy)
	at com.kms.katalon.core.webui.keyword.internal.WebUIKeywordMain.runKeyword(WebUIKeywordMain.groovy:20)
	at com.kms.katalon.core.webui.keyword.builtin.VerifyTextPresentKeyword.verifyTextPresent(VerifyTextPresentKeyword.groovy:83)
	at com.kms.katalon.core.webui.keyword.builtin.VerifyTextPresentKeyword.execute(VerifyTextPresentKeyword.groovy:68)
	at com.kms.katalon.core.keyword.internal.KeywordExecutor.executeKeywordForPlatform(KeywordExecutor.groovy:72)
	at com.kms.katalon.core.webui.keyword.WebUiBuiltInKeywords.verifyTextPresent(WebUiBuiltInKeywords.groovy:1693)
	at com.kms.katalon.core.webui.keyword.WebUiBuiltInKeywords$verifyTextPresent$5.call(Unknown Source)
	at CAT_Verification_Primary_Contact.run(CAT_Verification_Primary_Contact:23)
	at com.kms.katalon.core.main.ScriptEngine.run(ScriptEngine.java:194)
	at com.kms.katalon.core.main.ScriptEngine.runScriptAsRawText(ScriptEngine.java:119)
	at com.kms.katalon.core.main.TestCaseExecutor.runScript(TestCaseExecutor.java:337)
	at com.kms.katalon.core.main.TestCaseExecutor.doExecute(TestCaseExecutor.java:328)
	at com.kms.katalon.core.main.TestCaseExecutor.processExecutionPhase(TestCaseExecutor.java:307)
	at com.kms.katalon.core.main.TestCaseExecutor.accessMainPhase(TestCaseExecutor.java:299)
	at com.kms.katalon.core.main.TestCaseExecutor.execute(TestCaseExecutor.java:233)
	at com.kms.katalon.core.main.TestCaseMain.runTestCase(TestCaseMain.java:114)
	at com.kms.katalon.core.keyword.builtin.CallTestCaseKeyword$_callTestCase_closure1.doCall(CallTestCaseKeyword.groovy:59)
	... 20 more
Caused by: com.kms.katalon.core.exception.StepFailedException: Text 'Mr Scott Heyburn' is not present on page 
	... 39 more
)

2020-01-06 08:18:01 - [TEST_CASE][FAILED] - Test Cases/Reusable_Test_Sequences/CAT_Verification_Primary_Contact: Test Cases/Reusable_Test_Sequences/CAT_Verification_Primary_Contact FAILED.
Reason:
com.kms.katalon.core.exception.StepFailedException: Text 'Mr Scott Heyburn' is not present on page  (Root cause: com.kms.katalon.core.exception.StepFailedException: Text 'Mr Scott Heyburn' is not present on page 
	at com.kms.katalon.core.webui.keyword.internal.WebUIKeywordMain.stepFailed(WebUIKeywordMain.groovy:64)
	at com.kms.katalon.core.webui.keyword.builtin.VerifyTextPresentKeyword$_verifyTextPresent_closure1.doCall(VerifyTextPresentKeyword.groovy:79)
	at com.kms.katalon.core.webui.keyword.builtin.VerifyTextPresentKeyword$_verifyTextPresent_closure1.call(VerifyTextPresentKeyword.groovy)
	at com.kms.katalon.core.webui.keyword.internal.WebUIKeywordMain.runKeyword(WebUIKeywordMain.groovy:20)
	at com.kms.katalon.core.webui.keyword.builtin.VerifyTextPresentKeyword.verifyTextPresent(VerifyTextPresentKeyword.groovy:83)
	at com.kms.katalon.core.webui.keyword.builtin.VerifyTextPresentKeyword.execute(VerifyTextPresentKeyword.groovy:68)
	at com.kms.katalon.core.keyword.internal.KeywordExecutor.executeKeywordForPlatform(KeywordExecutor.groovy:72)
	at com.kms.katalon.core.webui.keyword.WebUiBuiltInKeywords.verifyTextPresent(WebUiBuiltInKeywords.groovy:1693)
	at com.kms.katalon.core.webui.keyword.WebUiBuiltInKeywords$verifyTextPresent$5.call(Unknown Source)
	at CAT_Verification_Primary_Contact.run(CAT_Verification_Primary_Contact:23)
	at com.kms.katalon.core.main.ScriptEngine.run(ScriptEngine.java:194)
	at com.kms.katalon.core.main.ScriptEngine.runScriptAsRawText(ScriptEngine.java:119)
	at com.kms.katalon.core.main.TestCaseExecutor.runScript(TestCaseExecutor.java:337)
	at com.kms.katalon.core.main.TestCaseExecutor.doExecute(TestCaseExecutor.java:328)
	at com.kms.katalon.core.main.TestCaseExecutor.processExecutionPhase(TestCaseExecutor.java:307)
	at com.kms.katalon.core.main.TestCaseExecutor.accessMainPhase(TestCaseExecutor.java:299)
	at com.kms.katalon.core.main.TestCaseExecutor.execute(TestCaseExecutor.java:233)
	at com.kms.katalon.core.main.TestCaseMain.runTestCase(TestCaseMain.java:114)
	at com.kms.katalon.core.keyword.builtin.CallTestCaseKeyword$_callTestCase_closure1.doCall(CallTestCaseKeyword.groovy:59)
	at com.kms.katalon.core.keyword.builtin.CallTestCaseKeyword$_callTestCase_closure1.call(CallTestCaseKeyword.groovy)
	at com.kms.katalon.core.keyword.internal.KeywordMain.runKeyword(KeywordMain.groovy:68)
	at com.kms.katalon.core.keyword.builtin.CallTestCaseKeyword.callTestCase(CallTestCaseKeyword.groovy:81)
	at com.kms.katalon.core.keyword.builtin.CallTestCaseKeyword.execute(CallTestCaseKeyword.groovy:44)
	at com.kms.katalon.core.keyword.internal.KeywordExecutor.executeKeywordForPlatform(KeywordExecutor.groovy:72)
	at com.kms.katalon.core.keyword.BuiltinKeywords.callTestCase(BuiltinKeywords.groovy:334)
	at Trade_Name_Search_Multiple.run(Trade_Name_Search_Multiple:101)
	at com.kms.katalon.core.main.ScriptEngine.run(ScriptEngine.java:194)
	at com.kms.katalon.core.main.ScriptEngine.runScriptAsRawText(ScriptEngine.java:119)
	at com.kms.katalon.core.main.TestCaseExecutor.runScript(TestCaseExecutor.java:337)
	at com.kms.katalon.core.main.TestCaseExecutor.doExecute(TestCaseExecutor.java:328)
	at com.kms.katalon.core.main.TestCaseExecutor.processExecutionPhase(TestCaseExecutor.java:307)
	at com.kms.katalon.core.main.TestCaseExecutor.accessMainPhase(TestCaseExecutor.java:299)
	at com.kms.katalon.core.main.TestCaseExecutor.execute(TestCaseExecutor.java:233)
	at com.kms.katalon.core.main.TestSuiteExecutor.accessTestCaseMainPhase(TestSuiteExecutor.java:169)
	at com.kms.katalon.core.main.TestSuiteExecutor.accessTestSuiteMainPhase(TestSuiteExecutor.java:142)
	at com.kms.katalon.core.main.TestSuiteExecutor.execute(TestSuiteExecutor.java:91)
	at com.kms.katalon.core.main.TestCaseMain.startTestSuite(TestCaseMain.java:157)
	at com.kms.katalon.core.main.TestCaseMain$startTestSuite$0.call(Unknown Source)
	at TempTestSuite1578298539772.run(TempTestSuite1578298539772.groovy:36)
)
	at com.kms.katalon.core.keyword.internal.KeywordMain.stepFailed(KeywordMain.groovy:39)
	at com.kms.katalon.core.webui.keyword.internal.WebUIKeywordMain.stepFailed(WebUIKeywordMain.groovy:64)
	at com.kms.katalon.core.webui.keyword.builtin.VerifyTextPresentKeyword$_verifyTextPresent_closure1.doCall(VerifyTextPresentKeyword.groovy:79)
	at com.kms.katalon.core.webui.keyword.builtin.VerifyTextPresentKeyword$_verifyTextPresent_closure1.call(VerifyTextPresentKeyword.groovy)
	at com.kms.katalon.core.webui.keyword.internal.WebUIKeywordMain.runKeyword(WebUIKeywordMain.groovy:20)
	at com.kms.katalon.core.webui.keyword.builtin.VerifyTextPresentKeyword.verifyTextPresent(VerifyTextPresentKeyword.groovy:83)
	at com.kms.katalon.core.webui.keyword.builtin.VerifyTextPresentKeyword.execute(VerifyTextPresentKeyword.groovy:68)
	at com.kms.katalon.core.keyword.internal.KeywordExecutor.executeKeywordForPlatform(KeywordExecutor.groovy:72)
	at com.kms.katalon.core.webui.keyword.WebUiBuiltInKeywords.verifyTextPresent(WebUiBuiltInKeywords.groovy:1693)
	at com.kms.katalon.core.webui.keyword.WebUiBuiltInKeywords$verifyTextPresent$5.call(Unknown Source)
	at CAT_Verification_Primary_Contact.run(CAT_Verification_Primary_Contact:23)
	at com.kms.katalon.core.main.ScriptEngine.run(ScriptEngine.java:194)
	at com.kms.katalon.core.main.ScriptEngine.runScriptAsRawText(ScriptEngine.java:119)
	at com.kms.katalon.core.main.TestCaseExecutor.runScript(TestCaseExecutor.java:337)
	at com.kms.katalon.core.main.TestCaseExecutor.doExecute(TestCaseExecutor.java:328)
	at com.kms.katalon.core.main.TestCaseExecutor.processExecutionPhase(TestCaseExecutor.java:307)
	at com.kms.katalon.core.main.TestCaseExecutor.accessMainPhase(TestCaseExecutor.java:299)
	at com.kms.katalon.core.main.TestCaseExecutor.execute(TestCaseExecutor.java:233)
	at com.kms.katalon.core.main.TestCaseMain.runTestCase(TestCaseMain.java:114)
	at com.kms.katalon.core.keyword.builtin.CallTestCaseKeyword$_callTestCase_closure1.doCall(CallTestCaseKeyword.groovy:59)
	at com.kms.katalon.core.keyword.builtin.CallTestCaseKeyword$_callTestCase_closure1.call(CallTestCaseKeyword.groovy)
	at com.kms.katalon.core.keyword.internal.KeywordMain.runKeyword(KeywordMain.groovy:68)
	at com.kms.katalon.core.keyword.builtin.CallTestCaseKeyword.callTestCase(CallTestCaseKeyword.groovy:81)
	at com.kms.katalon.core.keyword.builtin.CallTestCaseKeyword.execute(CallTestCaseKeyword.groovy:44)
	at com.kms.katalon.core.keyword.internal.KeywordExecutor.executeKeywordForPlatform(KeywordExecutor.groovy:72)
	at com.kms.katalon.core.keyword.BuiltinKeywords.callTestCase(BuiltinKeywords.groovy:334)
	at Trade_Name_Search_Multiple.run(Trade_Name_Search_Multiple:101)
	at com.kms.katalon.core.main.ScriptEngine.run(ScriptEngine.java:194)
	at com.kms.katalon.core.main.ScriptEngine.runScriptAsRawText(ScriptEngine.java:119)
	at com.kms.katalon.core.main.TestCaseExecutor.runScript(TestCaseExecutor.java:337)
	at com.kms.katalon.core.main.TestCaseExecutor.doExecute(TestCaseExecutor.java:328)
	at com.kms.katalon.core.main.TestCaseExecutor.processExecutionPhase(TestCaseExecutor.java:307)
	at com.kms.katalon.core.main.TestCaseExecutor.accessMainPhase(TestCaseExecutor.java:299)
	at com.kms.katalon.core.main.TestCaseExecutor.execute(TestCaseExecutor.java:233)
	at com.kms.katalon.core.main.TestSuiteExecutor.accessTestCaseMainPhase(TestSuiteExecutor.java:169)
	at com.kms.katalon.core.main.TestSuiteExecutor.accessTestSuiteMainPhase(TestSuiteExecutor.java:142)
	at com.kms.katalon.core.main.TestSuiteExecutor.execute(TestSuiteExecutor.java:91)
	at com.kms.katalon.core.main.TestCaseMain.startTestSuite(TestCaseMain.java:157)
	at com.kms.katalon.core.main.TestCaseMain$startTestSuite$0.call(Unknown Source)
	at TempTestSuite1578298539772.run(TempTestSuite1578298539772.groovy:36)
Caused by: com.kms.katalon.core.exception.StepFailedException: Text 'Mr Scott Heyburn' is not present on page 
	... 39 more


2020-01-06 08:18:01 - [TEST_STEP][FAILED] - verifyTextPresent(findTestData("Search_CAT_ID_Data (1)").getValue("primeContact", row), false): Text 'Mr Scott Heyburn' is not present on page  (Root cause: com.kms.katalon.core.exception.StepFailedException: Text 'Mr Scott Heyburn' is not present on page 
	at com.kms.katalon.core.webui.keyword.internal.WebUIKeywordMain.stepFailed(WebUIKeywordMain.groovy:64)
	at com.kms.katalon.core.webui.keyword.builtin.VerifyTextPresentKeyword$_verifyTextPresent_closure1.doCall(VerifyTextPresentKeyword.groovy:79)
	at com.kms.katalon.core.webui.keyword.builtin.VerifyTextPresentKeyword$_verifyTextPresent_closure1.call(VerifyTextPresentKeyword.groovy)
	at com.kms.katalon.core.webui.keyword.internal.WebUIKeywordMain.runKeyword(WebUIKeywordMain.groovy:20)
	at com.kms.katalon.core.webui.keyword.builtin.VerifyTextPresentKeyword.verifyTextPresent(VerifyTextPresentKeyword.groovy:83)
	at com.kms.katalon.core.webui.keyword.builtin.VerifyTextPresentKeyword.execute(VerifyTextPresentKeyword.groovy:68)
	at com.kms.katalon.core.keyword.internal.KeywordExecutor.executeKeywordForPlatform(KeywordExecutor.groovy:72)
	at com.kms.katalon.core.webui.keyword.WebUiBuiltInKeywords.verifyTextPresent(WebUiBuiltInKeywords.groovy:1693)
	at com.kms.katalon.core.webui.keyword.WebUiBuiltInKeywords$verifyTextPresent$5.call(Unknown Source)
	at CAT_Verification_Primary_Contact.run(CAT_Verification_Primary_Contact:23)
	at com.kms.katalon.core.main.ScriptEngine.run(ScriptEngine.java:194)
	at com.kms.katalon.core.main.ScriptEngine.runScriptAsRawText(ScriptEngine.java:119)
	at com.kms.katalon.core.main.TestCaseExecutor.runScript(TestCaseExecutor.java:337)
	at com.kms.katalon.core.main.TestCaseExecutor.doExecute(TestCaseExecutor.java:328)
	at com.kms.katalon.core.main.TestCaseExecutor.processExecutionPhase(TestCaseExecutor.java:307)
	at com.kms.katalon.core.main.TestCaseExecutor.accessMainPhase(TestCaseExecutor.java:299)
	at com.kms.katalon.core.main.TestCaseExecutor.execute(TestCaseExecutor.java:233)
	at com.kms.katalon.core.main.TestCaseMain.runTestCase(TestCaseMain.java:114)
	at com.kms.katalon.core.keyword.builtin.CallTestCaseKeyword$_callTestCase_closure1.doCall(CallTestCaseKeyword.groovy:59)
	at com.kms.katalon.core.keyword.builtin.CallTestCaseKeyword$_callTestCase_closure1.call(CallTestCaseKeyword.groovy)
	at com.kms.katalon.core.keyword.internal.KeywordMain.runKeyword(KeywordMain.groovy:68)
	at com.kms.katalon.core.keyword.builtin.CallTestCaseKeyword.callTestCase(CallTestCaseKeyword.groovy:81)
	at com.kms.katalon.core.keyword.builtin.CallTestCaseKeyword.execute(CallTestCaseKeyword.groovy:44)
	at com.kms.katalon.core.keyword.internal.KeywordExecutor.executeKeywordForPlatform(KeywordExecutor.groovy:72)
	at com.kms.katalon.core.keyword.BuiltinKeywords.callTestCase(BuiltinKeywords.groovy:334)
	at Trade_Name_Search_Multiple.run(Trade_Name_Search_Multiple:101)
	at com.kms.katalon.core.main.ScriptEngine.run(ScriptEngine.java:194)
	at com.kms.katalon.core.main.ScriptEngine.runScriptAsRawText(ScriptEngine.java:119)
	at com.kms.katalon.core.main.TestCaseExecutor.runScript(TestCaseExecutor.java:337)
	at com.kms.katalon.core.main.TestCaseExecutor.doExecute(TestCaseExecutor.java:328)
	at com.kms.katalon.core.main.TestCaseExecutor.processExecutionPhase(TestCaseExecutor.java:307)
	at com.kms.katalon.core.main.TestCaseExecutor.accessMainPhase(TestCaseExecutor.java:299)
	at com.kms.katalon.core.main.TestCaseExecutor.execute(TestCaseExecutor.java:233)
	at com.kms.katalon.core.main.TestSuiteExecutor.accessTestCaseMainPhase(TestSuiteExecutor.java:169)
	at com.kms.katalon.core.main.TestSuiteExecutor.accessTestSuiteMainPhase(TestSuiteExecutor.java:142)
	at com.kms.katalon.core.main.TestSuiteExecutor.execute(TestSuiteExecutor.java:91)
	at com.kms.katalon.core.main.TestCaseMain.startTestSuite(TestCaseMain.java:157)
	at com.kms.katalon.core.main.TestCaseMain$startTestSuite$0.call(Unknown Source)
	at TempTestSuite1578298539772.run(TempTestSuite1578298539772.groovy:36)
)

2020-01-06 08:18:02 - [MESSAGE][FAILED] - Text 'Mr Scott Heyburn' is not present on page  (Root cause: com.kms.katalon.core.exception.StepFailedException: Text 'Mr Scott Heyburn' is not present on page 
	at com.kms.katalon.core.webui.keyword.internal.WebUIKeywordMain.stepFailed(WebUIKeywordMain.groovy:64)
	at com.kms.katalon.core.webui.keyword.builtin.VerifyTextPresentKeyword$_verifyTextPresent_closure1.doCall(VerifyTextPresentKeyword.groovy:79)
	at com.kms.katalon.core.webui.keyword.builtin.VerifyTextPresentKeyword$_verifyTextPresent_closure1.call(VerifyTextPresentKeyword.groovy)
	at com.kms.katalon.core.webui.keyword.internal.WebUIKeywordMain.runKeyword(WebUIKeywordMain.groovy:20)
	at com.kms.katalon.core.webui.keyword.builtin.VerifyTextPresentKeyword.verifyTextPresent(VerifyTextPresentKeyword.groovy:83)
	at com.kms.katalon.core.webui.keyword.builtin.VerifyTextPresentKeyword.execute(VerifyTextPresentKeyword.groovy:68)
	at com.kms.katalon.core.keyword.internal.KeywordExecutor.executeKeywordForPlatform(KeywordExecutor.groovy:72)
	at com.kms.katalon.core.webui.keyword.WebUiBuiltInKeywords.verifyTextPresent(WebUiBuiltInKeywords.groovy:1693)
	at com.kms.katalon.core.webui.keyword.WebUiBuiltInKeywords$verifyTextPresent$5.call(Unknown Source)
	at CAT_Verification_Primary_Contact.run(CAT_Verification_Primary_Contact:23)
	at com.kms.katalon.core.main.ScriptEngine.run(ScriptEngine.java:194)
	at com.kms.katalon.core.main.ScriptEngine.runScriptAsRawText(ScriptEngine.java:119)
	at com.kms.katalon.core.main.TestCaseExecutor.runScript(TestCaseExecutor.java:337)
	at com.kms.katalon.core.main.TestCaseExecutor.doExecute(TestCaseExecutor.java:328)
	at com.kms.katalon.core.main.TestCaseExecutor.processExecutionPhase(TestCaseExecutor.java:307)
	at com.kms.katalon.core.main.TestCaseExecutor.accessMainPhase(TestCaseExecutor.java:299)
	at com.kms.katalon.core.main.TestCaseExecutor.execute(TestCaseExecutor.java:233)
	at com.kms.katalon.core.main.TestCaseMain.runTestCase(TestCaseMain.java:114)
	at com.kms.katalon.core.keyword.builtin.CallTestCaseKeyword$_callTestCase_closure1.doCall(CallTestCaseKeyword.groovy:59)
	at com.kms.katalon.core.keyword.builtin.CallTestCaseKeyword$_callTestCase_closure1.call(CallTestCaseKeyword.groovy)
	at com.kms.katalon.core.keyword.internal.KeywordMain.runKeyword(KeywordMain.groovy:68)
	at com.kms.katalon.core.keyword.builtin.CallTestCaseKeyword.callTestCase(CallTestCaseKeyword.groovy:81)
	at com.kms.katalon.core.keyword.builtin.CallTestCaseKeyword.execute(CallTestCaseKeyword.groovy:44)
	at com.kms.katalon.core.keyword.internal.KeywordExecutor.executeKeywordForPlatform(KeywordExecutor.groovy:72)
	at com.kms.katalon.core.keyword.BuiltinKeywords.callTestCase(BuiltinKeywords.groovy:334)
	at Trade_Name_Search_Multiple.run(Trade_Name_Search_Multiple:101)
	at com.kms.katalon.core.main.ScriptEngine.run(ScriptEngine.java:194)
	at com.kms.katalon.core.main.ScriptEngine.runScriptAsRawText(ScriptEngine.java:119)
	at com.kms.katalon.core.main.TestCaseExecutor.runScript(TestCaseExecutor.java:337)
	at com.kms.katalon.core.main.TestCaseExecutor.doExecute(TestCaseExecutor.java:328)
	at com.kms.katalon.core.main.TestCaseExecutor.processExecutionPhase(TestCaseExecutor.java:307)
	at com.kms.katalon.core.main.TestCaseExecutor.accessMainPhase(TestCaseExecutor.java:299)
	at com.kms.katalon.core.main.TestCaseExecutor.execute(TestCaseExecutor.java:233)
	at com.kms.katalon.core.main.TestSuiteExecutor.accessTestCaseMainPhase(TestSuiteExecutor.java:169)
	at com.kms.katalon.core.main.TestSuiteExecutor.accessTestSuiteMainPhase(TestSuiteExecutor.java:142)
	at com.kms.katalon.core.main.TestSuiteExecutor.execute(TestSuiteExecutor.java:91)
	at com.kms.katalon.core.main.TestCaseMain.startTestSuite(TestCaseMain.java:157)
	at com.kms.katalon.core.main.TestCaseMain$startTestSuite$0.call(Unknown Source)
	at TempTestSuite1578298539772.run(TempTestSuite1578298539772.groovy:36)
)

2020-01-06 08:18:02 - [MESSAGE][FAILED] - Unable to call Test Case 'Test Cases/Reusable_Test_Sequences/CAT_Verification_Primary_Contact' (Root cause: com.kms.katalon.core.exception.StepFailedException: Call Test Case 'Test Cases/Reusable_Test_Sequences/CAT_Verification_Primary_Contact' failed
	at com.kms.katalon.core.keyword.builtin.CallTestCaseKeyword$_callTestCase_closure1.doCall(CallTestCaseKeyword.groovy:63)
	at com.kms.katalon.core.keyword.builtin.CallTestCaseKeyword$_callTestCase_closure1.call(CallTestCaseKeyword.groovy)
	at com.kms.katalon.core.keyword.internal.KeywordMain.runKeyword(KeywordMain.groovy:68)
	at com.kms.katalon.core.keyword.builtin.CallTestCaseKeyword.callTestCase(CallTestCaseKeyword.groovy:81)
	at com.kms.katalon.core.keyword.builtin.CallTestCaseKeyword.execute(CallTestCaseKeyword.groovy:44)
	at com.kms.katalon.core.keyword.internal.KeywordExecutor.executeKeywordForPlatform(KeywordExecutor.groovy:72)
	at com.kms.katalon.core.keyword.BuiltinKeywords.callTestCase(BuiltinKeywords.groovy:334)
	at Trade_Name_Search_Multiple.run(Trade_Name_Search_Multiple:101)
	at com.kms.katalon.core.main.ScriptEngine.run(ScriptEngine.java:194)
	at com.kms.katalon.core.main.ScriptEngine.runScriptAsRawText(ScriptEngine.java:119)
	at com.kms.katalon.core.main.TestCaseExecutor.runScript(TestCaseExecutor.java:337)
	at com.kms.katalon.core.main.TestCaseExecutor.doExecute(TestCaseExecutor.java:328)
	at com.kms.katalon.core.main.TestCaseExecutor.processExecutionPhase(TestCaseExecutor.java:307)
	at com.kms.katalon.core.main.TestCaseExecutor.accessMainPhase(TestCaseExecutor.java:299)
	at com.kms.katalon.core.main.TestCaseExecutor.execute(TestCaseExecutor.java:233)
	at com.kms.katalon.core.main.TestSuiteExecutor.accessTestCaseMainPhase(TestSuiteExecutor.java:169)
	at com.kms.katalon.core.main.TestSuiteExecutor.accessTestSuiteMainPhase(TestSuiteExecutor.java:142)
	at com.kms.katalon.core.main.TestSuiteExecutor.execute(TestSuiteExecutor.java:91)
	at com.kms.katalon.core.main.TestCaseMain.startTestSuite(TestCaseMain.java:157)
	at com.kms.katalon.core.main.TestCaseMain$startTestSuite$0.call(Unknown Source)
	at TempTestSuite1578298539772.run(TempTestSuite1578298539772.groovy:36)
Caused by: com.kms.katalon.core.exception.StepFailedException: Text 'Mr Scott Heyburn' is not present on page  (Root cause: com.kms.katalon.core.exception.StepFailedException: Text 'Mr Scott Heyburn' is not present on page 
	at com.kms.katalon.core.webui.keyword.internal.WebUIKeywordMain.stepFailed(WebUIKeywordMain.groovy:64)
	at com.kms.katalon.core.webui.keyword.builtin.VerifyTextPresentKeyword$_verifyTextPresent_closure1.doCall(VerifyTextPresentKeyword.groovy:79)
	at com.kms.katalon.core.webui.keyword.builtin.VerifyTextPresentKeyword$_verifyTextPresent_closure1.call(VerifyTextPresentKeyword.groovy)
	at com.kms.katalon.core.webui.keyword.internal.WebUIKeywordMain.runKeyword(WebUIKeywordMain.groovy:20)
	at com.kms.katalon.core.webui.keyword.builtin.VerifyTextPresentKeyword.verifyTextPresent(VerifyTextPresentKeyword.groovy:83)
	at com.kms.katalon.core.webui.keyword.builtin.VerifyTextPresentKeyword.execute(VerifyTextPresentKeyword.groovy:68)
	at com.kms.katalon.core.keyword.internal.KeywordExecutor.executeKeywordForPlatform(KeywordExecutor.groovy:72)
	at com.kms.katalon.core.webui.keyword.WebUiBuiltInKeywords.verifyTextPresent(WebUiBuiltInKeywords.groovy:1693)
	at com.kms.katalon.core.webui.keyword.WebUiBuiltInKeywords$verifyTextPresent$5.call(Unknown Source)
	at CAT_Verification_Primary_Contact.run(CAT_Verification_Primary_Contact:23)
	at com.kms.katalon.core.main.ScriptEngine.run(ScriptEngine.java:194)
	at com.kms.katalon.core.main.ScriptEngine.runScriptAsRawText(ScriptEngine.java:119)
	at com.kms.katalon.core.main.TestCaseExecutor.runScript(TestCaseExecutor.java:337)
	at com.kms.katalon.core.main.TestCaseExecutor.doExecute(TestCaseExecutor.java:328)
	at com.kms.katalon.core.main.TestCaseExecutor.processExecutionPhase(TestCaseExecutor.java:307)
	at com.kms.katalon.core.main.TestCaseExecutor.accessMainPhase(TestCaseExecutor.java:299)
	at com.kms.katalon.core.main.TestCaseExecutor.execute(TestCaseExecutor.java:233)
	at com.kms.katalon.core.main.TestCaseMain.runTestCase(TestCaseMain.java:114)
	at com.kms.katalon.core.keyword.builtin.CallTestCaseKeyword$_callTestCase_closure1.doCall(CallTestCaseKeyword.groovy:59)
	at com.kms.katalon.core.keyword.builtin.CallTestCaseKeyword$_callTestCase_closure1.call(CallTestCaseKeyword.groovy)
	at com.kms.katalon.core.keyword.internal.KeywordMain.runKeyword(KeywordMain.groovy:68)
	at com.kms.katalon.core.keyword.builtin.CallTestCaseKeyword.callTestCase(CallTestCaseKeyword.groovy:81)
	at com.kms.katalon.core.keyword.builtin.CallTestCaseKeyword.execute(CallTestCaseKeyword.groovy:44)
	at com.kms.katalon.core.keyword.internal.KeywordExecutor.executeKeywordForPlatform(KeywordExecutor.groovy:72)
	at com.kms.katalon.core.keyword.BuiltinKeywords.callTestCase(BuiltinKeywords.groovy:334)
	at Trade_Name_Search_Multiple.run(Trade_Name_Search_Multiple:101)
	at com.kms.katalon.core.main.ScriptEngine.run(ScriptEngine.java:194)
	at com.kms.katalon.core.main.ScriptEngine.runScriptAsRawText(ScriptEngine.java:119)
	at com.kms.katalon.core.main.TestCaseExecutor.runScript(TestCaseExecutor.java:337)
	at com.kms.katalon.core.main.TestCaseExecutor.doExecute(TestCaseExecutor.java:328)
	at com.kms.katalon.core.main.TestCaseExecutor.processExecutionPhase(TestCaseExecutor.java:307)
	at com.kms.katalon.core.main.TestCaseExecutor.accessMainPhase(TestCaseExecutor.java:299)
	at com.kms.katalon.core.main.TestCaseExecutor.execute(TestCaseExecutor.java:233)
	at com.kms.katalon.core.main.TestSuiteExecutor.accessTestCaseMainPhase(TestSuiteExecutor.java:169)
	at com.kms.katalon.core.main.TestSuiteExecutor.accessTestSuiteMainPhase(TestSuiteExecutor.java:142)
	at com.kms.katalon.core.main.TestSuiteExecutor.execute(TestSuiteExecutor.java:91)
	at com.kms.katalon.core.main.TestCaseMain.startTestSuite(TestCaseMain.java:157)
	at com.kms.katalon.core.main.TestCaseMain$startTestSuite$0.call(Unknown Source)
	at TempTestSuite1578298539772.run(TempTestSuite1578298539772.groovy:36)
)
	at com.kms.katalon.core.keyword.internal.KeywordMain.stepFailed(KeywordMain.groovy:39)
	at com.kms.katalon.core.webui.keyword.internal.WebUIKeywordMain.stepFailed(WebUIKeywordMain.groovy:64)
	at com.kms.katalon.core.webui.keyword.builtin.VerifyTextPresentKeyword$_verifyTextPresent_closure1.doCall(VerifyTextPresentKeyword.groovy:79)
	at com.kms.katalon.core.webui.keyword.builtin.VerifyTextPresentKeyword$_verifyTextPresent_closure1.call(VerifyTextPresentKeyword.groovy)
	at com.kms.katalon.core.webui.keyword.internal.WebUIKeywordMain.runKeyword(WebUIKeywordMain.groovy:20)
	at com.kms.katalon.core.webui.keyword.builtin.VerifyTextPresentKeyword.verifyTextPresent(VerifyTextPresentKeyword.groovy:83)
	at com.kms.katalon.core.webui.keyword.builtin.VerifyTextPresentKeyword.execute(VerifyTextPresentKeyword.groovy:68)
	at com.kms.katalon.core.keyword.internal.KeywordExecutor.executeKeywordForPlatform(KeywordExecutor.groovy:72)
	at com.kms.katalon.core.webui.keyword.WebUiBuiltInKeywords.verifyTextPresent(WebUiBuiltInKeywords.groovy:1693)
	at com.kms.katalon.core.webui.keyword.WebUiBuiltInKeywords$verifyTextPresent$5.call(Unknown Source)
	at CAT_Verification_Primary_Contact.run(CAT_Verification_Primary_Contact:23)
	at com.kms.katalon.core.main.ScriptEngine.run(ScriptEngine.java:194)
	at com.kms.katalon.core.main.ScriptEngine.runScriptAsRawText(ScriptEngine.java:119)
	at com.kms.katalon.core.main.TestCaseExecutor.runScript(TestCaseExecutor.java:337)
	at com.kms.katalon.core.main.TestCaseExecutor.doExecute(TestCaseExecutor.java:328)
	at com.kms.katalon.core.main.TestCaseExecutor.processExecutionPhase(TestCaseExecutor.java:307)
	at com.kms.katalon.core.main.TestCaseExecutor.accessMainPhase(TestCaseExecutor.java:299)
	at com.kms.katalon.core.main.TestCaseExecutor.execute(TestCaseExecutor.java:233)
	at com.kms.katalon.core.main.TestCaseMain.runTestCase(TestCaseMain.java:114)
	at com.kms.katalon.core.keyword.builtin.CallTestCaseKeyword$_callTestCase_closure1.doCall(CallTestCaseKeyword.groovy:59)
	... 20 more
Caused by: com.kms.katalon.core.exception.StepFailedException: Text 'Mr Scott Heyburn' is not present on page 
	... 39 more
)

2020-01-06 08:18:02 - [TEST_STEP][PASSED] - "--------------------------": null

2020-01-06 08:18:02 - [TEST_STEP][PASSED] - " Teardown - CLose Browser |": null

2020-01-06 08:18:02 - [TEST_STEP][PASSED] - callTestCase(findTestCase("Reusable_Test_Sequences/CAT_Teardown"), [:], OPTIONAL): Call Test Case 'Test Cases/Reusable_Test_Sequences/CAT_Teardown' successfully

2020-01-06 08:18:02 - [TEST_CASE][PASSED] - Test Cases/Reusable_Test_Sequences/CAT_Teardown: Test Cases/Reusable_Test_Sequences/CAT_Teardown

2020-01-06 08:18:02 - [TEST_STEP][PASSED] - closeBrowser(): Browser is closed

2020-01-06 08:18:02 - [MESSAGE][PASSED] - Browser is closed

2020-01-06 08:18:02 - [MESSAGE][PASSED] - Call Test Case 'Test Cases/Reusable_Test_Sequences/CAT_Teardown' successfully]]></system-out>
         <system-err><![CDATA[2020-01-06 08:15:45 - [TEST_CASE][FAILED] - Test Cases/Checkatrade_Tradesman_Searches/Trade_Name_Search_Multiple: Test Cases/Checkatrade_Tradesman_Searches/Trade_Name_Search_Multiple FAILED.
Reason:
com.kms.katalon.core.exception.StepFailedException: Unable to call Test Case 'Test Cases/Reusable_Test_Sequences/CAT_Verification_Primary_Contact' (Root cause: com.kms.katalon.core.exception.StepFailedException: Call Test Case 'Test Cases/Reusable_Test_Sequences/CAT_Verification_Primary_Contact' failed
	at com.kms.katalon.core.keyword.builtin.CallTestCaseKeyword$_callTestCase_closure1.doCall(CallTestCaseKeyword.groovy:63)
	at com.kms.katalon.core.keyword.builtin.CallTestCaseKeyword$_callTestCase_closure1.call(CallTestCaseKeyword.groovy)
	at com.kms.katalon.core.keyword.internal.KeywordMain.runKeyword(KeywordMain.groovy:68)
	at com.kms.katalon.core.keyword.builtin.CallTestCaseKeyword.callTestCase(CallTestCaseKeyword.groovy:81)
	at com.kms.katalon.core.keyword.builtin.CallTestCaseKeyword.execute(CallTestCaseKeyword.groovy:44)
	at com.kms.katalon.core.keyword.internal.KeywordExecutor.executeKeywordForPlatform(KeywordExecutor.groovy:72)
	at com.kms.katalon.core.keyword.BuiltinKeywords.callTestCase(BuiltinKeywords.groovy:334)
	at Trade_Name_Search_Multiple.run(Trade_Name_Search_Multiple:101)
	at com.kms.katalon.core.main.ScriptEngine.run(ScriptEngine.java:194)
	at com.kms.katalon.core.main.ScriptEngine.runScriptAsRawText(ScriptEngine.java:119)
	at com.kms.katalon.core.main.TestCaseExecutor.runScript(TestCaseExecutor.java:337)
	at com.kms.katalon.core.main.TestCaseExecutor.doExecute(TestCaseExecutor.java:328)
	at com.kms.katalon.core.main.TestCaseExecutor.processExecutionPhase(TestCaseExecutor.java:307)
	at com.kms.katalon.core.main.TestCaseExecutor.accessMainPhase(TestCaseExecutor.java:299)
	at com.kms.katalon.core.main.TestCaseExecutor.execute(TestCaseExecutor.java:233)
	at com.kms.katalon.core.main.TestSuiteExecutor.accessTestCaseMainPhase(TestSuiteExecutor.java:169)
	at com.kms.katalon.core.main.TestSuiteExecutor.accessTestSuiteMainPhase(TestSuiteExecutor.java:142)
	at com.kms.katalon.core.main.TestSuiteExecutor.execute(TestSuiteExecutor.java:91)
	at com.kms.katalon.core.main.TestCaseMain.startTestSuite(TestCaseMain.java:157)
	at com.kms.katalon.core.main.TestCaseMain$startTestSuite$0.call(Unknown Source)
	at TempTestSuite1578298539772.run(TempTestSuite1578298539772.groovy:36)
Caused by: com.kms.katalon.core.exception.StepFailedException: Text 'David Clarke' is not present on page  (Root cause: com.kms.katalon.core.exception.StepFailedException: Text 'David Clarke' is not present on page 
	at com.kms.katalon.core.webui.keyword.internal.WebUIKeywordMain.stepFailed(WebUIKeywordMain.groovy:64)
	at com.kms.katalon.core.webui.keyword.builtin.VerifyTextPresentKeyword$_verifyTextPresent_closure1.doCall(VerifyTextPresentKeyword.groovy:79)
	at com.kms.katalon.core.webui.keyword.builtin.VerifyTextPresentKeyword$_verifyTextPresent_closure1.call(VerifyTextPresentKeyword.groovy)
	at com.kms.katalon.core.webui.keyword.internal.WebUIKeywordMain.runKeyword(WebUIKeywordMain.groovy:20)
	at com.kms.katalon.core.webui.keyword.builtin.VerifyTextPresentKeyword.verifyTextPresent(VerifyTextPresentKeyword.groovy:83)
	at com.kms.katalon.core.webui.keyword.builtin.VerifyTextPresentKeyword.execute(VerifyTextPresentKeyword.groovy:68)
	at com.kms.katalon.core.keyword.internal.KeywordExecutor.executeKeywordForPlatform(KeywordExecutor.groovy:72)
	at com.kms.katalon.core.webui.keyword.WebUiBuiltInKeywords.verifyTextPresent(WebUiBuiltInKeywords.groovy:1693)
	at com.kms.katalon.core.webui.keyword.WebUiBuiltInKeywords$verifyTextPresent$5.call(Unknown Source)
	at CAT_Verification_Primary_Contact.run(CAT_Verification_Primary_Contact:23)
	at com.kms.katalon.core.main.ScriptEngine.run(ScriptEngine.java:194)
	at com.kms.katalon.core.main.ScriptEngine.runScriptAsRawText(ScriptEngine.java:119)
	at com.kms.katalon.core.main.TestCaseExecutor.runScript(TestCaseExecutor.java:337)
	at com.kms.katalon.core.main.TestCaseExecutor.doExecute(TestCaseExecutor.java:328)
	at com.kms.katalon.core.main.TestCaseExecutor.processExecutionPhase(TestCaseExecutor.java:307)
	at com.kms.katalon.core.main.TestCaseExecutor.accessMainPhase(TestCaseExecutor.java:299)
	at com.kms.katalon.core.main.TestCaseExecutor.execute(TestCaseExecutor.java:233)
	at com.kms.katalon.core.main.TestCaseMain.runTestCase(TestCaseMain.java:114)
	at com.kms.katalon.core.keyword.builtin.CallTestCaseKeyword$_callTestCase_closure1.doCall(CallTestCaseKeyword.groovy:59)
	at com.kms.katalon.core.keyword.builtin.CallTestCaseKeyword$_callTestCase_closure1.call(CallTestCaseKeyword.groovy)
	at com.kms.katalon.core.keyword.internal.KeywordMain.runKeyword(KeywordMain.groovy:68)
	at com.kms.katalon.core.keyword.builtin.CallTestCaseKeyword.callTestCase(CallTestCaseKeyword.groovy:81)
	at com.kms.katalon.core.keyword.builtin.CallTestCaseKeyword.execute(CallTestCaseKeyword.groovy:44)
	at com.kms.katalon.core.keyword.internal.KeywordExecutor.executeKeywordForPlatform(KeywordExecutor.groovy:72)
	at com.kms.katalon.core.keyword.BuiltinKeywords.callTestCase(BuiltinKeywords.groovy:334)
	at Trade_Name_Search_Multiple.run(Trade_Name_Search_Multiple:101)
	at com.kms.katalon.core.main.ScriptEngine.run(ScriptEngine.java:194)
	at com.kms.katalon.core.main.ScriptEngine.runScriptAsRawText(ScriptEngine.java:119)
	at com.kms.katalon.core.main.TestCaseExecutor.runScript(TestCaseExecutor.java:337)
	at com.kms.katalon.core.main.TestCaseExecutor.doExecute(TestCaseExecutor.java:328)
	at com.kms.katalon.core.main.TestCaseExecutor.processExecutionPhase(TestCaseExecutor.java:307)
	at com.kms.katalon.core.main.TestCaseExecutor.accessMainPhase(TestCaseExecutor.java:299)
	at com.kms.katalon.core.main.TestCaseExecutor.execute(TestCaseExecutor.java:233)
	at com.kms.katalon.core.main.TestSuiteExecutor.accessTestCaseMainPhase(TestSuiteExecutor.java:169)
	at com.kms.katalon.core.main.TestSuiteExecutor.accessTestSuiteMainPhase(TestSuiteExecutor.java:142)
	at com.kms.katalon.core.main.TestSuiteExecutor.execute(TestSuiteExecutor.java:91)
	at com.kms.katalon.core.main.TestCaseMain.startTestSuite(TestCaseMain.java:157)
	at com.kms.katalon.core.main.TestCaseMain$startTestSuite$0.call(Unknown Source)
	at TempTestSuite1578298539772.run(TempTestSuite1578298539772.groovy:36)
)
	at com.kms.katalon.core.keyword.internal.KeywordMain.stepFailed(KeywordMain.groovy:39)
	at com.kms.katalon.core.webui.keyword.internal.WebUIKeywordMain.stepFailed(WebUIKeywordMain.groovy:64)
	at com.kms.katalon.core.webui.keyword.builtin.VerifyTextPresentKeyword$_verifyTextPresent_closure1.doCall(VerifyTextPresentKeyword.groovy:79)
	at com.kms.katalon.core.webui.keyword.builtin.VerifyTextPresentKeyword$_verifyTextPresent_closure1.call(VerifyTextPresentKeyword.groovy)
	at com.kms.katalon.core.webui.keyword.internal.WebUIKeywordMain.runKeyword(WebUIKeywordMain.groovy:20)
	at com.kms.katalon.core.webui.keyword.builtin.VerifyTextPresentKeyword.verifyTextPresent(VerifyTextPresentKeyword.groovy:83)
	at com.kms.katalon.core.webui.keyword.builtin.VerifyTextPresentKeyword.execute(VerifyTextPresentKeyword.groovy:68)
	at com.kms.katalon.core.keyword.internal.KeywordExecutor.executeKeywordForPlatform(KeywordExecutor.groovy:72)
	at com.kms.katalon.core.webui.keyword.WebUiBuiltInKeywords.verifyTextPresent(WebUiBuiltInKeywords.groovy:1693)
	at com.kms.katalon.core.webui.keyword.WebUiBuiltInKeywords$verifyTextPresent$5.call(Unknown Source)
	at CAT_Verification_Primary_Contact.run(CAT_Verification_Primary_Contact:23)
	at com.kms.katalon.core.main.ScriptEngine.run(ScriptEngine.java:194)
	at com.kms.katalon.core.main.ScriptEngine.runScriptAsRawText(ScriptEngine.java:119)
	at com.kms.katalon.core.main.TestCaseExecutor.runScript(TestCaseExecutor.java:337)
	at com.kms.katalon.core.main.TestCaseExecutor.doExecute(TestCaseExecutor.java:328)
	at com.kms.katalon.core.main.TestCaseExecutor.processExecutionPhase(TestCaseExecutor.java:307)
	at com.kms.katalon.core.main.TestCaseExecutor.accessMainPhase(TestCaseExecutor.java:299)
	at com.kms.katalon.core.main.TestCaseExecutor.execute(TestCaseExecutor.java:233)
	at com.kms.katalon.core.main.TestCaseMain.runTestCase(TestCaseMain.java:114)
	at com.kms.katalon.core.keyword.builtin.CallTestCaseKeyword$_callTestCase_closure1.doCall(CallTestCaseKeyword.groovy:59)
	... 20 more
Caused by: com.kms.katalon.core.exception.StepFailedException: Text 'David Clarke' is not present on page 
	... 39 more
)
	at com.kms.katalon.core.keyword.internal.KeywordMain.stepFailed(KeywordMain.groovy:39)
	at com.kms.katalon.core.keyword.internal.KeywordMain.stepFailed(KeywordMain.groovy)
	at com.kms.katalon.core.keyword.internal.KeywordMain.runKeyword(KeywordMain.groovy:70)
	at com.kms.katalon.core.keyword.builtin.CallTestCaseKeyword.callTestCase(CallTestCaseKeyword.groovy:81)
	at com.kms.katalon.core.keyword.builtin.CallTestCaseKeyword.execute(CallTestCaseKeyword.groovy:44)
	at com.kms.katalon.core.keyword.internal.KeywordExecutor.executeKeywordForPlatform(KeywordExecutor.groovy:72)
	at com.kms.katalon.core.keyword.BuiltinKeywords.callTestCase(BuiltinKeywords.groovy:334)
	at Trade_Name_Search_Multiple.run(Trade_Name_Search_Multiple:101)
	at com.kms.katalon.core.main.ScriptEngine.run(ScriptEngine.java:194)
	at com.kms.katalon.core.main.ScriptEngine.runScriptAsRawText(ScriptEngine.java:119)
	at com.kms.katalon.core.main.TestCaseExecutor.runScript(TestCaseExecutor.java:337)
	at com.kms.katalon.core.main.TestCaseExecutor.doExecute(TestCaseExecutor.java:328)
	at com.kms.katalon.core.main.TestCaseExecutor.processExecutionPhase(TestCaseExecutor.java:307)
	at com.kms.katalon.core.main.TestCaseExecutor.accessMainPhase(TestCaseExecutor.java:299)
	at com.kms.katalon.core.main.TestCaseExecutor.execute(TestCaseExecutor.java:233)
	at com.kms.katalon.core.main.TestSuiteExecutor.accessTestCaseMainPhase(TestSuiteExecutor.java:169)
	at com.kms.katalon.core.main.TestSuiteExecutor.accessTestSuiteMainPhase(TestSuiteExecutor.java:142)
	at com.kms.katalon.core.main.TestSuiteExecutor.execute(TestSuiteExecutor.java:91)
	at com.kms.katalon.core.main.TestCaseMain.startTestSuite(TestCaseMain.java:157)
	at com.kms.katalon.core.main.TestCaseMain$startTestSuite$0.call(Unknown Source)
	at TempTestSuite1578298539772.run(TempTestSuite1578298539772.groovy:36)
Caused by: com.kms.katalon.core.exception.StepFailedException: Call Test Case 'Test Cases/Reusable_Test_Sequences/CAT_Verification_Primary_Contact' failed
	at com.kms.katalon.core.keyword.builtin.CallTestCaseKeyword$_callTestCase_closure1.doCall(CallTestCaseKeyword.groovy:63)
	at com.kms.katalon.core.keyword.builtin.CallTestCaseKeyword$_callTestCase_closure1.call(CallTestCaseKeyword.groovy)
	at com.kms.katalon.core.keyword.internal.KeywordMain.runKeyword(KeywordMain.groovy:68)
	... 18 more
Caused by: com.kms.katalon.core.exception.StepFailedException: Text 'David Clarke' is not present on page  (Root cause: com.kms.katalon.core.exception.StepFailedException: Text 'David Clarke' is not present on page 
	at com.kms.katalon.core.webui.keyword.internal.WebUIKeywordMain.stepFailed(WebUIKeywordMain.groovy:64)
	at com.kms.katalon.core.webui.keyword.builtin.VerifyTextPresentKeyword$_verifyTextPresent_closure1.doCall(VerifyTextPresentKeyword.groovy:79)
	at com.kms.katalon.core.webui.keyword.builtin.VerifyTextPresentKeyword$_verifyTextPresent_closure1.call(VerifyTextPresentKeyword.groovy)
	at com.kms.katalon.core.webui.keyword.internal.WebUIKeywordMain.runKeyword(WebUIKeywordMain.groovy:20)
	at com.kms.katalon.core.webui.keyword.builtin.VerifyTextPresentKeyword.verifyTextPresent(VerifyTextPresentKeyword.groovy:83)
	at com.kms.katalon.core.webui.keyword.builtin.VerifyTextPresentKeyword.execute(VerifyTextPresentKeyword.groovy:68)
	at com.kms.katalon.core.keyword.internal.KeywordExecutor.executeKeywordForPlatform(KeywordExecutor.groovy:72)
	at com.kms.katalon.core.webui.keyword.WebUiBuiltInKeywords.verifyTextPresent(WebUiBuiltInKeywords.groovy:1693)
	at com.kms.katalon.core.webui.keyword.WebUiBuiltInKeywords$verifyTextPresent$5.call(Unknown Source)
	at CAT_Verification_Primary_Contact.run(CAT_Verification_Primary_Contact:23)
	at com.kms.katalon.core.main.ScriptEngine.run(ScriptEngine.java:194)
	at com.kms.katalon.core.main.ScriptEngine.runScriptAsRawText(ScriptEngine.java:119)
	at com.kms.katalon.core.main.TestCaseExecutor.runScript(TestCaseExecutor.java:337)
	at com.kms.katalon.core.main.TestCaseExecutor.doExecute(TestCaseExecutor.java:328)
	at com.kms.katalon.core.main.TestCaseExecutor.processExecutionPhase(TestCaseExecutor.java:307)
	at com.kms.katalon.core.main.TestCaseExecutor.accessMainPhase(TestCaseExecutor.java:299)
	at com.kms.katalon.core.main.TestCaseExecutor.execute(TestCaseExecutor.java:233)
	at com.kms.katalon.core.main.TestCaseMain.runTestCase(TestCaseMain.java:114)
	at com.kms.katalon.core.keyword.builtin.CallTestCaseKeyword$_callTestCase_closure1.doCall(CallTestCaseKeyword.groovy:59)
	at com.kms.katalon.core.keyword.builtin.CallTestCaseKeyword$_callTestCase_closure1.call(CallTestCaseKeyword.groovy)
	at com.kms.katalon.core.keyword.internal.KeywordMain.runKeyword(KeywordMain.groovy:68)
	at com.kms.katalon.core.keyword.builtin.CallTestCaseKeyword.callTestCase(CallTestCaseKeyword.groovy:81)
	at com.kms.katalon.core.keyword.builtin.CallTestCaseKeyword.execute(CallTestCaseKeyword.groovy:44)
	at com.kms.katalon.core.keyword.internal.KeywordExecutor.executeKeywordForPlatform(KeywordExecutor.groovy:72)
	at com.kms.katalon.core.keyword.BuiltinKeywords.callTestCase(BuiltinKeywords.groovy:334)
	at Trade_Name_Search_Multiple.run(Trade_Name_Search_Multiple:101)
	at com.kms.katalon.core.main.ScriptEngine.run(ScriptEngine.java:194)
	at com.kms.katalon.core.main.ScriptEngine.runScriptAsRawText(ScriptEngine.java:119)
	at com.kms.katalon.core.main.TestCaseExecutor.runScript(TestCaseExecutor.java:337)
	at com.kms.katalon.core.main.TestCaseExecutor.doExecute(TestCaseExecutor.java:328)
	at com.kms.katalon.core.main.TestCaseExecutor.processExecutionPhase(TestCaseExecutor.java:307)
	at com.kms.katalon.core.main.TestCaseExecutor.accessMainPhase(TestCaseExecutor.java:299)
	at com.kms.katalon.core.main.TestCaseExecutor.execute(TestCaseExecutor.java:233)
	at com.kms.katalon.core.main.TestSuiteExecutor.accessTestCaseMainPhase(TestSuiteExecutor.java:169)
	at com.kms.katalon.core.main.TestSuiteExecutor.accessTestSuiteMainPhase(TestSuiteExecutor.java:142)
	at com.kms.katalon.core.main.TestSuiteExecutor.execute(TestSuiteExecutor.java:91)
	at com.kms.katalon.core.main.TestCaseMain.startTestSuite(TestCaseMain.java:157)
	at com.kms.katalon.core.main.TestCaseMain$startTestSuite$0.call(Unknown Source)
	at TempTestSuite1578298539772.run(TempTestSuite1578298539772.groovy:36)
)
	at com.kms.katalon.core.keyword.internal.KeywordMain.stepFailed(KeywordMain.groovy:39)
	at com.kms.katalon.core.webui.keyword.internal.WebUIKeywordMain.stepFailed(WebUIKeywordMain.groovy:64)
	at com.kms.katalon.core.webui.keyword.builtin.VerifyTextPresentKeyword$_verifyTextPresent_closure1.doCall(VerifyTextPresentKeyword.groovy:79)
	at com.kms.katalon.core.webui.keyword.builtin.VerifyTextPresentKeyword$_verifyTextPresent_closure1.call(VerifyTextPresentKeyword.groovy)
	at com.kms.katalon.core.webui.keyword.internal.WebUIKeywordMain.runKeyword(WebUIKeywordMain.groovy:20)
	at com.kms.katalon.core.webui.keyword.builtin.VerifyTextPresentKeyword.verifyTextPresent(VerifyTextPresentKeyword.groovy:83)
	at com.kms.katalon.core.webui.keyword.builtin.VerifyTextPresentKeyword.execute(VerifyTextPresentKeyword.groovy:68)
	at com.kms.katalon.core.keyword.internal.KeywordExecutor.executeKeywordForPlatform(KeywordExecutor.groovy:72)
	at com.kms.katalon.core.webui.keyword.WebUiBuiltInKeywords.verifyTextPresent(WebUiBuiltInKeywords.groovy:1693)
	at com.kms.katalon.core.webui.keyword.WebUiBuiltInKeywords$verifyTextPresent$5.call(Unknown Source)
	at CAT_Verification_Primary_Contact.run(CAT_Verification_Primary_Contact:23)
	at com.kms.katalon.core.main.ScriptEngine.run(ScriptEngine.java:194)
	at com.kms.katalon.core.main.ScriptEngine.runScriptAsRawText(ScriptEngine.java:119)
	at com.kms.katalon.core.main.TestCaseExecutor.runScript(TestCaseExecutor.java:337)
	at com.kms.katalon.core.main.TestCaseExecutor.doExecute(TestCaseExecutor.java:328)
	at com.kms.katalon.core.main.TestCaseExecutor.processExecutionPhase(TestCaseExecutor.java:307)
	at com.kms.katalon.core.main.TestCaseExecutor.accessMainPhase(TestCaseExecutor.java:299)
	at com.kms.katalon.core.main.TestCaseExecutor.execute(TestCaseExecutor.java:233)
	at com.kms.katalon.core.main.TestCaseMain.runTestCase(TestCaseMain.java:114)
	at com.kms.katalon.core.keyword.builtin.CallTestCaseKeyword$_callTestCase_closure1.doCall(CallTestCaseKeyword.groovy:59)
	... 20 more
Caused by: com.kms.katalon.core.exception.StepFailedException: Text 'David Clarke' is not present on page 
	... 39 more]]></system-err>
      </testcase>
      <system-out><![CDATA[2020-01-06 08:15:44 - [TEST_SUITE][FAILED] - Trade_Name_Multiple_Search: Test Cases/Checkatrade_Tradesman_Searches/Trade_Name_Search_Multiple FAILED.
Reason:
com.kms.katalon.core.exception.StepFailedException: Unable to call Test Case 'Test Cases/Reusable_Test_Sequences/CAT_Verification_Primary_Contact' (Root cause: com.kms.katalon.core.exception.StepFailedException: Call Test Case 'Test Cases/Reusable_Test_Sequences/CAT_Verification_Primary_Contact' failed
	at com.kms.katalon.core.keyword.builtin.CallTestCaseKeyword$_callTestCase_closure1.doCall(CallTestCaseKeyword.groovy:63)
	at com.kms.katalon.core.keyword.builtin.CallTestCaseKeyword$_callTestCase_closure1.call(CallTestCaseKeyword.groovy)
	at com.kms.katalon.core.keyword.internal.KeywordMain.runKeyword(KeywordMain.groovy:68)
	at com.kms.katalon.core.keyword.builtin.CallTestCaseKeyword.callTestCase(CallTestCaseKeyword.groovy:81)
	at com.kms.katalon.core.keyword.builtin.CallTestCaseKeyword.execute(CallTestCaseKeyword.groovy:44)
	at com.kms.katalon.core.keyword.internal.KeywordExecutor.executeKeywordForPlatform(KeywordExecutor.groovy:72)
	at com.kms.katalon.core.keyword.BuiltinKeywords.callTestCase(BuiltinKeywords.groovy:334)
	at Trade_Name_Search_Multiple.run(Trade_Name_Search_Multiple:101)
	at com.kms.katalon.core.main.ScriptEngine.run(ScriptEngine.java:194)
	at com.kms.katalon.core.main.ScriptEngine.runScriptAsRawText(ScriptEngine.java:119)
	at com.kms.katalon.core.main.TestCaseExecutor.runScript(TestCaseExecutor.java:337)
	at com.kms.katalon.core.main.TestCaseExecutor.doExecute(TestCaseExecutor.java:328)
	at com.kms.katalon.core.main.TestCaseExecutor.processExecutionPhase(TestCaseExecutor.java:307)
	at com.kms.katalon.core.main.TestCaseExecutor.accessMainPhase(TestCaseExecutor.java:299)
	at com.kms.katalon.core.main.TestCaseExecutor.execute(TestCaseExecutor.java:233)
	at com.kms.katalon.core.main.TestSuiteExecutor.accessTestCaseMainPhase(TestSuiteExecutor.java:169)
	at com.kms.katalon.core.main.TestSuiteExecutor.accessTestSuiteMainPhase(TestSuiteExecutor.java:142)
	at com.kms.katalon.core.main.TestSuiteExecutor.execute(TestSuiteExecutor.java:91)
	at com.kms.katalon.core.main.TestCaseMain.startTestSuite(TestCaseMain.java:157)
	at com.kms.katalon.core.main.TestCaseMain$startTestSuite$0.call(Unknown Source)
	at TempTestSuite1578298539772.run(TempTestSuite1578298539772.groovy:36)
Caused by: com.kms.katalon.core.exception.StepFailedException: Text 'David Clarke' is not present on page  (Root cause: com.kms.katalon.core.exception.StepFailedException: Text 'David Clarke' is not present on page 
	at com.kms.katalon.core.webui.keyword.internal.WebUIKeywordMain.stepFailed(WebUIKeywordMain.groovy:64)
	at com.kms.katalon.core.webui.keyword.builtin.VerifyTextPresentKeyword$_verifyTextPresent_closure1.doCall(VerifyTextPresentKeyword.groovy:79)
	at com.kms.katalon.core.webui.keyword.builtin.VerifyTextPresentKeyword$_verifyTextPresent_closure1.call(VerifyTextPresentKeyword.groovy)
	at com.kms.katalon.core.webui.keyword.internal.WebUIKeywordMain.runKeyword(WebUIKeywordMain.groovy:20)
	at com.kms.katalon.core.webui.keyword.builtin.VerifyTextPresentKeyword.verifyTextPresent(VerifyTextPresentKeyword.groovy:83)
	at com.kms.katalon.core.webui.keyword.builtin.VerifyTextPresentKeyword.execute(VerifyTextPresentKeyword.groovy:68)
	at com.kms.katalon.core.keyword.internal.KeywordExecutor.executeKeywordForPlatform(KeywordExecutor.groovy:72)
	at com.kms.katalon.core.webui.keyword.WebUiBuiltInKeywords.verifyTextPresent(WebUiBuiltInKeywords.groovy:1693)
	at com.kms.katalon.core.webui.keyword.WebUiBuiltInKeywords$verifyTextPresent$5.call(Unknown Source)
	at CAT_Verification_Primary_Contact.run(CAT_Verification_Primary_Contact:23)
	at com.kms.katalon.core.main.ScriptEngine.run(ScriptEngine.java:194)
	at com.kms.katalon.core.main.ScriptEngine.runScriptAsRawText(ScriptEngine.java:119)
	at com.kms.katalon.core.main.TestCaseExecutor.runScript(TestCaseExecutor.java:337)
	at com.kms.katalon.core.main.TestCaseExecutor.doExecute(TestCaseExecutor.java:328)
	at com.kms.katalon.core.main.TestCaseExecutor.processExecutionPhase(TestCaseExecutor.java:307)
	at com.kms.katalon.core.main.TestCaseExecutor.accessMainPhase(TestCaseExecutor.java:299)
	at com.kms.katalon.core.main.TestCaseExecutor.execute(TestCaseExecutor.java:233)
	at com.kms.katalon.core.main.TestCaseMain.runTestCase(TestCaseMain.java:114)
	at com.kms.katalon.core.keyword.builtin.CallTestCaseKeyword$_callTestCase_closure1.doCall(CallTestCaseKeyword.groovy:59)
	at com.kms.katalon.core.keyword.builtin.CallTestCaseKeyword$_callTestCase_closure1.call(CallTestCaseKeyword.groovy)
	at com.kms.katalon.core.keyword.internal.KeywordMain.runKeyword(KeywordMain.groovy:68)
	at com.kms.katalon.core.keyword.builtin.CallTestCaseKeyword.callTestCase(CallTestCaseKeyword.groovy:81)
	at com.kms.katalon.core.keyword.builtin.CallTestCaseKeyword.execute(CallTestCaseKeyword.groovy:44)
	at com.kms.katalon.core.keyword.internal.KeywordExecutor.executeKeywordForPlatform(KeywordExecutor.groovy:72)
	at com.kms.katalon.core.keyword.BuiltinKeywords.callTestCase(BuiltinKeywords.groovy:334)
	at Trade_Name_Search_Multiple.run(Trade_Name_Search_Multiple:101)
	at com.kms.katalon.core.main.ScriptEngine.run(ScriptEngine.java:194)
	at com.kms.katalon.core.main.ScriptEngine.runScriptAsRawText(ScriptEngine.java:119)
	at com.kms.katalon.core.main.TestCaseExecutor.runScript(TestCaseExecutor.java:337)
	at com.kms.katalon.core.main.TestCaseExecutor.doExecute(TestCaseExecutor.java:328)
	at com.kms.katalon.core.main.TestCaseExecutor.processExecutionPhase(TestCaseExecutor.java:307)
	at com.kms.katalon.core.main.TestCaseExecutor.accessMainPhase(TestCaseExecutor.java:299)
	at com.kms.katalon.core.main.TestCaseExecutor.execute(TestCaseExecutor.java:233)
	at com.kms.katalon.core.main.TestSuiteExecutor.accessTestCaseMainPhase(TestSuiteExecutor.java:169)
	at com.kms.katalon.core.main.TestSuiteExecutor.accessTestSuiteMainPhase(TestSuiteExecutor.java:142)
	at com.kms.katalon.core.main.TestSuiteExecutor.execute(TestSuiteExecutor.java:91)
	at com.kms.katalon.core.main.TestCaseMain.startTestSuite(TestCaseMain.java:157)
	at com.kms.katalon.core.main.TestCaseMain$startTestSuite$0.call(Unknown Source)
	at TempTestSuite1578298539772.run(TempTestSuite1578298539772.groovy:36)
)
	at com.kms.katalon.core.keyword.internal.KeywordMain.stepFailed(KeywordMain.groovy:39)
	at com.kms.katalon.core.webui.keyword.internal.WebUIKeywordMain.stepFailed(WebUIKeywordMain.groovy:64)
	at com.kms.katalon.core.webui.keyword.builtin.VerifyTextPresentKeyword$_verifyTextPresent_closure1.doCall(VerifyTextPresentKeyword.groovy:79)
	at com.kms.katalon.core.webui.keyword.builtin.VerifyTextPresentKeyword$_verifyTextPresent_closure1.call(VerifyTextPresentKeyword.groovy)
	at com.kms.katalon.core.webui.keyword.internal.WebUIKeywordMain.runKeyword(WebUIKeywordMain.groovy:20)
	at com.kms.katalon.core.webui.keyword.builtin.VerifyTextPresentKeyword.verifyTextPresent(VerifyTextPresentKeyword.groovy:83)
	at com.kms.katalon.core.webui.keyword.builtin.VerifyTextPresentKeyword.execute(VerifyTextPresentKeyword.groovy:68)
	at com.kms.katalon.core.keyword.internal.KeywordExecutor.executeKeywordForPlatform(KeywordExecutor.groovy:72)
	at com.kms.katalon.core.webui.keyword.WebUiBuiltInKeywords.verifyTextPresent(WebUiBuiltInKeywords.groovy:1693)
	at com.kms.katalon.core.webui.keyword.WebUiBuiltInKeywords$verifyTextPresent$5.call(Unknown Source)
	at CAT_Verification_Primary_Contact.run(CAT_Verification_Primary_Contact:23)
	at com.kms.katalon.core.main.ScriptEngine.run(ScriptEngine.java:194)
	at com.kms.katalon.core.main.ScriptEngine.runScriptAsRawText(ScriptEngine.java:119)
	at com.kms.katalon.core.main.TestCaseExecutor.runScript(TestCaseExecutor.java:337)
	at com.kms.katalon.core.main.TestCaseExecutor.doExecute(TestCaseExecutor.java:328)
	at com.kms.katalon.core.main.TestCaseExecutor.processExecutionPhase(TestCaseExecutor.java:307)
	at com.kms.katalon.core.main.TestCaseExecutor.accessMainPhase(TestCaseExecutor.java:299)
	at com.kms.katalon.core.main.TestCaseExecutor.execute(TestCaseExecutor.java:233)
	at com.kms.katalon.core.main.TestCaseMain.runTestCase(TestCaseMain.java:114)
	at com.kms.katalon.core.keyword.builtin.CallTestCaseKeyword$_callTestCase_closure1.doCall(CallTestCaseKeyword.groovy:59)
	... 20 more
Caused by: com.kms.katalon.core.exception.StepFailedException: Text 'David Clarke' is not present on page 
	... 39 more
)
	at com.kms.katalon.core.keyword.internal.KeywordMain.stepFailed(KeywordMain.groovy:39)
	at com.kms.katalon.core.keyword.internal.KeywordMain.stepFailed(KeywordMain.groovy)
	at com.kms.katalon.core.keyword.internal.KeywordMain.runKeyword(KeywordMain.groovy:70)
	at com.kms.katalon.core.keyword.builtin.CallTestCaseKeyword.callTestCase(CallTestCaseKeyword.groovy:81)
	at com.kms.katalon.core.keyword.builtin.CallTestCaseKeyword.execute(CallTestCaseKeyword.groovy:44)
	at com.kms.katalon.core.keyword.internal.KeywordExecutor.executeKeywordForPlatform(KeywordExecutor.groovy:72)
	at com.kms.katalon.core.keyword.BuiltinKeywords.callTestCase(BuiltinKeywords.groovy:334)
	at Trade_Name_Search_Multiple.run(Trade_Name_Search_Multiple:101)
	at com.kms.katalon.core.main.ScriptEngine.run(ScriptEngine.java:194)
	at com.kms.katalon.core.main.ScriptEngine.runScriptAsRawText(ScriptEngine.java:119)
	at com.kms.katalon.core.main.TestCaseExecutor.runScript(TestCaseExecutor.java:337)
	at com.kms.katalon.core.main.TestCaseExecutor.doExecute(TestCaseExecutor.java:328)
	at com.kms.katalon.core.main.TestCaseExecutor.processExecutionPhase(TestCaseExecutor.java:307)
	at com.kms.katalon.core.main.TestCaseExecutor.accessMainPhase(TestCaseExecutor.java:299)
	at com.kms.katalon.core.main.TestCaseExecutor.execute(TestCaseExecutor.java:233)
	at com.kms.katalon.core.main.TestSuiteExecutor.accessTestCaseMainPhase(TestSuiteExecutor.java:169)
	at com.kms.katalon.core.main.TestSuiteExecutor.accessTestSuiteMainPhase(TestSuiteExecutor.java:142)
	at com.kms.katalon.core.main.TestSuiteExecutor.execute(TestSuiteExecutor.java:91)
	at com.kms.katalon.core.main.TestCaseMain.startTestSuite(TestCaseMain.java:157)
	at com.kms.katalon.core.main.TestCaseMain$startTestSuite$0.call(Unknown Source)
	at TempTestSuite1578298539772.run(TempTestSuite1578298539772.groovy:36)
Caused by: com.kms.katalon.core.exception.StepFailedException: Call Test Case 'Test Cases/Reusable_Test_Sequences/CAT_Verification_Primary_Contact' failed
	at com.kms.katalon.core.keyword.builtin.CallTestCaseKeyword$_callTestCase_closure1.doCall(CallTestCaseKeyword.groovy:63)
	at com.kms.katalon.core.keyword.builtin.CallTestCaseKeyword$_callTestCase_closure1.call(CallTestCaseKeyword.groovy)
	at com.kms.katalon.core.keyword.internal.KeywordMain.runKeyword(KeywordMain.groovy:68)
	... 18 more
Caused by: com.kms.katalon.core.exception.StepFailedException: Text 'David Clarke' is not present on page  (Root cause: com.kms.katalon.core.exception.StepFailedException: Text 'David Clarke' is not present on page 
	at com.kms.katalon.core.webui.keyword.internal.WebUIKeywordMain.stepFailed(WebUIKeywordMain.groovy:64)
	at com.kms.katalon.core.webui.keyword.builtin.VerifyTextPresentKeyword$_verifyTextPresent_closure1.doCall(VerifyTextPresentKeyword.groovy:79)
	at com.kms.katalon.core.webui.keyword.builtin.VerifyTextPresentKeyword$_verifyTextPresent_closure1.call(VerifyTextPresentKeyword.groovy)
	at com.kms.katalon.core.webui.keyword.internal.WebUIKeywordMain.runKeyword(WebUIKeywordMain.groovy:20)
	at com.kms.katalon.core.webui.keyword.builtin.VerifyTextPresentKeyword.verifyTextPresent(VerifyTextPresentKeyword.groovy:83)
	at com.kms.katalon.core.webui.keyword.builtin.VerifyTextPresentKeyword.execute(VerifyTextPresentKeyword.groovy:68)
	at com.kms.katalon.core.keyword.internal.KeywordExecutor.executeKeywordForPlatform(KeywordExecutor.groovy:72)
	at com.kms.katalon.core.webui.keyword.WebUiBuiltInKeywords.verifyTextPresent(WebUiBuiltInKeywords.groovy:1693)
	at com.kms.katalon.core.webui.keyword.WebUiBuiltInKeywords$verifyTextPresent$5.call(Unknown Source)
	at CAT_Verification_Primary_Contact.run(CAT_Verification_Primary_Contact:23)
	at com.kms.katalon.core.main.ScriptEngine.run(ScriptEngine.java:194)
	at com.kms.katalon.core.main.ScriptEngine.runScriptAsRawText(ScriptEngine.java:119)
	at com.kms.katalon.core.main.TestCaseExecutor.runScript(TestCaseExecutor.java:337)
	at com.kms.katalon.core.main.TestCaseExecutor.doExecute(TestCaseExecutor.java:328)
	at com.kms.katalon.core.main.TestCaseExecutor.processExecutionPhase(TestCaseExecutor.java:307)
	at com.kms.katalon.core.main.TestCaseExecutor.accessMainPhase(TestCaseExecutor.java:299)
	at com.kms.katalon.core.main.TestCaseExecutor.execute(TestCaseExecutor.java:233)
	at com.kms.katalon.core.main.TestCaseMain.runTestCase(TestCaseMain.java:114)
	at com.kms.katalon.core.keyword.builtin.CallTestCaseKeyword$_callTestCase_closure1.doCall(CallTestCaseKeyword.groovy:59)
	at com.kms.katalon.core.keyword.builtin.CallTestCaseKeyword$_callTestCase_closure1.call(CallTestCaseKeyword.groovy)
	at com.kms.katalon.core.keyword.internal.KeywordMain.runKeyword(KeywordMain.groovy:68)
	at com.kms.katalon.core.keyword.builtin.CallTestCaseKeyword.callTestCase(CallTestCaseKeyword.groovy:81)
	at com.kms.katalon.core.keyword.builtin.CallTestCaseKeyword.execute(CallTestCaseKeyword.groovy:44)
	at com.kms.katalon.core.keyword.internal.KeywordExecutor.executeKeywordForPlatform(KeywordExecutor.groovy:72)
	at com.kms.katalon.core.keyword.BuiltinKeywords.callTestCase(BuiltinKeywords.groovy:334)
	at Trade_Name_Search_Multiple.run(Trade_Name_Search_Multiple:101)
	at com.kms.katalon.core.main.ScriptEngine.run(ScriptEngine.java:194)
	at com.kms.katalon.core.main.ScriptEngine.runScriptAsRawText(ScriptEngine.java:119)
	at com.kms.katalon.core.main.TestCaseExecutor.runScript(TestCaseExecutor.java:337)
	at com.kms.katalon.core.main.TestCaseExecutor.doExecute(TestCaseExecutor.java:328)
	at com.kms.katalon.core.main.TestCaseExecutor.processExecutionPhase(TestCaseExecutor.java:307)
	at com.kms.katalon.core.main.TestCaseExecutor.accessMainPhase(TestCaseExecutor.java:299)
	at com.kms.katalon.core.main.TestCaseExecutor.execute(TestCaseExecutor.java:233)
	at com.kms.katalon.core.main.TestSuiteExecutor.accessTestCaseMainPhase(TestSuiteExecutor.java:169)
	at com.kms.katalon.core.main.TestSuiteExecutor.accessTestSuiteMainPhase(TestSuiteExecutor.java:142)
	at com.kms.katalon.core.main.TestSuiteExecutor.execute(TestSuiteExecutor.java:91)
	at com.kms.katalon.core.main.TestCaseMain.startTestSuite(TestCaseMain.java:157)
	at com.kms.katalon.core.main.TestCaseMain$startTestSuite$0.call(Unknown Source)
	at TempTestSuite1578298539772.run(TempTestSuite1578298539772.groovy:36)
)
	at com.kms.katalon.core.keyword.internal.KeywordMain.stepFailed(KeywordMain.groovy:39)
	at com.kms.katalon.core.webui.keyword.internal.WebUIKeywordMain.stepFailed(WebUIKeywordMain.groovy:64)
	at com.kms.katalon.core.webui.keyword.builtin.VerifyTextPresentKeyword$_verifyTextPresent_closure1.doCall(VerifyTextPresentKeyword.groovy:79)
	at com.kms.katalon.core.webui.keyword.builtin.VerifyTextPresentKeyword$_verifyTextPresent_closure1.call(VerifyTextPresentKeyword.groovy)
	at com.kms.katalon.core.webui.keyword.internal.WebUIKeywordMain.runKeyword(WebUIKeywordMain.groovy:20)
	at com.kms.katalon.core.webui.keyword.builtin.VerifyTextPresentKeyword.verifyTextPresent(VerifyTextPresentKeyword.groovy:83)
	at com.kms.katalon.core.webui.keyword.builtin.VerifyTextPresentKeyword.execute(VerifyTextPresentKeyword.groovy:68)
	at com.kms.katalon.core.keyword.internal.KeywordExecutor.executeKeywordForPlatform(KeywordExecutor.groovy:72)
	at com.kms.katalon.core.webui.keyword.WebUiBuiltInKeywords.verifyTextPresent(WebUiBuiltInKeywords.groovy:1693)
	at com.kms.katalon.core.webui.keyword.WebUiBuiltInKeywords$verifyTextPresent$5.call(Unknown Source)
	at CAT_Verification_Primary_Contact.run(CAT_Verification_Primary_Contact:23)
	at com.kms.katalon.core.main.ScriptEngine.run(ScriptEngine.java:194)
	at com.kms.katalon.core.main.ScriptEngine.runScriptAsRawText(ScriptEngine.java:119)
	at com.kms.katalon.core.main.TestCaseExecutor.runScript(TestCaseExecutor.java:337)
	at com.kms.katalon.core.main.TestCaseExecutor.doExecute(TestCaseExecutor.java:328)
	at com.kms.katalon.core.main.TestCaseExecutor.processExecutionPhase(TestCaseExecutor.java:307)
	at com.kms.katalon.core.main.TestCaseExecutor.accessMainPhase(TestCaseExecutor.java:299)
	at com.kms.katalon.core.main.TestCaseExecutor.execute(TestCaseExecutor.java:233)
	at com.kms.katalon.core.main.TestCaseMain.runTestCase(TestCaseMain.java:114)
	at com.kms.katalon.core.keyword.builtin.CallTestCaseKeyword$_callTestCase_closure1.doCall(CallTestCaseKeyword.groovy:59)
	... 20 more
Caused by: com.kms.katalon.core.exception.StepFailedException: Text 'David Clarke' is not present on page 
	... 39 more]]></system-out>
      <system-err><![CDATA[2020-01-06 08:15:44 - [TEST_SUITE][FAILED] - Trade_Name_Multiple_Search: Test Cases/Checkatrade_Tradesman_Searches/Trade_Name_Search_Multiple FAILED.
Reason:
com.kms.katalon.core.exception.StepFailedException: Unable to call Test Case 'Test Cases/Reusable_Test_Sequences/CAT_Verification_Primary_Contact' (Root cause: com.kms.katalon.core.exception.StepFailedException: Call Test Case 'Test Cases/Reusable_Test_Sequences/CAT_Verification_Primary_Contact' failed
	at com.kms.katalon.core.keyword.builtin.CallTestCaseKeyword$_callTestCase_closure1.doCall(CallTestCaseKeyword.groovy:63)
	at com.kms.katalon.core.keyword.builtin.CallTestCaseKeyword$_callTestCase_closure1.call(CallTestCaseKeyword.groovy)
	at com.kms.katalon.core.keyword.internal.KeywordMain.runKeyword(KeywordMain.groovy:68)
	at com.kms.katalon.core.keyword.builtin.CallTestCaseKeyword.callTestCase(CallTestCaseKeyword.groovy:81)
	at com.kms.katalon.core.keyword.builtin.CallTestCaseKeyword.execute(CallTestCaseKeyword.groovy:44)
	at com.kms.katalon.core.keyword.internal.KeywordExecutor.executeKeywordForPlatform(KeywordExecutor.groovy:72)
	at com.kms.katalon.core.keyword.BuiltinKeywords.callTestCase(BuiltinKeywords.groovy:334)
	at Trade_Name_Search_Multiple.run(Trade_Name_Search_Multiple:101)
	at com.kms.katalon.core.main.ScriptEngine.run(ScriptEngine.java:194)
	at com.kms.katalon.core.main.ScriptEngine.runScriptAsRawText(ScriptEngine.java:119)
	at com.kms.katalon.core.main.TestCaseExecutor.runScript(TestCaseExecutor.java:337)
	at com.kms.katalon.core.main.TestCaseExecutor.doExecute(TestCaseExecutor.java:328)
	at com.kms.katalon.core.main.TestCaseExecutor.processExecutionPhase(TestCaseExecutor.java:307)
	at com.kms.katalon.core.main.TestCaseExecutor.accessMainPhase(TestCaseExecutor.java:299)
	at com.kms.katalon.core.main.TestCaseExecutor.execute(TestCaseExecutor.java:233)
	at com.kms.katalon.core.main.TestSuiteExecutor.accessTestCaseMainPhase(TestSuiteExecutor.java:169)
	at com.kms.katalon.core.main.TestSuiteExecutor.accessTestSuiteMainPhase(TestSuiteExecutor.java:142)
	at com.kms.katalon.core.main.TestSuiteExecutor.execute(TestSuiteExecutor.java:91)
	at com.kms.katalon.core.main.TestCaseMain.startTestSuite(TestCaseMain.java:157)
	at com.kms.katalon.core.main.TestCaseMain$startTestSuite$0.call(Unknown Source)
	at TempTestSuite1578298539772.run(TempTestSuite1578298539772.groovy:36)
Caused by: com.kms.katalon.core.exception.StepFailedException: Text 'David Clarke' is not present on page  (Root cause: com.kms.katalon.core.exception.StepFailedException: Text 'David Clarke' is not present on page 
	at com.kms.katalon.core.webui.keyword.internal.WebUIKeywordMain.stepFailed(WebUIKeywordMain.groovy:64)
	at com.kms.katalon.core.webui.keyword.builtin.VerifyTextPresentKeyword$_verifyTextPresent_closure1.doCall(VerifyTextPresentKeyword.groovy:79)
	at com.kms.katalon.core.webui.keyword.builtin.VerifyTextPresentKeyword$_verifyTextPresent_closure1.call(VerifyTextPresentKeyword.groovy)
	at com.kms.katalon.core.webui.keyword.internal.WebUIKeywordMain.runKeyword(WebUIKeywordMain.groovy:20)
	at com.kms.katalon.core.webui.keyword.builtin.VerifyTextPresentKeyword.verifyTextPresent(VerifyTextPresentKeyword.groovy:83)
	at com.kms.katalon.core.webui.keyword.builtin.VerifyTextPresentKeyword.execute(VerifyTextPresentKeyword.groovy:68)
	at com.kms.katalon.core.keyword.internal.KeywordExecutor.executeKeywordForPlatform(KeywordExecutor.groovy:72)
	at com.kms.katalon.core.webui.keyword.WebUiBuiltInKeywords.verifyTextPresent(WebUiBuiltInKeywords.groovy:1693)
	at com.kms.katalon.core.webui.keyword.WebUiBuiltInKeywords$verifyTextPresent$5.call(Unknown Source)
	at CAT_Verification_Primary_Contact.run(CAT_Verification_Primary_Contact:23)
	at com.kms.katalon.core.main.ScriptEngine.run(ScriptEngine.java:194)
	at com.kms.katalon.core.main.ScriptEngine.runScriptAsRawText(ScriptEngine.java:119)
	at com.kms.katalon.core.main.TestCaseExecutor.runScript(TestCaseExecutor.java:337)
	at com.kms.katalon.core.main.TestCaseExecutor.doExecute(TestCaseExecutor.java:328)
	at com.kms.katalon.core.main.TestCaseExecutor.processExecutionPhase(TestCaseExecutor.java:307)
	at com.kms.katalon.core.main.TestCaseExecutor.accessMainPhase(TestCaseExecutor.java:299)
	at com.kms.katalon.core.main.TestCaseExecutor.execute(TestCaseExecutor.java:233)
	at com.kms.katalon.core.main.TestCaseMain.runTestCase(TestCaseMain.java:114)
	at com.kms.katalon.core.keyword.builtin.CallTestCaseKeyword$_callTestCase_closure1.doCall(CallTestCaseKeyword.groovy:59)
	at com.kms.katalon.core.keyword.builtin.CallTestCaseKeyword$_callTestCase_closure1.call(CallTestCaseKeyword.groovy)
	at com.kms.katalon.core.keyword.internal.KeywordMain.runKeyword(KeywordMain.groovy:68)
	at com.kms.katalon.core.keyword.builtin.CallTestCaseKeyword.callTestCase(CallTestCaseKeyword.groovy:81)
	at com.kms.katalon.core.keyword.builtin.CallTestCaseKeyword.execute(CallTestCaseKeyword.groovy:44)
	at com.kms.katalon.core.keyword.internal.KeywordExecutor.executeKeywordForPlatform(KeywordExecutor.groovy:72)
	at com.kms.katalon.core.keyword.BuiltinKeywords.callTestCase(BuiltinKeywords.groovy:334)
	at Trade_Name_Search_Multiple.run(Trade_Name_Search_Multiple:101)
	at com.kms.katalon.core.main.ScriptEngine.run(ScriptEngine.java:194)
	at com.kms.katalon.core.main.ScriptEngine.runScriptAsRawText(ScriptEngine.java:119)
	at com.kms.katalon.core.main.TestCaseExecutor.runScript(TestCaseExecutor.java:337)
	at com.kms.katalon.core.main.TestCaseExecutor.doExecute(TestCaseExecutor.java:328)
	at com.kms.katalon.core.main.TestCaseExecutor.processExecutionPhase(TestCaseExecutor.java:307)
	at com.kms.katalon.core.main.TestCaseExecutor.accessMainPhase(TestCaseExecutor.java:299)
	at com.kms.katalon.core.main.TestCaseExecutor.execute(TestCaseExecutor.java:233)
	at com.kms.katalon.core.main.TestSuiteExecutor.accessTestCaseMainPhase(TestSuiteExecutor.java:169)
	at com.kms.katalon.core.main.TestSuiteExecutor.accessTestSuiteMainPhase(TestSuiteExecutor.java:142)
	at com.kms.katalon.core.main.TestSuiteExecutor.execute(TestSuiteExecutor.java:91)
	at com.kms.katalon.core.main.TestCaseMain.startTestSuite(TestCaseMain.java:157)
	at com.kms.katalon.core.main.TestCaseMain$startTestSuite$0.call(Unknown Source)
	at TempTestSuite1578298539772.run(TempTestSuite1578298539772.groovy:36)
)
	at com.kms.katalon.core.keyword.internal.KeywordMain.stepFailed(KeywordMain.groovy:39)
	at com.kms.katalon.core.webui.keyword.internal.WebUIKeywordMain.stepFailed(WebUIKeywordMain.groovy:64)
	at com.kms.katalon.core.webui.keyword.builtin.VerifyTextPresentKeyword$_verifyTextPresent_closure1.doCall(VerifyTextPresentKeyword.groovy:79)
	at com.kms.katalon.core.webui.keyword.builtin.VerifyTextPresentKeyword$_verifyTextPresent_closure1.call(VerifyTextPresentKeyword.groovy)
	at com.kms.katalon.core.webui.keyword.internal.WebUIKeywordMain.runKeyword(WebUIKeywordMain.groovy:20)
	at com.kms.katalon.core.webui.keyword.builtin.VerifyTextPresentKeyword.verifyTextPresent(VerifyTextPresentKeyword.groovy:83)
	at com.kms.katalon.core.webui.keyword.builtin.VerifyTextPresentKeyword.execute(VerifyTextPresentKeyword.groovy:68)
	at com.kms.katalon.core.keyword.internal.KeywordExecutor.executeKeywordForPlatform(KeywordExecutor.groovy:72)
	at com.kms.katalon.core.webui.keyword.WebUiBuiltInKeywords.verifyTextPresent(WebUiBuiltInKeywords.groovy:1693)
	at com.kms.katalon.core.webui.keyword.WebUiBuiltInKeywords$verifyTextPresent$5.call(Unknown Source)
	at CAT_Verification_Primary_Contact.run(CAT_Verification_Primary_Contact:23)
	at com.kms.katalon.core.main.ScriptEngine.run(ScriptEngine.java:194)
	at com.kms.katalon.core.main.ScriptEngine.runScriptAsRawText(ScriptEngine.java:119)
	at com.kms.katalon.core.main.TestCaseExecutor.runScript(TestCaseExecutor.java:337)
	at com.kms.katalon.core.main.TestCaseExecutor.doExecute(TestCaseExecutor.java:328)
	at com.kms.katalon.core.main.TestCaseExecutor.processExecutionPhase(TestCaseExecutor.java:307)
	at com.kms.katalon.core.main.TestCaseExecutor.accessMainPhase(TestCaseExecutor.java:299)
	at com.kms.katalon.core.main.TestCaseExecutor.execute(TestCaseExecutor.java:233)
	at com.kms.katalon.core.main.TestCaseMain.runTestCase(TestCaseMain.java:114)
	at com.kms.katalon.core.keyword.builtin.CallTestCaseKeyword$_callTestCase_closure1.doCall(CallTestCaseKeyword.groovy:59)
	... 20 more
Caused by: com.kms.katalon.core.exception.StepFailedException: Text 'David Clarke' is not present on page 
	... 39 more
)
	at com.kms.katalon.core.keyword.internal.KeywordMain.stepFailed(KeywordMain.groovy:39)
	at com.kms.katalon.core.keyword.internal.KeywordMain.stepFailed(KeywordMain.groovy)
	at com.kms.katalon.core.keyword.internal.KeywordMain.runKeyword(KeywordMain.groovy:70)
	at com.kms.katalon.core.keyword.builtin.CallTestCaseKeyword.callTestCase(CallTestCaseKeyword.groovy:81)
	at com.kms.katalon.core.keyword.builtin.CallTestCaseKeyword.execute(CallTestCaseKeyword.groovy:44)
	at com.kms.katalon.core.keyword.internal.KeywordExecutor.executeKeywordForPlatform(KeywordExecutor.groovy:72)
	at com.kms.katalon.core.keyword.BuiltinKeywords.callTestCase(BuiltinKeywords.groovy:334)
	at Trade_Name_Search_Multiple.run(Trade_Name_Search_Multiple:101)
	at com.kms.katalon.core.main.ScriptEngine.run(ScriptEngine.java:194)
	at com.kms.katalon.core.main.ScriptEngine.runScriptAsRawText(ScriptEngine.java:119)
	at com.kms.katalon.core.main.TestCaseExecutor.runScript(TestCaseExecutor.java:337)
	at com.kms.katalon.core.main.TestCaseExecutor.doExecute(TestCaseExecutor.java:328)
	at com.kms.katalon.core.main.TestCaseExecutor.processExecutionPhase(TestCaseExecutor.java:307)
	at com.kms.katalon.core.main.TestCaseExecutor.accessMainPhase(TestCaseExecutor.java:299)
	at com.kms.katalon.core.main.TestCaseExecutor.execute(TestCaseExecutor.java:233)
	at com.kms.katalon.core.main.TestSuiteExecutor.accessTestCaseMainPhase(TestSuiteExecutor.java:169)
	at com.kms.katalon.core.main.TestSuiteExecutor.accessTestSuiteMainPhase(TestSuiteExecutor.java:142)
	at com.kms.katalon.core.main.TestSuiteExecutor.execute(TestSuiteExecutor.java:91)
	at com.kms.katalon.core.main.TestCaseMain.startTestSuite(TestCaseMain.java:157)
	at com.kms.katalon.core.main.TestCaseMain$startTestSuite$0.call(Unknown Source)
	at TempTestSuite1578298539772.run(TempTestSuite1578298539772.groovy:36)
Caused by: com.kms.katalon.core.exception.StepFailedException: Call Test Case 'Test Cases/Reusable_Test_Sequences/CAT_Verification_Primary_Contact' failed
	at com.kms.katalon.core.keyword.builtin.CallTestCaseKeyword$_callTestCase_closure1.doCall(CallTestCaseKeyword.groovy:63)
	at com.kms.katalon.core.keyword.builtin.CallTestCaseKeyword$_callTestCase_closure1.call(CallTestCaseKeyword.groovy)
	at com.kms.katalon.core.keyword.internal.KeywordMain.runKeyword(KeywordMain.groovy:68)
	... 18 more
Caused by: com.kms.katalon.core.exception.StepFailedException: Text 'David Clarke' is not present on page  (Root cause: com.kms.katalon.core.exception.StepFailedException: Text 'David Clarke' is not present on page 
	at com.kms.katalon.core.webui.keyword.internal.WebUIKeywordMain.stepFailed(WebUIKeywordMain.groovy:64)
	at com.kms.katalon.core.webui.keyword.builtin.VerifyTextPresentKeyword$_verifyTextPresent_closure1.doCall(VerifyTextPresentKeyword.groovy:79)
	at com.kms.katalon.core.webui.keyword.builtin.VerifyTextPresentKeyword$_verifyTextPresent_closure1.call(VerifyTextPresentKeyword.groovy)
	at com.kms.katalon.core.webui.keyword.internal.WebUIKeywordMain.runKeyword(WebUIKeywordMain.groovy:20)
	at com.kms.katalon.core.webui.keyword.builtin.VerifyTextPresentKeyword.verifyTextPresent(VerifyTextPresentKeyword.groovy:83)
	at com.kms.katalon.core.webui.keyword.builtin.VerifyTextPresentKeyword.execute(VerifyTextPresentKeyword.groovy:68)
	at com.kms.katalon.core.keyword.internal.KeywordExecutor.executeKeywordForPlatform(KeywordExecutor.groovy:72)
	at com.kms.katalon.core.webui.keyword.WebUiBuiltInKeywords.verifyTextPresent(WebUiBuiltInKeywords.groovy:1693)
	at com.kms.katalon.core.webui.keyword.WebUiBuiltInKeywords$verifyTextPresent$5.call(Unknown Source)
	at CAT_Verification_Primary_Contact.run(CAT_Verification_Primary_Contact:23)
	at com.kms.katalon.core.main.ScriptEngine.run(ScriptEngine.java:194)
	at com.kms.katalon.core.main.ScriptEngine.runScriptAsRawText(ScriptEngine.java:119)
	at com.kms.katalon.core.main.TestCaseExecutor.runScript(TestCaseExecutor.java:337)
	at com.kms.katalon.core.main.TestCaseExecutor.doExecute(TestCaseExecutor.java:328)
	at com.kms.katalon.core.main.TestCaseExecutor.processExecutionPhase(TestCaseExecutor.java:307)
	at com.kms.katalon.core.main.TestCaseExecutor.accessMainPhase(TestCaseExecutor.java:299)
	at com.kms.katalon.core.main.TestCaseExecutor.execute(TestCaseExecutor.java:233)
	at com.kms.katalon.core.main.TestCaseMain.runTestCase(TestCaseMain.java:114)
	at com.kms.katalon.core.keyword.builtin.CallTestCaseKeyword$_callTestCase_closure1.doCall(CallTestCaseKeyword.groovy:59)
	at com.kms.katalon.core.keyword.builtin.CallTestCaseKeyword$_callTestCase_closure1.call(CallTestCaseKeyword.groovy)
	at com.kms.katalon.core.keyword.internal.KeywordMain.runKeyword(KeywordMain.groovy:68)
	at com.kms.katalon.core.keyword.builtin.CallTestCaseKeyword.callTestCase(CallTestCaseKeyword.groovy:81)
	at com.kms.katalon.core.keyword.builtin.CallTestCaseKeyword.execute(CallTestCaseKeyword.groovy:44)
	at com.kms.katalon.core.keyword.internal.KeywordExecutor.executeKeywordForPlatform(KeywordExecutor.groovy:72)
	at com.kms.katalon.core.keyword.BuiltinKeywords.callTestCase(BuiltinKeywords.groovy:334)
	at Trade_Name_Search_Multiple.run(Trade_Name_Search_Multiple:101)
	at com.kms.katalon.core.main.ScriptEngine.run(ScriptEngine.java:194)
	at com.kms.katalon.core.main.ScriptEngine.runScriptAsRawText(ScriptEngine.java:119)
	at com.kms.katalon.core.main.TestCaseExecutor.runScript(TestCaseExecutor.java:337)
	at com.kms.katalon.core.main.TestCaseExecutor.doExecute(TestCaseExecutor.java:328)
	at com.kms.katalon.core.main.TestCaseExecutor.processExecutionPhase(TestCaseExecutor.java:307)
	at com.kms.katalon.core.main.TestCaseExecutor.accessMainPhase(TestCaseExecutor.java:299)
	at com.kms.katalon.core.main.TestCaseExecutor.execute(TestCaseExecutor.java:233)
	at com.kms.katalon.core.main.TestSuiteExecutor.accessTestCaseMainPhase(TestSuiteExecutor.java:169)
	at com.kms.katalon.core.main.TestSuiteExecutor.accessTestSuiteMainPhase(TestSuiteExecutor.java:142)
	at com.kms.katalon.core.main.TestSuiteExecutor.execute(TestSuiteExecutor.java:91)
	at com.kms.katalon.core.main.TestCaseMain.startTestSuite(TestCaseMain.java:157)
	at com.kms.katalon.core.main.TestCaseMain$startTestSuite$0.call(Unknown Source)
	at TempTestSuite1578298539772.run(TempTestSuite1578298539772.groovy:36)
)
	at com.kms.katalon.core.keyword.internal.KeywordMain.stepFailed(KeywordMain.groovy:39)
	at com.kms.katalon.core.webui.keyword.internal.WebUIKeywordMain.stepFailed(WebUIKeywordMain.groovy:64)
	at com.kms.katalon.core.webui.keyword.builtin.VerifyTextPresentKeyword$_verifyTextPresent_closure1.doCall(VerifyTextPresentKeyword.groovy:79)
	at com.kms.katalon.core.webui.keyword.builtin.VerifyTextPresentKeyword$_verifyTextPresent_closure1.call(VerifyTextPresentKeyword.groovy)
	at com.kms.katalon.core.webui.keyword.internal.WebUIKeywordMain.runKeyword(WebUIKeywordMain.groovy:20)
	at com.kms.katalon.core.webui.keyword.builtin.VerifyTextPresentKeyword.verifyTextPresent(VerifyTextPresentKeyword.groovy:83)
	at com.kms.katalon.core.webui.keyword.builtin.VerifyTextPresentKeyword.execute(VerifyTextPresentKeyword.groovy:68)
	at com.kms.katalon.core.keyword.internal.KeywordExecutor.executeKeywordForPlatform(KeywordExecutor.groovy:72)
	at com.kms.katalon.core.webui.keyword.WebUiBuiltInKeywords.verifyTextPresent(WebUiBuiltInKeywords.groovy:1693)
	at com.kms.katalon.core.webui.keyword.WebUiBuiltInKeywords$verifyTextPresent$5.call(Unknown Source)
	at CAT_Verification_Primary_Contact.run(CAT_Verification_Primary_Contact:23)
	at com.kms.katalon.core.main.ScriptEngine.run(ScriptEngine.java:194)
	at com.kms.katalon.core.main.ScriptEngine.runScriptAsRawText(ScriptEngine.java:119)
	at com.kms.katalon.core.main.TestCaseExecutor.runScript(TestCaseExecutor.java:337)
	at com.kms.katalon.core.main.TestCaseExecutor.doExecute(TestCaseExecutor.java:328)
	at com.kms.katalon.core.main.TestCaseExecutor.processExecutionPhase(TestCaseExecutor.java:307)
	at com.kms.katalon.core.main.TestCaseExecutor.accessMainPhase(TestCaseExecutor.java:299)
	at com.kms.katalon.core.main.TestCaseExecutor.execute(TestCaseExecutor.java:233)
	at com.kms.katalon.core.main.TestCaseMain.runTestCase(TestCaseMain.java:114)
	at com.kms.katalon.core.keyword.builtin.CallTestCaseKeyword$_callTestCase_closure1.doCall(CallTestCaseKeyword.groovy:59)
	... 20 more
Caused by: com.kms.katalon.core.exception.StepFailedException: Text 'David Clarke' is not present on page 
	... 39 more]]></system-err>
   </testsuite>
</testsuites>
