<?xml version="1.0" encoding="UTF-8"?>
<testsuites name="Web_Office_Settings" time="607.655" tests="21" failures="1" errors="0">
   <testsuite name="Web_Office_Settings" tests="21" failures="1" errors="0" time="607.655" timestamp="2020-04-22 14:55:27" hostname="DavidHo - 192.168.1.238" id="Test Suites/Web_Office_Settings">
      <properties>
         <property name="deviceName" value=""/>
         <property name="devicePlatform" value=""/>
         <property name="logFolder" value="C:\\Users\\davidho\\git\\src\\Reports\\20200422_143058\\Web_Office_Settings\\20200422_143107"/>
         <property name="logFiles" value="C:\\Users\\davidho\\git\\src\\Reports\\20200422_143058\\Web_Office_Settings\\20200422_143107\\execution0.log"/>
         <property name="attachments" value="C:\\Users\\davidho\\git\\src\\Reports\\20200422_143058\\Web_Office_Settings\\20200422_143107\\1587563939043.png, C:\\Users\\davidho\\git\\src\\Reports\\20200422_143058\\Web_Office_Settings\\20200422_143107\\1587563940611.png"/>
         <property name="hostName" value="DavidHo - 192.168.1.238"/>
         <property name="os" value="Windows 10 32bit"/>
         <property name="katalonVersion" value="7.4.0.1"/>
         <property name="browser" value="Chrome 81.0.4044.113"/>
         <property name="hostAddress" value="192.168.1.238"/>
         <property name="sessionId" value="2191017a0344a30d7880316c4a1d58c2"/>
         <property name="seleniumVersion" value="3.141.59"/>
         <property name="proxyInformation" value="ProxyInformation{proxyOption=NO_PROXY, proxyServerType=HTTP, password=, proxyServerAddress=, proxyServerPort=0, executionList=}"/>
         <property name="platform" value="Windows 10"/>
      </properties>
      <testcase name="Test Cases/Web_Office/Settings/Checkatrade_Com/Homepage Boxes" time="23.66" classname="Test Cases/Web_Office/Settings/Checkatrade_Com/Homepage Boxes" status="PASSED">
         <system-out><![CDATA[2020-04-22 14:55:28 - [TEST_CASE][PASSED] - Test Cases/Web_Office/Settings/Checkatrade_Com/Homepage Boxes: Test Cases/Web_Office/Settings/Checkatrade_Com/Homepage Boxes

2020-04-22 14:55:28 - [TEST_STEP][PASSED] - "--------------------------------------": null

2020-04-22 14:55:28 - [TEST_STEP][PASSED] - " Web Office StartUp                  |": null

2020-04-22 14:55:28 - [TEST_STEP][PASSED] - callTestCase(findTestCase("Reusable_Test_Sequences/Web_Office/Directives/WebOffice_StartUp"), [:], STOP_ON_FAILURE): Call Test Case 'Test Cases/Reusable_Test_Sequences/Web_Office/Directives/WebOffice_StartUp' successfully

2020-04-22 14:55:28 - [TEST_CASE][PASSED] - Test Cases/Reusable_Test_Sequences/Web_Office/Directives/WebOffice_StartUp: Test Cases/Reusable_Test_Sequences/Web_Office/Directives/WebOffice_StartUp

2020-04-22 14:55:29 - [TEST_STEP][PASSED] - "-----------------------------------------------------------------------------": null

2020-04-22 14:55:29 - [TEST_STEP][PASSED] - if (URL == "https://www.dev.checkatrade.com/"): null

2020-04-22 14:55:29 - [TEST_STEP][PASSED] - "-----------------------------------------------------------------------------": null

2020-04-22 14:55:29 - [TEST_STEP][PASSED] - if (URL == "https://www.checkatrade.com/"): null

2020-04-22 14:55:29 - [TEST_STEP][PASSED] - "-----------------------------------------------------------------------------": null

2020-04-22 14:55:29 - [TEST_STEP][PASSED] - if (URL == "https://www.preview.checkatrade.com/"): null

2020-04-22 14:55:29 - [TEST_STEP][PASSED] - WebOfficeURL = "https://admin.preview.checkatrade.com/": null

2020-04-22 14:55:29 - [TEST_STEP][PASSED] - if (URL == "https://www.dev2.checkatrade.com/"): null

2020-04-22 14:55:29 - [TEST_STEP][PASSED] - "Set Function Area for "URL_Handler", URL Resolution": null

2020-04-22 14:55:29 - [TEST_STEP][PASSED] - "Do Some Magic with URL(s) See the comments within URL Handler ": null

2020-04-22 14:55:29 - [TEST_STEP][PASSED] - "------------------------------------------------": null

2020-04-22 14:55:29 - [TEST_STEP][PASSED] - "Moved Login Credentials to <Default> profile 22/01/2020": null

2020-04-22 14:55:29 - [TEST_STEP][PASSED] - "------------------------------------------------": null

2020-04-22 14:55:29 - [TEST_STEP][PASSED] - "WebOfficeURL - Set from the ENVIRONMENT PROFILE ": null

2020-04-22 14:55:29 - [TEST_STEP][PASSED] - "OPEN BROWSER": null

2020-04-22 14:55:29 - [TEST_STEP][PASSED] - "eg - https://admin.preview.checkatrade.com/  ": null

2020-04-22 14:55:30 - [TEST_STEP][PASSED] - openBrowser(WebOfficeURL): Browser is opened with url: 'https://admin.preview.checkatrade.com/'

2020-04-22 14:55:30 - [MESSAGE][INFO] - Starting 'Chrome' driver

2020-04-22 14:55:30 - [MESSAGE][INFO] - Action delay is set to 0 milliseconds

2020-04-22 14:55:36 - [MESSAGE][PASSED] - Browser is opened with url: 'https://admin.preview.checkatrade.com/'

2020-04-22 14:55:36 - [TEST_STEP][PASSED] - maximizeWindow(): Current window maximized

2020-04-22 14:55:39 - [MESSAGE][PASSED] - Current window maximized

2020-04-22 14:55:39 - [TEST_STEP][PASSED] - waitForElementClickable(findTestObject("Object Repository/WebOffice/Page_Checkatrade - Administration - Login/Login_Button"), 25): Object 'Object Repository/WebOffice/Page_Checkatrade - Administration - Login/Login_Button' is clickable

2020-04-22 14:55:40 - [MESSAGE][PASSED] - Object 'Object Repository/WebOffice/Page_Checkatrade - Administration - Login/Login_Button' is clickable

2020-04-22 14:55:40 - [TEST_STEP][PASSED] - verifyTextPresent("Checkatrade Web Office", false): Text 'Checkatrade Web Office' is present on page 

2020-04-22 14:55:40 - [MESSAGE][PASSED] - Text 'Checkatrade Web Office' is present on page 

2020-04-22 14:55:40 - [TEST_STEP][PASSED] - verifyTextPresent("Access for staff use only", false): Text 'Access for staff use only' is present on page 

2020-04-22 14:55:41 - [MESSAGE][PASSED] - Text 'Access for staff use only' is present on page 

2020-04-22 14:55:41 - [TEST_STEP][PASSED] - verifyTextPresent("Forgotten password?", false): Text 'Forgotten password?' is present on page 

2020-04-22 14:55:41 - [MESSAGE][PASSED] - Text 'Forgotten password?' is present on page 

2020-04-22 14:55:41 - [TEST_STEP][PASSED] - setText(findTestObject("Object Repository/WebOffice/Page_Checkatrade - Administration - Login/input_Username_LoginControlUserName"), wo_Username): Text 'DavidHo' is set on object 'Object Repository/WebOffice/Page_Checkatrade - Administration - Login/input_Username_LoginControlUserName'

2020-04-22 14:55:41 - [MESSAGE][PASSED] - Text 'DavidHo' is set on object 'Object Repository/WebOffice/Page_Checkatrade - Administration - Login/input_Username_LoginControlUserName'

2020-04-22 14:55:41 - [TEST_STEP][PASSED] - setText(findTestObject("Object Repository/WebOffice/Page_Checkatrade - Administration - Login/input_Password_LoginControlPassword"), wo_Password): Text 'Check123' is set on object 'Object Repository/WebOffice/Page_Checkatrade - Administration - Login/input_Password_LoginControlPassword'

2020-04-22 14:55:41 - [MESSAGE][PASSED] - Text 'Check123' is set on object 'Object Repository/WebOffice/Page_Checkatrade - Administration - Login/input_Password_LoginControlPassword'

2020-04-22 14:55:41 - [TEST_STEP][PASSED] - click(findTestObject("Object Repository/WebOffice/Page_Checkatrade - Administration - Login/Login_Button")): Object: 'Object Repository/WebOffice/Page_Checkatrade - Administration - Login/Login_Button' is clicked on

2020-04-22 14:55:42 - [MESSAGE][PASSED] - Object: 'Object Repository/WebOffice/Page_Checkatrade - Administration - Login/Login_Button' is clicked on

2020-04-22 14:55:42 - [TEST_STEP][PASSED] - waitForPageLoad(60): Wait for page load successfully

2020-04-22 14:55:42 - [MESSAGE][PASSED] - Wait for page load successfully

2020-04-22 14:55:43 - [TEST_STEP][PASSED] - verifyTextPresent("Welcome " + wo_Username, false): Text 'Welcome DavidHo' is present on page 

2020-04-22 14:55:43 - [MESSAGE][PASSED] - Text 'Welcome DavidHo' is present on page 

2020-04-22 14:55:43 - [MESSAGE][PASSED] - Call Test Case 'Test Cases/Reusable_Test_Sequences/Web_Office/Directives/WebOffice_StartUp' successfully

2020-04-22 14:55:43 - [TEST_STEP][PASSED] - "-----------------------------------------------------------------": null

2020-04-22 14:55:43 - [TEST_STEP][PASSED] - " Navigate to <Settings->Checkatrade.Com->Sub Item> Menu Item     |": null

2020-04-22 14:55:43 - [TEST_STEP][PASSED] - callTestCase(findTestCase("Reusable_Test_Sequences/Web_Office/Navigation/Sub_Menu_Navigation/Settings/Checkatrade_Com/Homepage_Boxes"), [:], STOP_ON_FAILURE): Call Test Case 'Test Cases/Reusable_Test_Sequences/Web_Office/Navigation/Sub_Menu_Navigation/Settings/Checkatrade_Com/Homepage_Boxes' successfully

2020-04-22 14:55:43 - [TEST_CASE][PASSED] - Test Cases/Reusable_Test_Sequences/Web_Office/Navigation/Sub_Menu_Navigation/Settings/Checkatrade_Com/Homepage_Boxes: Test Cases/Reusable_Test_Sequences/Web_Office/Navigation/Sub_Menu_Navigation/Settings/Checkatrade_Com/Homepage_Boxes

2020-04-22 14:55:44 - [TEST_STEP][PASSED] - "--------------------------------------": null

2020-04-22 14:55:44 - [TEST_STEP][PASSED] - " Navigate Top level menu Item         |": null

2020-04-22 14:55:44 - [TEST_STEP][PASSED] - waitForPageLoad(60): Wait for page load successfully

2020-04-22 14:55:44 - [MESSAGE][PASSED] - Wait for page load successfully

2020-04-22 14:55:44 - [TEST_STEP][PASSED] - waitForElementClickable(findTestObject("Object Repository/WebOffice_Home_page/a_Settings"), 60): Object 'Object Repository/WebOffice_Home_page/a_Settings' is clickable

2020-04-22 14:55:44 - [MESSAGE][PASSED] - Object 'Object Repository/WebOffice_Home_page/a_Settings' is clickable

2020-04-22 14:55:44 - [TEST_STEP][PASSED] - mouseOver(findTestObject("Object Repository/WebOffice_Home_page/a_Settings")): Object: 'Object Repository/WebOffice_Home_page/a_Settings' is hovered

2020-04-22 14:55:44 - [MESSAGE][PASSED] - Object: 'Object Repository/WebOffice_Home_page/a_Settings' is hovered

2020-04-22 14:55:44 - [TEST_STEP][PASSED] - mouseOver(findTestObject("Object Repository/WebOffice_Home_page/a_wwwcheckatradecom")): Object: 'Object Repository/WebOffice_Home_page/a_wwwcheckatradecom' is hovered

2020-04-22 14:55:45 - [MESSAGE][PASSED] - Object: 'Object Repository/WebOffice_Home_page/a_wwwcheckatradecom' is hovered

2020-04-22 14:55:45 - [TEST_STEP][PASSED] - waitForElementClickable(findTestObject("Object Repository/WebOffice_Home_page/a_Homepage Boxes"), 1): Object 'Object Repository/WebOffice_Home_page/a_Homepage Boxes' is clickable

2020-04-22 14:55:45 - [MESSAGE][PASSED] - Object 'Object Repository/WebOffice_Home_page/a_Homepage Boxes' is clickable

2020-04-22 14:55:45 - [TEST_STEP][PASSED] - click(findTestObject("Object Repository/WebOffice_Home_page/a_Homepage Boxes")): Object: 'Object Repository/WebOffice_Home_page/a_Homepage Boxes' is clicked on

2020-04-22 14:55:45 - [MESSAGE][PASSED] - Object: 'Object Repository/WebOffice_Home_page/a_Homepage Boxes' is clicked on

2020-04-22 14:55:45 - [MESSAGE][PASSED] - Call Test Case 'Test Cases/Reusable_Test_Sequences/Web_Office/Navigation/Sub_Menu_Navigation/Settings/Checkatrade_Com/Homepage_Boxes' successfully

2020-04-22 14:55:45 - [TEST_STEP][PASSED] - "--------------------------------------": null

2020-04-22 14:55:45 - [TEST_STEP][PASSED] - " Verify Returned Page Detail          |": null

2020-04-22 14:55:45 - [TEST_STEP][PASSED] - callTestCase(findTestCase("Reusable_Test_Sequences/Web_Office/Verification/Settings/Checkatrade_Com/Homepage_Boxes"), [:], OPTIONAL): Call Test Case 'Test Cases/Reusable_Test_Sequences/Web_Office/Verification/Settings/Checkatrade_Com/Homepage_Boxes' successfully

2020-04-22 14:55:45 - [TEST_CASE][PASSED] - Test Cases/Reusable_Test_Sequences/Web_Office/Verification/Settings/Checkatrade_Com/Homepage_Boxes: Test Cases/Reusable_Test_Sequences/Web_Office/Verification/Settings/Checkatrade_Com/Homepage_Boxes

2020-04-22 14:55:46 - [TEST_STEP][PASSED] - waitForPageLoad(60): Wait for page load successfully

2020-04-22 14:55:46 - [MESSAGE][PASSED] - Wait for page load successfully

2020-04-22 14:55:46 - [TEST_STEP][PASSED] - delay(1): Delayed 1 second(s)

2020-04-22 14:55:47 - [MESSAGE][PASSED] - Delayed 1 second(s)

2020-04-22 14:55:47 - [TEST_STEP][PASSED] - verifyTextPresent("Homepage Boxes", false): Text 'Homepage Boxes' is present on page 

2020-04-22 14:55:47 - [MESSAGE][PASSED] - Text 'Homepage Boxes' is present on page 

2020-04-22 14:55:47 - [TEST_STEP][PASSED] - "----------------------------------------------": null

2020-04-22 14:55:47 - [TEST_STEP][PASSED] - verifyTextPresent("Box 1", false): Text 'Box 1' is present on page 

2020-04-22 14:55:47 - [MESSAGE][PASSED] - Text 'Box 1' is present on page 

2020-04-22 14:55:47 - [TEST_STEP][PASSED] - verifyTextPresent("Currently unavailable as box has been replaced", false): Text 'Currently unavailable as box has been replaced' is present on page 

2020-04-22 14:55:48 - [MESSAGE][PASSED] - Text 'Currently unavailable as box has been replaced' is present on page 

2020-04-22 14:55:48 - [TEST_STEP][PASSED] - verifyTextPresent("Contents", false): Text 'Contents' is present on page 

2020-04-22 14:55:48 - [MESSAGE][PASSED] - Text 'Contents' is present on page 

2020-04-22 14:55:48 - [TEST_STEP][PASSED] - verifyTextPresent("Statistics boxes", false): Text 'Statistics boxes' is present on page 

2020-04-22 14:55:48 - [MESSAGE][PASSED] - Text 'Statistics boxes' is present on page 

2020-04-22 14:55:48 - [TEST_STEP][PASSED] - "----------------------------------------------": null

2020-04-22 14:55:48 - [TEST_STEP][PASSED] - verifyTextPresent("Stat box 1", false): Text 'Stat box 1' is present on page 

2020-04-22 14:55:49 - [MESSAGE][PASSED] - Text 'Stat box 1' is present on page 

2020-04-22 14:55:49 - [TEST_STEP][PASSED] - verifyTextPresent("Stat box 2", false): Text 'Stat box 2' is present on page 

2020-04-22 14:55:49 - [MESSAGE][PASSED] - Text 'Stat box 2' is present on page 

2020-04-22 14:55:49 - [TEST_STEP][PASSED] - verifyTextPresent("Stat box 3", false): Text 'Stat box 3' is present on page 

2020-04-22 14:55:49 - [MESSAGE][PASSED] - Text 'Stat box 3' is present on page 

2020-04-22 14:55:49 - [TEST_STEP][PASSED] - verifyTextPresent("Feedback", false): Text 'Feedback' is present on page 

2020-04-22 14:55:49 - [MESSAGE][PASSED] - Text 'Feedback' is present on page 

2020-04-22 14:55:49 - [TEST_STEP][PASSED] - verifyTextPresent("Note: It may take up to 15 minutes for these changes to take effect on the homepage.", false): Text 'Note: It may take up to 15 minutes for these changes to take effect on the homepage.' is present on page 

2020-04-22 14:55:50 - [MESSAGE][PASSED] - Text 'Note: It may take up to 15 minutes for these changes to take effect on the homepage.' is present on page 

2020-04-22 14:55:50 - [MESSAGE][PASSED] - Call Test Case 'Test Cases/Reusable_Test_Sequences/Web_Office/Verification/Settings/Checkatrade_Com/Homepage_Boxes' successfully

2020-04-22 14:55:50 - [TEST_STEP][PASSED] - "--------------------------": null

2020-04-22 14:55:50 - [TEST_STEP][PASSED] - " Teardown - CLose Browser |": null

2020-04-22 14:55:50 - [TEST_STEP][PASSED] - callTestCase(findTestCase("Reusable_Test_Sequences/CAT_Teardown"), [:], OPTIONAL): Call Test Case 'Test Cases/Reusable_Test_Sequences/CAT_Teardown' successfully

2020-04-22 14:55:50 - [TEST_CASE][PASSED] - Test Cases/Reusable_Test_Sequences/CAT_Teardown: Test Cases/Reusable_Test_Sequences/CAT_Teardown

2020-04-22 14:55:50 - [TEST_STEP][PASSED] - closeBrowser(): Browser is closed

2020-04-22 14:55:51 - [MESSAGE][PASSED] - Browser is closed

2020-04-22 14:55:51 - [TEST_STEP][PASSED] - super.finalize(): null

2020-04-22 14:55:51 - [TEST_STEP][PASSED] - System.gc(): null

2020-04-22 14:55:51 - [MESSAGE][PASSED] - Call Test Case 'Test Cases/Reusable_Test_Sequences/CAT_Teardown' successfully]]></system-out>
         <system-err><![CDATA[]]></system-err>
      </testcase>
      <testcase name="Test Cases/Web_Office/Settings/Checkatrade_Com/Testimonials" time="26.61" classname="Test Cases/Web_Office/Settings/Checkatrade_Com/Testimonials" status="PASSED">
         <system-out><![CDATA[2020-04-22 14:55:51 - [TEST_CASE][PASSED] - Test Cases/Web_Office/Settings/Checkatrade_Com/Testimonials: Test Cases/Web_Office/Settings/Checkatrade_Com/Testimonials

2020-04-22 14:55:52 - [TEST_STEP][PASSED] - "--------------------------------------": null

2020-04-22 14:55:52 - [TEST_STEP][PASSED] - " Web Office StartUp                  |": null

2020-04-22 14:55:52 - [TEST_STEP][PASSED] - callTestCase(findTestCase("Reusable_Test_Sequences/Web_Office/Directives/WebOffice_StartUp"), [:], STOP_ON_FAILURE): Call Test Case 'Test Cases/Reusable_Test_Sequences/Web_Office/Directives/WebOffice_StartUp' successfully

2020-04-22 14:55:52 - [TEST_CASE][PASSED] - Test Cases/Reusable_Test_Sequences/Web_Office/Directives/WebOffice_StartUp: Test Cases/Reusable_Test_Sequences/Web_Office/Directives/WebOffice_StartUp

2020-04-22 14:55:52 - [TEST_STEP][PASSED] - "-----------------------------------------------------------------------------": null

2020-04-22 14:55:52 - [TEST_STEP][PASSED] - if (URL == "https://www.dev.checkatrade.com/"): null

2020-04-22 14:55:52 - [TEST_STEP][PASSED] - "-----------------------------------------------------------------------------": null

2020-04-22 14:55:52 - [TEST_STEP][PASSED] - if (URL == "https://www.checkatrade.com/"): null

2020-04-22 14:55:52 - [TEST_STEP][PASSED] - "-----------------------------------------------------------------------------": null

2020-04-22 14:55:52 - [TEST_STEP][PASSED] - if (URL == "https://www.preview.checkatrade.com/"): null

2020-04-22 14:55:52 - [TEST_STEP][PASSED] - WebOfficeURL = "https://admin.preview.checkatrade.com/": null

2020-04-22 14:55:52 - [TEST_STEP][PASSED] - if (URL == "https://www.dev2.checkatrade.com/"): null

2020-04-22 14:55:52 - [TEST_STEP][PASSED] - "Set Function Area for "URL_Handler", URL Resolution": null

2020-04-22 14:55:52 - [TEST_STEP][PASSED] - "Do Some Magic with URL(s) See the comments within URL Handler ": null

2020-04-22 14:55:52 - [TEST_STEP][PASSED] - "------------------------------------------------": null

2020-04-22 14:55:52 - [TEST_STEP][PASSED] - "Moved Login Credentials to <Default> profile 22/01/2020": null

2020-04-22 14:55:52 - [TEST_STEP][PASSED] - "------------------------------------------------": null

2020-04-22 14:55:52 - [TEST_STEP][PASSED] - "WebOfficeURL - Set from the ENVIRONMENT PROFILE ": null

2020-04-22 14:55:52 - [TEST_STEP][PASSED] - "OPEN BROWSER": null

2020-04-22 14:55:52 - [TEST_STEP][PASSED] - "eg - https://admin.preview.checkatrade.com/  ": null

2020-04-22 14:55:52 - [TEST_STEP][PASSED] - openBrowser(WebOfficeURL): Browser is opened with url: 'https://admin.preview.checkatrade.com/'

2020-04-22 14:55:52 - [MESSAGE][INFO] - Starting 'Chrome' driver

2020-04-22 14:55:52 - [MESSAGE][INFO] - Action delay is set to 0 milliseconds

2020-04-22 14:55:59 - [MESSAGE][PASSED] - Browser is opened with url: 'https://admin.preview.checkatrade.com/'

2020-04-22 14:55:59 - [TEST_STEP][PASSED] - maximizeWindow(): Current window maximized

2020-04-22 14:56:01 - [MESSAGE][PASSED] - Current window maximized

2020-04-22 14:56:01 - [TEST_STEP][PASSED] - waitForElementClickable(findTestObject("Object Repository/WebOffice/Page_Checkatrade - Administration - Login/Login_Button"), 25): Object 'Object Repository/WebOffice/Page_Checkatrade - Administration - Login/Login_Button' is clickable

2020-04-22 14:56:01 - [MESSAGE][PASSED] - Object 'Object Repository/WebOffice/Page_Checkatrade - Administration - Login/Login_Button' is clickable

2020-04-22 14:56:01 - [TEST_STEP][PASSED] - verifyTextPresent("Checkatrade Web Office", false): Text 'Checkatrade Web Office' is present on page 

2020-04-22 14:56:01 - [MESSAGE][PASSED] - Text 'Checkatrade Web Office' is present on page 

2020-04-22 14:56:01 - [TEST_STEP][PASSED] - verifyTextPresent("Access for staff use only", false): Text 'Access for staff use only' is present on page 

2020-04-22 14:56:02 - [MESSAGE][PASSED] - Text 'Access for staff use only' is present on page 

2020-04-22 14:56:02 - [TEST_STEP][PASSED] - verifyTextPresent("Forgotten password?", false): Text 'Forgotten password?' is present on page 

2020-04-22 14:56:02 - [MESSAGE][PASSED] - Text 'Forgotten password?' is present on page 

2020-04-22 14:56:02 - [TEST_STEP][PASSED] - setText(findTestObject("Object Repository/WebOffice/Page_Checkatrade - Administration - Login/input_Username_LoginControlUserName"), wo_Username): Text 'DavidHo' is set on object 'Object Repository/WebOffice/Page_Checkatrade - Administration - Login/input_Username_LoginControlUserName'

2020-04-22 14:56:02 - [MESSAGE][PASSED] - Text 'DavidHo' is set on object 'Object Repository/WebOffice/Page_Checkatrade - Administration - Login/input_Username_LoginControlUserName'

2020-04-22 14:56:02 - [TEST_STEP][PASSED] - setText(findTestObject("Object Repository/WebOffice/Page_Checkatrade - Administration - Login/input_Password_LoginControlPassword"), wo_Password): Text 'Check123' is set on object 'Object Repository/WebOffice/Page_Checkatrade - Administration - Login/input_Password_LoginControlPassword'

2020-04-22 14:56:02 - [MESSAGE][PASSED] - Text 'Check123' is set on object 'Object Repository/WebOffice/Page_Checkatrade - Administration - Login/input_Password_LoginControlPassword'

2020-04-22 14:56:02 - [TEST_STEP][PASSED] - click(findTestObject("Object Repository/WebOffice/Page_Checkatrade - Administration - Login/Login_Button")): Object: 'Object Repository/WebOffice/Page_Checkatrade - Administration - Login/Login_Button' is clicked on

2020-04-22 14:56:04 - [MESSAGE][PASSED] - Object: 'Object Repository/WebOffice/Page_Checkatrade - Administration - Login/Login_Button' is clicked on

2020-04-22 14:56:04 - [TEST_STEP][PASSED] - waitForPageLoad(60): Wait for page load successfully

2020-04-22 14:56:04 - [MESSAGE][PASSED] - Wait for page load successfully

2020-04-22 14:56:04 - [TEST_STEP][PASSED] - verifyTextPresent("Welcome " + wo_Username, false): Text 'Welcome DavidHo' is present on page 

2020-04-22 14:56:04 - [MESSAGE][PASSED] - Text 'Welcome DavidHo' is present on page 

2020-04-22 14:56:04 - [MESSAGE][PASSED] - Call Test Case 'Test Cases/Reusable_Test_Sequences/Web_Office/Directives/WebOffice_StartUp' successfully

2020-04-22 14:56:04 - [TEST_STEP][PASSED] - "-----------------------------------------------------------------": null

2020-04-22 14:56:04 - [TEST_STEP][PASSED] - " Navigate to <Settings->Checkatrade.Com->Sub Item> Menu Item     |": null

2020-04-22 14:56:04 - [TEST_STEP][PASSED] - callTestCase(findTestCase("Reusable_Test_Sequences/Web_Office/Navigation/Sub_Menu_Navigation/Settings/Checkatrade_Com/Testimonials"), [:], STOP_ON_FAILURE): Call Test Case 'Test Cases/Reusable_Test_Sequences/Web_Office/Navigation/Sub_Menu_Navigation/Settings/Checkatrade_Com/Testimonials' successfully

2020-04-22 14:56:04 - [TEST_CASE][PASSED] - Test Cases/Reusable_Test_Sequences/Web_Office/Navigation/Sub_Menu_Navigation/Settings/Checkatrade_Com/Testimonials: Test Cases/Reusable_Test_Sequences/Web_Office/Navigation/Sub_Menu_Navigation/Settings/Checkatrade_Com/Testimonials

2020-04-22 14:56:05 - [TEST_STEP][PASSED] - "--------------------------------------": null

2020-04-22 14:56:05 - [TEST_STEP][PASSED] - " Navigate Top level menu Item         |": null

2020-04-22 14:56:05 - [TEST_STEP][PASSED] - waitForPageLoad(60): Wait for page load successfully

2020-04-22 14:56:05 - [MESSAGE][PASSED] - Wait for page load successfully

2020-04-22 14:56:05 - [TEST_STEP][PASSED] - waitForElementClickable(findTestObject("Object Repository/WebOffice_Home_page/a_Settings"), 60): Object 'Object Repository/WebOffice_Home_page/a_Settings' is clickable

2020-04-22 14:56:05 - [MESSAGE][PASSED] - Object 'Object Repository/WebOffice_Home_page/a_Settings' is clickable

2020-04-22 14:56:05 - [TEST_STEP][PASSED] - mouseOver(findTestObject("Object Repository/WebOffice_Home_page/a_Settings")): Object: 'Object Repository/WebOffice_Home_page/a_Settings' is hovered

2020-04-22 14:56:05 - [MESSAGE][PASSED] - Object: 'Object Repository/WebOffice_Home_page/a_Settings' is hovered

2020-04-22 14:56:05 - [TEST_STEP][PASSED] - mouseOver(findTestObject("Object Repository/WebOffice_Home_page/a_wwwcheckatradecom")): Object: 'Object Repository/WebOffice_Home_page/a_wwwcheckatradecom' is hovered

2020-04-22 14:56:05 - [MESSAGE][PASSED] - Object: 'Object Repository/WebOffice_Home_page/a_wwwcheckatradecom' is hovered

2020-04-22 14:56:05 - [TEST_STEP][PASSED] - waitForElementClickable(findTestObject("Object Repository/WebOffice_Home_page/a_Testimonials"), 1): Object 'Object Repository/WebOffice_Home_page/a_Testimonials' is clickable

2020-04-22 14:56:06 - [MESSAGE][PASSED] - Object 'Object Repository/WebOffice_Home_page/a_Testimonials' is clickable

2020-04-22 14:56:06 - [TEST_STEP][PASSED] - click(findTestObject("Object Repository/WebOffice_Home_page/a_Testimonials")): Object: 'Object Repository/WebOffice_Home_page/a_Testimonials' is clicked on

2020-04-22 14:56:06 - [MESSAGE][PASSED] - Object: 'Object Repository/WebOffice_Home_page/a_Testimonials' is clicked on

2020-04-22 14:56:06 - [MESSAGE][PASSED] - Call Test Case 'Test Cases/Reusable_Test_Sequences/Web_Office/Navigation/Sub_Menu_Navigation/Settings/Checkatrade_Com/Testimonials' successfully

2020-04-22 14:56:06 - [TEST_STEP][PASSED] - "--------------------------------------": null

2020-04-22 14:56:06 - [TEST_STEP][PASSED] - " Verify Returned Page Detail          |": null

2020-04-22 14:56:06 - [TEST_STEP][PASSED] - callTestCase(findTestCase("Reusable_Test_Sequences/Web_Office/Verification/Settings/Checkatrade_Com/Testimonials"), [:], OPTIONAL): Call Test Case 'Test Cases/Reusable_Test_Sequences/Web_Office/Verification/Settings/Checkatrade_Com/Testimonials' successfully

2020-04-22 14:56:06 - [TEST_CASE][PASSED] - Test Cases/Reusable_Test_Sequences/Web_Office/Verification/Settings/Checkatrade_Com/Testimonials: Test Cases/Reusable_Test_Sequences/Web_Office/Verification/Settings/Checkatrade_Com/Testimonials

2020-04-22 14:56:07 - [TEST_STEP][PASSED] - waitForPageLoad(60): Wait for page load successfully

2020-04-22 14:56:08 - [MESSAGE][PASSED] - Wait for page load successfully

2020-04-22 14:56:08 - [TEST_STEP][PASSED] - delay(1): Delayed 1 second(s)

2020-04-22 14:56:09 - [MESSAGE][PASSED] - Delayed 1 second(s)

2020-04-22 14:56:09 - [TEST_STEP][PASSED] - verifyTextPresent("Testimonials", false): Text 'Testimonials' is present on page 

2020-04-22 14:56:09 - [MESSAGE][PASSED] - Text 'Testimonials' is present on page 

2020-04-22 14:56:09 - [TEST_STEP][PASSED] - "----------------------------------------------": null

2020-04-22 14:56:09 - [TEST_STEP][PASSED] - "----------------------------------------------": null

2020-04-22 14:56:09 - [TEST_STEP][PASSED] - "----------------------------------------------": null

2020-04-22 14:56:09 - [TEST_STEP][PASSED] - verifyTextPresent("Type", false): Text 'Type' is present on page 

2020-04-22 14:56:10 - [MESSAGE][PASSED] - Text 'Type' is present on page 

2020-04-22 14:56:10 - [TEST_STEP][PASSED] - verifyTextPresent("Name or Location", false): Text 'Name or Location' is present on page 

2020-04-22 14:56:10 - [MESSAGE][PASSED] - Text 'Name or Location' is present on page 

2020-04-22 14:56:10 - [TEST_STEP][PASSED] - verifyTextPresent("Company", false): Text 'Company' is present on page 

2020-04-22 14:56:11 - [MESSAGE][PASSED] - Text 'Company' is present on page 

2020-04-22 14:56:11 - [TEST_STEP][PASSED] - verifyTextPresent("Quote", false): Text 'Quote' is present on page 

2020-04-22 14:56:11 - [MESSAGE][PASSED] - Text 'Quote' is present on page 

2020-04-22 14:56:11 - [TEST_STEP][PASSED] - "----------------------------------------------": null

2020-04-22 14:56:11 - [TEST_STEP][PASSED] - verifyTextPresent("Consumer", false): Text 'Consumer' is present on page 

2020-04-22 14:56:12 - [MESSAGE][PASSED] - Text 'Consumer' is present on page 

2020-04-22 14:56:12 - [TEST_STEP][PASSED] - verifyTextPresent("Watford", false): Text 'Watford' is present on page 

2020-04-22 14:56:12 - [MESSAGE][PASSED] - Text 'Watford' is present on page 

2020-04-22 14:56:12 - [TEST_STEP][PASSED] - verifyTextPresent("My wife and I find the service", false): Text 'My wife and I find the service' is present on page 

2020-04-22 14:56:13 - [MESSAGE][PASSED] - Text 'My wife and I find the service' is present on page 

2020-04-22 14:56:13 - [TEST_STEP][PASSED] - verifyTextPresent("Trade", false): Text 'Trade' is present on page 

2020-04-22 14:56:13 - [MESSAGE][PASSED] - Text 'Trade' is present on page 

2020-04-22 14:56:13 - [TEST_STEP][PASSED] - verifyTextPresent("Jason", false): Text 'Jason' is present on page 

2020-04-22 14:56:14 - [MESSAGE][PASSED] - Text 'Jason' is present on page 

2020-04-22 14:56:14 - [TEST_STEP][PASSED] - verifyTextPresent("Mops And Buckets", false): Text 'Mops And Buckets' is present on page 

2020-04-22 14:56:14 - [MESSAGE][PASSED] - Text 'Mops And Buckets' is present on page 

2020-04-22 14:56:14 - [TEST_STEP][PASSED] - verifyTextPresent("Trade", false): Text 'Trade' is present on page 

2020-04-22 14:56:15 - [MESSAGE][PASSED] - Text 'Trade' is present on page 

2020-04-22 14:56:15 - [TEST_STEP][PASSED] - verifyTextPresent("Being a new member to Checkatrade has opened a lot of doors ", false): Text 'Being a new member to Checkatrade has opened a lot of doors ' is present on page 

2020-04-22 14:56:15 - [MESSAGE][PASSED] - Text 'Being a new member to Checkatrade has opened a lot of doors ' is present on page 

2020-04-22 14:56:15 - [MESSAGE][PASSED] - Call Test Case 'Test Cases/Reusable_Test_Sequences/Web_Office/Verification/Settings/Checkatrade_Com/Testimonials' successfully

2020-04-22 14:56:15 - [TEST_STEP][PASSED] - "--------------------------": null

2020-04-22 14:56:15 - [TEST_STEP][PASSED] - " Teardown - CLose Browser |": null

2020-04-22 14:56:15 - [TEST_STEP][PASSED] - callTestCase(findTestCase("Reusable_Test_Sequences/CAT_Teardown"), [:], OPTIONAL): Call Test Case 'Test Cases/Reusable_Test_Sequences/CAT_Teardown' successfully

2020-04-22 14:56:16 - [TEST_CASE][PASSED] - Test Cases/Reusable_Test_Sequences/CAT_Teardown: Test Cases/Reusable_Test_Sequences/CAT_Teardown

2020-04-22 14:56:16 - [TEST_STEP][PASSED] - closeBrowser(): Browser is closed

2020-04-22 14:56:18 - [MESSAGE][PASSED] - Browser is closed

2020-04-22 14:56:18 - [TEST_STEP][PASSED] - super.finalize(): null

2020-04-22 14:56:18 - [TEST_STEP][PASSED] - System.gc(): null

2020-04-22 14:56:18 - [MESSAGE][PASSED] - Call Test Case 'Test Cases/Reusable_Test_Sequences/CAT_Teardown' successfully]]></system-out>
         <system-err><![CDATA[]]></system-err>
      </testcase>
      <testcase name="Test Cases/Web_Office/Settings/Checkatrade_Com/Web_Catagories" time="32.19" classname="Test Cases/Web_Office/Settings/Checkatrade_Com/Web_Catagories" status="PASSED">
         <system-out><![CDATA[2020-04-22 14:56:18 - [TEST_CASE][PASSED] - Test Cases/Web_Office/Settings/Checkatrade_Com/Web_Catagories: Test Cases/Web_Office/Settings/Checkatrade_Com/Web_Catagories

2020-04-22 14:56:19 - [TEST_STEP][PASSED] - "--------------------------------------": null

2020-04-22 14:56:19 - [TEST_STEP][PASSED] - " Web Office StartUp                  |": null

2020-04-22 14:56:19 - [TEST_STEP][PASSED] - callTestCase(findTestCase("Reusable_Test_Sequences/Web_Office/Directives/WebOffice_StartUp"), [:], STOP_ON_FAILURE): Call Test Case 'Test Cases/Reusable_Test_Sequences/Web_Office/Directives/WebOffice_StartUp' successfully

2020-04-22 14:56:19 - [TEST_CASE][PASSED] - Test Cases/Reusable_Test_Sequences/Web_Office/Directives/WebOffice_StartUp: Test Cases/Reusable_Test_Sequences/Web_Office/Directives/WebOffice_StartUp

2020-04-22 14:56:19 - [TEST_STEP][PASSED] - "-----------------------------------------------------------------------------": null

2020-04-22 14:56:19 - [TEST_STEP][PASSED] - if (URL == "https://www.dev.checkatrade.com/"): null

2020-04-22 14:56:19 - [TEST_STEP][PASSED] - "-----------------------------------------------------------------------------": null

2020-04-22 14:56:19 - [TEST_STEP][PASSED] - if (URL == "https://www.checkatrade.com/"): null

2020-04-22 14:56:19 - [TEST_STEP][PASSED] - "-----------------------------------------------------------------------------": null

2020-04-22 14:56:19 - [TEST_STEP][PASSED] - if (URL == "https://www.preview.checkatrade.com/"): null

2020-04-22 14:56:19 - [TEST_STEP][PASSED] - WebOfficeURL = "https://admin.preview.checkatrade.com/": null

2020-04-22 14:56:19 - [TEST_STEP][PASSED] - if (URL == "https://www.dev2.checkatrade.com/"): null

2020-04-22 14:56:19 - [TEST_STEP][PASSED] - "Set Function Area for "URL_Handler", URL Resolution": null

2020-04-22 14:56:19 - [TEST_STEP][PASSED] - "Do Some Magic with URL(s) See the comments within URL Handler ": null

2020-04-22 14:56:19 - [TEST_STEP][PASSED] - "------------------------------------------------": null

2020-04-22 14:56:19 - [TEST_STEP][PASSED] - "Moved Login Credentials to <Default> profile 22/01/2020": null

2020-04-22 14:56:19 - [TEST_STEP][PASSED] - "------------------------------------------------": null

2020-04-22 14:56:19 - [TEST_STEP][PASSED] - "WebOfficeURL - Set from the ENVIRONMENT PROFILE ": null

2020-04-22 14:56:19 - [TEST_STEP][PASSED] - "OPEN BROWSER": null

2020-04-22 14:56:19 - [TEST_STEP][PASSED] - "eg - https://admin.preview.checkatrade.com/  ": null

2020-04-22 14:56:19 - [TEST_STEP][PASSED] - openBrowser(WebOfficeURL): Browser is opened with url: 'https://admin.preview.checkatrade.com/'

2020-04-22 14:56:19 - [MESSAGE][INFO] - Starting 'Chrome' driver

2020-04-22 14:56:19 - [MESSAGE][INFO] - Action delay is set to 0 milliseconds

2020-04-22 14:56:25 - [MESSAGE][PASSED] - Browser is opened with url: 'https://admin.preview.checkatrade.com/'

2020-04-22 14:56:25 - [TEST_STEP][PASSED] - maximizeWindow(): Current window maximized

2020-04-22 14:56:27 - [MESSAGE][PASSED] - Current window maximized

2020-04-22 14:56:27 - [TEST_STEP][PASSED] - waitForElementClickable(findTestObject("Object Repository/WebOffice/Page_Checkatrade - Administration - Login/Login_Button"), 25): Object 'Object Repository/WebOffice/Page_Checkatrade - Administration - Login/Login_Button' is clickable

2020-04-22 14:56:27 - [MESSAGE][PASSED] - Object 'Object Repository/WebOffice/Page_Checkatrade - Administration - Login/Login_Button' is clickable

2020-04-22 14:56:27 - [TEST_STEP][PASSED] - verifyTextPresent("Checkatrade Web Office", false): Text 'Checkatrade Web Office' is present on page 

2020-04-22 14:56:27 - [MESSAGE][PASSED] - Text 'Checkatrade Web Office' is present on page 

2020-04-22 14:56:27 - [TEST_STEP][PASSED] - verifyTextPresent("Access for staff use only", false): Text 'Access for staff use only' is present on page 

2020-04-22 14:56:27 - [MESSAGE][PASSED] - Text 'Access for staff use only' is present on page 

2020-04-22 14:56:27 - [TEST_STEP][PASSED] - verifyTextPresent("Forgotten password?", false): Text 'Forgotten password?' is present on page 

2020-04-22 14:56:28 - [MESSAGE][PASSED] - Text 'Forgotten password?' is present on page 

2020-04-22 14:56:28 - [TEST_STEP][PASSED] - setText(findTestObject("Object Repository/WebOffice/Page_Checkatrade - Administration - Login/input_Username_LoginControlUserName"), wo_Username): Text 'DavidHo' is set on object 'Object Repository/WebOffice/Page_Checkatrade - Administration - Login/input_Username_LoginControlUserName'

2020-04-22 14:56:28 - [MESSAGE][PASSED] - Text 'DavidHo' is set on object 'Object Repository/WebOffice/Page_Checkatrade - Administration - Login/input_Username_LoginControlUserName'

2020-04-22 14:56:28 - [TEST_STEP][PASSED] - setText(findTestObject("Object Repository/WebOffice/Page_Checkatrade - Administration - Login/input_Password_LoginControlPassword"), wo_Password): Text 'Check123' is set on object 'Object Repository/WebOffice/Page_Checkatrade - Administration - Login/input_Password_LoginControlPassword'

2020-04-22 14:56:28 - [MESSAGE][PASSED] - Text 'Check123' is set on object 'Object Repository/WebOffice/Page_Checkatrade - Administration - Login/input_Password_LoginControlPassword'

2020-04-22 14:56:28 - [TEST_STEP][PASSED] - click(findTestObject("Object Repository/WebOffice/Page_Checkatrade - Administration - Login/Login_Button")): Object: 'Object Repository/WebOffice/Page_Checkatrade - Administration - Login/Login_Button' is clicked on

2020-04-22 14:56:30 - [MESSAGE][PASSED] - Object: 'Object Repository/WebOffice/Page_Checkatrade - Administration - Login/Login_Button' is clicked on

2020-04-22 14:56:30 - [TEST_STEP][PASSED] - waitForPageLoad(60): Wait for page load successfully

2020-04-22 14:56:30 - [MESSAGE][PASSED] - Wait for page load successfully

2020-04-22 14:56:30 - [TEST_STEP][PASSED] - verifyTextPresent("Welcome " + wo_Username, false): Text 'Welcome DavidHo' is present on page 

2020-04-22 14:56:30 - [MESSAGE][PASSED] - Text 'Welcome DavidHo' is present on page 

2020-04-22 14:56:30 - [MESSAGE][PASSED] - Call Test Case 'Test Cases/Reusable_Test_Sequences/Web_Office/Directives/WebOffice_StartUp' successfully

2020-04-22 14:56:30 - [TEST_STEP][PASSED] - "-----------------------------------------------------------------": null

2020-04-22 14:56:30 - [TEST_STEP][PASSED] - " Navigate to <Settings->Checkatrade.Com->Sub Item> Menu Item     |": null

2020-04-22 14:56:30 - [TEST_STEP][PASSED] - callTestCase(findTestCase("Reusable_Test_Sequences/Web_Office/Navigation/Sub_Menu_Navigation/Settings/Checkatrade_Com/Web_Catagories"), [:], STOP_ON_FAILURE): Call Test Case 'Test Cases/Reusable_Test_Sequences/Web_Office/Navigation/Sub_Menu_Navigation/Settings/Checkatrade_Com/Web_Catagories' successfully

2020-04-22 14:56:30 - [TEST_CASE][PASSED] - Test Cases/Reusable_Test_Sequences/Web_Office/Navigation/Sub_Menu_Navigation/Settings/Checkatrade_Com/Web_Catagories: Test Cases/Reusable_Test_Sequences/Web_Office/Navigation/Sub_Menu_Navigation/Settings/Checkatrade_Com/Web_Catagories

2020-04-22 14:56:31 - [TEST_STEP][PASSED] - "--------------------------------------": null

2020-04-22 14:56:31 - [TEST_STEP][PASSED] - " Navigate Top level menu Item         |": null

2020-04-22 14:56:31 - [TEST_STEP][PASSED] - waitForPageLoad(60): Wait for page load successfully

2020-04-22 14:56:31 - [MESSAGE][PASSED] - Wait for page load successfully

2020-04-22 14:56:31 - [TEST_STEP][PASSED] - waitForElementClickable(findTestObject("Object Repository/WebOffice_Home_page/a_Settings"), 60): Object 'Object Repository/WebOffice_Home_page/a_Settings' is clickable

2020-04-22 14:56:31 - [MESSAGE][PASSED] - Object 'Object Repository/WebOffice_Home_page/a_Settings' is clickable

2020-04-22 14:56:31 - [TEST_STEP][PASSED] - mouseOver(findTestObject("Object Repository/WebOffice_Home_page/a_Settings")): Object: 'Object Repository/WebOffice_Home_page/a_Settings' is hovered

2020-04-22 14:56:31 - [MESSAGE][PASSED] - Object: 'Object Repository/WebOffice_Home_page/a_Settings' is hovered

2020-04-22 14:56:31 - [TEST_STEP][PASSED] - mouseOver(findTestObject("Object Repository/WebOffice_Home_page/a_wwwcheckatradecom")): Object: 'Object Repository/WebOffice_Home_page/a_wwwcheckatradecom' is hovered

2020-04-22 14:56:31 - [MESSAGE][PASSED] - Object: 'Object Repository/WebOffice_Home_page/a_wwwcheckatradecom' is hovered

2020-04-22 14:56:31 - [TEST_STEP][PASSED] - waitForElementClickable(findTestObject("Object Repository/WebOffice_Home_page/a_Web Categories"), 1): Object 'Object Repository/WebOffice_Home_page/a_Web Categories' is clickable

2020-04-22 14:56:32 - [MESSAGE][PASSED] - Object 'Object Repository/WebOffice_Home_page/a_Web Categories' is clickable

2020-04-22 14:56:32 - [TEST_STEP][PASSED] - click(findTestObject("Object Repository/WebOffice_Home_page/a_Web Categories")): Object: 'Object Repository/WebOffice_Home_page/a_Web Categories' is clicked on

2020-04-22 14:56:33 - [MESSAGE][PASSED] - Object: 'Object Repository/WebOffice_Home_page/a_Web Categories' is clicked on

2020-04-22 14:56:33 - [MESSAGE][PASSED] - Call Test Case 'Test Cases/Reusable_Test_Sequences/Web_Office/Navigation/Sub_Menu_Navigation/Settings/Checkatrade_Com/Web_Catagories' successfully

2020-04-22 14:56:33 - [TEST_STEP][PASSED] - "--------------------------------------": null

2020-04-22 14:56:33 - [TEST_STEP][PASSED] - " Verify Returned Page Detail          |": null

2020-04-22 14:56:33 - [TEST_STEP][PASSED] - callTestCase(findTestCase("Reusable_Test_Sequences/Web_Office/Verification/Settings/Checkatrade_Com/Web_Catagories"), [:], OPTIONAL): Call Test Case 'Test Cases/Reusable_Test_Sequences/Web_Office/Verification/Settings/Checkatrade_Com/Web_Catagories' successfully

2020-04-22 14:56:33 - [TEST_CASE][PASSED] - Test Cases/Reusable_Test_Sequences/Web_Office/Verification/Settings/Checkatrade_Com/Web_Catagories: Test Cases/Reusable_Test_Sequences/Web_Office/Verification/Settings/Checkatrade_Com/Web_Catagories

2020-04-22 14:56:33 - [TEST_STEP][PASSED] - waitForPageLoad(60): Wait for page load successfully

2020-04-22 14:56:33 - [MESSAGE][PASSED] - Wait for page load successfully

2020-04-22 14:56:33 - [TEST_STEP][PASSED] - delay(1): Delayed 1 second(s)

2020-04-22 14:56:34 - [MESSAGE][PASSED] - Delayed 1 second(s)

2020-04-22 14:56:34 - [TEST_STEP][PASSED] - verifyTextPresent("Web Categories", false): Text 'Web Categories' is present on page 

2020-04-22 14:56:36 - [MESSAGE][PASSED] - Text 'Web Categories' is present on page 

2020-04-22 14:56:36 - [TEST_STEP][PASSED] - verifyTextPresent("Add new top level category", false): Text 'Add new top level category' is present on page 

2020-04-22 14:56:37 - [MESSAGE][PASSED] - Text 'Add new top level category' is present on page 

2020-04-22 14:56:37 - [TEST_STEP][PASSED] - verifyTextPresent("Category Na", false): Text 'Category Na' is present on page 

2020-04-22 14:56:38 - [MESSAGE][PASSED] - Text 'Category Na' is present on page 

2020-04-22 14:56:38 - [TEST_STEP][PASSED] - verifyTextPresent("Category Hierarchy", false): Text 'Category Hierarchy' is present on page 

2020-04-22 14:56:39 - [MESSAGE][PASSED] - Text 'Category Hierarchy' is present on page 

2020-04-22 14:56:39 - [TEST_STEP][PASSED] - verifyTextPresent("SEO", false): Text 'SEO' is present on page 

2020-04-22 14:56:40 - [MESSAGE][PASSED] - Text 'SEO' is present on page 

2020-04-22 14:56:40 - [TEST_STEP][PASSED] - verifyTextPresent("Members", false): Text 'Members' is present on page 

2020-04-22 14:56:41 - [MESSAGE][PASSED] - Text 'Members' is present on page 

2020-04-22 14:56:41 - [TEST_STEP][PASSED] - verifyTextPresent("In SubCate", false): Text 'In SubCate' is present on page 

2020-04-22 14:56:41 - [MESSAGE][PASSED] - Text 'In SubCate' is present on page 

2020-04-22 14:56:41 - [TEST_STEP][PASSED] - verifyTextPresent("Create child", false): Text 'Create child' is present on page 

2020-04-22 14:56:42 - [MESSAGE][PASSED] - Text 'Create child' is present on page 

2020-04-22 14:56:42 - [TEST_STEP][PASSED] - verifyTextPresent("Preview", false): Text 'Preview' is present on page 

2020-04-22 14:56:43 - [MESSAGE][PASSED] - Text 'Preview' is present on page 

2020-04-22 14:56:43 - [TEST_STEP][PASSED] - "----------------------------------------------": null

2020-04-22 14:56:43 - [TEST_STEP][PASSED] - verifyTextPresent("Add child", false): Text 'Add child' is present on page 

2020-04-22 14:56:44 - [MESSAGE][PASSED] - Text 'Add child' is present on page 

2020-04-22 14:56:44 - [TEST_STEP][PASSED] - verifyTextPresent("Search", false): Text 'Search' is present on page 

2020-04-22 14:56:45 - [MESSAGE][PASSED] - Text 'Search' is present on page 

2020-04-22 14:56:45 - [TEST_STEP][PASSED] - verifyTextPresent("Air Conditioning", false): Text 'Air Conditioning' is present on page 

2020-04-22 14:56:46 - [MESSAGE][PASSED] - Text 'Air Conditioning' is present on page 

2020-04-22 14:56:46 - [TEST_STEP][PASSED] - verifyTextPresent("TDKC", false): Text 'TDKC' is present on page 

2020-04-22 14:56:47 - [MESSAGE][PASSED] - Text 'TDKC' is present on page 

2020-04-22 14:56:47 - [TEST_STEP][PASSED] - verifyTextPresent("TK", false): Text 'TK' is present on page 

2020-04-22 14:56:48 - [MESSAGE][PASSED] - Text 'TK' is present on page 

2020-04-22 14:56:48 - [TEST_STEP][PASSED] - verifyTextPresent("Fire Alarms", false): Text 'Fire Alarms' is present on page 

2020-04-22 14:56:49 - [MESSAGE][PASSED] - Text 'Fire Alarms' is present on page 

2020-04-22 14:56:49 - [MESSAGE][PASSED] - Call Test Case 'Test Cases/Reusable_Test_Sequences/Web_Office/Verification/Settings/Checkatrade_Com/Web_Catagories' successfully

2020-04-22 14:56:49 - [TEST_STEP][PASSED] - "--------------------------": null

2020-04-22 14:56:49 - [TEST_STEP][PASSED] - " Teardown - CLose Browser |": null

2020-04-22 14:56:49 - [TEST_STEP][PASSED] - callTestCase(findTestCase("Reusable_Test_Sequences/CAT_Teardown"), [:], OPTIONAL): Call Test Case 'Test Cases/Reusable_Test_Sequences/CAT_Teardown' successfully

2020-04-22 14:56:49 - [TEST_CASE][PASSED] - Test Cases/Reusable_Test_Sequences/CAT_Teardown: Test Cases/Reusable_Test_Sequences/CAT_Teardown

2020-04-22 14:56:49 - [TEST_STEP][PASSED] - closeBrowser(): Browser is closed

2020-04-22 14:56:50 - [MESSAGE][PASSED] - Browser is closed

2020-04-22 14:56:50 - [TEST_STEP][PASSED] - super.finalize(): null

2020-04-22 14:56:50 - [TEST_STEP][PASSED] - System.gc(): null

2020-04-22 14:56:50 - [MESSAGE][PASSED] - Call Test Case 'Test Cases/Reusable_Test_Sequences/CAT_Teardown' successfully]]></system-out>
         <system-err><![CDATA[]]></system-err>
      </testcase>
      <testcase name="Test Cases/Web_Office/Settings/Checkatrade_Com/Join_Now_Settings" time="32.6" classname="Test Cases/Web_Office/Settings/Checkatrade_Com/Join_Now_Settings" status="PASSED">
         <system-out><![CDATA[2020-04-22 14:56:50 - [TEST_CASE][PASSED] - Test Cases/Web_Office/Settings/Checkatrade_Com/Join_Now_Settings: Test Cases/Web_Office/Settings/Checkatrade_Com/Join_Now_Settings

2020-04-22 14:56:51 - [TEST_STEP][PASSED] - "--------------------------------------": null

2020-04-22 14:56:51 - [TEST_STEP][PASSED] - " Web Office StartUp                  |": null

2020-04-22 14:56:51 - [TEST_STEP][PASSED] - callTestCase(findTestCase("Reusable_Test_Sequences/Web_Office/Directives/WebOffice_StartUp"), [:], STOP_ON_FAILURE): Call Test Case 'Test Cases/Reusable_Test_Sequences/Web_Office/Directives/WebOffice_StartUp' successfully

2020-04-22 14:56:52 - [TEST_CASE][PASSED] - Test Cases/Reusable_Test_Sequences/Web_Office/Directives/WebOffice_StartUp: Test Cases/Reusable_Test_Sequences/Web_Office/Directives/WebOffice_StartUp

2020-04-22 14:56:52 - [TEST_STEP][PASSED] - "-----------------------------------------------------------------------------": null

2020-04-22 14:56:52 - [TEST_STEP][PASSED] - if (URL == "https://www.dev.checkatrade.com/"): null

2020-04-22 14:56:52 - [TEST_STEP][PASSED] - "-----------------------------------------------------------------------------": null

2020-04-22 14:56:52 - [TEST_STEP][PASSED] - if (URL == "https://www.checkatrade.com/"): null

2020-04-22 14:56:52 - [TEST_STEP][PASSED] - "-----------------------------------------------------------------------------": null

2020-04-22 14:56:52 - [TEST_STEP][PASSED] - if (URL == "https://www.preview.checkatrade.com/"): null

2020-04-22 14:56:52 - [TEST_STEP][PASSED] - WebOfficeURL = "https://admin.preview.checkatrade.com/": null

2020-04-22 14:56:52 - [TEST_STEP][PASSED] - if (URL == "https://www.dev2.checkatrade.com/"): null

2020-04-22 14:56:52 - [TEST_STEP][PASSED] - "Set Function Area for "URL_Handler", URL Resolution": null

2020-04-22 14:56:52 - [TEST_STEP][PASSED] - "Do Some Magic with URL(s) See the comments within URL Handler ": null

2020-04-22 14:56:52 - [TEST_STEP][PASSED] - "------------------------------------------------": null

2020-04-22 14:56:52 - [TEST_STEP][PASSED] - "Moved Login Credentials to <Default> profile 22/01/2020": null

2020-04-22 14:56:52 - [TEST_STEP][PASSED] - "------------------------------------------------": null

2020-04-22 14:56:52 - [TEST_STEP][PASSED] - "WebOfficeURL - Set from the ENVIRONMENT PROFILE ": null

2020-04-22 14:56:52 - [TEST_STEP][PASSED] - "OPEN BROWSER": null

2020-04-22 14:56:52 - [TEST_STEP][PASSED] - "eg - https://admin.preview.checkatrade.com/  ": null

2020-04-22 14:56:52 - [TEST_STEP][PASSED] - openBrowser(WebOfficeURL): Browser is opened with url: 'https://admin.preview.checkatrade.com/'

2020-04-22 14:56:52 - [MESSAGE][INFO] - Starting 'Chrome' driver

2020-04-22 14:56:52 - [MESSAGE][INFO] - Action delay is set to 0 milliseconds

2020-04-22 14:56:59 - [MESSAGE][PASSED] - Browser is opened with url: 'https://admin.preview.checkatrade.com/'

2020-04-22 14:56:59 - [TEST_STEP][PASSED] - maximizeWindow(): Current window maximized

2020-04-22 14:57:01 - [MESSAGE][PASSED] - Current window maximized

2020-04-22 14:57:01 - [TEST_STEP][PASSED] - waitForElementClickable(findTestObject("Object Repository/WebOffice/Page_Checkatrade - Administration - Login/Login_Button"), 25): Object 'Object Repository/WebOffice/Page_Checkatrade - Administration - Login/Login_Button' is clickable

2020-04-22 14:57:01 - [MESSAGE][PASSED] - Object 'Object Repository/WebOffice/Page_Checkatrade - Administration - Login/Login_Button' is clickable

2020-04-22 14:57:01 - [TEST_STEP][PASSED] - verifyTextPresent("Checkatrade Web Office", false): Text 'Checkatrade Web Office' is present on page 

2020-04-22 14:57:01 - [MESSAGE][PASSED] - Text 'Checkatrade Web Office' is present on page 

2020-04-22 14:57:01 - [TEST_STEP][PASSED] - verifyTextPresent("Access for staff use only", false): Text 'Access for staff use only' is present on page 

2020-04-22 14:57:01 - [MESSAGE][PASSED] - Text 'Access for staff use only' is present on page 

2020-04-22 14:57:01 - [TEST_STEP][PASSED] - verifyTextPresent("Forgotten password?", false): Text 'Forgotten password?' is present on page 

2020-04-22 14:57:01 - [MESSAGE][PASSED] - Text 'Forgotten password?' is present on page 

2020-04-22 14:57:01 - [TEST_STEP][PASSED] - setText(findTestObject("Object Repository/WebOffice/Page_Checkatrade - Administration - Login/input_Username_LoginControlUserName"), wo_Username): Text 'DavidHo' is set on object 'Object Repository/WebOffice/Page_Checkatrade - Administration - Login/input_Username_LoginControlUserName'

2020-04-22 14:57:01 - [MESSAGE][PASSED] - Text 'DavidHo' is set on object 'Object Repository/WebOffice/Page_Checkatrade - Administration - Login/input_Username_LoginControlUserName'

2020-04-22 14:57:01 - [TEST_STEP][PASSED] - setText(findTestObject("Object Repository/WebOffice/Page_Checkatrade - Administration - Login/input_Password_LoginControlPassword"), wo_Password): Text 'Check123' is set on object 'Object Repository/WebOffice/Page_Checkatrade - Administration - Login/input_Password_LoginControlPassword'

2020-04-22 14:57:02 - [MESSAGE][PASSED] - Text 'Check123' is set on object 'Object Repository/WebOffice/Page_Checkatrade - Administration - Login/input_Password_LoginControlPassword'

2020-04-22 14:57:02 - [TEST_STEP][PASSED] - click(findTestObject("Object Repository/WebOffice/Page_Checkatrade - Administration - Login/Login_Button")): Object: 'Object Repository/WebOffice/Page_Checkatrade - Administration - Login/Login_Button' is clicked on

2020-04-22 14:57:04 - [MESSAGE][PASSED] - Object: 'Object Repository/WebOffice/Page_Checkatrade - Administration - Login/Login_Button' is clicked on

2020-04-22 14:57:04 - [TEST_STEP][PASSED] - waitForPageLoad(60): Wait for page load successfully

2020-04-22 14:57:04 - [MESSAGE][PASSED] - Wait for page load successfully

2020-04-22 14:57:04 - [TEST_STEP][PASSED] - verifyTextPresent("Welcome " + wo_Username, false): Text 'Welcome DavidHo' is present on page 

2020-04-22 14:57:04 - [MESSAGE][PASSED] - Text 'Welcome DavidHo' is present on page 

2020-04-22 14:57:04 - [MESSAGE][PASSED] - Call Test Case 'Test Cases/Reusable_Test_Sequences/Web_Office/Directives/WebOffice_StartUp' successfully

2020-04-22 14:57:04 - [TEST_STEP][PASSED] - "-----------------------------------------------------------------": null

2020-04-22 14:57:04 - [TEST_STEP][PASSED] - " Navigate to <Settings->Checkatrade.Com->Sub Item> Menu Item     |": null

2020-04-22 14:57:04 - [TEST_STEP][PASSED] - callTestCase(findTestCase("Reusable_Test_Sequences/Web_Office/Navigation/Sub_Menu_Navigation/Settings/Checkatrade_Com/Join_Now_Settings"), [:], STOP_ON_FAILURE): Call Test Case 'Test Cases/Reusable_Test_Sequences/Web_Office/Navigation/Sub_Menu_Navigation/Settings/Checkatrade_Com/Join_Now_Settings' successfully

2020-04-22 14:57:04 - [TEST_CASE][PASSED] - Test Cases/Reusable_Test_Sequences/Web_Office/Navigation/Sub_Menu_Navigation/Settings/Checkatrade_Com/Join_Now_Settings: Test Cases/Reusable_Test_Sequences/Web_Office/Navigation/Sub_Menu_Navigation/Settings/Checkatrade_Com/Join_Now_Settings

2020-04-22 14:57:05 - [TEST_STEP][PASSED] - "--------------------------------------": null

2020-04-22 14:57:05 - [TEST_STEP][PASSED] - " Navigate Top level menu Item         |": null

2020-04-22 14:57:05 - [TEST_STEP][PASSED] - waitForPageLoad(60): Wait for page load successfully

2020-04-22 14:57:06 - [MESSAGE][PASSED] - Wait for page load successfully

2020-04-22 14:57:06 - [TEST_STEP][PASSED] - waitForElementClickable(findTestObject("Object Repository/WebOffice_Home_page/a_Settings"), 60): Object 'Object Repository/WebOffice_Home_page/a_Settings' is clickable

2020-04-22 14:57:06 - [MESSAGE][PASSED] - Object 'Object Repository/WebOffice_Home_page/a_Settings' is clickable

2020-04-22 14:57:06 - [TEST_STEP][PASSED] - mouseOver(findTestObject("Object Repository/WebOffice_Home_page/a_Settings")): Object: 'Object Repository/WebOffice_Home_page/a_Settings' is hovered

2020-04-22 14:57:06 - [MESSAGE][PASSED] - Object: 'Object Repository/WebOffice_Home_page/a_Settings' is hovered

2020-04-22 14:57:06 - [TEST_STEP][PASSED] - mouseOver(findTestObject("Object Repository/WebOffice_Home_page/a_wwwcheckatradecom")): Object: 'Object Repository/WebOffice_Home_page/a_wwwcheckatradecom' is hovered

2020-04-22 14:57:07 - [MESSAGE][PASSED] - Object: 'Object Repository/WebOffice_Home_page/a_wwwcheckatradecom' is hovered

2020-04-22 14:57:07 - [TEST_STEP][PASSED] - waitForElementClickable(findTestObject("Object Repository/WebOffice_Home_page/a_Join Now Settings"), 1): Object 'Object Repository/WebOffice_Home_page/a_Join Now Settings' is clickable

2020-04-22 14:57:07 - [MESSAGE][PASSED] - Object 'Object Repository/WebOffice_Home_page/a_Join Now Settings' is clickable

2020-04-22 14:57:07 - [TEST_STEP][PASSED] - click(findTestObject("Object Repository/WebOffice_Home_page/a_Join Now Settings")): Object: 'Object Repository/WebOffice_Home_page/a_Join Now Settings' is clicked on

2020-04-22 14:57:08 - [MESSAGE][PASSED] - Object: 'Object Repository/WebOffice_Home_page/a_Join Now Settings' is clicked on

2020-04-22 14:57:08 - [MESSAGE][PASSED] - Call Test Case 'Test Cases/Reusable_Test_Sequences/Web_Office/Navigation/Sub_Menu_Navigation/Settings/Checkatrade_Com/Join_Now_Settings' successfully

2020-04-22 14:57:08 - [TEST_STEP][PASSED] - "--------------------------------------": null

2020-04-22 14:57:08 - [TEST_STEP][PASSED] - " Verify Returned Page Detail          |": null

2020-04-22 14:57:08 - [TEST_STEP][PASSED] - callTestCase(findTestCase("Reusable_Test_Sequences/Web_Office/Verification/Settings/Checkatrade_Com/Join_Now_Settings"), [:], OPTIONAL): Call Test Case 'Test Cases/Reusable_Test_Sequences/Web_Office/Verification/Settings/Checkatrade_Com/Join_Now_Settings' successfully

2020-04-22 14:57:08 - [TEST_CASE][PASSED] - Test Cases/Reusable_Test_Sequences/Web_Office/Verification/Settings/Checkatrade_Com/Join_Now_Settings: Test Cases/Reusable_Test_Sequences/Web_Office/Verification/Settings/Checkatrade_Com/Join_Now_Settings

2020-04-22 14:57:09 - [TEST_STEP][PASSED] - waitForPageLoad(60): Wait for page load successfully

2020-04-22 14:57:09 - [MESSAGE][PASSED] - Wait for page load successfully

2020-04-22 14:57:09 - [TEST_STEP][PASSED] - delay(1): Delayed 1 second(s)

2020-04-22 14:57:10 - [MESSAGE][PASSED] - Delayed 1 second(s)

2020-04-22 14:57:10 - [TEST_STEP][PASSED] - verifyTextPresent("Join Now Form Settings", false): Text 'Join Now Form Settings' is present on page 

2020-04-22 14:57:10 - [MESSAGE][PASSED] - Text 'Join Now Form Settings' is present on page 

2020-04-22 14:57:10 - [TEST_STEP][PASSED] - verifyTextPresent("Closed Dates", false): Text 'Closed Dates' is present on page 

2020-04-22 14:57:10 - [MESSAGE][PASSED] - Text 'Closed Dates' is present on page 

2020-04-22 14:57:10 - [TEST_STEP][PASSED] - "----------------------------------------------": null

2020-04-22 14:57:10 - [TEST_STEP][PASSED] - verifyTextPresent("Form Content", false): Text 'Form Content' is present on page 

2020-04-22 14:57:10 - [MESSAGE][PASSED] - Text 'Form Content' is present on page 

2020-04-22 14:57:10 - [TEST_STEP][PASSED] - verifyTextPresent("Join Now Campaigns", false): Text 'Join Now Campaigns' is present on page 

2020-04-22 14:57:10 - [MESSAGE][PASSED] - Text 'Join Now Campaigns' is present on page 

2020-04-22 14:57:10 - [TEST_STEP][PASSED] - "----------------------------------------------": null

2020-04-22 14:57:10 - [TEST_STEP][PASSED] - verifyTextPresent("Form Heading", false): Text 'Form Heading' is present on page 

2020-04-22 14:57:10 - [MESSAGE][PASSED] - Text 'Form Heading' is present on page 

2020-04-22 14:57:10 - [TEST_STEP][PASSED] - verifyTextPresent("Form Text", false): Text 'Form Text' is present on page 

2020-04-22 14:57:11 - [MESSAGE][PASSED] - Text 'Form Text' is present on page 

2020-04-22 14:57:11 - [TEST_STEP][PASSED] - verifyTextPresent("Sorry the office is now closed", false): Text 'Sorry the office is now closed' is present on page 

2020-04-22 14:57:11 - [MESSAGE][PASSED] - Text 'Sorry the office is now closed' is present on page 

2020-04-22 14:57:11 - [TEST_STEP][PASSED] - verifyTextPresent("You will receive a call", false): Text 'You will receive a call' is present on page 

2020-04-22 14:57:11 - [MESSAGE][PASSED] - Text 'You will receive a call' is present on page 

2020-04-22 14:57:11 - [TEST_STEP][PASSED] - verifyTextPresent("Show Call Back Time", false): Text 'Show Call Back Time' is present on page 

2020-04-22 14:57:11 - [MESSAGE][PASSED] - Text 'Show Call Back Time' is present on page 

2020-04-22 14:57:11 - [TEST_STEP][PASSED] - verifyTextPresent("Use default text", false): Text 'Use default text' is present on page 

2020-04-22 14:57:11 - [MESSAGE][PASSED] - Text 'Use default text' is present on page 

2020-04-22 14:57:11 - [TEST_STEP][PASSED] - verifyTextPresent("Set manual text", false): Text 'Set manual text' is present on page 

2020-04-22 14:57:11 - [MESSAGE][PASSED] - Text 'Set manual text' is present on page 

2020-04-22 14:57:11 - [TEST_STEP][PASSED] - "----------------------------------------------": null

2020-04-22 14:57:11 - [TEST_STEP][PASSED] - click(findTestObject("Object Repository/WebOffice_Home_page/Page_/a_Join Now Campaigns")): Object: 'Object Repository/WebOffice_Home_page/Page_/a_Join Now Campaigns' is clicked on

2020-04-22 14:57:12 - [MESSAGE][PASSED] - Object: 'Object Repository/WebOffice_Home_page/Page_/a_Join Now Campaigns' is clicked on

2020-04-22 14:57:12 - [TEST_STEP][PASSED] - delay(1): Delayed 1 second(s)

2020-04-22 14:57:13 - [MESSAGE][PASSED] - Delayed 1 second(s)

2020-04-22 14:57:13 - [TEST_STEP][PASSED] - waitForPageLoad(5): Wait for page load successfully

2020-04-22 14:57:13 - [MESSAGE][PASSED] - Wait for page load successfully

2020-04-22 14:57:13 - [TEST_STEP][PASSED] - "----------------------------------------------": null

2020-04-22 14:57:13 - [TEST_STEP][PASSED] - verifyTextPresent("Title", false): Text 'Title' is present on page 

2020-04-22 14:57:13 - [MESSAGE][PASSED] - Text 'Title' is present on page 

2020-04-22 14:57:13 - [TEST_STEP][PASSED] - verifyTextPresent("Description", false): Text 'Description' is present on page 

2020-04-22 14:57:13 - [MESSAGE][PASSED] - Text 'Description' is present on page 

2020-04-22 14:57:13 - [TEST_STEP][PASSED] - verifyTextPresent("Starts", false): Text 'Starts' is present on page 

2020-04-22 14:57:13 - [MESSAGE][PASSED] - Text 'Starts' is present on page 

2020-04-22 14:57:13 - [TEST_STEP][PASSED] - verifyTextPresent("Ends", false): Text 'Ends' is present on page 

2020-04-22 14:57:13 - [MESSAGE][PASSED] - Text 'Ends' is present on page 

2020-04-22 14:57:13 - [TEST_STEP][PASSED] - verifyTextPresent("Enabled", false): Text 'Enabled' is present on page 

2020-04-22 14:57:13 - [MESSAGE][PASSED] - Text 'Enabled' is present on page 

2020-04-22 14:57:13 - [TEST_STEP][PASSED] - "----------------------------------------------": null

2020-04-22 14:57:13 - [TEST_STEP][PASSED] - verifyTextPresent("Two months membership", false): Text 'Two months membership' is present on page 

2020-04-22 14:57:14 - [MESSAGE][PASSED] - Text 'Two months membership' is present on page 

2020-04-22 14:57:14 - [TEST_STEP][PASSED] - verifyTextPresent("Offer ends", false): Text 'Offer ends' is present on page 

2020-04-22 14:57:14 - [MESSAGE][PASSED] - Text 'Offer ends' is present on page 

2020-04-22 14:57:14 - [TEST_STEP][PASSED] - verifyTextPresent("Edit", false): Text 'Edit' is present on page 

2020-04-22 14:57:14 - [MESSAGE][PASSED] - Text 'Edit' is present on page 

2020-04-22 14:57:14 - [TEST_STEP][PASSED] - verifyTextPresent("12 months for the price of", false): Text '12 months for the price of' is present on page 

2020-04-22 14:57:14 - [MESSAGE][PASSED] - Text '12 months for the price of' is present on page 

2020-04-22 14:57:14 - [TEST_STEP][PASSED] - verifyTextPresent("Offer ends", false): Text 'Offer ends' is present on page 

2020-04-22 14:57:15 - [MESSAGE][PASSED] - Text 'Offer ends' is present on page 

2020-04-22 14:57:15 - [TEST_STEP][PASSED] - verifyTextPresent("joining fee", false): Text 'joining fee' is present on page 

2020-04-22 14:57:15 - [MESSAGE][PASSED] - Text 'joining fee' is present on page 

2020-04-22 14:57:15 - [TEST_STEP][PASSED] - click(findTestObject("Object Repository/WebOffice_Home_page/Page_/input_Set manual text_ctl00CP1btnCreateCampaign")): Object: 'Object Repository/WebOffice_Home_page/Page_/input_Set manual text_ctl00CP1btnCreateCampaign' is clicked on

2020-04-22 14:57:16 - [MESSAGE][PASSED] - Object: 'Object Repository/WebOffice_Home_page/Page_/input_Set manual text_ctl00CP1btnCreateCampaign' is clicked on

2020-04-22 14:57:16 - [TEST_STEP][PASSED] - delay(1): Delayed 1 second(s)

2020-04-22 14:57:17 - [MESSAGE][PASSED] - Delayed 1 second(s)

2020-04-22 14:57:17 - [TEST_STEP][PASSED] - waitForPageLoad(5): Wait for page load successfully

2020-04-22 14:57:17 - [MESSAGE][PASSED] - Wait for page load successfully

2020-04-22 14:57:17 - [TEST_STEP][PASSED] - verifyTextPresent("Title", false): Text 'Title' is present on page 

2020-04-22 14:57:17 - [MESSAGE][PASSED] - Text 'Title' is present on page 

2020-04-22 14:57:17 - [TEST_STEP][PASSED] - setText(findTestObject("Object Repository/WebOffice_Home_page/Page_/input_Title_ctl00CP1txtTitle"), "Tester"): Text 'Tester' is set on object 'Object Repository/WebOffice_Home_page/Page_/input_Title_ctl00CP1txtTitle'

2020-04-22 14:57:17 - [MESSAGE][PASSED] - Text 'Tester' is set on object 'Object Repository/WebOffice_Home_page/Page_/input_Title_ctl00CP1txtTitle'

2020-04-22 14:57:17 - [TEST_STEP][PASSED] - verifyTextPresent("Description", false): Text 'Description' is present on page 

2020-04-22 14:57:18 - [MESSAGE][PASSED] - Text 'Description' is present on page 

2020-04-22 14:57:18 - [TEST_STEP][PASSED] - setText(findTestObject("Object Repository/WebOffice_Home_page/Page_/input_Description_ctl00CP1txtDescription"), "Testing"): Text 'Testing' is set on object 'Object Repository/WebOffice_Home_page/Page_/input_Description_ctl00CP1txtDescription'

2020-04-22 14:57:18 - [MESSAGE][PASSED] - Text 'Testing' is set on object 'Object Repository/WebOffice_Home_page/Page_/input_Description_ctl00CP1txtDescription'

2020-04-22 14:57:18 - [TEST_STEP][PASSED] - verifyTextPresent("Terms and Conditions", false): Text 'Terms and Conditions' is present on page 

2020-04-22 14:57:19 - [MESSAGE][PASSED] - Text 'Terms and Conditions' is present on page 

2020-04-22 14:57:19 - [TEST_STEP][PASSED] - setText(findTestObject("Object Repository/WebOffice_Home_page/Page_/textarea_Terms and Conditions_ctl00CP1txtTerms"), "Testing Tester"): Text 'Testing Tester' is set on object 'Object Repository/WebOffice_Home_page/Page_/textarea_Terms and Conditions_ctl00CP1txtTerms'

2020-04-22 14:57:20 - [MESSAGE][PASSED] - Text 'Testing Tester' is set on object 'Object Repository/WebOffice_Home_page/Page_/textarea_Terms and Conditions_ctl00CP1txtTerms'

2020-04-22 14:57:20 - [TEST_STEP][PASSED] - verifyTextPresent("Enabled", false): Text 'Enabled' is present on page 

2020-04-22 14:57:20 - [MESSAGE][PASSED] - Text 'Enabled' is present on page 

2020-04-22 14:57:20 - [TEST_STEP][PASSED] - verifyTextPresent("Start Date", false): Text 'Start Date' is present on page 

2020-04-22 14:57:21 - [MESSAGE][PASSED] - Text 'Start Date' is present on page 

2020-04-22 14:57:21 - [TEST_STEP][PASSED] - verifyTextPresent("End Date", false): Text 'End Date' is present on page 

2020-04-22 14:57:21 - [MESSAGE][PASSED] - Text 'End Date' is present on page 

2020-04-22 14:57:21 - [MESSAGE][PASSED] - Call Test Case 'Test Cases/Reusable_Test_Sequences/Web_Office/Verification/Settings/Checkatrade_Com/Join_Now_Settings' successfully

2020-04-22 14:57:21 - [TEST_STEP][PASSED] - "--------------------------": null

2020-04-22 14:57:21 - [TEST_STEP][PASSED] - " Teardown - CLose Browser |": null

2020-04-22 14:57:21 - [TEST_STEP][PASSED] - callTestCase(findTestCase("Reusable_Test_Sequences/CAT_Teardown"), [:], OPTIONAL): Call Test Case 'Test Cases/Reusable_Test_Sequences/CAT_Teardown' successfully

2020-04-22 14:57:21 - [TEST_CASE][PASSED] - Test Cases/Reusable_Test_Sequences/CAT_Teardown: Test Cases/Reusable_Test_Sequences/CAT_Teardown

2020-04-22 14:57:21 - [TEST_STEP][PASSED] - closeBrowser(): Browser is closed

2020-04-22 14:57:23 - [MESSAGE][PASSED] - Browser is closed

2020-04-22 14:57:23 - [TEST_STEP][PASSED] - super.finalize(): null

2020-04-22 14:57:23 - [TEST_STEP][PASSED] - System.gc(): null

2020-04-22 14:57:23 - [MESSAGE][PASSED] - Call Test Case 'Test Cases/Reusable_Test_Sequences/CAT_Teardown' successfully]]></system-out>
         <system-err><![CDATA[]]></system-err>
      </testcase>
      <testcase name="Test Cases/Web_Office/Settings/Checkatrade_Com/Search_Radius" time="19.107" classname="Test Cases/Web_Office/Settings/Checkatrade_Com/Search_Radius" status="PASSED">
         <system-out><![CDATA[2020-04-22 14:57:23 - [TEST_CASE][PASSED] - Test Cases/Web_Office/Settings/Checkatrade_Com/Search_Radius: Test Cases/Web_Office/Settings/Checkatrade_Com/Search_Radius

2020-04-22 14:57:23 - [TEST_STEP][PASSED] - "--------------------------------------": null

2020-04-22 14:57:23 - [TEST_STEP][PASSED] - " Web Office StartUp                  |": null

2020-04-22 14:57:23 - [TEST_STEP][PASSED] - callTestCase(findTestCase("Reusable_Test_Sequences/Web_Office/Directives/WebOffice_StartUp"), [:], STOP_ON_FAILURE): Call Test Case 'Test Cases/Reusable_Test_Sequences/Web_Office/Directives/WebOffice_StartUp' successfully

2020-04-22 14:57:23 - [TEST_CASE][PASSED] - Test Cases/Reusable_Test_Sequences/Web_Office/Directives/WebOffice_StartUp: Test Cases/Reusable_Test_Sequences/Web_Office/Directives/WebOffice_StartUp

2020-04-22 14:57:23 - [TEST_STEP][PASSED] - "-----------------------------------------------------------------------------": null

2020-04-22 14:57:23 - [TEST_STEP][PASSED] - if (URL == "https://www.dev.checkatrade.com/"): null

2020-04-22 14:57:23 - [TEST_STEP][PASSED] - "-----------------------------------------------------------------------------": null

2020-04-22 14:57:23 - [TEST_STEP][PASSED] - if (URL == "https://www.checkatrade.com/"): null

2020-04-22 14:57:23 - [TEST_STEP][PASSED] - "-----------------------------------------------------------------------------": null

2020-04-22 14:57:23 - [TEST_STEP][PASSED] - if (URL == "https://www.preview.checkatrade.com/"): null

2020-04-22 14:57:23 - [TEST_STEP][PASSED] - WebOfficeURL = "https://admin.preview.checkatrade.com/": null

2020-04-22 14:57:23 - [TEST_STEP][PASSED] - if (URL == "https://www.dev2.checkatrade.com/"): null

2020-04-22 14:57:23 - [TEST_STEP][PASSED] - "Set Function Area for "URL_Handler", URL Resolution": null

2020-04-22 14:57:23 - [TEST_STEP][PASSED] - "Do Some Magic with URL(s) See the comments within URL Handler ": null

2020-04-22 14:57:23 - [TEST_STEP][PASSED] - "------------------------------------------------": null

2020-04-22 14:57:23 - [TEST_STEP][PASSED] - "Moved Login Credentials to <Default> profile 22/01/2020": null

2020-04-22 14:57:24 - [TEST_STEP][PASSED] - "------------------------------------------------": null

2020-04-22 14:57:24 - [TEST_STEP][PASSED] - "WebOfficeURL - Set from the ENVIRONMENT PROFILE ": null

2020-04-22 14:57:24 - [TEST_STEP][PASSED] - "OPEN BROWSER": null

2020-04-22 14:57:24 - [TEST_STEP][PASSED] - "eg - https://admin.preview.checkatrade.com/  ": null

2020-04-22 14:57:24 - [TEST_STEP][PASSED] - openBrowser(WebOfficeURL): Browser is opened with url: 'https://admin.preview.checkatrade.com/'

2020-04-22 14:57:24 - [MESSAGE][INFO] - Starting 'Chrome' driver

2020-04-22 14:57:24 - [MESSAGE][INFO] - Action delay is set to 0 milliseconds

2020-04-22 14:57:29 - [MESSAGE][PASSED] - Browser is opened with url: 'https://admin.preview.checkatrade.com/'

2020-04-22 14:57:29 - [TEST_STEP][PASSED] - maximizeWindow(): Current window maximized

2020-04-22 14:57:31 - [MESSAGE][PASSED] - Current window maximized

2020-04-22 14:57:31 - [TEST_STEP][PASSED] - waitForElementClickable(findTestObject("Object Repository/WebOffice/Page_Checkatrade - Administration - Login/Login_Button"), 25): Object 'Object Repository/WebOffice/Page_Checkatrade - Administration - Login/Login_Button' is clickable

2020-04-22 14:57:32 - [MESSAGE][PASSED] - Object 'Object Repository/WebOffice/Page_Checkatrade - Administration - Login/Login_Button' is clickable

2020-04-22 14:57:32 - [TEST_STEP][PASSED] - verifyTextPresent("Checkatrade Web Office", false): Text 'Checkatrade Web Office' is present on page 

2020-04-22 14:57:32 - [MESSAGE][PASSED] - Text 'Checkatrade Web Office' is present on page 

2020-04-22 14:57:32 - [TEST_STEP][PASSED] - verifyTextPresent("Access for staff use only", false): Text 'Access for staff use only' is present on page 

2020-04-22 14:57:32 - [MESSAGE][PASSED] - Text 'Access for staff use only' is present on page 

2020-04-22 14:57:32 - [TEST_STEP][PASSED] - verifyTextPresent("Forgotten password?", false): Text 'Forgotten password?' is present on page 

2020-04-22 14:57:32 - [MESSAGE][PASSED] - Text 'Forgotten password?' is present on page 

2020-04-22 14:57:32 - [TEST_STEP][PASSED] - setText(findTestObject("Object Repository/WebOffice/Page_Checkatrade - Administration - Login/input_Username_LoginControlUserName"), wo_Username): Text 'DavidHo' is set on object 'Object Repository/WebOffice/Page_Checkatrade - Administration - Login/input_Username_LoginControlUserName'

2020-04-22 14:57:32 - [MESSAGE][PASSED] - Text 'DavidHo' is set on object 'Object Repository/WebOffice/Page_Checkatrade - Administration - Login/input_Username_LoginControlUserName'

2020-04-22 14:57:32 - [TEST_STEP][PASSED] - setText(findTestObject("Object Repository/WebOffice/Page_Checkatrade - Administration - Login/input_Password_LoginControlPassword"), wo_Password): Text 'Check123' is set on object 'Object Repository/WebOffice/Page_Checkatrade - Administration - Login/input_Password_LoginControlPassword'

2020-04-22 14:57:32 - [MESSAGE][PASSED] - Text 'Check123' is set on object 'Object Repository/WebOffice/Page_Checkatrade - Administration - Login/input_Password_LoginControlPassword'

2020-04-22 14:57:32 - [TEST_STEP][PASSED] - click(findTestObject("Object Repository/WebOffice/Page_Checkatrade - Administration - Login/Login_Button")): Object: 'Object Repository/WebOffice/Page_Checkatrade - Administration - Login/Login_Button' is clicked on

2020-04-22 14:57:33 - [MESSAGE][PASSED] - Object: 'Object Repository/WebOffice/Page_Checkatrade - Administration - Login/Login_Button' is clicked on

2020-04-22 14:57:33 - [TEST_STEP][PASSED] - waitForPageLoad(60): Wait for page load successfully

2020-04-22 14:57:33 - [MESSAGE][PASSED] - Wait for page load successfully

2020-04-22 14:57:33 - [TEST_STEP][PASSED] - verifyTextPresent("Welcome " + wo_Username, false): Text 'Welcome DavidHo' is present on page 

2020-04-22 14:57:34 - [MESSAGE][PASSED] - Text 'Welcome DavidHo' is present on page 

2020-04-22 14:57:34 - [MESSAGE][PASSED] - Call Test Case 'Test Cases/Reusable_Test_Sequences/Web_Office/Directives/WebOffice_StartUp' successfully

2020-04-22 14:57:34 - [TEST_STEP][PASSED] - "-----------------------------------------------------------------": null

2020-04-22 14:57:34 - [TEST_STEP][PASSED] - " Navigate to <Settings->Checkatrade.Com->Sub Item> Menu Item     |": null

2020-04-22 14:57:34 - [TEST_STEP][PASSED] - callTestCase(findTestCase("Reusable_Test_Sequences/Web_Office/Navigation/Sub_Menu_Navigation/Settings/Checkatrade_Com/Search_Radius"), [:], STOP_ON_FAILURE): Call Test Case 'Test Cases/Reusable_Test_Sequences/Web_Office/Navigation/Sub_Menu_Navigation/Settings/Checkatrade_Com/Search_Radius' successfully

2020-04-22 14:57:34 - [TEST_CASE][PASSED] - Test Cases/Reusable_Test_Sequences/Web_Office/Navigation/Sub_Menu_Navigation/Settings/Checkatrade_Com/Search_Radius: Test Cases/Reusable_Test_Sequences/Web_Office/Navigation/Sub_Menu_Navigation/Settings/Checkatrade_Com/Search_Radius

2020-04-22 14:57:35 - [TEST_STEP][PASSED] - "--------------------------------------": null

2020-04-22 14:57:35 - [TEST_STEP][PASSED] - " Navigate Top level menu Item         |": null

2020-04-22 14:57:35 - [TEST_STEP][PASSED] - waitForPageLoad(60): Wait for page load successfully

2020-04-22 14:57:35 - [MESSAGE][PASSED] - Wait for page load successfully

2020-04-22 14:57:35 - [TEST_STEP][PASSED] - waitForElementClickable(findTestObject("Object Repository/WebOffice_Home_page/a_Settings"), 60): Object 'Object Repository/WebOffice_Home_page/a_Settings' is clickable

2020-04-22 14:57:35 - [MESSAGE][PASSED] - Object 'Object Repository/WebOffice_Home_page/a_Settings' is clickable

2020-04-22 14:57:35 - [TEST_STEP][PASSED] - mouseOver(findTestObject("Object Repository/WebOffice_Home_page/a_Settings")): Object: 'Object Repository/WebOffice_Home_page/a_Settings' is hovered

2020-04-22 14:57:35 - [MESSAGE][PASSED] - Object: 'Object Repository/WebOffice_Home_page/a_Settings' is hovered

2020-04-22 14:57:35 - [TEST_STEP][PASSED] - mouseOver(findTestObject("Object Repository/WebOffice_Home_page/a_wwwcheckatradecom")): Object: 'Object Repository/WebOffice_Home_page/a_wwwcheckatradecom' is hovered

2020-04-22 14:57:36 - [MESSAGE][PASSED] - Object: 'Object Repository/WebOffice_Home_page/a_wwwcheckatradecom' is hovered

2020-04-22 14:57:36 - [TEST_STEP][PASSED] - waitForElementClickable(findTestObject("Object Repository/WebOffice_Home_page/a_Search Radius"), 1): Object 'Object Repository/WebOffice_Home_page/a_Search Radius' is clickable

2020-04-22 14:57:36 - [MESSAGE][PASSED] - Object 'Object Repository/WebOffice_Home_page/a_Search Radius' is clickable

2020-04-22 14:57:36 - [TEST_STEP][PASSED] - click(findTestObject("Object Repository/WebOffice_Home_page/a_Search Radius")): Object: 'Object Repository/WebOffice_Home_page/a_Search Radius' is clicked on

2020-04-22 14:57:36 - [MESSAGE][PASSED] - Object: 'Object Repository/WebOffice_Home_page/a_Search Radius' is clicked on

2020-04-22 14:57:36 - [MESSAGE][PASSED] - Call Test Case 'Test Cases/Reusable_Test_Sequences/Web_Office/Navigation/Sub_Menu_Navigation/Settings/Checkatrade_Com/Search_Radius' successfully

2020-04-22 14:57:36 - [TEST_STEP][PASSED] - "--------------------------------------": null

2020-04-22 14:57:36 - [TEST_STEP][PASSED] - " Verify Returned Page Detail          |": null

2020-04-22 14:57:36 - [TEST_STEP][PASSED] - callTestCase(findTestCase("Reusable_Test_Sequences/Web_Office/Verification/Settings/Checkatrade_Com/Search_Radius"), [:], OPTIONAL): Call Test Case 'Test Cases/Reusable_Test_Sequences/Web_Office/Verification/Settings/Checkatrade_Com/Search_Radius' successfully

2020-04-22 14:57:36 - [TEST_CASE][PASSED] - Test Cases/Reusable_Test_Sequences/Web_Office/Verification/Settings/Checkatrade_Com/Search_Radius: Test Cases/Reusable_Test_Sequences/Web_Office/Verification/Settings/Checkatrade_Com/Search_Radius

2020-04-22 14:57:37 - [TEST_STEP][PASSED] - "-------------------------------------------------------------------------": null

2020-04-22 14:57:37 - [TEST_STEP][PASSED] - " Needs Extendig to change radius, do a CAT Search, the revert settings   |": null

2020-04-22 14:57:37 - [TEST_STEP][PASSED] - waitForPageLoad(60): Wait for page load successfully

2020-04-22 14:57:37 - [MESSAGE][PASSED] - Wait for page load successfully

2020-04-22 14:57:37 - [TEST_STEP][PASSED] - delay(1): Delayed 1 second(s)

2020-04-22 14:57:38 - [MESSAGE][PASSED] - Delayed 1 second(s)

2020-04-22 14:57:38 - [TEST_STEP][PASSED] - verifyTextPresent("Search Radius", false): Text 'Search Radius' is present on page 

2020-04-22 14:57:39 - [MESSAGE][PASSED] - Text 'Search Radius' is present on page 

2020-04-22 14:57:39 - [TEST_STEP][PASSED] - "----------------------------------------------": null

2020-04-22 14:57:39 - [TEST_STEP][PASSED] - verifyTextPresent("20 Miles", false): Text '20 Miles' is present on page 

2020-04-22 14:57:39 - [MESSAGE][PASSED] - Text '20 Miles' is present on page 

2020-04-22 14:57:39 - [MESSAGE][PASSED] - Call Test Case 'Test Cases/Reusable_Test_Sequences/Web_Office/Verification/Settings/Checkatrade_Com/Search_Radius' successfully

2020-04-22 14:57:39 - [TEST_STEP][PASSED] - "--------------------------": null

2020-04-22 14:57:39 - [TEST_STEP][PASSED] - " Teardown - CLose Browser |": null

2020-04-22 14:57:39 - [TEST_STEP][PASSED] - callTestCase(findTestCase("Reusable_Test_Sequences/CAT_Teardown"), [:], OPTIONAL): Call Test Case 'Test Cases/Reusable_Test_Sequences/CAT_Teardown' successfully

2020-04-22 14:57:39 - [TEST_CASE][PASSED] - Test Cases/Reusable_Test_Sequences/CAT_Teardown: Test Cases/Reusable_Test_Sequences/CAT_Teardown

2020-04-22 14:57:39 - [TEST_STEP][PASSED] - closeBrowser(): Browser is closed

2020-04-22 14:57:42 - [MESSAGE][PASSED] - Browser is closed

2020-04-22 14:57:42 - [TEST_STEP][PASSED] - super.finalize(): null

2020-04-22 14:57:42 - [TEST_STEP][PASSED] - System.gc(): null

2020-04-22 14:57:42 - [MESSAGE][PASSED] - Call Test Case 'Test Cases/Reusable_Test_Sequences/CAT_Teardown' successfully]]></system-out>
         <system-err><![CDATA[]]></system-err>
      </testcase>
      <testcase name="Test Cases/Web_Office/Settings/Checkatrade_Com/CAT_Now_Settings" time="30.132" classname="Test Cases/Web_Office/Settings/Checkatrade_Com/CAT_Now_Settings" status="PASSED">
         <system-out><![CDATA[2020-04-22 14:57:42 - [TEST_CASE][PASSED] - Test Cases/Web_Office/Settings/Checkatrade_Com/CAT_Now_Settings: Test Cases/Web_Office/Settings/Checkatrade_Com/CAT_Now_Settings

2020-04-22 14:57:43 - [TEST_STEP][PASSED] - "--------------------------------------": null

2020-04-22 14:57:43 - [TEST_STEP][PASSED] - " Web Office StartUp                  |": null

2020-04-22 14:57:43 - [TEST_STEP][PASSED] - callTestCase(findTestCase("Reusable_Test_Sequences/Web_Office/Directives/WebOffice_StartUp"), [:], STOP_ON_FAILURE): Call Test Case 'Test Cases/Reusable_Test_Sequences/Web_Office/Directives/WebOffice_StartUp' successfully

2020-04-22 14:57:43 - [TEST_CASE][PASSED] - Test Cases/Reusable_Test_Sequences/Web_Office/Directives/WebOffice_StartUp: Test Cases/Reusable_Test_Sequences/Web_Office/Directives/WebOffice_StartUp

2020-04-22 14:57:43 - [TEST_STEP][PASSED] - "-----------------------------------------------------------------------------": null

2020-04-22 14:57:43 - [TEST_STEP][PASSED] - if (URL == "https://www.dev.checkatrade.com/"): null

2020-04-22 14:57:43 - [TEST_STEP][PASSED] - "-----------------------------------------------------------------------------": null

2020-04-22 14:57:43 - [TEST_STEP][PASSED] - if (URL == "https://www.checkatrade.com/"): null

2020-04-22 14:57:43 - [TEST_STEP][PASSED] - "-----------------------------------------------------------------------------": null

2020-04-22 14:57:43 - [TEST_STEP][PASSED] - if (URL == "https://www.preview.checkatrade.com/"): null

2020-04-22 14:57:43 - [TEST_STEP][PASSED] - WebOfficeURL = "https://admin.preview.checkatrade.com/": null

2020-04-22 14:57:43 - [TEST_STEP][PASSED] - if (URL == "https://www.dev2.checkatrade.com/"): null

2020-04-22 14:57:43 - [TEST_STEP][PASSED] - "Set Function Area for "URL_Handler", URL Resolution": null

2020-04-22 14:57:43 - [TEST_STEP][PASSED] - "Do Some Magic with URL(s) See the comments within URL Handler ": null

2020-04-22 14:57:43 - [TEST_STEP][PASSED] - "------------------------------------------------": null

2020-04-22 14:57:43 - [TEST_STEP][PASSED] - "Moved Login Credentials to <Default> profile 22/01/2020": null

2020-04-22 14:57:43 - [TEST_STEP][PASSED] - "------------------------------------------------": null

2020-04-22 14:57:43 - [TEST_STEP][PASSED] - "WebOfficeURL - Set from the ENVIRONMENT PROFILE ": null

2020-04-22 14:57:43 - [TEST_STEP][PASSED] - "OPEN BROWSER": null

2020-04-22 14:57:43 - [TEST_STEP][PASSED] - "eg - https://admin.preview.checkatrade.com/  ": null

2020-04-22 14:57:43 - [TEST_STEP][PASSED] - openBrowser(WebOfficeURL): Browser is opened with url: 'https://admin.preview.checkatrade.com/'

2020-04-22 14:57:43 - [MESSAGE][INFO] - Starting 'Chrome' driver

2020-04-22 14:57:43 - [MESSAGE][INFO] - Action delay is set to 0 milliseconds

2020-04-22 14:57:49 - [MESSAGE][PASSED] - Browser is opened with url: 'https://admin.preview.checkatrade.com/'

2020-04-22 14:57:49 - [TEST_STEP][PASSED] - maximizeWindow(): Current window maximized

2020-04-22 14:57:52 - [MESSAGE][PASSED] - Current window maximized

2020-04-22 14:57:52 - [TEST_STEP][PASSED] - waitForElementClickable(findTestObject("Object Repository/WebOffice/Page_Checkatrade - Administration - Login/Login_Button"), 25): Object 'Object Repository/WebOffice/Page_Checkatrade - Administration - Login/Login_Button' is clickable

2020-04-22 14:57:52 - [MESSAGE][PASSED] - Object 'Object Repository/WebOffice/Page_Checkatrade - Administration - Login/Login_Button' is clickable

2020-04-22 14:57:52 - [TEST_STEP][PASSED] - verifyTextPresent("Checkatrade Web Office", false): Text 'Checkatrade Web Office' is present on page 

2020-04-22 14:57:52 - [MESSAGE][PASSED] - Text 'Checkatrade Web Office' is present on page 

2020-04-22 14:57:52 - [TEST_STEP][PASSED] - verifyTextPresent("Access for staff use only", false): Text 'Access for staff use only' is present on page 

2020-04-22 14:57:52 - [MESSAGE][PASSED] - Text 'Access for staff use only' is present on page 

2020-04-22 14:57:52 - [TEST_STEP][PASSED] - verifyTextPresent("Forgotten password?", false): Text 'Forgotten password?' is present on page 

2020-04-22 14:57:52 - [MESSAGE][PASSED] - Text 'Forgotten password?' is present on page 

2020-04-22 14:57:52 - [TEST_STEP][PASSED] - setText(findTestObject("Object Repository/WebOffice/Page_Checkatrade - Administration - Login/input_Username_LoginControlUserName"), wo_Username): Text 'DavidHo' is set on object 'Object Repository/WebOffice/Page_Checkatrade - Administration - Login/input_Username_LoginControlUserName'

2020-04-22 14:57:53 - [MESSAGE][PASSED] - Text 'DavidHo' is set on object 'Object Repository/WebOffice/Page_Checkatrade - Administration - Login/input_Username_LoginControlUserName'

2020-04-22 14:57:53 - [TEST_STEP][PASSED] - setText(findTestObject("Object Repository/WebOffice/Page_Checkatrade - Administration - Login/input_Password_LoginControlPassword"), wo_Password): Text 'Check123' is set on object 'Object Repository/WebOffice/Page_Checkatrade - Administration - Login/input_Password_LoginControlPassword'

2020-04-22 14:57:53 - [MESSAGE][PASSED] - Text 'Check123' is set on object 'Object Repository/WebOffice/Page_Checkatrade - Administration - Login/input_Password_LoginControlPassword'

2020-04-22 14:57:53 - [TEST_STEP][PASSED] - click(findTestObject("Object Repository/WebOffice/Page_Checkatrade - Administration - Login/Login_Button")): Object: 'Object Repository/WebOffice/Page_Checkatrade - Administration - Login/Login_Button' is clicked on

2020-04-22 14:57:54 - [MESSAGE][PASSED] - Object: 'Object Repository/WebOffice/Page_Checkatrade - Administration - Login/Login_Button' is clicked on

2020-04-22 14:57:54 - [TEST_STEP][PASSED] - waitForPageLoad(60): Wait for page load successfully

2020-04-22 14:57:54 - [MESSAGE][PASSED] - Wait for page load successfully

2020-04-22 14:57:54 - [TEST_STEP][PASSED] - verifyTextPresent("Welcome " + wo_Username, false): Text 'Welcome DavidHo' is present on page 

2020-04-22 14:57:54 - [MESSAGE][PASSED] - Text 'Welcome DavidHo' is present on page 

2020-04-22 14:57:54 - [MESSAGE][PASSED] - Call Test Case 'Test Cases/Reusable_Test_Sequences/Web_Office/Directives/WebOffice_StartUp' successfully

2020-04-22 14:57:54 - [TEST_STEP][PASSED] - "-----------------------------------------------------------------": null

2020-04-22 14:57:54 - [TEST_STEP][PASSED] - " Navigate to <Settings->Checkatrade.Com->Sub Item> Menu Item     |": null

2020-04-22 14:57:54 - [TEST_STEP][PASSED] - callTestCase(findTestCase("Reusable_Test_Sequences/Web_Office/Navigation/Sub_Menu_Navigation/Settings/Checkatrade_Com/CAT_Now_Settings"), [:], STOP_ON_FAILURE): Call Test Case 'Test Cases/Reusable_Test_Sequences/Web_Office/Navigation/Sub_Menu_Navigation/Settings/Checkatrade_Com/CAT_Now_Settings' successfully

2020-04-22 14:57:54 - [TEST_CASE][PASSED] - Test Cases/Reusable_Test_Sequences/Web_Office/Navigation/Sub_Menu_Navigation/Settings/Checkatrade_Com/CAT_Now_Settings: Test Cases/Reusable_Test_Sequences/Web_Office/Navigation/Sub_Menu_Navigation/Settings/Checkatrade_Com/CAT_Now_Settings

2020-04-22 14:57:55 - [TEST_STEP][PASSED] - "--------------------------------------": null

2020-04-22 14:57:55 - [TEST_STEP][PASSED] - " Navigate Top level menu Item         |": null

2020-04-22 14:57:55 - [TEST_STEP][PASSED] - waitForPageLoad(60): Wait for page load successfully

2020-04-22 14:57:55 - [MESSAGE][PASSED] - Wait for page load successfully

2020-04-22 14:57:55 - [TEST_STEP][PASSED] - waitForElementClickable(findTestObject("Object Repository/WebOffice_Home_page/a_Settings"), 60): Object 'Object Repository/WebOffice_Home_page/a_Settings' is clickable

2020-04-22 14:57:55 - [MESSAGE][PASSED] - Object 'Object Repository/WebOffice_Home_page/a_Settings' is clickable

2020-04-22 14:57:55 - [TEST_STEP][PASSED] - mouseOver(findTestObject("Object Repository/WebOffice_Home_page/a_Settings")): Object: 'Object Repository/WebOffice_Home_page/a_Settings' is hovered

2020-04-22 14:57:56 - [MESSAGE][PASSED] - Object: 'Object Repository/WebOffice_Home_page/a_Settings' is hovered

2020-04-22 14:57:56 - [TEST_STEP][PASSED] - mouseOver(findTestObject("Object Repository/WebOffice_Home_page/a_wwwcheckatradecom")): Object: 'Object Repository/WebOffice_Home_page/a_wwwcheckatradecom' is hovered

2020-04-22 14:57:56 - [MESSAGE][PASSED] - Object: 'Object Repository/WebOffice_Home_page/a_wwwcheckatradecom' is hovered

2020-04-22 14:57:56 - [TEST_STEP][PASSED] - waitForElementClickable(findTestObject("Object Repository/WebOffice_Home_page/a_CAT Now Settings"), 1): Object 'Object Repository/WebOffice_Home_page/a_CAT Now Settings' is clickable

2020-04-22 14:57:56 - [MESSAGE][PASSED] - Object 'Object Repository/WebOffice_Home_page/a_CAT Now Settings' is clickable

2020-04-22 14:57:56 - [TEST_STEP][PASSED] - click(findTestObject("Object Repository/WebOffice_Home_page/a_CAT Now Settings")): Object: 'Object Repository/WebOffice_Home_page/a_CAT Now Settings' is clicked on

2020-04-22 14:57:57 - [MESSAGE][PASSED] - Object: 'Object Repository/WebOffice_Home_page/a_CAT Now Settings' is clicked on

2020-04-22 14:57:57 - [MESSAGE][PASSED] - Call Test Case 'Test Cases/Reusable_Test_Sequences/Web_Office/Navigation/Sub_Menu_Navigation/Settings/Checkatrade_Com/CAT_Now_Settings' successfully

2020-04-22 14:57:57 - [TEST_STEP][PASSED] - "--------------------------------------": null

2020-04-22 14:57:57 - [TEST_STEP][PASSED] - " Verify Returned Page Detail          |": null

2020-04-22 14:57:57 - [TEST_STEP][PASSED] - callTestCase(findTestCase("Reusable_Test_Sequences/Web_Office/Verification/Settings/Checkatrade_Com/CAT_Now_Settings"), [:], OPTIONAL): Call Test Case 'Test Cases/Reusable_Test_Sequences/Web_Office/Verification/Settings/Checkatrade_Com/CAT_Now_Settings' successfully

2020-04-22 14:57:57 - [TEST_CASE][PASSED] - Test Cases/Reusable_Test_Sequences/Web_Office/Verification/Settings/Checkatrade_Com/CAT_Now_Settings: Test Cases/Reusable_Test_Sequences/Web_Office/Verification/Settings/Checkatrade_Com/CAT_Now_Settings

2020-04-22 14:57:58 - [TEST_STEP][PASSED] - waitForPageLoad(60): Wait for page load successfully

2020-04-22 14:57:58 - [MESSAGE][PASSED] - Wait for page load successfully

2020-04-22 14:57:58 - [TEST_STEP][PASSED] - delay(1): Delayed 1 second(s)

2020-04-22 14:57:59 - [MESSAGE][PASSED] - Delayed 1 second(s)

2020-04-22 14:57:59 - [TEST_STEP][PASSED] - verifyTextPresent("Categories", false): Text 'Categories' is present on page 

2020-04-22 14:57:59 - [MESSAGE][PASSED] - Text 'Categories' is present on page 

2020-04-22 14:57:59 - [TEST_STEP][PASSED] - "----------------------------------------------": null

2020-04-22 14:57:59 - [TEST_STEP][PASSED] - "----------------------------------------------": null

2020-04-22 14:57:59 - [TEST_STEP][PASSED] - verifyTextPresent("Emergency Categories", false): Text 'Emergency Categories' is present on page 

2020-04-22 14:58:00 - [MESSAGE][PASSED] - Text 'Emergency Categories' is present on page 

2020-04-22 14:58:00 - [TEST_STEP][PASSED] - "----------------------------------------------": null

2020-04-22 14:58:00 - [TEST_STEP][PASSED] - verifyTextPresent("Name", false): Text 'Name' is present on page 

2020-04-22 14:58:00 - [MESSAGE][PASSED] - Text 'Name' is present on page 

2020-04-22 14:58:00 - [TEST_STEP][PASSED] - verifyTextPresent("Edit", false): Text 'Edit' is present on page 

2020-04-22 14:58:00 - [MESSAGE][PASSED] - Text 'Edit' is present on page 

2020-04-22 14:58:00 - [TEST_STEP][PASSED] - verifyTextPresent("Delete", false): Text 'Delete' is present on page 

2020-04-22 14:58:01 - [MESSAGE][PASSED] - Text 'Delete' is present on page 

2020-04-22 14:58:01 - [TEST_STEP][PASSED] - "----------------------------------------------": null

2020-04-22 14:58:01 - [TEST_STEP][PASSED] - "----------------------------------------------": null

2020-04-22 14:58:01 - [TEST_STEP][PASSED] - verifyTextPresent("Central Heating", false): Text 'Central Heating' is present on page 

2020-04-22 14:58:01 - [MESSAGE][PASSED] - Text 'Central Heating' is present on page 

2020-04-22 14:58:01 - [TEST_STEP][PASSED] - "----------------------------------------------": null

2020-04-22 14:58:01 - [TEST_STEP][PASSED] - verifyTextPresent("Electrician", false): Text 'Electrician' is present on page 

2020-04-22 14:58:02 - [MESSAGE][PASSED] - Text 'Electrician' is present on page 

2020-04-22 14:58:02 - [TEST_STEP][PASSED] - "----------------------------------------------": null

2020-04-22 14:58:02 - [TEST_STEP][PASSED] - "----------------------------------------------": null

2020-04-22 14:58:02 - [TEST_STEP][PASSED] - verifyTextPresent("Plumber", false): Text 'Plumber' is present on page 

2020-04-22 14:58:02 - [MESSAGE][PASSED] - Text 'Plumber' is present on page 

2020-04-22 14:58:02 - [TEST_STEP][PASSED] - "----------------------------------------------": null

2020-04-22 14:58:02 - [TEST_STEP][PASSED] - "----------------------------------------------": null

2020-04-22 14:58:02 - [TEST_STEP][PASSED] - "----------------------------------------------": null

2020-04-22 14:58:02 - [TEST_STEP][PASSED] - "----------------------------------------------": null

2020-04-22 14:58:02 - [TEST_STEP][PASSED] - verifyTextPresent("System Settings", false): Text 'System Settings' is present on page 

2020-04-22 14:58:03 - [MESSAGE][PASSED] - Text 'System Settings' is present on page 

2020-04-22 14:58:03 - [TEST_STEP][PASSED] - "----------------------------------------------": null

2020-04-22 14:58:03 - [TEST_STEP][PASSED] - verifyTextPresent("Status", false): Text 'Status' is present on page 

2020-04-22 14:58:03 - [MESSAGE][PASSED] - Text 'Status' is present on page 

2020-04-22 14:58:03 - [TEST_STEP][PASSED] - verifyTextPresent("Allowed Postcodes", false): Text 'Allowed Postcodes' is present on page 

2020-04-22 14:58:04 - [MESSAGE][PASSED] - Text 'Allowed Postcodes' is present on page 

2020-04-22 14:58:04 - [TEST_STEP][PASSED] - verifyTextPresent("Admin Emails", false): Text 'Admin Emails' is present on page 

2020-04-22 14:58:04 - [MESSAGE][PASSED] - Text 'Admin Emails' is present on page 

2020-04-22 14:58:04 - [TEST_STEP][PASSED] - verifyTextPresent("Test Trader IDs", false): Text 'Test Trader IDs' is present on page 

2020-04-22 14:58:05 - [MESSAGE][PASSED] - Text 'Test Trader IDs' is present on page 

2020-04-22 14:58:05 - [TEST_STEP][PASSED] - verifyTextPresent("Start Time", false): Text 'Start Time' is present on page 

2020-04-22 14:58:05 - [MESSAGE][PASSED] - Text 'Start Time' is present on page 

2020-04-22 14:58:05 - [TEST_STEP][PASSED] - verifyTextPresent("End Time", false): Text 'End Time' is present on page 

2020-04-22 14:58:06 - [MESSAGE][PASSED] - Text 'End Time' is present on page 

2020-04-22 14:58:06 - [TEST_STEP][PASSED] - "----------------------------------------------": null

2020-04-22 14:58:06 - [TEST_STEP][PASSED] - verifyTextPresent("Running", false): Text 'Running' is present on page 

2020-04-22 14:58:06 - [MESSAGE][PASSED] - Text 'Running' is present on page 

2020-04-22 14:58:06 - [TEST_STEP][PASSED] - verifyTextPresent("KT13", false): Text 'KT13' is present on page 

2020-04-22 14:58:06 - [MESSAGE][PASSED] - Text 'KT13' is present on page 

2020-04-22 14:58:06 - [TEST_STEP][PASSED] - verifyTextPresent("PO12", false): Text 'PO12' is present on page 

2020-04-22 14:58:07 - [MESSAGE][PASSED] - Text 'PO12' is present on page 

2020-04-22 14:58:07 - [TEST_STEP][PASSED] - verifyTextPresent("BH25", false): Text 'BH25' is present on page 

2020-04-22 14:58:07 - [MESSAGE][PASSED] - Text 'BH25' is present on page 

2020-04-22 14:58:07 - [TEST_STEP][PASSED] - verifyTextPresent("RG26", false): Text 'RG26' is present on page 

2020-04-22 14:58:07 - [MESSAGE][PASSED] - Text 'RG26' is present on page 

2020-04-22 14:58:07 - [TEST_STEP][PASSED] - verifyTextPresent("richard@vocala.co", false): Text 'richard@vocala.co' is present on page 

2020-04-22 14:58:08 - [MESSAGE][PASSED] - Text 'richard@vocala.co' is present on page 

2020-04-22 14:58:08 - [TEST_STEP][PASSED] - verifyTextPresent("536", false): Text '536' is present on page 

2020-04-22 14:58:08 - [MESSAGE][PASSED] - Text '536' is present on page 

2020-04-22 14:58:08 - [MESSAGE][PASSED] - Call Test Case 'Test Cases/Reusable_Test_Sequences/Web_Office/Verification/Settings/Checkatrade_Com/CAT_Now_Settings' successfully

2020-04-22 14:58:08 - [TEST_STEP][PASSED] - "--------------------------": null

2020-04-22 14:58:08 - [TEST_STEP][PASSED] - " Teardown - CLose Browser |": null

2020-04-22 14:58:08 - [TEST_STEP][PASSED] - callTestCase(findTestCase("Reusable_Test_Sequences/CAT_Teardown"), [:], OPTIONAL): Call Test Case 'Test Cases/Reusable_Test_Sequences/CAT_Teardown' successfully

2020-04-22 14:58:08 - [TEST_CASE][PASSED] - Test Cases/Reusable_Test_Sequences/CAT_Teardown: Test Cases/Reusable_Test_Sequences/CAT_Teardown

2020-04-22 14:58:08 - [TEST_STEP][PASSED] - closeBrowser(): Browser is closed

2020-04-22 14:58:12 - [MESSAGE][PASSED] - Browser is closed

2020-04-22 14:58:12 - [TEST_STEP][PASSED] - super.finalize(): null

2020-04-22 14:58:12 - [TEST_STEP][PASSED] - System.gc(): null

2020-04-22 14:58:12 - [MESSAGE][PASSED] - Call Test Case 'Test Cases/Reusable_Test_Sequences/CAT_Teardown' successfully]]></system-out>
         <system-err><![CDATA[]]></system-err>
      </testcase>
      <testcase name="Test Cases/Web_Office/Settings/Checkatrade_Com/CAT_Now_Reporting" time="48.676" classname="Test Cases/Web_Office/Settings/Checkatrade_Com/CAT_Now_Reporting" status="FAILED">
         <failure type="FAILED" message="Test Cases/Web_Office/Settings/Checkatrade_Com/CAT_Now_Reporting FAILED.
Reason:
com.kms.katalon.core.exception.StepFailedException: Call Test Case 'Test Cases/Reusable_Test_Sequences/Web_Office/Navigation/Sub_Menu_Navigation/Settings/Checkatrade_Com/CAT_Now_Reporting' failed
	at com.kms.katalon.core.keyword.builtin.CallTestCaseKeyword$_callTestCase_closure1.doCall(CallTestCaseKeyword.groovy:63)
	at com.kms.katalon.core.keyword.builtin.CallTestCaseKeyword$_callTestCase_closure1.call(CallTestCaseKeyword.groovy)
	at com.kms.katalon.core.keyword.internal.KeywordMain.runKeyword(KeywordMain.groovy:68)
	at com.kms.katalon.core.keyword.builtin.CallTestCaseKeyword.callTestCase(CallTestCaseKeyword.groovy:81)
	at com.kms.katalon.core.keyword.builtin.CallTestCaseKeyword.execute(CallTestCaseKeyword.groovy:44)
	at com.kms.katalon.core.keyword.internal.KeywordExecutor.executeKeywordForPlatform(KeywordExecutor.groovy:72)
	at com.kms.katalon.core.keyword.BuiltinKeywords.callTestCase(BuiltinKeywords.groovy:334)
	at CAT_Now_Reporting.run(CAT_Now_Reporting:58)
	at com.kms.katalon.core.main.ScriptEngine.run(ScriptEngine.java:194)
	at com.kms.katalon.core.main.ScriptEngine.runScriptAsRawText(ScriptEngine.java:119)
	at com.kms.katalon.core.main.TestCaseExecutor.runScript(TestCaseExecutor.java:337)
	at com.kms.katalon.core.main.TestCaseExecutor.doExecute(TestCaseExecutor.java:328)
	at com.kms.katalon.core.main.TestCaseExecutor.processExecutionPhase(TestCaseExecutor.java:307)
	at com.kms.katalon.core.main.TestCaseExecutor.accessMainPhase(TestCaseExecutor.java:299)
	at com.kms.katalon.core.main.TestCaseExecutor.execute(TestCaseExecutor.java:233)
	at com.kms.katalon.core.main.TestSuiteExecutor.accessTestCaseMainPhase(TestSuiteExecutor.java:169)
	at com.kms.katalon.core.main.TestSuiteExecutor.accessTestSuiteMainPhase(TestSuiteExecutor.java:142)
	at com.kms.katalon.core.main.TestSuiteExecutor.execute(TestSuiteExecutor.java:91)
	at com.kms.katalon.core.main.TestCaseMain.startTestSuite(TestCaseMain.java:157)
	at com.kms.katalon.core.main.TestCaseMain$startTestSuite$0.call(Unknown Source)
	at TempTestSuite1587562267750.run(TempTestSuite1587562267750.groovy:37)
Caused by: com.kms.katalon.core.exception.StepFailedException: Unable to move mouse over object 'Object Repository/WebOffice_Home_page/a_wwwcheckatradecom' (Root cause: com.kms.katalon.core.exception.StepFailedException: Unable to move mouse over object 'Object Repository/WebOffice_Home_page/a_wwwcheckatradecom'
	at com.kms.katalon.core.webui.keyword.internal.WebUIKeywordMain.stepFailed(WebUIKeywordMain.groovy:64)
	at com.kms.katalon.core.webui.keyword.internal.WebUIKeywordMain.runKeyword(WebUIKeywordMain.groovy:26)
	at com.kms.katalon.core.webui.keyword.builtin.MouseOverKeyword.mouseOver(MouseOverKeyword.groovy:66)
	at com.kms.katalon.core.webui.keyword.builtin.MouseOverKeyword.execute(MouseOverKeyword.groovy:40)
	at com.kms.katalon.core.keyword.internal.KeywordExecutor.executeKeywordForPlatform(KeywordExecutor.groovy:72)
	at com.kms.katalon.core.webui.keyword.WebUiBuiltInKeywords.mouseOver(WebUiBuiltInKeywords.groovy:802)
	at com.kms.katalon.core.webui.keyword.WebUiBuiltInKeywords$mouseOver$6.call(Unknown Source)
	at CAT_Now_Reporting.run(CAT_Now_Reporting:63)
	at com.kms.katalon.core.main.ScriptEngine.run(ScriptEngine.java:194)
	at com.kms.katalon.core.main.ScriptEngine.runScriptAsRawText(ScriptEngine.java:119)
	at com.kms.katalon.core.main.TestCaseExecutor.runScript(TestCaseExecutor.java:337)
	at com.kms.katalon.core.main.TestCaseExecutor.doExecute(TestCaseExecutor.java:328)
	at com.kms.katalon.core.main.TestCaseExecutor.processExecutionPhase(TestCaseExecutor.java:307)
	at com.kms.katalon.core.main.TestCaseExecutor.accessMainPhase(TestCaseExecutor.java:299)
	at com.kms.katalon.core.main.TestCaseExecutor.execute(TestCaseExecutor.java:233)
	at com.kms.katalon.core.main.TestCaseMain.runTestCase(TestCaseMain.java:114)
	at com.kms.katalon.core.keyword.builtin.CallTestCaseKeyword$_callTestCase_closure1.doCall(CallTestCaseKeyword.groovy:59)
	at com.kms.katalon.core.keyword.builtin.CallTestCaseKeyword$_callTestCase_closure1.call(CallTestCaseKeyword.groovy)
	at com.kms.katalon.core.keyword.internal.KeywordMain.runKeyword(KeywordMain.groovy:68)
	at com.kms.katalon.core.keyword.builtin.CallTestCaseKeyword.callTestCase(CallTestCaseKeyword.groovy:81)
	at com.kms.katalon.core.keyword.builtin.CallTestCaseKeyword.execute(CallTestCaseKeyword.groovy:44)
	at com.kms.katalon.core.keyword.internal.KeywordExecutor.executeKeywordForPlatform(KeywordExecutor.groovy:72)
	at com.kms.katalon.core.keyword.BuiltinKeywords.callTestCase(BuiltinKeywords.groovy:334)
	at CAT_Now_Reporting.run(CAT_Now_Reporting:58)
	at com.kms.katalon.core.main.ScriptEngine.run(ScriptEngine.java:194)
	at com.kms.katalon.core.main.ScriptEngine.runScriptAsRawText(ScriptEngine.java:119)
	at com.kms.katalon.core.main.TestCaseExecutor.runScript(TestCaseExecutor.java:337)
	at com.kms.katalon.core.main.TestCaseExecutor.doExecute(TestCaseExecutor.java:328)
	at com.kms.katalon.core.main.TestCaseExecutor.processExecutionPhase(TestCaseExecutor.java:307)
	at com.kms.katalon.core.main.TestCaseExecutor.accessMainPhase(TestCaseExecutor.java:299)
	at com.kms.katalon.core.main.TestCaseExecutor.execute(TestCaseExecutor.java:233)
	at com.kms.katalon.core.main.TestSuiteExecutor.accessTestCaseMainPhase(TestSuiteExecutor.java:169)
	at com.kms.katalon.core.main.TestSuiteExecutor.accessTestSuiteMainPhase(TestSuiteExecutor.java:142)
	at com.kms.katalon.core.main.TestSuiteExecutor.execute(TestSuiteExecutor.java:91)
	at com.kms.katalon.core.main.TestCaseMain.startTestSuite(TestCaseMain.java:157)
	at com.kms.katalon.core.main.TestCaseMain$startTestSuite$0.call(Unknown Source)
	at TempTestSuite1587562267750.run(TempTestSuite1587562267750.groovy:37)
Caused by: org.openqa.selenium.TimeoutException: Expected condition failed: waiting for element to be clickable: [[CChromeDriver: chrome on WINDOWS (e6a06d3dafa167bccb1aa34cfd0c46df)] -> xpath: //*[@href = 'https://www.checkatrade.com' and (text() = 'www.checkatrade.com' or . = 'www.checkatrade.com')]] (tried for 30 second(s) with 500 milliseconds interval)
Build info: version: '3.141.59', revision: 'e82be7d358', time: '2018-11-14T08:25:53'
System info: host: 'VETTEDSP36RF', ip: '192.168.1.238', os.name: 'Windows 10', os.arch: 'x86', os.version: '10.0', java.version: '1.8.0_181'
Driver info: com.kms.katalon.core.webui.driver.SmartWaitWebDriver
Capabilities {acceptInsecureCerts: false, browserName: chrome, browserVersion: 81.0.4044.113, chrome: {chromedriverVersion: 81.0.4044.69 (6813546031a4b..., userDataDir: C:\Users\davidho\AppData\Lo...}, goog:chromeOptions: {debuggerAddress: localhost:55204}, javascriptEnabled: true, networkConnectionEnabled: false, pageLoadStrategy: normal, platform: WINDOWS, platformName: WINDOWS, proxy: Proxy(), setWindowRect: true, strictFileInteractability: false, timeouts: {implicit: 0, pageLoad: 300000, script: 30000}, unhandledPromptBehavior: dismiss and notify, webauthn:virtualAuthenticators: true}
Session ID: e6a06d3dafa167bccb1aa34cfd0c46df
	at org.openqa.selenium.support.ui.WebDriverWait.timeoutException(WebDriverWait.java:95)
	at org.openqa.selenium.support.ui.FluentWait.until(FluentWait.java:272)
	at com.kms.katalon.core.webui.keyword.builtin.MouseOverKeyword$_mouseOver_closure1.doCall(MouseOverKeyword.groovy:56)
	at com.kms.katalon.core.webui.keyword.builtin.MouseOverKeyword$_mouseOver_closure1.call(MouseOverKeyword.groovy)
	at com.kms.katalon.core.webui.keyword.internal.WebUIKeywordMain.runKeyword(WebUIKeywordMain.groovy:20)
	at com.kms.katalon.core.webui.keyword.builtin.MouseOverKeyword.mouseOver(MouseOverKeyword.groovy:66)
	at com.kms.katalon.core.webui.keyword.builtin.MouseOverKeyword.execute(MouseOverKeyword.groovy:40)
	at com.kms.katalon.core.keyword.internal.KeywordExecutor.executeKeywordForPlatform(KeywordExecutor.groovy:72)
	at com.kms.katalon.core.webui.keyword.WebUiBuiltInKeywords.mouseOver(WebUiBuiltInKeywords.groovy:802)
	at com.kms.katalon.core.webui.keyword.WebUiBuiltInKeywords$mouseOver$6.call(Unknown Source)
	at Script1585049847870.run(Script1585049847870.groovy:63)
	at com.kms.katalon.core.main.ScriptEngine.run(ScriptEngine.java:194)
	at com.kms.katalon.core.main.ScriptEngine.runScriptAsRawText(ScriptEngine.java:119)
	at com.kms.katalon.core.main.TestCaseExecutor.runScript(TestCaseExecutor.java:337)
	at com.kms.katalon.core.main.TestCaseExecutor.doExecute(TestCaseExecutor.java:328)
	at com.kms.katalon.core.main.TestCaseExecutor.processExecutionPhase(TestCaseExecutor.java:307)
	at com.kms.katalon.core.main.TestCaseExecutor.accessMainPhase(TestCaseExecutor.java:299)
	at com.kms.katalon.core.main.TestCaseExecutor.execute(TestCaseExecutor.java:233)
	at com.kms.katalon.core.main.TestCaseMain.runTestCase(TestCaseMain.java:114)
	at com.kms.katalon.core.keyword.builtin.CallTestCaseKeyword$_callTestCase_closure1.doCall(CallTestCaseKeyword.groovy:59)
	at com.kms.katalon.core.keyword.builtin.CallTestCaseKeyword$_callTestCase_closure1.call(CallTestCaseKeyword.groovy)
	at com.kms.katalon.core.keyword.internal.KeywordMain.runKeyword(KeywordMain.groovy:68)
	at com.kms.katalon.core.keyword.builtin.CallTestCaseKeyword.callTestCase(CallTestCaseKeyword.groovy:81)
	at com.kms.katalon.core.keyword.builtin.CallTestCaseKeyword.execute(CallTestCaseKeyword.groovy:44)
	at com.kms.katalon.core.keyword.internal.KeywordExecutor.executeKeywordForPlatform(KeywordExecutor.groovy:72)
	at com.kms.katalon.core.keyword.BuiltinKeywords.callTestCase(BuiltinKeywords.groovy:334)
	at Script1585128042398.run(Script1585128042398.groovy:58)
	... 13 more
)
	at com.kms.katalon.core.keyword.internal.KeywordMain.stepFailed(KeywordMain.groovy:39)
	at com.kms.katalon.core.webui.keyword.internal.WebUIKeywordMain.stepFailed(WebUIKeywordMain.groovy:64)
	at com.kms.katalon.core.webui.keyword.internal.WebUIKeywordMain.runKeyword(WebUIKeywordMain.groovy:26)
	at com.kms.katalon.core.webui.keyword.builtin.MouseOverKeyword.mouseOver(MouseOverKeyword.groovy:66)
	at com.kms.katalon.core.webui.keyword.builtin.MouseOverKeyword.execute(MouseOverKeyword.groovy:40)
	at com.kms.katalon.core.keyword.internal.KeywordExecutor.executeKeywordForPlatform(KeywordExecutor.groovy:72)
	at com.kms.katalon.core.webui.keyword.WebUiBuiltInKeywords.mouseOver(WebUiBuiltInKeywords.groovy:802)
	at com.kms.katalon.core.webui.keyword.WebUiBuiltInKeywords$mouseOver$6.call(Unknown Source)
	at CAT_Now_Reporting.run(CAT_Now_Reporting:63)
	at com.kms.katalon.core.main.ScriptEngine.run(ScriptEngine.java:194)
	at com.kms.katalon.core.main.ScriptEngine.runScriptAsRawText(ScriptEngine.java:119)
	at com.kms.katalon.core.main.TestCaseExecutor.runScript(TestCaseExecutor.java:337)
	at com.kms.katalon.core.main.TestCaseExecutor.doExecute(TestCaseExecutor.java:328)
	at com.kms.katalon.core.main.TestCaseExecutor.processExecutionPhase(TestCaseExecutor.java:307)
	at com.kms.katalon.core.main.TestCaseExecutor.accessMainPhase(TestCaseExecutor.java:299)
	at com.kms.katalon.core.main.TestCaseExecutor.execute(TestCaseExecutor.java:233)
	at com.kms.katalon.core.main.TestCaseMain.runTestCase(TestCaseMain.java:114)
	at com.kms.katalon.core.keyword.builtin.CallTestCaseKeyword$_callTestCase_closure1.doCall(CallTestCaseKeyword.groovy:59)
	... 20 more
Caused by: com.kms.katalon.core.exception.StepFailedException: Unable to move mouse over object 'Object Repository/WebOffice_Home_page/a_wwwcheckatradecom'
	... 37 more
Caused by: org.openqa.selenium.TimeoutException: Expected condition failed: waiting for element to be clickable: [[CChromeDriver: chrome on WINDOWS (e6a06d3dafa167bccb1aa34cfd0c46df)] -> xpath: //*[@href = 'https://www.checkatrade.com' and (text() = 'www.checkatrade.com' or . = 'www.checkatrade.com')]] (tried for 30 second(s) with 500 milliseconds interval)
Build info: version: '3.141.59', revision: 'e82be7d358', time: '2018-11-14T08:25:53'
System info: host: 'VETTEDSP36RF', ip: '192.168.1.238', os.name: 'Windows 10', os.arch: 'x86', os.version: '10.0', java.version: '1.8.0_181'
Driver info: com.kms.katalon.core.webui.driver.SmartWaitWebDriver
Capabilities {acceptInsecureCerts: false, browserName: chrome, browserVersion: 81.0.4044.113, chrome: {chromedriverVersion: 81.0.4044.69 (6813546031a4b..., userDataDir: C:\Users\davidho\AppData\Lo...}, goog:chromeOptions: {debuggerAddress: localhost:55204}, javascriptEnabled: true, networkConnectionEnabled: false, pageLoadStrategy: normal, platform: WINDOWS, platformName: WINDOWS, proxy: Proxy(), setWindowRect: true, strictFileInteractability: false, timeouts: {implicit: 0, pageLoad: 300000, script: 30000}, unhandledPromptBehavior: dismiss and notify, webauthn:virtualAuthenticators: true}
Session ID: e6a06d3dafa167bccb1aa34cfd0c46df
	at org.openqa.selenium.support.ui.WebDriverWait.timeoutException(WebDriverWait.java:95)
	at org.openqa.selenium.support.ui.FluentWait.until(FluentWait.java:272)
	at com.kms.katalon.core.webui.keyword.builtin.MouseOverKeyword$_mouseOver_closure1.doCall(MouseOverKeyword.groovy:56)
	at com.kms.katalon.core.webui.keyword.builtin.MouseOverKeyword$_mouseOver_closure1.call(MouseOverKeyword.groovy)
	at com.kms.katalon.core.webui.keyword.internal.WebUIKeywordMain.runKeyword(WebUIKeywordMain.groovy:20)
	... 35 more
"/>
         <system-out><![CDATA[2020-04-22 14:58:12 - [TEST_CASE][FAILED] - Test Cases/Web_Office/Settings/Checkatrade_Com/CAT_Now_Reporting: Test Cases/Web_Office/Settings/Checkatrade_Com/CAT_Now_Reporting FAILED.
Reason:
com.kms.katalon.core.exception.StepFailedException: Call Test Case 'Test Cases/Reusable_Test_Sequences/Web_Office/Navigation/Sub_Menu_Navigation/Settings/Checkatrade_Com/CAT_Now_Reporting' failed
	at com.kms.katalon.core.keyword.builtin.CallTestCaseKeyword$_callTestCase_closure1.doCall(CallTestCaseKeyword.groovy:63)
	at com.kms.katalon.core.keyword.builtin.CallTestCaseKeyword$_callTestCase_closure1.call(CallTestCaseKeyword.groovy)
	at com.kms.katalon.core.keyword.internal.KeywordMain.runKeyword(KeywordMain.groovy:68)
	at com.kms.katalon.core.keyword.builtin.CallTestCaseKeyword.callTestCase(CallTestCaseKeyword.groovy:81)
	at com.kms.katalon.core.keyword.builtin.CallTestCaseKeyword.execute(CallTestCaseKeyword.groovy:44)
	at com.kms.katalon.core.keyword.internal.KeywordExecutor.executeKeywordForPlatform(KeywordExecutor.groovy:72)
	at com.kms.katalon.core.keyword.BuiltinKeywords.callTestCase(BuiltinKeywords.groovy:334)
	at CAT_Now_Reporting.run(CAT_Now_Reporting:58)
	at com.kms.katalon.core.main.ScriptEngine.run(ScriptEngine.java:194)
	at com.kms.katalon.core.main.ScriptEngine.runScriptAsRawText(ScriptEngine.java:119)
	at com.kms.katalon.core.main.TestCaseExecutor.runScript(TestCaseExecutor.java:337)
	at com.kms.katalon.core.main.TestCaseExecutor.doExecute(TestCaseExecutor.java:328)
	at com.kms.katalon.core.main.TestCaseExecutor.processExecutionPhase(TestCaseExecutor.java:307)
	at com.kms.katalon.core.main.TestCaseExecutor.accessMainPhase(TestCaseExecutor.java:299)
	at com.kms.katalon.core.main.TestCaseExecutor.execute(TestCaseExecutor.java:233)
	at com.kms.katalon.core.main.TestSuiteExecutor.accessTestCaseMainPhase(TestSuiteExecutor.java:169)
	at com.kms.katalon.core.main.TestSuiteExecutor.accessTestSuiteMainPhase(TestSuiteExecutor.java:142)
	at com.kms.katalon.core.main.TestSuiteExecutor.execute(TestSuiteExecutor.java:91)
	at com.kms.katalon.core.main.TestCaseMain.startTestSuite(TestCaseMain.java:157)
	at com.kms.katalon.core.main.TestCaseMain$startTestSuite$0.call(Unknown Source)
	at TempTestSuite1587562267750.run(TempTestSuite1587562267750.groovy:37)
Caused by: com.kms.katalon.core.exception.StepFailedException: Unable to move mouse over object 'Object Repository/WebOffice_Home_page/a_wwwcheckatradecom' (Root cause: com.kms.katalon.core.exception.StepFailedException: Unable to move mouse over object 'Object Repository/WebOffice_Home_page/a_wwwcheckatradecom'
	at com.kms.katalon.core.webui.keyword.internal.WebUIKeywordMain.stepFailed(WebUIKeywordMain.groovy:64)
	at com.kms.katalon.core.webui.keyword.internal.WebUIKeywordMain.runKeyword(WebUIKeywordMain.groovy:26)
	at com.kms.katalon.core.webui.keyword.builtin.MouseOverKeyword.mouseOver(MouseOverKeyword.groovy:66)
	at com.kms.katalon.core.webui.keyword.builtin.MouseOverKeyword.execute(MouseOverKeyword.groovy:40)
	at com.kms.katalon.core.keyword.internal.KeywordExecutor.executeKeywordForPlatform(KeywordExecutor.groovy:72)
	at com.kms.katalon.core.webui.keyword.WebUiBuiltInKeywords.mouseOver(WebUiBuiltInKeywords.groovy:802)
	at com.kms.katalon.core.webui.keyword.WebUiBuiltInKeywords$mouseOver$6.call(Unknown Source)
	at CAT_Now_Reporting.run(CAT_Now_Reporting:63)
	at com.kms.katalon.core.main.ScriptEngine.run(ScriptEngine.java:194)
	at com.kms.katalon.core.main.ScriptEngine.runScriptAsRawText(ScriptEngine.java:119)
	at com.kms.katalon.core.main.TestCaseExecutor.runScript(TestCaseExecutor.java:337)
	at com.kms.katalon.core.main.TestCaseExecutor.doExecute(TestCaseExecutor.java:328)
	at com.kms.katalon.core.main.TestCaseExecutor.processExecutionPhase(TestCaseExecutor.java:307)
	at com.kms.katalon.core.main.TestCaseExecutor.accessMainPhase(TestCaseExecutor.java:299)
	at com.kms.katalon.core.main.TestCaseExecutor.execute(TestCaseExecutor.java:233)
	at com.kms.katalon.core.main.TestCaseMain.runTestCase(TestCaseMain.java:114)
	at com.kms.katalon.core.keyword.builtin.CallTestCaseKeyword$_callTestCase_closure1.doCall(CallTestCaseKeyword.groovy:59)
	at com.kms.katalon.core.keyword.builtin.CallTestCaseKeyword$_callTestCase_closure1.call(CallTestCaseKeyword.groovy)
	at com.kms.katalon.core.keyword.internal.KeywordMain.runKeyword(KeywordMain.groovy:68)
	at com.kms.katalon.core.keyword.builtin.CallTestCaseKeyword.callTestCase(CallTestCaseKeyword.groovy:81)
	at com.kms.katalon.core.keyword.builtin.CallTestCaseKeyword.execute(CallTestCaseKeyword.groovy:44)
	at com.kms.katalon.core.keyword.internal.KeywordExecutor.executeKeywordForPlatform(KeywordExecutor.groovy:72)
	at com.kms.katalon.core.keyword.BuiltinKeywords.callTestCase(BuiltinKeywords.groovy:334)
	at CAT_Now_Reporting.run(CAT_Now_Reporting:58)
	at com.kms.katalon.core.main.ScriptEngine.run(ScriptEngine.java:194)
	at com.kms.katalon.core.main.ScriptEngine.runScriptAsRawText(ScriptEngine.java:119)
	at com.kms.katalon.core.main.TestCaseExecutor.runScript(TestCaseExecutor.java:337)
	at com.kms.katalon.core.main.TestCaseExecutor.doExecute(TestCaseExecutor.java:328)
	at com.kms.katalon.core.main.TestCaseExecutor.processExecutionPhase(TestCaseExecutor.java:307)
	at com.kms.katalon.core.main.TestCaseExecutor.accessMainPhase(TestCaseExecutor.java:299)
	at com.kms.katalon.core.main.TestCaseExecutor.execute(TestCaseExecutor.java:233)
	at com.kms.katalon.core.main.TestSuiteExecutor.accessTestCaseMainPhase(TestSuiteExecutor.java:169)
	at com.kms.katalon.core.main.TestSuiteExecutor.accessTestSuiteMainPhase(TestSuiteExecutor.java:142)
	at com.kms.katalon.core.main.TestSuiteExecutor.execute(TestSuiteExecutor.java:91)
	at com.kms.katalon.core.main.TestCaseMain.startTestSuite(TestCaseMain.java:157)
	at com.kms.katalon.core.main.TestCaseMain$startTestSuite$0.call(Unknown Source)
	at TempTestSuite1587562267750.run(TempTestSuite1587562267750.groovy:37)
Caused by: org.openqa.selenium.TimeoutException: Expected condition failed: waiting for element to be clickable: [[CChromeDriver: chrome on WINDOWS (e6a06d3dafa167bccb1aa34cfd0c46df)] -> xpath: //*[@href = 'https://www.checkatrade.com' and (text() = 'www.checkatrade.com' or . = 'www.checkatrade.com')]] (tried for 30 second(s) with 500 milliseconds interval)
Build info: version: '3.141.59', revision: 'e82be7d358', time: '2018-11-14T08:25:53'
System info: host: 'VETTEDSP36RF', ip: '192.168.1.238', os.name: 'Windows 10', os.arch: 'x86', os.version: '10.0', java.version: '1.8.0_181'
Driver info: com.kms.katalon.core.webui.driver.SmartWaitWebDriver
Capabilities {acceptInsecureCerts: false, browserName: chrome, browserVersion: 81.0.4044.113, chrome: {chromedriverVersion: 81.0.4044.69 (6813546031a4b..., userDataDir: C:\Users\davidho\AppData\Lo...}, goog:chromeOptions: {debuggerAddress: localhost:55204}, javascriptEnabled: true, networkConnectionEnabled: false, pageLoadStrategy: normal, platform: WINDOWS, platformName: WINDOWS, proxy: Proxy(), setWindowRect: true, strictFileInteractability: false, timeouts: {implicit: 0, pageLoad: 300000, script: 30000}, unhandledPromptBehavior: dismiss and notify, webauthn:virtualAuthenticators: true}
Session ID: e6a06d3dafa167bccb1aa34cfd0c46df
	at org.openqa.selenium.support.ui.WebDriverWait.timeoutException(WebDriverWait.java:95)
	at org.openqa.selenium.support.ui.FluentWait.until(FluentWait.java:272)
	at com.kms.katalon.core.webui.keyword.builtin.MouseOverKeyword$_mouseOver_closure1.doCall(MouseOverKeyword.groovy:56)
	at com.kms.katalon.core.webui.keyword.builtin.MouseOverKeyword$_mouseOver_closure1.call(MouseOverKeyword.groovy)
	at com.kms.katalon.core.webui.keyword.internal.WebUIKeywordMain.runKeyword(WebUIKeywordMain.groovy:20)
	at com.kms.katalon.core.webui.keyword.builtin.MouseOverKeyword.mouseOver(MouseOverKeyword.groovy:66)
	at com.kms.katalon.core.webui.keyword.builtin.MouseOverKeyword.execute(MouseOverKeyword.groovy:40)
	at com.kms.katalon.core.keyword.internal.KeywordExecutor.executeKeywordForPlatform(KeywordExecutor.groovy:72)
	at com.kms.katalon.core.webui.keyword.WebUiBuiltInKeywords.mouseOver(WebUiBuiltInKeywords.groovy:802)
	at com.kms.katalon.core.webui.keyword.WebUiBuiltInKeywords$mouseOver$6.call(Unknown Source)
	at Script1585049847870.run(Script1585049847870.groovy:63)
	at com.kms.katalon.core.main.ScriptEngine.run(ScriptEngine.java:194)
	at com.kms.katalon.core.main.ScriptEngine.runScriptAsRawText(ScriptEngine.java:119)
	at com.kms.katalon.core.main.TestCaseExecutor.runScript(TestCaseExecutor.java:337)
	at com.kms.katalon.core.main.TestCaseExecutor.doExecute(TestCaseExecutor.java:328)
	at com.kms.katalon.core.main.TestCaseExecutor.processExecutionPhase(TestCaseExecutor.java:307)
	at com.kms.katalon.core.main.TestCaseExecutor.accessMainPhase(TestCaseExecutor.java:299)
	at com.kms.katalon.core.main.TestCaseExecutor.execute(TestCaseExecutor.java:233)
	at com.kms.katalon.core.main.TestCaseMain.runTestCase(TestCaseMain.java:114)
	at com.kms.katalon.core.keyword.builtin.CallTestCaseKeyword$_callTestCase_closure1.doCall(CallTestCaseKeyword.groovy:59)
	at com.kms.katalon.core.keyword.builtin.CallTestCaseKeyword$_callTestCase_closure1.call(CallTestCaseKeyword.groovy)
	at com.kms.katalon.core.keyword.internal.KeywordMain.runKeyword(KeywordMain.groovy:68)
	at com.kms.katalon.core.keyword.builtin.CallTestCaseKeyword.callTestCase(CallTestCaseKeyword.groovy:81)
	at com.kms.katalon.core.keyword.builtin.CallTestCaseKeyword.execute(CallTestCaseKeyword.groovy:44)
	at com.kms.katalon.core.keyword.internal.KeywordExecutor.executeKeywordForPlatform(KeywordExecutor.groovy:72)
	at com.kms.katalon.core.keyword.BuiltinKeywords.callTestCase(BuiltinKeywords.groovy:334)
	at Script1585128042398.run(Script1585128042398.groovy:58)
	... 13 more
)
	at com.kms.katalon.core.keyword.internal.KeywordMain.stepFailed(KeywordMain.groovy:39)
	at com.kms.katalon.core.webui.keyword.internal.WebUIKeywordMain.stepFailed(WebUIKeywordMain.groovy:64)
	at com.kms.katalon.core.webui.keyword.internal.WebUIKeywordMain.runKeyword(WebUIKeywordMain.groovy:26)
	at com.kms.katalon.core.webui.keyword.builtin.MouseOverKeyword.mouseOver(MouseOverKeyword.groovy:66)
	at com.kms.katalon.core.webui.keyword.builtin.MouseOverKeyword.execute(MouseOverKeyword.groovy:40)
	at com.kms.katalon.core.keyword.internal.KeywordExecutor.executeKeywordForPlatform(KeywordExecutor.groovy:72)
	at com.kms.katalon.core.webui.keyword.WebUiBuiltInKeywords.mouseOver(WebUiBuiltInKeywords.groovy:802)
	at com.kms.katalon.core.webui.keyword.WebUiBuiltInKeywords$mouseOver$6.call(Unknown Source)
	at CAT_Now_Reporting.run(CAT_Now_Reporting:63)
	at com.kms.katalon.core.main.ScriptEngine.run(ScriptEngine.java:194)
	at com.kms.katalon.core.main.ScriptEngine.runScriptAsRawText(ScriptEngine.java:119)
	at com.kms.katalon.core.main.TestCaseExecutor.runScript(TestCaseExecutor.java:337)
	at com.kms.katalon.core.main.TestCaseExecutor.doExecute(TestCaseExecutor.java:328)
	at com.kms.katalon.core.main.TestCaseExecutor.processExecutionPhase(TestCaseExecutor.java:307)
	at com.kms.katalon.core.main.TestCaseExecutor.accessMainPhase(TestCaseExecutor.java:299)
	at com.kms.katalon.core.main.TestCaseExecutor.execute(TestCaseExecutor.java:233)
	at com.kms.katalon.core.main.TestCaseMain.runTestCase(TestCaseMain.java:114)
	at com.kms.katalon.core.keyword.builtin.CallTestCaseKeyword$_callTestCase_closure1.doCall(CallTestCaseKeyword.groovy:59)
	... 20 more
Caused by: com.kms.katalon.core.exception.StepFailedException: Unable to move mouse over object 'Object Repository/WebOffice_Home_page/a_wwwcheckatradecom'
	... 37 more
Caused by: org.openqa.selenium.TimeoutException: Expected condition failed: waiting for element to be clickable: [[CChromeDriver: chrome on WINDOWS (e6a06d3dafa167bccb1aa34cfd0c46df)] -> xpath: //*[@href = 'https://www.checkatrade.com' and (text() = 'www.checkatrade.com' or . = 'www.checkatrade.com')]] (tried for 30 second(s) with 500 milliseconds interval)
Build info: version: '3.141.59', revision: 'e82be7d358', time: '2018-11-14T08:25:53'
System info: host: 'VETTEDSP36RF', ip: '192.168.1.238', os.name: 'Windows 10', os.arch: 'x86', os.version: '10.0', java.version: '1.8.0_181'
Driver info: com.kms.katalon.core.webui.driver.SmartWaitWebDriver
Capabilities {acceptInsecureCerts: false, browserName: chrome, browserVersion: 81.0.4044.113, chrome: {chromedriverVersion: 81.0.4044.69 (6813546031a4b..., userDataDir: C:\Users\davidho\AppData\Lo...}, goog:chromeOptions: {debuggerAddress: localhost:55204}, javascriptEnabled: true, networkConnectionEnabled: false, pageLoadStrategy: normal, platform: WINDOWS, platformName: WINDOWS, proxy: Proxy(), setWindowRect: true, strictFileInteractability: false, timeouts: {implicit: 0, pageLoad: 300000, script: 30000}, unhandledPromptBehavior: dismiss and notify, webauthn:virtualAuthenticators: true}
Session ID: e6a06d3dafa167bccb1aa34cfd0c46df
	at org.openqa.selenium.support.ui.WebDriverWait.timeoutException(WebDriverWait.java:95)
	at org.openqa.selenium.support.ui.FluentWait.until(FluentWait.java:272)
	at com.kms.katalon.core.webui.keyword.builtin.MouseOverKeyword$_mouseOver_closure1.doCall(MouseOverKeyword.groovy:56)
	at com.kms.katalon.core.webui.keyword.builtin.MouseOverKeyword$_mouseOver_closure1.call(MouseOverKeyword.groovy)
	at com.kms.katalon.core.webui.keyword.internal.WebUIKeywordMain.runKeyword(WebUIKeywordMain.groovy:20)
	... 35 more


2020-04-22 14:58:13 - [TEST_STEP][PASSED] - "--------------------------------------": null

2020-04-22 14:58:13 - [TEST_STEP][PASSED] - " Web Office StartUp                  |": null

2020-04-22 14:58:13 - [TEST_STEP][PASSED] - callTestCase(findTestCase("Reusable_Test_Sequences/Web_Office/Directives/WebOffice_StartUp"), [:], STOP_ON_FAILURE): Call Test Case 'Test Cases/Reusable_Test_Sequences/Web_Office/Directives/WebOffice_StartUp' successfully

2020-04-22 14:58:13 - [TEST_CASE][PASSED] - Test Cases/Reusable_Test_Sequences/Web_Office/Directives/WebOffice_StartUp: Test Cases/Reusable_Test_Sequences/Web_Office/Directives/WebOffice_StartUp

2020-04-22 14:58:13 - [TEST_STEP][PASSED] - "-----------------------------------------------------------------------------": null

2020-04-22 14:58:13 - [TEST_STEP][PASSED] - if (URL == "https://www.dev.checkatrade.com/"): null

2020-04-22 14:58:13 - [TEST_STEP][PASSED] - "-----------------------------------------------------------------------------": null

2020-04-22 14:58:13 - [TEST_STEP][PASSED] - if (URL == "https://www.checkatrade.com/"): null

2020-04-22 14:58:13 - [TEST_STEP][PASSED] - "-----------------------------------------------------------------------------": null

2020-04-22 14:58:13 - [TEST_STEP][PASSED] - if (URL == "https://www.preview.checkatrade.com/"): null

2020-04-22 14:58:13 - [TEST_STEP][PASSED] - WebOfficeURL = "https://admin.preview.checkatrade.com/": null

2020-04-22 14:58:13 - [TEST_STEP][PASSED] - if (URL == "https://www.dev2.checkatrade.com/"): null

2020-04-22 14:58:13 - [TEST_STEP][PASSED] - "Set Function Area for "URL_Handler", URL Resolution": null

2020-04-22 14:58:13 - [TEST_STEP][PASSED] - "Do Some Magic with URL(s) See the comments within URL Handler ": null

2020-04-22 14:58:13 - [TEST_STEP][PASSED] - "------------------------------------------------": null

2020-04-22 14:58:13 - [TEST_STEP][PASSED] - "Moved Login Credentials to <Default> profile 22/01/2020": null

2020-04-22 14:58:13 - [TEST_STEP][PASSED] - "------------------------------------------------": null

2020-04-22 14:58:13 - [TEST_STEP][PASSED] - "WebOfficeURL - Set from the ENVIRONMENT PROFILE ": null

2020-04-22 14:58:13 - [TEST_STEP][PASSED] - "OPEN BROWSER": null

2020-04-22 14:58:13 - [TEST_STEP][PASSED] - "eg - https://admin.preview.checkatrade.com/  ": null

2020-04-22 14:58:13 - [TEST_STEP][PASSED] - openBrowser(WebOfficeURL): Browser is opened with url: 'https://admin.preview.checkatrade.com/'

2020-04-22 14:58:13 - [MESSAGE][INFO] - Starting 'Chrome' driver

2020-04-22 14:58:13 - [MESSAGE][INFO] - Action delay is set to 0 milliseconds

2020-04-22 14:58:20 - [MESSAGE][PASSED] - Browser is opened with url: 'https://admin.preview.checkatrade.com/'

2020-04-22 14:58:20 - [TEST_STEP][PASSED] - maximizeWindow(): Current window maximized

2020-04-22 14:58:22 - [MESSAGE][PASSED] - Current window maximized

2020-04-22 14:58:22 - [TEST_STEP][PASSED] - waitForElementClickable(findTestObject("Object Repository/WebOffice/Page_Checkatrade - Administration - Login/Login_Button"), 25): Object 'Object Repository/WebOffice/Page_Checkatrade - Administration - Login/Login_Button' is clickable

2020-04-22 14:58:22 - [MESSAGE][PASSED] - Object 'Object Repository/WebOffice/Page_Checkatrade - Administration - Login/Login_Button' is clickable

2020-04-22 14:58:22 - [TEST_STEP][PASSED] - verifyTextPresent("Checkatrade Web Office", false): Text 'Checkatrade Web Office' is present on page 

2020-04-22 14:58:22 - [MESSAGE][PASSED] - Text 'Checkatrade Web Office' is present on page 

2020-04-22 14:58:22 - [TEST_STEP][PASSED] - verifyTextPresent("Access for staff use only", false): Text 'Access for staff use only' is present on page 

2020-04-22 14:58:22 - [MESSAGE][PASSED] - Text 'Access for staff use only' is present on page 

2020-04-22 14:58:22 - [TEST_STEP][PASSED] - verifyTextPresent("Forgotten password?", false): Text 'Forgotten password?' is present on page 

2020-04-22 14:58:22 - [MESSAGE][PASSED] - Text 'Forgotten password?' is present on page 

2020-04-22 14:58:22 - [TEST_STEP][PASSED] - setText(findTestObject("Object Repository/WebOffice/Page_Checkatrade - Administration - Login/input_Username_LoginControlUserName"), wo_Username): Text 'DavidHo' is set on object 'Object Repository/WebOffice/Page_Checkatrade - Administration - Login/input_Username_LoginControlUserName'

2020-04-22 14:58:23 - [MESSAGE][PASSED] - Text 'DavidHo' is set on object 'Object Repository/WebOffice/Page_Checkatrade - Administration - Login/input_Username_LoginControlUserName'

2020-04-22 14:58:23 - [TEST_STEP][PASSED] - setText(findTestObject("Object Repository/WebOffice/Page_Checkatrade - Administration - Login/input_Password_LoginControlPassword"), wo_Password): Text 'Check123' is set on object 'Object Repository/WebOffice/Page_Checkatrade - Administration - Login/input_Password_LoginControlPassword'

2020-04-22 14:58:23 - [MESSAGE][PASSED] - Text 'Check123' is set on object 'Object Repository/WebOffice/Page_Checkatrade - Administration - Login/input_Password_LoginControlPassword'

2020-04-22 14:58:23 - [TEST_STEP][PASSED] - click(findTestObject("Object Repository/WebOffice/Page_Checkatrade - Administration - Login/Login_Button")): Object: 'Object Repository/WebOffice/Page_Checkatrade - Administration - Login/Login_Button' is clicked on

2020-04-22 14:58:25 - [MESSAGE][PASSED] - Object: 'Object Repository/WebOffice/Page_Checkatrade - Administration - Login/Login_Button' is clicked on

2020-04-22 14:58:25 - [TEST_STEP][PASSED] - waitForPageLoad(60): Wait for page load successfully

2020-04-22 14:58:25 - [MESSAGE][PASSED] - Wait for page load successfully

2020-04-22 14:58:25 - [TEST_STEP][PASSED] - verifyTextPresent("Welcome " + wo_Username, false): Text 'Welcome DavidHo' is present on page 

2020-04-22 14:58:26 - [MESSAGE][PASSED] - Text 'Welcome DavidHo' is present on page 

2020-04-22 14:58:26 - [MESSAGE][PASSED] - Call Test Case 'Test Cases/Reusable_Test_Sequences/Web_Office/Directives/WebOffice_StartUp' successfully

2020-04-22 14:58:26 - [TEST_STEP][PASSED] - "-----------------------------------------------------------------": null

2020-04-22 14:58:26 - [TEST_STEP][PASSED] - " Navigate to <Settings->Checkatrade.Com->Sub Item> Menu Item     |": null

2020-04-22 14:58:26 - [TEST_STEP][FAILED] - callTestCase(findTestCase("Reusable_Test_Sequences/Web_Office/Navigation/Sub_Menu_Navigation/Settings/Checkatrade_Com/CAT_Now_Reporting"), [:], STOP_ON_FAILURE): Unable to call Test Case 'Test Cases/Reusable_Test_Sequences/Web_Office/Navigation/Sub_Menu_Navigation/Settings/Checkatrade_Com/CAT_Now_Reporting' (Root cause: com.kms.katalon.core.exception.StepFailedException: Call Test Case 'Test Cases/Reusable_Test_Sequences/Web_Office/Navigation/Sub_Menu_Navigation/Settings/Checkatrade_Com/CAT_Now_Reporting' failed
	at com.kms.katalon.core.keyword.builtin.CallTestCaseKeyword$_callTestCase_closure1.doCall(CallTestCaseKeyword.groovy:63)
	at com.kms.katalon.core.keyword.builtin.CallTestCaseKeyword$_callTestCase_closure1.call(CallTestCaseKeyword.groovy)
	at com.kms.katalon.core.keyword.internal.KeywordMain.runKeyword(KeywordMain.groovy:68)
	at com.kms.katalon.core.keyword.builtin.CallTestCaseKeyword.callTestCase(CallTestCaseKeyword.groovy:81)
	at com.kms.katalon.core.keyword.builtin.CallTestCaseKeyword.execute(CallTestCaseKeyword.groovy:44)
	at com.kms.katalon.core.keyword.internal.KeywordExecutor.executeKeywordForPlatform(KeywordExecutor.groovy:72)
	at com.kms.katalon.core.keyword.BuiltinKeywords.callTestCase(BuiltinKeywords.groovy:334)
	at CAT_Now_Reporting.run(CAT_Now_Reporting:58)
	at com.kms.katalon.core.main.ScriptEngine.run(ScriptEngine.java:194)
	at com.kms.katalon.core.main.ScriptEngine.runScriptAsRawText(ScriptEngine.java:119)
	at com.kms.katalon.core.main.TestCaseExecutor.runScript(TestCaseExecutor.java:337)
	at com.kms.katalon.core.main.TestCaseExecutor.doExecute(TestCaseExecutor.java:328)
	at com.kms.katalon.core.main.TestCaseExecutor.processExecutionPhase(TestCaseExecutor.java:307)
	at com.kms.katalon.core.main.TestCaseExecutor.accessMainPhase(TestCaseExecutor.java:299)
	at com.kms.katalon.core.main.TestCaseExecutor.execute(TestCaseExecutor.java:233)
	at com.kms.katalon.core.main.TestSuiteExecutor.accessTestCaseMainPhase(TestSuiteExecutor.java:169)
	at com.kms.katalon.core.main.TestSuiteExecutor.accessTestSuiteMainPhase(TestSuiteExecutor.java:142)
	at com.kms.katalon.core.main.TestSuiteExecutor.execute(TestSuiteExecutor.java:91)
	at com.kms.katalon.core.main.TestCaseMain.startTestSuite(TestCaseMain.java:157)
	at com.kms.katalon.core.main.TestCaseMain$startTestSuite$0.call(Unknown Source)
	at TempTestSuite1587562267750.run(TempTestSuite1587562267750.groovy:37)
Caused by: com.kms.katalon.core.exception.StepFailedException: Unable to move mouse over object 'Object Repository/WebOffice_Home_page/a_wwwcheckatradecom' (Root cause: com.kms.katalon.core.exception.StepFailedException: Unable to move mouse over object 'Object Repository/WebOffice_Home_page/a_wwwcheckatradecom'
	at com.kms.katalon.core.webui.keyword.internal.WebUIKeywordMain.stepFailed(WebUIKeywordMain.groovy:64)
	at com.kms.katalon.core.webui.keyword.internal.WebUIKeywordMain.runKeyword(WebUIKeywordMain.groovy:26)
	at com.kms.katalon.core.webui.keyword.builtin.MouseOverKeyword.mouseOver(MouseOverKeyword.groovy:66)
	at com.kms.katalon.core.webui.keyword.builtin.MouseOverKeyword.execute(MouseOverKeyword.groovy:40)
	at com.kms.katalon.core.keyword.internal.KeywordExecutor.executeKeywordForPlatform(KeywordExecutor.groovy:72)
	at com.kms.katalon.core.webui.keyword.WebUiBuiltInKeywords.mouseOver(WebUiBuiltInKeywords.groovy:802)
	at com.kms.katalon.core.webui.keyword.WebUiBuiltInKeywords$mouseOver$6.call(Unknown Source)
	at CAT_Now_Reporting.run(CAT_Now_Reporting:63)
	at com.kms.katalon.core.main.ScriptEngine.run(ScriptEngine.java:194)
	at com.kms.katalon.core.main.ScriptEngine.runScriptAsRawText(ScriptEngine.java:119)
	at com.kms.katalon.core.main.TestCaseExecutor.runScript(TestCaseExecutor.java:337)
	at com.kms.katalon.core.main.TestCaseExecutor.doExecute(TestCaseExecutor.java:328)
	at com.kms.katalon.core.main.TestCaseExecutor.processExecutionPhase(TestCaseExecutor.java:307)
	at com.kms.katalon.core.main.TestCaseExecutor.accessMainPhase(TestCaseExecutor.java:299)
	at com.kms.katalon.core.main.TestCaseExecutor.execute(TestCaseExecutor.java:233)
	at com.kms.katalon.core.main.TestCaseMain.runTestCase(TestCaseMain.java:114)
	at com.kms.katalon.core.keyword.builtin.CallTestCaseKeyword$_callTestCase_closure1.doCall(CallTestCaseKeyword.groovy:59)
	at com.kms.katalon.core.keyword.builtin.CallTestCaseKeyword$_callTestCase_closure1.call(CallTestCaseKeyword.groovy)
	at com.kms.katalon.core.keyword.internal.KeywordMain.runKeyword(KeywordMain.groovy:68)
	at com.kms.katalon.core.keyword.builtin.CallTestCaseKeyword.callTestCase(CallTestCaseKeyword.groovy:81)
	at com.kms.katalon.core.keyword.builtin.CallTestCaseKeyword.execute(CallTestCaseKeyword.groovy:44)
	at com.kms.katalon.core.keyword.internal.KeywordExecutor.executeKeywordForPlatform(KeywordExecutor.groovy:72)
	at com.kms.katalon.core.keyword.BuiltinKeywords.callTestCase(BuiltinKeywords.groovy:334)
	at CAT_Now_Reporting.run(CAT_Now_Reporting:58)
	at com.kms.katalon.core.main.ScriptEngine.run(ScriptEngine.java:194)
	at com.kms.katalon.core.main.ScriptEngine.runScriptAsRawText(ScriptEngine.java:119)
	at com.kms.katalon.core.main.TestCaseExecutor.runScript(TestCaseExecutor.java:337)
	at com.kms.katalon.core.main.TestCaseExecutor.doExecute(TestCaseExecutor.java:328)
	at com.kms.katalon.core.main.TestCaseExecutor.processExecutionPhase(TestCaseExecutor.java:307)
	at com.kms.katalon.core.main.TestCaseExecutor.accessMainPhase(TestCaseExecutor.java:299)
	at com.kms.katalon.core.main.TestCaseExecutor.execute(TestCaseExecutor.java:233)
	at com.kms.katalon.core.main.TestSuiteExecutor.accessTestCaseMainPhase(TestSuiteExecutor.java:169)
	at com.kms.katalon.core.main.TestSuiteExecutor.accessTestSuiteMainPhase(TestSuiteExecutor.java:142)
	at com.kms.katalon.core.main.TestSuiteExecutor.execute(TestSuiteExecutor.java:91)
	at com.kms.katalon.core.main.TestCaseMain.startTestSuite(TestCaseMain.java:157)
	at com.kms.katalon.core.main.TestCaseMain$startTestSuite$0.call(Unknown Source)
	at TempTestSuite1587562267750.run(TempTestSuite1587562267750.groovy:37)
Caused by: org.openqa.selenium.TimeoutException: Expected condition failed: waiting for element to be clickable: [[CChromeDriver: chrome on WINDOWS (e6a06d3dafa167bccb1aa34cfd0c46df)] -> xpath: //*[@href = 'https://www.checkatrade.com' and (text() = 'www.checkatrade.com' or . = 'www.checkatrade.com')]] (tried for 30 second(s) with 500 milliseconds interval)
Build info: version: '3.141.59', revision: 'e82be7d358', time: '2018-11-14T08:25:53'
System info: host: 'VETTEDSP36RF', ip: '192.168.1.238', os.name: 'Windows 10', os.arch: 'x86', os.version: '10.0', java.version: '1.8.0_181'
Driver info: com.kms.katalon.core.webui.driver.SmartWaitWebDriver
Capabilities {acceptInsecureCerts: false, browserName: chrome, browserVersion: 81.0.4044.113, chrome: {chromedriverVersion: 81.0.4044.69 (6813546031a4b..., userDataDir: C:\Users\davidho\AppData\Lo...}, goog:chromeOptions: {debuggerAddress: localhost:55204}, javascriptEnabled: true, networkConnectionEnabled: false, pageLoadStrategy: normal, platform: WINDOWS, platformName: WINDOWS, proxy: Proxy(), setWindowRect: true, strictFileInteractability: false, timeouts: {implicit: 0, pageLoad: 300000, script: 30000}, unhandledPromptBehavior: dismiss and notify, webauthn:virtualAuthenticators: true}
Session ID: e6a06d3dafa167bccb1aa34cfd0c46df
	at org.openqa.selenium.support.ui.WebDriverWait.timeoutException(WebDriverWait.java:95)
	at org.openqa.selenium.support.ui.FluentWait.until(FluentWait.java:272)
	at com.kms.katalon.core.webui.keyword.builtin.MouseOverKeyword$_mouseOver_closure1.doCall(MouseOverKeyword.groovy:56)
	at com.kms.katalon.core.webui.keyword.builtin.MouseOverKeyword$_mouseOver_closure1.call(MouseOverKeyword.groovy)
	at com.kms.katalon.core.webui.keyword.internal.WebUIKeywordMain.runKeyword(WebUIKeywordMain.groovy:20)
	at com.kms.katalon.core.webui.keyword.builtin.MouseOverKeyword.mouseOver(MouseOverKeyword.groovy:66)
	at com.kms.katalon.core.webui.keyword.builtin.MouseOverKeyword.execute(MouseOverKeyword.groovy:40)
	at com.kms.katalon.core.keyword.internal.KeywordExecutor.executeKeywordForPlatform(KeywordExecutor.groovy:72)
	at com.kms.katalon.core.webui.keyword.WebUiBuiltInKeywords.mouseOver(WebUiBuiltInKeywords.groovy:802)
	at com.kms.katalon.core.webui.keyword.WebUiBuiltInKeywords$mouseOver$6.call(Unknown Source)
	at Script1585049847870.run(Script1585049847870.groovy:63)
	at com.kms.katalon.core.main.ScriptEngine.run(ScriptEngine.java:194)
	at com.kms.katalon.core.main.ScriptEngine.runScriptAsRawText(ScriptEngine.java:119)
	at com.kms.katalon.core.main.TestCaseExecutor.runScript(TestCaseExecutor.java:337)
	at com.kms.katalon.core.main.TestCaseExecutor.doExecute(TestCaseExecutor.java:328)
	at com.kms.katalon.core.main.TestCaseExecutor.processExecutionPhase(TestCaseExecutor.java:307)
	at com.kms.katalon.core.main.TestCaseExecutor.accessMainPhase(TestCaseExecutor.java:299)
	at com.kms.katalon.core.main.TestCaseExecutor.execute(TestCaseExecutor.java:233)
	at com.kms.katalon.core.main.TestCaseMain.runTestCase(TestCaseMain.java:114)
	at com.kms.katalon.core.keyword.builtin.CallTestCaseKeyword$_callTestCase_closure1.doCall(CallTestCaseKeyword.groovy:59)
	at com.kms.katalon.core.keyword.builtin.CallTestCaseKeyword$_callTestCase_closure1.call(CallTestCaseKeyword.groovy)
	at com.kms.katalon.core.keyword.internal.KeywordMain.runKeyword(KeywordMain.groovy:68)
	at com.kms.katalon.core.keyword.builtin.CallTestCaseKeyword.callTestCase(CallTestCaseKeyword.groovy:81)
	at com.kms.katalon.core.keyword.builtin.CallTestCaseKeyword.execute(CallTestCaseKeyword.groovy:44)
	at com.kms.katalon.core.keyword.internal.KeywordExecutor.executeKeywordForPlatform(KeywordExecutor.groovy:72)
	at com.kms.katalon.core.keyword.BuiltinKeywords.callTestCase(BuiltinKeywords.groovy:334)
	at Script1585128042398.run(Script1585128042398.groovy:58)
	... 13 more
)
	at com.kms.katalon.core.keyword.internal.KeywordMain.stepFailed(KeywordMain.groovy:39)
	at com.kms.katalon.core.webui.keyword.internal.WebUIKeywordMain.stepFailed(WebUIKeywordMain.groovy:64)
	at com.kms.katalon.core.webui.keyword.internal.WebUIKeywordMain.runKeyword(WebUIKeywordMain.groovy:26)
	at com.kms.katalon.core.webui.keyword.builtin.MouseOverKeyword.mouseOver(MouseOverKeyword.groovy:66)
	at com.kms.katalon.core.webui.keyword.builtin.MouseOverKeyword.execute(MouseOverKeyword.groovy:40)
	at com.kms.katalon.core.keyword.internal.KeywordExecutor.executeKeywordForPlatform(KeywordExecutor.groovy:72)
	at com.kms.katalon.core.webui.keyword.WebUiBuiltInKeywords.mouseOver(WebUiBuiltInKeywords.groovy:802)
	at com.kms.katalon.core.webui.keyword.WebUiBuiltInKeywords$mouseOver$6.call(Unknown Source)
	at CAT_Now_Reporting.run(CAT_Now_Reporting:63)
	at com.kms.katalon.core.main.ScriptEngine.run(ScriptEngine.java:194)
	at com.kms.katalon.core.main.ScriptEngine.runScriptAsRawText(ScriptEngine.java:119)
	at com.kms.katalon.core.main.TestCaseExecutor.runScript(TestCaseExecutor.java:337)
	at com.kms.katalon.core.main.TestCaseExecutor.doExecute(TestCaseExecutor.java:328)
	at com.kms.katalon.core.main.TestCaseExecutor.processExecutionPhase(TestCaseExecutor.java:307)
	at com.kms.katalon.core.main.TestCaseExecutor.accessMainPhase(TestCaseExecutor.java:299)
	at com.kms.katalon.core.main.TestCaseExecutor.execute(TestCaseExecutor.java:233)
	at com.kms.katalon.core.main.TestCaseMain.runTestCase(TestCaseMain.java:114)
	at com.kms.katalon.core.keyword.builtin.CallTestCaseKeyword$_callTestCase_closure1.doCall(CallTestCaseKeyword.groovy:59)
	... 20 more
Caused by: com.kms.katalon.core.exception.StepFailedException: Unable to move mouse over object 'Object Repository/WebOffice_Home_page/a_wwwcheckatradecom'
	... 37 more
Caused by: org.openqa.selenium.TimeoutException: Expected condition failed: waiting for element to be clickable: [[CChromeDriver: chrome on WINDOWS (e6a06d3dafa167bccb1aa34cfd0c46df)] -> xpath: //*[@href = 'https://www.checkatrade.com' and (text() = 'www.checkatrade.com' or . = 'www.checkatrade.com')]] (tried for 30 second(s) with 500 milliseconds interval)
Build info: version: '3.141.59', revision: 'e82be7d358', time: '2018-11-14T08:25:53'
System info: host: 'VETTEDSP36RF', ip: '192.168.1.238', os.name: 'Windows 10', os.arch: 'x86', os.version: '10.0', java.version: '1.8.0_181'
Driver info: com.kms.katalon.core.webui.driver.SmartWaitWebDriver
Capabilities {acceptInsecureCerts: false, browserName: chrome, browserVersion: 81.0.4044.113, chrome: {chromedriverVersion: 81.0.4044.69 (6813546031a4b..., userDataDir: C:\Users\davidho\AppData\Lo...}, goog:chromeOptions: {debuggerAddress: localhost:55204}, javascriptEnabled: true, networkConnectionEnabled: false, pageLoadStrategy: normal, platform: WINDOWS, platformName: WINDOWS, proxy: Proxy(), setWindowRect: true, strictFileInteractability: false, timeouts: {implicit: 0, pageLoad: 300000, script: 30000}, unhandledPromptBehavior: dismiss and notify, webauthn:virtualAuthenticators: true}
Session ID: e6a06d3dafa167bccb1aa34cfd0c46df
	at org.openqa.selenium.support.ui.WebDriverWait.timeoutException(WebDriverWait.java:95)
	at org.openqa.selenium.support.ui.FluentWait.until(FluentWait.java:272)
	at com.kms.katalon.core.webui.keyword.builtin.MouseOverKeyword$_mouseOver_closure1.doCall(MouseOverKeyword.groovy:56)
	at com.kms.katalon.core.webui.keyword.builtin.MouseOverKeyword$_mouseOver_closure1.call(MouseOverKeyword.groovy)
	at com.kms.katalon.core.webui.keyword.internal.WebUIKeywordMain.runKeyword(WebUIKeywordMain.groovy:20)
	... 35 more
)

2020-04-22 14:58:26 - [TEST_CASE][FAILED] - Test Cases/Reusable_Test_Sequences/Web_Office/Navigation/Sub_Menu_Navigation/Settings/Checkatrade_Com/CAT_Now_Reporting: Test Cases/Reusable_Test_Sequences/Web_Office/Navigation/Sub_Menu_Navigation/Settings/Checkatrade_Com/CAT_Now_Reporting FAILED.
Reason:
com.kms.katalon.core.exception.StepFailedException: Unable to move mouse over object 'Object Repository/WebOffice_Home_page/a_wwwcheckatradecom' (Root cause: com.kms.katalon.core.exception.StepFailedException: Unable to move mouse over object 'Object Repository/WebOffice_Home_page/a_wwwcheckatradecom'
	at com.kms.katalon.core.webui.keyword.internal.WebUIKeywordMain.stepFailed(WebUIKeywordMain.groovy:64)
	at com.kms.katalon.core.webui.keyword.internal.WebUIKeywordMain.runKeyword(WebUIKeywordMain.groovy:26)
	at com.kms.katalon.core.webui.keyword.builtin.MouseOverKeyword.mouseOver(MouseOverKeyword.groovy:66)
	at com.kms.katalon.core.webui.keyword.builtin.MouseOverKeyword.execute(MouseOverKeyword.groovy:40)
	at com.kms.katalon.core.keyword.internal.KeywordExecutor.executeKeywordForPlatform(KeywordExecutor.groovy:72)
	at com.kms.katalon.core.webui.keyword.WebUiBuiltInKeywords.mouseOver(WebUiBuiltInKeywords.groovy:802)
	at com.kms.katalon.core.webui.keyword.WebUiBuiltInKeywords$mouseOver$6.call(Unknown Source)
	at CAT_Now_Reporting.run(CAT_Now_Reporting:63)
	at com.kms.katalon.core.main.ScriptEngine.run(ScriptEngine.java:194)
	at com.kms.katalon.core.main.ScriptEngine.runScriptAsRawText(ScriptEngine.java:119)
	at com.kms.katalon.core.main.TestCaseExecutor.runScript(TestCaseExecutor.java:337)
	at com.kms.katalon.core.main.TestCaseExecutor.doExecute(TestCaseExecutor.java:328)
	at com.kms.katalon.core.main.TestCaseExecutor.processExecutionPhase(TestCaseExecutor.java:307)
	at com.kms.katalon.core.main.TestCaseExecutor.accessMainPhase(TestCaseExecutor.java:299)
	at com.kms.katalon.core.main.TestCaseExecutor.execute(TestCaseExecutor.java:233)
	at com.kms.katalon.core.main.TestCaseMain.runTestCase(TestCaseMain.java:114)
	at com.kms.katalon.core.keyword.builtin.CallTestCaseKeyword$_callTestCase_closure1.doCall(CallTestCaseKeyword.groovy:59)
	at com.kms.katalon.core.keyword.builtin.CallTestCaseKeyword$_callTestCase_closure1.call(CallTestCaseKeyword.groovy)
	at com.kms.katalon.core.keyword.internal.KeywordMain.runKeyword(KeywordMain.groovy:68)
	at com.kms.katalon.core.keyword.builtin.CallTestCaseKeyword.callTestCase(CallTestCaseKeyword.groovy:81)
	at com.kms.katalon.core.keyword.builtin.CallTestCaseKeyword.execute(CallTestCaseKeyword.groovy:44)
	at com.kms.katalon.core.keyword.internal.KeywordExecutor.executeKeywordForPlatform(KeywordExecutor.groovy:72)
	at com.kms.katalon.core.keyword.BuiltinKeywords.callTestCase(BuiltinKeywords.groovy:334)
	at CAT_Now_Reporting.run(CAT_Now_Reporting:58)
	at com.kms.katalon.core.main.ScriptEngine.run(ScriptEngine.java:194)
	at com.kms.katalon.core.main.ScriptEngine.runScriptAsRawText(ScriptEngine.java:119)
	at com.kms.katalon.core.main.TestCaseExecutor.runScript(TestCaseExecutor.java:337)
	at com.kms.katalon.core.main.TestCaseExecutor.doExecute(TestCaseExecutor.java:328)
	at com.kms.katalon.core.main.TestCaseExecutor.processExecutionPhase(TestCaseExecutor.java:307)
	at com.kms.katalon.core.main.TestCaseExecutor.accessMainPhase(TestCaseExecutor.java:299)
	at com.kms.katalon.core.main.TestCaseExecutor.execute(TestCaseExecutor.java:233)
	at com.kms.katalon.core.main.TestSuiteExecutor.accessTestCaseMainPhase(TestSuiteExecutor.java:169)
	at com.kms.katalon.core.main.TestSuiteExecutor.accessTestSuiteMainPhase(TestSuiteExecutor.java:142)
	at com.kms.katalon.core.main.TestSuiteExecutor.execute(TestSuiteExecutor.java:91)
	at com.kms.katalon.core.main.TestCaseMain.startTestSuite(TestCaseMain.java:157)
	at com.kms.katalon.core.main.TestCaseMain$startTestSuite$0.call(Unknown Source)
	at TempTestSuite1587562267750.run(TempTestSuite1587562267750.groovy:37)
Caused by: org.openqa.selenium.TimeoutException: Expected condition failed: waiting for element to be clickable: [[CChromeDriver: chrome on WINDOWS (e6a06d3dafa167bccb1aa34cfd0c46df)] -> xpath: //*[@href = 'https://www.checkatrade.com' and (text() = 'www.checkatrade.com' or . = 'www.checkatrade.com')]] (tried for 30 second(s) with 500 milliseconds interval)
Build info: version: '3.141.59', revision: 'e82be7d358', time: '2018-11-14T08:25:53'
System info: host: 'VETTEDSP36RF', ip: '192.168.1.238', os.name: 'Windows 10', os.arch: 'x86', os.version: '10.0', java.version: '1.8.0_181'
Driver info: com.kms.katalon.core.webui.driver.SmartWaitWebDriver
Capabilities {acceptInsecureCerts: false, browserName: chrome, browserVersion: 81.0.4044.113, chrome: {chromedriverVersion: 81.0.4044.69 (6813546031a4b..., userDataDir: C:\Users\davidho\AppData\Lo...}, goog:chromeOptions: {debuggerAddress: localhost:55204}, javascriptEnabled: true, networkConnectionEnabled: false, pageLoadStrategy: normal, platform: WINDOWS, platformName: WINDOWS, proxy: Proxy(), setWindowRect: true, strictFileInteractability: false, timeouts: {implicit: 0, pageLoad: 300000, script: 30000}, unhandledPromptBehavior: dismiss and notify, webauthn:virtualAuthenticators: true}
Session ID: e6a06d3dafa167bccb1aa34cfd0c46df
	at org.openqa.selenium.support.ui.WebDriverWait.timeoutException(WebDriverWait.java:95)
	at org.openqa.selenium.support.ui.FluentWait.until(FluentWait.java:272)
	at com.kms.katalon.core.webui.keyword.builtin.MouseOverKeyword$_mouseOver_closure1.doCall(MouseOverKeyword.groovy:56)
	at com.kms.katalon.core.webui.keyword.builtin.MouseOverKeyword$_mouseOver_closure1.call(MouseOverKeyword.groovy)
	at com.kms.katalon.core.webui.keyword.internal.WebUIKeywordMain.runKeyword(WebUIKeywordMain.groovy:20)
	at com.kms.katalon.core.webui.keyword.builtin.MouseOverKeyword.mouseOver(MouseOverKeyword.groovy:66)
	at com.kms.katalon.core.webui.keyword.builtin.MouseOverKeyword.execute(MouseOverKeyword.groovy:40)
	at com.kms.katalon.core.keyword.internal.KeywordExecutor.executeKeywordForPlatform(KeywordExecutor.groovy:72)
	at com.kms.katalon.core.webui.keyword.WebUiBuiltInKeywords.mouseOver(WebUiBuiltInKeywords.groovy:802)
	at com.kms.katalon.core.webui.keyword.WebUiBuiltInKeywords$mouseOver$6.call(Unknown Source)
	at Script1585049847870.run(Script1585049847870.groovy:63)
	at com.kms.katalon.core.main.ScriptEngine.run(ScriptEngine.java:194)
	at com.kms.katalon.core.main.ScriptEngine.runScriptAsRawText(ScriptEngine.java:119)
	at com.kms.katalon.core.main.TestCaseExecutor.runScript(TestCaseExecutor.java:337)
	at com.kms.katalon.core.main.TestCaseExecutor.doExecute(TestCaseExecutor.java:328)
	at com.kms.katalon.core.main.TestCaseExecutor.processExecutionPhase(TestCaseExecutor.java:307)
	at com.kms.katalon.core.main.TestCaseExecutor.accessMainPhase(TestCaseExecutor.java:299)
	at com.kms.katalon.core.main.TestCaseExecutor.execute(TestCaseExecutor.java:233)
	at com.kms.katalon.core.main.TestCaseMain.runTestCase(TestCaseMain.java:114)
	at com.kms.katalon.core.keyword.builtin.CallTestCaseKeyword$_callTestCase_closure1.doCall(CallTestCaseKeyword.groovy:59)
	at com.kms.katalon.core.keyword.builtin.CallTestCaseKeyword$_callTestCase_closure1.call(CallTestCaseKeyword.groovy)
	at com.kms.katalon.core.keyword.internal.KeywordMain.runKeyword(KeywordMain.groovy:68)
	at com.kms.katalon.core.keyword.builtin.CallTestCaseKeyword.callTestCase(CallTestCaseKeyword.groovy:81)
	at com.kms.katalon.core.keyword.builtin.CallTestCaseKeyword.execute(CallTestCaseKeyword.groovy:44)
	at com.kms.katalon.core.keyword.internal.KeywordExecutor.executeKeywordForPlatform(KeywordExecutor.groovy:72)
	at com.kms.katalon.core.keyword.BuiltinKeywords.callTestCase(BuiltinKeywords.groovy:334)
	at Script1585128042398.run(Script1585128042398.groovy:58)
	... 13 more
)
	at com.kms.katalon.core.keyword.internal.KeywordMain.stepFailed(KeywordMain.groovy:39)
	at com.kms.katalon.core.webui.keyword.internal.WebUIKeywordMain.stepFailed(WebUIKeywordMain.groovy:64)
	at com.kms.katalon.core.webui.keyword.internal.WebUIKeywordMain.runKeyword(WebUIKeywordMain.groovy:26)
	at com.kms.katalon.core.webui.keyword.builtin.MouseOverKeyword.mouseOver(MouseOverKeyword.groovy:66)
	at com.kms.katalon.core.webui.keyword.builtin.MouseOverKeyword.execute(MouseOverKeyword.groovy:40)
	at com.kms.katalon.core.keyword.internal.KeywordExecutor.executeKeywordForPlatform(KeywordExecutor.groovy:72)
	at com.kms.katalon.core.webui.keyword.WebUiBuiltInKeywords.mouseOver(WebUiBuiltInKeywords.groovy:802)
	at com.kms.katalon.core.webui.keyword.WebUiBuiltInKeywords$mouseOver$6.call(Unknown Source)
	at CAT_Now_Reporting.run(CAT_Now_Reporting:63)
	at com.kms.katalon.core.main.ScriptEngine.run(ScriptEngine.java:194)
	at com.kms.katalon.core.main.ScriptEngine.runScriptAsRawText(ScriptEngine.java:119)
	at com.kms.katalon.core.main.TestCaseExecutor.runScript(TestCaseExecutor.java:337)
	at com.kms.katalon.core.main.TestCaseExecutor.doExecute(TestCaseExecutor.java:328)
	at com.kms.katalon.core.main.TestCaseExecutor.processExecutionPhase(TestCaseExecutor.java:307)
	at com.kms.katalon.core.main.TestCaseExecutor.accessMainPhase(TestCaseExecutor.java:299)
	at com.kms.katalon.core.main.TestCaseExecutor.execute(TestCaseExecutor.java:233)
	at com.kms.katalon.core.main.TestCaseMain.runTestCase(TestCaseMain.java:114)
	at com.kms.katalon.core.keyword.builtin.CallTestCaseKeyword$_callTestCase_closure1.doCall(CallTestCaseKeyword.groovy:59)
	at com.kms.katalon.core.keyword.builtin.CallTestCaseKeyword$_callTestCase_closure1.call(CallTestCaseKeyword.groovy)
	at com.kms.katalon.core.keyword.internal.KeywordMain.runKeyword(KeywordMain.groovy:68)
	at com.kms.katalon.core.keyword.builtin.CallTestCaseKeyword.callTestCase(CallTestCaseKeyword.groovy:81)
	at com.kms.katalon.core.keyword.builtin.CallTestCaseKeyword.execute(CallTestCaseKeyword.groovy:44)
	at com.kms.katalon.core.keyword.internal.KeywordExecutor.executeKeywordForPlatform(KeywordExecutor.groovy:72)
	at com.kms.katalon.core.keyword.BuiltinKeywords.callTestCase(BuiltinKeywords.groovy:334)
	at CAT_Now_Reporting.run(CAT_Now_Reporting:58)
	at com.kms.katalon.core.main.ScriptEngine.run(ScriptEngine.java:194)
	at com.kms.katalon.core.main.ScriptEngine.runScriptAsRawText(ScriptEngine.java:119)
	at com.kms.katalon.core.main.TestCaseExecutor.runScript(TestCaseExecutor.java:337)
	at com.kms.katalon.core.main.TestCaseExecutor.doExecute(TestCaseExecutor.java:328)
	at com.kms.katalon.core.main.TestCaseExecutor.processExecutionPhase(TestCaseExecutor.java:307)
	at com.kms.katalon.core.main.TestCaseExecutor.accessMainPhase(TestCaseExecutor.java:299)
	at com.kms.katalon.core.main.TestCaseExecutor.execute(TestCaseExecutor.java:233)
	at com.kms.katalon.core.main.TestSuiteExecutor.accessTestCaseMainPhase(TestSuiteExecutor.java:169)
	at com.kms.katalon.core.main.TestSuiteExecutor.accessTestSuiteMainPhase(TestSuiteExecutor.java:142)
	at com.kms.katalon.core.main.TestSuiteExecutor.execute(TestSuiteExecutor.java:91)
	at com.kms.katalon.core.main.TestCaseMain.startTestSuite(TestCaseMain.java:157)
	at com.kms.katalon.core.main.TestCaseMain$startTestSuite$0.call(Unknown Source)
	at TempTestSuite1587562267750.run(TempTestSuite1587562267750.groovy:37)
Caused by: com.kms.katalon.core.exception.StepFailedException: Unable to move mouse over object 'Object Repository/WebOffice_Home_page/a_wwwcheckatradecom'
	... 37 more
Caused by: org.openqa.selenium.TimeoutException: Expected condition failed: waiting for element to be clickable: [[CChromeDriver: chrome on WINDOWS (e6a06d3dafa167bccb1aa34cfd0c46df)] -> xpath: //*[@href = 'https://www.checkatrade.com' and (text() = 'www.checkatrade.com' or . = 'www.checkatrade.com')]] (tried for 30 second(s) with 500 milliseconds interval)
Build info: version: '3.141.59', revision: 'e82be7d358', time: '2018-11-14T08:25:53'
System info: host: 'VETTEDSP36RF', ip: '192.168.1.238', os.name: 'Windows 10', os.arch: 'x86', os.version: '10.0', java.version: '1.8.0_181'
Driver info: com.kms.katalon.core.webui.driver.SmartWaitWebDriver
Capabilities {acceptInsecureCerts: false, browserName: chrome, browserVersion: 81.0.4044.113, chrome: {chromedriverVersion: 81.0.4044.69 (6813546031a4b..., userDataDir: C:\Users\davidho\AppData\Lo...}, goog:chromeOptions: {debuggerAddress: localhost:55204}, javascriptEnabled: true, networkConnectionEnabled: false, pageLoadStrategy: normal, platform: WINDOWS, platformName: WINDOWS, proxy: Proxy(), setWindowRect: true, strictFileInteractability: false, timeouts: {implicit: 0, pageLoad: 300000, script: 30000}, unhandledPromptBehavior: dismiss and notify, webauthn:virtualAuthenticators: true}
Session ID: e6a06d3dafa167bccb1aa34cfd0c46df
	at org.openqa.selenium.support.ui.WebDriverWait.timeoutException(WebDriverWait.java:95)
	at org.openqa.selenium.support.ui.FluentWait.until(FluentWait.java:272)
	at com.kms.katalon.core.webui.keyword.builtin.MouseOverKeyword$_mouseOver_closure1.doCall(MouseOverKeyword.groovy:56)
	at com.kms.katalon.core.webui.keyword.builtin.MouseOverKeyword$_mouseOver_closure1.call(MouseOverKeyword.groovy)
	at com.kms.katalon.core.webui.keyword.internal.WebUIKeywordMain.runKeyword(WebUIKeywordMain.groovy:20)
	... 35 more


2020-04-22 14:58:27 - [TEST_STEP][PASSED] - "--------------------------------------": null

2020-04-22 14:58:27 - [TEST_STEP][PASSED] - " Navigate Top level menu Item         |": null

2020-04-22 14:58:27 - [TEST_STEP][PASSED] - waitForPageLoad(60): Wait for page load successfully

2020-04-22 14:58:27 - [MESSAGE][PASSED] - Wait for page load successfully

2020-04-22 14:58:27 - [TEST_STEP][PASSED] - waitForElementClickable(findTestObject("Object Repository/WebOffice_Home_page/a_Settings"), 60): Object 'Object Repository/WebOffice_Home_page/a_Settings' is clickable

2020-04-22 14:58:27 - [MESSAGE][PASSED] - Object 'Object Repository/WebOffice_Home_page/a_Settings' is clickable

2020-04-22 14:58:27 - [TEST_STEP][PASSED] - mouseOver(findTestObject("Object Repository/WebOffice_Home_page/a_Settings")): Object: 'Object Repository/WebOffice_Home_page/a_Settings' is hovered

2020-04-22 14:58:28 - [MESSAGE][PASSED] - Object: 'Object Repository/WebOffice_Home_page/a_Settings' is hovered

2020-04-22 14:58:28 - [TEST_STEP][FAILED] - mouseOver(findTestObject("Object Repository/WebOffice_Home_page/a_wwwcheckatradecom")): Unable to move mouse over object 'Object Repository/WebOffice_Home_page/a_wwwcheckatradecom' (Root cause: com.kms.katalon.core.exception.StepFailedException: Unable to move mouse over object 'Object Repository/WebOffice_Home_page/a_wwwcheckatradecom'
	at com.kms.katalon.core.webui.keyword.internal.WebUIKeywordMain.stepFailed(WebUIKeywordMain.groovy:64)
	at com.kms.katalon.core.webui.keyword.internal.WebUIKeywordMain.runKeyword(WebUIKeywordMain.groovy:26)
	at com.kms.katalon.core.webui.keyword.builtin.MouseOverKeyword.mouseOver(MouseOverKeyword.groovy:66)
	at com.kms.katalon.core.webui.keyword.builtin.MouseOverKeyword.execute(MouseOverKeyword.groovy:40)
	at com.kms.katalon.core.keyword.internal.KeywordExecutor.executeKeywordForPlatform(KeywordExecutor.groovy:72)
	at com.kms.katalon.core.webui.keyword.WebUiBuiltInKeywords.mouseOver(WebUiBuiltInKeywords.groovy:802)
	at com.kms.katalon.core.webui.keyword.WebUiBuiltInKeywords$mouseOver$6.call(Unknown Source)
	at CAT_Now_Reporting.run(CAT_Now_Reporting:63)
	at com.kms.katalon.core.main.ScriptEngine.run(ScriptEngine.java:194)
	at com.kms.katalon.core.main.ScriptEngine.runScriptAsRawText(ScriptEngine.java:119)
	at com.kms.katalon.core.main.TestCaseExecutor.runScript(TestCaseExecutor.java:337)
	at com.kms.katalon.core.main.TestCaseExecutor.doExecute(TestCaseExecutor.java:328)
	at com.kms.katalon.core.main.TestCaseExecutor.processExecutionPhase(TestCaseExecutor.java:307)
	at com.kms.katalon.core.main.TestCaseExecutor.accessMainPhase(TestCaseExecutor.java:299)
	at com.kms.katalon.core.main.TestCaseExecutor.execute(TestCaseExecutor.java:233)
	at com.kms.katalon.core.main.TestCaseMain.runTestCase(TestCaseMain.java:114)
	at com.kms.katalon.core.keyword.builtin.CallTestCaseKeyword$_callTestCase_closure1.doCall(CallTestCaseKeyword.groovy:59)
	at com.kms.katalon.core.keyword.builtin.CallTestCaseKeyword$_callTestCase_closure1.call(CallTestCaseKeyword.groovy)
	at com.kms.katalon.core.keyword.internal.KeywordMain.runKeyword(KeywordMain.groovy:68)
	at com.kms.katalon.core.keyword.builtin.CallTestCaseKeyword.callTestCase(CallTestCaseKeyword.groovy:81)
	at com.kms.katalon.core.keyword.builtin.CallTestCaseKeyword.execute(CallTestCaseKeyword.groovy:44)
	at com.kms.katalon.core.keyword.internal.KeywordExecutor.executeKeywordForPlatform(KeywordExecutor.groovy:72)
	at com.kms.katalon.core.keyword.BuiltinKeywords.callTestCase(BuiltinKeywords.groovy:334)
	at CAT_Now_Reporting.run(CAT_Now_Reporting:58)
	at com.kms.katalon.core.main.ScriptEngine.run(ScriptEngine.java:194)
	at com.kms.katalon.core.main.ScriptEngine.runScriptAsRawText(ScriptEngine.java:119)
	at com.kms.katalon.core.main.TestCaseExecutor.runScript(TestCaseExecutor.java:337)
	at com.kms.katalon.core.main.TestCaseExecutor.doExecute(TestCaseExecutor.java:328)
	at com.kms.katalon.core.main.TestCaseExecutor.processExecutionPhase(TestCaseExecutor.java:307)
	at com.kms.katalon.core.main.TestCaseExecutor.accessMainPhase(TestCaseExecutor.java:299)
	at com.kms.katalon.core.main.TestCaseExecutor.execute(TestCaseExecutor.java:233)
	at com.kms.katalon.core.main.TestSuiteExecutor.accessTestCaseMainPhase(TestSuiteExecutor.java:169)
	at com.kms.katalon.core.main.TestSuiteExecutor.accessTestSuiteMainPhase(TestSuiteExecutor.java:142)
	at com.kms.katalon.core.main.TestSuiteExecutor.execute(TestSuiteExecutor.java:91)
	at com.kms.katalon.core.main.TestCaseMain.startTestSuite(TestCaseMain.java:157)
	at com.kms.katalon.core.main.TestCaseMain$startTestSuite$0.call(Unknown Source)
	at TempTestSuite1587562267750.run(TempTestSuite1587562267750.groovy:37)
Caused by: org.openqa.selenium.TimeoutException: Expected condition failed: waiting for element to be clickable: [[CChromeDriver: chrome on WINDOWS (e6a06d3dafa167bccb1aa34cfd0c46df)] -> xpath: //*[@href = 'https://www.checkatrade.com' and (text() = 'www.checkatrade.com' or . = 'www.checkatrade.com')]] (tried for 30 second(s) with 500 milliseconds interval)
Build info: version: '3.141.59', revision: 'e82be7d358', time: '2018-11-14T08:25:53'
System info: host: 'VETTEDSP36RF', ip: '192.168.1.238', os.name: 'Windows 10', os.arch: 'x86', os.version: '10.0', java.version: '1.8.0_181'
Driver info: com.kms.katalon.core.webui.driver.SmartWaitWebDriver
Capabilities {acceptInsecureCerts: false, browserName: chrome, browserVersion: 81.0.4044.113, chrome: {chromedriverVersion: 81.0.4044.69 (6813546031a4b..., userDataDir: C:\Users\davidho\AppData\Lo...}, goog:chromeOptions: {debuggerAddress: localhost:55204}, javascriptEnabled: true, networkConnectionEnabled: false, pageLoadStrategy: normal, platform: WINDOWS, platformName: WINDOWS, proxy: Proxy(), setWindowRect: true, strictFileInteractability: false, timeouts: {implicit: 0, pageLoad: 300000, script: 30000}, unhandledPromptBehavior: dismiss and notify, webauthn:virtualAuthenticators: true}
Session ID: e6a06d3dafa167bccb1aa34cfd0c46df
	at org.openqa.selenium.support.ui.WebDriverWait.timeoutException(WebDriverWait.java:95)
	at org.openqa.selenium.support.ui.FluentWait.until(FluentWait.java:272)
	at com.kms.katalon.core.webui.keyword.builtin.MouseOverKeyword$_mouseOver_closure1.doCall(MouseOverKeyword.groovy:56)
	at com.kms.katalon.core.webui.keyword.builtin.MouseOverKeyword$_mouseOver_closure1.call(MouseOverKeyword.groovy)
	at com.kms.katalon.core.webui.keyword.internal.WebUIKeywordMain.runKeyword(WebUIKeywordMain.groovy:20)
	at com.kms.katalon.core.webui.keyword.builtin.MouseOverKeyword.mouseOver(MouseOverKeyword.groovy:66)
	at com.kms.katalon.core.webui.keyword.builtin.MouseOverKeyword.execute(MouseOverKeyword.groovy:40)
	at com.kms.katalon.core.keyword.internal.KeywordExecutor.executeKeywordForPlatform(KeywordExecutor.groovy:72)
	at com.kms.katalon.core.webui.keyword.WebUiBuiltInKeywords.mouseOver(WebUiBuiltInKeywords.groovy:802)
	at com.kms.katalon.core.webui.keyword.WebUiBuiltInKeywords$mouseOver$6.call(Unknown Source)
	at Script1585049847870.run(Script1585049847870.groovy:63)
	at com.kms.katalon.core.main.ScriptEngine.run(ScriptEngine.java:194)
	at com.kms.katalon.core.main.ScriptEngine.runScriptAsRawText(ScriptEngine.java:119)
	at com.kms.katalon.core.main.TestCaseExecutor.runScript(TestCaseExecutor.java:337)
	at com.kms.katalon.core.main.TestCaseExecutor.doExecute(TestCaseExecutor.java:328)
	at com.kms.katalon.core.main.TestCaseExecutor.processExecutionPhase(TestCaseExecutor.java:307)
	at com.kms.katalon.core.main.TestCaseExecutor.accessMainPhase(TestCaseExecutor.java:299)
	at com.kms.katalon.core.main.TestCaseExecutor.execute(TestCaseExecutor.java:233)
	at com.kms.katalon.core.main.TestCaseMain.runTestCase(TestCaseMain.java:114)
	at com.kms.katalon.core.keyword.builtin.CallTestCaseKeyword$_callTestCase_closure1.doCall(CallTestCaseKeyword.groovy:59)
	at com.kms.katalon.core.keyword.builtin.CallTestCaseKeyword$_callTestCase_closure1.call(CallTestCaseKeyword.groovy)
	at com.kms.katalon.core.keyword.internal.KeywordMain.runKeyword(KeywordMain.groovy:68)
	at com.kms.katalon.core.keyword.builtin.CallTestCaseKeyword.callTestCase(CallTestCaseKeyword.groovy:81)
	at com.kms.katalon.core.keyword.builtin.CallTestCaseKeyword.execute(CallTestCaseKeyword.groovy:44)
	at com.kms.katalon.core.keyword.internal.KeywordExecutor.executeKeywordForPlatform(KeywordExecutor.groovy:72)
	at com.kms.katalon.core.keyword.BuiltinKeywords.callTestCase(BuiltinKeywords.groovy:334)
	at Script1585128042398.run(Script1585128042398.groovy:58)
	... 13 more
)

2020-04-22 14:58:59 - [MESSAGE][FAILED] - Unable to move mouse over object 'Object Repository/WebOffice_Home_page/a_wwwcheckatradecom' (Root cause: com.kms.katalon.core.exception.StepFailedException: Unable to move mouse over object 'Object Repository/WebOffice_Home_page/a_wwwcheckatradecom'
	at com.kms.katalon.core.webui.keyword.internal.WebUIKeywordMain.stepFailed(WebUIKeywordMain.groovy:64)
	at com.kms.katalon.core.webui.keyword.internal.WebUIKeywordMain.runKeyword(WebUIKeywordMain.groovy:26)
	at com.kms.katalon.core.webui.keyword.builtin.MouseOverKeyword.mouseOver(MouseOverKeyword.groovy:66)
	at com.kms.katalon.core.webui.keyword.builtin.MouseOverKeyword.execute(MouseOverKeyword.groovy:40)
	at com.kms.katalon.core.keyword.internal.KeywordExecutor.executeKeywordForPlatform(KeywordExecutor.groovy:72)
	at com.kms.katalon.core.webui.keyword.WebUiBuiltInKeywords.mouseOver(WebUiBuiltInKeywords.groovy:802)
	at com.kms.katalon.core.webui.keyword.WebUiBuiltInKeywords$mouseOver$6.call(Unknown Source)
	at CAT_Now_Reporting.run(CAT_Now_Reporting:63)
	at com.kms.katalon.core.main.ScriptEngine.run(ScriptEngine.java:194)
	at com.kms.katalon.core.main.ScriptEngine.runScriptAsRawText(ScriptEngine.java:119)
	at com.kms.katalon.core.main.TestCaseExecutor.runScript(TestCaseExecutor.java:337)
	at com.kms.katalon.core.main.TestCaseExecutor.doExecute(TestCaseExecutor.java:328)
	at com.kms.katalon.core.main.TestCaseExecutor.processExecutionPhase(TestCaseExecutor.java:307)
	at com.kms.katalon.core.main.TestCaseExecutor.accessMainPhase(TestCaseExecutor.java:299)
	at com.kms.katalon.core.main.TestCaseExecutor.execute(TestCaseExecutor.java:233)
	at com.kms.katalon.core.main.TestCaseMain.runTestCase(TestCaseMain.java:114)
	at com.kms.katalon.core.keyword.builtin.CallTestCaseKeyword$_callTestCase_closure1.doCall(CallTestCaseKeyword.groovy:59)
	at com.kms.katalon.core.keyword.builtin.CallTestCaseKeyword$_callTestCase_closure1.call(CallTestCaseKeyword.groovy)
	at com.kms.katalon.core.keyword.internal.KeywordMain.runKeyword(KeywordMain.groovy:68)
	at com.kms.katalon.core.keyword.builtin.CallTestCaseKeyword.callTestCase(CallTestCaseKeyword.groovy:81)
	at com.kms.katalon.core.keyword.builtin.CallTestCaseKeyword.execute(CallTestCaseKeyword.groovy:44)
	at com.kms.katalon.core.keyword.internal.KeywordExecutor.executeKeywordForPlatform(KeywordExecutor.groovy:72)
	at com.kms.katalon.core.keyword.BuiltinKeywords.callTestCase(BuiltinKeywords.groovy:334)
	at CAT_Now_Reporting.run(CAT_Now_Reporting:58)
	at com.kms.katalon.core.main.ScriptEngine.run(ScriptEngine.java:194)
	at com.kms.katalon.core.main.ScriptEngine.runScriptAsRawText(ScriptEngine.java:119)
	at com.kms.katalon.core.main.TestCaseExecutor.runScript(TestCaseExecutor.java:337)
	at com.kms.katalon.core.main.TestCaseExecutor.doExecute(TestCaseExecutor.java:328)
	at com.kms.katalon.core.main.TestCaseExecutor.processExecutionPhase(TestCaseExecutor.java:307)
	at com.kms.katalon.core.main.TestCaseExecutor.accessMainPhase(TestCaseExecutor.java:299)
	at com.kms.katalon.core.main.TestCaseExecutor.execute(TestCaseExecutor.java:233)
	at com.kms.katalon.core.main.TestSuiteExecutor.accessTestCaseMainPhase(TestSuiteExecutor.java:169)
	at com.kms.katalon.core.main.TestSuiteExecutor.accessTestSuiteMainPhase(TestSuiteExecutor.java:142)
	at com.kms.katalon.core.main.TestSuiteExecutor.execute(TestSuiteExecutor.java:91)
	at com.kms.katalon.core.main.TestCaseMain.startTestSuite(TestCaseMain.java:157)
	at com.kms.katalon.core.main.TestCaseMain$startTestSuite$0.call(Unknown Source)
	at TempTestSuite1587562267750.run(TempTestSuite1587562267750.groovy:37)
Caused by: org.openqa.selenium.TimeoutException: Expected condition failed: waiting for element to be clickable: [[CChromeDriver: chrome on WINDOWS (e6a06d3dafa167bccb1aa34cfd0c46df)] -> xpath: //*[@href = 'https://www.checkatrade.com' and (text() = 'www.checkatrade.com' or . = 'www.checkatrade.com')]] (tried for 30 second(s) with 500 milliseconds interval)
Build info: version: '3.141.59', revision: 'e82be7d358', time: '2018-11-14T08:25:53'
System info: host: 'VETTEDSP36RF', ip: '192.168.1.238', os.name: 'Windows 10', os.arch: 'x86', os.version: '10.0', java.version: '1.8.0_181'
Driver info: com.kms.katalon.core.webui.driver.SmartWaitWebDriver
Capabilities {acceptInsecureCerts: false, browserName: chrome, browserVersion: 81.0.4044.113, chrome: {chromedriverVersion: 81.0.4044.69 (6813546031a4b..., userDataDir: C:\Users\davidho\AppData\Lo...}, goog:chromeOptions: {debuggerAddress: localhost:55204}, javascriptEnabled: true, networkConnectionEnabled: false, pageLoadStrategy: normal, platform: WINDOWS, platformName: WINDOWS, proxy: Proxy(), setWindowRect: true, strictFileInteractability: false, timeouts: {implicit: 0, pageLoad: 300000, script: 30000}, unhandledPromptBehavior: dismiss and notify, webauthn:virtualAuthenticators: true}
Session ID: e6a06d3dafa167bccb1aa34cfd0c46df
	at org.openqa.selenium.support.ui.WebDriverWait.timeoutException(WebDriverWait.java:95)
	at org.openqa.selenium.support.ui.FluentWait.until(FluentWait.java:272)
	at com.kms.katalon.core.webui.keyword.builtin.MouseOverKeyword$_mouseOver_closure1.doCall(MouseOverKeyword.groovy:56)
	at com.kms.katalon.core.webui.keyword.builtin.MouseOverKeyword$_mouseOver_closure1.call(MouseOverKeyword.groovy)
	at com.kms.katalon.core.webui.keyword.internal.WebUIKeywordMain.runKeyword(WebUIKeywordMain.groovy:20)
	at com.kms.katalon.core.webui.keyword.builtin.MouseOverKeyword.mouseOver(MouseOverKeyword.groovy:66)
	at com.kms.katalon.core.webui.keyword.builtin.MouseOverKeyword.execute(MouseOverKeyword.groovy:40)
	at com.kms.katalon.core.keyword.internal.KeywordExecutor.executeKeywordForPlatform(KeywordExecutor.groovy:72)
	at com.kms.katalon.core.webui.keyword.WebUiBuiltInKeywords.mouseOver(WebUiBuiltInKeywords.groovy:802)
	at com.kms.katalon.core.webui.keyword.WebUiBuiltInKeywords$mouseOver$6.call(Unknown Source)
	at Script1585049847870.run(Script1585049847870.groovy:63)
	at com.kms.katalon.core.main.ScriptEngine.run(ScriptEngine.java:194)
	at com.kms.katalon.core.main.ScriptEngine.runScriptAsRawText(ScriptEngine.java:119)
	at com.kms.katalon.core.main.TestCaseExecutor.runScript(TestCaseExecutor.java:337)
	at com.kms.katalon.core.main.TestCaseExecutor.doExecute(TestCaseExecutor.java:328)
	at com.kms.katalon.core.main.TestCaseExecutor.processExecutionPhase(TestCaseExecutor.java:307)
	at com.kms.katalon.core.main.TestCaseExecutor.accessMainPhase(TestCaseExecutor.java:299)
	at com.kms.katalon.core.main.TestCaseExecutor.execute(TestCaseExecutor.java:233)
	at com.kms.katalon.core.main.TestCaseMain.runTestCase(TestCaseMain.java:114)
	at com.kms.katalon.core.keyword.builtin.CallTestCaseKeyword$_callTestCase_closure1.doCall(CallTestCaseKeyword.groovy:59)
	at com.kms.katalon.core.keyword.builtin.CallTestCaseKeyword$_callTestCase_closure1.call(CallTestCaseKeyword.groovy)
	at com.kms.katalon.core.keyword.internal.KeywordMain.runKeyword(KeywordMain.groovy:68)
	at com.kms.katalon.core.keyword.builtin.CallTestCaseKeyword.callTestCase(CallTestCaseKeyword.groovy:81)
	at com.kms.katalon.core.keyword.builtin.CallTestCaseKeyword.execute(CallTestCaseKeyword.groovy:44)
	at com.kms.katalon.core.keyword.internal.KeywordExecutor.executeKeywordForPlatform(KeywordExecutor.groovy:72)
	at com.kms.katalon.core.keyword.BuiltinKeywords.callTestCase(BuiltinKeywords.groovy:334)
	at Script1585128042398.run(Script1585128042398.groovy:58)
	... 13 more
)
[[ATTACHMENT|C:\\Users\\davidho\\git\\src\\Reports\\20200422_143058\\Web_Office_Settings\\20200422_143107\\1587563939043.png]]

2020-04-22 14:58:59 - [TEST_STEP][PASSED] - waitForElementClickable(findTestObject("Object Repository/WebOffice_Home_page/a_CAT Now Reporting"), 1): Object 'Object Repository/WebOffice_Home_page/a_CAT Now Reporting' is clickable

2020-04-22 14:59:00 - [MESSAGE][PASSED] - Object 'Object Repository/WebOffice_Home_page/a_CAT Now Reporting' is clickable

2020-04-22 14:59:00 - [TEST_STEP][FAILED] - click(findTestObject("Object Repository/WebOffice_Home_page/a_CAT Now Reporting")): Unable to click on object 'Object Repository/WebOffice_Home_page/a_CAT Now Reporting' (Root cause: com.kms.katalon.core.exception.StepFailedException: Unable to click on object 'Object Repository/WebOffice_Home_page/a_CAT Now Reporting'
	at com.kms.katalon.core.webui.keyword.internal.WebUIKeywordMain.stepFailed(WebUIKeywordMain.groovy:64)
	at com.kms.katalon.core.webui.keyword.internal.WebUIKeywordMain.runKeyword(WebUIKeywordMain.groovy:26)
	at com.kms.katalon.core.webui.keyword.builtin.ClickKeyword.click(ClickKeyword.groovy:76)
	at com.kms.katalon.core.webui.keyword.builtin.ClickKeyword.execute(ClickKeyword.groovy:43)
	at com.kms.katalon.core.keyword.internal.KeywordExecutor.executeKeywordForPlatform(KeywordExecutor.groovy:72)
	at com.kms.katalon.core.webui.keyword.WebUiBuiltInKeywords.click(WebUiBuiltInKeywords.groovy:616)
	at com.kms.katalon.core.webui.keyword.WebUiBuiltInKeywords$click$4.call(Unknown Source)
	at CAT_Now_Reporting.run(CAT_Now_Reporting:69)
	at com.kms.katalon.core.main.ScriptEngine.run(ScriptEngine.java:194)
	at com.kms.katalon.core.main.ScriptEngine.runScriptAsRawText(ScriptEngine.java:119)
	at com.kms.katalon.core.main.TestCaseExecutor.runScript(TestCaseExecutor.java:337)
	at com.kms.katalon.core.main.TestCaseExecutor.doExecute(TestCaseExecutor.java:328)
	at com.kms.katalon.core.main.TestCaseExecutor.processExecutionPhase(TestCaseExecutor.java:307)
	at com.kms.katalon.core.main.TestCaseExecutor.accessMainPhase(TestCaseExecutor.java:299)
	at com.kms.katalon.core.main.TestCaseExecutor.execute(TestCaseExecutor.java:233)
	at com.kms.katalon.core.main.TestCaseMain.runTestCase(TestCaseMain.java:114)
	at com.kms.katalon.core.keyword.builtin.CallTestCaseKeyword$_callTestCase_closure1.doCall(CallTestCaseKeyword.groovy:59)
	at com.kms.katalon.core.keyword.builtin.CallTestCaseKeyword$_callTestCase_closure1.call(CallTestCaseKeyword.groovy)
	at com.kms.katalon.core.keyword.internal.KeywordMain.runKeyword(KeywordMain.groovy:68)
	at com.kms.katalon.core.keyword.builtin.CallTestCaseKeyword.callTestCase(CallTestCaseKeyword.groovy:81)
	at com.kms.katalon.core.keyword.builtin.CallTestCaseKeyword.execute(CallTestCaseKeyword.groovy:44)
	at com.kms.katalon.core.keyword.internal.KeywordExecutor.executeKeywordForPlatform(KeywordExecutor.groovy:72)
	at com.kms.katalon.core.keyword.BuiltinKeywords.callTestCase(BuiltinKeywords.groovy:334)
	at CAT_Now_Reporting.run(CAT_Now_Reporting:58)
	at com.kms.katalon.core.main.ScriptEngine.run(ScriptEngine.java:194)
	at com.kms.katalon.core.main.ScriptEngine.runScriptAsRawText(ScriptEngine.java:119)
	at com.kms.katalon.core.main.TestCaseExecutor.runScript(TestCaseExecutor.java:337)
	at com.kms.katalon.core.main.TestCaseExecutor.doExecute(TestCaseExecutor.java:328)
	at com.kms.katalon.core.main.TestCaseExecutor.processExecutionPhase(TestCaseExecutor.java:307)
	at com.kms.katalon.core.main.TestCaseExecutor.accessMainPhase(TestCaseExecutor.java:299)
	at com.kms.katalon.core.main.TestCaseExecutor.execute(TestCaseExecutor.java:233)
	at com.kms.katalon.core.main.TestSuiteExecutor.accessTestCaseMainPhase(TestSuiteExecutor.java:169)
	at com.kms.katalon.core.main.TestSuiteExecutor.accessTestSuiteMainPhase(TestSuiteExecutor.java:142)
	at com.kms.katalon.core.main.TestSuiteExecutor.execute(TestSuiteExecutor.java:91)
	at com.kms.katalon.core.main.TestCaseMain.startTestSuite(TestCaseMain.java:157)
	at com.kms.katalon.core.main.TestCaseMain$startTestSuite$0.call(Unknown Source)
	at TempTestSuite1587562267750.run(TempTestSuite1587562267750.groovy:37)
Caused by: org.openqa.selenium.ElementNotInteractableException: element not interactable
  (Session info: chrome=81.0.4044.113)
Build info: version: '3.141.59', revision: 'e82be7d358', time: '2018-11-14T08:25:53'
System info: host: 'VETTEDSP36RF', ip: '192.168.1.238', os.name: 'Windows 10', os.arch: 'x86', os.version: '10.0', java.version: '1.8.0_181'
Driver info: com.kms.katalon.selenium.driver.CChromeDriver
Capabilities {acceptInsecureCerts: false, browserName: chrome, browserVersion: 81.0.4044.113, chrome: {chromedriverVersion: 81.0.4044.69 (6813546031a4b..., userDataDir: C:\Users\davidho\AppData\Lo...}, goog:chromeOptions: {debuggerAddress: localhost:55204}, javascriptEnabled: true, networkConnectionEnabled: false, pageLoadStrategy: normal, platform: WINDOWS, platformName: WINDOWS, proxy: Proxy(), setWindowRect: true, strictFileInteractability: false, timeouts: {implicit: 0, pageLoad: 300000, script: 30000}, unhandledPromptBehavior: dismiss and notify, webauthn:virtualAuthenticators: true}
Session ID: e6a06d3dafa167bccb1aa34cfd0c46df
	at org.openqa.selenium.remote.http.W3CHttpResponseCodec.createException(W3CHttpResponseCodec.java:187)
	at org.openqa.selenium.remote.http.W3CHttpResponseCodec.decode(W3CHttpResponseCodec.java:122)
	at org.openqa.selenium.remote.http.W3CHttpResponseCodec.decode(W3CHttpResponseCodec.java:49)
	at org.openqa.selenium.remote.HttpCommandExecutor.execute(HttpCommandExecutor.java:158)
	at org.openqa.selenium.remote.service.DriverCommandExecutor.execute(DriverCommandExecutor.java:83)
	at org.openqa.selenium.remote.RemoteWebDriver.execute(RemoteWebDriver.java:552)
	at com.kms.katalon.selenium.driver.CChromeDriver.execute(CChromeDriver.java:19)
	at org.openqa.selenium.remote.RemoteWebElement.execute(RemoteWebElement.java:285)
	at org.openqa.selenium.remote.RemoteWebElement.click(RemoteWebElement.java:84)
	at org.openqa.selenium.support.events.EventFiringWebDriver$EventFiringWebElement.lambda$new$0(EventFiringWebDriver.java:404)
	at com.sun.proxy.$Proxy9.click(Unknown Source)
	at org.openqa.selenium.support.events.EventFiringWebDriver$EventFiringWebElement.click(EventFiringWebDriver.java:417)
	at com.kms.katalon.core.webui.keyword.builtin.ClickKeyword$_click_closure1.doCall(ClickKeyword.groovy:69)
	at com.kms.katalon.core.webui.keyword.builtin.ClickKeyword$_click_closure1.call(ClickKeyword.groovy)
	at com.kms.katalon.core.webui.keyword.internal.WebUIKeywordMain.runKeyword(WebUIKeywordMain.groovy:20)
	at com.kms.katalon.core.webui.keyword.builtin.ClickKeyword.click(ClickKeyword.groovy:76)
	at com.kms.katalon.core.webui.keyword.builtin.ClickKeyword.execute(ClickKeyword.groovy:43)
	at com.kms.katalon.core.keyword.internal.KeywordExecutor.executeKeywordForPlatform(KeywordExecutor.groovy:72)
	at com.kms.katalon.core.webui.keyword.WebUiBuiltInKeywords.click(WebUiBuiltInKeywords.groovy:616)
	at com.kms.katalon.core.webui.keyword.WebUiBuiltInKeywords$click$4.call(Unknown Source)
	at Script1585049847870.run(Script1585049847870.groovy:69)
	at com.kms.katalon.core.main.ScriptEngine.run(ScriptEngine.java:194)
	at com.kms.katalon.core.main.ScriptEngine.runScriptAsRawText(ScriptEngine.java:119)
	at com.kms.katalon.core.main.TestCaseExecutor.runScript(TestCaseExecutor.java:337)
	at com.kms.katalon.core.main.TestCaseExecutor.doExecute(TestCaseExecutor.java:328)
	at com.kms.katalon.core.main.TestCaseExecutor.processExecutionPhase(TestCaseExecutor.java:307)
	at com.kms.katalon.core.main.TestCaseExecutor.accessMainPhase(TestCaseExecutor.java:299)
	at com.kms.katalon.core.main.TestCaseExecutor.execute(TestCaseExecutor.java:233)
	at com.kms.katalon.core.main.TestCaseMain.runTestCase(TestCaseMain.java:114)
	at com.kms.katalon.core.keyword.builtin.CallTestCaseKeyword$_callTestCase_closure1.doCall(CallTestCaseKeyword.groovy:59)
	at com.kms.katalon.core.keyword.builtin.CallTestCaseKeyword$_callTestCase_closure1.call(CallTestCaseKeyword.groovy)
	at com.kms.katalon.core.keyword.internal.KeywordMain.runKeyword(KeywordMain.groovy:68)
	at com.kms.katalon.core.keyword.builtin.CallTestCaseKeyword.callTestCase(CallTestCaseKeyword.groovy:81)
	at com.kms.katalon.core.keyword.builtin.CallTestCaseKeyword.execute(CallTestCaseKeyword.groovy:44)
	at com.kms.katalon.core.keyword.internal.KeywordExecutor.executeKeywordForPlatform(KeywordExecutor.groovy:72)
	at com.kms.katalon.core.keyword.BuiltinKeywords.callTestCase(BuiltinKeywords.groovy:334)
	at Script1585128042398.run(Script1585128042398.groovy:58)
	... 13 more
)

2020-04-22 14:59:01 - [MESSAGE][FAILED] - Unable to click on object 'Object Repository/WebOffice_Home_page/a_CAT Now Reporting' (Root cause: com.kms.katalon.core.exception.StepFailedException: Unable to click on object 'Object Repository/WebOffice_Home_page/a_CAT Now Reporting'
	at com.kms.katalon.core.webui.keyword.internal.WebUIKeywordMain.stepFailed(WebUIKeywordMain.groovy:64)
	at com.kms.katalon.core.webui.keyword.internal.WebUIKeywordMain.runKeyword(WebUIKeywordMain.groovy:26)
	at com.kms.katalon.core.webui.keyword.builtin.ClickKeyword.click(ClickKeyword.groovy:76)
	at com.kms.katalon.core.webui.keyword.builtin.ClickKeyword.execute(ClickKeyword.groovy:43)
	at com.kms.katalon.core.keyword.internal.KeywordExecutor.executeKeywordForPlatform(KeywordExecutor.groovy:72)
	at com.kms.katalon.core.webui.keyword.WebUiBuiltInKeywords.click(WebUiBuiltInKeywords.groovy:616)
	at com.kms.katalon.core.webui.keyword.WebUiBuiltInKeywords$click$4.call(Unknown Source)
	at CAT_Now_Reporting.run(CAT_Now_Reporting:69)
	at com.kms.katalon.core.main.ScriptEngine.run(ScriptEngine.java:194)
	at com.kms.katalon.core.main.ScriptEngine.runScriptAsRawText(ScriptEngine.java:119)
	at com.kms.katalon.core.main.TestCaseExecutor.runScript(TestCaseExecutor.java:337)
	at com.kms.katalon.core.main.TestCaseExecutor.doExecute(TestCaseExecutor.java:328)
	at com.kms.katalon.core.main.TestCaseExecutor.processExecutionPhase(TestCaseExecutor.java:307)
	at com.kms.katalon.core.main.TestCaseExecutor.accessMainPhase(TestCaseExecutor.java:299)
	at com.kms.katalon.core.main.TestCaseExecutor.execute(TestCaseExecutor.java:233)
	at com.kms.katalon.core.main.TestCaseMain.runTestCase(TestCaseMain.java:114)
	at com.kms.katalon.core.keyword.builtin.CallTestCaseKeyword$_callTestCase_closure1.doCall(CallTestCaseKeyword.groovy:59)
	at com.kms.katalon.core.keyword.builtin.CallTestCaseKeyword$_callTestCase_closure1.call(CallTestCaseKeyword.groovy)
	at com.kms.katalon.core.keyword.internal.KeywordMain.runKeyword(KeywordMain.groovy:68)
	at com.kms.katalon.core.keyword.builtin.CallTestCaseKeyword.callTestCase(CallTestCaseKeyword.groovy:81)
	at com.kms.katalon.core.keyword.builtin.CallTestCaseKeyword.execute(CallTestCaseKeyword.groovy:44)
	at com.kms.katalon.core.keyword.internal.KeywordExecutor.executeKeywordForPlatform(KeywordExecutor.groovy:72)
	at com.kms.katalon.core.keyword.BuiltinKeywords.callTestCase(BuiltinKeywords.groovy:334)
	at CAT_Now_Reporting.run(CAT_Now_Reporting:58)
	at com.kms.katalon.core.main.ScriptEngine.run(ScriptEngine.java:194)
	at com.kms.katalon.core.main.ScriptEngine.runScriptAsRawText(ScriptEngine.java:119)
	at com.kms.katalon.core.main.TestCaseExecutor.runScript(TestCaseExecutor.java:337)
	at com.kms.katalon.core.main.TestCaseExecutor.doExecute(TestCaseExecutor.java:328)
	at com.kms.katalon.core.main.TestCaseExecutor.processExecutionPhase(TestCaseExecutor.java:307)
	at com.kms.katalon.core.main.TestCaseExecutor.accessMainPhase(TestCaseExecutor.java:299)
	at com.kms.katalon.core.main.TestCaseExecutor.execute(TestCaseExecutor.java:233)
	at com.kms.katalon.core.main.TestSuiteExecutor.accessTestCaseMainPhase(TestSuiteExecutor.java:169)
	at com.kms.katalon.core.main.TestSuiteExecutor.accessTestSuiteMainPhase(TestSuiteExecutor.java:142)
	at com.kms.katalon.core.main.TestSuiteExecutor.execute(TestSuiteExecutor.java:91)
	at com.kms.katalon.core.main.TestCaseMain.startTestSuite(TestCaseMain.java:157)
	at com.kms.katalon.core.main.TestCaseMain$startTestSuite$0.call(Unknown Source)
	at TempTestSuite1587562267750.run(TempTestSuite1587562267750.groovy:37)
Caused by: org.openqa.selenium.ElementNotInteractableException: element not interactable
  (Session info: chrome=81.0.4044.113)
Build info: version: '3.141.59', revision: 'e82be7d358', time: '2018-11-14T08:25:53'
System info: host: 'VETTEDSP36RF', ip: '192.168.1.238', os.name: 'Windows 10', os.arch: 'x86', os.version: '10.0', java.version: '1.8.0_181'
Driver info: com.kms.katalon.selenium.driver.CChromeDriver
Capabilities {acceptInsecureCerts: false, browserName: chrome, browserVersion: 81.0.4044.113, chrome: {chromedriverVersion: 81.0.4044.69 (6813546031a4b..., userDataDir: C:\Users\davidho\AppData\Lo...}, goog:chromeOptions: {debuggerAddress: localhost:55204}, javascriptEnabled: true, networkConnectionEnabled: false, pageLoadStrategy: normal, platform: WINDOWS, platformName: WINDOWS, proxy: Proxy(), setWindowRect: true, strictFileInteractability: false, timeouts: {implicit: 0, pageLoad: 300000, script: 30000}, unhandledPromptBehavior: dismiss and notify, webauthn:virtualAuthenticators: true}
Session ID: e6a06d3dafa167bccb1aa34cfd0c46df
	at org.openqa.selenium.remote.http.W3CHttpResponseCodec.createException(W3CHttpResponseCodec.java:187)
	at org.openqa.selenium.remote.http.W3CHttpResponseCodec.decode(W3CHttpResponseCodec.java:122)
	at org.openqa.selenium.remote.http.W3CHttpResponseCodec.decode(W3CHttpResponseCodec.java:49)
	at org.openqa.selenium.remote.HttpCommandExecutor.execute(HttpCommandExecutor.java:158)
	at org.openqa.selenium.remote.service.DriverCommandExecutor.execute(DriverCommandExecutor.java:83)
	at org.openqa.selenium.remote.RemoteWebDriver.execute(RemoteWebDriver.java:552)
	at com.kms.katalon.selenium.driver.CChromeDriver.execute(CChromeDriver.java:19)
	at org.openqa.selenium.remote.RemoteWebElement.execute(RemoteWebElement.java:285)
	at org.openqa.selenium.remote.RemoteWebElement.click(RemoteWebElement.java:84)
	at org.openqa.selenium.support.events.EventFiringWebDriver$EventFiringWebElement.lambda$new$0(EventFiringWebDriver.java:404)
	at com.sun.proxy.$Proxy9.click(Unknown Source)
	at org.openqa.selenium.support.events.EventFiringWebDriver$EventFiringWebElement.click(EventFiringWebDriver.java:417)
	at com.kms.katalon.core.webui.keyword.builtin.ClickKeyword$_click_closure1.doCall(ClickKeyword.groovy:69)
	at com.kms.katalon.core.webui.keyword.builtin.ClickKeyword$_click_closure1.call(ClickKeyword.groovy)
	at com.kms.katalon.core.webui.keyword.internal.WebUIKeywordMain.runKeyword(WebUIKeywordMain.groovy:20)
	at com.kms.katalon.core.webui.keyword.builtin.ClickKeyword.click(ClickKeyword.groovy:76)
	at com.kms.katalon.core.webui.keyword.builtin.ClickKeyword.execute(ClickKeyword.groovy:43)
	at com.kms.katalon.core.keyword.internal.KeywordExecutor.executeKeywordForPlatform(KeywordExecutor.groovy:72)
	at com.kms.katalon.core.webui.keyword.WebUiBuiltInKeywords.click(WebUiBuiltInKeywords.groovy:616)
	at com.kms.katalon.core.webui.keyword.WebUiBuiltInKeywords$click$4.call(Unknown Source)
	at Script1585049847870.run(Script1585049847870.groovy:69)
	at com.kms.katalon.core.main.ScriptEngine.run(ScriptEngine.java:194)
	at com.kms.katalon.core.main.ScriptEngine.runScriptAsRawText(ScriptEngine.java:119)
	at com.kms.katalon.core.main.TestCaseExecutor.runScript(TestCaseExecutor.java:337)
	at com.kms.katalon.core.main.TestCaseExecutor.doExecute(TestCaseExecutor.java:328)
	at com.kms.katalon.core.main.TestCaseExecutor.processExecutionPhase(TestCaseExecutor.java:307)
	at com.kms.katalon.core.main.TestCaseExecutor.accessMainPhase(TestCaseExecutor.java:299)
	at com.kms.katalon.core.main.TestCaseExecutor.execute(TestCaseExecutor.java:233)
	at com.kms.katalon.core.main.TestCaseMain.runTestCase(TestCaseMain.java:114)
	at com.kms.katalon.core.keyword.builtin.CallTestCaseKeyword$_callTestCase_closure1.doCall(CallTestCaseKeyword.groovy:59)
	at com.kms.katalon.core.keyword.builtin.CallTestCaseKeyword$_callTestCase_closure1.call(CallTestCaseKeyword.groovy)
	at com.kms.katalon.core.keyword.internal.KeywordMain.runKeyword(KeywordMain.groovy:68)
	at com.kms.katalon.core.keyword.builtin.CallTestCaseKeyword.callTestCase(CallTestCaseKeyword.groovy:81)
	at com.kms.katalon.core.keyword.builtin.CallTestCaseKeyword.execute(CallTestCaseKeyword.groovy:44)
	at com.kms.katalon.core.keyword.internal.KeywordExecutor.executeKeywordForPlatform(KeywordExecutor.groovy:72)
	at com.kms.katalon.core.keyword.BuiltinKeywords.callTestCase(BuiltinKeywords.groovy:334)
	at Script1585128042398.run(Script1585128042398.groovy:58)
	... 13 more
)
[[ATTACHMENT|C:\\Users\\davidho\\git\\src\\Reports\\20200422_143058\\Web_Office_Settings\\20200422_143107\\1587563940611.png]]

2020-04-22 14:59:01 - [MESSAGE][FAILED] - Unable to call Test Case 'Test Cases/Reusable_Test_Sequences/Web_Office/Navigation/Sub_Menu_Navigation/Settings/Checkatrade_Com/CAT_Now_Reporting' (Root cause: com.kms.katalon.core.exception.StepFailedException: Call Test Case 'Test Cases/Reusable_Test_Sequences/Web_Office/Navigation/Sub_Menu_Navigation/Settings/Checkatrade_Com/CAT_Now_Reporting' failed
	at com.kms.katalon.core.keyword.builtin.CallTestCaseKeyword$_callTestCase_closure1.doCall(CallTestCaseKeyword.groovy:63)
	at com.kms.katalon.core.keyword.builtin.CallTestCaseKeyword$_callTestCase_closure1.call(CallTestCaseKeyword.groovy)
	at com.kms.katalon.core.keyword.internal.KeywordMain.runKeyword(KeywordMain.groovy:68)
	at com.kms.katalon.core.keyword.builtin.CallTestCaseKeyword.callTestCase(CallTestCaseKeyword.groovy:81)
	at com.kms.katalon.core.keyword.builtin.CallTestCaseKeyword.execute(CallTestCaseKeyword.groovy:44)
	at com.kms.katalon.core.keyword.internal.KeywordExecutor.executeKeywordForPlatform(KeywordExecutor.groovy:72)
	at com.kms.katalon.core.keyword.BuiltinKeywords.callTestCase(BuiltinKeywords.groovy:334)
	at CAT_Now_Reporting.run(CAT_Now_Reporting:58)
	at com.kms.katalon.core.main.ScriptEngine.run(ScriptEngine.java:194)
	at com.kms.katalon.core.main.ScriptEngine.runScriptAsRawText(ScriptEngine.java:119)
	at com.kms.katalon.core.main.TestCaseExecutor.runScript(TestCaseExecutor.java:337)
	at com.kms.katalon.core.main.TestCaseExecutor.doExecute(TestCaseExecutor.java:328)
	at com.kms.katalon.core.main.TestCaseExecutor.processExecutionPhase(TestCaseExecutor.java:307)
	at com.kms.katalon.core.main.TestCaseExecutor.accessMainPhase(TestCaseExecutor.java:299)
	at com.kms.katalon.core.main.TestCaseExecutor.execute(TestCaseExecutor.java:233)
	at com.kms.katalon.core.main.TestSuiteExecutor.accessTestCaseMainPhase(TestSuiteExecutor.java:169)
	at com.kms.katalon.core.main.TestSuiteExecutor.accessTestSuiteMainPhase(TestSuiteExecutor.java:142)
	at com.kms.katalon.core.main.TestSuiteExecutor.execute(TestSuiteExecutor.java:91)
	at com.kms.katalon.core.main.TestCaseMain.startTestSuite(TestCaseMain.java:157)
	at com.kms.katalon.core.main.TestCaseMain$startTestSuite$0.call(Unknown Source)
	at TempTestSuite1587562267750.run(TempTestSuite1587562267750.groovy:37)
Caused by: com.kms.katalon.core.exception.StepFailedException: Unable to move mouse over object 'Object Repository/WebOffice_Home_page/a_wwwcheckatradecom' (Root cause: com.kms.katalon.core.exception.StepFailedException: Unable to move mouse over object 'Object Repository/WebOffice_Home_page/a_wwwcheckatradecom'
	at com.kms.katalon.core.webui.keyword.internal.WebUIKeywordMain.stepFailed(WebUIKeywordMain.groovy:64)
	at com.kms.katalon.core.webui.keyword.internal.WebUIKeywordMain.runKeyword(WebUIKeywordMain.groovy:26)
	at com.kms.katalon.core.webui.keyword.builtin.MouseOverKeyword.mouseOver(MouseOverKeyword.groovy:66)
	at com.kms.katalon.core.webui.keyword.builtin.MouseOverKeyword.execute(MouseOverKeyword.groovy:40)
	at com.kms.katalon.core.keyword.internal.KeywordExecutor.executeKeywordForPlatform(KeywordExecutor.groovy:72)
	at com.kms.katalon.core.webui.keyword.WebUiBuiltInKeywords.mouseOver(WebUiBuiltInKeywords.groovy:802)
	at com.kms.katalon.core.webui.keyword.WebUiBuiltInKeywords$mouseOver$6.call(Unknown Source)
	at CAT_Now_Reporting.run(CAT_Now_Reporting:63)
	at com.kms.katalon.core.main.ScriptEngine.run(ScriptEngine.java:194)
	at com.kms.katalon.core.main.ScriptEngine.runScriptAsRawText(ScriptEngine.java:119)
	at com.kms.katalon.core.main.TestCaseExecutor.runScript(TestCaseExecutor.java:337)
	at com.kms.katalon.core.main.TestCaseExecutor.doExecute(TestCaseExecutor.java:328)
	at com.kms.katalon.core.main.TestCaseExecutor.processExecutionPhase(TestCaseExecutor.java:307)
	at com.kms.katalon.core.main.TestCaseExecutor.accessMainPhase(TestCaseExecutor.java:299)
	at com.kms.katalon.core.main.TestCaseExecutor.execute(TestCaseExecutor.java:233)
	at com.kms.katalon.core.main.TestCaseMain.runTestCase(TestCaseMain.java:114)
	at com.kms.katalon.core.keyword.builtin.CallTestCaseKeyword$_callTestCase_closure1.doCall(CallTestCaseKeyword.groovy:59)
	at com.kms.katalon.core.keyword.builtin.CallTestCaseKeyword$_callTestCase_closure1.call(CallTestCaseKeyword.groovy)
	at com.kms.katalon.core.keyword.internal.KeywordMain.runKeyword(KeywordMain.groovy:68)
	at com.kms.katalon.core.keyword.builtin.CallTestCaseKeyword.callTestCase(CallTestCaseKeyword.groovy:81)
	at com.kms.katalon.core.keyword.builtin.CallTestCaseKeyword.execute(CallTestCaseKeyword.groovy:44)
	at com.kms.katalon.core.keyword.internal.KeywordExecutor.executeKeywordForPlatform(KeywordExecutor.groovy:72)
	at com.kms.katalon.core.keyword.BuiltinKeywords.callTestCase(BuiltinKeywords.groovy:334)
	at CAT_Now_Reporting.run(CAT_Now_Reporting:58)
	at com.kms.katalon.core.main.ScriptEngine.run(ScriptEngine.java:194)
	at com.kms.katalon.core.main.ScriptEngine.runScriptAsRawText(ScriptEngine.java:119)
	at com.kms.katalon.core.main.TestCaseExecutor.runScript(TestCaseExecutor.java:337)
	at com.kms.katalon.core.main.TestCaseExecutor.doExecute(TestCaseExecutor.java:328)
	at com.kms.katalon.core.main.TestCaseExecutor.processExecutionPhase(TestCaseExecutor.java:307)
	at com.kms.katalon.core.main.TestCaseExecutor.accessMainPhase(TestCaseExecutor.java:299)
	at com.kms.katalon.core.main.TestCaseExecutor.execute(TestCaseExecutor.java:233)
	at com.kms.katalon.core.main.TestSuiteExecutor.accessTestCaseMainPhase(TestSuiteExecutor.java:169)
	at com.kms.katalon.core.main.TestSuiteExecutor.accessTestSuiteMainPhase(TestSuiteExecutor.java:142)
	at com.kms.katalon.core.main.TestSuiteExecutor.execute(TestSuiteExecutor.java:91)
	at com.kms.katalon.core.main.TestCaseMain.startTestSuite(TestCaseMain.java:157)
	at com.kms.katalon.core.main.TestCaseMain$startTestSuite$0.call(Unknown Source)
	at TempTestSuite1587562267750.run(TempTestSuite1587562267750.groovy:37)
Caused by: org.openqa.selenium.TimeoutException: Expected condition failed: waiting for element to be clickable: [[CChromeDriver: chrome on WINDOWS (e6a06d3dafa167bccb1aa34cfd0c46df)] -> xpath: //*[@href = 'https://www.checkatrade.com' and (text() = 'www.checkatrade.com' or . = 'www.checkatrade.com')]] (tried for 30 second(s) with 500 milliseconds interval)
Build info: version: '3.141.59', revision: 'e82be7d358', time: '2018-11-14T08:25:53'
System info: host: 'VETTEDSP36RF', ip: '192.168.1.238', os.name: 'Windows 10', os.arch: 'x86', os.version: '10.0', java.version: '1.8.0_181'
Driver info: com.kms.katalon.core.webui.driver.SmartWaitWebDriver
Capabilities {acceptInsecureCerts: false, browserName: chrome, browserVersion: 81.0.4044.113, chrome: {chromedriverVersion: 81.0.4044.69 (6813546031a4b..., userDataDir: C:\Users\davidho\AppData\Lo...}, goog:chromeOptions: {debuggerAddress: localhost:55204}, javascriptEnabled: true, networkConnectionEnabled: false, pageLoadStrategy: normal, platform: WINDOWS, platformName: WINDOWS, proxy: Proxy(), setWindowRect: true, strictFileInteractability: false, timeouts: {implicit: 0, pageLoad: 300000, script: 30000}, unhandledPromptBehavior: dismiss and notify, webauthn:virtualAuthenticators: true}
Session ID: e6a06d3dafa167bccb1aa34cfd0c46df
	at org.openqa.selenium.support.ui.WebDriverWait.timeoutException(WebDriverWait.java:95)
	at org.openqa.selenium.support.ui.FluentWait.until(FluentWait.java:272)
	at com.kms.katalon.core.webui.keyword.builtin.MouseOverKeyword$_mouseOver_closure1.doCall(MouseOverKeyword.groovy:56)
	at com.kms.katalon.core.webui.keyword.builtin.MouseOverKeyword$_mouseOver_closure1.call(MouseOverKeyword.groovy)
	at com.kms.katalon.core.webui.keyword.internal.WebUIKeywordMain.runKeyword(WebUIKeywordMain.groovy:20)
	at com.kms.katalon.core.webui.keyword.builtin.MouseOverKeyword.mouseOver(MouseOverKeyword.groovy:66)
	at com.kms.katalon.core.webui.keyword.builtin.MouseOverKeyword.execute(MouseOverKeyword.groovy:40)
	at com.kms.katalon.core.keyword.internal.KeywordExecutor.executeKeywordForPlatform(KeywordExecutor.groovy:72)
	at com.kms.katalon.core.webui.keyword.WebUiBuiltInKeywords.mouseOver(WebUiBuiltInKeywords.groovy:802)
	at com.kms.katalon.core.webui.keyword.WebUiBuiltInKeywords$mouseOver$6.call(Unknown Source)
	at Script1585049847870.run(Script1585049847870.groovy:63)
	at com.kms.katalon.core.main.ScriptEngine.run(ScriptEngine.java:194)
	at com.kms.katalon.core.main.ScriptEngine.runScriptAsRawText(ScriptEngine.java:119)
	at com.kms.katalon.core.main.TestCaseExecutor.runScript(TestCaseExecutor.java:337)
	at com.kms.katalon.core.main.TestCaseExecutor.doExecute(TestCaseExecutor.java:328)
	at com.kms.katalon.core.main.TestCaseExecutor.processExecutionPhase(TestCaseExecutor.java:307)
	at com.kms.katalon.core.main.TestCaseExecutor.accessMainPhase(TestCaseExecutor.java:299)
	at com.kms.katalon.core.main.TestCaseExecutor.execute(TestCaseExecutor.java:233)
	at com.kms.katalon.core.main.TestCaseMain.runTestCase(TestCaseMain.java:114)
	at com.kms.katalon.core.keyword.builtin.CallTestCaseKeyword$_callTestCase_closure1.doCall(CallTestCaseKeyword.groovy:59)
	at com.kms.katalon.core.keyword.builtin.CallTestCaseKeyword$_callTestCase_closure1.call(CallTestCaseKeyword.groovy)
	at com.kms.katalon.core.keyword.internal.KeywordMain.runKeyword(KeywordMain.groovy:68)
	at com.kms.katalon.core.keyword.builtin.CallTestCaseKeyword.callTestCase(CallTestCaseKeyword.groovy:81)
	at com.kms.katalon.core.keyword.builtin.CallTestCaseKeyword.execute(CallTestCaseKeyword.groovy:44)
	at com.kms.katalon.core.keyword.internal.KeywordExecutor.executeKeywordForPlatform(KeywordExecutor.groovy:72)
	at com.kms.katalon.core.keyword.BuiltinKeywords.callTestCase(BuiltinKeywords.groovy:334)
	at Script1585128042398.run(Script1585128042398.groovy:58)
	... 13 more
)
	at com.kms.katalon.core.keyword.internal.KeywordMain.stepFailed(KeywordMain.groovy:39)
	at com.kms.katalon.core.webui.keyword.internal.WebUIKeywordMain.stepFailed(WebUIKeywordMain.groovy:64)
	at com.kms.katalon.core.webui.keyword.internal.WebUIKeywordMain.runKeyword(WebUIKeywordMain.groovy:26)
	at com.kms.katalon.core.webui.keyword.builtin.MouseOverKeyword.mouseOver(MouseOverKeyword.groovy:66)
	at com.kms.katalon.core.webui.keyword.builtin.MouseOverKeyword.execute(MouseOverKeyword.groovy:40)
	at com.kms.katalon.core.keyword.internal.KeywordExecutor.executeKeywordForPlatform(KeywordExecutor.groovy:72)
	at com.kms.katalon.core.webui.keyword.WebUiBuiltInKeywords.mouseOver(WebUiBuiltInKeywords.groovy:802)
	at com.kms.katalon.core.webui.keyword.WebUiBuiltInKeywords$mouseOver$6.call(Unknown Source)
	at CAT_Now_Reporting.run(CAT_Now_Reporting:63)
	at com.kms.katalon.core.main.ScriptEngine.run(ScriptEngine.java:194)
	at com.kms.katalon.core.main.ScriptEngine.runScriptAsRawText(ScriptEngine.java:119)
	at com.kms.katalon.core.main.TestCaseExecutor.runScript(TestCaseExecutor.java:337)
	at com.kms.katalon.core.main.TestCaseExecutor.doExecute(TestCaseExecutor.java:328)
	at com.kms.katalon.core.main.TestCaseExecutor.processExecutionPhase(TestCaseExecutor.java:307)
	at com.kms.katalon.core.main.TestCaseExecutor.accessMainPhase(TestCaseExecutor.java:299)
	at com.kms.katalon.core.main.TestCaseExecutor.execute(TestCaseExecutor.java:233)
	at com.kms.katalon.core.main.TestCaseMain.runTestCase(TestCaseMain.java:114)
	at com.kms.katalon.core.keyword.builtin.CallTestCaseKeyword$_callTestCase_closure1.doCall(CallTestCaseKeyword.groovy:59)
	... 20 more
Caused by: com.kms.katalon.core.exception.StepFailedException: Unable to move mouse over object 'Object Repository/WebOffice_Home_page/a_wwwcheckatradecom'
	... 37 more
Caused by: org.openqa.selenium.TimeoutException: Expected condition failed: waiting for element to be clickable: [[CChromeDriver: chrome on WINDOWS (e6a06d3dafa167bccb1aa34cfd0c46df)] -> xpath: //*[@href = 'https://www.checkatrade.com' and (text() = 'www.checkatrade.com' or . = 'www.checkatrade.com')]] (tried for 30 second(s) with 500 milliseconds interval)
Build info: version: '3.141.59', revision: 'e82be7d358', time: '2018-11-14T08:25:53'
System info: host: 'VETTEDSP36RF', ip: '192.168.1.238', os.name: 'Windows 10', os.arch: 'x86', os.version: '10.0', java.version: '1.8.0_181'
Driver info: com.kms.katalon.core.webui.driver.SmartWaitWebDriver
Capabilities {acceptInsecureCerts: false, browserName: chrome, browserVersion: 81.0.4044.113, chrome: {chromedriverVersion: 81.0.4044.69 (6813546031a4b..., userDataDir: C:\Users\davidho\AppData\Lo...}, goog:chromeOptions: {debuggerAddress: localhost:55204}, javascriptEnabled: true, networkConnectionEnabled: false, pageLoadStrategy: normal, platform: WINDOWS, platformName: WINDOWS, proxy: Proxy(), setWindowRect: true, strictFileInteractability: false, timeouts: {implicit: 0, pageLoad: 300000, script: 30000}, unhandledPromptBehavior: dismiss and notify, webauthn:virtualAuthenticators: true}
Session ID: e6a06d3dafa167bccb1aa34cfd0c46df
	at org.openqa.selenium.support.ui.WebDriverWait.timeoutException(WebDriverWait.java:95)
	at org.openqa.selenium.support.ui.FluentWait.until(FluentWait.java:272)
	at com.kms.katalon.core.webui.keyword.builtin.MouseOverKeyword$_mouseOver_closure1.doCall(MouseOverKeyword.groovy:56)
	at com.kms.katalon.core.webui.keyword.builtin.MouseOverKeyword$_mouseOver_closure1.call(MouseOverKeyword.groovy)
	at com.kms.katalon.core.webui.keyword.internal.WebUIKeywordMain.runKeyword(WebUIKeywordMain.groovy:20)
	... 35 more
)]]></system-out>
         <system-err><![CDATA[2020-04-22 14:58:12 - [TEST_CASE][FAILED] - Test Cases/Web_Office/Settings/Checkatrade_Com/CAT_Now_Reporting: Test Cases/Web_Office/Settings/Checkatrade_Com/CAT_Now_Reporting FAILED.
Reason:
com.kms.katalon.core.exception.StepFailedException: Call Test Case 'Test Cases/Reusable_Test_Sequences/Web_Office/Navigation/Sub_Menu_Navigation/Settings/Checkatrade_Com/CAT_Now_Reporting' failed
	at com.kms.katalon.core.keyword.builtin.CallTestCaseKeyword$_callTestCase_closure1.doCall(CallTestCaseKeyword.groovy:63)
	at com.kms.katalon.core.keyword.builtin.CallTestCaseKeyword$_callTestCase_closure1.call(CallTestCaseKeyword.groovy)
	at com.kms.katalon.core.keyword.internal.KeywordMain.runKeyword(KeywordMain.groovy:68)
	at com.kms.katalon.core.keyword.builtin.CallTestCaseKeyword.callTestCase(CallTestCaseKeyword.groovy:81)
	at com.kms.katalon.core.keyword.builtin.CallTestCaseKeyword.execute(CallTestCaseKeyword.groovy:44)
	at com.kms.katalon.core.keyword.internal.KeywordExecutor.executeKeywordForPlatform(KeywordExecutor.groovy:72)
	at com.kms.katalon.core.keyword.BuiltinKeywords.callTestCase(BuiltinKeywords.groovy:334)
	at CAT_Now_Reporting.run(CAT_Now_Reporting:58)
	at com.kms.katalon.core.main.ScriptEngine.run(ScriptEngine.java:194)
	at com.kms.katalon.core.main.ScriptEngine.runScriptAsRawText(ScriptEngine.java:119)
	at com.kms.katalon.core.main.TestCaseExecutor.runScript(TestCaseExecutor.java:337)
	at com.kms.katalon.core.main.TestCaseExecutor.doExecute(TestCaseExecutor.java:328)
	at com.kms.katalon.core.main.TestCaseExecutor.processExecutionPhase(TestCaseExecutor.java:307)
	at com.kms.katalon.core.main.TestCaseExecutor.accessMainPhase(TestCaseExecutor.java:299)
	at com.kms.katalon.core.main.TestCaseExecutor.execute(TestCaseExecutor.java:233)
	at com.kms.katalon.core.main.TestSuiteExecutor.accessTestCaseMainPhase(TestSuiteExecutor.java:169)
	at com.kms.katalon.core.main.TestSuiteExecutor.accessTestSuiteMainPhase(TestSuiteExecutor.java:142)
	at com.kms.katalon.core.main.TestSuiteExecutor.execute(TestSuiteExecutor.java:91)
	at com.kms.katalon.core.main.TestCaseMain.startTestSuite(TestCaseMain.java:157)
	at com.kms.katalon.core.main.TestCaseMain$startTestSuite$0.call(Unknown Source)
	at TempTestSuite1587562267750.run(TempTestSuite1587562267750.groovy:37)
Caused by: com.kms.katalon.core.exception.StepFailedException: Unable to move mouse over object 'Object Repository/WebOffice_Home_page/a_wwwcheckatradecom' (Root cause: com.kms.katalon.core.exception.StepFailedException: Unable to move mouse over object 'Object Repository/WebOffice_Home_page/a_wwwcheckatradecom'
	at com.kms.katalon.core.webui.keyword.internal.WebUIKeywordMain.stepFailed(WebUIKeywordMain.groovy:64)
	at com.kms.katalon.core.webui.keyword.internal.WebUIKeywordMain.runKeyword(WebUIKeywordMain.groovy:26)
	at com.kms.katalon.core.webui.keyword.builtin.MouseOverKeyword.mouseOver(MouseOverKeyword.groovy:66)
	at com.kms.katalon.core.webui.keyword.builtin.MouseOverKeyword.execute(MouseOverKeyword.groovy:40)
	at com.kms.katalon.core.keyword.internal.KeywordExecutor.executeKeywordForPlatform(KeywordExecutor.groovy:72)
	at com.kms.katalon.core.webui.keyword.WebUiBuiltInKeywords.mouseOver(WebUiBuiltInKeywords.groovy:802)
	at com.kms.katalon.core.webui.keyword.WebUiBuiltInKeywords$mouseOver$6.call(Unknown Source)
	at CAT_Now_Reporting.run(CAT_Now_Reporting:63)
	at com.kms.katalon.core.main.ScriptEngine.run(ScriptEngine.java:194)
	at com.kms.katalon.core.main.ScriptEngine.runScriptAsRawText(ScriptEngine.java:119)
	at com.kms.katalon.core.main.TestCaseExecutor.runScript(TestCaseExecutor.java:337)
	at com.kms.katalon.core.main.TestCaseExecutor.doExecute(TestCaseExecutor.java:328)
	at com.kms.katalon.core.main.TestCaseExecutor.processExecutionPhase(TestCaseExecutor.java:307)
	at com.kms.katalon.core.main.TestCaseExecutor.accessMainPhase(TestCaseExecutor.java:299)
	at com.kms.katalon.core.main.TestCaseExecutor.execute(TestCaseExecutor.java:233)
	at com.kms.katalon.core.main.TestCaseMain.runTestCase(TestCaseMain.java:114)
	at com.kms.katalon.core.keyword.builtin.CallTestCaseKeyword$_callTestCase_closure1.doCall(CallTestCaseKeyword.groovy:59)
	at com.kms.katalon.core.keyword.builtin.CallTestCaseKeyword$_callTestCase_closure1.call(CallTestCaseKeyword.groovy)
	at com.kms.katalon.core.keyword.internal.KeywordMain.runKeyword(KeywordMain.groovy:68)
	at com.kms.katalon.core.keyword.builtin.CallTestCaseKeyword.callTestCase(CallTestCaseKeyword.groovy:81)
	at com.kms.katalon.core.keyword.builtin.CallTestCaseKeyword.execute(CallTestCaseKeyword.groovy:44)
	at com.kms.katalon.core.keyword.internal.KeywordExecutor.executeKeywordForPlatform(KeywordExecutor.groovy:72)
	at com.kms.katalon.core.keyword.BuiltinKeywords.callTestCase(BuiltinKeywords.groovy:334)
	at CAT_Now_Reporting.run(CAT_Now_Reporting:58)
	at com.kms.katalon.core.main.ScriptEngine.run(ScriptEngine.java:194)
	at com.kms.katalon.core.main.ScriptEngine.runScriptAsRawText(ScriptEngine.java:119)
	at com.kms.katalon.core.main.TestCaseExecutor.runScript(TestCaseExecutor.java:337)
	at com.kms.katalon.core.main.TestCaseExecutor.doExecute(TestCaseExecutor.java:328)
	at com.kms.katalon.core.main.TestCaseExecutor.processExecutionPhase(TestCaseExecutor.java:307)
	at com.kms.katalon.core.main.TestCaseExecutor.accessMainPhase(TestCaseExecutor.java:299)
	at com.kms.katalon.core.main.TestCaseExecutor.execute(TestCaseExecutor.java:233)
	at com.kms.katalon.core.main.TestSuiteExecutor.accessTestCaseMainPhase(TestSuiteExecutor.java:169)
	at com.kms.katalon.core.main.TestSuiteExecutor.accessTestSuiteMainPhase(TestSuiteExecutor.java:142)
	at com.kms.katalon.core.main.TestSuiteExecutor.execute(TestSuiteExecutor.java:91)
	at com.kms.katalon.core.main.TestCaseMain.startTestSuite(TestCaseMain.java:157)
	at com.kms.katalon.core.main.TestCaseMain$startTestSuite$0.call(Unknown Source)
	at TempTestSuite1587562267750.run(TempTestSuite1587562267750.groovy:37)
Caused by: org.openqa.selenium.TimeoutException: Expected condition failed: waiting for element to be clickable: [[CChromeDriver: chrome on WINDOWS (e6a06d3dafa167bccb1aa34cfd0c46df)] -> xpath: //*[@href = 'https://www.checkatrade.com' and (text() = 'www.checkatrade.com' or . = 'www.checkatrade.com')]] (tried for 30 second(s) with 500 milliseconds interval)
Build info: version: '3.141.59', revision: 'e82be7d358', time: '2018-11-14T08:25:53'
System info: host: 'VETTEDSP36RF', ip: '192.168.1.238', os.name: 'Windows 10', os.arch: 'x86', os.version: '10.0', java.version: '1.8.0_181'
Driver info: com.kms.katalon.core.webui.driver.SmartWaitWebDriver
Capabilities {acceptInsecureCerts: false, browserName: chrome, browserVersion: 81.0.4044.113, chrome: {chromedriverVersion: 81.0.4044.69 (6813546031a4b..., userDataDir: C:\Users\davidho\AppData\Lo...}, goog:chromeOptions: {debuggerAddress: localhost:55204}, javascriptEnabled: true, networkConnectionEnabled: false, pageLoadStrategy: normal, platform: WINDOWS, platformName: WINDOWS, proxy: Proxy(), setWindowRect: true, strictFileInteractability: false, timeouts: {implicit: 0, pageLoad: 300000, script: 30000}, unhandledPromptBehavior: dismiss and notify, webauthn:virtualAuthenticators: true}
Session ID: e6a06d3dafa167bccb1aa34cfd0c46df
	at org.openqa.selenium.support.ui.WebDriverWait.timeoutException(WebDriverWait.java:95)
	at org.openqa.selenium.support.ui.FluentWait.until(FluentWait.java:272)
	at com.kms.katalon.core.webui.keyword.builtin.MouseOverKeyword$_mouseOver_closure1.doCall(MouseOverKeyword.groovy:56)
	at com.kms.katalon.core.webui.keyword.builtin.MouseOverKeyword$_mouseOver_closure1.call(MouseOverKeyword.groovy)
	at com.kms.katalon.core.webui.keyword.internal.WebUIKeywordMain.runKeyword(WebUIKeywordMain.groovy:20)
	at com.kms.katalon.core.webui.keyword.builtin.MouseOverKeyword.mouseOver(MouseOverKeyword.groovy:66)
	at com.kms.katalon.core.webui.keyword.builtin.MouseOverKeyword.execute(MouseOverKeyword.groovy:40)
	at com.kms.katalon.core.keyword.internal.KeywordExecutor.executeKeywordForPlatform(KeywordExecutor.groovy:72)
	at com.kms.katalon.core.webui.keyword.WebUiBuiltInKeywords.mouseOver(WebUiBuiltInKeywords.groovy:802)
	at com.kms.katalon.core.webui.keyword.WebUiBuiltInKeywords$mouseOver$6.call(Unknown Source)
	at Script1585049847870.run(Script1585049847870.groovy:63)
	at com.kms.katalon.core.main.ScriptEngine.run(ScriptEngine.java:194)
	at com.kms.katalon.core.main.ScriptEngine.runScriptAsRawText(ScriptEngine.java:119)
	at com.kms.katalon.core.main.TestCaseExecutor.runScript(TestCaseExecutor.java:337)
	at com.kms.katalon.core.main.TestCaseExecutor.doExecute(TestCaseExecutor.java:328)
	at com.kms.katalon.core.main.TestCaseExecutor.processExecutionPhase(TestCaseExecutor.java:307)
	at com.kms.katalon.core.main.TestCaseExecutor.accessMainPhase(TestCaseExecutor.java:299)
	at com.kms.katalon.core.main.TestCaseExecutor.execute(TestCaseExecutor.java:233)
	at com.kms.katalon.core.main.TestCaseMain.runTestCase(TestCaseMain.java:114)
	at com.kms.katalon.core.keyword.builtin.CallTestCaseKeyword$_callTestCase_closure1.doCall(CallTestCaseKeyword.groovy:59)
	at com.kms.katalon.core.keyword.builtin.CallTestCaseKeyword$_callTestCase_closure1.call(CallTestCaseKeyword.groovy)
	at com.kms.katalon.core.keyword.internal.KeywordMain.runKeyword(KeywordMain.groovy:68)
	at com.kms.katalon.core.keyword.builtin.CallTestCaseKeyword.callTestCase(CallTestCaseKeyword.groovy:81)
	at com.kms.katalon.core.keyword.builtin.CallTestCaseKeyword.execute(CallTestCaseKeyword.groovy:44)
	at com.kms.katalon.core.keyword.internal.KeywordExecutor.executeKeywordForPlatform(KeywordExecutor.groovy:72)
	at com.kms.katalon.core.keyword.BuiltinKeywords.callTestCase(BuiltinKeywords.groovy:334)
	at Script1585128042398.run(Script1585128042398.groovy:58)
	... 13 more
)
	at com.kms.katalon.core.keyword.internal.KeywordMain.stepFailed(KeywordMain.groovy:39)
	at com.kms.katalon.core.webui.keyword.internal.WebUIKeywordMain.stepFailed(WebUIKeywordMain.groovy:64)
	at com.kms.katalon.core.webui.keyword.internal.WebUIKeywordMain.runKeyword(WebUIKeywordMain.groovy:26)
	at com.kms.katalon.core.webui.keyword.builtin.MouseOverKeyword.mouseOver(MouseOverKeyword.groovy:66)
	at com.kms.katalon.core.webui.keyword.builtin.MouseOverKeyword.execute(MouseOverKeyword.groovy:40)
	at com.kms.katalon.core.keyword.internal.KeywordExecutor.executeKeywordForPlatform(KeywordExecutor.groovy:72)
	at com.kms.katalon.core.webui.keyword.WebUiBuiltInKeywords.mouseOver(WebUiBuiltInKeywords.groovy:802)
	at com.kms.katalon.core.webui.keyword.WebUiBuiltInKeywords$mouseOver$6.call(Unknown Source)
	at CAT_Now_Reporting.run(CAT_Now_Reporting:63)
	at com.kms.katalon.core.main.ScriptEngine.run(ScriptEngine.java:194)
	at com.kms.katalon.core.main.ScriptEngine.runScriptAsRawText(ScriptEngine.java:119)
	at com.kms.katalon.core.main.TestCaseExecutor.runScript(TestCaseExecutor.java:337)
	at com.kms.katalon.core.main.TestCaseExecutor.doExecute(TestCaseExecutor.java:328)
	at com.kms.katalon.core.main.TestCaseExecutor.processExecutionPhase(TestCaseExecutor.java:307)
	at com.kms.katalon.core.main.TestCaseExecutor.accessMainPhase(TestCaseExecutor.java:299)
	at com.kms.katalon.core.main.TestCaseExecutor.execute(TestCaseExecutor.java:233)
	at com.kms.katalon.core.main.TestCaseMain.runTestCase(TestCaseMain.java:114)
	at com.kms.katalon.core.keyword.builtin.CallTestCaseKeyword$_callTestCase_closure1.doCall(CallTestCaseKeyword.groovy:59)
	... 20 more
Caused by: com.kms.katalon.core.exception.StepFailedException: Unable to move mouse over object 'Object Repository/WebOffice_Home_page/a_wwwcheckatradecom'
	... 37 more
Caused by: org.openqa.selenium.TimeoutException: Expected condition failed: waiting for element to be clickable: [[CChromeDriver: chrome on WINDOWS (e6a06d3dafa167bccb1aa34cfd0c46df)] -> xpath: //*[@href = 'https://www.checkatrade.com' and (text() = 'www.checkatrade.com' or . = 'www.checkatrade.com')]] (tried for 30 second(s) with 500 milliseconds interval)
Build info: version: '3.141.59', revision: 'e82be7d358', time: '2018-11-14T08:25:53'
System info: host: 'VETTEDSP36RF', ip: '192.168.1.238', os.name: 'Windows 10', os.arch: 'x86', os.version: '10.0', java.version: '1.8.0_181'
Driver info: com.kms.katalon.core.webui.driver.SmartWaitWebDriver
Capabilities {acceptInsecureCerts: false, browserName: chrome, browserVersion: 81.0.4044.113, chrome: {chromedriverVersion: 81.0.4044.69 (6813546031a4b..., userDataDir: C:\Users\davidho\AppData\Lo...}, goog:chromeOptions: {debuggerAddress: localhost:55204}, javascriptEnabled: true, networkConnectionEnabled: false, pageLoadStrategy: normal, platform: WINDOWS, platformName: WINDOWS, proxy: Proxy(), setWindowRect: true, strictFileInteractability: false, timeouts: {implicit: 0, pageLoad: 300000, script: 30000}, unhandledPromptBehavior: dismiss and notify, webauthn:virtualAuthenticators: true}
Session ID: e6a06d3dafa167bccb1aa34cfd0c46df
	at org.openqa.selenium.support.ui.WebDriverWait.timeoutException(WebDriverWait.java:95)
	at org.openqa.selenium.support.ui.FluentWait.until(FluentWait.java:272)
	at com.kms.katalon.core.webui.keyword.builtin.MouseOverKeyword$_mouseOver_closure1.doCall(MouseOverKeyword.groovy:56)
	at com.kms.katalon.core.webui.keyword.builtin.MouseOverKeyword$_mouseOver_closure1.call(MouseOverKeyword.groovy)
	at com.kms.katalon.core.webui.keyword.internal.WebUIKeywordMain.runKeyword(WebUIKeywordMain.groovy:20)
	... 35 more]]></system-err>
      </testcase>
      <testcase name="Test Cases/Web_Office/Settings/Checkatrade_Com/Trade_App_Settings" time="29.627" classname="Test Cases/Web_Office/Settings/Checkatrade_Com/Trade_App_Settings" status="PASSED">
         <system-out><![CDATA[2020-04-22 14:59:01 - [TEST_CASE][PASSED] - Test Cases/Web_Office/Settings/Checkatrade_Com/Trade_App_Settings: Test Cases/Web_Office/Settings/Checkatrade_Com/Trade_App_Settings

2020-04-22 14:59:01 - [TEST_STEP][PASSED] - "--------------------------------------": null

2020-04-22 14:59:01 - [TEST_STEP][PASSED] - " Web Office StartUp                  |": null

2020-04-22 14:59:01 - [TEST_STEP][PASSED] - callTestCase(findTestCase("Reusable_Test_Sequences/Web_Office/Directives/WebOffice_StartUp"), [:], STOP_ON_FAILURE): Call Test Case 'Test Cases/Reusable_Test_Sequences/Web_Office/Directives/WebOffice_StartUp' successfully

2020-04-22 14:59:01 - [TEST_CASE][PASSED] - Test Cases/Reusable_Test_Sequences/Web_Office/Directives/WebOffice_StartUp: Test Cases/Reusable_Test_Sequences/Web_Office/Directives/WebOffice_StartUp

2020-04-22 14:59:01 - [TEST_STEP][PASSED] - "-----------------------------------------------------------------------------": null

2020-04-22 14:59:01 - [TEST_STEP][PASSED] - if (URL == "https://www.dev.checkatrade.com/"): null

2020-04-22 14:59:01 - [TEST_STEP][PASSED] - "-----------------------------------------------------------------------------": null

2020-04-22 14:59:01 - [TEST_STEP][PASSED] - if (URL == "https://www.checkatrade.com/"): null

2020-04-22 14:59:01 - [TEST_STEP][PASSED] - "-----------------------------------------------------------------------------": null

2020-04-22 14:59:01 - [TEST_STEP][PASSED] - if (URL == "https://www.preview.checkatrade.com/"): null

2020-04-22 14:59:02 - [TEST_STEP][PASSED] - WebOfficeURL = "https://admin.preview.checkatrade.com/": null

2020-04-22 14:59:02 - [TEST_STEP][PASSED] - if (URL == "https://www.dev2.checkatrade.com/"): null

2020-04-22 14:59:02 - [TEST_STEP][PASSED] - "Set Function Area for "URL_Handler", URL Resolution": null

2020-04-22 14:59:02 - [TEST_STEP][PASSED] - "Do Some Magic with URL(s) See the comments within URL Handler ": null

2020-04-22 14:59:02 - [TEST_STEP][PASSED] - "------------------------------------------------": null

2020-04-22 14:59:02 - [TEST_STEP][PASSED] - "Moved Login Credentials to <Default> profile 22/01/2020": null

2020-04-22 14:59:02 - [TEST_STEP][PASSED] - "------------------------------------------------": null

2020-04-22 14:59:02 - [TEST_STEP][PASSED] - "WebOfficeURL - Set from the ENVIRONMENT PROFILE ": null

2020-04-22 14:59:02 - [TEST_STEP][PASSED] - "OPEN BROWSER": null

2020-04-22 14:59:02 - [TEST_STEP][PASSED] - "eg - https://admin.preview.checkatrade.com/  ": null

2020-04-22 14:59:02 - [TEST_STEP][PASSED] - openBrowser(WebOfficeURL): Browser is opened with url: 'https://admin.preview.checkatrade.com/'

2020-04-22 14:59:02 - [MESSAGE][WARNING] - A browser is already opened. Closing browser and opening a new one

2020-04-22 14:59:04 - [MESSAGE][INFO] - Starting 'Chrome' driver

2020-04-22 14:59:04 - [MESSAGE][INFO] - Action delay is set to 0 milliseconds

2020-04-22 14:59:11 - [MESSAGE][PASSED] - Browser is opened with url: 'https://admin.preview.checkatrade.com/'

2020-04-22 14:59:11 - [TEST_STEP][PASSED] - maximizeWindow(): Current window maximized

2020-04-22 14:59:14 - [MESSAGE][PASSED] - Current window maximized

2020-04-22 14:59:14 - [TEST_STEP][PASSED] - waitForElementClickable(findTestObject("Object Repository/WebOffice/Page_Checkatrade - Administration - Login/Login_Button"), 25): Object 'Object Repository/WebOffice/Page_Checkatrade - Administration - Login/Login_Button' is clickable

2020-04-22 14:59:14 - [MESSAGE][PASSED] - Object 'Object Repository/WebOffice/Page_Checkatrade - Administration - Login/Login_Button' is clickable

2020-04-22 14:59:14 - [TEST_STEP][PASSED] - verifyTextPresent("Checkatrade Web Office", false): Text 'Checkatrade Web Office' is present on page 

2020-04-22 14:59:14 - [MESSAGE][PASSED] - Text 'Checkatrade Web Office' is present on page 

2020-04-22 14:59:14 - [TEST_STEP][PASSED] - verifyTextPresent("Access for staff use only", false): Text 'Access for staff use only' is present on page 

2020-04-22 14:59:14 - [MESSAGE][PASSED] - Text 'Access for staff use only' is present on page 

2020-04-22 14:59:14 - [TEST_STEP][PASSED] - verifyTextPresent("Forgotten password?", false): Text 'Forgotten password?' is present on page 

2020-04-22 14:59:14 - [MESSAGE][PASSED] - Text 'Forgotten password?' is present on page 

2020-04-22 14:59:14 - [TEST_STEP][PASSED] - setText(findTestObject("Object Repository/WebOffice/Page_Checkatrade - Administration - Login/input_Username_LoginControlUserName"), wo_Username): Text 'DavidHo' is set on object 'Object Repository/WebOffice/Page_Checkatrade - Administration - Login/input_Username_LoginControlUserName'

2020-04-22 14:59:15 - [MESSAGE][PASSED] - Text 'DavidHo' is set on object 'Object Repository/WebOffice/Page_Checkatrade - Administration - Login/input_Username_LoginControlUserName'

2020-04-22 14:59:15 - [TEST_STEP][PASSED] - setText(findTestObject("Object Repository/WebOffice/Page_Checkatrade - Administration - Login/input_Password_LoginControlPassword"), wo_Password): Text 'Check123' is set on object 'Object Repository/WebOffice/Page_Checkatrade - Administration - Login/input_Password_LoginControlPassword'

2020-04-22 14:59:15 - [MESSAGE][PASSED] - Text 'Check123' is set on object 'Object Repository/WebOffice/Page_Checkatrade - Administration - Login/input_Password_LoginControlPassword'

2020-04-22 14:59:15 - [TEST_STEP][PASSED] - click(findTestObject("Object Repository/WebOffice/Page_Checkatrade - Administration - Login/Login_Button")): Object: 'Object Repository/WebOffice/Page_Checkatrade - Administration - Login/Login_Button' is clicked on

2020-04-22 14:59:16 - [MESSAGE][PASSED] - Object: 'Object Repository/WebOffice/Page_Checkatrade - Administration - Login/Login_Button' is clicked on

2020-04-22 14:59:16 - [TEST_STEP][PASSED] - waitForPageLoad(60): Wait for page load successfully

2020-04-22 14:59:16 - [MESSAGE][PASSED] - Wait for page load successfully

2020-04-22 14:59:16 - [TEST_STEP][PASSED] - verifyTextPresent("Welcome " + wo_Username, false): Text 'Welcome DavidHo' is present on page 

2020-04-22 14:59:17 - [MESSAGE][PASSED] - Text 'Welcome DavidHo' is present on page 

2020-04-22 14:59:17 - [MESSAGE][PASSED] - Call Test Case 'Test Cases/Reusable_Test_Sequences/Web_Office/Directives/WebOffice_StartUp' successfully

2020-04-22 14:59:17 - [TEST_STEP][PASSED] - "-----------------------------------------------------------------": null

2020-04-22 14:59:17 - [TEST_STEP][PASSED] - " Navigate to <Settings->Checkatrade.Com->Sub Item> Menu Item     |": null

2020-04-22 14:59:17 - [TEST_STEP][PASSED] - callTestCase(findTestCase("Reusable_Test_Sequences/Web_Office/Navigation/Sub_Menu_Navigation/Settings/Checkatrade_Com/Trade_App_Settings"), [:], STOP_ON_FAILURE): Call Test Case 'Test Cases/Reusable_Test_Sequences/Web_Office/Navigation/Sub_Menu_Navigation/Settings/Checkatrade_Com/Trade_App_Settings' successfully

2020-04-22 14:59:17 - [TEST_CASE][PASSED] - Test Cases/Reusable_Test_Sequences/Web_Office/Navigation/Sub_Menu_Navigation/Settings/Checkatrade_Com/Trade_App_Settings: Test Cases/Reusable_Test_Sequences/Web_Office/Navigation/Sub_Menu_Navigation/Settings/Checkatrade_Com/Trade_App_Settings

2020-04-22 14:59:17 - [TEST_STEP][PASSED] - " TODO - a_Trade App Settings MISSING From Object Repositary": null

2020-04-22 14:59:17 - [TEST_STEP][PASSED] - "--------------------------------------": null

2020-04-22 14:59:17 - [TEST_STEP][PASSED] - " Navigate Top level menu Item         |": null

2020-04-22 14:59:17 - [TEST_STEP][PASSED] - waitForPageLoad(60): Wait for page load successfully

2020-04-22 14:59:17 - [MESSAGE][PASSED] - Wait for page load successfully

2020-04-22 14:59:17 - [TEST_STEP][PASSED] - waitForElementClickable(findTestObject("Object Repository/WebOffice_Home_page/a_Settings"), 60): Object 'Object Repository/WebOffice_Home_page/a_Settings' is clickable

2020-04-22 14:59:18 - [MESSAGE][PASSED] - Object 'Object Repository/WebOffice_Home_page/a_Settings' is clickable

2020-04-22 14:59:18 - [TEST_STEP][PASSED] - mouseOver(findTestObject("Object Repository/WebOffice_Home_page/a_Settings")): Object: 'Object Repository/WebOffice_Home_page/a_Settings' is hovered

2020-04-22 14:59:18 - [MESSAGE][PASSED] - Object: 'Object Repository/WebOffice_Home_page/a_Settings' is hovered

2020-04-22 14:59:18 - [TEST_STEP][PASSED] - mouseOver(findTestObject("Object Repository/WebOffice_Home_page/a_wwwcheckatradecom")): Object: 'Object Repository/WebOffice_Home_page/a_wwwcheckatradecom' is hovered

2020-04-22 14:59:18 - [MESSAGE][PASSED] - Object: 'Object Repository/WebOffice_Home_page/a_wwwcheckatradecom' is hovered

2020-04-22 14:59:18 - [TEST_STEP][PASSED] - waitForElementClickable(findTestObject("Object Repository/WebOffice_Home_page/Page_/a_Trade App Settings"), 1): Object 'Object Repository/WebOffice_Home_page/Page_/a_Trade App Settings' is clickable

2020-04-22 14:59:19 - [MESSAGE][PASSED] - Object 'Object Repository/WebOffice_Home_page/Page_/a_Trade App Settings' is clickable

2020-04-22 14:59:19 - [TEST_STEP][PASSED] - click(findTestObject("Object Repository/WebOffice_Home_page/Page_/a_Trade App Settings")): Object: 'Object Repository/WebOffice_Home_page/Page_/a_Trade App Settings' is clicked on

2020-04-22 14:59:20 - [MESSAGE][PASSED] - Object: 'Object Repository/WebOffice_Home_page/Page_/a_Trade App Settings' is clicked on

2020-04-22 14:59:20 - [MESSAGE][PASSED] - Call Test Case 'Test Cases/Reusable_Test_Sequences/Web_Office/Navigation/Sub_Menu_Navigation/Settings/Checkatrade_Com/Trade_App_Settings' successfully

2020-04-22 14:59:20 - [TEST_STEP][PASSED] - "--------------------------------------": null

2020-04-22 14:59:20 - [TEST_STEP][PASSED] - " Verify Returned Page Detail          |": null

2020-04-22 14:59:20 - [TEST_STEP][PASSED] - callTestCase(findTestCase("Reusable_Test_Sequences/Web_Office/Verification/Settings/Checkatrade_Com/Trade_App_Settings"), [:], OPTIONAL): Unable to call Test Case 'Test Cases/Reusable_Test_Sequences/Web_Office/Verification/Settings/Checkatrade_Com/Trade_App_Settings' (Root cause: com.kms.katalon.core.exception.StepFailedException: Call Test Case 'Test Cases/Reusable_Test_Sequences/Web_Office/Verification/Settings/Checkatrade_Com/Trade_App_Settings' failed
	at com.kms.katalon.core.keyword.builtin.CallTestCaseKeyword$_callTestCase_closure1.doCall(CallTestCaseKeyword.groovy:63)
	at com.kms.katalon.core.keyword.builtin.CallTestCaseKeyword$_callTestCase_closure1.call(CallTestCaseKeyword.groovy)
	at com.kms.katalon.core.keyword.internal.KeywordMain.runKeyword(KeywordMain.groovy:68)
	at com.kms.katalon.core.keyword.builtin.CallTestCaseKeyword.callTestCase(CallTestCaseKeyword.groovy:81)
	at com.kms.katalon.core.keyword.builtin.CallTestCaseKeyword.execute(CallTestCaseKeyword.groovy:44)
	at com.kms.katalon.core.keyword.internal.KeywordExecutor.executeKeywordForPlatform(KeywordExecutor.groovy:72)
	at com.kms.katalon.core.keyword.BuiltinKeywords.callTestCase(BuiltinKeywords.groovy:334)
	at Trade_App_Settings.run(Trade_App_Settings:63)
	at com.kms.katalon.core.main.ScriptEngine.run(ScriptEngine.java:194)
	at com.kms.katalon.core.main.ScriptEngine.runScriptAsRawText(ScriptEngine.java:119)
	at com.kms.katalon.core.main.TestCaseExecutor.runScript(TestCaseExecutor.java:337)
	at com.kms.katalon.core.main.TestCaseExecutor.doExecute(TestCaseExecutor.java:328)
	at com.kms.katalon.core.main.TestCaseExecutor.processExecutionPhase(TestCaseExecutor.java:307)
	at com.kms.katalon.core.main.TestCaseExecutor.accessMainPhase(TestCaseExecutor.java:299)
	at com.kms.katalon.core.main.TestCaseExecutor.execute(TestCaseExecutor.java:233)
	at com.kms.katalon.core.main.TestSuiteExecutor.accessTestCaseMainPhase(TestSuiteExecutor.java:169)
	at com.kms.katalon.core.main.TestSuiteExecutor.accessTestSuiteMainPhase(TestSuiteExecutor.java:142)
	at com.kms.katalon.core.main.TestSuiteExecutor.execute(TestSuiteExecutor.java:91)
	at com.kms.katalon.core.main.TestCaseMain.startTestSuite(TestCaseMain.java:157)
	at com.kms.katalon.core.main.TestCaseMain$startTestSuite$0.call(Unknown Source)
	at TempTestSuite1587562267750.run(TempTestSuite1587562267750.groovy:37)
Caused by: com.kms.katalon.core.exception.StepFailedException: Text 'Start date range' is not present on page  (Root cause: com.kms.katalon.core.exception.StepFailedException: Text 'Start date range' is not present on page 
	at com.kms.katalon.core.webui.keyword.internal.WebUIKeywordMain.stepFailed(WebUIKeywordMain.groovy:64)
	at com.kms.katalon.core.webui.keyword.builtin.VerifyTextPresentKeyword$_verifyTextPresent_closure1.doCall(VerifyTextPresentKeyword.groovy:79)
	at com.kms.katalon.core.webui.keyword.builtin.VerifyTextPresentKeyword$_verifyTextPresent_closure1.call(VerifyTextPresentKeyword.groovy)
	at com.kms.katalon.core.webui.keyword.internal.WebUIKeywordMain.runKeyword(WebUIKeywordMain.groovy:20)
	at com.kms.katalon.core.webui.keyword.builtin.VerifyTextPresentKeyword.verifyTextPresent(VerifyTextPresentKeyword.groovy:83)
	at com.kms.katalon.core.webui.keyword.builtin.VerifyTextPresentKeyword.execute(VerifyTextPresentKeyword.groovy:68)
	at com.kms.katalon.core.keyword.internal.KeywordExecutor.executeKeywordForPlatform(KeywordExecutor.groovy:72)
	at com.kms.katalon.core.webui.keyword.WebUiBuiltInKeywords.verifyTextPresent(WebUiBuiltInKeywords.groovy:1719)
	at com.kms.katalon.core.webui.keyword.WebUiBuiltInKeywords$verifyTextPresent$2.call(Unknown Source)
	at Trade_App_Settings.run(Trade_App_Settings:64)
	at com.kms.katalon.core.main.ScriptEngine.run(ScriptEngine.java:194)
	at com.kms.katalon.core.main.ScriptEngine.runScriptAsRawText(ScriptEngine.java:119)
	at com.kms.katalon.core.main.TestCaseExecutor.runScript(TestCaseExecutor.java:337)
	at com.kms.katalon.core.main.TestCaseExecutor.doExecute(TestCaseExecutor.java:328)
	at com.kms.katalon.core.main.TestCaseExecutor.processExecutionPhase(TestCaseExecutor.java:307)
	at com.kms.katalon.core.main.TestCaseExecutor.accessMainPhase(TestCaseExecutor.java:299)
	at com.kms.katalon.core.main.TestCaseExecutor.execute(TestCaseExecutor.java:233)
	at com.kms.katalon.core.main.TestCaseMain.runTestCase(TestCaseMain.java:114)
	at com.kms.katalon.core.keyword.builtin.CallTestCaseKeyword$_callTestCase_closure1.doCall(CallTestCaseKeyword.groovy:59)
	at com.kms.katalon.core.keyword.builtin.CallTestCaseKeyword$_callTestCase_closure1.call(CallTestCaseKeyword.groovy)
	at com.kms.katalon.core.keyword.internal.KeywordMain.runKeyword(KeywordMain.groovy:68)
	at com.kms.katalon.core.keyword.builtin.CallTestCaseKeyword.callTestCase(CallTestCaseKeyword.groovy:81)
	at com.kms.katalon.core.keyword.builtin.CallTestCaseKeyword.execute(CallTestCaseKeyword.groovy:44)
	at com.kms.katalon.core.keyword.internal.KeywordExecutor.executeKeywordForPlatform(KeywordExecutor.groovy:72)
	at com.kms.katalon.core.keyword.BuiltinKeywords.callTestCase(BuiltinKeywords.groovy:334)
	at Trade_App_Settings.run(Trade_App_Settings:63)
	at com.kms.katalon.core.main.ScriptEngine.run(ScriptEngine.java:194)
	at com.kms.katalon.core.main.ScriptEngine.runScriptAsRawText(ScriptEngine.java:119)
	at com.kms.katalon.core.main.TestCaseExecutor.runScript(TestCaseExecutor.java:337)
	at com.kms.katalon.core.main.TestCaseExecutor.doExecute(TestCaseExecutor.java:328)
	at com.kms.katalon.core.main.TestCaseExecutor.processExecutionPhase(TestCaseExecutor.java:307)
	at com.kms.katalon.core.main.TestCaseExecutor.accessMainPhase(TestCaseExecutor.java:299)
	at com.kms.katalon.core.main.TestCaseExecutor.execute(TestCaseExecutor.java:233)
	at com.kms.katalon.core.main.TestSuiteExecutor.accessTestCaseMainPhase(TestSuiteExecutor.java:169)
	at com.kms.katalon.core.main.TestSuiteExecutor.accessTestSuiteMainPhase(TestSuiteExecutor.java:142)
	at com.kms.katalon.core.main.TestSuiteExecutor.execute(TestSuiteExecutor.java:91)
	at com.kms.katalon.core.main.TestCaseMain.startTestSuite(TestCaseMain.java:157)
	at com.kms.katalon.core.main.TestCaseMain$startTestSuite$0.call(Unknown Source)
	at TempTestSuite1587562267750.run(TempTestSuite1587562267750.groovy:37)
)
	at com.kms.katalon.core.keyword.internal.KeywordMain.stepFailed(KeywordMain.groovy:39)
	at com.kms.katalon.core.webui.keyword.internal.WebUIKeywordMain.stepFailed(WebUIKeywordMain.groovy:64)
	at com.kms.katalon.core.webui.keyword.builtin.VerifyTextPresentKeyword$_verifyTextPresent_closure1.doCall(VerifyTextPresentKeyword.groovy:79)
	at com.kms.katalon.core.webui.keyword.builtin.VerifyTextPresentKeyword$_verifyTextPresent_closure1.call(VerifyTextPresentKeyword.groovy)
	at com.kms.katalon.core.webui.keyword.internal.WebUIKeywordMain.runKeyword(WebUIKeywordMain.groovy:20)
	at com.kms.katalon.core.webui.keyword.builtin.VerifyTextPresentKeyword.verifyTextPresent(VerifyTextPresentKeyword.groovy:83)
	at com.kms.katalon.core.webui.keyword.builtin.VerifyTextPresentKeyword.execute(VerifyTextPresentKeyword.groovy:68)
	at com.kms.katalon.core.keyword.internal.KeywordExecutor.executeKeywordForPlatform(KeywordExecutor.groovy:72)
	at com.kms.katalon.core.webui.keyword.WebUiBuiltInKeywords.verifyTextPresent(WebUiBuiltInKeywords.groovy:1719)
	at com.kms.katalon.core.webui.keyword.WebUiBuiltInKeywords$verifyTextPresent$2.call(Unknown Source)
	at Trade_App_Settings.run(Trade_App_Settings:64)
	at com.kms.katalon.core.main.ScriptEngine.run(ScriptEngine.java:194)
	at com.kms.katalon.core.main.ScriptEngine.runScriptAsRawText(ScriptEngine.java:119)
	at com.kms.katalon.core.main.TestCaseExecutor.runScript(TestCaseExecutor.java:337)
	at com.kms.katalon.core.main.TestCaseExecutor.doExecute(TestCaseExecutor.java:328)
	at com.kms.katalon.core.main.TestCaseExecutor.processExecutionPhase(TestCaseExecutor.java:307)
	at com.kms.katalon.core.main.TestCaseExecutor.accessMainPhase(TestCaseExecutor.java:299)
	at com.kms.katalon.core.main.TestCaseExecutor.execute(TestCaseExecutor.java:233)
	at com.kms.katalon.core.main.TestCaseMain.runTestCase(TestCaseMain.java:114)
	at com.kms.katalon.core.keyword.builtin.CallTestCaseKeyword$_callTestCase_closure1.doCall(CallTestCaseKeyword.groovy:59)
	... 20 more
Caused by: com.kms.katalon.core.exception.StepFailedException: Text 'Start date range' is not present on page 
	... 39 more
)

2020-04-22 14:59:20 - [TEST_CASE][FAILED] - Test Cases/Reusable_Test_Sequences/Web_Office/Verification/Settings/Checkatrade_Com/Trade_App_Settings: Test Cases/Reusable_Test_Sequences/Web_Office/Verification/Settings/Checkatrade_Com/Trade_App_Settings FAILED.
Reason:
com.kms.katalon.core.exception.StepFailedException: Text 'Start date range' is not present on page  (Root cause: com.kms.katalon.core.exception.StepFailedException: Text 'Start date range' is not present on page 
	at com.kms.katalon.core.webui.keyword.internal.WebUIKeywordMain.stepFailed(WebUIKeywordMain.groovy:64)
	at com.kms.katalon.core.webui.keyword.builtin.VerifyTextPresentKeyword$_verifyTextPresent_closure1.doCall(VerifyTextPresentKeyword.groovy:79)
	at com.kms.katalon.core.webui.keyword.builtin.VerifyTextPresentKeyword$_verifyTextPresent_closure1.call(VerifyTextPresentKeyword.groovy)
	at com.kms.katalon.core.webui.keyword.internal.WebUIKeywordMain.runKeyword(WebUIKeywordMain.groovy:20)
	at com.kms.katalon.core.webui.keyword.builtin.VerifyTextPresentKeyword.verifyTextPresent(VerifyTextPresentKeyword.groovy:83)
	at com.kms.katalon.core.webui.keyword.builtin.VerifyTextPresentKeyword.execute(VerifyTextPresentKeyword.groovy:68)
	at com.kms.katalon.core.keyword.internal.KeywordExecutor.executeKeywordForPlatform(KeywordExecutor.groovy:72)
	at com.kms.katalon.core.webui.keyword.WebUiBuiltInKeywords.verifyTextPresent(WebUiBuiltInKeywords.groovy:1719)
	at com.kms.katalon.core.webui.keyword.WebUiBuiltInKeywords$verifyTextPresent$2.call(Unknown Source)
	at Trade_App_Settings.run(Trade_App_Settings:64)
	at com.kms.katalon.core.main.ScriptEngine.run(ScriptEngine.java:194)
	at com.kms.katalon.core.main.ScriptEngine.runScriptAsRawText(ScriptEngine.java:119)
	at com.kms.katalon.core.main.TestCaseExecutor.runScript(TestCaseExecutor.java:337)
	at com.kms.katalon.core.main.TestCaseExecutor.doExecute(TestCaseExecutor.java:328)
	at com.kms.katalon.core.main.TestCaseExecutor.processExecutionPhase(TestCaseExecutor.java:307)
	at com.kms.katalon.core.main.TestCaseExecutor.accessMainPhase(TestCaseExecutor.java:299)
	at com.kms.katalon.core.main.TestCaseExecutor.execute(TestCaseExecutor.java:233)
	at com.kms.katalon.core.main.TestCaseMain.runTestCase(TestCaseMain.java:114)
	at com.kms.katalon.core.keyword.builtin.CallTestCaseKeyword$_callTestCase_closure1.doCall(CallTestCaseKeyword.groovy:59)
	at com.kms.katalon.core.keyword.builtin.CallTestCaseKeyword$_callTestCase_closure1.call(CallTestCaseKeyword.groovy)
	at com.kms.katalon.core.keyword.internal.KeywordMain.runKeyword(KeywordMain.groovy:68)
	at com.kms.katalon.core.keyword.builtin.CallTestCaseKeyword.callTestCase(CallTestCaseKeyword.groovy:81)
	at com.kms.katalon.core.keyword.builtin.CallTestCaseKeyword.execute(CallTestCaseKeyword.groovy:44)
	at com.kms.katalon.core.keyword.internal.KeywordExecutor.executeKeywordForPlatform(KeywordExecutor.groovy:72)
	at com.kms.katalon.core.keyword.BuiltinKeywords.callTestCase(BuiltinKeywords.groovy:334)
	at Trade_App_Settings.run(Trade_App_Settings:63)
	at com.kms.katalon.core.main.ScriptEngine.run(ScriptEngine.java:194)
	at com.kms.katalon.core.main.ScriptEngine.runScriptAsRawText(ScriptEngine.java:119)
	at com.kms.katalon.core.main.TestCaseExecutor.runScript(TestCaseExecutor.java:337)
	at com.kms.katalon.core.main.TestCaseExecutor.doExecute(TestCaseExecutor.java:328)
	at com.kms.katalon.core.main.TestCaseExecutor.processExecutionPhase(TestCaseExecutor.java:307)
	at com.kms.katalon.core.main.TestCaseExecutor.accessMainPhase(TestCaseExecutor.java:299)
	at com.kms.katalon.core.main.TestCaseExecutor.execute(TestCaseExecutor.java:233)
	at com.kms.katalon.core.main.TestSuiteExecutor.accessTestCaseMainPhase(TestSuiteExecutor.java:169)
	at com.kms.katalon.core.main.TestSuiteExecutor.accessTestSuiteMainPhase(TestSuiteExecutor.java:142)
	at com.kms.katalon.core.main.TestSuiteExecutor.execute(TestSuiteExecutor.java:91)
	at com.kms.katalon.core.main.TestCaseMain.startTestSuite(TestCaseMain.java:157)
	at com.kms.katalon.core.main.TestCaseMain$startTestSuite$0.call(Unknown Source)
	at TempTestSuite1587562267750.run(TempTestSuite1587562267750.groovy:37)
)
	at com.kms.katalon.core.keyword.internal.KeywordMain.stepFailed(KeywordMain.groovy:39)
	at com.kms.katalon.core.webui.keyword.internal.WebUIKeywordMain.stepFailed(WebUIKeywordMain.groovy:64)
	at com.kms.katalon.core.webui.keyword.builtin.VerifyTextPresentKeyword$_verifyTextPresent_closure1.doCall(VerifyTextPresentKeyword.groovy:79)
	at com.kms.katalon.core.webui.keyword.builtin.VerifyTextPresentKeyword$_verifyTextPresent_closure1.call(VerifyTextPresentKeyword.groovy)
	at com.kms.katalon.core.webui.keyword.internal.WebUIKeywordMain.runKeyword(WebUIKeywordMain.groovy:20)
	at com.kms.katalon.core.webui.keyword.builtin.VerifyTextPresentKeyword.verifyTextPresent(VerifyTextPresentKeyword.groovy:83)
	at com.kms.katalon.core.webui.keyword.builtin.VerifyTextPresentKeyword.execute(VerifyTextPresentKeyword.groovy:68)
	at com.kms.katalon.core.keyword.internal.KeywordExecutor.executeKeywordForPlatform(KeywordExecutor.groovy:72)
	at com.kms.katalon.core.webui.keyword.WebUiBuiltInKeywords.verifyTextPresent(WebUiBuiltInKeywords.groovy:1719)
	at com.kms.katalon.core.webui.keyword.WebUiBuiltInKeywords$verifyTextPresent$2.call(Unknown Source)
	at Trade_App_Settings.run(Trade_App_Settings:64)
	at com.kms.katalon.core.main.ScriptEngine.run(ScriptEngine.java:194)
	at com.kms.katalon.core.main.ScriptEngine.runScriptAsRawText(ScriptEngine.java:119)
	at com.kms.katalon.core.main.TestCaseExecutor.runScript(TestCaseExecutor.java:337)
	at com.kms.katalon.core.main.TestCaseExecutor.doExecute(TestCaseExecutor.java:328)
	at com.kms.katalon.core.main.TestCaseExecutor.processExecutionPhase(TestCaseExecutor.java:307)
	at com.kms.katalon.core.main.TestCaseExecutor.accessMainPhase(TestCaseExecutor.java:299)
	at com.kms.katalon.core.main.TestCaseExecutor.execute(TestCaseExecutor.java:233)
	at com.kms.katalon.core.main.TestCaseMain.runTestCase(TestCaseMain.java:114)
	at com.kms.katalon.core.keyword.builtin.CallTestCaseKeyword$_callTestCase_closure1.doCall(CallTestCaseKeyword.groovy:59)
	at com.kms.katalon.core.keyword.builtin.CallTestCaseKeyword$_callTestCase_closure1.call(CallTestCaseKeyword.groovy)
	at com.kms.katalon.core.keyword.internal.KeywordMain.runKeyword(KeywordMain.groovy:68)
	at com.kms.katalon.core.keyword.builtin.CallTestCaseKeyword.callTestCase(CallTestCaseKeyword.groovy:81)
	at com.kms.katalon.core.keyword.builtin.CallTestCaseKeyword.execute(CallTestCaseKeyword.groovy:44)
	at com.kms.katalon.core.keyword.internal.KeywordExecutor.executeKeywordForPlatform(KeywordExecutor.groovy:72)
	at com.kms.katalon.core.keyword.BuiltinKeywords.callTestCase(BuiltinKeywords.groovy:334)
	at Trade_App_Settings.run(Trade_App_Settings:63)
	at com.kms.katalon.core.main.ScriptEngine.run(ScriptEngine.java:194)
	at com.kms.katalon.core.main.ScriptEngine.runScriptAsRawText(ScriptEngine.java:119)
	at com.kms.katalon.core.main.TestCaseExecutor.runScript(TestCaseExecutor.java:337)
	at com.kms.katalon.core.main.TestCaseExecutor.doExecute(TestCaseExecutor.java:328)
	at com.kms.katalon.core.main.TestCaseExecutor.processExecutionPhase(TestCaseExecutor.java:307)
	at com.kms.katalon.core.main.TestCaseExecutor.accessMainPhase(TestCaseExecutor.java:299)
	at com.kms.katalon.core.main.TestCaseExecutor.execute(TestCaseExecutor.java:233)
	at com.kms.katalon.core.main.TestSuiteExecutor.accessTestCaseMainPhase(TestSuiteExecutor.java:169)
	at com.kms.katalon.core.main.TestSuiteExecutor.accessTestSuiteMainPhase(TestSuiteExecutor.java:142)
	at com.kms.katalon.core.main.TestSuiteExecutor.execute(TestSuiteExecutor.java:91)
	at com.kms.katalon.core.main.TestCaseMain.startTestSuite(TestCaseMain.java:157)
	at com.kms.katalon.core.main.TestCaseMain$startTestSuite$0.call(Unknown Source)
	at TempTestSuite1587562267750.run(TempTestSuite1587562267750.groovy:37)
Caused by: com.kms.katalon.core.exception.StepFailedException: Text 'Start date range' is not present on page 
	... 39 more


2020-04-22 14:59:20 - [TEST_STEP][PASSED] - waitForPageLoad(60): Wait for page load successfully

2020-04-22 14:59:20 - [MESSAGE][PASSED] - Wait for page load successfully

2020-04-22 14:59:20 - [TEST_STEP][PASSED] - delay(1): Delayed 1 second(s)

2020-04-22 14:59:21 - [MESSAGE][PASSED] - Delayed 1 second(s)

2020-04-22 14:59:21 - [TEST_STEP][PASSED] - verifyTextPresent("System Settings", false): Text 'System Settings' is present on page 

2020-04-22 14:59:22 - [MESSAGE][PASSED] - Text 'System Settings' is present on page 

2020-04-22 14:59:22 - [TEST_STEP][PASSED] - "----------------------------------------------": null

2020-04-22 14:59:22 - [TEST_STEP][PASSED] - verifyTextPresent("Status", false): Text 'Status' is present on page 

2020-04-22 14:59:22 - [MESSAGE][PASSED] - Text 'Status' is present on page 

2020-04-22 14:59:22 - [TEST_STEP][PASSED] - verifyTextPresent("JSON Settings", false): Text 'JSON Settings' is present on page 

2020-04-22 14:59:23 - [MESSAGE][PASSED] - Text 'JSON Settings' is present on page 

2020-04-22 14:59:23 - [TEST_STEP][PASSED] - verifyTextPresent("Stopped", false): Text 'Stopped' is present on page 

2020-04-22 14:59:23 - [MESSAGE][PASSED] - Text 'Stopped' is present on page 

2020-04-22 14:59:23 - [TEST_STEP][FAILED] - verifyTextPresent("Start date range", false): Text 'Start date range' is not present on page  (Root cause: com.kms.katalon.core.exception.StepFailedException: Text 'Start date range' is not present on page 
	at com.kms.katalon.core.webui.keyword.internal.WebUIKeywordMain.stepFailed(WebUIKeywordMain.groovy:64)
	at com.kms.katalon.core.webui.keyword.builtin.VerifyTextPresentKeyword$_verifyTextPresent_closure1.doCall(VerifyTextPresentKeyword.groovy:79)
	at com.kms.katalon.core.webui.keyword.builtin.VerifyTextPresentKeyword$_verifyTextPresent_closure1.call(VerifyTextPresentKeyword.groovy)
	at com.kms.katalon.core.webui.keyword.internal.WebUIKeywordMain.runKeyword(WebUIKeywordMain.groovy:20)
	at com.kms.katalon.core.webui.keyword.builtin.VerifyTextPresentKeyword.verifyTextPresent(VerifyTextPresentKeyword.groovy:83)
	at com.kms.katalon.core.webui.keyword.builtin.VerifyTextPresentKeyword.execute(VerifyTextPresentKeyword.groovy:68)
	at com.kms.katalon.core.keyword.internal.KeywordExecutor.executeKeywordForPlatform(KeywordExecutor.groovy:72)
	at com.kms.katalon.core.webui.keyword.WebUiBuiltInKeywords.verifyTextPresent(WebUiBuiltInKeywords.groovy:1719)
	at com.kms.katalon.core.webui.keyword.WebUiBuiltInKeywords$verifyTextPresent$2.call(Unknown Source)
	at Trade_App_Settings.run(Trade_App_Settings:64)
	at com.kms.katalon.core.main.ScriptEngine.run(ScriptEngine.java:194)
	at com.kms.katalon.core.main.ScriptEngine.runScriptAsRawText(ScriptEngine.java:119)
	at com.kms.katalon.core.main.TestCaseExecutor.runScript(TestCaseExecutor.java:337)
	at com.kms.katalon.core.main.TestCaseExecutor.doExecute(TestCaseExecutor.java:328)
	at com.kms.katalon.core.main.TestCaseExecutor.processExecutionPhase(TestCaseExecutor.java:307)
	at com.kms.katalon.core.main.TestCaseExecutor.accessMainPhase(TestCaseExecutor.java:299)
	at com.kms.katalon.core.main.TestCaseExecutor.execute(TestCaseExecutor.java:233)
	at com.kms.katalon.core.main.TestCaseMain.runTestCase(TestCaseMain.java:114)
	at com.kms.katalon.core.keyword.builtin.CallTestCaseKeyword$_callTestCase_closure1.doCall(CallTestCaseKeyword.groovy:59)
	at com.kms.katalon.core.keyword.builtin.CallTestCaseKeyword$_callTestCase_closure1.call(CallTestCaseKeyword.groovy)
	at com.kms.katalon.core.keyword.internal.KeywordMain.runKeyword(KeywordMain.groovy:68)
	at com.kms.katalon.core.keyword.builtin.CallTestCaseKeyword.callTestCase(CallTestCaseKeyword.groovy:81)
	at com.kms.katalon.core.keyword.builtin.CallTestCaseKeyword.execute(CallTestCaseKeyword.groovy:44)
	at com.kms.katalon.core.keyword.internal.KeywordExecutor.executeKeywordForPlatform(KeywordExecutor.groovy:72)
	at com.kms.katalon.core.keyword.BuiltinKeywords.callTestCase(BuiltinKeywords.groovy:334)
	at Trade_App_Settings.run(Trade_App_Settings:63)
	at com.kms.katalon.core.main.ScriptEngine.run(ScriptEngine.java:194)
	at com.kms.katalon.core.main.ScriptEngine.runScriptAsRawText(ScriptEngine.java:119)
	at com.kms.katalon.core.main.TestCaseExecutor.runScript(TestCaseExecutor.java:337)
	at com.kms.katalon.core.main.TestCaseExecutor.doExecute(TestCaseExecutor.java:328)
	at com.kms.katalon.core.main.TestCaseExecutor.processExecutionPhase(TestCaseExecutor.java:307)
	at com.kms.katalon.core.main.TestCaseExecutor.accessMainPhase(TestCaseExecutor.java:299)
	at com.kms.katalon.core.main.TestCaseExecutor.execute(TestCaseExecutor.java:233)
	at com.kms.katalon.core.main.TestSuiteExecutor.accessTestCaseMainPhase(TestSuiteExecutor.java:169)
	at com.kms.katalon.core.main.TestSuiteExecutor.accessTestSuiteMainPhase(TestSuiteExecutor.java:142)
	at com.kms.katalon.core.main.TestSuiteExecutor.execute(TestSuiteExecutor.java:91)
	at com.kms.katalon.core.main.TestCaseMain.startTestSuite(TestCaseMain.java:157)
	at com.kms.katalon.core.main.TestCaseMain$startTestSuite$0.call(Unknown Source)
	at TempTestSuite1587562267750.run(TempTestSuite1587562267750.groovy:37)
)

2020-04-22 14:59:24 - [MESSAGE][FAILED] - Text 'Start date range' is not present on page  (Root cause: com.kms.katalon.core.exception.StepFailedException: Text 'Start date range' is not present on page 
	at com.kms.katalon.core.webui.keyword.internal.WebUIKeywordMain.stepFailed(WebUIKeywordMain.groovy:64)
	at com.kms.katalon.core.webui.keyword.builtin.VerifyTextPresentKeyword$_verifyTextPresent_closure1.doCall(VerifyTextPresentKeyword.groovy:79)
	at com.kms.katalon.core.webui.keyword.builtin.VerifyTextPresentKeyword$_verifyTextPresent_closure1.call(VerifyTextPresentKeyword.groovy)
	at com.kms.katalon.core.webui.keyword.internal.WebUIKeywordMain.runKeyword(WebUIKeywordMain.groovy:20)
	at com.kms.katalon.core.webui.keyword.builtin.VerifyTextPresentKeyword.verifyTextPresent(VerifyTextPresentKeyword.groovy:83)
	at com.kms.katalon.core.webui.keyword.builtin.VerifyTextPresentKeyword.execute(VerifyTextPresentKeyword.groovy:68)
	at com.kms.katalon.core.keyword.internal.KeywordExecutor.executeKeywordForPlatform(KeywordExecutor.groovy:72)
	at com.kms.katalon.core.webui.keyword.WebUiBuiltInKeywords.verifyTextPresent(WebUiBuiltInKeywords.groovy:1719)
	at com.kms.katalon.core.webui.keyword.WebUiBuiltInKeywords$verifyTextPresent$2.call(Unknown Source)
	at Trade_App_Settings.run(Trade_App_Settings:64)
	at com.kms.katalon.core.main.ScriptEngine.run(ScriptEngine.java:194)
	at com.kms.katalon.core.main.ScriptEngine.runScriptAsRawText(ScriptEngine.java:119)
	at com.kms.katalon.core.main.TestCaseExecutor.runScript(TestCaseExecutor.java:337)
	at com.kms.katalon.core.main.TestCaseExecutor.doExecute(TestCaseExecutor.java:328)
	at com.kms.katalon.core.main.TestCaseExecutor.processExecutionPhase(TestCaseExecutor.java:307)
	at com.kms.katalon.core.main.TestCaseExecutor.accessMainPhase(TestCaseExecutor.java:299)
	at com.kms.katalon.core.main.TestCaseExecutor.execute(TestCaseExecutor.java:233)
	at com.kms.katalon.core.main.TestCaseMain.runTestCase(TestCaseMain.java:114)
	at com.kms.katalon.core.keyword.builtin.CallTestCaseKeyword$_callTestCase_closure1.doCall(CallTestCaseKeyword.groovy:59)
	at com.kms.katalon.core.keyword.builtin.CallTestCaseKeyword$_callTestCase_closure1.call(CallTestCaseKeyword.groovy)
	at com.kms.katalon.core.keyword.internal.KeywordMain.runKeyword(KeywordMain.groovy:68)
	at com.kms.katalon.core.keyword.builtin.CallTestCaseKeyword.callTestCase(CallTestCaseKeyword.groovy:81)
	at com.kms.katalon.core.keyword.builtin.CallTestCaseKeyword.execute(CallTestCaseKeyword.groovy:44)
	at com.kms.katalon.core.keyword.internal.KeywordExecutor.executeKeywordForPlatform(KeywordExecutor.groovy:72)
	at com.kms.katalon.core.keyword.BuiltinKeywords.callTestCase(BuiltinKeywords.groovy:334)
	at Trade_App_Settings.run(Trade_App_Settings:63)
	at com.kms.katalon.core.main.ScriptEngine.run(ScriptEngine.java:194)
	at com.kms.katalon.core.main.ScriptEngine.runScriptAsRawText(ScriptEngine.java:119)
	at com.kms.katalon.core.main.TestCaseExecutor.runScript(TestCaseExecutor.java:337)
	at com.kms.katalon.core.main.TestCaseExecutor.doExecute(TestCaseExecutor.java:328)
	at com.kms.katalon.core.main.TestCaseExecutor.processExecutionPhase(TestCaseExecutor.java:307)
	at com.kms.katalon.core.main.TestCaseExecutor.accessMainPhase(TestCaseExecutor.java:299)
	at com.kms.katalon.core.main.TestCaseExecutor.execute(TestCaseExecutor.java:233)
	at com.kms.katalon.core.main.TestSuiteExecutor.accessTestCaseMainPhase(TestSuiteExecutor.java:169)
	at com.kms.katalon.core.main.TestSuiteExecutor.accessTestSuiteMainPhase(TestSuiteExecutor.java:142)
	at com.kms.katalon.core.main.TestSuiteExecutor.execute(TestSuiteExecutor.java:91)
	at com.kms.katalon.core.main.TestCaseMain.startTestSuite(TestCaseMain.java:157)
	at com.kms.katalon.core.main.TestCaseMain$startTestSuite$0.call(Unknown Source)
	at TempTestSuite1587562267750.run(TempTestSuite1587562267750.groovy:37)
)

2020-04-22 14:59:24 - [TEST_STEP][PASSED] - verifyTextPresent("Show Community Page", false): Text 'Show Community Page' is present on page 

2020-04-22 14:59:24 - [MESSAGE][PASSED] - Text 'Show Community Page' is present on page 

2020-04-22 14:59:24 - [MESSAGE][WARNING] - Unable to call Test Case 'Test Cases/Reusable_Test_Sequences/Web_Office/Verification/Settings/Checkatrade_Com/Trade_App_Settings' (Root cause: com.kms.katalon.core.exception.StepFailedException: Call Test Case 'Test Cases/Reusable_Test_Sequences/Web_Office/Verification/Settings/Checkatrade_Com/Trade_App_Settings' failed
	at com.kms.katalon.core.keyword.builtin.CallTestCaseKeyword$_callTestCase_closure1.doCall(CallTestCaseKeyword.groovy:63)
	at com.kms.katalon.core.keyword.builtin.CallTestCaseKeyword$_callTestCase_closure1.call(CallTestCaseKeyword.groovy)
	at com.kms.katalon.core.keyword.internal.KeywordMain.runKeyword(KeywordMain.groovy:68)
	at com.kms.katalon.core.keyword.builtin.CallTestCaseKeyword.callTestCase(CallTestCaseKeyword.groovy:81)
	at com.kms.katalon.core.keyword.builtin.CallTestCaseKeyword.execute(CallTestCaseKeyword.groovy:44)
	at com.kms.katalon.core.keyword.internal.KeywordExecutor.executeKeywordForPlatform(KeywordExecutor.groovy:72)
	at com.kms.katalon.core.keyword.BuiltinKeywords.callTestCase(BuiltinKeywords.groovy:334)
	at Trade_App_Settings.run(Trade_App_Settings:63)
	at com.kms.katalon.core.main.ScriptEngine.run(ScriptEngine.java:194)
	at com.kms.katalon.core.main.ScriptEngine.runScriptAsRawText(ScriptEngine.java:119)
	at com.kms.katalon.core.main.TestCaseExecutor.runScript(TestCaseExecutor.java:337)
	at com.kms.katalon.core.main.TestCaseExecutor.doExecute(TestCaseExecutor.java:328)
	at com.kms.katalon.core.main.TestCaseExecutor.processExecutionPhase(TestCaseExecutor.java:307)
	at com.kms.katalon.core.main.TestCaseExecutor.accessMainPhase(TestCaseExecutor.java:299)
	at com.kms.katalon.core.main.TestCaseExecutor.execute(TestCaseExecutor.java:233)
	at com.kms.katalon.core.main.TestSuiteExecutor.accessTestCaseMainPhase(TestSuiteExecutor.java:169)
	at com.kms.katalon.core.main.TestSuiteExecutor.accessTestSuiteMainPhase(TestSuiteExecutor.java:142)
	at com.kms.katalon.core.main.TestSuiteExecutor.execute(TestSuiteExecutor.java:91)
	at com.kms.katalon.core.main.TestCaseMain.startTestSuite(TestCaseMain.java:157)
	at com.kms.katalon.core.main.TestCaseMain$startTestSuite$0.call(Unknown Source)
	at TempTestSuite1587562267750.run(TempTestSuite1587562267750.groovy:37)
Caused by: com.kms.katalon.core.exception.StepFailedException: Text 'Start date range' is not present on page  (Root cause: com.kms.katalon.core.exception.StepFailedException: Text 'Start date range' is not present on page 
	at com.kms.katalon.core.webui.keyword.internal.WebUIKeywordMain.stepFailed(WebUIKeywordMain.groovy:64)
	at com.kms.katalon.core.webui.keyword.builtin.VerifyTextPresentKeyword$_verifyTextPresent_closure1.doCall(VerifyTextPresentKeyword.groovy:79)
	at com.kms.katalon.core.webui.keyword.builtin.VerifyTextPresentKeyword$_verifyTextPresent_closure1.call(VerifyTextPresentKeyword.groovy)
	at com.kms.katalon.core.webui.keyword.internal.WebUIKeywordMain.runKeyword(WebUIKeywordMain.groovy:20)
	at com.kms.katalon.core.webui.keyword.builtin.VerifyTextPresentKeyword.verifyTextPresent(VerifyTextPresentKeyword.groovy:83)
	at com.kms.katalon.core.webui.keyword.builtin.VerifyTextPresentKeyword.execute(VerifyTextPresentKeyword.groovy:68)
	at com.kms.katalon.core.keyword.internal.KeywordExecutor.executeKeywordForPlatform(KeywordExecutor.groovy:72)
	at com.kms.katalon.core.webui.keyword.WebUiBuiltInKeywords.verifyTextPresent(WebUiBuiltInKeywords.groovy:1719)
	at com.kms.katalon.core.webui.keyword.WebUiBuiltInKeywords$verifyTextPresent$2.call(Unknown Source)
	at Trade_App_Settings.run(Trade_App_Settings:64)
	at com.kms.katalon.core.main.ScriptEngine.run(ScriptEngine.java:194)
	at com.kms.katalon.core.main.ScriptEngine.runScriptAsRawText(ScriptEngine.java:119)
	at com.kms.katalon.core.main.TestCaseExecutor.runScript(TestCaseExecutor.java:337)
	at com.kms.katalon.core.main.TestCaseExecutor.doExecute(TestCaseExecutor.java:328)
	at com.kms.katalon.core.main.TestCaseExecutor.processExecutionPhase(TestCaseExecutor.java:307)
	at com.kms.katalon.core.main.TestCaseExecutor.accessMainPhase(TestCaseExecutor.java:299)
	at com.kms.katalon.core.main.TestCaseExecutor.execute(TestCaseExecutor.java:233)
	at com.kms.katalon.core.main.TestCaseMain.runTestCase(TestCaseMain.java:114)
	at com.kms.katalon.core.keyword.builtin.CallTestCaseKeyword$_callTestCase_closure1.doCall(CallTestCaseKeyword.groovy:59)
	at com.kms.katalon.core.keyword.builtin.CallTestCaseKeyword$_callTestCase_closure1.call(CallTestCaseKeyword.groovy)
	at com.kms.katalon.core.keyword.internal.KeywordMain.runKeyword(KeywordMain.groovy:68)
	at com.kms.katalon.core.keyword.builtin.CallTestCaseKeyword.callTestCase(CallTestCaseKeyword.groovy:81)
	at com.kms.katalon.core.keyword.builtin.CallTestCaseKeyword.execute(CallTestCaseKeyword.groovy:44)
	at com.kms.katalon.core.keyword.internal.KeywordExecutor.executeKeywordForPlatform(KeywordExecutor.groovy:72)
	at com.kms.katalon.core.keyword.BuiltinKeywords.callTestCase(BuiltinKeywords.groovy:334)
	at Trade_App_Settings.run(Trade_App_Settings:63)
	at com.kms.katalon.core.main.ScriptEngine.run(ScriptEngine.java:194)
	at com.kms.katalon.core.main.ScriptEngine.runScriptAsRawText(ScriptEngine.java:119)
	at com.kms.katalon.core.main.TestCaseExecutor.runScript(TestCaseExecutor.java:337)
	at com.kms.katalon.core.main.TestCaseExecutor.doExecute(TestCaseExecutor.java:328)
	at com.kms.katalon.core.main.TestCaseExecutor.processExecutionPhase(TestCaseExecutor.java:307)
	at com.kms.katalon.core.main.TestCaseExecutor.accessMainPhase(TestCaseExecutor.java:299)
	at com.kms.katalon.core.main.TestCaseExecutor.execute(TestCaseExecutor.java:233)
	at com.kms.katalon.core.main.TestSuiteExecutor.accessTestCaseMainPhase(TestSuiteExecutor.java:169)
	at com.kms.katalon.core.main.TestSuiteExecutor.accessTestSuiteMainPhase(TestSuiteExecutor.java:142)
	at com.kms.katalon.core.main.TestSuiteExecutor.execute(TestSuiteExecutor.java:91)
	at com.kms.katalon.core.main.TestCaseMain.startTestSuite(TestCaseMain.java:157)
	at com.kms.katalon.core.main.TestCaseMain$startTestSuite$0.call(Unknown Source)
	at TempTestSuite1587562267750.run(TempTestSuite1587562267750.groovy:37)
)
	at com.kms.katalon.core.keyword.internal.KeywordMain.stepFailed(KeywordMain.groovy:39)
	at com.kms.katalon.core.webui.keyword.internal.WebUIKeywordMain.stepFailed(WebUIKeywordMain.groovy:64)
	at com.kms.katalon.core.webui.keyword.builtin.VerifyTextPresentKeyword$_verifyTextPresent_closure1.doCall(VerifyTextPresentKeyword.groovy:79)
	at com.kms.katalon.core.webui.keyword.builtin.VerifyTextPresentKeyword$_verifyTextPresent_closure1.call(VerifyTextPresentKeyword.groovy)
	at com.kms.katalon.core.webui.keyword.internal.WebUIKeywordMain.runKeyword(WebUIKeywordMain.groovy:20)
	at com.kms.katalon.core.webui.keyword.builtin.VerifyTextPresentKeyword.verifyTextPresent(VerifyTextPresentKeyword.groovy:83)
	at com.kms.katalon.core.webui.keyword.builtin.VerifyTextPresentKeyword.execute(VerifyTextPresentKeyword.groovy:68)
	at com.kms.katalon.core.keyword.internal.KeywordExecutor.executeKeywordForPlatform(KeywordExecutor.groovy:72)
	at com.kms.katalon.core.webui.keyword.WebUiBuiltInKeywords.verifyTextPresent(WebUiBuiltInKeywords.groovy:1719)
	at com.kms.katalon.core.webui.keyword.WebUiBuiltInKeywords$verifyTextPresent$2.call(Unknown Source)
	at Trade_App_Settings.run(Trade_App_Settings:64)
	at com.kms.katalon.core.main.ScriptEngine.run(ScriptEngine.java:194)
	at com.kms.katalon.core.main.ScriptEngine.runScriptAsRawText(ScriptEngine.java:119)
	at com.kms.katalon.core.main.TestCaseExecutor.runScript(TestCaseExecutor.java:337)
	at com.kms.katalon.core.main.TestCaseExecutor.doExecute(TestCaseExecutor.java:328)
	at com.kms.katalon.core.main.TestCaseExecutor.processExecutionPhase(TestCaseExecutor.java:307)
	at com.kms.katalon.core.main.TestCaseExecutor.accessMainPhase(TestCaseExecutor.java:299)
	at com.kms.katalon.core.main.TestCaseExecutor.execute(TestCaseExecutor.java:233)
	at com.kms.katalon.core.main.TestCaseMain.runTestCase(TestCaseMain.java:114)
	at com.kms.katalon.core.keyword.builtin.CallTestCaseKeyword$_callTestCase_closure1.doCall(CallTestCaseKeyword.groovy:59)
	... 20 more
Caused by: com.kms.katalon.core.exception.StepFailedException: Text 'Start date range' is not present on page 
	... 39 more
)

2020-04-22 14:59:24 - [TEST_STEP][PASSED] - "--------------------------": null

2020-04-22 14:59:24 - [TEST_STEP][PASSED] - " Teardown - CLose Browser |": null

2020-04-22 14:59:24 - [TEST_STEP][PASSED] - callTestCase(findTestCase("Reusable_Test_Sequences/CAT_Teardown"), [:], OPTIONAL): Call Test Case 'Test Cases/Reusable_Test_Sequences/CAT_Teardown' successfully

2020-04-22 14:59:24 - [TEST_CASE][PASSED] - Test Cases/Reusable_Test_Sequences/CAT_Teardown: Test Cases/Reusable_Test_Sequences/CAT_Teardown

2020-04-22 14:59:24 - [TEST_STEP][PASSED] - closeBrowser(): Browser is closed

2020-04-22 14:59:30 - [MESSAGE][PASSED] - Browser is closed

2020-04-22 14:59:30 - [TEST_STEP][PASSED] - super.finalize(): null

2020-04-22 14:59:30 - [TEST_STEP][PASSED] - System.gc(): null

2020-04-22 14:59:30 - [MESSAGE][PASSED] - Call Test Case 'Test Cases/Reusable_Test_Sequences/CAT_Teardown' successfully]]></system-out>
         <system-err><![CDATA[]]></system-err>
      </testcase>
      <testcase name="Test Cases/Web_Office/Settings/Checkatrade_Com/Company_Heroes" time="32.284" classname="Test Cases/Web_Office/Settings/Checkatrade_Com/Company_Heroes" status="PASSED">
         <system-out><![CDATA[2020-04-22 14:59:30 - [TEST_CASE][PASSED] - Test Cases/Web_Office/Settings/Checkatrade_Com/Company_Heroes: Test Cases/Web_Office/Settings/Checkatrade_Com/Company_Heroes

2020-04-22 14:59:31 - [TEST_STEP][PASSED] - "--------------------------------------": null

2020-04-22 14:59:31 - [TEST_STEP][PASSED] - " Web Office StartUp                  |": null

2020-04-22 14:59:31 - [TEST_STEP][PASSED] - callTestCase(findTestCase("Reusable_Test_Sequences/Web_Office/Directives/WebOffice_StartUp"), [:], STOP_ON_FAILURE): Call Test Case 'Test Cases/Reusable_Test_Sequences/Web_Office/Directives/WebOffice_StartUp' successfully

2020-04-22 14:59:31 - [TEST_CASE][PASSED] - Test Cases/Reusable_Test_Sequences/Web_Office/Directives/WebOffice_StartUp: Test Cases/Reusable_Test_Sequences/Web_Office/Directives/WebOffice_StartUp

2020-04-22 14:59:31 - [TEST_STEP][PASSED] - "-----------------------------------------------------------------------------": null

2020-04-22 14:59:31 - [TEST_STEP][PASSED] - if (URL == "https://www.dev.checkatrade.com/"): null

2020-04-22 14:59:31 - [TEST_STEP][PASSED] - "-----------------------------------------------------------------------------": null

2020-04-22 14:59:31 - [TEST_STEP][PASSED] - if (URL == "https://www.checkatrade.com/"): null

2020-04-22 14:59:31 - [TEST_STEP][PASSED] - "-----------------------------------------------------------------------------": null

2020-04-22 14:59:31 - [TEST_STEP][PASSED] - if (URL == "https://www.preview.checkatrade.com/"): null

2020-04-22 14:59:31 - [TEST_STEP][PASSED] - WebOfficeURL = "https://admin.preview.checkatrade.com/": null

2020-04-22 14:59:31 - [TEST_STEP][PASSED] - if (URL == "https://www.dev2.checkatrade.com/"): null

2020-04-22 14:59:31 - [TEST_STEP][PASSED] - "Set Function Area for "URL_Handler", URL Resolution": null

2020-04-22 14:59:31 - [TEST_STEP][PASSED] - "Do Some Magic with URL(s) See the comments within URL Handler ": null

2020-04-22 14:59:31 - [TEST_STEP][PASSED] - "------------------------------------------------": null

2020-04-22 14:59:31 - [TEST_STEP][PASSED] - "Moved Login Credentials to <Default> profile 22/01/2020": null

2020-04-22 14:59:31 - [TEST_STEP][PASSED] - "------------------------------------------------": null

2020-04-22 14:59:31 - [TEST_STEP][PASSED] - "WebOfficeURL - Set from the ENVIRONMENT PROFILE ": null

2020-04-22 14:59:31 - [TEST_STEP][PASSED] - "OPEN BROWSER": null

2020-04-22 14:59:31 - [TEST_STEP][PASSED] - "eg - https://admin.preview.checkatrade.com/  ": null

2020-04-22 14:59:31 - [TEST_STEP][PASSED] - openBrowser(WebOfficeURL): Browser is opened with url: 'https://admin.preview.checkatrade.com/'

2020-04-22 14:59:31 - [MESSAGE][INFO] - Starting 'Chrome' driver

2020-04-22 14:59:31 - [MESSAGE][INFO] - Action delay is set to 0 milliseconds

2020-04-22 14:59:40 - [MESSAGE][PASSED] - Browser is opened with url: 'https://admin.preview.checkatrade.com/'

2020-04-22 14:59:40 - [TEST_STEP][PASSED] - maximizeWindow(): Current window maximized

2020-04-22 14:59:42 - [MESSAGE][PASSED] - Current window maximized

2020-04-22 14:59:42 - [TEST_STEP][PASSED] - waitForElementClickable(findTestObject("Object Repository/WebOffice/Page_Checkatrade - Administration - Login/Login_Button"), 25): Object 'Object Repository/WebOffice/Page_Checkatrade - Administration - Login/Login_Button' is clickable

2020-04-22 14:59:42 - [MESSAGE][PASSED] - Object 'Object Repository/WebOffice/Page_Checkatrade - Administration - Login/Login_Button' is clickable

2020-04-22 14:59:42 - [TEST_STEP][PASSED] - verifyTextPresent("Checkatrade Web Office", false): Text 'Checkatrade Web Office' is present on page 

2020-04-22 14:59:42 - [MESSAGE][PASSED] - Text 'Checkatrade Web Office' is present on page 

2020-04-22 14:59:42 - [TEST_STEP][PASSED] - verifyTextPresent("Access for staff use only", false): Text 'Access for staff use only' is present on page 

2020-04-22 14:59:42 - [MESSAGE][PASSED] - Text 'Access for staff use only' is present on page 

2020-04-22 14:59:42 - [TEST_STEP][PASSED] - verifyTextPresent("Forgotten password?", false): Text 'Forgotten password?' is present on page 

2020-04-22 14:59:43 - [MESSAGE][PASSED] - Text 'Forgotten password?' is present on page 

2020-04-22 14:59:43 - [TEST_STEP][PASSED] - setText(findTestObject("Object Repository/WebOffice/Page_Checkatrade - Administration - Login/input_Username_LoginControlUserName"), wo_Username): Text 'DavidHo' is set on object 'Object Repository/WebOffice/Page_Checkatrade - Administration - Login/input_Username_LoginControlUserName'

2020-04-22 14:59:45 - [MESSAGE][PASSED] - Text 'DavidHo' is set on object 'Object Repository/WebOffice/Page_Checkatrade - Administration - Login/input_Username_LoginControlUserName'

2020-04-22 14:59:45 - [TEST_STEP][PASSED] - setText(findTestObject("Object Repository/WebOffice/Page_Checkatrade - Administration - Login/input_Password_LoginControlPassword"), wo_Password): Text 'Check123' is set on object 'Object Repository/WebOffice/Page_Checkatrade - Administration - Login/input_Password_LoginControlPassword'

2020-04-22 14:59:45 - [MESSAGE][PASSED] - Text 'Check123' is set on object 'Object Repository/WebOffice/Page_Checkatrade - Administration - Login/input_Password_LoginControlPassword'

2020-04-22 14:59:45 - [TEST_STEP][PASSED] - click(findTestObject("Object Repository/WebOffice/Page_Checkatrade - Administration - Login/Login_Button")): Object: 'Object Repository/WebOffice/Page_Checkatrade - Administration - Login/Login_Button' is clicked on

2020-04-22 14:59:47 - [MESSAGE][PASSED] - Object: 'Object Repository/WebOffice/Page_Checkatrade - Administration - Login/Login_Button' is clicked on

2020-04-22 14:59:47 - [TEST_STEP][PASSED] - waitForPageLoad(60): Wait for page load successfully

2020-04-22 14:59:47 - [MESSAGE][PASSED] - Wait for page load successfully

2020-04-22 14:59:47 - [TEST_STEP][PASSED] - verifyTextPresent("Welcome " + wo_Username, false): Text 'Welcome DavidHo' is present on page 

2020-04-22 14:59:48 - [MESSAGE][PASSED] - Text 'Welcome DavidHo' is present on page 

2020-04-22 14:59:48 - [MESSAGE][PASSED] - Call Test Case 'Test Cases/Reusable_Test_Sequences/Web_Office/Directives/WebOffice_StartUp' successfully

2020-04-22 14:59:48 - [TEST_STEP][PASSED] - "-----------------------------------------------------------------": null

2020-04-22 14:59:48 - [TEST_STEP][PASSED] - " Navigate to <Settings->Checkatrade.Com->Sub Item> Menu Item     |": null

2020-04-22 14:59:48 - [TEST_STEP][PASSED] - callTestCase(findTestCase("Reusable_Test_Sequences/Web_Office/Navigation/Sub_Menu_Navigation/Settings/Checkatrade_Com/Company_Heroes"), [:], STOP_ON_FAILURE): Call Test Case 'Test Cases/Reusable_Test_Sequences/Web_Office/Navigation/Sub_Menu_Navigation/Settings/Checkatrade_Com/Company_Heroes' successfully

2020-04-22 14:59:48 - [TEST_CASE][PASSED] - Test Cases/Reusable_Test_Sequences/Web_Office/Navigation/Sub_Menu_Navigation/Settings/Checkatrade_Com/Company_Heroes: Test Cases/Reusable_Test_Sequences/Web_Office/Navigation/Sub_Menu_Navigation/Settings/Checkatrade_Com/Company_Heroes

2020-04-22 14:59:48 - [TEST_STEP][PASSED] - "--------------------------------------": null

2020-04-22 14:59:48 - [TEST_STEP][PASSED] - " Navigate Top level menu Item         |": null

2020-04-22 14:59:48 - [TEST_STEP][PASSED] - waitForPageLoad(60): Wait for page load successfully

2020-04-22 14:59:48 - [MESSAGE][PASSED] - Wait for page load successfully

2020-04-22 14:59:48 - [TEST_STEP][PASSED] - waitForElementClickable(findTestObject("Object Repository/WebOffice_Home_page/a_Settings"), 60): Object 'Object Repository/WebOffice_Home_page/a_Settings' is clickable

2020-04-22 14:59:48 - [MESSAGE][PASSED] - Object 'Object Repository/WebOffice_Home_page/a_Settings' is clickable

2020-04-22 14:59:48 - [TEST_STEP][PASSED] - mouseOver(findTestObject("Object Repository/WebOffice_Home_page/a_Settings")): Object: 'Object Repository/WebOffice_Home_page/a_Settings' is hovered

2020-04-22 14:59:49 - [MESSAGE][PASSED] - Object: 'Object Repository/WebOffice_Home_page/a_Settings' is hovered

2020-04-22 14:59:49 - [TEST_STEP][PASSED] - mouseOver(findTestObject("Object Repository/WebOffice_Home_page/a_wwwcheckatradecom")): Object: 'Object Repository/WebOffice_Home_page/a_wwwcheckatradecom' is hovered

2020-04-22 14:59:49 - [MESSAGE][PASSED] - Object: 'Object Repository/WebOffice_Home_page/a_wwwcheckatradecom' is hovered

2020-04-22 14:59:49 - [TEST_STEP][PASSED] - waitForElementClickable(findTestObject("Object Repository/WebOffice_Home_page/a_Company Heroes"), 1): Object 'Object Repository/WebOffice_Home_page/a_Company Heroes' is clickable

2020-04-22 14:59:49 - [MESSAGE][PASSED] - Object 'Object Repository/WebOffice_Home_page/a_Company Heroes' is clickable

2020-04-22 14:59:49 - [TEST_STEP][PASSED] - click(findTestObject("Object Repository/WebOffice_Home_page/a_Company Heroes")): Object: 'Object Repository/WebOffice_Home_page/a_Company Heroes' is clicked on

2020-04-22 14:59:51 - [MESSAGE][PASSED] - Object: 'Object Repository/WebOffice_Home_page/a_Company Heroes' is clicked on

2020-04-22 14:59:51 - [MESSAGE][PASSED] - Call Test Case 'Test Cases/Reusable_Test_Sequences/Web_Office/Navigation/Sub_Menu_Navigation/Settings/Checkatrade_Com/Company_Heroes' successfully

2020-04-22 14:59:51 - [TEST_STEP][PASSED] - "--------------------------------------": null

2020-04-22 14:59:51 - [TEST_STEP][PASSED] - " Verify Returned Page Detail          |": null

2020-04-22 14:59:51 - [TEST_STEP][PASSED] - callTestCase(findTestCase("Reusable_Test_Sequences/Web_Office/Verification/Settings/Checkatrade_Com/Company_Heroes"), [:], OPTIONAL): Call Test Case 'Test Cases/Reusable_Test_Sequences/Web_Office/Verification/Settings/Checkatrade_Com/Company_Heroes' successfully

2020-04-22 14:59:51 - [TEST_CASE][PASSED] - Test Cases/Reusable_Test_Sequences/Web_Office/Verification/Settings/Checkatrade_Com/Company_Heroes: Test Cases/Reusable_Test_Sequences/Web_Office/Verification/Settings/Checkatrade_Com/Company_Heroes

2020-04-22 14:59:52 - [TEST_STEP][PASSED] - waitForPageLoad(60): Wait for page load successfully

2020-04-22 14:59:52 - [MESSAGE][PASSED] - Wait for page load successfully

2020-04-22 14:59:52 - [TEST_STEP][PASSED] - delay(1): Delayed 1 second(s)

2020-04-22 14:59:53 - [MESSAGE][PASSED] - Delayed 1 second(s)

2020-04-22 14:59:53 - [TEST_STEP][PASSED] - verifyTextPresent("Company Heroes", false): Text 'Company Heroes' is present on page 

2020-04-22 14:59:54 - [MESSAGE][PASSED] - Text 'Company Heroes' is present on page 

2020-04-22 14:59:54 - [TEST_STEP][PASSED] - "----------------------------------------------": null

2020-04-22 14:59:54 - [TEST_STEP][PASSED] - verifyTextPresent("Add New Company Hero", false): Text 'Add New Company Hero' is present on page 

2020-04-22 14:59:54 - [MESSAGE][PASSED] - Text 'Add New Company Hero' is present on page 

2020-04-22 14:59:54 - [TEST_STEP][PASSED] - verifyTextPresent("Company ID (TTR)", false): Text 'Company ID (TTR)' is present on page 

2020-04-22 14:59:55 - [MESSAGE][PASSED] - Text 'Company ID (TTR)' is present on page 

2020-04-22 14:59:55 - [TEST_STEP][PASSED] - verifyTextPresent("Trader Name", false): Text 'Trader Name' is present on page 

2020-04-22 14:59:55 - [MESSAGE][PASSED] - Text 'Trader Name' is present on page 

2020-04-22 14:59:55 - [TEST_STEP][PASSED] - verifyTextPresent("Hero Image", false): Text 'Hero Image' is present on page 

2020-04-22 14:59:56 - [MESSAGE][PASSED] - Text 'Hero Image' is present on page 

2020-04-22 14:59:56 - [TEST_STEP][PASSED] - verifyTextPresent("Note: Image height must be exactly 373px. PNG format only.", false): Text 'Note: Image height must be exactly 373px. PNG format only.' is present on page 

2020-04-22 14:59:56 - [MESSAGE][PASSED] - Text 'Note: Image height must be exactly 373px. PNG format only.' is present on page 

2020-04-22 14:59:56 - [TEST_STEP][PASSED] - "----------------------------------------------": null

2020-04-22 14:59:56 - [TEST_STEP][PASSED] - "----------------------------------------------": null

2020-04-22 14:59:56 - [TEST_STEP][PASSED] - "----------------------------------------------": null

2020-04-22 14:59:56 - [TEST_STEP][PASSED] - verifyTextPresent("Company Heroes", false): Text 'Company Heroes' is present on page 

2020-04-22 14:59:57 - [MESSAGE][PASSED] - Text 'Company Heroes' is present on page 

2020-04-22 14:59:57 - [TEST_STEP][PASSED] - verifyTextPresent("Edit", false): Text 'Edit' is present on page 

2020-04-22 14:59:57 - [MESSAGE][PASSED] - Text 'Edit' is present on page 

2020-04-22 14:59:57 - [TEST_STEP][PASSED] - verifyTextPresent("TTRId", false): Text 'TTRId' is present on page 

2020-04-22 14:59:57 - [MESSAGE][PASSED] - Text 'TTRId' is present on page 

2020-04-22 14:59:57 - [TEST_STEP][PASSED] - verifyTextPresent("Company", false): Text 'Company' is present on page 

2020-04-22 14:59:58 - [MESSAGE][PASSED] - Text 'Company' is present on page 

2020-04-22 14:59:58 - [TEST_STEP][PASSED] - verifyTextPresent("Trader Name", false): Text 'Trader Name' is present on page 

2020-04-22 14:59:58 - [MESSAGE][PASSED] - Text 'Trader Name' is present on page 

2020-04-22 14:59:58 - [TEST_STEP][PASSED] - verifyTextPresent("Status", false): Text 'Status' is present on page 

2020-04-22 14:59:59 - [MESSAGE][PASSED] - Text 'Status' is present on page 

2020-04-22 14:59:59 - [TEST_STEP][PASSED] - verifyTextPresent("Pick", false): Text 'Pick' is present on page 

2020-04-22 14:59:59 - [MESSAGE][PASSED] - Text 'Pick' is present on page 

2020-04-22 14:59:59 - [MESSAGE][PASSED] - Call Test Case 'Test Cases/Reusable_Test_Sequences/Web_Office/Verification/Settings/Checkatrade_Com/Company_Heroes' successfully

2020-04-22 14:59:59 - [TEST_STEP][PASSED] - "--------------------------": null

2020-04-22 14:59:59 - [TEST_STEP][PASSED] - " Teardown - CLose Browser |": null

2020-04-22 14:59:59 - [TEST_STEP][PASSED] - callTestCase(findTestCase("Reusable_Test_Sequences/CAT_Teardown"), [:], OPTIONAL): Call Test Case 'Test Cases/Reusable_Test_Sequences/CAT_Teardown' successfully

2020-04-22 14:59:59 - [TEST_CASE][PASSED] - Test Cases/Reusable_Test_Sequences/CAT_Teardown: Test Cases/Reusable_Test_Sequences/CAT_Teardown

2020-04-22 14:59:59 - [TEST_STEP][PASSED] - closeBrowser(): Browser is closed

2020-04-22 15:00:03 - [MESSAGE][PASSED] - Browser is closed

2020-04-22 15:00:03 - [TEST_STEP][PASSED] - super.finalize(): null

2020-04-22 15:00:03 - [TEST_STEP][PASSED] - System.gc(): null

2020-04-22 15:00:03 - [MESSAGE][PASSED] - Call Test Case 'Test Cases/Reusable_Test_Sequences/CAT_Teardown' successfully]]></system-out>
         <system-err><![CDATA[]]></system-err>
      </testcase>
      <testcase name="Test Cases/Web_Office/Settings/Checkatrade_Com/Feedback_Searching_Capabilities" time="41.006" classname="Test Cases/Web_Office/Settings/Checkatrade_Com/Feedback_Searching_Capabilities" status="PASSED">
         <system-out><![CDATA[2020-04-22 15:00:03 - [TEST_CASE][PASSED] - Test Cases/Web_Office/Settings/Checkatrade_Com/Feedback_Searching_Capabilities: Test Cases/Web_Office/Settings/Checkatrade_Com/Feedback_Searching_Capabilities

2020-04-22 15:00:03 - [TEST_STEP][PASSED] - "--------------------------------------": null

2020-04-22 15:00:03 - [TEST_STEP][PASSED] - " Web Office StartUp                  |": null

2020-04-22 15:00:03 - [TEST_STEP][PASSED] - callTestCase(findTestCase("Reusable_Test_Sequences/Web_Office/Directives/WebOffice_StartUp"), [:], STOP_ON_FAILURE): Call Test Case 'Test Cases/Reusable_Test_Sequences/Web_Office/Directives/WebOffice_StartUp' successfully

2020-04-22 15:00:03 - [TEST_CASE][PASSED] - Test Cases/Reusable_Test_Sequences/Web_Office/Directives/WebOffice_StartUp: Test Cases/Reusable_Test_Sequences/Web_Office/Directives/WebOffice_StartUp

2020-04-22 15:00:03 - [TEST_STEP][PASSED] - "-----------------------------------------------------------------------------": null

2020-04-22 15:00:03 - [TEST_STEP][PASSED] - if (URL == "https://www.dev.checkatrade.com/"): null

2020-04-22 15:00:03 - [TEST_STEP][PASSED] - "-----------------------------------------------------------------------------": null

2020-04-22 15:00:03 - [TEST_STEP][PASSED] - if (URL == "https://www.checkatrade.com/"): null

2020-04-22 15:00:03 - [TEST_STEP][PASSED] - "-----------------------------------------------------------------------------": null

2020-04-22 15:00:03 - [TEST_STEP][PASSED] - if (URL == "https://www.preview.checkatrade.com/"): null

2020-04-22 15:00:03 - [TEST_STEP][PASSED] - WebOfficeURL = "https://admin.preview.checkatrade.com/": null

2020-04-22 15:00:04 - [TEST_STEP][PASSED] - if (URL == "https://www.dev2.checkatrade.com/"): null

2020-04-22 15:00:04 - [TEST_STEP][PASSED] - "Set Function Area for "URL_Handler", URL Resolution": null

2020-04-22 15:00:04 - [TEST_STEP][PASSED] - "Do Some Magic with URL(s) See the comments within URL Handler ": null

2020-04-22 15:00:04 - [TEST_STEP][PASSED] - "------------------------------------------------": null

2020-04-22 15:00:04 - [TEST_STEP][PASSED] - "Moved Login Credentials to <Default> profile 22/01/2020": null

2020-04-22 15:00:04 - [TEST_STEP][PASSED] - "------------------------------------------------": null

2020-04-22 15:00:04 - [TEST_STEP][PASSED] - "WebOfficeURL - Set from the ENVIRONMENT PROFILE ": null

2020-04-22 15:00:04 - [TEST_STEP][PASSED] - "OPEN BROWSER": null

2020-04-22 15:00:04 - [TEST_STEP][PASSED] - "eg - https://admin.preview.checkatrade.com/  ": null

2020-04-22 15:00:04 - [TEST_STEP][PASSED] - openBrowser(WebOfficeURL): Browser is opened with url: 'https://admin.preview.checkatrade.com/'

2020-04-22 15:00:04 - [MESSAGE][INFO] - Starting 'Chrome' driver

2020-04-22 15:00:04 - [MESSAGE][INFO] - Action delay is set to 0 milliseconds

2020-04-22 15:00:10 - [MESSAGE][PASSED] - Browser is opened with url: 'https://admin.preview.checkatrade.com/'

2020-04-22 15:00:10 - [TEST_STEP][PASSED] - maximizeWindow(): Current window maximized

2020-04-22 15:00:13 - [MESSAGE][PASSED] - Current window maximized

2020-04-22 15:00:13 - [TEST_STEP][PASSED] - waitForElementClickable(findTestObject("Object Repository/WebOffice/Page_Checkatrade - Administration - Login/Login_Button"), 25): Object 'Object Repository/WebOffice/Page_Checkatrade - Administration - Login/Login_Button' is clickable

2020-04-22 15:00:14 - [MESSAGE][PASSED] - Object 'Object Repository/WebOffice/Page_Checkatrade - Administration - Login/Login_Button' is clickable

2020-04-22 15:00:14 - [TEST_STEP][PASSED] - verifyTextPresent("Checkatrade Web Office", false): Text 'Checkatrade Web Office' is present on page 

2020-04-22 15:00:14 - [MESSAGE][PASSED] - Text 'Checkatrade Web Office' is present on page 

2020-04-22 15:00:14 - [TEST_STEP][PASSED] - verifyTextPresent("Access for staff use only", false): Text 'Access for staff use only' is present on page 

2020-04-22 15:00:15 - [MESSAGE][PASSED] - Text 'Access for staff use only' is present on page 

2020-04-22 15:00:15 - [TEST_STEP][PASSED] - verifyTextPresent("Forgotten password?", false): Text 'Forgotten password?' is present on page 

2020-04-22 15:00:15 - [MESSAGE][PASSED] - Text 'Forgotten password?' is present on page 

2020-04-22 15:00:15 - [TEST_STEP][PASSED] - setText(findTestObject("Object Repository/WebOffice/Page_Checkatrade - Administration - Login/input_Username_LoginControlUserName"), wo_Username): Text 'DavidHo' is set on object 'Object Repository/WebOffice/Page_Checkatrade - Administration - Login/input_Username_LoginControlUserName'

2020-04-22 15:00:16 - [MESSAGE][PASSED] - Text 'DavidHo' is set on object 'Object Repository/WebOffice/Page_Checkatrade - Administration - Login/input_Username_LoginControlUserName'

2020-04-22 15:00:16 - [TEST_STEP][PASSED] - setText(findTestObject("Object Repository/WebOffice/Page_Checkatrade - Administration - Login/input_Password_LoginControlPassword"), wo_Password): Text 'Check123' is set on object 'Object Repository/WebOffice/Page_Checkatrade - Administration - Login/input_Password_LoginControlPassword'

2020-04-22 15:00:16 - [MESSAGE][PASSED] - Text 'Check123' is set on object 'Object Repository/WebOffice/Page_Checkatrade - Administration - Login/input_Password_LoginControlPassword'

2020-04-22 15:00:16 - [TEST_STEP][PASSED] - click(findTestObject("Object Repository/WebOffice/Page_Checkatrade - Administration - Login/Login_Button")): Object: 'Object Repository/WebOffice/Page_Checkatrade - Administration - Login/Login_Button' is clicked on

2020-04-22 15:00:18 - [MESSAGE][PASSED] - Object: 'Object Repository/WebOffice/Page_Checkatrade - Administration - Login/Login_Button' is clicked on

2020-04-22 15:00:18 - [TEST_STEP][PASSED] - waitForPageLoad(60): Wait for page load successfully

2020-04-22 15:00:18 - [MESSAGE][PASSED] - Wait for page load successfully

2020-04-22 15:00:18 - [TEST_STEP][PASSED] - verifyTextPresent("Welcome " + wo_Username, false): Text 'Welcome DavidHo' is present on page 

2020-04-22 15:00:19 - [MESSAGE][PASSED] - Text 'Welcome DavidHo' is present on page 

2020-04-22 15:00:19 - [MESSAGE][PASSED] - Call Test Case 'Test Cases/Reusable_Test_Sequences/Web_Office/Directives/WebOffice_StartUp' successfully

2020-04-22 15:00:19 - [TEST_STEP][PASSED] - "-----------------------------------------------------------------": null

2020-04-22 15:00:19 - [TEST_STEP][PASSED] - " Navigate to <Settings->Checkatrade.Com->Sub Item> Menu Item     |": null

2020-04-22 15:00:19 - [TEST_STEP][PASSED] - callTestCase(findTestCase("Reusable_Test_Sequences/Web_Office/Navigation/Sub_Menu_Navigation/Settings/Checkatrade_Com/Feedback_Searching_Capabilities"), [:], STOP_ON_FAILURE): Call Test Case 'Test Cases/Reusable_Test_Sequences/Web_Office/Navigation/Sub_Menu_Navigation/Settings/Checkatrade_Com/Feedback_Searching_Capabilities' successfully

2020-04-22 15:00:19 - [TEST_CASE][PASSED] - Test Cases/Reusable_Test_Sequences/Web_Office/Navigation/Sub_Menu_Navigation/Settings/Checkatrade_Com/Feedback_Searching_Capabilities: Test Cases/Reusable_Test_Sequences/Web_Office/Navigation/Sub_Menu_Navigation/Settings/Checkatrade_Com/Feedback_Searching_Capabilities

2020-04-22 15:00:20 - [TEST_STEP][PASSED] - "--------------------------------------": null

2020-04-22 15:00:20 - [TEST_STEP][PASSED] - " Navigate Top level menu Item         |": null

2020-04-22 15:00:20 - [TEST_STEP][PASSED] - waitForPageLoad(60): Wait for page load successfully

2020-04-22 15:00:20 - [MESSAGE][PASSED] - Wait for page load successfully

2020-04-22 15:00:20 - [TEST_STEP][PASSED] - waitForElementClickable(findTestObject("Object Repository/WebOffice_Home_page/a_Settings"), 60): Object 'Object Repository/WebOffice_Home_page/a_Settings' is clickable

2020-04-22 15:00:20 - [MESSAGE][PASSED] - Object 'Object Repository/WebOffice_Home_page/a_Settings' is clickable

2020-04-22 15:00:20 - [TEST_STEP][PASSED] - mouseOver(findTestObject("Object Repository/WebOffice_Home_page/a_Settings")): Object: 'Object Repository/WebOffice_Home_page/a_Settings' is hovered

2020-04-22 15:00:20 - [MESSAGE][PASSED] - Object: 'Object Repository/WebOffice_Home_page/a_Settings' is hovered

2020-04-22 15:00:20 - [TEST_STEP][PASSED] - mouseOver(findTestObject("Object Repository/WebOffice_Home_page/a_wwwcheckatradecom")): Object: 'Object Repository/WebOffice_Home_page/a_wwwcheckatradecom' is hovered

2020-04-22 15:00:21 - [MESSAGE][PASSED] - Object: 'Object Repository/WebOffice_Home_page/a_wwwcheckatradecom' is hovered

2020-04-22 15:00:21 - [TEST_STEP][PASSED] - waitForElementClickable(findTestObject("Object Repository/WebOffice_Home_page/a_Feedback Caps for Searching"), 1): Object 'Object Repository/WebOffice_Home_page/a_Feedback Caps for Searching' is clickable

2020-04-22 15:00:21 - [MESSAGE][PASSED] - Object 'Object Repository/WebOffice_Home_page/a_Feedback Caps for Searching' is clickable

2020-04-22 15:00:21 - [TEST_STEP][PASSED] - click(findTestObject("Object Repository/WebOffice_Home_page/a_Feedback Caps for Searching")): Object: 'Object Repository/WebOffice_Home_page/a_Feedback Caps for Searching' is clicked on

2020-04-22 15:00:22 - [MESSAGE][PASSED] - Object: 'Object Repository/WebOffice_Home_page/a_Feedback Caps for Searching' is clicked on

2020-04-22 15:00:22 - [MESSAGE][PASSED] - Call Test Case 'Test Cases/Reusable_Test_Sequences/Web_Office/Navigation/Sub_Menu_Navigation/Settings/Checkatrade_Com/Feedback_Searching_Capabilities' successfully

2020-04-22 15:00:22 - [TEST_STEP][PASSED] - "--------------------------------------": null

2020-04-22 15:00:22 - [TEST_STEP][PASSED] - " Verify Returned Page Detail          |": null

2020-04-22 15:00:22 - [TEST_STEP][PASSED] - callTestCase(findTestCase("Reusable_Test_Sequences/Web_Office/Verification/Settings/Checkatrade_Com/Feedback_Searching_Capabilities"), [:], OPTIONAL): Call Test Case 'Test Cases/Reusable_Test_Sequences/Web_Office/Verification/Settings/Checkatrade_Com/Feedback_Searching_Capabilities' successfully

2020-04-22 15:00:22 - [TEST_CASE][PASSED] - Test Cases/Reusable_Test_Sequences/Web_Office/Verification/Settings/Checkatrade_Com/Feedback_Searching_Capabilities: Test Cases/Reusable_Test_Sequences/Web_Office/Verification/Settings/Checkatrade_Com/Feedback_Searching_Capabilities

2020-04-22 15:00:22 - [TEST_STEP][PASSED] - waitForPageLoad(60): Wait for page load successfully

2020-04-22 15:00:23 - [MESSAGE][PASSED] - Wait for page load successfully

2020-04-22 15:00:23 - [TEST_STEP][PASSED] - delay(1): Delayed 1 second(s)

2020-04-22 15:00:24 - [MESSAGE][PASSED] - Delayed 1 second(s)

2020-04-22 15:00:24 - [TEST_STEP][PASSED] - verifyTextPresent("Website Search Feedback Caps per Category", false): Text 'Website Search Feedback Caps per Category' is present on page 

2020-04-22 15:00:25 - [MESSAGE][PASSED] - Text 'Website Search Feedback Caps per Category' is present on page 

2020-04-22 15:00:25 - [TEST_STEP][PASSED] - "----------------------------------------------": null

2020-04-22 15:00:25 - [TEST_STEP][PASSED] - verifyTextPresent("Add new category feedback cap", false): Text 'Add new category feedback cap' is present on page 

2020-04-22 15:00:27 - [MESSAGE][PASSED] - Text 'Add new category feedback cap' is present on page 

2020-04-22 15:00:27 - [TEST_STEP][PASSED] - verifyTextPresent("Feedback cap", false): Text 'Feedback cap' is present on page 

2020-04-22 15:00:28 - [MESSAGE][PASSED] - Text 'Feedback cap' is present on page 

2020-04-22 15:00:28 - [TEST_STEP][PASSED] - verifyTextPresent("All TV Regions", false): Text 'All TV Regions' is present on page 

2020-04-22 15:00:29 - [MESSAGE][PASSED] - Text 'All TV Regions' is present on page 

2020-04-22 15:00:29 - [TEST_STEP][PASSED] - verifyTextPresent("Valid for new members from", false): Text 'Valid for new members from' is present on page 

2020-04-22 15:00:30 - [MESSAGE][PASSED] - Text 'Valid for new members from' is present on page 

2020-04-22 15:00:30 - [TEST_STEP][PASSED] - verifyTextPresent("Cap effective from", false): Text 'Cap effective from' is present on page 

2020-04-22 15:00:31 - [MESSAGE][PASSED] - Text 'Cap effective from' is present on page 

2020-04-22 15:00:31 - [TEST_STEP][PASSED] - "----------------------------------------------": null

2020-04-22 15:00:31 - [TEST_STEP][PASSED] - verifyTextPresent("TV REGION", false): Text 'TV REGION' is present on page 

2020-04-22 15:00:32 - [MESSAGE][PASSED] - Text 'TV REGION' is present on page 

2020-04-22 15:00:32 - [TEST_STEP][PASSED] - verifyTextPresent("MEMBERS JOINING AFTER", false): Text 'MEMBERS JOINING AFTER' is present on page 

2020-04-22 15:00:33 - [MESSAGE][PASSED] - Text 'MEMBERS JOINING AFTER' is present on page 

2020-04-22 15:00:33 - [TEST_STEP][PASSED] - verifyTextPresent("CAP EFFECTIVE FROM", false): Text 'CAP EFFECTIVE FROM' is present on page 

2020-04-22 15:00:34 - [MESSAGE][PASSED] - Text 'CAP EFFECTIVE FROM' is present on page 

2020-04-22 15:00:34 - [TEST_STEP][PASSED] - verifyTextPresent("MODIFIED BY", false): Text 'MODIFIED BY' is present on page 

2020-04-22 15:00:35 - [MESSAGE][PASSED] - Text 'MODIFIED BY' is present on page 

2020-04-22 15:00:35 - [TEST_STEP][PASSED] - verifyTextPresent("MODIFIED ON", false): Text 'MODIFIED ON' is present on page 

2020-04-22 15:00:36 - [MESSAGE][PASSED] - Text 'MODIFIED ON' is present on page 

2020-04-22 15:00:36 - [TEST_STEP][PASSED] - "----------------------------------------------": null

2020-04-22 15:00:36 - [TEST_STEP][PASSED] - verifyTextPresent("ASBESTOS SERVICES", false): Text 'ASBESTOS SERVICES' is present on page 

2020-04-22 15:00:38 - [MESSAGE][PASSED] - Text 'ASBESTOS SERVICES' is present on page 

2020-04-22 15:00:38 - [TEST_STEP][PASSED] - verifyTextPresent("BUILDING", false): Text 'BUILDING' is present on page 

2020-04-22 15:00:40 - [MESSAGE][PASSED] - Text 'BUILDING' is present on page 

2020-04-22 15:00:40 - [TEST_STEP][PASSED] - verifyTextPresent("CENTRAL HEATING - GAS SAFE", false): Text 'CENTRAL HEATING - GAS SAFE' is present on page 

2020-04-22 15:00:42 - [MESSAGE][PASSED] - Text 'CENTRAL HEATING - GAS SAFE' is present on page 

2020-04-22 15:00:42 - [MESSAGE][PASSED] - Call Test Case 'Test Cases/Reusable_Test_Sequences/Web_Office/Verification/Settings/Checkatrade_Com/Feedback_Searching_Capabilities' successfully

2020-04-22 15:00:42 - [TEST_STEP][PASSED] - "--------------------------": null

2020-04-22 15:00:42 - [TEST_STEP][PASSED] - " Teardown - CLose Browser |": null

2020-04-22 15:00:42 - [TEST_STEP][PASSED] - callTestCase(findTestCase("Reusable_Test_Sequences/CAT_Teardown"), [:], OPTIONAL): Call Test Case 'Test Cases/Reusable_Test_Sequences/CAT_Teardown' successfully

2020-04-22 15:00:42 - [TEST_CASE][PASSED] - Test Cases/Reusable_Test_Sequences/CAT_Teardown: Test Cases/Reusable_Test_Sequences/CAT_Teardown

2020-04-22 15:00:42 - [TEST_STEP][PASSED] - closeBrowser(): Browser is closed

2020-04-22 15:00:44 - [MESSAGE][PASSED] - Browser is closed

2020-04-22 15:00:44 - [TEST_STEP][PASSED] - super.finalize(): null

2020-04-22 15:00:44 - [TEST_STEP][PASSED] - System.gc(): null

2020-04-22 15:00:44 - [MESSAGE][PASSED] - Call Test Case 'Test Cases/Reusable_Test_Sequences/CAT_Teardown' successfully]]></system-out>
         <system-err><![CDATA[]]></system-err>
      </testcase>
      <testcase name="Test Cases/Web_Office/Settings/Members_Area/Members_Benefits" time="27.048" classname="Test Cases/Web_Office/Settings/Members_Area/Members_Benefits" status="PASSED">
         <system-out><![CDATA[2020-04-22 15:00:44 - [TEST_CASE][PASSED] - Test Cases/Web_Office/Settings/Members_Area/Members_Benefits: Test Cases/Web_Office/Settings/Members_Area/Members_Benefits

2020-04-22 15:00:44 - [TEST_STEP][PASSED] - "--------------------------------------": null

2020-04-22 15:00:44 - [TEST_STEP][PASSED] - " Web Office StartUp                  |": null

2020-04-22 15:00:44 - [TEST_STEP][PASSED] - callTestCase(findTestCase("Reusable_Test_Sequences/Web_Office/Directives/WebOffice_StartUp"), [:], STOP_ON_FAILURE): Call Test Case 'Test Cases/Reusable_Test_Sequences/Web_Office/Directives/WebOffice_StartUp' successfully

2020-04-22 15:00:44 - [TEST_CASE][PASSED] - Test Cases/Reusable_Test_Sequences/Web_Office/Directives/WebOffice_StartUp: Test Cases/Reusable_Test_Sequences/Web_Office/Directives/WebOffice_StartUp

2020-04-22 15:00:44 - [TEST_STEP][PASSED] - "-----------------------------------------------------------------------------": null

2020-04-22 15:00:44 - [TEST_STEP][PASSED] - if (URL == "https://www.dev.checkatrade.com/"): null

2020-04-22 15:00:44 - [TEST_STEP][PASSED] - "-----------------------------------------------------------------------------": null

2020-04-22 15:00:44 - [TEST_STEP][PASSED] - if (URL == "https://www.checkatrade.com/"): null

2020-04-22 15:00:44 - [TEST_STEP][PASSED] - "-----------------------------------------------------------------------------": null

2020-04-22 15:00:44 - [TEST_STEP][PASSED] - if (URL == "https://www.preview.checkatrade.com/"): null

2020-04-22 15:00:44 - [TEST_STEP][PASSED] - WebOfficeURL = "https://admin.preview.checkatrade.com/": null

2020-04-22 15:00:44 - [TEST_STEP][PASSED] - if (URL == "https://www.dev2.checkatrade.com/"): null

2020-04-22 15:00:44 - [TEST_STEP][PASSED] - "Set Function Area for "URL_Handler", URL Resolution": null

2020-04-22 15:00:44 - [TEST_STEP][PASSED] - "Do Some Magic with URL(s) See the comments within URL Handler ": null

2020-04-22 15:00:44 - [TEST_STEP][PASSED] - "------------------------------------------------": null

2020-04-22 15:00:44 - [TEST_STEP][PASSED] - "Moved Login Credentials to <Default> profile 22/01/2020": null

2020-04-22 15:00:44 - [TEST_STEP][PASSED] - "------------------------------------------------": null

2020-04-22 15:00:44 - [TEST_STEP][PASSED] - "WebOfficeURL - Set from the ENVIRONMENT PROFILE ": null

2020-04-22 15:00:44 - [TEST_STEP][PASSED] - "OPEN BROWSER": null

2020-04-22 15:00:44 - [TEST_STEP][PASSED] - "eg - https://admin.preview.checkatrade.com/  ": null

2020-04-22 15:00:44 - [TEST_STEP][PASSED] - openBrowser(WebOfficeURL): Browser is opened with url: 'https://admin.preview.checkatrade.com/'

2020-04-22 15:00:44 - [MESSAGE][INFO] - Starting 'Chrome' driver

2020-04-22 15:00:44 - [MESSAGE][INFO] - Action delay is set to 0 milliseconds

2020-04-22 15:00:51 - [MESSAGE][PASSED] - Browser is opened with url: 'https://admin.preview.checkatrade.com/'

2020-04-22 15:00:51 - [TEST_STEP][PASSED] - maximizeWindow(): Current window maximized

2020-04-22 15:00:53 - [MESSAGE][PASSED] - Current window maximized

2020-04-22 15:00:53 - [TEST_STEP][PASSED] - waitForElementClickable(findTestObject("Object Repository/WebOffice/Page_Checkatrade - Administration - Login/Login_Button"), 25): Object 'Object Repository/WebOffice/Page_Checkatrade - Administration - Login/Login_Button' is clickable

2020-04-22 15:00:54 - [MESSAGE][PASSED] - Object 'Object Repository/WebOffice/Page_Checkatrade - Administration - Login/Login_Button' is clickable

2020-04-22 15:00:54 - [TEST_STEP][PASSED] - verifyTextPresent("Checkatrade Web Office", false): Text 'Checkatrade Web Office' is present on page 

2020-04-22 15:00:54 - [MESSAGE][PASSED] - Text 'Checkatrade Web Office' is present on page 

2020-04-22 15:00:54 - [TEST_STEP][PASSED] - verifyTextPresent("Access for staff use only", false): Text 'Access for staff use only' is present on page 

2020-04-22 15:00:54 - [MESSAGE][PASSED] - Text 'Access for staff use only' is present on page 

2020-04-22 15:00:54 - [TEST_STEP][PASSED] - verifyTextPresent("Forgotten password?", false): Text 'Forgotten password?' is present on page 

2020-04-22 15:00:54 - [MESSAGE][PASSED] - Text 'Forgotten password?' is present on page 

2020-04-22 15:00:54 - [TEST_STEP][PASSED] - setText(findTestObject("Object Repository/WebOffice/Page_Checkatrade - Administration - Login/input_Username_LoginControlUserName"), wo_Username): Text 'DavidHo' is set on object 'Object Repository/WebOffice/Page_Checkatrade - Administration - Login/input_Username_LoginControlUserName'

2020-04-22 15:00:54 - [MESSAGE][PASSED] - Text 'DavidHo' is set on object 'Object Repository/WebOffice/Page_Checkatrade - Administration - Login/input_Username_LoginControlUserName'

2020-04-22 15:00:54 - [TEST_STEP][PASSED] - setText(findTestObject("Object Repository/WebOffice/Page_Checkatrade - Administration - Login/input_Password_LoginControlPassword"), wo_Password): Text 'Check123' is set on object 'Object Repository/WebOffice/Page_Checkatrade - Administration - Login/input_Password_LoginControlPassword'

2020-04-22 15:00:54 - [MESSAGE][PASSED] - Text 'Check123' is set on object 'Object Repository/WebOffice/Page_Checkatrade - Administration - Login/input_Password_LoginControlPassword'

2020-04-22 15:00:54 - [TEST_STEP][PASSED] - click(findTestObject("Object Repository/WebOffice/Page_Checkatrade - Administration - Login/Login_Button")): Object: 'Object Repository/WebOffice/Page_Checkatrade - Administration - Login/Login_Button' is clicked on

2020-04-22 15:00:56 - [MESSAGE][PASSED] - Object: 'Object Repository/WebOffice/Page_Checkatrade - Administration - Login/Login_Button' is clicked on

2020-04-22 15:00:56 - [TEST_STEP][PASSED] - waitForPageLoad(60): Wait for page load successfully

2020-04-22 15:00:56 - [MESSAGE][PASSED] - Wait for page load successfully

2020-04-22 15:00:56 - [TEST_STEP][PASSED] - verifyTextPresent("Welcome " + wo_Username, false): Text 'Welcome DavidHo' is present on page 

2020-04-22 15:00:56 - [MESSAGE][PASSED] - Text 'Welcome DavidHo' is present on page 

2020-04-22 15:00:56 - [MESSAGE][PASSED] - Call Test Case 'Test Cases/Reusable_Test_Sequences/Web_Office/Directives/WebOffice_StartUp' successfully

2020-04-22 15:00:56 - [TEST_STEP][PASSED] - "-----------------------------------------------------------------": null

2020-04-22 15:00:56 - [TEST_STEP][PASSED] - " Navigate to <Settings->Checkatrade.Com->Sub Item> Menu Item     |": null

2020-04-22 15:00:56 - [TEST_STEP][PASSED] - callTestCase(findTestCase("Reusable_Test_Sequences/Web_Office/Navigation/Sub_Menu_Navigation/Settings/Members_Area/Members_Benefits"), [:], STOP_ON_FAILURE): Call Test Case 'Test Cases/Reusable_Test_Sequences/Web_Office/Navigation/Sub_Menu_Navigation/Settings/Members_Area/Members_Benefits' successfully

2020-04-22 15:00:56 - [TEST_CASE][PASSED] - Test Cases/Reusable_Test_Sequences/Web_Office/Navigation/Sub_Menu_Navigation/Settings/Members_Area/Members_Benefits: Test Cases/Reusable_Test_Sequences/Web_Office/Navigation/Sub_Menu_Navigation/Settings/Members_Area/Members_Benefits

2020-04-22 15:00:57 - [TEST_STEP][PASSED] - "--------------------------------------": null

2020-04-22 15:00:57 - [TEST_STEP][PASSED] - " Navigate Top level menu Item         |": null

2020-04-22 15:00:57 - [TEST_STEP][PASSED] - waitForPageLoad(60): Wait for page load successfully

2020-04-22 15:00:57 - [MESSAGE][PASSED] - Wait for page load successfully

2020-04-22 15:00:57 - [TEST_STEP][PASSED] - waitForElementClickable(findTestObject("Object Repository/WebOffice_Home_page/a_Settings"), 60): Object 'Object Repository/WebOffice_Home_page/a_Settings' is clickable

2020-04-22 15:00:57 - [MESSAGE][PASSED] - Object 'Object Repository/WebOffice_Home_page/a_Settings' is clickable

2020-04-22 15:00:57 - [TEST_STEP][PASSED] - mouseOver(findTestObject("Object Repository/WebOffice_Home_page/a_Settings")): Object: 'Object Repository/WebOffice_Home_page/a_Settings' is hovered

2020-04-22 15:00:57 - [MESSAGE][PASSED] - Object: 'Object Repository/WebOffice_Home_page/a_Settings' is hovered

2020-04-22 15:00:57 - [TEST_STEP][PASSED] - mouseOver(findTestObject("Object Repository/WebOffice_Home_page/a_Members Area")): Object: 'Object Repository/WebOffice_Home_page/a_Members Area' is hovered

2020-04-22 15:00:57 - [MESSAGE][PASSED] - Object: 'Object Repository/WebOffice_Home_page/a_Members Area' is hovered

2020-04-22 15:00:57 - [TEST_STEP][PASSED] - waitForElementClickable(findTestObject("Object Repository/WebOffice_Home_page/a_Members Benefits"), 1): Object 'Object Repository/WebOffice_Home_page/a_Members Benefits' is clickable

2020-04-22 15:00:58 - [MESSAGE][PASSED] - Object 'Object Repository/WebOffice_Home_page/a_Members Benefits' is clickable

2020-04-22 15:00:58 - [TEST_STEP][PASSED] - click(findTestObject("Object Repository/WebOffice_Home_page/a_Members Benefits")): Object: 'Object Repository/WebOffice_Home_page/a_Members Benefits' is clicked on

2020-04-22 15:00:59 - [MESSAGE][PASSED] - Object: 'Object Repository/WebOffice_Home_page/a_Members Benefits' is clicked on

2020-04-22 15:00:59 - [MESSAGE][PASSED] - Call Test Case 'Test Cases/Reusable_Test_Sequences/Web_Office/Navigation/Sub_Menu_Navigation/Settings/Members_Area/Members_Benefits' successfully

2020-04-22 15:00:59 - [TEST_STEP][PASSED] - "--------------------------------------": null

2020-04-22 15:00:59 - [TEST_STEP][PASSED] - " Verify Returned Page Detail          |": null

2020-04-22 15:00:59 - [TEST_STEP][PASSED] - callTestCase(findTestCase("Reusable_Test_Sequences/Web_Office/Verification/Settings/Members_Area/Members_Benefits"), [:], OPTIONAL): Call Test Case 'Test Cases/Reusable_Test_Sequences/Web_Office/Verification/Settings/Members_Area/Members_Benefits' successfully

2020-04-22 15:00:59 - [TEST_CASE][PASSED] - Test Cases/Reusable_Test_Sequences/Web_Office/Verification/Settings/Members_Area/Members_Benefits: Test Cases/Reusable_Test_Sequences/Web_Office/Verification/Settings/Members_Area/Members_Benefits

2020-04-22 15:01:00 - [TEST_STEP][PASSED] - waitForPageLoad(60): Wait for page load successfully

2020-04-22 15:01:00 - [MESSAGE][PASSED] - Wait for page load successfully

2020-04-22 15:01:00 - [TEST_STEP][PASSED] - delay(1): Delayed 1 second(s)

2020-04-22 15:01:01 - [MESSAGE][PASSED] - Delayed 1 second(s)

2020-04-22 15:01:01 - [TEST_STEP][PASSED] - verifyTextPresent("Member Benefits", false): Text 'Member Benefits' is present on page 

2020-04-22 15:01:01 - [MESSAGE][PASSED] - Text 'Member Benefits' is present on page 

2020-04-22 15:01:01 - [TEST_STEP][PASSED] - "----------------------------------------------": null

2020-04-22 15:01:01 - [TEST_STEP][PASSED] - verifyTextPresent("Preview Live", false): Text 'Preview Live' is present on page 

2020-04-22 15:01:02 - [MESSAGE][PASSED] - Text 'Preview Live' is present on page 

2020-04-22 15:01:02 - [TEST_STEP][PASSED] - verifyTextPresent("Add New", false): Text 'Add New' is present on page 

2020-04-22 15:01:02 - [MESSAGE][PASSED] - Text 'Add New' is present on page 

2020-04-22 15:01:02 - [TEST_STEP][PASSED] - verifyTextPresent("Search", false): Text 'Search' is present on page 

2020-04-22 15:01:02 - [MESSAGE][PASSED] - Text 'Search' is present on page 

2020-04-22 15:01:02 - [TEST_STEP][PASSED] - verifyTextPresent("Filter", false): Text 'Filter' is present on page 

2020-04-22 15:01:03 - [MESSAGE][PASSED] - Text 'Filter' is present on page 

2020-04-22 15:01:03 - [TEST_STEP][PASSED] - verifyTextPresent("Published", false): Text 'Published' is present on page 

2020-04-22 15:01:04 - [MESSAGE][PASSED] - Text 'Published' is present on page 

2020-04-22 15:01:04 - [TEST_STEP][PASSED] - verifyTextPresent("Show", false): Text 'Show' is present on page 

2020-04-22 15:01:05 - [MESSAGE][PASSED] - Text 'Show' is present on page 

2020-04-22 15:01:05 - [TEST_STEP][PASSED] - verifyTextPresent("entries", false): Text 'entries' is present on page 

2020-04-22 15:01:05 - [MESSAGE][PASSED] - Text 'entries' is present on page 

2020-04-22 15:01:05 - [TEST_STEP][PASSED] - "----------------------------------------------": null

2020-04-22 15:01:05 - [TEST_STEP][PASSED] - verifyTextPresent("Status", false): Text 'Status' is present on page 

2020-04-22 15:01:06 - [MESSAGE][PASSED] - Text 'Status' is present on page 

2020-04-22 15:01:06 - [TEST_STEP][PASSED] - verifyTextPresent("Title", false): Text 'Title' is present on page 

2020-04-22 15:01:06 - [MESSAGE][PASSED] - Text 'Title' is present on page 

2020-04-22 15:01:06 - [TEST_STEP][PASSED] - verifyTextPresent("Description", false): Text 'Description' is present on page 

2020-04-22 15:01:07 - [MESSAGE][PASSED] - Text 'Description' is present on page 

2020-04-22 15:01:07 - [TEST_STEP][PASSED] - "----------------------------------------------": null

2020-04-22 15:01:07 - [TEST_STEP][PASSED] - "----------------------------------------------": null

2020-04-22 15:01:07 - [TEST_STEP][PASSED] - verifyTextPresent("Save on fuel with Esso", false): Text 'Save on fuel with Esso' is present on page 

2020-04-22 15:01:07 - [MESSAGE][PASSED] - Text 'Save on fuel with Esso' is present on page 

2020-04-22 15:01:07 - [TEST_STEP][PASSED] - verifyTextPresent("Apply for an Esso Card fuel card", false): Text 'Apply for an Esso Card fuel card' is present on page 

2020-04-22 15:01:07 - [MESSAGE][PASSED] - Text 'Apply for an Esso Card fuel card' is present on page 

2020-04-22 15:01:07 - [TEST_STEP][PASSED] - verifyTextPresent("Hero", false): Text 'Hero' is present on page 

2020-04-22 15:01:08 - [MESSAGE][PASSED] - Text 'Hero' is present on page 

2020-04-22 15:01:08 - [TEST_STEP][PASSED] - verifyTextPresent("Edit", false): Text 'Edit' is present on page 

2020-04-22 15:01:08 - [MESSAGE][PASSED] - Text 'Edit' is present on page 

2020-04-22 15:01:08 - [MESSAGE][PASSED] - Call Test Case 'Test Cases/Reusable_Test_Sequences/Web_Office/Verification/Settings/Members_Area/Members_Benefits' successfully

2020-04-22 15:01:08 - [TEST_STEP][PASSED] - "--------------------------": null

2020-04-22 15:01:08 - [TEST_STEP][PASSED] - " Teardown - CLose Browser |": null

2020-04-22 15:01:08 - [TEST_STEP][PASSED] - callTestCase(findTestCase("Reusable_Test_Sequences/CAT_Teardown"), [:], OPTIONAL): Call Test Case 'Test Cases/Reusable_Test_Sequences/CAT_Teardown' successfully

2020-04-22 15:01:08 - [TEST_CASE][PASSED] - Test Cases/Reusable_Test_Sequences/CAT_Teardown: Test Cases/Reusable_Test_Sequences/CAT_Teardown

2020-04-22 15:01:08 - [TEST_STEP][PASSED] - closeBrowser(): Browser is closed

2020-04-22 15:01:11 - [MESSAGE][PASSED] - Browser is closed

2020-04-22 15:01:11 - [TEST_STEP][PASSED] - super.finalize(): null

2020-04-22 15:01:11 - [TEST_STEP][PASSED] - System.gc(): null

2020-04-22 15:01:11 - [MESSAGE][PASSED] - Call Test Case 'Test Cases/Reusable_Test_Sequences/CAT_Teardown' successfully]]></system-out>
         <system-err><![CDATA[]]></system-err>
      </testcase>
      <testcase name="Test Cases/Web_Office/Settings/Members_Area/Downloads" time="24.105" classname="Test Cases/Web_Office/Settings/Members_Area/Downloads" status="PASSED">
         <system-out><![CDATA[2020-04-22 15:01:11 - [TEST_CASE][PASSED] - Test Cases/Web_Office/Settings/Members_Area/Downloads: Test Cases/Web_Office/Settings/Members_Area/Downloads

2020-04-22 15:01:11 - [TEST_STEP][PASSED] - "--------------------------------------": null

2020-04-22 15:01:11 - [TEST_STEP][PASSED] - " Web Office StartUp                  |": null

2020-04-22 15:01:11 - [TEST_STEP][PASSED] - callTestCase(findTestCase("Reusable_Test_Sequences/Web_Office/Directives/WebOffice_StartUp"), [:], STOP_ON_FAILURE): Call Test Case 'Test Cases/Reusable_Test_Sequences/Web_Office/Directives/WebOffice_StartUp' successfully

2020-04-22 15:01:11 - [TEST_CASE][PASSED] - Test Cases/Reusable_Test_Sequences/Web_Office/Directives/WebOffice_StartUp: Test Cases/Reusable_Test_Sequences/Web_Office/Directives/WebOffice_StartUp

2020-04-22 15:01:11 - [TEST_STEP][PASSED] - "-----------------------------------------------------------------------------": null

2020-04-22 15:01:11 - [TEST_STEP][PASSED] - if (URL == "https://www.dev.checkatrade.com/"): null

2020-04-22 15:01:11 - [TEST_STEP][PASSED] - "-----------------------------------------------------------------------------": null

2020-04-22 15:01:11 - [TEST_STEP][PASSED] - if (URL == "https://www.checkatrade.com/"): null

2020-04-22 15:01:11 - [TEST_STEP][PASSED] - "-----------------------------------------------------------------------------": null

2020-04-22 15:01:11 - [TEST_STEP][PASSED] - if (URL == "https://www.preview.checkatrade.com/"): null

2020-04-22 15:01:11 - [TEST_STEP][PASSED] - WebOfficeURL = "https://admin.preview.checkatrade.com/": null

2020-04-22 15:01:11 - [TEST_STEP][PASSED] - if (URL == "https://www.dev2.checkatrade.com/"): null

2020-04-22 15:01:11 - [TEST_STEP][PASSED] - "Set Function Area for "URL_Handler", URL Resolution": null

2020-04-22 15:01:11 - [TEST_STEP][PASSED] - "Do Some Magic with URL(s) See the comments within URL Handler ": null

2020-04-22 15:01:11 - [TEST_STEP][PASSED] - "------------------------------------------------": null

2020-04-22 15:01:11 - [TEST_STEP][PASSED] - "Moved Login Credentials to <Default> profile 22/01/2020": null

2020-04-22 15:01:11 - [TEST_STEP][PASSED] - "------------------------------------------------": null

2020-04-22 15:01:11 - [TEST_STEP][PASSED] - "WebOfficeURL - Set from the ENVIRONMENT PROFILE ": null

2020-04-22 15:01:11 - [TEST_STEP][PASSED] - "OPEN BROWSER": null

2020-04-22 15:01:11 - [TEST_STEP][PASSED] - "eg - https://admin.preview.checkatrade.com/  ": null

2020-04-22 15:01:11 - [TEST_STEP][PASSED] - openBrowser(WebOfficeURL): Browser is opened with url: 'https://admin.preview.checkatrade.com/'

2020-04-22 15:01:11 - [MESSAGE][INFO] - Starting 'Chrome' driver

2020-04-22 15:01:11 - [MESSAGE][INFO] - Action delay is set to 0 milliseconds

2020-04-22 15:01:18 - [MESSAGE][PASSED] - Browser is opened with url: 'https://admin.preview.checkatrade.com/'

2020-04-22 15:01:18 - [TEST_STEP][PASSED] - maximizeWindow(): Current window maximized

2020-04-22 15:01:20 - [MESSAGE][PASSED] - Current window maximized

2020-04-22 15:01:20 - [TEST_STEP][PASSED] - waitForElementClickable(findTestObject("Object Repository/WebOffice/Page_Checkatrade - Administration - Login/Login_Button"), 25): Object 'Object Repository/WebOffice/Page_Checkatrade - Administration - Login/Login_Button' is clickable

2020-04-22 15:01:20 - [MESSAGE][PASSED] - Object 'Object Repository/WebOffice/Page_Checkatrade - Administration - Login/Login_Button' is clickable

2020-04-22 15:01:20 - [TEST_STEP][PASSED] - verifyTextPresent("Checkatrade Web Office", false): Text 'Checkatrade Web Office' is present on page 

2020-04-22 15:01:21 - [MESSAGE][PASSED] - Text 'Checkatrade Web Office' is present on page 

2020-04-22 15:01:21 - [TEST_STEP][PASSED] - verifyTextPresent("Access for staff use only", false): Text 'Access for staff use only' is present on page 

2020-04-22 15:01:21 - [MESSAGE][PASSED] - Text 'Access for staff use only' is present on page 

2020-04-22 15:01:21 - [TEST_STEP][PASSED] - verifyTextPresent("Forgotten password?", false): Text 'Forgotten password?' is present on page 

2020-04-22 15:01:21 - [MESSAGE][PASSED] - Text 'Forgotten password?' is present on page 

2020-04-22 15:01:21 - [TEST_STEP][PASSED] - setText(findTestObject("Object Repository/WebOffice/Page_Checkatrade - Administration - Login/input_Username_LoginControlUserName"), wo_Username): Text 'DavidHo' is set on object 'Object Repository/WebOffice/Page_Checkatrade - Administration - Login/input_Username_LoginControlUserName'

2020-04-22 15:01:21 - [MESSAGE][PASSED] - Text 'DavidHo' is set on object 'Object Repository/WebOffice/Page_Checkatrade - Administration - Login/input_Username_LoginControlUserName'

2020-04-22 15:01:21 - [TEST_STEP][PASSED] - setText(findTestObject("Object Repository/WebOffice/Page_Checkatrade - Administration - Login/input_Password_LoginControlPassword"), wo_Password): Text 'Check123' is set on object 'Object Repository/WebOffice/Page_Checkatrade - Administration - Login/input_Password_LoginControlPassword'

2020-04-22 15:01:21 - [MESSAGE][PASSED] - Text 'Check123' is set on object 'Object Repository/WebOffice/Page_Checkatrade - Administration - Login/input_Password_LoginControlPassword'

2020-04-22 15:01:21 - [TEST_STEP][PASSED] - click(findTestObject("Object Repository/WebOffice/Page_Checkatrade - Administration - Login/Login_Button")): Object: 'Object Repository/WebOffice/Page_Checkatrade - Administration - Login/Login_Button' is clicked on

2020-04-22 15:01:23 - [MESSAGE][PASSED] - Object: 'Object Repository/WebOffice/Page_Checkatrade - Administration - Login/Login_Button' is clicked on

2020-04-22 15:01:23 - [TEST_STEP][PASSED] - waitForPageLoad(60): Wait for page load successfully

2020-04-22 15:01:23 - [MESSAGE][PASSED] - Wait for page load successfully

2020-04-22 15:01:23 - [TEST_STEP][PASSED] - verifyTextPresent("Welcome " + wo_Username, false): Text 'Welcome DavidHo' is present on page 

2020-04-22 15:01:23 - [MESSAGE][PASSED] - Text 'Welcome DavidHo' is present on page 

2020-04-22 15:01:23 - [MESSAGE][PASSED] - Call Test Case 'Test Cases/Reusable_Test_Sequences/Web_Office/Directives/WebOffice_StartUp' successfully

2020-04-22 15:01:23 - [TEST_STEP][PASSED] - "-----------------------------------------------------------------": null

2020-04-22 15:01:23 - [TEST_STEP][PASSED] - " Navigate to <Settings->Checkatrade.Com->Sub Item> Menu Item     |": null

2020-04-22 15:01:23 - [TEST_STEP][PASSED] - callTestCase(findTestCase("Reusable_Test_Sequences/Web_Office/Navigation/Sub_Menu_Navigation/Settings/Members_Area/Downloads"), [:], STOP_ON_FAILURE): Call Test Case 'Test Cases/Reusable_Test_Sequences/Web_Office/Navigation/Sub_Menu_Navigation/Settings/Members_Area/Downloads' successfully

2020-04-22 15:01:23 - [TEST_CASE][PASSED] - Test Cases/Reusable_Test_Sequences/Web_Office/Navigation/Sub_Menu_Navigation/Settings/Members_Area/Downloads: Test Cases/Reusable_Test_Sequences/Web_Office/Navigation/Sub_Menu_Navigation/Settings/Members_Area/Downloads

2020-04-22 15:01:24 - [TEST_STEP][PASSED] - "--------------------------------------": null

2020-04-22 15:01:24 - [TEST_STEP][PASSED] - " Navigate Top level menu Item         |": null

2020-04-22 15:01:24 - [TEST_STEP][PASSED] - waitForPageLoad(60): Wait for page load successfully

2020-04-22 15:01:24 - [MESSAGE][PASSED] - Wait for page load successfully

2020-04-22 15:01:24 - [TEST_STEP][PASSED] - waitForElementClickable(findTestObject("Object Repository/WebOffice_Home_page/a_Settings"), 60): Object 'Object Repository/WebOffice_Home_page/a_Settings' is clickable

2020-04-22 15:01:24 - [MESSAGE][PASSED] - Object 'Object Repository/WebOffice_Home_page/a_Settings' is clickable

2020-04-22 15:01:24 - [TEST_STEP][PASSED] - mouseOver(findTestObject("Object Repository/WebOffice_Home_page/a_Settings")): Object: 'Object Repository/WebOffice_Home_page/a_Settings' is hovered

2020-04-22 15:01:24 - [MESSAGE][PASSED] - Object: 'Object Repository/WebOffice_Home_page/a_Settings' is hovered

2020-04-22 15:01:24 - [TEST_STEP][PASSED] - mouseOver(findTestObject("Object Repository/WebOffice_Home_page/a_Members Area")): Object: 'Object Repository/WebOffice_Home_page/a_Members Area' is hovered

2020-04-22 15:01:25 - [MESSAGE][PASSED] - Object: 'Object Repository/WebOffice_Home_page/a_Members Area' is hovered

2020-04-22 15:01:25 - [TEST_STEP][PASSED] - waitForElementClickable(findTestObject("Object Repository/WebOffice_Home_page/a_Downloads"), 1): Object 'Object Repository/WebOffice_Home_page/a_Downloads' is clickable

2020-04-22 15:01:25 - [MESSAGE][PASSED] - Object 'Object Repository/WebOffice_Home_page/a_Downloads' is clickable

2020-04-22 15:01:25 - [TEST_STEP][PASSED] - click(findTestObject("Object Repository/WebOffice_Home_page/a_Downloads")): Object: 'Object Repository/WebOffice_Home_page/a_Downloads' is clicked on

2020-04-22 15:01:26 - [MESSAGE][PASSED] - Object: 'Object Repository/WebOffice_Home_page/a_Downloads' is clicked on

2020-04-22 15:01:26 - [MESSAGE][PASSED] - Call Test Case 'Test Cases/Reusable_Test_Sequences/Web_Office/Navigation/Sub_Menu_Navigation/Settings/Members_Area/Downloads' successfully

2020-04-22 15:01:26 - [TEST_STEP][PASSED] - "--------------------------------------": null

2020-04-22 15:01:26 - [TEST_STEP][PASSED] - " Verify Returned Page Detail          |": null

2020-04-22 15:01:26 - [TEST_STEP][PASSED] - callTestCase(findTestCase("Reusable_Test_Sequences/Web_Office/Verification/Settings/Members_Area/Downloads"), [:], OPTIONAL): Call Test Case 'Test Cases/Reusable_Test_Sequences/Web_Office/Verification/Settings/Members_Area/Downloads' successfully

2020-04-22 15:01:26 - [TEST_CASE][PASSED] - Test Cases/Reusable_Test_Sequences/Web_Office/Verification/Settings/Members_Area/Downloads: Test Cases/Reusable_Test_Sequences/Web_Office/Verification/Settings/Members_Area/Downloads

2020-04-22 15:01:26 - [TEST_STEP][PASSED] - waitForPageLoad(60): Wait for page load successfully

2020-04-22 15:01:26 - [MESSAGE][PASSED] - Wait for page load successfully

2020-04-22 15:01:26 - [TEST_STEP][PASSED] - delay(1): Delayed 1 second(s)

2020-04-22 15:01:27 - [MESSAGE][PASSED] - Delayed 1 second(s)

2020-04-22 15:01:27 - [TEST_STEP][PASSED] - verifyTextPresent("Member Downloads", false): Text 'Member Downloads' is present on page 

2020-04-22 15:01:28 - [MESSAGE][PASSED] - Text 'Member Downloads' is present on page 

2020-04-22 15:01:28 - [TEST_STEP][PASSED] - "----------------------------------------------": null

2020-04-22 15:01:28 - [TEST_STEP][PASSED] - verifyTextPresent("Title", false): Text 'Title' is present on page 

2020-04-22 15:01:28 - [MESSAGE][PASSED] - Text 'Title' is present on page 

2020-04-22 15:01:28 - [TEST_STEP][PASSED] - verifyTextPresent("Description", false): Text 'Description' is present on page 

2020-04-22 15:01:29 - [MESSAGE][PASSED] - Text 'Description' is present on page 

2020-04-22 15:01:29 - [TEST_STEP][PASSED] - verifyTextPresent("In Use", false): Text 'In Use' is present on page 

2020-04-22 15:01:29 - [MESSAGE][PASSED] - Text 'In Use' is present on page 

2020-04-22 15:01:29 - [TEST_STEP][PASSED] - verifyTextPresent("Template Changed", false): Text 'Template Changed' is present on page 

2020-04-22 15:01:30 - [MESSAGE][PASSED] - Text 'Template Changed' is present on page 

2020-04-22 15:01:30 - [TEST_STEP][PASSED] - "----------------------------------------------": null

2020-04-22 15:01:30 - [TEST_STEP][PASSED] - "----------------------------------------------": null

2020-04-22 15:01:30 - [TEST_STEP][PASSED] - verifyTextPresent("Job sign off", false): Text 'Job sign off' is present on page 

2020-04-22 15:01:30 - [MESSAGE][PASSED] - Text 'Job sign off' is present on page 

2020-04-22 15:01:30 - [TEST_STEP][PASSED] - verifyTextPresent("Customers to sign off work on completion", false): Text 'Customers to sign off work on completion' is present on page 

2020-04-22 15:01:31 - [MESSAGE][PASSED] - Text 'Customers to sign off work on completion' is present on page 

2020-04-22 15:01:31 - [TEST_STEP][PASSED] - verifyTextPresent("Yes", false): Text 'Yes' is present on page 

2020-04-22 15:01:31 - [MESSAGE][PASSED] - Text 'Yes' is present on page 

2020-04-22 15:01:31 - [TEST_STEP][PASSED] - verifyTextPresent("Edit", false): Text 'Edit' is present on page 

2020-04-22 15:01:32 - [MESSAGE][PASSED] - Text 'Edit' is present on page 

2020-04-22 15:01:32 - [TEST_STEP][PASSED] - verifyTextPresent("Upload", false): Text 'Upload' is present on page 

2020-04-22 15:01:32 - [MESSAGE][PASSED] - Text 'Upload' is present on page 

2020-04-22 15:01:32 - [TEST_STEP][PASSED] - "----------------------------------------------": null

2020-04-22 15:01:32 - [TEST_STEP][PASSED] - verifyTextPresent("Add New Document", false): Text 'Add New Document' is present on page 

2020-04-22 15:01:33 - [MESSAGE][PASSED] - Text 'Add New Document' is present on page 

2020-04-22 15:01:33 - [TEST_STEP][PASSED] - verifyTextPresent("Title:", false): Text 'Title:' is present on page 

2020-04-22 15:01:33 - [MESSAGE][PASSED] - Text 'Title:' is present on page 

2020-04-22 15:01:33 - [TEST_STEP][PASSED] - verifyTextPresent("Description:", false): Text 'Description:' is present on page 

2020-04-22 15:01:33 - [MESSAGE][PASSED] - Text 'Description:' is present on page 

2020-04-22 15:01:33 - [TEST_STEP][PASSED] - verifyTextPresent("File to upload:", false): Text 'File to upload:' is present on page 

2020-04-22 15:01:34 - [MESSAGE][PASSED] - Text 'File to upload:' is present on page 

2020-04-22 15:01:34 - [MESSAGE][PASSED] - Call Test Case 'Test Cases/Reusable_Test_Sequences/Web_Office/Verification/Settings/Members_Area/Downloads' successfully

2020-04-22 15:01:34 - [TEST_STEP][PASSED] - "--------------------------": null

2020-04-22 15:01:34 - [TEST_STEP][PASSED] - " Teardown - CLose Browser |": null

2020-04-22 15:01:34 - [TEST_STEP][PASSED] - callTestCase(findTestCase("Reusable_Test_Sequences/CAT_Teardown"), [:], OPTIONAL): Call Test Case 'Test Cases/Reusable_Test_Sequences/CAT_Teardown' successfully

2020-04-22 15:01:34 - [TEST_CASE][PASSED] - Test Cases/Reusable_Test_Sequences/CAT_Teardown: Test Cases/Reusable_Test_Sequences/CAT_Teardown

2020-04-22 15:01:34 - [TEST_STEP][PASSED] - closeBrowser(): Browser is closed

2020-04-22 15:01:35 - [MESSAGE][PASSED] - Browser is closed

2020-04-22 15:01:35 - [TEST_STEP][PASSED] - super.finalize(): null

2020-04-22 15:01:35 - [TEST_STEP][PASSED] - System.gc(): null

2020-04-22 15:01:35 - [MESSAGE][PASSED] - Call Test Case 'Test Cases/Reusable_Test_Sequences/CAT_Teardown' successfully]]></system-out>
         <system-err><![CDATA[]]></system-err>
      </testcase>
      <testcase name="Test Cases/Web_Office/Settings/Members_Area/AskKev" time="21.702" classname="Test Cases/Web_Office/Settings/Members_Area/AskKev" status="PASSED">
         <system-out><![CDATA[2020-04-22 15:01:35 - [TEST_CASE][PASSED] - Test Cases/Web_Office/Settings/Members_Area/AskKev: Test Cases/Web_Office/Settings/Members_Area/AskKev

2020-04-22 15:01:35 - [TEST_STEP][PASSED] - "--------------------------------------": null

2020-04-22 15:01:35 - [TEST_STEP][PASSED] - " Web Office StartUp                  |": null

2020-04-22 15:01:35 - [TEST_STEP][PASSED] - callTestCase(findTestCase("Reusable_Test_Sequences/Web_Office/Directives/WebOffice_StartUp"), [:], STOP_ON_FAILURE): Call Test Case 'Test Cases/Reusable_Test_Sequences/Web_Office/Directives/WebOffice_StartUp' successfully

2020-04-22 15:01:35 - [TEST_CASE][PASSED] - Test Cases/Reusable_Test_Sequences/Web_Office/Directives/WebOffice_StartUp: Test Cases/Reusable_Test_Sequences/Web_Office/Directives/WebOffice_StartUp

2020-04-22 15:01:35 - [TEST_STEP][PASSED] - "-----------------------------------------------------------------------------": null

2020-04-22 15:01:35 - [TEST_STEP][PASSED] - if (URL == "https://www.dev.checkatrade.com/"): null

2020-04-22 15:01:35 - [TEST_STEP][PASSED] - "-----------------------------------------------------------------------------": null

2020-04-22 15:01:35 - [TEST_STEP][PASSED] - if (URL == "https://www.checkatrade.com/"): null

2020-04-22 15:01:35 - [TEST_STEP][PASSED] - "-----------------------------------------------------------------------------": null

2020-04-22 15:01:35 - [TEST_STEP][PASSED] - if (URL == "https://www.preview.checkatrade.com/"): null

2020-04-22 15:01:35 - [TEST_STEP][PASSED] - WebOfficeURL = "https://admin.preview.checkatrade.com/": null

2020-04-22 15:01:35 - [TEST_STEP][PASSED] - if (URL == "https://www.dev2.checkatrade.com/"): null

2020-04-22 15:01:35 - [TEST_STEP][PASSED] - "Set Function Area for "URL_Handler", URL Resolution": null

2020-04-22 15:01:35 - [TEST_STEP][PASSED] - "Do Some Magic with URL(s) See the comments within URL Handler ": null

2020-04-22 15:01:35 - [TEST_STEP][PASSED] - "------------------------------------------------": null

2020-04-22 15:01:35 - [TEST_STEP][PASSED] - "Moved Login Credentials to <Default> profile 22/01/2020": null

2020-04-22 15:01:35 - [TEST_STEP][PASSED] - "------------------------------------------------": null

2020-04-22 15:01:35 - [TEST_STEP][PASSED] - "WebOfficeURL - Set from the ENVIRONMENT PROFILE ": null

2020-04-22 15:01:35 - [TEST_STEP][PASSED] - "OPEN BROWSER": null

2020-04-22 15:01:35 - [TEST_STEP][PASSED] - "eg - https://admin.preview.checkatrade.com/  ": null

2020-04-22 15:01:35 - [TEST_STEP][PASSED] - openBrowser(WebOfficeURL): Browser is opened with url: 'https://admin.preview.checkatrade.com/'

2020-04-22 15:01:35 - [MESSAGE][INFO] - Starting 'Chrome' driver

2020-04-22 15:01:35 - [MESSAGE][INFO] - Action delay is set to 0 milliseconds

2020-04-22 15:01:43 - [MESSAGE][PASSED] - Browser is opened with url: 'https://admin.preview.checkatrade.com/'

2020-04-22 15:01:43 - [TEST_STEP][PASSED] - maximizeWindow(): Current window maximized

2020-04-22 15:01:45 - [MESSAGE][PASSED] - Current window maximized

2020-04-22 15:01:45 - [TEST_STEP][PASSED] - waitForElementClickable(findTestObject("Object Repository/WebOffice/Page_Checkatrade - Administration - Login/Login_Button"), 25): Object 'Object Repository/WebOffice/Page_Checkatrade - Administration - Login/Login_Button' is clickable

2020-04-22 15:01:45 - [MESSAGE][PASSED] - Object 'Object Repository/WebOffice/Page_Checkatrade - Administration - Login/Login_Button' is clickable

2020-04-22 15:01:45 - [TEST_STEP][PASSED] - verifyTextPresent("Checkatrade Web Office", false): Text 'Checkatrade Web Office' is present on page 

2020-04-22 15:01:45 - [MESSAGE][PASSED] - Text 'Checkatrade Web Office' is present on page 

2020-04-22 15:01:45 - [TEST_STEP][PASSED] - verifyTextPresent("Access for staff use only", false): Text 'Access for staff use only' is present on page 

2020-04-22 15:01:46 - [MESSAGE][PASSED] - Text 'Access for staff use only' is present on page 

2020-04-22 15:01:46 - [TEST_STEP][PASSED] - verifyTextPresent("Forgotten password?", false): Text 'Forgotten password?' is present on page 

2020-04-22 15:01:46 - [MESSAGE][PASSED] - Text 'Forgotten password?' is present on page 

2020-04-22 15:01:46 - [TEST_STEP][PASSED] - setText(findTestObject("Object Repository/WebOffice/Page_Checkatrade - Administration - Login/input_Username_LoginControlUserName"), wo_Username): Text 'DavidHo' is set on object 'Object Repository/WebOffice/Page_Checkatrade - Administration - Login/input_Username_LoginControlUserName'

2020-04-22 15:01:46 - [MESSAGE][PASSED] - Text 'DavidHo' is set on object 'Object Repository/WebOffice/Page_Checkatrade - Administration - Login/input_Username_LoginControlUserName'

2020-04-22 15:01:46 - [TEST_STEP][PASSED] - setText(findTestObject("Object Repository/WebOffice/Page_Checkatrade - Administration - Login/input_Password_LoginControlPassword"), wo_Password): Text 'Check123' is set on object 'Object Repository/WebOffice/Page_Checkatrade - Administration - Login/input_Password_LoginControlPassword'

2020-04-22 15:01:46 - [MESSAGE][PASSED] - Text 'Check123' is set on object 'Object Repository/WebOffice/Page_Checkatrade - Administration - Login/input_Password_LoginControlPassword'

2020-04-22 15:01:46 - [TEST_STEP][PASSED] - click(findTestObject("Object Repository/WebOffice/Page_Checkatrade - Administration - Login/Login_Button")): Object: 'Object Repository/WebOffice/Page_Checkatrade - Administration - Login/Login_Button' is clicked on

2020-04-22 15:01:48 - [MESSAGE][PASSED] - Object: 'Object Repository/WebOffice/Page_Checkatrade - Administration - Login/Login_Button' is clicked on

2020-04-22 15:01:48 - [TEST_STEP][PASSED] - waitForPageLoad(60): Wait for page load successfully

2020-04-22 15:01:48 - [MESSAGE][PASSED] - Wait for page load successfully

2020-04-22 15:01:48 - [TEST_STEP][PASSED] - verifyTextPresent("Welcome " + wo_Username, false): Text 'Welcome DavidHo' is present on page 

2020-04-22 15:01:49 - [MESSAGE][PASSED] - Text 'Welcome DavidHo' is present on page 

2020-04-22 15:01:49 - [MESSAGE][PASSED] - Call Test Case 'Test Cases/Reusable_Test_Sequences/Web_Office/Directives/WebOffice_StartUp' successfully

2020-04-22 15:01:49 - [TEST_STEP][PASSED] - "-----------------------------------------------------------------": null

2020-04-22 15:01:49 - [TEST_STEP][PASSED] - " Navigate to <Settings->Checkatrade.Com->Sub Item> Menu Item     |": null

2020-04-22 15:01:49 - [TEST_STEP][PASSED] - callTestCase(findTestCase("Reusable_Test_Sequences/Web_Office/Navigation/Sub_Menu_Navigation/Settings/Members_Area/AskKev"), [:], STOP_ON_FAILURE): Call Test Case 'Test Cases/Reusable_Test_Sequences/Web_Office/Navigation/Sub_Menu_Navigation/Settings/Members_Area/AskKev' successfully

2020-04-22 15:01:49 - [TEST_CASE][PASSED] - Test Cases/Reusable_Test_Sequences/Web_Office/Navigation/Sub_Menu_Navigation/Settings/Members_Area/AskKev: Test Cases/Reusable_Test_Sequences/Web_Office/Navigation/Sub_Menu_Navigation/Settings/Members_Area/AskKev

2020-04-22 15:01:49 - [TEST_STEP][PASSED] - "--------------------------------------": null

2020-04-22 15:01:49 - [TEST_STEP][PASSED] - " Navigate Top level menu Item         |": null

2020-04-22 15:01:49 - [TEST_STEP][PASSED] - waitForPageLoad(60): Wait for page load successfully

2020-04-22 15:01:49 - [MESSAGE][PASSED] - Wait for page load successfully

2020-04-22 15:01:49 - [TEST_STEP][PASSED] - waitForElementClickable(findTestObject("Object Repository/WebOffice_Home_page/a_Settings"), 60): Object 'Object Repository/WebOffice_Home_page/a_Settings' is clickable

2020-04-22 15:01:49 - [MESSAGE][PASSED] - Object 'Object Repository/WebOffice_Home_page/a_Settings' is clickable

2020-04-22 15:01:49 - [TEST_STEP][PASSED] - mouseOver(findTestObject("Object Repository/WebOffice_Home_page/a_Settings")): Object: 'Object Repository/WebOffice_Home_page/a_Settings' is hovered

2020-04-22 15:01:50 - [MESSAGE][PASSED] - Object: 'Object Repository/WebOffice_Home_page/a_Settings' is hovered

2020-04-22 15:01:50 - [TEST_STEP][PASSED] - mouseOver(findTestObject("Object Repository/WebOffice_Home_page/a_Members Area")): Object: 'Object Repository/WebOffice_Home_page/a_Members Area' is hovered

2020-04-22 15:01:50 - [MESSAGE][PASSED] - Object: 'Object Repository/WebOffice_Home_page/a_Members Area' is hovered

2020-04-22 15:01:50 - [TEST_STEP][PASSED] - waitForElementClickable(findTestObject("Object Repository/WebOffice_Home_page/a_AskKev"), 1): Object 'Object Repository/WebOffice_Home_page/a_AskKev' is clickable

2020-04-22 15:01:50 - [MESSAGE][PASSED] - Object 'Object Repository/WebOffice_Home_page/a_AskKev' is clickable

2020-04-22 15:01:50 - [TEST_STEP][PASSED] - click(findTestObject("Object Repository/WebOffice_Home_page/a_AskKev")): Object: 'Object Repository/WebOffice_Home_page/a_AskKev' is clicked on

2020-04-22 15:01:51 - [MESSAGE][PASSED] - Object: 'Object Repository/WebOffice_Home_page/a_AskKev' is clicked on

2020-04-22 15:01:51 - [MESSAGE][PASSED] - Call Test Case 'Test Cases/Reusable_Test_Sequences/Web_Office/Navigation/Sub_Menu_Navigation/Settings/Members_Area/AskKev' successfully

2020-04-22 15:01:51 - [TEST_STEP][PASSED] - "--------------------------------------": null

2020-04-22 15:01:51 - [TEST_STEP][PASSED] - " Verify Returned Page Detail          |": null

2020-04-22 15:01:51 - [TEST_STEP][PASSED] - callTestCase(findTestCase("Reusable_Test_Sequences/Web_Office/Verification/Settings/Members_Area/AskKev"), [:], OPTIONAL): Call Test Case 'Test Cases/Reusable_Test_Sequences/Web_Office/Verification/Settings/Members_Area/AskKev' successfully

2020-04-22 15:01:51 - [TEST_CASE][PASSED] - Test Cases/Reusable_Test_Sequences/Web_Office/Verification/Settings/Members_Area/AskKev: Test Cases/Reusable_Test_Sequences/Web_Office/Verification/Settings/Members_Area/AskKev

2020-04-22 15:01:52 - [TEST_STEP][PASSED] - waitForPageLoad(60): Wait for page load successfully

2020-04-22 15:01:52 - [MESSAGE][PASSED] - Wait for page load successfully

2020-04-22 15:01:52 - [TEST_STEP][PASSED] - delay(1): Delayed 1 second(s)

2020-04-22 15:01:53 - [MESSAGE][PASSED] - Delayed 1 second(s)

2020-04-22 15:01:53 - [TEST_STEP][PASSED] - verifyTextPresent("AskKev Questions", false): Text 'AskKev Questions' is present on page 

2020-04-22 15:01:53 - [MESSAGE][PASSED] - Text 'AskKev Questions' is present on page 

2020-04-22 15:01:53 - [TEST_STEP][PASSED] - "----------------------------------------------": null

2020-04-22 15:01:53 - [TEST_STEP][PASSED] - "----------------------------------------------": null

2020-04-22 15:01:53 - [TEST_STEP][PASSED] - verifyTextPresent("Hi. How I can change my Web address on my profile?", false): Text 'Hi. How I can change my Web address on my profile?' is present on page 

2020-04-22 15:01:54 - [MESSAGE][PASSED] - Text 'Hi. How I can change my Web address on my profile?' is present on page 

2020-04-22 15:01:54 - [TEST_STEP][PASSED] - verifyTextPresent("i want to change my email address & website Address", false): Text 'i want to change my email address & website Address' is present on page 

2020-04-22 15:01:54 - [MESSAGE][PASSED] - Text 'i want to change my email address & website Address' is present on page 

2020-04-22 15:01:54 - [TEST_STEP][PASSED] - verifyTextPresent("Hi Kevin i have sent you two emails regarding us being unable post our photos onto our feedback still no reply. regards", false): Text 'Hi Kevin i have sent you two emails regarding us being unable post our photos onto our feedback still no reply. regards' is present on page 

2020-04-22 15:01:55 - [MESSAGE][PASSED] - Text 'Hi Kevin i have sent you two emails regarding us being unable post our photos onto our feedback still no reply. regards' is present on page 

2020-04-22 15:01:55 - [MESSAGE][PASSED] - Call Test Case 'Test Cases/Reusable_Test_Sequences/Web_Office/Verification/Settings/Members_Area/AskKev' successfully

2020-04-22 15:01:55 - [TEST_STEP][PASSED] - "--------------------------": null

2020-04-22 15:01:55 - [TEST_STEP][PASSED] - " Teardown - CLose Browser |": null

2020-04-22 15:01:55 - [TEST_STEP][PASSED] - callTestCase(findTestCase("Reusable_Test_Sequences/CAT_Teardown"), [:], OPTIONAL): Call Test Case 'Test Cases/Reusable_Test_Sequences/CAT_Teardown' successfully

2020-04-22 15:01:55 - [TEST_CASE][PASSED] - Test Cases/Reusable_Test_Sequences/CAT_Teardown: Test Cases/Reusable_Test_Sequences/CAT_Teardown

2020-04-22 15:01:55 - [TEST_STEP][PASSED] - closeBrowser(): Browser is closed

2020-04-22 15:01:57 - [MESSAGE][PASSED] - Browser is closed

2020-04-22 15:01:57 - [TEST_STEP][PASSED] - super.finalize(): null

2020-04-22 15:01:57 - [TEST_STEP][PASSED] - System.gc(): null

2020-04-22 15:01:57 - [MESSAGE][PASSED] - Call Test Case 'Test Cases/Reusable_Test_Sequences/CAT_Teardown' successfully]]></system-out>
         <system-err><![CDATA[]]></system-err>
      </testcase>
      <testcase name="Test Cases/Web_Office/Settings/Members_Area/Members_Panel_Suggestions" time="29.103" classname="Test Cases/Web_Office/Settings/Members_Area/Members_Panel_Suggestions" status="PASSED">
         <system-out><![CDATA[2020-04-22 15:01:57 - [TEST_CASE][PASSED] - Test Cases/Web_Office/Settings/Members_Area/Members_Panel_Suggestions: Test Cases/Web_Office/Settings/Members_Area/Members_Panel_Suggestions

2020-04-22 15:01:57 - [TEST_STEP][PASSED] - "--------------------------------------": null

2020-04-22 15:01:57 - [TEST_STEP][PASSED] - " Web Office StartUp                  |": null

2020-04-22 15:01:57 - [TEST_STEP][PASSED] - callTestCase(findTestCase("Reusable_Test_Sequences/Web_Office/Directives/WebOffice_StartUp"), [:], STOP_ON_FAILURE): Call Test Case 'Test Cases/Reusable_Test_Sequences/Web_Office/Directives/WebOffice_StartUp' successfully

2020-04-22 15:01:57 - [TEST_CASE][PASSED] - Test Cases/Reusable_Test_Sequences/Web_Office/Directives/WebOffice_StartUp: Test Cases/Reusable_Test_Sequences/Web_Office/Directives/WebOffice_StartUp

2020-04-22 15:01:57 - [TEST_STEP][PASSED] - "-----------------------------------------------------------------------------": null

2020-04-22 15:01:57 - [TEST_STEP][PASSED] - if (URL == "https://www.dev.checkatrade.com/"): null

2020-04-22 15:01:57 - [TEST_STEP][PASSED] - "-----------------------------------------------------------------------------": null

2020-04-22 15:01:57 - [TEST_STEP][PASSED] - if (URL == "https://www.checkatrade.com/"): null

2020-04-22 15:01:57 - [TEST_STEP][PASSED] - "-----------------------------------------------------------------------------": null

2020-04-22 15:01:57 - [TEST_STEP][PASSED] - if (URL == "https://www.preview.checkatrade.com/"): null

2020-04-22 15:01:57 - [TEST_STEP][PASSED] - WebOfficeURL = "https://admin.preview.checkatrade.com/": null

2020-04-22 15:01:57 - [TEST_STEP][PASSED] - if (URL == "https://www.dev2.checkatrade.com/"): null

2020-04-22 15:01:57 - [TEST_STEP][PASSED] - "Set Function Area for "URL_Handler", URL Resolution": null

2020-04-22 15:01:57 - [TEST_STEP][PASSED] - "Do Some Magic with URL(s) See the comments within URL Handler ": null

2020-04-22 15:01:57 - [TEST_STEP][PASSED] - "------------------------------------------------": null

2020-04-22 15:01:57 - [TEST_STEP][PASSED] - "Moved Login Credentials to <Default> profile 22/01/2020": null

2020-04-22 15:01:57 - [TEST_STEP][PASSED] - "------------------------------------------------": null

2020-04-22 15:01:57 - [TEST_STEP][PASSED] - "WebOfficeURL - Set from the ENVIRONMENT PROFILE ": null

2020-04-22 15:01:57 - [TEST_STEP][PASSED] - "OPEN BROWSER": null

2020-04-22 15:01:57 - [TEST_STEP][PASSED] - "eg - https://admin.preview.checkatrade.com/  ": null

2020-04-22 15:01:57 - [TEST_STEP][PASSED] - openBrowser(WebOfficeURL): Browser is opened with url: 'https://admin.preview.checkatrade.com/'

2020-04-22 15:01:57 - [MESSAGE][INFO] - Starting 'Chrome' driver

2020-04-22 15:01:57 - [MESSAGE][INFO] - Action delay is set to 0 milliseconds

2020-04-22 15:02:04 - [MESSAGE][PASSED] - Browser is opened with url: 'https://admin.preview.checkatrade.com/'

2020-04-22 15:02:04 - [TEST_STEP][PASSED] - maximizeWindow(): Current window maximized

2020-04-22 15:02:06 - [MESSAGE][PASSED] - Current window maximized

2020-04-22 15:02:06 - [TEST_STEP][PASSED] - waitForElementClickable(findTestObject("Object Repository/WebOffice/Page_Checkatrade - Administration - Login/Login_Button"), 25): Object 'Object Repository/WebOffice/Page_Checkatrade - Administration - Login/Login_Button' is clickable

2020-04-22 15:02:07 - [MESSAGE][PASSED] - Object 'Object Repository/WebOffice/Page_Checkatrade - Administration - Login/Login_Button' is clickable

2020-04-22 15:02:07 - [TEST_STEP][PASSED] - verifyTextPresent("Checkatrade Web Office", false): Text 'Checkatrade Web Office' is present on page 

2020-04-22 15:02:07 - [MESSAGE][PASSED] - Text 'Checkatrade Web Office' is present on page 

2020-04-22 15:02:07 - [TEST_STEP][PASSED] - verifyTextPresent("Access for staff use only", false): Text 'Access for staff use only' is present on page 

2020-04-22 15:02:07 - [MESSAGE][PASSED] - Text 'Access for staff use only' is present on page 

2020-04-22 15:02:07 - [TEST_STEP][PASSED] - verifyTextPresent("Forgotten password?", false): Text 'Forgotten password?' is present on page 

2020-04-22 15:02:07 - [MESSAGE][PASSED] - Text 'Forgotten password?' is present on page 

2020-04-22 15:02:07 - [TEST_STEP][PASSED] - setText(findTestObject("Object Repository/WebOffice/Page_Checkatrade - Administration - Login/input_Username_LoginControlUserName"), wo_Username): Text 'DavidHo' is set on object 'Object Repository/WebOffice/Page_Checkatrade - Administration - Login/input_Username_LoginControlUserName'

2020-04-22 15:02:07 - [MESSAGE][PASSED] - Text 'DavidHo' is set on object 'Object Repository/WebOffice/Page_Checkatrade - Administration - Login/input_Username_LoginControlUserName'

2020-04-22 15:02:07 - [TEST_STEP][PASSED] - setText(findTestObject("Object Repository/WebOffice/Page_Checkatrade - Administration - Login/input_Password_LoginControlPassword"), wo_Password): Text 'Check123' is set on object 'Object Repository/WebOffice/Page_Checkatrade - Administration - Login/input_Password_LoginControlPassword'

2020-04-22 15:02:07 - [MESSAGE][PASSED] - Text 'Check123' is set on object 'Object Repository/WebOffice/Page_Checkatrade - Administration - Login/input_Password_LoginControlPassword'

2020-04-22 15:02:07 - [TEST_STEP][PASSED] - click(findTestObject("Object Repository/WebOffice/Page_Checkatrade - Administration - Login/Login_Button")): Object: 'Object Repository/WebOffice/Page_Checkatrade - Administration - Login/Login_Button' is clicked on

2020-04-22 15:02:10 - [MESSAGE][PASSED] - Object: 'Object Repository/WebOffice/Page_Checkatrade - Administration - Login/Login_Button' is clicked on

2020-04-22 15:02:10 - [TEST_STEP][PASSED] - waitForPageLoad(60): Wait for page load successfully

2020-04-22 15:02:10 - [MESSAGE][PASSED] - Wait for page load successfully

2020-04-22 15:02:10 - [TEST_STEP][PASSED] - verifyTextPresent("Welcome " + wo_Username, false): Text 'Welcome DavidHo' is present on page 

2020-04-22 15:02:11 - [MESSAGE][PASSED] - Text 'Welcome DavidHo' is present on page 

2020-04-22 15:02:11 - [MESSAGE][PASSED] - Call Test Case 'Test Cases/Reusable_Test_Sequences/Web_Office/Directives/WebOffice_StartUp' successfully

2020-04-22 15:02:11 - [TEST_STEP][PASSED] - "-----------------------------------------------------------------": null

2020-04-22 15:02:11 - [TEST_STEP][PASSED] - " Navigate to <Settings->Checkatrade.Com->Sub Item> Menu Item     |": null

2020-04-22 15:02:11 - [TEST_STEP][PASSED] - callTestCase(findTestCase("Reusable_Test_Sequences/Web_Office/Navigation/Sub_Menu_Navigation/Settings/Members_Area/Members_Panel_Suggestions"), [:], STOP_ON_FAILURE): Call Test Case 'Test Cases/Reusable_Test_Sequences/Web_Office/Navigation/Sub_Menu_Navigation/Settings/Members_Area/Members_Panel_Suggestions' successfully

2020-04-22 15:02:11 - [TEST_CASE][PASSED] - Test Cases/Reusable_Test_Sequences/Web_Office/Navigation/Sub_Menu_Navigation/Settings/Members_Area/Members_Panel_Suggestions: Test Cases/Reusable_Test_Sequences/Web_Office/Navigation/Sub_Menu_Navigation/Settings/Members_Area/Members_Panel_Suggestions

2020-04-22 15:02:11 - [TEST_STEP][PASSED] - "--------------------------------------": null

2020-04-22 15:02:11 - [TEST_STEP][PASSED] - " Navigate Top level menu Item         |": null

2020-04-22 15:02:11 - [TEST_STEP][PASSED] - waitForPageLoad(60): Wait for page load successfully

2020-04-22 15:02:11 - [MESSAGE][PASSED] - Wait for page load successfully

2020-04-22 15:02:11 - [TEST_STEP][PASSED] - waitForElementClickable(findTestObject("Object Repository/WebOffice_Home_page/a_Settings"), 60): Object 'Object Repository/WebOffice_Home_page/a_Settings' is clickable

2020-04-22 15:02:11 - [MESSAGE][PASSED] - Object 'Object Repository/WebOffice_Home_page/a_Settings' is clickable

2020-04-22 15:02:11 - [TEST_STEP][PASSED] - mouseOver(findTestObject("Object Repository/WebOffice_Home_page/a_Settings")): Object: 'Object Repository/WebOffice_Home_page/a_Settings' is hovered

2020-04-22 15:02:12 - [MESSAGE][PASSED] - Object: 'Object Repository/WebOffice_Home_page/a_Settings' is hovered

2020-04-22 15:02:12 - [TEST_STEP][PASSED] - mouseOver(findTestObject("Object Repository/WebOffice_Home_page/a_Members Area")): Object: 'Object Repository/WebOffice_Home_page/a_Members Area' is hovered

2020-04-22 15:02:12 - [MESSAGE][PASSED] - Object: 'Object Repository/WebOffice_Home_page/a_Members Area' is hovered

2020-04-22 15:02:12 - [TEST_STEP][PASSED] - waitForElementClickable(findTestObject("Object Repository/WebOffice_Home_page/a_Members Panel Suggestions"), 1): Object 'Object Repository/WebOffice_Home_page/a_Members Panel Suggestions' is clickable

2020-04-22 15:02:12 - [MESSAGE][PASSED] - Object 'Object Repository/WebOffice_Home_page/a_Members Panel Suggestions' is clickable

2020-04-22 15:02:12 - [TEST_STEP][PASSED] - click(findTestObject("Object Repository/WebOffice_Home_page/a_Members Panel Suggestions")): Object: 'Object Repository/WebOffice_Home_page/a_Members Panel Suggestions' is clicked on

2020-04-22 15:02:18 - [MESSAGE][PASSED] - Object: 'Object Repository/WebOffice_Home_page/a_Members Panel Suggestions' is clicked on

2020-04-22 15:02:18 - [MESSAGE][PASSED] - Call Test Case 'Test Cases/Reusable_Test_Sequences/Web_Office/Navigation/Sub_Menu_Navigation/Settings/Members_Area/Members_Panel_Suggestions' successfully

2020-04-22 15:02:18 - [TEST_STEP][PASSED] - "--------------------------------------": null

2020-04-22 15:02:18 - [TEST_STEP][PASSED] - " Verify Returned Page Detail          |": null

2020-04-22 15:02:18 - [TEST_STEP][PASSED] - callTestCase(findTestCase("Reusable_Test_Sequences/Web_Office/Verification/Settings/Members_Area/Members_Panel_Suggestions"), [:], OPTIONAL): Call Test Case 'Test Cases/Reusable_Test_Sequences/Web_Office/Verification/Settings/Members_Area/Members_Panel_Suggestions' successfully

2020-04-22 15:02:18 - [TEST_CASE][PASSED] - Test Cases/Reusable_Test_Sequences/Web_Office/Verification/Settings/Members_Area/Members_Panel_Suggestions: Test Cases/Reusable_Test_Sequences/Web_Office/Verification/Settings/Members_Area/Members_Panel_Suggestions

2020-04-22 15:02:18 - [TEST_STEP][PASSED] - waitForPageLoad(60): Wait for page load successfully

2020-04-22 15:02:18 - [MESSAGE][PASSED] - Wait for page load successfully

2020-04-22 15:02:18 - [TEST_STEP][PASSED] - delay(1): Delayed 1 second(s)

2020-04-22 15:02:19 - [MESSAGE][PASSED] - Delayed 1 second(s)

2020-04-22 15:02:19 - [TEST_STEP][PASSED] - verifyTextPresent("Member Panel Suggestions", false): Text 'Member Panel Suggestions' is present on page 

2020-04-22 15:02:20 - [MESSAGE][PASSED] - Text 'Member Panel Suggestions' is present on page 

2020-04-22 15:02:20 - [TEST_STEP][PASSED] - "----------------------------------------------": null

2020-04-22 15:02:20 - [TEST_STEP][PASSED] - verifyTextPresent("Filter", false): Text 'Filter' is present on page 

2020-04-22 15:02:20 - [MESSAGE][PASSED] - Text 'Filter' is present on page 

2020-04-22 15:02:20 - [TEST_STEP][PASSED] - verifyTextPresent("Suggestion Status", false): Text 'Suggestion Status' is present on page 

2020-04-22 15:02:21 - [MESSAGE][PASSED] - Text 'Suggestion Status' is present on page 

2020-04-22 15:02:21 - [TEST_STEP][PASSED] - verifyTextPresent("Show", false): Text 'Show' is present on page 

2020-04-22 15:02:21 - [MESSAGE][PASSED] - Text 'Show' is present on page 

2020-04-22 15:02:21 - [TEST_STEP][PASSED] - verifyTextPresent("entries", false): Text 'entries' is present on page 

2020-04-22 15:02:21 - [MESSAGE][PASSED] - Text 'entries' is present on page 

2020-04-22 15:02:21 - [TEST_STEP][PASSED] - verifyTextPresent("Search", false): Text 'Search' is present on page 

2020-04-22 15:02:22 - [MESSAGE][PASSED] - Text 'Search' is present on page 

2020-04-22 15:02:22 - [TEST_STEP][PASSED] - "----------------------------------------------": null

2020-04-22 15:02:22 - [TEST_STEP][PASSED] - verifyTextPresent("Status", false): Text 'Status' is present on page 

2020-04-22 15:02:22 - [MESSAGE][PASSED] - Text 'Status' is present on page 

2020-04-22 15:02:22 - [TEST_STEP][PASSED] - verifyTextPresent("Category", false): Text 'Category' is present on page 

2020-04-22 15:02:22 - [MESSAGE][PASSED] - Text 'Category' is present on page 

2020-04-22 15:02:22 - [TEST_STEP][PASSED] - verifyTextPresent("Suggested by", false): Text 'Suggested by' is present on page 

2020-04-22 15:02:22 - [MESSAGE][PASSED] - Text 'Suggested by' is present on page 

2020-04-22 15:02:22 - [TEST_STEP][PASSED] - verifyTextPresent("Created Date", false): Text 'Created Date' is present on page 

2020-04-22 15:02:23 - [MESSAGE][PASSED] - Text 'Created Date' is present on page 

2020-04-22 15:02:23 - [TEST_STEP][PASSED] - "----------------------------------------------": null

2020-04-22 15:02:23 - [TEST_STEP][PASSED] - "----------------------------------------------": null

2020-04-22 15:02:23 - [TEST_STEP][PASSED] - verifyTextPresent("Archived", false): Text 'Archived' is present on page 

2020-04-22 15:02:23 - [MESSAGE][PASSED] - Text 'Archived' is present on page 

2020-04-22 15:02:23 - [TEST_STEP][PASSED] - verifyTextPresent("Members Area", false): Text 'Members Area' is present on page 

2020-04-22 15:02:24 - [MESSAGE][PASSED] - Text 'Members Area' is present on page 

2020-04-22 15:02:24 - [TEST_STEP][PASSED] - verifyTextPresent("Membership Advisor", false): Text 'Membership Advisor' is present on page 

2020-04-22 15:02:24 - [MESSAGE][PASSED] - Text 'Membership Advisor' is present on page 

2020-04-22 15:02:24 - [TEST_STEP][PASSED] - verifyTextPresent("Plastering Services", false): Text 'Plastering Services' is present on page 

2020-04-22 15:02:24 - [MESSAGE][PASSED] - Text 'Plastering Services' is present on page 

2020-04-22 15:02:24 - [TEST_STEP][PASSED] - verifyTextPresent("Misc.", false): Text 'Misc.' is present on page 

2020-04-22 15:02:25 - [MESSAGE][PASSED] - Text 'Misc.' is present on page 

2020-04-22 15:02:25 - [MESSAGE][PASSED] - Call Test Case 'Test Cases/Reusable_Test_Sequences/Web_Office/Verification/Settings/Members_Area/Members_Panel_Suggestions' successfully

2020-04-22 15:02:25 - [TEST_STEP][PASSED] - "--------------------------": null

2020-04-22 15:02:25 - [TEST_STEP][PASSED] - " Teardown - CLose Browser |": null

2020-04-22 15:02:25 - [TEST_STEP][PASSED] - callTestCase(findTestCase("Reusable_Test_Sequences/CAT_Teardown"), [:], OPTIONAL): Call Test Case 'Test Cases/Reusable_Test_Sequences/CAT_Teardown' successfully

2020-04-22 15:02:25 - [TEST_CASE][PASSED] - Test Cases/Reusable_Test_Sequences/CAT_Teardown: Test Cases/Reusable_Test_Sequences/CAT_Teardown

2020-04-22 15:02:25 - [TEST_STEP][PASSED] - closeBrowser(): Browser is closed

2020-04-22 15:02:26 - [MESSAGE][PASSED] - Browser is closed

2020-04-22 15:02:26 - [TEST_STEP][PASSED] - super.finalize(): null

2020-04-22 15:02:26 - [TEST_STEP][PASSED] - System.gc(): null

2020-04-22 15:02:26 - [MESSAGE][PASSED] - Call Test Case 'Test Cases/Reusable_Test_Sequences/CAT_Teardown' successfully]]></system-out>
         <system-err><![CDATA[]]></system-err>
      </testcase>
      <testcase name="Test Cases/Web_Office/Settings/Members_Area/Members_Panel_Minutes" time="20.93" classname="Test Cases/Web_Office/Settings/Members_Area/Members_Panel_Minutes" status="PASSED">
         <system-out><![CDATA[2020-04-22 15:02:26 - [TEST_CASE][PASSED] - Test Cases/Web_Office/Settings/Members_Area/Members_Panel_Minutes: Test Cases/Web_Office/Settings/Members_Area/Members_Panel_Minutes

2020-04-22 15:02:26 - [TEST_STEP][PASSED] - "--------------------------------------": null

2020-04-22 15:02:26 - [TEST_STEP][PASSED] - " Web Office StartUp                  |": null

2020-04-22 15:02:26 - [TEST_STEP][PASSED] - callTestCase(findTestCase("Reusable_Test_Sequences/Web_Office/Directives/WebOffice_StartUp"), [:], STOP_ON_FAILURE): Call Test Case 'Test Cases/Reusable_Test_Sequences/Web_Office/Directives/WebOffice_StartUp' successfully

2020-04-22 15:02:26 - [TEST_CASE][PASSED] - Test Cases/Reusable_Test_Sequences/Web_Office/Directives/WebOffice_StartUp: Test Cases/Reusable_Test_Sequences/Web_Office/Directives/WebOffice_StartUp

2020-04-22 15:02:26 - [TEST_STEP][PASSED] - "-----------------------------------------------------------------------------": null

2020-04-22 15:02:26 - [TEST_STEP][PASSED] - if (URL == "https://www.dev.checkatrade.com/"): null

2020-04-22 15:02:26 - [TEST_STEP][PASSED] - "-----------------------------------------------------------------------------": null

2020-04-22 15:02:26 - [TEST_STEP][PASSED] - if (URL == "https://www.checkatrade.com/"): null

2020-04-22 15:02:26 - [TEST_STEP][PASSED] - "-----------------------------------------------------------------------------": null

2020-04-22 15:02:26 - [TEST_STEP][PASSED] - if (URL == "https://www.preview.checkatrade.com/"): null

2020-04-22 15:02:26 - [TEST_STEP][PASSED] - WebOfficeURL = "https://admin.preview.checkatrade.com/": null

2020-04-22 15:02:26 - [TEST_STEP][PASSED] - if (URL == "https://www.dev2.checkatrade.com/"): null

2020-04-22 15:02:26 - [TEST_STEP][PASSED] - "Set Function Area for "URL_Handler", URL Resolution": null

2020-04-22 15:02:26 - [TEST_STEP][PASSED] - "Do Some Magic with URL(s) See the comments within URL Handler ": null

2020-04-22 15:02:26 - [TEST_STEP][PASSED] - "------------------------------------------------": null

2020-04-22 15:02:26 - [TEST_STEP][PASSED] - "Moved Login Credentials to <Default> profile 22/01/2020": null

2020-04-22 15:02:26 - [TEST_STEP][PASSED] - "------------------------------------------------": null

2020-04-22 15:02:26 - [TEST_STEP][PASSED] - "WebOfficeURL - Set from the ENVIRONMENT PROFILE ": null

2020-04-22 15:02:26 - [TEST_STEP][PASSED] - "OPEN BROWSER": null

2020-04-22 15:02:26 - [TEST_STEP][PASSED] - "eg - https://admin.preview.checkatrade.com/  ": null

2020-04-22 15:02:26 - [TEST_STEP][PASSED] - openBrowser(WebOfficeURL): Browser is opened with url: 'https://admin.preview.checkatrade.com/'

2020-04-22 15:02:26 - [MESSAGE][INFO] - Starting 'Chrome' driver

2020-04-22 15:02:26 - [MESSAGE][INFO] - Action delay is set to 0 milliseconds

2020-04-22 15:02:32 - [MESSAGE][PASSED] - Browser is opened with url: 'https://admin.preview.checkatrade.com/'

2020-04-22 15:02:32 - [TEST_STEP][PASSED] - maximizeWindow(): Current window maximized

2020-04-22 15:02:35 - [MESSAGE][PASSED] - Current window maximized

2020-04-22 15:02:35 - [TEST_STEP][PASSED] - waitForElementClickable(findTestObject("Object Repository/WebOffice/Page_Checkatrade - Administration - Login/Login_Button"), 25): Object 'Object Repository/WebOffice/Page_Checkatrade - Administration - Login/Login_Button' is clickable

2020-04-22 15:02:35 - [MESSAGE][PASSED] - Object 'Object Repository/WebOffice/Page_Checkatrade - Administration - Login/Login_Button' is clickable

2020-04-22 15:02:35 - [TEST_STEP][PASSED] - verifyTextPresent("Checkatrade Web Office", false): Text 'Checkatrade Web Office' is present on page 

2020-04-22 15:02:35 - [MESSAGE][PASSED] - Text 'Checkatrade Web Office' is present on page 

2020-04-22 15:02:35 - [TEST_STEP][PASSED] - verifyTextPresent("Access for staff use only", false): Text 'Access for staff use only' is present on page 

2020-04-22 15:02:35 - [MESSAGE][PASSED] - Text 'Access for staff use only' is present on page 

2020-04-22 15:02:35 - [TEST_STEP][PASSED] - verifyTextPresent("Forgotten password?", false): Text 'Forgotten password?' is present on page 

2020-04-22 15:02:35 - [MESSAGE][PASSED] - Text 'Forgotten password?' is present on page 

2020-04-22 15:02:35 - [TEST_STEP][PASSED] - setText(findTestObject("Object Repository/WebOffice/Page_Checkatrade - Administration - Login/input_Username_LoginControlUserName"), wo_Username): Text 'DavidHo' is set on object 'Object Repository/WebOffice/Page_Checkatrade - Administration - Login/input_Username_LoginControlUserName'

2020-04-22 15:02:35 - [MESSAGE][PASSED] - Text 'DavidHo' is set on object 'Object Repository/WebOffice/Page_Checkatrade - Administration - Login/input_Username_LoginControlUserName'

2020-04-22 15:02:35 - [TEST_STEP][PASSED] - setText(findTestObject("Object Repository/WebOffice/Page_Checkatrade - Administration - Login/input_Password_LoginControlPassword"), wo_Password): Text 'Check123' is set on object 'Object Repository/WebOffice/Page_Checkatrade - Administration - Login/input_Password_LoginControlPassword'

2020-04-22 15:02:35 - [MESSAGE][PASSED] - Text 'Check123' is set on object 'Object Repository/WebOffice/Page_Checkatrade - Administration - Login/input_Password_LoginControlPassword'

2020-04-22 15:02:35 - [TEST_STEP][PASSED] - click(findTestObject("Object Repository/WebOffice/Page_Checkatrade - Administration - Login/Login_Button")): Object: 'Object Repository/WebOffice/Page_Checkatrade - Administration - Login/Login_Button' is clicked on

2020-04-22 15:02:37 - [MESSAGE][PASSED] - Object: 'Object Repository/WebOffice/Page_Checkatrade - Administration - Login/Login_Button' is clicked on

2020-04-22 15:02:37 - [TEST_STEP][PASSED] - waitForPageLoad(60): Wait for page load successfully

2020-04-22 15:02:37 - [MESSAGE][PASSED] - Wait for page load successfully

2020-04-22 15:02:37 - [TEST_STEP][PASSED] - verifyTextPresent("Welcome " + wo_Username, false): Text 'Welcome DavidHo' is present on page 

2020-04-22 15:02:37 - [MESSAGE][PASSED] - Text 'Welcome DavidHo' is present on page 

2020-04-22 15:02:37 - [MESSAGE][PASSED] - Call Test Case 'Test Cases/Reusable_Test_Sequences/Web_Office/Directives/WebOffice_StartUp' successfully

2020-04-22 15:02:37 - [TEST_STEP][PASSED] - "-----------------------------------------------------------------": null

2020-04-22 15:02:37 - [TEST_STEP][PASSED] - " Navigate to <Settings->Checkatrade.Com->Sub Item> Menu Item     |": null

2020-04-22 15:02:37 - [TEST_STEP][PASSED] - callTestCase(findTestCase("Reusable_Test_Sequences/Web_Office/Navigation/Sub_Menu_Navigation/Settings/Members_Area/Members_Panel_Minutes"), [:], STOP_ON_FAILURE): Call Test Case 'Test Cases/Reusable_Test_Sequences/Web_Office/Navigation/Sub_Menu_Navigation/Settings/Members_Area/Members_Panel_Minutes' successfully

2020-04-22 15:02:37 - [TEST_CASE][PASSED] - Test Cases/Reusable_Test_Sequences/Web_Office/Navigation/Sub_Menu_Navigation/Settings/Members_Area/Members_Panel_Minutes: Test Cases/Reusable_Test_Sequences/Web_Office/Navigation/Sub_Menu_Navigation/Settings/Members_Area/Members_Panel_Minutes

2020-04-22 15:02:38 - [TEST_STEP][PASSED] - "--------------------------------------": null

2020-04-22 15:02:38 - [TEST_STEP][PASSED] - " Navigate Top level menu Item         |": null

2020-04-22 15:02:38 - [TEST_STEP][PASSED] - waitForPageLoad(60): Wait for page load successfully

2020-04-22 15:02:38 - [MESSAGE][PASSED] - Wait for page load successfully

2020-04-22 15:02:38 - [TEST_STEP][PASSED] - waitForElementClickable(findTestObject("Object Repository/WebOffice_Home_page/a_Settings"), 60): Object 'Object Repository/WebOffice_Home_page/a_Settings' is clickable

2020-04-22 15:02:38 - [MESSAGE][PASSED] - Object 'Object Repository/WebOffice_Home_page/a_Settings' is clickable

2020-04-22 15:02:38 - [TEST_STEP][PASSED] - mouseOver(findTestObject("Object Repository/WebOffice_Home_page/a_Settings")): Object: 'Object Repository/WebOffice_Home_page/a_Settings' is hovered

2020-04-22 15:02:38 - [MESSAGE][PASSED] - Object: 'Object Repository/WebOffice_Home_page/a_Settings' is hovered

2020-04-22 15:02:38 - [TEST_STEP][PASSED] - mouseOver(findTestObject("Object Repository/WebOffice_Home_page/a_Members Area")): Object: 'Object Repository/WebOffice_Home_page/a_Members Area' is hovered

2020-04-22 15:02:39 - [MESSAGE][PASSED] - Object: 'Object Repository/WebOffice_Home_page/a_Members Area' is hovered

2020-04-22 15:02:39 - [TEST_STEP][PASSED] - waitForElementClickable(findTestObject("Object Repository/WebOffice_Home_page/a_Members Panel Minutes"), 1): Object 'Object Repository/WebOffice_Home_page/a_Members Panel Minutes' is clickable

2020-04-22 15:02:39 - [MESSAGE][PASSED] - Object 'Object Repository/WebOffice_Home_page/a_Members Panel Minutes' is clickable

2020-04-22 15:02:39 - [TEST_STEP][PASSED] - click(findTestObject("Object Repository/WebOffice_Home_page/a_Members Panel Minutes")): Object: 'Object Repository/WebOffice_Home_page/a_Members Panel Minutes' is clicked on

2020-04-22 15:02:40 - [MESSAGE][PASSED] - Object: 'Object Repository/WebOffice_Home_page/a_Members Panel Minutes' is clicked on

2020-04-22 15:02:40 - [MESSAGE][PASSED] - Call Test Case 'Test Cases/Reusable_Test_Sequences/Web_Office/Navigation/Sub_Menu_Navigation/Settings/Members_Area/Members_Panel_Minutes' successfully

2020-04-22 15:02:40 - [TEST_STEP][PASSED] - "--------------------------------------": null

2020-04-22 15:02:40 - [TEST_STEP][PASSED] - " Verify Returned Page Detail          |": null

2020-04-22 15:02:40 - [TEST_STEP][PASSED] - callTestCase(findTestCase("Reusable_Test_Sequences/Web_Office/Verification/Settings/Members_Area/Members_Panel_Minutes"), [:], OPTIONAL): Call Test Case 'Test Cases/Reusable_Test_Sequences/Web_Office/Verification/Settings/Members_Area/Members_Panel_Minutes' successfully

2020-04-22 15:02:40 - [TEST_CASE][PASSED] - Test Cases/Reusable_Test_Sequences/Web_Office/Verification/Settings/Members_Area/Members_Panel_Minutes: Test Cases/Reusable_Test_Sequences/Web_Office/Verification/Settings/Members_Area/Members_Panel_Minutes

2020-04-22 15:02:41 - [TEST_STEP][PASSED] - waitForPageLoad(60): Wait for page load successfully

2020-04-22 15:02:41 - [MESSAGE][PASSED] - Wait for page load successfully

2020-04-22 15:02:41 - [TEST_STEP][PASSED] - delay(1): Delayed 1 second(s)

2020-04-22 15:02:42 - [MESSAGE][PASSED] - Delayed 1 second(s)

2020-04-22 15:02:42 - [TEST_STEP][PASSED] - verifyTextPresent("Members Panel Minutes", false): Text 'Members Panel Minutes' is present on page 

2020-04-22 15:02:43 - [MESSAGE][PASSED] - Text 'Members Panel Minutes' is present on page 

2020-04-22 15:02:43 - [TEST_STEP][PASSED] - "----------------------------------------------": null

2020-04-22 15:02:43 - [TEST_STEP][PASSED] - verifyTextPresent("Upload Members panel minutes", false): Text 'Upload Members panel minutes' is present on page 

2020-04-22 15:02:43 - [MESSAGE][PASSED] - Text 'Upload Members panel minutes' is present on page 

2020-04-22 15:02:43 - [TEST_STEP][PASSED] - verifyTextPresent("Select file", false): Text 'Select file' is present on page 

2020-04-22 15:02:43 - [MESSAGE][PASSED] - Text 'Select file' is present on page 

2020-04-22 15:02:43 - [TEST_STEP][PASSED] - verifyTextPresent("Select Date", false): Text 'Select Date' is present on page 

2020-04-22 15:02:43 - [MESSAGE][PASSED] - Text 'Select Date' is present on page 

2020-04-22 15:02:43 - [TEST_STEP][PASSED] - verifyTextPresent("Upload", false): Text 'Upload' is present on page 

2020-04-22 15:02:44 - [MESSAGE][PASSED] - Text 'Upload' is present on page 

2020-04-22 15:02:44 - [TEST_STEP][PASSED] - verifyTextPresent("Browse", false): Text 'Browse' is present on page 

2020-04-22 15:02:44 - [MESSAGE][PASSED] - Text 'Browse' is present on page 

2020-04-22 15:02:44 - [TEST_STEP][PASSED] - "----------------------------------------------": null

2020-04-22 15:02:44 - [TEST_STEP][PASSED] - verifyTextPresent("Previously Uploaded Minutes", false): Text 'Previously Uploaded Minutes' is present on page 

2020-04-22 15:02:44 - [MESSAGE][PASSED] - Text 'Previously Uploaded Minutes' is present on page 

2020-04-22 15:02:44 - [TEST_STEP][PASSED] - verifyTextPresent("Panel Meeting Minutes", false): Text 'Panel Meeting Minutes' is present on page 

2020-04-22 15:02:44 - [MESSAGE][PASSED] - Text 'Panel Meeting Minutes' is present on page 

2020-04-22 15:02:44 - [TEST_STEP][PASSED] - "----------------------------------------------": null

2020-04-22 15:02:44 - [TEST_STEP][PASSED] - verifyTextPresent("Set next members panel meeting date", false): Text 'Set next members panel meeting date' is present on page 

2020-04-22 15:02:45 - [MESSAGE][PASSED] - Text 'Set next members panel meeting date' is present on page 

2020-04-22 15:02:45 - [TEST_STEP][PASSED] - verifyTextPresent("Next Meeting Date Currently", false): Text 'Next Meeting Date Currently' is present on page 

2020-04-22 15:02:45 - [MESSAGE][PASSED] - Text 'Next Meeting Date Currently' is present on page 

2020-04-22 15:02:45 - [TEST_STEP][PASSED] - verifyTextPresent("Next meeting on hold", false): Text 'Next meeting on hold' is present on page 

2020-04-22 15:02:45 - [MESSAGE][PASSED] - Text 'Next meeting on hold' is present on page 

2020-04-22 15:02:45 - [TEST_STEP][PASSED] - verifyTextPresent("Please continue to make suggestions", false): Text 'Please continue to make suggestions' is present on page 

2020-04-22 15:02:45 - [MESSAGE][PASSED] - Text 'Please continue to make suggestions' is present on page 

2020-04-22 15:02:45 - [TEST_STEP][PASSED] - verifyTextPresent("Set Date", false): Text 'Set Date' is present on page 

2020-04-22 15:02:45 - [MESSAGE][PASSED] - Text 'Set Date' is present on page 

2020-04-22 15:02:45 - [MESSAGE][PASSED] - Call Test Case 'Test Cases/Reusable_Test_Sequences/Web_Office/Verification/Settings/Members_Area/Members_Panel_Minutes' successfully

2020-04-22 15:02:45 - [TEST_STEP][PASSED] - "--------------------------": null

2020-04-22 15:02:45 - [TEST_STEP][PASSED] - " Teardown - CLose Browser |": null

2020-04-22 15:02:45 - [TEST_STEP][PASSED] - callTestCase(findTestCase("Reusable_Test_Sequences/CAT_Teardown"), [:], OPTIONAL): Call Test Case 'Test Cases/Reusable_Test_Sequences/CAT_Teardown' successfully

2020-04-22 15:02:45 - [TEST_CASE][PASSED] - Test Cases/Reusable_Test_Sequences/CAT_Teardown: Test Cases/Reusable_Test_Sequences/CAT_Teardown

2020-04-22 15:02:45 - [TEST_STEP][PASSED] - closeBrowser(): Browser is closed

2020-04-22 15:02:47 - [MESSAGE][PASSED] - Browser is closed

2020-04-22 15:02:47 - [TEST_STEP][PASSED] - super.finalize(): null

2020-04-22 15:02:47 - [TEST_STEP][PASSED] - System.gc(): null

2020-04-22 15:02:47 - [MESSAGE][PASSED] - Call Test Case 'Test Cases/Reusable_Test_Sequences/CAT_Teardown' successfully]]></system-out>
         <system-err><![CDATA[]]></system-err>
      </testcase>
      <testcase name="Test Cases/Web_Office/Settings/Members_Area/Members_Alerts" time="25.102" classname="Test Cases/Web_Office/Settings/Members_Area/Members_Alerts" status="PASSED">
         <system-out><![CDATA[2020-04-22 15:02:47 - [TEST_CASE][PASSED] - Test Cases/Web_Office/Settings/Members_Area/Members_Alerts: Test Cases/Web_Office/Settings/Members_Area/Members_Alerts

2020-04-22 15:02:47 - [TEST_STEP][PASSED] - "--------------------------------------": null

2020-04-22 15:02:47 - [TEST_STEP][PASSED] - " Web Office StartUp                  |": null

2020-04-22 15:02:47 - [TEST_STEP][PASSED] - callTestCase(findTestCase("Reusable_Test_Sequences/Web_Office/Directives/WebOffice_StartUp"), [:], STOP_ON_FAILURE): Call Test Case 'Test Cases/Reusable_Test_Sequences/Web_Office/Directives/WebOffice_StartUp' successfully

2020-04-22 15:02:47 - [TEST_CASE][PASSED] - Test Cases/Reusable_Test_Sequences/Web_Office/Directives/WebOffice_StartUp: Test Cases/Reusable_Test_Sequences/Web_Office/Directives/WebOffice_StartUp

2020-04-22 15:02:47 - [TEST_STEP][PASSED] - "-----------------------------------------------------------------------------": null

2020-04-22 15:02:47 - [TEST_STEP][PASSED] - if (URL == "https://www.dev.checkatrade.com/"): null

2020-04-22 15:02:47 - [TEST_STEP][PASSED] - "-----------------------------------------------------------------------------": null

2020-04-22 15:02:47 - [TEST_STEP][PASSED] - if (URL == "https://www.checkatrade.com/"): null

2020-04-22 15:02:47 - [TEST_STEP][PASSED] - "-----------------------------------------------------------------------------": null

2020-04-22 15:02:47 - [TEST_STEP][PASSED] - if (URL == "https://www.preview.checkatrade.com/"): null

2020-04-22 15:02:47 - [TEST_STEP][PASSED] - WebOfficeURL = "https://admin.preview.checkatrade.com/": null

2020-04-22 15:02:47 - [TEST_STEP][PASSED] - if (URL == "https://www.dev2.checkatrade.com/"): null

2020-04-22 15:02:47 - [TEST_STEP][PASSED] - "Set Function Area for "URL_Handler", URL Resolution": null

2020-04-22 15:02:47 - [TEST_STEP][PASSED] - "Do Some Magic with URL(s) See the comments within URL Handler ": null

2020-04-22 15:02:47 - [TEST_STEP][PASSED] - "------------------------------------------------": null

2020-04-22 15:02:47 - [TEST_STEP][PASSED] - "Moved Login Credentials to <Default> profile 22/01/2020": null

2020-04-22 15:02:47 - [TEST_STEP][PASSED] - "------------------------------------------------": null

2020-04-22 15:02:47 - [TEST_STEP][PASSED] - "WebOfficeURL - Set from the ENVIRONMENT PROFILE ": null

2020-04-22 15:02:47 - [TEST_STEP][PASSED] - "OPEN BROWSER": null

2020-04-22 15:02:47 - [TEST_STEP][PASSED] - "eg - https://admin.preview.checkatrade.com/  ": null

2020-04-22 15:02:47 - [TEST_STEP][PASSED] - openBrowser(WebOfficeURL): Browser is opened with url: 'https://admin.preview.checkatrade.com/'

2020-04-22 15:02:47 - [MESSAGE][INFO] - Starting 'Chrome' driver

2020-04-22 15:02:47 - [MESSAGE][INFO] - Action delay is set to 0 milliseconds

2020-04-22 15:02:53 - [MESSAGE][PASSED] - Browser is opened with url: 'https://admin.preview.checkatrade.com/'

2020-04-22 15:02:53 - [TEST_STEP][PASSED] - maximizeWindow(): Current window maximized

2020-04-22 15:02:55 - [MESSAGE][PASSED] - Current window maximized

2020-04-22 15:02:55 - [TEST_STEP][PASSED] - waitForElementClickable(findTestObject("Object Repository/WebOffice/Page_Checkatrade - Administration - Login/Login_Button"), 25): Object 'Object Repository/WebOffice/Page_Checkatrade - Administration - Login/Login_Button' is clickable

2020-04-22 15:02:56 - [MESSAGE][PASSED] - Object 'Object Repository/WebOffice/Page_Checkatrade - Administration - Login/Login_Button' is clickable

2020-04-22 15:02:56 - [TEST_STEP][PASSED] - verifyTextPresent("Checkatrade Web Office", false): Text 'Checkatrade Web Office' is present on page 

2020-04-22 15:02:56 - [MESSAGE][PASSED] - Text 'Checkatrade Web Office' is present on page 

2020-04-22 15:02:56 - [TEST_STEP][PASSED] - verifyTextPresent("Access for staff use only", false): Text 'Access for staff use only' is present on page 

2020-04-22 15:02:56 - [MESSAGE][PASSED] - Text 'Access for staff use only' is present on page 

2020-04-22 15:02:56 - [TEST_STEP][PASSED] - verifyTextPresent("Forgotten password?", false): Text 'Forgotten password?' is present on page 

2020-04-22 15:02:56 - [MESSAGE][PASSED] - Text 'Forgotten password?' is present on page 

2020-04-22 15:02:56 - [TEST_STEP][PASSED] - setText(findTestObject("Object Repository/WebOffice/Page_Checkatrade - Administration - Login/input_Username_LoginControlUserName"), wo_Username): Text 'DavidHo' is set on object 'Object Repository/WebOffice/Page_Checkatrade - Administration - Login/input_Username_LoginControlUserName'

2020-04-22 15:02:56 - [MESSAGE][PASSED] - Text 'DavidHo' is set on object 'Object Repository/WebOffice/Page_Checkatrade - Administration - Login/input_Username_LoginControlUserName'

2020-04-22 15:02:56 - [TEST_STEP][PASSED] - setText(findTestObject("Object Repository/WebOffice/Page_Checkatrade - Administration - Login/input_Password_LoginControlPassword"), wo_Password): Text 'Check123' is set on object 'Object Repository/WebOffice/Page_Checkatrade - Administration - Login/input_Password_LoginControlPassword'

2020-04-22 15:02:57 - [MESSAGE][PASSED] - Text 'Check123' is set on object 'Object Repository/WebOffice/Page_Checkatrade - Administration - Login/input_Password_LoginControlPassword'

2020-04-22 15:02:57 - [TEST_STEP][PASSED] - click(findTestObject("Object Repository/WebOffice/Page_Checkatrade - Administration - Login/Login_Button")): Object: 'Object Repository/WebOffice/Page_Checkatrade - Administration - Login/Login_Button' is clicked on

2020-04-22 15:02:58 - [MESSAGE][PASSED] - Object: 'Object Repository/WebOffice/Page_Checkatrade - Administration - Login/Login_Button' is clicked on

2020-04-22 15:02:58 - [TEST_STEP][PASSED] - waitForPageLoad(60): Wait for page load successfully

2020-04-22 15:02:58 - [MESSAGE][PASSED] - Wait for page load successfully

2020-04-22 15:02:58 - [TEST_STEP][PASSED] - verifyTextPresent("Welcome " + wo_Username, false): Text 'Welcome DavidHo' is present on page 

2020-04-22 15:02:59 - [MESSAGE][PASSED] - Text 'Welcome DavidHo' is present on page 

2020-04-22 15:02:59 - [MESSAGE][PASSED] - Call Test Case 'Test Cases/Reusable_Test_Sequences/Web_Office/Directives/WebOffice_StartUp' successfully

2020-04-22 15:02:59 - [TEST_STEP][PASSED] - "-----------------------------------------------------------------": null

2020-04-22 15:02:59 - [TEST_STEP][PASSED] - " Navigate to <Settings->Checkatrade.Com->Sub Item> Menu Item     |": null

2020-04-22 15:02:59 - [TEST_STEP][PASSED] - callTestCase(findTestCase("Reusable_Test_Sequences/Web_Office/Navigation/Sub_Menu_Navigation/Settings/Members_Area/Members_Alerts"), [:], STOP_ON_FAILURE): Call Test Case 'Test Cases/Reusable_Test_Sequences/Web_Office/Navigation/Sub_Menu_Navigation/Settings/Members_Area/Members_Alerts' successfully

2020-04-22 15:02:59 - [TEST_CASE][PASSED] - Test Cases/Reusable_Test_Sequences/Web_Office/Navigation/Sub_Menu_Navigation/Settings/Members_Area/Members_Alerts: Test Cases/Reusable_Test_Sequences/Web_Office/Navigation/Sub_Menu_Navigation/Settings/Members_Area/Members_Alerts

2020-04-22 15:02:59 - [TEST_STEP][PASSED] - "--------------------------------------": null

2020-04-22 15:02:59 - [TEST_STEP][PASSED] - " Navigate Top level menu Item         |": null

2020-04-22 15:02:59 - [TEST_STEP][PASSED] - waitForPageLoad(60): Wait for page load successfully

2020-04-22 15:02:59 - [MESSAGE][PASSED] - Wait for page load successfully

2020-04-22 15:02:59 - [TEST_STEP][PASSED] - waitForElementClickable(findTestObject("Object Repository/WebOffice_Home_page/a_Settings"), 60): Object 'Object Repository/WebOffice_Home_page/a_Settings' is clickable

2020-04-22 15:02:59 - [MESSAGE][PASSED] - Object 'Object Repository/WebOffice_Home_page/a_Settings' is clickable

2020-04-22 15:02:59 - [TEST_STEP][PASSED] - mouseOver(findTestObject("Object Repository/WebOffice_Home_page/a_Settings")): Object: 'Object Repository/WebOffice_Home_page/a_Settings' is hovered

2020-04-22 15:03:00 - [MESSAGE][PASSED] - Object: 'Object Repository/WebOffice_Home_page/a_Settings' is hovered

2020-04-22 15:03:00 - [TEST_STEP][PASSED] - mouseOver(findTestObject("Object Repository/WebOffice_Home_page/a_Members Area")): Object: 'Object Repository/WebOffice_Home_page/a_Members Area' is hovered

2020-04-22 15:03:00 - [MESSAGE][PASSED] - Object: 'Object Repository/WebOffice_Home_page/a_Members Area' is hovered

2020-04-22 15:03:00 - [TEST_STEP][PASSED] - waitForElementClickable(findTestObject("Object Repository/WebOffice_Home_page/a_Members Alerts"), 1): Object 'Object Repository/WebOffice_Home_page/a_Members Alerts' is clickable

2020-04-22 15:03:00 - [MESSAGE][PASSED] - Object 'Object Repository/WebOffice_Home_page/a_Members Alerts' is clickable

2020-04-22 15:03:00 - [TEST_STEP][PASSED] - click(findTestObject("Object Repository/WebOffice_Home_page/a_Members Alerts")): Object: 'Object Repository/WebOffice_Home_page/a_Members Alerts' is clicked on

2020-04-22 15:03:01 - [MESSAGE][PASSED] - Object: 'Object Repository/WebOffice_Home_page/a_Members Alerts' is clicked on

2020-04-22 15:03:01 - [MESSAGE][PASSED] - Call Test Case 'Test Cases/Reusable_Test_Sequences/Web_Office/Navigation/Sub_Menu_Navigation/Settings/Members_Area/Members_Alerts' successfully

2020-04-22 15:03:01 - [TEST_STEP][PASSED] - "--------------------------------------": null

2020-04-22 15:03:01 - [TEST_STEP][PASSED] - " Verify Returned Page Detail          |": null

2020-04-22 15:03:01 - [TEST_STEP][PASSED] - callTestCase(findTestCase("Reusable_Test_Sequences/Web_Office/Verification/Settings/Members_Area/Members_Alerts"), [:], OPTIONAL): Call Test Case 'Test Cases/Reusable_Test_Sequences/Web_Office/Verification/Settings/Members_Area/Members_Alerts' successfully

2020-04-22 15:03:01 - [TEST_CASE][PASSED] - Test Cases/Reusable_Test_Sequences/Web_Office/Verification/Settings/Members_Area/Members_Alerts: Test Cases/Reusable_Test_Sequences/Web_Office/Verification/Settings/Members_Area/Members_Alerts

2020-04-22 15:03:02 - [TEST_STEP][PASSED] - waitForPageLoad(60): Wait for page load successfully

2020-04-22 15:03:02 - [MESSAGE][PASSED] - Wait for page load successfully

2020-04-22 15:03:02 - [TEST_STEP][PASSED] - delay(1): Delayed 1 second(s)

2020-04-22 15:03:03 - [MESSAGE][PASSED] - Delayed 1 second(s)

2020-04-22 15:03:03 - [TEST_STEP][PASSED] - verifyTextPresent("Members Alerts", false): Text 'Members Alerts' is present on page 

2020-04-22 15:03:04 - [MESSAGE][PASSED] - Text 'Members Alerts' is present on page 

2020-04-22 15:03:04 - [TEST_STEP][PASSED] - "----------------------------------------------": null

2020-04-22 15:03:04 - [TEST_STEP][PASSED] - verifyTextPresent("Add New Alert", false): Text 'Add New Alert' is present on page 

2020-04-22 15:03:05 - [MESSAGE][PASSED] - Text 'Add New Alert' is present on page 

2020-04-22 15:03:05 - [TEST_STEP][PASSED] - verifyTextPresent("Subject", false): Text 'Subject' is present on page 

2020-04-22 15:03:06 - [MESSAGE][PASSED] - Text 'Subject' is present on page 

2020-04-22 15:03:06 - [TEST_STEP][PASSED] - verifyTextPresent("Details", false): Text 'Details' is present on page 

2020-04-22 15:03:08 - [MESSAGE][PASSED] - Text 'Details' is present on page 

2020-04-22 15:03:08 - [TEST_STEP][PASSED] - "----------------------------------------------": null

2020-04-22 15:03:08 - [TEST_STEP][PASSED] - verifyTextPresent("Active Alerts", false): Text 'Active Alerts' is present on page 

2020-04-22 15:03:09 - [MESSAGE][PASSED] - Text 'Active Alerts' is present on page 

2020-04-22 15:03:09 - [TEST_STEP][PASSED] - verifyTextPresent("Suspicious emails and calls", false): Text 'Suspicious emails and calls' is present on page 

2020-04-22 15:03:10 - [MESSAGE][PASSED] - Text 'Suspicious emails and calls' is present on page 

2020-04-22 15:03:10 - [MESSAGE][PASSED] - Call Test Case 'Test Cases/Reusable_Test_Sequences/Web_Office/Verification/Settings/Members_Area/Members_Alerts' successfully

2020-04-22 15:03:10 - [TEST_STEP][PASSED] - "--------------------------": null

2020-04-22 15:03:10 - [TEST_STEP][PASSED] - " Teardown - CLose Browser |": null

2020-04-22 15:03:10 - [TEST_STEP][PASSED] - callTestCase(findTestCase("Reusable_Test_Sequences/CAT_Teardown"), [:], OPTIONAL): Call Test Case 'Test Cases/Reusable_Test_Sequences/CAT_Teardown' successfully

2020-04-22 15:03:10 - [TEST_CASE][PASSED] - Test Cases/Reusable_Test_Sequences/CAT_Teardown: Test Cases/Reusable_Test_Sequences/CAT_Teardown

2020-04-22 15:03:10 - [TEST_STEP][PASSED] - closeBrowser(): Browser is closed

2020-04-22 15:03:12 - [MESSAGE][PASSED] - Browser is closed

2020-04-22 15:03:12 - [TEST_STEP][PASSED] - super.finalize(): null

2020-04-22 15:03:12 - [TEST_STEP][PASSED] - System.gc(): null

2020-04-22 15:03:12 - [MESSAGE][PASSED] - Call Test Case 'Test Cases/Reusable_Test_Sequences/CAT_Teardown' successfully]]></system-out>
         <system-err><![CDATA[]]></system-err>
      </testcase>
      <testcase name="Test Cases/Web_Office/Settings/Members_Area/Members_Blog_Posts" time="20.396" classname="Test Cases/Web_Office/Settings/Members_Area/Members_Blog_Posts" status="PASSED">
         <system-out><![CDATA[2020-04-22 15:03:12 - [TEST_CASE][PASSED] - Test Cases/Web_Office/Settings/Members_Area/Members_Blog_Posts: Test Cases/Web_Office/Settings/Members_Area/Members_Blog_Posts

2020-04-22 15:03:12 - [TEST_STEP][PASSED] - "--------------------------------------": null

2020-04-22 15:03:12 - [TEST_STEP][PASSED] - " Web Office StartUp                  |": null

2020-04-22 15:03:12 - [TEST_STEP][PASSED] - callTestCase(findTestCase("Reusable_Test_Sequences/Web_Office/Directives/WebOffice_StartUp"), [:], STOP_ON_FAILURE): Call Test Case 'Test Cases/Reusable_Test_Sequences/Web_Office/Directives/WebOffice_StartUp' successfully

2020-04-22 15:03:12 - [TEST_CASE][PASSED] - Test Cases/Reusable_Test_Sequences/Web_Office/Directives/WebOffice_StartUp: Test Cases/Reusable_Test_Sequences/Web_Office/Directives/WebOffice_StartUp

2020-04-22 15:03:12 - [TEST_STEP][PASSED] - "-----------------------------------------------------------------------------": null

2020-04-22 15:03:12 - [TEST_STEP][PASSED] - if (URL == "https://www.dev.checkatrade.com/"): null

2020-04-22 15:03:12 - [TEST_STEP][PASSED] - "-----------------------------------------------------------------------------": null

2020-04-22 15:03:12 - [TEST_STEP][PASSED] - if (URL == "https://www.checkatrade.com/"): null

2020-04-22 15:03:12 - [TEST_STEP][PASSED] - "-----------------------------------------------------------------------------": null

2020-04-22 15:03:12 - [TEST_STEP][PASSED] - if (URL == "https://www.preview.checkatrade.com/"): null

2020-04-22 15:03:12 - [TEST_STEP][PASSED] - WebOfficeURL = "https://admin.preview.checkatrade.com/": null

2020-04-22 15:03:12 - [TEST_STEP][PASSED] - if (URL == "https://www.dev2.checkatrade.com/"): null

2020-04-22 15:03:12 - [TEST_STEP][PASSED] - "Set Function Area for "URL_Handler", URL Resolution": null

2020-04-22 15:03:12 - [TEST_STEP][PASSED] - "Do Some Magic with URL(s) See the comments within URL Handler ": null

2020-04-22 15:03:12 - [TEST_STEP][PASSED] - "------------------------------------------------": null

2020-04-22 15:03:12 - [TEST_STEP][PASSED] - "Moved Login Credentials to <Default> profile 22/01/2020": null

2020-04-22 15:03:12 - [TEST_STEP][PASSED] - "------------------------------------------------": null

2020-04-22 15:03:12 - [TEST_STEP][PASSED] - "WebOfficeURL - Set from the ENVIRONMENT PROFILE ": null

2020-04-22 15:03:12 - [TEST_STEP][PASSED] - "OPEN BROWSER": null

2020-04-22 15:03:12 - [TEST_STEP][PASSED] - "eg - https://admin.preview.checkatrade.com/  ": null

2020-04-22 15:03:12 - [TEST_STEP][PASSED] - openBrowser(WebOfficeURL): Browser is opened with url: 'https://admin.preview.checkatrade.com/'

2020-04-22 15:03:12 - [MESSAGE][INFO] - Starting 'Chrome' driver

2020-04-22 15:03:12 - [MESSAGE][INFO] - Action delay is set to 0 milliseconds

2020-04-22 15:03:18 - [MESSAGE][PASSED] - Browser is opened with url: 'https://admin.preview.checkatrade.com/'

2020-04-22 15:03:18 - [TEST_STEP][PASSED] - maximizeWindow(): Current window maximized

2020-04-22 15:03:20 - [MESSAGE][PASSED] - Current window maximized

2020-04-22 15:03:20 - [TEST_STEP][PASSED] - waitForElementClickable(findTestObject("Object Repository/WebOffice/Page_Checkatrade - Administration - Login/Login_Button"), 25): Object 'Object Repository/WebOffice/Page_Checkatrade - Administration - Login/Login_Button' is clickable

2020-04-22 15:03:20 - [MESSAGE][PASSED] - Object 'Object Repository/WebOffice/Page_Checkatrade - Administration - Login/Login_Button' is clickable

2020-04-22 15:03:20 - [TEST_STEP][PASSED] - verifyTextPresent("Checkatrade Web Office", false): Text 'Checkatrade Web Office' is present on page 

2020-04-22 15:03:21 - [MESSAGE][PASSED] - Text 'Checkatrade Web Office' is present on page 

2020-04-22 15:03:21 - [TEST_STEP][PASSED] - verifyTextPresent("Access for staff use only", false): Text 'Access for staff use only' is present on page 

2020-04-22 15:03:21 - [MESSAGE][PASSED] - Text 'Access for staff use only' is present on page 

2020-04-22 15:03:21 - [TEST_STEP][PASSED] - verifyTextPresent("Forgotten password?", false): Text 'Forgotten password?' is present on page 

2020-04-22 15:03:21 - [MESSAGE][PASSED] - Text 'Forgotten password?' is present on page 

2020-04-22 15:03:21 - [TEST_STEP][PASSED] - setText(findTestObject("Object Repository/WebOffice/Page_Checkatrade - Administration - Login/input_Username_LoginControlUserName"), wo_Username): Text 'DavidHo' is set on object 'Object Repository/WebOffice/Page_Checkatrade - Administration - Login/input_Username_LoginControlUserName'

2020-04-22 15:03:21 - [MESSAGE][PASSED] - Text 'DavidHo' is set on object 'Object Repository/WebOffice/Page_Checkatrade - Administration - Login/input_Username_LoginControlUserName'

2020-04-22 15:03:21 - [TEST_STEP][PASSED] - setText(findTestObject("Object Repository/WebOffice/Page_Checkatrade - Administration - Login/input_Password_LoginControlPassword"), wo_Password): Text 'Check123' is set on object 'Object Repository/WebOffice/Page_Checkatrade - Administration - Login/input_Password_LoginControlPassword'

2020-04-22 15:03:21 - [MESSAGE][PASSED] - Text 'Check123' is set on object 'Object Repository/WebOffice/Page_Checkatrade - Administration - Login/input_Password_LoginControlPassword'

2020-04-22 15:03:21 - [TEST_STEP][PASSED] - click(findTestObject("Object Repository/WebOffice/Page_Checkatrade - Administration - Login/Login_Button")): Object: 'Object Repository/WebOffice/Page_Checkatrade - Administration - Login/Login_Button' is clicked on

2020-04-22 15:03:22 - [MESSAGE][PASSED] - Object: 'Object Repository/WebOffice/Page_Checkatrade - Administration - Login/Login_Button' is clicked on

2020-04-22 15:03:22 - [TEST_STEP][PASSED] - waitForPageLoad(60): Wait for page load successfully

2020-04-22 15:03:22 - [MESSAGE][PASSED] - Wait for page load successfully

2020-04-22 15:03:22 - [TEST_STEP][PASSED] - verifyTextPresent("Welcome " + wo_Username, false): Text 'Welcome DavidHo' is present on page 

2020-04-22 15:03:23 - [MESSAGE][PASSED] - Text 'Welcome DavidHo' is present on page 

2020-04-22 15:03:23 - [MESSAGE][PASSED] - Call Test Case 'Test Cases/Reusable_Test_Sequences/Web_Office/Directives/WebOffice_StartUp' successfully

2020-04-22 15:03:23 - [TEST_STEP][PASSED] - "-----------------------------------------------------------------": null

2020-04-22 15:03:23 - [TEST_STEP][PASSED] - " Navigate to <Settings->Checkatrade.Com->Sub Item> Menu Item     |": null

2020-04-22 15:03:23 - [TEST_STEP][PASSED] - callTestCase(findTestCase("Reusable_Test_Sequences/Web_Office/Navigation/Sub_Menu_Navigation/Settings/Members_Area/Members_Blog_Posts"), [:], STOP_ON_FAILURE): Call Test Case 'Test Cases/Reusable_Test_Sequences/Web_Office/Navigation/Sub_Menu_Navigation/Settings/Members_Area/Members_Blog_Posts' successfully

2020-04-22 15:03:23 - [TEST_CASE][PASSED] - Test Cases/Reusable_Test_Sequences/Web_Office/Navigation/Sub_Menu_Navigation/Settings/Members_Area/Members_Blog_Posts: Test Cases/Reusable_Test_Sequences/Web_Office/Navigation/Sub_Menu_Navigation/Settings/Members_Area/Members_Blog_Posts

2020-04-22 15:03:23 - [TEST_STEP][PASSED] - "--------------------------------------": null

2020-04-22 15:03:23 - [TEST_STEP][PASSED] - " Navigate Top level menu Item         |": null

2020-04-22 15:03:23 - [TEST_STEP][PASSED] - waitForPageLoad(60): Wait for page load successfully

2020-04-22 15:03:23 - [MESSAGE][PASSED] - Wait for page load successfully

2020-04-22 15:03:23 - [TEST_STEP][PASSED] - waitForElementClickable(findTestObject("Object Repository/WebOffice_Home_page/a_Settings"), 60): Object 'Object Repository/WebOffice_Home_page/a_Settings' is clickable

2020-04-22 15:03:23 - [MESSAGE][PASSED] - Object 'Object Repository/WebOffice_Home_page/a_Settings' is clickable

2020-04-22 15:03:23 - [TEST_STEP][PASSED] - mouseOver(findTestObject("Object Repository/WebOffice_Home_page/a_Settings")): Object: 'Object Repository/WebOffice_Home_page/a_Settings' is hovered

2020-04-22 15:03:24 - [MESSAGE][PASSED] - Object: 'Object Repository/WebOffice_Home_page/a_Settings' is hovered

2020-04-22 15:03:24 - [TEST_STEP][PASSED] - mouseOver(findTestObject("Object Repository/WebOffice_Home_page/a_Members Area")): Object: 'Object Repository/WebOffice_Home_page/a_Members Area' is hovered

2020-04-22 15:03:24 - [MESSAGE][PASSED] - Object: 'Object Repository/WebOffice_Home_page/a_Members Area' is hovered

2020-04-22 15:03:24 - [TEST_STEP][PASSED] - waitForElementClickable(findTestObject("Object Repository/WebOffice_Home_page/a_Members Blog Posts"), 1): Object 'Object Repository/WebOffice_Home_page/a_Members Blog Posts' is clickable

2020-04-22 15:03:24 - [MESSAGE][PASSED] - Object 'Object Repository/WebOffice_Home_page/a_Members Blog Posts' is clickable

2020-04-22 15:03:24 - [TEST_STEP][PASSED] - click(findTestObject("Object Repository/WebOffice_Home_page/a_Members Blog Posts")): Object: 'Object Repository/WebOffice_Home_page/a_Members Blog Posts' is clicked on

2020-04-22 15:03:25 - [MESSAGE][PASSED] - Object: 'Object Repository/WebOffice_Home_page/a_Members Blog Posts' is clicked on

2020-04-22 15:03:25 - [MESSAGE][PASSED] - Call Test Case 'Test Cases/Reusable_Test_Sequences/Web_Office/Navigation/Sub_Menu_Navigation/Settings/Members_Area/Members_Blog_Posts' successfully

2020-04-22 15:03:25 - [TEST_STEP][PASSED] - "--------------------------------------": null

2020-04-22 15:03:25 - [TEST_STEP][PASSED] - " Verify Returned Page Detail          |": null

2020-04-22 15:03:25 - [TEST_STEP][PASSED] - callTestCase(findTestCase("Reusable_Test_Sequences/Web_Office/Verification/Settings/Members_Area/Members_Blog_Posts"), [:], OPTIONAL): Call Test Case 'Test Cases/Reusable_Test_Sequences/Web_Office/Verification/Settings/Members_Area/Members_Blog_Posts' successfully

2020-04-22 15:03:25 - [TEST_CASE][PASSED] - Test Cases/Reusable_Test_Sequences/Web_Office/Verification/Settings/Members_Area/Members_Blog_Posts: Test Cases/Reusable_Test_Sequences/Web_Office/Verification/Settings/Members_Area/Members_Blog_Posts

2020-04-22 15:03:26 - [TEST_STEP][PASSED] - waitForPageLoad(60): Wait for page load successfully

2020-04-22 15:03:26 - [MESSAGE][PASSED] - Wait for page load successfully

2020-04-22 15:03:26 - [TEST_STEP][PASSED] - delay(1): Delayed 1 second(s)

2020-04-22 15:03:27 - [MESSAGE][PASSED] - Delayed 1 second(s)

2020-04-22 15:03:27 - [TEST_STEP][PASSED] - verifyTextPresent("Members Blog Posts", false): Text 'Members Blog Posts' is present on page 

2020-04-22 15:03:28 - [MESSAGE][PASSED] - Text 'Members Blog Posts' is present on page 

2020-04-22 15:03:28 - [TEST_STEP][PASSED] - "----------------------------------------------": null

2020-04-22 15:03:28 - [TEST_STEP][PASSED] - verifyTextPresent("Use this page to add new Blog posts and amend which ones are shown. These are posts are only visible on the Members Area.", false): Text 'Use this page to add new Blog posts and amend which ones are shown. These are posts are only visible on the Members Area.' is present on page 

2020-04-22 15:03:28 - [MESSAGE][PASSED] - Text 'Use this page to add new Blog posts and amend which ones are shown. These are posts are only visible on the Members Area.' is present on page 

2020-04-22 15:03:28 - [TEST_STEP][PASSED] - verifyTextPresent("Subject", false): Text 'Subject' is present on page 

2020-04-22 15:03:28 - [MESSAGE][PASSED] - Text 'Subject' is present on page 

2020-04-22 15:03:28 - [TEST_STEP][PASSED] - verifyTextPresent("Add New Blog Post", false): Text 'Add New Blog Post' is present on page 

2020-04-22 15:03:28 - [MESSAGE][PASSED] - Text 'Add New Blog Post' is present on page 

2020-04-22 15:03:28 - [TEST_STEP][PASSED] - "----------------------------------------------": null

2020-04-22 15:03:28 - [TEST_STEP][PASSED] - verifyTextPresent("Active Blog Posts", false): Text 'Active Blog Posts' is present on page 

2020-04-22 15:03:29 - [MESSAGE][PASSED] - Text 'Active Blog Posts' is present on page 

2020-04-22 15:03:29 - [TEST_STEP][PASSED] - verifyTextPresent("Secure Contacts FAQ's", false): Text 'Secure Contacts FAQ's' is present on page 

2020-04-22 15:03:30 - [MESSAGE][PASSED] - Text 'Secure Contacts FAQ's' is present on page 

2020-04-22 15:03:30 - [MESSAGE][PASSED] - Call Test Case 'Test Cases/Reusable_Test_Sequences/Web_Office/Verification/Settings/Members_Area/Members_Blog_Posts' successfully

2020-04-22 15:03:30 - [TEST_STEP][PASSED] - "--------------------------": null

2020-04-22 15:03:30 - [TEST_STEP][PASSED] - " Teardown - CLose Browser |": null

2020-04-22 15:03:30 - [TEST_STEP][PASSED] - callTestCase(findTestCase("Reusable_Test_Sequences/CAT_Teardown"), [:], OPTIONAL): Call Test Case 'Test Cases/Reusable_Test_Sequences/CAT_Teardown' successfully

2020-04-22 15:03:30 - [TEST_CASE][PASSED] - Test Cases/Reusable_Test_Sequences/CAT_Teardown: Test Cases/Reusable_Test_Sequences/CAT_Teardown

2020-04-22 15:03:30 - [TEST_STEP][PASSED] - closeBrowser(): Browser is closed

2020-04-22 15:03:32 - [MESSAGE][PASSED] - Browser is closed

2020-04-22 15:03:32 - [TEST_STEP][PASSED] - super.finalize(): null

2020-04-22 15:03:32 - [TEST_STEP][PASSED] - System.gc(): null

2020-04-22 15:03:32 - [MESSAGE][PASSED] - Call Test Case 'Test Cases/Reusable_Test_Sequences/CAT_Teardown' successfully]]></system-out>
         <system-err><![CDATA[]]></system-err>
      </testcase>
      <testcase name="Test Cases/Web_Office/Settings/Members_Area/Manage_Accreditation_Types" time="47.751" classname="Test Cases/Web_Office/Settings/Members_Area/Manage_Accreditation_Types" status="PASSED">
         <system-out><![CDATA[2020-04-22 15:03:32 - [TEST_CASE][PASSED] - Test Cases/Web_Office/Settings/Members_Area/Manage_Accreditation_Types: Test Cases/Web_Office/Settings/Members_Area/Manage_Accreditation_Types

2020-04-22 15:03:33 - [TEST_STEP][PASSED] - "--------------------------------------": null

2020-04-22 15:03:33 - [TEST_STEP][PASSED] - " Web Office StartUp                  |": null

2020-04-22 15:03:33 - [TEST_STEP][PASSED] - callTestCase(findTestCase("Reusable_Test_Sequences/Web_Office/Directives/WebOffice_StartUp"), [:], STOP_ON_FAILURE): Call Test Case 'Test Cases/Reusable_Test_Sequences/Web_Office/Directives/WebOffice_StartUp' successfully

2020-04-22 15:03:33 - [TEST_CASE][PASSED] - Test Cases/Reusable_Test_Sequences/Web_Office/Directives/WebOffice_StartUp: Test Cases/Reusable_Test_Sequences/Web_Office/Directives/WebOffice_StartUp

2020-04-22 15:03:33 - [TEST_STEP][PASSED] - "-----------------------------------------------------------------------------": null

2020-04-22 15:03:33 - [TEST_STEP][PASSED] - if (URL == "https://www.dev.checkatrade.com/"): null

2020-04-22 15:03:33 - [TEST_STEP][PASSED] - "-----------------------------------------------------------------------------": null

2020-04-22 15:03:33 - [TEST_STEP][PASSED] - if (URL == "https://www.checkatrade.com/"): null

2020-04-22 15:03:33 - [TEST_STEP][PASSED] - "-----------------------------------------------------------------------------": null

2020-04-22 15:03:33 - [TEST_STEP][PASSED] - if (URL == "https://www.preview.checkatrade.com/"): null

2020-04-22 15:03:33 - [TEST_STEP][PASSED] - WebOfficeURL = "https://admin.preview.checkatrade.com/": null

2020-04-22 15:03:33 - [TEST_STEP][PASSED] - if (URL == "https://www.dev2.checkatrade.com/"): null

2020-04-22 15:03:33 - [TEST_STEP][PASSED] - "Set Function Area for "URL_Handler", URL Resolution": null

2020-04-22 15:03:33 - [TEST_STEP][PASSED] - "Do Some Magic with URL(s) See the comments within URL Handler ": null

2020-04-22 15:03:33 - [TEST_STEP][PASSED] - "------------------------------------------------": null

2020-04-22 15:03:33 - [TEST_STEP][PASSED] - "Moved Login Credentials to <Default> profile 22/01/2020": null

2020-04-22 15:03:33 - [TEST_STEP][PASSED] - "------------------------------------------------": null

2020-04-22 15:03:33 - [TEST_STEP][PASSED] - "WebOfficeURL - Set from the ENVIRONMENT PROFILE ": null

2020-04-22 15:03:33 - [TEST_STEP][PASSED] - "OPEN BROWSER": null

2020-04-22 15:03:33 - [TEST_STEP][PASSED] - "eg - https://admin.preview.checkatrade.com/  ": null

2020-04-22 15:03:33 - [TEST_STEP][PASSED] - openBrowser(WebOfficeURL): Browser is opened with url: 'https://admin.preview.checkatrade.com/'

2020-04-22 15:03:33 - [MESSAGE][INFO] - Starting 'Chrome' driver

2020-04-22 15:03:33 - [MESSAGE][INFO] - Action delay is set to 0 milliseconds

2020-04-22 15:03:38 - [MESSAGE][PASSED] - Browser is opened with url: 'https://admin.preview.checkatrade.com/'

2020-04-22 15:03:38 - [TEST_STEP][PASSED] - maximizeWindow(): Current window maximized

2020-04-22 15:03:41 - [MESSAGE][PASSED] - Current window maximized

2020-04-22 15:03:41 - [TEST_STEP][PASSED] - waitForElementClickable(findTestObject("Object Repository/WebOffice/Page_Checkatrade - Administration - Login/Login_Button"), 25): Object 'Object Repository/WebOffice/Page_Checkatrade - Administration - Login/Login_Button' is clickable

2020-04-22 15:03:41 - [MESSAGE][PASSED] - Object 'Object Repository/WebOffice/Page_Checkatrade - Administration - Login/Login_Button' is clickable

2020-04-22 15:03:41 - [TEST_STEP][PASSED] - verifyTextPresent("Checkatrade Web Office", false): Text 'Checkatrade Web Office' is present on page 

2020-04-22 15:03:42 - [MESSAGE][PASSED] - Text 'Checkatrade Web Office' is present on page 

2020-04-22 15:03:42 - [TEST_STEP][PASSED] - verifyTextPresent("Access for staff use only", false): Text 'Access for staff use only' is present on page 

2020-04-22 15:03:43 - [MESSAGE][PASSED] - Text 'Access for staff use only' is present on page 

2020-04-22 15:03:43 - [TEST_STEP][PASSED] - verifyTextPresent("Forgotten password?", false): Text 'Forgotten password?' is present on page 

2020-04-22 15:03:43 - [MESSAGE][PASSED] - Text 'Forgotten password?' is present on page 

2020-04-22 15:03:43 - [TEST_STEP][PASSED] - setText(findTestObject("Object Repository/WebOffice/Page_Checkatrade - Administration - Login/input_Username_LoginControlUserName"), wo_Username): Text 'DavidHo' is set on object 'Object Repository/WebOffice/Page_Checkatrade - Administration - Login/input_Username_LoginControlUserName'

2020-04-22 15:03:43 - [MESSAGE][PASSED] - Text 'DavidHo' is set on object 'Object Repository/WebOffice/Page_Checkatrade - Administration - Login/input_Username_LoginControlUserName'

2020-04-22 15:03:43 - [TEST_STEP][PASSED] - setText(findTestObject("Object Repository/WebOffice/Page_Checkatrade - Administration - Login/input_Password_LoginControlPassword"), wo_Password): Text 'Check123' is set on object 'Object Repository/WebOffice/Page_Checkatrade - Administration - Login/input_Password_LoginControlPassword'

2020-04-22 15:03:43 - [MESSAGE][PASSED] - Text 'Check123' is set on object 'Object Repository/WebOffice/Page_Checkatrade - Administration - Login/input_Password_LoginControlPassword'

2020-04-22 15:03:43 - [TEST_STEP][PASSED] - click(findTestObject("Object Repository/WebOffice/Page_Checkatrade - Administration - Login/Login_Button")): Object: 'Object Repository/WebOffice/Page_Checkatrade - Administration - Login/Login_Button' is clicked on

2020-04-22 15:03:44 - [MESSAGE][PASSED] - Object: 'Object Repository/WebOffice/Page_Checkatrade - Administration - Login/Login_Button' is clicked on

2020-04-22 15:03:44 - [TEST_STEP][PASSED] - waitForPageLoad(60): Wait for page load successfully

2020-04-22 15:03:44 - [MESSAGE][PASSED] - Wait for page load successfully

2020-04-22 15:03:44 - [TEST_STEP][PASSED] - verifyTextPresent("Welcome " + wo_Username, false): Text 'Welcome DavidHo' is present on page 

2020-04-22 15:03:44 - [MESSAGE][PASSED] - Text 'Welcome DavidHo' is present on page 

2020-04-22 15:03:44 - [MESSAGE][PASSED] - Call Test Case 'Test Cases/Reusable_Test_Sequences/Web_Office/Directives/WebOffice_StartUp' successfully

2020-04-22 15:03:44 - [TEST_STEP][PASSED] - "-----------------------------------------------------------------": null

2020-04-22 15:03:44 - [TEST_STEP][PASSED] - " Navigate to <Settings->Checkatrade.Com->Sub Item> Menu Item     |": null

2020-04-22 15:03:44 - [TEST_STEP][PASSED] - callTestCase(findTestCase("Reusable_Test_Sequences/Web_Office/Navigation/Sub_Menu_Navigation/Settings/Members_Area/Manage_Accreditation_Types"), [:], STOP_ON_FAILURE): Call Test Case 'Test Cases/Reusable_Test_Sequences/Web_Office/Navigation/Sub_Menu_Navigation/Settings/Members_Area/Manage_Accreditation_Types' successfully

2020-04-22 15:03:44 - [TEST_CASE][PASSED] - Test Cases/Reusable_Test_Sequences/Web_Office/Navigation/Sub_Menu_Navigation/Settings/Members_Area/Manage_Accreditation_Types: Test Cases/Reusable_Test_Sequences/Web_Office/Navigation/Sub_Menu_Navigation/Settings/Members_Area/Manage_Accreditation_Types

2020-04-22 15:03:45 - [TEST_STEP][PASSED] - "--------------------------------------": null

2020-04-22 15:03:45 - [TEST_STEP][PASSED] - " Navigate Top level menu Item         |": null

2020-04-22 15:03:45 - [TEST_STEP][PASSED] - waitForPageLoad(60): Wait for page load successfully

2020-04-22 15:03:45 - [MESSAGE][PASSED] - Wait for page load successfully

2020-04-22 15:03:45 - [TEST_STEP][PASSED] - waitForElementClickable(findTestObject("Object Repository/WebOffice_Home_page/a_Settings"), 60): Object 'Object Repository/WebOffice_Home_page/a_Settings' is clickable

2020-04-22 15:03:45 - [MESSAGE][PASSED] - Object 'Object Repository/WebOffice_Home_page/a_Settings' is clickable

2020-04-22 15:03:45 - [TEST_STEP][PASSED] - mouseOver(findTestObject("Object Repository/WebOffice_Home_page/a_Settings")): Object: 'Object Repository/WebOffice_Home_page/a_Settings' is hovered

2020-04-22 15:03:46 - [MESSAGE][PASSED] - Object: 'Object Repository/WebOffice_Home_page/a_Settings' is hovered

2020-04-22 15:03:46 - [TEST_STEP][PASSED] - mouseOver(findTestObject("Object Repository/WebOffice_Home_page/a_Members Area")): Object: 'Object Repository/WebOffice_Home_page/a_Members Area' is hovered

2020-04-22 15:03:46 - [MESSAGE][PASSED] - Object: 'Object Repository/WebOffice_Home_page/a_Members Area' is hovered

2020-04-22 15:03:46 - [TEST_STEP][PASSED] - waitForElementClickable(findTestObject("Object Repository/WebOffice_Home_page/a_Manage Accreditation Types"), 1): Object 'Object Repository/WebOffice_Home_page/a_Manage Accreditation Types' is clickable

2020-04-22 15:03:46 - [MESSAGE][PASSED] - Object 'Object Repository/WebOffice_Home_page/a_Manage Accreditation Types' is clickable

2020-04-22 15:03:46 - [TEST_STEP][PASSED] - click(findTestObject("Object Repository/WebOffice_Home_page/a_Manage Accreditation Types")): Object: 'Object Repository/WebOffice_Home_page/a_Manage Accreditation Types' is clicked on

2020-04-22 15:03:49 - [MESSAGE][PASSED] - Object: 'Object Repository/WebOffice_Home_page/a_Manage Accreditation Types' is clicked on

2020-04-22 15:03:49 - [MESSAGE][PASSED] - Call Test Case 'Test Cases/Reusable_Test_Sequences/Web_Office/Navigation/Sub_Menu_Navigation/Settings/Members_Area/Manage_Accreditation_Types' successfully

2020-04-22 15:03:49 - [TEST_STEP][PASSED] - "--------------------------------------": null

2020-04-22 15:03:49 - [TEST_STEP][PASSED] - " Verify Returned Page Detail          |": null

2020-04-22 15:03:49 - [TEST_STEP][PASSED] - callTestCase(findTestCase("Reusable_Test_Sequences/Web_Office/Verification/Settings/Members_Area/Manage_Accreditation_Types"), [:], OPTIONAL): Call Test Case 'Test Cases/Reusable_Test_Sequences/Web_Office/Verification/Settings/Members_Area/Manage_Accreditation_Types' successfully

2020-04-22 15:03:49 - [TEST_CASE][PASSED] - Test Cases/Reusable_Test_Sequences/Web_Office/Verification/Settings/Members_Area/Manage_Accreditation_Types: Test Cases/Reusable_Test_Sequences/Web_Office/Verification/Settings/Members_Area/Manage_Accreditation_Types

2020-04-22 15:03:50 - [TEST_STEP][PASSED] - waitForPageLoad(60): Wait for page load successfully

2020-04-22 15:03:50 - [MESSAGE][PASSED] - Wait for page load successfully

2020-04-22 15:03:50 - [TEST_STEP][PASSED] - delay(1): Delayed 1 second(s)

2020-04-22 15:03:51 - [MESSAGE][PASSED] - Delayed 1 second(s)

2020-04-22 15:03:51 - [TEST_STEP][PASSED] - verifyTextPresent("Members Accreditations", false): Text 'Members Accreditations' is present on page 

2020-04-22 15:03:53 - [MESSAGE][PASSED] - Text 'Members Accreditations' is present on page 

2020-04-22 15:03:53 - [TEST_STEP][PASSED] - "----------------------------------------------": null

2020-04-22 15:03:53 - [TEST_STEP][PASSED] - verifyTextPresent("Add New Accreditation", false): Text 'Add New Accreditation' is present on page 

2020-04-22 15:03:54 - [MESSAGE][PASSED] - Text 'Add New Accreditation' is present on page 

2020-04-22 15:03:54 - [TEST_STEP][PASSED] - verifyTextPresent("Name", false): Text 'Name' is present on page 

2020-04-22 15:03:56 - [MESSAGE][PASSED] - Text 'Name' is present on page 

2020-04-22 15:03:56 - [TEST_STEP][PASSED] - verifyTextPresent("Description", false): Text 'Description' is present on page 

2020-04-22 15:03:57 - [MESSAGE][PASSED] - Text 'Description' is present on page 

2020-04-22 15:03:57 - [TEST_STEP][PASSED] - verifyTextPresent("Start Date", false): Text 'Start Date' is present on page 

2020-04-22 15:03:58 - [MESSAGE][PASSED] - Text 'Start Date' is present on page 

2020-04-22 15:03:58 - [TEST_STEP][PASSED] - verifyTextPresent("End Date", false): Text 'End Date' is present on page 

2020-04-22 15:03:59 - [MESSAGE][PASSED] - Text 'End Date' is present on page 

2020-04-22 15:03:59 - [TEST_STEP][PASSED] - verifyTextPresent("Status", false): Text 'Status' is present on page 

2020-04-22 15:04:00 - [MESSAGE][PASSED] - Text 'Status' is present on page 

2020-04-22 15:04:00 - [TEST_STEP][PASSED] - verifyTextPresent("Valid", false): Text 'Valid' is present on page 

2020-04-22 15:04:01 - [MESSAGE][PASSED] - Text 'Valid' is present on page 

2020-04-22 15:04:01 - [TEST_STEP][PASSED] - verifyTextPresent("Options", false): Text 'Options' is present on page 

2020-04-22 15:04:02 - [MESSAGE][PASSED] - Text 'Options' is present on page 

2020-04-22 15:04:02 - [TEST_STEP][PASSED] - verifyTextPresent("Expiry Date Required", false): Text 'Expiry Date Required' is present on page 

2020-04-22 15:04:03 - [MESSAGE][PASSED] - Text 'Expiry Date Required' is present on page 

2020-04-22 15:04:03 - [TEST_STEP][PASSED] - verifyTextPresent("Visibility", false): Text 'Visibility' is present on page 

2020-04-22 15:04:04 - [MESSAGE][PASSED] - Text 'Visibility' is present on page 

2020-04-22 15:04:04 - [TEST_STEP][PASSED] - verifyTextPresent("Email", false): Text 'Email' is present on page 

2020-04-22 15:04:05 - [MESSAGE][PASSED] - Text 'Email' is present on page 

2020-04-22 15:04:05 - [TEST_STEP][PASSED] - "----------------------------------------------": null

2020-04-22 15:04:05 - [TEST_STEP][PASSED] - verifyTextPresent("Edit", false): Text 'Edit' is present on page 

2020-04-22 15:04:06 - [MESSAGE][PASSED] - Text 'Edit' is present on page 

2020-04-22 15:04:06 - [TEST_STEP][PASSED] - verifyTextPresent("Status", false): Text 'Status' is present on page 

2020-04-22 15:04:07 - [MESSAGE][PASSED] - Text 'Status' is present on page 

2020-04-22 15:04:07 - [TEST_STEP][PASSED] - verifyTextPresent("Name", false): Text 'Name' is present on page 

2020-04-22 15:04:08 - [MESSAGE][PASSED] - Text 'Name' is present on page 

2020-04-22 15:04:08 - [TEST_STEP][PASSED] - verifyTextPresent("Description", false): Text 'Description' is present on page 

2020-04-22 15:04:09 - [MESSAGE][PASSED] - Text 'Description' is present on page 

2020-04-22 15:04:09 - [TEST_STEP][PASSED] - verifyTextPresent("Expiry Date", false): Text 'Expiry Date' is present on page 

2020-04-22 15:04:10 - [MESSAGE][PASSED] - Text 'Expiry Date' is present on page 

2020-04-22 15:04:10 - [TEST_STEP][PASSED] - verifyTextPresent("Reg", false): Text 'Reg' is present on page 

2020-04-22 15:04:12 - [MESSAGE][PASSED] - Text 'Reg' is present on page 

2020-04-22 15:04:12 - [TEST_STEP][PASSED] - verifyTextPresent("Start Date", false): Text 'Start Date' is present on page 

2020-04-22 15:04:13 - [MESSAGE][PASSED] - Text 'Start Date' is present on page 

2020-04-22 15:04:13 - [TEST_STEP][PASSED] - verifyTextPresent("End Date", false): Text 'End Date' is present on page 

2020-04-22 15:04:14 - [MESSAGE][PASSED] - Text 'End Date' is present on page 

2020-04-22 15:04:14 - [TEST_STEP][PASSED] - verifyTextPresent("Notes", false): Text 'Notes' is present on page 

2020-04-22 15:04:15 - [MESSAGE][PASSED] - Text 'Notes' is present on page 

2020-04-22 15:04:15 - [TEST_STEP][PASSED] - verifyTextPresent("Valid", false): Text 'Valid' is present on page 

2020-04-22 15:04:16 - [MESSAGE][PASSED] - Text 'Valid' is present on page 

2020-04-22 15:04:16 - [TEST_STEP][PASSED] - verifyTextPresent("CORGI", false): Text 'CORGI' is present on page 

2020-04-22 15:04:17 - [MESSAGE][PASSED] - Text 'CORGI' is present on page 

2020-04-22 15:04:17 - [TEST_STEP][PASSED] - verifyTextPresent("British Standards Institution", false): Text 'British Standards Institution' is present on page 

2020-04-22 15:04:17 - [MESSAGE][PASSED] - Text 'British Standards Institution' is present on page 

2020-04-22 15:04:17 - [TEST_STEP][PASSED] - verifyTextPresent("Electrical Contractors Association", false): Text 'Electrical Contractors Association' is present on page 

2020-04-22 15:04:18 - [MESSAGE][PASSED] - Text 'Electrical Contractors Association' is present on page 

2020-04-22 15:04:18 - [MESSAGE][PASSED] - Call Test Case 'Test Cases/Reusable_Test_Sequences/Web_Office/Verification/Settings/Members_Area/Manage_Accreditation_Types' successfully

2020-04-22 15:04:18 - [TEST_STEP][PASSED] - "--------------------------": null

2020-04-22 15:04:18 - [TEST_STEP][PASSED] - " Teardown - CLose Browser |": null

2020-04-22 15:04:18 - [TEST_STEP][PASSED] - callTestCase(findTestCase("Reusable_Test_Sequences/CAT_Teardown"), [:], OPTIONAL): Call Test Case 'Test Cases/Reusable_Test_Sequences/CAT_Teardown' successfully

2020-04-22 15:04:18 - [TEST_CASE][PASSED] - Test Cases/Reusable_Test_Sequences/CAT_Teardown: Test Cases/Reusable_Test_Sequences/CAT_Teardown

2020-04-22 15:04:18 - [TEST_STEP][PASSED] - closeBrowser(): Browser is closed

2020-04-22 15:04:20 - [MESSAGE][PASSED] - Browser is closed

2020-04-22 15:04:20 - [TEST_STEP][PASSED] - super.finalize(): null

2020-04-22 15:04:20 - [TEST_STEP][PASSED] - System.gc(): null

2020-04-22 15:04:20 - [MESSAGE][PASSED] - Call Test Case 'Test Cases/Reusable_Test_Sequences/CAT_Teardown' successfully]]></system-out>
         <system-err><![CDATA[]]></system-err>
      </testcase>
      <testcase name="Test Cases/Web_Office/Settings/Members_Area/Manage_Advert_Banners" time="30.648" classname="Test Cases/Web_Office/Settings/Members_Area/Manage_Advert_Banners" status="PASSED">
         <system-out><![CDATA[2020-04-22 15:04:20 - [TEST_CASE][PASSED] - Test Cases/Web_Office/Settings/Members_Area/Manage_Advert_Banners: Test Cases/Web_Office/Settings/Members_Area/Manage_Advert_Banners

2020-04-22 15:04:20 - [TEST_STEP][PASSED] - "--------------------------------------": null

2020-04-22 15:04:20 - [TEST_STEP][PASSED] - " Web Office StartUp                   |": null

2020-04-22 15:04:20 - [TEST_STEP][PASSED] - callTestCase(findTestCase("Reusable_Test_Sequences/Web_Office/Directives/WebOffice_StartUp"), [:], STOP_ON_FAILURE): Call Test Case 'Test Cases/Reusable_Test_Sequences/Web_Office/Directives/WebOffice_StartUp' successfully

2020-04-22 15:04:20 - [TEST_CASE][PASSED] - Test Cases/Reusable_Test_Sequences/Web_Office/Directives/WebOffice_StartUp: Test Cases/Reusable_Test_Sequences/Web_Office/Directives/WebOffice_StartUp

2020-04-22 15:04:20 - [TEST_STEP][PASSED] - "-----------------------------------------------------------------------------": null

2020-04-22 15:04:20 - [TEST_STEP][PASSED] - if (URL == "https://www.dev.checkatrade.com/"): null

2020-04-22 15:04:20 - [TEST_STEP][PASSED] - "-----------------------------------------------------------------------------": null

2020-04-22 15:04:20 - [TEST_STEP][PASSED] - if (URL == "https://www.checkatrade.com/"): null

2020-04-22 15:04:20 - [TEST_STEP][PASSED] - "-----------------------------------------------------------------------------": null

2020-04-22 15:04:20 - [TEST_STEP][PASSED] - if (URL == "https://www.preview.checkatrade.com/"): null

2020-04-22 15:04:20 - [TEST_STEP][PASSED] - WebOfficeURL = "https://admin.preview.checkatrade.com/": null

2020-04-22 15:04:21 - [TEST_STEP][PASSED] - if (URL == "https://www.dev2.checkatrade.com/"): null

2020-04-22 15:04:21 - [TEST_STEP][PASSED] - "Set Function Area for "URL_Handler", URL Resolution": null

2020-04-22 15:04:21 - [TEST_STEP][PASSED] - "Do Some Magic with URL(s) See the comments within URL Handler ": null

2020-04-22 15:04:21 - [TEST_STEP][PASSED] - "------------------------------------------------": null

2020-04-22 15:04:21 - [TEST_STEP][PASSED] - "Moved Login Credentials to <Default> profile 22/01/2020": null

2020-04-22 15:04:21 - [TEST_STEP][PASSED] - "------------------------------------------------": null

2020-04-22 15:04:21 - [TEST_STEP][PASSED] - "WebOfficeURL - Set from the ENVIRONMENT PROFILE ": null

2020-04-22 15:04:21 - [TEST_STEP][PASSED] - "OPEN BROWSER": null

2020-04-22 15:04:21 - [TEST_STEP][PASSED] - "eg - https://admin.preview.checkatrade.com/  ": null

2020-04-22 15:04:21 - [TEST_STEP][PASSED] - openBrowser(WebOfficeURL): Browser is opened with url: 'https://admin.preview.checkatrade.com/'

2020-04-22 15:04:21 - [MESSAGE][INFO] - Starting 'Chrome' driver

2020-04-22 15:04:21 - [MESSAGE][INFO] - Action delay is set to 0 milliseconds

2020-04-22 15:04:25 - [MESSAGE][PASSED] - Browser is opened with url: 'https://admin.preview.checkatrade.com/'

2020-04-22 15:04:25 - [TEST_STEP][PASSED] - maximizeWindow(): Current window maximized

2020-04-22 15:04:28 - [MESSAGE][PASSED] - Current window maximized

2020-04-22 15:04:28 - [TEST_STEP][PASSED] - waitForElementClickable(findTestObject("Object Repository/WebOffice/Page_Checkatrade - Administration - Login/Login_Button"), 25): Object 'Object Repository/WebOffice/Page_Checkatrade - Administration - Login/Login_Button' is clickable

2020-04-22 15:04:28 - [MESSAGE][PASSED] - Object 'Object Repository/WebOffice/Page_Checkatrade - Administration - Login/Login_Button' is clickable

2020-04-22 15:04:28 - [TEST_STEP][PASSED] - verifyTextPresent("Checkatrade Web Office", false): Text 'Checkatrade Web Office' is present on page 

2020-04-22 15:04:28 - [MESSAGE][PASSED] - Text 'Checkatrade Web Office' is present on page 

2020-04-22 15:04:28 - [TEST_STEP][PASSED] - verifyTextPresent("Access for staff use only", false): Text 'Access for staff use only' is present on page 

2020-04-22 15:04:28 - [MESSAGE][PASSED] - Text 'Access for staff use only' is present on page 

2020-04-22 15:04:28 - [TEST_STEP][PASSED] - verifyTextPresent("Forgotten password?", false): Text 'Forgotten password?' is present on page 

2020-04-22 15:04:28 - [MESSAGE][PASSED] - Text 'Forgotten password?' is present on page 

2020-04-22 15:04:28 - [TEST_STEP][PASSED] - setText(findTestObject("Object Repository/WebOffice/Page_Checkatrade - Administration - Login/input_Username_LoginControlUserName"), wo_Username): Text 'DavidHo' is set on object 'Object Repository/WebOffice/Page_Checkatrade - Administration - Login/input_Username_LoginControlUserName'

2020-04-22 15:04:29 - [MESSAGE][PASSED] - Text 'DavidHo' is set on object 'Object Repository/WebOffice/Page_Checkatrade - Administration - Login/input_Username_LoginControlUserName'

2020-04-22 15:04:29 - [TEST_STEP][PASSED] - setText(findTestObject("Object Repository/WebOffice/Page_Checkatrade - Administration - Login/input_Password_LoginControlPassword"), wo_Password): Text 'Check123' is set on object 'Object Repository/WebOffice/Page_Checkatrade - Administration - Login/input_Password_LoginControlPassword'

2020-04-22 15:04:29 - [MESSAGE][PASSED] - Text 'Check123' is set on object 'Object Repository/WebOffice/Page_Checkatrade - Administration - Login/input_Password_LoginControlPassword'

2020-04-22 15:04:29 - [TEST_STEP][PASSED] - click(findTestObject("Object Repository/WebOffice/Page_Checkatrade - Administration - Login/Login_Button")): Object: 'Object Repository/WebOffice/Page_Checkatrade - Administration - Login/Login_Button' is clicked on

2020-04-22 15:04:30 - [MESSAGE][PASSED] - Object: 'Object Repository/WebOffice/Page_Checkatrade - Administration - Login/Login_Button' is clicked on

2020-04-22 15:04:30 - [TEST_STEP][PASSED] - waitForPageLoad(60): Wait for page load successfully

2020-04-22 15:04:30 - [MESSAGE][PASSED] - Wait for page load successfully

2020-04-22 15:04:30 - [TEST_STEP][PASSED] - verifyTextPresent("Welcome " + wo_Username, false): Text 'Welcome DavidHo' is present on page 

2020-04-22 15:04:30 - [MESSAGE][PASSED] - Text 'Welcome DavidHo' is present on page 

2020-04-22 15:04:30 - [MESSAGE][PASSED] - Call Test Case 'Test Cases/Reusable_Test_Sequences/Web_Office/Directives/WebOffice_StartUp' successfully

2020-04-22 15:04:30 - [TEST_STEP][PASSED] - "-----------------------------------------------------------------": null

2020-04-22 15:04:30 - [TEST_STEP][PASSED] - " Navigate to <Settings->Checkatrade.Com->Sub Item> Menu Item     |": null

2020-04-22 15:04:30 - [TEST_STEP][PASSED] - callTestCase(findTestCase("Reusable_Test_Sequences/Web_Office/Navigation/Sub_Menu_Navigation/Settings/Members_Area/Manage_Advert_Banners"), [:], STOP_ON_FAILURE): Call Test Case 'Test Cases/Reusable_Test_Sequences/Web_Office/Navigation/Sub_Menu_Navigation/Settings/Members_Area/Manage_Advert_Banners' successfully

2020-04-22 15:04:30 - [TEST_CASE][PASSED] - Test Cases/Reusable_Test_Sequences/Web_Office/Navigation/Sub_Menu_Navigation/Settings/Members_Area/Manage_Advert_Banners: Test Cases/Reusable_Test_Sequences/Web_Office/Navigation/Sub_Menu_Navigation/Settings/Members_Area/Manage_Advert_Banners

2020-04-22 15:04:31 - [TEST_STEP][PASSED] - "--------------------------------------": null

2020-04-22 15:04:31 - [TEST_STEP][PASSED] - " Navigate Top level menu Item         |": null

2020-04-22 15:04:31 - [TEST_STEP][PASSED] - waitForPageLoad(60): Wait for page load successfully

2020-04-22 15:04:31 - [MESSAGE][PASSED] - Wait for page load successfully

2020-04-22 15:04:31 - [TEST_STEP][PASSED] - waitForElementClickable(findTestObject("Object Repository/WebOffice_Home_page/a_Settings"), 60): Object 'Object Repository/WebOffice_Home_page/a_Settings' is clickable

2020-04-22 15:04:31 - [MESSAGE][PASSED] - Object 'Object Repository/WebOffice_Home_page/a_Settings' is clickable

2020-04-22 15:04:31 - [TEST_STEP][PASSED] - mouseOver(findTestObject("Object Repository/WebOffice_Home_page/a_Settings")): Object: 'Object Repository/WebOffice_Home_page/a_Settings' is hovered

2020-04-22 15:04:31 - [MESSAGE][PASSED] - Object: 'Object Repository/WebOffice_Home_page/a_Settings' is hovered

2020-04-22 15:04:31 - [TEST_STEP][PASSED] - mouseOver(findTestObject("Object Repository/WebOffice_Home_page/a_Members Area")): Object: 'Object Repository/WebOffice_Home_page/a_Members Area' is hovered

2020-04-22 15:04:32 - [MESSAGE][PASSED] - Object: 'Object Repository/WebOffice_Home_page/a_Members Area' is hovered

2020-04-22 15:04:32 - [TEST_STEP][PASSED] - waitForElementClickable(findTestObject("Object Repository/WebOffice_Home_page/a_Manage Advert Banners"), 1): Object 'Object Repository/WebOffice_Home_page/a_Manage Advert Banners' is clickable

2020-04-22 15:04:32 - [MESSAGE][PASSED] - Object 'Object Repository/WebOffice_Home_page/a_Manage Advert Banners' is clickable

2020-04-22 15:04:32 - [TEST_STEP][PASSED] - click(findTestObject("Object Repository/WebOffice_Home_page/a_Manage Advert Banners")): Object: 'Object Repository/WebOffice_Home_page/a_Manage Advert Banners' is clicked on

2020-04-22 15:04:34 - [MESSAGE][PASSED] - Object: 'Object Repository/WebOffice_Home_page/a_Manage Advert Banners' is clicked on

2020-04-22 15:04:34 - [MESSAGE][PASSED] - Call Test Case 'Test Cases/Reusable_Test_Sequences/Web_Office/Navigation/Sub_Menu_Navigation/Settings/Members_Area/Manage_Advert_Banners' successfully

2020-04-22 15:04:34 - [TEST_STEP][PASSED] - "--------------------------------------": null

2020-04-22 15:04:34 - [TEST_STEP][PASSED] - " Verify Returned Page Detail          |": null

2020-04-22 15:04:34 - [TEST_STEP][PASSED] - callTestCase(findTestCase("Reusable_Test_Sequences/Web_Office/Verification/Settings/Members_Area/Manage_Advert_Banners"), [:], OPTIONAL): Call Test Case 'Test Cases/Reusable_Test_Sequences/Web_Office/Verification/Settings/Members_Area/Manage_Advert_Banners' successfully

2020-04-22 15:04:34 - [TEST_CASE][PASSED] - Test Cases/Reusable_Test_Sequences/Web_Office/Verification/Settings/Members_Area/Manage_Advert_Banners: Test Cases/Reusable_Test_Sequences/Web_Office/Verification/Settings/Members_Area/Manage_Advert_Banners

2020-04-22 15:04:35 - [TEST_STEP][PASSED] - waitForPageLoad(60): Wait for page load successfully

2020-04-22 15:04:35 - [MESSAGE][PASSED] - Wait for page load successfully

2020-04-22 15:04:35 - [TEST_STEP][PASSED] - delay(1): Delayed 1 second(s)

2020-04-22 15:04:36 - [MESSAGE][PASSED] - Delayed 1 second(s)

2020-04-22 15:04:36 - [TEST_STEP][PASSED] - verifyTextPresent("Members Area Adverts", false): Text 'Members Area Adverts' is present on page 

2020-04-22 15:04:37 - [MESSAGE][PASSED] - Text 'Members Area Adverts' is present on page 

2020-04-22 15:04:37 - [TEST_STEP][PASSED] - "----------------------------------------------": null

2020-04-22 15:04:37 - [TEST_STEP][PASSED] - verifyTextPresent("Add New Banner", false): Text 'Add New Banner' is present on page 

2020-04-22 15:04:37 - [MESSAGE][PASSED] - Text 'Add New Banner' is present on page 

2020-04-22 15:04:37 - [TEST_STEP][PASSED] - verifyTextPresent("Banner Name", false): Text 'Banner Name' is present on page 

2020-04-22 15:04:38 - [MESSAGE][PASSED] - Text 'Banner Name' is present on page 

2020-04-22 15:04:38 - [TEST_STEP][PASSED] - verifyTextPresent("Link URL", false): Text 'Link URL' is present on page 

2020-04-22 15:04:39 - [MESSAGE][PASSED] - Text 'Link URL' is present on page 

2020-04-22 15:04:39 - [TEST_STEP][PASSED] - verifyTextPresent("Large", false): Text 'Large' is present on page 

2020-04-22 15:04:39 - [MESSAGE][PASSED] - Text 'Large' is present on page 

2020-04-22 15:04:39 - [TEST_STEP][PASSED] - verifyTextPresent("Small", false): Text 'Small' is present on page 

2020-04-22 15:04:40 - [MESSAGE][PASSED] - Text 'Small' is present on page 

2020-04-22 15:04:40 - [TEST_STEP][PASSED] - verifyTextPresent("Dimentions for the Large image should be 468 x 60px", false): Text 'Dimentions for the Large image should be 468 x 60px' is present on page 

2020-04-22 15:04:41 - [MESSAGE][PASSED] - Text 'Dimentions for the Large image should be 468 x 60px' is present on page 

2020-04-22 15:04:41 - [TEST_STEP][PASSED] - verifyTextPresent("Dimentions for the small image should be 234 x 60px", false): Text 'Dimentions for the small image should be 234 x 60px' is present on page 

2020-04-22 15:04:41 - [MESSAGE][PASSED] - Text 'Dimentions for the small image should be 234 x 60px' is present on page 

2020-04-22 15:04:41 - [TEST_STEP][PASSED] - verifyTextPresent("Current Banners", false): Text 'Current Banners' is present on page 

2020-04-22 15:04:42 - [MESSAGE][PASSED] - Text 'Current Banners' is present on page 

2020-04-22 15:04:42 - [TEST_STEP][PASSED] - "----------------------------------------------": null

2020-04-22 15:04:42 - [TEST_STEP][PASSED] - verifyTextPresent("ID", false): Text 'ID' is present on page 

2020-04-22 15:04:43 - [MESSAGE][PASSED] - Text 'ID' is present on page 

2020-04-22 15:04:43 - [TEST_STEP][PASSED] - verifyTextPresent("Name", false): Text 'Name' is present on page 

2020-04-22 15:04:44 - [MESSAGE][PASSED] - Text 'Name' is present on page 

2020-04-22 15:04:44 - [TEST_STEP][PASSED] - verifyTextPresent("Banner URL", false): Text 'Banner URL' is present on page 

2020-04-22 15:04:44 - [MESSAGE][PASSED] - Text 'Banner URL' is present on page 

2020-04-22 15:04:44 - [TEST_STEP][PASSED] - verifyTextPresent("Preview", false): Text 'Preview' is present on page 

2020-04-22 15:04:45 - [MESSAGE][PASSED] - Text 'Preview' is present on page 

2020-04-22 15:04:45 - [TEST_STEP][PASSED] - verifyTextPresent("Is Active", false): Text 'Is Active' is present on page 

2020-04-22 15:04:45 - [MESSAGE][PASSED] - Text 'Is Active' is present on page 

2020-04-22 15:04:45 - [TEST_STEP][PASSED] - verifyTextPresent("Delete", false): Text 'Delete' is present on page 

2020-04-22 15:04:46 - [MESSAGE][PASSED] - Text 'Delete' is present on page 

2020-04-22 15:04:46 - [TEST_STEP][PASSED] - verifyTextPresent("iforce", false): Text 'iforce' is present on page 

2020-04-22 15:04:47 - [MESSAGE][PASSED] - Text 'iforce' is present on page 

2020-04-22 15:04:47 - [TEST_STEP][PASSED] - verifyTextPresent("https://join.checkatrade.com/refer/", false): Text 'https://join.checkatrade.com/refer/' is present on page 

2020-04-22 15:04:47 - [MESSAGE][PASSED] - Text 'https://join.checkatrade.com/refer/' is present on page 

2020-04-22 15:04:47 - [TEST_STEP][PASSED] - verifyTextPresent("iForce", false): Text 'iForce' is present on page 

2020-04-22 15:04:48 - [MESSAGE][PASSED] - Text 'iForce' is present on page 

2020-04-22 15:04:48 - [TEST_STEP][PASSED] - verifyTextPresent("Offers", false): Text 'Offers' is present on page 

2020-04-22 15:04:48 - [MESSAGE][PASSED] - Text 'Offers' is present on page 

2020-04-22 15:04:48 - [MESSAGE][PASSED] - Call Test Case 'Test Cases/Reusable_Test_Sequences/Web_Office/Verification/Settings/Members_Area/Manage_Advert_Banners' successfully

2020-04-22 15:04:48 - [TEST_STEP][PASSED] - "--------------------------": null

2020-04-22 15:04:48 - [TEST_STEP][PASSED] - " Teardown - CLose Browser |": null

2020-04-22 15:04:48 - [TEST_STEP][PASSED] - callTestCase(findTestCase("Reusable_Test_Sequences/CAT_Teardown"), [:], OPTIONAL): Call Test Case 'Test Cases/Reusable_Test_Sequences/CAT_Teardown' successfully

2020-04-22 15:04:48 - [TEST_CASE][PASSED] - Test Cases/Reusable_Test_Sequences/CAT_Teardown: Test Cases/Reusable_Test_Sequences/CAT_Teardown

2020-04-22 15:04:48 - [TEST_STEP][PASSED] - closeBrowser(): Browser is closed

2020-04-22 15:04:51 - [MESSAGE][PASSED] - Browser is closed

2020-04-22 15:04:51 - [TEST_STEP][PASSED] - super.finalize(): null

2020-04-22 15:04:51 - [TEST_STEP][PASSED] - System.gc(): null

2020-04-22 15:04:51 - [MESSAGE][PASSED] - Call Test Case 'Test Cases/Reusable_Test_Sequences/CAT_Teardown' successfully]]></system-out>
         <system-err><![CDATA[]]></system-err>
      </testcase>
      <testcase name="Test Cases/Web_Office/Settings/Members_Area/Manage_Members_Achievments" time="28.079" classname="Test Cases/Web_Office/Settings/Members_Area/Manage_Members_Achievments" status="PASSED">
         <system-out><![CDATA[2020-04-22 15:04:51 - [TEST_CASE][PASSED] - Test Cases/Web_Office/Settings/Members_Area/Manage_Members_Achievments: Test Cases/Web_Office/Settings/Members_Area/Manage_Members_Achievments

2020-04-22 15:04:51 - [TEST_STEP][PASSED] - "--------------------------------------": null

2020-04-22 15:04:51 - [TEST_STEP][PASSED] - " Web Office StartUp                  |": null

2020-04-22 15:04:51 - [TEST_STEP][PASSED] - callTestCase(findTestCase("Reusable_Test_Sequences/Web_Office/Directives/WebOffice_StartUp"), [:], STOP_ON_FAILURE): Call Test Case 'Test Cases/Reusable_Test_Sequences/Web_Office/Directives/WebOffice_StartUp' successfully

2020-04-22 15:04:51 - [TEST_CASE][PASSED] - Test Cases/Reusable_Test_Sequences/Web_Office/Directives/WebOffice_StartUp: Test Cases/Reusable_Test_Sequences/Web_Office/Directives/WebOffice_StartUp

2020-04-22 15:04:51 - [TEST_STEP][PASSED] - "-----------------------------------------------------------------------------": null

2020-04-22 15:04:51 - [TEST_STEP][PASSED] - if (URL == "https://www.dev.checkatrade.com/"): null

2020-04-22 15:04:51 - [TEST_STEP][PASSED] - "-----------------------------------------------------------------------------": null

2020-04-22 15:04:51 - [TEST_STEP][PASSED] - if (URL == "https://www.checkatrade.com/"): null

2020-04-22 15:04:51 - [TEST_STEP][PASSED] - "-----------------------------------------------------------------------------": null

2020-04-22 15:04:51 - [TEST_STEP][PASSED] - if (URL == "https://www.preview.checkatrade.com/"): null

2020-04-22 15:04:51 - [TEST_STEP][PASSED] - WebOfficeURL = "https://admin.preview.checkatrade.com/": null

2020-04-22 15:04:51 - [TEST_STEP][PASSED] - if (URL == "https://www.dev2.checkatrade.com/"): null

2020-04-22 15:04:51 - [TEST_STEP][PASSED] - "Set Function Area for "URL_Handler", URL Resolution": null

2020-04-22 15:04:51 - [TEST_STEP][PASSED] - "Do Some Magic with URL(s) See the comments within URL Handler ": null

2020-04-22 15:04:51 - [TEST_STEP][PASSED] - "------------------------------------------------": null

2020-04-22 15:04:51 - [TEST_STEP][PASSED] - "Moved Login Credentials to <Default> profile 22/01/2020": null

2020-04-22 15:04:51 - [TEST_STEP][PASSED] - "------------------------------------------------": null

2020-04-22 15:04:51 - [TEST_STEP][PASSED] - "WebOfficeURL - Set from the ENVIRONMENT PROFILE ": null

2020-04-22 15:04:51 - [TEST_STEP][PASSED] - "OPEN BROWSER": null

2020-04-22 15:04:51 - [TEST_STEP][PASSED] - "eg - https://admin.preview.checkatrade.com/  ": null

2020-04-22 15:04:51 - [TEST_STEP][PASSED] - openBrowser(WebOfficeURL): Browser is opened with url: 'https://admin.preview.checkatrade.com/'

2020-04-22 15:04:51 - [MESSAGE][INFO] - Starting 'Chrome' driver

2020-04-22 15:04:51 - [MESSAGE][INFO] - Action delay is set to 0 milliseconds

2020-04-22 15:04:57 - [MESSAGE][PASSED] - Browser is opened with url: 'https://admin.preview.checkatrade.com/'

2020-04-22 15:04:57 - [TEST_STEP][PASSED] - maximizeWindow(): Current window maximized

2020-04-22 15:04:59 - [MESSAGE][PASSED] - Current window maximized

2020-04-22 15:04:59 - [TEST_STEP][PASSED] - waitForElementClickable(findTestObject("Object Repository/WebOffice/Page_Checkatrade - Administration - Login/Login_Button"), 25): Object 'Object Repository/WebOffice/Page_Checkatrade - Administration - Login/Login_Button' is clickable

2020-04-22 15:04:59 - [MESSAGE][PASSED] - Object 'Object Repository/WebOffice/Page_Checkatrade - Administration - Login/Login_Button' is clickable

2020-04-22 15:04:59 - [TEST_STEP][PASSED] - verifyTextPresent("Checkatrade Web Office", false): Text 'Checkatrade Web Office' is present on page 

2020-04-22 15:04:59 - [MESSAGE][PASSED] - Text 'Checkatrade Web Office' is present on page 

2020-04-22 15:04:59 - [TEST_STEP][PASSED] - verifyTextPresent("Access for staff use only", false): Text 'Access for staff use only' is present on page 

2020-04-22 15:04:59 - [MESSAGE][PASSED] - Text 'Access for staff use only' is present on page 

2020-04-22 15:04:59 - [TEST_STEP][PASSED] - verifyTextPresent("Forgotten password?", false): Text 'Forgotten password?' is present on page 

2020-04-22 15:04:59 - [MESSAGE][PASSED] - Text 'Forgotten password?' is present on page 

2020-04-22 15:04:59 - [TEST_STEP][PASSED] - setText(findTestObject("Object Repository/WebOffice/Page_Checkatrade - Administration - Login/input_Username_LoginControlUserName"), wo_Username): Text 'DavidHo' is set on object 'Object Repository/WebOffice/Page_Checkatrade - Administration - Login/input_Username_LoginControlUserName'

2020-04-22 15:05:00 - [MESSAGE][PASSED] - Text 'DavidHo' is set on object 'Object Repository/WebOffice/Page_Checkatrade - Administration - Login/input_Username_LoginControlUserName'

2020-04-22 15:05:00 - [TEST_STEP][PASSED] - setText(findTestObject("Object Repository/WebOffice/Page_Checkatrade - Administration - Login/input_Password_LoginControlPassword"), wo_Password): Text 'Check123' is set on object 'Object Repository/WebOffice/Page_Checkatrade - Administration - Login/input_Password_LoginControlPassword'

2020-04-22 15:05:00 - [MESSAGE][PASSED] - Text 'Check123' is set on object 'Object Repository/WebOffice/Page_Checkatrade - Administration - Login/input_Password_LoginControlPassword'

2020-04-22 15:05:00 - [TEST_STEP][PASSED] - click(findTestObject("Object Repository/WebOffice/Page_Checkatrade - Administration - Login/Login_Button")): Object: 'Object Repository/WebOffice/Page_Checkatrade - Administration - Login/Login_Button' is clicked on

2020-04-22 15:05:01 - [MESSAGE][PASSED] - Object: 'Object Repository/WebOffice/Page_Checkatrade - Administration - Login/Login_Button' is clicked on

2020-04-22 15:05:01 - [TEST_STEP][PASSED] - waitForPageLoad(60): Wait for page load successfully

2020-04-22 15:05:01 - [MESSAGE][PASSED] - Wait for page load successfully

2020-04-22 15:05:01 - [TEST_STEP][PASSED] - verifyTextPresent("Welcome " + wo_Username, false): Text 'Welcome DavidHo' is present on page 

2020-04-22 15:05:02 - [MESSAGE][PASSED] - Text 'Welcome DavidHo' is present on page 

2020-04-22 15:05:02 - [MESSAGE][PASSED] - Call Test Case 'Test Cases/Reusable_Test_Sequences/Web_Office/Directives/WebOffice_StartUp' successfully

2020-04-22 15:05:02 - [TEST_STEP][PASSED] - "-----------------------------------------------------------------": null

2020-04-22 15:05:02 - [TEST_STEP][PASSED] - " Navigate to <Settings->Checkatrade.Com->Sub Item> Menu Item     |": null

2020-04-22 15:05:02 - [TEST_STEP][PASSED] - callTestCase(findTestCase("Reusable_Test_Sequences/Web_Office/Navigation/Sub_Menu_Navigation/Settings/Members_Area/Manage_Members_Achievments"), [:], STOP_ON_FAILURE): Call Test Case 'Test Cases/Reusable_Test_Sequences/Web_Office/Navigation/Sub_Menu_Navigation/Settings/Members_Area/Manage_Members_Achievments' successfully

2020-04-22 15:05:02 - [TEST_CASE][PASSED] - Test Cases/Reusable_Test_Sequences/Web_Office/Navigation/Sub_Menu_Navigation/Settings/Members_Area/Manage_Members_Achievments: Test Cases/Reusable_Test_Sequences/Web_Office/Navigation/Sub_Menu_Navigation/Settings/Members_Area/Manage_Members_Achievments

2020-04-22 15:05:02 - [TEST_STEP][PASSED] - "--------------------------------------": null

2020-04-22 15:05:02 - [TEST_STEP][PASSED] - " Navigate Top level menu Item         |": null

2020-04-22 15:05:02 - [TEST_STEP][PASSED] - waitForPageLoad(60): Wait for page load successfully

2020-04-22 15:05:02 - [MESSAGE][PASSED] - Wait for page load successfully

2020-04-22 15:05:02 - [TEST_STEP][PASSED] - waitForElementClickable(findTestObject("Object Repository/WebOffice_Home_page/a_Settings"), 60): Object 'Object Repository/WebOffice_Home_page/a_Settings' is clickable

2020-04-22 15:05:02 - [MESSAGE][PASSED] - Object 'Object Repository/WebOffice_Home_page/a_Settings' is clickable

2020-04-22 15:05:02 - [TEST_STEP][PASSED] - mouseOver(findTestObject("Object Repository/WebOffice_Home_page/a_Settings")): Object: 'Object Repository/WebOffice_Home_page/a_Settings' is hovered

2020-04-22 15:05:03 - [MESSAGE][PASSED] - Object: 'Object Repository/WebOffice_Home_page/a_Settings' is hovered

2020-04-22 15:05:03 - [TEST_STEP][PASSED] - mouseOver(findTestObject("Object Repository/WebOffice_Home_page/a_Members Area")): Object: 'Object Repository/WebOffice_Home_page/a_Members Area' is hovered

2020-04-22 15:05:03 - [MESSAGE][PASSED] - Object: 'Object Repository/WebOffice_Home_page/a_Members Area' is hovered

2020-04-22 15:05:03 - [TEST_STEP][PASSED] - waitForElementClickable(findTestObject("Object Repository/WebOffice_Home_page/a_Manage Members Achievements"), 1): Object 'Object Repository/WebOffice_Home_page/a_Manage Members Achievements' is clickable

2020-04-22 15:05:03 - [MESSAGE][PASSED] - Object 'Object Repository/WebOffice_Home_page/a_Manage Members Achievements' is clickable

2020-04-22 15:05:03 - [TEST_STEP][PASSED] - click(findTestObject("Object Repository/WebOffice_Home_page/a_Manage Members Achievements")): Object: 'Object Repository/WebOffice_Home_page/a_Manage Members Achievements' is clicked on

2020-04-22 15:05:06 - [MESSAGE][PASSED] - Object: 'Object Repository/WebOffice_Home_page/a_Manage Members Achievements' is clicked on

2020-04-22 15:05:06 - [MESSAGE][PASSED] - Call Test Case 'Test Cases/Reusable_Test_Sequences/Web_Office/Navigation/Sub_Menu_Navigation/Settings/Members_Area/Manage_Members_Achievments' successfully

2020-04-22 15:05:06 - [TEST_STEP][PASSED] - "--------------------------------------": null

2020-04-22 15:05:06 - [TEST_STEP][PASSED] - " Verify Returned Page Detail          |": null

2020-04-22 15:05:06 - [TEST_STEP][PASSED] - callTestCase(findTestCase("Reusable_Test_Sequences/Web_Office/Verification/Settings/Members_Area/Manage_Members_Achievments"), [:], OPTIONAL): Call Test Case 'Test Cases/Reusable_Test_Sequences/Web_Office/Verification/Settings/Members_Area/Manage_Members_Achievments' successfully

2020-04-22 15:05:06 - [TEST_CASE][PASSED] - Test Cases/Reusable_Test_Sequences/Web_Office/Verification/Settings/Members_Area/Manage_Members_Achievments: Test Cases/Reusable_Test_Sequences/Web_Office/Verification/Settings/Members_Area/Manage_Members_Achievments

2020-04-22 15:05:06 - [TEST_STEP][PASSED] - waitForPageLoad(60): Wait for page load successfully

2020-04-22 15:05:06 - [MESSAGE][PASSED] - Wait for page load successfully

2020-04-22 15:05:06 - [TEST_STEP][PASSED] - delay(1): Delayed 1 second(s)

2020-04-22 15:05:07 - [MESSAGE][PASSED] - Delayed 1 second(s)

2020-04-22 15:05:07 - [TEST_STEP][PASSED] - verifyTextPresent("Members Achievements", false): Text 'Members Achievements' is present on page 

2020-04-22 15:05:08 - [MESSAGE][PASSED] - Text 'Members Achievements' is present on page 

2020-04-22 15:05:08 - [TEST_STEP][PASSED] - verifyTextPresent("Title", false): Text 'Title' is present on page 

2020-04-22 15:05:09 - [MESSAGE][PASSED] - Text 'Title' is present on page 

2020-04-22 15:05:09 - [TEST_STEP][PASSED] - verifyTextPresent("Details", false): Text 'Details' is present on page 

2020-04-22 15:05:11 - [MESSAGE][PASSED] - Text 'Details' is present on page 

2020-04-22 15:05:11 - [TEST_STEP][PASSED] - verifyTextPresent("Link URL", false): Text 'Link URL' is present on page 

2020-04-22 15:05:13 - [MESSAGE][PASSED] - Text 'Link URL' is present on page 

2020-04-22 15:05:13 - [TEST_STEP][PASSED] - verifyTextPresent("Logo", false): Text 'Logo' is present on page 

2020-04-22 15:05:15 - [MESSAGE][PASSED] - Text 'Logo' is present on page 

2020-04-22 15:05:15 - [TEST_STEP][PASSED] - "----------------------------------------------": null

2020-04-22 15:05:15 - [TEST_STEP][PASSED] - verifyTextPresent("Neil Wadsworth Electrical Ltd", false): Text 'Neil Wadsworth Electrical Ltd' is present on page 

2020-04-22 15:05:16 - [MESSAGE][PASSED] - Text 'Neil Wadsworth Electrical Ltd' is present on page 

2020-04-22 15:05:16 - [TEST_STEP][PASSED] - verifyTextPresent("A big congratulations to the team at Neil Wadsworth Electrical Ltd in Worcester Park", false): Text 'A big congratulations to the team at Neil Wadsworth Electrical Ltd in Worcester Park' is present on page 

2020-04-22 15:05:17 - [MESSAGE][PASSED] - Text 'A big congratulations to the team at Neil Wadsworth Electrical Ltd in Worcester Park' is present on page 

2020-04-22 15:05:17 - [TEST_STEP][PASSED] - verifyTextPresent("They've been raising money and organising events for Cancer Research UK", false): Text 'They've been raising money and organising events for Cancer Research UK' is present on page 

2020-04-22 15:05:18 - [MESSAGE][PASSED] - Text 'They've been raising money and organising events for Cancer Research UK' is present on page 

2020-04-22 15:05:18 - [MESSAGE][PASSED] - Call Test Case 'Test Cases/Reusable_Test_Sequences/Web_Office/Verification/Settings/Members_Area/Manage_Members_Achievments' successfully

2020-04-22 15:05:18 - [TEST_STEP][PASSED] - "--------------------------": null

2020-04-22 15:05:18 - [TEST_STEP][PASSED] - " Teardown - CLose Browser |": null

2020-04-22 15:05:18 - [TEST_STEP][PASSED] - callTestCase(findTestCase("Reusable_Test_Sequences/CAT_Teardown"), [:], OPTIONAL): Call Test Case 'Test Cases/Reusable_Test_Sequences/CAT_Teardown' successfully

2020-04-22 15:05:18 - [TEST_CASE][PASSED] - Test Cases/Reusable_Test_Sequences/CAT_Teardown: Test Cases/Reusable_Test_Sequences/CAT_Teardown

2020-04-22 15:05:18 - [TEST_STEP][PASSED] - closeBrowser(): Browser is closed

2020-04-22 15:05:19 - [MESSAGE][PASSED] - Browser is closed

2020-04-22 15:05:19 - [TEST_STEP][PASSED] - super.finalize(): null

2020-04-22 15:05:19 - [TEST_STEP][PASSED] - System.gc(): null

2020-04-22 15:05:19 - [MESSAGE][PASSED] - Call Test Case 'Test Cases/Reusable_Test_Sequences/CAT_Teardown' successfully]]></system-out>
         <system-err><![CDATA[]]></system-err>
      </testcase>
      <testcase name="Test Cases/Web_Office/Settings/Members_Area/Checkatrade_News" time="16.362" classname="Test Cases/Web_Office/Settings/Members_Area/Checkatrade_News" status="PASSED">
         <system-out><![CDATA[2020-04-22 15:05:19 - [TEST_CASE][PASSED] - Test Cases/Web_Office/Settings/Members_Area/Checkatrade_News: Test Cases/Web_Office/Settings/Members_Area/Checkatrade_News

2020-04-22 15:05:19 - [TEST_STEP][PASSED] - "--------------------------------------": null

2020-04-22 15:05:19 - [TEST_STEP][PASSED] - " Web Office StartUp                  |": null

2020-04-22 15:05:19 - [TEST_STEP][PASSED] - callTestCase(findTestCase("Reusable_Test_Sequences/Web_Office/Directives/WebOffice_StartUp"), [:], STOP_ON_FAILURE): Call Test Case 'Test Cases/Reusable_Test_Sequences/Web_Office/Directives/WebOffice_StartUp' successfully

2020-04-22 15:05:19 - [TEST_CASE][PASSED] - Test Cases/Reusable_Test_Sequences/Web_Office/Directives/WebOffice_StartUp: Test Cases/Reusable_Test_Sequences/Web_Office/Directives/WebOffice_StartUp

2020-04-22 15:05:19 - [TEST_STEP][PASSED] - "-----------------------------------------------------------------------------": null

2020-04-22 15:05:19 - [TEST_STEP][PASSED] - if (URL == "https://www.dev.checkatrade.com/"): null

2020-04-22 15:05:19 - [TEST_STEP][PASSED] - "-----------------------------------------------------------------------------": null

2020-04-22 15:05:19 - [TEST_STEP][PASSED] - if (URL == "https://www.checkatrade.com/"): null

2020-04-22 15:05:19 - [TEST_STEP][PASSED] - "-----------------------------------------------------------------------------": null

2020-04-22 15:05:19 - [TEST_STEP][PASSED] - if (URL == "https://www.preview.checkatrade.com/"): null

2020-04-22 15:05:19 - [TEST_STEP][PASSED] - WebOfficeURL = "https://admin.preview.checkatrade.com/": null

2020-04-22 15:05:19 - [TEST_STEP][PASSED] - if (URL == "https://www.dev2.checkatrade.com/"): null

2020-04-22 15:05:19 - [TEST_STEP][PASSED] - "Set Function Area for "URL_Handler", URL Resolution": null

2020-04-22 15:05:19 - [TEST_STEP][PASSED] - "Do Some Magic with URL(s) See the comments within URL Handler ": null

2020-04-22 15:05:19 - [TEST_STEP][PASSED] - "------------------------------------------------": null

2020-04-22 15:05:19 - [TEST_STEP][PASSED] - "Moved Login Credentials to <Default> profile 22/01/2020": null

2020-04-22 15:05:19 - [TEST_STEP][PASSED] - "------------------------------------------------": null

2020-04-22 15:05:19 - [TEST_STEP][PASSED] - "WebOfficeURL - Set from the ENVIRONMENT PROFILE ": null

2020-04-22 15:05:19 - [TEST_STEP][PASSED] - "OPEN BROWSER": null

2020-04-22 15:05:19 - [TEST_STEP][PASSED] - "eg - https://admin.preview.checkatrade.com/  ": null

2020-04-22 15:05:19 - [TEST_STEP][PASSED] - openBrowser(WebOfficeURL): Browser is opened with url: 'https://admin.preview.checkatrade.com/'

2020-04-22 15:05:19 - [MESSAGE][INFO] - Starting 'Chrome' driver

2020-04-22 15:05:19 - [MESSAGE][INFO] - Action delay is set to 0 milliseconds

2020-04-22 15:05:24 - [MESSAGE][PASSED] - Browser is opened with url: 'https://admin.preview.checkatrade.com/'

2020-04-22 15:05:24 - [TEST_STEP][PASSED] - maximizeWindow(): Current window maximized

2020-04-22 15:05:26 - [MESSAGE][PASSED] - Current window maximized

2020-04-22 15:05:26 - [TEST_STEP][PASSED] - waitForElementClickable(findTestObject("Object Repository/WebOffice/Page_Checkatrade - Administration - Login/Login_Button"), 25): Object 'Object Repository/WebOffice/Page_Checkatrade - Administration - Login/Login_Button' is clickable

2020-04-22 15:05:26 - [MESSAGE][PASSED] - Object 'Object Repository/WebOffice/Page_Checkatrade - Administration - Login/Login_Button' is clickable

2020-04-22 15:05:26 - [TEST_STEP][PASSED] - verifyTextPresent("Checkatrade Web Office", false): Text 'Checkatrade Web Office' is present on page 

2020-04-22 15:05:27 - [MESSAGE][PASSED] - Text 'Checkatrade Web Office' is present on page 

2020-04-22 15:05:27 - [TEST_STEP][PASSED] - verifyTextPresent("Access for staff use only", false): Text 'Access for staff use only' is present on page 

2020-04-22 15:05:27 - [MESSAGE][PASSED] - Text 'Access for staff use only' is present on page 

2020-04-22 15:05:27 - [TEST_STEP][PASSED] - verifyTextPresent("Forgotten password?", false): Text 'Forgotten password?' is present on page 

2020-04-22 15:05:27 - [MESSAGE][PASSED] - Text 'Forgotten password?' is present on page 

2020-04-22 15:05:27 - [TEST_STEP][PASSED] - setText(findTestObject("Object Repository/WebOffice/Page_Checkatrade - Administration - Login/input_Username_LoginControlUserName"), wo_Username): Text 'DavidHo' is set on object 'Object Repository/WebOffice/Page_Checkatrade - Administration - Login/input_Username_LoginControlUserName'

2020-04-22 15:05:27 - [MESSAGE][PASSED] - Text 'DavidHo' is set on object 'Object Repository/WebOffice/Page_Checkatrade - Administration - Login/input_Username_LoginControlUserName'

2020-04-22 15:05:27 - [TEST_STEP][PASSED] - setText(findTestObject("Object Repository/WebOffice/Page_Checkatrade - Administration - Login/input_Password_LoginControlPassword"), wo_Password): Text 'Check123' is set on object 'Object Repository/WebOffice/Page_Checkatrade - Administration - Login/input_Password_LoginControlPassword'

2020-04-22 15:05:27 - [MESSAGE][PASSED] - Text 'Check123' is set on object 'Object Repository/WebOffice/Page_Checkatrade - Administration - Login/input_Password_LoginControlPassword'

2020-04-22 15:05:27 - [TEST_STEP][PASSED] - click(findTestObject("Object Repository/WebOffice/Page_Checkatrade - Administration - Login/Login_Button")): Object: 'Object Repository/WebOffice/Page_Checkatrade - Administration - Login/Login_Button' is clicked on

2020-04-22 15:05:28 - [MESSAGE][PASSED] - Object: 'Object Repository/WebOffice/Page_Checkatrade - Administration - Login/Login_Button' is clicked on

2020-04-22 15:05:28 - [TEST_STEP][PASSED] - waitForPageLoad(60): Wait for page load successfully

2020-04-22 15:05:28 - [MESSAGE][PASSED] - Wait for page load successfully

2020-04-22 15:05:28 - [TEST_STEP][PASSED] - verifyTextPresent("Welcome " + wo_Username, false): Text 'Welcome DavidHo' is present on page 

2020-04-22 15:05:28 - [MESSAGE][PASSED] - Text 'Welcome DavidHo' is present on page 

2020-04-22 15:05:28 - [MESSAGE][PASSED] - Call Test Case 'Test Cases/Reusable_Test_Sequences/Web_Office/Directives/WebOffice_StartUp' successfully

2020-04-22 15:05:28 - [TEST_STEP][PASSED] - "-----------------------------------------------------------------": null

2020-04-22 15:05:28 - [TEST_STEP][PASSED] - " Navigate to <Settings->Checkatrade.Com->Sub Item> Menu Item     |": null

2020-04-22 15:05:28 - [TEST_STEP][PASSED] - callTestCase(findTestCase("Reusable_Test_Sequences/Web_Office/Navigation/Sub_Menu_Navigation/Settings/Members_Area/Chackatrade_News"), [:], STOP_ON_FAILURE): Call Test Case 'Test Cases/Reusable_Test_Sequences/Web_Office/Navigation/Sub_Menu_Navigation/Settings/Members_Area/Chackatrade_News' successfully

2020-04-22 15:05:28 - [TEST_CASE][PASSED] - Test Cases/Reusable_Test_Sequences/Web_Office/Navigation/Sub_Menu_Navigation/Settings/Members_Area/Chackatrade_News: Test Cases/Reusable_Test_Sequences/Web_Office/Navigation/Sub_Menu_Navigation/Settings/Members_Area/Chackatrade_News

2020-04-22 15:05:29 - [TEST_STEP][PASSED] - "--------------------------------------": null

2020-04-22 15:05:29 - [TEST_STEP][PASSED] - " Navigate Top level menu Item         |": null

2020-04-22 15:05:29 - [TEST_STEP][PASSED] - waitForPageLoad(60): Wait for page load successfully

2020-04-22 15:05:29 - [MESSAGE][PASSED] - Wait for page load successfully

2020-04-22 15:05:29 - [TEST_STEP][PASSED] - waitForElementClickable(findTestObject("Object Repository/WebOffice_Home_page/a_Settings"), 60): Object 'Object Repository/WebOffice_Home_page/a_Settings' is clickable

2020-04-22 15:05:29 - [MESSAGE][PASSED] - Object 'Object Repository/WebOffice_Home_page/a_Settings' is clickable

2020-04-22 15:05:29 - [TEST_STEP][PASSED] - mouseOver(findTestObject("Object Repository/WebOffice_Home_page/a_Settings")): Object: 'Object Repository/WebOffice_Home_page/a_Settings' is hovered

2020-04-22 15:05:29 - [MESSAGE][PASSED] - Object: 'Object Repository/WebOffice_Home_page/a_Settings' is hovered

2020-04-22 15:05:29 - [TEST_STEP][PASSED] - mouseOver(findTestObject("Object Repository/WebOffice_Home_page/a_Members Area")): Object: 'Object Repository/WebOffice_Home_page/a_Members Area' is hovered

2020-04-22 15:05:30 - [MESSAGE][PASSED] - Object: 'Object Repository/WebOffice_Home_page/a_Members Area' is hovered

2020-04-22 15:05:30 - [TEST_STEP][PASSED] - waitForElementClickable(findTestObject("Object Repository/WebOffice_Home_page/a_Checkatrade News"), 1): Object 'Object Repository/WebOffice_Home_page/a_Checkatrade News' is clickable

2020-04-22 15:05:30 - [MESSAGE][PASSED] - Object 'Object Repository/WebOffice_Home_page/a_Checkatrade News' is clickable

2020-04-22 15:05:30 - [TEST_STEP][PASSED] - click(findTestObject("Object Repository/WebOffice_Home_page/a_Checkatrade News")): Object: 'Object Repository/WebOffice_Home_page/a_Checkatrade News' is clicked on

2020-04-22 15:05:31 - [MESSAGE][PASSED] - Object: 'Object Repository/WebOffice_Home_page/a_Checkatrade News' is clicked on

2020-04-22 15:05:31 - [MESSAGE][PASSED] - Call Test Case 'Test Cases/Reusable_Test_Sequences/Web_Office/Navigation/Sub_Menu_Navigation/Settings/Members_Area/Chackatrade_News' successfully

2020-04-22 15:05:31 - [TEST_STEP][PASSED] - "--------------------------------------": null

2020-04-22 15:05:31 - [TEST_STEP][PASSED] - " Verify Returned Page Detail          |": null

2020-04-22 15:05:31 - [TEST_STEP][PASSED] - callTestCase(findTestCase("Reusable_Test_Sequences/Web_Office/Verification/Settings/Members_Area/Checkatrade_News"), [:], OPTIONAL): Call Test Case 'Test Cases/Reusable_Test_Sequences/Web_Office/Verification/Settings/Members_Area/Checkatrade_News' successfully

2020-04-22 15:05:31 - [TEST_CASE][PASSED] - Test Cases/Reusable_Test_Sequences/Web_Office/Verification/Settings/Members_Area/Checkatrade_News: Test Cases/Reusable_Test_Sequences/Web_Office/Verification/Settings/Members_Area/Checkatrade_News

2020-04-22 15:05:31 - [TEST_STEP][PASSED] - waitForPageLoad(60): Wait for page load successfully

2020-04-22 15:05:31 - [MESSAGE][PASSED] - Wait for page load successfully

2020-04-22 15:05:31 - [TEST_STEP][PASSED] - delay(1): Delayed 1 second(s)

2020-04-22 15:05:32 - [MESSAGE][PASSED] - Delayed 1 second(s)

2020-04-22 15:05:32 - [TEST_STEP][PASSED] - verifyTextPresent("Checkatrade News", false): Text 'Checkatrade News' is present on page 

2020-04-22 15:05:33 - [MESSAGE][PASSED] - Text 'Checkatrade News' is present on page 

2020-04-22 15:05:33 - [TEST_STEP][PASSED] - verifyTextPresent("Title", false): Text 'Title' is present on page 

2020-04-22 15:05:33 - [MESSAGE][PASSED] - Text 'Title' is present on page 

2020-04-22 15:05:33 - [TEST_STEP][PASSED] - verifyTextPresent("Category", false): Text 'Category' is present on page 

2020-04-22 15:05:33 - [MESSAGE][PASSED] - Text 'Category' is present on page 

2020-04-22 15:05:33 - [TEST_STEP][PASSED] - verifyTextPresent("Published", false): Text 'Published' is present on page 

2020-04-22 15:05:34 - [MESSAGE][PASSED] - Text 'Published' is present on page 

2020-04-22 15:05:34 - [TEST_STEP][PASSED] - "----------------------------------------------": null

2020-04-22 15:05:34 - [TEST_STEP][PASSED] - verifyTextPresent("New Marketing", false): Text 'New Marketing' is present on page 

2020-04-22 15:05:34 - [MESSAGE][PASSED] - Text 'New Marketing' is present on page 

2020-04-22 15:05:34 - [MESSAGE][PASSED] - Call Test Case 'Test Cases/Reusable_Test_Sequences/Web_Office/Verification/Settings/Members_Area/Checkatrade_News' successfully

2020-04-22 15:05:34 - [TEST_STEP][PASSED] - "--------------------------": null

2020-04-22 15:05:34 - [TEST_STEP][PASSED] - " Teardown - CLose Browser |": null

2020-04-22 15:05:34 - [TEST_STEP][PASSED] - callTestCase(findTestCase("Reusable_Test_Sequences/CAT_Teardown"), [:], OPTIONAL): Call Test Case 'Test Cases/Reusable_Test_Sequences/CAT_Teardown' successfully

2020-04-22 15:05:34 - [TEST_CASE][PASSED] - Test Cases/Reusable_Test_Sequences/CAT_Teardown: Test Cases/Reusable_Test_Sequences/CAT_Teardown

2020-04-22 15:05:34 - [TEST_STEP][PASSED] - closeBrowser(): Browser is closed

2020-04-22 15:05:35 - [MESSAGE][PASSED] - Browser is closed

2020-04-22 15:05:35 - [TEST_STEP][PASSED] - super.finalize(): null

2020-04-22 15:05:35 - [TEST_STEP][PASSED] - System.gc(): null

2020-04-22 15:05:35 - [MESSAGE][PASSED] - Call Test Case 'Test Cases/Reusable_Test_Sequences/CAT_Teardown' successfully]]></system-out>
         <system-err><![CDATA[]]></system-err>
      </testcase>
      <system-out><![CDATA[2020-04-22 14:55:27 - [TEST_SUITE][FAILED] - Web_Office_Settings: Test Cases/Web_Office/Settings/Checkatrade_Com/CAT_Now_Reporting FAILED.
Reason:
com.kms.katalon.core.exception.StepFailedException: Call Test Case 'Test Cases/Reusable_Test_Sequences/Web_Office/Navigation/Sub_Menu_Navigation/Settings/Checkatrade_Com/CAT_Now_Reporting' failed
	at com.kms.katalon.core.keyword.builtin.CallTestCaseKeyword$_callTestCase_closure1.doCall(CallTestCaseKeyword.groovy:63)
	at com.kms.katalon.core.keyword.builtin.CallTestCaseKeyword$_callTestCase_closure1.call(CallTestCaseKeyword.groovy)
	at com.kms.katalon.core.keyword.internal.KeywordMain.runKeyword(KeywordMain.groovy:68)
	at com.kms.katalon.core.keyword.builtin.CallTestCaseKeyword.callTestCase(CallTestCaseKeyword.groovy:81)
	at com.kms.katalon.core.keyword.builtin.CallTestCaseKeyword.execute(CallTestCaseKeyword.groovy:44)
	at com.kms.katalon.core.keyword.internal.KeywordExecutor.executeKeywordForPlatform(KeywordExecutor.groovy:72)
	at com.kms.katalon.core.keyword.BuiltinKeywords.callTestCase(BuiltinKeywords.groovy:334)
	at CAT_Now_Reporting.run(CAT_Now_Reporting:58)
	at com.kms.katalon.core.main.ScriptEngine.run(ScriptEngine.java:194)
	at com.kms.katalon.core.main.ScriptEngine.runScriptAsRawText(ScriptEngine.java:119)
	at com.kms.katalon.core.main.TestCaseExecutor.runScript(TestCaseExecutor.java:337)
	at com.kms.katalon.core.main.TestCaseExecutor.doExecute(TestCaseExecutor.java:328)
	at com.kms.katalon.core.main.TestCaseExecutor.processExecutionPhase(TestCaseExecutor.java:307)
	at com.kms.katalon.core.main.TestCaseExecutor.accessMainPhase(TestCaseExecutor.java:299)
	at com.kms.katalon.core.main.TestCaseExecutor.execute(TestCaseExecutor.java:233)
	at com.kms.katalon.core.main.TestSuiteExecutor.accessTestCaseMainPhase(TestSuiteExecutor.java:169)
	at com.kms.katalon.core.main.TestSuiteExecutor.accessTestSuiteMainPhase(TestSuiteExecutor.java:142)
	at com.kms.katalon.core.main.TestSuiteExecutor.execute(TestSuiteExecutor.java:91)
	at com.kms.katalon.core.main.TestCaseMain.startTestSuite(TestCaseMain.java:157)
	at com.kms.katalon.core.main.TestCaseMain$startTestSuite$0.call(Unknown Source)
	at TempTestSuite1587562267750.run(TempTestSuite1587562267750.groovy:37)
Caused by: com.kms.katalon.core.exception.StepFailedException: Unable to move mouse over object 'Object Repository/WebOffice_Home_page/a_wwwcheckatradecom' (Root cause: com.kms.katalon.core.exception.StepFailedException: Unable to move mouse over object 'Object Repository/WebOffice_Home_page/a_wwwcheckatradecom'
	at com.kms.katalon.core.webui.keyword.internal.WebUIKeywordMain.stepFailed(WebUIKeywordMain.groovy:64)
	at com.kms.katalon.core.webui.keyword.internal.WebUIKeywordMain.runKeyword(WebUIKeywordMain.groovy:26)
	at com.kms.katalon.core.webui.keyword.builtin.MouseOverKeyword.mouseOver(MouseOverKeyword.groovy:66)
	at com.kms.katalon.core.webui.keyword.builtin.MouseOverKeyword.execute(MouseOverKeyword.groovy:40)
	at com.kms.katalon.core.keyword.internal.KeywordExecutor.executeKeywordForPlatform(KeywordExecutor.groovy:72)
	at com.kms.katalon.core.webui.keyword.WebUiBuiltInKeywords.mouseOver(WebUiBuiltInKeywords.groovy:802)
	at com.kms.katalon.core.webui.keyword.WebUiBuiltInKeywords$mouseOver$6.call(Unknown Source)
	at CAT_Now_Reporting.run(CAT_Now_Reporting:63)
	at com.kms.katalon.core.main.ScriptEngine.run(ScriptEngine.java:194)
	at com.kms.katalon.core.main.ScriptEngine.runScriptAsRawText(ScriptEngine.java:119)
	at com.kms.katalon.core.main.TestCaseExecutor.runScript(TestCaseExecutor.java:337)
	at com.kms.katalon.core.main.TestCaseExecutor.doExecute(TestCaseExecutor.java:328)
	at com.kms.katalon.core.main.TestCaseExecutor.processExecutionPhase(TestCaseExecutor.java:307)
	at com.kms.katalon.core.main.TestCaseExecutor.accessMainPhase(TestCaseExecutor.java:299)
	at com.kms.katalon.core.main.TestCaseExecutor.execute(TestCaseExecutor.java:233)
	at com.kms.katalon.core.main.TestCaseMain.runTestCase(TestCaseMain.java:114)
	at com.kms.katalon.core.keyword.builtin.CallTestCaseKeyword$_callTestCase_closure1.doCall(CallTestCaseKeyword.groovy:59)
	at com.kms.katalon.core.keyword.builtin.CallTestCaseKeyword$_callTestCase_closure1.call(CallTestCaseKeyword.groovy)
	at com.kms.katalon.core.keyword.internal.KeywordMain.runKeyword(KeywordMain.groovy:68)
	at com.kms.katalon.core.keyword.builtin.CallTestCaseKeyword.callTestCase(CallTestCaseKeyword.groovy:81)
	at com.kms.katalon.core.keyword.builtin.CallTestCaseKeyword.execute(CallTestCaseKeyword.groovy:44)
	at com.kms.katalon.core.keyword.internal.KeywordExecutor.executeKeywordForPlatform(KeywordExecutor.groovy:72)
	at com.kms.katalon.core.keyword.BuiltinKeywords.callTestCase(BuiltinKeywords.groovy:334)
	at CAT_Now_Reporting.run(CAT_Now_Reporting:58)
	at com.kms.katalon.core.main.ScriptEngine.run(ScriptEngine.java:194)
	at com.kms.katalon.core.main.ScriptEngine.runScriptAsRawText(ScriptEngine.java:119)
	at com.kms.katalon.core.main.TestCaseExecutor.runScript(TestCaseExecutor.java:337)
	at com.kms.katalon.core.main.TestCaseExecutor.doExecute(TestCaseExecutor.java:328)
	at com.kms.katalon.core.main.TestCaseExecutor.processExecutionPhase(TestCaseExecutor.java:307)
	at com.kms.katalon.core.main.TestCaseExecutor.accessMainPhase(TestCaseExecutor.java:299)
	at com.kms.katalon.core.main.TestCaseExecutor.execute(TestCaseExecutor.java:233)
	at com.kms.katalon.core.main.TestSuiteExecutor.accessTestCaseMainPhase(TestSuiteExecutor.java:169)
	at com.kms.katalon.core.main.TestSuiteExecutor.accessTestSuiteMainPhase(TestSuiteExecutor.java:142)
	at com.kms.katalon.core.main.TestSuiteExecutor.execute(TestSuiteExecutor.java:91)
	at com.kms.katalon.core.main.TestCaseMain.startTestSuite(TestCaseMain.java:157)
	at com.kms.katalon.core.main.TestCaseMain$startTestSuite$0.call(Unknown Source)
	at TempTestSuite1587562267750.run(TempTestSuite1587562267750.groovy:37)
Caused by: org.openqa.selenium.TimeoutException: Expected condition failed: waiting for element to be clickable: [[CChromeDriver: chrome on WINDOWS (e6a06d3dafa167bccb1aa34cfd0c46df)] -> xpath: //*[@href = 'https://www.checkatrade.com' and (text() = 'www.checkatrade.com' or . = 'www.checkatrade.com')]] (tried for 30 second(s) with 500 milliseconds interval)
Build info: version: '3.141.59', revision: 'e82be7d358', time: '2018-11-14T08:25:53'
System info: host: 'VETTEDSP36RF', ip: '192.168.1.238', os.name: 'Windows 10', os.arch: 'x86', os.version: '10.0', java.version: '1.8.0_181'
Driver info: com.kms.katalon.core.webui.driver.SmartWaitWebDriver
Capabilities {acceptInsecureCerts: false, browserName: chrome, browserVersion: 81.0.4044.113, chrome: {chromedriverVersion: 81.0.4044.69 (6813546031a4b..., userDataDir: C:\Users\davidho\AppData\Lo...}, goog:chromeOptions: {debuggerAddress: localhost:55204}, javascriptEnabled: true, networkConnectionEnabled: false, pageLoadStrategy: normal, platform: WINDOWS, platformName: WINDOWS, proxy: Proxy(), setWindowRect: true, strictFileInteractability: false, timeouts: {implicit: 0, pageLoad: 300000, script: 30000}, unhandledPromptBehavior: dismiss and notify, webauthn:virtualAuthenticators: true}
Session ID: e6a06d3dafa167bccb1aa34cfd0c46df
	at org.openqa.selenium.support.ui.WebDriverWait.timeoutException(WebDriverWait.java:95)
	at org.openqa.selenium.support.ui.FluentWait.until(FluentWait.java:272)
	at com.kms.katalon.core.webui.keyword.builtin.MouseOverKeyword$_mouseOver_closure1.doCall(MouseOverKeyword.groovy:56)
	at com.kms.katalon.core.webui.keyword.builtin.MouseOverKeyword$_mouseOver_closure1.call(MouseOverKeyword.groovy)
	at com.kms.katalon.core.webui.keyword.internal.WebUIKeywordMain.runKeyword(WebUIKeywordMain.groovy:20)
	at com.kms.katalon.core.webui.keyword.builtin.MouseOverKeyword.mouseOver(MouseOverKeyword.groovy:66)
	at com.kms.katalon.core.webui.keyword.builtin.MouseOverKeyword.execute(MouseOverKeyword.groovy:40)
	at com.kms.katalon.core.keyword.internal.KeywordExecutor.executeKeywordForPlatform(KeywordExecutor.groovy:72)
	at com.kms.katalon.core.webui.keyword.WebUiBuiltInKeywords.mouseOver(WebUiBuiltInKeywords.groovy:802)
	at com.kms.katalon.core.webui.keyword.WebUiBuiltInKeywords$mouseOver$6.call(Unknown Source)
	at Script1585049847870.run(Script1585049847870.groovy:63)
	at com.kms.katalon.core.main.ScriptEngine.run(ScriptEngine.java:194)
	at com.kms.katalon.core.main.ScriptEngine.runScriptAsRawText(ScriptEngine.java:119)
	at com.kms.katalon.core.main.TestCaseExecutor.runScript(TestCaseExecutor.java:337)
	at com.kms.katalon.core.main.TestCaseExecutor.doExecute(TestCaseExecutor.java:328)
	at com.kms.katalon.core.main.TestCaseExecutor.processExecutionPhase(TestCaseExecutor.java:307)
	at com.kms.katalon.core.main.TestCaseExecutor.accessMainPhase(TestCaseExecutor.java:299)
	at com.kms.katalon.core.main.TestCaseExecutor.execute(TestCaseExecutor.java:233)
	at com.kms.katalon.core.main.TestCaseMain.runTestCase(TestCaseMain.java:114)
	at com.kms.katalon.core.keyword.builtin.CallTestCaseKeyword$_callTestCase_closure1.doCall(CallTestCaseKeyword.groovy:59)
	at com.kms.katalon.core.keyword.builtin.CallTestCaseKeyword$_callTestCase_closure1.call(CallTestCaseKeyword.groovy)
	at com.kms.katalon.core.keyword.internal.KeywordMain.runKeyword(KeywordMain.groovy:68)
	at com.kms.katalon.core.keyword.builtin.CallTestCaseKeyword.callTestCase(CallTestCaseKeyword.groovy:81)
	at com.kms.katalon.core.keyword.builtin.CallTestCaseKeyword.execute(CallTestCaseKeyword.groovy:44)
	at com.kms.katalon.core.keyword.internal.KeywordExecutor.executeKeywordForPlatform(KeywordExecutor.groovy:72)
	at com.kms.katalon.core.keyword.BuiltinKeywords.callTestCase(BuiltinKeywords.groovy:334)
	at Script1585128042398.run(Script1585128042398.groovy:58)
	... 13 more
)
	at com.kms.katalon.core.keyword.internal.KeywordMain.stepFailed(KeywordMain.groovy:39)
	at com.kms.katalon.core.webui.keyword.internal.WebUIKeywordMain.stepFailed(WebUIKeywordMain.groovy:64)
	at com.kms.katalon.core.webui.keyword.internal.WebUIKeywordMain.runKeyword(WebUIKeywordMain.groovy:26)
	at com.kms.katalon.core.webui.keyword.builtin.MouseOverKeyword.mouseOver(MouseOverKeyword.groovy:66)
	at com.kms.katalon.core.webui.keyword.builtin.MouseOverKeyword.execute(MouseOverKeyword.groovy:40)
	at com.kms.katalon.core.keyword.internal.KeywordExecutor.executeKeywordForPlatform(KeywordExecutor.groovy:72)
	at com.kms.katalon.core.webui.keyword.WebUiBuiltInKeywords.mouseOver(WebUiBuiltInKeywords.groovy:802)
	at com.kms.katalon.core.webui.keyword.WebUiBuiltInKeywords$mouseOver$6.call(Unknown Source)
	at CAT_Now_Reporting.run(CAT_Now_Reporting:63)
	at com.kms.katalon.core.main.ScriptEngine.run(ScriptEngine.java:194)
	at com.kms.katalon.core.main.ScriptEngine.runScriptAsRawText(ScriptEngine.java:119)
	at com.kms.katalon.core.main.TestCaseExecutor.runScript(TestCaseExecutor.java:337)
	at com.kms.katalon.core.main.TestCaseExecutor.doExecute(TestCaseExecutor.java:328)
	at com.kms.katalon.core.main.TestCaseExecutor.processExecutionPhase(TestCaseExecutor.java:307)
	at com.kms.katalon.core.main.TestCaseExecutor.accessMainPhase(TestCaseExecutor.java:299)
	at com.kms.katalon.core.main.TestCaseExecutor.execute(TestCaseExecutor.java:233)
	at com.kms.katalon.core.main.TestCaseMain.runTestCase(TestCaseMain.java:114)
	at com.kms.katalon.core.keyword.builtin.CallTestCaseKeyword$_callTestCase_closure1.doCall(CallTestCaseKeyword.groovy:59)
	... 20 more
Caused by: com.kms.katalon.core.exception.StepFailedException: Unable to move mouse over object 'Object Repository/WebOffice_Home_page/a_wwwcheckatradecom'
	... 37 more
Caused by: org.openqa.selenium.TimeoutException: Expected condition failed: waiting for element to be clickable: [[CChromeDriver: chrome on WINDOWS (e6a06d3dafa167bccb1aa34cfd0c46df)] -> xpath: //*[@href = 'https://www.checkatrade.com' and (text() = 'www.checkatrade.com' or . = 'www.checkatrade.com')]] (tried for 30 second(s) with 500 milliseconds interval)
Build info: version: '3.141.59', revision: 'e82be7d358', time: '2018-11-14T08:25:53'
System info: host: 'VETTEDSP36RF', ip: '192.168.1.238', os.name: 'Windows 10', os.arch: 'x86', os.version: '10.0', java.version: '1.8.0_181'
Driver info: com.kms.katalon.core.webui.driver.SmartWaitWebDriver
Capabilities {acceptInsecureCerts: false, browserName: chrome, browserVersion: 81.0.4044.113, chrome: {chromedriverVersion: 81.0.4044.69 (6813546031a4b..., userDataDir: C:\Users\davidho\AppData\Lo...}, goog:chromeOptions: {debuggerAddress: localhost:55204}, javascriptEnabled: true, networkConnectionEnabled: false, pageLoadStrategy: normal, platform: WINDOWS, platformName: WINDOWS, proxy: Proxy(), setWindowRect: true, strictFileInteractability: false, timeouts: {implicit: 0, pageLoad: 300000, script: 30000}, unhandledPromptBehavior: dismiss and notify, webauthn:virtualAuthenticators: true}
Session ID: e6a06d3dafa167bccb1aa34cfd0c46df
	at org.openqa.selenium.support.ui.WebDriverWait.timeoutException(WebDriverWait.java:95)
	at org.openqa.selenium.support.ui.FluentWait.until(FluentWait.java:272)
	at com.kms.katalon.core.webui.keyword.builtin.MouseOverKeyword$_mouseOver_closure1.doCall(MouseOverKeyword.groovy:56)
	at com.kms.katalon.core.webui.keyword.builtin.MouseOverKeyword$_mouseOver_closure1.call(MouseOverKeyword.groovy)
	at com.kms.katalon.core.webui.keyword.internal.WebUIKeywordMain.runKeyword(WebUIKeywordMain.groovy:20)
	... 35 more]]></system-out>
      <system-err><![CDATA[2020-04-22 14:55:27 - [TEST_SUITE][FAILED] - Web_Office_Settings: Test Cases/Web_Office/Settings/Checkatrade_Com/CAT_Now_Reporting FAILED.
Reason:
com.kms.katalon.core.exception.StepFailedException: Call Test Case 'Test Cases/Reusable_Test_Sequences/Web_Office/Navigation/Sub_Menu_Navigation/Settings/Checkatrade_Com/CAT_Now_Reporting' failed
	at com.kms.katalon.core.keyword.builtin.CallTestCaseKeyword$_callTestCase_closure1.doCall(CallTestCaseKeyword.groovy:63)
	at com.kms.katalon.core.keyword.builtin.CallTestCaseKeyword$_callTestCase_closure1.call(CallTestCaseKeyword.groovy)
	at com.kms.katalon.core.keyword.internal.KeywordMain.runKeyword(KeywordMain.groovy:68)
	at com.kms.katalon.core.keyword.builtin.CallTestCaseKeyword.callTestCase(CallTestCaseKeyword.groovy:81)
	at com.kms.katalon.core.keyword.builtin.CallTestCaseKeyword.execute(CallTestCaseKeyword.groovy:44)
	at com.kms.katalon.core.keyword.internal.KeywordExecutor.executeKeywordForPlatform(KeywordExecutor.groovy:72)
	at com.kms.katalon.core.keyword.BuiltinKeywords.callTestCase(BuiltinKeywords.groovy:334)
	at CAT_Now_Reporting.run(CAT_Now_Reporting:58)
	at com.kms.katalon.core.main.ScriptEngine.run(ScriptEngine.java:194)
	at com.kms.katalon.core.main.ScriptEngine.runScriptAsRawText(ScriptEngine.java:119)
	at com.kms.katalon.core.main.TestCaseExecutor.runScript(TestCaseExecutor.java:337)
	at com.kms.katalon.core.main.TestCaseExecutor.doExecute(TestCaseExecutor.java:328)
	at com.kms.katalon.core.main.TestCaseExecutor.processExecutionPhase(TestCaseExecutor.java:307)
	at com.kms.katalon.core.main.TestCaseExecutor.accessMainPhase(TestCaseExecutor.java:299)
	at com.kms.katalon.core.main.TestCaseExecutor.execute(TestCaseExecutor.java:233)
	at com.kms.katalon.core.main.TestSuiteExecutor.accessTestCaseMainPhase(TestSuiteExecutor.java:169)
	at com.kms.katalon.core.main.TestSuiteExecutor.accessTestSuiteMainPhase(TestSuiteExecutor.java:142)
	at com.kms.katalon.core.main.TestSuiteExecutor.execute(TestSuiteExecutor.java:91)
	at com.kms.katalon.core.main.TestCaseMain.startTestSuite(TestCaseMain.java:157)
	at com.kms.katalon.core.main.TestCaseMain$startTestSuite$0.call(Unknown Source)
	at TempTestSuite1587562267750.run(TempTestSuite1587562267750.groovy:37)
Caused by: com.kms.katalon.core.exception.StepFailedException: Unable to move mouse over object 'Object Repository/WebOffice_Home_page/a_wwwcheckatradecom' (Root cause: com.kms.katalon.core.exception.StepFailedException: Unable to move mouse over object 'Object Repository/WebOffice_Home_page/a_wwwcheckatradecom'
	at com.kms.katalon.core.webui.keyword.internal.WebUIKeywordMain.stepFailed(WebUIKeywordMain.groovy:64)
	at com.kms.katalon.core.webui.keyword.internal.WebUIKeywordMain.runKeyword(WebUIKeywordMain.groovy:26)
	at com.kms.katalon.core.webui.keyword.builtin.MouseOverKeyword.mouseOver(MouseOverKeyword.groovy:66)
	at com.kms.katalon.core.webui.keyword.builtin.MouseOverKeyword.execute(MouseOverKeyword.groovy:40)
	at com.kms.katalon.core.keyword.internal.KeywordExecutor.executeKeywordForPlatform(KeywordExecutor.groovy:72)
	at com.kms.katalon.core.webui.keyword.WebUiBuiltInKeywords.mouseOver(WebUiBuiltInKeywords.groovy:802)
	at com.kms.katalon.core.webui.keyword.WebUiBuiltInKeywords$mouseOver$6.call(Unknown Source)
	at CAT_Now_Reporting.run(CAT_Now_Reporting:63)
	at com.kms.katalon.core.main.ScriptEngine.run(ScriptEngine.java:194)
	at com.kms.katalon.core.main.ScriptEngine.runScriptAsRawText(ScriptEngine.java:119)
	at com.kms.katalon.core.main.TestCaseExecutor.runScript(TestCaseExecutor.java:337)
	at com.kms.katalon.core.main.TestCaseExecutor.doExecute(TestCaseExecutor.java:328)
	at com.kms.katalon.core.main.TestCaseExecutor.processExecutionPhase(TestCaseExecutor.java:307)
	at com.kms.katalon.core.main.TestCaseExecutor.accessMainPhase(TestCaseExecutor.java:299)
	at com.kms.katalon.core.main.TestCaseExecutor.execute(TestCaseExecutor.java:233)
	at com.kms.katalon.core.main.TestCaseMain.runTestCase(TestCaseMain.java:114)
	at com.kms.katalon.core.keyword.builtin.CallTestCaseKeyword$_callTestCase_closure1.doCall(CallTestCaseKeyword.groovy:59)
	at com.kms.katalon.core.keyword.builtin.CallTestCaseKeyword$_callTestCase_closure1.call(CallTestCaseKeyword.groovy)
	at com.kms.katalon.core.keyword.internal.KeywordMain.runKeyword(KeywordMain.groovy:68)
	at com.kms.katalon.core.keyword.builtin.CallTestCaseKeyword.callTestCase(CallTestCaseKeyword.groovy:81)
	at com.kms.katalon.core.keyword.builtin.CallTestCaseKeyword.execute(CallTestCaseKeyword.groovy:44)
	at com.kms.katalon.core.keyword.internal.KeywordExecutor.executeKeywordForPlatform(KeywordExecutor.groovy:72)
	at com.kms.katalon.core.keyword.BuiltinKeywords.callTestCase(BuiltinKeywords.groovy:334)
	at CAT_Now_Reporting.run(CAT_Now_Reporting:58)
	at com.kms.katalon.core.main.ScriptEngine.run(ScriptEngine.java:194)
	at com.kms.katalon.core.main.ScriptEngine.runScriptAsRawText(ScriptEngine.java:119)
	at com.kms.katalon.core.main.TestCaseExecutor.runScript(TestCaseExecutor.java:337)
	at com.kms.katalon.core.main.TestCaseExecutor.doExecute(TestCaseExecutor.java:328)
	at com.kms.katalon.core.main.TestCaseExecutor.processExecutionPhase(TestCaseExecutor.java:307)
	at com.kms.katalon.core.main.TestCaseExecutor.accessMainPhase(TestCaseExecutor.java:299)
	at com.kms.katalon.core.main.TestCaseExecutor.execute(TestCaseExecutor.java:233)
	at com.kms.katalon.core.main.TestSuiteExecutor.accessTestCaseMainPhase(TestSuiteExecutor.java:169)
	at com.kms.katalon.core.main.TestSuiteExecutor.accessTestSuiteMainPhase(TestSuiteExecutor.java:142)
	at com.kms.katalon.core.main.TestSuiteExecutor.execute(TestSuiteExecutor.java:91)
	at com.kms.katalon.core.main.TestCaseMain.startTestSuite(TestCaseMain.java:157)
	at com.kms.katalon.core.main.TestCaseMain$startTestSuite$0.call(Unknown Source)
	at TempTestSuite1587562267750.run(TempTestSuite1587562267750.groovy:37)
Caused by: org.openqa.selenium.TimeoutException: Expected condition failed: waiting for element to be clickable: [[CChromeDriver: chrome on WINDOWS (e6a06d3dafa167bccb1aa34cfd0c46df)] -> xpath: //*[@href = 'https://www.checkatrade.com' and (text() = 'www.checkatrade.com' or . = 'www.checkatrade.com')]] (tried for 30 second(s) with 500 milliseconds interval)
Build info: version: '3.141.59', revision: 'e82be7d358', time: '2018-11-14T08:25:53'
System info: host: 'VETTEDSP36RF', ip: '192.168.1.238', os.name: 'Windows 10', os.arch: 'x86', os.version: '10.0', java.version: '1.8.0_181'
Driver info: com.kms.katalon.core.webui.driver.SmartWaitWebDriver
Capabilities {acceptInsecureCerts: false, browserName: chrome, browserVersion: 81.0.4044.113, chrome: {chromedriverVersion: 81.0.4044.69 (6813546031a4b..., userDataDir: C:\Users\davidho\AppData\Lo...}, goog:chromeOptions: {debuggerAddress: localhost:55204}, javascriptEnabled: true, networkConnectionEnabled: false, pageLoadStrategy: normal, platform: WINDOWS, platformName: WINDOWS, proxy: Proxy(), setWindowRect: true, strictFileInteractability: false, timeouts: {implicit: 0, pageLoad: 300000, script: 30000}, unhandledPromptBehavior: dismiss and notify, webauthn:virtualAuthenticators: true}
Session ID: e6a06d3dafa167bccb1aa34cfd0c46df
	at org.openqa.selenium.support.ui.WebDriverWait.timeoutException(WebDriverWait.java:95)
	at org.openqa.selenium.support.ui.FluentWait.until(FluentWait.java:272)
	at com.kms.katalon.core.webui.keyword.builtin.MouseOverKeyword$_mouseOver_closure1.doCall(MouseOverKeyword.groovy:56)
	at com.kms.katalon.core.webui.keyword.builtin.MouseOverKeyword$_mouseOver_closure1.call(MouseOverKeyword.groovy)
	at com.kms.katalon.core.webui.keyword.internal.WebUIKeywordMain.runKeyword(WebUIKeywordMain.groovy:20)
	at com.kms.katalon.core.webui.keyword.builtin.MouseOverKeyword.mouseOver(MouseOverKeyword.groovy:66)
	at com.kms.katalon.core.webui.keyword.builtin.MouseOverKeyword.execute(MouseOverKeyword.groovy:40)
	at com.kms.katalon.core.keyword.internal.KeywordExecutor.executeKeywordForPlatform(KeywordExecutor.groovy:72)
	at com.kms.katalon.core.webui.keyword.WebUiBuiltInKeywords.mouseOver(WebUiBuiltInKeywords.groovy:802)
	at com.kms.katalon.core.webui.keyword.WebUiBuiltInKeywords$mouseOver$6.call(Unknown Source)
	at Script1585049847870.run(Script1585049847870.groovy:63)
	at com.kms.katalon.core.main.ScriptEngine.run(ScriptEngine.java:194)
	at com.kms.katalon.core.main.ScriptEngine.runScriptAsRawText(ScriptEngine.java:119)
	at com.kms.katalon.core.main.TestCaseExecutor.runScript(TestCaseExecutor.java:337)
	at com.kms.katalon.core.main.TestCaseExecutor.doExecute(TestCaseExecutor.java:328)
	at com.kms.katalon.core.main.TestCaseExecutor.processExecutionPhase(TestCaseExecutor.java:307)
	at com.kms.katalon.core.main.TestCaseExecutor.accessMainPhase(TestCaseExecutor.java:299)
	at com.kms.katalon.core.main.TestCaseExecutor.execute(TestCaseExecutor.java:233)
	at com.kms.katalon.core.main.TestCaseMain.runTestCase(TestCaseMain.java:114)
	at com.kms.katalon.core.keyword.builtin.CallTestCaseKeyword$_callTestCase_closure1.doCall(CallTestCaseKeyword.groovy:59)
	at com.kms.katalon.core.keyword.builtin.CallTestCaseKeyword$_callTestCase_closure1.call(CallTestCaseKeyword.groovy)
	at com.kms.katalon.core.keyword.internal.KeywordMain.runKeyword(KeywordMain.groovy:68)
	at com.kms.katalon.core.keyword.builtin.CallTestCaseKeyword.callTestCase(CallTestCaseKeyword.groovy:81)
	at com.kms.katalon.core.keyword.builtin.CallTestCaseKeyword.execute(CallTestCaseKeyword.groovy:44)
	at com.kms.katalon.core.keyword.internal.KeywordExecutor.executeKeywordForPlatform(KeywordExecutor.groovy:72)
	at com.kms.katalon.core.keyword.BuiltinKeywords.callTestCase(BuiltinKeywords.groovy:334)
	at Script1585128042398.run(Script1585128042398.groovy:58)
	... 13 more
)
	at com.kms.katalon.core.keyword.internal.KeywordMain.stepFailed(KeywordMain.groovy:39)
	at com.kms.katalon.core.webui.keyword.internal.WebUIKeywordMain.stepFailed(WebUIKeywordMain.groovy:64)
	at com.kms.katalon.core.webui.keyword.internal.WebUIKeywordMain.runKeyword(WebUIKeywordMain.groovy:26)
	at com.kms.katalon.core.webui.keyword.builtin.MouseOverKeyword.mouseOver(MouseOverKeyword.groovy:66)
	at com.kms.katalon.core.webui.keyword.builtin.MouseOverKeyword.execute(MouseOverKeyword.groovy:40)
	at com.kms.katalon.core.keyword.internal.KeywordExecutor.executeKeywordForPlatform(KeywordExecutor.groovy:72)
	at com.kms.katalon.core.webui.keyword.WebUiBuiltInKeywords.mouseOver(WebUiBuiltInKeywords.groovy:802)
	at com.kms.katalon.core.webui.keyword.WebUiBuiltInKeywords$mouseOver$6.call(Unknown Source)
	at CAT_Now_Reporting.run(CAT_Now_Reporting:63)
	at com.kms.katalon.core.main.ScriptEngine.run(ScriptEngine.java:194)
	at com.kms.katalon.core.main.ScriptEngine.runScriptAsRawText(ScriptEngine.java:119)
	at com.kms.katalon.core.main.TestCaseExecutor.runScript(TestCaseExecutor.java:337)
	at com.kms.katalon.core.main.TestCaseExecutor.doExecute(TestCaseExecutor.java:328)
	at com.kms.katalon.core.main.TestCaseExecutor.processExecutionPhase(TestCaseExecutor.java:307)
	at com.kms.katalon.core.main.TestCaseExecutor.accessMainPhase(TestCaseExecutor.java:299)
	at com.kms.katalon.core.main.TestCaseExecutor.execute(TestCaseExecutor.java:233)
	at com.kms.katalon.core.main.TestCaseMain.runTestCase(TestCaseMain.java:114)
	at com.kms.katalon.core.keyword.builtin.CallTestCaseKeyword$_callTestCase_closure1.doCall(CallTestCaseKeyword.groovy:59)
	... 20 more
Caused by: com.kms.katalon.core.exception.StepFailedException: Unable to move mouse over object 'Object Repository/WebOffice_Home_page/a_wwwcheckatradecom'
	... 37 more
Caused by: org.openqa.selenium.TimeoutException: Expected condition failed: waiting for element to be clickable: [[CChromeDriver: chrome on WINDOWS (e6a06d3dafa167bccb1aa34cfd0c46df)] -> xpath: //*[@href = 'https://www.checkatrade.com' and (text() = 'www.checkatrade.com' or . = 'www.checkatrade.com')]] (tried for 30 second(s) with 500 milliseconds interval)
Build info: version: '3.141.59', revision: 'e82be7d358', time: '2018-11-14T08:25:53'
System info: host: 'VETTEDSP36RF', ip: '192.168.1.238', os.name: 'Windows 10', os.arch: 'x86', os.version: '10.0', java.version: '1.8.0_181'
Driver info: com.kms.katalon.core.webui.driver.SmartWaitWebDriver
Capabilities {acceptInsecureCerts: false, browserName: chrome, browserVersion: 81.0.4044.113, chrome: {chromedriverVersion: 81.0.4044.69 (6813546031a4b..., userDataDir: C:\Users\davidho\AppData\Lo...}, goog:chromeOptions: {debuggerAddress: localhost:55204}, javascriptEnabled: true, networkConnectionEnabled: false, pageLoadStrategy: normal, platform: WINDOWS, platformName: WINDOWS, proxy: Proxy(), setWindowRect: true, strictFileInteractability: false, timeouts: {implicit: 0, pageLoad: 300000, script: 30000}, unhandledPromptBehavior: dismiss and notify, webauthn:virtualAuthenticators: true}
Session ID: e6a06d3dafa167bccb1aa34cfd0c46df
	at org.openqa.selenium.support.ui.WebDriverWait.timeoutException(WebDriverWait.java:95)
	at org.openqa.selenium.support.ui.FluentWait.until(FluentWait.java:272)
	at com.kms.katalon.core.webui.keyword.builtin.MouseOverKeyword$_mouseOver_closure1.doCall(MouseOverKeyword.groovy:56)
	at com.kms.katalon.core.webui.keyword.builtin.MouseOverKeyword$_mouseOver_closure1.call(MouseOverKeyword.groovy)
	at com.kms.katalon.core.webui.keyword.internal.WebUIKeywordMain.runKeyword(WebUIKeywordMain.groovy:20)
	... 35 more]]></system-err>
   </testsuite>
</testsuites>
