<?xml version="1.0" encoding="UTF-8"?>
<testsuites name="Trade_Name_Multiple_Search" time="169.293" tests="1" failures="0" errors="0">
   <testsuite name="Trade_Name_Multiple_Search" tests="1" failures="0" errors="0" time="169.293" timestamp="2019-12-11 15:36:01" hostname="DavidHo - VETTEDSP36RF.check.local" id="Test Suites/Trade_Name_Multiple_Search">
      <properties>
         <property name="deviceName" value=""/>
         <property name="devicePlatform" value=""/>
         <property name="logFolder" value="C:\\Users\\davidho\\Katalon Studio\\Start\\Reports\\20191211_152531\\Trade_Name_Multiple_Search\\20191211_152550"/>
         <property name="logFiles" value="C:\\Users\\davidho\\Katalon Studio\\Start\\Reports\\20191211_152531\\Trade_Name_Multiple_Search\\20191211_152550\\execution0.log"/>
         <property name="attachments" value=""/>
         <property name="hostName" value="DavidHo - VETTEDSP36RF.check.local"/>
         <property name="os" value="Windows 10 32bit"/>
         <property name="katalonVersion" value="7.1.2.1"/>
         <property name="browser" value="Firefox 70.0"/>
         <property name="hostAddress" value="10.0.11.243"/>
         <property name="sessionId" value="d1f621db-bb14-43fd-92b7-c8bd9adb74c3"/>
         <property name="seleniumVersion" value="3.141.59"/>
         <property name="proxyInformation" value="ProxyInformation{proxyOption=NO_PROXY, proxyServerType=HTTP, password=, proxyServerAddress=, proxyServerPort=0, executionList=}"/>
         <property name="platform" value="Windows 10"/>
      </properties>
      <testcase name="Test Cases/Checkatrade_Tradesman_Searches/Trade_Name_Search_Multiple" time="168.821" classname="Test Cases/Checkatrade_Tradesman_Searches/Trade_Name_Search_Multiple" status="PASSED">
         <system-out><![CDATA[2019-12-11 15:36:01 - [TEST_CASE][PASSED] - Test Cases/Checkatrade_Tradesman_Searches/Trade_Name_Search_Multiple: Test Cases/Checkatrade_Tradesman_Searches/Trade_Name_Search_Multiple

2019-12-11 15:36:02 - [TEST_STEP][PASSED] - for ([row = 1, row <= findTestData("Search_CAT_ID_Data (1)").getRowNumbers(), (internal.GlobalVariable.row++)]): Call Test Case 'Test Cases/Reusable_Test_Sequences/CAT_Teardown' successfully

2019-12-11 15:36:03 - [TEST_STEP][PASSED] - callTestCase(findTestCase("Reusable_Test_Sequences/CAT_Setup"), [:], STOP_ON_FAILURE): Call Test Case 'Test Cases/Reusable_Test_Sequences/CAT_Setup' successfully

2019-12-11 15:36:04 - [TEST_CASE][PASSED] - Test Cases/Reusable_Test_Sequences/CAT_Setup: Test Cases/Reusable_Test_Sequences/CAT_Setup

2019-12-11 15:36:04 - [TEST_STEP][PASSED] - "URL - Set from the ENVIRONMENT PROFILE ": null

2019-12-11 15:36:04 - [TEST_STEP][PASSED] - openBrowser(URL): Browser is opened with url: 'https://www.preview.checkatrade.com/'

2019-12-11 15:36:04 - [MESSAGE][INFO] - Starting 'Firefox' driver

2019-12-11 15:36:05 - [MESSAGE][INFO] - Action delay is set to 0 seconds

2019-12-11 15:36:18 - [MESSAGE][PASSED] - Browser is opened with url: 'https://www.preview.checkatrade.com/'

2019-12-11 15:36:18 - [TEST_STEP][PASSED] - maximizeWindow(): Current window maximized

2019-12-11 15:36:19 - [MESSAGE][PASSED] - Current window maximized

2019-12-11 15:36:19 - [TEST_STEP][PASSED] - waitForPageLoad(60): Wait for page load successfully

2019-12-11 15:36:19 - [MESSAGE][PASSED] - Wait for page load successfully

2019-12-11 15:36:19 - [TEST_STEP][PASSED] - "COOKIE - ORIGINAL": null

2019-12-11 15:36:19 - [TEST_STEP][PASSED] - try: Text 'For further information and to manage your cookie preferences, view Checkatrade's cookie policy' is not present on page

2019-12-11 15:36:19 - [TEST_STEP][PASSED] - verifyElementPresent(findTestObject("Object Repository/New_Home/Page_Checkatrade Find a tradesperson you can trust/div_Close"), 1, OPTIONAL): Object 'Object Repository/New_Home/Page_Checkatrade Find a tradesperson you can trust/div_Close' is present

2019-12-11 15:36:19 - [MESSAGE][PASSED] - Object 'Object Repository/New_Home/Page_Checkatrade Find a tradesperson you can trust/div_Close' is present

2019-12-11 15:36:19 - [TEST_STEP][PASSED] - click(findTestObject("Object Repository/New_Home/Page_Checkatrade Find a tradesperson you can trust/div_Close")): Object: 'Object Repository/New_Home/Page_Checkatrade Find a tradesperson you can trust/div_Close' is clicked on

2019-12-11 15:36:20 - [MESSAGE][PASSED] - Object: 'Object Repository/New_Home/Page_Checkatrade Find a tradesperson you can trust/div_Close' is clicked on

2019-12-11 15:36:20 - [TEST_STEP][PASSED] - "---------------------------------": null

2019-12-11 15:36:20 - [TEST_STEP][PASSED] - "COOKIE POPOUT REMOVED - Confirmed": null

2019-12-11 15:36:20 - [TEST_STEP][PASSED] - delay(1): Delayed 1 second(s)

2019-12-11 15:36:21 - [MESSAGE][PASSED] - Delayed 1 second(s)

2019-12-11 15:36:21 - [TEST_STEP][PASSED] - verifyTextNotPresent("Checkatrade.com uses cookies to make sure you get the best browsing experience", false): Text 'Checkatrade.com uses cookies to make sure you get the best browsing experience' is not present on page

2019-12-11 15:36:22 - [MESSAGE][PASSED] - Text 'Checkatrade.com uses cookies to make sure you get the best browsing experience' is not present on page

2019-12-11 15:36:22 - [TEST_STEP][PASSED] - verifyTextNotPresent("By continuing to use this website you are consenting to our use of cookies", false): Text 'By continuing to use this website you are consenting to our use of cookies' is not present on page

2019-12-11 15:36:22 - [MESSAGE][PASSED] - Text 'By continuing to use this website you are consenting to our use of cookies' is not present on page

2019-12-11 15:36:22 - [TEST_STEP][PASSED] - verifyTextNotPresent("For further information and to manage your cookie preferences, view Checkatrade's cookie policy", false): Text 'For further information and to manage your cookie preferences, view Checkatrade's cookie policy' is not present on page

2019-12-11 15:36:23 - [MESSAGE][PASSED] - Text 'For further information and to manage your cookie preferences, view Checkatrade's cookie policy' is not present on page

2019-12-11 15:36:23 - [MESSAGE][PASSED] - Call Test Case 'Test Cases/Reusable_Test_Sequences/CAT_Setup' successfully

2019-12-11 15:36:23 - [TEST_STEP][PASSED] - callTestCase(findTestCase("Reusable_Test_Sequences/CAT_Home"), [:], CONTINUE_ON_FAILURE): Call Test Case 'Test Cases/Reusable_Test_Sequences/CAT_Home' successfully

2019-12-11 15:36:23 - [TEST_CASE][PASSED] - Test Cases/Reusable_Test_Sequences/CAT_Home: Test Cases/Reusable_Test_Sequences/CAT_Home

2019-12-11 15:36:23 - [TEST_STEP][PASSED] - waitForPageLoad(10): Wait for page load successfully

2019-12-11 15:36:23 - [MESSAGE][PASSED] - Wait for page load successfully

2019-12-11 15:36:23 - [TEST_STEP][PASSED] - waitForElementClickable(findTestObject("Object Repository/Checkatrade_Trade_Search_Page/Page_Checkatrade Find a tradesperson you can trust/Page_Checkatrade Find a tradesperson you can trust/a_Search"), 60): Object 'Object Repository/Checkatrade_Trade_Search_Page/Page_Checkatrade Find a tradesperson you can trust/Page_Checkatrade Find a tradesperson you can trust/a_Search' is clickable

2019-12-11 15:36:23 - [MESSAGE][PASSED] - Object 'Object Repository/Checkatrade_Trade_Search_Page/Page_Checkatrade Find a tradesperson you can trust/Page_Checkatrade Find a tradesperson you can trust/a_Search' is clickable

2019-12-11 15:36:23 - [TEST_STEP][PASSED] - "------------------------------------": null

2019-12-11 15:36:23 - [TEST_STEP][PASSED] - verifyTextPresent("Helping you find the right trade or service", false): Text 'Helping you find the right trade or service' is present on page 

2019-12-11 15:36:24 - [MESSAGE][PASSED] - Text 'Helping you find the right trade or service' is present on page 

2019-12-11 15:36:24 - [TEST_STEP][PASSED] - verifyTextPresent("Search through over", false): Text 'Search through over' is present on page 

2019-12-11 15:36:24 - [MESSAGE][PASSED] - Text 'Search through over' is present on page 

2019-12-11 15:36:24 - [TEST_STEP][PASSED] - verifyTextPresent("recommended, vetted and monitored trades and service providers for free.", false): Text 'recommended, vetted and monitored trades and service providers for free.' is present on page 

2019-12-11 15:36:25 - [MESSAGE][PASSED] - Text 'recommended, vetted and monitored trades and service providers for free.' is present on page 

2019-12-11 15:36:25 - [TEST_STEP][PASSED] - verifyTextPresent("or look up a member by name", false): Text 'or look up a member by name' is present on page 

2019-12-11 15:36:25 - [MESSAGE][PASSED] - Text 'or look up a member by name' is present on page 

2019-12-11 15:36:25 - [TEST_STEP][PASSED] - verifyTextPresent("reviews published so far – thank you!", false): Text 'reviews published so far – thank you!' is present on page 

2019-12-11 15:36:26 - [MESSAGE][PASSED] - Text 'reviews published so far – thank you!' is present on page 

2019-12-11 15:36:26 - [TEST_STEP][PASSED] - "------------------------------------": null

2019-12-11 15:36:26 - [TEST_STEP][PASSED] - " NEW FOOTER Details - 10/12/2019": null

2019-12-11 15:36:26 - [TEST_STEP][PASSED] - verifyTextPresent("I need a trade or service", false): Text 'I need a trade or service' is present on page 

2019-12-11 15:36:27 - [MESSAGE][PASSED] - Text 'I need a trade or service' is present on page 

2019-12-11 15:36:27 - [TEST_STEP][PASSED] - verifyTextPresent("Every trader thoroughly checked and vetted", false): Text 'Every trader thoroughly checked and vetted' is present on page 

2019-12-11 15:36:27 - [MESSAGE][PASSED] - Text 'Every trader thoroughly checked and vetted' is present on page 

2019-12-11 15:36:27 - [TEST_STEP][PASSED] - verifyTextPresent("Find out more", false): Text 'Find out more' is present on page 

2019-12-11 15:36:28 - [MESSAGE][PASSED] - Text 'Find out more' is present on page 

2019-12-11 15:36:28 - [TEST_STEP][PASSED] - verifyTextPresent("I am a tradesman", false): Text 'I am a tradesman' is present on page 

2019-12-11 15:36:29 - [MESSAGE][PASSED] - Text 'I am a tradesman' is present on page 

2019-12-11 15:36:29 - [TEST_STEP][PASSED] - verifyTextPresent("Over a million visits to Checkatrade each month", false): Text 'Over a million visits to Checkatrade each month' is present on page 

2019-12-11 15:36:29 - [MESSAGE][PASSED] - Text 'Over a million visits to Checkatrade each month' is present on page 

2019-12-11 15:36:29 - [TEST_STEP][PASSED] - verifyTextPresent("Find out more", false): Text 'Find out more' is present on page 

2019-12-11 15:36:30 - [MESSAGE][PASSED] - Text 'Find out more' is present on page 

2019-12-11 15:36:30 - [TEST_STEP][PASSED] - "------------------------------------": null

2019-12-11 15:36:30 - [TEST_STEP][PASSED] - "FOOTER": null

2019-12-11 15:36:30 - [TEST_STEP][PASSED] - verifyTextPresent("Trades", false): Text 'Trades' is present on page 

2019-12-11 15:36:30 - [MESSAGE][PASSED] - Text 'Trades' is present on page 

2019-12-11 15:36:30 - [TEST_STEP][PASSED] - verifyTextPresent("Homeowner", false): Text 'Homeowner' is present on page 

2019-12-11 15:36:31 - [MESSAGE][PASSED] - Text 'Homeowner' is present on page 

2019-12-11 15:36:31 - [TEST_STEP][PASSED] - verifyTextPresent("Company", false): Text 'Company' is present on page 

2019-12-11 15:36:31 - [MESSAGE][PASSED] - Text 'Company' is present on page 

2019-12-11 15:36:31 - [TEST_STEP][PASSED] - "------------------------------------": null

2019-12-11 15:36:31 - [TEST_STEP][PASSED] - "Social Media": null

2019-12-11 15:36:31 - [TEST_STEP][PASSED] - verifyTextPresent("Follow Us On", false): Text 'Follow Us On' is present on page 

2019-12-11 15:36:31 - [MESSAGE][PASSED] - Text 'Follow Us On' is present on page 

2019-12-11 15:36:31 - [MESSAGE][PASSED] - Call Test Case 'Test Cases/Reusable_Test_Sequences/CAT_Home' successfully

2019-12-11 15:36:31 - [TEST_STEP][PASSED] - "---------------------------------------------------------------------": null

2019-12-11 15:36:31 - [TEST_STEP][PASSED] - " Select Search on Trader Name (or ID) From Home page/Search Screen   |": null

2019-12-11 15:36:31 - [TEST_STEP][PASSED] - callTestCase(findTestCase("Reusable_Test_Sequences/CAT_Click_Search_Trade_Name"), [:], CONTINUE_ON_FAILURE): Call Test Case 'Test Cases/Reusable_Test_Sequences/CAT_Click_Search_Trade_Name' successfully

2019-12-11 15:36:32 - [TEST_CASE][PASSED] - Test Cases/Reusable_Test_Sequences/CAT_Click_Search_Trade_Name: Test Cases/Reusable_Test_Sequences/CAT_Click_Search_Trade_Name

2019-12-11 15:36:32 - [TEST_STEP][PASSED] - click(findTestObject("Page_Checkatrade Find a tradesperson you can trust/a_or look up a member by name")): Object: 'Object Repository/Page_Checkatrade Find a tradesperson you can trust/a_or look up a member by name' is clicked on

2019-12-11 15:36:32 - [MESSAGE][PASSED] - Object: 'Object Repository/Page_Checkatrade Find a tradesperson you can trust/a_or look up a member by name' is clicked on

2019-12-11 15:36:32 - [TEST_STEP][PASSED] - waitForPageLoad(60): Wait for page load successfully

2019-12-11 15:36:32 - [MESSAGE][PASSED] - Wait for page load successfully

2019-12-11 15:36:32 - [MESSAGE][PASSED] - Call Test Case 'Test Cases/Reusable_Test_Sequences/CAT_Click_Search_Trade_Name' successfully

2019-12-11 15:36:32 - [TEST_STEP][PASSED] - "---------------------------------------": null

2019-12-11 15:36:32 - [TEST_STEP][PASSED] - " Enter Trader Name (or ID) to Search   |": null

2019-12-11 15:36:32 - [TEST_STEP][PASSED] - callTestCase(findTestCase("Reusable_Test_Sequences/CAT_Enter_Trade_Name"), [:], CONTINUE_ON_FAILURE): Call Test Case 'Test Cases/Reusable_Test_Sequences/CAT_Enter_Trade_Name' successfully

2019-12-11 15:36:32 - [TEST_CASE][PASSED] - Test Cases/Reusable_Test_Sequences/CAT_Enter_Trade_Name: Test Cases/Reusable_Test_Sequences/CAT_Enter_Trade_Name

2019-12-11 15:36:33 - [TEST_STEP][PASSED] - setText(findTestObject("Page_Checkatrade Find a tradesperson you can trust/Trader_Name_To_Search"), findTestData("Search_CAT_ID_Data (1)").getValue("tradeName", row)): Text '218020' is set on object 'Object Repository/Page_Checkatrade Find a tradesperson you can trust/Trader_Name_To_Search'

2019-12-11 15:36:33 - [MESSAGE][PASSED] - Text '218020' is set on object 'Object Repository/Page_Checkatrade Find a tradesperson you can trust/Trader_Name_To_Search'

2019-12-11 15:36:33 - [MESSAGE][PASSED] - Call Test Case 'Test Cases/Reusable_Test_Sequences/CAT_Enter_Trade_Name' successfully

2019-12-11 15:36:33 - [TEST_STEP][PASSED] - "---------------------------------------": null

2019-12-11 15:36:33 - [TEST_STEP][PASSED] - " Search Trader Name (or ID)            |": null

2019-12-11 15:36:33 - [TEST_STEP][PASSED] - callTestCase(findTestCase("Reusable_Test_Sequences/CAT_Search_Trade_Name"), [:], CONTINUE_ON_FAILURE): Call Test Case 'Test Cases/Reusable_Test_Sequences/CAT_Search_Trade_Name' successfully

2019-12-11 15:36:33 - [TEST_CASE][PASSED] - Test Cases/Reusable_Test_Sequences/CAT_Search_Trade_Name: Test Cases/Reusable_Test_Sequences/CAT_Search_Trade_Name

2019-12-11 15:36:34 - [TEST_STEP][PASSED] - "Hit Search Trade Person by Name (or CAT ID) after parameters are entered": null

2019-12-11 15:36:34 - [TEST_STEP][PASSED] - waitForElementPresent(findTestObject("Page_Checkatrade Find a tradesperson you can trust/span_Trade_Name"), 60): Object 'Object Repository/Page_Checkatrade Find a tradesperson you can trust/span_Trade_Name' is present

2019-12-11 15:36:34 - [MESSAGE][PASSED] - Object 'Object Repository/Page_Checkatrade Find a tradesperson you can trust/span_Trade_Name' is present

2019-12-11 15:36:34 - [TEST_STEP][PASSED] - click(findTestObject("Page_Checkatrade Find a tradesperson you can trust/span_Trade_Name")): Object: 'Object Repository/Page_Checkatrade Find a tradesperson you can trust/span_Trade_Name' is clicked on

2019-12-11 15:36:39 - [MESSAGE][PASSED] - Object: 'Object Repository/Page_Checkatrade Find a tradesperson you can trust/span_Trade_Name' is clicked on

2019-12-11 15:36:39 - [TEST_STEP][PASSED] - delay(2): Delayed 2 second(s)

2019-12-11 15:36:41 - [MESSAGE][PASSED] - Delayed 2 second(s)

2019-12-11 15:36:41 - [TEST_STEP][PASSED] - waitForPageLoad(60): Wait for page load successfully

2019-12-11 15:36:41 - [MESSAGE][PASSED] - Wait for page load successfully

2019-12-11 15:36:41 - [MESSAGE][PASSED] - Call Test Case 'Test Cases/Reusable_Test_Sequences/CAT_Search_Trade_Name' successfully

2019-12-11 15:36:41 - [TEST_STEP][PASSED] - "------------------------------------------": null

2019-12-11 15:36:41 - [TEST_STEP][PASSED] - " Scroll to Page Footer to Reveal Results  |": null

2019-12-11 15:36:41 - [TEST_STEP][PASSED] - callTestCase(findTestCase("Reusable_Test_Sequences/CAT_Scroll_to_Footer"), [:], CONTINUE_ON_FAILURE): Call Test Case 'Test Cases/Reusable_Test_Sequences/CAT_Scroll_to_Footer' successfully

2019-12-11 15:36:41 - [TEST_CASE][PASSED] - Test Cases/Reusable_Test_Sequences/CAT_Scroll_to_Footer: Test Cases/Reusable_Test_Sequences/CAT_Scroll_to_Footer

2019-12-11 15:36:41 - [TEST_STEP][PASSED] - "-----------------------------------------------------": null

2019-12-11 15:36:41 - [TEST_STEP][PASSED] - " Major changes factored into function 05/12/2019     |": null

2019-12-11 15:36:41 - [TEST_STEP][PASSED] - "-----------------------------------------------------": null

2019-12-11 15:36:41 - [TEST_STEP][PASSED] - "Animation Removed ": null

2019-12-11 15:36:41 - [TEST_STEP][PASSED] - "Scroll - To Footer on the bottom of the page (sometime off the screen) ": null

2019-12-11 15:36:41 - [TEST_STEP][PASSED] - waitForPageLoad(60): Wait for page load successfully

2019-12-11 15:36:41 - [MESSAGE][PASSED] - Wait for page load successfully

2019-12-11 15:36:41 - [TEST_STEP][PASSED] - scrollToPosition(999, 999): Browser is scrolled to position x = 999, y = 999

2019-12-11 15:36:41 - [MESSAGE][PASSED] - Browser is scrolled to position x = 999, y = 999

2019-12-11 15:36:41 - [TEST_STEP][PASSED] - delay(1): Delayed 1 second(s)

2019-12-11 15:36:42 - [MESSAGE][PASSED] - Delayed 1 second(s)

2019-12-11 15:36:42 - [MESSAGE][PASSED] - Call Test Case 'Test Cases/Reusable_Test_Sequences/CAT_Scroll_to_Footer' successfully

2019-12-11 15:36:42 - [TEST_STEP][PASSED] - "------------------------------------------": null

2019-12-11 15:36:42 - [TEST_STEP][PASSED] - " Verify Correct Location is Returned     |": null

2019-12-11 15:36:42 - [TEST_STEP][PASSED] - callTestCase(findTestCase("Reusable_Test_Sequences/CAT_Verification_Location"), [:], CONTINUE_ON_FAILURE): Call Test Case 'Test Cases/Reusable_Test_Sequences/CAT_Verification_Location' successfully

2019-12-11 15:36:42 - [TEST_CASE][PASSED] - Test Cases/Reusable_Test_Sequences/CAT_Verification_Location: Test Cases/Reusable_Test_Sequences/CAT_Verification_Location

2019-12-11 15:36:43 - [TEST_STEP][PASSED] - verifyTextPresent(findTestData("Search_CAT_ID_Data (1)").getValue("tradeNameLocationVerification", row), false): Text 'Gosport, Hampshire' is present on page 

2019-12-11 15:36:44 - [MESSAGE][PASSED] - Text 'Gosport, Hampshire' is present on page 

2019-12-11 15:36:44 - [MESSAGE][PASSED] - Call Test Case 'Test Cases/Reusable_Test_Sequences/CAT_Verification_Location' successfully

2019-12-11 15:36:44 - [TEST_STEP][PASSED] - "------------------------------------------": null

2019-12-11 15:36:44 - [TEST_STEP][PASSED] - " Verify Primary Contact is Returned     |": null

2019-12-11 15:36:44 - [TEST_STEP][PASSED] - callTestCase(findTestCase("Reusable_Test_Sequences/CAT_Verification_Primary_Contact"), [:], CONTINUE_ON_FAILURE): Call Test Case 'Test Cases/Reusable_Test_Sequences/CAT_Verification_Primary_Contact' successfully

2019-12-11 15:36:44 - [TEST_CASE][PASSED] - Test Cases/Reusable_Test_Sequences/CAT_Verification_Primary_Contact: Test Cases/Reusable_Test_Sequences/CAT_Verification_Primary_Contact

2019-12-11 15:36:45 - [TEST_STEP][PASSED] - verifyTextPresent(findTestData("Search_CAT_ID_Data (1)").getValue("primeContact", row), false): Text 'Jim Foster' is present on page 

2019-12-11 15:36:45 - [MESSAGE][PASSED] - Text 'Jim Foster' is present on page 

2019-12-11 15:36:45 - [MESSAGE][PASSED] - Call Test Case 'Test Cases/Reusable_Test_Sequences/CAT_Verification_Primary_Contact' successfully

2019-12-11 15:36:45 - [TEST_STEP][PASSED] - "--------------------------": null

2019-12-11 15:36:45 - [TEST_STEP][PASSED] - " Teardown - CLose Browser |": null

2019-12-11 15:36:45 - [TEST_STEP][PASSED] - callTestCase(findTestCase("Reusable_Test_Sequences/CAT_Teardown"), [:], OPTIONAL): Call Test Case 'Test Cases/Reusable_Test_Sequences/CAT_Teardown' successfully

2019-12-11 15:36:45 - [TEST_CASE][PASSED] - Test Cases/Reusable_Test_Sequences/CAT_Teardown: Test Cases/Reusable_Test_Sequences/CAT_Teardown

2019-12-11 15:36:46 - [TEST_STEP][PASSED] - closeBrowser(): Browser is closed

2019-12-11 15:36:48 - [MESSAGE][PASSED] - Browser is closed

2019-12-11 15:36:48 - [MESSAGE][PASSED] - Call Test Case 'Test Cases/Reusable_Test_Sequences/CAT_Teardown' successfully

2019-12-11 15:36:48 - [TEST_STEP][PASSED] - callTestCase(findTestCase("Reusable_Test_Sequences/CAT_Setup"), [:], STOP_ON_FAILURE): Call Test Case 'Test Cases/Reusable_Test_Sequences/CAT_Setup' successfully

2019-12-11 15:36:48 - [TEST_CASE][PASSED] - Test Cases/Reusable_Test_Sequences/CAT_Setup: Test Cases/Reusable_Test_Sequences/CAT_Setup

2019-12-11 15:36:48 - [TEST_STEP][PASSED] - "URL - Set from the ENVIRONMENT PROFILE ": null

2019-12-11 15:36:48 - [TEST_STEP][PASSED] - openBrowser(URL): Browser is opened with url: 'https://www.preview.checkatrade.com/'

2019-12-11 15:36:48 - [MESSAGE][INFO] - Starting 'Firefox' driver

2019-12-11 15:36:58 - [MESSAGE][PASSED] - Browser is opened with url: 'https://www.preview.checkatrade.com/'

2019-12-11 15:36:58 - [TEST_STEP][PASSED] - maximizeWindow(): Current window maximized

2019-12-11 15:36:58 - [MESSAGE][PASSED] - Current window maximized

2019-12-11 15:36:58 - [TEST_STEP][PASSED] - waitForPageLoad(60): Wait for page load successfully

2019-12-11 15:36:58 - [MESSAGE][PASSED] - Wait for page load successfully

2019-12-11 15:36:58 - [TEST_STEP][PASSED] - "COOKIE - ORIGINAL": null

2019-12-11 15:36:58 - [TEST_STEP][PASSED] - try: Text 'For further information and to manage your cookie preferences, view Checkatrade's cookie policy' is not present on page

2019-12-11 15:36:58 - [TEST_STEP][PASSED] - verifyElementPresent(findTestObject("Object Repository/New_Home/Page_Checkatrade Find a tradesperson you can trust/div_Close"), 1, OPTIONAL): Object 'Object Repository/New_Home/Page_Checkatrade Find a tradesperson you can trust/div_Close' is present

2019-12-11 15:36:58 - [MESSAGE][PASSED] - Object 'Object Repository/New_Home/Page_Checkatrade Find a tradesperson you can trust/div_Close' is present

2019-12-11 15:36:58 - [TEST_STEP][PASSED] - click(findTestObject("Object Repository/New_Home/Page_Checkatrade Find a tradesperson you can trust/div_Close")): Object: 'Object Repository/New_Home/Page_Checkatrade Find a tradesperson you can trust/div_Close' is clicked on

2019-12-11 15:36:58 - [MESSAGE][PASSED] - Object: 'Object Repository/New_Home/Page_Checkatrade Find a tradesperson you can trust/div_Close' is clicked on

2019-12-11 15:36:58 - [TEST_STEP][PASSED] - "---------------------------------": null

2019-12-11 15:36:58 - [TEST_STEP][PASSED] - "COOKIE POPOUT REMOVED - Confirmed": null

2019-12-11 15:36:58 - [TEST_STEP][PASSED] - delay(1): Delayed 1 second(s)

2019-12-11 15:36:59 - [MESSAGE][PASSED] - Delayed 1 second(s)

2019-12-11 15:36:59 - [TEST_STEP][PASSED] - verifyTextNotPresent("Checkatrade.com uses cookies to make sure you get the best browsing experience", false): Text 'Checkatrade.com uses cookies to make sure you get the best browsing experience' is not present on page

2019-12-11 15:37:00 - [MESSAGE][PASSED] - Text 'Checkatrade.com uses cookies to make sure you get the best browsing experience' is not present on page

2019-12-11 15:37:00 - [TEST_STEP][PASSED] - verifyTextNotPresent("By continuing to use this website you are consenting to our use of cookies", false): Text 'By continuing to use this website you are consenting to our use of cookies' is not present on page

2019-12-11 15:37:00 - [MESSAGE][PASSED] - Text 'By continuing to use this website you are consenting to our use of cookies' is not present on page

2019-12-11 15:37:00 - [TEST_STEP][PASSED] - verifyTextNotPresent("For further information and to manage your cookie preferences, view Checkatrade's cookie policy", false): Text 'For further information and to manage your cookie preferences, view Checkatrade's cookie policy' is not present on page

2019-12-11 15:37:01 - [MESSAGE][PASSED] - Text 'For further information and to manage your cookie preferences, view Checkatrade's cookie policy' is not present on page

2019-12-11 15:37:01 - [MESSAGE][PASSED] - Call Test Case 'Test Cases/Reusable_Test_Sequences/CAT_Setup' successfully

2019-12-11 15:37:01 - [TEST_STEP][PASSED] - callTestCase(findTestCase("Reusable_Test_Sequences/CAT_Home"), [:], CONTINUE_ON_FAILURE): Call Test Case 'Test Cases/Reusable_Test_Sequences/CAT_Home' successfully

2019-12-11 15:37:01 - [TEST_CASE][PASSED] - Test Cases/Reusable_Test_Sequences/CAT_Home: Test Cases/Reusable_Test_Sequences/CAT_Home

2019-12-11 15:37:01 - [TEST_STEP][PASSED] - waitForPageLoad(10): Wait for page load successfully

2019-12-11 15:37:01 - [MESSAGE][PASSED] - Wait for page load successfully

2019-12-11 15:37:01 - [TEST_STEP][PASSED] - waitForElementClickable(findTestObject("Object Repository/Checkatrade_Trade_Search_Page/Page_Checkatrade Find a tradesperson you can trust/Page_Checkatrade Find a tradesperson you can trust/a_Search"), 60): Object 'Object Repository/Checkatrade_Trade_Search_Page/Page_Checkatrade Find a tradesperson you can trust/Page_Checkatrade Find a tradesperson you can trust/a_Search' is clickable

2019-12-11 15:37:01 - [MESSAGE][PASSED] - Object 'Object Repository/Checkatrade_Trade_Search_Page/Page_Checkatrade Find a tradesperson you can trust/Page_Checkatrade Find a tradesperson you can trust/a_Search' is clickable

2019-12-11 15:37:01 - [TEST_STEP][PASSED] - "------------------------------------": null

2019-12-11 15:37:01 - [TEST_STEP][PASSED] - verifyTextPresent("Helping you find the right trade or service", false): Text 'Helping you find the right trade or service' is present on page 

2019-12-11 15:37:01 - [MESSAGE][PASSED] - Text 'Helping you find the right trade or service' is present on page 

2019-12-11 15:37:01 - [TEST_STEP][PASSED] - verifyTextPresent("Search through over", false): Text 'Search through over' is present on page 

2019-12-11 15:37:02 - [MESSAGE][PASSED] - Text 'Search through over' is present on page 

2019-12-11 15:37:02 - [TEST_STEP][PASSED] - verifyTextPresent("recommended, vetted and monitored trades and service providers for free.", false): Text 'recommended, vetted and monitored trades and service providers for free.' is present on page 

2019-12-11 15:37:02 - [MESSAGE][PASSED] - Text 'recommended, vetted and monitored trades and service providers for free.' is present on page 

2019-12-11 15:37:02 - [TEST_STEP][PASSED] - verifyTextPresent("or look up a member by name", false): Text 'or look up a member by name' is present on page 

2019-12-11 15:37:03 - [MESSAGE][PASSED] - Text 'or look up a member by name' is present on page 

2019-12-11 15:37:03 - [TEST_STEP][PASSED] - verifyTextPresent("reviews published so far – thank you!", false): Text 'reviews published so far – thank you!' is present on page 

2019-12-11 15:37:03 - [MESSAGE][PASSED] - Text 'reviews published so far – thank you!' is present on page 

2019-12-11 15:37:03 - [TEST_STEP][PASSED] - "------------------------------------": null

2019-12-11 15:37:03 - [TEST_STEP][PASSED] - " NEW FOOTER Details - 10/12/2019": null

2019-12-11 15:37:03 - [TEST_STEP][PASSED] - verifyTextPresent("I need a trade or service", false): Text 'I need a trade or service' is present on page 

2019-12-11 15:37:04 - [MESSAGE][PASSED] - Text 'I need a trade or service' is present on page 

2019-12-11 15:37:04 - [TEST_STEP][PASSED] - verifyTextPresent("Every trader thoroughly checked and vetted", false): Text 'Every trader thoroughly checked and vetted' is present on page 

2019-12-11 15:37:04 - [MESSAGE][PASSED] - Text 'Every trader thoroughly checked and vetted' is present on page 

2019-12-11 15:37:04 - [TEST_STEP][PASSED] - verifyTextPresent("Find out more", false): Text 'Find out more' is present on page 

2019-12-11 15:37:05 - [MESSAGE][PASSED] - Text 'Find out more' is present on page 

2019-12-11 15:37:05 - [TEST_STEP][PASSED] - verifyTextPresent("I am a tradesman", false): Text 'I am a tradesman' is present on page 

2019-12-11 15:37:06 - [MESSAGE][PASSED] - Text 'I am a tradesman' is present on page 

2019-12-11 15:37:06 - [TEST_STEP][PASSED] - verifyTextPresent("Over a million visits to Checkatrade each month", false): Text 'Over a million visits to Checkatrade each month' is present on page 

2019-12-11 15:37:06 - [MESSAGE][PASSED] - Text 'Over a million visits to Checkatrade each month' is present on page 

2019-12-11 15:37:06 - [TEST_STEP][PASSED] - verifyTextPresent("Find out more", false): Text 'Find out more' is present on page 

2019-12-11 15:37:06 - [MESSAGE][PASSED] - Text 'Find out more' is present on page 

2019-12-11 15:37:06 - [TEST_STEP][PASSED] - "------------------------------------": null

2019-12-11 15:37:06 - [TEST_STEP][PASSED] - "FOOTER": null

2019-12-11 15:37:06 - [TEST_STEP][PASSED] - verifyTextPresent("Trades", false): Text 'Trades' is present on page 

2019-12-11 15:37:07 - [MESSAGE][PASSED] - Text 'Trades' is present on page 

2019-12-11 15:37:07 - [TEST_STEP][PASSED] - verifyTextPresent("Homeowner", false): Text 'Homeowner' is present on page 

2019-12-11 15:37:07 - [MESSAGE][PASSED] - Text 'Homeowner' is present on page 

2019-12-11 15:37:07 - [TEST_STEP][PASSED] - verifyTextPresent("Company", false): Text 'Company' is present on page 

2019-12-11 15:37:08 - [MESSAGE][PASSED] - Text 'Company' is present on page 

2019-12-11 15:37:08 - [TEST_STEP][PASSED] - "------------------------------------": null

2019-12-11 15:37:08 - [TEST_STEP][PASSED] - "Social Media": null

2019-12-11 15:37:08 - [TEST_STEP][PASSED] - verifyTextPresent("Follow Us On", false): Text 'Follow Us On' is present on page 

2019-12-11 15:37:08 - [MESSAGE][PASSED] - Text 'Follow Us On' is present on page 

2019-12-11 15:37:08 - [MESSAGE][PASSED] - Call Test Case 'Test Cases/Reusable_Test_Sequences/CAT_Home' successfully

2019-12-11 15:37:08 - [TEST_STEP][PASSED] - "---------------------------------------------------------------------": null

2019-12-11 15:37:08 - [TEST_STEP][PASSED] - " Select Search on Trader Name (or ID) From Home page/Search Screen   |": null

2019-12-11 15:37:08 - [TEST_STEP][PASSED] - callTestCase(findTestCase("Reusable_Test_Sequences/CAT_Click_Search_Trade_Name"), [:], CONTINUE_ON_FAILURE): Call Test Case 'Test Cases/Reusable_Test_Sequences/CAT_Click_Search_Trade_Name' successfully

2019-12-11 15:37:08 - [TEST_CASE][PASSED] - Test Cases/Reusable_Test_Sequences/CAT_Click_Search_Trade_Name: Test Cases/Reusable_Test_Sequences/CAT_Click_Search_Trade_Name

2019-12-11 15:37:08 - [TEST_STEP][PASSED] - click(findTestObject("Page_Checkatrade Find a tradesperson you can trust/a_or look up a member by name")): Object: 'Object Repository/Page_Checkatrade Find a tradesperson you can trust/a_or look up a member by name' is clicked on

2019-12-11 15:37:09 - [MESSAGE][PASSED] - Object: 'Object Repository/Page_Checkatrade Find a tradesperson you can trust/a_or look up a member by name' is clicked on

2019-12-11 15:37:09 - [TEST_STEP][PASSED] - waitForPageLoad(60): Wait for page load successfully

2019-12-11 15:37:09 - [MESSAGE][PASSED] - Wait for page load successfully

2019-12-11 15:37:09 - [MESSAGE][PASSED] - Call Test Case 'Test Cases/Reusable_Test_Sequences/CAT_Click_Search_Trade_Name' successfully

2019-12-11 15:37:09 - [TEST_STEP][PASSED] - "---------------------------------------": null

2019-12-11 15:37:09 - [TEST_STEP][PASSED] - " Enter Trader Name (or ID) to Search   |": null

2019-12-11 15:37:09 - [TEST_STEP][PASSED] - callTestCase(findTestCase("Reusable_Test_Sequences/CAT_Enter_Trade_Name"), [:], CONTINUE_ON_FAILURE): Call Test Case 'Test Cases/Reusable_Test_Sequences/CAT_Enter_Trade_Name' successfully

2019-12-11 15:37:09 - [TEST_CASE][PASSED] - Test Cases/Reusable_Test_Sequences/CAT_Enter_Trade_Name: Test Cases/Reusable_Test_Sequences/CAT_Enter_Trade_Name

2019-12-11 15:37:09 - [TEST_STEP][PASSED] - setText(findTestObject("Page_Checkatrade Find a tradesperson you can trust/Trader_Name_To_Search"), findTestData("Search_CAT_ID_Data (1)").getValue("tradeName", row)): Text '402921' is set on object 'Object Repository/Page_Checkatrade Find a tradesperson you can trust/Trader_Name_To_Search'

2019-12-11 15:37:09 - [MESSAGE][PASSED] - Text '402921' is set on object 'Object Repository/Page_Checkatrade Find a tradesperson you can trust/Trader_Name_To_Search'

2019-12-11 15:37:09 - [MESSAGE][PASSED] - Call Test Case 'Test Cases/Reusable_Test_Sequences/CAT_Enter_Trade_Name' successfully

2019-12-11 15:37:09 - [TEST_STEP][PASSED] - "---------------------------------------": null

2019-12-11 15:37:09 - [TEST_STEP][PASSED] - " Search Trader Name (or ID)            |": null

2019-12-11 15:37:09 - [TEST_STEP][PASSED] - callTestCase(findTestCase("Reusable_Test_Sequences/CAT_Search_Trade_Name"), [:], CONTINUE_ON_FAILURE): Call Test Case 'Test Cases/Reusable_Test_Sequences/CAT_Search_Trade_Name' successfully

2019-12-11 15:37:09 - [TEST_CASE][PASSED] - Test Cases/Reusable_Test_Sequences/CAT_Search_Trade_Name: Test Cases/Reusable_Test_Sequences/CAT_Search_Trade_Name

2019-12-11 15:37:09 - [TEST_STEP][PASSED] - "Hit Search Trade Person by Name (or CAT ID) after parameters are entered": null

2019-12-11 15:37:09 - [TEST_STEP][PASSED] - waitForElementPresent(findTestObject("Page_Checkatrade Find a tradesperson you can trust/span_Trade_Name"), 60): Object 'Object Repository/Page_Checkatrade Find a tradesperson you can trust/span_Trade_Name' is present

2019-12-11 15:37:09 - [MESSAGE][PASSED] - Object 'Object Repository/Page_Checkatrade Find a tradesperson you can trust/span_Trade_Name' is present

2019-12-11 15:37:09 - [TEST_STEP][PASSED] - click(findTestObject("Page_Checkatrade Find a tradesperson you can trust/span_Trade_Name")): Object: 'Object Repository/Page_Checkatrade Find a tradesperson you can trust/span_Trade_Name' is clicked on

2019-12-11 15:37:13 - [MESSAGE][PASSED] - Object: 'Object Repository/Page_Checkatrade Find a tradesperson you can trust/span_Trade_Name' is clicked on

2019-12-11 15:37:13 - [TEST_STEP][PASSED] - delay(2): Delayed 2 second(s)

2019-12-11 15:37:15 - [MESSAGE][PASSED] - Delayed 2 second(s)

2019-12-11 15:37:15 - [TEST_STEP][PASSED] - waitForPageLoad(60): Wait for page load successfully

2019-12-11 15:37:15 - [MESSAGE][PASSED] - Wait for page load successfully

2019-12-11 15:37:15 - [MESSAGE][PASSED] - Call Test Case 'Test Cases/Reusable_Test_Sequences/CAT_Search_Trade_Name' successfully

2019-12-11 15:37:15 - [TEST_STEP][PASSED] - "------------------------------------------": null

2019-12-11 15:37:15 - [TEST_STEP][PASSED] - " Scroll to Page Footer to Reveal Results  |": null

2019-12-11 15:37:15 - [TEST_STEP][PASSED] - callTestCase(findTestCase("Reusable_Test_Sequences/CAT_Scroll_to_Footer"), [:], CONTINUE_ON_FAILURE): Call Test Case 'Test Cases/Reusable_Test_Sequences/CAT_Scroll_to_Footer' successfully

2019-12-11 15:37:15 - [TEST_CASE][PASSED] - Test Cases/Reusable_Test_Sequences/CAT_Scroll_to_Footer: Test Cases/Reusable_Test_Sequences/CAT_Scroll_to_Footer

2019-12-11 15:37:15 - [TEST_STEP][PASSED] - "-----------------------------------------------------": null

2019-12-11 15:37:15 - [TEST_STEP][PASSED] - " Major changes factored into function 05/12/2019     |": null

2019-12-11 15:37:15 - [TEST_STEP][PASSED] - "-----------------------------------------------------": null

2019-12-11 15:37:15 - [TEST_STEP][PASSED] - "Animation Removed ": null

2019-12-11 15:37:15 - [TEST_STEP][PASSED] - "Scroll - To Footer on the bottom of the page (sometime off the screen) ": null

2019-12-11 15:37:15 - [TEST_STEP][PASSED] - waitForPageLoad(60): Wait for page load successfully

2019-12-11 15:37:15 - [MESSAGE][PASSED] - Wait for page load successfully

2019-12-11 15:37:15 - [TEST_STEP][PASSED] - scrollToPosition(999, 999): Browser is scrolled to position x = 999, y = 999

2019-12-11 15:37:15 - [MESSAGE][PASSED] - Browser is scrolled to position x = 999, y = 999

2019-12-11 15:37:15 - [TEST_STEP][PASSED] - delay(1): Delayed 1 second(s)

2019-12-11 15:37:16 - [MESSAGE][PASSED] - Delayed 1 second(s)

2019-12-11 15:37:16 - [MESSAGE][PASSED] - Call Test Case 'Test Cases/Reusable_Test_Sequences/CAT_Scroll_to_Footer' successfully

2019-12-11 15:37:16 - [TEST_STEP][PASSED] - "------------------------------------------": null

2019-12-11 15:37:16 - [TEST_STEP][PASSED] - " Verify Correct Location is Returned     |": null

2019-12-11 15:37:16 - [TEST_STEP][PASSED] - callTestCase(findTestCase("Reusable_Test_Sequences/CAT_Verification_Location"), [:], CONTINUE_ON_FAILURE): Call Test Case 'Test Cases/Reusable_Test_Sequences/CAT_Verification_Location' successfully

2019-12-11 15:37:16 - [TEST_CASE][PASSED] - Test Cases/Reusable_Test_Sequences/CAT_Verification_Location: Test Cases/Reusable_Test_Sequences/CAT_Verification_Location

2019-12-11 15:37:16 - [TEST_STEP][PASSED] - verifyTextPresent(findTestData("Search_CAT_ID_Data (1)").getValue("tradeNameLocationVerification", row), false): Text 'Retford, Nottinghamshire' is present on page 

2019-12-11 15:37:17 - [MESSAGE][PASSED] - Text 'Retford, Nottinghamshire' is present on page 

2019-12-11 15:37:17 - [MESSAGE][PASSED] - Call Test Case 'Test Cases/Reusable_Test_Sequences/CAT_Verification_Location' successfully

2019-12-11 15:37:17 - [TEST_STEP][PASSED] - "------------------------------------------": null

2019-12-11 15:37:17 - [TEST_STEP][PASSED] - " Verify Primary Contact is Returned     |": null

2019-12-11 15:37:17 - [TEST_STEP][PASSED] - callTestCase(findTestCase("Reusable_Test_Sequences/CAT_Verification_Primary_Contact"), [:], CONTINUE_ON_FAILURE): Call Test Case 'Test Cases/Reusable_Test_Sequences/CAT_Verification_Primary_Contact' successfully

2019-12-11 15:37:17 - [TEST_CASE][PASSED] - Test Cases/Reusable_Test_Sequences/CAT_Verification_Primary_Contact: Test Cases/Reusable_Test_Sequences/CAT_Verification_Primary_Contact

2019-12-11 15:37:17 - [TEST_STEP][PASSED] - verifyTextPresent(findTestData("Search_CAT_ID_Data (1)").getValue("primeContact", row), false): Text 'James Burton' is present on page 

2019-12-11 15:37:18 - [MESSAGE][PASSED] - Text 'James Burton' is present on page 

2019-12-11 15:37:18 - [MESSAGE][PASSED] - Call Test Case 'Test Cases/Reusable_Test_Sequences/CAT_Verification_Primary_Contact' successfully

2019-12-11 15:37:18 - [TEST_STEP][PASSED] - "--------------------------": null

2019-12-11 15:37:18 - [TEST_STEP][PASSED] - " Teardown - CLose Browser |": null

2019-12-11 15:37:18 - [TEST_STEP][PASSED] - callTestCase(findTestCase("Reusable_Test_Sequences/CAT_Teardown"), [:], OPTIONAL): Call Test Case 'Test Cases/Reusable_Test_Sequences/CAT_Teardown' successfully

2019-12-11 15:37:18 - [TEST_CASE][PASSED] - Test Cases/Reusable_Test_Sequences/CAT_Teardown: Test Cases/Reusable_Test_Sequences/CAT_Teardown

2019-12-11 15:37:18 - [TEST_STEP][PASSED] - closeBrowser(): Browser is closed

2019-12-11 15:37:21 - [MESSAGE][PASSED] - Browser is closed

2019-12-11 15:37:21 - [MESSAGE][PASSED] - Call Test Case 'Test Cases/Reusable_Test_Sequences/CAT_Teardown' successfully

2019-12-11 15:37:21 - [TEST_STEP][PASSED] - callTestCase(findTestCase("Reusable_Test_Sequences/CAT_Setup"), [:], STOP_ON_FAILURE): Call Test Case 'Test Cases/Reusable_Test_Sequences/CAT_Setup' successfully

2019-12-11 15:37:21 - [TEST_CASE][PASSED] - Test Cases/Reusable_Test_Sequences/CAT_Setup: Test Cases/Reusable_Test_Sequences/CAT_Setup

2019-12-11 15:37:21 - [TEST_STEP][PASSED] - "URL - Set from the ENVIRONMENT PROFILE ": null

2019-12-11 15:37:21 - [TEST_STEP][PASSED] - openBrowser(URL): Browser is opened with url: 'https://www.preview.checkatrade.com/'

2019-12-11 15:37:21 - [MESSAGE][INFO] - Starting 'Firefox' driver

2019-12-11 15:37:31 - [MESSAGE][PASSED] - Browser is opened with url: 'https://www.preview.checkatrade.com/'

2019-12-11 15:37:31 - [TEST_STEP][PASSED] - maximizeWindow(): Current window maximized

2019-12-11 15:37:31 - [MESSAGE][PASSED] - Current window maximized

2019-12-11 15:37:31 - [TEST_STEP][PASSED] - waitForPageLoad(60): Wait for page load successfully

2019-12-11 15:37:31 - [MESSAGE][PASSED] - Wait for page load successfully

2019-12-11 15:37:31 - [TEST_STEP][PASSED] - "COOKIE - ORIGINAL": null

2019-12-11 15:37:31 - [TEST_STEP][PASSED] - try: Text 'For further information and to manage your cookie preferences, view Checkatrade's cookie policy' is not present on page

2019-12-11 15:37:31 - [TEST_STEP][PASSED] - verifyElementPresent(findTestObject("Object Repository/New_Home/Page_Checkatrade Find a tradesperson you can trust/div_Close"), 1, OPTIONAL): Object 'Object Repository/New_Home/Page_Checkatrade Find a tradesperson you can trust/div_Close' is present

2019-12-11 15:37:31 - [MESSAGE][PASSED] - Object 'Object Repository/New_Home/Page_Checkatrade Find a tradesperson you can trust/div_Close' is present

2019-12-11 15:37:31 - [TEST_STEP][PASSED] - click(findTestObject("Object Repository/New_Home/Page_Checkatrade Find a tradesperson you can trust/div_Close")): Object: 'Object Repository/New_Home/Page_Checkatrade Find a tradesperson you can trust/div_Close' is clicked on

2019-12-11 15:37:31 - [MESSAGE][PASSED] - Object: 'Object Repository/New_Home/Page_Checkatrade Find a tradesperson you can trust/div_Close' is clicked on

2019-12-11 15:37:31 - [TEST_STEP][PASSED] - "---------------------------------": null

2019-12-11 15:37:31 - [TEST_STEP][PASSED] - "COOKIE POPOUT REMOVED - Confirmed": null

2019-12-11 15:37:31 - [TEST_STEP][PASSED] - delay(1): Delayed 1 second(s)

2019-12-11 15:37:32 - [MESSAGE][PASSED] - Delayed 1 second(s)

2019-12-11 15:37:32 - [TEST_STEP][PASSED] - verifyTextNotPresent("Checkatrade.com uses cookies to make sure you get the best browsing experience", false): Text 'Checkatrade.com uses cookies to make sure you get the best browsing experience' is not present on page

2019-12-11 15:37:33 - [MESSAGE][PASSED] - Text 'Checkatrade.com uses cookies to make sure you get the best browsing experience' is not present on page

2019-12-11 15:37:33 - [TEST_STEP][PASSED] - verifyTextNotPresent("By continuing to use this website you are consenting to our use of cookies", false): Text 'By continuing to use this website you are consenting to our use of cookies' is not present on page

2019-12-11 15:37:33 - [MESSAGE][PASSED] - Text 'By continuing to use this website you are consenting to our use of cookies' is not present on page

2019-12-11 15:37:33 - [TEST_STEP][PASSED] - verifyTextNotPresent("For further information and to manage your cookie preferences, view Checkatrade's cookie policy", false): Text 'For further information and to manage your cookie preferences, view Checkatrade's cookie policy' is not present on page

2019-12-11 15:37:34 - [MESSAGE][PASSED] - Text 'For further information and to manage your cookie preferences, view Checkatrade's cookie policy' is not present on page

2019-12-11 15:37:34 - [MESSAGE][PASSED] - Call Test Case 'Test Cases/Reusable_Test_Sequences/CAT_Setup' successfully

2019-12-11 15:37:34 - [TEST_STEP][PASSED] - callTestCase(findTestCase("Reusable_Test_Sequences/CAT_Home"), [:], CONTINUE_ON_FAILURE): Call Test Case 'Test Cases/Reusable_Test_Sequences/CAT_Home' successfully

2019-12-11 15:37:34 - [TEST_CASE][PASSED] - Test Cases/Reusable_Test_Sequences/CAT_Home: Test Cases/Reusable_Test_Sequences/CAT_Home

2019-12-11 15:37:34 - [TEST_STEP][PASSED] - waitForPageLoad(10): Wait for page load successfully

2019-12-11 15:37:34 - [MESSAGE][PASSED] - Wait for page load successfully

2019-12-11 15:37:34 - [TEST_STEP][PASSED] - waitForElementClickable(findTestObject("Object Repository/Checkatrade_Trade_Search_Page/Page_Checkatrade Find a tradesperson you can trust/Page_Checkatrade Find a tradesperson you can trust/a_Search"), 60): Object 'Object Repository/Checkatrade_Trade_Search_Page/Page_Checkatrade Find a tradesperson you can trust/Page_Checkatrade Find a tradesperson you can trust/a_Search' is clickable

2019-12-11 15:37:34 - [MESSAGE][PASSED] - Object 'Object Repository/Checkatrade_Trade_Search_Page/Page_Checkatrade Find a tradesperson you can trust/Page_Checkatrade Find a tradesperson you can trust/a_Search' is clickable

2019-12-11 15:37:34 - [TEST_STEP][PASSED] - "------------------------------------": null

2019-12-11 15:37:34 - [TEST_STEP][PASSED] - verifyTextPresent("Helping you find the right trade or service", false): Text 'Helping you find the right trade or service' is present on page 

2019-12-11 15:37:35 - [MESSAGE][PASSED] - Text 'Helping you find the right trade or service' is present on page 

2019-12-11 15:37:35 - [TEST_STEP][PASSED] - verifyTextPresent("Search through over", false): Text 'Search through over' is present on page 

2019-12-11 15:37:35 - [MESSAGE][PASSED] - Text 'Search through over' is present on page 

2019-12-11 15:37:35 - [TEST_STEP][PASSED] - verifyTextPresent("recommended, vetted and monitored trades and service providers for free.", false): Text 'recommended, vetted and monitored trades and service providers for free.' is present on page 

2019-12-11 15:37:36 - [MESSAGE][PASSED] - Text 'recommended, vetted and monitored trades and service providers for free.' is present on page 

2019-12-11 15:37:36 - [TEST_STEP][PASSED] - verifyTextPresent("or look up a member by name", false): Text 'or look up a member by name' is present on page 

2019-12-11 15:37:36 - [MESSAGE][PASSED] - Text 'or look up a member by name' is present on page 

2019-12-11 15:37:36 - [TEST_STEP][PASSED] - verifyTextPresent("reviews published so far – thank you!", false): Text 'reviews published so far – thank you!' is present on page 

2019-12-11 15:37:37 - [MESSAGE][PASSED] - Text 'reviews published so far – thank you!' is present on page 

2019-12-11 15:37:37 - [TEST_STEP][PASSED] - "------------------------------------": null

2019-12-11 15:37:37 - [TEST_STEP][PASSED] - " NEW FOOTER Details - 10/12/2019": null

2019-12-11 15:37:37 - [TEST_STEP][PASSED] - verifyTextPresent("I need a trade or service", false): Text 'I need a trade or service' is present on page 

2019-12-11 15:37:37 - [MESSAGE][PASSED] - Text 'I need a trade or service' is present on page 

2019-12-11 15:37:37 - [TEST_STEP][PASSED] - verifyTextPresent("Every trader thoroughly checked and vetted", false): Text 'Every trader thoroughly checked and vetted' is present on page 

2019-12-11 15:37:37 - [MESSAGE][PASSED] - Text 'Every trader thoroughly checked and vetted' is present on page 

2019-12-11 15:37:37 - [TEST_STEP][PASSED] - verifyTextPresent("Find out more", false): Text 'Find out more' is present on page 

2019-12-11 15:37:38 - [MESSAGE][PASSED] - Text 'Find out more' is present on page 

2019-12-11 15:37:38 - [TEST_STEP][PASSED] - verifyTextPresent("I am a tradesman", false): Text 'I am a tradesman' is present on page 

2019-12-11 15:37:39 - [MESSAGE][PASSED] - Text 'I am a tradesman' is present on page 

2019-12-11 15:37:39 - [TEST_STEP][PASSED] - verifyTextPresent("Over a million visits to Checkatrade each month", false): Text 'Over a million visits to Checkatrade each month' is present on page 

2019-12-11 15:37:39 - [MESSAGE][PASSED] - Text 'Over a million visits to Checkatrade each month' is present on page 

2019-12-11 15:37:39 - [TEST_STEP][PASSED] - verifyTextPresent("Find out more", false): Text 'Find out more' is present on page 

2019-12-11 15:37:40 - [MESSAGE][PASSED] - Text 'Find out more' is present on page 

2019-12-11 15:37:40 - [TEST_STEP][PASSED] - "------------------------------------": null

2019-12-11 15:37:40 - [TEST_STEP][PASSED] - "FOOTER": null

2019-12-11 15:37:40 - [TEST_STEP][PASSED] - verifyTextPresent("Trades", false): Text 'Trades' is present on page 

2019-12-11 15:37:40 - [MESSAGE][PASSED] - Text 'Trades' is present on page 

2019-12-11 15:37:40 - [TEST_STEP][PASSED] - verifyTextPresent("Homeowner", false): Text 'Homeowner' is present on page 

2019-12-11 15:37:41 - [MESSAGE][PASSED] - Text 'Homeowner' is present on page 

2019-12-11 15:37:41 - [TEST_STEP][PASSED] - verifyTextPresent("Company", false): Text 'Company' is present on page 

2019-12-11 15:37:41 - [MESSAGE][PASSED] - Text 'Company' is present on page 

2019-12-11 15:37:41 - [TEST_STEP][PASSED] - "------------------------------------": null

2019-12-11 15:37:41 - [TEST_STEP][PASSED] - "Social Media": null

2019-12-11 15:37:41 - [TEST_STEP][PASSED] - verifyTextPresent("Follow Us On", false): Text 'Follow Us On' is present on page 

2019-12-11 15:37:41 - [MESSAGE][PASSED] - Text 'Follow Us On' is present on page 

2019-12-11 15:37:41 - [MESSAGE][PASSED] - Call Test Case 'Test Cases/Reusable_Test_Sequences/CAT_Home' successfully

2019-12-11 15:37:41 - [TEST_STEP][PASSED] - "---------------------------------------------------------------------": null

2019-12-11 15:37:41 - [TEST_STEP][PASSED] - " Select Search on Trader Name (or ID) From Home page/Search Screen   |": null

2019-12-11 15:37:41 - [TEST_STEP][PASSED] - callTestCase(findTestCase("Reusable_Test_Sequences/CAT_Click_Search_Trade_Name"), [:], CONTINUE_ON_FAILURE): Call Test Case 'Test Cases/Reusable_Test_Sequences/CAT_Click_Search_Trade_Name' successfully

2019-12-11 15:37:41 - [TEST_CASE][PASSED] - Test Cases/Reusable_Test_Sequences/CAT_Click_Search_Trade_Name: Test Cases/Reusable_Test_Sequences/CAT_Click_Search_Trade_Name

2019-12-11 15:37:41 - [TEST_STEP][PASSED] - click(findTestObject("Page_Checkatrade Find a tradesperson you can trust/a_or look up a member by name")): Object: 'Object Repository/Page_Checkatrade Find a tradesperson you can trust/a_or look up a member by name' is clicked on

2019-12-11 15:37:42 - [MESSAGE][PASSED] - Object: 'Object Repository/Page_Checkatrade Find a tradesperson you can trust/a_or look up a member by name' is clicked on

2019-12-11 15:37:42 - [TEST_STEP][PASSED] - waitForPageLoad(60): Wait for page load successfully

2019-12-11 15:37:42 - [MESSAGE][PASSED] - Wait for page load successfully

2019-12-11 15:37:42 - [MESSAGE][PASSED] - Call Test Case 'Test Cases/Reusable_Test_Sequences/CAT_Click_Search_Trade_Name' successfully

2019-12-11 15:37:42 - [TEST_STEP][PASSED] - "---------------------------------------": null

2019-12-11 15:37:42 - [TEST_STEP][PASSED] - " Enter Trader Name (or ID) to Search   |": null

2019-12-11 15:37:42 - [TEST_STEP][PASSED] - callTestCase(findTestCase("Reusable_Test_Sequences/CAT_Enter_Trade_Name"), [:], CONTINUE_ON_FAILURE): Call Test Case 'Test Cases/Reusable_Test_Sequences/CAT_Enter_Trade_Name' successfully

2019-12-11 15:37:42 - [TEST_CASE][PASSED] - Test Cases/Reusable_Test_Sequences/CAT_Enter_Trade_Name: Test Cases/Reusable_Test_Sequences/CAT_Enter_Trade_Name

2019-12-11 15:37:42 - [TEST_STEP][PASSED] - setText(findTestObject("Page_Checkatrade Find a tradesperson you can trust/Trader_Name_To_Search"), findTestData("Search_CAT_ID_Data (1)").getValue("tradeName", row)): Text '308682' is set on object 'Object Repository/Page_Checkatrade Find a tradesperson you can trust/Trader_Name_To_Search'

2019-12-11 15:37:42 - [MESSAGE][PASSED] - Text '308682' is set on object 'Object Repository/Page_Checkatrade Find a tradesperson you can trust/Trader_Name_To_Search'

2019-12-11 15:37:42 - [MESSAGE][PASSED] - Call Test Case 'Test Cases/Reusable_Test_Sequences/CAT_Enter_Trade_Name' successfully

2019-12-11 15:37:42 - [TEST_STEP][PASSED] - "---------------------------------------": null

2019-12-11 15:37:42 - [TEST_STEP][PASSED] - " Search Trader Name (or ID)            |": null

2019-12-11 15:37:42 - [TEST_STEP][PASSED] - callTestCase(findTestCase("Reusable_Test_Sequences/CAT_Search_Trade_Name"), [:], CONTINUE_ON_FAILURE): Call Test Case 'Test Cases/Reusable_Test_Sequences/CAT_Search_Trade_Name' successfully

2019-12-11 15:37:42 - [TEST_CASE][PASSED] - Test Cases/Reusable_Test_Sequences/CAT_Search_Trade_Name: Test Cases/Reusable_Test_Sequences/CAT_Search_Trade_Name

2019-12-11 15:37:42 - [TEST_STEP][PASSED] - "Hit Search Trade Person by Name (or CAT ID) after parameters are entered": null

2019-12-11 15:37:42 - [TEST_STEP][PASSED] - waitForElementPresent(findTestObject("Page_Checkatrade Find a tradesperson you can trust/span_Trade_Name"), 60): Object 'Object Repository/Page_Checkatrade Find a tradesperson you can trust/span_Trade_Name' is present

2019-12-11 15:37:42 - [MESSAGE][PASSED] - Object 'Object Repository/Page_Checkatrade Find a tradesperson you can trust/span_Trade_Name' is present

2019-12-11 15:37:42 - [TEST_STEP][PASSED] - click(findTestObject("Page_Checkatrade Find a tradesperson you can trust/span_Trade_Name")): Object: 'Object Repository/Page_Checkatrade Find a tradesperson you can trust/span_Trade_Name' is clicked on

2019-12-11 15:37:44 - [MESSAGE][PASSED] - Object: 'Object Repository/Page_Checkatrade Find a tradesperson you can trust/span_Trade_Name' is clicked on

2019-12-11 15:37:44 - [TEST_STEP][PASSED] - delay(2): Delayed 2 second(s)

2019-12-11 15:37:46 - [MESSAGE][PASSED] - Delayed 2 second(s)

2019-12-11 15:37:46 - [TEST_STEP][PASSED] - waitForPageLoad(60): Wait for page load successfully

2019-12-11 15:37:46 - [MESSAGE][PASSED] - Wait for page load successfully

2019-12-11 15:37:46 - [MESSAGE][PASSED] - Call Test Case 'Test Cases/Reusable_Test_Sequences/CAT_Search_Trade_Name' successfully

2019-12-11 15:37:46 - [TEST_STEP][PASSED] - "------------------------------------------": null

2019-12-11 15:37:46 - [TEST_STEP][PASSED] - " Scroll to Page Footer to Reveal Results  |": null

2019-12-11 15:37:46 - [TEST_STEP][PASSED] - callTestCase(findTestCase("Reusable_Test_Sequences/CAT_Scroll_to_Footer"), [:], CONTINUE_ON_FAILURE): Call Test Case 'Test Cases/Reusable_Test_Sequences/CAT_Scroll_to_Footer' successfully

2019-12-11 15:37:46 - [TEST_CASE][PASSED] - Test Cases/Reusable_Test_Sequences/CAT_Scroll_to_Footer: Test Cases/Reusable_Test_Sequences/CAT_Scroll_to_Footer

2019-12-11 15:37:46 - [TEST_STEP][PASSED] - "-----------------------------------------------------": null

2019-12-11 15:37:46 - [TEST_STEP][PASSED] - " Major changes factored into function 05/12/2019     |": null

2019-12-11 15:37:46 - [TEST_STEP][PASSED] - "-----------------------------------------------------": null

2019-12-11 15:37:46 - [TEST_STEP][PASSED] - "Animation Removed ": null

2019-12-11 15:37:46 - [TEST_STEP][PASSED] - "Scroll - To Footer on the bottom of the page (sometime off the screen) ": null

2019-12-11 15:37:46 - [TEST_STEP][PASSED] - waitForPageLoad(60): Wait for page load successfully

2019-12-11 15:37:46 - [MESSAGE][PASSED] - Wait for page load successfully

2019-12-11 15:37:46 - [TEST_STEP][PASSED] - scrollToPosition(999, 999): Browser is scrolled to position x = 999, y = 999

2019-12-11 15:37:46 - [MESSAGE][PASSED] - Browser is scrolled to position x = 999, y = 999

2019-12-11 15:37:46 - [TEST_STEP][PASSED] - delay(1): Delayed 1 second(s)

2019-12-11 15:37:47 - [MESSAGE][PASSED] - Delayed 1 second(s)

2019-12-11 15:37:47 - [MESSAGE][PASSED] - Call Test Case 'Test Cases/Reusable_Test_Sequences/CAT_Scroll_to_Footer' successfully

2019-12-11 15:37:47 - [TEST_STEP][PASSED] - "------------------------------------------": null

2019-12-11 15:37:47 - [TEST_STEP][PASSED] - " Verify Correct Location is Returned     |": null

2019-12-11 15:37:47 - [TEST_STEP][PASSED] - callTestCase(findTestCase("Reusable_Test_Sequences/CAT_Verification_Location"), [:], CONTINUE_ON_FAILURE): Call Test Case 'Test Cases/Reusable_Test_Sequences/CAT_Verification_Location' successfully

2019-12-11 15:37:47 - [TEST_CASE][PASSED] - Test Cases/Reusable_Test_Sequences/CAT_Verification_Location: Test Cases/Reusable_Test_Sequences/CAT_Verification_Location

2019-12-11 15:37:47 - [TEST_STEP][PASSED] - verifyTextPresent(findTestData("Search_CAT_ID_Data (1)").getValue("tradeNameLocationVerification", row), false): Text 'Banbury, Oxfordshire' is present on page 

2019-12-11 15:37:48 - [MESSAGE][PASSED] - Text 'Banbury, Oxfordshire' is present on page 

2019-12-11 15:37:48 - [MESSAGE][PASSED] - Call Test Case 'Test Cases/Reusable_Test_Sequences/CAT_Verification_Location' successfully

2019-12-11 15:37:48 - [TEST_STEP][PASSED] - "------------------------------------------": null

2019-12-11 15:37:48 - [TEST_STEP][PASSED] - " Verify Primary Contact is Returned     |": null

2019-12-11 15:37:48 - [TEST_STEP][PASSED] - callTestCase(findTestCase("Reusable_Test_Sequences/CAT_Verification_Primary_Contact"), [:], CONTINUE_ON_FAILURE): Call Test Case 'Test Cases/Reusable_Test_Sequences/CAT_Verification_Primary_Contact' successfully

2019-12-11 15:37:48 - [TEST_CASE][PASSED] - Test Cases/Reusable_Test_Sequences/CAT_Verification_Primary_Contact: Test Cases/Reusable_Test_Sequences/CAT_Verification_Primary_Contact

2019-12-11 15:37:48 - [TEST_STEP][PASSED] - verifyTextPresent(findTestData("Search_CAT_ID_Data (1)").getValue("primeContact", row), false): Text 'Andrew Whitaker' is present on page 

2019-12-11 15:37:49 - [MESSAGE][PASSED] - Text 'Andrew Whitaker' is present on page 

2019-12-11 15:37:49 - [MESSAGE][PASSED] - Call Test Case 'Test Cases/Reusable_Test_Sequences/CAT_Verification_Primary_Contact' successfully

2019-12-11 15:37:49 - [TEST_STEP][PASSED] - "--------------------------": null

2019-12-11 15:37:49 - [TEST_STEP][PASSED] - " Teardown - CLose Browser |": null

2019-12-11 15:37:49 - [TEST_STEP][PASSED] - callTestCase(findTestCase("Reusable_Test_Sequences/CAT_Teardown"), [:], OPTIONAL): Call Test Case 'Test Cases/Reusable_Test_Sequences/CAT_Teardown' successfully

2019-12-11 15:37:50 - [TEST_CASE][PASSED] - Test Cases/Reusable_Test_Sequences/CAT_Teardown: Test Cases/Reusable_Test_Sequences/CAT_Teardown

2019-12-11 15:37:50 - [TEST_STEP][PASSED] - closeBrowser(): Browser is closed

2019-12-11 15:37:52 - [MESSAGE][PASSED] - Browser is closed

2019-12-11 15:37:52 - [MESSAGE][PASSED] - Call Test Case 'Test Cases/Reusable_Test_Sequences/CAT_Teardown' successfully

2019-12-11 15:37:52 - [TEST_STEP][PASSED] - callTestCase(findTestCase("Reusable_Test_Sequences/CAT_Setup"), [:], STOP_ON_FAILURE): Call Test Case 'Test Cases/Reusable_Test_Sequences/CAT_Setup' successfully

2019-12-11 15:37:52 - [TEST_CASE][PASSED] - Test Cases/Reusable_Test_Sequences/CAT_Setup: Test Cases/Reusable_Test_Sequences/CAT_Setup

2019-12-11 15:37:52 - [TEST_STEP][PASSED] - "URL - Set from the ENVIRONMENT PROFILE ": null

2019-12-11 15:37:52 - [TEST_STEP][PASSED] - openBrowser(URL): Browser is opened with url: 'https://www.preview.checkatrade.com/'

2019-12-11 15:37:52 - [MESSAGE][INFO] - Starting 'Firefox' driver

2019-12-11 15:38:01 - [MESSAGE][PASSED] - Browser is opened with url: 'https://www.preview.checkatrade.com/'

2019-12-11 15:38:01 - [TEST_STEP][PASSED] - maximizeWindow(): Current window maximized

2019-12-11 15:38:02 - [MESSAGE][PASSED] - Current window maximized

2019-12-11 15:38:02 - [TEST_STEP][PASSED] - waitForPageLoad(60): Wait for page load successfully

2019-12-11 15:38:02 - [MESSAGE][PASSED] - Wait for page load successfully

2019-12-11 15:38:02 - [TEST_STEP][PASSED] - "COOKIE - ORIGINAL": null

2019-12-11 15:38:02 - [TEST_STEP][PASSED] - try: Text 'For further information and to manage your cookie preferences, view Checkatrade's cookie policy' is not present on page

2019-12-11 15:38:02 - [TEST_STEP][PASSED] - verifyElementPresent(findTestObject("Object Repository/New_Home/Page_Checkatrade Find a tradesperson you can trust/div_Close"), 1, OPTIONAL): Object 'Object Repository/New_Home/Page_Checkatrade Find a tradesperson you can trust/div_Close' is present

2019-12-11 15:38:02 - [MESSAGE][PASSED] - Object 'Object Repository/New_Home/Page_Checkatrade Find a tradesperson you can trust/div_Close' is present

2019-12-11 15:38:02 - [TEST_STEP][PASSED] - click(findTestObject("Object Repository/New_Home/Page_Checkatrade Find a tradesperson you can trust/div_Close")): Object: 'Object Repository/New_Home/Page_Checkatrade Find a tradesperson you can trust/div_Close' is clicked on

2019-12-11 15:38:02 - [MESSAGE][PASSED] - Object: 'Object Repository/New_Home/Page_Checkatrade Find a tradesperson you can trust/div_Close' is clicked on

2019-12-11 15:38:02 - [TEST_STEP][PASSED] - "---------------------------------": null

2019-12-11 15:38:02 - [TEST_STEP][PASSED] - "COOKIE POPOUT REMOVED - Confirmed": null

2019-12-11 15:38:02 - [TEST_STEP][PASSED] - delay(1): Delayed 1 second(s)

2019-12-11 15:38:03 - [MESSAGE][PASSED] - Delayed 1 second(s)

2019-12-11 15:38:03 - [TEST_STEP][PASSED] - verifyTextNotPresent("Checkatrade.com uses cookies to make sure you get the best browsing experience", false): Text 'Checkatrade.com uses cookies to make sure you get the best browsing experience' is not present on page

2019-12-11 15:38:04 - [MESSAGE][PASSED] - Text 'Checkatrade.com uses cookies to make sure you get the best browsing experience' is not present on page

2019-12-11 15:38:04 - [TEST_STEP][PASSED] - verifyTextNotPresent("By continuing to use this website you are consenting to our use of cookies", false): Text 'By continuing to use this website you are consenting to our use of cookies' is not present on page

2019-12-11 15:38:04 - [MESSAGE][PASSED] - Text 'By continuing to use this website you are consenting to our use of cookies' is not present on page

2019-12-11 15:38:04 - [TEST_STEP][PASSED] - verifyTextNotPresent("For further information and to manage your cookie preferences, view Checkatrade's cookie policy", false): Text 'For further information and to manage your cookie preferences, view Checkatrade's cookie policy' is not present on page

2019-12-11 15:38:04 - [MESSAGE][PASSED] - Text 'For further information and to manage your cookie preferences, view Checkatrade's cookie policy' is not present on page

2019-12-11 15:38:04 - [MESSAGE][PASSED] - Call Test Case 'Test Cases/Reusable_Test_Sequences/CAT_Setup' successfully

2019-12-11 15:38:04 - [TEST_STEP][PASSED] - callTestCase(findTestCase("Reusable_Test_Sequences/CAT_Home"), [:], CONTINUE_ON_FAILURE): Call Test Case 'Test Cases/Reusable_Test_Sequences/CAT_Home' successfully

2019-12-11 15:38:04 - [TEST_CASE][PASSED] - Test Cases/Reusable_Test_Sequences/CAT_Home: Test Cases/Reusable_Test_Sequences/CAT_Home

2019-12-11 15:38:04 - [TEST_STEP][PASSED] - waitForPageLoad(10): Wait for page load successfully

2019-12-11 15:38:04 - [MESSAGE][PASSED] - Wait for page load successfully

2019-12-11 15:38:04 - [TEST_STEP][PASSED] - waitForElementClickable(findTestObject("Object Repository/Checkatrade_Trade_Search_Page/Page_Checkatrade Find a tradesperson you can trust/Page_Checkatrade Find a tradesperson you can trust/a_Search"), 60): Object 'Object Repository/Checkatrade_Trade_Search_Page/Page_Checkatrade Find a tradesperson you can trust/Page_Checkatrade Find a tradesperson you can trust/a_Search' is clickable

2019-12-11 15:38:05 - [MESSAGE][PASSED] - Object 'Object Repository/Checkatrade_Trade_Search_Page/Page_Checkatrade Find a tradesperson you can trust/Page_Checkatrade Find a tradesperson you can trust/a_Search' is clickable

2019-12-11 15:38:05 - [TEST_STEP][PASSED] - "------------------------------------": null

2019-12-11 15:38:05 - [TEST_STEP][PASSED] - verifyTextPresent("Helping you find the right trade or service", false): Text 'Helping you find the right trade or service' is present on page 

2019-12-11 15:38:05 - [MESSAGE][PASSED] - Text 'Helping you find the right trade or service' is present on page 

2019-12-11 15:38:05 - [TEST_STEP][PASSED] - verifyTextPresent("Search through over", false): Text 'Search through over' is present on page 

2019-12-11 15:38:06 - [MESSAGE][PASSED] - Text 'Search through over' is present on page 

2019-12-11 15:38:06 - [TEST_STEP][PASSED] - verifyTextPresent("recommended, vetted and monitored trades and service providers for free.", false): Text 'recommended, vetted and monitored trades and service providers for free.' is present on page 

2019-12-11 15:38:06 - [MESSAGE][PASSED] - Text 'recommended, vetted and monitored trades and service providers for free.' is present on page 

2019-12-11 15:38:06 - [TEST_STEP][PASSED] - verifyTextPresent("or look up a member by name", false): Text 'or look up a member by name' is present on page 

2019-12-11 15:38:07 - [MESSAGE][PASSED] - Text 'or look up a member by name' is present on page 

2019-12-11 15:38:07 - [TEST_STEP][PASSED] - verifyTextPresent("reviews published so far – thank you!", false): Text 'reviews published so far – thank you!' is present on page 

2019-12-11 15:38:07 - [MESSAGE][PASSED] - Text 'reviews published so far – thank you!' is present on page 

2019-12-11 15:38:07 - [TEST_STEP][PASSED] - "------------------------------------": null

2019-12-11 15:38:07 - [TEST_STEP][PASSED] - " NEW FOOTER Details - 10/12/2019": null

2019-12-11 15:38:07 - [TEST_STEP][PASSED] - verifyTextPresent("I need a trade or service", false): Text 'I need a trade or service' is present on page 

2019-12-11 15:38:07 - [MESSAGE][PASSED] - Text 'I need a trade or service' is present on page 

2019-12-11 15:38:07 - [TEST_STEP][PASSED] - verifyTextPresent("Every trader thoroughly checked and vetted", false): Text 'Every trader thoroughly checked and vetted' is present on page 

2019-12-11 15:38:07 - [MESSAGE][PASSED] - Text 'Every trader thoroughly checked and vetted' is present on page 

2019-12-11 15:38:07 - [TEST_STEP][PASSED] - verifyTextPresent("Find out more", false): Text 'Find out more' is present on page 

2019-12-11 15:38:08 - [MESSAGE][PASSED] - Text 'Find out more' is present on page 

2019-12-11 15:38:08 - [TEST_STEP][PASSED] - verifyTextPresent("I am a tradesman", false): Text 'I am a tradesman' is present on page 

2019-12-11 15:38:08 - [MESSAGE][PASSED] - Text 'I am a tradesman' is present on page 

2019-12-11 15:38:08 - [TEST_STEP][PASSED] - verifyTextPresent("Over a million visits to Checkatrade each month", false): Text 'Over a million visits to Checkatrade each month' is present on page 

2019-12-11 15:38:08 - [MESSAGE][PASSED] - Text 'Over a million visits to Checkatrade each month' is present on page 

2019-12-11 15:38:08 - [TEST_STEP][PASSED] - verifyTextPresent("Find out more", false): Text 'Find out more' is present on page 

2019-12-11 15:38:08 - [MESSAGE][PASSED] - Text 'Find out more' is present on page 

2019-12-11 15:38:08 - [TEST_STEP][PASSED] - "------------------------------------": null

2019-12-11 15:38:08 - [TEST_STEP][PASSED] - "FOOTER": null

2019-12-11 15:38:08 - [TEST_STEP][PASSED] - verifyTextPresent("Trades", false): Text 'Trades' is present on page 

2019-12-11 15:38:09 - [MESSAGE][PASSED] - Text 'Trades' is present on page 

2019-12-11 15:38:09 - [TEST_STEP][PASSED] - verifyTextPresent("Homeowner", false): Text 'Homeowner' is present on page 

2019-12-11 15:38:09 - [MESSAGE][PASSED] - Text 'Homeowner' is present on page 

2019-12-11 15:38:09 - [TEST_STEP][PASSED] - verifyTextPresent("Company", false): Text 'Company' is present on page 

2019-12-11 15:38:09 - [MESSAGE][PASSED] - Text 'Company' is present on page 

2019-12-11 15:38:09 - [TEST_STEP][PASSED] - "------------------------------------": null

2019-12-11 15:38:09 - [TEST_STEP][PASSED] - "Social Media": null

2019-12-11 15:38:09 - [TEST_STEP][PASSED] - verifyTextPresent("Follow Us On", false): Text 'Follow Us On' is present on page 

2019-12-11 15:38:09 - [MESSAGE][PASSED] - Text 'Follow Us On' is present on page 

2019-12-11 15:38:09 - [MESSAGE][PASSED] - Call Test Case 'Test Cases/Reusable_Test_Sequences/CAT_Home' successfully

2019-12-11 15:38:09 - [TEST_STEP][PASSED] - "---------------------------------------------------------------------": null

2019-12-11 15:38:09 - [TEST_STEP][PASSED] - " Select Search on Trader Name (or ID) From Home page/Search Screen   |": null

2019-12-11 15:38:09 - [TEST_STEP][PASSED] - callTestCase(findTestCase("Reusable_Test_Sequences/CAT_Click_Search_Trade_Name"), [:], CONTINUE_ON_FAILURE): Call Test Case 'Test Cases/Reusable_Test_Sequences/CAT_Click_Search_Trade_Name' successfully

2019-12-11 15:38:10 - [TEST_CASE][PASSED] - Test Cases/Reusable_Test_Sequences/CAT_Click_Search_Trade_Name: Test Cases/Reusable_Test_Sequences/CAT_Click_Search_Trade_Name

2019-12-11 15:38:10 - [TEST_STEP][PASSED] - click(findTestObject("Page_Checkatrade Find a tradesperson you can trust/a_or look up a member by name")): Object: 'Object Repository/Page_Checkatrade Find a tradesperson you can trust/a_or look up a member by name' is clicked on

2019-12-11 15:38:10 - [MESSAGE][PASSED] - Object: 'Object Repository/Page_Checkatrade Find a tradesperson you can trust/a_or look up a member by name' is clicked on

2019-12-11 15:38:10 - [TEST_STEP][PASSED] - waitForPageLoad(60): Wait for page load successfully

2019-12-11 15:38:10 - [MESSAGE][PASSED] - Wait for page load successfully

2019-12-11 15:38:10 - [MESSAGE][PASSED] - Call Test Case 'Test Cases/Reusable_Test_Sequences/CAT_Click_Search_Trade_Name' successfully

2019-12-11 15:38:10 - [TEST_STEP][PASSED] - "---------------------------------------": null

2019-12-11 15:38:10 - [TEST_STEP][PASSED] - " Enter Trader Name (or ID) to Search   |": null

2019-12-11 15:38:10 - [TEST_STEP][PASSED] - callTestCase(findTestCase("Reusable_Test_Sequences/CAT_Enter_Trade_Name"), [:], CONTINUE_ON_FAILURE): Call Test Case 'Test Cases/Reusable_Test_Sequences/CAT_Enter_Trade_Name' successfully

2019-12-11 15:38:10 - [TEST_CASE][PASSED] - Test Cases/Reusable_Test_Sequences/CAT_Enter_Trade_Name: Test Cases/Reusable_Test_Sequences/CAT_Enter_Trade_Name

2019-12-11 15:38:10 - [TEST_STEP][PASSED] - setText(findTestObject("Page_Checkatrade Find a tradesperson you can trust/Trader_Name_To_Search"), findTestData("Search_CAT_ID_Data (1)").getValue("tradeName", row)): Text '230761' is set on object 'Object Repository/Page_Checkatrade Find a tradesperson you can trust/Trader_Name_To_Search'

2019-12-11 15:38:10 - [MESSAGE][PASSED] - Text '230761' is set on object 'Object Repository/Page_Checkatrade Find a tradesperson you can trust/Trader_Name_To_Search'

2019-12-11 15:38:10 - [MESSAGE][PASSED] - Call Test Case 'Test Cases/Reusable_Test_Sequences/CAT_Enter_Trade_Name' successfully

2019-12-11 15:38:10 - [TEST_STEP][PASSED] - "---------------------------------------": null

2019-12-11 15:38:10 - [TEST_STEP][PASSED] - " Search Trader Name (or ID)            |": null

2019-12-11 15:38:10 - [TEST_STEP][PASSED] - callTestCase(findTestCase("Reusable_Test_Sequences/CAT_Search_Trade_Name"), [:], CONTINUE_ON_FAILURE): Call Test Case 'Test Cases/Reusable_Test_Sequences/CAT_Search_Trade_Name' successfully

2019-12-11 15:38:10 - [TEST_CASE][PASSED] - Test Cases/Reusable_Test_Sequences/CAT_Search_Trade_Name: Test Cases/Reusable_Test_Sequences/CAT_Search_Trade_Name

2019-12-11 15:38:10 - [TEST_STEP][PASSED] - "Hit Search Trade Person by Name (or CAT ID) after parameters are entered": null

2019-12-11 15:38:10 - [TEST_STEP][PASSED] - waitForElementPresent(findTestObject("Page_Checkatrade Find a tradesperson you can trust/span_Trade_Name"), 60): Object 'Object Repository/Page_Checkatrade Find a tradesperson you can trust/span_Trade_Name' is present

2019-12-11 15:38:10 - [MESSAGE][PASSED] - Object 'Object Repository/Page_Checkatrade Find a tradesperson you can trust/span_Trade_Name' is present

2019-12-11 15:38:10 - [TEST_STEP][PASSED] - click(findTestObject("Page_Checkatrade Find a tradesperson you can trust/span_Trade_Name")): Object: 'Object Repository/Page_Checkatrade Find a tradesperson you can trust/span_Trade_Name' is clicked on

2019-12-11 15:38:13 - [MESSAGE][PASSED] - Object: 'Object Repository/Page_Checkatrade Find a tradesperson you can trust/span_Trade_Name' is clicked on

2019-12-11 15:38:13 - [TEST_STEP][PASSED] - delay(2): Delayed 2 second(s)

2019-12-11 15:38:15 - [MESSAGE][PASSED] - Delayed 2 second(s)

2019-12-11 15:38:15 - [TEST_STEP][PASSED] - waitForPageLoad(60): Wait for page load successfully

2019-12-11 15:38:15 - [MESSAGE][PASSED] - Wait for page load successfully

2019-12-11 15:38:15 - [MESSAGE][PASSED] - Call Test Case 'Test Cases/Reusable_Test_Sequences/CAT_Search_Trade_Name' successfully

2019-12-11 15:38:15 - [TEST_STEP][PASSED] - "------------------------------------------": null

2019-12-11 15:38:15 - [TEST_STEP][PASSED] - " Scroll to Page Footer to Reveal Results  |": null

2019-12-11 15:38:15 - [TEST_STEP][PASSED] - callTestCase(findTestCase("Reusable_Test_Sequences/CAT_Scroll_to_Footer"), [:], CONTINUE_ON_FAILURE): Call Test Case 'Test Cases/Reusable_Test_Sequences/CAT_Scroll_to_Footer' successfully

2019-12-11 15:38:16 - [TEST_CASE][PASSED] - Test Cases/Reusable_Test_Sequences/CAT_Scroll_to_Footer: Test Cases/Reusable_Test_Sequences/CAT_Scroll_to_Footer

2019-12-11 15:38:16 - [TEST_STEP][PASSED] - "-----------------------------------------------------": null

2019-12-11 15:38:16 - [TEST_STEP][PASSED] - " Major changes factored into function 05/12/2019     |": null

2019-12-11 15:38:16 - [TEST_STEP][PASSED] - "-----------------------------------------------------": null

2019-12-11 15:38:16 - [TEST_STEP][PASSED] - "Animation Removed ": null

2019-12-11 15:38:16 - [TEST_STEP][PASSED] - "Scroll - To Footer on the bottom of the page (sometime off the screen) ": null

2019-12-11 15:38:16 - [TEST_STEP][PASSED] - waitForPageLoad(60): Wait for page load successfully

2019-12-11 15:38:16 - [MESSAGE][PASSED] - Wait for page load successfully

2019-12-11 15:38:16 - [TEST_STEP][PASSED] - scrollToPosition(999, 999): Browser is scrolled to position x = 999, y = 999

2019-12-11 15:38:16 - [MESSAGE][PASSED] - Browser is scrolled to position x = 999, y = 999

2019-12-11 15:38:16 - [TEST_STEP][PASSED] - delay(1): Delayed 1 second(s)

2019-12-11 15:38:17 - [MESSAGE][PASSED] - Delayed 1 second(s)

2019-12-11 15:38:17 - [MESSAGE][PASSED] - Call Test Case 'Test Cases/Reusable_Test_Sequences/CAT_Scroll_to_Footer' successfully

2019-12-11 15:38:17 - [TEST_STEP][PASSED] - "------------------------------------------": null

2019-12-11 15:38:17 - [TEST_STEP][PASSED] - " Verify Correct Location is Returned     |": null

2019-12-11 15:38:17 - [TEST_STEP][PASSED] - callTestCase(findTestCase("Reusable_Test_Sequences/CAT_Verification_Location"), [:], CONTINUE_ON_FAILURE): Call Test Case 'Test Cases/Reusable_Test_Sequences/CAT_Verification_Location' successfully

2019-12-11 15:38:17 - [TEST_CASE][PASSED] - Test Cases/Reusable_Test_Sequences/CAT_Verification_Location: Test Cases/Reusable_Test_Sequences/CAT_Verification_Location

2019-12-11 15:38:17 - [TEST_STEP][PASSED] - verifyTextPresent(findTestData("Search_CAT_ID_Data (1)").getValue("tradeNameLocationVerification", row), false): Text 'Rustington, West Sussex' is present on page 

2019-12-11 15:38:17 - [MESSAGE][PASSED] - Text 'Rustington, West Sussex' is present on page 

2019-12-11 15:38:17 - [MESSAGE][PASSED] - Call Test Case 'Test Cases/Reusable_Test_Sequences/CAT_Verification_Location' successfully

2019-12-11 15:38:17 - [TEST_STEP][PASSED] - "------------------------------------------": null

2019-12-11 15:38:17 - [TEST_STEP][PASSED] - " Verify Primary Contact is Returned     |": null

2019-12-11 15:38:17 - [TEST_STEP][PASSED] - callTestCase(findTestCase("Reusable_Test_Sequences/CAT_Verification_Primary_Contact"), [:], CONTINUE_ON_FAILURE): Call Test Case 'Test Cases/Reusable_Test_Sequences/CAT_Verification_Primary_Contact' successfully

2019-12-11 15:38:18 - [TEST_CASE][PASSED] - Test Cases/Reusable_Test_Sequences/CAT_Verification_Primary_Contact: Test Cases/Reusable_Test_Sequences/CAT_Verification_Primary_Contact

2019-12-11 15:38:18 - [TEST_STEP][PASSED] - verifyTextPresent(findTestData("Search_CAT_ID_Data (1)").getValue("primeContact", row), false): Text 'David Clarke' is present on page 

2019-12-11 15:38:18 - [MESSAGE][PASSED] - Text 'David Clarke' is present on page 

2019-12-11 15:38:18 - [MESSAGE][PASSED] - Call Test Case 'Test Cases/Reusable_Test_Sequences/CAT_Verification_Primary_Contact' successfully

2019-12-11 15:38:18 - [TEST_STEP][PASSED] - "--------------------------": null

2019-12-11 15:38:18 - [TEST_STEP][PASSED] - " Teardown - CLose Browser |": null

2019-12-11 15:38:18 - [TEST_STEP][PASSED] - callTestCase(findTestCase("Reusable_Test_Sequences/CAT_Teardown"), [:], OPTIONAL): Call Test Case 'Test Cases/Reusable_Test_Sequences/CAT_Teardown' successfully

2019-12-11 15:38:18 - [TEST_CASE][PASSED] - Test Cases/Reusable_Test_Sequences/CAT_Teardown: Test Cases/Reusable_Test_Sequences/CAT_Teardown

2019-12-11 15:38:18 - [TEST_STEP][PASSED] - closeBrowser(): Browser is closed

2019-12-11 15:38:21 - [MESSAGE][PASSED] - Browser is closed

2019-12-11 15:38:21 - [MESSAGE][PASSED] - Call Test Case 'Test Cases/Reusable_Test_Sequences/CAT_Teardown' successfully

2019-12-11 15:38:21 - [TEST_STEP][PASSED] - callTestCase(findTestCase("Reusable_Test_Sequences/CAT_Setup"), [:], STOP_ON_FAILURE): Call Test Case 'Test Cases/Reusable_Test_Sequences/CAT_Setup' successfully

2019-12-11 15:38:21 - [TEST_CASE][PASSED] - Test Cases/Reusable_Test_Sequences/CAT_Setup: Test Cases/Reusable_Test_Sequences/CAT_Setup

2019-12-11 15:38:21 - [TEST_STEP][PASSED] - "URL - Set from the ENVIRONMENT PROFILE ": null

2019-12-11 15:38:21 - [TEST_STEP][PASSED] - openBrowser(URL): Browser is opened with url: 'https://www.preview.checkatrade.com/'

2019-12-11 15:38:21 - [MESSAGE][INFO] - Starting 'Firefox' driver

2019-12-11 15:38:31 - [MESSAGE][PASSED] - Browser is opened with url: 'https://www.preview.checkatrade.com/'

2019-12-11 15:38:31 - [TEST_STEP][PASSED] - maximizeWindow(): Current window maximized

2019-12-11 15:38:31 - [MESSAGE][PASSED] - Current window maximized

2019-12-11 15:38:31 - [TEST_STEP][PASSED] - waitForPageLoad(60): Wait for page load successfully

2019-12-11 15:38:31 - [MESSAGE][PASSED] - Wait for page load successfully

2019-12-11 15:38:31 - [TEST_STEP][PASSED] - "COOKIE - ORIGINAL": null

2019-12-11 15:38:31 - [TEST_STEP][PASSED] - try: Text 'For further information and to manage your cookie preferences, view Checkatrade's cookie policy' is not present on page

2019-12-11 15:38:31 - [TEST_STEP][PASSED] - verifyElementPresent(findTestObject("Object Repository/New_Home/Page_Checkatrade Find a tradesperson you can trust/div_Close"), 1, OPTIONAL): Object 'Object Repository/New_Home/Page_Checkatrade Find a tradesperson you can trust/div_Close' is present

2019-12-11 15:38:31 - [MESSAGE][PASSED] - Object 'Object Repository/New_Home/Page_Checkatrade Find a tradesperson you can trust/div_Close' is present

2019-12-11 15:38:31 - [TEST_STEP][PASSED] - click(findTestObject("Object Repository/New_Home/Page_Checkatrade Find a tradesperson you can trust/div_Close")): Object: 'Object Repository/New_Home/Page_Checkatrade Find a tradesperson you can trust/div_Close' is clicked on

2019-12-11 15:38:31 - [MESSAGE][PASSED] - Object: 'Object Repository/New_Home/Page_Checkatrade Find a tradesperson you can trust/div_Close' is clicked on

2019-12-11 15:38:31 - [TEST_STEP][PASSED] - "---------------------------------": null

2019-12-11 15:38:31 - [TEST_STEP][PASSED] - "COOKIE POPOUT REMOVED - Confirmed": null

2019-12-11 15:38:31 - [TEST_STEP][PASSED] - delay(1): Delayed 1 second(s)

2019-12-11 15:38:32 - [MESSAGE][PASSED] - Delayed 1 second(s)

2019-12-11 15:38:32 - [TEST_STEP][PASSED] - verifyTextNotPresent("Checkatrade.com uses cookies to make sure you get the best browsing experience", false): Text 'Checkatrade.com uses cookies to make sure you get the best browsing experience' is not present on page

2019-12-11 15:38:33 - [MESSAGE][PASSED] - Text 'Checkatrade.com uses cookies to make sure you get the best browsing experience' is not present on page

2019-12-11 15:38:33 - [TEST_STEP][PASSED] - verifyTextNotPresent("By continuing to use this website you are consenting to our use of cookies", false): Text 'By continuing to use this website you are consenting to our use of cookies' is not present on page

2019-12-11 15:38:33 - [MESSAGE][PASSED] - Text 'By continuing to use this website you are consenting to our use of cookies' is not present on page

2019-12-11 15:38:33 - [TEST_STEP][PASSED] - verifyTextNotPresent("For further information and to manage your cookie preferences, view Checkatrade's cookie policy", false): Text 'For further information and to manage your cookie preferences, view Checkatrade's cookie policy' is not present on page

2019-12-11 15:38:34 - [MESSAGE][PASSED] - Text 'For further information and to manage your cookie preferences, view Checkatrade's cookie policy' is not present on page

2019-12-11 15:38:34 - [MESSAGE][PASSED] - Call Test Case 'Test Cases/Reusable_Test_Sequences/CAT_Setup' successfully

2019-12-11 15:38:34 - [TEST_STEP][PASSED] - callTestCase(findTestCase("Reusable_Test_Sequences/CAT_Home"), [:], CONTINUE_ON_FAILURE): Call Test Case 'Test Cases/Reusable_Test_Sequences/CAT_Home' successfully

2019-12-11 15:38:34 - [TEST_CASE][PASSED] - Test Cases/Reusable_Test_Sequences/CAT_Home: Test Cases/Reusable_Test_Sequences/CAT_Home

2019-12-11 15:38:34 - [TEST_STEP][PASSED] - waitForPageLoad(10): Wait for page load successfully

2019-12-11 15:38:34 - [MESSAGE][PASSED] - Wait for page load successfully

2019-12-11 15:38:34 - [TEST_STEP][PASSED] - waitForElementClickable(findTestObject("Object Repository/Checkatrade_Trade_Search_Page/Page_Checkatrade Find a tradesperson you can trust/Page_Checkatrade Find a tradesperson you can trust/a_Search"), 60): Object 'Object Repository/Checkatrade_Trade_Search_Page/Page_Checkatrade Find a tradesperson you can trust/Page_Checkatrade Find a tradesperson you can trust/a_Search' is clickable

2019-12-11 15:38:34 - [MESSAGE][PASSED] - Object 'Object Repository/Checkatrade_Trade_Search_Page/Page_Checkatrade Find a tradesperson you can trust/Page_Checkatrade Find a tradesperson you can trust/a_Search' is clickable

2019-12-11 15:38:34 - [TEST_STEP][PASSED] - "------------------------------------": null

2019-12-11 15:38:34 - [TEST_STEP][PASSED] - verifyTextPresent("Helping you find the right trade or service", false): Text 'Helping you find the right trade or service' is present on page 

2019-12-11 15:38:35 - [MESSAGE][PASSED] - Text 'Helping you find the right trade or service' is present on page 

2019-12-11 15:38:35 - [TEST_STEP][PASSED] - verifyTextPresent("Search through over", false): Text 'Search through over' is present on page 

2019-12-11 15:38:35 - [MESSAGE][PASSED] - Text 'Search through over' is present on page 

2019-12-11 15:38:35 - [TEST_STEP][PASSED] - verifyTextPresent("recommended, vetted and monitored trades and service providers for free.", false): Text 'recommended, vetted and monitored trades and service providers for free.' is present on page 

2019-12-11 15:38:35 - [MESSAGE][PASSED] - Text 'recommended, vetted and monitored trades and service providers for free.' is present on page 

2019-12-11 15:38:35 - [TEST_STEP][PASSED] - verifyTextPresent("or look up a member by name", false): Text 'or look up a member by name' is present on page 

2019-12-11 15:38:35 - [MESSAGE][PASSED] - Text 'or look up a member by name' is present on page 

2019-12-11 15:38:35 - [TEST_STEP][PASSED] - verifyTextPresent("reviews published so far – thank you!", false): Text 'reviews published so far – thank you!' is present on page 

2019-12-11 15:38:36 - [MESSAGE][PASSED] - Text 'reviews published so far – thank you!' is present on page 

2019-12-11 15:38:36 - [TEST_STEP][PASSED] - "------------------------------------": null

2019-12-11 15:38:36 - [TEST_STEP][PASSED] - " NEW FOOTER Details - 10/12/2019": null

2019-12-11 15:38:36 - [TEST_STEP][PASSED] - verifyTextPresent("I need a trade or service", false): Text 'I need a trade or service' is present on page 

2019-12-11 15:38:36 - [MESSAGE][PASSED] - Text 'I need a trade or service' is present on page 

2019-12-11 15:38:36 - [TEST_STEP][PASSED] - verifyTextPresent("Every trader thoroughly checked and vetted", false): Text 'Every trader thoroughly checked and vetted' is present on page 

2019-12-11 15:38:36 - [MESSAGE][PASSED] - Text 'Every trader thoroughly checked and vetted' is present on page 

2019-12-11 15:38:36 - [TEST_STEP][PASSED] - verifyTextPresent("Find out more", false): Text 'Find out more' is present on page 

2019-12-11 15:38:36 - [MESSAGE][PASSED] - Text 'Find out more' is present on page 

2019-12-11 15:38:36 - [TEST_STEP][PASSED] - verifyTextPresent("I am a tradesman", false): Text 'I am a tradesman' is present on page 

2019-12-11 15:38:37 - [MESSAGE][PASSED] - Text 'I am a tradesman' is present on page 

2019-12-11 15:38:37 - [TEST_STEP][PASSED] - verifyTextPresent("Over a million visits to Checkatrade each month", false): Text 'Over a million visits to Checkatrade each month' is present on page 

2019-12-11 15:38:37 - [MESSAGE][PASSED] - Text 'Over a million visits to Checkatrade each month' is present on page 

2019-12-11 15:38:37 - [TEST_STEP][PASSED] - verifyTextPresent("Find out more", false): Text 'Find out more' is present on page 

2019-12-11 15:38:37 - [MESSAGE][PASSED] - Text 'Find out more' is present on page 

2019-12-11 15:38:37 - [TEST_STEP][PASSED] - "------------------------------------": null

2019-12-11 15:38:37 - [TEST_STEP][PASSED] - "FOOTER": null

2019-12-11 15:38:37 - [TEST_STEP][PASSED] - verifyTextPresent("Trades", false): Text 'Trades' is present on page 

2019-12-11 15:38:38 - [MESSAGE][PASSED] - Text 'Trades' is present on page 

2019-12-11 15:38:38 - [TEST_STEP][PASSED] - verifyTextPresent("Homeowner", false): Text 'Homeowner' is present on page 

2019-12-11 15:38:38 - [MESSAGE][PASSED] - Text 'Homeowner' is present on page 

2019-12-11 15:38:38 - [TEST_STEP][PASSED] - verifyTextPresent("Company", false): Text 'Company' is present on page 

2019-12-11 15:38:39 - [MESSAGE][PASSED] - Text 'Company' is present on page 

2019-12-11 15:38:39 - [TEST_STEP][PASSED] - "------------------------------------": null

2019-12-11 15:38:39 - [TEST_STEP][PASSED] - "Social Media": null

2019-12-11 15:38:39 - [TEST_STEP][PASSED] - verifyTextPresent("Follow Us On", false): Text 'Follow Us On' is present on page 

2019-12-11 15:38:39 - [MESSAGE][PASSED] - Text 'Follow Us On' is present on page 

2019-12-11 15:38:39 - [MESSAGE][PASSED] - Call Test Case 'Test Cases/Reusable_Test_Sequences/CAT_Home' successfully

2019-12-11 15:38:39 - [TEST_STEP][PASSED] - "---------------------------------------------------------------------": null

2019-12-11 15:38:39 - [TEST_STEP][PASSED] - " Select Search on Trader Name (or ID) From Home page/Search Screen   |": null

2019-12-11 15:38:39 - [TEST_STEP][PASSED] - callTestCase(findTestCase("Reusable_Test_Sequences/CAT_Click_Search_Trade_Name"), [:], CONTINUE_ON_FAILURE): Call Test Case 'Test Cases/Reusable_Test_Sequences/CAT_Click_Search_Trade_Name' successfully

2019-12-11 15:38:39 - [TEST_CASE][PASSED] - Test Cases/Reusable_Test_Sequences/CAT_Click_Search_Trade_Name: Test Cases/Reusable_Test_Sequences/CAT_Click_Search_Trade_Name

2019-12-11 15:38:39 - [TEST_STEP][PASSED] - click(findTestObject("Page_Checkatrade Find a tradesperson you can trust/a_or look up a member by name")): Object: 'Object Repository/Page_Checkatrade Find a tradesperson you can trust/a_or look up a member by name' is clicked on

2019-12-11 15:38:40 - [MESSAGE][PASSED] - Object: 'Object Repository/Page_Checkatrade Find a tradesperson you can trust/a_or look up a member by name' is clicked on

2019-12-11 15:38:40 - [TEST_STEP][PASSED] - waitForPageLoad(60): Wait for page load successfully

2019-12-11 15:38:40 - [MESSAGE][PASSED] - Wait for page load successfully

2019-12-11 15:38:40 - [MESSAGE][PASSED] - Call Test Case 'Test Cases/Reusable_Test_Sequences/CAT_Click_Search_Trade_Name' successfully

2019-12-11 15:38:40 - [TEST_STEP][PASSED] - "---------------------------------------": null

2019-12-11 15:38:40 - [TEST_STEP][PASSED] - " Enter Trader Name (or ID) to Search   |": null

2019-12-11 15:38:40 - [TEST_STEP][PASSED] - callTestCase(findTestCase("Reusable_Test_Sequences/CAT_Enter_Trade_Name"), [:], CONTINUE_ON_FAILURE): Call Test Case 'Test Cases/Reusable_Test_Sequences/CAT_Enter_Trade_Name' successfully

2019-12-11 15:38:40 - [TEST_CASE][PASSED] - Test Cases/Reusable_Test_Sequences/CAT_Enter_Trade_Name: Test Cases/Reusable_Test_Sequences/CAT_Enter_Trade_Name

2019-12-11 15:38:40 - [TEST_STEP][PASSED] - setText(findTestObject("Page_Checkatrade Find a tradesperson you can trust/Trader_Name_To_Search"), findTestData("Search_CAT_ID_Data (1)").getValue("tradeName", row)): Text '381198' is set on object 'Object Repository/Page_Checkatrade Find a tradesperson you can trust/Trader_Name_To_Search'

2019-12-11 15:38:40 - [MESSAGE][PASSED] - Text '381198' is set on object 'Object Repository/Page_Checkatrade Find a tradesperson you can trust/Trader_Name_To_Search'

2019-12-11 15:38:40 - [MESSAGE][PASSED] - Call Test Case 'Test Cases/Reusable_Test_Sequences/CAT_Enter_Trade_Name' successfully

2019-12-11 15:38:40 - [TEST_STEP][PASSED] - "---------------------------------------": null

2019-12-11 15:38:40 - [TEST_STEP][PASSED] - " Search Trader Name (or ID)            |": null

2019-12-11 15:38:40 - [TEST_STEP][PASSED] - callTestCase(findTestCase("Reusable_Test_Sequences/CAT_Search_Trade_Name"), [:], CONTINUE_ON_FAILURE): Call Test Case 'Test Cases/Reusable_Test_Sequences/CAT_Search_Trade_Name' successfully

2019-12-11 15:38:40 - [TEST_CASE][PASSED] - Test Cases/Reusable_Test_Sequences/CAT_Search_Trade_Name: Test Cases/Reusable_Test_Sequences/CAT_Search_Trade_Name

2019-12-11 15:38:40 - [TEST_STEP][PASSED] - "Hit Search Trade Person by Name (or CAT ID) after parameters are entered": null

2019-12-11 15:38:40 - [TEST_STEP][PASSED] - waitForElementPresent(findTestObject("Page_Checkatrade Find a tradesperson you can trust/span_Trade_Name"), 60): Object 'Object Repository/Page_Checkatrade Find a tradesperson you can trust/span_Trade_Name' is present

2019-12-11 15:38:40 - [MESSAGE][PASSED] - Object 'Object Repository/Page_Checkatrade Find a tradesperson you can trust/span_Trade_Name' is present

2019-12-11 15:38:40 - [TEST_STEP][PASSED] - click(findTestObject("Page_Checkatrade Find a tradesperson you can trust/span_Trade_Name")): Object: 'Object Repository/Page_Checkatrade Find a tradesperson you can trust/span_Trade_Name' is clicked on

2019-12-11 15:38:43 - [MESSAGE][PASSED] - Object: 'Object Repository/Page_Checkatrade Find a tradesperson you can trust/span_Trade_Name' is clicked on

2019-12-11 15:38:43 - [TEST_STEP][PASSED] - delay(2): Delayed 2 second(s)

2019-12-11 15:38:45 - [MESSAGE][PASSED] - Delayed 2 second(s)

2019-12-11 15:38:45 - [TEST_STEP][PASSED] - waitForPageLoad(60): Wait for page load successfully

2019-12-11 15:38:45 - [MESSAGE][PASSED] - Wait for page load successfully

2019-12-11 15:38:45 - [MESSAGE][PASSED] - Call Test Case 'Test Cases/Reusable_Test_Sequences/CAT_Search_Trade_Name' successfully

2019-12-11 15:38:45 - [TEST_STEP][PASSED] - "------------------------------------------": null

2019-12-11 15:38:45 - [TEST_STEP][PASSED] - " Scroll to Page Footer to Reveal Results  |": null

2019-12-11 15:38:45 - [TEST_STEP][PASSED] - callTestCase(findTestCase("Reusable_Test_Sequences/CAT_Scroll_to_Footer"), [:], CONTINUE_ON_FAILURE): Call Test Case 'Test Cases/Reusable_Test_Sequences/CAT_Scroll_to_Footer' successfully

2019-12-11 15:38:45 - [TEST_CASE][PASSED] - Test Cases/Reusable_Test_Sequences/CAT_Scroll_to_Footer: Test Cases/Reusable_Test_Sequences/CAT_Scroll_to_Footer

2019-12-11 15:38:45 - [TEST_STEP][PASSED] - "-----------------------------------------------------": null

2019-12-11 15:38:45 - [TEST_STEP][PASSED] - " Major changes factored into function 05/12/2019     |": null

2019-12-11 15:38:45 - [TEST_STEP][PASSED] - "-----------------------------------------------------": null

2019-12-11 15:38:45 - [TEST_STEP][PASSED] - "Animation Removed ": null

2019-12-11 15:38:45 - [TEST_STEP][PASSED] - "Scroll - To Footer on the bottom of the page (sometime off the screen) ": null

2019-12-11 15:38:45 - [TEST_STEP][PASSED] - waitForPageLoad(60): Wait for page load successfully

2019-12-11 15:38:45 - [MESSAGE][PASSED] - Wait for page load successfully

2019-12-11 15:38:45 - [TEST_STEP][PASSED] - scrollToPosition(999, 999): Browser is scrolled to position x = 999, y = 999

2019-12-11 15:38:45 - [MESSAGE][PASSED] - Browser is scrolled to position x = 999, y = 999

2019-12-11 15:38:45 - [TEST_STEP][PASSED] - delay(1): Delayed 1 second(s)

2019-12-11 15:38:46 - [MESSAGE][PASSED] - Delayed 1 second(s)

2019-12-11 15:38:46 - [MESSAGE][PASSED] - Call Test Case 'Test Cases/Reusable_Test_Sequences/CAT_Scroll_to_Footer' successfully

2019-12-11 15:38:46 - [TEST_STEP][PASSED] - "------------------------------------------": null

2019-12-11 15:38:46 - [TEST_STEP][PASSED] - " Verify Correct Location is Returned     |": null

2019-12-11 15:38:46 - [TEST_STEP][PASSED] - callTestCase(findTestCase("Reusable_Test_Sequences/CAT_Verification_Location"), [:], CONTINUE_ON_FAILURE): Call Test Case 'Test Cases/Reusable_Test_Sequences/CAT_Verification_Location' successfully

2019-12-11 15:38:46 - [TEST_CASE][PASSED] - Test Cases/Reusable_Test_Sequences/CAT_Verification_Location: Test Cases/Reusable_Test_Sequences/CAT_Verification_Location

2019-12-11 15:38:46 - [TEST_STEP][PASSED] - verifyTextPresent(findTestData("Search_CAT_ID_Data (1)").getValue("tradeNameLocationVerification", row), false): Text 'Bognor Regis' is present on page 

2019-12-11 15:38:47 - [MESSAGE][PASSED] - Text 'Bognor Regis' is present on page 

2019-12-11 15:38:47 - [MESSAGE][PASSED] - Call Test Case 'Test Cases/Reusable_Test_Sequences/CAT_Verification_Location' successfully

2019-12-11 15:38:47 - [TEST_STEP][PASSED] - "------------------------------------------": null

2019-12-11 15:38:47 - [TEST_STEP][PASSED] - " Verify Primary Contact is Returned     |": null

2019-12-11 15:38:47 - [TEST_STEP][PASSED] - callTestCase(findTestCase("Reusable_Test_Sequences/CAT_Verification_Primary_Contact"), [:], CONTINUE_ON_FAILURE): Call Test Case 'Test Cases/Reusable_Test_Sequences/CAT_Verification_Primary_Contact' successfully

2019-12-11 15:38:47 - [TEST_CASE][PASSED] - Test Cases/Reusable_Test_Sequences/CAT_Verification_Primary_Contact: Test Cases/Reusable_Test_Sequences/CAT_Verification_Primary_Contact

2019-12-11 15:38:47 - [TEST_STEP][PASSED] - verifyTextPresent(findTestData("Search_CAT_ID_Data (1)").getValue("primeContact", row), false): Text 'Mr Scott Heyburn' is present on page 

2019-12-11 15:38:48 - [MESSAGE][PASSED] - Text 'Mr Scott Heyburn' is present on page 

2019-12-11 15:38:48 - [MESSAGE][PASSED] - Call Test Case 'Test Cases/Reusable_Test_Sequences/CAT_Verification_Primary_Contact' successfully

2019-12-11 15:38:48 - [TEST_STEP][PASSED] - "--------------------------": null

2019-12-11 15:38:48 - [TEST_STEP][PASSED] - " Teardown - CLose Browser |": null

2019-12-11 15:38:48 - [TEST_STEP][PASSED] - callTestCase(findTestCase("Reusable_Test_Sequences/CAT_Teardown"), [:], OPTIONAL): Call Test Case 'Test Cases/Reusable_Test_Sequences/CAT_Teardown' successfully

2019-12-11 15:38:48 - [TEST_CASE][PASSED] - Test Cases/Reusable_Test_Sequences/CAT_Teardown: Test Cases/Reusable_Test_Sequences/CAT_Teardown

2019-12-11 15:38:48 - [TEST_STEP][PASSED] - closeBrowser(): Browser is closed

2019-12-11 15:38:50 - [MESSAGE][PASSED] - Browser is closed

2019-12-11 15:38:50 - [MESSAGE][PASSED] - Call Test Case 'Test Cases/Reusable_Test_Sequences/CAT_Teardown' successfully]]></system-out>
         <system-err><![CDATA[]]></system-err>
      </testcase>
      <system-out><![CDATA[2019-12-11 15:36:01 - [TEST_SUITE][PASSED] - Trade_Name_Multiple_Search: Test Cases/Checkatrade_Tradesman_Searches/Trade_Name_Search_Multiple]]></system-out>
      <system-err><![CDATA[]]></system-err>
   </testsuite>
</testsuites>
