<?xml version="1.0" encoding="UTF-8"?>
<testsuites name="Web_Office_Reports" time="953.137" tests="12" failures="0" errors="0">
   <testsuite name="Web_Office_Reports" tests="12" failures="0" errors="0" time="953.137" timestamp="2020-04-20 13:19:35" hostname="DavidHo - 192.168.1.238" id="Test Suites/Web_Office_Reports">
      <properties>
         <property name="deviceName" value=""/>
         <property name="devicePlatform" value=""/>
         <property name="logFolder" value="C:\\Users\\davidho\\git\\src\\Reports\\20200420_131911\\Web_Office_Reports\\20200420_131911"/>
         <property name="logFiles" value="C:\\Users\\davidho\\git\\src\\Reports\\20200420_131911\\Web_Office_Reports\\20200420_131911\\execution0.log"/>
         <property name="attachments" value=""/>
         <property name="hostName" value="DavidHo - 192.168.1.238"/>
         <property name="os" value="Windows 10 32bit"/>
         <property name="katalonVersion" value="7.3.1.1"/>
         <property name="browser" value="Chrome 81.0.4044.113"/>
         <property name="hostAddress" value="192.168.1.238"/>
         <property name="sessionId" value="24f539ee0036a41dacbf60662b06a811"/>
         <property name="seleniumVersion" value="3.141.59"/>
         <property name="proxyInformation" value="ProxyInformation{proxyOption=NO_PROXY, proxyServerType=HTTP, password=, proxyServerAddress=, proxyServerPort=0, executionList=}"/>
         <property name="platform" value="Windows 10"/>
      </properties>
      <testcase name="Test Cases/Web_Office/Reports/Web_Activity" time="44.364" classname="Test Cases/Web_Office/Reports/Web_Activity" status="PASSED">
         <system-out><![CDATA[2020-04-20 13:19:35 - [TEST_CASE][PASSED] - Test Cases/Web_Office/Reports/Web_Activity: Test Cases/Web_Office/Reports/Web_Activity

2020-04-20 13:19:35 - [TEST_STEP][PASSED] - "--------------------------------------": null

2020-04-20 13:19:35 - [TEST_STEP][PASSED] - " Web Office StartUp                  |": null

2020-04-20 13:19:35 - [TEST_STEP][PASSED] - callTestCase(findTestCase("Reusable_Test_Sequences/Web_Office/Directives/WebOffice_StartUp"), [:], STOP_ON_FAILURE): Call Test Case 'Test Cases/Reusable_Test_Sequences/Web_Office/Directives/WebOffice_StartUp' successfully

2020-04-20 13:19:35 - [TEST_CASE][PASSED] - Test Cases/Reusable_Test_Sequences/Web_Office/Directives/WebOffice_StartUp: Test Cases/Reusable_Test_Sequences/Web_Office/Directives/WebOffice_StartUp

2020-04-20 13:19:36 - [TEST_STEP][PASSED] - "-----------------------------------------------------------------------------": null

2020-04-20 13:19:36 - [TEST_STEP][PASSED] - if (URL == "https://www.dev.checkatrade.com/"): null

2020-04-20 13:19:36 - [TEST_STEP][PASSED] - "-----------------------------------------------------------------------------": null

2020-04-20 13:19:36 - [TEST_STEP][PASSED] - if (URL == "https://www.checkatrade.com/"): null

2020-04-20 13:19:36 - [TEST_STEP][PASSED] - "-----------------------------------------------------------------------------": null

2020-04-20 13:19:36 - [TEST_STEP][PASSED] - if (URL == "https://www.preview.checkatrade.com/"): null

2020-04-20 13:19:36 - [TEST_STEP][PASSED] - WebOfficeURL = "https://admin.preview.checkatrade.com/": null

2020-04-20 13:19:36 - [TEST_STEP][PASSED] - if (URL == "https://www.dev2.checkatrade.com/"): null

2020-04-20 13:19:36 - [TEST_STEP][PASSED] - "Set Function Area for "URL_Handler", URL Resolution": null

2020-04-20 13:19:36 - [TEST_STEP][PASSED] - "Do Some Magic with URL(s) See the comments within URL Handler ": null

2020-04-20 13:19:36 - [TEST_STEP][PASSED] - "------------------------------------------------": null

2020-04-20 13:19:36 - [TEST_STEP][PASSED] - "Moved Login Credentials to <Default> profile 22/01/2020": null

2020-04-20 13:19:36 - [TEST_STEP][PASSED] - "------------------------------------------------": null

2020-04-20 13:19:36 - [TEST_STEP][PASSED] - "WebOfficeURL - Set from the ENVIRONMENT PROFILE ": null

2020-04-20 13:19:36 - [TEST_STEP][PASSED] - "OPEN BROWSER": null

2020-04-20 13:19:36 - [TEST_STEP][PASSED] - "eg - https://admin.preview.checkatrade.com/  ": null

2020-04-20 13:19:36 - [TEST_STEP][PASSED] - openBrowser(WebOfficeURL): Browser is opened with url: 'https://admin.preview.checkatrade.com/'

2020-04-20 13:19:37 - [MESSAGE][INFO] - Starting 'Chrome' driver

2020-04-20 13:19:37 - [MESSAGE][INFO] - Action delay is set to 0 milliseconds

2020-04-20 13:19:43 - [MESSAGE][PASSED] - Browser is opened with url: 'https://admin.preview.checkatrade.com/'

2020-04-20 13:19:43 - [TEST_STEP][PASSED] - maximizeWindow(): Current window maximized

2020-04-20 13:19:45 - [MESSAGE][PASSED] - Current window maximized

2020-04-20 13:19:45 - [TEST_STEP][PASSED] - waitForElementClickable(findTestObject("Object Repository/WebOffice/Page_Checkatrade - Administration - Login/Login_Button"), 25): Object 'Object Repository/WebOffice/Page_Checkatrade - Administration - Login/Login_Button' is clickable

2020-04-20 13:19:45 - [MESSAGE][PASSED] - Object 'Object Repository/WebOffice/Page_Checkatrade - Administration - Login/Login_Button' is clickable

2020-04-20 13:19:45 - [TEST_STEP][PASSED] - verifyTextPresent("Checkatrade Web Office", false): Text 'Checkatrade Web Office' is present on page 

2020-04-20 13:19:45 - [MESSAGE][PASSED] - Text 'Checkatrade Web Office' is present on page 

2020-04-20 13:19:45 - [TEST_STEP][PASSED] - verifyTextPresent("Access for staff use only", false): Text 'Access for staff use only' is present on page 

2020-04-20 13:19:45 - [MESSAGE][PASSED] - Text 'Access for staff use only' is present on page 

2020-04-20 13:19:45 - [TEST_STEP][PASSED] - verifyTextPresent("Forgotten password?", false): Text 'Forgotten password?' is present on page 

2020-04-20 13:19:45 - [MESSAGE][PASSED] - Text 'Forgotten password?' is present on page 

2020-04-20 13:19:45 - [TEST_STEP][PASSED] - setText(findTestObject("Object Repository/WebOffice/Page_Checkatrade - Administration - Login/input_Username_LoginControlUserName"), wo_Username): Text 'DavidHo' is set on object 'Object Repository/WebOffice/Page_Checkatrade - Administration - Login/input_Username_LoginControlUserName'

2020-04-20 13:19:46 - [MESSAGE][PASSED] - Text 'DavidHo' is set on object 'Object Repository/WebOffice/Page_Checkatrade - Administration - Login/input_Username_LoginControlUserName'

2020-04-20 13:19:46 - [TEST_STEP][PASSED] - setText(findTestObject("Object Repository/WebOffice/Page_Checkatrade - Administration - Login/input_Password_LoginControlPassword"), wo_Password): Text 'Check123' is set on object 'Object Repository/WebOffice/Page_Checkatrade - Administration - Login/input_Password_LoginControlPassword'

2020-04-20 13:19:46 - [MESSAGE][PASSED] - Text 'Check123' is set on object 'Object Repository/WebOffice/Page_Checkatrade - Administration - Login/input_Password_LoginControlPassword'

2020-04-20 13:19:46 - [TEST_STEP][PASSED] - click(findTestObject("Object Repository/WebOffice/Page_Checkatrade - Administration - Login/Login_Button")): Object: 'Object Repository/WebOffice/Page_Checkatrade - Administration - Login/Login_Button' is clicked on

2020-04-20 13:19:47 - [MESSAGE][PASSED] - Object: 'Object Repository/WebOffice/Page_Checkatrade - Administration - Login/Login_Button' is clicked on

2020-04-20 13:19:47 - [TEST_STEP][PASSED] - waitForPageLoad(60): Wait for page load successfully

2020-04-20 13:19:47 - [MESSAGE][PASSED] - Wait for page load successfully

2020-04-20 13:19:47 - [TEST_STEP][PASSED] - verifyTextPresent("Welcome " + wo_Username, false): Text 'Welcome DavidHo' is present on page 

2020-04-20 13:19:47 - [MESSAGE][PASSED] - Text 'Welcome DavidHo' is present on page 

2020-04-20 13:19:47 - [MESSAGE][PASSED] - Call Test Case 'Test Cases/Reusable_Test_Sequences/Web_Office/Directives/WebOffice_StartUp' successfully

2020-04-20 13:19:47 - [TEST_STEP][PASSED] - "-----------------------------------------------------------------": null

2020-04-20 13:19:47 - [TEST_STEP][PASSED] - " Navigate to <Settings->Checkatrade.Com->Sub Item> Menu Item     |": null

2020-04-20 13:19:47 - [TEST_STEP][PASSED] - callTestCase(findTestCase("Reusable_Test_Sequences/Web_Office/Navigation/Sub_Menu_Navigation/Reports/Web_Activity"), [:], STOP_ON_FAILURE): Call Test Case 'Test Cases/Reusable_Test_Sequences/Web_Office/Navigation/Sub_Menu_Navigation/Reports/Web_Activity' successfully

2020-04-20 13:19:47 - [TEST_CASE][PASSED] - Test Cases/Reusable_Test_Sequences/Web_Office/Navigation/Sub_Menu_Navigation/Reports/Web_Activity: Test Cases/Reusable_Test_Sequences/Web_Office/Navigation/Sub_Menu_Navigation/Reports/Web_Activity

2020-04-20 13:19:48 - [TEST_STEP][PASSED] - "--------------------------------------": null

2020-04-20 13:19:48 - [TEST_STEP][PASSED] - " Navigate Top level menu Item         |": null

2020-04-20 13:19:48 - [TEST_STEP][PASSED] - waitForPageLoad(60): Wait for page load successfully

2020-04-20 13:19:48 - [MESSAGE][PASSED] - Wait for page load successfully

2020-04-20 13:19:48 - [TEST_STEP][PASSED] - waitForElementClickable(findTestObject("Object Repository/WebOffice_Home_page/a_Reports"), 60): Object 'Object Repository/WebOffice_Home_page/a_Reports' is clickable

2020-04-20 13:19:48 - [MESSAGE][PASSED] - Object 'Object Repository/WebOffice_Home_page/a_Reports' is clickable

2020-04-20 13:19:48 - [TEST_STEP][PASSED] - mouseOver(findTestObject("Object Repository/WebOffice_Home_page/a_Reports")): Object: 'Object Repository/WebOffice_Home_page/a_Reports' is hovered

2020-04-20 13:19:49 - [MESSAGE][PASSED] - Object: 'Object Repository/WebOffice_Home_page/a_Reports' is hovered

2020-04-20 13:19:49 - [TEST_STEP][PASSED] - waitForPageLoad(5): Wait for page load successfully

2020-04-20 13:19:49 - [MESSAGE][PASSED] - Wait for page load successfully

2020-04-20 13:19:49 - [TEST_STEP][PASSED] - waitForElementClickable(findTestObject("Object Repository/WebOffice_Home_page/a_Web Activity"), 5): Object 'Object Repository/WebOffice_Home_page/a_Web Activity' is clickable

2020-04-20 13:19:49 - [MESSAGE][PASSED] - Object 'Object Repository/WebOffice_Home_page/a_Web Activity' is clickable

2020-04-20 13:19:49 - [TEST_STEP][PASSED] - click(findTestObject("Object Repository/WebOffice_Home_page/a_Web Activity")): Object: 'Object Repository/WebOffice_Home_page/a_Web Activity' is clicked on

2020-04-20 13:20:13 - [MESSAGE][PASSED] - Object: 'Object Repository/WebOffice_Home_page/a_Web Activity' is clicked on

2020-04-20 13:20:13 - [MESSAGE][PASSED] - Call Test Case 'Test Cases/Reusable_Test_Sequences/Web_Office/Navigation/Sub_Menu_Navigation/Reports/Web_Activity' successfully

2020-04-20 13:20:13 - [TEST_STEP][PASSED] - "--------------------------------------": null

2020-04-20 13:20:13 - [TEST_STEP][PASSED] - " Verify Returned Page Detail          |": null

2020-04-20 13:20:13 - [TEST_STEP][PASSED] - callTestCase(findTestCase("Reusable_Test_Sequences/Web_Office/Verification/Reports/Web_Activity"), [:], OPTIONAL): Call Test Case 'Test Cases/Reusable_Test_Sequences/Web_Office/Verification/Reports/Web_Activity' successfully

2020-04-20 13:20:13 - [TEST_CASE][PASSED] - Test Cases/Reusable_Test_Sequences/Web_Office/Verification/Reports/Web_Activity: Test Cases/Reusable_Test_Sequences/Web_Office/Verification/Reports/Web_Activity

2020-04-20 13:20:14 - [TEST_STEP][PASSED] - waitForPageLoad(120): Wait for page load successfully

2020-04-20 13:20:14 - [MESSAGE][PASSED] - Wait for page load successfully

2020-04-20 13:20:14 - [TEST_STEP][PASSED] - delay(1): Delayed 1 second(s)

2020-04-20 13:20:15 - [MESSAGE][PASSED] - Delayed 1 second(s)

2020-04-20 13:20:15 - [TEST_STEP][PASSED] - verifyTextPresent("Web Activity", false): Text 'Web Activity' is present on page 

2020-04-20 13:20:15 - [MESSAGE][PASSED] - Text 'Web Activity' is present on page 

2020-04-20 13:20:15 - [TEST_STEP][PASSED] - "----------------------------------------------": null

2020-04-20 13:20:15 - [TEST_STEP][PASSED] - verifyTextPresent("Recent Searches", false): Text 'Recent Searches' is present on page 

2020-04-20 13:20:15 - [MESSAGE][PASSED] - Text 'Recent Searches' is present on page 

2020-04-20 13:20:15 - [TEST_STEP][PASSED] - verifyTextPresent("Most Viewed Companies (in past 7 days)", false): Text 'Most Viewed Companies (in past 7 days)' is present on page 

2020-04-20 13:20:15 - [MESSAGE][PASSED] - Text 'Most Viewed Companies (in past 7 days)' is present on page 

2020-04-20 13:20:15 - [TEST_STEP][PASSED] - "----------------------------------------------": null

2020-04-20 13:20:15 - [TEST_STEP][PASSED] - "----------------------------------------------": null

2020-04-20 13:20:15 - [TEST_STEP][PASSED] - verifyTextPresent("Search on", false): Text 'Search on' is present on page 

2020-04-20 13:20:15 - [MESSAGE][PASSED] - Text 'Search on' is present on page 

2020-04-20 13:20:15 - [TEST_STEP][PASSED] - verifyTextPresent("Search for", false): Text 'Search for' is present on page 

2020-04-20 13:20:16 - [MESSAGE][PASSED] - Text 'Search for' is present on page 

2020-04-20 13:20:16 - [TEST_STEP][PASSED] - verifyTextPresent("In", false): Text 'In' is present on page 

2020-04-20 13:20:16 - [MESSAGE][PASSED] - Text 'In' is present on page 

2020-04-20 13:20:16 - [TEST_STEP][PASSED] - verifyTextPresent("No. Results", false): Text 'No. Results' is present on page 

2020-04-20 13:20:16 - [MESSAGE][PASSED] - Text 'No. Results' is present on page 

2020-04-20 13:20:16 - [TEST_STEP][PASSED] - verifyTextPresent("Company", false): Text 'Company' is present on page 

2020-04-20 13:20:16 - [MESSAGE][PASSED] - Text 'Company' is present on page 

2020-04-20 13:20:16 - [TEST_STEP][PASSED] - verifyTextPresent("From Search", false): Text 'From Search' is present on page 

2020-04-20 13:20:17 - [MESSAGE][PASSED] - Text 'From Search' is present on page 

2020-04-20 13:20:17 - [TEST_STEP][PASSED] - verifyTextPresent("Checkatrade", false): Text 'Checkatrade' is present on page 

2020-04-20 13:20:17 - [MESSAGE][PASSED] - Text 'Checkatrade' is present on page 

2020-04-20 13:20:17 - [TEST_STEP][PASSED] - verifyTextPresent("External Link", false): Text 'External Link' is present on page 

2020-04-20 13:20:17 - [MESSAGE][PASSED] - Text 'External Link' is present on page 

2020-04-20 13:20:17 - [TEST_STEP][PASSED] - verifyTextPresent("Other", false): Text 'Other' is present on page 

2020-04-20 13:20:18 - [MESSAGE][PASSED] - Text 'Other' is present on page 

2020-04-20 13:20:18 - [TEST_STEP][PASSED] - verifyTextPresent("Total", false): Text 'Total' is present on page 

2020-04-20 13:20:18 - [MESSAGE][PASSED] - Text 'Total' is present on page 

2020-04-20 13:20:18 - [TEST_STEP][PASSED] - "----------------------------------------------": null

2020-04-20 13:20:18 - [TEST_STEP][PASSED] - verifyTextPresent("Foster Tree Care", false): Text 'Foster Tree Care' is present on page 

2020-04-20 13:20:18 - [MESSAGE][PASSED] - Text 'Foster Tree Care' is present on page 

2020-04-20 13:20:18 - [TEST_STEP][PASSED] - verifyTextPresent("Burton Electrical Services", false): Text 'Burton Electrical Services' is present on page 

2020-04-20 13:20:18 - [MESSAGE][PASSED] - Text 'Burton Electrical Services' is present on page 

2020-04-20 13:20:18 - [MESSAGE][PASSED] - Call Test Case 'Test Cases/Reusable_Test_Sequences/Web_Office/Verification/Reports/Web_Activity' successfully

2020-04-20 13:20:18 - [TEST_STEP][PASSED] - "--------------------------": null

2020-04-20 13:20:18 - [TEST_STEP][PASSED] - " Teardown - CLose Browser |": null

2020-04-20 13:20:18 - [TEST_STEP][PASSED] - callTestCase(findTestCase("Reusable_Test_Sequences/CAT_Teardown"), [:], OPTIONAL): Call Test Case 'Test Cases/Reusable_Test_Sequences/CAT_Teardown' successfully

2020-04-20 13:20:18 - [TEST_CASE][PASSED] - Test Cases/Reusable_Test_Sequences/CAT_Teardown: Test Cases/Reusable_Test_Sequences/CAT_Teardown

2020-04-20 13:20:18 - [TEST_STEP][PASSED] - closeBrowser(): Browser is closed

2020-04-20 13:20:19 - [MESSAGE][PASSED] - Browser is closed

2020-04-20 13:20:19 - [TEST_STEP][PASSED] - super.finalize(): null

2020-04-20 13:20:19 - [TEST_STEP][PASSED] - System.gc(): null

2020-04-20 13:20:19 - [MESSAGE][PASSED] - Call Test Case 'Test Cases/Reusable_Test_Sequences/CAT_Teardown' successfully]]></system-out>
         <system-err><![CDATA[]]></system-err>
      </testcase>
      <testcase name="Test Cases/Web_Office/Reports/Company_Views" time="19.779" classname="Test Cases/Web_Office/Reports/Company_Views" status="PASSED">
         <system-out><![CDATA[2020-04-20 13:20:19 - [TEST_CASE][PASSED] - Test Cases/Web_Office/Reports/Company_Views: Test Cases/Web_Office/Reports/Company_Views

2020-04-20 13:20:20 - [TEST_STEP][PASSED] - "--------------------------------------": null

2020-04-20 13:20:20 - [TEST_STEP][PASSED] - " Web Office StartUp                  |": null

2020-04-20 13:20:20 - [TEST_STEP][PASSED] - callTestCase(findTestCase("Reusable_Test_Sequences/Web_Office/Directives/WebOffice_StartUp"), [:], STOP_ON_FAILURE): Call Test Case 'Test Cases/Reusable_Test_Sequences/Web_Office/Directives/WebOffice_StartUp' successfully

2020-04-20 13:20:20 - [TEST_CASE][PASSED] - Test Cases/Reusable_Test_Sequences/Web_Office/Directives/WebOffice_StartUp: Test Cases/Reusable_Test_Sequences/Web_Office/Directives/WebOffice_StartUp

2020-04-20 13:20:20 - [TEST_STEP][PASSED] - "-----------------------------------------------------------------------------": null

2020-04-20 13:20:20 - [TEST_STEP][PASSED] - if (URL == "https://www.dev.checkatrade.com/"): null

2020-04-20 13:20:20 - [TEST_STEP][PASSED] - "-----------------------------------------------------------------------------": null

2020-04-20 13:20:20 - [TEST_STEP][PASSED] - if (URL == "https://www.checkatrade.com/"): null

2020-04-20 13:20:20 - [TEST_STEP][PASSED] - "-----------------------------------------------------------------------------": null

2020-04-20 13:20:20 - [TEST_STEP][PASSED] - if (URL == "https://www.preview.checkatrade.com/"): null

2020-04-20 13:20:20 - [TEST_STEP][PASSED] - WebOfficeURL = "https://admin.preview.checkatrade.com/": null

2020-04-20 13:20:20 - [TEST_STEP][PASSED] - if (URL == "https://www.dev2.checkatrade.com/"): null

2020-04-20 13:20:20 - [TEST_STEP][PASSED] - "Set Function Area for "URL_Handler", URL Resolution": null

2020-04-20 13:20:20 - [TEST_STEP][PASSED] - "Do Some Magic with URL(s) See the comments within URL Handler ": null

2020-04-20 13:20:20 - [TEST_STEP][PASSED] - "------------------------------------------------": null

2020-04-20 13:20:20 - [TEST_STEP][PASSED] - "Moved Login Credentials to <Default> profile 22/01/2020": null

2020-04-20 13:20:20 - [TEST_STEP][PASSED] - "------------------------------------------------": null

2020-04-20 13:20:20 - [TEST_STEP][PASSED] - "WebOfficeURL - Set from the ENVIRONMENT PROFILE ": null

2020-04-20 13:20:20 - [TEST_STEP][PASSED] - "OPEN BROWSER": null

2020-04-20 13:20:20 - [TEST_STEP][PASSED] - "eg - https://admin.preview.checkatrade.com/  ": null

2020-04-20 13:20:20 - [TEST_STEP][PASSED] - openBrowser(WebOfficeURL): Browser is opened with url: 'https://admin.preview.checkatrade.com/'

2020-04-20 13:20:20 - [MESSAGE][INFO] - Starting 'Chrome' driver

2020-04-20 13:20:20 - [MESSAGE][INFO] - Action delay is set to 0 milliseconds

2020-04-20 13:20:25 - [MESSAGE][PASSED] - Browser is opened with url: 'https://admin.preview.checkatrade.com/'

2020-04-20 13:20:25 - [TEST_STEP][PASSED] - maximizeWindow(): Current window maximized

2020-04-20 13:20:27 - [MESSAGE][PASSED] - Current window maximized

2020-04-20 13:20:27 - [TEST_STEP][PASSED] - waitForElementClickable(findTestObject("Object Repository/WebOffice/Page_Checkatrade - Administration - Login/Login_Button"), 25): Object 'Object Repository/WebOffice/Page_Checkatrade - Administration - Login/Login_Button' is clickable

2020-04-20 13:20:28 - [MESSAGE][PASSED] - Object 'Object Repository/WebOffice/Page_Checkatrade - Administration - Login/Login_Button' is clickable

2020-04-20 13:20:28 - [TEST_STEP][PASSED] - verifyTextPresent("Checkatrade Web Office", false): Text 'Checkatrade Web Office' is present on page 

2020-04-20 13:20:28 - [MESSAGE][PASSED] - Text 'Checkatrade Web Office' is present on page 

2020-04-20 13:20:28 - [TEST_STEP][PASSED] - verifyTextPresent("Access for staff use only", false): Text 'Access for staff use only' is present on page 

2020-04-20 13:20:28 - [MESSAGE][PASSED] - Text 'Access for staff use only' is present on page 

2020-04-20 13:20:28 - [TEST_STEP][PASSED] - verifyTextPresent("Forgotten password?", false): Text 'Forgotten password?' is present on page 

2020-04-20 13:20:28 - [MESSAGE][PASSED] - Text 'Forgotten password?' is present on page 

2020-04-20 13:20:28 - [TEST_STEP][PASSED] - setText(findTestObject("Object Repository/WebOffice/Page_Checkatrade - Administration - Login/input_Username_LoginControlUserName"), wo_Username): Text 'DavidHo' is set on object 'Object Repository/WebOffice/Page_Checkatrade - Administration - Login/input_Username_LoginControlUserName'

2020-04-20 13:20:28 - [MESSAGE][PASSED] - Text 'DavidHo' is set on object 'Object Repository/WebOffice/Page_Checkatrade - Administration - Login/input_Username_LoginControlUserName'

2020-04-20 13:20:28 - [TEST_STEP][PASSED] - setText(findTestObject("Object Repository/WebOffice/Page_Checkatrade - Administration - Login/input_Password_LoginControlPassword"), wo_Password): Text 'Check123' is set on object 'Object Repository/WebOffice/Page_Checkatrade - Administration - Login/input_Password_LoginControlPassword'

2020-04-20 13:20:28 - [MESSAGE][PASSED] - Text 'Check123' is set on object 'Object Repository/WebOffice/Page_Checkatrade - Administration - Login/input_Password_LoginControlPassword'

2020-04-20 13:20:28 - [TEST_STEP][PASSED] - click(findTestObject("Object Repository/WebOffice/Page_Checkatrade - Administration - Login/Login_Button")): Object: 'Object Repository/WebOffice/Page_Checkatrade - Administration - Login/Login_Button' is clicked on

2020-04-20 13:20:30 - [MESSAGE][PASSED] - Object: 'Object Repository/WebOffice/Page_Checkatrade - Administration - Login/Login_Button' is clicked on

2020-04-20 13:20:30 - [TEST_STEP][PASSED] - waitForPageLoad(60): Wait for page load successfully

2020-04-20 13:20:30 - [MESSAGE][PASSED] - Wait for page load successfully

2020-04-20 13:20:30 - [TEST_STEP][PASSED] - verifyTextPresent("Welcome " + wo_Username, false): Text 'Welcome DavidHo' is present on page 

2020-04-20 13:20:30 - [MESSAGE][PASSED] - Text 'Welcome DavidHo' is present on page 

2020-04-20 13:20:30 - [MESSAGE][PASSED] - Call Test Case 'Test Cases/Reusable_Test_Sequences/Web_Office/Directives/WebOffice_StartUp' successfully

2020-04-20 13:20:30 - [TEST_STEP][PASSED] - "-----------------------------------------------------------------": null

2020-04-20 13:20:30 - [TEST_STEP][PASSED] - " Navigate to <Settings->Checkatrade.Com->Sub Item> Menu Item     |": null

2020-04-20 13:20:30 - [TEST_STEP][PASSED] - callTestCase(findTestCase("Reusable_Test_Sequences/Web_Office/Navigation/Sub_Menu_Navigation/Reports/Company_Views"), [:], STOP_ON_FAILURE): Call Test Case 'Test Cases/Reusable_Test_Sequences/Web_Office/Navigation/Sub_Menu_Navigation/Reports/Company_Views' successfully

2020-04-20 13:20:30 - [TEST_CASE][PASSED] - Test Cases/Reusable_Test_Sequences/Web_Office/Navigation/Sub_Menu_Navigation/Reports/Company_Views: Test Cases/Reusable_Test_Sequences/Web_Office/Navigation/Sub_Menu_Navigation/Reports/Company_Views

2020-04-20 13:20:31 - [TEST_STEP][PASSED] - "--------------------------------------": null

2020-04-20 13:20:31 - [TEST_STEP][PASSED] - " Navigate Top level menu Item         |": null

2020-04-20 13:20:31 - [TEST_STEP][PASSED] - waitForPageLoad(60): Wait for page load successfully

2020-04-20 13:20:31 - [MESSAGE][PASSED] - Wait for page load successfully

2020-04-20 13:20:31 - [TEST_STEP][PASSED] - waitForElementClickable(findTestObject("Object Repository/WebOffice_Home_page/a_Reports"), 60): Object 'Object Repository/WebOffice_Home_page/a_Reports' is clickable

2020-04-20 13:20:31 - [MESSAGE][PASSED] - Object 'Object Repository/WebOffice_Home_page/a_Reports' is clickable

2020-04-20 13:20:31 - [TEST_STEP][PASSED] - mouseOver(findTestObject("Object Repository/WebOffice_Home_page/a_Reports")): Object: 'Object Repository/WebOffice_Home_page/a_Reports' is hovered

2020-04-20 13:20:31 - [MESSAGE][PASSED] - Object: 'Object Repository/WebOffice_Home_page/a_Reports' is hovered

2020-04-20 13:20:31 - [TEST_STEP][PASSED] - mouseOver(findTestObject("Object Repository/WebOffice_Home_page/Page_/a_Consumers")): Object: 'Object Repository/WebOffice_Home_page/Page_/a_Consumers' is hovered

2020-04-20 13:20:31 - [MESSAGE][PASSED] - Object: 'Object Repository/WebOffice_Home_page/Page_/a_Consumers' is hovered

2020-04-20 13:20:31 - [TEST_STEP][PASSED] - waitForPageLoad(5): Wait for page load successfully

2020-04-20 13:20:31 - [MESSAGE][PASSED] - Wait for page load successfully

2020-04-20 13:20:31 - [TEST_STEP][PASSED] - waitForElementClickable(findTestObject("Object Repository/WebOffice_Home_page/a_Company Views"), 5): Object 'Object Repository/WebOffice_Home_page/a_Company Views' is clickable

2020-04-20 13:20:31 - [MESSAGE][PASSED] - Object 'Object Repository/WebOffice_Home_page/a_Company Views' is clickable

2020-04-20 13:20:31 - [TEST_STEP][PASSED] - click(findTestObject("Object Repository/WebOffice_Home_page/a_Company Views")): Object: 'Object Repository/WebOffice_Home_page/a_Company Views' is clicked on

2020-04-20 13:20:32 - [MESSAGE][PASSED] - Object: 'Object Repository/WebOffice_Home_page/a_Company Views' is clicked on

2020-04-20 13:20:32 - [MESSAGE][PASSED] - Call Test Case 'Test Cases/Reusable_Test_Sequences/Web_Office/Navigation/Sub_Menu_Navigation/Reports/Company_Views' successfully

2020-04-20 13:20:32 - [TEST_STEP][PASSED] - "--------------------------------------": null

2020-04-20 13:20:32 - [TEST_STEP][PASSED] - " Verify Returned Page Detail          |": null

2020-04-20 13:20:32 - [TEST_STEP][PASSED] - callTestCase(findTestCase("Reusable_Test_Sequences/Web_Office/Verification/Reports/Company_Views"), [:], OPTIONAL): Call Test Case 'Test Cases/Reusable_Test_Sequences/Web_Office/Verification/Reports/Company_Views' successfully

2020-04-20 13:20:32 - [TEST_CASE][PASSED] - Test Cases/Reusable_Test_Sequences/Web_Office/Verification/Reports/Company_Views: Test Cases/Reusable_Test_Sequences/Web_Office/Verification/Reports/Company_Views

2020-04-20 13:20:33 - [TEST_STEP][PASSED] - waitForPageLoad(120): Wait for page load successfully

2020-04-20 13:20:33 - [MESSAGE][PASSED] - Wait for page load successfully

2020-04-20 13:20:33 - [TEST_STEP][PASSED] - delay(1): Delayed 1 second(s)

2020-04-20 13:20:34 - [MESSAGE][PASSED] - Delayed 1 second(s)

2020-04-20 13:20:34 - [TEST_STEP][PASSED] - verifyTextPresent("Company Viewing History", false): Text 'Company Viewing History' is present on page 

2020-04-20 13:20:34 - [MESSAGE][PASSED] - Text 'Company Viewing History' is present on page 

2020-04-20 13:20:34 - [TEST_STEP][PASSED] - "----------------------------------------------": null

2020-04-20 13:20:34 - [TEST_STEP][PASSED] - verifyTextPresent("From", false): Text 'From' is present on page 

2020-04-20 13:20:34 - [MESSAGE][PASSED] - Text 'From' is present on page 

2020-04-20 13:20:34 - [TEST_STEP][PASSED] - verifyTextPresent("Select Company", false): Text 'Select Company' is present on page 

2020-04-20 13:20:35 - [MESSAGE][PASSED] - Text 'Select Company' is present on page 

2020-04-20 13:20:35 - [TEST_STEP][PASSED] - "----------------------------------------------": null

2020-04-20 13:20:35 - [TEST_STEP][PASSED] - "----------------------------------------------": null

2020-04-20 13:20:35 - [TEST_STEP][PASSED] - verifyTextPresent("Company", false): Text 'Company' is present on page 

2020-04-20 13:20:35 - [MESSAGE][PASSED] - Text 'Company' is present on page 

2020-04-20 13:20:35 - [TEST_STEP][PASSED] - verifyTextPresent("From Search", false): Text 'From Search' is present on page 

2020-04-20 13:20:36 - [MESSAGE][PASSED] - Text 'From Search' is present on page 

2020-04-20 13:20:36 - [TEST_STEP][PASSED] - verifyTextPresent("Checkatrade", false): Text 'Checkatrade' is present on page 

2020-04-20 13:20:36 - [MESSAGE][PASSED] - Text 'Checkatrade' is present on page 

2020-04-20 13:20:36 - [TEST_STEP][PASSED] - verifyTextPresent("External Link", false): Text 'External Link' is present on page 

2020-04-20 13:20:36 - [MESSAGE][PASSED] - Text 'External Link' is present on page 

2020-04-20 13:20:36 - [TEST_STEP][PASSED] - verifyTextPresent("Other", false): Text 'Other' is present on page 

2020-04-20 13:20:37 - [MESSAGE][PASSED] - Text 'Other' is present on page 

2020-04-20 13:20:37 - [TEST_STEP][PASSED] - verifyTextPresent("Total", false): Text 'Total' is present on page 

2020-04-20 13:20:37 - [MESSAGE][PASSED] - Text 'Total' is present on page 

2020-04-20 13:20:37 - [TEST_STEP][PASSED] - "----------------------------------------------": null

2020-04-20 13:20:37 - [TEST_STEP][PASSED] - verifyTextPresent("Foster Tree Care", false): Text 'Foster Tree Care' is present on page 

2020-04-20 13:20:37 - [MESSAGE][PASSED] - Text 'Foster Tree Care' is present on page 

2020-04-20 13:20:37 - [MESSAGE][PASSED] - Call Test Case 'Test Cases/Reusable_Test_Sequences/Web_Office/Verification/Reports/Company_Views' successfully

2020-04-20 13:20:37 - [TEST_STEP][PASSED] - "--------------------------": null

2020-04-20 13:20:37 - [TEST_STEP][PASSED] - " Teardown - CLose Browser |": null

2020-04-20 13:20:37 - [TEST_STEP][PASSED] - callTestCase(findTestCase("Reusable_Test_Sequences/CAT_Teardown"), [:], OPTIONAL): Call Test Case 'Test Cases/Reusable_Test_Sequences/CAT_Teardown' successfully

2020-04-20 13:20:37 - [TEST_CASE][PASSED] - Test Cases/Reusable_Test_Sequences/CAT_Teardown: Test Cases/Reusable_Test_Sequences/CAT_Teardown

2020-04-20 13:20:37 - [TEST_STEP][PASSED] - closeBrowser(): Browser is closed

2020-04-20 13:20:39 - [MESSAGE][PASSED] - Browser is closed

2020-04-20 13:20:39 - [TEST_STEP][PASSED] - super.finalize(): null

2020-04-20 13:20:39 - [TEST_STEP][PASSED] - System.gc(): null

2020-04-20 13:20:39 - [MESSAGE][PASSED] - Call Test Case 'Test Cases/Reusable_Test_Sequences/CAT_Teardown' successfully]]></system-out>
         <system-err><![CDATA[]]></system-err>
      </testcase>
      <testcase name="Test Cases/Web_Office/Reports/Company_Website_Status_Changes" time="24.987" classname="Test Cases/Web_Office/Reports/Company_Website_Status_Changes" status="PASSED">
         <system-out><![CDATA[2020-04-20 13:20:39 - [TEST_CASE][PASSED] - Test Cases/Web_Office/Reports/Company_Website_Status_Changes: Test Cases/Web_Office/Reports/Company_Website_Status_Changes

2020-04-20 13:20:39 - [TEST_STEP][PASSED] - "--------------------------------------": null

2020-04-20 13:20:39 - [TEST_STEP][PASSED] - " Web Office StartUp                  |": null

2020-04-20 13:20:39 - [TEST_STEP][PASSED] - callTestCase(findTestCase("Reusable_Test_Sequences/Web_Office/Directives/WebOffice_StartUp"), [:], STOP_ON_FAILURE): Call Test Case 'Test Cases/Reusable_Test_Sequences/Web_Office/Directives/WebOffice_StartUp' successfully

2020-04-20 13:20:40 - [TEST_CASE][PASSED] - Test Cases/Reusable_Test_Sequences/Web_Office/Directives/WebOffice_StartUp: Test Cases/Reusable_Test_Sequences/Web_Office/Directives/WebOffice_StartUp

2020-04-20 13:20:40 - [TEST_STEP][PASSED] - "-----------------------------------------------------------------------------": null

2020-04-20 13:20:40 - [TEST_STEP][PASSED] - if (URL == "https://www.dev.checkatrade.com/"): null

2020-04-20 13:20:40 - [TEST_STEP][PASSED] - "-----------------------------------------------------------------------------": null

2020-04-20 13:20:40 - [TEST_STEP][PASSED] - if (URL == "https://www.checkatrade.com/"): null

2020-04-20 13:20:40 - [TEST_STEP][PASSED] - "-----------------------------------------------------------------------------": null

2020-04-20 13:20:40 - [TEST_STEP][PASSED] - if (URL == "https://www.preview.checkatrade.com/"): null

2020-04-20 13:20:40 - [TEST_STEP][PASSED] - WebOfficeURL = "https://admin.preview.checkatrade.com/": null

2020-04-20 13:20:40 - [TEST_STEP][PASSED] - if (URL == "https://www.dev2.checkatrade.com/"): null

2020-04-20 13:20:40 - [TEST_STEP][PASSED] - "Set Function Area for "URL_Handler", URL Resolution": null

2020-04-20 13:20:40 - [TEST_STEP][PASSED] - "Do Some Magic with URL(s) See the comments within URL Handler ": null

2020-04-20 13:20:40 - [TEST_STEP][PASSED] - "------------------------------------------------": null

2020-04-20 13:20:40 - [TEST_STEP][PASSED] - "Moved Login Credentials to <Default> profile 22/01/2020": null

2020-04-20 13:20:40 - [TEST_STEP][PASSED] - "------------------------------------------------": null

2020-04-20 13:20:40 - [TEST_STEP][PASSED] - "WebOfficeURL - Set from the ENVIRONMENT PROFILE ": null

2020-04-20 13:20:40 - [TEST_STEP][PASSED] - "OPEN BROWSER": null

2020-04-20 13:20:40 - [TEST_STEP][PASSED] - "eg - https://admin.preview.checkatrade.com/  ": null

2020-04-20 13:20:40 - [TEST_STEP][PASSED] - openBrowser(WebOfficeURL): Browser is opened with url: 'https://admin.preview.checkatrade.com/'

2020-04-20 13:20:40 - [MESSAGE][INFO] - Starting 'Chrome' driver

2020-04-20 13:20:40 - [MESSAGE][INFO] - Action delay is set to 0 milliseconds

2020-04-20 13:20:44 - [MESSAGE][PASSED] - Browser is opened with url: 'https://admin.preview.checkatrade.com/'

2020-04-20 13:20:44 - [TEST_STEP][PASSED] - maximizeWindow(): Current window maximized

2020-04-20 13:20:47 - [MESSAGE][PASSED] - Current window maximized

2020-04-20 13:20:47 - [TEST_STEP][PASSED] - waitForElementClickable(findTestObject("Object Repository/WebOffice/Page_Checkatrade - Administration - Login/Login_Button"), 25): Object 'Object Repository/WebOffice/Page_Checkatrade - Administration - Login/Login_Button' is clickable

2020-04-20 13:20:47 - [MESSAGE][PASSED] - Object 'Object Repository/WebOffice/Page_Checkatrade - Administration - Login/Login_Button' is clickable

2020-04-20 13:20:47 - [TEST_STEP][PASSED] - verifyTextPresent("Checkatrade Web Office", false): Text 'Checkatrade Web Office' is present on page 

2020-04-20 13:20:47 - [MESSAGE][PASSED] - Text 'Checkatrade Web Office' is present on page 

2020-04-20 13:20:47 - [TEST_STEP][PASSED] - verifyTextPresent("Access for staff use only", false): Text 'Access for staff use only' is present on page 

2020-04-20 13:20:47 - [MESSAGE][PASSED] - Text 'Access for staff use only' is present on page 

2020-04-20 13:20:47 - [TEST_STEP][PASSED] - verifyTextPresent("Forgotten password?", false): Text 'Forgotten password?' is present on page 

2020-04-20 13:20:47 - [MESSAGE][PASSED] - Text 'Forgotten password?' is present on page 

2020-04-20 13:20:47 - [TEST_STEP][PASSED] - setText(findTestObject("Object Repository/WebOffice/Page_Checkatrade - Administration - Login/input_Username_LoginControlUserName"), wo_Username): Text 'DavidHo' is set on object 'Object Repository/WebOffice/Page_Checkatrade - Administration - Login/input_Username_LoginControlUserName'

2020-04-20 13:20:47 - [MESSAGE][PASSED] - Text 'DavidHo' is set on object 'Object Repository/WebOffice/Page_Checkatrade - Administration - Login/input_Username_LoginControlUserName'

2020-04-20 13:20:47 - [TEST_STEP][PASSED] - setText(findTestObject("Object Repository/WebOffice/Page_Checkatrade - Administration - Login/input_Password_LoginControlPassword"), wo_Password): Text 'Check123' is set on object 'Object Repository/WebOffice/Page_Checkatrade - Administration - Login/input_Password_LoginControlPassword'

2020-04-20 13:20:47 - [MESSAGE][PASSED] - Text 'Check123' is set on object 'Object Repository/WebOffice/Page_Checkatrade - Administration - Login/input_Password_LoginControlPassword'

2020-04-20 13:20:47 - [TEST_STEP][PASSED] - click(findTestObject("Object Repository/WebOffice/Page_Checkatrade - Administration - Login/Login_Button")): Object: 'Object Repository/WebOffice/Page_Checkatrade - Administration - Login/Login_Button' is clicked on

2020-04-20 13:20:48 - [MESSAGE][PASSED] - Object: 'Object Repository/WebOffice/Page_Checkatrade - Administration - Login/Login_Button' is clicked on

2020-04-20 13:20:48 - [TEST_STEP][PASSED] - waitForPageLoad(60): Wait for page load successfully

2020-04-20 13:20:48 - [MESSAGE][PASSED] - Wait for page load successfully

2020-04-20 13:20:48 - [TEST_STEP][PASSED] - verifyTextPresent("Welcome " + wo_Username, false): Text 'Welcome DavidHo' is present on page 

2020-04-20 13:20:48 - [MESSAGE][PASSED] - Text 'Welcome DavidHo' is present on page 

2020-04-20 13:20:48 - [MESSAGE][PASSED] - Call Test Case 'Test Cases/Reusable_Test_Sequences/Web_Office/Directives/WebOffice_StartUp' successfully

2020-04-20 13:20:48 - [TEST_STEP][PASSED] - "-----------------------------------------------------------------": null

2020-04-20 13:20:48 - [TEST_STEP][PASSED] - " Navigate to <Settings->Checkatrade.Com->Sub Item> Menu Item     |": null

2020-04-20 13:20:48 - [TEST_STEP][PASSED] - callTestCase(findTestCase("Reusable_Test_Sequences/Web_Office/Navigation/Sub_Menu_Navigation/Reports/Company_Website_Status_Changes"), [:], STOP_ON_FAILURE): Call Test Case 'Test Cases/Reusable_Test_Sequences/Web_Office/Navigation/Sub_Menu_Navigation/Reports/Company_Website_Status_Changes' successfully

2020-04-20 13:20:48 - [TEST_CASE][PASSED] - Test Cases/Reusable_Test_Sequences/Web_Office/Navigation/Sub_Menu_Navigation/Reports/Company_Website_Status_Changes: Test Cases/Reusable_Test_Sequences/Web_Office/Navigation/Sub_Menu_Navigation/Reports/Company_Website_Status_Changes

2020-04-20 13:20:48 - [TEST_STEP][PASSED] - "--------------------------------------": null

2020-04-20 13:20:48 - [TEST_STEP][PASSED] - " Navigate Top level menu Item         |": null

2020-04-20 13:20:48 - [TEST_STEP][PASSED] - waitForPageLoad(60): Wait for page load successfully

2020-04-20 13:20:48 - [MESSAGE][PASSED] - Wait for page load successfully

2020-04-20 13:20:48 - [TEST_STEP][PASSED] - waitForElementClickable(findTestObject("Object Repository/WebOffice_Home_page/a_Reports"), 60): Object 'Object Repository/WebOffice_Home_page/a_Reports' is clickable

2020-04-20 13:20:48 - [MESSAGE][PASSED] - Object 'Object Repository/WebOffice_Home_page/a_Reports' is clickable

2020-04-20 13:20:48 - [TEST_STEP][PASSED] - mouseOver(findTestObject("Object Repository/WebOffice_Home_page/a_Reports")): Object: 'Object Repository/WebOffice_Home_page/a_Reports' is hovered

2020-04-20 13:20:49 - [MESSAGE][PASSED] - Object: 'Object Repository/WebOffice_Home_page/a_Reports' is hovered

2020-04-20 13:20:49 - [TEST_STEP][PASSED] - click(findTestObject("Object Repository/WebOffice_Home_page/Page_/a_Consumers")): Object: 'Object Repository/WebOffice_Home_page/Page_/a_Consumers' is clicked on

2020-04-20 13:20:49 - [MESSAGE][PASSED] - Object: 'Object Repository/WebOffice_Home_page/Page_/a_Consumers' is clicked on

2020-04-20 13:20:49 - [TEST_STEP][PASSED] - waitForPageLoad(5): Wait for page load successfully

2020-04-20 13:20:49 - [MESSAGE][PASSED] - Wait for page load successfully

2020-04-20 13:20:49 - [TEST_STEP][PASSED] - waitForElementClickable(findTestObject("Object Repository/WebOffice_Home_page/a_Company Website Status Changes"), 5): Object 'Object Repository/WebOffice_Home_page/a_Company Website Status Changes' is clickable

2020-04-20 13:20:49 - [MESSAGE][PASSED] - Object 'Object Repository/WebOffice_Home_page/a_Company Website Status Changes' is clickable

2020-04-20 13:20:49 - [TEST_STEP][PASSED] - click(findTestObject("Object Repository/WebOffice_Home_page/a_Company Website Status Changes")): Object: 'Object Repository/WebOffice_Home_page/a_Company Website Status Changes' is clicked on

2020-04-20 13:20:53 - [MESSAGE][PASSED] - Object: 'Object Repository/WebOffice_Home_page/a_Company Website Status Changes' is clicked on

2020-04-20 13:20:53 - [MESSAGE][PASSED] - Call Test Case 'Test Cases/Reusable_Test_Sequences/Web_Office/Navigation/Sub_Menu_Navigation/Reports/Company_Website_Status_Changes' successfully

2020-04-20 13:20:53 - [TEST_STEP][PASSED] - "--------------------------------------": null

2020-04-20 13:20:53 - [TEST_STEP][PASSED] - " Verify Returned Page Detail          |": null

2020-04-20 13:20:53 - [TEST_STEP][PASSED] - callTestCase(findTestCase("Reusable_Test_Sequences/Web_Office/Verification/Reports/Company_Website_Status_Changes"), [:], OPTIONAL): Call Test Case 'Test Cases/Reusable_Test_Sequences/Web_Office/Verification/Reports/Company_Website_Status_Changes' successfully

2020-04-20 13:20:53 - [TEST_CASE][PASSED] - Test Cases/Reusable_Test_Sequences/Web_Office/Verification/Reports/Company_Website_Status_Changes: Test Cases/Reusable_Test_Sequences/Web_Office/Verification/Reports/Company_Website_Status_Changes

2020-04-20 13:20:54 - [TEST_STEP][PASSED] - waitForPageLoad(120): Wait for page load successfully

2020-04-20 13:20:54 - [MESSAGE][PASSED] - Wait for page load successfully

2020-04-20 13:20:54 - [TEST_STEP][PASSED] - delay(1): Delayed 1 second(s)

2020-04-20 13:20:55 - [MESSAGE][PASSED] - Delayed 1 second(s)

2020-04-20 13:20:55 - [TEST_STEP][PASSED] - verifyTextPresent("Company Website Status Change Report", false): Text 'Company Website Status Change Report' is present on page 

2020-04-20 13:20:56 - [MESSAGE][PASSED] - Text 'Company Website Status Change Report' is present on page 

2020-04-20 13:20:56 - [TEST_STEP][PASSED] - "----------------------------------------------": null

2020-04-20 13:20:56 - [TEST_STEP][PASSED] - verifyTextPresent("All Available Dates:", false): Text 'All Available Dates:' is present on page 

2020-04-20 13:20:56 - [MESSAGE][PASSED] - Text 'All Available Dates:' is present on page 

2020-04-20 13:20:56 - [TEST_STEP][PASSED] - verifyTextPresent("Total no. companies", false): Text 'Total no. companies' is present on page 

2020-04-20 13:20:56 - [MESSAGE][PASSED] - Text 'Total no. companies' is present on page 

2020-04-20 13:20:56 - [TEST_STEP][PASSED] - "----------------------------------------------": null

2020-04-20 13:20:56 - [TEST_STEP][PASSED] - "----------------------------------------------": null

2020-04-20 13:20:56 - [TEST_STEP][PASSED] - verifyTextPresent("Company", false): Text 'Company' is present on page 

2020-04-20 13:20:57 - [MESSAGE][PASSED] - Text 'Company' is present on page 

2020-04-20 13:20:57 - [TEST_STEP][PASSED] - verifyTextPresent("Status", false): Text 'Status' is present on page 

2020-04-20 13:20:57 - [MESSAGE][PASSED] - Text 'Status' is present on page 

2020-04-20 13:20:57 - [TEST_STEP][PASSED] - verifyTextPresent("Description", false): Text 'Description' is present on page 

2020-04-20 13:20:58 - [MESSAGE][PASSED] - Text 'Description' is present on page 

2020-04-20 13:20:58 - [TEST_STEP][PASSED] - verifyTextPresent("Date Changed", false): Text 'Date Changed' is present on page 

2020-04-20 13:20:58 - [MESSAGE][PASSED] - Text 'Date Changed' is present on page 

2020-04-20 13:20:58 - [TEST_STEP][PASSED] - "----------------------------------------------": null

2020-04-20 13:20:58 - [TEST_STEP][PASSED] - "----------------------------------------------": null

2020-04-20 13:20:58 - [TEST_STEP][PASSED] - "----------------------------------------------": null

2020-04-20 13:20:58 - [TEST_STEP][PASSED] - verifyTextPresent("Added to Website", false): Text 'Added to Website' is present on page 

2020-04-20 13:20:59 - [MESSAGE][PASSED] - Text 'Added to Website' is present on page 

2020-04-20 13:20:59 - [TEST_STEP][PASSED] - verifyTextPresent("Removed from website", false): Text 'Removed from website' is present on page 

2020-04-20 13:20:59 - [MESSAGE][PASSED] - Text 'Removed from website' is present on page 

2020-04-20 13:20:59 - [MESSAGE][PASSED] - Call Test Case 'Test Cases/Reusable_Test_Sequences/Web_Office/Verification/Reports/Company_Website_Status_Changes' successfully

2020-04-20 13:20:59 - [TEST_STEP][PASSED] - "--------------------------": null

2020-04-20 13:20:59 - [TEST_STEP][PASSED] - " Teardown - CLose Browser |": null

2020-04-20 13:20:59 - [TEST_STEP][PASSED] - callTestCase(findTestCase("Reusable_Test_Sequences/CAT_Teardown"), [:], OPTIONAL): Call Test Case 'Test Cases/Reusable_Test_Sequences/CAT_Teardown' successfully

2020-04-20 13:20:59 - [TEST_CASE][PASSED] - Test Cases/Reusable_Test_Sequences/CAT_Teardown: Test Cases/Reusable_Test_Sequences/CAT_Teardown

2020-04-20 13:20:59 - [TEST_STEP][PASSED] - closeBrowser(): Browser is closed

2020-04-20 13:21:04 - [MESSAGE][PASSED] - Browser is closed

2020-04-20 13:21:04 - [TEST_STEP][PASSED] - super.finalize(): null

2020-04-20 13:21:04 - [TEST_STEP][PASSED] - System.gc(): null

2020-04-20 13:21:04 - [MESSAGE][PASSED] - Call Test Case 'Test Cases/Reusable_Test_Sequences/CAT_Teardown' successfully]]></system-out>
         <system-err><![CDATA[]]></system-err>
      </testcase>
      <testcase name="Test Cases/Web_Office/Reports/Directory_Preferences" time="629.8" classname="Test Cases/Web_Office/Reports/Directory_Preferences" status="PASSED">
         <system-out><![CDATA[2020-04-20 13:21:04 - [TEST_CASE][PASSED] - Test Cases/Web_Office/Reports/Directory_Preferences: Test Cases/Web_Office/Reports/Directory_Preferences

2020-04-20 13:21:04 - [TEST_STEP][PASSED] - "--------------------------------------": null

2020-04-20 13:21:04 - [TEST_STEP][PASSED] - " Web Office StartUp                  |": null

2020-04-20 13:21:04 - [TEST_STEP][PASSED] - callTestCase(findTestCase("Reusable_Test_Sequences/Web_Office/Directives/WebOffice_StartUp"), [:], STOP_ON_FAILURE): Call Test Case 'Test Cases/Reusable_Test_Sequences/Web_Office/Directives/WebOffice_StartUp' successfully

2020-04-20 13:21:04 - [TEST_CASE][PASSED] - Test Cases/Reusable_Test_Sequences/Web_Office/Directives/WebOffice_StartUp: Test Cases/Reusable_Test_Sequences/Web_Office/Directives/WebOffice_StartUp

2020-04-20 13:21:04 - [TEST_STEP][PASSED] - "-----------------------------------------------------------------------------": null

2020-04-20 13:21:04 - [TEST_STEP][PASSED] - if (URL == "https://www.dev.checkatrade.com/"): null

2020-04-20 13:21:04 - [TEST_STEP][PASSED] - "-----------------------------------------------------------------------------": null

2020-04-20 13:21:04 - [TEST_STEP][PASSED] - if (URL == "https://www.checkatrade.com/"): null

2020-04-20 13:21:04 - [TEST_STEP][PASSED] - "-----------------------------------------------------------------------------": null

2020-04-20 13:21:04 - [TEST_STEP][PASSED] - if (URL == "https://www.preview.checkatrade.com/"): null

2020-04-20 13:21:04 - [TEST_STEP][PASSED] - WebOfficeURL = "https://admin.preview.checkatrade.com/": null

2020-04-20 13:21:04 - [TEST_STEP][PASSED] - if (URL == "https://www.dev2.checkatrade.com/"): null

2020-04-20 13:21:04 - [TEST_STEP][PASSED] - "Set Function Area for "URL_Handler", URL Resolution": null

2020-04-20 13:21:04 - [TEST_STEP][PASSED] - "Do Some Magic with URL(s) See the comments within URL Handler ": null

2020-04-20 13:21:04 - [TEST_STEP][PASSED] - "------------------------------------------------": null

2020-04-20 13:21:04 - [TEST_STEP][PASSED] - "Moved Login Credentials to <Default> profile 22/01/2020": null

2020-04-20 13:21:04 - [TEST_STEP][PASSED] - "------------------------------------------------": null

2020-04-20 13:21:04 - [TEST_STEP][PASSED] - "WebOfficeURL - Set from the ENVIRONMENT PROFILE ": null

2020-04-20 13:21:04 - [TEST_STEP][PASSED] - "OPEN BROWSER": null

2020-04-20 13:21:04 - [TEST_STEP][PASSED] - "eg - https://admin.preview.checkatrade.com/  ": null

2020-04-20 13:21:04 - [TEST_STEP][PASSED] - openBrowser(WebOfficeURL): Browser is opened with url: 'https://admin.preview.checkatrade.com/'

2020-04-20 13:21:04 - [MESSAGE][INFO] - Starting 'Chrome' driver

2020-04-20 13:21:04 - [MESSAGE][INFO] - Action delay is set to 0 milliseconds

2020-04-20 13:21:09 - [MESSAGE][PASSED] - Browser is opened with url: 'https://admin.preview.checkatrade.com/'

2020-04-20 13:21:09 - [TEST_STEP][PASSED] - maximizeWindow(): Current window maximized

2020-04-20 13:21:12 - [MESSAGE][PASSED] - Current window maximized

2020-04-20 13:21:12 - [TEST_STEP][PASSED] - waitForElementClickable(findTestObject("Object Repository/WebOffice/Page_Checkatrade - Administration - Login/Login_Button"), 25): Object 'Object Repository/WebOffice/Page_Checkatrade - Administration - Login/Login_Button' is clickable

2020-04-20 13:21:12 - [MESSAGE][PASSED] - Object 'Object Repository/WebOffice/Page_Checkatrade - Administration - Login/Login_Button' is clickable

2020-04-20 13:21:12 - [TEST_STEP][PASSED] - verifyTextPresent("Checkatrade Web Office", false): Text 'Checkatrade Web Office' is present on page 

2020-04-20 13:21:12 - [MESSAGE][PASSED] - Text 'Checkatrade Web Office' is present on page 

2020-04-20 13:21:12 - [TEST_STEP][PASSED] - verifyTextPresent("Access for staff use only", false): Text 'Access for staff use only' is present on page 

2020-04-20 13:21:12 - [MESSAGE][PASSED] - Text 'Access for staff use only' is present on page 

2020-04-20 13:21:12 - [TEST_STEP][PASSED] - verifyTextPresent("Forgotten password?", false): Text 'Forgotten password?' is present on page 

2020-04-20 13:21:12 - [MESSAGE][PASSED] - Text 'Forgotten password?' is present on page 

2020-04-20 13:21:12 - [TEST_STEP][PASSED] - setText(findTestObject("Object Repository/WebOffice/Page_Checkatrade - Administration - Login/input_Username_LoginControlUserName"), wo_Username): Text 'DavidHo' is set on object 'Object Repository/WebOffice/Page_Checkatrade - Administration - Login/input_Username_LoginControlUserName'

2020-04-20 13:21:13 - [MESSAGE][PASSED] - Text 'DavidHo' is set on object 'Object Repository/WebOffice/Page_Checkatrade - Administration - Login/input_Username_LoginControlUserName'

2020-04-20 13:21:13 - [TEST_STEP][PASSED] - setText(findTestObject("Object Repository/WebOffice/Page_Checkatrade - Administration - Login/input_Password_LoginControlPassword"), wo_Password): Text 'Check123' is set on object 'Object Repository/WebOffice/Page_Checkatrade - Administration - Login/input_Password_LoginControlPassword'

2020-04-20 13:21:13 - [MESSAGE][PASSED] - Text 'Check123' is set on object 'Object Repository/WebOffice/Page_Checkatrade - Administration - Login/input_Password_LoginControlPassword'

2020-04-20 13:21:13 - [TEST_STEP][PASSED] - click(findTestObject("Object Repository/WebOffice/Page_Checkatrade - Administration - Login/Login_Button")): Object: 'Object Repository/WebOffice/Page_Checkatrade - Administration - Login/Login_Button' is clicked on

2020-04-20 13:21:14 - [MESSAGE][PASSED] - Object: 'Object Repository/WebOffice/Page_Checkatrade - Administration - Login/Login_Button' is clicked on

2020-04-20 13:21:14 - [TEST_STEP][PASSED] - waitForPageLoad(60): Wait for page load successfully

2020-04-20 13:21:14 - [MESSAGE][PASSED] - Wait for page load successfully

2020-04-20 13:21:14 - [TEST_STEP][PASSED] - verifyTextPresent("Welcome " + wo_Username, false): Text 'Welcome DavidHo' is present on page 

2020-04-20 13:21:14 - [MESSAGE][PASSED] - Text 'Welcome DavidHo' is present on page 

2020-04-20 13:21:14 - [MESSAGE][PASSED] - Call Test Case 'Test Cases/Reusable_Test_Sequences/Web_Office/Directives/WebOffice_StartUp' successfully

2020-04-20 13:21:14 - [TEST_STEP][PASSED] - "-----------------------------------------------------------------": null

2020-04-20 13:21:14 - [TEST_STEP][PASSED] - " Navigate to <Settings->Checkatrade.Com->Sub Item> Menu Item     |": null

2020-04-20 13:21:14 - [TEST_STEP][PASSED] - callTestCase(findTestCase("Reusable_Test_Sequences/Web_Office/Navigation/Sub_Menu_Navigation/Reports/Directory_Preferences"), [:], STOP_ON_FAILURE): Call Test Case 'Test Cases/Reusable_Test_Sequences/Web_Office/Navigation/Sub_Menu_Navigation/Reports/Directory_Preferences' successfully

2020-04-20 13:21:14 - [TEST_CASE][PASSED] - Test Cases/Reusable_Test_Sequences/Web_Office/Navigation/Sub_Menu_Navigation/Reports/Directory_Preferences: Test Cases/Reusable_Test_Sequences/Web_Office/Navigation/Sub_Menu_Navigation/Reports/Directory_Preferences

2020-04-20 13:21:15 - [TEST_STEP][PASSED] - "--------------------------------------": null

2020-04-20 13:21:15 - [TEST_STEP][PASSED] - " Navigate Top level menu Item         |": null

2020-04-20 13:21:15 - [TEST_STEP][PASSED] - waitForPageLoad(60): Wait for page load successfully

2020-04-20 13:21:15 - [MESSAGE][PASSED] - Wait for page load successfully

2020-04-20 13:21:15 - [TEST_STEP][PASSED] - waitForElementClickable(findTestObject("Object Repository/WebOffice_Home_page/a_Reports"), 60): Object 'Object Repository/WebOffice_Home_page/a_Reports' is clickable

2020-04-20 13:21:15 - [MESSAGE][PASSED] - Object 'Object Repository/WebOffice_Home_page/a_Reports' is clickable

2020-04-20 13:21:15 - [TEST_STEP][PASSED] - mouseOver(findTestObject("Object Repository/WebOffice_Home_page/a_Reports")): Object: 'Object Repository/WebOffice_Home_page/a_Reports' is hovered

2020-04-20 13:21:15 - [MESSAGE][PASSED] - Object: 'Object Repository/WebOffice_Home_page/a_Reports' is hovered

2020-04-20 13:21:15 - [TEST_STEP][PASSED] - mouseOver(findTestObject("Object Repository/WebOffice_Home_page/Page_/a_Consumers")): Object: 'Object Repository/WebOffice_Home_page/Page_/a_Consumers' is hovered

2020-04-20 13:21:15 - [MESSAGE][PASSED] - Object: 'Object Repository/WebOffice_Home_page/Page_/a_Consumers' is hovered

2020-04-20 13:21:15 - [TEST_STEP][PASSED] - waitForPageLoad(5): Wait for page load successfully

2020-04-20 13:21:15 - [MESSAGE][PASSED] - Wait for page load successfully

2020-04-20 13:21:15 - [TEST_STEP][PASSED] - waitForElementClickable(findTestObject("Object Repository/WebOffice_Home_page/a_Directory Preferences"), 5): Object 'Object Repository/WebOffice_Home_page/a_Directory Preferences' is clickable

2020-04-20 13:21:16 - [MESSAGE][PASSED] - Object 'Object Repository/WebOffice_Home_page/a_Directory Preferences' is clickable

2020-04-20 13:21:16 - [TEST_STEP][PASSED] - click(findTestObject("Object Repository/WebOffice_Home_page/a_Directory Preferences")): Object: 'Object Repository/WebOffice_Home_page/a_Directory Preferences' is clicked on

2020-04-20 13:22:19 - [MESSAGE][PASSED] - Object: 'Object Repository/WebOffice_Home_page/a_Directory Preferences' is clicked on

2020-04-20 13:22:19 - [MESSAGE][PASSED] - Call Test Case 'Test Cases/Reusable_Test_Sequences/Web_Office/Navigation/Sub_Menu_Navigation/Reports/Directory_Preferences' successfully

2020-04-20 13:22:19 - [TEST_STEP][PASSED] - "--------------------------------------": null

2020-04-20 13:22:19 - [TEST_STEP][PASSED] - " Verify Returned Page Detail          |": null

2020-04-20 13:22:19 - [TEST_STEP][PASSED] - callTestCase(findTestCase("Reusable_Test_Sequences/Web_Office/Verification/Reports/Directory_Preferences"), [:], OPTIONAL): Call Test Case 'Test Cases/Reusable_Test_Sequences/Web_Office/Verification/Reports/Directory_Preferences' successfully

2020-04-20 13:22:19 - [TEST_CASE][PASSED] - Test Cases/Reusable_Test_Sequences/Web_Office/Verification/Reports/Directory_Preferences: Test Cases/Reusable_Test_Sequences/Web_Office/Verification/Reports/Directory_Preferences

2020-04-20 13:22:19 - [TEST_STEP][PASSED] - waitForPageLoad(120): Wait for page load successfully

2020-04-20 13:22:19 - [MESSAGE][PASSED] - Wait for page load successfully

2020-04-20 13:22:19 - [TEST_STEP][PASSED] - delay(1): Delayed 1 second(s)

2020-04-20 13:22:20 - [MESSAGE][PASSED] - Delayed 1 second(s)

2020-04-20 13:22:20 - [TEST_STEP][PASSED] - verifyTextPresent("Directory Performance Report", false): Text 'Directory Performance Report' is present on page 

2020-04-20 13:22:52 - [MESSAGE][PASSED] - Text 'Directory Performance Report' is present on page 

2020-04-20 13:22:52 - [TEST_STEP][PASSED] - "----------------------------------------------": null

2020-04-20 13:22:52 - [TEST_STEP][PASSED] - verifyTextPresent("Hide Old", false): Text 'Hide Old' is present on page 

2020-04-20 13:23:22 - [MESSAGE][PASSED] - Text 'Hide Old' is present on page 

2020-04-20 13:23:22 - [TEST_STEP][PASSED] - verifyTextPresent("Hide Current", false): Text 'Hide Current' is present on page 

2020-04-20 13:23:52 - [MESSAGE][PASSED] - Text 'Hide Current' is present on page 

2020-04-20 13:23:52 - [TEST_STEP][PASSED] - verifyTextPresent("Hide Future", false): Text 'Hide Future' is present on page 

2020-04-20 13:24:26 - [MESSAGE][PASSED] - Text 'Hide Future' is present on page 

2020-04-20 13:24:26 - [TEST_STEP][PASSED] - verifyTextPresent("Hide Prospective", false): Text 'Hide Prospective' is present on page 

2020-04-20 13:24:56 - [MESSAGE][PASSED] - Text 'Hide Prospective' is present on page 

2020-04-20 13:24:56 - [TEST_STEP][PASSED] - "----------------------------------------------": null

2020-04-20 13:24:56 - [TEST_STEP][PASSED] - "----------------------------------------------": null

2020-04-20 13:24:56 - [TEST_STEP][PASSED] - verifyTextPresent("DIRECTORY NAME", false): Text 'DIRECTORY NAME' is present on page 

2020-04-20 13:25:23 - [MESSAGE][PASSED] - Text 'DIRECTORY NAME' is present on page 

2020-04-20 13:25:23 - [TEST_STEP][PASSED] - verifyTextPresent("EDITION", false): Text 'EDITION' is present on page 

2020-04-20 13:25:51 - [MESSAGE][PASSED] - Text 'EDITION' is present on page 

2020-04-20 13:25:51 - [TEST_STEP][PASSED] - verifyTextPresent("BOXES SOLD", false): Text 'BOXES SOLD' is present on page 

2020-04-20 13:26:17 - [MESSAGE][PASSED] - Text 'BOXES SOLD' is present on page 

2020-04-20 13:26:17 - [TEST_STEP][PASSED] - verifyTextPresent("BOXES FOC", false): Text 'BOXES FOC' is present on page 

2020-04-20 13:26:41 - [MESSAGE][PASSED] - Text 'BOXES FOC' is present on page 

2020-04-20 13:26:41 - [TEST_STEP][PASSED] - verifyTextPresent("BOXES TOTAL", false): Text 'BOXES TOTAL' is present on page 

2020-04-20 13:27:06 - [MESSAGE][PASSED] - Text 'BOXES TOTAL' is present on page 

2020-04-20 13:27:06 - [TEST_STEP][PASSED] - verifyTextPresent("FIRST RESERVE", false): Text 'FIRST RESERVE' is present on page 

2020-04-20 13:27:35 - [MESSAGE][PASSED] - Text 'FIRST RESERVE' is present on page 

2020-04-20 13:27:35 - [TEST_STEP][PASSED] - verifyTextPresent("DEFINITELY", false): Text 'DEFINITELY' is present on page 

2020-04-20 13:28:05 - [MESSAGE][PASSED] - Text 'DEFINITELY' is present on page 

2020-04-20 13:28:05 - [TEST_STEP][PASSED] - verifyTextPresent("WOULD CONSIDER", false): Text 'WOULD CONSIDER' is present on page 

2020-04-20 13:28:30 - [MESSAGE][PASSED] - Text 'WOULD CONSIDER' is present on page 

2020-04-20 13:28:30 - [TEST_STEP][PASSED] - verifyTextPresent("DESIRED TOTAL", false): Text 'DESIRED TOTAL' is present on page 

2020-04-20 13:28:55 - [MESSAGE][PASSED] - Text 'DESIRED TOTAL' is present on page 

2020-04-20 13:28:55 - [TEST_STEP][PASSED] - "----------------------------------------------": null

2020-04-20 13:28:55 - [TEST_STEP][PASSED] - verifyTextPresent("Abingdon + Didcot 7 (Old)", false): Text 'Abingdon + Didcot 7 (Old)' is present on page 

2020-04-20 13:29:20 - [MESSAGE][PASSED] - Text 'Abingdon + Didcot 7 (Old)' is present on page 

2020-04-20 13:29:20 - [TEST_STEP][PASSED] - verifyTextPresent("Amersham + Chesham 12 (Current)", false): Text 'Amersham + Chesham 12 (Current)' is present on page 

2020-04-20 13:29:59 - [MESSAGE][PASSED] - Text 'Amersham + Chesham 12 (Current)' is present on page 

2020-04-20 13:29:59 - [TEST_STEP][PASSED] - verifyTextPresent("11", false): Text '11' is present on page 

2020-04-20 13:30:32 - [MESSAGE][PASSED] - Text '11' is present on page 

2020-04-20 13:30:32 - [TEST_STEP][PASSED] - verifyTextPresent("133", false): Text '133' is present on page 

2020-04-20 13:31:03 - [MESSAGE][PASSED] - Text '133' is present on page 

2020-04-20 13:31:03 - [TEST_STEP][PASSED] - verifyTextPresent("58", false): Text '58' is present on page 

2020-04-20 13:31:33 - [MESSAGE][PASSED] - Text '58' is present on page 

2020-04-20 13:31:33 - [MESSAGE][PASSED] - Call Test Case 'Test Cases/Reusable_Test_Sequences/Web_Office/Verification/Reports/Directory_Preferences' successfully

2020-04-20 13:31:33 - [TEST_STEP][PASSED] - "--------------------------": null

2020-04-20 13:31:33 - [TEST_STEP][PASSED] - " Teardown - CLose Browser |": null

2020-04-20 13:31:33 - [TEST_STEP][PASSED] - callTestCase(findTestCase("Reusable_Test_Sequences/CAT_Teardown"), [:], OPTIONAL): Call Test Case 'Test Cases/Reusable_Test_Sequences/CAT_Teardown' successfully

2020-04-20 13:31:33 - [TEST_CASE][PASSED] - Test Cases/Reusable_Test_Sequences/CAT_Teardown: Test Cases/Reusable_Test_Sequences/CAT_Teardown

2020-04-20 13:31:33 - [TEST_STEP][PASSED] - closeBrowser(): Browser is closed

2020-04-20 13:31:34 - [MESSAGE][PASSED] - Browser is closed

2020-04-20 13:31:34 - [TEST_STEP][PASSED] - super.finalize(): null

2020-04-20 13:31:34 - [TEST_STEP][PASSED] - System.gc(): null

2020-04-20 13:31:34 - [MESSAGE][PASSED] - Call Test Case 'Test Cases/Reusable_Test_Sequences/CAT_Teardown' successfully]]></system-out>
         <system-err><![CDATA[]]></system-err>
      </testcase>
      <testcase name="Test Cases/Web_Office/Reports/Most_Popular" time="20.94" classname="Test Cases/Web_Office/Reports/Most_Popular" status="PASSED">
         <system-out><![CDATA[2020-04-20 13:31:34 - [TEST_CASE][PASSED] - Test Cases/Web_Office/Reports/Most_Popular: Test Cases/Web_Office/Reports/Most_Popular

2020-04-20 13:31:34 - [TEST_STEP][PASSED] - "--------------------------------------": null

2020-04-20 13:31:34 - [TEST_STEP][PASSED] - " Web Office StartUp                  |": null

2020-04-20 13:31:34 - [TEST_STEP][PASSED] - callTestCase(findTestCase("Reusable_Test_Sequences/Web_Office/Directives/WebOffice_StartUp"), [:], STOP_ON_FAILURE): Call Test Case 'Test Cases/Reusable_Test_Sequences/Web_Office/Directives/WebOffice_StartUp' successfully

2020-04-20 13:31:34 - [TEST_CASE][PASSED] - Test Cases/Reusable_Test_Sequences/Web_Office/Directives/WebOffice_StartUp: Test Cases/Reusable_Test_Sequences/Web_Office/Directives/WebOffice_StartUp

2020-04-20 13:31:34 - [TEST_STEP][PASSED] - "-----------------------------------------------------------------------------": null

2020-04-20 13:31:34 - [TEST_STEP][PASSED] - if (URL == "https://www.dev.checkatrade.com/"): null

2020-04-20 13:31:34 - [TEST_STEP][PASSED] - "-----------------------------------------------------------------------------": null

2020-04-20 13:31:34 - [TEST_STEP][PASSED] - if (URL == "https://www.checkatrade.com/"): null

2020-04-20 13:31:34 - [TEST_STEP][PASSED] - "-----------------------------------------------------------------------------": null

2020-04-20 13:31:34 - [TEST_STEP][PASSED] - if (URL == "https://www.preview.checkatrade.com/"): null

2020-04-20 13:31:34 - [TEST_STEP][PASSED] - WebOfficeURL = "https://admin.preview.checkatrade.com/": null

2020-04-20 13:31:34 - [TEST_STEP][PASSED] - if (URL == "https://www.dev2.checkatrade.com/"): null

2020-04-20 13:31:34 - [TEST_STEP][PASSED] - "Set Function Area for "URL_Handler", URL Resolution": null

2020-04-20 13:31:34 - [TEST_STEP][PASSED] - "Do Some Magic with URL(s) See the comments within URL Handler ": null

2020-04-20 13:31:34 - [TEST_STEP][PASSED] - "------------------------------------------------": null

2020-04-20 13:31:34 - [TEST_STEP][PASSED] - "Moved Login Credentials to <Default> profile 22/01/2020": null

2020-04-20 13:31:34 - [TEST_STEP][PASSED] - "------------------------------------------------": null

2020-04-20 13:31:34 - [TEST_STEP][PASSED] - "WebOfficeURL - Set from the ENVIRONMENT PROFILE ": null

2020-04-20 13:31:34 - [TEST_STEP][PASSED] - "OPEN BROWSER": null

2020-04-20 13:31:34 - [TEST_STEP][PASSED] - "eg - https://admin.preview.checkatrade.com/  ": null

2020-04-20 13:31:34 - [TEST_STEP][PASSED] - openBrowser(WebOfficeURL): Browser is opened with url: 'https://admin.preview.checkatrade.com/'

2020-04-20 13:31:34 - [MESSAGE][INFO] - Starting 'Chrome' driver

2020-04-20 13:31:34 - [MESSAGE][INFO] - Action delay is set to 0 milliseconds

2020-04-20 13:31:39 - [MESSAGE][PASSED] - Browser is opened with url: 'https://admin.preview.checkatrade.com/'

2020-04-20 13:31:39 - [TEST_STEP][PASSED] - maximizeWindow(): Current window maximized

2020-04-20 13:31:42 - [MESSAGE][PASSED] - Current window maximized

2020-04-20 13:31:42 - [TEST_STEP][PASSED] - waitForElementClickable(findTestObject("Object Repository/WebOffice/Page_Checkatrade - Administration - Login/Login_Button"), 25): Object 'Object Repository/WebOffice/Page_Checkatrade - Administration - Login/Login_Button' is clickable

2020-04-20 13:31:42 - [MESSAGE][PASSED] - Object 'Object Repository/WebOffice/Page_Checkatrade - Administration - Login/Login_Button' is clickable

2020-04-20 13:31:42 - [TEST_STEP][PASSED] - verifyTextPresent("Checkatrade Web Office", false): Text 'Checkatrade Web Office' is present on page 

2020-04-20 13:31:42 - [MESSAGE][PASSED] - Text 'Checkatrade Web Office' is present on page 

2020-04-20 13:31:42 - [TEST_STEP][PASSED] - verifyTextPresent("Access for staff use only", false): Text 'Access for staff use only' is present on page 

2020-04-20 13:31:42 - [MESSAGE][PASSED] - Text 'Access for staff use only' is present on page 

2020-04-20 13:31:42 - [TEST_STEP][PASSED] - verifyTextPresent("Forgotten password?", false): Text 'Forgotten password?' is present on page 

2020-04-20 13:31:42 - [MESSAGE][PASSED] - Text 'Forgotten password?' is present on page 

2020-04-20 13:31:42 - [TEST_STEP][PASSED] - setText(findTestObject("Object Repository/WebOffice/Page_Checkatrade - Administration - Login/input_Username_LoginControlUserName"), wo_Username): Text 'DavidHo' is set on object 'Object Repository/WebOffice/Page_Checkatrade - Administration - Login/input_Username_LoginControlUserName'

2020-04-20 13:31:43 - [MESSAGE][PASSED] - Text 'DavidHo' is set on object 'Object Repository/WebOffice/Page_Checkatrade - Administration - Login/input_Username_LoginControlUserName'

2020-04-20 13:31:43 - [TEST_STEP][PASSED] - setText(findTestObject("Object Repository/WebOffice/Page_Checkatrade - Administration - Login/input_Password_LoginControlPassword"), wo_Password): Text 'Check123' is set on object 'Object Repository/WebOffice/Page_Checkatrade - Administration - Login/input_Password_LoginControlPassword'

2020-04-20 13:31:43 - [MESSAGE][PASSED] - Text 'Check123' is set on object 'Object Repository/WebOffice/Page_Checkatrade - Administration - Login/input_Password_LoginControlPassword'

2020-04-20 13:31:43 - [TEST_STEP][PASSED] - click(findTestObject("Object Repository/WebOffice/Page_Checkatrade - Administration - Login/Login_Button")): Object: 'Object Repository/WebOffice/Page_Checkatrade - Administration - Login/Login_Button' is clicked on

2020-04-20 13:31:44 - [MESSAGE][PASSED] - Object: 'Object Repository/WebOffice/Page_Checkatrade - Administration - Login/Login_Button' is clicked on

2020-04-20 13:31:44 - [TEST_STEP][PASSED] - waitForPageLoad(60): Wait for page load successfully

2020-04-20 13:31:44 - [MESSAGE][PASSED] - Wait for page load successfully

2020-04-20 13:31:44 - [TEST_STEP][PASSED] - verifyTextPresent("Welcome " + wo_Username, false): Text 'Welcome DavidHo' is present on page 

2020-04-20 13:31:44 - [MESSAGE][PASSED] - Text 'Welcome DavidHo' is present on page 

2020-04-20 13:31:44 - [MESSAGE][PASSED] - Call Test Case 'Test Cases/Reusable_Test_Sequences/Web_Office/Directives/WebOffice_StartUp' successfully

2020-04-20 13:31:44 - [TEST_STEP][PASSED] - "-----------------------------------------------------------------": null

2020-04-20 13:31:44 - [TEST_STEP][PASSED] - " Navigate to <Settings->Checkatrade.Com->Sub Item> Menu Item     |": null

2020-04-20 13:31:44 - [TEST_STEP][PASSED] - callTestCase(findTestCase("Reusable_Test_Sequences/Web_Office/Navigation/Sub_Menu_Navigation/Reports/Most_Popular"), [:], STOP_ON_FAILURE): Call Test Case 'Test Cases/Reusable_Test_Sequences/Web_Office/Navigation/Sub_Menu_Navigation/Reports/Most_Popular' successfully

2020-04-20 13:31:44 - [TEST_CASE][PASSED] - Test Cases/Reusable_Test_Sequences/Web_Office/Navigation/Sub_Menu_Navigation/Reports/Most_Popular: Test Cases/Reusable_Test_Sequences/Web_Office/Navigation/Sub_Menu_Navigation/Reports/Most_Popular

2020-04-20 13:31:45 - [TEST_STEP][PASSED] - "--------------------------------------": null

2020-04-20 13:31:45 - [TEST_STEP][PASSED] - " Navigate Top level menu Item         |": null

2020-04-20 13:31:45 - [TEST_STEP][PASSED] - waitForPageLoad(60): Wait for page load successfully

2020-04-20 13:31:45 - [MESSAGE][PASSED] - Wait for page load successfully

2020-04-20 13:31:45 - [TEST_STEP][PASSED] - waitForElementClickable(findTestObject("Object Repository/WebOffice_Home_page/a_Reports"), 60): Object 'Object Repository/WebOffice_Home_page/a_Reports' is clickable

2020-04-20 13:31:46 - [MESSAGE][PASSED] - Object 'Object Repository/WebOffice_Home_page/a_Reports' is clickable

2020-04-20 13:31:46 - [TEST_STEP][PASSED] - mouseOver(findTestObject("Object Repository/WebOffice_Home_page/a_Reports")): Object: 'Object Repository/WebOffice_Home_page/a_Reports' is hovered

2020-04-20 13:31:47 - [MESSAGE][PASSED] - Object: 'Object Repository/WebOffice_Home_page/a_Reports' is hovered

2020-04-20 13:31:47 - [TEST_STEP][PASSED] - mouseOver(findTestObject("Object Repository/WebOffice_Home_page/Page_/a_Consumers")): Object: 'Object Repository/WebOffice_Home_page/Page_/a_Consumers' is hovered

2020-04-20 13:31:48 - [MESSAGE][PASSED] - Object: 'Object Repository/WebOffice_Home_page/Page_/a_Consumers' is hovered

2020-04-20 13:31:48 - [TEST_STEP][PASSED] - mouseOver(findTestObject("Object Repository/WebOffice_Home_page/Page_/a_Consumer Searches")): Object: 'Object Repository/WebOffice_Home_page/Page_/a_Consumer Searches' is hovered

2020-04-20 13:31:48 - [MESSAGE][PASSED] - Object: 'Object Repository/WebOffice_Home_page/Page_/a_Consumer Searches' is hovered

2020-04-20 13:31:48 - [TEST_STEP][PASSED] - waitForPageLoad(5): Wait for page load successfully

2020-04-20 13:31:48 - [MESSAGE][PASSED] - Wait for page load successfully

2020-04-20 13:31:48 - [TEST_STEP][PASSED] - waitForElementClickable(findTestObject("Object Repository/WebOffice_Home_page/a_Most Popular"), 5): Object 'Object Repository/WebOffice_Home_page/a_Most Popular' is clickable

2020-04-20 13:31:48 - [MESSAGE][PASSED] - Object 'Object Repository/WebOffice_Home_page/a_Most Popular' is clickable

2020-04-20 13:31:48 - [TEST_STEP][PASSED] - click(findTestObject("Object Repository/WebOffice_Home_page/a_Most Popular")): Object: 'Object Repository/WebOffice_Home_page/a_Most Popular' is clicked on

2020-04-20 13:31:50 - [MESSAGE][PASSED] - Object: 'Object Repository/WebOffice_Home_page/a_Most Popular' is clicked on

2020-04-20 13:31:50 - [MESSAGE][PASSED] - Call Test Case 'Test Cases/Reusable_Test_Sequences/Web_Office/Navigation/Sub_Menu_Navigation/Reports/Most_Popular' successfully

2020-04-20 13:31:50 - [TEST_STEP][PASSED] - "--------------------------------------": null

2020-04-20 13:31:50 - [TEST_STEP][PASSED] - " Verify Returned Page Detail          |": null

2020-04-20 13:31:50 - [TEST_STEP][PASSED] - callTestCase(findTestCase("Reusable_Test_Sequences/Web_Office/Verification/Reports/Most_Popular"), [:], OPTIONAL): Call Test Case 'Test Cases/Reusable_Test_Sequences/Web_Office/Verification/Reports/Most_Popular' successfully

2020-04-20 13:31:50 - [TEST_CASE][PASSED] - Test Cases/Reusable_Test_Sequences/Web_Office/Verification/Reports/Most_Popular: Test Cases/Reusable_Test_Sequences/Web_Office/Verification/Reports/Most_Popular

2020-04-20 13:31:51 - [TEST_STEP][PASSED] - waitForPageLoad(120): Wait for page load successfully

2020-04-20 13:31:51 - [MESSAGE][PASSED] - Wait for page load successfully

2020-04-20 13:31:51 - [TEST_STEP][PASSED] - delay(1): Delayed 1 second(s)

2020-04-20 13:31:52 - [MESSAGE][PASSED] - Delayed 1 second(s)

2020-04-20 13:31:52 - [TEST_STEP][PASSED] - verifyTextPresent("Consumer Searches", false): Text 'Consumer Searches' is present on page 

2020-04-20 13:31:52 - [MESSAGE][PASSED] - Text 'Consumer Searches' is present on page 

2020-04-20 13:31:52 - [TEST_STEP][PASSED] - "----------------------------------------------": null

2020-04-20 13:31:52 - [TEST_STEP][PASSED] - verifyTextPresent("Most Popular Searches", false): Text 'Most Popular Searches' is present on page 

2020-04-20 13:31:52 - [MESSAGE][PASSED] - Text 'Most Popular Searches' is present on page 

2020-04-20 13:31:52 - [TEST_STEP][PASSED] - "----------------------------------------------": null

2020-04-20 13:31:52 - [TEST_STEP][PASSED] - verifyTextPresent("From", false): Text 'From' is present on page 

2020-04-20 13:31:53 - [MESSAGE][PASSED] - Text 'From' is present on page 

2020-04-20 13:31:53 - [TEST_STEP][PASSED] - verifyTextPresent("To", false): Text 'To' is present on page 

2020-04-20 13:31:53 - [MESSAGE][PASSED] - Text 'To' is present on page 

2020-04-20 13:31:53 - [MESSAGE][PASSED] - Call Test Case 'Test Cases/Reusable_Test_Sequences/Web_Office/Verification/Reports/Most_Popular' successfully

2020-04-20 13:31:53 - [TEST_STEP][PASSED] - "--------------------------": null

2020-04-20 13:31:53 - [TEST_STEP][PASSED] - " Teardown - CLose Browser |": null

2020-04-20 13:31:53 - [TEST_STEP][PASSED] - callTestCase(findTestCase("Reusable_Test_Sequences/CAT_Teardown"), [:], OPTIONAL): Call Test Case 'Test Cases/Reusable_Test_Sequences/CAT_Teardown' successfully

2020-04-20 13:31:53 - [TEST_CASE][PASSED] - Test Cases/Reusable_Test_Sequences/CAT_Teardown: Test Cases/Reusable_Test_Sequences/CAT_Teardown

2020-04-20 13:31:53 - [TEST_STEP][PASSED] - closeBrowser(): Browser is closed

2020-04-20 13:31:55 - [MESSAGE][PASSED] - Browser is closed

2020-04-20 13:31:55 - [TEST_STEP][PASSED] - super.finalize(): null

2020-04-20 13:31:55 - [TEST_STEP][PASSED] - System.gc(): null

2020-04-20 13:31:55 - [MESSAGE][PASSED] - Call Test Case 'Test Cases/Reusable_Test_Sequences/CAT_Teardown' successfully]]></system-out>
         <system-err><![CDATA[]]></system-err>
      </testcase>
      <testcase name="Test Cases/Web_Office/Reports/By_Category_and_Location" time="42.892" classname="Test Cases/Web_Office/Reports/By_Category_and_Location" status="PASSED">
         <system-out><![CDATA[2020-04-20 13:31:55 - [TEST_CASE][PASSED] - Test Cases/Web_Office/Reports/By_Category_and_Location: Test Cases/Web_Office/Reports/By_Category_and_Location

2020-04-20 13:31:55 - [TEST_STEP][PASSED] - "--------------------------------------": null

2020-04-20 13:31:55 - [TEST_STEP][PASSED] - " Web Office StartUp                  |": null

2020-04-20 13:31:55 - [TEST_STEP][PASSED] - callTestCase(findTestCase("Reusable_Test_Sequences/Web_Office/Directives/WebOffice_StartUp"), [:], STOP_ON_FAILURE): Call Test Case 'Test Cases/Reusable_Test_Sequences/Web_Office/Directives/WebOffice_StartUp' successfully

2020-04-20 13:31:55 - [TEST_CASE][PASSED] - Test Cases/Reusable_Test_Sequences/Web_Office/Directives/WebOffice_StartUp: Test Cases/Reusable_Test_Sequences/Web_Office/Directives/WebOffice_StartUp

2020-04-20 13:31:55 - [TEST_STEP][PASSED] - "-----------------------------------------------------------------------------": null

2020-04-20 13:31:55 - [TEST_STEP][PASSED] - if (URL == "https://www.dev.checkatrade.com/"): null

2020-04-20 13:31:55 - [TEST_STEP][PASSED] - "-----------------------------------------------------------------------------": null

2020-04-20 13:31:55 - [TEST_STEP][PASSED] - if (URL == "https://www.checkatrade.com/"): null

2020-04-20 13:31:55 - [TEST_STEP][PASSED] - "-----------------------------------------------------------------------------": null

2020-04-20 13:31:55 - [TEST_STEP][PASSED] - if (URL == "https://www.preview.checkatrade.com/"): null

2020-04-20 13:31:55 - [TEST_STEP][PASSED] - WebOfficeURL = "https://admin.preview.checkatrade.com/": null

2020-04-20 13:31:55 - [TEST_STEP][PASSED] - if (URL == "https://www.dev2.checkatrade.com/"): null

2020-04-20 13:31:55 - [TEST_STEP][PASSED] - "Set Function Area for "URL_Handler", URL Resolution": null

2020-04-20 13:31:55 - [TEST_STEP][PASSED] - "Do Some Magic with URL(s) See the comments within URL Handler ": null

2020-04-20 13:31:55 - [TEST_STEP][PASSED] - "------------------------------------------------": null

2020-04-20 13:31:55 - [TEST_STEP][PASSED] - "Moved Login Credentials to <Default> profile 22/01/2020": null

2020-04-20 13:31:55 - [TEST_STEP][PASSED] - "------------------------------------------------": null

2020-04-20 13:31:55 - [TEST_STEP][PASSED] - "WebOfficeURL - Set from the ENVIRONMENT PROFILE ": null

2020-04-20 13:31:55 - [TEST_STEP][PASSED] - "OPEN BROWSER": null

2020-04-20 13:31:55 - [TEST_STEP][PASSED] - "eg - https://admin.preview.checkatrade.com/  ": null

2020-04-20 13:31:55 - [TEST_STEP][PASSED] - openBrowser(WebOfficeURL): Browser is opened with url: 'https://admin.preview.checkatrade.com/'

2020-04-20 13:31:55 - [MESSAGE][INFO] - Starting 'Chrome' driver

2020-04-20 13:31:55 - [MESSAGE][INFO] - Action delay is set to 0 milliseconds

2020-04-20 13:32:01 - [MESSAGE][PASSED] - Browser is opened with url: 'https://admin.preview.checkatrade.com/'

2020-04-20 13:32:01 - [TEST_STEP][PASSED] - maximizeWindow(): Current window maximized

2020-04-20 13:32:04 - [MESSAGE][PASSED] - Current window maximized

2020-04-20 13:32:04 - [TEST_STEP][PASSED] - waitForElementClickable(findTestObject("Object Repository/WebOffice/Page_Checkatrade - Administration - Login/Login_Button"), 25): Object 'Object Repository/WebOffice/Page_Checkatrade - Administration - Login/Login_Button' is clickable

2020-04-20 13:32:04 - [MESSAGE][PASSED] - Object 'Object Repository/WebOffice/Page_Checkatrade - Administration - Login/Login_Button' is clickable

2020-04-20 13:32:04 - [TEST_STEP][PASSED] - verifyTextPresent("Checkatrade Web Office", false): Text 'Checkatrade Web Office' is present on page 

2020-04-20 13:32:04 - [MESSAGE][PASSED] - Text 'Checkatrade Web Office' is present on page 

2020-04-20 13:32:04 - [TEST_STEP][PASSED] - verifyTextPresent("Access for staff use only", false): Text 'Access for staff use only' is present on page 

2020-04-20 13:32:05 - [MESSAGE][PASSED] - Text 'Access for staff use only' is present on page 

2020-04-20 13:32:05 - [TEST_STEP][PASSED] - verifyTextPresent("Forgotten password?", false): Text 'Forgotten password?' is present on page 

2020-04-20 13:32:05 - [MESSAGE][PASSED] - Text 'Forgotten password?' is present on page 

2020-04-20 13:32:05 - [TEST_STEP][PASSED] - setText(findTestObject("Object Repository/WebOffice/Page_Checkatrade - Administration - Login/input_Username_LoginControlUserName"), wo_Username): Text 'DavidHo' is set on object 'Object Repository/WebOffice/Page_Checkatrade - Administration - Login/input_Username_LoginControlUserName'

2020-04-20 13:32:06 - [MESSAGE][PASSED] - Text 'DavidHo' is set on object 'Object Repository/WebOffice/Page_Checkatrade - Administration - Login/input_Username_LoginControlUserName'

2020-04-20 13:32:06 - [TEST_STEP][PASSED] - setText(findTestObject("Object Repository/WebOffice/Page_Checkatrade - Administration - Login/input_Password_LoginControlPassword"), wo_Password): Text 'Check123' is set on object 'Object Repository/WebOffice/Page_Checkatrade - Administration - Login/input_Password_LoginControlPassword'

2020-04-20 13:32:06 - [MESSAGE][PASSED] - Text 'Check123' is set on object 'Object Repository/WebOffice/Page_Checkatrade - Administration - Login/input_Password_LoginControlPassword'

2020-04-20 13:32:06 - [TEST_STEP][PASSED] - click(findTestObject("Object Repository/WebOffice/Page_Checkatrade - Administration - Login/Login_Button")): Object: 'Object Repository/WebOffice/Page_Checkatrade - Administration - Login/Login_Button' is clicked on

2020-04-20 13:32:10 - [MESSAGE][PASSED] - Object: 'Object Repository/WebOffice/Page_Checkatrade - Administration - Login/Login_Button' is clicked on

2020-04-20 13:32:10 - [TEST_STEP][PASSED] - waitForPageLoad(60): Wait for page load successfully

2020-04-20 13:32:11 - [MESSAGE][PASSED] - Wait for page load successfully

2020-04-20 13:32:11 - [TEST_STEP][PASSED] - verifyTextPresent("Welcome " + wo_Username, false): Text 'Welcome DavidHo' is present on page 

2020-04-20 13:32:12 - [MESSAGE][PASSED] - Text 'Welcome DavidHo' is present on page 

2020-04-20 13:32:12 - [MESSAGE][PASSED] - Call Test Case 'Test Cases/Reusable_Test_Sequences/Web_Office/Directives/WebOffice_StartUp' successfully

2020-04-20 13:32:12 - [TEST_STEP][PASSED] - "-----------------------------------------------------------------": null

2020-04-20 13:32:12 - [TEST_STEP][PASSED] - " Navigate to <Settings->Checkatrade.Com->Sub Item> Menu Item     |": null

2020-04-20 13:32:12 - [TEST_STEP][PASSED] - callTestCase(findTestCase("Reusable_Test_Sequences/Web_Office/Navigation/Sub_Menu_Navigation/Reports/By_Category_and_Location"), [:], STOP_ON_FAILURE): Call Test Case 'Test Cases/Reusable_Test_Sequences/Web_Office/Navigation/Sub_Menu_Navigation/Reports/By_Category_and_Location' successfully

2020-04-20 13:32:12 - [TEST_CASE][PASSED] - Test Cases/Reusable_Test_Sequences/Web_Office/Navigation/Sub_Menu_Navigation/Reports/By_Category_and_Location: Test Cases/Reusable_Test_Sequences/Web_Office/Navigation/Sub_Menu_Navigation/Reports/By_Category_and_Location

2020-04-20 13:32:12 - [TEST_STEP][PASSED] - "--------------------------------------": null

2020-04-20 13:32:12 - [TEST_STEP][PASSED] - " Navigate Top level menu Item         |": null

2020-04-20 13:32:12 - [TEST_STEP][PASSED] - waitForPageLoad(60): Wait for page load successfully

2020-04-20 13:32:12 - [MESSAGE][PASSED] - Wait for page load successfully

2020-04-20 13:32:12 - [TEST_STEP][PASSED] - waitForElementClickable(findTestObject("Object Repository/WebOffice_Home_page/a_Reports"), 60): Object 'Object Repository/WebOffice_Home_page/a_Reports' is clickable

2020-04-20 13:32:12 - [MESSAGE][PASSED] - Object 'Object Repository/WebOffice_Home_page/a_Reports' is clickable

2020-04-20 13:32:12 - [TEST_STEP][PASSED] - mouseOver(findTestObject("Object Repository/WebOffice_Home_page/a_Reports")): Object: 'Object Repository/WebOffice_Home_page/a_Reports' is hovered

2020-04-20 13:32:13 - [MESSAGE][PASSED] - Object: 'Object Repository/WebOffice_Home_page/a_Reports' is hovered

2020-04-20 13:32:13 - [TEST_STEP][PASSED] - mouseOver(findTestObject("Object Repository/WebOffice_Home_page/Page_/a_Consumers")): Object: 'Object Repository/WebOffice_Home_page/Page_/a_Consumers' is hovered

2020-04-20 13:32:13 - [MESSAGE][PASSED] - Object: 'Object Repository/WebOffice_Home_page/Page_/a_Consumers' is hovered

2020-04-20 13:32:13 - [TEST_STEP][PASSED] - mouseOver(findTestObject("Object Repository/WebOffice_Home_page/Page_/a_Consumer Searches")): Object: 'Object Repository/WebOffice_Home_page/Page_/a_Consumer Searches' is hovered

2020-04-20 13:32:13 - [MESSAGE][PASSED] - Object: 'Object Repository/WebOffice_Home_page/Page_/a_Consumer Searches' is hovered

2020-04-20 13:32:13 - [TEST_STEP][PASSED] - waitForPageLoad(5): Wait for page load successfully

2020-04-20 13:32:13 - [MESSAGE][PASSED] - Wait for page load successfully

2020-04-20 13:32:13 - [TEST_STEP][PASSED] - waitForElementClickable(findTestObject("Object Repository/WebOffice_Home_page/a_By Category and Location"), 5): Object 'Object Repository/WebOffice_Home_page/a_By Category and Location' is clickable

2020-04-20 13:32:14 - [MESSAGE][PASSED] - Object 'Object Repository/WebOffice_Home_page/a_By Category and Location' is clickable

2020-04-20 13:32:14 - [TEST_STEP][PASSED] - click(findTestObject("Object Repository/WebOffice_Home_page/a_By Category and Location")): Object: 'Object Repository/WebOffice_Home_page/a_By Category and Location' is clicked on

2020-04-20 13:32:16 - [MESSAGE][PASSED] - Object: 'Object Repository/WebOffice_Home_page/a_By Category and Location' is clicked on

2020-04-20 13:32:16 - [MESSAGE][PASSED] - Call Test Case 'Test Cases/Reusable_Test_Sequences/Web_Office/Navigation/Sub_Menu_Navigation/Reports/By_Category_and_Location' successfully

2020-04-20 13:32:16 - [TEST_STEP][PASSED] - "--------------------------------------": null

2020-04-20 13:32:16 - [TEST_STEP][PASSED] - " Verify Returned Page Detail          |": null

2020-04-20 13:32:16 - [TEST_STEP][PASSED] - callTestCase(findTestCase("Reusable_Test_Sequences/Web_Office/Verification/Reports/By_Category_and_Location"), [:], OPTIONAL): Call Test Case 'Test Cases/Reusable_Test_Sequences/Web_Office/Verification/Reports/By_Category_and_Location' successfully

2020-04-20 13:32:16 - [TEST_CASE][PASSED] - Test Cases/Reusable_Test_Sequences/Web_Office/Verification/Reports/By_Category_and_Location: Test Cases/Reusable_Test_Sequences/Web_Office/Verification/Reports/By_Category_and_Location

2020-04-20 13:32:17 - [TEST_STEP][PASSED] - waitForPageLoad(120): Wait for page load successfully

2020-04-20 13:32:17 - [MESSAGE][PASSED] - Wait for page load successfully

2020-04-20 13:32:17 - [TEST_STEP][PASSED] - delay(1): Delayed 1 second(s)

2020-04-20 13:32:18 - [MESSAGE][PASSED] - Delayed 1 second(s)

2020-04-20 13:32:18 - [TEST_STEP][PASSED] - verifyTextPresent("Searches by Location and Category", false): Text 'Searches by Location and Category' is present on page 

2020-04-20 13:32:19 - [MESSAGE][PASSED] - Text 'Searches by Location and Category' is present on page 

2020-04-20 13:32:19 - [TEST_STEP][PASSED] - "----------------------------------------------": null

2020-04-20 13:32:19 - [TEST_STEP][PASSED] - verifyTextPresent("County", false): Text 'County' is present on page 

2020-04-20 13:32:20 - [MESSAGE][PASSED] - Text 'County' is present on page 

2020-04-20 13:32:20 - [TEST_STEP][PASSED] - verifyTextPresent("Town", false): Text 'Town' is present on page 

2020-04-20 13:32:21 - [MESSAGE][PASSED] - Text 'Town' is present on page 

2020-04-20 13:32:21 - [TEST_STEP][PASSED] - verifyTextPresent("By Postcode", false): Text 'By Postcode' is present on page 

2020-04-20 13:32:22 - [MESSAGE][PASSED] - Text 'By Postcode' is present on page 

2020-04-20 13:32:22 - [TEST_STEP][PASSED] - verifyTextPresent("Select Categories", false): Text 'Select Categories' is present on page 

2020-04-20 13:32:23 - [MESSAGE][PASSED] - Text 'Select Categories' is present on page 

2020-04-20 13:32:23 - [TEST_STEP][PASSED] - "----------------------------------------------": null

2020-04-20 13:32:23 - [TEST_STEP][PASSED] - "----------------------------------------------": null

2020-04-20 13:32:23 - [TEST_STEP][PASSED] - verifyTextPresent("Angus", false): Text 'Angus' is present on page 

2020-04-20 13:32:24 - [MESSAGE][PASSED] - Text 'Angus' is present on page 

2020-04-20 13:32:24 - [TEST_STEP][PASSED] - verifyTextPresent("Berkshire", false): Text 'Berkshire' is present on page 

2020-04-20 13:32:26 - [MESSAGE][PASSED] - Text 'Berkshire' is present on page 

2020-04-20 13:32:26 - [TEST_STEP][PASSED] - verifyTextPresent("Avon", false): Text 'Avon' is present on page 

2020-04-20 13:32:27 - [MESSAGE][PASSED] - Text 'Avon' is present on page 

2020-04-20 13:32:27 - [TEST_STEP][PASSED] - verifyTextPresent("Air Conditioning", false): Text 'Air Conditioning' is present on page 

2020-04-20 13:32:28 - [MESSAGE][PASSED] - Text 'Air Conditioning' is present on page 

2020-04-20 13:32:28 - [TEST_STEP][PASSED] - verifyTextPresent("Alarms/Security", false): Text 'Alarms/Security' is present on page 

2020-04-20 13:32:30 - [MESSAGE][PASSED] - Text 'Alarms/Security' is present on page 

2020-04-20 13:32:30 - [TEST_STEP][PASSED] - verifyTextPresent("CCTV", false): Text 'CCTV' is present on page 

2020-04-20 13:32:31 - [MESSAGE][PASSED] - Text 'CCTV' is present on page 

2020-04-20 13:32:31 - [TEST_STEP][PASSED] - verifyTextPresent("Fire", false): Text 'Fire' is present on page 

2020-04-20 13:32:33 - [MESSAGE][PASSED] - Text 'Fire' is present on page 

2020-04-20 13:32:33 - [TEST_STEP][PASSED] - verifyTextPresent("Alarms", false): Text 'Alarms' is present on page 

2020-04-20 13:32:34 - [MESSAGE][PASSED] - Text 'Alarms' is present on page 

2020-04-20 13:32:34 - [TEST_STEP][PASSED] - verifyTextPresent("Extinguishers", false): Text 'Extinguishers' is present on page 

2020-04-20 13:32:36 - [MESSAGE][PASSED] - Text 'Extinguishers' is present on page 

2020-04-20 13:32:36 - [MESSAGE][PASSED] - Call Test Case 'Test Cases/Reusable_Test_Sequences/Web_Office/Verification/Reports/By_Category_and_Location' successfully

2020-04-20 13:32:36 - [TEST_STEP][PASSED] - "--------------------------": null

2020-04-20 13:32:36 - [TEST_STEP][PASSED] - " Teardown - CLose Browser |": null

2020-04-20 13:32:36 - [TEST_STEP][PASSED] - callTestCase(findTestCase("Reusable_Test_Sequences/CAT_Teardown"), [:], OPTIONAL): Call Test Case 'Test Cases/Reusable_Test_Sequences/CAT_Teardown' successfully

2020-04-20 13:32:36 - [TEST_CASE][PASSED] - Test Cases/Reusable_Test_Sequences/CAT_Teardown: Test Cases/Reusable_Test_Sequences/CAT_Teardown

2020-04-20 13:32:36 - [TEST_STEP][PASSED] - closeBrowser(): Browser is closed

2020-04-20 13:32:38 - [MESSAGE][PASSED] - Browser is closed

2020-04-20 13:32:38 - [TEST_STEP][PASSED] - super.finalize(): null

2020-04-20 13:32:38 - [TEST_STEP][PASSED] - System.gc(): null

2020-04-20 13:32:38 - [MESSAGE][PASSED] - Call Test Case 'Test Cases/Reusable_Test_Sequences/CAT_Teardown' successfully]]></system-out>
         <system-err><![CDATA[]]></system-err>
      </testcase>
      <testcase name="Test Cases/Web_Office/Reports/By_Category" time="28.249" classname="Test Cases/Web_Office/Reports/By_Category" status="PASSED">
         <system-out><![CDATA[2020-04-20 13:32:38 - [TEST_CASE][PASSED] - Test Cases/Web_Office/Reports/By_Category: Test Cases/Web_Office/Reports/By_Category

2020-04-20 13:32:38 - [TEST_STEP][PASSED] - "--------------------------------------": null

2020-04-20 13:32:38 - [TEST_STEP][PASSED] - " Web Office StartUp                  |": null

2020-04-20 13:32:38 - [TEST_STEP][PASSED] - callTestCase(findTestCase("Reusable_Test_Sequences/Web_Office/Directives/WebOffice_StartUp"), [:], STOP_ON_FAILURE): Call Test Case 'Test Cases/Reusable_Test_Sequences/Web_Office/Directives/WebOffice_StartUp' successfully

2020-04-20 13:32:38 - [TEST_CASE][PASSED] - Test Cases/Reusable_Test_Sequences/Web_Office/Directives/WebOffice_StartUp: Test Cases/Reusable_Test_Sequences/Web_Office/Directives/WebOffice_StartUp

2020-04-20 13:32:38 - [TEST_STEP][PASSED] - "-----------------------------------------------------------------------------": null

2020-04-20 13:32:38 - [TEST_STEP][PASSED] - if (URL == "https://www.dev.checkatrade.com/"): null

2020-04-20 13:32:38 - [TEST_STEP][PASSED] - "-----------------------------------------------------------------------------": null

2020-04-20 13:32:38 - [TEST_STEP][PASSED] - if (URL == "https://www.checkatrade.com/"): null

2020-04-20 13:32:38 - [TEST_STEP][PASSED] - "-----------------------------------------------------------------------------": null

2020-04-20 13:32:38 - [TEST_STEP][PASSED] - if (URL == "https://www.preview.checkatrade.com/"): null

2020-04-20 13:32:38 - [TEST_STEP][PASSED] - WebOfficeURL = "https://admin.preview.checkatrade.com/": null

2020-04-20 13:32:38 - [TEST_STEP][PASSED] - if (URL == "https://www.dev2.checkatrade.com/"): null

2020-04-20 13:32:38 - [TEST_STEP][PASSED] - "Set Function Area for "URL_Handler", URL Resolution": null

2020-04-20 13:32:38 - [TEST_STEP][PASSED] - "Do Some Magic with URL(s) See the comments within URL Handler ": null

2020-04-20 13:32:38 - [TEST_STEP][PASSED] - "------------------------------------------------": null

2020-04-20 13:32:38 - [TEST_STEP][PASSED] - "Moved Login Credentials to <Default> profile 22/01/2020": null

2020-04-20 13:32:38 - [TEST_STEP][PASSED] - "------------------------------------------------": null

2020-04-20 13:32:38 - [TEST_STEP][PASSED] - "WebOfficeURL - Set from the ENVIRONMENT PROFILE ": null

2020-04-20 13:32:38 - [TEST_STEP][PASSED] - "OPEN BROWSER": null

2020-04-20 13:32:38 - [TEST_STEP][PASSED] - "eg - https://admin.preview.checkatrade.com/  ": null

2020-04-20 13:32:38 - [TEST_STEP][PASSED] - openBrowser(WebOfficeURL): Browser is opened with url: 'https://admin.preview.checkatrade.com/'

2020-04-20 13:32:38 - [MESSAGE][INFO] - Starting 'Chrome' driver

2020-04-20 13:32:38 - [MESSAGE][INFO] - Action delay is set to 0 milliseconds

2020-04-20 13:32:44 - [MESSAGE][PASSED] - Browser is opened with url: 'https://admin.preview.checkatrade.com/'

2020-04-20 13:32:44 - [TEST_STEP][PASSED] - maximizeWindow(): Current window maximized

2020-04-20 13:32:47 - [MESSAGE][PASSED] - Current window maximized

2020-04-20 13:32:47 - [TEST_STEP][PASSED] - waitForElementClickable(findTestObject("Object Repository/WebOffice/Page_Checkatrade - Administration - Login/Login_Button"), 25): Object 'Object Repository/WebOffice/Page_Checkatrade - Administration - Login/Login_Button' is clickable

2020-04-20 13:32:47 - [MESSAGE][PASSED] - Object 'Object Repository/WebOffice/Page_Checkatrade - Administration - Login/Login_Button' is clickable

2020-04-20 13:32:47 - [TEST_STEP][PASSED] - verifyTextPresent("Checkatrade Web Office", false): Text 'Checkatrade Web Office' is present on page 

2020-04-20 13:32:47 - [MESSAGE][PASSED] - Text 'Checkatrade Web Office' is present on page 

2020-04-20 13:32:47 - [TEST_STEP][PASSED] - verifyTextPresent("Access for staff use only", false): Text 'Access for staff use only' is present on page 

2020-04-20 13:32:47 - [MESSAGE][PASSED] - Text 'Access for staff use only' is present on page 

2020-04-20 13:32:47 - [TEST_STEP][PASSED] - verifyTextPresent("Forgotten password?", false): Text 'Forgotten password?' is present on page 

2020-04-20 13:32:47 - [MESSAGE][PASSED] - Text 'Forgotten password?' is present on page 

2020-04-20 13:32:47 - [TEST_STEP][PASSED] - setText(findTestObject("Object Repository/WebOffice/Page_Checkatrade - Administration - Login/input_Username_LoginControlUserName"), wo_Username): Text 'DavidHo' is set on object 'Object Repository/WebOffice/Page_Checkatrade - Administration - Login/input_Username_LoginControlUserName'

2020-04-20 13:32:47 - [MESSAGE][PASSED] - Text 'DavidHo' is set on object 'Object Repository/WebOffice/Page_Checkatrade - Administration - Login/input_Username_LoginControlUserName'

2020-04-20 13:32:47 - [TEST_STEP][PASSED] - setText(findTestObject("Object Repository/WebOffice/Page_Checkatrade - Administration - Login/input_Password_LoginControlPassword"), wo_Password): Text 'Check123' is set on object 'Object Repository/WebOffice/Page_Checkatrade - Administration - Login/input_Password_LoginControlPassword'

2020-04-20 13:32:48 - [MESSAGE][PASSED] - Text 'Check123' is set on object 'Object Repository/WebOffice/Page_Checkatrade - Administration - Login/input_Password_LoginControlPassword'

2020-04-20 13:32:48 - [TEST_STEP][PASSED] - click(findTestObject("Object Repository/WebOffice/Page_Checkatrade - Administration - Login/Login_Button")): Object: 'Object Repository/WebOffice/Page_Checkatrade - Administration - Login/Login_Button' is clicked on

2020-04-20 13:32:49 - [MESSAGE][PASSED] - Object: 'Object Repository/WebOffice/Page_Checkatrade - Administration - Login/Login_Button' is clicked on

2020-04-20 13:32:49 - [TEST_STEP][PASSED] - waitForPageLoad(60): Wait for page load successfully

2020-04-20 13:32:49 - [MESSAGE][PASSED] - Wait for page load successfully

2020-04-20 13:32:49 - [TEST_STEP][PASSED] - verifyTextPresent("Welcome " + wo_Username, false): Text 'Welcome DavidHo' is present on page 

2020-04-20 13:32:50 - [MESSAGE][PASSED] - Text 'Welcome DavidHo' is present on page 

2020-04-20 13:32:50 - [MESSAGE][PASSED] - Call Test Case 'Test Cases/Reusable_Test_Sequences/Web_Office/Directives/WebOffice_StartUp' successfully

2020-04-20 13:32:50 - [TEST_STEP][PASSED] - "-----------------------------------------------------------------": null

2020-04-20 13:32:50 - [TEST_STEP][PASSED] - " Navigate to <Settings->Checkatrade.Com->Sub Item> Menu Item     |": null

2020-04-20 13:32:50 - [TEST_STEP][PASSED] - callTestCase(findTestCase("Reusable_Test_Sequences/Web_Office/Navigation/Sub_Menu_Navigation/Reports/By_Category"), [:], STOP_ON_FAILURE): Call Test Case 'Test Cases/Reusable_Test_Sequences/Web_Office/Navigation/Sub_Menu_Navigation/Reports/By_Category' successfully

2020-04-20 13:32:50 - [TEST_CASE][PASSED] - Test Cases/Reusable_Test_Sequences/Web_Office/Navigation/Sub_Menu_Navigation/Reports/By_Category: Test Cases/Reusable_Test_Sequences/Web_Office/Navigation/Sub_Menu_Navigation/Reports/By_Category

2020-04-20 13:32:51 - [TEST_STEP][PASSED] - "--------------------------------------": null

2020-04-20 13:32:51 - [TEST_STEP][PASSED] - " Navigate Top level menu Item         |": null

2020-04-20 13:32:51 - [TEST_STEP][PASSED] - waitForPageLoad(60): Wait for page load successfully

2020-04-20 13:32:51 - [MESSAGE][PASSED] - Wait for page load successfully

2020-04-20 13:32:51 - [TEST_STEP][PASSED] - waitForElementClickable(findTestObject("Object Repository/WebOffice_Home_page/a_Reports"), 60): Object 'Object Repository/WebOffice_Home_page/a_Reports' is clickable

2020-04-20 13:32:51 - [MESSAGE][PASSED] - Object 'Object Repository/WebOffice_Home_page/a_Reports' is clickable

2020-04-20 13:32:51 - [TEST_STEP][PASSED] - mouseOver(findTestObject("Object Repository/WebOffice_Home_page/a_Reports")): Object: 'Object Repository/WebOffice_Home_page/a_Reports' is hovered

2020-04-20 13:32:51 - [MESSAGE][PASSED] - Object: 'Object Repository/WebOffice_Home_page/a_Reports' is hovered

2020-04-20 13:32:51 - [TEST_STEP][PASSED] - mouseOver(findTestObject("Object Repository/WebOffice_Home_page/Page_/a_Consumers")): Object: 'Object Repository/WebOffice_Home_page/Page_/a_Consumers' is hovered

2020-04-20 13:32:52 - [MESSAGE][PASSED] - Object: 'Object Repository/WebOffice_Home_page/Page_/a_Consumers' is hovered

2020-04-20 13:32:52 - [TEST_STEP][PASSED] - mouseOver(findTestObject("Object Repository/WebOffice_Home_page/Page_/a_Consumer Searches")): Object: 'Object Repository/WebOffice_Home_page/Page_/a_Consumer Searches' is hovered

2020-04-20 13:32:52 - [MESSAGE][PASSED] - Object: 'Object Repository/WebOffice_Home_page/Page_/a_Consumer Searches' is hovered

2020-04-20 13:32:52 - [TEST_STEP][PASSED] - waitForPageLoad(5): Wait for page load successfully

2020-04-20 13:32:52 - [MESSAGE][PASSED] - Wait for page load successfully

2020-04-20 13:32:52 - [TEST_STEP][PASSED] - waitForElementClickable(findTestObject("Object Repository/WebOffice_Home_page/a_By Category"), 5): Object 'Object Repository/WebOffice_Home_page/a_By Category' is clickable

2020-04-20 13:32:52 - [MESSAGE][PASSED] - Object 'Object Repository/WebOffice_Home_page/a_By Category' is clickable

2020-04-20 13:32:52 - [TEST_STEP][PASSED] - click(findTestObject("Object Repository/WebOffice_Home_page/a_By Category")): Object: 'Object Repository/WebOffice_Home_page/a_By Category' is clicked on

2020-04-20 13:32:53 - [MESSAGE][PASSED] - Object: 'Object Repository/WebOffice_Home_page/a_By Category' is clicked on

2020-04-20 13:32:53 - [MESSAGE][PASSED] - Call Test Case 'Test Cases/Reusable_Test_Sequences/Web_Office/Navigation/Sub_Menu_Navigation/Reports/By_Category' successfully

2020-04-20 13:32:53 - [TEST_STEP][PASSED] - "--------------------------------------": null

2020-04-20 13:32:53 - [TEST_STEP][PASSED] - " Verify Returned Page Detail          |": null

2020-04-20 13:32:53 - [TEST_STEP][PASSED] - callTestCase(findTestCase("Reusable_Test_Sequences/Web_Office/Verification/Reports/By_Category"), [:], OPTIONAL): Call Test Case 'Test Cases/Reusable_Test_Sequences/Web_Office/Verification/Reports/By_Category' successfully

2020-04-20 13:32:53 - [TEST_CASE][PASSED] - Test Cases/Reusable_Test_Sequences/Web_Office/Verification/Reports/By_Category: Test Cases/Reusable_Test_Sequences/Web_Office/Verification/Reports/By_Category

2020-04-20 13:32:54 - [TEST_STEP][PASSED] - waitForPageLoad(120): Wait for page load successfully

2020-04-20 13:32:54 - [MESSAGE][PASSED] - Wait for page load successfully

2020-04-20 13:32:54 - [TEST_STEP][PASSED] - delay(1): Delayed 1 second(s)

2020-04-20 13:32:55 - [MESSAGE][PASSED] - Delayed 1 second(s)

2020-04-20 13:32:55 - [TEST_STEP][PASSED] - verifyTextPresent("Consumer Searches", false): Text 'Consumer Searches' is present on page 

2020-04-20 13:32:56 - [MESSAGE][PASSED] - Text 'Consumer Searches' is present on page 

2020-04-20 13:32:56 - [TEST_STEP][PASSED] - "----------------------------------------------": null

2020-04-20 13:32:56 - [TEST_STEP][PASSED] - verifyTextPresent("From", false): Text 'From' is present on page 

2020-04-20 13:32:56 - [MESSAGE][PASSED] - Text 'From' is present on page 

2020-04-20 13:32:56 - [TEST_STEP][PASSED] - verifyTextPresent("Popular Categories", false): Text 'Popular Categories' is present on page 

2020-04-20 13:32:56 - [MESSAGE][PASSED] - Text 'Popular Categories' is present on page 

2020-04-20 13:32:56 - [TEST_STEP][PASSED] - verifyTextPresent("Search for", false): Text 'Search for' is present on page 

2020-04-20 13:32:57 - [MESSAGE][PASSED] - Text 'Search for' is present on page 

2020-04-20 13:32:57 - [TEST_STEP][PASSED] - verifyTextPresent("No. Results", false): Text 'No. Results' is present on page 

2020-04-20 13:32:57 - [MESSAGE][PASSED] - Text 'No. Results' is present on page 

2020-04-20 13:32:57 - [TEST_STEP][PASSED] - verifyTextPresent("No. Searches", false): Text 'No. Searches' is present on page 

2020-04-20 13:32:57 - [MESSAGE][PASSED] - Text 'No. Searches' is present on page 

2020-04-20 13:32:57 - [TEST_STEP][PASSED] - "----------------------------------------------": null

2020-04-20 13:32:57 - [TEST_STEP][PASSED] - verifyTextPresent("Plumber", false): Text 'Plumber' is present on page 

2020-04-20 13:32:58 - [MESSAGE][PASSED] - Text 'Plumber' is present on page 

2020-04-20 13:32:58 - [TEST_STEP][PASSED] - verifyTextPresent("Builder", false): Text 'Builder' is present on page 

2020-04-20 13:32:58 - [MESSAGE][PASSED] - Text 'Builder' is present on page 

2020-04-20 13:32:58 - [TEST_STEP][PASSED] - verifyTextPresent("Electrician", false): Text 'Electrician' is present on page 

2020-04-20 13:32:59 - [MESSAGE][PASSED] - Text 'Electrician' is present on page 

2020-04-20 13:32:59 - [TEST_STEP][PASSED] - verifyTextPresent("Roofer", false): Text 'Roofer' is present on page 

2020-04-20 13:32:59 - [MESSAGE][PASSED] - Text 'Roofer' is present on page 

2020-04-20 13:32:59 - [TEST_STEP][PASSED] - verifyTextPresent("Painter/Decorator", false): Text 'Painter/Decorator' is present on page 

2020-04-20 13:32:59 - [MESSAGE][PASSED] - Text 'Painter/Decorator' is present on page 

2020-04-20 13:32:59 - [TEST_STEP][PASSED] - verifyTextPresent("Carpenter", false): Text 'Carpenter' is present on page 

2020-04-20 13:33:00 - [MESSAGE][PASSED] - Text 'Carpenter' is present on page 

2020-04-20 13:33:00 - [TEST_STEP][PASSED] - verifyTextPresent("Plasterer", false): Text 'Plasterer' is present on page 

2020-04-20 13:33:00 - [MESSAGE][PASSED] - Text 'Plasterer' is present on page 

2020-04-20 13:33:00 - [TEST_STEP][PASSED] - verifyTextPresent("Roofing Repairs", false): Text 'Roofing Repairs' is present on page 

2020-04-20 13:33:01 - [MESSAGE][PASSED] - Text 'Roofing Repairs' is present on page 

2020-04-20 13:33:01 - [TEST_STEP][PASSED] - verifyTextPresent("Landscaper", false): Text 'Landscaper' is present on page 

2020-04-20 13:33:02 - [MESSAGE][PASSED] - Text 'Landscaper' is present on page 

2020-04-20 13:33:02 - [MESSAGE][PASSED] - Call Test Case 'Test Cases/Reusable_Test_Sequences/Web_Office/Verification/Reports/By_Category' successfully

2020-04-20 13:33:02 - [TEST_STEP][PASSED] - "--------------------------": null

2020-04-20 13:33:02 - [TEST_STEP][PASSED] - " Teardown - CLose Browser |": null

2020-04-20 13:33:02 - [TEST_STEP][PASSED] - callTestCase(findTestCase("Reusable_Test_Sequences/CAT_Teardown"), [:], OPTIONAL): Call Test Case 'Test Cases/Reusable_Test_Sequences/CAT_Teardown' successfully

2020-04-20 13:33:02 - [TEST_CASE][PASSED] - Test Cases/Reusable_Test_Sequences/CAT_Teardown: Test Cases/Reusable_Test_Sequences/CAT_Teardown

2020-04-20 13:33:02 - [TEST_STEP][PASSED] - closeBrowser(): Browser is closed

2020-04-20 13:33:06 - [MESSAGE][PASSED] - Browser is closed

2020-04-20 13:33:06 - [TEST_STEP][PASSED] - super.finalize(): null

2020-04-20 13:33:06 - [TEST_STEP][PASSED] - System.gc(): null

2020-04-20 13:33:06 - [MESSAGE][PASSED] - Call Test Case 'Test Cases/Reusable_Test_Sequences/CAT_Teardown' successfully]]></system-out>
         <system-err><![CDATA[]]></system-err>
      </testcase>
      <testcase name="Test Cases/Web_Office/Reports/By_Location" time="27.325" classname="Test Cases/Web_Office/Reports/By_Location" status="PASSED">
         <system-out><![CDATA[2020-04-20 13:33:06 - [TEST_CASE][PASSED] - Test Cases/Web_Office/Reports/By_Location: Test Cases/Web_Office/Reports/By_Location

2020-04-20 13:33:07 - [TEST_STEP][PASSED] - "--------------------------------------": null

2020-04-20 13:33:07 - [TEST_STEP][PASSED] - " Web Office StartUp                  |": null

2020-04-20 13:33:07 - [TEST_STEP][PASSED] - callTestCase(findTestCase("Reusable_Test_Sequences/Web_Office/Directives/WebOffice_StartUp"), [:], STOP_ON_FAILURE): Call Test Case 'Test Cases/Reusable_Test_Sequences/Web_Office/Directives/WebOffice_StartUp' successfully

2020-04-20 13:33:07 - [TEST_CASE][PASSED] - Test Cases/Reusable_Test_Sequences/Web_Office/Directives/WebOffice_StartUp: Test Cases/Reusable_Test_Sequences/Web_Office/Directives/WebOffice_StartUp

2020-04-20 13:33:07 - [TEST_STEP][PASSED] - "-----------------------------------------------------------------------------": null

2020-04-20 13:33:07 - [TEST_STEP][PASSED] - if (URL == "https://www.dev.checkatrade.com/"): null

2020-04-20 13:33:07 - [TEST_STEP][PASSED] - "-----------------------------------------------------------------------------": null

2020-04-20 13:33:07 - [TEST_STEP][PASSED] - if (URL == "https://www.checkatrade.com/"): null

2020-04-20 13:33:07 - [TEST_STEP][PASSED] - "-----------------------------------------------------------------------------": null

2020-04-20 13:33:07 - [TEST_STEP][PASSED] - if (URL == "https://www.preview.checkatrade.com/"): null

2020-04-20 13:33:07 - [TEST_STEP][PASSED] - WebOfficeURL = "https://admin.preview.checkatrade.com/": null

2020-04-20 13:33:07 - [TEST_STEP][PASSED] - if (URL == "https://www.dev2.checkatrade.com/"): null

2020-04-20 13:33:07 - [TEST_STEP][PASSED] - "Set Function Area for "URL_Handler", URL Resolution": null

2020-04-20 13:33:07 - [TEST_STEP][PASSED] - "Do Some Magic with URL(s) See the comments within URL Handler ": null

2020-04-20 13:33:07 - [TEST_STEP][PASSED] - "------------------------------------------------": null

2020-04-20 13:33:07 - [TEST_STEP][PASSED] - "Moved Login Credentials to <Default> profile 22/01/2020": null

2020-04-20 13:33:07 - [TEST_STEP][PASSED] - "------------------------------------------------": null

2020-04-20 13:33:07 - [TEST_STEP][PASSED] - "WebOfficeURL - Set from the ENVIRONMENT PROFILE ": null

2020-04-20 13:33:07 - [TEST_STEP][PASSED] - "OPEN BROWSER": null

2020-04-20 13:33:07 - [TEST_STEP][PASSED] - "eg - https://admin.preview.checkatrade.com/  ": null

2020-04-20 13:33:07 - [TEST_STEP][PASSED] - openBrowser(WebOfficeURL): Browser is opened with url: 'https://admin.preview.checkatrade.com/'

2020-04-20 13:33:07 - [MESSAGE][INFO] - Starting 'Chrome' driver

2020-04-20 13:33:07 - [MESSAGE][INFO] - Action delay is set to 0 milliseconds

2020-04-20 13:33:15 - [MESSAGE][PASSED] - Browser is opened with url: 'https://admin.preview.checkatrade.com/'

2020-04-20 13:33:15 - [TEST_STEP][PASSED] - maximizeWindow(): Current window maximized

2020-04-20 13:33:18 - [MESSAGE][PASSED] - Current window maximized

2020-04-20 13:33:18 - [TEST_STEP][PASSED] - waitForElementClickable(findTestObject("Object Repository/WebOffice/Page_Checkatrade - Administration - Login/Login_Button"), 25): Object 'Object Repository/WebOffice/Page_Checkatrade - Administration - Login/Login_Button' is clickable

2020-04-20 13:33:18 - [MESSAGE][PASSED] - Object 'Object Repository/WebOffice/Page_Checkatrade - Administration - Login/Login_Button' is clickable

2020-04-20 13:33:18 - [TEST_STEP][PASSED] - verifyTextPresent("Checkatrade Web Office", false): Text 'Checkatrade Web Office' is present on page 

2020-04-20 13:33:18 - [MESSAGE][PASSED] - Text 'Checkatrade Web Office' is present on page 

2020-04-20 13:33:18 - [TEST_STEP][PASSED] - verifyTextPresent("Access for staff use only", false): Text 'Access for staff use only' is present on page 

2020-04-20 13:33:18 - [MESSAGE][PASSED] - Text 'Access for staff use only' is present on page 

2020-04-20 13:33:18 - [TEST_STEP][PASSED] - verifyTextPresent("Forgotten password?", false): Text 'Forgotten password?' is present on page 

2020-04-20 13:33:18 - [MESSAGE][PASSED] - Text 'Forgotten password?' is present on page 

2020-04-20 13:33:18 - [TEST_STEP][PASSED] - setText(findTestObject("Object Repository/WebOffice/Page_Checkatrade - Administration - Login/input_Username_LoginControlUserName"), wo_Username): Text 'DavidHo' is set on object 'Object Repository/WebOffice/Page_Checkatrade - Administration - Login/input_Username_LoginControlUserName'

2020-04-20 13:33:19 - [MESSAGE][PASSED] - Text 'DavidHo' is set on object 'Object Repository/WebOffice/Page_Checkatrade - Administration - Login/input_Username_LoginControlUserName'

2020-04-20 13:33:19 - [TEST_STEP][PASSED] - setText(findTestObject("Object Repository/WebOffice/Page_Checkatrade - Administration - Login/input_Password_LoginControlPassword"), wo_Password): Text 'Check123' is set on object 'Object Repository/WebOffice/Page_Checkatrade - Administration - Login/input_Password_LoginControlPassword'

2020-04-20 13:33:20 - [MESSAGE][PASSED] - Text 'Check123' is set on object 'Object Repository/WebOffice/Page_Checkatrade - Administration - Login/input_Password_LoginControlPassword'

2020-04-20 13:33:20 - [TEST_STEP][PASSED] - click(findTestObject("Object Repository/WebOffice/Page_Checkatrade - Administration - Login/Login_Button")): Object: 'Object Repository/WebOffice/Page_Checkatrade - Administration - Login/Login_Button' is clicked on

2020-04-20 13:33:21 - [MESSAGE][PASSED] - Object: 'Object Repository/WebOffice/Page_Checkatrade - Administration - Login/Login_Button' is clicked on

2020-04-20 13:33:21 - [TEST_STEP][PASSED] - waitForPageLoad(60): Wait for page load successfully

2020-04-20 13:33:21 - [MESSAGE][PASSED] - Wait for page load successfully

2020-04-20 13:33:21 - [TEST_STEP][PASSED] - verifyTextPresent("Welcome " + wo_Username, false): Text 'Welcome DavidHo' is present on page 

2020-04-20 13:33:22 - [MESSAGE][PASSED] - Text 'Welcome DavidHo' is present on page 

2020-04-20 13:33:22 - [MESSAGE][PASSED] - Call Test Case 'Test Cases/Reusable_Test_Sequences/Web_Office/Directives/WebOffice_StartUp' successfully

2020-04-20 13:33:22 - [TEST_STEP][PASSED] - "-----------------------------------------------------------------": null

2020-04-20 13:33:22 - [TEST_STEP][PASSED] - " Navigate to <Reports->Checkatrade.Com->Sub Item> Menu Item     |": null

2020-04-20 13:33:22 - [TEST_STEP][PASSED] - callTestCase(findTestCase("Reusable_Test_Sequences/Web_Office/Navigation/Sub_Menu_Navigation/Reports/By_Location"), [:], STOP_ON_FAILURE): Call Test Case 'Test Cases/Reusable_Test_Sequences/Web_Office/Navigation/Sub_Menu_Navigation/Reports/By_Location' successfully

2020-04-20 13:33:22 - [TEST_CASE][PASSED] - Test Cases/Reusable_Test_Sequences/Web_Office/Navigation/Sub_Menu_Navigation/Reports/By_Location: Test Cases/Reusable_Test_Sequences/Web_Office/Navigation/Sub_Menu_Navigation/Reports/By_Location

2020-04-20 13:33:22 - [TEST_STEP][PASSED] - "--------------------------------------": null

2020-04-20 13:33:22 - [TEST_STEP][PASSED] - " Navigate Top level menu Item         |": null

2020-04-20 13:33:22 - [TEST_STEP][PASSED] - waitForPageLoad(60): Wait for page load successfully

2020-04-20 13:33:22 - [MESSAGE][PASSED] - Wait for page load successfully

2020-04-20 13:33:22 - [TEST_STEP][PASSED] - waitForElementClickable(findTestObject("Object Repository/WebOffice_Home_page/a_Reports"), 60): Object 'Object Repository/WebOffice_Home_page/a_Reports' is clickable

2020-04-20 13:33:22 - [MESSAGE][PASSED] - Object 'Object Repository/WebOffice_Home_page/a_Reports' is clickable

2020-04-20 13:33:22 - [TEST_STEP][PASSED] - mouseOver(findTestObject("Object Repository/WebOffice_Home_page/a_Reports")): Object: 'Object Repository/WebOffice_Home_page/a_Reports' is hovered

2020-04-20 13:33:23 - [MESSAGE][PASSED] - Object: 'Object Repository/WebOffice_Home_page/a_Reports' is hovered

2020-04-20 13:33:23 - [TEST_STEP][PASSED] - mouseOver(findTestObject("Object Repository/WebOffice_Home_page/Page_/a_Consumers")): Object: 'Object Repository/WebOffice_Home_page/Page_/a_Consumers' is hovered

2020-04-20 13:33:23 - [MESSAGE][PASSED] - Object: 'Object Repository/WebOffice_Home_page/Page_/a_Consumers' is hovered

2020-04-20 13:33:23 - [TEST_STEP][PASSED] - mouseOver(findTestObject("Object Repository/WebOffice_Home_page/Page_/a_Consumer Searches")): Object: 'Object Repository/WebOffice_Home_page/Page_/a_Consumer Searches' is hovered

2020-04-20 13:33:23 - [MESSAGE][PASSED] - Object: 'Object Repository/WebOffice_Home_page/Page_/a_Consumer Searches' is hovered

2020-04-20 13:33:23 - [TEST_STEP][PASSED] - waitForPageLoad(5): Wait for page load successfully

2020-04-20 13:33:23 - [MESSAGE][PASSED] - Wait for page load successfully

2020-04-20 13:33:23 - [TEST_STEP][PASSED] - waitForElementClickable(findTestObject("Object Repository/WebOffice_Home_page/a_By Location"), 5): Object 'Object Repository/WebOffice_Home_page/a_By Location' is clickable

2020-04-20 13:33:24 - [MESSAGE][PASSED] - Object 'Object Repository/WebOffice_Home_page/a_By Location' is clickable

2020-04-20 13:33:24 - [TEST_STEP][PASSED] - click(findTestObject("Object Repository/WebOffice_Home_page/a_By Location")): Object: 'Object Repository/WebOffice_Home_page/a_By Location' is clicked on

2020-04-20 13:33:25 - [MESSAGE][PASSED] - Object: 'Object Repository/WebOffice_Home_page/a_By Location' is clicked on

2020-04-20 13:33:25 - [MESSAGE][PASSED] - Call Test Case 'Test Cases/Reusable_Test_Sequences/Web_Office/Navigation/Sub_Menu_Navigation/Reports/By_Location' successfully

2020-04-20 13:33:25 - [TEST_STEP][PASSED] - "--------------------------------------": null

2020-04-20 13:33:25 - [TEST_STEP][PASSED] - " Verify Returned Page Detail          |": null

2020-04-20 13:33:25 - [TEST_STEP][PASSED] - callTestCase(findTestCase("Reusable_Test_Sequences/Web_Office/Verification/Reports/By_Location"), [:], OPTIONAL): Call Test Case 'Test Cases/Reusable_Test_Sequences/Web_Office/Verification/Reports/By_Location' successfully

2020-04-20 13:33:25 - [TEST_CASE][PASSED] - Test Cases/Reusable_Test_Sequences/Web_Office/Verification/Reports/By_Location: Test Cases/Reusable_Test_Sequences/Web_Office/Verification/Reports/By_Location

2020-04-20 13:33:25 - [TEST_STEP][PASSED] - waitForPageLoad(120): Wait for page load successfully

2020-04-20 13:33:25 - [MESSAGE][PASSED] - Wait for page load successfully

2020-04-20 13:33:25 - [TEST_STEP][PASSED] - delay(1): Delayed 1 second(s)

2020-04-20 13:33:26 - [MESSAGE][PASSED] - Delayed 1 second(s)

2020-04-20 13:33:26 - [TEST_STEP][PASSED] - verifyTextPresent("Searches by Location", false): Text 'Searches by Location' is present on page 

2020-04-20 13:33:27 - [MESSAGE][PASSED] - Text 'Searches by Location' is present on page 

2020-04-20 13:33:27 - [TEST_STEP][PASSED] - "----------------------------------------------": null

2020-04-20 13:33:27 - [TEST_STEP][PASSED] - verifyTextPresent("Select counties", false): Text 'Select counties' is present on page 

2020-04-20 13:33:27 - [MESSAGE][PASSED] - Text 'Select counties' is present on page 

2020-04-20 13:33:27 - [TEST_STEP][PASSED] - verifyTextPresent("Town", false): Text 'Town' is present on page 

2020-04-20 13:33:28 - [MESSAGE][PASSED] - Text 'Town' is present on page 

2020-04-20 13:33:28 - [TEST_STEP][PASSED] - verifyTextPresent("By Postcode", false): Text 'By Postcode' is present on page 

2020-04-20 13:33:28 - [MESSAGE][PASSED] - Text 'By Postcode' is present on page 

2020-04-20 13:33:28 - [TEST_STEP][PASSED] - "----------------------------------------------": null

2020-04-20 13:33:28 - [TEST_STEP][PASSED] - verifyTextPresent("Angus", false): Text 'Angus' is present on page 

2020-04-20 13:33:28 - [MESSAGE][PASSED] - Text 'Angus' is present on page 

2020-04-20 13:33:28 - [TEST_STEP][PASSED] - verifyTextPresent("Berkshire", false): Text 'Berkshire' is present on page 

2020-04-20 13:33:29 - [MESSAGE][PASSED] - Text 'Berkshire' is present on page 

2020-04-20 13:33:29 - [TEST_STEP][PASSED] - verifyTextPresent("Avon", false): Text 'Avon' is present on page 

2020-04-20 13:33:29 - [MESSAGE][PASSED] - Text 'Avon' is present on page 

2020-04-20 13:33:29 - [TEST_STEP][PASSED] - "----------------------------------------------": null

2020-04-20 13:33:29 - [TEST_STEP][PASSED] - verifyTextPresent("Tip: Use Shift or Control when clicking on the lists to select multiple options", false): Text 'Tip: Use Shift or Control when clicking on the lists to select multiple options' is present on page 

2020-04-20 13:33:30 - [MESSAGE][PASSED] - Text 'Tip: Use Shift or Control when clicking on the lists to select multiple options' is present on page 

2020-04-20 13:33:30 - [TEST_STEP][PASSED] - verifyTextPresent("Select Date Range", false): Text 'Select Date Range' is present on page 

2020-04-20 13:33:30 - [MESSAGE][PASSED] - Text 'Select Date Range' is present on page 

2020-04-20 13:33:30 - [TEST_STEP][PASSED] - verifyTextPresent("From", false): Text 'From' is present on page 

2020-04-20 13:33:31 - [MESSAGE][PASSED] - Text 'From' is present on page 

2020-04-20 13:33:31 - [TEST_STEP][PASSED] - verifyTextPresent("To", false): Text 'To' is present on page 

2020-04-20 13:33:31 - [MESSAGE][PASSED] - Text 'To' is present on page 

2020-04-20 13:33:31 - [MESSAGE][PASSED] - Call Test Case 'Test Cases/Reusable_Test_Sequences/Web_Office/Verification/Reports/By_Location' successfully

2020-04-20 13:33:31 - [TEST_STEP][PASSED] - "--------------------------": null

2020-04-20 13:33:31 - [TEST_STEP][PASSED] - " Teardown - CLose Browser |": null

2020-04-20 13:33:31 - [TEST_STEP][PASSED] - callTestCase(findTestCase("Reusable_Test_Sequences/CAT_Teardown"), [:], OPTIONAL): Call Test Case 'Test Cases/Reusable_Test_Sequences/CAT_Teardown' successfully

2020-04-20 13:33:31 - [TEST_CASE][PASSED] - Test Cases/Reusable_Test_Sequences/CAT_Teardown: Test Cases/Reusable_Test_Sequences/CAT_Teardown

2020-04-20 13:33:31 - [TEST_STEP][PASSED] - closeBrowser(): Browser is closed

2020-04-20 13:33:33 - [MESSAGE][PASSED] - Browser is closed

2020-04-20 13:33:33 - [TEST_STEP][PASSED] - super.finalize(): null

2020-04-20 13:33:33 - [TEST_STEP][PASSED] - System.gc(): null

2020-04-20 13:33:33 - [MESSAGE][PASSED] - Call Test Case 'Test Cases/Reusable_Test_Sequences/CAT_Teardown' successfully]]></system-out>
         <system-err><![CDATA[]]></system-err>
      </testcase>
      <testcase name="Test Cases/Web_Office/Reports/Returning_No_Results" time="22.707" classname="Test Cases/Web_Office/Reports/Returning_No_Results" status="PASSED">
         <system-out><![CDATA[2020-04-20 13:33:33 - [TEST_CASE][PASSED] - Test Cases/Web_Office/Reports/Returning_No_Results: Test Cases/Web_Office/Reports/Returning_No_Results

2020-04-20 13:33:34 - [TEST_STEP][PASSED] - "--------------------------------------": null

2020-04-20 13:33:34 - [TEST_STEP][PASSED] - " Web Office StartUp                  |": null

2020-04-20 13:33:34 - [TEST_STEP][PASSED] - callTestCase(findTestCase("Reusable_Test_Sequences/Web_Office/Directives/WebOffice_StartUp"), [:], STOP_ON_FAILURE): Call Test Case 'Test Cases/Reusable_Test_Sequences/Web_Office/Directives/WebOffice_StartUp' successfully

2020-04-20 13:33:34 - [TEST_CASE][PASSED] - Test Cases/Reusable_Test_Sequences/Web_Office/Directives/WebOffice_StartUp: Test Cases/Reusable_Test_Sequences/Web_Office/Directives/WebOffice_StartUp

2020-04-20 13:33:34 - [TEST_STEP][PASSED] - "-----------------------------------------------------------------------------": null

2020-04-20 13:33:34 - [TEST_STEP][PASSED] - if (URL == "https://www.dev.checkatrade.com/"): null

2020-04-20 13:33:34 - [TEST_STEP][PASSED] - "-----------------------------------------------------------------------------": null

2020-04-20 13:33:34 - [TEST_STEP][PASSED] - if (URL == "https://www.checkatrade.com/"): null

2020-04-20 13:33:34 - [TEST_STEP][PASSED] - "-----------------------------------------------------------------------------": null

2020-04-20 13:33:34 - [TEST_STEP][PASSED] - if (URL == "https://www.preview.checkatrade.com/"): null

2020-04-20 13:33:34 - [TEST_STEP][PASSED] - WebOfficeURL = "https://admin.preview.checkatrade.com/": null

2020-04-20 13:33:34 - [TEST_STEP][PASSED] - if (URL == "https://www.dev2.checkatrade.com/"): null

2020-04-20 13:33:34 - [TEST_STEP][PASSED] - "Set Function Area for "URL_Handler", URL Resolution": null

2020-04-20 13:33:34 - [TEST_STEP][PASSED] - "Do Some Magic with URL(s) See the comments within URL Handler ": null

2020-04-20 13:33:34 - [TEST_STEP][PASSED] - "------------------------------------------------": null

2020-04-20 13:33:34 - [TEST_STEP][PASSED] - "Moved Login Credentials to <Default> profile 22/01/2020": null

2020-04-20 13:33:34 - [TEST_STEP][PASSED] - "------------------------------------------------": null

2020-04-20 13:33:34 - [TEST_STEP][PASSED] - "WebOfficeURL - Set from the ENVIRONMENT PROFILE ": null

2020-04-20 13:33:34 - [TEST_STEP][PASSED] - "OPEN BROWSER": null

2020-04-20 13:33:34 - [TEST_STEP][PASSED] - "eg - https://admin.preview.checkatrade.com/  ": null

2020-04-20 13:33:34 - [TEST_STEP][PASSED] - openBrowser(WebOfficeURL): Browser is opened with url: 'https://admin.preview.checkatrade.com/'

2020-04-20 13:33:34 - [MESSAGE][INFO] - Starting 'Chrome' driver

2020-04-20 13:33:34 - [MESSAGE][INFO] - Action delay is set to 0 milliseconds

2020-04-20 13:33:40 - [MESSAGE][PASSED] - Browser is opened with url: 'https://admin.preview.checkatrade.com/'

2020-04-20 13:33:40 - [TEST_STEP][PASSED] - maximizeWindow(): Current window maximized

2020-04-20 13:33:42 - [MESSAGE][PASSED] - Current window maximized

2020-04-20 13:33:42 - [TEST_STEP][PASSED] - waitForElementClickable(findTestObject("Object Repository/WebOffice/Page_Checkatrade - Administration - Login/Login_Button"), 25): Object 'Object Repository/WebOffice/Page_Checkatrade - Administration - Login/Login_Button' is clickable

2020-04-20 13:33:43 - [MESSAGE][PASSED] - Object 'Object Repository/WebOffice/Page_Checkatrade - Administration - Login/Login_Button' is clickable

2020-04-20 13:33:43 - [TEST_STEP][PASSED] - verifyTextPresent("Checkatrade Web Office", false): Text 'Checkatrade Web Office' is present on page 

2020-04-20 13:33:43 - [MESSAGE][PASSED] - Text 'Checkatrade Web Office' is present on page 

2020-04-20 13:33:43 - [TEST_STEP][PASSED] - verifyTextPresent("Access for staff use only", false): Text 'Access for staff use only' is present on page 

2020-04-20 13:33:43 - [MESSAGE][PASSED] - Text 'Access for staff use only' is present on page 

2020-04-20 13:33:43 - [TEST_STEP][PASSED] - verifyTextPresent("Forgotten password?", false): Text 'Forgotten password?' is present on page 

2020-04-20 13:33:43 - [MESSAGE][PASSED] - Text 'Forgotten password?' is present on page 

2020-04-20 13:33:43 - [TEST_STEP][PASSED] - setText(findTestObject("Object Repository/WebOffice/Page_Checkatrade - Administration - Login/input_Username_LoginControlUserName"), wo_Username): Text 'DavidHo' is set on object 'Object Repository/WebOffice/Page_Checkatrade - Administration - Login/input_Username_LoginControlUserName'

2020-04-20 13:33:43 - [MESSAGE][PASSED] - Text 'DavidHo' is set on object 'Object Repository/WebOffice/Page_Checkatrade - Administration - Login/input_Username_LoginControlUserName'

2020-04-20 13:33:43 - [TEST_STEP][PASSED] - setText(findTestObject("Object Repository/WebOffice/Page_Checkatrade - Administration - Login/input_Password_LoginControlPassword"), wo_Password): Text 'Check123' is set on object 'Object Repository/WebOffice/Page_Checkatrade - Administration - Login/input_Password_LoginControlPassword'

2020-04-20 13:33:44 - [MESSAGE][PASSED] - Text 'Check123' is set on object 'Object Repository/WebOffice/Page_Checkatrade - Administration - Login/input_Password_LoginControlPassword'

2020-04-20 13:33:44 - [TEST_STEP][PASSED] - click(findTestObject("Object Repository/WebOffice/Page_Checkatrade - Administration - Login/Login_Button")): Object: 'Object Repository/WebOffice/Page_Checkatrade - Administration - Login/Login_Button' is clicked on

2020-04-20 13:33:45 - [MESSAGE][PASSED] - Object: 'Object Repository/WebOffice/Page_Checkatrade - Administration - Login/Login_Button' is clicked on

2020-04-20 13:33:45 - [TEST_STEP][PASSED] - waitForPageLoad(60): Wait for page load successfully

2020-04-20 13:33:46 - [MESSAGE][PASSED] - Wait for page load successfully

2020-04-20 13:33:46 - [TEST_STEP][PASSED] - verifyTextPresent("Welcome " + wo_Username, false): Text 'Welcome DavidHo' is present on page 

2020-04-20 13:33:47 - [MESSAGE][PASSED] - Text 'Welcome DavidHo' is present on page 

2020-04-20 13:33:47 - [MESSAGE][PASSED] - Call Test Case 'Test Cases/Reusable_Test_Sequences/Web_Office/Directives/WebOffice_StartUp' successfully

2020-04-20 13:33:47 - [TEST_STEP][PASSED] - "-----------------------------------------------------------------": null

2020-04-20 13:33:47 - [TEST_STEP][PASSED] - " Navigate to <Reports->Checkatrade.Com->Sub Item> Menu Item     |": null

2020-04-20 13:33:47 - [TEST_STEP][PASSED] - callTestCase(findTestCase("Reusable_Test_Sequences/Web_Office/Navigation/Sub_Menu_Navigation/Reports/Returning_No_Results"), [:], STOP_ON_FAILURE): Call Test Case 'Test Cases/Reusable_Test_Sequences/Web_Office/Navigation/Sub_Menu_Navigation/Reports/Returning_No_Results' successfully

2020-04-20 13:33:47 - [TEST_CASE][PASSED] - Test Cases/Reusable_Test_Sequences/Web_Office/Navigation/Sub_Menu_Navigation/Reports/Returning_No_Results: Test Cases/Reusable_Test_Sequences/Web_Office/Navigation/Sub_Menu_Navigation/Reports/Returning_No_Results

2020-04-20 13:33:47 - [TEST_STEP][PASSED] - "--------------------------------------": null

2020-04-20 13:33:47 - [TEST_STEP][PASSED] - " Navigate Top level menu Item         |": null

2020-04-20 13:33:47 - [TEST_STEP][PASSED] - waitForPageLoad(60): Wait for page load successfully

2020-04-20 13:33:47 - [MESSAGE][PASSED] - Wait for page load successfully

2020-04-20 13:33:47 - [TEST_STEP][PASSED] - waitForElementClickable(findTestObject("Object Repository/WebOffice_Home_page/a_Reports"), 60): Object 'Object Repository/WebOffice_Home_page/a_Reports' is clickable

2020-04-20 13:33:47 - [MESSAGE][PASSED] - Object 'Object Repository/WebOffice_Home_page/a_Reports' is clickable

2020-04-20 13:33:47 - [TEST_STEP][PASSED] - mouseOver(findTestObject("Object Repository/WebOffice_Home_page/a_Reports")): Object: 'Object Repository/WebOffice_Home_page/a_Reports' is hovered

2020-04-20 13:33:48 - [MESSAGE][PASSED] - Object: 'Object Repository/WebOffice_Home_page/a_Reports' is hovered

2020-04-20 13:33:48 - [TEST_STEP][PASSED] - mouseOver(findTestObject("Object Repository/WebOffice_Home_page/Page_/a_Consumers")): Object: 'Object Repository/WebOffice_Home_page/Page_/a_Consumers' is hovered

2020-04-20 13:33:48 - [MESSAGE][PASSED] - Object: 'Object Repository/WebOffice_Home_page/Page_/a_Consumers' is hovered

2020-04-20 13:33:48 - [TEST_STEP][PASSED] - mouseOver(findTestObject("Object Repository/WebOffice_Home_page/Page_/a_Consumer Searches")): Object: 'Object Repository/WebOffice_Home_page/Page_/a_Consumer Searches' is hovered

2020-04-20 13:33:49 - [MESSAGE][PASSED] - Object: 'Object Repository/WebOffice_Home_page/Page_/a_Consumer Searches' is hovered

2020-04-20 13:33:49 - [TEST_STEP][PASSED] - waitForPageLoad(5): Wait for page load successfully

2020-04-20 13:33:49 - [MESSAGE][PASSED] - Wait for page load successfully

2020-04-20 13:33:49 - [TEST_STEP][PASSED] - waitForElementClickable(findTestObject("Object Repository/WebOffice_Home_page/a_Returning No Results"), 5): Object 'Object Repository/WebOffice_Home_page/a_Returning No Results' is clickable

2020-04-20 13:33:49 - [MESSAGE][PASSED] - Object 'Object Repository/WebOffice_Home_page/a_Returning No Results' is clickable

2020-04-20 13:33:49 - [TEST_STEP][PASSED] - click(findTestObject("Object Repository/WebOffice_Home_page/a_Returning No Results")): Object: 'Object Repository/WebOffice_Home_page/a_Returning No Results' is clicked on

2020-04-20 13:33:50 - [MESSAGE][PASSED] - Object: 'Object Repository/WebOffice_Home_page/a_Returning No Results' is clicked on

2020-04-20 13:33:50 - [MESSAGE][PASSED] - Call Test Case 'Test Cases/Reusable_Test_Sequences/Web_Office/Navigation/Sub_Menu_Navigation/Reports/Returning_No_Results' successfully

2020-04-20 13:33:50 - [TEST_STEP][PASSED] - "--------------------------------------": null

2020-04-20 13:33:50 - [TEST_STEP][PASSED] - " Verify Returned Page Detail          |": null

2020-04-20 13:33:50 - [TEST_STEP][PASSED] - callTestCase(findTestCase("Reusable_Test_Sequences/Web_Office/Verification/Reports/Returning_No_Results"), [:], OPTIONAL): Call Test Case 'Test Cases/Reusable_Test_Sequences/Web_Office/Verification/Reports/Returning_No_Results' successfully

2020-04-20 13:33:50 - [TEST_CASE][PASSED] - Test Cases/Reusable_Test_Sequences/Web_Office/Verification/Reports/Returning_No_Results: Test Cases/Reusable_Test_Sequences/Web_Office/Verification/Reports/Returning_No_Results

2020-04-20 13:33:51 - [TEST_STEP][PASSED] - waitForPageLoad(120): Wait for page load successfully

2020-04-20 13:33:51 - [MESSAGE][PASSED] - Wait for page load successfully

2020-04-20 13:33:51 - [TEST_STEP][PASSED] - delay(1): Delayed 1 second(s)

2020-04-20 13:33:52 - [MESSAGE][PASSED] - Delayed 1 second(s)

2020-04-20 13:33:52 - [TEST_STEP][PASSED] - verifyTextPresent("Consumer Searches", false): Text 'Consumer Searches' is present on page 

2020-04-20 13:33:52 - [MESSAGE][PASSED] - Text 'Consumer Searches' is present on page 

2020-04-20 13:33:52 - [TEST_STEP][PASSED] - "----------------------------------------------": null

2020-04-20 13:33:52 - [TEST_STEP][PASSED] - verifyTextPresent("Returning No Results", false): Text 'Returning No Results' is present on page 

2020-04-20 13:33:52 - [MESSAGE][PASSED] - Text 'Returning No Results' is present on page 

2020-04-20 13:33:52 - [TEST_STEP][PASSED] - verifyTextPresent("From", false): Text 'From' is present on page 

2020-04-20 13:33:53 - [MESSAGE][PASSED] - Text 'From' is present on page 

2020-04-20 13:33:53 - [TEST_STEP][PASSED] - verifyTextPresent("To", false): Text 'To' is present on page 

2020-04-20 13:33:53 - [MESSAGE][PASSED] - Text 'To' is present on page 

2020-04-20 13:33:53 - [MESSAGE][PASSED] - Call Test Case 'Test Cases/Reusable_Test_Sequences/Web_Office/Verification/Reports/Returning_No_Results' successfully

2020-04-20 13:33:53 - [TEST_STEP][PASSED] - "--------------------------": null

2020-04-20 13:33:53 - [TEST_STEP][PASSED] - " Teardown - CLose Browser |": null

2020-04-20 13:33:53 - [TEST_STEP][PASSED] - callTestCase(findTestCase("Reusable_Test_Sequences/CAT_Teardown"), [:], OPTIONAL): Call Test Case 'Test Cases/Reusable_Test_Sequences/CAT_Teardown' successfully

2020-04-20 13:33:53 - [TEST_CASE][PASSED] - Test Cases/Reusable_Test_Sequences/CAT_Teardown: Test Cases/Reusable_Test_Sequences/CAT_Teardown

2020-04-20 13:33:53 - [TEST_STEP][PASSED] - closeBrowser(): Browser is closed

2020-04-20 13:33:56 - [MESSAGE][PASSED] - Browser is closed

2020-04-20 13:33:56 - [TEST_STEP][PASSED] - super.finalize(): null

2020-04-20 13:33:56 - [TEST_STEP][PASSED] - System.gc(): null

2020-04-20 13:33:56 - [MESSAGE][PASSED] - Call Test Case 'Test Cases/Reusable_Test_Sequences/CAT_Teardown' successfully]]></system-out>
         <system-err><![CDATA[]]></system-err>
      </testcase>
      <testcase name="Test Cases/Web_Office/Reports/Search_Tracking" time="36.163" classname="Test Cases/Web_Office/Reports/Search_Tracking" status="PASSED">
         <system-out><![CDATA[2020-04-20 13:33:56 - [TEST_CASE][PASSED] - Test Cases/Web_Office/Reports/Search_Tracking: Test Cases/Web_Office/Reports/Search_Tracking

2020-04-20 13:33:57 - [TEST_STEP][PASSED] - "--------------------------------------": null

2020-04-20 13:33:57 - [TEST_STEP][PASSED] - " Web Office StartUp                  |": null

2020-04-20 13:33:57 - [TEST_STEP][PASSED] - callTestCase(findTestCase("Reusable_Test_Sequences/Web_Office/Directives/WebOffice_StartUp"), [:], STOP_ON_FAILURE): Call Test Case 'Test Cases/Reusable_Test_Sequences/Web_Office/Directives/WebOffice_StartUp' successfully

2020-04-20 13:33:57 - [TEST_CASE][PASSED] - Test Cases/Reusable_Test_Sequences/Web_Office/Directives/WebOffice_StartUp: Test Cases/Reusable_Test_Sequences/Web_Office/Directives/WebOffice_StartUp

2020-04-20 13:33:57 - [TEST_STEP][PASSED] - "-----------------------------------------------------------------------------": null

2020-04-20 13:33:57 - [TEST_STEP][PASSED] - if (URL == "https://www.dev.checkatrade.com/"): null

2020-04-20 13:33:57 - [TEST_STEP][PASSED] - "-----------------------------------------------------------------------------": null

2020-04-20 13:33:57 - [TEST_STEP][PASSED] - if (URL == "https://www.checkatrade.com/"): null

2020-04-20 13:33:57 - [TEST_STEP][PASSED] - "-----------------------------------------------------------------------------": null

2020-04-20 13:33:57 - [TEST_STEP][PASSED] - if (URL == "https://www.preview.checkatrade.com/"): null

2020-04-20 13:33:57 - [TEST_STEP][PASSED] - WebOfficeURL = "https://admin.preview.checkatrade.com/": null

2020-04-20 13:33:57 - [TEST_STEP][PASSED] - if (URL == "https://www.dev2.checkatrade.com/"): null

2020-04-20 13:33:57 - [TEST_STEP][PASSED] - "Set Function Area for "URL_Handler", URL Resolution": null

2020-04-20 13:33:57 - [TEST_STEP][PASSED] - "Do Some Magic with URL(s) See the comments within URL Handler ": null

2020-04-20 13:33:57 - [TEST_STEP][PASSED] - "------------------------------------------------": null

2020-04-20 13:33:57 - [TEST_STEP][PASSED] - "Moved Login Credentials to <Default> profile 22/01/2020": null

2020-04-20 13:33:57 - [TEST_STEP][PASSED] - "------------------------------------------------": null

2020-04-20 13:33:57 - [TEST_STEP][PASSED] - "WebOfficeURL - Set from the ENVIRONMENT PROFILE ": null

2020-04-20 13:33:57 - [TEST_STEP][PASSED] - "OPEN BROWSER": null

2020-04-20 13:33:57 - [TEST_STEP][PASSED] - "eg - https://admin.preview.checkatrade.com/  ": null

2020-04-20 13:33:57 - [TEST_STEP][PASSED] - openBrowser(WebOfficeURL): Browser is opened with url: 'https://admin.preview.checkatrade.com/'

2020-04-20 13:33:57 - [MESSAGE][INFO] - Starting 'Chrome' driver

2020-04-20 13:33:57 - [MESSAGE][INFO] - Action delay is set to 0 milliseconds

2020-04-20 13:34:04 - [MESSAGE][PASSED] - Browser is opened with url: 'https://admin.preview.checkatrade.com/'

2020-04-20 13:34:04 - [TEST_STEP][PASSED] - maximizeWindow(): Current window maximized

2020-04-20 13:34:06 - [MESSAGE][PASSED] - Current window maximized

2020-04-20 13:34:06 - [TEST_STEP][PASSED] - waitForElementClickable(findTestObject("Object Repository/WebOffice/Page_Checkatrade - Administration - Login/Login_Button"), 25): Object 'Object Repository/WebOffice/Page_Checkatrade - Administration - Login/Login_Button' is clickable

2020-04-20 13:34:06 - [MESSAGE][PASSED] - Object 'Object Repository/WebOffice/Page_Checkatrade - Administration - Login/Login_Button' is clickable

2020-04-20 13:34:06 - [TEST_STEP][PASSED] - verifyTextPresent("Checkatrade Web Office", false): Text 'Checkatrade Web Office' is present on page 

2020-04-20 13:34:07 - [MESSAGE][PASSED] - Text 'Checkatrade Web Office' is present on page 

2020-04-20 13:34:07 - [TEST_STEP][PASSED] - verifyTextPresent("Access for staff use only", false): Text 'Access for staff use only' is present on page 

2020-04-20 13:34:07 - [MESSAGE][PASSED] - Text 'Access for staff use only' is present on page 

2020-04-20 13:34:07 - [TEST_STEP][PASSED] - verifyTextPresent("Forgotten password?", false): Text 'Forgotten password?' is present on page 

2020-04-20 13:34:07 - [MESSAGE][PASSED] - Text 'Forgotten password?' is present on page 

2020-04-20 13:34:07 - [TEST_STEP][PASSED] - setText(findTestObject("Object Repository/WebOffice/Page_Checkatrade - Administration - Login/input_Username_LoginControlUserName"), wo_Username): Text 'DavidHo' is set on object 'Object Repository/WebOffice/Page_Checkatrade - Administration - Login/input_Username_LoginControlUserName'

2020-04-20 13:34:07 - [MESSAGE][PASSED] - Text 'DavidHo' is set on object 'Object Repository/WebOffice/Page_Checkatrade - Administration - Login/input_Username_LoginControlUserName'

2020-04-20 13:34:07 - [TEST_STEP][PASSED] - setText(findTestObject("Object Repository/WebOffice/Page_Checkatrade - Administration - Login/input_Password_LoginControlPassword"), wo_Password): Text 'Check123' is set on object 'Object Repository/WebOffice/Page_Checkatrade - Administration - Login/input_Password_LoginControlPassword'

2020-04-20 13:34:08 - [MESSAGE][PASSED] - Text 'Check123' is set on object 'Object Repository/WebOffice/Page_Checkatrade - Administration - Login/input_Password_LoginControlPassword'

2020-04-20 13:34:08 - [TEST_STEP][PASSED] - click(findTestObject("Object Repository/WebOffice/Page_Checkatrade - Administration - Login/Login_Button")): Object: 'Object Repository/WebOffice/Page_Checkatrade - Administration - Login/Login_Button' is clicked on

2020-04-20 13:34:10 - [MESSAGE][PASSED] - Object: 'Object Repository/WebOffice/Page_Checkatrade - Administration - Login/Login_Button' is clicked on

2020-04-20 13:34:10 - [TEST_STEP][PASSED] - waitForPageLoad(60): Wait for page load successfully

2020-04-20 13:34:10 - [MESSAGE][PASSED] - Wait for page load successfully

2020-04-20 13:34:10 - [TEST_STEP][PASSED] - verifyTextPresent("Welcome " + wo_Username, false): Text 'Welcome DavidHo' is present on page 

2020-04-20 13:34:11 - [MESSAGE][PASSED] - Text 'Welcome DavidHo' is present on page 

2020-04-20 13:34:11 - [MESSAGE][PASSED] - Call Test Case 'Test Cases/Reusable_Test_Sequences/Web_Office/Directives/WebOffice_StartUp' successfully

2020-04-20 13:34:11 - [TEST_STEP][PASSED] - "-----------------------------------------------------------------": null

2020-04-20 13:34:11 - [TEST_STEP][PASSED] - " Navigate to <Reports->Checkatrade.Com->Sub Item> Menu Item     |": null

2020-04-20 13:34:11 - [TEST_STEP][PASSED] - callTestCase(findTestCase("Reusable_Test_Sequences/Web_Office/Navigation/Sub_Menu_Navigation/Reports/Search_Tracking"), [:], STOP_ON_FAILURE): Call Test Case 'Test Cases/Reusable_Test_Sequences/Web_Office/Navigation/Sub_Menu_Navigation/Reports/Search_Tracking' successfully

2020-04-20 13:34:11 - [TEST_CASE][PASSED] - Test Cases/Reusable_Test_Sequences/Web_Office/Navigation/Sub_Menu_Navigation/Reports/Search_Tracking: Test Cases/Reusable_Test_Sequences/Web_Office/Navigation/Sub_Menu_Navigation/Reports/Search_Tracking

2020-04-20 13:34:11 - [TEST_STEP][PASSED] - "--------------------------------------": null

2020-04-20 13:34:11 - [TEST_STEP][PASSED] - " Navigate Top level menu Item         |": null

2020-04-20 13:34:11 - [TEST_STEP][PASSED] - waitForPageLoad(60): Wait for page load successfully

2020-04-20 13:34:11 - [MESSAGE][PASSED] - Wait for page load successfully

2020-04-20 13:34:11 - [TEST_STEP][PASSED] - waitForElementClickable(findTestObject("Object Repository/WebOffice_Home_page/a_Reports"), 60): Object 'Object Repository/WebOffice_Home_page/a_Reports' is clickable

2020-04-20 13:34:11 - [MESSAGE][PASSED] - Object 'Object Repository/WebOffice_Home_page/a_Reports' is clickable

2020-04-20 13:34:11 - [TEST_STEP][PASSED] - mouseOver(findTestObject("Object Repository/WebOffice_Home_page/a_Reports")): Object: 'Object Repository/WebOffice_Home_page/a_Reports' is hovered

2020-04-20 13:34:12 - [MESSAGE][PASSED] - Object: 'Object Repository/WebOffice_Home_page/a_Reports' is hovered

2020-04-20 13:34:12 - [TEST_STEP][PASSED] - mouseOver(findTestObject("Object Repository/WebOffice_Home_page/Page_/a_Consumers")): Object: 'Object Repository/WebOffice_Home_page/Page_/a_Consumers' is hovered

2020-04-20 13:34:12 - [MESSAGE][PASSED] - Object: 'Object Repository/WebOffice_Home_page/Page_/a_Consumers' is hovered

2020-04-20 13:34:12 - [TEST_STEP][PASSED] - mouseOver(findTestObject("Object Repository/WebOffice_Home_page/Page_/a_Consumer Searches")): Object: 'Object Repository/WebOffice_Home_page/Page_/a_Consumer Searches' is hovered

2020-04-20 13:34:13 - [MESSAGE][PASSED] - Object: 'Object Repository/WebOffice_Home_page/Page_/a_Consumer Searches' is hovered

2020-04-20 13:34:13 - [TEST_STEP][PASSED] - waitForPageLoad(5): Wait for page load successfully

2020-04-20 13:34:13 - [MESSAGE][PASSED] - Wait for page load successfully

2020-04-20 13:34:13 - [TEST_STEP][PASSED] - waitForElementClickable(findTestObject("Object Repository/WebOffice_Home_page/a_Search Tracking"), 5): Object 'Object Repository/WebOffice_Home_page/a_Search Tracking' is clickable

2020-04-20 13:34:13 - [MESSAGE][PASSED] - Object 'Object Repository/WebOffice_Home_page/a_Search Tracking' is clickable

2020-04-20 13:34:13 - [TEST_STEP][PASSED] - click(findTestObject("Object Repository/WebOffice_Home_page/a_Search Tracking")): Object: 'Object Repository/WebOffice_Home_page/a_Search Tracking' is clicked on

2020-04-20 13:34:16 - [MESSAGE][PASSED] - Object: 'Object Repository/WebOffice_Home_page/a_Search Tracking' is clicked on

2020-04-20 13:34:16 - [MESSAGE][PASSED] - Call Test Case 'Test Cases/Reusable_Test_Sequences/Web_Office/Navigation/Sub_Menu_Navigation/Reports/Search_Tracking' successfully

2020-04-20 13:34:16 - [TEST_STEP][PASSED] - "--------------------------------------": null

2020-04-20 13:34:16 - [TEST_STEP][PASSED] - " Verify Returned Page Detail          |": null

2020-04-20 13:34:16 - [TEST_STEP][PASSED] - callTestCase(findTestCase("Reusable_Test_Sequences/Web_Office/Verification/Reports/Search_Tracking"), [:], OPTIONAL): Call Test Case 'Test Cases/Reusable_Test_Sequences/Web_Office/Verification/Reports/Search_Tracking' successfully

2020-04-20 13:34:16 - [TEST_CASE][PASSED] - Test Cases/Reusable_Test_Sequences/Web_Office/Verification/Reports/Search_Tracking: Test Cases/Reusable_Test_Sequences/Web_Office/Verification/Reports/Search_Tracking

2020-04-20 13:34:17 - [TEST_STEP][PASSED] - waitForPageLoad(120): Wait for page load successfully

2020-04-20 13:34:17 - [MESSAGE][PASSED] - Wait for page load successfully

2020-04-20 13:34:17 - [TEST_STEP][PASSED] - delay(1): Delayed 1 second(s)

2020-04-20 13:34:18 - [MESSAGE][PASSED] - Delayed 1 second(s)

2020-04-20 13:34:18 - [TEST_STEP][PASSED] - verifyTextPresent("Search Tracking", false): Text 'Search Tracking' is present on page 

2020-04-20 13:34:18 - [MESSAGE][PASSED] - Text 'Search Tracking' is present on page 

2020-04-20 13:34:18 - [TEST_STEP][PASSED] - "----------------------------------------------": null

2020-04-20 13:34:18 - [TEST_STEP][PASSED] - verifyTextPresent("ID", false): Text 'ID' is present on page 

2020-04-20 13:34:19 - [MESSAGE][PASSED] - Text 'ID' is present on page 

2020-04-20 13:34:19 - [TEST_STEP][PASSED] - verifyTextPresent("TRADE", false): Text 'TRADE' is present on page 

2020-04-20 13:34:20 - [MESSAGE][PASSED] - Text 'TRADE' is present on page 

2020-04-20 13:34:20 - [TEST_STEP][PASSED] - verifyTextPresent("LOCATION", false): Text 'LOCATION' is present on page 

2020-04-20 13:34:22 - [MESSAGE][PASSED] - Text 'LOCATION' is present on page 

2020-04-20 13:34:22 - [TEST_STEP][PASSED] - verifyTextPresent("DATETIME", false): Text 'DATETIME' is present on page 

2020-04-20 13:34:23 - [MESSAGE][PASSED] - Text 'DATETIME' is present on page 

2020-04-20 13:34:23 - [TEST_STEP][PASSED] - "----------------------------------------------": null

2020-04-20 13:34:23 - [TEST_STEP][PASSED] - verifyTextPresent("14262747", false): Text '14262747' is present on page 

2020-04-20 13:34:24 - [MESSAGE][PASSED] - Text '14262747' is present on page 

2020-04-20 13:34:24 - [TEST_STEP][PASSED] - verifyTextPresent("UPVC Repairs", false): Text 'UPVC Repairs' is present on page 

2020-04-20 13:34:24 - [MESSAGE][PASSED] - Text 'UPVC Repairs' is present on page 

2020-04-20 13:34:24 - [TEST_STEP][PASSED] - verifyTextPresent("MILFORD HAVEN", false): Text 'MILFORD HAVEN' is present on page 

2020-04-20 13:34:25 - [MESSAGE][PASSED] - Text 'MILFORD HAVEN' is present on page 

2020-04-20 13:34:25 - [TEST_STEP][PASSED] - verifyTextPresent("28-09-2017 7:19:10", false): Text '28-09-2017 7:19:10' is present on page 

2020-04-20 13:34:26 - [MESSAGE][PASSED] - Text '28-09-2017 7:19:10' is present on page 

2020-04-20 13:34:26 - [MESSAGE][PASSED] - Call Test Case 'Test Cases/Reusable_Test_Sequences/Web_Office/Verification/Reports/Search_Tracking' successfully

2020-04-20 13:34:26 - [TEST_STEP][PASSED] - "--------------------------": null

2020-04-20 13:34:26 - [TEST_STEP][PASSED] - " Teardown - CLose Browser |": null

2020-04-20 13:34:26 - [TEST_STEP][PASSED] - callTestCase(findTestCase("Reusable_Test_Sequences/CAT_Teardown"), [:], OPTIONAL): Call Test Case 'Test Cases/Reusable_Test_Sequences/CAT_Teardown' successfully

2020-04-20 13:34:26 - [TEST_CASE][PASSED] - Test Cases/Reusable_Test_Sequences/CAT_Teardown: Test Cases/Reusable_Test_Sequences/CAT_Teardown

2020-04-20 13:34:26 - [TEST_STEP][PASSED] - closeBrowser(): Browser is closed

2020-04-20 13:34:32 - [MESSAGE][PASSED] - Browser is closed

2020-04-20 13:34:32 - [TEST_STEP][PASSED] - super.finalize(): null

2020-04-20 13:34:32 - [TEST_STEP][PASSED] - System.gc(): null

2020-04-20 13:34:32 - [MESSAGE][PASSED] - Call Test Case 'Test Cases/Reusable_Test_Sequences/CAT_Teardown' successfully]]></system-out>
         <system-err><![CDATA[]]></system-err>
      </testcase>
      <testcase name="Test Cases/Web_Office/Reports/Overnight_Import_History" time="22.683" classname="Test Cases/Web_Office/Reports/Overnight_Import_History" status="PASSED">
         <system-out><![CDATA[2020-04-20 13:34:32 - [TEST_CASE][PASSED] - Test Cases/Web_Office/Reports/Overnight_Import_History: Test Cases/Web_Office/Reports/Overnight_Import_History

2020-04-20 13:34:33 - [TEST_STEP][PASSED] - "--------------------------------------": null

2020-04-20 13:34:33 - [TEST_STEP][PASSED] - " Web Office StartUp                  |": null

2020-04-20 13:34:33 - [TEST_STEP][PASSED] - callTestCase(findTestCase("Reusable_Test_Sequences/Web_Office/Directives/WebOffice_StartUp"), [:], STOP_ON_FAILURE): Call Test Case 'Test Cases/Reusable_Test_Sequences/Web_Office/Directives/WebOffice_StartUp' successfully

2020-04-20 13:34:33 - [TEST_CASE][PASSED] - Test Cases/Reusable_Test_Sequences/Web_Office/Directives/WebOffice_StartUp: Test Cases/Reusable_Test_Sequences/Web_Office/Directives/WebOffice_StartUp

2020-04-20 13:34:33 - [TEST_STEP][PASSED] - "-----------------------------------------------------------------------------": null

2020-04-20 13:34:33 - [TEST_STEP][PASSED] - if (URL == "https://www.dev.checkatrade.com/"): null

2020-04-20 13:34:33 - [TEST_STEP][PASSED] - "-----------------------------------------------------------------------------": null

2020-04-20 13:34:33 - [TEST_STEP][PASSED] - if (URL == "https://www.checkatrade.com/"): null

2020-04-20 13:34:33 - [TEST_STEP][PASSED] - "-----------------------------------------------------------------------------": null

2020-04-20 13:34:33 - [TEST_STEP][PASSED] - if (URL == "https://www.preview.checkatrade.com/"): null

2020-04-20 13:34:33 - [TEST_STEP][PASSED] - WebOfficeURL = "https://admin.preview.checkatrade.com/": null

2020-04-20 13:34:33 - [TEST_STEP][PASSED] - if (URL == "https://www.dev2.checkatrade.com/"): null

2020-04-20 13:34:33 - [TEST_STEP][PASSED] - "Set Function Area for "URL_Handler", URL Resolution": null

2020-04-20 13:34:33 - [TEST_STEP][PASSED] - "Do Some Magic with URL(s) See the comments within URL Handler ": null

2020-04-20 13:34:33 - [TEST_STEP][PASSED] - "------------------------------------------------": null

2020-04-20 13:34:33 - [TEST_STEP][PASSED] - "Moved Login Credentials to <Default> profile 22/01/2020": null

2020-04-20 13:34:33 - [TEST_STEP][PASSED] - "------------------------------------------------": null

2020-04-20 13:34:33 - [TEST_STEP][PASSED] - "WebOfficeURL - Set from the ENVIRONMENT PROFILE ": null

2020-04-20 13:34:33 - [TEST_STEP][PASSED] - "OPEN BROWSER": null

2020-04-20 13:34:33 - [TEST_STEP][PASSED] - "eg - https://admin.preview.checkatrade.com/  ": null

2020-04-20 13:34:33 - [TEST_STEP][PASSED] - openBrowser(WebOfficeURL): Browser is opened with url: 'https://admin.preview.checkatrade.com/'

2020-04-20 13:34:33 - [MESSAGE][INFO] - Starting 'Chrome' driver

2020-04-20 13:34:33 - [MESSAGE][INFO] - Action delay is set to 0 milliseconds

2020-04-20 13:34:39 - [MESSAGE][PASSED] - Browser is opened with url: 'https://admin.preview.checkatrade.com/'

2020-04-20 13:34:39 - [TEST_STEP][PASSED] - maximizeWindow(): Current window maximized

2020-04-20 13:34:41 - [MESSAGE][PASSED] - Current window maximized

2020-04-20 13:34:41 - [TEST_STEP][PASSED] - waitForElementClickable(findTestObject("Object Repository/WebOffice/Page_Checkatrade - Administration - Login/Login_Button"), 25): Object 'Object Repository/WebOffice/Page_Checkatrade - Administration - Login/Login_Button' is clickable

2020-04-20 13:34:41 - [MESSAGE][PASSED] - Object 'Object Repository/WebOffice/Page_Checkatrade - Administration - Login/Login_Button' is clickable

2020-04-20 13:34:41 - [TEST_STEP][PASSED] - verifyTextPresent("Checkatrade Web Office", false): Text 'Checkatrade Web Office' is present on page 

2020-04-20 13:34:41 - [MESSAGE][PASSED] - Text 'Checkatrade Web Office' is present on page 

2020-04-20 13:34:41 - [TEST_STEP][PASSED] - verifyTextPresent("Access for staff use only", false): Text 'Access for staff use only' is present on page 

2020-04-20 13:34:41 - [MESSAGE][PASSED] - Text 'Access for staff use only' is present on page 

2020-04-20 13:34:41 - [TEST_STEP][PASSED] - verifyTextPresent("Forgotten password?", false): Text 'Forgotten password?' is present on page 

2020-04-20 13:34:41 - [MESSAGE][PASSED] - Text 'Forgotten password?' is present on page 

2020-04-20 13:34:41 - [TEST_STEP][PASSED] - setText(findTestObject("Object Repository/WebOffice/Page_Checkatrade - Administration - Login/input_Username_LoginControlUserName"), wo_Username): Text 'DavidHo' is set on object 'Object Repository/WebOffice/Page_Checkatrade - Administration - Login/input_Username_LoginControlUserName'

2020-04-20 13:34:42 - [MESSAGE][PASSED] - Text 'DavidHo' is set on object 'Object Repository/WebOffice/Page_Checkatrade - Administration - Login/input_Username_LoginControlUserName'

2020-04-20 13:34:42 - [TEST_STEP][PASSED] - setText(findTestObject("Object Repository/WebOffice/Page_Checkatrade - Administration - Login/input_Password_LoginControlPassword"), wo_Password): Text 'Check123' is set on object 'Object Repository/WebOffice/Page_Checkatrade - Administration - Login/input_Password_LoginControlPassword'

2020-04-20 13:34:43 - [MESSAGE][PASSED] - Text 'Check123' is set on object 'Object Repository/WebOffice/Page_Checkatrade - Administration - Login/input_Password_LoginControlPassword'

2020-04-20 13:34:43 - [TEST_STEP][PASSED] - click(findTestObject("Object Repository/WebOffice/Page_Checkatrade - Administration - Login/Login_Button")): Object: 'Object Repository/WebOffice/Page_Checkatrade - Administration - Login/Login_Button' is clicked on

2020-04-20 13:34:44 - [MESSAGE][PASSED] - Object: 'Object Repository/WebOffice/Page_Checkatrade - Administration - Login/Login_Button' is clicked on

2020-04-20 13:34:44 - [TEST_STEP][PASSED] - waitForPageLoad(60): Wait for page load successfully

2020-04-20 13:34:44 - [MESSAGE][PASSED] - Wait for page load successfully

2020-04-20 13:34:44 - [TEST_STEP][PASSED] - verifyTextPresent("Welcome " + wo_Username, false): Text 'Welcome DavidHo' is present on page 

2020-04-20 13:34:44 - [MESSAGE][PASSED] - Text 'Welcome DavidHo' is present on page 

2020-04-20 13:34:44 - [MESSAGE][PASSED] - Call Test Case 'Test Cases/Reusable_Test_Sequences/Web_Office/Directives/WebOffice_StartUp' successfully

2020-04-20 13:34:44 - [TEST_STEP][PASSED] - "-----------------------------------------------------------------": null

2020-04-20 13:34:44 - [TEST_STEP][PASSED] - " Navigate to <Settings->Checkatrade.Com->Sub Item> Menu Item     |": null

2020-04-20 13:34:44 - [TEST_STEP][PASSED] - callTestCase(findTestCase("Reusable_Test_Sequences/Web_Office/Navigation/Sub_Menu_Navigation/Reports/Overnight_Import_History"), [:], STOP_ON_FAILURE): Call Test Case 'Test Cases/Reusable_Test_Sequences/Web_Office/Navigation/Sub_Menu_Navigation/Reports/Overnight_Import_History' successfully

2020-04-20 13:34:44 - [TEST_CASE][PASSED] - Test Cases/Reusable_Test_Sequences/Web_Office/Navigation/Sub_Menu_Navigation/Reports/Overnight_Import_History: Test Cases/Reusable_Test_Sequences/Web_Office/Navigation/Sub_Menu_Navigation/Reports/Overnight_Import_History

2020-04-20 13:34:45 - [TEST_STEP][PASSED] - "--------------------------------------": null

2020-04-20 13:34:45 - [TEST_STEP][PASSED] - " Navigate Top level menu Item         |": null

2020-04-20 13:34:45 - [TEST_STEP][PASSED] - waitForPageLoad(60): Wait for page load successfully

2020-04-20 13:34:45 - [MESSAGE][PASSED] - Wait for page load successfully

2020-04-20 13:34:45 - [TEST_STEP][PASSED] - waitForElementClickable(findTestObject("Object Repository/WebOffice_Home_page/a_Reports"), 60): Object 'Object Repository/WebOffice_Home_page/a_Reports' is clickable

2020-04-20 13:34:45 - [MESSAGE][PASSED] - Object 'Object Repository/WebOffice_Home_page/a_Reports' is clickable

2020-04-20 13:34:45 - [TEST_STEP][PASSED] - mouseOver(findTestObject("Object Repository/WebOffice_Home_page/a_Reports")): Object: 'Object Repository/WebOffice_Home_page/a_Reports' is hovered

2020-04-20 13:34:45 - [MESSAGE][PASSED] - Object: 'Object Repository/WebOffice_Home_page/a_Reports' is hovered

2020-04-20 13:34:45 - [TEST_STEP][PASSED] - waitForPageLoad(5): Wait for page load successfully

2020-04-20 13:34:45 - [MESSAGE][PASSED] - Wait for page load successfully

2020-04-20 13:34:45 - [TEST_STEP][PASSED] - waitForElementClickable(findTestObject("Object Repository/WebOffice_Home_page/Page_/a_Overnight Import History"), 5): Object 'Object Repository/WebOffice_Home_page/Page_/a_Overnight Import History' is clickable

2020-04-20 13:34:45 - [MESSAGE][PASSED] - Object 'Object Repository/WebOffice_Home_page/Page_/a_Overnight Import History' is clickable

2020-04-20 13:34:45 - [TEST_STEP][PASSED] - click(findTestObject("Object Repository/WebOffice_Home_page/Page_/a_Overnight Import History")): Object: 'Object Repository/WebOffice_Home_page/Page_/a_Overnight Import History' is clicked on

2020-04-20 13:34:47 - [MESSAGE][PASSED] - Object: 'Object Repository/WebOffice_Home_page/Page_/a_Overnight Import History' is clicked on

2020-04-20 13:34:47 - [MESSAGE][PASSED] - Call Test Case 'Test Cases/Reusable_Test_Sequences/Web_Office/Navigation/Sub_Menu_Navigation/Reports/Overnight_Import_History' successfully

2020-04-20 13:34:47 - [TEST_STEP][PASSED] - "--------------------------------------": null

2020-04-20 13:34:47 - [TEST_STEP][PASSED] - " Verify Returned Page Detail          |": null

2020-04-20 13:34:47 - [TEST_STEP][PASSED] - callTestCase(findTestCase("Reusable_Test_Sequences/Web_Office/Verification/Reports/Overnight_Import_History"), [:], OPTIONAL): Call Test Case 'Test Cases/Reusable_Test_Sequences/Web_Office/Verification/Reports/Overnight_Import_History' successfully

2020-04-20 13:34:47 - [TEST_CASE][PASSED] - Test Cases/Reusable_Test_Sequences/Web_Office/Verification/Reports/Overnight_Import_History: Test Cases/Reusable_Test_Sequences/Web_Office/Verification/Reports/Overnight_Import_History

2020-04-20 13:34:47 - [TEST_STEP][PASSED] - waitForPageLoad(120): Wait for page load successfully

2020-04-20 13:34:47 - [MESSAGE][PASSED] - Wait for page load successfully

2020-04-20 13:34:47 - [TEST_STEP][PASSED] - delay(1): Delayed 1 second(s)

2020-04-20 13:34:48 - [MESSAGE][PASSED] - Delayed 1 second(s)

2020-04-20 13:34:48 - [TEST_STEP][PASSED] - verifyTextPresent("Trade Register - Overnight Import Statistics", false): Text 'Trade Register - Overnight Import Statistics' is present on page 

2020-04-20 13:34:49 - [MESSAGE][PASSED] - Text 'Trade Register - Overnight Import Statistics' is present on page 

2020-04-20 13:34:49 - [TEST_STEP][PASSED] - "----------------------------------------------": null

2020-04-20 13:34:49 - [TEST_STEP][PASSED] - verifyTextPresent("Import Date", false): Text 'Import Date' is present on page 

2020-04-20 13:34:49 - [MESSAGE][PASSED] - Text 'Import Date' is present on page 

2020-04-20 13:34:49 - [TEST_STEP][PASSED] - verifyTextPresent("New Company", false): Text 'New Company' is present on page 

2020-04-20 13:34:49 - [MESSAGE][PASSED] - Text 'New Company' is present on page 

2020-04-20 13:34:49 - [TEST_STEP][PASSED] - verifyTextPresent("Modified Company", false): Text 'Modified Company' is present on page 

2020-04-20 13:34:50 - [MESSAGE][PASSED] - Text 'Modified Company' is present on page 

2020-04-20 13:34:50 - [TEST_STEP][PASSED] - verifyTextPresent("New Feedback", false): Text 'New Feedback' is present on page 

2020-04-20 13:34:50 - [MESSAGE][PASSED] - Text 'New Feedback' is present on page 

2020-04-20 13:34:50 - [TEST_STEP][PASSED] - verifyTextPresent("New Vetting Reference", false): Text 'New Vetting Reference' is present on page 

2020-04-20 13:34:51 - [MESSAGE][PASSED] - Text 'New Vetting Reference' is present on page 

2020-04-20 13:34:51 - [TEST_STEP][PASSED] - "----------------------------------------------": null

2020-04-20 13:34:51 - [TEST_STEP][PASSED] - verifyTextPresent("Thu", false): Text 'Thu' is present on page 

2020-04-20 13:34:51 - [MESSAGE][PASSED] - Text 'Thu' is present on page 

2020-04-20 13:34:51 - [TEST_STEP][PASSED] - verifyTextPresent("Wed", false): Text 'Wed' is present on page 

2020-04-20 13:34:52 - [MESSAGE][PASSED] - Text 'Wed' is present on page 

2020-04-20 13:34:52 - [TEST_STEP][PASSED] - verifyTextPresent("Mar", false): Text 'Mar' is present on page 

2020-04-20 13:34:52 - [MESSAGE][PASSED] - Text 'Mar' is present on page 

2020-04-20 13:34:52 - [TEST_STEP][PASSED] - verifyTextPresent("20", false): Text '20' is present on page 

2020-04-20 13:34:53 - [MESSAGE][PASSED] - Text '20' is present on page 

2020-04-20 13:34:53 - [TEST_STEP][PASSED] - verifyTextPresent("1", false): Text '1' is present on page 

2020-04-20 13:34:53 - [MESSAGE][PASSED] - Text '1' is present on page 

2020-04-20 13:34:53 - [MESSAGE][PASSED] - Call Test Case 'Test Cases/Reusable_Test_Sequences/Web_Office/Verification/Reports/Overnight_Import_History' successfully

2020-04-20 13:34:53 - [TEST_STEP][PASSED] - "--------------------------": null

2020-04-20 13:34:53 - [TEST_STEP][PASSED] - " Teardown - CLose Browser |": null

2020-04-20 13:34:53 - [TEST_STEP][PASSED] - callTestCase(findTestCase("Reusable_Test_Sequences/CAT_Teardown"), [:], OPTIONAL): Call Test Case 'Test Cases/Reusable_Test_Sequences/CAT_Teardown' successfully

2020-04-20 13:34:53 - [TEST_CASE][PASSED] - Test Cases/Reusable_Test_Sequences/CAT_Teardown: Test Cases/Reusable_Test_Sequences/CAT_Teardown

2020-04-20 13:34:53 - [TEST_STEP][PASSED] - closeBrowser(): Browser is closed

2020-04-20 13:34:55 - [MESSAGE][PASSED] - Browser is closed

2020-04-20 13:34:55 - [TEST_STEP][PASSED] - super.finalize(): null

2020-04-20 13:34:55 - [TEST_STEP][PASSED] - System.gc(): null

2020-04-20 13:34:55 - [MESSAGE][PASSED] - Call Test Case 'Test Cases/Reusable_Test_Sequences/CAT_Teardown' successfully]]></system-out>
         <system-err><![CDATA[]]></system-err>
      </testcase>
      <testcase name="Test Cases/Web_Office/Reports/Population_Report" time="32.893" classname="Test Cases/Web_Office/Reports/Population_Report" status="PASSED">
         <system-out><![CDATA[2020-04-20 13:34:55 - [TEST_CASE][PASSED] - Test Cases/Web_Office/Reports/Population_Report: Test Cases/Web_Office/Reports/Population_Report

2020-04-20 13:34:55 - [TEST_STEP][PASSED] - "--------------------------------------": null

2020-04-20 13:34:55 - [TEST_STEP][PASSED] - " Web Office StartUp                  |": null

2020-04-20 13:34:55 - [TEST_STEP][PASSED] - callTestCase(findTestCase("Reusable_Test_Sequences/Web_Office/Directives/WebOffice_StartUp"), [:], STOP_ON_FAILURE): Call Test Case 'Test Cases/Reusable_Test_Sequences/Web_Office/Directives/WebOffice_StartUp' successfully

2020-04-20 13:34:56 - [TEST_CASE][PASSED] - Test Cases/Reusable_Test_Sequences/Web_Office/Directives/WebOffice_StartUp: Test Cases/Reusable_Test_Sequences/Web_Office/Directives/WebOffice_StartUp

2020-04-20 13:34:56 - [TEST_STEP][PASSED] - "-----------------------------------------------------------------------------": null

2020-04-20 13:34:56 - [TEST_STEP][PASSED] - if (URL == "https://www.dev.checkatrade.com/"): null

2020-04-20 13:34:56 - [TEST_STEP][PASSED] - "-----------------------------------------------------------------------------": null

2020-04-20 13:34:56 - [TEST_STEP][PASSED] - if (URL == "https://www.checkatrade.com/"): null

2020-04-20 13:34:56 - [TEST_STEP][PASSED] - "-----------------------------------------------------------------------------": null

2020-04-20 13:34:56 - [TEST_STEP][PASSED] - if (URL == "https://www.preview.checkatrade.com/"): null

2020-04-20 13:34:56 - [TEST_STEP][PASSED] - WebOfficeURL = "https://admin.preview.checkatrade.com/": null

2020-04-20 13:34:56 - [TEST_STEP][PASSED] - if (URL == "https://www.dev2.checkatrade.com/"): null

2020-04-20 13:34:56 - [TEST_STEP][PASSED] - "Set Function Area for "URL_Handler", URL Resolution": null

2020-04-20 13:34:56 - [TEST_STEP][PASSED] - "Do Some Magic with URL(s) See the comments within URL Handler ": null

2020-04-20 13:34:56 - [TEST_STEP][PASSED] - "------------------------------------------------": null

2020-04-20 13:34:56 - [TEST_STEP][PASSED] - "Moved Login Credentials to <Default> profile 22/01/2020": null

2020-04-20 13:34:56 - [TEST_STEP][PASSED] - "------------------------------------------------": null

2020-04-20 13:34:56 - [TEST_STEP][PASSED] - "WebOfficeURL - Set from the ENVIRONMENT PROFILE ": null

2020-04-20 13:34:56 - [TEST_STEP][PASSED] - "OPEN BROWSER": null

2020-04-20 13:34:56 - [TEST_STEP][PASSED] - "eg - https://admin.preview.checkatrade.com/  ": null

2020-04-20 13:34:56 - [TEST_STEP][PASSED] - openBrowser(WebOfficeURL): Browser is opened with url: 'https://admin.preview.checkatrade.com/'

2020-04-20 13:34:56 - [MESSAGE][INFO] - Starting 'Chrome' driver

2020-04-20 13:34:56 - [MESSAGE][INFO] - Action delay is set to 0 milliseconds

2020-04-20 13:35:02 - [MESSAGE][PASSED] - Browser is opened with url: 'https://admin.preview.checkatrade.com/'

2020-04-20 13:35:02 - [TEST_STEP][PASSED] - maximizeWindow(): Current window maximized

2020-04-20 13:35:05 - [MESSAGE][PASSED] - Current window maximized

2020-04-20 13:35:05 - [TEST_STEP][PASSED] - waitForElementClickable(findTestObject("Object Repository/WebOffice/Page_Checkatrade - Administration - Login/Login_Button"), 25): Object 'Object Repository/WebOffice/Page_Checkatrade - Administration - Login/Login_Button' is clickable

2020-04-20 13:35:05 - [MESSAGE][PASSED] - Object 'Object Repository/WebOffice/Page_Checkatrade - Administration - Login/Login_Button' is clickable

2020-04-20 13:35:05 - [TEST_STEP][PASSED] - verifyTextPresent("Checkatrade Web Office", false): Text 'Checkatrade Web Office' is present on page 

2020-04-20 13:35:05 - [MESSAGE][PASSED] - Text 'Checkatrade Web Office' is present on page 

2020-04-20 13:35:05 - [TEST_STEP][PASSED] - verifyTextPresent("Access for staff use only", false): Text 'Access for staff use only' is present on page 

2020-04-20 13:35:05 - [MESSAGE][PASSED] - Text 'Access for staff use only' is present on page 

2020-04-20 13:35:05 - [TEST_STEP][PASSED] - verifyTextPresent("Forgotten password?", false): Text 'Forgotten password?' is present on page 

2020-04-20 13:35:05 - [MESSAGE][PASSED] - Text 'Forgotten password?' is present on page 

2020-04-20 13:35:05 - [TEST_STEP][PASSED] - setText(findTestObject("Object Repository/WebOffice/Page_Checkatrade - Administration - Login/input_Username_LoginControlUserName"), wo_Username): Text 'DavidHo' is set on object 'Object Repository/WebOffice/Page_Checkatrade - Administration - Login/input_Username_LoginControlUserName'

2020-04-20 13:35:06 - [MESSAGE][PASSED] - Text 'DavidHo' is set on object 'Object Repository/WebOffice/Page_Checkatrade - Administration - Login/input_Username_LoginControlUserName'

2020-04-20 13:35:06 - [TEST_STEP][PASSED] - setText(findTestObject("Object Repository/WebOffice/Page_Checkatrade - Administration - Login/input_Password_LoginControlPassword"), wo_Password): Text 'Check123' is set on object 'Object Repository/WebOffice/Page_Checkatrade - Administration - Login/input_Password_LoginControlPassword'

2020-04-20 13:35:06 - [MESSAGE][PASSED] - Text 'Check123' is set on object 'Object Repository/WebOffice/Page_Checkatrade - Administration - Login/input_Password_LoginControlPassword'

2020-04-20 13:35:06 - [TEST_STEP][PASSED] - click(findTestObject("Object Repository/WebOffice/Page_Checkatrade - Administration - Login/Login_Button")): Object: 'Object Repository/WebOffice/Page_Checkatrade - Administration - Login/Login_Button' is clicked on

2020-04-20 13:35:09 - [MESSAGE][PASSED] - Object: 'Object Repository/WebOffice/Page_Checkatrade - Administration - Login/Login_Button' is clicked on

2020-04-20 13:35:09 - [TEST_STEP][PASSED] - waitForPageLoad(60): Wait for page load successfully

2020-04-20 13:35:09 - [MESSAGE][PASSED] - Wait for page load successfully

2020-04-20 13:35:09 - [TEST_STEP][PASSED] - verifyTextPresent("Welcome " + wo_Username, false): Text 'Welcome DavidHo' is present on page 

2020-04-20 13:35:10 - [MESSAGE][PASSED] - Text 'Welcome DavidHo' is present on page 

2020-04-20 13:35:10 - [MESSAGE][PASSED] - Call Test Case 'Test Cases/Reusable_Test_Sequences/Web_Office/Directives/WebOffice_StartUp' successfully

2020-04-20 13:35:10 - [TEST_STEP][PASSED] - "-----------------------------------------------------------------": null

2020-04-20 13:35:10 - [TEST_STEP][PASSED] - " Navigate to <Settings->Checkatrade.Com->Sub Item> Menu Item     |": null

2020-04-20 13:35:10 - [TEST_STEP][PASSED] - callTestCase(findTestCase("Reusable_Test_Sequences/Web_Office/Navigation/Sub_Menu_Navigation/Reports/Population_Report"), [:], STOP_ON_FAILURE): Call Test Case 'Test Cases/Reusable_Test_Sequences/Web_Office/Navigation/Sub_Menu_Navigation/Reports/Population_Report' successfully

2020-04-20 13:35:10 - [TEST_CASE][PASSED] - Test Cases/Reusable_Test_Sequences/Web_Office/Navigation/Sub_Menu_Navigation/Reports/Population_Report: Test Cases/Reusable_Test_Sequences/Web_Office/Navigation/Sub_Menu_Navigation/Reports/Population_Report

2020-04-20 13:35:11 - [TEST_STEP][PASSED] - "--------------------------------------": null

2020-04-20 13:35:11 - [TEST_STEP][PASSED] - " Navigate Top level menu Item         |": null

2020-04-20 13:35:11 - [TEST_STEP][PASSED] - waitForPageLoad(60): Wait for page load successfully

2020-04-20 13:35:12 - [MESSAGE][PASSED] - Wait for page load successfully

2020-04-20 13:35:12 - [TEST_STEP][PASSED] - waitForElementClickable(findTestObject("Object Repository/WebOffice_Home_page/a_Reports"), 60): Object 'Object Repository/WebOffice_Home_page/a_Reports' is clickable

2020-04-20 13:35:12 - [MESSAGE][PASSED] - Object 'Object Repository/WebOffice_Home_page/a_Reports' is clickable

2020-04-20 13:35:12 - [TEST_STEP][PASSED] - mouseOver(findTestObject("Object Repository/WebOffice_Home_page/a_Reports")): Object: 'Object Repository/WebOffice_Home_page/a_Reports' is hovered

2020-04-20 13:35:12 - [MESSAGE][PASSED] - Object: 'Object Repository/WebOffice_Home_page/a_Reports' is hovered

2020-04-20 13:35:12 - [TEST_STEP][PASSED] - waitForPageLoad(5): Wait for page load successfully

2020-04-20 13:35:12 - [MESSAGE][PASSED] - Wait for page load successfully

2020-04-20 13:35:12 - [TEST_STEP][PASSED] - waitForElementClickable(findTestObject("Object Repository/WebOffice_Home_page/Page_/a_Population Report"), 5): Object 'Object Repository/WebOffice_Home_page/Page_/a_Population Report' is clickable

2020-04-20 13:35:12 - [MESSAGE][PASSED] - Object 'Object Repository/WebOffice_Home_page/Page_/a_Population Report' is clickable

2020-04-20 13:35:12 - [TEST_STEP][PASSED] - click(findTestObject("Object Repository/WebOffice_Home_page/Page_/a_Population Report")): Object: 'Object Repository/WebOffice_Home_page/Page_/a_Population Report' is clicked on

2020-04-20 13:35:13 - [MESSAGE][PASSED] - Object: 'Object Repository/WebOffice_Home_page/Page_/a_Population Report' is clicked on

2020-04-20 13:35:13 - [MESSAGE][PASSED] - Call Test Case 'Test Cases/Reusable_Test_Sequences/Web_Office/Navigation/Sub_Menu_Navigation/Reports/Population_Report' successfully

2020-04-20 13:35:13 - [TEST_STEP][PASSED] - "--------------------------------------": null

2020-04-20 13:35:13 - [TEST_STEP][PASSED] - " Verify Returned Page Detail          |": null

2020-04-20 13:35:13 - [TEST_STEP][PASSED] - callTestCase(findTestCase("Reusable_Test_Sequences/Web_Office/Verification/Reports/Population_Report"), [:], OPTIONAL): Call Test Case 'Test Cases/Reusable_Test_Sequences/Web_Office/Verification/Reports/Population_Report' successfully

2020-04-20 13:35:13 - [TEST_CASE][PASSED] - Test Cases/Reusable_Test_Sequences/Web_Office/Verification/Reports/Population_Report: Test Cases/Reusable_Test_Sequences/Web_Office/Verification/Reports/Population_Report

2020-04-20 13:35:14 - [TEST_STEP][PASSED] - waitForPageLoad(120): Wait for page load successfully

2020-04-20 13:35:14 - [MESSAGE][PASSED] - Wait for page load successfully

2020-04-20 13:35:14 - [TEST_STEP][PASSED] - delay(1): Delayed 1 second(s)

2020-04-20 13:35:15 - [MESSAGE][PASSED] - Delayed 1 second(s)

2020-04-20 13:35:15 - [TEST_STEP][PASSED] - verifyTextPresent("Searches by Location and Category", false): Text 'Searches by Location and Category' is present on page 

2020-04-20 13:35:17 - [MESSAGE][PASSED] - Text 'Searches by Location and Category' is present on page 

2020-04-20 13:35:17 - [TEST_STEP][PASSED] - "----------------------------------------------": null

2020-04-20 13:35:17 - [TEST_STEP][PASSED] - verifyTextPresent("Postcodes", false): Text 'Postcodes' is present on page 

2020-04-20 13:35:18 - [MESSAGE][PASSED] - Text 'Postcodes' is present on page 

2020-04-20 13:35:18 - [TEST_STEP][PASSED] - verifyTextPresent("Select Categories", false): Text 'Select Categories' is present on page 

2020-04-20 13:35:19 - [MESSAGE][PASSED] - Text 'Select Categories' is present on page 

2020-04-20 13:35:19 - [TEST_STEP][PASSED] - verifyTextPresent("Search Radiuse", false): Text 'Search Radiuse' is present on page 

2020-04-20 13:35:21 - [MESSAGE][PASSED] - Text 'Search Radiuse' is present on page 

2020-04-20 13:35:21 - [TEST_STEP][PASSED] - verifyTextPresent("Included postcodes based on search radius", false): Text 'Included postcodes based on search radius' is present on page 

2020-04-20 13:35:22 - [MESSAGE][PASSED] - Text 'Included postcodes based on search radius' is present on page 

2020-04-20 13:35:22 - [TEST_STEP][PASSED] - verifyTextPresent("Select Date Range", false): Text 'Select Date Range' is present on page 

2020-04-20 13:35:23 - [MESSAGE][PASSED] - Text 'Select Date Range' is present on page 

2020-04-20 13:35:23 - [TEST_STEP][PASSED] - verifyTextPresent("Populate Grid", false): Text 'Populate Grid' is present on page 

2020-04-20 13:35:24 - [MESSAGE][PASSED] - Text 'Populate Grid' is present on page 

2020-04-20 13:35:24 - [TEST_STEP][PASSED] - verifyTextPresent("Note: Be patient, to show the final", false): Text 'Note: Be patient, to show the final' is present on page 

2020-04-20 13:35:25 - [MESSAGE][PASSED] - Text 'Note: Be patient, to show the final' is present on page 

2020-04-20 13:35:25 - [TEST_STEP][PASSED] - verifyTextPresent("result may take some time,", false): Text 'result may take some time,' is present on page 

2020-04-20 13:35:25 - [MESSAGE][PASSED] - Text 'result may take some time,' is present on page 

2020-04-20 13:35:25 - [TEST_STEP][PASSED] - verifyTextPresent("depending on the number of postcodes,", false): Text 'depending on the number of postcodes,' is present on page 

2020-04-20 13:35:26 - [MESSAGE][PASSED] - Text 'depending on the number of postcodes,' is present on page 

2020-04-20 13:35:26 - [TEST_STEP][PASSED] - verifyTextPresent("radius and categories selected!", false): Text 'radius and categories selected!' is present on page 

2020-04-20 13:35:27 - [MESSAGE][PASSED] - Text 'radius and categories selected!' is present on page 

2020-04-20 13:35:27 - [MESSAGE][PASSED] - Call Test Case 'Test Cases/Reusable_Test_Sequences/Web_Office/Verification/Reports/Population_Report' successfully

2020-04-20 13:35:27 - [TEST_STEP][PASSED] - "--------------------------": null

2020-04-20 13:35:27 - [TEST_STEP][PASSED] - " Teardown - CLose Browser |": null

2020-04-20 13:35:27 - [TEST_STEP][PASSED] - callTestCase(findTestCase("Reusable_Test_Sequences/CAT_Teardown"), [:], OPTIONAL): Call Test Case 'Test Cases/Reusable_Test_Sequences/CAT_Teardown' successfully

2020-04-20 13:35:27 - [TEST_CASE][PASSED] - Test Cases/Reusable_Test_Sequences/CAT_Teardown: Test Cases/Reusable_Test_Sequences/CAT_Teardown

2020-04-20 13:35:27 - [TEST_STEP][PASSED] - closeBrowser(): Browser is closed

2020-04-20 13:35:28 - [MESSAGE][PASSED] - Browser is closed

2020-04-20 13:35:28 - [TEST_STEP][PASSED] - super.finalize(): null

2020-04-20 13:35:28 - [TEST_STEP][PASSED] - System.gc(): null

2020-04-20 13:35:28 - [MESSAGE][PASSED] - Call Test Case 'Test Cases/Reusable_Test_Sequences/CAT_Teardown' successfully]]></system-out>
         <system-err><![CDATA[]]></system-err>
      </testcase>
      <system-out><![CDATA[2020-04-20 13:19:35 - [TEST_SUITE][PASSED] - Web_Office_Reports: Test Cases/Web_Office/Reports/Population_Report]]></system-out>
      <system-err><![CDATA[]]></system-err>
   </testsuite>
</testsuites>
