<?xml version="1.0" encoding="UTF-8"?>
<testsuites name="Trade_Name_Multiple_Search" time="324.303" tests="2" failures="0" errors="0">
   <testsuite name="Trade_Name_Multiple_Search" tests="2" failures="0" errors="0" time="324.303" timestamp="2020-04-16 08:59:52" hostname="DavidHo - 192.168.1.238" id="Test Suites/Trade_Name_Multiple_Search">
      <properties>
         <property name="deviceName" value=""/>
         <property name="devicePlatform" value=""/>
         <property name="logFolder" value="C:\\Users\\davidho\\git\\src\\Reports\\20200416_085947\\Trade_Name_Multiple_Search\\20200416_085947"/>
         <property name="logFiles" value="C:\\Users\\davidho\\git\\src\\Reports\\20200416_085947\\Trade_Name_Multiple_Search\\20200416_085947\\execution0.log"/>
         <property name="attachments" value=""/>
         <property name="hostName" value="DavidHo - 192.168.1.238"/>
         <property name="os" value="Windows 10 32bit"/>
         <property name="katalonVersion" value="7.3.1.1"/>
         <property name="browser" value="Chrome 81.0.4044.92"/>
         <property name="hostAddress" value="192.168.1.238"/>
         <property name="sessionId" value="b304d3c04a4b163422886bf41c3947a7"/>
         <property name="seleniumVersion" value="3.141.59"/>
         <property name="proxyInformation" value="ProxyInformation{proxyOption=NO_PROXY, proxyServerType=HTTP, password=, proxyServerAddress=, proxyServerPort=0, executionList=}"/>
         <property name="platform" value="Windows 10"/>
      </properties>
      <testcase name="Test Cases/Checkatrade_Tradesman_Searches/Trade_Name_Search_Multiple" time="143.04" classname="Test Cases/Checkatrade_Tradesman_Searches/Trade_Name_Search_Multiple" status="PASSED">
         <system-out><![CDATA[2020-04-16 08:59:53 - [TEST_CASE][PASSED] - Test Cases/Checkatrade_Tradesman_Searches/Trade_Name_Search_Multiple: Test Cases/Checkatrade_Tradesman_Searches/Trade_Name_Search_Multiple

2020-04-16 08:59:53 - [TEST_STEP][PASSED] - for ([row = 1, row <= findTestData("Search_CAT_ID_Data (1)").getRowNumbers(), (internal.GlobalVariable.row++)]): Call Test Case 'Test Cases/Reusable_Test_Sequences/CAT_Teardown' successfully

2020-04-16 08:59:54 - [TEST_STEP][PASSED] - callTestCase(findTestCase("Reusable_Test_Sequences/CAT_Setup"), [:], STOP_ON_FAILURE): Call Test Case 'Test Cases/Reusable_Test_Sequences/CAT_Setup' successfully

2020-04-16 08:59:54 - [TEST_CASE][PASSED] - Test Cases/Reusable_Test_Sequences/CAT_Setup: Test Cases/Reusable_Test_Sequences/CAT_Setup

2020-04-16 08:59:54 - [TEST_STEP][PASSED] - "------------------------------": null

2020-04-16 08:59:54 - [TEST_STEP][PASSED] - " Set Mobile Device Testing    |": null

2020-04-16 08:59:54 - [TEST_STEP][PASSED] - if (Mobile_Flag == "true"): null

2020-04-16 08:59:54 - [TEST_STEP][PASSED] - "------------------------------": null

2020-04-16 08:59:54 - [TEST_STEP][PASSED] - " Set Mobile Device Testing    |": null

2020-04-16 08:59:54 - [TEST_STEP][PASSED] - "------------------------------": null

2020-04-16 08:59:54 - [TEST_STEP][PASSED] - "URL - Set from the ENVIRONMENT PROFILE ": null

2020-04-16 08:59:54 - [TEST_STEP][PASSED] - openBrowser(URL): Browser is opened with url: 'https://www.preview.checkatrade.com/'

2020-04-16 08:59:54 - [MESSAGE][INFO] - Starting 'Chrome' driver

2020-04-16 08:59:54 - [MESSAGE][INFO] - Action delay is set to 0 milliseconds

2020-04-16 09:00:01 - [MESSAGE][PASSED] - Browser is opened with url: 'https://www.preview.checkatrade.com/'

2020-04-16 09:00:01 - [TEST_STEP][PASSED] - maximizeWindow(): Current window maximized

2020-04-16 09:00:03 - [MESSAGE][PASSED] - Current window maximized

2020-04-16 09:00:03 - [TEST_STEP][PASSED] - waitForPageLoad(60): Wait for page load successfully

2020-04-16 09:00:03 - [MESSAGE][PASSED] - Wait for page load successfully

2020-04-16 09:00:03 - [TEST_STEP][PASSED] - "Previous Functionalilty Left Commented For Ease Of reversion": null

2020-04-16 09:00:03 - [TEST_STEP][PASSED] - " Katalon Try/Catches currently have issues? SEE HEADER": null

2020-04-16 09:00:03 - [TEST_STEP][PASSED] - try: Text 'Cookie Policy' is not present on page

2020-04-16 09:00:03 - [TEST_STEP][PASSED] - verifyElementPresent(findTestObject("Object Repository/Cookies/Page_Checkatrade Find a tradesperson you can trust/button_Accept All"), 5, OPTIONAL): Object 'Object Repository/Cookies/Page_Checkatrade Find a tradesperson you can trust/button_Accept All' is present

2020-04-16 09:00:03 - [MESSAGE][PASSED] - Object 'Object Repository/Cookies/Page_Checkatrade Find a tradesperson you can trust/button_Accept All' is present

2020-04-16 09:00:03 - [TEST_STEP][PASSED] - click(findTestObject("Object Repository/Cookies/Page_Checkatrade Find a tradesperson you can trust/button_Accept All"), OPTIONAL): Object: 'Object Repository/Cookies/Page_Checkatrade Find a tradesperson you can trust/button_Accept All' is clicked on

2020-04-16 09:00:03 - [MESSAGE][PASSED] - Object: 'Object Repository/Cookies/Page_Checkatrade Find a tradesperson you can trust/button_Accept All' is clicked on

2020-04-16 09:00:03 - [TEST_STEP][PASSED] - "---------------------------------": null

2020-04-16 09:00:03 - [TEST_STEP][PASSED] - "COOKIE POPOUT REMOVED - Confirmed": null

2020-04-16 09:00:03 - [TEST_STEP][PASSED] - delay(1): Delayed 1 second(s)

2020-04-16 09:00:04 - [MESSAGE][PASSED] - Delayed 1 second(s)

2020-04-16 09:00:04 - [TEST_STEP][PASSED] - verifyTextNotPresent("We use cookies to personalise content and ads, to provide social media features and to analyse our traffic", false): Text 'We use cookies to personalise content and ads, to provide social media features and to analyse our traffic' is not present on page

2020-04-16 09:00:05 - [MESSAGE][PASSED] - Text 'We use cookies to personalise content and ads, to provide social media features and to analyse our traffic' is not present on page

2020-04-16 09:00:05 - [TEST_STEP][PASSED] - verifyTextNotPresent(" We also share information about your use of our site with our social media, advertising and analytics partners", false): Text ' We also share information about your use of our site with our social media, advertising and analytics partners' is not present on page

2020-04-16 09:00:05 - [MESSAGE][PASSED] - Text ' We also share information about your use of our site with our social media, advertising and analytics partners' is not present on page

2020-04-16 09:00:05 - [TEST_STEP][PASSED] - verifyTextNotPresent("Cookie Policy", false): Text 'Cookie Policy' is not present on page

2020-04-16 09:00:05 - [MESSAGE][PASSED] - Text 'Cookie Policy' is not present on page

2020-04-16 09:00:05 - [TEST_STEP][PASSED] - waitForPageLoad(60): Wait for page load successfully

2020-04-16 09:00:05 - [MESSAGE][PASSED] - Wait for page load successfully

2020-04-16 09:00:05 - [TEST_STEP][PASSED] - "COOKIE - ORIGINAL": null

2020-04-16 09:00:05 - [TEST_STEP][PASSED] - if (waitForElementVisible(findTestObject("Object Repository/Feedback/Page_Checkatrade Give your feedback/input_Member_to_Review"), 5)): Web element with id: 'Object Repository/Feedback/Page_Checkatrade Give your feedback/input_Member_to_Review' located by 'By.xpath: //input[@id='feedback-form__company_autocomplete_input']' not found

2020-04-16 09:00:10 - [MESSAGE][INFO] - Unable to find the element located by 'By.xpath: //input[@id='feedback-form__company_autocomplete_input']'. Please recheck the objects properties to make sure the desired element is located. 

2020-04-16 09:00:10 - [MESSAGE][WARNING] - Web element with id: 'Object Repository/Feedback/Page_Checkatrade Give your feedback/input_Member_to_Review' located by 'By.xpath: //input[@id='feedback-form__company_autocomplete_input']' not found

2020-04-16 09:00:10 - [TEST_STEP][PASSED] - else: The <<<OLD>>> Website was detected by the STARTUP Process

2020-04-16 09:00:10 - [TEST_STEP][PASSED] - if (!(verifyElementVisible(findTestObject("Object Repository/Checkatrade_Trade_Search_Page/Page_Checkatrade Find a tradesperson you can trust/input_Search_Button_FF")))): Object 'Object Repository/Checkatrade_Trade_Search_Page/Page_Checkatrade Find a tradesperson you can trust/input_Search_Button_FF' is visible

2020-04-16 09:00:10 - [MESSAGE][PASSED] - Object 'Object Repository/Checkatrade_Trade_Search_Page/Page_Checkatrade Find a tradesperson you can trust/input_Search_Button_FF' is visible

2020-04-16 09:00:10 - [TEST_STEP][PASSED] - else: The <<<OLD>>> Website was detected by the STARTUP Process

2020-04-16 09:00:10 - [TEST_STEP][PASSED] - Website_Version = "old": null

2020-04-16 09:00:10 - [TEST_STEP][PASSED] - logInfo("The <<<OLD>>> Website was detected by the STARTUP Process"): The <<<OLD>>> Website was detected by the STARTUP Process

2020-04-16 09:00:10 - [MESSAGE][INFO] - The <<<OLD>>> Website was detected by the STARTUP Process

2020-04-16 09:00:10 - [MESSAGE][PASSED] - Call Test Case 'Test Cases/Reusable_Test_Sequences/CAT_Setup' successfully

2020-04-16 09:00:10 - [TEST_STEP][PASSED] - callTestCase(findTestCase("Reusable_Test_Sequences/CAT_Home"), [:], CONTINUE_ON_FAILURE): Call Test Case 'Test Cases/Reusable_Test_Sequences/CAT_Home' successfully

2020-04-16 09:00:10 - [TEST_CASE][PASSED] - Test Cases/Reusable_Test_Sequences/CAT_Home: Test Cases/Reusable_Test_Sequences/CAT_Home

2020-04-16 09:00:11 - [TEST_STEP][PASSED] - waitForPageLoad(60): Wait for page load successfully

2020-04-16 09:00:11 - [MESSAGE][PASSED] - Wait for page load successfully

2020-04-16 09:00:11 - [TEST_STEP][PASSED] - delay(2): Delayed 2 second(s)

2020-04-16 09:00:13 - [MESSAGE][PASSED] - Delayed 2 second(s)

2020-04-16 09:00:13 - [TEST_STEP][PASSED] - "------------------------------------": null

2020-04-16 09:00:13 - [TEST_STEP][PASSED] - if (Website_Version == "new"): null

2020-04-16 09:00:13 - [TEST_STEP][PASSED] - else: Text 'Over a million visits to Checkatrade each month' is present on page 

2020-04-16 09:00:13 - [TEST_STEP][PASSED] - verifyTextPresent("Helping you find the right trade or service", false): Text 'Helping you find the right trade or service' is present on page 

2020-04-16 09:00:13 - [MESSAGE][PASSED] - Text 'Helping you find the right trade or service' is present on page 

2020-04-16 09:00:13 - [TEST_STEP][PASSED] - verifyTextPresent("Search through over", false): Text 'Search through over' is present on page 

2020-04-16 09:00:13 - [MESSAGE][PASSED] - Text 'Search through over' is present on page 

2020-04-16 09:00:13 - [TEST_STEP][PASSED] - verifyTextPresent("recommended, vetted and monitored trades and service providers for free.", false): Text 'recommended, vetted and monitored trades and service providers for free.' is present on page 

2020-04-16 09:00:13 - [MESSAGE][PASSED] - Text 'recommended, vetted and monitored trades and service providers for free.' is present on page 

2020-04-16 09:00:13 - [TEST_STEP][PASSED] - verifyTextPresent("reviews published so far – thank you!", false): Text 'reviews published so far – thank you!' is present on page 

2020-04-16 09:00:13 - [MESSAGE][PASSED] - Text 'reviews published so far – thank you!' is present on page 

2020-04-16 09:00:13 - [TEST_STEP][PASSED] - verifyTextPresent("I need a trade or service", false): Text 'I need a trade or service' is present on page 

2020-04-16 09:00:13 - [MESSAGE][PASSED] - Text 'I need a trade or service' is present on page 

2020-04-16 09:00:13 - [TEST_STEP][PASSED] - verifyTextPresent("Every trader thoroughly checked and vetted", false): Text 'Every trader thoroughly checked and vetted' is present on page 

2020-04-16 09:00:13 - [MESSAGE][PASSED] - Text 'Every trader thoroughly checked and vetted' is present on page 

2020-04-16 09:00:13 - [TEST_STEP][PASSED] - "------------------------------------": null

2020-04-16 09:00:13 - [TEST_STEP][PASSED] - verifyTextPresent("reviews published so far – thank you!", false): Text 'reviews published so far – thank you!' is present on page 

2020-04-16 09:00:14 - [MESSAGE][PASSED] - Text 'reviews published so far – thank you!' is present on page 

2020-04-16 09:00:14 - [TEST_STEP][PASSED] - verifyTextPresent("Find out more", false): Text 'Find out more' is present on page 

2020-04-16 09:00:14 - [MESSAGE][PASSED] - Text 'Find out more' is present on page 

2020-04-16 09:00:14 - [TEST_STEP][PASSED] - verifyTextPresent("I am a tradesman", false): Text 'I am a tradesman' is present on page 

2020-04-16 09:00:14 - [MESSAGE][PASSED] - Text 'I am a tradesman' is present on page 

2020-04-16 09:00:14 - [TEST_STEP][PASSED] - verifyTextPresent("Find out more", false): Text 'Find out more' is present on page 

2020-04-16 09:00:14 - [MESSAGE][PASSED] - Text 'Find out more' is present on page 

2020-04-16 09:00:14 - [TEST_STEP][PASSED] - verifyTextPresent("Over a million visits to Checkatrade each month", false): Text 'Over a million visits to Checkatrade each month' is present on page 

2020-04-16 09:00:14 - [MESSAGE][PASSED] - Text 'Over a million visits to Checkatrade each month' is present on page 

2020-04-16 09:00:14 - [MESSAGE][PASSED] - Call Test Case 'Test Cases/Reusable_Test_Sequences/CAT_Home' successfully

2020-04-16 09:00:14 - [TEST_STEP][PASSED] - "---------------------------------------------------------------------": null

2020-04-16 09:00:14 - [TEST_STEP][PASSED] - " Select Search on Trader Name (or ID) From Home page/Search Screen   |": null

2020-04-16 09:00:14 - [TEST_STEP][PASSED] - callTestCase(findTestCase("Reusable_Test_Sequences/CAT_Click_Search_Trade_Name"), [:], STOP_ON_FAILURE): Call Test Case 'Test Cases/Reusable_Test_Sequences/CAT_Click_Search_Trade_Name' successfully

2020-04-16 09:00:14 - [TEST_CASE][PASSED] - Test Cases/Reusable_Test_Sequences/CAT_Click_Search_Trade_Name: Test Cases/Reusable_Test_Sequences/CAT_Click_Search_Trade_Name

2020-04-16 09:00:14 - [TEST_STEP][PASSED] - waitForPageLoad(60): Wait for page load successfully

2020-04-16 09:00:14 - [MESSAGE][PASSED] - Wait for page load successfully

2020-04-16 09:00:14 - [TEST_STEP][PASSED] - if (Website_Version != "new"): Object: 'Object Repository/Page_Checkatrade Find a tradesperson you can trust/a_or look up a member by name' is clicked on

2020-04-16 09:00:14 - [TEST_STEP][PASSED] - waitForElementClickable(findTestObject("Object Repository/Page_Checkatrade Find a tradesperson you can trust/a_or look up a member by name"), 5): Object 'Object Repository/Page_Checkatrade Find a tradesperson you can trust/a_or look up a member by name' is clickable

2020-04-16 09:00:14 - [MESSAGE][PASSED] - Object 'Object Repository/Page_Checkatrade Find a tradesperson you can trust/a_or look up a member by name' is clickable

2020-04-16 09:00:14 - [TEST_STEP][PASSED] - click(findTestObject("Object Repository/Page_Checkatrade Find a tradesperson you can trust/a_or look up a member by name")): Object: 'Object Repository/Page_Checkatrade Find a tradesperson you can trust/a_or look up a member by name' is clicked on

2020-04-16 09:00:14 - [MESSAGE][PASSED] - Object: 'Object Repository/Page_Checkatrade Find a tradesperson you can trust/a_or look up a member by name' is clicked on

2020-04-16 09:00:14 - [TEST_STEP][PASSED] - if (Website_Version != "old"): null

2020-04-16 09:00:14 - [TEST_STEP][PASSED] - waitForPageLoad(60): Wait for page load successfully

2020-04-16 09:00:14 - [MESSAGE][PASSED] - Wait for page load successfully

2020-04-16 09:00:14 - [MESSAGE][PASSED] - Call Test Case 'Test Cases/Reusable_Test_Sequences/CAT_Click_Search_Trade_Name' successfully

2020-04-16 09:00:14 - [TEST_STEP][PASSED] - "---------------------------------------": null

2020-04-16 09:00:14 - [TEST_STEP][PASSED] - " Enter Trader Name (or ID) to Search   |": null

2020-04-16 09:00:14 - [TEST_STEP][PASSED] - callTestCase(findTestCase("Reusable_Test_Sequences/CAT_Enter_Trade_Name"), [:], STOP_ON_FAILURE): Call Test Case 'Test Cases/Reusable_Test_Sequences/CAT_Enter_Trade_Name' successfully

2020-04-16 09:00:14 - [TEST_CASE][PASSED] - Test Cases/Reusable_Test_Sequences/CAT_Enter_Trade_Name: Test Cases/Reusable_Test_Sequences/CAT_Enter_Trade_Name

2020-04-16 09:00:15 - [TEST_STEP][PASSED] - if (Website_Version != "new"): Text '218020' is set on object 'Object Repository/Page_Checkatrade Find a tradesperson you can trust/Trader_Name_To_Search'

2020-04-16 09:00:15 - [TEST_STEP][PASSED] - setText(findTestObject("Page_Checkatrade Find a tradesperson you can trust/Trader_Name_To_Search"), findTestData("Search_CAT_ID_Data (1)").getValue("tradeName", row)): Text '218020' is set on object 'Object Repository/Page_Checkatrade Find a tradesperson you can trust/Trader_Name_To_Search'

2020-04-16 09:00:15 - [MESSAGE][PASSED] - Text '218020' is set on object 'Object Repository/Page_Checkatrade Find a tradesperson you can trust/Trader_Name_To_Search'

2020-04-16 09:00:15 - [TEST_STEP][PASSED] - if (verifyTextNotPresent("Sorry, no results found", false)): null

2020-04-16 09:00:15 - [MESSAGE][PASSED] - Text 'Sorry, no results found' is not present on page

2020-04-16 09:00:15 - [TEST_STEP][PASSED] - markPassed("The Expected Lookup Result(s) ARE being returned by the Lookup Service, AS EXPECTED"): The Expected Lookup Result(s) ARE being returned by the Lookup Service, AS EXPECTED

2020-04-16 09:00:15 - [MESSAGE][PASSED] - The Expected Lookup Result(s) ARE being returned by the Lookup Service, AS EXPECTED

2020-04-16 09:00:15 - [MESSAGE][PASSED] - Call Test Case 'Test Cases/Reusable_Test_Sequences/CAT_Enter_Trade_Name' successfully

2020-04-16 09:00:15 - [TEST_STEP][PASSED] - "---------------------------------------": null

2020-04-16 09:00:15 - [TEST_STEP][PASSED] - " Search Trader Name (or ID)            |": null

2020-04-16 09:00:15 - [TEST_STEP][PASSED] - callTestCase(findTestCase("Reusable_Test_Sequences/CAT_Search_Trade_Name"), [:], STOP_ON_FAILURE): Call Test Case 'Test Cases/Reusable_Test_Sequences/CAT_Search_Trade_Name' successfully

2020-04-16 09:00:15 - [TEST_CASE][PASSED] - Test Cases/Reusable_Test_Sequences/CAT_Search_Trade_Name: Test Cases/Reusable_Test_Sequences/CAT_Search_Trade_Name

2020-04-16 09:00:15 - [TEST_STEP][PASSED] - "Hit Search Trade Person by Name (or CAT ID) after parameters are entered": null

2020-04-16 09:00:15 - [TEST_STEP][PASSED] - waitForPageLoad(60): Wait for page load successfully

2020-04-16 09:00:15 - [MESSAGE][PASSED] - Wait for page load successfully

2020-04-16 09:00:15 - [TEST_STEP][PASSED] - delay(2): Delayed 2 second(s)

2020-04-16 09:00:17 - [MESSAGE][PASSED] - Delayed 2 second(s)

2020-04-16 09:00:17 - [TEST_STEP][PASSED] - if (Website_Version == "new"): null

2020-04-16 09:00:17 - [TEST_STEP][PASSED] - else: Object: 'Object Repository/Page_Checkatrade Find a tradesperson you can trust/span_Trade_Name' is clicked on

2020-04-16 09:00:17 - [TEST_STEP][PASSED] - waitForElementClickable(findTestObject("Page_Checkatrade Find a tradesperson you can trust/span_Trade_Name"), 60): Object 'Object Repository/Page_Checkatrade Find a tradesperson you can trust/span_Trade_Name' is clickable

2020-04-16 09:00:17 - [MESSAGE][PASSED] - Object 'Object Repository/Page_Checkatrade Find a tradesperson you can trust/span_Trade_Name' is clickable

2020-04-16 09:00:17 - [TEST_STEP][PASSED] - click(findTestObject("Page_Checkatrade Find a tradesperson you can trust/span_Trade_Name")): Object: 'Object Repository/Page_Checkatrade Find a tradesperson you can trust/span_Trade_Name' is clicked on

2020-04-16 09:00:19 - [MESSAGE][PASSED] - Object: 'Object Repository/Page_Checkatrade Find a tradesperson you can trust/span_Trade_Name' is clicked on

2020-04-16 09:00:19 - [TEST_STEP][PASSED] - delay(2): Delayed 2 second(s)

2020-04-16 09:00:21 - [MESSAGE][PASSED] - Delayed 2 second(s)

2020-04-16 09:00:21 - [TEST_STEP][PASSED] - waitForPageLoad(60): Wait for page load successfully

2020-04-16 09:00:21 - [MESSAGE][PASSED] - Wait for page load successfully

2020-04-16 09:00:21 - [MESSAGE][PASSED] - Call Test Case 'Test Cases/Reusable_Test_Sequences/CAT_Search_Trade_Name' successfully

2020-04-16 09:00:21 - [TEST_STEP][PASSED] - "------------------------------------------": null

2020-04-16 09:00:21 - [TEST_STEP][PASSED] - " Scroll to Page Footer to Reveal Results  |": null

2020-04-16 09:00:21 - [TEST_STEP][PASSED] - callTestCase(findTestCase("Reusable_Test_Sequences/CAT_Scroll_to_Footer"), [:], CONTINUE_ON_FAILURE): Call Test Case 'Test Cases/Reusable_Test_Sequences/CAT_Scroll_to_Footer' successfully

2020-04-16 09:00:21 - [TEST_CASE][PASSED] - Test Cases/Reusable_Test_Sequences/CAT_Scroll_to_Footer: Test Cases/Reusable_Test_Sequences/CAT_Scroll_to_Footer

2020-04-16 09:00:22 - [TEST_STEP][PASSED] - "-----------------------------------------------------": null

2020-04-16 09:00:22 - [TEST_STEP][PASSED] - " Major changes factored into function 05/12/2019     |": null

2020-04-16 09:00:22 - [TEST_STEP][PASSED] - "-----------------------------------------------------": null

2020-04-16 09:00:22 - [TEST_STEP][PASSED] - "Animation Removed ": null

2020-04-16 09:00:22 - [TEST_STEP][PASSED] - "Scroll - To Footer on the bottom of the page (sometime off the screen) ": null

2020-04-16 09:00:22 - [TEST_STEP][PASSED] - waitForPageLoad(60): Wait for page load successfully

2020-04-16 09:00:22 - [MESSAGE][PASSED] - Wait for page load successfully

2020-04-16 09:00:22 - [TEST_STEP][PASSED] - scrollToPosition(999, 999): Browser is scrolled to position x = 999, y = 999

2020-04-16 09:00:22 - [MESSAGE][PASSED] - Browser is scrolled to position x = 999, y = 999

2020-04-16 09:00:22 - [TEST_STEP][PASSED] - delay(1): Delayed 1 second(s)

2020-04-16 09:00:23 - [MESSAGE][PASSED] - Delayed 1 second(s)

2020-04-16 09:00:23 - [MESSAGE][PASSED] - Call Test Case 'Test Cases/Reusable_Test_Sequences/CAT_Scroll_to_Footer' successfully

2020-04-16 09:00:23 - [TEST_STEP][PASSED] - "------------------------------------------": null

2020-04-16 09:00:23 - [TEST_STEP][PASSED] - " Verify Correct Location is Returned     |": null

2020-04-16 09:00:23 - [TEST_STEP][PASSED] - callTestCase(findTestCase("Reusable_Test_Sequences/CAT_Verification_Location"), [:], CONTINUE_ON_FAILURE): Call Test Case 'Test Cases/Reusable_Test_Sequences/CAT_Verification_Location' successfully

2020-04-16 09:00:23 - [TEST_CASE][PASSED] - Test Cases/Reusable_Test_Sequences/CAT_Verification_Location: Test Cases/Reusable_Test_Sequences/CAT_Verification_Location

2020-04-16 09:00:23 - [TEST_STEP][PASSED] - waitForPageLoad(60): Wait for page load successfully

2020-04-16 09:00:23 - [MESSAGE][PASSED] - Wait for page load successfully

2020-04-16 09:00:23 - [TEST_STEP][PASSED] - verifyTextPresent(findTestData("Search_CAT_ID_Data (1)").getValue("tradeNameLocationVerification", row), false): Text 'Gosport, Hampshire' is present on page 

2020-04-16 09:00:23 - [MESSAGE][PASSED] - Text 'Gosport, Hampshire' is present on page 

2020-04-16 09:00:23 - [MESSAGE][PASSED] - Call Test Case 'Test Cases/Reusable_Test_Sequences/CAT_Verification_Location' successfully

2020-04-16 09:00:23 - [TEST_STEP][PASSED] - "------------------------------------------": null

2020-04-16 09:00:23 - [TEST_STEP][PASSED] - " Verify Primary Contact is Returned     |": null

2020-04-16 09:00:23 - [TEST_STEP][PASSED] - callTestCase(findTestCase("Reusable_Test_Sequences/CAT_Verification_Primary_Contact"), [:], CONTINUE_ON_FAILURE): Call Test Case 'Test Cases/Reusable_Test_Sequences/CAT_Verification_Primary_Contact' successfully

2020-04-16 09:00:23 - [TEST_CASE][PASSED] - Test Cases/Reusable_Test_Sequences/CAT_Verification_Primary_Contact: Test Cases/Reusable_Test_Sequences/CAT_Verification_Primary_Contact

2020-04-16 09:00:24 - [TEST_STEP][PASSED] - verifyTextPresent(findTestData("Search_CAT_ID_Data (1)").getValue("primeContact", row), false): Text 'Jim Foster' is present on page 

2020-04-16 09:00:24 - [MESSAGE][PASSED] - Text 'Jim Foster' is present on page 

2020-04-16 09:00:24 - [MESSAGE][PASSED] - Call Test Case 'Test Cases/Reusable_Test_Sequences/CAT_Verification_Primary_Contact' successfully

2020-04-16 09:00:24 - [TEST_STEP][PASSED] - "--------------------------": null

2020-04-16 09:00:24 - [TEST_STEP][PASSED] - " Teardown - CLose Browser |": null

2020-04-16 09:00:24 - [TEST_STEP][PASSED] - callTestCase(findTestCase("Reusable_Test_Sequences/CAT_Teardown"), [:], OPTIONAL): Call Test Case 'Test Cases/Reusable_Test_Sequences/CAT_Teardown' successfully

2020-04-16 09:00:24 - [TEST_CASE][PASSED] - Test Cases/Reusable_Test_Sequences/CAT_Teardown: Test Cases/Reusable_Test_Sequences/CAT_Teardown

2020-04-16 09:00:24 - [TEST_STEP][PASSED] - closeBrowser(): Browser is closed

2020-04-16 09:00:25 - [MESSAGE][PASSED] - Browser is closed

2020-04-16 09:00:25 - [TEST_STEP][PASSED] - super.finalize(): null

2020-04-16 09:00:25 - [TEST_STEP][PASSED] - System.gc(): null

2020-04-16 09:00:25 - [MESSAGE][PASSED] - Call Test Case 'Test Cases/Reusable_Test_Sequences/CAT_Teardown' successfully

2020-04-16 09:00:25 - [TEST_STEP][PASSED] - callTestCase(findTestCase("Reusable_Test_Sequences/CAT_Setup"), [:], STOP_ON_FAILURE): Call Test Case 'Test Cases/Reusable_Test_Sequences/CAT_Setup' successfully

2020-04-16 09:00:25 - [TEST_CASE][PASSED] - Test Cases/Reusable_Test_Sequences/CAT_Setup: Test Cases/Reusable_Test_Sequences/CAT_Setup

2020-04-16 09:00:25 - [TEST_STEP][PASSED] - "------------------------------": null

2020-04-16 09:00:25 - [TEST_STEP][PASSED] - " Set Mobile Device Testing    |": null

2020-04-16 09:00:25 - [TEST_STEP][PASSED] - if (Mobile_Flag == "true"): null

2020-04-16 09:00:25 - [TEST_STEP][PASSED] - "------------------------------": null

2020-04-16 09:00:25 - [TEST_STEP][PASSED] - " Set Mobile Device Testing    |": null

2020-04-16 09:00:25 - [TEST_STEP][PASSED] - "------------------------------": null

2020-04-16 09:00:25 - [TEST_STEP][PASSED] - "URL - Set from the ENVIRONMENT PROFILE ": null

2020-04-16 09:00:25 - [TEST_STEP][PASSED] - openBrowser(URL): Browser is opened with url: 'https://www.preview.checkatrade.com/'

2020-04-16 09:00:25 - [MESSAGE][INFO] - Starting 'Chrome' driver

2020-04-16 09:00:25 - [MESSAGE][INFO] - Action delay is set to 0 milliseconds

2020-04-16 09:00:31 - [MESSAGE][PASSED] - Browser is opened with url: 'https://www.preview.checkatrade.com/'

2020-04-16 09:00:31 - [TEST_STEP][PASSED] - maximizeWindow(): Current window maximized

2020-04-16 09:00:33 - [MESSAGE][PASSED] - Current window maximized

2020-04-16 09:00:33 - [TEST_STEP][PASSED] - waitForPageLoad(60): Wait for page load successfully

2020-04-16 09:00:33 - [MESSAGE][PASSED] - Wait for page load successfully

2020-04-16 09:00:33 - [TEST_STEP][PASSED] - "Previous Functionalilty Left Commented For Ease Of reversion": null

2020-04-16 09:00:33 - [TEST_STEP][PASSED] - " Katalon Try/Catches currently have issues? SEE HEADER": null

2020-04-16 09:00:33 - [TEST_STEP][PASSED] - try: Text 'Cookie Policy' is not present on page

2020-04-16 09:00:33 - [TEST_STEP][PASSED] - verifyElementPresent(findTestObject("Object Repository/Cookies/Page_Checkatrade Find a tradesperson you can trust/button_Accept All"), 5, OPTIONAL): Object 'Object Repository/Cookies/Page_Checkatrade Find a tradesperson you can trust/button_Accept All' is present

2020-04-16 09:00:33 - [MESSAGE][PASSED] - Object 'Object Repository/Cookies/Page_Checkatrade Find a tradesperson you can trust/button_Accept All' is present

2020-04-16 09:00:33 - [TEST_STEP][PASSED] - click(findTestObject("Object Repository/Cookies/Page_Checkatrade Find a tradesperson you can trust/button_Accept All"), OPTIONAL): Object: 'Object Repository/Cookies/Page_Checkatrade Find a tradesperson you can trust/button_Accept All' is clicked on

2020-04-16 09:00:33 - [MESSAGE][PASSED] - Object: 'Object Repository/Cookies/Page_Checkatrade Find a tradesperson you can trust/button_Accept All' is clicked on

2020-04-16 09:00:33 - [TEST_STEP][PASSED] - "---------------------------------": null

2020-04-16 09:00:33 - [TEST_STEP][PASSED] - "COOKIE POPOUT REMOVED - Confirmed": null

2020-04-16 09:00:33 - [TEST_STEP][PASSED] - delay(1): Delayed 1 second(s)

2020-04-16 09:00:34 - [MESSAGE][PASSED] - Delayed 1 second(s)

2020-04-16 09:00:34 - [TEST_STEP][PASSED] - verifyTextNotPresent("We use cookies to personalise content and ads, to provide social media features and to analyse our traffic", false): Text 'We use cookies to personalise content and ads, to provide social media features and to analyse our traffic' is not present on page

2020-04-16 09:00:34 - [MESSAGE][PASSED] - Text 'We use cookies to personalise content and ads, to provide social media features and to analyse our traffic' is not present on page

2020-04-16 09:00:34 - [TEST_STEP][PASSED] - verifyTextNotPresent(" We also share information about your use of our site with our social media, advertising and analytics partners", false): Text ' We also share information about your use of our site with our social media, advertising and analytics partners' is not present on page

2020-04-16 09:00:34 - [MESSAGE][PASSED] - Text ' We also share information about your use of our site with our social media, advertising and analytics partners' is not present on page

2020-04-16 09:00:34 - [TEST_STEP][PASSED] - verifyTextNotPresent("Cookie Policy", false): Text 'Cookie Policy' is not present on page

2020-04-16 09:00:34 - [MESSAGE][PASSED] - Text 'Cookie Policy' is not present on page

2020-04-16 09:00:34 - [TEST_STEP][PASSED] - waitForPageLoad(60): Wait for page load successfully

2020-04-16 09:00:34 - [MESSAGE][PASSED] - Wait for page load successfully

2020-04-16 09:00:34 - [TEST_STEP][PASSED] - "COOKIE - ORIGINAL": null

2020-04-16 09:00:34 - [TEST_STEP][PASSED] - if (waitForElementVisible(findTestObject("Object Repository/Feedback/Page_Checkatrade Give your feedback/input_Member_to_Review"), 5)): Web element with id: 'Object Repository/Feedback/Page_Checkatrade Give your feedback/input_Member_to_Review' located by 'By.xpath: //input[@id='feedback-form__company_autocomplete_input']' not found

2020-04-16 09:00:40 - [MESSAGE][INFO] - Unable to find the element located by 'By.xpath: //input[@id='feedback-form__company_autocomplete_input']'. Please recheck the objects properties to make sure the desired element is located. 

2020-04-16 09:00:40 - [MESSAGE][WARNING] - Web element with id: 'Object Repository/Feedback/Page_Checkatrade Give your feedback/input_Member_to_Review' located by 'By.xpath: //input[@id='feedback-form__company_autocomplete_input']' not found

2020-04-16 09:00:40 - [TEST_STEP][PASSED] - else: The <<<OLD>>> Website was detected by the STARTUP Process

2020-04-16 09:00:40 - [TEST_STEP][PASSED] - if (!(verifyElementVisible(findTestObject("Object Repository/Checkatrade_Trade_Search_Page/Page_Checkatrade Find a tradesperson you can trust/input_Search_Button_FF")))): Object 'Object Repository/Checkatrade_Trade_Search_Page/Page_Checkatrade Find a tradesperson you can trust/input_Search_Button_FF' is visible

2020-04-16 09:00:40 - [MESSAGE][PASSED] - Object 'Object Repository/Checkatrade_Trade_Search_Page/Page_Checkatrade Find a tradesperson you can trust/input_Search_Button_FF' is visible

2020-04-16 09:00:40 - [TEST_STEP][PASSED] - else: The <<<OLD>>> Website was detected by the STARTUP Process

2020-04-16 09:00:40 - [TEST_STEP][PASSED] - Website_Version = "old": null

2020-04-16 09:00:40 - [TEST_STEP][PASSED] - logInfo("The <<<OLD>>> Website was detected by the STARTUP Process"): The <<<OLD>>> Website was detected by the STARTUP Process

2020-04-16 09:00:40 - [MESSAGE][INFO] - The <<<OLD>>> Website was detected by the STARTUP Process

2020-04-16 09:00:40 - [MESSAGE][PASSED] - Call Test Case 'Test Cases/Reusable_Test_Sequences/CAT_Setup' successfully

2020-04-16 09:00:40 - [TEST_STEP][PASSED] - callTestCase(findTestCase("Reusable_Test_Sequences/CAT_Home"), [:], CONTINUE_ON_FAILURE): Call Test Case 'Test Cases/Reusable_Test_Sequences/CAT_Home' successfully

2020-04-16 09:00:40 - [TEST_CASE][PASSED] - Test Cases/Reusable_Test_Sequences/CAT_Home: Test Cases/Reusable_Test_Sequences/CAT_Home

2020-04-16 09:00:40 - [TEST_STEP][PASSED] - waitForPageLoad(60): Wait for page load successfully

2020-04-16 09:00:40 - [MESSAGE][PASSED] - Wait for page load successfully

2020-04-16 09:00:40 - [TEST_STEP][PASSED] - delay(2): Delayed 2 second(s)

2020-04-16 09:00:42 - [MESSAGE][PASSED] - Delayed 2 second(s)

2020-04-16 09:00:42 - [TEST_STEP][PASSED] - "------------------------------------": null

2020-04-16 09:00:42 - [TEST_STEP][PASSED] - if (Website_Version == "new"): null

2020-04-16 09:00:42 - [TEST_STEP][PASSED] - else: Text 'Over a million visits to Checkatrade each month' is present on page 

2020-04-16 09:00:42 - [TEST_STEP][PASSED] - verifyTextPresent("Helping you find the right trade or service", false): Text 'Helping you find the right trade or service' is present on page 

2020-04-16 09:00:42 - [MESSAGE][PASSED] - Text 'Helping you find the right trade or service' is present on page 

2020-04-16 09:00:42 - [TEST_STEP][PASSED] - verifyTextPresent("Search through over", false): Text 'Search through over' is present on page 

2020-04-16 09:00:42 - [MESSAGE][PASSED] - Text 'Search through over' is present on page 

2020-04-16 09:00:42 - [TEST_STEP][PASSED] - verifyTextPresent("recommended, vetted and monitored trades and service providers for free.", false): Text 'recommended, vetted and monitored trades and service providers for free.' is present on page 

2020-04-16 09:00:42 - [MESSAGE][PASSED] - Text 'recommended, vetted and monitored trades and service providers for free.' is present on page 

2020-04-16 09:00:42 - [TEST_STEP][PASSED] - verifyTextPresent("reviews published so far – thank you!", false): Text 'reviews published so far – thank you!' is present on page 

2020-04-16 09:00:42 - [MESSAGE][PASSED] - Text 'reviews published so far – thank you!' is present on page 

2020-04-16 09:00:42 - [TEST_STEP][PASSED] - verifyTextPresent("I need a trade or service", false): Text 'I need a trade or service' is present on page 

2020-04-16 09:00:42 - [MESSAGE][PASSED] - Text 'I need a trade or service' is present on page 

2020-04-16 09:00:42 - [TEST_STEP][PASSED] - verifyTextPresent("Every trader thoroughly checked and vetted", false): Text 'Every trader thoroughly checked and vetted' is present on page 

2020-04-16 09:00:42 - [MESSAGE][PASSED] - Text 'Every trader thoroughly checked and vetted' is present on page 

2020-04-16 09:00:42 - [TEST_STEP][PASSED] - "------------------------------------": null

2020-04-16 09:00:42 - [TEST_STEP][PASSED] - verifyTextPresent("reviews published so far – thank you!", false): Text 'reviews published so far – thank you!' is present on page 

2020-04-16 09:00:42 - [MESSAGE][PASSED] - Text 'reviews published so far – thank you!' is present on page 

2020-04-16 09:00:42 - [TEST_STEP][PASSED] - verifyTextPresent("Find out more", false): Text 'Find out more' is present on page 

2020-04-16 09:00:42 - [MESSAGE][PASSED] - Text 'Find out more' is present on page 

2020-04-16 09:00:42 - [TEST_STEP][PASSED] - verifyTextPresent("I am a tradesman", false): Text 'I am a tradesman' is present on page 

2020-04-16 09:00:43 - [MESSAGE][PASSED] - Text 'I am a tradesman' is present on page 

2020-04-16 09:00:43 - [TEST_STEP][PASSED] - verifyTextPresent("Find out more", false): Text 'Find out more' is present on page 

2020-04-16 09:00:43 - [MESSAGE][PASSED] - Text 'Find out more' is present on page 

2020-04-16 09:00:43 - [TEST_STEP][PASSED] - verifyTextPresent("Over a million visits to Checkatrade each month", false): Text 'Over a million visits to Checkatrade each month' is present on page 

2020-04-16 09:00:43 - [MESSAGE][PASSED] - Text 'Over a million visits to Checkatrade each month' is present on page 

2020-04-16 09:00:43 - [MESSAGE][PASSED] - Call Test Case 'Test Cases/Reusable_Test_Sequences/CAT_Home' successfully

2020-04-16 09:00:43 - [TEST_STEP][PASSED] - "---------------------------------------------------------------------": null

2020-04-16 09:00:43 - [TEST_STEP][PASSED] - " Select Search on Trader Name (or ID) From Home page/Search Screen   |": null

2020-04-16 09:00:43 - [TEST_STEP][PASSED] - callTestCase(findTestCase("Reusable_Test_Sequences/CAT_Click_Search_Trade_Name"), [:], STOP_ON_FAILURE): Call Test Case 'Test Cases/Reusable_Test_Sequences/CAT_Click_Search_Trade_Name' successfully

2020-04-16 09:00:43 - [TEST_CASE][PASSED] - Test Cases/Reusable_Test_Sequences/CAT_Click_Search_Trade_Name: Test Cases/Reusable_Test_Sequences/CAT_Click_Search_Trade_Name

2020-04-16 09:00:43 - [TEST_STEP][PASSED] - waitForPageLoad(60): Wait for page load successfully

2020-04-16 09:00:43 - [MESSAGE][PASSED] - Wait for page load successfully

2020-04-16 09:00:43 - [TEST_STEP][PASSED] - if (Website_Version != "new"): Object: 'Object Repository/Page_Checkatrade Find a tradesperson you can trust/a_or look up a member by name' is clicked on

2020-04-16 09:00:43 - [TEST_STEP][PASSED] - waitForElementClickable(findTestObject("Object Repository/Page_Checkatrade Find a tradesperson you can trust/a_or look up a member by name"), 5): Object 'Object Repository/Page_Checkatrade Find a tradesperson you can trust/a_or look up a member by name' is clickable

2020-04-16 09:00:43 - [MESSAGE][PASSED] - Object 'Object Repository/Page_Checkatrade Find a tradesperson you can trust/a_or look up a member by name' is clickable

2020-04-16 09:00:43 - [TEST_STEP][PASSED] - click(findTestObject("Object Repository/Page_Checkatrade Find a tradesperson you can trust/a_or look up a member by name")): Object: 'Object Repository/Page_Checkatrade Find a tradesperson you can trust/a_or look up a member by name' is clicked on

2020-04-16 09:00:43 - [MESSAGE][PASSED] - Object: 'Object Repository/Page_Checkatrade Find a tradesperson you can trust/a_or look up a member by name' is clicked on

2020-04-16 09:00:43 - [TEST_STEP][PASSED] - if (Website_Version != "old"): null

2020-04-16 09:00:43 - [TEST_STEP][PASSED] - waitForPageLoad(60): Wait for page load successfully

2020-04-16 09:00:43 - [MESSAGE][PASSED] - Wait for page load successfully

2020-04-16 09:00:43 - [MESSAGE][PASSED] - Call Test Case 'Test Cases/Reusable_Test_Sequences/CAT_Click_Search_Trade_Name' successfully

2020-04-16 09:00:43 - [TEST_STEP][PASSED] - "---------------------------------------": null

2020-04-16 09:00:43 - [TEST_STEP][PASSED] - " Enter Trader Name (or ID) to Search   |": null

2020-04-16 09:00:43 - [TEST_STEP][PASSED] - callTestCase(findTestCase("Reusable_Test_Sequences/CAT_Enter_Trade_Name"), [:], STOP_ON_FAILURE): Call Test Case 'Test Cases/Reusable_Test_Sequences/CAT_Enter_Trade_Name' successfully

2020-04-16 09:00:43 - [TEST_CASE][PASSED] - Test Cases/Reusable_Test_Sequences/CAT_Enter_Trade_Name: Test Cases/Reusable_Test_Sequences/CAT_Enter_Trade_Name

2020-04-16 09:00:43 - [TEST_STEP][PASSED] - if (Website_Version != "new"): Text '402921' is set on object 'Object Repository/Page_Checkatrade Find a tradesperson you can trust/Trader_Name_To_Search'

2020-04-16 09:00:43 - [TEST_STEP][PASSED] - setText(findTestObject("Page_Checkatrade Find a tradesperson you can trust/Trader_Name_To_Search"), findTestData("Search_CAT_ID_Data (1)").getValue("tradeName", row)): Text '402921' is set on object 'Object Repository/Page_Checkatrade Find a tradesperson you can trust/Trader_Name_To_Search'

2020-04-16 09:00:43 - [MESSAGE][PASSED] - Text '402921' is set on object 'Object Repository/Page_Checkatrade Find a tradesperson you can trust/Trader_Name_To_Search'

2020-04-16 09:00:43 - [TEST_STEP][PASSED] - if (verifyTextNotPresent("Sorry, no results found", false)): null

2020-04-16 09:00:43 - [MESSAGE][PASSED] - Text 'Sorry, no results found' is not present on page

2020-04-16 09:00:43 - [TEST_STEP][PASSED] - markPassed("The Expected Lookup Result(s) ARE being returned by the Lookup Service, AS EXPECTED"): The Expected Lookup Result(s) ARE being returned by the Lookup Service, AS EXPECTED

2020-04-16 09:00:43 - [MESSAGE][PASSED] - The Expected Lookup Result(s) ARE being returned by the Lookup Service, AS EXPECTED

2020-04-16 09:00:43 - [MESSAGE][PASSED] - Call Test Case 'Test Cases/Reusable_Test_Sequences/CAT_Enter_Trade_Name' successfully

2020-04-16 09:00:43 - [TEST_STEP][PASSED] - "---------------------------------------": null

2020-04-16 09:00:43 - [TEST_STEP][PASSED] - " Search Trader Name (or ID)            |": null

2020-04-16 09:00:43 - [TEST_STEP][PASSED] - callTestCase(findTestCase("Reusable_Test_Sequences/CAT_Search_Trade_Name"), [:], STOP_ON_FAILURE): Call Test Case 'Test Cases/Reusable_Test_Sequences/CAT_Search_Trade_Name' successfully

2020-04-16 09:00:44 - [TEST_CASE][PASSED] - Test Cases/Reusable_Test_Sequences/CAT_Search_Trade_Name: Test Cases/Reusable_Test_Sequences/CAT_Search_Trade_Name

2020-04-16 09:00:44 - [TEST_STEP][PASSED] - "Hit Search Trade Person by Name (or CAT ID) after parameters are entered": null

2020-04-16 09:00:44 - [TEST_STEP][PASSED] - waitForPageLoad(60): Wait for page load successfully

2020-04-16 09:00:44 - [MESSAGE][PASSED] - Wait for page load successfully

2020-04-16 09:00:44 - [TEST_STEP][PASSED] - delay(2): Delayed 2 second(s)

2020-04-16 09:00:46 - [MESSAGE][PASSED] - Delayed 2 second(s)

2020-04-16 09:00:46 - [TEST_STEP][PASSED] - if (Website_Version == "new"): null

2020-04-16 09:00:46 - [TEST_STEP][PASSED] - else: Object: 'Object Repository/Page_Checkatrade Find a tradesperson you can trust/span_Trade_Name' is clicked on

2020-04-16 09:00:46 - [TEST_STEP][PASSED] - waitForElementClickable(findTestObject("Page_Checkatrade Find a tradesperson you can trust/span_Trade_Name"), 60): Object 'Object Repository/Page_Checkatrade Find a tradesperson you can trust/span_Trade_Name' is clickable

2020-04-16 09:00:46 - [MESSAGE][PASSED] - Object 'Object Repository/Page_Checkatrade Find a tradesperson you can trust/span_Trade_Name' is clickable

2020-04-16 09:00:46 - [TEST_STEP][PASSED] - click(findTestObject("Page_Checkatrade Find a tradesperson you can trust/span_Trade_Name")): Object: 'Object Repository/Page_Checkatrade Find a tradesperson you can trust/span_Trade_Name' is clicked on

2020-04-16 09:00:47 - [MESSAGE][PASSED] - Object: 'Object Repository/Page_Checkatrade Find a tradesperson you can trust/span_Trade_Name' is clicked on

2020-04-16 09:00:47 - [TEST_STEP][PASSED] - delay(2): Delayed 2 second(s)

2020-04-16 09:00:49 - [MESSAGE][PASSED] - Delayed 2 second(s)

2020-04-16 09:00:49 - [TEST_STEP][PASSED] - waitForPageLoad(60): Wait for page load successfully

2020-04-16 09:00:49 - [MESSAGE][PASSED] - Wait for page load successfully

2020-04-16 09:00:49 - [MESSAGE][PASSED] - Call Test Case 'Test Cases/Reusable_Test_Sequences/CAT_Search_Trade_Name' successfully

2020-04-16 09:00:49 - [TEST_STEP][PASSED] - "------------------------------------------": null

2020-04-16 09:00:49 - [TEST_STEP][PASSED] - " Scroll to Page Footer to Reveal Results  |": null

2020-04-16 09:00:49 - [TEST_STEP][PASSED] - callTestCase(findTestCase("Reusable_Test_Sequences/CAT_Scroll_to_Footer"), [:], CONTINUE_ON_FAILURE): Call Test Case 'Test Cases/Reusable_Test_Sequences/CAT_Scroll_to_Footer' successfully

2020-04-16 09:00:49 - [TEST_CASE][PASSED] - Test Cases/Reusable_Test_Sequences/CAT_Scroll_to_Footer: Test Cases/Reusable_Test_Sequences/CAT_Scroll_to_Footer

2020-04-16 09:00:49 - [TEST_STEP][PASSED] - "-----------------------------------------------------": null

2020-04-16 09:00:49 - [TEST_STEP][PASSED] - " Major changes factored into function 05/12/2019     |": null

2020-04-16 09:00:49 - [TEST_STEP][PASSED] - "-----------------------------------------------------": null

2020-04-16 09:00:49 - [TEST_STEP][PASSED] - "Animation Removed ": null

2020-04-16 09:00:49 - [TEST_STEP][PASSED] - "Scroll - To Footer on the bottom of the page (sometime off the screen) ": null

2020-04-16 09:00:49 - [TEST_STEP][PASSED] - waitForPageLoad(60): Wait for page load successfully

2020-04-16 09:00:50 - [MESSAGE][PASSED] - Wait for page load successfully

2020-04-16 09:00:50 - [TEST_STEP][PASSED] - scrollToPosition(999, 999): Browser is scrolled to position x = 999, y = 999

2020-04-16 09:00:50 - [MESSAGE][PASSED] - Browser is scrolled to position x = 999, y = 999

2020-04-16 09:00:50 - [TEST_STEP][PASSED] - delay(1): Delayed 1 second(s)

2020-04-16 09:00:51 - [MESSAGE][PASSED] - Delayed 1 second(s)

2020-04-16 09:00:51 - [MESSAGE][PASSED] - Call Test Case 'Test Cases/Reusable_Test_Sequences/CAT_Scroll_to_Footer' successfully

2020-04-16 09:00:51 - [TEST_STEP][PASSED] - "------------------------------------------": null

2020-04-16 09:00:51 - [TEST_STEP][PASSED] - " Verify Correct Location is Returned     |": null

2020-04-16 09:00:51 - [TEST_STEP][PASSED] - callTestCase(findTestCase("Reusable_Test_Sequences/CAT_Verification_Location"), [:], CONTINUE_ON_FAILURE): Call Test Case 'Test Cases/Reusable_Test_Sequences/CAT_Verification_Location' successfully

2020-04-16 09:00:51 - [TEST_CASE][PASSED] - Test Cases/Reusable_Test_Sequences/CAT_Verification_Location: Test Cases/Reusable_Test_Sequences/CAT_Verification_Location

2020-04-16 09:00:51 - [TEST_STEP][PASSED] - waitForPageLoad(60): Wait for page load successfully

2020-04-16 09:00:51 - [MESSAGE][PASSED] - Wait for page load successfully

2020-04-16 09:00:51 - [TEST_STEP][PASSED] - verifyTextPresent(findTestData("Search_CAT_ID_Data (1)").getValue("tradeNameLocationVerification", row), false): Text 'Retford, Nottinghamshire' is present on page 

2020-04-16 09:00:51 - [MESSAGE][PASSED] - Text 'Retford, Nottinghamshire' is present on page 

2020-04-16 09:00:51 - [MESSAGE][PASSED] - Call Test Case 'Test Cases/Reusable_Test_Sequences/CAT_Verification_Location' successfully

2020-04-16 09:00:51 - [TEST_STEP][PASSED] - "------------------------------------------": null

2020-04-16 09:00:51 - [TEST_STEP][PASSED] - " Verify Primary Contact is Returned     |": null

2020-04-16 09:00:51 - [TEST_STEP][PASSED] - callTestCase(findTestCase("Reusable_Test_Sequences/CAT_Verification_Primary_Contact"), [:], CONTINUE_ON_FAILURE): Call Test Case 'Test Cases/Reusable_Test_Sequences/CAT_Verification_Primary_Contact' successfully

2020-04-16 09:00:51 - [TEST_CASE][PASSED] - Test Cases/Reusable_Test_Sequences/CAT_Verification_Primary_Contact: Test Cases/Reusable_Test_Sequences/CAT_Verification_Primary_Contact

2020-04-16 09:00:51 - [TEST_STEP][PASSED] - verifyTextPresent(findTestData("Search_CAT_ID_Data (1)").getValue("primeContact", row), false): Text 'James Burton' is present on page 

2020-04-16 09:00:51 - [MESSAGE][PASSED] - Text 'James Burton' is present on page 

2020-04-16 09:00:51 - [MESSAGE][PASSED] - Call Test Case 'Test Cases/Reusable_Test_Sequences/CAT_Verification_Primary_Contact' successfully

2020-04-16 09:00:51 - [TEST_STEP][PASSED] - "--------------------------": null

2020-04-16 09:00:51 - [TEST_STEP][PASSED] - " Teardown - CLose Browser |": null

2020-04-16 09:00:51 - [TEST_STEP][PASSED] - callTestCase(findTestCase("Reusable_Test_Sequences/CAT_Teardown"), [:], OPTIONAL): Call Test Case 'Test Cases/Reusable_Test_Sequences/CAT_Teardown' successfully

2020-04-16 09:00:51 - [TEST_CASE][PASSED] - Test Cases/Reusable_Test_Sequences/CAT_Teardown: Test Cases/Reusable_Test_Sequences/CAT_Teardown

2020-04-16 09:00:51 - [TEST_STEP][PASSED] - closeBrowser(): Browser is closed

2020-04-16 09:00:52 - [MESSAGE][PASSED] - Browser is closed

2020-04-16 09:00:52 - [TEST_STEP][PASSED] - super.finalize(): null

2020-04-16 09:00:52 - [TEST_STEP][PASSED] - System.gc(): null

2020-04-16 09:00:52 - [MESSAGE][PASSED] - Call Test Case 'Test Cases/Reusable_Test_Sequences/CAT_Teardown' successfully

2020-04-16 09:00:52 - [TEST_STEP][PASSED] - callTestCase(findTestCase("Reusable_Test_Sequences/CAT_Setup"), [:], STOP_ON_FAILURE): Call Test Case 'Test Cases/Reusable_Test_Sequences/CAT_Setup' successfully

2020-04-16 09:00:52 - [TEST_CASE][PASSED] - Test Cases/Reusable_Test_Sequences/CAT_Setup: Test Cases/Reusable_Test_Sequences/CAT_Setup

2020-04-16 09:00:52 - [TEST_STEP][PASSED] - "------------------------------": null

2020-04-16 09:00:52 - [TEST_STEP][PASSED] - " Set Mobile Device Testing    |": null

2020-04-16 09:00:52 - [TEST_STEP][PASSED] - if (Mobile_Flag == "true"): null

2020-04-16 09:00:52 - [TEST_STEP][PASSED] - "------------------------------": null

2020-04-16 09:00:52 - [TEST_STEP][PASSED] - " Set Mobile Device Testing    |": null

2020-04-16 09:00:52 - [TEST_STEP][PASSED] - "------------------------------": null

2020-04-16 09:00:52 - [TEST_STEP][PASSED] - "URL - Set from the ENVIRONMENT PROFILE ": null

2020-04-16 09:00:52 - [TEST_STEP][PASSED] - openBrowser(URL): Browser is opened with url: 'https://www.preview.checkatrade.com/'

2020-04-16 09:00:52 - [MESSAGE][INFO] - Starting 'Chrome' driver

2020-04-16 09:00:52 - [MESSAGE][INFO] - Action delay is set to 0 milliseconds

2020-04-16 09:00:58 - [MESSAGE][PASSED] - Browser is opened with url: 'https://www.preview.checkatrade.com/'

2020-04-16 09:00:58 - [TEST_STEP][PASSED] - maximizeWindow(): Current window maximized

2020-04-16 09:01:00 - [MESSAGE][PASSED] - Current window maximized

2020-04-16 09:01:00 - [TEST_STEP][PASSED] - waitForPageLoad(60): Wait for page load successfully

2020-04-16 09:01:00 - [MESSAGE][PASSED] - Wait for page load successfully

2020-04-16 09:01:00 - [TEST_STEP][PASSED] - "Previous Functionalilty Left Commented For Ease Of reversion": null

2020-04-16 09:01:00 - [TEST_STEP][PASSED] - " Katalon Try/Catches currently have issues? SEE HEADER": null

2020-04-16 09:01:00 - [TEST_STEP][PASSED] - try: Text 'Cookie Policy' is not present on page

2020-04-16 09:01:00 - [TEST_STEP][PASSED] - verifyElementPresent(findTestObject("Object Repository/Cookies/Page_Checkatrade Find a tradesperson you can trust/button_Accept All"), 5, OPTIONAL): Object 'Object Repository/Cookies/Page_Checkatrade Find a tradesperson you can trust/button_Accept All' is present

2020-04-16 09:01:00 - [MESSAGE][PASSED] - Object 'Object Repository/Cookies/Page_Checkatrade Find a tradesperson you can trust/button_Accept All' is present

2020-04-16 09:01:00 - [TEST_STEP][PASSED] - click(findTestObject("Object Repository/Cookies/Page_Checkatrade Find a tradesperson you can trust/button_Accept All"), OPTIONAL): Object: 'Object Repository/Cookies/Page_Checkatrade Find a tradesperson you can trust/button_Accept All' is clicked on

2020-04-16 09:01:00 - [MESSAGE][PASSED] - Object: 'Object Repository/Cookies/Page_Checkatrade Find a tradesperson you can trust/button_Accept All' is clicked on

2020-04-16 09:01:00 - [TEST_STEP][PASSED] - "---------------------------------": null

2020-04-16 09:01:00 - [TEST_STEP][PASSED] - "COOKIE POPOUT REMOVED - Confirmed": null

2020-04-16 09:01:00 - [TEST_STEP][PASSED] - delay(1): Delayed 1 second(s)

2020-04-16 09:01:01 - [MESSAGE][PASSED] - Delayed 1 second(s)

2020-04-16 09:01:01 - [TEST_STEP][PASSED] - verifyTextNotPresent("We use cookies to personalise content and ads, to provide social media features and to analyse our traffic", false): Text 'We use cookies to personalise content and ads, to provide social media features and to analyse our traffic' is not present on page

2020-04-16 09:01:02 - [MESSAGE][PASSED] - Text 'We use cookies to personalise content and ads, to provide social media features and to analyse our traffic' is not present on page

2020-04-16 09:01:02 - [TEST_STEP][PASSED] - verifyTextNotPresent(" We also share information about your use of our site with our social media, advertising and analytics partners", false): Text ' We also share information about your use of our site with our social media, advertising and analytics partners' is not present on page

2020-04-16 09:01:02 - [MESSAGE][PASSED] - Text ' We also share information about your use of our site with our social media, advertising and analytics partners' is not present on page

2020-04-16 09:01:02 - [TEST_STEP][PASSED] - verifyTextNotPresent("Cookie Policy", false): Text 'Cookie Policy' is not present on page

2020-04-16 09:01:02 - [MESSAGE][PASSED] - Text 'Cookie Policy' is not present on page

2020-04-16 09:01:02 - [TEST_STEP][PASSED] - waitForPageLoad(60): Wait for page load successfully

2020-04-16 09:01:02 - [MESSAGE][PASSED] - Wait for page load successfully

2020-04-16 09:01:02 - [TEST_STEP][PASSED] - "COOKIE - ORIGINAL": null

2020-04-16 09:01:02 - [TEST_STEP][PASSED] - if (waitForElementVisible(findTestObject("Object Repository/Feedback/Page_Checkatrade Give your feedback/input_Member_to_Review"), 5)): Web element with id: 'Object Repository/Feedback/Page_Checkatrade Give your feedback/input_Member_to_Review' located by 'By.xpath: //input[@id='feedback-form__company_autocomplete_input']' not found

2020-04-16 09:01:07 - [MESSAGE][INFO] - Unable to find the element located by 'By.xpath: //input[@id='feedback-form__company_autocomplete_input']'. Please recheck the objects properties to make sure the desired element is located. 

2020-04-16 09:01:07 - [MESSAGE][WARNING] - Web element with id: 'Object Repository/Feedback/Page_Checkatrade Give your feedback/input_Member_to_Review' located by 'By.xpath: //input[@id='feedback-form__company_autocomplete_input']' not found

2020-04-16 09:01:07 - [TEST_STEP][PASSED] - else: The <<<OLD>>> Website was detected by the STARTUP Process

2020-04-16 09:01:07 - [TEST_STEP][PASSED] - if (!(verifyElementVisible(findTestObject("Object Repository/Checkatrade_Trade_Search_Page/Page_Checkatrade Find a tradesperson you can trust/input_Search_Button_FF")))): Object 'Object Repository/Checkatrade_Trade_Search_Page/Page_Checkatrade Find a tradesperson you can trust/input_Search_Button_FF' is visible

2020-04-16 09:01:07 - [MESSAGE][PASSED] - Object 'Object Repository/Checkatrade_Trade_Search_Page/Page_Checkatrade Find a tradesperson you can trust/input_Search_Button_FF' is visible

2020-04-16 09:01:07 - [TEST_STEP][PASSED] - else: The <<<OLD>>> Website was detected by the STARTUP Process

2020-04-16 09:01:07 - [TEST_STEP][PASSED] - Website_Version = "old": null

2020-04-16 09:01:07 - [TEST_STEP][PASSED] - logInfo("The <<<OLD>>> Website was detected by the STARTUP Process"): The <<<OLD>>> Website was detected by the STARTUP Process

2020-04-16 09:01:07 - [MESSAGE][INFO] - The <<<OLD>>> Website was detected by the STARTUP Process

2020-04-16 09:01:07 - [MESSAGE][PASSED] - Call Test Case 'Test Cases/Reusable_Test_Sequences/CAT_Setup' successfully

2020-04-16 09:01:07 - [TEST_STEP][PASSED] - callTestCase(findTestCase("Reusable_Test_Sequences/CAT_Home"), [:], CONTINUE_ON_FAILURE): Call Test Case 'Test Cases/Reusable_Test_Sequences/CAT_Home' successfully

2020-04-16 09:01:07 - [TEST_CASE][PASSED] - Test Cases/Reusable_Test_Sequences/CAT_Home: Test Cases/Reusable_Test_Sequences/CAT_Home

2020-04-16 09:01:07 - [TEST_STEP][PASSED] - waitForPageLoad(60): Wait for page load successfully

2020-04-16 09:01:07 - [MESSAGE][PASSED] - Wait for page load successfully

2020-04-16 09:01:07 - [TEST_STEP][PASSED] - delay(2): Delayed 2 second(s)

2020-04-16 09:01:09 - [MESSAGE][PASSED] - Delayed 2 second(s)

2020-04-16 09:01:09 - [TEST_STEP][PASSED] - "------------------------------------": null

2020-04-16 09:01:09 - [TEST_STEP][PASSED] - if (Website_Version == "new"): null

2020-04-16 09:01:09 - [TEST_STEP][PASSED] - else: Text 'Over a million visits to Checkatrade each month' is present on page 

2020-04-16 09:01:09 - [TEST_STEP][PASSED] - verifyTextPresent("Helping you find the right trade or service", false): Text 'Helping you find the right trade or service' is present on page 

2020-04-16 09:01:09 - [MESSAGE][PASSED] - Text 'Helping you find the right trade or service' is present on page 

2020-04-16 09:01:09 - [TEST_STEP][PASSED] - verifyTextPresent("Search through over", false): Text 'Search through over' is present on page 

2020-04-16 09:01:09 - [MESSAGE][PASSED] - Text 'Search through over' is present on page 

2020-04-16 09:01:09 - [TEST_STEP][PASSED] - verifyTextPresent("recommended, vetted and monitored trades and service providers for free.", false): Text 'recommended, vetted and monitored trades and service providers for free.' is present on page 

2020-04-16 09:01:10 - [MESSAGE][PASSED] - Text 'recommended, vetted and monitored trades and service providers for free.' is present on page 

2020-04-16 09:01:10 - [TEST_STEP][PASSED] - verifyTextPresent("reviews published so far – thank you!", false): Text 'reviews published so far – thank you!' is present on page 

2020-04-16 09:01:10 - [MESSAGE][PASSED] - Text 'reviews published so far – thank you!' is present on page 

2020-04-16 09:01:10 - [TEST_STEP][PASSED] - verifyTextPresent("I need a trade or service", false): Text 'I need a trade or service' is present on page 

2020-04-16 09:01:10 - [MESSAGE][PASSED] - Text 'I need a trade or service' is present on page 

2020-04-16 09:01:10 - [TEST_STEP][PASSED] - verifyTextPresent("Every trader thoroughly checked and vetted", false): Text 'Every trader thoroughly checked and vetted' is present on page 

2020-04-16 09:01:10 - [MESSAGE][PASSED] - Text 'Every trader thoroughly checked and vetted' is present on page 

2020-04-16 09:01:10 - [TEST_STEP][PASSED] - "------------------------------------": null

2020-04-16 09:01:10 - [TEST_STEP][PASSED] - verifyTextPresent("reviews published so far – thank you!", false): Text 'reviews published so far – thank you!' is present on page 

2020-04-16 09:01:10 - [MESSAGE][PASSED] - Text 'reviews published so far – thank you!' is present on page 

2020-04-16 09:01:10 - [TEST_STEP][PASSED] - verifyTextPresent("Find out more", false): Text 'Find out more' is present on page 

2020-04-16 09:01:10 - [MESSAGE][PASSED] - Text 'Find out more' is present on page 

2020-04-16 09:01:10 - [TEST_STEP][PASSED] - verifyTextPresent("I am a tradesman", false): Text 'I am a tradesman' is present on page 

2020-04-16 09:01:10 - [MESSAGE][PASSED] - Text 'I am a tradesman' is present on page 

2020-04-16 09:01:10 - [TEST_STEP][PASSED] - verifyTextPresent("Find out more", false): Text 'Find out more' is present on page 

2020-04-16 09:01:10 - [MESSAGE][PASSED] - Text 'Find out more' is present on page 

2020-04-16 09:01:10 - [TEST_STEP][PASSED] - verifyTextPresent("Over a million visits to Checkatrade each month", false): Text 'Over a million visits to Checkatrade each month' is present on page 

2020-04-16 09:01:10 - [MESSAGE][PASSED] - Text 'Over a million visits to Checkatrade each month' is present on page 

2020-04-16 09:01:10 - [MESSAGE][PASSED] - Call Test Case 'Test Cases/Reusable_Test_Sequences/CAT_Home' successfully

2020-04-16 09:01:10 - [TEST_STEP][PASSED] - "---------------------------------------------------------------------": null

2020-04-16 09:01:10 - [TEST_STEP][PASSED] - " Select Search on Trader Name (or ID) From Home page/Search Screen   |": null

2020-04-16 09:01:10 - [TEST_STEP][PASSED] - callTestCase(findTestCase("Reusable_Test_Sequences/CAT_Click_Search_Trade_Name"), [:], STOP_ON_FAILURE): Call Test Case 'Test Cases/Reusable_Test_Sequences/CAT_Click_Search_Trade_Name' successfully

2020-04-16 09:01:10 - [TEST_CASE][PASSED] - Test Cases/Reusable_Test_Sequences/CAT_Click_Search_Trade_Name: Test Cases/Reusable_Test_Sequences/CAT_Click_Search_Trade_Name

2020-04-16 09:01:10 - [TEST_STEP][PASSED] - waitForPageLoad(60): Wait for page load successfully

2020-04-16 09:01:10 - [MESSAGE][PASSED] - Wait for page load successfully

2020-04-16 09:01:10 - [TEST_STEP][PASSED] - if (Website_Version != "new"): Object: 'Object Repository/Page_Checkatrade Find a tradesperson you can trust/a_or look up a member by name' is clicked on

2020-04-16 09:01:10 - [TEST_STEP][PASSED] - waitForElementClickable(findTestObject("Object Repository/Page_Checkatrade Find a tradesperson you can trust/a_or look up a member by name"), 5): Object 'Object Repository/Page_Checkatrade Find a tradesperson you can trust/a_or look up a member by name' is clickable

2020-04-16 09:01:10 - [MESSAGE][PASSED] - Object 'Object Repository/Page_Checkatrade Find a tradesperson you can trust/a_or look up a member by name' is clickable

2020-04-16 09:01:10 - [TEST_STEP][PASSED] - click(findTestObject("Object Repository/Page_Checkatrade Find a tradesperson you can trust/a_or look up a member by name")): Object: 'Object Repository/Page_Checkatrade Find a tradesperson you can trust/a_or look up a member by name' is clicked on

2020-04-16 09:01:10 - [MESSAGE][PASSED] - Object: 'Object Repository/Page_Checkatrade Find a tradesperson you can trust/a_or look up a member by name' is clicked on

2020-04-16 09:01:10 - [TEST_STEP][PASSED] - if (Website_Version != "old"): null

2020-04-16 09:01:10 - [TEST_STEP][PASSED] - waitForPageLoad(60): Wait for page load successfully

2020-04-16 09:01:10 - [MESSAGE][PASSED] - Wait for page load successfully

2020-04-16 09:01:10 - [MESSAGE][PASSED] - Call Test Case 'Test Cases/Reusable_Test_Sequences/CAT_Click_Search_Trade_Name' successfully

2020-04-16 09:01:10 - [TEST_STEP][PASSED] - "---------------------------------------": null

2020-04-16 09:01:10 - [TEST_STEP][PASSED] - " Enter Trader Name (or ID) to Search   |": null

2020-04-16 09:01:10 - [TEST_STEP][PASSED] - callTestCase(findTestCase("Reusable_Test_Sequences/CAT_Enter_Trade_Name"), [:], STOP_ON_FAILURE): Call Test Case 'Test Cases/Reusable_Test_Sequences/CAT_Enter_Trade_Name' successfully

2020-04-16 09:01:11 - [TEST_CASE][PASSED] - Test Cases/Reusable_Test_Sequences/CAT_Enter_Trade_Name: Test Cases/Reusable_Test_Sequences/CAT_Enter_Trade_Name

2020-04-16 09:01:11 - [TEST_STEP][PASSED] - if (Website_Version != "new"): Text '308682' is set on object 'Object Repository/Page_Checkatrade Find a tradesperson you can trust/Trader_Name_To_Search'

2020-04-16 09:01:11 - [TEST_STEP][PASSED] - setText(findTestObject("Page_Checkatrade Find a tradesperson you can trust/Trader_Name_To_Search"), findTestData("Search_CAT_ID_Data (1)").getValue("tradeName", row)): Text '308682' is set on object 'Object Repository/Page_Checkatrade Find a tradesperson you can trust/Trader_Name_To_Search'

2020-04-16 09:01:11 - [MESSAGE][PASSED] - Text '308682' is set on object 'Object Repository/Page_Checkatrade Find a tradesperson you can trust/Trader_Name_To_Search'

2020-04-16 09:01:11 - [TEST_STEP][PASSED] - if (verifyTextNotPresent("Sorry, no results found", false)): null

2020-04-16 09:01:11 - [MESSAGE][PASSED] - Text 'Sorry, no results found' is not present on page

2020-04-16 09:01:11 - [TEST_STEP][PASSED] - markPassed("The Expected Lookup Result(s) ARE being returned by the Lookup Service, AS EXPECTED"): The Expected Lookup Result(s) ARE being returned by the Lookup Service, AS EXPECTED

2020-04-16 09:01:11 - [MESSAGE][PASSED] - The Expected Lookup Result(s) ARE being returned by the Lookup Service, AS EXPECTED

2020-04-16 09:01:11 - [MESSAGE][PASSED] - Call Test Case 'Test Cases/Reusable_Test_Sequences/CAT_Enter_Trade_Name' successfully

2020-04-16 09:01:11 - [TEST_STEP][PASSED] - "---------------------------------------": null

2020-04-16 09:01:11 - [TEST_STEP][PASSED] - " Search Trader Name (or ID)            |": null

2020-04-16 09:01:11 - [TEST_STEP][PASSED] - callTestCase(findTestCase("Reusable_Test_Sequences/CAT_Search_Trade_Name"), [:], STOP_ON_FAILURE): Call Test Case 'Test Cases/Reusable_Test_Sequences/CAT_Search_Trade_Name' successfully

2020-04-16 09:01:11 - [TEST_CASE][PASSED] - Test Cases/Reusable_Test_Sequences/CAT_Search_Trade_Name: Test Cases/Reusable_Test_Sequences/CAT_Search_Trade_Name

2020-04-16 09:01:11 - [TEST_STEP][PASSED] - "Hit Search Trade Person by Name (or CAT ID) after parameters are entered": null

2020-04-16 09:01:11 - [TEST_STEP][PASSED] - waitForPageLoad(60): Wait for page load successfully

2020-04-16 09:01:11 - [MESSAGE][PASSED] - Wait for page load successfully

2020-04-16 09:01:11 - [TEST_STEP][PASSED] - delay(2): Delayed 2 second(s)

2020-04-16 09:01:13 - [MESSAGE][PASSED] - Delayed 2 second(s)

2020-04-16 09:01:13 - [TEST_STEP][PASSED] - if (Website_Version == "new"): null

2020-04-16 09:01:13 - [TEST_STEP][PASSED] - else: Object: 'Object Repository/Page_Checkatrade Find a tradesperson you can trust/span_Trade_Name' is clicked on

2020-04-16 09:01:13 - [TEST_STEP][PASSED] - waitForElementClickable(findTestObject("Page_Checkatrade Find a tradesperson you can trust/span_Trade_Name"), 60): Object 'Object Repository/Page_Checkatrade Find a tradesperson you can trust/span_Trade_Name' is clickable

2020-04-16 09:01:13 - [MESSAGE][PASSED] - Object 'Object Repository/Page_Checkatrade Find a tradesperson you can trust/span_Trade_Name' is clickable

2020-04-16 09:01:13 - [TEST_STEP][PASSED] - click(findTestObject("Page_Checkatrade Find a tradesperson you can trust/span_Trade_Name")): Object: 'Object Repository/Page_Checkatrade Find a tradesperson you can trust/span_Trade_Name' is clicked on

2020-04-16 09:01:14 - [MESSAGE][PASSED] - Object: 'Object Repository/Page_Checkatrade Find a tradesperson you can trust/span_Trade_Name' is clicked on

2020-04-16 09:01:14 - [TEST_STEP][PASSED] - delay(2): Delayed 2 second(s)

2020-04-16 09:01:16 - [MESSAGE][PASSED] - Delayed 2 second(s)

2020-04-16 09:01:16 - [TEST_STEP][PASSED] - waitForPageLoad(60): Wait for page load successfully

2020-04-16 09:01:18 - [MESSAGE][PASSED] - Wait for page load successfully

2020-04-16 09:01:18 - [MESSAGE][PASSED] - Call Test Case 'Test Cases/Reusable_Test_Sequences/CAT_Search_Trade_Name' successfully

2020-04-16 09:01:18 - [TEST_STEP][PASSED] - "------------------------------------------": null

2020-04-16 09:01:18 - [TEST_STEP][PASSED] - " Scroll to Page Footer to Reveal Results  |": null

2020-04-16 09:01:18 - [TEST_STEP][PASSED] - callTestCase(findTestCase("Reusable_Test_Sequences/CAT_Scroll_to_Footer"), [:], CONTINUE_ON_FAILURE): Call Test Case 'Test Cases/Reusable_Test_Sequences/CAT_Scroll_to_Footer' successfully

2020-04-16 09:01:18 - [TEST_CASE][PASSED] - Test Cases/Reusable_Test_Sequences/CAT_Scroll_to_Footer: Test Cases/Reusable_Test_Sequences/CAT_Scroll_to_Footer

2020-04-16 09:01:18 - [TEST_STEP][PASSED] - "-----------------------------------------------------": null

2020-04-16 09:01:18 - [TEST_STEP][PASSED] - " Major changes factored into function 05/12/2019     |": null

2020-04-16 09:01:18 - [TEST_STEP][PASSED] - "-----------------------------------------------------": null

2020-04-16 09:01:18 - [TEST_STEP][PASSED] - "Animation Removed ": null

2020-04-16 09:01:18 - [TEST_STEP][PASSED] - "Scroll - To Footer on the bottom of the page (sometime off the screen) ": null

2020-04-16 09:01:18 - [TEST_STEP][PASSED] - waitForPageLoad(60): Wait for page load successfully

2020-04-16 09:01:18 - [MESSAGE][PASSED] - Wait for page load successfully

2020-04-16 09:01:18 - [TEST_STEP][PASSED] - scrollToPosition(999, 999): Browser is scrolled to position x = 999, y = 999

2020-04-16 09:01:18 - [MESSAGE][PASSED] - Browser is scrolled to position x = 999, y = 999

2020-04-16 09:01:18 - [TEST_STEP][PASSED] - delay(1): Delayed 1 second(s)

2020-04-16 09:01:19 - [MESSAGE][PASSED] - Delayed 1 second(s)

2020-04-16 09:01:19 - [MESSAGE][PASSED] - Call Test Case 'Test Cases/Reusable_Test_Sequences/CAT_Scroll_to_Footer' successfully

2020-04-16 09:01:19 - [TEST_STEP][PASSED] - "------------------------------------------": null

2020-04-16 09:01:19 - [TEST_STEP][PASSED] - " Verify Correct Location is Returned     |": null

2020-04-16 09:01:19 - [TEST_STEP][PASSED] - callTestCase(findTestCase("Reusable_Test_Sequences/CAT_Verification_Location"), [:], CONTINUE_ON_FAILURE): Call Test Case 'Test Cases/Reusable_Test_Sequences/CAT_Verification_Location' successfully

2020-04-16 09:01:20 - [TEST_CASE][PASSED] - Test Cases/Reusable_Test_Sequences/CAT_Verification_Location: Test Cases/Reusable_Test_Sequences/CAT_Verification_Location

2020-04-16 09:01:20 - [TEST_STEP][PASSED] - waitForPageLoad(60): Wait for page load successfully

2020-04-16 09:01:20 - [MESSAGE][PASSED] - Wait for page load successfully

2020-04-16 09:01:20 - [TEST_STEP][PASSED] - verifyTextPresent(findTestData("Search_CAT_ID_Data (1)").getValue("tradeNameLocationVerification", row), false): Text 'Banbury, Oxfordshire' is present on page 

2020-04-16 09:01:20 - [MESSAGE][PASSED] - Text 'Banbury, Oxfordshire' is present on page 

2020-04-16 09:01:20 - [MESSAGE][PASSED] - Call Test Case 'Test Cases/Reusable_Test_Sequences/CAT_Verification_Location' successfully

2020-04-16 09:01:20 - [TEST_STEP][PASSED] - "------------------------------------------": null

2020-04-16 09:01:20 - [TEST_STEP][PASSED] - " Verify Primary Contact is Returned     |": null

2020-04-16 09:01:20 - [TEST_STEP][PASSED] - callTestCase(findTestCase("Reusable_Test_Sequences/CAT_Verification_Primary_Contact"), [:], CONTINUE_ON_FAILURE): Call Test Case 'Test Cases/Reusable_Test_Sequences/CAT_Verification_Primary_Contact' successfully

2020-04-16 09:01:20 - [TEST_CASE][PASSED] - Test Cases/Reusable_Test_Sequences/CAT_Verification_Primary_Contact: Test Cases/Reusable_Test_Sequences/CAT_Verification_Primary_Contact

2020-04-16 09:01:20 - [TEST_STEP][PASSED] - verifyTextPresent(findTestData("Search_CAT_ID_Data (1)").getValue("primeContact", row), false): Text 'Andrew Whitaker' is present on page 

2020-04-16 09:01:20 - [MESSAGE][PASSED] - Text 'Andrew Whitaker' is present on page 

2020-04-16 09:01:20 - [MESSAGE][PASSED] - Call Test Case 'Test Cases/Reusable_Test_Sequences/CAT_Verification_Primary_Contact' successfully

2020-04-16 09:01:20 - [TEST_STEP][PASSED] - "--------------------------": null

2020-04-16 09:01:20 - [TEST_STEP][PASSED] - " Teardown - CLose Browser |": null

2020-04-16 09:01:20 - [TEST_STEP][PASSED] - callTestCase(findTestCase("Reusable_Test_Sequences/CAT_Teardown"), [:], OPTIONAL): Call Test Case 'Test Cases/Reusable_Test_Sequences/CAT_Teardown' successfully

2020-04-16 09:01:20 - [TEST_CASE][PASSED] - Test Cases/Reusable_Test_Sequences/CAT_Teardown: Test Cases/Reusable_Test_Sequences/CAT_Teardown

2020-04-16 09:01:20 - [TEST_STEP][PASSED] - closeBrowser(): Browser is closed

2020-04-16 09:01:21 - [MESSAGE][PASSED] - Browser is closed

2020-04-16 09:01:21 - [TEST_STEP][PASSED] - super.finalize(): null

2020-04-16 09:01:21 - [TEST_STEP][PASSED] - System.gc(): null

2020-04-16 09:01:21 - [MESSAGE][PASSED] - Call Test Case 'Test Cases/Reusable_Test_Sequences/CAT_Teardown' successfully

2020-04-16 09:01:21 - [TEST_STEP][PASSED] - callTestCase(findTestCase("Reusable_Test_Sequences/CAT_Setup"), [:], STOP_ON_FAILURE): Call Test Case 'Test Cases/Reusable_Test_Sequences/CAT_Setup' successfully

2020-04-16 09:01:21 - [TEST_CASE][PASSED] - Test Cases/Reusable_Test_Sequences/CAT_Setup: Test Cases/Reusable_Test_Sequences/CAT_Setup

2020-04-16 09:01:22 - [TEST_STEP][PASSED] - "------------------------------": null

2020-04-16 09:01:22 - [TEST_STEP][PASSED] - " Set Mobile Device Testing    |": null

2020-04-16 09:01:22 - [TEST_STEP][PASSED] - if (Mobile_Flag == "true"): null

2020-04-16 09:01:22 - [TEST_STEP][PASSED] - "------------------------------": null

2020-04-16 09:01:22 - [TEST_STEP][PASSED] - " Set Mobile Device Testing    |": null

2020-04-16 09:01:22 - [TEST_STEP][PASSED] - "------------------------------": null

2020-04-16 09:01:22 - [TEST_STEP][PASSED] - "URL - Set from the ENVIRONMENT PROFILE ": null

2020-04-16 09:01:22 - [TEST_STEP][PASSED] - openBrowser(URL): Browser is opened with url: 'https://www.preview.checkatrade.com/'

2020-04-16 09:01:22 - [MESSAGE][INFO] - Starting 'Chrome' driver

2020-04-16 09:01:22 - [MESSAGE][INFO] - Action delay is set to 0 milliseconds

2020-04-16 09:01:27 - [MESSAGE][PASSED] - Browser is opened with url: 'https://www.preview.checkatrade.com/'

2020-04-16 09:01:27 - [TEST_STEP][PASSED] - maximizeWindow(): Current window maximized

2020-04-16 09:01:29 - [MESSAGE][PASSED] - Current window maximized

2020-04-16 09:01:29 - [TEST_STEP][PASSED] - waitForPageLoad(60): Wait for page load successfully

2020-04-16 09:01:29 - [MESSAGE][PASSED] - Wait for page load successfully

2020-04-16 09:01:29 - [TEST_STEP][PASSED] - "Previous Functionalilty Left Commented For Ease Of reversion": null

2020-04-16 09:01:29 - [TEST_STEP][PASSED] - " Katalon Try/Catches currently have issues? SEE HEADER": null

2020-04-16 09:01:29 - [TEST_STEP][PASSED] - try: Text 'Cookie Policy' is not present on page

2020-04-16 09:01:29 - [TEST_STEP][PASSED] - verifyElementPresent(findTestObject("Object Repository/Cookies/Page_Checkatrade Find a tradesperson you can trust/button_Accept All"), 5, OPTIONAL): Object 'Object Repository/Cookies/Page_Checkatrade Find a tradesperson you can trust/button_Accept All' is present

2020-04-16 09:01:29 - [MESSAGE][PASSED] - Object 'Object Repository/Cookies/Page_Checkatrade Find a tradesperson you can trust/button_Accept All' is present

2020-04-16 09:01:29 - [TEST_STEP][PASSED] - click(findTestObject("Object Repository/Cookies/Page_Checkatrade Find a tradesperson you can trust/button_Accept All"), OPTIONAL): Object: 'Object Repository/Cookies/Page_Checkatrade Find a tradesperson you can trust/button_Accept All' is clicked on

2020-04-16 09:01:29 - [MESSAGE][PASSED] - Object: 'Object Repository/Cookies/Page_Checkatrade Find a tradesperson you can trust/button_Accept All' is clicked on

2020-04-16 09:01:29 - [TEST_STEP][PASSED] - "---------------------------------": null

2020-04-16 09:01:29 - [TEST_STEP][PASSED] - "COOKIE POPOUT REMOVED - Confirmed": null

2020-04-16 09:01:29 - [TEST_STEP][PASSED] - delay(1): Delayed 1 second(s)

2020-04-16 09:01:30 - [MESSAGE][PASSED] - Delayed 1 second(s)

2020-04-16 09:01:30 - [TEST_STEP][PASSED] - verifyTextNotPresent("We use cookies to personalise content and ads, to provide social media features and to analyse our traffic", false): Text 'We use cookies to personalise content and ads, to provide social media features and to analyse our traffic' is not present on page

2020-04-16 09:01:30 - [MESSAGE][PASSED] - Text 'We use cookies to personalise content and ads, to provide social media features and to analyse our traffic' is not present on page

2020-04-16 09:01:30 - [TEST_STEP][PASSED] - verifyTextNotPresent(" We also share information about your use of our site with our social media, advertising and analytics partners", false): Text ' We also share information about your use of our site with our social media, advertising and analytics partners' is not present on page

2020-04-16 09:01:30 - [MESSAGE][PASSED] - Text ' We also share information about your use of our site with our social media, advertising and analytics partners' is not present on page

2020-04-16 09:01:30 - [TEST_STEP][PASSED] - verifyTextNotPresent("Cookie Policy", false): Text 'Cookie Policy' is not present on page

2020-04-16 09:01:31 - [MESSAGE][PASSED] - Text 'Cookie Policy' is not present on page

2020-04-16 09:01:31 - [TEST_STEP][PASSED] - waitForPageLoad(60): Wait for page load successfully

2020-04-16 09:01:31 - [MESSAGE][PASSED] - Wait for page load successfully

2020-04-16 09:01:31 - [TEST_STEP][PASSED] - "COOKIE - ORIGINAL": null

2020-04-16 09:01:31 - [TEST_STEP][PASSED] - if (waitForElementVisible(findTestObject("Object Repository/Feedback/Page_Checkatrade Give your feedback/input_Member_to_Review"), 5)): Web element with id: 'Object Repository/Feedback/Page_Checkatrade Give your feedback/input_Member_to_Review' located by 'By.xpath: //input[@id='feedback-form__company_autocomplete_input']' not found

2020-04-16 09:01:36 - [MESSAGE][INFO] - Unable to find the element located by 'By.xpath: //input[@id='feedback-form__company_autocomplete_input']'. Please recheck the objects properties to make sure the desired element is located. 

2020-04-16 09:01:36 - [MESSAGE][WARNING] - Web element with id: 'Object Repository/Feedback/Page_Checkatrade Give your feedback/input_Member_to_Review' located by 'By.xpath: //input[@id='feedback-form__company_autocomplete_input']' not found

2020-04-16 09:01:36 - [TEST_STEP][PASSED] - else: The <<<OLD>>> Website was detected by the STARTUP Process

2020-04-16 09:01:36 - [TEST_STEP][PASSED] - if (!(verifyElementVisible(findTestObject("Object Repository/Checkatrade_Trade_Search_Page/Page_Checkatrade Find a tradesperson you can trust/input_Search_Button_FF")))): Object 'Object Repository/Checkatrade_Trade_Search_Page/Page_Checkatrade Find a tradesperson you can trust/input_Search_Button_FF' is visible

2020-04-16 09:01:36 - [MESSAGE][PASSED] - Object 'Object Repository/Checkatrade_Trade_Search_Page/Page_Checkatrade Find a tradesperson you can trust/input_Search_Button_FF' is visible

2020-04-16 09:01:36 - [TEST_STEP][PASSED] - else: The <<<OLD>>> Website was detected by the STARTUP Process

2020-04-16 09:01:36 - [TEST_STEP][PASSED] - Website_Version = "old": null

2020-04-16 09:01:36 - [TEST_STEP][PASSED] - logInfo("The <<<OLD>>> Website was detected by the STARTUP Process"): The <<<OLD>>> Website was detected by the STARTUP Process

2020-04-16 09:01:36 - [MESSAGE][INFO] - The <<<OLD>>> Website was detected by the STARTUP Process

2020-04-16 09:01:36 - [MESSAGE][PASSED] - Call Test Case 'Test Cases/Reusable_Test_Sequences/CAT_Setup' successfully

2020-04-16 09:01:36 - [TEST_STEP][PASSED] - callTestCase(findTestCase("Reusable_Test_Sequences/CAT_Home"), [:], CONTINUE_ON_FAILURE): Call Test Case 'Test Cases/Reusable_Test_Sequences/CAT_Home' successfully

2020-04-16 09:01:36 - [TEST_CASE][PASSED] - Test Cases/Reusable_Test_Sequences/CAT_Home: Test Cases/Reusable_Test_Sequences/CAT_Home

2020-04-16 09:01:36 - [TEST_STEP][PASSED] - waitForPageLoad(60): Wait for page load successfully

2020-04-16 09:01:36 - [MESSAGE][PASSED] - Wait for page load successfully

2020-04-16 09:01:36 - [TEST_STEP][PASSED] - delay(2): Delayed 2 second(s)

2020-04-16 09:01:38 - [MESSAGE][PASSED] - Delayed 2 second(s)

2020-04-16 09:01:38 - [TEST_STEP][PASSED] - "------------------------------------": null

2020-04-16 09:01:38 - [TEST_STEP][PASSED] - if (Website_Version == "new"): null

2020-04-16 09:01:38 - [TEST_STEP][PASSED] - else: Text 'Over a million visits to Checkatrade each month' is present on page 

2020-04-16 09:01:38 - [TEST_STEP][PASSED] - verifyTextPresent("Helping you find the right trade or service", false): Text 'Helping you find the right trade or service' is present on page 

2020-04-16 09:01:38 - [MESSAGE][PASSED] - Text 'Helping you find the right trade or service' is present on page 

2020-04-16 09:01:38 - [TEST_STEP][PASSED] - verifyTextPresent("Search through over", false): Text 'Search through over' is present on page 

2020-04-16 09:01:39 - [MESSAGE][PASSED] - Text 'Search through over' is present on page 

2020-04-16 09:01:39 - [TEST_STEP][PASSED] - verifyTextPresent("recommended, vetted and monitored trades and service providers for free.", false): Text 'recommended, vetted and monitored trades and service providers for free.' is present on page 

2020-04-16 09:01:39 - [MESSAGE][PASSED] - Text 'recommended, vetted and monitored trades and service providers for free.' is present on page 

2020-04-16 09:01:39 - [TEST_STEP][PASSED] - verifyTextPresent("reviews published so far – thank you!", false): Text 'reviews published so far – thank you!' is present on page 

2020-04-16 09:01:39 - [MESSAGE][PASSED] - Text 'reviews published so far – thank you!' is present on page 

2020-04-16 09:01:39 - [TEST_STEP][PASSED] - verifyTextPresent("I need a trade or service", false): Text 'I need a trade or service' is present on page 

2020-04-16 09:01:39 - [MESSAGE][PASSED] - Text 'I need a trade or service' is present on page 

2020-04-16 09:01:39 - [TEST_STEP][PASSED] - verifyTextPresent("Every trader thoroughly checked and vetted", false): Text 'Every trader thoroughly checked and vetted' is present on page 

2020-04-16 09:01:39 - [MESSAGE][PASSED] - Text 'Every trader thoroughly checked and vetted' is present on page 

2020-04-16 09:01:39 - [TEST_STEP][PASSED] - "------------------------------------": null

2020-04-16 09:01:39 - [TEST_STEP][PASSED] - verifyTextPresent("reviews published so far – thank you!", false): Text 'reviews published so far – thank you!' is present on page 

2020-04-16 09:01:39 - [MESSAGE][PASSED] - Text 'reviews published so far – thank you!' is present on page 

2020-04-16 09:01:39 - [TEST_STEP][PASSED] - verifyTextPresent("Find out more", false): Text 'Find out more' is present on page 

2020-04-16 09:01:39 - [MESSAGE][PASSED] - Text 'Find out more' is present on page 

2020-04-16 09:01:39 - [TEST_STEP][PASSED] - verifyTextPresent("I am a tradesman", false): Text 'I am a tradesman' is present on page 

2020-04-16 09:01:39 - [MESSAGE][PASSED] - Text 'I am a tradesman' is present on page 

2020-04-16 09:01:39 - [TEST_STEP][PASSED] - verifyTextPresent("Find out more", false): Text 'Find out more' is present on page 

2020-04-16 09:01:39 - [MESSAGE][PASSED] - Text 'Find out more' is present on page 

2020-04-16 09:01:39 - [TEST_STEP][PASSED] - verifyTextPresent("Over a million visits to Checkatrade each month", false): Text 'Over a million visits to Checkatrade each month' is present on page 

2020-04-16 09:01:39 - [MESSAGE][PASSED] - Text 'Over a million visits to Checkatrade each month' is present on page 

2020-04-16 09:01:39 - [MESSAGE][PASSED] - Call Test Case 'Test Cases/Reusable_Test_Sequences/CAT_Home' successfully

2020-04-16 09:01:39 - [TEST_STEP][PASSED] - "---------------------------------------------------------------------": null

2020-04-16 09:01:39 - [TEST_STEP][PASSED] - " Select Search on Trader Name (or ID) From Home page/Search Screen   |": null

2020-04-16 09:01:39 - [TEST_STEP][PASSED] - callTestCase(findTestCase("Reusable_Test_Sequences/CAT_Click_Search_Trade_Name"), [:], STOP_ON_FAILURE): Call Test Case 'Test Cases/Reusable_Test_Sequences/CAT_Click_Search_Trade_Name' successfully

2020-04-16 09:01:39 - [TEST_CASE][PASSED] - Test Cases/Reusable_Test_Sequences/CAT_Click_Search_Trade_Name: Test Cases/Reusable_Test_Sequences/CAT_Click_Search_Trade_Name

2020-04-16 09:01:39 - [TEST_STEP][PASSED] - waitForPageLoad(60): Wait for page load successfully

2020-04-16 09:01:39 - [MESSAGE][PASSED] - Wait for page load successfully

2020-04-16 09:01:39 - [TEST_STEP][PASSED] - if (Website_Version != "new"): Object: 'Object Repository/Page_Checkatrade Find a tradesperson you can trust/a_or look up a member by name' is clicked on

2020-04-16 09:01:39 - [TEST_STEP][PASSED] - waitForElementClickable(findTestObject("Object Repository/Page_Checkatrade Find a tradesperson you can trust/a_or look up a member by name"), 5): Object 'Object Repository/Page_Checkatrade Find a tradesperson you can trust/a_or look up a member by name' is clickable

2020-04-16 09:01:39 - [MESSAGE][PASSED] - Object 'Object Repository/Page_Checkatrade Find a tradesperson you can trust/a_or look up a member by name' is clickable

2020-04-16 09:01:39 - [TEST_STEP][PASSED] - click(findTestObject("Object Repository/Page_Checkatrade Find a tradesperson you can trust/a_or look up a member by name")): Object: 'Object Repository/Page_Checkatrade Find a tradesperson you can trust/a_or look up a member by name' is clicked on

2020-04-16 09:01:39 - [MESSAGE][PASSED] - Object: 'Object Repository/Page_Checkatrade Find a tradesperson you can trust/a_or look up a member by name' is clicked on

2020-04-16 09:01:39 - [TEST_STEP][PASSED] - if (Website_Version != "old"): null

2020-04-16 09:01:39 - [TEST_STEP][PASSED] - waitForPageLoad(60): Wait for page load successfully

2020-04-16 09:01:39 - [MESSAGE][PASSED] - Wait for page load successfully

2020-04-16 09:01:39 - [MESSAGE][PASSED] - Call Test Case 'Test Cases/Reusable_Test_Sequences/CAT_Click_Search_Trade_Name' successfully

2020-04-16 09:01:39 - [TEST_STEP][PASSED] - "---------------------------------------": null

2020-04-16 09:01:39 - [TEST_STEP][PASSED] - " Enter Trader Name (or ID) to Search   |": null

2020-04-16 09:01:39 - [TEST_STEP][PASSED] - callTestCase(findTestCase("Reusable_Test_Sequences/CAT_Enter_Trade_Name"), [:], STOP_ON_FAILURE): Call Test Case 'Test Cases/Reusable_Test_Sequences/CAT_Enter_Trade_Name' successfully

2020-04-16 09:01:40 - [TEST_CASE][PASSED] - Test Cases/Reusable_Test_Sequences/CAT_Enter_Trade_Name: Test Cases/Reusable_Test_Sequences/CAT_Enter_Trade_Name

2020-04-16 09:01:40 - [TEST_STEP][PASSED] - if (Website_Version != "new"): Text '230761' is set on object 'Object Repository/Page_Checkatrade Find a tradesperson you can trust/Trader_Name_To_Search'

2020-04-16 09:01:40 - [TEST_STEP][PASSED] - setText(findTestObject("Page_Checkatrade Find a tradesperson you can trust/Trader_Name_To_Search"), findTestData("Search_CAT_ID_Data (1)").getValue("tradeName", row)): Text '230761' is set on object 'Object Repository/Page_Checkatrade Find a tradesperson you can trust/Trader_Name_To_Search'

2020-04-16 09:01:40 - [MESSAGE][PASSED] - Text '230761' is set on object 'Object Repository/Page_Checkatrade Find a tradesperson you can trust/Trader_Name_To_Search'

2020-04-16 09:01:40 - [TEST_STEP][PASSED] - if (verifyTextNotPresent("Sorry, no results found", false)): null

2020-04-16 09:01:40 - [MESSAGE][PASSED] - Text 'Sorry, no results found' is not present on page

2020-04-16 09:01:40 - [TEST_STEP][PASSED] - markPassed("The Expected Lookup Result(s) ARE being returned by the Lookup Service, AS EXPECTED"): The Expected Lookup Result(s) ARE being returned by the Lookup Service, AS EXPECTED

2020-04-16 09:01:40 - [MESSAGE][PASSED] - The Expected Lookup Result(s) ARE being returned by the Lookup Service, AS EXPECTED

2020-04-16 09:01:40 - [MESSAGE][PASSED] - Call Test Case 'Test Cases/Reusable_Test_Sequences/CAT_Enter_Trade_Name' successfully

2020-04-16 09:01:40 - [TEST_STEP][PASSED] - "---------------------------------------": null

2020-04-16 09:01:40 - [TEST_STEP][PASSED] - " Search Trader Name (or ID)            |": null

2020-04-16 09:01:40 - [TEST_STEP][PASSED] - callTestCase(findTestCase("Reusable_Test_Sequences/CAT_Search_Trade_Name"), [:], STOP_ON_FAILURE): Call Test Case 'Test Cases/Reusable_Test_Sequences/CAT_Search_Trade_Name' successfully

2020-04-16 09:01:40 - [TEST_CASE][PASSED] - Test Cases/Reusable_Test_Sequences/CAT_Search_Trade_Name: Test Cases/Reusable_Test_Sequences/CAT_Search_Trade_Name

2020-04-16 09:01:40 - [TEST_STEP][PASSED] - "Hit Search Trade Person by Name (or CAT ID) after parameters are entered": null

2020-04-16 09:01:40 - [TEST_STEP][PASSED] - waitForPageLoad(60): Wait for page load successfully

2020-04-16 09:01:40 - [MESSAGE][PASSED] - Wait for page load successfully

2020-04-16 09:01:40 - [TEST_STEP][PASSED] - delay(2): Delayed 2 second(s)

2020-04-16 09:01:42 - [MESSAGE][PASSED] - Delayed 2 second(s)

2020-04-16 09:01:42 - [TEST_STEP][PASSED] - if (Website_Version == "new"): null

2020-04-16 09:01:42 - [TEST_STEP][PASSED] - else: Object: 'Object Repository/Page_Checkatrade Find a tradesperson you can trust/span_Trade_Name' is clicked on

2020-04-16 09:01:42 - [TEST_STEP][PASSED] - waitForElementClickable(findTestObject("Page_Checkatrade Find a tradesperson you can trust/span_Trade_Name"), 60): Object 'Object Repository/Page_Checkatrade Find a tradesperson you can trust/span_Trade_Name' is clickable

2020-04-16 09:01:42 - [MESSAGE][PASSED] - Object 'Object Repository/Page_Checkatrade Find a tradesperson you can trust/span_Trade_Name' is clickable

2020-04-16 09:01:42 - [TEST_STEP][PASSED] - click(findTestObject("Page_Checkatrade Find a tradesperson you can trust/span_Trade_Name")): Object: 'Object Repository/Page_Checkatrade Find a tradesperson you can trust/span_Trade_Name' is clicked on

2020-04-16 09:01:44 - [MESSAGE][PASSED] - Object: 'Object Repository/Page_Checkatrade Find a tradesperson you can trust/span_Trade_Name' is clicked on

2020-04-16 09:01:44 - [TEST_STEP][PASSED] - delay(2): Delayed 2 second(s)

2020-04-16 09:01:46 - [MESSAGE][PASSED] - Delayed 2 second(s)

2020-04-16 09:01:46 - [TEST_STEP][PASSED] - waitForPageLoad(60): Wait for page load successfully

2020-04-16 09:01:46 - [MESSAGE][PASSED] - Wait for page load successfully

2020-04-16 09:01:46 - [MESSAGE][PASSED] - Call Test Case 'Test Cases/Reusable_Test_Sequences/CAT_Search_Trade_Name' successfully

2020-04-16 09:01:46 - [TEST_STEP][PASSED] - "------------------------------------------": null

2020-04-16 09:01:46 - [TEST_STEP][PASSED] - " Scroll to Page Footer to Reveal Results  |": null

2020-04-16 09:01:46 - [TEST_STEP][PASSED] - callTestCase(findTestCase("Reusable_Test_Sequences/CAT_Scroll_to_Footer"), [:], CONTINUE_ON_FAILURE): Call Test Case 'Test Cases/Reusable_Test_Sequences/CAT_Scroll_to_Footer' successfully

2020-04-16 09:01:46 - [TEST_CASE][PASSED] - Test Cases/Reusable_Test_Sequences/CAT_Scroll_to_Footer: Test Cases/Reusable_Test_Sequences/CAT_Scroll_to_Footer

2020-04-16 09:01:46 - [TEST_STEP][PASSED] - "-----------------------------------------------------": null

2020-04-16 09:01:46 - [TEST_STEP][PASSED] - " Major changes factored into function 05/12/2019     |": null

2020-04-16 09:01:46 - [TEST_STEP][PASSED] - "-----------------------------------------------------": null

2020-04-16 09:01:46 - [TEST_STEP][PASSED] - "Animation Removed ": null

2020-04-16 09:01:46 - [TEST_STEP][PASSED] - "Scroll - To Footer on the bottom of the page (sometime off the screen) ": null

2020-04-16 09:01:46 - [TEST_STEP][PASSED] - waitForPageLoad(60): Wait for page load successfully

2020-04-16 09:01:46 - [MESSAGE][PASSED] - Wait for page load successfully

2020-04-16 09:01:46 - [TEST_STEP][PASSED] - scrollToPosition(999, 999): Browser is scrolled to position x = 999, y = 999

2020-04-16 09:01:46 - [MESSAGE][PASSED] - Browser is scrolled to position x = 999, y = 999

2020-04-16 09:01:46 - [TEST_STEP][PASSED] - delay(1): Delayed 1 second(s)

2020-04-16 09:01:47 - [MESSAGE][PASSED] - Delayed 1 second(s)

2020-04-16 09:01:47 - [MESSAGE][PASSED] - Call Test Case 'Test Cases/Reusable_Test_Sequences/CAT_Scroll_to_Footer' successfully

2020-04-16 09:01:47 - [TEST_STEP][PASSED] - "------------------------------------------": null

2020-04-16 09:01:47 - [TEST_STEP][PASSED] - " Verify Correct Location is Returned     |": null

2020-04-16 09:01:47 - [TEST_STEP][PASSED] - callTestCase(findTestCase("Reusable_Test_Sequences/CAT_Verification_Location"), [:], CONTINUE_ON_FAILURE): Call Test Case 'Test Cases/Reusable_Test_Sequences/CAT_Verification_Location' successfully

2020-04-16 09:01:47 - [TEST_CASE][PASSED] - Test Cases/Reusable_Test_Sequences/CAT_Verification_Location: Test Cases/Reusable_Test_Sequences/CAT_Verification_Location

2020-04-16 09:01:47 - [TEST_STEP][PASSED] - waitForPageLoad(60): Wait for page load successfully

2020-04-16 09:01:47 - [MESSAGE][PASSED] - Wait for page load successfully

2020-04-16 09:01:47 - [TEST_STEP][PASSED] - verifyTextPresent(findTestData("Search_CAT_ID_Data (1)").getValue("tradeNameLocationVerification", row), false): Text 'Rustington, West Sussex' is present on page 

2020-04-16 09:01:47 - [MESSAGE][PASSED] - Text 'Rustington, West Sussex' is present on page 

2020-04-16 09:01:47 - [MESSAGE][PASSED] - Call Test Case 'Test Cases/Reusable_Test_Sequences/CAT_Verification_Location' successfully

2020-04-16 09:01:47 - [TEST_STEP][PASSED] - "------------------------------------------": null

2020-04-16 09:01:47 - [TEST_STEP][PASSED] - " Verify Primary Contact is Returned     |": null

2020-04-16 09:01:47 - [TEST_STEP][PASSED] - callTestCase(findTestCase("Reusable_Test_Sequences/CAT_Verification_Primary_Contact"), [:], CONTINUE_ON_FAILURE): Call Test Case 'Test Cases/Reusable_Test_Sequences/CAT_Verification_Primary_Contact' successfully

2020-04-16 09:01:48 - [TEST_CASE][PASSED] - Test Cases/Reusable_Test_Sequences/CAT_Verification_Primary_Contact: Test Cases/Reusable_Test_Sequences/CAT_Verification_Primary_Contact

2020-04-16 09:01:48 - [TEST_STEP][PASSED] - verifyTextPresent(findTestData("Search_CAT_ID_Data (1)").getValue("primeContact", row), false): Text 'David Clarke' is present on page 

2020-04-16 09:01:48 - [MESSAGE][PASSED] - Text 'David Clarke' is present on page 

2020-04-16 09:01:48 - [MESSAGE][PASSED] - Call Test Case 'Test Cases/Reusable_Test_Sequences/CAT_Verification_Primary_Contact' successfully

2020-04-16 09:01:48 - [TEST_STEP][PASSED] - "--------------------------": null

2020-04-16 09:01:48 - [TEST_STEP][PASSED] - " Teardown - CLose Browser |": null

2020-04-16 09:01:48 - [TEST_STEP][PASSED] - callTestCase(findTestCase("Reusable_Test_Sequences/CAT_Teardown"), [:], OPTIONAL): Call Test Case 'Test Cases/Reusable_Test_Sequences/CAT_Teardown' successfully

2020-04-16 09:01:48 - [TEST_CASE][PASSED] - Test Cases/Reusable_Test_Sequences/CAT_Teardown: Test Cases/Reusable_Test_Sequences/CAT_Teardown

2020-04-16 09:01:48 - [TEST_STEP][PASSED] - closeBrowser(): Browser is closed

2020-04-16 09:01:49 - [MESSAGE][PASSED] - Browser is closed

2020-04-16 09:01:49 - [TEST_STEP][PASSED] - super.finalize(): null

2020-04-16 09:01:49 - [TEST_STEP][PASSED] - System.gc(): null

2020-04-16 09:01:49 - [MESSAGE][PASSED] - Call Test Case 'Test Cases/Reusable_Test_Sequences/CAT_Teardown' successfully

2020-04-16 09:01:49 - [TEST_STEP][PASSED] - callTestCase(findTestCase("Reusable_Test_Sequences/CAT_Setup"), [:], STOP_ON_FAILURE): Call Test Case 'Test Cases/Reusable_Test_Sequences/CAT_Setup' successfully

2020-04-16 09:01:49 - [TEST_CASE][PASSED] - Test Cases/Reusable_Test_Sequences/CAT_Setup: Test Cases/Reusable_Test_Sequences/CAT_Setup

2020-04-16 09:01:49 - [TEST_STEP][PASSED] - "------------------------------": null

2020-04-16 09:01:49 - [TEST_STEP][PASSED] - " Set Mobile Device Testing    |": null

2020-04-16 09:01:49 - [TEST_STEP][PASSED] - if (Mobile_Flag == "true"): null

2020-04-16 09:01:49 - [TEST_STEP][PASSED] - "------------------------------": null

2020-04-16 09:01:49 - [TEST_STEP][PASSED] - " Set Mobile Device Testing    |": null

2020-04-16 09:01:49 - [TEST_STEP][PASSED] - "------------------------------": null

2020-04-16 09:01:49 - [TEST_STEP][PASSED] - "URL - Set from the ENVIRONMENT PROFILE ": null

2020-04-16 09:01:49 - [TEST_STEP][PASSED] - openBrowser(URL): Browser is opened with url: 'https://www.preview.checkatrade.com/'

2020-04-16 09:01:49 - [MESSAGE][INFO] - Starting 'Chrome' driver

2020-04-16 09:01:49 - [MESSAGE][INFO] - Action delay is set to 0 milliseconds

2020-04-16 09:01:54 - [MESSAGE][PASSED] - Browser is opened with url: 'https://www.preview.checkatrade.com/'

2020-04-16 09:01:54 - [TEST_STEP][PASSED] - maximizeWindow(): Current window maximized

2020-04-16 09:01:56 - [MESSAGE][PASSED] - Current window maximized

2020-04-16 09:01:56 - [TEST_STEP][PASSED] - waitForPageLoad(60): Wait for page load successfully

2020-04-16 09:01:56 - [MESSAGE][PASSED] - Wait for page load successfully

2020-04-16 09:01:56 - [TEST_STEP][PASSED] - "Previous Functionalilty Left Commented For Ease Of reversion": null

2020-04-16 09:01:56 - [TEST_STEP][PASSED] - " Katalon Try/Catches currently have issues? SEE HEADER": null

2020-04-16 09:01:56 - [TEST_STEP][PASSED] - try: Text 'Cookie Policy' is not present on page

2020-04-16 09:01:56 - [TEST_STEP][PASSED] - verifyElementPresent(findTestObject("Object Repository/Cookies/Page_Checkatrade Find a tradesperson you can trust/button_Accept All"), 5, OPTIONAL): Object 'Object Repository/Cookies/Page_Checkatrade Find a tradesperson you can trust/button_Accept All' is present

2020-04-16 09:01:56 - [MESSAGE][PASSED] - Object 'Object Repository/Cookies/Page_Checkatrade Find a tradesperson you can trust/button_Accept All' is present

2020-04-16 09:01:56 - [TEST_STEP][PASSED] - click(findTestObject("Object Repository/Cookies/Page_Checkatrade Find a tradesperson you can trust/button_Accept All"), OPTIONAL): Object: 'Object Repository/Cookies/Page_Checkatrade Find a tradesperson you can trust/button_Accept All' is clicked on

2020-04-16 09:01:56 - [MESSAGE][PASSED] - Object: 'Object Repository/Cookies/Page_Checkatrade Find a tradesperson you can trust/button_Accept All' is clicked on

2020-04-16 09:01:56 - [TEST_STEP][PASSED] - "---------------------------------": null

2020-04-16 09:01:56 - [TEST_STEP][PASSED] - "COOKIE POPOUT REMOVED - Confirmed": null

2020-04-16 09:01:56 - [TEST_STEP][PASSED] - delay(1): Delayed 1 second(s)

2020-04-16 09:01:57 - [MESSAGE][PASSED] - Delayed 1 second(s)

2020-04-16 09:01:57 - [TEST_STEP][PASSED] - verifyTextNotPresent("We use cookies to personalise content and ads, to provide social media features and to analyse our traffic", false): Text 'We use cookies to personalise content and ads, to provide social media features and to analyse our traffic' is not present on page

2020-04-16 09:01:57 - [MESSAGE][PASSED] - Text 'We use cookies to personalise content and ads, to provide social media features and to analyse our traffic' is not present on page

2020-04-16 09:01:57 - [TEST_STEP][PASSED] - verifyTextNotPresent(" We also share information about your use of our site with our social media, advertising and analytics partners", false): Text ' We also share information about your use of our site with our social media, advertising and analytics partners' is not present on page

2020-04-16 09:01:57 - [MESSAGE][PASSED] - Text ' We also share information about your use of our site with our social media, advertising and analytics partners' is not present on page

2020-04-16 09:01:57 - [TEST_STEP][PASSED] - verifyTextNotPresent("Cookie Policy", false): Text 'Cookie Policy' is not present on page

2020-04-16 09:01:58 - [MESSAGE][PASSED] - Text 'Cookie Policy' is not present on page

2020-04-16 09:01:58 - [TEST_STEP][PASSED] - waitForPageLoad(60): Wait for page load successfully

2020-04-16 09:01:58 - [MESSAGE][PASSED] - Wait for page load successfully

2020-04-16 09:01:58 - [TEST_STEP][PASSED] - "COOKIE - ORIGINAL": null

2020-04-16 09:01:58 - [TEST_STEP][PASSED] - if (waitForElementVisible(findTestObject("Object Repository/Feedback/Page_Checkatrade Give your feedback/input_Member_to_Review"), 5)): Web element with id: 'Object Repository/Feedback/Page_Checkatrade Give your feedback/input_Member_to_Review' located by 'By.xpath: //input[@id='feedback-form__company_autocomplete_input']' not found

2020-04-16 09:02:03 - [MESSAGE][INFO] - Unable to find the element located by 'By.xpath: //input[@id='feedback-form__company_autocomplete_input']'. Please recheck the objects properties to make sure the desired element is located. 

2020-04-16 09:02:03 - [MESSAGE][WARNING] - Web element with id: 'Object Repository/Feedback/Page_Checkatrade Give your feedback/input_Member_to_Review' located by 'By.xpath: //input[@id='feedback-form__company_autocomplete_input']' not found

2020-04-16 09:02:03 - [TEST_STEP][PASSED] - else: The <<<OLD>>> Website was detected by the STARTUP Process

2020-04-16 09:02:03 - [TEST_STEP][PASSED] - if (!(verifyElementVisible(findTestObject("Object Repository/Checkatrade_Trade_Search_Page/Page_Checkatrade Find a tradesperson you can trust/input_Search_Button_FF")))): Object 'Object Repository/Checkatrade_Trade_Search_Page/Page_Checkatrade Find a tradesperson you can trust/input_Search_Button_FF' is visible

2020-04-16 09:02:03 - [MESSAGE][PASSED] - Object 'Object Repository/Checkatrade_Trade_Search_Page/Page_Checkatrade Find a tradesperson you can trust/input_Search_Button_FF' is visible

2020-04-16 09:02:03 - [TEST_STEP][PASSED] - else: The <<<OLD>>> Website was detected by the STARTUP Process

2020-04-16 09:02:03 - [TEST_STEP][PASSED] - Website_Version = "old": null

2020-04-16 09:02:03 - [TEST_STEP][PASSED] - logInfo("The <<<OLD>>> Website was detected by the STARTUP Process"): The <<<OLD>>> Website was detected by the STARTUP Process

2020-04-16 09:02:03 - [MESSAGE][INFO] - The <<<OLD>>> Website was detected by the STARTUP Process

2020-04-16 09:02:03 - [MESSAGE][PASSED] - Call Test Case 'Test Cases/Reusable_Test_Sequences/CAT_Setup' successfully

2020-04-16 09:02:03 - [TEST_STEP][PASSED] - callTestCase(findTestCase("Reusable_Test_Sequences/CAT_Home"), [:], CONTINUE_ON_FAILURE): Call Test Case 'Test Cases/Reusable_Test_Sequences/CAT_Home' successfully

2020-04-16 09:02:03 - [TEST_CASE][PASSED] - Test Cases/Reusable_Test_Sequences/CAT_Home: Test Cases/Reusable_Test_Sequences/CAT_Home

2020-04-16 09:02:03 - [TEST_STEP][PASSED] - waitForPageLoad(60): Wait for page load successfully

2020-04-16 09:02:03 - [MESSAGE][PASSED] - Wait for page load successfully

2020-04-16 09:02:03 - [TEST_STEP][PASSED] - delay(2): Delayed 2 second(s)

2020-04-16 09:02:05 - [MESSAGE][PASSED] - Delayed 2 second(s)

2020-04-16 09:02:05 - [TEST_STEP][PASSED] - "------------------------------------": null

2020-04-16 09:02:05 - [TEST_STEP][PASSED] - if (Website_Version == "new"): null

2020-04-16 09:02:05 - [TEST_STEP][PASSED] - else: Text 'Over a million visits to Checkatrade each month' is present on page 

2020-04-16 09:02:05 - [TEST_STEP][PASSED] - verifyTextPresent("Helping you find the right trade or service", false): Text 'Helping you find the right trade or service' is present on page 

2020-04-16 09:02:05 - [MESSAGE][PASSED] - Text 'Helping you find the right trade or service' is present on page 

2020-04-16 09:02:05 - [TEST_STEP][PASSED] - verifyTextPresent("Search through over", false): Text 'Search through over' is present on page 

2020-04-16 09:02:05 - [MESSAGE][PASSED] - Text 'Search through over' is present on page 

2020-04-16 09:02:05 - [TEST_STEP][PASSED] - verifyTextPresent("recommended, vetted and monitored trades and service providers for free.", false): Text 'recommended, vetted and monitored trades and service providers for free.' is present on page 

2020-04-16 09:02:05 - [MESSAGE][PASSED] - Text 'recommended, vetted and monitored trades and service providers for free.' is present on page 

2020-04-16 09:02:05 - [TEST_STEP][PASSED] - verifyTextPresent("reviews published so far – thank you!", false): Text 'reviews published so far – thank you!' is present on page 

2020-04-16 09:02:06 - [MESSAGE][PASSED] - Text 'reviews published so far – thank you!' is present on page 

2020-04-16 09:02:06 - [TEST_STEP][PASSED] - verifyTextPresent("I need a trade or service", false): Text 'I need a trade or service' is present on page 

2020-04-16 09:02:06 - [MESSAGE][PASSED] - Text 'I need a trade or service' is present on page 

2020-04-16 09:02:06 - [TEST_STEP][PASSED] - verifyTextPresent("Every trader thoroughly checked and vetted", false): Text 'Every trader thoroughly checked and vetted' is present on page 

2020-04-16 09:02:06 - [MESSAGE][PASSED] - Text 'Every trader thoroughly checked and vetted' is present on page 

2020-04-16 09:02:06 - [TEST_STEP][PASSED] - "------------------------------------": null

2020-04-16 09:02:06 - [TEST_STEP][PASSED] - verifyTextPresent("reviews published so far – thank you!", false): Text 'reviews published so far – thank you!' is present on page 

2020-04-16 09:02:06 - [MESSAGE][PASSED] - Text 'reviews published so far – thank you!' is present on page 

2020-04-16 09:02:06 - [TEST_STEP][PASSED] - verifyTextPresent("Find out more", false): Text 'Find out more' is present on page 

2020-04-16 09:02:06 - [MESSAGE][PASSED] - Text 'Find out more' is present on page 

2020-04-16 09:02:06 - [TEST_STEP][PASSED] - verifyTextPresent("I am a tradesman", false): Text 'I am a tradesman' is present on page 

2020-04-16 09:02:06 - [MESSAGE][PASSED] - Text 'I am a tradesman' is present on page 

2020-04-16 09:02:06 - [TEST_STEP][PASSED] - verifyTextPresent("Find out more", false): Text 'Find out more' is present on page 

2020-04-16 09:02:06 - [MESSAGE][PASSED] - Text 'Find out more' is present on page 

2020-04-16 09:02:06 - [TEST_STEP][PASSED] - verifyTextPresent("Over a million visits to Checkatrade each month", false): Text 'Over a million visits to Checkatrade each month' is present on page 

2020-04-16 09:02:06 - [MESSAGE][PASSED] - Text 'Over a million visits to Checkatrade each month' is present on page 

2020-04-16 09:02:06 - [MESSAGE][PASSED] - Call Test Case 'Test Cases/Reusable_Test_Sequences/CAT_Home' successfully

2020-04-16 09:02:06 - [TEST_STEP][PASSED] - "---------------------------------------------------------------------": null

2020-04-16 09:02:06 - [TEST_STEP][PASSED] - " Select Search on Trader Name (or ID) From Home page/Search Screen   |": null

2020-04-16 09:02:06 - [TEST_STEP][PASSED] - callTestCase(findTestCase("Reusable_Test_Sequences/CAT_Click_Search_Trade_Name"), [:], STOP_ON_FAILURE): Call Test Case 'Test Cases/Reusable_Test_Sequences/CAT_Click_Search_Trade_Name' successfully

2020-04-16 09:02:06 - [TEST_CASE][PASSED] - Test Cases/Reusable_Test_Sequences/CAT_Click_Search_Trade_Name: Test Cases/Reusable_Test_Sequences/CAT_Click_Search_Trade_Name

2020-04-16 09:02:06 - [TEST_STEP][PASSED] - waitForPageLoad(60): Wait for page load successfully

2020-04-16 09:02:06 - [MESSAGE][PASSED] - Wait for page load successfully

2020-04-16 09:02:06 - [TEST_STEP][PASSED] - if (Website_Version != "new"): Object: 'Object Repository/Page_Checkatrade Find a tradesperson you can trust/a_or look up a member by name' is clicked on

2020-04-16 09:02:06 - [TEST_STEP][PASSED] - waitForElementClickable(findTestObject("Object Repository/Page_Checkatrade Find a tradesperson you can trust/a_or look up a member by name"), 5): Object 'Object Repository/Page_Checkatrade Find a tradesperson you can trust/a_or look up a member by name' is clickable

2020-04-16 09:02:06 - [MESSAGE][PASSED] - Object 'Object Repository/Page_Checkatrade Find a tradesperson you can trust/a_or look up a member by name' is clickable

2020-04-16 09:02:06 - [TEST_STEP][PASSED] - click(findTestObject("Object Repository/Page_Checkatrade Find a tradesperson you can trust/a_or look up a member by name")): Object: 'Object Repository/Page_Checkatrade Find a tradesperson you can trust/a_or look up a member by name' is clicked on

2020-04-16 09:02:06 - [MESSAGE][PASSED] - Object: 'Object Repository/Page_Checkatrade Find a tradesperson you can trust/a_or look up a member by name' is clicked on

2020-04-16 09:02:06 - [TEST_STEP][PASSED] - if (Website_Version != "old"): null

2020-04-16 09:02:06 - [TEST_STEP][PASSED] - waitForPageLoad(60): Wait for page load successfully

2020-04-16 09:02:06 - [MESSAGE][PASSED] - Wait for page load successfully

2020-04-16 09:02:06 - [MESSAGE][PASSED] - Call Test Case 'Test Cases/Reusable_Test_Sequences/CAT_Click_Search_Trade_Name' successfully

2020-04-16 09:02:06 - [TEST_STEP][PASSED] - "---------------------------------------": null

2020-04-16 09:02:06 - [TEST_STEP][PASSED] - " Enter Trader Name (or ID) to Search   |": null

2020-04-16 09:02:06 - [TEST_STEP][PASSED] - callTestCase(findTestCase("Reusable_Test_Sequences/CAT_Enter_Trade_Name"), [:], STOP_ON_FAILURE): Call Test Case 'Test Cases/Reusable_Test_Sequences/CAT_Enter_Trade_Name' successfully

2020-04-16 09:02:06 - [TEST_CASE][PASSED] - Test Cases/Reusable_Test_Sequences/CAT_Enter_Trade_Name: Test Cases/Reusable_Test_Sequences/CAT_Enter_Trade_Name

2020-04-16 09:02:06 - [TEST_STEP][PASSED] - if (Website_Version != "new"): Text '381198' is set on object 'Object Repository/Page_Checkatrade Find a tradesperson you can trust/Trader_Name_To_Search'

2020-04-16 09:02:06 - [TEST_STEP][PASSED] - setText(findTestObject("Page_Checkatrade Find a tradesperson you can trust/Trader_Name_To_Search"), findTestData("Search_CAT_ID_Data (1)").getValue("tradeName", row)): Text '381198' is set on object 'Object Repository/Page_Checkatrade Find a tradesperson you can trust/Trader_Name_To_Search'

2020-04-16 09:02:07 - [MESSAGE][PASSED] - Text '381198' is set on object 'Object Repository/Page_Checkatrade Find a tradesperson you can trust/Trader_Name_To_Search'

2020-04-16 09:02:07 - [TEST_STEP][PASSED] - if (verifyTextNotPresent("Sorry, no results found", false)): null

2020-04-16 09:02:07 - [MESSAGE][PASSED] - Text 'Sorry, no results found' is not present on page

2020-04-16 09:02:07 - [TEST_STEP][PASSED] - markPassed("The Expected Lookup Result(s) ARE being returned by the Lookup Service, AS EXPECTED"): The Expected Lookup Result(s) ARE being returned by the Lookup Service, AS EXPECTED

2020-04-16 09:02:07 - [MESSAGE][PASSED] - The Expected Lookup Result(s) ARE being returned by the Lookup Service, AS EXPECTED

2020-04-16 09:02:07 - [MESSAGE][PASSED] - Call Test Case 'Test Cases/Reusable_Test_Sequences/CAT_Enter_Trade_Name' successfully

2020-04-16 09:02:07 - [TEST_STEP][PASSED] - "---------------------------------------": null

2020-04-16 09:02:07 - [TEST_STEP][PASSED] - " Search Trader Name (or ID)            |": null

2020-04-16 09:02:07 - [TEST_STEP][PASSED] - callTestCase(findTestCase("Reusable_Test_Sequences/CAT_Search_Trade_Name"), [:], STOP_ON_FAILURE): Call Test Case 'Test Cases/Reusable_Test_Sequences/CAT_Search_Trade_Name' successfully

2020-04-16 09:02:07 - [TEST_CASE][PASSED] - Test Cases/Reusable_Test_Sequences/CAT_Search_Trade_Name: Test Cases/Reusable_Test_Sequences/CAT_Search_Trade_Name

2020-04-16 09:02:07 - [TEST_STEP][PASSED] - "Hit Search Trade Person by Name (or CAT ID) after parameters are entered": null

2020-04-16 09:02:07 - [TEST_STEP][PASSED] - waitForPageLoad(60): Wait for page load successfully

2020-04-16 09:02:07 - [MESSAGE][PASSED] - Wait for page load successfully

2020-04-16 09:02:07 - [TEST_STEP][PASSED] - delay(2): Delayed 2 second(s)

2020-04-16 09:02:09 - [MESSAGE][PASSED] - Delayed 2 second(s)

2020-04-16 09:02:09 - [TEST_STEP][PASSED] - if (Website_Version == "new"): null

2020-04-16 09:02:09 - [TEST_STEP][PASSED] - else: Object: 'Object Repository/Page_Checkatrade Find a tradesperson you can trust/span_Trade_Name' is clicked on

2020-04-16 09:02:09 - [TEST_STEP][PASSED] - waitForElementClickable(findTestObject("Page_Checkatrade Find a tradesperson you can trust/span_Trade_Name"), 60): Object 'Object Repository/Page_Checkatrade Find a tradesperson you can trust/span_Trade_Name' is clickable

2020-04-16 09:02:09 - [MESSAGE][PASSED] - Object 'Object Repository/Page_Checkatrade Find a tradesperson you can trust/span_Trade_Name' is clickable

2020-04-16 09:02:09 - [TEST_STEP][PASSED] - click(findTestObject("Page_Checkatrade Find a tradesperson you can trust/span_Trade_Name")): Object: 'Object Repository/Page_Checkatrade Find a tradesperson you can trust/span_Trade_Name' is clicked on

2020-04-16 09:02:11 - [MESSAGE][PASSED] - Object: 'Object Repository/Page_Checkatrade Find a tradesperson you can trust/span_Trade_Name' is clicked on

2020-04-16 09:02:11 - [TEST_STEP][PASSED] - delay(2): Delayed 2 second(s)

2020-04-16 09:02:13 - [MESSAGE][PASSED] - Delayed 2 second(s)

2020-04-16 09:02:13 - [TEST_STEP][PASSED] - waitForPageLoad(60): Wait for page load successfully

2020-04-16 09:02:13 - [MESSAGE][PASSED] - Wait for page load successfully

2020-04-16 09:02:13 - [MESSAGE][PASSED] - Call Test Case 'Test Cases/Reusable_Test_Sequences/CAT_Search_Trade_Name' successfully

2020-04-16 09:02:13 - [TEST_STEP][PASSED] - "------------------------------------------": null

2020-04-16 09:02:13 - [TEST_STEP][PASSED] - " Scroll to Page Footer to Reveal Results  |": null

2020-04-16 09:02:13 - [TEST_STEP][PASSED] - callTestCase(findTestCase("Reusable_Test_Sequences/CAT_Scroll_to_Footer"), [:], CONTINUE_ON_FAILURE): Call Test Case 'Test Cases/Reusable_Test_Sequences/CAT_Scroll_to_Footer' successfully

2020-04-16 09:02:13 - [TEST_CASE][PASSED] - Test Cases/Reusable_Test_Sequences/CAT_Scroll_to_Footer: Test Cases/Reusable_Test_Sequences/CAT_Scroll_to_Footer

2020-04-16 09:02:13 - [TEST_STEP][PASSED] - "-----------------------------------------------------": null

2020-04-16 09:02:13 - [TEST_STEP][PASSED] - " Major changes factored into function 05/12/2019     |": null

2020-04-16 09:02:13 - [TEST_STEP][PASSED] - "-----------------------------------------------------": null

2020-04-16 09:02:13 - [TEST_STEP][PASSED] - "Animation Removed ": null

2020-04-16 09:02:13 - [TEST_STEP][PASSED] - "Scroll - To Footer on the bottom of the page (sometime off the screen) ": null

2020-04-16 09:02:13 - [TEST_STEP][PASSED] - waitForPageLoad(60): Wait for page load successfully

2020-04-16 09:02:13 - [MESSAGE][PASSED] - Wait for page load successfully

2020-04-16 09:02:13 - [TEST_STEP][PASSED] - scrollToPosition(999, 999): Browser is scrolled to position x = 999, y = 999

2020-04-16 09:02:13 - [MESSAGE][PASSED] - Browser is scrolled to position x = 999, y = 999

2020-04-16 09:02:13 - [TEST_STEP][PASSED] - delay(1): Delayed 1 second(s)

2020-04-16 09:02:14 - [MESSAGE][PASSED] - Delayed 1 second(s)

2020-04-16 09:02:14 - [MESSAGE][PASSED] - Call Test Case 'Test Cases/Reusable_Test_Sequences/CAT_Scroll_to_Footer' successfully

2020-04-16 09:02:14 - [TEST_STEP][PASSED] - "------------------------------------------": null

2020-04-16 09:02:14 - [TEST_STEP][PASSED] - " Verify Correct Location is Returned     |": null

2020-04-16 09:02:14 - [TEST_STEP][PASSED] - callTestCase(findTestCase("Reusable_Test_Sequences/CAT_Verification_Location"), [:], CONTINUE_ON_FAILURE): Call Test Case 'Test Cases/Reusable_Test_Sequences/CAT_Verification_Location' successfully

2020-04-16 09:02:14 - [TEST_CASE][PASSED] - Test Cases/Reusable_Test_Sequences/CAT_Verification_Location: Test Cases/Reusable_Test_Sequences/CAT_Verification_Location

2020-04-16 09:02:14 - [TEST_STEP][PASSED] - waitForPageLoad(60): Wait for page load successfully

2020-04-16 09:02:14 - [MESSAGE][PASSED] - Wait for page load successfully

2020-04-16 09:02:14 - [TEST_STEP][PASSED] - verifyTextPresent(findTestData("Search_CAT_ID_Data (1)").getValue("tradeNameLocationVerification", row), false): Text 'Bognor Regis' is present on page 

2020-04-16 09:02:14 - [MESSAGE][PASSED] - Text 'Bognor Regis' is present on page 

2020-04-16 09:02:14 - [MESSAGE][PASSED] - Call Test Case 'Test Cases/Reusable_Test_Sequences/CAT_Verification_Location' successfully

2020-04-16 09:02:14 - [TEST_STEP][PASSED] - "------------------------------------------": null

2020-04-16 09:02:14 - [TEST_STEP][PASSED] - " Verify Primary Contact is Returned     |": null

2020-04-16 09:02:14 - [TEST_STEP][PASSED] - callTestCase(findTestCase("Reusable_Test_Sequences/CAT_Verification_Primary_Contact"), [:], CONTINUE_ON_FAILURE): Call Test Case 'Test Cases/Reusable_Test_Sequences/CAT_Verification_Primary_Contact' successfully

2020-04-16 09:02:14 - [TEST_CASE][PASSED] - Test Cases/Reusable_Test_Sequences/CAT_Verification_Primary_Contact: Test Cases/Reusable_Test_Sequences/CAT_Verification_Primary_Contact

2020-04-16 09:02:14 - [TEST_STEP][PASSED] - verifyTextPresent(findTestData("Search_CAT_ID_Data (1)").getValue("primeContact", row), false): Text 'Mr Scott Heyburn' is present on page 

2020-04-16 09:02:15 - [MESSAGE][PASSED] - Text 'Mr Scott Heyburn' is present on page 

2020-04-16 09:02:15 - [MESSAGE][PASSED] - Call Test Case 'Test Cases/Reusable_Test_Sequences/CAT_Verification_Primary_Contact' successfully

2020-04-16 09:02:15 - [TEST_STEP][PASSED] - "--------------------------": null

2020-04-16 09:02:15 - [TEST_STEP][PASSED] - " Teardown - CLose Browser |": null

2020-04-16 09:02:15 - [TEST_STEP][PASSED] - callTestCase(findTestCase("Reusable_Test_Sequences/CAT_Teardown"), [:], OPTIONAL): Call Test Case 'Test Cases/Reusable_Test_Sequences/CAT_Teardown' successfully

2020-04-16 09:02:15 - [TEST_CASE][PASSED] - Test Cases/Reusable_Test_Sequences/CAT_Teardown: Test Cases/Reusable_Test_Sequences/CAT_Teardown

2020-04-16 09:02:15 - [TEST_STEP][PASSED] - closeBrowser(): Browser is closed

2020-04-16 09:02:15 - [MESSAGE][PASSED] - Browser is closed

2020-04-16 09:02:15 - [TEST_STEP][PASSED] - super.finalize(): null

2020-04-16 09:02:15 - [TEST_STEP][PASSED] - System.gc(): null

2020-04-16 09:02:16 - [MESSAGE][PASSED] - Call Test Case 'Test Cases/Reusable_Test_Sequences/CAT_Teardown' successfully]]></system-out>
         <system-err><![CDATA[]]></system-err>
      </testcase>
      <testcase name="Test Cases/Checkatrade_Tradesman_Searches/Trader_Name_Not_Listed" time="180.991" classname="Test Cases/Checkatrade_Tradesman_Searches/Trader_Name_Not_Listed" status="PASSED">
         <system-out><![CDATA[2020-04-16 09:02:16 - [TEST_CASE][PASSED] - Test Cases/Checkatrade_Tradesman_Searches/Trader_Name_Not_Listed: Test Cases/Checkatrade_Tradesman_Searches/Trader_Name_Not_Listed

2020-04-16 09:02:16 - [TEST_STEP][PASSED] - for ([row = 1, row <= findTestData("Search_CAT_ID_Data_NEG").getRowNumbers(), (internal.GlobalVariable.row++)]): Call Test Case 'Test Cases/Reusable_Test_Sequences/CAT_Teardown' successfully

2020-04-16 09:02:16 - [TEST_STEP][PASSED] - callTestCase(findTestCase("Reusable_Test_Sequences/CAT_Setup"), [:], STOP_ON_FAILURE): Call Test Case 'Test Cases/Reusable_Test_Sequences/CAT_Setup' successfully

2020-04-16 09:02:16 - [TEST_CASE][PASSED] - Test Cases/Reusable_Test_Sequences/CAT_Setup: Test Cases/Reusable_Test_Sequences/CAT_Setup

2020-04-16 09:02:16 - [TEST_STEP][PASSED] - "------------------------------": null

2020-04-16 09:02:16 - [TEST_STEP][PASSED] - " Set Mobile Device Testing    |": null

2020-04-16 09:02:16 - [TEST_STEP][PASSED] - if (Mobile_Flag == "true"): null

2020-04-16 09:02:16 - [TEST_STEP][PASSED] - "------------------------------": null

2020-04-16 09:02:16 - [TEST_STEP][PASSED] - " Set Mobile Device Testing    |": null

2020-04-16 09:02:16 - [TEST_STEP][PASSED] - "------------------------------": null

2020-04-16 09:02:16 - [TEST_STEP][PASSED] - "URL - Set from the ENVIRONMENT PROFILE ": null

2020-04-16 09:02:16 - [TEST_STEP][PASSED] - openBrowser(URL): Browser is opened with url: 'https://www.preview.checkatrade.com/'

2020-04-16 09:02:16 - [MESSAGE][INFO] - Starting 'Chrome' driver

2020-04-16 09:02:16 - [MESSAGE][INFO] - Action delay is set to 0 milliseconds

2020-04-16 09:02:21 - [MESSAGE][PASSED] - Browser is opened with url: 'https://www.preview.checkatrade.com/'

2020-04-16 09:02:21 - [TEST_STEP][PASSED] - maximizeWindow(): Current window maximized

2020-04-16 09:02:23 - [MESSAGE][PASSED] - Current window maximized

2020-04-16 09:02:23 - [TEST_STEP][PASSED] - waitForPageLoad(60): Wait for page load successfully

2020-04-16 09:02:23 - [MESSAGE][PASSED] - Wait for page load successfully

2020-04-16 09:02:23 - [TEST_STEP][PASSED] - "Previous Functionalilty Left Commented For Ease Of reversion": null

2020-04-16 09:02:23 - [TEST_STEP][PASSED] - " Katalon Try/Catches currently have issues? SEE HEADER": null

2020-04-16 09:02:23 - [TEST_STEP][PASSED] - try: Text 'Cookie Policy' is not present on page

2020-04-16 09:02:23 - [TEST_STEP][PASSED] - verifyElementPresent(findTestObject("Object Repository/Cookies/Page_Checkatrade Find a tradesperson you can trust/button_Accept All"), 5, OPTIONAL): Object 'Object Repository/Cookies/Page_Checkatrade Find a tradesperson you can trust/button_Accept All' is present

2020-04-16 09:02:23 - [MESSAGE][PASSED] - Object 'Object Repository/Cookies/Page_Checkatrade Find a tradesperson you can trust/button_Accept All' is present

2020-04-16 09:02:23 - [TEST_STEP][PASSED] - click(findTestObject("Object Repository/Cookies/Page_Checkatrade Find a tradesperson you can trust/button_Accept All"), OPTIONAL): Object: 'Object Repository/Cookies/Page_Checkatrade Find a tradesperson you can trust/button_Accept All' is clicked on

2020-04-16 09:02:23 - [MESSAGE][PASSED] - Object: 'Object Repository/Cookies/Page_Checkatrade Find a tradesperson you can trust/button_Accept All' is clicked on

2020-04-16 09:02:23 - [TEST_STEP][PASSED] - "---------------------------------": null

2020-04-16 09:02:23 - [TEST_STEP][PASSED] - "COOKIE POPOUT REMOVED - Confirmed": null

2020-04-16 09:02:23 - [TEST_STEP][PASSED] - delay(1): Delayed 1 second(s)

2020-04-16 09:02:24 - [MESSAGE][PASSED] - Delayed 1 second(s)

2020-04-16 09:02:24 - [TEST_STEP][PASSED] - verifyTextNotPresent("We use cookies to personalise content and ads, to provide social media features and to analyse our traffic", false): Text 'We use cookies to personalise content and ads, to provide social media features and to analyse our traffic' is not present on page

2020-04-16 09:02:24 - [MESSAGE][PASSED] - Text 'We use cookies to personalise content and ads, to provide social media features and to analyse our traffic' is not present on page

2020-04-16 09:02:24 - [TEST_STEP][PASSED] - verifyTextNotPresent(" We also share information about your use of our site with our social media, advertising and analytics partners", false): Text ' We also share information about your use of our site with our social media, advertising and analytics partners' is not present on page

2020-04-16 09:02:25 - [MESSAGE][PASSED] - Text ' We also share information about your use of our site with our social media, advertising and analytics partners' is not present on page

2020-04-16 09:02:25 - [TEST_STEP][PASSED] - verifyTextNotPresent("Cookie Policy", false): Text 'Cookie Policy' is not present on page

2020-04-16 09:02:25 - [MESSAGE][PASSED] - Text 'Cookie Policy' is not present on page

2020-04-16 09:02:25 - [TEST_STEP][PASSED] - waitForPageLoad(60): Wait for page load successfully

2020-04-16 09:02:25 - [MESSAGE][PASSED] - Wait for page load successfully

2020-04-16 09:02:25 - [TEST_STEP][PASSED] - "COOKIE - ORIGINAL": null

2020-04-16 09:02:25 - [TEST_STEP][PASSED] - if (waitForElementVisible(findTestObject("Object Repository/Feedback/Page_Checkatrade Give your feedback/input_Member_to_Review"), 5)): Web element with id: 'Object Repository/Feedback/Page_Checkatrade Give your feedback/input_Member_to_Review' located by 'By.xpath: //input[@id='feedback-form__company_autocomplete_input']' not found

2020-04-16 09:02:30 - [MESSAGE][INFO] - Unable to find the element located by 'By.xpath: //input[@id='feedback-form__company_autocomplete_input']'. Please recheck the objects properties to make sure the desired element is located. 

2020-04-16 09:02:30 - [MESSAGE][WARNING] - Web element with id: 'Object Repository/Feedback/Page_Checkatrade Give your feedback/input_Member_to_Review' located by 'By.xpath: //input[@id='feedback-form__company_autocomplete_input']' not found

2020-04-16 09:02:30 - [TEST_STEP][PASSED] - else: The <<<OLD>>> Website was detected by the STARTUP Process

2020-04-16 09:02:30 - [TEST_STEP][PASSED] - if (!(verifyElementVisible(findTestObject("Object Repository/Checkatrade_Trade_Search_Page/Page_Checkatrade Find a tradesperson you can trust/input_Search_Button_FF")))): Object 'Object Repository/Checkatrade_Trade_Search_Page/Page_Checkatrade Find a tradesperson you can trust/input_Search_Button_FF' is visible

2020-04-16 09:02:30 - [MESSAGE][PASSED] - Object 'Object Repository/Checkatrade_Trade_Search_Page/Page_Checkatrade Find a tradesperson you can trust/input_Search_Button_FF' is visible

2020-04-16 09:02:30 - [TEST_STEP][PASSED] - else: The <<<OLD>>> Website was detected by the STARTUP Process

2020-04-16 09:02:30 - [TEST_STEP][PASSED] - Website_Version = "old": null

2020-04-16 09:02:30 - [TEST_STEP][PASSED] - logInfo("The <<<OLD>>> Website was detected by the STARTUP Process"): The <<<OLD>>> Website was detected by the STARTUP Process

2020-04-16 09:02:30 - [MESSAGE][INFO] - The <<<OLD>>> Website was detected by the STARTUP Process

2020-04-16 09:02:30 - [MESSAGE][PASSED] - Call Test Case 'Test Cases/Reusable_Test_Sequences/CAT_Setup' successfully

2020-04-16 09:02:30 - [TEST_STEP][PASSED] - " Home Page validation Checks after COOKIE Dispelled": null

2020-04-16 09:02:30 - [TEST_STEP][PASSED] - "---------------------------------------------------------------------": null

2020-04-16 09:02:30 - [TEST_STEP][PASSED] - " Select Search on Trader Name (or ID) From Home page/Search Screen   |": null

2020-04-16 09:02:30 - [TEST_STEP][PASSED] - callTestCase(findTestCase("Reusable_Test_Sequences/CAT_Click_Search_Trade_Name"), [:], STOP_ON_FAILURE): Call Test Case 'Test Cases/Reusable_Test_Sequences/CAT_Click_Search_Trade_Name' successfully

2020-04-16 09:02:30 - [TEST_CASE][PASSED] - Test Cases/Reusable_Test_Sequences/CAT_Click_Search_Trade_Name: Test Cases/Reusable_Test_Sequences/CAT_Click_Search_Trade_Name

2020-04-16 09:02:30 - [TEST_STEP][PASSED] - waitForPageLoad(60): Wait for page load successfully

2020-04-16 09:02:30 - [MESSAGE][PASSED] - Wait for page load successfully

2020-04-16 09:02:30 - [TEST_STEP][PASSED] - if (Website_Version != "new"): Object: 'Object Repository/Page_Checkatrade Find a tradesperson you can trust/a_or look up a member by name' is clicked on

2020-04-16 09:02:30 - [TEST_STEP][PASSED] - waitForElementClickable(findTestObject("Object Repository/Page_Checkatrade Find a tradesperson you can trust/a_or look up a member by name"), 5): Object 'Object Repository/Page_Checkatrade Find a tradesperson you can trust/a_or look up a member by name' is clickable

2020-04-16 09:02:30 - [MESSAGE][PASSED] - Object 'Object Repository/Page_Checkatrade Find a tradesperson you can trust/a_or look up a member by name' is clickable

2020-04-16 09:02:30 - [TEST_STEP][PASSED] - click(findTestObject("Object Repository/Page_Checkatrade Find a tradesperson you can trust/a_or look up a member by name")): Object: 'Object Repository/Page_Checkatrade Find a tradesperson you can trust/a_or look up a member by name' is clicked on

2020-04-16 09:02:30 - [MESSAGE][PASSED] - Object: 'Object Repository/Page_Checkatrade Find a tradesperson you can trust/a_or look up a member by name' is clicked on

2020-04-16 09:02:30 - [TEST_STEP][PASSED] - if (Website_Version != "old"): null

2020-04-16 09:02:30 - [TEST_STEP][PASSED] - waitForPageLoad(60): Wait for page load successfully

2020-04-16 09:02:31 - [MESSAGE][PASSED] - Wait for page load successfully

2020-04-16 09:02:31 - [MESSAGE][PASSED] - Call Test Case 'Test Cases/Reusable_Test_Sequences/CAT_Click_Search_Trade_Name' successfully

2020-04-16 09:02:31 - [TEST_STEP][PASSED] - "---------------------------------------": null

2020-04-16 09:02:31 - [TEST_STEP][PASSED] - " Enter Trader Name (or ID) to Search   |": null

2020-04-16 09:02:31 - [TEST_STEP][PASSED] - callTestCase(findTestCase("Reusable_Test_Sequences/CAT_Enter_Trade_Name_NEG"), [:], STOP_ON_FAILURE): Call Test Case 'Test Cases/Reusable_Test_Sequences/CAT_Enter_Trade_Name_NEG' successfully

2020-04-16 09:02:31 - [TEST_CASE][PASSED] - Test Cases/Reusable_Test_Sequences/CAT_Enter_Trade_Name_NEG: Test Cases/Reusable_Test_Sequences/CAT_Enter_Trade_Name_NEG

2020-04-16 09:02:31 - [TEST_STEP][PASSED] - if (Website_Version != "new"): Text 'Glazing Solubtions' is set on object 'Object Repository/Page_Checkatrade Find a tradesperson you can trust/Trader_Name_To_Search'

2020-04-16 09:02:31 - [TEST_STEP][PASSED] - waitForElementClickable(findTestObject("Object Repository/Page_Checkatrade Find a tradesperson you can trust/Trader_Name_To_Search"), 5): Object 'Object Repository/Page_Checkatrade Find a tradesperson you can trust/Trader_Name_To_Search' is clickable

2020-04-16 09:02:31 - [MESSAGE][PASSED] - Object 'Object Repository/Page_Checkatrade Find a tradesperson you can trust/Trader_Name_To_Search' is clickable

2020-04-16 09:02:31 - [TEST_STEP][PASSED] - setText(findTestObject("Object Repository/Page_Checkatrade Find a tradesperson you can trust/Trader_Name_To_Search"), findTestData("Search_CAT_ID_Data_NEG").getValue("tradeName", row)): Text 'Glazing Solubtions' is set on object 'Object Repository/Page_Checkatrade Find a tradesperson you can trust/Trader_Name_To_Search'

2020-04-16 09:02:31 - [MESSAGE][PASSED] - Text 'Glazing Solubtions' is set on object 'Object Repository/Page_Checkatrade Find a tradesperson you can trust/Trader_Name_To_Search'

2020-04-16 09:02:31 - [MESSAGE][PASSED] - Call Test Case 'Test Cases/Reusable_Test_Sequences/CAT_Enter_Trade_Name_NEG' successfully

2020-04-16 09:02:31 - [TEST_STEP][PASSED] - "---------------------------------------": null

2020-04-16 09:02:31 - [TEST_STEP][PASSED] - " Search Trader Name (or ID)            |": null

2020-04-16 09:02:31 - [TEST_STEP][PASSED] - "---------------------------------------": null

2020-04-16 09:02:31 - [TEST_STEP][PASSED] - "---------------------------------------": null

2020-04-16 09:02:31 - [TEST_STEP][PASSED] - " Expected ERROR Reported               |": null

2020-04-16 09:02:31 - [TEST_STEP][PASSED] - callTestCase(findTestCase("Reusable_Test_Sequences/CAT_Search_Tradename_Not_Returned"), [:], CONTINUE_ON_FAILURE): Call Test Case 'Test Cases/Reusable_Test_Sequences/CAT_Search_Tradename_Not_Returned' successfully

2020-04-16 09:02:31 - [TEST_CASE][PASSED] - Test Cases/Reusable_Test_Sequences/CAT_Search_Tradename_Not_Returned: Test Cases/Reusable_Test_Sequences/CAT_Search_Tradename_Not_Returned

2020-04-16 09:02:31 - [TEST_STEP][PASSED] - "For later Extension": null

2020-04-16 09:02:31 - [TEST_STEP][PASSED] - "--------------------------------": null

2020-04-16 09:02:31 - [TEST_STEP][PASSED] - " Verify Sorry and Not Here Link |": null

2020-04-16 09:02:31 - [TEST_STEP][PASSED] - delay(1): Delayed 1 second(s)

2020-04-16 09:02:32 - [MESSAGE][PASSED] - Delayed 1 second(s)

2020-04-16 09:02:32 - [TEST_STEP][PASSED] - waitForPageLoad(60): Wait for page load successfully

2020-04-16 09:02:32 - [MESSAGE][PASSED] - Wait for page load successfully

2020-04-16 09:02:32 - [TEST_STEP][PASSED] - verifyElementPresent(findTestObject("Page_Checkatrade Find a tradesperson you can trust/a_or look up a member by name"), 10): Object 'Object Repository/Page_Checkatrade Find a tradesperson you can trust/a_or look up a member by name' is present

2020-04-16 09:02:33 - [MESSAGE][PASSED] - Object 'Object Repository/Page_Checkatrade Find a tradesperson you can trust/a_or look up a member by name' is present

2020-04-16 09:02:33 - [TEST_STEP][PASSED] - verifyTextPresent("Sorry, no results found", false): Text 'Sorry, no results found' is present on page 

2020-04-16 09:02:33 - [MESSAGE][PASSED] - Text 'Sorry, no results found' is present on page 

2020-04-16 09:02:33 - [TEST_STEP][PASSED] - verifyTextPresent("Not here", false): Text 'Not here' is present on page 

2020-04-16 09:02:33 - [MESSAGE][PASSED] - Text 'Not here' is present on page 

2020-04-16 09:02:33 - [TEST_STEP][PASSED] - "--------------------------------": null

2020-04-16 09:02:33 - [TEST_STEP][PASSED] - " Navigate Not Here Link         |": null

2020-04-16 09:02:33 - [TEST_STEP][PASSED] - waitForElementClickable(findTestObject("Object Repository/Page_Checkatrade Find a tradesperson you can trust/a_Not here"), 10): Object 'Object Repository/Page_Checkatrade Find a tradesperson you can trust/a_Not here' is clickable

2020-04-16 09:02:33 - [MESSAGE][PASSED] - Object 'Object Repository/Page_Checkatrade Find a tradesperson you can trust/a_Not here' is clickable

2020-04-16 09:02:33 - [TEST_STEP][PASSED] - click(findTestObject("Object Repository/Page_Checkatrade Find a tradesperson you can trust/a_Not here")): Object: 'Object Repository/Page_Checkatrade Find a tradesperson you can trust/a_Not here' is clicked on

2020-04-16 09:02:33 - [MESSAGE][PASSED] - Object: 'Object Repository/Page_Checkatrade Find a tradesperson you can trust/a_Not here' is clicked on

2020-04-16 09:02:33 - [TEST_STEP][PASSED] - "--------------------------------": null

2020-04-16 09:02:33 - [TEST_STEP][PASSED] - " Verify Returned Page           |": null

2020-04-16 09:02:33 - [TEST_STEP][PASSED] - "--------------------------------": null

2020-04-16 09:02:33 - [TEST_STEP][PASSED] - delay(3): Delayed 3 second(s)

2020-04-16 09:02:36 - [MESSAGE][PASSED] - Delayed 3 second(s)

2020-04-16 09:02:36 - [TEST_STEP][PASSED] - waitForPageLoad(60): Wait for page load successfully

2020-04-16 09:02:37 - [MESSAGE][PASSED] - Wait for page load successfully

2020-04-16 09:02:37 - [TEST_STEP][PASSED] - waitForElementClickable(findTestObject("Object Repository/Page_Checkatrade Find a tradesperson you can trust/link_Give_Your_Feedback"), 25): Object 'Object Repository/Page_Checkatrade Find a tradesperson you can trust/link_Give_Your_Feedback' is clickable

2020-04-16 09:02:37 - [MESSAGE][PASSED] - Object 'Object Repository/Page_Checkatrade Find a tradesperson you can trust/link_Give_Your_Feedback' is clickable

2020-04-16 09:02:37 - [TEST_STEP][PASSED] - verifyTextPresent("Company not listed?", false): Text 'Company not listed?' is present on page 

2020-04-16 09:02:37 - [MESSAGE][PASSED] - Text 'Company not listed?' is present on page 

2020-04-16 09:02:37 - [TEST_STEP][PASSED] - verifyTextPresent("If you are considering employing a particular company but cannot find them in our list of members", false): Text 'If you are considering employing a particular company but cannot find them in our list of members' is present on page 

2020-04-16 09:02:37 - [MESSAGE][PASSED] - Text 'If you are considering employing a particular company but cannot find them in our list of members' is present on page 

2020-04-16 09:02:37 - [TEST_STEP][PASSED] - verifyTextPresent("it may be because they are not a member of Checkatrade", false): Text 'it may be because they are not a member of Checkatrade' is present on page 

2020-04-16 09:02:37 - [MESSAGE][PASSED] - Text 'it may be because they are not a member of Checkatrade' is present on page 

2020-04-16 09:02:37 - [TEST_STEP][PASSED] - verifyTextPresent("If you would like to recommend a company to us, please give your feedback", false): Text 'If you would like to recommend a company to us, please give your feedback' is present on page 

2020-04-16 09:02:37 - [MESSAGE][PASSED] - Text 'If you would like to recommend a company to us, please give your feedback' is present on page 

2020-04-16 09:02:37 - [TEST_STEP][PASSED] - verifyTextPresent("If you would like help searching for a company, please call 0333 0146 190", false): Text 'If you would like help searching for a company, please call 0333 0146 190' is present on page 

2020-04-16 09:02:37 - [MESSAGE][PASSED] - Text 'If you would like help searching for a company, please call 0333 0146 190' is present on page 

2020-04-16 09:02:37 - [TEST_STEP][PASSED] - "----------------------------------------": null

2020-04-16 09:02:37 - [TEST_STEP][PASSED] - "----------------------------------------": null

2020-04-16 09:02:37 - [TEST_STEP][PASSED] - "Give Feedback Link NOT CHECKED Here     |": null

2020-04-16 09:02:37 - [TEST_STEP][PASSED] - System.gc(): null

2020-04-16 09:02:37 - [MESSAGE][PASSED] - Call Test Case 'Test Cases/Reusable_Test_Sequences/CAT_Search_Tradename_Not_Returned' successfully

2020-04-16 09:02:37 - [TEST_STEP][PASSED] - "--------------------------": null

2020-04-16 09:02:37 - [TEST_STEP][PASSED] - " Teardown - CLose Browser |": null

2020-04-16 09:02:37 - [TEST_STEP][PASSED] - callTestCase(findTestCase("Reusable_Test_Sequences/CAT_Teardown"), [:], OPTIONAL): Call Test Case 'Test Cases/Reusable_Test_Sequences/CAT_Teardown' successfully

2020-04-16 09:02:37 - [TEST_CASE][PASSED] - Test Cases/Reusable_Test_Sequences/CAT_Teardown: Test Cases/Reusable_Test_Sequences/CAT_Teardown

2020-04-16 09:02:37 - [TEST_STEP][PASSED] - closeBrowser(): Browser is closed

2020-04-16 09:02:38 - [MESSAGE][PASSED] - Browser is closed

2020-04-16 09:02:38 - [TEST_STEP][PASSED] - super.finalize(): null

2020-04-16 09:02:38 - [TEST_STEP][PASSED] - System.gc(): null

2020-04-16 09:02:38 - [MESSAGE][PASSED] - Call Test Case 'Test Cases/Reusable_Test_Sequences/CAT_Teardown' successfully

2020-04-16 09:02:38 - [TEST_STEP][PASSED] - callTestCase(findTestCase("Reusable_Test_Sequences/CAT_Setup"), [:], STOP_ON_FAILURE): Call Test Case 'Test Cases/Reusable_Test_Sequences/CAT_Setup' successfully

2020-04-16 09:02:38 - [TEST_CASE][PASSED] - Test Cases/Reusable_Test_Sequences/CAT_Setup: Test Cases/Reusable_Test_Sequences/CAT_Setup

2020-04-16 09:02:38 - [TEST_STEP][PASSED] - "------------------------------": null

2020-04-16 09:02:38 - [TEST_STEP][PASSED] - " Set Mobile Device Testing    |": null

2020-04-16 09:02:38 - [TEST_STEP][PASSED] - if (Mobile_Flag == "true"): null

2020-04-16 09:02:38 - [TEST_STEP][PASSED] - "------------------------------": null

2020-04-16 09:02:38 - [TEST_STEP][PASSED] - " Set Mobile Device Testing    |": null

2020-04-16 09:02:38 - [TEST_STEP][PASSED] - "------------------------------": null

2020-04-16 09:02:38 - [TEST_STEP][PASSED] - "URL - Set from the ENVIRONMENT PROFILE ": null

2020-04-16 09:02:38 - [TEST_STEP][PASSED] - openBrowser(URL): Browser is opened with url: 'https://www.preview.checkatrade.com/'

2020-04-16 09:02:38 - [MESSAGE][INFO] - Starting 'Chrome' driver

2020-04-16 09:02:38 - [MESSAGE][INFO] - Action delay is set to 0 milliseconds

2020-04-16 09:02:44 - [MESSAGE][PASSED] - Browser is opened with url: 'https://www.preview.checkatrade.com/'

2020-04-16 09:02:44 - [TEST_STEP][PASSED] - maximizeWindow(): Current window maximized

2020-04-16 09:02:46 - [MESSAGE][PASSED] - Current window maximized

2020-04-16 09:02:46 - [TEST_STEP][PASSED] - waitForPageLoad(60): Wait for page load successfully

2020-04-16 09:02:46 - [MESSAGE][PASSED] - Wait for page load successfully

2020-04-16 09:02:46 - [TEST_STEP][PASSED] - "Previous Functionalilty Left Commented For Ease Of reversion": null

2020-04-16 09:02:46 - [TEST_STEP][PASSED] - " Katalon Try/Catches currently have issues? SEE HEADER": null

2020-04-16 09:02:46 - [TEST_STEP][PASSED] - try: Text 'Cookie Policy' is not present on page

2020-04-16 09:02:46 - [TEST_STEP][PASSED] - verifyElementPresent(findTestObject("Object Repository/Cookies/Page_Checkatrade Find a tradesperson you can trust/button_Accept All"), 5, OPTIONAL): Object 'Object Repository/Cookies/Page_Checkatrade Find a tradesperson you can trust/button_Accept All' is present

2020-04-16 09:02:46 - [MESSAGE][PASSED] - Object 'Object Repository/Cookies/Page_Checkatrade Find a tradesperson you can trust/button_Accept All' is present

2020-04-16 09:02:46 - [TEST_STEP][PASSED] - click(findTestObject("Object Repository/Cookies/Page_Checkatrade Find a tradesperson you can trust/button_Accept All"), OPTIONAL): Object: 'Object Repository/Cookies/Page_Checkatrade Find a tradesperson you can trust/button_Accept All' is clicked on

2020-04-16 09:02:46 - [MESSAGE][PASSED] - Object: 'Object Repository/Cookies/Page_Checkatrade Find a tradesperson you can trust/button_Accept All' is clicked on

2020-04-16 09:02:46 - [TEST_STEP][PASSED] - "---------------------------------": null

2020-04-16 09:02:46 - [TEST_STEP][PASSED] - "COOKIE POPOUT REMOVED - Confirmed": null

2020-04-16 09:02:46 - [TEST_STEP][PASSED] - delay(1): Delayed 1 second(s)

2020-04-16 09:02:47 - [MESSAGE][PASSED] - Delayed 1 second(s)

2020-04-16 09:02:47 - [TEST_STEP][PASSED] - verifyTextNotPresent("We use cookies to personalise content and ads, to provide social media features and to analyse our traffic", false): Text 'We use cookies to personalise content and ads, to provide social media features and to analyse our traffic' is not present on page

2020-04-16 09:02:47 - [MESSAGE][PASSED] - Text 'We use cookies to personalise content and ads, to provide social media features and to analyse our traffic' is not present on page

2020-04-16 09:02:47 - [TEST_STEP][PASSED] - verifyTextNotPresent(" We also share information about your use of our site with our social media, advertising and analytics partners", false): Text ' We also share information about your use of our site with our social media, advertising and analytics partners' is not present on page

2020-04-16 09:02:47 - [MESSAGE][PASSED] - Text ' We also share information about your use of our site with our social media, advertising and analytics partners' is not present on page

2020-04-16 09:02:47 - [TEST_STEP][PASSED] - verifyTextNotPresent("Cookie Policy", false): Text 'Cookie Policy' is not present on page

2020-04-16 09:02:47 - [MESSAGE][PASSED] - Text 'Cookie Policy' is not present on page

2020-04-16 09:02:47 - [TEST_STEP][PASSED] - waitForPageLoad(60): Wait for page load successfully

2020-04-16 09:02:47 - [MESSAGE][PASSED] - Wait for page load successfully

2020-04-16 09:02:47 - [TEST_STEP][PASSED] - "COOKIE - ORIGINAL": null

2020-04-16 09:02:47 - [TEST_STEP][PASSED] - if (waitForElementVisible(findTestObject("Object Repository/Feedback/Page_Checkatrade Give your feedback/input_Member_to_Review"), 5)): Web element with id: 'Object Repository/Feedback/Page_Checkatrade Give your feedback/input_Member_to_Review' located by 'By.xpath: //input[@id='feedback-form__company_autocomplete_input']' not found

2020-04-16 09:02:53 - [MESSAGE][INFO] - Unable to find the element located by 'By.xpath: //input[@id='feedback-form__company_autocomplete_input']'. Please recheck the objects properties to make sure the desired element is located. 

2020-04-16 09:02:53 - [MESSAGE][WARNING] - Web element with id: 'Object Repository/Feedback/Page_Checkatrade Give your feedback/input_Member_to_Review' located by 'By.xpath: //input[@id='feedback-form__company_autocomplete_input']' not found

2020-04-16 09:02:53 - [TEST_STEP][PASSED] - else: The <<<OLD>>> Website was detected by the STARTUP Process

2020-04-16 09:02:53 - [TEST_STEP][PASSED] - if (!(verifyElementVisible(findTestObject("Object Repository/Checkatrade_Trade_Search_Page/Page_Checkatrade Find a tradesperson you can trust/input_Search_Button_FF")))): Object 'Object Repository/Checkatrade_Trade_Search_Page/Page_Checkatrade Find a tradesperson you can trust/input_Search_Button_FF' is visible

2020-04-16 09:02:53 - [MESSAGE][PASSED] - Object 'Object Repository/Checkatrade_Trade_Search_Page/Page_Checkatrade Find a tradesperson you can trust/input_Search_Button_FF' is visible

2020-04-16 09:02:53 - [TEST_STEP][PASSED] - else: The <<<OLD>>> Website was detected by the STARTUP Process

2020-04-16 09:02:53 - [TEST_STEP][PASSED] - Website_Version = "old": null

2020-04-16 09:02:53 - [TEST_STEP][PASSED] - logInfo("The <<<OLD>>> Website was detected by the STARTUP Process"): The <<<OLD>>> Website was detected by the STARTUP Process

2020-04-16 09:02:53 - [MESSAGE][INFO] - The <<<OLD>>> Website was detected by the STARTUP Process

2020-04-16 09:02:53 - [MESSAGE][PASSED] - Call Test Case 'Test Cases/Reusable_Test_Sequences/CAT_Setup' successfully

2020-04-16 09:02:53 - [TEST_STEP][PASSED] - " Home Page validation Checks after COOKIE Dispelled": null

2020-04-16 09:02:53 - [TEST_STEP][PASSED] - "---------------------------------------------------------------------": null

2020-04-16 09:02:53 - [TEST_STEP][PASSED] - " Select Search on Trader Name (or ID) From Home page/Search Screen   |": null

2020-04-16 09:02:53 - [TEST_STEP][PASSED] - callTestCase(findTestCase("Reusable_Test_Sequences/CAT_Click_Search_Trade_Name"), [:], STOP_ON_FAILURE): Call Test Case 'Test Cases/Reusable_Test_Sequences/CAT_Click_Search_Trade_Name' successfully

2020-04-16 09:02:53 - [TEST_CASE][PASSED] - Test Cases/Reusable_Test_Sequences/CAT_Click_Search_Trade_Name: Test Cases/Reusable_Test_Sequences/CAT_Click_Search_Trade_Name

2020-04-16 09:02:53 - [TEST_STEP][PASSED] - waitForPageLoad(60): Wait for page load successfully

2020-04-16 09:02:53 - [MESSAGE][PASSED] - Wait for page load successfully

2020-04-16 09:02:53 - [TEST_STEP][PASSED] - if (Website_Version != "new"): Object: 'Object Repository/Page_Checkatrade Find a tradesperson you can trust/a_or look up a member by name' is clicked on

2020-04-16 09:02:53 - [TEST_STEP][PASSED] - waitForElementClickable(findTestObject("Object Repository/Page_Checkatrade Find a tradesperson you can trust/a_or look up a member by name"), 5): Object 'Object Repository/Page_Checkatrade Find a tradesperson you can trust/a_or look up a member by name' is clickable

2020-04-16 09:02:53 - [MESSAGE][PASSED] - Object 'Object Repository/Page_Checkatrade Find a tradesperson you can trust/a_or look up a member by name' is clickable

2020-04-16 09:02:53 - [TEST_STEP][PASSED] - click(findTestObject("Object Repository/Page_Checkatrade Find a tradesperson you can trust/a_or look up a member by name")): Object: 'Object Repository/Page_Checkatrade Find a tradesperson you can trust/a_or look up a member by name' is clicked on

2020-04-16 09:02:53 - [MESSAGE][PASSED] - Object: 'Object Repository/Page_Checkatrade Find a tradesperson you can trust/a_or look up a member by name' is clicked on

2020-04-16 09:02:53 - [TEST_STEP][PASSED] - if (Website_Version != "old"): null

2020-04-16 09:02:53 - [TEST_STEP][PASSED] - waitForPageLoad(60): Wait for page load successfully

2020-04-16 09:02:53 - [MESSAGE][PASSED] - Wait for page load successfully

2020-04-16 09:02:53 - [MESSAGE][PASSED] - Call Test Case 'Test Cases/Reusable_Test_Sequences/CAT_Click_Search_Trade_Name' successfully

2020-04-16 09:02:53 - [TEST_STEP][PASSED] - "---------------------------------------": null

2020-04-16 09:02:53 - [TEST_STEP][PASSED] - " Enter Trader Name (or ID) to Search   |": null

2020-04-16 09:02:53 - [TEST_STEP][PASSED] - callTestCase(findTestCase("Reusable_Test_Sequences/CAT_Enter_Trade_Name_NEG"), [:], STOP_ON_FAILURE): Call Test Case 'Test Cases/Reusable_Test_Sequences/CAT_Enter_Trade_Name_NEG' successfully

2020-04-16 09:02:53 - [TEST_CASE][PASSED] - Test Cases/Reusable_Test_Sequences/CAT_Enter_Trade_Name_NEG: Test Cases/Reusable_Test_Sequences/CAT_Enter_Trade_Name_NEG

2020-04-16 09:02:53 - [TEST_STEP][PASSED] - if (Website_Version != "new"): Text '3811989' is set on object 'Object Repository/Page_Checkatrade Find a tradesperson you can trust/Trader_Name_To_Search'

2020-04-16 09:02:53 - [TEST_STEP][PASSED] - waitForElementClickable(findTestObject("Object Repository/Page_Checkatrade Find a tradesperson you can trust/Trader_Name_To_Search"), 5): Object 'Object Repository/Page_Checkatrade Find a tradesperson you can trust/Trader_Name_To_Search' is clickable

2020-04-16 09:02:54 - [MESSAGE][PASSED] - Object 'Object Repository/Page_Checkatrade Find a tradesperson you can trust/Trader_Name_To_Search' is clickable

2020-04-16 09:02:54 - [TEST_STEP][PASSED] - setText(findTestObject("Object Repository/Page_Checkatrade Find a tradesperson you can trust/Trader_Name_To_Search"), findTestData("Search_CAT_ID_Data_NEG").getValue("tradeName", row)): Text '3811989' is set on object 'Object Repository/Page_Checkatrade Find a tradesperson you can trust/Trader_Name_To_Search'

2020-04-16 09:02:54 - [MESSAGE][PASSED] - Text '3811989' is set on object 'Object Repository/Page_Checkatrade Find a tradesperson you can trust/Trader_Name_To_Search'

2020-04-16 09:02:54 - [MESSAGE][PASSED] - Call Test Case 'Test Cases/Reusable_Test_Sequences/CAT_Enter_Trade_Name_NEG' successfully

2020-04-16 09:02:54 - [TEST_STEP][PASSED] - "---------------------------------------": null

2020-04-16 09:02:54 - [TEST_STEP][PASSED] - " Search Trader Name (or ID)            |": null

2020-04-16 09:02:54 - [TEST_STEP][PASSED] - "---------------------------------------": null

2020-04-16 09:02:54 - [TEST_STEP][PASSED] - "---------------------------------------": null

2020-04-16 09:02:54 - [TEST_STEP][PASSED] - " Expected ERROR Reported               |": null

2020-04-16 09:02:54 - [TEST_STEP][PASSED] - callTestCase(findTestCase("Reusable_Test_Sequences/CAT_Search_Tradename_Not_Returned"), [:], CONTINUE_ON_FAILURE): Call Test Case 'Test Cases/Reusable_Test_Sequences/CAT_Search_Tradename_Not_Returned' successfully

2020-04-16 09:02:54 - [TEST_CASE][PASSED] - Test Cases/Reusable_Test_Sequences/CAT_Search_Tradename_Not_Returned: Test Cases/Reusable_Test_Sequences/CAT_Search_Tradename_Not_Returned

2020-04-16 09:02:54 - [TEST_STEP][PASSED] - "For later Extension": null

2020-04-16 09:02:54 - [TEST_STEP][PASSED] - "--------------------------------": null

2020-04-16 09:02:54 - [TEST_STEP][PASSED] - " Verify Sorry and Not Here Link |": null

2020-04-16 09:02:54 - [TEST_STEP][PASSED] - delay(1): Delayed 1 second(s)

2020-04-16 09:02:55 - [MESSAGE][PASSED] - Delayed 1 second(s)

2020-04-16 09:02:55 - [TEST_STEP][PASSED] - waitForPageLoad(60): Wait for page load successfully

2020-04-16 09:02:55 - [MESSAGE][PASSED] - Wait for page load successfully

2020-04-16 09:02:55 - [TEST_STEP][PASSED] - verifyElementPresent(findTestObject("Page_Checkatrade Find a tradesperson you can trust/a_or look up a member by name"), 10): Object 'Object Repository/Page_Checkatrade Find a tradesperson you can trust/a_or look up a member by name' is present

2020-04-16 09:02:55 - [MESSAGE][PASSED] - Object 'Object Repository/Page_Checkatrade Find a tradesperson you can trust/a_or look up a member by name' is present

2020-04-16 09:02:55 - [TEST_STEP][PASSED] - verifyTextPresent("Sorry, no results found", false): Text 'Sorry, no results found' is present on page 

2020-04-16 09:02:55 - [MESSAGE][PASSED] - Text 'Sorry, no results found' is present on page 

2020-04-16 09:02:55 - [TEST_STEP][PASSED] - verifyTextPresent("Not here", false): Text 'Not here' is present on page 

2020-04-16 09:02:55 - [MESSAGE][PASSED] - Text 'Not here' is present on page 

2020-04-16 09:02:55 - [TEST_STEP][PASSED] - "--------------------------------": null

2020-04-16 09:02:55 - [TEST_STEP][PASSED] - " Navigate Not Here Link         |": null

2020-04-16 09:02:55 - [TEST_STEP][PASSED] - waitForElementClickable(findTestObject("Object Repository/Page_Checkatrade Find a tradesperson you can trust/a_Not here"), 10): Object 'Object Repository/Page_Checkatrade Find a tradesperson you can trust/a_Not here' is clickable

2020-04-16 09:02:55 - [MESSAGE][PASSED] - Object 'Object Repository/Page_Checkatrade Find a tradesperson you can trust/a_Not here' is clickable

2020-04-16 09:02:55 - [TEST_STEP][PASSED] - click(findTestObject("Object Repository/Page_Checkatrade Find a tradesperson you can trust/a_Not here")): Object: 'Object Repository/Page_Checkatrade Find a tradesperson you can trust/a_Not here' is clicked on

2020-04-16 09:02:56 - [MESSAGE][PASSED] - Object: 'Object Repository/Page_Checkatrade Find a tradesperson you can trust/a_Not here' is clicked on

2020-04-16 09:02:56 - [TEST_STEP][PASSED] - "--------------------------------": null

2020-04-16 09:02:56 - [TEST_STEP][PASSED] - " Verify Returned Page           |": null

2020-04-16 09:02:56 - [TEST_STEP][PASSED] - "--------------------------------": null

2020-04-16 09:02:56 - [TEST_STEP][PASSED] - delay(3): Delayed 3 second(s)

2020-04-16 09:02:59 - [MESSAGE][PASSED] - Delayed 3 second(s)

2020-04-16 09:02:59 - [TEST_STEP][PASSED] - waitForPageLoad(60): Wait for page load successfully

2020-04-16 09:02:59 - [MESSAGE][PASSED] - Wait for page load successfully

2020-04-16 09:02:59 - [TEST_STEP][PASSED] - waitForElementClickable(findTestObject("Object Repository/Page_Checkatrade Find a tradesperson you can trust/link_Give_Your_Feedback"), 25): Object 'Object Repository/Page_Checkatrade Find a tradesperson you can trust/link_Give_Your_Feedback' is clickable

2020-04-16 09:02:59 - [MESSAGE][PASSED] - Object 'Object Repository/Page_Checkatrade Find a tradesperson you can trust/link_Give_Your_Feedback' is clickable

2020-04-16 09:02:59 - [TEST_STEP][PASSED] - verifyTextPresent("Company not listed?", false): Text 'Company not listed?' is present on page 

2020-04-16 09:02:59 - [MESSAGE][PASSED] - Text 'Company not listed?' is present on page 

2020-04-16 09:02:59 - [TEST_STEP][PASSED] - verifyTextPresent("If you are considering employing a particular company but cannot find them in our list of members", false): Text 'If you are considering employing a particular company but cannot find them in our list of members' is present on page 

2020-04-16 09:02:59 - [MESSAGE][PASSED] - Text 'If you are considering employing a particular company but cannot find them in our list of members' is present on page 

2020-04-16 09:02:59 - [TEST_STEP][PASSED] - verifyTextPresent("it may be because they are not a member of Checkatrade", false): Text 'it may be because they are not a member of Checkatrade' is present on page 

2020-04-16 09:02:59 - [MESSAGE][PASSED] - Text 'it may be because they are not a member of Checkatrade' is present on page 

2020-04-16 09:02:59 - [TEST_STEP][PASSED] - verifyTextPresent("If you would like to recommend a company to us, please give your feedback", false): Text 'If you would like to recommend a company to us, please give your feedback' is present on page 

2020-04-16 09:02:59 - [MESSAGE][PASSED] - Text 'If you would like to recommend a company to us, please give your feedback' is present on page 

2020-04-16 09:02:59 - [TEST_STEP][PASSED] - verifyTextPresent("If you would like help searching for a company, please call 0333 0146 190", false): Text 'If you would like help searching for a company, please call 0333 0146 190' is present on page 

2020-04-16 09:02:59 - [MESSAGE][PASSED] - Text 'If you would like help searching for a company, please call 0333 0146 190' is present on page 

2020-04-16 09:02:59 - [TEST_STEP][PASSED] - "----------------------------------------": null

2020-04-16 09:02:59 - [TEST_STEP][PASSED] - "----------------------------------------": null

2020-04-16 09:02:59 - [TEST_STEP][PASSED] - "Give Feedback Link NOT CHECKED Here     |": null

2020-04-16 09:02:59 - [TEST_STEP][PASSED] - System.gc(): null

2020-04-16 09:02:59 - [MESSAGE][PASSED] - Call Test Case 'Test Cases/Reusable_Test_Sequences/CAT_Search_Tradename_Not_Returned' successfully

2020-04-16 09:02:59 - [TEST_STEP][PASSED] - "--------------------------": null

2020-04-16 09:02:59 - [TEST_STEP][PASSED] - " Teardown - CLose Browser |": null

2020-04-16 09:02:59 - [TEST_STEP][PASSED] - callTestCase(findTestCase("Reusable_Test_Sequences/CAT_Teardown"), [:], OPTIONAL): Call Test Case 'Test Cases/Reusable_Test_Sequences/CAT_Teardown' successfully

2020-04-16 09:03:00 - [TEST_CASE][PASSED] - Test Cases/Reusable_Test_Sequences/CAT_Teardown: Test Cases/Reusable_Test_Sequences/CAT_Teardown

2020-04-16 09:03:00 - [TEST_STEP][PASSED] - closeBrowser(): Browser is closed

2020-04-16 09:03:00 - [MESSAGE][PASSED] - Browser is closed

2020-04-16 09:03:00 - [TEST_STEP][PASSED] - super.finalize(): null

2020-04-16 09:03:00 - [TEST_STEP][PASSED] - System.gc(): null

2020-04-16 09:03:01 - [MESSAGE][PASSED] - Call Test Case 'Test Cases/Reusable_Test_Sequences/CAT_Teardown' successfully

2020-04-16 09:03:01 - [TEST_STEP][PASSED] - callTestCase(findTestCase("Reusable_Test_Sequences/CAT_Setup"), [:], STOP_ON_FAILURE): Call Test Case 'Test Cases/Reusable_Test_Sequences/CAT_Setup' successfully

2020-04-16 09:03:01 - [TEST_CASE][PASSED] - Test Cases/Reusable_Test_Sequences/CAT_Setup: Test Cases/Reusable_Test_Sequences/CAT_Setup

2020-04-16 09:03:01 - [TEST_STEP][PASSED] - "------------------------------": null

2020-04-16 09:03:01 - [TEST_STEP][PASSED] - " Set Mobile Device Testing    |": null

2020-04-16 09:03:01 - [TEST_STEP][PASSED] - if (Mobile_Flag == "true"): null

2020-04-16 09:03:01 - [TEST_STEP][PASSED] - "------------------------------": null

2020-04-16 09:03:01 - [TEST_STEP][PASSED] - " Set Mobile Device Testing    |": null

2020-04-16 09:03:01 - [TEST_STEP][PASSED] - "------------------------------": null

2020-04-16 09:03:01 - [TEST_STEP][PASSED] - "URL - Set from the ENVIRONMENT PROFILE ": null

2020-04-16 09:03:01 - [TEST_STEP][PASSED] - openBrowser(URL): Browser is opened with url: 'https://www.preview.checkatrade.com/'

2020-04-16 09:03:01 - [MESSAGE][INFO] - Starting 'Chrome' driver

2020-04-16 09:03:01 - [MESSAGE][INFO] - Action delay is set to 0 milliseconds

2020-04-16 09:03:06 - [MESSAGE][PASSED] - Browser is opened with url: 'https://www.preview.checkatrade.com/'

2020-04-16 09:03:06 - [TEST_STEP][PASSED] - maximizeWindow(): Current window maximized

2020-04-16 09:03:09 - [MESSAGE][PASSED] - Current window maximized

2020-04-16 09:03:09 - [TEST_STEP][PASSED] - waitForPageLoad(60): Wait for page load successfully

2020-04-16 09:03:09 - [MESSAGE][PASSED] - Wait for page load successfully

2020-04-16 09:03:09 - [TEST_STEP][PASSED] - "Previous Functionalilty Left Commented For Ease Of reversion": null

2020-04-16 09:03:09 - [TEST_STEP][PASSED] - " Katalon Try/Catches currently have issues? SEE HEADER": null

2020-04-16 09:03:09 - [TEST_STEP][PASSED] - try: Text 'Cookie Policy' is not present on page

2020-04-16 09:03:09 - [TEST_STEP][PASSED] - verifyElementPresent(findTestObject("Object Repository/Cookies/Page_Checkatrade Find a tradesperson you can trust/button_Accept All"), 5, OPTIONAL): Object 'Object Repository/Cookies/Page_Checkatrade Find a tradesperson you can trust/button_Accept All' is present

2020-04-16 09:03:09 - [MESSAGE][PASSED] - Object 'Object Repository/Cookies/Page_Checkatrade Find a tradesperson you can trust/button_Accept All' is present

2020-04-16 09:03:09 - [TEST_STEP][PASSED] - click(findTestObject("Object Repository/Cookies/Page_Checkatrade Find a tradesperson you can trust/button_Accept All"), OPTIONAL): Object: 'Object Repository/Cookies/Page_Checkatrade Find a tradesperson you can trust/button_Accept All' is clicked on

2020-04-16 09:03:09 - [MESSAGE][PASSED] - Object: 'Object Repository/Cookies/Page_Checkatrade Find a tradesperson you can trust/button_Accept All' is clicked on

2020-04-16 09:03:09 - [TEST_STEP][PASSED] - "---------------------------------": null

2020-04-16 09:03:09 - [TEST_STEP][PASSED] - "COOKIE POPOUT REMOVED - Confirmed": null

2020-04-16 09:03:09 - [TEST_STEP][PASSED] - delay(1): Delayed 1 second(s)

2020-04-16 09:03:10 - [MESSAGE][PASSED] - Delayed 1 second(s)

2020-04-16 09:03:10 - [TEST_STEP][PASSED] - verifyTextNotPresent("We use cookies to personalise content and ads, to provide social media features and to analyse our traffic", false): Text 'We use cookies to personalise content and ads, to provide social media features and to analyse our traffic' is not present on page

2020-04-16 09:03:10 - [MESSAGE][PASSED] - Text 'We use cookies to personalise content and ads, to provide social media features and to analyse our traffic' is not present on page

2020-04-16 09:03:10 - [TEST_STEP][PASSED] - verifyTextNotPresent(" We also share information about your use of our site with our social media, advertising and analytics partners", false): Text ' We also share information about your use of our site with our social media, advertising and analytics partners' is not present on page

2020-04-16 09:03:10 - [MESSAGE][PASSED] - Text ' We also share information about your use of our site with our social media, advertising and analytics partners' is not present on page

2020-04-16 09:03:10 - [TEST_STEP][PASSED] - verifyTextNotPresent("Cookie Policy", false): Text 'Cookie Policy' is not present on page

2020-04-16 09:03:11 - [MESSAGE][PASSED] - Text 'Cookie Policy' is not present on page

2020-04-16 09:03:11 - [TEST_STEP][PASSED] - waitForPageLoad(60): Wait for page load successfully

2020-04-16 09:03:11 - [MESSAGE][PASSED] - Wait for page load successfully

2020-04-16 09:03:11 - [TEST_STEP][PASSED] - "COOKIE - ORIGINAL": null

2020-04-16 09:03:11 - [TEST_STEP][PASSED] - if (waitForElementVisible(findTestObject("Object Repository/Feedback/Page_Checkatrade Give your feedback/input_Member_to_Review"), 5)): Web element with id: 'Object Repository/Feedback/Page_Checkatrade Give your feedback/input_Member_to_Review' located by 'By.xpath: //input[@id='feedback-form__company_autocomplete_input']' not found

2020-04-16 09:03:16 - [MESSAGE][INFO] - Unable to find the element located by 'By.xpath: //input[@id='feedback-form__company_autocomplete_input']'. Please recheck the objects properties to make sure the desired element is located. 

2020-04-16 09:03:16 - [MESSAGE][WARNING] - Web element with id: 'Object Repository/Feedback/Page_Checkatrade Give your feedback/input_Member_to_Review' located by 'By.xpath: //input[@id='feedback-form__company_autocomplete_input']' not found

2020-04-16 09:03:16 - [TEST_STEP][PASSED] - else: The <<<OLD>>> Website was detected by the STARTUP Process

2020-04-16 09:03:16 - [TEST_STEP][PASSED] - if (!(verifyElementVisible(findTestObject("Object Repository/Checkatrade_Trade_Search_Page/Page_Checkatrade Find a tradesperson you can trust/input_Search_Button_FF")))): Object 'Object Repository/Checkatrade_Trade_Search_Page/Page_Checkatrade Find a tradesperson you can trust/input_Search_Button_FF' is visible

2020-04-16 09:03:16 - [MESSAGE][PASSED] - Object 'Object Repository/Checkatrade_Trade_Search_Page/Page_Checkatrade Find a tradesperson you can trust/input_Search_Button_FF' is visible

2020-04-16 09:03:16 - [TEST_STEP][PASSED] - else: The <<<OLD>>> Website was detected by the STARTUP Process

2020-04-16 09:03:16 - [TEST_STEP][PASSED] - Website_Version = "old": null

2020-04-16 09:03:16 - [TEST_STEP][PASSED] - logInfo("The <<<OLD>>> Website was detected by the STARTUP Process"): The <<<OLD>>> Website was detected by the STARTUP Process

2020-04-16 09:03:16 - [MESSAGE][INFO] - The <<<OLD>>> Website was detected by the STARTUP Process

2020-04-16 09:03:16 - [MESSAGE][PASSED] - Call Test Case 'Test Cases/Reusable_Test_Sequences/CAT_Setup' successfully

2020-04-16 09:03:16 - [TEST_STEP][PASSED] - " Home Page validation Checks after COOKIE Dispelled": null

2020-04-16 09:03:16 - [TEST_STEP][PASSED] - "---------------------------------------------------------------------": null

2020-04-16 09:03:16 - [TEST_STEP][PASSED] - " Select Search on Trader Name (or ID) From Home page/Search Screen   |": null

2020-04-16 09:03:16 - [TEST_STEP][PASSED] - callTestCase(findTestCase("Reusable_Test_Sequences/CAT_Click_Search_Trade_Name"), [:], STOP_ON_FAILURE): Call Test Case 'Test Cases/Reusable_Test_Sequences/CAT_Click_Search_Trade_Name' successfully

2020-04-16 09:03:16 - [TEST_CASE][PASSED] - Test Cases/Reusable_Test_Sequences/CAT_Click_Search_Trade_Name: Test Cases/Reusable_Test_Sequences/CAT_Click_Search_Trade_Name

2020-04-16 09:03:16 - [TEST_STEP][PASSED] - waitForPageLoad(60): Wait for page load successfully

2020-04-16 09:03:16 - [MESSAGE][PASSED] - Wait for page load successfully

2020-04-16 09:03:16 - [TEST_STEP][PASSED] - if (Website_Version != "new"): Object: 'Object Repository/Page_Checkatrade Find a tradesperson you can trust/a_or look up a member by name' is clicked on

2020-04-16 09:03:16 - [TEST_STEP][PASSED] - waitForElementClickable(findTestObject("Object Repository/Page_Checkatrade Find a tradesperson you can trust/a_or look up a member by name"), 5): Object 'Object Repository/Page_Checkatrade Find a tradesperson you can trust/a_or look up a member by name' is clickable

2020-04-16 09:03:16 - [MESSAGE][PASSED] - Object 'Object Repository/Page_Checkatrade Find a tradesperson you can trust/a_or look up a member by name' is clickable

2020-04-16 09:03:16 - [TEST_STEP][PASSED] - click(findTestObject("Object Repository/Page_Checkatrade Find a tradesperson you can trust/a_or look up a member by name")): Object: 'Object Repository/Page_Checkatrade Find a tradesperson you can trust/a_or look up a member by name' is clicked on

2020-04-16 09:03:16 - [MESSAGE][PASSED] - Object: 'Object Repository/Page_Checkatrade Find a tradesperson you can trust/a_or look up a member by name' is clicked on

2020-04-16 09:03:16 - [TEST_STEP][PASSED] - if (Website_Version != "old"): null

2020-04-16 09:03:16 - [TEST_STEP][PASSED] - waitForPageLoad(60): Wait for page load successfully

2020-04-16 09:03:16 - [MESSAGE][PASSED] - Wait for page load successfully

2020-04-16 09:03:16 - [MESSAGE][PASSED] - Call Test Case 'Test Cases/Reusable_Test_Sequences/CAT_Click_Search_Trade_Name' successfully

2020-04-16 09:03:16 - [TEST_STEP][PASSED] - "---------------------------------------": null

2020-04-16 09:03:16 - [TEST_STEP][PASSED] - " Enter Trader Name (or ID) to Search   |": null

2020-04-16 09:03:16 - [TEST_STEP][PASSED] - callTestCase(findTestCase("Reusable_Test_Sequences/CAT_Enter_Trade_Name_NEG"), [:], STOP_ON_FAILURE): Call Test Case 'Test Cases/Reusable_Test_Sequences/CAT_Enter_Trade_Name_NEG' successfully

2020-04-16 09:03:16 - [TEST_CASE][PASSED] - Test Cases/Reusable_Test_Sequences/CAT_Enter_Trade_Name_NEG: Test Cases/Reusable_Test_Sequences/CAT_Enter_Trade_Name_NEG

2020-04-16 09:03:16 - [TEST_STEP][PASSED] - if (Website_Version != "new"): Text 'z1' is set on object 'Object Repository/Page_Checkatrade Find a tradesperson you can trust/Trader_Name_To_Search'

2020-04-16 09:03:16 - [TEST_STEP][PASSED] - waitForElementClickable(findTestObject("Object Repository/Page_Checkatrade Find a tradesperson you can trust/Trader_Name_To_Search"), 5): Object 'Object Repository/Page_Checkatrade Find a tradesperson you can trust/Trader_Name_To_Search' is clickable

2020-04-16 09:03:16 - [MESSAGE][PASSED] - Object 'Object Repository/Page_Checkatrade Find a tradesperson you can trust/Trader_Name_To_Search' is clickable

2020-04-16 09:03:16 - [TEST_STEP][PASSED] - setText(findTestObject("Object Repository/Page_Checkatrade Find a tradesperson you can trust/Trader_Name_To_Search"), findTestData("Search_CAT_ID_Data_NEG").getValue("tradeName", row)): Text 'z1' is set on object 'Object Repository/Page_Checkatrade Find a tradesperson you can trust/Trader_Name_To_Search'

2020-04-16 09:03:17 - [MESSAGE][PASSED] - Text 'z1' is set on object 'Object Repository/Page_Checkatrade Find a tradesperson you can trust/Trader_Name_To_Search'

2020-04-16 09:03:17 - [MESSAGE][PASSED] - Call Test Case 'Test Cases/Reusable_Test_Sequences/CAT_Enter_Trade_Name_NEG' successfully

2020-04-16 09:03:17 - [TEST_STEP][PASSED] - "---------------------------------------": null

2020-04-16 09:03:17 - [TEST_STEP][PASSED] - " Search Trader Name (or ID)            |": null

2020-04-16 09:03:17 - [TEST_STEP][PASSED] - "---------------------------------------": null

2020-04-16 09:03:17 - [TEST_STEP][PASSED] - "---------------------------------------": null

2020-04-16 09:03:17 - [TEST_STEP][PASSED] - " Expected ERROR Reported               |": null

2020-04-16 09:03:17 - [TEST_STEP][PASSED] - callTestCase(findTestCase("Reusable_Test_Sequences/CAT_Search_Tradename_Not_Returned"), [:], CONTINUE_ON_FAILURE): Call Test Case 'Test Cases/Reusable_Test_Sequences/CAT_Search_Tradename_Not_Returned' successfully

2020-04-16 09:03:17 - [TEST_CASE][PASSED] - Test Cases/Reusable_Test_Sequences/CAT_Search_Tradename_Not_Returned: Test Cases/Reusable_Test_Sequences/CAT_Search_Tradename_Not_Returned

2020-04-16 09:03:17 - [TEST_STEP][PASSED] - "For later Extension": null

2020-04-16 09:03:17 - [TEST_STEP][PASSED] - "--------------------------------": null

2020-04-16 09:03:17 - [TEST_STEP][PASSED] - " Verify Sorry and Not Here Link |": null

2020-04-16 09:03:17 - [TEST_STEP][PASSED] - delay(1): Delayed 1 second(s)

2020-04-16 09:03:18 - [MESSAGE][PASSED] - Delayed 1 second(s)

2020-04-16 09:03:18 - [TEST_STEP][PASSED] - waitForPageLoad(60): Wait for page load successfully

2020-04-16 09:03:18 - [MESSAGE][PASSED] - Wait for page load successfully

2020-04-16 09:03:18 - [TEST_STEP][PASSED] - verifyElementPresent(findTestObject("Page_Checkatrade Find a tradesperson you can trust/a_or look up a member by name"), 10): Object 'Object Repository/Page_Checkatrade Find a tradesperson you can trust/a_or look up a member by name' is present

2020-04-16 09:03:18 - [MESSAGE][PASSED] - Object 'Object Repository/Page_Checkatrade Find a tradesperson you can trust/a_or look up a member by name' is present

2020-04-16 09:03:18 - [TEST_STEP][PASSED] - verifyTextPresent("Sorry, no results found", false): Text 'Sorry, no results found' is present on page 

2020-04-16 09:03:18 - [MESSAGE][PASSED] - Text 'Sorry, no results found' is present on page 

2020-04-16 09:03:18 - [TEST_STEP][PASSED] - verifyTextPresent("Not here", false): Text 'Not here' is present on page 

2020-04-16 09:03:18 - [MESSAGE][PASSED] - Text 'Not here' is present on page 

2020-04-16 09:03:18 - [TEST_STEP][PASSED] - "--------------------------------": null

2020-04-16 09:03:18 - [TEST_STEP][PASSED] - " Navigate Not Here Link         |": null

2020-04-16 09:03:18 - [TEST_STEP][PASSED] - waitForElementClickable(findTestObject("Object Repository/Page_Checkatrade Find a tradesperson you can trust/a_Not here"), 10): Object 'Object Repository/Page_Checkatrade Find a tradesperson you can trust/a_Not here' is clickable

2020-04-16 09:03:18 - [MESSAGE][PASSED] - Object 'Object Repository/Page_Checkatrade Find a tradesperson you can trust/a_Not here' is clickable

2020-04-16 09:03:18 - [TEST_STEP][PASSED] - click(findTestObject("Object Repository/Page_Checkatrade Find a tradesperson you can trust/a_Not here")): Object: 'Object Repository/Page_Checkatrade Find a tradesperson you can trust/a_Not here' is clicked on

2020-04-16 09:03:19 - [MESSAGE][PASSED] - Object: 'Object Repository/Page_Checkatrade Find a tradesperson you can trust/a_Not here' is clicked on

2020-04-16 09:03:19 - [TEST_STEP][PASSED] - "--------------------------------": null

2020-04-16 09:03:19 - [TEST_STEP][PASSED] - " Verify Returned Page           |": null

2020-04-16 09:03:19 - [TEST_STEP][PASSED] - "--------------------------------": null

2020-04-16 09:03:19 - [TEST_STEP][PASSED] - delay(3): Delayed 3 second(s)

2020-04-16 09:03:22 - [MESSAGE][PASSED] - Delayed 3 second(s)

2020-04-16 09:03:22 - [TEST_STEP][PASSED] - waitForPageLoad(60): Wait for page load successfully

2020-04-16 09:03:22 - [MESSAGE][PASSED] - Wait for page load successfully

2020-04-16 09:03:22 - [TEST_STEP][PASSED] - waitForElementClickable(findTestObject("Object Repository/Page_Checkatrade Find a tradesperson you can trust/link_Give_Your_Feedback"), 25): Object 'Object Repository/Page_Checkatrade Find a tradesperson you can trust/link_Give_Your_Feedback' is clickable

2020-04-16 09:03:22 - [MESSAGE][PASSED] - Object 'Object Repository/Page_Checkatrade Find a tradesperson you can trust/link_Give_Your_Feedback' is clickable

2020-04-16 09:03:22 - [TEST_STEP][PASSED] - verifyTextPresent("Company not listed?", false): Text 'Company not listed?' is present on page 

2020-04-16 09:03:22 - [MESSAGE][PASSED] - Text 'Company not listed?' is present on page 

2020-04-16 09:03:22 - [TEST_STEP][PASSED] - verifyTextPresent("If you are considering employing a particular company but cannot find them in our list of members", false): Text 'If you are considering employing a particular company but cannot find them in our list of members' is present on page 

2020-04-16 09:03:22 - [MESSAGE][PASSED] - Text 'If you are considering employing a particular company but cannot find them in our list of members' is present on page 

2020-04-16 09:03:22 - [TEST_STEP][PASSED] - verifyTextPresent("it may be because they are not a member of Checkatrade", false): Text 'it may be because they are not a member of Checkatrade' is present on page 

2020-04-16 09:03:22 - [MESSAGE][PASSED] - Text 'it may be because they are not a member of Checkatrade' is present on page 

2020-04-16 09:03:22 - [TEST_STEP][PASSED] - verifyTextPresent("If you would like to recommend a company to us, please give your feedback", false): Text 'If you would like to recommend a company to us, please give your feedback' is present on page 

2020-04-16 09:03:22 - [MESSAGE][PASSED] - Text 'If you would like to recommend a company to us, please give your feedback' is present on page 

2020-04-16 09:03:22 - [TEST_STEP][PASSED] - verifyTextPresent("If you would like help searching for a company, please call 0333 0146 190", false): Text 'If you would like help searching for a company, please call 0333 0146 190' is present on page 

2020-04-16 09:03:22 - [MESSAGE][PASSED] - Text 'If you would like help searching for a company, please call 0333 0146 190' is present on page 

2020-04-16 09:03:22 - [TEST_STEP][PASSED] - "----------------------------------------": null

2020-04-16 09:03:22 - [TEST_STEP][PASSED] - "----------------------------------------": null

2020-04-16 09:03:22 - [TEST_STEP][PASSED] - "Give Feedback Link NOT CHECKED Here     |": null

2020-04-16 09:03:22 - [TEST_STEP][PASSED] - System.gc(): null

2020-04-16 09:03:22 - [MESSAGE][PASSED] - Call Test Case 'Test Cases/Reusable_Test_Sequences/CAT_Search_Tradename_Not_Returned' successfully

2020-04-16 09:03:22 - [TEST_STEP][PASSED] - "--------------------------": null

2020-04-16 09:03:22 - [TEST_STEP][PASSED] - " Teardown - CLose Browser |": null

2020-04-16 09:03:22 - [TEST_STEP][PASSED] - callTestCase(findTestCase("Reusable_Test_Sequences/CAT_Teardown"), [:], OPTIONAL): Call Test Case 'Test Cases/Reusable_Test_Sequences/CAT_Teardown' successfully

2020-04-16 09:03:22 - [TEST_CASE][PASSED] - Test Cases/Reusable_Test_Sequences/CAT_Teardown: Test Cases/Reusable_Test_Sequences/CAT_Teardown

2020-04-16 09:03:22 - [TEST_STEP][PASSED] - closeBrowser(): Browser is closed

2020-04-16 09:03:23 - [MESSAGE][PASSED] - Browser is closed

2020-04-16 09:03:23 - [TEST_STEP][PASSED] - super.finalize(): null

2020-04-16 09:03:23 - [TEST_STEP][PASSED] - System.gc(): null

2020-04-16 09:03:23 - [MESSAGE][PASSED] - Call Test Case 'Test Cases/Reusable_Test_Sequences/CAT_Teardown' successfully

2020-04-16 09:03:23 - [TEST_STEP][PASSED] - callTestCase(findTestCase("Reusable_Test_Sequences/CAT_Setup"), [:], STOP_ON_FAILURE): Call Test Case 'Test Cases/Reusable_Test_Sequences/CAT_Setup' successfully

2020-04-16 09:03:23 - [TEST_CASE][PASSED] - Test Cases/Reusable_Test_Sequences/CAT_Setup: Test Cases/Reusable_Test_Sequences/CAT_Setup

2020-04-16 09:03:23 - [TEST_STEP][PASSED] - "------------------------------": null

2020-04-16 09:03:23 - [TEST_STEP][PASSED] - " Set Mobile Device Testing    |": null

2020-04-16 09:03:23 - [TEST_STEP][PASSED] - if (Mobile_Flag == "true"): null

2020-04-16 09:03:23 - [TEST_STEP][PASSED] - "------------------------------": null

2020-04-16 09:03:23 - [TEST_STEP][PASSED] - " Set Mobile Device Testing    |": null

2020-04-16 09:03:23 - [TEST_STEP][PASSED] - "------------------------------": null

2020-04-16 09:03:23 - [TEST_STEP][PASSED] - "URL - Set from the ENVIRONMENT PROFILE ": null

2020-04-16 09:03:23 - [TEST_STEP][PASSED] - openBrowser(URL): Browser is opened with url: 'https://www.preview.checkatrade.com/'

2020-04-16 09:03:23 - [MESSAGE][INFO] - Starting 'Chrome' driver

2020-04-16 09:03:23 - [MESSAGE][INFO] - Action delay is set to 0 milliseconds

2020-04-16 09:03:28 - [MESSAGE][PASSED] - Browser is opened with url: 'https://www.preview.checkatrade.com/'

2020-04-16 09:03:28 - [TEST_STEP][PASSED] - maximizeWindow(): Current window maximized

2020-04-16 09:03:30 - [MESSAGE][PASSED] - Current window maximized

2020-04-16 09:03:30 - [TEST_STEP][PASSED] - waitForPageLoad(60): Wait for page load successfully

2020-04-16 09:03:30 - [MESSAGE][PASSED] - Wait for page load successfully

2020-04-16 09:03:30 - [TEST_STEP][PASSED] - "Previous Functionalilty Left Commented For Ease Of reversion": null

2020-04-16 09:03:30 - [TEST_STEP][PASSED] - " Katalon Try/Catches currently have issues? SEE HEADER": null

2020-04-16 09:03:30 - [TEST_STEP][PASSED] - try: Text 'Cookie Policy' is not present on page

2020-04-16 09:03:30 - [TEST_STEP][PASSED] - verifyElementPresent(findTestObject("Object Repository/Cookies/Page_Checkatrade Find a tradesperson you can trust/button_Accept All"), 5, OPTIONAL): Object 'Object Repository/Cookies/Page_Checkatrade Find a tradesperson you can trust/button_Accept All' is present

2020-04-16 09:03:30 - [MESSAGE][PASSED] - Object 'Object Repository/Cookies/Page_Checkatrade Find a tradesperson you can trust/button_Accept All' is present

2020-04-16 09:03:30 - [TEST_STEP][PASSED] - click(findTestObject("Object Repository/Cookies/Page_Checkatrade Find a tradesperson you can trust/button_Accept All"), OPTIONAL): Object: 'Object Repository/Cookies/Page_Checkatrade Find a tradesperson you can trust/button_Accept All' is clicked on

2020-04-16 09:03:31 - [MESSAGE][PASSED] - Object: 'Object Repository/Cookies/Page_Checkatrade Find a tradesperson you can trust/button_Accept All' is clicked on

2020-04-16 09:03:31 - [TEST_STEP][PASSED] - "---------------------------------": null

2020-04-16 09:03:31 - [TEST_STEP][PASSED] - "COOKIE POPOUT REMOVED - Confirmed": null

2020-04-16 09:03:31 - [TEST_STEP][PASSED] - delay(1): Delayed 1 second(s)

2020-04-16 09:03:32 - [MESSAGE][PASSED] - Delayed 1 second(s)

2020-04-16 09:03:32 - [TEST_STEP][PASSED] - verifyTextNotPresent("We use cookies to personalise content and ads, to provide social media features and to analyse our traffic", false): Text 'We use cookies to personalise content and ads, to provide social media features and to analyse our traffic' is not present on page

2020-04-16 09:03:32 - [MESSAGE][PASSED] - Text 'We use cookies to personalise content and ads, to provide social media features and to analyse our traffic' is not present on page

2020-04-16 09:03:32 - [TEST_STEP][PASSED] - verifyTextNotPresent(" We also share information about your use of our site with our social media, advertising and analytics partners", false): Text ' We also share information about your use of our site with our social media, advertising and analytics partners' is not present on page

2020-04-16 09:03:32 - [MESSAGE][PASSED] - Text ' We also share information about your use of our site with our social media, advertising and analytics partners' is not present on page

2020-04-16 09:03:32 - [TEST_STEP][PASSED] - verifyTextNotPresent("Cookie Policy", false): Text 'Cookie Policy' is not present on page

2020-04-16 09:03:32 - [MESSAGE][PASSED] - Text 'Cookie Policy' is not present on page

2020-04-16 09:03:32 - [TEST_STEP][PASSED] - waitForPageLoad(60): Wait for page load successfully

2020-04-16 09:03:32 - [MESSAGE][PASSED] - Wait for page load successfully

2020-04-16 09:03:32 - [TEST_STEP][PASSED] - "COOKIE - ORIGINAL": null

2020-04-16 09:03:32 - [TEST_STEP][PASSED] - if (waitForElementVisible(findTestObject("Object Repository/Feedback/Page_Checkatrade Give your feedback/input_Member_to_Review"), 5)): Web element with id: 'Object Repository/Feedback/Page_Checkatrade Give your feedback/input_Member_to_Review' located by 'By.xpath: //input[@id='feedback-form__company_autocomplete_input']' not found

2020-04-16 09:03:38 - [MESSAGE][INFO] - Unable to find the element located by 'By.xpath: //input[@id='feedback-form__company_autocomplete_input']'. Please recheck the objects properties to make sure the desired element is located. 

2020-04-16 09:03:38 - [MESSAGE][WARNING] - Web element with id: 'Object Repository/Feedback/Page_Checkatrade Give your feedback/input_Member_to_Review' located by 'By.xpath: //input[@id='feedback-form__company_autocomplete_input']' not found

2020-04-16 09:03:38 - [TEST_STEP][PASSED] - else: The <<<OLD>>> Website was detected by the STARTUP Process

2020-04-16 09:03:38 - [TEST_STEP][PASSED] - if (!(verifyElementVisible(findTestObject("Object Repository/Checkatrade_Trade_Search_Page/Page_Checkatrade Find a tradesperson you can trust/input_Search_Button_FF")))): Object 'Object Repository/Checkatrade_Trade_Search_Page/Page_Checkatrade Find a tradesperson you can trust/input_Search_Button_FF' is visible

2020-04-16 09:03:38 - [MESSAGE][PASSED] - Object 'Object Repository/Checkatrade_Trade_Search_Page/Page_Checkatrade Find a tradesperson you can trust/input_Search_Button_FF' is visible

2020-04-16 09:03:38 - [TEST_STEP][PASSED] - else: The <<<OLD>>> Website was detected by the STARTUP Process

2020-04-16 09:03:38 - [TEST_STEP][PASSED] - Website_Version = "old": null

2020-04-16 09:03:38 - [TEST_STEP][PASSED] - logInfo("The <<<OLD>>> Website was detected by the STARTUP Process"): The <<<OLD>>> Website was detected by the STARTUP Process

2020-04-16 09:03:38 - [MESSAGE][INFO] - The <<<OLD>>> Website was detected by the STARTUP Process

2020-04-16 09:03:38 - [MESSAGE][PASSED] - Call Test Case 'Test Cases/Reusable_Test_Sequences/CAT_Setup' successfully

2020-04-16 09:03:38 - [TEST_STEP][PASSED] - " Home Page validation Checks after COOKIE Dispelled": null

2020-04-16 09:03:38 - [TEST_STEP][PASSED] - "---------------------------------------------------------------------": null

2020-04-16 09:03:38 - [TEST_STEP][PASSED] - " Select Search on Trader Name (or ID) From Home page/Search Screen   |": null

2020-04-16 09:03:38 - [TEST_STEP][PASSED] - callTestCase(findTestCase("Reusable_Test_Sequences/CAT_Click_Search_Trade_Name"), [:], STOP_ON_FAILURE): Call Test Case 'Test Cases/Reusable_Test_Sequences/CAT_Click_Search_Trade_Name' successfully

2020-04-16 09:03:38 - [TEST_CASE][PASSED] - Test Cases/Reusable_Test_Sequences/CAT_Click_Search_Trade_Name: Test Cases/Reusable_Test_Sequences/CAT_Click_Search_Trade_Name

2020-04-16 09:03:38 - [TEST_STEP][PASSED] - waitForPageLoad(60): Wait for page load successfully

2020-04-16 09:03:38 - [MESSAGE][PASSED] - Wait for page load successfully

2020-04-16 09:03:38 - [TEST_STEP][PASSED] - if (Website_Version != "new"): Object: 'Object Repository/Page_Checkatrade Find a tradesperson you can trust/a_or look up a member by name' is clicked on

2020-04-16 09:03:38 - [TEST_STEP][PASSED] - waitForElementClickable(findTestObject("Object Repository/Page_Checkatrade Find a tradesperson you can trust/a_or look up a member by name"), 5): Object 'Object Repository/Page_Checkatrade Find a tradesperson you can trust/a_or look up a member by name' is clickable

2020-04-16 09:03:38 - [MESSAGE][PASSED] - Object 'Object Repository/Page_Checkatrade Find a tradesperson you can trust/a_or look up a member by name' is clickable

2020-04-16 09:03:38 - [TEST_STEP][PASSED] - click(findTestObject("Object Repository/Page_Checkatrade Find a tradesperson you can trust/a_or look up a member by name")): Object: 'Object Repository/Page_Checkatrade Find a tradesperson you can trust/a_or look up a member by name' is clicked on

2020-04-16 09:03:38 - [MESSAGE][PASSED] - Object: 'Object Repository/Page_Checkatrade Find a tradesperson you can trust/a_or look up a member by name' is clicked on

2020-04-16 09:03:38 - [TEST_STEP][PASSED] - if (Website_Version != "old"): null

2020-04-16 09:03:38 - [TEST_STEP][PASSED] - waitForPageLoad(60): Wait for page load successfully

2020-04-16 09:03:38 - [MESSAGE][PASSED] - Wait for page load successfully

2020-04-16 09:03:38 - [MESSAGE][PASSED] - Call Test Case 'Test Cases/Reusable_Test_Sequences/CAT_Click_Search_Trade_Name' successfully

2020-04-16 09:03:38 - [TEST_STEP][PASSED] - "---------------------------------------": null

2020-04-16 09:03:38 - [TEST_STEP][PASSED] - " Enter Trader Name (or ID) to Search   |": null

2020-04-16 09:03:38 - [TEST_STEP][PASSED] - callTestCase(findTestCase("Reusable_Test_Sequences/CAT_Enter_Trade_Name_NEG"), [:], STOP_ON_FAILURE): Call Test Case 'Test Cases/Reusable_Test_Sequences/CAT_Enter_Trade_Name_NEG' successfully

2020-04-16 09:03:38 - [TEST_CASE][PASSED] - Test Cases/Reusable_Test_Sequences/CAT_Enter_Trade_Name_NEG: Test Cases/Reusable_Test_Sequences/CAT_Enter_Trade_Name_NEG

2020-04-16 09:03:38 - [TEST_STEP][PASSED] - if (Website_Version != "new"): Text '000000' is set on object 'Object Repository/Page_Checkatrade Find a tradesperson you can trust/Trader_Name_To_Search'

2020-04-16 09:03:38 - [TEST_STEP][PASSED] - waitForElementClickable(findTestObject("Object Repository/Page_Checkatrade Find a tradesperson you can trust/Trader_Name_To_Search"), 5): Object 'Object Repository/Page_Checkatrade Find a tradesperson you can trust/Trader_Name_To_Search' is clickable

2020-04-16 09:03:38 - [MESSAGE][PASSED] - Object 'Object Repository/Page_Checkatrade Find a tradesperson you can trust/Trader_Name_To_Search' is clickable

2020-04-16 09:03:38 - [TEST_STEP][PASSED] - setText(findTestObject("Object Repository/Page_Checkatrade Find a tradesperson you can trust/Trader_Name_To_Search"), findTestData("Search_CAT_ID_Data_NEG").getValue("tradeName", row)): Text '000000' is set on object 'Object Repository/Page_Checkatrade Find a tradesperson you can trust/Trader_Name_To_Search'

2020-04-16 09:03:38 - [MESSAGE][PASSED] - Text '000000' is set on object 'Object Repository/Page_Checkatrade Find a tradesperson you can trust/Trader_Name_To_Search'

2020-04-16 09:03:38 - [MESSAGE][PASSED] - Call Test Case 'Test Cases/Reusable_Test_Sequences/CAT_Enter_Trade_Name_NEG' successfully

2020-04-16 09:03:38 - [TEST_STEP][PASSED] - "---------------------------------------": null

2020-04-16 09:03:38 - [TEST_STEP][PASSED] - " Search Trader Name (or ID)            |": null

2020-04-16 09:03:38 - [TEST_STEP][PASSED] - "---------------------------------------": null

2020-04-16 09:03:38 - [TEST_STEP][PASSED] - "---------------------------------------": null

2020-04-16 09:03:38 - [TEST_STEP][PASSED] - " Expected ERROR Reported               |": null

2020-04-16 09:03:38 - [TEST_STEP][PASSED] - callTestCase(findTestCase("Reusable_Test_Sequences/CAT_Search_Tradename_Not_Returned"), [:], CONTINUE_ON_FAILURE): Call Test Case 'Test Cases/Reusable_Test_Sequences/CAT_Search_Tradename_Not_Returned' successfully

2020-04-16 09:03:39 - [TEST_CASE][PASSED] - Test Cases/Reusable_Test_Sequences/CAT_Search_Tradename_Not_Returned: Test Cases/Reusable_Test_Sequences/CAT_Search_Tradename_Not_Returned

2020-04-16 09:03:39 - [TEST_STEP][PASSED] - "For later Extension": null

2020-04-16 09:03:39 - [TEST_STEP][PASSED] - "--------------------------------": null

2020-04-16 09:03:39 - [TEST_STEP][PASSED] - " Verify Sorry and Not Here Link |": null

2020-04-16 09:03:39 - [TEST_STEP][PASSED] - delay(1): Delayed 1 second(s)

2020-04-16 09:03:40 - [MESSAGE][PASSED] - Delayed 1 second(s)

2020-04-16 09:03:40 - [TEST_STEP][PASSED] - waitForPageLoad(60): Wait for page load successfully

2020-04-16 09:03:40 - [MESSAGE][PASSED] - Wait for page load successfully

2020-04-16 09:03:40 - [TEST_STEP][PASSED] - verifyElementPresent(findTestObject("Page_Checkatrade Find a tradesperson you can trust/a_or look up a member by name"), 10): Object 'Object Repository/Page_Checkatrade Find a tradesperson you can trust/a_or look up a member by name' is present

2020-04-16 09:03:40 - [MESSAGE][PASSED] - Object 'Object Repository/Page_Checkatrade Find a tradesperson you can trust/a_or look up a member by name' is present

2020-04-16 09:03:40 - [TEST_STEP][PASSED] - verifyTextPresent("Sorry, no results found", false): Text 'Sorry, no results found' is present on page 

2020-04-16 09:03:40 - [MESSAGE][PASSED] - Text 'Sorry, no results found' is present on page 

2020-04-16 09:03:40 - [TEST_STEP][PASSED] - verifyTextPresent("Not here", false): Text 'Not here' is present on page 

2020-04-16 09:03:40 - [MESSAGE][PASSED] - Text 'Not here' is present on page 

2020-04-16 09:03:40 - [TEST_STEP][PASSED] - "--------------------------------": null

2020-04-16 09:03:40 - [TEST_STEP][PASSED] - " Navigate Not Here Link         |": null

2020-04-16 09:03:40 - [TEST_STEP][PASSED] - waitForElementClickable(findTestObject("Object Repository/Page_Checkatrade Find a tradesperson you can trust/a_Not here"), 10): Object 'Object Repository/Page_Checkatrade Find a tradesperson you can trust/a_Not here' is clickable

2020-04-16 09:03:40 - [MESSAGE][PASSED] - Object 'Object Repository/Page_Checkatrade Find a tradesperson you can trust/a_Not here' is clickable

2020-04-16 09:03:40 - [TEST_STEP][PASSED] - click(findTestObject("Object Repository/Page_Checkatrade Find a tradesperson you can trust/a_Not here")): Object: 'Object Repository/Page_Checkatrade Find a tradesperson you can trust/a_Not here' is clicked on

2020-04-16 09:03:41 - [MESSAGE][PASSED] - Object: 'Object Repository/Page_Checkatrade Find a tradesperson you can trust/a_Not here' is clicked on

2020-04-16 09:03:41 - [TEST_STEP][PASSED] - "--------------------------------": null

2020-04-16 09:03:41 - [TEST_STEP][PASSED] - " Verify Returned Page           |": null

2020-04-16 09:03:41 - [TEST_STEP][PASSED] - "--------------------------------": null

2020-04-16 09:03:41 - [TEST_STEP][PASSED] - delay(3): Delayed 3 second(s)

2020-04-16 09:03:44 - [MESSAGE][PASSED] - Delayed 3 second(s)

2020-04-16 09:03:44 - [TEST_STEP][PASSED] - waitForPageLoad(60): Wait for page load successfully

2020-04-16 09:03:44 - [MESSAGE][PASSED] - Wait for page load successfully

2020-04-16 09:03:44 - [TEST_STEP][PASSED] - waitForElementClickable(findTestObject("Object Repository/Page_Checkatrade Find a tradesperson you can trust/link_Give_Your_Feedback"), 25): Object 'Object Repository/Page_Checkatrade Find a tradesperson you can trust/link_Give_Your_Feedback' is clickable

2020-04-16 09:03:44 - [MESSAGE][PASSED] - Object 'Object Repository/Page_Checkatrade Find a tradesperson you can trust/link_Give_Your_Feedback' is clickable

2020-04-16 09:03:44 - [TEST_STEP][PASSED] - verifyTextPresent("Company not listed?", false): Text 'Company not listed?' is present on page 

2020-04-16 09:03:44 - [MESSAGE][PASSED] - Text 'Company not listed?' is present on page 

2020-04-16 09:03:44 - [TEST_STEP][PASSED] - verifyTextPresent("If you are considering employing a particular company but cannot find them in our list of members", false): Text 'If you are considering employing a particular company but cannot find them in our list of members' is present on page 

2020-04-16 09:03:44 - [MESSAGE][PASSED] - Text 'If you are considering employing a particular company but cannot find them in our list of members' is present on page 

2020-04-16 09:03:44 - [TEST_STEP][PASSED] - verifyTextPresent("it may be because they are not a member of Checkatrade", false): Text 'it may be because they are not a member of Checkatrade' is present on page 

2020-04-16 09:03:44 - [MESSAGE][PASSED] - Text 'it may be because they are not a member of Checkatrade' is present on page 

2020-04-16 09:03:44 - [TEST_STEP][PASSED] - verifyTextPresent("If you would like to recommend a company to us, please give your feedback", false): Text 'If you would like to recommend a company to us, please give your feedback' is present on page 

2020-04-16 09:03:44 - [MESSAGE][PASSED] - Text 'If you would like to recommend a company to us, please give your feedback' is present on page 

2020-04-16 09:03:44 - [TEST_STEP][PASSED] - verifyTextPresent("If you would like help searching for a company, please call 0333 0146 190", false): Text 'If you would like help searching for a company, please call 0333 0146 190' is present on page 

2020-04-16 09:03:44 - [MESSAGE][PASSED] - Text 'If you would like help searching for a company, please call 0333 0146 190' is present on page 

2020-04-16 09:03:44 - [TEST_STEP][PASSED] - "----------------------------------------": null

2020-04-16 09:03:44 - [TEST_STEP][PASSED] - "----------------------------------------": null

2020-04-16 09:03:44 - [TEST_STEP][PASSED] - "Give Feedback Link NOT CHECKED Here     |": null

2020-04-16 09:03:44 - [TEST_STEP][PASSED] - System.gc(): null

2020-04-16 09:03:44 - [MESSAGE][PASSED] - Call Test Case 'Test Cases/Reusable_Test_Sequences/CAT_Search_Tradename_Not_Returned' successfully

2020-04-16 09:03:44 - [TEST_STEP][PASSED] - "--------------------------": null

2020-04-16 09:03:44 - [TEST_STEP][PASSED] - " Teardown - CLose Browser |": null

2020-04-16 09:03:44 - [TEST_STEP][PASSED] - callTestCase(findTestCase("Reusable_Test_Sequences/CAT_Teardown"), [:], OPTIONAL): Call Test Case 'Test Cases/Reusable_Test_Sequences/CAT_Teardown' successfully

2020-04-16 09:03:44 - [TEST_CASE][PASSED] - Test Cases/Reusable_Test_Sequences/CAT_Teardown: Test Cases/Reusable_Test_Sequences/CAT_Teardown

2020-04-16 09:03:45 - [TEST_STEP][PASSED] - closeBrowser(): Browser is closed

2020-04-16 09:03:45 - [MESSAGE][PASSED] - Browser is closed

2020-04-16 09:03:45 - [TEST_STEP][PASSED] - super.finalize(): null

2020-04-16 09:03:45 - [TEST_STEP][PASSED] - System.gc(): null

2020-04-16 09:03:45 - [MESSAGE][PASSED] - Call Test Case 'Test Cases/Reusable_Test_Sequences/CAT_Teardown' successfully

2020-04-16 09:03:45 - [TEST_STEP][PASSED] - callTestCase(findTestCase("Reusable_Test_Sequences/CAT_Setup"), [:], STOP_ON_FAILURE): Call Test Case 'Test Cases/Reusable_Test_Sequences/CAT_Setup' successfully

2020-04-16 09:03:45 - [TEST_CASE][PASSED] - Test Cases/Reusable_Test_Sequences/CAT_Setup: Test Cases/Reusable_Test_Sequences/CAT_Setup

2020-04-16 09:03:45 - [TEST_STEP][PASSED] - "------------------------------": null

2020-04-16 09:03:45 - [TEST_STEP][PASSED] - " Set Mobile Device Testing    |": null

2020-04-16 09:03:45 - [TEST_STEP][PASSED] - if (Mobile_Flag == "true"): null

2020-04-16 09:03:45 - [TEST_STEP][PASSED] - "------------------------------": null

2020-04-16 09:03:45 - [TEST_STEP][PASSED] - " Set Mobile Device Testing    |": null

2020-04-16 09:03:45 - [TEST_STEP][PASSED] - "------------------------------": null

2020-04-16 09:03:45 - [TEST_STEP][PASSED] - "URL - Set from the ENVIRONMENT PROFILE ": null

2020-04-16 09:03:45 - [TEST_STEP][PASSED] - openBrowser(URL): Browser is opened with url: 'https://www.preview.checkatrade.com/'

2020-04-16 09:03:45 - [MESSAGE][INFO] - Starting 'Chrome' driver

2020-04-16 09:03:45 - [MESSAGE][INFO] - Action delay is set to 0 milliseconds

2020-04-16 09:03:51 - [MESSAGE][PASSED] - Browser is opened with url: 'https://www.preview.checkatrade.com/'

2020-04-16 09:03:51 - [TEST_STEP][PASSED] - maximizeWindow(): Current window maximized

2020-04-16 09:03:53 - [MESSAGE][PASSED] - Current window maximized

2020-04-16 09:03:53 - [TEST_STEP][PASSED] - waitForPageLoad(60): Wait for page load successfully

2020-04-16 09:03:53 - [MESSAGE][PASSED] - Wait for page load successfully

2020-04-16 09:03:53 - [TEST_STEP][PASSED] - "Previous Functionalilty Left Commented For Ease Of reversion": null

2020-04-16 09:03:53 - [TEST_STEP][PASSED] - " Katalon Try/Catches currently have issues? SEE HEADER": null

2020-04-16 09:03:53 - [TEST_STEP][PASSED] - try: Text 'Cookie Policy' is not present on page

2020-04-16 09:03:53 - [TEST_STEP][PASSED] - verifyElementPresent(findTestObject("Object Repository/Cookies/Page_Checkatrade Find a tradesperson you can trust/button_Accept All"), 5, OPTIONAL): Object 'Object Repository/Cookies/Page_Checkatrade Find a tradesperson you can trust/button_Accept All' is present

2020-04-16 09:03:53 - [MESSAGE][PASSED] - Object 'Object Repository/Cookies/Page_Checkatrade Find a tradesperson you can trust/button_Accept All' is present

2020-04-16 09:03:53 - [TEST_STEP][PASSED] - click(findTestObject("Object Repository/Cookies/Page_Checkatrade Find a tradesperson you can trust/button_Accept All"), OPTIONAL): Object: 'Object Repository/Cookies/Page_Checkatrade Find a tradesperson you can trust/button_Accept All' is clicked on

2020-04-16 09:03:53 - [MESSAGE][PASSED] - Object: 'Object Repository/Cookies/Page_Checkatrade Find a tradesperson you can trust/button_Accept All' is clicked on

2020-04-16 09:03:53 - [TEST_STEP][PASSED] - "---------------------------------": null

2020-04-16 09:03:53 - [TEST_STEP][PASSED] - "COOKIE POPOUT REMOVED - Confirmed": null

2020-04-16 09:03:53 - [TEST_STEP][PASSED] - delay(1): Delayed 1 second(s)

2020-04-16 09:03:54 - [MESSAGE][PASSED] - Delayed 1 second(s)

2020-04-16 09:03:54 - [TEST_STEP][PASSED] - verifyTextNotPresent("We use cookies to personalise content and ads, to provide social media features and to analyse our traffic", false): Text 'We use cookies to personalise content and ads, to provide social media features and to analyse our traffic' is not present on page

2020-04-16 09:03:55 - [MESSAGE][PASSED] - Text 'We use cookies to personalise content and ads, to provide social media features and to analyse our traffic' is not present on page

2020-04-16 09:03:55 - [TEST_STEP][PASSED] - verifyTextNotPresent(" We also share information about your use of our site with our social media, advertising and analytics partners", false): Text ' We also share information about your use of our site with our social media, advertising and analytics partners' is not present on page

2020-04-16 09:03:55 - [MESSAGE][PASSED] - Text ' We also share information about your use of our site with our social media, advertising and analytics partners' is not present on page

2020-04-16 09:03:55 - [TEST_STEP][PASSED] - verifyTextNotPresent("Cookie Policy", false): Text 'Cookie Policy' is not present on page

2020-04-16 09:03:55 - [MESSAGE][PASSED] - Text 'Cookie Policy' is not present on page

2020-04-16 09:03:55 - [TEST_STEP][PASSED] - waitForPageLoad(60): Wait for page load successfully

2020-04-16 09:03:55 - [MESSAGE][PASSED] - Wait for page load successfully

2020-04-16 09:03:55 - [TEST_STEP][PASSED] - "COOKIE - ORIGINAL": null

2020-04-16 09:03:55 - [TEST_STEP][PASSED] - if (waitForElementVisible(findTestObject("Object Repository/Feedback/Page_Checkatrade Give your feedback/input_Member_to_Review"), 5)): Web element with id: 'Object Repository/Feedback/Page_Checkatrade Give your feedback/input_Member_to_Review' located by 'By.xpath: //input[@id='feedback-form__company_autocomplete_input']' not found

2020-04-16 09:04:00 - [MESSAGE][INFO] - Unable to find the element located by 'By.xpath: //input[@id='feedback-form__company_autocomplete_input']'. Please recheck the objects properties to make sure the desired element is located. 

2020-04-16 09:04:00 - [MESSAGE][WARNING] - Web element with id: 'Object Repository/Feedback/Page_Checkatrade Give your feedback/input_Member_to_Review' located by 'By.xpath: //input[@id='feedback-form__company_autocomplete_input']' not found

2020-04-16 09:04:00 - [TEST_STEP][PASSED] - else: The <<<OLD>>> Website was detected by the STARTUP Process

2020-04-16 09:04:00 - [TEST_STEP][PASSED] - if (!(verifyElementVisible(findTestObject("Object Repository/Checkatrade_Trade_Search_Page/Page_Checkatrade Find a tradesperson you can trust/input_Search_Button_FF")))): Object 'Object Repository/Checkatrade_Trade_Search_Page/Page_Checkatrade Find a tradesperson you can trust/input_Search_Button_FF' is visible

2020-04-16 09:04:00 - [MESSAGE][PASSED] - Object 'Object Repository/Checkatrade_Trade_Search_Page/Page_Checkatrade Find a tradesperson you can trust/input_Search_Button_FF' is visible

2020-04-16 09:04:00 - [TEST_STEP][PASSED] - else: The <<<OLD>>> Website was detected by the STARTUP Process

2020-04-16 09:04:00 - [TEST_STEP][PASSED] - Website_Version = "old": null

2020-04-16 09:04:00 - [TEST_STEP][PASSED] - logInfo("The <<<OLD>>> Website was detected by the STARTUP Process"): The <<<OLD>>> Website was detected by the STARTUP Process

2020-04-16 09:04:00 - [MESSAGE][INFO] - The <<<OLD>>> Website was detected by the STARTUP Process

2020-04-16 09:04:00 - [MESSAGE][PASSED] - Call Test Case 'Test Cases/Reusable_Test_Sequences/CAT_Setup' successfully

2020-04-16 09:04:00 - [TEST_STEP][PASSED] - " Home Page validation Checks after COOKIE Dispelled": null

2020-04-16 09:04:00 - [TEST_STEP][PASSED] - "---------------------------------------------------------------------": null

2020-04-16 09:04:00 - [TEST_STEP][PASSED] - " Select Search on Trader Name (or ID) From Home page/Search Screen   |": null

2020-04-16 09:04:00 - [TEST_STEP][PASSED] - callTestCase(findTestCase("Reusable_Test_Sequences/CAT_Click_Search_Trade_Name"), [:], STOP_ON_FAILURE): Call Test Case 'Test Cases/Reusable_Test_Sequences/CAT_Click_Search_Trade_Name' successfully

2020-04-16 09:04:00 - [TEST_CASE][PASSED] - Test Cases/Reusable_Test_Sequences/CAT_Click_Search_Trade_Name: Test Cases/Reusable_Test_Sequences/CAT_Click_Search_Trade_Name

2020-04-16 09:04:00 - [TEST_STEP][PASSED] - waitForPageLoad(60): Wait for page load successfully

2020-04-16 09:04:00 - [MESSAGE][PASSED] - Wait for page load successfully

2020-04-16 09:04:00 - [TEST_STEP][PASSED] - if (Website_Version != "new"): Object: 'Object Repository/Page_Checkatrade Find a tradesperson you can trust/a_or look up a member by name' is clicked on

2020-04-16 09:04:00 - [TEST_STEP][PASSED] - waitForElementClickable(findTestObject("Object Repository/Page_Checkatrade Find a tradesperson you can trust/a_or look up a member by name"), 5): Object 'Object Repository/Page_Checkatrade Find a tradesperson you can trust/a_or look up a member by name' is clickable

2020-04-16 09:04:00 - [MESSAGE][PASSED] - Object 'Object Repository/Page_Checkatrade Find a tradesperson you can trust/a_or look up a member by name' is clickable

2020-04-16 09:04:00 - [TEST_STEP][PASSED] - click(findTestObject("Object Repository/Page_Checkatrade Find a tradesperson you can trust/a_or look up a member by name")): Object: 'Object Repository/Page_Checkatrade Find a tradesperson you can trust/a_or look up a member by name' is clicked on

2020-04-16 09:04:00 - [MESSAGE][PASSED] - Object: 'Object Repository/Page_Checkatrade Find a tradesperson you can trust/a_or look up a member by name' is clicked on

2020-04-16 09:04:00 - [TEST_STEP][PASSED] - if (Website_Version != "old"): null

2020-04-16 09:04:00 - [TEST_STEP][PASSED] - waitForPageLoad(60): Wait for page load successfully

2020-04-16 09:04:00 - [MESSAGE][PASSED] - Wait for page load successfully

2020-04-16 09:04:00 - [MESSAGE][PASSED] - Call Test Case 'Test Cases/Reusable_Test_Sequences/CAT_Click_Search_Trade_Name' successfully

2020-04-16 09:04:00 - [TEST_STEP][PASSED] - "---------------------------------------": null

2020-04-16 09:04:00 - [TEST_STEP][PASSED] - " Enter Trader Name (or ID) to Search   |": null

2020-04-16 09:04:00 - [TEST_STEP][PASSED] - callTestCase(findTestCase("Reusable_Test_Sequences/CAT_Enter_Trade_Name_NEG"), [:], STOP_ON_FAILURE): Call Test Case 'Test Cases/Reusable_Test_Sequences/CAT_Enter_Trade_Name_NEG' successfully

2020-04-16 09:04:00 - [TEST_CASE][PASSED] - Test Cases/Reusable_Test_Sequences/CAT_Enter_Trade_Name_NEG: Test Cases/Reusable_Test_Sequences/CAT_Enter_Trade_Name_NEG

2020-04-16 09:04:00 - [TEST_STEP][PASSED] - if (Website_Version != "new"): Text 'oooooo' is set on object 'Object Repository/Page_Checkatrade Find a tradesperson you can trust/Trader_Name_To_Search'

2020-04-16 09:04:01 - [TEST_STEP][PASSED] - waitForElementClickable(findTestObject("Object Repository/Page_Checkatrade Find a tradesperson you can trust/Trader_Name_To_Search"), 5): Object 'Object Repository/Page_Checkatrade Find a tradesperson you can trust/Trader_Name_To_Search' is clickable

2020-04-16 09:04:01 - [MESSAGE][PASSED] - Object 'Object Repository/Page_Checkatrade Find a tradesperson you can trust/Trader_Name_To_Search' is clickable

2020-04-16 09:04:01 - [TEST_STEP][PASSED] - setText(findTestObject("Object Repository/Page_Checkatrade Find a tradesperson you can trust/Trader_Name_To_Search"), findTestData("Search_CAT_ID_Data_NEG").getValue("tradeName", row)): Text 'oooooo' is set on object 'Object Repository/Page_Checkatrade Find a tradesperson you can trust/Trader_Name_To_Search'

2020-04-16 09:04:01 - [MESSAGE][PASSED] - Text 'oooooo' is set on object 'Object Repository/Page_Checkatrade Find a tradesperson you can trust/Trader_Name_To_Search'

2020-04-16 09:04:01 - [MESSAGE][PASSED] - Call Test Case 'Test Cases/Reusable_Test_Sequences/CAT_Enter_Trade_Name_NEG' successfully

2020-04-16 09:04:01 - [TEST_STEP][PASSED] - "---------------------------------------": null

2020-04-16 09:04:01 - [TEST_STEP][PASSED] - " Search Trader Name (or ID)            |": null

2020-04-16 09:04:01 - [TEST_STEP][PASSED] - "---------------------------------------": null

2020-04-16 09:04:01 - [TEST_STEP][PASSED] - "---------------------------------------": null

2020-04-16 09:04:01 - [TEST_STEP][PASSED] - " Expected ERROR Reported               |": null

2020-04-16 09:04:01 - [TEST_STEP][PASSED] - callTestCase(findTestCase("Reusable_Test_Sequences/CAT_Search_Tradename_Not_Returned"), [:], CONTINUE_ON_FAILURE): Call Test Case 'Test Cases/Reusable_Test_Sequences/CAT_Search_Tradename_Not_Returned' successfully

2020-04-16 09:04:01 - [TEST_CASE][PASSED] - Test Cases/Reusable_Test_Sequences/CAT_Search_Tradename_Not_Returned: Test Cases/Reusable_Test_Sequences/CAT_Search_Tradename_Not_Returned

2020-04-16 09:04:01 - [TEST_STEP][PASSED] - "For later Extension": null

2020-04-16 09:04:01 - [TEST_STEP][PASSED] - "--------------------------------": null

2020-04-16 09:04:01 - [TEST_STEP][PASSED] - " Verify Sorry and Not Here Link |": null

2020-04-16 09:04:01 - [TEST_STEP][PASSED] - delay(1): Delayed 1 second(s)

2020-04-16 09:04:02 - [MESSAGE][PASSED] - Delayed 1 second(s)

2020-04-16 09:04:02 - [TEST_STEP][PASSED] - waitForPageLoad(60): Wait for page load successfully

2020-04-16 09:04:02 - [MESSAGE][PASSED] - Wait for page load successfully

2020-04-16 09:04:02 - [TEST_STEP][PASSED] - verifyElementPresent(findTestObject("Page_Checkatrade Find a tradesperson you can trust/a_or look up a member by name"), 10): Object 'Object Repository/Page_Checkatrade Find a tradesperson you can trust/a_or look up a member by name' is present

2020-04-16 09:04:02 - [MESSAGE][PASSED] - Object 'Object Repository/Page_Checkatrade Find a tradesperson you can trust/a_or look up a member by name' is present

2020-04-16 09:04:02 - [TEST_STEP][PASSED] - verifyTextPresent("Sorry, no results found", false): Text 'Sorry, no results found' is present on page 

2020-04-16 09:04:02 - [MESSAGE][PASSED] - Text 'Sorry, no results found' is present on page 

2020-04-16 09:04:02 - [TEST_STEP][PASSED] - verifyTextPresent("Not here", false): Text 'Not here' is present on page 

2020-04-16 09:04:02 - [MESSAGE][PASSED] - Text 'Not here' is present on page 

2020-04-16 09:04:02 - [TEST_STEP][PASSED] - "--------------------------------": null

2020-04-16 09:04:02 - [TEST_STEP][PASSED] - " Navigate Not Here Link         |": null

2020-04-16 09:04:02 - [TEST_STEP][PASSED] - waitForElementClickable(findTestObject("Object Repository/Page_Checkatrade Find a tradesperson you can trust/a_Not here"), 10): Object 'Object Repository/Page_Checkatrade Find a tradesperson you can trust/a_Not here' is clickable

2020-04-16 09:04:02 - [MESSAGE][PASSED] - Object 'Object Repository/Page_Checkatrade Find a tradesperson you can trust/a_Not here' is clickable

2020-04-16 09:04:02 - [TEST_STEP][PASSED] - click(findTestObject("Object Repository/Page_Checkatrade Find a tradesperson you can trust/a_Not here")): Object: 'Object Repository/Page_Checkatrade Find a tradesperson you can trust/a_Not here' is clicked on

2020-04-16 09:04:03 - [MESSAGE][PASSED] - Object: 'Object Repository/Page_Checkatrade Find a tradesperson you can trust/a_Not here' is clicked on

2020-04-16 09:04:03 - [TEST_STEP][PASSED] - "--------------------------------": null

2020-04-16 09:04:03 - [TEST_STEP][PASSED] - " Verify Returned Page           |": null

2020-04-16 09:04:03 - [TEST_STEP][PASSED] - "--------------------------------": null

2020-04-16 09:04:03 - [TEST_STEP][PASSED] - delay(3): Delayed 3 second(s)

2020-04-16 09:04:06 - [MESSAGE][PASSED] - Delayed 3 second(s)

2020-04-16 09:04:06 - [TEST_STEP][PASSED] - waitForPageLoad(60): Wait for page load successfully

2020-04-16 09:04:06 - [MESSAGE][PASSED] - Wait for page load successfully

2020-04-16 09:04:06 - [TEST_STEP][PASSED] - waitForElementClickable(findTestObject("Object Repository/Page_Checkatrade Find a tradesperson you can trust/link_Give_Your_Feedback"), 25): Object 'Object Repository/Page_Checkatrade Find a tradesperson you can trust/link_Give_Your_Feedback' is clickable

2020-04-16 09:04:06 - [MESSAGE][PASSED] - Object 'Object Repository/Page_Checkatrade Find a tradesperson you can trust/link_Give_Your_Feedback' is clickable

2020-04-16 09:04:06 - [TEST_STEP][PASSED] - verifyTextPresent("Company not listed?", false): Text 'Company not listed?' is present on page 

2020-04-16 09:04:06 - [MESSAGE][PASSED] - Text 'Company not listed?' is present on page 

2020-04-16 09:04:06 - [TEST_STEP][PASSED] - verifyTextPresent("If you are considering employing a particular company but cannot find them in our list of members", false): Text 'If you are considering employing a particular company but cannot find them in our list of members' is present on page 

2020-04-16 09:04:06 - [MESSAGE][PASSED] - Text 'If you are considering employing a particular company but cannot find them in our list of members' is present on page 

2020-04-16 09:04:06 - [TEST_STEP][PASSED] - verifyTextPresent("it may be because they are not a member of Checkatrade", false): Text 'it may be because they are not a member of Checkatrade' is present on page 

2020-04-16 09:04:06 - [MESSAGE][PASSED] - Text 'it may be because they are not a member of Checkatrade' is present on page 

2020-04-16 09:04:06 - [TEST_STEP][PASSED] - verifyTextPresent("If you would like to recommend a company to us, please give your feedback", false): Text 'If you would like to recommend a company to us, please give your feedback' is present on page 

2020-04-16 09:04:07 - [MESSAGE][PASSED] - Text 'If you would like to recommend a company to us, please give your feedback' is present on page 

2020-04-16 09:04:07 - [TEST_STEP][PASSED] - verifyTextPresent("If you would like help searching for a company, please call 0333 0146 190", false): Text 'If you would like help searching for a company, please call 0333 0146 190' is present on page 

2020-04-16 09:04:07 - [MESSAGE][PASSED] - Text 'If you would like help searching for a company, please call 0333 0146 190' is present on page 

2020-04-16 09:04:07 - [TEST_STEP][PASSED] - "----------------------------------------": null

2020-04-16 09:04:07 - [TEST_STEP][PASSED] - "----------------------------------------": null

2020-04-16 09:04:07 - [TEST_STEP][PASSED] - "Give Feedback Link NOT CHECKED Here     |": null

2020-04-16 09:04:07 - [TEST_STEP][PASSED] - System.gc(): null

2020-04-16 09:04:07 - [MESSAGE][PASSED] - Call Test Case 'Test Cases/Reusable_Test_Sequences/CAT_Search_Tradename_Not_Returned' successfully

2020-04-16 09:04:07 - [TEST_STEP][PASSED] - "--------------------------": null

2020-04-16 09:04:07 - [TEST_STEP][PASSED] - " Teardown - CLose Browser |": null

2020-04-16 09:04:07 - [TEST_STEP][PASSED] - callTestCase(findTestCase("Reusable_Test_Sequences/CAT_Teardown"), [:], OPTIONAL): Call Test Case 'Test Cases/Reusable_Test_Sequences/CAT_Teardown' successfully

2020-04-16 09:04:07 - [TEST_CASE][PASSED] - Test Cases/Reusable_Test_Sequences/CAT_Teardown: Test Cases/Reusable_Test_Sequences/CAT_Teardown

2020-04-16 09:04:07 - [TEST_STEP][PASSED] - closeBrowser(): Browser is closed

2020-04-16 09:04:07 - [MESSAGE][PASSED] - Browser is closed

2020-04-16 09:04:07 - [TEST_STEP][PASSED] - super.finalize(): null

2020-04-16 09:04:07 - [TEST_STEP][PASSED] - System.gc(): null

2020-04-16 09:04:08 - [MESSAGE][PASSED] - Call Test Case 'Test Cases/Reusable_Test_Sequences/CAT_Teardown' successfully

2020-04-16 09:04:08 - [TEST_STEP][PASSED] - callTestCase(findTestCase("Reusable_Test_Sequences/CAT_Setup"), [:], STOP_ON_FAILURE): Call Test Case 'Test Cases/Reusable_Test_Sequences/CAT_Setup' successfully

2020-04-16 09:04:08 - [TEST_CASE][PASSED] - Test Cases/Reusable_Test_Sequences/CAT_Setup: Test Cases/Reusable_Test_Sequences/CAT_Setup

2020-04-16 09:04:08 - [TEST_STEP][PASSED] - "------------------------------": null

2020-04-16 09:04:08 - [TEST_STEP][PASSED] - " Set Mobile Device Testing    |": null

2020-04-16 09:04:08 - [TEST_STEP][PASSED] - if (Mobile_Flag == "true"): null

2020-04-16 09:04:08 - [TEST_STEP][PASSED] - "------------------------------": null

2020-04-16 09:04:08 - [TEST_STEP][PASSED] - " Set Mobile Device Testing    |": null

2020-04-16 09:04:08 - [TEST_STEP][PASSED] - "------------------------------": null

2020-04-16 09:04:08 - [TEST_STEP][PASSED] - "URL - Set from the ENVIRONMENT PROFILE ": null

2020-04-16 09:04:08 - [TEST_STEP][PASSED] - openBrowser(URL): Browser is opened with url: 'https://www.preview.checkatrade.com/'

2020-04-16 09:04:08 - [MESSAGE][INFO] - Starting 'Chrome' driver

2020-04-16 09:04:08 - [MESSAGE][INFO] - Action delay is set to 0 milliseconds

2020-04-16 09:04:13 - [MESSAGE][PASSED] - Browser is opened with url: 'https://www.preview.checkatrade.com/'

2020-04-16 09:04:13 - [TEST_STEP][PASSED] - maximizeWindow(): Current window maximized

2020-04-16 09:04:15 - [MESSAGE][PASSED] - Current window maximized

2020-04-16 09:04:15 - [TEST_STEP][PASSED] - waitForPageLoad(60): Wait for page load successfully

2020-04-16 09:04:15 - [MESSAGE][PASSED] - Wait for page load successfully

2020-04-16 09:04:15 - [TEST_STEP][PASSED] - "Previous Functionalilty Left Commented For Ease Of reversion": null

2020-04-16 09:04:15 - [TEST_STEP][PASSED] - " Katalon Try/Catches currently have issues? SEE HEADER": null

2020-04-16 09:04:15 - [TEST_STEP][PASSED] - try: Text 'Cookie Policy' is not present on page

2020-04-16 09:04:15 - [TEST_STEP][PASSED] - verifyElementPresent(findTestObject("Object Repository/Cookies/Page_Checkatrade Find a tradesperson you can trust/button_Accept All"), 5, OPTIONAL): Object 'Object Repository/Cookies/Page_Checkatrade Find a tradesperson you can trust/button_Accept All' is present

2020-04-16 09:04:16 - [MESSAGE][PASSED] - Object 'Object Repository/Cookies/Page_Checkatrade Find a tradesperson you can trust/button_Accept All' is present

2020-04-16 09:04:16 - [TEST_STEP][PASSED] - click(findTestObject("Object Repository/Cookies/Page_Checkatrade Find a tradesperson you can trust/button_Accept All"), OPTIONAL): Object: 'Object Repository/Cookies/Page_Checkatrade Find a tradesperson you can trust/button_Accept All' is clicked on

2020-04-16 09:04:16 - [MESSAGE][PASSED] - Object: 'Object Repository/Cookies/Page_Checkatrade Find a tradesperson you can trust/button_Accept All' is clicked on

2020-04-16 09:04:16 - [TEST_STEP][PASSED] - "---------------------------------": null

2020-04-16 09:04:16 - [TEST_STEP][PASSED] - "COOKIE POPOUT REMOVED - Confirmed": null

2020-04-16 09:04:16 - [TEST_STEP][PASSED] - delay(1): Delayed 1 second(s)

2020-04-16 09:04:17 - [MESSAGE][PASSED] - Delayed 1 second(s)

2020-04-16 09:04:17 - [TEST_STEP][PASSED] - verifyTextNotPresent("We use cookies to personalise content and ads, to provide social media features and to analyse our traffic", false): Text 'We use cookies to personalise content and ads, to provide social media features and to analyse our traffic' is not present on page

2020-04-16 09:04:17 - [MESSAGE][PASSED] - Text 'We use cookies to personalise content and ads, to provide social media features and to analyse our traffic' is not present on page

2020-04-16 09:04:17 - [TEST_STEP][PASSED] - verifyTextNotPresent(" We also share information about your use of our site with our social media, advertising and analytics partners", false): Text ' We also share information about your use of our site with our social media, advertising and analytics partners' is not present on page

2020-04-16 09:04:17 - [MESSAGE][PASSED] - Text ' We also share information about your use of our site with our social media, advertising and analytics partners' is not present on page

2020-04-16 09:04:17 - [TEST_STEP][PASSED] - verifyTextNotPresent("Cookie Policy", false): Text 'Cookie Policy' is not present on page

2020-04-16 09:04:17 - [MESSAGE][PASSED] - Text 'Cookie Policy' is not present on page

2020-04-16 09:04:17 - [TEST_STEP][PASSED] - waitForPageLoad(60): Wait for page load successfully

2020-04-16 09:04:17 - [MESSAGE][PASSED] - Wait for page load successfully

2020-04-16 09:04:17 - [TEST_STEP][PASSED] - "COOKIE - ORIGINAL": null

2020-04-16 09:04:17 - [TEST_STEP][PASSED] - if (waitForElementVisible(findTestObject("Object Repository/Feedback/Page_Checkatrade Give your feedback/input_Member_to_Review"), 5)): Web element with id: 'Object Repository/Feedback/Page_Checkatrade Give your feedback/input_Member_to_Review' located by 'By.xpath: //input[@id='feedback-form__company_autocomplete_input']' not found

2020-04-16 09:04:22 - [MESSAGE][INFO] - Unable to find the element located by 'By.xpath: //input[@id='feedback-form__company_autocomplete_input']'. Please recheck the objects properties to make sure the desired element is located. 

2020-04-16 09:04:22 - [MESSAGE][WARNING] - Web element with id: 'Object Repository/Feedback/Page_Checkatrade Give your feedback/input_Member_to_Review' located by 'By.xpath: //input[@id='feedback-form__company_autocomplete_input']' not found

2020-04-16 09:04:22 - [TEST_STEP][PASSED] - else: The <<<OLD>>> Website was detected by the STARTUP Process

2020-04-16 09:04:22 - [TEST_STEP][PASSED] - if (!(verifyElementVisible(findTestObject("Object Repository/Checkatrade_Trade_Search_Page/Page_Checkatrade Find a tradesperson you can trust/input_Search_Button_FF")))): Object 'Object Repository/Checkatrade_Trade_Search_Page/Page_Checkatrade Find a tradesperson you can trust/input_Search_Button_FF' is visible

2020-04-16 09:04:23 - [MESSAGE][PASSED] - Object 'Object Repository/Checkatrade_Trade_Search_Page/Page_Checkatrade Find a tradesperson you can trust/input_Search_Button_FF' is visible

2020-04-16 09:04:23 - [TEST_STEP][PASSED] - else: The <<<OLD>>> Website was detected by the STARTUP Process

2020-04-16 09:04:23 - [TEST_STEP][PASSED] - Website_Version = "old": null

2020-04-16 09:04:23 - [TEST_STEP][PASSED] - logInfo("The <<<OLD>>> Website was detected by the STARTUP Process"): The <<<OLD>>> Website was detected by the STARTUP Process

2020-04-16 09:04:23 - [MESSAGE][INFO] - The <<<OLD>>> Website was detected by the STARTUP Process

2020-04-16 09:04:23 - [MESSAGE][PASSED] - Call Test Case 'Test Cases/Reusable_Test_Sequences/CAT_Setup' successfully

2020-04-16 09:04:23 - [TEST_STEP][PASSED] - " Home Page validation Checks after COOKIE Dispelled": null

2020-04-16 09:04:23 - [TEST_STEP][PASSED] - "---------------------------------------------------------------------": null

2020-04-16 09:04:23 - [TEST_STEP][PASSED] - " Select Search on Trader Name (or ID) From Home page/Search Screen   |": null

2020-04-16 09:04:23 - [TEST_STEP][PASSED] - callTestCase(findTestCase("Reusable_Test_Sequences/CAT_Click_Search_Trade_Name"), [:], STOP_ON_FAILURE): Call Test Case 'Test Cases/Reusable_Test_Sequences/CAT_Click_Search_Trade_Name' successfully

2020-04-16 09:04:23 - [TEST_CASE][PASSED] - Test Cases/Reusable_Test_Sequences/CAT_Click_Search_Trade_Name: Test Cases/Reusable_Test_Sequences/CAT_Click_Search_Trade_Name

2020-04-16 09:04:23 - [TEST_STEP][PASSED] - waitForPageLoad(60): Wait for page load successfully

2020-04-16 09:04:23 - [MESSAGE][PASSED] - Wait for page load successfully

2020-04-16 09:04:23 - [TEST_STEP][PASSED] - if (Website_Version != "new"): Object: 'Object Repository/Page_Checkatrade Find a tradesperson you can trust/a_or look up a member by name' is clicked on

2020-04-16 09:04:23 - [TEST_STEP][PASSED] - waitForElementClickable(findTestObject("Object Repository/Page_Checkatrade Find a tradesperson you can trust/a_or look up a member by name"), 5): Object 'Object Repository/Page_Checkatrade Find a tradesperson you can trust/a_or look up a member by name' is clickable

2020-04-16 09:04:23 - [MESSAGE][PASSED] - Object 'Object Repository/Page_Checkatrade Find a tradesperson you can trust/a_or look up a member by name' is clickable

2020-04-16 09:04:23 - [TEST_STEP][PASSED] - click(findTestObject("Object Repository/Page_Checkatrade Find a tradesperson you can trust/a_or look up a member by name")): Object: 'Object Repository/Page_Checkatrade Find a tradesperson you can trust/a_or look up a member by name' is clicked on

2020-04-16 09:04:23 - [MESSAGE][PASSED] - Object: 'Object Repository/Page_Checkatrade Find a tradesperson you can trust/a_or look up a member by name' is clicked on

2020-04-16 09:04:23 - [TEST_STEP][PASSED] - if (Website_Version != "old"): null

2020-04-16 09:04:23 - [TEST_STEP][PASSED] - waitForPageLoad(60): Wait for page load successfully

2020-04-16 09:04:23 - [MESSAGE][PASSED] - Wait for page load successfully

2020-04-16 09:04:23 - [MESSAGE][PASSED] - Call Test Case 'Test Cases/Reusable_Test_Sequences/CAT_Click_Search_Trade_Name' successfully

2020-04-16 09:04:23 - [TEST_STEP][PASSED] - "---------------------------------------": null

2020-04-16 09:04:23 - [TEST_STEP][PASSED] - " Enter Trader Name (or ID) to Search   |": null

2020-04-16 09:04:23 - [TEST_STEP][PASSED] - callTestCase(findTestCase("Reusable_Test_Sequences/CAT_Enter_Trade_Name_NEG"), [:], STOP_ON_FAILURE): Call Test Case 'Test Cases/Reusable_Test_Sequences/CAT_Enter_Trade_Name_NEG' successfully

2020-04-16 09:04:23 - [TEST_CASE][PASSED] - Test Cases/Reusable_Test_Sequences/CAT_Enter_Trade_Name_NEG: Test Cases/Reusable_Test_Sequences/CAT_Enter_Trade_Name_NEG

2020-04-16 09:04:23 - [TEST_STEP][PASSED] - if (Website_Version != "new"): Text 'OOOOOO' is set on object 'Object Repository/Page_Checkatrade Find a tradesperson you can trust/Trader_Name_To_Search'

2020-04-16 09:04:23 - [TEST_STEP][PASSED] - waitForElementClickable(findTestObject("Object Repository/Page_Checkatrade Find a tradesperson you can trust/Trader_Name_To_Search"), 5): Object 'Object Repository/Page_Checkatrade Find a tradesperson you can trust/Trader_Name_To_Search' is clickable

2020-04-16 09:04:23 - [MESSAGE][PASSED] - Object 'Object Repository/Page_Checkatrade Find a tradesperson you can trust/Trader_Name_To_Search' is clickable

2020-04-16 09:04:23 - [TEST_STEP][PASSED] - setText(findTestObject("Object Repository/Page_Checkatrade Find a tradesperson you can trust/Trader_Name_To_Search"), findTestData("Search_CAT_ID_Data_NEG").getValue("tradeName", row)): Text 'OOOOOO' is set on object 'Object Repository/Page_Checkatrade Find a tradesperson you can trust/Trader_Name_To_Search'

2020-04-16 09:04:23 - [MESSAGE][PASSED] - Text 'OOOOOO' is set on object 'Object Repository/Page_Checkatrade Find a tradesperson you can trust/Trader_Name_To_Search'

2020-04-16 09:04:23 - [MESSAGE][PASSED] - Call Test Case 'Test Cases/Reusable_Test_Sequences/CAT_Enter_Trade_Name_NEG' successfully

2020-04-16 09:04:23 - [TEST_STEP][PASSED] - "---------------------------------------": null

2020-04-16 09:04:23 - [TEST_STEP][PASSED] - " Search Trader Name (or ID)            |": null

2020-04-16 09:04:23 - [TEST_STEP][PASSED] - "---------------------------------------": null

2020-04-16 09:04:23 - [TEST_STEP][PASSED] - "---------------------------------------": null

2020-04-16 09:04:23 - [TEST_STEP][PASSED] - " Expected ERROR Reported               |": null

2020-04-16 09:04:23 - [TEST_STEP][PASSED] - callTestCase(findTestCase("Reusable_Test_Sequences/CAT_Search_Tradename_Not_Returned"), [:], CONTINUE_ON_FAILURE): Call Test Case 'Test Cases/Reusable_Test_Sequences/CAT_Search_Tradename_Not_Returned' successfully

2020-04-16 09:04:24 - [TEST_CASE][PASSED] - Test Cases/Reusable_Test_Sequences/CAT_Search_Tradename_Not_Returned: Test Cases/Reusable_Test_Sequences/CAT_Search_Tradename_Not_Returned

2020-04-16 09:04:24 - [TEST_STEP][PASSED] - "For later Extension": null

2020-04-16 09:04:24 - [TEST_STEP][PASSED] - "--------------------------------": null

2020-04-16 09:04:24 - [TEST_STEP][PASSED] - " Verify Sorry and Not Here Link |": null

2020-04-16 09:04:24 - [TEST_STEP][PASSED] - delay(1): Delayed 1 second(s)

2020-04-16 09:04:25 - [MESSAGE][PASSED] - Delayed 1 second(s)

2020-04-16 09:04:25 - [TEST_STEP][PASSED] - waitForPageLoad(60): Wait for page load successfully

2020-04-16 09:04:25 - [MESSAGE][PASSED] - Wait for page load successfully

2020-04-16 09:04:25 - [TEST_STEP][PASSED] - verifyElementPresent(findTestObject("Page_Checkatrade Find a tradesperson you can trust/a_or look up a member by name"), 10): Object 'Object Repository/Page_Checkatrade Find a tradesperson you can trust/a_or look up a member by name' is present

2020-04-16 09:04:25 - [MESSAGE][PASSED] - Object 'Object Repository/Page_Checkatrade Find a tradesperson you can trust/a_or look up a member by name' is present

2020-04-16 09:04:25 - [TEST_STEP][PASSED] - verifyTextPresent("Sorry, no results found", false): Text 'Sorry, no results found' is present on page 

2020-04-16 09:04:25 - [MESSAGE][PASSED] - Text 'Sorry, no results found' is present on page 

2020-04-16 09:04:25 - [TEST_STEP][PASSED] - verifyTextPresent("Not here", false): Text 'Not here' is present on page 

2020-04-16 09:04:25 - [MESSAGE][PASSED] - Text 'Not here' is present on page 

2020-04-16 09:04:25 - [TEST_STEP][PASSED] - "--------------------------------": null

2020-04-16 09:04:25 - [TEST_STEP][PASSED] - " Navigate Not Here Link         |": null

2020-04-16 09:04:25 - [TEST_STEP][PASSED] - waitForElementClickable(findTestObject("Object Repository/Page_Checkatrade Find a tradesperson you can trust/a_Not here"), 10): Object 'Object Repository/Page_Checkatrade Find a tradesperson you can trust/a_Not here' is clickable

2020-04-16 09:04:25 - [MESSAGE][PASSED] - Object 'Object Repository/Page_Checkatrade Find a tradesperson you can trust/a_Not here' is clickable

2020-04-16 09:04:25 - [TEST_STEP][PASSED] - click(findTestObject("Object Repository/Page_Checkatrade Find a tradesperson you can trust/a_Not here")): Object: 'Object Repository/Page_Checkatrade Find a tradesperson you can trust/a_Not here' is clicked on

2020-04-16 09:04:26 - [MESSAGE][PASSED] - Object: 'Object Repository/Page_Checkatrade Find a tradesperson you can trust/a_Not here' is clicked on

2020-04-16 09:04:26 - [TEST_STEP][PASSED] - "--------------------------------": null

2020-04-16 09:04:26 - [TEST_STEP][PASSED] - " Verify Returned Page           |": null

2020-04-16 09:04:26 - [TEST_STEP][PASSED] - "--------------------------------": null

2020-04-16 09:04:26 - [TEST_STEP][PASSED] - delay(3): Delayed 3 second(s)

2020-04-16 09:04:29 - [MESSAGE][PASSED] - Delayed 3 second(s)

2020-04-16 09:04:29 - [TEST_STEP][PASSED] - waitForPageLoad(60): Wait for page load successfully

2020-04-16 09:04:29 - [MESSAGE][PASSED] - Wait for page load successfully

2020-04-16 09:04:29 - [TEST_STEP][PASSED] - waitForElementClickable(findTestObject("Object Repository/Page_Checkatrade Find a tradesperson you can trust/link_Give_Your_Feedback"), 25): Object 'Object Repository/Page_Checkatrade Find a tradesperson you can trust/link_Give_Your_Feedback' is clickable

2020-04-16 09:04:29 - [MESSAGE][PASSED] - Object 'Object Repository/Page_Checkatrade Find a tradesperson you can trust/link_Give_Your_Feedback' is clickable

2020-04-16 09:04:29 - [TEST_STEP][PASSED] - verifyTextPresent("Company not listed?", false): Text 'Company not listed?' is present on page 

2020-04-16 09:04:29 - [MESSAGE][PASSED] - Text 'Company not listed?' is present on page 

2020-04-16 09:04:29 - [TEST_STEP][PASSED] - verifyTextPresent("If you are considering employing a particular company but cannot find them in our list of members", false): Text 'If you are considering employing a particular company but cannot find them in our list of members' is present on page 

2020-04-16 09:04:29 - [MESSAGE][PASSED] - Text 'If you are considering employing a particular company but cannot find them in our list of members' is present on page 

2020-04-16 09:04:29 - [TEST_STEP][PASSED] - verifyTextPresent("it may be because they are not a member of Checkatrade", false): Text 'it may be because they are not a member of Checkatrade' is present on page 

2020-04-16 09:04:29 - [MESSAGE][PASSED] - Text 'it may be because they are not a member of Checkatrade' is present on page 

2020-04-16 09:04:29 - [TEST_STEP][PASSED] - verifyTextPresent("If you would like to recommend a company to us, please give your feedback", false): Text 'If you would like to recommend a company to us, please give your feedback' is present on page 

2020-04-16 09:04:29 - [MESSAGE][PASSED] - Text 'If you would like to recommend a company to us, please give your feedback' is present on page 

2020-04-16 09:04:29 - [TEST_STEP][PASSED] - verifyTextPresent("If you would like help searching for a company, please call 0333 0146 190", false): Text 'If you would like help searching for a company, please call 0333 0146 190' is present on page 

2020-04-16 09:04:29 - [MESSAGE][PASSED] - Text 'If you would like help searching for a company, please call 0333 0146 190' is present on page 

2020-04-16 09:04:29 - [TEST_STEP][PASSED] - "----------------------------------------": null

2020-04-16 09:04:29 - [TEST_STEP][PASSED] - "----------------------------------------": null

2020-04-16 09:04:29 - [TEST_STEP][PASSED] - "Give Feedback Link NOT CHECKED Here     |": null

2020-04-16 09:04:29 - [TEST_STEP][PASSED] - System.gc(): null

2020-04-16 09:04:29 - [MESSAGE][PASSED] - Call Test Case 'Test Cases/Reusable_Test_Sequences/CAT_Search_Tradename_Not_Returned' successfully

2020-04-16 09:04:29 - [TEST_STEP][PASSED] - "--------------------------": null

2020-04-16 09:04:29 - [TEST_STEP][PASSED] - " Teardown - CLose Browser |": null

2020-04-16 09:04:29 - [TEST_STEP][PASSED] - callTestCase(findTestCase("Reusable_Test_Sequences/CAT_Teardown"), [:], OPTIONAL): Call Test Case 'Test Cases/Reusable_Test_Sequences/CAT_Teardown' successfully

2020-04-16 09:04:29 - [TEST_CASE][PASSED] - Test Cases/Reusable_Test_Sequences/CAT_Teardown: Test Cases/Reusable_Test_Sequences/CAT_Teardown

2020-04-16 09:04:29 - [TEST_STEP][PASSED] - closeBrowser(): Browser is closed

2020-04-16 09:04:30 - [MESSAGE][PASSED] - Browser is closed

2020-04-16 09:04:30 - [TEST_STEP][PASSED] - super.finalize(): null

2020-04-16 09:04:30 - [TEST_STEP][PASSED] - System.gc(): null

2020-04-16 09:04:30 - [MESSAGE][PASSED] - Call Test Case 'Test Cases/Reusable_Test_Sequences/CAT_Teardown' successfully

2020-04-16 09:04:30 - [TEST_STEP][PASSED] - callTestCase(findTestCase("Reusable_Test_Sequences/CAT_Setup"), [:], STOP_ON_FAILURE): Call Test Case 'Test Cases/Reusable_Test_Sequences/CAT_Setup' successfully

2020-04-16 09:04:30 - [TEST_CASE][PASSED] - Test Cases/Reusable_Test_Sequences/CAT_Setup: Test Cases/Reusable_Test_Sequences/CAT_Setup

2020-04-16 09:04:30 - [TEST_STEP][PASSED] - "------------------------------": null

2020-04-16 09:04:30 - [TEST_STEP][PASSED] - " Set Mobile Device Testing    |": null

2020-04-16 09:04:30 - [TEST_STEP][PASSED] - if (Mobile_Flag == "true"): null

2020-04-16 09:04:30 - [TEST_STEP][PASSED] - "------------------------------": null

2020-04-16 09:04:30 - [TEST_STEP][PASSED] - " Set Mobile Device Testing    |": null

2020-04-16 09:04:30 - [TEST_STEP][PASSED] - "------------------------------": null

2020-04-16 09:04:30 - [TEST_STEP][PASSED] - "URL - Set from the ENVIRONMENT PROFILE ": null

2020-04-16 09:04:30 - [TEST_STEP][PASSED] - openBrowser(URL): Browser is opened with url: 'https://www.preview.checkatrade.com/'

2020-04-16 09:04:30 - [MESSAGE][INFO] - Starting 'Chrome' driver

2020-04-16 09:04:30 - [MESSAGE][INFO] - Action delay is set to 0 milliseconds

2020-04-16 09:04:37 - [MESSAGE][PASSED] - Browser is opened with url: 'https://www.preview.checkatrade.com/'

2020-04-16 09:04:37 - [TEST_STEP][PASSED] - maximizeWindow(): Current window maximized

2020-04-16 09:04:39 - [MESSAGE][PASSED] - Current window maximized

2020-04-16 09:04:39 - [TEST_STEP][PASSED] - waitForPageLoad(60): Wait for page load successfully

2020-04-16 09:04:39 - [MESSAGE][PASSED] - Wait for page load successfully

2020-04-16 09:04:39 - [TEST_STEP][PASSED] - "Previous Functionalilty Left Commented For Ease Of reversion": null

2020-04-16 09:04:39 - [TEST_STEP][PASSED] - " Katalon Try/Catches currently have issues? SEE HEADER": null

2020-04-16 09:04:39 - [TEST_STEP][PASSED] - try: Text 'Cookie Policy' is not present on page

2020-04-16 09:04:39 - [TEST_STEP][PASSED] - verifyElementPresent(findTestObject("Object Repository/Cookies/Page_Checkatrade Find a tradesperson you can trust/button_Accept All"), 5, OPTIONAL): Object 'Object Repository/Cookies/Page_Checkatrade Find a tradesperson you can trust/button_Accept All' is present

2020-04-16 09:04:39 - [MESSAGE][PASSED] - Object 'Object Repository/Cookies/Page_Checkatrade Find a tradesperson you can trust/button_Accept All' is present

2020-04-16 09:04:39 - [TEST_STEP][PASSED] - click(findTestObject("Object Repository/Cookies/Page_Checkatrade Find a tradesperson you can trust/button_Accept All"), OPTIONAL): Object: 'Object Repository/Cookies/Page_Checkatrade Find a tradesperson you can trust/button_Accept All' is clicked on

2020-04-16 09:04:39 - [MESSAGE][PASSED] - Object: 'Object Repository/Cookies/Page_Checkatrade Find a tradesperson you can trust/button_Accept All' is clicked on

2020-04-16 09:04:39 - [TEST_STEP][PASSED] - "---------------------------------": null

2020-04-16 09:04:39 - [TEST_STEP][PASSED] - "COOKIE POPOUT REMOVED - Confirmed": null

2020-04-16 09:04:39 - [TEST_STEP][PASSED] - delay(1): Delayed 1 second(s)

2020-04-16 09:04:40 - [MESSAGE][PASSED] - Delayed 1 second(s)

2020-04-16 09:04:40 - [TEST_STEP][PASSED] - verifyTextNotPresent("We use cookies to personalise content and ads, to provide social media features and to analyse our traffic", false): Text 'We use cookies to personalise content and ads, to provide social media features and to analyse our traffic' is not present on page

2020-04-16 09:04:41 - [MESSAGE][PASSED] - Text 'We use cookies to personalise content and ads, to provide social media features and to analyse our traffic' is not present on page

2020-04-16 09:04:41 - [TEST_STEP][PASSED] - verifyTextNotPresent(" We also share information about your use of our site with our social media, advertising and analytics partners", false): Text ' We also share information about your use of our site with our social media, advertising and analytics partners' is not present on page

2020-04-16 09:04:41 - [MESSAGE][PASSED] - Text ' We also share information about your use of our site with our social media, advertising and analytics partners' is not present on page

2020-04-16 09:04:41 - [TEST_STEP][PASSED] - verifyTextNotPresent("Cookie Policy", false): Text 'Cookie Policy' is not present on page

2020-04-16 09:04:41 - [MESSAGE][PASSED] - Text 'Cookie Policy' is not present on page

2020-04-16 09:04:41 - [TEST_STEP][PASSED] - waitForPageLoad(60): Wait for page load successfully

2020-04-16 09:04:41 - [MESSAGE][PASSED] - Wait for page load successfully

2020-04-16 09:04:41 - [TEST_STEP][PASSED] - "COOKIE - ORIGINAL": null

2020-04-16 09:04:41 - [TEST_STEP][PASSED] - if (waitForElementVisible(findTestObject("Object Repository/Feedback/Page_Checkatrade Give your feedback/input_Member_to_Review"), 5)): Web element with id: 'Object Repository/Feedback/Page_Checkatrade Give your feedback/input_Member_to_Review' located by 'By.xpath: //input[@id='feedback-form__company_autocomplete_input']' not found

2020-04-16 09:04:46 - [MESSAGE][INFO] - Unable to find the element located by 'By.xpath: //input[@id='feedback-form__company_autocomplete_input']'. Please recheck the objects properties to make sure the desired element is located. 

2020-04-16 09:04:46 - [MESSAGE][WARNING] - Web element with id: 'Object Repository/Feedback/Page_Checkatrade Give your feedback/input_Member_to_Review' located by 'By.xpath: //input[@id='feedback-form__company_autocomplete_input']' not found

2020-04-16 09:04:46 - [TEST_STEP][PASSED] - else: The <<<OLD>>> Website was detected by the STARTUP Process

2020-04-16 09:04:46 - [TEST_STEP][PASSED] - if (!(verifyElementVisible(findTestObject("Object Repository/Checkatrade_Trade_Search_Page/Page_Checkatrade Find a tradesperson you can trust/input_Search_Button_FF")))): Object 'Object Repository/Checkatrade_Trade_Search_Page/Page_Checkatrade Find a tradesperson you can trust/input_Search_Button_FF' is visible

2020-04-16 09:04:46 - [MESSAGE][PASSED] - Object 'Object Repository/Checkatrade_Trade_Search_Page/Page_Checkatrade Find a tradesperson you can trust/input_Search_Button_FF' is visible

2020-04-16 09:04:46 - [TEST_STEP][PASSED] - else: The <<<OLD>>> Website was detected by the STARTUP Process

2020-04-16 09:04:46 - [TEST_STEP][PASSED] - Website_Version = "old": null

2020-04-16 09:04:46 - [TEST_STEP][PASSED] - logInfo("The <<<OLD>>> Website was detected by the STARTUP Process"): The <<<OLD>>> Website was detected by the STARTUP Process

2020-04-16 09:04:46 - [MESSAGE][INFO] - The <<<OLD>>> Website was detected by the STARTUP Process

2020-04-16 09:04:46 - [MESSAGE][PASSED] - Call Test Case 'Test Cases/Reusable_Test_Sequences/CAT_Setup' successfully

2020-04-16 09:04:46 - [TEST_STEP][PASSED] - " Home Page validation Checks after COOKIE Dispelled": null

2020-04-16 09:04:46 - [TEST_STEP][PASSED] - "---------------------------------------------------------------------": null

2020-04-16 09:04:46 - [TEST_STEP][PASSED] - " Select Search on Trader Name (or ID) From Home page/Search Screen   |": null

2020-04-16 09:04:46 - [TEST_STEP][PASSED] - callTestCase(findTestCase("Reusable_Test_Sequences/CAT_Click_Search_Trade_Name"), [:], STOP_ON_FAILURE): Call Test Case 'Test Cases/Reusable_Test_Sequences/CAT_Click_Search_Trade_Name' successfully

2020-04-16 09:04:46 - [TEST_CASE][PASSED] - Test Cases/Reusable_Test_Sequences/CAT_Click_Search_Trade_Name: Test Cases/Reusable_Test_Sequences/CAT_Click_Search_Trade_Name

2020-04-16 09:04:46 - [TEST_STEP][PASSED] - waitForPageLoad(60): Wait for page load successfully

2020-04-16 09:04:46 - [MESSAGE][PASSED] - Wait for page load successfully

2020-04-16 09:04:46 - [TEST_STEP][PASSED] - if (Website_Version != "new"): Object: 'Object Repository/Page_Checkatrade Find a tradesperson you can trust/a_or look up a member by name' is clicked on

2020-04-16 09:04:46 - [TEST_STEP][PASSED] - waitForElementClickable(findTestObject("Object Repository/Page_Checkatrade Find a tradesperson you can trust/a_or look up a member by name"), 5): Object 'Object Repository/Page_Checkatrade Find a tradesperson you can trust/a_or look up a member by name' is clickable

2020-04-16 09:04:47 - [MESSAGE][PASSED] - Object 'Object Repository/Page_Checkatrade Find a tradesperson you can trust/a_or look up a member by name' is clickable

2020-04-16 09:04:47 - [TEST_STEP][PASSED] - click(findTestObject("Object Repository/Page_Checkatrade Find a tradesperson you can trust/a_or look up a member by name")): Object: 'Object Repository/Page_Checkatrade Find a tradesperson you can trust/a_or look up a member by name' is clicked on

2020-04-16 09:04:47 - [MESSAGE][PASSED] - Object: 'Object Repository/Page_Checkatrade Find a tradesperson you can trust/a_or look up a member by name' is clicked on

2020-04-16 09:04:47 - [TEST_STEP][PASSED] - if (Website_Version != "old"): null

2020-04-16 09:04:47 - [TEST_STEP][PASSED] - waitForPageLoad(60): Wait for page load successfully

2020-04-16 09:04:47 - [MESSAGE][PASSED] - Wait for page load successfully

2020-04-16 09:04:47 - [MESSAGE][PASSED] - Call Test Case 'Test Cases/Reusable_Test_Sequences/CAT_Click_Search_Trade_Name' successfully

2020-04-16 09:04:47 - [TEST_STEP][PASSED] - "---------------------------------------": null

2020-04-16 09:04:47 - [TEST_STEP][PASSED] - " Enter Trader Name (or ID) to Search   |": null

2020-04-16 09:04:47 - [TEST_STEP][PASSED] - callTestCase(findTestCase("Reusable_Test_Sequences/CAT_Enter_Trade_Name_NEG"), [:], STOP_ON_FAILURE): Call Test Case 'Test Cases/Reusable_Test_Sequences/CAT_Enter_Trade_Name_NEG' successfully

2020-04-16 09:04:47 - [TEST_CASE][PASSED] - Test Cases/Reusable_Test_Sequences/CAT_Enter_Trade_Name_NEG: Test Cases/Reusable_Test_Sequences/CAT_Enter_Trade_Name_NEG

2020-04-16 09:04:47 - [TEST_STEP][PASSED] - if (Website_Version != "new"): Text '1111111111111111111111111111111111111111111111111111111111111111111111111111111111111111111111' is set on object 'Object Repository/Page_Checkatrade Find a tradesperson you can trust/Trader_Name_To_Search'

2020-04-16 09:04:47 - [TEST_STEP][PASSED] - waitForElementClickable(findTestObject("Object Repository/Page_Checkatrade Find a tradesperson you can trust/Trader_Name_To_Search"), 5): Object 'Object Repository/Page_Checkatrade Find a tradesperson you can trust/Trader_Name_To_Search' is clickable

2020-04-16 09:04:47 - [MESSAGE][PASSED] - Object 'Object Repository/Page_Checkatrade Find a tradesperson you can trust/Trader_Name_To_Search' is clickable

2020-04-16 09:04:47 - [TEST_STEP][PASSED] - setText(findTestObject("Object Repository/Page_Checkatrade Find a tradesperson you can trust/Trader_Name_To_Search"), findTestData("Search_CAT_ID_Data_NEG").getValue("tradeName", row)): Text '1111111111111111111111111111111111111111111111111111111111111111111111111111111111111111111111' is set on object 'Object Repository/Page_Checkatrade Find a tradesperson you can trust/Trader_Name_To_Search'

2020-04-16 09:04:48 - [MESSAGE][PASSED] - Text '1111111111111111111111111111111111111111111111111111111111111111111111111111111111111111111111' is set on object 'Object Repository/Page_Checkatrade Find a tradesperson you can trust/Trader_Name_To_Search'

2020-04-16 09:04:48 - [MESSAGE][PASSED] - Call Test Case 'Test Cases/Reusable_Test_Sequences/CAT_Enter_Trade_Name_NEG' successfully

2020-04-16 09:04:48 - [TEST_STEP][PASSED] - "---------------------------------------": null

2020-04-16 09:04:48 - [TEST_STEP][PASSED] - " Search Trader Name (or ID)            |": null

2020-04-16 09:04:48 - [TEST_STEP][PASSED] - "---------------------------------------": null

2020-04-16 09:04:48 - [TEST_STEP][PASSED] - "---------------------------------------": null

2020-04-16 09:04:48 - [TEST_STEP][PASSED] - " Expected ERROR Reported               |": null

2020-04-16 09:04:48 - [TEST_STEP][PASSED] - callTestCase(findTestCase("Reusable_Test_Sequences/CAT_Search_Tradename_Not_Returned"), [:], CONTINUE_ON_FAILURE): Call Test Case 'Test Cases/Reusable_Test_Sequences/CAT_Search_Tradename_Not_Returned' successfully

2020-04-16 09:04:48 - [TEST_CASE][PASSED] - Test Cases/Reusable_Test_Sequences/CAT_Search_Tradename_Not_Returned: Test Cases/Reusable_Test_Sequences/CAT_Search_Tradename_Not_Returned

2020-04-16 09:04:48 - [TEST_STEP][PASSED] - "For later Extension": null

2020-04-16 09:04:48 - [TEST_STEP][PASSED] - "--------------------------------": null

2020-04-16 09:04:48 - [TEST_STEP][PASSED] - " Verify Sorry and Not Here Link |": null

2020-04-16 09:04:48 - [TEST_STEP][PASSED] - delay(1): Delayed 1 second(s)

2020-04-16 09:04:49 - [MESSAGE][PASSED] - Delayed 1 second(s)

2020-04-16 09:04:49 - [TEST_STEP][PASSED] - waitForPageLoad(60): Wait for page load successfully

2020-04-16 09:04:49 - [MESSAGE][PASSED] - Wait for page load successfully

2020-04-16 09:04:49 - [TEST_STEP][PASSED] - verifyElementPresent(findTestObject("Page_Checkatrade Find a tradesperson you can trust/a_or look up a member by name"), 10): Object 'Object Repository/Page_Checkatrade Find a tradesperson you can trust/a_or look up a member by name' is present

2020-04-16 09:04:49 - [MESSAGE][PASSED] - Object 'Object Repository/Page_Checkatrade Find a tradesperson you can trust/a_or look up a member by name' is present

2020-04-16 09:04:49 - [TEST_STEP][PASSED] - verifyTextPresent("Sorry, no results found", false): Text 'Sorry, no results found' is present on page 

2020-04-16 09:04:49 - [MESSAGE][PASSED] - Text 'Sorry, no results found' is present on page 

2020-04-16 09:04:49 - [TEST_STEP][PASSED] - verifyTextPresent("Not here", false): Text 'Not here' is present on page 

2020-04-16 09:04:49 - [MESSAGE][PASSED] - Text 'Not here' is present on page 

2020-04-16 09:04:49 - [TEST_STEP][PASSED] - "--------------------------------": null

2020-04-16 09:04:49 - [TEST_STEP][PASSED] - " Navigate Not Here Link         |": null

2020-04-16 09:04:49 - [TEST_STEP][PASSED] - waitForElementClickable(findTestObject("Object Repository/Page_Checkatrade Find a tradesperson you can trust/a_Not here"), 10): Object 'Object Repository/Page_Checkatrade Find a tradesperson you can trust/a_Not here' is clickable

2020-04-16 09:04:49 - [MESSAGE][PASSED] - Object 'Object Repository/Page_Checkatrade Find a tradesperson you can trust/a_Not here' is clickable

2020-04-16 09:04:49 - [TEST_STEP][PASSED] - click(findTestObject("Object Repository/Page_Checkatrade Find a tradesperson you can trust/a_Not here")): Object: 'Object Repository/Page_Checkatrade Find a tradesperson you can trust/a_Not here' is clicked on

2020-04-16 09:04:50 - [MESSAGE][PASSED] - Object: 'Object Repository/Page_Checkatrade Find a tradesperson you can trust/a_Not here' is clicked on

2020-04-16 09:04:50 - [TEST_STEP][PASSED] - "--------------------------------": null

2020-04-16 09:04:50 - [TEST_STEP][PASSED] - " Verify Returned Page           |": null

2020-04-16 09:04:50 - [TEST_STEP][PASSED] - "--------------------------------": null

2020-04-16 09:04:50 - [TEST_STEP][PASSED] - delay(3): Delayed 3 second(s)

2020-04-16 09:04:53 - [MESSAGE][PASSED] - Delayed 3 second(s)

2020-04-16 09:04:53 - [TEST_STEP][PASSED] - waitForPageLoad(60): Wait for page load successfully

2020-04-16 09:04:53 - [MESSAGE][PASSED] - Wait for page load successfully

2020-04-16 09:04:53 - [TEST_STEP][PASSED] - waitForElementClickable(findTestObject("Object Repository/Page_Checkatrade Find a tradesperson you can trust/link_Give_Your_Feedback"), 25): Object 'Object Repository/Page_Checkatrade Find a tradesperson you can trust/link_Give_Your_Feedback' is clickable

2020-04-16 09:04:53 - [MESSAGE][PASSED] - Object 'Object Repository/Page_Checkatrade Find a tradesperson you can trust/link_Give_Your_Feedback' is clickable

2020-04-16 09:04:53 - [TEST_STEP][PASSED] - verifyTextPresent("Company not listed?", false): Text 'Company not listed?' is present on page 

2020-04-16 09:04:53 - [MESSAGE][PASSED] - Text 'Company not listed?' is present on page 

2020-04-16 09:04:53 - [TEST_STEP][PASSED] - verifyTextPresent("If you are considering employing a particular company but cannot find them in our list of members", false): Text 'If you are considering employing a particular company but cannot find them in our list of members' is present on page 

2020-04-16 09:04:53 - [MESSAGE][PASSED] - Text 'If you are considering employing a particular company but cannot find them in our list of members' is present on page 

2020-04-16 09:04:53 - [TEST_STEP][PASSED] - verifyTextPresent("it may be because they are not a member of Checkatrade", false): Text 'it may be because they are not a member of Checkatrade' is present on page 

2020-04-16 09:04:53 - [MESSAGE][PASSED] - Text 'it may be because they are not a member of Checkatrade' is present on page 

2020-04-16 09:04:53 - [TEST_STEP][PASSED] - verifyTextPresent("If you would like to recommend a company to us, please give your feedback", false): Text 'If you would like to recommend a company to us, please give your feedback' is present on page 

2020-04-16 09:04:53 - [MESSAGE][PASSED] - Text 'If you would like to recommend a company to us, please give your feedback' is present on page 

2020-04-16 09:04:53 - [TEST_STEP][PASSED] - verifyTextPresent("If you would like help searching for a company, please call 0333 0146 190", false): Text 'If you would like help searching for a company, please call 0333 0146 190' is present on page 

2020-04-16 09:04:53 - [MESSAGE][PASSED] - Text 'If you would like help searching for a company, please call 0333 0146 190' is present on page 

2020-04-16 09:04:53 - [TEST_STEP][PASSED] - "----------------------------------------": null

2020-04-16 09:04:53 - [TEST_STEP][PASSED] - "----------------------------------------": null

2020-04-16 09:04:53 - [TEST_STEP][PASSED] - "Give Feedback Link NOT CHECKED Here     |": null

2020-04-16 09:04:53 - [TEST_STEP][PASSED] - System.gc(): null

2020-04-16 09:04:53 - [MESSAGE][PASSED] - Call Test Case 'Test Cases/Reusable_Test_Sequences/CAT_Search_Tradename_Not_Returned' successfully

2020-04-16 09:04:53 - [TEST_STEP][PASSED] - "--------------------------": null

2020-04-16 09:04:53 - [TEST_STEP][PASSED] - " Teardown - CLose Browser |": null

2020-04-16 09:04:53 - [TEST_STEP][PASSED] - callTestCase(findTestCase("Reusable_Test_Sequences/CAT_Teardown"), [:], OPTIONAL): Call Test Case 'Test Cases/Reusable_Test_Sequences/CAT_Teardown' successfully

2020-04-16 09:04:53 - [TEST_CASE][PASSED] - Test Cases/Reusable_Test_Sequences/CAT_Teardown: Test Cases/Reusable_Test_Sequences/CAT_Teardown

2020-04-16 09:04:53 - [TEST_STEP][PASSED] - closeBrowser(): Browser is closed

2020-04-16 09:04:54 - [MESSAGE][PASSED] - Browser is closed

2020-04-16 09:04:54 - [TEST_STEP][PASSED] - super.finalize(): null

2020-04-16 09:04:54 - [TEST_STEP][PASSED] - System.gc(): null

2020-04-16 09:04:54 - [MESSAGE][PASSED] - Call Test Case 'Test Cases/Reusable_Test_Sequences/CAT_Teardown' successfully

2020-04-16 09:04:54 - [TEST_STEP][PASSED] - callTestCase(findTestCase("Reusable_Test_Sequences/CAT_Setup"), [:], STOP_ON_FAILURE): Call Test Case 'Test Cases/Reusable_Test_Sequences/CAT_Setup' successfully

2020-04-16 09:04:54 - [TEST_CASE][PASSED] - Test Cases/Reusable_Test_Sequences/CAT_Setup: Test Cases/Reusable_Test_Sequences/CAT_Setup

2020-04-16 09:04:54 - [TEST_STEP][PASSED] - "------------------------------": null

2020-04-16 09:04:54 - [TEST_STEP][PASSED] - " Set Mobile Device Testing    |": null

2020-04-16 09:04:54 - [TEST_STEP][PASSED] - if (Mobile_Flag == "true"): null

2020-04-16 09:04:54 - [TEST_STEP][PASSED] - "------------------------------": null

2020-04-16 09:04:54 - [TEST_STEP][PASSED] - " Set Mobile Device Testing    |": null

2020-04-16 09:04:54 - [TEST_STEP][PASSED] - "------------------------------": null

2020-04-16 09:04:54 - [TEST_STEP][PASSED] - "URL - Set from the ENVIRONMENT PROFILE ": null

2020-04-16 09:04:54 - [TEST_STEP][PASSED] - openBrowser(URL): Browser is opened with url: 'https://www.preview.checkatrade.com/'

2020-04-16 09:04:54 - [MESSAGE][INFO] - Starting 'Chrome' driver

2020-04-16 09:04:54 - [MESSAGE][INFO] - Action delay is set to 0 milliseconds

2020-04-16 09:05:00 - [MESSAGE][PASSED] - Browser is opened with url: 'https://www.preview.checkatrade.com/'

2020-04-16 09:05:00 - [TEST_STEP][PASSED] - maximizeWindow(): Current window maximized

2020-04-16 09:05:02 - [MESSAGE][PASSED] - Current window maximized

2020-04-16 09:05:02 - [TEST_STEP][PASSED] - waitForPageLoad(60): Wait for page load successfully

2020-04-16 09:05:02 - [MESSAGE][PASSED] - Wait for page load successfully

2020-04-16 09:05:02 - [TEST_STEP][PASSED] - "Previous Functionalilty Left Commented For Ease Of reversion": null

2020-04-16 09:05:02 - [TEST_STEP][PASSED] - " Katalon Try/Catches currently have issues? SEE HEADER": null

2020-04-16 09:05:02 - [TEST_STEP][PASSED] - try: Text 'Cookie Policy' is not present on page

2020-04-16 09:05:02 - [TEST_STEP][PASSED] - verifyElementPresent(findTestObject("Object Repository/Cookies/Page_Checkatrade Find a tradesperson you can trust/button_Accept All"), 5, OPTIONAL): Object 'Object Repository/Cookies/Page_Checkatrade Find a tradesperson you can trust/button_Accept All' is present

2020-04-16 09:05:02 - [MESSAGE][PASSED] - Object 'Object Repository/Cookies/Page_Checkatrade Find a tradesperson you can trust/button_Accept All' is present

2020-04-16 09:05:02 - [TEST_STEP][PASSED] - click(findTestObject("Object Repository/Cookies/Page_Checkatrade Find a tradesperson you can trust/button_Accept All"), OPTIONAL): Object: 'Object Repository/Cookies/Page_Checkatrade Find a tradesperson you can trust/button_Accept All' is clicked on

2020-04-16 09:05:02 - [MESSAGE][PASSED] - Object: 'Object Repository/Cookies/Page_Checkatrade Find a tradesperson you can trust/button_Accept All' is clicked on

2020-04-16 09:05:02 - [TEST_STEP][PASSED] - "---------------------------------": null

2020-04-16 09:05:02 - [TEST_STEP][PASSED] - "COOKIE POPOUT REMOVED - Confirmed": null

2020-04-16 09:05:02 - [TEST_STEP][PASSED] - delay(1): Delayed 1 second(s)

2020-04-16 09:05:03 - [MESSAGE][PASSED] - Delayed 1 second(s)

2020-04-16 09:05:03 - [TEST_STEP][PASSED] - verifyTextNotPresent("We use cookies to personalise content and ads, to provide social media features and to analyse our traffic", false): Text 'We use cookies to personalise content and ads, to provide social media features and to analyse our traffic' is not present on page

2020-04-16 09:05:03 - [MESSAGE][PASSED] - Text 'We use cookies to personalise content and ads, to provide social media features and to analyse our traffic' is not present on page

2020-04-16 09:05:03 - [TEST_STEP][PASSED] - verifyTextNotPresent(" We also share information about your use of our site with our social media, advertising and analytics partners", false): Text ' We also share information about your use of our site with our social media, advertising and analytics partners' is not present on page

2020-04-16 09:05:04 - [MESSAGE][PASSED] - Text ' We also share information about your use of our site with our social media, advertising and analytics partners' is not present on page

2020-04-16 09:05:04 - [TEST_STEP][PASSED] - verifyTextNotPresent("Cookie Policy", false): Text 'Cookie Policy' is not present on page

2020-04-16 09:05:04 - [MESSAGE][PASSED] - Text 'Cookie Policy' is not present on page

2020-04-16 09:05:04 - [TEST_STEP][PASSED] - waitForPageLoad(60): Wait for page load successfully

2020-04-16 09:05:04 - [MESSAGE][PASSED] - Wait for page load successfully

2020-04-16 09:05:04 - [TEST_STEP][PASSED] - "COOKIE - ORIGINAL": null

2020-04-16 09:05:04 - [TEST_STEP][PASSED] - if (waitForElementVisible(findTestObject("Object Repository/Feedback/Page_Checkatrade Give your feedback/input_Member_to_Review"), 5)): Web element with id: 'Object Repository/Feedback/Page_Checkatrade Give your feedback/input_Member_to_Review' located by 'By.xpath: //input[@id='feedback-form__company_autocomplete_input']' not found

2020-04-16 09:05:09 - [MESSAGE][INFO] - Unable to find the element located by 'By.xpath: //input[@id='feedback-form__company_autocomplete_input']'. Please recheck the objects properties to make sure the desired element is located. 

2020-04-16 09:05:09 - [MESSAGE][WARNING] - Web element with id: 'Object Repository/Feedback/Page_Checkatrade Give your feedback/input_Member_to_Review' located by 'By.xpath: //input[@id='feedback-form__company_autocomplete_input']' not found

2020-04-16 09:05:09 - [TEST_STEP][PASSED] - else: The <<<OLD>>> Website was detected by the STARTUP Process

2020-04-16 09:05:09 - [TEST_STEP][PASSED] - if (!(verifyElementVisible(findTestObject("Object Repository/Checkatrade_Trade_Search_Page/Page_Checkatrade Find a tradesperson you can trust/input_Search_Button_FF")))): Object 'Object Repository/Checkatrade_Trade_Search_Page/Page_Checkatrade Find a tradesperson you can trust/input_Search_Button_FF' is visible

2020-04-16 09:05:09 - [MESSAGE][PASSED] - Object 'Object Repository/Checkatrade_Trade_Search_Page/Page_Checkatrade Find a tradesperson you can trust/input_Search_Button_FF' is visible

2020-04-16 09:05:09 - [TEST_STEP][PASSED] - else: The <<<OLD>>> Website was detected by the STARTUP Process

2020-04-16 09:05:09 - [TEST_STEP][PASSED] - Website_Version = "old": null

2020-04-16 09:05:09 - [TEST_STEP][PASSED] - logInfo("The <<<OLD>>> Website was detected by the STARTUP Process"): The <<<OLD>>> Website was detected by the STARTUP Process

2020-04-16 09:05:09 - [MESSAGE][INFO] - The <<<OLD>>> Website was detected by the STARTUP Process

2020-04-16 09:05:09 - [MESSAGE][PASSED] - Call Test Case 'Test Cases/Reusable_Test_Sequences/CAT_Setup' successfully

2020-04-16 09:05:09 - [TEST_STEP][PASSED] - " Home Page validation Checks after COOKIE Dispelled": null

2020-04-16 09:05:09 - [TEST_STEP][PASSED] - "---------------------------------------------------------------------": null

2020-04-16 09:05:09 - [TEST_STEP][PASSED] - " Select Search on Trader Name (or ID) From Home page/Search Screen   |": null

2020-04-16 09:05:09 - [TEST_STEP][PASSED] - callTestCase(findTestCase("Reusable_Test_Sequences/CAT_Click_Search_Trade_Name"), [:], STOP_ON_FAILURE): Call Test Case 'Test Cases/Reusable_Test_Sequences/CAT_Click_Search_Trade_Name' successfully

2020-04-16 09:05:09 - [TEST_CASE][PASSED] - Test Cases/Reusable_Test_Sequences/CAT_Click_Search_Trade_Name: Test Cases/Reusable_Test_Sequences/CAT_Click_Search_Trade_Name

2020-04-16 09:05:09 - [TEST_STEP][PASSED] - waitForPageLoad(60): Wait for page load successfully

2020-04-16 09:05:09 - [MESSAGE][PASSED] - Wait for page load successfully

2020-04-16 09:05:09 - [TEST_STEP][PASSED] - if (Website_Version != "new"): Object: 'Object Repository/Page_Checkatrade Find a tradesperson you can trust/a_or look up a member by name' is clicked on

2020-04-16 09:05:09 - [TEST_STEP][PASSED] - waitForElementClickable(findTestObject("Object Repository/Page_Checkatrade Find a tradesperson you can trust/a_or look up a member by name"), 5): Object 'Object Repository/Page_Checkatrade Find a tradesperson you can trust/a_or look up a member by name' is clickable

2020-04-16 09:05:09 - [MESSAGE][PASSED] - Object 'Object Repository/Page_Checkatrade Find a tradesperson you can trust/a_or look up a member by name' is clickable

2020-04-16 09:05:09 - [TEST_STEP][PASSED] - click(findTestObject("Object Repository/Page_Checkatrade Find a tradesperson you can trust/a_or look up a member by name")): Object: 'Object Repository/Page_Checkatrade Find a tradesperson you can trust/a_or look up a member by name' is clicked on

2020-04-16 09:05:09 - [MESSAGE][PASSED] - Object: 'Object Repository/Page_Checkatrade Find a tradesperson you can trust/a_or look up a member by name' is clicked on

2020-04-16 09:05:09 - [TEST_STEP][PASSED] - if (Website_Version != "old"): null

2020-04-16 09:05:09 - [TEST_STEP][PASSED] - waitForPageLoad(60): Wait for page load successfully

2020-04-16 09:05:09 - [MESSAGE][PASSED] - Wait for page load successfully

2020-04-16 09:05:09 - [MESSAGE][PASSED] - Call Test Case 'Test Cases/Reusable_Test_Sequences/CAT_Click_Search_Trade_Name' successfully

2020-04-16 09:05:09 - [TEST_STEP][PASSED] - "---------------------------------------": null

2020-04-16 09:05:09 - [TEST_STEP][PASSED] - " Enter Trader Name (or ID) to Search   |": null

2020-04-16 09:05:09 - [TEST_STEP][PASSED] - callTestCase(findTestCase("Reusable_Test_Sequences/CAT_Enter_Trade_Name_NEG"), [:], STOP_ON_FAILURE): Call Test Case 'Test Cases/Reusable_Test_Sequences/CAT_Enter_Trade_Name_NEG' successfully

2020-04-16 09:05:09 - [TEST_CASE][PASSED] - Test Cases/Reusable_Test_Sequences/CAT_Enter_Trade_Name_NEG: Test Cases/Reusable_Test_Sequences/CAT_Enter_Trade_Name_NEG

2020-04-16 09:05:09 - [TEST_STEP][PASSED] - if (Website_Version != "new"): Text '£!_+@~#?|*' is set on object 'Object Repository/Page_Checkatrade Find a tradesperson you can trust/Trader_Name_To_Search'

2020-04-16 09:05:09 - [TEST_STEP][PASSED] - waitForElementClickable(findTestObject("Object Repository/Page_Checkatrade Find a tradesperson you can trust/Trader_Name_To_Search"), 5): Object 'Object Repository/Page_Checkatrade Find a tradesperson you can trust/Trader_Name_To_Search' is clickable

2020-04-16 09:05:09 - [MESSAGE][PASSED] - Object 'Object Repository/Page_Checkatrade Find a tradesperson you can trust/Trader_Name_To_Search' is clickable

2020-04-16 09:05:09 - [TEST_STEP][PASSED] - setText(findTestObject("Object Repository/Page_Checkatrade Find a tradesperson you can trust/Trader_Name_To_Search"), findTestData("Search_CAT_ID_Data_NEG").getValue("tradeName", row)): Text '£!_+@~#?|*' is set on object 'Object Repository/Page_Checkatrade Find a tradesperson you can trust/Trader_Name_To_Search'

2020-04-16 09:05:10 - [MESSAGE][PASSED] - Text '£!_+@~#?|*' is set on object 'Object Repository/Page_Checkatrade Find a tradesperson you can trust/Trader_Name_To_Search'

2020-04-16 09:05:10 - [MESSAGE][PASSED] - Call Test Case 'Test Cases/Reusable_Test_Sequences/CAT_Enter_Trade_Name_NEG' successfully

2020-04-16 09:05:10 - [TEST_STEP][PASSED] - "---------------------------------------": null

2020-04-16 09:05:10 - [TEST_STEP][PASSED] - " Search Trader Name (or ID)            |": null

2020-04-16 09:05:10 - [TEST_STEP][PASSED] - "---------------------------------------": null

2020-04-16 09:05:10 - [TEST_STEP][PASSED] - "---------------------------------------": null

2020-04-16 09:05:10 - [TEST_STEP][PASSED] - " Expected ERROR Reported               |": null

2020-04-16 09:05:10 - [TEST_STEP][PASSED] - callTestCase(findTestCase("Reusable_Test_Sequences/CAT_Search_Tradename_Not_Returned"), [:], CONTINUE_ON_FAILURE): Call Test Case 'Test Cases/Reusable_Test_Sequences/CAT_Search_Tradename_Not_Returned' successfully

2020-04-16 09:05:10 - [TEST_CASE][PASSED] - Test Cases/Reusable_Test_Sequences/CAT_Search_Tradename_Not_Returned: Test Cases/Reusable_Test_Sequences/CAT_Search_Tradename_Not_Returned

2020-04-16 09:05:10 - [TEST_STEP][PASSED] - "For later Extension": null

2020-04-16 09:05:10 - [TEST_STEP][PASSED] - "--------------------------------": null

2020-04-16 09:05:10 - [TEST_STEP][PASSED] - " Verify Sorry and Not Here Link |": null

2020-04-16 09:05:10 - [TEST_STEP][PASSED] - delay(1): Delayed 1 second(s)

2020-04-16 09:05:11 - [MESSAGE][PASSED] - Delayed 1 second(s)

2020-04-16 09:05:11 - [TEST_STEP][PASSED] - waitForPageLoad(60): Wait for page load successfully

2020-04-16 09:05:11 - [MESSAGE][PASSED] - Wait for page load successfully

2020-04-16 09:05:11 - [TEST_STEP][PASSED] - verifyElementPresent(findTestObject("Page_Checkatrade Find a tradesperson you can trust/a_or look up a member by name"), 10): Object 'Object Repository/Page_Checkatrade Find a tradesperson you can trust/a_or look up a member by name' is present

2020-04-16 09:05:11 - [MESSAGE][PASSED] - Object 'Object Repository/Page_Checkatrade Find a tradesperson you can trust/a_or look up a member by name' is present

2020-04-16 09:05:11 - [TEST_STEP][PASSED] - verifyTextPresent("Sorry, no results found", false): Text 'Sorry, no results found' is present on page 

2020-04-16 09:05:11 - [MESSAGE][PASSED] - Text 'Sorry, no results found' is present on page 

2020-04-16 09:05:11 - [TEST_STEP][PASSED] - verifyTextPresent("Not here", false): Text 'Not here' is present on page 

2020-04-16 09:05:11 - [MESSAGE][PASSED] - Text 'Not here' is present on page 

2020-04-16 09:05:11 - [TEST_STEP][PASSED] - "--------------------------------": null

2020-04-16 09:05:11 - [TEST_STEP][PASSED] - " Navigate Not Here Link         |": null

2020-04-16 09:05:11 - [TEST_STEP][PASSED] - waitForElementClickable(findTestObject("Object Repository/Page_Checkatrade Find a tradesperson you can trust/a_Not here"), 10): Object 'Object Repository/Page_Checkatrade Find a tradesperson you can trust/a_Not here' is clickable

2020-04-16 09:05:11 - [MESSAGE][PASSED] - Object 'Object Repository/Page_Checkatrade Find a tradesperson you can trust/a_Not here' is clickable

2020-04-16 09:05:11 - [TEST_STEP][PASSED] - click(findTestObject("Object Repository/Page_Checkatrade Find a tradesperson you can trust/a_Not here")): Object: 'Object Repository/Page_Checkatrade Find a tradesperson you can trust/a_Not here' is clicked on

2020-04-16 09:05:12 - [MESSAGE][PASSED] - Object: 'Object Repository/Page_Checkatrade Find a tradesperson you can trust/a_Not here' is clicked on

2020-04-16 09:05:12 - [TEST_STEP][PASSED] - "--------------------------------": null

2020-04-16 09:05:12 - [TEST_STEP][PASSED] - " Verify Returned Page           |": null

2020-04-16 09:05:12 - [TEST_STEP][PASSED] - "--------------------------------": null

2020-04-16 09:05:12 - [TEST_STEP][PASSED] - delay(3): Delayed 3 second(s)

2020-04-16 09:05:15 - [MESSAGE][PASSED] - Delayed 3 second(s)

2020-04-16 09:05:15 - [TEST_STEP][PASSED] - waitForPageLoad(60): Wait for page load successfully

2020-04-16 09:05:15 - [MESSAGE][PASSED] - Wait for page load successfully

2020-04-16 09:05:15 - [TEST_STEP][PASSED] - waitForElementClickable(findTestObject("Object Repository/Page_Checkatrade Find a tradesperson you can trust/link_Give_Your_Feedback"), 25): Object 'Object Repository/Page_Checkatrade Find a tradesperson you can trust/link_Give_Your_Feedback' is clickable

2020-04-16 09:05:15 - [MESSAGE][PASSED] - Object 'Object Repository/Page_Checkatrade Find a tradesperson you can trust/link_Give_Your_Feedback' is clickable

2020-04-16 09:05:15 - [TEST_STEP][PASSED] - verifyTextPresent("Company not listed?", false): Text 'Company not listed?' is present on page 

2020-04-16 09:05:15 - [MESSAGE][PASSED] - Text 'Company not listed?' is present on page 

2020-04-16 09:05:15 - [TEST_STEP][PASSED] - verifyTextPresent("If you are considering employing a particular company but cannot find them in our list of members", false): Text 'If you are considering employing a particular company but cannot find them in our list of members' is present on page 

2020-04-16 09:05:15 - [MESSAGE][PASSED] - Text 'If you are considering employing a particular company but cannot find them in our list of members' is present on page 

2020-04-16 09:05:15 - [TEST_STEP][PASSED] - verifyTextPresent("it may be because they are not a member of Checkatrade", false): Text 'it may be because they are not a member of Checkatrade' is present on page 

2020-04-16 09:05:15 - [MESSAGE][PASSED] - Text 'it may be because they are not a member of Checkatrade' is present on page 

2020-04-16 09:05:15 - [TEST_STEP][PASSED] - verifyTextPresent("If you would like to recommend a company to us, please give your feedback", false): Text 'If you would like to recommend a company to us, please give your feedback' is present on page 

2020-04-16 09:05:15 - [MESSAGE][PASSED] - Text 'If you would like to recommend a company to us, please give your feedback' is present on page 

2020-04-16 09:05:15 - [TEST_STEP][PASSED] - verifyTextPresent("If you would like help searching for a company, please call 0333 0146 190", false): Text 'If you would like help searching for a company, please call 0333 0146 190' is present on page 

2020-04-16 09:05:15 - [MESSAGE][PASSED] - Text 'If you would like help searching for a company, please call 0333 0146 190' is present on page 

2020-04-16 09:05:15 - [TEST_STEP][PASSED] - "----------------------------------------": null

2020-04-16 09:05:15 - [TEST_STEP][PASSED] - "----------------------------------------": null

2020-04-16 09:05:15 - [TEST_STEP][PASSED] - "Give Feedback Link NOT CHECKED Here     |": null

2020-04-16 09:05:15 - [TEST_STEP][PASSED] - System.gc(): null

2020-04-16 09:05:16 - [MESSAGE][PASSED] - Call Test Case 'Test Cases/Reusable_Test_Sequences/CAT_Search_Tradename_Not_Returned' successfully

2020-04-16 09:05:16 - [TEST_STEP][PASSED] - "--------------------------": null

2020-04-16 09:05:16 - [TEST_STEP][PASSED] - " Teardown - CLose Browser |": null

2020-04-16 09:05:16 - [TEST_STEP][PASSED] - callTestCase(findTestCase("Reusable_Test_Sequences/CAT_Teardown"), [:], OPTIONAL): Call Test Case 'Test Cases/Reusable_Test_Sequences/CAT_Teardown' successfully

2020-04-16 09:05:16 - [TEST_CASE][PASSED] - Test Cases/Reusable_Test_Sequences/CAT_Teardown: Test Cases/Reusable_Test_Sequences/CAT_Teardown

2020-04-16 09:05:16 - [TEST_STEP][PASSED] - closeBrowser(): Browser is closed

2020-04-16 09:05:16 - [MESSAGE][PASSED] - Browser is closed

2020-04-16 09:05:16 - [TEST_STEP][PASSED] - super.finalize(): null

2020-04-16 09:05:16 - [TEST_STEP][PASSED] - System.gc(): null

2020-04-16 09:05:17 - [MESSAGE][PASSED] - Call Test Case 'Test Cases/Reusable_Test_Sequences/CAT_Teardown' successfully]]></system-out>
         <system-err><![CDATA[]]></system-err>
      </testcase>
      <system-out><![CDATA[2020-04-16 08:59:52 - [TEST_SUITE][PASSED] - Trade_Name_Multiple_Search: Test Cases/Checkatrade_Tradesman_Searches/Trader_Name_Not_Listed]]></system-out>
      <system-err><![CDATA[]]></system-err>
   </testsuite>
</testsuites>
