<?xml version="1.0" encoding="UTF-8"?>
<testsuites name="Web_Office_Settings_Web_Office" time="533.316" tests="25" failures="0" errors="0">
   <testsuite name="Web_Office_Settings_Web_Office" tests="25" failures="0" errors="0" time="533.316" timestamp="2020-04-24 08:29:10" hostname="DavidHo - 192.168.1.238" id="Test Suites/Web_Office_Settings_Web_Office">
      <properties>
         <property name="deviceName" value=""/>
         <property name="devicePlatform" value=""/>
         <property name="logFolder" value="C:\\Users\\davidho\\git\\src\\Reports\\20200424_080005\\Web_Office_Settings_Web_Office\\20200424_080015"/>
         <property name="logFiles" value="C:\\Users\\davidho\\git\\src\\Reports\\20200424_080005\\Web_Office_Settings_Web_Office\\20200424_080015\\execution0.log"/>
         <property name="attachments" value=""/>
         <property name="hostName" value="DavidHo - 192.168.1.238"/>
         <property name="os" value="Windows 10 32bit"/>
         <property name="katalonVersion" value="7.4.0.1"/>
         <property name="browser" value="Chrome 81.0.4044.122"/>
         <property name="hostAddress" value="192.168.1.238"/>
         <property name="sessionId" value="d0085ae63bdcd5a539929d9fbe339365"/>
         <property name="seleniumVersion" value="3.141.59"/>
         <property name="proxyInformation" value="ProxyInformation{proxyOption=NO_PROXY, proxyServerType=HTTP, password=, proxyServerAddress=, proxyServerPort=0, executionList=}"/>
         <property name="platform" value="Windows 10"/>
      </properties>
      <testcase name="Test Cases/Web_Office/Settings/Web_Office/Application_Forms" time="22.807" classname="Test Cases/Web_Office/Settings/Web_Office/Application_Forms" status="PASSED">
         <system-out><![CDATA[2020-04-24 08:29:10 - [TEST_CASE][PASSED] - Test Cases/Web_Office/Settings/Web_Office/Application_Forms: Test Cases/Web_Office/Settings/Web_Office/Application_Forms

2020-04-24 08:29:11 - [TEST_STEP][PASSED] - "--------------------------------------": null

2020-04-24 08:29:11 - [TEST_STEP][PASSED] - " Web Office StartUp                  |": null

2020-04-24 08:29:11 - [TEST_STEP][PASSED] - callTestCase(findTestCase("Reusable_Test_Sequences/Web_Office/Directives/WebOffice_StartUp"), [:], STOP_ON_FAILURE): Call Test Case 'Test Cases/Reusable_Test_Sequences/Web_Office/Directives/WebOffice_StartUp' successfully

2020-04-24 08:29:11 - [TEST_CASE][PASSED] - Test Cases/Reusable_Test_Sequences/Web_Office/Directives/WebOffice_StartUp: Test Cases/Reusable_Test_Sequences/Web_Office/Directives/WebOffice_StartUp

2020-04-24 08:29:11 - [TEST_STEP][PASSED] - "-----------------------------------------------------------------------------": null

2020-04-24 08:29:11 - [TEST_STEP][PASSED] - if (URL == "https://www.dev.checkatrade.com/"): null

2020-04-24 08:29:12 - [TEST_STEP][PASSED] - "-----------------------------------------------------------------------------": null

2020-04-24 08:29:12 - [TEST_STEP][PASSED] - if (URL == "https://www.checkatrade.com/"): null

2020-04-24 08:29:12 - [TEST_STEP][PASSED] - "-----------------------------------------------------------------------------": null

2020-04-24 08:29:12 - [TEST_STEP][PASSED] - if (URL == "https://www.preview.checkatrade.com/"): null

2020-04-24 08:29:12 - [TEST_STEP][PASSED] - WebOfficeURL = "https://admin.preview.checkatrade.com/": null

2020-04-24 08:29:12 - [TEST_STEP][PASSED] - if (URL == "https://www.dev2.checkatrade.com/"): null

2020-04-24 08:29:12 - [TEST_STEP][PASSED] - "Set Function Area for "URL_Handler", URL Resolution": null

2020-04-24 08:29:12 - [TEST_STEP][PASSED] - "Do Some Magic with URL(s) See the comments within URL Handler ": null

2020-04-24 08:29:12 - [TEST_STEP][PASSED] - "------------------------------------------------": null

2020-04-24 08:29:12 - [TEST_STEP][PASSED] - "Moved Login Credentials to <Default> profile 22/01/2020": null

2020-04-24 08:29:12 - [TEST_STEP][PASSED] - "------------------------------------------------": null

2020-04-24 08:29:12 - [TEST_STEP][PASSED] - "WebOfficeURL - Set from the ENVIRONMENT PROFILE ": null

2020-04-24 08:29:12 - [TEST_STEP][PASSED] - "OPEN BROWSER": null

2020-04-24 08:29:12 - [TEST_STEP][PASSED] - "eg - https://admin.preview.checkatrade.com/  ": null

2020-04-24 08:29:12 - [TEST_STEP][PASSED] - openBrowser(WebOfficeURL): Browser is opened with url: 'https://admin.preview.checkatrade.com/'

2020-04-24 08:29:13 - [MESSAGE][INFO] - Starting 'Chrome' driver

2020-04-24 08:29:13 - [MESSAGE][INFO] - Action delay is set to 0 milliseconds

2020-04-24 08:29:20 - [MESSAGE][PASSED] - Browser is opened with url: 'https://admin.preview.checkatrade.com/'

2020-04-24 08:29:20 - [TEST_STEP][PASSED] - maximizeWindow(): Current window maximized

2020-04-24 08:29:22 - [MESSAGE][PASSED] - Current window maximized

2020-04-24 08:29:22 - [TEST_STEP][PASSED] - waitForElementClickable(findTestObject("Object Repository/WebOffice/Page_Checkatrade - Administration - Login/Login_Button"), 25): Object 'Object Repository/WebOffice/Page_Checkatrade - Administration - Login/Login_Button' is clickable

2020-04-24 08:29:23 - [MESSAGE][PASSED] - Object 'Object Repository/WebOffice/Page_Checkatrade - Administration - Login/Login_Button' is clickable

2020-04-24 08:29:23 - [TEST_STEP][PASSED] - verifyTextPresent("Checkatrade Web Office", false): Text 'Checkatrade Web Office' is present on page 

2020-04-24 08:29:24 - [MESSAGE][PASSED] - Text 'Checkatrade Web Office' is present on page 

2020-04-24 08:29:24 - [TEST_STEP][PASSED] - verifyTextPresent("Access for staff use only", false): Text 'Access for staff use only' is present on page 

2020-04-24 08:29:24 - [MESSAGE][PASSED] - Text 'Access for staff use only' is present on page 

2020-04-24 08:29:24 - [TEST_STEP][PASSED] - verifyTextPresent("Forgotten password?", false): Text 'Forgotten password?' is present on page 

2020-04-24 08:29:24 - [MESSAGE][PASSED] - Text 'Forgotten password?' is present on page 

2020-04-24 08:29:24 - [TEST_STEP][PASSED] - setText(findTestObject("Object Repository/WebOffice/Page_Checkatrade - Administration - Login/input_Username_LoginControlUserName"), wo_Username): Text 'DavidHo' is set on object 'Object Repository/WebOffice/Page_Checkatrade - Administration - Login/input_Username_LoginControlUserName'

2020-04-24 08:29:24 - [MESSAGE][PASSED] - Text 'DavidHo' is set on object 'Object Repository/WebOffice/Page_Checkatrade - Administration - Login/input_Username_LoginControlUserName'

2020-04-24 08:29:24 - [TEST_STEP][PASSED] - setText(findTestObject("Object Repository/WebOffice/Page_Checkatrade - Administration - Login/input_Password_LoginControlPassword"), wo_Password): Text 'Check123' is set on object 'Object Repository/WebOffice/Page_Checkatrade - Administration - Login/input_Password_LoginControlPassword'

2020-04-24 08:29:25 - [MESSAGE][PASSED] - Text 'Check123' is set on object 'Object Repository/WebOffice/Page_Checkatrade - Administration - Login/input_Password_LoginControlPassword'

2020-04-24 08:29:25 - [TEST_STEP][PASSED] - click(findTestObject("Object Repository/WebOffice/Page_Checkatrade - Administration - Login/Login_Button")): Object: 'Object Repository/WebOffice/Page_Checkatrade - Administration - Login/Login_Button' is clicked on

2020-04-24 08:29:26 - [MESSAGE][PASSED] - Object: 'Object Repository/WebOffice/Page_Checkatrade - Administration - Login/Login_Button' is clicked on

2020-04-24 08:29:26 - [TEST_STEP][PASSED] - waitForPageLoad(60): Wait for page load successfully

2020-04-24 08:29:26 - [MESSAGE][PASSED] - Wait for page load successfully

2020-04-24 08:29:26 - [TEST_STEP][PASSED] - verifyTextPresent("Welcome " + wo_Username, false): Text 'Welcome DavidHo' is present on page 

2020-04-24 08:29:26 - [MESSAGE][PASSED] - Text 'Welcome DavidHo' is present on page 

2020-04-24 08:29:26 - [MESSAGE][PASSED] - Call Test Case 'Test Cases/Reusable_Test_Sequences/Web_Office/Directives/WebOffice_StartUp' successfully

2020-04-24 08:29:26 - [TEST_STEP][PASSED] - "-----------------------------------------------------------------": null

2020-04-24 08:29:26 - [TEST_STEP][PASSED] - " Navigate to <Settings->Checkatrade.Com->Sub Item> Menu Item     |": null

2020-04-24 08:29:26 - [TEST_STEP][PASSED] - callTestCase(findTestCase("Reusable_Test_Sequences/Web_Office/Navigation/Sub_Menu_Navigation/Settings/Web_Office/Application_Forms"), [:], STOP_ON_FAILURE): Call Test Case 'Test Cases/Reusable_Test_Sequences/Web_Office/Navigation/Sub_Menu_Navigation/Settings/Web_Office/Application_Forms' successfully

2020-04-24 08:29:26 - [TEST_CASE][PASSED] - Test Cases/Reusable_Test_Sequences/Web_Office/Navigation/Sub_Menu_Navigation/Settings/Web_Office/Application_Forms: Test Cases/Reusable_Test_Sequences/Web_Office/Navigation/Sub_Menu_Navigation/Settings/Web_Office/Application_Forms

2020-04-24 08:29:27 - [TEST_STEP][PASSED] - "--------------------------------------": null

2020-04-24 08:29:27 - [TEST_STEP][PASSED] - " Navigate Top level menu Item         |": null

2020-04-24 08:29:27 - [TEST_STEP][PASSED] - waitForPageLoad(60): Wait for page load successfully

2020-04-24 08:29:27 - [MESSAGE][PASSED] - Wait for page load successfully

2020-04-24 08:29:27 - [TEST_STEP][PASSED] - waitForElementClickable(findTestObject("Object Repository/WebOffice_Home_page/a_Settings"), 60): Object 'Object Repository/WebOffice_Home_page/a_Settings' is clickable

2020-04-24 08:29:27 - [MESSAGE][PASSED] - Object 'Object Repository/WebOffice_Home_page/a_Settings' is clickable

2020-04-24 08:29:27 - [TEST_STEP][PASSED] - mouseOver(findTestObject("Object Repository/WebOffice_Home_page/a_Settings")): Object: 'Object Repository/WebOffice_Home_page/a_Settings' is hovered

2020-04-24 08:29:27 - [MESSAGE][PASSED] - Object: 'Object Repository/WebOffice_Home_page/a_Settings' is hovered

2020-04-24 08:29:27 - [TEST_STEP][PASSED] - mouseOver(findTestObject("Object Repository/WebOffice_Home_page/a_Web Office")): Object: 'Object Repository/WebOffice_Home_page/a_Web Office' is hovered

2020-04-24 08:29:27 - [MESSAGE][PASSED] - Object: 'Object Repository/WebOffice_Home_page/a_Web Office' is hovered

2020-04-24 08:29:27 - [TEST_STEP][PASSED] - waitForElementClickable(findTestObject("Object Repository/WebOffice_Home_page/a_Application Forms"), 1): Object 'Object Repository/WebOffice_Home_page/a_Application Forms' is clickable

2020-04-24 08:29:27 - [MESSAGE][PASSED] - Object 'Object Repository/WebOffice_Home_page/a_Application Forms' is clickable

2020-04-24 08:29:27 - [TEST_STEP][PASSED] - click(findTestObject("Object Repository/WebOffice_Home_page/a_Application Forms")): Object: 'Object Repository/WebOffice_Home_page/a_Application Forms' is clicked on

2020-04-24 08:29:28 - [MESSAGE][PASSED] - Object: 'Object Repository/WebOffice_Home_page/a_Application Forms' is clicked on

2020-04-24 08:29:28 - [MESSAGE][PASSED] - Call Test Case 'Test Cases/Reusable_Test_Sequences/Web_Office/Navigation/Sub_Menu_Navigation/Settings/Web_Office/Application_Forms' successfully

2020-04-24 08:29:28 - [TEST_STEP][PASSED] - "--------------------------------------": null

2020-04-24 08:29:28 - [TEST_STEP][PASSED] - " Verify Returned Page Detail          |": null

2020-04-24 08:29:28 - [TEST_STEP][PASSED] - callTestCase(findTestCase("Reusable_Test_Sequences/Web_Office/Verification/Settings/Web_Office/Application_Forms"), [:], OPTIONAL): Call Test Case 'Test Cases/Reusable_Test_Sequences/Web_Office/Verification/Settings/Web_Office/Application_Forms' successfully

2020-04-24 08:29:28 - [TEST_CASE][PASSED] - Test Cases/Reusable_Test_Sequences/Web_Office/Verification/Settings/Web_Office/Application_Forms: Test Cases/Reusable_Test_Sequences/Web_Office/Verification/Settings/Web_Office/Application_Forms

2020-04-24 08:29:28 - [TEST_STEP][PASSED] - waitForPageLoad(60): Wait for page load successfully

2020-04-24 08:29:29 - [MESSAGE][PASSED] - Wait for page load successfully

2020-04-24 08:29:29 - [TEST_STEP][PASSED] - delay(1): Delayed 1 second(s)

2020-04-24 08:29:30 - [MESSAGE][PASSED] - Delayed 1 second(s)

2020-04-24 08:29:30 - [TEST_STEP][PASSED] - verifyTextPresent("Application Forms", false): Text 'Application Forms' is present on page 

2020-04-24 08:29:30 - [MESSAGE][PASSED] - Text 'Application Forms' is present on page 

2020-04-24 08:29:30 - [TEST_STEP][PASSED] - "----------------------------------------------": null

2020-04-24 08:29:30 - [TEST_STEP][PASSED] - verifyTextPresent("Select a company", false): Text 'Select a company' is present on page 

2020-04-24 08:29:30 - [MESSAGE][PASSED] - Text 'Select a company' is present on page 

2020-04-24 08:29:30 - [TEST_STEP][PASSED] - verifyTextPresent("Membership Details", false): Text 'Membership Details' is present on page 

2020-04-24 08:29:30 - [MESSAGE][PASSED] - Text 'Membership Details' is present on page 

2020-04-24 08:29:30 - [TEST_STEP][PASSED] - verifyTextPresent("Please check that these details correspond to the company whose application form you wish to unsubmit", false): Text 'Please check that these details correspond to the company whose application form you wish to unsubmit' is present on page 

2020-04-24 08:29:30 - [MESSAGE][PASSED] - Text 'Please check that these details correspond to the company whose application form you wish to unsubmit' is present on page 

2020-04-24 08:29:30 - [TEST_STEP][PASSED] - verifyTextPresent("Application Forms", false): Text 'Application Forms' is present on page 

2020-04-24 08:29:30 - [MESSAGE][PASSED] - Text 'Application Forms' is present on page 

2020-04-24 08:29:30 - [MESSAGE][PASSED] - Call Test Case 'Test Cases/Reusable_Test_Sequences/Web_Office/Verification/Settings/Web_Office/Application_Forms' successfully

2020-04-24 08:29:30 - [TEST_STEP][PASSED] - "--------------------------": null

2020-04-24 08:29:30 - [TEST_STEP][PASSED] - " Teardown - CLose Browser |": null

2020-04-24 08:29:30 - [TEST_STEP][PASSED] - callTestCase(findTestCase("Reusable_Test_Sequences/CAT_Teardown"), [:], OPTIONAL): Call Test Case 'Test Cases/Reusable_Test_Sequences/CAT_Teardown' successfully

2020-04-24 08:29:30 - [TEST_CASE][PASSED] - Test Cases/Reusable_Test_Sequences/CAT_Teardown: Test Cases/Reusable_Test_Sequences/CAT_Teardown

2020-04-24 08:29:31 - [TEST_STEP][PASSED] - closeBrowser(): Browser is closed

2020-04-24 08:29:33 - [MESSAGE][PASSED] - Browser is closed

2020-04-24 08:29:33 - [TEST_STEP][PASSED] - super.finalize(): null

2020-04-24 08:29:33 - [TEST_STEP][PASSED] - System.gc(): null

2020-04-24 08:29:33 - [MESSAGE][PASSED] - Call Test Case 'Test Cases/Reusable_Test_Sequences/CAT_Teardown' successfully]]></system-out>
         <system-err><![CDATA[]]></system-err>
      </testcase>
      <testcase name="Test Cases/Web_Office/Settings/Web_Office/Marketing_Materials" time="26.654" classname="Test Cases/Web_Office/Settings/Web_Office/Marketing_Materials" status="PASSED">
         <system-out><![CDATA[2020-04-24 08:29:33 - [TEST_CASE][PASSED] - Test Cases/Web_Office/Settings/Web_Office/Marketing_Materials: Test Cases/Web_Office/Settings/Web_Office/Marketing_Materials

2020-04-24 08:29:34 - [TEST_STEP][PASSED] - "--------------------------------------": null

2020-04-24 08:29:34 - [TEST_STEP][PASSED] - " Web Office StartUp                  |": null

2020-04-24 08:29:34 - [TEST_STEP][PASSED] - callTestCase(findTestCase("Reusable_Test_Sequences/Web_Office/Directives/WebOffice_StartUp"), [:], STOP_ON_FAILURE): Call Test Case 'Test Cases/Reusable_Test_Sequences/Web_Office/Directives/WebOffice_StartUp' successfully

2020-04-24 08:29:34 - [TEST_CASE][PASSED] - Test Cases/Reusable_Test_Sequences/Web_Office/Directives/WebOffice_StartUp: Test Cases/Reusable_Test_Sequences/Web_Office/Directives/WebOffice_StartUp

2020-04-24 08:29:34 - [TEST_STEP][PASSED] - "-----------------------------------------------------------------------------": null

2020-04-24 08:29:34 - [TEST_STEP][PASSED] - if (URL == "https://www.dev.checkatrade.com/"): null

2020-04-24 08:29:34 - [TEST_STEP][PASSED] - "-----------------------------------------------------------------------------": null

2020-04-24 08:29:34 - [TEST_STEP][PASSED] - if (URL == "https://www.checkatrade.com/"): null

2020-04-24 08:29:34 - [TEST_STEP][PASSED] - "-----------------------------------------------------------------------------": null

2020-04-24 08:29:34 - [TEST_STEP][PASSED] - if (URL == "https://www.preview.checkatrade.com/"): null

2020-04-24 08:29:34 - [TEST_STEP][PASSED] - WebOfficeURL = "https://admin.preview.checkatrade.com/": null

2020-04-24 08:29:34 - [TEST_STEP][PASSED] - if (URL == "https://www.dev2.checkatrade.com/"): null

2020-04-24 08:29:34 - [TEST_STEP][PASSED] - "Set Function Area for "URL_Handler", URL Resolution": null

2020-04-24 08:29:34 - [TEST_STEP][PASSED] - "Do Some Magic with URL(s) See the comments within URL Handler ": null

2020-04-24 08:29:34 - [TEST_STEP][PASSED] - "------------------------------------------------": null

2020-04-24 08:29:34 - [TEST_STEP][PASSED] - "Moved Login Credentials to <Default> profile 22/01/2020": null

2020-04-24 08:29:34 - [TEST_STEP][PASSED] - "------------------------------------------------": null

2020-04-24 08:29:34 - [TEST_STEP][PASSED] - "WebOfficeURL - Set from the ENVIRONMENT PROFILE ": null

2020-04-24 08:29:34 - [TEST_STEP][PASSED] - "OPEN BROWSER": null

2020-04-24 08:29:34 - [TEST_STEP][PASSED] - "eg - https://admin.preview.checkatrade.com/  ": null

2020-04-24 08:29:34 - [TEST_STEP][PASSED] - openBrowser(WebOfficeURL): Browser is opened with url: 'https://admin.preview.checkatrade.com/'

2020-04-24 08:29:34 - [MESSAGE][INFO] - Starting 'Chrome' driver

2020-04-24 08:29:34 - [MESSAGE][INFO] - Action delay is set to 0 milliseconds

2020-04-24 08:29:39 - [MESSAGE][PASSED] - Browser is opened with url: 'https://admin.preview.checkatrade.com/'

2020-04-24 08:29:39 - [TEST_STEP][PASSED] - maximizeWindow(): Current window maximized

2020-04-24 08:29:41 - [MESSAGE][PASSED] - Current window maximized

2020-04-24 08:29:41 - [TEST_STEP][PASSED] - waitForElementClickable(findTestObject("Object Repository/WebOffice/Page_Checkatrade - Administration - Login/Login_Button"), 25): Object 'Object Repository/WebOffice/Page_Checkatrade - Administration - Login/Login_Button' is clickable

2020-04-24 08:29:41 - [MESSAGE][PASSED] - Object 'Object Repository/WebOffice/Page_Checkatrade - Administration - Login/Login_Button' is clickable

2020-04-24 08:29:41 - [TEST_STEP][PASSED] - verifyTextPresent("Checkatrade Web Office", false): Text 'Checkatrade Web Office' is present on page 

2020-04-24 08:29:41 - [MESSAGE][PASSED] - Text 'Checkatrade Web Office' is present on page 

2020-04-24 08:29:41 - [TEST_STEP][PASSED] - verifyTextPresent("Access for staff use only", false): Text 'Access for staff use only' is present on page 

2020-04-24 08:29:42 - [MESSAGE][PASSED] - Text 'Access for staff use only' is present on page 

2020-04-24 08:29:42 - [TEST_STEP][PASSED] - verifyTextPresent("Forgotten password?", false): Text 'Forgotten password?' is present on page 

2020-04-24 08:29:42 - [MESSAGE][PASSED] - Text 'Forgotten password?' is present on page 

2020-04-24 08:29:42 - [TEST_STEP][PASSED] - setText(findTestObject("Object Repository/WebOffice/Page_Checkatrade - Administration - Login/input_Username_LoginControlUserName"), wo_Username): Text 'DavidHo' is set on object 'Object Repository/WebOffice/Page_Checkatrade - Administration - Login/input_Username_LoginControlUserName'

2020-04-24 08:29:42 - [MESSAGE][PASSED] - Text 'DavidHo' is set on object 'Object Repository/WebOffice/Page_Checkatrade - Administration - Login/input_Username_LoginControlUserName'

2020-04-24 08:29:42 - [TEST_STEP][PASSED] - setText(findTestObject("Object Repository/WebOffice/Page_Checkatrade - Administration - Login/input_Password_LoginControlPassword"), wo_Password): Text 'Check123' is set on object 'Object Repository/WebOffice/Page_Checkatrade - Administration - Login/input_Password_LoginControlPassword'

2020-04-24 08:29:42 - [MESSAGE][PASSED] - Text 'Check123' is set on object 'Object Repository/WebOffice/Page_Checkatrade - Administration - Login/input_Password_LoginControlPassword'

2020-04-24 08:29:42 - [TEST_STEP][PASSED] - click(findTestObject("Object Repository/WebOffice/Page_Checkatrade - Administration - Login/Login_Button")): Object: 'Object Repository/WebOffice/Page_Checkatrade - Administration - Login/Login_Button' is clicked on

2020-04-24 08:29:43 - [MESSAGE][PASSED] - Object: 'Object Repository/WebOffice/Page_Checkatrade - Administration - Login/Login_Button' is clicked on

2020-04-24 08:29:43 - [TEST_STEP][PASSED] - waitForPageLoad(60): Wait for page load successfully

2020-04-24 08:29:43 - [MESSAGE][PASSED] - Wait for page load successfully

2020-04-24 08:29:43 - [TEST_STEP][PASSED] - verifyTextPresent("Welcome " + wo_Username, false): Text 'Welcome DavidHo' is present on page 

2020-04-24 08:29:43 - [MESSAGE][PASSED] - Text 'Welcome DavidHo' is present on page 

2020-04-24 08:29:43 - [MESSAGE][PASSED] - Call Test Case 'Test Cases/Reusable_Test_Sequences/Web_Office/Directives/WebOffice_StartUp' successfully

2020-04-24 08:29:43 - [TEST_STEP][PASSED] - "-----------------------------------------------------------------": null

2020-04-24 08:29:43 - [TEST_STEP][PASSED] - " Navigate to <Settings->Checkatrade.Com->Sub Item> Menu Item     |": null

2020-04-24 08:29:43 - [TEST_STEP][PASSED] - callTestCase(findTestCase("Reusable_Test_Sequences/Web_Office/Navigation/Sub_Menu_Navigation/Settings/Web_Office/Marketing_Materials"), [:], STOP_ON_FAILURE): Call Test Case 'Test Cases/Reusable_Test_Sequences/Web_Office/Navigation/Sub_Menu_Navigation/Settings/Web_Office/Marketing_Materials' successfully

2020-04-24 08:29:44 - [TEST_CASE][PASSED] - Test Cases/Reusable_Test_Sequences/Web_Office/Navigation/Sub_Menu_Navigation/Settings/Web_Office/Marketing_Materials: Test Cases/Reusable_Test_Sequences/Web_Office/Navigation/Sub_Menu_Navigation/Settings/Web_Office/Marketing_Materials

2020-04-24 08:29:44 - [TEST_STEP][PASSED] - "--------------------------------------": null

2020-04-24 08:29:44 - [TEST_STEP][PASSED] - " Navigate Top level menu Item         |": null

2020-04-24 08:29:44 - [TEST_STEP][PASSED] - waitForPageLoad(60): Wait for page load successfully

2020-04-24 08:29:44 - [MESSAGE][PASSED] - Wait for page load successfully

2020-04-24 08:29:44 - [TEST_STEP][PASSED] - waitForElementClickable(findTestObject("Object Repository/WebOffice_Home_page/a_Settings"), 60): Object 'Object Repository/WebOffice_Home_page/a_Settings' is clickable

2020-04-24 08:29:44 - [MESSAGE][PASSED] - Object 'Object Repository/WebOffice_Home_page/a_Settings' is clickable

2020-04-24 08:29:44 - [TEST_STEP][PASSED] - mouseOver(findTestObject("Object Repository/WebOffice_Home_page/a_Settings")): Object: 'Object Repository/WebOffice_Home_page/a_Settings' is hovered

2020-04-24 08:29:44 - [MESSAGE][PASSED] - Object: 'Object Repository/WebOffice_Home_page/a_Settings' is hovered

2020-04-24 08:29:44 - [TEST_STEP][PASSED] - mouseOver(findTestObject("Object Repository/WebOffice_Home_page/a_Web Office")): Object: 'Object Repository/WebOffice_Home_page/a_Web Office' is hovered

2020-04-24 08:29:45 - [MESSAGE][PASSED] - Object: 'Object Repository/WebOffice_Home_page/a_Web Office' is hovered

2020-04-24 08:29:45 - [TEST_STEP][PASSED] - waitForElementClickable(findTestObject("Object Repository/WebOffice_Home_page/a_Marketing Materials"), 1): Object 'Object Repository/WebOffice_Home_page/a_Marketing Materials' is clickable

2020-04-24 08:29:45 - [MESSAGE][PASSED] - Object 'Object Repository/WebOffice_Home_page/a_Marketing Materials' is clickable

2020-04-24 08:29:45 - [TEST_STEP][PASSED] - click(findTestObject("Object Repository/WebOffice_Home_page/a_Marketing Materials")): Object: 'Object Repository/WebOffice_Home_page/a_Marketing Materials' is clicked on

2020-04-24 08:29:47 - [MESSAGE][PASSED] - Object: 'Object Repository/WebOffice_Home_page/a_Marketing Materials' is clicked on

2020-04-24 08:29:47 - [MESSAGE][PASSED] - Call Test Case 'Test Cases/Reusable_Test_Sequences/Web_Office/Navigation/Sub_Menu_Navigation/Settings/Web_Office/Marketing_Materials' successfully

2020-04-24 08:29:47 - [TEST_STEP][PASSED] - "--------------------------------------": null

2020-04-24 08:29:47 - [TEST_STEP][PASSED] - " Verify Returned Page Detail          |": null

2020-04-24 08:29:47 - [TEST_STEP][PASSED] - callTestCase(findTestCase("Reusable_Test_Sequences/Web_Office/Verification/Settings/Web_Office/Marketing_Materials"), [:], OPTIONAL): Call Test Case 'Test Cases/Reusable_Test_Sequences/Web_Office/Verification/Settings/Web_Office/Marketing_Materials' successfully

2020-04-24 08:29:47 - [TEST_CASE][PASSED] - Test Cases/Reusable_Test_Sequences/Web_Office/Verification/Settings/Web_Office/Marketing_Materials: Test Cases/Reusable_Test_Sequences/Web_Office/Verification/Settings/Web_Office/Marketing_Materials

2020-04-24 08:29:47 - [TEST_STEP][PASSED] - waitForPageLoad(60): Wait for page load successfully

2020-04-24 08:29:47 - [MESSAGE][PASSED] - Wait for page load successfully

2020-04-24 08:29:47 - [TEST_STEP][PASSED] - delay(1): Delayed 1 second(s)

2020-04-24 08:29:48 - [MESSAGE][PASSED] - Delayed 1 second(s)

2020-04-24 08:29:48 - [TEST_STEP][PASSED] - verifyTextPresent("Edit Marketing Materials", false): Text 'Edit Marketing Materials' is present on page 

2020-04-24 08:29:49 - [MESSAGE][PASSED] - Text 'Edit Marketing Materials' is present on page 

2020-04-24 08:29:49 - [TEST_STEP][PASSED] - "----------------------------------------------": null

2020-04-24 08:29:49 - [TEST_STEP][PASSED] - verifyTextPresent("Status", false): Text 'Status' is present on page 

2020-04-24 08:29:49 - [MESSAGE][PASSED] - Text 'Status' is present on page 

2020-04-24 08:29:49 - [TEST_STEP][PASSED] - verifyTextPresent("Title", false): Text 'Title' is present on page 

2020-04-24 08:29:50 - [MESSAGE][PASSED] - Text 'Title' is present on page 

2020-04-24 08:29:50 - [TEST_STEP][PASSED] - verifyTextPresent("Description", false): Text 'Description' is present on page 

2020-04-24 08:29:50 - [MESSAGE][PASSED] - Text 'Description' is present on page 

2020-04-24 08:29:50 - [TEST_STEP][PASSED] - verifyTextPresent("Price", false): Text 'Price' is present on page 

2020-04-24 08:29:51 - [MESSAGE][PASSED] - Text 'Price' is present on page 

2020-04-24 08:29:51 - [TEST_STEP][PASSED] - verifyTextPresent("Batch Size", false): Text 'Batch Size' is present on page 

2020-04-24 08:29:51 - [MESSAGE][PASSED] - Text 'Batch Size' is present on page 

2020-04-24 08:29:51 - [TEST_STEP][PASSED] - verifyTextPresent("Max. Order", false): Text 'Max. Order' is present on page 

2020-04-24 08:29:52 - [MESSAGE][PASSED] - Text 'Max. Order' is present on page 

2020-04-24 08:29:52 - [TEST_STEP][PASSED] - verifyTextPresent("Printer Code", false): Text 'Printer Code' is present on page 

2020-04-24 08:29:52 - [MESSAGE][PASSED] - Text 'Printer Code' is present on page 

2020-04-24 08:29:52 - [TEST_STEP][PASSED] - "----------------------------------------------": null

2020-04-24 08:29:52 - [TEST_STEP][PASSED] - verifyTextPresent("RVM Certificate", false): Text 'RVM Certificate' is present on page 

2020-04-24 08:29:53 - [MESSAGE][PASSED] - Text 'RVM Certificate' is present on page 

2020-04-24 08:29:53 - [TEST_STEP][PASSED] - verifyTextPresent("ent to Members when they become RVM. Ordered via Web Office only", false): Text 'ent to Members when they become RVM. Ordered via Web Office only' is present on page 

2020-04-24 08:29:53 - [MESSAGE][PASSED] - Text 'ent to Members when they become RVM. Ordered via Web Office only' is present on page 

2020-04-24 08:29:53 - [TEST_STEP][PASSED] - verifyTextPresent("SUF", false): Text 'SUF' is present on page 

2020-04-24 08:29:54 - [MESSAGE][PASSED] - Text 'SUF' is present on page 

2020-04-24 08:29:54 - [TEST_STEP][PASSED] - verifyTextPresent("Suffolk Trading Standards Approved Vehicle Sticker", false): Text 'Suffolk Trading Standards Approved Vehicle Sticker' is present on page 

2020-04-24 08:29:54 - [MESSAGE][PASSED] - Text 'Suffolk Trading Standards Approved Vehicle Sticker' is present on page 

2020-04-24 08:29:54 - [TEST_STEP][PASSED] - verifyTextPresent("Vehicle Sticker Suffolk County Council Trading Standards Approved in Partnership", false): Text 'Vehicle Sticker Suffolk County Council Trading Standards Approved in Partnership' is present on page 

2020-04-24 08:29:55 - [MESSAGE][PASSED] - Text 'Vehicle Sticker Suffolk County Council Trading Standards Approved in Partnership' is present on page 

2020-04-24 08:29:55 - [TEST_STEP][PASSED] - verifyTextPresent("WCR", false): Text 'WCR' is present on page 

2020-04-24 08:29:55 - [MESSAGE][PASSED] - Text 'WCR' is present on page 

2020-04-24 08:29:55 - [TEST_STEP][PASSED] - verifyTextPresent("NTC", false): Text 'NTC' is present on page 

2020-04-24 08:29:56 - [MESSAGE][PASSED] - Text 'NTC' is present on page 

2020-04-24 08:29:56 - [MESSAGE][PASSED] - Call Test Case 'Test Cases/Reusable_Test_Sequences/Web_Office/Verification/Settings/Web_Office/Marketing_Materials' successfully

2020-04-24 08:29:56 - [TEST_STEP][PASSED] - "--------------------------": null

2020-04-24 08:29:56 - [TEST_STEP][PASSED] - " Teardown - CLose Browser |": null

2020-04-24 08:29:56 - [TEST_STEP][PASSED] - callTestCase(findTestCase("Reusable_Test_Sequences/CAT_Teardown"), [:], OPTIONAL): Call Test Case 'Test Cases/Reusable_Test_Sequences/CAT_Teardown' successfully

2020-04-24 08:29:56 - [TEST_CASE][PASSED] - Test Cases/Reusable_Test_Sequences/CAT_Teardown: Test Cases/Reusable_Test_Sequences/CAT_Teardown

2020-04-24 08:29:56 - [TEST_STEP][PASSED] - closeBrowser(): Browser is closed

2020-04-24 08:30:00 - [MESSAGE][PASSED] - Browser is closed

2020-04-24 08:30:00 - [TEST_STEP][PASSED] - super.finalize(): null

2020-04-24 08:30:00 - [TEST_STEP][PASSED] - System.gc(): null

2020-04-24 08:30:00 - [MESSAGE][PASSED] - Call Test Case 'Test Cases/Reusable_Test_Sequences/CAT_Teardown' successfully]]></system-out>
         <system-err><![CDATA[]]></system-err>
      </testcase>
      <testcase name="Test Cases/Web_Office/Settings/Web_Office/Document_Templates" time="29.596" classname="Test Cases/Web_Office/Settings/Web_Office/Document_Templates" status="PASSED">
         <system-out><![CDATA[2020-04-24 08:30:00 - [TEST_CASE][PASSED] - Test Cases/Web_Office/Settings/Web_Office/Document_Templates: Test Cases/Web_Office/Settings/Web_Office/Document_Templates

2020-04-24 08:30:00 - [TEST_STEP][PASSED] - "--------------------------------------": null

2020-04-24 08:30:00 - [TEST_STEP][PASSED] - " Web Office StartUp                  |": null

2020-04-24 08:30:00 - [TEST_STEP][PASSED] - callTestCase(findTestCase("Reusable_Test_Sequences/Web_Office/Directives/WebOffice_StartUp"), [:], STOP_ON_FAILURE): Call Test Case 'Test Cases/Reusable_Test_Sequences/Web_Office/Directives/WebOffice_StartUp' successfully

2020-04-24 08:30:00 - [TEST_CASE][PASSED] - Test Cases/Reusable_Test_Sequences/Web_Office/Directives/WebOffice_StartUp: Test Cases/Reusable_Test_Sequences/Web_Office/Directives/WebOffice_StartUp

2020-04-24 08:30:00 - [TEST_STEP][PASSED] - "-----------------------------------------------------------------------------": null

2020-04-24 08:30:00 - [TEST_STEP][PASSED] - if (URL == "https://www.dev.checkatrade.com/"): null

2020-04-24 08:30:00 - [TEST_STEP][PASSED] - "-----------------------------------------------------------------------------": null

2020-04-24 08:30:00 - [TEST_STEP][PASSED] - if (URL == "https://www.checkatrade.com/"): null

2020-04-24 08:30:00 - [TEST_STEP][PASSED] - "-----------------------------------------------------------------------------": null

2020-04-24 08:30:00 - [TEST_STEP][PASSED] - if (URL == "https://www.preview.checkatrade.com/"): null

2020-04-24 08:30:00 - [TEST_STEP][PASSED] - WebOfficeURL = "https://admin.preview.checkatrade.com/": null

2020-04-24 08:30:00 - [TEST_STEP][PASSED] - if (URL == "https://www.dev2.checkatrade.com/"): null

2020-04-24 08:30:00 - [TEST_STEP][PASSED] - "Set Function Area for "URL_Handler", URL Resolution": null

2020-04-24 08:30:00 - [TEST_STEP][PASSED] - "Do Some Magic with URL(s) See the comments within URL Handler ": null

2020-04-24 08:30:00 - [TEST_STEP][PASSED] - "------------------------------------------------": null

2020-04-24 08:30:00 - [TEST_STEP][PASSED] - "Moved Login Credentials to <Default> profile 22/01/2020": null

2020-04-24 08:30:00 - [TEST_STEP][PASSED] - "------------------------------------------------": null

2020-04-24 08:30:00 - [TEST_STEP][PASSED] - "WebOfficeURL - Set from the ENVIRONMENT PROFILE ": null

2020-04-24 08:30:00 - [TEST_STEP][PASSED] - "OPEN BROWSER": null

2020-04-24 08:30:00 - [TEST_STEP][PASSED] - "eg - https://admin.preview.checkatrade.com/  ": null

2020-04-24 08:30:00 - [TEST_STEP][PASSED] - openBrowser(WebOfficeURL): Browser is opened with url: 'https://admin.preview.checkatrade.com/'

2020-04-24 08:30:00 - [MESSAGE][INFO] - Starting 'Chrome' driver

2020-04-24 08:30:00 - [MESSAGE][INFO] - Action delay is set to 0 milliseconds

2020-04-24 08:30:07 - [MESSAGE][PASSED] - Browser is opened with url: 'https://admin.preview.checkatrade.com/'

2020-04-24 08:30:07 - [TEST_STEP][PASSED] - maximizeWindow(): Current window maximized

2020-04-24 08:30:09 - [MESSAGE][PASSED] - Current window maximized

2020-04-24 08:30:09 - [TEST_STEP][PASSED] - waitForElementClickable(findTestObject("Object Repository/WebOffice/Page_Checkatrade - Administration - Login/Login_Button"), 25): Object 'Object Repository/WebOffice/Page_Checkatrade - Administration - Login/Login_Button' is clickable

2020-04-24 08:30:09 - [MESSAGE][PASSED] - Object 'Object Repository/WebOffice/Page_Checkatrade - Administration - Login/Login_Button' is clickable

2020-04-24 08:30:09 - [TEST_STEP][PASSED] - verifyTextPresent("Checkatrade Web Office", false): Text 'Checkatrade Web Office' is present on page 

2020-04-24 08:30:09 - [MESSAGE][PASSED] - Text 'Checkatrade Web Office' is present on page 

2020-04-24 08:30:09 - [TEST_STEP][PASSED] - verifyTextPresent("Access for staff use only", false): Text 'Access for staff use only' is present on page 

2020-04-24 08:30:09 - [MESSAGE][PASSED] - Text 'Access for staff use only' is present on page 

2020-04-24 08:30:09 - [TEST_STEP][PASSED] - verifyTextPresent("Forgotten password?", false): Text 'Forgotten password?' is present on page 

2020-04-24 08:30:09 - [MESSAGE][PASSED] - Text 'Forgotten password?' is present on page 

2020-04-24 08:30:09 - [TEST_STEP][PASSED] - setText(findTestObject("Object Repository/WebOffice/Page_Checkatrade - Administration - Login/input_Username_LoginControlUserName"), wo_Username): Text 'DavidHo' is set on object 'Object Repository/WebOffice/Page_Checkatrade - Administration - Login/input_Username_LoginControlUserName'

2020-04-24 08:30:10 - [MESSAGE][PASSED] - Text 'DavidHo' is set on object 'Object Repository/WebOffice/Page_Checkatrade - Administration - Login/input_Username_LoginControlUserName'

2020-04-24 08:30:10 - [TEST_STEP][PASSED] - setText(findTestObject("Object Repository/WebOffice/Page_Checkatrade - Administration - Login/input_Password_LoginControlPassword"), wo_Password): Text 'Check123' is set on object 'Object Repository/WebOffice/Page_Checkatrade - Administration - Login/input_Password_LoginControlPassword'

2020-04-24 08:30:10 - [MESSAGE][PASSED] - Text 'Check123' is set on object 'Object Repository/WebOffice/Page_Checkatrade - Administration - Login/input_Password_LoginControlPassword'

2020-04-24 08:30:10 - [TEST_STEP][PASSED] - click(findTestObject("Object Repository/WebOffice/Page_Checkatrade - Administration - Login/Login_Button")): Object: 'Object Repository/WebOffice/Page_Checkatrade - Administration - Login/Login_Button' is clicked on

2020-04-24 08:30:13 - [MESSAGE][PASSED] - Object: 'Object Repository/WebOffice/Page_Checkatrade - Administration - Login/Login_Button' is clicked on

2020-04-24 08:30:13 - [TEST_STEP][PASSED] - waitForPageLoad(60): Wait for page load successfully

2020-04-24 08:30:13 - [MESSAGE][PASSED] - Wait for page load successfully

2020-04-24 08:30:13 - [TEST_STEP][PASSED] - verifyTextPresent("Welcome " + wo_Username, false): Text 'Welcome DavidHo' is present on page 

2020-04-24 08:30:14 - [MESSAGE][PASSED] - Text 'Welcome DavidHo' is present on page 

2020-04-24 08:30:14 - [MESSAGE][PASSED] - Call Test Case 'Test Cases/Reusable_Test_Sequences/Web_Office/Directives/WebOffice_StartUp' successfully

2020-04-24 08:30:14 - [TEST_STEP][PASSED] - "-----------------------------------------------------------------": null

2020-04-24 08:30:14 - [TEST_STEP][PASSED] - " Navigate to <Settings->Checkatrade.Com->Sub Item> Menu Item     |": null

2020-04-24 08:30:14 - [TEST_STEP][PASSED] - callTestCase(findTestCase("Reusable_Test_Sequences/Web_Office/Navigation/Sub_Menu_Navigation/Settings/Web_Office/Document_Templates"), [:], STOP_ON_FAILURE): Call Test Case 'Test Cases/Reusable_Test_Sequences/Web_Office/Navigation/Sub_Menu_Navigation/Settings/Web_Office/Document_Templates' successfully

2020-04-24 08:30:14 - [TEST_CASE][PASSED] - Test Cases/Reusable_Test_Sequences/Web_Office/Navigation/Sub_Menu_Navigation/Settings/Web_Office/Document_Templates: Test Cases/Reusable_Test_Sequences/Web_Office/Navigation/Sub_Menu_Navigation/Settings/Web_Office/Document_Templates

2020-04-24 08:30:14 - [TEST_STEP][PASSED] - "--------------------------------------": null

2020-04-24 08:30:14 - [TEST_STEP][PASSED] - " Navigate Top level menu Item         |": null

2020-04-24 08:30:14 - [TEST_STEP][PASSED] - waitForPageLoad(60): Wait for page load successfully

2020-04-24 08:30:14 - [MESSAGE][PASSED] - Wait for page load successfully

2020-04-24 08:30:14 - [TEST_STEP][PASSED] - waitForElementClickable(findTestObject("Object Repository/WebOffice_Home_page/a_Settings"), 60): Object 'Object Repository/WebOffice_Home_page/a_Settings' is clickable

2020-04-24 08:30:14 - [MESSAGE][PASSED] - Object 'Object Repository/WebOffice_Home_page/a_Settings' is clickable

2020-04-24 08:30:14 - [TEST_STEP][PASSED] - mouseOver(findTestObject("Object Repository/WebOffice_Home_page/a_Settings")): Object: 'Object Repository/WebOffice_Home_page/a_Settings' is hovered

2020-04-24 08:30:15 - [MESSAGE][PASSED] - Object: 'Object Repository/WebOffice_Home_page/a_Settings' is hovered

2020-04-24 08:30:15 - [TEST_STEP][PASSED] - mouseOver(findTestObject("Object Repository/WebOffice_Home_page/a_Web Office")): Object: 'Object Repository/WebOffice_Home_page/a_Web Office' is hovered

2020-04-24 08:30:15 - [MESSAGE][PASSED] - Object: 'Object Repository/WebOffice_Home_page/a_Web Office' is hovered

2020-04-24 08:30:15 - [TEST_STEP][PASSED] - waitForElementClickable(findTestObject("Object Repository/WebOffice_Home_page/a_Document Templates"), 1): Object 'Object Repository/WebOffice_Home_page/a_Document Templates' is clickable

2020-04-24 08:30:15 - [MESSAGE][PASSED] - Object 'Object Repository/WebOffice_Home_page/a_Document Templates' is clickable

2020-04-24 08:30:15 - [TEST_STEP][PASSED] - click(findTestObject("Object Repository/WebOffice_Home_page/a_Document Templates")): Object: 'Object Repository/WebOffice_Home_page/a_Document Templates' is clicked on

2020-04-24 08:30:16 - [MESSAGE][PASSED] - Object: 'Object Repository/WebOffice_Home_page/a_Document Templates' is clicked on

2020-04-24 08:30:16 - [MESSAGE][PASSED] - Call Test Case 'Test Cases/Reusable_Test_Sequences/Web_Office/Navigation/Sub_Menu_Navigation/Settings/Web_Office/Document_Templates' successfully

2020-04-24 08:30:16 - [TEST_STEP][PASSED] - "--------------------------------------": null

2020-04-24 08:30:16 - [TEST_STEP][PASSED] - " Verify Returned Page Detail          |": null

2020-04-24 08:30:16 - [TEST_STEP][PASSED] - callTestCase(findTestCase("Reusable_Test_Sequences/Web_Office/Verification/Settings/Web_Office/Document_Templates"), [:], OPTIONAL): Call Test Case 'Test Cases/Reusable_Test_Sequences/Web_Office/Verification/Settings/Web_Office/Document_Templates' successfully

2020-04-24 08:30:16 - [TEST_CASE][PASSED] - Test Cases/Reusable_Test_Sequences/Web_Office/Verification/Settings/Web_Office/Document_Templates: Test Cases/Reusable_Test_Sequences/Web_Office/Verification/Settings/Web_Office/Document_Templates

2020-04-24 08:30:17 - [TEST_STEP][PASSED] - waitForPageLoad(60): Wait for page load successfully

2020-04-24 08:30:17 - [MESSAGE][PASSED] - Wait for page load successfully

2020-04-24 08:30:17 - [TEST_STEP][PASSED] - delay(1): Delayed 1 second(s)

2020-04-24 08:30:18 - [MESSAGE][PASSED] - Delayed 1 second(s)

2020-04-24 08:30:18 - [TEST_STEP][PASSED] - verifyTextPresent("Document Templates", false): Text 'Document Templates' is present on page 

2020-04-24 08:30:19 - [MESSAGE][PASSED] - Text 'Document Templates' is present on page 

2020-04-24 08:30:19 - [TEST_STEP][PASSED] - "----------------------------------------------": null

2020-04-24 08:30:19 - [TEST_STEP][PASSED] - verifyTextPresent("Title", false): Text 'Title' is present on page 

2020-04-24 08:30:20 - [MESSAGE][PASSED] - Text 'Title' is present on page 

2020-04-24 08:30:20 - [TEST_STEP][PASSED] - verifyTextPresent("Description", false): Text 'Description' is present on page 

2020-04-24 08:30:21 - [MESSAGE][PASSED] - Text 'Description' is present on page 

2020-04-24 08:30:21 - [TEST_STEP][PASSED] - verifyTextPresent("Type", false): Text 'Type' is present on page 

2020-04-24 08:30:21 - [MESSAGE][PASSED] - Text 'Type' is present on page 

2020-04-24 08:30:21 - [TEST_STEP][PASSED] - verifyTextPresent("In Use", false): Text 'In Use' is present on page 

2020-04-24 08:30:22 - [MESSAGE][PASSED] - Text 'In Use' is present on page 

2020-04-24 08:30:22 - [TEST_STEP][PASSED] - verifyTextPresent("Template Changed", false): Text 'Template Changed' is present on page 

2020-04-24 08:30:23 - [MESSAGE][PASSED] - Text 'Template Changed' is present on page 

2020-04-24 08:30:23 - [TEST_STEP][PASSED] - "----------------------------------------------": null

2020-04-24 08:30:23 - [TEST_STEP][PASSED] - verifyTextPresent("Reports Certificate", false): Text 'Reports Certificate' is present on page 

2020-04-24 08:30:24 - [MESSAGE][PASSED] - Text 'Reports Certificate' is present on page 

2020-04-24 08:30:24 - [TEST_STEP][PASSED] - verifyTextPresent("Reports covering letter", false): Text 'Reports covering letter' is present on page 

2020-04-24 08:30:24 - [MESSAGE][PASSED] - Text 'Reports covering letter' is present on page 

2020-04-24 08:30:24 - [TEST_STEP][PASSED] - verifyTextPresent("Sent with certificate", false): Text 'Sent with certificate' is present on page 

2020-04-24 08:30:25 - [MESSAGE][PASSED] - Text 'Sent with certificate' is present on page 

2020-04-24 08:30:25 - [TEST_STEP][PASSED] - verifyTextPresent("Customer Services", false): Text 'Customer Services' is present on page 

2020-04-24 08:30:26 - [MESSAGE][PASSED] - Text 'Customer Services' is present on page 

2020-04-24 08:30:26 - [TEST_STEP][PASSED] - verifyTextPresent("Finance", false): Text 'Finance' is present on page 

2020-04-24 08:30:27 - [MESSAGE][PASSED] - Text 'Finance' is present on page 

2020-04-24 08:30:27 - [TEST_STEP][PASSED] - verifyTextPresent("Sent when a member has achieved", false): Text 'Sent when a member has achieved' is present on page 

2020-04-24 08:30:28 - [MESSAGE][PASSED] - Text 'Sent when a member has achieved' is present on page 

2020-04-24 08:30:28 - [TEST_STEP][PASSED] - verifyTextPresent("Sent once a member is RVM", false): Text 'Sent once a member is RVM' is present on page 

2020-04-24 08:30:29 - [MESSAGE][PASSED] - Text 'Sent once a member is RVM' is present on page 

2020-04-24 08:30:29 - [MESSAGE][PASSED] - Call Test Case 'Test Cases/Reusable_Test_Sequences/Web_Office/Verification/Settings/Web_Office/Document_Templates' successfully

2020-04-24 08:30:29 - [TEST_STEP][PASSED] - "--------------------------": null

2020-04-24 08:30:29 - [TEST_STEP][PASSED] - " Teardown - CLose Browser |": null

2020-04-24 08:30:29 - [TEST_STEP][PASSED] - callTestCase(findTestCase("Reusable_Test_Sequences/CAT_Teardown"), [:], OPTIONAL): Call Test Case 'Test Cases/Reusable_Test_Sequences/CAT_Teardown' successfully

2020-04-24 08:30:29 - [TEST_CASE][PASSED] - Test Cases/Reusable_Test_Sequences/CAT_Teardown: Test Cases/Reusable_Test_Sequences/CAT_Teardown

2020-04-24 08:30:29 - [TEST_STEP][PASSED] - closeBrowser(): Browser is closed

2020-04-24 08:30:29 - [MESSAGE][PASSED] - Browser is closed

2020-04-24 08:30:29 - [TEST_STEP][PASSED] - super.finalize(): null

2020-04-24 08:30:29 - [TEST_STEP][PASSED] - System.gc(): null

2020-04-24 08:30:29 - [MESSAGE][PASSED] - Call Test Case 'Test Cases/Reusable_Test_Sequences/CAT_Teardown' successfully]]></system-out>
         <system-err><![CDATA[]]></system-err>
      </testcase>
      <testcase name="Test Cases/Web_Office/Settings/Web_Office/Case_Actions" time="22.573" classname="Test Cases/Web_Office/Settings/Web_Office/Case_Actions" status="PASSED">
         <system-out><![CDATA[2020-04-24 08:30:29 - [TEST_CASE][PASSED] - Test Cases/Web_Office/Settings/Web_Office/Case_Actions: Test Cases/Web_Office/Settings/Web_Office/Case_Actions

2020-04-24 08:30:30 - [TEST_STEP][PASSED] - "--------------------------------------": null

2020-04-24 08:30:30 - [TEST_STEP][PASSED] - " Web Office StartUp                  |": null

2020-04-24 08:30:30 - [TEST_STEP][PASSED] - callTestCase(findTestCase("Reusable_Test_Sequences/Web_Office/Directives/WebOffice_StartUp"), [:], STOP_ON_FAILURE): Call Test Case 'Test Cases/Reusable_Test_Sequences/Web_Office/Directives/WebOffice_StartUp' successfully

2020-04-24 08:30:30 - [TEST_CASE][PASSED] - Test Cases/Reusable_Test_Sequences/Web_Office/Directives/WebOffice_StartUp: Test Cases/Reusable_Test_Sequences/Web_Office/Directives/WebOffice_StartUp

2020-04-24 08:30:30 - [TEST_STEP][PASSED] - "-----------------------------------------------------------------------------": null

2020-04-24 08:30:30 - [TEST_STEP][PASSED] - if (URL == "https://www.dev.checkatrade.com/"): null

2020-04-24 08:30:30 - [TEST_STEP][PASSED] - "-----------------------------------------------------------------------------": null

2020-04-24 08:30:30 - [TEST_STEP][PASSED] - if (URL == "https://www.checkatrade.com/"): null

2020-04-24 08:30:30 - [TEST_STEP][PASSED] - "-----------------------------------------------------------------------------": null

2020-04-24 08:30:30 - [TEST_STEP][PASSED] - if (URL == "https://www.preview.checkatrade.com/"): null

2020-04-24 08:30:30 - [TEST_STEP][PASSED] - WebOfficeURL = "https://admin.preview.checkatrade.com/": null

2020-04-24 08:30:30 - [TEST_STEP][PASSED] - if (URL == "https://www.dev2.checkatrade.com/"): null

2020-04-24 08:30:30 - [TEST_STEP][PASSED] - "Set Function Area for "URL_Handler", URL Resolution": null

2020-04-24 08:30:30 - [TEST_STEP][PASSED] - "Do Some Magic with URL(s) See the comments within URL Handler ": null

2020-04-24 08:30:30 - [TEST_STEP][PASSED] - "------------------------------------------------": null

2020-04-24 08:30:30 - [TEST_STEP][PASSED] - "Moved Login Credentials to <Default> profile 22/01/2020": null

2020-04-24 08:30:30 - [TEST_STEP][PASSED] - "------------------------------------------------": null

2020-04-24 08:30:30 - [TEST_STEP][PASSED] - "WebOfficeURL - Set from the ENVIRONMENT PROFILE ": null

2020-04-24 08:30:30 - [TEST_STEP][PASSED] - "OPEN BROWSER": null

2020-04-24 08:30:30 - [TEST_STEP][PASSED] - "eg - https://admin.preview.checkatrade.com/  ": null

2020-04-24 08:30:30 - [TEST_STEP][PASSED] - openBrowser(WebOfficeURL): Browser is opened with url: 'https://admin.preview.checkatrade.com/'

2020-04-24 08:30:30 - [MESSAGE][INFO] - Starting 'Chrome' driver

2020-04-24 08:30:30 - [MESSAGE][INFO] - Action delay is set to 0 milliseconds

2020-04-24 08:30:35 - [MESSAGE][PASSED] - Browser is opened with url: 'https://admin.preview.checkatrade.com/'

2020-04-24 08:30:35 - [TEST_STEP][PASSED] - maximizeWindow(): Current window maximized

2020-04-24 08:30:37 - [MESSAGE][PASSED] - Current window maximized

2020-04-24 08:30:37 - [TEST_STEP][PASSED] - waitForElementClickable(findTestObject("Object Repository/WebOffice/Page_Checkatrade - Administration - Login/Login_Button"), 25): Object 'Object Repository/WebOffice/Page_Checkatrade - Administration - Login/Login_Button' is clickable

2020-04-24 08:30:37 - [MESSAGE][PASSED] - Object 'Object Repository/WebOffice/Page_Checkatrade - Administration - Login/Login_Button' is clickable

2020-04-24 08:30:37 - [TEST_STEP][PASSED] - verifyTextPresent("Checkatrade Web Office", false): Text 'Checkatrade Web Office' is present on page 

2020-04-24 08:30:38 - [MESSAGE][PASSED] - Text 'Checkatrade Web Office' is present on page 

2020-04-24 08:30:38 - [TEST_STEP][PASSED] - verifyTextPresent("Access for staff use only", false): Text 'Access for staff use only' is present on page 

2020-04-24 08:30:38 - [MESSAGE][PASSED] - Text 'Access for staff use only' is present on page 

2020-04-24 08:30:38 - [TEST_STEP][PASSED] - verifyTextPresent("Forgotten password?", false): Text 'Forgotten password?' is present on page 

2020-04-24 08:30:38 - [MESSAGE][PASSED] - Text 'Forgotten password?' is present on page 

2020-04-24 08:30:38 - [TEST_STEP][PASSED] - setText(findTestObject("Object Repository/WebOffice/Page_Checkatrade - Administration - Login/input_Username_LoginControlUserName"), wo_Username): Text 'DavidHo' is set on object 'Object Repository/WebOffice/Page_Checkatrade - Administration - Login/input_Username_LoginControlUserName'

2020-04-24 08:30:38 - [MESSAGE][PASSED] - Text 'DavidHo' is set on object 'Object Repository/WebOffice/Page_Checkatrade - Administration - Login/input_Username_LoginControlUserName'

2020-04-24 08:30:38 - [TEST_STEP][PASSED] - setText(findTestObject("Object Repository/WebOffice/Page_Checkatrade - Administration - Login/input_Password_LoginControlPassword"), wo_Password): Text 'Check123' is set on object 'Object Repository/WebOffice/Page_Checkatrade - Administration - Login/input_Password_LoginControlPassword'

2020-04-24 08:30:38 - [MESSAGE][PASSED] - Text 'Check123' is set on object 'Object Repository/WebOffice/Page_Checkatrade - Administration - Login/input_Password_LoginControlPassword'

2020-04-24 08:30:38 - [TEST_STEP][PASSED] - click(findTestObject("Object Repository/WebOffice/Page_Checkatrade - Administration - Login/Login_Button")): Object: 'Object Repository/WebOffice/Page_Checkatrade - Administration - Login/Login_Button' is clicked on

2020-04-24 08:30:39 - [MESSAGE][PASSED] - Object: 'Object Repository/WebOffice/Page_Checkatrade - Administration - Login/Login_Button' is clicked on

2020-04-24 08:30:39 - [TEST_STEP][PASSED] - waitForPageLoad(60): Wait for page load successfully

2020-04-24 08:30:39 - [MESSAGE][PASSED] - Wait for page load successfully

2020-04-24 08:30:39 - [TEST_STEP][PASSED] - verifyTextPresent("Welcome " + wo_Username, false): Text 'Welcome DavidHo' is present on page 

2020-04-24 08:30:39 - [MESSAGE][PASSED] - Text 'Welcome DavidHo' is present on page 

2020-04-24 08:30:39 - [MESSAGE][PASSED] - Call Test Case 'Test Cases/Reusable_Test_Sequences/Web_Office/Directives/WebOffice_StartUp' successfully

2020-04-24 08:30:39 - [TEST_STEP][PASSED] - "-----------------------------------------------------------------": null

2020-04-24 08:30:39 - [TEST_STEP][PASSED] - " Navigate to <Settings->Checkatrade.Com->Sub Item> Menu Item     |": null

2020-04-24 08:30:39 - [TEST_STEP][PASSED] - callTestCase(findTestCase("Reusable_Test_Sequences/Web_Office/Navigation/Sub_Menu_Navigation/Settings/Web_Office/Case_Actions"), [:], STOP_ON_FAILURE): Call Test Case 'Test Cases/Reusable_Test_Sequences/Web_Office/Navigation/Sub_Menu_Navigation/Settings/Web_Office/Case_Actions' successfully

2020-04-24 08:30:40 - [TEST_CASE][PASSED] - Test Cases/Reusable_Test_Sequences/Web_Office/Navigation/Sub_Menu_Navigation/Settings/Web_Office/Case_Actions: Test Cases/Reusable_Test_Sequences/Web_Office/Navigation/Sub_Menu_Navigation/Settings/Web_Office/Case_Actions

2020-04-24 08:30:40 - [TEST_STEP][PASSED] - "--------------------------------------": null

2020-04-24 08:30:40 - [TEST_STEP][PASSED] - " Navigate Top level menu Item         |": null

2020-04-24 08:30:40 - [TEST_STEP][PASSED] - waitForPageLoad(60): Wait for page load successfully

2020-04-24 08:30:40 - [MESSAGE][PASSED] - Wait for page load successfully

2020-04-24 08:30:40 - [TEST_STEP][PASSED] - waitForElementClickable(findTestObject("Object Repository/WebOffice_Home_page/a_Settings"), 60): Object 'Object Repository/WebOffice_Home_page/a_Settings' is clickable

2020-04-24 08:30:40 - [MESSAGE][PASSED] - Object 'Object Repository/WebOffice_Home_page/a_Settings' is clickable

2020-04-24 08:30:40 - [TEST_STEP][PASSED] - mouseOver(findTestObject("Object Repository/WebOffice_Home_page/a_Settings")): Object: 'Object Repository/WebOffice_Home_page/a_Settings' is hovered

2020-04-24 08:30:40 - [MESSAGE][PASSED] - Object: 'Object Repository/WebOffice_Home_page/a_Settings' is hovered

2020-04-24 08:30:40 - [TEST_STEP][PASSED] - mouseOver(findTestObject("Object Repository/WebOffice_Home_page/a_Web Office")): Object: 'Object Repository/WebOffice_Home_page/a_Web Office' is hovered

2020-04-24 08:30:41 - [MESSAGE][PASSED] - Object: 'Object Repository/WebOffice_Home_page/a_Web Office' is hovered

2020-04-24 08:30:41 - [TEST_STEP][PASSED] - waitForElementClickable(findTestObject("Object Repository/WebOffice_Home_page/a_Case Actions"), 1): Object 'Object Repository/WebOffice_Home_page/a_Case Actions' is clickable

2020-04-24 08:30:41 - [MESSAGE][PASSED] - Object 'Object Repository/WebOffice_Home_page/a_Case Actions' is clickable

2020-04-24 08:30:41 - [TEST_STEP][PASSED] - click(findTestObject("Object Repository/WebOffice_Home_page/a_Case Actions")): Object: 'Object Repository/WebOffice_Home_page/a_Case Actions' is clicked on

2020-04-24 08:30:41 - [MESSAGE][PASSED] - Object: 'Object Repository/WebOffice_Home_page/a_Case Actions' is clicked on

2020-04-24 08:30:41 - [MESSAGE][PASSED] - Call Test Case 'Test Cases/Reusable_Test_Sequences/Web_Office/Navigation/Sub_Menu_Navigation/Settings/Web_Office/Case_Actions' successfully

2020-04-24 08:30:41 - [TEST_STEP][PASSED] - "--------------------------------------": null

2020-04-24 08:30:41 - [TEST_STEP][PASSED] - " Verify Returned Page Detail          |": null

2020-04-24 08:30:41 - [TEST_STEP][PASSED] - callTestCase(findTestCase("Reusable_Test_Sequences/Web_Office/Verification/Settings/Web_Office/Case_Actions"), [:], OPTIONAL): Call Test Case 'Test Cases/Reusable_Test_Sequences/Web_Office/Verification/Settings/Web_Office/Case_Actions' successfully

2020-04-24 08:30:42 - [TEST_CASE][PASSED] - Test Cases/Reusable_Test_Sequences/Web_Office/Verification/Settings/Web_Office/Case_Actions: Test Cases/Reusable_Test_Sequences/Web_Office/Verification/Settings/Web_Office/Case_Actions

2020-04-24 08:30:42 - [TEST_STEP][PASSED] - waitForPageLoad(60): Wait for page load successfully

2020-04-24 08:30:42 - [MESSAGE][PASSED] - Wait for page load successfully

2020-04-24 08:30:42 - [TEST_STEP][PASSED] - delay(1): Delayed 1 second(s)

2020-04-24 08:30:43 - [MESSAGE][PASSED] - Delayed 1 second(s)

2020-04-24 08:30:43 - [TEST_STEP][PASSED] - verifyTextPresent("Case Actions", false): Text 'Case Actions' is present on page 

2020-04-24 08:30:43 - [MESSAGE][PASSED] - Text 'Case Actions' is present on page 

2020-04-24 08:30:43 - [TEST_STEP][PASSED] - "----------------------------------------------": null

2020-04-24 08:30:43 - [TEST_STEP][PASSED] - verifyTextPresent("Group", false): Text 'Group' is present on page 

2020-04-24 08:30:44 - [MESSAGE][PASSED] - Text 'Group' is present on page 

2020-04-24 08:30:44 - [TEST_STEP][PASSED] - verifyTextPresent("Case Actions", false): Text 'Case Actions' is present on page 

2020-04-24 08:30:45 - [MESSAGE][PASSED] - Text 'Case Actions' is present on page 

2020-04-24 08:30:45 - [TEST_STEP][PASSED] - verifyTextPresent("Description", false): Text 'Description' is present on page 

2020-04-24 08:30:46 - [MESSAGE][PASSED] - Text 'Description' is present on page 

2020-04-24 08:30:46 - [TEST_STEP][PASSED] - "----------------------------------------------": null

2020-04-24 08:30:46 - [TEST_STEP][PASSED] - verifyTextPresent("Automatic Tasks", false): Text 'Automatic Tasks' is present on page 

2020-04-24 08:30:46 - [MESSAGE][PASSED] - Text 'Automatic Tasks' is present on page 

2020-04-24 08:30:46 - [TEST_STEP][PASSED] - verifyTextPresent("Accreditation Expired", false): Text 'Accreditation Expired' is present on page 

2020-04-24 08:30:47 - [MESSAGE][PASSED] - Text 'Accreditation Expired' is present on page 

2020-04-24 08:30:47 - [TEST_STEP][PASSED] - verifyTextPresent("Accreditation Expiring", false): Text 'Accreditation Expiring' is present on page 

2020-04-24 08:30:47 - [MESSAGE][PASSED] - Text 'Accreditation Expiring' is present on page 

2020-04-24 08:30:47 - [TEST_STEP][PASSED] - verifyTextPresent("Automatically closed", false): Text 'Automatically closed' is present on page 

2020-04-24 08:30:47 - [MESSAGE][PASSED] - Text 'Automatically closed' is present on page 

2020-04-24 08:30:47 - [TEST_STEP][PASSED] - verifyTextPresent("Sufficient interest for a first edition of a directory", false): Text 'Sufficient interest for a first edition of a directory' is present on page 

2020-04-24 08:30:48 - [MESSAGE][PASSED] - Text 'Sufficient interest for a first edition of a directory' is present on page 

2020-04-24 08:30:48 - [TEST_STEP][PASSED] - verifyTextPresent("Automatic notification of accreditation expiry", false): Text 'Automatic notification of accreditation expiry' is present on page 

2020-04-24 08:30:48 - [MESSAGE][PASSED] - Text 'Automatic notification of accreditation expiry' is present on page 

2020-04-24 08:30:48 - [TEST_STEP][PASSED] - verifyTextPresent("Directory Sales - Call company", false): Text 'Directory Sales - Call company' is present on page 

2020-04-24 08:30:49 - [MESSAGE][PASSED] - Text 'Directory Sales - Call company' is present on page 

2020-04-24 08:30:49 - [TEST_STEP][PASSED] - verifyTextPresent("Collect References", false): Text 'Collect References' is present on page 

2020-04-24 08:30:50 - [MESSAGE][PASSED] - Text 'Collect References' is present on page 

2020-04-24 08:30:50 - [TEST_STEP][PASSED] - verifyTextPresent("Check for duplicates", false): Text 'Check for duplicates' is present on page 

2020-04-24 08:30:51 - [MESSAGE][PASSED] - Text 'Check for duplicates' is present on page 

2020-04-24 08:30:51 - [TEST_STEP][PASSED] - verifyTextPresent("Insufficient References", false): Text 'Insufficient References' is present on page 

2020-04-24 08:30:51 - [MESSAGE][PASSED] - Text 'Insufficient References' is present on page 

2020-04-24 08:30:51 - [MESSAGE][PASSED] - Call Test Case 'Test Cases/Reusable_Test_Sequences/Web_Office/Verification/Settings/Web_Office/Case_Actions' successfully

2020-04-24 08:30:51 - [TEST_STEP][PASSED] - "--------------------------": null

2020-04-24 08:30:51 - [TEST_STEP][PASSED] - " Teardown - CLose Browser |": null

2020-04-24 08:30:51 - [TEST_STEP][PASSED] - callTestCase(findTestCase("Reusable_Test_Sequences/CAT_Teardown"), [:], OPTIONAL): Call Test Case 'Test Cases/Reusable_Test_Sequences/CAT_Teardown' successfully

2020-04-24 08:30:51 - [TEST_CASE][PASSED] - Test Cases/Reusable_Test_Sequences/CAT_Teardown: Test Cases/Reusable_Test_Sequences/CAT_Teardown

2020-04-24 08:30:51 - [TEST_STEP][PASSED] - closeBrowser(): Browser is closed

2020-04-24 08:30:52 - [MESSAGE][PASSED] - Browser is closed

2020-04-24 08:30:52 - [TEST_STEP][PASSED] - super.finalize(): null

2020-04-24 08:30:52 - [TEST_STEP][PASSED] - System.gc(): null

2020-04-24 08:30:52 - [MESSAGE][PASSED] - Call Test Case 'Test Cases/Reusable_Test_Sequences/CAT_Teardown' successfully]]></system-out>
         <system-err><![CDATA[]]></system-err>
      </testcase>
      <testcase name="Test Cases/Web_Office/Settings/Web_Office/Case_Reassignment" time="19.226" classname="Test Cases/Web_Office/Settings/Web_Office/Case_Reassignment" status="PASSED">
         <system-out><![CDATA[2020-04-24 08:30:52 - [TEST_CASE][PASSED] - Test Cases/Web_Office/Settings/Web_Office/Case_Reassignment: Test Cases/Web_Office/Settings/Web_Office/Case_Reassignment

2020-04-24 08:30:53 - [TEST_STEP][PASSED] - "--------------------------------------": null

2020-04-24 08:30:53 - [TEST_STEP][PASSED] - " Web Office StartUp                  |": null

2020-04-24 08:30:53 - [TEST_STEP][PASSED] - callTestCase(findTestCase("Reusable_Test_Sequences/Web_Office/Directives/WebOffice_StartUp"), [:], STOP_ON_FAILURE): Call Test Case 'Test Cases/Reusable_Test_Sequences/Web_Office/Directives/WebOffice_StartUp' successfully

2020-04-24 08:30:53 - [TEST_CASE][PASSED] - Test Cases/Reusable_Test_Sequences/Web_Office/Directives/WebOffice_StartUp: Test Cases/Reusable_Test_Sequences/Web_Office/Directives/WebOffice_StartUp

2020-04-24 08:30:53 - [TEST_STEP][PASSED] - "-----------------------------------------------------------------------------": null

2020-04-24 08:30:53 - [TEST_STEP][PASSED] - if (URL == "https://www.dev.checkatrade.com/"): null

2020-04-24 08:30:53 - [TEST_STEP][PASSED] - "-----------------------------------------------------------------------------": null

2020-04-24 08:30:53 - [TEST_STEP][PASSED] - if (URL == "https://www.checkatrade.com/"): null

2020-04-24 08:30:53 - [TEST_STEP][PASSED] - "-----------------------------------------------------------------------------": null

2020-04-24 08:30:53 - [TEST_STEP][PASSED] - if (URL == "https://www.preview.checkatrade.com/"): null

2020-04-24 08:30:53 - [TEST_STEP][PASSED] - WebOfficeURL = "https://admin.preview.checkatrade.com/": null

2020-04-24 08:30:53 - [TEST_STEP][PASSED] - if (URL == "https://www.dev2.checkatrade.com/"): null

2020-04-24 08:30:53 - [TEST_STEP][PASSED] - "Set Function Area for "URL_Handler", URL Resolution": null

2020-04-24 08:30:53 - [TEST_STEP][PASSED] - "Do Some Magic with URL(s) See the comments within URL Handler ": null

2020-04-24 08:30:53 - [TEST_STEP][PASSED] - "------------------------------------------------": null

2020-04-24 08:30:53 - [TEST_STEP][PASSED] - "Moved Login Credentials to <Default> profile 22/01/2020": null

2020-04-24 08:30:53 - [TEST_STEP][PASSED] - "------------------------------------------------": null

2020-04-24 08:30:53 - [TEST_STEP][PASSED] - "WebOfficeURL - Set from the ENVIRONMENT PROFILE ": null

2020-04-24 08:30:53 - [TEST_STEP][PASSED] - "OPEN BROWSER": null

2020-04-24 08:30:53 - [TEST_STEP][PASSED] - "eg - https://admin.preview.checkatrade.com/  ": null

2020-04-24 08:30:53 - [TEST_STEP][PASSED] - openBrowser(WebOfficeURL): Browser is opened with url: 'https://admin.preview.checkatrade.com/'

2020-04-24 08:30:53 - [MESSAGE][INFO] - Starting 'Chrome' driver

2020-04-24 08:30:53 - [MESSAGE][INFO] - Action delay is set to 0 milliseconds

2020-04-24 08:30:57 - [MESSAGE][PASSED] - Browser is opened with url: 'https://admin.preview.checkatrade.com/'

2020-04-24 08:30:57 - [TEST_STEP][PASSED] - maximizeWindow(): Current window maximized

2020-04-24 08:30:59 - [MESSAGE][PASSED] - Current window maximized

2020-04-24 08:30:59 - [TEST_STEP][PASSED] - waitForElementClickable(findTestObject("Object Repository/WebOffice/Page_Checkatrade - Administration - Login/Login_Button"), 25): Object 'Object Repository/WebOffice/Page_Checkatrade - Administration - Login/Login_Button' is clickable

2020-04-24 08:31:00 - [MESSAGE][PASSED] - Object 'Object Repository/WebOffice/Page_Checkatrade - Administration - Login/Login_Button' is clickable

2020-04-24 08:31:00 - [TEST_STEP][PASSED] - verifyTextPresent("Checkatrade Web Office", false): Text 'Checkatrade Web Office' is present on page 

2020-04-24 08:31:00 - [MESSAGE][PASSED] - Text 'Checkatrade Web Office' is present on page 

2020-04-24 08:31:00 - [TEST_STEP][PASSED] - verifyTextPresent("Access for staff use only", false): Text 'Access for staff use only' is present on page 

2020-04-24 08:31:00 - [MESSAGE][PASSED] - Text 'Access for staff use only' is present on page 

2020-04-24 08:31:00 - [TEST_STEP][PASSED] - verifyTextPresent("Forgotten password?", false): Text 'Forgotten password?' is present on page 

2020-04-24 08:31:00 - [MESSAGE][PASSED] - Text 'Forgotten password?' is present on page 

2020-04-24 08:31:00 - [TEST_STEP][PASSED] - setText(findTestObject("Object Repository/WebOffice/Page_Checkatrade - Administration - Login/input_Username_LoginControlUserName"), wo_Username): Text 'DavidHo' is set on object 'Object Repository/WebOffice/Page_Checkatrade - Administration - Login/input_Username_LoginControlUserName'

2020-04-24 08:31:00 - [MESSAGE][PASSED] - Text 'DavidHo' is set on object 'Object Repository/WebOffice/Page_Checkatrade - Administration - Login/input_Username_LoginControlUserName'

2020-04-24 08:31:00 - [TEST_STEP][PASSED] - setText(findTestObject("Object Repository/WebOffice/Page_Checkatrade - Administration - Login/input_Password_LoginControlPassword"), wo_Password): Text 'Check123' is set on object 'Object Repository/WebOffice/Page_Checkatrade - Administration - Login/input_Password_LoginControlPassword'

2020-04-24 08:31:01 - [MESSAGE][PASSED] - Text 'Check123' is set on object 'Object Repository/WebOffice/Page_Checkatrade - Administration - Login/input_Password_LoginControlPassword'

2020-04-24 08:31:01 - [TEST_STEP][PASSED] - click(findTestObject("Object Repository/WebOffice/Page_Checkatrade - Administration - Login/Login_Button")): Object: 'Object Repository/WebOffice/Page_Checkatrade - Administration - Login/Login_Button' is clicked on

2020-04-24 08:31:02 - [MESSAGE][PASSED] - Object: 'Object Repository/WebOffice/Page_Checkatrade - Administration - Login/Login_Button' is clicked on

2020-04-24 08:31:02 - [TEST_STEP][PASSED] - waitForPageLoad(60): Wait for page load successfully

2020-04-24 08:31:02 - [MESSAGE][PASSED] - Wait for page load successfully

2020-04-24 08:31:02 - [TEST_STEP][PASSED] - verifyTextPresent("Welcome " + wo_Username, false): Text 'Welcome DavidHo' is present on page 

2020-04-24 08:31:02 - [MESSAGE][PASSED] - Text 'Welcome DavidHo' is present on page 

2020-04-24 08:31:02 - [MESSAGE][PASSED] - Call Test Case 'Test Cases/Reusable_Test_Sequences/Web_Office/Directives/WebOffice_StartUp' successfully

2020-04-24 08:31:02 - [TEST_STEP][PASSED] - "-----------------------------------------------------------------": null

2020-04-24 08:31:02 - [TEST_STEP][PASSED] - " Navigate to <Settings->Checkatrade.Com->Sub Item> Menu Item     |": null

2020-04-24 08:31:02 - [TEST_STEP][PASSED] - callTestCase(findTestCase("Reusable_Test_Sequences/Web_Office/Navigation/Sub_Menu_Navigation/Settings/Web_Office/Case_Reassignment"), [:], STOP_ON_FAILURE): Call Test Case 'Test Cases/Reusable_Test_Sequences/Web_Office/Navigation/Sub_Menu_Navigation/Settings/Web_Office/Case_Reassignment' successfully

2020-04-24 08:31:02 - [TEST_CASE][PASSED] - Test Cases/Reusable_Test_Sequences/Web_Office/Navigation/Sub_Menu_Navigation/Settings/Web_Office/Case_Reassignment: Test Cases/Reusable_Test_Sequences/Web_Office/Navigation/Sub_Menu_Navigation/Settings/Web_Office/Case_Reassignment

2020-04-24 08:31:03 - [TEST_STEP][PASSED] - "--------------------------------------": null

2020-04-24 08:31:03 - [TEST_STEP][PASSED] - " Navigate Top level menu Item         |": null

2020-04-24 08:31:03 - [TEST_STEP][PASSED] - waitForPageLoad(60): Wait for page load successfully

2020-04-24 08:31:03 - [MESSAGE][PASSED] - Wait for page load successfully

2020-04-24 08:31:03 - [TEST_STEP][PASSED] - waitForElementClickable(findTestObject("Object Repository/WebOffice_Home_page/a_Settings"), 60): Object 'Object Repository/WebOffice_Home_page/a_Settings' is clickable

2020-04-24 08:31:03 - [MESSAGE][PASSED] - Object 'Object Repository/WebOffice_Home_page/a_Settings' is clickable

2020-04-24 08:31:03 - [TEST_STEP][PASSED] - mouseOver(findTestObject("Object Repository/WebOffice_Home_page/a_Settings")): Object: 'Object Repository/WebOffice_Home_page/a_Settings' is hovered

2020-04-24 08:31:03 - [MESSAGE][PASSED] - Object: 'Object Repository/WebOffice_Home_page/a_Settings' is hovered

2020-04-24 08:31:03 - [TEST_STEP][PASSED] - mouseOver(findTestObject("Object Repository/WebOffice_Home_page/a_Web Office")): Object: 'Object Repository/WebOffice_Home_page/a_Web Office' is hovered

2020-04-24 08:31:04 - [MESSAGE][PASSED] - Object: 'Object Repository/WebOffice_Home_page/a_Web Office' is hovered

2020-04-24 08:31:04 - [TEST_STEP][PASSED] - waitForElementClickable(findTestObject("Object Repository/WebOffice_Home_page/a_Case Reassignment"), 1): Object 'Object Repository/WebOffice_Home_page/a_Case Reassignment' is clickable

2020-04-24 08:31:04 - [MESSAGE][PASSED] - Object 'Object Repository/WebOffice_Home_page/a_Case Reassignment' is clickable

2020-04-24 08:31:04 - [TEST_STEP][PASSED] - click(findTestObject("Object Repository/WebOffice_Home_page/a_Case Reassignment")): Object: 'Object Repository/WebOffice_Home_page/a_Case Reassignment' is clicked on

2020-04-24 08:31:05 - [MESSAGE][PASSED] - Object: 'Object Repository/WebOffice_Home_page/a_Case Reassignment' is clicked on

2020-04-24 08:31:05 - [MESSAGE][PASSED] - Call Test Case 'Test Cases/Reusable_Test_Sequences/Web_Office/Navigation/Sub_Menu_Navigation/Settings/Web_Office/Case_Reassignment' successfully

2020-04-24 08:31:05 - [TEST_STEP][PASSED] - "--------------------------------------": null

2020-04-24 08:31:05 - [TEST_STEP][PASSED] - " Verify Returned Page Detail          |": null

2020-04-24 08:31:05 - [TEST_STEP][PASSED] - callTestCase(findTestCase("Reusable_Test_Sequences/Web_Office/Verification/Settings/Web_Office/Case_Reassignment"), [:], OPTIONAL): Call Test Case 'Test Cases/Reusable_Test_Sequences/Web_Office/Verification/Settings/Web_Office/Case_Reassignment' successfully

2020-04-24 08:31:05 - [TEST_CASE][PASSED] - Test Cases/Reusable_Test_Sequences/Web_Office/Verification/Settings/Web_Office/Case_Reassignment: Test Cases/Reusable_Test_Sequences/Web_Office/Verification/Settings/Web_Office/Case_Reassignment

2020-04-24 08:31:05 - [TEST_STEP][PASSED] - waitForPageLoad(60): Wait for page load successfully

2020-04-24 08:31:05 - [MESSAGE][PASSED] - Wait for page load successfully

2020-04-24 08:31:05 - [TEST_STEP][PASSED] - delay(1): Delayed 1 second(s)

2020-04-24 08:31:06 - [MESSAGE][PASSED] - Delayed 1 second(s)

2020-04-24 08:31:06 - [TEST_STEP][PASSED] - verifyTextPresent("Configure Case Reassignment by Task Type", false): Text 'Configure Case Reassignment by Task Type' is present on page 

2020-04-24 08:31:07 - [MESSAGE][PASSED] - Text 'Configure Case Reassignment by Task Type' is present on page 

2020-04-24 08:31:07 - [TEST_STEP][PASSED] - "----------------------------------------------": null

2020-04-24 08:31:07 - [TEST_STEP][PASSED] - verifyTextPresent("Task Type", false): Text 'Task Type' is present on page 

2020-04-24 08:31:07 - [MESSAGE][PASSED] - Text 'Task Type' is present on page 

2020-04-24 08:31:07 - [TEST_STEP][PASSED] - verifyTextPresent("Task Group", false): Text 'Task Group' is present on page 

2020-04-24 08:31:07 - [MESSAGE][PASSED] - Text 'Task Group' is present on page 

2020-04-24 08:31:07 - [TEST_STEP][PASSED] - verifyTextPresent("Description", false): Text 'Description' is present on page 

2020-04-24 08:31:08 - [MESSAGE][PASSED] - Text 'Description' is present on page 

2020-04-24 08:31:08 - [TEST_STEP][PASSED] - verifyTextPresent("Permit Case Reassignment", false): Text 'Permit Case Reassignment' is present on page 

2020-04-24 08:31:08 - [MESSAGE][PASSED] - Text 'Permit Case Reassignment' is present on page 

2020-04-24 08:31:08 - [TEST_STEP][PASSED] - "----------------------------------------------": null

2020-04-24 08:31:08 - [TEST_STEP][PASSED] - verifyTextPresent("Courtesy Call", false): Text 'Courtesy Call' is present on page 

2020-04-24 08:31:08 - [MESSAGE][PASSED] - Text 'Courtesy Call' is present on page 

2020-04-24 08:31:08 - [TEST_STEP][PASSED] - verifyTextPresent("Categories", false): Text 'Categories' is present on page 

2020-04-24 08:31:08 - [MESSAGE][PASSED] - Text 'Categories' is present on page 

2020-04-24 08:31:09 - [TEST_STEP][PASSED] - verifyTextPresent("Cancellation", false): Text 'Cancellation' is present on page 

2020-04-24 08:31:09 - [MESSAGE][PASSED] - Text 'Cancellation' is present on page 

2020-04-24 08:31:09 - [TEST_STEP][PASSED] - verifyTextPresent("Automated case for general inquries", false): Text 'Automated case for general inquries' is present on page 

2020-04-24 08:31:09 - [MESSAGE][PASSED] - Text 'Automated case for general inquries' is present on page 

2020-04-24 08:31:09 - [TEST_STEP][PASSED] - verifyTextPresent("90 day courtesy call is due", false): Text '90 day courtesy call is due' is present on page 

2020-04-24 08:31:09 - [MESSAGE][PASSED] - Text '90 day courtesy call is due' is present on page 

2020-04-24 08:31:09 - [TEST_STEP][PASSED] - verifyTextPresent("true", false): Text 'true' is present on page 

2020-04-24 08:31:10 - [MESSAGE][PASSED] - Text 'true' is present on page 

2020-04-24 08:31:10 - [TEST_STEP][PASSED] - verifyTextPresent("false", false): Text 'false' is present on page 

2020-04-24 08:31:10 - [MESSAGE][PASSED] - Text 'false' is present on page 

2020-04-24 08:31:10 - [MESSAGE][PASSED] - Call Test Case 'Test Cases/Reusable_Test_Sequences/Web_Office/Verification/Settings/Web_Office/Case_Reassignment' successfully

2020-04-24 08:31:10 - [TEST_STEP][PASSED] - "--------------------------": null

2020-04-24 08:31:10 - [TEST_STEP][PASSED] - " Teardown - CLose Browser |": null

2020-04-24 08:31:10 - [TEST_STEP][PASSED] - callTestCase(findTestCase("Reusable_Test_Sequences/CAT_Teardown"), [:], OPTIONAL): Call Test Case 'Test Cases/Reusable_Test_Sequences/CAT_Teardown' successfully

2020-04-24 08:31:10 - [TEST_CASE][PASSED] - Test Cases/Reusable_Test_Sequences/CAT_Teardown: Test Cases/Reusable_Test_Sequences/CAT_Teardown

2020-04-24 08:31:10 - [TEST_STEP][PASSED] - closeBrowser(): Browser is closed

2020-04-24 08:31:11 - [MESSAGE][PASSED] - Browser is closed

2020-04-24 08:31:11 - [TEST_STEP][PASSED] - super.finalize(): null

2020-04-24 08:31:11 - [TEST_STEP][PASSED] - System.gc(): null

2020-04-24 08:31:11 - [MESSAGE][PASSED] - Call Test Case 'Test Cases/Reusable_Test_Sequences/CAT_Teardown' successfully]]></system-out>
         <system-err><![CDATA[]]></system-err>
      </testcase>
      <testcase name="Test Cases/Web_Office/Settings/Web_Office/Case_Subjects" time="23.341" classname="Test Cases/Web_Office/Settings/Web_Office/Case_Subjects" status="PASSED">
         <system-out><![CDATA[2020-04-24 08:31:11 - [TEST_CASE][PASSED] - Test Cases/Web_Office/Settings/Web_Office/Case_Subjects: Test Cases/Web_Office/Settings/Web_Office/Case_Subjects

2020-04-24 08:31:12 - [TEST_STEP][PASSED] - "--------------------------------------": null

2020-04-24 08:31:12 - [TEST_STEP][PASSED] - " Web Office StartUp                  |": null

2020-04-24 08:31:12 - [TEST_STEP][PASSED] - callTestCase(findTestCase("Reusable_Test_Sequences/Web_Office/Directives/WebOffice_StartUp"), [:], STOP_ON_FAILURE): Call Test Case 'Test Cases/Reusable_Test_Sequences/Web_Office/Directives/WebOffice_StartUp' successfully

2020-04-24 08:31:12 - [TEST_CASE][PASSED] - Test Cases/Reusable_Test_Sequences/Web_Office/Directives/WebOffice_StartUp: Test Cases/Reusable_Test_Sequences/Web_Office/Directives/WebOffice_StartUp

2020-04-24 08:31:12 - [TEST_STEP][PASSED] - "-----------------------------------------------------------------------------": null

2020-04-24 08:31:12 - [TEST_STEP][PASSED] - if (URL == "https://www.dev.checkatrade.com/"): null

2020-04-24 08:31:12 - [TEST_STEP][PASSED] - "-----------------------------------------------------------------------------": null

2020-04-24 08:31:12 - [TEST_STEP][PASSED] - if (URL == "https://www.checkatrade.com/"): null

2020-04-24 08:31:12 - [TEST_STEP][PASSED] - "-----------------------------------------------------------------------------": null

2020-04-24 08:31:12 - [TEST_STEP][PASSED] - if (URL == "https://www.preview.checkatrade.com/"): null

2020-04-24 08:31:12 - [TEST_STEP][PASSED] - WebOfficeURL = "https://admin.preview.checkatrade.com/": null

2020-04-24 08:31:12 - [TEST_STEP][PASSED] - if (URL == "https://www.dev2.checkatrade.com/"): null

2020-04-24 08:31:12 - [TEST_STEP][PASSED] - "Set Function Area for "URL_Handler", URL Resolution": null

2020-04-24 08:31:12 - [TEST_STEP][PASSED] - "Do Some Magic with URL(s) See the comments within URL Handler ": null

2020-04-24 08:31:12 - [TEST_STEP][PASSED] - "------------------------------------------------": null

2020-04-24 08:31:12 - [TEST_STEP][PASSED] - "Moved Login Credentials to <Default> profile 22/01/2020": null

2020-04-24 08:31:12 - [TEST_STEP][PASSED] - "------------------------------------------------": null

2020-04-24 08:31:12 - [TEST_STEP][PASSED] - "WebOfficeURL - Set from the ENVIRONMENT PROFILE ": null

2020-04-24 08:31:12 - [TEST_STEP][PASSED] - "OPEN BROWSER": null

2020-04-24 08:31:12 - [TEST_STEP][PASSED] - "eg - https://admin.preview.checkatrade.com/  ": null

2020-04-24 08:31:12 - [TEST_STEP][PASSED] - openBrowser(WebOfficeURL): Browser is opened with url: 'https://admin.preview.checkatrade.com/'

2020-04-24 08:31:12 - [MESSAGE][INFO] - Starting 'Chrome' driver

2020-04-24 08:31:12 - [MESSAGE][INFO] - Action delay is set to 0 milliseconds

2020-04-24 08:31:18 - [MESSAGE][PASSED] - Browser is opened with url: 'https://admin.preview.checkatrade.com/'

2020-04-24 08:31:18 - [TEST_STEP][PASSED] - maximizeWindow(): Current window maximized

2020-04-24 08:31:20 - [MESSAGE][PASSED] - Current window maximized

2020-04-24 08:31:20 - [TEST_STEP][PASSED] - waitForElementClickable(findTestObject("Object Repository/WebOffice/Page_Checkatrade - Administration - Login/Login_Button"), 25): Object 'Object Repository/WebOffice/Page_Checkatrade - Administration - Login/Login_Button' is clickable

2020-04-24 08:31:21 - [MESSAGE][PASSED] - Object 'Object Repository/WebOffice/Page_Checkatrade - Administration - Login/Login_Button' is clickable

2020-04-24 08:31:21 - [TEST_STEP][PASSED] - verifyTextPresent("Checkatrade Web Office", false): Text 'Checkatrade Web Office' is present on page 

2020-04-24 08:31:21 - [MESSAGE][PASSED] - Text 'Checkatrade Web Office' is present on page 

2020-04-24 08:31:21 - [TEST_STEP][PASSED] - verifyTextPresent("Access for staff use only", false): Text 'Access for staff use only' is present on page 

2020-04-24 08:31:21 - [MESSAGE][PASSED] - Text 'Access for staff use only' is present on page 

2020-04-24 08:31:21 - [TEST_STEP][PASSED] - verifyTextPresent("Forgotten password?", false): Text 'Forgotten password?' is present on page 

2020-04-24 08:31:21 - [MESSAGE][PASSED] - Text 'Forgotten password?' is present on page 

2020-04-24 08:31:21 - [TEST_STEP][PASSED] - setText(findTestObject("Object Repository/WebOffice/Page_Checkatrade - Administration - Login/input_Username_LoginControlUserName"), wo_Username): Text 'DavidHo' is set on object 'Object Repository/WebOffice/Page_Checkatrade - Administration - Login/input_Username_LoginControlUserName'

2020-04-24 08:31:21 - [MESSAGE][PASSED] - Text 'DavidHo' is set on object 'Object Repository/WebOffice/Page_Checkatrade - Administration - Login/input_Username_LoginControlUserName'

2020-04-24 08:31:21 - [TEST_STEP][PASSED] - setText(findTestObject("Object Repository/WebOffice/Page_Checkatrade - Administration - Login/input_Password_LoginControlPassword"), wo_Password): Text 'Check123' is set on object 'Object Repository/WebOffice/Page_Checkatrade - Administration - Login/input_Password_LoginControlPassword'

2020-04-24 08:31:22 - [MESSAGE][PASSED] - Text 'Check123' is set on object 'Object Repository/WebOffice/Page_Checkatrade - Administration - Login/input_Password_LoginControlPassword'

2020-04-24 08:31:22 - [TEST_STEP][PASSED] - click(findTestObject("Object Repository/WebOffice/Page_Checkatrade - Administration - Login/Login_Button")): Object: 'Object Repository/WebOffice/Page_Checkatrade - Administration - Login/Login_Button' is clicked on

2020-04-24 08:31:24 - [MESSAGE][PASSED] - Object: 'Object Repository/WebOffice/Page_Checkatrade - Administration - Login/Login_Button' is clicked on

2020-04-24 08:31:24 - [TEST_STEP][PASSED] - waitForPageLoad(60): Wait for page load successfully

2020-04-24 08:31:24 - [MESSAGE][PASSED] - Wait for page load successfully

2020-04-24 08:31:24 - [TEST_STEP][PASSED] - verifyTextPresent("Welcome " + wo_Username, false): Text 'Welcome DavidHo' is present on page 

2020-04-24 08:31:24 - [MESSAGE][PASSED] - Text 'Welcome DavidHo' is present on page 

2020-04-24 08:31:24 - [MESSAGE][PASSED] - Call Test Case 'Test Cases/Reusable_Test_Sequences/Web_Office/Directives/WebOffice_StartUp' successfully

2020-04-24 08:31:24 - [TEST_STEP][PASSED] - "-----------------------------------------------------------------": null

2020-04-24 08:31:24 - [TEST_STEP][PASSED] - " Navigate to <Settings->Checkatrade.Com->Sub Item> Menu Item     |": null

2020-04-24 08:31:24 - [TEST_STEP][PASSED] - callTestCase(findTestCase("Reusable_Test_Sequences/Web_Office/Navigation/Sub_Menu_Navigation/Settings/Web_Office/Case_Subjects"), [:], STOP_ON_FAILURE): Call Test Case 'Test Cases/Reusable_Test_Sequences/Web_Office/Navigation/Sub_Menu_Navigation/Settings/Web_Office/Case_Subjects' successfully

2020-04-24 08:31:24 - [TEST_CASE][PASSED] - Test Cases/Reusable_Test_Sequences/Web_Office/Navigation/Sub_Menu_Navigation/Settings/Web_Office/Case_Subjects: Test Cases/Reusable_Test_Sequences/Web_Office/Navigation/Sub_Menu_Navigation/Settings/Web_Office/Case_Subjects

2020-04-24 08:31:25 - [TEST_STEP][PASSED] - "--------------------------------------": null

2020-04-24 08:31:25 - [TEST_STEP][PASSED] - " Navigate Top level menu Item         |": null

2020-04-24 08:31:25 - [TEST_STEP][PASSED] - waitForPageLoad(60): Wait for page load successfully

2020-04-24 08:31:25 - [MESSAGE][PASSED] - Wait for page load successfully

2020-04-24 08:31:25 - [TEST_STEP][PASSED] - waitForElementClickable(findTestObject("Object Repository/WebOffice_Home_page/a_Settings"), 60): Object 'Object Repository/WebOffice_Home_page/a_Settings' is clickable

2020-04-24 08:31:25 - [MESSAGE][PASSED] - Object 'Object Repository/WebOffice_Home_page/a_Settings' is clickable

2020-04-24 08:31:25 - [TEST_STEP][PASSED] - mouseOver(findTestObject("Object Repository/WebOffice_Home_page/a_Settings")): Object: 'Object Repository/WebOffice_Home_page/a_Settings' is hovered

2020-04-24 08:31:25 - [MESSAGE][PASSED] - Object: 'Object Repository/WebOffice_Home_page/a_Settings' is hovered

2020-04-24 08:31:25 - [TEST_STEP][PASSED] - mouseOver(findTestObject("Object Repository/WebOffice_Home_page/a_Web Office")): Object: 'Object Repository/WebOffice_Home_page/a_Web Office' is hovered

2020-04-24 08:31:26 - [MESSAGE][PASSED] - Object: 'Object Repository/WebOffice_Home_page/a_Web Office' is hovered

2020-04-24 08:31:26 - [TEST_STEP][PASSED] - waitForElementClickable(findTestObject("Object Repository/WebOffice_Home_page/a_Case Subjects"), 1): Object 'Object Repository/WebOffice_Home_page/a_Case Subjects' is clickable

2020-04-24 08:31:26 - [MESSAGE][PASSED] - Object 'Object Repository/WebOffice_Home_page/a_Case Subjects' is clickable

2020-04-24 08:31:26 - [TEST_STEP][PASSED] - click(findTestObject("Object Repository/WebOffice_Home_page/a_Case Subjects")): Object: 'Object Repository/WebOffice_Home_page/a_Case Subjects' is clicked on

2020-04-24 08:31:26 - [MESSAGE][PASSED] - Object: 'Object Repository/WebOffice_Home_page/a_Case Subjects' is clicked on

2020-04-24 08:31:26 - [MESSAGE][PASSED] - Call Test Case 'Test Cases/Reusable_Test_Sequences/Web_Office/Navigation/Sub_Menu_Navigation/Settings/Web_Office/Case_Subjects' successfully

2020-04-24 08:31:26 - [TEST_STEP][PASSED] - "--------------------------------------": null

2020-04-24 08:31:26 - [TEST_STEP][PASSED] - " Verify Returned Page Detail          |": null

2020-04-24 08:31:26 - [TEST_STEP][PASSED] - callTestCase(findTestCase("Reusable_Test_Sequences/Web_Office/Verification/Settings/Web_Office/Case_Subjects"), [:], OPTIONAL): Call Test Case 'Test Cases/Reusable_Test_Sequences/Web_Office/Verification/Settings/Web_Office/Case_Subjects' successfully

2020-04-24 08:31:27 - [TEST_CASE][PASSED] - Test Cases/Reusable_Test_Sequences/Web_Office/Verification/Settings/Web_Office/Case_Subjects: Test Cases/Reusable_Test_Sequences/Web_Office/Verification/Settings/Web_Office/Case_Subjects

2020-04-24 08:31:27 - [TEST_STEP][PASSED] - waitForPageLoad(60): Wait for page load successfully

2020-04-24 08:31:27 - [MESSAGE][PASSED] - Wait for page load successfully

2020-04-24 08:31:27 - [TEST_STEP][PASSED] - delay(1): Delayed 1 second(s)

2020-04-24 08:31:28 - [MESSAGE][PASSED] - Delayed 1 second(s)

2020-04-24 08:31:28 - [TEST_STEP][PASSED] - verifyTextPresent("Case Subjects", false): Text 'Case Subjects' is present on page 

2020-04-24 08:31:28 - [MESSAGE][PASSED] - Text 'Case Subjects' is present on page 

2020-04-24 08:31:28 - [TEST_STEP][PASSED] - "----------------------------------------------": null

2020-04-24 08:31:28 - [TEST_STEP][PASSED] - verifyTextPresent("Case Subject", false): Text 'Case Subject' is present on page 

2020-04-24 08:31:29 - [MESSAGE][PASSED] - Text 'Case Subject' is present on page 

2020-04-24 08:31:29 - [TEST_STEP][PASSED] - verifyTextPresent("Group", false): Text 'Group' is present on page 

2020-04-24 08:31:29 - [MESSAGE][PASSED] - Text 'Group' is present on page 

2020-04-24 08:31:29 - [TEST_STEP][PASSED] - verifyTextPresent("Description", false): Text 'Description' is present on page 

2020-04-24 08:31:30 - [MESSAGE][PASSED] - Text 'Description' is present on page 

2020-04-24 08:31:30 - [TEST_STEP][PASSED] - "----------------------------------------------": null

2020-04-24 08:31:30 - [TEST_STEP][PASSED] - verifyTextPresent("Advertising", false): Text 'Advertising' is present on page 

2020-04-24 08:31:30 - [MESSAGE][PASSED] - Text 'Advertising' is present on page 

2020-04-24 08:31:30 - [TEST_STEP][PASSED] - verifyTextPresent("Appointment", false): Text 'Appointment' is present on page 

2020-04-24 08:31:30 - [MESSAGE][PASSED] - Text 'Appointment' is present on page 

2020-04-24 08:31:30 - [TEST_STEP][PASSED] - verifyTextPresent("Cancellation", false): Text 'Cancellation' is present on page 

2020-04-24 08:31:31 - [MESSAGE][PASSED] - Text 'Cancellation' is present on page 

2020-04-24 08:31:31 - [TEST_STEP][PASSED] - verifyTextPresent("Admin", false): Text 'Admin' is present on page 

2020-04-24 08:31:31 - [MESSAGE][PASSED] - Text 'Admin' is present on page 

2020-04-24 08:31:31 - [TEST_STEP][PASSED] - verifyTextPresent("Finance", false): Text 'Finance' is present on page 

2020-04-24 08:31:31 - [MESSAGE][PASSED] - Text 'Finance' is present on page 

2020-04-24 08:31:31 - [TEST_STEP][PASSED] - verifyTextPresent("Vetting", false): Text 'Vetting' is present on page 

2020-04-24 08:31:31 - [MESSAGE][PASSED] - Text 'Vetting' is present on page 

2020-04-24 08:31:31 - [TEST_STEP][PASSED] - verifyTextPresent("Manual Accreditations tank for Vetting", false): Text 'Manual Accreditations tank for Vetting' is present on page 

2020-04-24 08:31:32 - [MESSAGE][PASSED] - Text 'Manual Accreditations tank for Vetting' is present on page 

2020-04-24 08:31:32 - [TEST_STEP][PASSED] - verifyTextPresent("bad debt provision", false): Text 'bad debt provision' is present on page 

2020-04-24 08:31:32 - [MESSAGE][PASSED] - Text 'bad debt provision' is present on page 

2020-04-24 08:31:32 - [MESSAGE][PASSED] - Call Test Case 'Test Cases/Reusable_Test_Sequences/Web_Office/Verification/Settings/Web_Office/Case_Subjects' successfully

2020-04-24 08:31:32 - [TEST_STEP][PASSED] - "--------------------------": null

2020-04-24 08:31:32 - [TEST_STEP][PASSED] - " Teardown - CLose Browser |": null

2020-04-24 08:31:32 - [TEST_STEP][PASSED] - callTestCase(findTestCase("Reusable_Test_Sequences/CAT_Teardown"), [:], OPTIONAL): Call Test Case 'Test Cases/Reusable_Test_Sequences/CAT_Teardown' successfully

2020-04-24 08:31:32 - [TEST_CASE][PASSED] - Test Cases/Reusable_Test_Sequences/CAT_Teardown: Test Cases/Reusable_Test_Sequences/CAT_Teardown

2020-04-24 08:31:32 - [TEST_STEP][PASSED] - closeBrowser(): Browser is closed

2020-04-24 08:31:34 - [MESSAGE][PASSED] - Browser is closed

2020-04-24 08:31:34 - [TEST_STEP][PASSED] - super.finalize(): null

2020-04-24 08:31:34 - [TEST_STEP][PASSED] - System.gc(): null

2020-04-24 08:31:35 - [MESSAGE][PASSED] - Call Test Case 'Test Cases/Reusable_Test_Sequences/CAT_Teardown' successfully]]></system-out>
         <system-err><![CDATA[]]></system-err>
      </testcase>
      <testcase name="Test Cases/Web_Office/Settings/Web_Office/Company_Groups" time="28.308" classname="Test Cases/Web_Office/Settings/Web_Office/Company_Groups" status="PASSED">
         <system-out><![CDATA[2020-04-24 08:31:35 - [TEST_CASE][PASSED] - Test Cases/Web_Office/Settings/Web_Office/Company_Groups: Test Cases/Web_Office/Settings/Web_Office/Company_Groups

2020-04-24 08:31:35 - [TEST_STEP][PASSED] - "--------------------------------------": null

2020-04-24 08:31:35 - [TEST_STEP][PASSED] - " Web Office StartUp                  |": null

2020-04-24 08:31:35 - [TEST_STEP][PASSED] - callTestCase(findTestCase("Reusable_Test_Sequences/Web_Office/Directives/WebOffice_StartUp"), [:], STOP_ON_FAILURE): Call Test Case 'Test Cases/Reusable_Test_Sequences/Web_Office/Directives/WebOffice_StartUp' successfully

2020-04-24 08:31:35 - [TEST_CASE][PASSED] - Test Cases/Reusable_Test_Sequences/Web_Office/Directives/WebOffice_StartUp: Test Cases/Reusable_Test_Sequences/Web_Office/Directives/WebOffice_StartUp

2020-04-24 08:31:35 - [TEST_STEP][PASSED] - "-----------------------------------------------------------------------------": null

2020-04-24 08:31:35 - [TEST_STEP][PASSED] - if (URL == "https://www.dev.checkatrade.com/"): null

2020-04-24 08:31:35 - [TEST_STEP][PASSED] - "-----------------------------------------------------------------------------": null

2020-04-24 08:31:35 - [TEST_STEP][PASSED] - if (URL == "https://www.checkatrade.com/"): null

2020-04-24 08:31:35 - [TEST_STEP][PASSED] - "-----------------------------------------------------------------------------": null

2020-04-24 08:31:35 - [TEST_STEP][PASSED] - if (URL == "https://www.preview.checkatrade.com/"): null

2020-04-24 08:31:35 - [TEST_STEP][PASSED] - WebOfficeURL = "https://admin.preview.checkatrade.com/": null

2020-04-24 08:31:35 - [TEST_STEP][PASSED] - if (URL == "https://www.dev2.checkatrade.com/"): null

2020-04-24 08:31:35 - [TEST_STEP][PASSED] - "Set Function Area for "URL_Handler", URL Resolution": null

2020-04-24 08:31:35 - [TEST_STEP][PASSED] - "Do Some Magic with URL(s) See the comments within URL Handler ": null

2020-04-24 08:31:35 - [TEST_STEP][PASSED] - "------------------------------------------------": null

2020-04-24 08:31:35 - [TEST_STEP][PASSED] - "Moved Login Credentials to <Default> profile 22/01/2020": null

2020-04-24 08:31:35 - [TEST_STEP][PASSED] - "------------------------------------------------": null

2020-04-24 08:31:35 - [TEST_STEP][PASSED] - "WebOfficeURL - Set from the ENVIRONMENT PROFILE ": null

2020-04-24 08:31:35 - [TEST_STEP][PASSED] - "OPEN BROWSER": null

2020-04-24 08:31:35 - [TEST_STEP][PASSED] - "eg - https://admin.preview.checkatrade.com/  ": null

2020-04-24 08:31:35 - [TEST_STEP][PASSED] - openBrowser(WebOfficeURL): Browser is opened with url: 'https://admin.preview.checkatrade.com/'

2020-04-24 08:31:35 - [MESSAGE][INFO] - Starting 'Chrome' driver

2020-04-24 08:31:35 - [MESSAGE][INFO] - Action delay is set to 0 milliseconds

2020-04-24 08:31:40 - [MESSAGE][PASSED] - Browser is opened with url: 'https://admin.preview.checkatrade.com/'

2020-04-24 08:31:40 - [TEST_STEP][PASSED] - maximizeWindow(): Current window maximized

2020-04-24 08:31:43 - [MESSAGE][PASSED] - Current window maximized

2020-04-24 08:31:43 - [TEST_STEP][PASSED] - waitForElementClickable(findTestObject("Object Repository/WebOffice/Page_Checkatrade - Administration - Login/Login_Button"), 25): Object 'Object Repository/WebOffice/Page_Checkatrade - Administration - Login/Login_Button' is clickable

2020-04-24 08:31:43 - [MESSAGE][PASSED] - Object 'Object Repository/WebOffice/Page_Checkatrade - Administration - Login/Login_Button' is clickable

2020-04-24 08:31:43 - [TEST_STEP][PASSED] - verifyTextPresent("Checkatrade Web Office", false): Text 'Checkatrade Web Office' is present on page 

2020-04-24 08:31:43 - [MESSAGE][PASSED] - Text 'Checkatrade Web Office' is present on page 

2020-04-24 08:31:43 - [TEST_STEP][PASSED] - verifyTextPresent("Access for staff use only", false): Text 'Access for staff use only' is present on page 

2020-04-24 08:31:43 - [MESSAGE][PASSED] - Text 'Access for staff use only' is present on page 

2020-04-24 08:31:43 - [TEST_STEP][PASSED] - verifyTextPresent("Forgotten password?", false): Text 'Forgotten password?' is present on page 

2020-04-24 08:31:43 - [MESSAGE][PASSED] - Text 'Forgotten password?' is present on page 

2020-04-24 08:31:43 - [TEST_STEP][PASSED] - setText(findTestObject("Object Repository/WebOffice/Page_Checkatrade - Administration - Login/input_Username_LoginControlUserName"), wo_Username): Text 'DavidHo' is set on object 'Object Repository/WebOffice/Page_Checkatrade - Administration - Login/input_Username_LoginControlUserName'

2020-04-24 08:31:44 - [MESSAGE][PASSED] - Text 'DavidHo' is set on object 'Object Repository/WebOffice/Page_Checkatrade - Administration - Login/input_Username_LoginControlUserName'

2020-04-24 08:31:44 - [TEST_STEP][PASSED] - setText(findTestObject("Object Repository/WebOffice/Page_Checkatrade - Administration - Login/input_Password_LoginControlPassword"), wo_Password): Text 'Check123' is set on object 'Object Repository/WebOffice/Page_Checkatrade - Administration - Login/input_Password_LoginControlPassword'

2020-04-24 08:31:45 - [MESSAGE][PASSED] - Text 'Check123' is set on object 'Object Repository/WebOffice/Page_Checkatrade - Administration - Login/input_Password_LoginControlPassword'

2020-04-24 08:31:45 - [TEST_STEP][PASSED] - click(findTestObject("Object Repository/WebOffice/Page_Checkatrade - Administration - Login/Login_Button")): Object: 'Object Repository/WebOffice/Page_Checkatrade - Administration - Login/Login_Button' is clicked on

2020-04-24 08:31:46 - [MESSAGE][PASSED] - Object: 'Object Repository/WebOffice/Page_Checkatrade - Administration - Login/Login_Button' is clicked on

2020-04-24 08:31:46 - [TEST_STEP][PASSED] - waitForPageLoad(60): Wait for page load successfully

2020-04-24 08:31:46 - [MESSAGE][PASSED] - Wait for page load successfully

2020-04-24 08:31:46 - [TEST_STEP][PASSED] - verifyTextPresent("Welcome " + wo_Username, false): Text 'Welcome DavidHo' is present on page 

2020-04-24 08:31:47 - [MESSAGE][PASSED] - Text 'Welcome DavidHo' is present on page 

2020-04-24 08:31:47 - [MESSAGE][PASSED] - Call Test Case 'Test Cases/Reusable_Test_Sequences/Web_Office/Directives/WebOffice_StartUp' successfully

2020-04-24 08:31:47 - [TEST_STEP][PASSED] - "-----------------------------------------------------------------": null

2020-04-24 08:31:47 - [TEST_STEP][PASSED] - " Navigate to <Settings->Checkatrade.Com->Sub Item> Menu Item     |": null

2020-04-24 08:31:47 - [TEST_STEP][PASSED] - callTestCase(findTestCase("Reusable_Test_Sequences/Web_Office/Navigation/Sub_Menu_Navigation/Settings/Web_Office/Franchises"), [:], STOP_ON_FAILURE): Call Test Case 'Test Cases/Reusable_Test_Sequences/Web_Office/Navigation/Sub_Menu_Navigation/Settings/Web_Office/Franchises' successfully

2020-04-24 08:31:47 - [TEST_CASE][PASSED] - Test Cases/Reusable_Test_Sequences/Web_Office/Navigation/Sub_Menu_Navigation/Settings/Web_Office/Franchises: Test Cases/Reusable_Test_Sequences/Web_Office/Navigation/Sub_Menu_Navigation/Settings/Web_Office/Franchises

2020-04-24 08:31:47 - [TEST_STEP][PASSED] - "--------------------------------------": null

2020-04-24 08:31:47 - [TEST_STEP][PASSED] - " Navigate Top level menu Item         |": null

2020-04-24 08:31:47 - [TEST_STEP][PASSED] - waitForPageLoad(60): Wait for page load successfully

2020-04-24 08:31:47 - [MESSAGE][PASSED] - Wait for page load successfully

2020-04-24 08:31:47 - [TEST_STEP][PASSED] - waitForElementClickable(findTestObject("Object Repository/WebOffice_Home_page/a_Settings"), 60): Object 'Object Repository/WebOffice_Home_page/a_Settings' is clickable

2020-04-24 08:31:47 - [MESSAGE][PASSED] - Object 'Object Repository/WebOffice_Home_page/a_Settings' is clickable

2020-04-24 08:31:47 - [TEST_STEP][PASSED] - mouseOver(findTestObject("Object Repository/WebOffice_Home_page/a_Settings")): Object: 'Object Repository/WebOffice_Home_page/a_Settings' is hovered

2020-04-24 08:31:48 - [MESSAGE][PASSED] - Object: 'Object Repository/WebOffice_Home_page/a_Settings' is hovered

2020-04-24 08:31:48 - [TEST_STEP][PASSED] - mouseOver(findTestObject("Object Repository/WebOffice_Home_page/a_Web Office")): Object: 'Object Repository/WebOffice_Home_page/a_Web Office' is hovered

2020-04-24 08:31:48 - [MESSAGE][PASSED] - Object: 'Object Repository/WebOffice_Home_page/a_Web Office' is hovered

2020-04-24 08:31:48 - [TEST_STEP][PASSED] - waitForElementClickable(findTestObject("Object Repository/WebOffice_Home_page/a_Company Groups"), 1): Object 'Object Repository/WebOffice_Home_page/a_Company Groups' is clickable

2020-04-24 08:31:48 - [MESSAGE][PASSED] - Object 'Object Repository/WebOffice_Home_page/a_Company Groups' is clickable

2020-04-24 08:31:48 - [TEST_STEP][PASSED] - click(findTestObject("Object Repository/WebOffice_Home_page/a_Company Groups")): Object: 'Object Repository/WebOffice_Home_page/a_Company Groups' is clicked on

2020-04-24 08:31:51 - [MESSAGE][PASSED] - Object: 'Object Repository/WebOffice_Home_page/a_Company Groups' is clicked on

2020-04-24 08:31:51 - [MESSAGE][PASSED] - Call Test Case 'Test Cases/Reusable_Test_Sequences/Web_Office/Navigation/Sub_Menu_Navigation/Settings/Web_Office/Franchises' successfully

2020-04-24 08:31:51 - [TEST_STEP][PASSED] - "--------------------------------------": null

2020-04-24 08:31:51 - [TEST_STEP][PASSED] - " Verify Returned Page Detail          |": null

2020-04-24 08:31:51 - [TEST_STEP][PASSED] - callTestCase(findTestCase("Reusable_Test_Sequences/Web_Office/Verification/Settings/Web_Office/Franchises"), [:], OPTIONAL): Call Test Case 'Test Cases/Reusable_Test_Sequences/Web_Office/Verification/Settings/Web_Office/Franchises' successfully

2020-04-24 08:31:51 - [TEST_CASE][PASSED] - Test Cases/Reusable_Test_Sequences/Web_Office/Verification/Settings/Web_Office/Franchises: Test Cases/Reusable_Test_Sequences/Web_Office/Verification/Settings/Web_Office/Franchises

2020-04-24 08:31:51 - [TEST_STEP][PASSED] - waitForPageLoad(60): Wait for page load successfully

2020-04-24 08:31:51 - [MESSAGE][PASSED] - Wait for page load successfully

2020-04-24 08:31:51 - [TEST_STEP][PASSED] - delay(1): Delayed 1 second(s)

2020-04-24 08:31:52 - [MESSAGE][PASSED] - Delayed 1 second(s)

2020-04-24 08:31:52 - [TEST_STEP][PASSED] - verifyTextPresent("Company Groups", false): Text 'Company Groups' is present on page 

2020-04-24 08:31:53 - [MESSAGE][PASSED] - Text 'Company Groups' is present on page 

2020-04-24 08:31:53 - [TEST_STEP][PASSED] - "----------------------------------------------": null

2020-04-24 08:31:53 - [TEST_STEP][PASSED] - verifyTextPresent("Add new group", false): Text 'Add new group' is present on page 

2020-04-24 08:31:54 - [MESSAGE][PASSED] - Text 'Add new group' is present on page 

2020-04-24 08:31:54 - [TEST_STEP][PASSED] - verifyTextPresent("Free of charge", false): Text 'Free of charge' is present on page 

2020-04-24 08:31:55 - [MESSAGE][PASSED] - Text 'Free of charge' is present on page 

2020-04-24 08:31:55 - [TEST_STEP][PASSED] - verifyTextPresent("Trading Standards", false): Text 'Trading Standards' is present on page 

2020-04-24 08:31:55 - [MESSAGE][PASSED] - Text 'Trading Standards' is present on page 

2020-04-24 08:31:55 - [TEST_STEP][PASSED] - "----------------------------------------------": null

2020-04-24 08:31:55 - [TEST_STEP][PASSED] - verifyTextPresent("Can Assign", false): Text 'Can Assign' is present on page 

2020-04-24 08:31:56 - [MESSAGE][PASSED] - Text 'Can Assign' is present on page 

2020-04-24 08:31:56 - [TEST_STEP][PASSED] - verifyTextPresent("Name", false): Text 'Name' is present on page 

2020-04-24 08:31:57 - [MESSAGE][PASSED] - Text 'Name' is present on page 

2020-04-24 08:31:57 - [TEST_STEP][PASSED] - verifyTextPresent("Total Companies", false): Text 'Total Companies' is present on page 

2020-04-24 08:31:57 - [MESSAGE][PASSED] - Text 'Total Companies' is present on page 

2020-04-24 08:31:57 - [TEST_STEP][PASSED] - verifyTextPresent("Reassign", false): Text 'Reassign' is present on page 

2020-04-24 08:31:58 - [MESSAGE][PASSED] - Text 'Reassign' is present on page 

2020-04-24 08:31:58 - [TEST_STEP][PASSED] - verifyTextPresent("Edit Group", false): Text 'Edit Group' is present on page 

2020-04-24 08:31:58 - [MESSAGE][PASSED] - Text 'Edit Group' is present on page 

2020-04-24 08:31:58 - [TEST_STEP][PASSED] - "----------------------------------------------": null

2020-04-24 08:31:58 - [TEST_STEP][PASSED] - verifyTextPresent("100 Trophy", false): Text '100 Trophy' is present on page 

2020-04-24 08:31:59 - [MESSAGE][PASSED] - Text '100 Trophy' is present on page 

2020-04-24 08:31:59 - [TEST_STEP][PASSED] - verifyTextPresent("Age Concern", false): Text 'Age Concern' is present on page 

2020-04-24 08:31:59 - [MESSAGE][PASSED] - Text 'Age Concern' is present on page 

2020-04-24 08:31:59 - [TEST_STEP][PASSED] - verifyTextPresent("British Gas", false): Text 'British Gas' is present on page 

2020-04-24 08:32:00 - [MESSAGE][PASSED] - Text 'British Gas' is present on page 

2020-04-24 08:32:00 - [TEST_STEP][PASSED] - verifyTextPresent("Reassign Companies", false): Text 'Reassign Companies' is present on page 

2020-04-24 08:32:01 - [MESSAGE][PASSED] - Text 'Reassign Companies' is present on page 

2020-04-24 08:32:01 - [MESSAGE][PASSED] - Call Test Case 'Test Cases/Reusable_Test_Sequences/Web_Office/Verification/Settings/Web_Office/Franchises' successfully

2020-04-24 08:32:01 - [TEST_STEP][PASSED] - "--------------------------": null

2020-04-24 08:32:01 - [TEST_STEP][PASSED] - " Teardown - CLose Browser |": null

2020-04-24 08:32:01 - [TEST_STEP][PASSED] - callTestCase(findTestCase("Reusable_Test_Sequences/CAT_Teardown"), [:], OPTIONAL): Call Test Case 'Test Cases/Reusable_Test_Sequences/CAT_Teardown' successfully

2020-04-24 08:32:02 - [TEST_CASE][PASSED] - Test Cases/Reusable_Test_Sequences/CAT_Teardown: Test Cases/Reusable_Test_Sequences/CAT_Teardown

2020-04-24 08:32:02 - [TEST_STEP][PASSED] - closeBrowser(): Browser is closed

2020-04-24 08:32:03 - [MESSAGE][PASSED] - Browser is closed

2020-04-24 08:32:03 - [TEST_STEP][PASSED] - super.finalize(): null

2020-04-24 08:32:03 - [TEST_STEP][PASSED] - System.gc(): null

2020-04-24 08:32:03 - [MESSAGE][PASSED] - Call Test Case 'Test Cases/Reusable_Test_Sequences/CAT_Teardown' successfully]]></system-out>
         <system-err><![CDATA[]]></system-err>
      </testcase>
      <testcase name="Test Cases/Web_Office/Settings/Web_Office/Franchises" time="25.376" classname="Test Cases/Web_Office/Settings/Web_Office/Franchises" status="PASSED">
         <system-out><![CDATA[2020-04-24 08:32:03 - [TEST_CASE][PASSED] - Test Cases/Web_Office/Settings/Web_Office/Franchises: Test Cases/Web_Office/Settings/Web_Office/Franchises

2020-04-24 08:32:03 - [TEST_STEP][PASSED] - "--------------------------------------": null

2020-04-24 08:32:03 - [TEST_STEP][PASSED] - " Web Office StartUp                  |": null

2020-04-24 08:32:03 - [TEST_STEP][PASSED] - callTestCase(findTestCase("Reusable_Test_Sequences/Web_Office/Directives/WebOffice_StartUp"), [:], STOP_ON_FAILURE): Call Test Case 'Test Cases/Reusable_Test_Sequences/Web_Office/Directives/WebOffice_StartUp' successfully

2020-04-24 08:32:03 - [TEST_CASE][PASSED] - Test Cases/Reusable_Test_Sequences/Web_Office/Directives/WebOffice_StartUp: Test Cases/Reusable_Test_Sequences/Web_Office/Directives/WebOffice_StartUp

2020-04-24 08:32:03 - [TEST_STEP][PASSED] - "-----------------------------------------------------------------------------": null

2020-04-24 08:32:03 - [TEST_STEP][PASSED] - if (URL == "https://www.dev.checkatrade.com/"): null

2020-04-24 08:32:03 - [TEST_STEP][PASSED] - "-----------------------------------------------------------------------------": null

2020-04-24 08:32:03 - [TEST_STEP][PASSED] - if (URL == "https://www.checkatrade.com/"): null

2020-04-24 08:32:03 - [TEST_STEP][PASSED] - "-----------------------------------------------------------------------------": null

2020-04-24 08:32:03 - [TEST_STEP][PASSED] - if (URL == "https://www.preview.checkatrade.com/"): null

2020-04-24 08:32:03 - [TEST_STEP][PASSED] - WebOfficeURL = "https://admin.preview.checkatrade.com/": null

2020-04-24 08:32:03 - [TEST_STEP][PASSED] - if (URL == "https://www.dev2.checkatrade.com/"): null

2020-04-24 08:32:03 - [TEST_STEP][PASSED] - "Set Function Area for "URL_Handler", URL Resolution": null

2020-04-24 08:32:03 - [TEST_STEP][PASSED] - "Do Some Magic with URL(s) See the comments within URL Handler ": null

2020-04-24 08:32:03 - [TEST_STEP][PASSED] - "------------------------------------------------": null

2020-04-24 08:32:03 - [TEST_STEP][PASSED] - "Moved Login Credentials to <Default> profile 22/01/2020": null

2020-04-24 08:32:03 - [TEST_STEP][PASSED] - "------------------------------------------------": null

2020-04-24 08:32:03 - [TEST_STEP][PASSED] - "WebOfficeURL - Set from the ENVIRONMENT PROFILE ": null

2020-04-24 08:32:03 - [TEST_STEP][PASSED] - "OPEN BROWSER": null

2020-04-24 08:32:03 - [TEST_STEP][PASSED] - "eg - https://admin.preview.checkatrade.com/  ": null

2020-04-24 08:32:03 - [TEST_STEP][PASSED] - openBrowser(WebOfficeURL): Browser is opened with url: 'https://admin.preview.checkatrade.com/'

2020-04-24 08:32:03 - [MESSAGE][INFO] - Starting 'Chrome' driver

2020-04-24 08:32:03 - [MESSAGE][INFO] - Action delay is set to 0 milliseconds

2020-04-24 08:32:08 - [MESSAGE][PASSED] - Browser is opened with url: 'https://admin.preview.checkatrade.com/'

2020-04-24 08:32:08 - [TEST_STEP][PASSED] - maximizeWindow(): Current window maximized

2020-04-24 08:32:10 - [MESSAGE][PASSED] - Current window maximized

2020-04-24 08:32:10 - [TEST_STEP][PASSED] - waitForElementClickable(findTestObject("Object Repository/WebOffice/Page_Checkatrade - Administration - Login/Login_Button"), 25): Object 'Object Repository/WebOffice/Page_Checkatrade - Administration - Login/Login_Button' is clickable

2020-04-24 08:32:11 - [MESSAGE][PASSED] - Object 'Object Repository/WebOffice/Page_Checkatrade - Administration - Login/Login_Button' is clickable

2020-04-24 08:32:11 - [TEST_STEP][PASSED] - verifyTextPresent("Checkatrade Web Office", false): Text 'Checkatrade Web Office' is present on page 

2020-04-24 08:32:11 - [MESSAGE][PASSED] - Text 'Checkatrade Web Office' is present on page 

2020-04-24 08:32:11 - [TEST_STEP][PASSED] - verifyTextPresent("Access for staff use only", false): Text 'Access for staff use only' is present on page 

2020-04-24 08:32:11 - [MESSAGE][PASSED] - Text 'Access for staff use only' is present on page 

2020-04-24 08:32:11 - [TEST_STEP][PASSED] - verifyTextPresent("Forgotten password?", false): Text 'Forgotten password?' is present on page 

2020-04-24 08:32:11 - [MESSAGE][PASSED] - Text 'Forgotten password?' is present on page 

2020-04-24 08:32:11 - [TEST_STEP][PASSED] - setText(findTestObject("Object Repository/WebOffice/Page_Checkatrade - Administration - Login/input_Username_LoginControlUserName"), wo_Username): Text 'DavidHo' is set on object 'Object Repository/WebOffice/Page_Checkatrade - Administration - Login/input_Username_LoginControlUserName'

2020-04-24 08:32:11 - [MESSAGE][PASSED] - Text 'DavidHo' is set on object 'Object Repository/WebOffice/Page_Checkatrade - Administration - Login/input_Username_LoginControlUserName'

2020-04-24 08:32:11 - [TEST_STEP][PASSED] - setText(findTestObject("Object Repository/WebOffice/Page_Checkatrade - Administration - Login/input_Password_LoginControlPassword"), wo_Password): Text 'Check123' is set on object 'Object Repository/WebOffice/Page_Checkatrade - Administration - Login/input_Password_LoginControlPassword'

2020-04-24 08:32:11 - [MESSAGE][PASSED] - Text 'Check123' is set on object 'Object Repository/WebOffice/Page_Checkatrade - Administration - Login/input_Password_LoginControlPassword'

2020-04-24 08:32:11 - [TEST_STEP][PASSED] - click(findTestObject("Object Repository/WebOffice/Page_Checkatrade - Administration - Login/Login_Button")): Object: 'Object Repository/WebOffice/Page_Checkatrade - Administration - Login/Login_Button' is clicked on

2020-04-24 08:32:13 - [MESSAGE][PASSED] - Object: 'Object Repository/WebOffice/Page_Checkatrade - Administration - Login/Login_Button' is clicked on

2020-04-24 08:32:13 - [TEST_STEP][PASSED] - waitForPageLoad(60): Wait for page load successfully

2020-04-24 08:32:13 - [MESSAGE][PASSED] - Wait for page load successfully

2020-04-24 08:32:13 - [TEST_STEP][PASSED] - verifyTextPresent("Welcome " + wo_Username, false): Text 'Welcome DavidHo' is present on page 

2020-04-24 08:32:13 - [MESSAGE][PASSED] - Text 'Welcome DavidHo' is present on page 

2020-04-24 08:32:13 - [MESSAGE][PASSED] - Call Test Case 'Test Cases/Reusable_Test_Sequences/Web_Office/Directives/WebOffice_StartUp' successfully

2020-04-24 08:32:13 - [TEST_STEP][PASSED] - "-----------------------------------------------------------------": null

2020-04-24 08:32:13 - [TEST_STEP][PASSED] - " Navigate to <Settings->Checkatrade.Com->Sub Item> Menu Item     |": null

2020-04-24 08:32:13 - [TEST_STEP][PASSED] - callTestCase(findTestCase("Reusable_Test_Sequences/Web_Office/Navigation/Sub_Menu_Navigation/Settings/Web_Office/Company_Groups"), [:], STOP_ON_FAILURE): Call Test Case 'Test Cases/Reusable_Test_Sequences/Web_Office/Navigation/Sub_Menu_Navigation/Settings/Web_Office/Company_Groups' successfully

2020-04-24 08:32:13 - [TEST_CASE][PASSED] - Test Cases/Reusable_Test_Sequences/Web_Office/Navigation/Sub_Menu_Navigation/Settings/Web_Office/Company_Groups: Test Cases/Reusable_Test_Sequences/Web_Office/Navigation/Sub_Menu_Navigation/Settings/Web_Office/Company_Groups

2020-04-24 08:32:13 - [TEST_STEP][PASSED] - "--------------------------------------": null

2020-04-24 08:32:13 - [TEST_STEP][PASSED] - " Navigate Top level menu Item         |": null

2020-04-24 08:32:13 - [TEST_STEP][PASSED] - waitForPageLoad(60): Wait for page load successfully

2020-04-24 08:32:13 - [MESSAGE][PASSED] - Wait for page load successfully

2020-04-24 08:32:13 - [TEST_STEP][PASSED] - waitForElementClickable(findTestObject("Object Repository/WebOffice_Home_page/a_Settings"), 60): Object 'Object Repository/WebOffice_Home_page/a_Settings' is clickable

2020-04-24 08:32:14 - [MESSAGE][PASSED] - Object 'Object Repository/WebOffice_Home_page/a_Settings' is clickable

2020-04-24 08:32:14 - [TEST_STEP][PASSED] - mouseOver(findTestObject("Object Repository/WebOffice_Home_page/a_Settings")): Object: 'Object Repository/WebOffice_Home_page/a_Settings' is hovered

2020-04-24 08:32:14 - [MESSAGE][PASSED] - Object: 'Object Repository/WebOffice_Home_page/a_Settings' is hovered

2020-04-24 08:32:14 - [TEST_STEP][PASSED] - mouseOver(findTestObject("Object Repository/WebOffice_Home_page/a_Web Office")): Object: 'Object Repository/WebOffice_Home_page/a_Web Office' is hovered

2020-04-24 08:32:14 - [MESSAGE][PASSED] - Object: 'Object Repository/WebOffice_Home_page/a_Web Office' is hovered

2020-04-24 08:32:14 - [TEST_STEP][PASSED] - waitForElementClickable(findTestObject("Object Repository/WebOffice_Home_page/a_Franchises"), 1): Object 'Object Repository/WebOffice_Home_page/a_Franchises' is clickable

2020-04-24 08:32:14 - [MESSAGE][PASSED] - Object 'Object Repository/WebOffice_Home_page/a_Franchises' is clickable

2020-04-24 08:32:14 - [TEST_STEP][PASSED] - click(findTestObject("Object Repository/WebOffice_Home_page/a_Franchises")): Object: 'Object Repository/WebOffice_Home_page/a_Franchises' is clicked on

2020-04-24 08:32:15 - [MESSAGE][PASSED] - Object: 'Object Repository/WebOffice_Home_page/a_Franchises' is clicked on

2020-04-24 08:32:15 - [MESSAGE][PASSED] - Call Test Case 'Test Cases/Reusable_Test_Sequences/Web_Office/Navigation/Sub_Menu_Navigation/Settings/Web_Office/Company_Groups' successfully

2020-04-24 08:32:15 - [TEST_STEP][PASSED] - "--------------------------------------": null

2020-04-24 08:32:15 - [TEST_STEP][PASSED] - " Verify Returned Page Detail          |": null

2020-04-24 08:32:15 - [TEST_STEP][PASSED] - callTestCase(findTestCase("Reusable_Test_Sequences/Web_Office/Verification/Settings/Web_Office/Company_Groups"), [:], OPTIONAL): Unable to call Test Case 'Test Cases/Reusable_Test_Sequences/Web_Office/Verification/Settings/Web_Office/Company_Groups' (Root cause: com.kms.katalon.core.exception.StepFailedException: Call Test Case 'Test Cases/Reusable_Test_Sequences/Web_Office/Verification/Settings/Web_Office/Company_Groups' failed
	at com.kms.katalon.core.keyword.builtin.CallTestCaseKeyword$_callTestCase_closure1.doCall(CallTestCaseKeyword.groovy:63)
	at com.kms.katalon.core.keyword.builtin.CallTestCaseKeyword$_callTestCase_closure1.call(CallTestCaseKeyword.groovy)
	at com.kms.katalon.core.keyword.internal.KeywordMain.runKeyword(KeywordMain.groovy:68)
	at com.kms.katalon.core.keyword.builtin.CallTestCaseKeyword.callTestCase(CallTestCaseKeyword.groovy:81)
	at com.kms.katalon.core.keyword.builtin.CallTestCaseKeyword.execute(CallTestCaseKeyword.groovy:44)
	at com.kms.katalon.core.keyword.internal.KeywordExecutor.executeKeywordForPlatform(KeywordExecutor.groovy:72)
	at com.kms.katalon.core.keyword.BuiltinKeywords.callTestCase(BuiltinKeywords.groovy:334)
	at Franchises.run(Franchises:63)
	at com.kms.katalon.core.main.ScriptEngine.run(ScriptEngine.java:194)
	at com.kms.katalon.core.main.ScriptEngine.runScriptAsRawText(ScriptEngine.java:119)
	at com.kms.katalon.core.main.TestCaseExecutor.runScript(TestCaseExecutor.java:337)
	at com.kms.katalon.core.main.TestCaseExecutor.doExecute(TestCaseExecutor.java:328)
	at com.kms.katalon.core.main.TestCaseExecutor.processExecutionPhase(TestCaseExecutor.java:307)
	at com.kms.katalon.core.main.TestCaseExecutor.accessMainPhase(TestCaseExecutor.java:299)
	at com.kms.katalon.core.main.TestCaseExecutor.execute(TestCaseExecutor.java:233)
	at com.kms.katalon.core.main.TestSuiteExecutor.accessTestCaseMainPhase(TestSuiteExecutor.java:169)
	at com.kms.katalon.core.main.TestSuiteExecutor.accessTestSuiteMainPhase(TestSuiteExecutor.java:142)
	at com.kms.katalon.core.main.TestSuiteExecutor.execute(TestSuiteExecutor.java:91)
	at com.kms.katalon.core.main.TestCaseMain.startTestSuite(TestCaseMain.java:157)
	at com.kms.katalon.core.main.TestCaseMain$startTestSuite$0.call(Unknown Source)
	at TempTestSuite1587711615204.run(TempTestSuite1587711615204.groovy:37)
Caused by: com.kms.katalon.core.exception.StepFailedException: Text 'Add New Franchise' is not present on page  (Root cause: com.kms.katalon.core.exception.StepFailedException: Text 'Add New Franchise' is not present on page 
	at com.kms.katalon.core.webui.keyword.internal.WebUIKeywordMain.stepFailed(WebUIKeywordMain.groovy:64)
	at com.kms.katalon.core.webui.keyword.builtin.VerifyTextPresentKeyword$_verifyTextPresent_closure1.doCall(VerifyTextPresentKeyword.groovy:79)
	at com.kms.katalon.core.webui.keyword.builtin.VerifyTextPresentKeyword$_verifyTextPresent_closure1.call(VerifyTextPresentKeyword.groovy)
	at com.kms.katalon.core.webui.keyword.internal.WebUIKeywordMain.runKeyword(WebUIKeywordMain.groovy:20)
	at com.kms.katalon.core.webui.keyword.builtin.VerifyTextPresentKeyword.verifyTextPresent(VerifyTextPresentKeyword.groovy:83)
	at com.kms.katalon.core.webui.keyword.builtin.VerifyTextPresentKeyword.execute(VerifyTextPresentKeyword.groovy:68)
	at com.kms.katalon.core.keyword.internal.KeywordExecutor.executeKeywordForPlatform(KeywordExecutor.groovy:72)
	at com.kms.katalon.core.webui.keyword.WebUiBuiltInKeywords.verifyTextPresent(WebUiBuiltInKeywords.groovy:1719)
	at com.kms.katalon.core.webui.keyword.WebUiBuiltInKeywords$verifyTextPresent$2.call(Unknown Source)
	at Company_Groups.run(Company_Groups:59)
	at com.kms.katalon.core.main.ScriptEngine.run(ScriptEngine.java:194)
	at com.kms.katalon.core.main.ScriptEngine.runScriptAsRawText(ScriptEngine.java:119)
	at com.kms.katalon.core.main.TestCaseExecutor.runScript(TestCaseExecutor.java:337)
	at com.kms.katalon.core.main.TestCaseExecutor.doExecute(TestCaseExecutor.java:328)
	at com.kms.katalon.core.main.TestCaseExecutor.processExecutionPhase(TestCaseExecutor.java:307)
	at com.kms.katalon.core.main.TestCaseExecutor.accessMainPhase(TestCaseExecutor.java:299)
	at com.kms.katalon.core.main.TestCaseExecutor.execute(TestCaseExecutor.java:233)
	at com.kms.katalon.core.main.TestCaseMain.runTestCase(TestCaseMain.java:114)
	at com.kms.katalon.core.keyword.builtin.CallTestCaseKeyword$_callTestCase_closure1.doCall(CallTestCaseKeyword.groovy:59)
	at com.kms.katalon.core.keyword.builtin.CallTestCaseKeyword$_callTestCase_closure1.call(CallTestCaseKeyword.groovy)
	at com.kms.katalon.core.keyword.internal.KeywordMain.runKeyword(KeywordMain.groovy:68)
	at com.kms.katalon.core.keyword.builtin.CallTestCaseKeyword.callTestCase(CallTestCaseKeyword.groovy:81)
	at com.kms.katalon.core.keyword.builtin.CallTestCaseKeyword.execute(CallTestCaseKeyword.groovy:44)
	at com.kms.katalon.core.keyword.internal.KeywordExecutor.executeKeywordForPlatform(KeywordExecutor.groovy:72)
	at com.kms.katalon.core.keyword.BuiltinKeywords.callTestCase(BuiltinKeywords.groovy:334)
	at Franchises.run(Franchises:63)
	at com.kms.katalon.core.main.ScriptEngine.run(ScriptEngine.java:194)
	at com.kms.katalon.core.main.ScriptEngine.runScriptAsRawText(ScriptEngine.java:119)
	at com.kms.katalon.core.main.TestCaseExecutor.runScript(TestCaseExecutor.java:337)
	at com.kms.katalon.core.main.TestCaseExecutor.doExecute(TestCaseExecutor.java:328)
	at com.kms.katalon.core.main.TestCaseExecutor.processExecutionPhase(TestCaseExecutor.java:307)
	at com.kms.katalon.core.main.TestCaseExecutor.accessMainPhase(TestCaseExecutor.java:299)
	at com.kms.katalon.core.main.TestCaseExecutor.execute(TestCaseExecutor.java:233)
	at com.kms.katalon.core.main.TestSuiteExecutor.accessTestCaseMainPhase(TestSuiteExecutor.java:169)
	at com.kms.katalon.core.main.TestSuiteExecutor.accessTestSuiteMainPhase(TestSuiteExecutor.java:142)
	at com.kms.katalon.core.main.TestSuiteExecutor.execute(TestSuiteExecutor.java:91)
	at com.kms.katalon.core.main.TestCaseMain.startTestSuite(TestCaseMain.java:157)
	at com.kms.katalon.core.main.TestCaseMain$startTestSuite$0.call(Unknown Source)
	at TempTestSuite1587711615204.run(TempTestSuite1587711615204.groovy:37)
)
	at com.kms.katalon.core.keyword.internal.KeywordMain.stepFailed(KeywordMain.groovy:39)
	at com.kms.katalon.core.webui.keyword.internal.WebUIKeywordMain.stepFailed(WebUIKeywordMain.groovy:64)
	at com.kms.katalon.core.webui.keyword.builtin.VerifyTextPresentKeyword$_verifyTextPresent_closure1.doCall(VerifyTextPresentKeyword.groovy:79)
	at com.kms.katalon.core.webui.keyword.builtin.VerifyTextPresentKeyword$_verifyTextPresent_closure1.call(VerifyTextPresentKeyword.groovy)
	at com.kms.katalon.core.webui.keyword.internal.WebUIKeywordMain.runKeyword(WebUIKeywordMain.groovy:20)
	at com.kms.katalon.core.webui.keyword.builtin.VerifyTextPresentKeyword.verifyTextPresent(VerifyTextPresentKeyword.groovy:83)
	at com.kms.katalon.core.webui.keyword.builtin.VerifyTextPresentKeyword.execute(VerifyTextPresentKeyword.groovy:68)
	at com.kms.katalon.core.keyword.internal.KeywordExecutor.executeKeywordForPlatform(KeywordExecutor.groovy:72)
	at com.kms.katalon.core.webui.keyword.WebUiBuiltInKeywords.verifyTextPresent(WebUiBuiltInKeywords.groovy:1719)
	at com.kms.katalon.core.webui.keyword.WebUiBuiltInKeywords$verifyTextPresent$2.call(Unknown Source)
	at Company_Groups.run(Company_Groups:59)
	at com.kms.katalon.core.main.ScriptEngine.run(ScriptEngine.java:194)
	at com.kms.katalon.core.main.ScriptEngine.runScriptAsRawText(ScriptEngine.java:119)
	at com.kms.katalon.core.main.TestCaseExecutor.runScript(TestCaseExecutor.java:337)
	at com.kms.katalon.core.main.TestCaseExecutor.doExecute(TestCaseExecutor.java:328)
	at com.kms.katalon.core.main.TestCaseExecutor.processExecutionPhase(TestCaseExecutor.java:307)
	at com.kms.katalon.core.main.TestCaseExecutor.accessMainPhase(TestCaseExecutor.java:299)
	at com.kms.katalon.core.main.TestCaseExecutor.execute(TestCaseExecutor.java:233)
	at com.kms.katalon.core.main.TestCaseMain.runTestCase(TestCaseMain.java:114)
	at com.kms.katalon.core.keyword.builtin.CallTestCaseKeyword$_callTestCase_closure1.doCall(CallTestCaseKeyword.groovy:59)
	... 20 more
Caused by: com.kms.katalon.core.exception.StepFailedException: Text 'Add New Franchise' is not present on page 
	... 39 more
)

2020-04-24 08:32:16 - [TEST_CASE][FAILED] - Test Cases/Reusable_Test_Sequences/Web_Office/Verification/Settings/Web_Office/Company_Groups: Test Cases/Reusable_Test_Sequences/Web_Office/Verification/Settings/Web_Office/Company_Groups FAILED.
Reason:
com.kms.katalon.core.exception.StepFailedException: Text 'Add New Franchise' is not present on page  (Root cause: com.kms.katalon.core.exception.StepFailedException: Text 'Add New Franchise' is not present on page 
	at com.kms.katalon.core.webui.keyword.internal.WebUIKeywordMain.stepFailed(WebUIKeywordMain.groovy:64)
	at com.kms.katalon.core.webui.keyword.builtin.VerifyTextPresentKeyword$_verifyTextPresent_closure1.doCall(VerifyTextPresentKeyword.groovy:79)
	at com.kms.katalon.core.webui.keyword.builtin.VerifyTextPresentKeyword$_verifyTextPresent_closure1.call(VerifyTextPresentKeyword.groovy)
	at com.kms.katalon.core.webui.keyword.internal.WebUIKeywordMain.runKeyword(WebUIKeywordMain.groovy:20)
	at com.kms.katalon.core.webui.keyword.builtin.VerifyTextPresentKeyword.verifyTextPresent(VerifyTextPresentKeyword.groovy:83)
	at com.kms.katalon.core.webui.keyword.builtin.VerifyTextPresentKeyword.execute(VerifyTextPresentKeyword.groovy:68)
	at com.kms.katalon.core.keyword.internal.KeywordExecutor.executeKeywordForPlatform(KeywordExecutor.groovy:72)
	at com.kms.katalon.core.webui.keyword.WebUiBuiltInKeywords.verifyTextPresent(WebUiBuiltInKeywords.groovy:1719)
	at com.kms.katalon.core.webui.keyword.WebUiBuiltInKeywords$verifyTextPresent$2.call(Unknown Source)
	at Company_Groups.run(Company_Groups:59)
	at com.kms.katalon.core.main.ScriptEngine.run(ScriptEngine.java:194)
	at com.kms.katalon.core.main.ScriptEngine.runScriptAsRawText(ScriptEngine.java:119)
	at com.kms.katalon.core.main.TestCaseExecutor.runScript(TestCaseExecutor.java:337)
	at com.kms.katalon.core.main.TestCaseExecutor.doExecute(TestCaseExecutor.java:328)
	at com.kms.katalon.core.main.TestCaseExecutor.processExecutionPhase(TestCaseExecutor.java:307)
	at com.kms.katalon.core.main.TestCaseExecutor.accessMainPhase(TestCaseExecutor.java:299)
	at com.kms.katalon.core.main.TestCaseExecutor.execute(TestCaseExecutor.java:233)
	at com.kms.katalon.core.main.TestCaseMain.runTestCase(TestCaseMain.java:114)
	at com.kms.katalon.core.keyword.builtin.CallTestCaseKeyword$_callTestCase_closure1.doCall(CallTestCaseKeyword.groovy:59)
	at com.kms.katalon.core.keyword.builtin.CallTestCaseKeyword$_callTestCase_closure1.call(CallTestCaseKeyword.groovy)
	at com.kms.katalon.core.keyword.internal.KeywordMain.runKeyword(KeywordMain.groovy:68)
	at com.kms.katalon.core.keyword.builtin.CallTestCaseKeyword.callTestCase(CallTestCaseKeyword.groovy:81)
	at com.kms.katalon.core.keyword.builtin.CallTestCaseKeyword.execute(CallTestCaseKeyword.groovy:44)
	at com.kms.katalon.core.keyword.internal.KeywordExecutor.executeKeywordForPlatform(KeywordExecutor.groovy:72)
	at com.kms.katalon.core.keyword.BuiltinKeywords.callTestCase(BuiltinKeywords.groovy:334)
	at Franchises.run(Franchises:63)
	at com.kms.katalon.core.main.ScriptEngine.run(ScriptEngine.java:194)
	at com.kms.katalon.core.main.ScriptEngine.runScriptAsRawText(ScriptEngine.java:119)
	at com.kms.katalon.core.main.TestCaseExecutor.runScript(TestCaseExecutor.java:337)
	at com.kms.katalon.core.main.TestCaseExecutor.doExecute(TestCaseExecutor.java:328)
	at com.kms.katalon.core.main.TestCaseExecutor.processExecutionPhase(TestCaseExecutor.java:307)
	at com.kms.katalon.core.main.TestCaseExecutor.accessMainPhase(TestCaseExecutor.java:299)
	at com.kms.katalon.core.main.TestCaseExecutor.execute(TestCaseExecutor.java:233)
	at com.kms.katalon.core.main.TestSuiteExecutor.accessTestCaseMainPhase(TestSuiteExecutor.java:169)
	at com.kms.katalon.core.main.TestSuiteExecutor.accessTestSuiteMainPhase(TestSuiteExecutor.java:142)
	at com.kms.katalon.core.main.TestSuiteExecutor.execute(TestSuiteExecutor.java:91)
	at com.kms.katalon.core.main.TestCaseMain.startTestSuite(TestCaseMain.java:157)
	at com.kms.katalon.core.main.TestCaseMain$startTestSuite$0.call(Unknown Source)
	at TempTestSuite1587711615204.run(TempTestSuite1587711615204.groovy:37)
)
	at com.kms.katalon.core.keyword.internal.KeywordMain.stepFailed(KeywordMain.groovy:39)
	at com.kms.katalon.core.webui.keyword.internal.WebUIKeywordMain.stepFailed(WebUIKeywordMain.groovy:64)
	at com.kms.katalon.core.webui.keyword.builtin.VerifyTextPresentKeyword$_verifyTextPresent_closure1.doCall(VerifyTextPresentKeyword.groovy:79)
	at com.kms.katalon.core.webui.keyword.builtin.VerifyTextPresentKeyword$_verifyTextPresent_closure1.call(VerifyTextPresentKeyword.groovy)
	at com.kms.katalon.core.webui.keyword.internal.WebUIKeywordMain.runKeyword(WebUIKeywordMain.groovy:20)
	at com.kms.katalon.core.webui.keyword.builtin.VerifyTextPresentKeyword.verifyTextPresent(VerifyTextPresentKeyword.groovy:83)
	at com.kms.katalon.core.webui.keyword.builtin.VerifyTextPresentKeyword.execute(VerifyTextPresentKeyword.groovy:68)
	at com.kms.katalon.core.keyword.internal.KeywordExecutor.executeKeywordForPlatform(KeywordExecutor.groovy:72)
	at com.kms.katalon.core.webui.keyword.WebUiBuiltInKeywords.verifyTextPresent(WebUiBuiltInKeywords.groovy:1719)
	at com.kms.katalon.core.webui.keyword.WebUiBuiltInKeywords$verifyTextPresent$2.call(Unknown Source)
	at Company_Groups.run(Company_Groups:59)
	at com.kms.katalon.core.main.ScriptEngine.run(ScriptEngine.java:194)
	at com.kms.katalon.core.main.ScriptEngine.runScriptAsRawText(ScriptEngine.java:119)
	at com.kms.katalon.core.main.TestCaseExecutor.runScript(TestCaseExecutor.java:337)
	at com.kms.katalon.core.main.TestCaseExecutor.doExecute(TestCaseExecutor.java:328)
	at com.kms.katalon.core.main.TestCaseExecutor.processExecutionPhase(TestCaseExecutor.java:307)
	at com.kms.katalon.core.main.TestCaseExecutor.accessMainPhase(TestCaseExecutor.java:299)
	at com.kms.katalon.core.main.TestCaseExecutor.execute(TestCaseExecutor.java:233)
	at com.kms.katalon.core.main.TestCaseMain.runTestCase(TestCaseMain.java:114)
	at com.kms.katalon.core.keyword.builtin.CallTestCaseKeyword$_callTestCase_closure1.doCall(CallTestCaseKeyword.groovy:59)
	at com.kms.katalon.core.keyword.builtin.CallTestCaseKeyword$_callTestCase_closure1.call(CallTestCaseKeyword.groovy)
	at com.kms.katalon.core.keyword.internal.KeywordMain.runKeyword(KeywordMain.groovy:68)
	at com.kms.katalon.core.keyword.builtin.CallTestCaseKeyword.callTestCase(CallTestCaseKeyword.groovy:81)
	at com.kms.katalon.core.keyword.builtin.CallTestCaseKeyword.execute(CallTestCaseKeyword.groovy:44)
	at com.kms.katalon.core.keyword.internal.KeywordExecutor.executeKeywordForPlatform(KeywordExecutor.groovy:72)
	at com.kms.katalon.core.keyword.BuiltinKeywords.callTestCase(BuiltinKeywords.groovy:334)
	at Franchises.run(Franchises:63)
	at com.kms.katalon.core.main.ScriptEngine.run(ScriptEngine.java:194)
	at com.kms.katalon.core.main.ScriptEngine.runScriptAsRawText(ScriptEngine.java:119)
	at com.kms.katalon.core.main.TestCaseExecutor.runScript(TestCaseExecutor.java:337)
	at com.kms.katalon.core.main.TestCaseExecutor.doExecute(TestCaseExecutor.java:328)
	at com.kms.katalon.core.main.TestCaseExecutor.processExecutionPhase(TestCaseExecutor.java:307)
	at com.kms.katalon.core.main.TestCaseExecutor.accessMainPhase(TestCaseExecutor.java:299)
	at com.kms.katalon.core.main.TestCaseExecutor.execute(TestCaseExecutor.java:233)
	at com.kms.katalon.core.main.TestSuiteExecutor.accessTestCaseMainPhase(TestSuiteExecutor.java:169)
	at com.kms.katalon.core.main.TestSuiteExecutor.accessTestSuiteMainPhase(TestSuiteExecutor.java:142)
	at com.kms.katalon.core.main.TestSuiteExecutor.execute(TestSuiteExecutor.java:91)
	at com.kms.katalon.core.main.TestCaseMain.startTestSuite(TestCaseMain.java:157)
	at com.kms.katalon.core.main.TestCaseMain$startTestSuite$0.call(Unknown Source)
	at TempTestSuite1587711615204.run(TempTestSuite1587711615204.groovy:37)
Caused by: com.kms.katalon.core.exception.StepFailedException: Text 'Add New Franchise' is not present on page 
	... 39 more


2020-04-24 08:32:16 - [TEST_STEP][PASSED] - waitForPageLoad(60): Wait for page load successfully

2020-04-24 08:32:16 - [MESSAGE][PASSED] - Wait for page load successfully

2020-04-24 08:32:16 - [TEST_STEP][PASSED] - delay(1): Delayed 1 second(s)

2020-04-24 08:32:17 - [MESSAGE][PASSED] - Delayed 1 second(s)

2020-04-24 08:32:17 - [TEST_STEP][PASSED] - verifyTextPresent("Franchises", false): Text 'Franchises' is present on page 

2020-04-24 08:32:19 - [MESSAGE][PASSED] - Text 'Franchises' is present on page 

2020-04-24 08:32:19 - [TEST_STEP][PASSED] - "----------------------------------------------": null

2020-04-24 08:32:19 - [TEST_STEP][FAILED] - verifyTextPresent("Add New Franchise", false): Text 'Add New Franchise' is not present on page  (Root cause: com.kms.katalon.core.exception.StepFailedException: Text 'Add New Franchise' is not present on page 
	at com.kms.katalon.core.webui.keyword.internal.WebUIKeywordMain.stepFailed(WebUIKeywordMain.groovy:64)
	at com.kms.katalon.core.webui.keyword.builtin.VerifyTextPresentKeyword$_verifyTextPresent_closure1.doCall(VerifyTextPresentKeyword.groovy:79)
	at com.kms.katalon.core.webui.keyword.builtin.VerifyTextPresentKeyword$_verifyTextPresent_closure1.call(VerifyTextPresentKeyword.groovy)
	at com.kms.katalon.core.webui.keyword.internal.WebUIKeywordMain.runKeyword(WebUIKeywordMain.groovy:20)
	at com.kms.katalon.core.webui.keyword.builtin.VerifyTextPresentKeyword.verifyTextPresent(VerifyTextPresentKeyword.groovy:83)
	at com.kms.katalon.core.webui.keyword.builtin.VerifyTextPresentKeyword.execute(VerifyTextPresentKeyword.groovy:68)
	at com.kms.katalon.core.keyword.internal.KeywordExecutor.executeKeywordForPlatform(KeywordExecutor.groovy:72)
	at com.kms.katalon.core.webui.keyword.WebUiBuiltInKeywords.verifyTextPresent(WebUiBuiltInKeywords.groovy:1719)
	at com.kms.katalon.core.webui.keyword.WebUiBuiltInKeywords$verifyTextPresent$2.call(Unknown Source)
	at Company_Groups.run(Company_Groups:59)
	at com.kms.katalon.core.main.ScriptEngine.run(ScriptEngine.java:194)
	at com.kms.katalon.core.main.ScriptEngine.runScriptAsRawText(ScriptEngine.java:119)
	at com.kms.katalon.core.main.TestCaseExecutor.runScript(TestCaseExecutor.java:337)
	at com.kms.katalon.core.main.TestCaseExecutor.doExecute(TestCaseExecutor.java:328)
	at com.kms.katalon.core.main.TestCaseExecutor.processExecutionPhase(TestCaseExecutor.java:307)
	at com.kms.katalon.core.main.TestCaseExecutor.accessMainPhase(TestCaseExecutor.java:299)
	at com.kms.katalon.core.main.TestCaseExecutor.execute(TestCaseExecutor.java:233)
	at com.kms.katalon.core.main.TestCaseMain.runTestCase(TestCaseMain.java:114)
	at com.kms.katalon.core.keyword.builtin.CallTestCaseKeyword$_callTestCase_closure1.doCall(CallTestCaseKeyword.groovy:59)
	at com.kms.katalon.core.keyword.builtin.CallTestCaseKeyword$_callTestCase_closure1.call(CallTestCaseKeyword.groovy)
	at com.kms.katalon.core.keyword.internal.KeywordMain.runKeyword(KeywordMain.groovy:68)
	at com.kms.katalon.core.keyword.builtin.CallTestCaseKeyword.callTestCase(CallTestCaseKeyword.groovy:81)
	at com.kms.katalon.core.keyword.builtin.CallTestCaseKeyword.execute(CallTestCaseKeyword.groovy:44)
	at com.kms.katalon.core.keyword.internal.KeywordExecutor.executeKeywordForPlatform(KeywordExecutor.groovy:72)
	at com.kms.katalon.core.keyword.BuiltinKeywords.callTestCase(BuiltinKeywords.groovy:334)
	at Franchises.run(Franchises:63)
	at com.kms.katalon.core.main.ScriptEngine.run(ScriptEngine.java:194)
	at com.kms.katalon.core.main.ScriptEngine.runScriptAsRawText(ScriptEngine.java:119)
	at com.kms.katalon.core.main.TestCaseExecutor.runScript(TestCaseExecutor.java:337)
	at com.kms.katalon.core.main.TestCaseExecutor.doExecute(TestCaseExecutor.java:328)
	at com.kms.katalon.core.main.TestCaseExecutor.processExecutionPhase(TestCaseExecutor.java:307)
	at com.kms.katalon.core.main.TestCaseExecutor.accessMainPhase(TestCaseExecutor.java:299)
	at com.kms.katalon.core.main.TestCaseExecutor.execute(TestCaseExecutor.java:233)
	at com.kms.katalon.core.main.TestSuiteExecutor.accessTestCaseMainPhase(TestSuiteExecutor.java:169)
	at com.kms.katalon.core.main.TestSuiteExecutor.accessTestSuiteMainPhase(TestSuiteExecutor.java:142)
	at com.kms.katalon.core.main.TestSuiteExecutor.execute(TestSuiteExecutor.java:91)
	at com.kms.katalon.core.main.TestCaseMain.startTestSuite(TestCaseMain.java:157)
	at com.kms.katalon.core.main.TestCaseMain$startTestSuite$0.call(Unknown Source)
	at TempTestSuite1587711615204.run(TempTestSuite1587711615204.groovy:37)
)

2020-04-24 08:32:21 - [MESSAGE][FAILED] - Text 'Add New Franchise' is not present on page  (Root cause: com.kms.katalon.core.exception.StepFailedException: Text 'Add New Franchise' is not present on page 
	at com.kms.katalon.core.webui.keyword.internal.WebUIKeywordMain.stepFailed(WebUIKeywordMain.groovy:64)
	at com.kms.katalon.core.webui.keyword.builtin.VerifyTextPresentKeyword$_verifyTextPresent_closure1.doCall(VerifyTextPresentKeyword.groovy:79)
	at com.kms.katalon.core.webui.keyword.builtin.VerifyTextPresentKeyword$_verifyTextPresent_closure1.call(VerifyTextPresentKeyword.groovy)
	at com.kms.katalon.core.webui.keyword.internal.WebUIKeywordMain.runKeyword(WebUIKeywordMain.groovy:20)
	at com.kms.katalon.core.webui.keyword.builtin.VerifyTextPresentKeyword.verifyTextPresent(VerifyTextPresentKeyword.groovy:83)
	at com.kms.katalon.core.webui.keyword.builtin.VerifyTextPresentKeyword.execute(VerifyTextPresentKeyword.groovy:68)
	at com.kms.katalon.core.keyword.internal.KeywordExecutor.executeKeywordForPlatform(KeywordExecutor.groovy:72)
	at com.kms.katalon.core.webui.keyword.WebUiBuiltInKeywords.verifyTextPresent(WebUiBuiltInKeywords.groovy:1719)
	at com.kms.katalon.core.webui.keyword.WebUiBuiltInKeywords$verifyTextPresent$2.call(Unknown Source)
	at Company_Groups.run(Company_Groups:59)
	at com.kms.katalon.core.main.ScriptEngine.run(ScriptEngine.java:194)
	at com.kms.katalon.core.main.ScriptEngine.runScriptAsRawText(ScriptEngine.java:119)
	at com.kms.katalon.core.main.TestCaseExecutor.runScript(TestCaseExecutor.java:337)
	at com.kms.katalon.core.main.TestCaseExecutor.doExecute(TestCaseExecutor.java:328)
	at com.kms.katalon.core.main.TestCaseExecutor.processExecutionPhase(TestCaseExecutor.java:307)
	at com.kms.katalon.core.main.TestCaseExecutor.accessMainPhase(TestCaseExecutor.java:299)
	at com.kms.katalon.core.main.TestCaseExecutor.execute(TestCaseExecutor.java:233)
	at com.kms.katalon.core.main.TestCaseMain.runTestCase(TestCaseMain.java:114)
	at com.kms.katalon.core.keyword.builtin.CallTestCaseKeyword$_callTestCase_closure1.doCall(CallTestCaseKeyword.groovy:59)
	at com.kms.katalon.core.keyword.builtin.CallTestCaseKeyword$_callTestCase_closure1.call(CallTestCaseKeyword.groovy)
	at com.kms.katalon.core.keyword.internal.KeywordMain.runKeyword(KeywordMain.groovy:68)
	at com.kms.katalon.core.keyword.builtin.CallTestCaseKeyword.callTestCase(CallTestCaseKeyword.groovy:81)
	at com.kms.katalon.core.keyword.builtin.CallTestCaseKeyword.execute(CallTestCaseKeyword.groovy:44)
	at com.kms.katalon.core.keyword.internal.KeywordExecutor.executeKeywordForPlatform(KeywordExecutor.groovy:72)
	at com.kms.katalon.core.keyword.BuiltinKeywords.callTestCase(BuiltinKeywords.groovy:334)
	at Franchises.run(Franchises:63)
	at com.kms.katalon.core.main.ScriptEngine.run(ScriptEngine.java:194)
	at com.kms.katalon.core.main.ScriptEngine.runScriptAsRawText(ScriptEngine.java:119)
	at com.kms.katalon.core.main.TestCaseExecutor.runScript(TestCaseExecutor.java:337)
	at com.kms.katalon.core.main.TestCaseExecutor.doExecute(TestCaseExecutor.java:328)
	at com.kms.katalon.core.main.TestCaseExecutor.processExecutionPhase(TestCaseExecutor.java:307)
	at com.kms.katalon.core.main.TestCaseExecutor.accessMainPhase(TestCaseExecutor.java:299)
	at com.kms.katalon.core.main.TestCaseExecutor.execute(TestCaseExecutor.java:233)
	at com.kms.katalon.core.main.TestSuiteExecutor.accessTestCaseMainPhase(TestSuiteExecutor.java:169)
	at com.kms.katalon.core.main.TestSuiteExecutor.accessTestSuiteMainPhase(TestSuiteExecutor.java:142)
	at com.kms.katalon.core.main.TestSuiteExecutor.execute(TestSuiteExecutor.java:91)
	at com.kms.katalon.core.main.TestCaseMain.startTestSuite(TestCaseMain.java:157)
	at com.kms.katalon.core.main.TestCaseMain$startTestSuite$0.call(Unknown Source)
	at TempTestSuite1587711615204.run(TempTestSuite1587711615204.groovy:37)
)

2020-04-24 08:32:21 - [TEST_STEP][PASSED] - "----------------------------------------------": null

2020-04-24 08:32:21 - [TEST_STEP][PASSED] - verifyTextPresent("Can Assign", false): Text 'Can Assign' is present on page 

2020-04-24 08:32:22 - [MESSAGE][PASSED] - Text 'Can Assign' is present on page 

2020-04-24 08:32:22 - [TEST_STEP][PASSED] - verifyTextPresent("Name", false): Text 'Name' is present on page 

2020-04-24 08:32:22 - [MESSAGE][PASSED] - Text 'Name' is present on page 

2020-04-24 08:32:22 - [TEST_STEP][PASSED] - verifyTextPresent("Email", false): Text 'Email' is present on page 

2020-04-24 08:32:23 - [MESSAGE][PASSED] - Text 'Email' is present on page 

2020-04-24 08:32:23 - [TEST_STEP][PASSED] - verifyTextPresent("HQ", false): Text 'HQ' is present on page 

2020-04-24 08:32:24 - [MESSAGE][PASSED] - Text 'HQ' is present on page 

2020-04-24 08:32:24 - [TEST_STEP][PASSED] - verifyTextPresent("Member Companies", false): Text 'Member Companies' is present on page 

2020-04-24 08:32:24 - [MESSAGE][PASSED] - Text 'Member Companies' is present on page 

2020-04-24 08:32:24 - [TEST_STEP][PASSED] - verifyTextPresent("Total Companies", false): Text 'Total Companies' is present on page 

2020-04-24 08:32:25 - [MESSAGE][PASSED] - Text 'Total Companies' is present on page 

2020-04-24 08:32:25 - [TEST_STEP][PASSED] - "----------------------------------------------": null

2020-04-24 08:32:25 - [TEST_STEP][PASSED] - verifyTextPresent("AXA Insurance", false): Text 'AXA Insurance' is present on page 

2020-04-24 08:32:25 - [MESSAGE][PASSED] - Text 'AXA Insurance' is present on page 

2020-04-24 08:32:25 - [TEST_STEP][PASSED] - verifyTextPresent("bruce@0800handyman.co.uk", false): Text 'bruce@0800handyman.co.uk' is present on page 

2020-04-24 08:32:26 - [MESSAGE][PASSED] - Text 'bruce@0800handyman.co.uk' is present on page 

2020-04-24 08:32:26 - [TEST_STEP][PASSED] - verifyTextPresent("Britannia Windows", false): Text 'Britannia Windows' is present on page 

2020-04-24 08:32:26 - [MESSAGE][PASSED] - Text 'Britannia Windows' is present on page 

2020-04-24 08:32:26 - [TEST_STEP][PASSED] - verifyTextPresent("Dream Doors", false): Text 'Dream Doors' is present on page 

2020-04-24 08:32:27 - [MESSAGE][PASSED] - Text 'Dream Doors' is present on page 

2020-04-24 08:32:27 - [TEST_STEP][PASSED] - verifyTextPresent("wendie@dreamdoorsltd.co.uk", false): Text 'wendie@dreamdoorsltd.co.uk' is present on page 

2020-04-24 08:32:27 - [MESSAGE][PASSED] - Text 'wendie@dreamdoorsltd.co.uk' is present on page 

2020-04-24 08:32:27 - [MESSAGE][WARNING] - Unable to call Test Case 'Test Cases/Reusable_Test_Sequences/Web_Office/Verification/Settings/Web_Office/Company_Groups' (Root cause: com.kms.katalon.core.exception.StepFailedException: Call Test Case 'Test Cases/Reusable_Test_Sequences/Web_Office/Verification/Settings/Web_Office/Company_Groups' failed
	at com.kms.katalon.core.keyword.builtin.CallTestCaseKeyword$_callTestCase_closure1.doCall(CallTestCaseKeyword.groovy:63)
	at com.kms.katalon.core.keyword.builtin.CallTestCaseKeyword$_callTestCase_closure1.call(CallTestCaseKeyword.groovy)
	at com.kms.katalon.core.keyword.internal.KeywordMain.runKeyword(KeywordMain.groovy:68)
	at com.kms.katalon.core.keyword.builtin.CallTestCaseKeyword.callTestCase(CallTestCaseKeyword.groovy:81)
	at com.kms.katalon.core.keyword.builtin.CallTestCaseKeyword.execute(CallTestCaseKeyword.groovy:44)
	at com.kms.katalon.core.keyword.internal.KeywordExecutor.executeKeywordForPlatform(KeywordExecutor.groovy:72)
	at com.kms.katalon.core.keyword.BuiltinKeywords.callTestCase(BuiltinKeywords.groovy:334)
	at Franchises.run(Franchises:63)
	at com.kms.katalon.core.main.ScriptEngine.run(ScriptEngine.java:194)
	at com.kms.katalon.core.main.ScriptEngine.runScriptAsRawText(ScriptEngine.java:119)
	at com.kms.katalon.core.main.TestCaseExecutor.runScript(TestCaseExecutor.java:337)
	at com.kms.katalon.core.main.TestCaseExecutor.doExecute(TestCaseExecutor.java:328)
	at com.kms.katalon.core.main.TestCaseExecutor.processExecutionPhase(TestCaseExecutor.java:307)
	at com.kms.katalon.core.main.TestCaseExecutor.accessMainPhase(TestCaseExecutor.java:299)
	at com.kms.katalon.core.main.TestCaseExecutor.execute(TestCaseExecutor.java:233)
	at com.kms.katalon.core.main.TestSuiteExecutor.accessTestCaseMainPhase(TestSuiteExecutor.java:169)
	at com.kms.katalon.core.main.TestSuiteExecutor.accessTestSuiteMainPhase(TestSuiteExecutor.java:142)
	at com.kms.katalon.core.main.TestSuiteExecutor.execute(TestSuiteExecutor.java:91)
	at com.kms.katalon.core.main.TestCaseMain.startTestSuite(TestCaseMain.java:157)
	at com.kms.katalon.core.main.TestCaseMain$startTestSuite$0.call(Unknown Source)
	at TempTestSuite1587711615204.run(TempTestSuite1587711615204.groovy:37)
Caused by: com.kms.katalon.core.exception.StepFailedException: Text 'Add New Franchise' is not present on page  (Root cause: com.kms.katalon.core.exception.StepFailedException: Text 'Add New Franchise' is not present on page 
	at com.kms.katalon.core.webui.keyword.internal.WebUIKeywordMain.stepFailed(WebUIKeywordMain.groovy:64)
	at com.kms.katalon.core.webui.keyword.builtin.VerifyTextPresentKeyword$_verifyTextPresent_closure1.doCall(VerifyTextPresentKeyword.groovy:79)
	at com.kms.katalon.core.webui.keyword.builtin.VerifyTextPresentKeyword$_verifyTextPresent_closure1.call(VerifyTextPresentKeyword.groovy)
	at com.kms.katalon.core.webui.keyword.internal.WebUIKeywordMain.runKeyword(WebUIKeywordMain.groovy:20)
	at com.kms.katalon.core.webui.keyword.builtin.VerifyTextPresentKeyword.verifyTextPresent(VerifyTextPresentKeyword.groovy:83)
	at com.kms.katalon.core.webui.keyword.builtin.VerifyTextPresentKeyword.execute(VerifyTextPresentKeyword.groovy:68)
	at com.kms.katalon.core.keyword.internal.KeywordExecutor.executeKeywordForPlatform(KeywordExecutor.groovy:72)
	at com.kms.katalon.core.webui.keyword.WebUiBuiltInKeywords.verifyTextPresent(WebUiBuiltInKeywords.groovy:1719)
	at com.kms.katalon.core.webui.keyword.WebUiBuiltInKeywords$verifyTextPresent$2.call(Unknown Source)
	at Company_Groups.run(Company_Groups:59)
	at com.kms.katalon.core.main.ScriptEngine.run(ScriptEngine.java:194)
	at com.kms.katalon.core.main.ScriptEngine.runScriptAsRawText(ScriptEngine.java:119)
	at com.kms.katalon.core.main.TestCaseExecutor.runScript(TestCaseExecutor.java:337)
	at com.kms.katalon.core.main.TestCaseExecutor.doExecute(TestCaseExecutor.java:328)
	at com.kms.katalon.core.main.TestCaseExecutor.processExecutionPhase(TestCaseExecutor.java:307)
	at com.kms.katalon.core.main.TestCaseExecutor.accessMainPhase(TestCaseExecutor.java:299)
	at com.kms.katalon.core.main.TestCaseExecutor.execute(TestCaseExecutor.java:233)
	at com.kms.katalon.core.main.TestCaseMain.runTestCase(TestCaseMain.java:114)
	at com.kms.katalon.core.keyword.builtin.CallTestCaseKeyword$_callTestCase_closure1.doCall(CallTestCaseKeyword.groovy:59)
	at com.kms.katalon.core.keyword.builtin.CallTestCaseKeyword$_callTestCase_closure1.call(CallTestCaseKeyword.groovy)
	at com.kms.katalon.core.keyword.internal.KeywordMain.runKeyword(KeywordMain.groovy:68)
	at com.kms.katalon.core.keyword.builtin.CallTestCaseKeyword.callTestCase(CallTestCaseKeyword.groovy:81)
	at com.kms.katalon.core.keyword.builtin.CallTestCaseKeyword.execute(CallTestCaseKeyword.groovy:44)
	at com.kms.katalon.core.keyword.internal.KeywordExecutor.executeKeywordForPlatform(KeywordExecutor.groovy:72)
	at com.kms.katalon.core.keyword.BuiltinKeywords.callTestCase(BuiltinKeywords.groovy:334)
	at Franchises.run(Franchises:63)
	at com.kms.katalon.core.main.ScriptEngine.run(ScriptEngine.java:194)
	at com.kms.katalon.core.main.ScriptEngine.runScriptAsRawText(ScriptEngine.java:119)
	at com.kms.katalon.core.main.TestCaseExecutor.runScript(TestCaseExecutor.java:337)
	at com.kms.katalon.core.main.TestCaseExecutor.doExecute(TestCaseExecutor.java:328)
	at com.kms.katalon.core.main.TestCaseExecutor.processExecutionPhase(TestCaseExecutor.java:307)
	at com.kms.katalon.core.main.TestCaseExecutor.accessMainPhase(TestCaseExecutor.java:299)
	at com.kms.katalon.core.main.TestCaseExecutor.execute(TestCaseExecutor.java:233)
	at com.kms.katalon.core.main.TestSuiteExecutor.accessTestCaseMainPhase(TestSuiteExecutor.java:169)
	at com.kms.katalon.core.main.TestSuiteExecutor.accessTestSuiteMainPhase(TestSuiteExecutor.java:142)
	at com.kms.katalon.core.main.TestSuiteExecutor.execute(TestSuiteExecutor.java:91)
	at com.kms.katalon.core.main.TestCaseMain.startTestSuite(TestCaseMain.java:157)
	at com.kms.katalon.core.main.TestCaseMain$startTestSuite$0.call(Unknown Source)
	at TempTestSuite1587711615204.run(TempTestSuite1587711615204.groovy:37)
)
	at com.kms.katalon.core.keyword.internal.KeywordMain.stepFailed(KeywordMain.groovy:39)
	at com.kms.katalon.core.webui.keyword.internal.WebUIKeywordMain.stepFailed(WebUIKeywordMain.groovy:64)
	at com.kms.katalon.core.webui.keyword.builtin.VerifyTextPresentKeyword$_verifyTextPresent_closure1.doCall(VerifyTextPresentKeyword.groovy:79)
	at com.kms.katalon.core.webui.keyword.builtin.VerifyTextPresentKeyword$_verifyTextPresent_closure1.call(VerifyTextPresentKeyword.groovy)
	at com.kms.katalon.core.webui.keyword.internal.WebUIKeywordMain.runKeyword(WebUIKeywordMain.groovy:20)
	at com.kms.katalon.core.webui.keyword.builtin.VerifyTextPresentKeyword.verifyTextPresent(VerifyTextPresentKeyword.groovy:83)
	at com.kms.katalon.core.webui.keyword.builtin.VerifyTextPresentKeyword.execute(VerifyTextPresentKeyword.groovy:68)
	at com.kms.katalon.core.keyword.internal.KeywordExecutor.executeKeywordForPlatform(KeywordExecutor.groovy:72)
	at com.kms.katalon.core.webui.keyword.WebUiBuiltInKeywords.verifyTextPresent(WebUiBuiltInKeywords.groovy:1719)
	at com.kms.katalon.core.webui.keyword.WebUiBuiltInKeywords$verifyTextPresent$2.call(Unknown Source)
	at Company_Groups.run(Company_Groups:59)
	at com.kms.katalon.core.main.ScriptEngine.run(ScriptEngine.java:194)
	at com.kms.katalon.core.main.ScriptEngine.runScriptAsRawText(ScriptEngine.java:119)
	at com.kms.katalon.core.main.TestCaseExecutor.runScript(TestCaseExecutor.java:337)
	at com.kms.katalon.core.main.TestCaseExecutor.doExecute(TestCaseExecutor.java:328)
	at com.kms.katalon.core.main.TestCaseExecutor.processExecutionPhase(TestCaseExecutor.java:307)
	at com.kms.katalon.core.main.TestCaseExecutor.accessMainPhase(TestCaseExecutor.java:299)
	at com.kms.katalon.core.main.TestCaseExecutor.execute(TestCaseExecutor.java:233)
	at com.kms.katalon.core.main.TestCaseMain.runTestCase(TestCaseMain.java:114)
	at com.kms.katalon.core.keyword.builtin.CallTestCaseKeyword$_callTestCase_closure1.doCall(CallTestCaseKeyword.groovy:59)
	... 20 more
Caused by: com.kms.katalon.core.exception.StepFailedException: Text 'Add New Franchise' is not present on page 
	... 39 more
)

2020-04-24 08:32:27 - [TEST_STEP][PASSED] - "--------------------------": null

2020-04-24 08:32:27 - [TEST_STEP][PASSED] - " Teardown - CLose Browser |": null

2020-04-24 08:32:27 - [TEST_STEP][PASSED] - callTestCase(findTestCase("Reusable_Test_Sequences/CAT_Teardown"), [:], OPTIONAL): Call Test Case 'Test Cases/Reusable_Test_Sequences/CAT_Teardown' successfully

2020-04-24 08:32:27 - [TEST_CASE][PASSED] - Test Cases/Reusable_Test_Sequences/CAT_Teardown: Test Cases/Reusable_Test_Sequences/CAT_Teardown

2020-04-24 08:32:27 - [TEST_STEP][PASSED] - closeBrowser(): Browser is closed

2020-04-24 08:32:28 - [MESSAGE][PASSED] - Browser is closed

2020-04-24 08:32:28 - [TEST_STEP][PASSED] - super.finalize(): null

2020-04-24 08:32:28 - [TEST_STEP][PASSED] - System.gc(): null

2020-04-24 08:32:28 - [MESSAGE][PASSED] - Call Test Case 'Test Cases/Reusable_Test_Sequences/CAT_Teardown' successfully]]></system-out>
         <system-err><![CDATA[]]></system-err>
      </testcase>
      <testcase name="Test Cases/Web_Office/Settings/Web_Office/Marketing" time="16.693" classname="Test Cases/Web_Office/Settings/Web_Office/Marketing" status="PASSED">
         <system-out><![CDATA[2020-04-24 08:32:28 - [TEST_CASE][PASSED] - Test Cases/Web_Office/Settings/Web_Office/Marketing: Test Cases/Web_Office/Settings/Web_Office/Marketing

2020-04-24 08:32:29 - [TEST_STEP][PASSED] - "This Process Displays CREATE PROFILE PAGE? - No DIrect Reference to MARKETING? Check Correctness": null

2020-04-24 08:32:29 - [TEST_STEP][PASSED] - "--------------------------------------": null

2020-04-24 08:32:29 - [TEST_STEP][PASSED] - " Web Office StartUp                  |": null

2020-04-24 08:32:29 - [TEST_STEP][PASSED] - callTestCase(findTestCase("Reusable_Test_Sequences/Web_Office/Directives/WebOffice_StartUp"), [:], STOP_ON_FAILURE): Call Test Case 'Test Cases/Reusable_Test_Sequences/Web_Office/Directives/WebOffice_StartUp' successfully

2020-04-24 08:32:29 - [TEST_CASE][PASSED] - Test Cases/Reusable_Test_Sequences/Web_Office/Directives/WebOffice_StartUp: Test Cases/Reusable_Test_Sequences/Web_Office/Directives/WebOffice_StartUp

2020-04-24 08:32:29 - [TEST_STEP][PASSED] - "-----------------------------------------------------------------------------": null

2020-04-24 08:32:29 - [TEST_STEP][PASSED] - if (URL == "https://www.dev.checkatrade.com/"): null

2020-04-24 08:32:29 - [TEST_STEP][PASSED] - "-----------------------------------------------------------------------------": null

2020-04-24 08:32:29 - [TEST_STEP][PASSED] - if (URL == "https://www.checkatrade.com/"): null

2020-04-24 08:32:29 - [TEST_STEP][PASSED] - "-----------------------------------------------------------------------------": null

2020-04-24 08:32:29 - [TEST_STEP][PASSED] - if (URL == "https://www.preview.checkatrade.com/"): null

2020-04-24 08:32:29 - [TEST_STEP][PASSED] - WebOfficeURL = "https://admin.preview.checkatrade.com/": null

2020-04-24 08:32:29 - [TEST_STEP][PASSED] - if (URL == "https://www.dev2.checkatrade.com/"): null

2020-04-24 08:32:29 - [TEST_STEP][PASSED] - "Set Function Area for "URL_Handler", URL Resolution": null

2020-04-24 08:32:29 - [TEST_STEP][PASSED] - "Do Some Magic with URL(s) See the comments within URL Handler ": null

2020-04-24 08:32:29 - [TEST_STEP][PASSED] - "------------------------------------------------": null

2020-04-24 08:32:29 - [TEST_STEP][PASSED] - "Moved Login Credentials to <Default> profile 22/01/2020": null

2020-04-24 08:32:29 - [TEST_STEP][PASSED] - "------------------------------------------------": null

2020-04-24 08:32:29 - [TEST_STEP][PASSED] - "WebOfficeURL - Set from the ENVIRONMENT PROFILE ": null

2020-04-24 08:32:29 - [TEST_STEP][PASSED] - "OPEN BROWSER": null

2020-04-24 08:32:29 - [TEST_STEP][PASSED] - "eg - https://admin.preview.checkatrade.com/  ": null

2020-04-24 08:32:29 - [TEST_STEP][PASSED] - openBrowser(WebOfficeURL): Browser is opened with url: 'https://admin.preview.checkatrade.com/'

2020-04-24 08:32:29 - [MESSAGE][INFO] - Starting 'Chrome' driver

2020-04-24 08:32:29 - [MESSAGE][INFO] - Action delay is set to 0 milliseconds

2020-04-24 08:32:33 - [MESSAGE][PASSED] - Browser is opened with url: 'https://admin.preview.checkatrade.com/'

2020-04-24 08:32:33 - [TEST_STEP][PASSED] - maximizeWindow(): Current window maximized

2020-04-24 08:32:36 - [MESSAGE][PASSED] - Current window maximized

2020-04-24 08:32:36 - [TEST_STEP][PASSED] - waitForElementClickable(findTestObject("Object Repository/WebOffice/Page_Checkatrade - Administration - Login/Login_Button"), 25): Object 'Object Repository/WebOffice/Page_Checkatrade - Administration - Login/Login_Button' is clickable

2020-04-24 08:32:36 - [MESSAGE][PASSED] - Object 'Object Repository/WebOffice/Page_Checkatrade - Administration - Login/Login_Button' is clickable

2020-04-24 08:32:36 - [TEST_STEP][PASSED] - verifyTextPresent("Checkatrade Web Office", false): Text 'Checkatrade Web Office' is present on page 

2020-04-24 08:32:36 - [MESSAGE][PASSED] - Text 'Checkatrade Web Office' is present on page 

2020-04-24 08:32:36 - [TEST_STEP][PASSED] - verifyTextPresent("Access for staff use only", false): Text 'Access for staff use only' is present on page 

2020-04-24 08:32:36 - [MESSAGE][PASSED] - Text 'Access for staff use only' is present on page 

2020-04-24 08:32:36 - [TEST_STEP][PASSED] - verifyTextPresent("Forgotten password?", false): Text 'Forgotten password?' is present on page 

2020-04-24 08:32:36 - [MESSAGE][PASSED] - Text 'Forgotten password?' is present on page 

2020-04-24 08:32:36 - [TEST_STEP][PASSED] - setText(findTestObject("Object Repository/WebOffice/Page_Checkatrade - Administration - Login/input_Username_LoginControlUserName"), wo_Username): Text 'DavidHo' is set on object 'Object Repository/WebOffice/Page_Checkatrade - Administration - Login/input_Username_LoginControlUserName'

2020-04-24 08:32:36 - [MESSAGE][PASSED] - Text 'DavidHo' is set on object 'Object Repository/WebOffice/Page_Checkatrade - Administration - Login/input_Username_LoginControlUserName'

2020-04-24 08:32:36 - [TEST_STEP][PASSED] - setText(findTestObject("Object Repository/WebOffice/Page_Checkatrade - Administration - Login/input_Password_LoginControlPassword"), wo_Password): Text 'Check123' is set on object 'Object Repository/WebOffice/Page_Checkatrade - Administration - Login/input_Password_LoginControlPassword'

2020-04-24 08:32:36 - [MESSAGE][PASSED] - Text 'Check123' is set on object 'Object Repository/WebOffice/Page_Checkatrade - Administration - Login/input_Password_LoginControlPassword'

2020-04-24 08:32:36 - [TEST_STEP][PASSED] - click(findTestObject("Object Repository/WebOffice/Page_Checkatrade - Administration - Login/Login_Button")): Object: 'Object Repository/WebOffice/Page_Checkatrade - Administration - Login/Login_Button' is clicked on

2020-04-24 08:32:37 - [MESSAGE][PASSED] - Object: 'Object Repository/WebOffice/Page_Checkatrade - Administration - Login/Login_Button' is clicked on

2020-04-24 08:32:37 - [TEST_STEP][PASSED] - waitForPageLoad(60): Wait for page load successfully

2020-04-24 08:32:37 - [MESSAGE][PASSED] - Wait for page load successfully

2020-04-24 08:32:37 - [TEST_STEP][PASSED] - verifyTextPresent("Welcome " + wo_Username, false): Text 'Welcome DavidHo' is present on page 

2020-04-24 08:32:38 - [MESSAGE][PASSED] - Text 'Welcome DavidHo' is present on page 

2020-04-24 08:32:38 - [MESSAGE][PASSED] - Call Test Case 'Test Cases/Reusable_Test_Sequences/Web_Office/Directives/WebOffice_StartUp' successfully

2020-04-24 08:32:38 - [TEST_STEP][PASSED] - "-----------------------------------------------------------------": null

2020-04-24 08:32:38 - [TEST_STEP][PASSED] - " Navigate to <Settings->Checkatrade.Com->Sub Item> Menu Item     |": null

2020-04-24 08:32:38 - [TEST_STEP][PASSED] - callTestCase(findTestCase("Reusable_Test_Sequences/Web_Office/Navigation/Sub_Menu_Navigation/Settings/Web_Office/Marketing"), [:], STOP_ON_FAILURE): Call Test Case 'Test Cases/Reusable_Test_Sequences/Web_Office/Navigation/Sub_Menu_Navigation/Settings/Web_Office/Marketing' successfully

2020-04-24 08:32:38 - [TEST_CASE][PASSED] - Test Cases/Reusable_Test_Sequences/Web_Office/Navigation/Sub_Menu_Navigation/Settings/Web_Office/Marketing: Test Cases/Reusable_Test_Sequences/Web_Office/Navigation/Sub_Menu_Navigation/Settings/Web_Office/Marketing

2020-04-24 08:32:38 - [TEST_STEP][PASSED] - "--------------------------------------": null

2020-04-24 08:32:38 - [TEST_STEP][PASSED] - " Navigate Top level menu Item         |": null

2020-04-24 08:32:38 - [TEST_STEP][PASSED] - waitForPageLoad(60): Wait for page load successfully

2020-04-24 08:32:38 - [MESSAGE][PASSED] - Wait for page load successfully

2020-04-24 08:32:38 - [TEST_STEP][PASSED] - waitForElementClickable(findTestObject("Object Repository/WebOffice_Home_page/a_Settings"), 60): Object 'Object Repository/WebOffice_Home_page/a_Settings' is clickable

2020-04-24 08:32:39 - [MESSAGE][PASSED] - Object 'Object Repository/WebOffice_Home_page/a_Settings' is clickable

2020-04-24 08:32:39 - [TEST_STEP][PASSED] - mouseOver(findTestObject("Object Repository/WebOffice_Home_page/a_Settings")): Object: 'Object Repository/WebOffice_Home_page/a_Settings' is hovered

2020-04-24 08:32:39 - [MESSAGE][PASSED] - Object: 'Object Repository/WebOffice_Home_page/a_Settings' is hovered

2020-04-24 08:32:39 - [TEST_STEP][PASSED] - mouseOver(findTestObject("Object Repository/WebOffice_Home_page/a_Web Office")): Object: 'Object Repository/WebOffice_Home_page/a_Web Office' is hovered

2020-04-24 08:32:39 - [MESSAGE][PASSED] - Object: 'Object Repository/WebOffice_Home_page/a_Web Office' is hovered

2020-04-24 08:32:39 - [TEST_STEP][PASSED] - waitForElementClickable(findTestObject("Object Repository/WebOffice_Home_page/a_Marketing"), 1): Object 'Object Repository/WebOffice_Home_page/a_Marketing' is clickable

2020-04-24 08:32:39 - [MESSAGE][PASSED] - Object 'Object Repository/WebOffice_Home_page/a_Marketing' is clickable

2020-04-24 08:32:39 - [TEST_STEP][PASSED] - click(findTestObject("Object Repository/WebOffice_Home_page/a_Marketing")): Object: 'Object Repository/WebOffice_Home_page/a_Marketing' is clicked on

2020-04-24 08:32:40 - [MESSAGE][PASSED] - Object: 'Object Repository/WebOffice_Home_page/a_Marketing' is clicked on

2020-04-24 08:32:40 - [MESSAGE][PASSED] - Call Test Case 'Test Cases/Reusable_Test_Sequences/Web_Office/Navigation/Sub_Menu_Navigation/Settings/Web_Office/Marketing' successfully

2020-04-24 08:32:40 - [TEST_STEP][PASSED] - "--------------------------------------": null

2020-04-24 08:32:40 - [TEST_STEP][PASSED] - " Verify Returned Page Detail          |": null

2020-04-24 08:32:40 - [TEST_STEP][PASSED] - callTestCase(findTestCase("Reusable_Test_Sequences/Web_Office/Verification/Settings/Web_Office/Marketing"), [:], OPTIONAL): Call Test Case 'Test Cases/Reusable_Test_Sequences/Web_Office/Verification/Settings/Web_Office/Marketing' successfully

2020-04-24 08:32:40 - [TEST_CASE][PASSED] - Test Cases/Reusable_Test_Sequences/Web_Office/Verification/Settings/Web_Office/Marketing: Test Cases/Reusable_Test_Sequences/Web_Office/Verification/Settings/Web_Office/Marketing

2020-04-24 08:32:40 - [TEST_STEP][PASSED] - waitForPageLoad(60): Wait for page load successfully

2020-04-24 08:32:41 - [MESSAGE][PASSED] - Wait for page load successfully

2020-04-24 08:32:41 - [TEST_STEP][PASSED] - delay(1): Delayed 1 second(s)

2020-04-24 08:32:42 - [MESSAGE][PASSED] - Delayed 1 second(s)

2020-04-24 08:32:42 - [TEST_STEP][PASSED] - verifyTextPresent("Create Profile Page", false): Text 'Create Profile Page' is present on page 

2020-04-24 08:32:42 - [MESSAGE][PASSED] - Text 'Create Profile Page' is present on page 

2020-04-24 08:32:42 - [TEST_STEP][PASSED] - "----------------------------------------------": null

2020-04-24 08:32:42 - [TEST_STEP][PASSED] - verifyTextPresent("Validate ID", false): Text 'Validate ID' is present on page 

2020-04-24 08:32:42 - [MESSAGE][PASSED] - Text 'Validate ID' is present on page 

2020-04-24 08:32:42 - [TEST_STEP][PASSED] - verifyTextPresent("TTR ID", false): Text 'TTR ID' is present on page 

2020-04-24 08:32:42 - [MESSAGE][PASSED] - Text 'TTR ID' is present on page 

2020-04-24 08:32:42 - [MESSAGE][PASSED] - Call Test Case 'Test Cases/Reusable_Test_Sequences/Web_Office/Verification/Settings/Web_Office/Marketing' successfully

2020-04-24 08:32:42 - [TEST_STEP][PASSED] - "--------------------------": null

2020-04-24 08:32:42 - [TEST_STEP][PASSED] - " Teardown - CLose Browser |": null

2020-04-24 08:32:42 - [TEST_STEP][PASSED] - callTestCase(findTestCase("Reusable_Test_Sequences/CAT_Teardown"), [:], OPTIONAL): Call Test Case 'Test Cases/Reusable_Test_Sequences/CAT_Teardown' successfully

2020-04-24 08:32:42 - [TEST_CASE][PASSED] - Test Cases/Reusable_Test_Sequences/CAT_Teardown: Test Cases/Reusable_Test_Sequences/CAT_Teardown

2020-04-24 08:32:42 - [TEST_STEP][PASSED] - closeBrowser(): Browser is closed

2020-04-24 08:32:45 - [MESSAGE][PASSED] - Browser is closed

2020-04-24 08:32:45 - [TEST_STEP][PASSED] - super.finalize(): null

2020-04-24 08:32:45 - [TEST_STEP][PASSED] - System.gc(): null

2020-04-24 08:32:45 - [MESSAGE][PASSED] - Call Test Case 'Test Cases/Reusable_Test_Sequences/CAT_Teardown' successfully]]></system-out>
         <system-err><![CDATA[]]></system-err>
      </testcase>
      <testcase name="Test Cases/Web_Office/Settings/Web_Office/Marketing_Sources" time="22.1" classname="Test Cases/Web_Office/Settings/Web_Office/Marketing_Sources" status="PASSED">
         <system-out><![CDATA[2020-04-24 08:32:45 - [TEST_CASE][PASSED] - Test Cases/Web_Office/Settings/Web_Office/Marketing_Sources: Test Cases/Web_Office/Settings/Web_Office/Marketing_Sources

2020-04-24 08:32:45 - [TEST_STEP][PASSED] - "--------------------------------------": null

2020-04-24 08:32:45 - [TEST_STEP][PASSED] - " Web Office StartUp                  |": null

2020-04-24 08:32:45 - [TEST_STEP][PASSED] - callTestCase(findTestCase("Reusable_Test_Sequences/Web_Office/Directives/WebOffice_StartUp"), [:], STOP_ON_FAILURE): Call Test Case 'Test Cases/Reusable_Test_Sequences/Web_Office/Directives/WebOffice_StartUp' successfully

2020-04-24 08:32:45 - [TEST_CASE][PASSED] - Test Cases/Reusable_Test_Sequences/Web_Office/Directives/WebOffice_StartUp: Test Cases/Reusable_Test_Sequences/Web_Office/Directives/WebOffice_StartUp

2020-04-24 08:32:45 - [TEST_STEP][PASSED] - "-----------------------------------------------------------------------------": null

2020-04-24 08:32:45 - [TEST_STEP][PASSED] - if (URL == "https://www.dev.checkatrade.com/"): null

2020-04-24 08:32:45 - [TEST_STEP][PASSED] - "-----------------------------------------------------------------------------": null

2020-04-24 08:32:45 - [TEST_STEP][PASSED] - if (URL == "https://www.checkatrade.com/"): null

2020-04-24 08:32:45 - [TEST_STEP][PASSED] - "-----------------------------------------------------------------------------": null

2020-04-24 08:32:45 - [TEST_STEP][PASSED] - if (URL == "https://www.preview.checkatrade.com/"): null

2020-04-24 08:32:45 - [TEST_STEP][PASSED] - WebOfficeURL = "https://admin.preview.checkatrade.com/": null

2020-04-24 08:32:45 - [TEST_STEP][PASSED] - if (URL == "https://www.dev2.checkatrade.com/"): null

2020-04-24 08:32:45 - [TEST_STEP][PASSED] - "Set Function Area for "URL_Handler", URL Resolution": null

2020-04-24 08:32:45 - [TEST_STEP][PASSED] - "Do Some Magic with URL(s) See the comments within URL Handler ": null

2020-04-24 08:32:45 - [TEST_STEP][PASSED] - "------------------------------------------------": null

2020-04-24 08:32:45 - [TEST_STEP][PASSED] - "Moved Login Credentials to <Default> profile 22/01/2020": null

2020-04-24 08:32:45 - [TEST_STEP][PASSED] - "------------------------------------------------": null

2020-04-24 08:32:45 - [TEST_STEP][PASSED] - "WebOfficeURL - Set from the ENVIRONMENT PROFILE ": null

2020-04-24 08:32:45 - [TEST_STEP][PASSED] - "OPEN BROWSER": null

2020-04-24 08:32:45 - [TEST_STEP][PASSED] - "eg - https://admin.preview.checkatrade.com/  ": null

2020-04-24 08:32:45 - [TEST_STEP][PASSED] - openBrowser(WebOfficeURL): Browser is opened with url: 'https://admin.preview.checkatrade.com/'

2020-04-24 08:32:45 - [MESSAGE][INFO] - Starting 'Chrome' driver

2020-04-24 08:32:45 - [MESSAGE][INFO] - Action delay is set to 0 milliseconds

2020-04-24 08:32:51 - [MESSAGE][PASSED] - Browser is opened with url: 'https://admin.preview.checkatrade.com/'

2020-04-24 08:32:51 - [TEST_STEP][PASSED] - maximizeWindow(): Current window maximized

2020-04-24 08:32:53 - [MESSAGE][PASSED] - Current window maximized

2020-04-24 08:32:53 - [TEST_STEP][PASSED] - waitForElementClickable(findTestObject("Object Repository/WebOffice/Page_Checkatrade - Administration - Login/Login_Button"), 25): Object 'Object Repository/WebOffice/Page_Checkatrade - Administration - Login/Login_Button' is clickable

2020-04-24 08:32:53 - [MESSAGE][PASSED] - Object 'Object Repository/WebOffice/Page_Checkatrade - Administration - Login/Login_Button' is clickable

2020-04-24 08:32:53 - [TEST_STEP][PASSED] - verifyTextPresent("Checkatrade Web Office", false): Text 'Checkatrade Web Office' is present on page 

2020-04-24 08:32:53 - [MESSAGE][PASSED] - Text 'Checkatrade Web Office' is present on page 

2020-04-24 08:32:53 - [TEST_STEP][PASSED] - verifyTextPresent("Access for staff use only", false): Text 'Access for staff use only' is present on page 

2020-04-24 08:32:53 - [MESSAGE][PASSED] - Text 'Access for staff use only' is present on page 

2020-04-24 08:32:53 - [TEST_STEP][PASSED] - verifyTextPresent("Forgotten password?", false): Text 'Forgotten password?' is present on page 

2020-04-24 08:32:53 - [MESSAGE][PASSED] - Text 'Forgotten password?' is present on page 

2020-04-24 08:32:53 - [TEST_STEP][PASSED] - setText(findTestObject("Object Repository/WebOffice/Page_Checkatrade - Administration - Login/input_Username_LoginControlUserName"), wo_Username): Text 'DavidHo' is set on object 'Object Repository/WebOffice/Page_Checkatrade - Administration - Login/input_Username_LoginControlUserName'

2020-04-24 08:32:53 - [MESSAGE][PASSED] - Text 'DavidHo' is set on object 'Object Repository/WebOffice/Page_Checkatrade - Administration - Login/input_Username_LoginControlUserName'

2020-04-24 08:32:53 - [TEST_STEP][PASSED] - setText(findTestObject("Object Repository/WebOffice/Page_Checkatrade - Administration - Login/input_Password_LoginControlPassword"), wo_Password): Text 'Check123' is set on object 'Object Repository/WebOffice/Page_Checkatrade - Administration - Login/input_Password_LoginControlPassword'

2020-04-24 08:32:54 - [MESSAGE][PASSED] - Text 'Check123' is set on object 'Object Repository/WebOffice/Page_Checkatrade - Administration - Login/input_Password_LoginControlPassword'

2020-04-24 08:32:54 - [TEST_STEP][PASSED] - click(findTestObject("Object Repository/WebOffice/Page_Checkatrade - Administration - Login/Login_Button")): Object: 'Object Repository/WebOffice/Page_Checkatrade - Administration - Login/Login_Button' is clicked on

2020-04-24 08:32:55 - [MESSAGE][PASSED] - Object: 'Object Repository/WebOffice/Page_Checkatrade - Administration - Login/Login_Button' is clicked on

2020-04-24 08:32:55 - [TEST_STEP][PASSED] - waitForPageLoad(60): Wait for page load successfully

2020-04-24 08:32:55 - [MESSAGE][PASSED] - Wait for page load successfully

2020-04-24 08:32:55 - [TEST_STEP][PASSED] - verifyTextPresent("Welcome " + wo_Username, false): Text 'Welcome DavidHo' is present on page 

2020-04-24 08:32:55 - [MESSAGE][PASSED] - Text 'Welcome DavidHo' is present on page 

2020-04-24 08:32:55 - [MESSAGE][PASSED] - Call Test Case 'Test Cases/Reusable_Test_Sequences/Web_Office/Directives/WebOffice_StartUp' successfully

2020-04-24 08:32:55 - [TEST_STEP][PASSED] - "-----------------------------------------------------------------": null

2020-04-24 08:32:55 - [TEST_STEP][PASSED] - " Navigate to <Settings->Checkatrade.Com->Sub Item> Menu Item     |": null

2020-04-24 08:32:55 - [TEST_STEP][PASSED] - callTestCase(findTestCase("Reusable_Test_Sequences/Web_Office/Navigation/Sub_Menu_Navigation/Settings/Web_Office/Marketing_Sources"), [:], STOP_ON_FAILURE): Call Test Case 'Test Cases/Reusable_Test_Sequences/Web_Office/Navigation/Sub_Menu_Navigation/Settings/Web_Office/Marketing_Sources' successfully

2020-04-24 08:32:55 - [TEST_CASE][PASSED] - Test Cases/Reusable_Test_Sequences/Web_Office/Navigation/Sub_Menu_Navigation/Settings/Web_Office/Marketing_Sources: Test Cases/Reusable_Test_Sequences/Web_Office/Navigation/Sub_Menu_Navigation/Settings/Web_Office/Marketing_Sources

2020-04-24 08:32:56 - [TEST_STEP][PASSED] - "--------------------------------------": null

2020-04-24 08:32:56 - [TEST_STEP][PASSED] - " Navigate Top level menu Item         |": null

2020-04-24 08:32:56 - [TEST_STEP][PASSED] - waitForPageLoad(60): Wait for page load successfully

2020-04-24 08:32:56 - [MESSAGE][PASSED] - Wait for page load successfully

2020-04-24 08:32:56 - [TEST_STEP][PASSED] - waitForElementClickable(findTestObject("Object Repository/WebOffice_Home_page/a_Settings"), 60): Object 'Object Repository/WebOffice_Home_page/a_Settings' is clickable

2020-04-24 08:32:56 - [MESSAGE][PASSED] - Object 'Object Repository/WebOffice_Home_page/a_Settings' is clickable

2020-04-24 08:32:56 - [TEST_STEP][PASSED] - mouseOver(findTestObject("Object Repository/WebOffice_Home_page/a_Settings")): Object: 'Object Repository/WebOffice_Home_page/a_Settings' is hovered

2020-04-24 08:32:56 - [MESSAGE][PASSED] - Object: 'Object Repository/WebOffice_Home_page/a_Settings' is hovered

2020-04-24 08:32:56 - [TEST_STEP][PASSED] - mouseOver(findTestObject("Object Repository/WebOffice_Home_page/a_Web Office")): Object: 'Object Repository/WebOffice_Home_page/a_Web Office' is hovered

2020-04-24 08:32:57 - [MESSAGE][PASSED] - Object: 'Object Repository/WebOffice_Home_page/a_Web Office' is hovered

2020-04-24 08:32:57 - [TEST_STEP][PASSED] - waitForElementClickable(findTestObject("Object Repository/WebOffice_Home_page/a_Marketing Sources"), 1): Object 'Object Repository/WebOffice_Home_page/a_Marketing Sources' is clickable

2020-04-24 08:32:58 - [MESSAGE][PASSED] - Object 'Object Repository/WebOffice_Home_page/a_Marketing Sources' is clickable

2020-04-24 08:32:58 - [TEST_STEP][PASSED] - click(findTestObject("Object Repository/WebOffice_Home_page/a_Marketing SOurces")): Object: 'Object Repository/WebOffice_Home_page/a_Marketing SOurces' is clicked on

2020-04-24 08:32:59 - [MESSAGE][PASSED] - Object: 'Object Repository/WebOffice_Home_page/a_Marketing SOurces' is clicked on

2020-04-24 08:32:59 - [MESSAGE][PASSED] - Call Test Case 'Test Cases/Reusable_Test_Sequences/Web_Office/Navigation/Sub_Menu_Navigation/Settings/Web_Office/Marketing_Sources' successfully

2020-04-24 08:32:59 - [TEST_STEP][PASSED] - "--------------------------------------": null

2020-04-24 08:32:59 - [TEST_STEP][PASSED] - " Verify Returned Page Detail          |": null

2020-04-24 08:32:59 - [TEST_STEP][PASSED] - callTestCase(findTestCase("Reusable_Test_Sequences/Web_Office/Verification/Settings/Web_Office/Marketing_Sources"), [:], OPTIONAL): Call Test Case 'Test Cases/Reusable_Test_Sequences/Web_Office/Verification/Settings/Web_Office/Marketing_Sources' successfully

2020-04-24 08:32:59 - [TEST_CASE][PASSED] - Test Cases/Reusable_Test_Sequences/Web_Office/Verification/Settings/Web_Office/Marketing_Sources: Test Cases/Reusable_Test_Sequences/Web_Office/Verification/Settings/Web_Office/Marketing_Sources

2020-04-24 08:32:59 - [TEST_STEP][PASSED] - waitForPageLoad(60): Wait for page load successfully

2020-04-24 08:32:59 - [MESSAGE][PASSED] - Wait for page load successfully

2020-04-24 08:32:59 - [TEST_STEP][PASSED] - delay(1): Delayed 1 second(s)

2020-04-24 08:33:00 - [MESSAGE][PASSED] - Delayed 1 second(s)

2020-04-24 08:33:00 - [TEST_STEP][PASSED] - verifyTextPresent("Marketing Sources", false): Text 'Marketing Sources' is present on page 

2020-04-24 08:33:01 - [MESSAGE][PASSED] - Text 'Marketing Sources' is present on page 

2020-04-24 08:33:01 - [TEST_STEP][PASSED] - "----------------------------------------------": null

2020-04-24 08:33:01 - [TEST_STEP][PASSED] - verifyTextPresent("Name", false): Text 'Name' is present on page 

2020-04-24 08:33:01 - [MESSAGE][PASSED] - Text 'Name' is present on page 

2020-04-24 08:33:01 - [TEST_STEP][PASSED] - verifyTextPresent("Is active", false): Text 'Is active' is present on page 

2020-04-24 08:33:02 - [MESSAGE][PASSED] - Text 'Is active' is present on page 

2020-04-24 08:33:02 - [TEST_STEP][PASSED] - "----------------------------------------------": null

2020-04-24 08:33:02 - [TEST_STEP][PASSED] - "----------------------------------------------": null

2020-04-24 08:33:02 - [TEST_STEP][PASSED] - "----------------------------------------------": null

2020-04-24 08:33:02 - [TEST_STEP][PASSED] - verifyTextPresent("Active", false): Text 'Active' is present on page 

2020-04-24 08:33:02 - [MESSAGE][PASSED] - Text 'Active' is present on page 

2020-04-24 08:33:02 - [TEST_STEP][PASSED] - verifyTextPresent("Description", false): Text 'Description' is present on page 

2020-04-24 08:33:03 - [MESSAGE][PASSED] - Text 'Description' is present on page 

2020-04-24 08:33:03 - [TEST_STEP][PASSED] - verifyTextPresent("Members", false): Text 'Members' is present on page 

2020-04-24 08:33:03 - [MESSAGE][PASSED] - Text 'Members' is present on page 

2020-04-24 08:33:03 - [TEST_STEP][PASSED] - "----------------------------------------------": null

2020-04-24 08:33:03 - [TEST_STEP][PASSED] - verifyTextPresent("Directory Enquiry", false): Text 'Directory Enquiry' is present on page 

2020-04-24 08:33:03 - [MESSAGE][PASSED] - Text 'Directory Enquiry' is present on page 

2020-04-24 08:33:03 - [TEST_STEP][PASSED] - verifyTextPresent("TV Campaign", false): Text 'TV Campaign' is present on page 

2020-04-24 08:33:04 - [MESSAGE][PASSED] - Text 'TV Campaign' is present on page 

2020-04-24 08:33:04 - [TEST_STEP][PASSED] - verifyTextPresent("SMS", false): Text 'SMS' is present on page 

2020-04-24 08:33:04 - [MESSAGE][PASSED] - Text 'SMS' is present on page 

2020-04-24 08:33:04 - [TEST_STEP][PASSED] - verifyTextPresent("Radio Campaign", false): Text 'Radio Campaign' is present on page 

2020-04-24 08:33:05 - [MESSAGE][PASSED] - Text 'Radio Campaign' is present on page 

2020-04-24 08:33:05 - [TEST_STEP][PASSED] - verifyTextPresent("Lapsed", false): Text 'Lapsed' is present on page 

2020-04-24 08:33:05 - [MESSAGE][PASSED] - Text 'Lapsed' is present on page 

2020-04-24 08:33:05 - [TEST_STEP][PASSED] - verifyTextPresent("Edit Source", false): Text 'Edit Source' is present on page 

2020-04-24 08:33:05 - [MESSAGE][PASSED] - Text 'Edit Source' is present on page 

2020-04-24 08:33:05 - [MESSAGE][PASSED] - Call Test Case 'Test Cases/Reusable_Test_Sequences/Web_Office/Verification/Settings/Web_Office/Marketing_Sources' successfully

2020-04-24 08:33:05 - [TEST_STEP][PASSED] - "--------------------------": null

2020-04-24 08:33:05 - [TEST_STEP][PASSED] - " Teardown - CLose Browser |": null

2020-04-24 08:33:05 - [TEST_STEP][PASSED] - callTestCase(findTestCase("Reusable_Test_Sequences/CAT_Teardown"), [:], OPTIONAL): Call Test Case 'Test Cases/Reusable_Test_Sequences/CAT_Teardown' successfully

2020-04-24 08:33:05 - [TEST_CASE][PASSED] - Test Cases/Reusable_Test_Sequences/CAT_Teardown: Test Cases/Reusable_Test_Sequences/CAT_Teardown

2020-04-24 08:33:05 - [TEST_STEP][PASSED] - closeBrowser(): Browser is closed

2020-04-24 08:33:07 - [MESSAGE][PASSED] - Browser is closed

2020-04-24 08:33:07 - [TEST_STEP][PASSED] - super.finalize(): null

2020-04-24 08:33:07 - [TEST_STEP][PASSED] - System.gc(): null

2020-04-24 08:33:07 - [MESSAGE][PASSED] - Call Test Case 'Test Cases/Reusable_Test_Sequences/CAT_Teardown' successfully]]></system-out>
         <system-err><![CDATA[]]></system-err>
      </testcase>
      <testcase name="Test Cases/Web_Office/Settings/Web_Office/Marketing_Campaigns" time="19.402" classname="Test Cases/Web_Office/Settings/Web_Office/Marketing_Campaigns" status="PASSED">
         <system-out><![CDATA[2020-04-24 08:33:07 - [TEST_CASE][PASSED] - Test Cases/Web_Office/Settings/Web_Office/Marketing_Campaigns: Test Cases/Web_Office/Settings/Web_Office/Marketing_Campaigns

2020-04-24 08:33:07 - [TEST_STEP][PASSED] - "--------------------------------------": null

2020-04-24 08:33:07 - [TEST_STEP][PASSED] - " Web Office StartUp                  |": null

2020-04-24 08:33:07 - [TEST_STEP][PASSED] - callTestCase(findTestCase("Reusable_Test_Sequences/Web_Office/Directives/WebOffice_StartUp"), [:], STOP_ON_FAILURE): Call Test Case 'Test Cases/Reusable_Test_Sequences/Web_Office/Directives/WebOffice_StartUp' successfully

2020-04-24 08:33:08 - [TEST_CASE][PASSED] - Test Cases/Reusable_Test_Sequences/Web_Office/Directives/WebOffice_StartUp: Test Cases/Reusable_Test_Sequences/Web_Office/Directives/WebOffice_StartUp

2020-04-24 08:33:08 - [TEST_STEP][PASSED] - "-----------------------------------------------------------------------------": null

2020-04-24 08:33:08 - [TEST_STEP][PASSED] - if (URL == "https://www.dev.checkatrade.com/"): null

2020-04-24 08:33:08 - [TEST_STEP][PASSED] - "-----------------------------------------------------------------------------": null

2020-04-24 08:33:08 - [TEST_STEP][PASSED] - if (URL == "https://www.checkatrade.com/"): null

2020-04-24 08:33:08 - [TEST_STEP][PASSED] - "-----------------------------------------------------------------------------": null

2020-04-24 08:33:08 - [TEST_STEP][PASSED] - if (URL == "https://www.preview.checkatrade.com/"): null

2020-04-24 08:33:08 - [TEST_STEP][PASSED] - WebOfficeURL = "https://admin.preview.checkatrade.com/": null

2020-04-24 08:33:08 - [TEST_STEP][PASSED] - if (URL == "https://www.dev2.checkatrade.com/"): null

2020-04-24 08:33:08 - [TEST_STEP][PASSED] - "Set Function Area for "URL_Handler", URL Resolution": null

2020-04-24 08:33:08 - [TEST_STEP][PASSED] - "Do Some Magic with URL(s) See the comments within URL Handler ": null

2020-04-24 08:33:08 - [TEST_STEP][PASSED] - "------------------------------------------------": null

2020-04-24 08:33:08 - [TEST_STEP][PASSED] - "Moved Login Credentials to <Default> profile 22/01/2020": null

2020-04-24 08:33:08 - [TEST_STEP][PASSED] - "------------------------------------------------": null

2020-04-24 08:33:08 - [TEST_STEP][PASSED] - "WebOfficeURL - Set from the ENVIRONMENT PROFILE ": null

2020-04-24 08:33:08 - [TEST_STEP][PASSED] - "OPEN BROWSER": null

2020-04-24 08:33:08 - [TEST_STEP][PASSED] - "eg - https://admin.preview.checkatrade.com/  ": null

2020-04-24 08:33:08 - [TEST_STEP][PASSED] - openBrowser(WebOfficeURL): Browser is opened with url: 'https://admin.preview.checkatrade.com/'

2020-04-24 08:33:08 - [MESSAGE][INFO] - Starting 'Chrome' driver

2020-04-24 08:33:08 - [MESSAGE][INFO] - Action delay is set to 0 milliseconds

2020-04-24 08:33:13 - [MESSAGE][PASSED] - Browser is opened with url: 'https://admin.preview.checkatrade.com/'

2020-04-24 08:33:13 - [TEST_STEP][PASSED] - maximizeWindow(): Current window maximized

2020-04-24 08:33:15 - [MESSAGE][PASSED] - Current window maximized

2020-04-24 08:33:15 - [TEST_STEP][PASSED] - waitForElementClickable(findTestObject("Object Repository/WebOffice/Page_Checkatrade - Administration - Login/Login_Button"), 25): Object 'Object Repository/WebOffice/Page_Checkatrade - Administration - Login/Login_Button' is clickable

2020-04-24 08:33:15 - [MESSAGE][PASSED] - Object 'Object Repository/WebOffice/Page_Checkatrade - Administration - Login/Login_Button' is clickable

2020-04-24 08:33:15 - [TEST_STEP][PASSED] - verifyTextPresent("Checkatrade Web Office", false): Text 'Checkatrade Web Office' is present on page 

2020-04-24 08:33:15 - [MESSAGE][PASSED] - Text 'Checkatrade Web Office' is present on page 

2020-04-24 08:33:15 - [TEST_STEP][PASSED] - verifyTextPresent("Access for staff use only", false): Text 'Access for staff use only' is present on page 

2020-04-24 08:33:15 - [MESSAGE][PASSED] - Text 'Access for staff use only' is present on page 

2020-04-24 08:33:15 - [TEST_STEP][PASSED] - verifyTextPresent("Forgotten password?", false): Text 'Forgotten password?' is present on page 

2020-04-24 08:33:15 - [MESSAGE][PASSED] - Text 'Forgotten password?' is present on page 

2020-04-24 08:33:15 - [TEST_STEP][PASSED] - setText(findTestObject("Object Repository/WebOffice/Page_Checkatrade - Administration - Login/input_Username_LoginControlUserName"), wo_Username): Text 'DavidHo' is set on object 'Object Repository/WebOffice/Page_Checkatrade - Administration - Login/input_Username_LoginControlUserName'

2020-04-24 08:33:15 - [MESSAGE][PASSED] - Text 'DavidHo' is set on object 'Object Repository/WebOffice/Page_Checkatrade - Administration - Login/input_Username_LoginControlUserName'

2020-04-24 08:33:15 - [TEST_STEP][PASSED] - setText(findTestObject("Object Repository/WebOffice/Page_Checkatrade - Administration - Login/input_Password_LoginControlPassword"), wo_Password): Text 'Check123' is set on object 'Object Repository/WebOffice/Page_Checkatrade - Administration - Login/input_Password_LoginControlPassword'

2020-04-24 08:33:16 - [MESSAGE][PASSED] - Text 'Check123' is set on object 'Object Repository/WebOffice/Page_Checkatrade - Administration - Login/input_Password_LoginControlPassword'

2020-04-24 08:33:16 - [TEST_STEP][PASSED] - click(findTestObject("Object Repository/WebOffice/Page_Checkatrade - Administration - Login/Login_Button")): Object: 'Object Repository/WebOffice/Page_Checkatrade - Administration - Login/Login_Button' is clicked on

2020-04-24 08:33:16 - [MESSAGE][PASSED] - Object: 'Object Repository/WebOffice/Page_Checkatrade - Administration - Login/Login_Button' is clicked on

2020-04-24 08:33:16 - [TEST_STEP][PASSED] - waitForPageLoad(60): Wait for page load successfully

2020-04-24 08:33:16 - [MESSAGE][PASSED] - Wait for page load successfully

2020-04-24 08:33:16 - [TEST_STEP][PASSED] - verifyTextPresent("Welcome " + wo_Username, false): Text 'Welcome DavidHo' is present on page 

2020-04-24 08:33:17 - [MESSAGE][PASSED] - Text 'Welcome DavidHo' is present on page 

2020-04-24 08:33:17 - [MESSAGE][PASSED] - Call Test Case 'Test Cases/Reusable_Test_Sequences/Web_Office/Directives/WebOffice_StartUp' successfully

2020-04-24 08:33:17 - [TEST_STEP][PASSED] - "-----------------------------------------------------------------": null

2020-04-24 08:33:17 - [TEST_STEP][PASSED] - " Navigate to <Settings->Checkatrade.Com->Sub Item> Menu Item     |": null

2020-04-24 08:33:17 - [TEST_STEP][PASSED] - callTestCase(findTestCase("Reusable_Test_Sequences/Web_Office/Navigation/Sub_Menu_Navigation/Settings/Web_Office/Marketing_Campaigns"), [:], STOP_ON_FAILURE): Call Test Case 'Test Cases/Reusable_Test_Sequences/Web_Office/Navigation/Sub_Menu_Navigation/Settings/Web_Office/Marketing_Campaigns' successfully

2020-04-24 08:33:17 - [TEST_CASE][PASSED] - Test Cases/Reusable_Test_Sequences/Web_Office/Navigation/Sub_Menu_Navigation/Settings/Web_Office/Marketing_Campaigns: Test Cases/Reusable_Test_Sequences/Web_Office/Navigation/Sub_Menu_Navigation/Settings/Web_Office/Marketing_Campaigns

2020-04-24 08:33:17 - [TEST_STEP][PASSED] - "--------------------------------------": null

2020-04-24 08:33:17 - [TEST_STEP][PASSED] - " Navigate Top level menu Item         |": null

2020-04-24 08:33:17 - [TEST_STEP][PASSED] - waitForPageLoad(60): Wait for page load successfully

2020-04-24 08:33:17 - [MESSAGE][PASSED] - Wait for page load successfully

2020-04-24 08:33:17 - [TEST_STEP][PASSED] - waitForElementClickable(findTestObject("Object Repository/WebOffice_Home_page/a_Settings"), 60): Object 'Object Repository/WebOffice_Home_page/a_Settings' is clickable

2020-04-24 08:33:18 - [MESSAGE][PASSED] - Object 'Object Repository/WebOffice_Home_page/a_Settings' is clickable

2020-04-24 08:33:18 - [TEST_STEP][PASSED] - mouseOver(findTestObject("Object Repository/WebOffice_Home_page/a_Settings")): Object: 'Object Repository/WebOffice_Home_page/a_Settings' is hovered

2020-04-24 08:33:18 - [MESSAGE][PASSED] - Object: 'Object Repository/WebOffice_Home_page/a_Settings' is hovered

2020-04-24 08:33:18 - [TEST_STEP][PASSED] - mouseOver(findTestObject("Object Repository/WebOffice_Home_page/a_Web Office")): Object: 'Object Repository/WebOffice_Home_page/a_Web Office' is hovered

2020-04-24 08:33:18 - [MESSAGE][PASSED] - Object: 'Object Repository/WebOffice_Home_page/a_Web Office' is hovered

2020-04-24 08:33:18 - [TEST_STEP][PASSED] - waitForElementClickable(findTestObject("Object Repository/WebOffice_Home_page/a_Marketing Campaigns"), 1): Object 'Object Repository/WebOffice_Home_page/a_Marketing Campaigns' is clickable

2020-04-24 08:33:18 - [MESSAGE][PASSED] - Object 'Object Repository/WebOffice_Home_page/a_Marketing Campaigns' is clickable

2020-04-24 08:33:18 - [TEST_STEP][PASSED] - click(findTestObject("Object Repository/WebOffice_Home_page/a_Marketing Campaigns")): Object: 'Object Repository/WebOffice_Home_page/a_Marketing Campaigns' is clicked on

2020-04-24 08:33:19 - [MESSAGE][PASSED] - Object: 'Object Repository/WebOffice_Home_page/a_Marketing Campaigns' is clicked on

2020-04-24 08:33:19 - [MESSAGE][PASSED] - Call Test Case 'Test Cases/Reusable_Test_Sequences/Web_Office/Navigation/Sub_Menu_Navigation/Settings/Web_Office/Marketing_Campaigns' successfully

2020-04-24 08:33:19 - [TEST_STEP][PASSED] - "--------------------------------------": null

2020-04-24 08:33:19 - [TEST_STEP][PASSED] - " Verify Returned Page Detail          |": null

2020-04-24 08:33:19 - [TEST_STEP][PASSED] - callTestCase(findTestCase("Reusable_Test_Sequences/Web_Office/Verification/Settings/Web_Office/Marketing_Campaigns"), [:], OPTIONAL): Call Test Case 'Test Cases/Reusable_Test_Sequences/Web_Office/Verification/Settings/Web_Office/Marketing_Campaigns' successfully

2020-04-24 08:33:19 - [TEST_CASE][PASSED] - Test Cases/Reusable_Test_Sequences/Web_Office/Verification/Settings/Web_Office/Marketing_Campaigns: Test Cases/Reusable_Test_Sequences/Web_Office/Verification/Settings/Web_Office/Marketing_Campaigns

2020-04-24 08:33:20 - [TEST_STEP][PASSED] - waitForPageLoad(60): Wait for page load successfully

2020-04-24 08:33:20 - [MESSAGE][PASSED] - Wait for page load successfully

2020-04-24 08:33:20 - [TEST_STEP][PASSED] - delay(1): Delayed 1 second(s)

2020-04-24 08:33:21 - [MESSAGE][PASSED] - Delayed 1 second(s)

2020-04-24 08:33:21 - [TEST_STEP][PASSED] - verifyTextPresent("Marketing Campaigns", false): Text 'Marketing Campaigns' is present on page 

2020-04-24 08:33:21 - [MESSAGE][PASSED] - Text 'Marketing Campaigns' is present on page 

2020-04-24 08:33:21 - [TEST_STEP][PASSED] - "----------------------------------------------": null

2020-04-24 08:33:21 - [TEST_STEP][PASSED] - verifyTextPresent("Add New Campaign", false): Text 'Add New Campaign' is present on page 

2020-04-24 08:33:22 - [MESSAGE][PASSED] - Text 'Add New Campaign' is present on page 

2020-04-24 08:33:22 - [TEST_STEP][PASSED] - verifyTextPresent("Name", false): Text 'Name' is present on page 

2020-04-24 08:33:22 - [MESSAGE][PASSED] - Text 'Name' is present on page 

2020-04-24 08:33:22 - [TEST_STEP][PASSED] - verifyTextPresent("Start Date", false): Text 'Start Date' is present on page 

2020-04-24 08:33:23 - [MESSAGE][PASSED] - Text 'Start Date' is present on page 

2020-04-24 08:33:23 - [TEST_STEP][PASSED] - verifyTextPresent("End Date", false): Text 'End Date' is present on page 

2020-04-24 08:33:23 - [MESSAGE][PASSED] - Text 'End Date' is present on page 

2020-04-24 08:33:23 - [TEST_STEP][PASSED] - verifyTextPresent("County", false): Text 'County' is present on page 

2020-04-24 08:33:23 - [MESSAGE][PASSED] - Text 'County' is present on page 

2020-04-24 08:33:23 - [TEST_STEP][PASSED] - "----------------------------------------------": null

2020-04-24 08:33:23 - [TEST_STEP][PASSED] - "----------------------------------------------": null

2020-04-24 08:33:23 - [TEST_STEP][PASSED] - "----------------------------------------------": null

2020-04-24 08:33:23 - [TEST_STEP][PASSED] - verifyTextPresent("Marketing Campaigns", false): Text 'Marketing Campaigns' is present on page 

2020-04-24 08:33:24 - [MESSAGE][PASSED] - Text 'Marketing Campaigns' is present on page 

2020-04-24 08:33:24 - [TEST_STEP][PASSED] - verifyTextPresent("Title", false): Text 'Title' is present on page 

2020-04-24 08:33:24 - [MESSAGE][PASSED] - Text 'Title' is present on page 

2020-04-24 08:33:24 - [MESSAGE][PASSED] - Call Test Case 'Test Cases/Reusable_Test_Sequences/Web_Office/Verification/Settings/Web_Office/Marketing_Campaigns' successfully

2020-04-24 08:33:24 - [TEST_STEP][PASSED] - "--------------------------": null

2020-04-24 08:33:24 - [TEST_STEP][PASSED] - " Teardown - CLose Browser |": null

2020-04-24 08:33:24 - [TEST_STEP][PASSED] - callTestCase(findTestCase("Reusable_Test_Sequences/CAT_Teardown"), [:], OPTIONAL): Call Test Case 'Test Cases/Reusable_Test_Sequences/CAT_Teardown' successfully

2020-04-24 08:33:24 - [TEST_CASE][PASSED] - Test Cases/Reusable_Test_Sequences/CAT_Teardown: Test Cases/Reusable_Test_Sequences/CAT_Teardown

2020-04-24 08:33:24 - [TEST_STEP][PASSED] - closeBrowser(): Browser is closed

2020-04-24 08:33:26 - [MESSAGE][PASSED] - Browser is closed

2020-04-24 08:33:26 - [TEST_STEP][PASSED] - super.finalize(): null

2020-04-24 08:33:26 - [TEST_STEP][PASSED] - System.gc(): null

2020-04-24 08:33:26 - [MESSAGE][PASSED] - Call Test Case 'Test Cases/Reusable_Test_Sequences/CAT_Teardown' successfully]]></system-out>
         <system-err><![CDATA[]]></system-err>
      </testcase>
      <testcase name="Test Cases/Web_Office/Settings/Web_Office/Marketing_Regions" time="20.586" classname="Test Cases/Web_Office/Settings/Web_Office/Marketing_Regions" status="PASSED">
         <system-out><![CDATA[2020-04-24 08:33:26 - [TEST_CASE][PASSED] - Test Cases/Web_Office/Settings/Web_Office/Marketing_Regions: Test Cases/Web_Office/Settings/Web_Office/Marketing_Regions

2020-04-24 08:33:27 - [TEST_STEP][PASSED] - "--------------------------------------": null

2020-04-24 08:33:27 - [TEST_STEP][PASSED] - " Web Office StartUp                  |": null

2020-04-24 08:33:27 - [TEST_STEP][PASSED] - callTestCase(findTestCase("Reusable_Test_Sequences/Web_Office/Directives/WebOffice_StartUp"), [:], STOP_ON_FAILURE): Call Test Case 'Test Cases/Reusable_Test_Sequences/Web_Office/Directives/WebOffice_StartUp' successfully

2020-04-24 08:33:27 - [TEST_CASE][PASSED] - Test Cases/Reusable_Test_Sequences/Web_Office/Directives/WebOffice_StartUp: Test Cases/Reusable_Test_Sequences/Web_Office/Directives/WebOffice_StartUp

2020-04-24 08:33:27 - [TEST_STEP][PASSED] - "-----------------------------------------------------------------------------": null

2020-04-24 08:33:27 - [TEST_STEP][PASSED] - if (URL == "https://www.dev.checkatrade.com/"): null

2020-04-24 08:33:27 - [TEST_STEP][PASSED] - "-----------------------------------------------------------------------------": null

2020-04-24 08:33:27 - [TEST_STEP][PASSED] - if (URL == "https://www.checkatrade.com/"): null

2020-04-24 08:33:27 - [TEST_STEP][PASSED] - "-----------------------------------------------------------------------------": null

2020-04-24 08:33:27 - [TEST_STEP][PASSED] - if (URL == "https://www.preview.checkatrade.com/"): null

2020-04-24 08:33:27 - [TEST_STEP][PASSED] - WebOfficeURL = "https://admin.preview.checkatrade.com/": null

2020-04-24 08:33:27 - [TEST_STEP][PASSED] - if (URL == "https://www.dev2.checkatrade.com/"): null

2020-04-24 08:33:27 - [TEST_STEP][PASSED] - "Set Function Area for "URL_Handler", URL Resolution": null

2020-04-24 08:33:27 - [TEST_STEP][PASSED] - "Do Some Magic with URL(s) See the comments within URL Handler ": null

2020-04-24 08:33:27 - [TEST_STEP][PASSED] - "------------------------------------------------": null

2020-04-24 08:33:27 - [TEST_STEP][PASSED] - "Moved Login Credentials to <Default> profile 22/01/2020": null

2020-04-24 08:33:27 - [TEST_STEP][PASSED] - "------------------------------------------------": null

2020-04-24 08:33:27 - [TEST_STEP][PASSED] - "WebOfficeURL - Set from the ENVIRONMENT PROFILE ": null

2020-04-24 08:33:27 - [TEST_STEP][PASSED] - "OPEN BROWSER": null

2020-04-24 08:33:27 - [TEST_STEP][PASSED] - "eg - https://admin.preview.checkatrade.com/  ": null

2020-04-24 08:33:27 - [TEST_STEP][PASSED] - openBrowser(WebOfficeURL): Browser is opened with url: 'https://admin.preview.checkatrade.com/'

2020-04-24 08:33:27 - [MESSAGE][INFO] - Starting 'Chrome' driver

2020-04-24 08:33:27 - [MESSAGE][INFO] - Action delay is set to 0 milliseconds

2020-04-24 08:33:32 - [MESSAGE][PASSED] - Browser is opened with url: 'https://admin.preview.checkatrade.com/'

2020-04-24 08:33:32 - [TEST_STEP][PASSED] - maximizeWindow(): Current window maximized

2020-04-24 08:33:35 - [MESSAGE][PASSED] - Current window maximized

2020-04-24 08:33:35 - [TEST_STEP][PASSED] - waitForElementClickable(findTestObject("Object Repository/WebOffice/Page_Checkatrade - Administration - Login/Login_Button"), 25): Object 'Object Repository/WebOffice/Page_Checkatrade - Administration - Login/Login_Button' is clickable

2020-04-24 08:33:35 - [MESSAGE][PASSED] - Object 'Object Repository/WebOffice/Page_Checkatrade - Administration - Login/Login_Button' is clickable

2020-04-24 08:33:35 - [TEST_STEP][PASSED] - verifyTextPresent("Checkatrade Web Office", false): Text 'Checkatrade Web Office' is present on page 

2020-04-24 08:33:35 - [MESSAGE][PASSED] - Text 'Checkatrade Web Office' is present on page 

2020-04-24 08:33:35 - [TEST_STEP][PASSED] - verifyTextPresent("Access for staff use only", false): Text 'Access for staff use only' is present on page 

2020-04-24 08:33:35 - [MESSAGE][PASSED] - Text 'Access for staff use only' is present on page 

2020-04-24 08:33:35 - [TEST_STEP][PASSED] - verifyTextPresent("Forgotten password?", false): Text 'Forgotten password?' is present on page 

2020-04-24 08:33:35 - [MESSAGE][PASSED] - Text 'Forgotten password?' is present on page 

2020-04-24 08:33:35 - [TEST_STEP][PASSED] - setText(findTestObject("Object Repository/WebOffice/Page_Checkatrade - Administration - Login/input_Username_LoginControlUserName"), wo_Username): Text 'DavidHo' is set on object 'Object Repository/WebOffice/Page_Checkatrade - Administration - Login/input_Username_LoginControlUserName'

2020-04-24 08:33:35 - [MESSAGE][PASSED] - Text 'DavidHo' is set on object 'Object Repository/WebOffice/Page_Checkatrade - Administration - Login/input_Username_LoginControlUserName'

2020-04-24 08:33:35 - [TEST_STEP][PASSED] - setText(findTestObject("Object Repository/WebOffice/Page_Checkatrade - Administration - Login/input_Password_LoginControlPassword"), wo_Password): Text 'Check123' is set on object 'Object Repository/WebOffice/Page_Checkatrade - Administration - Login/input_Password_LoginControlPassword'

2020-04-24 08:33:35 - [MESSAGE][PASSED] - Text 'Check123' is set on object 'Object Repository/WebOffice/Page_Checkatrade - Administration - Login/input_Password_LoginControlPassword'

2020-04-24 08:33:35 - [TEST_STEP][PASSED] - click(findTestObject("Object Repository/WebOffice/Page_Checkatrade - Administration - Login/Login_Button")): Object: 'Object Repository/WebOffice/Page_Checkatrade - Administration - Login/Login_Button' is clicked on

2020-04-24 08:33:36 - [MESSAGE][PASSED] - Object: 'Object Repository/WebOffice/Page_Checkatrade - Administration - Login/Login_Button' is clicked on

2020-04-24 08:33:36 - [TEST_STEP][PASSED] - waitForPageLoad(60): Wait for page load successfully

2020-04-24 08:33:36 - [MESSAGE][PASSED] - Wait for page load successfully

2020-04-24 08:33:36 - [TEST_STEP][PASSED] - verifyTextPresent("Welcome " + wo_Username, false): Text 'Welcome DavidHo' is present on page 

2020-04-24 08:33:36 - [MESSAGE][PASSED] - Text 'Welcome DavidHo' is present on page 

2020-04-24 08:33:36 - [MESSAGE][PASSED] - Call Test Case 'Test Cases/Reusable_Test_Sequences/Web_Office/Directives/WebOffice_StartUp' successfully

2020-04-24 08:33:36 - [TEST_STEP][PASSED] - "-----------------------------------------------------------------": null

2020-04-24 08:33:36 - [TEST_STEP][PASSED] - " Navigate to <Settings->Checkatrade.Com->Sub Item> Menu Item     |": null

2020-04-24 08:33:36 - [TEST_STEP][PASSED] - callTestCase(findTestCase("Reusable_Test_Sequences/Web_Office/Navigation/Sub_Menu_Navigation/Settings/Web_Office/Marketing_Regions"), [:], STOP_ON_FAILURE): Call Test Case 'Test Cases/Reusable_Test_Sequences/Web_Office/Navigation/Sub_Menu_Navigation/Settings/Web_Office/Marketing_Regions' successfully

2020-04-24 08:33:36 - [TEST_CASE][PASSED] - Test Cases/Reusable_Test_Sequences/Web_Office/Navigation/Sub_Menu_Navigation/Settings/Web_Office/Marketing_Regions: Test Cases/Reusable_Test_Sequences/Web_Office/Navigation/Sub_Menu_Navigation/Settings/Web_Office/Marketing_Regions

2020-04-24 08:33:37 - [TEST_STEP][PASSED] - "--------------------------------------": null

2020-04-24 08:33:37 - [TEST_STEP][PASSED] - " Navigate Top level menu Item         |": null

2020-04-24 08:33:37 - [TEST_STEP][PASSED] - waitForPageLoad(60): Wait for page load successfully

2020-04-24 08:33:37 - [MESSAGE][PASSED] - Wait for page load successfully

2020-04-24 08:33:37 - [TEST_STEP][PASSED] - waitForElementClickable(findTestObject("Object Repository/WebOffice_Home_page/a_Settings"), 60): Object 'Object Repository/WebOffice_Home_page/a_Settings' is clickable

2020-04-24 08:33:37 - [MESSAGE][PASSED] - Object 'Object Repository/WebOffice_Home_page/a_Settings' is clickable

2020-04-24 08:33:37 - [TEST_STEP][PASSED] - mouseOver(findTestObject("Object Repository/WebOffice_Home_page/a_Settings")): Object: 'Object Repository/WebOffice_Home_page/a_Settings' is hovered

2020-04-24 08:33:37 - [MESSAGE][PASSED] - Object: 'Object Repository/WebOffice_Home_page/a_Settings' is hovered

2020-04-24 08:33:37 - [TEST_STEP][PASSED] - mouseOver(findTestObject("Object Repository/WebOffice_Home_page/a_Web Office")): Object: 'Object Repository/WebOffice_Home_page/a_Web Office' is hovered

2020-04-24 08:33:37 - [MESSAGE][PASSED] - Object: 'Object Repository/WebOffice_Home_page/a_Web Office' is hovered

2020-04-24 08:33:37 - [TEST_STEP][PASSED] - waitForElementClickable(findTestObject("Object Repository/WebOffice_Home_page/a_Marketing Regions"), 1): Object 'Object Repository/WebOffice_Home_page/a_Marketing Regions' is clickable

2020-04-24 08:33:38 - [MESSAGE][PASSED] - Object 'Object Repository/WebOffice_Home_page/a_Marketing Regions' is clickable

2020-04-24 08:33:38 - [TEST_STEP][PASSED] - click(findTestObject("Object Repository/WebOffice_Home_page/a_Marketing Regions")): Object: 'Object Repository/WebOffice_Home_page/a_Marketing Regions' is clicked on

2020-04-24 08:33:39 - [MESSAGE][PASSED] - Object: 'Object Repository/WebOffice_Home_page/a_Marketing Regions' is clicked on

2020-04-24 08:33:39 - [MESSAGE][PASSED] - Call Test Case 'Test Cases/Reusable_Test_Sequences/Web_Office/Navigation/Sub_Menu_Navigation/Settings/Web_Office/Marketing_Regions' successfully

2020-04-24 08:33:39 - [TEST_STEP][PASSED] - "--------------------------------------": null

2020-04-24 08:33:39 - [TEST_STEP][PASSED] - " Verify Returned Page Detail          |": null

2020-04-24 08:33:39 - [TEST_STEP][PASSED] - callTestCase(findTestCase("Reusable_Test_Sequences/Web_Office/Verification/Settings/Web_Office/Marketing_Regions"), [:], OPTIONAL): Call Test Case 'Test Cases/Reusable_Test_Sequences/Web_Office/Verification/Settings/Web_Office/Marketing_Regions' successfully

2020-04-24 08:33:39 - [TEST_CASE][PASSED] - Test Cases/Reusable_Test_Sequences/Web_Office/Verification/Settings/Web_Office/Marketing_Regions: Test Cases/Reusable_Test_Sequences/Web_Office/Verification/Settings/Web_Office/Marketing_Regions

2020-04-24 08:33:40 - [TEST_STEP][PASSED] - waitForPageLoad(60): Wait for page load successfully

2020-04-24 08:33:40 - [MESSAGE][PASSED] - Wait for page load successfully

2020-04-24 08:33:40 - [TEST_STEP][PASSED] - delay(1): Delayed 1 second(s)

2020-04-24 08:33:41 - [MESSAGE][PASSED] - Delayed 1 second(s)

2020-04-24 08:33:41 - [TEST_STEP][PASSED] - verifyTextPresent("Marketing Regions", false): Text 'Marketing Regions' is present on page 

2020-04-24 08:33:41 - [MESSAGE][PASSED] - Text 'Marketing Regions' is present on page 

2020-04-24 08:33:41 - [TEST_STEP][PASSED] - "----------------------------------------------": null

2020-04-24 08:33:41 - [TEST_STEP][PASSED] - verifyTextPresent("Add New Region", false): Text 'Add New Region' is present on page 

2020-04-24 08:33:42 - [MESSAGE][PASSED] - Text 'Add New Region' is present on page 

2020-04-24 08:33:42 - [TEST_STEP][PASSED] - verifyTextPresent("Name", false): Text 'Name' is present on page 

2020-04-24 08:33:42 - [MESSAGE][PASSED] - Text 'Name' is present on page 

2020-04-24 08:33:42 - [TEST_STEP][PASSED] - verifyTextPresent("Type", false): Text 'Type' is present on page 

2020-04-24 08:33:42 - [MESSAGE][PASSED] - Text 'Type' is present on page 

2020-04-24 08:33:42 - [TEST_STEP][PASSED] - "----------------------------------------------": null

2020-04-24 08:33:42 - [TEST_STEP][PASSED] - "----------------------------------------------": null

2020-04-24 08:33:42 - [TEST_STEP][PASSED] - "----------------------------------------------": null

2020-04-24 08:33:42 - [TEST_STEP][PASSED] - "----------------------------------------------": null

2020-04-24 08:33:42 - [TEST_STEP][PASSED] - "----------------------------------------------": null

2020-04-24 08:33:42 - [TEST_STEP][PASSED] - verifyTextPresent("Regions", false): Text 'Regions' is present on page 

2020-04-24 08:33:42 - [MESSAGE][PASSED] - Text 'Regions' is present on page 

2020-04-24 08:33:42 - [TEST_STEP][PASSED] - verifyTextPresent("Reset filters", false): Text 'Reset filters' is present on page 

2020-04-24 08:33:43 - [MESSAGE][PASSED] - Text 'Reset filters' is present on page 

2020-04-24 08:33:43 - [TEST_STEP][PASSED] - verifyTextPresent("Reset sorting", false): Text 'Reset sorting' is present on page 

2020-04-24 08:33:43 - [MESSAGE][PASSED] - Text 'Reset sorting' is present on page 

2020-04-24 08:33:43 - [TEST_STEP][PASSED] - "----------------------------------------------": null

2020-04-24 08:33:43 - [TEST_STEP][PASSED] - verifyTextPresent("Edit", false): Text 'Edit' is present on page 

2020-04-24 08:33:43 - [MESSAGE][PASSED] - Text 'Edit' is present on page 

2020-04-24 08:33:43 - [TEST_STEP][PASSED] - verifyTextPresent("Type", false): Text 'Type' is present on page 

2020-04-24 08:33:43 - [MESSAGE][PASSED] - Text 'Type' is present on page 

2020-04-24 08:33:43 - [TEST_STEP][PASSED] - verifyTextPresent("Status", false): Text 'Status' is present on page 

2020-04-24 08:33:44 - [MESSAGE][PASSED] - Text 'Status' is present on page 

2020-04-24 08:33:44 - [TEST_STEP][PASSED] - verifyTextPresent("Name", false): Text 'Name' is present on page 

2020-04-24 08:33:44 - [MESSAGE][PASSED] - Text 'Name' is present on page 

2020-04-24 08:33:44 - [TEST_STEP][PASSED] - "----------------------------------------------": null

2020-04-24 08:33:44 - [TEST_STEP][PASSED] - verifyTextPresent("Radio", false): Text 'Radio' is present on page 

2020-04-24 08:33:44 - [MESSAGE][PASSED] - Text 'Radio' is present on page 

2020-04-24 08:33:44 - [TEST_STEP][PASSED] - verifyTextPresent("Live", false): Text 'Live' is present on page 

2020-04-24 08:33:45 - [MESSAGE][PASSED] - Text 'Live' is present on page 

2020-04-24 08:33:45 - [TEST_STEP][PASSED] - verifyTextPresent("TV", false): Text 'TV' is present on page 

2020-04-24 08:33:45 - [MESSAGE][PASSED] - Text 'TV' is present on page 

2020-04-24 08:33:45 - [TEST_STEP][PASSED] - verifyTextPresent("Central West", false): Text 'Central West' is present on page 

2020-04-24 08:33:45 - [MESSAGE][PASSED] - Text 'Central West' is present on page 

2020-04-24 08:33:45 - [MESSAGE][PASSED] - Call Test Case 'Test Cases/Reusable_Test_Sequences/Web_Office/Verification/Settings/Web_Office/Marketing_Regions' successfully

2020-04-24 08:33:45 - [TEST_STEP][PASSED] - "--------------------------": null

2020-04-24 08:33:45 - [TEST_STEP][PASSED] - " Teardown - CLose Browser |": null

2020-04-24 08:33:45 - [TEST_STEP][PASSED] - callTestCase(findTestCase("Reusable_Test_Sequences/CAT_Teardown"), [:], OPTIONAL): Call Test Case 'Test Cases/Reusable_Test_Sequences/CAT_Teardown' successfully

2020-04-24 08:33:45 - [TEST_CASE][PASSED] - Test Cases/Reusable_Test_Sequences/CAT_Teardown: Test Cases/Reusable_Test_Sequences/CAT_Teardown

2020-04-24 08:33:45 - [TEST_STEP][PASSED] - closeBrowser(): Browser is closed

2020-04-24 08:33:47 - [MESSAGE][PASSED] - Browser is closed

2020-04-24 08:33:47 - [TEST_STEP][PASSED] - super.finalize(): null

2020-04-24 08:33:47 - [TEST_STEP][PASSED] - System.gc(): null

2020-04-24 08:33:47 - [MESSAGE][PASSED] - Call Test Case 'Test Cases/Reusable_Test_Sequences/CAT_Teardown' successfully]]></system-out>
         <system-err><![CDATA[]]></system-err>
      </testcase>
      <testcase name="Test Cases/Web_Office/Settings/Web_Office/Pricing" time="46.003" classname="Test Cases/Web_Office/Settings/Web_Office/Pricing" status="PASSED">
         <system-out><![CDATA[2020-04-24 08:33:47 - [TEST_CASE][PASSED] - Test Cases/Web_Office/Settings/Web_Office/Pricing: Test Cases/Web_Office/Settings/Web_Office/Pricing

2020-04-24 08:33:47 - [TEST_STEP][PASSED] - "--------------------------------------": null

2020-04-24 08:33:47 - [TEST_STEP][PASSED] - " Web Office StartUp                  |": null

2020-04-24 08:33:47 - [TEST_STEP][PASSED] - callTestCase(findTestCase("Reusable_Test_Sequences/Web_Office/Directives/WebOffice_StartUp"), [:], STOP_ON_FAILURE): Call Test Case 'Test Cases/Reusable_Test_Sequences/Web_Office/Directives/WebOffice_StartUp' successfully

2020-04-24 08:33:47 - [TEST_CASE][PASSED] - Test Cases/Reusable_Test_Sequences/Web_Office/Directives/WebOffice_StartUp: Test Cases/Reusable_Test_Sequences/Web_Office/Directives/WebOffice_StartUp

2020-04-24 08:33:47 - [TEST_STEP][PASSED] - "-----------------------------------------------------------------------------": null

2020-04-24 08:33:47 - [TEST_STEP][PASSED] - if (URL == "https://www.dev.checkatrade.com/"): null

2020-04-24 08:33:47 - [TEST_STEP][PASSED] - "-----------------------------------------------------------------------------": null

2020-04-24 08:33:47 - [TEST_STEP][PASSED] - if (URL == "https://www.checkatrade.com/"): null

2020-04-24 08:33:48 - [TEST_STEP][PASSED] - "-----------------------------------------------------------------------------": null

2020-04-24 08:33:48 - [TEST_STEP][PASSED] - if (URL == "https://www.preview.checkatrade.com/"): null

2020-04-24 08:33:48 - [TEST_STEP][PASSED] - WebOfficeURL = "https://admin.preview.checkatrade.com/": null

2020-04-24 08:33:48 - [TEST_STEP][PASSED] - if (URL == "https://www.dev2.checkatrade.com/"): null

2020-04-24 08:33:48 - [TEST_STEP][PASSED] - "Set Function Area for "URL_Handler", URL Resolution": null

2020-04-24 08:33:48 - [TEST_STEP][PASSED] - "Do Some Magic with URL(s) See the comments within URL Handler ": null

2020-04-24 08:33:48 - [TEST_STEP][PASSED] - "------------------------------------------------": null

2020-04-24 08:33:48 - [TEST_STEP][PASSED] - "Moved Login Credentials to <Default> profile 22/01/2020": null

2020-04-24 08:33:48 - [TEST_STEP][PASSED] - "------------------------------------------------": null

2020-04-24 08:33:48 - [TEST_STEP][PASSED] - "WebOfficeURL - Set from the ENVIRONMENT PROFILE ": null

2020-04-24 08:33:48 - [TEST_STEP][PASSED] - "OPEN BROWSER": null

2020-04-24 08:33:48 - [TEST_STEP][PASSED] - "eg - https://admin.preview.checkatrade.com/  ": null

2020-04-24 08:33:48 - [TEST_STEP][PASSED] - openBrowser(WebOfficeURL): Browser is opened with url: 'https://admin.preview.checkatrade.com/'

2020-04-24 08:33:48 - [MESSAGE][INFO] - Starting 'Chrome' driver

2020-04-24 08:33:48 - [MESSAGE][INFO] - Action delay is set to 0 milliseconds

2020-04-24 08:33:53 - [MESSAGE][PASSED] - Browser is opened with url: 'https://admin.preview.checkatrade.com/'

2020-04-24 08:33:53 - [TEST_STEP][PASSED] - maximizeWindow(): Current window maximized

2020-04-24 08:33:55 - [MESSAGE][PASSED] - Current window maximized

2020-04-24 08:33:55 - [TEST_STEP][PASSED] - waitForElementClickable(findTestObject("Object Repository/WebOffice/Page_Checkatrade - Administration - Login/Login_Button"), 25): Object 'Object Repository/WebOffice/Page_Checkatrade - Administration - Login/Login_Button' is clickable

2020-04-24 08:33:55 - [MESSAGE][PASSED] - Object 'Object Repository/WebOffice/Page_Checkatrade - Administration - Login/Login_Button' is clickable

2020-04-24 08:33:55 - [TEST_STEP][PASSED] - verifyTextPresent("Checkatrade Web Office", false): Text 'Checkatrade Web Office' is present on page 

2020-04-24 08:33:56 - [MESSAGE][PASSED] - Text 'Checkatrade Web Office' is present on page 

2020-04-24 08:33:56 - [TEST_STEP][PASSED] - verifyTextPresent("Access for staff use only", false): Text 'Access for staff use only' is present on page 

2020-04-24 08:33:56 - [MESSAGE][PASSED] - Text 'Access for staff use only' is present on page 

2020-04-24 08:33:56 - [TEST_STEP][PASSED] - verifyTextPresent("Forgotten password?", false): Text 'Forgotten password?' is present on page 

2020-04-24 08:33:56 - [MESSAGE][PASSED] - Text 'Forgotten password?' is present on page 

2020-04-24 08:33:56 - [TEST_STEP][PASSED] - setText(findTestObject("Object Repository/WebOffice/Page_Checkatrade - Administration - Login/input_Username_LoginControlUserName"), wo_Username): Text 'DavidHo' is set on object 'Object Repository/WebOffice/Page_Checkatrade - Administration - Login/input_Username_LoginControlUserName'

2020-04-24 08:33:56 - [MESSAGE][PASSED] - Text 'DavidHo' is set on object 'Object Repository/WebOffice/Page_Checkatrade - Administration - Login/input_Username_LoginControlUserName'

2020-04-24 08:33:56 - [TEST_STEP][PASSED] - setText(findTestObject("Object Repository/WebOffice/Page_Checkatrade - Administration - Login/input_Password_LoginControlPassword"), wo_Password): Text 'Check123' is set on object 'Object Repository/WebOffice/Page_Checkatrade - Administration - Login/input_Password_LoginControlPassword'

2020-04-24 08:33:56 - [MESSAGE][PASSED] - Text 'Check123' is set on object 'Object Repository/WebOffice/Page_Checkatrade - Administration - Login/input_Password_LoginControlPassword'

2020-04-24 08:33:56 - [TEST_STEP][PASSED] - click(findTestObject("Object Repository/WebOffice/Page_Checkatrade - Administration - Login/Login_Button")): Object: 'Object Repository/WebOffice/Page_Checkatrade - Administration - Login/Login_Button' is clicked on

2020-04-24 08:33:57 - [MESSAGE][PASSED] - Object: 'Object Repository/WebOffice/Page_Checkatrade - Administration - Login/Login_Button' is clicked on

2020-04-24 08:33:57 - [TEST_STEP][PASSED] - waitForPageLoad(60): Wait for page load successfully

2020-04-24 08:33:57 - [MESSAGE][PASSED] - Wait for page load successfully

2020-04-24 08:33:57 - [TEST_STEP][PASSED] - verifyTextPresent("Welcome " + wo_Username, false): Text 'Welcome DavidHo' is present on page 

2020-04-24 08:33:57 - [MESSAGE][PASSED] - Text 'Welcome DavidHo' is present on page 

2020-04-24 08:33:57 - [MESSAGE][PASSED] - Call Test Case 'Test Cases/Reusable_Test_Sequences/Web_Office/Directives/WebOffice_StartUp' successfully

2020-04-24 08:33:57 - [TEST_STEP][PASSED] - "-----------------------------------------------------------------": null

2020-04-24 08:33:57 - [TEST_STEP][PASSED] - " Navigate to <Settings->Checkatrade.Com->Sub Item> Menu Item     |": null

2020-04-24 08:33:57 - [TEST_STEP][PASSED] - callTestCase(findTestCase("Reusable_Test_Sequences/Web_Office/Navigation/Sub_Menu_Navigation/Settings/Web_Office/Pricing"), [:], STOP_ON_FAILURE): Call Test Case 'Test Cases/Reusable_Test_Sequences/Web_Office/Navigation/Sub_Menu_Navigation/Settings/Web_Office/Pricing' successfully

2020-04-24 08:33:57 - [TEST_CASE][PASSED] - Test Cases/Reusable_Test_Sequences/Web_Office/Navigation/Sub_Menu_Navigation/Settings/Web_Office/Pricing: Test Cases/Reusable_Test_Sequences/Web_Office/Navigation/Sub_Menu_Navigation/Settings/Web_Office/Pricing

2020-04-24 08:33:57 - [TEST_STEP][PASSED] - "--------------------------------------": null

2020-04-24 08:33:57 - [TEST_STEP][PASSED] - " Navigate Top level menu Item         |": null

2020-04-24 08:33:57 - [TEST_STEP][PASSED] - waitForPageLoad(60): Wait for page load successfully

2020-04-24 08:33:57 - [MESSAGE][PASSED] - Wait for page load successfully

2020-04-24 08:33:57 - [TEST_STEP][PASSED] - waitForElementClickable(findTestObject("Object Repository/WebOffice_Home_page/a_Settings"), 60): Object 'Object Repository/WebOffice_Home_page/a_Settings' is clickable

2020-04-24 08:33:58 - [MESSAGE][PASSED] - Object 'Object Repository/WebOffice_Home_page/a_Settings' is clickable

2020-04-24 08:33:58 - [TEST_STEP][PASSED] - mouseOver(findTestObject("Object Repository/WebOffice_Home_page/a_Settings")): Object: 'Object Repository/WebOffice_Home_page/a_Settings' is hovered

2020-04-24 08:33:58 - [MESSAGE][PASSED] - Object: 'Object Repository/WebOffice_Home_page/a_Settings' is hovered

2020-04-24 08:33:58 - [TEST_STEP][PASSED] - mouseOver(findTestObject("Object Repository/WebOffice_Home_page/a_Web Office")): Object: 'Object Repository/WebOffice_Home_page/a_Web Office' is hovered

2020-04-24 08:33:58 - [MESSAGE][PASSED] - Object: 'Object Repository/WebOffice_Home_page/a_Web Office' is hovered

2020-04-24 08:33:58 - [TEST_STEP][PASSED] - waitForElementClickable(findTestObject("Object Repository/WebOffice_Home_page/a_Pricing"), 1): Object 'Object Repository/WebOffice_Home_page/a_Pricing' is clickable

2020-04-24 08:33:58 - [MESSAGE][PASSED] - Object 'Object Repository/WebOffice_Home_page/a_Pricing' is clickable

2020-04-24 08:33:58 - [TEST_STEP][PASSED] - click(findTestObject("Object Repository/WebOffice_Home_page/a_Pricing")): Object: 'Object Repository/WebOffice_Home_page/a_Pricing' is clicked on

2020-04-24 08:34:00 - [MESSAGE][PASSED] - Object: 'Object Repository/WebOffice_Home_page/a_Pricing' is clicked on

2020-04-24 08:34:00 - [MESSAGE][PASSED] - Call Test Case 'Test Cases/Reusable_Test_Sequences/Web_Office/Navigation/Sub_Menu_Navigation/Settings/Web_Office/Pricing' successfully

2020-04-24 08:34:00 - [TEST_STEP][PASSED] - "--------------------------------------": null

2020-04-24 08:34:00 - [TEST_STEP][PASSED] - " Verify Returned Page Detail          |": null

2020-04-24 08:34:00 - [TEST_STEP][PASSED] - callTestCase(findTestCase("Reusable_Test_Sequences/Web_Office/Verification/Settings/Web_Office/Pricing"), [:], OPTIONAL): Call Test Case 'Test Cases/Reusable_Test_Sequences/Web_Office/Verification/Settings/Web_Office/Pricing' successfully

2020-04-24 08:34:01 - [TEST_CASE][PASSED] - Test Cases/Reusable_Test_Sequences/Web_Office/Verification/Settings/Web_Office/Pricing: Test Cases/Reusable_Test_Sequences/Web_Office/Verification/Settings/Web_Office/Pricing

2020-04-24 08:34:01 - [TEST_STEP][PASSED] - waitForPageLoad(60): Wait for page load successfully

2020-04-24 08:34:01 - [MESSAGE][PASSED] - Wait for page load successfully

2020-04-24 08:34:01 - [TEST_STEP][PASSED] - delay(1): Delayed 1 second(s)

2020-04-24 08:34:02 - [MESSAGE][PASSED] - Delayed 1 second(s)

2020-04-24 08:34:02 - [TEST_STEP][PASSED] - verifyTextPresent("Pricing", false): Text 'Pricing' is present on page 

2020-04-24 08:34:03 - [MESSAGE][PASSED] - Text 'Pricing' is present on page 

2020-04-24 08:34:03 - [TEST_STEP][PASSED] - "----------------------------------------------": null

2020-04-24 08:34:03 - [TEST_STEP][PASSED] - verifyTextPresent("All prices exclude VAT, currently charged at a rate of 20%.", false): Text 'All prices exclude VAT, currently charged at a rate of 20%.' is present on page 

2020-04-24 08:34:04 - [MESSAGE][PASSED] - Text 'All prices exclude VAT, currently charged at a rate of 20%.' is present on page 

2020-04-24 08:34:04 - [TEST_STEP][PASSED] - verifyTextPresent("Base price", false): Text 'Base price' is present on page 

2020-04-24 08:34:05 - [MESSAGE][PASSED] - Text 'Base price' is present on page 

2020-04-24 08:34:05 - [TEST_STEP][PASSED] - verifyTextPresent("Directory Membership", false): Text 'Directory Membership' is present on page 

2020-04-24 08:34:06 - [MESSAGE][PASSED] - Text 'Directory Membership' is present on page 

2020-04-24 08:34:06 - [TEST_STEP][PASSED] - verifyTextPresent("Website Membership", false): Text 'Website Membership' is present on page 

2020-04-24 08:34:07 - [MESSAGE][PASSED] - Text 'Website Membership' is present on page 

2020-04-24 08:34:07 - [TEST_STEP][PASSED] - "----------------------------------------------": null

2020-04-24 08:34:07 - [TEST_STEP][PASSED] - "----------------------------------------------": null

2020-04-24 08:34:07 - [TEST_STEP][PASSED] - "----------------------------------------------": null

2020-04-24 08:34:07 - [TEST_STEP][PASSED] - "----------------------------------------------": null

2020-04-24 08:34:07 - [TEST_STEP][PASSED] - verifyTextPresent("Vetting Schemes", false): Text 'Vetting Schemes' is present on page 

2020-04-24 08:34:08 - [MESSAGE][PASSED] - Text 'Vetting Schemes' is present on page 

2020-04-24 08:34:08 - [TEST_STEP][PASSED] - verifyTextPresent("Discounted regions", false): Text 'Discounted regions' is present on page 

2020-04-24 08:34:09 - [MESSAGE][PASSED] - Text 'Discounted regions' is present on page 

2020-04-24 08:34:09 - [TEST_STEP][PASSED] - verifyTextPresent("Extras", false): Text 'Extras' is present on page 

2020-04-24 08:34:10 - [MESSAGE][PASSED] - Text 'Extras' is present on page 

2020-04-24 08:34:10 - [TEST_STEP][PASSED] - verifyTextPresent("Payment Instalments", false): Text 'Payment Instalments' is present on page 

2020-04-24 08:34:11 - [MESSAGE][PASSED] - Text 'Payment Instalments' is present on page 

2020-04-24 08:34:11 - [TEST_STEP][PASSED] - "----------------------------------------------": null

2020-04-24 08:34:11 - [TEST_STEP][PASSED] - verifyTextPresent("Buckinghamshire and Surrey TSA", false): Text 'Buckinghamshire and Surrey TSA' is present on page 

2020-04-24 08:34:12 - [MESSAGE][PASSED] - Text 'Buckinghamshire and Surrey TSA' is present on page 

2020-04-24 08:34:12 - [TEST_STEP][PASSED] - verifyTextPresent("Directory Membership", false): Text 'Directory Membership' is present on page 

2020-04-24 08:34:15 - [MESSAGE][PASSED] - Text 'Directory Membership' is present on page 

2020-04-24 08:34:15 - [TEST_STEP][PASSED] - verifyTextPresent("Website Membership", false): Text 'Website Membership' is present on page 

2020-04-24 08:34:17 - [MESSAGE][PASSED] - Text 'Website Membership' is present on page 

2020-04-24 08:34:17 - [TEST_STEP][PASSED] - verifyTextPresent("East Sussex TSA", false): Text 'East Sussex TSA' is present on page 

2020-04-24 08:34:18 - [MESSAGE][PASSED] - Text 'East Sussex TSA' is present on page 

2020-04-24 08:34:18 - [TEST_STEP][PASSED] - verifyTextPresent("Extra web category", false): Text 'Extra web category' is present on page 

2020-04-24 08:34:19 - [MESSAGE][PASSED] - Text 'Extra web category' is present on page 

2020-04-24 08:34:19 - [TEST_STEP][PASSED] - verifyTextPresent("Extra directory area (discounted", false): Text 'Extra directory area (discounted' is present on page 

2020-04-24 08:34:20 - [MESSAGE][PASSED] - Text 'Extra directory area (discounted' is present on page 

2020-04-24 08:34:20 - [TEST_STEP][PASSED] - verifyTextPresent("Directory Membership extended", false): Text 'Directory Membership extended' is present on page 

2020-04-24 08:34:21 - [MESSAGE][PASSED] - Text 'Directory Membership extended' is present on page 

2020-04-24 08:34:21 - [TEST_STEP][PASSED] - verifyTextPresent("Website Membership extended:", false): Text 'Website Membership extended:' is present on page 

2020-04-24 08:34:23 - [MESSAGE][PASSED] - Text 'Website Membership extended:' is present on page 

2020-04-24 08:34:23 - [TEST_STEP][PASSED] - scrollToPosition(750, 750): Browser is scrolled to position x = 750, y = 750

2020-04-24 08:34:23 - [MESSAGE][PASSED] - Browser is scrolled to position x = 750, y = 750

2020-04-24 08:34:23 - [TEST_STEP][PASSED] - verifyTextPresent("Discounts", false): Text 'Discounts' is present on page 

2020-04-24 08:34:24 - [MESSAGE][PASSED] - Text 'Discounts' is present on page 

2020-04-24 08:34:24 - [TEST_STEP][PASSED] - "----------------------------------------------": null

2020-04-24 08:34:24 - [TEST_STEP][PASSED] - verifyTextPresent("NAME", false): Text 'NAME' is present on page 

2020-04-24 08:34:24 - [MESSAGE][PASSED] - Text 'NAME' is present on page 

2020-04-24 08:34:24 - [TEST_STEP][PASSED] - verifyTextPresent("DESCRIPTION", false): Text 'DESCRIPTION' is present on page 

2020-04-24 08:34:25 - [MESSAGE][PASSED] - Text 'DESCRIPTION' is present on page 

2020-04-24 08:34:25 - [TEST_STEP][PASSED] - verifyTextPresent("AMOUNT (WEB)", false): Text 'AMOUNT (WEB)' is present on page 

2020-04-24 08:34:26 - [MESSAGE][PASSED] - Text 'AMOUNT (WEB)' is present on page 

2020-04-24 08:34:26 - [TEST_STEP][PASSED] - verifyTextPresent("AMOUNT (DIR)", false): Text 'AMOUNT (DIR)' is present on page 

2020-04-24 08:34:27 - [MESSAGE][PASSED] - Text 'AMOUNT (DIR)' is present on page 

2020-04-24 08:34:27 - [TEST_STEP][PASSED] - verifyTextPresent("CODE", false): Text 'CODE' is present on page 

2020-04-24 08:34:28 - [MESSAGE][PASSED] - Text 'CODE' is present on page 

2020-04-24 08:34:28 - [TEST_STEP][PASSED] - verifyTextPresent("ENABLED", false): Text 'ENABLED' is present on page 

2020-04-24 08:34:29 - [MESSAGE][PASSED] - Text 'ENABLED' is present on page 

2020-04-24 08:34:29 - [TEST_STEP][PASSED] - verifyTextPresent("DELETE", false): Text 'DELETE' is present on page 

2020-04-24 08:34:29 - [MESSAGE][PASSED] - Text 'DELETE' is present on page 

2020-04-24 08:34:29 - [TEST_STEP][PASSED] - verifyTextPresent("Discounted Heading", false): Text 'Discounted Heading' is present on page 

2020-04-24 08:34:30 - [MESSAGE][PASSED] - Text 'Discounted Heading' is present on page 

2020-04-24 08:34:30 - [TEST_STEP][PASSED] - verifyTextPresent("Full Payment Up Front", false): Text 'Full Payment Up Front' is present on page 

2020-04-24 08:34:32 - [MESSAGE][PASSED] - Text 'Full Payment Up Front' is present on page 

2020-04-24 08:34:32 - [MESSAGE][PASSED] - Call Test Case 'Test Cases/Reusable_Test_Sequences/Web_Office/Verification/Settings/Web_Office/Pricing' successfully

2020-04-24 08:34:32 - [TEST_STEP][PASSED] - "--------------------------": null

2020-04-24 08:34:32 - [TEST_STEP][PASSED] - " Teardown - CLose Browser |": null

2020-04-24 08:34:32 - [TEST_STEP][PASSED] - callTestCase(findTestCase("Reusable_Test_Sequences/CAT_Teardown"), [:], OPTIONAL): Call Test Case 'Test Cases/Reusable_Test_Sequences/CAT_Teardown' successfully

2020-04-24 08:34:32 - [TEST_CASE][PASSED] - Test Cases/Reusable_Test_Sequences/CAT_Teardown: Test Cases/Reusable_Test_Sequences/CAT_Teardown

2020-04-24 08:34:32 - [TEST_STEP][PASSED] - closeBrowser(): Browser is closed

2020-04-24 08:34:33 - [MESSAGE][PASSED] - Browser is closed

2020-04-24 08:34:33 - [TEST_STEP][PASSED] - super.finalize(): null

2020-04-24 08:34:33 - [TEST_STEP][PASSED] - System.gc(): null

2020-04-24 08:34:33 - [MESSAGE][PASSED] - Call Test Case 'Test Cases/Reusable_Test_Sequences/CAT_Teardown' successfully]]></system-out>
         <system-err><![CDATA[]]></system-err>
      </testcase>
      <testcase name="Test Cases/Web_Office/Settings/Web_Office/Secure_Phone_Numbers" time="38.203" classname="Test Cases/Web_Office/Settings/Web_Office/Secure_Phone_Numbers" status="PASSED">
         <system-out><![CDATA[2020-04-24 08:34:33 - [TEST_CASE][PASSED] - Test Cases/Web_Office/Settings/Web_Office/Secure_Phone_Numbers: Test Cases/Web_Office/Settings/Web_Office/Secure_Phone_Numbers

2020-04-24 08:34:33 - [TEST_STEP][PASSED] - "--------------------------------------": null

2020-04-24 08:34:33 - [TEST_STEP][PASSED] - " Web Office StartUp                  |": null

2020-04-24 08:34:33 - [TEST_STEP][PASSED] - callTestCase(findTestCase("Reusable_Test_Sequences/Web_Office/Directives/WebOffice_StartUp"), [:], STOP_ON_FAILURE): Call Test Case 'Test Cases/Reusable_Test_Sequences/Web_Office/Directives/WebOffice_StartUp' successfully

2020-04-24 08:34:33 - [TEST_CASE][PASSED] - Test Cases/Reusable_Test_Sequences/Web_Office/Directives/WebOffice_StartUp: Test Cases/Reusable_Test_Sequences/Web_Office/Directives/WebOffice_StartUp

2020-04-24 08:34:33 - [TEST_STEP][PASSED] - "-----------------------------------------------------------------------------": null

2020-04-24 08:34:33 - [TEST_STEP][PASSED] - if (URL == "https://www.dev.checkatrade.com/"): null

2020-04-24 08:34:33 - [TEST_STEP][PASSED] - "-----------------------------------------------------------------------------": null

2020-04-24 08:34:33 - [TEST_STEP][PASSED] - if (URL == "https://www.checkatrade.com/"): null

2020-04-24 08:34:33 - [TEST_STEP][PASSED] - "-----------------------------------------------------------------------------": null

2020-04-24 08:34:33 - [TEST_STEP][PASSED] - if (URL == "https://www.preview.checkatrade.com/"): null

2020-04-24 08:34:33 - [TEST_STEP][PASSED] - WebOfficeURL = "https://admin.preview.checkatrade.com/": null

2020-04-24 08:34:33 - [TEST_STEP][PASSED] - if (URL == "https://www.dev2.checkatrade.com/"): null

2020-04-24 08:34:33 - [TEST_STEP][PASSED] - "Set Function Area for "URL_Handler", URL Resolution": null

2020-04-24 08:34:33 - [TEST_STEP][PASSED] - "Do Some Magic with URL(s) See the comments within URL Handler ": null

2020-04-24 08:34:33 - [TEST_STEP][PASSED] - "------------------------------------------------": null

2020-04-24 08:34:33 - [TEST_STEP][PASSED] - "Moved Login Credentials to <Default> profile 22/01/2020": null

2020-04-24 08:34:33 - [TEST_STEP][PASSED] - "------------------------------------------------": null

2020-04-24 08:34:33 - [TEST_STEP][PASSED] - "WebOfficeURL - Set from the ENVIRONMENT PROFILE ": null

2020-04-24 08:34:33 - [TEST_STEP][PASSED] - "OPEN BROWSER": null

2020-04-24 08:34:33 - [TEST_STEP][PASSED] - "eg - https://admin.preview.checkatrade.com/  ": null

2020-04-24 08:34:33 - [TEST_STEP][PASSED] - openBrowser(WebOfficeURL): Browser is opened with url: 'https://admin.preview.checkatrade.com/'

2020-04-24 08:34:33 - [MESSAGE][INFO] - Starting 'Chrome' driver

2020-04-24 08:34:33 - [MESSAGE][INFO] - Action delay is set to 0 milliseconds

2020-04-24 08:34:38 - [MESSAGE][PASSED] - Browser is opened with url: 'https://admin.preview.checkatrade.com/'

2020-04-24 08:34:38 - [TEST_STEP][PASSED] - maximizeWindow(): Current window maximized

2020-04-24 08:34:41 - [MESSAGE][PASSED] - Current window maximized

2020-04-24 08:34:41 - [TEST_STEP][PASSED] - waitForElementClickable(findTestObject("Object Repository/WebOffice/Page_Checkatrade - Administration - Login/Login_Button"), 25): Object 'Object Repository/WebOffice/Page_Checkatrade - Administration - Login/Login_Button' is clickable

2020-04-24 08:34:41 - [MESSAGE][PASSED] - Object 'Object Repository/WebOffice/Page_Checkatrade - Administration - Login/Login_Button' is clickable

2020-04-24 08:34:41 - [TEST_STEP][PASSED] - verifyTextPresent("Checkatrade Web Office", false): Text 'Checkatrade Web Office' is present on page 

2020-04-24 08:34:41 - [MESSAGE][PASSED] - Text 'Checkatrade Web Office' is present on page 

2020-04-24 08:34:41 - [TEST_STEP][PASSED] - verifyTextPresent("Access for staff use only", false): Text 'Access for staff use only' is present on page 

2020-04-24 08:34:41 - [MESSAGE][PASSED] - Text 'Access for staff use only' is present on page 

2020-04-24 08:34:41 - [TEST_STEP][PASSED] - verifyTextPresent("Forgotten password?", false): Text 'Forgotten password?' is present on page 

2020-04-24 08:34:41 - [MESSAGE][PASSED] - Text 'Forgotten password?' is present on page 

2020-04-24 08:34:41 - [TEST_STEP][PASSED] - setText(findTestObject("Object Repository/WebOffice/Page_Checkatrade - Administration - Login/input_Username_LoginControlUserName"), wo_Username): Text 'DavidHo' is set on object 'Object Repository/WebOffice/Page_Checkatrade - Administration - Login/input_Username_LoginControlUserName'

2020-04-24 08:34:42 - [MESSAGE][PASSED] - Text 'DavidHo' is set on object 'Object Repository/WebOffice/Page_Checkatrade - Administration - Login/input_Username_LoginControlUserName'

2020-04-24 08:34:42 - [TEST_STEP][PASSED] - setText(findTestObject("Object Repository/WebOffice/Page_Checkatrade - Administration - Login/input_Password_LoginControlPassword"), wo_Password): Text 'Check123' is set on object 'Object Repository/WebOffice/Page_Checkatrade - Administration - Login/input_Password_LoginControlPassword'

2020-04-24 08:34:42 - [MESSAGE][PASSED] - Text 'Check123' is set on object 'Object Repository/WebOffice/Page_Checkatrade - Administration - Login/input_Password_LoginControlPassword'

2020-04-24 08:34:42 - [TEST_STEP][PASSED] - click(findTestObject("Object Repository/WebOffice/Page_Checkatrade - Administration - Login/Login_Button")): Object: 'Object Repository/WebOffice/Page_Checkatrade - Administration - Login/Login_Button' is clicked on

2020-04-24 08:34:43 - [MESSAGE][PASSED] - Object: 'Object Repository/WebOffice/Page_Checkatrade - Administration - Login/Login_Button' is clicked on

2020-04-24 08:34:43 - [TEST_STEP][PASSED] - waitForPageLoad(60): Wait for page load successfully

2020-04-24 08:34:43 - [MESSAGE][PASSED] - Wait for page load successfully

2020-04-24 08:34:43 - [TEST_STEP][PASSED] - verifyTextPresent("Welcome " + wo_Username, false): Text 'Welcome DavidHo' is present on page 

2020-04-24 08:34:43 - [MESSAGE][PASSED] - Text 'Welcome DavidHo' is present on page 

2020-04-24 08:34:43 - [MESSAGE][PASSED] - Call Test Case 'Test Cases/Reusable_Test_Sequences/Web_Office/Directives/WebOffice_StartUp' successfully

2020-04-24 08:34:43 - [TEST_STEP][PASSED] - "-----------------------------------------------------------------": null

2020-04-24 08:34:43 - [TEST_STEP][PASSED] - " Navigate to <Settings->Checkatrade.Com->Sub Item> Menu Item     |": null

2020-04-24 08:34:43 - [TEST_STEP][PASSED] - callTestCase(findTestCase("Reusable_Test_Sequences/Web_Office/Navigation/Sub_Menu_Navigation/Settings/Web_Office/Secure_Phone_Numbers"), [:], STOP_ON_FAILURE): Call Test Case 'Test Cases/Reusable_Test_Sequences/Web_Office/Navigation/Sub_Menu_Navigation/Settings/Web_Office/Secure_Phone_Numbers' successfully

2020-04-24 08:34:43 - [TEST_CASE][PASSED] - Test Cases/Reusable_Test_Sequences/Web_Office/Navigation/Sub_Menu_Navigation/Settings/Web_Office/Secure_Phone_Numbers: Test Cases/Reusable_Test_Sequences/Web_Office/Navigation/Sub_Menu_Navigation/Settings/Web_Office/Secure_Phone_Numbers

2020-04-24 08:34:44 - [TEST_STEP][PASSED] - "--------------------------------------": null

2020-04-24 08:34:44 - [TEST_STEP][PASSED] - " Navigate Top level menu Item         |": null

2020-04-24 08:34:44 - [TEST_STEP][PASSED] - waitForPageLoad(60): Wait for page load successfully

2020-04-24 08:34:44 - [MESSAGE][PASSED] - Wait for page load successfully

2020-04-24 08:34:44 - [TEST_STEP][PASSED] - waitForElementClickable(findTestObject("Object Repository/WebOffice_Home_page/a_Settings"), 60): Object 'Object Repository/WebOffice_Home_page/a_Settings' is clickable

2020-04-24 08:34:44 - [MESSAGE][PASSED] - Object 'Object Repository/WebOffice_Home_page/a_Settings' is clickable

2020-04-24 08:34:44 - [TEST_STEP][PASSED] - mouseOver(findTestObject("Object Repository/WebOffice_Home_page/a_Settings")): Object: 'Object Repository/WebOffice_Home_page/a_Settings' is hovered

2020-04-24 08:34:45 - [MESSAGE][PASSED] - Object: 'Object Repository/WebOffice_Home_page/a_Settings' is hovered

2020-04-24 08:34:45 - [TEST_STEP][PASSED] - mouseOver(findTestObject("Object Repository/WebOffice_Home_page/a_Web Office")): Object: 'Object Repository/WebOffice_Home_page/a_Web Office' is hovered

2020-04-24 08:34:45 - [MESSAGE][PASSED] - Object: 'Object Repository/WebOffice_Home_page/a_Web Office' is hovered

2020-04-24 08:34:45 - [TEST_STEP][PASSED] - waitForElementClickable(findTestObject("Object Repository/WebOffice_Home_page/a_Secure Phone Numbers"), 1): Object 'Object Repository/WebOffice_Home_page/a_Secure Phone Numbers' is clickable

2020-04-24 08:34:45 - [MESSAGE][PASSED] - Object 'Object Repository/WebOffice_Home_page/a_Secure Phone Numbers' is clickable

2020-04-24 08:34:45 - [TEST_STEP][PASSED] - click(findTestObject("Object Repository/WebOffice_Home_page/a_Secure Phone Numbers")): Object: 'Object Repository/WebOffice_Home_page/a_Secure Phone Numbers' is clicked on

2020-04-24 08:34:46 - [MESSAGE][PASSED] - Object: 'Object Repository/WebOffice_Home_page/a_Secure Phone Numbers' is clicked on

2020-04-24 08:34:46 - [MESSAGE][PASSED] - Call Test Case 'Test Cases/Reusable_Test_Sequences/Web_Office/Navigation/Sub_Menu_Navigation/Settings/Web_Office/Secure_Phone_Numbers' successfully

2020-04-24 08:34:46 - [TEST_STEP][PASSED] - "--------------------------------------": null

2020-04-24 08:34:46 - [TEST_STEP][PASSED] - " Verify Returned Page Detail          |": null

2020-04-24 08:34:46 - [TEST_STEP][PASSED] - callTestCase(findTestCase("Reusable_Test_Sequences/Web_Office/Verification/Settings/Web_Office/Secure_Phone_Numbers"), [:], OPTIONAL): Call Test Case 'Test Cases/Reusable_Test_Sequences/Web_Office/Verification/Settings/Web_Office/Secure_Phone_Numbers' successfully

2020-04-24 08:34:46 - [TEST_CASE][PASSED] - Test Cases/Reusable_Test_Sequences/Web_Office/Verification/Settings/Web_Office/Secure_Phone_Numbers: Test Cases/Reusable_Test_Sequences/Web_Office/Verification/Settings/Web_Office/Secure_Phone_Numbers

2020-04-24 08:34:46 - [TEST_STEP][PASSED] - waitForPageLoad(60): Wait for page load successfully

2020-04-24 08:34:46 - [MESSAGE][PASSED] - Wait for page load successfully

2020-04-24 08:34:46 - [TEST_STEP][PASSED] - delay(1): Delayed 1 second(s)

2020-04-24 08:34:47 - [MESSAGE][PASSED] - Delayed 1 second(s)

2020-04-24 08:34:47 - [TEST_STEP][PASSED] - verifyTextPresent("Directory Areas for Secure Directory Phone Numbers", false): Text 'Directory Areas for Secure Directory Phone Numbers' is present on page 

2020-04-24 08:34:50 - [MESSAGE][PASSED] - Text 'Directory Areas for Secure Directory Phone Numbers' is present on page 

2020-04-24 08:34:50 - [TEST_STEP][PASSED] - "----------------------------------------------": null

2020-04-24 08:34:50 - [TEST_STEP][PASSED] - verifyTextPresent("AREA", false): Text 'AREA' is present on page 

2020-04-24 08:34:54 - [MESSAGE][PASSED] - Text 'AREA' is present on page 

2020-04-24 08:34:54 - [TEST_STEP][PASSED] - verifyTextPresent("START EDITION", false): Text 'START EDITION' is present on page 

2020-04-24 08:34:56 - [MESSAGE][PASSED] - Text 'START EDITION' is present on page 

2020-04-24 08:34:56 - [TEST_STEP][PASSED] - verifyTextPresent("END EDITION", false): Text 'END EDITION' is present on page 

2020-04-24 08:34:59 - [MESSAGE][PASSED] - Text 'END EDITION' is present on page 

2020-04-24 08:34:59 - [TEST_STEP][PASSED] - verifyTextPresent("PHONE PREFIX", false): Text 'PHONE PREFIX' is present on page 

2020-04-24 08:35:01 - [MESSAGE][PASSED] - Text 'PHONE PREFIX' is present on page 

2020-04-24 08:35:01 - [TEST_STEP][PASSED] - verifyTextPresent("SECONDARY PHONE PREFIX", false): Text 'SECONDARY PHONE PREFIX' is present on page 

2020-04-24 08:35:02 - [MESSAGE][PASSED] - Text 'SECONDARY PHONE PREFIX' is present on page 

2020-04-24 08:35:02 - [TEST_STEP][PASSED] - "----------------------------------------------": null

2020-04-24 08:35:02 - [TEST_STEP][PASSED] - "----------------------------------------------": null

2020-04-24 08:35:02 - [TEST_STEP][PASSED] - "----------------------------------------------": null

2020-04-24 08:35:02 - [TEST_STEP][PASSED] - verifyTextPresent("Canterbury + Faversham", false): Text 'Canterbury + Faversham' is present on page 

2020-04-24 08:35:04 - [MESSAGE][PASSED] - Text 'Canterbury + Faversham' is present on page 

2020-04-24 08:35:04 - [TEST_STEP][PASSED] - verifyTextPresent("Lichfield + Rugeley", false): Text 'Lichfield + Rugeley' is present on page 

2020-04-24 08:35:05 - [MESSAGE][PASSED] - Text 'Lichfield + Rugeley' is present on page 

2020-04-24 08:35:05 - [TEST_STEP][PASSED] - verifyTextPresent("Chichester (East) + Bognor Regis (IF)", false): Text 'Chichester (East) + Bognor Regis (IF)' is present on page 

2020-04-24 08:35:06 - [MESSAGE][PASSED] - Text 'Chichester (East) + Bognor Regis (IF)' is present on page 

2020-04-24 08:35:06 - [TEST_STEP][PASSED] - verifyTextPresent("01438", false): Text '01438' is present on page 

2020-04-24 08:35:07 - [MESSAGE][PASSED] - Text '01438' is present on page 

2020-04-24 08:35:07 - [TEST_STEP][PASSED] - verifyTextPresent("01455", false): Text '01455' is present on page 

2020-04-24 08:35:09 - [MESSAGE][PASSED] - Text '01455' is present on page 

2020-04-24 08:35:09 - [TEST_STEP][PASSED] - verifyTextPresent("01661", false): Text '01661' is present on page 

2020-04-24 08:35:10 - [MESSAGE][PASSED] - Text '01661' is present on page 

2020-04-24 08:35:10 - [TEST_STEP][PASSED] - verifyTextPresent("01243", false): Text '01243' is present on page 

2020-04-24 08:35:10 - [MESSAGE][PASSED] - Text '01243' is present on page 

2020-04-24 08:35:10 - [MESSAGE][PASSED] - Call Test Case 'Test Cases/Reusable_Test_Sequences/Web_Office/Verification/Settings/Web_Office/Secure_Phone_Numbers' successfully

2020-04-24 08:35:10 - [TEST_STEP][PASSED] - "--------------------------": null

2020-04-24 08:35:10 - [TEST_STEP][PASSED] - " Teardown - CLose Browser |": null

2020-04-24 08:35:10 - [TEST_STEP][PASSED] - callTestCase(findTestCase("Reusable_Test_Sequences/CAT_Teardown"), [:], OPTIONAL): Call Test Case 'Test Cases/Reusable_Test_Sequences/CAT_Teardown' successfully

2020-04-24 08:35:10 - [TEST_CASE][PASSED] - Test Cases/Reusable_Test_Sequences/CAT_Teardown: Test Cases/Reusable_Test_Sequences/CAT_Teardown

2020-04-24 08:35:10 - [TEST_STEP][PASSED] - closeBrowser(): Browser is closed

2020-04-24 08:35:11 - [MESSAGE][PASSED] - Browser is closed

2020-04-24 08:35:11 - [TEST_STEP][PASSED] - super.finalize(): null

2020-04-24 08:35:11 - [TEST_STEP][PASSED] - System.gc(): null

2020-04-24 08:35:11 - [MESSAGE][PASSED] - Call Test Case 'Test Cases/Reusable_Test_Sequences/CAT_Teardown' successfully]]></system-out>
         <system-err><![CDATA[]]></system-err>
      </testcase>
      <testcase name="Test Cases/Web_Office/Settings/Web_Office/Holiday_Dates" time="16.804" classname="Test Cases/Web_Office/Settings/Web_Office/Holiday_Dates" status="PASSED">
         <system-out><![CDATA[2020-04-24 08:35:11 - [TEST_CASE][PASSED] - Test Cases/Web_Office/Settings/Web_Office/Holiday_Dates: Test Cases/Web_Office/Settings/Web_Office/Holiday_Dates

2020-04-24 08:35:12 - [TEST_STEP][PASSED] - "--------------------------------------": null

2020-04-24 08:35:12 - [TEST_STEP][PASSED] - " Web Office StartUp                  |": null

2020-04-24 08:35:12 - [TEST_STEP][PASSED] - callTestCase(findTestCase("Reusable_Test_Sequences/Web_Office/Directives/WebOffice_StartUp"), [:], STOP_ON_FAILURE): Call Test Case 'Test Cases/Reusable_Test_Sequences/Web_Office/Directives/WebOffice_StartUp' successfully

2020-04-24 08:35:12 - [TEST_CASE][PASSED] - Test Cases/Reusable_Test_Sequences/Web_Office/Directives/WebOffice_StartUp: Test Cases/Reusable_Test_Sequences/Web_Office/Directives/WebOffice_StartUp

2020-04-24 08:35:12 - [TEST_STEP][PASSED] - "-----------------------------------------------------------------------------": null

2020-04-24 08:35:12 - [TEST_STEP][PASSED] - if (URL == "https://www.dev.checkatrade.com/"): null

2020-04-24 08:35:12 - [TEST_STEP][PASSED] - "-----------------------------------------------------------------------------": null

2020-04-24 08:35:12 - [TEST_STEP][PASSED] - if (URL == "https://www.checkatrade.com/"): null

2020-04-24 08:35:12 - [TEST_STEP][PASSED] - "-----------------------------------------------------------------------------": null

2020-04-24 08:35:12 - [TEST_STEP][PASSED] - if (URL == "https://www.preview.checkatrade.com/"): null

2020-04-24 08:35:12 - [TEST_STEP][PASSED] - WebOfficeURL = "https://admin.preview.checkatrade.com/": null

2020-04-24 08:35:12 - [TEST_STEP][PASSED] - if (URL == "https://www.dev2.checkatrade.com/"): null

2020-04-24 08:35:12 - [TEST_STEP][PASSED] - "Set Function Area for "URL_Handler", URL Resolution": null

2020-04-24 08:35:12 - [TEST_STEP][PASSED] - "Do Some Magic with URL(s) See the comments within URL Handler ": null

2020-04-24 08:35:12 - [TEST_STEP][PASSED] - "------------------------------------------------": null

2020-04-24 08:35:12 - [TEST_STEP][PASSED] - "Moved Login Credentials to <Default> profile 22/01/2020": null

2020-04-24 08:35:12 - [TEST_STEP][PASSED] - "------------------------------------------------": null

2020-04-24 08:35:12 - [TEST_STEP][PASSED] - "WebOfficeURL - Set from the ENVIRONMENT PROFILE ": null

2020-04-24 08:35:12 - [TEST_STEP][PASSED] - "OPEN BROWSER": null

2020-04-24 08:35:12 - [TEST_STEP][PASSED] - "eg - https://admin.preview.checkatrade.com/  ": null

2020-04-24 08:35:12 - [TEST_STEP][PASSED] - openBrowser(WebOfficeURL): Browser is opened with url: 'https://admin.preview.checkatrade.com/'

2020-04-24 08:35:12 - [MESSAGE][INFO] - Starting 'Chrome' driver

2020-04-24 08:35:12 - [MESSAGE][INFO] - Action delay is set to 0 milliseconds

2020-04-24 08:35:17 - [MESSAGE][PASSED] - Browser is opened with url: 'https://admin.preview.checkatrade.com/'

2020-04-24 08:35:17 - [TEST_STEP][PASSED] - maximizeWindow(): Current window maximized

2020-04-24 08:35:19 - [MESSAGE][PASSED] - Current window maximized

2020-04-24 08:35:19 - [TEST_STEP][PASSED] - waitForElementClickable(findTestObject("Object Repository/WebOffice/Page_Checkatrade - Administration - Login/Login_Button"), 25): Object 'Object Repository/WebOffice/Page_Checkatrade - Administration - Login/Login_Button' is clickable

2020-04-24 08:35:19 - [MESSAGE][PASSED] - Object 'Object Repository/WebOffice/Page_Checkatrade - Administration - Login/Login_Button' is clickable

2020-04-24 08:35:19 - [TEST_STEP][PASSED] - verifyTextPresent("Checkatrade Web Office", false): Text 'Checkatrade Web Office' is present on page 

2020-04-24 08:35:19 - [MESSAGE][PASSED] - Text 'Checkatrade Web Office' is present on page 

2020-04-24 08:35:19 - [TEST_STEP][PASSED] - verifyTextPresent("Access for staff use only", false): Text 'Access for staff use only' is present on page 

2020-04-24 08:35:19 - [MESSAGE][PASSED] - Text 'Access for staff use only' is present on page 

2020-04-24 08:35:19 - [TEST_STEP][PASSED] - verifyTextPresent("Forgotten password?", false): Text 'Forgotten password?' is present on page 

2020-04-24 08:35:20 - [MESSAGE][PASSED] - Text 'Forgotten password?' is present on page 

2020-04-24 08:35:20 - [TEST_STEP][PASSED] - setText(findTestObject("Object Repository/WebOffice/Page_Checkatrade - Administration - Login/input_Username_LoginControlUserName"), wo_Username): Text 'DavidHo' is set on object 'Object Repository/WebOffice/Page_Checkatrade - Administration - Login/input_Username_LoginControlUserName'

2020-04-24 08:35:20 - [MESSAGE][PASSED] - Text 'DavidHo' is set on object 'Object Repository/WebOffice/Page_Checkatrade - Administration - Login/input_Username_LoginControlUserName'

2020-04-24 08:35:20 - [TEST_STEP][PASSED] - setText(findTestObject("Object Repository/WebOffice/Page_Checkatrade - Administration - Login/input_Password_LoginControlPassword"), wo_Password): Text 'Check123' is set on object 'Object Repository/WebOffice/Page_Checkatrade - Administration - Login/input_Password_LoginControlPassword'

2020-04-24 08:35:20 - [MESSAGE][PASSED] - Text 'Check123' is set on object 'Object Repository/WebOffice/Page_Checkatrade - Administration - Login/input_Password_LoginControlPassword'

2020-04-24 08:35:20 - [TEST_STEP][PASSED] - click(findTestObject("Object Repository/WebOffice/Page_Checkatrade - Administration - Login/Login_Button")): Object: 'Object Repository/WebOffice/Page_Checkatrade - Administration - Login/Login_Button' is clicked on

2020-04-24 08:35:21 - [MESSAGE][PASSED] - Object: 'Object Repository/WebOffice/Page_Checkatrade - Administration - Login/Login_Button' is clicked on

2020-04-24 08:35:21 - [TEST_STEP][PASSED] - waitForPageLoad(60): Wait for page load successfully

2020-04-24 08:35:21 - [MESSAGE][PASSED] - Wait for page load successfully

2020-04-24 08:35:21 - [TEST_STEP][PASSED] - verifyTextPresent("Welcome " + wo_Username, false): Text 'Welcome DavidHo' is present on page 

2020-04-24 08:35:22 - [MESSAGE][PASSED] - Text 'Welcome DavidHo' is present on page 

2020-04-24 08:35:22 - [MESSAGE][PASSED] - Call Test Case 'Test Cases/Reusable_Test_Sequences/Web_Office/Directives/WebOffice_StartUp' successfully

2020-04-24 08:35:22 - [TEST_STEP][PASSED] - "-----------------------------------------------------------------": null

2020-04-24 08:35:22 - [TEST_STEP][PASSED] - " Navigate to <Settings->Checkatrade.Com->Sub Item> Menu Item     |": null

2020-04-24 08:35:22 - [TEST_STEP][PASSED] - callTestCase(findTestCase("Reusable_Test_Sequences/Web_Office/Navigation/Sub_Menu_Navigation/Settings/Web_Office/Holiday_Dates"), [:], STOP_ON_FAILURE): Call Test Case 'Test Cases/Reusable_Test_Sequences/Web_Office/Navigation/Sub_Menu_Navigation/Settings/Web_Office/Holiday_Dates' successfully

2020-04-24 08:35:22 - [TEST_CASE][PASSED] - Test Cases/Reusable_Test_Sequences/Web_Office/Navigation/Sub_Menu_Navigation/Settings/Web_Office/Holiday_Dates: Test Cases/Reusable_Test_Sequences/Web_Office/Navigation/Sub_Menu_Navigation/Settings/Web_Office/Holiday_Dates

2020-04-24 08:35:22 - [TEST_STEP][PASSED] - "--------------------------------------": null

2020-04-24 08:35:22 - [TEST_STEP][PASSED] - " Navigate Top level menu Item         |": null

2020-04-24 08:35:22 - [TEST_STEP][PASSED] - waitForPageLoad(60): Wait for page load successfully

2020-04-24 08:35:22 - [MESSAGE][PASSED] - Wait for page load successfully

2020-04-24 08:35:22 - [TEST_STEP][PASSED] - waitForElementClickable(findTestObject("Object Repository/WebOffice_Home_page/a_Settings"), 60): Object 'Object Repository/WebOffice_Home_page/a_Settings' is clickable

2020-04-24 08:35:22 - [MESSAGE][PASSED] - Object 'Object Repository/WebOffice_Home_page/a_Settings' is clickable

2020-04-24 08:35:22 - [TEST_STEP][PASSED] - mouseOver(findTestObject("Object Repository/WebOffice_Home_page/a_Settings")): Object: 'Object Repository/WebOffice_Home_page/a_Settings' is hovered

2020-04-24 08:35:23 - [MESSAGE][PASSED] - Object: 'Object Repository/WebOffice_Home_page/a_Settings' is hovered

2020-04-24 08:35:23 - [TEST_STEP][PASSED] - mouseOver(findTestObject("Object Repository/WebOffice_Home_page/a_Web Office")): Object: 'Object Repository/WebOffice_Home_page/a_Web Office' is hovered

2020-04-24 08:35:23 - [MESSAGE][PASSED] - Object: 'Object Repository/WebOffice_Home_page/a_Web Office' is hovered

2020-04-24 08:35:23 - [TEST_STEP][PASSED] - waitForElementClickable(findTestObject("Object Repository/WebOffice_Home_page/a_Holiday Dates"), 1): Object 'Object Repository/WebOffice_Home_page/a_Holiday Dates' is clickable

2020-04-24 08:35:23 - [MESSAGE][PASSED] - Object 'Object Repository/WebOffice_Home_page/a_Holiday Dates' is clickable

2020-04-24 08:35:23 - [TEST_STEP][PASSED] - click(findTestObject("Object Repository/WebOffice_Home_page/a_Holiday Dates")): Object: 'Object Repository/WebOffice_Home_page/a_Holiday Dates' is clicked on

2020-04-24 08:35:24 - [MESSAGE][PASSED] - Object: 'Object Repository/WebOffice_Home_page/a_Holiday Dates' is clicked on

2020-04-24 08:35:24 - [MESSAGE][PASSED] - Call Test Case 'Test Cases/Reusable_Test_Sequences/Web_Office/Navigation/Sub_Menu_Navigation/Settings/Web_Office/Holiday_Dates' successfully

2020-04-24 08:35:24 - [TEST_STEP][PASSED] - "--------------------------------------": null

2020-04-24 08:35:24 - [TEST_STEP][PASSED] - " Verify Returned Page Detail          |": null

2020-04-24 08:35:24 - [TEST_STEP][PASSED] - callTestCase(findTestCase("Reusable_Test_Sequences/Web_Office/Verification/Settings/Web_Office/Holiday_Dates"), [:], OPTIONAL): Call Test Case 'Test Cases/Reusable_Test_Sequences/Web_Office/Verification/Settings/Web_Office/Holiday_Dates' successfully

2020-04-24 08:35:24 - [TEST_CASE][PASSED] - Test Cases/Reusable_Test_Sequences/Web_Office/Verification/Settings/Web_Office/Holiday_Dates: Test Cases/Reusable_Test_Sequences/Web_Office/Verification/Settings/Web_Office/Holiday_Dates

2020-04-24 08:35:24 - [TEST_STEP][PASSED] - waitForPageLoad(60): Wait for page load successfully

2020-04-24 08:35:24 - [MESSAGE][PASSED] - Wait for page load successfully

2020-04-24 08:35:24 - [TEST_STEP][PASSED] - delay(1): Delayed 1 second(s)

2020-04-24 08:35:25 - [MESSAGE][PASSED] - Delayed 1 second(s)

2020-04-24 08:35:25 - [TEST_STEP][PASSED] - verifyTextPresent("Holiday Dates", false): Text 'Holiday Dates' is present on page 

2020-04-24 08:35:26 - [MESSAGE][PASSED] - Text 'Holiday Dates' is present on page 

2020-04-24 08:35:26 - [TEST_STEP][PASSED] - "----------------------------------------------": null

2020-04-24 08:35:26 - [TEST_STEP][PASSED] - verifyTextPresent("2017", false): Text '2017' is present on page 

2020-04-24 08:35:27 - [MESSAGE][PASSED] - Text '2017' is present on page 

2020-04-24 08:35:27 - [TEST_STEP][PASSED] - verifyTextPresent("2018", false): Text '2018' is present on page 

2020-04-24 08:35:27 - [MESSAGE][PASSED] - Text '2018' is present on page 

2020-04-24 08:35:27 - [TEST_STEP][PASSED] - verifyTextPresent("2019", false): Text '2019' is present on page 

2020-04-24 08:35:27 - [MESSAGE][PASSED] - Text '2019' is present on page 

2020-04-24 08:35:27 - [TEST_STEP][PASSED] - verifyTextPresent("Submit", false): Text 'Submit' is present on page 

2020-04-24 08:35:27 - [MESSAGE][PASSED] - Text 'Submit' is present on page 

2020-04-24 08:35:27 - [MESSAGE][PASSED] - Call Test Case 'Test Cases/Reusable_Test_Sequences/Web_Office/Verification/Settings/Web_Office/Holiday_Dates' successfully

2020-04-24 08:35:27 - [TEST_STEP][PASSED] - "--------------------------": null

2020-04-24 08:35:27 - [TEST_STEP][PASSED] - " Teardown - CLose Browser |": null

2020-04-24 08:35:27 - [TEST_STEP][PASSED] - callTestCase(findTestCase("Reusable_Test_Sequences/CAT_Teardown"), [:], OPTIONAL): Call Test Case 'Test Cases/Reusable_Test_Sequences/CAT_Teardown' successfully

2020-04-24 08:35:27 - [TEST_CASE][PASSED] - Test Cases/Reusable_Test_Sequences/CAT_Teardown: Test Cases/Reusable_Test_Sequences/CAT_Teardown

2020-04-24 08:35:27 - [TEST_STEP][PASSED] - closeBrowser(): Browser is closed

2020-04-24 08:35:28 - [MESSAGE][PASSED] - Browser is closed

2020-04-24 08:35:28 - [TEST_STEP][PASSED] - super.finalize(): null

2020-04-24 08:35:28 - [TEST_STEP][PASSED] - System.gc(): null

2020-04-24 08:35:28 - [MESSAGE][PASSED] - Call Test Case 'Test Cases/Reusable_Test_Sequences/CAT_Teardown' successfully]]></system-out>
         <system-err><![CDATA[]]></system-err>
      </testcase>
      <testcase name="Test Cases/Web_Office/Settings/Web_Office/Spam_Blacklist" time="14.974" classname="Test Cases/Web_Office/Settings/Web_Office/Spam_Blacklist" status="PASSED">
         <system-out><![CDATA[2020-04-24 08:35:28 - [TEST_CASE][PASSED] - Test Cases/Web_Office/Settings/Web_Office/Spam_Blacklist: Test Cases/Web_Office/Settings/Web_Office/Spam_Blacklist

2020-04-24 08:35:28 - [TEST_STEP][PASSED] - "--------------------------------------": null

2020-04-24 08:35:28 - [TEST_STEP][PASSED] - " Web Office StartUp                  |": null

2020-04-24 08:35:28 - [TEST_STEP][PASSED] - callTestCase(findTestCase("Reusable_Test_Sequences/Web_Office/Directives/WebOffice_StartUp"), [:], STOP_ON_FAILURE): Call Test Case 'Test Cases/Reusable_Test_Sequences/Web_Office/Directives/WebOffice_StartUp' successfully

2020-04-24 08:35:28 - [TEST_CASE][PASSED] - Test Cases/Reusable_Test_Sequences/Web_Office/Directives/WebOffice_StartUp: Test Cases/Reusable_Test_Sequences/Web_Office/Directives/WebOffice_StartUp

2020-04-24 08:35:28 - [TEST_STEP][PASSED] - "-----------------------------------------------------------------------------": null

2020-04-24 08:35:28 - [TEST_STEP][PASSED] - if (URL == "https://www.dev.checkatrade.com/"): null

2020-04-24 08:35:28 - [TEST_STEP][PASSED] - "-----------------------------------------------------------------------------": null

2020-04-24 08:35:28 - [TEST_STEP][PASSED] - if (URL == "https://www.checkatrade.com/"): null

2020-04-24 08:35:28 - [TEST_STEP][PASSED] - "-----------------------------------------------------------------------------": null

2020-04-24 08:35:28 - [TEST_STEP][PASSED] - if (URL == "https://www.preview.checkatrade.com/"): null

2020-04-24 08:35:28 - [TEST_STEP][PASSED] - WebOfficeURL = "https://admin.preview.checkatrade.com/": null

2020-04-24 08:35:28 - [TEST_STEP][PASSED] - if (URL == "https://www.dev2.checkatrade.com/"): null

2020-04-24 08:35:28 - [TEST_STEP][PASSED] - "Set Function Area for "URL_Handler", URL Resolution": null

2020-04-24 08:35:28 - [TEST_STEP][PASSED] - "Do Some Magic with URL(s) See the comments within URL Handler ": null

2020-04-24 08:35:28 - [TEST_STEP][PASSED] - "------------------------------------------------": null

2020-04-24 08:35:28 - [TEST_STEP][PASSED] - "Moved Login Credentials to <Default> profile 22/01/2020": null

2020-04-24 08:35:28 - [TEST_STEP][PASSED] - "------------------------------------------------": null

2020-04-24 08:35:28 - [TEST_STEP][PASSED] - "WebOfficeURL - Set from the ENVIRONMENT PROFILE ": null

2020-04-24 08:35:28 - [TEST_STEP][PASSED] - "OPEN BROWSER": null

2020-04-24 08:35:28 - [TEST_STEP][PASSED] - "eg - https://admin.preview.checkatrade.com/  ": null

2020-04-24 08:35:28 - [TEST_STEP][PASSED] - openBrowser(WebOfficeURL): Browser is opened with url: 'https://admin.preview.checkatrade.com/'

2020-04-24 08:35:28 - [MESSAGE][INFO] - Starting 'Chrome' driver

2020-04-24 08:35:28 - [MESSAGE][INFO] - Action delay is set to 0 milliseconds

2020-04-24 08:35:33 - [MESSAGE][PASSED] - Browser is opened with url: 'https://admin.preview.checkatrade.com/'

2020-04-24 08:35:33 - [TEST_STEP][PASSED] - maximizeWindow(): Current window maximized

2020-04-24 08:35:35 - [MESSAGE][PASSED] - Current window maximized

2020-04-24 08:35:35 - [TEST_STEP][PASSED] - waitForElementClickable(findTestObject("Object Repository/WebOffice/Page_Checkatrade - Administration - Login/Login_Button"), 25): Object 'Object Repository/WebOffice/Page_Checkatrade - Administration - Login/Login_Button' is clickable

2020-04-24 08:35:35 - [MESSAGE][PASSED] - Object 'Object Repository/WebOffice/Page_Checkatrade - Administration - Login/Login_Button' is clickable

2020-04-24 08:35:35 - [TEST_STEP][PASSED] - verifyTextPresent("Checkatrade Web Office", false): Text 'Checkatrade Web Office' is present on page 

2020-04-24 08:35:35 - [MESSAGE][PASSED] - Text 'Checkatrade Web Office' is present on page 

2020-04-24 08:35:35 - [TEST_STEP][PASSED] - verifyTextPresent("Access for staff use only", false): Text 'Access for staff use only' is present on page 

2020-04-24 08:35:36 - [MESSAGE][PASSED] - Text 'Access for staff use only' is present on page 

2020-04-24 08:35:36 - [TEST_STEP][PASSED] - verifyTextPresent("Forgotten password?", false): Text 'Forgotten password?' is present on page 

2020-04-24 08:35:36 - [MESSAGE][PASSED] - Text 'Forgotten password?' is present on page 

2020-04-24 08:35:36 - [TEST_STEP][PASSED] - setText(findTestObject("Object Repository/WebOffice/Page_Checkatrade - Administration - Login/input_Username_LoginControlUserName"), wo_Username): Text 'DavidHo' is set on object 'Object Repository/WebOffice/Page_Checkatrade - Administration - Login/input_Username_LoginControlUserName'

2020-04-24 08:35:36 - [MESSAGE][PASSED] - Text 'DavidHo' is set on object 'Object Repository/WebOffice/Page_Checkatrade - Administration - Login/input_Username_LoginControlUserName'

2020-04-24 08:35:36 - [TEST_STEP][PASSED] - setText(findTestObject("Object Repository/WebOffice/Page_Checkatrade - Administration - Login/input_Password_LoginControlPassword"), wo_Password): Text 'Check123' is set on object 'Object Repository/WebOffice/Page_Checkatrade - Administration - Login/input_Password_LoginControlPassword'

2020-04-24 08:35:36 - [MESSAGE][PASSED] - Text 'Check123' is set on object 'Object Repository/WebOffice/Page_Checkatrade - Administration - Login/input_Password_LoginControlPassword'

2020-04-24 08:35:36 - [TEST_STEP][PASSED] - click(findTestObject("Object Repository/WebOffice/Page_Checkatrade - Administration - Login/Login_Button")): Object: 'Object Repository/WebOffice/Page_Checkatrade - Administration - Login/Login_Button' is clicked on

2020-04-24 08:35:37 - [MESSAGE][PASSED] - Object: 'Object Repository/WebOffice/Page_Checkatrade - Administration - Login/Login_Button' is clicked on

2020-04-24 08:35:37 - [TEST_STEP][PASSED] - waitForPageLoad(60): Wait for page load successfully

2020-04-24 08:35:37 - [MESSAGE][PASSED] - Wait for page load successfully

2020-04-24 08:35:37 - [TEST_STEP][PASSED] - verifyTextPresent("Welcome " + wo_Username, false): Text 'Welcome DavidHo' is present on page 

2020-04-24 08:35:37 - [MESSAGE][PASSED] - Text 'Welcome DavidHo' is present on page 

2020-04-24 08:35:37 - [MESSAGE][PASSED] - Call Test Case 'Test Cases/Reusable_Test_Sequences/Web_Office/Directives/WebOffice_StartUp' successfully

2020-04-24 08:35:37 - [TEST_STEP][PASSED] - "-----------------------------------------------------------------": null

2020-04-24 08:35:37 - [TEST_STEP][PASSED] - " Navigate to <Settings->Checkatrade.Com->Sub Item> Menu Item     |": null

2020-04-24 08:35:37 - [TEST_STEP][PASSED] - callTestCase(findTestCase("Reusable_Test_Sequences/Web_Office/Navigation/Sub_Menu_Navigation/Settings/Web_Office/Spam_Blacklist"), [:], STOP_ON_FAILURE): Call Test Case 'Test Cases/Reusable_Test_Sequences/Web_Office/Navigation/Sub_Menu_Navigation/Settings/Web_Office/Spam_Blacklist' successfully

2020-04-24 08:35:37 - [TEST_CASE][PASSED] - Test Cases/Reusable_Test_Sequences/Web_Office/Navigation/Sub_Menu_Navigation/Settings/Web_Office/Spam_Blacklist: Test Cases/Reusable_Test_Sequences/Web_Office/Navigation/Sub_Menu_Navigation/Settings/Web_Office/Spam_Blacklist

2020-04-24 08:35:37 - [TEST_STEP][PASSED] - "--------------------------------------": null

2020-04-24 08:35:37 - [TEST_STEP][PASSED] - " Navigate Top level menu Item         |": null

2020-04-24 08:35:37 - [TEST_STEP][PASSED] - waitForPageLoad(60): Wait for page load successfully

2020-04-24 08:35:37 - [MESSAGE][PASSED] - Wait for page load successfully

2020-04-24 08:35:37 - [TEST_STEP][PASSED] - waitForElementClickable(findTestObject("Object Repository/WebOffice_Home_page/a_Settings"), 60): Object 'Object Repository/WebOffice_Home_page/a_Settings' is clickable

2020-04-24 08:35:38 - [MESSAGE][PASSED] - Object 'Object Repository/WebOffice_Home_page/a_Settings' is clickable

2020-04-24 08:35:38 - [TEST_STEP][PASSED] - mouseOver(findTestObject("Object Repository/WebOffice_Home_page/a_Settings")): Object: 'Object Repository/WebOffice_Home_page/a_Settings' is hovered

2020-04-24 08:35:38 - [MESSAGE][PASSED] - Object: 'Object Repository/WebOffice_Home_page/a_Settings' is hovered

2020-04-24 08:35:38 - [TEST_STEP][PASSED] - mouseOver(findTestObject("Object Repository/WebOffice_Home_page/a_Web Office")): Object: 'Object Repository/WebOffice_Home_page/a_Web Office' is hovered

2020-04-24 08:35:38 - [MESSAGE][PASSED] - Object: 'Object Repository/WebOffice_Home_page/a_Web Office' is hovered

2020-04-24 08:35:38 - [TEST_STEP][PASSED] - waitForElementClickable(findTestObject("Object Repository/WebOffice_Home_page/a_Spam Blacklist"), 1): Object 'Object Repository/WebOffice_Home_page/a_Spam Blacklist' is clickable

2020-04-24 08:35:38 - [MESSAGE][PASSED] - Object 'Object Repository/WebOffice_Home_page/a_Spam Blacklist' is clickable

2020-04-24 08:35:38 - [TEST_STEP][PASSED] - click(findTestObject("Object Repository/WebOffice_Home_page/a_Spam Blacklist")): Object: 'Object Repository/WebOffice_Home_page/a_Spam Blacklist' is clicked on

2020-04-24 08:35:39 - [MESSAGE][PASSED] - Object: 'Object Repository/WebOffice_Home_page/a_Spam Blacklist' is clicked on

2020-04-24 08:35:39 - [MESSAGE][PASSED] - Call Test Case 'Test Cases/Reusable_Test_Sequences/Web_Office/Navigation/Sub_Menu_Navigation/Settings/Web_Office/Spam_Blacklist' successfully

2020-04-24 08:35:39 - [TEST_STEP][PASSED] - "--------------------------------------": null

2020-04-24 08:35:39 - [TEST_STEP][PASSED] - " Verify Returned Page Detail          |": null

2020-04-24 08:35:39 - [TEST_STEP][PASSED] - callTestCase(findTestCase("Reusable_Test_Sequences/Web_Office/Verification/Settings/Web_Office/Spam_Blacklist"), [:], OPTIONAL): Call Test Case 'Test Cases/Reusable_Test_Sequences/Web_Office/Verification/Settings/Web_Office/Spam_Blacklist' successfully

2020-04-24 08:35:39 - [TEST_CASE][PASSED] - Test Cases/Reusable_Test_Sequences/Web_Office/Verification/Settings/Web_Office/Spam_Blacklist: Test Cases/Reusable_Test_Sequences/Web_Office/Verification/Settings/Web_Office/Spam_Blacklist

2020-04-24 08:35:39 - [TEST_STEP][PASSED] - waitForPageLoad(60): Wait for page load successfully

2020-04-24 08:35:39 - [MESSAGE][PASSED] - Wait for page load successfully

2020-04-24 08:35:39 - [TEST_STEP][PASSED] - delay(1): Delayed 1 second(s)

2020-04-24 08:35:40 - [MESSAGE][PASSED] - Delayed 1 second(s)

2020-04-24 08:35:40 - [TEST_STEP][PASSED] - verifyTextPresent("Edit Spam Blacklist", false): Text 'Edit Spam Blacklist' is present on page 

2020-04-24 08:35:40 - [MESSAGE][PASSED] - Text 'Edit Spam Blacklist' is present on page 

2020-04-24 08:35:40 - [TEST_STEP][PASSED] - "----------------------------------------------": null

2020-04-24 08:35:40 - [TEST_STEP][PASSED] - verifyTextPresent("Email address", false): Text 'Email address' is present on page 

2020-04-24 08:35:41 - [MESSAGE][PASSED] - Text 'Email address' is present on page 

2020-04-24 08:35:41 - [TEST_STEP][PASSED] - "----------------------------------------------": null

2020-04-24 08:35:41 - [TEST_STEP][PASSED] - verifyTextPresent("Edit Source", false): Text 'Edit Source' is present on page 

2020-04-24 08:35:41 - [MESSAGE][PASSED] - Text 'Edit Source' is present on page 

2020-04-24 08:35:41 - [TEST_STEP][PASSED] - verifyTextPresent("annie.holt@homeinstead.co.uk", false): Text 'annie.holt@homeinstead.co.uk' is present on page 

2020-04-24 08:35:41 - [MESSAGE][PASSED] - Text 'annie.holt@homeinstead.co.uk' is present on page 

2020-04-24 08:35:41 - [TEST_STEP][PASSED] - verifyTextPresent("Johnthetyler@gmail.com", false): Text 'Johnthetyler@gmail.com' is present on page 

2020-04-24 08:35:41 - [MESSAGE][PASSED] - Text 'Johnthetyler@gmail.com' is present on page 

2020-04-24 08:35:41 - [TEST_STEP][PASSED] - verifyTextPresent("contracts@justsolutions.org.uk", false): Text 'contracts@justsolutions.org.uk' is present on page 

2020-04-24 08:35:42 - [MESSAGE][PASSED] - Text 'contracts@justsolutions.org.uk' is present on page 

2020-04-24 08:35:42 - [TEST_STEP][PASSED] - verifyTextPresent("kjseabright@gmail.com", false): Text 'kjseabright@gmail.com' is present on page 

2020-04-24 08:35:42 - [MESSAGE][PASSED] - Text 'kjseabright@gmail.com' is present on page 

2020-04-24 08:35:42 - [TEST_STEP][PASSED] - verifyTextPresent("Lauraturner@live.co.uk", false): Text 'Lauraturner@live.co.uk' is present on page 

2020-04-24 08:35:42 - [MESSAGE][PASSED] - Text 'Lauraturner@live.co.uk' is present on page 

2020-04-24 08:35:42 - [MESSAGE][PASSED] - Call Test Case 'Test Cases/Reusable_Test_Sequences/Web_Office/Verification/Settings/Web_Office/Spam_Blacklist' successfully

2020-04-24 08:35:42 - [TEST_STEP][PASSED] - "--------------------------": null

2020-04-24 08:35:42 - [TEST_STEP][PASSED] - " Teardown - CLose Browser |": null

2020-04-24 08:35:42 - [TEST_STEP][PASSED] - callTestCase(findTestCase("Reusable_Test_Sequences/CAT_Teardown"), [:], OPTIONAL): Call Test Case 'Test Cases/Reusable_Test_Sequences/CAT_Teardown' successfully

2020-04-24 08:35:42 - [TEST_CASE][PASSED] - Test Cases/Reusable_Test_Sequences/CAT_Teardown: Test Cases/Reusable_Test_Sequences/CAT_Teardown

2020-04-24 08:35:42 - [TEST_STEP][PASSED] - closeBrowser(): Browser is closed

2020-04-24 08:35:43 - [MESSAGE][PASSED] - Browser is closed

2020-04-24 08:35:43 - [TEST_STEP][PASSED] - super.finalize(): null

2020-04-24 08:35:43 - [TEST_STEP][PASSED] - System.gc(): null

2020-04-24 08:35:43 - [MESSAGE][PASSED] - Call Test Case 'Test Cases/Reusable_Test_Sequences/CAT_Teardown' successfully]]></system-out>
         <system-err><![CDATA[]]></system-err>
      </testcase>
      <testcase name="Test Cases/Web_Office/Settings/Web_Office/Vetting_Schemes" time="18.883" classname="Test Cases/Web_Office/Settings/Web_Office/Vetting_Schemes" status="PASSED">
         <system-out><![CDATA[2020-04-24 08:35:43 - [TEST_CASE][PASSED] - Test Cases/Web_Office/Settings/Web_Office/Vetting_Schemes: Test Cases/Web_Office/Settings/Web_Office/Vetting_Schemes

2020-04-24 08:35:43 - [TEST_STEP][PASSED] - "--------------------------------------": null

2020-04-24 08:35:43 - [TEST_STEP][PASSED] - " Web Office StartUp                  |": null

2020-04-24 08:35:43 - [TEST_STEP][PASSED] - callTestCase(findTestCase("Reusable_Test_Sequences/Web_Office/Directives/WebOffice_StartUp"), [:], STOP_ON_FAILURE): Call Test Case 'Test Cases/Reusable_Test_Sequences/Web_Office/Directives/WebOffice_StartUp' successfully

2020-04-24 08:35:43 - [TEST_CASE][PASSED] - Test Cases/Reusable_Test_Sequences/Web_Office/Directives/WebOffice_StartUp: Test Cases/Reusable_Test_Sequences/Web_Office/Directives/WebOffice_StartUp

2020-04-24 08:35:43 - [TEST_STEP][PASSED] - "-----------------------------------------------------------------------------": null

2020-04-24 08:35:43 - [TEST_STEP][PASSED] - if (URL == "https://www.dev.checkatrade.com/"): null

2020-04-24 08:35:43 - [TEST_STEP][PASSED] - "-----------------------------------------------------------------------------": null

2020-04-24 08:35:43 - [TEST_STEP][PASSED] - if (URL == "https://www.checkatrade.com/"): null

2020-04-24 08:35:43 - [TEST_STEP][PASSED] - "-----------------------------------------------------------------------------": null

2020-04-24 08:35:43 - [TEST_STEP][PASSED] - if (URL == "https://www.preview.checkatrade.com/"): null

2020-04-24 08:35:43 - [TEST_STEP][PASSED] - WebOfficeURL = "https://admin.preview.checkatrade.com/": null

2020-04-24 08:35:43 - [TEST_STEP][PASSED] - if (URL == "https://www.dev2.checkatrade.com/"): null

2020-04-24 08:35:43 - [TEST_STEP][PASSED] - "Set Function Area for "URL_Handler", URL Resolution": null

2020-04-24 08:35:43 - [TEST_STEP][PASSED] - "Do Some Magic with URL(s) See the comments within URL Handler ": null

2020-04-24 08:35:43 - [TEST_STEP][PASSED] - "------------------------------------------------": null

2020-04-24 08:35:43 - [TEST_STEP][PASSED] - "Moved Login Credentials to <Default> profile 22/01/2020": null

2020-04-24 08:35:43 - [TEST_STEP][PASSED] - "------------------------------------------------": null

2020-04-24 08:35:43 - [TEST_STEP][PASSED] - "WebOfficeURL - Set from the ENVIRONMENT PROFILE ": null

2020-04-24 08:35:43 - [TEST_STEP][PASSED] - "OPEN BROWSER": null

2020-04-24 08:35:43 - [TEST_STEP][PASSED] - "eg - https://admin.preview.checkatrade.com/  ": null

2020-04-24 08:35:43 - [TEST_STEP][PASSED] - openBrowser(WebOfficeURL): Browser is opened with url: 'https://admin.preview.checkatrade.com/'

2020-04-24 08:35:43 - [MESSAGE][INFO] - Starting 'Chrome' driver

2020-04-24 08:35:43 - [MESSAGE][INFO] - Action delay is set to 0 milliseconds

2020-04-24 08:35:48 - [MESSAGE][PASSED] - Browser is opened with url: 'https://admin.preview.checkatrade.com/'

2020-04-24 08:35:48 - [TEST_STEP][PASSED] - maximizeWindow(): Current window maximized

2020-04-24 08:35:50 - [MESSAGE][PASSED] - Current window maximized

2020-04-24 08:35:50 - [TEST_STEP][PASSED] - waitForElementClickable(findTestObject("Object Repository/WebOffice/Page_Checkatrade - Administration - Login/Login_Button"), 25): Object 'Object Repository/WebOffice/Page_Checkatrade - Administration - Login/Login_Button' is clickable

2020-04-24 08:35:50 - [MESSAGE][PASSED] - Object 'Object Repository/WebOffice/Page_Checkatrade - Administration - Login/Login_Button' is clickable

2020-04-24 08:35:50 - [TEST_STEP][PASSED] - verifyTextPresent("Checkatrade Web Office", false): Text 'Checkatrade Web Office' is present on page 

2020-04-24 08:35:50 - [MESSAGE][PASSED] - Text 'Checkatrade Web Office' is present on page 

2020-04-24 08:35:50 - [TEST_STEP][PASSED] - verifyTextPresent("Access for staff use only", false): Text 'Access for staff use only' is present on page 

2020-04-24 08:35:50 - [MESSAGE][PASSED] - Text 'Access for staff use only' is present on page 

2020-04-24 08:35:50 - [TEST_STEP][PASSED] - verifyTextPresent("Forgotten password?", false): Text 'Forgotten password?' is present on page 

2020-04-24 08:35:50 - [MESSAGE][PASSED] - Text 'Forgotten password?' is present on page 

2020-04-24 08:35:50 - [TEST_STEP][PASSED] - setText(findTestObject("Object Repository/WebOffice/Page_Checkatrade - Administration - Login/input_Username_LoginControlUserName"), wo_Username): Text 'DavidHo' is set on object 'Object Repository/WebOffice/Page_Checkatrade - Administration - Login/input_Username_LoginControlUserName'

2020-04-24 08:35:50 - [MESSAGE][PASSED] - Text 'DavidHo' is set on object 'Object Repository/WebOffice/Page_Checkatrade - Administration - Login/input_Username_LoginControlUserName'

2020-04-24 08:35:50 - [TEST_STEP][PASSED] - setText(findTestObject("Object Repository/WebOffice/Page_Checkatrade - Administration - Login/input_Password_LoginControlPassword"), wo_Password): Text 'Check123' is set on object 'Object Repository/WebOffice/Page_Checkatrade - Administration - Login/input_Password_LoginControlPassword'

2020-04-24 08:35:51 - [MESSAGE][PASSED] - Text 'Check123' is set on object 'Object Repository/WebOffice/Page_Checkatrade - Administration - Login/input_Password_LoginControlPassword'

2020-04-24 08:35:51 - [TEST_STEP][PASSED] - click(findTestObject("Object Repository/WebOffice/Page_Checkatrade - Administration - Login/Login_Button")): Object: 'Object Repository/WebOffice/Page_Checkatrade - Administration - Login/Login_Button' is clicked on

2020-04-24 08:35:51 - [MESSAGE][PASSED] - Object: 'Object Repository/WebOffice/Page_Checkatrade - Administration - Login/Login_Button' is clicked on

2020-04-24 08:35:51 - [TEST_STEP][PASSED] - waitForPageLoad(60): Wait for page load successfully

2020-04-24 08:35:51 - [MESSAGE][PASSED] - Wait for page load successfully

2020-04-24 08:35:51 - [TEST_STEP][PASSED] - verifyTextPresent("Welcome " + wo_Username, false): Text 'Welcome DavidHo' is present on page 

2020-04-24 08:35:52 - [MESSAGE][PASSED] - Text 'Welcome DavidHo' is present on page 

2020-04-24 08:35:52 - [MESSAGE][PASSED] - Call Test Case 'Test Cases/Reusable_Test_Sequences/Web_Office/Directives/WebOffice_StartUp' successfully

2020-04-24 08:35:52 - [TEST_STEP][PASSED] - "-----------------------------------------------------------------": null

2020-04-24 08:35:52 - [TEST_STEP][PASSED] - " Navigate to <Settings->Checkatrade.Com->Sub Item> Menu Item     |": null

2020-04-24 08:35:52 - [TEST_STEP][PASSED] - callTestCase(findTestCase("Reusable_Test_Sequences/Web_Office/Navigation/Sub_Menu_Navigation/Settings/Web_Office/Vetting_Schemes"), [:], STOP_ON_FAILURE): Call Test Case 'Test Cases/Reusable_Test_Sequences/Web_Office/Navigation/Sub_Menu_Navigation/Settings/Web_Office/Vetting_Schemes' successfully

2020-04-24 08:35:52 - [TEST_CASE][PASSED] - Test Cases/Reusable_Test_Sequences/Web_Office/Navigation/Sub_Menu_Navigation/Settings/Web_Office/Vetting_Schemes: Test Cases/Reusable_Test_Sequences/Web_Office/Navigation/Sub_Menu_Navigation/Settings/Web_Office/Vetting_Schemes

2020-04-24 08:35:52 - [TEST_STEP][PASSED] - "--------------------------------------": null

2020-04-24 08:35:52 - [TEST_STEP][PASSED] - " Navigate Top level menu Item         |": null

2020-04-24 08:35:52 - [TEST_STEP][PASSED] - waitForPageLoad(60): Wait for page load successfully

2020-04-24 08:35:52 - [MESSAGE][PASSED] - Wait for page load successfully

2020-04-24 08:35:52 - [TEST_STEP][PASSED] - waitForElementClickable(findTestObject("Object Repository/WebOffice_Home_page/a_Settings"), 60): Object 'Object Repository/WebOffice_Home_page/a_Settings' is clickable

2020-04-24 08:35:52 - [MESSAGE][PASSED] - Object 'Object Repository/WebOffice_Home_page/a_Settings' is clickable

2020-04-24 08:35:52 - [TEST_STEP][PASSED] - mouseOver(findTestObject("Object Repository/WebOffice_Home_page/a_Settings")): Object: 'Object Repository/WebOffice_Home_page/a_Settings' is hovered

2020-04-24 08:35:52 - [MESSAGE][PASSED] - Object: 'Object Repository/WebOffice_Home_page/a_Settings' is hovered

2020-04-24 08:35:52 - [TEST_STEP][PASSED] - mouseOver(findTestObject("Object Repository/WebOffice_Home_page/a_Web Office")): Object: 'Object Repository/WebOffice_Home_page/a_Web Office' is hovered

2020-04-24 08:35:53 - [MESSAGE][PASSED] - Object: 'Object Repository/WebOffice_Home_page/a_Web Office' is hovered

2020-04-24 08:35:53 - [TEST_STEP][PASSED] - waitForElementClickable(findTestObject("Object Repository/WebOffice_Home_page/a_Vetting Schemes"), 1): Object 'Object Repository/WebOffice_Home_page/a_Vetting Schemes' is clickable

2020-04-24 08:35:53 - [MESSAGE][PASSED] - Object 'Object Repository/WebOffice_Home_page/a_Vetting Schemes' is clickable

2020-04-24 08:35:53 - [TEST_STEP][PASSED] - click(findTestObject("Object Repository/WebOffice_Home_page/a_Vetting Schemes")): Object: 'Object Repository/WebOffice_Home_page/a_Vetting Schemes' is clicked on

2020-04-24 08:35:53 - [MESSAGE][PASSED] - Object: 'Object Repository/WebOffice_Home_page/a_Vetting Schemes' is clicked on

2020-04-24 08:35:53 - [MESSAGE][PASSED] - Call Test Case 'Test Cases/Reusable_Test_Sequences/Web_Office/Navigation/Sub_Menu_Navigation/Settings/Web_Office/Vetting_Schemes' successfully

2020-04-24 08:35:53 - [TEST_STEP][PASSED] - "--------------------------------------": null

2020-04-24 08:35:53 - [TEST_STEP][PASSED] - " Verify Returned Page Detail          |": null

2020-04-24 08:35:53 - [TEST_STEP][PASSED] - callTestCase(findTestCase("Reusable_Test_Sequences/Web_Office/Verification/Settings/Web_Office/Vetting_Schemes"), [:], OPTIONAL): Call Test Case 'Test Cases/Reusable_Test_Sequences/Web_Office/Verification/Settings/Web_Office/Vetting_Schemes' successfully

2020-04-24 08:35:53 - [TEST_CASE][PASSED] - Test Cases/Reusable_Test_Sequences/Web_Office/Verification/Settings/Web_Office/Vetting_Schemes: Test Cases/Reusable_Test_Sequences/Web_Office/Verification/Settings/Web_Office/Vetting_Schemes

2020-04-24 08:35:54 - [TEST_STEP][PASSED] - waitForPageLoad(60): Wait for page load successfully

2020-04-24 08:35:54 - [MESSAGE][PASSED] - Wait for page load successfully

2020-04-24 08:35:54 - [TEST_STEP][PASSED] - delay(1): Delayed 1 second(s)

2020-04-24 08:35:55 - [MESSAGE][PASSED] - Delayed 1 second(s)

2020-04-24 08:35:55 - [TEST_STEP][PASSED] - verifyTextPresent("Vetting Schemes", false): Text 'Vetting Schemes' is present on page 

2020-04-24 08:35:55 - [MESSAGE][PASSED] - Text 'Vetting Schemes' is present on page 

2020-04-24 08:35:55 - [TEST_STEP][PASSED] - "----------------------------------------------": null

2020-04-24 08:35:55 - [TEST_STEP][PASSED] - verifyTextPresent("Active schemes", false): Text 'Active schemes' is present on page 

2020-04-24 08:35:55 - [MESSAGE][PASSED] - Text 'Active schemes' is present on page 

2020-04-24 08:35:55 - [TEST_STEP][PASSED] - verifyTextPresent("Archived schemes", false): Text 'Archived schemes' is present on page 

2020-04-24 08:35:56 - [MESSAGE][PASSED] - Text 'Archived schemes' is present on page 

2020-04-24 08:35:56 - [TEST_STEP][PASSED] - "----------------------------------------------": null

2020-04-24 08:35:56 - [TEST_STEP][PASSED] - verifyTextPresent("CHECK", false): Text 'CHECK' is present on page 

2020-04-24 08:35:56 - [MESSAGE][PASSED] - Text 'CHECK' is present on page 

2020-04-24 08:35:56 - [TEST_STEP][PASSED] - verifyTextPresent("DESCRIPTION", false): Text 'DESCRIPTION' is present on page 

2020-04-24 08:35:56 - [MESSAGE][PASSED] - Text 'DESCRIPTION' is present on page 

2020-04-24 08:35:56 - [TEST_STEP][PASSED] - verifyTextPresent("CHECKATRADE", false): Text 'CHECKATRADE' is present on page 

2020-04-24 08:35:57 - [MESSAGE][PASSED] - Text 'CHECKATRADE' is present on page 

2020-04-24 08:35:57 - [TEST_STEP][PASSED] - verifyTextPresent("KENT TSA", false): Text 'KENT TSA' is present on page 

2020-04-24 08:35:57 - [MESSAGE][PASSED] - Text 'KENT TSA' is present on page 

2020-04-24 08:35:57 - [TEST_STEP][PASSED] - verifyTextPresent("BUCKINGHAMSHIRE AND SURREY TSA", false): Text 'BUCKINGHAMSHIRE AND SURREY TSA' is present on page 

2020-04-24 08:35:57 - [MESSAGE][PASSED] - Text 'BUCKINGHAMSHIRE AND SURREY TSA' is present on page 

2020-04-24 08:35:57 - [TEST_STEP][PASSED] - verifyTextPresent("NOTTINGHAMSHIRE TSA", false): Text 'NOTTINGHAMSHIRE TSA' is present on page 

2020-04-24 08:35:57 - [MESSAGE][PASSED] - Text 'NOTTINGHAMSHIRE TSA' is present on page 

2020-04-24 08:35:57 - [TEST_STEP][PASSED] - verifyTextPresent("BROMLEY TSA", false): Text 'BROMLEY TSA' is present on page 

2020-04-24 08:35:58 - [MESSAGE][PASSED] - Text 'BROMLEY TSA' is present on page 

2020-04-24 08:35:58 - [TEST_STEP][PASSED] - verifyTextPresent("SUFFOLK TSA", false): Text 'SUFFOLK TSA' is present on page 

2020-04-24 08:35:58 - [MESSAGE][PASSED] - Text 'SUFFOLK TSA' is present on page 

2020-04-24 08:35:58 - [TEST_STEP][PASSED] - verifyTextPresent("EAST SUSSEX TSA", false): Text 'EAST SUSSEX TSA' is present on page 

2020-04-24 08:35:58 - [MESSAGE][PASSED] - Text 'EAST SUSSEX TSA' is present on page 

2020-04-24 08:35:58 - [TEST_STEP][PASSED] - verifyTextPresent("NOTTINGHAM CITY TSA", false): Text 'NOTTINGHAM CITY TSA' is present on page 

2020-04-24 08:35:58 - [MESSAGE][PASSED] - Text 'NOTTINGHAM CITY TSA' is present on page 

2020-04-24 08:35:58 - [TEST_STEP][PASSED] - verifyTextPresent("FOC", false): Text 'FOC' is present on page 

2020-04-24 08:35:59 - [MESSAGE][PASSED] - Text 'FOC' is present on page 

2020-04-24 08:35:59 - [TEST_STEP][PASSED] - verifyTextPresent("WORCESTERSHIRE TSA", false): Text 'WORCESTERSHIRE TSA' is present on page 

2020-04-24 08:35:59 - [MESSAGE][PASSED] - Text 'WORCESTERSHIRE TSA' is present on page 

2020-04-24 08:35:59 - [TEST_STEP][PASSED] - "----------------------------------------------": null

2020-04-24 08:35:59 - [TEST_STEP][PASSED] - verifyTextPresent("Accreditations", false): Text 'Accreditations' is present on page 

2020-04-24 08:35:59 - [MESSAGE][PASSED] - Text 'Accreditations' is present on page 

2020-04-24 08:35:59 - [TEST_STEP][PASSED] - verifyTextPresent("If accreditations are required for chosen work category, confirm with uploaded document", false): Text 'If accreditations are required for chosen work category, confirm with uploaded document' is present on page 

2020-04-24 08:35:59 - [MESSAGE][PASSED] - Text 'If accreditations are required for chosen work category, confirm with uploaded document' is present on page 

2020-04-24 08:35:59 - [TEST_STEP][PASSED] - verifyTextPresent("County Court Judgements", false): Text 'County Court Judgements' is present on page 

2020-04-24 08:36:00 - [MESSAGE][PASSED] - Text 'County Court Judgements' is present on page 

2020-04-24 08:36:00 - [TEST_STEP][PASSED] - verifyTextPresent("Check for County Court Judgements", false): Text 'Check for County Court Judgements' is present on page 

2020-04-24 08:36:00 - [MESSAGE][PASSED] - Text 'Check for County Court Judgements' is present on page 

2020-04-24 08:36:00 - [TEST_STEP][PASSED] - verifyTextPresent("Trading Standards Consent", false): Text 'Trading Standards Consent' is present on page 

2020-04-24 08:36:00 - [MESSAGE][PASSED] - Text 'Trading Standards Consent' is present on page 

2020-04-24 08:36:00 - [TEST_STEP][PASSED] - verifyTextPresent("Company agrees to data sharing with Trading Standards", false): Text 'Company agrees to data sharing with Trading Standards' is present on page 

2020-04-24 08:36:01 - [MESSAGE][PASSED] - Text 'Company agrees to data sharing with Trading Standards' is present on page 

2020-04-24 08:36:01 - [TEST_STEP][PASSED] - verifyTextPresent("Duplicate Check process step is done", false): Text 'Duplicate Check process step is done' is present on page 

2020-04-24 08:36:01 - [MESSAGE][PASSED] - Text 'Duplicate Check process step is done' is present on page 

2020-04-24 08:36:01 - [MESSAGE][PASSED] - Call Test Case 'Test Cases/Reusable_Test_Sequences/Web_Office/Verification/Settings/Web_Office/Vetting_Schemes' successfully

2020-04-24 08:36:01 - [TEST_STEP][PASSED] - "--------------------------": null

2020-04-24 08:36:01 - [TEST_STEP][PASSED] - " Teardown - CLose Browser |": null

2020-04-24 08:36:01 - [TEST_STEP][PASSED] - callTestCase(findTestCase("Reusable_Test_Sequences/CAT_Teardown"), [:], OPTIONAL): Call Test Case 'Test Cases/Reusable_Test_Sequences/CAT_Teardown' successfully

2020-04-24 08:36:01 - [TEST_CASE][PASSED] - Test Cases/Reusable_Test_Sequences/CAT_Teardown: Test Cases/Reusable_Test_Sequences/CAT_Teardown

2020-04-24 08:36:01 - [TEST_STEP][PASSED] - closeBrowser(): Browser is closed

2020-04-24 08:36:02 - [MESSAGE][PASSED] - Browser is closed

2020-04-24 08:36:02 - [TEST_STEP][PASSED] - super.finalize(): null

2020-04-24 08:36:02 - [TEST_STEP][PASSED] - System.gc(): null

2020-04-24 08:36:02 - [MESSAGE][PASSED] - Call Test Case 'Test Cases/Reusable_Test_Sequences/CAT_Teardown' successfully]]></system-out>
         <system-err><![CDATA[]]></system-err>
      </testcase>
      <testcase name="Test Cases/Web_Office/Settings/Web_Office/Web_Subs" time="20.976" classname="Test Cases/Web_Office/Settings/Web_Office/Web_Subs" status="PASSED">
         <system-out><![CDATA[2020-04-24 08:36:02 - [TEST_CASE][PASSED] - Test Cases/Web_Office/Settings/Web_Office/Web_Subs: Test Cases/Web_Office/Settings/Web_Office/Web_Subs

2020-04-24 08:36:02 - [TEST_STEP][PASSED] - "--------------------------------------": null

2020-04-24 08:36:02 - [TEST_STEP][PASSED] - " Web Office StartUp                  |": null

2020-04-24 08:36:02 - [TEST_STEP][PASSED] - callTestCase(findTestCase("Reusable_Test_Sequences/Web_Office/Directives/WebOffice_StartUp"), [:], STOP_ON_FAILURE): Call Test Case 'Test Cases/Reusable_Test_Sequences/Web_Office/Directives/WebOffice_StartUp' successfully

2020-04-24 08:36:02 - [TEST_CASE][PASSED] - Test Cases/Reusable_Test_Sequences/Web_Office/Directives/WebOffice_StartUp: Test Cases/Reusable_Test_Sequences/Web_Office/Directives/WebOffice_StartUp

2020-04-24 08:36:02 - [TEST_STEP][PASSED] - "-----------------------------------------------------------------------------": null

2020-04-24 08:36:02 - [TEST_STEP][PASSED] - if (URL == "https://www.dev.checkatrade.com/"): null

2020-04-24 08:36:02 - [TEST_STEP][PASSED] - "-----------------------------------------------------------------------------": null

2020-04-24 08:36:02 - [TEST_STEP][PASSED] - if (URL == "https://www.checkatrade.com/"): null

2020-04-24 08:36:02 - [TEST_STEP][PASSED] - "-----------------------------------------------------------------------------": null

2020-04-24 08:36:02 - [TEST_STEP][PASSED] - if (URL == "https://www.preview.checkatrade.com/"): null

2020-04-24 08:36:02 - [TEST_STEP][PASSED] - WebOfficeURL = "https://admin.preview.checkatrade.com/": null

2020-04-24 08:36:02 - [TEST_STEP][PASSED] - if (URL == "https://www.dev2.checkatrade.com/"): null

2020-04-24 08:36:02 - [TEST_STEP][PASSED] - "Set Function Area for "URL_Handler", URL Resolution": null

2020-04-24 08:36:02 - [TEST_STEP][PASSED] - "Do Some Magic with URL(s) See the comments within URL Handler ": null

2020-04-24 08:36:02 - [TEST_STEP][PASSED] - "------------------------------------------------": null

2020-04-24 08:36:02 - [TEST_STEP][PASSED] - "Moved Login Credentials to <Default> profile 22/01/2020": null

2020-04-24 08:36:02 - [TEST_STEP][PASSED] - "------------------------------------------------": null

2020-04-24 08:36:02 - [TEST_STEP][PASSED] - "WebOfficeURL - Set from the ENVIRONMENT PROFILE ": null

2020-04-24 08:36:02 - [TEST_STEP][PASSED] - "OPEN BROWSER": null

2020-04-24 08:36:02 - [TEST_STEP][PASSED] - "eg - https://admin.preview.checkatrade.com/  ": null

2020-04-24 08:36:02 - [TEST_STEP][PASSED] - openBrowser(WebOfficeURL): Browser is opened with url: 'https://admin.preview.checkatrade.com/'

2020-04-24 08:36:02 - [MESSAGE][INFO] - Starting 'Chrome' driver

2020-04-24 08:36:02 - [MESSAGE][INFO] - Action delay is set to 0 milliseconds

2020-04-24 08:36:07 - [MESSAGE][PASSED] - Browser is opened with url: 'https://admin.preview.checkatrade.com/'

2020-04-24 08:36:07 - [TEST_STEP][PASSED] - maximizeWindow(): Current window maximized

2020-04-24 08:36:09 - [MESSAGE][PASSED] - Current window maximized

2020-04-24 08:36:09 - [TEST_STEP][PASSED] - waitForElementClickable(findTestObject("Object Repository/WebOffice/Page_Checkatrade - Administration - Login/Login_Button"), 25): Object 'Object Repository/WebOffice/Page_Checkatrade - Administration - Login/Login_Button' is clickable

2020-04-24 08:36:09 - [MESSAGE][PASSED] - Object 'Object Repository/WebOffice/Page_Checkatrade - Administration - Login/Login_Button' is clickable

2020-04-24 08:36:09 - [TEST_STEP][PASSED] - verifyTextPresent("Checkatrade Web Office", false): Text 'Checkatrade Web Office' is present on page 

2020-04-24 08:36:10 - [MESSAGE][PASSED] - Text 'Checkatrade Web Office' is present on page 

2020-04-24 08:36:10 - [TEST_STEP][PASSED] - verifyTextPresent("Access for staff use only", false): Text 'Access for staff use only' is present on page 

2020-04-24 08:36:10 - [MESSAGE][PASSED] - Text 'Access for staff use only' is present on page 

2020-04-24 08:36:10 - [TEST_STEP][PASSED] - verifyTextPresent("Forgotten password?", false): Text 'Forgotten password?' is present on page 

2020-04-24 08:36:10 - [MESSAGE][PASSED] - Text 'Forgotten password?' is present on page 

2020-04-24 08:36:10 - [TEST_STEP][PASSED] - setText(findTestObject("Object Repository/WebOffice/Page_Checkatrade - Administration - Login/input_Username_LoginControlUserName"), wo_Username): Text 'DavidHo' is set on object 'Object Repository/WebOffice/Page_Checkatrade - Administration - Login/input_Username_LoginControlUserName'

2020-04-24 08:36:10 - [MESSAGE][PASSED] - Text 'DavidHo' is set on object 'Object Repository/WebOffice/Page_Checkatrade - Administration - Login/input_Username_LoginControlUserName'

2020-04-24 08:36:10 - [TEST_STEP][PASSED] - setText(findTestObject("Object Repository/WebOffice/Page_Checkatrade - Administration - Login/input_Password_LoginControlPassword"), wo_Password): Text 'Check123' is set on object 'Object Repository/WebOffice/Page_Checkatrade - Administration - Login/input_Password_LoginControlPassword'

2020-04-24 08:36:10 - [MESSAGE][PASSED] - Text 'Check123' is set on object 'Object Repository/WebOffice/Page_Checkatrade - Administration - Login/input_Password_LoginControlPassword'

2020-04-24 08:36:10 - [TEST_STEP][PASSED] - click(findTestObject("Object Repository/WebOffice/Page_Checkatrade - Administration - Login/Login_Button")): Object: 'Object Repository/WebOffice/Page_Checkatrade - Administration - Login/Login_Button' is clicked on

2020-04-24 08:36:12 - [MESSAGE][PASSED] - Object: 'Object Repository/WebOffice/Page_Checkatrade - Administration - Login/Login_Button' is clicked on

2020-04-24 08:36:12 - [TEST_STEP][PASSED] - waitForPageLoad(60): Wait for page load successfully

2020-04-24 08:36:12 - [MESSAGE][PASSED] - Wait for page load successfully

2020-04-24 08:36:12 - [TEST_STEP][PASSED] - verifyTextPresent("Welcome " + wo_Username, false): Text 'Welcome DavidHo' is present on page 

2020-04-24 08:36:13 - [MESSAGE][PASSED] - Text 'Welcome DavidHo' is present on page 

2020-04-24 08:36:13 - [MESSAGE][PASSED] - Call Test Case 'Test Cases/Reusable_Test_Sequences/Web_Office/Directives/WebOffice_StartUp' successfully

2020-04-24 08:36:13 - [TEST_STEP][PASSED] - "-----------------------------------------------------------------": null

2020-04-24 08:36:13 - [TEST_STEP][PASSED] - " Navigate to <Settings->Checkatrade.Com->Sub Item> Menu Item     |": null

2020-04-24 08:36:13 - [TEST_STEP][PASSED] - callTestCase(findTestCase("Reusable_Test_Sequences/Web_Office/Navigation/Sub_Menu_Navigation/Settings/Web_Office/Web_Subs"), [:], STOP_ON_FAILURE): Call Test Case 'Test Cases/Reusable_Test_Sequences/Web_Office/Navigation/Sub_Menu_Navigation/Settings/Web_Office/Web_Subs' successfully

2020-04-24 08:36:13 - [TEST_CASE][PASSED] - Test Cases/Reusable_Test_Sequences/Web_Office/Navigation/Sub_Menu_Navigation/Settings/Web_Office/Web_Subs: Test Cases/Reusable_Test_Sequences/Web_Office/Navigation/Sub_Menu_Navigation/Settings/Web_Office/Web_Subs

2020-04-24 08:36:13 - [TEST_STEP][PASSED] - "--------------------------------------": null

2020-04-24 08:36:13 - [TEST_STEP][PASSED] - " Navigate Top level menu Item         |": null

2020-04-24 08:36:13 - [TEST_STEP][PASSED] - waitForPageLoad(60): Wait for page load successfully

2020-04-24 08:36:13 - [MESSAGE][PASSED] - Wait for page load successfully

2020-04-24 08:36:13 - [TEST_STEP][PASSED] - waitForElementClickable(findTestObject("Object Repository/WebOffice_Home_page/a_Settings"), 60): Object 'Object Repository/WebOffice_Home_page/a_Settings' is clickable

2020-04-24 08:36:13 - [MESSAGE][PASSED] - Object 'Object Repository/WebOffice_Home_page/a_Settings' is clickable

2020-04-24 08:36:13 - [TEST_STEP][PASSED] - mouseOver(findTestObject("Object Repository/WebOffice_Home_page/a_Settings")): Object: 'Object Repository/WebOffice_Home_page/a_Settings' is hovered

2020-04-24 08:36:13 - [MESSAGE][PASSED] - Object: 'Object Repository/WebOffice_Home_page/a_Settings' is hovered

2020-04-24 08:36:13 - [TEST_STEP][PASSED] - mouseOver(findTestObject("Object Repository/WebOffice_Home_page/a_Web Office")): Object: 'Object Repository/WebOffice_Home_page/a_Web Office' is hovered

2020-04-24 08:36:13 - [MESSAGE][PASSED] - Object: 'Object Repository/WebOffice_Home_page/a_Web Office' is hovered

2020-04-24 08:36:13 - [TEST_STEP][PASSED] - waitForElementClickable(findTestObject("Object Repository/WebOffice_Home_page/a_Web Subs"), 1): Object 'Object Repository/WebOffice_Home_page/a_Web Subs' is clickable

2020-04-24 08:36:14 - [MESSAGE][PASSED] - Object 'Object Repository/WebOffice_Home_page/a_Web Subs' is clickable

2020-04-24 08:36:14 - [TEST_STEP][PASSED] - click(findTestObject("Object Repository/WebOffice_Home_page/a_Web Subs")): Object: 'Object Repository/WebOffice_Home_page/a_Web Subs' is clicked on

2020-04-24 08:36:20 - [MESSAGE][PASSED] - Object: 'Object Repository/WebOffice_Home_page/a_Web Subs' is clicked on

2020-04-24 08:36:20 - [MESSAGE][PASSED] - Call Test Case 'Test Cases/Reusable_Test_Sequences/Web_Office/Navigation/Sub_Menu_Navigation/Settings/Web_Office/Web_Subs' successfully

2020-04-24 08:36:20 - [TEST_STEP][PASSED] - "--------------------------------------": null

2020-04-24 08:36:20 - [TEST_STEP][PASSED] - " Verify Returned Page Detail          |": null

2020-04-24 08:36:20 - [TEST_STEP][PASSED] - callTestCase(findTestCase("Reusable_Test_Sequences/Web_Office/Verification/Settings/Web_Office/Web_Subs"), [:], OPTIONAL): Call Test Case 'Test Cases/Reusable_Test_Sequences/Web_Office/Verification/Settings/Web_Office/Web_Subs' successfully

2020-04-24 08:36:20 - [TEST_CASE][PASSED] - Test Cases/Reusable_Test_Sequences/Web_Office/Verification/Settings/Web_Office/Web_Subs: Test Cases/Reusable_Test_Sequences/Web_Office/Verification/Settings/Web_Office/Web_Subs

2020-04-24 08:36:20 - [TEST_STEP][PASSED] - waitForPageLoad(60): Wait for page load successfully

2020-04-24 08:36:20 - [MESSAGE][PASSED] - Wait for page load successfully

2020-04-24 08:36:20 - [TEST_STEP][PASSED] - delay(1): Delayed 1 second(s)

2020-04-24 08:36:21 - [MESSAGE][PASSED] - Delayed 1 second(s)

2020-04-24 08:36:21 - [TEST_STEP][PASSED] - verifyTextPresent("Web Sub Allocations", false): Text 'Web Sub Allocations' is present on page 

2020-04-24 08:36:21 - [MESSAGE][PASSED] - Text 'Web Sub Allocations' is present on page 

2020-04-24 08:36:21 - [TEST_STEP][PASSED] - "----------------------------------------------": null

2020-04-24 08:36:21 - [TEST_STEP][PASSED] - verifyTextPresent("STAFF", false): Text 'STAFF' is present on page 

2020-04-24 08:36:21 - [MESSAGE][PASSED] - Text 'STAFF' is present on page 

2020-04-24 08:36:21 - [TEST_STEP][PASSED] - verifyTextPresent("POSTCODES", false): Text 'POSTCODES' is present on page 

2020-04-24 08:36:21 - [MESSAGE][PASSED] - Text 'POSTCODES' is present on page 

2020-04-24 08:36:21 - [TEST_STEP][PASSED] - "----------------------------------------------": null

2020-04-24 08:36:21 - [TEST_STEP][PASSED] - verifyTextPresent("Clare Johnson", false): Text 'Clare Johnson' is present on page 

2020-04-24 08:36:21 - [MESSAGE][PASSED] - Text 'Clare Johnson' is present on page 

2020-04-24 08:36:21 - [TEST_STEP][PASSED] - verifyTextPresent("GU", false): Text 'GU' is present on page 

2020-04-24 08:36:21 - [MESSAGE][PASSED] - Text 'GU' is present on page 

2020-04-24 08:36:21 - [TEST_STEP][PASSED] - verifyTextPresent("SE", false): Text 'SE' is present on page 

2020-04-24 08:36:22 - [MESSAGE][PASSED] - Text 'SE' is present on page 

2020-04-24 08:36:22 - [TEST_STEP][PASSED] - verifyTextPresent("N1", false): Text 'N1' is present on page 

2020-04-24 08:36:22 - [MESSAGE][PASSED] - Text 'N1' is present on page 

2020-04-24 08:36:22 - [TEST_STEP][PASSED] - verifyTextPresent("SGN1", false): Text 'SGN1' is present on page 

2020-04-24 08:36:22 - [MESSAGE][PASSED] - Text 'SGN1' is present on page 

2020-04-24 08:36:22 - [TEST_STEP][PASSED] - verifyTextPresent("N11", false): Text 'N11' is present on page 

2020-04-24 08:36:22 - [MESSAGE][PASSED] - Text 'N11' is present on page 

2020-04-24 08:36:22 - [TEST_STEP][PASSED] - verifyTextPresent("SS", false): Text 'SS' is present on page 

2020-04-24 08:36:22 - [MESSAGE][PASSED] - Text 'SS' is present on page 

2020-04-24 08:36:22 - [TEST_STEP][PASSED] - verifyTextPresent("N22", false): Text 'N22' is present on page 

2020-04-24 08:36:22 - [MESSAGE][PASSED] - Text 'N22' is present on page 

2020-04-24 08:36:22 - [MESSAGE][PASSED] - Call Test Case 'Test Cases/Reusable_Test_Sequences/Web_Office/Verification/Settings/Web_Office/Web_Subs' successfully

2020-04-24 08:36:22 - [TEST_STEP][PASSED] - "--------------------------": null

2020-04-24 08:36:22 - [TEST_STEP][PASSED] - " Teardown - CLose Browser |": null

2020-04-24 08:36:22 - [TEST_STEP][PASSED] - callTestCase(findTestCase("Reusable_Test_Sequences/CAT_Teardown"), [:], OPTIONAL): Call Test Case 'Test Cases/Reusable_Test_Sequences/CAT_Teardown' successfully

2020-04-24 08:36:22 - [TEST_CASE][PASSED] - Test Cases/Reusable_Test_Sequences/CAT_Teardown: Test Cases/Reusable_Test_Sequences/CAT_Teardown

2020-04-24 08:36:22 - [TEST_STEP][PASSED] - closeBrowser(): Browser is closed

2020-04-24 08:36:23 - [MESSAGE][PASSED] - Browser is closed

2020-04-24 08:36:23 - [TEST_STEP][PASSED] - super.finalize(): null

2020-04-24 08:36:23 - [TEST_STEP][PASSED] - System.gc(): null

2020-04-24 08:36:23 - [MESSAGE][PASSED] - Call Test Case 'Test Cases/Reusable_Test_Sequences/CAT_Teardown' successfully]]></system-out>
         <system-err><![CDATA[]]></system-err>
      </testcase>
      <testcase name="Test Cases/Web_Office/Settings/Web_Office/Message_Centre" time="13.591" classname="Test Cases/Web_Office/Settings/Web_Office/Message_Centre" status="PASSED">
         <system-out><![CDATA[2020-04-24 08:36:23 - [TEST_CASE][PASSED] - Test Cases/Web_Office/Settings/Web_Office/Message_Centre: Test Cases/Web_Office/Settings/Web_Office/Message_Centre

2020-04-24 08:36:23 - [TEST_STEP][PASSED] - "--------------------------------------": null

2020-04-24 08:36:23 - [TEST_STEP][PASSED] - " Web Office StartUp                  |": null

2020-04-24 08:36:23 - [TEST_STEP][PASSED] - callTestCase(findTestCase("Reusable_Test_Sequences/Web_Office/Directives/WebOffice_StartUp"), [:], STOP_ON_FAILURE): Call Test Case 'Test Cases/Reusable_Test_Sequences/Web_Office/Directives/WebOffice_StartUp' successfully

2020-04-24 08:36:23 - [TEST_CASE][PASSED] - Test Cases/Reusable_Test_Sequences/Web_Office/Directives/WebOffice_StartUp: Test Cases/Reusable_Test_Sequences/Web_Office/Directives/WebOffice_StartUp

2020-04-24 08:36:23 - [TEST_STEP][PASSED] - "-----------------------------------------------------------------------------": null

2020-04-24 08:36:23 - [TEST_STEP][PASSED] - if (URL == "https://www.dev.checkatrade.com/"): null

2020-04-24 08:36:23 - [TEST_STEP][PASSED] - "-----------------------------------------------------------------------------": null

2020-04-24 08:36:23 - [TEST_STEP][PASSED] - if (URL == "https://www.checkatrade.com/"): null

2020-04-24 08:36:23 - [TEST_STEP][PASSED] - "-----------------------------------------------------------------------------": null

2020-04-24 08:36:23 - [TEST_STEP][PASSED] - if (URL == "https://www.preview.checkatrade.com/"): null

2020-04-24 08:36:23 - [TEST_STEP][PASSED] - WebOfficeURL = "https://admin.preview.checkatrade.com/": null

2020-04-24 08:36:23 - [TEST_STEP][PASSED] - if (URL == "https://www.dev2.checkatrade.com/"): null

2020-04-24 08:36:23 - [TEST_STEP][PASSED] - "Set Function Area for "URL_Handler", URL Resolution": null

2020-04-24 08:36:23 - [TEST_STEP][PASSED] - "Do Some Magic with URL(s) See the comments within URL Handler ": null

2020-04-24 08:36:23 - [TEST_STEP][PASSED] - "------------------------------------------------": null

2020-04-24 08:36:23 - [TEST_STEP][PASSED] - "Moved Login Credentials to <Default> profile 22/01/2020": null

2020-04-24 08:36:23 - [TEST_STEP][PASSED] - "------------------------------------------------": null

2020-04-24 08:36:23 - [TEST_STEP][PASSED] - "WebOfficeURL - Set from the ENVIRONMENT PROFILE ": null

2020-04-24 08:36:23 - [TEST_STEP][PASSED] - "OPEN BROWSER": null

2020-04-24 08:36:23 - [TEST_STEP][PASSED] - "eg - https://admin.preview.checkatrade.com/  ": null

2020-04-24 08:36:23 - [TEST_STEP][PASSED] - openBrowser(WebOfficeURL): Browser is opened with url: 'https://admin.preview.checkatrade.com/'

2020-04-24 08:36:23 - [MESSAGE][INFO] - Starting 'Chrome' driver

2020-04-24 08:36:23 - [MESSAGE][INFO] - Action delay is set to 0 milliseconds

2020-04-24 08:36:27 - [MESSAGE][PASSED] - Browser is opened with url: 'https://admin.preview.checkatrade.com/'

2020-04-24 08:36:27 - [TEST_STEP][PASSED] - maximizeWindow(): Current window maximized

2020-04-24 08:36:30 - [MESSAGE][PASSED] - Current window maximized

2020-04-24 08:36:30 - [TEST_STEP][PASSED] - waitForElementClickable(findTestObject("Object Repository/WebOffice/Page_Checkatrade - Administration - Login/Login_Button"), 25): Object 'Object Repository/WebOffice/Page_Checkatrade - Administration - Login/Login_Button' is clickable

2020-04-24 08:36:30 - [MESSAGE][PASSED] - Object 'Object Repository/WebOffice/Page_Checkatrade - Administration - Login/Login_Button' is clickable

2020-04-24 08:36:30 - [TEST_STEP][PASSED] - verifyTextPresent("Checkatrade Web Office", false): Text 'Checkatrade Web Office' is present on page 

2020-04-24 08:36:30 - [MESSAGE][PASSED] - Text 'Checkatrade Web Office' is present on page 

2020-04-24 08:36:30 - [TEST_STEP][PASSED] - verifyTextPresent("Access for staff use only", false): Text 'Access for staff use only' is present on page 

2020-04-24 08:36:30 - [MESSAGE][PASSED] - Text 'Access for staff use only' is present on page 

2020-04-24 08:36:30 - [TEST_STEP][PASSED] - verifyTextPresent("Forgotten password?", false): Text 'Forgotten password?' is present on page 

2020-04-24 08:36:30 - [MESSAGE][PASSED] - Text 'Forgotten password?' is present on page 

2020-04-24 08:36:30 - [TEST_STEP][PASSED] - setText(findTestObject("Object Repository/WebOffice/Page_Checkatrade - Administration - Login/input_Username_LoginControlUserName"), wo_Username): Text 'DavidHo' is set on object 'Object Repository/WebOffice/Page_Checkatrade - Administration - Login/input_Username_LoginControlUserName'

2020-04-24 08:36:30 - [MESSAGE][PASSED] - Text 'DavidHo' is set on object 'Object Repository/WebOffice/Page_Checkatrade - Administration - Login/input_Username_LoginControlUserName'

2020-04-24 08:36:30 - [TEST_STEP][PASSED] - setText(findTestObject("Object Repository/WebOffice/Page_Checkatrade - Administration - Login/input_Password_LoginControlPassword"), wo_Password): Text 'Check123' is set on object 'Object Repository/WebOffice/Page_Checkatrade - Administration - Login/input_Password_LoginControlPassword'

2020-04-24 08:36:30 - [MESSAGE][PASSED] - Text 'Check123' is set on object 'Object Repository/WebOffice/Page_Checkatrade - Administration - Login/input_Password_LoginControlPassword'

2020-04-24 08:36:30 - [TEST_STEP][PASSED] - click(findTestObject("Object Repository/WebOffice/Page_Checkatrade - Administration - Login/Login_Button")): Object: 'Object Repository/WebOffice/Page_Checkatrade - Administration - Login/Login_Button' is clicked on

2020-04-24 08:36:31 - [MESSAGE][PASSED] - Object: 'Object Repository/WebOffice/Page_Checkatrade - Administration - Login/Login_Button' is clicked on

2020-04-24 08:36:31 - [TEST_STEP][PASSED] - waitForPageLoad(60): Wait for page load successfully

2020-04-24 08:36:31 - [MESSAGE][PASSED] - Wait for page load successfully

2020-04-24 08:36:31 - [TEST_STEP][PASSED] - verifyTextPresent("Welcome " + wo_Username, false): Text 'Welcome DavidHo' is present on page 

2020-04-24 08:36:31 - [MESSAGE][PASSED] - Text 'Welcome DavidHo' is present on page 

2020-04-24 08:36:31 - [MESSAGE][PASSED] - Call Test Case 'Test Cases/Reusable_Test_Sequences/Web_Office/Directives/WebOffice_StartUp' successfully

2020-04-24 08:36:31 - [TEST_STEP][PASSED] - "-----------------------------------------------------------------": null

2020-04-24 08:36:31 - [TEST_STEP][PASSED] - " Navigate to <Settings->Checkatrade.Com->Sub Item> Menu Item     |": null

2020-04-24 08:36:31 - [TEST_STEP][PASSED] - callTestCase(findTestCase("Reusable_Test_Sequences/Web_Office/Navigation/Sub_Menu_Navigation/Settings/Web_Office/Message_Centre"), [:], STOP_ON_FAILURE): Call Test Case 'Test Cases/Reusable_Test_Sequences/Web_Office/Navigation/Sub_Menu_Navigation/Settings/Web_Office/Message_Centre' successfully

2020-04-24 08:36:31 - [TEST_CASE][PASSED] - Test Cases/Reusable_Test_Sequences/Web_Office/Navigation/Sub_Menu_Navigation/Settings/Web_Office/Message_Centre: Test Cases/Reusable_Test_Sequences/Web_Office/Navigation/Sub_Menu_Navigation/Settings/Web_Office/Message_Centre

2020-04-24 08:36:31 - [TEST_STEP][PASSED] - "--------------------------------------": null

2020-04-24 08:36:31 - [TEST_STEP][PASSED] - " Navigate Top level menu Item         |": null

2020-04-24 08:36:31 - [TEST_STEP][PASSED] - waitForPageLoad(60): Wait for page load successfully

2020-04-24 08:36:31 - [MESSAGE][PASSED] - Wait for page load successfully

2020-04-24 08:36:31 - [TEST_STEP][PASSED] - waitForElementClickable(findTestObject("Object Repository/WebOffice_Home_page/a_Settings"), 60): Object 'Object Repository/WebOffice_Home_page/a_Settings' is clickable

2020-04-24 08:36:31 - [MESSAGE][PASSED] - Object 'Object Repository/WebOffice_Home_page/a_Settings' is clickable

2020-04-24 08:36:31 - [TEST_STEP][PASSED] - mouseOver(findTestObject("Object Repository/WebOffice_Home_page/a_Settings")): Object: 'Object Repository/WebOffice_Home_page/a_Settings' is hovered

2020-04-24 08:36:31 - [MESSAGE][PASSED] - Object: 'Object Repository/WebOffice_Home_page/a_Settings' is hovered

2020-04-24 08:36:31 - [TEST_STEP][PASSED] - mouseOver(findTestObject("Object Repository/WebOffice_Home_page/a_Web Office")): Object: 'Object Repository/WebOffice_Home_page/a_Web Office' is hovered

2020-04-24 08:36:32 - [MESSAGE][PASSED] - Object: 'Object Repository/WebOffice_Home_page/a_Web Office' is hovered

2020-04-24 08:36:32 - [TEST_STEP][PASSED] - waitForElementClickable(findTestObject("Object Repository/WebOffice_Home_page/a_Message Centre"), 1): Object 'Object Repository/WebOffice_Home_page/a_Message Centre' is clickable

2020-04-24 08:36:32 - [MESSAGE][PASSED] - Object 'Object Repository/WebOffice_Home_page/a_Message Centre' is clickable

2020-04-24 08:36:32 - [TEST_STEP][PASSED] - click(findTestObject("Object Repository/WebOffice_Home_page/a_Message Centre")): Object: 'Object Repository/WebOffice_Home_page/a_Message Centre' is clicked on

2020-04-24 08:36:32 - [MESSAGE][PASSED] - Object: 'Object Repository/WebOffice_Home_page/a_Message Centre' is clicked on

2020-04-24 08:36:32 - [MESSAGE][PASSED] - Call Test Case 'Test Cases/Reusable_Test_Sequences/Web_Office/Navigation/Sub_Menu_Navigation/Settings/Web_Office/Message_Centre' successfully

2020-04-24 08:36:32 - [TEST_STEP][PASSED] - "--------------------------------------": null

2020-04-24 08:36:32 - [TEST_STEP][PASSED] - " Verify Returned Page Detail          |": null

2020-04-24 08:36:32 - [TEST_STEP][PASSED] - callTestCase(findTestCase("Reusable_Test_Sequences/Web_Office/Verification/Settings/Web_Office/Message_Centre"), [:], OPTIONAL): Call Test Case 'Test Cases/Reusable_Test_Sequences/Web_Office/Verification/Settings/Web_Office/Message_Centre' successfully

2020-04-24 08:36:32 - [TEST_CASE][PASSED] - Test Cases/Reusable_Test_Sequences/Web_Office/Verification/Settings/Web_Office/Message_Centre: Test Cases/Reusable_Test_Sequences/Web_Office/Verification/Settings/Web_Office/Message_Centre

2020-04-24 08:36:33 - [TEST_STEP][PASSED] - waitForPageLoad(60): Wait for page load successfully

2020-04-24 08:36:33 - [MESSAGE][PASSED] - Wait for page load successfully

2020-04-24 08:36:33 - [TEST_STEP][PASSED] - delay(1): Delayed 1 second(s)

2020-04-24 08:36:34 - [MESSAGE][PASSED] - Delayed 1 second(s)

2020-04-24 08:36:34 - [TEST_STEP][PASSED] - verifyTextPresent("Message Centre", false): Text 'Message Centre' is present on page 

2020-04-24 08:36:34 - [MESSAGE][PASSED] - Text 'Message Centre' is present on page 

2020-04-24 08:36:34 - [TEST_STEP][PASSED] - "----------------------------------------------": null

2020-04-24 08:36:34 - [TEST_STEP][PASSED] - verifyTextPresent("Edit the message", false): Text 'Edit the message' is present on page 

2020-04-24 08:36:34 - [MESSAGE][PASSED] - Text 'Edit the message' is present on page 

2020-04-24 08:36:34 - [TEST_STEP][PASSED] - "----------------------------------------------": null

2020-04-24 08:36:34 - [TEST_STEP][PASSED] - verifyTextPresent("Message Text", false): Text 'Message Text' is present on page 

2020-04-24 08:36:34 - [MESSAGE][PASSED] - Text 'Message Text' is present on page 

2020-04-24 08:36:34 - [TEST_STEP][PASSED] - verifyTextPresent("160 characters remaining", false): Text '160 characters remaining' is present on page 

2020-04-24 08:36:34 - [MESSAGE][PASSED] - Text '160 characters remaining' is present on page 

2020-04-24 08:36:34 - [TEST_STEP][PASSED] - "----------------------------------------------": null

2020-04-24 08:36:34 - [TEST_STEP][PASSED] - verifyTextPresent("Merge Fields", false): Text 'Merge Fields' is present on page 

2020-04-24 08:36:34 - [MESSAGE][PASSED] - Text 'Merge Fields' is present on page 

2020-04-24 08:36:34 - [TEST_STEP][PASSED] - verifyTextPresent("AddressPhone1", false): Text 'AddressPhone1' is present on page 

2020-04-24 08:36:34 - [MESSAGE][PASSED] - Text 'AddressPhone1' is present on page 

2020-04-24 08:36:34 - [TEST_STEP][PASSED] - verifyTextPresent("AppointmentStartTime", false): Text 'AppointmentStartTime' is present on page 

2020-04-24 08:36:35 - [MESSAGE][PASSED] - Text 'AppointmentStartTime' is present on page 

2020-04-24 08:36:35 - [TEST_STEP][PASSED] - verifyTextPresent("CheckatradeUrl", false): Text 'CheckatradeUrl' is present on page 

2020-04-24 08:36:35 - [MESSAGE][PASSED] - Text 'CheckatradeUrl' is present on page 

2020-04-24 08:36:35 - [TEST_STEP][PASSED] - verifyTextPresent("CompanyID", false): Text 'CompanyID' is present on page 

2020-04-24 08:36:35 - [MESSAGE][PASSED] - Text 'CompanyID' is present on page 

2020-04-24 08:36:35 - [TEST_STEP][PASSED] - verifyTextPresent("CompanyName", false): Text 'CompanyName' is present on page 

2020-04-24 08:36:35 - [MESSAGE][PASSED] - Text 'CompanyName' is present on page 

2020-04-24 08:36:35 - [TEST_STEP][PASSED] - verifyTextPresent("ConfirmationLink", false): Text 'ConfirmationLink' is present on page 

2020-04-24 08:36:35 - [MESSAGE][PASSED] - Text 'ConfirmationLink' is present on page 

2020-04-24 08:36:35 - [TEST_STEP][PASSED] - verifyTextPresent("FeedbackCount", false): Text 'FeedbackCount' is present on page 

2020-04-24 08:36:35 - [MESSAGE][PASSED] - Text 'FeedbackCount' is present on page 

2020-04-24 08:36:35 - [TEST_STEP][PASSED] - verifyTextPresent("PostCode", false): Text 'PostCode' is present on page 

2020-04-24 08:36:35 - [MESSAGE][PASSED] - Text 'PostCode' is present on page 

2020-04-24 08:36:35 - [TEST_STEP][PASSED] - verifyTextPresent("Salutation", false): Text 'Salutation' is present on page 

2020-04-24 08:36:35 - [MESSAGE][PASSED] - Text 'Salutation' is present on page 

2020-04-24 08:36:35 - [TEST_STEP][PASSED] - verifyTextPresent("Score", false): Text 'Score' is present on page 

2020-04-24 08:36:35 - [MESSAGE][PASSED] - Text 'Score' is present on page 

2020-04-24 08:36:35 - [TEST_STEP][PASSED] - verifyTextPresent("ValidationCode", false): Text 'ValidationCode' is present on page 

2020-04-24 08:36:35 - [MESSAGE][PASSED] - Text 'ValidationCode' is present on page 

2020-04-24 08:36:35 - [TEST_STEP][PASSED] - "----------------------------------------------": null

2020-04-24 08:36:35 - [TEST_STEP][PASSED] - verifyTextPresent("Text message templates", false): Text 'Text message templates' is present on page 

2020-04-24 08:36:35 - [MESSAGE][PASSED] - Text 'Text message templates' is present on page 

2020-04-24 08:36:35 - [MESSAGE][PASSED] - Call Test Case 'Test Cases/Reusable_Test_Sequences/Web_Office/Verification/Settings/Web_Office/Message_Centre' successfully

2020-04-24 08:36:35 - [TEST_STEP][PASSED] - "--------------------------": null

2020-04-24 08:36:35 - [TEST_STEP][PASSED] - " Teardown - CLose Browser |": null

2020-04-24 08:36:35 - [TEST_STEP][PASSED] - callTestCase(findTestCase("Reusable_Test_Sequences/CAT_Teardown"), [:], OPTIONAL): Call Test Case 'Test Cases/Reusable_Test_Sequences/CAT_Teardown' successfully

2020-04-24 08:36:35 - [TEST_CASE][PASSED] - Test Cases/Reusable_Test_Sequences/CAT_Teardown: Test Cases/Reusable_Test_Sequences/CAT_Teardown

2020-04-24 08:36:35 - [TEST_STEP][PASSED] - closeBrowser(): Browser is closed

2020-04-24 08:36:36 - [MESSAGE][PASSED] - Browser is closed

2020-04-24 08:36:36 - [TEST_STEP][PASSED] - super.finalize(): null

2020-04-24 08:36:36 - [TEST_STEP][PASSED] - System.gc(): null

2020-04-24 08:36:37 - [MESSAGE][PASSED] - Call Test Case 'Test Cases/Reusable_Test_Sequences/CAT_Teardown' successfully]]></system-out>
         <system-err><![CDATA[]]></system-err>
      </testcase>
      <testcase name="Test Cases/Web_Office/Settings/Web_Office/MMA_Messages" time="12.796" classname="Test Cases/Web_Office/Settings/Web_Office/MMA_Messages" status="PASSED">
         <system-out><![CDATA[2020-04-24 08:36:37 - [TEST_CASE][PASSED] - Test Cases/Web_Office/Settings/Web_Office/MMA_Messages: Test Cases/Web_Office/Settings/Web_Office/MMA_Messages

2020-04-24 08:36:37 - [TEST_STEP][PASSED] - "--------------------------------------": null

2020-04-24 08:36:37 - [TEST_STEP][PASSED] - " Web Office StartUp                  |": null

2020-04-24 08:36:37 - [TEST_STEP][PASSED] - callTestCase(findTestCase("Reusable_Test_Sequences/Web_Office/Directives/WebOffice_StartUp"), [:], STOP_ON_FAILURE): Call Test Case 'Test Cases/Reusable_Test_Sequences/Web_Office/Directives/WebOffice_StartUp' successfully

2020-04-24 08:36:37 - [TEST_CASE][PASSED] - Test Cases/Reusable_Test_Sequences/Web_Office/Directives/WebOffice_StartUp: Test Cases/Reusable_Test_Sequences/Web_Office/Directives/WebOffice_StartUp

2020-04-24 08:36:37 - [TEST_STEP][PASSED] - "-----------------------------------------------------------------------------": null

2020-04-24 08:36:37 - [TEST_STEP][PASSED] - if (URL == "https://www.dev.checkatrade.com/"): null

2020-04-24 08:36:37 - [TEST_STEP][PASSED] - "-----------------------------------------------------------------------------": null

2020-04-24 08:36:37 - [TEST_STEP][PASSED] - if (URL == "https://www.checkatrade.com/"): null

2020-04-24 08:36:37 - [TEST_STEP][PASSED] - "-----------------------------------------------------------------------------": null

2020-04-24 08:36:37 - [TEST_STEP][PASSED] - if (URL == "https://www.preview.checkatrade.com/"): null

2020-04-24 08:36:37 - [TEST_STEP][PASSED] - WebOfficeURL = "https://admin.preview.checkatrade.com/": null

2020-04-24 08:36:37 - [TEST_STEP][PASSED] - if (URL == "https://www.dev2.checkatrade.com/"): null

2020-04-24 08:36:37 - [TEST_STEP][PASSED] - "Set Function Area for "URL_Handler", URL Resolution": null

2020-04-24 08:36:37 - [TEST_STEP][PASSED] - "Do Some Magic with URL(s) See the comments within URL Handler ": null

2020-04-24 08:36:37 - [TEST_STEP][PASSED] - "------------------------------------------------": null

2020-04-24 08:36:37 - [TEST_STEP][PASSED] - "Moved Login Credentials to <Default> profile 22/01/2020": null

2020-04-24 08:36:37 - [TEST_STEP][PASSED] - "------------------------------------------------": null

2020-04-24 08:36:37 - [TEST_STEP][PASSED] - "WebOfficeURL - Set from the ENVIRONMENT PROFILE ": null

2020-04-24 08:36:37 - [TEST_STEP][PASSED] - "OPEN BROWSER": null

2020-04-24 08:36:37 - [TEST_STEP][PASSED] - "eg - https://admin.preview.checkatrade.com/  ": null

2020-04-24 08:36:37 - [TEST_STEP][PASSED] - openBrowser(WebOfficeURL): Browser is opened with url: 'https://admin.preview.checkatrade.com/'

2020-04-24 08:36:37 - [MESSAGE][INFO] - Starting 'Chrome' driver

2020-04-24 08:36:37 - [MESSAGE][INFO] - Action delay is set to 0 milliseconds

2020-04-24 08:36:41 - [MESSAGE][PASSED] - Browser is opened with url: 'https://admin.preview.checkatrade.com/'

2020-04-24 08:36:41 - [TEST_STEP][PASSED] - maximizeWindow(): Current window maximized

2020-04-24 08:36:43 - [MESSAGE][PASSED] - Current window maximized

2020-04-24 08:36:43 - [TEST_STEP][PASSED] - waitForElementClickable(findTestObject("Object Repository/WebOffice/Page_Checkatrade - Administration - Login/Login_Button"), 25): Object 'Object Repository/WebOffice/Page_Checkatrade - Administration - Login/Login_Button' is clickable

2020-04-24 08:36:44 - [MESSAGE][PASSED] - Object 'Object Repository/WebOffice/Page_Checkatrade - Administration - Login/Login_Button' is clickable

2020-04-24 08:36:44 - [TEST_STEP][PASSED] - verifyTextPresent("Checkatrade Web Office", false): Text 'Checkatrade Web Office' is present on page 

2020-04-24 08:36:44 - [MESSAGE][PASSED] - Text 'Checkatrade Web Office' is present on page 

2020-04-24 08:36:44 - [TEST_STEP][PASSED] - verifyTextPresent("Access for staff use only", false): Text 'Access for staff use only' is present on page 

2020-04-24 08:36:44 - [MESSAGE][PASSED] - Text 'Access for staff use only' is present on page 

2020-04-24 08:36:44 - [TEST_STEP][PASSED] - verifyTextPresent("Forgotten password?", false): Text 'Forgotten password?' is present on page 

2020-04-24 08:36:44 - [MESSAGE][PASSED] - Text 'Forgotten password?' is present on page 

2020-04-24 08:36:44 - [TEST_STEP][PASSED] - setText(findTestObject("Object Repository/WebOffice/Page_Checkatrade - Administration - Login/input_Username_LoginControlUserName"), wo_Username): Text 'DavidHo' is set on object 'Object Repository/WebOffice/Page_Checkatrade - Administration - Login/input_Username_LoginControlUserName'

2020-04-24 08:36:44 - [MESSAGE][PASSED] - Text 'DavidHo' is set on object 'Object Repository/WebOffice/Page_Checkatrade - Administration - Login/input_Username_LoginControlUserName'

2020-04-24 08:36:44 - [TEST_STEP][PASSED] - setText(findTestObject("Object Repository/WebOffice/Page_Checkatrade - Administration - Login/input_Password_LoginControlPassword"), wo_Password): Text 'Check123' is set on object 'Object Repository/WebOffice/Page_Checkatrade - Administration - Login/input_Password_LoginControlPassword'

2020-04-24 08:36:44 - [MESSAGE][PASSED] - Text 'Check123' is set on object 'Object Repository/WebOffice/Page_Checkatrade - Administration - Login/input_Password_LoginControlPassword'

2020-04-24 08:36:44 - [TEST_STEP][PASSED] - click(findTestObject("Object Repository/WebOffice/Page_Checkatrade - Administration - Login/Login_Button")): Object: 'Object Repository/WebOffice/Page_Checkatrade - Administration - Login/Login_Button' is clicked on

2020-04-24 08:36:45 - [MESSAGE][PASSED] - Object: 'Object Repository/WebOffice/Page_Checkatrade - Administration - Login/Login_Button' is clicked on

2020-04-24 08:36:45 - [TEST_STEP][PASSED] - waitForPageLoad(60): Wait for page load successfully

2020-04-24 08:36:45 - [MESSAGE][PASSED] - Wait for page load successfully

2020-04-24 08:36:45 - [TEST_STEP][PASSED] - verifyTextPresent("Welcome " + wo_Username, false): Text 'Welcome DavidHo' is present on page 

2020-04-24 08:36:45 - [MESSAGE][PASSED] - Text 'Welcome DavidHo' is present on page 

2020-04-24 08:36:45 - [MESSAGE][PASSED] - Call Test Case 'Test Cases/Reusable_Test_Sequences/Web_Office/Directives/WebOffice_StartUp' successfully

2020-04-24 08:36:45 - [TEST_STEP][PASSED] - "-----------------------------------------------------------------": null

2020-04-24 08:36:45 - [TEST_STEP][PASSED] - " Navigate to <Settings->Checkatrade.Com->Sub Item> Menu Item     |": null

2020-04-24 08:36:45 - [TEST_STEP][PASSED] - callTestCase(findTestCase("Reusable_Test_Sequences/Web_Office/Navigation/Sub_Menu_Navigation/Settings/Web_Office/MMA_Messages"), [:], STOP_ON_FAILURE): Call Test Case 'Test Cases/Reusable_Test_Sequences/Web_Office/Navigation/Sub_Menu_Navigation/Settings/Web_Office/MMA_Messages' successfully

2020-04-24 08:36:45 - [TEST_CASE][PASSED] - Test Cases/Reusable_Test_Sequences/Web_Office/Navigation/Sub_Menu_Navigation/Settings/Web_Office/MMA_Messages: Test Cases/Reusable_Test_Sequences/Web_Office/Navigation/Sub_Menu_Navigation/Settings/Web_Office/MMA_Messages

2020-04-24 08:36:45 - [TEST_STEP][PASSED] - "--------------------------------------": null

2020-04-24 08:36:45 - [TEST_STEP][PASSED] - " Navigate Top level menu Item         |": null

2020-04-24 08:36:45 - [TEST_STEP][PASSED] - waitForPageLoad(60): Wait for page load successfully

2020-04-24 08:36:45 - [MESSAGE][PASSED] - Wait for page load successfully

2020-04-24 08:36:45 - [TEST_STEP][PASSED] - waitForElementClickable(findTestObject("Object Repository/WebOffice_Home_page/a_Settings"), 60): Object 'Object Repository/WebOffice_Home_page/a_Settings' is clickable

2020-04-24 08:36:45 - [MESSAGE][PASSED] - Object 'Object Repository/WebOffice_Home_page/a_Settings' is clickable

2020-04-24 08:36:45 - [TEST_STEP][PASSED] - mouseOver(findTestObject("Object Repository/WebOffice_Home_page/a_Settings")): Object: 'Object Repository/WebOffice_Home_page/a_Settings' is hovered

2020-04-24 08:36:45 - [MESSAGE][PASSED] - Object: 'Object Repository/WebOffice_Home_page/a_Settings' is hovered

2020-04-24 08:36:45 - [TEST_STEP][PASSED] - mouseOver(findTestObject("Object Repository/WebOffice_Home_page/a_Web Office")): Object: 'Object Repository/WebOffice_Home_page/a_Web Office' is hovered

2020-04-24 08:36:46 - [MESSAGE][PASSED] - Object: 'Object Repository/WebOffice_Home_page/a_Web Office' is hovered

2020-04-24 08:36:46 - [TEST_STEP][PASSED] - waitForElementClickable(findTestObject("Object Repository/WebOffice_Home_page/a_MMA Messages"), 1): Object 'Object Repository/WebOffice_Home_page/a_MMA Messages' is clickable

2020-04-24 08:36:46 - [MESSAGE][PASSED] - Object 'Object Repository/WebOffice_Home_page/a_MMA Messages' is clickable

2020-04-24 08:36:46 - [TEST_STEP][PASSED] - click(findTestObject("Object Repository/WebOffice_Home_page/a_MMA Messages")): Object: 'Object Repository/WebOffice_Home_page/a_MMA Messages' is clicked on

2020-04-24 08:36:46 - [MESSAGE][PASSED] - Object: 'Object Repository/WebOffice_Home_page/a_MMA Messages' is clicked on

2020-04-24 08:36:46 - [MESSAGE][PASSED] - Call Test Case 'Test Cases/Reusable_Test_Sequences/Web_Office/Navigation/Sub_Menu_Navigation/Settings/Web_Office/MMA_Messages' successfully

2020-04-24 08:36:46 - [TEST_STEP][PASSED] - "--------------------------------------": null

2020-04-24 08:36:46 - [TEST_STEP][PASSED] - " Verify Returned Page Detail          |": null

2020-04-24 08:36:46 - [TEST_STEP][PASSED] - callTestCase(findTestCase("Reusable_Test_Sequences/Web_Office/Verification/Settings/Web_Office/MMA_Messages"), [:], OPTIONAL): Call Test Case 'Test Cases/Reusable_Test_Sequences/Web_Office/Verification/Settings/Web_Office/MMA_Messages' successfully

2020-04-24 08:36:46 - [TEST_CASE][PASSED] - Test Cases/Reusable_Test_Sequences/Web_Office/Verification/Settings/Web_Office/MMA_Messages: Test Cases/Reusable_Test_Sequences/Web_Office/Verification/Settings/Web_Office/MMA_Messages

2020-04-24 08:36:47 - [TEST_STEP][PASSED] - waitForPageLoad(60): Wait for page load successfully

2020-04-24 08:36:47 - [MESSAGE][PASSED] - Wait for page load successfully

2020-04-24 08:36:47 - [TEST_STEP][PASSED] - delay(1): Delayed 1 second(s)

2020-04-24 08:36:48 - [MESSAGE][PASSED] - Delayed 1 second(s)

2020-04-24 08:36:48 - [TEST_STEP][PASSED] - verifyTextPresent("MMA Messages", false): Text 'MMA Messages' is present on page 

2020-04-24 08:36:48 - [MESSAGE][PASSED] - Text 'MMA Messages' is present on page 

2020-04-24 08:36:48 - [TEST_STEP][PASSED] - "----------------------------------------------": null

2020-04-24 08:36:48 - [TEST_STEP][PASSED] - verifyTextPresent("Email", false): Text 'Email' is present on page 

2020-04-24 08:36:48 - [MESSAGE][PASSED] - Text 'Email' is present on page 

2020-04-24 08:36:48 - [TEST_STEP][PASSED] - "----------------------------------------------": null

2020-04-24 08:36:48 - [TEST_STEP][PASSED] - verifyTextPresent("Text", false): Text 'Text' is present on page 

2020-04-24 08:36:48 - [MESSAGE][PASSED] - Text 'Text' is present on page 

2020-04-24 08:36:48 - [TEST_STEP][PASSED] - "----------------------------------------------": null

2020-04-24 08:36:48 - [TEST_STEP][PASSED] - verifyTextPresent("Digital Messaging Sending Status", false): Text 'Digital Messaging Sending Status' is present on page 

2020-04-24 08:36:48 - [MESSAGE][PASSED] - Text 'Digital Messaging Sending Status' is present on page 

2020-04-24 08:36:48 - [TEST_STEP][PASSED] - "----------------------------------------------": null

2020-04-24 08:36:48 - [TEST_STEP][PASSED] - verifyTextPresent("Member Engagement Task Groups", false): Text 'Member Engagement Task Groups' is present on page 

2020-04-24 08:36:48 - [MESSAGE][PASSED] - Text 'Member Engagement Task Groups' is present on page 

2020-04-24 08:36:48 - [TEST_STEP][PASSED] - verifyTextPresent("Ultra", false): Text 'Ultra' is present on page 

2020-04-24 08:36:48 - [MESSAGE][PASSED] - Text 'Ultra' is present on page 

2020-04-24 08:36:48 - [TEST_STEP][PASSED] - verifyTextPresent("High", false): Text 'High' is present on page 

2020-04-24 08:36:48 - [MESSAGE][PASSED] - Text 'High' is present on page 

2020-04-24 08:36:48 - [TEST_STEP][PASSED] - verifyTextPresent("Medium", false): Text 'Medium' is present on page 

2020-04-24 08:36:48 - [MESSAGE][PASSED] - Text 'Medium' is present on page 

2020-04-24 08:36:48 - [TEST_STEP][PASSED] - verifyTextPresent("Low", false): Text 'Low' is present on page 

2020-04-24 08:36:48 - [MESSAGE][PASSED] - Text 'Low' is present on page 

2020-04-24 08:36:48 - [MESSAGE][PASSED] - Call Test Case 'Test Cases/Reusable_Test_Sequences/Web_Office/Verification/Settings/Web_Office/MMA_Messages' successfully

2020-04-24 08:36:48 - [TEST_STEP][PASSED] - "--------------------------": null

2020-04-24 08:36:48 - [TEST_STEP][PASSED] - " Teardown - CLose Browser |": null

2020-04-24 08:36:48 - [TEST_STEP][PASSED] - callTestCase(findTestCase("Reusable_Test_Sequences/CAT_Teardown"), [:], OPTIONAL): Call Test Case 'Test Cases/Reusable_Test_Sequences/CAT_Teardown' successfully

2020-04-24 08:36:48 - [TEST_CASE][PASSED] - Test Cases/Reusable_Test_Sequences/CAT_Teardown: Test Cases/Reusable_Test_Sequences/CAT_Teardown

2020-04-24 08:36:48 - [TEST_STEP][PASSED] - closeBrowser(): Browser is closed

2020-04-24 08:36:49 - [MESSAGE][PASSED] - Browser is closed

2020-04-24 08:36:49 - [TEST_STEP][PASSED] - super.finalize(): null

2020-04-24 08:36:49 - [TEST_STEP][PASSED] - System.gc(): null

2020-04-24 08:36:49 - [MESSAGE][PASSED] - Call Test Case 'Test Cases/Reusable_Test_Sequences/CAT_Teardown' successfully]]></system-out>
         <system-err><![CDATA[]]></system-err>
      </testcase>
      <testcase name="Test Cases/Web_Office/Settings/Web_Office/Engagement_Score_Drop_Alerts" time="21.074" classname="Test Cases/Web_Office/Settings/Web_Office/Engagement_Score_Drop_Alerts" status="PASSED">
         <system-out><![CDATA[2020-04-24 08:36:49 - [TEST_CASE][PASSED] - Test Cases/Web_Office/Settings/Web_Office/Engagement_Score_Drop_Alerts: Test Cases/Web_Office/Settings/Web_Office/Engagement_Score_Drop_Alerts

2020-04-24 08:36:50 - [TEST_STEP][PASSED] - "--------------------------------------": null

2020-04-24 08:36:50 - [TEST_STEP][PASSED] - " Web Office StartUp                  |": null

2020-04-24 08:36:50 - [TEST_STEP][PASSED] - callTestCase(findTestCase("Reusable_Test_Sequences/Web_Office/Directives/WebOffice_StartUp"), [:], STOP_ON_FAILURE): Call Test Case 'Test Cases/Reusable_Test_Sequences/Web_Office/Directives/WebOffice_StartUp' successfully

2020-04-24 08:36:50 - [TEST_CASE][PASSED] - Test Cases/Reusable_Test_Sequences/Web_Office/Directives/WebOffice_StartUp: Test Cases/Reusable_Test_Sequences/Web_Office/Directives/WebOffice_StartUp

2020-04-24 08:36:50 - [TEST_STEP][PASSED] - "-----------------------------------------------------------------------------": null

2020-04-24 08:36:50 - [TEST_STEP][PASSED] - if (URL == "https://www.dev.checkatrade.com/"): null

2020-04-24 08:36:50 - [TEST_STEP][PASSED] - "-----------------------------------------------------------------------------": null

2020-04-24 08:36:50 - [TEST_STEP][PASSED] - if (URL == "https://www.checkatrade.com/"): null

2020-04-24 08:36:50 - [TEST_STEP][PASSED] - "-----------------------------------------------------------------------------": null

2020-04-24 08:36:50 - [TEST_STEP][PASSED] - if (URL == "https://www.preview.checkatrade.com/"): null

2020-04-24 08:36:50 - [TEST_STEP][PASSED] - WebOfficeURL = "https://admin.preview.checkatrade.com/": null

2020-04-24 08:36:50 - [TEST_STEP][PASSED] - if (URL == "https://www.dev2.checkatrade.com/"): null

2020-04-24 08:36:50 - [TEST_STEP][PASSED] - "Set Function Area for "URL_Handler", URL Resolution": null

2020-04-24 08:36:50 - [TEST_STEP][PASSED] - "Do Some Magic with URL(s) See the comments within URL Handler ": null

2020-04-24 08:36:50 - [TEST_STEP][PASSED] - "------------------------------------------------": null

2020-04-24 08:36:50 - [TEST_STEP][PASSED] - "Moved Login Credentials to <Default> profile 22/01/2020": null

2020-04-24 08:36:50 - [TEST_STEP][PASSED] - "------------------------------------------------": null

2020-04-24 08:36:50 - [TEST_STEP][PASSED] - "WebOfficeURL - Set from the ENVIRONMENT PROFILE ": null

2020-04-24 08:36:50 - [TEST_STEP][PASSED] - "OPEN BROWSER": null

2020-04-24 08:36:50 - [TEST_STEP][PASSED] - "eg - https://admin.preview.checkatrade.com/  ": null

2020-04-24 08:36:50 - [TEST_STEP][PASSED] - openBrowser(WebOfficeURL): Browser is opened with url: 'https://admin.preview.checkatrade.com/'

2020-04-24 08:36:50 - [MESSAGE][INFO] - Starting 'Chrome' driver

2020-04-24 08:36:50 - [MESSAGE][INFO] - Action delay is set to 0 milliseconds

2020-04-24 08:36:54 - [MESSAGE][PASSED] - Browser is opened with url: 'https://admin.preview.checkatrade.com/'

2020-04-24 08:36:54 - [TEST_STEP][PASSED] - maximizeWindow(): Current window maximized

2020-04-24 08:36:57 - [MESSAGE][PASSED] - Current window maximized

2020-04-24 08:36:57 - [TEST_STEP][PASSED] - waitForElementClickable(findTestObject("Object Repository/WebOffice/Page_Checkatrade - Administration - Login/Login_Button"), 25): Object 'Object Repository/WebOffice/Page_Checkatrade - Administration - Login/Login_Button' is clickable

2020-04-24 08:36:57 - [MESSAGE][PASSED] - Object 'Object Repository/WebOffice/Page_Checkatrade - Administration - Login/Login_Button' is clickable

2020-04-24 08:36:57 - [TEST_STEP][PASSED] - verifyTextPresent("Checkatrade Web Office", false): Text 'Checkatrade Web Office' is present on page 

2020-04-24 08:36:57 - [MESSAGE][PASSED] - Text 'Checkatrade Web Office' is present on page 

2020-04-24 08:36:57 - [TEST_STEP][PASSED] - verifyTextPresent("Access for staff use only", false): Text 'Access for staff use only' is present on page 

2020-04-24 08:36:57 - [MESSAGE][PASSED] - Text 'Access for staff use only' is present on page 

2020-04-24 08:36:57 - [TEST_STEP][PASSED] - verifyTextPresent("Forgotten password?", false): Text 'Forgotten password?' is present on page 

2020-04-24 08:36:57 - [MESSAGE][PASSED] - Text 'Forgotten password?' is present on page 

2020-04-24 08:36:57 - [TEST_STEP][PASSED] - setText(findTestObject("Object Repository/WebOffice/Page_Checkatrade - Administration - Login/input_Username_LoginControlUserName"), wo_Username): Text 'DavidHo' is set on object 'Object Repository/WebOffice/Page_Checkatrade - Administration - Login/input_Username_LoginControlUserName'

2020-04-24 08:36:57 - [MESSAGE][PASSED] - Text 'DavidHo' is set on object 'Object Repository/WebOffice/Page_Checkatrade - Administration - Login/input_Username_LoginControlUserName'

2020-04-24 08:36:57 - [TEST_STEP][PASSED] - setText(findTestObject("Object Repository/WebOffice/Page_Checkatrade - Administration - Login/input_Password_LoginControlPassword"), wo_Password): Text 'Check123' is set on object 'Object Repository/WebOffice/Page_Checkatrade - Administration - Login/input_Password_LoginControlPassword'

2020-04-24 08:36:57 - [MESSAGE][PASSED] - Text 'Check123' is set on object 'Object Repository/WebOffice/Page_Checkatrade - Administration - Login/input_Password_LoginControlPassword'

2020-04-24 08:36:57 - [TEST_STEP][PASSED] - click(findTestObject("Object Repository/WebOffice/Page_Checkatrade - Administration - Login/Login_Button")): Object: 'Object Repository/WebOffice/Page_Checkatrade - Administration - Login/Login_Button' is clicked on

2020-04-24 08:36:58 - [MESSAGE][PASSED] - Object: 'Object Repository/WebOffice/Page_Checkatrade - Administration - Login/Login_Button' is clicked on

2020-04-24 08:36:58 - [TEST_STEP][PASSED] - waitForPageLoad(60): Wait for page load successfully

2020-04-24 08:36:58 - [MESSAGE][PASSED] - Wait for page load successfully

2020-04-24 08:36:58 - [TEST_STEP][PASSED] - verifyTextPresent("Welcome " + wo_Username, false): Text 'Welcome DavidHo' is present on page 

2020-04-24 08:36:58 - [MESSAGE][PASSED] - Text 'Welcome DavidHo' is present on page 

2020-04-24 08:36:58 - [MESSAGE][PASSED] - Call Test Case 'Test Cases/Reusable_Test_Sequences/Web_Office/Directives/WebOffice_StartUp' successfully

2020-04-24 08:36:58 - [TEST_STEP][PASSED] - "-----------------------------------------------------------------": null

2020-04-24 08:36:58 - [TEST_STEP][PASSED] - " Navigate to <Settings->Checkatrade.Com->Sub Item> Menu Item     |": null

2020-04-24 08:36:58 - [TEST_STEP][PASSED] - callTestCase(findTestCase("Reusable_Test_Sequences/Web_Office/Navigation/Sub_Menu_Navigation/Settings/Web_Office/Engagement_Score_Drop_Alerts"), [:], STOP_ON_FAILURE): Call Test Case 'Test Cases/Reusable_Test_Sequences/Web_Office/Navigation/Sub_Menu_Navigation/Settings/Web_Office/Engagement_Score_Drop_Alerts' successfully

2020-04-24 08:36:58 - [TEST_CASE][PASSED] - Test Cases/Reusable_Test_Sequences/Web_Office/Navigation/Sub_Menu_Navigation/Settings/Web_Office/Engagement_Score_Drop_Alerts: Test Cases/Reusable_Test_Sequences/Web_Office/Navigation/Sub_Menu_Navigation/Settings/Web_Office/Engagement_Score_Drop_Alerts

2020-04-24 08:36:59 - [TEST_STEP][PASSED] - "--------------------------------------": null

2020-04-24 08:36:59 - [TEST_STEP][PASSED] - " Navigate Top level menu Item         |": null

2020-04-24 08:36:59 - [TEST_STEP][PASSED] - waitForPageLoad(60): Wait for page load successfully

2020-04-24 08:36:59 - [MESSAGE][PASSED] - Wait for page load successfully

2020-04-24 08:36:59 - [TEST_STEP][PASSED] - waitForElementClickable(findTestObject("Object Repository/WebOffice_Home_page/a_Settings"), 60): Object 'Object Repository/WebOffice_Home_page/a_Settings' is clickable

2020-04-24 08:36:59 - [MESSAGE][PASSED] - Object 'Object Repository/WebOffice_Home_page/a_Settings' is clickable

2020-04-24 08:36:59 - [TEST_STEP][PASSED] - mouseOver(findTestObject("Object Repository/WebOffice_Home_page/a_Settings")): Object: 'Object Repository/WebOffice_Home_page/a_Settings' is hovered

2020-04-24 08:36:59 - [MESSAGE][PASSED] - Object: 'Object Repository/WebOffice_Home_page/a_Settings' is hovered

2020-04-24 08:36:59 - [TEST_STEP][PASSED] - mouseOver(findTestObject("Object Repository/WebOffice_Home_page/a_Web Office")): Object: 'Object Repository/WebOffice_Home_page/a_Web Office' is hovered

2020-04-24 08:36:59 - [MESSAGE][PASSED] - Object: 'Object Repository/WebOffice_Home_page/a_Web Office' is hovered

2020-04-24 08:36:59 - [TEST_STEP][PASSED] - executeJavaScript("document.body.style.zoom='zoom 60%'", null): Execute JavaScript 'document.body.style.zoom='zoom 60%'' successfully

2020-04-24 08:36:59 - [MESSAGE][PASSED] - Execute JavaScript 'document.body.style.zoom='zoom 60%'' successfully

2020-04-24 08:36:59 - [TEST_STEP][PASSED] - mouseOver(findTestObject("Object Repository/WebOffice_Home_page/a_Engagement Score Drop Alerts")): Object: 'Object Repository/WebOffice_Home_page/a_Engagement Score Drop Alerts' is hovered

2020-04-24 08:36:59 - [MESSAGE][PASSED] - Object: 'Object Repository/WebOffice_Home_page/a_Engagement Score Drop Alerts' is hovered

2020-04-24 08:36:59 - [TEST_STEP][PASSED] - waitForElementClickable(findTestObject("Object Repository/WebOffice_Home_page/a_Engagement Score Drop Alerts_1"), 1): Object 'Object Repository/WebOffice_Home_page/a_Engagement Score Drop Alerts_1' is clickable

2020-04-24 08:36:59 - [MESSAGE][PASSED] - Object 'Object Repository/WebOffice_Home_page/a_Engagement Score Drop Alerts_1' is clickable

2020-04-24 08:36:59 - [TEST_STEP][PASSED] - click(findTestObject("Object Repository/WebOffice_Home_page/a_Engagement Score Drop Alerts_1")): Object: 'Object Repository/WebOffice_Home_page/a_Engagement Score Drop Alerts_1' is clicked on

2020-04-24 08:37:01 - [MESSAGE][PASSED] - Object: 'Object Repository/WebOffice_Home_page/a_Engagement Score Drop Alerts_1' is clicked on

2020-04-24 08:37:01 - [TEST_STEP][PASSED] - executeJavaScript("document.body.style.zoom='zoom 100%'", null): Execute JavaScript 'document.body.style.zoom='zoom 100%'' successfully

2020-04-24 08:37:01 - [MESSAGE][PASSED] - Execute JavaScript 'document.body.style.zoom='zoom 100%'' successfully

2020-04-24 08:37:01 - [MESSAGE][PASSED] - Call Test Case 'Test Cases/Reusable_Test_Sequences/Web_Office/Navigation/Sub_Menu_Navigation/Settings/Web_Office/Engagement_Score_Drop_Alerts' successfully

2020-04-24 08:37:01 - [TEST_STEP][PASSED] - "--------------------------------------": null

2020-04-24 08:37:01 - [TEST_STEP][PASSED] - " Verify Returned Page Detail          |": null

2020-04-24 08:37:01 - [TEST_STEP][PASSED] - callTestCase(findTestCase("Reusable_Test_Sequences/Web_Office/Verification/Settings/Web_Office/Engagement_Score_Drop_Alerts"), [:], OPTIONAL): Unable to call Test Case 'Test Cases/Reusable_Test_Sequences/Web_Office/Verification/Settings/Web_Office/Engagement_Score_Drop_Alerts' (Root cause: com.kms.katalon.core.exception.StepFailedException: Call Test Case 'Test Cases/Reusable_Test_Sequences/Web_Office/Verification/Settings/Web_Office/Engagement_Score_Drop_Alerts' failed
	at com.kms.katalon.core.keyword.builtin.CallTestCaseKeyword$_callTestCase_closure1.doCall(CallTestCaseKeyword.groovy:63)
	at com.kms.katalon.core.keyword.builtin.CallTestCaseKeyword$_callTestCase_closure1.call(CallTestCaseKeyword.groovy)
	at com.kms.katalon.core.keyword.internal.KeywordMain.runKeyword(KeywordMain.groovy:68)
	at com.kms.katalon.core.keyword.builtin.CallTestCaseKeyword.callTestCase(CallTestCaseKeyword.groovy:81)
	at com.kms.katalon.core.keyword.builtin.CallTestCaseKeyword.execute(CallTestCaseKeyword.groovy:44)
	at com.kms.katalon.core.keyword.internal.KeywordExecutor.executeKeywordForPlatform(KeywordExecutor.groovy:72)
	at com.kms.katalon.core.keyword.BuiltinKeywords.callTestCase(BuiltinKeywords.groovy:334)
	at Engagement_Score_Drop_Alerts.run(Engagement_Score_Drop_Alerts:63)
	at com.kms.katalon.core.main.ScriptEngine.run(ScriptEngine.java:194)
	at com.kms.katalon.core.main.ScriptEngine.runScriptAsRawText(ScriptEngine.java:119)
	at com.kms.katalon.core.main.TestCaseExecutor.runScript(TestCaseExecutor.java:337)
	at com.kms.katalon.core.main.TestCaseExecutor.doExecute(TestCaseExecutor.java:328)
	at com.kms.katalon.core.main.TestCaseExecutor.processExecutionPhase(TestCaseExecutor.java:307)
	at com.kms.katalon.core.main.TestCaseExecutor.accessMainPhase(TestCaseExecutor.java:299)
	at com.kms.katalon.core.main.TestCaseExecutor.execute(TestCaseExecutor.java:233)
	at com.kms.katalon.core.main.TestSuiteExecutor.accessTestCaseMainPhase(TestSuiteExecutor.java:169)
	at com.kms.katalon.core.main.TestSuiteExecutor.accessTestSuiteMainPhase(TestSuiteExecutor.java:142)
	at com.kms.katalon.core.main.TestSuiteExecutor.execute(TestSuiteExecutor.java:91)
	at com.kms.katalon.core.main.TestCaseMain.startTestSuite(TestCaseMain.java:157)
	at com.kms.katalon.core.main.TestCaseMain$startTestSuite$0.call(Unknown Source)
	at TempTestSuite1587711615204.run(TempTestSuite1587711615204.groovy:37)
Caused by: com.kms.katalon.core.exception.StepFailedException: Text '54.46' is not present on page  (Root cause: com.kms.katalon.core.exception.StepFailedException: Text '54.46' is not present on page 
	at com.kms.katalon.core.webui.keyword.internal.WebUIKeywordMain.stepFailed(WebUIKeywordMain.groovy:64)
	at com.kms.katalon.core.webui.keyword.builtin.VerifyTextPresentKeyword$_verifyTextPresent_closure1.doCall(VerifyTextPresentKeyword.groovy:79)
	at com.kms.katalon.core.webui.keyword.builtin.VerifyTextPresentKeyword$_verifyTextPresent_closure1.call(VerifyTextPresentKeyword.groovy)
	at com.kms.katalon.core.webui.keyword.internal.WebUIKeywordMain.runKeyword(WebUIKeywordMain.groovy:20)
	at com.kms.katalon.core.webui.keyword.builtin.VerifyTextPresentKeyword.verifyTextPresent(VerifyTextPresentKeyword.groovy:83)
	at com.kms.katalon.core.webui.keyword.builtin.VerifyTextPresentKeyword.execute(VerifyTextPresentKeyword.groovy:68)
	at com.kms.katalon.core.keyword.internal.KeywordExecutor.executeKeywordForPlatform(KeywordExecutor.groovy:72)
	at com.kms.katalon.core.webui.keyword.WebUiBuiltInKeywords.verifyTextPresent(WebUiBuiltInKeywords.groovy:1719)
	at com.kms.katalon.core.webui.keyword.WebUiBuiltInKeywords$verifyTextPresent$2.call(Unknown Source)
	at Engagement_Score_Drop_Alerts.run(Engagement_Score_Drop_Alerts:78)
	at com.kms.katalon.core.main.ScriptEngine.run(ScriptEngine.java:194)
	at com.kms.katalon.core.main.ScriptEngine.runScriptAsRawText(ScriptEngine.java:119)
	at com.kms.katalon.core.main.TestCaseExecutor.runScript(TestCaseExecutor.java:337)
	at com.kms.katalon.core.main.TestCaseExecutor.doExecute(TestCaseExecutor.java:328)
	at com.kms.katalon.core.main.TestCaseExecutor.processExecutionPhase(TestCaseExecutor.java:307)
	at com.kms.katalon.core.main.TestCaseExecutor.accessMainPhase(TestCaseExecutor.java:299)
	at com.kms.katalon.core.main.TestCaseExecutor.execute(TestCaseExecutor.java:233)
	at com.kms.katalon.core.main.TestCaseMain.runTestCase(TestCaseMain.java:114)
	at com.kms.katalon.core.keyword.builtin.CallTestCaseKeyword$_callTestCase_closure1.doCall(CallTestCaseKeyword.groovy:59)
	at com.kms.katalon.core.keyword.builtin.CallTestCaseKeyword$_callTestCase_closure1.call(CallTestCaseKeyword.groovy)
	at com.kms.katalon.core.keyword.internal.KeywordMain.runKeyword(KeywordMain.groovy:68)
	at com.kms.katalon.core.keyword.builtin.CallTestCaseKeyword.callTestCase(CallTestCaseKeyword.groovy:81)
	at com.kms.katalon.core.keyword.builtin.CallTestCaseKeyword.execute(CallTestCaseKeyword.groovy:44)
	at com.kms.katalon.core.keyword.internal.KeywordExecutor.executeKeywordForPlatform(KeywordExecutor.groovy:72)
	at com.kms.katalon.core.keyword.BuiltinKeywords.callTestCase(BuiltinKeywords.groovy:334)
	at Engagement_Score_Drop_Alerts.run(Engagement_Score_Drop_Alerts:63)
	at com.kms.katalon.core.main.ScriptEngine.run(ScriptEngine.java:194)
	at com.kms.katalon.core.main.ScriptEngine.runScriptAsRawText(ScriptEngine.java:119)
	at com.kms.katalon.core.main.TestCaseExecutor.runScript(TestCaseExecutor.java:337)
	at com.kms.katalon.core.main.TestCaseExecutor.doExecute(TestCaseExecutor.java:328)
	at com.kms.katalon.core.main.TestCaseExecutor.processExecutionPhase(TestCaseExecutor.java:307)
	at com.kms.katalon.core.main.TestCaseExecutor.accessMainPhase(TestCaseExecutor.java:299)
	at com.kms.katalon.core.main.TestCaseExecutor.execute(TestCaseExecutor.java:233)
	at com.kms.katalon.core.main.TestSuiteExecutor.accessTestCaseMainPhase(TestSuiteExecutor.java:169)
	at com.kms.katalon.core.main.TestSuiteExecutor.accessTestSuiteMainPhase(TestSuiteExecutor.java:142)
	at com.kms.katalon.core.main.TestSuiteExecutor.execute(TestSuiteExecutor.java:91)
	at com.kms.katalon.core.main.TestCaseMain.startTestSuite(TestCaseMain.java:157)
	at com.kms.katalon.core.main.TestCaseMain$startTestSuite$0.call(Unknown Source)
	at TempTestSuite1587711615204.run(TempTestSuite1587711615204.groovy:37)
)
	at com.kms.katalon.core.keyword.internal.KeywordMain.stepFailed(KeywordMain.groovy:39)
	at com.kms.katalon.core.webui.keyword.internal.WebUIKeywordMain.stepFailed(WebUIKeywordMain.groovy:64)
	at com.kms.katalon.core.webui.keyword.builtin.VerifyTextPresentKeyword$_verifyTextPresent_closure1.doCall(VerifyTextPresentKeyword.groovy:79)
	at com.kms.katalon.core.webui.keyword.builtin.VerifyTextPresentKeyword$_verifyTextPresent_closure1.call(VerifyTextPresentKeyword.groovy)
	at com.kms.katalon.core.webui.keyword.internal.WebUIKeywordMain.runKeyword(WebUIKeywordMain.groovy:20)
	at com.kms.katalon.core.webui.keyword.builtin.VerifyTextPresentKeyword.verifyTextPresent(VerifyTextPresentKeyword.groovy:83)
	at com.kms.katalon.core.webui.keyword.builtin.VerifyTextPresentKeyword.execute(VerifyTextPresentKeyword.groovy:68)
	at com.kms.katalon.core.keyword.internal.KeywordExecutor.executeKeywordForPlatform(KeywordExecutor.groovy:72)
	at com.kms.katalon.core.webui.keyword.WebUiBuiltInKeywords.verifyTextPresent(WebUiBuiltInKeywords.groovy:1719)
	at com.kms.katalon.core.webui.keyword.WebUiBuiltInKeywords$verifyTextPresent$2.call(Unknown Source)
	at Engagement_Score_Drop_Alerts.run(Engagement_Score_Drop_Alerts:78)
	at com.kms.katalon.core.main.ScriptEngine.run(ScriptEngine.java:194)
	at com.kms.katalon.core.main.ScriptEngine.runScriptAsRawText(ScriptEngine.java:119)
	at com.kms.katalon.core.main.TestCaseExecutor.runScript(TestCaseExecutor.java:337)
	at com.kms.katalon.core.main.TestCaseExecutor.doExecute(TestCaseExecutor.java:328)
	at com.kms.katalon.core.main.TestCaseExecutor.processExecutionPhase(TestCaseExecutor.java:307)
	at com.kms.katalon.core.main.TestCaseExecutor.accessMainPhase(TestCaseExecutor.java:299)
	at com.kms.katalon.core.main.TestCaseExecutor.execute(TestCaseExecutor.java:233)
	at com.kms.katalon.core.main.TestCaseMain.runTestCase(TestCaseMain.java:114)
	at com.kms.katalon.core.keyword.builtin.CallTestCaseKeyword$_callTestCase_closure1.doCall(CallTestCaseKeyword.groovy:59)
	... 20 more
Caused by: com.kms.katalon.core.exception.StepFailedException: Text '54.46' is not present on page 
	... 39 more
)

2020-04-24 08:37:01 - [TEST_CASE][FAILED] - Test Cases/Reusable_Test_Sequences/Web_Office/Verification/Settings/Web_Office/Engagement_Score_Drop_Alerts: Test Cases/Reusable_Test_Sequences/Web_Office/Verification/Settings/Web_Office/Engagement_Score_Drop_Alerts FAILED.
Reason:
com.kms.katalon.core.exception.StepFailedException: Text '54.46' is not present on page  (Root cause: com.kms.katalon.core.exception.StepFailedException: Text '54.46' is not present on page 
	at com.kms.katalon.core.webui.keyword.internal.WebUIKeywordMain.stepFailed(WebUIKeywordMain.groovy:64)
	at com.kms.katalon.core.webui.keyword.builtin.VerifyTextPresentKeyword$_verifyTextPresent_closure1.doCall(VerifyTextPresentKeyword.groovy:79)
	at com.kms.katalon.core.webui.keyword.builtin.VerifyTextPresentKeyword$_verifyTextPresent_closure1.call(VerifyTextPresentKeyword.groovy)
	at com.kms.katalon.core.webui.keyword.internal.WebUIKeywordMain.runKeyword(WebUIKeywordMain.groovy:20)
	at com.kms.katalon.core.webui.keyword.builtin.VerifyTextPresentKeyword.verifyTextPresent(VerifyTextPresentKeyword.groovy:83)
	at com.kms.katalon.core.webui.keyword.builtin.VerifyTextPresentKeyword.execute(VerifyTextPresentKeyword.groovy:68)
	at com.kms.katalon.core.keyword.internal.KeywordExecutor.executeKeywordForPlatform(KeywordExecutor.groovy:72)
	at com.kms.katalon.core.webui.keyword.WebUiBuiltInKeywords.verifyTextPresent(WebUiBuiltInKeywords.groovy:1719)
	at com.kms.katalon.core.webui.keyword.WebUiBuiltInKeywords$verifyTextPresent$2.call(Unknown Source)
	at Engagement_Score_Drop_Alerts.run(Engagement_Score_Drop_Alerts:78)
	at com.kms.katalon.core.main.ScriptEngine.run(ScriptEngine.java:194)
	at com.kms.katalon.core.main.ScriptEngine.runScriptAsRawText(ScriptEngine.java:119)
	at com.kms.katalon.core.main.TestCaseExecutor.runScript(TestCaseExecutor.java:337)
	at com.kms.katalon.core.main.TestCaseExecutor.doExecute(TestCaseExecutor.java:328)
	at com.kms.katalon.core.main.TestCaseExecutor.processExecutionPhase(TestCaseExecutor.java:307)
	at com.kms.katalon.core.main.TestCaseExecutor.accessMainPhase(TestCaseExecutor.java:299)
	at com.kms.katalon.core.main.TestCaseExecutor.execute(TestCaseExecutor.java:233)
	at com.kms.katalon.core.main.TestCaseMain.runTestCase(TestCaseMain.java:114)
	at com.kms.katalon.core.keyword.builtin.CallTestCaseKeyword$_callTestCase_closure1.doCall(CallTestCaseKeyword.groovy:59)
	at com.kms.katalon.core.keyword.builtin.CallTestCaseKeyword$_callTestCase_closure1.call(CallTestCaseKeyword.groovy)
	at com.kms.katalon.core.keyword.internal.KeywordMain.runKeyword(KeywordMain.groovy:68)
	at com.kms.katalon.core.keyword.builtin.CallTestCaseKeyword.callTestCase(CallTestCaseKeyword.groovy:81)
	at com.kms.katalon.core.keyword.builtin.CallTestCaseKeyword.execute(CallTestCaseKeyword.groovy:44)
	at com.kms.katalon.core.keyword.internal.KeywordExecutor.executeKeywordForPlatform(KeywordExecutor.groovy:72)
	at com.kms.katalon.core.keyword.BuiltinKeywords.callTestCase(BuiltinKeywords.groovy:334)
	at Engagement_Score_Drop_Alerts.run(Engagement_Score_Drop_Alerts:63)
	at com.kms.katalon.core.main.ScriptEngine.run(ScriptEngine.java:194)
	at com.kms.katalon.core.main.ScriptEngine.runScriptAsRawText(ScriptEngine.java:119)
	at com.kms.katalon.core.main.TestCaseExecutor.runScript(TestCaseExecutor.java:337)
	at com.kms.katalon.core.main.TestCaseExecutor.doExecute(TestCaseExecutor.java:328)
	at com.kms.katalon.core.main.TestCaseExecutor.processExecutionPhase(TestCaseExecutor.java:307)
	at com.kms.katalon.core.main.TestCaseExecutor.accessMainPhase(TestCaseExecutor.java:299)
	at com.kms.katalon.core.main.TestCaseExecutor.execute(TestCaseExecutor.java:233)
	at com.kms.katalon.core.main.TestSuiteExecutor.accessTestCaseMainPhase(TestSuiteExecutor.java:169)
	at com.kms.katalon.core.main.TestSuiteExecutor.accessTestSuiteMainPhase(TestSuiteExecutor.java:142)
	at com.kms.katalon.core.main.TestSuiteExecutor.execute(TestSuiteExecutor.java:91)
	at com.kms.katalon.core.main.TestCaseMain.startTestSuite(TestCaseMain.java:157)
	at com.kms.katalon.core.main.TestCaseMain$startTestSuite$0.call(Unknown Source)
	at TempTestSuite1587711615204.run(TempTestSuite1587711615204.groovy:37)
)
	at com.kms.katalon.core.keyword.internal.KeywordMain.stepFailed(KeywordMain.groovy:39)
	at com.kms.katalon.core.webui.keyword.internal.WebUIKeywordMain.stepFailed(WebUIKeywordMain.groovy:64)
	at com.kms.katalon.core.webui.keyword.builtin.VerifyTextPresentKeyword$_verifyTextPresent_closure1.doCall(VerifyTextPresentKeyword.groovy:79)
	at com.kms.katalon.core.webui.keyword.builtin.VerifyTextPresentKeyword$_verifyTextPresent_closure1.call(VerifyTextPresentKeyword.groovy)
	at com.kms.katalon.core.webui.keyword.internal.WebUIKeywordMain.runKeyword(WebUIKeywordMain.groovy:20)
	at com.kms.katalon.core.webui.keyword.builtin.VerifyTextPresentKeyword.verifyTextPresent(VerifyTextPresentKeyword.groovy:83)
	at com.kms.katalon.core.webui.keyword.builtin.VerifyTextPresentKeyword.execute(VerifyTextPresentKeyword.groovy:68)
	at com.kms.katalon.core.keyword.internal.KeywordExecutor.executeKeywordForPlatform(KeywordExecutor.groovy:72)
	at com.kms.katalon.core.webui.keyword.WebUiBuiltInKeywords.verifyTextPresent(WebUiBuiltInKeywords.groovy:1719)
	at com.kms.katalon.core.webui.keyword.WebUiBuiltInKeywords$verifyTextPresent$2.call(Unknown Source)
	at Engagement_Score_Drop_Alerts.run(Engagement_Score_Drop_Alerts:78)
	at com.kms.katalon.core.main.ScriptEngine.run(ScriptEngine.java:194)
	at com.kms.katalon.core.main.ScriptEngine.runScriptAsRawText(ScriptEngine.java:119)
	at com.kms.katalon.core.main.TestCaseExecutor.runScript(TestCaseExecutor.java:337)
	at com.kms.katalon.core.main.TestCaseExecutor.doExecute(TestCaseExecutor.java:328)
	at com.kms.katalon.core.main.TestCaseExecutor.processExecutionPhase(TestCaseExecutor.java:307)
	at com.kms.katalon.core.main.TestCaseExecutor.accessMainPhase(TestCaseExecutor.java:299)
	at com.kms.katalon.core.main.TestCaseExecutor.execute(TestCaseExecutor.java:233)
	at com.kms.katalon.core.main.TestCaseMain.runTestCase(TestCaseMain.java:114)
	at com.kms.katalon.core.keyword.builtin.CallTestCaseKeyword$_callTestCase_closure1.doCall(CallTestCaseKeyword.groovy:59)
	at com.kms.katalon.core.keyword.builtin.CallTestCaseKeyword$_callTestCase_closure1.call(CallTestCaseKeyword.groovy)
	at com.kms.katalon.core.keyword.internal.KeywordMain.runKeyword(KeywordMain.groovy:68)
	at com.kms.katalon.core.keyword.builtin.CallTestCaseKeyword.callTestCase(CallTestCaseKeyword.groovy:81)
	at com.kms.katalon.core.keyword.builtin.CallTestCaseKeyword.execute(CallTestCaseKeyword.groovy:44)
	at com.kms.katalon.core.keyword.internal.KeywordExecutor.executeKeywordForPlatform(KeywordExecutor.groovy:72)
	at com.kms.katalon.core.keyword.BuiltinKeywords.callTestCase(BuiltinKeywords.groovy:334)
	at Engagement_Score_Drop_Alerts.run(Engagement_Score_Drop_Alerts:63)
	at com.kms.katalon.core.main.ScriptEngine.run(ScriptEngine.java:194)
	at com.kms.katalon.core.main.ScriptEngine.runScriptAsRawText(ScriptEngine.java:119)
	at com.kms.katalon.core.main.TestCaseExecutor.runScript(TestCaseExecutor.java:337)
	at com.kms.katalon.core.main.TestCaseExecutor.doExecute(TestCaseExecutor.java:328)
	at com.kms.katalon.core.main.TestCaseExecutor.processExecutionPhase(TestCaseExecutor.java:307)
	at com.kms.katalon.core.main.TestCaseExecutor.accessMainPhase(TestCaseExecutor.java:299)
	at com.kms.katalon.core.main.TestCaseExecutor.execute(TestCaseExecutor.java:233)
	at com.kms.katalon.core.main.TestSuiteExecutor.accessTestCaseMainPhase(TestSuiteExecutor.java:169)
	at com.kms.katalon.core.main.TestSuiteExecutor.accessTestSuiteMainPhase(TestSuiteExecutor.java:142)
	at com.kms.katalon.core.main.TestSuiteExecutor.execute(TestSuiteExecutor.java:91)
	at com.kms.katalon.core.main.TestCaseMain.startTestSuite(TestCaseMain.java:157)
	at com.kms.katalon.core.main.TestCaseMain$startTestSuite$0.call(Unknown Source)
	at TempTestSuite1587711615204.run(TempTestSuite1587711615204.groovy:37)
Caused by: com.kms.katalon.core.exception.StepFailedException: Text '54.46' is not present on page 
	... 39 more


2020-04-24 08:37:02 - [TEST_STEP][PASSED] - waitForPageLoad(60): Wait for page load successfully

2020-04-24 08:37:02 - [MESSAGE][PASSED] - Wait for page load successfully

2020-04-24 08:37:02 - [TEST_STEP][PASSED] - delay(1): Delayed 1 second(s)

2020-04-24 08:37:03 - [MESSAGE][PASSED] - Delayed 1 second(s)

2020-04-24 08:37:03 - [TEST_STEP][PASSED] - verifyTextPresent("Engagement Score Drop Alerts", false): Text 'Engagement Score Drop Alerts' is present on page 

2020-04-24 08:37:03 - [MESSAGE][PASSED] - Text 'Engagement Score Drop Alerts' is present on page 

2020-04-24 08:37:03 - [TEST_STEP][PASSED] - "----------------------------------------------": null

2020-04-24 08:37:03 - [TEST_STEP][PASSED] - verifyTextPresent("DIRECTORY HEADING", false): Text 'DIRECTORY HEADING' is present on page 

2020-04-24 08:37:04 - [MESSAGE][PASSED] - Text 'DIRECTORY HEADING' is present on page 

2020-04-24 08:37:04 - [TEST_STEP][PASSED] - verifyTextPresent("CURRENT AVG. ES", false): Text 'CURRENT AVG. ES' is present on page 

2020-04-24 08:37:04 - [MESSAGE][PASSED] - Text 'CURRENT AVG. ES' is present on page 

2020-04-24 08:37:04 - [TEST_STEP][PASSED] - verifyTextPresent("3 MONTH AVG. ES", false): Text '3 MONTH AVG. ES' is present on page 

2020-04-24 08:37:06 - [MESSAGE][PASSED] - Text '3 MONTH AVG. ES' is present on page 

2020-04-24 08:37:06 - [TEST_STEP][PASSED] - verifyTextPresent("LOW ES DROP A", false): Text 'LOW ES DROP A' is present on page 

2020-04-24 08:37:07 - [MESSAGE][PASSED] - Text 'LOW ES DROP A' is present on page 

2020-04-24 08:37:07 - [TEST_STEP][PASSED] - "----------------------------------------------": null

2020-04-24 08:37:07 - [TEST_STEP][PASSED] - verifyTextPresent("UPDATE ALL HEADINGS", false): Text 'UPDATE ALL HEADINGS' is present on page 

2020-04-24 08:37:07 - [MESSAGE][PASSED] - Text 'UPDATE ALL HEADINGS' is present on page 

2020-04-24 08:37:07 - [TEST_STEP][PASSED] - verifyTextPresent("N/A", false): Text 'N/A' is present on page 

2020-04-24 08:37:08 - [MESSAGE][PASSED] - Text 'N/A' is present on page 

2020-04-24 08:37:08 - [TEST_STEP][PASSED] - verifyTextPresent("WOOD FLOORING", false): Text 'WOOD FLOORING' is present on page 

2020-04-24 08:37:09 - [MESSAGE][PASSED] - Text 'WOOD FLOORING' is present on page 

2020-04-24 08:37:09 - [TEST_STEP][PASSED] - verifyTextPresent("60.53", false): Text '60.53' is present on page 

2020-04-24 08:37:09 - [MESSAGE][PASSED] - Text '60.53' is present on page 

2020-04-24 08:37:09 - [TEST_STEP][FAILED] - verifyTextPresent("54.46", false): Text '54.46' is not present on page  (Root cause: com.kms.katalon.core.exception.StepFailedException: Text '54.46' is not present on page 
	at com.kms.katalon.core.webui.keyword.internal.WebUIKeywordMain.stepFailed(WebUIKeywordMain.groovy:64)
	at com.kms.katalon.core.webui.keyword.builtin.VerifyTextPresentKeyword$_verifyTextPresent_closure1.doCall(VerifyTextPresentKeyword.groovy:79)
	at com.kms.katalon.core.webui.keyword.builtin.VerifyTextPresentKeyword$_verifyTextPresent_closure1.call(VerifyTextPresentKeyword.groovy)
	at com.kms.katalon.core.webui.keyword.internal.WebUIKeywordMain.runKeyword(WebUIKeywordMain.groovy:20)
	at com.kms.katalon.core.webui.keyword.builtin.VerifyTextPresentKeyword.verifyTextPresent(VerifyTextPresentKeyword.groovy:83)
	at com.kms.katalon.core.webui.keyword.builtin.VerifyTextPresentKeyword.execute(VerifyTextPresentKeyword.groovy:68)
	at com.kms.katalon.core.keyword.internal.KeywordExecutor.executeKeywordForPlatform(KeywordExecutor.groovy:72)
	at com.kms.katalon.core.webui.keyword.WebUiBuiltInKeywords.verifyTextPresent(WebUiBuiltInKeywords.groovy:1719)
	at com.kms.katalon.core.webui.keyword.WebUiBuiltInKeywords$verifyTextPresent$2.call(Unknown Source)
	at Engagement_Score_Drop_Alerts.run(Engagement_Score_Drop_Alerts:78)
	at com.kms.katalon.core.main.ScriptEngine.run(ScriptEngine.java:194)
	at com.kms.katalon.core.main.ScriptEngine.runScriptAsRawText(ScriptEngine.java:119)
	at com.kms.katalon.core.main.TestCaseExecutor.runScript(TestCaseExecutor.java:337)
	at com.kms.katalon.core.main.TestCaseExecutor.doExecute(TestCaseExecutor.java:328)
	at com.kms.katalon.core.main.TestCaseExecutor.processExecutionPhase(TestCaseExecutor.java:307)
	at com.kms.katalon.core.main.TestCaseExecutor.accessMainPhase(TestCaseExecutor.java:299)
	at com.kms.katalon.core.main.TestCaseExecutor.execute(TestCaseExecutor.java:233)
	at com.kms.katalon.core.main.TestCaseMain.runTestCase(TestCaseMain.java:114)
	at com.kms.katalon.core.keyword.builtin.CallTestCaseKeyword$_callTestCase_closure1.doCall(CallTestCaseKeyword.groovy:59)
	at com.kms.katalon.core.keyword.builtin.CallTestCaseKeyword$_callTestCase_closure1.call(CallTestCaseKeyword.groovy)
	at com.kms.katalon.core.keyword.internal.KeywordMain.runKeyword(KeywordMain.groovy:68)
	at com.kms.katalon.core.keyword.builtin.CallTestCaseKeyword.callTestCase(CallTestCaseKeyword.groovy:81)
	at com.kms.katalon.core.keyword.builtin.CallTestCaseKeyword.execute(CallTestCaseKeyword.groovy:44)
	at com.kms.katalon.core.keyword.internal.KeywordExecutor.executeKeywordForPlatform(KeywordExecutor.groovy:72)
	at com.kms.katalon.core.keyword.BuiltinKeywords.callTestCase(BuiltinKeywords.groovy:334)
	at Engagement_Score_Drop_Alerts.run(Engagement_Score_Drop_Alerts:63)
	at com.kms.katalon.core.main.ScriptEngine.run(ScriptEngine.java:194)
	at com.kms.katalon.core.main.ScriptEngine.runScriptAsRawText(ScriptEngine.java:119)
	at com.kms.katalon.core.main.TestCaseExecutor.runScript(TestCaseExecutor.java:337)
	at com.kms.katalon.core.main.TestCaseExecutor.doExecute(TestCaseExecutor.java:328)
	at com.kms.katalon.core.main.TestCaseExecutor.processExecutionPhase(TestCaseExecutor.java:307)
	at com.kms.katalon.core.main.TestCaseExecutor.accessMainPhase(TestCaseExecutor.java:299)
	at com.kms.katalon.core.main.TestCaseExecutor.execute(TestCaseExecutor.java:233)
	at com.kms.katalon.core.main.TestSuiteExecutor.accessTestCaseMainPhase(TestSuiteExecutor.java:169)
	at com.kms.katalon.core.main.TestSuiteExecutor.accessTestSuiteMainPhase(TestSuiteExecutor.java:142)
	at com.kms.katalon.core.main.TestSuiteExecutor.execute(TestSuiteExecutor.java:91)
	at com.kms.katalon.core.main.TestCaseMain.startTestSuite(TestCaseMain.java:157)
	at com.kms.katalon.core.main.TestCaseMain$startTestSuite$0.call(Unknown Source)
	at TempTestSuite1587711615204.run(TempTestSuite1587711615204.groovy:37)
)

2020-04-24 08:37:10 - [MESSAGE][FAILED] - Text '54.46' is not present on page  (Root cause: com.kms.katalon.core.exception.StepFailedException: Text '54.46' is not present on page 
	at com.kms.katalon.core.webui.keyword.internal.WebUIKeywordMain.stepFailed(WebUIKeywordMain.groovy:64)
	at com.kms.katalon.core.webui.keyword.builtin.VerifyTextPresentKeyword$_verifyTextPresent_closure1.doCall(VerifyTextPresentKeyword.groovy:79)
	at com.kms.katalon.core.webui.keyword.builtin.VerifyTextPresentKeyword$_verifyTextPresent_closure1.call(VerifyTextPresentKeyword.groovy)
	at com.kms.katalon.core.webui.keyword.internal.WebUIKeywordMain.runKeyword(WebUIKeywordMain.groovy:20)
	at com.kms.katalon.core.webui.keyword.builtin.VerifyTextPresentKeyword.verifyTextPresent(VerifyTextPresentKeyword.groovy:83)
	at com.kms.katalon.core.webui.keyword.builtin.VerifyTextPresentKeyword.execute(VerifyTextPresentKeyword.groovy:68)
	at com.kms.katalon.core.keyword.internal.KeywordExecutor.executeKeywordForPlatform(KeywordExecutor.groovy:72)
	at com.kms.katalon.core.webui.keyword.WebUiBuiltInKeywords.verifyTextPresent(WebUiBuiltInKeywords.groovy:1719)
	at com.kms.katalon.core.webui.keyword.WebUiBuiltInKeywords$verifyTextPresent$2.call(Unknown Source)
	at Engagement_Score_Drop_Alerts.run(Engagement_Score_Drop_Alerts:78)
	at com.kms.katalon.core.main.ScriptEngine.run(ScriptEngine.java:194)
	at com.kms.katalon.core.main.ScriptEngine.runScriptAsRawText(ScriptEngine.java:119)
	at com.kms.katalon.core.main.TestCaseExecutor.runScript(TestCaseExecutor.java:337)
	at com.kms.katalon.core.main.TestCaseExecutor.doExecute(TestCaseExecutor.java:328)
	at com.kms.katalon.core.main.TestCaseExecutor.processExecutionPhase(TestCaseExecutor.java:307)
	at com.kms.katalon.core.main.TestCaseExecutor.accessMainPhase(TestCaseExecutor.java:299)
	at com.kms.katalon.core.main.TestCaseExecutor.execute(TestCaseExecutor.java:233)
	at com.kms.katalon.core.main.TestCaseMain.runTestCase(TestCaseMain.java:114)
	at com.kms.katalon.core.keyword.builtin.CallTestCaseKeyword$_callTestCase_closure1.doCall(CallTestCaseKeyword.groovy:59)
	at com.kms.katalon.core.keyword.builtin.CallTestCaseKeyword$_callTestCase_closure1.call(CallTestCaseKeyword.groovy)
	at com.kms.katalon.core.keyword.internal.KeywordMain.runKeyword(KeywordMain.groovy:68)
	at com.kms.katalon.core.keyword.builtin.CallTestCaseKeyword.callTestCase(CallTestCaseKeyword.groovy:81)
	at com.kms.katalon.core.keyword.builtin.CallTestCaseKeyword.execute(CallTestCaseKeyword.groovy:44)
	at com.kms.katalon.core.keyword.internal.KeywordExecutor.executeKeywordForPlatform(KeywordExecutor.groovy:72)
	at com.kms.katalon.core.keyword.BuiltinKeywords.callTestCase(BuiltinKeywords.groovy:334)
	at Engagement_Score_Drop_Alerts.run(Engagement_Score_Drop_Alerts:63)
	at com.kms.katalon.core.main.ScriptEngine.run(ScriptEngine.java:194)
	at com.kms.katalon.core.main.ScriptEngine.runScriptAsRawText(ScriptEngine.java:119)
	at com.kms.katalon.core.main.TestCaseExecutor.runScript(TestCaseExecutor.java:337)
	at com.kms.katalon.core.main.TestCaseExecutor.doExecute(TestCaseExecutor.java:328)
	at com.kms.katalon.core.main.TestCaseExecutor.processExecutionPhase(TestCaseExecutor.java:307)
	at com.kms.katalon.core.main.TestCaseExecutor.accessMainPhase(TestCaseExecutor.java:299)
	at com.kms.katalon.core.main.TestCaseExecutor.execute(TestCaseExecutor.java:233)
	at com.kms.katalon.core.main.TestSuiteExecutor.accessTestCaseMainPhase(TestSuiteExecutor.java:169)
	at com.kms.katalon.core.main.TestSuiteExecutor.accessTestSuiteMainPhase(TestSuiteExecutor.java:142)
	at com.kms.katalon.core.main.TestSuiteExecutor.execute(TestSuiteExecutor.java:91)
	at com.kms.katalon.core.main.TestCaseMain.startTestSuite(TestCaseMain.java:157)
	at com.kms.katalon.core.main.TestCaseMain$startTestSuite$0.call(Unknown Source)
	at TempTestSuite1587711615204.run(TempTestSuite1587711615204.groovy:37)
)

2020-04-24 08:37:10 - [MESSAGE][WARNING] - Unable to call Test Case 'Test Cases/Reusable_Test_Sequences/Web_Office/Verification/Settings/Web_Office/Engagement_Score_Drop_Alerts' (Root cause: com.kms.katalon.core.exception.StepFailedException: Call Test Case 'Test Cases/Reusable_Test_Sequences/Web_Office/Verification/Settings/Web_Office/Engagement_Score_Drop_Alerts' failed
	at com.kms.katalon.core.keyword.builtin.CallTestCaseKeyword$_callTestCase_closure1.doCall(CallTestCaseKeyword.groovy:63)
	at com.kms.katalon.core.keyword.builtin.CallTestCaseKeyword$_callTestCase_closure1.call(CallTestCaseKeyword.groovy)
	at com.kms.katalon.core.keyword.internal.KeywordMain.runKeyword(KeywordMain.groovy:68)
	at com.kms.katalon.core.keyword.builtin.CallTestCaseKeyword.callTestCase(CallTestCaseKeyword.groovy:81)
	at com.kms.katalon.core.keyword.builtin.CallTestCaseKeyword.execute(CallTestCaseKeyword.groovy:44)
	at com.kms.katalon.core.keyword.internal.KeywordExecutor.executeKeywordForPlatform(KeywordExecutor.groovy:72)
	at com.kms.katalon.core.keyword.BuiltinKeywords.callTestCase(BuiltinKeywords.groovy:334)
	at Engagement_Score_Drop_Alerts.run(Engagement_Score_Drop_Alerts:63)
	at com.kms.katalon.core.main.ScriptEngine.run(ScriptEngine.java:194)
	at com.kms.katalon.core.main.ScriptEngine.runScriptAsRawText(ScriptEngine.java:119)
	at com.kms.katalon.core.main.TestCaseExecutor.runScript(TestCaseExecutor.java:337)
	at com.kms.katalon.core.main.TestCaseExecutor.doExecute(TestCaseExecutor.java:328)
	at com.kms.katalon.core.main.TestCaseExecutor.processExecutionPhase(TestCaseExecutor.java:307)
	at com.kms.katalon.core.main.TestCaseExecutor.accessMainPhase(TestCaseExecutor.java:299)
	at com.kms.katalon.core.main.TestCaseExecutor.execute(TestCaseExecutor.java:233)
	at com.kms.katalon.core.main.TestSuiteExecutor.accessTestCaseMainPhase(TestSuiteExecutor.java:169)
	at com.kms.katalon.core.main.TestSuiteExecutor.accessTestSuiteMainPhase(TestSuiteExecutor.java:142)
	at com.kms.katalon.core.main.TestSuiteExecutor.execute(TestSuiteExecutor.java:91)
	at com.kms.katalon.core.main.TestCaseMain.startTestSuite(TestCaseMain.java:157)
	at com.kms.katalon.core.main.TestCaseMain$startTestSuite$0.call(Unknown Source)
	at TempTestSuite1587711615204.run(TempTestSuite1587711615204.groovy:37)
Caused by: com.kms.katalon.core.exception.StepFailedException: Text '54.46' is not present on page  (Root cause: com.kms.katalon.core.exception.StepFailedException: Text '54.46' is not present on page 
	at com.kms.katalon.core.webui.keyword.internal.WebUIKeywordMain.stepFailed(WebUIKeywordMain.groovy:64)
	at com.kms.katalon.core.webui.keyword.builtin.VerifyTextPresentKeyword$_verifyTextPresent_closure1.doCall(VerifyTextPresentKeyword.groovy:79)
	at com.kms.katalon.core.webui.keyword.builtin.VerifyTextPresentKeyword$_verifyTextPresent_closure1.call(VerifyTextPresentKeyword.groovy)
	at com.kms.katalon.core.webui.keyword.internal.WebUIKeywordMain.runKeyword(WebUIKeywordMain.groovy:20)
	at com.kms.katalon.core.webui.keyword.builtin.VerifyTextPresentKeyword.verifyTextPresent(VerifyTextPresentKeyword.groovy:83)
	at com.kms.katalon.core.webui.keyword.builtin.VerifyTextPresentKeyword.execute(VerifyTextPresentKeyword.groovy:68)
	at com.kms.katalon.core.keyword.internal.KeywordExecutor.executeKeywordForPlatform(KeywordExecutor.groovy:72)
	at com.kms.katalon.core.webui.keyword.WebUiBuiltInKeywords.verifyTextPresent(WebUiBuiltInKeywords.groovy:1719)
	at com.kms.katalon.core.webui.keyword.WebUiBuiltInKeywords$verifyTextPresent$2.call(Unknown Source)
	at Engagement_Score_Drop_Alerts.run(Engagement_Score_Drop_Alerts:78)
	at com.kms.katalon.core.main.ScriptEngine.run(ScriptEngine.java:194)
	at com.kms.katalon.core.main.ScriptEngine.runScriptAsRawText(ScriptEngine.java:119)
	at com.kms.katalon.core.main.TestCaseExecutor.runScript(TestCaseExecutor.java:337)
	at com.kms.katalon.core.main.TestCaseExecutor.doExecute(TestCaseExecutor.java:328)
	at com.kms.katalon.core.main.TestCaseExecutor.processExecutionPhase(TestCaseExecutor.java:307)
	at com.kms.katalon.core.main.TestCaseExecutor.accessMainPhase(TestCaseExecutor.java:299)
	at com.kms.katalon.core.main.TestCaseExecutor.execute(TestCaseExecutor.java:233)
	at com.kms.katalon.core.main.TestCaseMain.runTestCase(TestCaseMain.java:114)
	at com.kms.katalon.core.keyword.builtin.CallTestCaseKeyword$_callTestCase_closure1.doCall(CallTestCaseKeyword.groovy:59)
	at com.kms.katalon.core.keyword.builtin.CallTestCaseKeyword$_callTestCase_closure1.call(CallTestCaseKeyword.groovy)
	at com.kms.katalon.core.keyword.internal.KeywordMain.runKeyword(KeywordMain.groovy:68)
	at com.kms.katalon.core.keyword.builtin.CallTestCaseKeyword.callTestCase(CallTestCaseKeyword.groovy:81)
	at com.kms.katalon.core.keyword.builtin.CallTestCaseKeyword.execute(CallTestCaseKeyword.groovy:44)
	at com.kms.katalon.core.keyword.internal.KeywordExecutor.executeKeywordForPlatform(KeywordExecutor.groovy:72)
	at com.kms.katalon.core.keyword.BuiltinKeywords.callTestCase(BuiltinKeywords.groovy:334)
	at Engagement_Score_Drop_Alerts.run(Engagement_Score_Drop_Alerts:63)
	at com.kms.katalon.core.main.ScriptEngine.run(ScriptEngine.java:194)
	at com.kms.katalon.core.main.ScriptEngine.runScriptAsRawText(ScriptEngine.java:119)
	at com.kms.katalon.core.main.TestCaseExecutor.runScript(TestCaseExecutor.java:337)
	at com.kms.katalon.core.main.TestCaseExecutor.doExecute(TestCaseExecutor.java:328)
	at com.kms.katalon.core.main.TestCaseExecutor.processExecutionPhase(TestCaseExecutor.java:307)
	at com.kms.katalon.core.main.TestCaseExecutor.accessMainPhase(TestCaseExecutor.java:299)
	at com.kms.katalon.core.main.TestCaseExecutor.execute(TestCaseExecutor.java:233)
	at com.kms.katalon.core.main.TestSuiteExecutor.accessTestCaseMainPhase(TestSuiteExecutor.java:169)
	at com.kms.katalon.core.main.TestSuiteExecutor.accessTestSuiteMainPhase(TestSuiteExecutor.java:142)
	at com.kms.katalon.core.main.TestSuiteExecutor.execute(TestSuiteExecutor.java:91)
	at com.kms.katalon.core.main.TestCaseMain.startTestSuite(TestCaseMain.java:157)
	at com.kms.katalon.core.main.TestCaseMain$startTestSuite$0.call(Unknown Source)
	at TempTestSuite1587711615204.run(TempTestSuite1587711615204.groovy:37)
)
	at com.kms.katalon.core.keyword.internal.KeywordMain.stepFailed(KeywordMain.groovy:39)
	at com.kms.katalon.core.webui.keyword.internal.WebUIKeywordMain.stepFailed(WebUIKeywordMain.groovy:64)
	at com.kms.katalon.core.webui.keyword.builtin.VerifyTextPresentKeyword$_verifyTextPresent_closure1.doCall(VerifyTextPresentKeyword.groovy:79)
	at com.kms.katalon.core.webui.keyword.builtin.VerifyTextPresentKeyword$_verifyTextPresent_closure1.call(VerifyTextPresentKeyword.groovy)
	at com.kms.katalon.core.webui.keyword.internal.WebUIKeywordMain.runKeyword(WebUIKeywordMain.groovy:20)
	at com.kms.katalon.core.webui.keyword.builtin.VerifyTextPresentKeyword.verifyTextPresent(VerifyTextPresentKeyword.groovy:83)
	at com.kms.katalon.core.webui.keyword.builtin.VerifyTextPresentKeyword.execute(VerifyTextPresentKeyword.groovy:68)
	at com.kms.katalon.core.keyword.internal.KeywordExecutor.executeKeywordForPlatform(KeywordExecutor.groovy:72)
	at com.kms.katalon.core.webui.keyword.WebUiBuiltInKeywords.verifyTextPresent(WebUiBuiltInKeywords.groovy:1719)
	at com.kms.katalon.core.webui.keyword.WebUiBuiltInKeywords$verifyTextPresent$2.call(Unknown Source)
	at Engagement_Score_Drop_Alerts.run(Engagement_Score_Drop_Alerts:78)
	at com.kms.katalon.core.main.ScriptEngine.run(ScriptEngine.java:194)
	at com.kms.katalon.core.main.ScriptEngine.runScriptAsRawText(ScriptEngine.java:119)
	at com.kms.katalon.core.main.TestCaseExecutor.runScript(TestCaseExecutor.java:337)
	at com.kms.katalon.core.main.TestCaseExecutor.doExecute(TestCaseExecutor.java:328)
	at com.kms.katalon.core.main.TestCaseExecutor.processExecutionPhase(TestCaseExecutor.java:307)
	at com.kms.katalon.core.main.TestCaseExecutor.accessMainPhase(TestCaseExecutor.java:299)
	at com.kms.katalon.core.main.TestCaseExecutor.execute(TestCaseExecutor.java:233)
	at com.kms.katalon.core.main.TestCaseMain.runTestCase(TestCaseMain.java:114)
	at com.kms.katalon.core.keyword.builtin.CallTestCaseKeyword$_callTestCase_closure1.doCall(CallTestCaseKeyword.groovy:59)
	... 20 more
Caused by: com.kms.katalon.core.exception.StepFailedException: Text '54.46' is not present on page 
	... 39 more
)

2020-04-24 08:37:10 - [TEST_STEP][PASSED] - "--------------------------": null

2020-04-24 08:37:10 - [TEST_STEP][PASSED] - " Teardown - CLose Browser |": null

2020-04-24 08:37:10 - [TEST_STEP][PASSED] - callTestCase(findTestCase("Reusable_Test_Sequences/CAT_Teardown"), [:], OPTIONAL): Call Test Case 'Test Cases/Reusable_Test_Sequences/CAT_Teardown' successfully

2020-04-24 08:37:10 - [TEST_CASE][PASSED] - Test Cases/Reusable_Test_Sequences/CAT_Teardown: Test Cases/Reusable_Test_Sequences/CAT_Teardown

2020-04-24 08:37:10 - [TEST_STEP][PASSED] - closeBrowser(): Browser is closed

2020-04-24 08:37:10 - [MESSAGE][PASSED] - Browser is closed

2020-04-24 08:37:10 - [TEST_STEP][PASSED] - super.finalize(): null

2020-04-24 08:37:10 - [TEST_STEP][PASSED] - System.gc(): null

2020-04-24 08:37:10 - [MESSAGE][PASSED] - Call Test Case 'Test Cases/Reusable_Test_Sequences/CAT_Teardown' successfully]]></system-out>
         <system-err><![CDATA[]]></system-err>
      </testcase>
      <testcase name="Test Cases/Web_Office/Settings/Web_Office/System_Administrator" time="13.732" classname="Test Cases/Web_Office/Settings/Web_Office/System_Administrator" status="PASSED">
         <system-out><![CDATA[2020-04-24 08:37:10 - [TEST_CASE][PASSED] - Test Cases/Web_Office/Settings/Web_Office/System_Administrator: Test Cases/Web_Office/Settings/Web_Office/System_Administrator

2020-04-24 08:37:11 - [TEST_STEP][PASSED] - "--------------------------------------": null

2020-04-24 08:37:11 - [TEST_STEP][PASSED] - " Web Office StartUp                  |": null

2020-04-24 08:37:11 - [TEST_STEP][PASSED] - callTestCase(findTestCase("Reusable_Test_Sequences/Web_Office/Directives/WebOffice_StartUp"), [:], STOP_ON_FAILURE): Call Test Case 'Test Cases/Reusable_Test_Sequences/Web_Office/Directives/WebOffice_StartUp' successfully

2020-04-24 08:37:11 - [TEST_CASE][PASSED] - Test Cases/Reusable_Test_Sequences/Web_Office/Directives/WebOffice_StartUp: Test Cases/Reusable_Test_Sequences/Web_Office/Directives/WebOffice_StartUp

2020-04-24 08:37:11 - [TEST_STEP][PASSED] - "-----------------------------------------------------------------------------": null

2020-04-24 08:37:11 - [TEST_STEP][PASSED] - if (URL == "https://www.dev.checkatrade.com/"): null

2020-04-24 08:37:11 - [TEST_STEP][PASSED] - "-----------------------------------------------------------------------------": null

2020-04-24 08:37:11 - [TEST_STEP][PASSED] - if (URL == "https://www.checkatrade.com/"): null

2020-04-24 08:37:11 - [TEST_STEP][PASSED] - "-----------------------------------------------------------------------------": null

2020-04-24 08:37:11 - [TEST_STEP][PASSED] - if (URL == "https://www.preview.checkatrade.com/"): null

2020-04-24 08:37:11 - [TEST_STEP][PASSED] - WebOfficeURL = "https://admin.preview.checkatrade.com/": null

2020-04-24 08:37:11 - [TEST_STEP][PASSED] - if (URL == "https://www.dev2.checkatrade.com/"): null

2020-04-24 08:37:11 - [TEST_STEP][PASSED] - "Set Function Area for "URL_Handler", URL Resolution": null

2020-04-24 08:37:11 - [TEST_STEP][PASSED] - "Do Some Magic with URL(s) See the comments within URL Handler ": null

2020-04-24 08:37:11 - [TEST_STEP][PASSED] - "------------------------------------------------": null

2020-04-24 08:37:11 - [TEST_STEP][PASSED] - "Moved Login Credentials to <Default> profile 22/01/2020": null

2020-04-24 08:37:11 - [TEST_STEP][PASSED] - "------------------------------------------------": null

2020-04-24 08:37:11 - [TEST_STEP][PASSED] - "WebOfficeURL - Set from the ENVIRONMENT PROFILE ": null

2020-04-24 08:37:11 - [TEST_STEP][PASSED] - "OPEN BROWSER": null

2020-04-24 08:37:11 - [TEST_STEP][PASSED] - "eg - https://admin.preview.checkatrade.com/  ": null

2020-04-24 08:37:11 - [TEST_STEP][PASSED] - openBrowser(WebOfficeURL): Browser is opened with url: 'https://admin.preview.checkatrade.com/'

2020-04-24 08:37:11 - [MESSAGE][INFO] - Starting 'Chrome' driver

2020-04-24 08:37:11 - [MESSAGE][INFO] - Action delay is set to 0 milliseconds

2020-04-24 08:37:15 - [MESSAGE][PASSED] - Browser is opened with url: 'https://admin.preview.checkatrade.com/'

2020-04-24 08:37:15 - [TEST_STEP][PASSED] - maximizeWindow(): Current window maximized

2020-04-24 08:37:17 - [MESSAGE][PASSED] - Current window maximized

2020-04-24 08:37:17 - [TEST_STEP][PASSED] - waitForElementClickable(findTestObject("Object Repository/WebOffice/Page_Checkatrade - Administration - Login/Login_Button"), 25): Object 'Object Repository/WebOffice/Page_Checkatrade - Administration - Login/Login_Button' is clickable

2020-04-24 08:37:18 - [MESSAGE][PASSED] - Object 'Object Repository/WebOffice/Page_Checkatrade - Administration - Login/Login_Button' is clickable

2020-04-24 08:37:18 - [TEST_STEP][PASSED] - verifyTextPresent("Checkatrade Web Office", false): Text 'Checkatrade Web Office' is present on page 

2020-04-24 08:37:18 - [MESSAGE][PASSED] - Text 'Checkatrade Web Office' is present on page 

2020-04-24 08:37:18 - [TEST_STEP][PASSED] - verifyTextPresent("Access for staff use only", false): Text 'Access for staff use only' is present on page 

2020-04-24 08:37:18 - [MESSAGE][PASSED] - Text 'Access for staff use only' is present on page 

2020-04-24 08:37:18 - [TEST_STEP][PASSED] - verifyTextPresent("Forgotten password?", false): Text 'Forgotten password?' is present on page 

2020-04-24 08:37:18 - [MESSAGE][PASSED] - Text 'Forgotten password?' is present on page 

2020-04-24 08:37:18 - [TEST_STEP][PASSED] - setText(findTestObject("Object Repository/WebOffice/Page_Checkatrade - Administration - Login/input_Username_LoginControlUserName"), wo_Username): Text 'DavidHo' is set on object 'Object Repository/WebOffice/Page_Checkatrade - Administration - Login/input_Username_LoginControlUserName'

2020-04-24 08:37:18 - [MESSAGE][PASSED] - Text 'DavidHo' is set on object 'Object Repository/WebOffice/Page_Checkatrade - Administration - Login/input_Username_LoginControlUserName'

2020-04-24 08:37:18 - [TEST_STEP][PASSED] - setText(findTestObject("Object Repository/WebOffice/Page_Checkatrade - Administration - Login/input_Password_LoginControlPassword"), wo_Password): Text 'Check123' is set on object 'Object Repository/WebOffice/Page_Checkatrade - Administration - Login/input_Password_LoginControlPassword'

2020-04-24 08:37:18 - [MESSAGE][PASSED] - Text 'Check123' is set on object 'Object Repository/WebOffice/Page_Checkatrade - Administration - Login/input_Password_LoginControlPassword'

2020-04-24 08:37:18 - [TEST_STEP][PASSED] - click(findTestObject("Object Repository/WebOffice/Page_Checkatrade - Administration - Login/Login_Button")): Object: 'Object Repository/WebOffice/Page_Checkatrade - Administration - Login/Login_Button' is clicked on

2020-04-24 08:37:19 - [MESSAGE][PASSED] - Object: 'Object Repository/WebOffice/Page_Checkatrade - Administration - Login/Login_Button' is clicked on

2020-04-24 08:37:19 - [TEST_STEP][PASSED] - waitForPageLoad(60): Wait for page load successfully

2020-04-24 08:37:19 - [MESSAGE][PASSED] - Wait for page load successfully

2020-04-24 08:37:19 - [TEST_STEP][PASSED] - verifyTextPresent("Welcome " + wo_Username, false): Text 'Welcome DavidHo' is present on page 

2020-04-24 08:37:19 - [MESSAGE][PASSED] - Text 'Welcome DavidHo' is present on page 

2020-04-24 08:37:19 - [MESSAGE][PASSED] - Call Test Case 'Test Cases/Reusable_Test_Sequences/Web_Office/Directives/WebOffice_StartUp' successfully

2020-04-24 08:37:19 - [TEST_STEP][PASSED] - "-----------------------------------------------------------------": null

2020-04-24 08:37:19 - [TEST_STEP][PASSED] - " Navigate to <Settings->Checkatrade.Com->Sub Item> Menu Item     |": null

2020-04-24 08:37:19 - [TEST_STEP][PASSED] - callTestCase(findTestCase("Reusable_Test_Sequences/Web_Office/Navigation/Sub_Menu_Navigation/Settings/Web_Office/System_Administrator"), [:], STOP_ON_FAILURE): Call Test Case 'Test Cases/Reusable_Test_Sequences/Web_Office/Navigation/Sub_Menu_Navigation/Settings/Web_Office/System_Administrator' successfully

2020-04-24 08:37:19 - [TEST_CASE][PASSED] - Test Cases/Reusable_Test_Sequences/Web_Office/Navigation/Sub_Menu_Navigation/Settings/Web_Office/System_Administrator: Test Cases/Reusable_Test_Sequences/Web_Office/Navigation/Sub_Menu_Navigation/Settings/Web_Office/System_Administrator

2020-04-24 08:37:20 - [TEST_STEP][PASSED] - "--------------------------------------": null

2020-04-24 08:37:20 - [TEST_STEP][PASSED] - " Navigate Top level menu Item         |": null

2020-04-24 08:37:20 - [TEST_STEP][PASSED] - waitForPageLoad(60): Wait for page load successfully

2020-04-24 08:37:20 - [MESSAGE][PASSED] - Wait for page load successfully

2020-04-24 08:37:20 - [TEST_STEP][PASSED] - waitForElementClickable(findTestObject("Object Repository/WebOffice_Home_page/a_Settings"), 60): Object 'Object Repository/WebOffice_Home_page/a_Settings' is clickable

2020-04-24 08:37:20 - [MESSAGE][PASSED] - Object 'Object Repository/WebOffice_Home_page/a_Settings' is clickable

2020-04-24 08:37:20 - [TEST_STEP][PASSED] - mouseOver(findTestObject("Object Repository/WebOffice_Home_page/a_Settings")): Object: 'Object Repository/WebOffice_Home_page/a_Settings' is hovered

2020-04-24 08:37:20 - [MESSAGE][PASSED] - Object: 'Object Repository/WebOffice_Home_page/a_Settings' is hovered

2020-04-24 08:37:20 - [TEST_STEP][PASSED] - mouseOver(findTestObject("Object Repository/WebOffice_Home_page/a_Web Office")): Object: 'Object Repository/WebOffice_Home_page/a_Web Office' is hovered

2020-04-24 08:37:20 - [MESSAGE][PASSED] - Object: 'Object Repository/WebOffice_Home_page/a_Web Office' is hovered

2020-04-24 08:37:20 - [TEST_STEP][PASSED] - waitForElementClickable(findTestObject("Object Repository/WebOffice_Home_page/a_System Administrator"), 1): Object 'Object Repository/WebOffice_Home_page/a_System Administrator' is clickable

2020-04-24 08:37:21 - [MESSAGE][PASSED] - Object 'Object Repository/WebOffice_Home_page/a_System Administrator' is clickable

2020-04-24 08:37:21 - [TEST_STEP][PASSED] - click(findTestObject("Object Repository/WebOffice_Home_page/a_System Administrator")): Object: 'Object Repository/WebOffice_Home_page/a_System Administrator' is clicked on

2020-04-24 08:37:21 - [MESSAGE][PASSED] - Object: 'Object Repository/WebOffice_Home_page/a_System Administrator' is clicked on

2020-04-24 08:37:21 - [MESSAGE][PASSED] - Call Test Case 'Test Cases/Reusable_Test_Sequences/Web_Office/Navigation/Sub_Menu_Navigation/Settings/Web_Office/System_Administrator' successfully

2020-04-24 08:37:21 - [TEST_STEP][PASSED] - "--------------------------------------": null

2020-04-24 08:37:21 - [TEST_STEP][PASSED] - " Verify Returned Page Detail          |": null

2020-04-24 08:37:21 - [TEST_STEP][PASSED] - callTestCase(findTestCase("Reusable_Test_Sequences/Web_Office/Verification/Settings/Web_Office/System_Administrator"), [:], OPTIONAL): Call Test Case 'Test Cases/Reusable_Test_Sequences/Web_Office/Verification/Settings/Web_Office/System_Administrator' successfully

2020-04-24 08:37:21 - [TEST_CASE][PASSED] - Test Cases/Reusable_Test_Sequences/Web_Office/Verification/Settings/Web_Office/System_Administrator: Test Cases/Reusable_Test_Sequences/Web_Office/Verification/Settings/Web_Office/System_Administrator

2020-04-24 08:37:22 - [TEST_STEP][PASSED] - waitForPageLoad(60): Wait for page load successfully

2020-04-24 08:37:22 - [MESSAGE][PASSED] - Wait for page load successfully

2020-04-24 08:37:22 - [TEST_STEP][PASSED] - delay(1): Delayed 1 second(s)

2020-04-24 08:37:23 - [MESSAGE][PASSED] - Delayed 1 second(s)

2020-04-24 08:37:23 - [TEST_STEP][PASSED] - verifyTextPresent("SOLR", false): Text 'SOLR' is present on page 

2020-04-24 08:37:23 - [MESSAGE][PASSED] - Text 'SOLR' is present on page 

2020-04-24 08:37:23 - [TEST_STEP][PASSED] - "----------------------------------------------": null

2020-04-24 08:37:23 - [TEST_STEP][PASSED] - verifyTextPresent("Show SOLR Status", false): Text 'Show SOLR Status' is present on page 

2020-04-24 08:37:23 - [MESSAGE][PASSED] - Text 'Show SOLR Status' is present on page 

2020-04-24 08:37:23 - [TEST_STEP][PASSED] - "----------------------------------------------": null

2020-04-24 08:37:23 - [TEST_STEP][PASSED] - verifyTextPresent("Executing SOLR commands may take a minute to start running, please do not spam SOLR with", false): Text 'Executing SOLR commands may take a minute to start running, please do not spam SOLR with' is present on page 

2020-04-24 08:37:23 - [MESSAGE][PASSED] - Text 'Executing SOLR commands may take a minute to start running, please do not spam SOLR with' is present on page 

2020-04-24 08:37:23 - [TEST_STEP][PASSED] - "----------------------------------------------": null

2020-04-24 08:37:23 - [TEST_STEP][PASSED] - verifyTextPresent("Update Changed Records", false): Text 'Update Changed Records' is present on page 

2020-04-24 08:37:23 - [MESSAGE][PASSED] - Text 'Update Changed Records' is present on page 

2020-04-24 08:37:23 - [TEST_STEP][PASSED] - verifyTextPresent("Execute Full Re-Index", false): Text 'Execute Full Re-Index' is present on page 

2020-04-24 08:37:23 - [MESSAGE][PASSED] - Text 'Execute Full Re-Index' is present on page 

2020-04-24 08:37:23 - [MESSAGE][PASSED] - Call Test Case 'Test Cases/Reusable_Test_Sequences/Web_Office/Verification/Settings/Web_Office/System_Administrator' successfully

2020-04-24 08:37:23 - [TEST_STEP][PASSED] - "--------------------------": null

2020-04-24 08:37:23 - [TEST_STEP][PASSED] - " Teardown - CLose Browser |": null

2020-04-24 08:37:23 - [TEST_STEP][PASSED] - callTestCase(findTestCase("Reusable_Test_Sequences/CAT_Teardown"), [:], OPTIONAL): Call Test Case 'Test Cases/Reusable_Test_Sequences/CAT_Teardown' successfully

2020-04-24 08:37:23 - [TEST_CASE][PASSED] - Test Cases/Reusable_Test_Sequences/CAT_Teardown: Test Cases/Reusable_Test_Sequences/CAT_Teardown

2020-04-24 08:37:23 - [TEST_STEP][PASSED] - closeBrowser(): Browser is closed

2020-04-24 08:37:24 - [MESSAGE][PASSED] - Browser is closed

2020-04-24 08:37:24 - [TEST_STEP][PASSED] - super.finalize(): null

2020-04-24 08:37:24 - [TEST_STEP][PASSED] - System.gc(): null

2020-04-24 08:37:24 - [MESSAGE][PASSED] - Call Test Case 'Test Cases/Reusable_Test_Sequences/CAT_Teardown' successfully]]></system-out>
         <system-err><![CDATA[]]></system-err>
      </testcase>
      <testcase name="Test Cases/Web_Office/Settings/Web_Office/Vetting_Settings" time="15.232" classname="Test Cases/Web_Office/Settings/Web_Office/Vetting_Settings" status="PASSED">
         <system-out><![CDATA[2020-04-24 08:37:24 - [TEST_CASE][PASSED] - Test Cases/Web_Office/Settings/Web_Office/Vetting_Settings: Test Cases/Web_Office/Settings/Web_Office/Vetting_Settings

2020-04-24 08:37:25 - [TEST_STEP][PASSED] - "--------------------------------------": null

2020-04-24 08:37:25 - [TEST_STEP][PASSED] - " Web Office StartUp                  |": null

2020-04-24 08:37:25 - [TEST_STEP][PASSED] - callTestCase(findTestCase("Reusable_Test_Sequences/Web_Office/Directives/WebOffice_StartUp"), [:], STOP_ON_FAILURE): Call Test Case 'Test Cases/Reusable_Test_Sequences/Web_Office/Directives/WebOffice_StartUp' successfully

2020-04-24 08:37:25 - [TEST_CASE][PASSED] - Test Cases/Reusable_Test_Sequences/Web_Office/Directives/WebOffice_StartUp: Test Cases/Reusable_Test_Sequences/Web_Office/Directives/WebOffice_StartUp

2020-04-24 08:37:25 - [TEST_STEP][PASSED] - "-----------------------------------------------------------------------------": null

2020-04-24 08:37:25 - [TEST_STEP][PASSED] - if (URL == "https://www.dev.checkatrade.com/"): null

2020-04-24 08:37:25 - [TEST_STEP][PASSED] - "-----------------------------------------------------------------------------": null

2020-04-24 08:37:25 - [TEST_STEP][PASSED] - if (URL == "https://www.checkatrade.com/"): null

2020-04-24 08:37:25 - [TEST_STEP][PASSED] - "-----------------------------------------------------------------------------": null

2020-04-24 08:37:25 - [TEST_STEP][PASSED] - if (URL == "https://www.preview.checkatrade.com/"): null

2020-04-24 08:37:25 - [TEST_STEP][PASSED] - WebOfficeURL = "https://admin.preview.checkatrade.com/": null

2020-04-24 08:37:25 - [TEST_STEP][PASSED] - if (URL == "https://www.dev2.checkatrade.com/"): null

2020-04-24 08:37:25 - [TEST_STEP][PASSED] - "Set Function Area for "URL_Handler", URL Resolution": null

2020-04-24 08:37:25 - [TEST_STEP][PASSED] - "Do Some Magic with URL(s) See the comments within URL Handler ": null

2020-04-24 08:37:25 - [TEST_STEP][PASSED] - "------------------------------------------------": null

2020-04-24 08:37:25 - [TEST_STEP][PASSED] - "Moved Login Credentials to <Default> profile 22/01/2020": null

2020-04-24 08:37:25 - [TEST_STEP][PASSED] - "------------------------------------------------": null

2020-04-24 08:37:25 - [TEST_STEP][PASSED] - "WebOfficeURL - Set from the ENVIRONMENT PROFILE ": null

2020-04-24 08:37:25 - [TEST_STEP][PASSED] - "OPEN BROWSER": null

2020-04-24 08:37:25 - [TEST_STEP][PASSED] - "eg - https://admin.preview.checkatrade.com/  ": null

2020-04-24 08:37:25 - [TEST_STEP][PASSED] - openBrowser(WebOfficeURL): Browser is opened with url: 'https://admin.preview.checkatrade.com/'

2020-04-24 08:37:25 - [MESSAGE][INFO] - Starting 'Chrome' driver

2020-04-24 08:37:25 - [MESSAGE][INFO] - Action delay is set to 0 milliseconds

2020-04-24 08:37:30 - [MESSAGE][PASSED] - Browser is opened with url: 'https://admin.preview.checkatrade.com/'

2020-04-24 08:37:30 - [TEST_STEP][PASSED] - maximizeWindow(): Current window maximized

2020-04-24 08:37:32 - [MESSAGE][PASSED] - Current window maximized

2020-04-24 08:37:32 - [TEST_STEP][PASSED] - waitForElementClickable(findTestObject("Object Repository/WebOffice/Page_Checkatrade - Administration - Login/Login_Button"), 25): Object 'Object Repository/WebOffice/Page_Checkatrade - Administration - Login/Login_Button' is clickable

2020-04-24 08:37:32 - [MESSAGE][PASSED] - Object 'Object Repository/WebOffice/Page_Checkatrade - Administration - Login/Login_Button' is clickable

2020-04-24 08:37:32 - [TEST_STEP][PASSED] - verifyTextPresent("Checkatrade Web Office", false): Text 'Checkatrade Web Office' is present on page 

2020-04-24 08:37:32 - [MESSAGE][PASSED] - Text 'Checkatrade Web Office' is present on page 

2020-04-24 08:37:32 - [TEST_STEP][PASSED] - verifyTextPresent("Access for staff use only", false): Text 'Access for staff use only' is present on page 

2020-04-24 08:37:32 - [MESSAGE][PASSED] - Text 'Access for staff use only' is present on page 

2020-04-24 08:37:32 - [TEST_STEP][PASSED] - verifyTextPresent("Forgotten password?", false): Text 'Forgotten password?' is present on page 

2020-04-24 08:37:32 - [MESSAGE][PASSED] - Text 'Forgotten password?' is present on page 

2020-04-24 08:37:32 - [TEST_STEP][PASSED] - setText(findTestObject("Object Repository/WebOffice/Page_Checkatrade - Administration - Login/input_Username_LoginControlUserName"), wo_Username): Text 'DavidHo' is set on object 'Object Repository/WebOffice/Page_Checkatrade - Administration - Login/input_Username_LoginControlUserName'

2020-04-24 08:37:32 - [MESSAGE][PASSED] - Text 'DavidHo' is set on object 'Object Repository/WebOffice/Page_Checkatrade - Administration - Login/input_Username_LoginControlUserName'

2020-04-24 08:37:32 - [TEST_STEP][PASSED] - setText(findTestObject("Object Repository/WebOffice/Page_Checkatrade - Administration - Login/input_Password_LoginControlPassword"), wo_Password): Text 'Check123' is set on object 'Object Repository/WebOffice/Page_Checkatrade - Administration - Login/input_Password_LoginControlPassword'

2020-04-24 08:37:32 - [MESSAGE][PASSED] - Text 'Check123' is set on object 'Object Repository/WebOffice/Page_Checkatrade - Administration - Login/input_Password_LoginControlPassword'

2020-04-24 08:37:32 - [TEST_STEP][PASSED] - click(findTestObject("Object Repository/WebOffice/Page_Checkatrade - Administration - Login/Login_Button")): Object: 'Object Repository/WebOffice/Page_Checkatrade - Administration - Login/Login_Button' is clicked on

2020-04-24 08:37:33 - [MESSAGE][PASSED] - Object: 'Object Repository/WebOffice/Page_Checkatrade - Administration - Login/Login_Button' is clicked on

2020-04-24 08:37:33 - [TEST_STEP][PASSED] - waitForPageLoad(60): Wait for page load successfully

2020-04-24 08:37:33 - [MESSAGE][PASSED] - Wait for page load successfully

2020-04-24 08:37:33 - [TEST_STEP][PASSED] - verifyTextPresent("Welcome " + wo_Username, false): Text 'Welcome DavidHo' is present on page 

2020-04-24 08:37:33 - [MESSAGE][PASSED] - Text 'Welcome DavidHo' is present on page 

2020-04-24 08:37:33 - [MESSAGE][PASSED] - Call Test Case 'Test Cases/Reusable_Test_Sequences/Web_Office/Directives/WebOffice_StartUp' successfully

2020-04-24 08:37:33 - [TEST_STEP][PASSED] - "-----------------------------------------------------------------": null

2020-04-24 08:37:33 - [TEST_STEP][PASSED] - " Navigate to <Settings->Checkatrade.Com->Sub Item> Menu Item     |": null

2020-04-24 08:37:33 - [TEST_STEP][PASSED] - callTestCase(findTestCase("Reusable_Test_Sequences/Web_Office/Navigation/Sub_Menu_Navigation/Settings/Web_Office/Vetting_Settings"), [:], STOP_ON_FAILURE): Call Test Case 'Test Cases/Reusable_Test_Sequences/Web_Office/Navigation/Sub_Menu_Navigation/Settings/Web_Office/Vetting_Settings' successfully

2020-04-24 08:37:33 - [TEST_CASE][PASSED] - Test Cases/Reusable_Test_Sequences/Web_Office/Navigation/Sub_Menu_Navigation/Settings/Web_Office/Vetting_Settings: Test Cases/Reusable_Test_Sequences/Web_Office/Navigation/Sub_Menu_Navigation/Settings/Web_Office/Vetting_Settings

2020-04-24 08:37:34 - [TEST_STEP][PASSED] - "--------------------------------------": null

2020-04-24 08:37:34 - [TEST_STEP][PASSED] - " Navigate Top level menu Item         |": null

2020-04-24 08:37:34 - [TEST_STEP][PASSED] - waitForPageLoad(60): Wait for page load successfully

2020-04-24 08:37:34 - [MESSAGE][PASSED] - Wait for page load successfully

2020-04-24 08:37:34 - [TEST_STEP][PASSED] - waitForElementClickable(findTestObject("Object Repository/WebOffice_Home_page/a_Settings"), 60): Object 'Object Repository/WebOffice_Home_page/a_Settings' is clickable

2020-04-24 08:37:34 - [MESSAGE][PASSED] - Object 'Object Repository/WebOffice_Home_page/a_Settings' is clickable

2020-04-24 08:37:34 - [TEST_STEP][PASSED] - mouseOver(findTestObject("Object Repository/WebOffice_Home_page/a_Settings")): Object: 'Object Repository/WebOffice_Home_page/a_Settings' is hovered

2020-04-24 08:37:34 - [MESSAGE][PASSED] - Object: 'Object Repository/WebOffice_Home_page/a_Settings' is hovered

2020-04-24 08:37:34 - [TEST_STEP][PASSED] - mouseOver(findTestObject("Object Repository/WebOffice_Home_page/a_Web Office")): Object: 'Object Repository/WebOffice_Home_page/a_Web Office' is hovered

2020-04-24 08:37:34 - [MESSAGE][PASSED] - Object: 'Object Repository/WebOffice_Home_page/a_Web Office' is hovered

2020-04-24 08:37:34 - [TEST_STEP][PASSED] - waitForElementClickable(findTestObject("Object Repository/WebOffice_Home_page/a_Vetting Settings"), 1): Object 'Object Repository/WebOffice_Home_page/a_Vetting Settings' is clickable

2020-04-24 08:37:34 - [MESSAGE][PASSED] - Object 'Object Repository/WebOffice_Home_page/a_Vetting Settings' is clickable

2020-04-24 08:37:34 - [TEST_STEP][PASSED] - click(findTestObject("Object Repository/WebOffice_Home_page/a_Vetting Settings")): Object: 'Object Repository/WebOffice_Home_page/a_Vetting Settings' is clicked on

2020-04-24 08:37:34 - [MESSAGE][PASSED] - Object: 'Object Repository/WebOffice_Home_page/a_Vetting Settings' is clicked on

2020-04-24 08:37:34 - [MESSAGE][PASSED] - Call Test Case 'Test Cases/Reusable_Test_Sequences/Web_Office/Navigation/Sub_Menu_Navigation/Settings/Web_Office/Vetting_Settings' successfully

2020-04-24 08:37:34 - [TEST_STEP][PASSED] - "--------------------------------------": null

2020-04-24 08:37:34 - [TEST_STEP][PASSED] - " Verify Returned Page Detail          |": null

2020-04-24 08:37:34 - [TEST_STEP][PASSED] - callTestCase(findTestCase("Reusable_Test_Sequences/Web_Office/Verification/Settings/Web_Office/Vetting_Settings"), [:], OPTIONAL): Call Test Case 'Test Cases/Reusable_Test_Sequences/Web_Office/Verification/Settings/Web_Office/Vetting_Settings' successfully

2020-04-24 08:37:35 - [TEST_CASE][PASSED] - Test Cases/Reusable_Test_Sequences/Web_Office/Verification/Settings/Web_Office/Vetting_Settings: Test Cases/Reusable_Test_Sequences/Web_Office/Verification/Settings/Web_Office/Vetting_Settings

2020-04-24 08:37:35 - [TEST_STEP][PASSED] - waitForPageLoad(60): Wait for page load successfully

2020-04-24 08:37:35 - [MESSAGE][PASSED] - Wait for page load successfully

2020-04-24 08:37:35 - [TEST_STEP][PASSED] - delay(1): Delayed 1 second(s)

2020-04-24 08:37:36 - [MESSAGE][PASSED] - Delayed 1 second(s)

2020-04-24 08:37:36 - [TEST_STEP][PASSED] - verifyTextPresent("Vetting Settings", false): Text 'Vetting Settings' is present on page 

2020-04-24 08:37:36 - [MESSAGE][PASSED] - Text 'Vetting Settings' is present on page 

2020-04-24 08:37:36 - [TEST_STEP][PASSED] - "----------------------------------------------": null

2020-04-24 08:37:36 - [TEST_STEP][PASSED] - verifyTextPresent("Processing Timeout (in minutes)", false): Text 'Processing Timeout (in minutes)' is present on page 

2020-04-24 08:37:36 - [MESSAGE][PASSED] - Text 'Processing Timeout (in minutes)' is present on page 

2020-04-24 08:37:36 - [TEST_STEP][PASSED] - verifyTextPresent("Maximum Historical Date (in months)", false): Text 'Maximum Historical Date (in months)' is present on page 

2020-04-24 08:37:36 - [MESSAGE][PASSED] - Text 'Maximum Historical Date (in months)' is present on page 

2020-04-24 08:37:36 - [TEST_STEP][PASSED] - verifyTextPresent("5", false): Text '5' is present on page 

2020-04-24 08:37:37 - [MESSAGE][PASSED] - Text '5' is present on page 

2020-04-24 08:37:37 - [TEST_STEP][PASSED] - "----------------------------------------------": null

2020-04-24 08:37:37 - [TEST_STEP][PASSED] - "----------------------------------------------": null

2020-04-24 08:37:37 - [TEST_STEP][PASSED] - verifyTextPresent("Vetting Status - Automated Reminders", false): Text 'Vetting Status - Automated Reminders' is present on page 

2020-04-24 08:37:37 - [MESSAGE][PASSED] - Text 'Vetting Status - Automated Reminders' is present on page 

2020-04-24 08:37:37 - [TEST_STEP][PASSED] - verifyTextPresent("SMS schedule (in days)", false): Text 'SMS schedule (in days)' is present on page 

2020-04-24 08:37:37 - [MESSAGE][PASSED] - Text 'SMS schedule (in days)' is present on page 

2020-04-24 08:37:37 - [TEST_STEP][PASSED] - verifyTextPresent("Email schedule (in days", false): Text 'Email schedule (in days' is present on page 

2020-04-24 08:37:37 - [MESSAGE][PASSED] - Text 'Email schedule (in days' is present on page 

2020-04-24 08:37:37 - [TEST_STEP][PASSED] - "----------------------------------------------": null

2020-04-24 08:37:37 - [TEST_STEP][PASSED] - "----------------------------------------------": null

2020-04-24 08:37:37 - [TEST_STEP][PASSED] - verifyTextPresent("Vetting Update - Automated Reminders", false): Text 'Vetting Update - Automated Reminders' is present on page 

2020-04-24 08:37:37 - [MESSAGE][PASSED] - Text 'Vetting Update - Automated Reminders' is present on page 

2020-04-24 08:37:37 - [TEST_STEP][PASSED] - verifyTextPresent("Vetting Paused - Automated Reminders", false): Text 'Vetting Paused - Automated Reminders' is present on page 

2020-04-24 08:37:38 - [MESSAGE][PASSED] - Text 'Vetting Paused - Automated Reminders' is present on page 

2020-04-24 08:37:38 - [TEST_STEP][PASSED] - verifyTextPresent("Vetting References - Automated Reminders", false): Text 'Vetting References - Automated Reminders' is present on page 

2020-04-24 08:37:38 - [MESSAGE][PASSED] - Text 'Vetting References - Automated Reminders' is present on page 

2020-04-24 08:37:38 - [MESSAGE][PASSED] - Call Test Case 'Test Cases/Reusable_Test_Sequences/Web_Office/Verification/Settings/Web_Office/Vetting_Settings' successfully

2020-04-24 08:37:38 - [TEST_STEP][PASSED] - "--------------------------": null

2020-04-24 08:37:38 - [TEST_STEP][PASSED] - " Teardown - CLose Browser |": null

2020-04-24 08:37:38 - [TEST_STEP][PASSED] - callTestCase(findTestCase("Reusable_Test_Sequences/CAT_Teardown"), [:], OPTIONAL): Call Test Case 'Test Cases/Reusable_Test_Sequences/CAT_Teardown' successfully

2020-04-24 08:37:38 - [TEST_CASE][PASSED] - Test Cases/Reusable_Test_Sequences/CAT_Teardown: Test Cases/Reusable_Test_Sequences/CAT_Teardown

2020-04-24 08:37:38 - [TEST_STEP][PASSED] - closeBrowser(): Browser is closed

2020-04-24 08:37:39 - [MESSAGE][PASSED] - Browser is closed

2020-04-24 08:37:39 - [TEST_STEP][PASSED] - super.finalize(): null

2020-04-24 08:37:39 - [TEST_STEP][PASSED] - System.gc(): null

2020-04-24 08:37:39 - [MESSAGE][PASSED] - Call Test Case 'Test Cases/Reusable_Test_Sequences/CAT_Teardown' successfully]]></system-out>
         <system-err><![CDATA[]]></system-err>
      </testcase>
      <testcase name="Test Cases/Web_Office/Settings/Web_Office/Membership_Settings" time="12.023" classname="Test Cases/Web_Office/Settings/Web_Office/Membership_Settings" status="PASSED">
         <system-out><![CDATA[2020-04-24 08:37:39 - [TEST_CASE][PASSED] - Test Cases/Web_Office/Settings/Web_Office/Membership_Settings: Test Cases/Web_Office/Settings/Web_Office/Membership_Settings

2020-04-24 08:37:40 - [TEST_STEP][PASSED] - "--------------------------------------": null

2020-04-24 08:37:40 - [TEST_STEP][PASSED] - " Web Office StartUp                  |": null

2020-04-24 08:37:40 - [TEST_STEP][PASSED] - callTestCase(findTestCase("Reusable_Test_Sequences/Web_Office/Directives/WebOffice_StartUp"), [:], STOP_ON_FAILURE): Call Test Case 'Test Cases/Reusable_Test_Sequences/Web_Office/Directives/WebOffice_StartUp' successfully

2020-04-24 08:37:40 - [TEST_CASE][PASSED] - Test Cases/Reusable_Test_Sequences/Web_Office/Directives/WebOffice_StartUp: Test Cases/Reusable_Test_Sequences/Web_Office/Directives/WebOffice_StartUp

2020-04-24 08:37:40 - [TEST_STEP][PASSED] - "-----------------------------------------------------------------------------": null

2020-04-24 08:37:40 - [TEST_STEP][PASSED] - if (URL == "https://www.dev.checkatrade.com/"): null

2020-04-24 08:37:40 - [TEST_STEP][PASSED] - "-----------------------------------------------------------------------------": null

2020-04-24 08:37:40 - [TEST_STEP][PASSED] - if (URL == "https://www.checkatrade.com/"): null

2020-04-24 08:37:40 - [TEST_STEP][PASSED] - "-----------------------------------------------------------------------------": null

2020-04-24 08:37:40 - [TEST_STEP][PASSED] - if (URL == "https://www.preview.checkatrade.com/"): null

2020-04-24 08:37:40 - [TEST_STEP][PASSED] - WebOfficeURL = "https://admin.preview.checkatrade.com/": null

2020-04-24 08:37:40 - [TEST_STEP][PASSED] - if (URL == "https://www.dev2.checkatrade.com/"): null

2020-04-24 08:37:40 - [TEST_STEP][PASSED] - "Set Function Area for "URL_Handler", URL Resolution": null

2020-04-24 08:37:40 - [TEST_STEP][PASSED] - "Do Some Magic with URL(s) See the comments within URL Handler ": null

2020-04-24 08:37:40 - [TEST_STEP][PASSED] - "------------------------------------------------": null

2020-04-24 08:37:40 - [TEST_STEP][PASSED] - "Moved Login Credentials to <Default> profile 22/01/2020": null

2020-04-24 08:37:40 - [TEST_STEP][PASSED] - "------------------------------------------------": null

2020-04-24 08:37:40 - [TEST_STEP][PASSED] - "WebOfficeURL - Set from the ENVIRONMENT PROFILE ": null

2020-04-24 08:37:40 - [TEST_STEP][PASSED] - "OPEN BROWSER": null

2020-04-24 08:37:40 - [TEST_STEP][PASSED] - "eg - https://admin.preview.checkatrade.com/  ": null

2020-04-24 08:37:40 - [TEST_STEP][PASSED] - openBrowser(WebOfficeURL): Browser is opened with url: 'https://admin.preview.checkatrade.com/'

2020-04-24 08:37:40 - [MESSAGE][INFO] - Starting 'Chrome' driver

2020-04-24 08:37:40 - [MESSAGE][INFO] - Action delay is set to 0 milliseconds

2020-04-24 08:37:44 - [MESSAGE][PASSED] - Browser is opened with url: 'https://admin.preview.checkatrade.com/'

2020-04-24 08:37:44 - [TEST_STEP][PASSED] - maximizeWindow(): Current window maximized

2020-04-24 08:37:46 - [MESSAGE][PASSED] - Current window maximized

2020-04-24 08:37:46 - [TEST_STEP][PASSED] - waitForElementClickable(findTestObject("Object Repository/WebOffice/Page_Checkatrade - Administration - Login/Login_Button"), 25): Object 'Object Repository/WebOffice/Page_Checkatrade - Administration - Login/Login_Button' is clickable

2020-04-24 08:37:46 - [MESSAGE][PASSED] - Object 'Object Repository/WebOffice/Page_Checkatrade - Administration - Login/Login_Button' is clickable

2020-04-24 08:37:46 - [TEST_STEP][PASSED] - verifyTextPresent("Checkatrade Web Office", false): Text 'Checkatrade Web Office' is present on page 

2020-04-24 08:37:46 - [MESSAGE][PASSED] - Text 'Checkatrade Web Office' is present on page 

2020-04-24 08:37:46 - [TEST_STEP][PASSED] - verifyTextPresent("Access for staff use only", false): Text 'Access for staff use only' is present on page 

2020-04-24 08:37:46 - [MESSAGE][PASSED] - Text 'Access for staff use only' is present on page 

2020-04-24 08:37:46 - [TEST_STEP][PASSED] - verifyTextPresent("Forgotten password?", false): Text 'Forgotten password?' is present on page 

2020-04-24 08:37:46 - [MESSAGE][PASSED] - Text 'Forgotten password?' is present on page 

2020-04-24 08:37:46 - [TEST_STEP][PASSED] - setText(findTestObject("Object Repository/WebOffice/Page_Checkatrade - Administration - Login/input_Username_LoginControlUserName"), wo_Username): Text 'DavidHo' is set on object 'Object Repository/WebOffice/Page_Checkatrade - Administration - Login/input_Username_LoginControlUserName'

2020-04-24 08:37:47 - [MESSAGE][PASSED] - Text 'DavidHo' is set on object 'Object Repository/WebOffice/Page_Checkatrade - Administration - Login/input_Username_LoginControlUserName'

2020-04-24 08:37:47 - [TEST_STEP][PASSED] - setText(findTestObject("Object Repository/WebOffice/Page_Checkatrade - Administration - Login/input_Password_LoginControlPassword"), wo_Password): Text 'Check123' is set on object 'Object Repository/WebOffice/Page_Checkatrade - Administration - Login/input_Password_LoginControlPassword'

2020-04-24 08:37:47 - [MESSAGE][PASSED] - Text 'Check123' is set on object 'Object Repository/WebOffice/Page_Checkatrade - Administration - Login/input_Password_LoginControlPassword'

2020-04-24 08:37:47 - [TEST_STEP][PASSED] - click(findTestObject("Object Repository/WebOffice/Page_Checkatrade - Administration - Login/Login_Button")): Object: 'Object Repository/WebOffice/Page_Checkatrade - Administration - Login/Login_Button' is clicked on

2020-04-24 08:37:48 - [MESSAGE][PASSED] - Object: 'Object Repository/WebOffice/Page_Checkatrade - Administration - Login/Login_Button' is clicked on

2020-04-24 08:37:48 - [TEST_STEP][PASSED] - waitForPageLoad(60): Wait for page load successfully

2020-04-24 08:37:48 - [MESSAGE][PASSED] - Wait for page load successfully

2020-04-24 08:37:48 - [TEST_STEP][PASSED] - verifyTextPresent("Welcome " + wo_Username, false): Text 'Welcome DavidHo' is present on page 

2020-04-24 08:37:48 - [MESSAGE][PASSED] - Text 'Welcome DavidHo' is present on page 

2020-04-24 08:37:48 - [MESSAGE][PASSED] - Call Test Case 'Test Cases/Reusable_Test_Sequences/Web_Office/Directives/WebOffice_StartUp' successfully

2020-04-24 08:37:48 - [TEST_STEP][PASSED] - "-----------------------------------------------------------------": null

2020-04-24 08:37:48 - [TEST_STEP][PASSED] - " Navigate to <Settings->Checkatrade.Com->Sub Item> Menu Item     |": null

2020-04-24 08:37:48 - [TEST_STEP][PASSED] - callTestCase(findTestCase("Reusable_Test_Sequences/Web_Office/Navigation/Sub_Menu_Navigation/Settings/Web_Office/Membership_Settings"), [:], STOP_ON_FAILURE): Call Test Case 'Test Cases/Reusable_Test_Sequences/Web_Office/Navigation/Sub_Menu_Navigation/Settings/Web_Office/Membership_Settings' successfully

2020-04-24 08:37:48 - [TEST_CASE][PASSED] - Test Cases/Reusable_Test_Sequences/Web_Office/Navigation/Sub_Menu_Navigation/Settings/Web_Office/Membership_Settings: Test Cases/Reusable_Test_Sequences/Web_Office/Navigation/Sub_Menu_Navigation/Settings/Web_Office/Membership_Settings

2020-04-24 08:37:48 - [TEST_STEP][PASSED] - "--------------------------------------": null

2020-04-24 08:37:48 - [TEST_STEP][PASSED] - " Navigate Top level menu Item         |": null

2020-04-24 08:37:48 - [TEST_STEP][PASSED] - waitForPageLoad(60): Wait for page load successfully

2020-04-24 08:37:48 - [MESSAGE][PASSED] - Wait for page load successfully

2020-04-24 08:37:48 - [TEST_STEP][PASSED] - waitForElementClickable(findTestObject("Object Repository/WebOffice_Home_page/a_Settings"), 60): Object 'Object Repository/WebOffice_Home_page/a_Settings' is clickable

2020-04-24 08:37:48 - [MESSAGE][PASSED] - Object 'Object Repository/WebOffice_Home_page/a_Settings' is clickable

2020-04-24 08:37:48 - [TEST_STEP][PASSED] - mouseOver(findTestObject("Object Repository/WebOffice_Home_page/a_Settings")): Object: 'Object Repository/WebOffice_Home_page/a_Settings' is hovered

2020-04-24 08:37:48 - [MESSAGE][PASSED] - Object: 'Object Repository/WebOffice_Home_page/a_Settings' is hovered

2020-04-24 08:37:48 - [TEST_STEP][PASSED] - mouseOver(findTestObject("Object Repository/WebOffice_Home_page/a_Web Office")): Object: 'Object Repository/WebOffice_Home_page/a_Web Office' is hovered

2020-04-24 08:37:48 - [MESSAGE][PASSED] - Object: 'Object Repository/WebOffice_Home_page/a_Web Office' is hovered

2020-04-24 08:37:48 - [TEST_STEP][PASSED] - waitForElementClickable(findTestObject("Object Repository/WebOffice_Home_page/a_Membership Settings"), 1): Object 'Object Repository/WebOffice_Home_page/a_Membership Settings' is clickable

2020-04-24 08:37:49 - [MESSAGE][PASSED] - Object 'Object Repository/WebOffice_Home_page/a_Membership Settings' is clickable

2020-04-24 08:37:49 - [TEST_STEP][PASSED] - click(findTestObject("Object Repository/WebOffice_Home_page/a_Membership Settings")): Object: 'Object Repository/WebOffice_Home_page/a_Membership Settings' is clicked on

2020-04-24 08:37:49 - [MESSAGE][PASSED] - Object: 'Object Repository/WebOffice_Home_page/a_Membership Settings' is clicked on

2020-04-24 08:37:49 - [MESSAGE][PASSED] - Call Test Case 'Test Cases/Reusable_Test_Sequences/Web_Office/Navigation/Sub_Menu_Navigation/Settings/Web_Office/Membership_Settings' successfully

2020-04-24 08:37:49 - [TEST_STEP][PASSED] - "--------------------------------------": null

2020-04-24 08:37:49 - [TEST_STEP][PASSED] - " Verify Returned Page Detail          |": null

2020-04-24 08:37:49 - [TEST_STEP][PASSED] - callTestCase(findTestCase("Reusable_Test_Sequences/Web_Office/Verification/Settings/Web_Office/Membership_Settings"), [:], OPTIONAL): Call Test Case 'Test Cases/Reusable_Test_Sequences/Web_Office/Verification/Settings/Web_Office/Membership_Settings' successfully

2020-04-24 08:37:49 - [TEST_CASE][PASSED] - Test Cases/Reusable_Test_Sequences/Web_Office/Verification/Settings/Web_Office/Membership_Settings: Test Cases/Reusable_Test_Sequences/Web_Office/Verification/Settings/Web_Office/Membership_Settings

2020-04-24 08:37:49 - [TEST_STEP][PASSED] - waitForPageLoad(60): Wait for page load successfully

2020-04-24 08:37:49 - [MESSAGE][PASSED] - Wait for page load successfully

2020-04-24 08:37:49 - [TEST_STEP][PASSED] - delay(1): Delayed 1 second(s)

2020-04-24 08:37:50 - [MESSAGE][PASSED] - Delayed 1 second(s)

2020-04-24 08:37:50 - [TEST_STEP][PASSED] - verifyTextPresent("Membership Settings", false): Text 'Membership Settings' is present on page 

2020-04-24 08:37:50 - [MESSAGE][PASSED] - Text 'Membership Settings' is present on page 

2020-04-24 08:37:50 - [TEST_STEP][PASSED] - "----------------------------------------------": null

2020-04-24 08:37:50 - [TEST_STEP][PASSED] - verifyTextPresent("Set how many months prior we should mark feedback as published for", false): Text 'Set how many months prior we should mark feedback as published for' is present on page 

2020-04-24 08:37:50 - [MESSAGE][PASSED] - Text 'Set how many months prior we should mark feedback as published for' is present on page 

2020-04-24 08:37:50 - [TEST_STEP][PASSED] - verifyTextPresent("Required rolling contract contacts to trigger paid membership", false): Text 'Required rolling contract contacts to trigger paid membership' is present on page 

2020-04-24 08:37:50 - [MESSAGE][PASSED] - Text 'Required rolling contract contacts to trigger paid membership' is present on page 

2020-04-24 08:37:50 - [TEST_STEP][PASSED] - verifyTextPresent("Required fixed contract contacts to trigger paid membership", false): Text 'Required fixed contract contacts to trigger paid membership' is present on page 

2020-04-24 08:37:51 - [MESSAGE][PASSED] - Text 'Required fixed contract contacts to trigger paid membership' is present on page 

2020-04-24 08:37:51 - [MESSAGE][PASSED] - Call Test Case 'Test Cases/Reusable_Test_Sequences/Web_Office/Verification/Settings/Web_Office/Membership_Settings' successfully

2020-04-24 08:37:51 - [TEST_STEP][PASSED] - "--------------------------": null

2020-04-24 08:37:51 - [TEST_STEP][PASSED] - " Teardown - CLose Browser |": null

2020-04-24 08:37:51 - [TEST_STEP][PASSED] - callTestCase(findTestCase("Reusable_Test_Sequences/CAT_Teardown"), [:], OPTIONAL): Call Test Case 'Test Cases/Reusable_Test_Sequences/CAT_Teardown' successfully

2020-04-24 08:37:51 - [TEST_CASE][PASSED] - Test Cases/Reusable_Test_Sequences/CAT_Teardown: Test Cases/Reusable_Test_Sequences/CAT_Teardown

2020-04-24 08:37:51 - [TEST_STEP][PASSED] - closeBrowser(): Browser is closed

2020-04-24 08:37:51 - [MESSAGE][PASSED] - Browser is closed

2020-04-24 08:37:51 - [TEST_STEP][PASSED] - super.finalize(): null

2020-04-24 08:37:51 - [TEST_STEP][PASSED] - System.gc(): null

2020-04-24 08:37:51 - [MESSAGE][PASSED] - Call Test Case 'Test Cases/Reusable_Test_Sequences/CAT_Teardown' successfully]]></system-out>
         <system-err><![CDATA[]]></system-err>
      </testcase>
      <testcase name="Test Cases/Web_Office/Settings/Web_Office/Company_Screen_Settings" time="11.942" classname="Test Cases/Web_Office/Settings/Web_Office/Company_Screen_Settings" status="PASSED">
         <system-out><![CDATA[2020-04-24 08:37:51 - [TEST_CASE][PASSED] - Test Cases/Web_Office/Settings/Web_Office/Company_Screen_Settings: Test Cases/Web_Office/Settings/Web_Office/Company_Screen_Settings

2020-04-24 08:37:52 - [TEST_STEP][PASSED] - "--------------------------------------": null

2020-04-24 08:37:52 - [TEST_STEP][PASSED] - " Web Office StartUp                  |": null

2020-04-24 08:37:52 - [TEST_STEP][PASSED] - callTestCase(findTestCase("Reusable_Test_Sequences/Web_Office/Directives/WebOffice_StartUp"), [:], STOP_ON_FAILURE): Call Test Case 'Test Cases/Reusable_Test_Sequences/Web_Office/Directives/WebOffice_StartUp' successfully

2020-04-24 08:37:52 - [TEST_CASE][PASSED] - Test Cases/Reusable_Test_Sequences/Web_Office/Directives/WebOffice_StartUp: Test Cases/Reusable_Test_Sequences/Web_Office/Directives/WebOffice_StartUp

2020-04-24 08:37:52 - [TEST_STEP][PASSED] - "-----------------------------------------------------------------------------": null

2020-04-24 08:37:52 - [TEST_STEP][PASSED] - if (URL == "https://www.dev.checkatrade.com/"): null

2020-04-24 08:37:52 - [TEST_STEP][PASSED] - "-----------------------------------------------------------------------------": null

2020-04-24 08:37:52 - [TEST_STEP][PASSED] - if (URL == "https://www.checkatrade.com/"): null

2020-04-24 08:37:52 - [TEST_STEP][PASSED] - "-----------------------------------------------------------------------------": null

2020-04-24 08:37:52 - [TEST_STEP][PASSED] - if (URL == "https://www.preview.checkatrade.com/"): null

2020-04-24 08:37:52 - [TEST_STEP][PASSED] - WebOfficeURL = "https://admin.preview.checkatrade.com/": null

2020-04-24 08:37:52 - [TEST_STEP][PASSED] - if (URL == "https://www.dev2.checkatrade.com/"): null

2020-04-24 08:37:52 - [TEST_STEP][PASSED] - "Set Function Area for "URL_Handler", URL Resolution": null

2020-04-24 08:37:52 - [TEST_STEP][PASSED] - "Do Some Magic with URL(s) See the comments within URL Handler ": null

2020-04-24 08:37:52 - [TEST_STEP][PASSED] - "------------------------------------------------": null

2020-04-24 08:37:52 - [TEST_STEP][PASSED] - "Moved Login Credentials to <Default> profile 22/01/2020": null

2020-04-24 08:37:52 - [TEST_STEP][PASSED] - "------------------------------------------------": null

2020-04-24 08:37:52 - [TEST_STEP][PASSED] - "WebOfficeURL - Set from the ENVIRONMENT PROFILE ": null

2020-04-24 08:37:52 - [TEST_STEP][PASSED] - "OPEN BROWSER": null

2020-04-24 08:37:52 - [TEST_STEP][PASSED] - "eg - https://admin.preview.checkatrade.com/  ": null

2020-04-24 08:37:52 - [TEST_STEP][PASSED] - openBrowser(WebOfficeURL): Browser is opened with url: 'https://admin.preview.checkatrade.com/'

2020-04-24 08:37:52 - [MESSAGE][INFO] - Starting 'Chrome' driver

2020-04-24 08:37:52 - [MESSAGE][INFO] - Action delay is set to 0 milliseconds

2020-04-24 08:37:56 - [MESSAGE][PASSED] - Browser is opened with url: 'https://admin.preview.checkatrade.com/'

2020-04-24 08:37:56 - [TEST_STEP][PASSED] - maximizeWindow(): Current window maximized

2020-04-24 08:37:58 - [MESSAGE][PASSED] - Current window maximized

2020-04-24 08:37:58 - [TEST_STEP][PASSED] - waitForElementClickable(findTestObject("Object Repository/WebOffice/Page_Checkatrade - Administration - Login/Login_Button"), 25): Object 'Object Repository/WebOffice/Page_Checkatrade - Administration - Login/Login_Button' is clickable

2020-04-24 08:37:58 - [MESSAGE][PASSED] - Object 'Object Repository/WebOffice/Page_Checkatrade - Administration - Login/Login_Button' is clickable

2020-04-24 08:37:58 - [TEST_STEP][PASSED] - verifyTextPresent("Checkatrade Web Office", false): Text 'Checkatrade Web Office' is present on page 

2020-04-24 08:37:58 - [MESSAGE][PASSED] - Text 'Checkatrade Web Office' is present on page 

2020-04-24 08:37:58 - [TEST_STEP][PASSED] - verifyTextPresent("Access for staff use only", false): Text 'Access for staff use only' is present on page 

2020-04-24 08:37:58 - [MESSAGE][PASSED] - Text 'Access for staff use only' is present on page 

2020-04-24 08:37:58 - [TEST_STEP][PASSED] - verifyTextPresent("Forgotten password?", false): Text 'Forgotten password?' is present on page 

2020-04-24 08:37:58 - [MESSAGE][PASSED] - Text 'Forgotten password?' is present on page 

2020-04-24 08:37:58 - [TEST_STEP][PASSED] - setText(findTestObject("Object Repository/WebOffice/Page_Checkatrade - Administration - Login/input_Username_LoginControlUserName"), wo_Username): Text 'DavidHo' is set on object 'Object Repository/WebOffice/Page_Checkatrade - Administration - Login/input_Username_LoginControlUserName'

2020-04-24 08:37:59 - [MESSAGE][PASSED] - Text 'DavidHo' is set on object 'Object Repository/WebOffice/Page_Checkatrade - Administration - Login/input_Username_LoginControlUserName'

2020-04-24 08:37:59 - [TEST_STEP][PASSED] - setText(findTestObject("Object Repository/WebOffice/Page_Checkatrade - Administration - Login/input_Password_LoginControlPassword"), wo_Password): Text 'Check123' is set on object 'Object Repository/WebOffice/Page_Checkatrade - Administration - Login/input_Password_LoginControlPassword'

2020-04-24 08:37:59 - [MESSAGE][PASSED] - Text 'Check123' is set on object 'Object Repository/WebOffice/Page_Checkatrade - Administration - Login/input_Password_LoginControlPassword'

2020-04-24 08:37:59 - [TEST_STEP][PASSED] - click(findTestObject("Object Repository/WebOffice/Page_Checkatrade - Administration - Login/Login_Button")): Object: 'Object Repository/WebOffice/Page_Checkatrade - Administration - Login/Login_Button' is clicked on

2020-04-24 08:38:00 - [MESSAGE][PASSED] - Object: 'Object Repository/WebOffice/Page_Checkatrade - Administration - Login/Login_Button' is clicked on

2020-04-24 08:38:00 - [TEST_STEP][PASSED] - waitForPageLoad(60): Wait for page load successfully

2020-04-24 08:38:00 - [MESSAGE][PASSED] - Wait for page load successfully

2020-04-24 08:38:00 - [TEST_STEP][PASSED] - verifyTextPresent("Welcome " + wo_Username, false): Text 'Welcome DavidHo' is present on page 

2020-04-24 08:38:00 - [MESSAGE][PASSED] - Text 'Welcome DavidHo' is present on page 

2020-04-24 08:38:00 - [MESSAGE][PASSED] - Call Test Case 'Test Cases/Reusable_Test_Sequences/Web_Office/Directives/WebOffice_StartUp' successfully

2020-04-24 08:38:00 - [TEST_STEP][PASSED] - "-----------------------------------------------------------------": null

2020-04-24 08:38:00 - [TEST_STEP][PASSED] - " Navigate to <Settings->Checkatrade.Com->Sub Item> Menu Item     |": null

2020-04-24 08:38:00 - [TEST_STEP][PASSED] - callTestCase(findTestCase("Reusable_Test_Sequences/Web_Office/Navigation/Sub_Menu_Navigation/Settings/Web_Office/Membership_Settings"), [:], STOP_ON_FAILURE): Call Test Case 'Test Cases/Reusable_Test_Sequences/Web_Office/Navigation/Sub_Menu_Navigation/Settings/Web_Office/Membership_Settings' successfully

2020-04-24 08:38:00 - [TEST_CASE][PASSED] - Test Cases/Reusable_Test_Sequences/Web_Office/Navigation/Sub_Menu_Navigation/Settings/Web_Office/Membership_Settings: Test Cases/Reusable_Test_Sequences/Web_Office/Navigation/Sub_Menu_Navigation/Settings/Web_Office/Membership_Settings

2020-04-24 08:38:00 - [TEST_STEP][PASSED] - "--------------------------------------": null

2020-04-24 08:38:00 - [TEST_STEP][PASSED] - " Navigate Top level menu Item         |": null

2020-04-24 08:38:00 - [TEST_STEP][PASSED] - waitForPageLoad(60): Wait for page load successfully

2020-04-24 08:38:00 - [MESSAGE][PASSED] - Wait for page load successfully

2020-04-24 08:38:00 - [TEST_STEP][PASSED] - waitForElementClickable(findTestObject("Object Repository/WebOffice_Home_page/a_Settings"), 60): Object 'Object Repository/WebOffice_Home_page/a_Settings' is clickable

2020-04-24 08:38:00 - [MESSAGE][PASSED] - Object 'Object Repository/WebOffice_Home_page/a_Settings' is clickable

2020-04-24 08:38:00 - [TEST_STEP][PASSED] - mouseOver(findTestObject("Object Repository/WebOffice_Home_page/a_Settings")): Object: 'Object Repository/WebOffice_Home_page/a_Settings' is hovered

2020-04-24 08:38:00 - [MESSAGE][PASSED] - Object: 'Object Repository/WebOffice_Home_page/a_Settings' is hovered

2020-04-24 08:38:00 - [TEST_STEP][PASSED] - mouseOver(findTestObject("Object Repository/WebOffice_Home_page/a_Web Office")): Object: 'Object Repository/WebOffice_Home_page/a_Web Office' is hovered

2020-04-24 08:38:00 - [MESSAGE][PASSED] - Object: 'Object Repository/WebOffice_Home_page/a_Web Office' is hovered

2020-04-24 08:38:00 - [TEST_STEP][PASSED] - waitForElementClickable(findTestObject("Object Repository/WebOffice_Home_page/a_Membership Settings"), 1): Object 'Object Repository/WebOffice_Home_page/a_Membership Settings' is clickable

2020-04-24 08:38:01 - [MESSAGE][PASSED] - Object 'Object Repository/WebOffice_Home_page/a_Membership Settings' is clickable

2020-04-24 08:38:01 - [TEST_STEP][PASSED] - click(findTestObject("Object Repository/WebOffice_Home_page/a_Membership Settings")): Object: 'Object Repository/WebOffice_Home_page/a_Membership Settings' is clicked on

2020-04-24 08:38:01 - [MESSAGE][PASSED] - Object: 'Object Repository/WebOffice_Home_page/a_Membership Settings' is clicked on

2020-04-24 08:38:01 - [MESSAGE][PASSED] - Call Test Case 'Test Cases/Reusable_Test_Sequences/Web_Office/Navigation/Sub_Menu_Navigation/Settings/Web_Office/Membership_Settings' successfully

2020-04-24 08:38:01 - [TEST_STEP][PASSED] - "--------------------------------------": null

2020-04-24 08:38:01 - [TEST_STEP][PASSED] - " Verify Returned Page Detail          |": null

2020-04-24 08:38:01 - [TEST_STEP][PASSED] - callTestCase(findTestCase("Reusable_Test_Sequences/Web_Office/Verification/Settings/Web_Office/Membership_Settings"), [:], OPTIONAL): Call Test Case 'Test Cases/Reusable_Test_Sequences/Web_Office/Verification/Settings/Web_Office/Membership_Settings' successfully

2020-04-24 08:38:01 - [TEST_CASE][PASSED] - Test Cases/Reusable_Test_Sequences/Web_Office/Verification/Settings/Web_Office/Membership_Settings: Test Cases/Reusable_Test_Sequences/Web_Office/Verification/Settings/Web_Office/Membership_Settings

2020-04-24 08:38:01 - [TEST_STEP][PASSED] - waitForPageLoad(60): Wait for page load successfully

2020-04-24 08:38:01 - [MESSAGE][PASSED] - Wait for page load successfully

2020-04-24 08:38:01 - [TEST_STEP][PASSED] - delay(1): Delayed 1 second(s)

2020-04-24 08:38:02 - [MESSAGE][PASSED] - Delayed 1 second(s)

2020-04-24 08:38:02 - [TEST_STEP][PASSED] - verifyTextPresent("Membership Settings", false): Text 'Membership Settings' is present on page 

2020-04-24 08:38:02 - [MESSAGE][PASSED] - Text 'Membership Settings' is present on page 

2020-04-24 08:38:02 - [TEST_STEP][PASSED] - "----------------------------------------------": null

2020-04-24 08:38:02 - [TEST_STEP][PASSED] - verifyTextPresent("Set how many months prior we should mark feedback as published for", false): Text 'Set how many months prior we should mark feedback as published for' is present on page 

2020-04-24 08:38:02 - [MESSAGE][PASSED] - Text 'Set how many months prior we should mark feedback as published for' is present on page 

2020-04-24 08:38:02 - [TEST_STEP][PASSED] - verifyTextPresent("Required rolling contract contacts to trigger paid membership", false): Text 'Required rolling contract contacts to trigger paid membership' is present on page 

2020-04-24 08:38:02 - [MESSAGE][PASSED] - Text 'Required rolling contract contacts to trigger paid membership' is present on page 

2020-04-24 08:38:02 - [TEST_STEP][PASSED] - verifyTextPresent("Required fixed contract contacts to trigger paid membership", false): Text 'Required fixed contract contacts to trigger paid membership' is present on page 

2020-04-24 08:38:03 - [MESSAGE][PASSED] - Text 'Required fixed contract contacts to trigger paid membership' is present on page 

2020-04-24 08:38:03 - [MESSAGE][PASSED] - Call Test Case 'Test Cases/Reusable_Test_Sequences/Web_Office/Verification/Settings/Web_Office/Membership_Settings' successfully

2020-04-24 08:38:03 - [TEST_STEP][PASSED] - "--------------------------": null

2020-04-24 08:38:03 - [TEST_STEP][PASSED] - " Teardown - CLose Browser |": null

2020-04-24 08:38:03 - [TEST_STEP][PASSED] - callTestCase(findTestCase("Reusable_Test_Sequences/CAT_Teardown"), [:], OPTIONAL): Call Test Case 'Test Cases/Reusable_Test_Sequences/CAT_Teardown' successfully

2020-04-24 08:38:03 - [TEST_CASE][PASSED] - Test Cases/Reusable_Test_Sequences/CAT_Teardown: Test Cases/Reusable_Test_Sequences/CAT_Teardown

2020-04-24 08:38:03 - [TEST_STEP][PASSED] - closeBrowser(): Browser is closed

2020-04-24 08:38:03 - [MESSAGE][PASSED] - Browser is closed

2020-04-24 08:38:03 - [TEST_STEP][PASSED] - super.finalize(): null

2020-04-24 08:38:03 - [TEST_STEP][PASSED] - System.gc(): null

2020-04-24 08:38:03 - [MESSAGE][PASSED] - Call Test Case 'Test Cases/Reusable_Test_Sequences/CAT_Teardown' successfully]]></system-out>
         <system-err><![CDATA[]]></system-err>
      </testcase>
      <system-out><![CDATA[2020-04-24 08:29:10 - [TEST_SUITE][PASSED] - Web_Office_Settings_Web_Office: Test Cases/Web_Office/Settings/Web_Office/Company_Screen_Settings]]></system-out>
      <system-err><![CDATA[]]></system-err>
   </testsuite>
</testsuites>
