<?xml version="1.0" encoding="UTF-8"?>
<testsuites name="Give_Feedback" time="325.021" tests="2" failures="1" errors="0">
   <testsuite name="Give_Feedback" tests="2" failures="1" errors="0" time="325.021" timestamp="2019-11-01 15:13:41" hostname="DavidHo - VETTEDSP36RF.check.local" id="Test Suites/Give_Feedback">
      <properties>
         <property name="deviceName" value=""/>
         <property name="devicePlatform" value=""/>
         <property name="logFolder" value="C:\\Users\\davidho\\Katalon Studio\\Start\\Reports\\20191101_151131\\Give_Feedback\\20191101_151137"/>
         <property name="logFiles" value="C:\\Users\\davidho\\Katalon Studio\\Start\\Reports\\20191101_151131\\Give_Feedback\\20191101_151137\\execution0.log"/>
         <property name="attachments" value=""/>
         <property name="hostName" value="DavidHo - VETTEDSP36RF.check.local"/>
         <property name="os" value="Windows 10 32bit"/>
         <property name="katalonVersion" value="7.0.5.1"/>
         <property name="browser" value="Firefox 69.0"/>
         <property name="hostAddress" value="10.0.11.243"/>
         <property name="sessionId" value="de2c25b6-b8ee-420b-983c-ddf038a1cd04"/>
         <property name="seleniumVersion" value="3.141.59"/>
         <property name="proxyInformation" value="ProxyInformation{proxyOption=NO_PROXY, proxyServerType=HTTP, password=, proxyServerAddress=, proxyServerPort=0}"/>
         <property name="platform" value="Windows 10"/>
      </properties>
      <testcase name="Test Cases/Give_Feedback/Give_Feedback" time="265.19" classname="Test Cases/Give_Feedback/Give_Feedback" status="FAILED">
         <failure type="FAILED" message="Test Cases/Give_Feedback/Give_Feedback FAILED.
Reason:
com.kms.katalon.core.exception.StepFailedException: Unable to call Test Case 'Test Cases/Reusable_Test_Sequences/CAT_Home' (Root cause: com.kms.katalon.core.exception.StepFailedException: Call Test Case 'Test Cases/Reusable_Test_Sequences/CAT_Home' failed
	at com.kms.katalon.core.keyword.builtin.CallTestCaseKeyword$_callTestCase_closure1.doCall(CallTestCaseKeyword.groovy:63)
	at com.kms.katalon.core.keyword.builtin.CallTestCaseKeyword$_callTestCase_closure1.call(CallTestCaseKeyword.groovy)
	at com.kms.katalon.core.keyword.internal.KeywordMain.runKeyword(KeywordMain.groovy:68)
	at com.kms.katalon.core.keyword.builtin.CallTestCaseKeyword.callTestCase(CallTestCaseKeyword.groovy:81)
	at com.kms.katalon.core.keyword.builtin.CallTestCaseKeyword.execute(CallTestCaseKeyword.groovy:44)
	at com.kms.katalon.core.keyword.internal.KeywordExecutor.executeKeywordForPlatform(KeywordExecutor.groovy:60)
	at com.kms.katalon.core.keyword.BuiltinKeywords.callTestCase(BuiltinKeywords.groovy:334)
	at Give_Feedback.run(Give_Feedback:117)
	at com.kms.katalon.core.main.ScriptEngine.run(ScriptEngine.java:194)
	at com.kms.katalon.core.main.ScriptEngine.runScriptAsRawText(ScriptEngine.java:119)
	at com.kms.katalon.core.main.TestCaseExecutor.runScript(TestCaseExecutor.java:337)
	at com.kms.katalon.core.main.TestCaseExecutor.doExecute(TestCaseExecutor.java:328)
	at com.kms.katalon.core.main.TestCaseExecutor.processExecutionPhase(TestCaseExecutor.java:307)
	at com.kms.katalon.core.main.TestCaseExecutor.accessMainPhase(TestCaseExecutor.java:299)
	at com.kms.katalon.core.main.TestCaseExecutor.execute(TestCaseExecutor.java:233)
	at com.kms.katalon.core.main.TestSuiteExecutor.accessTestCaseMainPhase(TestSuiteExecutor.java:169)
	at com.kms.katalon.core.main.TestSuiteExecutor.accessTestSuiteMainPhase(TestSuiteExecutor.java:142)
	at com.kms.katalon.core.main.TestSuiteExecutor.execute(TestSuiteExecutor.java:91)
	at com.kms.katalon.core.main.TestCaseMain.startTestSuite(TestCaseMain.java:157)
	at com.kms.katalon.core.main.TestCaseMain$startTestSuite$0.call(Unknown Source)
	at TempTestSuite1572621097330.run(TempTestSuite1572621097330.groovy:36)
Caused by: com.kms.katalon.core.exception.StepFailedException: Text 'Helping you find the right trade or service' is not present on page  (Root cause: com.kms.katalon.core.exception.StepFailedException: Text 'Helping you find the right trade or service' is not present on page 
	at com.kms.katalon.core.webui.keyword.internal.WebUIKeywordMain.stepFailed(WebUIKeywordMain.groovy:64)
	at com.kms.katalon.core.webui.keyword.builtin.VerifyTextPresentKeyword$_verifyTextPresent_closure1.doCall(VerifyTextPresentKeyword.groovy:79)
	at com.kms.katalon.core.webui.keyword.builtin.VerifyTextPresentKeyword$_verifyTextPresent_closure1.call(VerifyTextPresentKeyword.groovy)
	at com.kms.katalon.core.webui.keyword.internal.WebUIKeywordMain.runKeyword(WebUIKeywordMain.groovy:20)
	at com.kms.katalon.core.webui.keyword.builtin.VerifyTextPresentKeyword.verifyTextPresent(VerifyTextPresentKeyword.groovy:83)
	at com.kms.katalon.core.webui.keyword.builtin.VerifyTextPresentKeyword.execute(VerifyTextPresentKeyword.groovy:68)
	at com.kms.katalon.core.keyword.internal.KeywordExecutor.executeKeywordForPlatform(KeywordExecutor.groovy:60)
	at com.kms.katalon.core.webui.keyword.WebUiBuiltInKeywords.verifyTextPresent(WebUiBuiltInKeywords.groovy:1693)
	at com.kms.katalon.core.webui.keyword.WebUiBuiltInKeywords$verifyTextPresent$6.call(Unknown Source)
	at CAT_Home.run(CAT_Home:61)
	at com.kms.katalon.core.main.ScriptEngine.run(ScriptEngine.java:194)
	at com.kms.katalon.core.main.ScriptEngine.runScriptAsRawText(ScriptEngine.java:119)
	at com.kms.katalon.core.main.TestCaseExecutor.runScript(TestCaseExecutor.java:337)
	at com.kms.katalon.core.main.TestCaseExecutor.doExecute(TestCaseExecutor.java:328)
	at com.kms.katalon.core.main.TestCaseExecutor.processExecutionPhase(TestCaseExecutor.java:307)
	at com.kms.katalon.core.main.TestCaseExecutor.accessMainPhase(TestCaseExecutor.java:299)
	at com.kms.katalon.core.main.TestCaseExecutor.execute(TestCaseExecutor.java:233)
	at com.kms.katalon.core.main.TestCaseMain.runTestCase(TestCaseMain.java:114)
	at com.kms.katalon.core.keyword.builtin.CallTestCaseKeyword$_callTestCase_closure1.doCall(CallTestCaseKeyword.groovy:59)
	at com.kms.katalon.core.keyword.builtin.CallTestCaseKeyword$_callTestCase_closure1.call(CallTestCaseKeyword.groovy)
	at com.kms.katalon.core.keyword.internal.KeywordMain.runKeyword(KeywordMain.groovy:68)
	at com.kms.katalon.core.keyword.builtin.CallTestCaseKeyword.callTestCase(CallTestCaseKeyword.groovy:81)
	at com.kms.katalon.core.keyword.builtin.CallTestCaseKeyword.execute(CallTestCaseKeyword.groovy:44)
	at com.kms.katalon.core.keyword.internal.KeywordExecutor.executeKeywordForPlatform(KeywordExecutor.groovy:60)
	at com.kms.katalon.core.keyword.BuiltinKeywords.callTestCase(BuiltinKeywords.groovy:334)
	at Give_Feedback.run(Give_Feedback:117)
	at com.kms.katalon.core.main.ScriptEngine.run(ScriptEngine.java:194)
	at com.kms.katalon.core.main.ScriptEngine.runScriptAsRawText(ScriptEngine.java:119)
	at com.kms.katalon.core.main.TestCaseExecutor.runScript(TestCaseExecutor.java:337)
	at com.kms.katalon.core.main.TestCaseExecutor.doExecute(TestCaseExecutor.java:328)
	at com.kms.katalon.core.main.TestCaseExecutor.processExecutionPhase(TestCaseExecutor.java:307)
	at com.kms.katalon.core.main.TestCaseExecutor.accessMainPhase(TestCaseExecutor.java:299)
	at com.kms.katalon.core.main.TestCaseExecutor.execute(TestCaseExecutor.java:233)
	at com.kms.katalon.core.main.TestSuiteExecutor.accessTestCaseMainPhase(TestSuiteExecutor.java:169)
	at com.kms.katalon.core.main.TestSuiteExecutor.accessTestSuiteMainPhase(TestSuiteExecutor.java:142)
	at com.kms.katalon.core.main.TestSuiteExecutor.execute(TestSuiteExecutor.java:91)
	at com.kms.katalon.core.main.TestCaseMain.startTestSuite(TestCaseMain.java:157)
	at com.kms.katalon.core.main.TestCaseMain$startTestSuite$0.call(Unknown Source)
	at TempTestSuite1572621097330.run(TempTestSuite1572621097330.groovy:36)
)
	at com.kms.katalon.core.keyword.internal.KeywordMain.stepFailed(KeywordMain.groovy:39)
	at com.kms.katalon.core.webui.keyword.internal.WebUIKeywordMain.stepFailed(WebUIKeywordMain.groovy:64)
	at com.kms.katalon.core.webui.keyword.builtin.VerifyTextPresentKeyword$_verifyTextPresent_closure1.doCall(VerifyTextPresentKeyword.groovy:79)
	at com.kms.katalon.core.webui.keyword.builtin.VerifyTextPresentKeyword$_verifyTextPresent_closure1.call(VerifyTextPresentKeyword.groovy)
	at com.kms.katalon.core.webui.keyword.internal.WebUIKeywordMain.runKeyword(WebUIKeywordMain.groovy:20)
	at com.kms.katalon.core.webui.keyword.builtin.VerifyTextPresentKeyword.verifyTextPresent(VerifyTextPresentKeyword.groovy:83)
	at com.kms.katalon.core.webui.keyword.builtin.VerifyTextPresentKeyword.execute(VerifyTextPresentKeyword.groovy:68)
	at com.kms.katalon.core.keyword.internal.KeywordExecutor.executeKeywordForPlatform(KeywordExecutor.groovy:60)
	at com.kms.katalon.core.webui.keyword.WebUiBuiltInKeywords.verifyTextPresent(WebUiBuiltInKeywords.groovy:1693)
	at com.kms.katalon.core.webui.keyword.WebUiBuiltInKeywords$verifyTextPresent$6.call(Unknown Source)
	at CAT_Home.run(CAT_Home:61)
	at com.kms.katalon.core.main.ScriptEngine.run(ScriptEngine.java:194)
	at com.kms.katalon.core.main.ScriptEngine.runScriptAsRawText(ScriptEngine.java:119)
	at com.kms.katalon.core.main.TestCaseExecutor.runScript(TestCaseExecutor.java:337)
	at com.kms.katalon.core.main.TestCaseExecutor.doExecute(TestCaseExecutor.java:328)
	at com.kms.katalon.core.main.TestCaseExecutor.processExecutionPhase(TestCaseExecutor.java:307)
	at com.kms.katalon.core.main.TestCaseExecutor.accessMainPhase(TestCaseExecutor.java:299)
	at com.kms.katalon.core.main.TestCaseExecutor.execute(TestCaseExecutor.java:233)
	at com.kms.katalon.core.main.TestCaseMain.runTestCase(TestCaseMain.java:114)
	at com.kms.katalon.core.keyword.builtin.CallTestCaseKeyword$_callTestCase_closure1.doCall(CallTestCaseKeyword.groovy:59)
	... 20 more
Caused by: com.kms.katalon.core.exception.StepFailedException: Text 'Helping you find the right trade or service' is not present on page 
	... 39 more
)
	at com.kms.katalon.core.keyword.internal.KeywordMain.stepFailed(KeywordMain.groovy:39)
	at com.kms.katalon.core.keyword.internal.KeywordMain.stepFailed(KeywordMain.groovy)
	at com.kms.katalon.core.keyword.internal.KeywordMain.runKeyword(KeywordMain.groovy:70)
	at com.kms.katalon.core.keyword.builtin.CallTestCaseKeyword.callTestCase(CallTestCaseKeyword.groovy:81)
	at com.kms.katalon.core.keyword.builtin.CallTestCaseKeyword.execute(CallTestCaseKeyword.groovy:44)
	at com.kms.katalon.core.keyword.internal.KeywordExecutor.executeKeywordForPlatform(KeywordExecutor.groovy:60)
	at com.kms.katalon.core.keyword.BuiltinKeywords.callTestCase(BuiltinKeywords.groovy:334)
	at Give_Feedback.run(Give_Feedback:117)
	at com.kms.katalon.core.main.ScriptEngine.run(ScriptEngine.java:194)
	at com.kms.katalon.core.main.ScriptEngine.runScriptAsRawText(ScriptEngine.java:119)
	at com.kms.katalon.core.main.TestCaseExecutor.runScript(TestCaseExecutor.java:337)
	at com.kms.katalon.core.main.TestCaseExecutor.doExecute(TestCaseExecutor.java:328)
	at com.kms.katalon.core.main.TestCaseExecutor.processExecutionPhase(TestCaseExecutor.java:307)
	at com.kms.katalon.core.main.TestCaseExecutor.accessMainPhase(TestCaseExecutor.java:299)
	at com.kms.katalon.core.main.TestCaseExecutor.execute(TestCaseExecutor.java:233)
	at com.kms.katalon.core.main.TestSuiteExecutor.accessTestCaseMainPhase(TestSuiteExecutor.java:169)
	at com.kms.katalon.core.main.TestSuiteExecutor.accessTestSuiteMainPhase(TestSuiteExecutor.java:142)
	at com.kms.katalon.core.main.TestSuiteExecutor.execute(TestSuiteExecutor.java:91)
	at com.kms.katalon.core.main.TestCaseMain.startTestSuite(TestCaseMain.java:157)
	at com.kms.katalon.core.main.TestCaseMain$startTestSuite$0.call(Unknown Source)
	at TempTestSuite1572621097330.run(TempTestSuite1572621097330.groovy:36)
Caused by: com.kms.katalon.core.exception.StepFailedException: Call Test Case 'Test Cases/Reusable_Test_Sequences/CAT_Home' failed
	at com.kms.katalon.core.keyword.builtin.CallTestCaseKeyword$_callTestCase_closure1.doCall(CallTestCaseKeyword.groovy:63)
	at com.kms.katalon.core.keyword.builtin.CallTestCaseKeyword$_callTestCase_closure1.call(CallTestCaseKeyword.groovy)
	at com.kms.katalon.core.keyword.internal.KeywordMain.runKeyword(KeywordMain.groovy:68)
	... 18 more
Caused by: com.kms.katalon.core.exception.StepFailedException: Text 'Helping you find the right trade or service' is not present on page  (Root cause: com.kms.katalon.core.exception.StepFailedException: Text 'Helping you find the right trade or service' is not present on page 
	at com.kms.katalon.core.webui.keyword.internal.WebUIKeywordMain.stepFailed(WebUIKeywordMain.groovy:64)
	at com.kms.katalon.core.webui.keyword.builtin.VerifyTextPresentKeyword$_verifyTextPresent_closure1.doCall(VerifyTextPresentKeyword.groovy:79)
	at com.kms.katalon.core.webui.keyword.builtin.VerifyTextPresentKeyword$_verifyTextPresent_closure1.call(VerifyTextPresentKeyword.groovy)
	at com.kms.katalon.core.webui.keyword.internal.WebUIKeywordMain.runKeyword(WebUIKeywordMain.groovy:20)
	at com.kms.katalon.core.webui.keyword.builtin.VerifyTextPresentKeyword.verifyTextPresent(VerifyTextPresentKeyword.groovy:83)
	at com.kms.katalon.core.webui.keyword.builtin.VerifyTextPresentKeyword.execute(VerifyTextPresentKeyword.groovy:68)
	at com.kms.katalon.core.keyword.internal.KeywordExecutor.executeKeywordForPlatform(KeywordExecutor.groovy:60)
	at com.kms.katalon.core.webui.keyword.WebUiBuiltInKeywords.verifyTextPresent(WebUiBuiltInKeywords.groovy:1693)
	at com.kms.katalon.core.webui.keyword.WebUiBuiltInKeywords$verifyTextPresent$6.call(Unknown Source)
	at CAT_Home.run(CAT_Home:61)
	at com.kms.katalon.core.main.ScriptEngine.run(ScriptEngine.java:194)
	at com.kms.katalon.core.main.ScriptEngine.runScriptAsRawText(ScriptEngine.java:119)
	at com.kms.katalon.core.main.TestCaseExecutor.runScript(TestCaseExecutor.java:337)
	at com.kms.katalon.core.main.TestCaseExecutor.doExecute(TestCaseExecutor.java:328)
	at com.kms.katalon.core.main.TestCaseExecutor.processExecutionPhase(TestCaseExecutor.java:307)
	at com.kms.katalon.core.main.TestCaseExecutor.accessMainPhase(TestCaseExecutor.java:299)
	at com.kms.katalon.core.main.TestCaseExecutor.execute(TestCaseExecutor.java:233)
	at com.kms.katalon.core.main.TestCaseMain.runTestCase(TestCaseMain.java:114)
	at com.kms.katalon.core.keyword.builtin.CallTestCaseKeyword$_callTestCase_closure1.doCall(CallTestCaseKeyword.groovy:59)
	at com.kms.katalon.core.keyword.builtin.CallTestCaseKeyword$_callTestCase_closure1.call(CallTestCaseKeyword.groovy)
	at com.kms.katalon.core.keyword.internal.KeywordMain.runKeyword(KeywordMain.groovy:68)
	at com.kms.katalon.core.keyword.builtin.CallTestCaseKeyword.callTestCase(CallTestCaseKeyword.groovy:81)
	at com.kms.katalon.core.keyword.builtin.CallTestCaseKeyword.execute(CallTestCaseKeyword.groovy:44)
	at com.kms.katalon.core.keyword.internal.KeywordExecutor.executeKeywordForPlatform(KeywordExecutor.groovy:60)
	at com.kms.katalon.core.keyword.BuiltinKeywords.callTestCase(BuiltinKeywords.groovy:334)
	at Give_Feedback.run(Give_Feedback:117)
	at com.kms.katalon.core.main.ScriptEngine.run(ScriptEngine.java:194)
	at com.kms.katalon.core.main.ScriptEngine.runScriptAsRawText(ScriptEngine.java:119)
	at com.kms.katalon.core.main.TestCaseExecutor.runScript(TestCaseExecutor.java:337)
	at com.kms.katalon.core.main.TestCaseExecutor.doExecute(TestCaseExecutor.java:328)
	at com.kms.katalon.core.main.TestCaseExecutor.processExecutionPhase(TestCaseExecutor.java:307)
	at com.kms.katalon.core.main.TestCaseExecutor.accessMainPhase(TestCaseExecutor.java:299)
	at com.kms.katalon.core.main.TestCaseExecutor.execute(TestCaseExecutor.java:233)
	at com.kms.katalon.core.main.TestSuiteExecutor.accessTestCaseMainPhase(TestSuiteExecutor.java:169)
	at com.kms.katalon.core.main.TestSuiteExecutor.accessTestSuiteMainPhase(TestSuiteExecutor.java:142)
	at com.kms.katalon.core.main.TestSuiteExecutor.execute(TestSuiteExecutor.java:91)
	at com.kms.katalon.core.main.TestCaseMain.startTestSuite(TestCaseMain.java:157)
	at com.kms.katalon.core.main.TestCaseMain$startTestSuite$0.call(Unknown Source)
	at TempTestSuite1572621097330.run(TempTestSuite1572621097330.groovy:36)
)
	at com.kms.katalon.core.keyword.internal.KeywordMain.stepFailed(KeywordMain.groovy:39)
	at com.kms.katalon.core.webui.keyword.internal.WebUIKeywordMain.stepFailed(WebUIKeywordMain.groovy:64)
	at com.kms.katalon.core.webui.keyword.builtin.VerifyTextPresentKeyword$_verifyTextPresent_closure1.doCall(VerifyTextPresentKeyword.groovy:79)
	at com.kms.katalon.core.webui.keyword.builtin.VerifyTextPresentKeyword$_verifyTextPresent_closure1.call(VerifyTextPresentKeyword.groovy)
	at com.kms.katalon.core.webui.keyword.internal.WebUIKeywordMain.runKeyword(WebUIKeywordMain.groovy:20)
	at com.kms.katalon.core.webui.keyword.builtin.VerifyTextPresentKeyword.verifyTextPresent(VerifyTextPresentKeyword.groovy:83)
	at com.kms.katalon.core.webui.keyword.builtin.VerifyTextPresentKeyword.execute(VerifyTextPresentKeyword.groovy:68)
	at com.kms.katalon.core.keyword.internal.KeywordExecutor.executeKeywordForPlatform(KeywordExecutor.groovy:60)
	at com.kms.katalon.core.webui.keyword.WebUiBuiltInKeywords.verifyTextPresent(WebUiBuiltInKeywords.groovy:1693)
	at com.kms.katalon.core.webui.keyword.WebUiBuiltInKeywords$verifyTextPresent$6.call(Unknown Source)
	at CAT_Home.run(CAT_Home:61)
	at com.kms.katalon.core.main.ScriptEngine.run(ScriptEngine.java:194)
	at com.kms.katalon.core.main.ScriptEngine.runScriptAsRawText(ScriptEngine.java:119)
	at com.kms.katalon.core.main.TestCaseExecutor.runScript(TestCaseExecutor.java:337)
	at com.kms.katalon.core.main.TestCaseExecutor.doExecute(TestCaseExecutor.java:328)
	at com.kms.katalon.core.main.TestCaseExecutor.processExecutionPhase(TestCaseExecutor.java:307)
	at com.kms.katalon.core.main.TestCaseExecutor.accessMainPhase(TestCaseExecutor.java:299)
	at com.kms.katalon.core.main.TestCaseExecutor.execute(TestCaseExecutor.java:233)
	at com.kms.katalon.core.main.TestCaseMain.runTestCase(TestCaseMain.java:114)
	at com.kms.katalon.core.keyword.builtin.CallTestCaseKeyword$_callTestCase_closure1.doCall(CallTestCaseKeyword.groovy:59)
	... 20 more
Caused by: com.kms.katalon.core.exception.StepFailedException: Text 'Helping you find the right trade or service' is not present on page 
	... 39 more
"/>
         <system-out><![CDATA[2019-11-01 15:13:42 - [TEST_CASE][FAILED] - Test Cases/Give_Feedback/Give_Feedback: Test Cases/Give_Feedback/Give_Feedback FAILED.
Reason:
com.kms.katalon.core.exception.StepFailedException: Unable to call Test Case 'Test Cases/Reusable_Test_Sequences/CAT_Home' (Root cause: com.kms.katalon.core.exception.StepFailedException: Call Test Case 'Test Cases/Reusable_Test_Sequences/CAT_Home' failed
	at com.kms.katalon.core.keyword.builtin.CallTestCaseKeyword$_callTestCase_closure1.doCall(CallTestCaseKeyword.groovy:63)
	at com.kms.katalon.core.keyword.builtin.CallTestCaseKeyword$_callTestCase_closure1.call(CallTestCaseKeyword.groovy)
	at com.kms.katalon.core.keyword.internal.KeywordMain.runKeyword(KeywordMain.groovy:68)
	at com.kms.katalon.core.keyword.builtin.CallTestCaseKeyword.callTestCase(CallTestCaseKeyword.groovy:81)
	at com.kms.katalon.core.keyword.builtin.CallTestCaseKeyword.execute(CallTestCaseKeyword.groovy:44)
	at com.kms.katalon.core.keyword.internal.KeywordExecutor.executeKeywordForPlatform(KeywordExecutor.groovy:60)
	at com.kms.katalon.core.keyword.BuiltinKeywords.callTestCase(BuiltinKeywords.groovy:334)
	at Give_Feedback.run(Give_Feedback:117)
	at com.kms.katalon.core.main.ScriptEngine.run(ScriptEngine.java:194)
	at com.kms.katalon.core.main.ScriptEngine.runScriptAsRawText(ScriptEngine.java:119)
	at com.kms.katalon.core.main.TestCaseExecutor.runScript(TestCaseExecutor.java:337)
	at com.kms.katalon.core.main.TestCaseExecutor.doExecute(TestCaseExecutor.java:328)
	at com.kms.katalon.core.main.TestCaseExecutor.processExecutionPhase(TestCaseExecutor.java:307)
	at com.kms.katalon.core.main.TestCaseExecutor.accessMainPhase(TestCaseExecutor.java:299)
	at com.kms.katalon.core.main.TestCaseExecutor.execute(TestCaseExecutor.java:233)
	at com.kms.katalon.core.main.TestSuiteExecutor.accessTestCaseMainPhase(TestSuiteExecutor.java:169)
	at com.kms.katalon.core.main.TestSuiteExecutor.accessTestSuiteMainPhase(TestSuiteExecutor.java:142)
	at com.kms.katalon.core.main.TestSuiteExecutor.execute(TestSuiteExecutor.java:91)
	at com.kms.katalon.core.main.TestCaseMain.startTestSuite(TestCaseMain.java:157)
	at com.kms.katalon.core.main.TestCaseMain$startTestSuite$0.call(Unknown Source)
	at TempTestSuite1572621097330.run(TempTestSuite1572621097330.groovy:36)
Caused by: com.kms.katalon.core.exception.StepFailedException: Text 'Helping you find the right trade or service' is not present on page  (Root cause: com.kms.katalon.core.exception.StepFailedException: Text 'Helping you find the right trade or service' is not present on page 
	at com.kms.katalon.core.webui.keyword.internal.WebUIKeywordMain.stepFailed(WebUIKeywordMain.groovy:64)
	at com.kms.katalon.core.webui.keyword.builtin.VerifyTextPresentKeyword$_verifyTextPresent_closure1.doCall(VerifyTextPresentKeyword.groovy:79)
	at com.kms.katalon.core.webui.keyword.builtin.VerifyTextPresentKeyword$_verifyTextPresent_closure1.call(VerifyTextPresentKeyword.groovy)
	at com.kms.katalon.core.webui.keyword.internal.WebUIKeywordMain.runKeyword(WebUIKeywordMain.groovy:20)
	at com.kms.katalon.core.webui.keyword.builtin.VerifyTextPresentKeyword.verifyTextPresent(VerifyTextPresentKeyword.groovy:83)
	at com.kms.katalon.core.webui.keyword.builtin.VerifyTextPresentKeyword.execute(VerifyTextPresentKeyword.groovy:68)
	at com.kms.katalon.core.keyword.internal.KeywordExecutor.executeKeywordForPlatform(KeywordExecutor.groovy:60)
	at com.kms.katalon.core.webui.keyword.WebUiBuiltInKeywords.verifyTextPresent(WebUiBuiltInKeywords.groovy:1693)
	at com.kms.katalon.core.webui.keyword.WebUiBuiltInKeywords$verifyTextPresent$6.call(Unknown Source)
	at CAT_Home.run(CAT_Home:61)
	at com.kms.katalon.core.main.ScriptEngine.run(ScriptEngine.java:194)
	at com.kms.katalon.core.main.ScriptEngine.runScriptAsRawText(ScriptEngine.java:119)
	at com.kms.katalon.core.main.TestCaseExecutor.runScript(TestCaseExecutor.java:337)
	at com.kms.katalon.core.main.TestCaseExecutor.doExecute(TestCaseExecutor.java:328)
	at com.kms.katalon.core.main.TestCaseExecutor.processExecutionPhase(TestCaseExecutor.java:307)
	at com.kms.katalon.core.main.TestCaseExecutor.accessMainPhase(TestCaseExecutor.java:299)
	at com.kms.katalon.core.main.TestCaseExecutor.execute(TestCaseExecutor.java:233)
	at com.kms.katalon.core.main.TestCaseMain.runTestCase(TestCaseMain.java:114)
	at com.kms.katalon.core.keyword.builtin.CallTestCaseKeyword$_callTestCase_closure1.doCall(CallTestCaseKeyword.groovy:59)
	at com.kms.katalon.core.keyword.builtin.CallTestCaseKeyword$_callTestCase_closure1.call(CallTestCaseKeyword.groovy)
	at com.kms.katalon.core.keyword.internal.KeywordMain.runKeyword(KeywordMain.groovy:68)
	at com.kms.katalon.core.keyword.builtin.CallTestCaseKeyword.callTestCase(CallTestCaseKeyword.groovy:81)
	at com.kms.katalon.core.keyword.builtin.CallTestCaseKeyword.execute(CallTestCaseKeyword.groovy:44)
	at com.kms.katalon.core.keyword.internal.KeywordExecutor.executeKeywordForPlatform(KeywordExecutor.groovy:60)
	at com.kms.katalon.core.keyword.BuiltinKeywords.callTestCase(BuiltinKeywords.groovy:334)
	at Give_Feedback.run(Give_Feedback:117)
	at com.kms.katalon.core.main.ScriptEngine.run(ScriptEngine.java:194)
	at com.kms.katalon.core.main.ScriptEngine.runScriptAsRawText(ScriptEngine.java:119)
	at com.kms.katalon.core.main.TestCaseExecutor.runScript(TestCaseExecutor.java:337)
	at com.kms.katalon.core.main.TestCaseExecutor.doExecute(TestCaseExecutor.java:328)
	at com.kms.katalon.core.main.TestCaseExecutor.processExecutionPhase(TestCaseExecutor.java:307)
	at com.kms.katalon.core.main.TestCaseExecutor.accessMainPhase(TestCaseExecutor.java:299)
	at com.kms.katalon.core.main.TestCaseExecutor.execute(TestCaseExecutor.java:233)
	at com.kms.katalon.core.main.TestSuiteExecutor.accessTestCaseMainPhase(TestSuiteExecutor.java:169)
	at com.kms.katalon.core.main.TestSuiteExecutor.accessTestSuiteMainPhase(TestSuiteExecutor.java:142)
	at com.kms.katalon.core.main.TestSuiteExecutor.execute(TestSuiteExecutor.java:91)
	at com.kms.katalon.core.main.TestCaseMain.startTestSuite(TestCaseMain.java:157)
	at com.kms.katalon.core.main.TestCaseMain$startTestSuite$0.call(Unknown Source)
	at TempTestSuite1572621097330.run(TempTestSuite1572621097330.groovy:36)
)
	at com.kms.katalon.core.keyword.internal.KeywordMain.stepFailed(KeywordMain.groovy:39)
	at com.kms.katalon.core.webui.keyword.internal.WebUIKeywordMain.stepFailed(WebUIKeywordMain.groovy:64)
	at com.kms.katalon.core.webui.keyword.builtin.VerifyTextPresentKeyword$_verifyTextPresent_closure1.doCall(VerifyTextPresentKeyword.groovy:79)
	at com.kms.katalon.core.webui.keyword.builtin.VerifyTextPresentKeyword$_verifyTextPresent_closure1.call(VerifyTextPresentKeyword.groovy)
	at com.kms.katalon.core.webui.keyword.internal.WebUIKeywordMain.runKeyword(WebUIKeywordMain.groovy:20)
	at com.kms.katalon.core.webui.keyword.builtin.VerifyTextPresentKeyword.verifyTextPresent(VerifyTextPresentKeyword.groovy:83)
	at com.kms.katalon.core.webui.keyword.builtin.VerifyTextPresentKeyword.execute(VerifyTextPresentKeyword.groovy:68)
	at com.kms.katalon.core.keyword.internal.KeywordExecutor.executeKeywordForPlatform(KeywordExecutor.groovy:60)
	at com.kms.katalon.core.webui.keyword.WebUiBuiltInKeywords.verifyTextPresent(WebUiBuiltInKeywords.groovy:1693)
	at com.kms.katalon.core.webui.keyword.WebUiBuiltInKeywords$verifyTextPresent$6.call(Unknown Source)
	at CAT_Home.run(CAT_Home:61)
	at com.kms.katalon.core.main.ScriptEngine.run(ScriptEngine.java:194)
	at com.kms.katalon.core.main.ScriptEngine.runScriptAsRawText(ScriptEngine.java:119)
	at com.kms.katalon.core.main.TestCaseExecutor.runScript(TestCaseExecutor.java:337)
	at com.kms.katalon.core.main.TestCaseExecutor.doExecute(TestCaseExecutor.java:328)
	at com.kms.katalon.core.main.TestCaseExecutor.processExecutionPhase(TestCaseExecutor.java:307)
	at com.kms.katalon.core.main.TestCaseExecutor.accessMainPhase(TestCaseExecutor.java:299)
	at com.kms.katalon.core.main.TestCaseExecutor.execute(TestCaseExecutor.java:233)
	at com.kms.katalon.core.main.TestCaseMain.runTestCase(TestCaseMain.java:114)
	at com.kms.katalon.core.keyword.builtin.CallTestCaseKeyword$_callTestCase_closure1.doCall(CallTestCaseKeyword.groovy:59)
	... 20 more
Caused by: com.kms.katalon.core.exception.StepFailedException: Text 'Helping you find the right trade or service' is not present on page 
	... 39 more
)
	at com.kms.katalon.core.keyword.internal.KeywordMain.stepFailed(KeywordMain.groovy:39)
	at com.kms.katalon.core.keyword.internal.KeywordMain.stepFailed(KeywordMain.groovy)
	at com.kms.katalon.core.keyword.internal.KeywordMain.runKeyword(KeywordMain.groovy:70)
	at com.kms.katalon.core.keyword.builtin.CallTestCaseKeyword.callTestCase(CallTestCaseKeyword.groovy:81)
	at com.kms.katalon.core.keyword.builtin.CallTestCaseKeyword.execute(CallTestCaseKeyword.groovy:44)
	at com.kms.katalon.core.keyword.internal.KeywordExecutor.executeKeywordForPlatform(KeywordExecutor.groovy:60)
	at com.kms.katalon.core.keyword.BuiltinKeywords.callTestCase(BuiltinKeywords.groovy:334)
	at Give_Feedback.run(Give_Feedback:117)
	at com.kms.katalon.core.main.ScriptEngine.run(ScriptEngine.java:194)
	at com.kms.katalon.core.main.ScriptEngine.runScriptAsRawText(ScriptEngine.java:119)
	at com.kms.katalon.core.main.TestCaseExecutor.runScript(TestCaseExecutor.java:337)
	at com.kms.katalon.core.main.TestCaseExecutor.doExecute(TestCaseExecutor.java:328)
	at com.kms.katalon.core.main.TestCaseExecutor.processExecutionPhase(TestCaseExecutor.java:307)
	at com.kms.katalon.core.main.TestCaseExecutor.accessMainPhase(TestCaseExecutor.java:299)
	at com.kms.katalon.core.main.TestCaseExecutor.execute(TestCaseExecutor.java:233)
	at com.kms.katalon.core.main.TestSuiteExecutor.accessTestCaseMainPhase(TestSuiteExecutor.java:169)
	at com.kms.katalon.core.main.TestSuiteExecutor.accessTestSuiteMainPhase(TestSuiteExecutor.java:142)
	at com.kms.katalon.core.main.TestSuiteExecutor.execute(TestSuiteExecutor.java:91)
	at com.kms.katalon.core.main.TestCaseMain.startTestSuite(TestCaseMain.java:157)
	at com.kms.katalon.core.main.TestCaseMain$startTestSuite$0.call(Unknown Source)
	at TempTestSuite1572621097330.run(TempTestSuite1572621097330.groovy:36)
Caused by: com.kms.katalon.core.exception.StepFailedException: Call Test Case 'Test Cases/Reusable_Test_Sequences/CAT_Home' failed
	at com.kms.katalon.core.keyword.builtin.CallTestCaseKeyword$_callTestCase_closure1.doCall(CallTestCaseKeyword.groovy:63)
	at com.kms.katalon.core.keyword.builtin.CallTestCaseKeyword$_callTestCase_closure1.call(CallTestCaseKeyword.groovy)
	at com.kms.katalon.core.keyword.internal.KeywordMain.runKeyword(KeywordMain.groovy:68)
	... 18 more
Caused by: com.kms.katalon.core.exception.StepFailedException: Text 'Helping you find the right trade or service' is not present on page  (Root cause: com.kms.katalon.core.exception.StepFailedException: Text 'Helping you find the right trade or service' is not present on page 
	at com.kms.katalon.core.webui.keyword.internal.WebUIKeywordMain.stepFailed(WebUIKeywordMain.groovy:64)
	at com.kms.katalon.core.webui.keyword.builtin.VerifyTextPresentKeyword$_verifyTextPresent_closure1.doCall(VerifyTextPresentKeyword.groovy:79)
	at com.kms.katalon.core.webui.keyword.builtin.VerifyTextPresentKeyword$_verifyTextPresent_closure1.call(VerifyTextPresentKeyword.groovy)
	at com.kms.katalon.core.webui.keyword.internal.WebUIKeywordMain.runKeyword(WebUIKeywordMain.groovy:20)
	at com.kms.katalon.core.webui.keyword.builtin.VerifyTextPresentKeyword.verifyTextPresent(VerifyTextPresentKeyword.groovy:83)
	at com.kms.katalon.core.webui.keyword.builtin.VerifyTextPresentKeyword.execute(VerifyTextPresentKeyword.groovy:68)
	at com.kms.katalon.core.keyword.internal.KeywordExecutor.executeKeywordForPlatform(KeywordExecutor.groovy:60)
	at com.kms.katalon.core.webui.keyword.WebUiBuiltInKeywords.verifyTextPresent(WebUiBuiltInKeywords.groovy:1693)
	at com.kms.katalon.core.webui.keyword.WebUiBuiltInKeywords$verifyTextPresent$6.call(Unknown Source)
	at CAT_Home.run(CAT_Home:61)
	at com.kms.katalon.core.main.ScriptEngine.run(ScriptEngine.java:194)
	at com.kms.katalon.core.main.ScriptEngine.runScriptAsRawText(ScriptEngine.java:119)
	at com.kms.katalon.core.main.TestCaseExecutor.runScript(TestCaseExecutor.java:337)
	at com.kms.katalon.core.main.TestCaseExecutor.doExecute(TestCaseExecutor.java:328)
	at com.kms.katalon.core.main.TestCaseExecutor.processExecutionPhase(TestCaseExecutor.java:307)
	at com.kms.katalon.core.main.TestCaseExecutor.accessMainPhase(TestCaseExecutor.java:299)
	at com.kms.katalon.core.main.TestCaseExecutor.execute(TestCaseExecutor.java:233)
	at com.kms.katalon.core.main.TestCaseMain.runTestCase(TestCaseMain.java:114)
	at com.kms.katalon.core.keyword.builtin.CallTestCaseKeyword$_callTestCase_closure1.doCall(CallTestCaseKeyword.groovy:59)
	at com.kms.katalon.core.keyword.builtin.CallTestCaseKeyword$_callTestCase_closure1.call(CallTestCaseKeyword.groovy)
	at com.kms.katalon.core.keyword.internal.KeywordMain.runKeyword(KeywordMain.groovy:68)
	at com.kms.katalon.core.keyword.builtin.CallTestCaseKeyword.callTestCase(CallTestCaseKeyword.groovy:81)
	at com.kms.katalon.core.keyword.builtin.CallTestCaseKeyword.execute(CallTestCaseKeyword.groovy:44)
	at com.kms.katalon.core.keyword.internal.KeywordExecutor.executeKeywordForPlatform(KeywordExecutor.groovy:60)
	at com.kms.katalon.core.keyword.BuiltinKeywords.callTestCase(BuiltinKeywords.groovy:334)
	at Give_Feedback.run(Give_Feedback:117)
	at com.kms.katalon.core.main.ScriptEngine.run(ScriptEngine.java:194)
	at com.kms.katalon.core.main.ScriptEngine.runScriptAsRawText(ScriptEngine.java:119)
	at com.kms.katalon.core.main.TestCaseExecutor.runScript(TestCaseExecutor.java:337)
	at com.kms.katalon.core.main.TestCaseExecutor.doExecute(TestCaseExecutor.java:328)
	at com.kms.katalon.core.main.TestCaseExecutor.processExecutionPhase(TestCaseExecutor.java:307)
	at com.kms.katalon.core.main.TestCaseExecutor.accessMainPhase(TestCaseExecutor.java:299)
	at com.kms.katalon.core.main.TestCaseExecutor.execute(TestCaseExecutor.java:233)
	at com.kms.katalon.core.main.TestSuiteExecutor.accessTestCaseMainPhase(TestSuiteExecutor.java:169)
	at com.kms.katalon.core.main.TestSuiteExecutor.accessTestSuiteMainPhase(TestSuiteExecutor.java:142)
	at com.kms.katalon.core.main.TestSuiteExecutor.execute(TestSuiteExecutor.java:91)
	at com.kms.katalon.core.main.TestCaseMain.startTestSuite(TestCaseMain.java:157)
	at com.kms.katalon.core.main.TestCaseMain$startTestSuite$0.call(Unknown Source)
	at TempTestSuite1572621097330.run(TempTestSuite1572621097330.groovy:36)
)
	at com.kms.katalon.core.keyword.internal.KeywordMain.stepFailed(KeywordMain.groovy:39)
	at com.kms.katalon.core.webui.keyword.internal.WebUIKeywordMain.stepFailed(WebUIKeywordMain.groovy:64)
	at com.kms.katalon.core.webui.keyword.builtin.VerifyTextPresentKeyword$_verifyTextPresent_closure1.doCall(VerifyTextPresentKeyword.groovy:79)
	at com.kms.katalon.core.webui.keyword.builtin.VerifyTextPresentKeyword$_verifyTextPresent_closure1.call(VerifyTextPresentKeyword.groovy)
	at com.kms.katalon.core.webui.keyword.internal.WebUIKeywordMain.runKeyword(WebUIKeywordMain.groovy:20)
	at com.kms.katalon.core.webui.keyword.builtin.VerifyTextPresentKeyword.verifyTextPresent(VerifyTextPresentKeyword.groovy:83)
	at com.kms.katalon.core.webui.keyword.builtin.VerifyTextPresentKeyword.execute(VerifyTextPresentKeyword.groovy:68)
	at com.kms.katalon.core.keyword.internal.KeywordExecutor.executeKeywordForPlatform(KeywordExecutor.groovy:60)
	at com.kms.katalon.core.webui.keyword.WebUiBuiltInKeywords.verifyTextPresent(WebUiBuiltInKeywords.groovy:1693)
	at com.kms.katalon.core.webui.keyword.WebUiBuiltInKeywords$verifyTextPresent$6.call(Unknown Source)
	at CAT_Home.run(CAT_Home:61)
	at com.kms.katalon.core.main.ScriptEngine.run(ScriptEngine.java:194)
	at com.kms.katalon.core.main.ScriptEngine.runScriptAsRawText(ScriptEngine.java:119)
	at com.kms.katalon.core.main.TestCaseExecutor.runScript(TestCaseExecutor.java:337)
	at com.kms.katalon.core.main.TestCaseExecutor.doExecute(TestCaseExecutor.java:328)
	at com.kms.katalon.core.main.TestCaseExecutor.processExecutionPhase(TestCaseExecutor.java:307)
	at com.kms.katalon.core.main.TestCaseExecutor.accessMainPhase(TestCaseExecutor.java:299)
	at com.kms.katalon.core.main.TestCaseExecutor.execute(TestCaseExecutor.java:233)
	at com.kms.katalon.core.main.TestCaseMain.runTestCase(TestCaseMain.java:114)
	at com.kms.katalon.core.keyword.builtin.CallTestCaseKeyword$_callTestCase_closure1.doCall(CallTestCaseKeyword.groovy:59)
	... 20 more
Caused by: com.kms.katalon.core.exception.StepFailedException: Text 'Helping you find the right trade or service' is not present on page 
	... 39 more


2019-11-01 15:13:42 - [TEST_STEP][PASSED] - data = findTestData("Data Files/Give_Feedback (1)"): null

2019-11-01 15:13:43 - [TEST_STEP][PASSED] - YE_Recommend = <not implemented yet for class: org.codehaus.groovy.ast.expr.EmptyExpression>: null

2019-11-01 15:13:43 - [TEST_STEP][PASSED] - YE_WorkCarriedOut = <not implemented yet for class: org.codehaus.groovy.ast.expr.EmptyExpression>: null

2019-11-01 15:13:43 - [TEST_STEP][FAILED] - for ([row = 1, row <= findTestData("Give_Feedback (1)").getRowNumbers(), (internal.GlobalVariable.row++)]): null

2019-11-01 15:13:43 - [TEST_STEP][PASSED] - callTestCase(findTestCase("Reusable_Test_Sequences/CAT_Setup"), [:], OPTIONAL): Call Test Case 'Test Cases/Reusable_Test_Sequences/CAT_Setup' successfully

2019-11-01 15:13:43 - [TEST_CASE][PASSED] - Test Cases/Reusable_Test_Sequences/CAT_Setup: Test Cases/Reusable_Test_Sequences/CAT_Setup

2019-11-01 15:13:43 - [TEST_STEP][PASSED] - "URL - Set from the ENVIRONMENT PROFILE ": null

2019-11-01 15:13:43 - [TEST_STEP][PASSED] - openBrowser(URL): Browser is opened with url: 'https://www.preview.checkatrade.com/'

2019-11-01 15:13:43 - [MESSAGE][INFO] - Starting 'Firefox' driver

2019-11-01 15:13:44 - [MESSAGE][INFO] - Action delay is set to 0 seconds

2019-11-01 15:13:52 - [MESSAGE][PASSED] - Browser is opened with url: 'https://www.preview.checkatrade.com/'

2019-11-01 15:13:52 - [TEST_STEP][PASSED] - maximizeWindow(): Current window maximized

2019-11-01 15:13:52 - [MESSAGE][PASSED] - Current window maximized

2019-11-01 15:13:52 - [TEST_STEP][PASSED] - waitForPageLoad(60): Wait for page load successfully

2019-11-01 15:13:52 - [MESSAGE][PASSED] - Wait for page load successfully

2019-11-01 15:13:52 - [TEST_STEP][PASSED] - waitForElementVisible(findTestObject("Page_Checkatrade Find a tradesperson you can trust/a_Search"), 25): Object 'Object Repository/Page_Checkatrade Find a tradesperson you can trust/a_Search' is visible

2019-11-01 15:13:52 - [MESSAGE][PASSED] - Object 'Object Repository/Page_Checkatrade Find a tradesperson you can trust/a_Search' is visible

2019-11-01 15:13:52 - [TEST_STEP][PASSED] - try: null

2019-11-01 15:13:52 - [TEST_STEP][PASSED] - if (verifyElementPresent(findTestObject("Page_Checkatrade Find a tradesperson you can trust/div_close"), 1, OPTIONAL)): null

2019-11-01 15:13:52 - [MESSAGE][PASSED] - Object 'Object Repository/Page_Checkatrade Find a tradesperson you can trust/div_close' is present

2019-11-01 15:13:52 - [TEST_STEP][PASSED] - click(findTestObject("Page_Checkatrade Find a tradesperson you can trust/div_close")): Object: 'Object Repository/Page_Checkatrade Find a tradesperson you can trust/div_close' is clicked on

2019-11-01 15:13:53 - [MESSAGE][PASSED] - Object: 'Object Repository/Page_Checkatrade Find a tradesperson you can trust/div_close' is clicked on

2019-11-01 15:13:53 - [TEST_STEP][PASSED] - "---------------------------------": null

2019-11-01 15:13:53 - [TEST_STEP][PASSED] - "COOKIE POPOUT REMOVED - Confirmed": null

2019-11-01 15:13:53 - [TEST_STEP][PASSED] - delay(1): Delayed 1 second(s)

2019-11-01 15:13:54 - [MESSAGE][PASSED] - Delayed 1 second(s)

2019-11-01 15:13:54 - [TEST_STEP][PASSED] - verifyTextNotPresent("Checkatrade.com uses cookies to make sure you get the best browsing experience", false): Text 'Checkatrade.com uses cookies to make sure you get the best browsing experience' is not present on page

2019-11-01 15:13:54 - [MESSAGE][PASSED] - Text 'Checkatrade.com uses cookies to make sure you get the best browsing experience' is not present on page

2019-11-01 15:13:54 - [TEST_STEP][PASSED] - try: null

2019-11-01 15:13:54 - [TEST_STEP][PASSED] - if (verifyElementPresent(findTestObject("Page_Checkatrade Find a tradesperson you can trust/div_close_1"), 1, OPTIONAL)): null

2019-11-01 15:13:54 - [MESSAGE][PASSED] - Object 'Object Repository/Page_Checkatrade Find a tradesperson you can trust/div_close_1' is present

2019-11-01 15:13:54 - [TEST_STEP][PASSED] - click(findTestObject("Page_Checkatrade Find a tradesperson you can trust/div_close_1")): Object: 'Object Repository/Page_Checkatrade Find a tradesperson you can trust/div_close_1' is clicked on

2019-11-01 15:13:55 - [MESSAGE][PASSED] - Object: 'Object Repository/Page_Checkatrade Find a tradesperson you can trust/div_close_1' is clicked on

2019-11-01 15:13:55 - [TEST_STEP][PASSED] - "---------------------------------": null

2019-11-01 15:13:55 - [TEST_STEP][PASSED] - "PRIVACY POPOUT REMOVED - Confirmed": null

2019-11-01 15:13:55 - [TEST_STEP][PASSED] - delay(1): Delayed 1 second(s)

2019-11-01 15:13:56 - [MESSAGE][PASSED] - Delayed 1 second(s)

2019-11-01 15:13:56 - [TEST_STEP][PASSED] - verifyTextNotPresent("We have updated our Privacy Policy, please review this", false): Text 'We have updated our Privacy Policy, please review this' is not present on page

2019-11-01 15:13:56 - [MESSAGE][PASSED] - Text 'We have updated our Privacy Policy, please review this' is not present on page

2019-11-01 15:13:56 - [MESSAGE][PASSED] - Call Test Case 'Test Cases/Reusable_Test_Sequences/CAT_Setup' successfully

2019-11-01 15:13:56 - [TEST_STEP][PASSED] - "-----------------------------------------------------": null

2019-11-01 15:13:56 - [TEST_STEP][PASSED] - " Hit the <Give Feedback> link in the header banner   |": null

2019-11-01 15:13:56 - [TEST_STEP][PASSED] - callTestCase(findTestCase("Reusable_Test_Sequences/Banner_Menu/Give_Feedback"), [:], CONTINUE_ON_FAILURE): Call Test Case 'Test Cases/Reusable_Test_Sequences/Banner_Menu/Give_Feedback' successfully

2019-11-01 15:13:56 - [TEST_CASE][PASSED] - Test Cases/Reusable_Test_Sequences/Banner_Menu/Give_Feedback: Test Cases/Reusable_Test_Sequences/Banner_Menu/Give_Feedback

2019-11-01 15:13:56 - [TEST_STEP][PASSED] - click(findTestObject("Object Repository/Page_Checkatrade Find a tradesperson you can trust/a_Give feedback")): Object: 'Object Repository/Page_Checkatrade Find a tradesperson you can trust/a_Give feedback' is clicked on

2019-11-01 15:13:58 - [MESSAGE][PASSED] - Object: 'Object Repository/Page_Checkatrade Find a tradesperson you can trust/a_Give feedback' is clicked on

2019-11-01 15:13:58 - [TEST_STEP][PASSED] - waitForElementVisible(findTestObject("Page_Give_Feedback_Enhanced_OBJ_Repo/Page_Checkatrade Give your feedback/input_Which member do you want to review_feedback-form__company_autocomplete_input"), 25): Object 'Object Repository/Page_Give_Feedback_Enhanced_OBJ_Repo/Page_Checkatrade Give your feedback/input_Which member do you want to review_feedback-form__company_autocomplete_input' is visible

2019-11-01 15:13:58 - [MESSAGE][PASSED] - Object 'Object Repository/Page_Give_Feedback_Enhanced_OBJ_Repo/Page_Checkatrade Give your feedback/input_Which member do you want to review_feedback-form__company_autocomplete_input' is visible

2019-11-01 15:13:58 - [TEST_STEP][PASSED] - verifyTextPresent("Give your feedback", false): Text 'Give your feedback' is present on page 

2019-11-01 15:13:58 - [MESSAGE][PASSED] - Text 'Give your feedback' is present on page 

2019-11-01 15:13:58 - [TEST_STEP][PASSED] - verifyTextPresent("Which member do you want to review?", false): Text 'Which member do you want to review?' is present on page 

2019-11-01 15:13:58 - [MESSAGE][PASSED] - Text 'Which member do you want to review?' is present on page 

2019-11-01 15:13:58 - [MESSAGE][PASSED] - Call Test Case 'Test Cases/Reusable_Test_Sequences/Banner_Menu/Give_Feedback' successfully

2019-11-01 15:13:58 - [TEST_STEP][PASSED] - "-----------------------------------------------------": null

2019-11-01 15:13:58 - [TEST_STEP][PASSED] - " Enter Member Trade Name OR Checkatrade ID To Review |": null

2019-11-01 15:13:58 - [TEST_STEP][PASSED] - callTestCase(findTestCase("Reusable_Test_Sequences/Give_Feedback/Which_Member_to_Review"), [:], CONTINUE_ON_FAILURE): Call Test Case 'Test Cases/Reusable_Test_Sequences/Give_Feedback/Which_Member_to_Review' successfully

2019-11-01 15:13:58 - [TEST_CASE][PASSED] - Test Cases/Reusable_Test_Sequences/Give_Feedback/Which_Member_to_Review: Test Cases/Reusable_Test_Sequences/Give_Feedback/Which_Member_to_Review

2019-11-01 15:13:59 - [TEST_STEP][PASSED] - waitForPageLoad(60): Wait for page load successfully

2019-11-01 15:13:59 - [MESSAGE][PASSED] - Wait for page load successfully

2019-11-01 15:13:59 - [TEST_STEP][PASSED] - waitForElementPresent(findTestObject("Object Repository/Page_Checkatrade Give your feedback/input_Which member do you want to review"), 25): Object 'Object Repository/Page_Checkatrade Give your feedback/input_Which member do you want to review' is present

2019-11-01 15:13:59 - [MESSAGE][PASSED] - Object 'Object Repository/Page_Checkatrade Give your feedback/input_Which member do you want to review' is present

2019-11-01 15:13:59 - [TEST_STEP][PASSED] - setText(findTestObject("Object Repository/Page_Checkatrade Give your feedback/input_Which member do you want to review"), findTestData("Give_Feedback (1)").getValue("Account_Verification_Name", row)): Text 'Test Account' is set on object 'Object Repository/Page_Checkatrade Give your feedback/input_Which member do you want to review'

2019-11-01 15:13:59 - [MESSAGE][PASSED] - Text 'Test Account' is set on object 'Object Repository/Page_Checkatrade Give your feedback/input_Which member do you want to review'

2019-11-01 15:13:59 - [TEST_STEP][PASSED] - delay(1): Delayed 1 second(s)

2019-11-01 15:14:00 - [MESSAGE][PASSED] - Delayed 1 second(s)

2019-11-01 15:14:00 - [TEST_STEP][PASSED] - "Submit the search criteria using click     |": null

2019-11-01 15:14:00 - [TEST_STEP][PASSED] - waitForElementPresent(findTestObject("Object Repository/Page_Checkatrade Give your feedback/div_Which member do you want to review"), 25): Object 'Object Repository/Page_Checkatrade Give your feedback/div_Which member do you want to review' is present

2019-11-01 15:14:00 - [MESSAGE][PASSED] - Object 'Object Repository/Page_Checkatrade Give your feedback/div_Which member do you want to review' is present

2019-11-01 15:14:00 - [TEST_STEP][PASSED] - try: Object: 'Object Repository/Page_Checkatrade Give your feedback/div_Which member do you want to review' is clicked on

2019-11-01 15:14:00 - [TEST_STEP][PASSED] - "Try Catch Included 14/08/2019 - Sometimes the Trader isnt returned?   |": null

2019-11-01 15:14:00 - [TEST_STEP][PASSED] - click(findTestObject("Page_Checkatrade Give your feedback/div_Which member do you want to review")): Object: 'Object Repository/Page_Checkatrade Give your feedback/div_Which member do you want to review' is clicked on

2019-11-01 15:14:00 - [MESSAGE][PASSED] - Object: 'Object Repository/Page_Checkatrade Give your feedback/div_Which member do you want to review' is clicked on

2019-11-01 15:14:00 - [MESSAGE][PASSED] - Call Test Case 'Test Cases/Reusable_Test_Sequences/Give_Feedback/Which_Member_to_Review' successfully

2019-11-01 15:14:00 - [TEST_STEP][PASSED] - "--------------------------------------": null

2019-11-01 15:14:00 - [TEST_STEP][PASSED] - " Your Experience (page 1) Processing  |": null

2019-11-01 15:14:00 - [TEST_STEP][PASSED] - callTestCase(findTestCase("Reusable_Test_Sequences/Give_Feedback/Your_Experience/Your_Experience"), [:], CONTINUE_ON_FAILURE): Call Test Case 'Test Cases/Reusable_Test_Sequences/Give_Feedback/Your_Experience/Your_Experience' successfully

2019-11-01 15:14:01 - [TEST_CASE][PASSED] - Test Cases/Reusable_Test_Sequences/Give_Feedback/Your_Experience/Your_Experience: Test Cases/Reusable_Test_Sequences/Give_Feedback/Your_Experience/Your_Experience

2019-11-01 15:14:01 - [TEST_STEP][PASSED] - data = findTestData("Data Files/Give_Feedback (1)"): null

2019-11-01 15:14:01 - [TEST_STEP][PASSED] - YE_Recommend = data.getValue("YE_Recommendations", row): null

2019-11-01 15:14:01 - [TEST_STEP][PASSED] - "---------------------------------------------------------------------------------------": null

2019-11-01 15:14:01 - [TEST_STEP][PASSED] - " Your Experience (page 1) Returned with Recommendation Selection Set to Yes (Default)  |": null

2019-11-01 15:14:01 - [TEST_STEP][PASSED] - "---------------------------------------------------------------------------------------": null

2019-11-01 15:14:01 - [TEST_STEP][PASSED] - "---------------------------------------------------------------------------------------": null

2019-11-01 15:14:01 - [TEST_STEP][PASSED] - " Your Experience (page 1) Recommend this trader?                                       |": null

2019-11-01 15:14:01 - [TEST_STEP][PASSED] - callTestCase(findTestCase("Reusable_Test_Sequences/Give_Feedback/Your_Experience/Recommendation_Selection"), [:], CONTINUE_ON_FAILURE): Call Test Case 'Test Cases/Reusable_Test_Sequences/Give_Feedback/Your_Experience/Recommendation_Selection' successfully

2019-11-01 15:14:01 - [TEST_CASE][PASSED] - Test Cases/Reusable_Test_Sequences/Give_Feedback/Your_Experience/Recommendation_Selection: Test Cases/Reusable_Test_Sequences/Give_Feedback/Your_Experience/Recommendation_Selection

2019-11-01 15:14:01 - [TEST_STEP][PASSED] - data = findTestData("Data Files/Give_Feedback (1)"): null

2019-11-01 15:14:01 - [TEST_STEP][PASSED] - YE_Recommend = data.getValue("YE_Recommendations", row): null

2019-11-01 15:14:01 - [TEST_STEP][PASSED] - "--------------------------------": null

2019-11-01 15:14:01 - [TEST_STEP][PASSED] - "Read data from spreadsheet      |": null

2019-11-01 15:14:01 - [TEST_STEP][PASSED] - "--------------------------------": null

2019-11-01 15:14:01 - [TEST_STEP][PASSED] - "--------------------------------": null

2019-11-01 15:14:01 - [TEST_STEP][PASSED] - "Set Recommendation - Yes or No  |": null

2019-11-01 15:14:01 - [TEST_STEP][PASSED] - if (YE_Recommend == "Yes"): Wait for page load successfully

2019-11-01 15:14:01 - [TEST_STEP][PASSED] - "-----------------------------------------------------------": null

2019-11-01 15:14:01 - [TEST_STEP][PASSED] - " Selected by Default - ReSelecting causes a tool exception |": null

2019-11-01 15:14:01 - [TEST_STEP][PASSED] - " No need to re-select - RESOLVED                           |": null

2019-11-01 15:14:01 - [TEST_STEP][PASSED] - click(findTestObject("Object Repository/Feedback/Page_Checkatrade Give your feedback/Page_Checkatrade Give your feedback/span_Yes")): Object: 'Object Repository/Feedback/Page_Checkatrade Give your feedback/Page_Checkatrade Give your feedback/span_Yes' is clicked on

2019-11-01 15:14:02 - [MESSAGE][PASSED] - Object: 'Object Repository/Feedback/Page_Checkatrade Give your feedback/Page_Checkatrade Give your feedback/span_Yes' is clicked on

2019-11-01 15:14:02 - [TEST_STEP][PASSED] - waitForPageLoad(2): Wait for page load successfully

2019-11-01 15:14:02 - [MESSAGE][PASSED] - Wait for page load successfully

2019-11-01 15:14:02 - [TEST_STEP][PASSED] - out.println("Your Experience, Recommendation, Click on the <" + YE_Recommend + "> Option Button "): null

2019-11-01 15:14:02 - [TEST_STEP][PASSED] - waitForPageLoad(60): Wait for page load successfully

2019-11-01 15:14:02 - [MESSAGE][PASSED] - Wait for page load successfully

2019-11-01 15:14:02 - [MESSAGE][PASSED] - Call Test Case 'Test Cases/Reusable_Test_Sequences/Give_Feedback/Your_Experience/Recommendation_Selection' successfully

2019-11-01 15:14:02 - [TEST_STEP][PASSED] - "---------------------------------------------------------------------------------------": null

2019-11-01 15:14:02 - [TEST_STEP][PASSED] - " SELECTING _ NO Recommend Restructures this PAGE, So need to exclude the below tests  ": null

2019-11-01 15:14:02 - [TEST_STEP][PASSED] - if (YE_Recommend == "Yes"): Call Test Case 'Test Cases/Reusable_Test_Sequences/Give_Feedback/Your_Experience/Feedback_Knowledge' successfully

2019-11-01 15:14:02 - [TEST_STEP][PASSED] - "---------------------------------------------------------------------------------------": null

2019-11-01 15:14:02 - [TEST_STEP][PASSED] - " Your Experience (page 1) Estimation/Quotation Accuracy?                               |": null

2019-11-01 15:14:02 - [TEST_STEP][PASSED] - callTestCase(findTestCase("Reusable_Test_Sequences/Give_Feedback/Your_Experience/Quotation_Selection"), [:], CONTINUE_ON_FAILURE): Call Test Case 'Test Cases/Reusable_Test_Sequences/Give_Feedback/Your_Experience/Quotation_Selection' successfully

2019-11-01 15:14:02 - [TEST_CASE][PASSED] - Test Cases/Reusable_Test_Sequences/Give_Feedback/Your_Experience/Quotation_Selection: Test Cases/Reusable_Test_Sequences/Give_Feedback/Your_Experience/Quotation_Selection

2019-11-01 15:14:03 - [TEST_STEP][PASSED] - "-----------------------": null

2019-11-01 15:14:03 - [TEST_STEP][PASSED] - "Check DEFAULT Setting  |     Default Setting - Nothing Selected": null

2019-11-01 15:14:03 - [TEST_STEP][PASSED] - "-----------------------": null

2019-11-01 15:14:03 - [TEST_STEP][PASSED] - "--------------------------------": null

2019-11-01 15:14:03 - [TEST_STEP][PASSED] - "Read data from spreadsheet      |": null

2019-11-01 15:14:03 - [TEST_STEP][PASSED] - data = findTestData("Data Files/Give_Feedback (1)"): null

2019-11-01 15:14:03 - [TEST_STEP][PASSED] - YE_Estimate = data.getValue("YE_Estimate", row): null

2019-11-01 15:14:03 - [TEST_STEP][PASSED] - "--------------------------------": null

2019-11-01 15:14:03 - [TEST_STEP][PASSED] - "Read data from spreadsheet      |": null

2019-11-01 15:14:03 - [TEST_STEP][PASSED] - out.println("Your Experience, Estimate Accuracy, Click on the " + YE_Estimate + " Option Button "): null

2019-11-01 15:14:03 - [TEST_STEP][PASSED] - "---------------------------------------------------------------------------------------------------------------------------------------------------": null

2019-11-01 15:14:03 - [TEST_STEP][PASSED] - "Set Quotation - Agreed_estimate -OR- Additional_work -OR- More_than_agreed_price_informed -OR- More_than_agreed_price_not_informed -OR- No_estimate|": null

2019-11-01 15:14:03 - [TEST_STEP][PASSED] - "---------------------------------------------------------------------------------------------------------------------------------------------------": null

2019-11-01 15:14:03 - [TEST_STEP][PASSED] - "-------------------------------------------------": null

2019-11-01 15:14:03 - [TEST_STEP][PASSED] - if (YE_Estimate == "Agreed_price"): Wait for page load successfully

2019-11-01 15:14:03 - [TEST_STEP][PASSED] - click(findTestObject("Object Repository/Page_Checkatrade Give your feedback/span_The agreed price")): Object: 'Object Repository/Page_Checkatrade Give your feedback/span_The agreed price' is clicked on

2019-11-01 15:14:03 - [MESSAGE][PASSED] - Object: 'Object Repository/Page_Checkatrade Give your feedback/span_The agreed price' is clicked on

2019-11-01 15:14:03 - [TEST_STEP][PASSED] - waitForPageLoad(2): Wait for page load successfully

2019-11-01 15:14:03 - [MESSAGE][PASSED] - Wait for page load successfully

2019-11-01 15:14:03 - [TEST_STEP][PASSED] - "-------------------------------------------------": null

2019-11-01 15:14:03 - [TEST_STEP][PASSED] - if (YE_Estimate == "Additional_work"): null

2019-11-01 15:14:03 - [TEST_STEP][PASSED] - "-----------------------------------------------------------------------": null

2019-11-01 15:14:03 - [TEST_STEP][PASSED] - if (YE_Estimate == "More_than_agreed_price_informed"): null

2019-11-01 15:14:03 - [TEST_STEP][PASSED] - "-----------------------------------------------------------------------": null

2019-11-01 15:14:03 - [TEST_STEP][PASSED] - if (YE_Estimate == "More_than_agreed_price_not_informed"): null

2019-11-01 15:14:03 - [TEST_STEP][PASSED] - "-----------------------------------------------------------------------": null

2019-11-01 15:14:03 - [TEST_STEP][PASSED] - if (YE_Estimate == "No_estimate"): null

2019-11-01 15:14:03 - [TEST_STEP][PASSED] - out.println("Your Experience, Estimate Accuracy, Click on the " + YE_Estimate + " Option Button "): null

2019-11-01 15:14:03 - [MESSAGE][PASSED] - Call Test Case 'Test Cases/Reusable_Test_Sequences/Give_Feedback/Your_Experience/Quotation_Selection' successfully

2019-11-01 15:14:03 - [TEST_STEP][PASSED] - "---------------------------------------------------------------------------------------": null

2019-11-01 15:14:03 - [TEST_STEP][PASSED] - " Your Experience (page 1) Knowledge of Feedback Process?                               |": null

2019-11-01 15:14:03 - [TEST_STEP][PASSED] - callTestCase(findTestCase("Reusable_Test_Sequences/Give_Feedback/Your_Experience/Feedback_Knowledge"), [:], CONTINUE_ON_FAILURE): Call Test Case 'Test Cases/Reusable_Test_Sequences/Give_Feedback/Your_Experience/Feedback_Knowledge' successfully

2019-11-01 15:14:03 - [TEST_CASE][PASSED] - Test Cases/Reusable_Test_Sequences/Give_Feedback/Your_Experience/Feedback_Knowledge: Test Cases/Reusable_Test_Sequences/Give_Feedback/Your_Experience/Feedback_Knowledge

2019-11-01 15:14:04 - [TEST_STEP][PASSED] - "--------------------------------": null

2019-11-01 15:14:04 - [TEST_STEP][PASSED] - "Read data from spreadsheet      |": null

2019-11-01 15:14:04 - [TEST_STEP][PASSED] - data = findTestData("Data Files/Give_Feedback (1)"): null

2019-11-01 15:14:04 - [TEST_STEP][PASSED] - YE_Feedback_Knowledge = data.getValue("YE_Feedback_Knowledge", row): null

2019-11-01 15:14:04 - [TEST_STEP][PASSED] - out.println("Your Experience, Feedback Knowledge, Click on the " + YE_Feedback_Knowledge + " Option Button "): null

2019-11-01 15:14:04 - [TEST_STEP][PASSED] - "------------------------------------------------": null

2019-11-01 15:14:04 - [TEST_STEP][PASSED] - "Set Knowledge of feedback process? - Yes or No  |": null

2019-11-01 15:14:04 - [TEST_STEP][PASSED] - if (YE_Feedback_Knowledge == "Yes"): Wait for page load successfully

2019-11-01 15:14:04 - [TEST_STEP][PASSED] - click(findTestObject("Page_Checkatrade Give your feedback/span_Yes - Copy")): Object: 'Object Repository/Page_Checkatrade Give your feedback/span_Yes - Copy' is clicked on

2019-11-01 15:14:04 - [MESSAGE][PASSED] - Object: 'Object Repository/Page_Checkatrade Give your feedback/span_Yes - Copy' is clicked on

2019-11-01 15:14:04 - [TEST_STEP][PASSED] - waitForPageLoad(2): Wait for page load successfully

2019-11-01 15:14:04 - [MESSAGE][PASSED] - Wait for page load successfully

2019-11-01 15:14:04 - [TEST_STEP][PASSED] - out.println("Your Experience, Feedback Knowledge, Click on the <" + YE_Feedback_Knowledge + "> Option Button "): null

2019-11-01 15:14:04 - [MESSAGE][PASSED] - Call Test Case 'Test Cases/Reusable_Test_Sequences/Give_Feedback/Your_Experience/Feedback_Knowledge' successfully

2019-11-01 15:14:04 - [TEST_STEP][PASSED] - "---------------------------------------------------------------------------------------------------------": null

2019-11-01 15:14:04 - [TEST_STEP][PASSED] - " Your Experience (page 1) Hit <Next> Button to Continue to <Your Scores>- (page 2) If Recommend = YES    |": null

2019-11-01 15:14:04 - [TEST_STEP][PASSED] - "                                                        OR <Your Details>-(page 3) If Recommend = NO     |": null

2019-11-01 15:14:04 - [TEST_STEP][PASSED] - callTestCase(findTestCase("Reusable_Test_Sequences/Give_Feedback/Hit_Next"), [:], CONTINUE_ON_FAILURE): Call Test Case 'Test Cases/Reusable_Test_Sequences/Give_Feedback/Hit_Next' successfully

2019-11-01 15:14:04 - [TEST_CASE][PASSED] - Test Cases/Reusable_Test_Sequences/Give_Feedback/Hit_Next: Test Cases/Reusable_Test_Sequences/Give_Feedback/Hit_Next

2019-11-01 15:14:04 - [TEST_STEP][PASSED] - click(findTestObject("Object Repository/Page_Checkatrade Give your feedback/input_No_ctl00contentButton4")): Object: 'Object Repository/Page_Checkatrade Give your feedback/input_No_ctl00contentButton4' is clicked on

2019-11-01 15:14:05 - [MESSAGE][PASSED] - Object: 'Object Repository/Page_Checkatrade Give your feedback/input_No_ctl00contentButton4' is clicked on

2019-11-01 15:14:05 - [TEST_STEP][PASSED] - waitForPageLoad(2): Wait for page load successfully

2019-11-01 15:14:05 - [MESSAGE][PASSED] - Wait for page load successfully

2019-11-01 15:14:05 - [MESSAGE][PASSED] - Call Test Case 'Test Cases/Reusable_Test_Sequences/Give_Feedback/Hit_Next' successfully

2019-11-01 15:14:05 - [TEST_STEP][PASSED] - waitForPageLoad(2): Wait for page load successfully

2019-11-01 15:14:05 - [MESSAGE][PASSED] - Wait for page load successfully

2019-11-01 15:14:05 - [MESSAGE][PASSED] - Call Test Case 'Test Cases/Reusable_Test_Sequences/Give_Feedback/Your_Experience/Your_Experience' successfully

2019-11-01 15:14:05 - [TEST_STEP][PASSED] - "--------------------------------------": null

2019-11-01 15:14:05 - [TEST_STEP][PASSED] - " Your Scores (page 2) Processing      |": null

2019-11-01 15:14:05 - [TEST_STEP][PASSED] - YE_Recommend = data.getValue("YE_Recommendations", row): null

2019-11-01 15:14:05 - [TEST_STEP][PASSED] - YE_WorkCarriedOut = data.getValue("YE_Work_Carried_Out", row): null

2019-11-01 15:14:05 - [TEST_STEP][PASSED] - if (YE_Recommend == "Yes"): Call Test Case 'Test Cases/Reusable_Test_Sequences/Give_Feedback/Your_Scores/Your_Scores' successfully

2019-11-01 15:14:05 - [TEST_STEP][PASSED] - callTestCase(findTestCase("Reusable_Test_Sequences/Give_Feedback/Your_Scores/Your_Scores"), [:], CONTINUE_ON_FAILURE): Call Test Case 'Test Cases/Reusable_Test_Sequences/Give_Feedback/Your_Scores/Your_Scores' successfully

2019-11-01 15:14:05 - [TEST_CASE][PASSED] - Test Cases/Reusable_Test_Sequences/Give_Feedback/Your_Scores/Your_Scores: Test Cases/Reusable_Test_Sequences/Give_Feedback/Your_Scores/Your_Scores

2019-11-01 15:14:06 - [TEST_STEP][PASSED] - "------------------------------------------------------------------------------------------": null

2019-11-01 15:14:06 - [TEST_STEP][PASSED] - " Your Scores (page 2) Returned with 2 Main Sections - <Your Scores> and <Details of Work> |": null

2019-11-01 15:14:06 - [TEST_STEP][PASSED] - "                                             Tidiness Listbox Selection, NA, 0 through 10 |": null

2019-11-01 15:14:06 - [TEST_STEP][PASSED] - "------------------------------------------------------------------------------------------": null

2019-11-01 15:14:06 - [TEST_STEP][PASSED] - "------------------------------------------------------------------------------------------": null

2019-11-01 15:14:06 - [TEST_STEP][PASSED] - " Your Scores (page 2) Returned with 2 Main Sections - <Your Scores> and <Details of Work> |": null

2019-11-01 15:14:06 - [TEST_STEP][PASSED] - "                          Reliability and Timekeeping Listbox Selection, NA, 0 through 10 |": null

2019-11-01 15:14:06 - [TEST_STEP][PASSED] - "------------------------------------------------------------------------------------------": null

2019-11-01 15:14:06 - [TEST_STEP][PASSED] - "------------------------------------------------------------------------------------------": null

2019-11-01 15:14:06 - [TEST_STEP][PASSED] - " Your Scores (page 2) Returned with 2 Main Sections - <Your Scores> and <Details of Work> |": null

2019-11-01 15:14:06 - [TEST_STEP][PASSED] - "                                             Courtesy Listbox Selection, NA, 0 through 10 |": null

2019-11-01 15:14:06 - [TEST_STEP][PASSED] - "------------------------------------------------------------------------------------------": null

2019-11-01 15:14:06 - [TEST_STEP][PASSED] - "------------------------------------------------------------------------------------------": null

2019-11-01 15:14:06 - [TEST_STEP][PASSED] - " Your Scores (page 2) Returned with 2 Main Sections - <Your Scores> and <Details of Work> |": null

2019-11-01 15:14:06 - [TEST_STEP][PASSED] - "                                     Standard of Work Listbox Selection, NA, 0 through 10 |": null

2019-11-01 15:14:06 - [TEST_STEP][PASSED] - callTestCase(findTestCase("Reusable_Test_Sequences/Give_Feedback/Your_Scores/Your_Scores_List_Box_Selection"), [:], CONTINUE_ON_FAILURE): Call Test Case 'Test Cases/Reusable_Test_Sequences/Give_Feedback/Your_Scores/Your_Scores_List_Box_Selection' successfully

2019-11-01 15:14:06 - [TEST_CASE][PASSED] - Test Cases/Reusable_Test_Sequences/Give_Feedback/Your_Scores/Your_Scores_List_Box_Selection: Test Cases/Reusable_Test_Sequences/Give_Feedback/Your_Scores/Your_Scores_List_Box_Selection

2019-11-01 15:14:06 - [TEST_STEP][PASSED] - data = findTestData("Data Files/Give_Feedback (1)"): null

2019-11-01 15:14:06 - [TEST_STEP][PASSED] - YS_Tidiness = data.getValue("YS_Tidiness", row): null

2019-11-01 15:14:06 - [TEST_STEP][PASSED] - YS_Reliability = data.getValue("YS_Reliability", row): null

2019-11-01 15:14:06 - [TEST_STEP][PASSED] - YS_Courtesy = data.getValue("YS_Courtesy", row): null

2019-11-01 15:14:06 - [TEST_STEP][PASSED] - YS_Workmanship = data.getValue("YS_Workmanship", row): null

2019-11-01 15:14:06 - [TEST_STEP][PASSED] - "--------------------------------": null

2019-11-01 15:14:06 - [TEST_STEP][PASSED] - "Read data from spreadsheet      |": null

2019-11-01 15:14:06 - [TEST_STEP][PASSED] - "--------------------------------": null

2019-11-01 15:14:06 - [TEST_STEP][PASSED] - "------------------------------------------------------": null

2019-11-01 15:14:06 - [TEST_STEP][PASSED] - "Select Tidiness Value form List                       |": null

2019-11-01 15:14:06 - [TEST_STEP][PASSED] - selectOptionByValue(findTestObject("Page_Checkatrade Give your feedback/select_--YS_Tidiness"), YS_Tidiness, true): All options with value '10' are selected in object 'Object Repository/Page_Checkatrade Give your feedback/select_--YS_Tidiness'  using regular expression

2019-11-01 15:14:07 - [MESSAGE][PASSED] - All options with value '10' are selected in object 'Object Repository/Page_Checkatrade Give your feedback/select_--YS_Tidiness'  using regular expression

2019-11-01 15:14:07 - [TEST_STEP][PASSED] - "------------------------------------------------------": null

2019-11-01 15:14:07 - [TEST_STEP][PASSED] - "Select Reliability and Timekeeping Value form List    |": null

2019-11-01 15:14:07 - [TEST_STEP][PASSED] - selectOptionByValue(findTestObject("Page_Checkatrade Give your feedback/select_--YS_Reliability"), YS_Reliability, true): All options with value '10' are selected in object 'Object Repository/Page_Checkatrade Give your feedback/select_--YS_Reliability'  using regular expression

2019-11-01 15:14:07 - [MESSAGE][PASSED] - All options with value '10' are selected in object 'Object Repository/Page_Checkatrade Give your feedback/select_--YS_Reliability'  using regular expression

2019-11-01 15:14:07 - [TEST_STEP][PASSED] - "------------------------------------------------------": null

2019-11-01 15:14:07 - [TEST_STEP][PASSED] - "Select Courtesy Value form List                       |": null

2019-11-01 15:14:07 - [TEST_STEP][PASSED] - selectOptionByValue(findTestObject("Page_Checkatrade Give your feedback/select_--YS_Courtesy"), YS_Reliability, true): All options with value '10' are selected in object 'Object Repository/Page_Checkatrade Give your feedback/select_--YS_Courtesy'  using regular expression

2019-11-01 15:14:08 - [MESSAGE][PASSED] - All options with value '10' are selected in object 'Object Repository/Page_Checkatrade Give your feedback/select_--YS_Courtesy'  using regular expression

2019-11-01 15:14:08 - [TEST_STEP][PASSED] - "------------------------------------------------------": null

2019-11-01 15:14:08 - [TEST_STEP][PASSED] - "Select Quality and Workmanship Value form List        |": null

2019-11-01 15:14:08 - [TEST_STEP][PASSED] - selectOptionByValue(findTestObject("Page_Checkatrade Give your feedback/select_--YS_Workmanship"), YS_Workmanship, true): All options with value '10' are selected in object 'Object Repository/Page_Checkatrade Give your feedback/select_--YS_Workmanship'  using regular expression

2019-11-01 15:14:08 - [MESSAGE][PASSED] - All options with value '10' are selected in object 'Object Repository/Page_Checkatrade Give your feedback/select_--YS_Workmanship'  using regular expression

2019-11-01 15:14:08 - [MESSAGE][PASSED] - Call Test Case 'Test Cases/Reusable_Test_Sequences/Give_Feedback/Your_Scores/Your_Scores_List_Box_Selection' successfully

2019-11-01 15:14:08 - [TEST_STEP][PASSED] - "------------------------------------------------------------------------------------------": null

2019-11-01 15:14:08 - [TEST_STEP][PASSED] - " Your Scores (page 2) Returned with 2 Main Sections - <Your Scores> and <Details of Work> |": null

2019-11-01 15:14:08 - [TEST_STEP][PASSED] - " Details of Work Done - Form FIll<Description>,<Approx. date>,<How Long>, <Comments> and  |": null

2019-11-01 15:14:08 - [TEST_STEP][PASSED] - "                                                               <Feedback Publish Confirm> |": null

2019-11-01 15:14:08 - [TEST_STEP][PASSED] - callTestCase(findTestCase("Reusable_Test_Sequences/Give_Feedback/Your_Scores/Details_of_work_Done_Formfill"), [:], CONTINUE_ON_FAILURE): Call Test Case 'Test Cases/Reusable_Test_Sequences/Give_Feedback/Your_Scores/Details_of_work_Done_Formfill' successfully

2019-11-01 15:14:08 - [TEST_CASE][PASSED] - Test Cases/Reusable_Test_Sequences/Give_Feedback/Your_Scores/Details_of_work_Done_Formfill: Test Cases/Reusable_Test_Sequences/Give_Feedback/Your_Scores/Details_of_work_Done_Formfill

2019-11-01 15:14:09 - [TEST_STEP][PASSED] - data = findTestData("Data Files/Give_Feedback (1)"): null

2019-11-01 15:14:09 - [TEST_STEP][PASSED] - YS_Work_Description = data.getValue("YS_Work_Description", row): null

2019-11-01 15:14:09 - [TEST_STEP][PASSED] - YS_Work_Date = data.getValue("YS_Work_Date", row): null

2019-11-01 15:14:09 - [TEST_STEP][PASSED] - YS_Days_to_Complete = data.getValue("YS_Days_to_Complete", row): null

2019-11-01 15:14:09 - [TEST_STEP][PASSED] - YS_Work_Comments = data.getValue("YS_Work_Comments", row): null

2019-11-01 15:14:09 - [TEST_STEP][PASSED] - YS_Feedback_Published = data.getValue("YS_Feedback_Published", row): null

2019-11-01 15:14:09 - [TEST_STEP][PASSED] - "---------------------------------": null

2019-11-01 15:14:09 - [TEST_STEP][PASSED] - "Read data from spreadsheet       |": null

2019-11-01 15:14:09 - [TEST_STEP][PASSED] - "---------------------------------": null

2019-11-01 15:14:09 - [TEST_STEP][PASSED] - "---------------------------------": null

2019-11-01 15:14:09 - [TEST_STEP][PASSED] - "Brief description of work done   |": null

2019-11-01 15:14:09 - [TEST_STEP][PASSED] - setText(findTestObject("Object Repository/Page_Checkatrade Give your feedback/input_Brief description of work done_ctl00contenttbWorkDescription"), YS_Work_Description): Text 'New Test Toilet' is set on object 'Object Repository/Page_Checkatrade Give your feedback/input_Brief description of work done_ctl00contenttbWorkDescription'

2019-11-01 15:14:09 - [MESSAGE][PASSED] - Text 'New Test Toilet' is set on object 'Object Repository/Page_Checkatrade Give your feedback/input_Brief description of work done_ctl00contenttbWorkDescription'

2019-11-01 15:14:09 - [TEST_STEP][PASSED] - "---------------------------------": null

2019-11-01 15:14:09 - [TEST_STEP][PASSED] - "Date work was done (approx)      |": null

2019-11-01 15:14:09 - [TEST_STEP][PASSED] - "---------------------------------": null

2019-11-01 15:14:09 - [TEST_STEP][PASSED] - "---------------------------------": null

2019-11-01 15:14:09 - [TEST_STEP][PASSED] - "How many days did this job take? |": null

2019-11-01 15:14:09 - [TEST_STEP][PASSED] - setText(findTestObject("Object Repository/Page_Checkatrade Give your feedback/input_How many days did this job take"), YS_Days_to_Complete): Text '3' is set on object 'Object Repository/Page_Checkatrade Give your feedback/input_How many days did this job take'

2019-11-01 15:14:09 - [MESSAGE][PASSED] - Text '3' is set on object 'Object Repository/Page_Checkatrade Give your feedback/input_How many days did this job take'

2019-11-01 15:14:09 - [TEST_STEP][PASSED] - "---------------------------------": null

2019-11-01 15:14:09 - [TEST_STEP][PASSED] - "Your comments about the work     |": null

2019-11-01 15:14:09 - [TEST_STEP][PASSED] - setText(findTestObject("Object Repository/Page_Checkatrade Give your feedback/textarea_Your comments about the work_ctl00contenttbWorkComments"), YS_Work_Comments): Text 'Nice job' is set on object 'Object Repository/Page_Checkatrade Give your feedback/textarea_Your comments about the work_ctl00contenttbWorkComments'

2019-11-01 15:14:09 - [MESSAGE][PASSED] - Text 'Nice job' is set on object 'Object Repository/Page_Checkatrade Give your feedback/textarea_Your comments about the work_ctl00contenttbWorkComments'

2019-11-01 15:14:09 - [TEST_STEP][PASSED] - "---------------------------------------": null

2019-11-01 15:14:09 - [TEST_STEP][PASSED] - " Scroll Bottom of Page Into View       |": null

2019-11-01 15:14:09 - [TEST_STEP][PASSED] - "---------------------------------------": null

2019-11-01 15:14:09 - [TEST_STEP][PASSED] - "-----------------------------------------------------": null

2019-11-01 15:14:09 - [TEST_STEP][PASSED] - "Would you like your feedback published? - Yes or No  |": null

2019-11-01 15:14:09 - [TEST_STEP][PASSED] - if (YS_Feedback_Published == "Yes"): Wait for page load successfully

2019-11-01 15:14:09 - [TEST_STEP][PASSED] - waitForElementPresent(findTestObject("Feedback/Page_Checkatrade Give your feedback/span_Publish_Feedback_Yes"), 10): Object 'Object Repository/Feedback/Page_Checkatrade Give your feedback/span_Publish_Feedback_Yes' is present

2019-11-01 15:14:09 - [MESSAGE][PASSED] - Object 'Object Repository/Feedback/Page_Checkatrade Give your feedback/span_Publish_Feedback_Yes' is present

2019-11-01 15:14:09 - [TEST_STEP][PASSED] - click(findTestObject("Feedback/Page_Checkatrade Give your feedback/span_Publish_Feedback_Yes")): Object: 'Object Repository/Feedback/Page_Checkatrade Give your feedback/span_Publish_Feedback_Yes' is clicked on

2019-11-01 15:14:10 - [MESSAGE][PASSED] - Object: 'Object Repository/Feedback/Page_Checkatrade Give your feedback/span_Publish_Feedback_Yes' is clicked on

2019-11-01 15:14:10 - [TEST_STEP][PASSED] - waitForPageLoad(60): Wait for page load successfully

2019-11-01 15:14:10 - [MESSAGE][PASSED] - Wait for page load successfully

2019-11-01 15:14:10 - [TEST_STEP][PASSED] - out.println("Your Experience, Recommendation, Click on the " + YS_Feedback_Published + " Option Button "): null

2019-11-01 15:14:10 - [TEST_STEP][PASSED] - delay(1): Delayed 1 second(s)

2019-11-01 15:14:11 - [MESSAGE][PASSED] - Delayed 1 second(s)

2019-11-01 15:14:11 - [TEST_STEP][PASSED] - "---------------------------------": null

2019-11-01 15:14:11 - [TEST_STEP][PASSED] - "Your comments about the work     |": null

2019-11-01 15:14:11 - [TEST_STEP][PASSED] - click(findTestObject("Object Repository/Page_Checkatrade Give your feedback/input_No_ctl00contentButton6")): Object: 'Object Repository/Page_Checkatrade Give your feedback/input_No_ctl00contentButton6' is clicked on

2019-11-01 15:14:12 - [MESSAGE][PASSED] - Object: 'Object Repository/Page_Checkatrade Give your feedback/input_No_ctl00contentButton6' is clicked on

2019-11-01 15:14:12 - [MESSAGE][PASSED] - Call Test Case 'Test Cases/Reusable_Test_Sequences/Give_Feedback/Your_Scores/Details_of_work_Done_Formfill' successfully

2019-11-01 15:14:12 - [TEST_STEP][PASSED] - scrollToPosition(125, 0): Browser is scrolled to position x = 125, y = 0

2019-11-01 15:14:12 - [MESSAGE][PASSED] - Browser is scrolled to position x = 125, y = 0

2019-11-01 15:14:12 - [TEST_STEP][PASSED] - "------------------------------------------------------------------------------------------": null

2019-11-01 15:14:12 - [TEST_STEP][PASSED] - " Your Experience (page 2) Hit <Next> Button to Continue to <Your Details>- (page 3)       |": null

2019-11-01 15:14:12 - [TEST_STEP][PASSED] - try: null

2019-11-01 15:14:12 - [TEST_STEP][PASSED] - callTestCase(findTestCase("Reusable_Test_Sequences/Give_Feedback/Your_Scores/Hit_Next"), 1): null

2019-11-01 15:14:12 - [TEST_STEP][PASSED] - catch (Exception e): null

2019-11-01 15:14:12 - [MESSAGE][PASSED] - Call Test Case 'Test Cases/Reusable_Test_Sequences/Give_Feedback/Your_Scores/Your_Scores' successfully

2019-11-01 15:14:12 - [TEST_STEP][PASSED] - if (YE_Recommend == "No" && YE_WorkCarriedOut == "Yes"): null

2019-11-01 15:14:12 - [TEST_STEP][PASSED] - "--------------------------------------": null

2019-11-01 15:14:12 - [TEST_STEP][PASSED] - " Your Details (page 3) Processing     |": null

2019-11-01 15:14:12 - [TEST_STEP][PASSED] - callTestCase(findTestCase("Reusable_Test_Sequences/Give_Feedback/Your_Details/Your_Details"), [:], CONTINUE_ON_FAILURE): Call Test Case 'Test Cases/Reusable_Test_Sequences/Give_Feedback/Your_Details/Your_Details' successfully

2019-11-01 15:14:12 - [TEST_CASE][PASSED] - Test Cases/Reusable_Test_Sequences/Give_Feedback/Your_Details/Your_Details: Test Cases/Reusable_Test_Sequences/Give_Feedback/Your_Details/Your_Details

2019-11-01 15:14:12 - [TEST_STEP][PASSED] - "---------------------------------------------------------------------------------------": null

2019-11-01 15:14:12 - [TEST_STEP][PASSED] - " Your Details (page 3)                                                                 |": null

2019-11-01 15:14:12 - [TEST_STEP][PASSED] - "---------------------------------------------------------------------------------------": null

2019-11-01 15:14:12 - [TEST_STEP][PASSED] - "-------------------------------------": null

2019-11-01 15:14:12 - [TEST_STEP][PASSED] - " Consumer or Customer Selection      |": null

2019-11-01 15:14:12 - [TEST_STEP][PASSED] - callTestCase(findTestCase("Reusable_Test_Sequences/Give_Feedback/Your_Details/Consumer_or_Customer_Selection"), [:], CONTINUE_ON_FAILURE): Call Test Case 'Test Cases/Reusable_Test_Sequences/Give_Feedback/Your_Details/Consumer_or_Customer_Selection' successfully

2019-11-01 15:14:13 - [TEST_CASE][PASSED] - Test Cases/Reusable_Test_Sequences/Give_Feedback/Your_Details/Consumer_or_Customer_Selection: Test Cases/Reusable_Test_Sequences/Give_Feedback/Your_Details/Consumer_or_Customer_Selection

2019-11-01 15:14:13 - [TEST_STEP][PASSED] - "--------------------------------": null

2019-11-01 15:14:13 - [TEST_STEP][PASSED] - "Read data from spreadsheet      |": null

2019-11-01 15:14:13 - [TEST_STEP][PASSED] - data = findTestData("Data Files/Give_Feedback (1)"): null

2019-11-01 15:14:13 - [TEST_STEP][PASSED] - YD_Consumer_Customer = data.getValue("YD_Consumer_Customer", row): null

2019-11-01 15:14:13 - [TEST_STEP][PASSED] - out.println("Your Details, Consumer OR Trade Customer, Click on the " + YD_Consumer_Customer + " Option Button "): null

2019-11-01 15:14:13 - [TEST_STEP][PASSED] - try: null

2019-11-01 15:14:13 - [TEST_STEP][PASSED] - if (YD_Consumer_Customer == "Consumer"): null

2019-11-01 15:14:13 - [TEST_STEP][PASSED] - catch (Exception e): null

2019-11-01 15:14:13 - [TEST_STEP][PASSED] - if (YD_Consumer_Customer == "Customer"): null

2019-11-01 15:14:13 - [TEST_STEP][PASSED] - out.println("Your Experience, Recommendation, Click on the " + YD_Consumer_Customer + " Option Button "): null

2019-11-01 15:14:13 - [MESSAGE][PASSED] - Call Test Case 'Test Cases/Reusable_Test_Sequences/Give_Feedback/Your_Details/Consumer_or_Customer_Selection' successfully

2019-11-01 15:14:13 - [TEST_STEP][PASSED] - "-------------------------------------": null

2019-11-01 15:14:13 - [TEST_STEP][PASSED] - " Fill Personal Details               |": null

2019-11-01 15:14:13 - [TEST_STEP][PASSED] - callTestCase(findTestCase("Reusable_Test_Sequences/Give_Feedback/Your_Details/Personal_Details_Formfill"), [:], CONTINUE_ON_FAILURE): Call Test Case 'Test Cases/Reusable_Test_Sequences/Give_Feedback/Your_Details/Personal_Details_Formfill' successfully

2019-11-01 15:14:13 - [TEST_CASE][PASSED] - Test Cases/Reusable_Test_Sequences/Give_Feedback/Your_Details/Personal_Details_Formfill: Test Cases/Reusable_Test_Sequences/Give_Feedback/Your_Details/Personal_Details_Formfill

2019-11-01 15:14:14 - [TEST_STEP][PASSED] - "--------------------------------": null

2019-11-01 15:14:14 - [TEST_STEP][PASSED] - "Read data from spreadsheet      |": null

2019-11-01 15:14:14 - [TEST_STEP][PASSED] - data = findTestData("Data Files/Give_Feedback (1)"): null

2019-11-01 15:14:14 - [TEST_STEP][PASSED] - YD_Salutation = data.getValue("YD_Salutation", row): null

2019-11-01 15:14:14 - [TEST_STEP][PASSED] - YD_Name = data.getValue("YD_Name", row): null

2019-11-01 15:14:14 - [TEST_STEP][PASSED] - YD_Company_Name = data.getValue("YD_Company_Name", row): null

2019-11-01 15:14:14 - [TEST_STEP][PASSED] - YD_Postcode = data.getValue("YD_Postcode", row): null

2019-11-01 15:14:14 - [TEST_STEP][PASSED] - YD_Verify_Address = data.getValue("YD_Verify_Address", row): null

2019-11-01 15:14:14 - [TEST_STEP][PASSED] - YD_Consumer_Customer = data.getValue("YD_Consumer_Customer", row): null

2019-11-01 15:14:14 - [TEST_STEP][PASSED] - out.println("Your Experience, Your details, Set the " + YD_Salutation + " Text Box "): null

2019-11-01 15:14:14 - [TEST_STEP][PASSED] - "--------------------": null

2019-11-01 15:14:14 - [TEST_STEP][PASSED] - "  Set  Salutation   |": null

2019-11-01 15:14:14 - [TEST_STEP][PASSED] - selectOptionByValue(findTestObject("Object Repository/New Folder/Page_Checkatrade Give your feedback/select_MrMrsMissMsMr  MrsDrRevRevd"), YD_Salutation, true): All options with value 'Mr' are selected in object 'Object Repository/New Folder/Page_Checkatrade Give your feedback/select_MrMrsMissMsMr  MrsDrRevRevd'  using regular expression

2019-11-01 15:14:14 - [MESSAGE][PASSED] - All options with value 'Mr' are selected in object 'Object Repository/New Folder/Page_Checkatrade Give your feedback/select_MrMrsMissMsMr  MrsDrRevRevd'  using regular expression

2019-11-01 15:14:14 - [TEST_STEP][PASSED] - "--------------------": null

2019-11-01 15:14:14 - [TEST_STEP][PASSED] - "  Set  Name         |": null

2019-11-01 15:14:14 - [TEST_STEP][PASSED] - if (YD_Consumer_Customer == "Consumer"): Text 'Ron Smith' is set on object 'Object Repository/New Folder/Page_Checkatrade Give your feedback/input_Name_ctl00contenttbCustomerName'

2019-11-01 15:14:14 - [TEST_STEP][PASSED] - setText(findTestObject("Object Repository/New Folder/Page_Checkatrade Give your feedback/input_Name_ctl00contenttbCustomerName"), YD_Name): Text 'Ron Smith' is set on object 'Object Repository/New Folder/Page_Checkatrade Give your feedback/input_Name_ctl00contenttbCustomerName'

2019-11-01 15:14:14 - [MESSAGE][PASSED] - Text 'Ron Smith' is set on object 'Object Repository/New Folder/Page_Checkatrade Give your feedback/input_Name_ctl00contenttbCustomerName'

2019-11-01 15:14:15 - [TEST_STEP][PASSED] - "----------------------": null

2019-11-01 15:14:15 - [TEST_STEP][PASSED] - " Name of you company  |": null

2019-11-01 15:14:15 - [TEST_STEP][PASSED] - if (YD_Consumer_Customer == "Customer"): null

2019-11-01 15:14:15 - [TEST_STEP][PASSED] - "--------------------": null

2019-11-01 15:14:15 - [TEST_STEP][PASSED] - "  Set Postcode     |": null

2019-11-01 15:14:15 - [TEST_STEP][PASSED] - setText(findTestObject("Object Repository/New Folder/Page_Checkatrade Give your feedback/input_Your postcode_ctl00contentctlCustomerAddresstbPostcodeSearch"), YD_Postcode): Text 'PO12 2SD' is set on object 'Object Repository/New Folder/Page_Checkatrade Give your feedback/input_Your postcode_ctl00contentctlCustomerAddresstbPostcodeSearch'

2019-11-01 15:14:15 - [MESSAGE][PASSED] - Text 'PO12 2SD' is set on object 'Object Repository/New Folder/Page_Checkatrade Give your feedback/input_Your postcode_ctl00contentctlCustomerAddresstbPostcodeSearch'

2019-11-01 15:14:15 - [TEST_STEP][PASSED] - "-----------------------------": null

2019-11-01 15:14:15 - [TEST_STEP][PASSED] - "  Address Lookup Selection   |": null

2019-11-01 15:14:15 - [TEST_STEP][PASSED] - click(findTestObject("Object Repository/New Folder/Page_Checkatrade Give your feedback/input_Your postcode_ctl00contentctlCustomerAddressbtnPostcodeLookup")): Object: 'Object Repository/New Folder/Page_Checkatrade Give your feedback/input_Your postcode_ctl00contentctlCustomerAddressbtnPostcodeLookup' is clicked on

2019-11-01 15:14:15 - [MESSAGE][PASSED] - Object: 'Object Repository/New Folder/Page_Checkatrade Give your feedback/input_Your postcode_ctl00contentctlCustomerAddressbtnPostcodeLookup' is clicked on

2019-11-01 15:14:15 - [TEST_STEP][PASSED] - "-----------------------------": null

2019-11-01 15:14:15 - [TEST_STEP][PASSED] - "  Address Lookup Set         |": null

2019-11-01 15:14:15 - [TEST_STEP][PASSED] - selectOptionByLabel(findTestObject("Object Repository/New Folder/Page_Checkatrade Give your feedback/select_Please select your address"), YD_Verify_Address, true): All options with label '26 Broadsands Drive,Gosport,Hampshire,PO12 2SD' are selected in object 'Object Repository/New Folder/Page_Checkatrade Give your feedback/select_Please select your address'  using regular expression

2019-11-01 15:14:16 - [MESSAGE][PASSED] - All options with label '26 Broadsands Drive,Gosport,Hampshire,PO12 2SD' are selected in object 'Object Repository/New Folder/Page_Checkatrade Give your feedback/select_Please select your address'  using regular expression

2019-11-01 15:14:16 - [TEST_STEP][PASSED] - "-----------------------------": null

2019-11-01 15:14:16 - [TEST_STEP][PASSED] - "  Verify Returned Address    |": null

2019-11-01 15:14:16 - [TEST_STEP][PASSED] - verifyTextPresent(YD_Verify_Address, false): Text '26 Broadsands Drive,Gosport,Hampshire,PO12 2SD' is present on page 

2019-11-01 15:14:16 - [MESSAGE][PASSED] - Text '26 Broadsands Drive,Gosport,Hampshire,PO12 2SD' is present on page 

2019-11-01 15:14:16 - [MESSAGE][PASSED] - Call Test Case 'Test Cases/Reusable_Test_Sequences/Give_Feedback/Your_Details/Personal_Details_Formfill' successfully

2019-11-01 15:14:16 - [TEST_STEP][PASSED] - "-------------------------------------": null

2019-11-01 15:14:16 - [TEST_STEP][PASSED] - " Fil Contact Details                 |": null

2019-11-01 15:14:16 - [TEST_STEP][PASSED] - callTestCase(findTestCase("Reusable_Test_Sequences/Give_Feedback/Your_Details/Contact_Details_Formfill"), [:], CONTINUE_ON_FAILURE): Call Test Case 'Test Cases/Reusable_Test_Sequences/Give_Feedback/Your_Details/Contact_Details_Formfill' successfully

2019-11-01 15:14:16 - [TEST_CASE][PASSED] - Test Cases/Reusable_Test_Sequences/Give_Feedback/Your_Details/Contact_Details_Formfill: Test Cases/Reusable_Test_Sequences/Give_Feedback/Your_Details/Contact_Details_Formfill

2019-11-01 15:14:17 - [TEST_STEP][PASSED] - "--------------------------------": null

2019-11-01 15:14:17 - [TEST_STEP][PASSED] - "Read data from spreadsheet      |": null

2019-11-01 15:14:17 - [TEST_STEP][PASSED] - data = findTestData("Data Files/Give_Feedback (1)"): null

2019-11-01 15:14:17 - [TEST_STEP][PASSED] - YD_Home_Phone = data.getValue("YD_Home_Phone", row): null

2019-11-01 15:14:17 - [TEST_STEP][PASSED] - YD_Name = data.getValue("YD_Name", row): null

2019-11-01 15:14:17 - [TEST_STEP][PASSED] - YD_Best_Contact_Time = data.getValue("YD_Best_Contact_Time", row): null

2019-11-01 15:14:17 - [TEST_STEP][PASSED] - YD_Email = data.getValue("YD_Email", row): null

2019-11-01 15:14:17 - [TEST_STEP][PASSED] - YD_Mobile = data.getValue("YD_Mobile", row): null

2019-11-01 15:14:17 - [TEST_STEP][PASSED] - YD_Consumer_Customer = data.getValue("YD_Consumer_Customer", row): null

2019-11-01 15:14:17 - [TEST_STEP][PASSED] - out.println("Your Experience, Your details, Set the " + YD_Home_Phone + " Text Box "): null

2019-11-01 15:14:17 - [TEST_STEP][PASSED] - "------------------------------": null

2019-11-01 15:14:17 - [TEST_STEP][PASSED] - "  Set Home Telephone Number   |": null

2019-11-01 15:14:17 - [TEST_STEP][PASSED] - setText(findTestObject("Object Repository/New Folder/Page_Checkatrade Give your feedback/input_Home telephone_ctl00contenttbCustomerHomePhone"), YD_Home_Phone): Text '02392123456' is set on object 'Object Repository/New Folder/Page_Checkatrade Give your feedback/input_Home telephone_ctl00contenttbCustomerHomePhone'

2019-11-01 15:14:17 - [MESSAGE][PASSED] - Text '02392123456' is set on object 'Object Repository/New Folder/Page_Checkatrade Give your feedback/input_Home telephone_ctl00contenttbCustomerHomePhone'

2019-11-01 15:14:17 - [TEST_STEP][PASSED] - "------------------------------": null

2019-11-01 15:14:17 - [TEST_STEP][PASSED] - "  Set Best Time to Contact    |": null

2019-11-01 15:14:17 - [TEST_STEP][PASSED] - if (YD_Consumer_Customer == "Consumer"): Text 'Any Tme' is set on object 'Object Repository/New Folder/Page_Checkatrade Give your feedback/input_Best time to contact you_ctl00contenttbCustomerContactTime'

2019-11-01 15:14:17 - [TEST_STEP][PASSED] - setText(findTestObject("Object Repository/New Folder/Page_Checkatrade Give your feedback/input_Best time to contact you_ctl00contenttbCustomerContactTime"), YD_Best_Contact_Time): Text 'Any Tme' is set on object 'Object Repository/New Folder/Page_Checkatrade Give your feedback/input_Best time to contact you_ctl00contenttbCustomerContactTime'

2019-11-01 15:14:17 - [MESSAGE][PASSED] - Text 'Any Tme' is set on object 'Object Repository/New Folder/Page_Checkatrade Give your feedback/input_Best time to contact you_ctl00contenttbCustomerContactTime'

2019-11-01 15:14:17 - [TEST_STEP][PASSED] - "------------------------------": null

2019-11-01 15:14:17 - [TEST_STEP][PASSED] - "  Set Email Address           |": null

2019-11-01 15:14:17 - [TEST_STEP][PASSED] - setText(findTestObject("Object Repository/New Folder/Page_Checkatrade Give your feedback/input_Email_ctl00contenttbCustomerEmail"), YD_Email): Text 'Test_xxxxxx@xdxdxdxd.com' is set on object 'Object Repository/New Folder/Page_Checkatrade Give your feedback/input_Email_ctl00contenttbCustomerEmail'

2019-11-01 15:14:17 - [MESSAGE][PASSED] - Text 'Test_xxxxxx@xdxdxdxd.com' is set on object 'Object Repository/New Folder/Page_Checkatrade Give your feedback/input_Email_ctl00contenttbCustomerEmail'

2019-11-01 15:14:17 - [TEST_STEP][PASSED] - "------------------------------": null

2019-11-01 15:14:17 - [TEST_STEP][PASSED] - "  Set Mobile Telephone Number |": null

2019-11-01 15:14:17 - [TEST_STEP][PASSED] - setText(findTestObject("Object Repository/New Folder/Page_Checkatrade Give your feedback/input_Mobile_ctl00contenttbCustomerMobile"), YD_Mobile): Text '07788123456' is set on object 'Object Repository/New Folder/Page_Checkatrade Give your feedback/input_Mobile_ctl00contenttbCustomerMobile'

2019-11-01 15:14:17 - [MESSAGE][PASSED] - Text '07788123456' is set on object 'Object Repository/New Folder/Page_Checkatrade Give your feedback/input_Mobile_ctl00contenttbCustomerMobile'

2019-11-01 15:14:17 - [MESSAGE][PASSED] - Call Test Case 'Test Cases/Reusable_Test_Sequences/Give_Feedback/Your_Details/Contact_Details_Formfill' successfully

2019-11-01 15:14:17 - [TEST_STEP][PASSED] - "-------------------------------------": null

2019-11-01 15:14:17 - [TEST_STEP][PASSED] - " CHeckatrade Questions               |": null

2019-11-01 15:14:17 - [TEST_STEP][PASSED] - callTestCase(findTestCase("Reusable_Test_Sequences/Give_Feedback/Your_Details/Checkatrade_Questions"), [:], CONTINUE_ON_FAILURE): Call Test Case 'Test Cases/Reusable_Test_Sequences/Give_Feedback/Your_Details/Checkatrade_Questions' successfully

2019-11-01 15:14:17 - [TEST_CASE][PASSED] - Test Cases/Reusable_Test_Sequences/Give_Feedback/Your_Details/Checkatrade_Questions: Test Cases/Reusable_Test_Sequences/Give_Feedback/Your_Details/Checkatrade_Questions

2019-11-01 15:14:17 - [TEST_STEP][PASSED] - "--------------------------------": null

2019-11-01 15:14:17 - [TEST_STEP][PASSED] - "Read data from spreadsheet      |": null

2019-11-01 15:14:17 - [TEST_STEP][PASSED] - data = findTestData("Data Files/Give_Feedback (1)"): null

2019-11-01 15:14:17 - [TEST_STEP][PASSED] - YD_Feedback_Method = data.getValue("YD_Feedback_Method", row): null

2019-11-01 15:14:17 - [TEST_STEP][PASSED] - YD_How_Did_You_Hear = data.getValue("YD_How_Did_You_Hear", row): null

2019-11-01 15:14:17 - [TEST_STEP][PASSED] - YD_Other_Response = data.getValue("YD_Other_Response", row): null

2019-11-01 15:14:17 - [TEST_STEP][PASSED] - YD_Reason_For_Tradeperson_Selection = data.getValue("YD_Reason_For_Tradeperson_Selection", row): null

2019-11-01 15:14:17 - [TEST_STEP][PASSED] - YD_Receive_Chekatrade_Updates = data.getValue("YD_Receive_Chekatrade_Updates", row): null

2019-11-01 15:14:18 - [TEST_STEP][PASSED] - YD_Receive_Third_Party_Updates = data.getValue("YD_Receive_Third_Party_Updates", row): null

2019-11-01 15:14:18 - [TEST_STEP][PASSED] - out.println("Your Experience, Your details, Set the " + YD_Feedback_Method + " Text Box "): null

2019-11-01 15:14:18 - [TEST_STEP][PASSED] - "------------------------------------": null

2019-11-01 15:14:18 - [TEST_STEP][PASSED] - "  Set Verify Options - SMS OR Email |": null

2019-11-01 15:14:18 - [TEST_STEP][PASSED] - if (YD_Feedback_Method == "email"): Wait for page load successfully

2019-11-01 15:14:18 - [TEST_STEP][PASSED] - click(findTestObject("Object Repository/Page_Checkatrade Give your feedback/span_Verify by email")): Object: 'Object Repository/Page_Checkatrade Give your feedback/span_Verify by email' is clicked on

2019-11-01 15:14:18 - [MESSAGE][PASSED] - Object: 'Object Repository/Page_Checkatrade Give your feedback/span_Verify by email' is clicked on

2019-11-01 15:14:18 - [TEST_STEP][PASSED] - waitForPageLoad(2): Wait for page load successfully

2019-11-01 15:14:18 - [MESSAGE][PASSED] - Wait for page load successfully

2019-11-01 15:14:18 - [TEST_STEP][PASSED] - "--------------------------------------": null

2019-11-01 15:14:18 - [TEST_STEP][PASSED] - " Scroll to <Next> Button              |": null

2019-11-01 15:14:18 - [TEST_STEP][PASSED] - scrollToPosition(200, 0): Browser is scrolled to position x = 200, y = 0

2019-11-01 15:14:18 - [MESSAGE][PASSED] - Browser is scrolled to position x = 200, y = 0

2019-11-01 15:14:18 - [TEST_STEP][PASSED] - "--------------------------------------": null

2019-11-01 15:14:18 - [TEST_STEP][PASSED] - "  Set How You Heard About Checkatrade |": null

2019-11-01 15:14:18 - [TEST_STEP][PASSED] - waitForPageLoad(2): Wait for page load successfully

2019-11-01 15:14:18 - [MESSAGE][PASSED] - Wait for page load successfully

2019-11-01 15:14:18 - [TEST_STEP][PASSED] - selectOptionByLabel(findTestObject("Object Repository/Page_Checkatrade Give your feedback/select_Please selectTVRadioOnlineDirectoryWord"), YD_How_Did_You_Hear, true): All options with label 'Online' are selected in object 'Object Repository/Page_Checkatrade Give your feedback/select_Please selectTVRadioOnlineDirectoryWord'  using regular expression

2019-11-01 15:14:18 - [MESSAGE][PASSED] - All options with label 'Online' are selected in object 'Object Repository/Page_Checkatrade Give your feedback/select_Please selectTVRadioOnlineDirectoryWord'  using regular expression

2019-11-01 15:14:18 - [TEST_STEP][PASSED] - "--------------------------------------": null

2019-11-01 15:14:18 - [TEST_STEP][PASSED] - "  How did you hear about Textbox      |": null

2019-11-01 15:14:18 - [TEST_STEP][PASSED] - if (YD_How_Did_You_Hear == "Other"): null

2019-11-01 15:14:18 - [TEST_STEP][PASSED] - "--------------------------------------": null

2019-11-01 15:14:18 - [TEST_STEP][PASSED] - "  Why Use The Selected Tradesperson   |": null

2019-11-01 15:14:18 - [TEST_STEP][PASSED] - selectOptionByIndex(findTestObject("Object Repository/New Folder/Page_Checkatrade Give your feedback/select_Prefer not to sayFound the Tradesperson via CheckatradecomDirected to Checkatradecom by the Tradesperson"), 2): All options with index in [2] are selected on object 'Object Repository/New Folder/Page_Checkatrade Give your feedback/select_Prefer not to sayFound the Tradesperson via CheckatradecomDirected to Checkatradecom by the Tradesperson'

2019-11-01 15:14:19 - [MESSAGE][PASSED] - All options with index in [2] are selected on object 'Object Repository/New Folder/Page_Checkatrade Give your feedback/select_Prefer not to sayFound the Tradesperson via CheckatradecomDirected to Checkatradecom by the Tradesperson'

2019-11-01 15:14:19 - [TEST_STEP][PASSED] - "----------------------------------------------------": null

2019-11-01 15:14:19 - [TEST_STEP][PASSED] - " Select - I am happy to receive Updates - Checkatra |": null

2019-11-01 15:14:19 - [TEST_STEP][PASSED] - if (YD_Receive_Chekatrade_Updates == "Yes"): Wait for page load successfully

2019-11-01 15:14:19 - [TEST_STEP][PASSED] - click(findTestObject("Object Repository/New Folder/Page_Checkatrade Give your feedback/input_I am happy to receive updates from Checkatrade_ctl00contentchkEmailUpdates")): Object: 'Object Repository/New Folder/Page_Checkatrade Give your feedback/input_I am happy to receive updates from Checkatrade_ctl00contentchkEmailUpdates' is clicked on

2019-11-01 15:14:19 - [MESSAGE][PASSED] - Object: 'Object Repository/New Folder/Page_Checkatrade Give your feedback/input_I am happy to receive updates from Checkatrade_ctl00contentchkEmailUpdates' is clicked on

2019-11-01 15:14:19 - [TEST_STEP][PASSED] - waitForPageLoad(2): Wait for page load successfully

2019-11-01 15:14:19 - [MESSAGE][PASSED] - Wait for page load successfully

2019-11-01 15:14:19 - [TEST_STEP][PASSED] - "----------------------------------------------------": null

2019-11-01 15:14:19 - [TEST_STEP][PASSED] - " Select - I am happy to receive Updates - 3rd party |": null

2019-11-01 15:14:19 - [TEST_STEP][PASSED] - if (YD_Receive_Third_Party_Updates == "Yes"): Wait for page load successfully

2019-11-01 15:14:19 - [TEST_STEP][PASSED] - click(findTestObject("Object Repository/New Folder/Page_Checkatrade Give your feedback/label_I am happy to receive updates from selected third parties")): Object: 'Object Repository/New Folder/Page_Checkatrade Give your feedback/label_I am happy to receive updates from selected third parties' is clicked on

2019-11-01 15:14:20 - [MESSAGE][PASSED] - Object: 'Object Repository/New Folder/Page_Checkatrade Give your feedback/label_I am happy to receive updates from selected third parties' is clicked on

2019-11-01 15:14:20 - [TEST_STEP][PASSED] - waitForPageLoad(2): Wait for page load successfully

2019-11-01 15:14:20 - [MESSAGE][PASSED] - Wait for page load successfully

2019-11-01 15:14:20 - [TEST_STEP][PASSED] - "--------------------------------------": null

2019-11-01 15:14:20 - [TEST_STEP][PASSED] - "   SUBMIT Page                        |": null

2019-11-01 15:14:20 - [TEST_STEP][PASSED] - click(findTestObject("Object Repository/New Folder/Page_Checkatrade Give your feedback/input_here_ctl00contentButtonSubmit")): Object: 'Object Repository/New Folder/Page_Checkatrade Give your feedback/input_here_ctl00contentButtonSubmit' is clicked on

2019-11-01 15:14:22 - [MESSAGE][PASSED] - Object: 'Object Repository/New Folder/Page_Checkatrade Give your feedback/input_here_ctl00contentButtonSubmit' is clicked on

2019-11-01 15:14:22 - [TEST_STEP][PASSED] - waitForPageLoad(2): Wait for page load successfully

2019-11-01 15:14:22 - [MESSAGE][PASSED] - Wait for page load successfully

2019-11-01 15:14:22 - [MESSAGE][PASSED] - Call Test Case 'Test Cases/Reusable_Test_Sequences/Give_Feedback/Your_Details/Checkatrade_Questions' successfully

2019-11-01 15:14:22 - [TEST_STEP][PASSED] - "-------------------------------------": null

2019-11-01 15:14:22 - [TEST_STEP][PASSED] - " Commit form                         |": null

2019-11-01 15:14:22 - [TEST_STEP][PASSED] - waitForPageLoad(60): Wait for page load successfully

2019-11-01 15:14:22 - [MESSAGE][PASSED] - Wait for page load successfully

2019-11-01 15:14:22 - [MESSAGE][PASSED] - Call Test Case 'Test Cases/Reusable_Test_Sequences/Give_Feedback/Your_Details/Your_Details' successfully

2019-11-01 15:14:22 - [TEST_STEP][PASSED] - "--------------------------------------": null

2019-11-01 15:14:22 - [TEST_STEP][PASSED] - " Further Info (page 4) Processing     |": null

2019-11-01 15:14:22 - [TEST_STEP][PASSED] - callTestCase(findTestCase("Reusable_Test_Sequences/Give_Feedback/Further_Infomation/Further_Information"), [:], CONTINUE_ON_FAILURE): Call Test Case 'Test Cases/Reusable_Test_Sequences/Give_Feedback/Further_Infomation/Further_Information' successfully

2019-11-01 15:14:22 - [TEST_CASE][PASSED] - Test Cases/Reusable_Test_Sequences/Give_Feedback/Further_Infomation/Further_Information: Test Cases/Reusable_Test_Sequences/Give_Feedback/Further_Infomation/Further_Information

2019-11-01 15:14:22 - [TEST_STEP][PASSED] - "--------------------------------": null

2019-11-01 15:14:22 - [TEST_STEP][PASSED] - "  Read data from spreadsheet    |": null

2019-11-01 15:14:22 - [TEST_STEP][PASSED] - data = findTestData("Data Files/Give_Feedback (1)"): null

2019-11-01 15:14:22 - [TEST_STEP][PASSED] - FD_Value_of_Work = data.getValue("FD_Value_of_Work", row): null

2019-11-01 15:14:22 - [TEST_STEP][PASSED] - "-----------": null

2019-11-01 15:14:22 - [TEST_STEP][PASSED] - "  Synch    |": null

2019-11-01 15:14:22 - [TEST_STEP][PASSED] - waitForElementPresent(findTestObject("Object Repository/New Folder1/Page_Checkatrade Give your feedback/input_Value Of Work_ctl00contenttbValueOfWork"), 25): Object 'Object Repository/New Folder1/Page_Checkatrade Give your feedback/input_Value Of Work_ctl00contenttbValueOfWork' is present

2019-11-01 15:14:22 - [MESSAGE][PASSED] - Object 'Object Repository/New Folder1/Page_Checkatrade Give your feedback/input_Value Of Work_ctl00contenttbValueOfWork' is present

2019-11-01 15:14:22 - [TEST_STEP][PASSED] - "--------------------------------": null

2019-11-01 15:14:22 - [TEST_STEP][PASSED] - "  Set the Value of Work Textbox |": null

2019-11-01 15:14:22 - [TEST_STEP][PASSED] - setText(findTestObject("Object Repository/New Folder1/Page_Checkatrade Give your feedback/input_Value Of Work_ctl00contenttbValueOfWork"), FD_Value_of_Work): Text '10000' is set on object 'Object Repository/New Folder1/Page_Checkatrade Give your feedback/input_Value Of Work_ctl00contenttbValueOfWork'

2019-11-01 15:14:22 - [MESSAGE][PASSED] - Text '10000' is set on object 'Object Repository/New Folder1/Page_Checkatrade Give your feedback/input_Value Of Work_ctl00contenttbValueOfWork'

2019-11-01 15:14:22 - [TEST_STEP][PASSED] - "--------------------------------": null

2019-11-01 15:14:22 - [TEST_STEP][PASSED] - "  Hit <Submit> button to Commit |": null

2019-11-01 15:14:22 - [TEST_STEP][PASSED] - click(findTestObject("Object Repository/New Folder/Page_Checkatrade Give your feedback/input_Value Of Work_ctl00contentButton1")): Object: 'Object Repository/New Folder/Page_Checkatrade Give your feedback/input_Value Of Work_ctl00contentButton1' is clicked on

2019-11-01 15:14:28 - [MESSAGE][PASSED] - Object: 'Object Repository/New Folder/Page_Checkatrade Give your feedback/input_Value Of Work_ctl00contentButton1' is clicked on

2019-11-01 15:14:28 - [TEST_STEP][PASSED] - "--------------------------------": null

2019-11-01 15:14:28 - [TEST_STEP][PASSED] - "  Wait for FInal Page Load      |": null

2019-11-01 15:14:28 - [TEST_STEP][PASSED] - waitForPageLoad(60): Wait for page load successfully

2019-11-01 15:14:28 - [MESSAGE][PASSED] - Wait for page load successfully

2019-11-01 15:14:28 - [MESSAGE][PASSED] - Call Test Case 'Test Cases/Reusable_Test_Sequences/Give_Feedback/Further_Infomation/Further_Information' successfully

2019-11-01 15:14:28 - [TEST_STEP][PASSED] - "--------------------------------------": null

2019-11-01 15:14:28 - [TEST_STEP][PASSED] - " Thank You! (page 5) Processing       |": null

2019-11-01 15:14:28 - [TEST_STEP][PASSED] - callTestCase(findTestCase("Reusable_Test_Sequences/Give_Feedback/Final_Page"), [:], CONTINUE_ON_FAILURE): Call Test Case 'Test Cases/Reusable_Test_Sequences/Give_Feedback/Final_Page' successfully

2019-11-01 15:14:28 - [TEST_CASE][PASSED] - Test Cases/Reusable_Test_Sequences/Give_Feedback/Final_Page: Test Cases/Reusable_Test_Sequences/Give_Feedback/Final_Page

2019-11-01 15:14:28 - [TEST_STEP][PASSED] - waitForPageLoad(2): Wait for page load successfully

2019-11-01 15:14:28 - [MESSAGE][PASSED] - Wait for page load successfully

2019-11-01 15:14:28 - [TEST_STEP][PASSED] - "--------------------------------": null

2019-11-01 15:14:28 - [TEST_STEP][PASSED] - "Read data from spreadsheet      |": null

2019-11-01 15:14:28 - [TEST_STEP][PASSED] - data = findTestData("Data Files/Give_Feedback (1)"): null

2019-11-01 15:14:29 - [TEST_STEP][PASSED] - Account_Verification_Name = data.getValue("Account_Verification_Name", row): null

2019-11-01 15:14:29 - [TEST_STEP][PASSED] - YE_Recommend = data.getValue("YE_Recommendations", row): null

2019-11-01 15:14:29 - [TEST_STEP][PASSED] - YE_Work_Carried_Out = data.getValue("YE_Work_Carried_Out", row): null

2019-11-01 15:14:29 - [TEST_STEP][PASSED] - waitForElementVisible(findTestObject("Object Repository/New Folder/Page_Checkatrade Give your feedback/a_Finish"), 25): Object 'Object Repository/New Folder/Page_Checkatrade Give your feedback/a_Finish' is visible

2019-11-01 15:14:49 - [MESSAGE][PASSED] - Object 'Object Repository/New Folder/Page_Checkatrade Give your feedback/a_Finish' is visible

2019-11-01 15:14:49 - [TEST_STEP][PASSED] - "------------------------------------": null

2019-11-01 15:14:49 - [TEST_STEP][PASSED] - "  Verify Page Detail                |": null

2019-11-01 15:14:49 - [TEST_STEP][PASSED] - if (YE_Recommend == "Yes"): Text 'Finish' is present on page 

2019-11-01 15:14:49 - [TEST_STEP][PASSED] - verifyTextPresent("A Checkatrade staff member will now review your feedback for", false): Text 'A Checkatrade staff member will now review your feedback for' is present on page 

2019-11-01 15:14:49 - [MESSAGE][PASSED] - Text 'A Checkatrade staff member will now review your feedback for' is present on page 

2019-11-01 15:14:49 - [TEST_STEP][PASSED] - verifyTextPresent(Account_Verification_Name, false): Text 'Test Account' is present on page 

2019-11-01 15:14:49 - [MESSAGE][PASSED] - Text 'Test Account' is present on page 

2019-11-01 15:14:49 - [TEST_STEP][PASSED] - verifyTextPresent("Finish", false): Text 'Finish' is present on page 

2019-11-01 15:14:49 - [MESSAGE][PASSED] - Text 'Finish' is present on page 

2019-11-01 15:14:49 - [TEST_STEP][PASSED] - verifyTextPresent("Thank you", true): Text 'Thank you' is present on page  using regular expression

2019-11-01 15:14:49 - [MESSAGE][PASSED] - Text 'Thank you' is present on page  using regular expression

2019-11-01 15:14:49 - [TEST_STEP][PASSED] - "------------------------------------": null

2019-11-01 15:14:49 - [TEST_STEP][PASSED] - "  Hit Finish                        |": null

2019-11-01 15:14:49 - [TEST_STEP][PASSED] - click(findTestObject("Object Repository/New Folder/Page_Checkatrade Give your feedback/a_Finish")): Object: 'Object Repository/New Folder/Page_Checkatrade Give your feedback/a_Finish' is clicked on

2019-11-01 15:14:54 - [MESSAGE][PASSED] - Object: 'Object Repository/New Folder/Page_Checkatrade Give your feedback/a_Finish' is clicked on

2019-11-01 15:14:54 - [MESSAGE][PASSED] - Call Test Case 'Test Cases/Reusable_Test_Sequences/Give_Feedback/Final_Page' successfully

2019-11-01 15:14:54 - [TEST_STEP][PASSED] - "--------------------------------------": null

2019-11-01 15:14:54 - [TEST_STEP][PASSED] - "  Verify Return to Home Page          |": null

2019-11-01 15:14:54 - [TEST_STEP][FAILED] - callTestCase(findTestCase("Reusable_Test_Sequences/CAT_Home"), [:], CONTINUE_ON_FAILURE): Unable to call Test Case 'Test Cases/Reusable_Test_Sequences/CAT_Home' (Root cause: com.kms.katalon.core.exception.StepFailedException: Call Test Case 'Test Cases/Reusable_Test_Sequences/CAT_Home' failed
	at com.kms.katalon.core.keyword.builtin.CallTestCaseKeyword$_callTestCase_closure1.doCall(CallTestCaseKeyword.groovy:63)
	at com.kms.katalon.core.keyword.builtin.CallTestCaseKeyword$_callTestCase_closure1.call(CallTestCaseKeyword.groovy)
	at com.kms.katalon.core.keyword.internal.KeywordMain.runKeyword(KeywordMain.groovy:68)
	at com.kms.katalon.core.keyword.builtin.CallTestCaseKeyword.callTestCase(CallTestCaseKeyword.groovy:81)
	at com.kms.katalon.core.keyword.builtin.CallTestCaseKeyword.execute(CallTestCaseKeyword.groovy:44)
	at com.kms.katalon.core.keyword.internal.KeywordExecutor.executeKeywordForPlatform(KeywordExecutor.groovy:60)
	at com.kms.katalon.core.keyword.BuiltinKeywords.callTestCase(BuiltinKeywords.groovy:334)
	at Give_Feedback.run(Give_Feedback:117)
	at com.kms.katalon.core.main.ScriptEngine.run(ScriptEngine.java:194)
	at com.kms.katalon.core.main.ScriptEngine.runScriptAsRawText(ScriptEngine.java:119)
	at com.kms.katalon.core.main.TestCaseExecutor.runScript(TestCaseExecutor.java:337)
	at com.kms.katalon.core.main.TestCaseExecutor.doExecute(TestCaseExecutor.java:328)
	at com.kms.katalon.core.main.TestCaseExecutor.processExecutionPhase(TestCaseExecutor.java:307)
	at com.kms.katalon.core.main.TestCaseExecutor.accessMainPhase(TestCaseExecutor.java:299)
	at com.kms.katalon.core.main.TestCaseExecutor.execute(TestCaseExecutor.java:233)
	at com.kms.katalon.core.main.TestSuiteExecutor.accessTestCaseMainPhase(TestSuiteExecutor.java:169)
	at com.kms.katalon.core.main.TestSuiteExecutor.accessTestSuiteMainPhase(TestSuiteExecutor.java:142)
	at com.kms.katalon.core.main.TestSuiteExecutor.execute(TestSuiteExecutor.java:91)
	at com.kms.katalon.core.main.TestCaseMain.startTestSuite(TestCaseMain.java:157)
	at com.kms.katalon.core.main.TestCaseMain$startTestSuite$0.call(Unknown Source)
	at TempTestSuite1572621097330.run(TempTestSuite1572621097330.groovy:36)
Caused by: com.kms.katalon.core.exception.StepFailedException: Text 'Helping you find the right trade or service' is not present on page  (Root cause: com.kms.katalon.core.exception.StepFailedException: Text 'Helping you find the right trade or service' is not present on page 
	at com.kms.katalon.core.webui.keyword.internal.WebUIKeywordMain.stepFailed(WebUIKeywordMain.groovy:64)
	at com.kms.katalon.core.webui.keyword.builtin.VerifyTextPresentKeyword$_verifyTextPresent_closure1.doCall(VerifyTextPresentKeyword.groovy:79)
	at com.kms.katalon.core.webui.keyword.builtin.VerifyTextPresentKeyword$_verifyTextPresent_closure1.call(VerifyTextPresentKeyword.groovy)
	at com.kms.katalon.core.webui.keyword.internal.WebUIKeywordMain.runKeyword(WebUIKeywordMain.groovy:20)
	at com.kms.katalon.core.webui.keyword.builtin.VerifyTextPresentKeyword.verifyTextPresent(VerifyTextPresentKeyword.groovy:83)
	at com.kms.katalon.core.webui.keyword.builtin.VerifyTextPresentKeyword.execute(VerifyTextPresentKeyword.groovy:68)
	at com.kms.katalon.core.keyword.internal.KeywordExecutor.executeKeywordForPlatform(KeywordExecutor.groovy:60)
	at com.kms.katalon.core.webui.keyword.WebUiBuiltInKeywords.verifyTextPresent(WebUiBuiltInKeywords.groovy:1693)
	at com.kms.katalon.core.webui.keyword.WebUiBuiltInKeywords$verifyTextPresent$6.call(Unknown Source)
	at CAT_Home.run(CAT_Home:61)
	at com.kms.katalon.core.main.ScriptEngine.run(ScriptEngine.java:194)
	at com.kms.katalon.core.main.ScriptEngine.runScriptAsRawText(ScriptEngine.java:119)
	at com.kms.katalon.core.main.TestCaseExecutor.runScript(TestCaseExecutor.java:337)
	at com.kms.katalon.core.main.TestCaseExecutor.doExecute(TestCaseExecutor.java:328)
	at com.kms.katalon.core.main.TestCaseExecutor.processExecutionPhase(TestCaseExecutor.java:307)
	at com.kms.katalon.core.main.TestCaseExecutor.accessMainPhase(TestCaseExecutor.java:299)
	at com.kms.katalon.core.main.TestCaseExecutor.execute(TestCaseExecutor.java:233)
	at com.kms.katalon.core.main.TestCaseMain.runTestCase(TestCaseMain.java:114)
	at com.kms.katalon.core.keyword.builtin.CallTestCaseKeyword$_callTestCase_closure1.doCall(CallTestCaseKeyword.groovy:59)
	at com.kms.katalon.core.keyword.builtin.CallTestCaseKeyword$_callTestCase_closure1.call(CallTestCaseKeyword.groovy)
	at com.kms.katalon.core.keyword.internal.KeywordMain.runKeyword(KeywordMain.groovy:68)
	at com.kms.katalon.core.keyword.builtin.CallTestCaseKeyword.callTestCase(CallTestCaseKeyword.groovy:81)
	at com.kms.katalon.core.keyword.builtin.CallTestCaseKeyword.execute(CallTestCaseKeyword.groovy:44)
	at com.kms.katalon.core.keyword.internal.KeywordExecutor.executeKeywordForPlatform(KeywordExecutor.groovy:60)
	at com.kms.katalon.core.keyword.BuiltinKeywords.callTestCase(BuiltinKeywords.groovy:334)
	at Give_Feedback.run(Give_Feedback:117)
	at com.kms.katalon.core.main.ScriptEngine.run(ScriptEngine.java:194)
	at com.kms.katalon.core.main.ScriptEngine.runScriptAsRawText(ScriptEngine.java:119)
	at com.kms.katalon.core.main.TestCaseExecutor.runScript(TestCaseExecutor.java:337)
	at com.kms.katalon.core.main.TestCaseExecutor.doExecute(TestCaseExecutor.java:328)
	at com.kms.katalon.core.main.TestCaseExecutor.processExecutionPhase(TestCaseExecutor.java:307)
	at com.kms.katalon.core.main.TestCaseExecutor.accessMainPhase(TestCaseExecutor.java:299)
	at com.kms.katalon.core.main.TestCaseExecutor.execute(TestCaseExecutor.java:233)
	at com.kms.katalon.core.main.TestSuiteExecutor.accessTestCaseMainPhase(TestSuiteExecutor.java:169)
	at com.kms.katalon.core.main.TestSuiteExecutor.accessTestSuiteMainPhase(TestSuiteExecutor.java:142)
	at com.kms.katalon.core.main.TestSuiteExecutor.execute(TestSuiteExecutor.java:91)
	at com.kms.katalon.core.main.TestCaseMain.startTestSuite(TestCaseMain.java:157)
	at com.kms.katalon.core.main.TestCaseMain$startTestSuite$0.call(Unknown Source)
	at TempTestSuite1572621097330.run(TempTestSuite1572621097330.groovy:36)
)
	at com.kms.katalon.core.keyword.internal.KeywordMain.stepFailed(KeywordMain.groovy:39)
	at com.kms.katalon.core.webui.keyword.internal.WebUIKeywordMain.stepFailed(WebUIKeywordMain.groovy:64)
	at com.kms.katalon.core.webui.keyword.builtin.VerifyTextPresentKeyword$_verifyTextPresent_closure1.doCall(VerifyTextPresentKeyword.groovy:79)
	at com.kms.katalon.core.webui.keyword.builtin.VerifyTextPresentKeyword$_verifyTextPresent_closure1.call(VerifyTextPresentKeyword.groovy)
	at com.kms.katalon.core.webui.keyword.internal.WebUIKeywordMain.runKeyword(WebUIKeywordMain.groovy:20)
	at com.kms.katalon.core.webui.keyword.builtin.VerifyTextPresentKeyword.verifyTextPresent(VerifyTextPresentKeyword.groovy:83)
	at com.kms.katalon.core.webui.keyword.builtin.VerifyTextPresentKeyword.execute(VerifyTextPresentKeyword.groovy:68)
	at com.kms.katalon.core.keyword.internal.KeywordExecutor.executeKeywordForPlatform(KeywordExecutor.groovy:60)
	at com.kms.katalon.core.webui.keyword.WebUiBuiltInKeywords.verifyTextPresent(WebUiBuiltInKeywords.groovy:1693)
	at com.kms.katalon.core.webui.keyword.WebUiBuiltInKeywords$verifyTextPresent$6.call(Unknown Source)
	at CAT_Home.run(CAT_Home:61)
	at com.kms.katalon.core.main.ScriptEngine.run(ScriptEngine.java:194)
	at com.kms.katalon.core.main.ScriptEngine.runScriptAsRawText(ScriptEngine.java:119)
	at com.kms.katalon.core.main.TestCaseExecutor.runScript(TestCaseExecutor.java:337)
	at com.kms.katalon.core.main.TestCaseExecutor.doExecute(TestCaseExecutor.java:328)
	at com.kms.katalon.core.main.TestCaseExecutor.processExecutionPhase(TestCaseExecutor.java:307)
	at com.kms.katalon.core.main.TestCaseExecutor.accessMainPhase(TestCaseExecutor.java:299)
	at com.kms.katalon.core.main.TestCaseExecutor.execute(TestCaseExecutor.java:233)
	at com.kms.katalon.core.main.TestCaseMain.runTestCase(TestCaseMain.java:114)
	at com.kms.katalon.core.keyword.builtin.CallTestCaseKeyword$_callTestCase_closure1.doCall(CallTestCaseKeyword.groovy:59)
	... 20 more
Caused by: com.kms.katalon.core.exception.StepFailedException: Text 'Helping you find the right trade or service' is not present on page 
	... 39 more
)

2019-11-01 15:14:55 - [TEST_CASE][FAILED] - Test Cases/Reusable_Test_Sequences/CAT_Home: Test Cases/Reusable_Test_Sequences/CAT_Home FAILED.
Reason:
com.kms.katalon.core.exception.StepFailedException: Text 'Helping you find the right trade or service' is not present on page  (Root cause: com.kms.katalon.core.exception.StepFailedException: Text 'Helping you find the right trade or service' is not present on page 
	at com.kms.katalon.core.webui.keyword.internal.WebUIKeywordMain.stepFailed(WebUIKeywordMain.groovy:64)
	at com.kms.katalon.core.webui.keyword.builtin.VerifyTextPresentKeyword$_verifyTextPresent_closure1.doCall(VerifyTextPresentKeyword.groovy:79)
	at com.kms.katalon.core.webui.keyword.builtin.VerifyTextPresentKeyword$_verifyTextPresent_closure1.call(VerifyTextPresentKeyword.groovy)
	at com.kms.katalon.core.webui.keyword.internal.WebUIKeywordMain.runKeyword(WebUIKeywordMain.groovy:20)
	at com.kms.katalon.core.webui.keyword.builtin.VerifyTextPresentKeyword.verifyTextPresent(VerifyTextPresentKeyword.groovy:83)
	at com.kms.katalon.core.webui.keyword.builtin.VerifyTextPresentKeyword.execute(VerifyTextPresentKeyword.groovy:68)
	at com.kms.katalon.core.keyword.internal.KeywordExecutor.executeKeywordForPlatform(KeywordExecutor.groovy:60)
	at com.kms.katalon.core.webui.keyword.WebUiBuiltInKeywords.verifyTextPresent(WebUiBuiltInKeywords.groovy:1693)
	at com.kms.katalon.core.webui.keyword.WebUiBuiltInKeywords$verifyTextPresent$6.call(Unknown Source)
	at CAT_Home.run(CAT_Home:61)
	at com.kms.katalon.core.main.ScriptEngine.run(ScriptEngine.java:194)
	at com.kms.katalon.core.main.ScriptEngine.runScriptAsRawText(ScriptEngine.java:119)
	at com.kms.katalon.core.main.TestCaseExecutor.runScript(TestCaseExecutor.java:337)
	at com.kms.katalon.core.main.TestCaseExecutor.doExecute(TestCaseExecutor.java:328)
	at com.kms.katalon.core.main.TestCaseExecutor.processExecutionPhase(TestCaseExecutor.java:307)
	at com.kms.katalon.core.main.TestCaseExecutor.accessMainPhase(TestCaseExecutor.java:299)
	at com.kms.katalon.core.main.TestCaseExecutor.execute(TestCaseExecutor.java:233)
	at com.kms.katalon.core.main.TestCaseMain.runTestCase(TestCaseMain.java:114)
	at com.kms.katalon.core.keyword.builtin.CallTestCaseKeyword$_callTestCase_closure1.doCall(CallTestCaseKeyword.groovy:59)
	at com.kms.katalon.core.keyword.builtin.CallTestCaseKeyword$_callTestCase_closure1.call(CallTestCaseKeyword.groovy)
	at com.kms.katalon.core.keyword.internal.KeywordMain.runKeyword(KeywordMain.groovy:68)
	at com.kms.katalon.core.keyword.builtin.CallTestCaseKeyword.callTestCase(CallTestCaseKeyword.groovy:81)
	at com.kms.katalon.core.keyword.builtin.CallTestCaseKeyword.execute(CallTestCaseKeyword.groovy:44)
	at com.kms.katalon.core.keyword.internal.KeywordExecutor.executeKeywordForPlatform(KeywordExecutor.groovy:60)
	at com.kms.katalon.core.keyword.BuiltinKeywords.callTestCase(BuiltinKeywords.groovy:334)
	at Give_Feedback.run(Give_Feedback:117)
	at com.kms.katalon.core.main.ScriptEngine.run(ScriptEngine.java:194)
	at com.kms.katalon.core.main.ScriptEngine.runScriptAsRawText(ScriptEngine.java:119)
	at com.kms.katalon.core.main.TestCaseExecutor.runScript(TestCaseExecutor.java:337)
	at com.kms.katalon.core.main.TestCaseExecutor.doExecute(TestCaseExecutor.java:328)
	at com.kms.katalon.core.main.TestCaseExecutor.processExecutionPhase(TestCaseExecutor.java:307)
	at com.kms.katalon.core.main.TestCaseExecutor.accessMainPhase(TestCaseExecutor.java:299)
	at com.kms.katalon.core.main.TestCaseExecutor.execute(TestCaseExecutor.java:233)
	at com.kms.katalon.core.main.TestSuiteExecutor.accessTestCaseMainPhase(TestSuiteExecutor.java:169)
	at com.kms.katalon.core.main.TestSuiteExecutor.accessTestSuiteMainPhase(TestSuiteExecutor.java:142)
	at com.kms.katalon.core.main.TestSuiteExecutor.execute(TestSuiteExecutor.java:91)
	at com.kms.katalon.core.main.TestCaseMain.startTestSuite(TestCaseMain.java:157)
	at com.kms.katalon.core.main.TestCaseMain$startTestSuite$0.call(Unknown Source)
	at TempTestSuite1572621097330.run(TempTestSuite1572621097330.groovy:36)
)
	at com.kms.katalon.core.keyword.internal.KeywordMain.stepFailed(KeywordMain.groovy:39)
	at com.kms.katalon.core.webui.keyword.internal.WebUIKeywordMain.stepFailed(WebUIKeywordMain.groovy:64)
	at com.kms.katalon.core.webui.keyword.builtin.VerifyTextPresentKeyword$_verifyTextPresent_closure1.doCall(VerifyTextPresentKeyword.groovy:79)
	at com.kms.katalon.core.webui.keyword.builtin.VerifyTextPresentKeyword$_verifyTextPresent_closure1.call(VerifyTextPresentKeyword.groovy)
	at com.kms.katalon.core.webui.keyword.internal.WebUIKeywordMain.runKeyword(WebUIKeywordMain.groovy:20)
	at com.kms.katalon.core.webui.keyword.builtin.VerifyTextPresentKeyword.verifyTextPresent(VerifyTextPresentKeyword.groovy:83)
	at com.kms.katalon.core.webui.keyword.builtin.VerifyTextPresentKeyword.execute(VerifyTextPresentKeyword.groovy:68)
	at com.kms.katalon.core.keyword.internal.KeywordExecutor.executeKeywordForPlatform(KeywordExecutor.groovy:60)
	at com.kms.katalon.core.webui.keyword.WebUiBuiltInKeywords.verifyTextPresent(WebUiBuiltInKeywords.groovy:1693)
	at com.kms.katalon.core.webui.keyword.WebUiBuiltInKeywords$verifyTextPresent$6.call(Unknown Source)
	at CAT_Home.run(CAT_Home:61)
	at com.kms.katalon.core.main.ScriptEngine.run(ScriptEngine.java:194)
	at com.kms.katalon.core.main.ScriptEngine.runScriptAsRawText(ScriptEngine.java:119)
	at com.kms.katalon.core.main.TestCaseExecutor.runScript(TestCaseExecutor.java:337)
	at com.kms.katalon.core.main.TestCaseExecutor.doExecute(TestCaseExecutor.java:328)
	at com.kms.katalon.core.main.TestCaseExecutor.processExecutionPhase(TestCaseExecutor.java:307)
	at com.kms.katalon.core.main.TestCaseExecutor.accessMainPhase(TestCaseExecutor.java:299)
	at com.kms.katalon.core.main.TestCaseExecutor.execute(TestCaseExecutor.java:233)
	at com.kms.katalon.core.main.TestCaseMain.runTestCase(TestCaseMain.java:114)
	at com.kms.katalon.core.keyword.builtin.CallTestCaseKeyword$_callTestCase_closure1.doCall(CallTestCaseKeyword.groovy:59)
	at com.kms.katalon.core.keyword.builtin.CallTestCaseKeyword$_callTestCase_closure1.call(CallTestCaseKeyword.groovy)
	at com.kms.katalon.core.keyword.internal.KeywordMain.runKeyword(KeywordMain.groovy:68)
	at com.kms.katalon.core.keyword.builtin.CallTestCaseKeyword.callTestCase(CallTestCaseKeyword.groovy:81)
	at com.kms.katalon.core.keyword.builtin.CallTestCaseKeyword.execute(CallTestCaseKeyword.groovy:44)
	at com.kms.katalon.core.keyword.internal.KeywordExecutor.executeKeywordForPlatform(KeywordExecutor.groovy:60)
	at com.kms.katalon.core.keyword.BuiltinKeywords.callTestCase(BuiltinKeywords.groovy:334)
	at Give_Feedback.run(Give_Feedback:117)
	at com.kms.katalon.core.main.ScriptEngine.run(ScriptEngine.java:194)
	at com.kms.katalon.core.main.ScriptEngine.runScriptAsRawText(ScriptEngine.java:119)
	at com.kms.katalon.core.main.TestCaseExecutor.runScript(TestCaseExecutor.java:337)
	at com.kms.katalon.core.main.TestCaseExecutor.doExecute(TestCaseExecutor.java:328)
	at com.kms.katalon.core.main.TestCaseExecutor.processExecutionPhase(TestCaseExecutor.java:307)
	at com.kms.katalon.core.main.TestCaseExecutor.accessMainPhase(TestCaseExecutor.java:299)
	at com.kms.katalon.core.main.TestCaseExecutor.execute(TestCaseExecutor.java:233)
	at com.kms.katalon.core.main.TestSuiteExecutor.accessTestCaseMainPhase(TestSuiteExecutor.java:169)
	at com.kms.katalon.core.main.TestSuiteExecutor.accessTestSuiteMainPhase(TestSuiteExecutor.java:142)
	at com.kms.katalon.core.main.TestSuiteExecutor.execute(TestSuiteExecutor.java:91)
	at com.kms.katalon.core.main.TestCaseMain.startTestSuite(TestCaseMain.java:157)
	at com.kms.katalon.core.main.TestCaseMain$startTestSuite$0.call(Unknown Source)
	at TempTestSuite1572621097330.run(TempTestSuite1572621097330.groovy:36)
Caused by: com.kms.katalon.core.exception.StepFailedException: Text 'Helping you find the right trade or service' is not present on page 
	... 39 more


2019-11-01 15:14:55 - [TEST_STEP][PASSED] - waitForPageLoad(2): Wait for page load successfully

2019-11-01 15:14:55 - [MESSAGE][PASSED] - Wait for page load successfully

2019-11-01 15:14:55 - [TEST_STEP][PASSED] - waitForElementVisible(findTestObject("Object Repository/Checkatrade_Trade_Search_Page/Page_Checkatrade Find a tradesperson you can trust/a_Search"), 10): Web element with id: 'Object Repository/Checkatrade_Trade_Search_Page/Page_Checkatrade Find a tradesperson you can trust/a_Search' located by 'By.xpath: //*[(text() = 'Search' or . = 'Search')]' not found

2019-11-01 15:15:05 - [MESSAGE][INFO] - Unable to find the element located by 'By.xpath: //*[(text() = 'Search' or . = 'Search')]'. Please recheck the objects properties to make sure the desired element is located. 

2019-11-01 15:15:06 - [MESSAGE][WARNING] - Web element with id: 'Object Repository/Checkatrade_Trade_Search_Page/Page_Checkatrade Find a tradesperson you can trust/a_Search' located by 'By.xpath: //*[(text() = 'Search' or . = 'Search')]' not found

2019-11-01 15:15:06 - [TEST_STEP][PASSED] - "------------------------------------": null

2019-11-01 15:15:06 - [TEST_STEP][FAILED] - verifyTextPresent("Helping you find the right trade or service", false): Text 'Helping you find the right trade or service' is not present on page  (Root cause: com.kms.katalon.core.exception.StepFailedException: Text 'Helping you find the right trade or service' is not present on page 
	at com.kms.katalon.core.webui.keyword.internal.WebUIKeywordMain.stepFailed(WebUIKeywordMain.groovy:64)
	at com.kms.katalon.core.webui.keyword.builtin.VerifyTextPresentKeyword$_verifyTextPresent_closure1.doCall(VerifyTextPresentKeyword.groovy:79)
	at com.kms.katalon.core.webui.keyword.builtin.VerifyTextPresentKeyword$_verifyTextPresent_closure1.call(VerifyTextPresentKeyword.groovy)
	at com.kms.katalon.core.webui.keyword.internal.WebUIKeywordMain.runKeyword(WebUIKeywordMain.groovy:20)
	at com.kms.katalon.core.webui.keyword.builtin.VerifyTextPresentKeyword.verifyTextPresent(VerifyTextPresentKeyword.groovy:83)
	at com.kms.katalon.core.webui.keyword.builtin.VerifyTextPresentKeyword.execute(VerifyTextPresentKeyword.groovy:68)
	at com.kms.katalon.core.keyword.internal.KeywordExecutor.executeKeywordForPlatform(KeywordExecutor.groovy:60)
	at com.kms.katalon.core.webui.keyword.WebUiBuiltInKeywords.verifyTextPresent(WebUiBuiltInKeywords.groovy:1693)
	at com.kms.katalon.core.webui.keyword.WebUiBuiltInKeywords$verifyTextPresent$6.call(Unknown Source)
	at CAT_Home.run(CAT_Home:61)
	at com.kms.katalon.core.main.ScriptEngine.run(ScriptEngine.java:194)
	at com.kms.katalon.core.main.ScriptEngine.runScriptAsRawText(ScriptEngine.java:119)
	at com.kms.katalon.core.main.TestCaseExecutor.runScript(TestCaseExecutor.java:337)
	at com.kms.katalon.core.main.TestCaseExecutor.doExecute(TestCaseExecutor.java:328)
	at com.kms.katalon.core.main.TestCaseExecutor.processExecutionPhase(TestCaseExecutor.java:307)
	at com.kms.katalon.core.main.TestCaseExecutor.accessMainPhase(TestCaseExecutor.java:299)
	at com.kms.katalon.core.main.TestCaseExecutor.execute(TestCaseExecutor.java:233)
	at com.kms.katalon.core.main.TestCaseMain.runTestCase(TestCaseMain.java:114)
	at com.kms.katalon.core.keyword.builtin.CallTestCaseKeyword$_callTestCase_closure1.doCall(CallTestCaseKeyword.groovy:59)
	at com.kms.katalon.core.keyword.builtin.CallTestCaseKeyword$_callTestCase_closure1.call(CallTestCaseKeyword.groovy)
	at com.kms.katalon.core.keyword.internal.KeywordMain.runKeyword(KeywordMain.groovy:68)
	at com.kms.katalon.core.keyword.builtin.CallTestCaseKeyword.callTestCase(CallTestCaseKeyword.groovy:81)
	at com.kms.katalon.core.keyword.builtin.CallTestCaseKeyword.execute(CallTestCaseKeyword.groovy:44)
	at com.kms.katalon.core.keyword.internal.KeywordExecutor.executeKeywordForPlatform(KeywordExecutor.groovy:60)
	at com.kms.katalon.core.keyword.BuiltinKeywords.callTestCase(BuiltinKeywords.groovy:334)
	at Give_Feedback.run(Give_Feedback:117)
	at com.kms.katalon.core.main.ScriptEngine.run(ScriptEngine.java:194)
	at com.kms.katalon.core.main.ScriptEngine.runScriptAsRawText(ScriptEngine.java:119)
	at com.kms.katalon.core.main.TestCaseExecutor.runScript(TestCaseExecutor.java:337)
	at com.kms.katalon.core.main.TestCaseExecutor.doExecute(TestCaseExecutor.java:328)
	at com.kms.katalon.core.main.TestCaseExecutor.processExecutionPhase(TestCaseExecutor.java:307)
	at com.kms.katalon.core.main.TestCaseExecutor.accessMainPhase(TestCaseExecutor.java:299)
	at com.kms.katalon.core.main.TestCaseExecutor.execute(TestCaseExecutor.java:233)
	at com.kms.katalon.core.main.TestSuiteExecutor.accessTestCaseMainPhase(TestSuiteExecutor.java:169)
	at com.kms.katalon.core.main.TestSuiteExecutor.accessTestSuiteMainPhase(TestSuiteExecutor.java:142)
	at com.kms.katalon.core.main.TestSuiteExecutor.execute(TestSuiteExecutor.java:91)
	at com.kms.katalon.core.main.TestCaseMain.startTestSuite(TestCaseMain.java:157)
	at com.kms.katalon.core.main.TestCaseMain$startTestSuite$0.call(Unknown Source)
	at TempTestSuite1572621097330.run(TempTestSuite1572621097330.groovy:36)
)

2019-11-01 15:15:06 - [MESSAGE][FAILED] - Text 'Helping you find the right trade or service' is not present on page  (Root cause: com.kms.katalon.core.exception.StepFailedException: Text 'Helping you find the right trade or service' is not present on page 
	at com.kms.katalon.core.webui.keyword.internal.WebUIKeywordMain.stepFailed(WebUIKeywordMain.groovy:64)
	at com.kms.katalon.core.webui.keyword.builtin.VerifyTextPresentKeyword$_verifyTextPresent_closure1.doCall(VerifyTextPresentKeyword.groovy:79)
	at com.kms.katalon.core.webui.keyword.builtin.VerifyTextPresentKeyword$_verifyTextPresent_closure1.call(VerifyTextPresentKeyword.groovy)
	at com.kms.katalon.core.webui.keyword.internal.WebUIKeywordMain.runKeyword(WebUIKeywordMain.groovy:20)
	at com.kms.katalon.core.webui.keyword.builtin.VerifyTextPresentKeyword.verifyTextPresent(VerifyTextPresentKeyword.groovy:83)
	at com.kms.katalon.core.webui.keyword.builtin.VerifyTextPresentKeyword.execute(VerifyTextPresentKeyword.groovy:68)
	at com.kms.katalon.core.keyword.internal.KeywordExecutor.executeKeywordForPlatform(KeywordExecutor.groovy:60)
	at com.kms.katalon.core.webui.keyword.WebUiBuiltInKeywords.verifyTextPresent(WebUiBuiltInKeywords.groovy:1693)
	at com.kms.katalon.core.webui.keyword.WebUiBuiltInKeywords$verifyTextPresent$6.call(Unknown Source)
	at CAT_Home.run(CAT_Home:61)
	at com.kms.katalon.core.main.ScriptEngine.run(ScriptEngine.java:194)
	at com.kms.katalon.core.main.ScriptEngine.runScriptAsRawText(ScriptEngine.java:119)
	at com.kms.katalon.core.main.TestCaseExecutor.runScript(TestCaseExecutor.java:337)
	at com.kms.katalon.core.main.TestCaseExecutor.doExecute(TestCaseExecutor.java:328)
	at com.kms.katalon.core.main.TestCaseExecutor.processExecutionPhase(TestCaseExecutor.java:307)
	at com.kms.katalon.core.main.TestCaseExecutor.accessMainPhase(TestCaseExecutor.java:299)
	at com.kms.katalon.core.main.TestCaseExecutor.execute(TestCaseExecutor.java:233)
	at com.kms.katalon.core.main.TestCaseMain.runTestCase(TestCaseMain.java:114)
	at com.kms.katalon.core.keyword.builtin.CallTestCaseKeyword$_callTestCase_closure1.doCall(CallTestCaseKeyword.groovy:59)
	at com.kms.katalon.core.keyword.builtin.CallTestCaseKeyword$_callTestCase_closure1.call(CallTestCaseKeyword.groovy)
	at com.kms.katalon.core.keyword.internal.KeywordMain.runKeyword(KeywordMain.groovy:68)
	at com.kms.katalon.core.keyword.builtin.CallTestCaseKeyword.callTestCase(CallTestCaseKeyword.groovy:81)
	at com.kms.katalon.core.keyword.builtin.CallTestCaseKeyword.execute(CallTestCaseKeyword.groovy:44)
	at com.kms.katalon.core.keyword.internal.KeywordExecutor.executeKeywordForPlatform(KeywordExecutor.groovy:60)
	at com.kms.katalon.core.keyword.BuiltinKeywords.callTestCase(BuiltinKeywords.groovy:334)
	at Give_Feedback.run(Give_Feedback:117)
	at com.kms.katalon.core.main.ScriptEngine.run(ScriptEngine.java:194)
	at com.kms.katalon.core.main.ScriptEngine.runScriptAsRawText(ScriptEngine.java:119)
	at com.kms.katalon.core.main.TestCaseExecutor.runScript(TestCaseExecutor.java:337)
	at com.kms.katalon.core.main.TestCaseExecutor.doExecute(TestCaseExecutor.java:328)
	at com.kms.katalon.core.main.TestCaseExecutor.processExecutionPhase(TestCaseExecutor.java:307)
	at com.kms.katalon.core.main.TestCaseExecutor.accessMainPhase(TestCaseExecutor.java:299)
	at com.kms.katalon.core.main.TestCaseExecutor.execute(TestCaseExecutor.java:233)
	at com.kms.katalon.core.main.TestSuiteExecutor.accessTestCaseMainPhase(TestSuiteExecutor.java:169)
	at com.kms.katalon.core.main.TestSuiteExecutor.accessTestSuiteMainPhase(TestSuiteExecutor.java:142)
	at com.kms.katalon.core.main.TestSuiteExecutor.execute(TestSuiteExecutor.java:91)
	at com.kms.katalon.core.main.TestCaseMain.startTestSuite(TestCaseMain.java:157)
	at com.kms.katalon.core.main.TestCaseMain$startTestSuite$0.call(Unknown Source)
	at TempTestSuite1572621097330.run(TempTestSuite1572621097330.groovy:36)
)

2019-11-01 15:15:06 - [TEST_STEP][FAILED] - verifyTextPresent("Search through over", false): Text 'Search through over' is not present on page  (Root cause: com.kms.katalon.core.exception.StepFailedException: Text 'Search through over' is not present on page 
	at com.kms.katalon.core.webui.keyword.internal.WebUIKeywordMain.stepFailed(WebUIKeywordMain.groovy:64)
	at com.kms.katalon.core.webui.keyword.builtin.VerifyTextPresentKeyword$_verifyTextPresent_closure1.doCall(VerifyTextPresentKeyword.groovy:79)
	at com.kms.katalon.core.webui.keyword.builtin.VerifyTextPresentKeyword$_verifyTextPresent_closure1.call(VerifyTextPresentKeyword.groovy)
	at com.kms.katalon.core.webui.keyword.internal.WebUIKeywordMain.runKeyword(WebUIKeywordMain.groovy:20)
	at com.kms.katalon.core.webui.keyword.builtin.VerifyTextPresentKeyword.verifyTextPresent(VerifyTextPresentKeyword.groovy:83)
	at com.kms.katalon.core.webui.keyword.builtin.VerifyTextPresentKeyword.execute(VerifyTextPresentKeyword.groovy:68)
	at com.kms.katalon.core.keyword.internal.KeywordExecutor.executeKeywordForPlatform(KeywordExecutor.groovy:60)
	at com.kms.katalon.core.webui.keyword.WebUiBuiltInKeywords.verifyTextPresent(WebUiBuiltInKeywords.groovy:1693)
	at com.kms.katalon.core.webui.keyword.WebUiBuiltInKeywords$verifyTextPresent$6.call(Unknown Source)
	at CAT_Home.run(CAT_Home:64)
	at com.kms.katalon.core.main.ScriptEngine.run(ScriptEngine.java:194)
	at com.kms.katalon.core.main.ScriptEngine.runScriptAsRawText(ScriptEngine.java:119)
	at com.kms.katalon.core.main.TestCaseExecutor.runScript(TestCaseExecutor.java:337)
	at com.kms.katalon.core.main.TestCaseExecutor.doExecute(TestCaseExecutor.java:328)
	at com.kms.katalon.core.main.TestCaseExecutor.processExecutionPhase(TestCaseExecutor.java:307)
	at com.kms.katalon.core.main.TestCaseExecutor.accessMainPhase(TestCaseExecutor.java:299)
	at com.kms.katalon.core.main.TestCaseExecutor.execute(TestCaseExecutor.java:233)
	at com.kms.katalon.core.main.TestCaseMain.runTestCase(TestCaseMain.java:114)
	at com.kms.katalon.core.keyword.builtin.CallTestCaseKeyword$_callTestCase_closure1.doCall(CallTestCaseKeyword.groovy:59)
	at com.kms.katalon.core.keyword.builtin.CallTestCaseKeyword$_callTestCase_closure1.call(CallTestCaseKeyword.groovy)
	at com.kms.katalon.core.keyword.internal.KeywordMain.runKeyword(KeywordMain.groovy:68)
	at com.kms.katalon.core.keyword.builtin.CallTestCaseKeyword.callTestCase(CallTestCaseKeyword.groovy:81)
	at com.kms.katalon.core.keyword.builtin.CallTestCaseKeyword.execute(CallTestCaseKeyword.groovy:44)
	at com.kms.katalon.core.keyword.internal.KeywordExecutor.executeKeywordForPlatform(KeywordExecutor.groovy:60)
	at com.kms.katalon.core.keyword.BuiltinKeywords.callTestCase(BuiltinKeywords.groovy:334)
	at Give_Feedback.run(Give_Feedback:117)
	at com.kms.katalon.core.main.ScriptEngine.run(ScriptEngine.java:194)
	at com.kms.katalon.core.main.ScriptEngine.runScriptAsRawText(ScriptEngine.java:119)
	at com.kms.katalon.core.main.TestCaseExecutor.runScript(TestCaseExecutor.java:337)
	at com.kms.katalon.core.main.TestCaseExecutor.doExecute(TestCaseExecutor.java:328)
	at com.kms.katalon.core.main.TestCaseExecutor.processExecutionPhase(TestCaseExecutor.java:307)
	at com.kms.katalon.core.main.TestCaseExecutor.accessMainPhase(TestCaseExecutor.java:299)
	at com.kms.katalon.core.main.TestCaseExecutor.execute(TestCaseExecutor.java:233)
	at com.kms.katalon.core.main.TestSuiteExecutor.accessTestCaseMainPhase(TestSuiteExecutor.java:169)
	at com.kms.katalon.core.main.TestSuiteExecutor.accessTestSuiteMainPhase(TestSuiteExecutor.java:142)
	at com.kms.katalon.core.main.TestSuiteExecutor.execute(TestSuiteExecutor.java:91)
	at com.kms.katalon.core.main.TestCaseMain.startTestSuite(TestCaseMain.java:157)
	at com.kms.katalon.core.main.TestCaseMain$startTestSuite$0.call(Unknown Source)
	at TempTestSuite1572621097330.run(TempTestSuite1572621097330.groovy:36)
)

2019-11-01 15:15:06 - [MESSAGE][FAILED] - Text 'Search through over' is not present on page  (Root cause: com.kms.katalon.core.exception.StepFailedException: Text 'Search through over' is not present on page 
	at com.kms.katalon.core.webui.keyword.internal.WebUIKeywordMain.stepFailed(WebUIKeywordMain.groovy:64)
	at com.kms.katalon.core.webui.keyword.builtin.VerifyTextPresentKeyword$_verifyTextPresent_closure1.doCall(VerifyTextPresentKeyword.groovy:79)
	at com.kms.katalon.core.webui.keyword.builtin.VerifyTextPresentKeyword$_verifyTextPresent_closure1.call(VerifyTextPresentKeyword.groovy)
	at com.kms.katalon.core.webui.keyword.internal.WebUIKeywordMain.runKeyword(WebUIKeywordMain.groovy:20)
	at com.kms.katalon.core.webui.keyword.builtin.VerifyTextPresentKeyword.verifyTextPresent(VerifyTextPresentKeyword.groovy:83)
	at com.kms.katalon.core.webui.keyword.builtin.VerifyTextPresentKeyword.execute(VerifyTextPresentKeyword.groovy:68)
	at com.kms.katalon.core.keyword.internal.KeywordExecutor.executeKeywordForPlatform(KeywordExecutor.groovy:60)
	at com.kms.katalon.core.webui.keyword.WebUiBuiltInKeywords.verifyTextPresent(WebUiBuiltInKeywords.groovy:1693)
	at com.kms.katalon.core.webui.keyword.WebUiBuiltInKeywords$verifyTextPresent$6.call(Unknown Source)
	at CAT_Home.run(CAT_Home:64)
	at com.kms.katalon.core.main.ScriptEngine.run(ScriptEngine.java:194)
	at com.kms.katalon.core.main.ScriptEngine.runScriptAsRawText(ScriptEngine.java:119)
	at com.kms.katalon.core.main.TestCaseExecutor.runScript(TestCaseExecutor.java:337)
	at com.kms.katalon.core.main.TestCaseExecutor.doExecute(TestCaseExecutor.java:328)
	at com.kms.katalon.core.main.TestCaseExecutor.processExecutionPhase(TestCaseExecutor.java:307)
	at com.kms.katalon.core.main.TestCaseExecutor.accessMainPhase(TestCaseExecutor.java:299)
	at com.kms.katalon.core.main.TestCaseExecutor.execute(TestCaseExecutor.java:233)
	at com.kms.katalon.core.main.TestCaseMain.runTestCase(TestCaseMain.java:114)
	at com.kms.katalon.core.keyword.builtin.CallTestCaseKeyword$_callTestCase_closure1.doCall(CallTestCaseKeyword.groovy:59)
	at com.kms.katalon.core.keyword.builtin.CallTestCaseKeyword$_callTestCase_closure1.call(CallTestCaseKeyword.groovy)
	at com.kms.katalon.core.keyword.internal.KeywordMain.runKeyword(KeywordMain.groovy:68)
	at com.kms.katalon.core.keyword.builtin.CallTestCaseKeyword.callTestCase(CallTestCaseKeyword.groovy:81)
	at com.kms.katalon.core.keyword.builtin.CallTestCaseKeyword.execute(CallTestCaseKeyword.groovy:44)
	at com.kms.katalon.core.keyword.internal.KeywordExecutor.executeKeywordForPlatform(KeywordExecutor.groovy:60)
	at com.kms.katalon.core.keyword.BuiltinKeywords.callTestCase(BuiltinKeywords.groovy:334)
	at Give_Feedback.run(Give_Feedback:117)
	at com.kms.katalon.core.main.ScriptEngine.run(ScriptEngine.java:194)
	at com.kms.katalon.core.main.ScriptEngine.runScriptAsRawText(ScriptEngine.java:119)
	at com.kms.katalon.core.main.TestCaseExecutor.runScript(TestCaseExecutor.java:337)
	at com.kms.katalon.core.main.TestCaseExecutor.doExecute(TestCaseExecutor.java:328)
	at com.kms.katalon.core.main.TestCaseExecutor.processExecutionPhase(TestCaseExecutor.java:307)
	at com.kms.katalon.core.main.TestCaseExecutor.accessMainPhase(TestCaseExecutor.java:299)
	at com.kms.katalon.core.main.TestCaseExecutor.execute(TestCaseExecutor.java:233)
	at com.kms.katalon.core.main.TestSuiteExecutor.accessTestCaseMainPhase(TestSuiteExecutor.java:169)
	at com.kms.katalon.core.main.TestSuiteExecutor.accessTestSuiteMainPhase(TestSuiteExecutor.java:142)
	at com.kms.katalon.core.main.TestSuiteExecutor.execute(TestSuiteExecutor.java:91)
	at com.kms.katalon.core.main.TestCaseMain.startTestSuite(TestCaseMain.java:157)
	at com.kms.katalon.core.main.TestCaseMain$startTestSuite$0.call(Unknown Source)
	at TempTestSuite1572621097330.run(TempTestSuite1572621097330.groovy:36)
)

2019-11-01 15:15:06 - [TEST_STEP][FAILED] - verifyTextPresent("recommended, vetted and monitored trades and service providers for free.", false): Text 'recommended, vetted and monitored trades and service providers for free.' is not present on page  (Root cause: com.kms.katalon.core.exception.StepFailedException: Text 'recommended, vetted and monitored trades and service providers for free.' is not present on page 
	at com.kms.katalon.core.webui.keyword.internal.WebUIKeywordMain.stepFailed(WebUIKeywordMain.groovy:64)
	at com.kms.katalon.core.webui.keyword.builtin.VerifyTextPresentKeyword$_verifyTextPresent_closure1.doCall(VerifyTextPresentKeyword.groovy:79)
	at com.kms.katalon.core.webui.keyword.builtin.VerifyTextPresentKeyword$_verifyTextPresent_closure1.call(VerifyTextPresentKeyword.groovy)
	at com.kms.katalon.core.webui.keyword.internal.WebUIKeywordMain.runKeyword(WebUIKeywordMain.groovy:20)
	at com.kms.katalon.core.webui.keyword.builtin.VerifyTextPresentKeyword.verifyTextPresent(VerifyTextPresentKeyword.groovy:83)
	at com.kms.katalon.core.webui.keyword.builtin.VerifyTextPresentKeyword.execute(VerifyTextPresentKeyword.groovy:68)
	at com.kms.katalon.core.keyword.internal.KeywordExecutor.executeKeywordForPlatform(KeywordExecutor.groovy:60)
	at com.kms.katalon.core.webui.keyword.WebUiBuiltInKeywords.verifyTextPresent(WebUiBuiltInKeywords.groovy:1693)
	at com.kms.katalon.core.webui.keyword.WebUiBuiltInKeywords$verifyTextPresent$6.call(Unknown Source)
	at CAT_Home.run(CAT_Home:67)
	at com.kms.katalon.core.main.ScriptEngine.run(ScriptEngine.java:194)
	at com.kms.katalon.core.main.ScriptEngine.runScriptAsRawText(ScriptEngine.java:119)
	at com.kms.katalon.core.main.TestCaseExecutor.runScript(TestCaseExecutor.java:337)
	at com.kms.katalon.core.main.TestCaseExecutor.doExecute(TestCaseExecutor.java:328)
	at com.kms.katalon.core.main.TestCaseExecutor.processExecutionPhase(TestCaseExecutor.java:307)
	at com.kms.katalon.core.main.TestCaseExecutor.accessMainPhase(TestCaseExecutor.java:299)
	at com.kms.katalon.core.main.TestCaseExecutor.execute(TestCaseExecutor.java:233)
	at com.kms.katalon.core.main.TestCaseMain.runTestCase(TestCaseMain.java:114)
	at com.kms.katalon.core.keyword.builtin.CallTestCaseKeyword$_callTestCase_closure1.doCall(CallTestCaseKeyword.groovy:59)
	at com.kms.katalon.core.keyword.builtin.CallTestCaseKeyword$_callTestCase_closure1.call(CallTestCaseKeyword.groovy)
	at com.kms.katalon.core.keyword.internal.KeywordMain.runKeyword(KeywordMain.groovy:68)
	at com.kms.katalon.core.keyword.builtin.CallTestCaseKeyword.callTestCase(CallTestCaseKeyword.groovy:81)
	at com.kms.katalon.core.keyword.builtin.CallTestCaseKeyword.execute(CallTestCaseKeyword.groovy:44)
	at com.kms.katalon.core.keyword.internal.KeywordExecutor.executeKeywordForPlatform(KeywordExecutor.groovy:60)
	at com.kms.katalon.core.keyword.BuiltinKeywords.callTestCase(BuiltinKeywords.groovy:334)
	at Give_Feedback.run(Give_Feedback:117)
	at com.kms.katalon.core.main.ScriptEngine.run(ScriptEngine.java:194)
	at com.kms.katalon.core.main.ScriptEngine.runScriptAsRawText(ScriptEngine.java:119)
	at com.kms.katalon.core.main.TestCaseExecutor.runScript(TestCaseExecutor.java:337)
	at com.kms.katalon.core.main.TestCaseExecutor.doExecute(TestCaseExecutor.java:328)
	at com.kms.katalon.core.main.TestCaseExecutor.processExecutionPhase(TestCaseExecutor.java:307)
	at com.kms.katalon.core.main.TestCaseExecutor.accessMainPhase(TestCaseExecutor.java:299)
	at com.kms.katalon.core.main.TestCaseExecutor.execute(TestCaseExecutor.java:233)
	at com.kms.katalon.core.main.TestSuiteExecutor.accessTestCaseMainPhase(TestSuiteExecutor.java:169)
	at com.kms.katalon.core.main.TestSuiteExecutor.accessTestSuiteMainPhase(TestSuiteExecutor.java:142)
	at com.kms.katalon.core.main.TestSuiteExecutor.execute(TestSuiteExecutor.java:91)
	at com.kms.katalon.core.main.TestCaseMain.startTestSuite(TestCaseMain.java:157)
	at com.kms.katalon.core.main.TestCaseMain$startTestSuite$0.call(Unknown Source)
	at TempTestSuite1572621097330.run(TempTestSuite1572621097330.groovy:36)
)

2019-11-01 15:15:06 - [MESSAGE][FAILED] - Text 'recommended, vetted and monitored trades and service providers for free.' is not present on page  (Root cause: com.kms.katalon.core.exception.StepFailedException: Text 'recommended, vetted and monitored trades and service providers for free.' is not present on page 
	at com.kms.katalon.core.webui.keyword.internal.WebUIKeywordMain.stepFailed(WebUIKeywordMain.groovy:64)
	at com.kms.katalon.core.webui.keyword.builtin.VerifyTextPresentKeyword$_verifyTextPresent_closure1.doCall(VerifyTextPresentKeyword.groovy:79)
	at com.kms.katalon.core.webui.keyword.builtin.VerifyTextPresentKeyword$_verifyTextPresent_closure1.call(VerifyTextPresentKeyword.groovy)
	at com.kms.katalon.core.webui.keyword.internal.WebUIKeywordMain.runKeyword(WebUIKeywordMain.groovy:20)
	at com.kms.katalon.core.webui.keyword.builtin.VerifyTextPresentKeyword.verifyTextPresent(VerifyTextPresentKeyword.groovy:83)
	at com.kms.katalon.core.webui.keyword.builtin.VerifyTextPresentKeyword.execute(VerifyTextPresentKeyword.groovy:68)
	at com.kms.katalon.core.keyword.internal.KeywordExecutor.executeKeywordForPlatform(KeywordExecutor.groovy:60)
	at com.kms.katalon.core.webui.keyword.WebUiBuiltInKeywords.verifyTextPresent(WebUiBuiltInKeywords.groovy:1693)
	at com.kms.katalon.core.webui.keyword.WebUiBuiltInKeywords$verifyTextPresent$6.call(Unknown Source)
	at CAT_Home.run(CAT_Home:67)
	at com.kms.katalon.core.main.ScriptEngine.run(ScriptEngine.java:194)
	at com.kms.katalon.core.main.ScriptEngine.runScriptAsRawText(ScriptEngine.java:119)
	at com.kms.katalon.core.main.TestCaseExecutor.runScript(TestCaseExecutor.java:337)
	at com.kms.katalon.core.main.TestCaseExecutor.doExecute(TestCaseExecutor.java:328)
	at com.kms.katalon.core.main.TestCaseExecutor.processExecutionPhase(TestCaseExecutor.java:307)
	at com.kms.katalon.core.main.TestCaseExecutor.accessMainPhase(TestCaseExecutor.java:299)
	at com.kms.katalon.core.main.TestCaseExecutor.execute(TestCaseExecutor.java:233)
	at com.kms.katalon.core.main.TestCaseMain.runTestCase(TestCaseMain.java:114)
	at com.kms.katalon.core.keyword.builtin.CallTestCaseKeyword$_callTestCase_closure1.doCall(CallTestCaseKeyword.groovy:59)
	at com.kms.katalon.core.keyword.builtin.CallTestCaseKeyword$_callTestCase_closure1.call(CallTestCaseKeyword.groovy)
	at com.kms.katalon.core.keyword.internal.KeywordMain.runKeyword(KeywordMain.groovy:68)
	at com.kms.katalon.core.keyword.builtin.CallTestCaseKeyword.callTestCase(CallTestCaseKeyword.groovy:81)
	at com.kms.katalon.core.keyword.builtin.CallTestCaseKeyword.execute(CallTestCaseKeyword.groovy:44)
	at com.kms.katalon.core.keyword.internal.KeywordExecutor.executeKeywordForPlatform(KeywordExecutor.groovy:60)
	at com.kms.katalon.core.keyword.BuiltinKeywords.callTestCase(BuiltinKeywords.groovy:334)
	at Give_Feedback.run(Give_Feedback:117)
	at com.kms.katalon.core.main.ScriptEngine.run(ScriptEngine.java:194)
	at com.kms.katalon.core.main.ScriptEngine.runScriptAsRawText(ScriptEngine.java:119)
	at com.kms.katalon.core.main.TestCaseExecutor.runScript(TestCaseExecutor.java:337)
	at com.kms.katalon.core.main.TestCaseExecutor.doExecute(TestCaseExecutor.java:328)
	at com.kms.katalon.core.main.TestCaseExecutor.processExecutionPhase(TestCaseExecutor.java:307)
	at com.kms.katalon.core.main.TestCaseExecutor.accessMainPhase(TestCaseExecutor.java:299)
	at com.kms.katalon.core.main.TestCaseExecutor.execute(TestCaseExecutor.java:233)
	at com.kms.katalon.core.main.TestSuiteExecutor.accessTestCaseMainPhase(TestSuiteExecutor.java:169)
	at com.kms.katalon.core.main.TestSuiteExecutor.accessTestSuiteMainPhase(TestSuiteExecutor.java:142)
	at com.kms.katalon.core.main.TestSuiteExecutor.execute(TestSuiteExecutor.java:91)
	at com.kms.katalon.core.main.TestCaseMain.startTestSuite(TestCaseMain.java:157)
	at com.kms.katalon.core.main.TestCaseMain$startTestSuite$0.call(Unknown Source)
	at TempTestSuite1572621097330.run(TempTestSuite1572621097330.groovy:36)
)

2019-11-01 15:15:06 - [TEST_STEP][FAILED] - verifyTextPresent("or look up a member by name", false): Text 'or look up a member by name' is not present on page  (Root cause: com.kms.katalon.core.exception.StepFailedException: Text 'or look up a member by name' is not present on page 
	at com.kms.katalon.core.webui.keyword.internal.WebUIKeywordMain.stepFailed(WebUIKeywordMain.groovy:64)
	at com.kms.katalon.core.webui.keyword.builtin.VerifyTextPresentKeyword$_verifyTextPresent_closure1.doCall(VerifyTextPresentKeyword.groovy:79)
	at com.kms.katalon.core.webui.keyword.builtin.VerifyTextPresentKeyword$_verifyTextPresent_closure1.call(VerifyTextPresentKeyword.groovy)
	at com.kms.katalon.core.webui.keyword.internal.WebUIKeywordMain.runKeyword(WebUIKeywordMain.groovy:20)
	at com.kms.katalon.core.webui.keyword.builtin.VerifyTextPresentKeyword.verifyTextPresent(VerifyTextPresentKeyword.groovy:83)
	at com.kms.katalon.core.webui.keyword.builtin.VerifyTextPresentKeyword.execute(VerifyTextPresentKeyword.groovy:68)
	at com.kms.katalon.core.keyword.internal.KeywordExecutor.executeKeywordForPlatform(KeywordExecutor.groovy:60)
	at com.kms.katalon.core.webui.keyword.WebUiBuiltInKeywords.verifyTextPresent(WebUiBuiltInKeywords.groovy:1693)
	at com.kms.katalon.core.webui.keyword.WebUiBuiltInKeywords$verifyTextPresent$6.call(Unknown Source)
	at CAT_Home.run(CAT_Home:70)
	at com.kms.katalon.core.main.ScriptEngine.run(ScriptEngine.java:194)
	at com.kms.katalon.core.main.ScriptEngine.runScriptAsRawText(ScriptEngine.java:119)
	at com.kms.katalon.core.main.TestCaseExecutor.runScript(TestCaseExecutor.java:337)
	at com.kms.katalon.core.main.TestCaseExecutor.doExecute(TestCaseExecutor.java:328)
	at com.kms.katalon.core.main.TestCaseExecutor.processExecutionPhase(TestCaseExecutor.java:307)
	at com.kms.katalon.core.main.TestCaseExecutor.accessMainPhase(TestCaseExecutor.java:299)
	at com.kms.katalon.core.main.TestCaseExecutor.execute(TestCaseExecutor.java:233)
	at com.kms.katalon.core.main.TestCaseMain.runTestCase(TestCaseMain.java:114)
	at com.kms.katalon.core.keyword.builtin.CallTestCaseKeyword$_callTestCase_closure1.doCall(CallTestCaseKeyword.groovy:59)
	at com.kms.katalon.core.keyword.builtin.CallTestCaseKeyword$_callTestCase_closure1.call(CallTestCaseKeyword.groovy)
	at com.kms.katalon.core.keyword.internal.KeywordMain.runKeyword(KeywordMain.groovy:68)
	at com.kms.katalon.core.keyword.builtin.CallTestCaseKeyword.callTestCase(CallTestCaseKeyword.groovy:81)
	at com.kms.katalon.core.keyword.builtin.CallTestCaseKeyword.execute(CallTestCaseKeyword.groovy:44)
	at com.kms.katalon.core.keyword.internal.KeywordExecutor.executeKeywordForPlatform(KeywordExecutor.groovy:60)
	at com.kms.katalon.core.keyword.BuiltinKeywords.callTestCase(BuiltinKeywords.groovy:334)
	at Give_Feedback.run(Give_Feedback:117)
	at com.kms.katalon.core.main.ScriptEngine.run(ScriptEngine.java:194)
	at com.kms.katalon.core.main.ScriptEngine.runScriptAsRawText(ScriptEngine.java:119)
	at com.kms.katalon.core.main.TestCaseExecutor.runScript(TestCaseExecutor.java:337)
	at com.kms.katalon.core.main.TestCaseExecutor.doExecute(TestCaseExecutor.java:328)
	at com.kms.katalon.core.main.TestCaseExecutor.processExecutionPhase(TestCaseExecutor.java:307)
	at com.kms.katalon.core.main.TestCaseExecutor.accessMainPhase(TestCaseExecutor.java:299)
	at com.kms.katalon.core.main.TestCaseExecutor.execute(TestCaseExecutor.java:233)
	at com.kms.katalon.core.main.TestSuiteExecutor.accessTestCaseMainPhase(TestSuiteExecutor.java:169)
	at com.kms.katalon.core.main.TestSuiteExecutor.accessTestSuiteMainPhase(TestSuiteExecutor.java:142)
	at com.kms.katalon.core.main.TestSuiteExecutor.execute(TestSuiteExecutor.java:91)
	at com.kms.katalon.core.main.TestCaseMain.startTestSuite(TestCaseMain.java:157)
	at com.kms.katalon.core.main.TestCaseMain$startTestSuite$0.call(Unknown Source)
	at TempTestSuite1572621097330.run(TempTestSuite1572621097330.groovy:36)
)

2019-11-01 15:15:06 - [MESSAGE][FAILED] - Text 'or look up a member by name' is not present on page  (Root cause: com.kms.katalon.core.exception.StepFailedException: Text 'or look up a member by name' is not present on page 
	at com.kms.katalon.core.webui.keyword.internal.WebUIKeywordMain.stepFailed(WebUIKeywordMain.groovy:64)
	at com.kms.katalon.core.webui.keyword.builtin.VerifyTextPresentKeyword$_verifyTextPresent_closure1.doCall(VerifyTextPresentKeyword.groovy:79)
	at com.kms.katalon.core.webui.keyword.builtin.VerifyTextPresentKeyword$_verifyTextPresent_closure1.call(VerifyTextPresentKeyword.groovy)
	at com.kms.katalon.core.webui.keyword.internal.WebUIKeywordMain.runKeyword(WebUIKeywordMain.groovy:20)
	at com.kms.katalon.core.webui.keyword.builtin.VerifyTextPresentKeyword.verifyTextPresent(VerifyTextPresentKeyword.groovy:83)
	at com.kms.katalon.core.webui.keyword.builtin.VerifyTextPresentKeyword.execute(VerifyTextPresentKeyword.groovy:68)
	at com.kms.katalon.core.keyword.internal.KeywordExecutor.executeKeywordForPlatform(KeywordExecutor.groovy:60)
	at com.kms.katalon.core.webui.keyword.WebUiBuiltInKeywords.verifyTextPresent(WebUiBuiltInKeywords.groovy:1693)
	at com.kms.katalon.core.webui.keyword.WebUiBuiltInKeywords$verifyTextPresent$6.call(Unknown Source)
	at CAT_Home.run(CAT_Home:70)
	at com.kms.katalon.core.main.ScriptEngine.run(ScriptEngine.java:194)
	at com.kms.katalon.core.main.ScriptEngine.runScriptAsRawText(ScriptEngine.java:119)
	at com.kms.katalon.core.main.TestCaseExecutor.runScript(TestCaseExecutor.java:337)
	at com.kms.katalon.core.main.TestCaseExecutor.doExecute(TestCaseExecutor.java:328)
	at com.kms.katalon.core.main.TestCaseExecutor.processExecutionPhase(TestCaseExecutor.java:307)
	at com.kms.katalon.core.main.TestCaseExecutor.accessMainPhase(TestCaseExecutor.java:299)
	at com.kms.katalon.core.main.TestCaseExecutor.execute(TestCaseExecutor.java:233)
	at com.kms.katalon.core.main.TestCaseMain.runTestCase(TestCaseMain.java:114)
	at com.kms.katalon.core.keyword.builtin.CallTestCaseKeyword$_callTestCase_closure1.doCall(CallTestCaseKeyword.groovy:59)
	at com.kms.katalon.core.keyword.builtin.CallTestCaseKeyword$_callTestCase_closure1.call(CallTestCaseKeyword.groovy)
	at com.kms.katalon.core.keyword.internal.KeywordMain.runKeyword(KeywordMain.groovy:68)
	at com.kms.katalon.core.keyword.builtin.CallTestCaseKeyword.callTestCase(CallTestCaseKeyword.groovy:81)
	at com.kms.katalon.core.keyword.builtin.CallTestCaseKeyword.execute(CallTestCaseKeyword.groovy:44)
	at com.kms.katalon.core.keyword.internal.KeywordExecutor.executeKeywordForPlatform(KeywordExecutor.groovy:60)
	at com.kms.katalon.core.keyword.BuiltinKeywords.callTestCase(BuiltinKeywords.groovy:334)
	at Give_Feedback.run(Give_Feedback:117)
	at com.kms.katalon.core.main.ScriptEngine.run(ScriptEngine.java:194)
	at com.kms.katalon.core.main.ScriptEngine.runScriptAsRawText(ScriptEngine.java:119)
	at com.kms.katalon.core.main.TestCaseExecutor.runScript(TestCaseExecutor.java:337)
	at com.kms.katalon.core.main.TestCaseExecutor.doExecute(TestCaseExecutor.java:328)
	at com.kms.katalon.core.main.TestCaseExecutor.processExecutionPhase(TestCaseExecutor.java:307)
	at com.kms.katalon.core.main.TestCaseExecutor.accessMainPhase(TestCaseExecutor.java:299)
	at com.kms.katalon.core.main.TestCaseExecutor.execute(TestCaseExecutor.java:233)
	at com.kms.katalon.core.main.TestSuiteExecutor.accessTestCaseMainPhase(TestSuiteExecutor.java:169)
	at com.kms.katalon.core.main.TestSuiteExecutor.accessTestSuiteMainPhase(TestSuiteExecutor.java:142)
	at com.kms.katalon.core.main.TestSuiteExecutor.execute(TestSuiteExecutor.java:91)
	at com.kms.katalon.core.main.TestCaseMain.startTestSuite(TestCaseMain.java:157)
	at com.kms.katalon.core.main.TestCaseMain$startTestSuite$0.call(Unknown Source)
	at TempTestSuite1572621097330.run(TempTestSuite1572621097330.groovy:36)
)

2019-11-01 15:15:06 - [TEST_STEP][FAILED] - verifyTextPresent("reviews published so far – thank you!", false): Text 'reviews published so far – thank you!' is not present on page  (Root cause: com.kms.katalon.core.exception.StepFailedException: Text 'reviews published so far – thank you!' is not present on page 
	at com.kms.katalon.core.webui.keyword.internal.WebUIKeywordMain.stepFailed(WebUIKeywordMain.groovy:64)
	at com.kms.katalon.core.webui.keyword.builtin.VerifyTextPresentKeyword$_verifyTextPresent_closure1.doCall(VerifyTextPresentKeyword.groovy:79)
	at com.kms.katalon.core.webui.keyword.builtin.VerifyTextPresentKeyword$_verifyTextPresent_closure1.call(VerifyTextPresentKeyword.groovy)
	at com.kms.katalon.core.webui.keyword.internal.WebUIKeywordMain.runKeyword(WebUIKeywordMain.groovy:20)
	at com.kms.katalon.core.webui.keyword.builtin.VerifyTextPresentKeyword.verifyTextPresent(VerifyTextPresentKeyword.groovy:83)
	at com.kms.katalon.core.webui.keyword.builtin.VerifyTextPresentKeyword.execute(VerifyTextPresentKeyword.groovy:68)
	at com.kms.katalon.core.keyword.internal.KeywordExecutor.executeKeywordForPlatform(KeywordExecutor.groovy:60)
	at com.kms.katalon.core.webui.keyword.WebUiBuiltInKeywords.verifyTextPresent(WebUiBuiltInKeywords.groovy:1693)
	at com.kms.katalon.core.webui.keyword.WebUiBuiltInKeywords$verifyTextPresent$6.call(Unknown Source)
	at CAT_Home.run(CAT_Home:73)
	at com.kms.katalon.core.main.ScriptEngine.run(ScriptEngine.java:194)
	at com.kms.katalon.core.main.ScriptEngine.runScriptAsRawText(ScriptEngine.java:119)
	at com.kms.katalon.core.main.TestCaseExecutor.runScript(TestCaseExecutor.java:337)
	at com.kms.katalon.core.main.TestCaseExecutor.doExecute(TestCaseExecutor.java:328)
	at com.kms.katalon.core.main.TestCaseExecutor.processExecutionPhase(TestCaseExecutor.java:307)
	at com.kms.katalon.core.main.TestCaseExecutor.accessMainPhase(TestCaseExecutor.java:299)
	at com.kms.katalon.core.main.TestCaseExecutor.execute(TestCaseExecutor.java:233)
	at com.kms.katalon.core.main.TestCaseMain.runTestCase(TestCaseMain.java:114)
	at com.kms.katalon.core.keyword.builtin.CallTestCaseKeyword$_callTestCase_closure1.doCall(CallTestCaseKeyword.groovy:59)
	at com.kms.katalon.core.keyword.builtin.CallTestCaseKeyword$_callTestCase_closure1.call(CallTestCaseKeyword.groovy)
	at com.kms.katalon.core.keyword.internal.KeywordMain.runKeyword(KeywordMain.groovy:68)
	at com.kms.katalon.core.keyword.builtin.CallTestCaseKeyword.callTestCase(CallTestCaseKeyword.groovy:81)
	at com.kms.katalon.core.keyword.builtin.CallTestCaseKeyword.execute(CallTestCaseKeyword.groovy:44)
	at com.kms.katalon.core.keyword.internal.KeywordExecutor.executeKeywordForPlatform(KeywordExecutor.groovy:60)
	at com.kms.katalon.core.keyword.BuiltinKeywords.callTestCase(BuiltinKeywords.groovy:334)
	at Give_Feedback.run(Give_Feedback:117)
	at com.kms.katalon.core.main.ScriptEngine.run(ScriptEngine.java:194)
	at com.kms.katalon.core.main.ScriptEngine.runScriptAsRawText(ScriptEngine.java:119)
	at com.kms.katalon.core.main.TestCaseExecutor.runScript(TestCaseExecutor.java:337)
	at com.kms.katalon.core.main.TestCaseExecutor.doExecute(TestCaseExecutor.java:328)
	at com.kms.katalon.core.main.TestCaseExecutor.processExecutionPhase(TestCaseExecutor.java:307)
	at com.kms.katalon.core.main.TestCaseExecutor.accessMainPhase(TestCaseExecutor.java:299)
	at com.kms.katalon.core.main.TestCaseExecutor.execute(TestCaseExecutor.java:233)
	at com.kms.katalon.core.main.TestSuiteExecutor.accessTestCaseMainPhase(TestSuiteExecutor.java:169)
	at com.kms.katalon.core.main.TestSuiteExecutor.accessTestSuiteMainPhase(TestSuiteExecutor.java:142)
	at com.kms.katalon.core.main.TestSuiteExecutor.execute(TestSuiteExecutor.java:91)
	at com.kms.katalon.core.main.TestCaseMain.startTestSuite(TestCaseMain.java:157)
	at com.kms.katalon.core.main.TestCaseMain$startTestSuite$0.call(Unknown Source)
	at TempTestSuite1572621097330.run(TempTestSuite1572621097330.groovy:36)
)

2019-11-01 15:15:06 - [MESSAGE][FAILED] - Text 'reviews published so far – thank you!' is not present on page  (Root cause: com.kms.katalon.core.exception.StepFailedException: Text 'reviews published so far – thank you!' is not present on page 
	at com.kms.katalon.core.webui.keyword.internal.WebUIKeywordMain.stepFailed(WebUIKeywordMain.groovy:64)
	at com.kms.katalon.core.webui.keyword.builtin.VerifyTextPresentKeyword$_verifyTextPresent_closure1.doCall(VerifyTextPresentKeyword.groovy:79)
	at com.kms.katalon.core.webui.keyword.builtin.VerifyTextPresentKeyword$_verifyTextPresent_closure1.call(VerifyTextPresentKeyword.groovy)
	at com.kms.katalon.core.webui.keyword.internal.WebUIKeywordMain.runKeyword(WebUIKeywordMain.groovy:20)
	at com.kms.katalon.core.webui.keyword.builtin.VerifyTextPresentKeyword.verifyTextPresent(VerifyTextPresentKeyword.groovy:83)
	at com.kms.katalon.core.webui.keyword.builtin.VerifyTextPresentKeyword.execute(VerifyTextPresentKeyword.groovy:68)
	at com.kms.katalon.core.keyword.internal.KeywordExecutor.executeKeywordForPlatform(KeywordExecutor.groovy:60)
	at com.kms.katalon.core.webui.keyword.WebUiBuiltInKeywords.verifyTextPresent(WebUiBuiltInKeywords.groovy:1693)
	at com.kms.katalon.core.webui.keyword.WebUiBuiltInKeywords$verifyTextPresent$6.call(Unknown Source)
	at CAT_Home.run(CAT_Home:73)
	at com.kms.katalon.core.main.ScriptEngine.run(ScriptEngine.java:194)
	at com.kms.katalon.core.main.ScriptEngine.runScriptAsRawText(ScriptEngine.java:119)
	at com.kms.katalon.core.main.TestCaseExecutor.runScript(TestCaseExecutor.java:337)
	at com.kms.katalon.core.main.TestCaseExecutor.doExecute(TestCaseExecutor.java:328)
	at com.kms.katalon.core.main.TestCaseExecutor.processExecutionPhase(TestCaseExecutor.java:307)
	at com.kms.katalon.core.main.TestCaseExecutor.accessMainPhase(TestCaseExecutor.java:299)
	at com.kms.katalon.core.main.TestCaseExecutor.execute(TestCaseExecutor.java:233)
	at com.kms.katalon.core.main.TestCaseMain.runTestCase(TestCaseMain.java:114)
	at com.kms.katalon.core.keyword.builtin.CallTestCaseKeyword$_callTestCase_closure1.doCall(CallTestCaseKeyword.groovy:59)
	at com.kms.katalon.core.keyword.builtin.CallTestCaseKeyword$_callTestCase_closure1.call(CallTestCaseKeyword.groovy)
	at com.kms.katalon.core.keyword.internal.KeywordMain.runKeyword(KeywordMain.groovy:68)
	at com.kms.katalon.core.keyword.builtin.CallTestCaseKeyword.callTestCase(CallTestCaseKeyword.groovy:81)
	at com.kms.katalon.core.keyword.builtin.CallTestCaseKeyword.execute(CallTestCaseKeyword.groovy:44)
	at com.kms.katalon.core.keyword.internal.KeywordExecutor.executeKeywordForPlatform(KeywordExecutor.groovy:60)
	at com.kms.katalon.core.keyword.BuiltinKeywords.callTestCase(BuiltinKeywords.groovy:334)
	at Give_Feedback.run(Give_Feedback:117)
	at com.kms.katalon.core.main.ScriptEngine.run(ScriptEngine.java:194)
	at com.kms.katalon.core.main.ScriptEngine.runScriptAsRawText(ScriptEngine.java:119)
	at com.kms.katalon.core.main.TestCaseExecutor.runScript(TestCaseExecutor.java:337)
	at com.kms.katalon.core.main.TestCaseExecutor.doExecute(TestCaseExecutor.java:328)
	at com.kms.katalon.core.main.TestCaseExecutor.processExecutionPhase(TestCaseExecutor.java:307)
	at com.kms.katalon.core.main.TestCaseExecutor.accessMainPhase(TestCaseExecutor.java:299)
	at com.kms.katalon.core.main.TestCaseExecutor.execute(TestCaseExecutor.java:233)
	at com.kms.katalon.core.main.TestSuiteExecutor.accessTestCaseMainPhase(TestSuiteExecutor.java:169)
	at com.kms.katalon.core.main.TestSuiteExecutor.accessTestSuiteMainPhase(TestSuiteExecutor.java:142)
	at com.kms.katalon.core.main.TestSuiteExecutor.execute(TestSuiteExecutor.java:91)
	at com.kms.katalon.core.main.TestCaseMain.startTestSuite(TestCaseMain.java:157)
	at com.kms.katalon.core.main.TestCaseMain$startTestSuite$0.call(Unknown Source)
	at TempTestSuite1572621097330.run(TempTestSuite1572621097330.groovy:36)
)

2019-11-01 15:15:06 - [TEST_STEP][PASSED] - CurrentUrl = getUrl(): Current window's url is: 'https://www.preview.checkatrade.com/GiveFeedback/'

2019-11-01 15:15:06 - [MESSAGE][PASSED] - Current window's url is: 'https://www.preview.checkatrade.com/GiveFeedback/'

2019-11-01 15:15:06 - [TEST_STEP][PASSED] - if (CurrentUrl == URL): null

2019-11-01 15:15:06 - [TEST_STEP][PASSED] - else: null

2019-11-01 15:15:06 - [TEST_STEP][PASSED] - out.println("We have been redirected, incorrectly back to URL" + CurrentUrl + " We should be on " + URL): null

2019-11-01 15:15:06 - [MESSAGE][FAILED] - Unable to call Test Case 'Test Cases/Reusable_Test_Sequences/CAT_Home' (Root cause: com.kms.katalon.core.exception.StepFailedException: Call Test Case 'Test Cases/Reusable_Test_Sequences/CAT_Home' failed
	at com.kms.katalon.core.keyword.builtin.CallTestCaseKeyword$_callTestCase_closure1.doCall(CallTestCaseKeyword.groovy:63)
	at com.kms.katalon.core.keyword.builtin.CallTestCaseKeyword$_callTestCase_closure1.call(CallTestCaseKeyword.groovy)
	at com.kms.katalon.core.keyword.internal.KeywordMain.runKeyword(KeywordMain.groovy:68)
	at com.kms.katalon.core.keyword.builtin.CallTestCaseKeyword.callTestCase(CallTestCaseKeyword.groovy:81)
	at com.kms.katalon.core.keyword.builtin.CallTestCaseKeyword.execute(CallTestCaseKeyword.groovy:44)
	at com.kms.katalon.core.keyword.internal.KeywordExecutor.executeKeywordForPlatform(KeywordExecutor.groovy:60)
	at com.kms.katalon.core.keyword.BuiltinKeywords.callTestCase(BuiltinKeywords.groovy:334)
	at Give_Feedback.run(Give_Feedback:117)
	at com.kms.katalon.core.main.ScriptEngine.run(ScriptEngine.java:194)
	at com.kms.katalon.core.main.ScriptEngine.runScriptAsRawText(ScriptEngine.java:119)
	at com.kms.katalon.core.main.TestCaseExecutor.runScript(TestCaseExecutor.java:337)
	at com.kms.katalon.core.main.TestCaseExecutor.doExecute(TestCaseExecutor.java:328)
	at com.kms.katalon.core.main.TestCaseExecutor.processExecutionPhase(TestCaseExecutor.java:307)
	at com.kms.katalon.core.main.TestCaseExecutor.accessMainPhase(TestCaseExecutor.java:299)
	at com.kms.katalon.core.main.TestCaseExecutor.execute(TestCaseExecutor.java:233)
	at com.kms.katalon.core.main.TestSuiteExecutor.accessTestCaseMainPhase(TestSuiteExecutor.java:169)
	at com.kms.katalon.core.main.TestSuiteExecutor.accessTestSuiteMainPhase(TestSuiteExecutor.java:142)
	at com.kms.katalon.core.main.TestSuiteExecutor.execute(TestSuiteExecutor.java:91)
	at com.kms.katalon.core.main.TestCaseMain.startTestSuite(TestCaseMain.java:157)
	at com.kms.katalon.core.main.TestCaseMain$startTestSuite$0.call(Unknown Source)
	at TempTestSuite1572621097330.run(TempTestSuite1572621097330.groovy:36)
Caused by: com.kms.katalon.core.exception.StepFailedException: Text 'Helping you find the right trade or service' is not present on page  (Root cause: com.kms.katalon.core.exception.StepFailedException: Text 'Helping you find the right trade or service' is not present on page 
	at com.kms.katalon.core.webui.keyword.internal.WebUIKeywordMain.stepFailed(WebUIKeywordMain.groovy:64)
	at com.kms.katalon.core.webui.keyword.builtin.VerifyTextPresentKeyword$_verifyTextPresent_closure1.doCall(VerifyTextPresentKeyword.groovy:79)
	at com.kms.katalon.core.webui.keyword.builtin.VerifyTextPresentKeyword$_verifyTextPresent_closure1.call(VerifyTextPresentKeyword.groovy)
	at com.kms.katalon.core.webui.keyword.internal.WebUIKeywordMain.runKeyword(WebUIKeywordMain.groovy:20)
	at com.kms.katalon.core.webui.keyword.builtin.VerifyTextPresentKeyword.verifyTextPresent(VerifyTextPresentKeyword.groovy:83)
	at com.kms.katalon.core.webui.keyword.builtin.VerifyTextPresentKeyword.execute(VerifyTextPresentKeyword.groovy:68)
	at com.kms.katalon.core.keyword.internal.KeywordExecutor.executeKeywordForPlatform(KeywordExecutor.groovy:60)
	at com.kms.katalon.core.webui.keyword.WebUiBuiltInKeywords.verifyTextPresent(WebUiBuiltInKeywords.groovy:1693)
	at com.kms.katalon.core.webui.keyword.WebUiBuiltInKeywords$verifyTextPresent$6.call(Unknown Source)
	at CAT_Home.run(CAT_Home:61)
	at com.kms.katalon.core.main.ScriptEngine.run(ScriptEngine.java:194)
	at com.kms.katalon.core.main.ScriptEngine.runScriptAsRawText(ScriptEngine.java:119)
	at com.kms.katalon.core.main.TestCaseExecutor.runScript(TestCaseExecutor.java:337)
	at com.kms.katalon.core.main.TestCaseExecutor.doExecute(TestCaseExecutor.java:328)
	at com.kms.katalon.core.main.TestCaseExecutor.processExecutionPhase(TestCaseExecutor.java:307)
	at com.kms.katalon.core.main.TestCaseExecutor.accessMainPhase(TestCaseExecutor.java:299)
	at com.kms.katalon.core.main.TestCaseExecutor.execute(TestCaseExecutor.java:233)
	at com.kms.katalon.core.main.TestCaseMain.runTestCase(TestCaseMain.java:114)
	at com.kms.katalon.core.keyword.builtin.CallTestCaseKeyword$_callTestCase_closure1.doCall(CallTestCaseKeyword.groovy:59)
	at com.kms.katalon.core.keyword.builtin.CallTestCaseKeyword$_callTestCase_closure1.call(CallTestCaseKeyword.groovy)
	at com.kms.katalon.core.keyword.internal.KeywordMain.runKeyword(KeywordMain.groovy:68)
	at com.kms.katalon.core.keyword.builtin.CallTestCaseKeyword.callTestCase(CallTestCaseKeyword.groovy:81)
	at com.kms.katalon.core.keyword.builtin.CallTestCaseKeyword.execute(CallTestCaseKeyword.groovy:44)
	at com.kms.katalon.core.keyword.internal.KeywordExecutor.executeKeywordForPlatform(KeywordExecutor.groovy:60)
	at com.kms.katalon.core.keyword.BuiltinKeywords.callTestCase(BuiltinKeywords.groovy:334)
	at Give_Feedback.run(Give_Feedback:117)
	at com.kms.katalon.core.main.ScriptEngine.run(ScriptEngine.java:194)
	at com.kms.katalon.core.main.ScriptEngine.runScriptAsRawText(ScriptEngine.java:119)
	at com.kms.katalon.core.main.TestCaseExecutor.runScript(TestCaseExecutor.java:337)
	at com.kms.katalon.core.main.TestCaseExecutor.doExecute(TestCaseExecutor.java:328)
	at com.kms.katalon.core.main.TestCaseExecutor.processExecutionPhase(TestCaseExecutor.java:307)
	at com.kms.katalon.core.main.TestCaseExecutor.accessMainPhase(TestCaseExecutor.java:299)
	at com.kms.katalon.core.main.TestCaseExecutor.execute(TestCaseExecutor.java:233)
	at com.kms.katalon.core.main.TestSuiteExecutor.accessTestCaseMainPhase(TestSuiteExecutor.java:169)
	at com.kms.katalon.core.main.TestSuiteExecutor.accessTestSuiteMainPhase(TestSuiteExecutor.java:142)
	at com.kms.katalon.core.main.TestSuiteExecutor.execute(TestSuiteExecutor.java:91)
	at com.kms.katalon.core.main.TestCaseMain.startTestSuite(TestCaseMain.java:157)
	at com.kms.katalon.core.main.TestCaseMain$startTestSuite$0.call(Unknown Source)
	at TempTestSuite1572621097330.run(TempTestSuite1572621097330.groovy:36)
)
	at com.kms.katalon.core.keyword.internal.KeywordMain.stepFailed(KeywordMain.groovy:39)
	at com.kms.katalon.core.webui.keyword.internal.WebUIKeywordMain.stepFailed(WebUIKeywordMain.groovy:64)
	at com.kms.katalon.core.webui.keyword.builtin.VerifyTextPresentKeyword$_verifyTextPresent_closure1.doCall(VerifyTextPresentKeyword.groovy:79)
	at com.kms.katalon.core.webui.keyword.builtin.VerifyTextPresentKeyword$_verifyTextPresent_closure1.call(VerifyTextPresentKeyword.groovy)
	at com.kms.katalon.core.webui.keyword.internal.WebUIKeywordMain.runKeyword(WebUIKeywordMain.groovy:20)
	at com.kms.katalon.core.webui.keyword.builtin.VerifyTextPresentKeyword.verifyTextPresent(VerifyTextPresentKeyword.groovy:83)
	at com.kms.katalon.core.webui.keyword.builtin.VerifyTextPresentKeyword.execute(VerifyTextPresentKeyword.groovy:68)
	at com.kms.katalon.core.keyword.internal.KeywordExecutor.executeKeywordForPlatform(KeywordExecutor.groovy:60)
	at com.kms.katalon.core.webui.keyword.WebUiBuiltInKeywords.verifyTextPresent(WebUiBuiltInKeywords.groovy:1693)
	at com.kms.katalon.core.webui.keyword.WebUiBuiltInKeywords$verifyTextPresent$6.call(Unknown Source)
	at CAT_Home.run(CAT_Home:61)
	at com.kms.katalon.core.main.ScriptEngine.run(ScriptEngine.java:194)
	at com.kms.katalon.core.main.ScriptEngine.runScriptAsRawText(ScriptEngine.java:119)
	at com.kms.katalon.core.main.TestCaseExecutor.runScript(TestCaseExecutor.java:337)
	at com.kms.katalon.core.main.TestCaseExecutor.doExecute(TestCaseExecutor.java:328)
	at com.kms.katalon.core.main.TestCaseExecutor.processExecutionPhase(TestCaseExecutor.java:307)
	at com.kms.katalon.core.main.TestCaseExecutor.accessMainPhase(TestCaseExecutor.java:299)
	at com.kms.katalon.core.main.TestCaseExecutor.execute(TestCaseExecutor.java:233)
	at com.kms.katalon.core.main.TestCaseMain.runTestCase(TestCaseMain.java:114)
	at com.kms.katalon.core.keyword.builtin.CallTestCaseKeyword$_callTestCase_closure1.doCall(CallTestCaseKeyword.groovy:59)
	... 20 more
Caused by: com.kms.katalon.core.exception.StepFailedException: Text 'Helping you find the right trade or service' is not present on page 
	... 39 more
)

2019-11-01 15:15:06 - [TEST_STEP][PASSED] - "--------------------------------------": null

2019-11-01 15:15:06 - [TEST_STEP][PASSED] - " Processing Completion                |": null

2019-11-01 15:15:06 - [TEST_STEP][PASSED] - "--------------------------------------": null

2019-11-01 15:15:06 - [TEST_STEP][PASSED] - "--------------------------": null

2019-11-01 15:15:06 - [TEST_STEP][PASSED] - " Teardown - CLose Browser |": null

2019-11-01 15:15:06 - [TEST_STEP][PASSED] - callTestCase(findTestCase("Reusable_Test_Sequences/CAT_Teardown"), [:], OPTIONAL): Call Test Case 'Test Cases/Reusable_Test_Sequences/CAT_Teardown' successfully

2019-11-01 15:15:06 - [TEST_CASE][PASSED] - Test Cases/Reusable_Test_Sequences/CAT_Teardown: Test Cases/Reusable_Test_Sequences/CAT_Teardown

2019-11-01 15:15:07 - [TEST_STEP][PASSED] - closeBrowser(): Browser is closed

2019-11-01 15:15:08 - [MESSAGE][PASSED] - Browser is closed

2019-11-01 15:15:08 - [MESSAGE][PASSED] - Call Test Case 'Test Cases/Reusable_Test_Sequences/CAT_Teardown' successfully

2019-11-01 15:15:08 - [TEST_STEP][PASSED] - callTestCase(findTestCase("Reusable_Test_Sequences/CAT_Setup"), [:], OPTIONAL): Call Test Case 'Test Cases/Reusable_Test_Sequences/CAT_Setup' successfully

2019-11-01 15:15:08 - [TEST_CASE][PASSED] - Test Cases/Reusable_Test_Sequences/CAT_Setup: Test Cases/Reusable_Test_Sequences/CAT_Setup

2019-11-01 15:15:08 - [TEST_STEP][PASSED] - "URL - Set from the ENVIRONMENT PROFILE ": null

2019-11-01 15:15:08 - [TEST_STEP][PASSED] - openBrowser(URL): Browser is opened with url: 'https://www.preview.checkatrade.com/'

2019-11-01 15:15:08 - [MESSAGE][INFO] - Starting 'Firefox' driver

2019-11-01 15:15:21 - [MESSAGE][PASSED] - Browser is opened with url: 'https://www.preview.checkatrade.com/'

2019-11-01 15:15:21 - [TEST_STEP][PASSED] - maximizeWindow(): Current window maximized

2019-11-01 15:15:21 - [MESSAGE][PASSED] - Current window maximized

2019-11-01 15:15:21 - [TEST_STEP][PASSED] - waitForPageLoad(60): Wait for page load successfully

2019-11-01 15:15:21 - [MESSAGE][PASSED] - Wait for page load successfully

2019-11-01 15:15:21 - [TEST_STEP][PASSED] - waitForElementVisible(findTestObject("Page_Checkatrade Find a tradesperson you can trust/a_Search"), 25): Object 'Object Repository/Page_Checkatrade Find a tradesperson you can trust/a_Search' is visible

2019-11-01 15:15:21 - [MESSAGE][PASSED] - Object 'Object Repository/Page_Checkatrade Find a tradesperson you can trust/a_Search' is visible

2019-11-01 15:15:21 - [TEST_STEP][PASSED] - try: null

2019-11-01 15:15:21 - [TEST_STEP][PASSED] - if (verifyElementPresent(findTestObject("Page_Checkatrade Find a tradesperson you can trust/div_close"), 1, OPTIONAL)): null

2019-11-01 15:15:22 - [MESSAGE][PASSED] - Object 'Object Repository/Page_Checkatrade Find a tradesperson you can trust/div_close' is present

2019-11-01 15:15:22 - [TEST_STEP][PASSED] - click(findTestObject("Page_Checkatrade Find a tradesperson you can trust/div_close")): Object: 'Object Repository/Page_Checkatrade Find a tradesperson you can trust/div_close' is clicked on

2019-11-01 15:15:22 - [MESSAGE][PASSED] - Object: 'Object Repository/Page_Checkatrade Find a tradesperson you can trust/div_close' is clicked on

2019-11-01 15:15:22 - [TEST_STEP][PASSED] - "---------------------------------": null

2019-11-01 15:15:22 - [TEST_STEP][PASSED] - "COOKIE POPOUT REMOVED - Confirmed": null

2019-11-01 15:15:22 - [TEST_STEP][PASSED] - delay(1): Delayed 1 second(s)

2019-11-01 15:15:23 - [MESSAGE][PASSED] - Delayed 1 second(s)

2019-11-01 15:15:23 - [TEST_STEP][PASSED] - verifyTextNotPresent("Checkatrade.com uses cookies to make sure you get the best browsing experience", false): Text 'Checkatrade.com uses cookies to make sure you get the best browsing experience' is not present on page

2019-11-01 15:15:23 - [MESSAGE][PASSED] - Text 'Checkatrade.com uses cookies to make sure you get the best browsing experience' is not present on page

2019-11-01 15:15:23 - [TEST_STEP][PASSED] - try: null

2019-11-01 15:15:23 - [TEST_STEP][PASSED] - if (verifyElementPresent(findTestObject("Page_Checkatrade Find a tradesperson you can trust/div_close_1"), 1, OPTIONAL)): null

2019-11-01 15:15:23 - [MESSAGE][PASSED] - Object 'Object Repository/Page_Checkatrade Find a tradesperson you can trust/div_close_1' is present

2019-11-01 15:15:23 - [TEST_STEP][PASSED] - click(findTestObject("Page_Checkatrade Find a tradesperson you can trust/div_close_1")): Object: 'Object Repository/Page_Checkatrade Find a tradesperson you can trust/div_close_1' is clicked on

2019-11-01 15:15:24 - [MESSAGE][PASSED] - Object: 'Object Repository/Page_Checkatrade Find a tradesperson you can trust/div_close_1' is clicked on

2019-11-01 15:15:24 - [TEST_STEP][PASSED] - "---------------------------------": null

2019-11-01 15:15:24 - [TEST_STEP][PASSED] - "PRIVACY POPOUT REMOVED - Confirmed": null

2019-11-01 15:15:24 - [TEST_STEP][PASSED] - delay(1): Delayed 1 second(s)

2019-11-01 15:15:25 - [MESSAGE][PASSED] - Delayed 1 second(s)

2019-11-01 15:15:25 - [TEST_STEP][PASSED] - verifyTextNotPresent("We have updated our Privacy Policy, please review this", false): Text 'We have updated our Privacy Policy, please review this' is not present on page

2019-11-01 15:15:25 - [MESSAGE][PASSED] - Text 'We have updated our Privacy Policy, please review this' is not present on page

2019-11-01 15:15:25 - [MESSAGE][PASSED] - Call Test Case 'Test Cases/Reusable_Test_Sequences/CAT_Setup' successfully

2019-11-01 15:15:25 - [TEST_STEP][PASSED] - "-----------------------------------------------------": null

2019-11-01 15:15:25 - [TEST_STEP][PASSED] - " Hit the <Give Feedback> link in the header banner   |": null

2019-11-01 15:15:25 - [TEST_STEP][PASSED] - callTestCase(findTestCase("Reusable_Test_Sequences/Banner_Menu/Give_Feedback"), [:], CONTINUE_ON_FAILURE): Call Test Case 'Test Cases/Reusable_Test_Sequences/Banner_Menu/Give_Feedback' successfully

2019-11-01 15:15:25 - [TEST_CASE][PASSED] - Test Cases/Reusable_Test_Sequences/Banner_Menu/Give_Feedback: Test Cases/Reusable_Test_Sequences/Banner_Menu/Give_Feedback

2019-11-01 15:15:25 - [TEST_STEP][PASSED] - click(findTestObject("Object Repository/Page_Checkatrade Find a tradesperson you can trust/a_Give feedback")): Object: 'Object Repository/Page_Checkatrade Find a tradesperson you can trust/a_Give feedback' is clicked on

2019-11-01 15:15:27 - [MESSAGE][PASSED] - Object: 'Object Repository/Page_Checkatrade Find a tradesperson you can trust/a_Give feedback' is clicked on

2019-11-01 15:15:27 - [TEST_STEP][PASSED] - waitForElementVisible(findTestObject("Page_Give_Feedback_Enhanced_OBJ_Repo/Page_Checkatrade Give your feedback/input_Which member do you want to review_feedback-form__company_autocomplete_input"), 25): Object 'Object Repository/Page_Give_Feedback_Enhanced_OBJ_Repo/Page_Checkatrade Give your feedback/input_Which member do you want to review_feedback-form__company_autocomplete_input' is visible

2019-11-01 15:15:27 - [MESSAGE][PASSED] - Object 'Object Repository/Page_Give_Feedback_Enhanced_OBJ_Repo/Page_Checkatrade Give your feedback/input_Which member do you want to review_feedback-form__company_autocomplete_input' is visible

2019-11-01 15:15:27 - [TEST_STEP][PASSED] - verifyTextPresent("Give your feedback", false): Text 'Give your feedback' is present on page 

2019-11-01 15:15:27 - [MESSAGE][PASSED] - Text 'Give your feedback' is present on page 

2019-11-01 15:15:27 - [TEST_STEP][PASSED] - verifyTextPresent("Which member do you want to review?", false): Text 'Which member do you want to review?' is present on page 

2019-11-01 15:15:27 - [MESSAGE][PASSED] - Text 'Which member do you want to review?' is present on page 

2019-11-01 15:15:27 - [MESSAGE][PASSED] - Call Test Case 'Test Cases/Reusable_Test_Sequences/Banner_Menu/Give_Feedback' successfully

2019-11-01 15:15:27 - [TEST_STEP][PASSED] - "-----------------------------------------------------": null

2019-11-01 15:15:27 - [TEST_STEP][PASSED] - " Enter Member Trade Name OR Checkatrade ID To Review |": null

2019-11-01 15:15:27 - [TEST_STEP][PASSED] - callTestCase(findTestCase("Reusable_Test_Sequences/Give_Feedback/Which_Member_to_Review"), [:], CONTINUE_ON_FAILURE): Call Test Case 'Test Cases/Reusable_Test_Sequences/Give_Feedback/Which_Member_to_Review' successfully

2019-11-01 15:15:28 - [TEST_CASE][PASSED] - Test Cases/Reusable_Test_Sequences/Give_Feedback/Which_Member_to_Review: Test Cases/Reusable_Test_Sequences/Give_Feedback/Which_Member_to_Review

2019-11-01 15:15:28 - [TEST_STEP][PASSED] - waitForPageLoad(60): Wait for page load successfully

2019-11-01 15:15:28 - [MESSAGE][PASSED] - Wait for page load successfully

2019-11-01 15:15:28 - [TEST_STEP][PASSED] - waitForElementPresent(findTestObject("Object Repository/Page_Checkatrade Give your feedback/input_Which member do you want to review"), 25): Object 'Object Repository/Page_Checkatrade Give your feedback/input_Which member do you want to review' is present

2019-11-01 15:15:28 - [MESSAGE][PASSED] - Object 'Object Repository/Page_Checkatrade Give your feedback/input_Which member do you want to review' is present

2019-11-01 15:15:28 - [TEST_STEP][PASSED] - setText(findTestObject("Object Repository/Page_Checkatrade Give your feedback/input_Which member do you want to review"), findTestData("Give_Feedback (1)").getValue("Account_Verification_Name", row)): Text 'Test Account' is set on object 'Object Repository/Page_Checkatrade Give your feedback/input_Which member do you want to review'

2019-11-01 15:15:28 - [MESSAGE][PASSED] - Text 'Test Account' is set on object 'Object Repository/Page_Checkatrade Give your feedback/input_Which member do you want to review'

2019-11-01 15:15:28 - [TEST_STEP][PASSED] - delay(1): Delayed 1 second(s)

2019-11-01 15:15:29 - [MESSAGE][PASSED] - Delayed 1 second(s)

2019-11-01 15:15:29 - [TEST_STEP][PASSED] - "Submit the search criteria using click     |": null

2019-11-01 15:15:29 - [TEST_STEP][PASSED] - waitForElementPresent(findTestObject("Object Repository/Page_Checkatrade Give your feedback/div_Which member do you want to review"), 25): Object 'Object Repository/Page_Checkatrade Give your feedback/div_Which member do you want to review' is present

2019-11-01 15:15:29 - [MESSAGE][PASSED] - Object 'Object Repository/Page_Checkatrade Give your feedback/div_Which member do you want to review' is present

2019-11-01 15:15:29 - [TEST_STEP][PASSED] - try: Object: 'Object Repository/Page_Checkatrade Give your feedback/div_Which member do you want to review' is clicked on

2019-11-01 15:15:29 - [TEST_STEP][PASSED] - "Try Catch Included 14/08/2019 - Sometimes the Trader isnt returned?   |": null

2019-11-01 15:15:29 - [TEST_STEP][PASSED] - click(findTestObject("Page_Checkatrade Give your feedback/div_Which member do you want to review")): Object: 'Object Repository/Page_Checkatrade Give your feedback/div_Which member do you want to review' is clicked on

2019-11-01 15:15:29 - [MESSAGE][PASSED] - Object: 'Object Repository/Page_Checkatrade Give your feedback/div_Which member do you want to review' is clicked on

2019-11-01 15:15:29 - [MESSAGE][PASSED] - Call Test Case 'Test Cases/Reusable_Test_Sequences/Give_Feedback/Which_Member_to_Review' successfully

2019-11-01 15:15:29 - [TEST_STEP][PASSED] - "--------------------------------------": null

2019-11-01 15:15:29 - [TEST_STEP][PASSED] - " Your Experience (page 1) Processing  |": null

2019-11-01 15:15:29 - [TEST_STEP][PASSED] - callTestCase(findTestCase("Reusable_Test_Sequences/Give_Feedback/Your_Experience/Your_Experience"), [:], CONTINUE_ON_FAILURE): Call Test Case 'Test Cases/Reusable_Test_Sequences/Give_Feedback/Your_Experience/Your_Experience' successfully

2019-11-01 15:15:29 - [TEST_CASE][PASSED] - Test Cases/Reusable_Test_Sequences/Give_Feedback/Your_Experience/Your_Experience: Test Cases/Reusable_Test_Sequences/Give_Feedback/Your_Experience/Your_Experience

2019-11-01 15:15:29 - [TEST_STEP][PASSED] - data = findTestData("Data Files/Give_Feedback (1)"): null

2019-11-01 15:15:29 - [TEST_STEP][PASSED] - YE_Recommend = data.getValue("YE_Recommendations", row): null

2019-11-01 15:15:29 - [TEST_STEP][PASSED] - "---------------------------------------------------------------------------------------": null

2019-11-01 15:15:29 - [TEST_STEP][PASSED] - " Your Experience (page 1) Returned with Recommendation Selection Set to Yes (Default)  |": null

2019-11-01 15:15:29 - [TEST_STEP][PASSED] - "---------------------------------------------------------------------------------------": null

2019-11-01 15:15:29 - [TEST_STEP][PASSED] - "---------------------------------------------------------------------------------------": null

2019-11-01 15:15:29 - [TEST_STEP][PASSED] - " Your Experience (page 1) Recommend this trader?                                       |": null

2019-11-01 15:15:29 - [TEST_STEP][PASSED] - callTestCase(findTestCase("Reusable_Test_Sequences/Give_Feedback/Your_Experience/Recommendation_Selection"), [:], CONTINUE_ON_FAILURE): Call Test Case 'Test Cases/Reusable_Test_Sequences/Give_Feedback/Your_Experience/Recommendation_Selection' successfully

2019-11-01 15:15:30 - [TEST_CASE][PASSED] - Test Cases/Reusable_Test_Sequences/Give_Feedback/Your_Experience/Recommendation_Selection: Test Cases/Reusable_Test_Sequences/Give_Feedback/Your_Experience/Recommendation_Selection

2019-11-01 15:15:30 - [TEST_STEP][PASSED] - data = findTestData("Data Files/Give_Feedback (1)"): null

2019-11-01 15:15:30 - [TEST_STEP][PASSED] - YE_Recommend = data.getValue("YE_Recommendations", row): null

2019-11-01 15:15:30 - [TEST_STEP][PASSED] - "--------------------------------": null

2019-11-01 15:15:30 - [TEST_STEP][PASSED] - "Read data from spreadsheet      |": null

2019-11-01 15:15:30 - [TEST_STEP][PASSED] - "--------------------------------": null

2019-11-01 15:15:30 - [TEST_STEP][PASSED] - "--------------------------------": null

2019-11-01 15:15:30 - [TEST_STEP][PASSED] - "Set Recommendation - Yes or No  |": null

2019-11-01 15:15:30 - [TEST_STEP][PASSED] - if (YE_Recommend == "Yes"): Wait for page load successfully

2019-11-01 15:15:30 - [TEST_STEP][PASSED] - "-----------------------------------------------------------": null

2019-11-01 15:15:30 - [TEST_STEP][PASSED] - " Selected by Default - ReSelecting causes a tool exception |": null

2019-11-01 15:15:30 - [TEST_STEP][PASSED] - " No need to re-select - RESOLVED                           |": null

2019-11-01 15:15:30 - [TEST_STEP][PASSED] - click(findTestObject("Object Repository/Feedback/Page_Checkatrade Give your feedback/Page_Checkatrade Give your feedback/span_Yes")): Object: 'Object Repository/Feedback/Page_Checkatrade Give your feedback/Page_Checkatrade Give your feedback/span_Yes' is clicked on

2019-11-01 15:15:30 - [MESSAGE][PASSED] - Object: 'Object Repository/Feedback/Page_Checkatrade Give your feedback/Page_Checkatrade Give your feedback/span_Yes' is clicked on

2019-11-01 15:15:30 - [TEST_STEP][PASSED] - waitForPageLoad(2): Wait for page load successfully

2019-11-01 15:15:30 - [MESSAGE][PASSED] - Wait for page load successfully

2019-11-01 15:15:30 - [TEST_STEP][PASSED] - out.println("Your Experience, Recommendation, Click on the <" + YE_Recommend + "> Option Button "): null

2019-11-01 15:15:30 - [TEST_STEP][PASSED] - waitForPageLoad(60): Wait for page load successfully

2019-11-01 15:15:30 - [MESSAGE][PASSED] - Wait for page load successfully

2019-11-01 15:15:30 - [MESSAGE][PASSED] - Call Test Case 'Test Cases/Reusable_Test_Sequences/Give_Feedback/Your_Experience/Recommendation_Selection' successfully

2019-11-01 15:15:30 - [TEST_STEP][PASSED] - "---------------------------------------------------------------------------------------": null

2019-11-01 15:15:30 - [TEST_STEP][PASSED] - " SELECTING _ NO Recommend Restructures this PAGE, So need to exclude the below tests  ": null

2019-11-01 15:15:30 - [TEST_STEP][PASSED] - if (YE_Recommend == "Yes"): Call Test Case 'Test Cases/Reusable_Test_Sequences/Give_Feedback/Your_Experience/Feedback_Knowledge' successfully

2019-11-01 15:15:30 - [TEST_STEP][PASSED] - "---------------------------------------------------------------------------------------": null

2019-11-01 15:15:30 - [TEST_STEP][PASSED] - " Your Experience (page 1) Estimation/Quotation Accuracy?                               |": null

2019-11-01 15:15:30 - [TEST_STEP][PASSED] - callTestCase(findTestCase("Reusable_Test_Sequences/Give_Feedback/Your_Experience/Quotation_Selection"), [:], CONTINUE_ON_FAILURE): Call Test Case 'Test Cases/Reusable_Test_Sequences/Give_Feedback/Your_Experience/Quotation_Selection' successfully

2019-11-01 15:15:30 - [TEST_CASE][PASSED] - Test Cases/Reusable_Test_Sequences/Give_Feedback/Your_Experience/Quotation_Selection: Test Cases/Reusable_Test_Sequences/Give_Feedback/Your_Experience/Quotation_Selection

2019-11-01 15:15:30 - [TEST_STEP][PASSED] - "-----------------------": null

2019-11-01 15:15:30 - [TEST_STEP][PASSED] - "Check DEFAULT Setting  |     Default Setting - Nothing Selected": null

2019-11-01 15:15:30 - [TEST_STEP][PASSED] - "-----------------------": null

2019-11-01 15:15:30 - [TEST_STEP][PASSED] - "--------------------------------": null

2019-11-01 15:15:30 - [TEST_STEP][PASSED] - "Read data from spreadsheet      |": null

2019-11-01 15:15:30 - [TEST_STEP][PASSED] - data = findTestData("Data Files/Give_Feedback (1)"): null

2019-11-01 15:15:30 - [TEST_STEP][PASSED] - YE_Estimate = data.getValue("YE_Estimate", row): null

2019-11-01 15:15:30 - [TEST_STEP][PASSED] - "--------------------------------": null

2019-11-01 15:15:30 - [TEST_STEP][PASSED] - "Read data from spreadsheet      |": null

2019-11-01 15:15:30 - [TEST_STEP][PASSED] - out.println("Your Experience, Estimate Accuracy, Click on the " + YE_Estimate + " Option Button "): null

2019-11-01 15:15:30 - [TEST_STEP][PASSED] - "---------------------------------------------------------------------------------------------------------------------------------------------------": null

2019-11-01 15:15:30 - [TEST_STEP][PASSED] - "Set Quotation - Agreed_estimate -OR- Additional_work -OR- More_than_agreed_price_informed -OR- More_than_agreed_price_not_informed -OR- No_estimate|": null

2019-11-01 15:15:30 - [TEST_STEP][PASSED] - "---------------------------------------------------------------------------------------------------------------------------------------------------": null

2019-11-01 15:15:30 - [TEST_STEP][PASSED] - "-------------------------------------------------": null

2019-11-01 15:15:30 - [TEST_STEP][PASSED] - if (YE_Estimate == "Agreed_price"): null

2019-11-01 15:15:30 - [TEST_STEP][PASSED] - "-------------------------------------------------": null

2019-11-01 15:15:30 - [TEST_STEP][PASSED] - if (YE_Estimate == "Additional_work"): null

2019-11-01 15:15:30 - [TEST_STEP][PASSED] - "-----------------------------------------------------------------------": null

2019-11-01 15:15:30 - [TEST_STEP][PASSED] - if (YE_Estimate == "More_than_agreed_price_informed"): Wait for page load successfully

2019-11-01 15:15:30 - [TEST_STEP][PASSED] - click(findTestObject("Page_Checkatrade Give your feedback/span_More than the agreed price but I was kept informed")): Object: 'Object Repository/Page_Checkatrade Give your feedback/span_More than the agreed price but I was kept informed' is clicked on

2019-11-01 15:15:31 - [MESSAGE][PASSED] - Object: 'Object Repository/Page_Checkatrade Give your feedback/span_More than the agreed price but I was kept informed' is clicked on

2019-11-01 15:15:31 - [TEST_STEP][PASSED] - waitForPageLoad(2): Wait for page load successfully

2019-11-01 15:15:31 - [MESSAGE][PASSED] - Wait for page load successfully

2019-11-01 15:15:31 - [TEST_STEP][PASSED] - "-----------------------------------------------------------------------": null

2019-11-01 15:15:31 - [TEST_STEP][PASSED] - if (YE_Estimate == "More_than_agreed_price_not_informed"): null

2019-11-01 15:15:31 - [TEST_STEP][PASSED] - "-----------------------------------------------------------------------": null

2019-11-01 15:15:31 - [TEST_STEP][PASSED] - if (YE_Estimate == "No_estimate"): null

2019-11-01 15:15:31 - [TEST_STEP][PASSED] - out.println("Your Experience, Estimate Accuracy, Click on the " + YE_Estimate + " Option Button "): null

2019-11-01 15:15:31 - [MESSAGE][PASSED] - Call Test Case 'Test Cases/Reusable_Test_Sequences/Give_Feedback/Your_Experience/Quotation_Selection' successfully

2019-11-01 15:15:31 - [TEST_STEP][PASSED] - "---------------------------------------------------------------------------------------": null

2019-11-01 15:15:31 - [TEST_STEP][PASSED] - " Your Experience (page 1) Knowledge of Feedback Process?                               |": null

2019-11-01 15:15:31 - [TEST_STEP][PASSED] - callTestCase(findTestCase("Reusable_Test_Sequences/Give_Feedback/Your_Experience/Feedback_Knowledge"), [:], CONTINUE_ON_FAILURE): Call Test Case 'Test Cases/Reusable_Test_Sequences/Give_Feedback/Your_Experience/Feedback_Knowledge' successfully

2019-11-01 15:15:31 - [TEST_CASE][PASSED] - Test Cases/Reusable_Test_Sequences/Give_Feedback/Your_Experience/Feedback_Knowledge: Test Cases/Reusable_Test_Sequences/Give_Feedback/Your_Experience/Feedback_Knowledge

2019-11-01 15:15:31 - [TEST_STEP][PASSED] - "--------------------------------": null

2019-11-01 15:15:31 - [TEST_STEP][PASSED] - "Read data from spreadsheet      |": null

2019-11-01 15:15:31 - [TEST_STEP][PASSED] - data = findTestData("Data Files/Give_Feedback (1)"): null

2019-11-01 15:15:31 - [TEST_STEP][PASSED] - YE_Feedback_Knowledge = data.getValue("YE_Feedback_Knowledge", row): null

2019-11-01 15:15:31 - [TEST_STEP][PASSED] - out.println("Your Experience, Feedback Knowledge, Click on the " + YE_Feedback_Knowledge + " Option Button "): null

2019-11-01 15:15:31 - [TEST_STEP][PASSED] - "------------------------------------------------": null

2019-11-01 15:15:31 - [TEST_STEP][PASSED] - "Set Knowledge of feedback process? - Yes or No  |": null

2019-11-01 15:15:31 - [TEST_STEP][PASSED] - if (YE_Feedback_Knowledge == "Yes"): null

2019-11-01 15:15:31 - [TEST_STEP][PASSED] - else if (YE_Feedback_Knowledge == "No"): Wait for page load successfully

2019-11-01 15:15:31 - [TEST_STEP][PASSED] - click(findTestObject("Page_Checkatrade Give your feedback/span_No_Experience_Feedback")): Object: 'Object Repository/Page_Checkatrade Give your feedback/span_No_Experience_Feedback' is clicked on

2019-11-01 15:15:31 - [MESSAGE][PASSED] - Object: 'Object Repository/Page_Checkatrade Give your feedback/span_No_Experience_Feedback' is clicked on

2019-11-01 15:15:31 - [TEST_STEP][PASSED] - waitForPageLoad(2): Wait for page load successfully

2019-11-01 15:15:31 - [MESSAGE][PASSED] - Wait for page load successfully

2019-11-01 15:15:31 - [TEST_STEP][PASSED] - out.println("Your Experience, Feedback Knowledge, Click on the <" + YE_Feedback_Knowledge + "> Option Button "): null

2019-11-01 15:15:31 - [MESSAGE][PASSED] - Call Test Case 'Test Cases/Reusable_Test_Sequences/Give_Feedback/Your_Experience/Feedback_Knowledge' successfully

2019-11-01 15:15:31 - [TEST_STEP][PASSED] - "---------------------------------------------------------------------------------------------------------": null

2019-11-01 15:15:31 - [TEST_STEP][PASSED] - " Your Experience (page 1) Hit <Next> Button to Continue to <Your Scores>- (page 2) If Recommend = YES    |": null

2019-11-01 15:15:31 - [TEST_STEP][PASSED] - "                                                        OR <Your Details>-(page 3) If Recommend = NO     |": null

2019-11-01 15:15:31 - [TEST_STEP][PASSED] - callTestCase(findTestCase("Reusable_Test_Sequences/Give_Feedback/Hit_Next"), [:], CONTINUE_ON_FAILURE): Call Test Case 'Test Cases/Reusable_Test_Sequences/Give_Feedback/Hit_Next' successfully

2019-11-01 15:15:31 - [TEST_CASE][PASSED] - Test Cases/Reusable_Test_Sequences/Give_Feedback/Hit_Next: Test Cases/Reusable_Test_Sequences/Give_Feedback/Hit_Next

2019-11-01 15:15:31 - [TEST_STEP][PASSED] - click(findTestObject("Object Repository/Page_Checkatrade Give your feedback/input_No_ctl00contentButton4")): Object: 'Object Repository/Page_Checkatrade Give your feedback/input_No_ctl00contentButton4' is clicked on

2019-11-01 15:15:32 - [MESSAGE][PASSED] - Object: 'Object Repository/Page_Checkatrade Give your feedback/input_No_ctl00contentButton4' is clicked on

2019-11-01 15:15:32 - [TEST_STEP][PASSED] - waitForPageLoad(2): Wait for page load successfully

2019-11-01 15:15:32 - [MESSAGE][PASSED] - Wait for page load successfully

2019-11-01 15:15:32 - [MESSAGE][PASSED] - Call Test Case 'Test Cases/Reusable_Test_Sequences/Give_Feedback/Hit_Next' successfully

2019-11-01 15:15:32 - [TEST_STEP][PASSED] - waitForPageLoad(2): Wait for page load successfully

2019-11-01 15:15:32 - [MESSAGE][PASSED] - Wait for page load successfully

2019-11-01 15:15:32 - [MESSAGE][PASSED] - Call Test Case 'Test Cases/Reusable_Test_Sequences/Give_Feedback/Your_Experience/Your_Experience' successfully

2019-11-01 15:15:32 - [TEST_STEP][PASSED] - "--------------------------------------": null

2019-11-01 15:15:32 - [TEST_STEP][PASSED] - " Your Scores (page 2) Processing      |": null

2019-11-01 15:15:32 - [TEST_STEP][PASSED] - YE_Recommend = data.getValue("YE_Recommendations", row): null

2019-11-01 15:15:32 - [TEST_STEP][PASSED] - YE_WorkCarriedOut = data.getValue("YE_Work_Carried_Out", row): null

2019-11-01 15:15:32 - [TEST_STEP][PASSED] - if (YE_Recommend == "Yes"): Call Test Case 'Test Cases/Reusable_Test_Sequences/Give_Feedback/Your_Scores/Your_Scores' successfully

2019-11-01 15:15:32 - [TEST_STEP][PASSED] - callTestCase(findTestCase("Reusable_Test_Sequences/Give_Feedback/Your_Scores/Your_Scores"), [:], CONTINUE_ON_FAILURE): Call Test Case 'Test Cases/Reusable_Test_Sequences/Give_Feedback/Your_Scores/Your_Scores' successfully

2019-11-01 15:15:32 - [TEST_CASE][PASSED] - Test Cases/Reusable_Test_Sequences/Give_Feedback/Your_Scores/Your_Scores: Test Cases/Reusable_Test_Sequences/Give_Feedback/Your_Scores/Your_Scores

2019-11-01 15:15:32 - [TEST_STEP][PASSED] - "------------------------------------------------------------------------------------------": null

2019-11-01 15:15:32 - [TEST_STEP][PASSED] - " Your Scores (page 2) Returned with 2 Main Sections - <Your Scores> and <Details of Work> |": null

2019-11-01 15:15:32 - [TEST_STEP][PASSED] - "                                             Tidiness Listbox Selection, NA, 0 through 10 |": null

2019-11-01 15:15:32 - [TEST_STEP][PASSED] - "------------------------------------------------------------------------------------------": null

2019-11-01 15:15:32 - [TEST_STEP][PASSED] - "------------------------------------------------------------------------------------------": null

2019-11-01 15:15:32 - [TEST_STEP][PASSED] - " Your Scores (page 2) Returned with 2 Main Sections - <Your Scores> and <Details of Work> |": null

2019-11-01 15:15:32 - [TEST_STEP][PASSED] - "                          Reliability and Timekeeping Listbox Selection, NA, 0 through 10 |": null

2019-11-01 15:15:32 - [TEST_STEP][PASSED] - "------------------------------------------------------------------------------------------": null

2019-11-01 15:15:32 - [TEST_STEP][PASSED] - "------------------------------------------------------------------------------------------": null

2019-11-01 15:15:32 - [TEST_STEP][PASSED] - " Your Scores (page 2) Returned with 2 Main Sections - <Your Scores> and <Details of Work> |": null

2019-11-01 15:15:32 - [TEST_STEP][PASSED] - "                                             Courtesy Listbox Selection, NA, 0 through 10 |": null

2019-11-01 15:15:32 - [TEST_STEP][PASSED] - "------------------------------------------------------------------------------------------": null

2019-11-01 15:15:32 - [TEST_STEP][PASSED] - "------------------------------------------------------------------------------------------": null

2019-11-01 15:15:32 - [TEST_STEP][PASSED] - " Your Scores (page 2) Returned with 2 Main Sections - <Your Scores> and <Details of Work> |": null

2019-11-01 15:15:32 - [TEST_STEP][PASSED] - "                                     Standard of Work Listbox Selection, NA, 0 through 10 |": null

2019-11-01 15:15:32 - [TEST_STEP][PASSED] - callTestCase(findTestCase("Reusable_Test_Sequences/Give_Feedback/Your_Scores/Your_Scores_List_Box_Selection"), [:], CONTINUE_ON_FAILURE): Call Test Case 'Test Cases/Reusable_Test_Sequences/Give_Feedback/Your_Scores/Your_Scores_List_Box_Selection' successfully

2019-11-01 15:15:32 - [TEST_CASE][PASSED] - Test Cases/Reusable_Test_Sequences/Give_Feedback/Your_Scores/Your_Scores_List_Box_Selection: Test Cases/Reusable_Test_Sequences/Give_Feedback/Your_Scores/Your_Scores_List_Box_Selection

2019-11-01 15:15:32 - [TEST_STEP][PASSED] - data = findTestData("Data Files/Give_Feedback (1)"): null

2019-11-01 15:15:32 - [TEST_STEP][PASSED] - YS_Tidiness = data.getValue("YS_Tidiness", row): null

2019-11-01 15:15:32 - [TEST_STEP][PASSED] - YS_Reliability = data.getValue("YS_Reliability", row): null

2019-11-01 15:15:32 - [TEST_STEP][PASSED] - YS_Courtesy = data.getValue("YS_Courtesy", row): null

2019-11-01 15:15:32 - [TEST_STEP][PASSED] - YS_Workmanship = data.getValue("YS_Workmanship", row): null

2019-11-01 15:15:32 - [TEST_STEP][PASSED] - "--------------------------------": null

2019-11-01 15:15:32 - [TEST_STEP][PASSED] - "Read data from spreadsheet      |": null

2019-11-01 15:15:32 - [TEST_STEP][PASSED] - "--------------------------------": null

2019-11-01 15:15:32 - [TEST_STEP][PASSED] - "------------------------------------------------------": null

2019-11-01 15:15:32 - [TEST_STEP][PASSED] - "Select Tidiness Value form List                       |": null

2019-11-01 15:15:32 - [TEST_STEP][PASSED] - selectOptionByValue(findTestObject("Page_Checkatrade Give your feedback/select_--YS_Tidiness"), YS_Tidiness, true): All options with value '2' are selected in object 'Object Repository/Page_Checkatrade Give your feedback/select_--YS_Tidiness'  using regular expression

2019-11-01 15:15:33 - [MESSAGE][PASSED] - All options with value '2' are selected in object 'Object Repository/Page_Checkatrade Give your feedback/select_--YS_Tidiness'  using regular expression

2019-11-01 15:15:33 - [TEST_STEP][PASSED] - "------------------------------------------------------": null

2019-11-01 15:15:33 - [TEST_STEP][PASSED] - "Select Reliability and Timekeeping Value form List    |": null

2019-11-01 15:15:33 - [TEST_STEP][PASSED] - selectOptionByValue(findTestObject("Page_Checkatrade Give your feedback/select_--YS_Reliability"), YS_Reliability, true): All options with value '3' are selected in object 'Object Repository/Page_Checkatrade Give your feedback/select_--YS_Reliability'  using regular expression

2019-11-01 15:15:33 - [MESSAGE][PASSED] - All options with value '3' are selected in object 'Object Repository/Page_Checkatrade Give your feedback/select_--YS_Reliability'  using regular expression

2019-11-01 15:15:33 - [TEST_STEP][PASSED] - "------------------------------------------------------": null

2019-11-01 15:15:33 - [TEST_STEP][PASSED] - "Select Courtesy Value form List                       |": null

2019-11-01 15:15:33 - [TEST_STEP][PASSED] - selectOptionByValue(findTestObject("Page_Checkatrade Give your feedback/select_--YS_Courtesy"), YS_Reliability, true): All options with value '3' are selected in object 'Object Repository/Page_Checkatrade Give your feedback/select_--YS_Courtesy'  using regular expression

2019-11-01 15:15:34 - [MESSAGE][PASSED] - All options with value '3' are selected in object 'Object Repository/Page_Checkatrade Give your feedback/select_--YS_Courtesy'  using regular expression

2019-11-01 15:15:34 - [TEST_STEP][PASSED] - "------------------------------------------------------": null

2019-11-01 15:15:34 - [TEST_STEP][PASSED] - "Select Quality and Workmanship Value form List        |": null

2019-11-01 15:15:34 - [TEST_STEP][PASSED] - selectOptionByValue(findTestObject("Page_Checkatrade Give your feedback/select_--YS_Workmanship"), YS_Workmanship, true): All options with value '1' are selected in object 'Object Repository/Page_Checkatrade Give your feedback/select_--YS_Workmanship'  using regular expression

2019-11-01 15:15:35 - [MESSAGE][PASSED] - All options with value '1' are selected in object 'Object Repository/Page_Checkatrade Give your feedback/select_--YS_Workmanship'  using regular expression

2019-11-01 15:15:35 - [MESSAGE][PASSED] - Call Test Case 'Test Cases/Reusable_Test_Sequences/Give_Feedback/Your_Scores/Your_Scores_List_Box_Selection' successfully

2019-11-01 15:15:35 - [TEST_STEP][PASSED] - "------------------------------------------------------------------------------------------": null

2019-11-01 15:15:35 - [TEST_STEP][PASSED] - " Your Scores (page 2) Returned with 2 Main Sections - <Your Scores> and <Details of Work> |": null

2019-11-01 15:15:35 - [TEST_STEP][PASSED] - " Details of Work Done - Form FIll<Description>,<Approx. date>,<How Long>, <Comments> and  |": null

2019-11-01 15:15:35 - [TEST_STEP][PASSED] - "                                                               <Feedback Publish Confirm> |": null

2019-11-01 15:15:35 - [TEST_STEP][PASSED] - callTestCase(findTestCase("Reusable_Test_Sequences/Give_Feedback/Your_Scores/Details_of_work_Done_Formfill"), [:], CONTINUE_ON_FAILURE): Call Test Case 'Test Cases/Reusable_Test_Sequences/Give_Feedback/Your_Scores/Details_of_work_Done_Formfill' successfully

2019-11-01 15:15:35 - [TEST_CASE][PASSED] - Test Cases/Reusable_Test_Sequences/Give_Feedback/Your_Scores/Details_of_work_Done_Formfill: Test Cases/Reusable_Test_Sequences/Give_Feedback/Your_Scores/Details_of_work_Done_Formfill

2019-11-01 15:15:35 - [TEST_STEP][PASSED] - data = findTestData("Data Files/Give_Feedback (1)"): null

2019-11-01 15:15:35 - [TEST_STEP][PASSED] - YS_Work_Description = data.getValue("YS_Work_Description", row): null

2019-11-01 15:15:35 - [TEST_STEP][PASSED] - YS_Work_Date = data.getValue("YS_Work_Date", row): null

2019-11-01 15:15:35 - [TEST_STEP][PASSED] - YS_Days_to_Complete = data.getValue("YS_Days_to_Complete", row): null

2019-11-01 15:15:35 - [TEST_STEP][PASSED] - YS_Work_Comments = data.getValue("YS_Work_Comments", row): null

2019-11-01 15:15:35 - [TEST_STEP][PASSED] - YS_Feedback_Published = data.getValue("YS_Feedback_Published", row): null

2019-11-01 15:15:35 - [TEST_STEP][PASSED] - "---------------------------------": null

2019-11-01 15:15:35 - [TEST_STEP][PASSED] - "Read data from spreadsheet       |": null

2019-11-01 15:15:35 - [TEST_STEP][PASSED] - "---------------------------------": null

2019-11-01 15:15:35 - [TEST_STEP][PASSED] - "---------------------------------": null

2019-11-01 15:15:35 - [TEST_STEP][PASSED] - "Brief description of work done   |": null

2019-11-01 15:15:35 - [TEST_STEP][PASSED] - setText(findTestObject("Object Repository/Page_Checkatrade Give your feedback/input_Brief description of work done_ctl00contenttbWorkDescription"), YS_Work_Description): Text 'New Parrot Fitted :-)' is set on object 'Object Repository/Page_Checkatrade Give your feedback/input_Brief description of work done_ctl00contenttbWorkDescription'

2019-11-01 15:15:35 - [MESSAGE][PASSED] - Text 'New Parrot Fitted :-)' is set on object 'Object Repository/Page_Checkatrade Give your feedback/input_Brief description of work done_ctl00contenttbWorkDescription'

2019-11-01 15:15:35 - [TEST_STEP][PASSED] - "---------------------------------": null

2019-11-01 15:15:35 - [TEST_STEP][PASSED] - "Date work was done (approx)      |": null

2019-11-01 15:15:35 - [TEST_STEP][PASSED] - "---------------------------------": null

2019-11-01 15:15:35 - [TEST_STEP][PASSED] - "---------------------------------": null

2019-11-01 15:15:35 - [TEST_STEP][PASSED] - "How many days did this job take? |": null

2019-11-01 15:15:35 - [TEST_STEP][PASSED] - setText(findTestObject("Object Repository/Page_Checkatrade Give your feedback/input_How many days did this job take"), YS_Days_to_Complete): Text '27' is set on object 'Object Repository/Page_Checkatrade Give your feedback/input_How many days did this job take'

2019-11-01 15:15:35 - [MESSAGE][PASSED] - Text '27' is set on object 'Object Repository/Page_Checkatrade Give your feedback/input_How many days did this job take'

2019-11-01 15:15:35 - [TEST_STEP][PASSED] - "---------------------------------": null

2019-11-01 15:15:35 - [TEST_STEP][PASSED] - "Your comments about the work     |": null

2019-11-01 15:15:35 - [TEST_STEP][PASSED] - setText(findTestObject("Object Repository/Page_Checkatrade Give your feedback/textarea_Your comments about the work_ctl00contenttbWorkComments"), YS_Work_Comments): Text 'Call the Police' is set on object 'Object Repository/Page_Checkatrade Give your feedback/textarea_Your comments about the work_ctl00contenttbWorkComments'

2019-11-01 15:15:35 - [MESSAGE][PASSED] - Text 'Call the Police' is set on object 'Object Repository/Page_Checkatrade Give your feedback/textarea_Your comments about the work_ctl00contenttbWorkComments'

2019-11-01 15:15:35 - [TEST_STEP][PASSED] - "---------------------------------------": null

2019-11-01 15:15:35 - [TEST_STEP][PASSED] - " Scroll Bottom of Page Into View       |": null

2019-11-01 15:15:35 - [TEST_STEP][PASSED] - "---------------------------------------": null

2019-11-01 15:15:35 - [TEST_STEP][PASSED] - "-----------------------------------------------------": null

2019-11-01 15:15:35 - [TEST_STEP][PASSED] - "Would you like your feedback published? - Yes or No  |": null

2019-11-01 15:15:35 - [TEST_STEP][PASSED] - if (YS_Feedback_Published == "Yes"): null

2019-11-01 15:15:35 - [TEST_STEP][PASSED] - else if (YS_Feedback_Published == "No"): Text 'We understand that you may not want us to contact the member, and we would like to understand why' is present on page 

2019-11-01 15:15:35 - [TEST_STEP][PASSED] - waitForElementPresent(findTestObject("Feedback/Page_Checkatrade Give your feedback/span_Publish_Feedback_No"), 10): Object 'Object Repository/Feedback/Page_Checkatrade Give your feedback/span_Publish_Feedback_No' is present

2019-11-01 15:15:35 - [MESSAGE][PASSED] - Object 'Object Repository/Feedback/Page_Checkatrade Give your feedback/span_Publish_Feedback_No' is present

2019-11-01 15:15:35 - [TEST_STEP][PASSED] - click(findTestObject("Feedback/Page_Checkatrade Give your feedback/span_Publish_Feedback_No")): Object: 'Object Repository/Feedback/Page_Checkatrade Give your feedback/span_Publish_Feedback_No' is clicked on

2019-11-01 15:15:36 - [MESSAGE][PASSED] - Object: 'Object Repository/Feedback/Page_Checkatrade Give your feedback/span_Publish_Feedback_No' is clicked on

2019-11-01 15:15:36 - [TEST_STEP][PASSED] - waitForPageLoad(60): Wait for page load successfully

2019-11-01 15:15:36 - [MESSAGE][PASSED] - Wait for page load successfully

2019-11-01 15:15:36 - [TEST_STEP][PASSED] - delay(1): Delayed 1 second(s)

2019-11-01 15:15:37 - [MESSAGE][PASSED] - Delayed 1 second(s)

2019-11-01 15:15:37 - [TEST_STEP][PASSED] - verifyTextPresent("We understand that you may not want us to contact the member, and we would like to understand why", false): Text 'We understand that you may not want us to contact the member, and we would like to understand why' is present on page 

2019-11-01 15:15:37 - [MESSAGE][PASSED] - Text 'We understand that you may not want us to contact the member, and we would like to understand why' is present on page 

2019-11-01 15:15:37 - [TEST_STEP][PASSED] - out.println("Your Experience, Recommendation, Click on the " + YS_Feedback_Published + " Option Button "): null

2019-11-01 15:15:37 - [TEST_STEP][PASSED] - delay(1): Delayed 1 second(s)

2019-11-01 15:15:38 - [MESSAGE][PASSED] - Delayed 1 second(s)

2019-11-01 15:15:38 - [TEST_STEP][PASSED] - "---------------------------------": null

2019-11-01 15:15:38 - [TEST_STEP][PASSED] - "Your comments about the work     |": null

2019-11-01 15:15:38 - [TEST_STEP][PASSED] - click(findTestObject("Object Repository/Page_Checkatrade Give your feedback/input_No_ctl00contentButton6")): Object: 'Object Repository/Page_Checkatrade Give your feedback/input_No_ctl00contentButton6' is clicked on

2019-11-01 15:15:39 - [MESSAGE][PASSED] - Object: 'Object Repository/Page_Checkatrade Give your feedback/input_No_ctl00contentButton6' is clicked on

2019-11-01 15:15:39 - [MESSAGE][PASSED] - Call Test Case 'Test Cases/Reusable_Test_Sequences/Give_Feedback/Your_Scores/Details_of_work_Done_Formfill' successfully

2019-11-01 15:15:39 - [TEST_STEP][PASSED] - scrollToPosition(125, 0): Browser is scrolled to position x = 125, y = 0

2019-11-01 15:15:39 - [MESSAGE][PASSED] - Browser is scrolled to position x = 125, y = 0

2019-11-01 15:15:39 - [TEST_STEP][PASSED] - "------------------------------------------------------------------------------------------": null

2019-11-01 15:15:39 - [TEST_STEP][PASSED] - " Your Experience (page 2) Hit <Next> Button to Continue to <Your Details>- (page 3)       |": null

2019-11-01 15:15:39 - [TEST_STEP][PASSED] - try: null

2019-11-01 15:15:39 - [TEST_STEP][PASSED] - callTestCase(findTestCase("Reusable_Test_Sequences/Give_Feedback/Your_Scores/Hit_Next"), 1): null

2019-11-01 15:15:39 - [TEST_STEP][PASSED] - catch (Exception e): null

2019-11-01 15:15:39 - [MESSAGE][PASSED] - Call Test Case 'Test Cases/Reusable_Test_Sequences/Give_Feedback/Your_Scores/Your_Scores' successfully

2019-11-01 15:15:39 - [TEST_STEP][PASSED] - if (YE_Recommend == "No" && YE_WorkCarriedOut == "Yes"): null

2019-11-01 15:15:39 - [TEST_STEP][PASSED] - "--------------------------------------": null

2019-11-01 15:15:39 - [TEST_STEP][PASSED] - " Your Details (page 3) Processing     |": null

2019-11-01 15:15:39 - [TEST_STEP][PASSED] - callTestCase(findTestCase("Reusable_Test_Sequences/Give_Feedback/Your_Details/Your_Details"), [:], CONTINUE_ON_FAILURE): Call Test Case 'Test Cases/Reusable_Test_Sequences/Give_Feedback/Your_Details/Your_Details' successfully

2019-11-01 15:15:39 - [TEST_CASE][PASSED] - Test Cases/Reusable_Test_Sequences/Give_Feedback/Your_Details/Your_Details: Test Cases/Reusable_Test_Sequences/Give_Feedback/Your_Details/Your_Details

2019-11-01 15:15:39 - [TEST_STEP][PASSED] - "---------------------------------------------------------------------------------------": null

2019-11-01 15:15:39 - [TEST_STEP][PASSED] - " Your Details (page 3)                                                                 |": null

2019-11-01 15:15:39 - [TEST_STEP][PASSED] - "---------------------------------------------------------------------------------------": null

2019-11-01 15:15:39 - [TEST_STEP][PASSED] - "-------------------------------------": null

2019-11-01 15:15:39 - [TEST_STEP][PASSED] - " Consumer or Customer Selection      |": null

2019-11-01 15:15:39 - [TEST_STEP][PASSED] - callTestCase(findTestCase("Reusable_Test_Sequences/Give_Feedback/Your_Details/Consumer_or_Customer_Selection"), [:], CONTINUE_ON_FAILURE): Call Test Case 'Test Cases/Reusable_Test_Sequences/Give_Feedback/Your_Details/Consumer_or_Customer_Selection' successfully

2019-11-01 15:15:39 - [TEST_CASE][PASSED] - Test Cases/Reusable_Test_Sequences/Give_Feedback/Your_Details/Consumer_or_Customer_Selection: Test Cases/Reusable_Test_Sequences/Give_Feedback/Your_Details/Consumer_or_Customer_Selection

2019-11-01 15:15:39 - [TEST_STEP][PASSED] - "--------------------------------": null

2019-11-01 15:15:39 - [TEST_STEP][PASSED] - "Read data from spreadsheet      |": null

2019-11-01 15:15:39 - [TEST_STEP][PASSED] - data = findTestData("Data Files/Give_Feedback (1)"): null

2019-11-01 15:15:39 - [TEST_STEP][PASSED] - YD_Consumer_Customer = data.getValue("YD_Consumer_Customer", row): null

2019-11-01 15:15:39 - [TEST_STEP][PASSED] - out.println("Your Details, Consumer OR Trade Customer, Click on the " + YD_Consumer_Customer + " Option Button "): null

2019-11-01 15:15:39 - [TEST_STEP][PASSED] - try: null

2019-11-01 15:15:39 - [TEST_STEP][PASSED] - if (YD_Consumer_Customer == "Consumer"): null

2019-11-01 15:15:39 - [TEST_STEP][PASSED] - catch (Exception e): null

2019-11-01 15:15:39 - [TEST_STEP][PASSED] - if (YD_Consumer_Customer == "Customer"): null

2019-11-01 15:15:39 - [TEST_STEP][PASSED] - out.println("Your Experience, Recommendation, Click on the " + YD_Consumer_Customer + " Option Button "): null

2019-11-01 15:15:39 - [MESSAGE][PASSED] - Call Test Case 'Test Cases/Reusable_Test_Sequences/Give_Feedback/Your_Details/Consumer_or_Customer_Selection' successfully

2019-11-01 15:15:39 - [TEST_STEP][PASSED] - "-------------------------------------": null

2019-11-01 15:15:39 - [TEST_STEP][PASSED] - " Fill Personal Details               |": null

2019-11-01 15:15:39 - [TEST_STEP][PASSED] - callTestCase(findTestCase("Reusable_Test_Sequences/Give_Feedback/Your_Details/Personal_Details_Formfill"), [:], CONTINUE_ON_FAILURE): Call Test Case 'Test Cases/Reusable_Test_Sequences/Give_Feedback/Your_Details/Personal_Details_Formfill' successfully

2019-11-01 15:15:39 - [TEST_CASE][PASSED] - Test Cases/Reusable_Test_Sequences/Give_Feedback/Your_Details/Personal_Details_Formfill: Test Cases/Reusable_Test_Sequences/Give_Feedback/Your_Details/Personal_Details_Formfill

2019-11-01 15:15:39 - [TEST_STEP][PASSED] - "--------------------------------": null

2019-11-01 15:15:39 - [TEST_STEP][PASSED] - "Read data from spreadsheet      |": null

2019-11-01 15:15:39 - [TEST_STEP][PASSED] - data = findTestData("Data Files/Give_Feedback (1)"): null

2019-11-01 15:15:39 - [TEST_STEP][PASSED] - YD_Salutation = data.getValue("YD_Salutation", row): null

2019-11-01 15:15:39 - [TEST_STEP][PASSED] - YD_Name = data.getValue("YD_Name", row): null

2019-11-01 15:15:39 - [TEST_STEP][PASSED] - YD_Company_Name = data.getValue("YD_Company_Name", row): null

2019-11-01 15:15:39 - [TEST_STEP][PASSED] - YD_Postcode = data.getValue("YD_Postcode", row): null

2019-11-01 15:15:39 - [TEST_STEP][PASSED] - YD_Verify_Address = data.getValue("YD_Verify_Address", row): null

2019-11-01 15:15:39 - [TEST_STEP][PASSED] - YD_Consumer_Customer = data.getValue("YD_Consumer_Customer", row): null

2019-11-01 15:15:39 - [TEST_STEP][PASSED] - out.println("Your Experience, Your details, Set the " + YD_Salutation + " Text Box "): null

2019-11-01 15:15:39 - [TEST_STEP][PASSED] - "--------------------": null

2019-11-01 15:15:39 - [TEST_STEP][PASSED] - "  Set  Salutation   |": null

2019-11-01 15:15:39 - [TEST_STEP][PASSED] - selectOptionByValue(findTestObject("Object Repository/New Folder/Page_Checkatrade Give your feedback/select_MrMrsMissMsMr  MrsDrRevRevd"), YD_Salutation, true): All options with value 'Mr' are selected in object 'Object Repository/New Folder/Page_Checkatrade Give your feedback/select_MrMrsMissMsMr  MrsDrRevRevd'  using regular expression

2019-11-01 15:15:40 - [MESSAGE][PASSED] - All options with value 'Mr' are selected in object 'Object Repository/New Folder/Page_Checkatrade Give your feedback/select_MrMrsMissMsMr  MrsDrRevRevd'  using regular expression

2019-11-01 15:15:40 - [TEST_STEP][PASSED] - "--------------------": null

2019-11-01 15:15:40 - [TEST_STEP][PASSED] - "  Set  Name         |": null

2019-11-01 15:15:40 - [TEST_STEP][PASSED] - if (YD_Consumer_Customer == "Consumer"): Text 'Ron Smith' is set on object 'Object Repository/New Folder/Page_Checkatrade Give your feedback/input_Name_ctl00contenttbCustomerName'

2019-11-01 15:15:40 - [TEST_STEP][PASSED] - setText(findTestObject("Object Repository/New Folder/Page_Checkatrade Give your feedback/input_Name_ctl00contenttbCustomerName"), YD_Name): Text 'Ron Smith' is set on object 'Object Repository/New Folder/Page_Checkatrade Give your feedback/input_Name_ctl00contenttbCustomerName'

2019-11-01 15:15:40 - [MESSAGE][PASSED] - Text 'Ron Smith' is set on object 'Object Repository/New Folder/Page_Checkatrade Give your feedback/input_Name_ctl00contenttbCustomerName'

2019-11-01 15:15:40 - [TEST_STEP][PASSED] - "----------------------": null

2019-11-01 15:15:40 - [TEST_STEP][PASSED] - " Name of you company  |": null

2019-11-01 15:15:40 - [TEST_STEP][PASSED] - if (YD_Consumer_Customer == "Customer"): null

2019-11-01 15:15:40 - [TEST_STEP][PASSED] - "--------------------": null

2019-11-01 15:15:40 - [TEST_STEP][PASSED] - "  Set Postcode     |": null

2019-11-01 15:15:40 - [TEST_STEP][PASSED] - setText(findTestObject("Object Repository/New Folder/Page_Checkatrade Give your feedback/input_Your postcode_ctl00contentctlCustomerAddresstbPostcodeSearch"), YD_Postcode): Text 'PO12 2SD' is set on object 'Object Repository/New Folder/Page_Checkatrade Give your feedback/input_Your postcode_ctl00contentctlCustomerAddresstbPostcodeSearch'

2019-11-01 15:15:40 - [MESSAGE][PASSED] - Text 'PO12 2SD' is set on object 'Object Repository/New Folder/Page_Checkatrade Give your feedback/input_Your postcode_ctl00contentctlCustomerAddresstbPostcodeSearch'

2019-11-01 15:15:40 - [TEST_STEP][PASSED] - "-----------------------------": null

2019-11-01 15:15:40 - [TEST_STEP][PASSED] - "  Address Lookup Selection   |": null

2019-11-01 15:15:40 - [TEST_STEP][PASSED] - click(findTestObject("Object Repository/New Folder/Page_Checkatrade Give your feedback/input_Your postcode_ctl00contentctlCustomerAddressbtnPostcodeLookup")): Object: 'Object Repository/New Folder/Page_Checkatrade Give your feedback/input_Your postcode_ctl00contentctlCustomerAddressbtnPostcodeLookup' is clicked on

2019-11-01 15:15:40 - [MESSAGE][PASSED] - Object: 'Object Repository/New Folder/Page_Checkatrade Give your feedback/input_Your postcode_ctl00contentctlCustomerAddressbtnPostcodeLookup' is clicked on

2019-11-01 15:15:40 - [TEST_STEP][PASSED] - "-----------------------------": null

2019-11-01 15:15:40 - [TEST_STEP][PASSED] - "  Address Lookup Set         |": null

2019-11-01 15:15:40 - [TEST_STEP][PASSED] - selectOptionByLabel(findTestObject("Object Repository/New Folder/Page_Checkatrade Give your feedback/select_Please select your address"), YD_Verify_Address, true): All options with label '26 Broadsands Drive,Gosport,Hampshire,PO12 2SD' are selected in object 'Object Repository/New Folder/Page_Checkatrade Give your feedback/select_Please select your address'  using regular expression

2019-11-01 15:15:42 - [MESSAGE][PASSED] - All options with label '26 Broadsands Drive,Gosport,Hampshire,PO12 2SD' are selected in object 'Object Repository/New Folder/Page_Checkatrade Give your feedback/select_Please select your address'  using regular expression

2019-11-01 15:15:42 - [TEST_STEP][PASSED] - "-----------------------------": null

2019-11-01 15:15:42 - [TEST_STEP][PASSED] - "  Verify Returned Address    |": null

2019-11-01 15:15:42 - [TEST_STEP][PASSED] - verifyTextPresent(YD_Verify_Address, false): Text '26 Broadsands Drive,Gosport,Hampshire,PO12 2SD' is present on page 

2019-11-01 15:15:42 - [MESSAGE][PASSED] - Text '26 Broadsands Drive,Gosport,Hampshire,PO12 2SD' is present on page 

2019-11-01 15:15:42 - [MESSAGE][PASSED] - Call Test Case 'Test Cases/Reusable_Test_Sequences/Give_Feedback/Your_Details/Personal_Details_Formfill' successfully

2019-11-01 15:15:42 - [TEST_STEP][PASSED] - "-------------------------------------": null

2019-11-01 15:15:42 - [TEST_STEP][PASSED] - " Fil Contact Details                 |": null

2019-11-01 15:15:42 - [TEST_STEP][PASSED] - callTestCase(findTestCase("Reusable_Test_Sequences/Give_Feedback/Your_Details/Contact_Details_Formfill"), [:], CONTINUE_ON_FAILURE): Call Test Case 'Test Cases/Reusable_Test_Sequences/Give_Feedback/Your_Details/Contact_Details_Formfill' successfully

2019-11-01 15:15:42 - [TEST_CASE][PASSED] - Test Cases/Reusable_Test_Sequences/Give_Feedback/Your_Details/Contact_Details_Formfill: Test Cases/Reusable_Test_Sequences/Give_Feedback/Your_Details/Contact_Details_Formfill

2019-11-01 15:15:42 - [TEST_STEP][PASSED] - "--------------------------------": null

2019-11-01 15:15:42 - [TEST_STEP][PASSED] - "Read data from spreadsheet      |": null

2019-11-01 15:15:42 - [TEST_STEP][PASSED] - data = findTestData("Data Files/Give_Feedback (1)"): null

2019-11-01 15:15:42 - [TEST_STEP][PASSED] - YD_Home_Phone = data.getValue("YD_Home_Phone", row): null

2019-11-01 15:15:42 - [TEST_STEP][PASSED] - YD_Name = data.getValue("YD_Name", row): null

2019-11-01 15:15:42 - [TEST_STEP][PASSED] - YD_Best_Contact_Time = data.getValue("YD_Best_Contact_Time", row): null

2019-11-01 15:15:42 - [TEST_STEP][PASSED] - YD_Email = data.getValue("YD_Email", row): null

2019-11-01 15:15:42 - [TEST_STEP][PASSED] - YD_Mobile = data.getValue("YD_Mobile", row): null

2019-11-01 15:15:42 - [TEST_STEP][PASSED] - YD_Consumer_Customer = data.getValue("YD_Consumer_Customer", row): null

2019-11-01 15:15:42 - [TEST_STEP][PASSED] - out.println("Your Experience, Your details, Set the " + YD_Home_Phone + " Text Box "): null

2019-11-01 15:15:42 - [TEST_STEP][PASSED] - "------------------------------": null

2019-11-01 15:15:42 - [TEST_STEP][PASSED] - "  Set Home Telephone Number   |": null

2019-11-01 15:15:42 - [TEST_STEP][PASSED] - setText(findTestObject("Object Repository/New Folder/Page_Checkatrade Give your feedback/input_Home telephone_ctl00contenttbCustomerHomePhone"), YD_Home_Phone): Text '02392123456' is set on object 'Object Repository/New Folder/Page_Checkatrade Give your feedback/input_Home telephone_ctl00contenttbCustomerHomePhone'

2019-11-01 15:15:42 - [MESSAGE][PASSED] - Text '02392123456' is set on object 'Object Repository/New Folder/Page_Checkatrade Give your feedback/input_Home telephone_ctl00contenttbCustomerHomePhone'

2019-11-01 15:15:42 - [TEST_STEP][PASSED] - "------------------------------": null

2019-11-01 15:15:42 - [TEST_STEP][PASSED] - "  Set Best Time to Contact    |": null

2019-11-01 15:15:42 - [TEST_STEP][PASSED] - if (YD_Consumer_Customer == "Consumer"): Text 'Between Midnight and 2AM' is set on object 'Object Repository/New Folder/Page_Checkatrade Give your feedback/input_Best time to contact you_ctl00contenttbCustomerContactTime'

2019-11-01 15:15:42 - [TEST_STEP][PASSED] - setText(findTestObject("Object Repository/New Folder/Page_Checkatrade Give your feedback/input_Best time to contact you_ctl00contenttbCustomerContactTime"), YD_Best_Contact_Time): Text 'Between Midnight and 2AM' is set on object 'Object Repository/New Folder/Page_Checkatrade Give your feedback/input_Best time to contact you_ctl00contenttbCustomerContactTime'

2019-11-01 15:15:42 - [MESSAGE][PASSED] - Text 'Between Midnight and 2AM' is set on object 'Object Repository/New Folder/Page_Checkatrade Give your feedback/input_Best time to contact you_ctl00contenttbCustomerContactTime'

2019-11-01 15:15:42 - [TEST_STEP][PASSED] - "------------------------------": null

2019-11-01 15:15:42 - [TEST_STEP][PASSED] - "  Set Email Address           |": null

2019-11-01 15:15:42 - [TEST_STEP][PASSED] - setText(findTestObject("Object Repository/New Folder/Page_Checkatrade Give your feedback/input_Email_ctl00contenttbCustomerEmail"), YD_Email): Text 'Test_xxxxxx@xdxdxdxd.com' is set on object 'Object Repository/New Folder/Page_Checkatrade Give your feedback/input_Email_ctl00contenttbCustomerEmail'

2019-11-01 15:15:42 - [MESSAGE][PASSED] - Text 'Test_xxxxxx@xdxdxdxd.com' is set on object 'Object Repository/New Folder/Page_Checkatrade Give your feedback/input_Email_ctl00contenttbCustomerEmail'

2019-11-01 15:15:42 - [TEST_STEP][PASSED] - "------------------------------": null

2019-11-01 15:15:42 - [TEST_STEP][PASSED] - "  Set Mobile Telephone Number |": null

2019-11-01 15:15:42 - [TEST_STEP][PASSED] - setText(findTestObject("Object Repository/New Folder/Page_Checkatrade Give your feedback/input_Mobile_ctl00contenttbCustomerMobile"), YD_Mobile): Text '07788123456' is set on object 'Object Repository/New Folder/Page_Checkatrade Give your feedback/input_Mobile_ctl00contenttbCustomerMobile'

2019-11-01 15:15:42 - [MESSAGE][PASSED] - Text '07788123456' is set on object 'Object Repository/New Folder/Page_Checkatrade Give your feedback/input_Mobile_ctl00contenttbCustomerMobile'

2019-11-01 15:15:42 - [MESSAGE][PASSED] - Call Test Case 'Test Cases/Reusable_Test_Sequences/Give_Feedback/Your_Details/Contact_Details_Formfill' successfully

2019-11-01 15:15:42 - [TEST_STEP][PASSED] - "-------------------------------------": null

2019-11-01 15:15:42 - [TEST_STEP][PASSED] - " CHeckatrade Questions               |": null

2019-11-01 15:15:42 - [TEST_STEP][PASSED] - callTestCase(findTestCase("Reusable_Test_Sequences/Give_Feedback/Your_Details/Checkatrade_Questions"), [:], CONTINUE_ON_FAILURE): Call Test Case 'Test Cases/Reusable_Test_Sequences/Give_Feedback/Your_Details/Checkatrade_Questions' successfully

2019-11-01 15:15:43 - [TEST_CASE][PASSED] - Test Cases/Reusable_Test_Sequences/Give_Feedback/Your_Details/Checkatrade_Questions: Test Cases/Reusable_Test_Sequences/Give_Feedback/Your_Details/Checkatrade_Questions

2019-11-01 15:15:43 - [TEST_STEP][PASSED] - "--------------------------------": null

2019-11-01 15:15:43 - [TEST_STEP][PASSED] - "Read data from spreadsheet      |": null

2019-11-01 15:15:43 - [TEST_STEP][PASSED] - data = findTestData("Data Files/Give_Feedback (1)"): null

2019-11-01 15:15:43 - [TEST_STEP][PASSED] - YD_Feedback_Method = data.getValue("YD_Feedback_Method", row): null

2019-11-01 15:15:43 - [TEST_STEP][PASSED] - YD_How_Did_You_Hear = data.getValue("YD_How_Did_You_Hear", row): null

2019-11-01 15:15:43 - [TEST_STEP][PASSED] - YD_Other_Response = data.getValue("YD_Other_Response", row): null

2019-11-01 15:15:43 - [TEST_STEP][PASSED] - YD_Reason_For_Tradeperson_Selection = data.getValue("YD_Reason_For_Tradeperson_Selection", row): null

2019-11-01 15:15:43 - [TEST_STEP][PASSED] - YD_Receive_Chekatrade_Updates = data.getValue("YD_Receive_Chekatrade_Updates", row): null

2019-11-01 15:15:43 - [TEST_STEP][PASSED] - YD_Receive_Third_Party_Updates = data.getValue("YD_Receive_Third_Party_Updates", row): null

2019-11-01 15:15:43 - [TEST_STEP][PASSED] - out.println("Your Experience, Your details, Set the " + YD_Feedback_Method + " Text Box "): null

2019-11-01 15:15:43 - [TEST_STEP][PASSED] - "------------------------------------": null

2019-11-01 15:15:43 - [TEST_STEP][PASSED] - "  Set Verify Options - SMS OR Email |": null

2019-11-01 15:15:43 - [TEST_STEP][PASSED] - if (YD_Feedback_Method == "email"): Wait for page load successfully

2019-11-01 15:15:43 - [TEST_STEP][PASSED] - click(findTestObject("Object Repository/Page_Checkatrade Give your feedback/span_Verify by email")): Object: 'Object Repository/Page_Checkatrade Give your feedback/span_Verify by email' is clicked on

2019-11-01 15:15:43 - [MESSAGE][PASSED] - Object: 'Object Repository/Page_Checkatrade Give your feedback/span_Verify by email' is clicked on

2019-11-01 15:15:43 - [TEST_STEP][PASSED] - waitForPageLoad(2): Wait for page load successfully

2019-11-01 15:15:43 - [MESSAGE][PASSED] - Wait for page load successfully

2019-11-01 15:15:43 - [TEST_STEP][PASSED] - "--------------------------------------": null

2019-11-01 15:15:43 - [TEST_STEP][PASSED] - " Scroll to <Next> Button              |": null

2019-11-01 15:15:43 - [TEST_STEP][PASSED] - scrollToPosition(200, 0): Browser is scrolled to position x = 200, y = 0

2019-11-01 15:15:43 - [MESSAGE][PASSED] - Browser is scrolled to position x = 200, y = 0

2019-11-01 15:15:43 - [TEST_STEP][PASSED] - "--------------------------------------": null

2019-11-01 15:15:43 - [TEST_STEP][PASSED] - "  Set How You Heard About Checkatrade |": null

2019-11-01 15:15:43 - [TEST_STEP][PASSED] - waitForPageLoad(2): Wait for page load successfully

2019-11-01 15:15:43 - [MESSAGE][PASSED] - Wait for page load successfully

2019-11-01 15:15:43 - [TEST_STEP][PASSED] - selectOptionByLabel(findTestObject("Object Repository/Page_Checkatrade Give your feedback/select_Please selectTVRadioOnlineDirectoryWord"), YD_How_Did_You_Hear, true): All options with label 'Radio' are selected in object 'Object Repository/Page_Checkatrade Give your feedback/select_Please selectTVRadioOnlineDirectoryWord'  using regular expression

2019-11-01 15:15:43 - [MESSAGE][PASSED] - All options with label 'Radio' are selected in object 'Object Repository/Page_Checkatrade Give your feedback/select_Please selectTVRadioOnlineDirectoryWord'  using regular expression

2019-11-01 15:15:43 - [TEST_STEP][PASSED] - "--------------------------------------": null

2019-11-01 15:15:43 - [TEST_STEP][PASSED] - "  How did you hear about Textbox      |": null

2019-11-01 15:15:43 - [TEST_STEP][PASSED] - if (YD_How_Did_You_Hear == "Other"): null

2019-11-01 15:15:43 - [TEST_STEP][PASSED] - "--------------------------------------": null

2019-11-01 15:15:43 - [TEST_STEP][PASSED] - "  Why Use The Selected Tradesperson   |": null

2019-11-01 15:15:43 - [TEST_STEP][PASSED] - selectOptionByIndex(findTestObject("Object Repository/New Folder/Page_Checkatrade Give your feedback/select_Prefer not to sayFound the Tradesperson via CheckatradecomDirected to Checkatradecom by the Tradesperson"), 2): All options with index in [2] are selected on object 'Object Repository/New Folder/Page_Checkatrade Give your feedback/select_Prefer not to sayFound the Tradesperson via CheckatradecomDirected to Checkatradecom by the Tradesperson'

2019-11-01 15:15:44 - [MESSAGE][PASSED] - All options with index in [2] are selected on object 'Object Repository/New Folder/Page_Checkatrade Give your feedback/select_Prefer not to sayFound the Tradesperson via CheckatradecomDirected to Checkatradecom by the Tradesperson'

2019-11-01 15:15:44 - [TEST_STEP][PASSED] - "----------------------------------------------------": null

2019-11-01 15:15:44 - [TEST_STEP][PASSED] - " Select - I am happy to receive Updates - Checkatra |": null

2019-11-01 15:15:44 - [TEST_STEP][PASSED] - if (YD_Receive_Chekatrade_Updates == "Yes"): null

2019-11-01 15:15:44 - [TEST_STEP][PASSED] - "----------------------------------------------------": null

2019-11-01 15:15:44 - [TEST_STEP][PASSED] - " Select - I am happy to receive Updates - 3rd party |": null

2019-11-01 15:15:44 - [TEST_STEP][PASSED] - if (YD_Receive_Third_Party_Updates == "Yes"): null

2019-11-01 15:15:44 - [TEST_STEP][PASSED] - "--------------------------------------": null

2019-11-01 15:15:44 - [TEST_STEP][PASSED] - "   SUBMIT Page                        |": null

2019-11-01 15:15:44 - [TEST_STEP][PASSED] - click(findTestObject("Object Repository/New Folder/Page_Checkatrade Give your feedback/input_here_ctl00contentButtonSubmit")): Object: 'Object Repository/New Folder/Page_Checkatrade Give your feedback/input_here_ctl00contentButtonSubmit' is clicked on

2019-11-01 15:15:45 - [MESSAGE][PASSED] - Object: 'Object Repository/New Folder/Page_Checkatrade Give your feedback/input_here_ctl00contentButtonSubmit' is clicked on

2019-11-01 15:15:45 - [TEST_STEP][PASSED] - waitForPageLoad(2): Wait for page load successfully

2019-11-01 15:15:45 - [MESSAGE][PASSED] - Wait for page load successfully

2019-11-01 15:15:45 - [MESSAGE][PASSED] - Call Test Case 'Test Cases/Reusable_Test_Sequences/Give_Feedback/Your_Details/Checkatrade_Questions' successfully

2019-11-01 15:15:45 - [TEST_STEP][PASSED] - "-------------------------------------": null

2019-11-01 15:15:45 - [TEST_STEP][PASSED] - " Commit form                         |": null

2019-11-01 15:15:45 - [TEST_STEP][PASSED] - waitForPageLoad(60): Wait for page load successfully

2019-11-01 15:15:45 - [MESSAGE][PASSED] - Wait for page load successfully

2019-11-01 15:15:45 - [MESSAGE][PASSED] - Call Test Case 'Test Cases/Reusable_Test_Sequences/Give_Feedback/Your_Details/Your_Details' successfully

2019-11-01 15:15:45 - [TEST_STEP][PASSED] - "--------------------------------------": null

2019-11-01 15:15:45 - [TEST_STEP][PASSED] - " Further Info (page 4) Processing     |": null

2019-11-01 15:15:45 - [TEST_STEP][PASSED] - callTestCase(findTestCase("Reusable_Test_Sequences/Give_Feedback/Further_Infomation/Further_Information"), [:], CONTINUE_ON_FAILURE): Call Test Case 'Test Cases/Reusable_Test_Sequences/Give_Feedback/Further_Infomation/Further_Information' successfully

2019-11-01 15:15:45 - [TEST_CASE][PASSED] - Test Cases/Reusable_Test_Sequences/Give_Feedback/Further_Infomation/Further_Information: Test Cases/Reusable_Test_Sequences/Give_Feedback/Further_Infomation/Further_Information

2019-11-01 15:15:45 - [TEST_STEP][PASSED] - "--------------------------------": null

2019-11-01 15:15:45 - [TEST_STEP][PASSED] - "  Read data from spreadsheet    |": null

2019-11-01 15:15:45 - [TEST_STEP][PASSED] - data = findTestData("Data Files/Give_Feedback (1)"): null

2019-11-01 15:15:45 - [TEST_STEP][PASSED] - FD_Value_of_Work = data.getValue("FD_Value_of_Work", row): null

2019-11-01 15:15:45 - [TEST_STEP][PASSED] - "-----------": null

2019-11-01 15:15:45 - [TEST_STEP][PASSED] - "  Synch    |": null

2019-11-01 15:15:45 - [TEST_STEP][PASSED] - waitForElementPresent(findTestObject("Object Repository/New Folder1/Page_Checkatrade Give your feedback/input_Value Of Work_ctl00contenttbValueOfWork"), 25): Object 'Object Repository/New Folder1/Page_Checkatrade Give your feedback/input_Value Of Work_ctl00contenttbValueOfWork' is present

2019-11-01 15:15:45 - [MESSAGE][PASSED] - Object 'Object Repository/New Folder1/Page_Checkatrade Give your feedback/input_Value Of Work_ctl00contenttbValueOfWork' is present

2019-11-01 15:15:45 - [TEST_STEP][PASSED] - "--------------------------------": null

2019-11-01 15:15:45 - [TEST_STEP][PASSED] - "  Set the Value of Work Textbox |": null

2019-11-01 15:15:45 - [TEST_STEP][PASSED] - setText(findTestObject("Object Repository/New Folder1/Page_Checkatrade Give your feedback/input_Value Of Work_ctl00contenttbValueOfWork"), FD_Value_of_Work): Text '6789.99' is set on object 'Object Repository/New Folder1/Page_Checkatrade Give your feedback/input_Value Of Work_ctl00contenttbValueOfWork'

2019-11-01 15:15:45 - [MESSAGE][PASSED] - Text '6789.99' is set on object 'Object Repository/New Folder1/Page_Checkatrade Give your feedback/input_Value Of Work_ctl00contenttbValueOfWork'

2019-11-01 15:15:45 - [TEST_STEP][PASSED] - "--------------------------------": null

2019-11-01 15:15:45 - [TEST_STEP][PASSED] - "  Hit <Submit> button to Commit |": null

2019-11-01 15:15:45 - [TEST_STEP][PASSED] - click(findTestObject("Object Repository/New Folder/Page_Checkatrade Give your feedback/input_Value Of Work_ctl00contentButton1")): Object: 'Object Repository/New Folder/Page_Checkatrade Give your feedback/input_Value Of Work_ctl00contentButton1' is clicked on

2019-11-01 15:15:50 - [MESSAGE][PASSED] - Object: 'Object Repository/New Folder/Page_Checkatrade Give your feedback/input_Value Of Work_ctl00contentButton1' is clicked on

2019-11-01 15:15:50 - [TEST_STEP][PASSED] - "--------------------------------": null

2019-11-01 15:15:50 - [TEST_STEP][PASSED] - "  Wait for FInal Page Load      |": null

2019-11-01 15:15:50 - [TEST_STEP][PASSED] - waitForPageLoad(60): Wait for page load successfully

2019-11-01 15:15:51 - [MESSAGE][PASSED] - Wait for page load successfully

2019-11-01 15:15:51 - [MESSAGE][PASSED] - Call Test Case 'Test Cases/Reusable_Test_Sequences/Give_Feedback/Further_Infomation/Further_Information' successfully

2019-11-01 15:15:51 - [TEST_STEP][PASSED] - "--------------------------------------": null

2019-11-01 15:15:51 - [TEST_STEP][PASSED] - " Thank You! (page 5) Processing       |": null

2019-11-01 15:15:51 - [TEST_STEP][PASSED] - callTestCase(findTestCase("Reusable_Test_Sequences/Give_Feedback/Final_Page"), [:], CONTINUE_ON_FAILURE): Call Test Case 'Test Cases/Reusable_Test_Sequences/Give_Feedback/Final_Page' successfully

2019-11-01 15:15:51 - [TEST_CASE][PASSED] - Test Cases/Reusable_Test_Sequences/Give_Feedback/Final_Page: Test Cases/Reusable_Test_Sequences/Give_Feedback/Final_Page

2019-11-01 15:15:51 - [TEST_STEP][PASSED] - waitForPageLoad(2): Wait for page load successfully

2019-11-01 15:15:51 - [MESSAGE][PASSED] - Wait for page load successfully

2019-11-01 15:15:51 - [TEST_STEP][PASSED] - "--------------------------------": null

2019-11-01 15:15:51 - [TEST_STEP][PASSED] - "Read data from spreadsheet      |": null

2019-11-01 15:15:51 - [TEST_STEP][PASSED] - data = findTestData("Data Files/Give_Feedback (1)"): null

2019-11-01 15:15:51 - [TEST_STEP][PASSED] - Account_Verification_Name = data.getValue("Account_Verification_Name", row): null

2019-11-01 15:15:51 - [TEST_STEP][PASSED] - YE_Recommend = data.getValue("YE_Recommendations", row): null

2019-11-01 15:15:51 - [TEST_STEP][PASSED] - YE_Work_Carried_Out = data.getValue("YE_Work_Carried_Out", row): null

2019-11-01 15:15:51 - [TEST_STEP][PASSED] - waitForElementVisible(findTestObject("Object Repository/New Folder/Page_Checkatrade Give your feedback/a_Finish"), 25): Object 'Object Repository/New Folder/Page_Checkatrade Give your feedback/a_Finish' is visible

2019-11-01 15:16:02 - [MESSAGE][PASSED] - Object 'Object Repository/New Folder/Page_Checkatrade Give your feedback/a_Finish' is visible

2019-11-01 15:16:02 - [TEST_STEP][PASSED] - "------------------------------------": null

2019-11-01 15:16:02 - [TEST_STEP][PASSED] - "  Verify Page Detail                |": null

2019-11-01 15:16:02 - [TEST_STEP][PASSED] - if (YE_Recommend == "Yes"): Text 'Finish' is present on page 

2019-11-01 15:16:02 - [TEST_STEP][PASSED] - verifyTextPresent("A Checkatrade staff member will now review your feedback for", false): Text 'A Checkatrade staff member will now review your feedback for' is present on page 

2019-11-01 15:16:03 - [MESSAGE][PASSED] - Text 'A Checkatrade staff member will now review your feedback for' is present on page 

2019-11-01 15:16:03 - [TEST_STEP][PASSED] - verifyTextPresent(Account_Verification_Name, false): Text 'Test Account' is present on page 

2019-11-01 15:16:03 - [MESSAGE][PASSED] - Text 'Test Account' is present on page 

2019-11-01 15:16:03 - [TEST_STEP][PASSED] - verifyTextPresent("Finish", false): Text 'Finish' is present on page 

2019-11-01 15:16:03 - [MESSAGE][PASSED] - Text 'Finish' is present on page 

2019-11-01 15:16:03 - [TEST_STEP][PASSED] - verifyTextPresent("Thank you", true): Text 'Thank you' is present on page  using regular expression

2019-11-01 15:16:03 - [MESSAGE][PASSED] - Text 'Thank you' is present on page  using regular expression

2019-11-01 15:16:03 - [TEST_STEP][PASSED] - "------------------------------------": null

2019-11-01 15:16:03 - [TEST_STEP][PASSED] - "  Hit Finish                        |": null

2019-11-01 15:16:03 - [TEST_STEP][PASSED] - click(findTestObject("Object Repository/New Folder/Page_Checkatrade Give your feedback/a_Finish")): Object: 'Object Repository/New Folder/Page_Checkatrade Give your feedback/a_Finish' is clicked on

2019-11-01 15:16:04 - [MESSAGE][PASSED] - Object: 'Object Repository/New Folder/Page_Checkatrade Give your feedback/a_Finish' is clicked on

2019-11-01 15:16:04 - [MESSAGE][PASSED] - Call Test Case 'Test Cases/Reusable_Test_Sequences/Give_Feedback/Final_Page' successfully

2019-11-01 15:16:04 - [TEST_STEP][PASSED] - "--------------------------------------": null

2019-11-01 15:16:04 - [TEST_STEP][PASSED] - "  Verify Return to Home Page          |": null

2019-11-01 15:16:04 - [TEST_STEP][PASSED] - callTestCase(findTestCase("Reusable_Test_Sequences/CAT_Home"), [:], CONTINUE_ON_FAILURE): Call Test Case 'Test Cases/Reusable_Test_Sequences/CAT_Home' successfully

2019-11-01 15:16:04 - [TEST_CASE][PASSED] - Test Cases/Reusable_Test_Sequences/CAT_Home: Test Cases/Reusable_Test_Sequences/CAT_Home

2019-11-01 15:16:04 - [TEST_STEP][PASSED] - waitForPageLoad(2): Wait for page load successfully

2019-11-01 15:16:04 - [MESSAGE][PASSED] - Wait for page load successfully

2019-11-01 15:16:04 - [TEST_STEP][PASSED] - waitForElementVisible(findTestObject("Object Repository/Checkatrade_Trade_Search_Page/Page_Checkatrade Find a tradesperson you can trust/a_Search"), 10): Object 'Object Repository/Checkatrade_Trade_Search_Page/Page_Checkatrade Find a tradesperson you can trust/a_Search' is visible

2019-11-01 15:16:04 - [MESSAGE][PASSED] - Object 'Object Repository/Checkatrade_Trade_Search_Page/Page_Checkatrade Find a tradesperson you can trust/a_Search' is visible

2019-11-01 15:16:04 - [TEST_STEP][PASSED] - "------------------------------------": null

2019-11-01 15:16:04 - [TEST_STEP][PASSED] - verifyTextPresent("Helping you find the right trade or service", false): Text 'Helping you find the right trade or service' is present on page 

2019-11-01 15:16:05 - [MESSAGE][PASSED] - Text 'Helping you find the right trade or service' is present on page 

2019-11-01 15:16:05 - [TEST_STEP][PASSED] - verifyTextPresent("Search through over", false): Text 'Search through over' is present on page 

2019-11-01 15:16:05 - [MESSAGE][PASSED] - Text 'Search through over' is present on page 

2019-11-01 15:16:05 - [TEST_STEP][PASSED] - verifyTextPresent("recommended, vetted and monitored trades and service providers for free.", false): Text 'recommended, vetted and monitored trades and service providers for free.' is present on page 

2019-11-01 15:16:05 - [MESSAGE][PASSED] - Text 'recommended, vetted and monitored trades and service providers for free.' is present on page 

2019-11-01 15:16:05 - [TEST_STEP][PASSED] - verifyTextPresent("or look up a member by name", false): Text 'or look up a member by name' is present on page 

2019-11-01 15:16:05 - [MESSAGE][PASSED] - Text 'or look up a member by name' is present on page 

2019-11-01 15:16:05 - [TEST_STEP][PASSED] - verifyTextPresent("reviews published so far – thank you!", false): Text 'reviews published so far – thank you!' is present on page 

2019-11-01 15:16:06 - [MESSAGE][PASSED] - Text 'reviews published so far – thank you!' is present on page 

2019-11-01 15:16:06 - [TEST_STEP][PASSED] - CurrentUrl = getUrl(): Current window's url is: 'https://www.preview.checkatrade.com/'

2019-11-01 15:16:06 - [MESSAGE][PASSED] - Current window's url is: 'https://www.preview.checkatrade.com/'

2019-11-01 15:16:06 - [TEST_STEP][PASSED] - if (CurrentUrl == URL): null

2019-11-01 15:16:06 - [TEST_STEP][PASSED] - out.println("We have been redirected, correctly back to home URL" + URL): null

2019-11-01 15:16:06 - [MESSAGE][PASSED] - Call Test Case 'Test Cases/Reusable_Test_Sequences/CAT_Home' successfully

2019-11-01 15:16:06 - [TEST_STEP][PASSED] - "--------------------------------------": null

2019-11-01 15:16:06 - [TEST_STEP][PASSED] - " Processing Completion                |": null

2019-11-01 15:16:06 - [TEST_STEP][PASSED] - "--------------------------------------": null

2019-11-01 15:16:06 - [TEST_STEP][PASSED] - "--------------------------": null

2019-11-01 15:16:06 - [TEST_STEP][PASSED] - " Teardown - CLose Browser |": null

2019-11-01 15:16:06 - [TEST_STEP][PASSED] - callTestCase(findTestCase("Reusable_Test_Sequences/CAT_Teardown"), [:], OPTIONAL): Call Test Case 'Test Cases/Reusable_Test_Sequences/CAT_Teardown' successfully

2019-11-01 15:16:06 - [TEST_CASE][PASSED] - Test Cases/Reusable_Test_Sequences/CAT_Teardown: Test Cases/Reusable_Test_Sequences/CAT_Teardown

2019-11-01 15:16:06 - [TEST_STEP][PASSED] - closeBrowser(): Browser is closed

2019-11-01 15:16:07 - [MESSAGE][PASSED] - Browser is closed

2019-11-01 15:16:07 - [MESSAGE][PASSED] - Call Test Case 'Test Cases/Reusable_Test_Sequences/CAT_Teardown' successfully

2019-11-01 15:16:07 - [TEST_STEP][PASSED] - callTestCase(findTestCase("Reusable_Test_Sequences/CAT_Setup"), [:], OPTIONAL): Call Test Case 'Test Cases/Reusable_Test_Sequences/CAT_Setup' successfully

2019-11-01 15:16:07 - [TEST_CASE][PASSED] - Test Cases/Reusable_Test_Sequences/CAT_Setup: Test Cases/Reusable_Test_Sequences/CAT_Setup

2019-11-01 15:16:07 - [TEST_STEP][PASSED] - "URL - Set from the ENVIRONMENT PROFILE ": null

2019-11-01 15:16:07 - [TEST_STEP][PASSED] - openBrowser(URL): Browser is opened with url: 'https://www.preview.checkatrade.com/'

2019-11-01 15:16:07 - [MESSAGE][INFO] - Starting 'Firefox' driver

2019-11-01 15:16:13 - [MESSAGE][PASSED] - Browser is opened with url: 'https://www.preview.checkatrade.com/'

2019-11-01 15:16:13 - [TEST_STEP][PASSED] - maximizeWindow(): Current window maximized

2019-11-01 15:16:13 - [MESSAGE][PASSED] - Current window maximized

2019-11-01 15:16:13 - [TEST_STEP][PASSED] - waitForPageLoad(60): Wait for page load successfully

2019-11-01 15:16:13 - [MESSAGE][PASSED] - Wait for page load successfully

2019-11-01 15:16:13 - [TEST_STEP][PASSED] - waitForElementVisible(findTestObject("Page_Checkatrade Find a tradesperson you can trust/a_Search"), 25): Object 'Object Repository/Page_Checkatrade Find a tradesperson you can trust/a_Search' is visible

2019-11-01 15:16:13 - [MESSAGE][PASSED] - Object 'Object Repository/Page_Checkatrade Find a tradesperson you can trust/a_Search' is visible

2019-11-01 15:16:13 - [TEST_STEP][PASSED] - try: null

2019-11-01 15:16:13 - [TEST_STEP][PASSED] - if (verifyElementPresent(findTestObject("Page_Checkatrade Find a tradesperson you can trust/div_close"), 1, OPTIONAL)): null

2019-11-01 15:16:13 - [MESSAGE][PASSED] - Object 'Object Repository/Page_Checkatrade Find a tradesperson you can trust/div_close' is present

2019-11-01 15:16:13 - [TEST_STEP][PASSED] - click(findTestObject("Page_Checkatrade Find a tradesperson you can trust/div_close")): Object: 'Object Repository/Page_Checkatrade Find a tradesperson you can trust/div_close' is clicked on

2019-11-01 15:16:14 - [MESSAGE][PASSED] - Object: 'Object Repository/Page_Checkatrade Find a tradesperson you can trust/div_close' is clicked on

2019-11-01 15:16:14 - [TEST_STEP][PASSED] - "---------------------------------": null

2019-11-01 15:16:14 - [TEST_STEP][PASSED] - "COOKIE POPOUT REMOVED - Confirmed": null

2019-11-01 15:16:14 - [TEST_STEP][PASSED] - delay(1): Delayed 1 second(s)

2019-11-01 15:16:15 - [MESSAGE][PASSED] - Delayed 1 second(s)

2019-11-01 15:16:15 - [TEST_STEP][PASSED] - verifyTextNotPresent("Checkatrade.com uses cookies to make sure you get the best browsing experience", false): Text 'Checkatrade.com uses cookies to make sure you get the best browsing experience' is not present on page

2019-11-01 15:16:15 - [MESSAGE][PASSED] - Text 'Checkatrade.com uses cookies to make sure you get the best browsing experience' is not present on page

2019-11-01 15:16:15 - [TEST_STEP][PASSED] - try: null

2019-11-01 15:16:15 - [TEST_STEP][PASSED] - if (verifyElementPresent(findTestObject("Page_Checkatrade Find a tradesperson you can trust/div_close_1"), 1, OPTIONAL)): null

2019-11-01 15:16:15 - [MESSAGE][PASSED] - Object 'Object Repository/Page_Checkatrade Find a tradesperson you can trust/div_close_1' is present

2019-11-01 15:16:15 - [TEST_STEP][PASSED] - click(findTestObject("Page_Checkatrade Find a tradesperson you can trust/div_close_1")): Object: 'Object Repository/Page_Checkatrade Find a tradesperson you can trust/div_close_1' is clicked on

2019-11-01 15:16:15 - [MESSAGE][PASSED] - Object: 'Object Repository/Page_Checkatrade Find a tradesperson you can trust/div_close_1' is clicked on

2019-11-01 15:16:15 - [TEST_STEP][PASSED] - "---------------------------------": null

2019-11-01 15:16:15 - [TEST_STEP][PASSED] - "PRIVACY POPOUT REMOVED - Confirmed": null

2019-11-01 15:16:15 - [TEST_STEP][PASSED] - delay(1): Delayed 1 second(s)

2019-11-01 15:16:17 - [MESSAGE][PASSED] - Delayed 1 second(s)

2019-11-01 15:16:17 - [TEST_STEP][PASSED] - verifyTextNotPresent("We have updated our Privacy Policy, please review this", false): Text 'We have updated our Privacy Policy, please review this' is not present on page

2019-11-01 15:16:17 - [MESSAGE][PASSED] - Text 'We have updated our Privacy Policy, please review this' is not present on page

2019-11-01 15:16:17 - [MESSAGE][PASSED] - Call Test Case 'Test Cases/Reusable_Test_Sequences/CAT_Setup' successfully

2019-11-01 15:16:17 - [TEST_STEP][PASSED] - "-----------------------------------------------------": null

2019-11-01 15:16:17 - [TEST_STEP][PASSED] - " Hit the <Give Feedback> link in the header banner   |": null

2019-11-01 15:16:17 - [TEST_STEP][PASSED] - callTestCase(findTestCase("Reusable_Test_Sequences/Banner_Menu/Give_Feedback"), [:], CONTINUE_ON_FAILURE): Call Test Case 'Test Cases/Reusable_Test_Sequences/Banner_Menu/Give_Feedback' successfully

2019-11-01 15:16:17 - [TEST_CASE][PASSED] - Test Cases/Reusable_Test_Sequences/Banner_Menu/Give_Feedback: Test Cases/Reusable_Test_Sequences/Banner_Menu/Give_Feedback

2019-11-01 15:16:17 - [TEST_STEP][PASSED] - click(findTestObject("Object Repository/Page_Checkatrade Find a tradesperson you can trust/a_Give feedback")): Object: 'Object Repository/Page_Checkatrade Find a tradesperson you can trust/a_Give feedback' is clicked on

2019-11-01 15:16:18 - [MESSAGE][PASSED] - Object: 'Object Repository/Page_Checkatrade Find a tradesperson you can trust/a_Give feedback' is clicked on

2019-11-01 15:16:18 - [TEST_STEP][PASSED] - waitForElementVisible(findTestObject("Page_Give_Feedback_Enhanced_OBJ_Repo/Page_Checkatrade Give your feedback/input_Which member do you want to review_feedback-form__company_autocomplete_input"), 25): Object 'Object Repository/Page_Give_Feedback_Enhanced_OBJ_Repo/Page_Checkatrade Give your feedback/input_Which member do you want to review_feedback-form__company_autocomplete_input' is visible

2019-11-01 15:16:19 - [MESSAGE][PASSED] - Object 'Object Repository/Page_Give_Feedback_Enhanced_OBJ_Repo/Page_Checkatrade Give your feedback/input_Which member do you want to review_feedback-form__company_autocomplete_input' is visible

2019-11-01 15:16:19 - [TEST_STEP][PASSED] - verifyTextPresent("Give your feedback", false): Text 'Give your feedback' is present on page 

2019-11-01 15:16:19 - [MESSAGE][PASSED] - Text 'Give your feedback' is present on page 

2019-11-01 15:16:19 - [TEST_STEP][PASSED] - verifyTextPresent("Which member do you want to review?", false): Text 'Which member do you want to review?' is present on page 

2019-11-01 15:16:19 - [MESSAGE][PASSED] - Text 'Which member do you want to review?' is present on page 

2019-11-01 15:16:19 - [MESSAGE][PASSED] - Call Test Case 'Test Cases/Reusable_Test_Sequences/Banner_Menu/Give_Feedback' successfully

2019-11-01 15:16:19 - [TEST_STEP][PASSED] - "-----------------------------------------------------": null

2019-11-01 15:16:19 - [TEST_STEP][PASSED] - " Enter Member Trade Name OR Checkatrade ID To Review |": null

2019-11-01 15:16:19 - [TEST_STEP][PASSED] - callTestCase(findTestCase("Reusable_Test_Sequences/Give_Feedback/Which_Member_to_Review"), [:], CONTINUE_ON_FAILURE): Call Test Case 'Test Cases/Reusable_Test_Sequences/Give_Feedback/Which_Member_to_Review' successfully

2019-11-01 15:16:19 - [TEST_CASE][PASSED] - Test Cases/Reusable_Test_Sequences/Give_Feedback/Which_Member_to_Review: Test Cases/Reusable_Test_Sequences/Give_Feedback/Which_Member_to_Review

2019-11-01 15:16:19 - [TEST_STEP][PASSED] - waitForPageLoad(60): Wait for page load successfully

2019-11-01 15:16:19 - [MESSAGE][PASSED] - Wait for page load successfully

2019-11-01 15:16:19 - [TEST_STEP][PASSED] - waitForElementPresent(findTestObject("Object Repository/Page_Checkatrade Give your feedback/input_Which member do you want to review"), 25): Object 'Object Repository/Page_Checkatrade Give your feedback/input_Which member do you want to review' is present

2019-11-01 15:16:19 - [MESSAGE][PASSED] - Object 'Object Repository/Page_Checkatrade Give your feedback/input_Which member do you want to review' is present

2019-11-01 15:16:19 - [TEST_STEP][PASSED] - setText(findTestObject("Object Repository/Page_Checkatrade Give your feedback/input_Which member do you want to review"), findTestData("Give_Feedback (1)").getValue("Account_Verification_Name", row)): Text 'Test Account' is set on object 'Object Repository/Page_Checkatrade Give your feedback/input_Which member do you want to review'

2019-11-01 15:16:19 - [MESSAGE][PASSED] - Text 'Test Account' is set on object 'Object Repository/Page_Checkatrade Give your feedback/input_Which member do you want to review'

2019-11-01 15:16:19 - [TEST_STEP][PASSED] - delay(1): Delayed 1 second(s)

2019-11-01 15:16:20 - [MESSAGE][PASSED] - Delayed 1 second(s)

2019-11-01 15:16:20 - [TEST_STEP][PASSED] - "Submit the search criteria using click     |": null

2019-11-01 15:16:20 - [TEST_STEP][PASSED] - waitForElementPresent(findTestObject("Object Repository/Page_Checkatrade Give your feedback/div_Which member do you want to review"), 25): Object 'Object Repository/Page_Checkatrade Give your feedback/div_Which member do you want to review' is present

2019-11-01 15:16:21 - [MESSAGE][PASSED] - Object 'Object Repository/Page_Checkatrade Give your feedback/div_Which member do you want to review' is present

2019-11-01 15:16:21 - [TEST_STEP][PASSED] - try: Object: 'Object Repository/Page_Checkatrade Give your feedback/div_Which member do you want to review' is clicked on

2019-11-01 15:16:21 - [TEST_STEP][PASSED] - "Try Catch Included 14/08/2019 - Sometimes the Trader isnt returned?   |": null

2019-11-01 15:16:21 - [TEST_STEP][PASSED] - click(findTestObject("Page_Checkatrade Give your feedback/div_Which member do you want to review")): Object: 'Object Repository/Page_Checkatrade Give your feedback/div_Which member do you want to review' is clicked on

2019-11-01 15:16:21 - [MESSAGE][PASSED] - Object: 'Object Repository/Page_Checkatrade Give your feedback/div_Which member do you want to review' is clicked on

2019-11-01 15:16:21 - [MESSAGE][PASSED] - Call Test Case 'Test Cases/Reusable_Test_Sequences/Give_Feedback/Which_Member_to_Review' successfully

2019-11-01 15:16:21 - [TEST_STEP][PASSED] - "--------------------------------------": null

2019-11-01 15:16:21 - [TEST_STEP][PASSED] - " Your Experience (page 1) Processing  |": null

2019-11-01 15:16:21 - [TEST_STEP][PASSED] - callTestCase(findTestCase("Reusable_Test_Sequences/Give_Feedback/Your_Experience/Your_Experience"), [:], CONTINUE_ON_FAILURE): Call Test Case 'Test Cases/Reusable_Test_Sequences/Give_Feedback/Your_Experience/Your_Experience' successfully

2019-11-01 15:16:21 - [TEST_CASE][PASSED] - Test Cases/Reusable_Test_Sequences/Give_Feedback/Your_Experience/Your_Experience: Test Cases/Reusable_Test_Sequences/Give_Feedback/Your_Experience/Your_Experience

2019-11-01 15:16:21 - [TEST_STEP][PASSED] - data = findTestData("Data Files/Give_Feedback (1)"): null

2019-11-01 15:16:21 - [TEST_STEP][PASSED] - YE_Recommend = data.getValue("YE_Recommendations", row): null

2019-11-01 15:16:21 - [TEST_STEP][PASSED] - "---------------------------------------------------------------------------------------": null

2019-11-01 15:16:21 - [TEST_STEP][PASSED] - " Your Experience (page 1) Returned with Recommendation Selection Set to Yes (Default)  |": null

2019-11-01 15:16:21 - [TEST_STEP][PASSED] - "---------------------------------------------------------------------------------------": null

2019-11-01 15:16:21 - [TEST_STEP][PASSED] - "---------------------------------------------------------------------------------------": null

2019-11-01 15:16:21 - [TEST_STEP][PASSED] - " Your Experience (page 1) Recommend this trader?                                       |": null

2019-11-01 15:16:21 - [TEST_STEP][PASSED] - callTestCase(findTestCase("Reusable_Test_Sequences/Give_Feedback/Your_Experience/Recommendation_Selection"), [:], CONTINUE_ON_FAILURE): Call Test Case 'Test Cases/Reusable_Test_Sequences/Give_Feedback/Your_Experience/Recommendation_Selection' successfully

2019-11-01 15:16:21 - [TEST_CASE][PASSED] - Test Cases/Reusable_Test_Sequences/Give_Feedback/Your_Experience/Recommendation_Selection: Test Cases/Reusable_Test_Sequences/Give_Feedback/Your_Experience/Recommendation_Selection

2019-11-01 15:16:21 - [TEST_STEP][PASSED] - data = findTestData("Data Files/Give_Feedback (1)"): null

2019-11-01 15:16:21 - [TEST_STEP][PASSED] - YE_Recommend = data.getValue("YE_Recommendations", row): null

2019-11-01 15:16:21 - [TEST_STEP][PASSED] - "--------------------------------": null

2019-11-01 15:16:21 - [TEST_STEP][PASSED] - "Read data from spreadsheet      |": null

2019-11-01 15:16:21 - [TEST_STEP][PASSED] - "--------------------------------": null

2019-11-01 15:16:21 - [TEST_STEP][PASSED] - "--------------------------------": null

2019-11-01 15:16:21 - [TEST_STEP][PASSED] - "Set Recommendation - Yes or No  |": null

2019-11-01 15:16:21 - [TEST_STEP][PASSED] - if (YE_Recommend == "Yes"): null

2019-11-01 15:16:21 - [TEST_STEP][PASSED] - else if (YE_Recommend == "No"): Call Test Case 'Test Cases/Reusable_Test_Sequences/Give_Feedback/Your_Experience/Not_Recommend' successfully

2019-11-01 15:16:21 - [TEST_STEP][PASSED] - click(findTestObject("Object Repository/Feedback/Page_Checkatrade Give your feedback/Page_Checkatrade Give your feedback/span_No")): Object: 'Object Repository/Feedback/Page_Checkatrade Give your feedback/Page_Checkatrade Give your feedback/span_No' is clicked on

2019-11-01 15:16:22 - [MESSAGE][PASSED] - Object: 'Object Repository/Feedback/Page_Checkatrade Give your feedback/Page_Checkatrade Give your feedback/span_No' is clicked on

2019-11-01 15:16:22 - [TEST_STEP][PASSED] - waitForPageLoad(5): Wait for page load successfully

2019-11-01 15:16:22 - [MESSAGE][PASSED] - Wait for page load successfully

2019-11-01 15:16:22 - [TEST_STEP][PASSED] - callTestCase(findTestCase("Reusable_Test_Sequences/Give_Feedback/Your_Experience/Not_Recommend"), [:], CONTINUE_ON_FAILURE): Call Test Case 'Test Cases/Reusable_Test_Sequences/Give_Feedback/Your_Experience/Not_Recommend' successfully

2019-11-01 15:16:22 - [TEST_CASE][PASSED] - Test Cases/Reusable_Test_Sequences/Give_Feedback/Your_Experience/Not_Recommend: Test Cases/Reusable_Test_Sequences/Give_Feedback/Your_Experience/Not_Recommend

2019-11-01 15:16:22 - [TEST_STEP][PASSED] - data = findTestData("Data Files/Give_Feedback (1)"): null

2019-11-01 15:16:22 - [TEST_STEP][PASSED] - YE_WorkCarriedOut = data.getValue("YE_Work_Carried_Out", row): null

2019-11-01 15:16:22 - [TEST_STEP][PASSED] - YE_NatureOfIssue = data.getValue("YE_Nature_Of_Issue", row): null

2019-11-01 15:16:22 - [TEST_STEP][PASSED] - YE_Comments = data.getValue("YE_Comments", row): null

2019-11-01 15:16:22 - [TEST_STEP][PASSED] - YE_FeedbackPublished = data.getValue("YE_Feedback_Published", row): null

2019-11-01 15:16:22 - [TEST_STEP][PASSED] - YE_ReasonNoFeedback = data.getValue("YE_Reason_No_Feedback", row): null

2019-11-01 15:16:22 - [TEST_STEP][PASSED] - YE_Resolve = data.getValue("YE_Resolve", row): null

2019-11-01 15:16:22 - [TEST_STEP][PASSED] - YE_Recommend = data.getValue("YE_Recommendations", row): null

2019-11-01 15:16:22 - [TEST_STEP][PASSED] - "--------------------------------": null

2019-11-01 15:16:22 - [TEST_STEP][PASSED] - "Read data from spreadsheet      |": null

2019-11-01 15:16:22 - [TEST_STEP][PASSED] - "--------------------------------": null

2019-11-01 15:16:22 - [TEST_STEP][PASSED] - "--------------------------------------": null

2019-11-01 15:16:22 - [TEST_STEP][PASSED] - " Was work carried out/Money Exchanged |": null

2019-11-01 15:16:22 - [TEST_STEP][PASSED] - waitForElementVisible(findTestObject("Feedback_Non_Recommend/Page_Checkatrade Give your feedback/work_Carried_Out_span_No"), 5): Object 'Object Repository/Feedback_Non_Recommend/Page_Checkatrade Give your feedback/work_Carried_Out_span_No' is visible

2019-11-01 15:16:22 - [MESSAGE][PASSED] - Object 'Object Repository/Feedback_Non_Recommend/Page_Checkatrade Give your feedback/work_Carried_Out_span_No' is visible

2019-11-01 15:16:22 - [TEST_STEP][PASSED] - if (YE_WorkCarriedOut == "No"): null

2019-11-01 15:16:22 - [TEST_STEP][PASSED] - else if (YE_WorkCarriedOut == "Yes"): Wait for page load successfully

2019-11-01 15:16:22 - [TEST_STEP][PASSED] - click(findTestObject("Feedback_Non_Recommend/Page_Checkatrade Give your feedback/work_Carried_Out_span_Yes")): Object: 'Object Repository/Feedback_Non_Recommend/Page_Checkatrade Give your feedback/work_Carried_Out_span_Yes' is clicked on

2019-11-01 15:16:23 - [MESSAGE][PASSED] - Object: 'Object Repository/Feedback_Non_Recommend/Page_Checkatrade Give your feedback/work_Carried_Out_span_Yes' is clicked on

2019-11-01 15:16:23 - [TEST_STEP][PASSED] - waitForPageLoad(2): Wait for page load successfully

2019-11-01 15:16:23 - [MESSAGE][PASSED] - Wait for page load successfully

2019-11-01 15:16:23 - [TEST_STEP][PASSED] - waitForElementVisible(findTestObject("Feedback_Non_Recommend/Page_Checkatrade Give your feedback/work_Carried_Out_span_No"), 5): Object 'Object Repository/Feedback_Non_Recommend/Page_Checkatrade Give your feedback/work_Carried_Out_span_No' is visible

2019-11-01 15:16:23 - [MESSAGE][PASSED] - Object 'Object Repository/Feedback_Non_Recommend/Page_Checkatrade Give your feedback/work_Carried_Out_span_No' is visible

2019-11-01 15:16:23 - [TEST_STEP][PASSED] - "--------------------------------------": null

2019-11-01 15:16:23 - [TEST_STEP][PASSED] - " Nature of Issue - Selection Box      |": null

2019-11-01 15:16:23 - [TEST_STEP][PASSED] - selectOptionByLabel(findTestObject("Feedback_Non_Recommend/Page_Checkatrade Give your feedback/select_Please Select ShortForm"), YE_NatureOfIssue, false): All options with label 'Order Disagreement' are selected in object 'Object Repository/Feedback_Non_Recommend/Page_Checkatrade Give your feedback/select_Please Select ShortForm' 

2019-11-01 15:16:23 - [MESSAGE][PASSED] - All options with label 'Order Disagreement' are selected in object 'Object Repository/Feedback_Non_Recommend/Page_Checkatrade Give your feedback/select_Please Select ShortForm' 

2019-11-01 15:16:23 - [TEST_STEP][PASSED] - "------------------------------------------------": null

2019-11-01 15:16:23 - [TEST_STEP][PASSED] - " Scroll to <NEXT> Button to reveal Text Below   |": null

2019-11-01 15:16:23 - [TEST_STEP][PASSED] - scrollToElement(findTestObject("Object Repository/Page_Checkatrade Give your feedback/input_No_ctl00contentButton4"), 2): Scroll to object 'Object Repository/Page_Checkatrade Give your feedback/input_No_ctl00contentButton4' successfully

2019-11-01 15:16:23 - [MESSAGE][PASSED] - Scroll to object 'Object Repository/Page_Checkatrade Give your feedback/input_No_ctl00contentButton4' successfully

2019-11-01 15:16:23 - [TEST_STEP][PASSED] - waitForPageLoad(5): Wait for page load successfully

2019-11-01 15:16:23 - [MESSAGE][PASSED] - Wait for page load successfully

2019-11-01 15:16:23 - [TEST_STEP][PASSED] - waitForElementVisible(findTestObject("Feedback_Non_Recommend/Page_Checkatrade Give your feedback/select_Please Select ShortForm"), 5): Object 'Object Repository/Feedback_Non_Recommend/Page_Checkatrade Give your feedback/select_Please Select ShortForm' is visible

2019-11-01 15:16:23 - [MESSAGE][PASSED] - Object 'Object Repository/Feedback_Non_Recommend/Page_Checkatrade Give your feedback/select_Please Select ShortForm' is visible

2019-11-01 15:16:23 - [TEST_STEP][PASSED] - "--------------------------------------": null

2019-11-01 15:16:23 - [TEST_STEP][PASSED] - " Would you like to Publish Feedback?  |": null

2019-11-01 15:16:23 - [TEST_STEP][PASSED] - if (YE_FeedbackPublished == "No"): null

2019-11-01 15:16:23 - [TEST_STEP][PASSED] - else if (YE_FeedbackPublished == "Yes"): Wait for page load successfully

2019-11-01 15:16:23 - [TEST_STEP][PASSED] - if (YE_WorkCarriedOut == "Yes"): Object: 'Object Repository/Feedback_Non_Recommend/Page_Checkatrade Give your feedback/feedback_Published_span_Yes' is clicked on

2019-11-01 15:16:23 - [TEST_STEP][PASSED] - delay(1): Delayed 1 second(s)

2019-11-01 15:16:24 - [MESSAGE][PASSED] - Delayed 1 second(s)

2019-11-01 15:16:24 - [TEST_STEP][PASSED] - waitForElementVisible(findTestObject("Feedback_Non_Recommend/Page_Checkatrade Give your feedback/feedback_Published_span_Yes"), 5): Object 'Object Repository/Feedback_Non_Recommend/Page_Checkatrade Give your feedback/feedback_Published_span_Yes' is visible

2019-11-01 15:16:25 - [MESSAGE][PASSED] - Object 'Object Repository/Feedback_Non_Recommend/Page_Checkatrade Give your feedback/feedback_Published_span_Yes' is visible

2019-11-01 15:16:25 - [TEST_STEP][PASSED] - click(findTestObject("Feedback_Non_Recommend/Page_Checkatrade Give your feedback/feedback_Published_span_Yes")): Object: 'Object Repository/Feedback_Non_Recommend/Page_Checkatrade Give your feedback/feedback_Published_span_Yes' is clicked on

2019-11-01 15:16:25 - [MESSAGE][PASSED] - Object: 'Object Repository/Feedback_Non_Recommend/Page_Checkatrade Give your feedback/feedback_Published_span_Yes' is clicked on

2019-11-01 15:16:25 - [TEST_STEP][PASSED] - if (YE_WorkCarriedOut == "No"): null

2019-11-01 15:16:25 - [TEST_STEP][PASSED] - waitForPageLoad(60): Wait for page load successfully

2019-11-01 15:16:25 - [MESSAGE][PASSED] - Wait for page load successfully

2019-11-01 15:16:25 - [TEST_STEP][PASSED] - delay(2): Delayed 2 second(s)

2019-11-01 15:16:27 - [MESSAGE][PASSED] - Delayed 2 second(s)

2019-11-01 15:16:27 - [TEST_STEP][PASSED] - verifyTextPresent("By ticking ‘Yes’ you are giving us permission to contact the trade to discuss the issue", false): Text 'By ticking ‘Yes’ you are giving us permission to contact the trade to discuss the issue' is present on page 

2019-11-01 15:16:27 - [MESSAGE][PASSED] - Text 'By ticking ‘Yes’ you are giving us permission to contact the trade to discuss the issue' is present on page 

2019-11-01 15:16:27 - [TEST_STEP][PASSED] - if (YE_Resolve == "Yes"): null

2019-11-01 15:16:27 - [TEST_STEP][PASSED] - else if (YE_Resolve == "No"): Wait for page load successfully

2019-11-01 15:16:27 - [TEST_STEP][PASSED] - click(findTestObject("Feedback_Non_Recommend/Page_Checkatrade Give your feedback/attempt_Resolution_span_No")): Object: 'Object Repository/Feedback_Non_Recommend/Page_Checkatrade Give your feedback/attempt_Resolution_span_No' is clicked on

2019-11-01 15:16:28 - [MESSAGE][PASSED] - Object: 'Object Repository/Feedback_Non_Recommend/Page_Checkatrade Give your feedback/attempt_Resolution_span_No' is clicked on

2019-11-01 15:16:28 - [TEST_STEP][PASSED] - waitForPageLoad(2): Wait for page load successfully

2019-11-01 15:16:28 - [MESSAGE][PASSED] - Wait for page load successfully

2019-11-01 15:16:28 - [TEST_STEP][PASSED] - delay(1): Delayed 1 second(s)

2019-11-01 15:16:29 - [MESSAGE][PASSED] - Delayed 1 second(s)

2019-11-01 15:16:29 - [MESSAGE][PASSED] - Call Test Case 'Test Cases/Reusable_Test_Sequences/Give_Feedback/Your_Experience/Not_Recommend' successfully

2019-11-01 15:16:29 - [TEST_STEP][PASSED] - out.println("Your Experience, Recommendation, Click on the <" + YE_Recommend + "> Option Button "): null

2019-11-01 15:16:29 - [TEST_STEP][PASSED] - waitForPageLoad(60): Wait for page load successfully

2019-11-01 15:16:29 - [MESSAGE][PASSED] - Wait for page load successfully

2019-11-01 15:16:29 - [MESSAGE][PASSED] - Call Test Case 'Test Cases/Reusable_Test_Sequences/Give_Feedback/Your_Experience/Recommendation_Selection' successfully

2019-11-01 15:16:29 - [TEST_STEP][PASSED] - "---------------------------------------------------------------------------------------": null

2019-11-01 15:16:29 - [TEST_STEP][PASSED] - " SELECTING _ NO Recommend Restructures this PAGE, So need to exclude the below tests  ": null

2019-11-01 15:16:29 - [TEST_STEP][PASSED] - if (YE_Recommend == "Yes"): null

2019-11-01 15:16:29 - [TEST_STEP][PASSED] - "---------------------------------------------------------------------------------------------------------": null

2019-11-01 15:16:29 - [TEST_STEP][PASSED] - " Your Experience (page 1) Hit <Next> Button to Continue to <Your Scores>- (page 2) If Recommend = YES    |": null

2019-11-01 15:16:29 - [TEST_STEP][PASSED] - "                                                        OR <Your Details>-(page 3) If Recommend = NO     |": null

2019-11-01 15:16:29 - [TEST_STEP][PASSED] - callTestCase(findTestCase("Reusable_Test_Sequences/Give_Feedback/Hit_Next"), [:], CONTINUE_ON_FAILURE): Call Test Case 'Test Cases/Reusable_Test_Sequences/Give_Feedback/Hit_Next' successfully

2019-11-01 15:16:29 - [TEST_CASE][PASSED] - Test Cases/Reusable_Test_Sequences/Give_Feedback/Hit_Next: Test Cases/Reusable_Test_Sequences/Give_Feedback/Hit_Next

2019-11-01 15:16:29 - [TEST_STEP][PASSED] - click(findTestObject("Object Repository/Page_Checkatrade Give your feedback/input_No_ctl00contentButton4")): Object: 'Object Repository/Page_Checkatrade Give your feedback/input_No_ctl00contentButton4' is clicked on

2019-11-01 15:16:29 - [MESSAGE][PASSED] - Object: 'Object Repository/Page_Checkatrade Give your feedback/input_No_ctl00contentButton4' is clicked on

2019-11-01 15:16:29 - [TEST_STEP][PASSED] - waitForPageLoad(2): Wait for page load successfully

2019-11-01 15:16:30 - [MESSAGE][PASSED] - Wait for page load successfully

2019-11-01 15:16:30 - [MESSAGE][PASSED] - Call Test Case 'Test Cases/Reusable_Test_Sequences/Give_Feedback/Hit_Next' successfully

2019-11-01 15:16:30 - [TEST_STEP][PASSED] - waitForPageLoad(2): Wait for page load successfully

2019-11-01 15:16:30 - [MESSAGE][PASSED] - Wait for page load successfully

2019-11-01 15:16:30 - [MESSAGE][PASSED] - Call Test Case 'Test Cases/Reusable_Test_Sequences/Give_Feedback/Your_Experience/Your_Experience' successfully

2019-11-01 15:16:30 - [TEST_STEP][PASSED] - "--------------------------------------": null

2019-11-01 15:16:30 - [TEST_STEP][PASSED] - " Your Scores (page 2) Processing      |": null

2019-11-01 15:16:30 - [TEST_STEP][PASSED] - YE_Recommend = data.getValue("YE_Recommendations", row): null

2019-11-01 15:16:30 - [TEST_STEP][PASSED] - YE_WorkCarriedOut = data.getValue("YE_Work_Carried_Out", row): null

2019-11-01 15:16:30 - [TEST_STEP][PASSED] - if (YE_Recommend == "Yes"): null

2019-11-01 15:16:30 - [TEST_STEP][PASSED] - if (YE_Recommend == "No" && YE_WorkCarriedOut == "Yes"): Call Test Case 'Test Cases/Reusable_Test_Sequences/Give_Feedback/Your_Scores/Your_Scores_Alt' successfully

2019-11-01 15:16:30 - [TEST_STEP][PASSED] - callTestCase(findTestCase("Reusable_Test_Sequences/Give_Feedback/Your_Scores/Your_Scores_Alt"), [:], CONTINUE_ON_FAILURE): Call Test Case 'Test Cases/Reusable_Test_Sequences/Give_Feedback/Your_Scores/Your_Scores_Alt' successfully

2019-11-01 15:16:30 - [TEST_CASE][PASSED] - Test Cases/Reusable_Test_Sequences/Give_Feedback/Your_Scores/Your_Scores_Alt: Test Cases/Reusable_Test_Sequences/Give_Feedback/Your_Scores/Your_Scores_Alt

2019-11-01 15:16:30 - [TEST_STEP][PASSED] - "------------------------------------------------------------------------------------------": null

2019-11-01 15:16:30 - [TEST_STEP][PASSED] - " Your Scores (page 2) Returned with 2 Main Sections - <Your Scores> and <Details of Work> |": null

2019-11-01 15:16:30 - [TEST_STEP][PASSED] - "                                             Tidiness Listbox Selection, NA, 0 through 10 |": null

2019-11-01 15:16:30 - [TEST_STEP][PASSED] - "------------------------------------------------------------------------------------------": null

2019-11-01 15:16:30 - [TEST_STEP][PASSED] - "------------------------------------------------------------------------------------------": null

2019-11-01 15:16:30 - [TEST_STEP][PASSED] - " Your Scores (page 2) Returned with 2 Main Sections - <Your Scores> and <Details of Work> |": null

2019-11-01 15:16:30 - [TEST_STEP][PASSED] - "                          Reliability and Timekeeping Listbox Selection, NA, 0 through 10 |": null

2019-11-01 15:16:30 - [TEST_STEP][PASSED] - "------------------------------------------------------------------------------------------": null

2019-11-01 15:16:30 - [TEST_STEP][PASSED] - "------------------------------------------------------------------------------------------": null

2019-11-01 15:16:30 - [TEST_STEP][PASSED] - " Your Scores (page 2) Returned with 2 Main Sections - <Your Scores> and <Details of Work> |": null

2019-11-01 15:16:30 - [TEST_STEP][PASSED] - "                                             Courtesy Listbox Selection, NA, 0 through 10 |": null

2019-11-01 15:16:30 - [TEST_STEP][PASSED] - "------------------------------------------------------------------------------------------": null

2019-11-01 15:16:30 - [TEST_STEP][PASSED] - "------------------------------------------------------------------------------------------": null

2019-11-01 15:16:30 - [TEST_STEP][PASSED] - " Your Scores (page 2) Returned with 2 Main Sections - <Your Scores> and <Details of Work> |": null

2019-11-01 15:16:30 - [TEST_STEP][PASSED] - "                                     Standard of Work Listbox Selection, NA, 0 through 10 |": null

2019-11-01 15:16:30 - [TEST_STEP][PASSED] - callTestCase(findTestCase("Reusable_Test_Sequences/Give_Feedback/Your_Scores/Your_Scores_List_Box_Selection_Alt"), [:], CONTINUE_ON_FAILURE): Call Test Case 'Test Cases/Reusable_Test_Sequences/Give_Feedback/Your_Scores/Your_Scores_List_Box_Selection_Alt' successfully

2019-11-01 15:16:30 - [TEST_CASE][PASSED] - Test Cases/Reusable_Test_Sequences/Give_Feedback/Your_Scores/Your_Scores_List_Box_Selection_Alt: Test Cases/Reusable_Test_Sequences/Give_Feedback/Your_Scores/Your_Scores_List_Box_Selection_Alt

2019-11-01 15:16:30 - [TEST_STEP][PASSED] - data = findTestData("Data Files/Give_Feedback (1)"): null

2019-11-01 15:16:30 - [TEST_STEP][PASSED] - YS_Tidiness = data.getValue("YS_Tidiness_ALT", row): null

2019-11-01 15:16:30 - [TEST_STEP][PASSED] - YS_Reliability = data.getValue("YS_Reliability_ALT", row): null

2019-11-01 15:16:30 - [TEST_STEP][PASSED] - YS_Courtesy = data.getValue("YS_Courtesy_ALT", row): null

2019-11-01 15:16:30 - [TEST_STEP][PASSED] - YS_Workmanship = data.getValue("YS_Workmanship_ALT", row): null

2019-11-01 15:16:30 - [TEST_STEP][PASSED] - "--------------------------------": null

2019-11-01 15:16:30 - [TEST_STEP][PASSED] - "Read data from spreadsheet      |": null

2019-11-01 15:16:30 - [TEST_STEP][PASSED] - "--------------------------------": null

2019-11-01 15:16:30 - [TEST_STEP][PASSED] - "------------------------------------------------------": null

2019-11-01 15:16:30 - [TEST_STEP][PASSED] - " Wait Fro Top ListBox to be Active/Clickable          |": null

2019-11-01 15:16:30 - [TEST_STEP][PASSED] - "------------------------------------------------------": null

2019-11-01 15:16:30 - [TEST_STEP][PASSED] - "------------------------------------------------------": null

2019-11-01 15:16:30 - [TEST_STEP][PASSED] - "Select Tidiness Value form List                       |": null

2019-11-01 15:16:30 - [TEST_STEP][PASSED] - selectOptionByValue(findTestObject("Feedback_Non_Recommend/Page_Checkatrade Give your feedback/select_--YS_Tidiness"), YS_Tidiness, false): All options with value '5' are selected in object 'Object Repository/Feedback_Non_Recommend/Page_Checkatrade Give your feedback/select_--YS_Tidiness' 

2019-11-01 15:16:31 - [MESSAGE][PASSED] - All options with value '5' are selected in object 'Object Repository/Feedback_Non_Recommend/Page_Checkatrade Give your feedback/select_--YS_Tidiness' 

2019-11-01 15:16:31 - [TEST_STEP][PASSED] - waitForPageLoad(2): Wait for page load successfully

2019-11-01 15:16:31 - [MESSAGE][PASSED] - Wait for page load successfully

2019-11-01 15:16:31 - [TEST_STEP][PASSED] - "------------------------------------------------------": null

2019-11-01 15:16:31 - [TEST_STEP][PASSED] - "Select Reliability and Timekeeping Value form List    |": null

2019-11-01 15:16:31 - [TEST_STEP][PASSED] - selectOptionByValue(findTestObject("Feedback_Non_Recommend/Page_Checkatrade Give your feedback/select_--YS_Reliability"), YS_Reliability, false): All options with value '8' are selected in object 'Object Repository/Feedback_Non_Recommend/Page_Checkatrade Give your feedback/select_--YS_Reliability' 

2019-11-01 15:16:31 - [MESSAGE][PASSED] - All options with value '8' are selected in object 'Object Repository/Feedback_Non_Recommend/Page_Checkatrade Give your feedback/select_--YS_Reliability' 

2019-11-01 15:16:31 - [TEST_STEP][PASSED] - waitForPageLoad(2): Wait for page load successfully

2019-11-01 15:16:31 - [MESSAGE][PASSED] - Wait for page load successfully

2019-11-01 15:16:31 - [TEST_STEP][PASSED] - "------------------------------------------------------": null

2019-11-01 15:16:31 - [TEST_STEP][PASSED] - "Select Courtesy Value form List                       |": null

2019-11-01 15:16:31 - [TEST_STEP][PASSED] - selectOptionByValue(findTestObject("Feedback_Non_Recommend/Page_Checkatrade Give your feedback/select_--YS_Courtesy"), YS_Reliability, false): All options with value '8' are selected in object 'Object Repository/Feedback_Non_Recommend/Page_Checkatrade Give your feedback/select_--YS_Courtesy' 

2019-11-01 15:16:31 - [MESSAGE][PASSED] - All options with value '8' are selected in object 'Object Repository/Feedback_Non_Recommend/Page_Checkatrade Give your feedback/select_--YS_Courtesy' 

2019-11-01 15:16:31 - [TEST_STEP][PASSED] - waitForPageLoad(2): Wait for page load successfully

2019-11-01 15:16:32 - [MESSAGE][PASSED] - Wait for page load successfully

2019-11-01 15:16:32 - [TEST_STEP][PASSED] - "------------------------------------------------------": null

2019-11-01 15:16:32 - [TEST_STEP][PASSED] - "Select Quality and Workmanship Value form List        |": null

2019-11-01 15:16:32 - [TEST_STEP][PASSED] - selectOptionByValue(findTestObject("Feedback_Non_Recommend/Page_Checkatrade Give your feedback/select_--YS_Workmanship"), YS_Workmanship, false): All options with value '10' are selected in object 'Object Repository/Feedback_Non_Recommend/Page_Checkatrade Give your feedback/select_--YS_Workmanship' 

2019-11-01 15:16:32 - [MESSAGE][PASSED] - All options with value '10' are selected in object 'Object Repository/Feedback_Non_Recommend/Page_Checkatrade Give your feedback/select_--YS_Workmanship' 

2019-11-01 15:16:32 - [TEST_STEP][PASSED] - delay(1): Delayed 1 second(s)

2019-11-01 15:16:33 - [MESSAGE][PASSED] - Delayed 1 second(s)

2019-11-01 15:16:33 - [MESSAGE][PASSED] - Call Test Case 'Test Cases/Reusable_Test_Sequences/Give_Feedback/Your_Scores/Your_Scores_List_Box_Selection_Alt' successfully

2019-11-01 15:16:33 - [TEST_STEP][PASSED] - "------------------------------------------------------------------------------------------": null

2019-11-01 15:16:33 - [TEST_STEP][PASSED] - " Your Scores (page 2) Returned with 2 Main Sections - <Your Scores> and <Details of Work> |": null

2019-11-01 15:16:33 - [TEST_STEP][PASSED] - " Details of Work Done - Form FIll<Description>,<Approx. date>,<How Long>, <Comments> and  |": null

2019-11-01 15:16:33 - [TEST_STEP][PASSED] - "                                                               <Feedback Publish Confirm> |": null

2019-11-01 15:16:33 - [TEST_STEP][PASSED] - callTestCase(findTestCase("Reusable_Test_Sequences/Give_Feedback/Your_Scores/Details_of_work_Done_Formfill_ALT"), [:], CONTINUE_ON_FAILURE): Call Test Case 'Test Cases/Reusable_Test_Sequences/Give_Feedback/Your_Scores/Details_of_work_Done_Formfill_ALT' successfully

2019-11-01 15:16:33 - [TEST_CASE][PASSED] - Test Cases/Reusable_Test_Sequences/Give_Feedback/Your_Scores/Details_of_work_Done_Formfill_ALT: Test Cases/Reusable_Test_Sequences/Give_Feedback/Your_Scores/Details_of_work_Done_Formfill_ALT

2019-11-01 15:16:33 - [TEST_STEP][PASSED] - data = findTestData("Data Files/Give_Feedback (1)"): null

2019-11-01 15:16:34 - [TEST_STEP][PASSED] - YS_Work_Description = data.getValue("YS_Work_Description", row): null

2019-11-01 15:16:34 - [TEST_STEP][PASSED] - YS_Work_Date = data.getValue("YS_Work_Date", row): null

2019-11-01 15:16:34 - [TEST_STEP][PASSED] - YS_Days_to_Complete = data.getValue("YS_Days_to_Complete", row): null

2019-11-01 15:16:34 - [TEST_STEP][PASSED] - YS_Work_Comments = data.getValue("YS_Work_Comments", row): null

2019-11-01 15:16:34 - [TEST_STEP][PASSED] - YS_Feedback_Published = data.getValue("YS_Feedback_Published", row): null

2019-11-01 15:16:34 - [TEST_STEP][PASSED] - YS_Work_Covered = data.getValue("YS_Work_Covered_ALT", row): null

2019-11-01 15:16:34 - [TEST_STEP][PASSED] - YS_Discussed_Complaint = data.getValue("YS_Discussed_Complaint_ALT", row): null

2019-11-01 15:16:34 - [TEST_STEP][PASSED] - YS_Complaint_Response = data.getValue("YS_Complaint_Reponse_ALT", row): null

2019-11-01 15:16:34 - [TEST_STEP][PASSED] - "---------------------------------": null

2019-11-01 15:16:34 - [TEST_STEP][PASSED] - "Read data from spreadsheet       |": null

2019-11-01 15:16:34 - [TEST_STEP][PASSED] - "---------------------------------": null

2019-11-01 15:16:34 - [TEST_STEP][PASSED] - "---------------------------------": null

2019-11-01 15:16:34 - [TEST_STEP][PASSED] - "Brief description of work done   |": null

2019-11-01 15:16:34 - [TEST_STEP][PASSED] - setText(findTestObject("Object Repository/Page_Checkatrade Give your feedback/input_Brief description of work done_ctl00contenttbWorkDescription"), YS_Work_Description): Text 'Parrot had a new right leg fitted' is set on object 'Object Repository/Page_Checkatrade Give your feedback/input_Brief description of work done_ctl00contenttbWorkDescription'

2019-11-01 15:16:34 - [MESSAGE][PASSED] - Text 'Parrot had a new right leg fitted' is set on object 'Object Repository/Page_Checkatrade Give your feedback/input_Brief description of work done_ctl00contenttbWorkDescription'

2019-11-01 15:16:34 - [TEST_STEP][PASSED] - "---------------------------------": null

2019-11-01 15:16:34 - [TEST_STEP][PASSED] - "Date work was done (approx)      |": null

2019-11-01 15:16:34 - [TEST_STEP][PASSED] - "---------------------------------": null

2019-11-01 15:16:34 - [TEST_STEP][PASSED] - "---------------------------------": null

2019-11-01 15:16:34 - [TEST_STEP][PASSED] - "How many days did this job take? |": null

2019-11-01 15:16:34 - [TEST_STEP][PASSED] - setText(findTestObject("Object Repository/Page_Checkatrade Give your feedback/input_How many days did this job take"), YS_Days_to_Complete): Text '157' is set on object 'Object Repository/Page_Checkatrade Give your feedback/input_How many days did this job take'

2019-11-01 15:16:34 - [MESSAGE][PASSED] - Text '157' is set on object 'Object Repository/Page_Checkatrade Give your feedback/input_How many days did this job take'

2019-11-01 15:16:34 - [TEST_STEP][PASSED] - "---------------------------------": null

2019-11-01 15:16:34 - [TEST_STEP][PASSED] - "Your comments about the work     |": null

2019-11-01 15:16:34 - [TEST_STEP][PASSED] - setText(findTestObject("Object Repository/Page_Checkatrade Give your feedback/textarea_Your comments about the work_ctl00contenttbWorkComments"), YS_Work_Comments): Text 'Parrot had to wait so long for a new leg?' is set on object 'Object Repository/Page_Checkatrade Give your feedback/textarea_Your comments about the work_ctl00contenttbWorkComments'

2019-11-01 15:16:34 - [MESSAGE][PASSED] - Text 'Parrot had to wait so long for a new leg?' is set on object 'Object Repository/Page_Checkatrade Give your feedback/textarea_Your comments about the work_ctl00contenttbWorkComments'

2019-11-01 15:16:34 - [TEST_STEP][PASSED] - "---------------------------------------": null

2019-11-01 15:16:34 - [TEST_STEP][PASSED] - " Scroll Bottom of Page Into View <Next>|": null

2019-11-01 15:16:34 - [TEST_STEP][PASSED] - scrollToElement(findTestObject("Object Repository/Page_Checkatrade Give your feedback/input_No_ctl00contentButton6"), 2): Scroll to object 'Object Repository/Page_Checkatrade Give your feedback/input_No_ctl00contentButton6' successfully

2019-11-01 15:16:34 - [MESSAGE][PASSED] - Scroll to object 'Object Repository/Page_Checkatrade Give your feedback/input_No_ctl00contentButton6' successfully

2019-11-01 15:16:34 - [TEST_STEP][PASSED] - "---------------------------------------": null

2019-11-01 15:16:34 - [TEST_STEP][PASSED] - " Work is Guaranteed       - Yes or No  |": null

2019-11-01 15:16:34 - [TEST_STEP][PASSED] - if (YS_Work_Covered == "Yes"): null

2019-11-01 15:16:34 - [TEST_STEP][PASSED] - else if (YS_Work_Covered == "No"): Object: 'Object Repository/Feedback_Non_Recommend/Page_Checkatrade Give your feedback/Warranty_Cover_span_No' is clicked on

2019-11-01 15:16:34 - [TEST_STEP][PASSED] - click(findTestObject("Feedback_Non_Recommend/Page_Checkatrade Give your feedback/Warranty_Cover_span_No")): Object: 'Object Repository/Feedback_Non_Recommend/Page_Checkatrade Give your feedback/Warranty_Cover_span_No' is clicked on

2019-11-01 15:16:34 - [MESSAGE][PASSED] - Object: 'Object Repository/Feedback_Non_Recommend/Page_Checkatrade Give your feedback/Warranty_Cover_span_No' is clicked on

2019-11-01 15:16:34 - [TEST_STEP][PASSED] - waitForPageLoad(25): Wait for page load successfully

2019-11-01 15:16:34 - [MESSAGE][PASSED] - Wait for page load successfully

2019-11-01 15:16:34 - [TEST_STEP][PASSED] - "---------------------------------------": null

2019-11-01 15:16:34 - [TEST_STEP][PASSED] - " Complaint Discussed      - Yes or No  |": null

2019-11-01 15:16:34 - [TEST_STEP][PASSED] - if (YS_Discussed_Complaint == "Yes"): null

2019-11-01 15:16:34 - [TEST_STEP][PASSED] - else if (YS_Discussed_Complaint == "No"): Text 'discuss your concerns directly with the business' is present on page 

2019-11-01 15:16:34 - [TEST_STEP][PASSED] - waitForElementVisible(findTestObject("Feedback_Non_Recommend/Page_Checkatrade Give your feedback/Discussed_Complaint_span_No"), 25): Object 'Object Repository/Feedback_Non_Recommend/Page_Checkatrade Give your feedback/Discussed_Complaint_span_No' is visible

2019-11-01 15:16:35 - [MESSAGE][PASSED] - Object 'Object Repository/Feedback_Non_Recommend/Page_Checkatrade Give your feedback/Discussed_Complaint_span_No' is visible

2019-11-01 15:16:35 - [TEST_STEP][PASSED] - click(findTestObject("Feedback_Non_Recommend/Page_Checkatrade Give your feedback/Discussed_Complaint_span_No")): Object: 'Object Repository/Feedback_Non_Recommend/Page_Checkatrade Give your feedback/Discussed_Complaint_span_No' is clicked on

2019-11-01 15:16:35 - [MESSAGE][PASSED] - Object: 'Object Repository/Feedback_Non_Recommend/Page_Checkatrade Give your feedback/Discussed_Complaint_span_No' is clicked on

2019-11-01 15:16:35 - [TEST_STEP][PASSED] - delay(1): Delayed 1 second(s)

2019-11-01 15:16:36 - [MESSAGE][PASSED] - Delayed 1 second(s)

2019-11-01 15:16:36 - [TEST_STEP][PASSED] - waitForPageLoad(25): Wait for page load successfully

2019-11-01 15:16:36 - [MESSAGE][PASSED] - Wait for page load successfully

2019-11-01 15:16:36 - [TEST_STEP][PASSED] - verifyTextPresent("discuss your concerns directly with the business", false): Text 'discuss your concerns directly with the business' is present on page 

2019-11-01 15:16:36 - [MESSAGE][PASSED] - Text 'discuss your concerns directly with the business' is present on page 

2019-11-01 15:16:36 - [TEST_STEP][PASSED] - "--------------------------------": null

2019-11-01 15:16:36 - [TEST_STEP][PASSED] - delay(1): Delayed 1 second(s)

2019-11-01 15:16:37 - [MESSAGE][PASSED] - Delayed 1 second(s)

2019-11-01 15:16:37 - [TEST_STEP][PASSED] - "---------------------------------": null

2019-11-01 15:16:37 - [TEST_STEP][PASSED] - "Your comments about the work     |": null

2019-11-01 15:16:37 - [TEST_STEP][PASSED] - click(findTestObject("Object Repository/Page_Checkatrade Give your feedback/input_No_ctl00contentButton6")): Object: 'Object Repository/Page_Checkatrade Give your feedback/input_No_ctl00contentButton6' is clicked on

2019-11-01 15:16:38 - [MESSAGE][PASSED] - Object: 'Object Repository/Page_Checkatrade Give your feedback/input_No_ctl00contentButton6' is clicked on

2019-11-01 15:16:38 - [MESSAGE][PASSED] - Call Test Case 'Test Cases/Reusable_Test_Sequences/Give_Feedback/Your_Scores/Details_of_work_Done_Formfill_ALT' successfully

2019-11-01 15:16:38 - [TEST_STEP][PASSED] - scrollToPosition(125, 0): Browser is scrolled to position x = 125, y = 0

2019-11-01 15:16:38 - [MESSAGE][PASSED] - Browser is scrolled to position x = 125, y = 0

2019-11-01 15:16:38 - [TEST_STEP][PASSED] - "------------------------------------------------------------------------------------------": null

2019-11-01 15:16:38 - [TEST_STEP][PASSED] - " Your Experience (page 2) Hit <Next> Button to Continue to <Your Details>- (page 3)       |": null

2019-11-01 15:16:38 - [TEST_STEP][PASSED] - try: null

2019-11-01 15:16:38 - [TEST_STEP][PASSED] - callTestCase(findTestCase("Reusable_Test_Sequences/Give_Feedback/Your_Scores/Hit_Next"), 1): null

2019-11-01 15:16:38 - [TEST_STEP][PASSED] - catch (Exception e): null

2019-11-01 15:16:38 - [MESSAGE][PASSED] - Call Test Case 'Test Cases/Reusable_Test_Sequences/Give_Feedback/Your_Scores/Your_Scores_Alt' successfully

2019-11-01 15:16:38 - [TEST_STEP][PASSED] - "--------------------------------------": null

2019-11-01 15:16:38 - [TEST_STEP][PASSED] - " Your Details (page 3) Processing     |": null

2019-11-01 15:16:38 - [TEST_STEP][PASSED] - callTestCase(findTestCase("Reusable_Test_Sequences/Give_Feedback/Your_Details/Your_Details"), [:], CONTINUE_ON_FAILURE): Call Test Case 'Test Cases/Reusable_Test_Sequences/Give_Feedback/Your_Details/Your_Details' successfully

2019-11-01 15:16:38 - [TEST_CASE][PASSED] - Test Cases/Reusable_Test_Sequences/Give_Feedback/Your_Details/Your_Details: Test Cases/Reusable_Test_Sequences/Give_Feedback/Your_Details/Your_Details

2019-11-01 15:16:38 - [TEST_STEP][PASSED] - "---------------------------------------------------------------------------------------": null

2019-11-01 15:16:38 - [TEST_STEP][PASSED] - " Your Details (page 3)                                                                 |": null

2019-11-01 15:16:38 - [TEST_STEP][PASSED] - "---------------------------------------------------------------------------------------": null

2019-11-01 15:16:38 - [TEST_STEP][PASSED] - "-------------------------------------": null

2019-11-01 15:16:38 - [TEST_STEP][PASSED] - " Consumer or Customer Selection      |": null

2019-11-01 15:16:38 - [TEST_STEP][PASSED] - callTestCase(findTestCase("Reusable_Test_Sequences/Give_Feedback/Your_Details/Consumer_or_Customer_Selection"), [:], CONTINUE_ON_FAILURE): Call Test Case 'Test Cases/Reusable_Test_Sequences/Give_Feedback/Your_Details/Consumer_or_Customer_Selection' successfully

2019-11-01 15:16:38 - [TEST_CASE][PASSED] - Test Cases/Reusable_Test_Sequences/Give_Feedback/Your_Details/Consumer_or_Customer_Selection: Test Cases/Reusable_Test_Sequences/Give_Feedback/Your_Details/Consumer_or_Customer_Selection

2019-11-01 15:16:38 - [TEST_STEP][PASSED] - "--------------------------------": null

2019-11-01 15:16:38 - [TEST_STEP][PASSED] - "Read data from spreadsheet      |": null

2019-11-01 15:16:38 - [TEST_STEP][PASSED] - data = findTestData("Data Files/Give_Feedback (1)"): null

2019-11-01 15:16:38 - [TEST_STEP][PASSED] - YD_Consumer_Customer = data.getValue("YD_Consumer_Customer", row): null

2019-11-01 15:16:38 - [TEST_STEP][PASSED] - out.println("Your Details, Consumer OR Trade Customer, Click on the " + YD_Consumer_Customer + " Option Button "): null

2019-11-01 15:16:38 - [TEST_STEP][PASSED] - try: null

2019-11-01 15:16:38 - [TEST_STEP][PASSED] - if (YD_Consumer_Customer == "Consumer"): null

2019-11-01 15:16:38 - [TEST_STEP][PASSED] - catch (Exception e): null

2019-11-01 15:16:38 - [TEST_STEP][PASSED] - if (YD_Consumer_Customer == "Customer"): null

2019-11-01 15:16:38 - [TEST_STEP][PASSED] - out.println("Your Experience, Recommendation, Click on the " + YD_Consumer_Customer + " Option Button "): null

2019-11-01 15:16:38 - [MESSAGE][PASSED] - Call Test Case 'Test Cases/Reusable_Test_Sequences/Give_Feedback/Your_Details/Consumer_or_Customer_Selection' successfully

2019-11-01 15:16:38 - [TEST_STEP][PASSED] - "-------------------------------------": null

2019-11-01 15:16:38 - [TEST_STEP][PASSED] - " Fill Personal Details               |": null

2019-11-01 15:16:38 - [TEST_STEP][PASSED] - callTestCase(findTestCase("Reusable_Test_Sequences/Give_Feedback/Your_Details/Personal_Details_Formfill"), [:], CONTINUE_ON_FAILURE): Call Test Case 'Test Cases/Reusable_Test_Sequences/Give_Feedback/Your_Details/Personal_Details_Formfill' successfully

2019-11-01 15:16:38 - [TEST_CASE][PASSED] - Test Cases/Reusable_Test_Sequences/Give_Feedback/Your_Details/Personal_Details_Formfill: Test Cases/Reusable_Test_Sequences/Give_Feedback/Your_Details/Personal_Details_Formfill

2019-11-01 15:16:38 - [TEST_STEP][PASSED] - "--------------------------------": null

2019-11-01 15:16:38 - [TEST_STEP][PASSED] - "Read data from spreadsheet      |": null

2019-11-01 15:16:38 - [TEST_STEP][PASSED] - data = findTestData("Data Files/Give_Feedback (1)"): null

2019-11-01 15:16:38 - [TEST_STEP][PASSED] - YD_Salutation = data.getValue("YD_Salutation", row): null

2019-11-01 15:16:38 - [TEST_STEP][PASSED] - YD_Name = data.getValue("YD_Name", row): null

2019-11-01 15:16:38 - [TEST_STEP][PASSED] - YD_Company_Name = data.getValue("YD_Company_Name", row): null

2019-11-01 15:16:38 - [TEST_STEP][PASSED] - YD_Postcode = data.getValue("YD_Postcode", row): null

2019-11-01 15:16:38 - [TEST_STEP][PASSED] - YD_Verify_Address = data.getValue("YD_Verify_Address", row): null

2019-11-01 15:16:38 - [TEST_STEP][PASSED] - YD_Consumer_Customer = data.getValue("YD_Consumer_Customer", row): null

2019-11-01 15:16:39 - [TEST_STEP][PASSED] - out.println("Your Experience, Your details, Set the " + YD_Salutation + " Text Box "): null

2019-11-01 15:16:39 - [TEST_STEP][PASSED] - "--------------------": null

2019-11-01 15:16:39 - [TEST_STEP][PASSED] - "  Set  Salutation   |": null

2019-11-01 15:16:39 - [TEST_STEP][PASSED] - selectOptionByValue(findTestObject("Object Repository/New Folder/Page_Checkatrade Give your feedback/select_MrMrsMissMsMr  MrsDrRevRevd"), YD_Salutation, true): All options with value 'Mr' are selected in object 'Object Repository/New Folder/Page_Checkatrade Give your feedback/select_MrMrsMissMsMr  MrsDrRevRevd'  using regular expression

2019-11-01 15:16:39 - [MESSAGE][PASSED] - All options with value 'Mr' are selected in object 'Object Repository/New Folder/Page_Checkatrade Give your feedback/select_MrMrsMissMsMr  MrsDrRevRevd'  using regular expression

2019-11-01 15:16:39 - [TEST_STEP][PASSED] - "--------------------": null

2019-11-01 15:16:39 - [TEST_STEP][PASSED] - "  Set  Name         |": null

2019-11-01 15:16:39 - [TEST_STEP][PASSED] - if (YD_Consumer_Customer == "Consumer"): Text 'Ron Smith' is set on object 'Object Repository/New Folder/Page_Checkatrade Give your feedback/input_Name_ctl00contenttbCustomerName'

2019-11-01 15:16:39 - [TEST_STEP][PASSED] - setText(findTestObject("Object Repository/New Folder/Page_Checkatrade Give your feedback/input_Name_ctl00contenttbCustomerName"), YD_Name): Text 'Ron Smith' is set on object 'Object Repository/New Folder/Page_Checkatrade Give your feedback/input_Name_ctl00contenttbCustomerName'

2019-11-01 15:16:39 - [MESSAGE][PASSED] - Text 'Ron Smith' is set on object 'Object Repository/New Folder/Page_Checkatrade Give your feedback/input_Name_ctl00contenttbCustomerName'

2019-11-01 15:16:39 - [TEST_STEP][PASSED] - "----------------------": null

2019-11-01 15:16:39 - [TEST_STEP][PASSED] - " Name of you company  |": null

2019-11-01 15:16:39 - [TEST_STEP][PASSED] - if (YD_Consumer_Customer == "Customer"): null

2019-11-01 15:16:39 - [TEST_STEP][PASSED] - "--------------------": null

2019-11-01 15:16:39 - [TEST_STEP][PASSED] - "  Set Postcode     |": null

2019-11-01 15:16:39 - [TEST_STEP][PASSED] - setText(findTestObject("Object Repository/New Folder/Page_Checkatrade Give your feedback/input_Your postcode_ctl00contentctlCustomerAddresstbPostcodeSearch"), YD_Postcode): Text 'PO12 2SD' is set on object 'Object Repository/New Folder/Page_Checkatrade Give your feedback/input_Your postcode_ctl00contentctlCustomerAddresstbPostcodeSearch'

2019-11-01 15:16:39 - [MESSAGE][PASSED] - Text 'PO12 2SD' is set on object 'Object Repository/New Folder/Page_Checkatrade Give your feedback/input_Your postcode_ctl00contentctlCustomerAddresstbPostcodeSearch'

2019-11-01 15:16:39 - [TEST_STEP][PASSED] - "-----------------------------": null

2019-11-01 15:16:39 - [TEST_STEP][PASSED] - "  Address Lookup Selection   |": null

2019-11-01 15:16:39 - [TEST_STEP][PASSED] - click(findTestObject("Object Repository/New Folder/Page_Checkatrade Give your feedback/input_Your postcode_ctl00contentctlCustomerAddressbtnPostcodeLookup")): Object: 'Object Repository/New Folder/Page_Checkatrade Give your feedback/input_Your postcode_ctl00contentctlCustomerAddressbtnPostcodeLookup' is clicked on

2019-11-01 15:16:40 - [MESSAGE][PASSED] - Object: 'Object Repository/New Folder/Page_Checkatrade Give your feedback/input_Your postcode_ctl00contentctlCustomerAddressbtnPostcodeLookup' is clicked on

2019-11-01 15:16:40 - [TEST_STEP][PASSED] - "-----------------------------": null

2019-11-01 15:16:40 - [TEST_STEP][PASSED] - "  Address Lookup Set         |": null

2019-11-01 15:16:40 - [TEST_STEP][PASSED] - selectOptionByLabel(findTestObject("Object Repository/New Folder/Page_Checkatrade Give your feedback/select_Please select your address"), YD_Verify_Address, true): All options with label '26 Broadsands Drive,Gosport,Hampshire,PO12 2SD' are selected in object 'Object Repository/New Folder/Page_Checkatrade Give your feedback/select_Please select your address'  using regular expression

2019-11-01 15:16:40 - [MESSAGE][PASSED] - All options with label '26 Broadsands Drive,Gosport,Hampshire,PO12 2SD' are selected in object 'Object Repository/New Folder/Page_Checkatrade Give your feedback/select_Please select your address'  using regular expression

2019-11-01 15:16:40 - [TEST_STEP][PASSED] - "-----------------------------": null

2019-11-01 15:16:40 - [TEST_STEP][PASSED] - "  Verify Returned Address    |": null

2019-11-01 15:16:40 - [TEST_STEP][PASSED] - verifyTextPresent(YD_Verify_Address, false): Text '26 Broadsands Drive,Gosport,Hampshire,PO12 2SD' is present on page 

2019-11-01 15:16:41 - [MESSAGE][PASSED] - Text '26 Broadsands Drive,Gosport,Hampshire,PO12 2SD' is present on page 

2019-11-01 15:16:41 - [MESSAGE][PASSED] - Call Test Case 'Test Cases/Reusable_Test_Sequences/Give_Feedback/Your_Details/Personal_Details_Formfill' successfully

2019-11-01 15:16:41 - [TEST_STEP][PASSED] - "-------------------------------------": null

2019-11-01 15:16:41 - [TEST_STEP][PASSED] - " Fil Contact Details                 |": null

2019-11-01 15:16:41 - [TEST_STEP][PASSED] - callTestCase(findTestCase("Reusable_Test_Sequences/Give_Feedback/Your_Details/Contact_Details_Formfill"), [:], CONTINUE_ON_FAILURE): Call Test Case 'Test Cases/Reusable_Test_Sequences/Give_Feedback/Your_Details/Contact_Details_Formfill' successfully

2019-11-01 15:16:41 - [TEST_CASE][PASSED] - Test Cases/Reusable_Test_Sequences/Give_Feedback/Your_Details/Contact_Details_Formfill: Test Cases/Reusable_Test_Sequences/Give_Feedback/Your_Details/Contact_Details_Formfill

2019-11-01 15:16:41 - [TEST_STEP][PASSED] - "--------------------------------": null

2019-11-01 15:16:41 - [TEST_STEP][PASSED] - "Read data from spreadsheet      |": null

2019-11-01 15:16:41 - [TEST_STEP][PASSED] - data = findTestData("Data Files/Give_Feedback (1)"): null

2019-11-01 15:16:41 - [TEST_STEP][PASSED] - YD_Home_Phone = data.getValue("YD_Home_Phone", row): null

2019-11-01 15:16:41 - [TEST_STEP][PASSED] - YD_Name = data.getValue("YD_Name", row): null

2019-11-01 15:16:41 - [TEST_STEP][PASSED] - YD_Best_Contact_Time = data.getValue("YD_Best_Contact_Time", row): null

2019-11-01 15:16:41 - [TEST_STEP][PASSED] - YD_Email = data.getValue("YD_Email", row): null

2019-11-01 15:16:41 - [TEST_STEP][PASSED] - YD_Mobile = data.getValue("YD_Mobile", row): null

2019-11-01 15:16:41 - [TEST_STEP][PASSED] - YD_Consumer_Customer = data.getValue("YD_Consumer_Customer", row): null

2019-11-01 15:16:41 - [TEST_STEP][PASSED] - out.println("Your Experience, Your details, Set the " + YD_Home_Phone + " Text Box "): null

2019-11-01 15:16:41 - [TEST_STEP][PASSED] - "------------------------------": null

2019-11-01 15:16:41 - [TEST_STEP][PASSED] - "  Set Home Telephone Number   |": null

2019-11-01 15:16:41 - [TEST_STEP][PASSED] - setText(findTestObject("Object Repository/New Folder/Page_Checkatrade Give your feedback/input_Home telephone_ctl00contenttbCustomerHomePhone"), YD_Home_Phone): Text '02392123456' is set on object 'Object Repository/New Folder/Page_Checkatrade Give your feedback/input_Home telephone_ctl00contenttbCustomerHomePhone'

2019-11-01 15:16:41 - [MESSAGE][PASSED] - Text '02392123456' is set on object 'Object Repository/New Folder/Page_Checkatrade Give your feedback/input_Home telephone_ctl00contenttbCustomerHomePhone'

2019-11-01 15:16:41 - [TEST_STEP][PASSED] - "------------------------------": null

2019-11-01 15:16:41 - [TEST_STEP][PASSED] - "  Set Best Time to Contact    |": null

2019-11-01 15:16:41 - [TEST_STEP][PASSED] - if (YD_Consumer_Customer == "Consumer"): Text 'Afternoon' is set on object 'Object Repository/New Folder/Page_Checkatrade Give your feedback/input_Best time to contact you_ctl00contenttbCustomerContactTime'

2019-11-01 15:16:41 - [TEST_STEP][PASSED] - setText(findTestObject("Object Repository/New Folder/Page_Checkatrade Give your feedback/input_Best time to contact you_ctl00contenttbCustomerContactTime"), YD_Best_Contact_Time): Text 'Afternoon' is set on object 'Object Repository/New Folder/Page_Checkatrade Give your feedback/input_Best time to contact you_ctl00contenttbCustomerContactTime'

2019-11-01 15:16:41 - [MESSAGE][PASSED] - Text 'Afternoon' is set on object 'Object Repository/New Folder/Page_Checkatrade Give your feedback/input_Best time to contact you_ctl00contenttbCustomerContactTime'

2019-11-01 15:16:41 - [TEST_STEP][PASSED] - "------------------------------": null

2019-11-01 15:16:41 - [TEST_STEP][PASSED] - "  Set Email Address           |": null

2019-11-01 15:16:41 - [TEST_STEP][PASSED] - setText(findTestObject("Object Repository/New Folder/Page_Checkatrade Give your feedback/input_Email_ctl00contenttbCustomerEmail"), YD_Email): Text 'Test_xxxxxx@xdxdxdxd.com' is set on object 'Object Repository/New Folder/Page_Checkatrade Give your feedback/input_Email_ctl00contenttbCustomerEmail'

2019-11-01 15:16:41 - [MESSAGE][PASSED] - Text 'Test_xxxxxx@xdxdxdxd.com' is set on object 'Object Repository/New Folder/Page_Checkatrade Give your feedback/input_Email_ctl00contenttbCustomerEmail'

2019-11-01 15:16:41 - [TEST_STEP][PASSED] - "------------------------------": null

2019-11-01 15:16:41 - [TEST_STEP][PASSED] - "  Set Mobile Telephone Number |": null

2019-11-01 15:16:41 - [TEST_STEP][PASSED] - setText(findTestObject("Object Repository/New Folder/Page_Checkatrade Give your feedback/input_Mobile_ctl00contenttbCustomerMobile"), YD_Mobile): Text '07788123456' is set on object 'Object Repository/New Folder/Page_Checkatrade Give your feedback/input_Mobile_ctl00contenttbCustomerMobile'

2019-11-01 15:16:42 - [MESSAGE][PASSED] - Text '07788123456' is set on object 'Object Repository/New Folder/Page_Checkatrade Give your feedback/input_Mobile_ctl00contenttbCustomerMobile'

2019-11-01 15:16:42 - [MESSAGE][PASSED] - Call Test Case 'Test Cases/Reusable_Test_Sequences/Give_Feedback/Your_Details/Contact_Details_Formfill' successfully

2019-11-01 15:16:42 - [TEST_STEP][PASSED] - "-------------------------------------": null

2019-11-01 15:16:42 - [TEST_STEP][PASSED] - " CHeckatrade Questions               |": null

2019-11-01 15:16:42 - [TEST_STEP][PASSED] - callTestCase(findTestCase("Reusable_Test_Sequences/Give_Feedback/Your_Details/Checkatrade_Questions"), [:], CONTINUE_ON_FAILURE): Call Test Case 'Test Cases/Reusable_Test_Sequences/Give_Feedback/Your_Details/Checkatrade_Questions' successfully

2019-11-01 15:16:42 - [TEST_CASE][PASSED] - Test Cases/Reusable_Test_Sequences/Give_Feedback/Your_Details/Checkatrade_Questions: Test Cases/Reusable_Test_Sequences/Give_Feedback/Your_Details/Checkatrade_Questions

2019-11-01 15:16:42 - [TEST_STEP][PASSED] - "--------------------------------": null

2019-11-01 15:16:42 - [TEST_STEP][PASSED] - "Read data from spreadsheet      |": null

2019-11-01 15:16:42 - [TEST_STEP][PASSED] - data = findTestData("Data Files/Give_Feedback (1)"): null

2019-11-01 15:16:42 - [TEST_STEP][PASSED] - YD_Feedback_Method = data.getValue("YD_Feedback_Method", row): null

2019-11-01 15:16:42 - [TEST_STEP][PASSED] - YD_How_Did_You_Hear = data.getValue("YD_How_Did_You_Hear", row): null

2019-11-01 15:16:42 - [TEST_STEP][PASSED] - YD_Other_Response = data.getValue("YD_Other_Response", row): null

2019-11-01 15:16:42 - [TEST_STEP][PASSED] - YD_Reason_For_Tradeperson_Selection = data.getValue("YD_Reason_For_Tradeperson_Selection", row): null

2019-11-01 15:16:42 - [TEST_STEP][PASSED] - YD_Receive_Chekatrade_Updates = data.getValue("YD_Receive_Chekatrade_Updates", row): null

2019-11-01 15:16:42 - [TEST_STEP][PASSED] - YD_Receive_Third_Party_Updates = data.getValue("YD_Receive_Third_Party_Updates", row): null

2019-11-01 15:16:42 - [TEST_STEP][PASSED] - out.println("Your Experience, Your details, Set the " + YD_Feedback_Method + " Text Box "): null

2019-11-01 15:16:42 - [TEST_STEP][PASSED] - "------------------------------------": null

2019-11-01 15:16:42 - [TEST_STEP][PASSED] - "  Set Verify Options - SMS OR Email |": null

2019-11-01 15:16:42 - [TEST_STEP][PASSED] - if (YD_Feedback_Method == "email"): Wait for page load successfully

2019-11-01 15:16:42 - [TEST_STEP][PASSED] - click(findTestObject("Object Repository/Page_Checkatrade Give your feedback/span_Verify by email")): Object: 'Object Repository/Page_Checkatrade Give your feedback/span_Verify by email' is clicked on

2019-11-01 15:16:42 - [MESSAGE][PASSED] - Object: 'Object Repository/Page_Checkatrade Give your feedback/span_Verify by email' is clicked on

2019-11-01 15:16:42 - [TEST_STEP][PASSED] - waitForPageLoad(2): Wait for page load successfully

2019-11-01 15:16:42 - [MESSAGE][PASSED] - Wait for page load successfully

2019-11-01 15:16:42 - [TEST_STEP][PASSED] - "--------------------------------------": null

2019-11-01 15:16:42 - [TEST_STEP][PASSED] - " Scroll to <Next> Button              |": null

2019-11-01 15:16:42 - [TEST_STEP][PASSED] - scrollToPosition(200, 0): Browser is scrolled to position x = 200, y = 0

2019-11-01 15:16:42 - [MESSAGE][PASSED] - Browser is scrolled to position x = 200, y = 0

2019-11-01 15:16:42 - [TEST_STEP][PASSED] - "--------------------------------------": null

2019-11-01 15:16:42 - [TEST_STEP][PASSED] - "  Set How You Heard About Checkatrade |": null

2019-11-01 15:16:42 - [TEST_STEP][PASSED] - waitForPageLoad(2): Wait for page load successfully

2019-11-01 15:16:42 - [MESSAGE][PASSED] - Wait for page load successfully

2019-11-01 15:16:42 - [TEST_STEP][PASSED] - selectOptionByLabel(findTestObject("Object Repository/Page_Checkatrade Give your feedback/select_Please selectTVRadioOnlineDirectoryWord"), YD_How_Did_You_Hear, true): All options with label 'Online' are selected in object 'Object Repository/Page_Checkatrade Give your feedback/select_Please selectTVRadioOnlineDirectoryWord'  using regular expression

2019-11-01 15:16:43 - [MESSAGE][PASSED] - All options with label 'Online' are selected in object 'Object Repository/Page_Checkatrade Give your feedback/select_Please selectTVRadioOnlineDirectoryWord'  using regular expression

2019-11-01 15:16:43 - [TEST_STEP][PASSED] - "--------------------------------------": null

2019-11-01 15:16:43 - [TEST_STEP][PASSED] - "  How did you hear about Textbox      |": null

2019-11-01 15:16:43 - [TEST_STEP][PASSED] - if (YD_How_Did_You_Hear == "Other"): null

2019-11-01 15:16:43 - [TEST_STEP][PASSED] - "--------------------------------------": null

2019-11-01 15:16:43 - [TEST_STEP][PASSED] - "  Why Use The Selected Tradesperson   |": null

2019-11-01 15:16:43 - [TEST_STEP][PASSED] - selectOptionByIndex(findTestObject("Object Repository/New Folder/Page_Checkatrade Give your feedback/select_Prefer not to sayFound the Tradesperson via CheckatradecomDirected to Checkatradecom by the Tradesperson"), 2): All options with index in [2] are selected on object 'Object Repository/New Folder/Page_Checkatrade Give your feedback/select_Prefer not to sayFound the Tradesperson via CheckatradecomDirected to Checkatradecom by the Tradesperson'

2019-11-01 15:16:43 - [MESSAGE][PASSED] - All options with index in [2] are selected on object 'Object Repository/New Folder/Page_Checkatrade Give your feedback/select_Prefer not to sayFound the Tradesperson via CheckatradecomDirected to Checkatradecom by the Tradesperson'

2019-11-01 15:16:43 - [TEST_STEP][PASSED] - "----------------------------------------------------": null

2019-11-01 15:16:43 - [TEST_STEP][PASSED] - " Select - I am happy to receive Updates - Checkatra |": null

2019-11-01 15:16:43 - [TEST_STEP][PASSED] - if (YD_Receive_Chekatrade_Updates == "Yes"): Wait for page load successfully

2019-11-01 15:16:43 - [TEST_STEP][PASSED] - click(findTestObject("Object Repository/New Folder/Page_Checkatrade Give your feedback/input_I am happy to receive updates from Checkatrade_ctl00contentchkEmailUpdates")): Object: 'Object Repository/New Folder/Page_Checkatrade Give your feedback/input_I am happy to receive updates from Checkatrade_ctl00contentchkEmailUpdates' is clicked on

2019-11-01 15:16:43 - [MESSAGE][PASSED] - Object: 'Object Repository/New Folder/Page_Checkatrade Give your feedback/input_I am happy to receive updates from Checkatrade_ctl00contentchkEmailUpdates' is clicked on

2019-11-01 15:16:43 - [TEST_STEP][PASSED] - waitForPageLoad(2): Wait for page load successfully

2019-11-01 15:16:43 - [MESSAGE][PASSED] - Wait for page load successfully

2019-11-01 15:16:43 - [TEST_STEP][PASSED] - "----------------------------------------------------": null

2019-11-01 15:16:43 - [TEST_STEP][PASSED] - " Select - I am happy to receive Updates - 3rd party |": null

2019-11-01 15:16:43 - [TEST_STEP][PASSED] - if (YD_Receive_Third_Party_Updates == "Yes"): null

2019-11-01 15:16:43 - [TEST_STEP][PASSED] - "--------------------------------------": null

2019-11-01 15:16:43 - [TEST_STEP][PASSED] - "   SUBMIT Page                        |": null

2019-11-01 15:16:43 - [TEST_STEP][PASSED] - click(findTestObject("Object Repository/New Folder/Page_Checkatrade Give your feedback/input_here_ctl00contentButtonSubmit")): Object: 'Object Repository/New Folder/Page_Checkatrade Give your feedback/input_here_ctl00contentButtonSubmit' is clicked on

2019-11-01 15:16:45 - [MESSAGE][PASSED] - Object: 'Object Repository/New Folder/Page_Checkatrade Give your feedback/input_here_ctl00contentButtonSubmit' is clicked on

2019-11-01 15:16:45 - [TEST_STEP][PASSED] - waitForPageLoad(2): Wait for page load successfully

2019-11-01 15:16:45 - [MESSAGE][PASSED] - Wait for page load successfully

2019-11-01 15:16:45 - [MESSAGE][PASSED] - Call Test Case 'Test Cases/Reusable_Test_Sequences/Give_Feedback/Your_Details/Checkatrade_Questions' successfully

2019-11-01 15:16:45 - [TEST_STEP][PASSED] - "-------------------------------------": null

2019-11-01 15:16:45 - [TEST_STEP][PASSED] - " Commit form                         |": null

2019-11-01 15:16:45 - [TEST_STEP][PASSED] - waitForPageLoad(60): Wait for page load successfully

2019-11-01 15:16:45 - [MESSAGE][PASSED] - Wait for page load successfully

2019-11-01 15:16:45 - [MESSAGE][PASSED] - Call Test Case 'Test Cases/Reusable_Test_Sequences/Give_Feedback/Your_Details/Your_Details' successfully

2019-11-01 15:16:45 - [TEST_STEP][PASSED] - "--------------------------------------": null

2019-11-01 15:16:45 - [TEST_STEP][PASSED] - " Further Info (page 4) Processing     |": null

2019-11-01 15:16:45 - [TEST_STEP][PASSED] - callTestCase(findTestCase("Reusable_Test_Sequences/Give_Feedback/Further_Infomation/Further_Information"), [:], CONTINUE_ON_FAILURE): Call Test Case 'Test Cases/Reusable_Test_Sequences/Give_Feedback/Further_Infomation/Further_Information' successfully

2019-11-01 15:16:45 - [TEST_CASE][PASSED] - Test Cases/Reusable_Test_Sequences/Give_Feedback/Further_Infomation/Further_Information: Test Cases/Reusable_Test_Sequences/Give_Feedback/Further_Infomation/Further_Information

2019-11-01 15:16:45 - [TEST_STEP][PASSED] - "--------------------------------": null

2019-11-01 15:16:45 - [TEST_STEP][PASSED] - "  Read data from spreadsheet    |": null

2019-11-01 15:16:45 - [TEST_STEP][PASSED] - data = findTestData("Data Files/Give_Feedback (1)"): null

2019-11-01 15:16:45 - [TEST_STEP][PASSED] - FD_Value_of_Work = data.getValue("FD_Value_of_Work", row): null

2019-11-01 15:16:45 - [TEST_STEP][PASSED] - "-----------": null

2019-11-01 15:16:45 - [TEST_STEP][PASSED] - "  Synch    |": null

2019-11-01 15:16:45 - [TEST_STEP][PASSED] - waitForElementPresent(findTestObject("Object Repository/New Folder1/Page_Checkatrade Give your feedback/input_Value Of Work_ctl00contenttbValueOfWork"), 25): Object 'Object Repository/New Folder1/Page_Checkatrade Give your feedback/input_Value Of Work_ctl00contenttbValueOfWork' is present

2019-11-01 15:16:45 - [MESSAGE][PASSED] - Object 'Object Repository/New Folder1/Page_Checkatrade Give your feedback/input_Value Of Work_ctl00contenttbValueOfWork' is present

2019-11-01 15:16:45 - [TEST_STEP][PASSED] - "--------------------------------": null

2019-11-01 15:16:45 - [TEST_STEP][PASSED] - "  Set the Value of Work Textbox |": null

2019-11-01 15:16:45 - [TEST_STEP][PASSED] - setText(findTestObject("Object Repository/New Folder1/Page_Checkatrade Give your feedback/input_Value Of Work_ctl00contenttbValueOfWork"), FD_Value_of_Work): Text '20' is set on object 'Object Repository/New Folder1/Page_Checkatrade Give your feedback/input_Value Of Work_ctl00contenttbValueOfWork'

2019-11-01 15:16:45 - [MESSAGE][PASSED] - Text '20' is set on object 'Object Repository/New Folder1/Page_Checkatrade Give your feedback/input_Value Of Work_ctl00contenttbValueOfWork'

2019-11-01 15:16:45 - [TEST_STEP][PASSED] - "--------------------------------": null

2019-11-01 15:16:45 - [TEST_STEP][PASSED] - "  Hit <Submit> button to Commit |": null

2019-11-01 15:16:45 - [TEST_STEP][PASSED] - click(findTestObject("Object Repository/New Folder/Page_Checkatrade Give your feedback/input_Value Of Work_ctl00contentButton1")): Object: 'Object Repository/New Folder/Page_Checkatrade Give your feedback/input_Value Of Work_ctl00contentButton1' is clicked on

2019-11-01 15:16:46 - [MESSAGE][PASSED] - Object: 'Object Repository/New Folder/Page_Checkatrade Give your feedback/input_Value Of Work_ctl00contentButton1' is clicked on

2019-11-01 15:16:46 - [TEST_STEP][PASSED] - "--------------------------------": null

2019-11-01 15:16:46 - [TEST_STEP][PASSED] - "  Wait for FInal Page Load      |": null

2019-11-01 15:16:46 - [TEST_STEP][PASSED] - waitForPageLoad(60): Wait for page load successfully

2019-11-01 15:16:46 - [MESSAGE][PASSED] - Wait for page load successfully

2019-11-01 15:16:46 - [MESSAGE][PASSED] - Call Test Case 'Test Cases/Reusable_Test_Sequences/Give_Feedback/Further_Infomation/Further_Information' successfully

2019-11-01 15:16:46 - [TEST_STEP][PASSED] - "--------------------------------------": null

2019-11-01 15:16:46 - [TEST_STEP][PASSED] - " Thank You! (page 5) Processing       |": null

2019-11-01 15:16:46 - [TEST_STEP][PASSED] - callTestCase(findTestCase("Reusable_Test_Sequences/Give_Feedback/Final_Page"), [:], CONTINUE_ON_FAILURE): Call Test Case 'Test Cases/Reusable_Test_Sequences/Give_Feedback/Final_Page' successfully

2019-11-01 15:16:46 - [TEST_CASE][PASSED] - Test Cases/Reusable_Test_Sequences/Give_Feedback/Final_Page: Test Cases/Reusable_Test_Sequences/Give_Feedback/Final_Page

2019-11-01 15:16:46 - [TEST_STEP][PASSED] - waitForPageLoad(2): Wait for page load successfully

2019-11-01 15:16:46 - [MESSAGE][PASSED] - Wait for page load successfully

2019-11-01 15:16:46 - [TEST_STEP][PASSED] - "--------------------------------": null

2019-11-01 15:16:46 - [TEST_STEP][PASSED] - "Read data from spreadsheet      |": null

2019-11-01 15:16:46 - [TEST_STEP][PASSED] - data = findTestData("Data Files/Give_Feedback (1)"): null

2019-11-01 15:16:46 - [TEST_STEP][PASSED] - Account_Verification_Name = data.getValue("Account_Verification_Name", row): null

2019-11-01 15:16:46 - [TEST_STEP][PASSED] - YE_Recommend = data.getValue("YE_Recommendations", row): null

2019-11-01 15:16:46 - [TEST_STEP][PASSED] - YE_Work_Carried_Out = data.getValue("YE_Work_Carried_Out", row): null

2019-11-01 15:16:46 - [TEST_STEP][PASSED] - waitForElementVisible(findTestObject("Object Repository/New Folder/Page_Checkatrade Give your feedback/a_Finish"), 25): Object 'Object Repository/New Folder/Page_Checkatrade Give your feedback/a_Finish' is visible

2019-11-01 15:16:46 - [MESSAGE][PASSED] - Object 'Object Repository/New Folder/Page_Checkatrade Give your feedback/a_Finish' is visible

2019-11-01 15:16:46 - [TEST_STEP][PASSED] - "------------------------------------": null

2019-11-01 15:16:46 - [TEST_STEP][PASSED] - "  Verify Page Detail                |": null

2019-11-01 15:16:46 - [TEST_STEP][PASSED] - if (YE_Recommend == "Yes"): null

2019-11-01 15:16:46 - [TEST_STEP][PASSED] - verifyTextPresent("Thank you", true): Text 'Thank you' is present on page  using regular expression

2019-11-01 15:16:46 - [MESSAGE][PASSED] - Text 'Thank you' is present on page  using regular expression

2019-11-01 15:16:46 - [TEST_STEP][PASSED] - "------------------------------------": null

2019-11-01 15:16:46 - [TEST_STEP][PASSED] - "  Hit Finish                        |": null

2019-11-01 15:16:46 - [TEST_STEP][PASSED] - click(findTestObject("Object Repository/New Folder/Page_Checkatrade Give your feedback/a_Finish")): Object: 'Object Repository/New Folder/Page_Checkatrade Give your feedback/a_Finish' is clicked on

2019-11-01 15:16:47 - [MESSAGE][PASSED] - Object: 'Object Repository/New Folder/Page_Checkatrade Give your feedback/a_Finish' is clicked on

2019-11-01 15:16:47 - [MESSAGE][PASSED] - Call Test Case 'Test Cases/Reusable_Test_Sequences/Give_Feedback/Final_Page' successfully

2019-11-01 15:16:47 - [TEST_STEP][PASSED] - "--------------------------------------": null

2019-11-01 15:16:47 - [TEST_STEP][PASSED] - "  Verify Return to Home Page          |": null

2019-11-01 15:16:47 - [TEST_STEP][PASSED] - callTestCase(findTestCase("Reusable_Test_Sequences/CAT_Home"), [:], CONTINUE_ON_FAILURE): Call Test Case 'Test Cases/Reusable_Test_Sequences/CAT_Home' successfully

2019-11-01 15:16:47 - [TEST_CASE][PASSED] - Test Cases/Reusable_Test_Sequences/CAT_Home: Test Cases/Reusable_Test_Sequences/CAT_Home

2019-11-01 15:16:47 - [TEST_STEP][PASSED] - waitForPageLoad(2): Wait for page load successfully

2019-11-01 15:16:48 - [MESSAGE][PASSED] - Wait for page load successfully

2019-11-01 15:16:48 - [TEST_STEP][PASSED] - waitForElementVisible(findTestObject("Object Repository/Checkatrade_Trade_Search_Page/Page_Checkatrade Find a tradesperson you can trust/a_Search"), 10): Object 'Object Repository/Checkatrade_Trade_Search_Page/Page_Checkatrade Find a tradesperson you can trust/a_Search' is visible

2019-11-01 15:16:48 - [MESSAGE][PASSED] - Object 'Object Repository/Checkatrade_Trade_Search_Page/Page_Checkatrade Find a tradesperson you can trust/a_Search' is visible

2019-11-01 15:16:48 - [TEST_STEP][PASSED] - "------------------------------------": null

2019-11-01 15:16:48 - [TEST_STEP][PASSED] - verifyTextPresent("Helping you find the right trade or service", false): Text 'Helping you find the right trade or service' is present on page 

2019-11-01 15:16:48 - [MESSAGE][PASSED] - Text 'Helping you find the right trade or service' is present on page 

2019-11-01 15:16:48 - [TEST_STEP][PASSED] - verifyTextPresent("Search through over", false): Text 'Search through over' is present on page 

2019-11-01 15:16:48 - [MESSAGE][PASSED] - Text 'Search through over' is present on page 

2019-11-01 15:16:48 - [TEST_STEP][PASSED] - verifyTextPresent("recommended, vetted and monitored trades and service providers for free.", false): Text 'recommended, vetted and monitored trades and service providers for free.' is present on page 

2019-11-01 15:16:48 - [MESSAGE][PASSED] - Text 'recommended, vetted and monitored trades and service providers for free.' is present on page 

2019-11-01 15:16:48 - [TEST_STEP][PASSED] - verifyTextPresent("or look up a member by name", false): Text 'or look up a member by name' is present on page 

2019-11-01 15:16:49 - [MESSAGE][PASSED] - Text 'or look up a member by name' is present on page 

2019-11-01 15:16:49 - [TEST_STEP][PASSED] - verifyTextPresent("reviews published so far – thank you!", false): Text 'reviews published so far – thank you!' is present on page 

2019-11-01 15:16:49 - [MESSAGE][PASSED] - Text 'reviews published so far – thank you!' is present on page 

2019-11-01 15:16:49 - [TEST_STEP][PASSED] - CurrentUrl = getUrl(): Current window's url is: 'https://www.preview.checkatrade.com/'

2019-11-01 15:16:49 - [MESSAGE][PASSED] - Current window's url is: 'https://www.preview.checkatrade.com/'

2019-11-01 15:16:49 - [TEST_STEP][PASSED] - if (CurrentUrl == URL): null

2019-11-01 15:16:49 - [TEST_STEP][PASSED] - out.println("We have been redirected, correctly back to home URL" + URL): null

2019-11-01 15:16:49 - [MESSAGE][PASSED] - Call Test Case 'Test Cases/Reusable_Test_Sequences/CAT_Home' successfully

2019-11-01 15:16:49 - [TEST_STEP][PASSED] - "--------------------------------------": null

2019-11-01 15:16:49 - [TEST_STEP][PASSED] - " Processing Completion                |": null

2019-11-01 15:16:49 - [TEST_STEP][PASSED] - "--------------------------------------": null

2019-11-01 15:16:49 - [TEST_STEP][PASSED] - "--------------------------": null

2019-11-01 15:16:49 - [TEST_STEP][PASSED] - " Teardown - CLose Browser |": null

2019-11-01 15:16:49 - [TEST_STEP][PASSED] - callTestCase(findTestCase("Reusable_Test_Sequences/CAT_Teardown"), [:], OPTIONAL): Call Test Case 'Test Cases/Reusable_Test_Sequences/CAT_Teardown' successfully

2019-11-01 15:16:49 - [TEST_CASE][PASSED] - Test Cases/Reusable_Test_Sequences/CAT_Teardown: Test Cases/Reusable_Test_Sequences/CAT_Teardown

2019-11-01 15:16:49 - [TEST_STEP][PASSED] - closeBrowser(): Browser is closed

2019-11-01 15:16:51 - [MESSAGE][PASSED] - Browser is closed

2019-11-01 15:16:51 - [MESSAGE][PASSED] - Call Test Case 'Test Cases/Reusable_Test_Sequences/CAT_Teardown' successfully

2019-11-01 15:16:51 - [TEST_STEP][PASSED] - callTestCase(findTestCase("Reusable_Test_Sequences/CAT_Setup"), [:], OPTIONAL): Call Test Case 'Test Cases/Reusable_Test_Sequences/CAT_Setup' successfully

2019-11-01 15:16:51 - [TEST_CASE][PASSED] - Test Cases/Reusable_Test_Sequences/CAT_Setup: Test Cases/Reusable_Test_Sequences/CAT_Setup

2019-11-01 15:16:51 - [TEST_STEP][PASSED] - "URL - Set from the ENVIRONMENT PROFILE ": null

2019-11-01 15:16:51 - [TEST_STEP][PASSED] - openBrowser(URL): Browser is opened with url: 'https://www.preview.checkatrade.com/'

2019-11-01 15:16:51 - [MESSAGE][INFO] - Starting 'Firefox' driver

2019-11-01 15:16:58 - [MESSAGE][PASSED] - Browser is opened with url: 'https://www.preview.checkatrade.com/'

2019-11-01 15:16:58 - [TEST_STEP][PASSED] - maximizeWindow(): Current window maximized

2019-11-01 15:16:58 - [MESSAGE][PASSED] - Current window maximized

2019-11-01 15:16:58 - [TEST_STEP][PASSED] - waitForPageLoad(60): Wait for page load successfully

2019-11-01 15:16:58 - [MESSAGE][PASSED] - Wait for page load successfully

2019-11-01 15:16:58 - [TEST_STEP][PASSED] - waitForElementVisible(findTestObject("Page_Checkatrade Find a tradesperson you can trust/a_Search"), 25): Object 'Object Repository/Page_Checkatrade Find a tradesperson you can trust/a_Search' is visible

2019-11-01 15:16:58 - [MESSAGE][PASSED] - Object 'Object Repository/Page_Checkatrade Find a tradesperson you can trust/a_Search' is visible

2019-11-01 15:16:58 - [TEST_STEP][PASSED] - try: null

2019-11-01 15:16:58 - [TEST_STEP][PASSED] - if (verifyElementPresent(findTestObject("Page_Checkatrade Find a tradesperson you can trust/div_close"), 1, OPTIONAL)): null

2019-11-01 15:16:58 - [MESSAGE][PASSED] - Object 'Object Repository/Page_Checkatrade Find a tradesperson you can trust/div_close' is present

2019-11-01 15:16:58 - [TEST_STEP][PASSED] - click(findTestObject("Page_Checkatrade Find a tradesperson you can trust/div_close")): Object: 'Object Repository/Page_Checkatrade Find a tradesperson you can trust/div_close' is clicked on

2019-11-01 15:16:58 - [MESSAGE][PASSED] - Object: 'Object Repository/Page_Checkatrade Find a tradesperson you can trust/div_close' is clicked on

2019-11-01 15:16:58 - [TEST_STEP][PASSED] - "---------------------------------": null

2019-11-01 15:16:58 - [TEST_STEP][PASSED] - "COOKIE POPOUT REMOVED - Confirmed": null

2019-11-01 15:16:58 - [TEST_STEP][PASSED] - delay(1): Delayed 1 second(s)

2019-11-01 15:16:59 - [MESSAGE][PASSED] - Delayed 1 second(s)

2019-11-01 15:16:59 - [TEST_STEP][PASSED] - verifyTextNotPresent("Checkatrade.com uses cookies to make sure you get the best browsing experience", false): Text 'Checkatrade.com uses cookies to make sure you get the best browsing experience' is not present on page

2019-11-01 15:17:00 - [MESSAGE][PASSED] - Text 'Checkatrade.com uses cookies to make sure you get the best browsing experience' is not present on page

2019-11-01 15:17:00 - [TEST_STEP][PASSED] - try: null

2019-11-01 15:17:00 - [TEST_STEP][PASSED] - if (verifyElementPresent(findTestObject("Page_Checkatrade Find a tradesperson you can trust/div_close_1"), 1, OPTIONAL)): null

2019-11-01 15:17:00 - [MESSAGE][PASSED] - Object 'Object Repository/Page_Checkatrade Find a tradesperson you can trust/div_close_1' is present

2019-11-01 15:17:00 - [TEST_STEP][PASSED] - click(findTestObject("Page_Checkatrade Find a tradesperson you can trust/div_close_1")): Object: 'Object Repository/Page_Checkatrade Find a tradesperson you can trust/div_close_1' is clicked on

2019-11-01 15:17:00 - [MESSAGE][PASSED] - Object: 'Object Repository/Page_Checkatrade Find a tradesperson you can trust/div_close_1' is clicked on

2019-11-01 15:17:00 - [TEST_STEP][PASSED] - "---------------------------------": null

2019-11-01 15:17:00 - [TEST_STEP][PASSED] - "PRIVACY POPOUT REMOVED - Confirmed": null

2019-11-01 15:17:00 - [TEST_STEP][PASSED] - delay(1): Delayed 1 second(s)

2019-11-01 15:17:01 - [MESSAGE][PASSED] - Delayed 1 second(s)

2019-11-01 15:17:01 - [TEST_STEP][PASSED] - verifyTextNotPresent("We have updated our Privacy Policy, please review this", false): Text 'We have updated our Privacy Policy, please review this' is not present on page

2019-11-01 15:17:02 - [MESSAGE][PASSED] - Text 'We have updated our Privacy Policy, please review this' is not present on page

2019-11-01 15:17:02 - [MESSAGE][PASSED] - Call Test Case 'Test Cases/Reusable_Test_Sequences/CAT_Setup' successfully

2019-11-01 15:17:02 - [TEST_STEP][PASSED] - "-----------------------------------------------------": null

2019-11-01 15:17:02 - [TEST_STEP][PASSED] - " Hit the <Give Feedback> link in the header banner   |": null

2019-11-01 15:17:02 - [TEST_STEP][PASSED] - callTestCase(findTestCase("Reusable_Test_Sequences/Banner_Menu/Give_Feedback"), [:], CONTINUE_ON_FAILURE): Call Test Case 'Test Cases/Reusable_Test_Sequences/Banner_Menu/Give_Feedback' successfully

2019-11-01 15:17:02 - [TEST_CASE][PASSED] - Test Cases/Reusable_Test_Sequences/Banner_Menu/Give_Feedback: Test Cases/Reusable_Test_Sequences/Banner_Menu/Give_Feedback

2019-11-01 15:17:02 - [TEST_STEP][PASSED] - click(findTestObject("Object Repository/Page_Checkatrade Find a tradesperson you can trust/a_Give feedback")): Object: 'Object Repository/Page_Checkatrade Find a tradesperson you can trust/a_Give feedback' is clicked on

2019-11-01 15:17:04 - [MESSAGE][PASSED] - Object: 'Object Repository/Page_Checkatrade Find a tradesperson you can trust/a_Give feedback' is clicked on

2019-11-01 15:17:04 - [TEST_STEP][PASSED] - waitForElementVisible(findTestObject("Page_Give_Feedback_Enhanced_OBJ_Repo/Page_Checkatrade Give your feedback/input_Which member do you want to review_feedback-form__company_autocomplete_input"), 25): Object 'Object Repository/Page_Give_Feedback_Enhanced_OBJ_Repo/Page_Checkatrade Give your feedback/input_Which member do you want to review_feedback-form__company_autocomplete_input' is visible

2019-11-01 15:17:04 - [MESSAGE][PASSED] - Object 'Object Repository/Page_Give_Feedback_Enhanced_OBJ_Repo/Page_Checkatrade Give your feedback/input_Which member do you want to review_feedback-form__company_autocomplete_input' is visible

2019-11-01 15:17:04 - [TEST_STEP][PASSED] - verifyTextPresent("Give your feedback", false): Text 'Give your feedback' is present on page 

2019-11-01 15:17:04 - [MESSAGE][PASSED] - Text 'Give your feedback' is present on page 

2019-11-01 15:17:04 - [TEST_STEP][PASSED] - verifyTextPresent("Which member do you want to review?", false): Text 'Which member do you want to review?' is present on page 

2019-11-01 15:17:04 - [MESSAGE][PASSED] - Text 'Which member do you want to review?' is present on page 

2019-11-01 15:17:04 - [MESSAGE][PASSED] - Call Test Case 'Test Cases/Reusable_Test_Sequences/Banner_Menu/Give_Feedback' successfully

2019-11-01 15:17:04 - [TEST_STEP][PASSED] - "-----------------------------------------------------": null

2019-11-01 15:17:04 - [TEST_STEP][PASSED] - " Enter Member Trade Name OR Checkatrade ID To Review |": null

2019-11-01 15:17:04 - [TEST_STEP][PASSED] - callTestCase(findTestCase("Reusable_Test_Sequences/Give_Feedback/Which_Member_to_Review"), [:], CONTINUE_ON_FAILURE): Call Test Case 'Test Cases/Reusable_Test_Sequences/Give_Feedback/Which_Member_to_Review' successfully

2019-11-01 15:17:04 - [TEST_CASE][PASSED] - Test Cases/Reusable_Test_Sequences/Give_Feedback/Which_Member_to_Review: Test Cases/Reusable_Test_Sequences/Give_Feedback/Which_Member_to_Review

2019-11-01 15:17:04 - [TEST_STEP][PASSED] - waitForPageLoad(60): Wait for page load successfully

2019-11-01 15:17:04 - [MESSAGE][PASSED] - Wait for page load successfully

2019-11-01 15:17:04 - [TEST_STEP][PASSED] - waitForElementPresent(findTestObject("Object Repository/Page_Checkatrade Give your feedback/input_Which member do you want to review"), 25): Object 'Object Repository/Page_Checkatrade Give your feedback/input_Which member do you want to review' is present

2019-11-01 15:17:05 - [MESSAGE][PASSED] - Object 'Object Repository/Page_Checkatrade Give your feedback/input_Which member do you want to review' is present

2019-11-01 15:17:05 - [TEST_STEP][PASSED] - setText(findTestObject("Object Repository/Page_Checkatrade Give your feedback/input_Which member do you want to review"), findTestData("Give_Feedback (1)").getValue("Account_Verification_Name", row)): Text 'Test Account' is set on object 'Object Repository/Page_Checkatrade Give your feedback/input_Which member do you want to review'

2019-11-01 15:17:05 - [MESSAGE][PASSED] - Text 'Test Account' is set on object 'Object Repository/Page_Checkatrade Give your feedback/input_Which member do you want to review'

2019-11-01 15:17:05 - [TEST_STEP][PASSED] - delay(1): Delayed 1 second(s)

2019-11-01 15:17:06 - [MESSAGE][PASSED] - Delayed 1 second(s)

2019-11-01 15:17:06 - [TEST_STEP][PASSED] - "Submit the search criteria using click     |": null

2019-11-01 15:17:06 - [TEST_STEP][PASSED] - waitForElementPresent(findTestObject("Object Repository/Page_Checkatrade Give your feedback/div_Which member do you want to review"), 25): Object 'Object Repository/Page_Checkatrade Give your feedback/div_Which member do you want to review' is present

2019-11-01 15:17:06 - [MESSAGE][PASSED] - Object 'Object Repository/Page_Checkatrade Give your feedback/div_Which member do you want to review' is present

2019-11-01 15:17:06 - [TEST_STEP][PASSED] - try: Object: 'Object Repository/Page_Checkatrade Give your feedback/div_Which member do you want to review' is clicked on

2019-11-01 15:17:06 - [TEST_STEP][PASSED] - "Try Catch Included 14/08/2019 - Sometimes the Trader isnt returned?   |": null

2019-11-01 15:17:06 - [TEST_STEP][PASSED] - click(findTestObject("Page_Checkatrade Give your feedback/div_Which member do you want to review")): Object: 'Object Repository/Page_Checkatrade Give your feedback/div_Which member do you want to review' is clicked on

2019-11-01 15:17:06 - [MESSAGE][PASSED] - Object: 'Object Repository/Page_Checkatrade Give your feedback/div_Which member do you want to review' is clicked on

2019-11-01 15:17:06 - [MESSAGE][PASSED] - Call Test Case 'Test Cases/Reusable_Test_Sequences/Give_Feedback/Which_Member_to_Review' successfully

2019-11-01 15:17:06 - [TEST_STEP][PASSED] - "--------------------------------------": null

2019-11-01 15:17:06 - [TEST_STEP][PASSED] - " Your Experience (page 1) Processing  |": null

2019-11-01 15:17:06 - [TEST_STEP][PASSED] - callTestCase(findTestCase("Reusable_Test_Sequences/Give_Feedback/Your_Experience/Your_Experience"), [:], CONTINUE_ON_FAILURE): Call Test Case 'Test Cases/Reusable_Test_Sequences/Give_Feedback/Your_Experience/Your_Experience' successfully

2019-11-01 15:17:06 - [TEST_CASE][PASSED] - Test Cases/Reusable_Test_Sequences/Give_Feedback/Your_Experience/Your_Experience: Test Cases/Reusable_Test_Sequences/Give_Feedback/Your_Experience/Your_Experience

2019-11-01 15:17:06 - [TEST_STEP][PASSED] - data = findTestData("Data Files/Give_Feedback (1)"): null

2019-11-01 15:17:06 - [TEST_STEP][PASSED] - YE_Recommend = data.getValue("YE_Recommendations", row): null

2019-11-01 15:17:06 - [TEST_STEP][PASSED] - "---------------------------------------------------------------------------------------": null

2019-11-01 15:17:06 - [TEST_STEP][PASSED] - " Your Experience (page 1) Returned with Recommendation Selection Set to Yes (Default)  |": null

2019-11-01 15:17:06 - [TEST_STEP][PASSED] - "---------------------------------------------------------------------------------------": null

2019-11-01 15:17:06 - [TEST_STEP][PASSED] - "---------------------------------------------------------------------------------------": null

2019-11-01 15:17:06 - [TEST_STEP][PASSED] - " Your Experience (page 1) Recommend this trader?                                       |": null

2019-11-01 15:17:06 - [TEST_STEP][PASSED] - callTestCase(findTestCase("Reusable_Test_Sequences/Give_Feedback/Your_Experience/Recommendation_Selection"), [:], CONTINUE_ON_FAILURE): Call Test Case 'Test Cases/Reusable_Test_Sequences/Give_Feedback/Your_Experience/Recommendation_Selection' successfully

2019-11-01 15:17:06 - [TEST_CASE][PASSED] - Test Cases/Reusable_Test_Sequences/Give_Feedback/Your_Experience/Recommendation_Selection: Test Cases/Reusable_Test_Sequences/Give_Feedback/Your_Experience/Recommendation_Selection

2019-11-01 15:17:06 - [TEST_STEP][PASSED] - data = findTestData("Data Files/Give_Feedback (1)"): null

2019-11-01 15:17:07 - [TEST_STEP][PASSED] - YE_Recommend = data.getValue("YE_Recommendations", row): null

2019-11-01 15:17:07 - [TEST_STEP][PASSED] - "--------------------------------": null

2019-11-01 15:17:07 - [TEST_STEP][PASSED] - "Read data from spreadsheet      |": null

2019-11-01 15:17:07 - [TEST_STEP][PASSED] - "--------------------------------": null

2019-11-01 15:17:07 - [TEST_STEP][PASSED] - "--------------------------------": null

2019-11-01 15:17:07 - [TEST_STEP][PASSED] - "Set Recommendation - Yes or No  |": null

2019-11-01 15:17:07 - [TEST_STEP][PASSED] - if (YE_Recommend == "Yes"): null

2019-11-01 15:17:07 - [TEST_STEP][PASSED] - else if (YE_Recommend == "No"): Call Test Case 'Test Cases/Reusable_Test_Sequences/Give_Feedback/Your_Experience/Not_Recommend' successfully

2019-11-01 15:17:07 - [TEST_STEP][PASSED] - click(findTestObject("Object Repository/Feedback/Page_Checkatrade Give your feedback/Page_Checkatrade Give your feedback/span_No")): Object: 'Object Repository/Feedback/Page_Checkatrade Give your feedback/Page_Checkatrade Give your feedback/span_No' is clicked on

2019-11-01 15:17:07 - [MESSAGE][PASSED] - Object: 'Object Repository/Feedback/Page_Checkatrade Give your feedback/Page_Checkatrade Give your feedback/span_No' is clicked on

2019-11-01 15:17:07 - [TEST_STEP][PASSED] - waitForPageLoad(5): Wait for page load successfully

2019-11-01 15:17:07 - [MESSAGE][PASSED] - Wait for page load successfully

2019-11-01 15:17:07 - [TEST_STEP][PASSED] - callTestCase(findTestCase("Reusable_Test_Sequences/Give_Feedback/Your_Experience/Not_Recommend"), [:], CONTINUE_ON_FAILURE): Call Test Case 'Test Cases/Reusable_Test_Sequences/Give_Feedback/Your_Experience/Not_Recommend' successfully

2019-11-01 15:17:07 - [TEST_CASE][PASSED] - Test Cases/Reusable_Test_Sequences/Give_Feedback/Your_Experience/Not_Recommend: Test Cases/Reusable_Test_Sequences/Give_Feedback/Your_Experience/Not_Recommend

2019-11-01 15:17:07 - [TEST_STEP][PASSED] - data = findTestData("Data Files/Give_Feedback (1)"): null

2019-11-01 15:17:07 - [TEST_STEP][PASSED] - YE_WorkCarriedOut = data.getValue("YE_Work_Carried_Out", row): null

2019-11-01 15:17:07 - [TEST_STEP][PASSED] - YE_NatureOfIssue = data.getValue("YE_Nature_Of_Issue", row): null

2019-11-01 15:17:07 - [TEST_STEP][PASSED] - YE_Comments = data.getValue("YE_Comments", row): null

2019-11-01 15:17:07 - [TEST_STEP][PASSED] - YE_FeedbackPublished = data.getValue("YE_Feedback_Published", row): null

2019-11-01 15:17:07 - [TEST_STEP][PASSED] - YE_ReasonNoFeedback = data.getValue("YE_Reason_No_Feedback", row): null

2019-11-01 15:17:07 - [TEST_STEP][PASSED] - YE_Resolve = data.getValue("YE_Resolve", row): null

2019-11-01 15:17:07 - [TEST_STEP][PASSED] - YE_Recommend = data.getValue("YE_Recommendations", row): null

2019-11-01 15:17:07 - [TEST_STEP][PASSED] - "--------------------------------": null

2019-11-01 15:17:07 - [TEST_STEP][PASSED] - "Read data from spreadsheet      |": null

2019-11-01 15:17:07 - [TEST_STEP][PASSED] - "--------------------------------": null

2019-11-01 15:17:07 - [TEST_STEP][PASSED] - "--------------------------------------": null

2019-11-01 15:17:07 - [TEST_STEP][PASSED] - " Was work carried out/Money Exchanged |": null

2019-11-01 15:17:07 - [TEST_STEP][PASSED] - waitForElementVisible(findTestObject("Feedback_Non_Recommend/Page_Checkatrade Give your feedback/work_Carried_Out_span_No"), 5): Object 'Object Repository/Feedback_Non_Recommend/Page_Checkatrade Give your feedback/work_Carried_Out_span_No' is visible

2019-11-01 15:17:07 - [MESSAGE][PASSED] - Object 'Object Repository/Feedback_Non_Recommend/Page_Checkatrade Give your feedback/work_Carried_Out_span_No' is visible

2019-11-01 15:17:07 - [TEST_STEP][PASSED] - if (YE_WorkCarriedOut == "No"): null

2019-11-01 15:17:07 - [TEST_STEP][PASSED] - else if (YE_WorkCarriedOut == "Yes"): Wait for page load successfully

2019-11-01 15:17:07 - [TEST_STEP][PASSED] - click(findTestObject("Feedback_Non_Recommend/Page_Checkatrade Give your feedback/work_Carried_Out_span_Yes")): Object: 'Object Repository/Feedback_Non_Recommend/Page_Checkatrade Give your feedback/work_Carried_Out_span_Yes' is clicked on

2019-11-01 15:17:08 - [MESSAGE][PASSED] - Object: 'Object Repository/Feedback_Non_Recommend/Page_Checkatrade Give your feedback/work_Carried_Out_span_Yes' is clicked on

2019-11-01 15:17:08 - [TEST_STEP][PASSED] - waitForPageLoad(2): Wait for page load successfully

2019-11-01 15:17:08 - [MESSAGE][PASSED] - Wait for page load successfully

2019-11-01 15:17:08 - [TEST_STEP][PASSED] - waitForElementVisible(findTestObject("Feedback_Non_Recommend/Page_Checkatrade Give your feedback/work_Carried_Out_span_No"), 5): Object 'Object Repository/Feedback_Non_Recommend/Page_Checkatrade Give your feedback/work_Carried_Out_span_No' is visible

2019-11-01 15:17:08 - [MESSAGE][PASSED] - Object 'Object Repository/Feedback_Non_Recommend/Page_Checkatrade Give your feedback/work_Carried_Out_span_No' is visible

2019-11-01 15:17:08 - [TEST_STEP][PASSED] - "--------------------------------------": null

2019-11-01 15:17:08 - [TEST_STEP][PASSED] - " Nature of Issue - Selection Box      |": null

2019-11-01 15:17:08 - [TEST_STEP][PASSED] - selectOptionByLabel(findTestObject("Feedback_Non_Recommend/Page_Checkatrade Give your feedback/select_Please Select ShortForm"), YE_NatureOfIssue, false): All options with label 'Overcharging' are selected in object 'Object Repository/Feedback_Non_Recommend/Page_Checkatrade Give your feedback/select_Please Select ShortForm' 

2019-11-01 15:17:08 - [MESSAGE][PASSED] - All options with label 'Overcharging' are selected in object 'Object Repository/Feedback_Non_Recommend/Page_Checkatrade Give your feedback/select_Please Select ShortForm' 

2019-11-01 15:17:08 - [TEST_STEP][PASSED] - "------------------------------------------------": null

2019-11-01 15:17:08 - [TEST_STEP][PASSED] - " Scroll to <NEXT> Button to reveal Text Below   |": null

2019-11-01 15:17:08 - [TEST_STEP][PASSED] - scrollToElement(findTestObject("Object Repository/Page_Checkatrade Give your feedback/input_No_ctl00contentButton4"), 2): Scroll to object 'Object Repository/Page_Checkatrade Give your feedback/input_No_ctl00contentButton4' successfully

2019-11-01 15:17:08 - [MESSAGE][PASSED] - Scroll to object 'Object Repository/Page_Checkatrade Give your feedback/input_No_ctl00contentButton4' successfully

2019-11-01 15:17:08 - [TEST_STEP][PASSED] - waitForPageLoad(5): Wait for page load successfully

2019-11-01 15:17:08 - [MESSAGE][PASSED] - Wait for page load successfully

2019-11-01 15:17:08 - [TEST_STEP][PASSED] - waitForElementVisible(findTestObject("Feedback_Non_Recommend/Page_Checkatrade Give your feedback/select_Please Select ShortForm"), 5): Object 'Object Repository/Feedback_Non_Recommend/Page_Checkatrade Give your feedback/select_Please Select ShortForm' is visible

2019-11-01 15:17:08 - [MESSAGE][PASSED] - Object 'Object Repository/Feedback_Non_Recommend/Page_Checkatrade Give your feedback/select_Please Select ShortForm' is visible

2019-11-01 15:17:08 - [TEST_STEP][PASSED] - "--------------------------------------": null

2019-11-01 15:17:08 - [TEST_STEP][PASSED] - " Would you like to Publish Feedback?  |": null

2019-11-01 15:17:08 - [TEST_STEP][PASSED] - if (YE_FeedbackPublished == "No"): Wait for page load successfully

2019-11-01 15:17:08 - [TEST_STEP][PASSED] - waitForPageLoad(2): Wait for page load successfully

2019-11-01 15:17:08 - [MESSAGE][PASSED] - Wait for page load successfully

2019-11-01 15:17:08 - [TEST_STEP][PASSED] - if (YE_WorkCarriedOut == "Yes"): Object: 'Object Repository/Feedback_Non_Recommend/Page_Checkatrade Give your feedback/feedback_Published_span_No' is clicked on

2019-11-01 15:17:08 - [TEST_STEP][PASSED] - waitForElementVisible(findTestObject("Feedback_Non_Recommend/Page_Checkatrade Give your feedback/feedback_Published_span_No"), 5): Object 'Object Repository/Feedback_Non_Recommend/Page_Checkatrade Give your feedback/feedback_Published_span_No' is visible

2019-11-01 15:17:09 - [MESSAGE][PASSED] - Object 'Object Repository/Feedback_Non_Recommend/Page_Checkatrade Give your feedback/feedback_Published_span_No' is visible

2019-11-01 15:17:09 - [TEST_STEP][PASSED] - click(findTestObject("Feedback_Non_Recommend/Page_Checkatrade Give your feedback/feedback_Published_span_No")): Object: 'Object Repository/Feedback_Non_Recommend/Page_Checkatrade Give your feedback/feedback_Published_span_No' is clicked on

2019-11-01 15:17:09 - [MESSAGE][PASSED] - Object: 'Object Repository/Feedback_Non_Recommend/Page_Checkatrade Give your feedback/feedback_Published_span_No' is clicked on

2019-11-01 15:17:09 - [TEST_STEP][PASSED] - if (YE_WorkCarriedOut == "No"): null

2019-11-01 15:17:09 - [TEST_STEP][PASSED] - waitForPageLoad(5): Wait for page load successfully

2019-11-01 15:17:09 - [MESSAGE][PASSED] - Wait for page load successfully

2019-11-01 15:17:09 - [TEST_STEP][PASSED] - delay(1): Delayed 1 second(s)

2019-11-01 15:17:10 - [MESSAGE][PASSED] - Delayed 1 second(s)

2019-11-01 15:17:10 - [TEST_STEP][PASSED] - verifyTextPresent("By ticking ‘No’ we will not contact the trader but we may contact you.", false): Text 'By ticking ‘No’ we will not contact the trader but we may contact you.' is present on page 

2019-11-01 15:17:10 - [MESSAGE][PASSED] - Text 'By ticking ‘No’ we will not contact the trader but we may contact you.' is present on page 

2019-11-01 15:17:10 - [TEST_STEP][PASSED] - setText(findTestObject("Object Repository/Feedback_Non_Recommend/Page_Checkatrade Give your feedback/textarea_Please give your reason for this"), YE_ReasonNoFeedback): Text 'I would prefer not say' is set on object 'Object Repository/Feedback_Non_Recommend/Page_Checkatrade Give your feedback/textarea_Please give your reason for this'

2019-11-01 15:17:11 - [MESSAGE][PASSED] - Text 'I would prefer not say' is set on object 'Object Repository/Feedback_Non_Recommend/Page_Checkatrade Give your feedback/textarea_Please give your reason for this'

2019-11-01 15:17:11 - [TEST_STEP][PASSED] - waitForPageLoad(2): Wait for page load successfully

2019-11-01 15:17:11 - [MESSAGE][PASSED] - Wait for page load successfully

2019-11-01 15:17:11 - [TEST_STEP][PASSED] - delay(1): Delayed 1 second(s)

2019-11-01 15:17:12 - [MESSAGE][PASSED] - Delayed 1 second(s)

2019-11-01 15:17:12 - [MESSAGE][PASSED] - Call Test Case 'Test Cases/Reusable_Test_Sequences/Give_Feedback/Your_Experience/Not_Recommend' successfully

2019-11-01 15:17:12 - [TEST_STEP][PASSED] - out.println("Your Experience, Recommendation, Click on the <" + YE_Recommend + "> Option Button "): null

2019-11-01 15:17:12 - [TEST_STEP][PASSED] - waitForPageLoad(60): Wait for page load successfully

2019-11-01 15:17:12 - [MESSAGE][PASSED] - Wait for page load successfully

2019-11-01 15:17:12 - [MESSAGE][PASSED] - Call Test Case 'Test Cases/Reusable_Test_Sequences/Give_Feedback/Your_Experience/Recommendation_Selection' successfully

2019-11-01 15:17:12 - [TEST_STEP][PASSED] - "---------------------------------------------------------------------------------------": null

2019-11-01 15:17:12 - [TEST_STEP][PASSED] - " SELECTING _ NO Recommend Restructures this PAGE, So need to exclude the below tests  ": null

2019-11-01 15:17:12 - [TEST_STEP][PASSED] - if (YE_Recommend == "Yes"): null

2019-11-01 15:17:12 - [TEST_STEP][PASSED] - "---------------------------------------------------------------------------------------------------------": null

2019-11-01 15:17:12 - [TEST_STEP][PASSED] - " Your Experience (page 1) Hit <Next> Button to Continue to <Your Scores>- (page 2) If Recommend = YES    |": null

2019-11-01 15:17:12 - [TEST_STEP][PASSED] - "                                                        OR <Your Details>-(page 3) If Recommend = NO     |": null

2019-11-01 15:17:12 - [TEST_STEP][PASSED] - callTestCase(findTestCase("Reusable_Test_Sequences/Give_Feedback/Hit_Next"), [:], CONTINUE_ON_FAILURE): Call Test Case 'Test Cases/Reusable_Test_Sequences/Give_Feedback/Hit_Next' successfully

2019-11-01 15:17:12 - [TEST_CASE][PASSED] - Test Cases/Reusable_Test_Sequences/Give_Feedback/Hit_Next: Test Cases/Reusable_Test_Sequences/Give_Feedback/Hit_Next

2019-11-01 15:17:12 - [TEST_STEP][PASSED] - click(findTestObject("Object Repository/Page_Checkatrade Give your feedback/input_No_ctl00contentButton4")): Object: 'Object Repository/Page_Checkatrade Give your feedback/input_No_ctl00contentButton4' is clicked on

2019-11-01 15:17:12 - [MESSAGE][PASSED] - Object: 'Object Repository/Page_Checkatrade Give your feedback/input_No_ctl00contentButton4' is clicked on

2019-11-01 15:17:12 - [TEST_STEP][PASSED] - waitForPageLoad(2): Wait for page load successfully

2019-11-01 15:17:12 - [MESSAGE][PASSED] - Wait for page load successfully

2019-11-01 15:17:12 - [MESSAGE][PASSED] - Call Test Case 'Test Cases/Reusable_Test_Sequences/Give_Feedback/Hit_Next' successfully

2019-11-01 15:17:12 - [TEST_STEP][PASSED] - waitForPageLoad(2): Wait for page load successfully

2019-11-01 15:17:12 - [MESSAGE][PASSED] - Wait for page load successfully

2019-11-01 15:17:12 - [MESSAGE][PASSED] - Call Test Case 'Test Cases/Reusable_Test_Sequences/Give_Feedback/Your_Experience/Your_Experience' successfully

2019-11-01 15:17:12 - [TEST_STEP][PASSED] - "--------------------------------------": null

2019-11-01 15:17:12 - [TEST_STEP][PASSED] - " Your Scores (page 2) Processing      |": null

2019-11-01 15:17:12 - [TEST_STEP][PASSED] - YE_Recommend = data.getValue("YE_Recommendations", row): null

2019-11-01 15:17:12 - [TEST_STEP][PASSED] - YE_WorkCarriedOut = data.getValue("YE_Work_Carried_Out", row): null

2019-11-01 15:17:12 - [TEST_STEP][PASSED] - if (YE_Recommend == "Yes"): null

2019-11-01 15:17:12 - [TEST_STEP][PASSED] - if (YE_Recommend == "No" && YE_WorkCarriedOut == "Yes"): Call Test Case 'Test Cases/Reusable_Test_Sequences/Give_Feedback/Your_Scores/Your_Scores_Alt' successfully

2019-11-01 15:17:12 - [TEST_STEP][PASSED] - callTestCase(findTestCase("Reusable_Test_Sequences/Give_Feedback/Your_Scores/Your_Scores_Alt"), [:], CONTINUE_ON_FAILURE): Call Test Case 'Test Cases/Reusable_Test_Sequences/Give_Feedback/Your_Scores/Your_Scores_Alt' successfully

2019-11-01 15:17:13 - [TEST_CASE][PASSED] - Test Cases/Reusable_Test_Sequences/Give_Feedback/Your_Scores/Your_Scores_Alt: Test Cases/Reusable_Test_Sequences/Give_Feedback/Your_Scores/Your_Scores_Alt

2019-11-01 15:17:13 - [TEST_STEP][PASSED] - "------------------------------------------------------------------------------------------": null

2019-11-01 15:17:13 - [TEST_STEP][PASSED] - " Your Scores (page 2) Returned with 2 Main Sections - <Your Scores> and <Details of Work> |": null

2019-11-01 15:17:13 - [TEST_STEP][PASSED] - "                                             Tidiness Listbox Selection, NA, 0 through 10 |": null

2019-11-01 15:17:13 - [TEST_STEP][PASSED] - "------------------------------------------------------------------------------------------": null

2019-11-01 15:17:13 - [TEST_STEP][PASSED] - "------------------------------------------------------------------------------------------": null

2019-11-01 15:17:13 - [TEST_STEP][PASSED] - " Your Scores (page 2) Returned with 2 Main Sections - <Your Scores> and <Details of Work> |": null

2019-11-01 15:17:13 - [TEST_STEP][PASSED] - "                          Reliability and Timekeeping Listbox Selection, NA, 0 through 10 |": null

2019-11-01 15:17:13 - [TEST_STEP][PASSED] - "------------------------------------------------------------------------------------------": null

2019-11-01 15:17:13 - [TEST_STEP][PASSED] - "------------------------------------------------------------------------------------------": null

2019-11-01 15:17:13 - [TEST_STEP][PASSED] - " Your Scores (page 2) Returned with 2 Main Sections - <Your Scores> and <Details of Work> |": null

2019-11-01 15:17:13 - [TEST_STEP][PASSED] - "                                             Courtesy Listbox Selection, NA, 0 through 10 |": null

2019-11-01 15:17:13 - [TEST_STEP][PASSED] - "------------------------------------------------------------------------------------------": null

2019-11-01 15:17:13 - [TEST_STEP][PASSED] - "------------------------------------------------------------------------------------------": null

2019-11-01 15:17:13 - [TEST_STEP][PASSED] - " Your Scores (page 2) Returned with 2 Main Sections - <Your Scores> and <Details of Work> |": null

2019-11-01 15:17:13 - [TEST_STEP][PASSED] - "                                     Standard of Work Listbox Selection, NA, 0 through 10 |": null

2019-11-01 15:17:13 - [TEST_STEP][PASSED] - callTestCase(findTestCase("Reusable_Test_Sequences/Give_Feedback/Your_Scores/Your_Scores_List_Box_Selection_Alt"), [:], CONTINUE_ON_FAILURE): Call Test Case 'Test Cases/Reusable_Test_Sequences/Give_Feedback/Your_Scores/Your_Scores_List_Box_Selection_Alt' successfully

2019-11-01 15:17:13 - [TEST_CASE][PASSED] - Test Cases/Reusable_Test_Sequences/Give_Feedback/Your_Scores/Your_Scores_List_Box_Selection_Alt: Test Cases/Reusable_Test_Sequences/Give_Feedback/Your_Scores/Your_Scores_List_Box_Selection_Alt

2019-11-01 15:17:13 - [TEST_STEP][PASSED] - data = findTestData("Data Files/Give_Feedback (1)"): null

2019-11-01 15:17:13 - [TEST_STEP][PASSED] - YS_Tidiness = data.getValue("YS_Tidiness_ALT", row): null

2019-11-01 15:17:13 - [TEST_STEP][PASSED] - YS_Reliability = data.getValue("YS_Reliability_ALT", row): null

2019-11-01 15:17:13 - [TEST_STEP][PASSED] - YS_Courtesy = data.getValue("YS_Courtesy_ALT", row): null

2019-11-01 15:17:13 - [TEST_STEP][PASSED] - YS_Workmanship = data.getValue("YS_Workmanship_ALT", row): null

2019-11-01 15:17:13 - [TEST_STEP][PASSED] - "--------------------------------": null

2019-11-01 15:17:13 - [TEST_STEP][PASSED] - "Read data from spreadsheet      |": null

2019-11-01 15:17:13 - [TEST_STEP][PASSED] - "--------------------------------": null

2019-11-01 15:17:13 - [TEST_STEP][PASSED] - "------------------------------------------------------": null

2019-11-01 15:17:13 - [TEST_STEP][PASSED] - " Wait Fro Top ListBox to be Active/Clickable          |": null

2019-11-01 15:17:13 - [TEST_STEP][PASSED] - "------------------------------------------------------": null

2019-11-01 15:17:13 - [TEST_STEP][PASSED] - "------------------------------------------------------": null

2019-11-01 15:17:13 - [TEST_STEP][PASSED] - "Select Tidiness Value form List                       |": null

2019-11-01 15:17:13 - [TEST_STEP][PASSED] - selectOptionByValue(findTestObject("Feedback_Non_Recommend/Page_Checkatrade Give your feedback/select_--YS_Tidiness"), YS_Tidiness, false): All options with value '6' are selected in object 'Object Repository/Feedback_Non_Recommend/Page_Checkatrade Give your feedback/select_--YS_Tidiness' 

2019-11-01 15:17:13 - [MESSAGE][PASSED] - All options with value '6' are selected in object 'Object Repository/Feedback_Non_Recommend/Page_Checkatrade Give your feedback/select_--YS_Tidiness' 

2019-11-01 15:17:13 - [TEST_STEP][PASSED] - waitForPageLoad(2): Wait for page load successfully

2019-11-01 15:17:13 - [MESSAGE][PASSED] - Wait for page load successfully

2019-11-01 15:17:13 - [TEST_STEP][PASSED] - "------------------------------------------------------": null

2019-11-01 15:17:13 - [TEST_STEP][PASSED] - "Select Reliability and Timekeeping Value form List    |": null

2019-11-01 15:17:13 - [TEST_STEP][PASSED] - selectOptionByValue(findTestObject("Feedback_Non_Recommend/Page_Checkatrade Give your feedback/select_--YS_Reliability"), YS_Reliability, false): All options with value '2' are selected in object 'Object Repository/Feedback_Non_Recommend/Page_Checkatrade Give your feedback/select_--YS_Reliability' 

2019-11-01 15:17:13 - [MESSAGE][PASSED] - All options with value '2' are selected in object 'Object Repository/Feedback_Non_Recommend/Page_Checkatrade Give your feedback/select_--YS_Reliability' 

2019-11-01 15:17:13 - [TEST_STEP][PASSED] - waitForPageLoad(2): Wait for page load successfully

2019-11-01 15:17:13 - [MESSAGE][PASSED] - Wait for page load successfully

2019-11-01 15:17:13 - [TEST_STEP][PASSED] - "------------------------------------------------------": null

2019-11-01 15:17:13 - [TEST_STEP][PASSED] - "Select Courtesy Value form List                       |": null

2019-11-01 15:17:13 - [TEST_STEP][PASSED] - selectOptionByValue(findTestObject("Feedback_Non_Recommend/Page_Checkatrade Give your feedback/select_--YS_Courtesy"), YS_Reliability, false): All options with value '2' are selected in object 'Object Repository/Feedback_Non_Recommend/Page_Checkatrade Give your feedback/select_--YS_Courtesy' 

2019-11-01 15:17:14 - [MESSAGE][PASSED] - All options with value '2' are selected in object 'Object Repository/Feedback_Non_Recommend/Page_Checkatrade Give your feedback/select_--YS_Courtesy' 

2019-11-01 15:17:14 - [TEST_STEP][PASSED] - waitForPageLoad(2): Wait for page load successfully

2019-11-01 15:17:14 - [MESSAGE][PASSED] - Wait for page load successfully

2019-11-01 15:17:14 - [TEST_STEP][PASSED] - "------------------------------------------------------": null

2019-11-01 15:17:14 - [TEST_STEP][PASSED] - "Select Quality and Workmanship Value form List        |": null

2019-11-01 15:17:14 - [TEST_STEP][PASSED] - selectOptionByValue(findTestObject("Feedback_Non_Recommend/Page_Checkatrade Give your feedback/select_--YS_Workmanship"), YS_Workmanship, false): All options with value '5' are selected in object 'Object Repository/Feedback_Non_Recommend/Page_Checkatrade Give your feedback/select_--YS_Workmanship' 

2019-11-01 15:17:14 - [MESSAGE][PASSED] - All options with value '5' are selected in object 'Object Repository/Feedback_Non_Recommend/Page_Checkatrade Give your feedback/select_--YS_Workmanship' 

2019-11-01 15:17:14 - [TEST_STEP][PASSED] - delay(1): Delayed 1 second(s)

2019-11-01 15:17:15 - [MESSAGE][PASSED] - Delayed 1 second(s)

2019-11-01 15:17:15 - [MESSAGE][PASSED] - Call Test Case 'Test Cases/Reusable_Test_Sequences/Give_Feedback/Your_Scores/Your_Scores_List_Box_Selection_Alt' successfully

2019-11-01 15:17:15 - [TEST_STEP][PASSED] - "------------------------------------------------------------------------------------------": null

2019-11-01 15:17:15 - [TEST_STEP][PASSED] - " Your Scores (page 2) Returned with 2 Main Sections - <Your Scores> and <Details of Work> |": null

2019-11-01 15:17:15 - [TEST_STEP][PASSED] - " Details of Work Done - Form FIll<Description>,<Approx. date>,<How Long>, <Comments> and  |": null

2019-11-01 15:17:15 - [TEST_STEP][PASSED] - "                                                               <Feedback Publish Confirm> |": null

2019-11-01 15:17:15 - [TEST_STEP][PASSED] - callTestCase(findTestCase("Reusable_Test_Sequences/Give_Feedback/Your_Scores/Details_of_work_Done_Formfill_ALT"), [:], CONTINUE_ON_FAILURE): Call Test Case 'Test Cases/Reusable_Test_Sequences/Give_Feedback/Your_Scores/Details_of_work_Done_Formfill_ALT' successfully

2019-11-01 15:17:15 - [TEST_CASE][PASSED] - Test Cases/Reusable_Test_Sequences/Give_Feedback/Your_Scores/Details_of_work_Done_Formfill_ALT: Test Cases/Reusable_Test_Sequences/Give_Feedback/Your_Scores/Details_of_work_Done_Formfill_ALT

2019-11-01 15:17:15 - [TEST_STEP][PASSED] - data = findTestData("Data Files/Give_Feedback (1)"): null

2019-11-01 15:17:16 - [TEST_STEP][PASSED] - YS_Work_Description = data.getValue("YS_Work_Description", row): null

2019-11-01 15:17:16 - [TEST_STEP][PASSED] - YS_Work_Date = data.getValue("YS_Work_Date", row): null

2019-11-01 15:17:16 - [TEST_STEP][PASSED] - YS_Days_to_Complete = data.getValue("YS_Days_to_Complete", row): null

2019-11-01 15:17:16 - [TEST_STEP][PASSED] - YS_Work_Comments = data.getValue("YS_Work_Comments", row): null

2019-11-01 15:17:16 - [TEST_STEP][PASSED] - YS_Feedback_Published = data.getValue("YS_Feedback_Published", row): null

2019-11-01 15:17:16 - [TEST_STEP][PASSED] - YS_Work_Covered = data.getValue("YS_Work_Covered_ALT", row): null

2019-11-01 15:17:16 - [TEST_STEP][PASSED] - YS_Discussed_Complaint = data.getValue("YS_Discussed_Complaint_ALT", row): null

2019-11-01 15:17:16 - [TEST_STEP][PASSED] - YS_Complaint_Response = data.getValue("YS_Complaint_Reponse_ALT", row): null

2019-11-01 15:17:16 - [TEST_STEP][PASSED] - "---------------------------------": null

2019-11-01 15:17:16 - [TEST_STEP][PASSED] - "Read data from spreadsheet       |": null

2019-11-01 15:17:16 - [TEST_STEP][PASSED] - "---------------------------------": null

2019-11-01 15:17:16 - [TEST_STEP][PASSED] - "---------------------------------": null

2019-11-01 15:17:16 - [TEST_STEP][PASSED] - "Brief description of work done   |": null

2019-11-01 15:17:16 - [TEST_STEP][PASSED] - setText(findTestObject("Object Repository/Page_Checkatrade Give your feedback/input_Brief description of work done_ctl00contenttbWorkDescription"), YS_Work_Description): Text 'Parrot had a new Beak fitted' is set on object 'Object Repository/Page_Checkatrade Give your feedback/input_Brief description of work done_ctl00contenttbWorkDescription'

2019-11-01 15:17:16 - [MESSAGE][PASSED] - Text 'Parrot had a new Beak fitted' is set on object 'Object Repository/Page_Checkatrade Give your feedback/input_Brief description of work done_ctl00contenttbWorkDescription'

2019-11-01 15:17:16 - [TEST_STEP][PASSED] - "---------------------------------": null

2019-11-01 15:17:16 - [TEST_STEP][PASSED] - "Date work was done (approx)      |": null

2019-11-01 15:17:16 - [TEST_STEP][PASSED] - "---------------------------------": null

2019-11-01 15:17:16 - [TEST_STEP][PASSED] - "---------------------------------": null

2019-11-01 15:17:16 - [TEST_STEP][PASSED] - "How many days did this job take? |": null

2019-11-01 15:17:16 - [TEST_STEP][PASSED] - setText(findTestObject("Object Repository/Page_Checkatrade Give your feedback/input_How many days did this job take"), YS_Days_to_Complete): Text '77' is set on object 'Object Repository/Page_Checkatrade Give your feedback/input_How many days did this job take'

2019-11-01 15:17:16 - [MESSAGE][PASSED] - Text '77' is set on object 'Object Repository/Page_Checkatrade Give your feedback/input_How many days did this job take'

2019-11-01 15:17:16 - [TEST_STEP][PASSED] - "---------------------------------": null

2019-11-01 15:17:16 - [TEST_STEP][PASSED] - "Your comments about the work     |": null

2019-11-01 15:17:16 - [TEST_STEP][PASSED] - setText(findTestObject("Object Repository/Page_Checkatrade Give your feedback/textarea_Your comments about the work_ctl00contenttbWorkComments"), YS_Work_Comments): Text 'Parrot had to wait so long for a new beak?' is set on object 'Object Repository/Page_Checkatrade Give your feedback/textarea_Your comments about the work_ctl00contenttbWorkComments'

2019-11-01 15:17:16 - [MESSAGE][PASSED] - Text 'Parrot had to wait so long for a new beak?' is set on object 'Object Repository/Page_Checkatrade Give your feedback/textarea_Your comments about the work_ctl00contenttbWorkComments'

2019-11-01 15:17:16 - [TEST_STEP][PASSED] - "---------------------------------------": null

2019-11-01 15:17:16 - [TEST_STEP][PASSED] - " Scroll Bottom of Page Into View <Next>|": null

2019-11-01 15:17:16 - [TEST_STEP][PASSED] - scrollToElement(findTestObject("Object Repository/Page_Checkatrade Give your feedback/input_No_ctl00contentButton6"), 2): Scroll to object 'Object Repository/Page_Checkatrade Give your feedback/input_No_ctl00contentButton6' successfully

2019-11-01 15:17:16 - [MESSAGE][PASSED] - Scroll to object 'Object Repository/Page_Checkatrade Give your feedback/input_No_ctl00contentButton6' successfully

2019-11-01 15:17:16 - [TEST_STEP][PASSED] - "---------------------------------------": null

2019-11-01 15:17:16 - [TEST_STEP][PASSED] - " Work is Guaranteed       - Yes or No  |": null

2019-11-01 15:17:16 - [TEST_STEP][PASSED] - if (YS_Work_Covered == "Yes"): Object: 'Object Repository/Feedback_Non_Recommend/Page_Checkatrade Give your feedback/Warranty_Cover_span_Yes' is clicked on

2019-11-01 15:17:16 - [TEST_STEP][PASSED] - click(findTestObject("Feedback_Non_Recommend/Page_Checkatrade Give your feedback/Warranty_Cover_span_Yes")): Object: 'Object Repository/Feedback_Non_Recommend/Page_Checkatrade Give your feedback/Warranty_Cover_span_Yes' is clicked on

2019-11-01 15:17:17 - [MESSAGE][PASSED] - Object: 'Object Repository/Feedback_Non_Recommend/Page_Checkatrade Give your feedback/Warranty_Cover_span_Yes' is clicked on

2019-11-01 15:17:17 - [TEST_STEP][PASSED] - waitForPageLoad(25): Wait for page load successfully

2019-11-01 15:17:17 - [MESSAGE][PASSED] - Wait for page load successfully

2019-11-01 15:17:17 - [TEST_STEP][PASSED] - "---------------------------------------": null

2019-11-01 15:17:17 - [TEST_STEP][PASSED] - " Complaint Discussed      - Yes or No  |": null

2019-11-01 15:17:17 - [TEST_STEP][PASSED] - if (YS_Discussed_Complaint == "Yes"): Text 'It was my Cats fault' is set on object 'Object Repository/Feedback_Non_Recommend/Page_Checkatrade Give your feedback/Complaint_Response'

2019-11-01 15:17:17 - [TEST_STEP][PASSED] - waitForElementVisible(findTestObject("Feedback_Non_Recommend/Page_Checkatrade Give your feedback/Discussed_Complaint_span_Yes"), 25): Object 'Object Repository/Feedback_Non_Recommend/Page_Checkatrade Give your feedback/Discussed_Complaint_span_Yes' is visible

2019-11-01 15:17:17 - [MESSAGE][PASSED] - Object 'Object Repository/Feedback_Non_Recommend/Page_Checkatrade Give your feedback/Discussed_Complaint_span_Yes' is visible

2019-11-01 15:17:17 - [TEST_STEP][PASSED] - click(findTestObject("Feedback_Non_Recommend/Page_Checkatrade Give your feedback/Discussed_Complaint_span_Yes")): Object: 'Object Repository/Feedback_Non_Recommend/Page_Checkatrade Give your feedback/Discussed_Complaint_span_Yes' is clicked on

2019-11-01 15:17:17 - [MESSAGE][PASSED] - Object: 'Object Repository/Feedback_Non_Recommend/Page_Checkatrade Give your feedback/Discussed_Complaint_span_Yes' is clicked on

2019-11-01 15:17:17 - [TEST_STEP][PASSED] - delay(1): Delayed 1 second(s)

2019-11-01 15:17:18 - [MESSAGE][PASSED] - Delayed 1 second(s)

2019-11-01 15:17:18 - [TEST_STEP][PASSED] - waitForPageLoad(25): Wait for page load successfully

2019-11-01 15:17:18 - [MESSAGE][PASSED] - Wait for page load successfully

2019-11-01 15:17:18 - [TEST_STEP][PASSED] - setText(findTestObject("Feedback_Non_Recommend/Page_Checkatrade Give your feedback/Complaint_Response"), YS_Complaint_Response): Text 'It was my Cats fault' is set on object 'Object Repository/Feedback_Non_Recommend/Page_Checkatrade Give your feedback/Complaint_Response'

2019-11-01 15:17:18 - [MESSAGE][PASSED] - Text 'It was my Cats fault' is set on object 'Object Repository/Feedback_Non_Recommend/Page_Checkatrade Give your feedback/Complaint_Response'

2019-11-01 15:17:18 - [TEST_STEP][PASSED] - "--------------------------------": null

2019-11-01 15:17:18 - [TEST_STEP][PASSED] - delay(1): Delayed 1 second(s)

2019-11-01 15:17:19 - [MESSAGE][PASSED] - Delayed 1 second(s)

2019-11-01 15:17:19 - [TEST_STEP][PASSED] - "---------------------------------": null

2019-11-01 15:17:19 - [TEST_STEP][PASSED] - "Your comments about the work     |": null

2019-11-01 15:17:19 - [TEST_STEP][PASSED] - click(findTestObject("Object Repository/Page_Checkatrade Give your feedback/input_No_ctl00contentButton6")): Object: 'Object Repository/Page_Checkatrade Give your feedback/input_No_ctl00contentButton6' is clicked on

2019-11-01 15:17:20 - [MESSAGE][PASSED] - Object: 'Object Repository/Page_Checkatrade Give your feedback/input_No_ctl00contentButton6' is clicked on

2019-11-01 15:17:20 - [MESSAGE][PASSED] - Call Test Case 'Test Cases/Reusable_Test_Sequences/Give_Feedback/Your_Scores/Details_of_work_Done_Formfill_ALT' successfully

2019-11-01 15:17:20 - [TEST_STEP][PASSED] - scrollToPosition(125, 0): Browser is scrolled to position x = 125, y = 0

2019-11-01 15:17:20 - [MESSAGE][PASSED] - Browser is scrolled to position x = 125, y = 0

2019-11-01 15:17:20 - [TEST_STEP][PASSED] - "------------------------------------------------------------------------------------------": null

2019-11-01 15:17:20 - [TEST_STEP][PASSED] - " Your Experience (page 2) Hit <Next> Button to Continue to <Your Details>- (page 3)       |": null

2019-11-01 15:17:20 - [TEST_STEP][PASSED] - try: null

2019-11-01 15:17:20 - [TEST_STEP][PASSED] - callTestCase(findTestCase("Reusable_Test_Sequences/Give_Feedback/Your_Scores/Hit_Next"), 1): null

2019-11-01 15:17:20 - [TEST_STEP][PASSED] - catch (Exception e): null

2019-11-01 15:17:20 - [MESSAGE][PASSED] - Call Test Case 'Test Cases/Reusable_Test_Sequences/Give_Feedback/Your_Scores/Your_Scores_Alt' successfully

2019-11-01 15:17:20 - [TEST_STEP][PASSED] - "--------------------------------------": null

2019-11-01 15:17:20 - [TEST_STEP][PASSED] - " Your Details (page 3) Processing     |": null

2019-11-01 15:17:20 - [TEST_STEP][PASSED] - callTestCase(findTestCase("Reusable_Test_Sequences/Give_Feedback/Your_Details/Your_Details"), [:], CONTINUE_ON_FAILURE): Call Test Case 'Test Cases/Reusable_Test_Sequences/Give_Feedback/Your_Details/Your_Details' successfully

2019-11-01 15:17:20 - [TEST_CASE][PASSED] - Test Cases/Reusable_Test_Sequences/Give_Feedback/Your_Details/Your_Details: Test Cases/Reusable_Test_Sequences/Give_Feedback/Your_Details/Your_Details

2019-11-01 15:17:20 - [TEST_STEP][PASSED] - "---------------------------------------------------------------------------------------": null

2019-11-01 15:17:20 - [TEST_STEP][PASSED] - " Your Details (page 3)                                                                 |": null

2019-11-01 15:17:20 - [TEST_STEP][PASSED] - "---------------------------------------------------------------------------------------": null

2019-11-01 15:17:20 - [TEST_STEP][PASSED] - "-------------------------------------": null

2019-11-01 15:17:20 - [TEST_STEP][PASSED] - " Consumer or Customer Selection      |": null

2019-11-01 15:17:20 - [TEST_STEP][PASSED] - callTestCase(findTestCase("Reusable_Test_Sequences/Give_Feedback/Your_Details/Consumer_or_Customer_Selection"), [:], CONTINUE_ON_FAILURE): Call Test Case 'Test Cases/Reusable_Test_Sequences/Give_Feedback/Your_Details/Consumer_or_Customer_Selection' successfully

2019-11-01 15:17:20 - [TEST_CASE][PASSED] - Test Cases/Reusable_Test_Sequences/Give_Feedback/Your_Details/Consumer_or_Customer_Selection: Test Cases/Reusable_Test_Sequences/Give_Feedback/Your_Details/Consumer_or_Customer_Selection

2019-11-01 15:17:20 - [TEST_STEP][PASSED] - "--------------------------------": null

2019-11-01 15:17:20 - [TEST_STEP][PASSED] - "Read data from spreadsheet      |": null

2019-11-01 15:17:20 - [TEST_STEP][PASSED] - data = findTestData("Data Files/Give_Feedback (1)"): null

2019-11-01 15:17:20 - [TEST_STEP][PASSED] - YD_Consumer_Customer = data.getValue("YD_Consumer_Customer", row): null

2019-11-01 15:17:20 - [TEST_STEP][PASSED] - out.println("Your Details, Consumer OR Trade Customer, Click on the " + YD_Consumer_Customer + " Option Button "): null

2019-11-01 15:17:20 - [TEST_STEP][PASSED] - try: null

2019-11-01 15:17:20 - [TEST_STEP][PASSED] - if (YD_Consumer_Customer == "Consumer"): null

2019-11-01 15:17:20 - [TEST_STEP][PASSED] - catch (Exception e): null

2019-11-01 15:17:20 - [TEST_STEP][PASSED] - if (YD_Consumer_Customer == "Customer"): null

2019-11-01 15:17:20 - [TEST_STEP][PASSED] - out.println("Your Experience, Recommendation, Click on the " + YD_Consumer_Customer + " Option Button "): null

2019-11-01 15:17:20 - [MESSAGE][PASSED] - Call Test Case 'Test Cases/Reusable_Test_Sequences/Give_Feedback/Your_Details/Consumer_or_Customer_Selection' successfully

2019-11-01 15:17:20 - [TEST_STEP][PASSED] - "-------------------------------------": null

2019-11-01 15:17:20 - [TEST_STEP][PASSED] - " Fill Personal Details               |": null

2019-11-01 15:17:20 - [TEST_STEP][PASSED] - callTestCase(findTestCase("Reusable_Test_Sequences/Give_Feedback/Your_Details/Personal_Details_Formfill"), [:], CONTINUE_ON_FAILURE): Call Test Case 'Test Cases/Reusable_Test_Sequences/Give_Feedback/Your_Details/Personal_Details_Formfill' successfully

2019-11-01 15:17:20 - [TEST_CASE][PASSED] - Test Cases/Reusable_Test_Sequences/Give_Feedback/Your_Details/Personal_Details_Formfill: Test Cases/Reusable_Test_Sequences/Give_Feedback/Your_Details/Personal_Details_Formfill

2019-11-01 15:17:20 - [TEST_STEP][PASSED] - "--------------------------------": null

2019-11-01 15:17:20 - [TEST_STEP][PASSED] - "Read data from spreadsheet      |": null

2019-11-01 15:17:20 - [TEST_STEP][PASSED] - data = findTestData("Data Files/Give_Feedback (1)"): null

2019-11-01 15:17:20 - [TEST_STEP][PASSED] - YD_Salutation = data.getValue("YD_Salutation", row): null

2019-11-01 15:17:20 - [TEST_STEP][PASSED] - YD_Name = data.getValue("YD_Name", row): null

2019-11-01 15:17:20 - [TEST_STEP][PASSED] - YD_Company_Name = data.getValue("YD_Company_Name", row): null

2019-11-01 15:17:20 - [TEST_STEP][PASSED] - YD_Postcode = data.getValue("YD_Postcode", row): null

2019-11-01 15:17:20 - [TEST_STEP][PASSED] - YD_Verify_Address = data.getValue("YD_Verify_Address", row): null

2019-11-01 15:17:20 - [TEST_STEP][PASSED] - YD_Consumer_Customer = data.getValue("YD_Consumer_Customer", row): null

2019-11-01 15:17:20 - [TEST_STEP][PASSED] - out.println("Your Experience, Your details, Set the " + YD_Salutation + " Text Box "): null

2019-11-01 15:17:20 - [TEST_STEP][PASSED] - "--------------------": null

2019-11-01 15:17:20 - [TEST_STEP][PASSED] - "  Set  Salutation   |": null

2019-11-01 15:17:20 - [TEST_STEP][PASSED] - selectOptionByValue(findTestObject("Object Repository/New Folder/Page_Checkatrade Give your feedback/select_MrMrsMissMsMr  MrsDrRevRevd"), YD_Salutation, true): All options with value 'Mr' are selected in object 'Object Repository/New Folder/Page_Checkatrade Give your feedback/select_MrMrsMissMsMr  MrsDrRevRevd'  using regular expression

2019-11-01 15:17:21 - [MESSAGE][PASSED] - All options with value 'Mr' are selected in object 'Object Repository/New Folder/Page_Checkatrade Give your feedback/select_MrMrsMissMsMr  MrsDrRevRevd'  using regular expression

2019-11-01 15:17:21 - [TEST_STEP][PASSED] - "--------------------": null

2019-11-01 15:17:21 - [TEST_STEP][PASSED] - "  Set  Name         |": null

2019-11-01 15:17:21 - [TEST_STEP][PASSED] - if (YD_Consumer_Customer == "Consumer"): Text 'Ron Smith' is set on object 'Object Repository/New Folder/Page_Checkatrade Give your feedback/input_Name_ctl00contenttbCustomerName'

2019-11-01 15:17:21 - [TEST_STEP][PASSED] - setText(findTestObject("Object Repository/New Folder/Page_Checkatrade Give your feedback/input_Name_ctl00contenttbCustomerName"), YD_Name): Text 'Ron Smith' is set on object 'Object Repository/New Folder/Page_Checkatrade Give your feedback/input_Name_ctl00contenttbCustomerName'

2019-11-01 15:17:21 - [MESSAGE][PASSED] - Text 'Ron Smith' is set on object 'Object Repository/New Folder/Page_Checkatrade Give your feedback/input_Name_ctl00contenttbCustomerName'

2019-11-01 15:17:21 - [TEST_STEP][PASSED] - "----------------------": null

2019-11-01 15:17:21 - [TEST_STEP][PASSED] - " Name of you company  |": null

2019-11-01 15:17:21 - [TEST_STEP][PASSED] - if (YD_Consumer_Customer == "Customer"): null

2019-11-01 15:17:21 - [TEST_STEP][PASSED] - "--------------------": null

2019-11-01 15:17:21 - [TEST_STEP][PASSED] - "  Set Postcode     |": null

2019-11-01 15:17:21 - [TEST_STEP][PASSED] - setText(findTestObject("Object Repository/New Folder/Page_Checkatrade Give your feedback/input_Your postcode_ctl00contentctlCustomerAddresstbPostcodeSearch"), YD_Postcode): Text 'PO12 2SD' is set on object 'Object Repository/New Folder/Page_Checkatrade Give your feedback/input_Your postcode_ctl00contentctlCustomerAddresstbPostcodeSearch'

2019-11-01 15:17:21 - [MESSAGE][PASSED] - Text 'PO12 2SD' is set on object 'Object Repository/New Folder/Page_Checkatrade Give your feedback/input_Your postcode_ctl00contentctlCustomerAddresstbPostcodeSearch'

2019-11-01 15:17:21 - [TEST_STEP][PASSED] - "-----------------------------": null

2019-11-01 15:17:21 - [TEST_STEP][PASSED] - "  Address Lookup Selection   |": null

2019-11-01 15:17:21 - [TEST_STEP][PASSED] - click(findTestObject("Object Repository/New Folder/Page_Checkatrade Give your feedback/input_Your postcode_ctl00contentctlCustomerAddressbtnPostcodeLookup")): Object: 'Object Repository/New Folder/Page_Checkatrade Give your feedback/input_Your postcode_ctl00contentctlCustomerAddressbtnPostcodeLookup' is clicked on

2019-11-01 15:17:22 - [MESSAGE][PASSED] - Object: 'Object Repository/New Folder/Page_Checkatrade Give your feedback/input_Your postcode_ctl00contentctlCustomerAddressbtnPostcodeLookup' is clicked on

2019-11-01 15:17:22 - [TEST_STEP][PASSED] - "-----------------------------": null

2019-11-01 15:17:22 - [TEST_STEP][PASSED] - "  Address Lookup Set         |": null

2019-11-01 15:17:22 - [TEST_STEP][PASSED] - selectOptionByLabel(findTestObject("Object Repository/New Folder/Page_Checkatrade Give your feedback/select_Please select your address"), YD_Verify_Address, true): All options with label '26 Broadsands Drive,Gosport,Hampshire,PO12 2SD' are selected in object 'Object Repository/New Folder/Page_Checkatrade Give your feedback/select_Please select your address'  using regular expression

2019-11-01 15:17:22 - [MESSAGE][PASSED] - All options with label '26 Broadsands Drive,Gosport,Hampshire,PO12 2SD' are selected in object 'Object Repository/New Folder/Page_Checkatrade Give your feedback/select_Please select your address'  using regular expression

2019-11-01 15:17:22 - [TEST_STEP][PASSED] - "-----------------------------": null

2019-11-01 15:17:22 - [TEST_STEP][PASSED] - "  Verify Returned Address    |": null

2019-11-01 15:17:22 - [TEST_STEP][PASSED] - verifyTextPresent(YD_Verify_Address, false): Text '26 Broadsands Drive,Gosport,Hampshire,PO12 2SD' is present on page 

2019-11-01 15:17:23 - [MESSAGE][PASSED] - Text '26 Broadsands Drive,Gosport,Hampshire,PO12 2SD' is present on page 

2019-11-01 15:17:23 - [MESSAGE][PASSED] - Call Test Case 'Test Cases/Reusable_Test_Sequences/Give_Feedback/Your_Details/Personal_Details_Formfill' successfully

2019-11-01 15:17:23 - [TEST_STEP][PASSED] - "-------------------------------------": null

2019-11-01 15:17:23 - [TEST_STEP][PASSED] - " Fil Contact Details                 |": null

2019-11-01 15:17:23 - [TEST_STEP][PASSED] - callTestCase(findTestCase("Reusable_Test_Sequences/Give_Feedback/Your_Details/Contact_Details_Formfill"), [:], CONTINUE_ON_FAILURE): Call Test Case 'Test Cases/Reusable_Test_Sequences/Give_Feedback/Your_Details/Contact_Details_Formfill' successfully

2019-11-01 15:17:23 - [TEST_CASE][PASSED] - Test Cases/Reusable_Test_Sequences/Give_Feedback/Your_Details/Contact_Details_Formfill: Test Cases/Reusable_Test_Sequences/Give_Feedback/Your_Details/Contact_Details_Formfill

2019-11-01 15:17:23 - [TEST_STEP][PASSED] - "--------------------------------": null

2019-11-01 15:17:23 - [TEST_STEP][PASSED] - "Read data from spreadsheet      |": null

2019-11-01 15:17:23 - [TEST_STEP][PASSED] - data = findTestData("Data Files/Give_Feedback (1)"): null

2019-11-01 15:17:23 - [TEST_STEP][PASSED] - YD_Home_Phone = data.getValue("YD_Home_Phone", row): null

2019-11-01 15:17:23 - [TEST_STEP][PASSED] - YD_Name = data.getValue("YD_Name", row): null

2019-11-01 15:17:23 - [TEST_STEP][PASSED] - YD_Best_Contact_Time = data.getValue("YD_Best_Contact_Time", row): null

2019-11-01 15:17:23 - [TEST_STEP][PASSED] - YD_Email = data.getValue("YD_Email", row): null

2019-11-01 15:17:23 - [TEST_STEP][PASSED] - YD_Mobile = data.getValue("YD_Mobile", row): null

2019-11-01 15:17:23 - [TEST_STEP][PASSED] - YD_Consumer_Customer = data.getValue("YD_Consumer_Customer", row): null

2019-11-01 15:17:23 - [TEST_STEP][PASSED] - out.println("Your Experience, Your details, Set the " + YD_Home_Phone + " Text Box "): null

2019-11-01 15:17:23 - [TEST_STEP][PASSED] - "------------------------------": null

2019-11-01 15:17:23 - [TEST_STEP][PASSED] - "  Set Home Telephone Number   |": null

2019-11-01 15:17:23 - [TEST_STEP][PASSED] - setText(findTestObject("Object Repository/New Folder/Page_Checkatrade Give your feedback/input_Home telephone_ctl00contenttbCustomerHomePhone"), YD_Home_Phone): Text '02392123456' is set on object 'Object Repository/New Folder/Page_Checkatrade Give your feedback/input_Home telephone_ctl00contenttbCustomerHomePhone'

2019-11-01 15:17:23 - [MESSAGE][PASSED] - Text '02392123456' is set on object 'Object Repository/New Folder/Page_Checkatrade Give your feedback/input_Home telephone_ctl00contenttbCustomerHomePhone'

2019-11-01 15:17:23 - [TEST_STEP][PASSED] - "------------------------------": null

2019-11-01 15:17:23 - [TEST_STEP][PASSED] - "  Set Best Time to Contact    |": null

2019-11-01 15:17:23 - [TEST_STEP][PASSED] - if (YD_Consumer_Customer == "Consumer"): Text 'Morning' is set on object 'Object Repository/New Folder/Page_Checkatrade Give your feedback/input_Best time to contact you_ctl00contenttbCustomerContactTime'

2019-11-01 15:17:23 - [TEST_STEP][PASSED] - setText(findTestObject("Object Repository/New Folder/Page_Checkatrade Give your feedback/input_Best time to contact you_ctl00contenttbCustomerContactTime"), YD_Best_Contact_Time): Text 'Morning' is set on object 'Object Repository/New Folder/Page_Checkatrade Give your feedback/input_Best time to contact you_ctl00contenttbCustomerContactTime'

2019-11-01 15:17:23 - [MESSAGE][PASSED] - Text 'Morning' is set on object 'Object Repository/New Folder/Page_Checkatrade Give your feedback/input_Best time to contact you_ctl00contenttbCustomerContactTime'

2019-11-01 15:17:23 - [TEST_STEP][PASSED] - "------------------------------": null

2019-11-01 15:17:23 - [TEST_STEP][PASSED] - "  Set Email Address           |": null

2019-11-01 15:17:23 - [TEST_STEP][PASSED] - setText(findTestObject("Object Repository/New Folder/Page_Checkatrade Give your feedback/input_Email_ctl00contenttbCustomerEmail"), YD_Email): Text 'Test_xxxxxx@xdxdxdxd.com' is set on object 'Object Repository/New Folder/Page_Checkatrade Give your feedback/input_Email_ctl00contenttbCustomerEmail'

2019-11-01 15:17:23 - [MESSAGE][PASSED] - Text 'Test_xxxxxx@xdxdxdxd.com' is set on object 'Object Repository/New Folder/Page_Checkatrade Give your feedback/input_Email_ctl00contenttbCustomerEmail'

2019-11-01 15:17:23 - [TEST_STEP][PASSED] - "------------------------------": null

2019-11-01 15:17:23 - [TEST_STEP][PASSED] - "  Set Mobile Telephone Number |": null

2019-11-01 15:17:23 - [TEST_STEP][PASSED] - setText(findTestObject("Object Repository/New Folder/Page_Checkatrade Give your feedback/input_Mobile_ctl00contenttbCustomerMobile"), YD_Mobile): Text '07788123456' is set on object 'Object Repository/New Folder/Page_Checkatrade Give your feedback/input_Mobile_ctl00contenttbCustomerMobile'

2019-11-01 15:17:23 - [MESSAGE][PASSED] - Text '07788123456' is set on object 'Object Repository/New Folder/Page_Checkatrade Give your feedback/input_Mobile_ctl00contenttbCustomerMobile'

2019-11-01 15:17:23 - [MESSAGE][PASSED] - Call Test Case 'Test Cases/Reusable_Test_Sequences/Give_Feedback/Your_Details/Contact_Details_Formfill' successfully

2019-11-01 15:17:23 - [TEST_STEP][PASSED] - "-------------------------------------": null

2019-11-01 15:17:23 - [TEST_STEP][PASSED] - " CHeckatrade Questions               |": null

2019-11-01 15:17:23 - [TEST_STEP][PASSED] - callTestCase(findTestCase("Reusable_Test_Sequences/Give_Feedback/Your_Details/Checkatrade_Questions"), [:], CONTINUE_ON_FAILURE): Call Test Case 'Test Cases/Reusable_Test_Sequences/Give_Feedback/Your_Details/Checkatrade_Questions' successfully

2019-11-01 15:17:23 - [TEST_CASE][PASSED] - Test Cases/Reusable_Test_Sequences/Give_Feedback/Your_Details/Checkatrade_Questions: Test Cases/Reusable_Test_Sequences/Give_Feedback/Your_Details/Checkatrade_Questions

2019-11-01 15:17:23 - [TEST_STEP][PASSED] - "--------------------------------": null

2019-11-01 15:17:23 - [TEST_STEP][PASSED] - "Read data from spreadsheet      |": null

2019-11-01 15:17:23 - [TEST_STEP][PASSED] - data = findTestData("Data Files/Give_Feedback (1)"): null

2019-11-01 15:17:23 - [TEST_STEP][PASSED] - YD_Feedback_Method = data.getValue("YD_Feedback_Method", row): null

2019-11-01 15:17:23 - [TEST_STEP][PASSED] - YD_How_Did_You_Hear = data.getValue("YD_How_Did_You_Hear", row): null

2019-11-01 15:17:23 - [TEST_STEP][PASSED] - YD_Other_Response = data.getValue("YD_Other_Response", row): null

2019-11-01 15:17:23 - [TEST_STEP][PASSED] - YD_Reason_For_Tradeperson_Selection = data.getValue("YD_Reason_For_Tradeperson_Selection", row): null

2019-11-01 15:17:23 - [TEST_STEP][PASSED] - YD_Receive_Chekatrade_Updates = data.getValue("YD_Receive_Chekatrade_Updates", row): null

2019-11-01 15:17:23 - [TEST_STEP][PASSED] - YD_Receive_Third_Party_Updates = data.getValue("YD_Receive_Third_Party_Updates", row): null

2019-11-01 15:17:23 - [TEST_STEP][PASSED] - out.println("Your Experience, Your details, Set the " + YD_Feedback_Method + " Text Box "): null

2019-11-01 15:17:23 - [TEST_STEP][PASSED] - "------------------------------------": null

2019-11-01 15:17:23 - [TEST_STEP][PASSED] - "  Set Verify Options - SMS OR Email |": null

2019-11-01 15:17:23 - [TEST_STEP][PASSED] - if (YD_Feedback_Method == "email"): Wait for page load successfully

2019-11-01 15:17:23 - [TEST_STEP][PASSED] - click(findTestObject("Object Repository/Page_Checkatrade Give your feedback/span_Verify by email")): Object: 'Object Repository/Page_Checkatrade Give your feedback/span_Verify by email' is clicked on

2019-11-01 15:17:24 - [MESSAGE][PASSED] - Object: 'Object Repository/Page_Checkatrade Give your feedback/span_Verify by email' is clicked on

2019-11-01 15:17:24 - [TEST_STEP][PASSED] - waitForPageLoad(2): Wait for page load successfully

2019-11-01 15:17:24 - [MESSAGE][PASSED] - Wait for page load successfully

2019-11-01 15:17:24 - [TEST_STEP][PASSED] - "--------------------------------------": null

2019-11-01 15:17:24 - [TEST_STEP][PASSED] - " Scroll to <Next> Button              |": null

2019-11-01 15:17:24 - [TEST_STEP][PASSED] - scrollToPosition(200, 0): Browser is scrolled to position x = 200, y = 0

2019-11-01 15:17:24 - [MESSAGE][PASSED] - Browser is scrolled to position x = 200, y = 0

2019-11-01 15:17:24 - [TEST_STEP][PASSED] - "--------------------------------------": null

2019-11-01 15:17:24 - [TEST_STEP][PASSED] - "  Set How You Heard About Checkatrade |": null

2019-11-01 15:17:24 - [TEST_STEP][PASSED] - waitForPageLoad(2): Wait for page load successfully

2019-11-01 15:17:24 - [MESSAGE][PASSED] - Wait for page load successfully

2019-11-01 15:17:24 - [TEST_STEP][PASSED] - selectOptionByLabel(findTestObject("Object Repository/Page_Checkatrade Give your feedback/select_Please selectTVRadioOnlineDirectoryWord"), YD_How_Did_You_Hear, true): All options with label 'Online' are selected in object 'Object Repository/Page_Checkatrade Give your feedback/select_Please selectTVRadioOnlineDirectoryWord'  using regular expression

2019-11-01 15:17:25 - [MESSAGE][PASSED] - All options with label 'Online' are selected in object 'Object Repository/Page_Checkatrade Give your feedback/select_Please selectTVRadioOnlineDirectoryWord'  using regular expression

2019-11-01 15:17:25 - [TEST_STEP][PASSED] - "--------------------------------------": null

2019-11-01 15:17:25 - [TEST_STEP][PASSED] - "  How did you hear about Textbox      |": null

2019-11-01 15:17:25 - [TEST_STEP][PASSED] - if (YD_How_Did_You_Hear == "Other"): null

2019-11-01 15:17:25 - [TEST_STEP][PASSED] - "--------------------------------------": null

2019-11-01 15:17:25 - [TEST_STEP][PASSED] - "  Why Use The Selected Tradesperson   |": null

2019-11-01 15:17:25 - [TEST_STEP][PASSED] - selectOptionByIndex(findTestObject("Object Repository/New Folder/Page_Checkatrade Give your feedback/select_Prefer not to sayFound the Tradesperson via CheckatradecomDirected to Checkatradecom by the Tradesperson"), 2): All options with index in [2] are selected on object 'Object Repository/New Folder/Page_Checkatrade Give your feedback/select_Prefer not to sayFound the Tradesperson via CheckatradecomDirected to Checkatradecom by the Tradesperson'

2019-11-01 15:17:25 - [MESSAGE][PASSED] - All options with index in [2] are selected on object 'Object Repository/New Folder/Page_Checkatrade Give your feedback/select_Prefer not to sayFound the Tradesperson via CheckatradecomDirected to Checkatradecom by the Tradesperson'

2019-11-01 15:17:25 - [TEST_STEP][PASSED] - "----------------------------------------------------": null

2019-11-01 15:17:25 - [TEST_STEP][PASSED] - " Select - I am happy to receive Updates - Checkatra |": null

2019-11-01 15:17:25 - [TEST_STEP][PASSED] - if (YD_Receive_Chekatrade_Updates == "Yes"): null

2019-11-01 15:17:25 - [TEST_STEP][PASSED] - "----------------------------------------------------": null

2019-11-01 15:17:25 - [TEST_STEP][PASSED] - " Select - I am happy to receive Updates - 3rd party |": null

2019-11-01 15:17:25 - [TEST_STEP][PASSED] - if (YD_Receive_Third_Party_Updates == "Yes"): Wait for page load successfully

2019-11-01 15:17:25 - [TEST_STEP][PASSED] - click(findTestObject("Object Repository/New Folder/Page_Checkatrade Give your feedback/label_I am happy to receive updates from selected third parties")): Object: 'Object Repository/New Folder/Page_Checkatrade Give your feedback/label_I am happy to receive updates from selected third parties' is clicked on

2019-11-01 15:17:25 - [MESSAGE][PASSED] - Object: 'Object Repository/New Folder/Page_Checkatrade Give your feedback/label_I am happy to receive updates from selected third parties' is clicked on

2019-11-01 15:17:25 - [TEST_STEP][PASSED] - waitForPageLoad(2): Wait for page load successfully

2019-11-01 15:17:25 - [MESSAGE][PASSED] - Wait for page load successfully

2019-11-01 15:17:25 - [TEST_STEP][PASSED] - "--------------------------------------": null

2019-11-01 15:17:25 - [TEST_STEP][PASSED] - "   SUBMIT Page                        |": null

2019-11-01 15:17:25 - [TEST_STEP][PASSED] - click(findTestObject("Object Repository/New Folder/Page_Checkatrade Give your feedback/input_here_ctl00contentButtonSubmit")): Object: 'Object Repository/New Folder/Page_Checkatrade Give your feedback/input_here_ctl00contentButtonSubmit' is clicked on

2019-11-01 15:17:26 - [MESSAGE][PASSED] - Object: 'Object Repository/New Folder/Page_Checkatrade Give your feedback/input_here_ctl00contentButtonSubmit' is clicked on

2019-11-01 15:17:26 - [TEST_STEP][PASSED] - waitForPageLoad(2): Wait for page load successfully

2019-11-01 15:17:26 - [MESSAGE][PASSED] - Wait for page load successfully

2019-11-01 15:17:26 - [MESSAGE][PASSED] - Call Test Case 'Test Cases/Reusable_Test_Sequences/Give_Feedback/Your_Details/Checkatrade_Questions' successfully

2019-11-01 15:17:26 - [TEST_STEP][PASSED] - "-------------------------------------": null

2019-11-01 15:17:26 - [TEST_STEP][PASSED] - " Commit form                         |": null

2019-11-01 15:17:26 - [TEST_STEP][PASSED] - waitForPageLoad(60): Wait for page load successfully

2019-11-01 15:17:26 - [MESSAGE][PASSED] - Wait for page load successfully

2019-11-01 15:17:26 - [MESSAGE][PASSED] - Call Test Case 'Test Cases/Reusable_Test_Sequences/Give_Feedback/Your_Details/Your_Details' successfully

2019-11-01 15:17:26 - [TEST_STEP][PASSED] - "--------------------------------------": null

2019-11-01 15:17:26 - [TEST_STEP][PASSED] - " Further Info (page 4) Processing     |": null

2019-11-01 15:17:26 - [TEST_STEP][PASSED] - callTestCase(findTestCase("Reusable_Test_Sequences/Give_Feedback/Further_Infomation/Further_Information"), [:], CONTINUE_ON_FAILURE): Call Test Case 'Test Cases/Reusable_Test_Sequences/Give_Feedback/Further_Infomation/Further_Information' successfully

2019-11-01 15:17:26 - [TEST_CASE][PASSED] - Test Cases/Reusable_Test_Sequences/Give_Feedback/Further_Infomation/Further_Information: Test Cases/Reusable_Test_Sequences/Give_Feedback/Further_Infomation/Further_Information

2019-11-01 15:17:26 - [TEST_STEP][PASSED] - "--------------------------------": null

2019-11-01 15:17:26 - [TEST_STEP][PASSED] - "  Read data from spreadsheet    |": null

2019-11-01 15:17:26 - [TEST_STEP][PASSED] - data = findTestData("Data Files/Give_Feedback (1)"): null

2019-11-01 15:17:26 - [TEST_STEP][PASSED] - FD_Value_of_Work = data.getValue("FD_Value_of_Work", row): null

2019-11-01 15:17:26 - [TEST_STEP][PASSED] - "-----------": null

2019-11-01 15:17:26 - [TEST_STEP][PASSED] - "  Synch    |": null

2019-11-01 15:17:26 - [TEST_STEP][PASSED] - waitForElementPresent(findTestObject("Object Repository/New Folder1/Page_Checkatrade Give your feedback/input_Value Of Work_ctl00contenttbValueOfWork"), 25): Object 'Object Repository/New Folder1/Page_Checkatrade Give your feedback/input_Value Of Work_ctl00contenttbValueOfWork' is present

2019-11-01 15:17:27 - [MESSAGE][PASSED] - Object 'Object Repository/New Folder1/Page_Checkatrade Give your feedback/input_Value Of Work_ctl00contenttbValueOfWork' is present

2019-11-01 15:17:27 - [TEST_STEP][PASSED] - "--------------------------------": null

2019-11-01 15:17:27 - [TEST_STEP][PASSED] - "  Set the Value of Work Textbox |": null

2019-11-01 15:17:27 - [TEST_STEP][PASSED] - setText(findTestObject("Object Repository/New Folder1/Page_Checkatrade Give your feedback/input_Value Of Work_ctl00contenttbValueOfWork"), FD_Value_of_Work): Text '30' is set on object 'Object Repository/New Folder1/Page_Checkatrade Give your feedback/input_Value Of Work_ctl00contenttbValueOfWork'

2019-11-01 15:17:27 - [MESSAGE][PASSED] - Text '30' is set on object 'Object Repository/New Folder1/Page_Checkatrade Give your feedback/input_Value Of Work_ctl00contenttbValueOfWork'

2019-11-01 15:17:27 - [TEST_STEP][PASSED] - "--------------------------------": null

2019-11-01 15:17:27 - [TEST_STEP][PASSED] - "  Hit <Submit> button to Commit |": null

2019-11-01 15:17:27 - [TEST_STEP][PASSED] - click(findTestObject("Object Repository/New Folder/Page_Checkatrade Give your feedback/input_Value Of Work_ctl00contentButton1")): Object: 'Object Repository/New Folder/Page_Checkatrade Give your feedback/input_Value Of Work_ctl00contentButton1' is clicked on

2019-11-01 15:17:27 - [MESSAGE][PASSED] - Object: 'Object Repository/New Folder/Page_Checkatrade Give your feedback/input_Value Of Work_ctl00contentButton1' is clicked on

2019-11-01 15:17:27 - [TEST_STEP][PASSED] - "--------------------------------": null

2019-11-01 15:17:27 - [TEST_STEP][PASSED] - "  Wait for FInal Page Load      |": null

2019-11-01 15:17:27 - [TEST_STEP][PASSED] - waitForPageLoad(60): Wait for page load successfully

2019-11-01 15:17:27 - [MESSAGE][PASSED] - Wait for page load successfully

2019-11-01 15:17:27 - [MESSAGE][PASSED] - Call Test Case 'Test Cases/Reusable_Test_Sequences/Give_Feedback/Further_Infomation/Further_Information' successfully

2019-11-01 15:17:27 - [TEST_STEP][PASSED] - "--------------------------------------": null

2019-11-01 15:17:27 - [TEST_STEP][PASSED] - " Thank You! (page 5) Processing       |": null

2019-11-01 15:17:27 - [TEST_STEP][PASSED] - callTestCase(findTestCase("Reusable_Test_Sequences/Give_Feedback/Final_Page"), [:], CONTINUE_ON_FAILURE): Call Test Case 'Test Cases/Reusable_Test_Sequences/Give_Feedback/Final_Page' successfully

2019-11-01 15:17:27 - [TEST_CASE][PASSED] - Test Cases/Reusable_Test_Sequences/Give_Feedback/Final_Page: Test Cases/Reusable_Test_Sequences/Give_Feedback/Final_Page

2019-11-01 15:17:27 - [TEST_STEP][PASSED] - waitForPageLoad(2): Wait for page load successfully

2019-11-01 15:17:28 - [MESSAGE][PASSED] - Wait for page load successfully

2019-11-01 15:17:28 - [TEST_STEP][PASSED] - "--------------------------------": null

2019-11-01 15:17:28 - [TEST_STEP][PASSED] - "Read data from spreadsheet      |": null

2019-11-01 15:17:28 - [TEST_STEP][PASSED] - data = findTestData("Data Files/Give_Feedback (1)"): null

2019-11-01 15:17:28 - [TEST_STEP][PASSED] - Account_Verification_Name = data.getValue("Account_Verification_Name", row): null

2019-11-01 15:17:28 - [TEST_STEP][PASSED] - YE_Recommend = data.getValue("YE_Recommendations", row): null

2019-11-01 15:17:28 - [TEST_STEP][PASSED] - YE_Work_Carried_Out = data.getValue("YE_Work_Carried_Out", row): null

2019-11-01 15:17:28 - [TEST_STEP][PASSED] - waitForElementVisible(findTestObject("Object Repository/New Folder/Page_Checkatrade Give your feedback/a_Finish"), 25): Object 'Object Repository/New Folder/Page_Checkatrade Give your feedback/a_Finish' is visible

2019-11-01 15:17:28 - [MESSAGE][PASSED] - Object 'Object Repository/New Folder/Page_Checkatrade Give your feedback/a_Finish' is visible

2019-11-01 15:17:28 - [TEST_STEP][PASSED] - "------------------------------------": null

2019-11-01 15:17:28 - [TEST_STEP][PASSED] - "  Verify Page Detail                |": null

2019-11-01 15:17:28 - [TEST_STEP][PASSED] - if (YE_Recommend == "Yes"): null

2019-11-01 15:17:28 - [TEST_STEP][PASSED] - verifyTextPresent("Thank you", true): Text 'Thank you' is present on page  using regular expression

2019-11-01 15:17:28 - [MESSAGE][PASSED] - Text 'Thank you' is present on page  using regular expression

2019-11-01 15:17:28 - [TEST_STEP][PASSED] - "------------------------------------": null

2019-11-01 15:17:28 - [TEST_STEP][PASSED] - "  Hit Finish                        |": null

2019-11-01 15:17:28 - [TEST_STEP][PASSED] - click(findTestObject("Object Repository/New Folder/Page_Checkatrade Give your feedback/a_Finish")): Object: 'Object Repository/New Folder/Page_Checkatrade Give your feedback/a_Finish' is clicked on

2019-11-01 15:17:28 - [MESSAGE][PASSED] - Object: 'Object Repository/New Folder/Page_Checkatrade Give your feedback/a_Finish' is clicked on

2019-11-01 15:17:28 - [MESSAGE][PASSED] - Call Test Case 'Test Cases/Reusable_Test_Sequences/Give_Feedback/Final_Page' successfully

2019-11-01 15:17:28 - [TEST_STEP][PASSED] - "--------------------------------------": null

2019-11-01 15:17:28 - [TEST_STEP][PASSED] - "  Verify Return to Home Page          |": null

2019-11-01 15:17:28 - [TEST_STEP][PASSED] - callTestCase(findTestCase("Reusable_Test_Sequences/CAT_Home"), [:], CONTINUE_ON_FAILURE): Call Test Case 'Test Cases/Reusable_Test_Sequences/CAT_Home' successfully

2019-11-01 15:17:28 - [TEST_CASE][PASSED] - Test Cases/Reusable_Test_Sequences/CAT_Home: Test Cases/Reusable_Test_Sequences/CAT_Home

2019-11-01 15:17:28 - [TEST_STEP][PASSED] - waitForPageLoad(2): Wait for page load successfully

2019-11-01 15:17:29 - [MESSAGE][PASSED] - Wait for page load successfully

2019-11-01 15:17:29 - [TEST_STEP][PASSED] - waitForElementVisible(findTestObject("Object Repository/Checkatrade_Trade_Search_Page/Page_Checkatrade Find a tradesperson you can trust/a_Search"), 10): Object 'Object Repository/Checkatrade_Trade_Search_Page/Page_Checkatrade Find a tradesperson you can trust/a_Search' is visible

2019-11-01 15:17:29 - [MESSAGE][PASSED] - Object 'Object Repository/Checkatrade_Trade_Search_Page/Page_Checkatrade Find a tradesperson you can trust/a_Search' is visible

2019-11-01 15:17:29 - [TEST_STEP][PASSED] - "------------------------------------": null

2019-11-01 15:17:29 - [TEST_STEP][PASSED] - verifyTextPresent("Helping you find the right trade or service", false): Text 'Helping you find the right trade or service' is present on page 

2019-11-01 15:17:29 - [MESSAGE][PASSED] - Text 'Helping you find the right trade or service' is present on page 

2019-11-01 15:17:29 - [TEST_STEP][PASSED] - verifyTextPresent("Search through over", false): Text 'Search through over' is present on page 

2019-11-01 15:17:29 - [MESSAGE][PASSED] - Text 'Search through over' is present on page 

2019-11-01 15:17:29 - [TEST_STEP][PASSED] - verifyTextPresent("recommended, vetted and monitored trades and service providers for free.", false): Text 'recommended, vetted and monitored trades and service providers for free.' is present on page 

2019-11-01 15:17:30 - [MESSAGE][PASSED] - Text 'recommended, vetted and monitored trades and service providers for free.' is present on page 

2019-11-01 15:17:30 - [TEST_STEP][PASSED] - verifyTextPresent("or look up a member by name", false): Text 'or look up a member by name' is present on page 

2019-11-01 15:17:30 - [MESSAGE][PASSED] - Text 'or look up a member by name' is present on page 

2019-11-01 15:17:30 - [TEST_STEP][PASSED] - verifyTextPresent("reviews published so far – thank you!", false): Text 'reviews published so far – thank you!' is present on page 

2019-11-01 15:17:30 - [MESSAGE][PASSED] - Text 'reviews published so far – thank you!' is present on page 

2019-11-01 15:17:30 - [TEST_STEP][PASSED] - CurrentUrl = getUrl(): Current window's url is: 'https://www.preview.checkatrade.com/'

2019-11-01 15:17:30 - [MESSAGE][PASSED] - Current window's url is: 'https://www.preview.checkatrade.com/'

2019-11-01 15:17:30 - [TEST_STEP][PASSED] - if (CurrentUrl == URL): null

2019-11-01 15:17:30 - [TEST_STEP][PASSED] - out.println("We have been redirected, correctly back to home URL" + URL): null

2019-11-01 15:17:30 - [MESSAGE][PASSED] - Call Test Case 'Test Cases/Reusable_Test_Sequences/CAT_Home' successfully

2019-11-01 15:17:30 - [TEST_STEP][PASSED] - "--------------------------------------": null

2019-11-01 15:17:30 - [TEST_STEP][PASSED] - " Processing Completion                |": null

2019-11-01 15:17:30 - [TEST_STEP][PASSED] - "--------------------------------------": null

2019-11-01 15:17:30 - [TEST_STEP][PASSED] - "--------------------------": null

2019-11-01 15:17:30 - [TEST_STEP][PASSED] - " Teardown - CLose Browser |": null

2019-11-01 15:17:30 - [TEST_STEP][PASSED] - callTestCase(findTestCase("Reusable_Test_Sequences/CAT_Teardown"), [:], OPTIONAL): Call Test Case 'Test Cases/Reusable_Test_Sequences/CAT_Teardown' successfully

2019-11-01 15:17:31 - [TEST_CASE][PASSED] - Test Cases/Reusable_Test_Sequences/CAT_Teardown: Test Cases/Reusable_Test_Sequences/CAT_Teardown

2019-11-01 15:17:31 - [TEST_STEP][PASSED] - closeBrowser(): Browser is closed

2019-11-01 15:17:32 - [MESSAGE][PASSED] - Browser is closed

2019-11-01 15:17:32 - [MESSAGE][PASSED] - Call Test Case 'Test Cases/Reusable_Test_Sequences/CAT_Teardown' successfully

2019-11-01 15:17:33 - [TEST_STEP][PASSED] - callTestCase(findTestCase("Reusable_Test_Sequences/CAT_Setup"), [:], OPTIONAL): Call Test Case 'Test Cases/Reusable_Test_Sequences/CAT_Setup' successfully

2019-11-01 15:17:33 - [TEST_CASE][PASSED] - Test Cases/Reusable_Test_Sequences/CAT_Setup: Test Cases/Reusable_Test_Sequences/CAT_Setup

2019-11-01 15:17:33 - [TEST_STEP][PASSED] - "URL - Set from the ENVIRONMENT PROFILE ": null

2019-11-01 15:17:33 - [TEST_STEP][PASSED] - openBrowser(URL): Browser is opened with url: 'https://www.preview.checkatrade.com/'

2019-11-01 15:17:33 - [MESSAGE][INFO] - Starting 'Firefox' driver

2019-11-01 15:17:40 - [MESSAGE][PASSED] - Browser is opened with url: 'https://www.preview.checkatrade.com/'

2019-11-01 15:17:40 - [TEST_STEP][PASSED] - maximizeWindow(): Current window maximized

2019-11-01 15:17:40 - [MESSAGE][PASSED] - Current window maximized

2019-11-01 15:17:40 - [TEST_STEP][PASSED] - waitForPageLoad(60): Wait for page load successfully

2019-11-01 15:17:40 - [MESSAGE][PASSED] - Wait for page load successfully

2019-11-01 15:17:40 - [TEST_STEP][PASSED] - waitForElementVisible(findTestObject("Page_Checkatrade Find a tradesperson you can trust/a_Search"), 25): Object 'Object Repository/Page_Checkatrade Find a tradesperson you can trust/a_Search' is visible

2019-11-01 15:17:40 - [MESSAGE][PASSED] - Object 'Object Repository/Page_Checkatrade Find a tradesperson you can trust/a_Search' is visible

2019-11-01 15:17:40 - [TEST_STEP][PASSED] - try: null

2019-11-01 15:17:40 - [TEST_STEP][PASSED] - if (verifyElementPresent(findTestObject("Page_Checkatrade Find a tradesperson you can trust/div_close"), 1, OPTIONAL)): null

2019-11-01 15:17:40 - [MESSAGE][PASSED] - Object 'Object Repository/Page_Checkatrade Find a tradesperson you can trust/div_close' is present

2019-11-01 15:17:40 - [TEST_STEP][PASSED] - click(findTestObject("Page_Checkatrade Find a tradesperson you can trust/div_close")): Object: 'Object Repository/Page_Checkatrade Find a tradesperson you can trust/div_close' is clicked on

2019-11-01 15:17:40 - [MESSAGE][PASSED] - Object: 'Object Repository/Page_Checkatrade Find a tradesperson you can trust/div_close' is clicked on

2019-11-01 15:17:40 - [TEST_STEP][PASSED] - "---------------------------------": null

2019-11-01 15:17:40 - [TEST_STEP][PASSED] - "COOKIE POPOUT REMOVED - Confirmed": null

2019-11-01 15:17:40 - [TEST_STEP][PASSED] - delay(1): Delayed 1 second(s)

2019-11-01 15:17:41 - [MESSAGE][PASSED] - Delayed 1 second(s)

2019-11-01 15:17:41 - [TEST_STEP][PASSED] - verifyTextNotPresent("Checkatrade.com uses cookies to make sure you get the best browsing experience", false): Text 'Checkatrade.com uses cookies to make sure you get the best browsing experience' is not present on page

2019-11-01 15:17:42 - [MESSAGE][PASSED] - Text 'Checkatrade.com uses cookies to make sure you get the best browsing experience' is not present on page

2019-11-01 15:17:42 - [TEST_STEP][PASSED] - try: null

2019-11-01 15:17:42 - [TEST_STEP][PASSED] - if (verifyElementPresent(findTestObject("Page_Checkatrade Find a tradesperson you can trust/div_close_1"), 1, OPTIONAL)): null

2019-11-01 15:17:42 - [MESSAGE][PASSED] - Object 'Object Repository/Page_Checkatrade Find a tradesperson you can trust/div_close_1' is present

2019-11-01 15:17:42 - [TEST_STEP][PASSED] - click(findTestObject("Page_Checkatrade Find a tradesperson you can trust/div_close_1")): Object: 'Object Repository/Page_Checkatrade Find a tradesperson you can trust/div_close_1' is clicked on

2019-11-01 15:17:42 - [MESSAGE][PASSED] - Object: 'Object Repository/Page_Checkatrade Find a tradesperson you can trust/div_close_1' is clicked on

2019-11-01 15:17:42 - [TEST_STEP][PASSED] - "---------------------------------": null

2019-11-01 15:17:42 - [TEST_STEP][PASSED] - "PRIVACY POPOUT REMOVED - Confirmed": null

2019-11-01 15:17:42 - [TEST_STEP][PASSED] - delay(1): Delayed 1 second(s)

2019-11-01 15:17:43 - [MESSAGE][PASSED] - Delayed 1 second(s)

2019-11-01 15:17:43 - [TEST_STEP][PASSED] - verifyTextNotPresent("We have updated our Privacy Policy, please review this", false): Text 'We have updated our Privacy Policy, please review this' is not present on page

2019-11-01 15:17:44 - [MESSAGE][PASSED] - Text 'We have updated our Privacy Policy, please review this' is not present on page

2019-11-01 15:17:44 - [MESSAGE][PASSED] - Call Test Case 'Test Cases/Reusable_Test_Sequences/CAT_Setup' successfully

2019-11-01 15:17:44 - [TEST_STEP][PASSED] - "-----------------------------------------------------": null

2019-11-01 15:17:44 - [TEST_STEP][PASSED] - " Hit the <Give Feedback> link in the header banner   |": null

2019-11-01 15:17:44 - [TEST_STEP][PASSED] - callTestCase(findTestCase("Reusable_Test_Sequences/Banner_Menu/Give_Feedback"), [:], CONTINUE_ON_FAILURE): Call Test Case 'Test Cases/Reusable_Test_Sequences/Banner_Menu/Give_Feedback' successfully

2019-11-01 15:17:44 - [TEST_CASE][PASSED] - Test Cases/Reusable_Test_Sequences/Banner_Menu/Give_Feedback: Test Cases/Reusable_Test_Sequences/Banner_Menu/Give_Feedback

2019-11-01 15:17:44 - [TEST_STEP][PASSED] - click(findTestObject("Object Repository/Page_Checkatrade Find a tradesperson you can trust/a_Give feedback")): Object: 'Object Repository/Page_Checkatrade Find a tradesperson you can trust/a_Give feedback' is clicked on

2019-11-01 15:17:44 - [MESSAGE][PASSED] - Object: 'Object Repository/Page_Checkatrade Find a tradesperson you can trust/a_Give feedback' is clicked on

2019-11-01 15:17:44 - [TEST_STEP][PASSED] - waitForElementVisible(findTestObject("Page_Give_Feedback_Enhanced_OBJ_Repo/Page_Checkatrade Give your feedback/input_Which member do you want to review_feedback-form__company_autocomplete_input"), 25): Object 'Object Repository/Page_Give_Feedback_Enhanced_OBJ_Repo/Page_Checkatrade Give your feedback/input_Which member do you want to review_feedback-form__company_autocomplete_input' is visible

2019-11-01 15:17:45 - [MESSAGE][PASSED] - Object 'Object Repository/Page_Give_Feedback_Enhanced_OBJ_Repo/Page_Checkatrade Give your feedback/input_Which member do you want to review_feedback-form__company_autocomplete_input' is visible

2019-11-01 15:17:45 - [TEST_STEP][PASSED] - verifyTextPresent("Give your feedback", false): Text 'Give your feedback' is present on page 

2019-11-01 15:17:45 - [MESSAGE][PASSED] - Text 'Give your feedback' is present on page 

2019-11-01 15:17:45 - [TEST_STEP][PASSED] - verifyTextPresent("Which member do you want to review?", false): Text 'Which member do you want to review?' is present on page 

2019-11-01 15:17:46 - [MESSAGE][PASSED] - Text 'Which member do you want to review?' is present on page 

2019-11-01 15:17:46 - [MESSAGE][PASSED] - Call Test Case 'Test Cases/Reusable_Test_Sequences/Banner_Menu/Give_Feedback' successfully

2019-11-01 15:17:46 - [TEST_STEP][PASSED] - "-----------------------------------------------------": null

2019-11-01 15:17:46 - [TEST_STEP][PASSED] - " Enter Member Trade Name OR Checkatrade ID To Review |": null

2019-11-01 15:17:46 - [TEST_STEP][PASSED] - callTestCase(findTestCase("Reusable_Test_Sequences/Give_Feedback/Which_Member_to_Review"), [:], CONTINUE_ON_FAILURE): Call Test Case 'Test Cases/Reusable_Test_Sequences/Give_Feedback/Which_Member_to_Review' successfully

2019-11-01 15:17:46 - [TEST_CASE][PASSED] - Test Cases/Reusable_Test_Sequences/Give_Feedback/Which_Member_to_Review: Test Cases/Reusable_Test_Sequences/Give_Feedback/Which_Member_to_Review

2019-11-01 15:17:46 - [TEST_STEP][PASSED] - waitForPageLoad(60): Wait for page load successfully

2019-11-01 15:17:46 - [MESSAGE][PASSED] - Wait for page load successfully

2019-11-01 15:17:46 - [TEST_STEP][PASSED] - waitForElementPresent(findTestObject("Object Repository/Page_Checkatrade Give your feedback/input_Which member do you want to review"), 25): Object 'Object Repository/Page_Checkatrade Give your feedback/input_Which member do you want to review' is present

2019-11-01 15:17:46 - [MESSAGE][PASSED] - Object 'Object Repository/Page_Checkatrade Give your feedback/input_Which member do you want to review' is present

2019-11-01 15:17:46 - [TEST_STEP][PASSED] - setText(findTestObject("Object Repository/Page_Checkatrade Give your feedback/input_Which member do you want to review"), findTestData("Give_Feedback (1)").getValue("Account_Verification_Name", row)): Text 'Test Account' is set on object 'Object Repository/Page_Checkatrade Give your feedback/input_Which member do you want to review'

2019-11-01 15:17:46 - [MESSAGE][PASSED] - Text 'Test Account' is set on object 'Object Repository/Page_Checkatrade Give your feedback/input_Which member do you want to review'

2019-11-01 15:17:46 - [TEST_STEP][PASSED] - delay(1): Delayed 1 second(s)

2019-11-01 15:17:47 - [MESSAGE][PASSED] - Delayed 1 second(s)

2019-11-01 15:17:47 - [TEST_STEP][PASSED] - "Submit the search criteria using click     |": null

2019-11-01 15:17:47 - [TEST_STEP][PASSED] - waitForElementPresent(findTestObject("Object Repository/Page_Checkatrade Give your feedback/div_Which member do you want to review"), 25): Object 'Object Repository/Page_Checkatrade Give your feedback/div_Which member do you want to review' is present

2019-11-01 15:17:47 - [MESSAGE][PASSED] - Object 'Object Repository/Page_Checkatrade Give your feedback/div_Which member do you want to review' is present

2019-11-01 15:17:47 - [TEST_STEP][PASSED] - try: Object: 'Object Repository/Page_Checkatrade Give your feedback/div_Which member do you want to review' is clicked on

2019-11-01 15:17:47 - [TEST_STEP][PASSED] - "Try Catch Included 14/08/2019 - Sometimes the Trader isnt returned?   |": null

2019-11-01 15:17:47 - [TEST_STEP][PASSED] - click(findTestObject("Page_Checkatrade Give your feedback/div_Which member do you want to review")): Object: 'Object Repository/Page_Checkatrade Give your feedback/div_Which member do you want to review' is clicked on

2019-11-01 15:17:48 - [MESSAGE][PASSED] - Object: 'Object Repository/Page_Checkatrade Give your feedback/div_Which member do you want to review' is clicked on

2019-11-01 15:17:48 - [MESSAGE][PASSED] - Call Test Case 'Test Cases/Reusable_Test_Sequences/Give_Feedback/Which_Member_to_Review' successfully

2019-11-01 15:17:48 - [TEST_STEP][PASSED] - "--------------------------------------": null

2019-11-01 15:17:48 - [TEST_STEP][PASSED] - " Your Experience (page 1) Processing  |": null

2019-11-01 15:17:48 - [TEST_STEP][PASSED] - callTestCase(findTestCase("Reusable_Test_Sequences/Give_Feedback/Your_Experience/Your_Experience"), [:], CONTINUE_ON_FAILURE): Call Test Case 'Test Cases/Reusable_Test_Sequences/Give_Feedback/Your_Experience/Your_Experience' successfully

2019-11-01 15:17:48 - [TEST_CASE][PASSED] - Test Cases/Reusable_Test_Sequences/Give_Feedback/Your_Experience/Your_Experience: Test Cases/Reusable_Test_Sequences/Give_Feedback/Your_Experience/Your_Experience

2019-11-01 15:17:48 - [TEST_STEP][PASSED] - data = findTestData("Data Files/Give_Feedback (1)"): null

2019-11-01 15:17:48 - [TEST_STEP][PASSED] - YE_Recommend = data.getValue("YE_Recommendations", row): null

2019-11-01 15:17:48 - [TEST_STEP][PASSED] - "---------------------------------------------------------------------------------------": null

2019-11-01 15:17:48 - [TEST_STEP][PASSED] - " Your Experience (page 1) Returned with Recommendation Selection Set to Yes (Default)  |": null

2019-11-01 15:17:48 - [TEST_STEP][PASSED] - "---------------------------------------------------------------------------------------": null

2019-11-01 15:17:48 - [TEST_STEP][PASSED] - "---------------------------------------------------------------------------------------": null

2019-11-01 15:17:48 - [TEST_STEP][PASSED] - " Your Experience (page 1) Recommend this trader?                                       |": null

2019-11-01 15:17:48 - [TEST_STEP][PASSED] - callTestCase(findTestCase("Reusable_Test_Sequences/Give_Feedback/Your_Experience/Recommendation_Selection"), [:], CONTINUE_ON_FAILURE): Call Test Case 'Test Cases/Reusable_Test_Sequences/Give_Feedback/Your_Experience/Recommendation_Selection' successfully

2019-11-01 15:17:48 - [TEST_CASE][PASSED] - Test Cases/Reusable_Test_Sequences/Give_Feedback/Your_Experience/Recommendation_Selection: Test Cases/Reusable_Test_Sequences/Give_Feedback/Your_Experience/Recommendation_Selection

2019-11-01 15:17:48 - [TEST_STEP][PASSED] - data = findTestData("Data Files/Give_Feedback (1)"): null

2019-11-01 15:17:48 - [TEST_STEP][PASSED] - YE_Recommend = data.getValue("YE_Recommendations", row): null

2019-11-01 15:17:48 - [TEST_STEP][PASSED] - "--------------------------------": null

2019-11-01 15:17:48 - [TEST_STEP][PASSED] - "Read data from spreadsheet      |": null

2019-11-01 15:17:48 - [TEST_STEP][PASSED] - "--------------------------------": null

2019-11-01 15:17:48 - [TEST_STEP][PASSED] - "--------------------------------": null

2019-11-01 15:17:48 - [TEST_STEP][PASSED] - "Set Recommendation - Yes or No  |": null

2019-11-01 15:17:48 - [TEST_STEP][PASSED] - if (YE_Recommend == "Yes"): null

2019-11-01 15:17:48 - [TEST_STEP][PASSED] - else if (YE_Recommend == "No"): Call Test Case 'Test Cases/Reusable_Test_Sequences/Give_Feedback/Your_Experience/Not_Recommend' successfully

2019-11-01 15:17:48 - [TEST_STEP][PASSED] - click(findTestObject("Object Repository/Feedback/Page_Checkatrade Give your feedback/Page_Checkatrade Give your feedback/span_No")): Object: 'Object Repository/Feedback/Page_Checkatrade Give your feedback/Page_Checkatrade Give your feedback/span_No' is clicked on

2019-11-01 15:17:48 - [MESSAGE][PASSED] - Object: 'Object Repository/Feedback/Page_Checkatrade Give your feedback/Page_Checkatrade Give your feedback/span_No' is clicked on

2019-11-01 15:17:48 - [TEST_STEP][PASSED] - waitForPageLoad(5): Wait for page load successfully

2019-11-01 15:17:48 - [MESSAGE][PASSED] - Wait for page load successfully

2019-11-01 15:17:48 - [TEST_STEP][PASSED] - callTestCase(findTestCase("Reusable_Test_Sequences/Give_Feedback/Your_Experience/Not_Recommend"), [:], CONTINUE_ON_FAILURE): Call Test Case 'Test Cases/Reusable_Test_Sequences/Give_Feedback/Your_Experience/Not_Recommend' successfully

2019-11-01 15:17:48 - [TEST_CASE][PASSED] - Test Cases/Reusable_Test_Sequences/Give_Feedback/Your_Experience/Not_Recommend: Test Cases/Reusable_Test_Sequences/Give_Feedback/Your_Experience/Not_Recommend

2019-11-01 15:17:48 - [TEST_STEP][PASSED] - data = findTestData("Data Files/Give_Feedback (1)"): null

2019-11-01 15:17:48 - [TEST_STEP][PASSED] - YE_WorkCarriedOut = data.getValue("YE_Work_Carried_Out", row): null

2019-11-01 15:17:48 - [TEST_STEP][PASSED] - YE_NatureOfIssue = data.getValue("YE_Nature_Of_Issue", row): null

2019-11-01 15:17:48 - [TEST_STEP][PASSED] - YE_Comments = data.getValue("YE_Comments", row): null

2019-11-01 15:17:48 - [TEST_STEP][PASSED] - YE_FeedbackPublished = data.getValue("YE_Feedback_Published", row): null

2019-11-01 15:17:48 - [TEST_STEP][PASSED] - YE_ReasonNoFeedback = data.getValue("YE_Reason_No_Feedback", row): null

2019-11-01 15:17:48 - [TEST_STEP][PASSED] - YE_Resolve = data.getValue("YE_Resolve", row): null

2019-11-01 15:17:48 - [TEST_STEP][PASSED] - YE_Recommend = data.getValue("YE_Recommendations", row): null

2019-11-01 15:17:48 - [TEST_STEP][PASSED] - "--------------------------------": null

2019-11-01 15:17:48 - [TEST_STEP][PASSED] - "Read data from spreadsheet      |": null

2019-11-01 15:17:48 - [TEST_STEP][PASSED] - "--------------------------------": null

2019-11-01 15:17:48 - [TEST_STEP][PASSED] - "--------------------------------------": null

2019-11-01 15:17:48 - [TEST_STEP][PASSED] - " Was work carried out/Money Exchanged |": null

2019-11-01 15:17:48 - [TEST_STEP][PASSED] - waitForElementVisible(findTestObject("Feedback_Non_Recommend/Page_Checkatrade Give your feedback/work_Carried_Out_span_No"), 5): Object 'Object Repository/Feedback_Non_Recommend/Page_Checkatrade Give your feedback/work_Carried_Out_span_No' is visible

2019-11-01 15:17:49 - [MESSAGE][PASSED] - Object 'Object Repository/Feedback_Non_Recommend/Page_Checkatrade Give your feedback/work_Carried_Out_span_No' is visible

2019-11-01 15:17:49 - [TEST_STEP][PASSED] - if (YE_WorkCarriedOut == "No"): Wait for page load successfully

2019-11-01 15:17:49 - [TEST_STEP][PASSED] - click(findTestObject("Feedback_Non_Recommend/Page_Checkatrade Give your feedback/work_Carried_Out_span_No")): Object: 'Object Repository/Feedback_Non_Recommend/Page_Checkatrade Give your feedback/work_Carried_Out_span_No' is clicked on

2019-11-01 15:17:49 - [MESSAGE][PASSED] - Object: 'Object Repository/Feedback_Non_Recommend/Page_Checkatrade Give your feedback/work_Carried_Out_span_No' is clicked on

2019-11-01 15:17:49 - [TEST_STEP][PASSED] - waitForPageLoad(2): Wait for page load successfully

2019-11-01 15:17:49 - [MESSAGE][PASSED] - Wait for page load successfully

2019-11-01 15:17:49 - [TEST_STEP][PASSED] - setText(findTestObject("Object Repository/Feedback_Non_Recommend/Page_Checkatrade Give your feedback/textarea_Comments"), YE_Comments): Text 'Test comment' is set on object 'Object Repository/Feedback_Non_Recommend/Page_Checkatrade Give your feedback/textarea_Comments'

2019-11-01 15:17:49 - [MESSAGE][PASSED] - Text 'Test comment' is set on object 'Object Repository/Feedback_Non_Recommend/Page_Checkatrade Give your feedback/textarea_Comments'

2019-11-01 15:17:49 - [TEST_STEP][PASSED] - waitForPageLoad(2): Wait for page load successfully

2019-11-01 15:17:49 - [MESSAGE][PASSED] - Wait for page load successfully

2019-11-01 15:17:49 - [TEST_STEP][PASSED] - waitForElementVisible(findTestObject("Feedback_Non_Recommend/Page_Checkatrade Give your feedback/work_Carried_Out_span_No"), 5): Object 'Object Repository/Feedback_Non_Recommend/Page_Checkatrade Give your feedback/work_Carried_Out_span_No' is visible

2019-11-01 15:17:49 - [MESSAGE][PASSED] - Object 'Object Repository/Feedback_Non_Recommend/Page_Checkatrade Give your feedback/work_Carried_Out_span_No' is visible

2019-11-01 15:17:49 - [TEST_STEP][PASSED] - "--------------------------------------": null

2019-11-01 15:17:49 - [TEST_STEP][PASSED] - " Nature of Issue - Selection Box      |": null

2019-11-01 15:17:49 - [TEST_STEP][PASSED] - selectOptionByLabel(findTestObject("Feedback_Non_Recommend/Page_Checkatrade Give your feedback/select_Please Select ShortForm"), YE_NatureOfIssue, false): All options with label 'No work carried out' are selected in object 'Object Repository/Feedback_Non_Recommend/Page_Checkatrade Give your feedback/select_Please Select ShortForm' 

2019-11-01 15:17:50 - [MESSAGE][PASSED] - All options with label 'No work carried out' are selected in object 'Object Repository/Feedback_Non_Recommend/Page_Checkatrade Give your feedback/select_Please Select ShortForm' 

2019-11-01 15:17:50 - [TEST_STEP][PASSED] - "------------------------------------------------": null

2019-11-01 15:17:50 - [TEST_STEP][PASSED] - " Scroll to <NEXT> Button to reveal Text Below   |": null

2019-11-01 15:17:50 - [TEST_STEP][PASSED] - scrollToElement(findTestObject("Object Repository/Page_Checkatrade Give your feedback/input_No_ctl00contentButton4"), 2): Scroll to object 'Object Repository/Page_Checkatrade Give your feedback/input_No_ctl00contentButton4' successfully

2019-11-01 15:17:50 - [MESSAGE][PASSED] - Scroll to object 'Object Repository/Page_Checkatrade Give your feedback/input_No_ctl00contentButton4' successfully

2019-11-01 15:17:50 - [TEST_STEP][PASSED] - waitForPageLoad(5): Wait for page load successfully

2019-11-01 15:17:50 - [MESSAGE][PASSED] - Wait for page load successfully

2019-11-01 15:17:50 - [TEST_STEP][PASSED] - waitForElementVisible(findTestObject("Feedback_Non_Recommend/Page_Checkatrade Give your feedback/select_Please Select ShortForm"), 5): Object 'Object Repository/Feedback_Non_Recommend/Page_Checkatrade Give your feedback/select_Please Select ShortForm' is visible

2019-11-01 15:17:50 - [MESSAGE][PASSED] - Object 'Object Repository/Feedback_Non_Recommend/Page_Checkatrade Give your feedback/select_Please Select ShortForm' is visible

2019-11-01 15:17:50 - [TEST_STEP][PASSED] - "--------------------------------------": null

2019-11-01 15:17:50 - [TEST_STEP][PASSED] - " Would you like to Publish Feedback?  |": null

2019-11-01 15:17:50 - [TEST_STEP][PASSED] - if (YE_FeedbackPublished == "No"): Wait for page load successfully

2019-11-01 15:17:50 - [TEST_STEP][PASSED] - waitForPageLoad(2): Wait for page load successfully

2019-11-01 15:17:50 - [MESSAGE][PASSED] - Wait for page load successfully

2019-11-01 15:17:50 - [TEST_STEP][PASSED] - if (YE_WorkCarriedOut == "Yes"): null

2019-11-01 15:17:50 - [TEST_STEP][PASSED] - if (YE_WorkCarriedOut == "No"): Object: 'Object Repository/Feedback_Non_Recommend/Page_Checkatrade Give your feedback/feedback_Published_span_No - Alt' is clicked on

2019-11-01 15:17:50 - [TEST_STEP][PASSED] - waitForElementVisible(findTestObject("Feedback_Non_Recommend/Page_Checkatrade Give your feedback/feedback_Published_span_No - Alt"), 5): Object 'Object Repository/Feedback_Non_Recommend/Page_Checkatrade Give your feedback/feedback_Published_span_No - Alt' is visible

2019-11-01 15:17:50 - [MESSAGE][PASSED] - Object 'Object Repository/Feedback_Non_Recommend/Page_Checkatrade Give your feedback/feedback_Published_span_No - Alt' is visible

2019-11-01 15:17:50 - [TEST_STEP][PASSED] - click(findTestObject("Feedback_Non_Recommend/Page_Checkatrade Give your feedback/feedback_Published_span_No - Alt")): Object: 'Object Repository/Feedback_Non_Recommend/Page_Checkatrade Give your feedback/feedback_Published_span_No - Alt' is clicked on

2019-11-01 15:17:50 - [MESSAGE][PASSED] - Object: 'Object Repository/Feedback_Non_Recommend/Page_Checkatrade Give your feedback/feedback_Published_span_No - Alt' is clicked on

2019-11-01 15:17:50 - [TEST_STEP][PASSED] - waitForPageLoad(5): Wait for page load successfully

2019-11-01 15:17:50 - [MESSAGE][PASSED] - Wait for page load successfully

2019-11-01 15:17:50 - [TEST_STEP][PASSED] - delay(1): Delayed 1 second(s)

2019-11-01 15:17:51 - [MESSAGE][PASSED] - Delayed 1 second(s)

2019-11-01 15:17:51 - [TEST_STEP][PASSED] - verifyTextPresent("By ticking ‘No’ we will not contact the trader but we may contact you.", false): Text 'By ticking ‘No’ we will not contact the trader but we may contact you.' is present on page 

2019-11-01 15:17:52 - [MESSAGE][PASSED] - Text 'By ticking ‘No’ we will not contact the trader but we may contact you.' is present on page 

2019-11-01 15:17:52 - [TEST_STEP][PASSED] - setText(findTestObject("Object Repository/Feedback_Non_Recommend/Page_Checkatrade Give your feedback/textarea_Please give your reason for this"), YE_ReasonNoFeedback): Text 'Didn't want too' is set on object 'Object Repository/Feedback_Non_Recommend/Page_Checkatrade Give your feedback/textarea_Please give your reason for this'

2019-11-01 15:17:52 - [MESSAGE][PASSED] - Text 'Didn't want too' is set on object 'Object Repository/Feedback_Non_Recommend/Page_Checkatrade Give your feedback/textarea_Please give your reason for this'

2019-11-01 15:17:52 - [TEST_STEP][PASSED] - waitForPageLoad(2): Wait for page load successfully

2019-11-01 15:17:52 - [MESSAGE][PASSED] - Wait for page load successfully

2019-11-01 15:17:52 - [TEST_STEP][PASSED] - delay(1): Delayed 1 second(s)

2019-11-01 15:17:53 - [MESSAGE][PASSED] - Delayed 1 second(s)

2019-11-01 15:17:53 - [MESSAGE][PASSED] - Call Test Case 'Test Cases/Reusable_Test_Sequences/Give_Feedback/Your_Experience/Not_Recommend' successfully

2019-11-01 15:17:53 - [TEST_STEP][PASSED] - out.println("Your Experience, Recommendation, Click on the <" + YE_Recommend + "> Option Button "): null

2019-11-01 15:17:53 - [TEST_STEP][PASSED] - waitForPageLoad(60): Wait for page load successfully

2019-11-01 15:17:53 - [MESSAGE][PASSED] - Wait for page load successfully

2019-11-01 15:17:53 - [MESSAGE][PASSED] - Call Test Case 'Test Cases/Reusable_Test_Sequences/Give_Feedback/Your_Experience/Recommendation_Selection' successfully

2019-11-01 15:17:53 - [TEST_STEP][PASSED] - "---------------------------------------------------------------------------------------": null

2019-11-01 15:17:53 - [TEST_STEP][PASSED] - " SELECTING _ NO Recommend Restructures this PAGE, So need to exclude the below tests  ": null

2019-11-01 15:17:53 - [TEST_STEP][PASSED] - if (YE_Recommend == "Yes"): null

2019-11-01 15:17:53 - [TEST_STEP][PASSED] - "---------------------------------------------------------------------------------------------------------": null

2019-11-01 15:17:53 - [TEST_STEP][PASSED] - " Your Experience (page 1) Hit <Next> Button to Continue to <Your Scores>- (page 2) If Recommend = YES    |": null

2019-11-01 15:17:53 - [TEST_STEP][PASSED] - "                                                        OR <Your Details>-(page 3) If Recommend = NO     |": null

2019-11-01 15:17:53 - [TEST_STEP][PASSED] - callTestCase(findTestCase("Reusable_Test_Sequences/Give_Feedback/Hit_Next"), [:], CONTINUE_ON_FAILURE): Call Test Case 'Test Cases/Reusable_Test_Sequences/Give_Feedback/Hit_Next' successfully

2019-11-01 15:17:53 - [TEST_CASE][PASSED] - Test Cases/Reusable_Test_Sequences/Give_Feedback/Hit_Next: Test Cases/Reusable_Test_Sequences/Give_Feedback/Hit_Next

2019-11-01 15:17:53 - [TEST_STEP][PASSED] - click(findTestObject("Object Repository/Page_Checkatrade Give your feedback/input_No_ctl00contentButton4")): Object: 'Object Repository/Page_Checkatrade Give your feedback/input_No_ctl00contentButton4' is clicked on

2019-11-01 15:17:54 - [MESSAGE][PASSED] - Object: 'Object Repository/Page_Checkatrade Give your feedback/input_No_ctl00contentButton4' is clicked on

2019-11-01 15:17:54 - [TEST_STEP][PASSED] - waitForPageLoad(2): Wait for page load successfully

2019-11-01 15:17:54 - [MESSAGE][PASSED] - Wait for page load successfully

2019-11-01 15:17:54 - [MESSAGE][PASSED] - Call Test Case 'Test Cases/Reusable_Test_Sequences/Give_Feedback/Hit_Next' successfully

2019-11-01 15:17:54 - [TEST_STEP][PASSED] - waitForPageLoad(2): Wait for page load successfully

2019-11-01 15:17:54 - [MESSAGE][PASSED] - Wait for page load successfully

2019-11-01 15:17:54 - [MESSAGE][PASSED] - Call Test Case 'Test Cases/Reusable_Test_Sequences/Give_Feedback/Your_Experience/Your_Experience' successfully

2019-11-01 15:17:54 - [TEST_STEP][PASSED] - "--------------------------------------": null

2019-11-01 15:17:54 - [TEST_STEP][PASSED] - " Your Scores (page 2) Processing      |": null

2019-11-01 15:17:54 - [TEST_STEP][PASSED] - YE_Recommend = data.getValue("YE_Recommendations", row): null

2019-11-01 15:17:54 - [TEST_STEP][PASSED] - YE_WorkCarriedOut = data.getValue("YE_Work_Carried_Out", row): null

2019-11-01 15:17:54 - [TEST_STEP][PASSED] - if (YE_Recommend == "Yes"): null

2019-11-01 15:17:54 - [TEST_STEP][PASSED] - if (YE_Recommend == "No" && YE_WorkCarriedOut == "Yes"): null

2019-11-01 15:17:54 - [TEST_STEP][PASSED] - "--------------------------------------": null

2019-11-01 15:17:54 - [TEST_STEP][PASSED] - " Your Details (page 3) Processing     |": null

2019-11-01 15:17:54 - [TEST_STEP][PASSED] - callTestCase(findTestCase("Reusable_Test_Sequences/Give_Feedback/Your_Details/Your_Details"), [:], CONTINUE_ON_FAILURE): Call Test Case 'Test Cases/Reusable_Test_Sequences/Give_Feedback/Your_Details/Your_Details' successfully

2019-11-01 15:17:54 - [TEST_CASE][PASSED] - Test Cases/Reusable_Test_Sequences/Give_Feedback/Your_Details/Your_Details: Test Cases/Reusable_Test_Sequences/Give_Feedback/Your_Details/Your_Details

2019-11-01 15:17:54 - [TEST_STEP][PASSED] - "---------------------------------------------------------------------------------------": null

2019-11-01 15:17:54 - [TEST_STEP][PASSED] - " Your Details (page 3)                                                                 |": null

2019-11-01 15:17:54 - [TEST_STEP][PASSED] - "---------------------------------------------------------------------------------------": null

2019-11-01 15:17:54 - [TEST_STEP][PASSED] - "-------------------------------------": null

2019-11-01 15:17:54 - [TEST_STEP][PASSED] - " Consumer or Customer Selection      |": null

2019-11-01 15:17:54 - [TEST_STEP][PASSED] - callTestCase(findTestCase("Reusable_Test_Sequences/Give_Feedback/Your_Details/Consumer_or_Customer_Selection"), [:], CONTINUE_ON_FAILURE): Call Test Case 'Test Cases/Reusable_Test_Sequences/Give_Feedback/Your_Details/Consumer_or_Customer_Selection' successfully

2019-11-01 15:17:54 - [TEST_CASE][PASSED] - Test Cases/Reusable_Test_Sequences/Give_Feedback/Your_Details/Consumer_or_Customer_Selection: Test Cases/Reusable_Test_Sequences/Give_Feedback/Your_Details/Consumer_or_Customer_Selection

2019-11-01 15:17:54 - [TEST_STEP][PASSED] - "--------------------------------": null

2019-11-01 15:17:54 - [TEST_STEP][PASSED] - "Read data from spreadsheet      |": null

2019-11-01 15:17:54 - [TEST_STEP][PASSED] - data = findTestData("Data Files/Give_Feedback (1)"): null

2019-11-01 15:17:54 - [TEST_STEP][PASSED] - YD_Consumer_Customer = data.getValue("YD_Consumer_Customer", row): null

2019-11-01 15:17:54 - [TEST_STEP][PASSED] - out.println("Your Details, Consumer OR Trade Customer, Click on the " + YD_Consumer_Customer + " Option Button "): null

2019-11-01 15:17:54 - [TEST_STEP][PASSED] - try: null

2019-11-01 15:17:54 - [TEST_STEP][PASSED] - if (YD_Consumer_Customer == "Consumer"): null

2019-11-01 15:17:54 - [TEST_STEP][PASSED] - catch (Exception e): null

2019-11-01 15:17:54 - [TEST_STEP][PASSED] - if (YD_Consumer_Customer == "Customer"): null

2019-11-01 15:17:54 - [TEST_STEP][PASSED] - out.println("Your Experience, Recommendation, Click on the " + YD_Consumer_Customer + " Option Button "): null

2019-11-01 15:17:54 - [MESSAGE][PASSED] - Call Test Case 'Test Cases/Reusable_Test_Sequences/Give_Feedback/Your_Details/Consumer_or_Customer_Selection' successfully

2019-11-01 15:17:54 - [TEST_STEP][PASSED] - "-------------------------------------": null

2019-11-01 15:17:54 - [TEST_STEP][PASSED] - " Fill Personal Details               |": null

2019-11-01 15:17:54 - [TEST_STEP][PASSED] - callTestCase(findTestCase("Reusable_Test_Sequences/Give_Feedback/Your_Details/Personal_Details_Formfill"), [:], CONTINUE_ON_FAILURE): Call Test Case 'Test Cases/Reusable_Test_Sequences/Give_Feedback/Your_Details/Personal_Details_Formfill' successfully

2019-11-01 15:17:54 - [TEST_CASE][PASSED] - Test Cases/Reusable_Test_Sequences/Give_Feedback/Your_Details/Personal_Details_Formfill: Test Cases/Reusable_Test_Sequences/Give_Feedback/Your_Details/Personal_Details_Formfill

2019-11-01 15:17:54 - [TEST_STEP][PASSED] - "--------------------------------": null

2019-11-01 15:17:54 - [TEST_STEP][PASSED] - "Read data from spreadsheet      |": null

2019-11-01 15:17:54 - [TEST_STEP][PASSED] - data = findTestData("Data Files/Give_Feedback (1)"): null

2019-11-01 15:17:54 - [TEST_STEP][PASSED] - YD_Salutation = data.getValue("YD_Salutation", row): null

2019-11-01 15:17:54 - [TEST_STEP][PASSED] - YD_Name = data.getValue("YD_Name", row): null

2019-11-01 15:17:54 - [TEST_STEP][PASSED] - YD_Company_Name = data.getValue("YD_Company_Name", row): null

2019-11-01 15:17:54 - [TEST_STEP][PASSED] - YD_Postcode = data.getValue("YD_Postcode", row): null

2019-11-01 15:17:54 - [TEST_STEP][PASSED] - YD_Verify_Address = data.getValue("YD_Verify_Address", row): null

2019-11-01 15:17:54 - [TEST_STEP][PASSED] - YD_Consumer_Customer = data.getValue("YD_Consumer_Customer", row): null

2019-11-01 15:17:54 - [TEST_STEP][PASSED] - out.println("Your Experience, Your details, Set the " + YD_Salutation + " Text Box "): null

2019-11-01 15:17:54 - [TEST_STEP][PASSED] - "--------------------": null

2019-11-01 15:17:54 - [TEST_STEP][PASSED] - "  Set  Salutation   |": null

2019-11-01 15:17:54 - [TEST_STEP][PASSED] - selectOptionByValue(findTestObject("Object Repository/New Folder/Page_Checkatrade Give your feedback/select_MrMrsMissMsMr  MrsDrRevRevd"), YD_Salutation, true): All options with value 'Mr' are selected in object 'Object Repository/New Folder/Page_Checkatrade Give your feedback/select_MrMrsMissMsMr  MrsDrRevRevd'  using regular expression

2019-11-01 15:17:55 - [MESSAGE][PASSED] - All options with value 'Mr' are selected in object 'Object Repository/New Folder/Page_Checkatrade Give your feedback/select_MrMrsMissMsMr  MrsDrRevRevd'  using regular expression

2019-11-01 15:17:55 - [TEST_STEP][PASSED] - "--------------------": null

2019-11-01 15:17:55 - [TEST_STEP][PASSED] - "  Set  Name         |": null

2019-11-01 15:17:55 - [TEST_STEP][PASSED] - if (YD_Consumer_Customer == "Consumer"): Text 'Ron Smith' is set on object 'Object Repository/New Folder/Page_Checkatrade Give your feedback/input_Name_ctl00contenttbCustomerName'

2019-11-01 15:17:55 - [TEST_STEP][PASSED] - setText(findTestObject("Object Repository/New Folder/Page_Checkatrade Give your feedback/input_Name_ctl00contenttbCustomerName"), YD_Name): Text 'Ron Smith' is set on object 'Object Repository/New Folder/Page_Checkatrade Give your feedback/input_Name_ctl00contenttbCustomerName'

2019-11-01 15:17:55 - [MESSAGE][PASSED] - Text 'Ron Smith' is set on object 'Object Repository/New Folder/Page_Checkatrade Give your feedback/input_Name_ctl00contenttbCustomerName'

2019-11-01 15:17:55 - [TEST_STEP][PASSED] - "----------------------": null

2019-11-01 15:17:55 - [TEST_STEP][PASSED] - " Name of you company  |": null

2019-11-01 15:17:55 - [TEST_STEP][PASSED] - if (YD_Consumer_Customer == "Customer"): null

2019-11-01 15:17:55 - [TEST_STEP][PASSED] - "--------------------": null

2019-11-01 15:17:55 - [TEST_STEP][PASSED] - "  Set Postcode     |": null

2019-11-01 15:17:55 - [TEST_STEP][PASSED] - setText(findTestObject("Object Repository/New Folder/Page_Checkatrade Give your feedback/input_Your postcode_ctl00contentctlCustomerAddresstbPostcodeSearch"), YD_Postcode): Text 'PO12 2SD' is set on object 'Object Repository/New Folder/Page_Checkatrade Give your feedback/input_Your postcode_ctl00contentctlCustomerAddresstbPostcodeSearch'

2019-11-01 15:17:55 - [MESSAGE][PASSED] - Text 'PO12 2SD' is set on object 'Object Repository/New Folder/Page_Checkatrade Give your feedback/input_Your postcode_ctl00contentctlCustomerAddresstbPostcodeSearch'

2019-11-01 15:17:55 - [TEST_STEP][PASSED] - "-----------------------------": null

2019-11-01 15:17:55 - [TEST_STEP][PASSED] - "  Address Lookup Selection   |": null

2019-11-01 15:17:55 - [TEST_STEP][PASSED] - click(findTestObject("Object Repository/New Folder/Page_Checkatrade Give your feedback/input_Your postcode_ctl00contentctlCustomerAddressbtnPostcodeLookup")): Object: 'Object Repository/New Folder/Page_Checkatrade Give your feedback/input_Your postcode_ctl00contentctlCustomerAddressbtnPostcodeLookup' is clicked on

2019-11-01 15:17:56 - [MESSAGE][PASSED] - Object: 'Object Repository/New Folder/Page_Checkatrade Give your feedback/input_Your postcode_ctl00contentctlCustomerAddressbtnPostcodeLookup' is clicked on

2019-11-01 15:17:56 - [TEST_STEP][PASSED] - "-----------------------------": null

2019-11-01 15:17:56 - [TEST_STEP][PASSED] - "  Address Lookup Set         |": null

2019-11-01 15:17:56 - [TEST_STEP][PASSED] - selectOptionByLabel(findTestObject("Object Repository/New Folder/Page_Checkatrade Give your feedback/select_Please select your address"), YD_Verify_Address, true): All options with label '26 Broadsands Drive,Gosport,Hampshire,PO12 2SD' are selected in object 'Object Repository/New Folder/Page_Checkatrade Give your feedback/select_Please select your address'  using regular expression

2019-11-01 15:17:56 - [MESSAGE][PASSED] - All options with label '26 Broadsands Drive,Gosport,Hampshire,PO12 2SD' are selected in object 'Object Repository/New Folder/Page_Checkatrade Give your feedback/select_Please select your address'  using regular expression

2019-11-01 15:17:56 - [TEST_STEP][PASSED] - "-----------------------------": null

2019-11-01 15:17:56 - [TEST_STEP][PASSED] - "  Verify Returned Address    |": null

2019-11-01 15:17:56 - [TEST_STEP][PASSED] - verifyTextPresent(YD_Verify_Address, false): Text '26 Broadsands Drive,Gosport,Hampshire,PO12 2SD' is present on page 

2019-11-01 15:17:56 - [MESSAGE][PASSED] - Text '26 Broadsands Drive,Gosport,Hampshire,PO12 2SD' is present on page 

2019-11-01 15:17:56 - [MESSAGE][PASSED] - Call Test Case 'Test Cases/Reusable_Test_Sequences/Give_Feedback/Your_Details/Personal_Details_Formfill' successfully

2019-11-01 15:17:56 - [TEST_STEP][PASSED] - "-------------------------------------": null

2019-11-01 15:17:56 - [TEST_STEP][PASSED] - " Fil Contact Details                 |": null

2019-11-01 15:17:56 - [TEST_STEP][PASSED] - callTestCase(findTestCase("Reusable_Test_Sequences/Give_Feedback/Your_Details/Contact_Details_Formfill"), [:], CONTINUE_ON_FAILURE): Call Test Case 'Test Cases/Reusable_Test_Sequences/Give_Feedback/Your_Details/Contact_Details_Formfill' successfully

2019-11-01 15:17:57 - [TEST_CASE][PASSED] - Test Cases/Reusable_Test_Sequences/Give_Feedback/Your_Details/Contact_Details_Formfill: Test Cases/Reusable_Test_Sequences/Give_Feedback/Your_Details/Contact_Details_Formfill

2019-11-01 15:17:57 - [TEST_STEP][PASSED] - "--------------------------------": null

2019-11-01 15:17:57 - [TEST_STEP][PASSED] - "Read data from spreadsheet      |": null

2019-11-01 15:17:57 - [TEST_STEP][PASSED] - data = findTestData("Data Files/Give_Feedback (1)"): null

2019-11-01 15:17:57 - [TEST_STEP][PASSED] - YD_Home_Phone = data.getValue("YD_Home_Phone", row): null

2019-11-01 15:17:57 - [TEST_STEP][PASSED] - YD_Name = data.getValue("YD_Name", row): null

2019-11-01 15:17:57 - [TEST_STEP][PASSED] - YD_Best_Contact_Time = data.getValue("YD_Best_Contact_Time", row): null

2019-11-01 15:17:57 - [TEST_STEP][PASSED] - YD_Email = data.getValue("YD_Email", row): null

2019-11-01 15:17:57 - [TEST_STEP][PASSED] - YD_Mobile = data.getValue("YD_Mobile", row): null

2019-11-01 15:17:57 - [TEST_STEP][PASSED] - YD_Consumer_Customer = data.getValue("YD_Consumer_Customer", row): null

2019-11-01 15:17:57 - [TEST_STEP][PASSED] - out.println("Your Experience, Your details, Set the " + YD_Home_Phone + " Text Box "): null

2019-11-01 15:17:57 - [TEST_STEP][PASSED] - "------------------------------": null

2019-11-01 15:17:57 - [TEST_STEP][PASSED] - "  Set Home Telephone Number   |": null

2019-11-01 15:17:57 - [TEST_STEP][PASSED] - setText(findTestObject("Object Repository/New Folder/Page_Checkatrade Give your feedback/input_Home telephone_ctl00contenttbCustomerHomePhone"), YD_Home_Phone): Text '02392123456' is set on object 'Object Repository/New Folder/Page_Checkatrade Give your feedback/input_Home telephone_ctl00contenttbCustomerHomePhone'

2019-11-01 15:17:57 - [MESSAGE][PASSED] - Text '02392123456' is set on object 'Object Repository/New Folder/Page_Checkatrade Give your feedback/input_Home telephone_ctl00contenttbCustomerHomePhone'

2019-11-01 15:17:57 - [TEST_STEP][PASSED] - "------------------------------": null

2019-11-01 15:17:57 - [TEST_STEP][PASSED] - "  Set Best Time to Contact    |": null

2019-11-01 15:17:57 - [TEST_STEP][PASSED] - if (YD_Consumer_Customer == "Consumer"): Text 'After 6PM' is set on object 'Object Repository/New Folder/Page_Checkatrade Give your feedback/input_Best time to contact you_ctl00contenttbCustomerContactTime'

2019-11-01 15:17:57 - [TEST_STEP][PASSED] - setText(findTestObject("Object Repository/New Folder/Page_Checkatrade Give your feedback/input_Best time to contact you_ctl00contenttbCustomerContactTime"), YD_Best_Contact_Time): Text 'After 6PM' is set on object 'Object Repository/New Folder/Page_Checkatrade Give your feedback/input_Best time to contact you_ctl00contenttbCustomerContactTime'

2019-11-01 15:17:57 - [MESSAGE][PASSED] - Text 'After 6PM' is set on object 'Object Repository/New Folder/Page_Checkatrade Give your feedback/input_Best time to contact you_ctl00contenttbCustomerContactTime'

2019-11-01 15:17:57 - [TEST_STEP][PASSED] - "------------------------------": null

2019-11-01 15:17:57 - [TEST_STEP][PASSED] - "  Set Email Address           |": null

2019-11-01 15:17:57 - [TEST_STEP][PASSED] - setText(findTestObject("Object Repository/New Folder/Page_Checkatrade Give your feedback/input_Email_ctl00contenttbCustomerEmail"), YD_Email): Text 'Test_xxxxxx@xdxdxdxd.com' is set on object 'Object Repository/New Folder/Page_Checkatrade Give your feedback/input_Email_ctl00contenttbCustomerEmail'

2019-11-01 15:17:57 - [MESSAGE][PASSED] - Text 'Test_xxxxxx@xdxdxdxd.com' is set on object 'Object Repository/New Folder/Page_Checkatrade Give your feedback/input_Email_ctl00contenttbCustomerEmail'

2019-11-01 15:17:57 - [TEST_STEP][PASSED] - "------------------------------": null

2019-11-01 15:17:57 - [TEST_STEP][PASSED] - "  Set Mobile Telephone Number |": null

2019-11-01 15:17:57 - [TEST_STEP][PASSED] - setText(findTestObject("Object Repository/New Folder/Page_Checkatrade Give your feedback/input_Mobile_ctl00contenttbCustomerMobile"), YD_Mobile): Text '07788123456' is set on object 'Object Repository/New Folder/Page_Checkatrade Give your feedback/input_Mobile_ctl00contenttbCustomerMobile'

2019-11-01 15:17:57 - [MESSAGE][PASSED] - Text '07788123456' is set on object 'Object Repository/New Folder/Page_Checkatrade Give your feedback/input_Mobile_ctl00contenttbCustomerMobile'

2019-11-01 15:17:57 - [MESSAGE][PASSED] - Call Test Case 'Test Cases/Reusable_Test_Sequences/Give_Feedback/Your_Details/Contact_Details_Formfill' successfully

2019-11-01 15:17:57 - [TEST_STEP][PASSED] - "-------------------------------------": null

2019-11-01 15:17:57 - [TEST_STEP][PASSED] - " CHeckatrade Questions               |": null

2019-11-01 15:17:57 - [TEST_STEP][PASSED] - callTestCase(findTestCase("Reusable_Test_Sequences/Give_Feedback/Your_Details/Checkatrade_Questions"), [:], CONTINUE_ON_FAILURE): Call Test Case 'Test Cases/Reusable_Test_Sequences/Give_Feedback/Your_Details/Checkatrade_Questions' successfully

2019-11-01 15:17:57 - [TEST_CASE][PASSED] - Test Cases/Reusable_Test_Sequences/Give_Feedback/Your_Details/Checkatrade_Questions: Test Cases/Reusable_Test_Sequences/Give_Feedback/Your_Details/Checkatrade_Questions

2019-11-01 15:17:57 - [TEST_STEP][PASSED] - "--------------------------------": null

2019-11-01 15:17:57 - [TEST_STEP][PASSED] - "Read data from spreadsheet      |": null

2019-11-01 15:17:57 - [TEST_STEP][PASSED] - data = findTestData("Data Files/Give_Feedback (1)"): null

2019-11-01 15:17:57 - [TEST_STEP][PASSED] - YD_Feedback_Method = data.getValue("YD_Feedback_Method", row): null

2019-11-01 15:17:57 - [TEST_STEP][PASSED] - YD_How_Did_You_Hear = data.getValue("YD_How_Did_You_Hear", row): null

2019-11-01 15:17:57 - [TEST_STEP][PASSED] - YD_Other_Response = data.getValue("YD_Other_Response", row): null

2019-11-01 15:17:57 - [TEST_STEP][PASSED] - YD_Reason_For_Tradeperson_Selection = data.getValue("YD_Reason_For_Tradeperson_Selection", row): null

2019-11-01 15:17:57 - [TEST_STEP][PASSED] - YD_Receive_Chekatrade_Updates = data.getValue("YD_Receive_Chekatrade_Updates", row): null

2019-11-01 15:17:57 - [TEST_STEP][PASSED] - YD_Receive_Third_Party_Updates = data.getValue("YD_Receive_Third_Party_Updates", row): null

2019-11-01 15:17:57 - [TEST_STEP][PASSED] - out.println("Your Experience, Your details, Set the " + YD_Feedback_Method + " Text Box "): null

2019-11-01 15:17:57 - [TEST_STEP][PASSED] - "------------------------------------": null

2019-11-01 15:17:57 - [TEST_STEP][PASSED] - "  Set Verify Options - SMS OR Email |": null

2019-11-01 15:17:57 - [TEST_STEP][PASSED] - if (YD_Feedback_Method == "email"): Wait for page load successfully

2019-11-01 15:17:57 - [TEST_STEP][PASSED] - click(findTestObject("Object Repository/Page_Checkatrade Give your feedback/span_Verify by email")): Object: 'Object Repository/Page_Checkatrade Give your feedback/span_Verify by email' is clicked on

2019-11-01 15:17:57 - [MESSAGE][PASSED] - Object: 'Object Repository/Page_Checkatrade Give your feedback/span_Verify by email' is clicked on

2019-11-01 15:17:57 - [TEST_STEP][PASSED] - waitForPageLoad(2): Wait for page load successfully

2019-11-01 15:17:57 - [MESSAGE][PASSED] - Wait for page load successfully

2019-11-01 15:17:57 - [TEST_STEP][PASSED] - "--------------------------------------": null

2019-11-01 15:17:58 - [TEST_STEP][PASSED] - " Scroll to <Next> Button              |": null

2019-11-01 15:17:58 - [TEST_STEP][PASSED] - scrollToPosition(200, 0): Browser is scrolled to position x = 200, y = 0

2019-11-01 15:17:58 - [MESSAGE][PASSED] - Browser is scrolled to position x = 200, y = 0

2019-11-01 15:17:58 - [TEST_STEP][PASSED] - "--------------------------------------": null

2019-11-01 15:17:58 - [TEST_STEP][PASSED] - "  Set How You Heard About Checkatrade |": null

2019-11-01 15:17:58 - [TEST_STEP][PASSED] - waitForPageLoad(2): Wait for page load successfully

2019-11-01 15:17:58 - [MESSAGE][PASSED] - Wait for page load successfully

2019-11-01 15:17:58 - [TEST_STEP][PASSED] - selectOptionByLabel(findTestObject("Object Repository/Page_Checkatrade Give your feedback/select_Please selectTVRadioOnlineDirectoryWord"), YD_How_Did_You_Hear, true): All options with label 'Online' are selected in object 'Object Repository/Page_Checkatrade Give your feedback/select_Please selectTVRadioOnlineDirectoryWord'  using regular expression

2019-11-01 15:17:58 - [MESSAGE][PASSED] - All options with label 'Online' are selected in object 'Object Repository/Page_Checkatrade Give your feedback/select_Please selectTVRadioOnlineDirectoryWord'  using regular expression

2019-11-01 15:17:58 - [TEST_STEP][PASSED] - "--------------------------------------": null

2019-11-01 15:17:58 - [TEST_STEP][PASSED] - "  How did you hear about Textbox      |": null

2019-11-01 15:17:58 - [TEST_STEP][PASSED] - if (YD_How_Did_You_Hear == "Other"): null

2019-11-01 15:17:58 - [TEST_STEP][PASSED] - "--------------------------------------": null

2019-11-01 15:17:58 - [TEST_STEP][PASSED] - "  Why Use The Selected Tradesperson   |": null

2019-11-01 15:17:58 - [TEST_STEP][PASSED] - selectOptionByIndex(findTestObject("Object Repository/New Folder/Page_Checkatrade Give your feedback/select_Prefer not to sayFound the Tradesperson via CheckatradecomDirected to Checkatradecom by the Tradesperson"), 2): All options with index in [2] are selected on object 'Object Repository/New Folder/Page_Checkatrade Give your feedback/select_Prefer not to sayFound the Tradesperson via CheckatradecomDirected to Checkatradecom by the Tradesperson'

2019-11-01 15:17:59 - [MESSAGE][PASSED] - All options with index in [2] are selected on object 'Object Repository/New Folder/Page_Checkatrade Give your feedback/select_Prefer not to sayFound the Tradesperson via CheckatradecomDirected to Checkatradecom by the Tradesperson'

2019-11-01 15:17:59 - [TEST_STEP][PASSED] - "----------------------------------------------------": null

2019-11-01 15:17:59 - [TEST_STEP][PASSED] - " Select - I am happy to receive Updates - Checkatra |": null

2019-11-01 15:17:59 - [TEST_STEP][PASSED] - if (YD_Receive_Chekatrade_Updates == "Yes"): Wait for page load successfully

2019-11-01 15:17:59 - [TEST_STEP][PASSED] - click(findTestObject("Object Repository/New Folder/Page_Checkatrade Give your feedback/input_I am happy to receive updates from Checkatrade_ctl00contentchkEmailUpdates")): Object: 'Object Repository/New Folder/Page_Checkatrade Give your feedback/input_I am happy to receive updates from Checkatrade_ctl00contentchkEmailUpdates' is clicked on

2019-11-01 15:17:59 - [MESSAGE][PASSED] - Object: 'Object Repository/New Folder/Page_Checkatrade Give your feedback/input_I am happy to receive updates from Checkatrade_ctl00contentchkEmailUpdates' is clicked on

2019-11-01 15:17:59 - [TEST_STEP][PASSED] - waitForPageLoad(2): Wait for page load successfully

2019-11-01 15:17:59 - [MESSAGE][PASSED] - Wait for page load successfully

2019-11-01 15:17:59 - [TEST_STEP][PASSED] - "----------------------------------------------------": null

2019-11-01 15:17:59 - [TEST_STEP][PASSED] - " Select - I am happy to receive Updates - 3rd party |": null

2019-11-01 15:17:59 - [TEST_STEP][PASSED] - if (YD_Receive_Third_Party_Updates == "Yes"): Wait for page load successfully

2019-11-01 15:17:59 - [TEST_STEP][PASSED] - click(findTestObject("Object Repository/New Folder/Page_Checkatrade Give your feedback/label_I am happy to receive updates from selected third parties")): Object: 'Object Repository/New Folder/Page_Checkatrade Give your feedback/label_I am happy to receive updates from selected third parties' is clicked on

2019-11-01 15:18:00 - [MESSAGE][PASSED] - Object: 'Object Repository/New Folder/Page_Checkatrade Give your feedback/label_I am happy to receive updates from selected third parties' is clicked on

2019-11-01 15:18:00 - [TEST_STEP][PASSED] - waitForPageLoad(2): Wait for page load successfully

2019-11-01 15:18:00 - [MESSAGE][PASSED] - Wait for page load successfully

2019-11-01 15:18:00 - [TEST_STEP][PASSED] - "--------------------------------------": null

2019-11-01 15:18:00 - [TEST_STEP][PASSED] - "   SUBMIT Page                        |": null

2019-11-01 15:18:00 - [TEST_STEP][PASSED] - click(findTestObject("Object Repository/New Folder/Page_Checkatrade Give your feedback/input_here_ctl00contentButtonSubmit")): Object: 'Object Repository/New Folder/Page_Checkatrade Give your feedback/input_here_ctl00contentButtonSubmit' is clicked on

2019-11-01 15:18:01 - [MESSAGE][PASSED] - Object: 'Object Repository/New Folder/Page_Checkatrade Give your feedback/input_here_ctl00contentButtonSubmit' is clicked on

2019-11-01 15:18:01 - [TEST_STEP][PASSED] - waitForPageLoad(2): Wait for page load successfully

2019-11-01 15:18:01 - [MESSAGE][PASSED] - Wait for page load successfully

2019-11-01 15:18:01 - [MESSAGE][PASSED] - Call Test Case 'Test Cases/Reusable_Test_Sequences/Give_Feedback/Your_Details/Checkatrade_Questions' successfully

2019-11-01 15:18:01 - [TEST_STEP][PASSED] - "-------------------------------------": null

2019-11-01 15:18:01 - [TEST_STEP][PASSED] - " Commit form                         |": null

2019-11-01 15:18:01 - [TEST_STEP][PASSED] - waitForPageLoad(60): Wait for page load successfully

2019-11-01 15:18:01 - [MESSAGE][PASSED] - Wait for page load successfully

2019-11-01 15:18:01 - [MESSAGE][PASSED] - Call Test Case 'Test Cases/Reusable_Test_Sequences/Give_Feedback/Your_Details/Your_Details' successfully

2019-11-01 15:18:01 - [TEST_STEP][PASSED] - "--------------------------------------": null

2019-11-01 15:18:01 - [TEST_STEP][PASSED] - " Further Info (page 4) Processing     |": null

2019-11-01 15:18:01 - [TEST_STEP][PASSED] - callTestCase(findTestCase("Reusable_Test_Sequences/Give_Feedback/Further_Infomation/Further_Information"), [:], CONTINUE_ON_FAILURE): Call Test Case 'Test Cases/Reusable_Test_Sequences/Give_Feedback/Further_Infomation/Further_Information' successfully

2019-11-01 15:18:01 - [TEST_CASE][PASSED] - Test Cases/Reusable_Test_Sequences/Give_Feedback/Further_Infomation/Further_Information: Test Cases/Reusable_Test_Sequences/Give_Feedback/Further_Infomation/Further_Information

2019-11-01 15:18:01 - [TEST_STEP][PASSED] - "--------------------------------": null

2019-11-01 15:18:01 - [TEST_STEP][PASSED] - "  Read data from spreadsheet    |": null

2019-11-01 15:18:01 - [TEST_STEP][PASSED] - data = findTestData("Data Files/Give_Feedback (1)"): null

2019-11-01 15:18:01 - [TEST_STEP][PASSED] - FD_Value_of_Work = data.getValue("FD_Value_of_Work", row): null

2019-11-01 15:18:01 - [TEST_STEP][PASSED] - "-----------": null

2019-11-01 15:18:01 - [TEST_STEP][PASSED] - "  Synch    |": null

2019-11-01 15:18:01 - [TEST_STEP][PASSED] - waitForElementPresent(findTestObject("Object Repository/New Folder1/Page_Checkatrade Give your feedback/input_Value Of Work_ctl00contenttbValueOfWork"), 25): Object 'Object Repository/New Folder1/Page_Checkatrade Give your feedback/input_Value Of Work_ctl00contenttbValueOfWork' is present

2019-11-01 15:18:01 - [MESSAGE][PASSED] - Object 'Object Repository/New Folder1/Page_Checkatrade Give your feedback/input_Value Of Work_ctl00contenttbValueOfWork' is present

2019-11-01 15:18:01 - [TEST_STEP][PASSED] - "--------------------------------": null

2019-11-01 15:18:01 - [TEST_STEP][PASSED] - "  Set the Value of Work Textbox |": null

2019-11-01 15:18:01 - [TEST_STEP][PASSED] - setText(findTestObject("Object Repository/New Folder1/Page_Checkatrade Give your feedback/input_Value Of Work_ctl00contenttbValueOfWork"), FD_Value_of_Work): Text '10' is set on object 'Object Repository/New Folder1/Page_Checkatrade Give your feedback/input_Value Of Work_ctl00contenttbValueOfWork'

2019-11-01 15:18:01 - [MESSAGE][PASSED] - Text '10' is set on object 'Object Repository/New Folder1/Page_Checkatrade Give your feedback/input_Value Of Work_ctl00contenttbValueOfWork'

2019-11-01 15:18:01 - [TEST_STEP][PASSED] - "--------------------------------": null

2019-11-01 15:18:01 - [TEST_STEP][PASSED] - "  Hit <Submit> button to Commit |": null

2019-11-01 15:18:01 - [TEST_STEP][PASSED] - click(findTestObject("Object Repository/New Folder/Page_Checkatrade Give your feedback/input_Value Of Work_ctl00contentButton1")): Object: 'Object Repository/New Folder/Page_Checkatrade Give your feedback/input_Value Of Work_ctl00contentButton1' is clicked on

2019-11-01 15:18:02 - [MESSAGE][PASSED] - Object: 'Object Repository/New Folder/Page_Checkatrade Give your feedback/input_Value Of Work_ctl00contentButton1' is clicked on

2019-11-01 15:18:02 - [TEST_STEP][PASSED] - "--------------------------------": null

2019-11-01 15:18:02 - [TEST_STEP][PASSED] - "  Wait for FInal Page Load      |": null

2019-11-01 15:18:02 - [TEST_STEP][PASSED] - waitForPageLoad(60): Wait for page load successfully

2019-11-01 15:18:02 - [MESSAGE][PASSED] - Wait for page load successfully

2019-11-01 15:18:02 - [MESSAGE][PASSED] - Call Test Case 'Test Cases/Reusable_Test_Sequences/Give_Feedback/Further_Infomation/Further_Information' successfully

2019-11-01 15:18:02 - [TEST_STEP][PASSED] - "--------------------------------------": null

2019-11-01 15:18:02 - [TEST_STEP][PASSED] - " Thank You! (page 5) Processing       |": null

2019-11-01 15:18:02 - [TEST_STEP][PASSED] - callTestCase(findTestCase("Reusable_Test_Sequences/Give_Feedback/Final_Page"), [:], CONTINUE_ON_FAILURE): Call Test Case 'Test Cases/Reusable_Test_Sequences/Give_Feedback/Final_Page' successfully

2019-11-01 15:18:02 - [TEST_CASE][PASSED] - Test Cases/Reusable_Test_Sequences/Give_Feedback/Final_Page: Test Cases/Reusable_Test_Sequences/Give_Feedback/Final_Page

2019-11-01 15:18:02 - [TEST_STEP][PASSED] - waitForPageLoad(2): Wait for page load successfully

2019-11-01 15:18:02 - [MESSAGE][PASSED] - Wait for page load successfully

2019-11-01 15:18:02 - [TEST_STEP][PASSED] - "--------------------------------": null

2019-11-01 15:18:02 - [TEST_STEP][PASSED] - "Read data from spreadsheet      |": null

2019-11-01 15:18:02 - [TEST_STEP][PASSED] - data = findTestData("Data Files/Give_Feedback (1)"): null

2019-11-01 15:18:02 - [TEST_STEP][PASSED] - Account_Verification_Name = data.getValue("Account_Verification_Name", row): null

2019-11-01 15:18:02 - [TEST_STEP][PASSED] - YE_Recommend = data.getValue("YE_Recommendations", row): null

2019-11-01 15:18:02 - [TEST_STEP][PASSED] - YE_Work_Carried_Out = data.getValue("YE_Work_Carried_Out", row): null

2019-11-01 15:18:02 - [TEST_STEP][PASSED] - waitForElementVisible(findTestObject("Object Repository/New Folder/Page_Checkatrade Give your feedback/a_Finish"), 25): Object 'Object Repository/New Folder/Page_Checkatrade Give your feedback/a_Finish' is visible

2019-11-01 15:18:02 - [MESSAGE][PASSED] - Object 'Object Repository/New Folder/Page_Checkatrade Give your feedback/a_Finish' is visible

2019-11-01 15:18:02 - [TEST_STEP][PASSED] - "------------------------------------": null

2019-11-01 15:18:02 - [TEST_STEP][PASSED] - "  Verify Page Detail                |": null

2019-11-01 15:18:02 - [TEST_STEP][PASSED] - if (YE_Recommend == "Yes"): null

2019-11-01 15:18:02 - [TEST_STEP][PASSED] - else if (YE_Recommend == "No" && YE_Work_Carried_Out == "No"): Text 'We are very sorry that you have had a bad experience' is present on page 

2019-11-01 15:18:02 - [TEST_STEP][PASSED] - verifyTextPresent("We are very sorry that you have had a bad experience", false): Text 'We are very sorry that you have had a bad experience' is present on page 

2019-11-01 15:18:02 - [MESSAGE][PASSED] - Text 'We are very sorry that you have had a bad experience' is present on page 

2019-11-01 15:18:02 - [TEST_STEP][PASSED] - verifyTextPresent("Thank you", true): Text 'Thank you' is present on page  using regular expression

2019-11-01 15:18:02 - [MESSAGE][PASSED] - Text 'Thank you' is present on page  using regular expression

2019-11-01 15:18:02 - [TEST_STEP][PASSED] - "------------------------------------": null

2019-11-01 15:18:02 - [TEST_STEP][PASSED] - "  Hit Finish                        |": null

2019-11-01 15:18:02 - [TEST_STEP][PASSED] - click(findTestObject("Object Repository/New Folder/Page_Checkatrade Give your feedback/a_Finish")): Object: 'Object Repository/New Folder/Page_Checkatrade Give your feedback/a_Finish' is clicked on

2019-11-01 15:18:03 - [MESSAGE][PASSED] - Object: 'Object Repository/New Folder/Page_Checkatrade Give your feedback/a_Finish' is clicked on

2019-11-01 15:18:03 - [MESSAGE][PASSED] - Call Test Case 'Test Cases/Reusable_Test_Sequences/Give_Feedback/Final_Page' successfully

2019-11-01 15:18:03 - [TEST_STEP][PASSED] - "--------------------------------------": null

2019-11-01 15:18:03 - [TEST_STEP][PASSED] - "  Verify Return to Home Page          |": null

2019-11-01 15:18:03 - [TEST_STEP][PASSED] - callTestCase(findTestCase("Reusable_Test_Sequences/CAT_Home"), [:], CONTINUE_ON_FAILURE): Call Test Case 'Test Cases/Reusable_Test_Sequences/CAT_Home' successfully

2019-11-01 15:18:03 - [TEST_CASE][PASSED] - Test Cases/Reusable_Test_Sequences/CAT_Home: Test Cases/Reusable_Test_Sequences/CAT_Home

2019-11-01 15:18:03 - [TEST_STEP][PASSED] - waitForPageLoad(2): Wait for page load successfully

2019-11-01 15:18:03 - [MESSAGE][PASSED] - Wait for page load successfully

2019-11-01 15:18:03 - [TEST_STEP][PASSED] - waitForElementVisible(findTestObject("Object Repository/Checkatrade_Trade_Search_Page/Page_Checkatrade Find a tradesperson you can trust/a_Search"), 10): Object 'Object Repository/Checkatrade_Trade_Search_Page/Page_Checkatrade Find a tradesperson you can trust/a_Search' is visible

2019-11-01 15:18:03 - [MESSAGE][PASSED] - Object 'Object Repository/Checkatrade_Trade_Search_Page/Page_Checkatrade Find a tradesperson you can trust/a_Search' is visible

2019-11-01 15:18:03 - [TEST_STEP][PASSED] - "------------------------------------": null

2019-11-01 15:18:03 - [TEST_STEP][PASSED] - verifyTextPresent("Helping you find the right trade or service", false): Text 'Helping you find the right trade or service' is present on page 

2019-11-01 15:18:04 - [MESSAGE][PASSED] - Text 'Helping you find the right trade or service' is present on page 

2019-11-01 15:18:04 - [TEST_STEP][PASSED] - verifyTextPresent("Search through over", false): Text 'Search through over' is present on page 

2019-11-01 15:18:04 - [MESSAGE][PASSED] - Text 'Search through over' is present on page 

2019-11-01 15:18:04 - [TEST_STEP][PASSED] - verifyTextPresent("recommended, vetted and monitored trades and service providers for free.", false): Text 'recommended, vetted and monitored trades and service providers for free.' is present on page 

2019-11-01 15:18:04 - [MESSAGE][PASSED] - Text 'recommended, vetted and monitored trades and service providers for free.' is present on page 

2019-11-01 15:18:04 - [TEST_STEP][PASSED] - verifyTextPresent("or look up a member by name", false): Text 'or look up a member by name' is present on page 

2019-11-01 15:18:05 - [MESSAGE][PASSED] - Text 'or look up a member by name' is present on page 

2019-11-01 15:18:05 - [TEST_STEP][PASSED] - verifyTextPresent("reviews published so far – thank you!", false): Text 'reviews published so far – thank you!' is present on page 

2019-11-01 15:18:05 - [MESSAGE][PASSED] - Text 'reviews published so far – thank you!' is present on page 

2019-11-01 15:18:05 - [TEST_STEP][PASSED] - CurrentUrl = getUrl(): Current window's url is: 'https://www.preview.checkatrade.com/'

2019-11-01 15:18:05 - [MESSAGE][PASSED] - Current window's url is: 'https://www.preview.checkatrade.com/'

2019-11-01 15:18:05 - [TEST_STEP][PASSED] - if (CurrentUrl == URL): null

2019-11-01 15:18:05 - [TEST_STEP][PASSED] - out.println("We have been redirected, correctly back to home URL" + URL): null

2019-11-01 15:18:05 - [MESSAGE][PASSED] - Call Test Case 'Test Cases/Reusable_Test_Sequences/CAT_Home' successfully

2019-11-01 15:18:05 - [TEST_STEP][PASSED] - "--------------------------------------": null

2019-11-01 15:18:05 - [TEST_STEP][PASSED] - " Processing Completion                |": null

2019-11-01 15:18:05 - [TEST_STEP][PASSED] - "--------------------------------------": null

2019-11-01 15:18:05 - [TEST_STEP][PASSED] - "--------------------------": null

2019-11-01 15:18:05 - [TEST_STEP][PASSED] - " Teardown - CLose Browser |": null

2019-11-01 15:18:05 - [TEST_STEP][PASSED] - callTestCase(findTestCase("Reusable_Test_Sequences/CAT_Teardown"), [:], OPTIONAL): Call Test Case 'Test Cases/Reusable_Test_Sequences/CAT_Teardown' successfully

2019-11-01 15:18:05 - [TEST_CASE][PASSED] - Test Cases/Reusable_Test_Sequences/CAT_Teardown: Test Cases/Reusable_Test_Sequences/CAT_Teardown

2019-11-01 15:18:05 - [TEST_STEP][PASSED] - closeBrowser(): Browser is closed

2019-11-01 15:18:07 - [MESSAGE][PASSED] - Browser is closed

2019-11-01 15:18:07 - [MESSAGE][PASSED] - Call Test Case 'Test Cases/Reusable_Test_Sequences/CAT_Teardown' successfully]]></system-out>
         <system-err><![CDATA[2019-11-01 15:13:42 - [TEST_CASE][FAILED] - Test Cases/Give_Feedback/Give_Feedback: Test Cases/Give_Feedback/Give_Feedback FAILED.
Reason:
com.kms.katalon.core.exception.StepFailedException: Unable to call Test Case 'Test Cases/Reusable_Test_Sequences/CAT_Home' (Root cause: com.kms.katalon.core.exception.StepFailedException: Call Test Case 'Test Cases/Reusable_Test_Sequences/CAT_Home' failed
	at com.kms.katalon.core.keyword.builtin.CallTestCaseKeyword$_callTestCase_closure1.doCall(CallTestCaseKeyword.groovy:63)
	at com.kms.katalon.core.keyword.builtin.CallTestCaseKeyword$_callTestCase_closure1.call(CallTestCaseKeyword.groovy)
	at com.kms.katalon.core.keyword.internal.KeywordMain.runKeyword(KeywordMain.groovy:68)
	at com.kms.katalon.core.keyword.builtin.CallTestCaseKeyword.callTestCase(CallTestCaseKeyword.groovy:81)
	at com.kms.katalon.core.keyword.builtin.CallTestCaseKeyword.execute(CallTestCaseKeyword.groovy:44)
	at com.kms.katalon.core.keyword.internal.KeywordExecutor.executeKeywordForPlatform(KeywordExecutor.groovy:60)
	at com.kms.katalon.core.keyword.BuiltinKeywords.callTestCase(BuiltinKeywords.groovy:334)
	at Give_Feedback.run(Give_Feedback:117)
	at com.kms.katalon.core.main.ScriptEngine.run(ScriptEngine.java:194)
	at com.kms.katalon.core.main.ScriptEngine.runScriptAsRawText(ScriptEngine.java:119)
	at com.kms.katalon.core.main.TestCaseExecutor.runScript(TestCaseExecutor.java:337)
	at com.kms.katalon.core.main.TestCaseExecutor.doExecute(TestCaseExecutor.java:328)
	at com.kms.katalon.core.main.TestCaseExecutor.processExecutionPhase(TestCaseExecutor.java:307)
	at com.kms.katalon.core.main.TestCaseExecutor.accessMainPhase(TestCaseExecutor.java:299)
	at com.kms.katalon.core.main.TestCaseExecutor.execute(TestCaseExecutor.java:233)
	at com.kms.katalon.core.main.TestSuiteExecutor.accessTestCaseMainPhase(TestSuiteExecutor.java:169)
	at com.kms.katalon.core.main.TestSuiteExecutor.accessTestSuiteMainPhase(TestSuiteExecutor.java:142)
	at com.kms.katalon.core.main.TestSuiteExecutor.execute(TestSuiteExecutor.java:91)
	at com.kms.katalon.core.main.TestCaseMain.startTestSuite(TestCaseMain.java:157)
	at com.kms.katalon.core.main.TestCaseMain$startTestSuite$0.call(Unknown Source)
	at TempTestSuite1572621097330.run(TempTestSuite1572621097330.groovy:36)
Caused by: com.kms.katalon.core.exception.StepFailedException: Text 'Helping you find the right trade or service' is not present on page  (Root cause: com.kms.katalon.core.exception.StepFailedException: Text 'Helping you find the right trade or service' is not present on page 
	at com.kms.katalon.core.webui.keyword.internal.WebUIKeywordMain.stepFailed(WebUIKeywordMain.groovy:64)
	at com.kms.katalon.core.webui.keyword.builtin.VerifyTextPresentKeyword$_verifyTextPresent_closure1.doCall(VerifyTextPresentKeyword.groovy:79)
	at com.kms.katalon.core.webui.keyword.builtin.VerifyTextPresentKeyword$_verifyTextPresent_closure1.call(VerifyTextPresentKeyword.groovy)
	at com.kms.katalon.core.webui.keyword.internal.WebUIKeywordMain.runKeyword(WebUIKeywordMain.groovy:20)
	at com.kms.katalon.core.webui.keyword.builtin.VerifyTextPresentKeyword.verifyTextPresent(VerifyTextPresentKeyword.groovy:83)
	at com.kms.katalon.core.webui.keyword.builtin.VerifyTextPresentKeyword.execute(VerifyTextPresentKeyword.groovy:68)
	at com.kms.katalon.core.keyword.internal.KeywordExecutor.executeKeywordForPlatform(KeywordExecutor.groovy:60)
	at com.kms.katalon.core.webui.keyword.WebUiBuiltInKeywords.verifyTextPresent(WebUiBuiltInKeywords.groovy:1693)
	at com.kms.katalon.core.webui.keyword.WebUiBuiltInKeywords$verifyTextPresent$6.call(Unknown Source)
	at CAT_Home.run(CAT_Home:61)
	at com.kms.katalon.core.main.ScriptEngine.run(ScriptEngine.java:194)
	at com.kms.katalon.core.main.ScriptEngine.runScriptAsRawText(ScriptEngine.java:119)
	at com.kms.katalon.core.main.TestCaseExecutor.runScript(TestCaseExecutor.java:337)
	at com.kms.katalon.core.main.TestCaseExecutor.doExecute(TestCaseExecutor.java:328)
	at com.kms.katalon.core.main.TestCaseExecutor.processExecutionPhase(TestCaseExecutor.java:307)
	at com.kms.katalon.core.main.TestCaseExecutor.accessMainPhase(TestCaseExecutor.java:299)
	at com.kms.katalon.core.main.TestCaseExecutor.execute(TestCaseExecutor.java:233)
	at com.kms.katalon.core.main.TestCaseMain.runTestCase(TestCaseMain.java:114)
	at com.kms.katalon.core.keyword.builtin.CallTestCaseKeyword$_callTestCase_closure1.doCall(CallTestCaseKeyword.groovy:59)
	at com.kms.katalon.core.keyword.builtin.CallTestCaseKeyword$_callTestCase_closure1.call(CallTestCaseKeyword.groovy)
	at com.kms.katalon.core.keyword.internal.KeywordMain.runKeyword(KeywordMain.groovy:68)
	at com.kms.katalon.core.keyword.builtin.CallTestCaseKeyword.callTestCase(CallTestCaseKeyword.groovy:81)
	at com.kms.katalon.core.keyword.builtin.CallTestCaseKeyword.execute(CallTestCaseKeyword.groovy:44)
	at com.kms.katalon.core.keyword.internal.KeywordExecutor.executeKeywordForPlatform(KeywordExecutor.groovy:60)
	at com.kms.katalon.core.keyword.BuiltinKeywords.callTestCase(BuiltinKeywords.groovy:334)
	at Give_Feedback.run(Give_Feedback:117)
	at com.kms.katalon.core.main.ScriptEngine.run(ScriptEngine.java:194)
	at com.kms.katalon.core.main.ScriptEngine.runScriptAsRawText(ScriptEngine.java:119)
	at com.kms.katalon.core.main.TestCaseExecutor.runScript(TestCaseExecutor.java:337)
	at com.kms.katalon.core.main.TestCaseExecutor.doExecute(TestCaseExecutor.java:328)
	at com.kms.katalon.core.main.TestCaseExecutor.processExecutionPhase(TestCaseExecutor.java:307)
	at com.kms.katalon.core.main.TestCaseExecutor.accessMainPhase(TestCaseExecutor.java:299)
	at com.kms.katalon.core.main.TestCaseExecutor.execute(TestCaseExecutor.java:233)
	at com.kms.katalon.core.main.TestSuiteExecutor.accessTestCaseMainPhase(TestSuiteExecutor.java:169)
	at com.kms.katalon.core.main.TestSuiteExecutor.accessTestSuiteMainPhase(TestSuiteExecutor.java:142)
	at com.kms.katalon.core.main.TestSuiteExecutor.execute(TestSuiteExecutor.java:91)
	at com.kms.katalon.core.main.TestCaseMain.startTestSuite(TestCaseMain.java:157)
	at com.kms.katalon.core.main.TestCaseMain$startTestSuite$0.call(Unknown Source)
	at TempTestSuite1572621097330.run(TempTestSuite1572621097330.groovy:36)
)
	at com.kms.katalon.core.keyword.internal.KeywordMain.stepFailed(KeywordMain.groovy:39)
	at com.kms.katalon.core.webui.keyword.internal.WebUIKeywordMain.stepFailed(WebUIKeywordMain.groovy:64)
	at com.kms.katalon.core.webui.keyword.builtin.VerifyTextPresentKeyword$_verifyTextPresent_closure1.doCall(VerifyTextPresentKeyword.groovy:79)
	at com.kms.katalon.core.webui.keyword.builtin.VerifyTextPresentKeyword$_verifyTextPresent_closure1.call(VerifyTextPresentKeyword.groovy)
	at com.kms.katalon.core.webui.keyword.internal.WebUIKeywordMain.runKeyword(WebUIKeywordMain.groovy:20)
	at com.kms.katalon.core.webui.keyword.builtin.VerifyTextPresentKeyword.verifyTextPresent(VerifyTextPresentKeyword.groovy:83)
	at com.kms.katalon.core.webui.keyword.builtin.VerifyTextPresentKeyword.execute(VerifyTextPresentKeyword.groovy:68)
	at com.kms.katalon.core.keyword.internal.KeywordExecutor.executeKeywordForPlatform(KeywordExecutor.groovy:60)
	at com.kms.katalon.core.webui.keyword.WebUiBuiltInKeywords.verifyTextPresent(WebUiBuiltInKeywords.groovy:1693)
	at com.kms.katalon.core.webui.keyword.WebUiBuiltInKeywords$verifyTextPresent$6.call(Unknown Source)
	at CAT_Home.run(CAT_Home:61)
	at com.kms.katalon.core.main.ScriptEngine.run(ScriptEngine.java:194)
	at com.kms.katalon.core.main.ScriptEngine.runScriptAsRawText(ScriptEngine.java:119)
	at com.kms.katalon.core.main.TestCaseExecutor.runScript(TestCaseExecutor.java:337)
	at com.kms.katalon.core.main.TestCaseExecutor.doExecute(TestCaseExecutor.java:328)
	at com.kms.katalon.core.main.TestCaseExecutor.processExecutionPhase(TestCaseExecutor.java:307)
	at com.kms.katalon.core.main.TestCaseExecutor.accessMainPhase(TestCaseExecutor.java:299)
	at com.kms.katalon.core.main.TestCaseExecutor.execute(TestCaseExecutor.java:233)
	at com.kms.katalon.core.main.TestCaseMain.runTestCase(TestCaseMain.java:114)
	at com.kms.katalon.core.keyword.builtin.CallTestCaseKeyword$_callTestCase_closure1.doCall(CallTestCaseKeyword.groovy:59)
	... 20 more
Caused by: com.kms.katalon.core.exception.StepFailedException: Text 'Helping you find the right trade or service' is not present on page 
	... 39 more
)
	at com.kms.katalon.core.keyword.internal.KeywordMain.stepFailed(KeywordMain.groovy:39)
	at com.kms.katalon.core.keyword.internal.KeywordMain.stepFailed(KeywordMain.groovy)
	at com.kms.katalon.core.keyword.internal.KeywordMain.runKeyword(KeywordMain.groovy:70)
	at com.kms.katalon.core.keyword.builtin.CallTestCaseKeyword.callTestCase(CallTestCaseKeyword.groovy:81)
	at com.kms.katalon.core.keyword.builtin.CallTestCaseKeyword.execute(CallTestCaseKeyword.groovy:44)
	at com.kms.katalon.core.keyword.internal.KeywordExecutor.executeKeywordForPlatform(KeywordExecutor.groovy:60)
	at com.kms.katalon.core.keyword.BuiltinKeywords.callTestCase(BuiltinKeywords.groovy:334)
	at Give_Feedback.run(Give_Feedback:117)
	at com.kms.katalon.core.main.ScriptEngine.run(ScriptEngine.java:194)
	at com.kms.katalon.core.main.ScriptEngine.runScriptAsRawText(ScriptEngine.java:119)
	at com.kms.katalon.core.main.TestCaseExecutor.runScript(TestCaseExecutor.java:337)
	at com.kms.katalon.core.main.TestCaseExecutor.doExecute(TestCaseExecutor.java:328)
	at com.kms.katalon.core.main.TestCaseExecutor.processExecutionPhase(TestCaseExecutor.java:307)
	at com.kms.katalon.core.main.TestCaseExecutor.accessMainPhase(TestCaseExecutor.java:299)
	at com.kms.katalon.core.main.TestCaseExecutor.execute(TestCaseExecutor.java:233)
	at com.kms.katalon.core.main.TestSuiteExecutor.accessTestCaseMainPhase(TestSuiteExecutor.java:169)
	at com.kms.katalon.core.main.TestSuiteExecutor.accessTestSuiteMainPhase(TestSuiteExecutor.java:142)
	at com.kms.katalon.core.main.TestSuiteExecutor.execute(TestSuiteExecutor.java:91)
	at com.kms.katalon.core.main.TestCaseMain.startTestSuite(TestCaseMain.java:157)
	at com.kms.katalon.core.main.TestCaseMain$startTestSuite$0.call(Unknown Source)
	at TempTestSuite1572621097330.run(TempTestSuite1572621097330.groovy:36)
Caused by: com.kms.katalon.core.exception.StepFailedException: Call Test Case 'Test Cases/Reusable_Test_Sequences/CAT_Home' failed
	at com.kms.katalon.core.keyword.builtin.CallTestCaseKeyword$_callTestCase_closure1.doCall(CallTestCaseKeyword.groovy:63)
	at com.kms.katalon.core.keyword.builtin.CallTestCaseKeyword$_callTestCase_closure1.call(CallTestCaseKeyword.groovy)
	at com.kms.katalon.core.keyword.internal.KeywordMain.runKeyword(KeywordMain.groovy:68)
	... 18 more
Caused by: com.kms.katalon.core.exception.StepFailedException: Text 'Helping you find the right trade or service' is not present on page  (Root cause: com.kms.katalon.core.exception.StepFailedException: Text 'Helping you find the right trade or service' is not present on page 
	at com.kms.katalon.core.webui.keyword.internal.WebUIKeywordMain.stepFailed(WebUIKeywordMain.groovy:64)
	at com.kms.katalon.core.webui.keyword.builtin.VerifyTextPresentKeyword$_verifyTextPresent_closure1.doCall(VerifyTextPresentKeyword.groovy:79)
	at com.kms.katalon.core.webui.keyword.builtin.VerifyTextPresentKeyword$_verifyTextPresent_closure1.call(VerifyTextPresentKeyword.groovy)
	at com.kms.katalon.core.webui.keyword.internal.WebUIKeywordMain.runKeyword(WebUIKeywordMain.groovy:20)
	at com.kms.katalon.core.webui.keyword.builtin.VerifyTextPresentKeyword.verifyTextPresent(VerifyTextPresentKeyword.groovy:83)
	at com.kms.katalon.core.webui.keyword.builtin.VerifyTextPresentKeyword.execute(VerifyTextPresentKeyword.groovy:68)
	at com.kms.katalon.core.keyword.internal.KeywordExecutor.executeKeywordForPlatform(KeywordExecutor.groovy:60)
	at com.kms.katalon.core.webui.keyword.WebUiBuiltInKeywords.verifyTextPresent(WebUiBuiltInKeywords.groovy:1693)
	at com.kms.katalon.core.webui.keyword.WebUiBuiltInKeywords$verifyTextPresent$6.call(Unknown Source)
	at CAT_Home.run(CAT_Home:61)
	at com.kms.katalon.core.main.ScriptEngine.run(ScriptEngine.java:194)
	at com.kms.katalon.core.main.ScriptEngine.runScriptAsRawText(ScriptEngine.java:119)
	at com.kms.katalon.core.main.TestCaseExecutor.runScript(TestCaseExecutor.java:337)
	at com.kms.katalon.core.main.TestCaseExecutor.doExecute(TestCaseExecutor.java:328)
	at com.kms.katalon.core.main.TestCaseExecutor.processExecutionPhase(TestCaseExecutor.java:307)
	at com.kms.katalon.core.main.TestCaseExecutor.accessMainPhase(TestCaseExecutor.java:299)
	at com.kms.katalon.core.main.TestCaseExecutor.execute(TestCaseExecutor.java:233)
	at com.kms.katalon.core.main.TestCaseMain.runTestCase(TestCaseMain.java:114)
	at com.kms.katalon.core.keyword.builtin.CallTestCaseKeyword$_callTestCase_closure1.doCall(CallTestCaseKeyword.groovy:59)
	at com.kms.katalon.core.keyword.builtin.CallTestCaseKeyword$_callTestCase_closure1.call(CallTestCaseKeyword.groovy)
	at com.kms.katalon.core.keyword.internal.KeywordMain.runKeyword(KeywordMain.groovy:68)
	at com.kms.katalon.core.keyword.builtin.CallTestCaseKeyword.callTestCase(CallTestCaseKeyword.groovy:81)
	at com.kms.katalon.core.keyword.builtin.CallTestCaseKeyword.execute(CallTestCaseKeyword.groovy:44)
	at com.kms.katalon.core.keyword.internal.KeywordExecutor.executeKeywordForPlatform(KeywordExecutor.groovy:60)
	at com.kms.katalon.core.keyword.BuiltinKeywords.callTestCase(BuiltinKeywords.groovy:334)
	at Give_Feedback.run(Give_Feedback:117)
	at com.kms.katalon.core.main.ScriptEngine.run(ScriptEngine.java:194)
	at com.kms.katalon.core.main.ScriptEngine.runScriptAsRawText(ScriptEngine.java:119)
	at com.kms.katalon.core.main.TestCaseExecutor.runScript(TestCaseExecutor.java:337)
	at com.kms.katalon.core.main.TestCaseExecutor.doExecute(TestCaseExecutor.java:328)
	at com.kms.katalon.core.main.TestCaseExecutor.processExecutionPhase(TestCaseExecutor.java:307)
	at com.kms.katalon.core.main.TestCaseExecutor.accessMainPhase(TestCaseExecutor.java:299)
	at com.kms.katalon.core.main.TestCaseExecutor.execute(TestCaseExecutor.java:233)
	at com.kms.katalon.core.main.TestSuiteExecutor.accessTestCaseMainPhase(TestSuiteExecutor.java:169)
	at com.kms.katalon.core.main.TestSuiteExecutor.accessTestSuiteMainPhase(TestSuiteExecutor.java:142)
	at com.kms.katalon.core.main.TestSuiteExecutor.execute(TestSuiteExecutor.java:91)
	at com.kms.katalon.core.main.TestCaseMain.startTestSuite(TestCaseMain.java:157)
	at com.kms.katalon.core.main.TestCaseMain$startTestSuite$0.call(Unknown Source)
	at TempTestSuite1572621097330.run(TempTestSuite1572621097330.groovy:36)
)
	at com.kms.katalon.core.keyword.internal.KeywordMain.stepFailed(KeywordMain.groovy:39)
	at com.kms.katalon.core.webui.keyword.internal.WebUIKeywordMain.stepFailed(WebUIKeywordMain.groovy:64)
	at com.kms.katalon.core.webui.keyword.builtin.VerifyTextPresentKeyword$_verifyTextPresent_closure1.doCall(VerifyTextPresentKeyword.groovy:79)
	at com.kms.katalon.core.webui.keyword.builtin.VerifyTextPresentKeyword$_verifyTextPresent_closure1.call(VerifyTextPresentKeyword.groovy)
	at com.kms.katalon.core.webui.keyword.internal.WebUIKeywordMain.runKeyword(WebUIKeywordMain.groovy:20)
	at com.kms.katalon.core.webui.keyword.builtin.VerifyTextPresentKeyword.verifyTextPresent(VerifyTextPresentKeyword.groovy:83)
	at com.kms.katalon.core.webui.keyword.builtin.VerifyTextPresentKeyword.execute(VerifyTextPresentKeyword.groovy:68)
	at com.kms.katalon.core.keyword.internal.KeywordExecutor.executeKeywordForPlatform(KeywordExecutor.groovy:60)
	at com.kms.katalon.core.webui.keyword.WebUiBuiltInKeywords.verifyTextPresent(WebUiBuiltInKeywords.groovy:1693)
	at com.kms.katalon.core.webui.keyword.WebUiBuiltInKeywords$verifyTextPresent$6.call(Unknown Source)
	at CAT_Home.run(CAT_Home:61)
	at com.kms.katalon.core.main.ScriptEngine.run(ScriptEngine.java:194)
	at com.kms.katalon.core.main.ScriptEngine.runScriptAsRawText(ScriptEngine.java:119)
	at com.kms.katalon.core.main.TestCaseExecutor.runScript(TestCaseExecutor.java:337)
	at com.kms.katalon.core.main.TestCaseExecutor.doExecute(TestCaseExecutor.java:328)
	at com.kms.katalon.core.main.TestCaseExecutor.processExecutionPhase(TestCaseExecutor.java:307)
	at com.kms.katalon.core.main.TestCaseExecutor.accessMainPhase(TestCaseExecutor.java:299)
	at com.kms.katalon.core.main.TestCaseExecutor.execute(TestCaseExecutor.java:233)
	at com.kms.katalon.core.main.TestCaseMain.runTestCase(TestCaseMain.java:114)
	at com.kms.katalon.core.keyword.builtin.CallTestCaseKeyword$_callTestCase_closure1.doCall(CallTestCaseKeyword.groovy:59)
	... 20 more
Caused by: com.kms.katalon.core.exception.StepFailedException: Text 'Helping you find the right trade or service' is not present on page 
	... 39 more]]></system-err>
      </testcase>
      <testcase name="Test Cases/Give_Feedback/Give_Feedback_Validation" time="59.544" classname="Test Cases/Give_Feedback/Give_Feedback_Validation" status="PASSED">
         <system-out><![CDATA[2019-11-01 15:18:07 - [TEST_CASE][PASSED] - Test Cases/Give_Feedback/Give_Feedback_Validation: Test Cases/Give_Feedback/Give_Feedback_Validation

2019-11-01 15:18:07 - [TEST_STEP][PASSED] - for ([row = 1, row <= findTestData("Give_Feedback (1)").getRowNumbers(), (internal.GlobalVariable.row++)]): null

2019-11-01 15:18:07 - [TEST_STEP][PASSED] - "--------------------------": null

2019-11-01 15:18:07 - [TEST_STEP][PASSED] - " Break Out of FOR Loop    |": null

2019-11-01 15:18:07 - [TEST_STEP][PASSED] - if (row > 1): null

2019-11-01 15:18:07 - [TEST_STEP][PASSED] - callTestCase(findTestCase("Reusable_Test_Sequences/CAT_Setup"), [:], OPTIONAL): Call Test Case 'Test Cases/Reusable_Test_Sequences/CAT_Setup' successfully

2019-11-01 15:18:07 - [TEST_CASE][PASSED] - Test Cases/Reusable_Test_Sequences/CAT_Setup: Test Cases/Reusable_Test_Sequences/CAT_Setup

2019-11-01 15:18:07 - [TEST_STEP][PASSED] - "URL - Set from the ENVIRONMENT PROFILE ": null

2019-11-01 15:18:07 - [TEST_STEP][PASSED] - openBrowser(URL): Browser is opened with url: 'https://www.preview.checkatrade.com/'

2019-11-01 15:18:07 - [MESSAGE][INFO] - Starting 'Firefox' driver

2019-11-01 15:18:14 - [MESSAGE][PASSED] - Browser is opened with url: 'https://www.preview.checkatrade.com/'

2019-11-01 15:18:14 - [TEST_STEP][PASSED] - maximizeWindow(): Current window maximized

2019-11-01 15:18:14 - [MESSAGE][PASSED] - Current window maximized

2019-11-01 15:18:14 - [TEST_STEP][PASSED] - waitForPageLoad(60): Wait for page load successfully

2019-11-01 15:18:14 - [MESSAGE][PASSED] - Wait for page load successfully

2019-11-01 15:18:14 - [TEST_STEP][PASSED] - waitForElementVisible(findTestObject("Page_Checkatrade Find a tradesperson you can trust/a_Search"), 25): Object 'Object Repository/Page_Checkatrade Find a tradesperson you can trust/a_Search' is visible

2019-11-01 15:18:14 - [MESSAGE][PASSED] - Object 'Object Repository/Page_Checkatrade Find a tradesperson you can trust/a_Search' is visible

2019-11-01 15:18:14 - [TEST_STEP][PASSED] - try: null

2019-11-01 15:18:14 - [TEST_STEP][PASSED] - if (verifyElementPresent(findTestObject("Page_Checkatrade Find a tradesperson you can trust/div_close"), 1, OPTIONAL)): null

2019-11-01 15:18:14 - [MESSAGE][PASSED] - Object 'Object Repository/Page_Checkatrade Find a tradesperson you can trust/div_close' is present

2019-11-01 15:18:14 - [TEST_STEP][PASSED] - click(findTestObject("Page_Checkatrade Find a tradesperson you can trust/div_close")): Object: 'Object Repository/Page_Checkatrade Find a tradesperson you can trust/div_close' is clicked on

2019-11-01 15:18:15 - [MESSAGE][PASSED] - Object: 'Object Repository/Page_Checkatrade Find a tradesperson you can trust/div_close' is clicked on

2019-11-01 15:18:15 - [TEST_STEP][PASSED] - "---------------------------------": null

2019-11-01 15:18:15 - [TEST_STEP][PASSED] - "COOKIE POPOUT REMOVED - Confirmed": null

2019-11-01 15:18:15 - [TEST_STEP][PASSED] - delay(1): Delayed 1 second(s)

2019-11-01 15:18:16 - [MESSAGE][PASSED] - Delayed 1 second(s)

2019-11-01 15:18:16 - [TEST_STEP][PASSED] - verifyTextNotPresent("Checkatrade.com uses cookies to make sure you get the best browsing experience", false): Text 'Checkatrade.com uses cookies to make sure you get the best browsing experience' is not present on page

2019-11-01 15:18:16 - [MESSAGE][PASSED] - Text 'Checkatrade.com uses cookies to make sure you get the best browsing experience' is not present on page

2019-11-01 15:18:16 - [TEST_STEP][PASSED] - try: null

2019-11-01 15:18:16 - [TEST_STEP][PASSED] - if (verifyElementPresent(findTestObject("Page_Checkatrade Find a tradesperson you can trust/div_close_1"), 1, OPTIONAL)): null

2019-11-01 15:18:16 - [MESSAGE][PASSED] - Object 'Object Repository/Page_Checkatrade Find a tradesperson you can trust/div_close_1' is present

2019-11-01 15:18:16 - [TEST_STEP][PASSED] - click(findTestObject("Page_Checkatrade Find a tradesperson you can trust/div_close_1")): Object: 'Object Repository/Page_Checkatrade Find a tradesperson you can trust/div_close_1' is clicked on

2019-11-01 15:18:17 - [MESSAGE][PASSED] - Object: 'Object Repository/Page_Checkatrade Find a tradesperson you can trust/div_close_1' is clicked on

2019-11-01 15:18:17 - [TEST_STEP][PASSED] - "---------------------------------": null

2019-11-01 15:18:17 - [TEST_STEP][PASSED] - "PRIVACY POPOUT REMOVED - Confirmed": null

2019-11-01 15:18:17 - [TEST_STEP][PASSED] - delay(1): Delayed 1 second(s)

2019-11-01 15:18:18 - [MESSAGE][PASSED] - Delayed 1 second(s)

2019-11-01 15:18:18 - [TEST_STEP][PASSED] - verifyTextNotPresent("We have updated our Privacy Policy, please review this", false): Text 'We have updated our Privacy Policy, please review this' is not present on page

2019-11-01 15:18:18 - [MESSAGE][PASSED] - Text 'We have updated our Privacy Policy, please review this' is not present on page

2019-11-01 15:18:18 - [MESSAGE][PASSED] - Call Test Case 'Test Cases/Reusable_Test_Sequences/CAT_Setup' successfully

2019-11-01 15:18:18 - [TEST_STEP][PASSED] - "-----------------------------------------------------": null

2019-11-01 15:18:18 - [TEST_STEP][PASSED] - " Hit the <Give Feedback> link in the header banner   |": null

2019-11-01 15:18:18 - [TEST_STEP][PASSED] - callTestCase(findTestCase("Reusable_Test_Sequences/Banner_Menu/Give_Feedback"), [:], CONTINUE_ON_FAILURE): Call Test Case 'Test Cases/Reusable_Test_Sequences/Banner_Menu/Give_Feedback' successfully

2019-11-01 15:18:18 - [TEST_CASE][PASSED] - Test Cases/Reusable_Test_Sequences/Banner_Menu/Give_Feedback: Test Cases/Reusable_Test_Sequences/Banner_Menu/Give_Feedback

2019-11-01 15:18:18 - [TEST_STEP][PASSED] - click(findTestObject("Object Repository/Page_Checkatrade Find a tradesperson you can trust/a_Give feedback")): Object: 'Object Repository/Page_Checkatrade Find a tradesperson you can trust/a_Give feedback' is clicked on

2019-11-01 15:18:19 - [MESSAGE][PASSED] - Object: 'Object Repository/Page_Checkatrade Find a tradesperson you can trust/a_Give feedback' is clicked on

2019-11-01 15:18:19 - [TEST_STEP][PASSED] - waitForElementVisible(findTestObject("Page_Give_Feedback_Enhanced_OBJ_Repo/Page_Checkatrade Give your feedback/input_Which member do you want to review_feedback-form__company_autocomplete_input"), 25): Object 'Object Repository/Page_Give_Feedback_Enhanced_OBJ_Repo/Page_Checkatrade Give your feedback/input_Which member do you want to review_feedback-form__company_autocomplete_input' is visible

2019-11-01 15:18:19 - [MESSAGE][PASSED] - Object 'Object Repository/Page_Give_Feedback_Enhanced_OBJ_Repo/Page_Checkatrade Give your feedback/input_Which member do you want to review_feedback-form__company_autocomplete_input' is visible

2019-11-01 15:18:19 - [TEST_STEP][PASSED] - verifyTextPresent("Give your feedback", false): Text 'Give your feedback' is present on page 

2019-11-01 15:18:20 - [MESSAGE][PASSED] - Text 'Give your feedback' is present on page 

2019-11-01 15:18:20 - [TEST_STEP][PASSED] - verifyTextPresent("Which member do you want to review?", false): Text 'Which member do you want to review?' is present on page 

2019-11-01 15:18:20 - [MESSAGE][PASSED] - Text 'Which member do you want to review?' is present on page 

2019-11-01 15:18:20 - [MESSAGE][PASSED] - Call Test Case 'Test Cases/Reusable_Test_Sequences/Banner_Menu/Give_Feedback' successfully

2019-11-01 15:18:20 - [TEST_STEP][PASSED] - "-----------------------------------------------------": null

2019-11-01 15:18:20 - [TEST_STEP][PASSED] - " Enter Member Trade Name OR Checkatrade ID To Review |": null

2019-11-01 15:18:20 - [TEST_STEP][PASSED] - callTestCase(findTestCase("Reusable_Test_Sequences/Give_Feedback/Which_Member_to_Review"), [:], CONTINUE_ON_FAILURE): Call Test Case 'Test Cases/Reusable_Test_Sequences/Give_Feedback/Which_Member_to_Review' successfully

2019-11-01 15:18:20 - [TEST_CASE][PASSED] - Test Cases/Reusable_Test_Sequences/Give_Feedback/Which_Member_to_Review: Test Cases/Reusable_Test_Sequences/Give_Feedback/Which_Member_to_Review

2019-11-01 15:18:20 - [TEST_STEP][PASSED] - waitForPageLoad(60): Wait for page load successfully

2019-11-01 15:18:20 - [MESSAGE][PASSED] - Wait for page load successfully

2019-11-01 15:18:20 - [TEST_STEP][PASSED] - waitForElementPresent(findTestObject("Object Repository/Page_Checkatrade Give your feedback/input_Which member do you want to review"), 25): Object 'Object Repository/Page_Checkatrade Give your feedback/input_Which member do you want to review' is present

2019-11-01 15:18:20 - [MESSAGE][PASSED] - Object 'Object Repository/Page_Checkatrade Give your feedback/input_Which member do you want to review' is present

2019-11-01 15:18:20 - [TEST_STEP][PASSED] - setText(findTestObject("Object Repository/Page_Checkatrade Give your feedback/input_Which member do you want to review"), findTestData("Give_Feedback (1)").getValue("Account_Verification_Name", row)): Text 'Test Account' is set on object 'Object Repository/Page_Checkatrade Give your feedback/input_Which member do you want to review'

2019-11-01 15:18:21 - [MESSAGE][PASSED] - Text 'Test Account' is set on object 'Object Repository/Page_Checkatrade Give your feedback/input_Which member do you want to review'

2019-11-01 15:18:21 - [TEST_STEP][PASSED] - delay(1): Delayed 1 second(s)

2019-11-01 15:18:22 - [MESSAGE][PASSED] - Delayed 1 second(s)

2019-11-01 15:18:22 - [TEST_STEP][PASSED] - "Submit the search criteria using click     |": null

2019-11-01 15:18:22 - [TEST_STEP][PASSED] - waitForElementPresent(findTestObject("Object Repository/Page_Checkatrade Give your feedback/div_Which member do you want to review"), 25): Object 'Object Repository/Page_Checkatrade Give your feedback/div_Which member do you want to review' is present

2019-11-01 15:18:22 - [MESSAGE][PASSED] - Object 'Object Repository/Page_Checkatrade Give your feedback/div_Which member do you want to review' is present

2019-11-01 15:18:22 - [TEST_STEP][PASSED] - try: Object: 'Object Repository/Page_Checkatrade Give your feedback/div_Which member do you want to review' is clicked on

2019-11-01 15:18:22 - [TEST_STEP][PASSED] - "Try Catch Included 14/08/2019 - Sometimes the Trader isnt returned?   |": null

2019-11-01 15:18:22 - [TEST_STEP][PASSED] - click(findTestObject("Page_Checkatrade Give your feedback/div_Which member do you want to review")): Object: 'Object Repository/Page_Checkatrade Give your feedback/div_Which member do you want to review' is clicked on

2019-11-01 15:18:23 - [MESSAGE][PASSED] - Object: 'Object Repository/Page_Checkatrade Give your feedback/div_Which member do you want to review' is clicked on

2019-11-01 15:18:23 - [MESSAGE][PASSED] - Call Test Case 'Test Cases/Reusable_Test_Sequences/Give_Feedback/Which_Member_to_Review' successfully

2019-11-01 15:18:23 - [TEST_STEP][PASSED] - "--------------------------------------": null

2019-11-01 15:18:23 - [TEST_STEP][PASSED] - " Your Experience (page 1) Validation  |": null

2019-11-01 15:18:23 - [TEST_STEP][PASSED] - "--------------------------------------": null

2019-11-01 15:18:23 - [TEST_STEP][PASSED] - "--------------------------------------": null

2019-11-01 15:18:23 - [TEST_STEP][PASSED] - " Your Experience (page 1) Processing  |": null

2019-11-01 15:18:23 - [TEST_STEP][PASSED] - callTestCase(findTestCase("Reusable_Test_Sequences/Give_Feedback/Your_Experience/Your_Experience_Validation"), [:], CONTINUE_ON_FAILURE): Call Test Case 'Test Cases/Reusable_Test_Sequences/Give_Feedback/Your_Experience/Your_Experience_Validation' successfully

2019-11-01 15:18:23 - [TEST_CASE][PASSED] - Test Cases/Reusable_Test_Sequences/Give_Feedback/Your_Experience/Your_Experience_Validation: Test Cases/Reusable_Test_Sequences/Give_Feedback/Your_Experience/Your_Experience_Validation

2019-11-01 15:18:23 - [TEST_STEP][PASSED] - "---------------------------------------------------------------------------------------": null

2019-11-01 15:18:23 - [TEST_STEP][PASSED] - " Your Experience (page 1) Returned with Recommendation Selection Set to Yes (Default)  |": null

2019-11-01 15:18:23 - [TEST_STEP][PASSED] - "---------------------------------------------------------------------------------------": null

2019-11-01 15:18:23 - [TEST_STEP][PASSED] - "---------------------------------------------------------------------------------------": null

2019-11-01 15:18:23 - [TEST_STEP][PASSED] - " Your Experience (page 1) Hit <Next> Button to Trigger Validation> Messages            |": null

2019-11-01 15:18:23 - [TEST_STEP][PASSED] - callTestCase(findTestCase("Reusable_Test_Sequences/Give_Feedback/Hit_Next"), [:], CONTINUE_ON_FAILURE): Call Test Case 'Test Cases/Reusable_Test_Sequences/Give_Feedback/Hit_Next' successfully

2019-11-01 15:18:23 - [TEST_CASE][PASSED] - Test Cases/Reusable_Test_Sequences/Give_Feedback/Hit_Next: Test Cases/Reusable_Test_Sequences/Give_Feedback/Hit_Next

2019-11-01 15:18:23 - [TEST_STEP][PASSED] - click(findTestObject("Object Repository/Page_Checkatrade Give your feedback/input_No_ctl00contentButton4")): Object: 'Object Repository/Page_Checkatrade Give your feedback/input_No_ctl00contentButton4' is clicked on

2019-11-01 15:18:23 - [MESSAGE][PASSED] - Object: 'Object Repository/Page_Checkatrade Give your feedback/input_No_ctl00contentButton4' is clicked on

2019-11-01 15:18:23 - [TEST_STEP][PASSED] - waitForPageLoad(2): Wait for page load successfully

2019-11-01 15:18:23 - [MESSAGE][PASSED] - Wait for page load successfully

2019-11-01 15:18:23 - [MESSAGE][PASSED] - Call Test Case 'Test Cases/Reusable_Test_Sequences/Give_Feedback/Hit_Next' successfully

2019-11-01 15:18:23 - [TEST_STEP][PASSED] - "---------------------------------------------------------------------------------------": null

2019-11-01 15:18:23 - [TEST_STEP][PASSED] - " Your Experience (page 1) Verify Validation> Messages                                  |": null

2019-11-01 15:18:23 - [TEST_STEP][PASSED] - callTestCase(findTestCase("Reusable_Test_Sequences/Give_Feedback/Validation/Please_Select_An_Answer"), [:], CONTINUE_ON_FAILURE): Call Test Case 'Test Cases/Reusable_Test_Sequences/Give_Feedback/Validation/Please_Select_An_Answer' successfully

2019-11-01 15:18:24 - [TEST_CASE][PASSED] - Test Cases/Reusable_Test_Sequences/Give_Feedback/Validation/Please_Select_An_Answer: Test Cases/Reusable_Test_Sequences/Give_Feedback/Validation/Please_Select_An_Answer

2019-11-01 15:18:24 - [TEST_STEP][PASSED] - verifyTextPresent("Please select an answer", false): Text 'Please select an answer' is present on page 

2019-11-01 15:18:24 - [MESSAGE][PASSED] - Text 'Please select an answer' is present on page 

2019-11-01 15:18:24 - [MESSAGE][PASSED] - Call Test Case 'Test Cases/Reusable_Test_Sequences/Give_Feedback/Validation/Please_Select_An_Answer' successfully

2019-11-01 15:18:24 - [TEST_STEP][PASSED] - "---------------------------------------------------------------------------------------": null

2019-11-01 15:18:24 - [TEST_STEP][PASSED] - " Your Experience (page 1) Recomment this trader?                                       |": null

2019-11-01 15:18:24 - [TEST_STEP][PASSED] - callTestCase(findTestCase("Reusable_Test_Sequences/Give_Feedback/Your_Experience/Recommendation_Selection"), [:], CONTINUE_ON_FAILURE): Call Test Case 'Test Cases/Reusable_Test_Sequences/Give_Feedback/Your_Experience/Recommendation_Selection' successfully

2019-11-01 15:18:24 - [TEST_CASE][PASSED] - Test Cases/Reusable_Test_Sequences/Give_Feedback/Your_Experience/Recommendation_Selection: Test Cases/Reusable_Test_Sequences/Give_Feedback/Your_Experience/Recommendation_Selection

2019-11-01 15:18:24 - [TEST_STEP][PASSED] - data = findTestData("Data Files/Give_Feedback (1)"): null

2019-11-01 15:18:24 - [TEST_STEP][PASSED] - YE_Recommend = data.getValue("YE_Recommendations", row): null

2019-11-01 15:18:24 - [TEST_STEP][PASSED] - "--------------------------------": null

2019-11-01 15:18:24 - [TEST_STEP][PASSED] - "Read data from spreadsheet      |": null

2019-11-01 15:18:24 - [TEST_STEP][PASSED] - "--------------------------------": null

2019-11-01 15:18:24 - [TEST_STEP][PASSED] - "--------------------------------": null

2019-11-01 15:18:24 - [TEST_STEP][PASSED] - "Set Recommendation - Yes or No  |": null

2019-11-01 15:18:24 - [TEST_STEP][PASSED] - if (YE_Recommend == "Yes"): Wait for page load successfully

2019-11-01 15:18:24 - [TEST_STEP][PASSED] - "-----------------------------------------------------------": null

2019-11-01 15:18:24 - [TEST_STEP][PASSED] - " Selected by Default - ReSelecting causes a tool exception |": null

2019-11-01 15:18:24 - [TEST_STEP][PASSED] - " No need to re-select - RESOLVED                           |": null

2019-11-01 15:18:24 - [TEST_STEP][PASSED] - click(findTestObject("Object Repository/Feedback/Page_Checkatrade Give your feedback/Page_Checkatrade Give your feedback/span_Yes")): Object: 'Object Repository/Feedback/Page_Checkatrade Give your feedback/Page_Checkatrade Give your feedback/span_Yes' is clicked on

2019-11-01 15:18:24 - [MESSAGE][PASSED] - Object: 'Object Repository/Feedback/Page_Checkatrade Give your feedback/Page_Checkatrade Give your feedback/span_Yes' is clicked on

2019-11-01 15:18:24 - [TEST_STEP][PASSED] - waitForPageLoad(2): Wait for page load successfully

2019-11-01 15:18:24 - [MESSAGE][PASSED] - Wait for page load successfully

2019-11-01 15:18:24 - [TEST_STEP][PASSED] - out.println("Your Experience, Recommendation, Click on the <" + YE_Recommend + "> Option Button "): null

2019-11-01 15:18:24 - [TEST_STEP][PASSED] - waitForPageLoad(60): Wait for page load successfully

2019-11-01 15:18:24 - [MESSAGE][PASSED] - Wait for page load successfully

2019-11-01 15:18:24 - [MESSAGE][PASSED] - Call Test Case 'Test Cases/Reusable_Test_Sequences/Give_Feedback/Your_Experience/Recommendation_Selection' successfully

2019-11-01 15:18:24 - [TEST_STEP][PASSED] - "---------------------------------------------------------------------------------------": null

2019-11-01 15:18:24 - [TEST_STEP][PASSED] - " Your Experience (page 1) Estimation/Quotation Accuracy?                               |": null

2019-11-01 15:18:24 - [TEST_STEP][PASSED] - callTestCase(findTestCase("Reusable_Test_Sequences/Give_Feedback/Your_Experience/Quotation_Selection"), [:], CONTINUE_ON_FAILURE): Call Test Case 'Test Cases/Reusable_Test_Sequences/Give_Feedback/Your_Experience/Quotation_Selection' successfully

2019-11-01 15:18:24 - [TEST_CASE][PASSED] - Test Cases/Reusable_Test_Sequences/Give_Feedback/Your_Experience/Quotation_Selection: Test Cases/Reusable_Test_Sequences/Give_Feedback/Your_Experience/Quotation_Selection

2019-11-01 15:18:24 - [TEST_STEP][PASSED] - "-----------------------": null

2019-11-01 15:18:24 - [TEST_STEP][PASSED] - "Check DEFAULT Setting  |     Default Setting - Nothing Selected": null

2019-11-01 15:18:24 - [TEST_STEP][PASSED] - "-----------------------": null

2019-11-01 15:18:24 - [TEST_STEP][PASSED] - "--------------------------------": null

2019-11-01 15:18:24 - [TEST_STEP][PASSED] - "Read data from spreadsheet      |": null

2019-11-01 15:18:24 - [TEST_STEP][PASSED] - data = findTestData("Data Files/Give_Feedback (1)"): null

2019-11-01 15:18:24 - [TEST_STEP][PASSED] - YE_Estimate = data.getValue("YE_Estimate", row): null

2019-11-01 15:18:24 - [TEST_STEP][PASSED] - "--------------------------------": null

2019-11-01 15:18:24 - [TEST_STEP][PASSED] - "Read data from spreadsheet      |": null

2019-11-01 15:18:24 - [TEST_STEP][PASSED] - out.println("Your Experience, Estimate Accuracy, Click on the " + YE_Estimate + " Option Button "): null

2019-11-01 15:18:24 - [TEST_STEP][PASSED] - "---------------------------------------------------------------------------------------------------------------------------------------------------": null

2019-11-01 15:18:24 - [TEST_STEP][PASSED] - "Set Quotation - Agreed_estimate -OR- Additional_work -OR- More_than_agreed_price_informed -OR- More_than_agreed_price_not_informed -OR- No_estimate|": null

2019-11-01 15:18:24 - [TEST_STEP][PASSED] - "---------------------------------------------------------------------------------------------------------------------------------------------------": null

2019-11-01 15:18:24 - [TEST_STEP][PASSED] - "-------------------------------------------------": null

2019-11-01 15:18:24 - [TEST_STEP][PASSED] - if (YE_Estimate == "Agreed_price"): Wait for page load successfully

2019-11-01 15:18:24 - [TEST_STEP][PASSED] - click(findTestObject("Object Repository/Page_Checkatrade Give your feedback/span_The agreed price")): Object: 'Object Repository/Page_Checkatrade Give your feedback/span_The agreed price' is clicked on

2019-11-01 15:18:25 - [MESSAGE][PASSED] - Object: 'Object Repository/Page_Checkatrade Give your feedback/span_The agreed price' is clicked on

2019-11-01 15:18:25 - [TEST_STEP][PASSED] - waitForPageLoad(2): Wait for page load successfully

2019-11-01 15:18:25 - [MESSAGE][PASSED] - Wait for page load successfully

2019-11-01 15:18:25 - [TEST_STEP][PASSED] - "-------------------------------------------------": null

2019-11-01 15:18:25 - [TEST_STEP][PASSED] - if (YE_Estimate == "Additional_work"): null

2019-11-01 15:18:25 - [TEST_STEP][PASSED] - "-----------------------------------------------------------------------": null

2019-11-01 15:18:25 - [TEST_STEP][PASSED] - if (YE_Estimate == "More_than_agreed_price_informed"): null

2019-11-01 15:18:25 - [TEST_STEP][PASSED] - "-----------------------------------------------------------------------": null

2019-11-01 15:18:25 - [TEST_STEP][PASSED] - if (YE_Estimate == "More_than_agreed_price_not_informed"): null

2019-11-01 15:18:25 - [TEST_STEP][PASSED] - "-----------------------------------------------------------------------": null

2019-11-01 15:18:25 - [TEST_STEP][PASSED] - if (YE_Estimate == "No_estimate"): null

2019-11-01 15:18:25 - [TEST_STEP][PASSED] - out.println("Your Experience, Estimate Accuracy, Click on the " + YE_Estimate + " Option Button "): null

2019-11-01 15:18:25 - [MESSAGE][PASSED] - Call Test Case 'Test Cases/Reusable_Test_Sequences/Give_Feedback/Your_Experience/Quotation_Selection' successfully

2019-11-01 15:18:25 - [TEST_STEP][PASSED] - "---------------------------------------------------------------------------------------": null

2019-11-01 15:18:25 - [TEST_STEP][PASSED] - " Your Experience (page 1) Knowledge of Feedback Process?                               |": null

2019-11-01 15:18:25 - [TEST_STEP][PASSED] - callTestCase(findTestCase("Reusable_Test_Sequences/Give_Feedback/Your_Experience/Feedback_Knowledge"), [:], CONTINUE_ON_FAILURE): Call Test Case 'Test Cases/Reusable_Test_Sequences/Give_Feedback/Your_Experience/Feedback_Knowledge' successfully

2019-11-01 15:18:25 - [TEST_CASE][PASSED] - Test Cases/Reusable_Test_Sequences/Give_Feedback/Your_Experience/Feedback_Knowledge: Test Cases/Reusable_Test_Sequences/Give_Feedback/Your_Experience/Feedback_Knowledge

2019-11-01 15:18:25 - [TEST_STEP][PASSED] - "--------------------------------": null

2019-11-01 15:18:25 - [TEST_STEP][PASSED] - "Read data from spreadsheet      |": null

2019-11-01 15:18:25 - [TEST_STEP][PASSED] - data = findTestData("Data Files/Give_Feedback (1)"): null

2019-11-01 15:18:25 - [TEST_STEP][PASSED] - YE_Feedback_Knowledge = data.getValue("YE_Feedback_Knowledge", row): null

2019-11-01 15:18:25 - [TEST_STEP][PASSED] - out.println("Your Experience, Feedback Knowledge, Click on the " + YE_Feedback_Knowledge + " Option Button "): null

2019-11-01 15:18:25 - [TEST_STEP][PASSED] - "------------------------------------------------": null

2019-11-01 15:18:25 - [TEST_STEP][PASSED] - "Set Knowledge of feedback process? - Yes or No  |": null

2019-11-01 15:18:25 - [TEST_STEP][PASSED] - if (YE_Feedback_Knowledge == "Yes"): Wait for page load successfully

2019-11-01 15:18:25 - [TEST_STEP][PASSED] - click(findTestObject("Page_Checkatrade Give your feedback/span_Yes - Copy")): Object: 'Object Repository/Page_Checkatrade Give your feedback/span_Yes - Copy' is clicked on

2019-11-01 15:18:25 - [MESSAGE][PASSED] - Object: 'Object Repository/Page_Checkatrade Give your feedback/span_Yes - Copy' is clicked on

2019-11-01 15:18:25 - [TEST_STEP][PASSED] - waitForPageLoad(2): Wait for page load successfully

2019-11-01 15:18:25 - [MESSAGE][PASSED] - Wait for page load successfully

2019-11-01 15:18:25 - [TEST_STEP][PASSED] - out.println("Your Experience, Feedback Knowledge, Click on the <" + YE_Feedback_Knowledge + "> Option Button "): null

2019-11-01 15:18:25 - [MESSAGE][PASSED] - Call Test Case 'Test Cases/Reusable_Test_Sequences/Give_Feedback/Your_Experience/Feedback_Knowledge' successfully

2019-11-01 15:18:25 - [TEST_STEP][PASSED] - "---------------------------------------------------------------------------------------": null

2019-11-01 15:18:25 - [TEST_STEP][PASSED] - " Your Experience (page 1) Hit <Next> Button to Continue to <Your Scores>- (page 2)     |": null

2019-11-01 15:18:25 - [TEST_STEP][PASSED] - callTestCase(findTestCase("Reusable_Test_Sequences/Give_Feedback/Hit_Next"), [:], CONTINUE_ON_FAILURE): Call Test Case 'Test Cases/Reusable_Test_Sequences/Give_Feedback/Hit_Next' successfully

2019-11-01 15:18:25 - [TEST_CASE][PASSED] - Test Cases/Reusable_Test_Sequences/Give_Feedback/Hit_Next: Test Cases/Reusable_Test_Sequences/Give_Feedback/Hit_Next

2019-11-01 15:18:26 - [TEST_STEP][PASSED] - click(findTestObject("Object Repository/Page_Checkatrade Give your feedback/input_No_ctl00contentButton4")): Object: 'Object Repository/Page_Checkatrade Give your feedback/input_No_ctl00contentButton4' is clicked on

2019-11-01 15:18:26 - [MESSAGE][PASSED] - Object: 'Object Repository/Page_Checkatrade Give your feedback/input_No_ctl00contentButton4' is clicked on

2019-11-01 15:18:26 - [TEST_STEP][PASSED] - waitForPageLoad(2): Wait for page load successfully

2019-11-01 15:18:26 - [MESSAGE][PASSED] - Wait for page load successfully

2019-11-01 15:18:26 - [MESSAGE][PASSED] - Call Test Case 'Test Cases/Reusable_Test_Sequences/Give_Feedback/Hit_Next' successfully

2019-11-01 15:18:26 - [MESSAGE][PASSED] - Call Test Case 'Test Cases/Reusable_Test_Sequences/Give_Feedback/Your_Experience/Your_Experience_Validation' successfully

2019-11-01 15:18:26 - [TEST_STEP][PASSED] - "--------------------------------------": null

2019-11-01 15:18:26 - [TEST_STEP][PASSED] - " Your Scores (page 2) Validation      |": null

2019-11-01 15:18:26 - [TEST_STEP][PASSED] - "--------------------------------------": null

2019-11-01 15:18:26 - [TEST_STEP][PASSED] - "--------------------------------------": null

2019-11-01 15:18:26 - [TEST_STEP][PASSED] - " Your Scores (page 2) Processing      |": null

2019-11-01 15:18:26 - [TEST_STEP][PASSED] - callTestCase(findTestCase("Reusable_Test_Sequences/Give_Feedback/Your_Scores/Your_Scores_Validation"), [:], CONTINUE_ON_FAILURE): Call Test Case 'Test Cases/Reusable_Test_Sequences/Give_Feedback/Your_Scores/Your_Scores_Validation' successfully

2019-11-01 15:18:26 - [TEST_CASE][PASSED] - Test Cases/Reusable_Test_Sequences/Give_Feedback/Your_Scores/Your_Scores_Validation: Test Cases/Reusable_Test_Sequences/Give_Feedback/Your_Scores/Your_Scores_Validation

2019-11-01 15:18:27 - [TEST_STEP][PASSED] - "-------------------------------": null

2019-11-01 15:18:27 - [TEST_STEP][PASSED] - "Trigger Validation             |": null

2019-11-01 15:18:27 - [TEST_STEP][PASSED] - scrollToPosition(250, 0): Browser is scrolled to position x = 250, y = 0

2019-11-01 15:18:27 - [MESSAGE][PASSED] - Browser is scrolled to position x = 250, y = 0

2019-11-01 15:18:27 - [TEST_STEP][PASSED] - waitForPageLoad(1): Wait for page load successfully

2019-11-01 15:18:27 - [MESSAGE][PASSED] - Wait for page load successfully

2019-11-01 15:18:27 - [TEST_STEP][PASSED] - click(findTestObject("Object Repository/Page_Checkatrade Give your feedback/input_No_ctl00contentButton6")): Object: 'Object Repository/Page_Checkatrade Give your feedback/input_No_ctl00contentButton6' is clicked on

2019-11-01 15:18:27 - [MESSAGE][PASSED] - Object: 'Object Repository/Page_Checkatrade Give your feedback/input_No_ctl00contentButton6' is clicked on

2019-11-01 15:18:27 - [TEST_STEP][PASSED] - waitForPageLoad(1): Wait for page load successfully

2019-11-01 15:18:27 - [MESSAGE][PASSED] - Wait for page load successfully

2019-11-01 15:18:27 - [TEST_STEP][PASSED] - "---------------------------------------------------------------------------------------": null

2019-11-01 15:18:27 - [TEST_STEP][PASSED] - " Your Experience (page 2) Verify Validation> Messages - Score Trader 0 thru 10         |": null

2019-11-01 15:18:27 - [TEST_STEP][PASSED] - callTestCase(findTestCase("Reusable_Test_Sequences/Give_Feedback/Validation/Score_Trader"), [:], CONTINUE_ON_FAILURE): Call Test Case 'Test Cases/Reusable_Test_Sequences/Give_Feedback/Validation/Score_Trader' successfully

2019-11-01 15:18:28 - [TEST_CASE][PASSED] - Test Cases/Reusable_Test_Sequences/Give_Feedback/Validation/Score_Trader: Test Cases/Reusable_Test_Sequences/Give_Feedback/Validation/Score_Trader

2019-11-01 15:18:28 - [TEST_STEP][PASSED] - verifyTextPresent("Score trader from 0 (lowest) to 10 (highest)", false): Text 'Score trader from 0 (lowest) to 10 (highest)' is present on page 

2019-11-01 15:18:28 - [MESSAGE][PASSED] - Text 'Score trader from 0 (lowest) to 10 (highest)' is present on page 

2019-11-01 15:18:28 - [MESSAGE][PASSED] - Call Test Case 'Test Cases/Reusable_Test_Sequences/Give_Feedback/Validation/Score_Trader' successfully

2019-11-01 15:18:28 - [TEST_STEP][PASSED] - "---------------------------------------------------------------------------------------": null

2019-11-01 15:18:28 - [TEST_STEP][PASSED] - " Your Experience (page 2) Verify Validation> Messages - This Field Is Required         |": null

2019-11-01 15:18:28 - [TEST_STEP][PASSED] - callTestCase(findTestCase("Reusable_Test_Sequences/TRADES_Application/Validation/This_Field_Is_Required"), [:], CONTINUE_ON_FAILURE): Call Test Case 'Test Cases/Reusable_Test_Sequences/TRADES_Application/Validation/This_Field_Is_Required' successfully

2019-11-01 15:18:28 - [TEST_CASE][PASSED] - Test Cases/Reusable_Test_Sequences/TRADES_Application/Validation/This_Field_Is_Required: Test Cases/Reusable_Test_Sequences/TRADES_Application/Validation/This_Field_Is_Required

2019-11-01 15:18:28 - [TEST_STEP][PASSED] - verifyTextPresent("This field is required", false): Text 'This field is required' is present on page 

2019-11-01 15:18:29 - [MESSAGE][PASSED] - Text 'This field is required' is present on page 

2019-11-01 15:18:29 - [MESSAGE][PASSED] - Call Test Case 'Test Cases/Reusable_Test_Sequences/TRADES_Application/Validation/This_Field_Is_Required' successfully

2019-11-01 15:18:29 - [TEST_STEP][PASSED] - "---------------------------------------------------------------------------------------": null

2019-11-01 15:18:29 - [TEST_STEP][PASSED] - " Your Experience (page 2) Verify Validation> Messages - Please Select An Answer        |": null

2019-11-01 15:18:29 - [TEST_STEP][PASSED] - callTestCase(findTestCase("Reusable_Test_Sequences/Give_Feedback/Validation/Please_Select_An_Answer"), [:], CONTINUE_ON_FAILURE): Call Test Case 'Test Cases/Reusable_Test_Sequences/Give_Feedback/Validation/Please_Select_An_Answer' successfully

2019-11-01 15:18:29 - [TEST_CASE][PASSED] - Test Cases/Reusable_Test_Sequences/Give_Feedback/Validation/Please_Select_An_Answer: Test Cases/Reusable_Test_Sequences/Give_Feedback/Validation/Please_Select_An_Answer

2019-11-01 15:18:29 - [TEST_STEP][PASSED] - verifyTextPresent("Please select an answer", false): Text 'Please select an answer' is present on page 

2019-11-01 15:18:29 - [MESSAGE][PASSED] - Text 'Please select an answer' is present on page 

2019-11-01 15:18:29 - [MESSAGE][PASSED] - Call Test Case 'Test Cases/Reusable_Test_Sequences/Give_Feedback/Validation/Please_Select_An_Answer' successfully

2019-11-01 15:18:29 - [TEST_STEP][PASSED] - "------------------------------------------------------------------------------------------": null

2019-11-01 15:18:29 - [TEST_STEP][PASSED] - " Your Scores (page 2) Returned with 2 Main Sections - <Your Scores> and <Details of Work> |": null

2019-11-01 15:18:29 - [TEST_STEP][PASSED] - "                                     Standard of Work Listbox Selection, NA, 0 through 10 |": null

2019-11-01 15:18:29 - [TEST_STEP][PASSED] - waitForPageLoad(1): Wait for page load successfully

2019-11-01 15:18:29 - [MESSAGE][PASSED] - Wait for page load successfully

2019-11-01 15:18:29 - [TEST_STEP][PASSED] - callTestCase(findTestCase("Reusable_Test_Sequences/Give_Feedback/Your_Scores/Your_Scores_List_Box_Selection"), [:], CONTINUE_ON_FAILURE): Call Test Case 'Test Cases/Reusable_Test_Sequences/Give_Feedback/Your_Scores/Your_Scores_List_Box_Selection' successfully

2019-11-01 15:18:29 - [TEST_CASE][PASSED] - Test Cases/Reusable_Test_Sequences/Give_Feedback/Your_Scores/Your_Scores_List_Box_Selection: Test Cases/Reusable_Test_Sequences/Give_Feedback/Your_Scores/Your_Scores_List_Box_Selection

2019-11-01 15:18:29 - [TEST_STEP][PASSED] - data = findTestData("Data Files/Give_Feedback (1)"): null

2019-11-01 15:18:29 - [TEST_STEP][PASSED] - YS_Tidiness = data.getValue("YS_Tidiness", row): null

2019-11-01 15:18:29 - [TEST_STEP][PASSED] - YS_Reliability = data.getValue("YS_Reliability", row): null

2019-11-01 15:18:29 - [TEST_STEP][PASSED] - YS_Courtesy = data.getValue("YS_Courtesy", row): null

2019-11-01 15:18:29 - [TEST_STEP][PASSED] - YS_Workmanship = data.getValue("YS_Workmanship", row): null

2019-11-01 15:18:29 - [TEST_STEP][PASSED] - "--------------------------------": null

2019-11-01 15:18:29 - [TEST_STEP][PASSED] - "Read data from spreadsheet      |": null

2019-11-01 15:18:29 - [TEST_STEP][PASSED] - "--------------------------------": null

2019-11-01 15:18:29 - [TEST_STEP][PASSED] - "------------------------------------------------------": null

2019-11-01 15:18:29 - [TEST_STEP][PASSED] - "Select Tidiness Value form List                       |": null

2019-11-01 15:18:29 - [TEST_STEP][PASSED] - selectOptionByValue(findTestObject("Page_Checkatrade Give your feedback/select_--YS_Tidiness"), YS_Tidiness, true): All options with value '10' are selected in object 'Object Repository/Page_Checkatrade Give your feedback/select_--YS_Tidiness'  using regular expression

2019-11-01 15:18:30 - [MESSAGE][PASSED] - All options with value '10' are selected in object 'Object Repository/Page_Checkatrade Give your feedback/select_--YS_Tidiness'  using regular expression

2019-11-01 15:18:30 - [TEST_STEP][PASSED] - "------------------------------------------------------": null

2019-11-01 15:18:30 - [TEST_STEP][PASSED] - "Select Reliability and Timekeeping Value form List    |": null

2019-11-01 15:18:30 - [TEST_STEP][PASSED] - selectOptionByValue(findTestObject("Page_Checkatrade Give your feedback/select_--YS_Reliability"), YS_Reliability, true): All options with value '10' are selected in object 'Object Repository/Page_Checkatrade Give your feedback/select_--YS_Reliability'  using regular expression

2019-11-01 15:18:30 - [MESSAGE][PASSED] - All options with value '10' are selected in object 'Object Repository/Page_Checkatrade Give your feedback/select_--YS_Reliability'  using regular expression

2019-11-01 15:18:30 - [TEST_STEP][PASSED] - "------------------------------------------------------": null

2019-11-01 15:18:30 - [TEST_STEP][PASSED] - "Select Courtesy Value form List                       |": null

2019-11-01 15:18:30 - [TEST_STEP][PASSED] - selectOptionByValue(findTestObject("Page_Checkatrade Give your feedback/select_--YS_Courtesy"), YS_Reliability, true): All options with value '10' are selected in object 'Object Repository/Page_Checkatrade Give your feedback/select_--YS_Courtesy'  using regular expression

2019-11-01 15:18:31 - [MESSAGE][PASSED] - All options with value '10' are selected in object 'Object Repository/Page_Checkatrade Give your feedback/select_--YS_Courtesy'  using regular expression

2019-11-01 15:18:31 - [TEST_STEP][PASSED] - "------------------------------------------------------": null

2019-11-01 15:18:31 - [TEST_STEP][PASSED] - "Select Quality and Workmanship Value form List        |": null

2019-11-01 15:18:31 - [TEST_STEP][PASSED] - selectOptionByValue(findTestObject("Page_Checkatrade Give your feedback/select_--YS_Workmanship"), YS_Workmanship, true): All options with value '10' are selected in object 'Object Repository/Page_Checkatrade Give your feedback/select_--YS_Workmanship'  using regular expression

2019-11-01 15:18:31 - [MESSAGE][PASSED] - All options with value '10' are selected in object 'Object Repository/Page_Checkatrade Give your feedback/select_--YS_Workmanship'  using regular expression

2019-11-01 15:18:31 - [MESSAGE][PASSED] - Call Test Case 'Test Cases/Reusable_Test_Sequences/Give_Feedback/Your_Scores/Your_Scores_List_Box_Selection' successfully

2019-11-01 15:18:31 - [TEST_STEP][PASSED] - "------------------------------------------------------------------------------------------": null

2019-11-01 15:18:31 - [TEST_STEP][PASSED] - " Your Scores (page 2) Returned with 2 Main Sections - <Your Scores> and <Details of Work> |": null

2019-11-01 15:18:31 - [TEST_STEP][PASSED] - " Details of Work Done - Form FIll<Description>,<Approx. date>,<How Long>, <Comments> and  |": null

2019-11-01 15:18:31 - [TEST_STEP][PASSED] - "                                                               <Feedback Publish Confirm> |": null

2019-11-01 15:18:31 - [TEST_STEP][PASSED] - callTestCase(findTestCase("Reusable_Test_Sequences/Give_Feedback/Your_Scores/Details_of_work_Done_Formfill"), [:], CONTINUE_ON_FAILURE): Call Test Case 'Test Cases/Reusable_Test_Sequences/Give_Feedback/Your_Scores/Details_of_work_Done_Formfill' successfully

2019-11-01 15:18:31 - [TEST_CASE][PASSED] - Test Cases/Reusable_Test_Sequences/Give_Feedback/Your_Scores/Details_of_work_Done_Formfill: Test Cases/Reusable_Test_Sequences/Give_Feedback/Your_Scores/Details_of_work_Done_Formfill

2019-11-01 15:18:31 - [TEST_STEP][PASSED] - data = findTestData("Data Files/Give_Feedback (1)"): null

2019-11-01 15:18:32 - [TEST_STEP][PASSED] - YS_Work_Description = data.getValue("YS_Work_Description", row): null

2019-11-01 15:18:32 - [TEST_STEP][PASSED] - YS_Work_Date = data.getValue("YS_Work_Date", row): null

2019-11-01 15:18:32 - [TEST_STEP][PASSED] - YS_Days_to_Complete = data.getValue("YS_Days_to_Complete", row): null

2019-11-01 15:18:32 - [TEST_STEP][PASSED] - YS_Work_Comments = data.getValue("YS_Work_Comments", row): null

2019-11-01 15:18:32 - [TEST_STEP][PASSED] - YS_Feedback_Published = data.getValue("YS_Feedback_Published", row): null

2019-11-01 15:18:32 - [TEST_STEP][PASSED] - "---------------------------------": null

2019-11-01 15:18:32 - [TEST_STEP][PASSED] - "Read data from spreadsheet       |": null

2019-11-01 15:18:32 - [TEST_STEP][PASSED] - "---------------------------------": null

2019-11-01 15:18:32 - [TEST_STEP][PASSED] - "---------------------------------": null

2019-11-01 15:18:32 - [TEST_STEP][PASSED] - "Brief description of work done   |": null

2019-11-01 15:18:32 - [TEST_STEP][PASSED] - setText(findTestObject("Object Repository/Page_Checkatrade Give your feedback/input_Brief description of work done_ctl00contenttbWorkDescription"), YS_Work_Description): Text 'New Test Toilet' is set on object 'Object Repository/Page_Checkatrade Give your feedback/input_Brief description of work done_ctl00contenttbWorkDescription'

2019-11-01 15:18:32 - [MESSAGE][PASSED] - Text 'New Test Toilet' is set on object 'Object Repository/Page_Checkatrade Give your feedback/input_Brief description of work done_ctl00contenttbWorkDescription'

2019-11-01 15:18:32 - [TEST_STEP][PASSED] - "---------------------------------": null

2019-11-01 15:18:32 - [TEST_STEP][PASSED] - "Date work was done (approx)      |": null

2019-11-01 15:18:32 - [TEST_STEP][PASSED] - "---------------------------------": null

2019-11-01 15:18:32 - [TEST_STEP][PASSED] - "---------------------------------": null

2019-11-01 15:18:32 - [TEST_STEP][PASSED] - "How many days did this job take? |": null

2019-11-01 15:18:32 - [TEST_STEP][PASSED] - setText(findTestObject("Object Repository/Page_Checkatrade Give your feedback/input_How many days did this job take"), YS_Days_to_Complete): Text '3' is set on object 'Object Repository/Page_Checkatrade Give your feedback/input_How many days did this job take'

2019-11-01 15:18:32 - [MESSAGE][PASSED] - Text '3' is set on object 'Object Repository/Page_Checkatrade Give your feedback/input_How many days did this job take'

2019-11-01 15:18:32 - [TEST_STEP][PASSED] - "---------------------------------": null

2019-11-01 15:18:32 - [TEST_STEP][PASSED] - "Your comments about the work     |": null

2019-11-01 15:18:32 - [TEST_STEP][PASSED] - setText(findTestObject("Object Repository/Page_Checkatrade Give your feedback/textarea_Your comments about the work_ctl00contenttbWorkComments"), YS_Work_Comments): Text 'Nice job' is set on object 'Object Repository/Page_Checkatrade Give your feedback/textarea_Your comments about the work_ctl00contenttbWorkComments'

2019-11-01 15:18:32 - [MESSAGE][PASSED] - Text 'Nice job' is set on object 'Object Repository/Page_Checkatrade Give your feedback/textarea_Your comments about the work_ctl00contenttbWorkComments'

2019-11-01 15:18:32 - [TEST_STEP][PASSED] - "---------------------------------------": null

2019-11-01 15:18:32 - [TEST_STEP][PASSED] - " Scroll Bottom of Page Into View       |": null

2019-11-01 15:18:32 - [TEST_STEP][PASSED] - "---------------------------------------": null

2019-11-01 15:18:32 - [TEST_STEP][PASSED] - "-----------------------------------------------------": null

2019-11-01 15:18:32 - [TEST_STEP][PASSED] - "Would you like your feedback published? - Yes or No  |": null

2019-11-01 15:18:32 - [TEST_STEP][PASSED] - if (YS_Feedback_Published == "Yes"): Wait for page load successfully

2019-11-01 15:18:32 - [TEST_STEP][PASSED] - waitForElementPresent(findTestObject("Feedback/Page_Checkatrade Give your feedback/span_Publish_Feedback_Yes"), 10): Object 'Object Repository/Feedback/Page_Checkatrade Give your feedback/span_Publish_Feedback_Yes' is present

2019-11-01 15:18:32 - [MESSAGE][PASSED] - Object 'Object Repository/Feedback/Page_Checkatrade Give your feedback/span_Publish_Feedback_Yes' is present

2019-11-01 15:18:32 - [TEST_STEP][PASSED] - click(findTestObject("Feedback/Page_Checkatrade Give your feedback/span_Publish_Feedback_Yes")): Object: 'Object Repository/Feedback/Page_Checkatrade Give your feedback/span_Publish_Feedback_Yes' is clicked on

2019-11-01 15:18:33 - [MESSAGE][PASSED] - Object: 'Object Repository/Feedback/Page_Checkatrade Give your feedback/span_Publish_Feedback_Yes' is clicked on

2019-11-01 15:18:33 - [TEST_STEP][PASSED] - waitForPageLoad(60): Wait for page load successfully

2019-11-01 15:18:33 - [MESSAGE][PASSED] - Wait for page load successfully

2019-11-01 15:18:33 - [TEST_STEP][PASSED] - out.println("Your Experience, Recommendation, Click on the " + YS_Feedback_Published + " Option Button "): null

2019-11-01 15:18:33 - [TEST_STEP][PASSED] - delay(1): Delayed 1 second(s)

2019-11-01 15:18:34 - [MESSAGE][PASSED] - Delayed 1 second(s)

2019-11-01 15:18:34 - [TEST_STEP][PASSED] - "---------------------------------": null

2019-11-01 15:18:34 - [TEST_STEP][PASSED] - "Your comments about the work     |": null

2019-11-01 15:18:34 - [TEST_STEP][PASSED] - click(findTestObject("Object Repository/Page_Checkatrade Give your feedback/input_No_ctl00contentButton6")): Object: 'Object Repository/Page_Checkatrade Give your feedback/input_No_ctl00contentButton6' is clicked on

2019-11-01 15:18:34 - [MESSAGE][PASSED] - Object: 'Object Repository/Page_Checkatrade Give your feedback/input_No_ctl00contentButton6' is clicked on

2019-11-01 15:18:34 - [MESSAGE][PASSED] - Call Test Case 'Test Cases/Reusable_Test_Sequences/Give_Feedback/Your_Scores/Details_of_work_Done_Formfill' successfully

2019-11-01 15:18:34 - [TEST_STEP][PASSED] - scrollToPosition(125, 0): Browser is scrolled to position x = 125, y = 0

2019-11-01 15:18:34 - [MESSAGE][PASSED] - Browser is scrolled to position x = 125, y = 0

2019-11-01 15:18:34 - [TEST_STEP][PASSED] - "------------------------------------------------------------------------------------------": null

2019-11-01 15:18:34 - [TEST_STEP][PASSED] - " Your Experience (page 2) Hit <Next> Button to Continue to <Your Details>- (page 3)       |": null

2019-11-01 15:18:34 - [TEST_STEP][PASSED] - try: null

2019-11-01 15:18:34 - [TEST_STEP][PASSED] - callTestCase(findTestCase("Reusable_Test_Sequences/Give_Feedback/Your_Scores/Hit_Next"), 1): null

2019-11-01 15:18:34 - [TEST_STEP][PASSED] - catch (Exception e): null

2019-11-01 15:18:34 - [MESSAGE][PASSED] - Call Test Case 'Test Cases/Reusable_Test_Sequences/Give_Feedback/Your_Scores/Your_Scores_Validation' successfully

2019-11-01 15:18:34 - [TEST_STEP][PASSED] - "--------------------------------------": null

2019-11-01 15:18:34 - [TEST_STEP][PASSED] - " Your Scores (page 3) Processing      |": null

2019-11-01 15:18:34 - [TEST_STEP][PASSED] - callTestCase(findTestCase("Reusable_Test_Sequences/Give_Feedback/Your_Details/Your_Details_Validation"), [:], CONTINUE_ON_FAILURE): Call Test Case 'Test Cases/Reusable_Test_Sequences/Give_Feedback/Your_Details/Your_Details_Validation' successfully

2019-11-01 15:18:34 - [TEST_CASE][PASSED] - Test Cases/Reusable_Test_Sequences/Give_Feedback/Your_Details/Your_Details_Validation: Test Cases/Reusable_Test_Sequences/Give_Feedback/Your_Details/Your_Details_Validation

2019-11-01 15:18:34 - [TEST_STEP][PASSED] - "------------------------------------------------": null

2019-11-01 15:18:34 - [TEST_STEP][PASSED] - "Trade  Customer Path Not Currently Implenmented |": null

2019-11-01 15:18:34 - [TEST_STEP][PASSED] - "------------------------------------------------": null

2019-11-01 15:18:34 - [TEST_STEP][PASSED] - "---------------------------------------------------------------------------------------": null

2019-11-01 15:18:34 - [TEST_STEP][PASSED] - " Your Details (page 3)                                                                 |": null

2019-11-01 15:18:34 - [TEST_STEP][PASSED] - "---------------------------------------------------------------------------------------": null

2019-11-01 15:18:34 - [TEST_STEP][PASSED] - "-------------------------------------": null

2019-11-01 15:18:34 - [TEST_STEP][PASSED] - " Submit Form - Trigger Validation    |": null

2019-11-01 15:18:34 - [TEST_STEP][PASSED] - waitForPageLoad(1): Wait for page load successfully

2019-11-01 15:18:34 - [MESSAGE][PASSED] - Wait for page load successfully

2019-11-01 15:18:34 - [TEST_STEP][PASSED] - scrollToPosition(250, 0): Browser is scrolled to position x = 250, y = 0

2019-11-01 15:18:34 - [MESSAGE][PASSED] - Browser is scrolled to position x = 250, y = 0

2019-11-01 15:18:34 - [TEST_STEP][PASSED] - waitForPageLoad(1): Wait for page load successfully

2019-11-01 15:18:34 - [MESSAGE][PASSED] - Wait for page load successfully

2019-11-01 15:18:34 - [TEST_STEP][PASSED] - click(findTestObject("Object Repository/Page_Checkatrade Give your feedback/input_here_ctl00contentButtonSubmit")): Object: 'Object Repository/Page_Checkatrade Give your feedback/input_here_ctl00contentButtonSubmit' is clicked on

2019-11-01 15:18:35 - [MESSAGE][PASSED] - Object: 'Object Repository/Page_Checkatrade Give your feedback/input_here_ctl00contentButtonSubmit' is clicked on

2019-11-01 15:18:35 - [TEST_STEP][PASSED] - "---------------------------------------------------------------------------------------": null

2019-11-01 15:18:35 - [TEST_STEP][PASSED] - " Your Experience (page 3) Verify Validation> Messages - This Field Is Required         |": null

2019-11-01 15:18:35 - [TEST_STEP][PASSED] - callTestCase(findTestCase("Reusable_Test_Sequences/TRADES_Application/Validation/This_Field_Is_Required"), [:], CONTINUE_ON_FAILURE): Call Test Case 'Test Cases/Reusable_Test_Sequences/TRADES_Application/Validation/This_Field_Is_Required' successfully

2019-11-01 15:18:35 - [TEST_CASE][PASSED] - Test Cases/Reusable_Test_Sequences/TRADES_Application/Validation/This_Field_Is_Required: Test Cases/Reusable_Test_Sequences/TRADES_Application/Validation/This_Field_Is_Required

2019-11-01 15:18:35 - [TEST_STEP][PASSED] - verifyTextPresent("This field is required", false): Text 'This field is required' is present on page 

2019-11-01 15:18:36 - [MESSAGE][PASSED] - Text 'This field is required' is present on page 

2019-11-01 15:18:36 - [MESSAGE][PASSED] - Call Test Case 'Test Cases/Reusable_Test_Sequences/TRADES_Application/Validation/This_Field_Is_Required' successfully

2019-11-01 15:18:36 - [TEST_STEP][PASSED] - "---------------------------------------------------------------------------------------": null

2019-11-01 15:18:36 - [TEST_STEP][PASSED] - " Your Experience (page 3) Verify Validation> Messages  - Please Supply Home Phone      |": null

2019-11-01 15:18:36 - [TEST_STEP][PASSED] - callTestCase(findTestCase("Reusable_Test_Sequences/Give_Feedback/Validation/Please_Supply_Home_Telephone_Number"), [:], CONTINUE_ON_FAILURE): Call Test Case 'Test Cases/Reusable_Test_Sequences/Give_Feedback/Validation/Please_Supply_Home_Telephone_Number' successfully

2019-11-01 15:18:36 - [TEST_CASE][PASSED] - Test Cases/Reusable_Test_Sequences/Give_Feedback/Validation/Please_Supply_Home_Telephone_Number: Test Cases/Reusable_Test_Sequences/Give_Feedback/Validation/Please_Supply_Home_Telephone_Number

2019-11-01 15:18:36 - [TEST_STEP][PASSED] - verifyTextPresent("Please supply a home telephone number so we can verify your feedback if necessary", false): Text 'Please supply a home telephone number so we can verify your feedback if necessary' is present on page 

2019-11-01 15:18:36 - [MESSAGE][PASSED] - Text 'Please supply a home telephone number so we can verify your feedback if necessary' is present on page 

2019-11-01 15:18:36 - [MESSAGE][PASSED] - Call Test Case 'Test Cases/Reusable_Test_Sequences/Give_Feedback/Validation/Please_Supply_Home_Telephone_Number' successfully

2019-11-01 15:18:36 - [TEST_STEP][PASSED] - "-------------------------------------": null

2019-11-01 15:18:36 - [TEST_STEP][PASSED] - " Consumer or Customer Selection      |": null

2019-11-01 15:18:36 - [TEST_STEP][PASSED] - callTestCase(findTestCase("Reusable_Test_Sequences/Give_Feedback/Your_Details/Consumer_or_Customer_Selection"), [:], CONTINUE_ON_FAILURE): Call Test Case 'Test Cases/Reusable_Test_Sequences/Give_Feedback/Your_Details/Consumer_or_Customer_Selection' successfully

2019-11-01 15:18:37 - [TEST_CASE][PASSED] - Test Cases/Reusable_Test_Sequences/Give_Feedback/Your_Details/Consumer_or_Customer_Selection: Test Cases/Reusable_Test_Sequences/Give_Feedback/Your_Details/Consumer_or_Customer_Selection

2019-11-01 15:18:37 - [TEST_STEP][PASSED] - "--------------------------------": null

2019-11-01 15:18:37 - [TEST_STEP][PASSED] - "Read data from spreadsheet      |": null

2019-11-01 15:18:37 - [TEST_STEP][PASSED] - data = findTestData("Data Files/Give_Feedback (1)"): null

2019-11-01 15:18:37 - [TEST_STEP][PASSED] - YD_Consumer_Customer = data.getValue("YD_Consumer_Customer", row): null

2019-11-01 15:18:37 - [TEST_STEP][PASSED] - out.println("Your Details, Consumer OR Trade Customer, Click on the " + YD_Consumer_Customer + " Option Button "): null

2019-11-01 15:18:37 - [TEST_STEP][PASSED] - try: null

2019-11-01 15:18:37 - [TEST_STEP][PASSED] - if (YD_Consumer_Customer == "Consumer"): null

2019-11-01 15:18:37 - [TEST_STEP][PASSED] - catch (Exception e): null

2019-11-01 15:18:37 - [TEST_STEP][PASSED] - if (YD_Consumer_Customer == "Customer"): null

2019-11-01 15:18:37 - [TEST_STEP][PASSED] - out.println("Your Experience, Recommendation, Click on the " + YD_Consumer_Customer + " Option Button "): null

2019-11-01 15:18:37 - [MESSAGE][PASSED] - Call Test Case 'Test Cases/Reusable_Test_Sequences/Give_Feedback/Your_Details/Consumer_or_Customer_Selection' successfully

2019-11-01 15:18:37 - [TEST_STEP][PASSED] - "-------------------------------------": null

2019-11-01 15:18:37 - [TEST_STEP][PASSED] - " Fill Personal Details               |": null

2019-11-01 15:18:37 - [TEST_STEP][PASSED] - callTestCase(findTestCase("Reusable_Test_Sequences/Give_Feedback/Your_Details/Personal_Details_Formfill"), [:], CONTINUE_ON_FAILURE): Call Test Case 'Test Cases/Reusable_Test_Sequences/Give_Feedback/Your_Details/Personal_Details_Formfill' successfully

2019-11-01 15:18:37 - [TEST_CASE][PASSED] - Test Cases/Reusable_Test_Sequences/Give_Feedback/Your_Details/Personal_Details_Formfill: Test Cases/Reusable_Test_Sequences/Give_Feedback/Your_Details/Personal_Details_Formfill

2019-11-01 15:18:37 - [TEST_STEP][PASSED] - "--------------------------------": null

2019-11-01 15:18:37 - [TEST_STEP][PASSED] - "Read data from spreadsheet      |": null

2019-11-01 15:18:37 - [TEST_STEP][PASSED] - data = findTestData("Data Files/Give_Feedback (1)"): null

2019-11-01 15:18:37 - [TEST_STEP][PASSED] - YD_Salutation = data.getValue("YD_Salutation", row): null

2019-11-01 15:18:37 - [TEST_STEP][PASSED] - YD_Name = data.getValue("YD_Name", row): null

2019-11-01 15:18:37 - [TEST_STEP][PASSED] - YD_Company_Name = data.getValue("YD_Company_Name", row): null

2019-11-01 15:18:37 - [TEST_STEP][PASSED] - YD_Postcode = data.getValue("YD_Postcode", row): null

2019-11-01 15:18:37 - [TEST_STEP][PASSED] - YD_Verify_Address = data.getValue("YD_Verify_Address", row): null

2019-11-01 15:18:37 - [TEST_STEP][PASSED] - YD_Consumer_Customer = data.getValue("YD_Consumer_Customer", row): null

2019-11-01 15:18:37 - [TEST_STEP][PASSED] - out.println("Your Experience, Your details, Set the " + YD_Salutation + " Text Box "): null

2019-11-01 15:18:37 - [TEST_STEP][PASSED] - "--------------------": null

2019-11-01 15:18:37 - [TEST_STEP][PASSED] - "  Set  Salutation   |": null

2019-11-01 15:18:37 - [TEST_STEP][PASSED] - selectOptionByValue(findTestObject("Object Repository/New Folder/Page_Checkatrade Give your feedback/select_MrMrsMissMsMr  MrsDrRevRevd"), YD_Salutation, true): All options with value 'Mr' are selected in object 'Object Repository/New Folder/Page_Checkatrade Give your feedback/select_MrMrsMissMsMr  MrsDrRevRevd'  using regular expression

2019-11-01 15:18:37 - [MESSAGE][PASSED] - All options with value 'Mr' are selected in object 'Object Repository/New Folder/Page_Checkatrade Give your feedback/select_MrMrsMissMsMr  MrsDrRevRevd'  using regular expression

2019-11-01 15:18:37 - [TEST_STEP][PASSED] - "--------------------": null

2019-11-01 15:18:37 - [TEST_STEP][PASSED] - "  Set  Name         |": null

2019-11-01 15:18:37 - [TEST_STEP][PASSED] - if (YD_Consumer_Customer == "Consumer"): Text 'Ron Smith' is set on object 'Object Repository/New Folder/Page_Checkatrade Give your feedback/input_Name_ctl00contenttbCustomerName'

2019-11-01 15:18:37 - [TEST_STEP][PASSED] - setText(findTestObject("Object Repository/New Folder/Page_Checkatrade Give your feedback/input_Name_ctl00contenttbCustomerName"), YD_Name): Text 'Ron Smith' is set on object 'Object Repository/New Folder/Page_Checkatrade Give your feedback/input_Name_ctl00contenttbCustomerName'

2019-11-01 15:18:38 - [MESSAGE][PASSED] - Text 'Ron Smith' is set on object 'Object Repository/New Folder/Page_Checkatrade Give your feedback/input_Name_ctl00contenttbCustomerName'

2019-11-01 15:18:38 - [TEST_STEP][PASSED] - "----------------------": null

2019-11-01 15:18:38 - [TEST_STEP][PASSED] - " Name of you company  |": null

2019-11-01 15:18:38 - [TEST_STEP][PASSED] - if (YD_Consumer_Customer == "Customer"): null

2019-11-01 15:18:38 - [TEST_STEP][PASSED] - "--------------------": null

2019-11-01 15:18:38 - [TEST_STEP][PASSED] - "  Set Postcode     |": null

2019-11-01 15:18:38 - [TEST_STEP][PASSED] - setText(findTestObject("Object Repository/New Folder/Page_Checkatrade Give your feedback/input_Your postcode_ctl00contentctlCustomerAddresstbPostcodeSearch"), YD_Postcode): Text 'PO12 2SD' is set on object 'Object Repository/New Folder/Page_Checkatrade Give your feedback/input_Your postcode_ctl00contentctlCustomerAddresstbPostcodeSearch'

2019-11-01 15:18:38 - [MESSAGE][PASSED] - Text 'PO12 2SD' is set on object 'Object Repository/New Folder/Page_Checkatrade Give your feedback/input_Your postcode_ctl00contentctlCustomerAddresstbPostcodeSearch'

2019-11-01 15:18:38 - [TEST_STEP][PASSED] - "-----------------------------": null

2019-11-01 15:18:38 - [TEST_STEP][PASSED] - "  Address Lookup Selection   |": null

2019-11-01 15:18:38 - [TEST_STEP][PASSED] - click(findTestObject("Object Repository/New Folder/Page_Checkatrade Give your feedback/input_Your postcode_ctl00contentctlCustomerAddressbtnPostcodeLookup")): Object: 'Object Repository/New Folder/Page_Checkatrade Give your feedback/input_Your postcode_ctl00contentctlCustomerAddressbtnPostcodeLookup' is clicked on

2019-11-01 15:18:38 - [MESSAGE][PASSED] - Object: 'Object Repository/New Folder/Page_Checkatrade Give your feedback/input_Your postcode_ctl00contentctlCustomerAddressbtnPostcodeLookup' is clicked on

2019-11-01 15:18:38 - [TEST_STEP][PASSED] - "-----------------------------": null

2019-11-01 15:18:38 - [TEST_STEP][PASSED] - "  Address Lookup Set         |": null

2019-11-01 15:18:38 - [TEST_STEP][PASSED] - selectOptionByLabel(findTestObject("Object Repository/New Folder/Page_Checkatrade Give your feedback/select_Please select your address"), YD_Verify_Address, true): All options with label '26 Broadsands Drive,Gosport,Hampshire,PO12 2SD' are selected in object 'Object Repository/New Folder/Page_Checkatrade Give your feedback/select_Please select your address'  using regular expression

2019-11-01 15:18:39 - [MESSAGE][PASSED] - All options with label '26 Broadsands Drive,Gosport,Hampshire,PO12 2SD' are selected in object 'Object Repository/New Folder/Page_Checkatrade Give your feedback/select_Please select your address'  using regular expression

2019-11-01 15:18:39 - [TEST_STEP][PASSED] - "-----------------------------": null

2019-11-01 15:18:39 - [TEST_STEP][PASSED] - "  Verify Returned Address    |": null

2019-11-01 15:18:39 - [TEST_STEP][PASSED] - verifyTextPresent(YD_Verify_Address, false): Text '26 Broadsands Drive,Gosport,Hampshire,PO12 2SD' is present on page 

2019-11-01 15:18:39 - [MESSAGE][PASSED] - Text '26 Broadsands Drive,Gosport,Hampshire,PO12 2SD' is present on page 

2019-11-01 15:18:39 - [MESSAGE][PASSED] - Call Test Case 'Test Cases/Reusable_Test_Sequences/Give_Feedback/Your_Details/Personal_Details_Formfill' successfully

2019-11-01 15:18:39 - [TEST_STEP][PASSED] - "-------------------------------------": null

2019-11-01 15:18:39 - [TEST_STEP][PASSED] - " Fil Contact Details                 |": null

2019-11-01 15:18:39 - [TEST_STEP][PASSED] - callTestCase(findTestCase("Reusable_Test_Sequences/Give_Feedback/Your_Details/Contact_Details_Formfill"), [:], CONTINUE_ON_FAILURE): Call Test Case 'Test Cases/Reusable_Test_Sequences/Give_Feedback/Your_Details/Contact_Details_Formfill' successfully

2019-11-01 15:18:39 - [TEST_CASE][PASSED] - Test Cases/Reusable_Test_Sequences/Give_Feedback/Your_Details/Contact_Details_Formfill: Test Cases/Reusable_Test_Sequences/Give_Feedback/Your_Details/Contact_Details_Formfill

2019-11-01 15:18:39 - [TEST_STEP][PASSED] - "--------------------------------": null

2019-11-01 15:18:39 - [TEST_STEP][PASSED] - "Read data from spreadsheet      |": null

2019-11-01 15:18:39 - [TEST_STEP][PASSED] - data = findTestData("Data Files/Give_Feedback (1)"): null

2019-11-01 15:18:39 - [TEST_STEP][PASSED] - YD_Home_Phone = data.getValue("YD_Home_Phone", row): null

2019-11-01 15:18:39 - [TEST_STEP][PASSED] - YD_Name = data.getValue("YD_Name", row): null

2019-11-01 15:18:39 - [TEST_STEP][PASSED] - YD_Best_Contact_Time = data.getValue("YD_Best_Contact_Time", row): null

2019-11-01 15:18:39 - [TEST_STEP][PASSED] - YD_Email = data.getValue("YD_Email", row): null

2019-11-01 15:18:39 - [TEST_STEP][PASSED] - YD_Mobile = data.getValue("YD_Mobile", row): null

2019-11-01 15:18:39 - [TEST_STEP][PASSED] - YD_Consumer_Customer = data.getValue("YD_Consumer_Customer", row): null

2019-11-01 15:18:39 - [TEST_STEP][PASSED] - out.println("Your Experience, Your details, Set the " + YD_Home_Phone + " Text Box "): null

2019-11-01 15:18:39 - [TEST_STEP][PASSED] - "------------------------------": null

2019-11-01 15:18:39 - [TEST_STEP][PASSED] - "  Set Home Telephone Number   |": null

2019-11-01 15:18:39 - [TEST_STEP][PASSED] - setText(findTestObject("Object Repository/New Folder/Page_Checkatrade Give your feedback/input_Home telephone_ctl00contenttbCustomerHomePhone"), YD_Home_Phone): Text '02392123456' is set on object 'Object Repository/New Folder/Page_Checkatrade Give your feedback/input_Home telephone_ctl00contenttbCustomerHomePhone'

2019-11-01 15:18:40 - [MESSAGE][PASSED] - Text '02392123456' is set on object 'Object Repository/New Folder/Page_Checkatrade Give your feedback/input_Home telephone_ctl00contenttbCustomerHomePhone'

2019-11-01 15:18:40 - [TEST_STEP][PASSED] - "------------------------------": null

2019-11-01 15:18:40 - [TEST_STEP][PASSED] - "  Set Best Time to Contact    |": null

2019-11-01 15:18:40 - [TEST_STEP][PASSED] - if (YD_Consumer_Customer == "Consumer"): Text 'Any Tme' is set on object 'Object Repository/New Folder/Page_Checkatrade Give your feedback/input_Best time to contact you_ctl00contenttbCustomerContactTime'

2019-11-01 15:18:40 - [TEST_STEP][PASSED] - setText(findTestObject("Object Repository/New Folder/Page_Checkatrade Give your feedback/input_Best time to contact you_ctl00contenttbCustomerContactTime"), YD_Best_Contact_Time): Text 'Any Tme' is set on object 'Object Repository/New Folder/Page_Checkatrade Give your feedback/input_Best time to contact you_ctl00contenttbCustomerContactTime'

2019-11-01 15:18:40 - [MESSAGE][PASSED] - Text 'Any Tme' is set on object 'Object Repository/New Folder/Page_Checkatrade Give your feedback/input_Best time to contact you_ctl00contenttbCustomerContactTime'

2019-11-01 15:18:40 - [TEST_STEP][PASSED] - "------------------------------": null

2019-11-01 15:18:40 - [TEST_STEP][PASSED] - "  Set Email Address           |": null

2019-11-01 15:18:40 - [TEST_STEP][PASSED] - setText(findTestObject("Object Repository/New Folder/Page_Checkatrade Give your feedback/input_Email_ctl00contenttbCustomerEmail"), YD_Email): Text 'Test_xxxxxx@xdxdxdxd.com' is set on object 'Object Repository/New Folder/Page_Checkatrade Give your feedback/input_Email_ctl00contenttbCustomerEmail'

2019-11-01 15:18:40 - [MESSAGE][PASSED] - Text 'Test_xxxxxx@xdxdxdxd.com' is set on object 'Object Repository/New Folder/Page_Checkatrade Give your feedback/input_Email_ctl00contenttbCustomerEmail'

2019-11-01 15:18:40 - [TEST_STEP][PASSED] - "------------------------------": null

2019-11-01 15:18:40 - [TEST_STEP][PASSED] - "  Set Mobile Telephone Number |": null

2019-11-01 15:18:40 - [TEST_STEP][PASSED] - setText(findTestObject("Object Repository/New Folder/Page_Checkatrade Give your feedback/input_Mobile_ctl00contenttbCustomerMobile"), YD_Mobile): Text '07788123456' is set on object 'Object Repository/New Folder/Page_Checkatrade Give your feedback/input_Mobile_ctl00contenttbCustomerMobile'

2019-11-01 15:18:40 - [MESSAGE][PASSED] - Text '07788123456' is set on object 'Object Repository/New Folder/Page_Checkatrade Give your feedback/input_Mobile_ctl00contenttbCustomerMobile'

2019-11-01 15:18:40 - [MESSAGE][PASSED] - Call Test Case 'Test Cases/Reusable_Test_Sequences/Give_Feedback/Your_Details/Contact_Details_Formfill' successfully

2019-11-01 15:18:40 - [TEST_STEP][PASSED] - "-------------------------------------": null

2019-11-01 15:18:40 - [TEST_STEP][PASSED] - " CHeckatrade Questions               |": null

2019-11-01 15:18:40 - [TEST_STEP][PASSED] - callTestCase(findTestCase("Reusable_Test_Sequences/Give_Feedback/Your_Details/Checkatrade_Questions"), [:], CONTINUE_ON_FAILURE): Call Test Case 'Test Cases/Reusable_Test_Sequences/Give_Feedback/Your_Details/Checkatrade_Questions' successfully

2019-11-01 15:18:40 - [TEST_CASE][PASSED] - Test Cases/Reusable_Test_Sequences/Give_Feedback/Your_Details/Checkatrade_Questions: Test Cases/Reusable_Test_Sequences/Give_Feedback/Your_Details/Checkatrade_Questions

2019-11-01 15:18:40 - [TEST_STEP][PASSED] - "--------------------------------": null

2019-11-01 15:18:40 - [TEST_STEP][PASSED] - "Read data from spreadsheet      |": null

2019-11-01 15:18:40 - [TEST_STEP][PASSED] - data = findTestData("Data Files/Give_Feedback (1)"): null

2019-11-01 15:18:40 - [TEST_STEP][PASSED] - YD_Feedback_Method = data.getValue("YD_Feedback_Method", row): null

2019-11-01 15:18:40 - [TEST_STEP][PASSED] - YD_How_Did_You_Hear = data.getValue("YD_How_Did_You_Hear", row): null

2019-11-01 15:18:40 - [TEST_STEP][PASSED] - YD_Other_Response = data.getValue("YD_Other_Response", row): null

2019-11-01 15:18:40 - [TEST_STEP][PASSED] - YD_Reason_For_Tradeperson_Selection = data.getValue("YD_Reason_For_Tradeperson_Selection", row): null

2019-11-01 15:18:40 - [TEST_STEP][PASSED] - YD_Receive_Chekatrade_Updates = data.getValue("YD_Receive_Chekatrade_Updates", row): null

2019-11-01 15:18:40 - [TEST_STEP][PASSED] - YD_Receive_Third_Party_Updates = data.getValue("YD_Receive_Third_Party_Updates", row): null

2019-11-01 15:18:40 - [TEST_STEP][PASSED] - out.println("Your Experience, Your details, Set the " + YD_Feedback_Method + " Text Box "): null

2019-11-01 15:18:40 - [TEST_STEP][PASSED] - "------------------------------------": null

2019-11-01 15:18:40 - [TEST_STEP][PASSED] - "  Set Verify Options - SMS OR Email |": null

2019-11-01 15:18:40 - [TEST_STEP][PASSED] - if (YD_Feedback_Method == "email"): Wait for page load successfully

2019-11-01 15:18:40 - [TEST_STEP][PASSED] - click(findTestObject("Object Repository/Page_Checkatrade Give your feedback/span_Verify by email")): Object: 'Object Repository/Page_Checkatrade Give your feedback/span_Verify by email' is clicked on

2019-11-01 15:18:40 - [MESSAGE][PASSED] - Object: 'Object Repository/Page_Checkatrade Give your feedback/span_Verify by email' is clicked on

2019-11-01 15:18:40 - [TEST_STEP][PASSED] - waitForPageLoad(2): Wait for page load successfully

2019-11-01 15:18:40 - [MESSAGE][PASSED] - Wait for page load successfully

2019-11-01 15:18:40 - [TEST_STEP][PASSED] - "--------------------------------------": null

2019-11-01 15:18:40 - [TEST_STEP][PASSED] - " Scroll to <Next> Button              |": null

2019-11-01 15:18:40 - [TEST_STEP][PASSED] - scrollToPosition(200, 0): Browser is scrolled to position x = 200, y = 0

2019-11-01 15:18:40 - [MESSAGE][PASSED] - Browser is scrolled to position x = 200, y = 0

2019-11-01 15:18:40 - [TEST_STEP][PASSED] - "--------------------------------------": null

2019-11-01 15:18:40 - [TEST_STEP][PASSED] - "  Set How You Heard About Checkatrade |": null

2019-11-01 15:18:40 - [TEST_STEP][PASSED] - waitForPageLoad(2): Wait for page load successfully

2019-11-01 15:18:40 - [MESSAGE][PASSED] - Wait for page load successfully

2019-11-01 15:18:40 - [TEST_STEP][PASSED] - selectOptionByLabel(findTestObject("Object Repository/Page_Checkatrade Give your feedback/select_Please selectTVRadioOnlineDirectoryWord"), YD_How_Did_You_Hear, true): All options with label 'Online' are selected in object 'Object Repository/Page_Checkatrade Give your feedback/select_Please selectTVRadioOnlineDirectoryWord'  using regular expression

2019-11-01 15:18:41 - [MESSAGE][PASSED] - All options with label 'Online' are selected in object 'Object Repository/Page_Checkatrade Give your feedback/select_Please selectTVRadioOnlineDirectoryWord'  using regular expression

2019-11-01 15:18:41 - [TEST_STEP][PASSED] - "--------------------------------------": null

2019-11-01 15:18:41 - [TEST_STEP][PASSED] - "  How did you hear about Textbox      |": null

2019-11-01 15:18:41 - [TEST_STEP][PASSED] - if (YD_How_Did_You_Hear == "Other"): null

2019-11-01 15:18:41 - [TEST_STEP][PASSED] - "--------------------------------------": null

2019-11-01 15:18:41 - [TEST_STEP][PASSED] - "  Why Use The Selected Tradesperson   |": null

2019-11-01 15:18:41 - [TEST_STEP][PASSED] - selectOptionByIndex(findTestObject("Object Repository/New Folder/Page_Checkatrade Give your feedback/select_Prefer not to sayFound the Tradesperson via CheckatradecomDirected to Checkatradecom by the Tradesperson"), 2): All options with index in [2] are selected on object 'Object Repository/New Folder/Page_Checkatrade Give your feedback/select_Prefer not to sayFound the Tradesperson via CheckatradecomDirected to Checkatradecom by the Tradesperson'

2019-11-01 15:18:41 - [MESSAGE][PASSED] - All options with index in [2] are selected on object 'Object Repository/New Folder/Page_Checkatrade Give your feedback/select_Prefer not to sayFound the Tradesperson via CheckatradecomDirected to Checkatradecom by the Tradesperson'

2019-11-01 15:18:41 - [TEST_STEP][PASSED] - "----------------------------------------------------": null

2019-11-01 15:18:41 - [TEST_STEP][PASSED] - " Select - I am happy to receive Updates - Checkatra |": null

2019-11-01 15:18:41 - [TEST_STEP][PASSED] - if (YD_Receive_Chekatrade_Updates == "Yes"): Wait for page load successfully

2019-11-01 15:18:41 - [TEST_STEP][PASSED] - click(findTestObject("Object Repository/New Folder/Page_Checkatrade Give your feedback/input_I am happy to receive updates from Checkatrade_ctl00contentchkEmailUpdates")): Object: 'Object Repository/New Folder/Page_Checkatrade Give your feedback/input_I am happy to receive updates from Checkatrade_ctl00contentchkEmailUpdates' is clicked on

2019-11-01 15:18:42 - [MESSAGE][PASSED] - Object: 'Object Repository/New Folder/Page_Checkatrade Give your feedback/input_I am happy to receive updates from Checkatrade_ctl00contentchkEmailUpdates' is clicked on

2019-11-01 15:18:42 - [TEST_STEP][PASSED] - waitForPageLoad(2): Wait for page load successfully

2019-11-01 15:18:42 - [MESSAGE][PASSED] - Wait for page load successfully

2019-11-01 15:18:42 - [TEST_STEP][PASSED] - "----------------------------------------------------": null

2019-11-01 15:18:42 - [TEST_STEP][PASSED] - " Select - I am happy to receive Updates - 3rd party |": null

2019-11-01 15:18:42 - [TEST_STEP][PASSED] - if (YD_Receive_Third_Party_Updates == "Yes"): Wait for page load successfully

2019-11-01 15:18:42 - [TEST_STEP][PASSED] - click(findTestObject("Object Repository/New Folder/Page_Checkatrade Give your feedback/label_I am happy to receive updates from selected third parties")): Object: 'Object Repository/New Folder/Page_Checkatrade Give your feedback/label_I am happy to receive updates from selected third parties' is clicked on

2019-11-01 15:18:42 - [MESSAGE][PASSED] - Object: 'Object Repository/New Folder/Page_Checkatrade Give your feedback/label_I am happy to receive updates from selected third parties' is clicked on

2019-11-01 15:18:42 - [TEST_STEP][PASSED] - waitForPageLoad(2): Wait for page load successfully

2019-11-01 15:18:42 - [MESSAGE][PASSED] - Wait for page load successfully

2019-11-01 15:18:42 - [TEST_STEP][PASSED] - "--------------------------------------": null

2019-11-01 15:18:42 - [TEST_STEP][PASSED] - "   SUBMIT Page                        |": null

2019-11-01 15:18:42 - [TEST_STEP][PASSED] - click(findTestObject("Object Repository/New Folder/Page_Checkatrade Give your feedback/input_here_ctl00contentButtonSubmit")): Object: 'Object Repository/New Folder/Page_Checkatrade Give your feedback/input_here_ctl00contentButtonSubmit' is clicked on

2019-11-01 15:18:43 - [MESSAGE][PASSED] - Object: 'Object Repository/New Folder/Page_Checkatrade Give your feedback/input_here_ctl00contentButtonSubmit' is clicked on

2019-11-01 15:18:43 - [TEST_STEP][PASSED] - waitForPageLoad(2): Wait for page load successfully

2019-11-01 15:18:43 - [MESSAGE][PASSED] - Wait for page load successfully

2019-11-01 15:18:43 - [MESSAGE][PASSED] - Call Test Case 'Test Cases/Reusable_Test_Sequences/Give_Feedback/Your_Details/Checkatrade_Questions' successfully

2019-11-01 15:18:43 - [MESSAGE][PASSED] - Call Test Case 'Test Cases/Reusable_Test_Sequences/Give_Feedback/Your_Details/Your_Details_Validation' successfully

2019-11-01 15:18:43 - [TEST_STEP][PASSED] - "--------------------------------------": null

2019-11-01 15:18:43 - [TEST_STEP][PASSED] - " Further Info (page 4) Processing     |": null

2019-11-01 15:18:43 - [TEST_STEP][PASSED] - callTestCase(findTestCase("Reusable_Test_Sequences/Give_Feedback/Further_Infomation/Further_Infomation_Validation"), [:], CONTINUE_ON_FAILURE): Call Test Case 'Test Cases/Reusable_Test_Sequences/Give_Feedback/Further_Infomation/Further_Infomation_Validation' successfully

2019-11-01 15:18:43 - [TEST_CASE][PASSED] - Test Cases/Reusable_Test_Sequences/Give_Feedback/Further_Infomation/Further_Infomation_Validation: Test Cases/Reusable_Test_Sequences/Give_Feedback/Further_Infomation/Further_Infomation_Validation

2019-11-01 15:18:43 - [TEST_STEP][PASSED] - "--------------------------------": null

2019-11-01 15:18:43 - [TEST_STEP][PASSED] - " Set the Value of Work Textbox  |": null

2019-11-01 15:18:43 - [TEST_STEP][PASSED] - waitForElementPresent(findTestObject("Object Repository/New Folder1/Page_Checkatrade Give your feedback/input_Value Of Work_ctl00contenttbValueOfWork"), 25): Object 'Object Repository/New Folder1/Page_Checkatrade Give your feedback/input_Value Of Work_ctl00contenttbValueOfWork' is present

2019-11-01 15:18:43 - [MESSAGE][PASSED] - Object 'Object Repository/New Folder1/Page_Checkatrade Give your feedback/input_Value Of Work_ctl00contenttbValueOfWork' is present

2019-11-01 15:18:43 - [TEST_STEP][PASSED] - setText(findTestObject("Object Repository/New Folder1/Page_Checkatrade Give your feedback/input_Value Of Work_ctl00contenttbValueOfWork"), "0"): Text '0' is set on object 'Object Repository/New Folder1/Page_Checkatrade Give your feedback/input_Value Of Work_ctl00contenttbValueOfWork'

2019-11-01 15:18:43 - [MESSAGE][PASSED] - Text '0' is set on object 'Object Repository/New Folder1/Page_Checkatrade Give your feedback/input_Value Of Work_ctl00contenttbValueOfWork'

2019-11-01 15:18:43 - [TEST_STEP][PASSED] - "--------------------------------": null

2019-11-01 15:18:43 - [TEST_STEP][PASSED] - "Hit <Submit> button to Commit   |": null

2019-11-01 15:18:43 - [TEST_STEP][PASSED] - click(findTestObject("Object Repository/New Folder/Page_Checkatrade Give your feedback/input_Value Of Work_ctl00contentButton1")): Object: 'Object Repository/New Folder/Page_Checkatrade Give your feedback/input_Value Of Work_ctl00contentButton1' is clicked on

2019-11-01 15:18:49 - [MESSAGE][PASSED] - Object: 'Object Repository/New Folder/Page_Checkatrade Give your feedback/input_Value Of Work_ctl00contentButton1' is clicked on

2019-11-01 15:18:49 - [MESSAGE][PASSED] - Call Test Case 'Test Cases/Reusable_Test_Sequences/Give_Feedback/Further_Infomation/Further_Infomation_Validation' successfully

2019-11-01 15:18:49 - [TEST_STEP][PASSED] - "--------------------------------------": null

2019-11-01 15:18:49 - [TEST_STEP][PASSED] - " Thank You! (page 5) Processing       |": null

2019-11-01 15:18:49 - [TEST_STEP][PASSED] - callTestCase(findTestCase("Reusable_Test_Sequences/Give_Feedback/Final_Page"), [:], CONTINUE_ON_FAILURE): Call Test Case 'Test Cases/Reusable_Test_Sequences/Give_Feedback/Final_Page' successfully

2019-11-01 15:18:49 - [TEST_CASE][PASSED] - Test Cases/Reusable_Test_Sequences/Give_Feedback/Final_Page: Test Cases/Reusable_Test_Sequences/Give_Feedback/Final_Page

2019-11-01 15:18:49 - [TEST_STEP][PASSED] - waitForPageLoad(2): Wait for page load successfully

2019-11-01 15:18:49 - [MESSAGE][PASSED] - Wait for page load successfully

2019-11-01 15:18:49 - [TEST_STEP][PASSED] - "--------------------------------": null

2019-11-01 15:18:49 - [TEST_STEP][PASSED] - "Read data from spreadsheet      |": null

2019-11-01 15:18:49 - [TEST_STEP][PASSED] - data = findTestData("Data Files/Give_Feedback (1)"): null

2019-11-01 15:18:49 - [TEST_STEP][PASSED] - Account_Verification_Name = data.getValue("Account_Verification_Name", row): null

2019-11-01 15:18:49 - [TEST_STEP][PASSED] - YE_Recommend = data.getValue("YE_Recommendations", row): null

2019-11-01 15:18:49 - [TEST_STEP][PASSED] - YE_Work_Carried_Out = data.getValue("YE_Work_Carried_Out", row): null

2019-11-01 15:18:49 - [TEST_STEP][PASSED] - waitForElementVisible(findTestObject("Object Repository/New Folder/Page_Checkatrade Give your feedback/a_Finish"), 25): Object 'Object Repository/New Folder/Page_Checkatrade Give your feedback/a_Finish' is visible

2019-11-01 15:19:03 - [MESSAGE][PASSED] - Object 'Object Repository/New Folder/Page_Checkatrade Give your feedback/a_Finish' is visible

2019-11-01 15:19:03 - [TEST_STEP][PASSED] - "------------------------------------": null

2019-11-01 15:19:03 - [TEST_STEP][PASSED] - "  Verify Page Detail                |": null

2019-11-01 15:19:03 - [TEST_STEP][PASSED] - if (YE_Recommend == "Yes"): Text 'Finish' is present on page 

2019-11-01 15:19:03 - [TEST_STEP][PASSED] - verifyTextPresent("A Checkatrade staff member will now review your feedback for", false): Text 'A Checkatrade staff member will now review your feedback for' is present on page 

2019-11-01 15:19:03 - [MESSAGE][PASSED] - Text 'A Checkatrade staff member will now review your feedback for' is present on page 

2019-11-01 15:19:03 - [TEST_STEP][PASSED] - verifyTextPresent(Account_Verification_Name, false): Text 'Test Account' is present on page 

2019-11-01 15:19:04 - [MESSAGE][PASSED] - Text 'Test Account' is present on page 

2019-11-01 15:19:04 - [TEST_STEP][PASSED] - verifyTextPresent("Finish", false): Text 'Finish' is present on page 

2019-11-01 15:19:04 - [MESSAGE][PASSED] - Text 'Finish' is present on page 

2019-11-01 15:19:04 - [TEST_STEP][PASSED] - verifyTextPresent("Thank you", true): Text 'Thank you' is present on page  using regular expression

2019-11-01 15:19:04 - [MESSAGE][PASSED] - Text 'Thank you' is present on page  using regular expression

2019-11-01 15:19:04 - [TEST_STEP][PASSED] - "------------------------------------": null

2019-11-01 15:19:04 - [TEST_STEP][PASSED] - "  Hit Finish                        |": null

2019-11-01 15:19:04 - [TEST_STEP][PASSED] - click(findTestObject("Object Repository/New Folder/Page_Checkatrade Give your feedback/a_Finish")): Object: 'Object Repository/New Folder/Page_Checkatrade Give your feedback/a_Finish' is clicked on

2019-11-01 15:19:05 - [MESSAGE][PASSED] - Object: 'Object Repository/New Folder/Page_Checkatrade Give your feedback/a_Finish' is clicked on

2019-11-01 15:19:05 - [MESSAGE][PASSED] - Call Test Case 'Test Cases/Reusable_Test_Sequences/Give_Feedback/Final_Page' successfully

2019-11-01 15:19:05 - [TEST_STEP][PASSED] - "--------------------------------------": null

2019-11-01 15:19:05 - [TEST_STEP][PASSED] - " Processing Completion                |": null

2019-11-01 15:19:05 - [TEST_STEP][PASSED] - "--------------------------------------": null

2019-11-01 15:19:05 - [TEST_STEP][PASSED] - "--------------------------": null

2019-11-01 15:19:05 - [TEST_STEP][PASSED] - " Teardown - CLose Browser |": null

2019-11-01 15:19:05 - [TEST_STEP][PASSED] - callTestCase(findTestCase("Reusable_Test_Sequences/CAT_Teardown"), [:], OPTIONAL): Call Test Case 'Test Cases/Reusable_Test_Sequences/CAT_Teardown' successfully

2019-11-01 15:19:05 - [TEST_CASE][PASSED] - Test Cases/Reusable_Test_Sequences/CAT_Teardown: Test Cases/Reusable_Test_Sequences/CAT_Teardown

2019-11-01 15:19:05 - [TEST_STEP][PASSED] - closeBrowser(): Browser is closed

2019-11-01 15:19:06 - [MESSAGE][PASSED] - Browser is closed

2019-11-01 15:19:06 - [MESSAGE][PASSED] - Call Test Case 'Test Cases/Reusable_Test_Sequences/CAT_Teardown' successfully

2019-11-01 15:19:06 - [TEST_STEP][PASSED] - "--------------------------": null

2019-11-01 15:19:06 - [TEST_STEP][PASSED] - " Break Out of FOR Loop    |": null

2019-11-01 15:19:06 - [TEST_STEP][PASSED] - if (row > 1): null

2019-11-01 15:19:06 - [TEST_STEP][PASSED] - break: null]]></system-out>
         <system-err><![CDATA[]]></system-err>
      </testcase>
      <system-out><![CDATA[2019-11-01 15:13:41 - [TEST_SUITE][FAILED] - Give_Feedback: Test Cases/Give_Feedback/Give_Feedback FAILED.
Reason:
com.kms.katalon.core.exception.StepFailedException: Unable to call Test Case 'Test Cases/Reusable_Test_Sequences/CAT_Home' (Root cause: com.kms.katalon.core.exception.StepFailedException: Call Test Case 'Test Cases/Reusable_Test_Sequences/CAT_Home' failed
	at com.kms.katalon.core.keyword.builtin.CallTestCaseKeyword$_callTestCase_closure1.doCall(CallTestCaseKeyword.groovy:63)
	at com.kms.katalon.core.keyword.builtin.CallTestCaseKeyword$_callTestCase_closure1.call(CallTestCaseKeyword.groovy)
	at com.kms.katalon.core.keyword.internal.KeywordMain.runKeyword(KeywordMain.groovy:68)
	at com.kms.katalon.core.keyword.builtin.CallTestCaseKeyword.callTestCase(CallTestCaseKeyword.groovy:81)
	at com.kms.katalon.core.keyword.builtin.CallTestCaseKeyword.execute(CallTestCaseKeyword.groovy:44)
	at com.kms.katalon.core.keyword.internal.KeywordExecutor.executeKeywordForPlatform(KeywordExecutor.groovy:60)
	at com.kms.katalon.core.keyword.BuiltinKeywords.callTestCase(BuiltinKeywords.groovy:334)
	at Give_Feedback.run(Give_Feedback:117)
	at com.kms.katalon.core.main.ScriptEngine.run(ScriptEngine.java:194)
	at com.kms.katalon.core.main.ScriptEngine.runScriptAsRawText(ScriptEngine.java:119)
	at com.kms.katalon.core.main.TestCaseExecutor.runScript(TestCaseExecutor.java:337)
	at com.kms.katalon.core.main.TestCaseExecutor.doExecute(TestCaseExecutor.java:328)
	at com.kms.katalon.core.main.TestCaseExecutor.processExecutionPhase(TestCaseExecutor.java:307)
	at com.kms.katalon.core.main.TestCaseExecutor.accessMainPhase(TestCaseExecutor.java:299)
	at com.kms.katalon.core.main.TestCaseExecutor.execute(TestCaseExecutor.java:233)
	at com.kms.katalon.core.main.TestSuiteExecutor.accessTestCaseMainPhase(TestSuiteExecutor.java:169)
	at com.kms.katalon.core.main.TestSuiteExecutor.accessTestSuiteMainPhase(TestSuiteExecutor.java:142)
	at com.kms.katalon.core.main.TestSuiteExecutor.execute(TestSuiteExecutor.java:91)
	at com.kms.katalon.core.main.TestCaseMain.startTestSuite(TestCaseMain.java:157)
	at com.kms.katalon.core.main.TestCaseMain$startTestSuite$0.call(Unknown Source)
	at TempTestSuite1572621097330.run(TempTestSuite1572621097330.groovy:36)
Caused by: com.kms.katalon.core.exception.StepFailedException: Text 'Helping you find the right trade or service' is not present on page  (Root cause: com.kms.katalon.core.exception.StepFailedException: Text 'Helping you find the right trade or service' is not present on page 
	at com.kms.katalon.core.webui.keyword.internal.WebUIKeywordMain.stepFailed(WebUIKeywordMain.groovy:64)
	at com.kms.katalon.core.webui.keyword.builtin.VerifyTextPresentKeyword$_verifyTextPresent_closure1.doCall(VerifyTextPresentKeyword.groovy:79)
	at com.kms.katalon.core.webui.keyword.builtin.VerifyTextPresentKeyword$_verifyTextPresent_closure1.call(VerifyTextPresentKeyword.groovy)
	at com.kms.katalon.core.webui.keyword.internal.WebUIKeywordMain.runKeyword(WebUIKeywordMain.groovy:20)
	at com.kms.katalon.core.webui.keyword.builtin.VerifyTextPresentKeyword.verifyTextPresent(VerifyTextPresentKeyword.groovy:83)
	at com.kms.katalon.core.webui.keyword.builtin.VerifyTextPresentKeyword.execute(VerifyTextPresentKeyword.groovy:68)
	at com.kms.katalon.core.keyword.internal.KeywordExecutor.executeKeywordForPlatform(KeywordExecutor.groovy:60)
	at com.kms.katalon.core.webui.keyword.WebUiBuiltInKeywords.verifyTextPresent(WebUiBuiltInKeywords.groovy:1693)
	at com.kms.katalon.core.webui.keyword.WebUiBuiltInKeywords$verifyTextPresent$6.call(Unknown Source)
	at CAT_Home.run(CAT_Home:61)
	at com.kms.katalon.core.main.ScriptEngine.run(ScriptEngine.java:194)
	at com.kms.katalon.core.main.ScriptEngine.runScriptAsRawText(ScriptEngine.java:119)
	at com.kms.katalon.core.main.TestCaseExecutor.runScript(TestCaseExecutor.java:337)
	at com.kms.katalon.core.main.TestCaseExecutor.doExecute(TestCaseExecutor.java:328)
	at com.kms.katalon.core.main.TestCaseExecutor.processExecutionPhase(TestCaseExecutor.java:307)
	at com.kms.katalon.core.main.TestCaseExecutor.accessMainPhase(TestCaseExecutor.java:299)
	at com.kms.katalon.core.main.TestCaseExecutor.execute(TestCaseExecutor.java:233)
	at com.kms.katalon.core.main.TestCaseMain.runTestCase(TestCaseMain.java:114)
	at com.kms.katalon.core.keyword.builtin.CallTestCaseKeyword$_callTestCase_closure1.doCall(CallTestCaseKeyword.groovy:59)
	at com.kms.katalon.core.keyword.builtin.CallTestCaseKeyword$_callTestCase_closure1.call(CallTestCaseKeyword.groovy)
	at com.kms.katalon.core.keyword.internal.KeywordMain.runKeyword(KeywordMain.groovy:68)
	at com.kms.katalon.core.keyword.builtin.CallTestCaseKeyword.callTestCase(CallTestCaseKeyword.groovy:81)
	at com.kms.katalon.core.keyword.builtin.CallTestCaseKeyword.execute(CallTestCaseKeyword.groovy:44)
	at com.kms.katalon.core.keyword.internal.KeywordExecutor.executeKeywordForPlatform(KeywordExecutor.groovy:60)
	at com.kms.katalon.core.keyword.BuiltinKeywords.callTestCase(BuiltinKeywords.groovy:334)
	at Give_Feedback.run(Give_Feedback:117)
	at com.kms.katalon.core.main.ScriptEngine.run(ScriptEngine.java:194)
	at com.kms.katalon.core.main.ScriptEngine.runScriptAsRawText(ScriptEngine.java:119)
	at com.kms.katalon.core.main.TestCaseExecutor.runScript(TestCaseExecutor.java:337)
	at com.kms.katalon.core.main.TestCaseExecutor.doExecute(TestCaseExecutor.java:328)
	at com.kms.katalon.core.main.TestCaseExecutor.processExecutionPhase(TestCaseExecutor.java:307)
	at com.kms.katalon.core.main.TestCaseExecutor.accessMainPhase(TestCaseExecutor.java:299)
	at com.kms.katalon.core.main.TestCaseExecutor.execute(TestCaseExecutor.java:233)
	at com.kms.katalon.core.main.TestSuiteExecutor.accessTestCaseMainPhase(TestSuiteExecutor.java:169)
	at com.kms.katalon.core.main.TestSuiteExecutor.accessTestSuiteMainPhase(TestSuiteExecutor.java:142)
	at com.kms.katalon.core.main.TestSuiteExecutor.execute(TestSuiteExecutor.java:91)
	at com.kms.katalon.core.main.TestCaseMain.startTestSuite(TestCaseMain.java:157)
	at com.kms.katalon.core.main.TestCaseMain$startTestSuite$0.call(Unknown Source)
	at TempTestSuite1572621097330.run(TempTestSuite1572621097330.groovy:36)
)
	at com.kms.katalon.core.keyword.internal.KeywordMain.stepFailed(KeywordMain.groovy:39)
	at com.kms.katalon.core.webui.keyword.internal.WebUIKeywordMain.stepFailed(WebUIKeywordMain.groovy:64)
	at com.kms.katalon.core.webui.keyword.builtin.VerifyTextPresentKeyword$_verifyTextPresent_closure1.doCall(VerifyTextPresentKeyword.groovy:79)
	at com.kms.katalon.core.webui.keyword.builtin.VerifyTextPresentKeyword$_verifyTextPresent_closure1.call(VerifyTextPresentKeyword.groovy)
	at com.kms.katalon.core.webui.keyword.internal.WebUIKeywordMain.runKeyword(WebUIKeywordMain.groovy:20)
	at com.kms.katalon.core.webui.keyword.builtin.VerifyTextPresentKeyword.verifyTextPresent(VerifyTextPresentKeyword.groovy:83)
	at com.kms.katalon.core.webui.keyword.builtin.VerifyTextPresentKeyword.execute(VerifyTextPresentKeyword.groovy:68)
	at com.kms.katalon.core.keyword.internal.KeywordExecutor.executeKeywordForPlatform(KeywordExecutor.groovy:60)
	at com.kms.katalon.core.webui.keyword.WebUiBuiltInKeywords.verifyTextPresent(WebUiBuiltInKeywords.groovy:1693)
	at com.kms.katalon.core.webui.keyword.WebUiBuiltInKeywords$verifyTextPresent$6.call(Unknown Source)
	at CAT_Home.run(CAT_Home:61)
	at com.kms.katalon.core.main.ScriptEngine.run(ScriptEngine.java:194)
	at com.kms.katalon.core.main.ScriptEngine.runScriptAsRawText(ScriptEngine.java:119)
	at com.kms.katalon.core.main.TestCaseExecutor.runScript(TestCaseExecutor.java:337)
	at com.kms.katalon.core.main.TestCaseExecutor.doExecute(TestCaseExecutor.java:328)
	at com.kms.katalon.core.main.TestCaseExecutor.processExecutionPhase(TestCaseExecutor.java:307)
	at com.kms.katalon.core.main.TestCaseExecutor.accessMainPhase(TestCaseExecutor.java:299)
	at com.kms.katalon.core.main.TestCaseExecutor.execute(TestCaseExecutor.java:233)
	at com.kms.katalon.core.main.TestCaseMain.runTestCase(TestCaseMain.java:114)
	at com.kms.katalon.core.keyword.builtin.CallTestCaseKeyword$_callTestCase_closure1.doCall(CallTestCaseKeyword.groovy:59)
	... 20 more
Caused by: com.kms.katalon.core.exception.StepFailedException: Text 'Helping you find the right trade or service' is not present on page 
	... 39 more
)
	at com.kms.katalon.core.keyword.internal.KeywordMain.stepFailed(KeywordMain.groovy:39)
	at com.kms.katalon.core.keyword.internal.KeywordMain.stepFailed(KeywordMain.groovy)
	at com.kms.katalon.core.keyword.internal.KeywordMain.runKeyword(KeywordMain.groovy:70)
	at com.kms.katalon.core.keyword.builtin.CallTestCaseKeyword.callTestCase(CallTestCaseKeyword.groovy:81)
	at com.kms.katalon.core.keyword.builtin.CallTestCaseKeyword.execute(CallTestCaseKeyword.groovy:44)
	at com.kms.katalon.core.keyword.internal.KeywordExecutor.executeKeywordForPlatform(KeywordExecutor.groovy:60)
	at com.kms.katalon.core.keyword.BuiltinKeywords.callTestCase(BuiltinKeywords.groovy:334)
	at Give_Feedback.run(Give_Feedback:117)
	at com.kms.katalon.core.main.ScriptEngine.run(ScriptEngine.java:194)
	at com.kms.katalon.core.main.ScriptEngine.runScriptAsRawText(ScriptEngine.java:119)
	at com.kms.katalon.core.main.TestCaseExecutor.runScript(TestCaseExecutor.java:337)
	at com.kms.katalon.core.main.TestCaseExecutor.doExecute(TestCaseExecutor.java:328)
	at com.kms.katalon.core.main.TestCaseExecutor.processExecutionPhase(TestCaseExecutor.java:307)
	at com.kms.katalon.core.main.TestCaseExecutor.accessMainPhase(TestCaseExecutor.java:299)
	at com.kms.katalon.core.main.TestCaseExecutor.execute(TestCaseExecutor.java:233)
	at com.kms.katalon.core.main.TestSuiteExecutor.accessTestCaseMainPhase(TestSuiteExecutor.java:169)
	at com.kms.katalon.core.main.TestSuiteExecutor.accessTestSuiteMainPhase(TestSuiteExecutor.java:142)
	at com.kms.katalon.core.main.TestSuiteExecutor.execute(TestSuiteExecutor.java:91)
	at com.kms.katalon.core.main.TestCaseMain.startTestSuite(TestCaseMain.java:157)
	at com.kms.katalon.core.main.TestCaseMain$startTestSuite$0.call(Unknown Source)
	at TempTestSuite1572621097330.run(TempTestSuite1572621097330.groovy:36)
Caused by: com.kms.katalon.core.exception.StepFailedException: Call Test Case 'Test Cases/Reusable_Test_Sequences/CAT_Home' failed
	at com.kms.katalon.core.keyword.builtin.CallTestCaseKeyword$_callTestCase_closure1.doCall(CallTestCaseKeyword.groovy:63)
	at com.kms.katalon.core.keyword.builtin.CallTestCaseKeyword$_callTestCase_closure1.call(CallTestCaseKeyword.groovy)
	at com.kms.katalon.core.keyword.internal.KeywordMain.runKeyword(KeywordMain.groovy:68)
	... 18 more
Caused by: com.kms.katalon.core.exception.StepFailedException: Text 'Helping you find the right trade or service' is not present on page  (Root cause: com.kms.katalon.core.exception.StepFailedException: Text 'Helping you find the right trade or service' is not present on page 
	at com.kms.katalon.core.webui.keyword.internal.WebUIKeywordMain.stepFailed(WebUIKeywordMain.groovy:64)
	at com.kms.katalon.core.webui.keyword.builtin.VerifyTextPresentKeyword$_verifyTextPresent_closure1.doCall(VerifyTextPresentKeyword.groovy:79)
	at com.kms.katalon.core.webui.keyword.builtin.VerifyTextPresentKeyword$_verifyTextPresent_closure1.call(VerifyTextPresentKeyword.groovy)
	at com.kms.katalon.core.webui.keyword.internal.WebUIKeywordMain.runKeyword(WebUIKeywordMain.groovy:20)
	at com.kms.katalon.core.webui.keyword.builtin.VerifyTextPresentKeyword.verifyTextPresent(VerifyTextPresentKeyword.groovy:83)
	at com.kms.katalon.core.webui.keyword.builtin.VerifyTextPresentKeyword.execute(VerifyTextPresentKeyword.groovy:68)
	at com.kms.katalon.core.keyword.internal.KeywordExecutor.executeKeywordForPlatform(KeywordExecutor.groovy:60)
	at com.kms.katalon.core.webui.keyword.WebUiBuiltInKeywords.verifyTextPresent(WebUiBuiltInKeywords.groovy:1693)
	at com.kms.katalon.core.webui.keyword.WebUiBuiltInKeywords$verifyTextPresent$6.call(Unknown Source)
	at CAT_Home.run(CAT_Home:61)
	at com.kms.katalon.core.main.ScriptEngine.run(ScriptEngine.java:194)
	at com.kms.katalon.core.main.ScriptEngine.runScriptAsRawText(ScriptEngine.java:119)
	at com.kms.katalon.core.main.TestCaseExecutor.runScript(TestCaseExecutor.java:337)
	at com.kms.katalon.core.main.TestCaseExecutor.doExecute(TestCaseExecutor.java:328)
	at com.kms.katalon.core.main.TestCaseExecutor.processExecutionPhase(TestCaseExecutor.java:307)
	at com.kms.katalon.core.main.TestCaseExecutor.accessMainPhase(TestCaseExecutor.java:299)
	at com.kms.katalon.core.main.TestCaseExecutor.execute(TestCaseExecutor.java:233)
	at com.kms.katalon.core.main.TestCaseMain.runTestCase(TestCaseMain.java:114)
	at com.kms.katalon.core.keyword.builtin.CallTestCaseKeyword$_callTestCase_closure1.doCall(CallTestCaseKeyword.groovy:59)
	at com.kms.katalon.core.keyword.builtin.CallTestCaseKeyword$_callTestCase_closure1.call(CallTestCaseKeyword.groovy)
	at com.kms.katalon.core.keyword.internal.KeywordMain.runKeyword(KeywordMain.groovy:68)
	at com.kms.katalon.core.keyword.builtin.CallTestCaseKeyword.callTestCase(CallTestCaseKeyword.groovy:81)
	at com.kms.katalon.core.keyword.builtin.CallTestCaseKeyword.execute(CallTestCaseKeyword.groovy:44)
	at com.kms.katalon.core.keyword.internal.KeywordExecutor.executeKeywordForPlatform(KeywordExecutor.groovy:60)
	at com.kms.katalon.core.keyword.BuiltinKeywords.callTestCase(BuiltinKeywords.groovy:334)
	at Give_Feedback.run(Give_Feedback:117)
	at com.kms.katalon.core.main.ScriptEngine.run(ScriptEngine.java:194)
	at com.kms.katalon.core.main.ScriptEngine.runScriptAsRawText(ScriptEngine.java:119)
	at com.kms.katalon.core.main.TestCaseExecutor.runScript(TestCaseExecutor.java:337)
	at com.kms.katalon.core.main.TestCaseExecutor.doExecute(TestCaseExecutor.java:328)
	at com.kms.katalon.core.main.TestCaseExecutor.processExecutionPhase(TestCaseExecutor.java:307)
	at com.kms.katalon.core.main.TestCaseExecutor.accessMainPhase(TestCaseExecutor.java:299)
	at com.kms.katalon.core.main.TestCaseExecutor.execute(TestCaseExecutor.java:233)
	at com.kms.katalon.core.main.TestSuiteExecutor.accessTestCaseMainPhase(TestSuiteExecutor.java:169)
	at com.kms.katalon.core.main.TestSuiteExecutor.accessTestSuiteMainPhase(TestSuiteExecutor.java:142)
	at com.kms.katalon.core.main.TestSuiteExecutor.execute(TestSuiteExecutor.java:91)
	at com.kms.katalon.core.main.TestCaseMain.startTestSuite(TestCaseMain.java:157)
	at com.kms.katalon.core.main.TestCaseMain$startTestSuite$0.call(Unknown Source)
	at TempTestSuite1572621097330.run(TempTestSuite1572621097330.groovy:36)
)
	at com.kms.katalon.core.keyword.internal.KeywordMain.stepFailed(KeywordMain.groovy:39)
	at com.kms.katalon.core.webui.keyword.internal.WebUIKeywordMain.stepFailed(WebUIKeywordMain.groovy:64)
	at com.kms.katalon.core.webui.keyword.builtin.VerifyTextPresentKeyword$_verifyTextPresent_closure1.doCall(VerifyTextPresentKeyword.groovy:79)
	at com.kms.katalon.core.webui.keyword.builtin.VerifyTextPresentKeyword$_verifyTextPresent_closure1.call(VerifyTextPresentKeyword.groovy)
	at com.kms.katalon.core.webui.keyword.internal.WebUIKeywordMain.runKeyword(WebUIKeywordMain.groovy:20)
	at com.kms.katalon.core.webui.keyword.builtin.VerifyTextPresentKeyword.verifyTextPresent(VerifyTextPresentKeyword.groovy:83)
	at com.kms.katalon.core.webui.keyword.builtin.VerifyTextPresentKeyword.execute(VerifyTextPresentKeyword.groovy:68)
	at com.kms.katalon.core.keyword.internal.KeywordExecutor.executeKeywordForPlatform(KeywordExecutor.groovy:60)
	at com.kms.katalon.core.webui.keyword.WebUiBuiltInKeywords.verifyTextPresent(WebUiBuiltInKeywords.groovy:1693)
	at com.kms.katalon.core.webui.keyword.WebUiBuiltInKeywords$verifyTextPresent$6.call(Unknown Source)
	at CAT_Home.run(CAT_Home:61)
	at com.kms.katalon.core.main.ScriptEngine.run(ScriptEngine.java:194)
	at com.kms.katalon.core.main.ScriptEngine.runScriptAsRawText(ScriptEngine.java:119)
	at com.kms.katalon.core.main.TestCaseExecutor.runScript(TestCaseExecutor.java:337)
	at com.kms.katalon.core.main.TestCaseExecutor.doExecute(TestCaseExecutor.java:328)
	at com.kms.katalon.core.main.TestCaseExecutor.processExecutionPhase(TestCaseExecutor.java:307)
	at com.kms.katalon.core.main.TestCaseExecutor.accessMainPhase(TestCaseExecutor.java:299)
	at com.kms.katalon.core.main.TestCaseExecutor.execute(TestCaseExecutor.java:233)
	at com.kms.katalon.core.main.TestCaseMain.runTestCase(TestCaseMain.java:114)
	at com.kms.katalon.core.keyword.builtin.CallTestCaseKeyword$_callTestCase_closure1.doCall(CallTestCaseKeyword.groovy:59)
	... 20 more
Caused by: com.kms.katalon.core.exception.StepFailedException: Text 'Helping you find the right trade or service' is not present on page 
	... 39 more]]></system-out>
      <system-err><![CDATA[2019-11-01 15:13:41 - [TEST_SUITE][FAILED] - Give_Feedback: Test Cases/Give_Feedback/Give_Feedback FAILED.
Reason:
com.kms.katalon.core.exception.StepFailedException: Unable to call Test Case 'Test Cases/Reusable_Test_Sequences/CAT_Home' (Root cause: com.kms.katalon.core.exception.StepFailedException: Call Test Case 'Test Cases/Reusable_Test_Sequences/CAT_Home' failed
	at com.kms.katalon.core.keyword.builtin.CallTestCaseKeyword$_callTestCase_closure1.doCall(CallTestCaseKeyword.groovy:63)
	at com.kms.katalon.core.keyword.builtin.CallTestCaseKeyword$_callTestCase_closure1.call(CallTestCaseKeyword.groovy)
	at com.kms.katalon.core.keyword.internal.KeywordMain.runKeyword(KeywordMain.groovy:68)
	at com.kms.katalon.core.keyword.builtin.CallTestCaseKeyword.callTestCase(CallTestCaseKeyword.groovy:81)
	at com.kms.katalon.core.keyword.builtin.CallTestCaseKeyword.execute(CallTestCaseKeyword.groovy:44)
	at com.kms.katalon.core.keyword.internal.KeywordExecutor.executeKeywordForPlatform(KeywordExecutor.groovy:60)
	at com.kms.katalon.core.keyword.BuiltinKeywords.callTestCase(BuiltinKeywords.groovy:334)
	at Give_Feedback.run(Give_Feedback:117)
	at com.kms.katalon.core.main.ScriptEngine.run(ScriptEngine.java:194)
	at com.kms.katalon.core.main.ScriptEngine.runScriptAsRawText(ScriptEngine.java:119)
	at com.kms.katalon.core.main.TestCaseExecutor.runScript(TestCaseExecutor.java:337)
	at com.kms.katalon.core.main.TestCaseExecutor.doExecute(TestCaseExecutor.java:328)
	at com.kms.katalon.core.main.TestCaseExecutor.processExecutionPhase(TestCaseExecutor.java:307)
	at com.kms.katalon.core.main.TestCaseExecutor.accessMainPhase(TestCaseExecutor.java:299)
	at com.kms.katalon.core.main.TestCaseExecutor.execute(TestCaseExecutor.java:233)
	at com.kms.katalon.core.main.TestSuiteExecutor.accessTestCaseMainPhase(TestSuiteExecutor.java:169)
	at com.kms.katalon.core.main.TestSuiteExecutor.accessTestSuiteMainPhase(TestSuiteExecutor.java:142)
	at com.kms.katalon.core.main.TestSuiteExecutor.execute(TestSuiteExecutor.java:91)
	at com.kms.katalon.core.main.TestCaseMain.startTestSuite(TestCaseMain.java:157)
	at com.kms.katalon.core.main.TestCaseMain$startTestSuite$0.call(Unknown Source)
	at TempTestSuite1572621097330.run(TempTestSuite1572621097330.groovy:36)
Caused by: com.kms.katalon.core.exception.StepFailedException: Text 'Helping you find the right trade or service' is not present on page  (Root cause: com.kms.katalon.core.exception.StepFailedException: Text 'Helping you find the right trade or service' is not present on page 
	at com.kms.katalon.core.webui.keyword.internal.WebUIKeywordMain.stepFailed(WebUIKeywordMain.groovy:64)
	at com.kms.katalon.core.webui.keyword.builtin.VerifyTextPresentKeyword$_verifyTextPresent_closure1.doCall(VerifyTextPresentKeyword.groovy:79)
	at com.kms.katalon.core.webui.keyword.builtin.VerifyTextPresentKeyword$_verifyTextPresent_closure1.call(VerifyTextPresentKeyword.groovy)
	at com.kms.katalon.core.webui.keyword.internal.WebUIKeywordMain.runKeyword(WebUIKeywordMain.groovy:20)
	at com.kms.katalon.core.webui.keyword.builtin.VerifyTextPresentKeyword.verifyTextPresent(VerifyTextPresentKeyword.groovy:83)
	at com.kms.katalon.core.webui.keyword.builtin.VerifyTextPresentKeyword.execute(VerifyTextPresentKeyword.groovy:68)
	at com.kms.katalon.core.keyword.internal.KeywordExecutor.executeKeywordForPlatform(KeywordExecutor.groovy:60)
	at com.kms.katalon.core.webui.keyword.WebUiBuiltInKeywords.verifyTextPresent(WebUiBuiltInKeywords.groovy:1693)
	at com.kms.katalon.core.webui.keyword.WebUiBuiltInKeywords$verifyTextPresent$6.call(Unknown Source)
	at CAT_Home.run(CAT_Home:61)
	at com.kms.katalon.core.main.ScriptEngine.run(ScriptEngine.java:194)
	at com.kms.katalon.core.main.ScriptEngine.runScriptAsRawText(ScriptEngine.java:119)
	at com.kms.katalon.core.main.TestCaseExecutor.runScript(TestCaseExecutor.java:337)
	at com.kms.katalon.core.main.TestCaseExecutor.doExecute(TestCaseExecutor.java:328)
	at com.kms.katalon.core.main.TestCaseExecutor.processExecutionPhase(TestCaseExecutor.java:307)
	at com.kms.katalon.core.main.TestCaseExecutor.accessMainPhase(TestCaseExecutor.java:299)
	at com.kms.katalon.core.main.TestCaseExecutor.execute(TestCaseExecutor.java:233)
	at com.kms.katalon.core.main.TestCaseMain.runTestCase(TestCaseMain.java:114)
	at com.kms.katalon.core.keyword.builtin.CallTestCaseKeyword$_callTestCase_closure1.doCall(CallTestCaseKeyword.groovy:59)
	at com.kms.katalon.core.keyword.builtin.CallTestCaseKeyword$_callTestCase_closure1.call(CallTestCaseKeyword.groovy)
	at com.kms.katalon.core.keyword.internal.KeywordMain.runKeyword(KeywordMain.groovy:68)
	at com.kms.katalon.core.keyword.builtin.CallTestCaseKeyword.callTestCase(CallTestCaseKeyword.groovy:81)
	at com.kms.katalon.core.keyword.builtin.CallTestCaseKeyword.execute(CallTestCaseKeyword.groovy:44)
	at com.kms.katalon.core.keyword.internal.KeywordExecutor.executeKeywordForPlatform(KeywordExecutor.groovy:60)
	at com.kms.katalon.core.keyword.BuiltinKeywords.callTestCase(BuiltinKeywords.groovy:334)
	at Give_Feedback.run(Give_Feedback:117)
	at com.kms.katalon.core.main.ScriptEngine.run(ScriptEngine.java:194)
	at com.kms.katalon.core.main.ScriptEngine.runScriptAsRawText(ScriptEngine.java:119)
	at com.kms.katalon.core.main.TestCaseExecutor.runScript(TestCaseExecutor.java:337)
	at com.kms.katalon.core.main.TestCaseExecutor.doExecute(TestCaseExecutor.java:328)
	at com.kms.katalon.core.main.TestCaseExecutor.processExecutionPhase(TestCaseExecutor.java:307)
	at com.kms.katalon.core.main.TestCaseExecutor.accessMainPhase(TestCaseExecutor.java:299)
	at com.kms.katalon.core.main.TestCaseExecutor.execute(TestCaseExecutor.java:233)
	at com.kms.katalon.core.main.TestSuiteExecutor.accessTestCaseMainPhase(TestSuiteExecutor.java:169)
	at com.kms.katalon.core.main.TestSuiteExecutor.accessTestSuiteMainPhase(TestSuiteExecutor.java:142)
	at com.kms.katalon.core.main.TestSuiteExecutor.execute(TestSuiteExecutor.java:91)
	at com.kms.katalon.core.main.TestCaseMain.startTestSuite(TestCaseMain.java:157)
	at com.kms.katalon.core.main.TestCaseMain$startTestSuite$0.call(Unknown Source)
	at TempTestSuite1572621097330.run(TempTestSuite1572621097330.groovy:36)
)
	at com.kms.katalon.core.keyword.internal.KeywordMain.stepFailed(KeywordMain.groovy:39)
	at com.kms.katalon.core.webui.keyword.internal.WebUIKeywordMain.stepFailed(WebUIKeywordMain.groovy:64)
	at com.kms.katalon.core.webui.keyword.builtin.VerifyTextPresentKeyword$_verifyTextPresent_closure1.doCall(VerifyTextPresentKeyword.groovy:79)
	at com.kms.katalon.core.webui.keyword.builtin.VerifyTextPresentKeyword$_verifyTextPresent_closure1.call(VerifyTextPresentKeyword.groovy)
	at com.kms.katalon.core.webui.keyword.internal.WebUIKeywordMain.runKeyword(WebUIKeywordMain.groovy:20)
	at com.kms.katalon.core.webui.keyword.builtin.VerifyTextPresentKeyword.verifyTextPresent(VerifyTextPresentKeyword.groovy:83)
	at com.kms.katalon.core.webui.keyword.builtin.VerifyTextPresentKeyword.execute(VerifyTextPresentKeyword.groovy:68)
	at com.kms.katalon.core.keyword.internal.KeywordExecutor.executeKeywordForPlatform(KeywordExecutor.groovy:60)
	at com.kms.katalon.core.webui.keyword.WebUiBuiltInKeywords.verifyTextPresent(WebUiBuiltInKeywords.groovy:1693)
	at com.kms.katalon.core.webui.keyword.WebUiBuiltInKeywords$verifyTextPresent$6.call(Unknown Source)
	at CAT_Home.run(CAT_Home:61)
	at com.kms.katalon.core.main.ScriptEngine.run(ScriptEngine.java:194)
	at com.kms.katalon.core.main.ScriptEngine.runScriptAsRawText(ScriptEngine.java:119)
	at com.kms.katalon.core.main.TestCaseExecutor.runScript(TestCaseExecutor.java:337)
	at com.kms.katalon.core.main.TestCaseExecutor.doExecute(TestCaseExecutor.java:328)
	at com.kms.katalon.core.main.TestCaseExecutor.processExecutionPhase(TestCaseExecutor.java:307)
	at com.kms.katalon.core.main.TestCaseExecutor.accessMainPhase(TestCaseExecutor.java:299)
	at com.kms.katalon.core.main.TestCaseExecutor.execute(TestCaseExecutor.java:233)
	at com.kms.katalon.core.main.TestCaseMain.runTestCase(TestCaseMain.java:114)
	at com.kms.katalon.core.keyword.builtin.CallTestCaseKeyword$_callTestCase_closure1.doCall(CallTestCaseKeyword.groovy:59)
	... 20 more
Caused by: com.kms.katalon.core.exception.StepFailedException: Text 'Helping you find the right trade or service' is not present on page 
	... 39 more
)
	at com.kms.katalon.core.keyword.internal.KeywordMain.stepFailed(KeywordMain.groovy:39)
	at com.kms.katalon.core.keyword.internal.KeywordMain.stepFailed(KeywordMain.groovy)
	at com.kms.katalon.core.keyword.internal.KeywordMain.runKeyword(KeywordMain.groovy:70)
	at com.kms.katalon.core.keyword.builtin.CallTestCaseKeyword.callTestCase(CallTestCaseKeyword.groovy:81)
	at com.kms.katalon.core.keyword.builtin.CallTestCaseKeyword.execute(CallTestCaseKeyword.groovy:44)
	at com.kms.katalon.core.keyword.internal.KeywordExecutor.executeKeywordForPlatform(KeywordExecutor.groovy:60)
	at com.kms.katalon.core.keyword.BuiltinKeywords.callTestCase(BuiltinKeywords.groovy:334)
	at Give_Feedback.run(Give_Feedback:117)
	at com.kms.katalon.core.main.ScriptEngine.run(ScriptEngine.java:194)
	at com.kms.katalon.core.main.ScriptEngine.runScriptAsRawText(ScriptEngine.java:119)
	at com.kms.katalon.core.main.TestCaseExecutor.runScript(TestCaseExecutor.java:337)
	at com.kms.katalon.core.main.TestCaseExecutor.doExecute(TestCaseExecutor.java:328)
	at com.kms.katalon.core.main.TestCaseExecutor.processExecutionPhase(TestCaseExecutor.java:307)
	at com.kms.katalon.core.main.TestCaseExecutor.accessMainPhase(TestCaseExecutor.java:299)
	at com.kms.katalon.core.main.TestCaseExecutor.execute(TestCaseExecutor.java:233)
	at com.kms.katalon.core.main.TestSuiteExecutor.accessTestCaseMainPhase(TestSuiteExecutor.java:169)
	at com.kms.katalon.core.main.TestSuiteExecutor.accessTestSuiteMainPhase(TestSuiteExecutor.java:142)
	at com.kms.katalon.core.main.TestSuiteExecutor.execute(TestSuiteExecutor.java:91)
	at com.kms.katalon.core.main.TestCaseMain.startTestSuite(TestCaseMain.java:157)
	at com.kms.katalon.core.main.TestCaseMain$startTestSuite$0.call(Unknown Source)
	at TempTestSuite1572621097330.run(TempTestSuite1572621097330.groovy:36)
Caused by: com.kms.katalon.core.exception.StepFailedException: Call Test Case 'Test Cases/Reusable_Test_Sequences/CAT_Home' failed
	at com.kms.katalon.core.keyword.builtin.CallTestCaseKeyword$_callTestCase_closure1.doCall(CallTestCaseKeyword.groovy:63)
	at com.kms.katalon.core.keyword.builtin.CallTestCaseKeyword$_callTestCase_closure1.call(CallTestCaseKeyword.groovy)
	at com.kms.katalon.core.keyword.internal.KeywordMain.runKeyword(KeywordMain.groovy:68)
	... 18 more
Caused by: com.kms.katalon.core.exception.StepFailedException: Text 'Helping you find the right trade or service' is not present on page  (Root cause: com.kms.katalon.core.exception.StepFailedException: Text 'Helping you find the right trade or service' is not present on page 
	at com.kms.katalon.core.webui.keyword.internal.WebUIKeywordMain.stepFailed(WebUIKeywordMain.groovy:64)
	at com.kms.katalon.core.webui.keyword.builtin.VerifyTextPresentKeyword$_verifyTextPresent_closure1.doCall(VerifyTextPresentKeyword.groovy:79)
	at com.kms.katalon.core.webui.keyword.builtin.VerifyTextPresentKeyword$_verifyTextPresent_closure1.call(VerifyTextPresentKeyword.groovy)
	at com.kms.katalon.core.webui.keyword.internal.WebUIKeywordMain.runKeyword(WebUIKeywordMain.groovy:20)
	at com.kms.katalon.core.webui.keyword.builtin.VerifyTextPresentKeyword.verifyTextPresent(VerifyTextPresentKeyword.groovy:83)
	at com.kms.katalon.core.webui.keyword.builtin.VerifyTextPresentKeyword.execute(VerifyTextPresentKeyword.groovy:68)
	at com.kms.katalon.core.keyword.internal.KeywordExecutor.executeKeywordForPlatform(KeywordExecutor.groovy:60)
	at com.kms.katalon.core.webui.keyword.WebUiBuiltInKeywords.verifyTextPresent(WebUiBuiltInKeywords.groovy:1693)
	at com.kms.katalon.core.webui.keyword.WebUiBuiltInKeywords$verifyTextPresent$6.call(Unknown Source)
	at CAT_Home.run(CAT_Home:61)
	at com.kms.katalon.core.main.ScriptEngine.run(ScriptEngine.java:194)
	at com.kms.katalon.core.main.ScriptEngine.runScriptAsRawText(ScriptEngine.java:119)
	at com.kms.katalon.core.main.TestCaseExecutor.runScript(TestCaseExecutor.java:337)
	at com.kms.katalon.core.main.TestCaseExecutor.doExecute(TestCaseExecutor.java:328)
	at com.kms.katalon.core.main.TestCaseExecutor.processExecutionPhase(TestCaseExecutor.java:307)
	at com.kms.katalon.core.main.TestCaseExecutor.accessMainPhase(TestCaseExecutor.java:299)
	at com.kms.katalon.core.main.TestCaseExecutor.execute(TestCaseExecutor.java:233)
	at com.kms.katalon.core.main.TestCaseMain.runTestCase(TestCaseMain.java:114)
	at com.kms.katalon.core.keyword.builtin.CallTestCaseKeyword$_callTestCase_closure1.doCall(CallTestCaseKeyword.groovy:59)
	at com.kms.katalon.core.keyword.builtin.CallTestCaseKeyword$_callTestCase_closure1.call(CallTestCaseKeyword.groovy)
	at com.kms.katalon.core.keyword.internal.KeywordMain.runKeyword(KeywordMain.groovy:68)
	at com.kms.katalon.core.keyword.builtin.CallTestCaseKeyword.callTestCase(CallTestCaseKeyword.groovy:81)
	at com.kms.katalon.core.keyword.builtin.CallTestCaseKeyword.execute(CallTestCaseKeyword.groovy:44)
	at com.kms.katalon.core.keyword.internal.KeywordExecutor.executeKeywordForPlatform(KeywordExecutor.groovy:60)
	at com.kms.katalon.core.keyword.BuiltinKeywords.callTestCase(BuiltinKeywords.groovy:334)
	at Give_Feedback.run(Give_Feedback:117)
	at com.kms.katalon.core.main.ScriptEngine.run(ScriptEngine.java:194)
	at com.kms.katalon.core.main.ScriptEngine.runScriptAsRawText(ScriptEngine.java:119)
	at com.kms.katalon.core.main.TestCaseExecutor.runScript(TestCaseExecutor.java:337)
	at com.kms.katalon.core.main.TestCaseExecutor.doExecute(TestCaseExecutor.java:328)
	at com.kms.katalon.core.main.TestCaseExecutor.processExecutionPhase(TestCaseExecutor.java:307)
	at com.kms.katalon.core.main.TestCaseExecutor.accessMainPhase(TestCaseExecutor.java:299)
	at com.kms.katalon.core.main.TestCaseExecutor.execute(TestCaseExecutor.java:233)
	at com.kms.katalon.core.main.TestSuiteExecutor.accessTestCaseMainPhase(TestSuiteExecutor.java:169)
	at com.kms.katalon.core.main.TestSuiteExecutor.accessTestSuiteMainPhase(TestSuiteExecutor.java:142)
	at com.kms.katalon.core.main.TestSuiteExecutor.execute(TestSuiteExecutor.java:91)
	at com.kms.katalon.core.main.TestCaseMain.startTestSuite(TestCaseMain.java:157)
	at com.kms.katalon.core.main.TestCaseMain$startTestSuite$0.call(Unknown Source)
	at TempTestSuite1572621097330.run(TempTestSuite1572621097330.groovy:36)
)
	at com.kms.katalon.core.keyword.internal.KeywordMain.stepFailed(KeywordMain.groovy:39)
	at com.kms.katalon.core.webui.keyword.internal.WebUIKeywordMain.stepFailed(WebUIKeywordMain.groovy:64)
	at com.kms.katalon.core.webui.keyword.builtin.VerifyTextPresentKeyword$_verifyTextPresent_closure1.doCall(VerifyTextPresentKeyword.groovy:79)
	at com.kms.katalon.core.webui.keyword.builtin.VerifyTextPresentKeyword$_verifyTextPresent_closure1.call(VerifyTextPresentKeyword.groovy)
	at com.kms.katalon.core.webui.keyword.internal.WebUIKeywordMain.runKeyword(WebUIKeywordMain.groovy:20)
	at com.kms.katalon.core.webui.keyword.builtin.VerifyTextPresentKeyword.verifyTextPresent(VerifyTextPresentKeyword.groovy:83)
	at com.kms.katalon.core.webui.keyword.builtin.VerifyTextPresentKeyword.execute(VerifyTextPresentKeyword.groovy:68)
	at com.kms.katalon.core.keyword.internal.KeywordExecutor.executeKeywordForPlatform(KeywordExecutor.groovy:60)
	at com.kms.katalon.core.webui.keyword.WebUiBuiltInKeywords.verifyTextPresent(WebUiBuiltInKeywords.groovy:1693)
	at com.kms.katalon.core.webui.keyword.WebUiBuiltInKeywords$verifyTextPresent$6.call(Unknown Source)
	at CAT_Home.run(CAT_Home:61)
	at com.kms.katalon.core.main.ScriptEngine.run(ScriptEngine.java:194)
	at com.kms.katalon.core.main.ScriptEngine.runScriptAsRawText(ScriptEngine.java:119)
	at com.kms.katalon.core.main.TestCaseExecutor.runScript(TestCaseExecutor.java:337)
	at com.kms.katalon.core.main.TestCaseExecutor.doExecute(TestCaseExecutor.java:328)
	at com.kms.katalon.core.main.TestCaseExecutor.processExecutionPhase(TestCaseExecutor.java:307)
	at com.kms.katalon.core.main.TestCaseExecutor.accessMainPhase(TestCaseExecutor.java:299)
	at com.kms.katalon.core.main.TestCaseExecutor.execute(TestCaseExecutor.java:233)
	at com.kms.katalon.core.main.TestCaseMain.runTestCase(TestCaseMain.java:114)
	at com.kms.katalon.core.keyword.builtin.CallTestCaseKeyword$_callTestCase_closure1.doCall(CallTestCaseKeyword.groovy:59)
	... 20 more
Caused by: com.kms.katalon.core.exception.StepFailedException: Text 'Helping you find the right trade or service' is not present on page 
	... 39 more]]></system-err>
   </testsuite>
</testsuites>
