<?xml version="1.0" encoding="UTF-8"?>
<testsuites name="Mobile_Devices" time="155.394" tests="1" failures="1" errors="0">
   <testsuite name="Mobile_Devices" tests="1" failures="1" errors="0" time="155.394" timestamp="2020-04-16 07:28:33" hostname="DavidHo - 192.168.1.238" id="Test Suites/Mobile_Devices">
      <properties>
         <property name="deviceName" value=""/>
         <property name="devicePlatform" value=""/>
         <property name="logFolder" value="C:\\Users\\davidho\\git\\src\\Reports\\20200416_072502\\Mobile_Devices\\20200416_072505"/>
         <property name="logFiles" value="C:\\Users\\davidho\\git\\src\\Reports\\20200416_072502\\Mobile_Devices\\20200416_072505\\execution0.log"/>
         <property name="attachments" value=""/>
         <property name="hostName" value="DavidHo - 192.168.1.238"/>
         <property name="os" value="Windows 10 32bit"/>
         <property name="katalonVersion" value="7.3.1.1"/>
         <property name="browser" value="Chrome 81.0.4044.92"/>
         <property name="hostAddress" value="192.168.1.238"/>
         <property name="sessionId" value="5280240f6a00dfd8fffd67f8cd37028f"/>
         <property name="seleniumVersion" value="3.141.59"/>
         <property name="proxyInformation" value="ProxyInformation{proxyOption=NO_PROXY, proxyServerType=HTTP, password=, proxyServerAddress=, proxyServerPort=0, executionList=}"/>
         <property name="platform" value="Windows 10"/>
      </properties>
      <testcase name="Test Cases/Mobile_Devices/Default_Device_Dev" time="154.153" classname="Test Cases/Mobile_Devices/Default_Device_Dev" status="FAILED">
         <failure type="FAILED" message="Test Cases/Mobile_Devices/Default_Device_Dev FAILED.
Reason:
com.kms.katalon.core.exception.StepFailedException: Call Test Case 'Test Cases/Reusable_Test_Sequences/CAT_Verification' failed
	at com.kms.katalon.core.keyword.builtin.CallTestCaseKeyword$_callTestCase_closure1.doCall(CallTestCaseKeyword.groovy:63)
	at com.kms.katalon.core.keyword.builtin.CallTestCaseKeyword$_callTestCase_closure1.call(CallTestCaseKeyword.groovy)
	at com.kms.katalon.core.keyword.internal.KeywordMain.runKeyword(KeywordMain.groovy:68)
	at com.kms.katalon.core.keyword.builtin.CallTestCaseKeyword.callTestCase(CallTestCaseKeyword.groovy:81)
	at com.kms.katalon.core.keyword.builtin.CallTestCaseKeyword.execute(CallTestCaseKeyword.groovy:44)
	at com.kms.katalon.core.keyword.internal.KeywordExecutor.executeKeywordForPlatform(KeywordExecutor.groovy:72)
	at com.kms.katalon.core.keyword.BuiltinKeywords.callTestCase(BuiltinKeywords.groovy:334)
	at Default_Device_Dev.run(Default_Device_Dev:230)
	at com.kms.katalon.core.main.ScriptEngine.run(ScriptEngine.java:194)
	at com.kms.katalon.core.main.ScriptEngine.runScriptAsRawText(ScriptEngine.java:119)
	at com.kms.katalon.core.main.TestCaseExecutor.runScript(TestCaseExecutor.java:337)
	at com.kms.katalon.core.main.TestCaseExecutor.doExecute(TestCaseExecutor.java:328)
	at com.kms.katalon.core.main.TestCaseExecutor.processExecutionPhase(TestCaseExecutor.java:307)
	at com.kms.katalon.core.main.TestCaseExecutor.accessMainPhase(TestCaseExecutor.java:299)
	at com.kms.katalon.core.main.TestCaseExecutor.execute(TestCaseExecutor.java:233)
	at com.kms.katalon.core.main.TestSuiteExecutor.accessTestCaseMainPhase(TestSuiteExecutor.java:169)
	at com.kms.katalon.core.main.TestSuiteExecutor.accessTestSuiteMainPhase(TestSuiteExecutor.java:142)
	at com.kms.katalon.core.main.TestSuiteExecutor.execute(TestSuiteExecutor.java:91)
	at com.kms.katalon.core.main.TestCaseMain.startTestSuite(TestCaseMain.java:157)
	at com.kms.katalon.core.main.TestCaseMain$startTestSuite$0.call(Unknown Source)
	at TempTestSuite1587018305548.run(TempTestSuite1587018305548.groovy:36)
Caused by: com.kms.katalon.core.exception.StepFailedException: Text 'Garage/Vehicle Services' is not present on page  (Root cause: com.kms.katalon.core.exception.StepFailedException: Text 'Garage/Vehicle Services' is not present on page 
	at com.kms.katalon.core.webui.keyword.internal.WebUIKeywordMain.stepFailed(WebUIKeywordMain.groovy:64)
	at com.kms.katalon.core.webui.keyword.builtin.VerifyTextPresentKeyword$_verifyTextPresent_closure1.doCall(VerifyTextPresentKeyword.groovy:79)
	at com.kms.katalon.core.webui.keyword.builtin.VerifyTextPresentKeyword$_verifyTextPresent_closure1.call(VerifyTextPresentKeyword.groovy)
	at com.kms.katalon.core.webui.keyword.internal.WebUIKeywordMain.runKeyword(WebUIKeywordMain.groovy:20)
	at com.kms.katalon.core.webui.keyword.builtin.VerifyTextPresentKeyword.verifyTextPresent(VerifyTextPresentKeyword.groovy:83)
	at com.kms.katalon.core.webui.keyword.builtin.VerifyTextPresentKeyword.execute(VerifyTextPresentKeyword.groovy:68)
	at com.kms.katalon.core.keyword.internal.KeywordExecutor.executeKeywordForPlatform(KeywordExecutor.groovy:72)
	at com.kms.katalon.core.webui.keyword.WebUiBuiltInKeywords.verifyTextPresent(WebUiBuiltInKeywords.groovy:1719)
	at com.kms.katalon.core.webui.keyword.WebUiBuiltInKeywords$verifyTextPresent$12.call(Unknown Source)
	at CAT_Verification.run(CAT_Verification:54)
	at com.kms.katalon.core.main.ScriptEngine.run(ScriptEngine.java:194)
	at com.kms.katalon.core.main.ScriptEngine.runScriptAsRawText(ScriptEngine.java:119)
	at com.kms.katalon.core.main.TestCaseExecutor.runScript(TestCaseExecutor.java:337)
	at com.kms.katalon.core.main.TestCaseExecutor.doExecute(TestCaseExecutor.java:328)
	at com.kms.katalon.core.main.TestCaseExecutor.processExecutionPhase(TestCaseExecutor.java:307)
	at com.kms.katalon.core.main.TestCaseExecutor.accessMainPhase(TestCaseExecutor.java:299)
	at com.kms.katalon.core.main.TestCaseExecutor.execute(TestCaseExecutor.java:233)
	at com.kms.katalon.core.main.TestCaseMain.runTestCase(TestCaseMain.java:114)
	at com.kms.katalon.core.keyword.builtin.CallTestCaseKeyword$_callTestCase_closure1.doCall(CallTestCaseKeyword.groovy:59)
	at com.kms.katalon.core.keyword.builtin.CallTestCaseKeyword$_callTestCase_closure1.call(CallTestCaseKeyword.groovy)
	at com.kms.katalon.core.keyword.internal.KeywordMain.runKeyword(KeywordMain.groovy:68)
	at com.kms.katalon.core.keyword.builtin.CallTestCaseKeyword.callTestCase(CallTestCaseKeyword.groovy:81)
	at com.kms.katalon.core.keyword.builtin.CallTestCaseKeyword.execute(CallTestCaseKeyword.groovy:44)
	at com.kms.katalon.core.keyword.internal.KeywordExecutor.executeKeywordForPlatform(KeywordExecutor.groovy:72)
	at com.kms.katalon.core.keyword.BuiltinKeywords.callTestCase(BuiltinKeywords.groovy:334)
	at Default_Device_Dev.run(Default_Device_Dev:230)
	at com.kms.katalon.core.main.ScriptEngine.run(ScriptEngine.java:194)
	at com.kms.katalon.core.main.ScriptEngine.runScriptAsRawText(ScriptEngine.java:119)
	at com.kms.katalon.core.main.TestCaseExecutor.runScript(TestCaseExecutor.java:337)
	at com.kms.katalon.core.main.TestCaseExecutor.doExecute(TestCaseExecutor.java:328)
	at com.kms.katalon.core.main.TestCaseExecutor.processExecutionPhase(TestCaseExecutor.java:307)
	at com.kms.katalon.core.main.TestCaseExecutor.accessMainPhase(TestCaseExecutor.java:299)
	at com.kms.katalon.core.main.TestCaseExecutor.execute(TestCaseExecutor.java:233)
	at com.kms.katalon.core.main.TestSuiteExecutor.accessTestCaseMainPhase(TestSuiteExecutor.java:169)
	at com.kms.katalon.core.main.TestSuiteExecutor.accessTestSuiteMainPhase(TestSuiteExecutor.java:142)
	at com.kms.katalon.core.main.TestSuiteExecutor.execute(TestSuiteExecutor.java:91)
	at com.kms.katalon.core.main.TestCaseMain.startTestSuite(TestCaseMain.java:157)
	at com.kms.katalon.core.main.TestCaseMain$startTestSuite$0.call(Unknown Source)
	at TempTestSuite1587018305548.run(TempTestSuite1587018305548.groovy:36)
)
	at com.kms.katalon.core.keyword.internal.KeywordMain.stepFailed(KeywordMain.groovy:39)
	at com.kms.katalon.core.webui.keyword.internal.WebUIKeywordMain.stepFailed(WebUIKeywordMain.groovy:64)
	at com.kms.katalon.core.webui.keyword.builtin.VerifyTextPresentKeyword$_verifyTextPresent_closure1.doCall(VerifyTextPresentKeyword.groovy:79)
	at com.kms.katalon.core.webui.keyword.builtin.VerifyTextPresentKeyword$_verifyTextPresent_closure1.call(VerifyTextPresentKeyword.groovy)
	at com.kms.katalon.core.webui.keyword.internal.WebUIKeywordMain.runKeyword(WebUIKeywordMain.groovy:20)
	at com.kms.katalon.core.webui.keyword.builtin.VerifyTextPresentKeyword.verifyTextPresent(VerifyTextPresentKeyword.groovy:83)
	at com.kms.katalon.core.webui.keyword.builtin.VerifyTextPresentKeyword.execute(VerifyTextPresentKeyword.groovy:68)
	at com.kms.katalon.core.keyword.internal.KeywordExecutor.executeKeywordForPlatform(KeywordExecutor.groovy:72)
	at com.kms.katalon.core.webui.keyword.WebUiBuiltInKeywords.verifyTextPresent(WebUiBuiltInKeywords.groovy:1719)
	at com.kms.katalon.core.webui.keyword.WebUiBuiltInKeywords$verifyTextPresent$12.call(Unknown Source)
	at CAT_Verification.run(CAT_Verification:54)
	at com.kms.katalon.core.main.ScriptEngine.run(ScriptEngine.java:194)
	at com.kms.katalon.core.main.ScriptEngine.runScriptAsRawText(ScriptEngine.java:119)
	at com.kms.katalon.core.main.TestCaseExecutor.runScript(TestCaseExecutor.java:337)
	at com.kms.katalon.core.main.TestCaseExecutor.doExecute(TestCaseExecutor.java:328)
	at com.kms.katalon.core.main.TestCaseExecutor.processExecutionPhase(TestCaseExecutor.java:307)
	at com.kms.katalon.core.main.TestCaseExecutor.accessMainPhase(TestCaseExecutor.java:299)
	at com.kms.katalon.core.main.TestCaseExecutor.execute(TestCaseExecutor.java:233)
	at com.kms.katalon.core.main.TestCaseMain.runTestCase(TestCaseMain.java:114)
	at com.kms.katalon.core.keyword.builtin.CallTestCaseKeyword$_callTestCase_closure1.doCall(CallTestCaseKeyword.groovy:59)
	... 20 more
Caused by: com.kms.katalon.core.exception.StepFailedException: Text 'Garage/Vehicle Services' is not present on page 
	... 39 more
"/>
         <system-out><![CDATA[2020-04-16 07:28:33 - [TEST_CASE][FAILED] - Test Cases/Mobile_Devices/Default_Device_Dev: Test Cases/Mobile_Devices/Default_Device_Dev FAILED.
Reason:
com.kms.katalon.core.exception.StepFailedException: Call Test Case 'Test Cases/Reusable_Test_Sequences/CAT_Verification' failed
	at com.kms.katalon.core.keyword.builtin.CallTestCaseKeyword$_callTestCase_closure1.doCall(CallTestCaseKeyword.groovy:63)
	at com.kms.katalon.core.keyword.builtin.CallTestCaseKeyword$_callTestCase_closure1.call(CallTestCaseKeyword.groovy)
	at com.kms.katalon.core.keyword.internal.KeywordMain.runKeyword(KeywordMain.groovy:68)
	at com.kms.katalon.core.keyword.builtin.CallTestCaseKeyword.callTestCase(CallTestCaseKeyword.groovy:81)
	at com.kms.katalon.core.keyword.builtin.CallTestCaseKeyword.execute(CallTestCaseKeyword.groovy:44)
	at com.kms.katalon.core.keyword.internal.KeywordExecutor.executeKeywordForPlatform(KeywordExecutor.groovy:72)
	at com.kms.katalon.core.keyword.BuiltinKeywords.callTestCase(BuiltinKeywords.groovy:334)
	at Default_Device_Dev.run(Default_Device_Dev:230)
	at com.kms.katalon.core.main.ScriptEngine.run(ScriptEngine.java:194)
	at com.kms.katalon.core.main.ScriptEngine.runScriptAsRawText(ScriptEngine.java:119)
	at com.kms.katalon.core.main.TestCaseExecutor.runScript(TestCaseExecutor.java:337)
	at com.kms.katalon.core.main.TestCaseExecutor.doExecute(TestCaseExecutor.java:328)
	at com.kms.katalon.core.main.TestCaseExecutor.processExecutionPhase(TestCaseExecutor.java:307)
	at com.kms.katalon.core.main.TestCaseExecutor.accessMainPhase(TestCaseExecutor.java:299)
	at com.kms.katalon.core.main.TestCaseExecutor.execute(TestCaseExecutor.java:233)
	at com.kms.katalon.core.main.TestSuiteExecutor.accessTestCaseMainPhase(TestSuiteExecutor.java:169)
	at com.kms.katalon.core.main.TestSuiteExecutor.accessTestSuiteMainPhase(TestSuiteExecutor.java:142)
	at com.kms.katalon.core.main.TestSuiteExecutor.execute(TestSuiteExecutor.java:91)
	at com.kms.katalon.core.main.TestCaseMain.startTestSuite(TestCaseMain.java:157)
	at com.kms.katalon.core.main.TestCaseMain$startTestSuite$0.call(Unknown Source)
	at TempTestSuite1587018305548.run(TempTestSuite1587018305548.groovy:36)
Caused by: com.kms.katalon.core.exception.StepFailedException: Text 'Garage/Vehicle Services' is not present on page  (Root cause: com.kms.katalon.core.exception.StepFailedException: Text 'Garage/Vehicle Services' is not present on page 
	at com.kms.katalon.core.webui.keyword.internal.WebUIKeywordMain.stepFailed(WebUIKeywordMain.groovy:64)
	at com.kms.katalon.core.webui.keyword.builtin.VerifyTextPresentKeyword$_verifyTextPresent_closure1.doCall(VerifyTextPresentKeyword.groovy:79)
	at com.kms.katalon.core.webui.keyword.builtin.VerifyTextPresentKeyword$_verifyTextPresent_closure1.call(VerifyTextPresentKeyword.groovy)
	at com.kms.katalon.core.webui.keyword.internal.WebUIKeywordMain.runKeyword(WebUIKeywordMain.groovy:20)
	at com.kms.katalon.core.webui.keyword.builtin.VerifyTextPresentKeyword.verifyTextPresent(VerifyTextPresentKeyword.groovy:83)
	at com.kms.katalon.core.webui.keyword.builtin.VerifyTextPresentKeyword.execute(VerifyTextPresentKeyword.groovy:68)
	at com.kms.katalon.core.keyword.internal.KeywordExecutor.executeKeywordForPlatform(KeywordExecutor.groovy:72)
	at com.kms.katalon.core.webui.keyword.WebUiBuiltInKeywords.verifyTextPresent(WebUiBuiltInKeywords.groovy:1719)
	at com.kms.katalon.core.webui.keyword.WebUiBuiltInKeywords$verifyTextPresent$12.call(Unknown Source)
	at CAT_Verification.run(CAT_Verification:54)
	at com.kms.katalon.core.main.ScriptEngine.run(ScriptEngine.java:194)
	at com.kms.katalon.core.main.ScriptEngine.runScriptAsRawText(ScriptEngine.java:119)
	at com.kms.katalon.core.main.TestCaseExecutor.runScript(TestCaseExecutor.java:337)
	at com.kms.katalon.core.main.TestCaseExecutor.doExecute(TestCaseExecutor.java:328)
	at com.kms.katalon.core.main.TestCaseExecutor.processExecutionPhase(TestCaseExecutor.java:307)
	at com.kms.katalon.core.main.TestCaseExecutor.accessMainPhase(TestCaseExecutor.java:299)
	at com.kms.katalon.core.main.TestCaseExecutor.execute(TestCaseExecutor.java:233)
	at com.kms.katalon.core.main.TestCaseMain.runTestCase(TestCaseMain.java:114)
	at com.kms.katalon.core.keyword.builtin.CallTestCaseKeyword$_callTestCase_closure1.doCall(CallTestCaseKeyword.groovy:59)
	at com.kms.katalon.core.keyword.builtin.CallTestCaseKeyword$_callTestCase_closure1.call(CallTestCaseKeyword.groovy)
	at com.kms.katalon.core.keyword.internal.KeywordMain.runKeyword(KeywordMain.groovy:68)
	at com.kms.katalon.core.keyword.builtin.CallTestCaseKeyword.callTestCase(CallTestCaseKeyword.groovy:81)
	at com.kms.katalon.core.keyword.builtin.CallTestCaseKeyword.execute(CallTestCaseKeyword.groovy:44)
	at com.kms.katalon.core.keyword.internal.KeywordExecutor.executeKeywordForPlatform(KeywordExecutor.groovy:72)
	at com.kms.katalon.core.keyword.BuiltinKeywords.callTestCase(BuiltinKeywords.groovy:334)
	at Default_Device_Dev.run(Default_Device_Dev:230)
	at com.kms.katalon.core.main.ScriptEngine.run(ScriptEngine.java:194)
	at com.kms.katalon.core.main.ScriptEngine.runScriptAsRawText(ScriptEngine.java:119)
	at com.kms.katalon.core.main.TestCaseExecutor.runScript(TestCaseExecutor.java:337)
	at com.kms.katalon.core.main.TestCaseExecutor.doExecute(TestCaseExecutor.java:328)
	at com.kms.katalon.core.main.TestCaseExecutor.processExecutionPhase(TestCaseExecutor.java:307)
	at com.kms.katalon.core.main.TestCaseExecutor.accessMainPhase(TestCaseExecutor.java:299)
	at com.kms.katalon.core.main.TestCaseExecutor.execute(TestCaseExecutor.java:233)
	at com.kms.katalon.core.main.TestSuiteExecutor.accessTestCaseMainPhase(TestSuiteExecutor.java:169)
	at com.kms.katalon.core.main.TestSuiteExecutor.accessTestSuiteMainPhase(TestSuiteExecutor.java:142)
	at com.kms.katalon.core.main.TestSuiteExecutor.execute(TestSuiteExecutor.java:91)
	at com.kms.katalon.core.main.TestCaseMain.startTestSuite(TestCaseMain.java:157)
	at com.kms.katalon.core.main.TestCaseMain$startTestSuite$0.call(Unknown Source)
	at TempTestSuite1587018305548.run(TempTestSuite1587018305548.groovy:36)
)
	at com.kms.katalon.core.keyword.internal.KeywordMain.stepFailed(KeywordMain.groovy:39)
	at com.kms.katalon.core.webui.keyword.internal.WebUIKeywordMain.stepFailed(WebUIKeywordMain.groovy:64)
	at com.kms.katalon.core.webui.keyword.builtin.VerifyTextPresentKeyword$_verifyTextPresent_closure1.doCall(VerifyTextPresentKeyword.groovy:79)
	at com.kms.katalon.core.webui.keyword.builtin.VerifyTextPresentKeyword$_verifyTextPresent_closure1.call(VerifyTextPresentKeyword.groovy)
	at com.kms.katalon.core.webui.keyword.internal.WebUIKeywordMain.runKeyword(WebUIKeywordMain.groovy:20)
	at com.kms.katalon.core.webui.keyword.builtin.VerifyTextPresentKeyword.verifyTextPresent(VerifyTextPresentKeyword.groovy:83)
	at com.kms.katalon.core.webui.keyword.builtin.VerifyTextPresentKeyword.execute(VerifyTextPresentKeyword.groovy:68)
	at com.kms.katalon.core.keyword.internal.KeywordExecutor.executeKeywordForPlatform(KeywordExecutor.groovy:72)
	at com.kms.katalon.core.webui.keyword.WebUiBuiltInKeywords.verifyTextPresent(WebUiBuiltInKeywords.groovy:1719)
	at com.kms.katalon.core.webui.keyword.WebUiBuiltInKeywords$verifyTextPresent$12.call(Unknown Source)
	at CAT_Verification.run(CAT_Verification:54)
	at com.kms.katalon.core.main.ScriptEngine.run(ScriptEngine.java:194)
	at com.kms.katalon.core.main.ScriptEngine.runScriptAsRawText(ScriptEngine.java:119)
	at com.kms.katalon.core.main.TestCaseExecutor.runScript(TestCaseExecutor.java:337)
	at com.kms.katalon.core.main.TestCaseExecutor.doExecute(TestCaseExecutor.java:328)
	at com.kms.katalon.core.main.TestCaseExecutor.processExecutionPhase(TestCaseExecutor.java:307)
	at com.kms.katalon.core.main.TestCaseExecutor.accessMainPhase(TestCaseExecutor.java:299)
	at com.kms.katalon.core.main.TestCaseExecutor.execute(TestCaseExecutor.java:233)
	at com.kms.katalon.core.main.TestCaseMain.runTestCase(TestCaseMain.java:114)
	at com.kms.katalon.core.keyword.builtin.CallTestCaseKeyword$_callTestCase_closure1.doCall(CallTestCaseKeyword.groovy:59)
	... 20 more
Caused by: com.kms.katalon.core.exception.StepFailedException: Text 'Garage/Vehicle Services' is not present on page 
	... 39 more


2020-04-16 07:28:34 - [TEST_STEP][PASSED] - "-----------------------------------------": null

2020-04-16 07:28:34 - [TEST_STEP][PASSED] - " CONFIGURED TO RUN ON CHROME ONLY!       |": null

2020-04-16 07:28:34 - [TEST_STEP][PASSED] - "-----------------------------------------": null

2020-04-16 07:28:34 - [TEST_STEP][PASSED] - "------------------------------------------------------------------------------------------------------": null

2020-04-16 07:28:34 - [TEST_STEP][PASSED] - "TODO script need to be Restructure - Using browser Capabilities rather than setViewPortSize           |": null

2020-04-16 07:28:34 - [TEST_STEP][PASSED] - "------------------------------------------------------------------------------------------------------": null

2020-04-16 07:28:34 - [TEST_STEP][FAILED] - for ([row = 1, row <= findTestData("Mobile_Test_Data").getRowNumbers(), (internal.GlobalVariable.row++)]): Unable to call Test Case 'Test Cases/Reusable_Test_Sequences/CAT_Verification' (Root cause: com.kms.katalon.core.exception.StepFailedException: Call Test Case 'Test Cases/Reusable_Test_Sequences/CAT_Verification' failed
	at com.kms.katalon.core.keyword.builtin.CallTestCaseKeyword$_callTestCase_closure1.doCall(CallTestCaseKeyword.groovy:63)
	at com.kms.katalon.core.keyword.builtin.CallTestCaseKeyword$_callTestCase_closure1.call(CallTestCaseKeyword.groovy)
	at com.kms.katalon.core.keyword.internal.KeywordMain.runKeyword(KeywordMain.groovy:68)
	at com.kms.katalon.core.keyword.builtin.CallTestCaseKeyword.callTestCase(CallTestCaseKeyword.groovy:81)
	at com.kms.katalon.core.keyword.builtin.CallTestCaseKeyword.execute(CallTestCaseKeyword.groovy:44)
	at com.kms.katalon.core.keyword.internal.KeywordExecutor.executeKeywordForPlatform(KeywordExecutor.groovy:72)
	at com.kms.katalon.core.keyword.BuiltinKeywords.callTestCase(BuiltinKeywords.groovy:334)
	at Default_Device_Dev.run(Default_Device_Dev:230)
	at com.kms.katalon.core.main.ScriptEngine.run(ScriptEngine.java:194)
	at com.kms.katalon.core.main.ScriptEngine.runScriptAsRawText(ScriptEngine.java:119)
	at com.kms.katalon.core.main.TestCaseExecutor.runScript(TestCaseExecutor.java:337)
	at com.kms.katalon.core.main.TestCaseExecutor.doExecute(TestCaseExecutor.java:328)
	at com.kms.katalon.core.main.TestCaseExecutor.processExecutionPhase(TestCaseExecutor.java:307)
	at com.kms.katalon.core.main.TestCaseExecutor.accessMainPhase(TestCaseExecutor.java:299)
	at com.kms.katalon.core.main.TestCaseExecutor.execute(TestCaseExecutor.java:233)
	at com.kms.katalon.core.main.TestSuiteExecutor.accessTestCaseMainPhase(TestSuiteExecutor.java:169)
	at com.kms.katalon.core.main.TestSuiteExecutor.accessTestSuiteMainPhase(TestSuiteExecutor.java:142)
	at com.kms.katalon.core.main.TestSuiteExecutor.execute(TestSuiteExecutor.java:91)
	at com.kms.katalon.core.main.TestCaseMain.startTestSuite(TestCaseMain.java:157)
	at com.kms.katalon.core.main.TestCaseMain$startTestSuite$0.call(Unknown Source)
	at TempTestSuite1587018305548.run(TempTestSuite1587018305548.groovy:36)
Caused by: com.kms.katalon.core.exception.StepFailedException: Text 'Garage/Vehicle Services' is not present on page  (Root cause: com.kms.katalon.core.exception.StepFailedException: Text 'Garage/Vehicle Services' is not present on page 
	at com.kms.katalon.core.webui.keyword.internal.WebUIKeywordMain.stepFailed(WebUIKeywordMain.groovy:64)
	at com.kms.katalon.core.webui.keyword.builtin.VerifyTextPresentKeyword$_verifyTextPresent_closure1.doCall(VerifyTextPresentKeyword.groovy:79)
	at com.kms.katalon.core.webui.keyword.builtin.VerifyTextPresentKeyword$_verifyTextPresent_closure1.call(VerifyTextPresentKeyword.groovy)
	at com.kms.katalon.core.webui.keyword.internal.WebUIKeywordMain.runKeyword(WebUIKeywordMain.groovy:20)
	at com.kms.katalon.core.webui.keyword.builtin.VerifyTextPresentKeyword.verifyTextPresent(VerifyTextPresentKeyword.groovy:83)
	at com.kms.katalon.core.webui.keyword.builtin.VerifyTextPresentKeyword.execute(VerifyTextPresentKeyword.groovy:68)
	at com.kms.katalon.core.keyword.internal.KeywordExecutor.executeKeywordForPlatform(KeywordExecutor.groovy:72)
	at com.kms.katalon.core.webui.keyword.WebUiBuiltInKeywords.verifyTextPresent(WebUiBuiltInKeywords.groovy:1719)
	at com.kms.katalon.core.webui.keyword.WebUiBuiltInKeywords$verifyTextPresent$12.call(Unknown Source)
	at CAT_Verification.run(CAT_Verification:54)
	at com.kms.katalon.core.main.ScriptEngine.run(ScriptEngine.java:194)
	at com.kms.katalon.core.main.ScriptEngine.runScriptAsRawText(ScriptEngine.java:119)
	at com.kms.katalon.core.main.TestCaseExecutor.runScript(TestCaseExecutor.java:337)
	at com.kms.katalon.core.main.TestCaseExecutor.doExecute(TestCaseExecutor.java:328)
	at com.kms.katalon.core.main.TestCaseExecutor.processExecutionPhase(TestCaseExecutor.java:307)
	at com.kms.katalon.core.main.TestCaseExecutor.accessMainPhase(TestCaseExecutor.java:299)
	at com.kms.katalon.core.main.TestCaseExecutor.execute(TestCaseExecutor.java:233)
	at com.kms.katalon.core.main.TestCaseMain.runTestCase(TestCaseMain.java:114)
	at com.kms.katalon.core.keyword.builtin.CallTestCaseKeyword$_callTestCase_closure1.doCall(CallTestCaseKeyword.groovy:59)
	at com.kms.katalon.core.keyword.builtin.CallTestCaseKeyword$_callTestCase_closure1.call(CallTestCaseKeyword.groovy)
	at com.kms.katalon.core.keyword.internal.KeywordMain.runKeyword(KeywordMain.groovy:68)
	at com.kms.katalon.core.keyword.builtin.CallTestCaseKeyword.callTestCase(CallTestCaseKeyword.groovy:81)
	at com.kms.katalon.core.keyword.builtin.CallTestCaseKeyword.execute(CallTestCaseKeyword.groovy:44)
	at com.kms.katalon.core.keyword.internal.KeywordExecutor.executeKeywordForPlatform(KeywordExecutor.groovy:72)
	at com.kms.katalon.core.keyword.BuiltinKeywords.callTestCase(BuiltinKeywords.groovy:334)
	at Default_Device_Dev.run(Default_Device_Dev:230)
	at com.kms.katalon.core.main.ScriptEngine.run(ScriptEngine.java:194)
	at com.kms.katalon.core.main.ScriptEngine.runScriptAsRawText(ScriptEngine.java:119)
	at com.kms.katalon.core.main.TestCaseExecutor.runScript(TestCaseExecutor.java:337)
	at com.kms.katalon.core.main.TestCaseExecutor.doExecute(TestCaseExecutor.java:328)
	at com.kms.katalon.core.main.TestCaseExecutor.processExecutionPhase(TestCaseExecutor.java:307)
	at com.kms.katalon.core.main.TestCaseExecutor.accessMainPhase(TestCaseExecutor.java:299)
	at com.kms.katalon.core.main.TestCaseExecutor.execute(TestCaseExecutor.java:233)
	at com.kms.katalon.core.main.TestSuiteExecutor.accessTestCaseMainPhase(TestSuiteExecutor.java:169)
	at com.kms.katalon.core.main.TestSuiteExecutor.accessTestSuiteMainPhase(TestSuiteExecutor.java:142)
	at com.kms.katalon.core.main.TestSuiteExecutor.execute(TestSuiteExecutor.java:91)
	at com.kms.katalon.core.main.TestCaseMain.startTestSuite(TestCaseMain.java:157)
	at com.kms.katalon.core.main.TestCaseMain$startTestSuite$0.call(Unknown Source)
	at TempTestSuite1587018305548.run(TempTestSuite1587018305548.groovy:36)
)
	at com.kms.katalon.core.keyword.internal.KeywordMain.stepFailed(KeywordMain.groovy:39)
	at com.kms.katalon.core.webui.keyword.internal.WebUIKeywordMain.stepFailed(WebUIKeywordMain.groovy:64)
	at com.kms.katalon.core.webui.keyword.builtin.VerifyTextPresentKeyword$_verifyTextPresent_closure1.doCall(VerifyTextPresentKeyword.groovy:79)
	at com.kms.katalon.core.webui.keyword.builtin.VerifyTextPresentKeyword$_verifyTextPresent_closure1.call(VerifyTextPresentKeyword.groovy)
	at com.kms.katalon.core.webui.keyword.internal.WebUIKeywordMain.runKeyword(WebUIKeywordMain.groovy:20)
	at com.kms.katalon.core.webui.keyword.builtin.VerifyTextPresentKeyword.verifyTextPresent(VerifyTextPresentKeyword.groovy:83)
	at com.kms.katalon.core.webui.keyword.builtin.VerifyTextPresentKeyword.execute(VerifyTextPresentKeyword.groovy:68)
	at com.kms.katalon.core.keyword.internal.KeywordExecutor.executeKeywordForPlatform(KeywordExecutor.groovy:72)
	at com.kms.katalon.core.webui.keyword.WebUiBuiltInKeywords.verifyTextPresent(WebUiBuiltInKeywords.groovy:1719)
	at com.kms.katalon.core.webui.keyword.WebUiBuiltInKeywords$verifyTextPresent$12.call(Unknown Source)
	at CAT_Verification.run(CAT_Verification:54)
	at com.kms.katalon.core.main.ScriptEngine.run(ScriptEngine.java:194)
	at com.kms.katalon.core.main.ScriptEngine.runScriptAsRawText(ScriptEngine.java:119)
	at com.kms.katalon.core.main.TestCaseExecutor.runScript(TestCaseExecutor.java:337)
	at com.kms.katalon.core.main.TestCaseExecutor.doExecute(TestCaseExecutor.java:328)
	at com.kms.katalon.core.main.TestCaseExecutor.processExecutionPhase(TestCaseExecutor.java:307)
	at com.kms.katalon.core.main.TestCaseExecutor.accessMainPhase(TestCaseExecutor.java:299)
	at com.kms.katalon.core.main.TestCaseExecutor.execute(TestCaseExecutor.java:233)
	at com.kms.katalon.core.main.TestCaseMain.runTestCase(TestCaseMain.java:114)
	at com.kms.katalon.core.keyword.builtin.CallTestCaseKeyword$_callTestCase_closure1.doCall(CallTestCaseKeyword.groovy:59)
	... 20 more
Caused by: com.kms.katalon.core.exception.StepFailedException: Text 'Garage/Vehicle Services' is not present on page 
	... 39 more
)

2020-04-16 07:28:36 - [TEST_STEP][PASSED] - "------------------------------": null

2020-04-16 07:28:36 - [TEST_STEP][PASSED] - " Set Mobile Device Testing    |": null

2020-04-16 07:28:36 - [TEST_STEP][PASSED] - Mobile_Flag = "false": null

2020-04-16 07:28:36 - [TEST_STEP][PASSED] - "------------------------------": null

2020-04-16 07:28:36 - [TEST_STEP][PASSED] - " Set Mobile Device Testing    |": null

2020-04-16 07:28:36 - [TEST_STEP][PASSED] - callTestCase(findTestCase("Reusable_Test_Sequences/CAT_Setup"), [:], OPTIONAL): Call Test Case 'Test Cases/Reusable_Test_Sequences/CAT_Setup' successfully

2020-04-16 07:28:36 - [TEST_CASE][PASSED] - Test Cases/Reusable_Test_Sequences/CAT_Setup: Test Cases/Reusable_Test_Sequences/CAT_Setup

2020-04-16 07:28:36 - [TEST_STEP][PASSED] - "------------------------------": null

2020-04-16 07:28:36 - [TEST_STEP][PASSED] - " Set Mobile Device Testing    |": null

2020-04-16 07:28:36 - [TEST_STEP][PASSED] - if (Mobile_Flag == "true"): null

2020-04-16 07:28:36 - [TEST_STEP][PASSED] - "------------------------------": null

2020-04-16 07:28:36 - [TEST_STEP][PASSED] - " Set Mobile Device Testing    |": null

2020-04-16 07:28:36 - [TEST_STEP][PASSED] - "------------------------------": null

2020-04-16 07:28:36 - [TEST_STEP][PASSED] - "URL - Set from the ENVIRONMENT PROFILE ": null

2020-04-16 07:28:36 - [TEST_STEP][PASSED] - openBrowser(URL): Browser is opened with url: 'https://www.preview.checkatrade.com/'

2020-04-16 07:28:36 - [MESSAGE][INFO] - Starting 'Chrome' driver

2020-04-16 07:28:36 - [MESSAGE][INFO] - Action delay is set to 0 milliseconds

2020-04-16 07:28:45 - [MESSAGE][PASSED] - Browser is opened with url: 'https://www.preview.checkatrade.com/'

2020-04-16 07:28:45 - [TEST_STEP][PASSED] - maximizeWindow(): Current window maximized

2020-04-16 07:28:48 - [MESSAGE][PASSED] - Current window maximized

2020-04-16 07:28:48 - [TEST_STEP][PASSED] - waitForPageLoad(60): Wait for page load successfully

2020-04-16 07:28:48 - [MESSAGE][PASSED] - Wait for page load successfully

2020-04-16 07:28:48 - [TEST_STEP][PASSED] - "Previous Functionalilty Left Commented For Ease Of reversion": null

2020-04-16 07:28:48 - [TEST_STEP][PASSED] - " Katalon Try/Catches currently have issues? SEE HEADER": null

2020-04-16 07:28:48 - [TEST_STEP][PASSED] - try: Text 'Cookie Policy' is not present on page

2020-04-16 07:28:48 - [TEST_STEP][PASSED] - verifyElementPresent(findTestObject("Object Repository/Cookies/Page_Checkatrade Find a tradesperson you can trust/button_Accept All"), 5, OPTIONAL): Object 'Object Repository/Cookies/Page_Checkatrade Find a tradesperson you can trust/button_Accept All' is present

2020-04-16 07:28:48 - [MESSAGE][PASSED] - Object 'Object Repository/Cookies/Page_Checkatrade Find a tradesperson you can trust/button_Accept All' is present

2020-04-16 07:28:48 - [TEST_STEP][PASSED] - click(findTestObject("Object Repository/Cookies/Page_Checkatrade Find a tradesperson you can trust/button_Accept All"), OPTIONAL): Object: 'Object Repository/Cookies/Page_Checkatrade Find a tradesperson you can trust/button_Accept All' is clicked on

2020-04-16 07:28:48 - [MESSAGE][PASSED] - Object: 'Object Repository/Cookies/Page_Checkatrade Find a tradesperson you can trust/button_Accept All' is clicked on

2020-04-16 07:28:48 - [TEST_STEP][PASSED] - "---------------------------------": null

2020-04-16 07:28:48 - [TEST_STEP][PASSED] - "COOKIE POPOUT REMOVED - Confirmed": null

2020-04-16 07:28:48 - [TEST_STEP][PASSED] - delay(1): Delayed 1 second(s)

2020-04-16 07:28:49 - [MESSAGE][PASSED] - Delayed 1 second(s)

2020-04-16 07:28:49 - [TEST_STEP][PASSED] - verifyTextNotPresent("We use cookies to personalise content and ads, to provide social media features and to analyse our traffic", false): Text 'We use cookies to personalise content and ads, to provide social media features and to analyse our traffic' is not present on page

2020-04-16 07:28:50 - [MESSAGE][PASSED] - Text 'We use cookies to personalise content and ads, to provide social media features and to analyse our traffic' is not present on page

2020-04-16 07:28:50 - [TEST_STEP][PASSED] - verifyTextNotPresent(" We also share information about your use of our site with our social media, advertising and analytics partners", false): Text ' We also share information about your use of our site with our social media, advertising and analytics partners' is not present on page

2020-04-16 07:28:50 - [MESSAGE][PASSED] - Text ' We also share information about your use of our site with our social media, advertising and analytics partners' is not present on page

2020-04-16 07:28:50 - [TEST_STEP][PASSED] - verifyTextNotPresent("Cookie Policy", false): Text 'Cookie Policy' is not present on page

2020-04-16 07:28:50 - [MESSAGE][PASSED] - Text 'Cookie Policy' is not present on page

2020-04-16 07:28:50 - [TEST_STEP][PASSED] - waitForPageLoad(60): Wait for page load successfully

2020-04-16 07:28:50 - [MESSAGE][PASSED] - Wait for page load successfully

2020-04-16 07:28:50 - [TEST_STEP][PASSED] - "COOKIE - ORIGINAL": null

2020-04-16 07:28:50 - [TEST_STEP][PASSED] - if (waitForElementVisible(findTestObject("Object Repository/Feedback/Page_Checkatrade Give your feedback/input_Member_to_Review"), 5)): Web element with id: 'Object Repository/Feedback/Page_Checkatrade Give your feedback/input_Member_to_Review' located by 'By.xpath: //input[@id='feedback-form__company_autocomplete_input']' not found

2020-04-16 07:28:55 - [MESSAGE][INFO] - Unable to find the element located by 'By.xpath: //input[@id='feedback-form__company_autocomplete_input']'. Please recheck the objects properties to make sure the desired element is located. 

2020-04-16 07:28:55 - [MESSAGE][WARNING] - Web element with id: 'Object Repository/Feedback/Page_Checkatrade Give your feedback/input_Member_to_Review' located by 'By.xpath: //input[@id='feedback-form__company_autocomplete_input']' not found

2020-04-16 07:28:55 - [TEST_STEP][PASSED] - else: The <<<OLD>>> Website was detected by the STARTUP Process

2020-04-16 07:28:55 - [TEST_STEP][PASSED] - if (!(verifyElementVisible(findTestObject("Object Repository/Checkatrade_Trade_Search_Page/Page_Checkatrade Find a tradesperson you can trust/input_Search_Button_FF")))): Object 'Object Repository/Checkatrade_Trade_Search_Page/Page_Checkatrade Find a tradesperson you can trust/input_Search_Button_FF' is visible

2020-04-16 07:28:56 - [MESSAGE][PASSED] - Object 'Object Repository/Checkatrade_Trade_Search_Page/Page_Checkatrade Find a tradesperson you can trust/input_Search_Button_FF' is visible

2020-04-16 07:28:56 - [TEST_STEP][PASSED] - else: The <<<OLD>>> Website was detected by the STARTUP Process

2020-04-16 07:28:56 - [TEST_STEP][PASSED] - Website_Version = "old": null

2020-04-16 07:28:56 - [TEST_STEP][PASSED] - logInfo("The <<<OLD>>> Website was detected by the STARTUP Process"): The <<<OLD>>> Website was detected by the STARTUP Process

2020-04-16 07:28:56 - [MESSAGE][INFO] - The <<<OLD>>> Website was detected by the STARTUP Process

2020-04-16 07:28:56 - [MESSAGE][PASSED] - Call Test Case 'Test Cases/Reusable_Test_Sequences/CAT_Setup' successfully

2020-04-16 07:28:56 - [TEST_STEP][PASSED] - " ALTERNATIVE SCREEN RESOLUTION SELECTION METHOD": null

2020-04-16 07:28:56 - [TEST_STEP][PASSED] - " Block Comment Start": null

2020-04-16 07:28:56 - [TEST_STEP][PASSED] - " ACTUAL SCREEN RESOLUTION SELECTION METHOD USED": null

2020-04-16 07:28:56 - [TEST_STEP][PASSED] - XCOORD = Integer.parseInt(findTestData("searchTestData").getValue("X_COORD", row)): null

2020-04-16 07:28:56 - [TEST_STEP][PASSED] - YCOORD = Integer.parseInt(findTestData("searchTestData").getValue("Y_COORD", row)): null

2020-04-16 07:28:56 - [TEST_STEP][PASSED] - setViewPortSize(XCOORD, YCOORD): Viewport is set to new size with width = 800 and height = 1000

2020-04-16 07:28:56 - [MESSAGE][PASSED] - Viewport is set to new size with width = 800 and height = 1000

2020-04-16 07:28:56 - [TEST_STEP][PASSED] - waitForPageLoad(60): Wait for page load successfully

2020-04-16 07:28:56 - [MESSAGE][PASSED] - Wait for page load successfully

2020-04-16 07:28:56 - [TEST_STEP][PASSED] - markPassed("Set View Port Size is currently SET to X AXIS " + XCOORD + " Y AXIS " + YCOORD): Set View Port Size is currently SET to X AXIS 800 Y AXIS 1000

2020-04-16 07:28:56 - [MESSAGE][PASSED] - Set View Port Size is currently SET to X AXIS 800 Y AXIS 1000

2020-04-16 07:28:56 - [TEST_STEP][PASSED] - markPassed("Set View Port Size is currently SET to X AXIS " + XCOORD + " Y AXIS " + YCOORD): Set View Port Size is currently SET to X AXIS 800 Y AXIS 1000

2020-04-16 07:28:56 - [MESSAGE][PASSED] - Set View Port Size is currently SET to X AXIS 800 Y AXIS 1000

2020-04-16 07:28:56 - [TEST_STEP][PASSED] - " Block Commen End": null

2020-04-16 07:28:56 - [TEST_STEP][PASSED] - "---------------------------------------": null

2020-04-16 07:28:56 - [TEST_STEP][PASSED] - " Set and SEARCH TRADE CLASSIFICATION   |": null

2020-04-16 07:28:56 - [TEST_STEP][PASSED] - callTestCase(findTestCase("Reusable_Test_Sequences/CAT_Enter_Trade_Classification"), [:], CONTINUE_ON_FAILURE): Call Test Case 'Test Cases/Reusable_Test_Sequences/CAT_Enter_Trade_Classification' successfully

2020-04-16 07:28:56 - [TEST_CASE][PASSED] - Test Cases/Reusable_Test_Sequences/CAT_Enter_Trade_Classification: Test Cases/Reusable_Test_Sequences/CAT_Enter_Trade_Classification

2020-04-16 07:28:57 - [TEST_STEP][PASSED] - "---------------------------------": null

2020-04-16 07:28:57 - [TEST_STEP][PASSED] - "Set and SEARCH SELECTED TRADE": null

2020-04-16 07:28:57 - [TEST_STEP][PASSED] - if (Website_Version == "new"): null

2020-04-16 07:28:57 - [TEST_STEP][PASSED] - else: Object: 'Object Repository/Checkatrade_Trade_Search_Page/Page_Checkatrade Find a tradesperson you can trust/input_Search_Button_FF' is clicked on

2020-04-16 07:28:57 - [TEST_STEP][PASSED] - waitForElementPresent(findTestObject("Object Repository/Checkatrade_Trade_Search_Page/Page_Checkatrade Find a tradesperson you can trust/input_Search_Button_FF"), 60): Object 'Object Repository/Checkatrade_Trade_Search_Page/Page_Checkatrade Find a tradesperson you can trust/input_Search_Button_FF' is present

2020-04-16 07:28:57 - [MESSAGE][PASSED] - Object 'Object Repository/Checkatrade_Trade_Search_Page/Page_Checkatrade Find a tradesperson you can trust/input_Search_Button_FF' is present

2020-04-16 07:28:57 - [TEST_STEP][PASSED] - click(findTestObject("Object Repository/Checkatrade_Trade_Search_Page/Page_Checkatrade Find a tradesperson you can trust/input_Search_Button_FF")): Object: 'Object Repository/Checkatrade_Trade_Search_Page/Page_Checkatrade Find a tradesperson you can trust/input_Search_Button_FF' is clicked on

2020-04-16 07:28:58 - [MESSAGE][PASSED] - Object: 'Object Repository/Checkatrade_Trade_Search_Page/Page_Checkatrade Find a tradesperson you can trust/input_Search_Button_FF' is clicked on

2020-04-16 07:28:58 - [TEST_STEP][PASSED] - setText(findTestObject("Object Repository/Checkatrade_Trade_Search_Page/Page_Checkatrade Find a tradesperson you can trust/input_Search_Button_FF"), findTestData("searchTestData").getValue("tradeClassification", row)): Text 'Tree Surgeon' is set on object 'Object Repository/Checkatrade_Trade_Search_Page/Page_Checkatrade Find a tradesperson you can trust/input_Search_Button_FF'

2020-04-16 07:28:58 - [MESSAGE][PASSED] - Text 'Tree Surgeon' is set on object 'Object Repository/Checkatrade_Trade_Search_Page/Page_Checkatrade Find a tradesperson you can trust/input_Search_Button_FF'

2020-04-16 07:28:58 - [TEST_STEP][PASSED] - click(findTestObject("Object Repository/Checkatrade_Trade_Search_Page/Page_Checkatrade Find a tradesperson you can trust/input_Search_Button_FF")): Object: 'Object Repository/Checkatrade_Trade_Search_Page/Page_Checkatrade Find a tradesperson you can trust/input_Search_Button_FF' is clicked on

2020-04-16 07:28:58 - [MESSAGE][PASSED] - Object: 'Object Repository/Checkatrade_Trade_Search_Page/Page_Checkatrade Find a tradesperson you can trust/input_Search_Button_FF' is clicked on

2020-04-16 07:28:58 - [MESSAGE][PASSED] - Call Test Case 'Test Cases/Reusable_Test_Sequences/CAT_Enter_Trade_Classification' successfully

2020-04-16 07:28:58 - [TEST_STEP][PASSED] - "---------------------------------------": null

2020-04-16 07:28:58 - [TEST_STEP][PASSED] - " Set and SEARCH TRADE LOCATION         |": null

2020-04-16 07:28:58 - [TEST_STEP][PASSED] - callTestCase(findTestCase("Reusable_Test_Sequences/CAT_Enter_Trade_Location"), [:], CONTINUE_ON_FAILURE): Call Test Case 'Test Cases/Reusable_Test_Sequences/CAT_Enter_Trade_Location' successfully

2020-04-16 07:28:58 - [TEST_CASE][PASSED] - Test Cases/Reusable_Test_Sequences/CAT_Enter_Trade_Location: Test Cases/Reusable_Test_Sequences/CAT_Enter_Trade_Location

2020-04-16 07:28:58 - [TEST_STEP][PASSED] - "---------------------------------": null

2020-04-16 07:28:58 - [TEST_STEP][PASSED] - "Set and SEARCH SELECTED LOCATION |": null

2020-04-16 07:28:58 - [TEST_STEP][PASSED] - if (Website_Version != "new"): Text 'Gosport' is set on object 'Object Repository/Checkatrade_Trade_Search_Page/Page_Checkatrade Find a tradesperson you can trust/input_Not here_location'

2020-04-16 07:28:58 - [TEST_STEP][PASSED] - click(findTestObject("Object Repository/Checkatrade_Trade_Search_Page/Page_Checkatrade Find a tradesperson you can trust/input_Not here_location")): Object: 'Object Repository/Checkatrade_Trade_Search_Page/Page_Checkatrade Find a tradesperson you can trust/input_Not here_location' is clicked on

2020-04-16 07:28:59 - [MESSAGE][PASSED] - Object: 'Object Repository/Checkatrade_Trade_Search_Page/Page_Checkatrade Find a tradesperson you can trust/input_Not here_location' is clicked on

2020-04-16 07:28:59 - [TEST_STEP][PASSED] - setText(findTestObject("Object Repository/Checkatrade_Trade_Search_Page/Page_Checkatrade Find a tradesperson you can trust/input_Not here_location"), findTestData("searchTestData").getValue("tradeLocation", row)): Text 'Gosport' is set on object 'Object Repository/Checkatrade_Trade_Search_Page/Page_Checkatrade Find a tradesperson you can trust/input_Not here_location'

2020-04-16 07:28:59 - [MESSAGE][PASSED] - Text 'Gosport' is set on object 'Object Repository/Checkatrade_Trade_Search_Page/Page_Checkatrade Find a tradesperson you can trust/input_Not here_location'

2020-04-16 07:28:59 - [TEST_STEP][PASSED] - if (verifyTextNotPresent("Sorry, no results found", false)): null

2020-04-16 07:28:59 - [MESSAGE][PASSED] - Text 'Sorry, no results found' is not present on page

2020-04-16 07:28:59 - [TEST_STEP][PASSED] - markPassed("The Expected Lookup Result(s) ARE being returned by the Lookup Service, AS EXPECTED"): The Expected Lookup Result(s) ARE being returned by the Lookup Service, AS EXPECTED

2020-04-16 07:28:59 - [MESSAGE][PASSED] - The Expected Lookup Result(s) ARE being returned by the Lookup Service, AS EXPECTED

2020-04-16 07:28:59 - [MESSAGE][PASSED] - Call Test Case 'Test Cases/Reusable_Test_Sequences/CAT_Enter_Trade_Location' successfully

2020-04-16 07:28:59 - [TEST_STEP][PASSED] - "---------------------------------------": null

2020-04-16 07:28:59 - [TEST_STEP][PASSED] - " Scroll Search Button into View        |": null

2020-04-16 07:28:59 - [TEST_STEP][PASSED] - "---------------------------------------": null

2020-04-16 07:28:59 - [TEST_STEP][PASSED] - "---------------------------------------": null

2020-04-16 07:28:59 - [TEST_STEP][PASSED] - " Dispel New trades Header              |": null

2020-04-16 07:28:59 - [TEST_STEP][PASSED] - "---------------------------------------": null

2020-04-16 07:28:59 - [TEST_STEP][PASSED] - "---------------------------------------": null

2020-04-16 07:28:59 - [TEST_STEP][PASSED] - " Hit Search Button                     |": null

2020-04-16 07:28:59 - [TEST_STEP][PASSED] - callTestCase(findTestCase("Reusable_Test_Sequences/CAT_Hit_Search_Button"), [:], CONTINUE_ON_FAILURE): Call Test Case 'Test Cases/Reusable_Test_Sequences/CAT_Hit_Search_Button' successfully

2020-04-16 07:28:59 - [TEST_CASE][PASSED] - Test Cases/Reusable_Test_Sequences/CAT_Hit_Search_Button: Test Cases/Reusable_Test_Sequences/CAT_Hit_Search_Button

2020-04-16 07:28:59 - [TEST_STEP][PASSED] - "---------------------------------": null

2020-04-16 07:28:59 - [TEST_STEP][PASSED] - "HIT SEARCH": null

2020-04-16 07:28:59 - [TEST_STEP][PASSED] - "---------------------------------": null

2020-04-16 07:28:59 - [TEST_STEP][PASSED] - if (Website_Version == "new"): null

2020-04-16 07:28:59 - [TEST_STEP][PASSED] - else: Object: 'Object Repository/Page_Checkatrade Find a tradesperson you can trust/a_Search' is clicked on

2020-04-16 07:28:59 - [TEST_STEP][PASSED] - waitForElementClickable(findTestObject("Object Repository/Page_Checkatrade Find a tradesperson you can trust/a_Search"), 25): Object 'Object Repository/Page_Checkatrade Find a tradesperson you can trust/a_Search' is clickable

2020-04-16 07:28:59 - [MESSAGE][PASSED] - Object 'Object Repository/Page_Checkatrade Find a tradesperson you can trust/a_Search' is clickable

2020-04-16 07:28:59 - [TEST_STEP][PASSED] - click(findTestObject("Object Repository/Page_Checkatrade Find a tradesperson you can trust/a_Search")): Object: 'Object Repository/Page_Checkatrade Find a tradesperson you can trust/a_Search' is clicked on

2020-04-16 07:29:03 - [MESSAGE][PASSED] - Object: 'Object Repository/Page_Checkatrade Find a tradesperson you can trust/a_Search' is clicked on

2020-04-16 07:29:03 - [MESSAGE][PASSED] - Call Test Case 'Test Cases/Reusable_Test_Sequences/CAT_Hit_Search_Button' successfully

2020-04-16 07:29:03 - [TEST_STEP][PASSED] - "---------------------------------------": null

2020-04-16 07:29:03 - [TEST_STEP][PASSED] - " Verify Returned Page is as Expected   |": null

2020-04-16 07:29:03 - [TEST_STEP][PASSED] - callTestCase(findTestCase("Reusable_Test_Sequences/CAT_Verification"), [:], STOP_ON_FAILURE): Call Test Case 'Test Cases/Reusable_Test_Sequences/CAT_Verification' successfully

2020-04-16 07:29:03 - [TEST_CASE][PASSED] - Test Cases/Reusable_Test_Sequences/CAT_Verification: Test Cases/Reusable_Test_Sequences/CAT_Verification

2020-04-16 07:29:04 - [TEST_STEP][PASSED] - "Updated 05/12/2019 due to wholesale Home page changes": null

2020-04-16 07:29:04 - [TEST_STEP][PASSED] - "Expected cantantenated text is Returned": null

2020-04-16 07:29:04 - [TEST_STEP][PASSED] - " DYNAMIC DELAY - Wait for <SEARCH> Button to Re-Appear after Search is completed": null

2020-04-16 07:29:04 - [TEST_STEP][PASSED] - delay(3): Delayed 3 second(s)

2020-04-16 07:29:07 - [MESSAGE][PASSED] - Delayed 3 second(s)

2020-04-16 07:29:07 - [TEST_STEP][PASSED] - waitForPageLoad(60): Wait for page load successfully

2020-04-16 07:29:08 - [MESSAGE][PASSED] - Wait for page load successfully

2020-04-16 07:29:08 - [TEST_STEP][PASSED] - delay(1): Delayed 1 second(s)

2020-04-16 07:29:09 - [MESSAGE][PASSED] - Delayed 1 second(s)

2020-04-16 07:29:09 - [TEST_STEP][PASSED] - "--------------------": null

2020-04-16 07:29:09 - [TEST_STEP][PASSED] - "----------------------------------------------------------------------------------------------------": null

2020-04-16 07:29:09 - [TEST_STEP][PASSED] - "PREVIEW INCONSISTENCY - SOMETIME THE FIRST ITERATION RETURNS 404 - SEEMS TO BE A PREVIEW GLITCH THAT OCCURS TOO OFTEN   |  23/03/2020 - DH": null

2020-04-16 07:29:09 - [TEST_STEP][PASSED] - "------------------------------------------------------------------------------------------------------------------------": null

2020-04-16 07:29:09 - [TEST_STEP][PASSED] - "NEW Approach - Detect IMPROVE SEARCH PoPout and Syn on THIS": null

2020-04-16 07:29:09 - [TEST_STEP][PASSED] - verifyTextPresent(findTestData("searchTestData").getValue("tradeClassification", row), false): Text 'Tree Surgeon' is present on page 

2020-04-16 07:29:09 - [MESSAGE][PASSED] - Text 'Tree Surgeon' is present on page 

2020-04-16 07:29:09 - [TEST_STEP][PASSED] - verifyTextPresent(findTestData("searchTestData").getValue("tradeLocation", row), false): Text 'Gosport' is present on page 

2020-04-16 07:29:09 - [MESSAGE][PASSED] - Text 'Gosport' is present on page 

2020-04-16 07:29:09 - [MESSAGE][PASSED] - Call Test Case 'Test Cases/Reusable_Test_Sequences/CAT_Verification' successfully

2020-04-16 07:29:09 - [TEST_STEP][PASSED] - "--------------------------": null

2020-04-16 07:29:09 - [TEST_STEP][PASSED] - " Teardown - CLose Browser |": null

2020-04-16 07:29:09 - [TEST_STEP][PASSED] - callTestCase(findTestCase("Reusable_Test_Sequences/CAT_Teardown"), [:], OPTIONAL): Call Test Case 'Test Cases/Reusable_Test_Sequences/CAT_Teardown' successfully

2020-04-16 07:29:10 - [TEST_CASE][PASSED] - Test Cases/Reusable_Test_Sequences/CAT_Teardown: Test Cases/Reusable_Test_Sequences/CAT_Teardown

2020-04-16 07:29:10 - [TEST_STEP][PASSED] - closeBrowser(): Browser is closed

2020-04-16 07:29:15 - [MESSAGE][PASSED] - Browser is closed

2020-04-16 07:29:15 - [TEST_STEP][PASSED] - super.finalize(): null

2020-04-16 07:29:15 - [TEST_STEP][PASSED] - System.gc(): null

2020-04-16 07:29:15 - [MESSAGE][PASSED] - Call Test Case 'Test Cases/Reusable_Test_Sequences/CAT_Teardown' successfully

2020-04-16 07:29:15 - [TEST_STEP][PASSED] - "------------------------------": null

2020-04-16 07:29:15 - [TEST_STEP][PASSED] - " Set Mobile Device Testing    |": null

2020-04-16 07:29:15 - [TEST_STEP][PASSED] - Mobile_Flag = "false": null

2020-04-16 07:29:15 - [TEST_STEP][PASSED] - "------------------------------": null

2020-04-16 07:29:15 - [TEST_STEP][PASSED] - " Set Mobile Device Testing    |": null

2020-04-16 07:29:15 - [TEST_STEP][PASSED] - callTestCase(findTestCase("Reusable_Test_Sequences/CAT_Setup"), [:], OPTIONAL): Call Test Case 'Test Cases/Reusable_Test_Sequences/CAT_Setup' successfully

2020-04-16 07:29:15 - [TEST_CASE][PASSED] - Test Cases/Reusable_Test_Sequences/CAT_Setup: Test Cases/Reusable_Test_Sequences/CAT_Setup

2020-04-16 07:29:15 - [TEST_STEP][PASSED] - "------------------------------": null

2020-04-16 07:29:15 - [TEST_STEP][PASSED] - " Set Mobile Device Testing    |": null

2020-04-16 07:29:15 - [TEST_STEP][PASSED] - if (Mobile_Flag == "true"): null

2020-04-16 07:29:15 - [TEST_STEP][PASSED] - "------------------------------": null

2020-04-16 07:29:15 - [TEST_STEP][PASSED] - " Set Mobile Device Testing    |": null

2020-04-16 07:29:15 - [TEST_STEP][PASSED] - "------------------------------": null

2020-04-16 07:29:15 - [TEST_STEP][PASSED] - "URL - Set from the ENVIRONMENT PROFILE ": null

2020-04-16 07:29:15 - [TEST_STEP][PASSED] - openBrowser(URL): Browser is opened with url: 'https://www.preview.checkatrade.com/'

2020-04-16 07:29:15 - [MESSAGE][INFO] - Starting 'Chrome' driver

2020-04-16 07:29:15 - [MESSAGE][INFO] - Action delay is set to 0 milliseconds

2020-04-16 07:29:22 - [MESSAGE][PASSED] - Browser is opened with url: 'https://www.preview.checkatrade.com/'

2020-04-16 07:29:22 - [TEST_STEP][PASSED] - maximizeWindow(): Current window maximized

2020-04-16 07:29:24 - [MESSAGE][PASSED] - Current window maximized

2020-04-16 07:29:24 - [TEST_STEP][PASSED] - waitForPageLoad(60): Wait for page load successfully

2020-04-16 07:29:24 - [MESSAGE][PASSED] - Wait for page load successfully

2020-04-16 07:29:24 - [TEST_STEP][PASSED] - "Previous Functionalilty Left Commented For Ease Of reversion": null

2020-04-16 07:29:24 - [TEST_STEP][PASSED] - " Katalon Try/Catches currently have issues? SEE HEADER": null

2020-04-16 07:29:24 - [TEST_STEP][PASSED] - try: Text 'Cookie Policy' is not present on page

2020-04-16 07:29:24 - [TEST_STEP][PASSED] - verifyElementPresent(findTestObject("Object Repository/Cookies/Page_Checkatrade Find a tradesperson you can trust/button_Accept All"), 5, OPTIONAL): Object 'Object Repository/Cookies/Page_Checkatrade Find a tradesperson you can trust/button_Accept All' is present

2020-04-16 07:29:25 - [MESSAGE][PASSED] - Object 'Object Repository/Cookies/Page_Checkatrade Find a tradesperson you can trust/button_Accept All' is present

2020-04-16 07:29:25 - [TEST_STEP][PASSED] - click(findTestObject("Object Repository/Cookies/Page_Checkatrade Find a tradesperson you can trust/button_Accept All"), OPTIONAL): Object: 'Object Repository/Cookies/Page_Checkatrade Find a tradesperson you can trust/button_Accept All' is clicked on

2020-04-16 07:29:25 - [MESSAGE][PASSED] - Object: 'Object Repository/Cookies/Page_Checkatrade Find a tradesperson you can trust/button_Accept All' is clicked on

2020-04-16 07:29:25 - [TEST_STEP][PASSED] - "---------------------------------": null

2020-04-16 07:29:25 - [TEST_STEP][PASSED] - "COOKIE POPOUT REMOVED - Confirmed": null

2020-04-16 07:29:25 - [TEST_STEP][PASSED] - delay(1): Delayed 1 second(s)

2020-04-16 07:29:26 - [MESSAGE][PASSED] - Delayed 1 second(s)

2020-04-16 07:29:26 - [TEST_STEP][PASSED] - verifyTextNotPresent("We use cookies to personalise content and ads, to provide social media features and to analyse our traffic", false): Text 'We use cookies to personalise content and ads, to provide social media features and to analyse our traffic' is not present on page

2020-04-16 07:29:26 - [MESSAGE][PASSED] - Text 'We use cookies to personalise content and ads, to provide social media features and to analyse our traffic' is not present on page

2020-04-16 07:29:26 - [TEST_STEP][PASSED] - verifyTextNotPresent(" We also share information about your use of our site with our social media, advertising and analytics partners", false): Text ' We also share information about your use of our site with our social media, advertising and analytics partners' is not present on page

2020-04-16 07:29:26 - [MESSAGE][PASSED] - Text ' We also share information about your use of our site with our social media, advertising and analytics partners' is not present on page

2020-04-16 07:29:26 - [TEST_STEP][PASSED] - verifyTextNotPresent("Cookie Policy", false): Text 'Cookie Policy' is not present on page

2020-04-16 07:29:27 - [MESSAGE][PASSED] - Text 'Cookie Policy' is not present on page

2020-04-16 07:29:27 - [TEST_STEP][PASSED] - waitForPageLoad(60): Wait for page load successfully

2020-04-16 07:29:27 - [MESSAGE][PASSED] - Wait for page load successfully

2020-04-16 07:29:27 - [TEST_STEP][PASSED] - "COOKIE - ORIGINAL": null

2020-04-16 07:29:27 - [TEST_STEP][PASSED] - if (waitForElementVisible(findTestObject("Object Repository/Feedback/Page_Checkatrade Give your feedback/input_Member_to_Review"), 5)): Web element with id: 'Object Repository/Feedback/Page_Checkatrade Give your feedback/input_Member_to_Review' located by 'By.xpath: //input[@id='feedback-form__company_autocomplete_input']' not found

2020-04-16 07:29:32 - [MESSAGE][INFO] - Unable to find the element located by 'By.xpath: //input[@id='feedback-form__company_autocomplete_input']'. Please recheck the objects properties to make sure the desired element is located. 

2020-04-16 07:29:32 - [MESSAGE][WARNING] - Web element with id: 'Object Repository/Feedback/Page_Checkatrade Give your feedback/input_Member_to_Review' located by 'By.xpath: //input[@id='feedback-form__company_autocomplete_input']' not found

2020-04-16 07:29:32 - [TEST_STEP][PASSED] - else: The <<<OLD>>> Website was detected by the STARTUP Process

2020-04-16 07:29:32 - [TEST_STEP][PASSED] - if (!(verifyElementVisible(findTestObject("Object Repository/Checkatrade_Trade_Search_Page/Page_Checkatrade Find a tradesperson you can trust/input_Search_Button_FF")))): Object 'Object Repository/Checkatrade_Trade_Search_Page/Page_Checkatrade Find a tradesperson you can trust/input_Search_Button_FF' is visible

2020-04-16 07:29:32 - [MESSAGE][PASSED] - Object 'Object Repository/Checkatrade_Trade_Search_Page/Page_Checkatrade Find a tradesperson you can trust/input_Search_Button_FF' is visible

2020-04-16 07:29:32 - [TEST_STEP][PASSED] - else: The <<<OLD>>> Website was detected by the STARTUP Process

2020-04-16 07:29:32 - [TEST_STEP][PASSED] - Website_Version = "old": null

2020-04-16 07:29:32 - [TEST_STEP][PASSED] - logInfo("The <<<OLD>>> Website was detected by the STARTUP Process"): The <<<OLD>>> Website was detected by the STARTUP Process

2020-04-16 07:29:32 - [MESSAGE][INFO] - The <<<OLD>>> Website was detected by the STARTUP Process

2020-04-16 07:29:32 - [MESSAGE][PASSED] - Call Test Case 'Test Cases/Reusable_Test_Sequences/CAT_Setup' successfully

2020-04-16 07:29:32 - [TEST_STEP][PASSED] - " ALTERNATIVE SCREEN RESOLUTION SELECTION METHOD": null

2020-04-16 07:29:32 - [TEST_STEP][PASSED] - " Block Comment Start": null

2020-04-16 07:29:32 - [TEST_STEP][PASSED] - " ACTUAL SCREEN RESOLUTION SELECTION METHOD USED": null

2020-04-16 07:29:32 - [TEST_STEP][PASSED] - XCOORD = Integer.parseInt(findTestData("searchTestData").getValue("X_COORD", row)): null

2020-04-16 07:29:32 - [TEST_STEP][PASSED] - YCOORD = Integer.parseInt(findTestData("searchTestData").getValue("Y_COORD", row)): null

2020-04-16 07:29:32 - [TEST_STEP][PASSED] - setViewPortSize(XCOORD, YCOORD): Viewport is set to new size with width = 400 and height = 600

2020-04-16 07:29:32 - [MESSAGE][PASSED] - Viewport is set to new size with width = 400 and height = 600

2020-04-16 07:29:32 - [TEST_STEP][PASSED] - waitForPageLoad(60): Wait for page load successfully

2020-04-16 07:29:32 - [MESSAGE][PASSED] - Wait for page load successfully

2020-04-16 07:29:32 - [TEST_STEP][PASSED] - markPassed("Set View Port Size is currently SET to X AXIS " + XCOORD + " Y AXIS " + YCOORD): Set View Port Size is currently SET to X AXIS 400 Y AXIS 600

2020-04-16 07:29:32 - [MESSAGE][PASSED] - Set View Port Size is currently SET to X AXIS 400 Y AXIS 600

2020-04-16 07:29:32 - [TEST_STEP][PASSED] - markPassed("Set View Port Size is currently SET to X AXIS " + XCOORD + " Y AXIS " + YCOORD): Set View Port Size is currently SET to X AXIS 400 Y AXIS 600

2020-04-16 07:29:32 - [MESSAGE][PASSED] - Set View Port Size is currently SET to X AXIS 400 Y AXIS 600

2020-04-16 07:29:32 - [TEST_STEP][PASSED] - " Block Commen End": null

2020-04-16 07:29:32 - [TEST_STEP][PASSED] - "---------------------------------------": null

2020-04-16 07:29:32 - [TEST_STEP][PASSED] - " Set and SEARCH TRADE CLASSIFICATION   |": null

2020-04-16 07:29:32 - [TEST_STEP][PASSED] - callTestCase(findTestCase("Reusable_Test_Sequences/CAT_Enter_Trade_Classification"), [:], CONTINUE_ON_FAILURE): Call Test Case 'Test Cases/Reusable_Test_Sequences/CAT_Enter_Trade_Classification' successfully

2020-04-16 07:29:33 - [TEST_CASE][PASSED] - Test Cases/Reusable_Test_Sequences/CAT_Enter_Trade_Classification: Test Cases/Reusable_Test_Sequences/CAT_Enter_Trade_Classification

2020-04-16 07:29:33 - [TEST_STEP][PASSED] - "---------------------------------": null

2020-04-16 07:29:33 - [TEST_STEP][PASSED] - "Set and SEARCH SELECTED TRADE": null

2020-04-16 07:29:33 - [TEST_STEP][PASSED] - if (Website_Version == "new"): null

2020-04-16 07:29:33 - [TEST_STEP][PASSED] - else: Object: 'Object Repository/Checkatrade_Trade_Search_Page/Page_Checkatrade Find a tradesperson you can trust/input_Search_Button_FF' is clicked on

2020-04-16 07:29:33 - [TEST_STEP][PASSED] - waitForElementPresent(findTestObject("Object Repository/Checkatrade_Trade_Search_Page/Page_Checkatrade Find a tradesperson you can trust/input_Search_Button_FF"), 60): Object 'Object Repository/Checkatrade_Trade_Search_Page/Page_Checkatrade Find a tradesperson you can trust/input_Search_Button_FF' is present

2020-04-16 07:29:33 - [MESSAGE][PASSED] - Object 'Object Repository/Checkatrade_Trade_Search_Page/Page_Checkatrade Find a tradesperson you can trust/input_Search_Button_FF' is present

2020-04-16 07:29:33 - [TEST_STEP][PASSED] - click(findTestObject("Object Repository/Checkatrade_Trade_Search_Page/Page_Checkatrade Find a tradesperson you can trust/input_Search_Button_FF")): Object: 'Object Repository/Checkatrade_Trade_Search_Page/Page_Checkatrade Find a tradesperson you can trust/input_Search_Button_FF' is clicked on

2020-04-16 07:29:33 - [MESSAGE][PASSED] - Object: 'Object Repository/Checkatrade_Trade_Search_Page/Page_Checkatrade Find a tradesperson you can trust/input_Search_Button_FF' is clicked on

2020-04-16 07:29:33 - [TEST_STEP][PASSED] - setText(findTestObject("Object Repository/Checkatrade_Trade_Search_Page/Page_Checkatrade Find a tradesperson you can trust/input_Search_Button_FF"), findTestData("searchTestData").getValue("tradeClassification", row)): Text 'Tree Surgeon' is set on object 'Object Repository/Checkatrade_Trade_Search_Page/Page_Checkatrade Find a tradesperson you can trust/input_Search_Button_FF'

2020-04-16 07:29:34 - [MESSAGE][PASSED] - Text 'Tree Surgeon' is set on object 'Object Repository/Checkatrade_Trade_Search_Page/Page_Checkatrade Find a tradesperson you can trust/input_Search_Button_FF'

2020-04-16 07:29:34 - [TEST_STEP][PASSED] - click(findTestObject("Object Repository/Checkatrade_Trade_Search_Page/Page_Checkatrade Find a tradesperson you can trust/input_Search_Button_FF")): Object: 'Object Repository/Checkatrade_Trade_Search_Page/Page_Checkatrade Find a tradesperson you can trust/input_Search_Button_FF' is clicked on

2020-04-16 07:29:34 - [MESSAGE][PASSED] - Object: 'Object Repository/Checkatrade_Trade_Search_Page/Page_Checkatrade Find a tradesperson you can trust/input_Search_Button_FF' is clicked on

2020-04-16 07:29:34 - [MESSAGE][PASSED] - Call Test Case 'Test Cases/Reusable_Test_Sequences/CAT_Enter_Trade_Classification' successfully

2020-04-16 07:29:34 - [TEST_STEP][PASSED] - "---------------------------------------": null

2020-04-16 07:29:34 - [TEST_STEP][PASSED] - " Set and SEARCH TRADE LOCATION         |": null

2020-04-16 07:29:34 - [TEST_STEP][PASSED] - callTestCase(findTestCase("Reusable_Test_Sequences/CAT_Enter_Trade_Location"), [:], CONTINUE_ON_FAILURE): Call Test Case 'Test Cases/Reusable_Test_Sequences/CAT_Enter_Trade_Location' successfully

2020-04-16 07:29:34 - [TEST_CASE][PASSED] - Test Cases/Reusable_Test_Sequences/CAT_Enter_Trade_Location: Test Cases/Reusable_Test_Sequences/CAT_Enter_Trade_Location

2020-04-16 07:29:34 - [TEST_STEP][PASSED] - "---------------------------------": null

2020-04-16 07:29:34 - [TEST_STEP][PASSED] - "Set and SEARCH SELECTED LOCATION |": null

2020-04-16 07:29:34 - [TEST_STEP][PASSED] - if (Website_Version != "new"): Text 'PO12 2HE' is set on object 'Object Repository/Checkatrade_Trade_Search_Page/Page_Checkatrade Find a tradesperson you can trust/input_Not here_location'

2020-04-16 07:29:34 - [TEST_STEP][PASSED] - click(findTestObject("Object Repository/Checkatrade_Trade_Search_Page/Page_Checkatrade Find a tradesperson you can trust/input_Not here_location")): Object: 'Object Repository/Checkatrade_Trade_Search_Page/Page_Checkatrade Find a tradesperson you can trust/input_Not here_location' is clicked on

2020-04-16 07:29:34 - [MESSAGE][PASSED] - Object: 'Object Repository/Checkatrade_Trade_Search_Page/Page_Checkatrade Find a tradesperson you can trust/input_Not here_location' is clicked on

2020-04-16 07:29:34 - [TEST_STEP][PASSED] - setText(findTestObject("Object Repository/Checkatrade_Trade_Search_Page/Page_Checkatrade Find a tradesperson you can trust/input_Not here_location"), findTestData("searchTestData").getValue("tradeLocation", row)): Text 'PO12 2HE' is set on object 'Object Repository/Checkatrade_Trade_Search_Page/Page_Checkatrade Find a tradesperson you can trust/input_Not here_location'

2020-04-16 07:29:34 - [MESSAGE][PASSED] - Text 'PO12 2HE' is set on object 'Object Repository/Checkatrade_Trade_Search_Page/Page_Checkatrade Find a tradesperson you can trust/input_Not here_location'

2020-04-16 07:29:34 - [TEST_STEP][PASSED] - if (verifyTextNotPresent("Sorry, no results found", false)): null

2020-04-16 07:29:35 - [MESSAGE][PASSED] - Text 'Sorry, no results found' is not present on page

2020-04-16 07:29:35 - [TEST_STEP][PASSED] - markPassed("The Expected Lookup Result(s) ARE being returned by the Lookup Service, AS EXPECTED"): The Expected Lookup Result(s) ARE being returned by the Lookup Service, AS EXPECTED

2020-04-16 07:29:35 - [MESSAGE][PASSED] - The Expected Lookup Result(s) ARE being returned by the Lookup Service, AS EXPECTED

2020-04-16 07:29:35 - [MESSAGE][PASSED] - Call Test Case 'Test Cases/Reusable_Test_Sequences/CAT_Enter_Trade_Location' successfully

2020-04-16 07:29:35 - [TEST_STEP][PASSED] - "---------------------------------------": null

2020-04-16 07:29:35 - [TEST_STEP][PASSED] - " Scroll Search Button into View        |": null

2020-04-16 07:29:35 - [TEST_STEP][PASSED] - "---------------------------------------": null

2020-04-16 07:29:35 - [TEST_STEP][PASSED] - "---------------------------------------": null

2020-04-16 07:29:35 - [TEST_STEP][PASSED] - " Dispel New trades Header              |": null

2020-04-16 07:29:35 - [TEST_STEP][PASSED] - "---------------------------------------": null

2020-04-16 07:29:35 - [TEST_STEP][PASSED] - "---------------------------------------": null

2020-04-16 07:29:35 - [TEST_STEP][PASSED] - " Hit Search Button                     |": null

2020-04-16 07:29:35 - [TEST_STEP][PASSED] - callTestCase(findTestCase("Reusable_Test_Sequences/CAT_Hit_Search_Button"), [:], CONTINUE_ON_FAILURE): Call Test Case 'Test Cases/Reusable_Test_Sequences/CAT_Hit_Search_Button' successfully

2020-04-16 07:29:35 - [TEST_CASE][PASSED] - Test Cases/Reusable_Test_Sequences/CAT_Hit_Search_Button: Test Cases/Reusable_Test_Sequences/CAT_Hit_Search_Button

2020-04-16 07:29:35 - [TEST_STEP][PASSED] - "---------------------------------": null

2020-04-16 07:29:35 - [TEST_STEP][PASSED] - "HIT SEARCH": null

2020-04-16 07:29:35 - [TEST_STEP][PASSED] - "---------------------------------": null

2020-04-16 07:29:35 - [TEST_STEP][PASSED] - if (Website_Version == "new"): null

2020-04-16 07:29:35 - [TEST_STEP][PASSED] - else: Object: 'Object Repository/Page_Checkatrade Find a tradesperson you can trust/a_Search' is clicked on

2020-04-16 07:29:35 - [TEST_STEP][PASSED] - waitForElementClickable(findTestObject("Object Repository/Page_Checkatrade Find a tradesperson you can trust/a_Search"), 25): Object 'Object Repository/Page_Checkatrade Find a tradesperson you can trust/a_Search' is clickable

2020-04-16 07:29:35 - [MESSAGE][PASSED] - Object 'Object Repository/Page_Checkatrade Find a tradesperson you can trust/a_Search' is clickable

2020-04-16 07:29:35 - [TEST_STEP][PASSED] - click(findTestObject("Object Repository/Page_Checkatrade Find a tradesperson you can trust/a_Search")): Object: 'Object Repository/Page_Checkatrade Find a tradesperson you can trust/a_Search' is clicked on

2020-04-16 07:29:38 - [MESSAGE][PASSED] - Object: 'Object Repository/Page_Checkatrade Find a tradesperson you can trust/a_Search' is clicked on

2020-04-16 07:29:38 - [MESSAGE][PASSED] - Call Test Case 'Test Cases/Reusable_Test_Sequences/CAT_Hit_Search_Button' successfully

2020-04-16 07:29:38 - [TEST_STEP][PASSED] - "---------------------------------------": null

2020-04-16 07:29:38 - [TEST_STEP][PASSED] - " Verify Returned Page is as Expected   |": null

2020-04-16 07:29:38 - [TEST_STEP][PASSED] - callTestCase(findTestCase("Reusable_Test_Sequences/CAT_Verification"), [:], STOP_ON_FAILURE): Call Test Case 'Test Cases/Reusable_Test_Sequences/CAT_Verification' successfully

2020-04-16 07:29:38 - [TEST_CASE][PASSED] - Test Cases/Reusable_Test_Sequences/CAT_Verification: Test Cases/Reusable_Test_Sequences/CAT_Verification

2020-04-16 07:29:38 - [TEST_STEP][PASSED] - "Updated 05/12/2019 due to wholesale Home page changes": null

2020-04-16 07:29:38 - [TEST_STEP][PASSED] - "Expected cantantenated text is Returned": null

2020-04-16 07:29:38 - [TEST_STEP][PASSED] - " DYNAMIC DELAY - Wait for <SEARCH> Button to Re-Appear after Search is completed": null

2020-04-16 07:29:38 - [TEST_STEP][PASSED] - delay(3): Delayed 3 second(s)

2020-04-16 07:29:41 - [MESSAGE][PASSED] - Delayed 3 second(s)

2020-04-16 07:29:41 - [TEST_STEP][PASSED] - waitForPageLoad(60): Wait for page load successfully

2020-04-16 07:29:41 - [MESSAGE][PASSED] - Wait for page load successfully

2020-04-16 07:29:41 - [TEST_STEP][PASSED] - delay(1): Delayed 1 second(s)

2020-04-16 07:29:42 - [MESSAGE][PASSED] - Delayed 1 second(s)

2020-04-16 07:29:42 - [TEST_STEP][PASSED] - "--------------------": null

2020-04-16 07:29:42 - [TEST_STEP][PASSED] - "----------------------------------------------------------------------------------------------------": null

2020-04-16 07:29:42 - [TEST_STEP][PASSED] - "PREVIEW INCONSISTENCY - SOMETIME THE FIRST ITERATION RETURNS 404 - SEEMS TO BE A PREVIEW GLITCH THAT OCCURS TOO OFTEN   |  23/03/2020 - DH": null

2020-04-16 07:29:42 - [TEST_STEP][PASSED] - "------------------------------------------------------------------------------------------------------------------------": null

2020-04-16 07:29:42 - [TEST_STEP][PASSED] - "NEW Approach - Detect IMPROVE SEARCH PoPout and Syn on THIS": null

2020-04-16 07:29:42 - [TEST_STEP][PASSED] - verifyTextPresent(findTestData("searchTestData").getValue("tradeClassification", row), false): Text 'Tree Surgeon' is present on page 

2020-04-16 07:29:43 - [MESSAGE][PASSED] - Text 'Tree Surgeon' is present on page 

2020-04-16 07:29:43 - [TEST_STEP][PASSED] - verifyTextPresent(findTestData("searchTestData").getValue("tradeLocation", row), false): Text 'PO12 2HE' is present on page 

2020-04-16 07:29:43 - [MESSAGE][PASSED] - Text 'PO12 2HE' is present on page 

2020-04-16 07:29:43 - [MESSAGE][PASSED] - Call Test Case 'Test Cases/Reusable_Test_Sequences/CAT_Verification' successfully

2020-04-16 07:29:43 - [TEST_STEP][PASSED] - "--------------------------": null

2020-04-16 07:29:43 - [TEST_STEP][PASSED] - " Teardown - CLose Browser |": null

2020-04-16 07:29:43 - [TEST_STEP][PASSED] - callTestCase(findTestCase("Reusable_Test_Sequences/CAT_Teardown"), [:], OPTIONAL): Call Test Case 'Test Cases/Reusable_Test_Sequences/CAT_Teardown' successfully

2020-04-16 07:29:43 - [TEST_CASE][PASSED] - Test Cases/Reusable_Test_Sequences/CAT_Teardown: Test Cases/Reusable_Test_Sequences/CAT_Teardown

2020-04-16 07:29:43 - [TEST_STEP][PASSED] - closeBrowser(): Browser is closed

2020-04-16 07:29:45 - [MESSAGE][PASSED] - Browser is closed

2020-04-16 07:29:45 - [TEST_STEP][PASSED] - super.finalize(): null

2020-04-16 07:29:45 - [TEST_STEP][PASSED] - System.gc(): null

2020-04-16 07:29:45 - [MESSAGE][PASSED] - Call Test Case 'Test Cases/Reusable_Test_Sequences/CAT_Teardown' successfully

2020-04-16 07:29:45 - [TEST_STEP][PASSED] - "------------------------------": null

2020-04-16 07:29:45 - [TEST_STEP][PASSED] - " Set Mobile Device Testing    |": null

2020-04-16 07:29:45 - [TEST_STEP][PASSED] - Mobile_Flag = "false": null

2020-04-16 07:29:45 - [TEST_STEP][PASSED] - "------------------------------": null

2020-04-16 07:29:45 - [TEST_STEP][PASSED] - " Set Mobile Device Testing    |": null

2020-04-16 07:29:45 - [TEST_STEP][PASSED] - callTestCase(findTestCase("Reusable_Test_Sequences/CAT_Setup"), [:], OPTIONAL): Call Test Case 'Test Cases/Reusable_Test_Sequences/CAT_Setup' successfully

2020-04-16 07:29:45 - [TEST_CASE][PASSED] - Test Cases/Reusable_Test_Sequences/CAT_Setup: Test Cases/Reusable_Test_Sequences/CAT_Setup

2020-04-16 07:29:45 - [TEST_STEP][PASSED] - "------------------------------": null

2020-04-16 07:29:45 - [TEST_STEP][PASSED] - " Set Mobile Device Testing    |": null

2020-04-16 07:29:45 - [TEST_STEP][PASSED] - if (Mobile_Flag == "true"): null

2020-04-16 07:29:45 - [TEST_STEP][PASSED] - "------------------------------": null

2020-04-16 07:29:45 - [TEST_STEP][PASSED] - " Set Mobile Device Testing    |": null

2020-04-16 07:29:45 - [TEST_STEP][PASSED] - "------------------------------": null

2020-04-16 07:29:45 - [TEST_STEP][PASSED] - "URL - Set from the ENVIRONMENT PROFILE ": null

2020-04-16 07:29:45 - [TEST_STEP][PASSED] - openBrowser(URL): Browser is opened with url: 'https://www.preview.checkatrade.com/'

2020-04-16 07:29:45 - [MESSAGE][INFO] - Starting 'Chrome' driver

2020-04-16 07:29:45 - [MESSAGE][INFO] - Action delay is set to 0 milliseconds

2020-04-16 07:29:53 - [MESSAGE][PASSED] - Browser is opened with url: 'https://www.preview.checkatrade.com/'

2020-04-16 07:29:53 - [TEST_STEP][PASSED] - maximizeWindow(): Current window maximized

2020-04-16 07:29:55 - [MESSAGE][PASSED] - Current window maximized

2020-04-16 07:29:55 - [TEST_STEP][PASSED] - waitForPageLoad(60): Wait for page load successfully

2020-04-16 07:29:56 - [MESSAGE][PASSED] - Wait for page load successfully

2020-04-16 07:29:56 - [TEST_STEP][PASSED] - "Previous Functionalilty Left Commented For Ease Of reversion": null

2020-04-16 07:29:56 - [TEST_STEP][PASSED] - " Katalon Try/Catches currently have issues? SEE HEADER": null

2020-04-16 07:29:56 - [TEST_STEP][PASSED] - try: Text 'Cookie Policy' is not present on page

2020-04-16 07:29:56 - [TEST_STEP][PASSED] - verifyElementPresent(findTestObject("Object Repository/Cookies/Page_Checkatrade Find a tradesperson you can trust/button_Accept All"), 5, OPTIONAL): Object 'Object Repository/Cookies/Page_Checkatrade Find a tradesperson you can trust/button_Accept All' is present

2020-04-16 07:29:56 - [MESSAGE][PASSED] - Object 'Object Repository/Cookies/Page_Checkatrade Find a tradesperson you can trust/button_Accept All' is present

2020-04-16 07:29:56 - [TEST_STEP][PASSED] - click(findTestObject("Object Repository/Cookies/Page_Checkatrade Find a tradesperson you can trust/button_Accept All"), OPTIONAL): Object: 'Object Repository/Cookies/Page_Checkatrade Find a tradesperson you can trust/button_Accept All' is clicked on

2020-04-16 07:29:56 - [MESSAGE][PASSED] - Object: 'Object Repository/Cookies/Page_Checkatrade Find a tradesperson you can trust/button_Accept All' is clicked on

2020-04-16 07:29:56 - [TEST_STEP][PASSED] - "---------------------------------": null

2020-04-16 07:29:56 - [TEST_STEP][PASSED] - "COOKIE POPOUT REMOVED - Confirmed": null

2020-04-16 07:29:56 - [TEST_STEP][PASSED] - delay(1): Delayed 1 second(s)

2020-04-16 07:29:57 - [MESSAGE][PASSED] - Delayed 1 second(s)

2020-04-16 07:29:57 - [TEST_STEP][PASSED] - verifyTextNotPresent("We use cookies to personalise content and ads, to provide social media features and to analyse our traffic", false): Text 'We use cookies to personalise content and ads, to provide social media features and to analyse our traffic' is not present on page

2020-04-16 07:29:59 - [MESSAGE][PASSED] - Text 'We use cookies to personalise content and ads, to provide social media features and to analyse our traffic' is not present on page

2020-04-16 07:29:59 - [TEST_STEP][PASSED] - verifyTextNotPresent(" We also share information about your use of our site with our social media, advertising and analytics partners", false): Text ' We also share information about your use of our site with our social media, advertising and analytics partners' is not present on page

2020-04-16 07:29:59 - [MESSAGE][PASSED] - Text ' We also share information about your use of our site with our social media, advertising and analytics partners' is not present on page

2020-04-16 07:29:59 - [TEST_STEP][PASSED] - verifyTextNotPresent("Cookie Policy", false): Text 'Cookie Policy' is not present on page

2020-04-16 07:29:59 - [MESSAGE][PASSED] - Text 'Cookie Policy' is not present on page

2020-04-16 07:29:59 - [TEST_STEP][PASSED] - waitForPageLoad(60): Wait for page load successfully

2020-04-16 07:29:59 - [MESSAGE][PASSED] - Wait for page load successfully

2020-04-16 07:29:59 - [TEST_STEP][PASSED] - "COOKIE - ORIGINAL": null

2020-04-16 07:29:59 - [TEST_STEP][PASSED] - if (waitForElementVisible(findTestObject("Object Repository/Feedback/Page_Checkatrade Give your feedback/input_Member_to_Review"), 5)): Web element with id: 'Object Repository/Feedback/Page_Checkatrade Give your feedback/input_Member_to_Review' located by 'By.xpath: //input[@id='feedback-form__company_autocomplete_input']' not found

2020-04-16 07:30:04 - [MESSAGE][INFO] - Unable to find the element located by 'By.xpath: //input[@id='feedback-form__company_autocomplete_input']'. Please recheck the objects properties to make sure the desired element is located. 

2020-04-16 07:30:04 - [MESSAGE][WARNING] - Web element with id: 'Object Repository/Feedback/Page_Checkatrade Give your feedback/input_Member_to_Review' located by 'By.xpath: //input[@id='feedback-form__company_autocomplete_input']' not found

2020-04-16 07:30:04 - [TEST_STEP][PASSED] - else: The <<<OLD>>> Website was detected by the STARTUP Process

2020-04-16 07:30:04 - [TEST_STEP][PASSED] - if (!(verifyElementVisible(findTestObject("Object Repository/Checkatrade_Trade_Search_Page/Page_Checkatrade Find a tradesperson you can trust/input_Search_Button_FF")))): Object 'Object Repository/Checkatrade_Trade_Search_Page/Page_Checkatrade Find a tradesperson you can trust/input_Search_Button_FF' is visible

2020-04-16 07:30:05 - [MESSAGE][PASSED] - Object 'Object Repository/Checkatrade_Trade_Search_Page/Page_Checkatrade Find a tradesperson you can trust/input_Search_Button_FF' is visible

2020-04-16 07:30:05 - [TEST_STEP][PASSED] - else: The <<<OLD>>> Website was detected by the STARTUP Process

2020-04-16 07:30:05 - [TEST_STEP][PASSED] - Website_Version = "old": null

2020-04-16 07:30:05 - [TEST_STEP][PASSED] - logInfo("The <<<OLD>>> Website was detected by the STARTUP Process"): The <<<OLD>>> Website was detected by the STARTUP Process

2020-04-16 07:30:05 - [MESSAGE][INFO] - The <<<OLD>>> Website was detected by the STARTUP Process

2020-04-16 07:30:05 - [MESSAGE][PASSED] - Call Test Case 'Test Cases/Reusable_Test_Sequences/CAT_Setup' successfully

2020-04-16 07:30:05 - [TEST_STEP][PASSED] - " ALTERNATIVE SCREEN RESOLUTION SELECTION METHOD": null

2020-04-16 07:30:05 - [TEST_STEP][PASSED] - " Block Comment Start": null

2020-04-16 07:30:05 - [TEST_STEP][PASSED] - " ACTUAL SCREEN RESOLUTION SELECTION METHOD USED": null

2020-04-16 07:30:05 - [TEST_STEP][PASSED] - XCOORD = Integer.parseInt(findTestData("searchTestData").getValue("X_COORD", row)): null

2020-04-16 07:30:05 - [TEST_STEP][PASSED] - YCOORD = Integer.parseInt(findTestData("searchTestData").getValue("Y_COORD", row)): null

2020-04-16 07:30:05 - [TEST_STEP][PASSED] - setViewPortSize(XCOORD, YCOORD): Viewport is set to new size with width = 500 and height = 700

2020-04-16 07:30:05 - [MESSAGE][PASSED] - Viewport is set to new size with width = 500 and height = 700

2020-04-16 07:30:05 - [TEST_STEP][PASSED] - waitForPageLoad(60): Wait for page load successfully

2020-04-16 07:30:05 - [MESSAGE][PASSED] - Wait for page load successfully

2020-04-16 07:30:05 - [TEST_STEP][PASSED] - markPassed("Set View Port Size is currently SET to X AXIS " + XCOORD + " Y AXIS " + YCOORD): Set View Port Size is currently SET to X AXIS 500 Y AXIS 700

2020-04-16 07:30:05 - [MESSAGE][PASSED] - Set View Port Size is currently SET to X AXIS 500 Y AXIS 700

2020-04-16 07:30:05 - [TEST_STEP][PASSED] - markPassed("Set View Port Size is currently SET to X AXIS " + XCOORD + " Y AXIS " + YCOORD): Set View Port Size is currently SET to X AXIS 500 Y AXIS 700

2020-04-16 07:30:05 - [MESSAGE][PASSED] - Set View Port Size is currently SET to X AXIS 500 Y AXIS 700

2020-04-16 07:30:05 - [TEST_STEP][PASSED] - " Block Commen End": null

2020-04-16 07:30:05 - [TEST_STEP][PASSED] - "---------------------------------------": null

2020-04-16 07:30:05 - [TEST_STEP][PASSED] - " Set and SEARCH TRADE CLASSIFICATION   |": null

2020-04-16 07:30:05 - [TEST_STEP][PASSED] - callTestCase(findTestCase("Reusable_Test_Sequences/CAT_Enter_Trade_Classification"), [:], CONTINUE_ON_FAILURE): Call Test Case 'Test Cases/Reusable_Test_Sequences/CAT_Enter_Trade_Classification' successfully

2020-04-16 07:30:05 - [TEST_CASE][PASSED] - Test Cases/Reusable_Test_Sequences/CAT_Enter_Trade_Classification: Test Cases/Reusable_Test_Sequences/CAT_Enter_Trade_Classification

2020-04-16 07:30:05 - [TEST_STEP][PASSED] - "---------------------------------": null

2020-04-16 07:30:05 - [TEST_STEP][PASSED] - "Set and SEARCH SELECTED TRADE": null

2020-04-16 07:30:05 - [TEST_STEP][PASSED] - if (Website_Version == "new"): null

2020-04-16 07:30:05 - [TEST_STEP][PASSED] - else: Object: 'Object Repository/Checkatrade_Trade_Search_Page/Page_Checkatrade Find a tradesperson you can trust/input_Search_Button_FF' is clicked on

2020-04-16 07:30:05 - [TEST_STEP][PASSED] - waitForElementPresent(findTestObject("Object Repository/Checkatrade_Trade_Search_Page/Page_Checkatrade Find a tradesperson you can trust/input_Search_Button_FF"), 60): Object 'Object Repository/Checkatrade_Trade_Search_Page/Page_Checkatrade Find a tradesperson you can trust/input_Search_Button_FF' is present

2020-04-16 07:30:05 - [MESSAGE][PASSED] - Object 'Object Repository/Checkatrade_Trade_Search_Page/Page_Checkatrade Find a tradesperson you can trust/input_Search_Button_FF' is present

2020-04-16 07:30:05 - [TEST_STEP][PASSED] - click(findTestObject("Object Repository/Checkatrade_Trade_Search_Page/Page_Checkatrade Find a tradesperson you can trust/input_Search_Button_FF")): Object: 'Object Repository/Checkatrade_Trade_Search_Page/Page_Checkatrade Find a tradesperson you can trust/input_Search_Button_FF' is clicked on

2020-04-16 07:30:06 - [MESSAGE][PASSED] - Object: 'Object Repository/Checkatrade_Trade_Search_Page/Page_Checkatrade Find a tradesperson you can trust/input_Search_Button_FF' is clicked on

2020-04-16 07:30:06 - [TEST_STEP][PASSED] - setText(findTestObject("Object Repository/Checkatrade_Trade_Search_Page/Page_Checkatrade Find a tradesperson you can trust/input_Search_Button_FF"), findTestData("searchTestData").getValue("tradeClassification", row)): Text 'Electrician' is set on object 'Object Repository/Checkatrade_Trade_Search_Page/Page_Checkatrade Find a tradesperson you can trust/input_Search_Button_FF'

2020-04-16 07:30:06 - [MESSAGE][PASSED] - Text 'Electrician' is set on object 'Object Repository/Checkatrade_Trade_Search_Page/Page_Checkatrade Find a tradesperson you can trust/input_Search_Button_FF'

2020-04-16 07:30:06 - [TEST_STEP][PASSED] - click(findTestObject("Object Repository/Checkatrade_Trade_Search_Page/Page_Checkatrade Find a tradesperson you can trust/input_Search_Button_FF")): Object: 'Object Repository/Checkatrade_Trade_Search_Page/Page_Checkatrade Find a tradesperson you can trust/input_Search_Button_FF' is clicked on

2020-04-16 07:30:06 - [MESSAGE][PASSED] - Object: 'Object Repository/Checkatrade_Trade_Search_Page/Page_Checkatrade Find a tradesperson you can trust/input_Search_Button_FF' is clicked on

2020-04-16 07:30:06 - [MESSAGE][PASSED] - Call Test Case 'Test Cases/Reusable_Test_Sequences/CAT_Enter_Trade_Classification' successfully

2020-04-16 07:30:06 - [TEST_STEP][PASSED] - "---------------------------------------": null

2020-04-16 07:30:06 - [TEST_STEP][PASSED] - " Set and SEARCH TRADE LOCATION         |": null

2020-04-16 07:30:06 - [TEST_STEP][PASSED] - callTestCase(findTestCase("Reusable_Test_Sequences/CAT_Enter_Trade_Location"), [:], CONTINUE_ON_FAILURE): Call Test Case 'Test Cases/Reusable_Test_Sequences/CAT_Enter_Trade_Location' successfully

2020-04-16 07:30:06 - [TEST_CASE][PASSED] - Test Cases/Reusable_Test_Sequences/CAT_Enter_Trade_Location: Test Cases/Reusable_Test_Sequences/CAT_Enter_Trade_Location

2020-04-16 07:30:06 - [TEST_STEP][PASSED] - "---------------------------------": null

2020-04-16 07:30:06 - [TEST_STEP][PASSED] - "Set and SEARCH SELECTED LOCATION |": null

2020-04-16 07:30:06 - [TEST_STEP][PASSED] - if (Website_Version != "new"): Text 'Hayling Island' is set on object 'Object Repository/Checkatrade_Trade_Search_Page/Page_Checkatrade Find a tradesperson you can trust/input_Not here_location'

2020-04-16 07:30:06 - [TEST_STEP][PASSED] - click(findTestObject("Object Repository/Checkatrade_Trade_Search_Page/Page_Checkatrade Find a tradesperson you can trust/input_Not here_location")): Object: 'Object Repository/Checkatrade_Trade_Search_Page/Page_Checkatrade Find a tradesperson you can trust/input_Not here_location' is clicked on

2020-04-16 07:30:06 - [MESSAGE][PASSED] - Object: 'Object Repository/Checkatrade_Trade_Search_Page/Page_Checkatrade Find a tradesperson you can trust/input_Not here_location' is clicked on

2020-04-16 07:30:06 - [TEST_STEP][PASSED] - setText(findTestObject("Object Repository/Checkatrade_Trade_Search_Page/Page_Checkatrade Find a tradesperson you can trust/input_Not here_location"), findTestData("searchTestData").getValue("tradeLocation", row)): Text 'Hayling Island' is set on object 'Object Repository/Checkatrade_Trade_Search_Page/Page_Checkatrade Find a tradesperson you can trust/input_Not here_location'

2020-04-16 07:30:07 - [MESSAGE][PASSED] - Text 'Hayling Island' is set on object 'Object Repository/Checkatrade_Trade_Search_Page/Page_Checkatrade Find a tradesperson you can trust/input_Not here_location'

2020-04-16 07:30:07 - [TEST_STEP][PASSED] - if (verifyTextNotPresent("Sorry, no results found", false)): null

2020-04-16 07:30:07 - [MESSAGE][PASSED] - Text 'Sorry, no results found' is not present on page

2020-04-16 07:30:07 - [TEST_STEP][PASSED] - markPassed("The Expected Lookup Result(s) ARE being returned by the Lookup Service, AS EXPECTED"): The Expected Lookup Result(s) ARE being returned by the Lookup Service, AS EXPECTED

2020-04-16 07:30:07 - [MESSAGE][PASSED] - The Expected Lookup Result(s) ARE being returned by the Lookup Service, AS EXPECTED

2020-04-16 07:30:07 - [MESSAGE][PASSED] - Call Test Case 'Test Cases/Reusable_Test_Sequences/CAT_Enter_Trade_Location' successfully

2020-04-16 07:30:07 - [TEST_STEP][PASSED] - "---------------------------------------": null

2020-04-16 07:30:07 - [TEST_STEP][PASSED] - " Scroll Search Button into View        |": null

2020-04-16 07:30:07 - [TEST_STEP][PASSED] - "---------------------------------------": null

2020-04-16 07:30:07 - [TEST_STEP][PASSED] - "---------------------------------------": null

2020-04-16 07:30:07 - [TEST_STEP][PASSED] - " Dispel New trades Header              |": null

2020-04-16 07:30:07 - [TEST_STEP][PASSED] - "---------------------------------------": null

2020-04-16 07:30:07 - [TEST_STEP][PASSED] - "---------------------------------------": null

2020-04-16 07:30:07 - [TEST_STEP][PASSED] - " Hit Search Button                     |": null

2020-04-16 07:30:07 - [TEST_STEP][PASSED] - callTestCase(findTestCase("Reusable_Test_Sequences/CAT_Hit_Search_Button"), [:], CONTINUE_ON_FAILURE): Call Test Case 'Test Cases/Reusable_Test_Sequences/CAT_Hit_Search_Button' successfully

2020-04-16 07:30:07 - [TEST_CASE][PASSED] - Test Cases/Reusable_Test_Sequences/CAT_Hit_Search_Button: Test Cases/Reusable_Test_Sequences/CAT_Hit_Search_Button

2020-04-16 07:30:07 - [TEST_STEP][PASSED] - "---------------------------------": null

2020-04-16 07:30:07 - [TEST_STEP][PASSED] - "HIT SEARCH": null

2020-04-16 07:30:07 - [TEST_STEP][PASSED] - "---------------------------------": null

2020-04-16 07:30:07 - [TEST_STEP][PASSED] - if (Website_Version == "new"): null

2020-04-16 07:30:07 - [TEST_STEP][PASSED] - else: Object: 'Object Repository/Page_Checkatrade Find a tradesperson you can trust/a_Search' is clicked on

2020-04-16 07:30:07 - [TEST_STEP][PASSED] - waitForElementClickable(findTestObject("Object Repository/Page_Checkatrade Find a tradesperson you can trust/a_Search"), 25): Object 'Object Repository/Page_Checkatrade Find a tradesperson you can trust/a_Search' is clickable

2020-04-16 07:30:07 - [MESSAGE][PASSED] - Object 'Object Repository/Page_Checkatrade Find a tradesperson you can trust/a_Search' is clickable

2020-04-16 07:30:07 - [TEST_STEP][PASSED] - click(findTestObject("Object Repository/Page_Checkatrade Find a tradesperson you can trust/a_Search")): Object: 'Object Repository/Page_Checkatrade Find a tradesperson you can trust/a_Search' is clicked on

2020-04-16 07:30:11 - [MESSAGE][PASSED] - Object: 'Object Repository/Page_Checkatrade Find a tradesperson you can trust/a_Search' is clicked on

2020-04-16 07:30:11 - [MESSAGE][PASSED] - Call Test Case 'Test Cases/Reusable_Test_Sequences/CAT_Hit_Search_Button' successfully

2020-04-16 07:30:11 - [TEST_STEP][PASSED] - "---------------------------------------": null

2020-04-16 07:30:11 - [TEST_STEP][PASSED] - " Verify Returned Page is as Expected   |": null

2020-04-16 07:30:11 - [TEST_STEP][PASSED] - callTestCase(findTestCase("Reusable_Test_Sequences/CAT_Verification"), [:], STOP_ON_FAILURE): Call Test Case 'Test Cases/Reusable_Test_Sequences/CAT_Verification' successfully

2020-04-16 07:30:11 - [TEST_CASE][PASSED] - Test Cases/Reusable_Test_Sequences/CAT_Verification: Test Cases/Reusable_Test_Sequences/CAT_Verification

2020-04-16 07:30:11 - [TEST_STEP][PASSED] - "Updated 05/12/2019 due to wholesale Home page changes": null

2020-04-16 07:30:11 - [TEST_STEP][PASSED] - "Expected cantantenated text is Returned": null

2020-04-16 07:30:11 - [TEST_STEP][PASSED] - " DYNAMIC DELAY - Wait for <SEARCH> Button to Re-Appear after Search is completed": null

2020-04-16 07:30:11 - [TEST_STEP][PASSED] - delay(3): Delayed 3 second(s)

2020-04-16 07:30:14 - [MESSAGE][PASSED] - Delayed 3 second(s)

2020-04-16 07:30:14 - [TEST_STEP][PASSED] - waitForPageLoad(60): Wait for page load successfully

2020-04-16 07:30:14 - [MESSAGE][PASSED] - Wait for page load successfully

2020-04-16 07:30:14 - [TEST_STEP][PASSED] - delay(1): Delayed 1 second(s)

2020-04-16 07:30:15 - [MESSAGE][PASSED] - Delayed 1 second(s)

2020-04-16 07:30:15 - [TEST_STEP][PASSED] - "--------------------": null

2020-04-16 07:30:15 - [TEST_STEP][PASSED] - "----------------------------------------------------------------------------------------------------": null

2020-04-16 07:30:15 - [TEST_STEP][PASSED] - "PREVIEW INCONSISTENCY - SOMETIME THE FIRST ITERATION RETURNS 404 - SEEMS TO BE A PREVIEW GLITCH THAT OCCURS TOO OFTEN   |  23/03/2020 - DH": null

2020-04-16 07:30:15 - [TEST_STEP][PASSED] - "------------------------------------------------------------------------------------------------------------------------": null

2020-04-16 07:30:15 - [TEST_STEP][PASSED] - "NEW Approach - Detect IMPROVE SEARCH PoPout and Syn on THIS": null

2020-04-16 07:30:15 - [TEST_STEP][PASSED] - verifyTextPresent(findTestData("searchTestData").getValue("tradeClassification", row), false): Text 'Electrician' is present on page 

2020-04-16 07:30:15 - [MESSAGE][PASSED] - Text 'Electrician' is present on page 

2020-04-16 07:30:15 - [TEST_STEP][PASSED] - verifyTextPresent(findTestData("searchTestData").getValue("tradeLocation", row), false): Text 'Hayling Island' is present on page 

2020-04-16 07:30:16 - [MESSAGE][PASSED] - Text 'Hayling Island' is present on page 

2020-04-16 07:30:16 - [MESSAGE][PASSED] - Call Test Case 'Test Cases/Reusable_Test_Sequences/CAT_Verification' successfully

2020-04-16 07:30:16 - [TEST_STEP][PASSED] - "--------------------------": null

2020-04-16 07:30:16 - [TEST_STEP][PASSED] - " Teardown - CLose Browser |": null

2020-04-16 07:30:16 - [TEST_STEP][PASSED] - callTestCase(findTestCase("Reusable_Test_Sequences/CAT_Teardown"), [:], OPTIONAL): Call Test Case 'Test Cases/Reusable_Test_Sequences/CAT_Teardown' successfully

2020-04-16 07:30:16 - [TEST_CASE][PASSED] - Test Cases/Reusable_Test_Sequences/CAT_Teardown: Test Cases/Reusable_Test_Sequences/CAT_Teardown

2020-04-16 07:30:16 - [TEST_STEP][PASSED] - closeBrowser(): Browser is closed

2020-04-16 07:30:16 - [MESSAGE][PASSED] - Browser is closed

2020-04-16 07:30:16 - [TEST_STEP][PASSED] - super.finalize(): null

2020-04-16 07:30:16 - [TEST_STEP][PASSED] - System.gc(): null

2020-04-16 07:30:16 - [MESSAGE][PASSED] - Call Test Case 'Test Cases/Reusable_Test_Sequences/CAT_Teardown' successfully

2020-04-16 07:30:17 - [TEST_STEP][PASSED] - "------------------------------": null

2020-04-16 07:30:17 - [TEST_STEP][PASSED] - " Set Mobile Device Testing    |": null

2020-04-16 07:30:17 - [TEST_STEP][PASSED] - Mobile_Flag = "false": null

2020-04-16 07:30:17 - [TEST_STEP][PASSED] - "------------------------------": null

2020-04-16 07:30:17 - [TEST_STEP][PASSED] - " Set Mobile Device Testing    |": null

2020-04-16 07:30:17 - [TEST_STEP][PASSED] - callTestCase(findTestCase("Reusable_Test_Sequences/CAT_Setup"), [:], OPTIONAL): Call Test Case 'Test Cases/Reusable_Test_Sequences/CAT_Setup' successfully

2020-04-16 07:30:17 - [TEST_CASE][PASSED] - Test Cases/Reusable_Test_Sequences/CAT_Setup: Test Cases/Reusable_Test_Sequences/CAT_Setup

2020-04-16 07:30:17 - [TEST_STEP][PASSED] - "------------------------------": null

2020-04-16 07:30:17 - [TEST_STEP][PASSED] - " Set Mobile Device Testing    |": null

2020-04-16 07:30:17 - [TEST_STEP][PASSED] - if (Mobile_Flag == "true"): null

2020-04-16 07:30:17 - [TEST_STEP][PASSED] - "------------------------------": null

2020-04-16 07:30:17 - [TEST_STEP][PASSED] - " Set Mobile Device Testing    |": null

2020-04-16 07:30:17 - [TEST_STEP][PASSED] - "------------------------------": null

2020-04-16 07:30:17 - [TEST_STEP][PASSED] - "URL - Set from the ENVIRONMENT PROFILE ": null

2020-04-16 07:30:17 - [TEST_STEP][PASSED] - openBrowser(URL): Browser is opened with url: 'https://www.preview.checkatrade.com/'

2020-04-16 07:30:17 - [MESSAGE][INFO] - Starting 'Chrome' driver

2020-04-16 07:30:17 - [MESSAGE][INFO] - Action delay is set to 0 milliseconds

2020-04-16 07:30:23 - [MESSAGE][PASSED] - Browser is opened with url: 'https://www.preview.checkatrade.com/'

2020-04-16 07:30:23 - [TEST_STEP][PASSED] - maximizeWindow(): Current window maximized

2020-04-16 07:30:26 - [MESSAGE][PASSED] - Current window maximized

2020-04-16 07:30:26 - [TEST_STEP][PASSED] - waitForPageLoad(60): Wait for page load successfully

2020-04-16 07:30:26 - [MESSAGE][PASSED] - Wait for page load successfully

2020-04-16 07:30:26 - [TEST_STEP][PASSED] - "Previous Functionalilty Left Commented For Ease Of reversion": null

2020-04-16 07:30:26 - [TEST_STEP][PASSED] - " Katalon Try/Catches currently have issues? SEE HEADER": null

2020-04-16 07:30:26 - [TEST_STEP][PASSED] - try: Text 'Cookie Policy' is not present on page

2020-04-16 07:30:26 - [TEST_STEP][PASSED] - verifyElementPresent(findTestObject("Object Repository/Cookies/Page_Checkatrade Find a tradesperson you can trust/button_Accept All"), 5, OPTIONAL): Object 'Object Repository/Cookies/Page_Checkatrade Find a tradesperson you can trust/button_Accept All' is present

2020-04-16 07:30:26 - [MESSAGE][PASSED] - Object 'Object Repository/Cookies/Page_Checkatrade Find a tradesperson you can trust/button_Accept All' is present

2020-04-16 07:30:26 - [TEST_STEP][PASSED] - click(findTestObject("Object Repository/Cookies/Page_Checkatrade Find a tradesperson you can trust/button_Accept All"), OPTIONAL): Object: 'Object Repository/Cookies/Page_Checkatrade Find a tradesperson you can trust/button_Accept All' is clicked on

2020-04-16 07:30:26 - [MESSAGE][PASSED] - Object: 'Object Repository/Cookies/Page_Checkatrade Find a tradesperson you can trust/button_Accept All' is clicked on

2020-04-16 07:30:26 - [TEST_STEP][PASSED] - "---------------------------------": null

2020-04-16 07:30:26 - [TEST_STEP][PASSED] - "COOKIE POPOUT REMOVED - Confirmed": null

2020-04-16 07:30:26 - [TEST_STEP][PASSED] - delay(1): Delayed 1 second(s)

2020-04-16 07:30:27 - [MESSAGE][PASSED] - Delayed 1 second(s)

2020-04-16 07:30:27 - [TEST_STEP][PASSED] - verifyTextNotPresent("We use cookies to personalise content and ads, to provide social media features and to analyse our traffic", false): Text 'We use cookies to personalise content and ads, to provide social media features and to analyse our traffic' is not present on page

2020-04-16 07:30:28 - [MESSAGE][PASSED] - Text 'We use cookies to personalise content and ads, to provide social media features and to analyse our traffic' is not present on page

2020-04-16 07:30:28 - [TEST_STEP][PASSED] - verifyTextNotPresent(" We also share information about your use of our site with our social media, advertising and analytics partners", false): Text ' We also share information about your use of our site with our social media, advertising and analytics partners' is not present on page

2020-04-16 07:30:28 - [MESSAGE][PASSED] - Text ' We also share information about your use of our site with our social media, advertising and analytics partners' is not present on page

2020-04-16 07:30:28 - [TEST_STEP][PASSED] - verifyTextNotPresent("Cookie Policy", false): Text 'Cookie Policy' is not present on page

2020-04-16 07:30:28 - [MESSAGE][PASSED] - Text 'Cookie Policy' is not present on page

2020-04-16 07:30:28 - [TEST_STEP][PASSED] - waitForPageLoad(60): Wait for page load successfully

2020-04-16 07:30:28 - [MESSAGE][PASSED] - Wait for page load successfully

2020-04-16 07:30:28 - [TEST_STEP][PASSED] - "COOKIE - ORIGINAL": null

2020-04-16 07:30:28 - [TEST_STEP][PASSED] - if (waitForElementVisible(findTestObject("Object Repository/Feedback/Page_Checkatrade Give your feedback/input_Member_to_Review"), 5)): Web element with id: 'Object Repository/Feedback/Page_Checkatrade Give your feedback/input_Member_to_Review' located by 'By.xpath: //input[@id='feedback-form__company_autocomplete_input']' not found

2020-04-16 07:30:33 - [MESSAGE][INFO] - Unable to find the element located by 'By.xpath: //input[@id='feedback-form__company_autocomplete_input']'. Please recheck the objects properties to make sure the desired element is located. 

2020-04-16 07:30:33 - [MESSAGE][WARNING] - Web element with id: 'Object Repository/Feedback/Page_Checkatrade Give your feedback/input_Member_to_Review' located by 'By.xpath: //input[@id='feedback-form__company_autocomplete_input']' not found

2020-04-16 07:30:33 - [TEST_STEP][PASSED] - else: The <<<OLD>>> Website was detected by the STARTUP Process

2020-04-16 07:30:33 - [TEST_STEP][PASSED] - if (!(verifyElementVisible(findTestObject("Object Repository/Checkatrade_Trade_Search_Page/Page_Checkatrade Find a tradesperson you can trust/input_Search_Button_FF")))): Object 'Object Repository/Checkatrade_Trade_Search_Page/Page_Checkatrade Find a tradesperson you can trust/input_Search_Button_FF' is visible

2020-04-16 07:30:33 - [MESSAGE][PASSED] - Object 'Object Repository/Checkatrade_Trade_Search_Page/Page_Checkatrade Find a tradesperson you can trust/input_Search_Button_FF' is visible

2020-04-16 07:30:33 - [TEST_STEP][PASSED] - else: The <<<OLD>>> Website was detected by the STARTUP Process

2020-04-16 07:30:33 - [TEST_STEP][PASSED] - Website_Version = "old": null

2020-04-16 07:30:33 - [TEST_STEP][PASSED] - logInfo("The <<<OLD>>> Website was detected by the STARTUP Process"): The <<<OLD>>> Website was detected by the STARTUP Process

2020-04-16 07:30:33 - [MESSAGE][INFO] - The <<<OLD>>> Website was detected by the STARTUP Process

2020-04-16 07:30:33 - [MESSAGE][PASSED] - Call Test Case 'Test Cases/Reusable_Test_Sequences/CAT_Setup' successfully

2020-04-16 07:30:33 - [TEST_STEP][PASSED] - " ALTERNATIVE SCREEN RESOLUTION SELECTION METHOD": null

2020-04-16 07:30:33 - [TEST_STEP][PASSED] - " Block Comment Start": null

2020-04-16 07:30:33 - [TEST_STEP][PASSED] - " ACTUAL SCREEN RESOLUTION SELECTION METHOD USED": null

2020-04-16 07:30:33 - [TEST_STEP][PASSED] - XCOORD = Integer.parseInt(findTestData("searchTestData").getValue("X_COORD", row)): null

2020-04-16 07:30:33 - [TEST_STEP][PASSED] - YCOORD = Integer.parseInt(findTestData("searchTestData").getValue("Y_COORD", row)): null

2020-04-16 07:30:33 - [TEST_STEP][PASSED] - setViewPortSize(XCOORD, YCOORD): Viewport is set to new size with width = 700 and height = 900

2020-04-16 07:30:34 - [MESSAGE][PASSED] - Viewport is set to new size with width = 700 and height = 900

2020-04-16 07:30:34 - [TEST_STEP][PASSED] - waitForPageLoad(60): Wait for page load successfully

2020-04-16 07:30:34 - [MESSAGE][PASSED] - Wait for page load successfully

2020-04-16 07:30:34 - [TEST_STEP][PASSED] - markPassed("Set View Port Size is currently SET to X AXIS " + XCOORD + " Y AXIS " + YCOORD): Set View Port Size is currently SET to X AXIS 700 Y AXIS 900

2020-04-16 07:30:34 - [MESSAGE][PASSED] - Set View Port Size is currently SET to X AXIS 700 Y AXIS 900

2020-04-16 07:30:34 - [TEST_STEP][PASSED] - markPassed("Set View Port Size is currently SET to X AXIS " + XCOORD + " Y AXIS " + YCOORD): Set View Port Size is currently SET to X AXIS 700 Y AXIS 900

2020-04-16 07:30:34 - [MESSAGE][PASSED] - Set View Port Size is currently SET to X AXIS 700 Y AXIS 900

2020-04-16 07:30:34 - [TEST_STEP][PASSED] - " Block Commen End": null

2020-04-16 07:30:34 - [TEST_STEP][PASSED] - "---------------------------------------": null

2020-04-16 07:30:34 - [TEST_STEP][PASSED] - " Set and SEARCH TRADE CLASSIFICATION   |": null

2020-04-16 07:30:34 - [TEST_STEP][PASSED] - callTestCase(findTestCase("Reusable_Test_Sequences/CAT_Enter_Trade_Classification"), [:], CONTINUE_ON_FAILURE): Call Test Case 'Test Cases/Reusable_Test_Sequences/CAT_Enter_Trade_Classification' successfully

2020-04-16 07:30:34 - [TEST_CASE][PASSED] - Test Cases/Reusable_Test_Sequences/CAT_Enter_Trade_Classification: Test Cases/Reusable_Test_Sequences/CAT_Enter_Trade_Classification

2020-04-16 07:30:34 - [TEST_STEP][PASSED] - "---------------------------------": null

2020-04-16 07:30:34 - [TEST_STEP][PASSED] - "Set and SEARCH SELECTED TRADE": null

2020-04-16 07:30:34 - [TEST_STEP][PASSED] - if (Website_Version == "new"): null

2020-04-16 07:30:34 - [TEST_STEP][PASSED] - else: Object: 'Object Repository/Checkatrade_Trade_Search_Page/Page_Checkatrade Find a tradesperson you can trust/input_Search_Button_FF' is clicked on

2020-04-16 07:30:34 - [TEST_STEP][PASSED] - waitForElementPresent(findTestObject("Object Repository/Checkatrade_Trade_Search_Page/Page_Checkatrade Find a tradesperson you can trust/input_Search_Button_FF"), 60): Object 'Object Repository/Checkatrade_Trade_Search_Page/Page_Checkatrade Find a tradesperson you can trust/input_Search_Button_FF' is present

2020-04-16 07:30:34 - [MESSAGE][PASSED] - Object 'Object Repository/Checkatrade_Trade_Search_Page/Page_Checkatrade Find a tradesperson you can trust/input_Search_Button_FF' is present

2020-04-16 07:30:34 - [TEST_STEP][PASSED] - click(findTestObject("Object Repository/Checkatrade_Trade_Search_Page/Page_Checkatrade Find a tradesperson you can trust/input_Search_Button_FF")): Object: 'Object Repository/Checkatrade_Trade_Search_Page/Page_Checkatrade Find a tradesperson you can trust/input_Search_Button_FF' is clicked on

2020-04-16 07:30:34 - [MESSAGE][PASSED] - Object: 'Object Repository/Checkatrade_Trade_Search_Page/Page_Checkatrade Find a tradesperson you can trust/input_Search_Button_FF' is clicked on

2020-04-16 07:30:34 - [TEST_STEP][PASSED] - setText(findTestObject("Object Repository/Checkatrade_Trade_Search_Page/Page_Checkatrade Find a tradesperson you can trust/input_Search_Button_FF"), findTestData("searchTestData").getValue("tradeClassification", row)): Text 'Diagnostic Testing' is set on object 'Object Repository/Checkatrade_Trade_Search_Page/Page_Checkatrade Find a tradesperson you can trust/input_Search_Button_FF'

2020-04-16 07:30:35 - [MESSAGE][PASSED] - Text 'Diagnostic Testing' is set on object 'Object Repository/Checkatrade_Trade_Search_Page/Page_Checkatrade Find a tradesperson you can trust/input_Search_Button_FF'

2020-04-16 07:30:35 - [TEST_STEP][PASSED] - click(findTestObject("Object Repository/Checkatrade_Trade_Search_Page/Page_Checkatrade Find a tradesperson you can trust/input_Search_Button_FF")): Object: 'Object Repository/Checkatrade_Trade_Search_Page/Page_Checkatrade Find a tradesperson you can trust/input_Search_Button_FF' is clicked on

2020-04-16 07:30:35 - [MESSAGE][PASSED] - Object: 'Object Repository/Checkatrade_Trade_Search_Page/Page_Checkatrade Find a tradesperson you can trust/input_Search_Button_FF' is clicked on

2020-04-16 07:30:35 - [MESSAGE][PASSED] - Call Test Case 'Test Cases/Reusable_Test_Sequences/CAT_Enter_Trade_Classification' successfully

2020-04-16 07:30:35 - [TEST_STEP][PASSED] - "---------------------------------------": null

2020-04-16 07:30:35 - [TEST_STEP][PASSED] - " Set and SEARCH TRADE LOCATION         |": null

2020-04-16 07:30:35 - [TEST_STEP][PASSED] - callTestCase(findTestCase("Reusable_Test_Sequences/CAT_Enter_Trade_Location"), [:], CONTINUE_ON_FAILURE): Call Test Case 'Test Cases/Reusable_Test_Sequences/CAT_Enter_Trade_Location' successfully

2020-04-16 07:30:35 - [TEST_CASE][PASSED] - Test Cases/Reusable_Test_Sequences/CAT_Enter_Trade_Location: Test Cases/Reusable_Test_Sequences/CAT_Enter_Trade_Location

2020-04-16 07:30:35 - [TEST_STEP][PASSED] - "---------------------------------": null

2020-04-16 07:30:35 - [TEST_STEP][PASSED] - "Set and SEARCH SELECTED LOCATION |": null

2020-04-16 07:30:35 - [TEST_STEP][PASSED] - if (Website_Version != "new"): Text 'Angmering' is set on object 'Object Repository/Checkatrade_Trade_Search_Page/Page_Checkatrade Find a tradesperson you can trust/input_Not here_location'

2020-04-16 07:30:35 - [TEST_STEP][PASSED] - click(findTestObject("Object Repository/Checkatrade_Trade_Search_Page/Page_Checkatrade Find a tradesperson you can trust/input_Not here_location")): Object: 'Object Repository/Checkatrade_Trade_Search_Page/Page_Checkatrade Find a tradesperson you can trust/input_Not here_location' is clicked on

2020-04-16 07:30:35 - [MESSAGE][PASSED] - Object: 'Object Repository/Checkatrade_Trade_Search_Page/Page_Checkatrade Find a tradesperson you can trust/input_Not here_location' is clicked on

2020-04-16 07:30:35 - [TEST_STEP][PASSED] - setText(findTestObject("Object Repository/Checkatrade_Trade_Search_Page/Page_Checkatrade Find a tradesperson you can trust/input_Not here_location"), findTestData("searchTestData").getValue("tradeLocation", row)): Text 'Angmering' is set on object 'Object Repository/Checkatrade_Trade_Search_Page/Page_Checkatrade Find a tradesperson you can trust/input_Not here_location'

2020-04-16 07:30:35 - [MESSAGE][PASSED] - Text 'Angmering' is set on object 'Object Repository/Checkatrade_Trade_Search_Page/Page_Checkatrade Find a tradesperson you can trust/input_Not here_location'

2020-04-16 07:30:35 - [TEST_STEP][PASSED] - if (verifyTextNotPresent("Sorry, no results found", false)): null

2020-04-16 07:30:35 - [MESSAGE][PASSED] - Text 'Sorry, no results found' is not present on page

2020-04-16 07:30:35 - [TEST_STEP][PASSED] - markPassed("The Expected Lookup Result(s) ARE being returned by the Lookup Service, AS EXPECTED"): The Expected Lookup Result(s) ARE being returned by the Lookup Service, AS EXPECTED

2020-04-16 07:30:35 - [MESSAGE][PASSED] - The Expected Lookup Result(s) ARE being returned by the Lookup Service, AS EXPECTED

2020-04-16 07:30:35 - [MESSAGE][PASSED] - Call Test Case 'Test Cases/Reusable_Test_Sequences/CAT_Enter_Trade_Location' successfully

2020-04-16 07:30:35 - [TEST_STEP][PASSED] - "---------------------------------------": null

2020-04-16 07:30:35 - [TEST_STEP][PASSED] - " Scroll Search Button into View        |": null

2020-04-16 07:30:35 - [TEST_STEP][PASSED] - "---------------------------------------": null

2020-04-16 07:30:35 - [TEST_STEP][PASSED] - "---------------------------------------": null

2020-04-16 07:30:35 - [TEST_STEP][PASSED] - " Dispel New trades Header              |": null

2020-04-16 07:30:35 - [TEST_STEP][PASSED] - "---------------------------------------": null

2020-04-16 07:30:35 - [TEST_STEP][PASSED] - "---------------------------------------": null

2020-04-16 07:30:35 - [TEST_STEP][PASSED] - " Hit Search Button                     |": null

2020-04-16 07:30:35 - [TEST_STEP][PASSED] - callTestCase(findTestCase("Reusable_Test_Sequences/CAT_Hit_Search_Button"), [:], CONTINUE_ON_FAILURE): Call Test Case 'Test Cases/Reusable_Test_Sequences/CAT_Hit_Search_Button' successfully

2020-04-16 07:30:36 - [TEST_CASE][PASSED] - Test Cases/Reusable_Test_Sequences/CAT_Hit_Search_Button: Test Cases/Reusable_Test_Sequences/CAT_Hit_Search_Button

2020-04-16 07:30:36 - [TEST_STEP][PASSED] - "---------------------------------": null

2020-04-16 07:30:36 - [TEST_STEP][PASSED] - "HIT SEARCH": null

2020-04-16 07:30:36 - [TEST_STEP][PASSED] - "---------------------------------": null

2020-04-16 07:30:36 - [TEST_STEP][PASSED] - if (Website_Version == "new"): null

2020-04-16 07:30:36 - [TEST_STEP][PASSED] - else: Object: 'Object Repository/Page_Checkatrade Find a tradesperson you can trust/a_Search' is clicked on

2020-04-16 07:30:36 - [TEST_STEP][PASSED] - waitForElementClickable(findTestObject("Object Repository/Page_Checkatrade Find a tradesperson you can trust/a_Search"), 25): Object 'Object Repository/Page_Checkatrade Find a tradesperson you can trust/a_Search' is clickable

2020-04-16 07:30:36 - [MESSAGE][PASSED] - Object 'Object Repository/Page_Checkatrade Find a tradesperson you can trust/a_Search' is clickable

2020-04-16 07:30:36 - [TEST_STEP][PASSED] - click(findTestObject("Object Repository/Page_Checkatrade Find a tradesperson you can trust/a_Search")): Object: 'Object Repository/Page_Checkatrade Find a tradesperson you can trust/a_Search' is clicked on

2020-04-16 07:30:37 - [MESSAGE][PASSED] - Object: 'Object Repository/Page_Checkatrade Find a tradesperson you can trust/a_Search' is clicked on

2020-04-16 07:30:37 - [MESSAGE][PASSED] - Call Test Case 'Test Cases/Reusable_Test_Sequences/CAT_Hit_Search_Button' successfully

2020-04-16 07:30:37 - [TEST_STEP][PASSED] - "---------------------------------------": null

2020-04-16 07:30:37 - [TEST_STEP][PASSED] - " Verify Returned Page is as Expected   |": null

2020-04-16 07:30:37 - [TEST_STEP][PASSED] - callTestCase(findTestCase("Reusable_Test_Sequences/CAT_Verification"), [:], STOP_ON_FAILURE): Call Test Case 'Test Cases/Reusable_Test_Sequences/CAT_Verification' successfully

2020-04-16 07:30:37 - [TEST_CASE][PASSED] - Test Cases/Reusable_Test_Sequences/CAT_Verification: Test Cases/Reusable_Test_Sequences/CAT_Verification

2020-04-16 07:30:37 - [TEST_STEP][PASSED] - "Updated 05/12/2019 due to wholesale Home page changes": null

2020-04-16 07:30:37 - [TEST_STEP][PASSED] - "Expected cantantenated text is Returned": null

2020-04-16 07:30:37 - [TEST_STEP][PASSED] - " DYNAMIC DELAY - Wait for <SEARCH> Button to Re-Appear after Search is completed": null

2020-04-16 07:30:37 - [TEST_STEP][PASSED] - delay(3): Delayed 3 second(s)

2020-04-16 07:30:40 - [MESSAGE][PASSED] - Delayed 3 second(s)

2020-04-16 07:30:40 - [TEST_STEP][PASSED] - waitForPageLoad(60): Wait for page load successfully

2020-04-16 07:30:40 - [MESSAGE][PASSED] - Wait for page load successfully

2020-04-16 07:30:40 - [TEST_STEP][PASSED] - delay(1): Delayed 1 second(s)

2020-04-16 07:30:41 - [MESSAGE][PASSED] - Delayed 1 second(s)

2020-04-16 07:30:41 - [TEST_STEP][PASSED] - "--------------------": null

2020-04-16 07:30:41 - [TEST_STEP][PASSED] - "----------------------------------------------------------------------------------------------------": null

2020-04-16 07:30:41 - [TEST_STEP][PASSED] - "PREVIEW INCONSISTENCY - SOMETIME THE FIRST ITERATION RETURNS 404 - SEEMS TO BE A PREVIEW GLITCH THAT OCCURS TOO OFTEN   |  23/03/2020 - DH": null

2020-04-16 07:30:41 - [TEST_STEP][PASSED] - "------------------------------------------------------------------------------------------------------------------------": null

2020-04-16 07:30:41 - [TEST_STEP][PASSED] - "NEW Approach - Detect IMPROVE SEARCH PoPout and Syn on THIS": null

2020-04-16 07:30:41 - [TEST_STEP][PASSED] - verifyTextPresent(findTestData("searchTestData").getValue("tradeClassification", row), false): Text 'Diagnostic Testing' is present on page 

2020-04-16 07:30:41 - [MESSAGE][PASSED] - Text 'Diagnostic Testing' is present on page 

2020-04-16 07:30:41 - [TEST_STEP][PASSED] - verifyTextPresent(findTestData("searchTestData").getValue("tradeLocation", row), false): Text 'Angmering' is present on page 

2020-04-16 07:30:41 - [MESSAGE][PASSED] - Text 'Angmering' is present on page 

2020-04-16 07:30:41 - [MESSAGE][PASSED] - Call Test Case 'Test Cases/Reusable_Test_Sequences/CAT_Verification' successfully

2020-04-16 07:30:41 - [TEST_STEP][PASSED] - "--------------------------": null

2020-04-16 07:30:41 - [TEST_STEP][PASSED] - " Teardown - CLose Browser |": null

2020-04-16 07:30:41 - [TEST_STEP][PASSED] - callTestCase(findTestCase("Reusable_Test_Sequences/CAT_Teardown"), [:], OPTIONAL): Call Test Case 'Test Cases/Reusable_Test_Sequences/CAT_Teardown' successfully

2020-04-16 07:30:41 - [TEST_CASE][PASSED] - Test Cases/Reusable_Test_Sequences/CAT_Teardown: Test Cases/Reusable_Test_Sequences/CAT_Teardown

2020-04-16 07:30:41 - [TEST_STEP][PASSED] - closeBrowser(): Browser is closed

2020-04-16 07:30:43 - [MESSAGE][PASSED] - Browser is closed

2020-04-16 07:30:43 - [TEST_STEP][PASSED] - super.finalize(): null

2020-04-16 07:30:43 - [TEST_STEP][PASSED] - System.gc(): null

2020-04-16 07:30:43 - [MESSAGE][PASSED] - Call Test Case 'Test Cases/Reusable_Test_Sequences/CAT_Teardown' successfully

2020-04-16 07:30:43 - [TEST_STEP][PASSED] - "------------------------------": null

2020-04-16 07:30:43 - [TEST_STEP][PASSED] - " Set Mobile Device Testing    |": null

2020-04-16 07:30:43 - [TEST_STEP][PASSED] - Mobile_Flag = "false": null

2020-04-16 07:30:43 - [TEST_STEP][PASSED] - "------------------------------": null

2020-04-16 07:30:43 - [TEST_STEP][PASSED] - " Set Mobile Device Testing    |": null

2020-04-16 07:30:43 - [TEST_STEP][PASSED] - callTestCase(findTestCase("Reusable_Test_Sequences/CAT_Setup"), [:], OPTIONAL): Call Test Case 'Test Cases/Reusable_Test_Sequences/CAT_Setup' successfully

2020-04-16 07:30:43 - [TEST_CASE][PASSED] - Test Cases/Reusable_Test_Sequences/CAT_Setup: Test Cases/Reusable_Test_Sequences/CAT_Setup

2020-04-16 07:30:43 - [TEST_STEP][PASSED] - "------------------------------": null

2020-04-16 07:30:43 - [TEST_STEP][PASSED] - " Set Mobile Device Testing    |": null

2020-04-16 07:30:43 - [TEST_STEP][PASSED] - if (Mobile_Flag == "true"): null

2020-04-16 07:30:43 - [TEST_STEP][PASSED] - "------------------------------": null

2020-04-16 07:30:43 - [TEST_STEP][PASSED] - " Set Mobile Device Testing    |": null

2020-04-16 07:30:43 - [TEST_STEP][PASSED] - "------------------------------": null

2020-04-16 07:30:43 - [TEST_STEP][PASSED] - "URL - Set from the ENVIRONMENT PROFILE ": null

2020-04-16 07:30:43 - [TEST_STEP][PASSED] - openBrowser(URL): Browser is opened with url: 'https://www.preview.checkatrade.com/'

2020-04-16 07:30:43 - [MESSAGE][INFO] - Starting 'Chrome' driver

2020-04-16 07:30:43 - [MESSAGE][INFO] - Action delay is set to 0 milliseconds

2020-04-16 07:30:49 - [MESSAGE][PASSED] - Browser is opened with url: 'https://www.preview.checkatrade.com/'

2020-04-16 07:30:49 - [TEST_STEP][PASSED] - maximizeWindow(): Current window maximized

2020-04-16 07:30:51 - [MESSAGE][PASSED] - Current window maximized

2020-04-16 07:30:51 - [TEST_STEP][PASSED] - waitForPageLoad(60): Wait for page load successfully

2020-04-16 07:30:51 - [MESSAGE][PASSED] - Wait for page load successfully

2020-04-16 07:30:51 - [TEST_STEP][PASSED] - "Previous Functionalilty Left Commented For Ease Of reversion": null

2020-04-16 07:30:51 - [TEST_STEP][PASSED] - " Katalon Try/Catches currently have issues? SEE HEADER": null

2020-04-16 07:30:51 - [TEST_STEP][PASSED] - try: Text 'Cookie Policy' is not present on page

2020-04-16 07:30:51 - [TEST_STEP][PASSED] - verifyElementPresent(findTestObject("Object Repository/Cookies/Page_Checkatrade Find a tradesperson you can trust/button_Accept All"), 5, OPTIONAL): Object 'Object Repository/Cookies/Page_Checkatrade Find a tradesperson you can trust/button_Accept All' is present

2020-04-16 07:30:52 - [MESSAGE][PASSED] - Object 'Object Repository/Cookies/Page_Checkatrade Find a tradesperson you can trust/button_Accept All' is present

2020-04-16 07:30:52 - [TEST_STEP][PASSED] - click(findTestObject("Object Repository/Cookies/Page_Checkatrade Find a tradesperson you can trust/button_Accept All"), OPTIONAL): Object: 'Object Repository/Cookies/Page_Checkatrade Find a tradesperson you can trust/button_Accept All' is clicked on

2020-04-16 07:30:52 - [MESSAGE][PASSED] - Object: 'Object Repository/Cookies/Page_Checkatrade Find a tradesperson you can trust/button_Accept All' is clicked on

2020-04-16 07:30:52 - [TEST_STEP][PASSED] - "---------------------------------": null

2020-04-16 07:30:52 - [TEST_STEP][PASSED] - "COOKIE POPOUT REMOVED - Confirmed": null

2020-04-16 07:30:52 - [TEST_STEP][PASSED] - delay(1): Delayed 1 second(s)

2020-04-16 07:30:53 - [MESSAGE][PASSED] - Delayed 1 second(s)

2020-04-16 07:30:53 - [TEST_STEP][PASSED] - verifyTextNotPresent("We use cookies to personalise content and ads, to provide social media features and to analyse our traffic", false): Text 'We use cookies to personalise content and ads, to provide social media features and to analyse our traffic' is not present on page

2020-04-16 07:30:53 - [MESSAGE][PASSED] - Text 'We use cookies to personalise content and ads, to provide social media features and to analyse our traffic' is not present on page

2020-04-16 07:30:53 - [TEST_STEP][PASSED] - verifyTextNotPresent(" We also share information about your use of our site with our social media, advertising and analytics partners", false): Text ' We also share information about your use of our site with our social media, advertising and analytics partners' is not present on page

2020-04-16 07:30:53 - [MESSAGE][PASSED] - Text ' We also share information about your use of our site with our social media, advertising and analytics partners' is not present on page

2020-04-16 07:30:53 - [TEST_STEP][PASSED] - verifyTextNotPresent("Cookie Policy", false): Text 'Cookie Policy' is not present on page

2020-04-16 07:30:53 - [MESSAGE][PASSED] - Text 'Cookie Policy' is not present on page

2020-04-16 07:30:53 - [TEST_STEP][PASSED] - waitForPageLoad(60): Wait for page load successfully

2020-04-16 07:30:53 - [MESSAGE][PASSED] - Wait for page load successfully

2020-04-16 07:30:53 - [TEST_STEP][PASSED] - "COOKIE - ORIGINAL": null

2020-04-16 07:30:53 - [TEST_STEP][PASSED] - if (waitForElementVisible(findTestObject("Object Repository/Feedback/Page_Checkatrade Give your feedback/input_Member_to_Review"), 5)): Web element with id: 'Object Repository/Feedback/Page_Checkatrade Give your feedback/input_Member_to_Review' located by 'By.xpath: //input[@id='feedback-form__company_autocomplete_input']' not found

2020-04-16 07:30:58 - [MESSAGE][INFO] - Unable to find the element located by 'By.xpath: //input[@id='feedback-form__company_autocomplete_input']'. Please recheck the objects properties to make sure the desired element is located. 

2020-04-16 07:30:58 - [MESSAGE][WARNING] - Web element with id: 'Object Repository/Feedback/Page_Checkatrade Give your feedback/input_Member_to_Review' located by 'By.xpath: //input[@id='feedback-form__company_autocomplete_input']' not found

2020-04-16 07:30:58 - [TEST_STEP][PASSED] - else: The <<<OLD>>> Website was detected by the STARTUP Process

2020-04-16 07:30:58 - [TEST_STEP][PASSED] - if (!(verifyElementVisible(findTestObject("Object Repository/Checkatrade_Trade_Search_Page/Page_Checkatrade Find a tradesperson you can trust/input_Search_Button_FF")))): Object 'Object Repository/Checkatrade_Trade_Search_Page/Page_Checkatrade Find a tradesperson you can trust/input_Search_Button_FF' is visible

2020-04-16 07:30:58 - [MESSAGE][PASSED] - Object 'Object Repository/Checkatrade_Trade_Search_Page/Page_Checkatrade Find a tradesperson you can trust/input_Search_Button_FF' is visible

2020-04-16 07:30:58 - [TEST_STEP][PASSED] - else: The <<<OLD>>> Website was detected by the STARTUP Process

2020-04-16 07:30:58 - [TEST_STEP][PASSED] - Website_Version = "old": null

2020-04-16 07:30:58 - [TEST_STEP][PASSED] - logInfo("The <<<OLD>>> Website was detected by the STARTUP Process"): The <<<OLD>>> Website was detected by the STARTUP Process

2020-04-16 07:30:58 - [MESSAGE][INFO] - The <<<OLD>>> Website was detected by the STARTUP Process

2020-04-16 07:30:58 - [MESSAGE][PASSED] - Call Test Case 'Test Cases/Reusable_Test_Sequences/CAT_Setup' successfully

2020-04-16 07:30:58 - [TEST_STEP][PASSED] - " ALTERNATIVE SCREEN RESOLUTION SELECTION METHOD": null

2020-04-16 07:30:58 - [TEST_STEP][PASSED] - " Block Comment Start": null

2020-04-16 07:30:58 - [TEST_STEP][PASSED] - " ACTUAL SCREEN RESOLUTION SELECTION METHOD USED": null

2020-04-16 07:30:58 - [TEST_STEP][PASSED] - XCOORD = Integer.parseInt(findTestData("searchTestData").getValue("X_COORD", row)): null

2020-04-16 07:30:59 - [TEST_STEP][PASSED] - YCOORD = Integer.parseInt(findTestData("searchTestData").getValue("Y_COORD", row)): null

2020-04-16 07:30:59 - [TEST_STEP][PASSED] - setViewPortSize(XCOORD, YCOORD): Viewport is set to new size with width = 600 and height = 800

2020-04-16 07:30:59 - [MESSAGE][PASSED] - Viewport is set to new size with width = 600 and height = 800

2020-04-16 07:30:59 - [TEST_STEP][PASSED] - waitForPageLoad(60): Wait for page load successfully

2020-04-16 07:30:59 - [MESSAGE][PASSED] - Wait for page load successfully

2020-04-16 07:30:59 - [TEST_STEP][PASSED] - markPassed("Set View Port Size is currently SET to X AXIS " + XCOORD + " Y AXIS " + YCOORD): Set View Port Size is currently SET to X AXIS 600 Y AXIS 800

2020-04-16 07:30:59 - [MESSAGE][PASSED] - Set View Port Size is currently SET to X AXIS 600 Y AXIS 800

2020-04-16 07:30:59 - [TEST_STEP][PASSED] - markPassed("Set View Port Size is currently SET to X AXIS " + XCOORD + " Y AXIS " + YCOORD): Set View Port Size is currently SET to X AXIS 600 Y AXIS 800

2020-04-16 07:30:59 - [MESSAGE][PASSED] - Set View Port Size is currently SET to X AXIS 600 Y AXIS 800

2020-04-16 07:30:59 - [TEST_STEP][PASSED] - " Block Commen End": null

2020-04-16 07:30:59 - [TEST_STEP][PASSED] - "---------------------------------------": null

2020-04-16 07:30:59 - [TEST_STEP][PASSED] - " Set and SEARCH TRADE CLASSIFICATION   |": null

2020-04-16 07:30:59 - [TEST_STEP][PASSED] - callTestCase(findTestCase("Reusable_Test_Sequences/CAT_Enter_Trade_Classification"), [:], CONTINUE_ON_FAILURE): Call Test Case 'Test Cases/Reusable_Test_Sequences/CAT_Enter_Trade_Classification' successfully

2020-04-16 07:30:59 - [TEST_CASE][PASSED] - Test Cases/Reusable_Test_Sequences/CAT_Enter_Trade_Classification: Test Cases/Reusable_Test_Sequences/CAT_Enter_Trade_Classification

2020-04-16 07:30:59 - [TEST_STEP][PASSED] - "---------------------------------": null

2020-04-16 07:30:59 - [TEST_STEP][PASSED] - "Set and SEARCH SELECTED TRADE": null

2020-04-16 07:30:59 - [TEST_STEP][PASSED] - if (Website_Version == "new"): null

2020-04-16 07:30:59 - [TEST_STEP][PASSED] - else: Object: 'Object Repository/Checkatrade_Trade_Search_Page/Page_Checkatrade Find a tradesperson you can trust/input_Search_Button_FF' is clicked on

2020-04-16 07:30:59 - [TEST_STEP][PASSED] - waitForElementPresent(findTestObject("Object Repository/Checkatrade_Trade_Search_Page/Page_Checkatrade Find a tradesperson you can trust/input_Search_Button_FF"), 60): Object 'Object Repository/Checkatrade_Trade_Search_Page/Page_Checkatrade Find a tradesperson you can trust/input_Search_Button_FF' is present

2020-04-16 07:30:59 - [MESSAGE][PASSED] - Object 'Object Repository/Checkatrade_Trade_Search_Page/Page_Checkatrade Find a tradesperson you can trust/input_Search_Button_FF' is present

2020-04-16 07:30:59 - [TEST_STEP][PASSED] - click(findTestObject("Object Repository/Checkatrade_Trade_Search_Page/Page_Checkatrade Find a tradesperson you can trust/input_Search_Button_FF")): Object: 'Object Repository/Checkatrade_Trade_Search_Page/Page_Checkatrade Find a tradesperson you can trust/input_Search_Button_FF' is clicked on

2020-04-16 07:30:59 - [MESSAGE][PASSED] - Object: 'Object Repository/Checkatrade_Trade_Search_Page/Page_Checkatrade Find a tradesperson you can trust/input_Search_Button_FF' is clicked on

2020-04-16 07:30:59 - [TEST_STEP][PASSED] - setText(findTestObject("Object Repository/Checkatrade_Trade_Search_Page/Page_Checkatrade Find a tradesperson you can trust/input_Search_Button_FF"), findTestData("searchTestData").getValue("tradeClassification", row)): Text 'Garage/Vehicle Services' is set on object 'Object Repository/Checkatrade_Trade_Search_Page/Page_Checkatrade Find a tradesperson you can trust/input_Search_Button_FF'

2020-04-16 07:31:00 - [MESSAGE][PASSED] - Text 'Garage/Vehicle Services' is set on object 'Object Repository/Checkatrade_Trade_Search_Page/Page_Checkatrade Find a tradesperson you can trust/input_Search_Button_FF'

2020-04-16 07:31:00 - [TEST_STEP][PASSED] - click(findTestObject("Object Repository/Checkatrade_Trade_Search_Page/Page_Checkatrade Find a tradesperson you can trust/input_Search_Button_FF")): Object: 'Object Repository/Checkatrade_Trade_Search_Page/Page_Checkatrade Find a tradesperson you can trust/input_Search_Button_FF' is clicked on

2020-04-16 07:31:00 - [MESSAGE][PASSED] - Object: 'Object Repository/Checkatrade_Trade_Search_Page/Page_Checkatrade Find a tradesperson you can trust/input_Search_Button_FF' is clicked on

2020-04-16 07:31:00 - [MESSAGE][PASSED] - Call Test Case 'Test Cases/Reusable_Test_Sequences/CAT_Enter_Trade_Classification' successfully

2020-04-16 07:31:00 - [TEST_STEP][PASSED] - "---------------------------------------": null

2020-04-16 07:31:00 - [TEST_STEP][PASSED] - " Set and SEARCH TRADE LOCATION         |": null

2020-04-16 07:31:00 - [TEST_STEP][PASSED] - callTestCase(findTestCase("Reusable_Test_Sequences/CAT_Enter_Trade_Location"), [:], CONTINUE_ON_FAILURE): Call Test Case 'Test Cases/Reusable_Test_Sequences/CAT_Enter_Trade_Location' successfully

2020-04-16 07:31:00 - [TEST_CASE][PASSED] - Test Cases/Reusable_Test_Sequences/CAT_Enter_Trade_Location: Test Cases/Reusable_Test_Sequences/CAT_Enter_Trade_Location

2020-04-16 07:31:00 - [TEST_STEP][PASSED] - "---------------------------------": null

2020-04-16 07:31:00 - [TEST_STEP][PASSED] - "Set and SEARCH SELECTED LOCATION |": null

2020-04-16 07:31:00 - [TEST_STEP][PASSED] - if (Website_Version != "new"): Text 'Rustington' is set on object 'Object Repository/Checkatrade_Trade_Search_Page/Page_Checkatrade Find a tradesperson you can trust/input_Not here_location'

2020-04-16 07:31:00 - [TEST_STEP][PASSED] - click(findTestObject("Object Repository/Checkatrade_Trade_Search_Page/Page_Checkatrade Find a tradesperson you can trust/input_Not here_location")): Object: 'Object Repository/Checkatrade_Trade_Search_Page/Page_Checkatrade Find a tradesperson you can trust/input_Not here_location' is clicked on

2020-04-16 07:31:00 - [MESSAGE][PASSED] - Object: 'Object Repository/Checkatrade_Trade_Search_Page/Page_Checkatrade Find a tradesperson you can trust/input_Not here_location' is clicked on

2020-04-16 07:31:00 - [TEST_STEP][PASSED] - setText(findTestObject("Object Repository/Checkatrade_Trade_Search_Page/Page_Checkatrade Find a tradesperson you can trust/input_Not here_location"), findTestData("searchTestData").getValue("tradeLocation", row)): Text 'Rustington' is set on object 'Object Repository/Checkatrade_Trade_Search_Page/Page_Checkatrade Find a tradesperson you can trust/input_Not here_location'

2020-04-16 07:31:01 - [MESSAGE][PASSED] - Text 'Rustington' is set on object 'Object Repository/Checkatrade_Trade_Search_Page/Page_Checkatrade Find a tradesperson you can trust/input_Not here_location'

2020-04-16 07:31:01 - [TEST_STEP][PASSED] - if (verifyTextNotPresent("Sorry, no results found", false)): null

2020-04-16 07:31:01 - [MESSAGE][PASSED] - Text 'Sorry, no results found' is not present on page

2020-04-16 07:31:01 - [TEST_STEP][PASSED] - markPassed("The Expected Lookup Result(s) ARE being returned by the Lookup Service, AS EXPECTED"): The Expected Lookup Result(s) ARE being returned by the Lookup Service, AS EXPECTED

2020-04-16 07:31:01 - [MESSAGE][PASSED] - The Expected Lookup Result(s) ARE being returned by the Lookup Service, AS EXPECTED

2020-04-16 07:31:01 - [MESSAGE][PASSED] - Call Test Case 'Test Cases/Reusable_Test_Sequences/CAT_Enter_Trade_Location' successfully

2020-04-16 07:31:01 - [TEST_STEP][PASSED] - "---------------------------------------": null

2020-04-16 07:31:01 - [TEST_STEP][PASSED] - " Scroll Search Button into View        |": null

2020-04-16 07:31:01 - [TEST_STEP][PASSED] - "---------------------------------------": null

2020-04-16 07:31:01 - [TEST_STEP][PASSED] - "---------------------------------------": null

2020-04-16 07:31:01 - [TEST_STEP][PASSED] - " Dispel New trades Header              |": null

2020-04-16 07:31:01 - [TEST_STEP][PASSED] - "---------------------------------------": null

2020-04-16 07:31:01 - [TEST_STEP][PASSED] - "---------------------------------------": null

2020-04-16 07:31:01 - [TEST_STEP][PASSED] - " Hit Search Button                     |": null

2020-04-16 07:31:01 - [TEST_STEP][PASSED] - callTestCase(findTestCase("Reusable_Test_Sequences/CAT_Hit_Search_Button"), [:], CONTINUE_ON_FAILURE): Call Test Case 'Test Cases/Reusable_Test_Sequences/CAT_Hit_Search_Button' successfully

2020-04-16 07:31:01 - [TEST_CASE][PASSED] - Test Cases/Reusable_Test_Sequences/CAT_Hit_Search_Button: Test Cases/Reusable_Test_Sequences/CAT_Hit_Search_Button

2020-04-16 07:31:01 - [TEST_STEP][PASSED] - "---------------------------------": null

2020-04-16 07:31:01 - [TEST_STEP][PASSED] - "HIT SEARCH": null

2020-04-16 07:31:01 - [TEST_STEP][PASSED] - "---------------------------------": null

2020-04-16 07:31:01 - [TEST_STEP][PASSED] - if (Website_Version == "new"): null

2020-04-16 07:31:01 - [TEST_STEP][PASSED] - else: Object: 'Object Repository/Page_Checkatrade Find a tradesperson you can trust/a_Search' is clicked on

2020-04-16 07:31:01 - [TEST_STEP][PASSED] - waitForElementClickable(findTestObject("Object Repository/Page_Checkatrade Find a tradesperson you can trust/a_Search"), 25): Object 'Object Repository/Page_Checkatrade Find a tradesperson you can trust/a_Search' is clickable

2020-04-16 07:31:01 - [MESSAGE][PASSED] - Object 'Object Repository/Page_Checkatrade Find a tradesperson you can trust/a_Search' is clickable

2020-04-16 07:31:01 - [TEST_STEP][PASSED] - click(findTestObject("Object Repository/Page_Checkatrade Find a tradesperson you can trust/a_Search")): Object: 'Object Repository/Page_Checkatrade Find a tradesperson you can trust/a_Search' is clicked on

2020-04-16 07:31:03 - [MESSAGE][PASSED] - Object: 'Object Repository/Page_Checkatrade Find a tradesperson you can trust/a_Search' is clicked on

2020-04-16 07:31:03 - [MESSAGE][PASSED] - Call Test Case 'Test Cases/Reusable_Test_Sequences/CAT_Hit_Search_Button' successfully

2020-04-16 07:31:03 - [TEST_STEP][PASSED] - "---------------------------------------": null

2020-04-16 07:31:03 - [TEST_STEP][PASSED] - " Verify Returned Page is as Expected   |": null

2020-04-16 07:31:03 - [TEST_STEP][FAILED] - callTestCase(findTestCase("Reusable_Test_Sequences/CAT_Verification"), [:], STOP_ON_FAILURE): Unable to call Test Case 'Test Cases/Reusable_Test_Sequences/CAT_Verification' (Root cause: com.kms.katalon.core.exception.StepFailedException: Call Test Case 'Test Cases/Reusable_Test_Sequences/CAT_Verification' failed
	at com.kms.katalon.core.keyword.builtin.CallTestCaseKeyword$_callTestCase_closure1.doCall(CallTestCaseKeyword.groovy:63)
	at com.kms.katalon.core.keyword.builtin.CallTestCaseKeyword$_callTestCase_closure1.call(CallTestCaseKeyword.groovy)
	at com.kms.katalon.core.keyword.internal.KeywordMain.runKeyword(KeywordMain.groovy:68)
	at com.kms.katalon.core.keyword.builtin.CallTestCaseKeyword.callTestCase(CallTestCaseKeyword.groovy:81)
	at com.kms.katalon.core.keyword.builtin.CallTestCaseKeyword.execute(CallTestCaseKeyword.groovy:44)
	at com.kms.katalon.core.keyword.internal.KeywordExecutor.executeKeywordForPlatform(KeywordExecutor.groovy:72)
	at com.kms.katalon.core.keyword.BuiltinKeywords.callTestCase(BuiltinKeywords.groovy:334)
	at Default_Device_Dev.run(Default_Device_Dev:230)
	at com.kms.katalon.core.main.ScriptEngine.run(ScriptEngine.java:194)
	at com.kms.katalon.core.main.ScriptEngine.runScriptAsRawText(ScriptEngine.java:119)
	at com.kms.katalon.core.main.TestCaseExecutor.runScript(TestCaseExecutor.java:337)
	at com.kms.katalon.core.main.TestCaseExecutor.doExecute(TestCaseExecutor.java:328)
	at com.kms.katalon.core.main.TestCaseExecutor.processExecutionPhase(TestCaseExecutor.java:307)
	at com.kms.katalon.core.main.TestCaseExecutor.accessMainPhase(TestCaseExecutor.java:299)
	at com.kms.katalon.core.main.TestCaseExecutor.execute(TestCaseExecutor.java:233)
	at com.kms.katalon.core.main.TestSuiteExecutor.accessTestCaseMainPhase(TestSuiteExecutor.java:169)
	at com.kms.katalon.core.main.TestSuiteExecutor.accessTestSuiteMainPhase(TestSuiteExecutor.java:142)
	at com.kms.katalon.core.main.TestSuiteExecutor.execute(TestSuiteExecutor.java:91)
	at com.kms.katalon.core.main.TestCaseMain.startTestSuite(TestCaseMain.java:157)
	at com.kms.katalon.core.main.TestCaseMain$startTestSuite$0.call(Unknown Source)
	at TempTestSuite1587018305548.run(TempTestSuite1587018305548.groovy:36)
Caused by: com.kms.katalon.core.exception.StepFailedException: Text 'Garage/Vehicle Services' is not present on page  (Root cause: com.kms.katalon.core.exception.StepFailedException: Text 'Garage/Vehicle Services' is not present on page 
	at com.kms.katalon.core.webui.keyword.internal.WebUIKeywordMain.stepFailed(WebUIKeywordMain.groovy:64)
	at com.kms.katalon.core.webui.keyword.builtin.VerifyTextPresentKeyword$_verifyTextPresent_closure1.doCall(VerifyTextPresentKeyword.groovy:79)
	at com.kms.katalon.core.webui.keyword.builtin.VerifyTextPresentKeyword$_verifyTextPresent_closure1.call(VerifyTextPresentKeyword.groovy)
	at com.kms.katalon.core.webui.keyword.internal.WebUIKeywordMain.runKeyword(WebUIKeywordMain.groovy:20)
	at com.kms.katalon.core.webui.keyword.builtin.VerifyTextPresentKeyword.verifyTextPresent(VerifyTextPresentKeyword.groovy:83)
	at com.kms.katalon.core.webui.keyword.builtin.VerifyTextPresentKeyword.execute(VerifyTextPresentKeyword.groovy:68)
	at com.kms.katalon.core.keyword.internal.KeywordExecutor.executeKeywordForPlatform(KeywordExecutor.groovy:72)
	at com.kms.katalon.core.webui.keyword.WebUiBuiltInKeywords.verifyTextPresent(WebUiBuiltInKeywords.groovy:1719)
	at com.kms.katalon.core.webui.keyword.WebUiBuiltInKeywords$verifyTextPresent$12.call(Unknown Source)
	at CAT_Verification.run(CAT_Verification:54)
	at com.kms.katalon.core.main.ScriptEngine.run(ScriptEngine.java:194)
	at com.kms.katalon.core.main.ScriptEngine.runScriptAsRawText(ScriptEngine.java:119)
	at com.kms.katalon.core.main.TestCaseExecutor.runScript(TestCaseExecutor.java:337)
	at com.kms.katalon.core.main.TestCaseExecutor.doExecute(TestCaseExecutor.java:328)
	at com.kms.katalon.core.main.TestCaseExecutor.processExecutionPhase(TestCaseExecutor.java:307)
	at com.kms.katalon.core.main.TestCaseExecutor.accessMainPhase(TestCaseExecutor.java:299)
	at com.kms.katalon.core.main.TestCaseExecutor.execute(TestCaseExecutor.java:233)
	at com.kms.katalon.core.main.TestCaseMain.runTestCase(TestCaseMain.java:114)
	at com.kms.katalon.core.keyword.builtin.CallTestCaseKeyword$_callTestCase_closure1.doCall(CallTestCaseKeyword.groovy:59)
	at com.kms.katalon.core.keyword.builtin.CallTestCaseKeyword$_callTestCase_closure1.call(CallTestCaseKeyword.groovy)
	at com.kms.katalon.core.keyword.internal.KeywordMain.runKeyword(KeywordMain.groovy:68)
	at com.kms.katalon.core.keyword.builtin.CallTestCaseKeyword.callTestCase(CallTestCaseKeyword.groovy:81)
	at com.kms.katalon.core.keyword.builtin.CallTestCaseKeyword.execute(CallTestCaseKeyword.groovy:44)
	at com.kms.katalon.core.keyword.internal.KeywordExecutor.executeKeywordForPlatform(KeywordExecutor.groovy:72)
	at com.kms.katalon.core.keyword.BuiltinKeywords.callTestCase(BuiltinKeywords.groovy:334)
	at Default_Device_Dev.run(Default_Device_Dev:230)
	at com.kms.katalon.core.main.ScriptEngine.run(ScriptEngine.java:194)
	at com.kms.katalon.core.main.ScriptEngine.runScriptAsRawText(ScriptEngine.java:119)
	at com.kms.katalon.core.main.TestCaseExecutor.runScript(TestCaseExecutor.java:337)
	at com.kms.katalon.core.main.TestCaseExecutor.doExecute(TestCaseExecutor.java:328)
	at com.kms.katalon.core.main.TestCaseExecutor.processExecutionPhase(TestCaseExecutor.java:307)
	at com.kms.katalon.core.main.TestCaseExecutor.accessMainPhase(TestCaseExecutor.java:299)
	at com.kms.katalon.core.main.TestCaseExecutor.execute(TestCaseExecutor.java:233)
	at com.kms.katalon.core.main.TestSuiteExecutor.accessTestCaseMainPhase(TestSuiteExecutor.java:169)
	at com.kms.katalon.core.main.TestSuiteExecutor.accessTestSuiteMainPhase(TestSuiteExecutor.java:142)
	at com.kms.katalon.core.main.TestSuiteExecutor.execute(TestSuiteExecutor.java:91)
	at com.kms.katalon.core.main.TestCaseMain.startTestSuite(TestCaseMain.java:157)
	at com.kms.katalon.core.main.TestCaseMain$startTestSuite$0.call(Unknown Source)
	at TempTestSuite1587018305548.run(TempTestSuite1587018305548.groovy:36)
)
	at com.kms.katalon.core.keyword.internal.KeywordMain.stepFailed(KeywordMain.groovy:39)
	at com.kms.katalon.core.webui.keyword.internal.WebUIKeywordMain.stepFailed(WebUIKeywordMain.groovy:64)
	at com.kms.katalon.core.webui.keyword.builtin.VerifyTextPresentKeyword$_verifyTextPresent_closure1.doCall(VerifyTextPresentKeyword.groovy:79)
	at com.kms.katalon.core.webui.keyword.builtin.VerifyTextPresentKeyword$_verifyTextPresent_closure1.call(VerifyTextPresentKeyword.groovy)
	at com.kms.katalon.core.webui.keyword.internal.WebUIKeywordMain.runKeyword(WebUIKeywordMain.groovy:20)
	at com.kms.katalon.core.webui.keyword.builtin.VerifyTextPresentKeyword.verifyTextPresent(VerifyTextPresentKeyword.groovy:83)
	at com.kms.katalon.core.webui.keyword.builtin.VerifyTextPresentKeyword.execute(VerifyTextPresentKeyword.groovy:68)
	at com.kms.katalon.core.keyword.internal.KeywordExecutor.executeKeywordForPlatform(KeywordExecutor.groovy:72)
	at com.kms.katalon.core.webui.keyword.WebUiBuiltInKeywords.verifyTextPresent(WebUiBuiltInKeywords.groovy:1719)
	at com.kms.katalon.core.webui.keyword.WebUiBuiltInKeywords$verifyTextPresent$12.call(Unknown Source)
	at CAT_Verification.run(CAT_Verification:54)
	at com.kms.katalon.core.main.ScriptEngine.run(ScriptEngine.java:194)
	at com.kms.katalon.core.main.ScriptEngine.runScriptAsRawText(ScriptEngine.java:119)
	at com.kms.katalon.core.main.TestCaseExecutor.runScript(TestCaseExecutor.java:337)
	at com.kms.katalon.core.main.TestCaseExecutor.doExecute(TestCaseExecutor.java:328)
	at com.kms.katalon.core.main.TestCaseExecutor.processExecutionPhase(TestCaseExecutor.java:307)
	at com.kms.katalon.core.main.TestCaseExecutor.accessMainPhase(TestCaseExecutor.java:299)
	at com.kms.katalon.core.main.TestCaseExecutor.execute(TestCaseExecutor.java:233)
	at com.kms.katalon.core.main.TestCaseMain.runTestCase(TestCaseMain.java:114)
	at com.kms.katalon.core.keyword.builtin.CallTestCaseKeyword$_callTestCase_closure1.doCall(CallTestCaseKeyword.groovy:59)
	... 20 more
Caused by: com.kms.katalon.core.exception.StepFailedException: Text 'Garage/Vehicle Services' is not present on page 
	... 39 more
)

2020-04-16 07:31:03 - [TEST_CASE][FAILED] - Test Cases/Reusable_Test_Sequences/CAT_Verification: Test Cases/Reusable_Test_Sequences/CAT_Verification FAILED.
Reason:
com.kms.katalon.core.exception.StepFailedException: Text 'Garage/Vehicle Services' is not present on page  (Root cause: com.kms.katalon.core.exception.StepFailedException: Text 'Garage/Vehicle Services' is not present on page 
	at com.kms.katalon.core.webui.keyword.internal.WebUIKeywordMain.stepFailed(WebUIKeywordMain.groovy:64)
	at com.kms.katalon.core.webui.keyword.builtin.VerifyTextPresentKeyword$_verifyTextPresent_closure1.doCall(VerifyTextPresentKeyword.groovy:79)
	at com.kms.katalon.core.webui.keyword.builtin.VerifyTextPresentKeyword$_verifyTextPresent_closure1.call(VerifyTextPresentKeyword.groovy)
	at com.kms.katalon.core.webui.keyword.internal.WebUIKeywordMain.runKeyword(WebUIKeywordMain.groovy:20)
	at com.kms.katalon.core.webui.keyword.builtin.VerifyTextPresentKeyword.verifyTextPresent(VerifyTextPresentKeyword.groovy:83)
	at com.kms.katalon.core.webui.keyword.builtin.VerifyTextPresentKeyword.execute(VerifyTextPresentKeyword.groovy:68)
	at com.kms.katalon.core.keyword.internal.KeywordExecutor.executeKeywordForPlatform(KeywordExecutor.groovy:72)
	at com.kms.katalon.core.webui.keyword.WebUiBuiltInKeywords.verifyTextPresent(WebUiBuiltInKeywords.groovy:1719)
	at com.kms.katalon.core.webui.keyword.WebUiBuiltInKeywords$verifyTextPresent$12.call(Unknown Source)
	at CAT_Verification.run(CAT_Verification:54)
	at com.kms.katalon.core.main.ScriptEngine.run(ScriptEngine.java:194)
	at com.kms.katalon.core.main.ScriptEngine.runScriptAsRawText(ScriptEngine.java:119)
	at com.kms.katalon.core.main.TestCaseExecutor.runScript(TestCaseExecutor.java:337)
	at com.kms.katalon.core.main.TestCaseExecutor.doExecute(TestCaseExecutor.java:328)
	at com.kms.katalon.core.main.TestCaseExecutor.processExecutionPhase(TestCaseExecutor.java:307)
	at com.kms.katalon.core.main.TestCaseExecutor.accessMainPhase(TestCaseExecutor.java:299)
	at com.kms.katalon.core.main.TestCaseExecutor.execute(TestCaseExecutor.java:233)
	at com.kms.katalon.core.main.TestCaseMain.runTestCase(TestCaseMain.java:114)
	at com.kms.katalon.core.keyword.builtin.CallTestCaseKeyword$_callTestCase_closure1.doCall(CallTestCaseKeyword.groovy:59)
	at com.kms.katalon.core.keyword.builtin.CallTestCaseKeyword$_callTestCase_closure1.call(CallTestCaseKeyword.groovy)
	at com.kms.katalon.core.keyword.internal.KeywordMain.runKeyword(KeywordMain.groovy:68)
	at com.kms.katalon.core.keyword.builtin.CallTestCaseKeyword.callTestCase(CallTestCaseKeyword.groovy:81)
	at com.kms.katalon.core.keyword.builtin.CallTestCaseKeyword.execute(CallTestCaseKeyword.groovy:44)
	at com.kms.katalon.core.keyword.internal.KeywordExecutor.executeKeywordForPlatform(KeywordExecutor.groovy:72)
	at com.kms.katalon.core.keyword.BuiltinKeywords.callTestCase(BuiltinKeywords.groovy:334)
	at Default_Device_Dev.run(Default_Device_Dev:230)
	at com.kms.katalon.core.main.ScriptEngine.run(ScriptEngine.java:194)
	at com.kms.katalon.core.main.ScriptEngine.runScriptAsRawText(ScriptEngine.java:119)
	at com.kms.katalon.core.main.TestCaseExecutor.runScript(TestCaseExecutor.java:337)
	at com.kms.katalon.core.main.TestCaseExecutor.doExecute(TestCaseExecutor.java:328)
	at com.kms.katalon.core.main.TestCaseExecutor.processExecutionPhase(TestCaseExecutor.java:307)
	at com.kms.katalon.core.main.TestCaseExecutor.accessMainPhase(TestCaseExecutor.java:299)
	at com.kms.katalon.core.main.TestCaseExecutor.execute(TestCaseExecutor.java:233)
	at com.kms.katalon.core.main.TestSuiteExecutor.accessTestCaseMainPhase(TestSuiteExecutor.java:169)
	at com.kms.katalon.core.main.TestSuiteExecutor.accessTestSuiteMainPhase(TestSuiteExecutor.java:142)
	at com.kms.katalon.core.main.TestSuiteExecutor.execute(TestSuiteExecutor.java:91)
	at com.kms.katalon.core.main.TestCaseMain.startTestSuite(TestCaseMain.java:157)
	at com.kms.katalon.core.main.TestCaseMain$startTestSuite$0.call(Unknown Source)
	at TempTestSuite1587018305548.run(TempTestSuite1587018305548.groovy:36)
)
	at com.kms.katalon.core.keyword.internal.KeywordMain.stepFailed(KeywordMain.groovy:39)
	at com.kms.katalon.core.webui.keyword.internal.WebUIKeywordMain.stepFailed(WebUIKeywordMain.groovy:64)
	at com.kms.katalon.core.webui.keyword.builtin.VerifyTextPresentKeyword$_verifyTextPresent_closure1.doCall(VerifyTextPresentKeyword.groovy:79)
	at com.kms.katalon.core.webui.keyword.builtin.VerifyTextPresentKeyword$_verifyTextPresent_closure1.call(VerifyTextPresentKeyword.groovy)
	at com.kms.katalon.core.webui.keyword.internal.WebUIKeywordMain.runKeyword(WebUIKeywordMain.groovy:20)
	at com.kms.katalon.core.webui.keyword.builtin.VerifyTextPresentKeyword.verifyTextPresent(VerifyTextPresentKeyword.groovy:83)
	at com.kms.katalon.core.webui.keyword.builtin.VerifyTextPresentKeyword.execute(VerifyTextPresentKeyword.groovy:68)
	at com.kms.katalon.core.keyword.internal.KeywordExecutor.executeKeywordForPlatform(KeywordExecutor.groovy:72)
	at com.kms.katalon.core.webui.keyword.WebUiBuiltInKeywords.verifyTextPresent(WebUiBuiltInKeywords.groovy:1719)
	at com.kms.katalon.core.webui.keyword.WebUiBuiltInKeywords$verifyTextPresent$12.call(Unknown Source)
	at CAT_Verification.run(CAT_Verification:54)
	at com.kms.katalon.core.main.ScriptEngine.run(ScriptEngine.java:194)
	at com.kms.katalon.core.main.ScriptEngine.runScriptAsRawText(ScriptEngine.java:119)
	at com.kms.katalon.core.main.TestCaseExecutor.runScript(TestCaseExecutor.java:337)
	at com.kms.katalon.core.main.TestCaseExecutor.doExecute(TestCaseExecutor.java:328)
	at com.kms.katalon.core.main.TestCaseExecutor.processExecutionPhase(TestCaseExecutor.java:307)
	at com.kms.katalon.core.main.TestCaseExecutor.accessMainPhase(TestCaseExecutor.java:299)
	at com.kms.katalon.core.main.TestCaseExecutor.execute(TestCaseExecutor.java:233)
	at com.kms.katalon.core.main.TestCaseMain.runTestCase(TestCaseMain.java:114)
	at com.kms.katalon.core.keyword.builtin.CallTestCaseKeyword$_callTestCase_closure1.doCall(CallTestCaseKeyword.groovy:59)
	at com.kms.katalon.core.keyword.builtin.CallTestCaseKeyword$_callTestCase_closure1.call(CallTestCaseKeyword.groovy)
	at com.kms.katalon.core.keyword.internal.KeywordMain.runKeyword(KeywordMain.groovy:68)
	at com.kms.katalon.core.keyword.builtin.CallTestCaseKeyword.callTestCase(CallTestCaseKeyword.groovy:81)
	at com.kms.katalon.core.keyword.builtin.CallTestCaseKeyword.execute(CallTestCaseKeyword.groovy:44)
	at com.kms.katalon.core.keyword.internal.KeywordExecutor.executeKeywordForPlatform(KeywordExecutor.groovy:72)
	at com.kms.katalon.core.keyword.BuiltinKeywords.callTestCase(BuiltinKeywords.groovy:334)
	at Default_Device_Dev.run(Default_Device_Dev:230)
	at com.kms.katalon.core.main.ScriptEngine.run(ScriptEngine.java:194)
	at com.kms.katalon.core.main.ScriptEngine.runScriptAsRawText(ScriptEngine.java:119)
	at com.kms.katalon.core.main.TestCaseExecutor.runScript(TestCaseExecutor.java:337)
	at com.kms.katalon.core.main.TestCaseExecutor.doExecute(TestCaseExecutor.java:328)
	at com.kms.katalon.core.main.TestCaseExecutor.processExecutionPhase(TestCaseExecutor.java:307)
	at com.kms.katalon.core.main.TestCaseExecutor.accessMainPhase(TestCaseExecutor.java:299)
	at com.kms.katalon.core.main.TestCaseExecutor.execute(TestCaseExecutor.java:233)
	at com.kms.katalon.core.main.TestSuiteExecutor.accessTestCaseMainPhase(TestSuiteExecutor.java:169)
	at com.kms.katalon.core.main.TestSuiteExecutor.accessTestSuiteMainPhase(TestSuiteExecutor.java:142)
	at com.kms.katalon.core.main.TestSuiteExecutor.execute(TestSuiteExecutor.java:91)
	at com.kms.katalon.core.main.TestCaseMain.startTestSuite(TestCaseMain.java:157)
	at com.kms.katalon.core.main.TestCaseMain$startTestSuite$0.call(Unknown Source)
	at TempTestSuite1587018305548.run(TempTestSuite1587018305548.groovy:36)
Caused by: com.kms.katalon.core.exception.StepFailedException: Text 'Garage/Vehicle Services' is not present on page 
	... 39 more


2020-04-16 07:31:03 - [TEST_STEP][PASSED] - "Updated 05/12/2019 due to wholesale Home page changes": null

2020-04-16 07:31:03 - [TEST_STEP][PASSED] - "Expected cantantenated text is Returned": null

2020-04-16 07:31:03 - [TEST_STEP][PASSED] - " DYNAMIC DELAY - Wait for <SEARCH> Button to Re-Appear after Search is completed": null

2020-04-16 07:31:03 - [TEST_STEP][PASSED] - delay(3): Delayed 3 second(s)

2020-04-16 07:31:06 - [MESSAGE][PASSED] - Delayed 3 second(s)

2020-04-16 07:31:06 - [TEST_STEP][PASSED] - waitForPageLoad(60): Wait for page load successfully

2020-04-16 07:31:06 - [MESSAGE][PASSED] - Wait for page load successfully

2020-04-16 07:31:06 - [TEST_STEP][PASSED] - delay(1): Delayed 1 second(s)

2020-04-16 07:31:07 - [MESSAGE][PASSED] - Delayed 1 second(s)

2020-04-16 07:31:07 - [TEST_STEP][PASSED] - "--------------------": null

2020-04-16 07:31:07 - [TEST_STEP][PASSED] - "----------------------------------------------------------------------------------------------------": null

2020-04-16 07:31:07 - [TEST_STEP][PASSED] - "PREVIEW INCONSISTENCY - SOMETIME THE FIRST ITERATION RETURNS 404 - SEEMS TO BE A PREVIEW GLITCH THAT OCCURS TOO OFTEN   |  23/03/2020 - DH": null

2020-04-16 07:31:07 - [TEST_STEP][PASSED] - "------------------------------------------------------------------------------------------------------------------------": null

2020-04-16 07:31:07 - [TEST_STEP][PASSED] - "NEW Approach - Detect IMPROVE SEARCH PoPout and Syn on THIS": null

2020-04-16 07:31:07 - [TEST_STEP][FAILED] - verifyTextPresent(findTestData("searchTestData").getValue("tradeClassification", row), false): Text 'Garage/Vehicle Services' is not present on page  (Root cause: com.kms.katalon.core.exception.StepFailedException: Text 'Garage/Vehicle Services' is not present on page 
	at com.kms.katalon.core.webui.keyword.internal.WebUIKeywordMain.stepFailed(WebUIKeywordMain.groovy:64)
	at com.kms.katalon.core.webui.keyword.builtin.VerifyTextPresentKeyword$_verifyTextPresent_closure1.doCall(VerifyTextPresentKeyword.groovy:79)
	at com.kms.katalon.core.webui.keyword.builtin.VerifyTextPresentKeyword$_verifyTextPresent_closure1.call(VerifyTextPresentKeyword.groovy)
	at com.kms.katalon.core.webui.keyword.internal.WebUIKeywordMain.runKeyword(WebUIKeywordMain.groovy:20)
	at com.kms.katalon.core.webui.keyword.builtin.VerifyTextPresentKeyword.verifyTextPresent(VerifyTextPresentKeyword.groovy:83)
	at com.kms.katalon.core.webui.keyword.builtin.VerifyTextPresentKeyword.execute(VerifyTextPresentKeyword.groovy:68)
	at com.kms.katalon.core.keyword.internal.KeywordExecutor.executeKeywordForPlatform(KeywordExecutor.groovy:72)
	at com.kms.katalon.core.webui.keyword.WebUiBuiltInKeywords.verifyTextPresent(WebUiBuiltInKeywords.groovy:1719)
	at com.kms.katalon.core.webui.keyword.WebUiBuiltInKeywords$verifyTextPresent$12.call(Unknown Source)
	at CAT_Verification.run(CAT_Verification:54)
	at com.kms.katalon.core.main.ScriptEngine.run(ScriptEngine.java:194)
	at com.kms.katalon.core.main.ScriptEngine.runScriptAsRawText(ScriptEngine.java:119)
	at com.kms.katalon.core.main.TestCaseExecutor.runScript(TestCaseExecutor.java:337)
	at com.kms.katalon.core.main.TestCaseExecutor.doExecute(TestCaseExecutor.java:328)
	at com.kms.katalon.core.main.TestCaseExecutor.processExecutionPhase(TestCaseExecutor.java:307)
	at com.kms.katalon.core.main.TestCaseExecutor.accessMainPhase(TestCaseExecutor.java:299)
	at com.kms.katalon.core.main.TestCaseExecutor.execute(TestCaseExecutor.java:233)
	at com.kms.katalon.core.main.TestCaseMain.runTestCase(TestCaseMain.java:114)
	at com.kms.katalon.core.keyword.builtin.CallTestCaseKeyword$_callTestCase_closure1.doCall(CallTestCaseKeyword.groovy:59)
	at com.kms.katalon.core.keyword.builtin.CallTestCaseKeyword$_callTestCase_closure1.call(CallTestCaseKeyword.groovy)
	at com.kms.katalon.core.keyword.internal.KeywordMain.runKeyword(KeywordMain.groovy:68)
	at com.kms.katalon.core.keyword.builtin.CallTestCaseKeyword.callTestCase(CallTestCaseKeyword.groovy:81)
	at com.kms.katalon.core.keyword.builtin.CallTestCaseKeyword.execute(CallTestCaseKeyword.groovy:44)
	at com.kms.katalon.core.keyword.internal.KeywordExecutor.executeKeywordForPlatform(KeywordExecutor.groovy:72)
	at com.kms.katalon.core.keyword.BuiltinKeywords.callTestCase(BuiltinKeywords.groovy:334)
	at Default_Device_Dev.run(Default_Device_Dev:230)
	at com.kms.katalon.core.main.ScriptEngine.run(ScriptEngine.java:194)
	at com.kms.katalon.core.main.ScriptEngine.runScriptAsRawText(ScriptEngine.java:119)
	at com.kms.katalon.core.main.TestCaseExecutor.runScript(TestCaseExecutor.java:337)
	at com.kms.katalon.core.main.TestCaseExecutor.doExecute(TestCaseExecutor.java:328)
	at com.kms.katalon.core.main.TestCaseExecutor.processExecutionPhase(TestCaseExecutor.java:307)
	at com.kms.katalon.core.main.TestCaseExecutor.accessMainPhase(TestCaseExecutor.java:299)
	at com.kms.katalon.core.main.TestCaseExecutor.execute(TestCaseExecutor.java:233)
	at com.kms.katalon.core.main.TestSuiteExecutor.accessTestCaseMainPhase(TestSuiteExecutor.java:169)
	at com.kms.katalon.core.main.TestSuiteExecutor.accessTestSuiteMainPhase(TestSuiteExecutor.java:142)
	at com.kms.katalon.core.main.TestSuiteExecutor.execute(TestSuiteExecutor.java:91)
	at com.kms.katalon.core.main.TestCaseMain.startTestSuite(TestCaseMain.java:157)
	at com.kms.katalon.core.main.TestCaseMain$startTestSuite$0.call(Unknown Source)
	at TempTestSuite1587018305548.run(TempTestSuite1587018305548.groovy:36)
)

2020-04-16 07:31:07 - [MESSAGE][FAILED] - Text 'Garage/Vehicle Services' is not present on page  (Root cause: com.kms.katalon.core.exception.StepFailedException: Text 'Garage/Vehicle Services' is not present on page 
	at com.kms.katalon.core.webui.keyword.internal.WebUIKeywordMain.stepFailed(WebUIKeywordMain.groovy:64)
	at com.kms.katalon.core.webui.keyword.builtin.VerifyTextPresentKeyword$_verifyTextPresent_closure1.doCall(VerifyTextPresentKeyword.groovy:79)
	at com.kms.katalon.core.webui.keyword.builtin.VerifyTextPresentKeyword$_verifyTextPresent_closure1.call(VerifyTextPresentKeyword.groovy)
	at com.kms.katalon.core.webui.keyword.internal.WebUIKeywordMain.runKeyword(WebUIKeywordMain.groovy:20)
	at com.kms.katalon.core.webui.keyword.builtin.VerifyTextPresentKeyword.verifyTextPresent(VerifyTextPresentKeyword.groovy:83)
	at com.kms.katalon.core.webui.keyword.builtin.VerifyTextPresentKeyword.execute(VerifyTextPresentKeyword.groovy:68)
	at com.kms.katalon.core.keyword.internal.KeywordExecutor.executeKeywordForPlatform(KeywordExecutor.groovy:72)
	at com.kms.katalon.core.webui.keyword.WebUiBuiltInKeywords.verifyTextPresent(WebUiBuiltInKeywords.groovy:1719)
	at com.kms.katalon.core.webui.keyword.WebUiBuiltInKeywords$verifyTextPresent$12.call(Unknown Source)
	at CAT_Verification.run(CAT_Verification:54)
	at com.kms.katalon.core.main.ScriptEngine.run(ScriptEngine.java:194)
	at com.kms.katalon.core.main.ScriptEngine.runScriptAsRawText(ScriptEngine.java:119)
	at com.kms.katalon.core.main.TestCaseExecutor.runScript(TestCaseExecutor.java:337)
	at com.kms.katalon.core.main.TestCaseExecutor.doExecute(TestCaseExecutor.java:328)
	at com.kms.katalon.core.main.TestCaseExecutor.processExecutionPhase(TestCaseExecutor.java:307)
	at com.kms.katalon.core.main.TestCaseExecutor.accessMainPhase(TestCaseExecutor.java:299)
	at com.kms.katalon.core.main.TestCaseExecutor.execute(TestCaseExecutor.java:233)
	at com.kms.katalon.core.main.TestCaseMain.runTestCase(TestCaseMain.java:114)
	at com.kms.katalon.core.keyword.builtin.CallTestCaseKeyword$_callTestCase_closure1.doCall(CallTestCaseKeyword.groovy:59)
	at com.kms.katalon.core.keyword.builtin.CallTestCaseKeyword$_callTestCase_closure1.call(CallTestCaseKeyword.groovy)
	at com.kms.katalon.core.keyword.internal.KeywordMain.runKeyword(KeywordMain.groovy:68)
	at com.kms.katalon.core.keyword.builtin.CallTestCaseKeyword.callTestCase(CallTestCaseKeyword.groovy:81)
	at com.kms.katalon.core.keyword.builtin.CallTestCaseKeyword.execute(CallTestCaseKeyword.groovy:44)
	at com.kms.katalon.core.keyword.internal.KeywordExecutor.executeKeywordForPlatform(KeywordExecutor.groovy:72)
	at com.kms.katalon.core.keyword.BuiltinKeywords.callTestCase(BuiltinKeywords.groovy:334)
	at Default_Device_Dev.run(Default_Device_Dev:230)
	at com.kms.katalon.core.main.ScriptEngine.run(ScriptEngine.java:194)
	at com.kms.katalon.core.main.ScriptEngine.runScriptAsRawText(ScriptEngine.java:119)
	at com.kms.katalon.core.main.TestCaseExecutor.runScript(TestCaseExecutor.java:337)
	at com.kms.katalon.core.main.TestCaseExecutor.doExecute(TestCaseExecutor.java:328)
	at com.kms.katalon.core.main.TestCaseExecutor.processExecutionPhase(TestCaseExecutor.java:307)
	at com.kms.katalon.core.main.TestCaseExecutor.accessMainPhase(TestCaseExecutor.java:299)
	at com.kms.katalon.core.main.TestCaseExecutor.execute(TestCaseExecutor.java:233)
	at com.kms.katalon.core.main.TestSuiteExecutor.accessTestCaseMainPhase(TestSuiteExecutor.java:169)
	at com.kms.katalon.core.main.TestSuiteExecutor.accessTestSuiteMainPhase(TestSuiteExecutor.java:142)
	at com.kms.katalon.core.main.TestSuiteExecutor.execute(TestSuiteExecutor.java:91)
	at com.kms.katalon.core.main.TestCaseMain.startTestSuite(TestCaseMain.java:157)
	at com.kms.katalon.core.main.TestCaseMain$startTestSuite$0.call(Unknown Source)
	at TempTestSuite1587018305548.run(TempTestSuite1587018305548.groovy:36)
)

2020-04-16 07:31:07 - [TEST_STEP][FAILED] - verifyTextPresent(findTestData("searchTestData").getValue("tradeLocation", row), false): Text 'Rustington' is not present on page  (Root cause: com.kms.katalon.core.exception.StepFailedException: Text 'Rustington' is not present on page 
	at com.kms.katalon.core.webui.keyword.internal.WebUIKeywordMain.stepFailed(WebUIKeywordMain.groovy:64)
	at com.kms.katalon.core.webui.keyword.builtin.VerifyTextPresentKeyword$_verifyTextPresent_closure1.doCall(VerifyTextPresentKeyword.groovy:79)
	at com.kms.katalon.core.webui.keyword.builtin.VerifyTextPresentKeyword$_verifyTextPresent_closure1.call(VerifyTextPresentKeyword.groovy)
	at com.kms.katalon.core.webui.keyword.internal.WebUIKeywordMain.runKeyword(WebUIKeywordMain.groovy:20)
	at com.kms.katalon.core.webui.keyword.builtin.VerifyTextPresentKeyword.verifyTextPresent(VerifyTextPresentKeyword.groovy:83)
	at com.kms.katalon.core.webui.keyword.builtin.VerifyTextPresentKeyword.execute(VerifyTextPresentKeyword.groovy:68)
	at com.kms.katalon.core.keyword.internal.KeywordExecutor.executeKeywordForPlatform(KeywordExecutor.groovy:72)
	at com.kms.katalon.core.webui.keyword.WebUiBuiltInKeywords.verifyTextPresent(WebUiBuiltInKeywords.groovy:1719)
	at com.kms.katalon.core.webui.keyword.WebUiBuiltInKeywords$verifyTextPresent$12.call(Unknown Source)
	at CAT_Verification.run(CAT_Verification:55)
	at com.kms.katalon.core.main.ScriptEngine.run(ScriptEngine.java:194)
	at com.kms.katalon.core.main.ScriptEngine.runScriptAsRawText(ScriptEngine.java:119)
	at com.kms.katalon.core.main.TestCaseExecutor.runScript(TestCaseExecutor.java:337)
	at com.kms.katalon.core.main.TestCaseExecutor.doExecute(TestCaseExecutor.java:328)
	at com.kms.katalon.core.main.TestCaseExecutor.processExecutionPhase(TestCaseExecutor.java:307)
	at com.kms.katalon.core.main.TestCaseExecutor.accessMainPhase(TestCaseExecutor.java:299)
	at com.kms.katalon.core.main.TestCaseExecutor.execute(TestCaseExecutor.java:233)
	at com.kms.katalon.core.main.TestCaseMain.runTestCase(TestCaseMain.java:114)
	at com.kms.katalon.core.keyword.builtin.CallTestCaseKeyword$_callTestCase_closure1.doCall(CallTestCaseKeyword.groovy:59)
	at com.kms.katalon.core.keyword.builtin.CallTestCaseKeyword$_callTestCase_closure1.call(CallTestCaseKeyword.groovy)
	at com.kms.katalon.core.keyword.internal.KeywordMain.runKeyword(KeywordMain.groovy:68)
	at com.kms.katalon.core.keyword.builtin.CallTestCaseKeyword.callTestCase(CallTestCaseKeyword.groovy:81)
	at com.kms.katalon.core.keyword.builtin.CallTestCaseKeyword.execute(CallTestCaseKeyword.groovy:44)
	at com.kms.katalon.core.keyword.internal.KeywordExecutor.executeKeywordForPlatform(KeywordExecutor.groovy:72)
	at com.kms.katalon.core.keyword.BuiltinKeywords.callTestCase(BuiltinKeywords.groovy:334)
	at Default_Device_Dev.run(Default_Device_Dev:230)
	at com.kms.katalon.core.main.ScriptEngine.run(ScriptEngine.java:194)
	at com.kms.katalon.core.main.ScriptEngine.runScriptAsRawText(ScriptEngine.java:119)
	at com.kms.katalon.core.main.TestCaseExecutor.runScript(TestCaseExecutor.java:337)
	at com.kms.katalon.core.main.TestCaseExecutor.doExecute(TestCaseExecutor.java:328)
	at com.kms.katalon.core.main.TestCaseExecutor.processExecutionPhase(TestCaseExecutor.java:307)
	at com.kms.katalon.core.main.TestCaseExecutor.accessMainPhase(TestCaseExecutor.java:299)
	at com.kms.katalon.core.main.TestCaseExecutor.execute(TestCaseExecutor.java:233)
	at com.kms.katalon.core.main.TestSuiteExecutor.accessTestCaseMainPhase(TestSuiteExecutor.java:169)
	at com.kms.katalon.core.main.TestSuiteExecutor.accessTestSuiteMainPhase(TestSuiteExecutor.java:142)
	at com.kms.katalon.core.main.TestSuiteExecutor.execute(TestSuiteExecutor.java:91)
	at com.kms.katalon.core.main.TestCaseMain.startTestSuite(TestCaseMain.java:157)
	at com.kms.katalon.core.main.TestCaseMain$startTestSuite$0.call(Unknown Source)
	at TempTestSuite1587018305548.run(TempTestSuite1587018305548.groovy:36)
)

2020-04-16 07:31:07 - [MESSAGE][FAILED] - Text 'Rustington' is not present on page  (Root cause: com.kms.katalon.core.exception.StepFailedException: Text 'Rustington' is not present on page 
	at com.kms.katalon.core.webui.keyword.internal.WebUIKeywordMain.stepFailed(WebUIKeywordMain.groovy:64)
	at com.kms.katalon.core.webui.keyword.builtin.VerifyTextPresentKeyword$_verifyTextPresent_closure1.doCall(VerifyTextPresentKeyword.groovy:79)
	at com.kms.katalon.core.webui.keyword.builtin.VerifyTextPresentKeyword$_verifyTextPresent_closure1.call(VerifyTextPresentKeyword.groovy)
	at com.kms.katalon.core.webui.keyword.internal.WebUIKeywordMain.runKeyword(WebUIKeywordMain.groovy:20)
	at com.kms.katalon.core.webui.keyword.builtin.VerifyTextPresentKeyword.verifyTextPresent(VerifyTextPresentKeyword.groovy:83)
	at com.kms.katalon.core.webui.keyword.builtin.VerifyTextPresentKeyword.execute(VerifyTextPresentKeyword.groovy:68)
	at com.kms.katalon.core.keyword.internal.KeywordExecutor.executeKeywordForPlatform(KeywordExecutor.groovy:72)
	at com.kms.katalon.core.webui.keyword.WebUiBuiltInKeywords.verifyTextPresent(WebUiBuiltInKeywords.groovy:1719)
	at com.kms.katalon.core.webui.keyword.WebUiBuiltInKeywords$verifyTextPresent$12.call(Unknown Source)
	at CAT_Verification.run(CAT_Verification:55)
	at com.kms.katalon.core.main.ScriptEngine.run(ScriptEngine.java:194)
	at com.kms.katalon.core.main.ScriptEngine.runScriptAsRawText(ScriptEngine.java:119)
	at com.kms.katalon.core.main.TestCaseExecutor.runScript(TestCaseExecutor.java:337)
	at com.kms.katalon.core.main.TestCaseExecutor.doExecute(TestCaseExecutor.java:328)
	at com.kms.katalon.core.main.TestCaseExecutor.processExecutionPhase(TestCaseExecutor.java:307)
	at com.kms.katalon.core.main.TestCaseExecutor.accessMainPhase(TestCaseExecutor.java:299)
	at com.kms.katalon.core.main.TestCaseExecutor.execute(TestCaseExecutor.java:233)
	at com.kms.katalon.core.main.TestCaseMain.runTestCase(TestCaseMain.java:114)
	at com.kms.katalon.core.keyword.builtin.CallTestCaseKeyword$_callTestCase_closure1.doCall(CallTestCaseKeyword.groovy:59)
	at com.kms.katalon.core.keyword.builtin.CallTestCaseKeyword$_callTestCase_closure1.call(CallTestCaseKeyword.groovy)
	at com.kms.katalon.core.keyword.internal.KeywordMain.runKeyword(KeywordMain.groovy:68)
	at com.kms.katalon.core.keyword.builtin.CallTestCaseKeyword.callTestCase(CallTestCaseKeyword.groovy:81)
	at com.kms.katalon.core.keyword.builtin.CallTestCaseKeyword.execute(CallTestCaseKeyword.groovy:44)
	at com.kms.katalon.core.keyword.internal.KeywordExecutor.executeKeywordForPlatform(KeywordExecutor.groovy:72)
	at com.kms.katalon.core.keyword.BuiltinKeywords.callTestCase(BuiltinKeywords.groovy:334)
	at Default_Device_Dev.run(Default_Device_Dev:230)
	at com.kms.katalon.core.main.ScriptEngine.run(ScriptEngine.java:194)
	at com.kms.katalon.core.main.ScriptEngine.runScriptAsRawText(ScriptEngine.java:119)
	at com.kms.katalon.core.main.TestCaseExecutor.runScript(TestCaseExecutor.java:337)
	at com.kms.katalon.core.main.TestCaseExecutor.doExecute(TestCaseExecutor.java:328)
	at com.kms.katalon.core.main.TestCaseExecutor.processExecutionPhase(TestCaseExecutor.java:307)
	at com.kms.katalon.core.main.TestCaseExecutor.accessMainPhase(TestCaseExecutor.java:299)
	at com.kms.katalon.core.main.TestCaseExecutor.execute(TestCaseExecutor.java:233)
	at com.kms.katalon.core.main.TestSuiteExecutor.accessTestCaseMainPhase(TestSuiteExecutor.java:169)
	at com.kms.katalon.core.main.TestSuiteExecutor.accessTestSuiteMainPhase(TestSuiteExecutor.java:142)
	at com.kms.katalon.core.main.TestSuiteExecutor.execute(TestSuiteExecutor.java:91)
	at com.kms.katalon.core.main.TestCaseMain.startTestSuite(TestCaseMain.java:157)
	at com.kms.katalon.core.main.TestCaseMain$startTestSuite$0.call(Unknown Source)
	at TempTestSuite1587018305548.run(TempTestSuite1587018305548.groovy:36)
)

2020-04-16 07:31:08 - [MESSAGE][FAILED] - Unable to call Test Case 'Test Cases/Reusable_Test_Sequences/CAT_Verification' (Root cause: com.kms.katalon.core.exception.StepFailedException: Call Test Case 'Test Cases/Reusable_Test_Sequences/CAT_Verification' failed
	at com.kms.katalon.core.keyword.builtin.CallTestCaseKeyword$_callTestCase_closure1.doCall(CallTestCaseKeyword.groovy:63)
	at com.kms.katalon.core.keyword.builtin.CallTestCaseKeyword$_callTestCase_closure1.call(CallTestCaseKeyword.groovy)
	at com.kms.katalon.core.keyword.internal.KeywordMain.runKeyword(KeywordMain.groovy:68)
	at com.kms.katalon.core.keyword.builtin.CallTestCaseKeyword.callTestCase(CallTestCaseKeyword.groovy:81)
	at com.kms.katalon.core.keyword.builtin.CallTestCaseKeyword.execute(CallTestCaseKeyword.groovy:44)
	at com.kms.katalon.core.keyword.internal.KeywordExecutor.executeKeywordForPlatform(KeywordExecutor.groovy:72)
	at com.kms.katalon.core.keyword.BuiltinKeywords.callTestCase(BuiltinKeywords.groovy:334)
	at Default_Device_Dev.run(Default_Device_Dev:230)
	at com.kms.katalon.core.main.ScriptEngine.run(ScriptEngine.java:194)
	at com.kms.katalon.core.main.ScriptEngine.runScriptAsRawText(ScriptEngine.java:119)
	at com.kms.katalon.core.main.TestCaseExecutor.runScript(TestCaseExecutor.java:337)
	at com.kms.katalon.core.main.TestCaseExecutor.doExecute(TestCaseExecutor.java:328)
	at com.kms.katalon.core.main.TestCaseExecutor.processExecutionPhase(TestCaseExecutor.java:307)
	at com.kms.katalon.core.main.TestCaseExecutor.accessMainPhase(TestCaseExecutor.java:299)
	at com.kms.katalon.core.main.TestCaseExecutor.execute(TestCaseExecutor.java:233)
	at com.kms.katalon.core.main.TestSuiteExecutor.accessTestCaseMainPhase(TestSuiteExecutor.java:169)
	at com.kms.katalon.core.main.TestSuiteExecutor.accessTestSuiteMainPhase(TestSuiteExecutor.java:142)
	at com.kms.katalon.core.main.TestSuiteExecutor.execute(TestSuiteExecutor.java:91)
	at com.kms.katalon.core.main.TestCaseMain.startTestSuite(TestCaseMain.java:157)
	at com.kms.katalon.core.main.TestCaseMain$startTestSuite$0.call(Unknown Source)
	at TempTestSuite1587018305548.run(TempTestSuite1587018305548.groovy:36)
Caused by: com.kms.katalon.core.exception.StepFailedException: Text 'Garage/Vehicle Services' is not present on page  (Root cause: com.kms.katalon.core.exception.StepFailedException: Text 'Garage/Vehicle Services' is not present on page 
	at com.kms.katalon.core.webui.keyword.internal.WebUIKeywordMain.stepFailed(WebUIKeywordMain.groovy:64)
	at com.kms.katalon.core.webui.keyword.builtin.VerifyTextPresentKeyword$_verifyTextPresent_closure1.doCall(VerifyTextPresentKeyword.groovy:79)
	at com.kms.katalon.core.webui.keyword.builtin.VerifyTextPresentKeyword$_verifyTextPresent_closure1.call(VerifyTextPresentKeyword.groovy)
	at com.kms.katalon.core.webui.keyword.internal.WebUIKeywordMain.runKeyword(WebUIKeywordMain.groovy:20)
	at com.kms.katalon.core.webui.keyword.builtin.VerifyTextPresentKeyword.verifyTextPresent(VerifyTextPresentKeyword.groovy:83)
	at com.kms.katalon.core.webui.keyword.builtin.VerifyTextPresentKeyword.execute(VerifyTextPresentKeyword.groovy:68)
	at com.kms.katalon.core.keyword.internal.KeywordExecutor.executeKeywordForPlatform(KeywordExecutor.groovy:72)
	at com.kms.katalon.core.webui.keyword.WebUiBuiltInKeywords.verifyTextPresent(WebUiBuiltInKeywords.groovy:1719)
	at com.kms.katalon.core.webui.keyword.WebUiBuiltInKeywords$verifyTextPresent$12.call(Unknown Source)
	at CAT_Verification.run(CAT_Verification:54)
	at com.kms.katalon.core.main.ScriptEngine.run(ScriptEngine.java:194)
	at com.kms.katalon.core.main.ScriptEngine.runScriptAsRawText(ScriptEngine.java:119)
	at com.kms.katalon.core.main.TestCaseExecutor.runScript(TestCaseExecutor.java:337)
	at com.kms.katalon.core.main.TestCaseExecutor.doExecute(TestCaseExecutor.java:328)
	at com.kms.katalon.core.main.TestCaseExecutor.processExecutionPhase(TestCaseExecutor.java:307)
	at com.kms.katalon.core.main.TestCaseExecutor.accessMainPhase(TestCaseExecutor.java:299)
	at com.kms.katalon.core.main.TestCaseExecutor.execute(TestCaseExecutor.java:233)
	at com.kms.katalon.core.main.TestCaseMain.runTestCase(TestCaseMain.java:114)
	at com.kms.katalon.core.keyword.builtin.CallTestCaseKeyword$_callTestCase_closure1.doCall(CallTestCaseKeyword.groovy:59)
	at com.kms.katalon.core.keyword.builtin.CallTestCaseKeyword$_callTestCase_closure1.call(CallTestCaseKeyword.groovy)
	at com.kms.katalon.core.keyword.internal.KeywordMain.runKeyword(KeywordMain.groovy:68)
	at com.kms.katalon.core.keyword.builtin.CallTestCaseKeyword.callTestCase(CallTestCaseKeyword.groovy:81)
	at com.kms.katalon.core.keyword.builtin.CallTestCaseKeyword.execute(CallTestCaseKeyword.groovy:44)
	at com.kms.katalon.core.keyword.internal.KeywordExecutor.executeKeywordForPlatform(KeywordExecutor.groovy:72)
	at com.kms.katalon.core.keyword.BuiltinKeywords.callTestCase(BuiltinKeywords.groovy:334)
	at Default_Device_Dev.run(Default_Device_Dev:230)
	at com.kms.katalon.core.main.ScriptEngine.run(ScriptEngine.java:194)
	at com.kms.katalon.core.main.ScriptEngine.runScriptAsRawText(ScriptEngine.java:119)
	at com.kms.katalon.core.main.TestCaseExecutor.runScript(TestCaseExecutor.java:337)
	at com.kms.katalon.core.main.TestCaseExecutor.doExecute(TestCaseExecutor.java:328)
	at com.kms.katalon.core.main.TestCaseExecutor.processExecutionPhase(TestCaseExecutor.java:307)
	at com.kms.katalon.core.main.TestCaseExecutor.accessMainPhase(TestCaseExecutor.java:299)
	at com.kms.katalon.core.main.TestCaseExecutor.execute(TestCaseExecutor.java:233)
	at com.kms.katalon.core.main.TestSuiteExecutor.accessTestCaseMainPhase(TestSuiteExecutor.java:169)
	at com.kms.katalon.core.main.TestSuiteExecutor.accessTestSuiteMainPhase(TestSuiteExecutor.java:142)
	at com.kms.katalon.core.main.TestSuiteExecutor.execute(TestSuiteExecutor.java:91)
	at com.kms.katalon.core.main.TestCaseMain.startTestSuite(TestCaseMain.java:157)
	at com.kms.katalon.core.main.TestCaseMain$startTestSuite$0.call(Unknown Source)
	at TempTestSuite1587018305548.run(TempTestSuite1587018305548.groovy:36)
)
	at com.kms.katalon.core.keyword.internal.KeywordMain.stepFailed(KeywordMain.groovy:39)
	at com.kms.katalon.core.webui.keyword.internal.WebUIKeywordMain.stepFailed(WebUIKeywordMain.groovy:64)
	at com.kms.katalon.core.webui.keyword.builtin.VerifyTextPresentKeyword$_verifyTextPresent_closure1.doCall(VerifyTextPresentKeyword.groovy:79)
	at com.kms.katalon.core.webui.keyword.builtin.VerifyTextPresentKeyword$_verifyTextPresent_closure1.call(VerifyTextPresentKeyword.groovy)
	at com.kms.katalon.core.webui.keyword.internal.WebUIKeywordMain.runKeyword(WebUIKeywordMain.groovy:20)
	at com.kms.katalon.core.webui.keyword.builtin.VerifyTextPresentKeyword.verifyTextPresent(VerifyTextPresentKeyword.groovy:83)
	at com.kms.katalon.core.webui.keyword.builtin.VerifyTextPresentKeyword.execute(VerifyTextPresentKeyword.groovy:68)
	at com.kms.katalon.core.keyword.internal.KeywordExecutor.executeKeywordForPlatform(KeywordExecutor.groovy:72)
	at com.kms.katalon.core.webui.keyword.WebUiBuiltInKeywords.verifyTextPresent(WebUiBuiltInKeywords.groovy:1719)
	at com.kms.katalon.core.webui.keyword.WebUiBuiltInKeywords$verifyTextPresent$12.call(Unknown Source)
	at CAT_Verification.run(CAT_Verification:54)
	at com.kms.katalon.core.main.ScriptEngine.run(ScriptEngine.java:194)
	at com.kms.katalon.core.main.ScriptEngine.runScriptAsRawText(ScriptEngine.java:119)
	at com.kms.katalon.core.main.TestCaseExecutor.runScript(TestCaseExecutor.java:337)
	at com.kms.katalon.core.main.TestCaseExecutor.doExecute(TestCaseExecutor.java:328)
	at com.kms.katalon.core.main.TestCaseExecutor.processExecutionPhase(TestCaseExecutor.java:307)
	at com.kms.katalon.core.main.TestCaseExecutor.accessMainPhase(TestCaseExecutor.java:299)
	at com.kms.katalon.core.main.TestCaseExecutor.execute(TestCaseExecutor.java:233)
	at com.kms.katalon.core.main.TestCaseMain.runTestCase(TestCaseMain.java:114)
	at com.kms.katalon.core.keyword.builtin.CallTestCaseKeyword$_callTestCase_closure1.doCall(CallTestCaseKeyword.groovy:59)
	... 20 more
Caused by: com.kms.katalon.core.exception.StepFailedException: Text 'Garage/Vehicle Services' is not present on page 
	... 39 more
)]]></system-out>
         <system-err><![CDATA[2020-04-16 07:28:33 - [TEST_CASE][FAILED] - Test Cases/Mobile_Devices/Default_Device_Dev: Test Cases/Mobile_Devices/Default_Device_Dev FAILED.
Reason:
com.kms.katalon.core.exception.StepFailedException: Call Test Case 'Test Cases/Reusable_Test_Sequences/CAT_Verification' failed
	at com.kms.katalon.core.keyword.builtin.CallTestCaseKeyword$_callTestCase_closure1.doCall(CallTestCaseKeyword.groovy:63)
	at com.kms.katalon.core.keyword.builtin.CallTestCaseKeyword$_callTestCase_closure1.call(CallTestCaseKeyword.groovy)
	at com.kms.katalon.core.keyword.internal.KeywordMain.runKeyword(KeywordMain.groovy:68)
	at com.kms.katalon.core.keyword.builtin.CallTestCaseKeyword.callTestCase(CallTestCaseKeyword.groovy:81)
	at com.kms.katalon.core.keyword.builtin.CallTestCaseKeyword.execute(CallTestCaseKeyword.groovy:44)
	at com.kms.katalon.core.keyword.internal.KeywordExecutor.executeKeywordForPlatform(KeywordExecutor.groovy:72)
	at com.kms.katalon.core.keyword.BuiltinKeywords.callTestCase(BuiltinKeywords.groovy:334)
	at Default_Device_Dev.run(Default_Device_Dev:230)
	at com.kms.katalon.core.main.ScriptEngine.run(ScriptEngine.java:194)
	at com.kms.katalon.core.main.ScriptEngine.runScriptAsRawText(ScriptEngine.java:119)
	at com.kms.katalon.core.main.TestCaseExecutor.runScript(TestCaseExecutor.java:337)
	at com.kms.katalon.core.main.TestCaseExecutor.doExecute(TestCaseExecutor.java:328)
	at com.kms.katalon.core.main.TestCaseExecutor.processExecutionPhase(TestCaseExecutor.java:307)
	at com.kms.katalon.core.main.TestCaseExecutor.accessMainPhase(TestCaseExecutor.java:299)
	at com.kms.katalon.core.main.TestCaseExecutor.execute(TestCaseExecutor.java:233)
	at com.kms.katalon.core.main.TestSuiteExecutor.accessTestCaseMainPhase(TestSuiteExecutor.java:169)
	at com.kms.katalon.core.main.TestSuiteExecutor.accessTestSuiteMainPhase(TestSuiteExecutor.java:142)
	at com.kms.katalon.core.main.TestSuiteExecutor.execute(TestSuiteExecutor.java:91)
	at com.kms.katalon.core.main.TestCaseMain.startTestSuite(TestCaseMain.java:157)
	at com.kms.katalon.core.main.TestCaseMain$startTestSuite$0.call(Unknown Source)
	at TempTestSuite1587018305548.run(TempTestSuite1587018305548.groovy:36)
Caused by: com.kms.katalon.core.exception.StepFailedException: Text 'Garage/Vehicle Services' is not present on page  (Root cause: com.kms.katalon.core.exception.StepFailedException: Text 'Garage/Vehicle Services' is not present on page 
	at com.kms.katalon.core.webui.keyword.internal.WebUIKeywordMain.stepFailed(WebUIKeywordMain.groovy:64)
	at com.kms.katalon.core.webui.keyword.builtin.VerifyTextPresentKeyword$_verifyTextPresent_closure1.doCall(VerifyTextPresentKeyword.groovy:79)
	at com.kms.katalon.core.webui.keyword.builtin.VerifyTextPresentKeyword$_verifyTextPresent_closure1.call(VerifyTextPresentKeyword.groovy)
	at com.kms.katalon.core.webui.keyword.internal.WebUIKeywordMain.runKeyword(WebUIKeywordMain.groovy:20)
	at com.kms.katalon.core.webui.keyword.builtin.VerifyTextPresentKeyword.verifyTextPresent(VerifyTextPresentKeyword.groovy:83)
	at com.kms.katalon.core.webui.keyword.builtin.VerifyTextPresentKeyword.execute(VerifyTextPresentKeyword.groovy:68)
	at com.kms.katalon.core.keyword.internal.KeywordExecutor.executeKeywordForPlatform(KeywordExecutor.groovy:72)
	at com.kms.katalon.core.webui.keyword.WebUiBuiltInKeywords.verifyTextPresent(WebUiBuiltInKeywords.groovy:1719)
	at com.kms.katalon.core.webui.keyword.WebUiBuiltInKeywords$verifyTextPresent$12.call(Unknown Source)
	at CAT_Verification.run(CAT_Verification:54)
	at com.kms.katalon.core.main.ScriptEngine.run(ScriptEngine.java:194)
	at com.kms.katalon.core.main.ScriptEngine.runScriptAsRawText(ScriptEngine.java:119)
	at com.kms.katalon.core.main.TestCaseExecutor.runScript(TestCaseExecutor.java:337)
	at com.kms.katalon.core.main.TestCaseExecutor.doExecute(TestCaseExecutor.java:328)
	at com.kms.katalon.core.main.TestCaseExecutor.processExecutionPhase(TestCaseExecutor.java:307)
	at com.kms.katalon.core.main.TestCaseExecutor.accessMainPhase(TestCaseExecutor.java:299)
	at com.kms.katalon.core.main.TestCaseExecutor.execute(TestCaseExecutor.java:233)
	at com.kms.katalon.core.main.TestCaseMain.runTestCase(TestCaseMain.java:114)
	at com.kms.katalon.core.keyword.builtin.CallTestCaseKeyword$_callTestCase_closure1.doCall(CallTestCaseKeyword.groovy:59)
	at com.kms.katalon.core.keyword.builtin.CallTestCaseKeyword$_callTestCase_closure1.call(CallTestCaseKeyword.groovy)
	at com.kms.katalon.core.keyword.internal.KeywordMain.runKeyword(KeywordMain.groovy:68)
	at com.kms.katalon.core.keyword.builtin.CallTestCaseKeyword.callTestCase(CallTestCaseKeyword.groovy:81)
	at com.kms.katalon.core.keyword.builtin.CallTestCaseKeyword.execute(CallTestCaseKeyword.groovy:44)
	at com.kms.katalon.core.keyword.internal.KeywordExecutor.executeKeywordForPlatform(KeywordExecutor.groovy:72)
	at com.kms.katalon.core.keyword.BuiltinKeywords.callTestCase(BuiltinKeywords.groovy:334)
	at Default_Device_Dev.run(Default_Device_Dev:230)
	at com.kms.katalon.core.main.ScriptEngine.run(ScriptEngine.java:194)
	at com.kms.katalon.core.main.ScriptEngine.runScriptAsRawText(ScriptEngine.java:119)
	at com.kms.katalon.core.main.TestCaseExecutor.runScript(TestCaseExecutor.java:337)
	at com.kms.katalon.core.main.TestCaseExecutor.doExecute(TestCaseExecutor.java:328)
	at com.kms.katalon.core.main.TestCaseExecutor.processExecutionPhase(TestCaseExecutor.java:307)
	at com.kms.katalon.core.main.TestCaseExecutor.accessMainPhase(TestCaseExecutor.java:299)
	at com.kms.katalon.core.main.TestCaseExecutor.execute(TestCaseExecutor.java:233)
	at com.kms.katalon.core.main.TestSuiteExecutor.accessTestCaseMainPhase(TestSuiteExecutor.java:169)
	at com.kms.katalon.core.main.TestSuiteExecutor.accessTestSuiteMainPhase(TestSuiteExecutor.java:142)
	at com.kms.katalon.core.main.TestSuiteExecutor.execute(TestSuiteExecutor.java:91)
	at com.kms.katalon.core.main.TestCaseMain.startTestSuite(TestCaseMain.java:157)
	at com.kms.katalon.core.main.TestCaseMain$startTestSuite$0.call(Unknown Source)
	at TempTestSuite1587018305548.run(TempTestSuite1587018305548.groovy:36)
)
	at com.kms.katalon.core.keyword.internal.KeywordMain.stepFailed(KeywordMain.groovy:39)
	at com.kms.katalon.core.webui.keyword.internal.WebUIKeywordMain.stepFailed(WebUIKeywordMain.groovy:64)
	at com.kms.katalon.core.webui.keyword.builtin.VerifyTextPresentKeyword$_verifyTextPresent_closure1.doCall(VerifyTextPresentKeyword.groovy:79)
	at com.kms.katalon.core.webui.keyword.builtin.VerifyTextPresentKeyword$_verifyTextPresent_closure1.call(VerifyTextPresentKeyword.groovy)
	at com.kms.katalon.core.webui.keyword.internal.WebUIKeywordMain.runKeyword(WebUIKeywordMain.groovy:20)
	at com.kms.katalon.core.webui.keyword.builtin.VerifyTextPresentKeyword.verifyTextPresent(VerifyTextPresentKeyword.groovy:83)
	at com.kms.katalon.core.webui.keyword.builtin.VerifyTextPresentKeyword.execute(VerifyTextPresentKeyword.groovy:68)
	at com.kms.katalon.core.keyword.internal.KeywordExecutor.executeKeywordForPlatform(KeywordExecutor.groovy:72)
	at com.kms.katalon.core.webui.keyword.WebUiBuiltInKeywords.verifyTextPresent(WebUiBuiltInKeywords.groovy:1719)
	at com.kms.katalon.core.webui.keyword.WebUiBuiltInKeywords$verifyTextPresent$12.call(Unknown Source)
	at CAT_Verification.run(CAT_Verification:54)
	at com.kms.katalon.core.main.ScriptEngine.run(ScriptEngine.java:194)
	at com.kms.katalon.core.main.ScriptEngine.runScriptAsRawText(ScriptEngine.java:119)
	at com.kms.katalon.core.main.TestCaseExecutor.runScript(TestCaseExecutor.java:337)
	at com.kms.katalon.core.main.TestCaseExecutor.doExecute(TestCaseExecutor.java:328)
	at com.kms.katalon.core.main.TestCaseExecutor.processExecutionPhase(TestCaseExecutor.java:307)
	at com.kms.katalon.core.main.TestCaseExecutor.accessMainPhase(TestCaseExecutor.java:299)
	at com.kms.katalon.core.main.TestCaseExecutor.execute(TestCaseExecutor.java:233)
	at com.kms.katalon.core.main.TestCaseMain.runTestCase(TestCaseMain.java:114)
	at com.kms.katalon.core.keyword.builtin.CallTestCaseKeyword$_callTestCase_closure1.doCall(CallTestCaseKeyword.groovy:59)
	... 20 more
Caused by: com.kms.katalon.core.exception.StepFailedException: Text 'Garage/Vehicle Services' is not present on page 
	... 39 more]]></system-err>
      </testcase>
      <system-out><![CDATA[2020-04-16 07:28:33 - [TEST_SUITE][FAILED] - Mobile_Devices: Test Cases/Mobile_Devices/Default_Device_Dev FAILED.
Reason:
com.kms.katalon.core.exception.StepFailedException: Call Test Case 'Test Cases/Reusable_Test_Sequences/CAT_Verification' failed
	at com.kms.katalon.core.keyword.builtin.CallTestCaseKeyword$_callTestCase_closure1.doCall(CallTestCaseKeyword.groovy:63)
	at com.kms.katalon.core.keyword.builtin.CallTestCaseKeyword$_callTestCase_closure1.call(CallTestCaseKeyword.groovy)
	at com.kms.katalon.core.keyword.internal.KeywordMain.runKeyword(KeywordMain.groovy:68)
	at com.kms.katalon.core.keyword.builtin.CallTestCaseKeyword.callTestCase(CallTestCaseKeyword.groovy:81)
	at com.kms.katalon.core.keyword.builtin.CallTestCaseKeyword.execute(CallTestCaseKeyword.groovy:44)
	at com.kms.katalon.core.keyword.internal.KeywordExecutor.executeKeywordForPlatform(KeywordExecutor.groovy:72)
	at com.kms.katalon.core.keyword.BuiltinKeywords.callTestCase(BuiltinKeywords.groovy:334)
	at Default_Device_Dev.run(Default_Device_Dev:230)
	at com.kms.katalon.core.main.ScriptEngine.run(ScriptEngine.java:194)
	at com.kms.katalon.core.main.ScriptEngine.runScriptAsRawText(ScriptEngine.java:119)
	at com.kms.katalon.core.main.TestCaseExecutor.runScript(TestCaseExecutor.java:337)
	at com.kms.katalon.core.main.TestCaseExecutor.doExecute(TestCaseExecutor.java:328)
	at com.kms.katalon.core.main.TestCaseExecutor.processExecutionPhase(TestCaseExecutor.java:307)
	at com.kms.katalon.core.main.TestCaseExecutor.accessMainPhase(TestCaseExecutor.java:299)
	at com.kms.katalon.core.main.TestCaseExecutor.execute(TestCaseExecutor.java:233)
	at com.kms.katalon.core.main.TestSuiteExecutor.accessTestCaseMainPhase(TestSuiteExecutor.java:169)
	at com.kms.katalon.core.main.TestSuiteExecutor.accessTestSuiteMainPhase(TestSuiteExecutor.java:142)
	at com.kms.katalon.core.main.TestSuiteExecutor.execute(TestSuiteExecutor.java:91)
	at com.kms.katalon.core.main.TestCaseMain.startTestSuite(TestCaseMain.java:157)
	at com.kms.katalon.core.main.TestCaseMain$startTestSuite$0.call(Unknown Source)
	at TempTestSuite1587018305548.run(TempTestSuite1587018305548.groovy:36)
Caused by: com.kms.katalon.core.exception.StepFailedException: Text 'Garage/Vehicle Services' is not present on page  (Root cause: com.kms.katalon.core.exception.StepFailedException: Text 'Garage/Vehicle Services' is not present on page 
	at com.kms.katalon.core.webui.keyword.internal.WebUIKeywordMain.stepFailed(WebUIKeywordMain.groovy:64)
	at com.kms.katalon.core.webui.keyword.builtin.VerifyTextPresentKeyword$_verifyTextPresent_closure1.doCall(VerifyTextPresentKeyword.groovy:79)
	at com.kms.katalon.core.webui.keyword.builtin.VerifyTextPresentKeyword$_verifyTextPresent_closure1.call(VerifyTextPresentKeyword.groovy)
	at com.kms.katalon.core.webui.keyword.internal.WebUIKeywordMain.runKeyword(WebUIKeywordMain.groovy:20)
	at com.kms.katalon.core.webui.keyword.builtin.VerifyTextPresentKeyword.verifyTextPresent(VerifyTextPresentKeyword.groovy:83)
	at com.kms.katalon.core.webui.keyword.builtin.VerifyTextPresentKeyword.execute(VerifyTextPresentKeyword.groovy:68)
	at com.kms.katalon.core.keyword.internal.KeywordExecutor.executeKeywordForPlatform(KeywordExecutor.groovy:72)
	at com.kms.katalon.core.webui.keyword.WebUiBuiltInKeywords.verifyTextPresent(WebUiBuiltInKeywords.groovy:1719)
	at com.kms.katalon.core.webui.keyword.WebUiBuiltInKeywords$verifyTextPresent$12.call(Unknown Source)
	at CAT_Verification.run(CAT_Verification:54)
	at com.kms.katalon.core.main.ScriptEngine.run(ScriptEngine.java:194)
	at com.kms.katalon.core.main.ScriptEngine.runScriptAsRawText(ScriptEngine.java:119)
	at com.kms.katalon.core.main.TestCaseExecutor.runScript(TestCaseExecutor.java:337)
	at com.kms.katalon.core.main.TestCaseExecutor.doExecute(TestCaseExecutor.java:328)
	at com.kms.katalon.core.main.TestCaseExecutor.processExecutionPhase(TestCaseExecutor.java:307)
	at com.kms.katalon.core.main.TestCaseExecutor.accessMainPhase(TestCaseExecutor.java:299)
	at com.kms.katalon.core.main.TestCaseExecutor.execute(TestCaseExecutor.java:233)
	at com.kms.katalon.core.main.TestCaseMain.runTestCase(TestCaseMain.java:114)
	at com.kms.katalon.core.keyword.builtin.CallTestCaseKeyword$_callTestCase_closure1.doCall(CallTestCaseKeyword.groovy:59)
	at com.kms.katalon.core.keyword.builtin.CallTestCaseKeyword$_callTestCase_closure1.call(CallTestCaseKeyword.groovy)
	at com.kms.katalon.core.keyword.internal.KeywordMain.runKeyword(KeywordMain.groovy:68)
	at com.kms.katalon.core.keyword.builtin.CallTestCaseKeyword.callTestCase(CallTestCaseKeyword.groovy:81)
	at com.kms.katalon.core.keyword.builtin.CallTestCaseKeyword.execute(CallTestCaseKeyword.groovy:44)
	at com.kms.katalon.core.keyword.internal.KeywordExecutor.executeKeywordForPlatform(KeywordExecutor.groovy:72)
	at com.kms.katalon.core.keyword.BuiltinKeywords.callTestCase(BuiltinKeywords.groovy:334)
	at Default_Device_Dev.run(Default_Device_Dev:230)
	at com.kms.katalon.core.main.ScriptEngine.run(ScriptEngine.java:194)
	at com.kms.katalon.core.main.ScriptEngine.runScriptAsRawText(ScriptEngine.java:119)
	at com.kms.katalon.core.main.TestCaseExecutor.runScript(TestCaseExecutor.java:337)
	at com.kms.katalon.core.main.TestCaseExecutor.doExecute(TestCaseExecutor.java:328)
	at com.kms.katalon.core.main.TestCaseExecutor.processExecutionPhase(TestCaseExecutor.java:307)
	at com.kms.katalon.core.main.TestCaseExecutor.accessMainPhase(TestCaseExecutor.java:299)
	at com.kms.katalon.core.main.TestCaseExecutor.execute(TestCaseExecutor.java:233)
	at com.kms.katalon.core.main.TestSuiteExecutor.accessTestCaseMainPhase(TestSuiteExecutor.java:169)
	at com.kms.katalon.core.main.TestSuiteExecutor.accessTestSuiteMainPhase(TestSuiteExecutor.java:142)
	at com.kms.katalon.core.main.TestSuiteExecutor.execute(TestSuiteExecutor.java:91)
	at com.kms.katalon.core.main.TestCaseMain.startTestSuite(TestCaseMain.java:157)
	at com.kms.katalon.core.main.TestCaseMain$startTestSuite$0.call(Unknown Source)
	at TempTestSuite1587018305548.run(TempTestSuite1587018305548.groovy:36)
)
	at com.kms.katalon.core.keyword.internal.KeywordMain.stepFailed(KeywordMain.groovy:39)
	at com.kms.katalon.core.webui.keyword.internal.WebUIKeywordMain.stepFailed(WebUIKeywordMain.groovy:64)
	at com.kms.katalon.core.webui.keyword.builtin.VerifyTextPresentKeyword$_verifyTextPresent_closure1.doCall(VerifyTextPresentKeyword.groovy:79)
	at com.kms.katalon.core.webui.keyword.builtin.VerifyTextPresentKeyword$_verifyTextPresent_closure1.call(VerifyTextPresentKeyword.groovy)
	at com.kms.katalon.core.webui.keyword.internal.WebUIKeywordMain.runKeyword(WebUIKeywordMain.groovy:20)
	at com.kms.katalon.core.webui.keyword.builtin.VerifyTextPresentKeyword.verifyTextPresent(VerifyTextPresentKeyword.groovy:83)
	at com.kms.katalon.core.webui.keyword.builtin.VerifyTextPresentKeyword.execute(VerifyTextPresentKeyword.groovy:68)
	at com.kms.katalon.core.keyword.internal.KeywordExecutor.executeKeywordForPlatform(KeywordExecutor.groovy:72)
	at com.kms.katalon.core.webui.keyword.WebUiBuiltInKeywords.verifyTextPresent(WebUiBuiltInKeywords.groovy:1719)
	at com.kms.katalon.core.webui.keyword.WebUiBuiltInKeywords$verifyTextPresent$12.call(Unknown Source)
	at CAT_Verification.run(CAT_Verification:54)
	at com.kms.katalon.core.main.ScriptEngine.run(ScriptEngine.java:194)
	at com.kms.katalon.core.main.ScriptEngine.runScriptAsRawText(ScriptEngine.java:119)
	at com.kms.katalon.core.main.TestCaseExecutor.runScript(TestCaseExecutor.java:337)
	at com.kms.katalon.core.main.TestCaseExecutor.doExecute(TestCaseExecutor.java:328)
	at com.kms.katalon.core.main.TestCaseExecutor.processExecutionPhase(TestCaseExecutor.java:307)
	at com.kms.katalon.core.main.TestCaseExecutor.accessMainPhase(TestCaseExecutor.java:299)
	at com.kms.katalon.core.main.TestCaseExecutor.execute(TestCaseExecutor.java:233)
	at com.kms.katalon.core.main.TestCaseMain.runTestCase(TestCaseMain.java:114)
	at com.kms.katalon.core.keyword.builtin.CallTestCaseKeyword$_callTestCase_closure1.doCall(CallTestCaseKeyword.groovy:59)
	... 20 more
Caused by: com.kms.katalon.core.exception.StepFailedException: Text 'Garage/Vehicle Services' is not present on page 
	... 39 more]]></system-out>
      <system-err><![CDATA[2020-04-16 07:28:33 - [TEST_SUITE][FAILED] - Mobile_Devices: Test Cases/Mobile_Devices/Default_Device_Dev FAILED.
Reason:
com.kms.katalon.core.exception.StepFailedException: Call Test Case 'Test Cases/Reusable_Test_Sequences/CAT_Verification' failed
	at com.kms.katalon.core.keyword.builtin.CallTestCaseKeyword$_callTestCase_closure1.doCall(CallTestCaseKeyword.groovy:63)
	at com.kms.katalon.core.keyword.builtin.CallTestCaseKeyword$_callTestCase_closure1.call(CallTestCaseKeyword.groovy)
	at com.kms.katalon.core.keyword.internal.KeywordMain.runKeyword(KeywordMain.groovy:68)
	at com.kms.katalon.core.keyword.builtin.CallTestCaseKeyword.callTestCase(CallTestCaseKeyword.groovy:81)
	at com.kms.katalon.core.keyword.builtin.CallTestCaseKeyword.execute(CallTestCaseKeyword.groovy:44)
	at com.kms.katalon.core.keyword.internal.KeywordExecutor.executeKeywordForPlatform(KeywordExecutor.groovy:72)
	at com.kms.katalon.core.keyword.BuiltinKeywords.callTestCase(BuiltinKeywords.groovy:334)
	at Default_Device_Dev.run(Default_Device_Dev:230)
	at com.kms.katalon.core.main.ScriptEngine.run(ScriptEngine.java:194)
	at com.kms.katalon.core.main.ScriptEngine.runScriptAsRawText(ScriptEngine.java:119)
	at com.kms.katalon.core.main.TestCaseExecutor.runScript(TestCaseExecutor.java:337)
	at com.kms.katalon.core.main.TestCaseExecutor.doExecute(TestCaseExecutor.java:328)
	at com.kms.katalon.core.main.TestCaseExecutor.processExecutionPhase(TestCaseExecutor.java:307)
	at com.kms.katalon.core.main.TestCaseExecutor.accessMainPhase(TestCaseExecutor.java:299)
	at com.kms.katalon.core.main.TestCaseExecutor.execute(TestCaseExecutor.java:233)
	at com.kms.katalon.core.main.TestSuiteExecutor.accessTestCaseMainPhase(TestSuiteExecutor.java:169)
	at com.kms.katalon.core.main.TestSuiteExecutor.accessTestSuiteMainPhase(TestSuiteExecutor.java:142)
	at com.kms.katalon.core.main.TestSuiteExecutor.execute(TestSuiteExecutor.java:91)
	at com.kms.katalon.core.main.TestCaseMain.startTestSuite(TestCaseMain.java:157)
	at com.kms.katalon.core.main.TestCaseMain$startTestSuite$0.call(Unknown Source)
	at TempTestSuite1587018305548.run(TempTestSuite1587018305548.groovy:36)
Caused by: com.kms.katalon.core.exception.StepFailedException: Text 'Garage/Vehicle Services' is not present on page  (Root cause: com.kms.katalon.core.exception.StepFailedException: Text 'Garage/Vehicle Services' is not present on page 
	at com.kms.katalon.core.webui.keyword.internal.WebUIKeywordMain.stepFailed(WebUIKeywordMain.groovy:64)
	at com.kms.katalon.core.webui.keyword.builtin.VerifyTextPresentKeyword$_verifyTextPresent_closure1.doCall(VerifyTextPresentKeyword.groovy:79)
	at com.kms.katalon.core.webui.keyword.builtin.VerifyTextPresentKeyword$_verifyTextPresent_closure1.call(VerifyTextPresentKeyword.groovy)
	at com.kms.katalon.core.webui.keyword.internal.WebUIKeywordMain.runKeyword(WebUIKeywordMain.groovy:20)
	at com.kms.katalon.core.webui.keyword.builtin.VerifyTextPresentKeyword.verifyTextPresent(VerifyTextPresentKeyword.groovy:83)
	at com.kms.katalon.core.webui.keyword.builtin.VerifyTextPresentKeyword.execute(VerifyTextPresentKeyword.groovy:68)
	at com.kms.katalon.core.keyword.internal.KeywordExecutor.executeKeywordForPlatform(KeywordExecutor.groovy:72)
	at com.kms.katalon.core.webui.keyword.WebUiBuiltInKeywords.verifyTextPresent(WebUiBuiltInKeywords.groovy:1719)
	at com.kms.katalon.core.webui.keyword.WebUiBuiltInKeywords$verifyTextPresent$12.call(Unknown Source)
	at CAT_Verification.run(CAT_Verification:54)
	at com.kms.katalon.core.main.ScriptEngine.run(ScriptEngine.java:194)
	at com.kms.katalon.core.main.ScriptEngine.runScriptAsRawText(ScriptEngine.java:119)
	at com.kms.katalon.core.main.TestCaseExecutor.runScript(TestCaseExecutor.java:337)
	at com.kms.katalon.core.main.TestCaseExecutor.doExecute(TestCaseExecutor.java:328)
	at com.kms.katalon.core.main.TestCaseExecutor.processExecutionPhase(TestCaseExecutor.java:307)
	at com.kms.katalon.core.main.TestCaseExecutor.accessMainPhase(TestCaseExecutor.java:299)
	at com.kms.katalon.core.main.TestCaseExecutor.execute(TestCaseExecutor.java:233)
	at com.kms.katalon.core.main.TestCaseMain.runTestCase(TestCaseMain.java:114)
	at com.kms.katalon.core.keyword.builtin.CallTestCaseKeyword$_callTestCase_closure1.doCall(CallTestCaseKeyword.groovy:59)
	at com.kms.katalon.core.keyword.builtin.CallTestCaseKeyword$_callTestCase_closure1.call(CallTestCaseKeyword.groovy)
	at com.kms.katalon.core.keyword.internal.KeywordMain.runKeyword(KeywordMain.groovy:68)
	at com.kms.katalon.core.keyword.builtin.CallTestCaseKeyword.callTestCase(CallTestCaseKeyword.groovy:81)
	at com.kms.katalon.core.keyword.builtin.CallTestCaseKeyword.execute(CallTestCaseKeyword.groovy:44)
	at com.kms.katalon.core.keyword.internal.KeywordExecutor.executeKeywordForPlatform(KeywordExecutor.groovy:72)
	at com.kms.katalon.core.keyword.BuiltinKeywords.callTestCase(BuiltinKeywords.groovy:334)
	at Default_Device_Dev.run(Default_Device_Dev:230)
	at com.kms.katalon.core.main.ScriptEngine.run(ScriptEngine.java:194)
	at com.kms.katalon.core.main.ScriptEngine.runScriptAsRawText(ScriptEngine.java:119)
	at com.kms.katalon.core.main.TestCaseExecutor.runScript(TestCaseExecutor.java:337)
	at com.kms.katalon.core.main.TestCaseExecutor.doExecute(TestCaseExecutor.java:328)
	at com.kms.katalon.core.main.TestCaseExecutor.processExecutionPhase(TestCaseExecutor.java:307)
	at com.kms.katalon.core.main.TestCaseExecutor.accessMainPhase(TestCaseExecutor.java:299)
	at com.kms.katalon.core.main.TestCaseExecutor.execute(TestCaseExecutor.java:233)
	at com.kms.katalon.core.main.TestSuiteExecutor.accessTestCaseMainPhase(TestSuiteExecutor.java:169)
	at com.kms.katalon.core.main.TestSuiteExecutor.accessTestSuiteMainPhase(TestSuiteExecutor.java:142)
	at com.kms.katalon.core.main.TestSuiteExecutor.execute(TestSuiteExecutor.java:91)
	at com.kms.katalon.core.main.TestCaseMain.startTestSuite(TestCaseMain.java:157)
	at com.kms.katalon.core.main.TestCaseMain$startTestSuite$0.call(Unknown Source)
	at TempTestSuite1587018305548.run(TempTestSuite1587018305548.groovy:36)
)
	at com.kms.katalon.core.keyword.internal.KeywordMain.stepFailed(KeywordMain.groovy:39)
	at com.kms.katalon.core.webui.keyword.internal.WebUIKeywordMain.stepFailed(WebUIKeywordMain.groovy:64)
	at com.kms.katalon.core.webui.keyword.builtin.VerifyTextPresentKeyword$_verifyTextPresent_closure1.doCall(VerifyTextPresentKeyword.groovy:79)
	at com.kms.katalon.core.webui.keyword.builtin.VerifyTextPresentKeyword$_verifyTextPresent_closure1.call(VerifyTextPresentKeyword.groovy)
	at com.kms.katalon.core.webui.keyword.internal.WebUIKeywordMain.runKeyword(WebUIKeywordMain.groovy:20)
	at com.kms.katalon.core.webui.keyword.builtin.VerifyTextPresentKeyword.verifyTextPresent(VerifyTextPresentKeyword.groovy:83)
	at com.kms.katalon.core.webui.keyword.builtin.VerifyTextPresentKeyword.execute(VerifyTextPresentKeyword.groovy:68)
	at com.kms.katalon.core.keyword.internal.KeywordExecutor.executeKeywordForPlatform(KeywordExecutor.groovy:72)
	at com.kms.katalon.core.webui.keyword.WebUiBuiltInKeywords.verifyTextPresent(WebUiBuiltInKeywords.groovy:1719)
	at com.kms.katalon.core.webui.keyword.WebUiBuiltInKeywords$verifyTextPresent$12.call(Unknown Source)
	at CAT_Verification.run(CAT_Verification:54)
	at com.kms.katalon.core.main.ScriptEngine.run(ScriptEngine.java:194)
	at com.kms.katalon.core.main.ScriptEngine.runScriptAsRawText(ScriptEngine.java:119)
	at com.kms.katalon.core.main.TestCaseExecutor.runScript(TestCaseExecutor.java:337)
	at com.kms.katalon.core.main.TestCaseExecutor.doExecute(TestCaseExecutor.java:328)
	at com.kms.katalon.core.main.TestCaseExecutor.processExecutionPhase(TestCaseExecutor.java:307)
	at com.kms.katalon.core.main.TestCaseExecutor.accessMainPhase(TestCaseExecutor.java:299)
	at com.kms.katalon.core.main.TestCaseExecutor.execute(TestCaseExecutor.java:233)
	at com.kms.katalon.core.main.TestCaseMain.runTestCase(TestCaseMain.java:114)
	at com.kms.katalon.core.keyword.builtin.CallTestCaseKeyword$_callTestCase_closure1.doCall(CallTestCaseKeyword.groovy:59)
	... 20 more
Caused by: com.kms.katalon.core.exception.StepFailedException: Text 'Garage/Vehicle Services' is not present on page 
	... 39 more]]></system-err>
   </testsuite>
</testsuites>
