<?xml version="1.0" encoding="UTF-8"?>
<testsuites name="Mobile_Devices" time="97.054" tests="1" failures="0" errors="0">
   <testsuite name="Mobile_Devices" tests="1" failures="0" errors="0" time="97.054" timestamp="2019-11-26 09:20:20" hostname="DavidHo - VETTEDSP36RF.check.local" id="Test Suites/Mobile_Devices">
      <properties>
         <property name="deviceName" value=""/>
         <property name="devicePlatform" value=""/>
         <property name="logFolder" value="C:\\Users\\davidho\\Katalon Studio\\Start\\Reports\\20191126_085538\\Mobile_Devices\\20191126_085550"/>
         <property name="logFiles" value="C:\\Users\\davidho\\Katalon Studio\\Start\\Reports\\20191126_085538\\Mobile_Devices\\20191126_085550\\execution0.log"/>
         <property name="attachments" value=""/>
         <property name="hostName" value="DavidHo - VETTEDSP36RF.check.local"/>
         <property name="os" value="Windows 10 32bit"/>
         <property name="katalonVersion" value="7.1.0.1"/>
         <property name="browser" value="Firefox 70.0"/>
         <property name="hostAddress" value="10.0.11.243"/>
         <property name="sessionId" value="4177ba02-a4ac-4463-b663-4af6fd4caf2f"/>
         <property name="seleniumVersion" value="3.141.59"/>
         <property name="proxyInformation" value="ProxyInformation{proxyOption=NO_PROXY, proxyServerType=HTTP, password=, proxyServerAddress=, proxyServerPort=0}"/>
         <property name="platform" value="Windows 10"/>
      </properties>
      <testcase name="Test Cases/Mobile_Devices/Default_Device_Dev" time="96.711" classname="Test Cases/Mobile_Devices/Default_Device_Dev" status="PASSED">
         <system-out><![CDATA[2019-11-26 09:20:20 - [TEST_CASE][PASSED] - Test Cases/Mobile_Devices/Default_Device_Dev: Test Cases/Mobile_Devices/Default_Device_Dev

2019-11-26 09:20:21 - [TEST_STEP][PASSED] - for ([row = 1, row <= findTestData("Mobile_Test_Data").getRowNumbers(), (internal.GlobalVariable.row++)]): Call Test Case 'Test Cases/Reusable_Test_Sequences/CAT_Teardown' successfully

2019-11-26 09:20:22 - [TEST_STEP][PASSED] - callTestCase(findTestCase("Reusable_Test_Sequences/CAT_Setup"), [:], OPTIONAL): Call Test Case 'Test Cases/Reusable_Test_Sequences/CAT_Setup' successfully

2019-11-26 09:20:22 - [TEST_CASE][PASSED] - Test Cases/Reusable_Test_Sequences/CAT_Setup: Test Cases/Reusable_Test_Sequences/CAT_Setup

2019-11-26 09:20:22 - [TEST_STEP][PASSED] - "URL - Set from the ENVIRONMENT PROFILE ": null

2019-11-26 09:20:22 - [TEST_STEP][PASSED] - openBrowser(URL): Browser is opened with url: 'https://www.preview.checkatrade.com/'

2019-11-26 09:20:23 - [MESSAGE][INFO] - Starting 'Firefox (headless)' driver

2019-11-26 09:20:23 - [MESSAGE][INFO] - Action delay is set to 0 seconds

2019-11-26 09:20:30 - [MESSAGE][PASSED] - Browser is opened with url: 'https://www.preview.checkatrade.com/'

2019-11-26 09:20:30 - [TEST_STEP][PASSED] - maximizeWindow(): Current window maximized

2019-11-26 09:20:30 - [MESSAGE][PASSED] - Current window maximized

2019-11-26 09:20:30 - [TEST_STEP][PASSED] - waitForPageLoad(60): Wait for page load successfully

2019-11-26 09:20:30 - [MESSAGE][PASSED] - Wait for page load successfully

2019-11-26 09:20:30 - [TEST_STEP][PASSED] - waitForElementVisible(findTestObject("Page_Checkatrade Find a tradesperson you can trust/a_Search"), 25): Object 'Object Repository/Page_Checkatrade Find a tradesperson you can trust/a_Search' is visible

2019-11-26 09:20:30 - [MESSAGE][PASSED] - Object 'Object Repository/Page_Checkatrade Find a tradesperson you can trust/a_Search' is visible

2019-11-26 09:20:30 - [TEST_STEP][PASSED] - try: null

2019-11-26 09:20:30 - [TEST_STEP][PASSED] - if (verifyElementPresent(findTestObject("Page_Checkatrade Find a tradesperson you can trust/div_close"), 1, OPTIONAL)): null

2019-11-26 09:20:30 - [MESSAGE][PASSED] - Object 'Object Repository/Page_Checkatrade Find a tradesperson you can trust/div_close' is present

2019-11-26 09:20:30 - [TEST_STEP][PASSED] - click(findTestObject("Page_Checkatrade Find a tradesperson you can trust/div_close")): Object: 'Object Repository/Page_Checkatrade Find a tradesperson you can trust/div_close' is clicked on

2019-11-26 09:20:31 - [MESSAGE][PASSED] - Object: 'Object Repository/Page_Checkatrade Find a tradesperson you can trust/div_close' is clicked on

2019-11-26 09:20:31 - [TEST_STEP][PASSED] - "---------------------------------": null

2019-11-26 09:20:31 - [TEST_STEP][PASSED] - "COOKIE POPOUT REMOVED - Confirmed": null

2019-11-26 09:20:31 - [TEST_STEP][PASSED] - delay(1): Delayed 1 second(s)

2019-11-26 09:20:32 - [MESSAGE][PASSED] - Delayed 1 second(s)

2019-11-26 09:20:32 - [TEST_STEP][PASSED] - verifyTextNotPresent("Checkatrade.com uses cookies to make sure you get the best browsing experience", false): Text 'Checkatrade.com uses cookies to make sure you get the best browsing experience' is not present on page

2019-11-26 09:20:32 - [MESSAGE][PASSED] - Text 'Checkatrade.com uses cookies to make sure you get the best browsing experience' is not present on page

2019-11-26 09:20:32 - [TEST_STEP][PASSED] - try: null

2019-11-26 09:20:32 - [TEST_STEP][PASSED] - if (verifyElementPresent(findTestObject("Page_Checkatrade Find a tradesperson you can trust/div_close_1"), 1, OPTIONAL)): null

2019-11-26 09:20:32 - [MESSAGE][PASSED] - Object 'Object Repository/Page_Checkatrade Find a tradesperson you can trust/div_close_1' is present

2019-11-26 09:20:32 - [TEST_STEP][PASSED] - click(findTestObject("Page_Checkatrade Find a tradesperson you can trust/div_close_1")): Object: 'Object Repository/Page_Checkatrade Find a tradesperson you can trust/div_close_1' is clicked on

2019-11-26 09:20:32 - [MESSAGE][PASSED] - Object: 'Object Repository/Page_Checkatrade Find a tradesperson you can trust/div_close_1' is clicked on

2019-11-26 09:20:32 - [TEST_STEP][PASSED] - "---------------------------------": null

2019-11-26 09:20:32 - [TEST_STEP][PASSED] - "PRIVACY POPOUT REMOVED - Confirmed": null

2019-11-26 09:20:32 - [TEST_STEP][PASSED] - delay(1): Delayed 1 second(s)

2019-11-26 09:20:33 - [MESSAGE][PASSED] - Delayed 1 second(s)

2019-11-26 09:20:33 - [TEST_STEP][PASSED] - verifyTextNotPresent("We have updated our Privacy Policy, please review this", false): Text 'We have updated our Privacy Policy, please review this' is not present on page

2019-11-26 09:20:34 - [MESSAGE][PASSED] - Text 'We have updated our Privacy Policy, please review this' is not present on page

2019-11-26 09:20:34 - [MESSAGE][INFO] - =================== Smart XPath Report =======================

2019-11-26 09:20:34 - [MESSAGE][INFO] - Refer to the link below to preview and approve auto healing on broken test objects.

2019-11-26 09:20:34 - [MESSAGE][INFO] - https://docs.katalon.com/katalon-studio/docs/auto-healing-smart-xpath.html

2019-11-26 09:20:34 - [MESSAGE][INFO] - ===============================================================

2019-11-26 09:20:34 - [MESSAGE][PASSED] - Call Test Case 'Test Cases/Reusable_Test_Sequences/CAT_Setup' successfully

2019-11-26 09:20:34 - [TEST_STEP][PASSED] - " ALTERNATIVE SCREEN RESOLUTION SELECTION METHOD": null

2019-11-26 09:20:34 - [TEST_STEP][PASSED] - " ACTUAL SCREEN RESOLUTION SELECTION METHOD USED": null

2019-11-26 09:20:34 - [TEST_STEP][PASSED] - XCOORD = Integer.parseInt(findTestData("searchTestData").getValue("X_COORD", row)): null

2019-11-26 09:20:34 - [TEST_STEP][PASSED] - YCOORD = Integer.parseInt(findTestData("searchTestData").getValue("Y_COORD", row)): null

2019-11-26 09:20:34 - [TEST_STEP][PASSED] - setViewPortSize(XCOORD, YCOORD): Viewport is set to new size with width = 800 and height = 1000

2019-11-26 09:20:34 - [MESSAGE][PASSED] - Viewport is set to new size with width = 800 and height = 1000

2019-11-26 09:20:34 - [TEST_STEP][PASSED] - waitForPageLoad(60): Wait for page load successfully

2019-11-26 09:20:34 - [MESSAGE][PASSED] - Wait for page load successfully

2019-11-26 09:20:34 - [TEST_STEP][PASSED] - out.println("Set View Port Size is currently SET to X AXIS " + XCOORD + " Y AXIS " + YCOORD): null

2019-11-26 09:20:34 - [TEST_STEP][PASSED] - setText(findTestObject("Page_Checkatrade Find a tradesperson you can trust/input_Search through"), findTestData("searchTestData").getValue("tradeClassification", row)): Text 'Tree Surgeon' is set on object 'Object Repository/Page_Checkatrade Find a tradesperson you can trust/input_Search through'

2019-11-26 09:20:34 - [MESSAGE][PASSED] - Text 'Tree Surgeon' is set on object 'Object Repository/Page_Checkatrade Find a tradesperson you can trust/input_Search through'

2019-11-26 09:20:34 - [TEST_STEP][PASSED] - waitForPageLoad(60): Wait for page load successfully

2019-11-26 09:20:34 - [MESSAGE][PASSED] - Wait for page load successfully

2019-11-26 09:20:34 - [TEST_STEP][PASSED] - "Set and SEARCH SELECTED LOCATION": null

2019-11-26 09:20:34 - [TEST_STEP][PASSED] - setText(findTestObject("Object Repository/Checkatrade_Trade_Search_Page/Page_Checkatrade Find a tradesperson you can trust/input_location"), findTestData("searchTestData").getValue("tradeLocation", row)): Text 'Gosport' is set on object 'Object Repository/Checkatrade_Trade_Search_Page/Page_Checkatrade Find a tradesperson you can trust/input_location'

2019-11-26 09:20:34 - [MESSAGE][PASSED] - Text 'Gosport' is set on object 'Object Repository/Checkatrade_Trade_Search_Page/Page_Checkatrade Find a tradesperson you can trust/input_location'

2019-11-26 09:20:34 - [TEST_STEP][PASSED] - waitForPageLoad(60): Wait for page load successfully

2019-11-26 09:20:34 - [MESSAGE][PASSED] - Wait for page load successfully

2019-11-26 09:20:34 - [TEST_STEP][PASSED] - scrollToElement(findTestObject("Object Repository/Checkatrade_Trade_Search_Page/Page_Checkatrade Find a tradesperson you can trust/a_Search"), 5): Scroll to object 'Object Repository/Checkatrade_Trade_Search_Page/Page_Checkatrade Find a tradesperson you can trust/a_Search' successfully

2019-11-26 09:20:34 - [MESSAGE][PASSED] - Scroll to object 'Object Repository/Checkatrade_Trade_Search_Page/Page_Checkatrade Find a tradesperson you can trust/a_Search' successfully

2019-11-26 09:20:34 - [TEST_STEP][PASSED] - waitForPageLoad(60): Wait for page load successfully

2019-11-26 09:20:34 - [MESSAGE][PASSED] - Wait for page load successfully

2019-11-26 09:20:34 - [TEST_STEP][PASSED] - "-------------": null

2019-11-26 09:20:34 - [TEST_STEP][PASSED] - doubleClick(findTestObject("Object Repository/Checkatrade_Trade_Search_Page/Page_Checkatrade Find a tradesperson you can trust/a_Search")): Object: 'Object Repository/Checkatrade_Trade_Search_Page/Page_Checkatrade Find a tradesperson you can trust/a_Search' is double clicked on

2019-11-26 09:20:35 - [MESSAGE][PASSED] - Object: 'Object Repository/Checkatrade_Trade_Search_Page/Page_Checkatrade Find a tradesperson you can trust/a_Search' is double clicked on

2019-11-26 09:20:35 - [TEST_STEP][PASSED] - waitForPageLoad(60): Wait for page load successfully

2019-11-26 09:20:35 - [MESSAGE][PASSED] - Wait for page load successfully

2019-11-26 09:20:35 - [TEST_STEP][PASSED] - scrollToElement(findTestObject("Object Repository/Page_Returned_Concantanated_Text/h1_Concantanated_Returned_Result"), 5): Scroll to object 'Object Repository/Page_Returned_Concantanated_Text/h1_Concantanated_Returned_Result' successfully

2019-11-26 09:20:43 - [MESSAGE][PASSED] - Scroll to object 'Object Repository/Page_Returned_Concantanated_Text/h1_Concantanated_Returned_Result' successfully

2019-11-26 09:20:43 - [TEST_STEP][PASSED] - waitForElementVisible(findTestObject("Object Repository/Page_Returned_Concantanated_Text/h1_Concantanated_Returned_Result"), 5): Object 'Object Repository/Page_Returned_Concantanated_Text/h1_Concantanated_Returned_Result' is visible

2019-11-26 09:20:43 - [MESSAGE][PASSED] - Object 'Object Repository/Page_Returned_Concantanated_Text/h1_Concantanated_Returned_Result' is visible

2019-11-26 09:20:43 - [TEST_STEP][PASSED] - delay(1): Delayed 1 second(s)

2019-11-26 09:20:44 - [MESSAGE][PASSED] - Delayed 1 second(s)

2019-11-26 09:20:44 - [TEST_STEP][PASSED] - verifyTextPresent(findTestData("searchTestData").getValue("tradeLocationVerification", row), false, CONTINUE_ON_FAILURE): Text 'Crown Thinning in Gosport' is present on page 

2019-11-26 09:20:46 - [MESSAGE][PASSED] - Text 'Crown Thinning in Gosport' is present on page 

2019-11-26 09:20:46 - [TEST_STEP][PASSED] - "Expected cantantenated text is Returned": null

2019-11-26 09:20:46 - [TEST_STEP][PASSED] - "--------------------------": null

2019-11-26 09:20:46 - [TEST_STEP][PASSED] - " Teardown - CLose Browser |": null

2019-11-26 09:20:46 - [TEST_STEP][PASSED] - callTestCase(findTestCase("Reusable_Test_Sequences/CAT_Teardown"), [:], OPTIONAL): Call Test Case 'Test Cases/Reusable_Test_Sequences/CAT_Teardown' successfully

2019-11-26 09:20:46 - [TEST_CASE][PASSED] - Test Cases/Reusable_Test_Sequences/CAT_Teardown: Test Cases/Reusable_Test_Sequences/CAT_Teardown

2019-11-26 09:20:46 - [TEST_STEP][PASSED] - closeBrowser(): Browser is closed

2019-11-26 09:20:48 - [MESSAGE][PASSED] - Browser is closed

2019-11-26 09:20:48 - [MESSAGE][INFO] - =================== Smart XPath Report =======================

2019-11-26 09:20:48 - [MESSAGE][INFO] - Refer to the link below to preview and approve auto healing on broken test objects.

2019-11-26 09:20:48 - [MESSAGE][INFO] - https://docs.katalon.com/katalon-studio/docs/auto-healing-smart-xpath.html

2019-11-26 09:20:48 - [MESSAGE][INFO] - ===============================================================

2019-11-26 09:20:48 - [MESSAGE][PASSED] - Call Test Case 'Test Cases/Reusable_Test_Sequences/CAT_Teardown' successfully

2019-11-26 09:20:48 - [TEST_STEP][PASSED] - callTestCase(findTestCase("Reusable_Test_Sequences/CAT_Setup"), [:], OPTIONAL): Call Test Case 'Test Cases/Reusable_Test_Sequences/CAT_Setup' successfully

2019-11-26 09:20:48 - [TEST_CASE][PASSED] - Test Cases/Reusable_Test_Sequences/CAT_Setup: Test Cases/Reusable_Test_Sequences/CAT_Setup

2019-11-26 09:20:48 - [TEST_STEP][PASSED] - "URL - Set from the ENVIRONMENT PROFILE ": null

2019-11-26 09:20:48 - [TEST_STEP][PASSED] - openBrowser(URL): Browser is opened with url: 'https://www.preview.checkatrade.com/'

2019-11-26 09:20:48 - [MESSAGE][INFO] - Starting 'Firefox (headless)' driver

2019-11-26 09:20:53 - [MESSAGE][PASSED] - Browser is opened with url: 'https://www.preview.checkatrade.com/'

2019-11-26 09:20:53 - [TEST_STEP][PASSED] - maximizeWindow(): Current window maximized

2019-11-26 09:20:53 - [MESSAGE][PASSED] - Current window maximized

2019-11-26 09:20:53 - [TEST_STEP][PASSED] - waitForPageLoad(60): Wait for page load successfully

2019-11-26 09:20:53 - [MESSAGE][PASSED] - Wait for page load successfully

2019-11-26 09:20:53 - [TEST_STEP][PASSED] - waitForElementVisible(findTestObject("Page_Checkatrade Find a tradesperson you can trust/a_Search"), 25): Object 'Object Repository/Page_Checkatrade Find a tradesperson you can trust/a_Search' is visible

2019-11-26 09:20:53 - [MESSAGE][PASSED] - Object 'Object Repository/Page_Checkatrade Find a tradesperson you can trust/a_Search' is visible

2019-11-26 09:20:53 - [TEST_STEP][PASSED] - try: null

2019-11-26 09:20:53 - [TEST_STEP][PASSED] - if (verifyElementPresent(findTestObject("Page_Checkatrade Find a tradesperson you can trust/div_close"), 1, OPTIONAL)): null

2019-11-26 09:20:53 - [MESSAGE][PASSED] - Object 'Object Repository/Page_Checkatrade Find a tradesperson you can trust/div_close' is present

2019-11-26 09:20:53 - [TEST_STEP][PASSED] - click(findTestObject("Page_Checkatrade Find a tradesperson you can trust/div_close")): Object: 'Object Repository/Page_Checkatrade Find a tradesperson you can trust/div_close' is clicked on

2019-11-26 09:20:53 - [MESSAGE][PASSED] - Object: 'Object Repository/Page_Checkatrade Find a tradesperson you can trust/div_close' is clicked on

2019-11-26 09:20:53 - [TEST_STEP][PASSED] - "---------------------------------": null

2019-11-26 09:20:53 - [TEST_STEP][PASSED] - "COOKIE POPOUT REMOVED - Confirmed": null

2019-11-26 09:20:53 - [TEST_STEP][PASSED] - delay(1): Delayed 1 second(s)

2019-11-26 09:20:54 - [MESSAGE][PASSED] - Delayed 1 second(s)

2019-11-26 09:20:54 - [TEST_STEP][PASSED] - verifyTextNotPresent("Checkatrade.com uses cookies to make sure you get the best browsing experience", false): Text 'Checkatrade.com uses cookies to make sure you get the best browsing experience' is not present on page

2019-11-26 09:20:55 - [MESSAGE][PASSED] - Text 'Checkatrade.com uses cookies to make sure you get the best browsing experience' is not present on page

2019-11-26 09:20:55 - [TEST_STEP][PASSED] - try: null

2019-11-26 09:20:55 - [TEST_STEP][PASSED] - if (verifyElementPresent(findTestObject("Page_Checkatrade Find a tradesperson you can trust/div_close_1"), 1, OPTIONAL)): null

2019-11-26 09:20:55 - [MESSAGE][PASSED] - Object 'Object Repository/Page_Checkatrade Find a tradesperson you can trust/div_close_1' is present

2019-11-26 09:20:55 - [TEST_STEP][PASSED] - click(findTestObject("Page_Checkatrade Find a tradesperson you can trust/div_close_1")): Object: 'Object Repository/Page_Checkatrade Find a tradesperson you can trust/div_close_1' is clicked on

2019-11-26 09:20:55 - [MESSAGE][PASSED] - Object: 'Object Repository/Page_Checkatrade Find a tradesperson you can trust/div_close_1' is clicked on

2019-11-26 09:20:55 - [TEST_STEP][PASSED] - "---------------------------------": null

2019-11-26 09:20:55 - [TEST_STEP][PASSED] - "PRIVACY POPOUT REMOVED - Confirmed": null

2019-11-26 09:20:55 - [TEST_STEP][PASSED] - delay(1): Delayed 1 second(s)

2019-11-26 09:20:56 - [MESSAGE][PASSED] - Delayed 1 second(s)

2019-11-26 09:20:56 - [TEST_STEP][PASSED] - verifyTextNotPresent("We have updated our Privacy Policy, please review this", false): Text 'We have updated our Privacy Policy, please review this' is not present on page

2019-11-26 09:20:56 - [MESSAGE][PASSED] - Text 'We have updated our Privacy Policy, please review this' is not present on page

2019-11-26 09:20:56 - [MESSAGE][INFO] - =================== Smart XPath Report =======================

2019-11-26 09:20:56 - [MESSAGE][INFO] - Refer to the link below to preview and approve auto healing on broken test objects.

2019-11-26 09:20:56 - [MESSAGE][INFO] - https://docs.katalon.com/katalon-studio/docs/auto-healing-smart-xpath.html

2019-11-26 09:20:56 - [MESSAGE][INFO] - ===============================================================

2019-11-26 09:20:56 - [MESSAGE][PASSED] - Call Test Case 'Test Cases/Reusable_Test_Sequences/CAT_Setup' successfully

2019-11-26 09:20:56 - [TEST_STEP][PASSED] - " ALTERNATIVE SCREEN RESOLUTION SELECTION METHOD": null

2019-11-26 09:20:56 - [TEST_STEP][PASSED] - " ACTUAL SCREEN RESOLUTION SELECTION METHOD USED": null

2019-11-26 09:20:56 - [TEST_STEP][PASSED] - XCOORD = Integer.parseInt(findTestData("searchTestData").getValue("X_COORD", row)): null

2019-11-26 09:20:56 - [TEST_STEP][PASSED] - YCOORD = Integer.parseInt(findTestData("searchTestData").getValue("Y_COORD", row)): null

2019-11-26 09:20:56 - [TEST_STEP][PASSED] - setViewPortSize(XCOORD, YCOORD): Viewport is set to new size with width = 400 and height = 600

2019-11-26 09:20:56 - [MESSAGE][PASSED] - Viewport is set to new size with width = 400 and height = 600

2019-11-26 09:20:56 - [TEST_STEP][PASSED] - waitForPageLoad(60): Wait for page load successfully

2019-11-26 09:20:56 - [MESSAGE][PASSED] - Wait for page load successfully

2019-11-26 09:20:56 - [TEST_STEP][PASSED] - out.println("Set View Port Size is currently SET to X AXIS " + XCOORD + " Y AXIS " + YCOORD): null

2019-11-26 09:20:56 - [TEST_STEP][PASSED] - setText(findTestObject("Page_Checkatrade Find a tradesperson you can trust/input_Search through"), findTestData("searchTestData").getValue("tradeClassification", row)): Text 'Tree Surgeon' is set on object 'Object Repository/Page_Checkatrade Find a tradesperson you can trust/input_Search through'

2019-11-26 09:20:56 - [MESSAGE][PASSED] - Text 'Tree Surgeon' is set on object 'Object Repository/Page_Checkatrade Find a tradesperson you can trust/input_Search through'

2019-11-26 09:20:56 - [TEST_STEP][PASSED] - waitForPageLoad(60): Wait for page load successfully

2019-11-26 09:20:56 - [MESSAGE][PASSED] - Wait for page load successfully

2019-11-26 09:20:56 - [TEST_STEP][PASSED] - "Set and SEARCH SELECTED LOCATION": null

2019-11-26 09:20:56 - [TEST_STEP][PASSED] - setText(findTestObject("Object Repository/Checkatrade_Trade_Search_Page/Page_Checkatrade Find a tradesperson you can trust/input_location"), findTestData("searchTestData").getValue("tradeLocation", row)): Text 'PO12 2HE' is set on object 'Object Repository/Checkatrade_Trade_Search_Page/Page_Checkatrade Find a tradesperson you can trust/input_location'

2019-11-26 09:20:57 - [MESSAGE][PASSED] - Text 'PO12 2HE' is set on object 'Object Repository/Checkatrade_Trade_Search_Page/Page_Checkatrade Find a tradesperson you can trust/input_location'

2019-11-26 09:20:57 - [TEST_STEP][PASSED] - waitForPageLoad(60): Wait for page load successfully

2019-11-26 09:20:57 - [MESSAGE][PASSED] - Wait for page load successfully

2019-11-26 09:20:57 - [TEST_STEP][PASSED] - scrollToElement(findTestObject("Object Repository/Checkatrade_Trade_Search_Page/Page_Checkatrade Find a tradesperson you can trust/a_Search"), 5): Scroll to object 'Object Repository/Checkatrade_Trade_Search_Page/Page_Checkatrade Find a tradesperson you can trust/a_Search' successfully

2019-11-26 09:20:57 - [MESSAGE][PASSED] - Scroll to object 'Object Repository/Checkatrade_Trade_Search_Page/Page_Checkatrade Find a tradesperson you can trust/a_Search' successfully

2019-11-26 09:20:57 - [TEST_STEP][PASSED] - waitForPageLoad(60): Wait for page load successfully

2019-11-26 09:20:57 - [MESSAGE][PASSED] - Wait for page load successfully

2019-11-26 09:20:57 - [TEST_STEP][PASSED] - "-------------": null

2019-11-26 09:20:57 - [TEST_STEP][PASSED] - doubleClick(findTestObject("Object Repository/Checkatrade_Trade_Search_Page/Page_Checkatrade Find a tradesperson you can trust/a_Search")): Object: 'Object Repository/Checkatrade_Trade_Search_Page/Page_Checkatrade Find a tradesperson you can trust/a_Search' is double clicked on

2019-11-26 09:20:57 - [MESSAGE][PASSED] - Object: 'Object Repository/Checkatrade_Trade_Search_Page/Page_Checkatrade Find a tradesperson you can trust/a_Search' is double clicked on

2019-11-26 09:20:57 - [TEST_STEP][PASSED] - waitForPageLoad(60): Wait for page load successfully

2019-11-26 09:20:57 - [MESSAGE][PASSED] - Wait for page load successfully

2019-11-26 09:20:57 - [TEST_STEP][PASSED] - scrollToElement(findTestObject("Object Repository/Page_Returned_Concantanated_Text/h1_Concantanated_Returned_Result"), 5): Scroll to object 'Object Repository/Page_Returned_Concantanated_Text/h1_Concantanated_Returned_Result' successfully

2019-11-26 09:21:00 - [MESSAGE][PASSED] - Scroll to object 'Object Repository/Page_Returned_Concantanated_Text/h1_Concantanated_Returned_Result' successfully

2019-11-26 09:21:00 - [TEST_STEP][PASSED] - waitForElementVisible(findTestObject("Object Repository/Page_Returned_Concantanated_Text/h1_Concantanated_Returned_Result"), 5): Object 'Object Repository/Page_Returned_Concantanated_Text/h1_Concantanated_Returned_Result' is visible

2019-11-26 09:21:01 - [MESSAGE][PASSED] - Object 'Object Repository/Page_Returned_Concantanated_Text/h1_Concantanated_Returned_Result' is visible

2019-11-26 09:21:01 - [TEST_STEP][PASSED] - delay(1): Delayed 1 second(s)

2019-11-26 09:21:02 - [MESSAGE][PASSED] - Delayed 1 second(s)

2019-11-26 09:21:02 - [TEST_STEP][PASSED] - verifyTextPresent(findTestData("searchTestData").getValue("tradeLocationVerification", row), false, CONTINUE_ON_FAILURE): Text 'Crown Thinning in PO12 2HE' is present on page 

2019-11-26 09:21:04 - [MESSAGE][PASSED] - Text 'Crown Thinning in PO12 2HE' is present on page 

2019-11-26 09:21:04 - [TEST_STEP][PASSED] - "Expected cantantenated text is Returned": null

2019-11-26 09:21:04 - [TEST_STEP][PASSED] - "--------------------------": null

2019-11-26 09:21:04 - [TEST_STEP][PASSED] - " Teardown - CLose Browser |": null

2019-11-26 09:21:04 - [TEST_STEP][PASSED] - callTestCase(findTestCase("Reusable_Test_Sequences/CAT_Teardown"), [:], OPTIONAL): Call Test Case 'Test Cases/Reusable_Test_Sequences/CAT_Teardown' successfully

2019-11-26 09:21:04 - [TEST_CASE][PASSED] - Test Cases/Reusable_Test_Sequences/CAT_Teardown: Test Cases/Reusable_Test_Sequences/CAT_Teardown

2019-11-26 09:21:04 - [TEST_STEP][PASSED] - closeBrowser(): Browser is closed

2019-11-26 09:21:05 - [MESSAGE][PASSED] - Browser is closed

2019-11-26 09:21:05 - [MESSAGE][INFO] - =================== Smart XPath Report =======================

2019-11-26 09:21:05 - [MESSAGE][INFO] - Refer to the link below to preview and approve auto healing on broken test objects.

2019-11-26 09:21:05 - [MESSAGE][INFO] - https://docs.katalon.com/katalon-studio/docs/auto-healing-smart-xpath.html

2019-11-26 09:21:05 - [MESSAGE][INFO] - ===============================================================

2019-11-26 09:21:05 - [MESSAGE][PASSED] - Call Test Case 'Test Cases/Reusable_Test_Sequences/CAT_Teardown' successfully

2019-11-26 09:21:05 - [TEST_STEP][PASSED] - callTestCase(findTestCase("Reusable_Test_Sequences/CAT_Setup"), [:], OPTIONAL): Call Test Case 'Test Cases/Reusable_Test_Sequences/CAT_Setup' successfully

2019-11-26 09:21:05 - [TEST_CASE][PASSED] - Test Cases/Reusable_Test_Sequences/CAT_Setup: Test Cases/Reusable_Test_Sequences/CAT_Setup

2019-11-26 09:21:05 - [TEST_STEP][PASSED] - "URL - Set from the ENVIRONMENT PROFILE ": null

2019-11-26 09:21:05 - [TEST_STEP][PASSED] - openBrowser(URL): Browser is opened with url: 'https://www.preview.checkatrade.com/'

2019-11-26 09:21:05 - [MESSAGE][INFO] - Starting 'Firefox (headless)' driver

2019-11-26 09:21:11 - [MESSAGE][PASSED] - Browser is opened with url: 'https://www.preview.checkatrade.com/'

2019-11-26 09:21:11 - [TEST_STEP][PASSED] - maximizeWindow(): Current window maximized

2019-11-26 09:21:11 - [MESSAGE][PASSED] - Current window maximized

2019-11-26 09:21:11 - [TEST_STEP][PASSED] - waitForPageLoad(60): Wait for page load successfully

2019-11-26 09:21:11 - [MESSAGE][PASSED] - Wait for page load successfully

2019-11-26 09:21:11 - [TEST_STEP][PASSED] - waitForElementVisible(findTestObject("Page_Checkatrade Find a tradesperson you can trust/a_Search"), 25): Object 'Object Repository/Page_Checkatrade Find a tradesperson you can trust/a_Search' is visible

2019-11-26 09:21:11 - [MESSAGE][PASSED] - Object 'Object Repository/Page_Checkatrade Find a tradesperson you can trust/a_Search' is visible

2019-11-26 09:21:11 - [TEST_STEP][PASSED] - try: null

2019-11-26 09:21:11 - [TEST_STEP][PASSED] - if (verifyElementPresent(findTestObject("Page_Checkatrade Find a tradesperson you can trust/div_close"), 1, OPTIONAL)): null

2019-11-26 09:21:11 - [MESSAGE][PASSED] - Object 'Object Repository/Page_Checkatrade Find a tradesperson you can trust/div_close' is present

2019-11-26 09:21:11 - [TEST_STEP][PASSED] - click(findTestObject("Page_Checkatrade Find a tradesperson you can trust/div_close")): Object: 'Object Repository/Page_Checkatrade Find a tradesperson you can trust/div_close' is clicked on

2019-11-26 09:21:11 - [MESSAGE][PASSED] - Object: 'Object Repository/Page_Checkatrade Find a tradesperson you can trust/div_close' is clicked on

2019-11-26 09:21:11 - [TEST_STEP][PASSED] - "---------------------------------": null

2019-11-26 09:21:11 - [TEST_STEP][PASSED] - "COOKIE POPOUT REMOVED - Confirmed": null

2019-11-26 09:21:11 - [TEST_STEP][PASSED] - delay(1): Delayed 1 second(s)

2019-11-26 09:21:12 - [MESSAGE][PASSED] - Delayed 1 second(s)

2019-11-26 09:21:12 - [TEST_STEP][PASSED] - verifyTextNotPresent("Checkatrade.com uses cookies to make sure you get the best browsing experience", false): Text 'Checkatrade.com uses cookies to make sure you get the best browsing experience' is not present on page

2019-11-26 09:21:13 - [MESSAGE][PASSED] - Text 'Checkatrade.com uses cookies to make sure you get the best browsing experience' is not present on page

2019-11-26 09:21:13 - [TEST_STEP][PASSED] - try: null

2019-11-26 09:21:13 - [TEST_STEP][PASSED] - if (verifyElementPresent(findTestObject("Page_Checkatrade Find a tradesperson you can trust/div_close_1"), 1, OPTIONAL)): null

2019-11-26 09:21:13 - [MESSAGE][PASSED] - Object 'Object Repository/Page_Checkatrade Find a tradesperson you can trust/div_close_1' is present

2019-11-26 09:21:13 - [TEST_STEP][PASSED] - click(findTestObject("Page_Checkatrade Find a tradesperson you can trust/div_close_1")): Object: 'Object Repository/Page_Checkatrade Find a tradesperson you can trust/div_close_1' is clicked on

2019-11-26 09:21:13 - [MESSAGE][PASSED] - Object: 'Object Repository/Page_Checkatrade Find a tradesperson you can trust/div_close_1' is clicked on

2019-11-26 09:21:13 - [TEST_STEP][PASSED] - "---------------------------------": null

2019-11-26 09:21:13 - [TEST_STEP][PASSED] - "PRIVACY POPOUT REMOVED - Confirmed": null

2019-11-26 09:21:13 - [TEST_STEP][PASSED] - delay(1): Delayed 1 second(s)

2019-11-26 09:21:14 - [MESSAGE][PASSED] - Delayed 1 second(s)

2019-11-26 09:21:14 - [TEST_STEP][PASSED] - verifyTextNotPresent("We have updated our Privacy Policy, please review this", false): Text 'We have updated our Privacy Policy, please review this' is not present on page

2019-11-26 09:21:14 - [MESSAGE][PASSED] - Text 'We have updated our Privacy Policy, please review this' is not present on page

2019-11-26 09:21:14 - [MESSAGE][INFO] - =================== Smart XPath Report =======================

2019-11-26 09:21:14 - [MESSAGE][INFO] - Refer to the link below to preview and approve auto healing on broken test objects.

2019-11-26 09:21:14 - [MESSAGE][INFO] - https://docs.katalon.com/katalon-studio/docs/auto-healing-smart-xpath.html

2019-11-26 09:21:14 - [MESSAGE][INFO] - ===============================================================

2019-11-26 09:21:14 - [MESSAGE][PASSED] - Call Test Case 'Test Cases/Reusable_Test_Sequences/CAT_Setup' successfully

2019-11-26 09:21:14 - [TEST_STEP][PASSED] - " ALTERNATIVE SCREEN RESOLUTION SELECTION METHOD": null

2019-11-26 09:21:14 - [TEST_STEP][PASSED] - " ACTUAL SCREEN RESOLUTION SELECTION METHOD USED": null

2019-11-26 09:21:14 - [TEST_STEP][PASSED] - XCOORD = Integer.parseInt(findTestData("searchTestData").getValue("X_COORD", row)): null

2019-11-26 09:21:14 - [TEST_STEP][PASSED] - YCOORD = Integer.parseInt(findTestData("searchTestData").getValue("Y_COORD", row)): null

2019-11-26 09:21:14 - [TEST_STEP][PASSED] - setViewPortSize(XCOORD, YCOORD): Viewport is set to new size with width = 500 and height = 700

2019-11-26 09:21:14 - [MESSAGE][PASSED] - Viewport is set to new size with width = 500 and height = 700

2019-11-26 09:21:14 - [TEST_STEP][PASSED] - waitForPageLoad(60): Wait for page load successfully

2019-11-26 09:21:14 - [MESSAGE][PASSED] - Wait for page load successfully

2019-11-26 09:21:14 - [TEST_STEP][PASSED] - out.println("Set View Port Size is currently SET to X AXIS " + XCOORD + " Y AXIS " + YCOORD): null

2019-11-26 09:21:14 - [TEST_STEP][PASSED] - setText(findTestObject("Page_Checkatrade Find a tradesperson you can trust/input_Search through"), findTestData("searchTestData").getValue("tradeClassification", row)): Text 'Electrician' is set on object 'Object Repository/Page_Checkatrade Find a tradesperson you can trust/input_Search through'

2019-11-26 09:21:15 - [MESSAGE][PASSED] - Text 'Electrician' is set on object 'Object Repository/Page_Checkatrade Find a tradesperson you can trust/input_Search through'

2019-11-26 09:21:15 - [TEST_STEP][PASSED] - waitForPageLoad(60): Wait for page load successfully

2019-11-26 09:21:15 - [MESSAGE][PASSED] - Wait for page load successfully

2019-11-26 09:21:15 - [TEST_STEP][PASSED] - "Set and SEARCH SELECTED LOCATION": null

2019-11-26 09:21:15 - [TEST_STEP][PASSED] - setText(findTestObject("Object Repository/Checkatrade_Trade_Search_Page/Page_Checkatrade Find a tradesperson you can trust/input_location"), findTestData("searchTestData").getValue("tradeLocation", row)): Text 'Orkney' is set on object 'Object Repository/Checkatrade_Trade_Search_Page/Page_Checkatrade Find a tradesperson you can trust/input_location'

2019-11-26 09:21:15 - [MESSAGE][PASSED] - Text 'Orkney' is set on object 'Object Repository/Checkatrade_Trade_Search_Page/Page_Checkatrade Find a tradesperson you can trust/input_location'

2019-11-26 09:21:15 - [TEST_STEP][PASSED] - waitForPageLoad(60): Wait for page load successfully

2019-11-26 09:21:15 - [MESSAGE][PASSED] - Wait for page load successfully

2019-11-26 09:21:15 - [TEST_STEP][PASSED] - scrollToElement(findTestObject("Object Repository/Checkatrade_Trade_Search_Page/Page_Checkatrade Find a tradesperson you can trust/a_Search"), 5): Scroll to object 'Object Repository/Checkatrade_Trade_Search_Page/Page_Checkatrade Find a tradesperson you can trust/a_Search' successfully

2019-11-26 09:21:15 - [MESSAGE][PASSED] - Scroll to object 'Object Repository/Checkatrade_Trade_Search_Page/Page_Checkatrade Find a tradesperson you can trust/a_Search' successfully

2019-11-26 09:21:15 - [TEST_STEP][PASSED] - waitForPageLoad(60): Wait for page load successfully

2019-11-26 09:21:15 - [MESSAGE][PASSED] - Wait for page load successfully

2019-11-26 09:21:15 - [TEST_STEP][PASSED] - "-------------": null

2019-11-26 09:21:15 - [TEST_STEP][PASSED] - doubleClick(findTestObject("Object Repository/Checkatrade_Trade_Search_Page/Page_Checkatrade Find a tradesperson you can trust/a_Search")): Object: 'Object Repository/Checkatrade_Trade_Search_Page/Page_Checkatrade Find a tradesperson you can trust/a_Search' is double clicked on

2019-11-26 09:21:15 - [MESSAGE][PASSED] - Object: 'Object Repository/Checkatrade_Trade_Search_Page/Page_Checkatrade Find a tradesperson you can trust/a_Search' is double clicked on

2019-11-26 09:21:15 - [TEST_STEP][PASSED] - waitForPageLoad(60): Wait for page load successfully

2019-11-26 09:21:15 - [MESSAGE][PASSED] - Wait for page load successfully

2019-11-26 09:21:15 - [TEST_STEP][PASSED] - scrollToElement(findTestObject("Object Repository/Page_Returned_Concantanated_Text/h1_Concantanated_Returned_Result"), 5): Scroll to object 'Object Repository/Page_Returned_Concantanated_Text/h1_Concantanated_Returned_Result' successfully

2019-11-26 09:21:21 - [MESSAGE][PASSED] - Scroll to object 'Object Repository/Page_Returned_Concantanated_Text/h1_Concantanated_Returned_Result' successfully

2019-11-26 09:21:21 - [TEST_STEP][PASSED] - waitForElementVisible(findTestObject("Object Repository/Page_Returned_Concantanated_Text/h1_Concantanated_Returned_Result"), 5): Object 'Object Repository/Page_Returned_Concantanated_Text/h1_Concantanated_Returned_Result' is visible

2019-11-26 09:21:21 - [MESSAGE][PASSED] - Object 'Object Repository/Page_Returned_Concantanated_Text/h1_Concantanated_Returned_Result' is visible

2019-11-26 09:21:21 - [TEST_STEP][PASSED] - delay(1): Delayed 1 second(s)

2019-11-26 09:21:22 - [MESSAGE][PASSED] - Delayed 1 second(s)

2019-11-26 09:21:22 - [TEST_STEP][PASSED] - verifyTextPresent(findTestData("searchTestData").getValue("tradeLocationVerification", row), false, CONTINUE_ON_FAILURE): Text 'Electric Boiler Repairs in Orkney' is present on page 

2019-11-26 09:21:23 - [MESSAGE][PASSED] - Text 'Electric Boiler Repairs in Orkney' is present on page 

2019-11-26 09:21:23 - [TEST_STEP][PASSED] - "Expected cantantenated text is Returned": null

2019-11-26 09:21:23 - [TEST_STEP][PASSED] - "--------------------------": null

2019-11-26 09:21:23 - [TEST_STEP][PASSED] - " Teardown - CLose Browser |": null

2019-11-26 09:21:23 - [TEST_STEP][PASSED] - callTestCase(findTestCase("Reusable_Test_Sequences/CAT_Teardown"), [:], OPTIONAL): Call Test Case 'Test Cases/Reusable_Test_Sequences/CAT_Teardown' successfully

2019-11-26 09:21:23 - [TEST_CASE][PASSED] - Test Cases/Reusable_Test_Sequences/CAT_Teardown: Test Cases/Reusable_Test_Sequences/CAT_Teardown

2019-11-26 09:21:23 - [TEST_STEP][PASSED] - closeBrowser(): Browser is closed

2019-11-26 09:21:25 - [MESSAGE][PASSED] - Browser is closed

2019-11-26 09:21:25 - [MESSAGE][INFO] - =================== Smart XPath Report =======================

2019-11-26 09:21:25 - [MESSAGE][INFO] - Refer to the link below to preview and approve auto healing on broken test objects.

2019-11-26 09:21:25 - [MESSAGE][INFO] - https://docs.katalon.com/katalon-studio/docs/auto-healing-smart-xpath.html

2019-11-26 09:21:25 - [MESSAGE][INFO] - ===============================================================

2019-11-26 09:21:25 - [MESSAGE][PASSED] - Call Test Case 'Test Cases/Reusable_Test_Sequences/CAT_Teardown' successfully

2019-11-26 09:21:25 - [TEST_STEP][PASSED] - callTestCase(findTestCase("Reusable_Test_Sequences/CAT_Setup"), [:], OPTIONAL): Call Test Case 'Test Cases/Reusable_Test_Sequences/CAT_Setup' successfully

2019-11-26 09:21:25 - [TEST_CASE][PASSED] - Test Cases/Reusable_Test_Sequences/CAT_Setup: Test Cases/Reusable_Test_Sequences/CAT_Setup

2019-11-26 09:21:25 - [TEST_STEP][PASSED] - "URL - Set from the ENVIRONMENT PROFILE ": null

2019-11-26 09:21:25 - [TEST_STEP][PASSED] - openBrowser(URL): Browser is opened with url: 'https://www.preview.checkatrade.com/'

2019-11-26 09:21:25 - [MESSAGE][INFO] - Starting 'Firefox (headless)' driver

2019-11-26 09:21:30 - [MESSAGE][PASSED] - Browser is opened with url: 'https://www.preview.checkatrade.com/'

2019-11-26 09:21:30 - [TEST_STEP][PASSED] - maximizeWindow(): Current window maximized

2019-11-26 09:21:30 - [MESSAGE][PASSED] - Current window maximized

2019-11-26 09:21:30 - [TEST_STEP][PASSED] - waitForPageLoad(60): Wait for page load successfully

2019-11-26 09:21:30 - [MESSAGE][PASSED] - Wait for page load successfully

2019-11-26 09:21:30 - [TEST_STEP][PASSED] - waitForElementVisible(findTestObject("Page_Checkatrade Find a tradesperson you can trust/a_Search"), 25): Object 'Object Repository/Page_Checkatrade Find a tradesperson you can trust/a_Search' is visible

2019-11-26 09:21:30 - [MESSAGE][PASSED] - Object 'Object Repository/Page_Checkatrade Find a tradesperson you can trust/a_Search' is visible

2019-11-26 09:21:30 - [TEST_STEP][PASSED] - try: null

2019-11-26 09:21:30 - [TEST_STEP][PASSED] - if (verifyElementPresent(findTestObject("Page_Checkatrade Find a tradesperson you can trust/div_close"), 1, OPTIONAL)): null

2019-11-26 09:21:30 - [MESSAGE][PASSED] - Object 'Object Repository/Page_Checkatrade Find a tradesperson you can trust/div_close' is present

2019-11-26 09:21:30 - [TEST_STEP][PASSED] - click(findTestObject("Page_Checkatrade Find a tradesperson you can trust/div_close")): Object: 'Object Repository/Page_Checkatrade Find a tradesperson you can trust/div_close' is clicked on

2019-11-26 09:21:31 - [MESSAGE][PASSED] - Object: 'Object Repository/Page_Checkatrade Find a tradesperson you can trust/div_close' is clicked on

2019-11-26 09:21:31 - [TEST_STEP][PASSED] - "---------------------------------": null

2019-11-26 09:21:31 - [TEST_STEP][PASSED] - "COOKIE POPOUT REMOVED - Confirmed": null

2019-11-26 09:21:31 - [TEST_STEP][PASSED] - delay(1): Delayed 1 second(s)

2019-11-26 09:21:32 - [MESSAGE][PASSED] - Delayed 1 second(s)

2019-11-26 09:21:32 - [TEST_STEP][PASSED] - verifyTextNotPresent("Checkatrade.com uses cookies to make sure you get the best browsing experience", false): Text 'Checkatrade.com uses cookies to make sure you get the best browsing experience' is not present on page

2019-11-26 09:21:32 - [MESSAGE][PASSED] - Text 'Checkatrade.com uses cookies to make sure you get the best browsing experience' is not present on page

2019-11-26 09:21:32 - [TEST_STEP][PASSED] - try: null

2019-11-26 09:21:32 - [TEST_STEP][PASSED] - if (verifyElementPresent(findTestObject("Page_Checkatrade Find a tradesperson you can trust/div_close_1"), 1, OPTIONAL)): null

2019-11-26 09:21:32 - [MESSAGE][PASSED] - Object 'Object Repository/Page_Checkatrade Find a tradesperson you can trust/div_close_1' is present

2019-11-26 09:21:32 - [TEST_STEP][PASSED] - click(findTestObject("Page_Checkatrade Find a tradesperson you can trust/div_close_1")): Object: 'Object Repository/Page_Checkatrade Find a tradesperson you can trust/div_close_1' is clicked on

2019-11-26 09:21:32 - [MESSAGE][PASSED] - Object: 'Object Repository/Page_Checkatrade Find a tradesperson you can trust/div_close_1' is clicked on

2019-11-26 09:21:32 - [TEST_STEP][PASSED] - "---------------------------------": null

2019-11-26 09:21:32 - [TEST_STEP][PASSED] - "PRIVACY POPOUT REMOVED - Confirmed": null

2019-11-26 09:21:32 - [TEST_STEP][PASSED] - delay(1): Delayed 1 second(s)

2019-11-26 09:21:33 - [MESSAGE][PASSED] - Delayed 1 second(s)

2019-11-26 09:21:33 - [TEST_STEP][PASSED] - verifyTextNotPresent("We have updated our Privacy Policy, please review this", false): Text 'We have updated our Privacy Policy, please review this' is not present on page

2019-11-26 09:21:34 - [MESSAGE][PASSED] - Text 'We have updated our Privacy Policy, please review this' is not present on page

2019-11-26 09:21:34 - [MESSAGE][INFO] - =================== Smart XPath Report =======================

2019-11-26 09:21:34 - [MESSAGE][INFO] - Refer to the link below to preview and approve auto healing on broken test objects.

2019-11-26 09:21:34 - [MESSAGE][INFO] - https://docs.katalon.com/katalon-studio/docs/auto-healing-smart-xpath.html

2019-11-26 09:21:34 - [MESSAGE][INFO] - ===============================================================

2019-11-26 09:21:34 - [MESSAGE][PASSED] - Call Test Case 'Test Cases/Reusable_Test_Sequences/CAT_Setup' successfully

2019-11-26 09:21:34 - [TEST_STEP][PASSED] - " ALTERNATIVE SCREEN RESOLUTION SELECTION METHOD": null

2019-11-26 09:21:34 - [TEST_STEP][PASSED] - " ACTUAL SCREEN RESOLUTION SELECTION METHOD USED": null

2019-11-26 09:21:34 - [TEST_STEP][PASSED] - XCOORD = Integer.parseInt(findTestData("searchTestData").getValue("X_COORD", row)): null

2019-11-26 09:21:34 - [TEST_STEP][PASSED] - YCOORD = Integer.parseInt(findTestData("searchTestData").getValue("Y_COORD", row)): null

2019-11-26 09:21:34 - [TEST_STEP][PASSED] - setViewPortSize(XCOORD, YCOORD): Viewport is set to new size with width = 700 and height = 900

2019-11-26 09:21:34 - [MESSAGE][PASSED] - Viewport is set to new size with width = 700 and height = 900

2019-11-26 09:21:34 - [TEST_STEP][PASSED] - waitForPageLoad(60): Wait for page load successfully

2019-11-26 09:21:34 - [MESSAGE][PASSED] - Wait for page load successfully

2019-11-26 09:21:34 - [TEST_STEP][PASSED] - out.println("Set View Port Size is currently SET to X AXIS " + XCOORD + " Y AXIS " + YCOORD): null

2019-11-26 09:21:34 - [TEST_STEP][PASSED] - setText(findTestObject("Page_Checkatrade Find a tradesperson you can trust/input_Search through"), findTestData("searchTestData").getValue("tradeClassification", row)): Text 'Diagnostic Testing' is set on object 'Object Repository/Page_Checkatrade Find a tradesperson you can trust/input_Search through'

2019-11-26 09:21:34 - [MESSAGE][PASSED] - Text 'Diagnostic Testing' is set on object 'Object Repository/Page_Checkatrade Find a tradesperson you can trust/input_Search through'

2019-11-26 09:21:34 - [TEST_STEP][PASSED] - waitForPageLoad(60): Wait for page load successfully

2019-11-26 09:21:34 - [MESSAGE][PASSED] - Wait for page load successfully

2019-11-26 09:21:34 - [TEST_STEP][PASSED] - "Set and SEARCH SELECTED LOCATION": null

2019-11-26 09:21:34 - [TEST_STEP][PASSED] - setText(findTestObject("Object Repository/Checkatrade_Trade_Search_Page/Page_Checkatrade Find a tradesperson you can trust/input_location"), findTestData("searchTestData").getValue("tradeLocation", row)): Text 'Angmering' is set on object 'Object Repository/Checkatrade_Trade_Search_Page/Page_Checkatrade Find a tradesperson you can trust/input_location'

2019-11-26 09:21:34 - [MESSAGE][PASSED] - Text 'Angmering' is set on object 'Object Repository/Checkatrade_Trade_Search_Page/Page_Checkatrade Find a tradesperson you can trust/input_location'

2019-11-26 09:21:34 - [TEST_STEP][PASSED] - waitForPageLoad(60): Wait for page load successfully

2019-11-26 09:21:34 - [MESSAGE][PASSED] - Wait for page load successfully

2019-11-26 09:21:34 - [TEST_STEP][PASSED] - scrollToElement(findTestObject("Object Repository/Checkatrade_Trade_Search_Page/Page_Checkatrade Find a tradesperson you can trust/a_Search"), 5): Scroll to object 'Object Repository/Checkatrade_Trade_Search_Page/Page_Checkatrade Find a tradesperson you can trust/a_Search' successfully

2019-11-26 09:21:34 - [MESSAGE][PASSED] - Scroll to object 'Object Repository/Checkatrade_Trade_Search_Page/Page_Checkatrade Find a tradesperson you can trust/a_Search' successfully

2019-11-26 09:21:34 - [TEST_STEP][PASSED] - waitForPageLoad(60): Wait for page load successfully

2019-11-26 09:21:34 - [MESSAGE][PASSED] - Wait for page load successfully

2019-11-26 09:21:34 - [TEST_STEP][PASSED] - "-------------": null

2019-11-26 09:21:34 - [TEST_STEP][PASSED] - doubleClick(findTestObject("Object Repository/Checkatrade_Trade_Search_Page/Page_Checkatrade Find a tradesperson you can trust/a_Search")): Object: 'Object Repository/Checkatrade_Trade_Search_Page/Page_Checkatrade Find a tradesperson you can trust/a_Search' is double clicked on

2019-11-26 09:21:34 - [MESSAGE][PASSED] - Object: 'Object Repository/Checkatrade_Trade_Search_Page/Page_Checkatrade Find a tradesperson you can trust/a_Search' is double clicked on

2019-11-26 09:21:34 - [TEST_STEP][PASSED] - waitForPageLoad(60): Wait for page load successfully

2019-11-26 09:21:34 - [MESSAGE][PASSED] - Wait for page load successfully

2019-11-26 09:21:34 - [TEST_STEP][PASSED] - scrollToElement(findTestObject("Object Repository/Page_Returned_Concantanated_Text/h1_Concantanated_Returned_Result"), 5): Scroll to object 'Object Repository/Page_Returned_Concantanated_Text/h1_Concantanated_Returned_Result' successfully

2019-11-26 09:21:37 - [MESSAGE][PASSED] - Scroll to object 'Object Repository/Page_Returned_Concantanated_Text/h1_Concantanated_Returned_Result' successfully

2019-11-26 09:21:37 - [TEST_STEP][PASSED] - waitForElementVisible(findTestObject("Object Repository/Page_Returned_Concantanated_Text/h1_Concantanated_Returned_Result"), 5): Object 'Object Repository/Page_Returned_Concantanated_Text/h1_Concantanated_Returned_Result' is visible

2019-11-26 09:21:38 - [MESSAGE][PASSED] - Object 'Object Repository/Page_Returned_Concantanated_Text/h1_Concantanated_Returned_Result' is visible

2019-11-26 09:21:38 - [TEST_STEP][PASSED] - delay(1): Delayed 1 second(s)

2019-11-26 09:21:39 - [MESSAGE][PASSED] - Delayed 1 second(s)

2019-11-26 09:21:39 - [TEST_STEP][PASSED] - verifyTextPresent(findTestData("searchTestData").getValue("tradeLocationVerification", row), false, CONTINUE_ON_FAILURE): Text 'Diagnostic Testing in Angmering' is present on page 

2019-11-26 09:21:40 - [MESSAGE][PASSED] - Text 'Diagnostic Testing in Angmering' is present on page 

2019-11-26 09:21:40 - [TEST_STEP][PASSED] - "Expected cantantenated text is Returned": null

2019-11-26 09:21:40 - [TEST_STEP][PASSED] - "--------------------------": null

2019-11-26 09:21:40 - [TEST_STEP][PASSED] - " Teardown - CLose Browser |": null

2019-11-26 09:21:40 - [TEST_STEP][PASSED] - callTestCase(findTestCase("Reusable_Test_Sequences/CAT_Teardown"), [:], OPTIONAL): Call Test Case 'Test Cases/Reusable_Test_Sequences/CAT_Teardown' successfully

2019-11-26 09:21:40 - [TEST_CASE][PASSED] - Test Cases/Reusable_Test_Sequences/CAT_Teardown: Test Cases/Reusable_Test_Sequences/CAT_Teardown

2019-11-26 09:21:40 - [TEST_STEP][PASSED] - closeBrowser(): Browser is closed

2019-11-26 09:21:42 - [MESSAGE][PASSED] - Browser is closed

2019-11-26 09:21:42 - [MESSAGE][INFO] - =================== Smart XPath Report =======================

2019-11-26 09:21:42 - [MESSAGE][INFO] - Refer to the link below to preview and approve auto healing on broken test objects.

2019-11-26 09:21:42 - [MESSAGE][INFO] - https://docs.katalon.com/katalon-studio/docs/auto-healing-smart-xpath.html

2019-11-26 09:21:42 - [MESSAGE][INFO] - ===============================================================

2019-11-26 09:21:42 - [MESSAGE][PASSED] - Call Test Case 'Test Cases/Reusable_Test_Sequences/CAT_Teardown' successfully

2019-11-26 09:21:42 - [TEST_STEP][PASSED] - callTestCase(findTestCase("Reusable_Test_Sequences/CAT_Setup"), [:], OPTIONAL): Call Test Case 'Test Cases/Reusable_Test_Sequences/CAT_Setup' successfully

2019-11-26 09:21:43 - [TEST_CASE][PASSED] - Test Cases/Reusable_Test_Sequences/CAT_Setup: Test Cases/Reusable_Test_Sequences/CAT_Setup

2019-11-26 09:21:43 - [TEST_STEP][PASSED] - "URL - Set from the ENVIRONMENT PROFILE ": null

2019-11-26 09:21:43 - [TEST_STEP][PASSED] - openBrowser(URL): Browser is opened with url: 'https://www.preview.checkatrade.com/'

2019-11-26 09:21:43 - [MESSAGE][INFO] - Starting 'Firefox (headless)' driver

2019-11-26 09:21:47 - [MESSAGE][PASSED] - Browser is opened with url: 'https://www.preview.checkatrade.com/'

2019-11-26 09:21:47 - [TEST_STEP][PASSED] - maximizeWindow(): Current window maximized

2019-11-26 09:21:47 - [MESSAGE][PASSED] - Current window maximized

2019-11-26 09:21:47 - [TEST_STEP][PASSED] - waitForPageLoad(60): Wait for page load successfully

2019-11-26 09:21:47 - [MESSAGE][PASSED] - Wait for page load successfully

2019-11-26 09:21:47 - [TEST_STEP][PASSED] - waitForElementVisible(findTestObject("Page_Checkatrade Find a tradesperson you can trust/a_Search"), 25): Object 'Object Repository/Page_Checkatrade Find a tradesperson you can trust/a_Search' is visible

2019-11-26 09:21:48 - [MESSAGE][PASSED] - Object 'Object Repository/Page_Checkatrade Find a tradesperson you can trust/a_Search' is visible

2019-11-26 09:21:48 - [TEST_STEP][PASSED] - try: null

2019-11-26 09:21:48 - [TEST_STEP][PASSED] - if (verifyElementPresent(findTestObject("Page_Checkatrade Find a tradesperson you can trust/div_close"), 1, OPTIONAL)): null

2019-11-26 09:21:48 - [MESSAGE][PASSED] - Object 'Object Repository/Page_Checkatrade Find a tradesperson you can trust/div_close' is present

2019-11-26 09:21:48 - [TEST_STEP][PASSED] - click(findTestObject("Page_Checkatrade Find a tradesperson you can trust/div_close")): Object: 'Object Repository/Page_Checkatrade Find a tradesperson you can trust/div_close' is clicked on

2019-11-26 09:21:48 - [MESSAGE][PASSED] - Object: 'Object Repository/Page_Checkatrade Find a tradesperson you can trust/div_close' is clicked on

2019-11-26 09:21:48 - [TEST_STEP][PASSED] - "---------------------------------": null

2019-11-26 09:21:48 - [TEST_STEP][PASSED] - "COOKIE POPOUT REMOVED - Confirmed": null

2019-11-26 09:21:48 - [TEST_STEP][PASSED] - delay(1): Delayed 1 second(s)

2019-11-26 09:21:49 - [MESSAGE][PASSED] - Delayed 1 second(s)

2019-11-26 09:21:49 - [TEST_STEP][PASSED] - verifyTextNotPresent("Checkatrade.com uses cookies to make sure you get the best browsing experience", false): Text 'Checkatrade.com uses cookies to make sure you get the best browsing experience' is not present on page

2019-11-26 09:21:49 - [MESSAGE][PASSED] - Text 'Checkatrade.com uses cookies to make sure you get the best browsing experience' is not present on page

2019-11-26 09:21:49 - [TEST_STEP][PASSED] - try: null

2019-11-26 09:21:49 - [TEST_STEP][PASSED] - if (verifyElementPresent(findTestObject("Page_Checkatrade Find a tradesperson you can trust/div_close_1"), 1, OPTIONAL)): null

2019-11-26 09:21:49 - [MESSAGE][PASSED] - Object 'Object Repository/Page_Checkatrade Find a tradesperson you can trust/div_close_1' is present

2019-11-26 09:21:49 - [TEST_STEP][PASSED] - click(findTestObject("Page_Checkatrade Find a tradesperson you can trust/div_close_1")): Object: 'Object Repository/Page_Checkatrade Find a tradesperson you can trust/div_close_1' is clicked on

2019-11-26 09:21:50 - [MESSAGE][PASSED] - Object: 'Object Repository/Page_Checkatrade Find a tradesperson you can trust/div_close_1' is clicked on

2019-11-26 09:21:50 - [TEST_STEP][PASSED] - "---------------------------------": null

2019-11-26 09:21:50 - [TEST_STEP][PASSED] - "PRIVACY POPOUT REMOVED - Confirmed": null

2019-11-26 09:21:50 - [TEST_STEP][PASSED] - delay(1): Delayed 1 second(s)

2019-11-26 09:21:51 - [MESSAGE][PASSED] - Delayed 1 second(s)

2019-11-26 09:21:51 - [TEST_STEP][PASSED] - verifyTextNotPresent("We have updated our Privacy Policy, please review this", false): Text 'We have updated our Privacy Policy, please review this' is not present on page

2019-11-26 09:21:51 - [MESSAGE][PASSED] - Text 'We have updated our Privacy Policy, please review this' is not present on page

2019-11-26 09:21:51 - [MESSAGE][INFO] - =================== Smart XPath Report =======================

2019-11-26 09:21:51 - [MESSAGE][INFO] - Refer to the link below to preview and approve auto healing on broken test objects.

2019-11-26 09:21:51 - [MESSAGE][INFO] - https://docs.katalon.com/katalon-studio/docs/auto-healing-smart-xpath.html

2019-11-26 09:21:51 - [MESSAGE][INFO] - ===============================================================

2019-11-26 09:21:51 - [MESSAGE][PASSED] - Call Test Case 'Test Cases/Reusable_Test_Sequences/CAT_Setup' successfully

2019-11-26 09:21:51 - [TEST_STEP][PASSED] - " ALTERNATIVE SCREEN RESOLUTION SELECTION METHOD": null

2019-11-26 09:21:51 - [TEST_STEP][PASSED] - " ACTUAL SCREEN RESOLUTION SELECTION METHOD USED": null

2019-11-26 09:21:51 - [TEST_STEP][PASSED] - XCOORD = Integer.parseInt(findTestData("searchTestData").getValue("X_COORD", row)): null

2019-11-26 09:21:51 - [TEST_STEP][PASSED] - YCOORD = Integer.parseInt(findTestData("searchTestData").getValue("Y_COORD", row)): null

2019-11-26 09:21:51 - [TEST_STEP][PASSED] - setViewPortSize(XCOORD, YCOORD): Viewport is set to new size with width = 600 and height = 800

2019-11-26 09:21:51 - [MESSAGE][PASSED] - Viewport is set to new size with width = 600 and height = 800

2019-11-26 09:21:51 - [TEST_STEP][PASSED] - waitForPageLoad(60): Wait for page load successfully

2019-11-26 09:21:51 - [MESSAGE][PASSED] - Wait for page load successfully

2019-11-26 09:21:51 - [TEST_STEP][PASSED] - out.println("Set View Port Size is currently SET to X AXIS " + XCOORD + " Y AXIS " + YCOORD): null

2019-11-26 09:21:51 - [TEST_STEP][PASSED] - setText(findTestObject("Page_Checkatrade Find a tradesperson you can trust/input_Search through"), findTestData("searchTestData").getValue("tradeClassification", row)): Text 'Garage/Vehicle Services' is set on object 'Object Repository/Page_Checkatrade Find a tradesperson you can trust/input_Search through'

2019-11-26 09:21:51 - [MESSAGE][PASSED] - Text 'Garage/Vehicle Services' is set on object 'Object Repository/Page_Checkatrade Find a tradesperson you can trust/input_Search through'

2019-11-26 09:21:51 - [TEST_STEP][PASSED] - waitForPageLoad(60): Wait for page load successfully

2019-11-26 09:21:51 - [MESSAGE][PASSED] - Wait for page load successfully

2019-11-26 09:21:51 - [TEST_STEP][PASSED] - "Set and SEARCH SELECTED LOCATION": null

2019-11-26 09:21:51 - [TEST_STEP][PASSED] - setText(findTestObject("Object Repository/Checkatrade_Trade_Search_Page/Page_Checkatrade Find a tradesperson you can trust/input_location"), findTestData("searchTestData").getValue("tradeLocation", row)): Text 'Rugby' is set on object 'Object Repository/Checkatrade_Trade_Search_Page/Page_Checkatrade Find a tradesperson you can trust/input_location'

2019-11-26 09:21:51 - [MESSAGE][PASSED] - Text 'Rugby' is set on object 'Object Repository/Checkatrade_Trade_Search_Page/Page_Checkatrade Find a tradesperson you can trust/input_location'

2019-11-26 09:21:51 - [TEST_STEP][PASSED] - waitForPageLoad(60): Wait for page load successfully

2019-11-26 09:21:51 - [MESSAGE][PASSED] - Wait for page load successfully

2019-11-26 09:21:51 - [TEST_STEP][PASSED] - scrollToElement(findTestObject("Object Repository/Checkatrade_Trade_Search_Page/Page_Checkatrade Find a tradesperson you can trust/a_Search"), 5): Scroll to object 'Object Repository/Checkatrade_Trade_Search_Page/Page_Checkatrade Find a tradesperson you can trust/a_Search' successfully

2019-11-26 09:21:52 - [MESSAGE][PASSED] - Scroll to object 'Object Repository/Checkatrade_Trade_Search_Page/Page_Checkatrade Find a tradesperson you can trust/a_Search' successfully

2019-11-26 09:21:52 - [TEST_STEP][PASSED] - waitForPageLoad(60): Wait for page load successfully

2019-11-26 09:21:52 - [MESSAGE][PASSED] - Wait for page load successfully

2019-11-26 09:21:52 - [TEST_STEP][PASSED] - "-------------": null

2019-11-26 09:21:52 - [TEST_STEP][PASSED] - doubleClick(findTestObject("Object Repository/Checkatrade_Trade_Search_Page/Page_Checkatrade Find a tradesperson you can trust/a_Search")): Object: 'Object Repository/Checkatrade_Trade_Search_Page/Page_Checkatrade Find a tradesperson you can trust/a_Search' is double clicked on

2019-11-26 09:21:52 - [MESSAGE][PASSED] - Object: 'Object Repository/Checkatrade_Trade_Search_Page/Page_Checkatrade Find a tradesperson you can trust/a_Search' is double clicked on

2019-11-26 09:21:52 - [TEST_STEP][PASSED] - waitForPageLoad(60): Wait for page load successfully

2019-11-26 09:21:52 - [MESSAGE][PASSED] - Wait for page load successfully

2019-11-26 09:21:52 - [TEST_STEP][PASSED] - scrollToElement(findTestObject("Object Repository/Page_Returned_Concantanated_Text/h1_Concantanated_Returned_Result"), 5): Scroll to object 'Object Repository/Page_Returned_Concantanated_Text/h1_Concantanated_Returned_Result' successfully

2019-11-26 09:21:53 - [MESSAGE][PASSED] - Scroll to object 'Object Repository/Page_Returned_Concantanated_Text/h1_Concantanated_Returned_Result' successfully

2019-11-26 09:21:53 - [TEST_STEP][PASSED] - waitForElementVisible(findTestObject("Object Repository/Page_Returned_Concantanated_Text/h1_Concantanated_Returned_Result"), 5): Object 'Object Repository/Page_Returned_Concantanated_Text/h1_Concantanated_Returned_Result' is visible

2019-11-26 09:21:54 - [MESSAGE][PASSED] - Object 'Object Repository/Page_Returned_Concantanated_Text/h1_Concantanated_Returned_Result' is visible

2019-11-26 09:21:54 - [TEST_STEP][PASSED] - delay(1): Delayed 1 second(s)

2019-11-26 09:21:55 - [MESSAGE][PASSED] - Delayed 1 second(s)

2019-11-26 09:21:55 - [TEST_STEP][PASSED] - verifyTextPresent(findTestData("searchTestData").getValue("tradeLocationVerification", row), false, CONTINUE_ON_FAILURE): Text 'Air Conditioning Servicing/Repair in Rugby' is present on page 

2019-11-26 09:21:55 - [MESSAGE][PASSED] - Text 'Air Conditioning Servicing/Repair in Rugby' is present on page 

2019-11-26 09:21:55 - [TEST_STEP][PASSED] - "Expected cantantenated text is Returned": null

2019-11-26 09:21:55 - [TEST_STEP][PASSED] - "--------------------------": null

2019-11-26 09:21:55 - [TEST_STEP][PASSED] - " Teardown - CLose Browser |": null

2019-11-26 09:21:55 - [TEST_STEP][PASSED] - callTestCase(findTestCase("Reusable_Test_Sequences/CAT_Teardown"), [:], OPTIONAL): Call Test Case 'Test Cases/Reusable_Test_Sequences/CAT_Teardown' successfully

2019-11-26 09:21:56 - [TEST_CASE][PASSED] - Test Cases/Reusable_Test_Sequences/CAT_Teardown: Test Cases/Reusable_Test_Sequences/CAT_Teardown

2019-11-26 09:21:56 - [TEST_STEP][PASSED] - closeBrowser(): Browser is closed

2019-11-26 09:21:57 - [MESSAGE][PASSED] - Browser is closed

2019-11-26 09:21:57 - [MESSAGE][INFO] - =================== Smart XPath Report =======================

2019-11-26 09:21:57 - [MESSAGE][INFO] - Refer to the link below to preview and approve auto healing on broken test objects.

2019-11-26 09:21:57 - [MESSAGE][INFO] - https://docs.katalon.com/katalon-studio/docs/auto-healing-smart-xpath.html

2019-11-26 09:21:57 - [MESSAGE][INFO] - ===============================================================

2019-11-26 09:21:57 - [MESSAGE][PASSED] - Call Test Case 'Test Cases/Reusable_Test_Sequences/CAT_Teardown' successfully]]></system-out>
         <system-err><![CDATA[]]></system-err>
      </testcase>
      <system-out><![CDATA[2019-11-26 09:20:20 - [TEST_SUITE][PASSED] - Mobile_Devices: Test Cases/Mobile_Devices/Default_Device_Dev]]></system-out>
      <system-err><![CDATA[]]></system-err>
   </testsuite>
</testsuites>
