<?xml version="1.0" encoding="UTF-8"?>
<testsuites name="WebOffice_Consumer_Search" time="162.244" tests="1" failures="0" errors="0">
   <testsuite name="WebOffice_Consumer_Search" tests="1" failures="0" errors="0" time="162.244" timestamp="2020-01-16 11:38:00" hostname="DavidHo - VETTEDSP36RF.check.local" id="Test Suites/WebOffice_Consumer_Search">
      <properties>
         <property name="deviceName" value=""/>
         <property name="devicePlatform" value=""/>
         <property name="logFolder" value="C:\\Users\\davidho\\Katalon Studio\\Start\\Reports\\20200116_112055\\WebOffice_Consumer_Search\\20200116_112103"/>
         <property name="logFiles" value="C:\\Users\\davidho\\Katalon Studio\\Start\\Reports\\20200116_112055\\WebOffice_Consumer_Search\\20200116_112103\\execution0.log"/>
         <property name="attachments" value=""/>
         <property name="hostName" value="DavidHo - VETTEDSP36RF.check.local"/>
         <property name="os" value="Windows 10 32bit"/>
         <property name="katalonVersion" value="7.1.2.1"/>
         <property name="browser" value="Chrome 79.0.3945.117"/>
         <property name="hostAddress" value="10.0.13.186"/>
         <property name="sessionId" value="767e2b85940d95fb2fbaecb9bc59a45c"/>
         <property name="seleniumVersion" value="3.141.59"/>
         <property name="proxyInformation" value="ProxyInformation{proxyOption=NO_PROXY, proxyServerType=HTTP, password=, proxyServerAddress=, proxyServerPort=0, executionList=}"/>
         <property name="platform" value="Windows 10"/>
      </properties>
      <testcase name="Test Cases/Web_Office/WebOffice_Consumer_Search" time="161.931" classname="Test Cases/Web_Office/WebOffice_Consumer_Search" status="PASSED">
         <system-out><![CDATA[2020-01-16 11:38:01 - [TEST_CASE][PASSED] - Test Cases/Web_Office/WebOffice_Consumer_Search: Test Cases/Web_Office/WebOffice_Consumer_Search

2020-01-16 11:38:01 - [TEST_STEP][PASSED] - for ([row = 1, row <= findTestData("Consumer_Data (1)").getRowNumbers(), (internal.GlobalVariable.row++)]): Call Test Case 'Test Cases/Reusable_Test_Sequences/CAT_Teardown' successfully

2020-01-16 11:38:03 - [TEST_STEP][PASSED] - "--------------------------------------": null

2020-01-16 11:38:03 - [TEST_STEP][PASSED] - " Web Office StartUp                   |": null

2020-01-16 11:38:03 - [TEST_STEP][PASSED] - callTestCase(findTestCase("Reusable_Test_Sequences/Web_Office/Directives/WebOffice_StartUp"), [:], OPTIONAL): Call Test Case 'Test Cases/Reusable_Test_Sequences/Web_Office/Directives/WebOffice_StartUp' successfully

2020-01-16 11:38:03 - [TEST_CASE][PASSED] - Test Cases/Reusable_Test_Sequences/Web_Office/Directives/WebOffice_StartUp: Test Cases/Reusable_Test_Sequences/Web_Office/Directives/WebOffice_StartUp

2020-01-16 11:38:03 - [TEST_STEP][PASSED] - if (URL == "https://www.preview.checkatrade.com/"): null

2020-01-16 11:38:03 - [TEST_STEP][PASSED] - WebOfficeURL = "https://admin.preview.checkatrade.com/": null

2020-01-16 11:38:03 - [TEST_STEP][PASSED] - if (URL == "https://www.checkatrade.com/"): null

2020-01-16 11:38:03 - [TEST_STEP][PASSED] - "Set Function Area for "URL_Handler", URL Resolution": null

2020-01-16 11:38:03 - [TEST_STEP][PASSED] - "Do Some Magic with URL(s) See the comments within URL Handler ": null

2020-01-16 11:38:03 - [TEST_STEP][PASSED] - Username = "DavidHo": null

2020-01-16 11:38:03 - [TEST_STEP][PASSED] - Password = "Check123": null

2020-01-16 11:38:03 - [TEST_STEP][PASSED] - "------------------------------------------------": null

2020-01-16 11:38:03 - [TEST_STEP][PASSED] - "WebOfficeURL - Set from the ENVIRONMENT PROFILE ": null

2020-01-16 11:38:03 - [TEST_STEP][PASSED] - "OPEN BROWSER": null

2020-01-16 11:38:03 - [TEST_STEP][PASSED] - "eg - https://admin.preview.checkatrade.com/  ": null

2020-01-16 11:38:03 - [TEST_STEP][PASSED] - openBrowser(WebOfficeURL): Browser is opened with url: 'https://admin.preview.checkatrade.com/'

2020-01-16 11:38:03 - [MESSAGE][INFO] - Starting 'Chrome' driver

2020-01-16 11:38:03 - [MESSAGE][INFO] - Action delay is set to 0 seconds

2020-01-16 11:38:11 - [MESSAGE][PASSED] - Browser is opened with url: 'https://admin.preview.checkatrade.com/'

2020-01-16 11:38:11 - [TEST_STEP][PASSED] - maximizeWindow(): Current window maximized

2020-01-16 11:38:16 - [MESSAGE][PASSED] - Current window maximized

2020-01-16 11:38:16 - [TEST_STEP][PASSED] - waitForElementClickable(findTestObject("Object Repository/WebOffice/Page_Checkatrade - Administration - Login/Login_Button"), 25): Object 'Object Repository/WebOffice/Page_Checkatrade - Administration - Login/Login_Button' is clickable

2020-01-16 11:38:16 - [MESSAGE][PASSED] - Object 'Object Repository/WebOffice/Page_Checkatrade - Administration - Login/Login_Button' is clickable

2020-01-16 11:38:16 - [TEST_STEP][PASSED] - verifyTextPresent("Checkatrade Web Office", false): Text 'Checkatrade Web Office' is present on page 

2020-01-16 11:38:16 - [MESSAGE][PASSED] - Text 'Checkatrade Web Office' is present on page 

2020-01-16 11:38:16 - [TEST_STEP][PASSED] - verifyTextPresent("Access for staff use only", false): Text 'Access for staff use only' is present on page 

2020-01-16 11:38:16 - [MESSAGE][PASSED] - Text 'Access for staff use only' is present on page 

2020-01-16 11:38:16 - [TEST_STEP][PASSED] - verifyTextPresent("Forgotten password?", false): Text 'Forgotten password?' is present on page 

2020-01-16 11:38:16 - [MESSAGE][PASSED] - Text 'Forgotten password?' is present on page 

2020-01-16 11:38:16 - [TEST_STEP][PASSED] - setText(findTestObject("Object Repository/WebOffice/Page_Checkatrade - Administration - Login/input_Username_LoginControlUserName"), Username): Text 'DavidHo' is set on object 'Object Repository/WebOffice/Page_Checkatrade - Administration - Login/input_Username_LoginControlUserName'

2020-01-16 11:38:16 - [MESSAGE][PASSED] - Text 'DavidHo' is set on object 'Object Repository/WebOffice/Page_Checkatrade - Administration - Login/input_Username_LoginControlUserName'

2020-01-16 11:38:16 - [TEST_STEP][PASSED] - setText(findTestObject("Object Repository/WebOffice/Page_Checkatrade - Administration - Login/input_Password_LoginControlPassword"), Password): Text 'Check123' is set on object 'Object Repository/WebOffice/Page_Checkatrade - Administration - Login/input_Password_LoginControlPassword'

2020-01-16 11:38:16 - [MESSAGE][PASSED] - Text 'Check123' is set on object 'Object Repository/WebOffice/Page_Checkatrade - Administration - Login/input_Password_LoginControlPassword'

2020-01-16 11:38:16 - [TEST_STEP][PASSED] - click(findTestObject("Object Repository/WebOffice/Page_Checkatrade - Administration - Login/Login_Button")): Object: 'Object Repository/WebOffice/Page_Checkatrade - Administration - Login/Login_Button' is clicked on

2020-01-16 11:38:17 - [MESSAGE][PASSED] - Object: 'Object Repository/WebOffice/Page_Checkatrade - Administration - Login/Login_Button' is clicked on

2020-01-16 11:38:17 - [TEST_STEP][PASSED] - waitForPageLoad(60): Wait for page load successfully

2020-01-16 11:38:17 - [MESSAGE][PASSED] - Wait for page load successfully

2020-01-16 11:38:17 - [TEST_STEP][PASSED] - verifyTextPresent("Welcome " + Username, false): Text 'Welcome DavidHo' is present on page 

2020-01-16 11:38:17 - [MESSAGE][PASSED] - Text 'Welcome DavidHo' is present on page 

2020-01-16 11:38:17 - [MESSAGE][PASSED] - Call Test Case 'Test Cases/Reusable_Test_Sequences/Web_Office/Directives/WebOffice_StartUp' successfully

2020-01-16 11:38:17 - [TEST_STEP][PASSED] - "--------------------------------------": null

2020-01-16 11:38:17 - [TEST_STEP][PASSED] - " Navigate to <Consumer> Menu Item     |": null

2020-01-16 11:38:17 - [TEST_STEP][PASSED] - callTestCase(findTestCase("Reusable_Test_Sequences/Web_Office/navigation/Navigate_Consumers"), [:], OPTIONAL): Call Test Case 'Test Cases/Reusable_Test_Sequences/Web_Office/navigation/Navigate_Consumers' successfully

2020-01-16 11:38:17 - [TEST_CASE][PASSED] - Test Cases/Reusable_Test_Sequences/Web_Office/navigation/Navigate_Consumers: Test Cases/Reusable_Test_Sequences/Web_Office/navigation/Navigate_Consumers

2020-01-16 11:38:18 - [TEST_STEP][PASSED] - "--------------------------------------": null

2020-01-16 11:38:18 - [TEST_STEP][PASSED] - " Navigate Top level menu Item         |": null

2020-01-16 11:38:18 - [TEST_STEP][PASSED] - waitForPageLoad(60): Wait for page load successfully

2020-01-16 11:38:18 - [MESSAGE][PASSED] - Wait for page load successfully

2020-01-16 11:38:18 - [TEST_STEP][PASSED] - waitForElementClickable(findTestObject("Object Repository/WebOffice_Home_page/a_Consumers"), 60): Object 'Object Repository/WebOffice_Home_page/a_Consumers' is clickable

2020-01-16 11:38:18 - [MESSAGE][PASSED] - Object 'Object Repository/WebOffice_Home_page/a_Consumers' is clickable

2020-01-16 11:38:18 - [TEST_STEP][PASSED] - click(findTestObject("Object Repository/WebOffice_Home_page/a_Consumers")): Object: 'Object Repository/WebOffice_Home_page/a_Consumers' is clicked on

2020-01-16 11:38:18 - [MESSAGE][PASSED] - Object: 'Object Repository/WebOffice_Home_page/a_Consumers' is clicked on

2020-01-16 11:38:18 - [MESSAGE][PASSED] - Call Test Case 'Test Cases/Reusable_Test_Sequences/Web_Office/navigation/Navigate_Consumers' successfully

2020-01-16 11:38:18 - [TEST_STEP][PASSED] - "--------------------------------------": null

2020-01-16 11:38:18 - [TEST_STEP][PASSED] - " LH Pane  - Apply Search Criteria     |": null

2020-01-16 11:38:18 - [TEST_STEP][PASSED] - callTestCase(findTestCase("Reusable_Test_Sequences/Web_Office/Actions/Set_Consumer_Data"), [:], OPTIONAL): Call Test Case 'Test Cases/Reusable_Test_Sequences/Web_Office/Actions/Set_Consumer_Data' successfully

2020-01-16 11:38:18 - [TEST_CASE][PASSED] - Test Cases/Reusable_Test_Sequences/Web_Office/Actions/Set_Consumer_Data: Test Cases/Reusable_Test_Sequences/Web_Office/Actions/Set_Consumer_Data

2020-01-16 11:38:19 - [TEST_STEP][PASSED] - "--------------------------------": null

2020-01-16 11:38:19 - [TEST_STEP][PASSED] - "Read data from spreadsheet      |": null

2020-01-16 11:38:19 - [TEST_STEP][PASSED] - data = findTestData("Data Files/Consumer_Data (1)"): null

2020-01-16 11:38:19 - [TEST_STEP][PASSED] - Forename = data.getValue("Forename", row): null

2020-01-16 11:38:19 - [TEST_STEP][PASSED] - Surname = data.getValue("Surname", row): null

2020-01-16 11:38:19 - [TEST_STEP][PASSED] - Mobile = data.getValue("Mobile", row): null

2020-01-16 11:38:19 - [TEST_STEP][PASSED] - Email = data.getValue("Email", row): null

2020-01-16 11:38:19 - [TEST_STEP][PASSED] - House = data.getValue("House", row): null

2020-01-16 11:38:19 - [TEST_STEP][PASSED] - Street = data.getValue("Street", row): null

2020-01-16 11:38:19 - [TEST_STEP][PASSED] - Town = data.getValue("Town", row): null

2020-01-16 11:38:19 - [TEST_STEP][PASSED] - City = data.getValue("City", row): null

2020-01-16 11:38:19 - [TEST_STEP][PASSED] - County = data.getValue("County", row): null

2020-01-16 11:38:19 - [TEST_STEP][PASSED] - Postcode = data.getValue("Postcode", row): null

2020-01-16 11:38:19 - [TEST_STEP][PASSED] - Phone = data.getValue("Phone", row): null

2020-01-16 11:38:19 - [TEST_STEP][PASSED] - Status = data.getValue("Status", row): null

2020-01-16 11:38:19 - [TEST_STEP][PASSED] - Type = data.getValue("Type", row): null

2020-01-16 11:38:19 - [TEST_STEP][PASSED] - Consumer_ID = data.getValue("Consumer_ID", row): null

2020-01-16 11:38:19 - [TEST_STEP][PASSED] - "--------------------------------": null

2020-01-16 11:38:19 - [TEST_STEP][PASSED] - "Read data from spreadsheet      |": null

2020-01-16 11:38:19 - [TEST_STEP][PASSED] - "--------------------------------": null

2020-01-16 11:38:19 - [TEST_STEP][PASSED] - "--------------------------------": null

2020-01-16 11:38:19 - [TEST_STEP][PASSED] - " Synchronisation                |": null

2020-01-16 11:38:19 - [TEST_STEP][PASSED] - waitForPageLoad(60): Wait for page load successfully

2020-01-16 11:38:19 - [MESSAGE][PASSED] - Wait for page load successfully

2020-01-16 11:38:19 - [TEST_STEP][PASSED] - waitForElementVisible(findTestObject("Object Repository/WebOffice/Consumers/Page_/input_Forename_ctl00CP1ctlSearchtbForenames"), 60): Object 'Object Repository/WebOffice/Consumers/Page_/input_Forename_ctl00CP1ctlSearchtbForenames' is visible

2020-01-16 11:38:19 - [MESSAGE][PASSED] - Object 'Object Repository/WebOffice/Consumers/Page_/input_Forename_ctl00CP1ctlSearchtbForenames' is visible

2020-01-16 11:38:19 - [TEST_STEP][PASSED] - click(findTestObject("Object Repository/WebOffice/Consumers/Page_/input_Forename_ctl00CP1ctlSearchtbForenames")): Object: 'Object Repository/WebOffice/Consumers/Page_/input_Forename_ctl00CP1ctlSearchtbForenames' is clicked on

2020-01-16 11:38:19 - [MESSAGE][PASSED] - Object: 'Object Repository/WebOffice/Consumers/Page_/input_Forename_ctl00CP1ctlSearchtbForenames' is clicked on

2020-01-16 11:38:19 - [TEST_STEP][PASSED] - "-------------------------------------------------------------------------------------------------------------------------------------": null

2020-01-16 11:38:19 - [TEST_STEP][PASSED] - setText(findTestObject("Object Repository/WebOffice/Consumers/Page_/input_Forename_ctl00CP1ctlSearchtbForenames"), Forename): Text ' ' is set on object 'Object Repository/WebOffice/Consumers/Page_/input_Forename_ctl00CP1ctlSearchtbForenames'

2020-01-16 11:38:19 - [MESSAGE][PASSED] - Text ' ' is set on object 'Object Repository/WebOffice/Consumers/Page_/input_Forename_ctl00CP1ctlSearchtbForenames'

2020-01-16 11:38:19 - [TEST_STEP][PASSED] - "-------------------------------------------------------------------------------------------------------------------------------------": null

2020-01-16 11:38:19 - [TEST_STEP][PASSED] - setText(findTestObject("Object Repository/WebOffice/Consumers/Page_/input_Surname_ctl00CP1ctlSearchtbSurname"), Surname): Text ' ' is set on object 'Object Repository/WebOffice/Consumers/Page_/input_Surname_ctl00CP1ctlSearchtbSurname'

2020-01-16 11:38:19 - [MESSAGE][PASSED] - Text ' ' is set on object 'Object Repository/WebOffice/Consumers/Page_/input_Surname_ctl00CP1ctlSearchtbSurname'

2020-01-16 11:38:19 - [TEST_STEP][PASSED] - "-------------------------------------------------------------------------------------------------------------------------------------": null

2020-01-16 11:38:19 - [TEST_STEP][PASSED] - setText(findTestObject("Object Repository/WebOffice/Consumers/Page_/input_Mobile_ctl00CP1ctlSearchtbMobile"), Mobile): Text '' is set on object 'Object Repository/WebOffice/Consumers/Page_/input_Mobile_ctl00CP1ctlSearchtbMobile'

2020-01-16 11:38:19 - [MESSAGE][PASSED] - Text '' is set on object 'Object Repository/WebOffice/Consumers/Page_/input_Mobile_ctl00CP1ctlSearchtbMobile'

2020-01-16 11:38:19 - [TEST_STEP][PASSED] - "-------------------------------------------------------------------------------------------------------------------------------------": null

2020-01-16 11:38:19 - [TEST_STEP][PASSED] - setText(findTestObject("Object Repository/WebOffice/Consumers/Page_/input_Email_ctl00CP1ctlSearchtbEmail"), Email): Text 'gordbro@gmail.com' is set on object 'Object Repository/WebOffice/Consumers/Page_/input_Email_ctl00CP1ctlSearchtbEmail'

2020-01-16 11:38:20 - [MESSAGE][PASSED] - Text 'gordbro@gmail.com' is set on object 'Object Repository/WebOffice/Consumers/Page_/input_Email_ctl00CP1ctlSearchtbEmail'

2020-01-16 11:38:20 - [TEST_STEP][PASSED] - "-------------------------------------------------------------------------------------------------------------------------------------": null

2020-01-16 11:38:20 - [TEST_STEP][PASSED] - setText(findTestObject("Object Repository/WebOffice/Consumers/Page_/input_House_ctl00CP1ctlSearchtbHouse"), House): Text '' is set on object 'Object Repository/WebOffice/Consumers/Page_/input_House_ctl00CP1ctlSearchtbHouse'

2020-01-16 11:38:20 - [MESSAGE][PASSED] - Text '' is set on object 'Object Repository/WebOffice/Consumers/Page_/input_House_ctl00CP1ctlSearchtbHouse'

2020-01-16 11:38:20 - [TEST_STEP][PASSED] - "-------------------------------------------------------------------------------------------------------------------------------------": null

2020-01-16 11:38:20 - [TEST_STEP][PASSED] - setText(findTestObject("Object Repository/WebOffice/Consumers/Page_/input_Street_ctl00CP1ctlSearchtbStreet"), Street): Text '' is set on object 'Object Repository/WebOffice/Consumers/Page_/input_Street_ctl00CP1ctlSearchtbStreet'

2020-01-16 11:38:20 - [MESSAGE][PASSED] - Text '' is set on object 'Object Repository/WebOffice/Consumers/Page_/input_Street_ctl00CP1ctlSearchtbStreet'

2020-01-16 11:38:20 - [TEST_STEP][PASSED] - "-------------------------------------------------------------------------------------------------------------------------------------": null

2020-01-16 11:38:20 - [TEST_STEP][PASSED] - setText(findTestObject("Object Repository/WebOffice/Consumers/Page_/input_Town_ctl00CP1ctlSearchtbTown"), Town): Text '' is set on object 'Object Repository/WebOffice/Consumers/Page_/input_Town_ctl00CP1ctlSearchtbTown'

2020-01-16 11:38:20 - [MESSAGE][PASSED] - Text '' is set on object 'Object Repository/WebOffice/Consumers/Page_/input_Town_ctl00CP1ctlSearchtbTown'

2020-01-16 11:38:20 - [TEST_STEP][PASSED] - "-------------------------------------------------------------------------------------------------------------------------------------": null

2020-01-16 11:38:20 - [TEST_STEP][PASSED] - setText(findTestObject("Object Repository/WebOffice/Consumers/Page_/input_City_ctl00CP1ctlSearchtbCity"), City): Text '' is set on object 'Object Repository/WebOffice/Consumers/Page_/input_City_ctl00CP1ctlSearchtbCity'

2020-01-16 11:38:20 - [MESSAGE][PASSED] - Text '' is set on object 'Object Repository/WebOffice/Consumers/Page_/input_City_ctl00CP1ctlSearchtbCity'

2020-01-16 11:38:20 - [TEST_STEP][PASSED] - "-------------------------------------------------------------------------------------------------------------------------------------": null

2020-01-16 11:38:20 - [TEST_STEP][PASSED] - setText(findTestObject("Object Repository/WebOffice/Consumers/Page_/input_County_ctl00CP1ctlSearchtbCounty"), County): Text '' is set on object 'Object Repository/WebOffice/Consumers/Page_/input_County_ctl00CP1ctlSearchtbCounty'

2020-01-16 11:38:20 - [MESSAGE][PASSED] - Text '' is set on object 'Object Repository/WebOffice/Consumers/Page_/input_County_ctl00CP1ctlSearchtbCounty'

2020-01-16 11:38:20 - [TEST_STEP][PASSED] - "-------------------------------------------------------------------------------------------------------------------------------------": null

2020-01-16 11:38:20 - [TEST_STEP][PASSED] - setText(findTestObject("Object Repository/WebOffice/Consumers/Page_/input_Postcode_ctl00CP1ctlSearchtbPostcode"), Postcode): Text '' is set on object 'Object Repository/WebOffice/Consumers/Page_/input_Postcode_ctl00CP1ctlSearchtbPostcode'

2020-01-16 11:38:21 - [MESSAGE][PASSED] - Text '' is set on object 'Object Repository/WebOffice/Consumers/Page_/input_Postcode_ctl00CP1ctlSearchtbPostcode'

2020-01-16 11:38:21 - [TEST_STEP][PASSED] - "-------------------------------------------------------------------------------------------------------------------------------------": null

2020-01-16 11:38:21 - [TEST_STEP][PASSED] - setText(findTestObject("Object Repository/WebOffice/Consumers/Page_/input_Phone_ctl00CP1ctlSearchtbTel"), Phone): Text '' is set on object 'Object Repository/WebOffice/Consumers/Page_/input_Phone_ctl00CP1ctlSearchtbTel'

2020-01-16 11:38:21 - [MESSAGE][PASSED] - Text '' is set on object 'Object Repository/WebOffice/Consumers/Page_/input_Phone_ctl00CP1ctlSearchtbTel'

2020-01-16 11:38:21 - [TEST_STEP][PASSED] - "-------------------------------------------------------------------------------------------------------------------------------------": null

2020-01-16 11:38:21 - [TEST_STEP][PASSED] - "Set Status": null

2020-01-16 11:38:21 - [TEST_STEP][PASSED] - "-------------------------------------------------------------------------------------------------------------------------------------": null

2020-01-16 11:38:21 - [TEST_STEP][PASSED] - "Status 3 Options": null

2020-01-16 11:38:21 - [TEST_STEP][PASSED] - "-------------------------------------------------------------------------------------------------------------------------------------": null

2020-01-16 11:38:21 - [TEST_STEP][PASSED] - "Set Type": null

2020-01-16 11:38:21 - [TEST_STEP][PASSED] - "-------------------------------------------------------------------------------------------------------------------------------------": null

2020-01-16 11:38:21 - [TEST_STEP][PASSED] - "Type 3 Options": null

2020-01-16 11:38:21 - [TEST_STEP][PASSED] - "-------------------------------------------------------------------------------------------------------------------------------------": null

2020-01-16 11:38:21 - [TEST_STEP][PASSED] - click(findTestObject("Object Repository/WebOffice/Consumers/Page_/input_Clear_ctl00CP1ctlSearchbtnSearch")): Object: 'Object Repository/WebOffice/Consumers/Page_/input_Clear_ctl00CP1ctlSearchbtnSearch' is clicked on

2020-01-16 11:38:21 - [MESSAGE][PASSED] - Object: 'Object Repository/WebOffice/Consumers/Page_/input_Clear_ctl00CP1ctlSearchbtnSearch' is clicked on

2020-01-16 11:38:21 - [MESSAGE][PASSED] - Call Test Case 'Test Cases/Reusable_Test_Sequences/Web_Office/Actions/Set_Consumer_Data' successfully

2020-01-16 11:38:21 - [TEST_STEP][PASSED] - "--------------------------------------": null

2020-01-16 11:38:21 - [TEST_STEP][PASSED] - " Select Returned Record to Verify     |": null

2020-01-16 11:38:21 - [TEST_STEP][PASSED] - callTestCase(findTestCase("Reusable_Test_Sequences/Web_Office/Actions/Select_Consumer"), [:], OPTIONAL): Call Test Case 'Test Cases/Reusable_Test_Sequences/Web_Office/Actions/Select_Consumer' successfully

2020-01-16 11:38:21 - [TEST_CASE][PASSED] - Test Cases/Reusable_Test_Sequences/Web_Office/Actions/Select_Consumer: Test Cases/Reusable_Test_Sequences/Web_Office/Actions/Select_Consumer

2020-01-16 11:38:21 - [TEST_STEP][PASSED] - "--------": null

2020-01-16 11:38:21 - [TEST_STEP][PASSED] - "Search  |": null

2020-01-16 11:38:21 - [TEST_STEP][PASSED] - waitForPageLoad(60): Wait for page load successfully

2020-01-16 11:38:21 - [MESSAGE][PASSED] - Wait for page load successfully

2020-01-16 11:38:21 - [TEST_STEP][PASSED] - waitForElementClickable(findTestObject("Object Repository/WO_Consumer/Page_/input_Clear_ctl00CP1ctlSearchbtnSearch"), 60): Object 'Object Repository/WO_Consumer/Page_/input_Clear_ctl00CP1ctlSearchbtnSearch' is clickable

2020-01-16 11:38:22 - [MESSAGE][PASSED] - Object 'Object Repository/WO_Consumer/Page_/input_Clear_ctl00CP1ctlSearchbtnSearch' is clickable

2020-01-16 11:38:22 - [TEST_STEP][PASSED] - click(findTestObject("Object Repository/WO_Consumer/Page_/input_Clear_ctl00CP1ctlSearchbtnSearch")): Object: 'Object Repository/WO_Consumer/Page_/input_Clear_ctl00CP1ctlSearchbtnSearch' is clicked on

2020-01-16 11:38:22 - [MESSAGE][PASSED] - Object: 'Object Repository/WO_Consumer/Page_/input_Clear_ctl00CP1ctlSearchbtnSearch' is clicked on

2020-01-16 11:38:22 - [TEST_STEP][PASSED] - delay(5): Delayed 5 second(s)

2020-01-16 11:38:27 - [MESSAGE][PASSED] - Delayed 5 second(s)

2020-01-16 11:38:27 - [TEST_STEP][PASSED] - "--------": null

2020-01-16 11:38:27 - [TEST_STEP][PASSED] - "Synch   |": null

2020-01-16 11:38:27 - [TEST_STEP][PASSED] - waitForPageLoad(120): Wait for page load successfully

2020-01-16 11:38:27 - [MESSAGE][PASSED] - Wait for page load successfully

2020-01-16 11:38:27 - [TEST_STEP][PASSED] - waitForElementClickable(findTestObject("Object Repository/WO_Consumer/Page_/a_Feedback"), 60): Object 'Object Repository/WO_Consumer/Page_/a_Feedback' is clickable

2020-01-16 11:38:31 - [MESSAGE][PASSED] - Object 'Object Repository/WO_Consumer/Page_/a_Feedback' is clickable

2020-01-16 11:38:31 - [TEST_STEP][PASSED] - "----------------------------------------": null

2020-01-16 11:38:31 - [TEST_STEP][PASSED] - "Initial Table View (Populated or Not    |": null

2020-01-16 11:38:31 - [TEST_STEP][PASSED] - "----------------------------------------": null

2020-01-16 11:38:31 - [TEST_STEP][PASSED] - "---------------------------------------------------": null

2020-01-16 11:38:31 - [TEST_STEP][PASSED] - "If Record Exists Then rocess, Otherwise Jump Over  |": null

2020-01-16 11:38:31 - [TEST_STEP][PASSED] - "---------------------------------------------------": null

2020-01-16 11:38:31 - [TEST_STEP][PASSED] - "----------------------------------------": null

2020-01-16 11:38:31 - [TEST_STEP][PASSED] - "Initial Table Return Checks": null

2020-01-16 11:38:31 - [TEST_STEP][PASSED] - "----------------------------------------": null

2020-01-16 11:38:31 - [TEST_STEP][PASSED] - "--------": null

2020-01-16 11:38:31 - [TEST_STEP][PASSED] - "Sort    |": null

2020-01-16 11:38:31 - [TEST_STEP][PASSED] - click(findTestObject("Object Repository/WO_Consumer/Page_/a_Feedback")): Object: 'Object Repository/WO_Consumer/Page_/a_Feedback' is clicked on

2020-01-16 11:38:31 - [MESSAGE][PASSED] - Object: 'Object Repository/WO_Consumer/Page_/a_Feedback' is clicked on

2020-01-16 11:38:31 - [TEST_STEP][PASSED] - delay(5): Delayed 5 second(s)

2020-01-16 11:38:36 - [MESSAGE][PASSED] - Delayed 5 second(s)

2020-01-16 11:38:36 - [TEST_STEP][PASSED] - "--------": null

2020-01-16 11:38:36 - [TEST_STEP][PASSED] - "Sort    |": null

2020-01-16 11:38:36 - [TEST_STEP][PASSED] - click(findTestObject("Object Repository/WO_Consumer/Page_/a_Feedback")): Object: 'Object Repository/WO_Consumer/Page_/a_Feedback' is clicked on

2020-01-16 11:38:36 - [MESSAGE][PASSED] - Object: 'Object Repository/WO_Consumer/Page_/a_Feedback' is clicked on

2020-01-16 11:38:36 - [TEST_STEP][PASSED] - delay(5): Delayed 5 second(s)

2020-01-16 11:38:41 - [MESSAGE][PASSED] - Delayed 5 second(s)

2020-01-16 11:38:42 - [TEST_STEP][PASSED] - "--------": null

2020-01-16 11:38:42 - [TEST_STEP][PASSED] - "Select  |": null

2020-01-16 11:38:42 - [TEST_STEP][PASSED] - waitForElementClickable(findTestObject("WO_Consumer/Page_/td_TopRow"), 60): Object 'Object Repository/WO_Consumer/Page_/td_TopRow' is clickable

2020-01-16 11:38:42 - [MESSAGE][PASSED] - Object 'Object Repository/WO_Consumer/Page_/td_TopRow' is clickable

2020-01-16 11:38:42 - [TEST_STEP][PASSED] - click(findTestObject("WO_Consumer/Page_/td_TopRow")): Object: 'Object Repository/WO_Consumer/Page_/td_TopRow' is clicked on

2020-01-16 11:38:42 - [MESSAGE][PASSED] - Object: 'Object Repository/WO_Consumer/Page_/td_TopRow' is clicked on

2020-01-16 11:38:42 - [TEST_STEP][PASSED] - delay(1): Delayed 1 second(s)

2020-01-16 11:38:43 - [MESSAGE][PASSED] - Delayed 1 second(s)

2020-01-16 11:38:43 - [MESSAGE][PASSED] - Call Test Case 'Test Cases/Reusable_Test_Sequences/Web_Office/Actions/Select_Consumer' successfully

2020-01-16 11:38:43 - [TEST_STEP][PASSED] - "--------------------------------------": null

2020-01-16 11:38:43 - [TEST_STEP][PASSED] - " Verify Returned Consumer Record      |": null

2020-01-16 11:38:43 - [TEST_STEP][PASSED] - callTestCase(findTestCase("Reusable_Test_Sequences/Web_Office/Verification/Consumer_Returned_Search_Record"), [:], OPTIONAL): Call Test Case 'Test Cases/Reusable_Test_Sequences/Web_Office/Verification/Consumer_Returned_Search_Record' successfully

2020-01-16 11:38:43 - [TEST_CASE][PASSED] - Test Cases/Reusable_Test_Sequences/Web_Office/Verification/Consumer_Returned_Search_Record: Test Cases/Reusable_Test_Sequences/Web_Office/Verification/Consumer_Returned_Search_Record

2020-01-16 11:38:43 - [TEST_STEP][PASSED] - "--------------------------------": null

2020-01-16 11:38:43 - [TEST_STEP][PASSED] - "Read data from spreadsheet      | r_ = Returned Data": null

2020-01-16 11:38:43 - [TEST_STEP][PASSED] - data = findTestData("Data Files/Consumer_Data (1)"): null

2020-01-16 11:38:43 - [TEST_STEP][PASSED] - Consumer_ID = data.getValue("Consumer_ID", row): null

2020-01-16 11:38:43 - [TEST_STEP][PASSED] - Title = data.getValue("r_Title", row): null

2020-01-16 11:38:43 - [TEST_STEP][PASSED] - Forenames = data.getValue("r_Forenames", row): null

2020-01-16 11:38:43 - [TEST_STEP][PASSED] - Surname = data.getValue("r_Surname", row): null

2020-01-16 11:38:43 - [TEST_STEP][PASSED] - Housename = data.getValue("r_Housename", row): null

2020-01-16 11:38:43 - [TEST_STEP][PASSED] - Number_Street = data.getValue("r_Number_and_Street", row): null

2020-01-16 11:38:43 - [TEST_STEP][PASSED] - City = data.getValue("r_City", row): null

2020-01-16 11:38:43 - [TEST_STEP][PASSED] - Town = data.getValue("r_Town", row): null

2020-01-16 11:38:43 - [TEST_STEP][PASSED] - County = data.getValue("r_County", row): null

2020-01-16 11:38:43 - [TEST_STEP][PASSED] - Postcode = data.getValue("r_Postcode", row): null

2020-01-16 11:38:43 - [TEST_STEP][PASSED] - Phone1 = data.getValue("r_Phone_1", row): null

2020-01-16 11:38:43 - [TEST_STEP][PASSED] - Phone2 = data.getValue("r_Phone_2", row): null

2020-01-16 11:38:43 - [TEST_STEP][PASSED] - Fax = data.getValue("r_Fax", row): null

2020-01-16 11:38:43 - [TEST_STEP][PASSED] - r_Full_Name = data.getValue("r_Full_Name", 1): null

2020-01-16 11:38:43 - [TEST_STEP][PASSED] - r_Full_Address = data.getValue("r_Full_Address", 1): null

2020-01-16 11:38:43 - [TEST_STEP][PASSED] - "--------------------------------": null

2020-01-16 11:38:43 - [TEST_STEP][PASSED] - "Read data from spreadsheet      |": null

2020-01-16 11:38:43 - [TEST_STEP][PASSED] - Actual_Page_Text = "": null

2020-01-16 11:38:43 - [TEST_STEP][PASSED] - Expected_Page_Text = "": null

2020-01-16 11:38:43 - [TEST_STEP][PASSED] - waitForPageLoad(60): Wait for page load successfully

2020-01-16 11:38:44 - [MESSAGE][PASSED] - Wait for page load successfully

2020-01-16 11:38:44 - [TEST_STEP][PASSED] - delay(1): Delayed 1 second(s)

2020-01-16 11:38:45 - [MESSAGE][PASSED] - Delayed 1 second(s)

2020-01-16 11:38:45 - [TEST_STEP][PASSED] - "HEADER DETAIL - iFrame": null

2020-01-16 11:38:45 - [TEST_STEP][PASSED] - "----------------": null

2020-01-16 11:38:45 - [TEST_STEP][PASSED] - "Full Name       |": null

2020-01-16 11:38:45 - [TEST_STEP][PASSED] - verifyElementPresent(findTestObject("Object Repository/WO_Consumer/Page_/Page_/a_Mr Gordon Brown"), 25): Object 'Object Repository/WO_Consumer/Page_/Page_/a_Mr Gordon Brown' is present

2020-01-16 11:38:45 - [MESSAGE][PASSED] - Object 'Object Repository/WO_Consumer/Page_/Page_/a_Mr Gordon Brown' is present

2020-01-16 11:38:45 - [TEST_STEP][PASSED] - "----------------": null

2020-01-16 11:38:45 - [TEST_STEP][PASSED] - "Full Address    |": null

2020-01-16 11:38:45 - [TEST_STEP][PASSED] - verifyElementPresent(findTestObject("Object Repository/WO_Consumer/Page_/Page_/div_Haywards Heath West Sussex RH16 4ER4477_d20822"), 25): Object 'Object Repository/WO_Consumer/Page_/Page_/div_Haywards Heath West Sussex RH16 4ER4477_d20822' is present

2020-01-16 11:38:45 - [MESSAGE][PASSED] - Object 'Object Repository/WO_Consumer/Page_/Page_/div_Haywards Heath West Sussex RH16 4ER4477_d20822' is present

2020-01-16 11:38:45 - [TEST_STEP][PASSED] - "BODY DETAIL - iFrame": null

2020-01-16 11:38:45 - [TEST_STEP][PASSED] - "----------------": null

2020-01-16 11:38:45 - [TEST_STEP][PASSED] - "EDIT Consumer   |": null

2020-01-16 11:38:45 - [TEST_STEP][PASSED] - verifyElementPresent(findTestObject("Object Repository/WO_Consumer/Page_/Page_/input_Title_ctledittbTitle"), 25): Object 'Object Repository/WO_Consumer/Page_/Page_/input_Title_ctledittbTitle' is present

2020-01-16 11:38:45 - [MESSAGE][PASSED] - Object 'Object Repository/WO_Consumer/Page_/Page_/input_Title_ctledittbTitle' is present

2020-01-16 11:38:45 - [TEST_STEP][PASSED] - "----------------": null

2020-01-16 11:38:45 - [TEST_STEP][PASSED] - "Address         |": null

2020-01-16 11:38:45 - [TEST_STEP][PASSED] - verifyElementPresent(findTestObject("Object Repository/WO_Consumer/Page_/Page_/span_Please ensure the Street  Road name is_e38a58"), 25): Object 'Object Repository/WO_Consumer/Page_/Page_/span_Please ensure the Street  Road name is_e38a58' is present

2020-01-16 11:38:45 - [MESSAGE][PASSED] - Object 'Object Repository/WO_Consumer/Page_/Page_/span_Please ensure the Street  Road name is_e38a58' is present

2020-01-16 11:38:45 - [MESSAGE][PASSED] - Call Test Case 'Test Cases/Reusable_Test_Sequences/Web_Office/Verification/Consumer_Returned_Search_Record' successfully

2020-01-16 11:38:45 - [TEST_STEP][PASSED] - "--------------------------": null

2020-01-16 11:38:45 - [TEST_STEP][PASSED] - " Teardown - CLose Browser |": null

2020-01-16 11:38:45 - [TEST_STEP][PASSED] - callTestCase(findTestCase("Reusable_Test_Sequences/CAT_Teardown"), [:], OPTIONAL): Call Test Case 'Test Cases/Reusable_Test_Sequences/CAT_Teardown' successfully

2020-01-16 11:38:45 - [TEST_CASE][PASSED] - Test Cases/Reusable_Test_Sequences/CAT_Teardown: Test Cases/Reusable_Test_Sequences/CAT_Teardown

2020-01-16 11:38:46 - [TEST_STEP][PASSED] - closeBrowser(): Browser is closed

2020-01-16 11:38:47 - [MESSAGE][PASSED] - Browser is closed

2020-01-16 11:38:47 - [MESSAGE][PASSED] - Call Test Case 'Test Cases/Reusable_Test_Sequences/CAT_Teardown' successfully

2020-01-16 11:38:47 - [TEST_STEP][PASSED] - "--------------------------------------": null

2020-01-16 11:38:47 - [TEST_STEP][PASSED] - " Web Office StartUp                   |": null

2020-01-16 11:38:47 - [TEST_STEP][PASSED] - callTestCase(findTestCase("Reusable_Test_Sequences/Web_Office/Directives/WebOffice_StartUp"), [:], OPTIONAL): Call Test Case 'Test Cases/Reusable_Test_Sequences/Web_Office/Directives/WebOffice_StartUp' successfully

2020-01-16 11:38:47 - [TEST_CASE][PASSED] - Test Cases/Reusable_Test_Sequences/Web_Office/Directives/WebOffice_StartUp: Test Cases/Reusable_Test_Sequences/Web_Office/Directives/WebOffice_StartUp

2020-01-16 11:38:47 - [TEST_STEP][PASSED] - if (URL == "https://www.preview.checkatrade.com/"): null

2020-01-16 11:38:47 - [TEST_STEP][PASSED] - WebOfficeURL = "https://admin.preview.checkatrade.com/": null

2020-01-16 11:38:47 - [TEST_STEP][PASSED] - if (URL == "https://www.checkatrade.com/"): null

2020-01-16 11:38:47 - [TEST_STEP][PASSED] - "Set Function Area for "URL_Handler", URL Resolution": null

2020-01-16 11:38:47 - [TEST_STEP][PASSED] - "Do Some Magic with URL(s) See the comments within URL Handler ": null

2020-01-16 11:38:47 - [TEST_STEP][PASSED] - Username = "DavidHo": null

2020-01-16 11:38:47 - [TEST_STEP][PASSED] - Password = "Check123": null

2020-01-16 11:38:47 - [TEST_STEP][PASSED] - "------------------------------------------------": null

2020-01-16 11:38:47 - [TEST_STEP][PASSED] - "WebOfficeURL - Set from the ENVIRONMENT PROFILE ": null

2020-01-16 11:38:47 - [TEST_STEP][PASSED] - "OPEN BROWSER": null

2020-01-16 11:38:47 - [TEST_STEP][PASSED] - "eg - https://admin.preview.checkatrade.com/  ": null

2020-01-16 11:38:47 - [TEST_STEP][PASSED] - openBrowser(WebOfficeURL): Browser is opened with url: 'https://admin.preview.checkatrade.com/'

2020-01-16 11:38:47 - [MESSAGE][INFO] - Starting 'Chrome' driver

2020-01-16 11:38:53 - [MESSAGE][PASSED] - Browser is opened with url: 'https://admin.preview.checkatrade.com/'

2020-01-16 11:38:53 - [TEST_STEP][PASSED] - maximizeWindow(): Current window maximized

2020-01-16 11:38:57 - [MESSAGE][PASSED] - Current window maximized

2020-01-16 11:38:57 - [TEST_STEP][PASSED] - waitForElementClickable(findTestObject("Object Repository/WebOffice/Page_Checkatrade - Administration - Login/Login_Button"), 25): Object 'Object Repository/WebOffice/Page_Checkatrade - Administration - Login/Login_Button' is clickable

2020-01-16 11:38:57 - [MESSAGE][PASSED] - Object 'Object Repository/WebOffice/Page_Checkatrade - Administration - Login/Login_Button' is clickable

2020-01-16 11:38:57 - [TEST_STEP][PASSED] - verifyTextPresent("Checkatrade Web Office", false): Text 'Checkatrade Web Office' is present on page 

2020-01-16 11:38:57 - [MESSAGE][PASSED] - Text 'Checkatrade Web Office' is present on page 

2020-01-16 11:38:57 - [TEST_STEP][PASSED] - verifyTextPresent("Access for staff use only", false): Text 'Access for staff use only' is present on page 

2020-01-16 11:38:57 - [MESSAGE][PASSED] - Text 'Access for staff use only' is present on page 

2020-01-16 11:38:57 - [TEST_STEP][PASSED] - verifyTextPresent("Forgotten password?", false): Text 'Forgotten password?' is present on page 

2020-01-16 11:38:57 - [MESSAGE][PASSED] - Text 'Forgotten password?' is present on page 

2020-01-16 11:38:57 - [TEST_STEP][PASSED] - setText(findTestObject("Object Repository/WebOffice/Page_Checkatrade - Administration - Login/input_Username_LoginControlUserName"), Username): Text 'DavidHo' is set on object 'Object Repository/WebOffice/Page_Checkatrade - Administration - Login/input_Username_LoginControlUserName'

2020-01-16 11:38:58 - [MESSAGE][PASSED] - Text 'DavidHo' is set on object 'Object Repository/WebOffice/Page_Checkatrade - Administration - Login/input_Username_LoginControlUserName'

2020-01-16 11:38:58 - [TEST_STEP][PASSED] - setText(findTestObject("Object Repository/WebOffice/Page_Checkatrade - Administration - Login/input_Password_LoginControlPassword"), Password): Text 'Check123' is set on object 'Object Repository/WebOffice/Page_Checkatrade - Administration - Login/input_Password_LoginControlPassword'

2020-01-16 11:38:58 - [MESSAGE][PASSED] - Text 'Check123' is set on object 'Object Repository/WebOffice/Page_Checkatrade - Administration - Login/input_Password_LoginControlPassword'

2020-01-16 11:38:58 - [TEST_STEP][PASSED] - click(findTestObject("Object Repository/WebOffice/Page_Checkatrade - Administration - Login/Login_Button")): Object: 'Object Repository/WebOffice/Page_Checkatrade - Administration - Login/Login_Button' is clicked on

2020-01-16 11:38:58 - [MESSAGE][PASSED] - Object: 'Object Repository/WebOffice/Page_Checkatrade - Administration - Login/Login_Button' is clicked on

2020-01-16 11:38:58 - [TEST_STEP][PASSED] - waitForPageLoad(60): Wait for page load successfully

2020-01-16 11:38:58 - [MESSAGE][PASSED] - Wait for page load successfully

2020-01-16 11:38:58 - [TEST_STEP][PASSED] - verifyTextPresent("Welcome " + Username, false): Text 'Welcome DavidHo' is present on page 

2020-01-16 11:38:58 - [MESSAGE][PASSED] - Text 'Welcome DavidHo' is present on page 

2020-01-16 11:38:58 - [MESSAGE][PASSED] - Call Test Case 'Test Cases/Reusable_Test_Sequences/Web_Office/Directives/WebOffice_StartUp' successfully

2020-01-16 11:38:58 - [TEST_STEP][PASSED] - "--------------------------------------": null

2020-01-16 11:38:58 - [TEST_STEP][PASSED] - " Navigate to <Consumer> Menu Item     |": null

2020-01-16 11:38:58 - [TEST_STEP][PASSED] - callTestCase(findTestCase("Reusable_Test_Sequences/Web_Office/navigation/Navigate_Consumers"), [:], OPTIONAL): Call Test Case 'Test Cases/Reusable_Test_Sequences/Web_Office/navigation/Navigate_Consumers' successfully

2020-01-16 11:38:59 - [TEST_CASE][PASSED] - Test Cases/Reusable_Test_Sequences/Web_Office/navigation/Navigate_Consumers: Test Cases/Reusable_Test_Sequences/Web_Office/navigation/Navigate_Consumers

2020-01-16 11:38:59 - [TEST_STEP][PASSED] - "--------------------------------------": null

2020-01-16 11:38:59 - [TEST_STEP][PASSED] - " Navigate Top level menu Item         |": null

2020-01-16 11:38:59 - [TEST_STEP][PASSED] - waitForPageLoad(60): Wait for page load successfully

2020-01-16 11:38:59 - [MESSAGE][PASSED] - Wait for page load successfully

2020-01-16 11:38:59 - [TEST_STEP][PASSED] - waitForElementClickable(findTestObject("Object Repository/WebOffice_Home_page/a_Consumers"), 60): Object 'Object Repository/WebOffice_Home_page/a_Consumers' is clickable

2020-01-16 11:38:59 - [MESSAGE][PASSED] - Object 'Object Repository/WebOffice_Home_page/a_Consumers' is clickable

2020-01-16 11:38:59 - [TEST_STEP][PASSED] - click(findTestObject("Object Repository/WebOffice_Home_page/a_Consumers")): Object: 'Object Repository/WebOffice_Home_page/a_Consumers' is clicked on

2020-01-16 11:38:59 - [MESSAGE][PASSED] - Object: 'Object Repository/WebOffice_Home_page/a_Consumers' is clicked on

2020-01-16 11:38:59 - [MESSAGE][PASSED] - Call Test Case 'Test Cases/Reusable_Test_Sequences/Web_Office/navigation/Navigate_Consumers' successfully

2020-01-16 11:38:59 - [TEST_STEP][PASSED] - "--------------------------------------": null

2020-01-16 11:38:59 - [TEST_STEP][PASSED] - " LH Pane  - Apply Search Criteria     |": null

2020-01-16 11:38:59 - [TEST_STEP][PASSED] - callTestCase(findTestCase("Reusable_Test_Sequences/Web_Office/Actions/Set_Consumer_Data"), [:], OPTIONAL): Call Test Case 'Test Cases/Reusable_Test_Sequences/Web_Office/Actions/Set_Consumer_Data' successfully

2020-01-16 11:38:59 - [TEST_CASE][PASSED] - Test Cases/Reusable_Test_Sequences/Web_Office/Actions/Set_Consumer_Data: Test Cases/Reusable_Test_Sequences/Web_Office/Actions/Set_Consumer_Data

2020-01-16 11:38:59 - [TEST_STEP][PASSED] - "--------------------------------": null

2020-01-16 11:38:59 - [TEST_STEP][PASSED] - "Read data from spreadsheet      |": null

2020-01-16 11:38:59 - [TEST_STEP][PASSED] - data = findTestData("Data Files/Consumer_Data (1)"): null

2020-01-16 11:38:59 - [TEST_STEP][PASSED] - Forename = data.getValue("Forename", row): null

2020-01-16 11:38:59 - [TEST_STEP][PASSED] - Surname = data.getValue("Surname", row): null

2020-01-16 11:38:59 - [TEST_STEP][PASSED] - Mobile = data.getValue("Mobile", row): null

2020-01-16 11:38:59 - [TEST_STEP][PASSED] - Email = data.getValue("Email", row): null

2020-01-16 11:38:59 - [TEST_STEP][PASSED] - House = data.getValue("House", row): null

2020-01-16 11:38:59 - [TEST_STEP][PASSED] - Street = data.getValue("Street", row): null

2020-01-16 11:38:59 - [TEST_STEP][PASSED] - Town = data.getValue("Town", row): null

2020-01-16 11:38:59 - [TEST_STEP][PASSED] - City = data.getValue("City", row): null

2020-01-16 11:38:59 - [TEST_STEP][PASSED] - County = data.getValue("County", row): null

2020-01-16 11:38:59 - [TEST_STEP][PASSED] - Postcode = data.getValue("Postcode", row): null

2020-01-16 11:38:59 - [TEST_STEP][PASSED] - Phone = data.getValue("Phone", row): null

2020-01-16 11:38:59 - [TEST_STEP][PASSED] - Status = data.getValue("Status", row): null

2020-01-16 11:38:59 - [TEST_STEP][PASSED] - Type = data.getValue("Type", row): null

2020-01-16 11:38:59 - [TEST_STEP][PASSED] - Consumer_ID = data.getValue("Consumer_ID", row): null

2020-01-16 11:38:59 - [TEST_STEP][PASSED] - "--------------------------------": null

2020-01-16 11:38:59 - [TEST_STEP][PASSED] - "Read data from spreadsheet      |": null

2020-01-16 11:38:59 - [TEST_STEP][PASSED] - "--------------------------------": null

2020-01-16 11:38:59 - [TEST_STEP][PASSED] - "--------------------------------": null

2020-01-16 11:38:59 - [TEST_STEP][PASSED] - " Synchronisation                |": null

2020-01-16 11:38:59 - [TEST_STEP][PASSED] - waitForPageLoad(60): Wait for page load successfully

2020-01-16 11:38:59 - [MESSAGE][PASSED] - Wait for page load successfully

2020-01-16 11:38:59 - [TEST_STEP][PASSED] - waitForElementVisible(findTestObject("Object Repository/WebOffice/Consumers/Page_/input_Forename_ctl00CP1ctlSearchtbForenames"), 60): Object 'Object Repository/WebOffice/Consumers/Page_/input_Forename_ctl00CP1ctlSearchtbForenames' is visible

2020-01-16 11:38:59 - [MESSAGE][PASSED] - Object 'Object Repository/WebOffice/Consumers/Page_/input_Forename_ctl00CP1ctlSearchtbForenames' is visible

2020-01-16 11:38:59 - [TEST_STEP][PASSED] - click(findTestObject("Object Repository/WebOffice/Consumers/Page_/input_Forename_ctl00CP1ctlSearchtbForenames")): Object: 'Object Repository/WebOffice/Consumers/Page_/input_Forename_ctl00CP1ctlSearchtbForenames' is clicked on

2020-01-16 11:39:00 - [MESSAGE][PASSED] - Object: 'Object Repository/WebOffice/Consumers/Page_/input_Forename_ctl00CP1ctlSearchtbForenames' is clicked on

2020-01-16 11:39:00 - [TEST_STEP][PASSED] - "-------------------------------------------------------------------------------------------------------------------------------------": null

2020-01-16 11:39:00 - [TEST_STEP][PASSED] - setText(findTestObject("Object Repository/WebOffice/Consumers/Page_/input_Forename_ctl00CP1ctlSearchtbForenames"), Forename): Text '' is set on object 'Object Repository/WebOffice/Consumers/Page_/input_Forename_ctl00CP1ctlSearchtbForenames'

2020-01-16 11:39:00 - [MESSAGE][PASSED] - Text '' is set on object 'Object Repository/WebOffice/Consumers/Page_/input_Forename_ctl00CP1ctlSearchtbForenames'

2020-01-16 11:39:00 - [TEST_STEP][PASSED] - "-------------------------------------------------------------------------------------------------------------------------------------": null

2020-01-16 11:39:00 - [TEST_STEP][PASSED] - setText(findTestObject("Object Repository/WebOffice/Consumers/Page_/input_Surname_ctl00CP1ctlSearchtbSurname"), Surname): Text '' is set on object 'Object Repository/WebOffice/Consumers/Page_/input_Surname_ctl00CP1ctlSearchtbSurname'

2020-01-16 11:39:00 - [MESSAGE][PASSED] - Text '' is set on object 'Object Repository/WebOffice/Consumers/Page_/input_Surname_ctl00CP1ctlSearchtbSurname'

2020-01-16 11:39:00 - [TEST_STEP][PASSED] - "-------------------------------------------------------------------------------------------------------------------------------------": null

2020-01-16 11:39:00 - [TEST_STEP][PASSED] - setText(findTestObject("Object Repository/WebOffice/Consumers/Page_/input_Mobile_ctl00CP1ctlSearchtbMobile"), Mobile): Text '447772534248' is set on object 'Object Repository/WebOffice/Consumers/Page_/input_Mobile_ctl00CP1ctlSearchtbMobile'

2020-01-16 11:39:00 - [MESSAGE][PASSED] - Text '447772534248' is set on object 'Object Repository/WebOffice/Consumers/Page_/input_Mobile_ctl00CP1ctlSearchtbMobile'

2020-01-16 11:39:00 - [TEST_STEP][PASSED] - "-------------------------------------------------------------------------------------------------------------------------------------": null

2020-01-16 11:39:00 - [TEST_STEP][PASSED] - setText(findTestObject("Object Repository/WebOffice/Consumers/Page_/input_Email_ctl00CP1ctlSearchtbEmail"), Email): Text '' is set on object 'Object Repository/WebOffice/Consumers/Page_/input_Email_ctl00CP1ctlSearchtbEmail'

2020-01-16 11:39:00 - [MESSAGE][PASSED] - Text '' is set on object 'Object Repository/WebOffice/Consumers/Page_/input_Email_ctl00CP1ctlSearchtbEmail'

2020-01-16 11:39:00 - [TEST_STEP][PASSED] - "-------------------------------------------------------------------------------------------------------------------------------------": null

2020-01-16 11:39:00 - [TEST_STEP][PASSED] - setText(findTestObject("Object Repository/WebOffice/Consumers/Page_/input_House_ctl00CP1ctlSearchtbHouse"), House): Text '' is set on object 'Object Repository/WebOffice/Consumers/Page_/input_House_ctl00CP1ctlSearchtbHouse'

2020-01-16 11:39:00 - [MESSAGE][PASSED] - Text '' is set on object 'Object Repository/WebOffice/Consumers/Page_/input_House_ctl00CP1ctlSearchtbHouse'

2020-01-16 11:39:00 - [TEST_STEP][PASSED] - "-------------------------------------------------------------------------------------------------------------------------------------": null

2020-01-16 11:39:00 - [TEST_STEP][PASSED] - setText(findTestObject("Object Repository/WebOffice/Consumers/Page_/input_Street_ctl00CP1ctlSearchtbStreet"), Street): Text '' is set on object 'Object Repository/WebOffice/Consumers/Page_/input_Street_ctl00CP1ctlSearchtbStreet'

2020-01-16 11:39:01 - [MESSAGE][PASSED] - Text '' is set on object 'Object Repository/WebOffice/Consumers/Page_/input_Street_ctl00CP1ctlSearchtbStreet'

2020-01-16 11:39:01 - [TEST_STEP][PASSED] - "-------------------------------------------------------------------------------------------------------------------------------------": null

2020-01-16 11:39:01 - [TEST_STEP][PASSED] - setText(findTestObject("Object Repository/WebOffice/Consumers/Page_/input_Town_ctl00CP1ctlSearchtbTown"), Town): Text '' is set on object 'Object Repository/WebOffice/Consumers/Page_/input_Town_ctl00CP1ctlSearchtbTown'

2020-01-16 11:39:01 - [MESSAGE][PASSED] - Text '' is set on object 'Object Repository/WebOffice/Consumers/Page_/input_Town_ctl00CP1ctlSearchtbTown'

2020-01-16 11:39:01 - [TEST_STEP][PASSED] - "-------------------------------------------------------------------------------------------------------------------------------------": null

2020-01-16 11:39:01 - [TEST_STEP][PASSED] - setText(findTestObject("Object Repository/WebOffice/Consumers/Page_/input_City_ctl00CP1ctlSearchtbCity"), City): Text '' is set on object 'Object Repository/WebOffice/Consumers/Page_/input_City_ctl00CP1ctlSearchtbCity'

2020-01-16 11:39:01 - [MESSAGE][PASSED] - Text '' is set on object 'Object Repository/WebOffice/Consumers/Page_/input_City_ctl00CP1ctlSearchtbCity'

2020-01-16 11:39:01 - [TEST_STEP][PASSED] - "-------------------------------------------------------------------------------------------------------------------------------------": null

2020-01-16 11:39:01 - [TEST_STEP][PASSED] - setText(findTestObject("Object Repository/WebOffice/Consumers/Page_/input_County_ctl00CP1ctlSearchtbCounty"), County): Text '' is set on object 'Object Repository/WebOffice/Consumers/Page_/input_County_ctl00CP1ctlSearchtbCounty'

2020-01-16 11:39:01 - [MESSAGE][PASSED] - Text '' is set on object 'Object Repository/WebOffice/Consumers/Page_/input_County_ctl00CP1ctlSearchtbCounty'

2020-01-16 11:39:01 - [TEST_STEP][PASSED] - "-------------------------------------------------------------------------------------------------------------------------------------": null

2020-01-16 11:39:01 - [TEST_STEP][PASSED] - setText(findTestObject("Object Repository/WebOffice/Consumers/Page_/input_Postcode_ctl00CP1ctlSearchtbPostcode"), Postcode): Text '' is set on object 'Object Repository/WebOffice/Consumers/Page_/input_Postcode_ctl00CP1ctlSearchtbPostcode'

2020-01-16 11:39:01 - [MESSAGE][PASSED] - Text '' is set on object 'Object Repository/WebOffice/Consumers/Page_/input_Postcode_ctl00CP1ctlSearchtbPostcode'

2020-01-16 11:39:01 - [TEST_STEP][PASSED] - "-------------------------------------------------------------------------------------------------------------------------------------": null

2020-01-16 11:39:01 - [TEST_STEP][PASSED] - setText(findTestObject("Object Repository/WebOffice/Consumers/Page_/input_Phone_ctl00CP1ctlSearchtbTel"), Phone): Text '' is set on object 'Object Repository/WebOffice/Consumers/Page_/input_Phone_ctl00CP1ctlSearchtbTel'

2020-01-16 11:39:01 - [MESSAGE][PASSED] - Text '' is set on object 'Object Repository/WebOffice/Consumers/Page_/input_Phone_ctl00CP1ctlSearchtbTel'

2020-01-16 11:39:01 - [TEST_STEP][PASSED] - "-------------------------------------------------------------------------------------------------------------------------------------": null

2020-01-16 11:39:01 - [TEST_STEP][PASSED] - "Set Status": null

2020-01-16 11:39:01 - [TEST_STEP][PASSED] - "-------------------------------------------------------------------------------------------------------------------------------------": null

2020-01-16 11:39:01 - [TEST_STEP][PASSED] - "Status 3 Options": null

2020-01-16 11:39:01 - [TEST_STEP][PASSED] - "-------------------------------------------------------------------------------------------------------------------------------------": null

2020-01-16 11:39:01 - [TEST_STEP][PASSED] - "Set Type": null

2020-01-16 11:39:01 - [TEST_STEP][PASSED] - "-------------------------------------------------------------------------------------------------------------------------------------": null

2020-01-16 11:39:01 - [TEST_STEP][PASSED] - "Type 3 Options": null

2020-01-16 11:39:01 - [TEST_STEP][PASSED] - "-------------------------------------------------------------------------------------------------------------------------------------": null

2020-01-16 11:39:01 - [TEST_STEP][PASSED] - click(findTestObject("Object Repository/WebOffice/Consumers/Page_/input_Clear_ctl00CP1ctlSearchbtnSearch")): Object: 'Object Repository/WebOffice/Consumers/Page_/input_Clear_ctl00CP1ctlSearchbtnSearch' is clicked on

2020-01-16 11:39:01 - [MESSAGE][PASSED] - Object: 'Object Repository/WebOffice/Consumers/Page_/input_Clear_ctl00CP1ctlSearchbtnSearch' is clicked on

2020-01-16 11:39:01 - [MESSAGE][PASSED] - Call Test Case 'Test Cases/Reusable_Test_Sequences/Web_Office/Actions/Set_Consumer_Data' successfully

2020-01-16 11:39:01 - [TEST_STEP][PASSED] - "--------------------------------------": null

2020-01-16 11:39:01 - [TEST_STEP][PASSED] - " Select Returned Record to Verify     |": null

2020-01-16 11:39:01 - [TEST_STEP][PASSED] - callTestCase(findTestCase("Reusable_Test_Sequences/Web_Office/Actions/Select_Consumer"), [:], OPTIONAL): Call Test Case 'Test Cases/Reusable_Test_Sequences/Web_Office/Actions/Select_Consumer' successfully

2020-01-16 11:39:01 - [TEST_CASE][PASSED] - Test Cases/Reusable_Test_Sequences/Web_Office/Actions/Select_Consumer: Test Cases/Reusable_Test_Sequences/Web_Office/Actions/Select_Consumer

2020-01-16 11:39:01 - [TEST_STEP][PASSED] - "--------": null

2020-01-16 11:39:01 - [TEST_STEP][PASSED] - "Search  |": null

2020-01-16 11:39:01 - [TEST_STEP][PASSED] - waitForPageLoad(60): Wait for page load successfully

2020-01-16 11:39:01 - [MESSAGE][PASSED] - Wait for page load successfully

2020-01-16 11:39:01 - [TEST_STEP][PASSED] - waitForElementClickable(findTestObject("Object Repository/WO_Consumer/Page_/input_Clear_ctl00CP1ctlSearchbtnSearch"), 60): Object 'Object Repository/WO_Consumer/Page_/input_Clear_ctl00CP1ctlSearchbtnSearch' is clickable

2020-01-16 11:39:01 - [MESSAGE][PASSED] - Object 'Object Repository/WO_Consumer/Page_/input_Clear_ctl00CP1ctlSearchbtnSearch' is clickable

2020-01-16 11:39:01 - [TEST_STEP][PASSED] - click(findTestObject("Object Repository/WO_Consumer/Page_/input_Clear_ctl00CP1ctlSearchbtnSearch")): Object: 'Object Repository/WO_Consumer/Page_/input_Clear_ctl00CP1ctlSearchbtnSearch' is clicked on

2020-01-16 11:39:02 - [MESSAGE][PASSED] - Object: 'Object Repository/WO_Consumer/Page_/input_Clear_ctl00CP1ctlSearchbtnSearch' is clicked on

2020-01-16 11:39:02 - [TEST_STEP][PASSED] - delay(5): Delayed 5 second(s)

2020-01-16 11:39:07 - [MESSAGE][PASSED] - Delayed 5 second(s)

2020-01-16 11:39:07 - [TEST_STEP][PASSED] - "--------": null

2020-01-16 11:39:07 - [TEST_STEP][PASSED] - "Synch   |": null

2020-01-16 11:39:07 - [TEST_STEP][PASSED] - waitForPageLoad(120): Wait for page load successfully

2020-01-16 11:39:07 - [MESSAGE][PASSED] - Wait for page load successfully

2020-01-16 11:39:07 - [TEST_STEP][PASSED] - waitForElementClickable(findTestObject("Object Repository/WO_Consumer/Page_/a_Feedback"), 60): Object 'Object Repository/WO_Consumer/Page_/a_Feedback' is clickable

2020-01-16 11:39:07 - [MESSAGE][PASSED] - Object 'Object Repository/WO_Consumer/Page_/a_Feedback' is clickable

2020-01-16 11:39:07 - [TEST_STEP][PASSED] - "----------------------------------------": null

2020-01-16 11:39:07 - [TEST_STEP][PASSED] - "Initial Table View (Populated or Not    |": null

2020-01-16 11:39:07 - [TEST_STEP][PASSED] - "----------------------------------------": null

2020-01-16 11:39:07 - [TEST_STEP][PASSED] - "---------------------------------------------------": null

2020-01-16 11:39:07 - [TEST_STEP][PASSED] - "If Record Exists Then rocess, Otherwise Jump Over  |": null

2020-01-16 11:39:07 - [TEST_STEP][PASSED] - "---------------------------------------------------": null

2020-01-16 11:39:07 - [TEST_STEP][PASSED] - "----------------------------------------": null

2020-01-16 11:39:07 - [TEST_STEP][PASSED] - "Initial Table Return Checks": null

2020-01-16 11:39:07 - [TEST_STEP][PASSED] - "----------------------------------------": null

2020-01-16 11:39:07 - [TEST_STEP][PASSED] - "--------": null

2020-01-16 11:39:07 - [TEST_STEP][PASSED] - "Sort    |": null

2020-01-16 11:39:07 - [TEST_STEP][PASSED] - click(findTestObject("Object Repository/WO_Consumer/Page_/a_Feedback")): Object: 'Object Repository/WO_Consumer/Page_/a_Feedback' is clicked on

2020-01-16 11:39:07 - [MESSAGE][PASSED] - Object: 'Object Repository/WO_Consumer/Page_/a_Feedback' is clicked on

2020-01-16 11:39:07 - [TEST_STEP][PASSED] - delay(5): Delayed 5 second(s)

2020-01-16 11:39:12 - [MESSAGE][PASSED] - Delayed 5 second(s)

2020-01-16 11:39:12 - [TEST_STEP][PASSED] - "--------": null

2020-01-16 11:39:12 - [TEST_STEP][PASSED] - "Sort    |": null

2020-01-16 11:39:12 - [TEST_STEP][PASSED] - click(findTestObject("Object Repository/WO_Consumer/Page_/a_Feedback")): Object: 'Object Repository/WO_Consumer/Page_/a_Feedback' is clicked on

2020-01-16 11:39:12 - [MESSAGE][PASSED] - Object: 'Object Repository/WO_Consumer/Page_/a_Feedback' is clicked on

2020-01-16 11:39:12 - [TEST_STEP][PASSED] - delay(5): Delayed 5 second(s)

2020-01-16 11:39:17 - [MESSAGE][PASSED] - Delayed 5 second(s)

2020-01-16 11:39:17 - [TEST_STEP][PASSED] - "--------": null

2020-01-16 11:39:17 - [TEST_STEP][PASSED] - "Select  |": null

2020-01-16 11:39:17 - [TEST_STEP][PASSED] - waitForElementClickable(findTestObject("WO_Consumer/Page_/td_TopRow"), 60): Object 'Object Repository/WO_Consumer/Page_/td_TopRow' is clickable

2020-01-16 11:39:18 - [MESSAGE][PASSED] - Object 'Object Repository/WO_Consumer/Page_/td_TopRow' is clickable

2020-01-16 11:39:18 - [TEST_STEP][PASSED] - click(findTestObject("WO_Consumer/Page_/td_TopRow")): Object: 'Object Repository/WO_Consumer/Page_/td_TopRow' is clicked on

2020-01-16 11:39:18 - [MESSAGE][PASSED] - Object: 'Object Repository/WO_Consumer/Page_/td_TopRow' is clicked on

2020-01-16 11:39:18 - [TEST_STEP][PASSED] - delay(1): Delayed 1 second(s)

2020-01-16 11:39:19 - [MESSAGE][PASSED] - Delayed 1 second(s)

2020-01-16 11:39:19 - [MESSAGE][PASSED] - Call Test Case 'Test Cases/Reusable_Test_Sequences/Web_Office/Actions/Select_Consumer' successfully

2020-01-16 11:39:19 - [TEST_STEP][PASSED] - "--------------------------------------": null

2020-01-16 11:39:19 - [TEST_STEP][PASSED] - " Verify Returned Consumer Record      |": null

2020-01-16 11:39:19 - [TEST_STEP][PASSED] - callTestCase(findTestCase("Reusable_Test_Sequences/Web_Office/Verification/Consumer_Returned_Search_Record"), [:], OPTIONAL): Call Test Case 'Test Cases/Reusable_Test_Sequences/Web_Office/Verification/Consumer_Returned_Search_Record' successfully

2020-01-16 11:39:19 - [TEST_CASE][PASSED] - Test Cases/Reusable_Test_Sequences/Web_Office/Verification/Consumer_Returned_Search_Record: Test Cases/Reusable_Test_Sequences/Web_Office/Verification/Consumer_Returned_Search_Record

2020-01-16 11:39:19 - [TEST_STEP][PASSED] - "--------------------------------": null

2020-01-16 11:39:19 - [TEST_STEP][PASSED] - "Read data from spreadsheet      | r_ = Returned Data": null

2020-01-16 11:39:19 - [TEST_STEP][PASSED] - data = findTestData("Data Files/Consumer_Data (1)"): null

2020-01-16 11:39:19 - [TEST_STEP][PASSED] - Consumer_ID = data.getValue("Consumer_ID", row): null

2020-01-16 11:39:19 - [TEST_STEP][PASSED] - Title = data.getValue("r_Title", row): null

2020-01-16 11:39:19 - [TEST_STEP][PASSED] - Forenames = data.getValue("r_Forenames", row): null

2020-01-16 11:39:19 - [TEST_STEP][PASSED] - Surname = data.getValue("r_Surname", row): null

2020-01-16 11:39:19 - [TEST_STEP][PASSED] - Housename = data.getValue("r_Housename", row): null

2020-01-16 11:39:19 - [TEST_STEP][PASSED] - Number_Street = data.getValue("r_Number_and_Street", row): null

2020-01-16 11:39:19 - [TEST_STEP][PASSED] - City = data.getValue("r_City", row): null

2020-01-16 11:39:19 - [TEST_STEP][PASSED] - Town = data.getValue("r_Town", row): null

2020-01-16 11:39:19 - [TEST_STEP][PASSED] - County = data.getValue("r_County", row): null

2020-01-16 11:39:19 - [TEST_STEP][PASSED] - Postcode = data.getValue("r_Postcode", row): null

2020-01-16 11:39:19 - [TEST_STEP][PASSED] - Phone1 = data.getValue("r_Phone_1", row): null

2020-01-16 11:39:19 - [TEST_STEP][PASSED] - Phone2 = data.getValue("r_Phone_2", row): null

2020-01-16 11:39:19 - [TEST_STEP][PASSED] - Fax = data.getValue("r_Fax", row): null

2020-01-16 11:39:19 - [TEST_STEP][PASSED] - r_Full_Name = data.getValue("r_Full_Name", 1): null

2020-01-16 11:39:19 - [TEST_STEP][PASSED] - r_Full_Address = data.getValue("r_Full_Address", 1): null

2020-01-16 11:39:19 - [TEST_STEP][PASSED] - "--------------------------------": null

2020-01-16 11:39:19 - [TEST_STEP][PASSED] - "Read data from spreadsheet      |": null

2020-01-16 11:39:19 - [TEST_STEP][PASSED] - Actual_Page_Text = "": null

2020-01-16 11:39:19 - [TEST_STEP][PASSED] - Expected_Page_Text = "": null

2020-01-16 11:39:19 - [TEST_STEP][PASSED] - waitForPageLoad(60): Wait for page load successfully

2020-01-16 11:39:19 - [MESSAGE][PASSED] - Wait for page load successfully

2020-01-16 11:39:19 - [TEST_STEP][PASSED] - delay(1): Delayed 1 second(s)

2020-01-16 11:39:20 - [MESSAGE][PASSED] - Delayed 1 second(s)

2020-01-16 11:39:20 - [TEST_STEP][PASSED] - "HEADER DETAIL - iFrame": null

2020-01-16 11:39:20 - [TEST_STEP][PASSED] - "----------------": null

2020-01-16 11:39:20 - [TEST_STEP][PASSED] - "Full Name       |": null

2020-01-16 11:39:20 - [TEST_STEP][PASSED] - verifyElementPresent(findTestObject("Object Repository/WO_Consumer/Page_/Page_/a_Mr Gordon Brown"), 25): Object 'Object Repository/WO_Consumer/Page_/Page_/a_Mr Gordon Brown' is present

2020-01-16 11:39:20 - [MESSAGE][PASSED] - Object 'Object Repository/WO_Consumer/Page_/Page_/a_Mr Gordon Brown' is present

2020-01-16 11:39:20 - [TEST_STEP][PASSED] - "----------------": null

2020-01-16 11:39:20 - [TEST_STEP][PASSED] - "Full Address    |": null

2020-01-16 11:39:20 - [TEST_STEP][PASSED] - verifyElementPresent(findTestObject("Object Repository/WO_Consumer/Page_/Page_/div_Haywards Heath West Sussex RH16 4ER4477_d20822"), 25): Object 'Object Repository/WO_Consumer/Page_/Page_/div_Haywards Heath West Sussex RH16 4ER4477_d20822' is present

2020-01-16 11:39:20 - [MESSAGE][PASSED] - Object 'Object Repository/WO_Consumer/Page_/Page_/div_Haywards Heath West Sussex RH16 4ER4477_d20822' is present

2020-01-16 11:39:20 - [TEST_STEP][PASSED] - "BODY DETAIL - iFrame": null

2020-01-16 11:39:20 - [TEST_STEP][PASSED] - "----------------": null

2020-01-16 11:39:20 - [TEST_STEP][PASSED] - "EDIT Consumer   |": null

2020-01-16 11:39:20 - [TEST_STEP][PASSED] - verifyElementPresent(findTestObject("Object Repository/WO_Consumer/Page_/Page_/input_Title_ctledittbTitle"), 25): Object 'Object Repository/WO_Consumer/Page_/Page_/input_Title_ctledittbTitle' is present

2020-01-16 11:39:20 - [MESSAGE][PASSED] - Object 'Object Repository/WO_Consumer/Page_/Page_/input_Title_ctledittbTitle' is present

2020-01-16 11:39:20 - [TEST_STEP][PASSED] - "----------------": null

2020-01-16 11:39:20 - [TEST_STEP][PASSED] - "Address         |": null

2020-01-16 11:39:20 - [TEST_STEP][PASSED] - verifyElementPresent(findTestObject("Object Repository/WO_Consumer/Page_/Page_/span_Please ensure the Street  Road name is_e38a58"), 25): Object 'Object Repository/WO_Consumer/Page_/Page_/span_Please ensure the Street  Road name is_e38a58' is present

2020-01-16 11:39:21 - [MESSAGE][PASSED] - Object 'Object Repository/WO_Consumer/Page_/Page_/span_Please ensure the Street  Road name is_e38a58' is present

2020-01-16 11:39:21 - [MESSAGE][PASSED] - Call Test Case 'Test Cases/Reusable_Test_Sequences/Web_Office/Verification/Consumer_Returned_Search_Record' successfully

2020-01-16 11:39:21 - [TEST_STEP][PASSED] - "--------------------------": null

2020-01-16 11:39:21 - [TEST_STEP][PASSED] - " Teardown - CLose Browser |": null

2020-01-16 11:39:21 - [TEST_STEP][PASSED] - callTestCase(findTestCase("Reusable_Test_Sequences/CAT_Teardown"), [:], OPTIONAL): Call Test Case 'Test Cases/Reusable_Test_Sequences/CAT_Teardown' successfully

2020-01-16 11:39:21 - [TEST_CASE][PASSED] - Test Cases/Reusable_Test_Sequences/CAT_Teardown: Test Cases/Reusable_Test_Sequences/CAT_Teardown

2020-01-16 11:39:21 - [TEST_STEP][PASSED] - closeBrowser(): Browser is closed

2020-01-16 11:39:21 - [MESSAGE][PASSED] - Browser is closed

2020-01-16 11:39:21 - [MESSAGE][PASSED] - Call Test Case 'Test Cases/Reusable_Test_Sequences/CAT_Teardown' successfully

2020-01-16 11:39:21 - [TEST_STEP][PASSED] - "--------------------------------------": null

2020-01-16 11:39:21 - [TEST_STEP][PASSED] - " Web Office StartUp                   |": null

2020-01-16 11:39:21 - [TEST_STEP][PASSED] - callTestCase(findTestCase("Reusable_Test_Sequences/Web_Office/Directives/WebOffice_StartUp"), [:], OPTIONAL): Call Test Case 'Test Cases/Reusable_Test_Sequences/Web_Office/Directives/WebOffice_StartUp' successfully

2020-01-16 11:39:22 - [TEST_CASE][PASSED] - Test Cases/Reusable_Test_Sequences/Web_Office/Directives/WebOffice_StartUp: Test Cases/Reusable_Test_Sequences/Web_Office/Directives/WebOffice_StartUp

2020-01-16 11:39:22 - [TEST_STEP][PASSED] - if (URL == "https://www.preview.checkatrade.com/"): null

2020-01-16 11:39:22 - [TEST_STEP][PASSED] - WebOfficeURL = "https://admin.preview.checkatrade.com/": null

2020-01-16 11:39:22 - [TEST_STEP][PASSED] - if (URL == "https://www.checkatrade.com/"): null

2020-01-16 11:39:22 - [TEST_STEP][PASSED] - "Set Function Area for "URL_Handler", URL Resolution": null

2020-01-16 11:39:22 - [TEST_STEP][PASSED] - "Do Some Magic with URL(s) See the comments within URL Handler ": null

2020-01-16 11:39:22 - [TEST_STEP][PASSED] - Username = "DavidHo": null

2020-01-16 11:39:22 - [TEST_STEP][PASSED] - Password = "Check123": null

2020-01-16 11:39:22 - [TEST_STEP][PASSED] - "------------------------------------------------": null

2020-01-16 11:39:22 - [TEST_STEP][PASSED] - "WebOfficeURL - Set from the ENVIRONMENT PROFILE ": null

2020-01-16 11:39:22 - [TEST_STEP][PASSED] - "OPEN BROWSER": null

2020-01-16 11:39:22 - [TEST_STEP][PASSED] - "eg - https://admin.preview.checkatrade.com/  ": null

2020-01-16 11:39:22 - [TEST_STEP][PASSED] - openBrowser(WebOfficeURL): Browser is opened with url: 'https://admin.preview.checkatrade.com/'

2020-01-16 11:39:22 - [MESSAGE][INFO] - Starting 'Chrome' driver

2020-01-16 11:39:28 - [MESSAGE][PASSED] - Browser is opened with url: 'https://admin.preview.checkatrade.com/'

2020-01-16 11:39:28 - [TEST_STEP][PASSED] - maximizeWindow(): Current window maximized

2020-01-16 11:39:33 - [MESSAGE][PASSED] - Current window maximized

2020-01-16 11:39:33 - [TEST_STEP][PASSED] - waitForElementClickable(findTestObject("Object Repository/WebOffice/Page_Checkatrade - Administration - Login/Login_Button"), 25): Object 'Object Repository/WebOffice/Page_Checkatrade - Administration - Login/Login_Button' is clickable

2020-01-16 11:39:33 - [MESSAGE][PASSED] - Object 'Object Repository/WebOffice/Page_Checkatrade - Administration - Login/Login_Button' is clickable

2020-01-16 11:39:33 - [TEST_STEP][PASSED] - verifyTextPresent("Checkatrade Web Office", false): Text 'Checkatrade Web Office' is present on page 

2020-01-16 11:39:33 - [MESSAGE][PASSED] - Text 'Checkatrade Web Office' is present on page 

2020-01-16 11:39:33 - [TEST_STEP][PASSED] - verifyTextPresent("Access for staff use only", false): Text 'Access for staff use only' is present on page 

2020-01-16 11:39:33 - [MESSAGE][PASSED] - Text 'Access for staff use only' is present on page 

2020-01-16 11:39:33 - [TEST_STEP][PASSED] - verifyTextPresent("Forgotten password?", false): Text 'Forgotten password?' is present on page 

2020-01-16 11:39:33 - [MESSAGE][PASSED] - Text 'Forgotten password?' is present on page 

2020-01-16 11:39:33 - [TEST_STEP][PASSED] - setText(findTestObject("Object Repository/WebOffice/Page_Checkatrade - Administration - Login/input_Username_LoginControlUserName"), Username): Text 'DavidHo' is set on object 'Object Repository/WebOffice/Page_Checkatrade - Administration - Login/input_Username_LoginControlUserName'

2020-01-16 11:39:33 - [MESSAGE][PASSED] - Text 'DavidHo' is set on object 'Object Repository/WebOffice/Page_Checkatrade - Administration - Login/input_Username_LoginControlUserName'

2020-01-16 11:39:33 - [TEST_STEP][PASSED] - setText(findTestObject("Object Repository/WebOffice/Page_Checkatrade - Administration - Login/input_Password_LoginControlPassword"), Password): Text 'Check123' is set on object 'Object Repository/WebOffice/Page_Checkatrade - Administration - Login/input_Password_LoginControlPassword'

2020-01-16 11:39:33 - [MESSAGE][PASSED] - Text 'Check123' is set on object 'Object Repository/WebOffice/Page_Checkatrade - Administration - Login/input_Password_LoginControlPassword'

2020-01-16 11:39:33 - [TEST_STEP][PASSED] - click(findTestObject("Object Repository/WebOffice/Page_Checkatrade - Administration - Login/Login_Button")): Object: 'Object Repository/WebOffice/Page_Checkatrade - Administration - Login/Login_Button' is clicked on

2020-01-16 11:39:34 - [MESSAGE][PASSED] - Object: 'Object Repository/WebOffice/Page_Checkatrade - Administration - Login/Login_Button' is clicked on

2020-01-16 11:39:34 - [TEST_STEP][PASSED] - waitForPageLoad(60): Wait for page load successfully

2020-01-16 11:39:34 - [MESSAGE][PASSED] - Wait for page load successfully

2020-01-16 11:39:34 - [TEST_STEP][PASSED] - verifyTextPresent("Welcome " + Username, false): Text 'Welcome DavidHo' is present on page 

2020-01-16 11:39:34 - [MESSAGE][PASSED] - Text 'Welcome DavidHo' is present on page 

2020-01-16 11:39:34 - [MESSAGE][PASSED] - Call Test Case 'Test Cases/Reusable_Test_Sequences/Web_Office/Directives/WebOffice_StartUp' successfully

2020-01-16 11:39:34 - [TEST_STEP][PASSED] - "--------------------------------------": null

2020-01-16 11:39:34 - [TEST_STEP][PASSED] - " Navigate to <Consumer> Menu Item     |": null

2020-01-16 11:39:34 - [TEST_STEP][PASSED] - callTestCase(findTestCase("Reusable_Test_Sequences/Web_Office/navigation/Navigate_Consumers"), [:], OPTIONAL): Call Test Case 'Test Cases/Reusable_Test_Sequences/Web_Office/navigation/Navigate_Consumers' successfully

2020-01-16 11:39:34 - [TEST_CASE][PASSED] - Test Cases/Reusable_Test_Sequences/Web_Office/navigation/Navigate_Consumers: Test Cases/Reusable_Test_Sequences/Web_Office/navigation/Navigate_Consumers

2020-01-16 11:39:34 - [TEST_STEP][PASSED] - "--------------------------------------": null

2020-01-16 11:39:34 - [TEST_STEP][PASSED] - " Navigate Top level menu Item         |": null

2020-01-16 11:39:34 - [TEST_STEP][PASSED] - waitForPageLoad(60): Wait for page load successfully

2020-01-16 11:39:34 - [MESSAGE][PASSED] - Wait for page load successfully

2020-01-16 11:39:34 - [TEST_STEP][PASSED] - waitForElementClickable(findTestObject("Object Repository/WebOffice_Home_page/a_Consumers"), 60): Object 'Object Repository/WebOffice_Home_page/a_Consumers' is clickable

2020-01-16 11:39:34 - [MESSAGE][PASSED] - Object 'Object Repository/WebOffice_Home_page/a_Consumers' is clickable

2020-01-16 11:39:34 - [TEST_STEP][PASSED] - click(findTestObject("Object Repository/WebOffice_Home_page/a_Consumers")): Object: 'Object Repository/WebOffice_Home_page/a_Consumers' is clicked on

2020-01-16 11:39:34 - [MESSAGE][PASSED] - Object: 'Object Repository/WebOffice_Home_page/a_Consumers' is clicked on

2020-01-16 11:39:34 - [MESSAGE][PASSED] - Call Test Case 'Test Cases/Reusable_Test_Sequences/Web_Office/navigation/Navigate_Consumers' successfully

2020-01-16 11:39:34 - [TEST_STEP][PASSED] - "--------------------------------------": null

2020-01-16 11:39:34 - [TEST_STEP][PASSED] - " LH Pane  - Apply Search Criteria     |": null

2020-01-16 11:39:34 - [TEST_STEP][PASSED] - callTestCase(findTestCase("Reusable_Test_Sequences/Web_Office/Actions/Set_Consumer_Data"), [:], OPTIONAL): Call Test Case 'Test Cases/Reusable_Test_Sequences/Web_Office/Actions/Set_Consumer_Data' successfully

2020-01-16 11:39:34 - [TEST_CASE][PASSED] - Test Cases/Reusable_Test_Sequences/Web_Office/Actions/Set_Consumer_Data: Test Cases/Reusable_Test_Sequences/Web_Office/Actions/Set_Consumer_Data

2020-01-16 11:39:34 - [TEST_STEP][PASSED] - "--------------------------------": null

2020-01-16 11:39:34 - [TEST_STEP][PASSED] - "Read data from spreadsheet      |": null

2020-01-16 11:39:34 - [TEST_STEP][PASSED] - data = findTestData("Data Files/Consumer_Data (1)"): null

2020-01-16 11:39:35 - [TEST_STEP][PASSED] - Forename = data.getValue("Forename", row): null

2020-01-16 11:39:35 - [TEST_STEP][PASSED] - Surname = data.getValue("Surname", row): null

2020-01-16 11:39:35 - [TEST_STEP][PASSED] - Mobile = data.getValue("Mobile", row): null

2020-01-16 11:39:35 - [TEST_STEP][PASSED] - Email = data.getValue("Email", row): null

2020-01-16 11:39:35 - [TEST_STEP][PASSED] - House = data.getValue("House", row): null

2020-01-16 11:39:35 - [TEST_STEP][PASSED] - Street = data.getValue("Street", row): null

2020-01-16 11:39:35 - [TEST_STEP][PASSED] - Town = data.getValue("Town", row): null

2020-01-16 11:39:35 - [TEST_STEP][PASSED] - City = data.getValue("City", row): null

2020-01-16 11:39:35 - [TEST_STEP][PASSED] - County = data.getValue("County", row): null

2020-01-16 11:39:35 - [TEST_STEP][PASSED] - Postcode = data.getValue("Postcode", row): null

2020-01-16 11:39:35 - [TEST_STEP][PASSED] - Phone = data.getValue("Phone", row): null

2020-01-16 11:39:35 - [TEST_STEP][PASSED] - Status = data.getValue("Status", row): null

2020-01-16 11:39:35 - [TEST_STEP][PASSED] - Type = data.getValue("Type", row): null

2020-01-16 11:39:35 - [TEST_STEP][PASSED] - Consumer_ID = data.getValue("Consumer_ID", row): null

2020-01-16 11:39:35 - [TEST_STEP][PASSED] - "--------------------------------": null

2020-01-16 11:39:35 - [TEST_STEP][PASSED] - "Read data from spreadsheet      |": null

2020-01-16 11:39:35 - [TEST_STEP][PASSED] - "--------------------------------": null

2020-01-16 11:39:35 - [TEST_STEP][PASSED] - "--------------------------------": null

2020-01-16 11:39:35 - [TEST_STEP][PASSED] - " Synchronisation                |": null

2020-01-16 11:39:35 - [TEST_STEP][PASSED] - waitForPageLoad(60): Wait for page load successfully

2020-01-16 11:39:35 - [MESSAGE][PASSED] - Wait for page load successfully

2020-01-16 11:39:35 - [TEST_STEP][PASSED] - waitForElementVisible(findTestObject("Object Repository/WebOffice/Consumers/Page_/input_Forename_ctl00CP1ctlSearchtbForenames"), 60): Object 'Object Repository/WebOffice/Consumers/Page_/input_Forename_ctl00CP1ctlSearchtbForenames' is visible

2020-01-16 11:39:35 - [MESSAGE][PASSED] - Object 'Object Repository/WebOffice/Consumers/Page_/input_Forename_ctl00CP1ctlSearchtbForenames' is visible

2020-01-16 11:39:35 - [TEST_STEP][PASSED] - click(findTestObject("Object Repository/WebOffice/Consumers/Page_/input_Forename_ctl00CP1ctlSearchtbForenames")): Object: 'Object Repository/WebOffice/Consumers/Page_/input_Forename_ctl00CP1ctlSearchtbForenames' is clicked on

2020-01-16 11:39:35 - [MESSAGE][PASSED] - Object: 'Object Repository/WebOffice/Consumers/Page_/input_Forename_ctl00CP1ctlSearchtbForenames' is clicked on

2020-01-16 11:39:35 - [TEST_STEP][PASSED] - "-------------------------------------------------------------------------------------------------------------------------------------": null

2020-01-16 11:39:35 - [TEST_STEP][PASSED] - setText(findTestObject("Object Repository/WebOffice/Consumers/Page_/input_Forename_ctl00CP1ctlSearchtbForenames"), Forename): Text 'Gordon' is set on object 'Object Repository/WebOffice/Consumers/Page_/input_Forename_ctl00CP1ctlSearchtbForenames'

2020-01-16 11:39:35 - [MESSAGE][PASSED] - Text 'Gordon' is set on object 'Object Repository/WebOffice/Consumers/Page_/input_Forename_ctl00CP1ctlSearchtbForenames'

2020-01-16 11:39:35 - [TEST_STEP][PASSED] - "-------------------------------------------------------------------------------------------------------------------------------------": null

2020-01-16 11:39:35 - [TEST_STEP][PASSED] - setText(findTestObject("Object Repository/WebOffice/Consumers/Page_/input_Surname_ctl00CP1ctlSearchtbSurname"), Surname): Text '' is set on object 'Object Repository/WebOffice/Consumers/Page_/input_Surname_ctl00CP1ctlSearchtbSurname'

2020-01-16 11:39:35 - [MESSAGE][PASSED] - Text '' is set on object 'Object Repository/WebOffice/Consumers/Page_/input_Surname_ctl00CP1ctlSearchtbSurname'

2020-01-16 11:39:35 - [TEST_STEP][PASSED] - "-------------------------------------------------------------------------------------------------------------------------------------": null

2020-01-16 11:39:35 - [TEST_STEP][PASSED] - setText(findTestObject("Object Repository/WebOffice/Consumers/Page_/input_Mobile_ctl00CP1ctlSearchtbMobile"), Mobile): Text '' is set on object 'Object Repository/WebOffice/Consumers/Page_/input_Mobile_ctl00CP1ctlSearchtbMobile'

2020-01-16 11:39:35 - [MESSAGE][PASSED] - Text '' is set on object 'Object Repository/WebOffice/Consumers/Page_/input_Mobile_ctl00CP1ctlSearchtbMobile'

2020-01-16 11:39:35 - [TEST_STEP][PASSED] - "-------------------------------------------------------------------------------------------------------------------------------------": null

2020-01-16 11:39:35 - [TEST_STEP][PASSED] - setText(findTestObject("Object Repository/WebOffice/Consumers/Page_/input_Email_ctl00CP1ctlSearchtbEmail"), Email): Text '' is set on object 'Object Repository/WebOffice/Consumers/Page_/input_Email_ctl00CP1ctlSearchtbEmail'

2020-01-16 11:39:35 - [MESSAGE][PASSED] - Text '' is set on object 'Object Repository/WebOffice/Consumers/Page_/input_Email_ctl00CP1ctlSearchtbEmail'

2020-01-16 11:39:35 - [TEST_STEP][PASSED] - "-------------------------------------------------------------------------------------------------------------------------------------": null

2020-01-16 11:39:35 - [TEST_STEP][PASSED] - setText(findTestObject("Object Repository/WebOffice/Consumers/Page_/input_House_ctl00CP1ctlSearchtbHouse"), House): Text '' is set on object 'Object Repository/WebOffice/Consumers/Page_/input_House_ctl00CP1ctlSearchtbHouse'

2020-01-16 11:39:35 - [MESSAGE][PASSED] - Text '' is set on object 'Object Repository/WebOffice/Consumers/Page_/input_House_ctl00CP1ctlSearchtbHouse'

2020-01-16 11:39:35 - [TEST_STEP][PASSED] - "-------------------------------------------------------------------------------------------------------------------------------------": null

2020-01-16 11:39:35 - [TEST_STEP][PASSED] - setText(findTestObject("Object Repository/WebOffice/Consumers/Page_/input_Street_ctl00CP1ctlSearchtbStreet"), Street): Text '2 Redwood Drive' is set on object 'Object Repository/WebOffice/Consumers/Page_/input_Street_ctl00CP1ctlSearchtbStreet'

2020-01-16 11:39:36 - [MESSAGE][PASSED] - Text '2 Redwood Drive' is set on object 'Object Repository/WebOffice/Consumers/Page_/input_Street_ctl00CP1ctlSearchtbStreet'

2020-01-16 11:39:36 - [TEST_STEP][PASSED] - "-------------------------------------------------------------------------------------------------------------------------------------": null

2020-01-16 11:39:36 - [TEST_STEP][PASSED] - setText(findTestObject("Object Repository/WebOffice/Consumers/Page_/input_Town_ctl00CP1ctlSearchtbTown"), Town): Text '' is set on object 'Object Repository/WebOffice/Consumers/Page_/input_Town_ctl00CP1ctlSearchtbTown'

2020-01-16 11:39:36 - [MESSAGE][PASSED] - Text '' is set on object 'Object Repository/WebOffice/Consumers/Page_/input_Town_ctl00CP1ctlSearchtbTown'

2020-01-16 11:39:36 - [TEST_STEP][PASSED] - "-------------------------------------------------------------------------------------------------------------------------------------": null

2020-01-16 11:39:36 - [TEST_STEP][PASSED] - setText(findTestObject("Object Repository/WebOffice/Consumers/Page_/input_City_ctl00CP1ctlSearchtbCity"), City): Text 'Haywards Heath' is set on object 'Object Repository/WebOffice/Consumers/Page_/input_City_ctl00CP1ctlSearchtbCity'

2020-01-16 11:39:36 - [MESSAGE][PASSED] - Text 'Haywards Heath' is set on object 'Object Repository/WebOffice/Consumers/Page_/input_City_ctl00CP1ctlSearchtbCity'

2020-01-16 11:39:36 - [TEST_STEP][PASSED] - "-------------------------------------------------------------------------------------------------------------------------------------": null

2020-01-16 11:39:36 - [TEST_STEP][PASSED] - setText(findTestObject("Object Repository/WebOffice/Consumers/Page_/input_County_ctl00CP1ctlSearchtbCounty"), County): Text '' is set on object 'Object Repository/WebOffice/Consumers/Page_/input_County_ctl00CP1ctlSearchtbCounty'

2020-01-16 11:39:36 - [MESSAGE][PASSED] - Text '' is set on object 'Object Repository/WebOffice/Consumers/Page_/input_County_ctl00CP1ctlSearchtbCounty'

2020-01-16 11:39:36 - [TEST_STEP][PASSED] - "-------------------------------------------------------------------------------------------------------------------------------------": null

2020-01-16 11:39:36 - [TEST_STEP][PASSED] - setText(findTestObject("Object Repository/WebOffice/Consumers/Page_/input_Postcode_ctl00CP1ctlSearchtbPostcode"), Postcode): Text '' is set on object 'Object Repository/WebOffice/Consumers/Page_/input_Postcode_ctl00CP1ctlSearchtbPostcode'

2020-01-16 11:39:36 - [MESSAGE][PASSED] - Text '' is set on object 'Object Repository/WebOffice/Consumers/Page_/input_Postcode_ctl00CP1ctlSearchtbPostcode'

2020-01-16 11:39:36 - [TEST_STEP][PASSED] - "-------------------------------------------------------------------------------------------------------------------------------------": null

2020-01-16 11:39:36 - [TEST_STEP][PASSED] - setText(findTestObject("Object Repository/WebOffice/Consumers/Page_/input_Phone_ctl00CP1ctlSearchtbTel"), Phone): Text '' is set on object 'Object Repository/WebOffice/Consumers/Page_/input_Phone_ctl00CP1ctlSearchtbTel'

2020-01-16 11:39:37 - [MESSAGE][PASSED] - Text '' is set on object 'Object Repository/WebOffice/Consumers/Page_/input_Phone_ctl00CP1ctlSearchtbTel'

2020-01-16 11:39:37 - [TEST_STEP][PASSED] - "-------------------------------------------------------------------------------------------------------------------------------------": null

2020-01-16 11:39:37 - [TEST_STEP][PASSED] - "Set Status": null

2020-01-16 11:39:37 - [TEST_STEP][PASSED] - "-------------------------------------------------------------------------------------------------------------------------------------": null

2020-01-16 11:39:37 - [TEST_STEP][PASSED] - "Status 3 Options": null

2020-01-16 11:39:37 - [TEST_STEP][PASSED] - "-------------------------------------------------------------------------------------------------------------------------------------": null

2020-01-16 11:39:37 - [TEST_STEP][PASSED] - "Set Type": null

2020-01-16 11:39:37 - [TEST_STEP][PASSED] - "-------------------------------------------------------------------------------------------------------------------------------------": null

2020-01-16 11:39:37 - [TEST_STEP][PASSED] - "Type 3 Options": null

2020-01-16 11:39:37 - [TEST_STEP][PASSED] - "-------------------------------------------------------------------------------------------------------------------------------------": null

2020-01-16 11:39:37 - [TEST_STEP][PASSED] - click(findTestObject("Object Repository/WebOffice/Consumers/Page_/input_Clear_ctl00CP1ctlSearchbtnSearch")): Object: 'Object Repository/WebOffice/Consumers/Page_/input_Clear_ctl00CP1ctlSearchbtnSearch' is clicked on

2020-01-16 11:39:37 - [MESSAGE][PASSED] - Object: 'Object Repository/WebOffice/Consumers/Page_/input_Clear_ctl00CP1ctlSearchbtnSearch' is clicked on

2020-01-16 11:39:37 - [MESSAGE][PASSED] - Call Test Case 'Test Cases/Reusable_Test_Sequences/Web_Office/Actions/Set_Consumer_Data' successfully

2020-01-16 11:39:37 - [TEST_STEP][PASSED] - "--------------------------------------": null

2020-01-16 11:39:37 - [TEST_STEP][PASSED] - " Select Returned Record to Verify     |": null

2020-01-16 11:39:37 - [TEST_STEP][PASSED] - callTestCase(findTestCase("Reusable_Test_Sequences/Web_Office/Actions/Select_Consumer"), [:], OPTIONAL): Call Test Case 'Test Cases/Reusable_Test_Sequences/Web_Office/Actions/Select_Consumer' successfully

2020-01-16 11:39:37 - [TEST_CASE][PASSED] - Test Cases/Reusable_Test_Sequences/Web_Office/Actions/Select_Consumer: Test Cases/Reusable_Test_Sequences/Web_Office/Actions/Select_Consumer

2020-01-16 11:39:37 - [TEST_STEP][PASSED] - "--------": null

2020-01-16 11:39:37 - [TEST_STEP][PASSED] - "Search  |": null

2020-01-16 11:39:37 - [TEST_STEP][PASSED] - waitForPageLoad(60): Wait for page load successfully

2020-01-16 11:39:37 - [MESSAGE][PASSED] - Wait for page load successfully

2020-01-16 11:39:37 - [TEST_STEP][PASSED] - waitForElementClickable(findTestObject("Object Repository/WO_Consumer/Page_/input_Clear_ctl00CP1ctlSearchbtnSearch"), 60): Object 'Object Repository/WO_Consumer/Page_/input_Clear_ctl00CP1ctlSearchbtnSearch' is clickable

2020-01-16 11:39:37 - [MESSAGE][PASSED] - Object 'Object Repository/WO_Consumer/Page_/input_Clear_ctl00CP1ctlSearchbtnSearch' is clickable

2020-01-16 11:39:37 - [TEST_STEP][PASSED] - click(findTestObject("Object Repository/WO_Consumer/Page_/input_Clear_ctl00CP1ctlSearchbtnSearch")): Object: 'Object Repository/WO_Consumer/Page_/input_Clear_ctl00CP1ctlSearchbtnSearch' is clicked on

2020-01-16 11:39:37 - [MESSAGE][PASSED] - Object: 'Object Repository/WO_Consumer/Page_/input_Clear_ctl00CP1ctlSearchbtnSearch' is clicked on

2020-01-16 11:39:37 - [TEST_STEP][PASSED] - delay(5): Delayed 5 second(s)

2020-01-16 11:39:42 - [MESSAGE][PASSED] - Delayed 5 second(s)

2020-01-16 11:39:42 - [TEST_STEP][PASSED] - "--------": null

2020-01-16 11:39:42 - [TEST_STEP][PASSED] - "Synch   |": null

2020-01-16 11:39:42 - [TEST_STEP][PASSED] - waitForPageLoad(120): Wait for page load successfully

2020-01-16 11:39:42 - [MESSAGE][PASSED] - Wait for page load successfully

2020-01-16 11:39:42 - [TEST_STEP][PASSED] - waitForElementClickable(findTestObject("Object Repository/WO_Consumer/Page_/a_Feedback"), 60): Object 'Object Repository/WO_Consumer/Page_/a_Feedback' is clickable

2020-01-16 11:39:46 - [MESSAGE][PASSED] - Object 'Object Repository/WO_Consumer/Page_/a_Feedback' is clickable

2020-01-16 11:39:46 - [TEST_STEP][PASSED] - "----------------------------------------": null

2020-01-16 11:39:46 - [TEST_STEP][PASSED] - "Initial Table View (Populated or Not    |": null

2020-01-16 11:39:46 - [TEST_STEP][PASSED] - "----------------------------------------": null

2020-01-16 11:39:46 - [TEST_STEP][PASSED] - "---------------------------------------------------": null

2020-01-16 11:39:46 - [TEST_STEP][PASSED] - "If Record Exists Then rocess, Otherwise Jump Over  |": null

2020-01-16 11:39:46 - [TEST_STEP][PASSED] - "---------------------------------------------------": null

2020-01-16 11:39:46 - [TEST_STEP][PASSED] - "----------------------------------------": null

2020-01-16 11:39:46 - [TEST_STEP][PASSED] - "Initial Table Return Checks": null

2020-01-16 11:39:46 - [TEST_STEP][PASSED] - "----------------------------------------": null

2020-01-16 11:39:46 - [TEST_STEP][PASSED] - "--------": null

2020-01-16 11:39:46 - [TEST_STEP][PASSED] - "Sort    |": null

2020-01-16 11:39:46 - [TEST_STEP][PASSED] - click(findTestObject("Object Repository/WO_Consumer/Page_/a_Feedback")): Object: 'Object Repository/WO_Consumer/Page_/a_Feedback' is clicked on

2020-01-16 11:39:46 - [MESSAGE][PASSED] - Object: 'Object Repository/WO_Consumer/Page_/a_Feedback' is clicked on

2020-01-16 11:39:46 - [TEST_STEP][PASSED] - delay(5): Delayed 5 second(s)

2020-01-16 11:39:51 - [MESSAGE][PASSED] - Delayed 5 second(s)

2020-01-16 11:39:51 - [TEST_STEP][PASSED] - "--------": null

2020-01-16 11:39:51 - [TEST_STEP][PASSED] - "Sort    |": null

2020-01-16 11:39:51 - [TEST_STEP][PASSED] - click(findTestObject("Object Repository/WO_Consumer/Page_/a_Feedback")): Object: 'Object Repository/WO_Consumer/Page_/a_Feedback' is clicked on

2020-01-16 11:39:51 - [MESSAGE][PASSED] - Object: 'Object Repository/WO_Consumer/Page_/a_Feedback' is clicked on

2020-01-16 11:39:51 - [TEST_STEP][PASSED] - delay(5): Delayed 5 second(s)

2020-01-16 11:39:56 - [MESSAGE][PASSED] - Delayed 5 second(s)

2020-01-16 11:39:56 - [TEST_STEP][PASSED] - "--------": null

2020-01-16 11:39:56 - [TEST_STEP][PASSED] - "Select  |": null

2020-01-16 11:39:56 - [TEST_STEP][PASSED] - waitForElementClickable(findTestObject("WO_Consumer/Page_/td_TopRow"), 60): Object 'Object Repository/WO_Consumer/Page_/td_TopRow' is clickable

2020-01-16 11:39:56 - [MESSAGE][PASSED] - Object 'Object Repository/WO_Consumer/Page_/td_TopRow' is clickable

2020-01-16 11:39:56 - [TEST_STEP][PASSED] - click(findTestObject("WO_Consumer/Page_/td_TopRow")): Object: 'Object Repository/WO_Consumer/Page_/td_TopRow' is clicked on

2020-01-16 11:39:57 - [MESSAGE][PASSED] - Object: 'Object Repository/WO_Consumer/Page_/td_TopRow' is clicked on

2020-01-16 11:39:57 - [TEST_STEP][PASSED] - delay(1): Delayed 1 second(s)

2020-01-16 11:39:58 - [MESSAGE][PASSED] - Delayed 1 second(s)

2020-01-16 11:39:58 - [MESSAGE][PASSED] - Call Test Case 'Test Cases/Reusable_Test_Sequences/Web_Office/Actions/Select_Consumer' successfully

2020-01-16 11:39:58 - [TEST_STEP][PASSED] - "--------------------------------------": null

2020-01-16 11:39:58 - [TEST_STEP][PASSED] - " Verify Returned Consumer Record      |": null

2020-01-16 11:39:58 - [TEST_STEP][PASSED] - callTestCase(findTestCase("Reusable_Test_Sequences/Web_Office/Verification/Consumer_Returned_Search_Record"), [:], OPTIONAL): Call Test Case 'Test Cases/Reusable_Test_Sequences/Web_Office/Verification/Consumer_Returned_Search_Record' successfully

2020-01-16 11:39:58 - [TEST_CASE][PASSED] - Test Cases/Reusable_Test_Sequences/Web_Office/Verification/Consumer_Returned_Search_Record: Test Cases/Reusable_Test_Sequences/Web_Office/Verification/Consumer_Returned_Search_Record

2020-01-16 11:39:58 - [TEST_STEP][PASSED] - "--------------------------------": null

2020-01-16 11:39:58 - [TEST_STEP][PASSED] - "Read data from spreadsheet      | r_ = Returned Data": null

2020-01-16 11:39:58 - [TEST_STEP][PASSED] - data = findTestData("Data Files/Consumer_Data (1)"): null

2020-01-16 11:39:58 - [TEST_STEP][PASSED] - Consumer_ID = data.getValue("Consumer_ID", row): null

2020-01-16 11:39:58 - [TEST_STEP][PASSED] - Title = data.getValue("r_Title", row): null

2020-01-16 11:39:58 - [TEST_STEP][PASSED] - Forenames = data.getValue("r_Forenames", row): null

2020-01-16 11:39:58 - [TEST_STEP][PASSED] - Surname = data.getValue("r_Surname", row): null

2020-01-16 11:39:58 - [TEST_STEP][PASSED] - Housename = data.getValue("r_Housename", row): null

2020-01-16 11:39:58 - [TEST_STEP][PASSED] - Number_Street = data.getValue("r_Number_and_Street", row): null

2020-01-16 11:39:58 - [TEST_STEP][PASSED] - City = data.getValue("r_City", row): null

2020-01-16 11:39:58 - [TEST_STEP][PASSED] - Town = data.getValue("r_Town", row): null

2020-01-16 11:39:58 - [TEST_STEP][PASSED] - County = data.getValue("r_County", row): null

2020-01-16 11:39:58 - [TEST_STEP][PASSED] - Postcode = data.getValue("r_Postcode", row): null

2020-01-16 11:39:58 - [TEST_STEP][PASSED] - Phone1 = data.getValue("r_Phone_1", row): null

2020-01-16 11:39:58 - [TEST_STEP][PASSED] - Phone2 = data.getValue("r_Phone_2", row): null

2020-01-16 11:39:58 - [TEST_STEP][PASSED] - Fax = data.getValue("r_Fax", row): null

2020-01-16 11:39:58 - [TEST_STEP][PASSED] - r_Full_Name = data.getValue("r_Full_Name", 1): null

2020-01-16 11:39:58 - [TEST_STEP][PASSED] - r_Full_Address = data.getValue("r_Full_Address", 1): null

2020-01-16 11:39:58 - [TEST_STEP][PASSED] - "--------------------------------": null

2020-01-16 11:39:58 - [TEST_STEP][PASSED] - "Read data from spreadsheet      |": null

2020-01-16 11:39:58 - [TEST_STEP][PASSED] - Actual_Page_Text = "": null

2020-01-16 11:39:58 - [TEST_STEP][PASSED] - Expected_Page_Text = "": null

2020-01-16 11:39:58 - [TEST_STEP][PASSED] - waitForPageLoad(60): Wait for page load successfully

2020-01-16 11:39:58 - [MESSAGE][PASSED] - Wait for page load successfully

2020-01-16 11:39:58 - [TEST_STEP][PASSED] - delay(1): Delayed 1 second(s)

2020-01-16 11:39:59 - [MESSAGE][PASSED] - Delayed 1 second(s)

2020-01-16 11:39:59 - [TEST_STEP][PASSED] - "HEADER DETAIL - iFrame": null

2020-01-16 11:39:59 - [TEST_STEP][PASSED] - "----------------": null

2020-01-16 11:39:59 - [TEST_STEP][PASSED] - "Full Name       |": null

2020-01-16 11:39:59 - [TEST_STEP][PASSED] - verifyElementPresent(findTestObject("Object Repository/WO_Consumer/Page_/Page_/a_Mr Gordon Brown"), 25): Object 'Object Repository/WO_Consumer/Page_/Page_/a_Mr Gordon Brown' is present

2020-01-16 11:39:59 - [MESSAGE][PASSED] - Object 'Object Repository/WO_Consumer/Page_/Page_/a_Mr Gordon Brown' is present

2020-01-16 11:39:59 - [TEST_STEP][PASSED] - "----------------": null

2020-01-16 11:39:59 - [TEST_STEP][PASSED] - "Full Address    |": null

2020-01-16 11:39:59 - [TEST_STEP][PASSED] - verifyElementPresent(findTestObject("Object Repository/WO_Consumer/Page_/Page_/div_Haywards Heath West Sussex RH16 4ER4477_d20822"), 25): Object 'Object Repository/WO_Consumer/Page_/Page_/div_Haywards Heath West Sussex RH16 4ER4477_d20822' is present

2020-01-16 11:39:59 - [MESSAGE][PASSED] - Object 'Object Repository/WO_Consumer/Page_/Page_/div_Haywards Heath West Sussex RH16 4ER4477_d20822' is present

2020-01-16 11:39:59 - [TEST_STEP][PASSED] - "BODY DETAIL - iFrame": null

2020-01-16 11:39:59 - [TEST_STEP][PASSED] - "----------------": null

2020-01-16 11:39:59 - [TEST_STEP][PASSED] - "EDIT Consumer   |": null

2020-01-16 11:39:59 - [TEST_STEP][PASSED] - verifyElementPresent(findTestObject("Object Repository/WO_Consumer/Page_/Page_/input_Title_ctledittbTitle"), 25): Object 'Object Repository/WO_Consumer/Page_/Page_/input_Title_ctledittbTitle' is present

2020-01-16 11:40:00 - [MESSAGE][PASSED] - Object 'Object Repository/WO_Consumer/Page_/Page_/input_Title_ctledittbTitle' is present

2020-01-16 11:40:00 - [TEST_STEP][PASSED] - "----------------": null

2020-01-16 11:40:00 - [TEST_STEP][PASSED] - "Address         |": null

2020-01-16 11:40:00 - [TEST_STEP][PASSED] - verifyElementPresent(findTestObject("Object Repository/WO_Consumer/Page_/Page_/span_Please ensure the Street  Road name is_e38a58"), 25): Object 'Object Repository/WO_Consumer/Page_/Page_/span_Please ensure the Street  Road name is_e38a58' is present

2020-01-16 11:40:00 - [MESSAGE][PASSED] - Object 'Object Repository/WO_Consumer/Page_/Page_/span_Please ensure the Street  Road name is_e38a58' is present

2020-01-16 11:40:00 - [MESSAGE][PASSED] - Call Test Case 'Test Cases/Reusable_Test_Sequences/Web_Office/Verification/Consumer_Returned_Search_Record' successfully

2020-01-16 11:40:00 - [TEST_STEP][PASSED] - "--------------------------": null

2020-01-16 11:40:00 - [TEST_STEP][PASSED] - " Teardown - CLose Browser |": null

2020-01-16 11:40:00 - [TEST_STEP][PASSED] - callTestCase(findTestCase("Reusable_Test_Sequences/CAT_Teardown"), [:], OPTIONAL): Call Test Case 'Test Cases/Reusable_Test_Sequences/CAT_Teardown' successfully

2020-01-16 11:40:00 - [TEST_CASE][PASSED] - Test Cases/Reusable_Test_Sequences/CAT_Teardown: Test Cases/Reusable_Test_Sequences/CAT_Teardown

2020-01-16 11:40:00 - [TEST_STEP][PASSED] - closeBrowser(): Browser is closed

2020-01-16 11:40:01 - [MESSAGE][PASSED] - Browser is closed

2020-01-16 11:40:01 - [MESSAGE][PASSED] - Call Test Case 'Test Cases/Reusable_Test_Sequences/CAT_Teardown' successfully

2020-01-16 11:40:01 - [TEST_STEP][PASSED] - "--------------------------------------": null

2020-01-16 11:40:01 - [TEST_STEP][PASSED] - " Web Office StartUp                   |": null

2020-01-16 11:40:01 - [TEST_STEP][PASSED] - callTestCase(findTestCase("Reusable_Test_Sequences/Web_Office/Directives/WebOffice_StartUp"), [:], OPTIONAL): Call Test Case 'Test Cases/Reusable_Test_Sequences/Web_Office/Directives/WebOffice_StartUp' successfully

2020-01-16 11:40:01 - [TEST_CASE][PASSED] - Test Cases/Reusable_Test_Sequences/Web_Office/Directives/WebOffice_StartUp: Test Cases/Reusable_Test_Sequences/Web_Office/Directives/WebOffice_StartUp

2020-01-16 11:40:01 - [TEST_STEP][PASSED] - if (URL == "https://www.preview.checkatrade.com/"): null

2020-01-16 11:40:01 - [TEST_STEP][PASSED] - WebOfficeURL = "https://admin.preview.checkatrade.com/": null

2020-01-16 11:40:01 - [TEST_STEP][PASSED] - if (URL == "https://www.checkatrade.com/"): null

2020-01-16 11:40:01 - [TEST_STEP][PASSED] - "Set Function Area for "URL_Handler", URL Resolution": null

2020-01-16 11:40:01 - [TEST_STEP][PASSED] - "Do Some Magic with URL(s) See the comments within URL Handler ": null

2020-01-16 11:40:01 - [TEST_STEP][PASSED] - Username = "DavidHo": null

2020-01-16 11:40:01 - [TEST_STEP][PASSED] - Password = "Check123": null

2020-01-16 11:40:01 - [TEST_STEP][PASSED] - "------------------------------------------------": null

2020-01-16 11:40:01 - [TEST_STEP][PASSED] - "WebOfficeURL - Set from the ENVIRONMENT PROFILE ": null

2020-01-16 11:40:01 - [TEST_STEP][PASSED] - "OPEN BROWSER": null

2020-01-16 11:40:01 - [TEST_STEP][PASSED] - "eg - https://admin.preview.checkatrade.com/  ": null

2020-01-16 11:40:01 - [TEST_STEP][PASSED] - openBrowser(WebOfficeURL): Browser is opened with url: 'https://admin.preview.checkatrade.com/'

2020-01-16 11:40:01 - [MESSAGE][INFO] - Starting 'Chrome' driver

2020-01-16 11:40:07 - [MESSAGE][PASSED] - Browser is opened with url: 'https://admin.preview.checkatrade.com/'

2020-01-16 11:40:07 - [TEST_STEP][PASSED] - maximizeWindow(): Current window maximized

2020-01-16 11:40:11 - [MESSAGE][PASSED] - Current window maximized

2020-01-16 11:40:11 - [TEST_STEP][PASSED] - waitForElementClickable(findTestObject("Object Repository/WebOffice/Page_Checkatrade - Administration - Login/Login_Button"), 25): Object 'Object Repository/WebOffice/Page_Checkatrade - Administration - Login/Login_Button' is clickable

2020-01-16 11:40:12 - [MESSAGE][PASSED] - Object 'Object Repository/WebOffice/Page_Checkatrade - Administration - Login/Login_Button' is clickable

2020-01-16 11:40:12 - [TEST_STEP][PASSED] - verifyTextPresent("Checkatrade Web Office", false): Text 'Checkatrade Web Office' is present on page 

2020-01-16 11:40:12 - [MESSAGE][PASSED] - Text 'Checkatrade Web Office' is present on page 

2020-01-16 11:40:12 - [TEST_STEP][PASSED] - verifyTextPresent("Access for staff use only", false): Text 'Access for staff use only' is present on page 

2020-01-16 11:40:12 - [MESSAGE][PASSED] - Text 'Access for staff use only' is present on page 

2020-01-16 11:40:12 - [TEST_STEP][PASSED] - verifyTextPresent("Forgotten password?", false): Text 'Forgotten password?' is present on page 

2020-01-16 11:40:12 - [MESSAGE][PASSED] - Text 'Forgotten password?' is present on page 

2020-01-16 11:40:12 - [TEST_STEP][PASSED] - setText(findTestObject("Object Repository/WebOffice/Page_Checkatrade - Administration - Login/input_Username_LoginControlUserName"), Username): Text 'DavidHo' is set on object 'Object Repository/WebOffice/Page_Checkatrade - Administration - Login/input_Username_LoginControlUserName'

2020-01-16 11:40:12 - [MESSAGE][PASSED] - Text 'DavidHo' is set on object 'Object Repository/WebOffice/Page_Checkatrade - Administration - Login/input_Username_LoginControlUserName'

2020-01-16 11:40:12 - [TEST_STEP][PASSED] - setText(findTestObject("Object Repository/WebOffice/Page_Checkatrade - Administration - Login/input_Password_LoginControlPassword"), Password): Text 'Check123' is set on object 'Object Repository/WebOffice/Page_Checkatrade - Administration - Login/input_Password_LoginControlPassword'

2020-01-16 11:40:12 - [MESSAGE][PASSED] - Text 'Check123' is set on object 'Object Repository/WebOffice/Page_Checkatrade - Administration - Login/input_Password_LoginControlPassword'

2020-01-16 11:40:12 - [TEST_STEP][PASSED] - click(findTestObject("Object Repository/WebOffice/Page_Checkatrade - Administration - Login/Login_Button")): Object: 'Object Repository/WebOffice/Page_Checkatrade - Administration - Login/Login_Button' is clicked on

2020-01-16 11:40:13 - [MESSAGE][PASSED] - Object: 'Object Repository/WebOffice/Page_Checkatrade - Administration - Login/Login_Button' is clicked on

2020-01-16 11:40:13 - [TEST_STEP][PASSED] - waitForPageLoad(60): Wait for page load successfully

2020-01-16 11:40:13 - [MESSAGE][PASSED] - Wait for page load successfully

2020-01-16 11:40:13 - [TEST_STEP][PASSED] - verifyTextPresent("Welcome " + Username, false): Text 'Welcome DavidHo' is present on page 

2020-01-16 11:40:13 - [MESSAGE][PASSED] - Text 'Welcome DavidHo' is present on page 

2020-01-16 11:40:13 - [MESSAGE][PASSED] - Call Test Case 'Test Cases/Reusable_Test_Sequences/Web_Office/Directives/WebOffice_StartUp' successfully

2020-01-16 11:40:13 - [TEST_STEP][PASSED] - "--------------------------------------": null

2020-01-16 11:40:13 - [TEST_STEP][PASSED] - " Navigate to <Consumer> Menu Item     |": null

2020-01-16 11:40:13 - [TEST_STEP][PASSED] - callTestCase(findTestCase("Reusable_Test_Sequences/Web_Office/navigation/Navigate_Consumers"), [:], OPTIONAL): Call Test Case 'Test Cases/Reusable_Test_Sequences/Web_Office/navigation/Navigate_Consumers' successfully

2020-01-16 11:40:13 - [TEST_CASE][PASSED] - Test Cases/Reusable_Test_Sequences/Web_Office/navigation/Navigate_Consumers: Test Cases/Reusable_Test_Sequences/Web_Office/navigation/Navigate_Consumers

2020-01-16 11:40:13 - [TEST_STEP][PASSED] - "--------------------------------------": null

2020-01-16 11:40:13 - [TEST_STEP][PASSED] - " Navigate Top level menu Item         |": null

2020-01-16 11:40:13 - [TEST_STEP][PASSED] - waitForPageLoad(60): Wait for page load successfully

2020-01-16 11:40:13 - [MESSAGE][PASSED] - Wait for page load successfully

2020-01-16 11:40:13 - [TEST_STEP][PASSED] - waitForElementClickable(findTestObject("Object Repository/WebOffice_Home_page/a_Consumers"), 60): Object 'Object Repository/WebOffice_Home_page/a_Consumers' is clickable

2020-01-16 11:40:13 - [MESSAGE][PASSED] - Object 'Object Repository/WebOffice_Home_page/a_Consumers' is clickable

2020-01-16 11:40:13 - [TEST_STEP][PASSED] - click(findTestObject("Object Repository/WebOffice_Home_page/a_Consumers")): Object: 'Object Repository/WebOffice_Home_page/a_Consumers' is clicked on

2020-01-16 11:40:14 - [MESSAGE][PASSED] - Object: 'Object Repository/WebOffice_Home_page/a_Consumers' is clicked on

2020-01-16 11:40:14 - [MESSAGE][PASSED] - Call Test Case 'Test Cases/Reusable_Test_Sequences/Web_Office/navigation/Navigate_Consumers' successfully

2020-01-16 11:40:14 - [TEST_STEP][PASSED] - "--------------------------------------": null

2020-01-16 11:40:14 - [TEST_STEP][PASSED] - " LH Pane  - Apply Search Criteria     |": null

2020-01-16 11:40:14 - [TEST_STEP][PASSED] - callTestCase(findTestCase("Reusable_Test_Sequences/Web_Office/Actions/Set_Consumer_Data"), [:], OPTIONAL): Call Test Case 'Test Cases/Reusable_Test_Sequences/Web_Office/Actions/Set_Consumer_Data' successfully

2020-01-16 11:40:14 - [TEST_CASE][PASSED] - Test Cases/Reusable_Test_Sequences/Web_Office/Actions/Set_Consumer_Data: Test Cases/Reusable_Test_Sequences/Web_Office/Actions/Set_Consumer_Data

2020-01-16 11:40:14 - [TEST_STEP][PASSED] - "--------------------------------": null

2020-01-16 11:40:14 - [TEST_STEP][PASSED] - "Read data from spreadsheet      |": null

2020-01-16 11:40:14 - [TEST_STEP][PASSED] - data = findTestData("Data Files/Consumer_Data (1)"): null

2020-01-16 11:40:14 - [TEST_STEP][PASSED] - Forename = data.getValue("Forename", row): null

2020-01-16 11:40:14 - [TEST_STEP][PASSED] - Surname = data.getValue("Surname", row): null

2020-01-16 11:40:14 - [TEST_STEP][PASSED] - Mobile = data.getValue("Mobile", row): null

2020-01-16 11:40:14 - [TEST_STEP][PASSED] - Email = data.getValue("Email", row): null

2020-01-16 11:40:14 - [TEST_STEP][PASSED] - House = data.getValue("House", row): null

2020-01-16 11:40:14 - [TEST_STEP][PASSED] - Street = data.getValue("Street", row): null

2020-01-16 11:40:14 - [TEST_STEP][PASSED] - Town = data.getValue("Town", row): null

2020-01-16 11:40:14 - [TEST_STEP][PASSED] - City = data.getValue("City", row): null

2020-01-16 11:40:14 - [TEST_STEP][PASSED] - County = data.getValue("County", row): null

2020-01-16 11:40:14 - [TEST_STEP][PASSED] - Postcode = data.getValue("Postcode", row): null

2020-01-16 11:40:14 - [TEST_STEP][PASSED] - Phone = data.getValue("Phone", row): null

2020-01-16 11:40:14 - [TEST_STEP][PASSED] - Status = data.getValue("Status", row): null

2020-01-16 11:40:14 - [TEST_STEP][PASSED] - Type = data.getValue("Type", row): null

2020-01-16 11:40:14 - [TEST_STEP][PASSED] - Consumer_ID = data.getValue("Consumer_ID", row): null

2020-01-16 11:40:14 - [TEST_STEP][PASSED] - "--------------------------------": null

2020-01-16 11:40:14 - [TEST_STEP][PASSED] - "Read data from spreadsheet      |": null

2020-01-16 11:40:14 - [TEST_STEP][PASSED] - "--------------------------------": null

2020-01-16 11:40:14 - [TEST_STEP][PASSED] - "--------------------------------": null

2020-01-16 11:40:14 - [TEST_STEP][PASSED] - " Synchronisation                |": null

2020-01-16 11:40:14 - [TEST_STEP][PASSED] - waitForPageLoad(60): Wait for page load successfully

2020-01-16 11:40:14 - [MESSAGE][PASSED] - Wait for page load successfully

2020-01-16 11:40:14 - [TEST_STEP][PASSED] - waitForElementVisible(findTestObject("Object Repository/WebOffice/Consumers/Page_/input_Forename_ctl00CP1ctlSearchtbForenames"), 60): Object 'Object Repository/WebOffice/Consumers/Page_/input_Forename_ctl00CP1ctlSearchtbForenames' is visible

2020-01-16 11:40:14 - [MESSAGE][PASSED] - Object 'Object Repository/WebOffice/Consumers/Page_/input_Forename_ctl00CP1ctlSearchtbForenames' is visible

2020-01-16 11:40:14 - [TEST_STEP][PASSED] - click(findTestObject("Object Repository/WebOffice/Consumers/Page_/input_Forename_ctl00CP1ctlSearchtbForenames")): Object: 'Object Repository/WebOffice/Consumers/Page_/input_Forename_ctl00CP1ctlSearchtbForenames' is clicked on

2020-01-16 11:40:14 - [MESSAGE][PASSED] - Object: 'Object Repository/WebOffice/Consumers/Page_/input_Forename_ctl00CP1ctlSearchtbForenames' is clicked on

2020-01-16 11:40:14 - [TEST_STEP][PASSED] - "-------------------------------------------------------------------------------------------------------------------------------------": null

2020-01-16 11:40:14 - [TEST_STEP][PASSED] - setText(findTestObject("Object Repository/WebOffice/Consumers/Page_/input_Forename_ctl00CP1ctlSearchtbForenames"), Forename): Text '' is set on object 'Object Repository/WebOffice/Consumers/Page_/input_Forename_ctl00CP1ctlSearchtbForenames'

2020-01-16 11:40:14 - [MESSAGE][PASSED] - Text '' is set on object 'Object Repository/WebOffice/Consumers/Page_/input_Forename_ctl00CP1ctlSearchtbForenames'

2020-01-16 11:40:14 - [TEST_STEP][PASSED] - "-------------------------------------------------------------------------------------------------------------------------------------": null

2020-01-16 11:40:14 - [TEST_STEP][PASSED] - setText(findTestObject("Object Repository/WebOffice/Consumers/Page_/input_Surname_ctl00CP1ctlSearchtbSurname"), Surname): Text 'Brown' is set on object 'Object Repository/WebOffice/Consumers/Page_/input_Surname_ctl00CP1ctlSearchtbSurname'

2020-01-16 11:40:15 - [MESSAGE][PASSED] - Text 'Brown' is set on object 'Object Repository/WebOffice/Consumers/Page_/input_Surname_ctl00CP1ctlSearchtbSurname'

2020-01-16 11:40:15 - [TEST_STEP][PASSED] - "-------------------------------------------------------------------------------------------------------------------------------------": null

2020-01-16 11:40:15 - [TEST_STEP][PASSED] - setText(findTestObject("Object Repository/WebOffice/Consumers/Page_/input_Mobile_ctl00CP1ctlSearchtbMobile"), Mobile): Text '' is set on object 'Object Repository/WebOffice/Consumers/Page_/input_Mobile_ctl00CP1ctlSearchtbMobile'

2020-01-16 11:40:15 - [MESSAGE][PASSED] - Text '' is set on object 'Object Repository/WebOffice/Consumers/Page_/input_Mobile_ctl00CP1ctlSearchtbMobile'

2020-01-16 11:40:15 - [TEST_STEP][PASSED] - "-------------------------------------------------------------------------------------------------------------------------------------": null

2020-01-16 11:40:15 - [TEST_STEP][PASSED] - setText(findTestObject("Object Repository/WebOffice/Consumers/Page_/input_Email_ctl00CP1ctlSearchtbEmail"), Email): Text '' is set on object 'Object Repository/WebOffice/Consumers/Page_/input_Email_ctl00CP1ctlSearchtbEmail'

2020-01-16 11:40:15 - [MESSAGE][PASSED] - Text '' is set on object 'Object Repository/WebOffice/Consumers/Page_/input_Email_ctl00CP1ctlSearchtbEmail'

2020-01-16 11:40:15 - [TEST_STEP][PASSED] - "-------------------------------------------------------------------------------------------------------------------------------------": null

2020-01-16 11:40:15 - [TEST_STEP][PASSED] - setText(findTestObject("Object Repository/WebOffice/Consumers/Page_/input_House_ctl00CP1ctlSearchtbHouse"), House): Text '' is set on object 'Object Repository/WebOffice/Consumers/Page_/input_House_ctl00CP1ctlSearchtbHouse'

2020-01-16 11:40:15 - [MESSAGE][PASSED] - Text '' is set on object 'Object Repository/WebOffice/Consumers/Page_/input_House_ctl00CP1ctlSearchtbHouse'

2020-01-16 11:40:15 - [TEST_STEP][PASSED] - "-------------------------------------------------------------------------------------------------------------------------------------": null

2020-01-16 11:40:15 - [TEST_STEP][PASSED] - setText(findTestObject("Object Repository/WebOffice/Consumers/Page_/input_Street_ctl00CP1ctlSearchtbStreet"), Street): Text '2 Redwood Drive' is set on object 'Object Repository/WebOffice/Consumers/Page_/input_Street_ctl00CP1ctlSearchtbStreet'

2020-01-16 11:40:15 - [MESSAGE][PASSED] - Text '2 Redwood Drive' is set on object 'Object Repository/WebOffice/Consumers/Page_/input_Street_ctl00CP1ctlSearchtbStreet'

2020-01-16 11:40:15 - [TEST_STEP][PASSED] - "-------------------------------------------------------------------------------------------------------------------------------------": null

2020-01-16 11:40:15 - [TEST_STEP][PASSED] - setText(findTestObject("Object Repository/WebOffice/Consumers/Page_/input_Town_ctl00CP1ctlSearchtbTown"), Town): Text '' is set on object 'Object Repository/WebOffice/Consumers/Page_/input_Town_ctl00CP1ctlSearchtbTown'

2020-01-16 11:40:15 - [MESSAGE][PASSED] - Text '' is set on object 'Object Repository/WebOffice/Consumers/Page_/input_Town_ctl00CP1ctlSearchtbTown'

2020-01-16 11:40:15 - [TEST_STEP][PASSED] - "-------------------------------------------------------------------------------------------------------------------------------------": null

2020-01-16 11:40:15 - [TEST_STEP][PASSED] - setText(findTestObject("Object Repository/WebOffice/Consumers/Page_/input_City_ctl00CP1ctlSearchtbCity"), City): Text '' is set on object 'Object Repository/WebOffice/Consumers/Page_/input_City_ctl00CP1ctlSearchtbCity'

2020-01-16 11:40:16 - [MESSAGE][PASSED] - Text '' is set on object 'Object Repository/WebOffice/Consumers/Page_/input_City_ctl00CP1ctlSearchtbCity'

2020-01-16 11:40:16 - [TEST_STEP][PASSED] - "-------------------------------------------------------------------------------------------------------------------------------------": null

2020-01-16 11:40:16 - [TEST_STEP][PASSED] - setText(findTestObject("Object Repository/WebOffice/Consumers/Page_/input_County_ctl00CP1ctlSearchtbCounty"), County): Text 'West Sussex' is set on object 'Object Repository/WebOffice/Consumers/Page_/input_County_ctl00CP1ctlSearchtbCounty'

2020-01-16 11:40:16 - [MESSAGE][PASSED] - Text 'West Sussex' is set on object 'Object Repository/WebOffice/Consumers/Page_/input_County_ctl00CP1ctlSearchtbCounty'

2020-01-16 11:40:16 - [TEST_STEP][PASSED] - "-------------------------------------------------------------------------------------------------------------------------------------": null

2020-01-16 11:40:16 - [TEST_STEP][PASSED] - setText(findTestObject("Object Repository/WebOffice/Consumers/Page_/input_Postcode_ctl00CP1ctlSearchtbPostcode"), Postcode): Text '' is set on object 'Object Repository/WebOffice/Consumers/Page_/input_Postcode_ctl00CP1ctlSearchtbPostcode'

2020-01-16 11:40:16 - [MESSAGE][PASSED] - Text '' is set on object 'Object Repository/WebOffice/Consumers/Page_/input_Postcode_ctl00CP1ctlSearchtbPostcode'

2020-01-16 11:40:16 - [TEST_STEP][PASSED] - "-------------------------------------------------------------------------------------------------------------------------------------": null

2020-01-16 11:40:16 - [TEST_STEP][PASSED] - setText(findTestObject("Object Repository/WebOffice/Consumers/Page_/input_Phone_ctl00CP1ctlSearchtbTel"), Phone): Text '' is set on object 'Object Repository/WebOffice/Consumers/Page_/input_Phone_ctl00CP1ctlSearchtbTel'

2020-01-16 11:40:16 - [MESSAGE][PASSED] - Text '' is set on object 'Object Repository/WebOffice/Consumers/Page_/input_Phone_ctl00CP1ctlSearchtbTel'

2020-01-16 11:40:16 - [TEST_STEP][PASSED] - "-------------------------------------------------------------------------------------------------------------------------------------": null

2020-01-16 11:40:16 - [TEST_STEP][PASSED] - "Set Status": null

2020-01-16 11:40:16 - [TEST_STEP][PASSED] - "-------------------------------------------------------------------------------------------------------------------------------------": null

2020-01-16 11:40:16 - [TEST_STEP][PASSED] - "Status 3 Options": null

2020-01-16 11:40:16 - [TEST_STEP][PASSED] - "-------------------------------------------------------------------------------------------------------------------------------------": null

2020-01-16 11:40:16 - [TEST_STEP][PASSED] - "Set Type": null

2020-01-16 11:40:16 - [TEST_STEP][PASSED] - "-------------------------------------------------------------------------------------------------------------------------------------": null

2020-01-16 11:40:16 - [TEST_STEP][PASSED] - "Type 3 Options": null

2020-01-16 11:40:16 - [TEST_STEP][PASSED] - "-------------------------------------------------------------------------------------------------------------------------------------": null

2020-01-16 11:40:16 - [TEST_STEP][PASSED] - click(findTestObject("Object Repository/WebOffice/Consumers/Page_/input_Clear_ctl00CP1ctlSearchbtnSearch")): Object: 'Object Repository/WebOffice/Consumers/Page_/input_Clear_ctl00CP1ctlSearchbtnSearch' is clicked on

2020-01-16 11:40:16 - [MESSAGE][PASSED] - Object: 'Object Repository/WebOffice/Consumers/Page_/input_Clear_ctl00CP1ctlSearchbtnSearch' is clicked on

2020-01-16 11:40:16 - [MESSAGE][PASSED] - Call Test Case 'Test Cases/Reusable_Test_Sequences/Web_Office/Actions/Set_Consumer_Data' successfully

2020-01-16 11:40:16 - [TEST_STEP][PASSED] - "--------------------------------------": null

2020-01-16 11:40:16 - [TEST_STEP][PASSED] - " Select Returned Record to Verify     |": null

2020-01-16 11:40:16 - [TEST_STEP][PASSED] - callTestCase(findTestCase("Reusable_Test_Sequences/Web_Office/Actions/Select_Consumer"), [:], OPTIONAL): Call Test Case 'Test Cases/Reusable_Test_Sequences/Web_Office/Actions/Select_Consumer' successfully

2020-01-16 11:40:16 - [TEST_CASE][PASSED] - Test Cases/Reusable_Test_Sequences/Web_Office/Actions/Select_Consumer: Test Cases/Reusable_Test_Sequences/Web_Office/Actions/Select_Consumer

2020-01-16 11:40:16 - [TEST_STEP][PASSED] - "--------": null

2020-01-16 11:40:16 - [TEST_STEP][PASSED] - "Search  |": null

2020-01-16 11:40:16 - [TEST_STEP][PASSED] - waitForPageLoad(60): Wait for page load successfully

2020-01-16 11:40:16 - [MESSAGE][PASSED] - Wait for page load successfully

2020-01-16 11:40:16 - [TEST_STEP][PASSED] - waitForElementClickable(findTestObject("Object Repository/WO_Consumer/Page_/input_Clear_ctl00CP1ctlSearchbtnSearch"), 60): Object 'Object Repository/WO_Consumer/Page_/input_Clear_ctl00CP1ctlSearchbtnSearch' is clickable

2020-01-16 11:40:16 - [MESSAGE][PASSED] - Object 'Object Repository/WO_Consumer/Page_/input_Clear_ctl00CP1ctlSearchbtnSearch' is clickable

2020-01-16 11:40:16 - [TEST_STEP][PASSED] - click(findTestObject("Object Repository/WO_Consumer/Page_/input_Clear_ctl00CP1ctlSearchbtnSearch")): Object: 'Object Repository/WO_Consumer/Page_/input_Clear_ctl00CP1ctlSearchbtnSearch' is clicked on

2020-01-16 11:40:17 - [MESSAGE][PASSED] - Object: 'Object Repository/WO_Consumer/Page_/input_Clear_ctl00CP1ctlSearchbtnSearch' is clicked on

2020-01-16 11:40:17 - [TEST_STEP][PASSED] - delay(5): Delayed 5 second(s)

2020-01-16 11:40:22 - [MESSAGE][PASSED] - Delayed 5 second(s)

2020-01-16 11:40:22 - [TEST_STEP][PASSED] - "--------": null

2020-01-16 11:40:22 - [TEST_STEP][PASSED] - "Synch   |": null

2020-01-16 11:40:22 - [TEST_STEP][PASSED] - waitForPageLoad(120): Wait for page load successfully

2020-01-16 11:40:22 - [MESSAGE][PASSED] - Wait for page load successfully

2020-01-16 11:40:22 - [TEST_STEP][PASSED] - waitForElementClickable(findTestObject("Object Repository/WO_Consumer/Page_/a_Feedback"), 60): Object 'Object Repository/WO_Consumer/Page_/a_Feedback' is clickable

2020-01-16 11:40:28 - [MESSAGE][PASSED] - Object 'Object Repository/WO_Consumer/Page_/a_Feedback' is clickable

2020-01-16 11:40:28 - [TEST_STEP][PASSED] - "----------------------------------------": null

2020-01-16 11:40:28 - [TEST_STEP][PASSED] - "Initial Table View (Populated or Not    |": null

2020-01-16 11:40:28 - [TEST_STEP][PASSED] - "----------------------------------------": null

2020-01-16 11:40:28 - [TEST_STEP][PASSED] - "---------------------------------------------------": null

2020-01-16 11:40:28 - [TEST_STEP][PASSED] - "If Record Exists Then rocess, Otherwise Jump Over  |": null

2020-01-16 11:40:28 - [TEST_STEP][PASSED] - "---------------------------------------------------": null

2020-01-16 11:40:28 - [TEST_STEP][PASSED] - "----------------------------------------": null

2020-01-16 11:40:28 - [TEST_STEP][PASSED] - "Initial Table Return Checks": null

2020-01-16 11:40:28 - [TEST_STEP][PASSED] - "----------------------------------------": null

2020-01-16 11:40:28 - [TEST_STEP][PASSED] - "--------": null

2020-01-16 11:40:28 - [TEST_STEP][PASSED] - "Sort    |": null

2020-01-16 11:40:28 - [TEST_STEP][PASSED] - click(findTestObject("Object Repository/WO_Consumer/Page_/a_Feedback")): Object: 'Object Repository/WO_Consumer/Page_/a_Feedback' is clicked on

2020-01-16 11:40:28 - [MESSAGE][PASSED] - Object: 'Object Repository/WO_Consumer/Page_/a_Feedback' is clicked on

2020-01-16 11:40:28 - [TEST_STEP][PASSED] - delay(5): Delayed 5 second(s)

2020-01-16 11:40:33 - [MESSAGE][PASSED] - Delayed 5 second(s)

2020-01-16 11:40:33 - [TEST_STEP][PASSED] - "--------": null

2020-01-16 11:40:33 - [TEST_STEP][PASSED] - "Sort    |": null

2020-01-16 11:40:33 - [TEST_STEP][PASSED] - click(findTestObject("Object Repository/WO_Consumer/Page_/a_Feedback")): Object: 'Object Repository/WO_Consumer/Page_/a_Feedback' is clicked on

2020-01-16 11:40:33 - [MESSAGE][PASSED] - Object: 'Object Repository/WO_Consumer/Page_/a_Feedback' is clicked on

2020-01-16 11:40:33 - [TEST_STEP][PASSED] - delay(5): Delayed 5 second(s)

2020-01-16 11:40:38 - [MESSAGE][PASSED] - Delayed 5 second(s)

2020-01-16 11:40:38 - [TEST_STEP][PASSED] - "--------": null

2020-01-16 11:40:38 - [TEST_STEP][PASSED] - "Select  |": null

2020-01-16 11:40:38 - [TEST_STEP][PASSED] - waitForElementClickable(findTestObject("WO_Consumer/Page_/td_TopRow"), 60): Object 'Object Repository/WO_Consumer/Page_/td_TopRow' is clickable

2020-01-16 11:40:38 - [MESSAGE][PASSED] - Object 'Object Repository/WO_Consumer/Page_/td_TopRow' is clickable

2020-01-16 11:40:38 - [TEST_STEP][PASSED] - click(findTestObject("WO_Consumer/Page_/td_TopRow")): Object: 'Object Repository/WO_Consumer/Page_/td_TopRow' is clicked on

2020-01-16 11:40:39 - [MESSAGE][PASSED] - Object: 'Object Repository/WO_Consumer/Page_/td_TopRow' is clicked on

2020-01-16 11:40:39 - [TEST_STEP][PASSED] - delay(1): Delayed 1 second(s)

2020-01-16 11:40:40 - [MESSAGE][PASSED] - Delayed 1 second(s)

2020-01-16 11:40:40 - [MESSAGE][PASSED] - Call Test Case 'Test Cases/Reusable_Test_Sequences/Web_Office/Actions/Select_Consumer' successfully

2020-01-16 11:40:40 - [TEST_STEP][PASSED] - "--------------------------------------": null

2020-01-16 11:40:40 - [TEST_STEP][PASSED] - " Verify Returned Consumer Record      |": null

2020-01-16 11:40:40 - [TEST_STEP][PASSED] - callTestCase(findTestCase("Reusable_Test_Sequences/Web_Office/Verification/Consumer_Returned_Search_Record"), [:], OPTIONAL): Call Test Case 'Test Cases/Reusable_Test_Sequences/Web_Office/Verification/Consumer_Returned_Search_Record' successfully

2020-01-16 11:40:40 - [TEST_CASE][PASSED] - Test Cases/Reusable_Test_Sequences/Web_Office/Verification/Consumer_Returned_Search_Record: Test Cases/Reusable_Test_Sequences/Web_Office/Verification/Consumer_Returned_Search_Record

2020-01-16 11:40:40 - [TEST_STEP][PASSED] - "--------------------------------": null

2020-01-16 11:40:40 - [TEST_STEP][PASSED] - "Read data from spreadsheet      | r_ = Returned Data": null

2020-01-16 11:40:40 - [TEST_STEP][PASSED] - data = findTestData("Data Files/Consumer_Data (1)"): null

2020-01-16 11:40:40 - [TEST_STEP][PASSED] - Consumer_ID = data.getValue("Consumer_ID", row): null

2020-01-16 11:40:40 - [TEST_STEP][PASSED] - Title = data.getValue("r_Title", row): null

2020-01-16 11:40:40 - [TEST_STEP][PASSED] - Forenames = data.getValue("r_Forenames", row): null

2020-01-16 11:40:40 - [TEST_STEP][PASSED] - Surname = data.getValue("r_Surname", row): null

2020-01-16 11:40:40 - [TEST_STEP][PASSED] - Housename = data.getValue("r_Housename", row): null

2020-01-16 11:40:40 - [TEST_STEP][PASSED] - Number_Street = data.getValue("r_Number_and_Street", row): null

2020-01-16 11:40:40 - [TEST_STEP][PASSED] - City = data.getValue("r_City", row): null

2020-01-16 11:40:40 - [TEST_STEP][PASSED] - Town = data.getValue("r_Town", row): null

2020-01-16 11:40:40 - [TEST_STEP][PASSED] - County = data.getValue("r_County", row): null

2020-01-16 11:40:40 - [TEST_STEP][PASSED] - Postcode = data.getValue("r_Postcode", row): null

2020-01-16 11:40:40 - [TEST_STEP][PASSED] - Phone1 = data.getValue("r_Phone_1", row): null

2020-01-16 11:40:40 - [TEST_STEP][PASSED] - Phone2 = data.getValue("r_Phone_2", row): null

2020-01-16 11:40:40 - [TEST_STEP][PASSED] - Fax = data.getValue("r_Fax", row): null

2020-01-16 11:40:40 - [TEST_STEP][PASSED] - r_Full_Name = data.getValue("r_Full_Name", 1): null

2020-01-16 11:40:40 - [TEST_STEP][PASSED] - r_Full_Address = data.getValue("r_Full_Address", 1): null

2020-01-16 11:40:40 - [TEST_STEP][PASSED] - "--------------------------------": null

2020-01-16 11:40:40 - [TEST_STEP][PASSED] - "Read data from spreadsheet      |": null

2020-01-16 11:40:40 - [TEST_STEP][PASSED] - Actual_Page_Text = "": null

2020-01-16 11:40:40 - [TEST_STEP][PASSED] - Expected_Page_Text = "": null

2020-01-16 11:40:40 - [TEST_STEP][PASSED] - waitForPageLoad(60): Wait for page load successfully

2020-01-16 11:40:40 - [MESSAGE][PASSED] - Wait for page load successfully

2020-01-16 11:40:40 - [TEST_STEP][PASSED] - delay(1): Delayed 1 second(s)

2020-01-16 11:40:41 - [MESSAGE][PASSED] - Delayed 1 second(s)

2020-01-16 11:40:41 - [TEST_STEP][PASSED] - "HEADER DETAIL - iFrame": null

2020-01-16 11:40:41 - [TEST_STEP][PASSED] - "----------------": null

2020-01-16 11:40:41 - [TEST_STEP][PASSED] - "Full Name       |": null

2020-01-16 11:40:41 - [TEST_STEP][PASSED] - verifyElementPresent(findTestObject("Object Repository/WO_Consumer/Page_/Page_/a_Mr Gordon Brown"), 25): Object 'Object Repository/WO_Consumer/Page_/Page_/a_Mr Gordon Brown' is present

2020-01-16 11:40:41 - [MESSAGE][PASSED] - Object 'Object Repository/WO_Consumer/Page_/Page_/a_Mr Gordon Brown' is present

2020-01-16 11:40:41 - [TEST_STEP][PASSED] - "----------------": null

2020-01-16 11:40:41 - [TEST_STEP][PASSED] - "Full Address    |": null

2020-01-16 11:40:41 - [TEST_STEP][PASSED] - verifyElementPresent(findTestObject("Object Repository/WO_Consumer/Page_/Page_/div_Haywards Heath West Sussex RH16 4ER4477_d20822"), 25): Object 'Object Repository/WO_Consumer/Page_/Page_/div_Haywards Heath West Sussex RH16 4ER4477_d20822' is present

2020-01-16 11:40:41 - [MESSAGE][PASSED] - Object 'Object Repository/WO_Consumer/Page_/Page_/div_Haywards Heath West Sussex RH16 4ER4477_d20822' is present

2020-01-16 11:40:41 - [TEST_STEP][PASSED] - "BODY DETAIL - iFrame": null

2020-01-16 11:40:41 - [TEST_STEP][PASSED] - "----------------": null

2020-01-16 11:40:41 - [TEST_STEP][PASSED] - "EDIT Consumer   |": null

2020-01-16 11:40:41 - [TEST_STEP][PASSED] - verifyElementPresent(findTestObject("Object Repository/WO_Consumer/Page_/Page_/input_Title_ctledittbTitle"), 25): Object 'Object Repository/WO_Consumer/Page_/Page_/input_Title_ctledittbTitle' is present

2020-01-16 11:40:41 - [MESSAGE][PASSED] - Object 'Object Repository/WO_Consumer/Page_/Page_/input_Title_ctledittbTitle' is present

2020-01-16 11:40:41 - [TEST_STEP][PASSED] - "----------------": null

2020-01-16 11:40:41 - [TEST_STEP][PASSED] - "Address         |": null

2020-01-16 11:40:41 - [TEST_STEP][PASSED] - verifyElementPresent(findTestObject("Object Repository/WO_Consumer/Page_/Page_/span_Please ensure the Street  Road name is_e38a58"), 25): Object 'Object Repository/WO_Consumer/Page_/Page_/span_Please ensure the Street  Road name is_e38a58' is present

2020-01-16 11:40:41 - [MESSAGE][PASSED] - Object 'Object Repository/WO_Consumer/Page_/Page_/span_Please ensure the Street  Road name is_e38a58' is present

2020-01-16 11:40:41 - [MESSAGE][PASSED] - Call Test Case 'Test Cases/Reusable_Test_Sequences/Web_Office/Verification/Consumer_Returned_Search_Record' successfully

2020-01-16 11:40:41 - [TEST_STEP][PASSED] - "--------------------------": null

2020-01-16 11:40:41 - [TEST_STEP][PASSED] - " Teardown - CLose Browser |": null

2020-01-16 11:40:41 - [TEST_STEP][PASSED] - callTestCase(findTestCase("Reusable_Test_Sequences/CAT_Teardown"), [:], OPTIONAL): Call Test Case 'Test Cases/Reusable_Test_Sequences/CAT_Teardown' successfully

2020-01-16 11:40:42 - [TEST_CASE][PASSED] - Test Cases/Reusable_Test_Sequences/CAT_Teardown: Test Cases/Reusable_Test_Sequences/CAT_Teardown

2020-01-16 11:40:42 - [TEST_STEP][PASSED] - closeBrowser(): Browser is closed

2020-01-16 11:40:42 - [MESSAGE][PASSED] - Browser is closed

2020-01-16 11:40:42 - [MESSAGE][PASSED] - Call Test Case 'Test Cases/Reusable_Test_Sequences/CAT_Teardown' successfully]]></system-out>
         <system-err><![CDATA[]]></system-err>
      </testcase>
      <system-out><![CDATA[2020-01-16 11:38:00 - [TEST_SUITE][PASSED] - WebOffice_Consumer_Search: Test Cases/Web_Office/WebOffice_Consumer_Search]]></system-out>
      <system-err><![CDATA[]]></system-err>
   </testsuite>
</testsuites>
