<?xml version="1.0" encoding="UTF-8"?>
<testsuites name="Mobile_Devices" time="138.159" tests="1" failures="0" errors="0">
   <testsuite name="Mobile_Devices" tests="1" failures="0" errors="0" time="138.159" timestamp="2019-12-18 14:05:22" hostname="DavidHo - VETTEDSP36RF.check.local" id="Test Suites/Mobile_Devices">
      <properties>
         <property name="deviceName" value=""/>
         <property name="devicePlatform" value=""/>
         <property name="logFolder" value="C:\\Users\\davidho\\Katalon Studio\\Start\\Reports\\20191218_140506\\Mobile_Devices\\20191218_140507"/>
         <property name="logFiles" value="C:\\Users\\davidho\\Katalon Studio\\Start\\Reports\\20191218_140506\\Mobile_Devices\\20191218_140507\\execution0.log"/>
         <property name="attachments" value=""/>
         <property name="hostName" value="DavidHo - VETTEDSP36RF.check.local"/>
         <property name="os" value="Windows 10 32bit"/>
         <property name="katalonVersion" value="7.1.2.1"/>
         <property name="browser" value="Chrome 79.0.3945.79"/>
         <property name="hostAddress" value="10.0.11.243"/>
         <property name="sessionId" value="e5b730a226e518c6a69f0f1e9409a996"/>
         <property name="seleniumVersion" value="3.141.59"/>
         <property name="proxyInformation" value="ProxyInformation{proxyOption=NO_PROXY, proxyServerType=HTTP, password=, proxyServerAddress=, proxyServerPort=0, executionList=}"/>
         <property name="platform" value="Windows 10"/>
      </properties>
      <testcase name="Test Cases/Mobile_Devices/Default_Device_Dev" time="137.694" classname="Test Cases/Mobile_Devices/Default_Device_Dev" status="PASSED">
         <system-out><![CDATA[2019-12-18 14:05:22 - [TEST_CASE][PASSED] - Test Cases/Mobile_Devices/Default_Device_Dev: Test Cases/Mobile_Devices/Default_Device_Dev

2019-12-18 14:05:23 - [TEST_STEP][PASSED] - "-----------------------------------------": null

2019-12-18 14:05:23 - [TEST_STEP][PASSED] - " CONFIGURED TO RUN ON CHROME ONLY!       |": null

2019-12-18 14:05:23 - [TEST_STEP][PASSED] - "-----------------------------------------": null

2019-12-18 14:05:23 - [TEST_STEP][PASSED] - "------------------------------------------------------------------------------------------------------": null

2019-12-18 14:05:23 - [TEST_STEP][PASSED] - "TODO script need to be Restructure - Using browser Capabilities rather than setViewPortSize           |": null

2019-12-18 14:05:23 - [TEST_STEP][PASSED] - "------------------------------------------------------------------------------------------------------": null

2019-12-18 14:05:23 - [TEST_STEP][PASSED] - for ([row = 1, row <= findTestData("Mobile_Test_Data").getRowNumbers(), (internal.GlobalVariable.row++)]): Call Test Case 'Test Cases/Reusable_Test_Sequences/CAT_Teardown' successfully

2019-12-18 14:05:25 - [TEST_STEP][PASSED] - "------------------------------": null

2019-12-18 14:05:25 - [TEST_STEP][PASSED] - " Set Mobile Device Testing    |": null

2019-12-18 14:05:25 - [TEST_STEP][PASSED] - Mobile_Flag = "true": null

2019-12-18 14:05:25 - [TEST_STEP][PASSED] - "------------------------------": null

2019-12-18 14:05:25 - [TEST_STEP][PASSED] - " Set Mobile Device Testing    |": null

2019-12-18 14:05:25 - [TEST_STEP][PASSED] - callTestCase(findTestCase("Reusable_Test_Sequences/CAT_Setup"), [:], OPTIONAL): Call Test Case 'Test Cases/Reusable_Test_Sequences/CAT_Setup' successfully

2019-12-18 14:05:25 - [TEST_CASE][PASSED] - Test Cases/Reusable_Test_Sequences/CAT_Setup: Test Cases/Reusable_Test_Sequences/CAT_Setup

2019-12-18 14:05:25 - [TEST_STEP][PASSED] - "------------------------------": null

2019-12-18 14:05:25 - [TEST_STEP][PASSED] - " Set Mobile Device Testing    |": null

2019-12-18 14:05:25 - [TEST_STEP][PASSED] - if (Mobile_Flag == "true"): Call Test Case 'Test Cases/Reusable_Test_Sequences/Utils/Mobile_Chrome_Capabilities_desktop' successfully

2019-12-18 14:05:25 - [TEST_STEP][PASSED] - callTestCase(findTestCase("Reusable_Test_Sequences/Utils/Mobile_Chrome_Capabilities_desktop"), [:], OPTIONAL): Call Test Case 'Test Cases/Reusable_Test_Sequences/Utils/Mobile_Chrome_Capabilities_desktop' successfully

2019-12-18 14:05:26 - [TEST_CASE][PASSED] - Test Cases/Reusable_Test_Sequences/Utils/Mobile_Chrome_Capabilities_desktop: Test Cases/Reusable_Test_Sequences/Utils/Mobile_Chrome_Capabilities_desktop

2019-12-18 14:05:26 - [TEST_STEP][PASSED] - data = findTestData("Data Files/Mobile_Test_Data"): null

2019-12-18 14:05:26 - [TEST_STEP][PASSED] - file = "com.kms.katalon.core.webui.chrome.properties": null

2019-12-18 14:05:26 - [TEST_STEP][PASSED] - filePath = "C:\Users\davidho\Katalon Studio\Start\settings\internal\" + file: null

2019-12-18 14:05:26 - [TEST_STEP][PASSED] - "---------------------------------------------------------------------------------------------------------------------------": null

2019-12-18 14:05:26 - [TEST_STEP][PASSED] - "Example Setting Applied": null

2019-12-18 14:05:26 - [TEST_STEP][PASSED] - "No Settings Applied": null

2019-12-18 14:05:26 - [TEST_STEP][PASSED] - "Default values Available from Chrome": null

2019-12-18 14:05:26 - [TEST_STEP][PASSED] - "Other available values from Chrome that can be set": null

2019-12-18 14:05:26 - [TEST_STEP][PASSED] - "The settings are accessible via Katalon Studio, via menuItem "Project/Settings/Desired" capabilities/WebUI/Chrome": null

2019-12-18 14:05:26 - [TEST_STEP][PASSED] - "Question - Why have I used this approach, rather than setting the Chrome Properties Directly": null

2019-12-18 14:05:26 - [TEST_STEP][PASSED] - "--------------------------------------------------------------------------------------------------------------------------": null

2019-12-18 14:05:26 - [TEST_STEP][PASSED] - "--------------------------------------------------------------------------------------------------------------------------": null

2019-12-18 14:05:26 - [TEST_STEP][PASSED] - "Dec 16, 2019 10:06:12 AM org.openqa.selenium.remote.DesiredCapabilities chrome": null

2019-12-18 14:05:26 - [TEST_STEP][PASSED] - try: null

2019-12-18 14:05:26 - [TEST_STEP][PASSED] - "------------------------------------------": null

2019-12-18 14:05:26 - [TEST_STEP][PASSED] - mobileDevice = data.getValue("Emulation", row): null

2019-12-18 14:05:26 - [TEST_STEP][PASSED] - "------------------------------------------": null

2019-12-18 14:05:26 - [TEST_STEP][PASSED] - "------------------------------------------": null

2019-12-18 14:05:26 - [TEST_STEP][PASSED] - "------------------------------------------": null

2019-12-18 14:05:26 - [TEST_STEP][PASSED] - " Set Capabilities": null

2019-12-18 14:05:26 - [TEST_STEP][PASSED] - options = new org.openqa.selenium.chrome.ChromeOptions(): null

2019-12-18 14:05:26 - [TEST_STEP][PASSED] - driver = new org.openqa.selenium.chrome.ChromeDriver(options): null

2019-12-18 14:05:26 - [TEST_STEP][PASSED] - catch (Exception e): null

2019-12-18 14:05:26 - [TEST_STEP][PASSED] - e.printStackTrace(): null

2019-12-18 14:05:26 - [MESSAGE][PASSED] - Call Test Case 'Test Cases/Reusable_Test_Sequences/Utils/Mobile_Chrome_Capabilities_desktop' successfully

2019-12-18 14:05:26 - [TEST_STEP][PASSED] - "------------------------------": null

2019-12-18 14:05:26 - [TEST_STEP][PASSED] - " Set Mobile Device Testing    |": null

2019-12-18 14:05:26 - [TEST_STEP][PASSED] - "------------------------------": null

2019-12-18 14:05:26 - [TEST_STEP][PASSED] - "URL - Set from the ENVIRONMENT PROFILE ": null

2019-12-18 14:05:26 - [TEST_STEP][PASSED] - openBrowser(URL): Browser is opened with url: 'https://www.preview.checkatrade.com/'

2019-12-18 14:05:27 - [MESSAGE][INFO] - Starting 'Chrome' driver

2019-12-18 14:05:27 - [MESSAGE][INFO] - Action delay is set to 0 seconds

2019-12-18 14:05:35 - [MESSAGE][PASSED] - Browser is opened with url: 'https://www.preview.checkatrade.com/'

2019-12-18 14:05:35 - [TEST_STEP][PASSED] - maximizeWindow(): Current window maximized

2019-12-18 14:05:40 - [MESSAGE][PASSED] - Current window maximized

2019-12-18 14:05:40 - [TEST_STEP][PASSED] - waitForPageLoad(60): Wait for page load successfully

2019-12-18 14:05:40 - [MESSAGE][PASSED] - Wait for page load successfully

2019-12-18 14:05:40 - [TEST_STEP][PASSED] - "Previous Functionalilty Left Commented For Ease Of reversion": null

2019-12-18 14:05:40 - [TEST_STEP][PASSED] - try: Text 'Cookie Policy' is not present on page

2019-12-18 14:05:40 - [TEST_STEP][PASSED] - verifyElementPresent(findTestObject("Object Repository/Cookies/Page_Checkatrade Find a tradesperson you can trust/button_Accept All"), 5): Object 'Object Repository/Cookies/Page_Checkatrade Find a tradesperson you can trust/button_Accept All' is present

2019-12-18 14:05:41 - [MESSAGE][PASSED] - Object 'Object Repository/Cookies/Page_Checkatrade Find a tradesperson you can trust/button_Accept All' is present

2019-12-18 14:05:41 - [TEST_STEP][PASSED] - click(findTestObject("Object Repository/Cookies/Page_Checkatrade Find a tradesperson you can trust/button_Accept All")): Object: 'Object Repository/Cookies/Page_Checkatrade Find a tradesperson you can trust/button_Accept All' is clicked on

2019-12-18 14:05:41 - [MESSAGE][PASSED] - Object: 'Object Repository/Cookies/Page_Checkatrade Find a tradesperson you can trust/button_Accept All' is clicked on

2019-12-18 14:05:41 - [TEST_STEP][PASSED] - "---------------------------------": null

2019-12-18 14:05:41 - [TEST_STEP][PASSED] - "COOKIE POPOUT REMOVED - Confirmed": null

2019-12-18 14:05:41 - [TEST_STEP][PASSED] - delay(1): Delayed 1 second(s)

2019-12-18 14:05:42 - [MESSAGE][PASSED] - Delayed 1 second(s)

2019-12-18 14:05:42 - [TEST_STEP][PASSED] - verifyTextNotPresent("We use cookies to personalise content and ads, to provide social media features and to analyse our traffic", false): Text 'We use cookies to personalise content and ads, to provide social media features and to analyse our traffic' is not present on page

2019-12-18 14:05:43 - [MESSAGE][PASSED] - Text 'We use cookies to personalise content and ads, to provide social media features and to analyse our traffic' is not present on page

2019-12-18 14:05:43 - [TEST_STEP][PASSED] - verifyTextNotPresent(" We also share information about your use of our site with our social media, advertising and analytics partners", false): Text ' We also share information about your use of our site with our social media, advertising and analytics partners' is not present on page

2019-12-18 14:05:43 - [MESSAGE][PASSED] - Text ' We also share information about your use of our site with our social media, advertising and analytics partners' is not present on page

2019-12-18 14:05:43 - [TEST_STEP][PASSED] - verifyTextNotPresent("Cookie Policy", false): Text 'Cookie Policy' is not present on page

2019-12-18 14:05:43 - [MESSAGE][PASSED] - Text 'Cookie Policy' is not present on page

2019-12-18 14:05:43 - [TEST_STEP][PASSED] - waitForPageLoad(60): Wait for page load successfully

2019-12-18 14:05:43 - [MESSAGE][PASSED] - Wait for page load successfully

2019-12-18 14:05:43 - [MESSAGE][PASSED] - Call Test Case 'Test Cases/Reusable_Test_Sequences/CAT_Setup' successfully

2019-12-18 14:05:43 - [TEST_STEP][PASSED] - " ALTERNATIVE SCREEN RESOLUTION SELECTION METHOD": null

2019-12-18 14:05:43 - [TEST_STEP][PASSED] - " Block Comment Start": null

2019-12-18 14:05:43 - [TEST_STEP][PASSED] - " Block Commen End": null

2019-12-18 14:05:43 - [TEST_STEP][PASSED] - "---------------------------------------": null

2019-12-18 14:05:43 - [TEST_STEP][PASSED] - " Set and SEARCH TRADE CLASSIFICATION   |": null

2019-12-18 14:05:43 - [TEST_STEP][PASSED] - callTestCase(findTestCase("Reusable_Test_Sequences/CAT_Enter_Trade_Classification"), [:], CONTINUE_ON_FAILURE): Call Test Case 'Test Cases/Reusable_Test_Sequences/CAT_Enter_Trade_Classification' successfully

2019-12-18 14:05:43 - [TEST_CASE][PASSED] - Test Cases/Reusable_Test_Sequences/CAT_Enter_Trade_Classification: Test Cases/Reusable_Test_Sequences/CAT_Enter_Trade_Classification

2019-12-18 14:05:44 - [TEST_STEP][PASSED] - "---------------------------------": null

2019-12-18 14:05:44 - [TEST_STEP][PASSED] - "Set and SEARCH SELECTED TRADE": null

2019-12-18 14:05:44 - [TEST_STEP][PASSED] - click(findTestObject("Object Repository/Checkatrade_Trade_Search_Page/Page_Checkatrade Find a tradesperson you can trust/input_Search_Button_FF")): Object: 'Object Repository/Checkatrade_Trade_Search_Page/Page_Checkatrade Find a tradesperson you can trust/input_Search_Button_FF' is clicked on

2019-12-18 14:05:44 - [MESSAGE][PASSED] - Object: 'Object Repository/Checkatrade_Trade_Search_Page/Page_Checkatrade Find a tradesperson you can trust/input_Search_Button_FF' is clicked on

2019-12-18 14:05:44 - [TEST_STEP][PASSED] - setText(findTestObject("Object Repository/Checkatrade_Trade_Search_Page/Page_Checkatrade Find a tradesperson you can trust/input_Search_Button_FF"), findTestData("searchTestData").getValue("tradeClassification", row)): Text 'Tree Surgeon' is set on object 'Object Repository/Checkatrade_Trade_Search_Page/Page_Checkatrade Find a tradesperson you can trust/input_Search_Button_FF'

2019-12-18 14:05:45 - [MESSAGE][PASSED] - Text 'Tree Surgeon' is set on object 'Object Repository/Checkatrade_Trade_Search_Page/Page_Checkatrade Find a tradesperson you can trust/input_Search_Button_FF'

2019-12-18 14:05:45 - [MESSAGE][PASSED] - Call Test Case 'Test Cases/Reusable_Test_Sequences/CAT_Enter_Trade_Classification' successfully

2019-12-18 14:05:45 - [TEST_STEP][PASSED] - "---------------------------------------": null

2019-12-18 14:05:45 - [TEST_STEP][PASSED] - " Set and SEARCH TRADE LOCATION         |": null

2019-12-18 14:05:45 - [TEST_STEP][PASSED] - callTestCase(findTestCase("Reusable_Test_Sequences/CAT_Enter_Trade_Location"), [:], CONTINUE_ON_FAILURE): Call Test Case 'Test Cases/Reusable_Test_Sequences/CAT_Enter_Trade_Location' successfully

2019-12-18 14:05:45 - [TEST_CASE][PASSED] - Test Cases/Reusable_Test_Sequences/CAT_Enter_Trade_Location: Test Cases/Reusable_Test_Sequences/CAT_Enter_Trade_Location

2019-12-18 14:05:46 - [TEST_STEP][PASSED] - "---------------------------------": null

2019-12-18 14:05:46 - [TEST_STEP][PASSED] - "Set and SEARCH SELECTED LOCATION |": null

2019-12-18 14:05:46 - [TEST_STEP][PASSED] - click(findTestObject("Object Repository/Checkatrade_Trade_Search_Page/Page_Checkatrade Find a tradesperson you can trust/input_Not here_location")): Object: 'Object Repository/Checkatrade_Trade_Search_Page/Page_Checkatrade Find a tradesperson you can trust/input_Not here_location' is clicked on

2019-12-18 14:05:46 - [MESSAGE][PASSED] - Object: 'Object Repository/Checkatrade_Trade_Search_Page/Page_Checkatrade Find a tradesperson you can trust/input_Not here_location' is clicked on

2019-12-18 14:05:46 - [TEST_STEP][PASSED] - setText(findTestObject("Object Repository/Checkatrade_Trade_Search_Page/Page_Checkatrade Find a tradesperson you can trust/input_Not here_location"), findTestData("searchTestData").getValue("tradeLocation", row)): Text 'Gosport' is set on object 'Object Repository/Checkatrade_Trade_Search_Page/Page_Checkatrade Find a tradesperson you can trust/input_Not here_location'

2019-12-18 14:05:46 - [MESSAGE][PASSED] - Text 'Gosport' is set on object 'Object Repository/Checkatrade_Trade_Search_Page/Page_Checkatrade Find a tradesperson you can trust/input_Not here_location'

2019-12-18 14:05:46 - [MESSAGE][PASSED] - Call Test Case 'Test Cases/Reusable_Test_Sequences/CAT_Enter_Trade_Location' successfully

2019-12-18 14:05:46 - [TEST_STEP][PASSED] - "---------------------------------------": null

2019-12-18 14:05:46 - [TEST_STEP][PASSED] - " Scroll Search Button into View        |": null

2019-12-18 14:05:46 - [TEST_STEP][PASSED] - "---------------------------------------": null

2019-12-18 14:05:46 - [TEST_STEP][PASSED] - "---------------------------------------": null

2019-12-18 14:05:46 - [TEST_STEP][PASSED] - " Dispel New trades Header              |": null

2019-12-18 14:05:46 - [TEST_STEP][PASSED] - callTestCase(findTestCase("Reusable_Test_Sequences/CAT_Dispel_Trade_Header"), [:], CONTINUE_ON_FAILURE): Call Test Case 'Test Cases/Reusable_Test_Sequences/CAT_Dispel_Trade_Header' successfully

2019-12-18 14:05:46 - [TEST_CASE][PASSED] - Test Cases/Reusable_Test_Sequences/CAT_Dispel_Trade_Header: Test Cases/Reusable_Test_Sequences/CAT_Dispel_Trade_Header

2019-12-18 14:05:47 - [TEST_STEP][PASSED] - " New Function to Dispel Trades Header (on Deployment 05/12/20190) ": null

2019-12-18 14:05:47 - [TEST_STEP][PASSED] - if (row == 4): null

2019-12-18 14:05:47 - [MESSAGE][PASSED] - Call Test Case 'Test Cases/Reusable_Test_Sequences/CAT_Dispel_Trade_Header' successfully

2019-12-18 14:05:47 - [TEST_STEP][PASSED] - "---------------------------------------": null

2019-12-18 14:05:47 - [TEST_STEP][PASSED] - " Hit Search Button                     |": null

2019-12-18 14:05:47 - [TEST_STEP][PASSED] - callTestCase(findTestCase("Reusable_Test_Sequences/CAT_Hit_Search_Button"), [:], CONTINUE_ON_FAILURE): Call Test Case 'Test Cases/Reusable_Test_Sequences/CAT_Hit_Search_Button' successfully

2019-12-18 14:05:47 - [TEST_CASE][PASSED] - Test Cases/Reusable_Test_Sequences/CAT_Hit_Search_Button: Test Cases/Reusable_Test_Sequences/CAT_Hit_Search_Button

2019-12-18 14:05:47 - [TEST_STEP][PASSED] - "---------------------------------": null

2019-12-18 14:05:47 - [TEST_STEP][PASSED] - "HIT SEARCH": null

2019-12-18 14:05:47 - [TEST_STEP][PASSED] - "---------------------------------": null

2019-12-18 14:05:47 - [TEST_STEP][PASSED] - waitForElementClickable(findTestObject("Object Repository/Checkatrade_Trade_Search_Page/Page_Checkatrade Find a tradesperson you can trust/Page_Checkatrade Find a tradesperson you can trust/a_Search"), 25): Object 'Object Repository/Checkatrade_Trade_Search_Page/Page_Checkatrade Find a tradesperson you can trust/Page_Checkatrade Find a tradesperson you can trust/a_Search' is clickable

2019-12-18 14:05:47 - [MESSAGE][PASSED] - Object 'Object Repository/Checkatrade_Trade_Search_Page/Page_Checkatrade Find a tradesperson you can trust/Page_Checkatrade Find a tradesperson you can trust/a_Search' is clickable

2019-12-18 14:05:47 - [TEST_STEP][PASSED] - click(findTestObject("Object Repository/Checkatrade_Trade_Search_Page/Page_Checkatrade Find a tradesperson you can trust/Page_Checkatrade Find a tradesperson you can trust/a_Search")): Object: 'Object Repository/Checkatrade_Trade_Search_Page/Page_Checkatrade Find a tradesperson you can trust/Page_Checkatrade Find a tradesperson you can trust/a_Search' is clicked on

2019-12-18 14:05:51 - [MESSAGE][PASSED] - Object: 'Object Repository/Checkatrade_Trade_Search_Page/Page_Checkatrade Find a tradesperson you can trust/Page_Checkatrade Find a tradesperson you can trust/a_Search' is clicked on

2019-12-18 14:05:51 - [MESSAGE][PASSED] - Call Test Case 'Test Cases/Reusable_Test_Sequences/CAT_Hit_Search_Button' successfully

2019-12-18 14:05:51 - [TEST_STEP][PASSED] - "---------------------------------------": null

2019-12-18 14:05:51 - [TEST_STEP][PASSED] - " Verify Returned Page is as Expected   |": null

2019-12-18 14:05:51 - [TEST_STEP][PASSED] - callTestCase(findTestCase("Reusable_Test_Sequences/CAT_Verification"), [:], CONTINUE_ON_FAILURE): Call Test Case 'Test Cases/Reusable_Test_Sequences/CAT_Verification' successfully

2019-12-18 14:05:51 - [TEST_CASE][PASSED] - Test Cases/Reusable_Test_Sequences/CAT_Verification: Test Cases/Reusable_Test_Sequences/CAT_Verification

2019-12-18 14:05:51 - [TEST_STEP][PASSED] - "Updated 05/12/2019 due to wholesale Home page changes": null

2019-12-18 14:05:51 - [TEST_STEP][PASSED] - "Expected cantantenated text is Returned": null

2019-12-18 14:05:51 - [TEST_STEP][PASSED] - waitForPageLoad(60): Wait for page load successfully

2019-12-18 14:05:51 - [MESSAGE][PASSED] - Wait for page load successfully

2019-12-18 14:05:51 - [TEST_STEP][PASSED] - verifyTextPresent(findTestData("searchTestData").getValue("tradeClassification", row), false): Text 'Tree Surgeon' is present on page 

2019-12-18 14:05:53 - [MESSAGE][PASSED] - Text 'Tree Surgeon' is present on page 

2019-12-18 14:05:53 - [TEST_STEP][PASSED] - verifyTextPresent(findTestData("searchTestData").getValue("tradeLocation", row), false): Text 'Gosport' is present on page 

2019-12-18 14:05:54 - [MESSAGE][PASSED] - Text 'Gosport' is present on page 

2019-12-18 14:05:54 - [MESSAGE][PASSED] - Call Test Case 'Test Cases/Reusable_Test_Sequences/CAT_Verification' successfully

2019-12-18 14:05:54 - [TEST_STEP][PASSED] - "--------------------------": null

2019-12-18 14:05:54 - [TEST_STEP][PASSED] - " Teardown - CLose Browser |": null

2019-12-18 14:05:54 - [TEST_STEP][PASSED] - callTestCase(findTestCase("Reusable_Test_Sequences/CAT_Teardown"), [:], OPTIONAL): Call Test Case 'Test Cases/Reusable_Test_Sequences/CAT_Teardown' successfully

2019-12-18 14:05:54 - [TEST_CASE][PASSED] - Test Cases/Reusable_Test_Sequences/CAT_Teardown: Test Cases/Reusable_Test_Sequences/CAT_Teardown

2019-12-18 14:05:54 - [TEST_STEP][PASSED] - closeBrowser(): Browser is closed

2019-12-18 14:05:56 - [MESSAGE][PASSED] - Browser is closed

2019-12-18 14:05:56 - [MESSAGE][PASSED] - Call Test Case 'Test Cases/Reusable_Test_Sequences/CAT_Teardown' successfully

2019-12-18 14:05:56 - [TEST_STEP][PASSED] - "------------------------------": null

2019-12-18 14:05:56 - [TEST_STEP][PASSED] - " Set Mobile Device Testing    |": null

2019-12-18 14:05:56 - [TEST_STEP][PASSED] - Mobile_Flag = "true": null

2019-12-18 14:05:56 - [TEST_STEP][PASSED] - "------------------------------": null

2019-12-18 14:05:56 - [TEST_STEP][PASSED] - " Set Mobile Device Testing    |": null

2019-12-18 14:05:56 - [TEST_STEP][PASSED] - callTestCase(findTestCase("Reusable_Test_Sequences/CAT_Setup"), [:], OPTIONAL): Call Test Case 'Test Cases/Reusable_Test_Sequences/CAT_Setup' successfully

2019-12-18 14:05:56 - [TEST_CASE][PASSED] - Test Cases/Reusable_Test_Sequences/CAT_Setup: Test Cases/Reusable_Test_Sequences/CAT_Setup

2019-12-18 14:05:56 - [TEST_STEP][PASSED] - "------------------------------": null

2019-12-18 14:05:56 - [TEST_STEP][PASSED] - " Set Mobile Device Testing    |": null

2019-12-18 14:05:56 - [TEST_STEP][PASSED] - if (Mobile_Flag == "true"): Call Test Case 'Test Cases/Reusable_Test_Sequences/Utils/Mobile_Chrome_Capabilities_desktop' successfully

2019-12-18 14:05:56 - [TEST_STEP][PASSED] - callTestCase(findTestCase("Reusable_Test_Sequences/Utils/Mobile_Chrome_Capabilities_desktop"), [:], OPTIONAL): Call Test Case 'Test Cases/Reusable_Test_Sequences/Utils/Mobile_Chrome_Capabilities_desktop' successfully

2019-12-18 14:05:56 - [TEST_CASE][PASSED] - Test Cases/Reusable_Test_Sequences/Utils/Mobile_Chrome_Capabilities_desktop: Test Cases/Reusable_Test_Sequences/Utils/Mobile_Chrome_Capabilities_desktop

2019-12-18 14:05:56 - [TEST_STEP][PASSED] - data = findTestData("Data Files/Mobile_Test_Data"): null

2019-12-18 14:05:56 - [TEST_STEP][PASSED] - file = "com.kms.katalon.core.webui.chrome.properties": null

2019-12-18 14:05:56 - [TEST_STEP][PASSED] - filePath = "C:\Users\davidho\Katalon Studio\Start\settings\internal\" + file: null

2019-12-18 14:05:56 - [TEST_STEP][PASSED] - "---------------------------------------------------------------------------------------------------------------------------": null

2019-12-18 14:05:56 - [TEST_STEP][PASSED] - "Example Setting Applied": null

2019-12-18 14:05:56 - [TEST_STEP][PASSED] - "No Settings Applied": null

2019-12-18 14:05:56 - [TEST_STEP][PASSED] - "Default values Available from Chrome": null

2019-12-18 14:05:56 - [TEST_STEP][PASSED] - "Other available values from Chrome that can be set": null

2019-12-18 14:05:56 - [TEST_STEP][PASSED] - "The settings are accessible via Katalon Studio, via menuItem "Project/Settings/Desired" capabilities/WebUI/Chrome": null

2019-12-18 14:05:56 - [TEST_STEP][PASSED] - "Question - Why have I used this approach, rather than setting the Chrome Properties Directly": null

2019-12-18 14:05:56 - [TEST_STEP][PASSED] - "--------------------------------------------------------------------------------------------------------------------------": null

2019-12-18 14:05:56 - [TEST_STEP][PASSED] - "--------------------------------------------------------------------------------------------------------------------------": null

2019-12-18 14:05:56 - [TEST_STEP][PASSED] - "Dec 16, 2019 10:06:12 AM org.openqa.selenium.remote.DesiredCapabilities chrome": null

2019-12-18 14:05:56 - [TEST_STEP][PASSED] - try: null

2019-12-18 14:05:56 - [TEST_STEP][PASSED] - "------------------------------------------": null

2019-12-18 14:05:56 - [TEST_STEP][PASSED] - mobileDevice = data.getValue("Emulation", row): null

2019-12-18 14:05:56 - [TEST_STEP][PASSED] - "------------------------------------------": null

2019-12-18 14:05:56 - [TEST_STEP][PASSED] - "------------------------------------------": null

2019-12-18 14:05:56 - [TEST_STEP][PASSED] - "------------------------------------------": null

2019-12-18 14:05:56 - [TEST_STEP][PASSED] - " Set Capabilities": null

2019-12-18 14:05:56 - [TEST_STEP][PASSED] - options = new org.openqa.selenium.chrome.ChromeOptions(): null

2019-12-18 14:05:56 - [TEST_STEP][PASSED] - driver = new org.openqa.selenium.chrome.ChromeDriver(options): null

2019-12-18 14:06:02 - [TEST_STEP][PASSED] - "------------------------------------------": null

2019-12-18 14:06:02 - [TEST_STEP][PASSED] - fw = new java.io.FileWriter(file.getAbsoluteFile()): null

2019-12-18 14:06:02 - [TEST_STEP][PASSED] - catch (Exception e): null

2019-12-18 14:06:02 - [TEST_STEP][PASSED] - e.printStackTrace(): null

2019-12-18 14:06:02 - [MESSAGE][PASSED] - Call Test Case 'Test Cases/Reusable_Test_Sequences/Utils/Mobile_Chrome_Capabilities_desktop' successfully

2019-12-18 14:06:02 - [TEST_STEP][PASSED] - "------------------------------": null

2019-12-18 14:06:02 - [TEST_STEP][PASSED] - " Set Mobile Device Testing    |": null

2019-12-18 14:06:02 - [TEST_STEP][PASSED] - "------------------------------": null

2019-12-18 14:06:02 - [TEST_STEP][PASSED] - "URL - Set from the ENVIRONMENT PROFILE ": null

2019-12-18 14:06:02 - [TEST_STEP][PASSED] - openBrowser(URL): Browser is opened with url: 'https://www.preview.checkatrade.com/'

2019-12-18 14:06:02 - [MESSAGE][INFO] - Starting 'Chrome' driver

2019-12-18 14:06:09 - [MESSAGE][PASSED] - Browser is opened with url: 'https://www.preview.checkatrade.com/'

2019-12-18 14:06:09 - [TEST_STEP][PASSED] - maximizeWindow(): Current window maximized

2019-12-18 14:06:13 - [MESSAGE][PASSED] - Current window maximized

2019-12-18 14:06:13 - [TEST_STEP][PASSED] - waitForPageLoad(60): Wait for page load successfully

2019-12-18 14:06:14 - [MESSAGE][PASSED] - Wait for page load successfully

2019-12-18 14:06:14 - [TEST_STEP][PASSED] - "Previous Functionalilty Left Commented For Ease Of reversion": null

2019-12-18 14:06:14 - [TEST_STEP][PASSED] - try: Text 'Cookie Policy' is not present on page

2019-12-18 14:06:14 - [TEST_STEP][PASSED] - verifyElementPresent(findTestObject("Object Repository/Cookies/Page_Checkatrade Find a tradesperson you can trust/button_Accept All"), 5): Object 'Object Repository/Cookies/Page_Checkatrade Find a tradesperson you can trust/button_Accept All' is present

2019-12-18 14:06:14 - [MESSAGE][PASSED] - Object 'Object Repository/Cookies/Page_Checkatrade Find a tradesperson you can trust/button_Accept All' is present

2019-12-18 14:06:14 - [TEST_STEP][PASSED] - click(findTestObject("Object Repository/Cookies/Page_Checkatrade Find a tradesperson you can trust/button_Accept All")): Object: 'Object Repository/Cookies/Page_Checkatrade Find a tradesperson you can trust/button_Accept All' is clicked on

2019-12-18 14:06:14 - [MESSAGE][PASSED] - Object: 'Object Repository/Cookies/Page_Checkatrade Find a tradesperson you can trust/button_Accept All' is clicked on

2019-12-18 14:06:14 - [TEST_STEP][PASSED] - "---------------------------------": null

2019-12-18 14:06:14 - [TEST_STEP][PASSED] - "COOKIE POPOUT REMOVED - Confirmed": null

2019-12-18 14:06:14 - [TEST_STEP][PASSED] - delay(1): Delayed 1 second(s)

2019-12-18 14:06:15 - [MESSAGE][PASSED] - Delayed 1 second(s)

2019-12-18 14:06:15 - [TEST_STEP][PASSED] - verifyTextNotPresent("We use cookies to personalise content and ads, to provide social media features and to analyse our traffic", false): Text 'We use cookies to personalise content and ads, to provide social media features and to analyse our traffic' is not present on page

2019-12-18 14:06:15 - [MESSAGE][PASSED] - Text 'We use cookies to personalise content and ads, to provide social media features and to analyse our traffic' is not present on page

2019-12-18 14:06:15 - [TEST_STEP][PASSED] - verifyTextNotPresent(" We also share information about your use of our site with our social media, advertising and analytics partners", false): Text ' We also share information about your use of our site with our social media, advertising and analytics partners' is not present on page

2019-12-18 14:06:15 - [MESSAGE][PASSED] - Text ' We also share information about your use of our site with our social media, advertising and analytics partners' is not present on page

2019-12-18 14:06:15 - [TEST_STEP][PASSED] - verifyTextNotPresent("Cookie Policy", false): Text 'Cookie Policy' is not present on page

2019-12-18 14:06:15 - [MESSAGE][PASSED] - Text 'Cookie Policy' is not present on page

2019-12-18 14:06:15 - [TEST_STEP][PASSED] - waitForPageLoad(60): Wait for page load successfully

2019-12-18 14:06:15 - [MESSAGE][PASSED] - Wait for page load successfully

2019-12-18 14:06:15 - [MESSAGE][PASSED] - Call Test Case 'Test Cases/Reusable_Test_Sequences/CAT_Setup' successfully

2019-12-18 14:06:15 - [TEST_STEP][PASSED] - " ALTERNATIVE SCREEN RESOLUTION SELECTION METHOD": null

2019-12-18 14:06:15 - [TEST_STEP][PASSED] - " Block Comment Start": null

2019-12-18 14:06:15 - [TEST_STEP][PASSED] - " Block Commen End": null

2019-12-18 14:06:15 - [TEST_STEP][PASSED] - "---------------------------------------": null

2019-12-18 14:06:15 - [TEST_STEP][PASSED] - " Set and SEARCH TRADE CLASSIFICATION   |": null

2019-12-18 14:06:15 - [TEST_STEP][PASSED] - callTestCase(findTestCase("Reusable_Test_Sequences/CAT_Enter_Trade_Classification"), [:], CONTINUE_ON_FAILURE): Call Test Case 'Test Cases/Reusable_Test_Sequences/CAT_Enter_Trade_Classification' successfully

2019-12-18 14:06:15 - [TEST_CASE][PASSED] - Test Cases/Reusable_Test_Sequences/CAT_Enter_Trade_Classification: Test Cases/Reusable_Test_Sequences/CAT_Enter_Trade_Classification

2019-12-18 14:06:15 - [TEST_STEP][PASSED] - "---------------------------------": null

2019-12-18 14:06:15 - [TEST_STEP][PASSED] - "Set and SEARCH SELECTED TRADE": null

2019-12-18 14:06:15 - [TEST_STEP][PASSED] - click(findTestObject("Object Repository/Checkatrade_Trade_Search_Page/Page_Checkatrade Find a tradesperson you can trust/input_Search_Button_FF")): Object: 'Object Repository/Checkatrade_Trade_Search_Page/Page_Checkatrade Find a tradesperson you can trust/input_Search_Button_FF' is clicked on

2019-12-18 14:06:16 - [MESSAGE][PASSED] - Object: 'Object Repository/Checkatrade_Trade_Search_Page/Page_Checkatrade Find a tradesperson you can trust/input_Search_Button_FF' is clicked on

2019-12-18 14:06:16 - [TEST_STEP][PASSED] - setText(findTestObject("Object Repository/Checkatrade_Trade_Search_Page/Page_Checkatrade Find a tradesperson you can trust/input_Search_Button_FF"), findTestData("searchTestData").getValue("tradeClassification", row)): Text 'Tree Surgeon' is set on object 'Object Repository/Checkatrade_Trade_Search_Page/Page_Checkatrade Find a tradesperson you can trust/input_Search_Button_FF'

2019-12-18 14:06:16 - [MESSAGE][PASSED] - Text 'Tree Surgeon' is set on object 'Object Repository/Checkatrade_Trade_Search_Page/Page_Checkatrade Find a tradesperson you can trust/input_Search_Button_FF'

2019-12-18 14:06:16 - [MESSAGE][PASSED] - Call Test Case 'Test Cases/Reusable_Test_Sequences/CAT_Enter_Trade_Classification' successfully

2019-12-18 14:06:16 - [TEST_STEP][PASSED] - "---------------------------------------": null

2019-12-18 14:06:16 - [TEST_STEP][PASSED] - " Set and SEARCH TRADE LOCATION         |": null

2019-12-18 14:06:16 - [TEST_STEP][PASSED] - callTestCase(findTestCase("Reusable_Test_Sequences/CAT_Enter_Trade_Location"), [:], CONTINUE_ON_FAILURE): Call Test Case 'Test Cases/Reusable_Test_Sequences/CAT_Enter_Trade_Location' successfully

2019-12-18 14:06:16 - [TEST_CASE][PASSED] - Test Cases/Reusable_Test_Sequences/CAT_Enter_Trade_Location: Test Cases/Reusable_Test_Sequences/CAT_Enter_Trade_Location

2019-12-18 14:06:16 - [TEST_STEP][PASSED] - "---------------------------------": null

2019-12-18 14:06:16 - [TEST_STEP][PASSED] - "Set and SEARCH SELECTED LOCATION |": null

2019-12-18 14:06:16 - [TEST_STEP][PASSED] - click(findTestObject("Object Repository/Checkatrade_Trade_Search_Page/Page_Checkatrade Find a tradesperson you can trust/input_Not here_location")): Object: 'Object Repository/Checkatrade_Trade_Search_Page/Page_Checkatrade Find a tradesperson you can trust/input_Not here_location' is clicked on

2019-12-18 14:06:16 - [MESSAGE][PASSED] - Object: 'Object Repository/Checkatrade_Trade_Search_Page/Page_Checkatrade Find a tradesperson you can trust/input_Not here_location' is clicked on

2019-12-18 14:06:16 - [TEST_STEP][PASSED] - setText(findTestObject("Object Repository/Checkatrade_Trade_Search_Page/Page_Checkatrade Find a tradesperson you can trust/input_Not here_location"), findTestData("searchTestData").getValue("tradeLocation", row)): Text 'PO12 2HE' is set on object 'Object Repository/Checkatrade_Trade_Search_Page/Page_Checkatrade Find a tradesperson you can trust/input_Not here_location'

2019-12-18 14:06:16 - [MESSAGE][PASSED] - Text 'PO12 2HE' is set on object 'Object Repository/Checkatrade_Trade_Search_Page/Page_Checkatrade Find a tradesperson you can trust/input_Not here_location'

2019-12-18 14:06:16 - [MESSAGE][PASSED] - Call Test Case 'Test Cases/Reusable_Test_Sequences/CAT_Enter_Trade_Location' successfully

2019-12-18 14:06:16 - [TEST_STEP][PASSED] - "---------------------------------------": null

2019-12-18 14:06:16 - [TEST_STEP][PASSED] - " Scroll Search Button into View        |": null

2019-12-18 14:06:16 - [TEST_STEP][PASSED] - "---------------------------------------": null

2019-12-18 14:06:16 - [TEST_STEP][PASSED] - "---------------------------------------": null

2019-12-18 14:06:16 - [TEST_STEP][PASSED] - " Dispel New trades Header              |": null

2019-12-18 14:06:16 - [TEST_STEP][PASSED] - callTestCase(findTestCase("Reusable_Test_Sequences/CAT_Dispel_Trade_Header"), [:], CONTINUE_ON_FAILURE): Call Test Case 'Test Cases/Reusable_Test_Sequences/CAT_Dispel_Trade_Header' successfully

2019-12-18 14:06:16 - [TEST_CASE][PASSED] - Test Cases/Reusable_Test_Sequences/CAT_Dispel_Trade_Header: Test Cases/Reusable_Test_Sequences/CAT_Dispel_Trade_Header

2019-12-18 14:06:16 - [TEST_STEP][PASSED] - " New Function to Dispel Trades Header (on Deployment 05/12/20190) ": null

2019-12-18 14:06:16 - [TEST_STEP][PASSED] - if (row == 4): null

2019-12-18 14:06:16 - [MESSAGE][PASSED] - Call Test Case 'Test Cases/Reusable_Test_Sequences/CAT_Dispel_Trade_Header' successfully

2019-12-18 14:06:16 - [TEST_STEP][PASSED] - "---------------------------------------": null

2019-12-18 14:06:16 - [TEST_STEP][PASSED] - " Hit Search Button                     |": null

2019-12-18 14:06:16 - [TEST_STEP][PASSED] - callTestCase(findTestCase("Reusable_Test_Sequences/CAT_Hit_Search_Button"), [:], CONTINUE_ON_FAILURE): Call Test Case 'Test Cases/Reusable_Test_Sequences/CAT_Hit_Search_Button' successfully

2019-12-18 14:06:17 - [TEST_CASE][PASSED] - Test Cases/Reusable_Test_Sequences/CAT_Hit_Search_Button: Test Cases/Reusable_Test_Sequences/CAT_Hit_Search_Button

2019-12-18 14:06:17 - [TEST_STEP][PASSED] - "---------------------------------": null

2019-12-18 14:06:17 - [TEST_STEP][PASSED] - "HIT SEARCH": null

2019-12-18 14:06:17 - [TEST_STEP][PASSED] - "---------------------------------": null

2019-12-18 14:06:17 - [TEST_STEP][PASSED] - waitForElementClickable(findTestObject("Object Repository/Checkatrade_Trade_Search_Page/Page_Checkatrade Find a tradesperson you can trust/Page_Checkatrade Find a tradesperson you can trust/a_Search"), 25): Object 'Object Repository/Checkatrade_Trade_Search_Page/Page_Checkatrade Find a tradesperson you can trust/Page_Checkatrade Find a tradesperson you can trust/a_Search' is clickable

2019-12-18 14:06:17 - [MESSAGE][PASSED] - Object 'Object Repository/Checkatrade_Trade_Search_Page/Page_Checkatrade Find a tradesperson you can trust/Page_Checkatrade Find a tradesperson you can trust/a_Search' is clickable

2019-12-18 14:06:17 - [TEST_STEP][PASSED] - click(findTestObject("Object Repository/Checkatrade_Trade_Search_Page/Page_Checkatrade Find a tradesperson you can trust/Page_Checkatrade Find a tradesperson you can trust/a_Search")): Object: 'Object Repository/Checkatrade_Trade_Search_Page/Page_Checkatrade Find a tradesperson you can trust/Page_Checkatrade Find a tradesperson you can trust/a_Search' is clicked on

2019-12-18 14:06:19 - [MESSAGE][PASSED] - Object: 'Object Repository/Checkatrade_Trade_Search_Page/Page_Checkatrade Find a tradesperson you can trust/Page_Checkatrade Find a tradesperson you can trust/a_Search' is clicked on

2019-12-18 14:06:19 - [MESSAGE][PASSED] - Call Test Case 'Test Cases/Reusable_Test_Sequences/CAT_Hit_Search_Button' successfully

2019-12-18 14:06:19 - [TEST_STEP][PASSED] - "---------------------------------------": null

2019-12-18 14:06:19 - [TEST_STEP][PASSED] - " Verify Returned Page is as Expected   |": null

2019-12-18 14:06:19 - [TEST_STEP][PASSED] - callTestCase(findTestCase("Reusable_Test_Sequences/CAT_Verification"), [:], CONTINUE_ON_FAILURE): Call Test Case 'Test Cases/Reusable_Test_Sequences/CAT_Verification' successfully

2019-12-18 14:06:19 - [TEST_CASE][PASSED] - Test Cases/Reusable_Test_Sequences/CAT_Verification: Test Cases/Reusable_Test_Sequences/CAT_Verification

2019-12-18 14:06:19 - [TEST_STEP][PASSED] - "Updated 05/12/2019 due to wholesale Home page changes": null

2019-12-18 14:06:19 - [TEST_STEP][PASSED] - "Expected cantantenated text is Returned": null

2019-12-18 14:06:19 - [TEST_STEP][PASSED] - waitForPageLoad(60): Wait for page load successfully

2019-12-18 14:06:19 - [MESSAGE][PASSED] - Wait for page load successfully

2019-12-18 14:06:19 - [TEST_STEP][PASSED] - verifyTextPresent(findTestData("searchTestData").getValue("tradeClassification", row), false): Text 'Tree Surgeon' is present on page 

2019-12-18 14:06:19 - [MESSAGE][PASSED] - Text 'Tree Surgeon' is present on page 

2019-12-18 14:06:19 - [TEST_STEP][PASSED] - verifyTextPresent(findTestData("searchTestData").getValue("tradeLocation", row), false): Text 'PO12 2HE' is present on page 

2019-12-18 14:06:20 - [MESSAGE][PASSED] - Text 'PO12 2HE' is present on page 

2019-12-18 14:06:20 - [MESSAGE][PASSED] - Call Test Case 'Test Cases/Reusable_Test_Sequences/CAT_Verification' successfully

2019-12-18 14:06:20 - [TEST_STEP][PASSED] - "--------------------------": null

2019-12-18 14:06:20 - [TEST_STEP][PASSED] - " Teardown - CLose Browser |": null

2019-12-18 14:06:20 - [TEST_STEP][PASSED] - callTestCase(findTestCase("Reusable_Test_Sequences/CAT_Teardown"), [:], OPTIONAL): Call Test Case 'Test Cases/Reusable_Test_Sequences/CAT_Teardown' successfully

2019-12-18 14:06:20 - [TEST_CASE][PASSED] - Test Cases/Reusable_Test_Sequences/CAT_Teardown: Test Cases/Reusable_Test_Sequences/CAT_Teardown

2019-12-18 14:06:20 - [TEST_STEP][PASSED] - closeBrowser(): Browser is closed

2019-12-18 14:06:21 - [MESSAGE][PASSED] - Browser is closed

2019-12-18 14:06:21 - [MESSAGE][PASSED] - Call Test Case 'Test Cases/Reusable_Test_Sequences/CAT_Teardown' successfully

2019-12-18 14:06:21 - [TEST_STEP][PASSED] - "------------------------------": null

2019-12-18 14:06:21 - [TEST_STEP][PASSED] - " Set Mobile Device Testing    |": null

2019-12-18 14:06:21 - [TEST_STEP][PASSED] - Mobile_Flag = "true": null

2019-12-18 14:06:21 - [TEST_STEP][PASSED] - "------------------------------": null

2019-12-18 14:06:21 - [TEST_STEP][PASSED] - " Set Mobile Device Testing    |": null

2019-12-18 14:06:21 - [TEST_STEP][PASSED] - callTestCase(findTestCase("Reusable_Test_Sequences/CAT_Setup"), [:], OPTIONAL): Call Test Case 'Test Cases/Reusable_Test_Sequences/CAT_Setup' successfully

2019-12-18 14:06:21 - [TEST_CASE][PASSED] - Test Cases/Reusable_Test_Sequences/CAT_Setup: Test Cases/Reusable_Test_Sequences/CAT_Setup

2019-12-18 14:06:21 - [TEST_STEP][PASSED] - "------------------------------": null

2019-12-18 14:06:21 - [TEST_STEP][PASSED] - " Set Mobile Device Testing    |": null

2019-12-18 14:06:21 - [TEST_STEP][PASSED] - if (Mobile_Flag == "true"): Call Test Case 'Test Cases/Reusable_Test_Sequences/Utils/Mobile_Chrome_Capabilities_desktop' successfully

2019-12-18 14:06:21 - [TEST_STEP][PASSED] - callTestCase(findTestCase("Reusable_Test_Sequences/Utils/Mobile_Chrome_Capabilities_desktop"), [:], OPTIONAL): Call Test Case 'Test Cases/Reusable_Test_Sequences/Utils/Mobile_Chrome_Capabilities_desktop' successfully

2019-12-18 14:06:21 - [TEST_CASE][PASSED] - Test Cases/Reusable_Test_Sequences/Utils/Mobile_Chrome_Capabilities_desktop: Test Cases/Reusable_Test_Sequences/Utils/Mobile_Chrome_Capabilities_desktop

2019-12-18 14:06:21 - [TEST_STEP][PASSED] - data = findTestData("Data Files/Mobile_Test_Data"): null

2019-12-18 14:06:21 - [TEST_STEP][PASSED] - file = "com.kms.katalon.core.webui.chrome.properties": null

2019-12-18 14:06:21 - [TEST_STEP][PASSED] - filePath = "C:\Users\davidho\Katalon Studio\Start\settings\internal\" + file: null

2019-12-18 14:06:21 - [TEST_STEP][PASSED] - "---------------------------------------------------------------------------------------------------------------------------": null

2019-12-18 14:06:21 - [TEST_STEP][PASSED] - "Example Setting Applied": null

2019-12-18 14:06:21 - [TEST_STEP][PASSED] - "No Settings Applied": null

2019-12-18 14:06:21 - [TEST_STEP][PASSED] - "Default values Available from Chrome": null

2019-12-18 14:06:21 - [TEST_STEP][PASSED] - "Other available values from Chrome that can be set": null

2019-12-18 14:06:21 - [TEST_STEP][PASSED] - "The settings are accessible via Katalon Studio, via menuItem "Project/Settings/Desired" capabilities/WebUI/Chrome": null

2019-12-18 14:06:21 - [TEST_STEP][PASSED] - "Question - Why have I used this approach, rather than setting the Chrome Properties Directly": null

2019-12-18 14:06:21 - [TEST_STEP][PASSED] - "--------------------------------------------------------------------------------------------------------------------------": null

2019-12-18 14:06:21 - [TEST_STEP][PASSED] - "--------------------------------------------------------------------------------------------------------------------------": null

2019-12-18 14:06:21 - [TEST_STEP][PASSED] - "Dec 16, 2019 10:06:12 AM org.openqa.selenium.remote.DesiredCapabilities chrome": null

2019-12-18 14:06:21 - [TEST_STEP][PASSED] - try: null

2019-12-18 14:06:21 - [TEST_STEP][PASSED] - "------------------------------------------": null

2019-12-18 14:06:21 - [TEST_STEP][PASSED] - mobileDevice = data.getValue("Emulation", row): null

2019-12-18 14:06:21 - [TEST_STEP][PASSED] - "------------------------------------------": null

2019-12-18 14:06:21 - [TEST_STEP][PASSED] - "------------------------------------------": null

2019-12-18 14:06:21 - [TEST_STEP][PASSED] - "------------------------------------------": null

2019-12-18 14:06:21 - [TEST_STEP][PASSED] - " Set Capabilities": null

2019-12-18 14:06:21 - [TEST_STEP][PASSED] - options = new org.openqa.selenium.chrome.ChromeOptions(): null

2019-12-18 14:06:21 - [TEST_STEP][PASSED] - driver = new org.openqa.selenium.chrome.ChromeDriver(options): null

2019-12-18 14:06:27 - [TEST_STEP][PASSED] - "------------------------------------------": null

2019-12-18 14:06:27 - [TEST_STEP][PASSED] - fw = new java.io.FileWriter(file.getAbsoluteFile()): null

2019-12-18 14:06:27 - [TEST_STEP][PASSED] - catch (Exception e): null

2019-12-18 14:06:27 - [TEST_STEP][PASSED] - e.printStackTrace(): null

2019-12-18 14:06:27 - [MESSAGE][PASSED] - Call Test Case 'Test Cases/Reusable_Test_Sequences/Utils/Mobile_Chrome_Capabilities_desktop' successfully

2019-12-18 14:06:27 - [TEST_STEP][PASSED] - "------------------------------": null

2019-12-18 14:06:27 - [TEST_STEP][PASSED] - " Set Mobile Device Testing    |": null

2019-12-18 14:06:27 - [TEST_STEP][PASSED] - "------------------------------": null

2019-12-18 14:06:27 - [TEST_STEP][PASSED] - "URL - Set from the ENVIRONMENT PROFILE ": null

2019-12-18 14:06:27 - [TEST_STEP][PASSED] - openBrowser(URL): Browser is opened with url: 'https://www.preview.checkatrade.com/'

2019-12-18 14:06:27 - [MESSAGE][INFO] - Starting 'Chrome' driver

2019-12-18 14:06:35 - [MESSAGE][PASSED] - Browser is opened with url: 'https://www.preview.checkatrade.com/'

2019-12-18 14:06:35 - [TEST_STEP][PASSED] - maximizeWindow(): Current window maximized

2019-12-18 14:06:39 - [MESSAGE][PASSED] - Current window maximized

2019-12-18 14:06:39 - [TEST_STEP][PASSED] - waitForPageLoad(60): Wait for page load successfully

2019-12-18 14:06:39 - [MESSAGE][PASSED] - Wait for page load successfully

2019-12-18 14:06:39 - [TEST_STEP][PASSED] - "Previous Functionalilty Left Commented For Ease Of reversion": null

2019-12-18 14:06:39 - [TEST_STEP][PASSED] - try: Text 'Cookie Policy' is not present on page

2019-12-18 14:06:39 - [TEST_STEP][PASSED] - verifyElementPresent(findTestObject("Object Repository/Cookies/Page_Checkatrade Find a tradesperson you can trust/button_Accept All"), 5): Object 'Object Repository/Cookies/Page_Checkatrade Find a tradesperson you can trust/button_Accept All' is present

2019-12-18 14:06:39 - [MESSAGE][PASSED] - Object 'Object Repository/Cookies/Page_Checkatrade Find a tradesperson you can trust/button_Accept All' is present

2019-12-18 14:06:39 - [TEST_STEP][PASSED] - click(findTestObject("Object Repository/Cookies/Page_Checkatrade Find a tradesperson you can trust/button_Accept All")): Object: 'Object Repository/Cookies/Page_Checkatrade Find a tradesperson you can trust/button_Accept All' is clicked on

2019-12-18 14:06:40 - [MESSAGE][PASSED] - Object: 'Object Repository/Cookies/Page_Checkatrade Find a tradesperson you can trust/button_Accept All' is clicked on

2019-12-18 14:06:40 - [TEST_STEP][PASSED] - "---------------------------------": null

2019-12-18 14:06:40 - [TEST_STEP][PASSED] - "COOKIE POPOUT REMOVED - Confirmed": null

2019-12-18 14:06:40 - [TEST_STEP][PASSED] - delay(1): Delayed 1 second(s)

2019-12-18 14:06:41 - [MESSAGE][PASSED] - Delayed 1 second(s)

2019-12-18 14:06:41 - [TEST_STEP][PASSED] - verifyTextNotPresent("We use cookies to personalise content and ads, to provide social media features and to analyse our traffic", false): Text 'We use cookies to personalise content and ads, to provide social media features and to analyse our traffic' is not present on page

2019-12-18 14:06:41 - [MESSAGE][PASSED] - Text 'We use cookies to personalise content and ads, to provide social media features and to analyse our traffic' is not present on page

2019-12-18 14:06:41 - [TEST_STEP][PASSED] - verifyTextNotPresent(" We also share information about your use of our site with our social media, advertising and analytics partners", false): Text ' We also share information about your use of our site with our social media, advertising and analytics partners' is not present on page

2019-12-18 14:06:41 - [MESSAGE][PASSED] - Text ' We also share information about your use of our site with our social media, advertising and analytics partners' is not present on page

2019-12-18 14:06:41 - [TEST_STEP][PASSED] - verifyTextNotPresent("Cookie Policy", false): Text 'Cookie Policy' is not present on page

2019-12-18 14:06:41 - [MESSAGE][PASSED] - Text 'Cookie Policy' is not present on page

2019-12-18 14:06:41 - [TEST_STEP][PASSED] - waitForPageLoad(60): Wait for page load successfully

2019-12-18 14:06:41 - [MESSAGE][PASSED] - Wait for page load successfully

2019-12-18 14:06:41 - [MESSAGE][PASSED] - Call Test Case 'Test Cases/Reusable_Test_Sequences/CAT_Setup' successfully

2019-12-18 14:06:41 - [TEST_STEP][PASSED] - " ALTERNATIVE SCREEN RESOLUTION SELECTION METHOD": null

2019-12-18 14:06:41 - [TEST_STEP][PASSED] - " Block Comment Start": null

2019-12-18 14:06:41 - [TEST_STEP][PASSED] - " Block Commen End": null

2019-12-18 14:06:41 - [TEST_STEP][PASSED] - "---------------------------------------": null

2019-12-18 14:06:41 - [TEST_STEP][PASSED] - " Set and SEARCH TRADE CLASSIFICATION   |": null

2019-12-18 14:06:41 - [TEST_STEP][PASSED] - callTestCase(findTestCase("Reusable_Test_Sequences/CAT_Enter_Trade_Classification"), [:], CONTINUE_ON_FAILURE): Call Test Case 'Test Cases/Reusable_Test_Sequences/CAT_Enter_Trade_Classification' successfully

2019-12-18 14:06:41 - [TEST_CASE][PASSED] - Test Cases/Reusable_Test_Sequences/CAT_Enter_Trade_Classification: Test Cases/Reusable_Test_Sequences/CAT_Enter_Trade_Classification

2019-12-18 14:06:41 - [TEST_STEP][PASSED] - "---------------------------------": null

2019-12-18 14:06:41 - [TEST_STEP][PASSED] - "Set and SEARCH SELECTED TRADE": null

2019-12-18 14:06:41 - [TEST_STEP][PASSED] - click(findTestObject("Object Repository/Checkatrade_Trade_Search_Page/Page_Checkatrade Find a tradesperson you can trust/input_Search_Button_FF")): Object: 'Object Repository/Checkatrade_Trade_Search_Page/Page_Checkatrade Find a tradesperson you can trust/input_Search_Button_FF' is clicked on

2019-12-18 14:06:41 - [MESSAGE][PASSED] - Object: 'Object Repository/Checkatrade_Trade_Search_Page/Page_Checkatrade Find a tradesperson you can trust/input_Search_Button_FF' is clicked on

2019-12-18 14:06:41 - [TEST_STEP][PASSED] - setText(findTestObject("Object Repository/Checkatrade_Trade_Search_Page/Page_Checkatrade Find a tradesperson you can trust/input_Search_Button_FF"), findTestData("searchTestData").getValue("tradeClassification", row)): Text 'Electrician' is set on object 'Object Repository/Checkatrade_Trade_Search_Page/Page_Checkatrade Find a tradesperson you can trust/input_Search_Button_FF'

2019-12-18 14:06:42 - [MESSAGE][PASSED] - Text 'Electrician' is set on object 'Object Repository/Checkatrade_Trade_Search_Page/Page_Checkatrade Find a tradesperson you can trust/input_Search_Button_FF'

2019-12-18 14:06:42 - [MESSAGE][PASSED] - Call Test Case 'Test Cases/Reusable_Test_Sequences/CAT_Enter_Trade_Classification' successfully

2019-12-18 14:06:42 - [TEST_STEP][PASSED] - "---------------------------------------": null

2019-12-18 14:06:42 - [TEST_STEP][PASSED] - " Set and SEARCH TRADE LOCATION         |": null

2019-12-18 14:06:42 - [TEST_STEP][PASSED] - callTestCase(findTestCase("Reusable_Test_Sequences/CAT_Enter_Trade_Location"), [:], CONTINUE_ON_FAILURE): Call Test Case 'Test Cases/Reusable_Test_Sequences/CAT_Enter_Trade_Location' successfully

2019-12-18 14:06:42 - [TEST_CASE][PASSED] - Test Cases/Reusable_Test_Sequences/CAT_Enter_Trade_Location: Test Cases/Reusable_Test_Sequences/CAT_Enter_Trade_Location

2019-12-18 14:06:42 - [TEST_STEP][PASSED] - "---------------------------------": null

2019-12-18 14:06:42 - [TEST_STEP][PASSED] - "Set and SEARCH SELECTED LOCATION |": null

2019-12-18 14:06:42 - [TEST_STEP][PASSED] - click(findTestObject("Object Repository/Checkatrade_Trade_Search_Page/Page_Checkatrade Find a tradesperson you can trust/input_Not here_location")): Object: 'Object Repository/Checkatrade_Trade_Search_Page/Page_Checkatrade Find a tradesperson you can trust/input_Not here_location' is clicked on

2019-12-18 14:06:42 - [MESSAGE][PASSED] - Object: 'Object Repository/Checkatrade_Trade_Search_Page/Page_Checkatrade Find a tradesperson you can trust/input_Not here_location' is clicked on

2019-12-18 14:06:42 - [TEST_STEP][PASSED] - setText(findTestObject("Object Repository/Checkatrade_Trade_Search_Page/Page_Checkatrade Find a tradesperson you can trust/input_Not here_location"), findTestData("searchTestData").getValue("tradeLocation", row)): Text 'Orkney' is set on object 'Object Repository/Checkatrade_Trade_Search_Page/Page_Checkatrade Find a tradesperson you can trust/input_Not here_location'

2019-12-18 14:06:42 - [MESSAGE][PASSED] - Text 'Orkney' is set on object 'Object Repository/Checkatrade_Trade_Search_Page/Page_Checkatrade Find a tradesperson you can trust/input_Not here_location'

2019-12-18 14:06:42 - [MESSAGE][PASSED] - Call Test Case 'Test Cases/Reusable_Test_Sequences/CAT_Enter_Trade_Location' successfully

2019-12-18 14:06:42 - [TEST_STEP][PASSED] - "---------------------------------------": null

2019-12-18 14:06:42 - [TEST_STEP][PASSED] - " Scroll Search Button into View        |": null

2019-12-18 14:06:42 - [TEST_STEP][PASSED] - "---------------------------------------": null

2019-12-18 14:06:42 - [TEST_STEP][PASSED] - "---------------------------------------": null

2019-12-18 14:06:42 - [TEST_STEP][PASSED] - " Dispel New trades Header              |": null

2019-12-18 14:06:42 - [TEST_STEP][PASSED] - callTestCase(findTestCase("Reusable_Test_Sequences/CAT_Dispel_Trade_Header"), [:], CONTINUE_ON_FAILURE): Call Test Case 'Test Cases/Reusable_Test_Sequences/CAT_Dispel_Trade_Header' successfully

2019-12-18 14:06:42 - [TEST_CASE][PASSED] - Test Cases/Reusable_Test_Sequences/CAT_Dispel_Trade_Header: Test Cases/Reusable_Test_Sequences/CAT_Dispel_Trade_Header

2019-12-18 14:06:42 - [TEST_STEP][PASSED] - " New Function to Dispel Trades Header (on Deployment 05/12/20190) ": null

2019-12-18 14:06:42 - [TEST_STEP][PASSED] - if (row == 4): null

2019-12-18 14:06:42 - [MESSAGE][PASSED] - Call Test Case 'Test Cases/Reusable_Test_Sequences/CAT_Dispel_Trade_Header' successfully

2019-12-18 14:06:42 - [TEST_STEP][PASSED] - "---------------------------------------": null

2019-12-18 14:06:42 - [TEST_STEP][PASSED] - " Hit Search Button                     |": null

2019-12-18 14:06:42 - [TEST_STEP][PASSED] - callTestCase(findTestCase("Reusable_Test_Sequences/CAT_Hit_Search_Button"), [:], CONTINUE_ON_FAILURE): Call Test Case 'Test Cases/Reusable_Test_Sequences/CAT_Hit_Search_Button' successfully

2019-12-18 14:06:42 - [TEST_CASE][PASSED] - Test Cases/Reusable_Test_Sequences/CAT_Hit_Search_Button: Test Cases/Reusable_Test_Sequences/CAT_Hit_Search_Button

2019-12-18 14:06:42 - [TEST_STEP][PASSED] - "---------------------------------": null

2019-12-18 14:06:42 - [TEST_STEP][PASSED] - "HIT SEARCH": null

2019-12-18 14:06:42 - [TEST_STEP][PASSED] - "---------------------------------": null

2019-12-18 14:06:42 - [TEST_STEP][PASSED] - waitForElementClickable(findTestObject("Object Repository/Checkatrade_Trade_Search_Page/Page_Checkatrade Find a tradesperson you can trust/Page_Checkatrade Find a tradesperson you can trust/a_Search"), 25): Object 'Object Repository/Checkatrade_Trade_Search_Page/Page_Checkatrade Find a tradesperson you can trust/Page_Checkatrade Find a tradesperson you can trust/a_Search' is clickable

2019-12-18 14:06:42 - [MESSAGE][PASSED] - Object 'Object Repository/Checkatrade_Trade_Search_Page/Page_Checkatrade Find a tradesperson you can trust/Page_Checkatrade Find a tradesperson you can trust/a_Search' is clickable

2019-12-18 14:06:42 - [TEST_STEP][PASSED] - click(findTestObject("Object Repository/Checkatrade_Trade_Search_Page/Page_Checkatrade Find a tradesperson you can trust/Page_Checkatrade Find a tradesperson you can trust/a_Search")): Object: 'Object Repository/Checkatrade_Trade_Search_Page/Page_Checkatrade Find a tradesperson you can trust/Page_Checkatrade Find a tradesperson you can trust/a_Search' is clicked on

2019-12-18 14:06:45 - [MESSAGE][PASSED] - Object: 'Object Repository/Checkatrade_Trade_Search_Page/Page_Checkatrade Find a tradesperson you can trust/Page_Checkatrade Find a tradesperson you can trust/a_Search' is clicked on

2019-12-18 14:06:45 - [MESSAGE][PASSED] - Call Test Case 'Test Cases/Reusable_Test_Sequences/CAT_Hit_Search_Button' successfully

2019-12-18 14:06:45 - [TEST_STEP][PASSED] - "---------------------------------------": null

2019-12-18 14:06:45 - [TEST_STEP][PASSED] - " Verify Returned Page is as Expected   |": null

2019-12-18 14:06:45 - [TEST_STEP][PASSED] - callTestCase(findTestCase("Reusable_Test_Sequences/CAT_Verification"), [:], CONTINUE_ON_FAILURE): Call Test Case 'Test Cases/Reusable_Test_Sequences/CAT_Verification' successfully

2019-12-18 14:06:45 - [TEST_CASE][PASSED] - Test Cases/Reusable_Test_Sequences/CAT_Verification: Test Cases/Reusable_Test_Sequences/CAT_Verification

2019-12-18 14:06:45 - [TEST_STEP][PASSED] - "Updated 05/12/2019 due to wholesale Home page changes": null

2019-12-18 14:06:45 - [TEST_STEP][PASSED] - "Expected cantantenated text is Returned": null

2019-12-18 14:06:45 - [TEST_STEP][PASSED] - waitForPageLoad(60): Wait for page load successfully

2019-12-18 14:06:45 - [MESSAGE][PASSED] - Wait for page load successfully

2019-12-18 14:06:45 - [TEST_STEP][PASSED] - verifyTextPresent(findTestData("searchTestData").getValue("tradeClassification", row), false): Text 'Electrician' is present on page 

2019-12-18 14:06:46 - [MESSAGE][PASSED] - Text 'Electrician' is present on page 

2019-12-18 14:06:46 - [TEST_STEP][PASSED] - verifyTextPresent(findTestData("searchTestData").getValue("tradeLocation", row), false): Text 'Orkney' is present on page 

2019-12-18 14:06:46 - [MESSAGE][PASSED] - Text 'Orkney' is present on page 

2019-12-18 14:06:46 - [MESSAGE][PASSED] - Call Test Case 'Test Cases/Reusable_Test_Sequences/CAT_Verification' successfully

2019-12-18 14:06:46 - [TEST_STEP][PASSED] - "--------------------------": null

2019-12-18 14:06:46 - [TEST_STEP][PASSED] - " Teardown - CLose Browser |": null

2019-12-18 14:06:46 - [TEST_STEP][PASSED] - callTestCase(findTestCase("Reusable_Test_Sequences/CAT_Teardown"), [:], OPTIONAL): Call Test Case 'Test Cases/Reusable_Test_Sequences/CAT_Teardown' successfully

2019-12-18 14:06:46 - [TEST_CASE][PASSED] - Test Cases/Reusable_Test_Sequences/CAT_Teardown: Test Cases/Reusable_Test_Sequences/CAT_Teardown

2019-12-18 14:06:46 - [TEST_STEP][PASSED] - closeBrowser(): Browser is closed

2019-12-18 14:06:47 - [MESSAGE][PASSED] - Browser is closed

2019-12-18 14:06:47 - [MESSAGE][PASSED] - Call Test Case 'Test Cases/Reusable_Test_Sequences/CAT_Teardown' successfully

2019-12-18 14:06:47 - [TEST_STEP][PASSED] - "------------------------------": null

2019-12-18 14:06:47 - [TEST_STEP][PASSED] - " Set Mobile Device Testing    |": null

2019-12-18 14:06:47 - [TEST_STEP][PASSED] - Mobile_Flag = "true": null

2019-12-18 14:06:47 - [TEST_STEP][PASSED] - "------------------------------": null

2019-12-18 14:06:47 - [TEST_STEP][PASSED] - " Set Mobile Device Testing    |": null

2019-12-18 14:06:47 - [TEST_STEP][PASSED] - callTestCase(findTestCase("Reusable_Test_Sequences/CAT_Setup"), [:], OPTIONAL): Call Test Case 'Test Cases/Reusable_Test_Sequences/CAT_Setup' successfully

2019-12-18 14:06:47 - [TEST_CASE][PASSED] - Test Cases/Reusable_Test_Sequences/CAT_Setup: Test Cases/Reusable_Test_Sequences/CAT_Setup

2019-12-18 14:06:47 - [TEST_STEP][PASSED] - "------------------------------": null

2019-12-18 14:06:47 - [TEST_STEP][PASSED] - " Set Mobile Device Testing    |": null

2019-12-18 14:06:47 - [TEST_STEP][PASSED] - if (Mobile_Flag == "true"): Call Test Case 'Test Cases/Reusable_Test_Sequences/Utils/Mobile_Chrome_Capabilities_desktop' successfully

2019-12-18 14:06:47 - [TEST_STEP][PASSED] - callTestCase(findTestCase("Reusable_Test_Sequences/Utils/Mobile_Chrome_Capabilities_desktop"), [:], OPTIONAL): Call Test Case 'Test Cases/Reusable_Test_Sequences/Utils/Mobile_Chrome_Capabilities_desktop' successfully

2019-12-18 14:06:47 - [TEST_CASE][PASSED] - Test Cases/Reusable_Test_Sequences/Utils/Mobile_Chrome_Capabilities_desktop: Test Cases/Reusable_Test_Sequences/Utils/Mobile_Chrome_Capabilities_desktop

2019-12-18 14:06:47 - [TEST_STEP][PASSED] - data = findTestData("Data Files/Mobile_Test_Data"): null

2019-12-18 14:06:48 - [TEST_STEP][PASSED] - file = "com.kms.katalon.core.webui.chrome.properties": null

2019-12-18 14:06:48 - [TEST_STEP][PASSED] - filePath = "C:\Users\davidho\Katalon Studio\Start\settings\internal\" + file: null

2019-12-18 14:06:48 - [TEST_STEP][PASSED] - "---------------------------------------------------------------------------------------------------------------------------": null

2019-12-18 14:06:48 - [TEST_STEP][PASSED] - "Example Setting Applied": null

2019-12-18 14:06:48 - [TEST_STEP][PASSED] - "No Settings Applied": null

2019-12-18 14:06:48 - [TEST_STEP][PASSED] - "Default values Available from Chrome": null

2019-12-18 14:06:48 - [TEST_STEP][PASSED] - "Other available values from Chrome that can be set": null

2019-12-18 14:06:48 - [TEST_STEP][PASSED] - "The settings are accessible via Katalon Studio, via menuItem "Project/Settings/Desired" capabilities/WebUI/Chrome": null

2019-12-18 14:06:48 - [TEST_STEP][PASSED] - "Question - Why have I used this approach, rather than setting the Chrome Properties Directly": null

2019-12-18 14:06:48 - [TEST_STEP][PASSED] - "--------------------------------------------------------------------------------------------------------------------------": null

2019-12-18 14:06:48 - [TEST_STEP][PASSED] - "--------------------------------------------------------------------------------------------------------------------------": null

2019-12-18 14:06:48 - [TEST_STEP][PASSED] - "Dec 16, 2019 10:06:12 AM org.openqa.selenium.remote.DesiredCapabilities chrome": null

2019-12-18 14:06:48 - [TEST_STEP][PASSED] - try: null

2019-12-18 14:06:48 - [TEST_STEP][PASSED] - "------------------------------------------": null

2019-12-18 14:06:48 - [TEST_STEP][PASSED] - mobileDevice = data.getValue("Emulation", row): null

2019-12-18 14:06:48 - [TEST_STEP][PASSED] - "------------------------------------------": null

2019-12-18 14:06:48 - [TEST_STEP][PASSED] - "------------------------------------------": null

2019-12-18 14:06:48 - [TEST_STEP][PASSED] - "------------------------------------------": null

2019-12-18 14:06:48 - [TEST_STEP][PASSED] - " Set Capabilities": null

2019-12-18 14:06:48 - [TEST_STEP][PASSED] - options = new org.openqa.selenium.chrome.ChromeOptions(): null

2019-12-18 14:06:48 - [TEST_STEP][PASSED] - driver = new org.openqa.selenium.chrome.ChromeDriver(options): null

2019-12-18 14:06:53 - [TEST_STEP][PASSED] - "------------------------------------------": null

2019-12-18 14:06:53 - [TEST_STEP][PASSED] - fw = new java.io.FileWriter(file.getAbsoluteFile()): null

2019-12-18 14:06:53 - [TEST_STEP][PASSED] - catch (Exception e): null

2019-12-18 14:06:53 - [TEST_STEP][PASSED] - e.printStackTrace(): null

2019-12-18 14:06:53 - [MESSAGE][PASSED] - Call Test Case 'Test Cases/Reusable_Test_Sequences/Utils/Mobile_Chrome_Capabilities_desktop' successfully

2019-12-18 14:06:53 - [TEST_STEP][PASSED] - "------------------------------": null

2019-12-18 14:06:53 - [TEST_STEP][PASSED] - " Set Mobile Device Testing    |": null

2019-12-18 14:06:53 - [TEST_STEP][PASSED] - "------------------------------": null

2019-12-18 14:06:53 - [TEST_STEP][PASSED] - "URL - Set from the ENVIRONMENT PROFILE ": null

2019-12-18 14:06:53 - [TEST_STEP][PASSED] - openBrowser(URL): Browser is opened with url: 'https://www.preview.checkatrade.com/'

2019-12-18 14:06:53 - [MESSAGE][INFO] - Starting 'Chrome' driver

2019-12-18 14:07:01 - [MESSAGE][PASSED] - Browser is opened with url: 'https://www.preview.checkatrade.com/'

2019-12-18 14:07:01 - [TEST_STEP][PASSED] - maximizeWindow(): Current window maximized

2019-12-18 14:07:05 - [MESSAGE][PASSED] - Current window maximized

2019-12-18 14:07:05 - [TEST_STEP][PASSED] - waitForPageLoad(60): Wait for page load successfully

2019-12-18 14:07:05 - [MESSAGE][PASSED] - Wait for page load successfully

2019-12-18 14:07:05 - [TEST_STEP][PASSED] - "Previous Functionalilty Left Commented For Ease Of reversion": null

2019-12-18 14:07:05 - [TEST_STEP][PASSED] - try: Text 'Cookie Policy' is not present on page

2019-12-18 14:07:05 - [TEST_STEP][PASSED] - verifyElementPresent(findTestObject("Object Repository/Cookies/Page_Checkatrade Find a tradesperson you can trust/button_Accept All"), 5): Object 'Object Repository/Cookies/Page_Checkatrade Find a tradesperson you can trust/button_Accept All' is present

2019-12-18 14:07:05 - [MESSAGE][PASSED] - Object 'Object Repository/Cookies/Page_Checkatrade Find a tradesperson you can trust/button_Accept All' is present

2019-12-18 14:07:05 - [TEST_STEP][PASSED] - click(findTestObject("Object Repository/Cookies/Page_Checkatrade Find a tradesperson you can trust/button_Accept All")): Object: 'Object Repository/Cookies/Page_Checkatrade Find a tradesperson you can trust/button_Accept All' is clicked on

2019-12-18 14:07:06 - [MESSAGE][PASSED] - Object: 'Object Repository/Cookies/Page_Checkatrade Find a tradesperson you can trust/button_Accept All' is clicked on

2019-12-18 14:07:06 - [TEST_STEP][PASSED] - "---------------------------------": null

2019-12-18 14:07:06 - [TEST_STEP][PASSED] - "COOKIE POPOUT REMOVED - Confirmed": null

2019-12-18 14:07:06 - [TEST_STEP][PASSED] - delay(1): Delayed 1 second(s)

2019-12-18 14:07:07 - [MESSAGE][PASSED] - Delayed 1 second(s)

2019-12-18 14:07:07 - [TEST_STEP][PASSED] - verifyTextNotPresent("We use cookies to personalise content and ads, to provide social media features and to analyse our traffic", false): Text 'We use cookies to personalise content and ads, to provide social media features and to analyse our traffic' is not present on page

2019-12-18 14:07:07 - [MESSAGE][PASSED] - Text 'We use cookies to personalise content and ads, to provide social media features and to analyse our traffic' is not present on page

2019-12-18 14:07:07 - [TEST_STEP][PASSED] - verifyTextNotPresent(" We also share information about your use of our site with our social media, advertising and analytics partners", false): Text ' We also share information about your use of our site with our social media, advertising and analytics partners' is not present on page

2019-12-18 14:07:07 - [MESSAGE][PASSED] - Text ' We also share information about your use of our site with our social media, advertising and analytics partners' is not present on page

2019-12-18 14:07:07 - [TEST_STEP][PASSED] - verifyTextNotPresent("Cookie Policy", false): Text 'Cookie Policy' is not present on page

2019-12-18 14:07:07 - [MESSAGE][PASSED] - Text 'Cookie Policy' is not present on page

2019-12-18 14:07:07 - [TEST_STEP][PASSED] - waitForPageLoad(60): Wait for page load successfully

2019-12-18 14:07:07 - [MESSAGE][PASSED] - Wait for page load successfully

2019-12-18 14:07:07 - [MESSAGE][PASSED] - Call Test Case 'Test Cases/Reusable_Test_Sequences/CAT_Setup' successfully

2019-12-18 14:07:07 - [TEST_STEP][PASSED] - " ALTERNATIVE SCREEN RESOLUTION SELECTION METHOD": null

2019-12-18 14:07:07 - [TEST_STEP][PASSED] - " Block Comment Start": null

2019-12-18 14:07:07 - [TEST_STEP][PASSED] - " Block Commen End": null

2019-12-18 14:07:07 - [TEST_STEP][PASSED] - "---------------------------------------": null

2019-12-18 14:07:07 - [TEST_STEP][PASSED] - " Set and SEARCH TRADE CLASSIFICATION   |": null

2019-12-18 14:07:07 - [TEST_STEP][PASSED] - callTestCase(findTestCase("Reusable_Test_Sequences/CAT_Enter_Trade_Classification"), [:], CONTINUE_ON_FAILURE): Call Test Case 'Test Cases/Reusable_Test_Sequences/CAT_Enter_Trade_Classification' successfully

2019-12-18 14:07:07 - [TEST_CASE][PASSED] - Test Cases/Reusable_Test_Sequences/CAT_Enter_Trade_Classification: Test Cases/Reusable_Test_Sequences/CAT_Enter_Trade_Classification

2019-12-18 14:07:07 - [TEST_STEP][PASSED] - "---------------------------------": null

2019-12-18 14:07:07 - [TEST_STEP][PASSED] - "Set and SEARCH SELECTED TRADE": null

2019-12-18 14:07:07 - [TEST_STEP][PASSED] - click(findTestObject("Object Repository/Checkatrade_Trade_Search_Page/Page_Checkatrade Find a tradesperson you can trust/input_Search_Button_FF")): Object: 'Object Repository/Checkatrade_Trade_Search_Page/Page_Checkatrade Find a tradesperson you can trust/input_Search_Button_FF' is clicked on

2019-12-18 14:07:07 - [MESSAGE][PASSED] - Object: 'Object Repository/Checkatrade_Trade_Search_Page/Page_Checkatrade Find a tradesperson you can trust/input_Search_Button_FF' is clicked on

2019-12-18 14:07:07 - [TEST_STEP][PASSED] - setText(findTestObject("Object Repository/Checkatrade_Trade_Search_Page/Page_Checkatrade Find a tradesperson you can trust/input_Search_Button_FF"), findTestData("searchTestData").getValue("tradeClassification", row)): Text 'Diagnostic Testing' is set on object 'Object Repository/Checkatrade_Trade_Search_Page/Page_Checkatrade Find a tradesperson you can trust/input_Search_Button_FF'

2019-12-18 14:07:08 - [MESSAGE][PASSED] - Text 'Diagnostic Testing' is set on object 'Object Repository/Checkatrade_Trade_Search_Page/Page_Checkatrade Find a tradesperson you can trust/input_Search_Button_FF'

2019-12-18 14:07:08 - [MESSAGE][PASSED] - Call Test Case 'Test Cases/Reusable_Test_Sequences/CAT_Enter_Trade_Classification' successfully

2019-12-18 14:07:08 - [TEST_STEP][PASSED] - "---------------------------------------": null

2019-12-18 14:07:08 - [TEST_STEP][PASSED] - " Set and SEARCH TRADE LOCATION         |": null

2019-12-18 14:07:08 - [TEST_STEP][PASSED] - callTestCase(findTestCase("Reusable_Test_Sequences/CAT_Enter_Trade_Location"), [:], CONTINUE_ON_FAILURE): Call Test Case 'Test Cases/Reusable_Test_Sequences/CAT_Enter_Trade_Location' successfully

2019-12-18 14:07:08 - [TEST_CASE][PASSED] - Test Cases/Reusable_Test_Sequences/CAT_Enter_Trade_Location: Test Cases/Reusable_Test_Sequences/CAT_Enter_Trade_Location

2019-12-18 14:07:08 - [TEST_STEP][PASSED] - "---------------------------------": null

2019-12-18 14:07:08 - [TEST_STEP][PASSED] - "Set and SEARCH SELECTED LOCATION |": null

2019-12-18 14:07:08 - [TEST_STEP][PASSED] - click(findTestObject("Object Repository/Checkatrade_Trade_Search_Page/Page_Checkatrade Find a tradesperson you can trust/input_Not here_location")): Object: 'Object Repository/Checkatrade_Trade_Search_Page/Page_Checkatrade Find a tradesperson you can trust/input_Not here_location' is clicked on

2019-12-18 14:07:08 - [MESSAGE][PASSED] - Object: 'Object Repository/Checkatrade_Trade_Search_Page/Page_Checkatrade Find a tradesperson you can trust/input_Not here_location' is clicked on

2019-12-18 14:07:08 - [TEST_STEP][PASSED] - setText(findTestObject("Object Repository/Checkatrade_Trade_Search_Page/Page_Checkatrade Find a tradesperson you can trust/input_Not here_location"), findTestData("searchTestData").getValue("tradeLocation", row)): Text 'Angmering' is set on object 'Object Repository/Checkatrade_Trade_Search_Page/Page_Checkatrade Find a tradesperson you can trust/input_Not here_location'

2019-12-18 14:07:08 - [MESSAGE][PASSED] - Text 'Angmering' is set on object 'Object Repository/Checkatrade_Trade_Search_Page/Page_Checkatrade Find a tradesperson you can trust/input_Not here_location'

2019-12-18 14:07:08 - [MESSAGE][PASSED] - Call Test Case 'Test Cases/Reusable_Test_Sequences/CAT_Enter_Trade_Location' successfully

2019-12-18 14:07:08 - [TEST_STEP][PASSED] - "---------------------------------------": null

2019-12-18 14:07:08 - [TEST_STEP][PASSED] - " Scroll Search Button into View        |": null

2019-12-18 14:07:08 - [TEST_STEP][PASSED] - "---------------------------------------": null

2019-12-18 14:07:08 - [TEST_STEP][PASSED] - "---------------------------------------": null

2019-12-18 14:07:08 - [TEST_STEP][PASSED] - " Dispel New trades Header              |": null

2019-12-18 14:07:08 - [TEST_STEP][PASSED] - callTestCase(findTestCase("Reusable_Test_Sequences/CAT_Dispel_Trade_Header"), [:], CONTINUE_ON_FAILURE): Call Test Case 'Test Cases/Reusable_Test_Sequences/CAT_Dispel_Trade_Header' successfully

2019-12-18 14:07:08 - [TEST_CASE][PASSED] - Test Cases/Reusable_Test_Sequences/CAT_Dispel_Trade_Header: Test Cases/Reusable_Test_Sequences/CAT_Dispel_Trade_Header

2019-12-18 14:07:08 - [TEST_STEP][PASSED] - " New Function to Dispel Trades Header (on Deployment 05/12/20190) ": null

2019-12-18 14:07:08 - [TEST_STEP][PASSED] - if (row == 4): Object: 'Object Repository/Trades_Apply_Here/Page_Checkatrade Find a tradesperson you can trust/nav_Homeowner' is clicked on

2019-12-18 14:07:08 - [TEST_STEP][PASSED] - markPassed(" * * * * * *  The <TRADES HEADER> Was Presented on the desktop, and was Dispelled - NOT! * * * * * *"):  * * * * * *  The <TRADES HEADER> Was Presented on the desktop, and was Dispelled - NOT! * * * * * *

2019-12-18 14:07:08 - [MESSAGE][PASSED] -  * * * * * *  The <TRADES HEADER> Was Presented on the desktop, and was Dispelled - NOT! * * * * * *

2019-12-18 14:07:08 - [TEST_STEP][PASSED] - click(findTestObject("Trades_Apply_Here/Page_Checkatrade Find a tradesperson you can trust/nav_Homeowner")): Object: 'Object Repository/Trades_Apply_Here/Page_Checkatrade Find a tradesperson you can trust/nav_Homeowner' is clicked on

2019-12-18 14:07:08 - [MESSAGE][PASSED] - Object: 'Object Repository/Trades_Apply_Here/Page_Checkatrade Find a tradesperson you can trust/nav_Homeowner' is clicked on

2019-12-18 14:07:08 - [MESSAGE][PASSED] - Call Test Case 'Test Cases/Reusable_Test_Sequences/CAT_Dispel_Trade_Header' successfully

2019-12-18 14:07:08 - [TEST_STEP][PASSED] - "---------------------------------------": null

2019-12-18 14:07:08 - [TEST_STEP][PASSED] - " Hit Search Button                     |": null

2019-12-18 14:07:08 - [TEST_STEP][PASSED] - callTestCase(findTestCase("Reusable_Test_Sequences/CAT_Hit_Search_Button"), [:], CONTINUE_ON_FAILURE): Call Test Case 'Test Cases/Reusable_Test_Sequences/CAT_Hit_Search_Button' successfully

2019-12-18 14:07:08 - [TEST_CASE][PASSED] - Test Cases/Reusable_Test_Sequences/CAT_Hit_Search_Button: Test Cases/Reusable_Test_Sequences/CAT_Hit_Search_Button

2019-12-18 14:07:08 - [TEST_STEP][PASSED] - "---------------------------------": null

2019-12-18 14:07:08 - [TEST_STEP][PASSED] - "HIT SEARCH": null

2019-12-18 14:07:08 - [TEST_STEP][PASSED] - "---------------------------------": null

2019-12-18 14:07:08 - [TEST_STEP][PASSED] - waitForElementClickable(findTestObject("Object Repository/Checkatrade_Trade_Search_Page/Page_Checkatrade Find a tradesperson you can trust/Page_Checkatrade Find a tradesperson you can trust/a_Search"), 25): Object 'Object Repository/Checkatrade_Trade_Search_Page/Page_Checkatrade Find a tradesperson you can trust/Page_Checkatrade Find a tradesperson you can trust/a_Search' is clickable

2019-12-18 14:07:08 - [MESSAGE][PASSED] - Object 'Object Repository/Checkatrade_Trade_Search_Page/Page_Checkatrade Find a tradesperson you can trust/Page_Checkatrade Find a tradesperson you can trust/a_Search' is clickable

2019-12-18 14:07:08 - [TEST_STEP][PASSED] - click(findTestObject("Object Repository/Checkatrade_Trade_Search_Page/Page_Checkatrade Find a tradesperson you can trust/Page_Checkatrade Find a tradesperson you can trust/a_Search")): Object: 'Object Repository/Checkatrade_Trade_Search_Page/Page_Checkatrade Find a tradesperson you can trust/Page_Checkatrade Find a tradesperson you can trust/a_Search' is clicked on

2019-12-18 14:07:10 - [MESSAGE][PASSED] - Object: 'Object Repository/Checkatrade_Trade_Search_Page/Page_Checkatrade Find a tradesperson you can trust/Page_Checkatrade Find a tradesperson you can trust/a_Search' is clicked on

2019-12-18 14:07:10 - [MESSAGE][PASSED] - Call Test Case 'Test Cases/Reusable_Test_Sequences/CAT_Hit_Search_Button' successfully

2019-12-18 14:07:10 - [TEST_STEP][PASSED] - "---------------------------------------": null

2019-12-18 14:07:10 - [TEST_STEP][PASSED] - " Verify Returned Page is as Expected   |": null

2019-12-18 14:07:10 - [TEST_STEP][PASSED] - callTestCase(findTestCase("Reusable_Test_Sequences/CAT_Verification"), [:], CONTINUE_ON_FAILURE): Call Test Case 'Test Cases/Reusable_Test_Sequences/CAT_Verification' successfully

2019-12-18 14:07:11 - [TEST_CASE][PASSED] - Test Cases/Reusable_Test_Sequences/CAT_Verification: Test Cases/Reusable_Test_Sequences/CAT_Verification

2019-12-18 14:07:11 - [TEST_STEP][PASSED] - "Updated 05/12/2019 due to wholesale Home page changes": null

2019-12-18 14:07:11 - [TEST_STEP][PASSED] - "Expected cantantenated text is Returned": null

2019-12-18 14:07:11 - [TEST_STEP][PASSED] - waitForPageLoad(60): Wait for page load successfully

2019-12-18 14:07:11 - [MESSAGE][PASSED] - Wait for page load successfully

2019-12-18 14:07:11 - [TEST_STEP][PASSED] - verifyTextPresent(findTestData("searchTestData").getValue("tradeClassification", row), false): Text 'Diagnostic Testing' is present on page 

2019-12-18 14:07:11 - [MESSAGE][PASSED] - Text 'Diagnostic Testing' is present on page 

2019-12-18 14:07:11 - [TEST_STEP][PASSED] - verifyTextPresent(findTestData("searchTestData").getValue("tradeLocation", row), false): Text 'Angmering' is present on page 

2019-12-18 14:07:11 - [MESSAGE][PASSED] - Text 'Angmering' is present on page 

2019-12-18 14:07:11 - [MESSAGE][PASSED] - Call Test Case 'Test Cases/Reusable_Test_Sequences/CAT_Verification' successfully

2019-12-18 14:07:11 - [TEST_STEP][PASSED] - "--------------------------": null

2019-12-18 14:07:11 - [TEST_STEP][PASSED] - " Teardown - CLose Browser |": null

2019-12-18 14:07:11 - [TEST_STEP][PASSED] - callTestCase(findTestCase("Reusable_Test_Sequences/CAT_Teardown"), [:], OPTIONAL): Call Test Case 'Test Cases/Reusable_Test_Sequences/CAT_Teardown' successfully

2019-12-18 14:07:12 - [TEST_CASE][PASSED] - Test Cases/Reusable_Test_Sequences/CAT_Teardown: Test Cases/Reusable_Test_Sequences/CAT_Teardown

2019-12-18 14:07:12 - [TEST_STEP][PASSED] - closeBrowser(): Browser is closed

2019-12-18 14:07:12 - [MESSAGE][PASSED] - Browser is closed

2019-12-18 14:07:12 - [MESSAGE][PASSED] - Call Test Case 'Test Cases/Reusable_Test_Sequences/CAT_Teardown' successfully

2019-12-18 14:07:13 - [TEST_STEP][PASSED] - "------------------------------": null

2019-12-18 14:07:13 - [TEST_STEP][PASSED] - " Set Mobile Device Testing    |": null

2019-12-18 14:07:13 - [TEST_STEP][PASSED] - Mobile_Flag = "true": null

2019-12-18 14:07:13 - [TEST_STEP][PASSED] - "------------------------------": null

2019-12-18 14:07:13 - [TEST_STEP][PASSED] - " Set Mobile Device Testing    |": null

2019-12-18 14:07:13 - [TEST_STEP][PASSED] - callTestCase(findTestCase("Reusable_Test_Sequences/CAT_Setup"), [:], OPTIONAL): Call Test Case 'Test Cases/Reusable_Test_Sequences/CAT_Setup' successfully

2019-12-18 14:07:13 - [TEST_CASE][PASSED] - Test Cases/Reusable_Test_Sequences/CAT_Setup: Test Cases/Reusable_Test_Sequences/CAT_Setup

2019-12-18 14:07:13 - [TEST_STEP][PASSED] - "------------------------------": null

2019-12-18 14:07:13 - [TEST_STEP][PASSED] - " Set Mobile Device Testing    |": null

2019-12-18 14:07:13 - [TEST_STEP][PASSED] - if (Mobile_Flag == "true"): Call Test Case 'Test Cases/Reusable_Test_Sequences/Utils/Mobile_Chrome_Capabilities_desktop' successfully

2019-12-18 14:07:13 - [TEST_STEP][PASSED] - callTestCase(findTestCase("Reusable_Test_Sequences/Utils/Mobile_Chrome_Capabilities_desktop"), [:], OPTIONAL): Call Test Case 'Test Cases/Reusable_Test_Sequences/Utils/Mobile_Chrome_Capabilities_desktop' successfully

2019-12-18 14:07:13 - [TEST_CASE][PASSED] - Test Cases/Reusable_Test_Sequences/Utils/Mobile_Chrome_Capabilities_desktop: Test Cases/Reusable_Test_Sequences/Utils/Mobile_Chrome_Capabilities_desktop

2019-12-18 14:07:13 - [TEST_STEP][PASSED] - data = findTestData("Data Files/Mobile_Test_Data"): null

2019-12-18 14:07:13 - [TEST_STEP][PASSED] - file = "com.kms.katalon.core.webui.chrome.properties": null

2019-12-18 14:07:13 - [TEST_STEP][PASSED] - filePath = "C:\Users\davidho\Katalon Studio\Start\settings\internal\" + file: null

2019-12-18 14:07:13 - [TEST_STEP][PASSED] - "---------------------------------------------------------------------------------------------------------------------------": null

2019-12-18 14:07:13 - [TEST_STEP][PASSED] - "Example Setting Applied": null

2019-12-18 14:07:13 - [TEST_STEP][PASSED] - "No Settings Applied": null

2019-12-18 14:07:13 - [TEST_STEP][PASSED] - "Default values Available from Chrome": null

2019-12-18 14:07:13 - [TEST_STEP][PASSED] - "Other available values from Chrome that can be set": null

2019-12-18 14:07:13 - [TEST_STEP][PASSED] - "The settings are accessible via Katalon Studio, via menuItem "Project/Settings/Desired" capabilities/WebUI/Chrome": null

2019-12-18 14:07:13 - [TEST_STEP][PASSED] - "Question - Why have I used this approach, rather than setting the Chrome Properties Directly": null

2019-12-18 14:07:13 - [TEST_STEP][PASSED] - "--------------------------------------------------------------------------------------------------------------------------": null

2019-12-18 14:07:13 - [TEST_STEP][PASSED] - "--------------------------------------------------------------------------------------------------------------------------": null

2019-12-18 14:07:13 - [TEST_STEP][PASSED] - "Dec 16, 2019 10:06:12 AM org.openqa.selenium.remote.DesiredCapabilities chrome": null

2019-12-18 14:07:13 - [TEST_STEP][PASSED] - try: null

2019-12-18 14:07:13 - [TEST_STEP][PASSED] - "------------------------------------------": null

2019-12-18 14:07:13 - [TEST_STEP][PASSED] - mobileDevice = data.getValue("Emulation", row): null

2019-12-18 14:07:13 - [TEST_STEP][PASSED] - "------------------------------------------": null

2019-12-18 14:07:13 - [TEST_STEP][PASSED] - "------------------------------------------": null

2019-12-18 14:07:13 - [TEST_STEP][PASSED] - "------------------------------------------": null

2019-12-18 14:07:13 - [TEST_STEP][PASSED] - " Set Capabilities": null

2019-12-18 14:07:13 - [TEST_STEP][PASSED] - options = new org.openqa.selenium.chrome.ChromeOptions(): null

2019-12-18 14:07:13 - [TEST_STEP][PASSED] - driver = new org.openqa.selenium.chrome.ChromeDriver(options): null

2019-12-18 14:07:19 - [TEST_STEP][PASSED] - "------------------------------------------": null

2019-12-18 14:07:19 - [TEST_STEP][PASSED] - fw = new java.io.FileWriter(file.getAbsoluteFile()): null

2019-12-18 14:07:19 - [TEST_STEP][PASSED] - catch (Exception e): null

2019-12-18 14:07:19 - [TEST_STEP][PASSED] - e.printStackTrace(): null

2019-12-18 14:07:19 - [MESSAGE][PASSED] - Call Test Case 'Test Cases/Reusable_Test_Sequences/Utils/Mobile_Chrome_Capabilities_desktop' successfully

2019-12-18 14:07:19 - [TEST_STEP][PASSED] - "------------------------------": null

2019-12-18 14:07:19 - [TEST_STEP][PASSED] - " Set Mobile Device Testing    |": null

2019-12-18 14:07:19 - [TEST_STEP][PASSED] - "------------------------------": null

2019-12-18 14:07:19 - [TEST_STEP][PASSED] - "URL - Set from the ENVIRONMENT PROFILE ": null

2019-12-18 14:07:19 - [TEST_STEP][PASSED] - openBrowser(URL): Browser is opened with url: 'https://www.preview.checkatrade.com/'

2019-12-18 14:07:19 - [MESSAGE][INFO] - Starting 'Chrome' driver

2019-12-18 14:07:26 - [MESSAGE][PASSED] - Browser is opened with url: 'https://www.preview.checkatrade.com/'

2019-12-18 14:07:26 - [TEST_STEP][PASSED] - maximizeWindow(): Current window maximized

2019-12-18 14:07:30 - [MESSAGE][PASSED] - Current window maximized

2019-12-18 14:07:30 - [TEST_STEP][PASSED] - waitForPageLoad(60): Wait for page load successfully

2019-12-18 14:07:30 - [MESSAGE][PASSED] - Wait for page load successfully

2019-12-18 14:07:30 - [TEST_STEP][PASSED] - "Previous Functionalilty Left Commented For Ease Of reversion": null

2019-12-18 14:07:30 - [TEST_STEP][PASSED] - try: Text 'Cookie Policy' is not present on page

2019-12-18 14:07:30 - [TEST_STEP][PASSED] - verifyElementPresent(findTestObject("Object Repository/Cookies/Page_Checkatrade Find a tradesperson you can trust/button_Accept All"), 5): Object 'Object Repository/Cookies/Page_Checkatrade Find a tradesperson you can trust/button_Accept All' is present

2019-12-18 14:07:30 - [MESSAGE][PASSED] - Object 'Object Repository/Cookies/Page_Checkatrade Find a tradesperson you can trust/button_Accept All' is present

2019-12-18 14:07:30 - [TEST_STEP][PASSED] - click(findTestObject("Object Repository/Cookies/Page_Checkatrade Find a tradesperson you can trust/button_Accept All")): Object: 'Object Repository/Cookies/Page_Checkatrade Find a tradesperson you can trust/button_Accept All' is clicked on

2019-12-18 14:07:31 - [MESSAGE][PASSED] - Object: 'Object Repository/Cookies/Page_Checkatrade Find a tradesperson you can trust/button_Accept All' is clicked on

2019-12-18 14:07:31 - [TEST_STEP][PASSED] - "---------------------------------": null

2019-12-18 14:07:31 - [TEST_STEP][PASSED] - "COOKIE POPOUT REMOVED - Confirmed": null

2019-12-18 14:07:31 - [TEST_STEP][PASSED] - delay(1): Delayed 1 second(s)

2019-12-18 14:07:32 - [MESSAGE][PASSED] - Delayed 1 second(s)

2019-12-18 14:07:32 - [TEST_STEP][PASSED] - verifyTextNotPresent("We use cookies to personalise content and ads, to provide social media features and to analyse our traffic", false): Text 'We use cookies to personalise content and ads, to provide social media features and to analyse our traffic' is not present on page

2019-12-18 14:07:32 - [MESSAGE][PASSED] - Text 'We use cookies to personalise content and ads, to provide social media features and to analyse our traffic' is not present on page

2019-12-18 14:07:32 - [TEST_STEP][PASSED] - verifyTextNotPresent(" We also share information about your use of our site with our social media, advertising and analytics partners", false): Text ' We also share information about your use of our site with our social media, advertising and analytics partners' is not present on page

2019-12-18 14:07:32 - [MESSAGE][PASSED] - Text ' We also share information about your use of our site with our social media, advertising and analytics partners' is not present on page

2019-12-18 14:07:32 - [TEST_STEP][PASSED] - verifyTextNotPresent("Cookie Policy", false): Text 'Cookie Policy' is not present on page

2019-12-18 14:07:32 - [MESSAGE][PASSED] - Text 'Cookie Policy' is not present on page

2019-12-18 14:07:32 - [TEST_STEP][PASSED] - waitForPageLoad(60): Wait for page load successfully

2019-12-18 14:07:32 - [MESSAGE][PASSED] - Wait for page load successfully

2019-12-18 14:07:32 - [MESSAGE][PASSED] - Call Test Case 'Test Cases/Reusable_Test_Sequences/CAT_Setup' successfully

2019-12-18 14:07:32 - [TEST_STEP][PASSED] - " ALTERNATIVE SCREEN RESOLUTION SELECTION METHOD": null

2019-12-18 14:07:32 - [TEST_STEP][PASSED] - " Block Comment Start": null

2019-12-18 14:07:32 - [TEST_STEP][PASSED] - " Block Commen End": null

2019-12-18 14:07:32 - [TEST_STEP][PASSED] - "---------------------------------------": null

2019-12-18 14:07:32 - [TEST_STEP][PASSED] - " Set and SEARCH TRADE CLASSIFICATION   |": null

2019-12-18 14:07:32 - [TEST_STEP][PASSED] - callTestCase(findTestCase("Reusable_Test_Sequences/CAT_Enter_Trade_Classification"), [:], CONTINUE_ON_FAILURE): Call Test Case 'Test Cases/Reusable_Test_Sequences/CAT_Enter_Trade_Classification' successfully

2019-12-18 14:07:32 - [TEST_CASE][PASSED] - Test Cases/Reusable_Test_Sequences/CAT_Enter_Trade_Classification: Test Cases/Reusable_Test_Sequences/CAT_Enter_Trade_Classification

2019-12-18 14:07:32 - [TEST_STEP][PASSED] - "---------------------------------": null

2019-12-18 14:07:32 - [TEST_STEP][PASSED] - "Set and SEARCH SELECTED TRADE": null

2019-12-18 14:07:32 - [TEST_STEP][PASSED] - click(findTestObject("Object Repository/Checkatrade_Trade_Search_Page/Page_Checkatrade Find a tradesperson you can trust/input_Search_Button_FF")): Object: 'Object Repository/Checkatrade_Trade_Search_Page/Page_Checkatrade Find a tradesperson you can trust/input_Search_Button_FF' is clicked on

2019-12-18 14:07:32 - [MESSAGE][PASSED] - Object: 'Object Repository/Checkatrade_Trade_Search_Page/Page_Checkatrade Find a tradesperson you can trust/input_Search_Button_FF' is clicked on

2019-12-18 14:07:32 - [TEST_STEP][PASSED] - setText(findTestObject("Object Repository/Checkatrade_Trade_Search_Page/Page_Checkatrade Find a tradesperson you can trust/input_Search_Button_FF"), findTestData("searchTestData").getValue("tradeClassification", row)): Text 'Garage/Vehicle Services' is set on object 'Object Repository/Checkatrade_Trade_Search_Page/Page_Checkatrade Find a tradesperson you can trust/input_Search_Button_FF'

2019-12-18 14:07:33 - [MESSAGE][PASSED] - Text 'Garage/Vehicle Services' is set on object 'Object Repository/Checkatrade_Trade_Search_Page/Page_Checkatrade Find a tradesperson you can trust/input_Search_Button_FF'

2019-12-18 14:07:33 - [MESSAGE][PASSED] - Call Test Case 'Test Cases/Reusable_Test_Sequences/CAT_Enter_Trade_Classification' successfully

2019-12-18 14:07:33 - [TEST_STEP][PASSED] - "---------------------------------------": null

2019-12-18 14:07:33 - [TEST_STEP][PASSED] - " Set and SEARCH TRADE LOCATION         |": null

2019-12-18 14:07:33 - [TEST_STEP][PASSED] - callTestCase(findTestCase("Reusable_Test_Sequences/CAT_Enter_Trade_Location"), [:], CONTINUE_ON_FAILURE): Call Test Case 'Test Cases/Reusable_Test_Sequences/CAT_Enter_Trade_Location' successfully

2019-12-18 14:07:33 - [TEST_CASE][PASSED] - Test Cases/Reusable_Test_Sequences/CAT_Enter_Trade_Location: Test Cases/Reusable_Test_Sequences/CAT_Enter_Trade_Location

2019-12-18 14:07:33 - [TEST_STEP][PASSED] - "---------------------------------": null

2019-12-18 14:07:33 - [TEST_STEP][PASSED] - "Set and SEARCH SELECTED LOCATION |": null

2019-12-18 14:07:33 - [TEST_STEP][PASSED] - click(findTestObject("Object Repository/Checkatrade_Trade_Search_Page/Page_Checkatrade Find a tradesperson you can trust/input_Not here_location")): Object: 'Object Repository/Checkatrade_Trade_Search_Page/Page_Checkatrade Find a tradesperson you can trust/input_Not here_location' is clicked on

2019-12-18 14:07:33 - [MESSAGE][PASSED] - Object: 'Object Repository/Checkatrade_Trade_Search_Page/Page_Checkatrade Find a tradesperson you can trust/input_Not here_location' is clicked on

2019-12-18 14:07:33 - [TEST_STEP][PASSED] - setText(findTestObject("Object Repository/Checkatrade_Trade_Search_Page/Page_Checkatrade Find a tradesperson you can trust/input_Not here_location"), findTestData("searchTestData").getValue("tradeLocation", row)): Text 'Rugby' is set on object 'Object Repository/Checkatrade_Trade_Search_Page/Page_Checkatrade Find a tradesperson you can trust/input_Not here_location'

2019-12-18 14:07:33 - [MESSAGE][PASSED] - Text 'Rugby' is set on object 'Object Repository/Checkatrade_Trade_Search_Page/Page_Checkatrade Find a tradesperson you can trust/input_Not here_location'

2019-12-18 14:07:33 - [MESSAGE][PASSED] - Call Test Case 'Test Cases/Reusable_Test_Sequences/CAT_Enter_Trade_Location' successfully

2019-12-18 14:07:33 - [TEST_STEP][PASSED] - "---------------------------------------": null

2019-12-18 14:07:33 - [TEST_STEP][PASSED] - " Scroll Search Button into View        |": null

2019-12-18 14:07:33 - [TEST_STEP][PASSED] - "---------------------------------------": null

2019-12-18 14:07:33 - [TEST_STEP][PASSED] - "---------------------------------------": null

2019-12-18 14:07:33 - [TEST_STEP][PASSED] - " Dispel New trades Header              |": null

2019-12-18 14:07:33 - [TEST_STEP][PASSED] - callTestCase(findTestCase("Reusable_Test_Sequences/CAT_Dispel_Trade_Header"), [:], CONTINUE_ON_FAILURE): Call Test Case 'Test Cases/Reusable_Test_Sequences/CAT_Dispel_Trade_Header' successfully

2019-12-18 14:07:33 - [TEST_CASE][PASSED] - Test Cases/Reusable_Test_Sequences/CAT_Dispel_Trade_Header: Test Cases/Reusable_Test_Sequences/CAT_Dispel_Trade_Header

2019-12-18 14:07:33 - [TEST_STEP][PASSED] - " New Function to Dispel Trades Header (on Deployment 05/12/20190) ": null

2019-12-18 14:07:33 - [TEST_STEP][PASSED] - if (row == 4): null

2019-12-18 14:07:33 - [MESSAGE][PASSED] - Call Test Case 'Test Cases/Reusable_Test_Sequences/CAT_Dispel_Trade_Header' successfully

2019-12-18 14:07:33 - [TEST_STEP][PASSED] - "---------------------------------------": null

2019-12-18 14:07:33 - [TEST_STEP][PASSED] - " Hit Search Button                     |": null

2019-12-18 14:07:33 - [TEST_STEP][PASSED] - callTestCase(findTestCase("Reusable_Test_Sequences/CAT_Hit_Search_Button"), [:], CONTINUE_ON_FAILURE): Call Test Case 'Test Cases/Reusable_Test_Sequences/CAT_Hit_Search_Button' successfully

2019-12-18 14:07:33 - [TEST_CASE][PASSED] - Test Cases/Reusable_Test_Sequences/CAT_Hit_Search_Button: Test Cases/Reusable_Test_Sequences/CAT_Hit_Search_Button

2019-12-18 14:07:34 - [TEST_STEP][PASSED] - "---------------------------------": null

2019-12-18 14:07:34 - [TEST_STEP][PASSED] - "HIT SEARCH": null

2019-12-18 14:07:34 - [TEST_STEP][PASSED] - "---------------------------------": null

2019-12-18 14:07:34 - [TEST_STEP][PASSED] - waitForElementClickable(findTestObject("Object Repository/Checkatrade_Trade_Search_Page/Page_Checkatrade Find a tradesperson you can trust/Page_Checkatrade Find a tradesperson you can trust/a_Search"), 25): Object 'Object Repository/Checkatrade_Trade_Search_Page/Page_Checkatrade Find a tradesperson you can trust/Page_Checkatrade Find a tradesperson you can trust/a_Search' is clickable

2019-12-18 14:07:34 - [MESSAGE][PASSED] - Object 'Object Repository/Checkatrade_Trade_Search_Page/Page_Checkatrade Find a tradesperson you can trust/Page_Checkatrade Find a tradesperson you can trust/a_Search' is clickable

2019-12-18 14:07:34 - [TEST_STEP][PASSED] - click(findTestObject("Object Repository/Checkatrade_Trade_Search_Page/Page_Checkatrade Find a tradesperson you can trust/Page_Checkatrade Find a tradesperson you can trust/a_Search")): Object: 'Object Repository/Checkatrade_Trade_Search_Page/Page_Checkatrade Find a tradesperson you can trust/Page_Checkatrade Find a tradesperson you can trust/a_Search' is clicked on

2019-12-18 14:07:37 - [MESSAGE][PASSED] - Object: 'Object Repository/Checkatrade_Trade_Search_Page/Page_Checkatrade Find a tradesperson you can trust/Page_Checkatrade Find a tradesperson you can trust/a_Search' is clicked on

2019-12-18 14:07:37 - [MESSAGE][PASSED] - Call Test Case 'Test Cases/Reusable_Test_Sequences/CAT_Hit_Search_Button' successfully

2019-12-18 14:07:37 - [TEST_STEP][PASSED] - "---------------------------------------": null

2019-12-18 14:07:37 - [TEST_STEP][PASSED] - " Verify Returned Page is as Expected   |": null

2019-12-18 14:07:37 - [TEST_STEP][PASSED] - callTestCase(findTestCase("Reusable_Test_Sequences/CAT_Verification"), [:], CONTINUE_ON_FAILURE): Call Test Case 'Test Cases/Reusable_Test_Sequences/CAT_Verification' successfully

2019-12-18 14:07:37 - [TEST_CASE][PASSED] - Test Cases/Reusable_Test_Sequences/CAT_Verification: Test Cases/Reusable_Test_Sequences/CAT_Verification

2019-12-18 14:07:37 - [TEST_STEP][PASSED] - "Updated 05/12/2019 due to wholesale Home page changes": null

2019-12-18 14:07:37 - [TEST_STEP][PASSED] - "Expected cantantenated text is Returned": null

2019-12-18 14:07:37 - [TEST_STEP][PASSED] - waitForPageLoad(60): Wait for page load successfully

2019-12-18 14:07:37 - [MESSAGE][PASSED] - Wait for page load successfully

2019-12-18 14:07:37 - [TEST_STEP][PASSED] - verifyTextPresent(findTestData("searchTestData").getValue("tradeClassification", row), false): Text 'Garage/Vehicle Services' is present on page 

2019-12-18 14:07:38 - [MESSAGE][PASSED] - Text 'Garage/Vehicle Services' is present on page 

2019-12-18 14:07:38 - [TEST_STEP][PASSED] - verifyTextPresent(findTestData("searchTestData").getValue("tradeLocation", row), false): Text 'Rugby' is present on page 

2019-12-18 14:07:38 - [MESSAGE][PASSED] - Text 'Rugby' is present on page 

2019-12-18 14:07:38 - [MESSAGE][PASSED] - Call Test Case 'Test Cases/Reusable_Test_Sequences/CAT_Verification' successfully

2019-12-18 14:07:38 - [TEST_STEP][PASSED] - "--------------------------": null

2019-12-18 14:07:38 - [TEST_STEP][PASSED] - " Teardown - CLose Browser |": null

2019-12-18 14:07:38 - [TEST_STEP][PASSED] - callTestCase(findTestCase("Reusable_Test_Sequences/CAT_Teardown"), [:], OPTIONAL): Call Test Case 'Test Cases/Reusable_Test_Sequences/CAT_Teardown' successfully

2019-12-18 14:07:39 - [TEST_CASE][PASSED] - Test Cases/Reusable_Test_Sequences/CAT_Teardown: Test Cases/Reusable_Test_Sequences/CAT_Teardown

2019-12-18 14:07:39 - [TEST_STEP][PASSED] - closeBrowser(): Browser is closed

2019-12-18 14:07:40 - [MESSAGE][PASSED] - Browser is closed

2019-12-18 14:07:40 - [MESSAGE][PASSED] - Call Test Case 'Test Cases/Reusable_Test_Sequences/CAT_Teardown' successfully]]></system-out>
         <system-err><![CDATA[]]></system-err>
      </testcase>
      <system-out><![CDATA[2019-12-18 14:05:22 - [TEST_SUITE][PASSED] - Mobile_Devices: Test Cases/Mobile_Devices/Default_Device_Dev]]></system-out>
      <system-err><![CDATA[]]></system-err>
   </testsuite>
</testsuites>
