<?xml version="1.0" encoding="UTF-8"?>
<testsuites name="Web_Office_Settings_Web_Office" time="495.071" tests="25" failures="0" errors="0">
   <testsuite name="Web_Office_Settings_Web_Office" tests="25" failures="0" errors="0" time="495.071" timestamp="2020-04-17 16:11:35" hostname="DavidHo - 192.168.1.238" id="Test Suites/Web_Office_Settings_Web_Office">
      <properties>
         <property name="deviceName" value=""/>
         <property name="devicePlatform" value=""/>
         <property name="logFolder" value="C:\\Users\\davidho\\git\\src\\Reports\\20200417_154802\\Web_Office_Settings_Web_Office\\20200417_154812"/>
         <property name="logFiles" value="C:\\Users\\davidho\\git\\src\\Reports\\20200417_154802\\Web_Office_Settings_Web_Office\\20200417_154812\\execution0.log"/>
         <property name="attachments" value=""/>
         <property name="hostName" value="DavidHo - 192.168.1.238"/>
         <property name="os" value="Windows 10 32bit"/>
         <property name="katalonVersion" value="7.3.1.1"/>
         <property name="browser" value="Chrome 81.0.4044.113"/>
         <property name="hostAddress" value="192.168.1.238"/>
         <property name="sessionId" value="d4a91a8c09a9c28aa7a9786fce3edfbd"/>
         <property name="seleniumVersion" value="3.141.59"/>
         <property name="proxyInformation" value="ProxyInformation{proxyOption=NO_PROXY, proxyServerType=HTTP, password=, proxyServerAddress=, proxyServerPort=0, executionList=}"/>
         <property name="platform" value="Windows 10"/>
      </properties>
      <testcase name="Test Cases/Web_Office/Settings/Web_Office/Application_Forms" time="19.663" classname="Test Cases/Web_Office/Settings/Web_Office/Application_Forms" status="PASSED">
         <system-out><![CDATA[2020-04-17 16:11:35 - [TEST_CASE][PASSED] - Test Cases/Web_Office/Settings/Web_Office/Application_Forms: Test Cases/Web_Office/Settings/Web_Office/Application_Forms

2020-04-17 16:11:36 - [TEST_STEP][PASSED] - "--------------------------------------": null

2020-04-17 16:11:36 - [TEST_STEP][PASSED] - " Web Office StartUp                  |": null

2020-04-17 16:11:36 - [TEST_STEP][PASSED] - callTestCase(findTestCase("Reusable_Test_Sequences/Web_Office/Directives/WebOffice_StartUp"), [:], STOP_ON_FAILURE): Call Test Case 'Test Cases/Reusable_Test_Sequences/Web_Office/Directives/WebOffice_StartUp' successfully

2020-04-17 16:11:36 - [TEST_CASE][PASSED] - Test Cases/Reusable_Test_Sequences/Web_Office/Directives/WebOffice_StartUp: Test Cases/Reusable_Test_Sequences/Web_Office/Directives/WebOffice_StartUp

2020-04-17 16:11:36 - [TEST_STEP][PASSED] - "-----------------------------------------------------------------------------": null

2020-04-17 16:11:36 - [TEST_STEP][PASSED] - if (URL == "https://www.dev.checkatrade.com/"): null

2020-04-17 16:11:37 - [TEST_STEP][PASSED] - "-----------------------------------------------------------------------------": null

2020-04-17 16:11:37 - [TEST_STEP][PASSED] - if (URL == "https://www.checkatrade.com/"): null

2020-04-17 16:11:37 - [TEST_STEP][PASSED] - "-----------------------------------------------------------------------------": null

2020-04-17 16:11:37 - [TEST_STEP][PASSED] - if (URL == "https://www.preview.checkatrade.com/"): null

2020-04-17 16:11:37 - [TEST_STEP][PASSED] - WebOfficeURL = "https://admin.preview.checkatrade.com/": null

2020-04-17 16:11:37 - [TEST_STEP][PASSED] - if (URL == "https://www.dev2.checkatrade.com/"): null

2020-04-17 16:11:37 - [TEST_STEP][PASSED] - "Set Function Area for "URL_Handler", URL Resolution": null

2020-04-17 16:11:37 - [TEST_STEP][PASSED] - "Do Some Magic with URL(s) See the comments within URL Handler ": null

2020-04-17 16:11:37 - [TEST_STEP][PASSED] - "------------------------------------------------": null

2020-04-17 16:11:37 - [TEST_STEP][PASSED] - "Moved Login Credentials to <Default> profile 22/01/2020": null

2020-04-17 16:11:37 - [TEST_STEP][PASSED] - "------------------------------------------------": null

2020-04-17 16:11:37 - [TEST_STEP][PASSED] - "WebOfficeURL - Set from the ENVIRONMENT PROFILE ": null

2020-04-17 16:11:37 - [TEST_STEP][PASSED] - "OPEN BROWSER": null

2020-04-17 16:11:37 - [TEST_STEP][PASSED] - "eg - https://admin.preview.checkatrade.com/  ": null

2020-04-17 16:11:37 - [TEST_STEP][PASSED] - openBrowser(WebOfficeURL): Browser is opened with url: 'https://admin.preview.checkatrade.com/'

2020-04-17 16:11:37 - [MESSAGE][INFO] - Starting 'Chrome' driver

2020-04-17 16:11:37 - [MESSAGE][INFO] - Action delay is set to 0 milliseconds

2020-04-17 16:11:43 - [MESSAGE][PASSED] - Browser is opened with url: 'https://admin.preview.checkatrade.com/'

2020-04-17 16:11:43 - [TEST_STEP][PASSED] - maximizeWindow(): Current window maximized

2020-04-17 16:11:45 - [MESSAGE][PASSED] - Current window maximized

2020-04-17 16:11:45 - [TEST_STEP][PASSED] - waitForElementClickable(findTestObject("Object Repository/WebOffice/Page_Checkatrade - Administration - Login/Login_Button"), 25): Object 'Object Repository/WebOffice/Page_Checkatrade - Administration - Login/Login_Button' is clickable

2020-04-17 16:11:46 - [MESSAGE][PASSED] - Object 'Object Repository/WebOffice/Page_Checkatrade - Administration - Login/Login_Button' is clickable

2020-04-17 16:11:46 - [TEST_STEP][PASSED] - verifyTextPresent("Checkatrade Web Office", false): Text 'Checkatrade Web Office' is present on page 

2020-04-17 16:11:46 - [MESSAGE][PASSED] - Text 'Checkatrade Web Office' is present on page 

2020-04-17 16:11:46 - [TEST_STEP][PASSED] - verifyTextPresent("Access for staff use only", false): Text 'Access for staff use only' is present on page 

2020-04-17 16:11:46 - [MESSAGE][PASSED] - Text 'Access for staff use only' is present on page 

2020-04-17 16:11:46 - [TEST_STEP][PASSED] - verifyTextPresent("Forgotten password?", false): Text 'Forgotten password?' is present on page 

2020-04-17 16:11:46 - [MESSAGE][PASSED] - Text 'Forgotten password?' is present on page 

2020-04-17 16:11:46 - [TEST_STEP][PASSED] - setText(findTestObject("Object Repository/WebOffice/Page_Checkatrade - Administration - Login/input_Username_LoginControlUserName"), wo_Username): Text 'DavidHo' is set on object 'Object Repository/WebOffice/Page_Checkatrade - Administration - Login/input_Username_LoginControlUserName'

2020-04-17 16:11:46 - [MESSAGE][PASSED] - Text 'DavidHo' is set on object 'Object Repository/WebOffice/Page_Checkatrade - Administration - Login/input_Username_LoginControlUserName'

2020-04-17 16:11:46 - [TEST_STEP][PASSED] - setText(findTestObject("Object Repository/WebOffice/Page_Checkatrade - Administration - Login/input_Password_LoginControlPassword"), wo_Password): Text 'Check123' is set on object 'Object Repository/WebOffice/Page_Checkatrade - Administration - Login/input_Password_LoginControlPassword'

2020-04-17 16:11:47 - [MESSAGE][PASSED] - Text 'Check123' is set on object 'Object Repository/WebOffice/Page_Checkatrade - Administration - Login/input_Password_LoginControlPassword'

2020-04-17 16:11:47 - [TEST_STEP][PASSED] - click(findTestObject("Object Repository/WebOffice/Page_Checkatrade - Administration - Login/Login_Button")): Object: 'Object Repository/WebOffice/Page_Checkatrade - Administration - Login/Login_Button' is clicked on

2020-04-17 16:11:48 - [MESSAGE][PASSED] - Object: 'Object Repository/WebOffice/Page_Checkatrade - Administration - Login/Login_Button' is clicked on

2020-04-17 16:11:48 - [TEST_STEP][PASSED] - waitForPageLoad(60): Wait for page load successfully

2020-04-17 16:11:48 - [MESSAGE][PASSED] - Wait for page load successfully

2020-04-17 16:11:48 - [TEST_STEP][PASSED] - verifyTextPresent("Welcome " + wo_Username, false): Text 'Welcome DavidHo' is present on page 

2020-04-17 16:11:48 - [MESSAGE][PASSED] - Text 'Welcome DavidHo' is present on page 

2020-04-17 16:11:48 - [MESSAGE][PASSED] - Call Test Case 'Test Cases/Reusable_Test_Sequences/Web_Office/Directives/WebOffice_StartUp' successfully

2020-04-17 16:11:48 - [TEST_STEP][PASSED] - "-----------------------------------------------------------------": null

2020-04-17 16:11:48 - [TEST_STEP][PASSED] - " Navigate to <Settings->Checkatrade.Com->Sub Item> Menu Item     |": null

2020-04-17 16:11:48 - [TEST_STEP][PASSED] - callTestCase(findTestCase("Reusable_Test_Sequences/Web_Office/Navigation/Sub_Menu_Navigation/Settings/Web_Office/Application_Forms"), [:], STOP_ON_FAILURE): Call Test Case 'Test Cases/Reusable_Test_Sequences/Web_Office/Navigation/Sub_Menu_Navigation/Settings/Web_Office/Application_Forms' successfully

2020-04-17 16:11:48 - [TEST_CASE][PASSED] - Test Cases/Reusable_Test_Sequences/Web_Office/Navigation/Sub_Menu_Navigation/Settings/Web_Office/Application_Forms: Test Cases/Reusable_Test_Sequences/Web_Office/Navigation/Sub_Menu_Navigation/Settings/Web_Office/Application_Forms

2020-04-17 16:11:49 - [TEST_STEP][PASSED] - "--------------------------------------": null

2020-04-17 16:11:49 - [TEST_STEP][PASSED] - " Navigate Top level menu Item         |": null

2020-04-17 16:11:49 - [TEST_STEP][PASSED] - waitForPageLoad(60): Wait for page load successfully

2020-04-17 16:11:49 - [MESSAGE][PASSED] - Wait for page load successfully

2020-04-17 16:11:49 - [TEST_STEP][PASSED] - waitForElementClickable(findTestObject("Object Repository/WebOffice_Home_page/a_Settings"), 60): Object 'Object Repository/WebOffice_Home_page/a_Settings' is clickable

2020-04-17 16:11:49 - [MESSAGE][PASSED] - Object 'Object Repository/WebOffice_Home_page/a_Settings' is clickable

2020-04-17 16:11:49 - [TEST_STEP][PASSED] - mouseOver(findTestObject("Object Repository/WebOffice_Home_page/a_Settings")): Object: 'Object Repository/WebOffice_Home_page/a_Settings' is hovered

2020-04-17 16:11:49 - [MESSAGE][PASSED] - Object: 'Object Repository/WebOffice_Home_page/a_Settings' is hovered

2020-04-17 16:11:49 - [TEST_STEP][PASSED] - mouseOver(findTestObject("Object Repository/WebOffice_Home_page/a_Web Office")): Object: 'Object Repository/WebOffice_Home_page/a_Web Office' is hovered

2020-04-17 16:11:49 - [MESSAGE][PASSED] - Object: 'Object Repository/WebOffice_Home_page/a_Web Office' is hovered

2020-04-17 16:11:49 - [TEST_STEP][PASSED] - waitForElementClickable(findTestObject("Object Repository/WebOffice_Home_page/a_Application Forms"), 1): Object 'Object Repository/WebOffice_Home_page/a_Application Forms' is clickable

2020-04-17 16:11:50 - [MESSAGE][PASSED] - Object 'Object Repository/WebOffice_Home_page/a_Application Forms' is clickable

2020-04-17 16:11:50 - [TEST_STEP][PASSED] - click(findTestObject("Object Repository/WebOffice_Home_page/a_Application Forms")): Object: 'Object Repository/WebOffice_Home_page/a_Application Forms' is clicked on

2020-04-17 16:11:50 - [MESSAGE][PASSED] - Object: 'Object Repository/WebOffice_Home_page/a_Application Forms' is clicked on

2020-04-17 16:11:50 - [MESSAGE][PASSED] - Call Test Case 'Test Cases/Reusable_Test_Sequences/Web_Office/Navigation/Sub_Menu_Navigation/Settings/Web_Office/Application_Forms' successfully

2020-04-17 16:11:50 - [TEST_STEP][PASSED] - "--------------------------------------": null

2020-04-17 16:11:50 - [TEST_STEP][PASSED] - " Verify Returned Page Detail          |": null

2020-04-17 16:11:50 - [TEST_STEP][PASSED] - callTestCase(findTestCase("Reusable_Test_Sequences/Web_Office/Verification/Settings/Web_Office/Application_Forms"), [:], OPTIONAL): Call Test Case 'Test Cases/Reusable_Test_Sequences/Web_Office/Verification/Settings/Web_Office/Application_Forms' successfully

2020-04-17 16:11:50 - [TEST_CASE][PASSED] - Test Cases/Reusable_Test_Sequences/Web_Office/Verification/Settings/Web_Office/Application_Forms: Test Cases/Reusable_Test_Sequences/Web_Office/Verification/Settings/Web_Office/Application_Forms

2020-04-17 16:11:50 - [TEST_STEP][PASSED] - waitForPageLoad(60): Wait for page load successfully

2020-04-17 16:11:50 - [MESSAGE][PASSED] - Wait for page load successfully

2020-04-17 16:11:50 - [TEST_STEP][PASSED] - delay(1): Delayed 1 second(s)

2020-04-17 16:11:51 - [MESSAGE][PASSED] - Delayed 1 second(s)

2020-04-17 16:11:51 - [TEST_STEP][PASSED] - verifyTextPresent("Application Forms", false): Text 'Application Forms' is present on page 

2020-04-17 16:11:52 - [MESSAGE][PASSED] - Text 'Application Forms' is present on page 

2020-04-17 16:11:52 - [TEST_STEP][PASSED] - "----------------------------------------------": null

2020-04-17 16:11:52 - [TEST_STEP][PASSED] - verifyTextPresent("Select a company", false): Text 'Select a company' is present on page 

2020-04-17 16:11:52 - [MESSAGE][PASSED] - Text 'Select a company' is present on page 

2020-04-17 16:11:52 - [TEST_STEP][PASSED] - verifyTextPresent("Membership Details", false): Text 'Membership Details' is present on page 

2020-04-17 16:11:52 - [MESSAGE][PASSED] - Text 'Membership Details' is present on page 

2020-04-17 16:11:52 - [TEST_STEP][PASSED] - verifyTextPresent("Please check that these details correspond to the company whose application form you wish to unsubmit", false): Text 'Please check that these details correspond to the company whose application form you wish to unsubmit' is present on page 

2020-04-17 16:11:52 - [MESSAGE][PASSED] - Text 'Please check that these details correspond to the company whose application form you wish to unsubmit' is present on page 

2020-04-17 16:11:52 - [TEST_STEP][PASSED] - verifyTextPresent("Application Forms", false): Text 'Application Forms' is present on page 

2020-04-17 16:11:52 - [MESSAGE][PASSED] - Text 'Application Forms' is present on page 

2020-04-17 16:11:52 - [MESSAGE][PASSED] - Call Test Case 'Test Cases/Reusable_Test_Sequences/Web_Office/Verification/Settings/Web_Office/Application_Forms' successfully

2020-04-17 16:11:52 - [TEST_STEP][PASSED] - "--------------------------": null

2020-04-17 16:11:52 - [TEST_STEP][PASSED] - " Teardown - CLose Browser |": null

2020-04-17 16:11:52 - [TEST_STEP][PASSED] - callTestCase(findTestCase("Reusable_Test_Sequences/CAT_Teardown"), [:], OPTIONAL): Call Test Case 'Test Cases/Reusable_Test_Sequences/CAT_Teardown' successfully

2020-04-17 16:11:52 - [TEST_CASE][PASSED] - Test Cases/Reusable_Test_Sequences/CAT_Teardown: Test Cases/Reusable_Test_Sequences/CAT_Teardown

2020-04-17 16:11:53 - [TEST_STEP][PASSED] - closeBrowser(): Browser is closed

2020-04-17 16:11:55 - [MESSAGE][PASSED] - Browser is closed

2020-04-17 16:11:55 - [TEST_STEP][PASSED] - super.finalize(): null

2020-04-17 16:11:55 - [TEST_STEP][PASSED] - System.gc(): null

2020-04-17 16:11:55 - [MESSAGE][PASSED] - Call Test Case 'Test Cases/Reusable_Test_Sequences/CAT_Teardown' successfully]]></system-out>
         <system-err><![CDATA[]]></system-err>
      </testcase>
      <testcase name="Test Cases/Web_Office/Settings/Web_Office/Marketing_Materials" time="25.305" classname="Test Cases/Web_Office/Settings/Web_Office/Marketing_Materials" status="PASSED">
         <system-out><![CDATA[2020-04-17 16:11:55 - [TEST_CASE][PASSED] - Test Cases/Web_Office/Settings/Web_Office/Marketing_Materials: Test Cases/Web_Office/Settings/Web_Office/Marketing_Materials

2020-04-17 16:11:55 - [TEST_STEP][PASSED] - "--------------------------------------": null

2020-04-17 16:11:55 - [TEST_STEP][PASSED] - " Web Office StartUp                  |": null

2020-04-17 16:11:55 - [TEST_STEP][PASSED] - callTestCase(findTestCase("Reusable_Test_Sequences/Web_Office/Directives/WebOffice_StartUp"), [:], STOP_ON_FAILURE): Call Test Case 'Test Cases/Reusable_Test_Sequences/Web_Office/Directives/WebOffice_StartUp' successfully

2020-04-17 16:11:55 - [TEST_CASE][PASSED] - Test Cases/Reusable_Test_Sequences/Web_Office/Directives/WebOffice_StartUp: Test Cases/Reusable_Test_Sequences/Web_Office/Directives/WebOffice_StartUp

2020-04-17 16:11:55 - [TEST_STEP][PASSED] - "-----------------------------------------------------------------------------": null

2020-04-17 16:11:55 - [TEST_STEP][PASSED] - if (URL == "https://www.dev.checkatrade.com/"): null

2020-04-17 16:11:55 - [TEST_STEP][PASSED] - "-----------------------------------------------------------------------------": null

2020-04-17 16:11:55 - [TEST_STEP][PASSED] - if (URL == "https://www.checkatrade.com/"): null

2020-04-17 16:11:55 - [TEST_STEP][PASSED] - "-----------------------------------------------------------------------------": null

2020-04-17 16:11:55 - [TEST_STEP][PASSED] - if (URL == "https://www.preview.checkatrade.com/"): null

2020-04-17 16:11:55 - [TEST_STEP][PASSED] - WebOfficeURL = "https://admin.preview.checkatrade.com/": null

2020-04-17 16:11:55 - [TEST_STEP][PASSED] - if (URL == "https://www.dev2.checkatrade.com/"): null

2020-04-17 16:11:55 - [TEST_STEP][PASSED] - "Set Function Area for "URL_Handler", URL Resolution": null

2020-04-17 16:11:55 - [TEST_STEP][PASSED] - "Do Some Magic with URL(s) See the comments within URL Handler ": null

2020-04-17 16:11:55 - [TEST_STEP][PASSED] - "------------------------------------------------": null

2020-04-17 16:11:55 - [TEST_STEP][PASSED] - "Moved Login Credentials to <Default> profile 22/01/2020": null

2020-04-17 16:11:55 - [TEST_STEP][PASSED] - "------------------------------------------------": null

2020-04-17 16:11:55 - [TEST_STEP][PASSED] - "WebOfficeURL - Set from the ENVIRONMENT PROFILE ": null

2020-04-17 16:11:55 - [TEST_STEP][PASSED] - "OPEN BROWSER": null

2020-04-17 16:11:55 - [TEST_STEP][PASSED] - "eg - https://admin.preview.checkatrade.com/  ": null

2020-04-17 16:11:55 - [TEST_STEP][PASSED] - openBrowser(WebOfficeURL): Browser is opened with url: 'https://admin.preview.checkatrade.com/'

2020-04-17 16:11:55 - [MESSAGE][INFO] - Starting 'Chrome' driver

2020-04-17 16:11:55 - [MESSAGE][INFO] - Action delay is set to 0 milliseconds

2020-04-17 16:12:00 - [MESSAGE][PASSED] - Browser is opened with url: 'https://admin.preview.checkatrade.com/'

2020-04-17 16:12:00 - [TEST_STEP][PASSED] - maximizeWindow(): Current window maximized

2020-04-17 16:12:03 - [MESSAGE][PASSED] - Current window maximized

2020-04-17 16:12:03 - [TEST_STEP][PASSED] - waitForElementClickable(findTestObject("Object Repository/WebOffice/Page_Checkatrade - Administration - Login/Login_Button"), 25): Object 'Object Repository/WebOffice/Page_Checkatrade - Administration - Login/Login_Button' is clickable

2020-04-17 16:12:03 - [MESSAGE][PASSED] - Object 'Object Repository/WebOffice/Page_Checkatrade - Administration - Login/Login_Button' is clickable

2020-04-17 16:12:03 - [TEST_STEP][PASSED] - verifyTextPresent("Checkatrade Web Office", false): Text 'Checkatrade Web Office' is present on page 

2020-04-17 16:12:03 - [MESSAGE][PASSED] - Text 'Checkatrade Web Office' is present on page 

2020-04-17 16:12:03 - [TEST_STEP][PASSED] - verifyTextPresent("Access for staff use only", false): Text 'Access for staff use only' is present on page 

2020-04-17 16:12:03 - [MESSAGE][PASSED] - Text 'Access for staff use only' is present on page 

2020-04-17 16:12:03 - [TEST_STEP][PASSED] - verifyTextPresent("Forgotten password?", false): Text 'Forgotten password?' is present on page 

2020-04-17 16:12:03 - [MESSAGE][PASSED] - Text 'Forgotten password?' is present on page 

2020-04-17 16:12:03 - [TEST_STEP][PASSED] - setText(findTestObject("Object Repository/WebOffice/Page_Checkatrade - Administration - Login/input_Username_LoginControlUserName"), wo_Username): Text 'DavidHo' is set on object 'Object Repository/WebOffice/Page_Checkatrade - Administration - Login/input_Username_LoginControlUserName'

2020-04-17 16:12:04 - [MESSAGE][PASSED] - Text 'DavidHo' is set on object 'Object Repository/WebOffice/Page_Checkatrade - Administration - Login/input_Username_LoginControlUserName'

2020-04-17 16:12:04 - [TEST_STEP][PASSED] - setText(findTestObject("Object Repository/WebOffice/Page_Checkatrade - Administration - Login/input_Password_LoginControlPassword"), wo_Password): Text 'Check123' is set on object 'Object Repository/WebOffice/Page_Checkatrade - Administration - Login/input_Password_LoginControlPassword'

2020-04-17 16:12:04 - [MESSAGE][PASSED] - Text 'Check123' is set on object 'Object Repository/WebOffice/Page_Checkatrade - Administration - Login/input_Password_LoginControlPassword'

2020-04-17 16:12:04 - [TEST_STEP][PASSED] - click(findTestObject("Object Repository/WebOffice/Page_Checkatrade - Administration - Login/Login_Button")): Object: 'Object Repository/WebOffice/Page_Checkatrade - Administration - Login/Login_Button' is clicked on

2020-04-17 16:12:07 - [MESSAGE][PASSED] - Object: 'Object Repository/WebOffice/Page_Checkatrade - Administration - Login/Login_Button' is clicked on

2020-04-17 16:12:07 - [TEST_STEP][PASSED] - waitForPageLoad(60): Wait for page load successfully

2020-04-17 16:12:07 - [MESSAGE][PASSED] - Wait for page load successfully

2020-04-17 16:12:07 - [TEST_STEP][PASSED] - verifyTextPresent("Welcome " + wo_Username, false): Text 'Welcome DavidHo' is present on page 

2020-04-17 16:12:08 - [MESSAGE][PASSED] - Text 'Welcome DavidHo' is present on page 

2020-04-17 16:12:08 - [MESSAGE][PASSED] - Call Test Case 'Test Cases/Reusable_Test_Sequences/Web_Office/Directives/WebOffice_StartUp' successfully

2020-04-17 16:12:08 - [TEST_STEP][PASSED] - "-----------------------------------------------------------------": null

2020-04-17 16:12:08 - [TEST_STEP][PASSED] - " Navigate to <Settings->Checkatrade.Com->Sub Item> Menu Item     |": null

2020-04-17 16:12:08 - [TEST_STEP][PASSED] - callTestCase(findTestCase("Reusable_Test_Sequences/Web_Office/Navigation/Sub_Menu_Navigation/Settings/Web_Office/Marketing_Materials"), [:], STOP_ON_FAILURE): Call Test Case 'Test Cases/Reusable_Test_Sequences/Web_Office/Navigation/Sub_Menu_Navigation/Settings/Web_Office/Marketing_Materials' successfully

2020-04-17 16:12:08 - [TEST_CASE][PASSED] - Test Cases/Reusable_Test_Sequences/Web_Office/Navigation/Sub_Menu_Navigation/Settings/Web_Office/Marketing_Materials: Test Cases/Reusable_Test_Sequences/Web_Office/Navigation/Sub_Menu_Navigation/Settings/Web_Office/Marketing_Materials

2020-04-17 16:12:09 - [TEST_STEP][PASSED] - "--------------------------------------": null

2020-04-17 16:12:09 - [TEST_STEP][PASSED] - " Navigate Top level menu Item         |": null

2020-04-17 16:12:09 - [TEST_STEP][PASSED] - waitForPageLoad(60): Wait for page load successfully

2020-04-17 16:12:09 - [MESSAGE][PASSED] - Wait for page load successfully

2020-04-17 16:12:09 - [TEST_STEP][PASSED] - waitForElementClickable(findTestObject("Object Repository/WebOffice_Home_page/a_Settings"), 60): Object 'Object Repository/WebOffice_Home_page/a_Settings' is clickable

2020-04-17 16:12:09 - [MESSAGE][PASSED] - Object 'Object Repository/WebOffice_Home_page/a_Settings' is clickable

2020-04-17 16:12:09 - [TEST_STEP][PASSED] - mouseOver(findTestObject("Object Repository/WebOffice_Home_page/a_Settings")): Object: 'Object Repository/WebOffice_Home_page/a_Settings' is hovered

2020-04-17 16:12:10 - [MESSAGE][PASSED] - Object: 'Object Repository/WebOffice_Home_page/a_Settings' is hovered

2020-04-17 16:12:10 - [TEST_STEP][PASSED] - mouseOver(findTestObject("Object Repository/WebOffice_Home_page/a_Web Office")): Object: 'Object Repository/WebOffice_Home_page/a_Web Office' is hovered

2020-04-17 16:12:10 - [MESSAGE][PASSED] - Object: 'Object Repository/WebOffice_Home_page/a_Web Office' is hovered

2020-04-17 16:12:10 - [TEST_STEP][PASSED] - waitForElementClickable(findTestObject("Object Repository/WebOffice_Home_page/a_Marketing Materials"), 1): Object 'Object Repository/WebOffice_Home_page/a_Marketing Materials' is clickable

2020-04-17 16:12:10 - [MESSAGE][PASSED] - Object 'Object Repository/WebOffice_Home_page/a_Marketing Materials' is clickable

2020-04-17 16:12:10 - [TEST_STEP][PASSED] - click(findTestObject("Object Repository/WebOffice_Home_page/a_Marketing Materials")): Object: 'Object Repository/WebOffice_Home_page/a_Marketing Materials' is clicked on

2020-04-17 16:12:10 - [MESSAGE][PASSED] - Object: 'Object Repository/WebOffice_Home_page/a_Marketing Materials' is clicked on

2020-04-17 16:12:10 - [MESSAGE][PASSED] - Call Test Case 'Test Cases/Reusable_Test_Sequences/Web_Office/Navigation/Sub_Menu_Navigation/Settings/Web_Office/Marketing_Materials' successfully

2020-04-17 16:12:10 - [TEST_STEP][PASSED] - "--------------------------------------": null

2020-04-17 16:12:10 - [TEST_STEP][PASSED] - " Verify Returned Page Detail          |": null

2020-04-17 16:12:10 - [TEST_STEP][PASSED] - callTestCase(findTestCase("Reusable_Test_Sequences/Web_Office/Verification/Settings/Web_Office/Marketing_Materials"), [:], OPTIONAL): Call Test Case 'Test Cases/Reusable_Test_Sequences/Web_Office/Verification/Settings/Web_Office/Marketing_Materials' successfully

2020-04-17 16:12:11 - [TEST_CASE][PASSED] - Test Cases/Reusable_Test_Sequences/Web_Office/Verification/Settings/Web_Office/Marketing_Materials: Test Cases/Reusable_Test_Sequences/Web_Office/Verification/Settings/Web_Office/Marketing_Materials

2020-04-17 16:12:11 - [TEST_STEP][PASSED] - waitForPageLoad(60): Wait for page load successfully

2020-04-17 16:12:11 - [MESSAGE][PASSED] - Wait for page load successfully

2020-04-17 16:12:11 - [TEST_STEP][PASSED] - delay(1): Delayed 1 second(s)

2020-04-17 16:12:12 - [MESSAGE][PASSED] - Delayed 1 second(s)

2020-04-17 16:12:12 - [TEST_STEP][PASSED] - verifyTextPresent("Edit Marketing Materials", false): Text 'Edit Marketing Materials' is present on page 

2020-04-17 16:12:12 - [MESSAGE][PASSED] - Text 'Edit Marketing Materials' is present on page 

2020-04-17 16:12:12 - [TEST_STEP][PASSED] - "----------------------------------------------": null

2020-04-17 16:12:12 - [TEST_STEP][PASSED] - verifyTextPresent("Status", false): Text 'Status' is present on page 

2020-04-17 16:12:13 - [MESSAGE][PASSED] - Text 'Status' is present on page 

2020-04-17 16:12:13 - [TEST_STEP][PASSED] - verifyTextPresent("Title", false): Text 'Title' is present on page 

2020-04-17 16:12:14 - [MESSAGE][PASSED] - Text 'Title' is present on page 

2020-04-17 16:12:14 - [TEST_STEP][PASSED] - verifyTextPresent("Description", false): Text 'Description' is present on page 

2020-04-17 16:12:14 - [MESSAGE][PASSED] - Text 'Description' is present on page 

2020-04-17 16:12:14 - [TEST_STEP][PASSED] - verifyTextPresent("Price", false): Text 'Price' is present on page 

2020-04-17 16:12:15 - [MESSAGE][PASSED] - Text 'Price' is present on page 

2020-04-17 16:12:15 - [TEST_STEP][PASSED] - verifyTextPresent("Batch Size", false): Text 'Batch Size' is present on page 

2020-04-17 16:12:16 - [MESSAGE][PASSED] - Text 'Batch Size' is present on page 

2020-04-17 16:12:16 - [TEST_STEP][PASSED] - verifyTextPresent("Max. Order", false): Text 'Max. Order' is present on page 

2020-04-17 16:12:16 - [MESSAGE][PASSED] - Text 'Max. Order' is present on page 

2020-04-17 16:12:16 - [TEST_STEP][PASSED] - verifyTextPresent("Printer Code", false): Text 'Printer Code' is present on page 

2020-04-17 16:12:17 - [MESSAGE][PASSED] - Text 'Printer Code' is present on page 

2020-04-17 16:12:17 - [TEST_STEP][PASSED] - "----------------------------------------------": null

2020-04-17 16:12:17 - [TEST_STEP][PASSED] - verifyTextPresent("RVM Certificate", false): Text 'RVM Certificate' is present on page 

2020-04-17 16:12:17 - [MESSAGE][PASSED] - Text 'RVM Certificate' is present on page 

2020-04-17 16:12:17 - [TEST_STEP][PASSED] - verifyTextPresent("ent to Members when they become RVM. Ordered via Web Office only", false): Text 'ent to Members when they become RVM. Ordered via Web Office only' is present on page 

2020-04-17 16:12:18 - [MESSAGE][PASSED] - Text 'ent to Members when they become RVM. Ordered via Web Office only' is present on page 

2020-04-17 16:12:18 - [TEST_STEP][PASSED] - verifyTextPresent("SUF", false): Text 'SUF' is present on page 

2020-04-17 16:12:18 - [MESSAGE][PASSED] - Text 'SUF' is present on page 

2020-04-17 16:12:18 - [TEST_STEP][PASSED] - verifyTextPresent("Suffolk Trading Standards Approved Vehicle Sticker", false): Text 'Suffolk Trading Standards Approved Vehicle Sticker' is present on page 

2020-04-17 16:12:18 - [MESSAGE][PASSED] - Text 'Suffolk Trading Standards Approved Vehicle Sticker' is present on page 

2020-04-17 16:12:18 - [TEST_STEP][PASSED] - verifyTextPresent("Vehicle Sticker Suffolk County Council Trading Standards Approved in Partnership", false): Text 'Vehicle Sticker Suffolk County Council Trading Standards Approved in Partnership' is present on page 

2020-04-17 16:12:19 - [MESSAGE][PASSED] - Text 'Vehicle Sticker Suffolk County Council Trading Standards Approved in Partnership' is present on page 

2020-04-17 16:12:19 - [TEST_STEP][PASSED] - verifyTextPresent("WCR", false): Text 'WCR' is present on page 

2020-04-17 16:12:19 - [MESSAGE][PASSED] - Text 'WCR' is present on page 

2020-04-17 16:12:19 - [TEST_STEP][PASSED] - verifyTextPresent("NTC", false): Text 'NTC' is present on page 

2020-04-17 16:12:19 - [MESSAGE][PASSED] - Text 'NTC' is present on page 

2020-04-17 16:12:19 - [MESSAGE][PASSED] - Call Test Case 'Test Cases/Reusable_Test_Sequences/Web_Office/Verification/Settings/Web_Office/Marketing_Materials' successfully

2020-04-17 16:12:19 - [TEST_STEP][PASSED] - "--------------------------": null

2020-04-17 16:12:19 - [TEST_STEP][PASSED] - " Teardown - CLose Browser |": null

2020-04-17 16:12:19 - [TEST_STEP][PASSED] - callTestCase(findTestCase("Reusable_Test_Sequences/CAT_Teardown"), [:], OPTIONAL): Call Test Case 'Test Cases/Reusable_Test_Sequences/CAT_Teardown' successfully

2020-04-17 16:12:19 - [TEST_CASE][PASSED] - Test Cases/Reusable_Test_Sequences/CAT_Teardown: Test Cases/Reusable_Test_Sequences/CAT_Teardown

2020-04-17 16:12:19 - [TEST_STEP][PASSED] - closeBrowser(): Browser is closed

2020-04-17 16:12:20 - [MESSAGE][PASSED] - Browser is closed

2020-04-17 16:12:20 - [TEST_STEP][PASSED] - super.finalize(): null

2020-04-17 16:12:20 - [TEST_STEP][PASSED] - System.gc(): null

2020-04-17 16:12:20 - [MESSAGE][PASSED] - Call Test Case 'Test Cases/Reusable_Test_Sequences/CAT_Teardown' successfully]]></system-out>
         <system-err><![CDATA[]]></system-err>
      </testcase>
      <testcase name="Test Cases/Web_Office/Settings/Web_Office/Document_Templates" time="23.132" classname="Test Cases/Web_Office/Settings/Web_Office/Document_Templates" status="PASSED">
         <system-out><![CDATA[2020-04-17 16:12:20 - [TEST_CASE][PASSED] - Test Cases/Web_Office/Settings/Web_Office/Document_Templates: Test Cases/Web_Office/Settings/Web_Office/Document_Templates

2020-04-17 16:12:21 - [TEST_STEP][PASSED] - "--------------------------------------": null

2020-04-17 16:12:21 - [TEST_STEP][PASSED] - " Web Office StartUp                  |": null

2020-04-17 16:12:21 - [TEST_STEP][PASSED] - callTestCase(findTestCase("Reusable_Test_Sequences/Web_Office/Directives/WebOffice_StartUp"), [:], STOP_ON_FAILURE): Call Test Case 'Test Cases/Reusable_Test_Sequences/Web_Office/Directives/WebOffice_StartUp' successfully

2020-04-17 16:12:21 - [TEST_CASE][PASSED] - Test Cases/Reusable_Test_Sequences/Web_Office/Directives/WebOffice_StartUp: Test Cases/Reusable_Test_Sequences/Web_Office/Directives/WebOffice_StartUp

2020-04-17 16:12:21 - [TEST_STEP][PASSED] - "-----------------------------------------------------------------------------": null

2020-04-17 16:12:21 - [TEST_STEP][PASSED] - if (URL == "https://www.dev.checkatrade.com/"): null

2020-04-17 16:12:21 - [TEST_STEP][PASSED] - "-----------------------------------------------------------------------------": null

2020-04-17 16:12:21 - [TEST_STEP][PASSED] - if (URL == "https://www.checkatrade.com/"): null

2020-04-17 16:12:21 - [TEST_STEP][PASSED] - "-----------------------------------------------------------------------------": null

2020-04-17 16:12:21 - [TEST_STEP][PASSED] - if (URL == "https://www.preview.checkatrade.com/"): null

2020-04-17 16:12:21 - [TEST_STEP][PASSED] - WebOfficeURL = "https://admin.preview.checkatrade.com/": null

2020-04-17 16:12:21 - [TEST_STEP][PASSED] - if (URL == "https://www.dev2.checkatrade.com/"): null

2020-04-17 16:12:21 - [TEST_STEP][PASSED] - "Set Function Area for "URL_Handler", URL Resolution": null

2020-04-17 16:12:21 - [TEST_STEP][PASSED] - "Do Some Magic with URL(s) See the comments within URL Handler ": null

2020-04-17 16:12:21 - [TEST_STEP][PASSED] - "------------------------------------------------": null

2020-04-17 16:12:21 - [TEST_STEP][PASSED] - "Moved Login Credentials to <Default> profile 22/01/2020": null

2020-04-17 16:12:21 - [TEST_STEP][PASSED] - "------------------------------------------------": null

2020-04-17 16:12:21 - [TEST_STEP][PASSED] - "WebOfficeURL - Set from the ENVIRONMENT PROFILE ": null

2020-04-17 16:12:21 - [TEST_STEP][PASSED] - "OPEN BROWSER": null

2020-04-17 16:12:21 - [TEST_STEP][PASSED] - "eg - https://admin.preview.checkatrade.com/  ": null

2020-04-17 16:12:21 - [TEST_STEP][PASSED] - openBrowser(WebOfficeURL): Browser is opened with url: 'https://admin.preview.checkatrade.com/'

2020-04-17 16:12:21 - [MESSAGE][INFO] - Starting 'Chrome' driver

2020-04-17 16:12:21 - [MESSAGE][INFO] - Action delay is set to 0 milliseconds

2020-04-17 16:12:26 - [MESSAGE][PASSED] - Browser is opened with url: 'https://admin.preview.checkatrade.com/'

2020-04-17 16:12:26 - [TEST_STEP][PASSED] - maximizeWindow(): Current window maximized

2020-04-17 16:12:28 - [MESSAGE][PASSED] - Current window maximized

2020-04-17 16:12:28 - [TEST_STEP][PASSED] - waitForElementClickable(findTestObject("Object Repository/WebOffice/Page_Checkatrade - Administration - Login/Login_Button"), 25): Object 'Object Repository/WebOffice/Page_Checkatrade - Administration - Login/Login_Button' is clickable

2020-04-17 16:12:28 - [MESSAGE][PASSED] - Object 'Object Repository/WebOffice/Page_Checkatrade - Administration - Login/Login_Button' is clickable

2020-04-17 16:12:28 - [TEST_STEP][PASSED] - verifyTextPresent("Checkatrade Web Office", false): Text 'Checkatrade Web Office' is present on page 

2020-04-17 16:12:28 - [MESSAGE][PASSED] - Text 'Checkatrade Web Office' is present on page 

2020-04-17 16:12:28 - [TEST_STEP][PASSED] - verifyTextPresent("Access for staff use only", false): Text 'Access for staff use only' is present on page 

2020-04-17 16:12:28 - [MESSAGE][PASSED] - Text 'Access for staff use only' is present on page 

2020-04-17 16:12:28 - [TEST_STEP][PASSED] - verifyTextPresent("Forgotten password?", false): Text 'Forgotten password?' is present on page 

2020-04-17 16:12:28 - [MESSAGE][PASSED] - Text 'Forgotten password?' is present on page 

2020-04-17 16:12:28 - [TEST_STEP][PASSED] - setText(findTestObject("Object Repository/WebOffice/Page_Checkatrade - Administration - Login/input_Username_LoginControlUserName"), wo_Username): Text 'DavidHo' is set on object 'Object Repository/WebOffice/Page_Checkatrade - Administration - Login/input_Username_LoginControlUserName'

2020-04-17 16:12:28 - [MESSAGE][PASSED] - Text 'DavidHo' is set on object 'Object Repository/WebOffice/Page_Checkatrade - Administration - Login/input_Username_LoginControlUserName'

2020-04-17 16:12:28 - [TEST_STEP][PASSED] - setText(findTestObject("Object Repository/WebOffice/Page_Checkatrade - Administration - Login/input_Password_LoginControlPassword"), wo_Password): Text 'Check123' is set on object 'Object Repository/WebOffice/Page_Checkatrade - Administration - Login/input_Password_LoginControlPassword'

2020-04-17 16:12:29 - [MESSAGE][PASSED] - Text 'Check123' is set on object 'Object Repository/WebOffice/Page_Checkatrade - Administration - Login/input_Password_LoginControlPassword'

2020-04-17 16:12:29 - [TEST_STEP][PASSED] - click(findTestObject("Object Repository/WebOffice/Page_Checkatrade - Administration - Login/Login_Button")): Object: 'Object Repository/WebOffice/Page_Checkatrade - Administration - Login/Login_Button' is clicked on

2020-04-17 16:12:30 - [MESSAGE][PASSED] - Object: 'Object Repository/WebOffice/Page_Checkatrade - Administration - Login/Login_Button' is clicked on

2020-04-17 16:12:30 - [TEST_STEP][PASSED] - waitForPageLoad(60): Wait for page load successfully

2020-04-17 16:12:30 - [MESSAGE][PASSED] - Wait for page load successfully

2020-04-17 16:12:30 - [TEST_STEP][PASSED] - verifyTextPresent("Welcome " + wo_Username, false): Text 'Welcome DavidHo' is present on page 

2020-04-17 16:12:30 - [MESSAGE][PASSED] - Text 'Welcome DavidHo' is present on page 

2020-04-17 16:12:30 - [MESSAGE][PASSED] - Call Test Case 'Test Cases/Reusable_Test_Sequences/Web_Office/Directives/WebOffice_StartUp' successfully

2020-04-17 16:12:30 - [TEST_STEP][PASSED] - "-----------------------------------------------------------------": null

2020-04-17 16:12:30 - [TEST_STEP][PASSED] - " Navigate to <Settings->Checkatrade.Com->Sub Item> Menu Item     |": null

2020-04-17 16:12:30 - [TEST_STEP][PASSED] - callTestCase(findTestCase("Reusable_Test_Sequences/Web_Office/Navigation/Sub_Menu_Navigation/Settings/Web_Office/Document_Templates"), [:], STOP_ON_FAILURE): Call Test Case 'Test Cases/Reusable_Test_Sequences/Web_Office/Navigation/Sub_Menu_Navigation/Settings/Web_Office/Document_Templates' successfully

2020-04-17 16:12:30 - [TEST_CASE][PASSED] - Test Cases/Reusable_Test_Sequences/Web_Office/Navigation/Sub_Menu_Navigation/Settings/Web_Office/Document_Templates: Test Cases/Reusable_Test_Sequences/Web_Office/Navigation/Sub_Menu_Navigation/Settings/Web_Office/Document_Templates

2020-04-17 16:12:30 - [TEST_STEP][PASSED] - "--------------------------------------": null

2020-04-17 16:12:30 - [TEST_STEP][PASSED] - " Navigate Top level menu Item         |": null

2020-04-17 16:12:30 - [TEST_STEP][PASSED] - waitForPageLoad(60): Wait for page load successfully

2020-04-17 16:12:30 - [MESSAGE][PASSED] - Wait for page load successfully

2020-04-17 16:12:30 - [TEST_STEP][PASSED] - waitForElementClickable(findTestObject("Object Repository/WebOffice_Home_page/a_Settings"), 60): Object 'Object Repository/WebOffice_Home_page/a_Settings' is clickable

2020-04-17 16:12:30 - [MESSAGE][PASSED] - Object 'Object Repository/WebOffice_Home_page/a_Settings' is clickable

2020-04-17 16:12:30 - [TEST_STEP][PASSED] - mouseOver(findTestObject("Object Repository/WebOffice_Home_page/a_Settings")): Object: 'Object Repository/WebOffice_Home_page/a_Settings' is hovered

2020-04-17 16:12:31 - [MESSAGE][PASSED] - Object: 'Object Repository/WebOffice_Home_page/a_Settings' is hovered

2020-04-17 16:12:31 - [TEST_STEP][PASSED] - mouseOver(findTestObject("Object Repository/WebOffice_Home_page/a_Web Office")): Object: 'Object Repository/WebOffice_Home_page/a_Web Office' is hovered

2020-04-17 16:12:31 - [MESSAGE][PASSED] - Object: 'Object Repository/WebOffice_Home_page/a_Web Office' is hovered

2020-04-17 16:12:31 - [TEST_STEP][PASSED] - waitForElementClickable(findTestObject("Object Repository/WebOffice_Home_page/a_Document Templates"), 1): Object 'Object Repository/WebOffice_Home_page/a_Document Templates' is clickable

2020-04-17 16:12:31 - [MESSAGE][PASSED] - Object 'Object Repository/WebOffice_Home_page/a_Document Templates' is clickable

2020-04-17 16:12:31 - [TEST_STEP][PASSED] - click(findTestObject("Object Repository/WebOffice_Home_page/a_Document Templates")): Object: 'Object Repository/WebOffice_Home_page/a_Document Templates' is clicked on

2020-04-17 16:12:32 - [MESSAGE][PASSED] - Object: 'Object Repository/WebOffice_Home_page/a_Document Templates' is clicked on

2020-04-17 16:12:32 - [MESSAGE][PASSED] - Call Test Case 'Test Cases/Reusable_Test_Sequences/Web_Office/Navigation/Sub_Menu_Navigation/Settings/Web_Office/Document_Templates' successfully

2020-04-17 16:12:32 - [TEST_STEP][PASSED] - "--------------------------------------": null

2020-04-17 16:12:32 - [TEST_STEP][PASSED] - " Verify Returned Page Detail          |": null

2020-04-17 16:12:32 - [TEST_STEP][PASSED] - callTestCase(findTestCase("Reusable_Test_Sequences/Web_Office/Verification/Settings/Web_Office/Document_Templates"), [:], OPTIONAL): Call Test Case 'Test Cases/Reusable_Test_Sequences/Web_Office/Verification/Settings/Web_Office/Document_Templates' successfully

2020-04-17 16:12:32 - [TEST_CASE][PASSED] - Test Cases/Reusable_Test_Sequences/Web_Office/Verification/Settings/Web_Office/Document_Templates: Test Cases/Reusable_Test_Sequences/Web_Office/Verification/Settings/Web_Office/Document_Templates

2020-04-17 16:12:32 - [TEST_STEP][PASSED] - waitForPageLoad(60): Wait for page load successfully

2020-04-17 16:12:32 - [MESSAGE][PASSED] - Wait for page load successfully

2020-04-17 16:12:32 - [TEST_STEP][PASSED] - delay(1): Delayed 1 second(s)

2020-04-17 16:12:33 - [MESSAGE][PASSED] - Delayed 1 second(s)

2020-04-17 16:12:33 - [TEST_STEP][PASSED] - verifyTextPresent("Document Templates", false): Text 'Document Templates' is present on page 

2020-04-17 16:12:34 - [MESSAGE][PASSED] - Text 'Document Templates' is present on page 

2020-04-17 16:12:34 - [TEST_STEP][PASSED] - "----------------------------------------------": null

2020-04-17 16:12:34 - [TEST_STEP][PASSED] - verifyTextPresent("Title", false): Text 'Title' is present on page 

2020-04-17 16:12:35 - [MESSAGE][PASSED] - Text 'Title' is present on page 

2020-04-17 16:12:35 - [TEST_STEP][PASSED] - verifyTextPresent("Description", false): Text 'Description' is present on page 

2020-04-17 16:12:36 - [MESSAGE][PASSED] - Text 'Description' is present on page 

2020-04-17 16:12:36 - [TEST_STEP][PASSED] - verifyTextPresent("Type", false): Text 'Type' is present on page 

2020-04-17 16:12:36 - [MESSAGE][PASSED] - Text 'Type' is present on page 

2020-04-17 16:12:36 - [TEST_STEP][PASSED] - verifyTextPresent("In Use", false): Text 'In Use' is present on page 

2020-04-17 16:12:37 - [MESSAGE][PASSED] - Text 'In Use' is present on page 

2020-04-17 16:12:37 - [TEST_STEP][PASSED] - verifyTextPresent("Template Changed", false): Text 'Template Changed' is present on page 

2020-04-17 16:12:38 - [MESSAGE][PASSED] - Text 'Template Changed' is present on page 

2020-04-17 16:12:38 - [TEST_STEP][PASSED] - "----------------------------------------------": null

2020-04-17 16:12:38 - [TEST_STEP][PASSED] - verifyTextPresent("Reports Certificate", false): Text 'Reports Certificate' is present on page 

2020-04-17 16:12:38 - [MESSAGE][PASSED] - Text 'Reports Certificate' is present on page 

2020-04-17 16:12:38 - [TEST_STEP][PASSED] - verifyTextPresent("Reports covering letter", false): Text 'Reports covering letter' is present on page 

2020-04-17 16:12:39 - [MESSAGE][PASSED] - Text 'Reports covering letter' is present on page 

2020-04-17 16:12:39 - [TEST_STEP][PASSED] - verifyTextPresent("Sent with certificate", false): Text 'Sent with certificate' is present on page 

2020-04-17 16:12:40 - [MESSAGE][PASSED] - Text 'Sent with certificate' is present on page 

2020-04-17 16:12:40 - [TEST_STEP][PASSED] - verifyTextPresent("Customer Services", false): Text 'Customer Services' is present on page 

2020-04-17 16:12:41 - [MESSAGE][PASSED] - Text 'Customer Services' is present on page 

2020-04-17 16:12:41 - [TEST_STEP][PASSED] - verifyTextPresent("Finance", false): Text 'Finance' is present on page 

2020-04-17 16:12:41 - [MESSAGE][PASSED] - Text 'Finance' is present on page 

2020-04-17 16:12:41 - [TEST_STEP][PASSED] - verifyTextPresent("Sent when a member has achieved", false): Text 'Sent when a member has achieved' is present on page 

2020-04-17 16:12:42 - [MESSAGE][PASSED] - Text 'Sent when a member has achieved' is present on page 

2020-04-17 16:12:42 - [TEST_STEP][PASSED] - verifyTextPresent("Sent once a member is RVM", false): Text 'Sent once a member is RVM' is present on page 

2020-04-17 16:12:42 - [MESSAGE][PASSED] - Text 'Sent once a member is RVM' is present on page 

2020-04-17 16:12:42 - [MESSAGE][PASSED] - Call Test Case 'Test Cases/Reusable_Test_Sequences/Web_Office/Verification/Settings/Web_Office/Document_Templates' successfully

2020-04-17 16:12:42 - [TEST_STEP][PASSED] - "--------------------------": null

2020-04-17 16:12:42 - [TEST_STEP][PASSED] - " Teardown - CLose Browser |": null

2020-04-17 16:12:42 - [TEST_STEP][PASSED] - callTestCase(findTestCase("Reusable_Test_Sequences/CAT_Teardown"), [:], OPTIONAL): Call Test Case 'Test Cases/Reusable_Test_Sequences/CAT_Teardown' successfully

2020-04-17 16:12:42 - [TEST_CASE][PASSED] - Test Cases/Reusable_Test_Sequences/CAT_Teardown: Test Cases/Reusable_Test_Sequences/CAT_Teardown

2020-04-17 16:12:42 - [TEST_STEP][PASSED] - closeBrowser(): Browser is closed

2020-04-17 16:12:43 - [MESSAGE][PASSED] - Browser is closed

2020-04-17 16:12:43 - [TEST_STEP][PASSED] - super.finalize(): null

2020-04-17 16:12:43 - [TEST_STEP][PASSED] - System.gc(): null

2020-04-17 16:12:43 - [MESSAGE][PASSED] - Call Test Case 'Test Cases/Reusable_Test_Sequences/CAT_Teardown' successfully]]></system-out>
         <system-err><![CDATA[]]></system-err>
      </testcase>
      <testcase name="Test Cases/Web_Office/Settings/Web_Office/Case_Actions" time="25.137" classname="Test Cases/Web_Office/Settings/Web_Office/Case_Actions" status="PASSED">
         <system-out><![CDATA[2020-04-17 16:12:43 - [TEST_CASE][PASSED] - Test Cases/Web_Office/Settings/Web_Office/Case_Actions: Test Cases/Web_Office/Settings/Web_Office/Case_Actions

2020-04-17 16:12:44 - [TEST_STEP][PASSED] - "--------------------------------------": null

2020-04-17 16:12:44 - [TEST_STEP][PASSED] - " Web Office StartUp                  |": null

2020-04-17 16:12:44 - [TEST_STEP][PASSED] - callTestCase(findTestCase("Reusable_Test_Sequences/Web_Office/Directives/WebOffice_StartUp"), [:], STOP_ON_FAILURE): Call Test Case 'Test Cases/Reusable_Test_Sequences/Web_Office/Directives/WebOffice_StartUp' successfully

2020-04-17 16:12:44 - [TEST_CASE][PASSED] - Test Cases/Reusable_Test_Sequences/Web_Office/Directives/WebOffice_StartUp: Test Cases/Reusable_Test_Sequences/Web_Office/Directives/WebOffice_StartUp

2020-04-17 16:12:44 - [TEST_STEP][PASSED] - "-----------------------------------------------------------------------------": null

2020-04-17 16:12:44 - [TEST_STEP][PASSED] - if (URL == "https://www.dev.checkatrade.com/"): null

2020-04-17 16:12:44 - [TEST_STEP][PASSED] - "-----------------------------------------------------------------------------": null

2020-04-17 16:12:44 - [TEST_STEP][PASSED] - if (URL == "https://www.checkatrade.com/"): null

2020-04-17 16:12:44 - [TEST_STEP][PASSED] - "-----------------------------------------------------------------------------": null

2020-04-17 16:12:44 - [TEST_STEP][PASSED] - if (URL == "https://www.preview.checkatrade.com/"): null

2020-04-17 16:12:44 - [TEST_STEP][PASSED] - WebOfficeURL = "https://admin.preview.checkatrade.com/": null

2020-04-17 16:12:44 - [TEST_STEP][PASSED] - if (URL == "https://www.dev2.checkatrade.com/"): null

2020-04-17 16:12:44 - [TEST_STEP][PASSED] - "Set Function Area for "URL_Handler", URL Resolution": null

2020-04-17 16:12:44 - [TEST_STEP][PASSED] - "Do Some Magic with URL(s) See the comments within URL Handler ": null

2020-04-17 16:12:44 - [TEST_STEP][PASSED] - "------------------------------------------------": null

2020-04-17 16:12:44 - [TEST_STEP][PASSED] - "Moved Login Credentials to <Default> profile 22/01/2020": null

2020-04-17 16:12:44 - [TEST_STEP][PASSED] - "------------------------------------------------": null

2020-04-17 16:12:44 - [TEST_STEP][PASSED] - "WebOfficeURL - Set from the ENVIRONMENT PROFILE ": null

2020-04-17 16:12:44 - [TEST_STEP][PASSED] - "OPEN BROWSER": null

2020-04-17 16:12:44 - [TEST_STEP][PASSED] - "eg - https://admin.preview.checkatrade.com/  ": null

2020-04-17 16:12:44 - [TEST_STEP][PASSED] - openBrowser(WebOfficeURL): Browser is opened with url: 'https://admin.preview.checkatrade.com/'

2020-04-17 16:12:44 - [MESSAGE][INFO] - Starting 'Chrome' driver

2020-04-17 16:12:44 - [MESSAGE][INFO] - Action delay is set to 0 milliseconds

2020-04-17 16:12:49 - [MESSAGE][PASSED] - Browser is opened with url: 'https://admin.preview.checkatrade.com/'

2020-04-17 16:12:49 - [TEST_STEP][PASSED] - maximizeWindow(): Current window maximized

2020-04-17 16:12:52 - [MESSAGE][PASSED] - Current window maximized

2020-04-17 16:12:52 - [TEST_STEP][PASSED] - waitForElementClickable(findTestObject("Object Repository/WebOffice/Page_Checkatrade - Administration - Login/Login_Button"), 25): Object 'Object Repository/WebOffice/Page_Checkatrade - Administration - Login/Login_Button' is clickable

2020-04-17 16:12:52 - [MESSAGE][PASSED] - Object 'Object Repository/WebOffice/Page_Checkatrade - Administration - Login/Login_Button' is clickable

2020-04-17 16:12:52 - [TEST_STEP][PASSED] - verifyTextPresent("Checkatrade Web Office", false): Text 'Checkatrade Web Office' is present on page 

2020-04-17 16:12:52 - [MESSAGE][PASSED] - Text 'Checkatrade Web Office' is present on page 

2020-04-17 16:12:52 - [TEST_STEP][PASSED] - verifyTextPresent("Access for staff use only", false): Text 'Access for staff use only' is present on page 

2020-04-17 16:12:52 - [MESSAGE][PASSED] - Text 'Access for staff use only' is present on page 

2020-04-17 16:12:52 - [TEST_STEP][PASSED] - verifyTextPresent("Forgotten password?", false): Text 'Forgotten password?' is present on page 

2020-04-17 16:12:52 - [MESSAGE][PASSED] - Text 'Forgotten password?' is present on page 

2020-04-17 16:12:52 - [TEST_STEP][PASSED] - setText(findTestObject("Object Repository/WebOffice/Page_Checkatrade - Administration - Login/input_Username_LoginControlUserName"), wo_Username): Text 'DavidHo' is set on object 'Object Repository/WebOffice/Page_Checkatrade - Administration - Login/input_Username_LoginControlUserName'

2020-04-17 16:12:53 - [MESSAGE][PASSED] - Text 'DavidHo' is set on object 'Object Repository/WebOffice/Page_Checkatrade - Administration - Login/input_Username_LoginControlUserName'

2020-04-17 16:12:53 - [TEST_STEP][PASSED] - setText(findTestObject("Object Repository/WebOffice/Page_Checkatrade - Administration - Login/input_Password_LoginControlPassword"), wo_Password): Text 'Check123' is set on object 'Object Repository/WebOffice/Page_Checkatrade - Administration - Login/input_Password_LoginControlPassword'

2020-04-17 16:12:53 - [MESSAGE][PASSED] - Text 'Check123' is set on object 'Object Repository/WebOffice/Page_Checkatrade - Administration - Login/input_Password_LoginControlPassword'

2020-04-17 16:12:53 - [TEST_STEP][PASSED] - click(findTestObject("Object Repository/WebOffice/Page_Checkatrade - Administration - Login/Login_Button")): Object: 'Object Repository/WebOffice/Page_Checkatrade - Administration - Login/Login_Button' is clicked on

2020-04-17 16:12:54 - [MESSAGE][PASSED] - Object: 'Object Repository/WebOffice/Page_Checkatrade - Administration - Login/Login_Button' is clicked on

2020-04-17 16:12:54 - [TEST_STEP][PASSED] - waitForPageLoad(60): Wait for page load successfully

2020-04-17 16:12:54 - [MESSAGE][PASSED] - Wait for page load successfully

2020-04-17 16:12:54 - [TEST_STEP][PASSED] - verifyTextPresent("Welcome " + wo_Username, false): Text 'Welcome DavidHo' is present on page 

2020-04-17 16:12:55 - [MESSAGE][PASSED] - Text 'Welcome DavidHo' is present on page 

2020-04-17 16:12:55 - [MESSAGE][PASSED] - Call Test Case 'Test Cases/Reusable_Test_Sequences/Web_Office/Directives/WebOffice_StartUp' successfully

2020-04-17 16:12:55 - [TEST_STEP][PASSED] - "-----------------------------------------------------------------": null

2020-04-17 16:12:55 - [TEST_STEP][PASSED] - " Navigate to <Settings->Checkatrade.Com->Sub Item> Menu Item     |": null

2020-04-17 16:12:55 - [TEST_STEP][PASSED] - callTestCase(findTestCase("Reusable_Test_Sequences/Web_Office/Navigation/Sub_Menu_Navigation/Settings/Web_Office/Case_Actions"), [:], STOP_ON_FAILURE): Call Test Case 'Test Cases/Reusable_Test_Sequences/Web_Office/Navigation/Sub_Menu_Navigation/Settings/Web_Office/Case_Actions' successfully

2020-04-17 16:12:55 - [TEST_CASE][PASSED] - Test Cases/Reusable_Test_Sequences/Web_Office/Navigation/Sub_Menu_Navigation/Settings/Web_Office/Case_Actions: Test Cases/Reusable_Test_Sequences/Web_Office/Navigation/Sub_Menu_Navigation/Settings/Web_Office/Case_Actions

2020-04-17 16:12:55 - [TEST_STEP][PASSED] - "--------------------------------------": null

2020-04-17 16:12:55 - [TEST_STEP][PASSED] - " Navigate Top level menu Item         |": null

2020-04-17 16:12:55 - [TEST_STEP][PASSED] - waitForPageLoad(60): Wait for page load successfully

2020-04-17 16:12:55 - [MESSAGE][PASSED] - Wait for page load successfully

2020-04-17 16:12:55 - [TEST_STEP][PASSED] - waitForElementClickable(findTestObject("Object Repository/WebOffice_Home_page/a_Settings"), 60): Object 'Object Repository/WebOffice_Home_page/a_Settings' is clickable

2020-04-17 16:12:56 - [MESSAGE][PASSED] - Object 'Object Repository/WebOffice_Home_page/a_Settings' is clickable

2020-04-17 16:12:56 - [TEST_STEP][PASSED] - mouseOver(findTestObject("Object Repository/WebOffice_Home_page/a_Settings")): Object: 'Object Repository/WebOffice_Home_page/a_Settings' is hovered

2020-04-17 16:12:56 - [MESSAGE][PASSED] - Object: 'Object Repository/WebOffice_Home_page/a_Settings' is hovered

2020-04-17 16:12:56 - [TEST_STEP][PASSED] - mouseOver(findTestObject("Object Repository/WebOffice_Home_page/a_Web Office")): Object: 'Object Repository/WebOffice_Home_page/a_Web Office' is hovered

2020-04-17 16:12:56 - [MESSAGE][PASSED] - Object: 'Object Repository/WebOffice_Home_page/a_Web Office' is hovered

2020-04-17 16:12:56 - [TEST_STEP][PASSED] - waitForElementClickable(findTestObject("Object Repository/WebOffice_Home_page/a_Case Actions"), 1): Object 'Object Repository/WebOffice_Home_page/a_Case Actions' is clickable

2020-04-17 16:12:56 - [MESSAGE][PASSED] - Object 'Object Repository/WebOffice_Home_page/a_Case Actions' is clickable

2020-04-17 16:12:56 - [TEST_STEP][PASSED] - click(findTestObject("Object Repository/WebOffice_Home_page/a_Case Actions")): Object: 'Object Repository/WebOffice_Home_page/a_Case Actions' is clicked on

2020-04-17 16:12:57 - [MESSAGE][PASSED] - Object: 'Object Repository/WebOffice_Home_page/a_Case Actions' is clicked on

2020-04-17 16:12:57 - [MESSAGE][PASSED] - Call Test Case 'Test Cases/Reusable_Test_Sequences/Web_Office/Navigation/Sub_Menu_Navigation/Settings/Web_Office/Case_Actions' successfully

2020-04-17 16:12:57 - [TEST_STEP][PASSED] - "--------------------------------------": null

2020-04-17 16:12:57 - [TEST_STEP][PASSED] - " Verify Returned Page Detail          |": null

2020-04-17 16:12:57 - [TEST_STEP][PASSED] - callTestCase(findTestCase("Reusable_Test_Sequences/Web_Office/Verification/Settings/Web_Office/Case_Actions"), [:], OPTIONAL): Call Test Case 'Test Cases/Reusable_Test_Sequences/Web_Office/Verification/Settings/Web_Office/Case_Actions' successfully

2020-04-17 16:12:57 - [TEST_CASE][PASSED] - Test Cases/Reusable_Test_Sequences/Web_Office/Verification/Settings/Web_Office/Case_Actions: Test Cases/Reusable_Test_Sequences/Web_Office/Verification/Settings/Web_Office/Case_Actions

2020-04-17 16:12:57 - [TEST_STEP][PASSED] - waitForPageLoad(60): Wait for page load successfully

2020-04-17 16:12:57 - [MESSAGE][PASSED] - Wait for page load successfully

2020-04-17 16:12:57 - [TEST_STEP][PASSED] - delay(1): Delayed 1 second(s)

2020-04-17 16:12:58 - [MESSAGE][PASSED] - Delayed 1 second(s)

2020-04-17 16:12:58 - [TEST_STEP][PASSED] - verifyTextPresent("Case Actions", false): Text 'Case Actions' is present on page 

2020-04-17 16:12:59 - [MESSAGE][PASSED] - Text 'Case Actions' is present on page 

2020-04-17 16:12:59 - [TEST_STEP][PASSED] - "----------------------------------------------": null

2020-04-17 16:12:59 - [TEST_STEP][PASSED] - verifyTextPresent("Group", false): Text 'Group' is present on page 

2020-04-17 16:12:59 - [MESSAGE][PASSED] - Text 'Group' is present on page 

2020-04-17 16:12:59 - [TEST_STEP][PASSED] - verifyTextPresent("Case Actions", false): Text 'Case Actions' is present on page 

2020-04-17 16:13:00 - [MESSAGE][PASSED] - Text 'Case Actions' is present on page 

2020-04-17 16:13:00 - [TEST_STEP][PASSED] - verifyTextPresent("Description", false): Text 'Description' is present on page 

2020-04-17 16:13:00 - [MESSAGE][PASSED] - Text 'Description' is present on page 

2020-04-17 16:13:00 - [TEST_STEP][PASSED] - "----------------------------------------------": null

2020-04-17 16:13:00 - [TEST_STEP][PASSED] - verifyTextPresent("Automatic Tasks", false): Text 'Automatic Tasks' is present on page 

2020-04-17 16:13:01 - [MESSAGE][PASSED] - Text 'Automatic Tasks' is present on page 

2020-04-17 16:13:01 - [TEST_STEP][PASSED] - verifyTextPresent("Accreditation Expired", false): Text 'Accreditation Expired' is present on page 

2020-04-17 16:13:02 - [MESSAGE][PASSED] - Text 'Accreditation Expired' is present on page 

2020-04-17 16:13:02 - [TEST_STEP][PASSED] - verifyTextPresent("Accreditation Expiring", false): Text 'Accreditation Expiring' is present on page 

2020-04-17 16:13:03 - [MESSAGE][PASSED] - Text 'Accreditation Expiring' is present on page 

2020-04-17 16:13:03 - [TEST_STEP][PASSED] - verifyTextPresent("Automatically closed", false): Text 'Automatically closed' is present on page 

2020-04-17 16:13:04 - [MESSAGE][PASSED] - Text 'Automatically closed' is present on page 

2020-04-17 16:13:04 - [TEST_STEP][PASSED] - verifyTextPresent("Sufficient interest for a first edition of a directory", false): Text 'Sufficient interest for a first edition of a directory' is present on page 

2020-04-17 16:13:04 - [MESSAGE][PASSED] - Text 'Sufficient interest for a first edition of a directory' is present on page 

2020-04-17 16:13:04 - [TEST_STEP][PASSED] - verifyTextPresent("Automatic notification of accreditation expiry", false): Text 'Automatic notification of accreditation expiry' is present on page 

2020-04-17 16:13:05 - [MESSAGE][PASSED] - Text 'Automatic notification of accreditation expiry' is present on page 

2020-04-17 16:13:05 - [TEST_STEP][PASSED] - verifyTextPresent("Directory Sales - Call company", false): Text 'Directory Sales - Call company' is present on page 

2020-04-17 16:13:06 - [MESSAGE][PASSED] - Text 'Directory Sales - Call company' is present on page 

2020-04-17 16:13:06 - [TEST_STEP][PASSED] - verifyTextPresent("Collect References", false): Text 'Collect References' is present on page 

2020-04-17 16:13:07 - [MESSAGE][PASSED] - Text 'Collect References' is present on page 

2020-04-17 16:13:07 - [TEST_STEP][PASSED] - verifyTextPresent("Check for duplicates", false): Text 'Check for duplicates' is present on page 

2020-04-17 16:13:07 - [MESSAGE][PASSED] - Text 'Check for duplicates' is present on page 

2020-04-17 16:13:07 - [TEST_STEP][PASSED] - verifyTextPresent("Insufficient References", false): Text 'Insufficient References' is present on page 

2020-04-17 16:13:08 - [MESSAGE][PASSED] - Text 'Insufficient References' is present on page 

2020-04-17 16:13:08 - [MESSAGE][PASSED] - Call Test Case 'Test Cases/Reusable_Test_Sequences/Web_Office/Verification/Settings/Web_Office/Case_Actions' successfully

2020-04-17 16:13:08 - [TEST_STEP][PASSED] - "--------------------------": null

2020-04-17 16:13:08 - [TEST_STEP][PASSED] - " Teardown - CLose Browser |": null

2020-04-17 16:13:08 - [TEST_STEP][PASSED] - callTestCase(findTestCase("Reusable_Test_Sequences/CAT_Teardown"), [:], OPTIONAL): Call Test Case 'Test Cases/Reusable_Test_Sequences/CAT_Teardown' successfully

2020-04-17 16:13:08 - [TEST_CASE][PASSED] - Test Cases/Reusable_Test_Sequences/CAT_Teardown: Test Cases/Reusable_Test_Sequences/CAT_Teardown

2020-04-17 16:13:08 - [TEST_STEP][PASSED] - closeBrowser(): Browser is closed

2020-04-17 16:13:08 - [MESSAGE][PASSED] - Browser is closed

2020-04-17 16:13:08 - [TEST_STEP][PASSED] - super.finalize(): null

2020-04-17 16:13:08 - [TEST_STEP][PASSED] - System.gc(): null

2020-04-17 16:13:08 - [MESSAGE][PASSED] - Call Test Case 'Test Cases/Reusable_Test_Sequences/CAT_Teardown' successfully]]></system-out>
         <system-err><![CDATA[]]></system-err>
      </testcase>
      <testcase name="Test Cases/Web_Office/Settings/Web_Office/Case_Reassignment" time="21.623" classname="Test Cases/Web_Office/Settings/Web_Office/Case_Reassignment" status="PASSED">
         <system-out><![CDATA[2020-04-17 16:13:08 - [TEST_CASE][PASSED] - Test Cases/Web_Office/Settings/Web_Office/Case_Reassignment: Test Cases/Web_Office/Settings/Web_Office/Case_Reassignment

2020-04-17 16:13:09 - [TEST_STEP][PASSED] - "--------------------------------------": null

2020-04-17 16:13:09 - [TEST_STEP][PASSED] - " Web Office StartUp                  |": null

2020-04-17 16:13:09 - [TEST_STEP][PASSED] - callTestCase(findTestCase("Reusable_Test_Sequences/Web_Office/Directives/WebOffice_StartUp"), [:], STOP_ON_FAILURE): Call Test Case 'Test Cases/Reusable_Test_Sequences/Web_Office/Directives/WebOffice_StartUp' successfully

2020-04-17 16:13:09 - [TEST_CASE][PASSED] - Test Cases/Reusable_Test_Sequences/Web_Office/Directives/WebOffice_StartUp: Test Cases/Reusable_Test_Sequences/Web_Office/Directives/WebOffice_StartUp

2020-04-17 16:13:09 - [TEST_STEP][PASSED] - "-----------------------------------------------------------------------------": null

2020-04-17 16:13:09 - [TEST_STEP][PASSED] - if (URL == "https://www.dev.checkatrade.com/"): null

2020-04-17 16:13:09 - [TEST_STEP][PASSED] - "-----------------------------------------------------------------------------": null

2020-04-17 16:13:09 - [TEST_STEP][PASSED] - if (URL == "https://www.checkatrade.com/"): null

2020-04-17 16:13:09 - [TEST_STEP][PASSED] - "-----------------------------------------------------------------------------": null

2020-04-17 16:13:09 - [TEST_STEP][PASSED] - if (URL == "https://www.preview.checkatrade.com/"): null

2020-04-17 16:13:09 - [TEST_STEP][PASSED] - WebOfficeURL = "https://admin.preview.checkatrade.com/": null

2020-04-17 16:13:09 - [TEST_STEP][PASSED] - if (URL == "https://www.dev2.checkatrade.com/"): null

2020-04-17 16:13:09 - [TEST_STEP][PASSED] - "Set Function Area for "URL_Handler", URL Resolution": null

2020-04-17 16:13:09 - [TEST_STEP][PASSED] - "Do Some Magic with URL(s) See the comments within URL Handler ": null

2020-04-17 16:13:09 - [TEST_STEP][PASSED] - "------------------------------------------------": null

2020-04-17 16:13:09 - [TEST_STEP][PASSED] - "Moved Login Credentials to <Default> profile 22/01/2020": null

2020-04-17 16:13:09 - [TEST_STEP][PASSED] - "------------------------------------------------": null

2020-04-17 16:13:09 - [TEST_STEP][PASSED] - "WebOfficeURL - Set from the ENVIRONMENT PROFILE ": null

2020-04-17 16:13:09 - [TEST_STEP][PASSED] - "OPEN BROWSER": null

2020-04-17 16:13:09 - [TEST_STEP][PASSED] - "eg - https://admin.preview.checkatrade.com/  ": null

2020-04-17 16:13:09 - [TEST_STEP][PASSED] - openBrowser(WebOfficeURL): Browser is opened with url: 'https://admin.preview.checkatrade.com/'

2020-04-17 16:13:09 - [MESSAGE][INFO] - Starting 'Chrome' driver

2020-04-17 16:13:09 - [MESSAGE][INFO] - Action delay is set to 0 milliseconds

2020-04-17 16:13:15 - [MESSAGE][PASSED] - Browser is opened with url: 'https://admin.preview.checkatrade.com/'

2020-04-17 16:13:15 - [TEST_STEP][PASSED] - maximizeWindow(): Current window maximized

2020-04-17 16:13:17 - [MESSAGE][PASSED] - Current window maximized

2020-04-17 16:13:17 - [TEST_STEP][PASSED] - waitForElementClickable(findTestObject("Object Repository/WebOffice/Page_Checkatrade - Administration - Login/Login_Button"), 25): Object 'Object Repository/WebOffice/Page_Checkatrade - Administration - Login/Login_Button' is clickable

2020-04-17 16:13:17 - [MESSAGE][PASSED] - Object 'Object Repository/WebOffice/Page_Checkatrade - Administration - Login/Login_Button' is clickable

2020-04-17 16:13:17 - [TEST_STEP][PASSED] - verifyTextPresent("Checkatrade Web Office", false): Text 'Checkatrade Web Office' is present on page 

2020-04-17 16:13:17 - [MESSAGE][PASSED] - Text 'Checkatrade Web Office' is present on page 

2020-04-17 16:13:17 - [TEST_STEP][PASSED] - verifyTextPresent("Access for staff use only", false): Text 'Access for staff use only' is present on page 

2020-04-17 16:13:17 - [MESSAGE][PASSED] - Text 'Access for staff use only' is present on page 

2020-04-17 16:13:17 - [TEST_STEP][PASSED] - verifyTextPresent("Forgotten password?", false): Text 'Forgotten password?' is present on page 

2020-04-17 16:13:17 - [MESSAGE][PASSED] - Text 'Forgotten password?' is present on page 

2020-04-17 16:13:17 - [TEST_STEP][PASSED] - setText(findTestObject("Object Repository/WebOffice/Page_Checkatrade - Administration - Login/input_Username_LoginControlUserName"), wo_Username): Text 'DavidHo' is set on object 'Object Repository/WebOffice/Page_Checkatrade - Administration - Login/input_Username_LoginControlUserName'

2020-04-17 16:13:18 - [MESSAGE][PASSED] - Text 'DavidHo' is set on object 'Object Repository/WebOffice/Page_Checkatrade - Administration - Login/input_Username_LoginControlUserName'

2020-04-17 16:13:18 - [TEST_STEP][PASSED] - setText(findTestObject("Object Repository/WebOffice/Page_Checkatrade - Administration - Login/input_Password_LoginControlPassword"), wo_Password): Text 'Check123' is set on object 'Object Repository/WebOffice/Page_Checkatrade - Administration - Login/input_Password_LoginControlPassword'

2020-04-17 16:13:18 - [MESSAGE][PASSED] - Text 'Check123' is set on object 'Object Repository/WebOffice/Page_Checkatrade - Administration - Login/input_Password_LoginControlPassword'

2020-04-17 16:13:18 - [TEST_STEP][PASSED] - click(findTestObject("Object Repository/WebOffice/Page_Checkatrade - Administration - Login/Login_Button")): Object: 'Object Repository/WebOffice/Page_Checkatrade - Administration - Login/Login_Button' is clicked on

2020-04-17 16:13:19 - [MESSAGE][PASSED] - Object: 'Object Repository/WebOffice/Page_Checkatrade - Administration - Login/Login_Button' is clicked on

2020-04-17 16:13:19 - [TEST_STEP][PASSED] - waitForPageLoad(60): Wait for page load successfully

2020-04-17 16:13:19 - [MESSAGE][PASSED] - Wait for page load successfully

2020-04-17 16:13:19 - [TEST_STEP][PASSED] - verifyTextPresent("Welcome " + wo_Username, false): Text 'Welcome DavidHo' is present on page 

2020-04-17 16:13:20 - [MESSAGE][PASSED] - Text 'Welcome DavidHo' is present on page 

2020-04-17 16:13:20 - [MESSAGE][PASSED] - Call Test Case 'Test Cases/Reusable_Test_Sequences/Web_Office/Directives/WebOffice_StartUp' successfully

2020-04-17 16:13:20 - [TEST_STEP][PASSED] - "-----------------------------------------------------------------": null

2020-04-17 16:13:20 - [TEST_STEP][PASSED] - " Navigate to <Settings->Checkatrade.Com->Sub Item> Menu Item     |": null

2020-04-17 16:13:20 - [TEST_STEP][PASSED] - callTestCase(findTestCase("Reusable_Test_Sequences/Web_Office/Navigation/Sub_Menu_Navigation/Settings/Web_Office/Case_Reassignment"), [:], STOP_ON_FAILURE): Call Test Case 'Test Cases/Reusable_Test_Sequences/Web_Office/Navigation/Sub_Menu_Navigation/Settings/Web_Office/Case_Reassignment' successfully

2020-04-17 16:13:20 - [TEST_CASE][PASSED] - Test Cases/Reusable_Test_Sequences/Web_Office/Navigation/Sub_Menu_Navigation/Settings/Web_Office/Case_Reassignment: Test Cases/Reusable_Test_Sequences/Web_Office/Navigation/Sub_Menu_Navigation/Settings/Web_Office/Case_Reassignment

2020-04-17 16:13:20 - [TEST_STEP][PASSED] - "--------------------------------------": null

2020-04-17 16:13:20 - [TEST_STEP][PASSED] - " Navigate Top level menu Item         |": null

2020-04-17 16:13:20 - [TEST_STEP][PASSED] - waitForPageLoad(60): Wait for page load successfully

2020-04-17 16:13:20 - [MESSAGE][PASSED] - Wait for page load successfully

2020-04-17 16:13:20 - [TEST_STEP][PASSED] - waitForElementClickable(findTestObject("Object Repository/WebOffice_Home_page/a_Settings"), 60): Object 'Object Repository/WebOffice_Home_page/a_Settings' is clickable

2020-04-17 16:13:20 - [MESSAGE][PASSED] - Object 'Object Repository/WebOffice_Home_page/a_Settings' is clickable

2020-04-17 16:13:20 - [TEST_STEP][PASSED] - mouseOver(findTestObject("Object Repository/WebOffice_Home_page/a_Settings")): Object: 'Object Repository/WebOffice_Home_page/a_Settings' is hovered

2020-04-17 16:13:20 - [MESSAGE][PASSED] - Object: 'Object Repository/WebOffice_Home_page/a_Settings' is hovered

2020-04-17 16:13:20 - [TEST_STEP][PASSED] - mouseOver(findTestObject("Object Repository/WebOffice_Home_page/a_Web Office")): Object: 'Object Repository/WebOffice_Home_page/a_Web Office' is hovered

2020-04-17 16:13:21 - [MESSAGE][PASSED] - Object: 'Object Repository/WebOffice_Home_page/a_Web Office' is hovered

2020-04-17 16:13:21 - [TEST_STEP][PASSED] - waitForElementClickable(findTestObject("Object Repository/WebOffice_Home_page/a_Case Reassignment"), 1): Object 'Object Repository/WebOffice_Home_page/a_Case Reassignment' is clickable

2020-04-17 16:13:21 - [MESSAGE][PASSED] - Object 'Object Repository/WebOffice_Home_page/a_Case Reassignment' is clickable

2020-04-17 16:13:21 - [TEST_STEP][PASSED] - click(findTestObject("Object Repository/WebOffice_Home_page/a_Case Reassignment")): Object: 'Object Repository/WebOffice_Home_page/a_Case Reassignment' is clicked on

2020-04-17 16:13:22 - [MESSAGE][PASSED] - Object: 'Object Repository/WebOffice_Home_page/a_Case Reassignment' is clicked on

2020-04-17 16:13:22 - [MESSAGE][PASSED] - Call Test Case 'Test Cases/Reusable_Test_Sequences/Web_Office/Navigation/Sub_Menu_Navigation/Settings/Web_Office/Case_Reassignment' successfully

2020-04-17 16:13:22 - [TEST_STEP][PASSED] - "--------------------------------------": null

2020-04-17 16:13:22 - [TEST_STEP][PASSED] - " Verify Returned Page Detail          |": null

2020-04-17 16:13:22 - [TEST_STEP][PASSED] - callTestCase(findTestCase("Reusable_Test_Sequences/Web_Office/Verification/Settings/Web_Office/Case_Reassignment"), [:], OPTIONAL): Call Test Case 'Test Cases/Reusable_Test_Sequences/Web_Office/Verification/Settings/Web_Office/Case_Reassignment' successfully

2020-04-17 16:13:22 - [TEST_CASE][PASSED] - Test Cases/Reusable_Test_Sequences/Web_Office/Verification/Settings/Web_Office/Case_Reassignment: Test Cases/Reusable_Test_Sequences/Web_Office/Verification/Settings/Web_Office/Case_Reassignment

2020-04-17 16:13:22 - [TEST_STEP][PASSED] - waitForPageLoad(60): Wait for page load successfully

2020-04-17 16:13:22 - [MESSAGE][PASSED] - Wait for page load successfully

2020-04-17 16:13:22 - [TEST_STEP][PASSED] - delay(1): Delayed 1 second(s)

2020-04-17 16:13:23 - [MESSAGE][PASSED] - Delayed 1 second(s)

2020-04-17 16:13:23 - [TEST_STEP][PASSED] - verifyTextPresent("Configure Case Reassignment by Task Type", false): Text 'Configure Case Reassignment by Task Type' is present on page 

2020-04-17 16:13:24 - [MESSAGE][PASSED] - Text 'Configure Case Reassignment by Task Type' is present on page 

2020-04-17 16:13:24 - [TEST_STEP][PASSED] - "----------------------------------------------": null

2020-04-17 16:13:24 - [TEST_STEP][PASSED] - verifyTextPresent("Task Type", false): Text 'Task Type' is present on page 

2020-04-17 16:13:24 - [MESSAGE][PASSED] - Text 'Task Type' is present on page 

2020-04-17 16:13:24 - [TEST_STEP][PASSED] - verifyTextPresent("Task Group", false): Text 'Task Group' is present on page 

2020-04-17 16:13:25 - [MESSAGE][PASSED] - Text 'Task Group' is present on page 

2020-04-17 16:13:25 - [TEST_STEP][PASSED] - verifyTextPresent("Description", false): Text 'Description' is present on page 

2020-04-17 16:13:25 - [MESSAGE][PASSED] - Text 'Description' is present on page 

2020-04-17 16:13:25 - [TEST_STEP][PASSED] - verifyTextPresent("Permit Case Reassignment", false): Text 'Permit Case Reassignment' is present on page 

2020-04-17 16:13:26 - [MESSAGE][PASSED] - Text 'Permit Case Reassignment' is present on page 

2020-04-17 16:13:26 - [TEST_STEP][PASSED] - "----------------------------------------------": null

2020-04-17 16:13:26 - [TEST_STEP][PASSED] - verifyTextPresent("Courtesy Call", false): Text 'Courtesy Call' is present on page 

2020-04-17 16:13:26 - [MESSAGE][PASSED] - Text 'Courtesy Call' is present on page 

2020-04-17 16:13:26 - [TEST_STEP][PASSED] - verifyTextPresent("Categories", false): Text 'Categories' is present on page 

2020-04-17 16:13:27 - [MESSAGE][PASSED] - Text 'Categories' is present on page 

2020-04-17 16:13:27 - [TEST_STEP][PASSED] - verifyTextPresent("Cancellation", false): Text 'Cancellation' is present on page 

2020-04-17 16:13:28 - [MESSAGE][PASSED] - Text 'Cancellation' is present on page 

2020-04-17 16:13:28 - [TEST_STEP][PASSED] - verifyTextPresent("Automated case for general inquries", false): Text 'Automated case for general inquries' is present on page 

2020-04-17 16:13:28 - [MESSAGE][PASSED] - Text 'Automated case for general inquries' is present on page 

2020-04-17 16:13:28 - [TEST_STEP][PASSED] - verifyTextPresent("90 day courtesy call is due", false): Text '90 day courtesy call is due' is present on page 

2020-04-17 16:13:28 - [MESSAGE][PASSED] - Text '90 day courtesy call is due' is present on page 

2020-04-17 16:13:28 - [TEST_STEP][PASSED] - verifyTextPresent("true", false): Text 'true' is present on page 

2020-04-17 16:13:29 - [MESSAGE][PASSED] - Text 'true' is present on page 

2020-04-17 16:13:29 - [TEST_STEP][PASSED] - verifyTextPresent("false", false): Text 'false' is present on page 

2020-04-17 16:13:29 - [MESSAGE][PASSED] - Text 'false' is present on page 

2020-04-17 16:13:29 - [MESSAGE][PASSED] - Call Test Case 'Test Cases/Reusable_Test_Sequences/Web_Office/Verification/Settings/Web_Office/Case_Reassignment' successfully

2020-04-17 16:13:29 - [TEST_STEP][PASSED] - "--------------------------": null

2020-04-17 16:13:29 - [TEST_STEP][PASSED] - " Teardown - CLose Browser |": null

2020-04-17 16:13:29 - [TEST_STEP][PASSED] - callTestCase(findTestCase("Reusable_Test_Sequences/CAT_Teardown"), [:], OPTIONAL): Call Test Case 'Test Cases/Reusable_Test_Sequences/CAT_Teardown' successfully

2020-04-17 16:13:29 - [TEST_CASE][PASSED] - Test Cases/Reusable_Test_Sequences/CAT_Teardown: Test Cases/Reusable_Test_Sequences/CAT_Teardown

2020-04-17 16:13:29 - [TEST_STEP][PASSED] - closeBrowser(): Browser is closed

2020-04-17 16:13:30 - [MESSAGE][PASSED] - Browser is closed

2020-04-17 16:13:30 - [TEST_STEP][PASSED] - super.finalize(): null

2020-04-17 16:13:30 - [TEST_STEP][PASSED] - System.gc(): null

2020-04-17 16:13:30 - [MESSAGE][PASSED] - Call Test Case 'Test Cases/Reusable_Test_Sequences/CAT_Teardown' successfully]]></system-out>
         <system-err><![CDATA[]]></system-err>
      </testcase>
      <testcase name="Test Cases/Web_Office/Settings/Web_Office/Case_Subjects" time="17.741" classname="Test Cases/Web_Office/Settings/Web_Office/Case_Subjects" status="PASSED">
         <system-out><![CDATA[2020-04-17 16:13:30 - [TEST_CASE][PASSED] - Test Cases/Web_Office/Settings/Web_Office/Case_Subjects: Test Cases/Web_Office/Settings/Web_Office/Case_Subjects

2020-04-17 16:13:30 - [TEST_STEP][PASSED] - "--------------------------------------": null

2020-04-17 16:13:30 - [TEST_STEP][PASSED] - " Web Office StartUp                  |": null

2020-04-17 16:13:30 - [TEST_STEP][PASSED] - callTestCase(findTestCase("Reusable_Test_Sequences/Web_Office/Directives/WebOffice_StartUp"), [:], STOP_ON_FAILURE): Call Test Case 'Test Cases/Reusable_Test_Sequences/Web_Office/Directives/WebOffice_StartUp' successfully

2020-04-17 16:13:30 - [TEST_CASE][PASSED] - Test Cases/Reusable_Test_Sequences/Web_Office/Directives/WebOffice_StartUp: Test Cases/Reusable_Test_Sequences/Web_Office/Directives/WebOffice_StartUp

2020-04-17 16:13:31 - [TEST_STEP][PASSED] - "-----------------------------------------------------------------------------": null

2020-04-17 16:13:31 - [TEST_STEP][PASSED] - if (URL == "https://www.dev.checkatrade.com/"): null

2020-04-17 16:13:31 - [TEST_STEP][PASSED] - "-----------------------------------------------------------------------------": null

2020-04-17 16:13:31 - [TEST_STEP][PASSED] - if (URL == "https://www.checkatrade.com/"): null

2020-04-17 16:13:31 - [TEST_STEP][PASSED] - "-----------------------------------------------------------------------------": null

2020-04-17 16:13:31 - [TEST_STEP][PASSED] - if (URL == "https://www.preview.checkatrade.com/"): null

2020-04-17 16:13:31 - [TEST_STEP][PASSED] - WebOfficeURL = "https://admin.preview.checkatrade.com/": null

2020-04-17 16:13:31 - [TEST_STEP][PASSED] - if (URL == "https://www.dev2.checkatrade.com/"): null

2020-04-17 16:13:31 - [TEST_STEP][PASSED] - "Set Function Area for "URL_Handler", URL Resolution": null

2020-04-17 16:13:31 - [TEST_STEP][PASSED] - "Do Some Magic with URL(s) See the comments within URL Handler ": null

2020-04-17 16:13:31 - [TEST_STEP][PASSED] - "------------------------------------------------": null

2020-04-17 16:13:31 - [TEST_STEP][PASSED] - "Moved Login Credentials to <Default> profile 22/01/2020": null

2020-04-17 16:13:31 - [TEST_STEP][PASSED] - "------------------------------------------------": null

2020-04-17 16:13:31 - [TEST_STEP][PASSED] - "WebOfficeURL - Set from the ENVIRONMENT PROFILE ": null

2020-04-17 16:13:31 - [TEST_STEP][PASSED] - "OPEN BROWSER": null

2020-04-17 16:13:31 - [TEST_STEP][PASSED] - "eg - https://admin.preview.checkatrade.com/  ": null

2020-04-17 16:13:31 - [TEST_STEP][PASSED] - openBrowser(WebOfficeURL): Browser is opened with url: 'https://admin.preview.checkatrade.com/'

2020-04-17 16:13:31 - [MESSAGE][INFO] - Starting 'Chrome' driver

2020-04-17 16:13:31 - [MESSAGE][INFO] - Action delay is set to 0 milliseconds

2020-04-17 16:13:36 - [MESSAGE][PASSED] - Browser is opened with url: 'https://admin.preview.checkatrade.com/'

2020-04-17 16:13:36 - [TEST_STEP][PASSED] - maximizeWindow(): Current window maximized

2020-04-17 16:13:38 - [MESSAGE][PASSED] - Current window maximized

2020-04-17 16:13:38 - [TEST_STEP][PASSED] - waitForElementClickable(findTestObject("Object Repository/WebOffice/Page_Checkatrade - Administration - Login/Login_Button"), 25): Object 'Object Repository/WebOffice/Page_Checkatrade - Administration - Login/Login_Button' is clickable

2020-04-17 16:13:38 - [MESSAGE][PASSED] - Object 'Object Repository/WebOffice/Page_Checkatrade - Administration - Login/Login_Button' is clickable

2020-04-17 16:13:38 - [TEST_STEP][PASSED] - verifyTextPresent("Checkatrade Web Office", false): Text 'Checkatrade Web Office' is present on page 

2020-04-17 16:13:38 - [MESSAGE][PASSED] - Text 'Checkatrade Web Office' is present on page 

2020-04-17 16:13:38 - [TEST_STEP][PASSED] - verifyTextPresent("Access for staff use only", false): Text 'Access for staff use only' is present on page 

2020-04-17 16:13:38 - [MESSAGE][PASSED] - Text 'Access for staff use only' is present on page 

2020-04-17 16:13:38 - [TEST_STEP][PASSED] - verifyTextPresent("Forgotten password?", false): Text 'Forgotten password?' is present on page 

2020-04-17 16:13:38 - [MESSAGE][PASSED] - Text 'Forgotten password?' is present on page 

2020-04-17 16:13:38 - [TEST_STEP][PASSED] - setText(findTestObject("Object Repository/WebOffice/Page_Checkatrade - Administration - Login/input_Username_LoginControlUserName"), wo_Username): Text 'DavidHo' is set on object 'Object Repository/WebOffice/Page_Checkatrade - Administration - Login/input_Username_LoginControlUserName'

2020-04-17 16:13:38 - [MESSAGE][PASSED] - Text 'DavidHo' is set on object 'Object Repository/WebOffice/Page_Checkatrade - Administration - Login/input_Username_LoginControlUserName'

2020-04-17 16:13:38 - [TEST_STEP][PASSED] - setText(findTestObject("Object Repository/WebOffice/Page_Checkatrade - Administration - Login/input_Password_LoginControlPassword"), wo_Password): Text 'Check123' is set on object 'Object Repository/WebOffice/Page_Checkatrade - Administration - Login/input_Password_LoginControlPassword'

2020-04-17 16:13:38 - [MESSAGE][PASSED] - Text 'Check123' is set on object 'Object Repository/WebOffice/Page_Checkatrade - Administration - Login/input_Password_LoginControlPassword'

2020-04-17 16:13:38 - [TEST_STEP][PASSED] - click(findTestObject("Object Repository/WebOffice/Page_Checkatrade - Administration - Login/Login_Button")): Object: 'Object Repository/WebOffice/Page_Checkatrade - Administration - Login/Login_Button' is clicked on

2020-04-17 16:13:39 - [MESSAGE][PASSED] - Object: 'Object Repository/WebOffice/Page_Checkatrade - Administration - Login/Login_Button' is clicked on

2020-04-17 16:13:39 - [TEST_STEP][PASSED] - waitForPageLoad(60): Wait for page load successfully

2020-04-17 16:13:39 - [MESSAGE][PASSED] - Wait for page load successfully

2020-04-17 16:13:39 - [TEST_STEP][PASSED] - verifyTextPresent("Welcome " + wo_Username, false): Text 'Welcome DavidHo' is present on page 

2020-04-17 16:13:40 - [MESSAGE][PASSED] - Text 'Welcome DavidHo' is present on page 

2020-04-17 16:13:40 - [MESSAGE][PASSED] - Call Test Case 'Test Cases/Reusable_Test_Sequences/Web_Office/Directives/WebOffice_StartUp' successfully

2020-04-17 16:13:40 - [TEST_STEP][PASSED] - "-----------------------------------------------------------------": null

2020-04-17 16:13:40 - [TEST_STEP][PASSED] - " Navigate to <Settings->Checkatrade.Com->Sub Item> Menu Item     |": null

2020-04-17 16:13:40 - [TEST_STEP][PASSED] - callTestCase(findTestCase("Reusable_Test_Sequences/Web_Office/Navigation/Sub_Menu_Navigation/Settings/Web_Office/Case_Subjects"), [:], STOP_ON_FAILURE): Call Test Case 'Test Cases/Reusable_Test_Sequences/Web_Office/Navigation/Sub_Menu_Navigation/Settings/Web_Office/Case_Subjects' successfully

2020-04-17 16:13:40 - [TEST_CASE][PASSED] - Test Cases/Reusable_Test_Sequences/Web_Office/Navigation/Sub_Menu_Navigation/Settings/Web_Office/Case_Subjects: Test Cases/Reusable_Test_Sequences/Web_Office/Navigation/Sub_Menu_Navigation/Settings/Web_Office/Case_Subjects

2020-04-17 16:13:40 - [TEST_STEP][PASSED] - "--------------------------------------": null

2020-04-17 16:13:40 - [TEST_STEP][PASSED] - " Navigate Top level menu Item         |": null

2020-04-17 16:13:40 - [TEST_STEP][PASSED] - waitForPageLoad(60): Wait for page load successfully

2020-04-17 16:13:40 - [MESSAGE][PASSED] - Wait for page load successfully

2020-04-17 16:13:40 - [TEST_STEP][PASSED] - waitForElementClickable(findTestObject("Object Repository/WebOffice_Home_page/a_Settings"), 60): Object 'Object Repository/WebOffice_Home_page/a_Settings' is clickable

2020-04-17 16:13:40 - [MESSAGE][PASSED] - Object 'Object Repository/WebOffice_Home_page/a_Settings' is clickable

2020-04-17 16:13:40 - [TEST_STEP][PASSED] - mouseOver(findTestObject("Object Repository/WebOffice_Home_page/a_Settings")): Object: 'Object Repository/WebOffice_Home_page/a_Settings' is hovered

2020-04-17 16:13:40 - [MESSAGE][PASSED] - Object: 'Object Repository/WebOffice_Home_page/a_Settings' is hovered

2020-04-17 16:13:40 - [TEST_STEP][PASSED] - mouseOver(findTestObject("Object Repository/WebOffice_Home_page/a_Web Office")): Object: 'Object Repository/WebOffice_Home_page/a_Web Office' is hovered

2020-04-17 16:13:41 - [MESSAGE][PASSED] - Object: 'Object Repository/WebOffice_Home_page/a_Web Office' is hovered

2020-04-17 16:13:41 - [TEST_STEP][PASSED] - waitForElementClickable(findTestObject("Object Repository/WebOffice_Home_page/a_Case Subjects"), 1): Object 'Object Repository/WebOffice_Home_page/a_Case Subjects' is clickable

2020-04-17 16:13:41 - [MESSAGE][PASSED] - Object 'Object Repository/WebOffice_Home_page/a_Case Subjects' is clickable

2020-04-17 16:13:41 - [TEST_STEP][PASSED] - click(findTestObject("Object Repository/WebOffice_Home_page/a_Case Subjects")): Object: 'Object Repository/WebOffice_Home_page/a_Case Subjects' is clicked on

2020-04-17 16:13:41 - [MESSAGE][PASSED] - Object: 'Object Repository/WebOffice_Home_page/a_Case Subjects' is clicked on

2020-04-17 16:13:41 - [MESSAGE][PASSED] - Call Test Case 'Test Cases/Reusable_Test_Sequences/Web_Office/Navigation/Sub_Menu_Navigation/Settings/Web_Office/Case_Subjects' successfully

2020-04-17 16:13:41 - [TEST_STEP][PASSED] - "--------------------------------------": null

2020-04-17 16:13:41 - [TEST_STEP][PASSED] - " Verify Returned Page Detail          |": null

2020-04-17 16:13:41 - [TEST_STEP][PASSED] - callTestCase(findTestCase("Reusable_Test_Sequences/Web_Office/Verification/Settings/Web_Office/Case_Subjects"), [:], OPTIONAL): Call Test Case 'Test Cases/Reusable_Test_Sequences/Web_Office/Verification/Settings/Web_Office/Case_Subjects' successfully

2020-04-17 16:13:41 - [TEST_CASE][PASSED] - Test Cases/Reusable_Test_Sequences/Web_Office/Verification/Settings/Web_Office/Case_Subjects: Test Cases/Reusable_Test_Sequences/Web_Office/Verification/Settings/Web_Office/Case_Subjects

2020-04-17 16:13:42 - [TEST_STEP][PASSED] - waitForPageLoad(60): Wait for page load successfully

2020-04-17 16:13:42 - [MESSAGE][PASSED] - Wait for page load successfully

2020-04-17 16:13:42 - [TEST_STEP][PASSED] - delay(1): Delayed 1 second(s)

2020-04-17 16:13:43 - [MESSAGE][PASSED] - Delayed 1 second(s)

2020-04-17 16:13:43 - [TEST_STEP][PASSED] - verifyTextPresent("Case Subjects", false): Text 'Case Subjects' is present on page 

2020-04-17 16:13:43 - [MESSAGE][PASSED] - Text 'Case Subjects' is present on page 

2020-04-17 16:13:43 - [TEST_STEP][PASSED] - "----------------------------------------------": null

2020-04-17 16:13:43 - [TEST_STEP][PASSED] - verifyTextPresent("Case Subject", false): Text 'Case Subject' is present on page 

2020-04-17 16:13:43 - [MESSAGE][PASSED] - Text 'Case Subject' is present on page 

2020-04-17 16:13:43 - [TEST_STEP][PASSED] - verifyTextPresent("Group", false): Text 'Group' is present on page 

2020-04-17 16:13:44 - [MESSAGE][PASSED] - Text 'Group' is present on page 

2020-04-17 16:13:44 - [TEST_STEP][PASSED] - verifyTextPresent("Description", false): Text 'Description' is present on page 

2020-04-17 16:13:44 - [MESSAGE][PASSED] - Text 'Description' is present on page 

2020-04-17 16:13:44 - [TEST_STEP][PASSED] - "----------------------------------------------": null

2020-04-17 16:13:44 - [TEST_STEP][PASSED] - verifyTextPresent("Advertising", false): Text 'Advertising' is present on page 

2020-04-17 16:13:44 - [MESSAGE][PASSED] - Text 'Advertising' is present on page 

2020-04-17 16:13:44 - [TEST_STEP][PASSED] - verifyTextPresent("Appointment", false): Text 'Appointment' is present on page 

2020-04-17 16:13:44 - [MESSAGE][PASSED] - Text 'Appointment' is present on page 

2020-04-17 16:13:44 - [TEST_STEP][PASSED] - verifyTextPresent("Cancellation", false): Text 'Cancellation' is present on page 

2020-04-17 16:13:45 - [MESSAGE][PASSED] - Text 'Cancellation' is present on page 

2020-04-17 16:13:45 - [TEST_STEP][PASSED] - verifyTextPresent("Admin", false): Text 'Admin' is present on page 

2020-04-17 16:13:45 - [MESSAGE][PASSED] - Text 'Admin' is present on page 

2020-04-17 16:13:45 - [TEST_STEP][PASSED] - verifyTextPresent("Finance", false): Text 'Finance' is present on page 

2020-04-17 16:13:45 - [MESSAGE][PASSED] - Text 'Finance' is present on page 

2020-04-17 16:13:45 - [TEST_STEP][PASSED] - verifyTextPresent("Vetting", false): Text 'Vetting' is present on page 

2020-04-17 16:13:46 - [MESSAGE][PASSED] - Text 'Vetting' is present on page 

2020-04-17 16:13:46 - [TEST_STEP][PASSED] - verifyTextPresent("Manual Accreditations tank for Vetting", false): Text 'Manual Accreditations tank for Vetting' is present on page 

2020-04-17 16:13:46 - [MESSAGE][PASSED] - Text 'Manual Accreditations tank for Vetting' is present on page 

2020-04-17 16:13:46 - [TEST_STEP][PASSED] - verifyTextPresent("bad debt provision", false): Text 'bad debt provision' is present on page 

2020-04-17 16:13:46 - [MESSAGE][PASSED] - Text 'bad debt provision' is present on page 

2020-04-17 16:13:46 - [MESSAGE][PASSED] - Call Test Case 'Test Cases/Reusable_Test_Sequences/Web_Office/Verification/Settings/Web_Office/Case_Subjects' successfully

2020-04-17 16:13:46 - [TEST_STEP][PASSED] - "--------------------------": null

2020-04-17 16:13:46 - [TEST_STEP][PASSED] - " Teardown - CLose Browser |": null

2020-04-17 16:13:46 - [TEST_STEP][PASSED] - callTestCase(findTestCase("Reusable_Test_Sequences/CAT_Teardown"), [:], OPTIONAL): Call Test Case 'Test Cases/Reusable_Test_Sequences/CAT_Teardown' successfully

2020-04-17 16:13:46 - [TEST_CASE][PASSED] - Test Cases/Reusable_Test_Sequences/CAT_Teardown: Test Cases/Reusable_Test_Sequences/CAT_Teardown

2020-04-17 16:13:46 - [TEST_STEP][PASSED] - closeBrowser(): Browser is closed

2020-04-17 16:13:48 - [MESSAGE][PASSED] - Browser is closed

2020-04-17 16:13:48 - [TEST_STEP][PASSED] - super.finalize(): null

2020-04-17 16:13:48 - [TEST_STEP][PASSED] - System.gc(): null

2020-04-17 16:13:48 - [MESSAGE][PASSED] - Call Test Case 'Test Cases/Reusable_Test_Sequences/CAT_Teardown' successfully]]></system-out>
         <system-err><![CDATA[]]></system-err>
      </testcase>
      <testcase name="Test Cases/Web_Office/Settings/Web_Office/Company_Groups" time="30.283" classname="Test Cases/Web_Office/Settings/Web_Office/Company_Groups" status="PASSED">
         <system-out><![CDATA[2020-04-17 16:13:48 - [TEST_CASE][PASSED] - Test Cases/Web_Office/Settings/Web_Office/Company_Groups: Test Cases/Web_Office/Settings/Web_Office/Company_Groups

2020-04-17 16:13:48 - [TEST_STEP][PASSED] - "--------------------------------------": null

2020-04-17 16:13:48 - [TEST_STEP][PASSED] - " Web Office StartUp                  |": null

2020-04-17 16:13:48 - [TEST_STEP][PASSED] - callTestCase(findTestCase("Reusable_Test_Sequences/Web_Office/Directives/WebOffice_StartUp"), [:], STOP_ON_FAILURE): Call Test Case 'Test Cases/Reusable_Test_Sequences/Web_Office/Directives/WebOffice_StartUp' successfully

2020-04-17 16:13:48 - [TEST_CASE][PASSED] - Test Cases/Reusable_Test_Sequences/Web_Office/Directives/WebOffice_StartUp: Test Cases/Reusable_Test_Sequences/Web_Office/Directives/WebOffice_StartUp

2020-04-17 16:13:48 - [TEST_STEP][PASSED] - "-----------------------------------------------------------------------------": null

2020-04-17 16:13:48 - [TEST_STEP][PASSED] - if (URL == "https://www.dev.checkatrade.com/"): null

2020-04-17 16:13:48 - [TEST_STEP][PASSED] - "-----------------------------------------------------------------------------": null

2020-04-17 16:13:48 - [TEST_STEP][PASSED] - if (URL == "https://www.checkatrade.com/"): null

2020-04-17 16:13:48 - [TEST_STEP][PASSED] - "-----------------------------------------------------------------------------": null

2020-04-17 16:13:48 - [TEST_STEP][PASSED] - if (URL == "https://www.preview.checkatrade.com/"): null

2020-04-17 16:13:48 - [TEST_STEP][PASSED] - WebOfficeURL = "https://admin.preview.checkatrade.com/": null

2020-04-17 16:13:48 - [TEST_STEP][PASSED] - if (URL == "https://www.dev2.checkatrade.com/"): null

2020-04-17 16:13:48 - [TEST_STEP][PASSED] - "Set Function Area for "URL_Handler", URL Resolution": null

2020-04-17 16:13:48 - [TEST_STEP][PASSED] - "Do Some Magic with URL(s) See the comments within URL Handler ": null

2020-04-17 16:13:48 - [TEST_STEP][PASSED] - "------------------------------------------------": null

2020-04-17 16:13:48 - [TEST_STEP][PASSED] - "Moved Login Credentials to <Default> profile 22/01/2020": null

2020-04-17 16:13:48 - [TEST_STEP][PASSED] - "------------------------------------------------": null

2020-04-17 16:13:48 - [TEST_STEP][PASSED] - "WebOfficeURL - Set from the ENVIRONMENT PROFILE ": null

2020-04-17 16:13:48 - [TEST_STEP][PASSED] - "OPEN BROWSER": null

2020-04-17 16:13:48 - [TEST_STEP][PASSED] - "eg - https://admin.preview.checkatrade.com/  ": null

2020-04-17 16:13:48 - [TEST_STEP][PASSED] - openBrowser(WebOfficeURL): Browser is opened with url: 'https://admin.preview.checkatrade.com/'

2020-04-17 16:13:48 - [MESSAGE][INFO] - Starting 'Chrome' driver

2020-04-17 16:13:48 - [MESSAGE][INFO] - Action delay is set to 0 milliseconds

2020-04-17 16:13:54 - [MESSAGE][PASSED] - Browser is opened with url: 'https://admin.preview.checkatrade.com/'

2020-04-17 16:13:54 - [TEST_STEP][PASSED] - maximizeWindow(): Current window maximized

2020-04-17 16:13:56 - [MESSAGE][PASSED] - Current window maximized

2020-04-17 16:13:56 - [TEST_STEP][PASSED] - waitForElementClickable(findTestObject("Object Repository/WebOffice/Page_Checkatrade - Administration - Login/Login_Button"), 25): Object 'Object Repository/WebOffice/Page_Checkatrade - Administration - Login/Login_Button' is clickable

2020-04-17 16:13:56 - [MESSAGE][PASSED] - Object 'Object Repository/WebOffice/Page_Checkatrade - Administration - Login/Login_Button' is clickable

2020-04-17 16:13:56 - [TEST_STEP][PASSED] - verifyTextPresent("Checkatrade Web Office", false): Text 'Checkatrade Web Office' is present on page 

2020-04-17 16:13:57 - [MESSAGE][PASSED] - Text 'Checkatrade Web Office' is present on page 

2020-04-17 16:13:57 - [TEST_STEP][PASSED] - verifyTextPresent("Access for staff use only", false): Text 'Access for staff use only' is present on page 

2020-04-17 16:13:57 - [MESSAGE][PASSED] - Text 'Access for staff use only' is present on page 

2020-04-17 16:13:57 - [TEST_STEP][PASSED] - verifyTextPresent("Forgotten password?", false): Text 'Forgotten password?' is present on page 

2020-04-17 16:13:57 - [MESSAGE][PASSED] - Text 'Forgotten password?' is present on page 

2020-04-17 16:13:57 - [TEST_STEP][PASSED] - setText(findTestObject("Object Repository/WebOffice/Page_Checkatrade - Administration - Login/input_Username_LoginControlUserName"), wo_Username): Text 'DavidHo' is set on object 'Object Repository/WebOffice/Page_Checkatrade - Administration - Login/input_Username_LoginControlUserName'

2020-04-17 16:13:57 - [MESSAGE][PASSED] - Text 'DavidHo' is set on object 'Object Repository/WebOffice/Page_Checkatrade - Administration - Login/input_Username_LoginControlUserName'

2020-04-17 16:13:57 - [TEST_STEP][PASSED] - setText(findTestObject("Object Repository/WebOffice/Page_Checkatrade - Administration - Login/input_Password_LoginControlPassword"), wo_Password): Text 'Check123' is set on object 'Object Repository/WebOffice/Page_Checkatrade - Administration - Login/input_Password_LoginControlPassword'

2020-04-17 16:13:58 - [MESSAGE][PASSED] - Text 'Check123' is set on object 'Object Repository/WebOffice/Page_Checkatrade - Administration - Login/input_Password_LoginControlPassword'

2020-04-17 16:13:58 - [TEST_STEP][PASSED] - click(findTestObject("Object Repository/WebOffice/Page_Checkatrade - Administration - Login/Login_Button")): Object: 'Object Repository/WebOffice/Page_Checkatrade - Administration - Login/Login_Button' is clicked on

2020-04-17 16:13:59 - [MESSAGE][PASSED] - Object: 'Object Repository/WebOffice/Page_Checkatrade - Administration - Login/Login_Button' is clicked on

2020-04-17 16:13:59 - [TEST_STEP][PASSED] - waitForPageLoad(60): Wait for page load successfully

2020-04-17 16:14:00 - [MESSAGE][PASSED] - Wait for page load successfully

2020-04-17 16:14:00 - [TEST_STEP][PASSED] - verifyTextPresent("Welcome " + wo_Username, false): Text 'Welcome DavidHo' is present on page 

2020-04-17 16:14:01 - [MESSAGE][PASSED] - Text 'Welcome DavidHo' is present on page 

2020-04-17 16:14:01 - [MESSAGE][PASSED] - Call Test Case 'Test Cases/Reusable_Test_Sequences/Web_Office/Directives/WebOffice_StartUp' successfully

2020-04-17 16:14:01 - [TEST_STEP][PASSED] - "-----------------------------------------------------------------": null

2020-04-17 16:14:01 - [TEST_STEP][PASSED] - " Navigate to <Settings->Checkatrade.Com->Sub Item> Menu Item     |": null

2020-04-17 16:14:01 - [TEST_STEP][PASSED] - callTestCase(findTestCase("Reusable_Test_Sequences/Web_Office/Navigation/Sub_Menu_Navigation/Settings/Web_Office/Franchises"), [:], STOP_ON_FAILURE): Call Test Case 'Test Cases/Reusable_Test_Sequences/Web_Office/Navigation/Sub_Menu_Navigation/Settings/Web_Office/Franchises' successfully

2020-04-17 16:14:01 - [TEST_CASE][PASSED] - Test Cases/Reusable_Test_Sequences/Web_Office/Navigation/Sub_Menu_Navigation/Settings/Web_Office/Franchises: Test Cases/Reusable_Test_Sequences/Web_Office/Navigation/Sub_Menu_Navigation/Settings/Web_Office/Franchises

2020-04-17 16:14:01 - [TEST_STEP][PASSED] - "--------------------------------------": null

2020-04-17 16:14:01 - [TEST_STEP][PASSED] - " Navigate Top level menu Item         |": null

2020-04-17 16:14:01 - [TEST_STEP][PASSED] - waitForPageLoad(60): Wait for page load successfully

2020-04-17 16:14:01 - [MESSAGE][PASSED] - Wait for page load successfully

2020-04-17 16:14:01 - [TEST_STEP][PASSED] - waitForElementClickable(findTestObject("Object Repository/WebOffice_Home_page/a_Settings"), 60): Object 'Object Repository/WebOffice_Home_page/a_Settings' is clickable

2020-04-17 16:14:01 - [MESSAGE][PASSED] - Object 'Object Repository/WebOffice_Home_page/a_Settings' is clickable

2020-04-17 16:14:01 - [TEST_STEP][PASSED] - mouseOver(findTestObject("Object Repository/WebOffice_Home_page/a_Settings")): Object: 'Object Repository/WebOffice_Home_page/a_Settings' is hovered

2020-04-17 16:14:02 - [MESSAGE][PASSED] - Object: 'Object Repository/WebOffice_Home_page/a_Settings' is hovered

2020-04-17 16:14:02 - [TEST_STEP][PASSED] - mouseOver(findTestObject("Object Repository/WebOffice_Home_page/a_Web Office")): Object: 'Object Repository/WebOffice_Home_page/a_Web Office' is hovered

2020-04-17 16:14:02 - [MESSAGE][PASSED] - Object: 'Object Repository/WebOffice_Home_page/a_Web Office' is hovered

2020-04-17 16:14:02 - [TEST_STEP][PASSED] - waitForElementClickable(findTestObject("Object Repository/WebOffice_Home_page/a_Company Groups"), 1): Object 'Object Repository/WebOffice_Home_page/a_Company Groups' is clickable

2020-04-17 16:14:03 - [MESSAGE][PASSED] - Object 'Object Repository/WebOffice_Home_page/a_Company Groups' is clickable

2020-04-17 16:14:03 - [TEST_STEP][PASSED] - click(findTestObject("Object Repository/WebOffice_Home_page/a_Company Groups")): Object: 'Object Repository/WebOffice_Home_page/a_Company Groups' is clicked on

2020-04-17 16:14:06 - [MESSAGE][PASSED] - Object: 'Object Repository/WebOffice_Home_page/a_Company Groups' is clicked on

2020-04-17 16:14:06 - [MESSAGE][PASSED] - Call Test Case 'Test Cases/Reusable_Test_Sequences/Web_Office/Navigation/Sub_Menu_Navigation/Settings/Web_Office/Franchises' successfully

2020-04-17 16:14:06 - [TEST_STEP][PASSED] - "--------------------------------------": null

2020-04-17 16:14:06 - [TEST_STEP][PASSED] - " Verify Returned Page Detail          |": null

2020-04-17 16:14:06 - [TEST_STEP][PASSED] - callTestCase(findTestCase("Reusable_Test_Sequences/Web_Office/Verification/Settings/Web_Office/Franchises"), [:], OPTIONAL): Call Test Case 'Test Cases/Reusable_Test_Sequences/Web_Office/Verification/Settings/Web_Office/Franchises' successfully

2020-04-17 16:14:06 - [TEST_CASE][PASSED] - Test Cases/Reusable_Test_Sequences/Web_Office/Verification/Settings/Web_Office/Franchises: Test Cases/Reusable_Test_Sequences/Web_Office/Verification/Settings/Web_Office/Franchises

2020-04-17 16:14:07 - [TEST_STEP][PASSED] - waitForPageLoad(60): Wait for page load successfully

2020-04-17 16:14:07 - [MESSAGE][PASSED] - Wait for page load successfully

2020-04-17 16:14:07 - [TEST_STEP][PASSED] - delay(1): Delayed 1 second(s)

2020-04-17 16:14:08 - [MESSAGE][PASSED] - Delayed 1 second(s)

2020-04-17 16:14:08 - [TEST_STEP][PASSED] - verifyTextPresent("Company Groups", false): Text 'Company Groups' is present on page 

2020-04-17 16:14:09 - [MESSAGE][PASSED] - Text 'Company Groups' is present on page 

2020-04-17 16:14:09 - [TEST_STEP][PASSED] - "----------------------------------------------": null

2020-04-17 16:14:09 - [TEST_STEP][PASSED] - verifyTextPresent("Add new group", false): Text 'Add new group' is present on page 

2020-04-17 16:14:10 - [MESSAGE][PASSED] - Text 'Add new group' is present on page 

2020-04-17 16:14:10 - [TEST_STEP][PASSED] - verifyTextPresent("Free of charge", false): Text 'Free of charge' is present on page 

2020-04-17 16:14:11 - [MESSAGE][PASSED] - Text 'Free of charge' is present on page 

2020-04-17 16:14:11 - [TEST_STEP][PASSED] - verifyTextPresent("Trading Standards", false): Text 'Trading Standards' is present on page 

2020-04-17 16:14:11 - [MESSAGE][PASSED] - Text 'Trading Standards' is present on page 

2020-04-17 16:14:11 - [TEST_STEP][PASSED] - "----------------------------------------------": null

2020-04-17 16:14:11 - [TEST_STEP][PASSED] - verifyTextPresent("Can Assign", false): Text 'Can Assign' is present on page 

2020-04-17 16:14:13 - [MESSAGE][PASSED] - Text 'Can Assign' is present on page 

2020-04-17 16:14:13 - [TEST_STEP][PASSED] - verifyTextPresent("Name", false): Text 'Name' is present on page 

2020-04-17 16:14:13 - [MESSAGE][PASSED] - Text 'Name' is present on page 

2020-04-17 16:14:13 - [TEST_STEP][PASSED] - verifyTextPresent("Total Companies", false): Text 'Total Companies' is present on page 

2020-04-17 16:14:14 - [MESSAGE][PASSED] - Text 'Total Companies' is present on page 

2020-04-17 16:14:14 - [TEST_STEP][PASSED] - verifyTextPresent("Reassign", false): Text 'Reassign' is present on page 

2020-04-17 16:14:14 - [MESSAGE][PASSED] - Text 'Reassign' is present on page 

2020-04-17 16:14:14 - [TEST_STEP][PASSED] - verifyTextPresent("Edit Group", false): Text 'Edit Group' is present on page 

2020-04-17 16:14:15 - [MESSAGE][PASSED] - Text 'Edit Group' is present on page 

2020-04-17 16:14:15 - [TEST_STEP][PASSED] - "----------------------------------------------": null

2020-04-17 16:14:15 - [TEST_STEP][PASSED] - verifyTextPresent("100 Trophy", false): Text '100 Trophy' is present on page 

2020-04-17 16:14:15 - [MESSAGE][PASSED] - Text '100 Trophy' is present on page 

2020-04-17 16:14:15 - [TEST_STEP][PASSED] - verifyTextPresent("Age Concern", false): Text 'Age Concern' is present on page 

2020-04-17 16:14:16 - [MESSAGE][PASSED] - Text 'Age Concern' is present on page 

2020-04-17 16:14:16 - [TEST_STEP][PASSED] - verifyTextPresent("British Gas", false): Text 'British Gas' is present on page 

2020-04-17 16:14:17 - [MESSAGE][PASSED] - Text 'British Gas' is present on page 

2020-04-17 16:14:17 - [TEST_STEP][PASSED] - verifyTextPresent("Reassign Companies", false): Text 'Reassign Companies' is present on page 

2020-04-17 16:14:17 - [MESSAGE][PASSED] - Text 'Reassign Companies' is present on page 

2020-04-17 16:14:17 - [MESSAGE][PASSED] - Call Test Case 'Test Cases/Reusable_Test_Sequences/Web_Office/Verification/Settings/Web_Office/Franchises' successfully

2020-04-17 16:14:17 - [TEST_STEP][PASSED] - "--------------------------": null

2020-04-17 16:14:17 - [TEST_STEP][PASSED] - " Teardown - CLose Browser |": null

2020-04-17 16:14:17 - [TEST_STEP][PASSED] - callTestCase(findTestCase("Reusable_Test_Sequences/CAT_Teardown"), [:], OPTIONAL): Call Test Case 'Test Cases/Reusable_Test_Sequences/CAT_Teardown' successfully

2020-04-17 16:14:17 - [TEST_CASE][PASSED] - Test Cases/Reusable_Test_Sequences/CAT_Teardown: Test Cases/Reusable_Test_Sequences/CAT_Teardown

2020-04-17 16:14:17 - [TEST_STEP][PASSED] - closeBrowser(): Browser is closed

2020-04-17 16:14:18 - [MESSAGE][PASSED] - Browser is closed

2020-04-17 16:14:18 - [TEST_STEP][PASSED] - super.finalize(): null

2020-04-17 16:14:18 - [TEST_STEP][PASSED] - System.gc(): null

2020-04-17 16:14:18 - [MESSAGE][PASSED] - Call Test Case 'Test Cases/Reusable_Test_Sequences/CAT_Teardown' successfully]]></system-out>
         <system-err><![CDATA[]]></system-err>
      </testcase>
      <testcase name="Test Cases/Web_Office/Settings/Web_Office/Franchises" time="17.054" classname="Test Cases/Web_Office/Settings/Web_Office/Franchises" status="PASSED">
         <system-out><![CDATA[2020-04-17 16:14:18 - [TEST_CASE][PASSED] - Test Cases/Web_Office/Settings/Web_Office/Franchises: Test Cases/Web_Office/Settings/Web_Office/Franchises

2020-04-17 16:14:18 - [TEST_STEP][PASSED] - "--------------------------------------": null

2020-04-17 16:14:18 - [TEST_STEP][PASSED] - " Web Office StartUp                  |": null

2020-04-17 16:14:18 - [TEST_STEP][PASSED] - callTestCase(findTestCase("Reusable_Test_Sequences/Web_Office/Directives/WebOffice_StartUp"), [:], STOP_ON_FAILURE): Call Test Case 'Test Cases/Reusable_Test_Sequences/Web_Office/Directives/WebOffice_StartUp' successfully

2020-04-17 16:14:18 - [TEST_CASE][PASSED] - Test Cases/Reusable_Test_Sequences/Web_Office/Directives/WebOffice_StartUp: Test Cases/Reusable_Test_Sequences/Web_Office/Directives/WebOffice_StartUp

2020-04-17 16:14:18 - [TEST_STEP][PASSED] - "-----------------------------------------------------------------------------": null

2020-04-17 16:14:18 - [TEST_STEP][PASSED] - if (URL == "https://www.dev.checkatrade.com/"): null

2020-04-17 16:14:18 - [TEST_STEP][PASSED] - "-----------------------------------------------------------------------------": null

2020-04-17 16:14:18 - [TEST_STEP][PASSED] - if (URL == "https://www.checkatrade.com/"): null

2020-04-17 16:14:18 - [TEST_STEP][PASSED] - "-----------------------------------------------------------------------------": null

2020-04-17 16:14:18 - [TEST_STEP][PASSED] - if (URL == "https://www.preview.checkatrade.com/"): null

2020-04-17 16:14:18 - [TEST_STEP][PASSED] - WebOfficeURL = "https://admin.preview.checkatrade.com/": null

2020-04-17 16:14:18 - [TEST_STEP][PASSED] - if (URL == "https://www.dev2.checkatrade.com/"): null

2020-04-17 16:14:18 - [TEST_STEP][PASSED] - "Set Function Area for "URL_Handler", URL Resolution": null

2020-04-17 16:14:18 - [TEST_STEP][PASSED] - "Do Some Magic with URL(s) See the comments within URL Handler ": null

2020-04-17 16:14:18 - [TEST_STEP][PASSED] - "------------------------------------------------": null

2020-04-17 16:14:18 - [TEST_STEP][PASSED] - "Moved Login Credentials to <Default> profile 22/01/2020": null

2020-04-17 16:14:18 - [TEST_STEP][PASSED] - "------------------------------------------------": null

2020-04-17 16:14:18 - [TEST_STEP][PASSED] - "WebOfficeURL - Set from the ENVIRONMENT PROFILE ": null

2020-04-17 16:14:18 - [TEST_STEP][PASSED] - "OPEN BROWSER": null

2020-04-17 16:14:18 - [TEST_STEP][PASSED] - "eg - https://admin.preview.checkatrade.com/  ": null

2020-04-17 16:14:18 - [TEST_STEP][PASSED] - openBrowser(WebOfficeURL): Browser is opened with url: 'https://admin.preview.checkatrade.com/'

2020-04-17 16:14:19 - [MESSAGE][INFO] - Starting 'Chrome' driver

2020-04-17 16:14:19 - [MESSAGE][INFO] - Action delay is set to 0 milliseconds

2020-04-17 16:14:23 - [MESSAGE][PASSED] - Browser is opened with url: 'https://admin.preview.checkatrade.com/'

2020-04-17 16:14:23 - [TEST_STEP][PASSED] - maximizeWindow(): Current window maximized

2020-04-17 16:14:25 - [MESSAGE][PASSED] - Current window maximized

2020-04-17 16:14:25 - [TEST_STEP][PASSED] - waitForElementClickable(findTestObject("Object Repository/WebOffice/Page_Checkatrade - Administration - Login/Login_Button"), 25): Object 'Object Repository/WebOffice/Page_Checkatrade - Administration - Login/Login_Button' is clickable

2020-04-17 16:14:25 - [MESSAGE][PASSED] - Object 'Object Repository/WebOffice/Page_Checkatrade - Administration - Login/Login_Button' is clickable

2020-04-17 16:14:25 - [TEST_STEP][PASSED] - verifyTextPresent("Checkatrade Web Office", false): Text 'Checkatrade Web Office' is present on page 

2020-04-17 16:14:25 - [MESSAGE][PASSED] - Text 'Checkatrade Web Office' is present on page 

2020-04-17 16:14:25 - [TEST_STEP][PASSED] - verifyTextPresent("Access for staff use only", false): Text 'Access for staff use only' is present on page 

2020-04-17 16:14:25 - [MESSAGE][PASSED] - Text 'Access for staff use only' is present on page 

2020-04-17 16:14:25 - [TEST_STEP][PASSED] - verifyTextPresent("Forgotten password?", false): Text 'Forgotten password?' is present on page 

2020-04-17 16:14:25 - [MESSAGE][PASSED] - Text 'Forgotten password?' is present on page 

2020-04-17 16:14:25 - [TEST_STEP][PASSED] - setText(findTestObject("Object Repository/WebOffice/Page_Checkatrade - Administration - Login/input_Username_LoginControlUserName"), wo_Username): Text 'DavidHo' is set on object 'Object Repository/WebOffice/Page_Checkatrade - Administration - Login/input_Username_LoginControlUserName'

2020-04-17 16:14:25 - [MESSAGE][PASSED] - Text 'DavidHo' is set on object 'Object Repository/WebOffice/Page_Checkatrade - Administration - Login/input_Username_LoginControlUserName'

2020-04-17 16:14:25 - [TEST_STEP][PASSED] - setText(findTestObject("Object Repository/WebOffice/Page_Checkatrade - Administration - Login/input_Password_LoginControlPassword"), wo_Password): Text 'Check123' is set on object 'Object Repository/WebOffice/Page_Checkatrade - Administration - Login/input_Password_LoginControlPassword'

2020-04-17 16:14:26 - [MESSAGE][PASSED] - Text 'Check123' is set on object 'Object Repository/WebOffice/Page_Checkatrade - Administration - Login/input_Password_LoginControlPassword'

2020-04-17 16:14:26 - [TEST_STEP][PASSED] - click(findTestObject("Object Repository/WebOffice/Page_Checkatrade - Administration - Login/Login_Button")): Object: 'Object Repository/WebOffice/Page_Checkatrade - Administration - Login/Login_Button' is clicked on

2020-04-17 16:14:26 - [MESSAGE][PASSED] - Object: 'Object Repository/WebOffice/Page_Checkatrade - Administration - Login/Login_Button' is clicked on

2020-04-17 16:14:26 - [TEST_STEP][PASSED] - waitForPageLoad(60): Wait for page load successfully

2020-04-17 16:14:26 - [MESSAGE][PASSED] - Wait for page load successfully

2020-04-17 16:14:26 - [TEST_STEP][PASSED] - verifyTextPresent("Welcome " + wo_Username, false): Text 'Welcome DavidHo' is present on page 

2020-04-17 16:14:27 - [MESSAGE][PASSED] - Text 'Welcome DavidHo' is present on page 

2020-04-17 16:14:27 - [MESSAGE][PASSED] - Call Test Case 'Test Cases/Reusable_Test_Sequences/Web_Office/Directives/WebOffice_StartUp' successfully

2020-04-17 16:14:27 - [TEST_STEP][PASSED] - "-----------------------------------------------------------------": null

2020-04-17 16:14:27 - [TEST_STEP][PASSED] - " Navigate to <Settings->Checkatrade.Com->Sub Item> Menu Item     |": null

2020-04-17 16:14:27 - [TEST_STEP][PASSED] - callTestCase(findTestCase("Reusable_Test_Sequences/Web_Office/Navigation/Sub_Menu_Navigation/Settings/Web_Office/Company_Groups"), [:], STOP_ON_FAILURE): Call Test Case 'Test Cases/Reusable_Test_Sequences/Web_Office/Navigation/Sub_Menu_Navigation/Settings/Web_Office/Company_Groups' successfully

2020-04-17 16:14:27 - [TEST_CASE][PASSED] - Test Cases/Reusable_Test_Sequences/Web_Office/Navigation/Sub_Menu_Navigation/Settings/Web_Office/Company_Groups: Test Cases/Reusable_Test_Sequences/Web_Office/Navigation/Sub_Menu_Navigation/Settings/Web_Office/Company_Groups

2020-04-17 16:14:27 - [TEST_STEP][PASSED] - "--------------------------------------": null

2020-04-17 16:14:27 - [TEST_STEP][PASSED] - " Navigate Top level menu Item         |": null

2020-04-17 16:14:27 - [TEST_STEP][PASSED] - waitForPageLoad(60): Wait for page load successfully

2020-04-17 16:14:27 - [MESSAGE][PASSED] - Wait for page load successfully

2020-04-17 16:14:27 - [TEST_STEP][PASSED] - waitForElementClickable(findTestObject("Object Repository/WebOffice_Home_page/a_Settings"), 60): Object 'Object Repository/WebOffice_Home_page/a_Settings' is clickable

2020-04-17 16:14:27 - [MESSAGE][PASSED] - Object 'Object Repository/WebOffice_Home_page/a_Settings' is clickable

2020-04-17 16:14:27 - [TEST_STEP][PASSED] - mouseOver(findTestObject("Object Repository/WebOffice_Home_page/a_Settings")): Object: 'Object Repository/WebOffice_Home_page/a_Settings' is hovered

2020-04-17 16:14:28 - [MESSAGE][PASSED] - Object: 'Object Repository/WebOffice_Home_page/a_Settings' is hovered

2020-04-17 16:14:28 - [TEST_STEP][PASSED] - mouseOver(findTestObject("Object Repository/WebOffice_Home_page/a_Web Office")): Object: 'Object Repository/WebOffice_Home_page/a_Web Office' is hovered

2020-04-17 16:14:28 - [MESSAGE][PASSED] - Object: 'Object Repository/WebOffice_Home_page/a_Web Office' is hovered

2020-04-17 16:14:28 - [TEST_STEP][PASSED] - waitForElementClickable(findTestObject("Object Repository/WebOffice_Home_page/a_Franchises"), 1): Object 'Object Repository/WebOffice_Home_page/a_Franchises' is clickable

2020-04-17 16:14:28 - [MESSAGE][PASSED] - Object 'Object Repository/WebOffice_Home_page/a_Franchises' is clickable

2020-04-17 16:14:28 - [TEST_STEP][PASSED] - click(findTestObject("Object Repository/WebOffice_Home_page/a_Franchises")): Object: 'Object Repository/WebOffice_Home_page/a_Franchises' is clicked on

2020-04-17 16:14:29 - [MESSAGE][PASSED] - Object: 'Object Repository/WebOffice_Home_page/a_Franchises' is clicked on

2020-04-17 16:14:29 - [MESSAGE][PASSED] - Call Test Case 'Test Cases/Reusable_Test_Sequences/Web_Office/Navigation/Sub_Menu_Navigation/Settings/Web_Office/Company_Groups' successfully

2020-04-17 16:14:29 - [TEST_STEP][PASSED] - "--------------------------------------": null

2020-04-17 16:14:29 - [TEST_STEP][PASSED] - " Verify Returned Page Detail          |": null

2020-04-17 16:14:29 - [TEST_STEP][PASSED] - callTestCase(findTestCase("Reusable_Test_Sequences/Web_Office/Verification/Settings/Web_Office/Company_Groups"), [:], OPTIONAL): Unable to call Test Case 'Test Cases/Reusable_Test_Sequences/Web_Office/Verification/Settings/Web_Office/Company_Groups' (Root cause: com.kms.katalon.core.exception.StepFailedException: Call Test Case 'Test Cases/Reusable_Test_Sequences/Web_Office/Verification/Settings/Web_Office/Company_Groups' failed
	at com.kms.katalon.core.keyword.builtin.CallTestCaseKeyword$_callTestCase_closure1.doCall(CallTestCaseKeyword.groovy:63)
	at com.kms.katalon.core.keyword.builtin.CallTestCaseKeyword$_callTestCase_closure1.call(CallTestCaseKeyword.groovy)
	at com.kms.katalon.core.keyword.internal.KeywordMain.runKeyword(KeywordMain.groovy:68)
	at com.kms.katalon.core.keyword.builtin.CallTestCaseKeyword.callTestCase(CallTestCaseKeyword.groovy:81)
	at com.kms.katalon.core.keyword.builtin.CallTestCaseKeyword.execute(CallTestCaseKeyword.groovy:44)
	at com.kms.katalon.core.keyword.internal.KeywordExecutor.executeKeywordForPlatform(KeywordExecutor.groovy:72)
	at com.kms.katalon.core.keyword.BuiltinKeywords.callTestCase(BuiltinKeywords.groovy:334)
	at Franchises.run(Franchises:63)
	at com.kms.katalon.core.main.ScriptEngine.run(ScriptEngine.java:194)
	at com.kms.katalon.core.main.ScriptEngine.runScriptAsRawText(ScriptEngine.java:119)
	at com.kms.katalon.core.main.TestCaseExecutor.runScript(TestCaseExecutor.java:337)
	at com.kms.katalon.core.main.TestCaseExecutor.doExecute(TestCaseExecutor.java:328)
	at com.kms.katalon.core.main.TestCaseExecutor.processExecutionPhase(TestCaseExecutor.java:307)
	at com.kms.katalon.core.main.TestCaseExecutor.accessMainPhase(TestCaseExecutor.java:299)
	at com.kms.katalon.core.main.TestCaseExecutor.execute(TestCaseExecutor.java:233)
	at com.kms.katalon.core.main.TestSuiteExecutor.accessTestCaseMainPhase(TestSuiteExecutor.java:169)
	at com.kms.katalon.core.main.TestSuiteExecutor.accessTestSuiteMainPhase(TestSuiteExecutor.java:142)
	at com.kms.katalon.core.main.TestSuiteExecutor.execute(TestSuiteExecutor.java:91)
	at com.kms.katalon.core.main.TestCaseMain.startTestSuite(TestCaseMain.java:157)
	at com.kms.katalon.core.main.TestCaseMain$startTestSuite$0.call(Unknown Source)
	at TempTestSuite1587134892032.run(TempTestSuite1587134892032.groovy:36)
Caused by: com.kms.katalon.core.exception.StepFailedException: Text 'Add New Franchise' is not present on page  (Root cause: com.kms.katalon.core.exception.StepFailedException: Text 'Add New Franchise' is not present on page 
	at com.kms.katalon.core.webui.keyword.internal.WebUIKeywordMain.stepFailed(WebUIKeywordMain.groovy:64)
	at com.kms.katalon.core.webui.keyword.builtin.VerifyTextPresentKeyword$_verifyTextPresent_closure1.doCall(VerifyTextPresentKeyword.groovy:79)
	at com.kms.katalon.core.webui.keyword.builtin.VerifyTextPresentKeyword$_verifyTextPresent_closure1.call(VerifyTextPresentKeyword.groovy)
	at com.kms.katalon.core.webui.keyword.internal.WebUIKeywordMain.runKeyword(WebUIKeywordMain.groovy:20)
	at com.kms.katalon.core.webui.keyword.builtin.VerifyTextPresentKeyword.verifyTextPresent(VerifyTextPresentKeyword.groovy:83)
	at com.kms.katalon.core.webui.keyword.builtin.VerifyTextPresentKeyword.execute(VerifyTextPresentKeyword.groovy:68)
	at com.kms.katalon.core.keyword.internal.KeywordExecutor.executeKeywordForPlatform(KeywordExecutor.groovy:72)
	at com.kms.katalon.core.webui.keyword.WebUiBuiltInKeywords.verifyTextPresent(WebUiBuiltInKeywords.groovy:1719)
	at com.kms.katalon.core.webui.keyword.WebUiBuiltInKeywords$verifyTextPresent$2.call(Unknown Source)
	at Company_Groups.run(Company_Groups:59)
	at com.kms.katalon.core.main.ScriptEngine.run(ScriptEngine.java:194)
	at com.kms.katalon.core.main.ScriptEngine.runScriptAsRawText(ScriptEngine.java:119)
	at com.kms.katalon.core.main.TestCaseExecutor.runScript(TestCaseExecutor.java:337)
	at com.kms.katalon.core.main.TestCaseExecutor.doExecute(TestCaseExecutor.java:328)
	at com.kms.katalon.core.main.TestCaseExecutor.processExecutionPhase(TestCaseExecutor.java:307)
	at com.kms.katalon.core.main.TestCaseExecutor.accessMainPhase(TestCaseExecutor.java:299)
	at com.kms.katalon.core.main.TestCaseExecutor.execute(TestCaseExecutor.java:233)
	at com.kms.katalon.core.main.TestCaseMain.runTestCase(TestCaseMain.java:114)
	at com.kms.katalon.core.keyword.builtin.CallTestCaseKeyword$_callTestCase_closure1.doCall(CallTestCaseKeyword.groovy:59)
	at com.kms.katalon.core.keyword.builtin.CallTestCaseKeyword$_callTestCase_closure1.call(CallTestCaseKeyword.groovy)
	at com.kms.katalon.core.keyword.internal.KeywordMain.runKeyword(KeywordMain.groovy:68)
	at com.kms.katalon.core.keyword.builtin.CallTestCaseKeyword.callTestCase(CallTestCaseKeyword.groovy:81)
	at com.kms.katalon.core.keyword.builtin.CallTestCaseKeyword.execute(CallTestCaseKeyword.groovy:44)
	at com.kms.katalon.core.keyword.internal.KeywordExecutor.executeKeywordForPlatform(KeywordExecutor.groovy:72)
	at com.kms.katalon.core.keyword.BuiltinKeywords.callTestCase(BuiltinKeywords.groovy:334)
	at Franchises.run(Franchises:63)
	at com.kms.katalon.core.main.ScriptEngine.run(ScriptEngine.java:194)
	at com.kms.katalon.core.main.ScriptEngine.runScriptAsRawText(ScriptEngine.java:119)
	at com.kms.katalon.core.main.TestCaseExecutor.runScript(TestCaseExecutor.java:337)
	at com.kms.katalon.core.main.TestCaseExecutor.doExecute(TestCaseExecutor.java:328)
	at com.kms.katalon.core.main.TestCaseExecutor.processExecutionPhase(TestCaseExecutor.java:307)
	at com.kms.katalon.core.main.TestCaseExecutor.accessMainPhase(TestCaseExecutor.java:299)
	at com.kms.katalon.core.main.TestCaseExecutor.execute(TestCaseExecutor.java:233)
	at com.kms.katalon.core.main.TestSuiteExecutor.accessTestCaseMainPhase(TestSuiteExecutor.java:169)
	at com.kms.katalon.core.main.TestSuiteExecutor.accessTestSuiteMainPhase(TestSuiteExecutor.java:142)
	at com.kms.katalon.core.main.TestSuiteExecutor.execute(TestSuiteExecutor.java:91)
	at com.kms.katalon.core.main.TestCaseMain.startTestSuite(TestCaseMain.java:157)
	at com.kms.katalon.core.main.TestCaseMain$startTestSuite$0.call(Unknown Source)
	at TempTestSuite1587134892032.run(TempTestSuite1587134892032.groovy:36)
)
	at com.kms.katalon.core.keyword.internal.KeywordMain.stepFailed(KeywordMain.groovy:39)
	at com.kms.katalon.core.webui.keyword.internal.WebUIKeywordMain.stepFailed(WebUIKeywordMain.groovy:64)
	at com.kms.katalon.core.webui.keyword.builtin.VerifyTextPresentKeyword$_verifyTextPresent_closure1.doCall(VerifyTextPresentKeyword.groovy:79)
	at com.kms.katalon.core.webui.keyword.builtin.VerifyTextPresentKeyword$_verifyTextPresent_closure1.call(VerifyTextPresentKeyword.groovy)
	at com.kms.katalon.core.webui.keyword.internal.WebUIKeywordMain.runKeyword(WebUIKeywordMain.groovy:20)
	at com.kms.katalon.core.webui.keyword.builtin.VerifyTextPresentKeyword.verifyTextPresent(VerifyTextPresentKeyword.groovy:83)
	at com.kms.katalon.core.webui.keyword.builtin.VerifyTextPresentKeyword.execute(VerifyTextPresentKeyword.groovy:68)
	at com.kms.katalon.core.keyword.internal.KeywordExecutor.executeKeywordForPlatform(KeywordExecutor.groovy:72)
	at com.kms.katalon.core.webui.keyword.WebUiBuiltInKeywords.verifyTextPresent(WebUiBuiltInKeywords.groovy:1719)
	at com.kms.katalon.core.webui.keyword.WebUiBuiltInKeywords$verifyTextPresent$2.call(Unknown Source)
	at Company_Groups.run(Company_Groups:59)
	at com.kms.katalon.core.main.ScriptEngine.run(ScriptEngine.java:194)
	at com.kms.katalon.core.main.ScriptEngine.runScriptAsRawText(ScriptEngine.java:119)
	at com.kms.katalon.core.main.TestCaseExecutor.runScript(TestCaseExecutor.java:337)
	at com.kms.katalon.core.main.TestCaseExecutor.doExecute(TestCaseExecutor.java:328)
	at com.kms.katalon.core.main.TestCaseExecutor.processExecutionPhase(TestCaseExecutor.java:307)
	at com.kms.katalon.core.main.TestCaseExecutor.accessMainPhase(TestCaseExecutor.java:299)
	at com.kms.katalon.core.main.TestCaseExecutor.execute(TestCaseExecutor.java:233)
	at com.kms.katalon.core.main.TestCaseMain.runTestCase(TestCaseMain.java:114)
	at com.kms.katalon.core.keyword.builtin.CallTestCaseKeyword$_callTestCase_closure1.doCall(CallTestCaseKeyword.groovy:59)
	... 20 more
Caused by: com.kms.katalon.core.exception.StepFailedException: Text 'Add New Franchise' is not present on page 
	... 39 more
)

2020-04-17 16:14:29 - [TEST_CASE][FAILED] - Test Cases/Reusable_Test_Sequences/Web_Office/Verification/Settings/Web_Office/Company_Groups: Test Cases/Reusable_Test_Sequences/Web_Office/Verification/Settings/Web_Office/Company_Groups FAILED.
Reason:
com.kms.katalon.core.exception.StepFailedException: Text 'Add New Franchise' is not present on page  (Root cause: com.kms.katalon.core.exception.StepFailedException: Text 'Add New Franchise' is not present on page 
	at com.kms.katalon.core.webui.keyword.internal.WebUIKeywordMain.stepFailed(WebUIKeywordMain.groovy:64)
	at com.kms.katalon.core.webui.keyword.builtin.VerifyTextPresentKeyword$_verifyTextPresent_closure1.doCall(VerifyTextPresentKeyword.groovy:79)
	at com.kms.katalon.core.webui.keyword.builtin.VerifyTextPresentKeyword$_verifyTextPresent_closure1.call(VerifyTextPresentKeyword.groovy)
	at com.kms.katalon.core.webui.keyword.internal.WebUIKeywordMain.runKeyword(WebUIKeywordMain.groovy:20)
	at com.kms.katalon.core.webui.keyword.builtin.VerifyTextPresentKeyword.verifyTextPresent(VerifyTextPresentKeyword.groovy:83)
	at com.kms.katalon.core.webui.keyword.builtin.VerifyTextPresentKeyword.execute(VerifyTextPresentKeyword.groovy:68)
	at com.kms.katalon.core.keyword.internal.KeywordExecutor.executeKeywordForPlatform(KeywordExecutor.groovy:72)
	at com.kms.katalon.core.webui.keyword.WebUiBuiltInKeywords.verifyTextPresent(WebUiBuiltInKeywords.groovy:1719)
	at com.kms.katalon.core.webui.keyword.WebUiBuiltInKeywords$verifyTextPresent$2.call(Unknown Source)
	at Company_Groups.run(Company_Groups:59)
	at com.kms.katalon.core.main.ScriptEngine.run(ScriptEngine.java:194)
	at com.kms.katalon.core.main.ScriptEngine.runScriptAsRawText(ScriptEngine.java:119)
	at com.kms.katalon.core.main.TestCaseExecutor.runScript(TestCaseExecutor.java:337)
	at com.kms.katalon.core.main.TestCaseExecutor.doExecute(TestCaseExecutor.java:328)
	at com.kms.katalon.core.main.TestCaseExecutor.processExecutionPhase(TestCaseExecutor.java:307)
	at com.kms.katalon.core.main.TestCaseExecutor.accessMainPhase(TestCaseExecutor.java:299)
	at com.kms.katalon.core.main.TestCaseExecutor.execute(TestCaseExecutor.java:233)
	at com.kms.katalon.core.main.TestCaseMain.runTestCase(TestCaseMain.java:114)
	at com.kms.katalon.core.keyword.builtin.CallTestCaseKeyword$_callTestCase_closure1.doCall(CallTestCaseKeyword.groovy:59)
	at com.kms.katalon.core.keyword.builtin.CallTestCaseKeyword$_callTestCase_closure1.call(CallTestCaseKeyword.groovy)
	at com.kms.katalon.core.keyword.internal.KeywordMain.runKeyword(KeywordMain.groovy:68)
	at com.kms.katalon.core.keyword.builtin.CallTestCaseKeyword.callTestCase(CallTestCaseKeyword.groovy:81)
	at com.kms.katalon.core.keyword.builtin.CallTestCaseKeyword.execute(CallTestCaseKeyword.groovy:44)
	at com.kms.katalon.core.keyword.internal.KeywordExecutor.executeKeywordForPlatform(KeywordExecutor.groovy:72)
	at com.kms.katalon.core.keyword.BuiltinKeywords.callTestCase(BuiltinKeywords.groovy:334)
	at Franchises.run(Franchises:63)
	at com.kms.katalon.core.main.ScriptEngine.run(ScriptEngine.java:194)
	at com.kms.katalon.core.main.ScriptEngine.runScriptAsRawText(ScriptEngine.java:119)
	at com.kms.katalon.core.main.TestCaseExecutor.runScript(TestCaseExecutor.java:337)
	at com.kms.katalon.core.main.TestCaseExecutor.doExecute(TestCaseExecutor.java:328)
	at com.kms.katalon.core.main.TestCaseExecutor.processExecutionPhase(TestCaseExecutor.java:307)
	at com.kms.katalon.core.main.TestCaseExecutor.accessMainPhase(TestCaseExecutor.java:299)
	at com.kms.katalon.core.main.TestCaseExecutor.execute(TestCaseExecutor.java:233)
	at com.kms.katalon.core.main.TestSuiteExecutor.accessTestCaseMainPhase(TestSuiteExecutor.java:169)
	at com.kms.katalon.core.main.TestSuiteExecutor.accessTestSuiteMainPhase(TestSuiteExecutor.java:142)
	at com.kms.katalon.core.main.TestSuiteExecutor.execute(TestSuiteExecutor.java:91)
	at com.kms.katalon.core.main.TestCaseMain.startTestSuite(TestCaseMain.java:157)
	at com.kms.katalon.core.main.TestCaseMain$startTestSuite$0.call(Unknown Source)
	at TempTestSuite1587134892032.run(TempTestSuite1587134892032.groovy:36)
)
	at com.kms.katalon.core.keyword.internal.KeywordMain.stepFailed(KeywordMain.groovy:39)
	at com.kms.katalon.core.webui.keyword.internal.WebUIKeywordMain.stepFailed(WebUIKeywordMain.groovy:64)
	at com.kms.katalon.core.webui.keyword.builtin.VerifyTextPresentKeyword$_verifyTextPresent_closure1.doCall(VerifyTextPresentKeyword.groovy:79)
	at com.kms.katalon.core.webui.keyword.builtin.VerifyTextPresentKeyword$_verifyTextPresent_closure1.call(VerifyTextPresentKeyword.groovy)
	at com.kms.katalon.core.webui.keyword.internal.WebUIKeywordMain.runKeyword(WebUIKeywordMain.groovy:20)
	at com.kms.katalon.core.webui.keyword.builtin.VerifyTextPresentKeyword.verifyTextPresent(VerifyTextPresentKeyword.groovy:83)
	at com.kms.katalon.core.webui.keyword.builtin.VerifyTextPresentKeyword.execute(VerifyTextPresentKeyword.groovy:68)
	at com.kms.katalon.core.keyword.internal.KeywordExecutor.executeKeywordForPlatform(KeywordExecutor.groovy:72)
	at com.kms.katalon.core.webui.keyword.WebUiBuiltInKeywords.verifyTextPresent(WebUiBuiltInKeywords.groovy:1719)
	at com.kms.katalon.core.webui.keyword.WebUiBuiltInKeywords$verifyTextPresent$2.call(Unknown Source)
	at Company_Groups.run(Company_Groups:59)
	at com.kms.katalon.core.main.ScriptEngine.run(ScriptEngine.java:194)
	at com.kms.katalon.core.main.ScriptEngine.runScriptAsRawText(ScriptEngine.java:119)
	at com.kms.katalon.core.main.TestCaseExecutor.runScript(TestCaseExecutor.java:337)
	at com.kms.katalon.core.main.TestCaseExecutor.doExecute(TestCaseExecutor.java:328)
	at com.kms.katalon.core.main.TestCaseExecutor.processExecutionPhase(TestCaseExecutor.java:307)
	at com.kms.katalon.core.main.TestCaseExecutor.accessMainPhase(TestCaseExecutor.java:299)
	at com.kms.katalon.core.main.TestCaseExecutor.execute(TestCaseExecutor.java:233)
	at com.kms.katalon.core.main.TestCaseMain.runTestCase(TestCaseMain.java:114)
	at com.kms.katalon.core.keyword.builtin.CallTestCaseKeyword$_callTestCase_closure1.doCall(CallTestCaseKeyword.groovy:59)
	at com.kms.katalon.core.keyword.builtin.CallTestCaseKeyword$_callTestCase_closure1.call(CallTestCaseKeyword.groovy)
	at com.kms.katalon.core.keyword.internal.KeywordMain.runKeyword(KeywordMain.groovy:68)
	at com.kms.katalon.core.keyword.builtin.CallTestCaseKeyword.callTestCase(CallTestCaseKeyword.groovy:81)
	at com.kms.katalon.core.keyword.builtin.CallTestCaseKeyword.execute(CallTestCaseKeyword.groovy:44)
	at com.kms.katalon.core.keyword.internal.KeywordExecutor.executeKeywordForPlatform(KeywordExecutor.groovy:72)
	at com.kms.katalon.core.keyword.BuiltinKeywords.callTestCase(BuiltinKeywords.groovy:334)
	at Franchises.run(Franchises:63)
	at com.kms.katalon.core.main.ScriptEngine.run(ScriptEngine.java:194)
	at com.kms.katalon.core.main.ScriptEngine.runScriptAsRawText(ScriptEngine.java:119)
	at com.kms.katalon.core.main.TestCaseExecutor.runScript(TestCaseExecutor.java:337)
	at com.kms.katalon.core.main.TestCaseExecutor.doExecute(TestCaseExecutor.java:328)
	at com.kms.katalon.core.main.TestCaseExecutor.processExecutionPhase(TestCaseExecutor.java:307)
	at com.kms.katalon.core.main.TestCaseExecutor.accessMainPhase(TestCaseExecutor.java:299)
	at com.kms.katalon.core.main.TestCaseExecutor.execute(TestCaseExecutor.java:233)
	at com.kms.katalon.core.main.TestSuiteExecutor.accessTestCaseMainPhase(TestSuiteExecutor.java:169)
	at com.kms.katalon.core.main.TestSuiteExecutor.accessTestSuiteMainPhase(TestSuiteExecutor.java:142)
	at com.kms.katalon.core.main.TestSuiteExecutor.execute(TestSuiteExecutor.java:91)
	at com.kms.katalon.core.main.TestCaseMain.startTestSuite(TestCaseMain.java:157)
	at com.kms.katalon.core.main.TestCaseMain$startTestSuite$0.call(Unknown Source)
	at TempTestSuite1587134892032.run(TempTestSuite1587134892032.groovy:36)
Caused by: com.kms.katalon.core.exception.StepFailedException: Text 'Add New Franchise' is not present on page 
	... 39 more


2020-04-17 16:14:29 - [TEST_STEP][PASSED] - waitForPageLoad(60): Wait for page load successfully

2020-04-17 16:14:29 - [MESSAGE][PASSED] - Wait for page load successfully

2020-04-17 16:14:29 - [TEST_STEP][PASSED] - delay(1): Delayed 1 second(s)

2020-04-17 16:14:30 - [MESSAGE][PASSED] - Delayed 1 second(s)

2020-04-17 16:14:30 - [TEST_STEP][PASSED] - verifyTextPresent("Franchises", false): Text 'Franchises' is present on page 

2020-04-17 16:14:30 - [MESSAGE][PASSED] - Text 'Franchises' is present on page 

2020-04-17 16:14:30 - [TEST_STEP][PASSED] - "----------------------------------------------": null

2020-04-17 16:14:30 - [TEST_STEP][FAILED] - verifyTextPresent("Add New Franchise", false): Text 'Add New Franchise' is not present on page  (Root cause: com.kms.katalon.core.exception.StepFailedException: Text 'Add New Franchise' is not present on page 
	at com.kms.katalon.core.webui.keyword.internal.WebUIKeywordMain.stepFailed(WebUIKeywordMain.groovy:64)
	at com.kms.katalon.core.webui.keyword.builtin.VerifyTextPresentKeyword$_verifyTextPresent_closure1.doCall(VerifyTextPresentKeyword.groovy:79)
	at com.kms.katalon.core.webui.keyword.builtin.VerifyTextPresentKeyword$_verifyTextPresent_closure1.call(VerifyTextPresentKeyword.groovy)
	at com.kms.katalon.core.webui.keyword.internal.WebUIKeywordMain.runKeyword(WebUIKeywordMain.groovy:20)
	at com.kms.katalon.core.webui.keyword.builtin.VerifyTextPresentKeyword.verifyTextPresent(VerifyTextPresentKeyword.groovy:83)
	at com.kms.katalon.core.webui.keyword.builtin.VerifyTextPresentKeyword.execute(VerifyTextPresentKeyword.groovy:68)
	at com.kms.katalon.core.keyword.internal.KeywordExecutor.executeKeywordForPlatform(KeywordExecutor.groovy:72)
	at com.kms.katalon.core.webui.keyword.WebUiBuiltInKeywords.verifyTextPresent(WebUiBuiltInKeywords.groovy:1719)
	at com.kms.katalon.core.webui.keyword.WebUiBuiltInKeywords$verifyTextPresent$2.call(Unknown Source)
	at Company_Groups.run(Company_Groups:59)
	at com.kms.katalon.core.main.ScriptEngine.run(ScriptEngine.java:194)
	at com.kms.katalon.core.main.ScriptEngine.runScriptAsRawText(ScriptEngine.java:119)
	at com.kms.katalon.core.main.TestCaseExecutor.runScript(TestCaseExecutor.java:337)
	at com.kms.katalon.core.main.TestCaseExecutor.doExecute(TestCaseExecutor.java:328)
	at com.kms.katalon.core.main.TestCaseExecutor.processExecutionPhase(TestCaseExecutor.java:307)
	at com.kms.katalon.core.main.TestCaseExecutor.accessMainPhase(TestCaseExecutor.java:299)
	at com.kms.katalon.core.main.TestCaseExecutor.execute(TestCaseExecutor.java:233)
	at com.kms.katalon.core.main.TestCaseMain.runTestCase(TestCaseMain.java:114)
	at com.kms.katalon.core.keyword.builtin.CallTestCaseKeyword$_callTestCase_closure1.doCall(CallTestCaseKeyword.groovy:59)
	at com.kms.katalon.core.keyword.builtin.CallTestCaseKeyword$_callTestCase_closure1.call(CallTestCaseKeyword.groovy)
	at com.kms.katalon.core.keyword.internal.KeywordMain.runKeyword(KeywordMain.groovy:68)
	at com.kms.katalon.core.keyword.builtin.CallTestCaseKeyword.callTestCase(CallTestCaseKeyword.groovy:81)
	at com.kms.katalon.core.keyword.builtin.CallTestCaseKeyword.execute(CallTestCaseKeyword.groovy:44)
	at com.kms.katalon.core.keyword.internal.KeywordExecutor.executeKeywordForPlatform(KeywordExecutor.groovy:72)
	at com.kms.katalon.core.keyword.BuiltinKeywords.callTestCase(BuiltinKeywords.groovy:334)
	at Franchises.run(Franchises:63)
	at com.kms.katalon.core.main.ScriptEngine.run(ScriptEngine.java:194)
	at com.kms.katalon.core.main.ScriptEngine.runScriptAsRawText(ScriptEngine.java:119)
	at com.kms.katalon.core.main.TestCaseExecutor.runScript(TestCaseExecutor.java:337)
	at com.kms.katalon.core.main.TestCaseExecutor.doExecute(TestCaseExecutor.java:328)
	at com.kms.katalon.core.main.TestCaseExecutor.processExecutionPhase(TestCaseExecutor.java:307)
	at com.kms.katalon.core.main.TestCaseExecutor.accessMainPhase(TestCaseExecutor.java:299)
	at com.kms.katalon.core.main.TestCaseExecutor.execute(TestCaseExecutor.java:233)
	at com.kms.katalon.core.main.TestSuiteExecutor.accessTestCaseMainPhase(TestSuiteExecutor.java:169)
	at com.kms.katalon.core.main.TestSuiteExecutor.accessTestSuiteMainPhase(TestSuiteExecutor.java:142)
	at com.kms.katalon.core.main.TestSuiteExecutor.execute(TestSuiteExecutor.java:91)
	at com.kms.katalon.core.main.TestCaseMain.startTestSuite(TestCaseMain.java:157)
	at com.kms.katalon.core.main.TestCaseMain$startTestSuite$0.call(Unknown Source)
	at TempTestSuite1587134892032.run(TempTestSuite1587134892032.groovy:36)
)

2020-04-17 16:14:31 - [MESSAGE][FAILED] - Text 'Add New Franchise' is not present on page  (Root cause: com.kms.katalon.core.exception.StepFailedException: Text 'Add New Franchise' is not present on page 
	at com.kms.katalon.core.webui.keyword.internal.WebUIKeywordMain.stepFailed(WebUIKeywordMain.groovy:64)
	at com.kms.katalon.core.webui.keyword.builtin.VerifyTextPresentKeyword$_verifyTextPresent_closure1.doCall(VerifyTextPresentKeyword.groovy:79)
	at com.kms.katalon.core.webui.keyword.builtin.VerifyTextPresentKeyword$_verifyTextPresent_closure1.call(VerifyTextPresentKeyword.groovy)
	at com.kms.katalon.core.webui.keyword.internal.WebUIKeywordMain.runKeyword(WebUIKeywordMain.groovy:20)
	at com.kms.katalon.core.webui.keyword.builtin.VerifyTextPresentKeyword.verifyTextPresent(VerifyTextPresentKeyword.groovy:83)
	at com.kms.katalon.core.webui.keyword.builtin.VerifyTextPresentKeyword.execute(VerifyTextPresentKeyword.groovy:68)
	at com.kms.katalon.core.keyword.internal.KeywordExecutor.executeKeywordForPlatform(KeywordExecutor.groovy:72)
	at com.kms.katalon.core.webui.keyword.WebUiBuiltInKeywords.verifyTextPresent(WebUiBuiltInKeywords.groovy:1719)
	at com.kms.katalon.core.webui.keyword.WebUiBuiltInKeywords$verifyTextPresent$2.call(Unknown Source)
	at Company_Groups.run(Company_Groups:59)
	at com.kms.katalon.core.main.ScriptEngine.run(ScriptEngine.java:194)
	at com.kms.katalon.core.main.ScriptEngine.runScriptAsRawText(ScriptEngine.java:119)
	at com.kms.katalon.core.main.TestCaseExecutor.runScript(TestCaseExecutor.java:337)
	at com.kms.katalon.core.main.TestCaseExecutor.doExecute(TestCaseExecutor.java:328)
	at com.kms.katalon.core.main.TestCaseExecutor.processExecutionPhase(TestCaseExecutor.java:307)
	at com.kms.katalon.core.main.TestCaseExecutor.accessMainPhase(TestCaseExecutor.java:299)
	at com.kms.katalon.core.main.TestCaseExecutor.execute(TestCaseExecutor.java:233)
	at com.kms.katalon.core.main.TestCaseMain.runTestCase(TestCaseMain.java:114)
	at com.kms.katalon.core.keyword.builtin.CallTestCaseKeyword$_callTestCase_closure1.doCall(CallTestCaseKeyword.groovy:59)
	at com.kms.katalon.core.keyword.builtin.CallTestCaseKeyword$_callTestCase_closure1.call(CallTestCaseKeyword.groovy)
	at com.kms.katalon.core.keyword.internal.KeywordMain.runKeyword(KeywordMain.groovy:68)
	at com.kms.katalon.core.keyword.builtin.CallTestCaseKeyword.callTestCase(CallTestCaseKeyword.groovy:81)
	at com.kms.katalon.core.keyword.builtin.CallTestCaseKeyword.execute(CallTestCaseKeyword.groovy:44)
	at com.kms.katalon.core.keyword.internal.KeywordExecutor.executeKeywordForPlatform(KeywordExecutor.groovy:72)
	at com.kms.katalon.core.keyword.BuiltinKeywords.callTestCase(BuiltinKeywords.groovy:334)
	at Franchises.run(Franchises:63)
	at com.kms.katalon.core.main.ScriptEngine.run(ScriptEngine.java:194)
	at com.kms.katalon.core.main.ScriptEngine.runScriptAsRawText(ScriptEngine.java:119)
	at com.kms.katalon.core.main.TestCaseExecutor.runScript(TestCaseExecutor.java:337)
	at com.kms.katalon.core.main.TestCaseExecutor.doExecute(TestCaseExecutor.java:328)
	at com.kms.katalon.core.main.TestCaseExecutor.processExecutionPhase(TestCaseExecutor.java:307)
	at com.kms.katalon.core.main.TestCaseExecutor.accessMainPhase(TestCaseExecutor.java:299)
	at com.kms.katalon.core.main.TestCaseExecutor.execute(TestCaseExecutor.java:233)
	at com.kms.katalon.core.main.TestSuiteExecutor.accessTestCaseMainPhase(TestSuiteExecutor.java:169)
	at com.kms.katalon.core.main.TestSuiteExecutor.accessTestSuiteMainPhase(TestSuiteExecutor.java:142)
	at com.kms.katalon.core.main.TestSuiteExecutor.execute(TestSuiteExecutor.java:91)
	at com.kms.katalon.core.main.TestCaseMain.startTestSuite(TestCaseMain.java:157)
	at com.kms.katalon.core.main.TestCaseMain$startTestSuite$0.call(Unknown Source)
	at TempTestSuite1587134892032.run(TempTestSuite1587134892032.groovy:36)
)

2020-04-17 16:14:31 - [TEST_STEP][PASSED] - "----------------------------------------------": null

2020-04-17 16:14:31 - [TEST_STEP][PASSED] - verifyTextPresent("Can Assign", false): Text 'Can Assign' is present on page 

2020-04-17 16:14:31 - [MESSAGE][PASSED] - Text 'Can Assign' is present on page 

2020-04-17 16:14:31 - [TEST_STEP][PASSED] - verifyTextPresent("Name", false): Text 'Name' is present on page 

2020-04-17 16:14:31 - [MESSAGE][PASSED] - Text 'Name' is present on page 

2020-04-17 16:14:31 - [TEST_STEP][PASSED] - verifyTextPresent("Email", false): Text 'Email' is present on page 

2020-04-17 16:14:32 - [MESSAGE][PASSED] - Text 'Email' is present on page 

2020-04-17 16:14:32 - [TEST_STEP][PASSED] - verifyTextPresent("HQ", false): Text 'HQ' is present on page 

2020-04-17 16:14:32 - [MESSAGE][PASSED] - Text 'HQ' is present on page 

2020-04-17 16:14:32 - [TEST_STEP][PASSED] - verifyTextPresent("Member Companies", false): Text 'Member Companies' is present on page 

2020-04-17 16:14:33 - [MESSAGE][PASSED] - Text 'Member Companies' is present on page 

2020-04-17 16:14:33 - [TEST_STEP][PASSED] - verifyTextPresent("Total Companies", false): Text 'Total Companies' is present on page 

2020-04-17 16:14:33 - [MESSAGE][PASSED] - Text 'Total Companies' is present on page 

2020-04-17 16:14:33 - [TEST_STEP][PASSED] - "----------------------------------------------": null

2020-04-17 16:14:33 - [TEST_STEP][PASSED] - verifyTextPresent("AXA Insurance", false): Text 'AXA Insurance' is present on page 

2020-04-17 16:14:33 - [MESSAGE][PASSED] - Text 'AXA Insurance' is present on page 

2020-04-17 16:14:33 - [TEST_STEP][PASSED] - verifyTextPresent("bruce@0800handyman.co.uk", false): Text 'bruce@0800handyman.co.uk' is present on page 

2020-04-17 16:14:33 - [MESSAGE][PASSED] - Text 'bruce@0800handyman.co.uk' is present on page 

2020-04-17 16:14:33 - [TEST_STEP][PASSED] - verifyTextPresent("Britannia Windows", false): Text 'Britannia Windows' is present on page 

2020-04-17 16:14:34 - [MESSAGE][PASSED] - Text 'Britannia Windows' is present on page 

2020-04-17 16:14:34 - [TEST_STEP][PASSED] - verifyTextPresent("Dream Doors", false): Text 'Dream Doors' is present on page 

2020-04-17 16:14:34 - [MESSAGE][PASSED] - Text 'Dream Doors' is present on page 

2020-04-17 16:14:34 - [TEST_STEP][PASSED] - verifyTextPresent("wendie@dreamdoorsltd.co.uk", false): Text 'wendie@dreamdoorsltd.co.uk' is present on page 

2020-04-17 16:14:34 - [MESSAGE][PASSED] - Text 'wendie@dreamdoorsltd.co.uk' is present on page 

2020-04-17 16:14:34 - [MESSAGE][WARNING] - Unable to call Test Case 'Test Cases/Reusable_Test_Sequences/Web_Office/Verification/Settings/Web_Office/Company_Groups' (Root cause: com.kms.katalon.core.exception.StepFailedException: Call Test Case 'Test Cases/Reusable_Test_Sequences/Web_Office/Verification/Settings/Web_Office/Company_Groups' failed
	at com.kms.katalon.core.keyword.builtin.CallTestCaseKeyword$_callTestCase_closure1.doCall(CallTestCaseKeyword.groovy:63)
	at com.kms.katalon.core.keyword.builtin.CallTestCaseKeyword$_callTestCase_closure1.call(CallTestCaseKeyword.groovy)
	at com.kms.katalon.core.keyword.internal.KeywordMain.runKeyword(KeywordMain.groovy:68)
	at com.kms.katalon.core.keyword.builtin.CallTestCaseKeyword.callTestCase(CallTestCaseKeyword.groovy:81)
	at com.kms.katalon.core.keyword.builtin.CallTestCaseKeyword.execute(CallTestCaseKeyword.groovy:44)
	at com.kms.katalon.core.keyword.internal.KeywordExecutor.executeKeywordForPlatform(KeywordExecutor.groovy:72)
	at com.kms.katalon.core.keyword.BuiltinKeywords.callTestCase(BuiltinKeywords.groovy:334)
	at Franchises.run(Franchises:63)
	at com.kms.katalon.core.main.ScriptEngine.run(ScriptEngine.java:194)
	at com.kms.katalon.core.main.ScriptEngine.runScriptAsRawText(ScriptEngine.java:119)
	at com.kms.katalon.core.main.TestCaseExecutor.runScript(TestCaseExecutor.java:337)
	at com.kms.katalon.core.main.TestCaseExecutor.doExecute(TestCaseExecutor.java:328)
	at com.kms.katalon.core.main.TestCaseExecutor.processExecutionPhase(TestCaseExecutor.java:307)
	at com.kms.katalon.core.main.TestCaseExecutor.accessMainPhase(TestCaseExecutor.java:299)
	at com.kms.katalon.core.main.TestCaseExecutor.execute(TestCaseExecutor.java:233)
	at com.kms.katalon.core.main.TestSuiteExecutor.accessTestCaseMainPhase(TestSuiteExecutor.java:169)
	at com.kms.katalon.core.main.TestSuiteExecutor.accessTestSuiteMainPhase(TestSuiteExecutor.java:142)
	at com.kms.katalon.core.main.TestSuiteExecutor.execute(TestSuiteExecutor.java:91)
	at com.kms.katalon.core.main.TestCaseMain.startTestSuite(TestCaseMain.java:157)
	at com.kms.katalon.core.main.TestCaseMain$startTestSuite$0.call(Unknown Source)
	at TempTestSuite1587134892032.run(TempTestSuite1587134892032.groovy:36)
Caused by: com.kms.katalon.core.exception.StepFailedException: Text 'Add New Franchise' is not present on page  (Root cause: com.kms.katalon.core.exception.StepFailedException: Text 'Add New Franchise' is not present on page 
	at com.kms.katalon.core.webui.keyword.internal.WebUIKeywordMain.stepFailed(WebUIKeywordMain.groovy:64)
	at com.kms.katalon.core.webui.keyword.builtin.VerifyTextPresentKeyword$_verifyTextPresent_closure1.doCall(VerifyTextPresentKeyword.groovy:79)
	at com.kms.katalon.core.webui.keyword.builtin.VerifyTextPresentKeyword$_verifyTextPresent_closure1.call(VerifyTextPresentKeyword.groovy)
	at com.kms.katalon.core.webui.keyword.internal.WebUIKeywordMain.runKeyword(WebUIKeywordMain.groovy:20)
	at com.kms.katalon.core.webui.keyword.builtin.VerifyTextPresentKeyword.verifyTextPresent(VerifyTextPresentKeyword.groovy:83)
	at com.kms.katalon.core.webui.keyword.builtin.VerifyTextPresentKeyword.execute(VerifyTextPresentKeyword.groovy:68)
	at com.kms.katalon.core.keyword.internal.KeywordExecutor.executeKeywordForPlatform(KeywordExecutor.groovy:72)
	at com.kms.katalon.core.webui.keyword.WebUiBuiltInKeywords.verifyTextPresent(WebUiBuiltInKeywords.groovy:1719)
	at com.kms.katalon.core.webui.keyword.WebUiBuiltInKeywords$verifyTextPresent$2.call(Unknown Source)
	at Company_Groups.run(Company_Groups:59)
	at com.kms.katalon.core.main.ScriptEngine.run(ScriptEngine.java:194)
	at com.kms.katalon.core.main.ScriptEngine.runScriptAsRawText(ScriptEngine.java:119)
	at com.kms.katalon.core.main.TestCaseExecutor.runScript(TestCaseExecutor.java:337)
	at com.kms.katalon.core.main.TestCaseExecutor.doExecute(TestCaseExecutor.java:328)
	at com.kms.katalon.core.main.TestCaseExecutor.processExecutionPhase(TestCaseExecutor.java:307)
	at com.kms.katalon.core.main.TestCaseExecutor.accessMainPhase(TestCaseExecutor.java:299)
	at com.kms.katalon.core.main.TestCaseExecutor.execute(TestCaseExecutor.java:233)
	at com.kms.katalon.core.main.TestCaseMain.runTestCase(TestCaseMain.java:114)
	at com.kms.katalon.core.keyword.builtin.CallTestCaseKeyword$_callTestCase_closure1.doCall(CallTestCaseKeyword.groovy:59)
	at com.kms.katalon.core.keyword.builtin.CallTestCaseKeyword$_callTestCase_closure1.call(CallTestCaseKeyword.groovy)
	at com.kms.katalon.core.keyword.internal.KeywordMain.runKeyword(KeywordMain.groovy:68)
	at com.kms.katalon.core.keyword.builtin.CallTestCaseKeyword.callTestCase(CallTestCaseKeyword.groovy:81)
	at com.kms.katalon.core.keyword.builtin.CallTestCaseKeyword.execute(CallTestCaseKeyword.groovy:44)
	at com.kms.katalon.core.keyword.internal.KeywordExecutor.executeKeywordForPlatform(KeywordExecutor.groovy:72)
	at com.kms.katalon.core.keyword.BuiltinKeywords.callTestCase(BuiltinKeywords.groovy:334)
	at Franchises.run(Franchises:63)
	at com.kms.katalon.core.main.ScriptEngine.run(ScriptEngine.java:194)
	at com.kms.katalon.core.main.ScriptEngine.runScriptAsRawText(ScriptEngine.java:119)
	at com.kms.katalon.core.main.TestCaseExecutor.runScript(TestCaseExecutor.java:337)
	at com.kms.katalon.core.main.TestCaseExecutor.doExecute(TestCaseExecutor.java:328)
	at com.kms.katalon.core.main.TestCaseExecutor.processExecutionPhase(TestCaseExecutor.java:307)
	at com.kms.katalon.core.main.TestCaseExecutor.accessMainPhase(TestCaseExecutor.java:299)
	at com.kms.katalon.core.main.TestCaseExecutor.execute(TestCaseExecutor.java:233)
	at com.kms.katalon.core.main.TestSuiteExecutor.accessTestCaseMainPhase(TestSuiteExecutor.java:169)
	at com.kms.katalon.core.main.TestSuiteExecutor.accessTestSuiteMainPhase(TestSuiteExecutor.java:142)
	at com.kms.katalon.core.main.TestSuiteExecutor.execute(TestSuiteExecutor.java:91)
	at com.kms.katalon.core.main.TestCaseMain.startTestSuite(TestCaseMain.java:157)
	at com.kms.katalon.core.main.TestCaseMain$startTestSuite$0.call(Unknown Source)
	at TempTestSuite1587134892032.run(TempTestSuite1587134892032.groovy:36)
)
	at com.kms.katalon.core.keyword.internal.KeywordMain.stepFailed(KeywordMain.groovy:39)
	at com.kms.katalon.core.webui.keyword.internal.WebUIKeywordMain.stepFailed(WebUIKeywordMain.groovy:64)
	at com.kms.katalon.core.webui.keyword.builtin.VerifyTextPresentKeyword$_verifyTextPresent_closure1.doCall(VerifyTextPresentKeyword.groovy:79)
	at com.kms.katalon.core.webui.keyword.builtin.VerifyTextPresentKeyword$_verifyTextPresent_closure1.call(VerifyTextPresentKeyword.groovy)
	at com.kms.katalon.core.webui.keyword.internal.WebUIKeywordMain.runKeyword(WebUIKeywordMain.groovy:20)
	at com.kms.katalon.core.webui.keyword.builtin.VerifyTextPresentKeyword.verifyTextPresent(VerifyTextPresentKeyword.groovy:83)
	at com.kms.katalon.core.webui.keyword.builtin.VerifyTextPresentKeyword.execute(VerifyTextPresentKeyword.groovy:68)
	at com.kms.katalon.core.keyword.internal.KeywordExecutor.executeKeywordForPlatform(KeywordExecutor.groovy:72)
	at com.kms.katalon.core.webui.keyword.WebUiBuiltInKeywords.verifyTextPresent(WebUiBuiltInKeywords.groovy:1719)
	at com.kms.katalon.core.webui.keyword.WebUiBuiltInKeywords$verifyTextPresent$2.call(Unknown Source)
	at Company_Groups.run(Company_Groups:59)
	at com.kms.katalon.core.main.ScriptEngine.run(ScriptEngine.java:194)
	at com.kms.katalon.core.main.ScriptEngine.runScriptAsRawText(ScriptEngine.java:119)
	at com.kms.katalon.core.main.TestCaseExecutor.runScript(TestCaseExecutor.java:337)
	at com.kms.katalon.core.main.TestCaseExecutor.doExecute(TestCaseExecutor.java:328)
	at com.kms.katalon.core.main.TestCaseExecutor.processExecutionPhase(TestCaseExecutor.java:307)
	at com.kms.katalon.core.main.TestCaseExecutor.accessMainPhase(TestCaseExecutor.java:299)
	at com.kms.katalon.core.main.TestCaseExecutor.execute(TestCaseExecutor.java:233)
	at com.kms.katalon.core.main.TestCaseMain.runTestCase(TestCaseMain.java:114)
	at com.kms.katalon.core.keyword.builtin.CallTestCaseKeyword$_callTestCase_closure1.doCall(CallTestCaseKeyword.groovy:59)
	... 20 more
Caused by: com.kms.katalon.core.exception.StepFailedException: Text 'Add New Franchise' is not present on page 
	... 39 more
)

2020-04-17 16:14:34 - [TEST_STEP][PASSED] - "--------------------------": null

2020-04-17 16:14:34 - [TEST_STEP][PASSED] - " Teardown - CLose Browser |": null

2020-04-17 16:14:34 - [TEST_STEP][PASSED] - callTestCase(findTestCase("Reusable_Test_Sequences/CAT_Teardown"), [:], OPTIONAL): Call Test Case 'Test Cases/Reusable_Test_Sequences/CAT_Teardown' successfully

2020-04-17 16:14:34 - [TEST_CASE][PASSED] - Test Cases/Reusable_Test_Sequences/CAT_Teardown: Test Cases/Reusable_Test_Sequences/CAT_Teardown

2020-04-17 16:14:34 - [TEST_STEP][PASSED] - closeBrowser(): Browser is closed

2020-04-17 16:14:35 - [MESSAGE][PASSED] - Browser is closed

2020-04-17 16:14:35 - [TEST_STEP][PASSED] - super.finalize(): null

2020-04-17 16:14:35 - [TEST_STEP][PASSED] - System.gc(): null

2020-04-17 16:14:35 - [MESSAGE][PASSED] - Call Test Case 'Test Cases/Reusable_Test_Sequences/CAT_Teardown' successfully]]></system-out>
         <system-err><![CDATA[]]></system-err>
      </testcase>
      <testcase name="Test Cases/Web_Office/Settings/Web_Office/Marketing" time="13.775" classname="Test Cases/Web_Office/Settings/Web_Office/Marketing" status="PASSED">
         <system-out><![CDATA[2020-04-17 16:14:35 - [TEST_CASE][PASSED] - Test Cases/Web_Office/Settings/Web_Office/Marketing: Test Cases/Web_Office/Settings/Web_Office/Marketing

2020-04-17 16:14:35 - [TEST_STEP][PASSED] - "This Process Displays CREATE PROFILE PAGE? - No DIrect Reference to MARKETING? Check Correctness": null

2020-04-17 16:14:35 - [TEST_STEP][PASSED] - "--------------------------------------": null

2020-04-17 16:14:35 - [TEST_STEP][PASSED] - " Web Office StartUp                  |": null

2020-04-17 16:14:35 - [TEST_STEP][PASSED] - callTestCase(findTestCase("Reusable_Test_Sequences/Web_Office/Directives/WebOffice_StartUp"), [:], STOP_ON_FAILURE): Call Test Case 'Test Cases/Reusable_Test_Sequences/Web_Office/Directives/WebOffice_StartUp' successfully

2020-04-17 16:14:35 - [TEST_CASE][PASSED] - Test Cases/Reusable_Test_Sequences/Web_Office/Directives/WebOffice_StartUp: Test Cases/Reusable_Test_Sequences/Web_Office/Directives/WebOffice_StartUp

2020-04-17 16:14:35 - [TEST_STEP][PASSED] - "-----------------------------------------------------------------------------": null

2020-04-17 16:14:36 - [TEST_STEP][PASSED] - if (URL == "https://www.dev.checkatrade.com/"): null

2020-04-17 16:14:36 - [TEST_STEP][PASSED] - "-----------------------------------------------------------------------------": null

2020-04-17 16:14:36 - [TEST_STEP][PASSED] - if (URL == "https://www.checkatrade.com/"): null

2020-04-17 16:14:36 - [TEST_STEP][PASSED] - "-----------------------------------------------------------------------------": null

2020-04-17 16:14:36 - [TEST_STEP][PASSED] - if (URL == "https://www.preview.checkatrade.com/"): null

2020-04-17 16:14:36 - [TEST_STEP][PASSED] - WebOfficeURL = "https://admin.preview.checkatrade.com/": null

2020-04-17 16:14:36 - [TEST_STEP][PASSED] - if (URL == "https://www.dev2.checkatrade.com/"): null

2020-04-17 16:14:36 - [TEST_STEP][PASSED] - "Set Function Area for "URL_Handler", URL Resolution": null

2020-04-17 16:14:36 - [TEST_STEP][PASSED] - "Do Some Magic with URL(s) See the comments within URL Handler ": null

2020-04-17 16:14:36 - [TEST_STEP][PASSED] - "------------------------------------------------": null

2020-04-17 16:14:36 - [TEST_STEP][PASSED] - "Moved Login Credentials to <Default> profile 22/01/2020": null

2020-04-17 16:14:36 - [TEST_STEP][PASSED] - "------------------------------------------------": null

2020-04-17 16:14:36 - [TEST_STEP][PASSED] - "WebOfficeURL - Set from the ENVIRONMENT PROFILE ": null

2020-04-17 16:14:36 - [TEST_STEP][PASSED] - "OPEN BROWSER": null

2020-04-17 16:14:36 - [TEST_STEP][PASSED] - "eg - https://admin.preview.checkatrade.com/  ": null

2020-04-17 16:14:36 - [TEST_STEP][PASSED] - openBrowser(WebOfficeURL): Browser is opened with url: 'https://admin.preview.checkatrade.com/'

2020-04-17 16:14:36 - [MESSAGE][INFO] - Starting 'Chrome' driver

2020-04-17 16:14:36 - [MESSAGE][INFO] - Action delay is set to 0 milliseconds

2020-04-17 16:14:40 - [MESSAGE][PASSED] - Browser is opened with url: 'https://admin.preview.checkatrade.com/'

2020-04-17 16:14:40 - [TEST_STEP][PASSED] - maximizeWindow(): Current window maximized

2020-04-17 16:14:42 - [MESSAGE][PASSED] - Current window maximized

2020-04-17 16:14:42 - [TEST_STEP][PASSED] - waitForElementClickable(findTestObject("Object Repository/WebOffice/Page_Checkatrade - Administration - Login/Login_Button"), 25): Object 'Object Repository/WebOffice/Page_Checkatrade - Administration - Login/Login_Button' is clickable

2020-04-17 16:14:42 - [MESSAGE][PASSED] - Object 'Object Repository/WebOffice/Page_Checkatrade - Administration - Login/Login_Button' is clickable

2020-04-17 16:14:42 - [TEST_STEP][PASSED] - verifyTextPresent("Checkatrade Web Office", false): Text 'Checkatrade Web Office' is present on page 

2020-04-17 16:14:42 - [MESSAGE][PASSED] - Text 'Checkatrade Web Office' is present on page 

2020-04-17 16:14:42 - [TEST_STEP][PASSED] - verifyTextPresent("Access for staff use only", false): Text 'Access for staff use only' is present on page 

2020-04-17 16:14:42 - [MESSAGE][PASSED] - Text 'Access for staff use only' is present on page 

2020-04-17 16:14:42 - [TEST_STEP][PASSED] - verifyTextPresent("Forgotten password?", false): Text 'Forgotten password?' is present on page 

2020-04-17 16:14:42 - [MESSAGE][PASSED] - Text 'Forgotten password?' is present on page 

2020-04-17 16:14:42 - [TEST_STEP][PASSED] - setText(findTestObject("Object Repository/WebOffice/Page_Checkatrade - Administration - Login/input_Username_LoginControlUserName"), wo_Username): Text 'DavidHo' is set on object 'Object Repository/WebOffice/Page_Checkatrade - Administration - Login/input_Username_LoginControlUserName'

2020-04-17 16:14:42 - [MESSAGE][PASSED] - Text 'DavidHo' is set on object 'Object Repository/WebOffice/Page_Checkatrade - Administration - Login/input_Username_LoginControlUserName'

2020-04-17 16:14:42 - [TEST_STEP][PASSED] - setText(findTestObject("Object Repository/WebOffice/Page_Checkatrade - Administration - Login/input_Password_LoginControlPassword"), wo_Password): Text 'Check123' is set on object 'Object Repository/WebOffice/Page_Checkatrade - Administration - Login/input_Password_LoginControlPassword'

2020-04-17 16:14:42 - [MESSAGE][PASSED] - Text 'Check123' is set on object 'Object Repository/WebOffice/Page_Checkatrade - Administration - Login/input_Password_LoginControlPassword'

2020-04-17 16:14:42 - [TEST_STEP][PASSED] - click(findTestObject("Object Repository/WebOffice/Page_Checkatrade - Administration - Login/Login_Button")): Object: 'Object Repository/WebOffice/Page_Checkatrade - Administration - Login/Login_Button' is clicked on

2020-04-17 16:14:43 - [MESSAGE][PASSED] - Object: 'Object Repository/WebOffice/Page_Checkatrade - Administration - Login/Login_Button' is clicked on

2020-04-17 16:14:43 - [TEST_STEP][PASSED] - waitForPageLoad(60): Wait for page load successfully

2020-04-17 16:14:43 - [MESSAGE][PASSED] - Wait for page load successfully

2020-04-17 16:14:43 - [TEST_STEP][PASSED] - verifyTextPresent("Welcome " + wo_Username, false): Text 'Welcome DavidHo' is present on page 

2020-04-17 16:14:43 - [MESSAGE][PASSED] - Text 'Welcome DavidHo' is present on page 

2020-04-17 16:14:43 - [MESSAGE][PASSED] - Call Test Case 'Test Cases/Reusable_Test_Sequences/Web_Office/Directives/WebOffice_StartUp' successfully

2020-04-17 16:14:43 - [TEST_STEP][PASSED] - "-----------------------------------------------------------------": null

2020-04-17 16:14:43 - [TEST_STEP][PASSED] - " Navigate to <Settings->Checkatrade.Com->Sub Item> Menu Item     |": null

2020-04-17 16:14:43 - [TEST_STEP][PASSED] - callTestCase(findTestCase("Reusable_Test_Sequences/Web_Office/Navigation/Sub_Menu_Navigation/Settings/Web_Office/Marketing"), [:], STOP_ON_FAILURE): Call Test Case 'Test Cases/Reusable_Test_Sequences/Web_Office/Navigation/Sub_Menu_Navigation/Settings/Web_Office/Marketing' successfully

2020-04-17 16:14:43 - [TEST_CASE][PASSED] - Test Cases/Reusable_Test_Sequences/Web_Office/Navigation/Sub_Menu_Navigation/Settings/Web_Office/Marketing: Test Cases/Reusable_Test_Sequences/Web_Office/Navigation/Sub_Menu_Navigation/Settings/Web_Office/Marketing

2020-04-17 16:14:44 - [TEST_STEP][PASSED] - "--------------------------------------": null

2020-04-17 16:14:44 - [TEST_STEP][PASSED] - " Navigate Top level menu Item         |": null

2020-04-17 16:14:44 - [TEST_STEP][PASSED] - waitForPageLoad(60): Wait for page load successfully

2020-04-17 16:14:44 - [MESSAGE][PASSED] - Wait for page load successfully

2020-04-17 16:14:44 - [TEST_STEP][PASSED] - waitForElementClickable(findTestObject("Object Repository/WebOffice_Home_page/a_Settings"), 60): Object 'Object Repository/WebOffice_Home_page/a_Settings' is clickable

2020-04-17 16:14:44 - [MESSAGE][PASSED] - Object 'Object Repository/WebOffice_Home_page/a_Settings' is clickable

2020-04-17 16:14:44 - [TEST_STEP][PASSED] - mouseOver(findTestObject("Object Repository/WebOffice_Home_page/a_Settings")): Object: 'Object Repository/WebOffice_Home_page/a_Settings' is hovered

2020-04-17 16:14:44 - [MESSAGE][PASSED] - Object: 'Object Repository/WebOffice_Home_page/a_Settings' is hovered

2020-04-17 16:14:44 - [TEST_STEP][PASSED] - mouseOver(findTestObject("Object Repository/WebOffice_Home_page/a_Web Office")): Object: 'Object Repository/WebOffice_Home_page/a_Web Office' is hovered

2020-04-17 16:14:44 - [MESSAGE][PASSED] - Object: 'Object Repository/WebOffice_Home_page/a_Web Office' is hovered

2020-04-17 16:14:44 - [TEST_STEP][PASSED] - waitForElementClickable(findTestObject("Object Repository/WebOffice_Home_page/a_Marketing"), 1): Object 'Object Repository/WebOffice_Home_page/a_Marketing' is clickable

2020-04-17 16:14:44 - [MESSAGE][PASSED] - Object 'Object Repository/WebOffice_Home_page/a_Marketing' is clickable

2020-04-17 16:14:44 - [TEST_STEP][PASSED] - click(findTestObject("Object Repository/WebOffice_Home_page/a_Marketing")): Object: 'Object Repository/WebOffice_Home_page/a_Marketing' is clicked on

2020-04-17 16:14:46 - [MESSAGE][PASSED] - Object: 'Object Repository/WebOffice_Home_page/a_Marketing' is clicked on

2020-04-17 16:14:46 - [MESSAGE][PASSED] - Call Test Case 'Test Cases/Reusable_Test_Sequences/Web_Office/Navigation/Sub_Menu_Navigation/Settings/Web_Office/Marketing' successfully

2020-04-17 16:14:46 - [TEST_STEP][PASSED] - "--------------------------------------": null

2020-04-17 16:14:46 - [TEST_STEP][PASSED] - " Verify Returned Page Detail          |": null

2020-04-17 16:14:46 - [TEST_STEP][PASSED] - callTestCase(findTestCase("Reusable_Test_Sequences/Web_Office/Verification/Settings/Web_Office/Marketing"), [:], OPTIONAL): Call Test Case 'Test Cases/Reusable_Test_Sequences/Web_Office/Verification/Settings/Web_Office/Marketing' successfully

2020-04-17 16:14:46 - [TEST_CASE][PASSED] - Test Cases/Reusable_Test_Sequences/Web_Office/Verification/Settings/Web_Office/Marketing: Test Cases/Reusable_Test_Sequences/Web_Office/Verification/Settings/Web_Office/Marketing

2020-04-17 16:14:46 - [TEST_STEP][PASSED] - waitForPageLoad(60): Wait for page load successfully

2020-04-17 16:14:46 - [MESSAGE][PASSED] - Wait for page load successfully

2020-04-17 16:14:46 - [TEST_STEP][PASSED] - delay(1): Delayed 1 second(s)

2020-04-17 16:14:47 - [MESSAGE][PASSED] - Delayed 1 second(s)

2020-04-17 16:14:47 - [TEST_STEP][PASSED] - verifyTextPresent("Create Profile Page", false): Text 'Create Profile Page' is present on page 

2020-04-17 16:14:48 - [MESSAGE][PASSED] - Text 'Create Profile Page' is present on page 

2020-04-17 16:14:48 - [TEST_STEP][PASSED] - "----------------------------------------------": null

2020-04-17 16:14:48 - [TEST_STEP][PASSED] - verifyTextPresent("Validate ID", false): Text 'Validate ID' is present on page 

2020-04-17 16:14:48 - [MESSAGE][PASSED] - Text 'Validate ID' is present on page 

2020-04-17 16:14:48 - [TEST_STEP][PASSED] - verifyTextPresent("TTR ID", false): Text 'TTR ID' is present on page 

2020-04-17 16:14:48 - [MESSAGE][PASSED] - Text 'TTR ID' is present on page 

2020-04-17 16:14:48 - [MESSAGE][PASSED] - Call Test Case 'Test Cases/Reusable_Test_Sequences/Web_Office/Verification/Settings/Web_Office/Marketing' successfully

2020-04-17 16:14:48 - [TEST_STEP][PASSED] - "--------------------------": null

2020-04-17 16:14:48 - [TEST_STEP][PASSED] - " Teardown - CLose Browser |": null

2020-04-17 16:14:48 - [TEST_STEP][PASSED] - callTestCase(findTestCase("Reusable_Test_Sequences/CAT_Teardown"), [:], OPTIONAL): Call Test Case 'Test Cases/Reusable_Test_Sequences/CAT_Teardown' successfully

2020-04-17 16:14:48 - [TEST_CASE][PASSED] - Test Cases/Reusable_Test_Sequences/CAT_Teardown: Test Cases/Reusable_Test_Sequences/CAT_Teardown

2020-04-17 16:14:48 - [TEST_STEP][PASSED] - closeBrowser(): Browser is closed

2020-04-17 16:14:49 - [MESSAGE][PASSED] - Browser is closed

2020-04-17 16:14:49 - [TEST_STEP][PASSED] - super.finalize(): null

2020-04-17 16:14:49 - [TEST_STEP][PASSED] - System.gc(): null

2020-04-17 16:14:49 - [MESSAGE][PASSED] - Call Test Case 'Test Cases/Reusable_Test_Sequences/CAT_Teardown' successfully]]></system-out>
         <system-err><![CDATA[]]></system-err>
      </testcase>
      <testcase name="Test Cases/Web_Office/Settings/Web_Office/Marketing_Sources" time="18.603" classname="Test Cases/Web_Office/Settings/Web_Office/Marketing_Sources" status="PASSED">
         <system-out><![CDATA[2020-04-17 16:14:49 - [TEST_CASE][PASSED] - Test Cases/Web_Office/Settings/Web_Office/Marketing_Sources: Test Cases/Web_Office/Settings/Web_Office/Marketing_Sources

2020-04-17 16:14:49 - [TEST_STEP][PASSED] - "--------------------------------------": null

2020-04-17 16:14:49 - [TEST_STEP][PASSED] - " Web Office StartUp                  |": null

2020-04-17 16:14:49 - [TEST_STEP][PASSED] - callTestCase(findTestCase("Reusable_Test_Sequences/Web_Office/Directives/WebOffice_StartUp"), [:], STOP_ON_FAILURE): Call Test Case 'Test Cases/Reusable_Test_Sequences/Web_Office/Directives/WebOffice_StartUp' successfully

2020-04-17 16:14:49 - [TEST_CASE][PASSED] - Test Cases/Reusable_Test_Sequences/Web_Office/Directives/WebOffice_StartUp: Test Cases/Reusable_Test_Sequences/Web_Office/Directives/WebOffice_StartUp

2020-04-17 16:14:49 - [TEST_STEP][PASSED] - "-----------------------------------------------------------------------------": null

2020-04-17 16:14:49 - [TEST_STEP][PASSED] - if (URL == "https://www.dev.checkatrade.com/"): null

2020-04-17 16:14:49 - [TEST_STEP][PASSED] - "-----------------------------------------------------------------------------": null

2020-04-17 16:14:49 - [TEST_STEP][PASSED] - if (URL == "https://www.checkatrade.com/"): null

2020-04-17 16:14:49 - [TEST_STEP][PASSED] - "-----------------------------------------------------------------------------": null

2020-04-17 16:14:49 - [TEST_STEP][PASSED] - if (URL == "https://www.preview.checkatrade.com/"): null

2020-04-17 16:14:49 - [TEST_STEP][PASSED] - WebOfficeURL = "https://admin.preview.checkatrade.com/": null

2020-04-17 16:14:49 - [TEST_STEP][PASSED] - if (URL == "https://www.dev2.checkatrade.com/"): null

2020-04-17 16:14:49 - [TEST_STEP][PASSED] - "Set Function Area for "URL_Handler", URL Resolution": null

2020-04-17 16:14:49 - [TEST_STEP][PASSED] - "Do Some Magic with URL(s) See the comments within URL Handler ": null

2020-04-17 16:14:49 - [TEST_STEP][PASSED] - "------------------------------------------------": null

2020-04-17 16:14:49 - [TEST_STEP][PASSED] - "Moved Login Credentials to <Default> profile 22/01/2020": null

2020-04-17 16:14:49 - [TEST_STEP][PASSED] - "------------------------------------------------": null

2020-04-17 16:14:49 - [TEST_STEP][PASSED] - "WebOfficeURL - Set from the ENVIRONMENT PROFILE ": null

2020-04-17 16:14:49 - [TEST_STEP][PASSED] - "OPEN BROWSER": null

2020-04-17 16:14:49 - [TEST_STEP][PASSED] - "eg - https://admin.preview.checkatrade.com/  ": null

2020-04-17 16:14:49 - [TEST_STEP][PASSED] - openBrowser(WebOfficeURL): Browser is opened with url: 'https://admin.preview.checkatrade.com/'

2020-04-17 16:14:49 - [MESSAGE][INFO] - Starting 'Chrome' driver

2020-04-17 16:14:49 - [MESSAGE][INFO] - Action delay is set to 0 milliseconds

2020-04-17 16:14:54 - [MESSAGE][PASSED] - Browser is opened with url: 'https://admin.preview.checkatrade.com/'

2020-04-17 16:14:54 - [TEST_STEP][PASSED] - maximizeWindow(): Current window maximized

2020-04-17 16:14:56 - [MESSAGE][PASSED] - Current window maximized

2020-04-17 16:14:56 - [TEST_STEP][PASSED] - waitForElementClickable(findTestObject("Object Repository/WebOffice/Page_Checkatrade - Administration - Login/Login_Button"), 25): Object 'Object Repository/WebOffice/Page_Checkatrade - Administration - Login/Login_Button' is clickable

2020-04-17 16:14:56 - [MESSAGE][PASSED] - Object 'Object Repository/WebOffice/Page_Checkatrade - Administration - Login/Login_Button' is clickable

2020-04-17 16:14:56 - [TEST_STEP][PASSED] - verifyTextPresent("Checkatrade Web Office", false): Text 'Checkatrade Web Office' is present on page 

2020-04-17 16:14:56 - [MESSAGE][PASSED] - Text 'Checkatrade Web Office' is present on page 

2020-04-17 16:14:56 - [TEST_STEP][PASSED] - verifyTextPresent("Access for staff use only", false): Text 'Access for staff use only' is present on page 

2020-04-17 16:14:57 - [MESSAGE][PASSED] - Text 'Access for staff use only' is present on page 

2020-04-17 16:14:57 - [TEST_STEP][PASSED] - verifyTextPresent("Forgotten password?", false): Text 'Forgotten password?' is present on page 

2020-04-17 16:14:57 - [MESSAGE][PASSED] - Text 'Forgotten password?' is present on page 

2020-04-17 16:14:57 - [TEST_STEP][PASSED] - setText(findTestObject("Object Repository/WebOffice/Page_Checkatrade - Administration - Login/input_Username_LoginControlUserName"), wo_Username): Text 'DavidHo' is set on object 'Object Repository/WebOffice/Page_Checkatrade - Administration - Login/input_Username_LoginControlUserName'

2020-04-17 16:14:57 - [MESSAGE][PASSED] - Text 'DavidHo' is set on object 'Object Repository/WebOffice/Page_Checkatrade - Administration - Login/input_Username_LoginControlUserName'

2020-04-17 16:14:57 - [TEST_STEP][PASSED] - setText(findTestObject("Object Repository/WebOffice/Page_Checkatrade - Administration - Login/input_Password_LoginControlPassword"), wo_Password): Text 'Check123' is set on object 'Object Repository/WebOffice/Page_Checkatrade - Administration - Login/input_Password_LoginControlPassword'

2020-04-17 16:14:57 - [MESSAGE][PASSED] - Text 'Check123' is set on object 'Object Repository/WebOffice/Page_Checkatrade - Administration - Login/input_Password_LoginControlPassword'

2020-04-17 16:14:57 - [TEST_STEP][PASSED] - click(findTestObject("Object Repository/WebOffice/Page_Checkatrade - Administration - Login/Login_Button")): Object: 'Object Repository/WebOffice/Page_Checkatrade - Administration - Login/Login_Button' is clicked on

2020-04-17 16:14:58 - [MESSAGE][PASSED] - Object: 'Object Repository/WebOffice/Page_Checkatrade - Administration - Login/Login_Button' is clicked on

2020-04-17 16:14:58 - [TEST_STEP][PASSED] - waitForPageLoad(60): Wait for page load successfully

2020-04-17 16:14:58 - [MESSAGE][PASSED] - Wait for page load successfully

2020-04-17 16:14:58 - [TEST_STEP][PASSED] - verifyTextPresent("Welcome " + wo_Username, false): Text 'Welcome DavidHo' is present on page 

2020-04-17 16:14:59 - [MESSAGE][PASSED] - Text 'Welcome DavidHo' is present on page 

2020-04-17 16:14:59 - [MESSAGE][PASSED] - Call Test Case 'Test Cases/Reusable_Test_Sequences/Web_Office/Directives/WebOffice_StartUp' successfully

2020-04-17 16:14:59 - [TEST_STEP][PASSED] - "-----------------------------------------------------------------": null

2020-04-17 16:14:59 - [TEST_STEP][PASSED] - " Navigate to <Settings->Checkatrade.Com->Sub Item> Menu Item     |": null

2020-04-17 16:14:59 - [TEST_STEP][PASSED] - callTestCase(findTestCase("Reusable_Test_Sequences/Web_Office/Navigation/Sub_Menu_Navigation/Settings/Web_Office/Marketing_Sources"), [:], STOP_ON_FAILURE): Call Test Case 'Test Cases/Reusable_Test_Sequences/Web_Office/Navigation/Sub_Menu_Navigation/Settings/Web_Office/Marketing_Sources' successfully

2020-04-17 16:14:59 - [TEST_CASE][PASSED] - Test Cases/Reusable_Test_Sequences/Web_Office/Navigation/Sub_Menu_Navigation/Settings/Web_Office/Marketing_Sources: Test Cases/Reusable_Test_Sequences/Web_Office/Navigation/Sub_Menu_Navigation/Settings/Web_Office/Marketing_Sources

2020-04-17 16:15:00 - [TEST_STEP][PASSED] - "--------------------------------------": null

2020-04-17 16:15:00 - [TEST_STEP][PASSED] - " Navigate Top level menu Item         |": null

2020-04-17 16:15:00 - [TEST_STEP][PASSED] - waitForPageLoad(60): Wait for page load successfully

2020-04-17 16:15:00 - [MESSAGE][PASSED] - Wait for page load successfully

2020-04-17 16:15:00 - [TEST_STEP][PASSED] - waitForElementClickable(findTestObject("Object Repository/WebOffice_Home_page/a_Settings"), 60): Object 'Object Repository/WebOffice_Home_page/a_Settings' is clickable

2020-04-17 16:15:00 - [MESSAGE][PASSED] - Object 'Object Repository/WebOffice_Home_page/a_Settings' is clickable

2020-04-17 16:15:00 - [TEST_STEP][PASSED] - mouseOver(findTestObject("Object Repository/WebOffice_Home_page/a_Settings")): Object: 'Object Repository/WebOffice_Home_page/a_Settings' is hovered

2020-04-17 16:15:00 - [MESSAGE][PASSED] - Object: 'Object Repository/WebOffice_Home_page/a_Settings' is hovered

2020-04-17 16:15:00 - [TEST_STEP][PASSED] - mouseOver(findTestObject("Object Repository/WebOffice_Home_page/a_Web Office")): Object: 'Object Repository/WebOffice_Home_page/a_Web Office' is hovered

2020-04-17 16:15:00 - [MESSAGE][PASSED] - Object: 'Object Repository/WebOffice_Home_page/a_Web Office' is hovered

2020-04-17 16:15:00 - [TEST_STEP][PASSED] - waitForElementClickable(findTestObject("Object Repository/WebOffice_Home_page/a_Marketing Sources"), 1): Object 'Object Repository/WebOffice_Home_page/a_Marketing Sources' is clickable

2020-04-17 16:15:01 - [MESSAGE][PASSED] - Object 'Object Repository/WebOffice_Home_page/a_Marketing Sources' is clickable

2020-04-17 16:15:01 - [TEST_STEP][PASSED] - click(findTestObject("Object Repository/WebOffice_Home_page/a_Marketing SOurces")): Object: 'Object Repository/WebOffice_Home_page/a_Marketing SOurces' is clicked on

2020-04-17 16:15:02 - [MESSAGE][PASSED] - Object: 'Object Repository/WebOffice_Home_page/a_Marketing SOurces' is clicked on

2020-04-17 16:15:02 - [MESSAGE][PASSED] - Call Test Case 'Test Cases/Reusable_Test_Sequences/Web_Office/Navigation/Sub_Menu_Navigation/Settings/Web_Office/Marketing_Sources' successfully

2020-04-17 16:15:02 - [TEST_STEP][PASSED] - "--------------------------------------": null

2020-04-17 16:15:02 - [TEST_STEP][PASSED] - " Verify Returned Page Detail          |": null

2020-04-17 16:15:02 - [TEST_STEP][PASSED] - callTestCase(findTestCase("Reusable_Test_Sequences/Web_Office/Verification/Settings/Web_Office/Marketing_Sources"), [:], OPTIONAL): Call Test Case 'Test Cases/Reusable_Test_Sequences/Web_Office/Verification/Settings/Web_Office/Marketing_Sources' successfully

2020-04-17 16:15:02 - [TEST_CASE][PASSED] - Test Cases/Reusable_Test_Sequences/Web_Office/Verification/Settings/Web_Office/Marketing_Sources: Test Cases/Reusable_Test_Sequences/Web_Office/Verification/Settings/Web_Office/Marketing_Sources

2020-04-17 16:15:02 - [TEST_STEP][PASSED] - waitForPageLoad(60): Wait for page load successfully

2020-04-17 16:15:02 - [MESSAGE][PASSED] - Wait for page load successfully

2020-04-17 16:15:02 - [TEST_STEP][PASSED] - delay(1): Delayed 1 second(s)

2020-04-17 16:15:03 - [MESSAGE][PASSED] - Delayed 1 second(s)

2020-04-17 16:15:03 - [TEST_STEP][PASSED] - verifyTextPresent("Marketing Sources", false): Text 'Marketing Sources' is present on page 

2020-04-17 16:15:04 - [MESSAGE][PASSED] - Text 'Marketing Sources' is present on page 

2020-04-17 16:15:04 - [TEST_STEP][PASSED] - "----------------------------------------------": null

2020-04-17 16:15:04 - [TEST_STEP][PASSED] - verifyTextPresent("Name", false): Text 'Name' is present on page 

2020-04-17 16:15:04 - [MESSAGE][PASSED] - Text 'Name' is present on page 

2020-04-17 16:15:04 - [TEST_STEP][PASSED] - verifyTextPresent("Is active", false): Text 'Is active' is present on page 

2020-04-17 16:15:04 - [MESSAGE][PASSED] - Text 'Is active' is present on page 

2020-04-17 16:15:04 - [TEST_STEP][PASSED] - "----------------------------------------------": null

2020-04-17 16:15:04 - [TEST_STEP][PASSED] - "----------------------------------------------": null

2020-04-17 16:15:04 - [TEST_STEP][PASSED] - "----------------------------------------------": null

2020-04-17 16:15:04 - [TEST_STEP][PASSED] - verifyTextPresent("Active", false): Text 'Active' is present on page 

2020-04-17 16:15:04 - [MESSAGE][PASSED] - Text 'Active' is present on page 

2020-04-17 16:15:04 - [TEST_STEP][PASSED] - verifyTextPresent("Description", false): Text 'Description' is present on page 

2020-04-17 16:15:05 - [MESSAGE][PASSED] - Text 'Description' is present on page 

2020-04-17 16:15:05 - [TEST_STEP][PASSED] - verifyTextPresent("Members", false): Text 'Members' is present on page 

2020-04-17 16:15:05 - [MESSAGE][PASSED] - Text 'Members' is present on page 

2020-04-17 16:15:05 - [TEST_STEP][PASSED] - "----------------------------------------------": null

2020-04-17 16:15:05 - [TEST_STEP][PASSED] - verifyTextPresent("Directory Enquiry", false): Text 'Directory Enquiry' is present on page 

2020-04-17 16:15:05 - [MESSAGE][PASSED] - Text 'Directory Enquiry' is present on page 

2020-04-17 16:15:05 - [TEST_STEP][PASSED] - verifyTextPresent("TV Campaign", false): Text 'TV Campaign' is present on page 

2020-04-17 16:15:06 - [MESSAGE][PASSED] - Text 'TV Campaign' is present on page 

2020-04-17 16:15:06 - [TEST_STEP][PASSED] - verifyTextPresent("SMS", false): Text 'SMS' is present on page 

2020-04-17 16:15:06 - [MESSAGE][PASSED] - Text 'SMS' is present on page 

2020-04-17 16:15:06 - [TEST_STEP][PASSED] - verifyTextPresent("Radio Campaign", false): Text 'Radio Campaign' is present on page 

2020-04-17 16:15:06 - [MESSAGE][PASSED] - Text 'Radio Campaign' is present on page 

2020-04-17 16:15:06 - [TEST_STEP][PASSED] - verifyTextPresent("Lapsed", false): Text 'Lapsed' is present on page 

2020-04-17 16:15:06 - [MESSAGE][PASSED] - Text 'Lapsed' is present on page 

2020-04-17 16:15:06 - [TEST_STEP][PASSED] - verifyTextPresent("Edit Source", false): Text 'Edit Source' is present on page 

2020-04-17 16:15:07 - [MESSAGE][PASSED] - Text 'Edit Source' is present on page 

2020-04-17 16:15:07 - [MESSAGE][PASSED] - Call Test Case 'Test Cases/Reusable_Test_Sequences/Web_Office/Verification/Settings/Web_Office/Marketing_Sources' successfully

2020-04-17 16:15:07 - [TEST_STEP][PASSED] - "--------------------------": null

2020-04-17 16:15:07 - [TEST_STEP][PASSED] - " Teardown - CLose Browser |": null

2020-04-17 16:15:07 - [TEST_STEP][PASSED] - callTestCase(findTestCase("Reusable_Test_Sequences/CAT_Teardown"), [:], OPTIONAL): Call Test Case 'Test Cases/Reusable_Test_Sequences/CAT_Teardown' successfully

2020-04-17 16:15:07 - [TEST_CASE][PASSED] - Test Cases/Reusable_Test_Sequences/CAT_Teardown: Test Cases/Reusable_Test_Sequences/CAT_Teardown

2020-04-17 16:15:07 - [TEST_STEP][PASSED] - closeBrowser(): Browser is closed

2020-04-17 16:15:07 - [MESSAGE][PASSED] - Browser is closed

2020-04-17 16:15:07 - [TEST_STEP][PASSED] - super.finalize(): null

2020-04-17 16:15:07 - [TEST_STEP][PASSED] - System.gc(): null

2020-04-17 16:15:08 - [MESSAGE][PASSED] - Call Test Case 'Test Cases/Reusable_Test_Sequences/CAT_Teardown' successfully]]></system-out>
         <system-err><![CDATA[]]></system-err>
      </testcase>
      <testcase name="Test Cases/Web_Office/Settings/Web_Office/Marketing_Campaigns" time="18.602" classname="Test Cases/Web_Office/Settings/Web_Office/Marketing_Campaigns" status="PASSED">
         <system-out><![CDATA[2020-04-17 16:15:08 - [TEST_CASE][PASSED] - Test Cases/Web_Office/Settings/Web_Office/Marketing_Campaigns: Test Cases/Web_Office/Settings/Web_Office/Marketing_Campaigns

2020-04-17 16:15:08 - [TEST_STEP][PASSED] - "--------------------------------------": null

2020-04-17 16:15:08 - [TEST_STEP][PASSED] - " Web Office StartUp                  |": null

2020-04-17 16:15:08 - [TEST_STEP][PASSED] - callTestCase(findTestCase("Reusable_Test_Sequences/Web_Office/Directives/WebOffice_StartUp"), [:], STOP_ON_FAILURE): Call Test Case 'Test Cases/Reusable_Test_Sequences/Web_Office/Directives/WebOffice_StartUp' successfully

2020-04-17 16:15:08 - [TEST_CASE][PASSED] - Test Cases/Reusable_Test_Sequences/Web_Office/Directives/WebOffice_StartUp: Test Cases/Reusable_Test_Sequences/Web_Office/Directives/WebOffice_StartUp

2020-04-17 16:15:08 - [TEST_STEP][PASSED] - "-----------------------------------------------------------------------------": null

2020-04-17 16:15:08 - [TEST_STEP][PASSED] - if (URL == "https://www.dev.checkatrade.com/"): null

2020-04-17 16:15:08 - [TEST_STEP][PASSED] - "-----------------------------------------------------------------------------": null

2020-04-17 16:15:08 - [TEST_STEP][PASSED] - if (URL == "https://www.checkatrade.com/"): null

2020-04-17 16:15:08 - [TEST_STEP][PASSED] - "-----------------------------------------------------------------------------": null

2020-04-17 16:15:08 - [TEST_STEP][PASSED] - if (URL == "https://www.preview.checkatrade.com/"): null

2020-04-17 16:15:08 - [TEST_STEP][PASSED] - WebOfficeURL = "https://admin.preview.checkatrade.com/": null

2020-04-17 16:15:08 - [TEST_STEP][PASSED] - if (URL == "https://www.dev2.checkatrade.com/"): null

2020-04-17 16:15:08 - [TEST_STEP][PASSED] - "Set Function Area for "URL_Handler", URL Resolution": null

2020-04-17 16:15:08 - [TEST_STEP][PASSED] - "Do Some Magic with URL(s) See the comments within URL Handler ": null

2020-04-17 16:15:08 - [TEST_STEP][PASSED] - "------------------------------------------------": null

2020-04-17 16:15:08 - [TEST_STEP][PASSED] - "Moved Login Credentials to <Default> profile 22/01/2020": null

2020-04-17 16:15:08 - [TEST_STEP][PASSED] - "------------------------------------------------": null

2020-04-17 16:15:08 - [TEST_STEP][PASSED] - "WebOfficeURL - Set from the ENVIRONMENT PROFILE ": null

2020-04-17 16:15:08 - [TEST_STEP][PASSED] - "OPEN BROWSER": null

2020-04-17 16:15:08 - [TEST_STEP][PASSED] - "eg - https://admin.preview.checkatrade.com/  ": null

2020-04-17 16:15:08 - [TEST_STEP][PASSED] - openBrowser(WebOfficeURL): Browser is opened with url: 'https://admin.preview.checkatrade.com/'

2020-04-17 16:15:08 - [MESSAGE][INFO] - Starting 'Chrome' driver

2020-04-17 16:15:08 - [MESSAGE][INFO] - Action delay is set to 0 milliseconds

2020-04-17 16:15:13 - [MESSAGE][PASSED] - Browser is opened with url: 'https://admin.preview.checkatrade.com/'

2020-04-17 16:15:13 - [TEST_STEP][PASSED] - maximizeWindow(): Current window maximized

2020-04-17 16:15:15 - [MESSAGE][PASSED] - Current window maximized

2020-04-17 16:15:15 - [TEST_STEP][PASSED] - waitForElementClickable(findTestObject("Object Repository/WebOffice/Page_Checkatrade - Administration - Login/Login_Button"), 25): Object 'Object Repository/WebOffice/Page_Checkatrade - Administration - Login/Login_Button' is clickable

2020-04-17 16:15:15 - [MESSAGE][PASSED] - Object 'Object Repository/WebOffice/Page_Checkatrade - Administration - Login/Login_Button' is clickable

2020-04-17 16:15:15 - [TEST_STEP][PASSED] - verifyTextPresent("Checkatrade Web Office", false): Text 'Checkatrade Web Office' is present on page 

2020-04-17 16:15:15 - [MESSAGE][PASSED] - Text 'Checkatrade Web Office' is present on page 

2020-04-17 16:15:15 - [TEST_STEP][PASSED] - verifyTextPresent("Access for staff use only", false): Text 'Access for staff use only' is present on page 

2020-04-17 16:15:15 - [MESSAGE][PASSED] - Text 'Access for staff use only' is present on page 

2020-04-17 16:15:15 - [TEST_STEP][PASSED] - verifyTextPresent("Forgotten password?", false): Text 'Forgotten password?' is present on page 

2020-04-17 16:15:15 - [MESSAGE][PASSED] - Text 'Forgotten password?' is present on page 

2020-04-17 16:15:15 - [TEST_STEP][PASSED] - setText(findTestObject("Object Repository/WebOffice/Page_Checkatrade - Administration - Login/input_Username_LoginControlUserName"), wo_Username): Text 'DavidHo' is set on object 'Object Repository/WebOffice/Page_Checkatrade - Administration - Login/input_Username_LoginControlUserName'

2020-04-17 16:15:16 - [MESSAGE][PASSED] - Text 'DavidHo' is set on object 'Object Repository/WebOffice/Page_Checkatrade - Administration - Login/input_Username_LoginControlUserName'

2020-04-17 16:15:16 - [TEST_STEP][PASSED] - setText(findTestObject("Object Repository/WebOffice/Page_Checkatrade - Administration - Login/input_Password_LoginControlPassword"), wo_Password): Text 'Check123' is set on object 'Object Repository/WebOffice/Page_Checkatrade - Administration - Login/input_Password_LoginControlPassword'

2020-04-17 16:15:16 - [MESSAGE][PASSED] - Text 'Check123' is set on object 'Object Repository/WebOffice/Page_Checkatrade - Administration - Login/input_Password_LoginControlPassword'

2020-04-17 16:15:16 - [TEST_STEP][PASSED] - click(findTestObject("Object Repository/WebOffice/Page_Checkatrade - Administration - Login/Login_Button")): Object: 'Object Repository/WebOffice/Page_Checkatrade - Administration - Login/Login_Button' is clicked on

2020-04-17 16:15:17 - [MESSAGE][PASSED] - Object: 'Object Repository/WebOffice/Page_Checkatrade - Administration - Login/Login_Button' is clicked on

2020-04-17 16:15:17 - [TEST_STEP][PASSED] - waitForPageLoad(60): Wait for page load successfully

2020-04-17 16:15:17 - [MESSAGE][PASSED] - Wait for page load successfully

2020-04-17 16:15:17 - [TEST_STEP][PASSED] - verifyTextPresent("Welcome " + wo_Username, false): Text 'Welcome DavidHo' is present on page 

2020-04-17 16:15:17 - [MESSAGE][PASSED] - Text 'Welcome DavidHo' is present on page 

2020-04-17 16:15:17 - [MESSAGE][PASSED] - Call Test Case 'Test Cases/Reusable_Test_Sequences/Web_Office/Directives/WebOffice_StartUp' successfully

2020-04-17 16:15:17 - [TEST_STEP][PASSED] - "-----------------------------------------------------------------": null

2020-04-17 16:15:17 - [TEST_STEP][PASSED] - " Navigate to <Settings->Checkatrade.Com->Sub Item> Menu Item     |": null

2020-04-17 16:15:17 - [TEST_STEP][PASSED] - callTestCase(findTestCase("Reusable_Test_Sequences/Web_Office/Navigation/Sub_Menu_Navigation/Settings/Web_Office/Marketing_Campaigns"), [:], STOP_ON_FAILURE): Call Test Case 'Test Cases/Reusable_Test_Sequences/Web_Office/Navigation/Sub_Menu_Navigation/Settings/Web_Office/Marketing_Campaigns' successfully

2020-04-17 16:15:17 - [TEST_CASE][PASSED] - Test Cases/Reusable_Test_Sequences/Web_Office/Navigation/Sub_Menu_Navigation/Settings/Web_Office/Marketing_Campaigns: Test Cases/Reusable_Test_Sequences/Web_Office/Navigation/Sub_Menu_Navigation/Settings/Web_Office/Marketing_Campaigns

2020-04-17 16:15:18 - [TEST_STEP][PASSED] - "--------------------------------------": null

2020-04-17 16:15:18 - [TEST_STEP][PASSED] - " Navigate Top level menu Item         |": null

2020-04-17 16:15:18 - [TEST_STEP][PASSED] - waitForPageLoad(60): Wait for page load successfully

2020-04-17 16:15:18 - [MESSAGE][PASSED] - Wait for page load successfully

2020-04-17 16:15:18 - [TEST_STEP][PASSED] - waitForElementClickable(findTestObject("Object Repository/WebOffice_Home_page/a_Settings"), 60): Object 'Object Repository/WebOffice_Home_page/a_Settings' is clickable

2020-04-17 16:15:18 - [MESSAGE][PASSED] - Object 'Object Repository/WebOffice_Home_page/a_Settings' is clickable

2020-04-17 16:15:18 - [TEST_STEP][PASSED] - mouseOver(findTestObject("Object Repository/WebOffice_Home_page/a_Settings")): Object: 'Object Repository/WebOffice_Home_page/a_Settings' is hovered

2020-04-17 16:15:18 - [MESSAGE][PASSED] - Object: 'Object Repository/WebOffice_Home_page/a_Settings' is hovered

2020-04-17 16:15:18 - [TEST_STEP][PASSED] - mouseOver(findTestObject("Object Repository/WebOffice_Home_page/a_Web Office")): Object: 'Object Repository/WebOffice_Home_page/a_Web Office' is hovered

2020-04-17 16:15:18 - [MESSAGE][PASSED] - Object: 'Object Repository/WebOffice_Home_page/a_Web Office' is hovered

2020-04-17 16:15:18 - [TEST_STEP][PASSED] - waitForElementClickable(findTestObject("Object Repository/WebOffice_Home_page/a_Marketing Campaigns"), 1): Object 'Object Repository/WebOffice_Home_page/a_Marketing Campaigns' is clickable

2020-04-17 16:15:19 - [MESSAGE][PASSED] - Object 'Object Repository/WebOffice_Home_page/a_Marketing Campaigns' is clickable

2020-04-17 16:15:19 - [TEST_STEP][PASSED] - click(findTestObject("Object Repository/WebOffice_Home_page/a_Marketing Campaigns")): Object: 'Object Repository/WebOffice_Home_page/a_Marketing Campaigns' is clicked on

2020-04-17 16:15:19 - [MESSAGE][PASSED] - Object: 'Object Repository/WebOffice_Home_page/a_Marketing Campaigns' is clicked on

2020-04-17 16:15:19 - [MESSAGE][PASSED] - Call Test Case 'Test Cases/Reusable_Test_Sequences/Web_Office/Navigation/Sub_Menu_Navigation/Settings/Web_Office/Marketing_Campaigns' successfully

2020-04-17 16:15:19 - [TEST_STEP][PASSED] - "--------------------------------------": null

2020-04-17 16:15:19 - [TEST_STEP][PASSED] - " Verify Returned Page Detail          |": null

2020-04-17 16:15:19 - [TEST_STEP][PASSED] - callTestCase(findTestCase("Reusable_Test_Sequences/Web_Office/Verification/Settings/Web_Office/Marketing_Campaigns"), [:], OPTIONAL): Call Test Case 'Test Cases/Reusable_Test_Sequences/Web_Office/Verification/Settings/Web_Office/Marketing_Campaigns' successfully

2020-04-17 16:15:19 - [TEST_CASE][PASSED] - Test Cases/Reusable_Test_Sequences/Web_Office/Verification/Settings/Web_Office/Marketing_Campaigns: Test Cases/Reusable_Test_Sequences/Web_Office/Verification/Settings/Web_Office/Marketing_Campaigns

2020-04-17 16:15:20 - [TEST_STEP][PASSED] - waitForPageLoad(60): Wait for page load successfully

2020-04-17 16:15:20 - [MESSAGE][PASSED] - Wait for page load successfully

2020-04-17 16:15:20 - [TEST_STEP][PASSED] - delay(1): Delayed 1 second(s)

2020-04-17 16:15:21 - [MESSAGE][PASSED] - Delayed 1 second(s)

2020-04-17 16:15:21 - [TEST_STEP][PASSED] - verifyTextPresent("Marketing Campaigns", false): Text 'Marketing Campaigns' is present on page 

2020-04-17 16:15:21 - [MESSAGE][PASSED] - Text 'Marketing Campaigns' is present on page 

2020-04-17 16:15:21 - [TEST_STEP][PASSED] - "----------------------------------------------": null

2020-04-17 16:15:21 - [TEST_STEP][PASSED] - verifyTextPresent("Add New Campaign", false): Text 'Add New Campaign' is present on page 

2020-04-17 16:15:22 - [MESSAGE][PASSED] - Text 'Add New Campaign' is present on page 

2020-04-17 16:15:22 - [TEST_STEP][PASSED] - verifyTextPresent("Name", false): Text 'Name' is present on page 

2020-04-17 16:15:22 - [MESSAGE][PASSED] - Text 'Name' is present on page 

2020-04-17 16:15:22 - [TEST_STEP][PASSED] - verifyTextPresent("Start Date", false): Text 'Start Date' is present on page 

2020-04-17 16:15:22 - [MESSAGE][PASSED] - Text 'Start Date' is present on page 

2020-04-17 16:15:22 - [TEST_STEP][PASSED] - verifyTextPresent("End Date", false): Text 'End Date' is present on page 

2020-04-17 16:15:23 - [MESSAGE][PASSED] - Text 'End Date' is present on page 

2020-04-17 16:15:23 - [TEST_STEP][PASSED] - verifyTextPresent("County", false): Text 'County' is present on page 

2020-04-17 16:15:23 - [MESSAGE][PASSED] - Text 'County' is present on page 

2020-04-17 16:15:23 - [TEST_STEP][PASSED] - "----------------------------------------------": null

2020-04-17 16:15:23 - [TEST_STEP][PASSED] - "----------------------------------------------": null

2020-04-17 16:15:23 - [TEST_STEP][PASSED] - "----------------------------------------------": null

2020-04-17 16:15:23 - [TEST_STEP][PASSED] - verifyTextPresent("Marketing Campaigns", false): Text 'Marketing Campaigns' is present on page 

2020-04-17 16:15:24 - [MESSAGE][PASSED] - Text 'Marketing Campaigns' is present on page 

2020-04-17 16:15:24 - [TEST_STEP][PASSED] - verifyTextPresent("Title", false): Text 'Title' is present on page 

2020-04-17 16:15:25 - [MESSAGE][PASSED] - Text 'Title' is present on page 

2020-04-17 16:15:25 - [MESSAGE][PASSED] - Call Test Case 'Test Cases/Reusable_Test_Sequences/Web_Office/Verification/Settings/Web_Office/Marketing_Campaigns' successfully

2020-04-17 16:15:25 - [TEST_STEP][PASSED] - "--------------------------": null

2020-04-17 16:15:25 - [TEST_STEP][PASSED] - " Teardown - CLose Browser |": null

2020-04-17 16:15:25 - [TEST_STEP][PASSED] - callTestCase(findTestCase("Reusable_Test_Sequences/CAT_Teardown"), [:], OPTIONAL): Call Test Case 'Test Cases/Reusable_Test_Sequences/CAT_Teardown' successfully

2020-04-17 16:15:25 - [TEST_CASE][PASSED] - Test Cases/Reusable_Test_Sequences/CAT_Teardown: Test Cases/Reusable_Test_Sequences/CAT_Teardown

2020-04-17 16:15:25 - [TEST_STEP][PASSED] - closeBrowser(): Browser is closed

2020-04-17 16:15:26 - [MESSAGE][PASSED] - Browser is closed

2020-04-17 16:15:26 - [TEST_STEP][PASSED] - super.finalize(): null

2020-04-17 16:15:26 - [TEST_STEP][PASSED] - System.gc(): null

2020-04-17 16:15:26 - [MESSAGE][PASSED] - Call Test Case 'Test Cases/Reusable_Test_Sequences/CAT_Teardown' successfully]]></system-out>
         <system-err><![CDATA[]]></system-err>
      </testcase>
      <testcase name="Test Cases/Web_Office/Settings/Web_Office/Marketing_Regions" time="18.557" classname="Test Cases/Web_Office/Settings/Web_Office/Marketing_Regions" status="PASSED">
         <system-out><![CDATA[2020-04-17 16:15:26 - [TEST_CASE][PASSED] - Test Cases/Web_Office/Settings/Web_Office/Marketing_Regions: Test Cases/Web_Office/Settings/Web_Office/Marketing_Regions

2020-04-17 16:15:27 - [TEST_STEP][PASSED] - "--------------------------------------": null

2020-04-17 16:15:27 - [TEST_STEP][PASSED] - " Web Office StartUp                  |": null

2020-04-17 16:15:27 - [TEST_STEP][PASSED] - callTestCase(findTestCase("Reusable_Test_Sequences/Web_Office/Directives/WebOffice_StartUp"), [:], STOP_ON_FAILURE): Call Test Case 'Test Cases/Reusable_Test_Sequences/Web_Office/Directives/WebOffice_StartUp' successfully

2020-04-17 16:15:27 - [TEST_CASE][PASSED] - Test Cases/Reusable_Test_Sequences/Web_Office/Directives/WebOffice_StartUp: Test Cases/Reusable_Test_Sequences/Web_Office/Directives/WebOffice_StartUp

2020-04-17 16:15:27 - [TEST_STEP][PASSED] - "-----------------------------------------------------------------------------": null

2020-04-17 16:15:27 - [TEST_STEP][PASSED] - if (URL == "https://www.dev.checkatrade.com/"): null

2020-04-17 16:15:27 - [TEST_STEP][PASSED] - "-----------------------------------------------------------------------------": null

2020-04-17 16:15:27 - [TEST_STEP][PASSED] - if (URL == "https://www.checkatrade.com/"): null

2020-04-17 16:15:27 - [TEST_STEP][PASSED] - "-----------------------------------------------------------------------------": null

2020-04-17 16:15:27 - [TEST_STEP][PASSED] - if (URL == "https://www.preview.checkatrade.com/"): null

2020-04-17 16:15:27 - [TEST_STEP][PASSED] - WebOfficeURL = "https://admin.preview.checkatrade.com/": null

2020-04-17 16:15:27 - [TEST_STEP][PASSED] - if (URL == "https://www.dev2.checkatrade.com/"): null

2020-04-17 16:15:27 - [TEST_STEP][PASSED] - "Set Function Area for "URL_Handler", URL Resolution": null

2020-04-17 16:15:27 - [TEST_STEP][PASSED] - "Do Some Magic with URL(s) See the comments within URL Handler ": null

2020-04-17 16:15:27 - [TEST_STEP][PASSED] - "------------------------------------------------": null

2020-04-17 16:15:27 - [TEST_STEP][PASSED] - "Moved Login Credentials to <Default> profile 22/01/2020": null

2020-04-17 16:15:27 - [TEST_STEP][PASSED] - "------------------------------------------------": null

2020-04-17 16:15:27 - [TEST_STEP][PASSED] - "WebOfficeURL - Set from the ENVIRONMENT PROFILE ": null

2020-04-17 16:15:27 - [TEST_STEP][PASSED] - "OPEN BROWSER": null

2020-04-17 16:15:27 - [TEST_STEP][PASSED] - "eg - https://admin.preview.checkatrade.com/  ": null

2020-04-17 16:15:27 - [TEST_STEP][PASSED] - openBrowser(WebOfficeURL): Browser is opened with url: 'https://admin.preview.checkatrade.com/'

2020-04-17 16:15:27 - [MESSAGE][INFO] - Starting 'Chrome' driver

2020-04-17 16:15:27 - [MESSAGE][INFO] - Action delay is set to 0 milliseconds

2020-04-17 16:15:32 - [MESSAGE][PASSED] - Browser is opened with url: 'https://admin.preview.checkatrade.com/'

2020-04-17 16:15:32 - [TEST_STEP][PASSED] - maximizeWindow(): Current window maximized

2020-04-17 16:15:34 - [MESSAGE][PASSED] - Current window maximized

2020-04-17 16:15:34 - [TEST_STEP][PASSED] - waitForElementClickable(findTestObject("Object Repository/WebOffice/Page_Checkatrade - Administration - Login/Login_Button"), 25): Object 'Object Repository/WebOffice/Page_Checkatrade - Administration - Login/Login_Button' is clickable

2020-04-17 16:15:35 - [MESSAGE][PASSED] - Object 'Object Repository/WebOffice/Page_Checkatrade - Administration - Login/Login_Button' is clickable

2020-04-17 16:15:35 - [TEST_STEP][PASSED] - verifyTextPresent("Checkatrade Web Office", false): Text 'Checkatrade Web Office' is present on page 

2020-04-17 16:15:35 - [MESSAGE][PASSED] - Text 'Checkatrade Web Office' is present on page 

2020-04-17 16:15:35 - [TEST_STEP][PASSED] - verifyTextPresent("Access for staff use only", false): Text 'Access for staff use only' is present on page 

2020-04-17 16:15:35 - [MESSAGE][PASSED] - Text 'Access for staff use only' is present on page 

2020-04-17 16:15:35 - [TEST_STEP][PASSED] - verifyTextPresent("Forgotten password?", false): Text 'Forgotten password?' is present on page 

2020-04-17 16:15:35 - [MESSAGE][PASSED] - Text 'Forgotten password?' is present on page 

2020-04-17 16:15:35 - [TEST_STEP][PASSED] - setText(findTestObject("Object Repository/WebOffice/Page_Checkatrade - Administration - Login/input_Username_LoginControlUserName"), wo_Username): Text 'DavidHo' is set on object 'Object Repository/WebOffice/Page_Checkatrade - Administration - Login/input_Username_LoginControlUserName'

2020-04-17 16:15:35 - [MESSAGE][PASSED] - Text 'DavidHo' is set on object 'Object Repository/WebOffice/Page_Checkatrade - Administration - Login/input_Username_LoginControlUserName'

2020-04-17 16:15:35 - [TEST_STEP][PASSED] - setText(findTestObject("Object Repository/WebOffice/Page_Checkatrade - Administration - Login/input_Password_LoginControlPassword"), wo_Password): Text 'Check123' is set on object 'Object Repository/WebOffice/Page_Checkatrade - Administration - Login/input_Password_LoginControlPassword'

2020-04-17 16:15:35 - [MESSAGE][PASSED] - Text 'Check123' is set on object 'Object Repository/WebOffice/Page_Checkatrade - Administration - Login/input_Password_LoginControlPassword'

2020-04-17 16:15:35 - [TEST_STEP][PASSED] - click(findTestObject("Object Repository/WebOffice/Page_Checkatrade - Administration - Login/Login_Button")): Object: 'Object Repository/WebOffice/Page_Checkatrade - Administration - Login/Login_Button' is clicked on

2020-04-17 16:15:36 - [MESSAGE][PASSED] - Object: 'Object Repository/WebOffice/Page_Checkatrade - Administration - Login/Login_Button' is clicked on

2020-04-17 16:15:36 - [TEST_STEP][PASSED] - waitForPageLoad(60): Wait for page load successfully

2020-04-17 16:15:36 - [MESSAGE][PASSED] - Wait for page load successfully

2020-04-17 16:15:36 - [TEST_STEP][PASSED] - verifyTextPresent("Welcome " + wo_Username, false): Text 'Welcome DavidHo' is present on page 

2020-04-17 16:15:36 - [MESSAGE][PASSED] - Text 'Welcome DavidHo' is present on page 

2020-04-17 16:15:36 - [MESSAGE][PASSED] - Call Test Case 'Test Cases/Reusable_Test_Sequences/Web_Office/Directives/WebOffice_StartUp' successfully

2020-04-17 16:15:36 - [TEST_STEP][PASSED] - "-----------------------------------------------------------------": null

2020-04-17 16:15:36 - [TEST_STEP][PASSED] - " Navigate to <Settings->Checkatrade.Com->Sub Item> Menu Item     |": null

2020-04-17 16:15:36 - [TEST_STEP][PASSED] - callTestCase(findTestCase("Reusable_Test_Sequences/Web_Office/Navigation/Sub_Menu_Navigation/Settings/Web_Office/Marketing_Regions"), [:], STOP_ON_FAILURE): Call Test Case 'Test Cases/Reusable_Test_Sequences/Web_Office/Navigation/Sub_Menu_Navigation/Settings/Web_Office/Marketing_Regions' successfully

2020-04-17 16:15:36 - [TEST_CASE][PASSED] - Test Cases/Reusable_Test_Sequences/Web_Office/Navigation/Sub_Menu_Navigation/Settings/Web_Office/Marketing_Regions: Test Cases/Reusable_Test_Sequences/Web_Office/Navigation/Sub_Menu_Navigation/Settings/Web_Office/Marketing_Regions

2020-04-17 16:15:37 - [TEST_STEP][PASSED] - "--------------------------------------": null

2020-04-17 16:15:37 - [TEST_STEP][PASSED] - " Navigate Top level menu Item         |": null

2020-04-17 16:15:37 - [TEST_STEP][PASSED] - waitForPageLoad(60): Wait for page load successfully

2020-04-17 16:15:37 - [MESSAGE][PASSED] - Wait for page load successfully

2020-04-17 16:15:37 - [TEST_STEP][PASSED] - waitForElementClickable(findTestObject("Object Repository/WebOffice_Home_page/a_Settings"), 60): Object 'Object Repository/WebOffice_Home_page/a_Settings' is clickable

2020-04-17 16:15:37 - [MESSAGE][PASSED] - Object 'Object Repository/WebOffice_Home_page/a_Settings' is clickable

2020-04-17 16:15:37 - [TEST_STEP][PASSED] - mouseOver(findTestObject("Object Repository/WebOffice_Home_page/a_Settings")): Object: 'Object Repository/WebOffice_Home_page/a_Settings' is hovered

2020-04-17 16:15:37 - [MESSAGE][PASSED] - Object: 'Object Repository/WebOffice_Home_page/a_Settings' is hovered

2020-04-17 16:15:37 - [TEST_STEP][PASSED] - mouseOver(findTestObject("Object Repository/WebOffice_Home_page/a_Web Office")): Object: 'Object Repository/WebOffice_Home_page/a_Web Office' is hovered

2020-04-17 16:15:37 - [MESSAGE][PASSED] - Object: 'Object Repository/WebOffice_Home_page/a_Web Office' is hovered

2020-04-17 16:15:37 - [TEST_STEP][PASSED] - waitForElementClickable(findTestObject("Object Repository/WebOffice_Home_page/a_Marketing Regions"), 1): Object 'Object Repository/WebOffice_Home_page/a_Marketing Regions' is clickable

2020-04-17 16:15:37 - [MESSAGE][PASSED] - Object 'Object Repository/WebOffice_Home_page/a_Marketing Regions' is clickable

2020-04-17 16:15:37 - [TEST_STEP][PASSED] - click(findTestObject("Object Repository/WebOffice_Home_page/a_Marketing Regions")): Object: 'Object Repository/WebOffice_Home_page/a_Marketing Regions' is clicked on

2020-04-17 16:15:38 - [MESSAGE][PASSED] - Object: 'Object Repository/WebOffice_Home_page/a_Marketing Regions' is clicked on

2020-04-17 16:15:38 - [MESSAGE][PASSED] - Call Test Case 'Test Cases/Reusable_Test_Sequences/Web_Office/Navigation/Sub_Menu_Navigation/Settings/Web_Office/Marketing_Regions' successfully

2020-04-17 16:15:38 - [TEST_STEP][PASSED] - "--------------------------------------": null

2020-04-17 16:15:38 - [TEST_STEP][PASSED] - " Verify Returned Page Detail          |": null

2020-04-17 16:15:38 - [TEST_STEP][PASSED] - callTestCase(findTestCase("Reusable_Test_Sequences/Web_Office/Verification/Settings/Web_Office/Marketing_Regions"), [:], OPTIONAL): Call Test Case 'Test Cases/Reusable_Test_Sequences/Web_Office/Verification/Settings/Web_Office/Marketing_Regions' successfully

2020-04-17 16:15:39 - [TEST_CASE][PASSED] - Test Cases/Reusable_Test_Sequences/Web_Office/Verification/Settings/Web_Office/Marketing_Regions: Test Cases/Reusable_Test_Sequences/Web_Office/Verification/Settings/Web_Office/Marketing_Regions

2020-04-17 16:15:39 - [TEST_STEP][PASSED] - waitForPageLoad(60): Wait for page load successfully

2020-04-17 16:15:39 - [MESSAGE][PASSED] - Wait for page load successfully

2020-04-17 16:15:39 - [TEST_STEP][PASSED] - delay(1): Delayed 1 second(s)

2020-04-17 16:15:40 - [MESSAGE][PASSED] - Delayed 1 second(s)

2020-04-17 16:15:40 - [TEST_STEP][PASSED] - verifyTextPresent("Marketing Regions", false): Text 'Marketing Regions' is present on page 

2020-04-17 16:15:40 - [MESSAGE][PASSED] - Text 'Marketing Regions' is present on page 

2020-04-17 16:15:40 - [TEST_STEP][PASSED] - "----------------------------------------------": null

2020-04-17 16:15:40 - [TEST_STEP][PASSED] - verifyTextPresent("Add New Region", false): Text 'Add New Region' is present on page 

2020-04-17 16:15:41 - [MESSAGE][PASSED] - Text 'Add New Region' is present on page 

2020-04-17 16:15:41 - [TEST_STEP][PASSED] - verifyTextPresent("Name", false): Text 'Name' is present on page 

2020-04-17 16:15:41 - [MESSAGE][PASSED] - Text 'Name' is present on page 

2020-04-17 16:15:41 - [TEST_STEP][PASSED] - verifyTextPresent("Type", false): Text 'Type' is present on page 

2020-04-17 16:15:41 - [MESSAGE][PASSED] - Text 'Type' is present on page 

2020-04-17 16:15:41 - [TEST_STEP][PASSED] - "----------------------------------------------": null

2020-04-17 16:15:41 - [TEST_STEP][PASSED] - "----------------------------------------------": null

2020-04-17 16:15:41 - [TEST_STEP][PASSED] - "----------------------------------------------": null

2020-04-17 16:15:41 - [TEST_STEP][PASSED] - "----------------------------------------------": null

2020-04-17 16:15:41 - [TEST_STEP][PASSED] - "----------------------------------------------": null

2020-04-17 16:15:41 - [TEST_STEP][PASSED] - verifyTextPresent("Regions", false): Text 'Regions' is present on page 

2020-04-17 16:15:41 - [MESSAGE][PASSED] - Text 'Regions' is present on page 

2020-04-17 16:15:41 - [TEST_STEP][PASSED] - verifyTextPresent("Reset filters", false): Text 'Reset filters' is present on page 

2020-04-17 16:15:42 - [MESSAGE][PASSED] - Text 'Reset filters' is present on page 

2020-04-17 16:15:42 - [TEST_STEP][PASSED] - verifyTextPresent("Reset sorting", false): Text 'Reset sorting' is present on page 

2020-04-17 16:15:42 - [MESSAGE][PASSED] - Text 'Reset sorting' is present on page 

2020-04-17 16:15:42 - [TEST_STEP][PASSED] - "----------------------------------------------": null

2020-04-17 16:15:42 - [TEST_STEP][PASSED] - verifyTextPresent("Edit", false): Text 'Edit' is present on page 

2020-04-17 16:15:42 - [MESSAGE][PASSED] - Text 'Edit' is present on page 

2020-04-17 16:15:42 - [TEST_STEP][PASSED] - verifyTextPresent("Type", false): Text 'Type' is present on page 

2020-04-17 16:15:42 - [MESSAGE][PASSED] - Text 'Type' is present on page 

2020-04-17 16:15:42 - [TEST_STEP][PASSED] - verifyTextPresent("Status", false): Text 'Status' is present on page 

2020-04-17 16:15:43 - [MESSAGE][PASSED] - Text 'Status' is present on page 

2020-04-17 16:15:43 - [TEST_STEP][PASSED] - verifyTextPresent("Name", false): Text 'Name' is present on page 

2020-04-17 16:15:43 - [MESSAGE][PASSED] - Text 'Name' is present on page 

2020-04-17 16:15:43 - [TEST_STEP][PASSED] - "----------------------------------------------": null

2020-04-17 16:15:43 - [TEST_STEP][PASSED] - verifyTextPresent("Radio", false): Text 'Radio' is present on page 

2020-04-17 16:15:43 - [MESSAGE][PASSED] - Text 'Radio' is present on page 

2020-04-17 16:15:43 - [TEST_STEP][PASSED] - verifyTextPresent("Live", false): Text 'Live' is present on page 

2020-04-17 16:15:43 - [MESSAGE][PASSED] - Text 'Live' is present on page 

2020-04-17 16:15:43 - [TEST_STEP][PASSED] - verifyTextPresent("TV", false): Text 'TV' is present on page 

2020-04-17 16:15:44 - [MESSAGE][PASSED] - Text 'TV' is present on page 

2020-04-17 16:15:44 - [TEST_STEP][PASSED] - verifyTextPresent("Central West", false): Text 'Central West' is present on page 

2020-04-17 16:15:44 - [MESSAGE][PASSED] - Text 'Central West' is present on page 

2020-04-17 16:15:44 - [MESSAGE][PASSED] - Call Test Case 'Test Cases/Reusable_Test_Sequences/Web_Office/Verification/Settings/Web_Office/Marketing_Regions' successfully

2020-04-17 16:15:44 - [TEST_STEP][PASSED] - "--------------------------": null

2020-04-17 16:15:44 - [TEST_STEP][PASSED] - " Teardown - CLose Browser |": null

2020-04-17 16:15:44 - [TEST_STEP][PASSED] - callTestCase(findTestCase("Reusable_Test_Sequences/CAT_Teardown"), [:], OPTIONAL): Call Test Case 'Test Cases/Reusable_Test_Sequences/CAT_Teardown' successfully

2020-04-17 16:15:44 - [TEST_CASE][PASSED] - Test Cases/Reusable_Test_Sequences/CAT_Teardown: Test Cases/Reusable_Test_Sequences/CAT_Teardown

2020-04-17 16:15:44 - [TEST_STEP][PASSED] - closeBrowser(): Browser is closed

2020-04-17 16:15:45 - [MESSAGE][PASSED] - Browser is closed

2020-04-17 16:15:45 - [TEST_STEP][PASSED] - super.finalize(): null

2020-04-17 16:15:45 - [TEST_STEP][PASSED] - System.gc(): null

2020-04-17 16:15:45 - [MESSAGE][PASSED] - Call Test Case 'Test Cases/Reusable_Test_Sequences/CAT_Teardown' successfully]]></system-out>
         <system-err><![CDATA[]]></system-err>
      </testcase>
      <testcase name="Test Cases/Web_Office/Settings/Web_Office/Pricing" time="37.998" classname="Test Cases/Web_Office/Settings/Web_Office/Pricing" status="PASSED">
         <system-out><![CDATA[2020-04-17 16:15:45 - [TEST_CASE][PASSED] - Test Cases/Web_Office/Settings/Web_Office/Pricing: Test Cases/Web_Office/Settings/Web_Office/Pricing

2020-04-17 16:15:45 - [TEST_STEP][PASSED] - "--------------------------------------": null

2020-04-17 16:15:45 - [TEST_STEP][PASSED] - " Web Office StartUp                  |": null

2020-04-17 16:15:45 - [TEST_STEP][PASSED] - callTestCase(findTestCase("Reusable_Test_Sequences/Web_Office/Directives/WebOffice_StartUp"), [:], STOP_ON_FAILURE): Call Test Case 'Test Cases/Reusable_Test_Sequences/Web_Office/Directives/WebOffice_StartUp' successfully

2020-04-17 16:15:45 - [TEST_CASE][PASSED] - Test Cases/Reusable_Test_Sequences/Web_Office/Directives/WebOffice_StartUp: Test Cases/Reusable_Test_Sequences/Web_Office/Directives/WebOffice_StartUp

2020-04-17 16:15:45 - [TEST_STEP][PASSED] - "-----------------------------------------------------------------------------": null

2020-04-17 16:15:45 - [TEST_STEP][PASSED] - if (URL == "https://www.dev.checkatrade.com/"): null

2020-04-17 16:15:45 - [TEST_STEP][PASSED] - "-----------------------------------------------------------------------------": null

2020-04-17 16:15:45 - [TEST_STEP][PASSED] - if (URL == "https://www.checkatrade.com/"): null

2020-04-17 16:15:45 - [TEST_STEP][PASSED] - "-----------------------------------------------------------------------------": null

2020-04-17 16:15:45 - [TEST_STEP][PASSED] - if (URL == "https://www.preview.checkatrade.com/"): null

2020-04-17 16:15:45 - [TEST_STEP][PASSED] - WebOfficeURL = "https://admin.preview.checkatrade.com/": null

2020-04-17 16:15:45 - [TEST_STEP][PASSED] - if (URL == "https://www.dev2.checkatrade.com/"): null

2020-04-17 16:15:45 - [TEST_STEP][PASSED] - "Set Function Area for "URL_Handler", URL Resolution": null

2020-04-17 16:15:45 - [TEST_STEP][PASSED] - "Do Some Magic with URL(s) See the comments within URL Handler ": null

2020-04-17 16:15:45 - [TEST_STEP][PASSED] - "------------------------------------------------": null

2020-04-17 16:15:45 - [TEST_STEP][PASSED] - "Moved Login Credentials to <Default> profile 22/01/2020": null

2020-04-17 16:15:45 - [TEST_STEP][PASSED] - "------------------------------------------------": null

2020-04-17 16:15:45 - [TEST_STEP][PASSED] - "WebOfficeURL - Set from the ENVIRONMENT PROFILE ": null

2020-04-17 16:15:45 - [TEST_STEP][PASSED] - "OPEN BROWSER": null

2020-04-17 16:15:45 - [TEST_STEP][PASSED] - "eg - https://admin.preview.checkatrade.com/  ": null

2020-04-17 16:15:45 - [TEST_STEP][PASSED] - openBrowser(WebOfficeURL): Browser is opened with url: 'https://admin.preview.checkatrade.com/'

2020-04-17 16:15:45 - [MESSAGE][INFO] - Starting 'Chrome' driver

2020-04-17 16:15:45 - [MESSAGE][INFO] - Action delay is set to 0 milliseconds

2020-04-17 16:15:50 - [MESSAGE][PASSED] - Browser is opened with url: 'https://admin.preview.checkatrade.com/'

2020-04-17 16:15:50 - [TEST_STEP][PASSED] - maximizeWindow(): Current window maximized

2020-04-17 16:15:53 - [MESSAGE][PASSED] - Current window maximized

2020-04-17 16:15:53 - [TEST_STEP][PASSED] - waitForElementClickable(findTestObject("Object Repository/WebOffice/Page_Checkatrade - Administration - Login/Login_Button"), 25): Object 'Object Repository/WebOffice/Page_Checkatrade - Administration - Login/Login_Button' is clickable

2020-04-17 16:15:53 - [MESSAGE][PASSED] - Object 'Object Repository/WebOffice/Page_Checkatrade - Administration - Login/Login_Button' is clickable

2020-04-17 16:15:53 - [TEST_STEP][PASSED] - verifyTextPresent("Checkatrade Web Office", false): Text 'Checkatrade Web Office' is present on page 

2020-04-17 16:15:53 - [MESSAGE][PASSED] - Text 'Checkatrade Web Office' is present on page 

2020-04-17 16:15:53 - [TEST_STEP][PASSED] - verifyTextPresent("Access for staff use only", false): Text 'Access for staff use only' is present on page 

2020-04-17 16:15:53 - [MESSAGE][PASSED] - Text 'Access for staff use only' is present on page 

2020-04-17 16:15:53 - [TEST_STEP][PASSED] - verifyTextPresent("Forgotten password?", false): Text 'Forgotten password?' is present on page 

2020-04-17 16:15:53 - [MESSAGE][PASSED] - Text 'Forgotten password?' is present on page 

2020-04-17 16:15:53 - [TEST_STEP][PASSED] - setText(findTestObject("Object Repository/WebOffice/Page_Checkatrade - Administration - Login/input_Username_LoginControlUserName"), wo_Username): Text 'DavidHo' is set on object 'Object Repository/WebOffice/Page_Checkatrade - Administration - Login/input_Username_LoginControlUserName'

2020-04-17 16:15:53 - [MESSAGE][PASSED] - Text 'DavidHo' is set on object 'Object Repository/WebOffice/Page_Checkatrade - Administration - Login/input_Username_LoginControlUserName'

2020-04-17 16:15:53 - [TEST_STEP][PASSED] - setText(findTestObject("Object Repository/WebOffice/Page_Checkatrade - Administration - Login/input_Password_LoginControlPassword"), wo_Password): Text 'Check123' is set on object 'Object Repository/WebOffice/Page_Checkatrade - Administration - Login/input_Password_LoginControlPassword'

2020-04-17 16:15:54 - [MESSAGE][PASSED] - Text 'Check123' is set on object 'Object Repository/WebOffice/Page_Checkatrade - Administration - Login/input_Password_LoginControlPassword'

2020-04-17 16:15:54 - [TEST_STEP][PASSED] - click(findTestObject("Object Repository/WebOffice/Page_Checkatrade - Administration - Login/Login_Button")): Object: 'Object Repository/WebOffice/Page_Checkatrade - Administration - Login/Login_Button' is clicked on

2020-04-17 16:15:55 - [MESSAGE][PASSED] - Object: 'Object Repository/WebOffice/Page_Checkatrade - Administration - Login/Login_Button' is clicked on

2020-04-17 16:15:55 - [TEST_STEP][PASSED] - waitForPageLoad(60): Wait for page load successfully

2020-04-17 16:15:55 - [MESSAGE][PASSED] - Wait for page load successfully

2020-04-17 16:15:55 - [TEST_STEP][PASSED] - verifyTextPresent("Welcome " + wo_Username, false): Text 'Welcome DavidHo' is present on page 

2020-04-17 16:15:55 - [MESSAGE][PASSED] - Text 'Welcome DavidHo' is present on page 

2020-04-17 16:15:55 - [MESSAGE][PASSED] - Call Test Case 'Test Cases/Reusable_Test_Sequences/Web_Office/Directives/WebOffice_StartUp' successfully

2020-04-17 16:15:55 - [TEST_STEP][PASSED] - "-----------------------------------------------------------------": null

2020-04-17 16:15:55 - [TEST_STEP][PASSED] - " Navigate to <Settings->Checkatrade.Com->Sub Item> Menu Item     |": null

2020-04-17 16:15:55 - [TEST_STEP][PASSED] - callTestCase(findTestCase("Reusable_Test_Sequences/Web_Office/Navigation/Sub_Menu_Navigation/Settings/Web_Office/Pricing"), [:], STOP_ON_FAILURE): Call Test Case 'Test Cases/Reusable_Test_Sequences/Web_Office/Navigation/Sub_Menu_Navigation/Settings/Web_Office/Pricing' successfully

2020-04-17 16:15:55 - [TEST_CASE][PASSED] - Test Cases/Reusable_Test_Sequences/Web_Office/Navigation/Sub_Menu_Navigation/Settings/Web_Office/Pricing: Test Cases/Reusable_Test_Sequences/Web_Office/Navigation/Sub_Menu_Navigation/Settings/Web_Office/Pricing

2020-04-17 16:15:56 - [TEST_STEP][PASSED] - "--------------------------------------": null

2020-04-17 16:15:56 - [TEST_STEP][PASSED] - " Navigate Top level menu Item         |": null

2020-04-17 16:15:56 - [TEST_STEP][PASSED] - waitForPageLoad(60): Wait for page load successfully

2020-04-17 16:15:56 - [MESSAGE][PASSED] - Wait for page load successfully

2020-04-17 16:15:56 - [TEST_STEP][PASSED] - waitForElementClickable(findTestObject("Object Repository/WebOffice_Home_page/a_Settings"), 60): Object 'Object Repository/WebOffice_Home_page/a_Settings' is clickable

2020-04-17 16:15:56 - [MESSAGE][PASSED] - Object 'Object Repository/WebOffice_Home_page/a_Settings' is clickable

2020-04-17 16:15:56 - [TEST_STEP][PASSED] - mouseOver(findTestObject("Object Repository/WebOffice_Home_page/a_Settings")): Object: 'Object Repository/WebOffice_Home_page/a_Settings' is hovered

2020-04-17 16:15:56 - [MESSAGE][PASSED] - Object: 'Object Repository/WebOffice_Home_page/a_Settings' is hovered

2020-04-17 16:15:56 - [TEST_STEP][PASSED] - mouseOver(findTestObject("Object Repository/WebOffice_Home_page/a_Web Office")): Object: 'Object Repository/WebOffice_Home_page/a_Web Office' is hovered

2020-04-17 16:15:56 - [MESSAGE][PASSED] - Object: 'Object Repository/WebOffice_Home_page/a_Web Office' is hovered

2020-04-17 16:15:56 - [TEST_STEP][PASSED] - waitForElementClickable(findTestObject("Object Repository/WebOffice_Home_page/a_Pricing"), 1): Object 'Object Repository/WebOffice_Home_page/a_Pricing' is clickable

2020-04-17 16:15:57 - [MESSAGE][PASSED] - Object 'Object Repository/WebOffice_Home_page/a_Pricing' is clickable

2020-04-17 16:15:57 - [TEST_STEP][PASSED] - click(findTestObject("Object Repository/WebOffice_Home_page/a_Pricing")): Object: 'Object Repository/WebOffice_Home_page/a_Pricing' is clicked on

2020-04-17 16:15:58 - [MESSAGE][PASSED] - Object: 'Object Repository/WebOffice_Home_page/a_Pricing' is clicked on

2020-04-17 16:15:58 - [MESSAGE][PASSED] - Call Test Case 'Test Cases/Reusable_Test_Sequences/Web_Office/Navigation/Sub_Menu_Navigation/Settings/Web_Office/Pricing' successfully

2020-04-17 16:15:58 - [TEST_STEP][PASSED] - "--------------------------------------": null

2020-04-17 16:15:58 - [TEST_STEP][PASSED] - " Verify Returned Page Detail          |": null

2020-04-17 16:15:58 - [TEST_STEP][PASSED] - callTestCase(findTestCase("Reusable_Test_Sequences/Web_Office/Verification/Settings/Web_Office/Pricing"), [:], OPTIONAL): Call Test Case 'Test Cases/Reusable_Test_Sequences/Web_Office/Verification/Settings/Web_Office/Pricing' successfully

2020-04-17 16:15:58 - [TEST_CASE][PASSED] - Test Cases/Reusable_Test_Sequences/Web_Office/Verification/Settings/Web_Office/Pricing: Test Cases/Reusable_Test_Sequences/Web_Office/Verification/Settings/Web_Office/Pricing

2020-04-17 16:15:59 - [TEST_STEP][PASSED] - waitForPageLoad(60): Wait for page load successfully

2020-04-17 16:15:59 - [MESSAGE][PASSED] - Wait for page load successfully

2020-04-17 16:15:59 - [TEST_STEP][PASSED] - delay(1): Delayed 1 second(s)

2020-04-17 16:16:00 - [MESSAGE][PASSED] - Delayed 1 second(s)

2020-04-17 16:16:00 - [TEST_STEP][PASSED] - verifyTextPresent("Pricing", false): Text 'Pricing' is present on page 

2020-04-17 16:16:01 - [MESSAGE][PASSED] - Text 'Pricing' is present on page 

2020-04-17 16:16:01 - [TEST_STEP][PASSED] - "----------------------------------------------": null

2020-04-17 16:16:01 - [TEST_STEP][PASSED] - verifyTextPresent("All prices exclude VAT, currently charged at a rate of 20%.", false): Text 'All prices exclude VAT, currently charged at a rate of 20%.' is present on page 

2020-04-17 16:16:03 - [MESSAGE][PASSED] - Text 'All prices exclude VAT, currently charged at a rate of 20%.' is present on page 

2020-04-17 16:16:03 - [TEST_STEP][PASSED] - verifyTextPresent("Base price", false): Text 'Base price' is present on page 

2020-04-17 16:16:04 - [MESSAGE][PASSED] - Text 'Base price' is present on page 

2020-04-17 16:16:04 - [TEST_STEP][PASSED] - verifyTextPresent("Directory Membership", false): Text 'Directory Membership' is present on page 

2020-04-17 16:16:05 - [MESSAGE][PASSED] - Text 'Directory Membership' is present on page 

2020-04-17 16:16:05 - [TEST_STEP][PASSED] - verifyTextPresent("Website Membership", false): Text 'Website Membership' is present on page 

2020-04-17 16:16:06 - [MESSAGE][PASSED] - Text 'Website Membership' is present on page 

2020-04-17 16:16:06 - [TEST_STEP][PASSED] - "----------------------------------------------": null

2020-04-17 16:16:06 - [TEST_STEP][PASSED] - "----------------------------------------------": null

2020-04-17 16:16:06 - [TEST_STEP][PASSED] - "----------------------------------------------": null

2020-04-17 16:16:06 - [TEST_STEP][PASSED] - "----------------------------------------------": null

2020-04-17 16:16:06 - [TEST_STEP][PASSED] - verifyTextPresent("Vetting Schemes", false): Text 'Vetting Schemes' is present on page 

2020-04-17 16:16:07 - [MESSAGE][PASSED] - Text 'Vetting Schemes' is present on page 

2020-04-17 16:16:07 - [TEST_STEP][PASSED] - verifyTextPresent("Discounted regions", false): Text 'Discounted regions' is present on page 

2020-04-17 16:16:08 - [MESSAGE][PASSED] - Text 'Discounted regions' is present on page 

2020-04-17 16:16:08 - [TEST_STEP][PASSED] - verifyTextPresent("Extras", false): Text 'Extras' is present on page 

2020-04-17 16:16:08 - [MESSAGE][PASSED] - Text 'Extras' is present on page 

2020-04-17 16:16:08 - [TEST_STEP][PASSED] - verifyTextPresent("Payment Instalments", false): Text 'Payment Instalments' is present on page 

2020-04-17 16:16:09 - [MESSAGE][PASSED] - Text 'Payment Instalments' is present on page 

2020-04-17 16:16:09 - [TEST_STEP][PASSED] - "----------------------------------------------": null

2020-04-17 16:16:09 - [TEST_STEP][PASSED] - verifyTextPresent("Buckinghamshire and Surrey TSA", false): Text 'Buckinghamshire and Surrey TSA' is present on page 

2020-04-17 16:16:09 - [MESSAGE][PASSED] - Text 'Buckinghamshire and Surrey TSA' is present on page 

2020-04-17 16:16:09 - [TEST_STEP][PASSED] - verifyTextPresent("Directory Membership", false): Text 'Directory Membership' is present on page 

2020-04-17 16:16:10 - [MESSAGE][PASSED] - Text 'Directory Membership' is present on page 

2020-04-17 16:16:10 - [TEST_STEP][PASSED] - verifyTextPresent("Website Membership", false): Text 'Website Membership' is present on page 

2020-04-17 16:16:11 - [MESSAGE][PASSED] - Text 'Website Membership' is present on page 

2020-04-17 16:16:11 - [TEST_STEP][PASSED] - verifyTextPresent("East Sussex TSA", false): Text 'East Sussex TSA' is present on page 

2020-04-17 16:16:11 - [MESSAGE][PASSED] - Text 'East Sussex TSA' is present on page 

2020-04-17 16:16:11 - [TEST_STEP][PASSED] - verifyTextPresent("Extra web category", false): Text 'Extra web category' is present on page 

2020-04-17 16:16:12 - [MESSAGE][PASSED] - Text 'Extra web category' is present on page 

2020-04-17 16:16:12 - [TEST_STEP][PASSED] - verifyTextPresent("Extra directory area (discounted", false): Text 'Extra directory area (discounted' is present on page 

2020-04-17 16:16:12 - [MESSAGE][PASSED] - Text 'Extra directory area (discounted' is present on page 

2020-04-17 16:16:12 - [TEST_STEP][PASSED] - verifyTextPresent("Directory Membership extended", false): Text 'Directory Membership extended' is present on page 

2020-04-17 16:16:13 - [MESSAGE][PASSED] - Text 'Directory Membership extended' is present on page 

2020-04-17 16:16:13 - [TEST_STEP][PASSED] - verifyTextPresent("Website Membership extended:", false): Text 'Website Membership extended:' is present on page 

2020-04-17 16:16:13 - [MESSAGE][PASSED] - Text 'Website Membership extended:' is present on page 

2020-04-17 16:16:13 - [TEST_STEP][PASSED] - scrollToPosition(750, 750): Browser is scrolled to position x = 750, y = 750

2020-04-17 16:16:13 - [MESSAGE][PASSED] - Browser is scrolled to position x = 750, y = 750

2020-04-17 16:16:13 - [TEST_STEP][PASSED] - verifyTextPresent("Discounts", false): Text 'Discounts' is present on page 

2020-04-17 16:16:14 - [MESSAGE][PASSED] - Text 'Discounts' is present on page 

2020-04-17 16:16:14 - [TEST_STEP][PASSED] - "----------------------------------------------": null

2020-04-17 16:16:14 - [TEST_STEP][PASSED] - verifyTextPresent("NAME", false): Text 'NAME' is present on page 

2020-04-17 16:16:15 - [MESSAGE][PASSED] - Text 'NAME' is present on page 

2020-04-17 16:16:15 - [TEST_STEP][PASSED] - verifyTextPresent("DESCRIPTION", false): Text 'DESCRIPTION' is present on page 

2020-04-17 16:16:15 - [MESSAGE][PASSED] - Text 'DESCRIPTION' is present on page 

2020-04-17 16:16:15 - [TEST_STEP][PASSED] - verifyTextPresent("AMOUNT (WEB)", false): Text 'AMOUNT (WEB)' is present on page 

2020-04-17 16:16:16 - [MESSAGE][PASSED] - Text 'AMOUNT (WEB)' is present on page 

2020-04-17 16:16:16 - [TEST_STEP][PASSED] - verifyTextPresent("AMOUNT (DIR)", false): Text 'AMOUNT (DIR)' is present on page 

2020-04-17 16:16:17 - [MESSAGE][PASSED] - Text 'AMOUNT (DIR)' is present on page 

2020-04-17 16:16:17 - [TEST_STEP][PASSED] - verifyTextPresent("CODE", false): Text 'CODE' is present on page 

2020-04-17 16:16:18 - [MESSAGE][PASSED] - Text 'CODE' is present on page 

2020-04-17 16:16:18 - [TEST_STEP][PASSED] - verifyTextPresent("ENABLED", false): Text 'ENABLED' is present on page 

2020-04-17 16:16:19 - [MESSAGE][PASSED] - Text 'ENABLED' is present on page 

2020-04-17 16:16:19 - [TEST_STEP][PASSED] - verifyTextPresent("DELETE", false): Text 'DELETE' is present on page 

2020-04-17 16:16:20 - [MESSAGE][PASSED] - Text 'DELETE' is present on page 

2020-04-17 16:16:20 - [TEST_STEP][PASSED] - verifyTextPresent("Discounted Heading", false): Text 'Discounted Heading' is present on page 

2020-04-17 16:16:21 - [MESSAGE][PASSED] - Text 'Discounted Heading' is present on page 

2020-04-17 16:16:21 - [TEST_STEP][PASSED] - verifyTextPresent("Full Payment Up Front", false): Text 'Full Payment Up Front' is present on page 

2020-04-17 16:16:22 - [MESSAGE][PASSED] - Text 'Full Payment Up Front' is present on page 

2020-04-17 16:16:22 - [MESSAGE][PASSED] - Call Test Case 'Test Cases/Reusable_Test_Sequences/Web_Office/Verification/Settings/Web_Office/Pricing' successfully

2020-04-17 16:16:22 - [TEST_STEP][PASSED] - "--------------------------": null

2020-04-17 16:16:22 - [TEST_STEP][PASSED] - " Teardown - CLose Browser |": null

2020-04-17 16:16:22 - [TEST_STEP][PASSED] - callTestCase(findTestCase("Reusable_Test_Sequences/CAT_Teardown"), [:], OPTIONAL): Call Test Case 'Test Cases/Reusable_Test_Sequences/CAT_Teardown' successfully

2020-04-17 16:16:22 - [TEST_CASE][PASSED] - Test Cases/Reusable_Test_Sequences/CAT_Teardown: Test Cases/Reusable_Test_Sequences/CAT_Teardown

2020-04-17 16:16:22 - [TEST_STEP][PASSED] - closeBrowser(): Browser is closed

2020-04-17 16:16:23 - [MESSAGE][PASSED] - Browser is closed

2020-04-17 16:16:23 - [TEST_STEP][PASSED] - super.finalize(): null

2020-04-17 16:16:23 - [TEST_STEP][PASSED] - System.gc(): null

2020-04-17 16:16:23 - [MESSAGE][PASSED] - Call Test Case 'Test Cases/Reusable_Test_Sequences/CAT_Teardown' successfully]]></system-out>
         <system-err><![CDATA[]]></system-err>
      </testcase>
      <testcase name="Test Cases/Web_Office/Settings/Web_Office/Secure_Phone_Numbers" time="29.58" classname="Test Cases/Web_Office/Settings/Web_Office/Secure_Phone_Numbers" status="PASSED">
         <system-out><![CDATA[2020-04-17 16:16:23 - [TEST_CASE][PASSED] - Test Cases/Web_Office/Settings/Web_Office/Secure_Phone_Numbers: Test Cases/Web_Office/Settings/Web_Office/Secure_Phone_Numbers

2020-04-17 16:16:23 - [TEST_STEP][PASSED] - "--------------------------------------": null

2020-04-17 16:16:23 - [TEST_STEP][PASSED] - " Web Office StartUp                  |": null

2020-04-17 16:16:23 - [TEST_STEP][PASSED] - callTestCase(findTestCase("Reusable_Test_Sequences/Web_Office/Directives/WebOffice_StartUp"), [:], STOP_ON_FAILURE): Call Test Case 'Test Cases/Reusable_Test_Sequences/Web_Office/Directives/WebOffice_StartUp' successfully

2020-04-17 16:16:23 - [TEST_CASE][PASSED] - Test Cases/Reusable_Test_Sequences/Web_Office/Directives/WebOffice_StartUp: Test Cases/Reusable_Test_Sequences/Web_Office/Directives/WebOffice_StartUp

2020-04-17 16:16:23 - [TEST_STEP][PASSED] - "-----------------------------------------------------------------------------": null

2020-04-17 16:16:23 - [TEST_STEP][PASSED] - if (URL == "https://www.dev.checkatrade.com/"): null

2020-04-17 16:16:23 - [TEST_STEP][PASSED] - "-----------------------------------------------------------------------------": null

2020-04-17 16:16:23 - [TEST_STEP][PASSED] - if (URL == "https://www.checkatrade.com/"): null

2020-04-17 16:16:23 - [TEST_STEP][PASSED] - "-----------------------------------------------------------------------------": null

2020-04-17 16:16:23 - [TEST_STEP][PASSED] - if (URL == "https://www.preview.checkatrade.com/"): null

2020-04-17 16:16:23 - [TEST_STEP][PASSED] - WebOfficeURL = "https://admin.preview.checkatrade.com/": null

2020-04-17 16:16:23 - [TEST_STEP][PASSED] - if (URL == "https://www.dev2.checkatrade.com/"): null

2020-04-17 16:16:23 - [TEST_STEP][PASSED] - "Set Function Area for "URL_Handler", URL Resolution": null

2020-04-17 16:16:23 - [TEST_STEP][PASSED] - "Do Some Magic with URL(s) See the comments within URL Handler ": null

2020-04-17 16:16:23 - [TEST_STEP][PASSED] - "------------------------------------------------": null

2020-04-17 16:16:23 - [TEST_STEP][PASSED] - "Moved Login Credentials to <Default> profile 22/01/2020": null

2020-04-17 16:16:23 - [TEST_STEP][PASSED] - "------------------------------------------------": null

2020-04-17 16:16:23 - [TEST_STEP][PASSED] - "WebOfficeURL - Set from the ENVIRONMENT PROFILE ": null

2020-04-17 16:16:23 - [TEST_STEP][PASSED] - "OPEN BROWSER": null

2020-04-17 16:16:23 - [TEST_STEP][PASSED] - "eg - https://admin.preview.checkatrade.com/  ": null

2020-04-17 16:16:23 - [TEST_STEP][PASSED] - openBrowser(WebOfficeURL): Browser is opened with url: 'https://admin.preview.checkatrade.com/'

2020-04-17 16:16:23 - [MESSAGE][INFO] - Starting 'Chrome' driver

2020-04-17 16:16:23 - [MESSAGE][INFO] - Action delay is set to 0 milliseconds

2020-04-17 16:16:28 - [MESSAGE][PASSED] - Browser is opened with url: 'https://admin.preview.checkatrade.com/'

2020-04-17 16:16:28 - [TEST_STEP][PASSED] - maximizeWindow(): Current window maximized

2020-04-17 16:16:30 - [MESSAGE][PASSED] - Current window maximized

2020-04-17 16:16:30 - [TEST_STEP][PASSED] - waitForElementClickable(findTestObject("Object Repository/WebOffice/Page_Checkatrade - Administration - Login/Login_Button"), 25): Object 'Object Repository/WebOffice/Page_Checkatrade - Administration - Login/Login_Button' is clickable

2020-04-17 16:16:30 - [MESSAGE][PASSED] - Object 'Object Repository/WebOffice/Page_Checkatrade - Administration - Login/Login_Button' is clickable

2020-04-17 16:16:30 - [TEST_STEP][PASSED] - verifyTextPresent("Checkatrade Web Office", false): Text 'Checkatrade Web Office' is present on page 

2020-04-17 16:16:30 - [MESSAGE][PASSED] - Text 'Checkatrade Web Office' is present on page 

2020-04-17 16:16:30 - [TEST_STEP][PASSED] - verifyTextPresent("Access for staff use only", false): Text 'Access for staff use only' is present on page 

2020-04-17 16:16:30 - [MESSAGE][PASSED] - Text 'Access for staff use only' is present on page 

2020-04-17 16:16:30 - [TEST_STEP][PASSED] - verifyTextPresent("Forgotten password?", false): Text 'Forgotten password?' is present on page 

2020-04-17 16:16:30 - [MESSAGE][PASSED] - Text 'Forgotten password?' is present on page 

2020-04-17 16:16:30 - [TEST_STEP][PASSED] - setText(findTestObject("Object Repository/WebOffice/Page_Checkatrade - Administration - Login/input_Username_LoginControlUserName"), wo_Username): Text 'DavidHo' is set on object 'Object Repository/WebOffice/Page_Checkatrade - Administration - Login/input_Username_LoginControlUserName'

2020-04-17 16:16:31 - [MESSAGE][PASSED] - Text 'DavidHo' is set on object 'Object Repository/WebOffice/Page_Checkatrade - Administration - Login/input_Username_LoginControlUserName'

2020-04-17 16:16:31 - [TEST_STEP][PASSED] - setText(findTestObject("Object Repository/WebOffice/Page_Checkatrade - Administration - Login/input_Password_LoginControlPassword"), wo_Password): Text 'Check123' is set on object 'Object Repository/WebOffice/Page_Checkatrade - Administration - Login/input_Password_LoginControlPassword'

2020-04-17 16:16:31 - [MESSAGE][PASSED] - Text 'Check123' is set on object 'Object Repository/WebOffice/Page_Checkatrade - Administration - Login/input_Password_LoginControlPassword'

2020-04-17 16:16:31 - [TEST_STEP][PASSED] - click(findTestObject("Object Repository/WebOffice/Page_Checkatrade - Administration - Login/Login_Button")): Object: 'Object Repository/WebOffice/Page_Checkatrade - Administration - Login/Login_Button' is clicked on

2020-04-17 16:16:31 - [MESSAGE][PASSED] - Object: 'Object Repository/WebOffice/Page_Checkatrade - Administration - Login/Login_Button' is clicked on

2020-04-17 16:16:31 - [TEST_STEP][PASSED] - waitForPageLoad(60): Wait for page load successfully

2020-04-17 16:16:31 - [MESSAGE][PASSED] - Wait for page load successfully

2020-04-17 16:16:31 - [TEST_STEP][PASSED] - verifyTextPresent("Welcome " + wo_Username, false): Text 'Welcome DavidHo' is present on page 

2020-04-17 16:16:31 - [MESSAGE][PASSED] - Text 'Welcome DavidHo' is present on page 

2020-04-17 16:16:31 - [MESSAGE][PASSED] - Call Test Case 'Test Cases/Reusable_Test_Sequences/Web_Office/Directives/WebOffice_StartUp' successfully

2020-04-17 16:16:31 - [TEST_STEP][PASSED] - "-----------------------------------------------------------------": null

2020-04-17 16:16:31 - [TEST_STEP][PASSED] - " Navigate to <Settings->Checkatrade.Com->Sub Item> Menu Item     |": null

2020-04-17 16:16:31 - [TEST_STEP][PASSED] - callTestCase(findTestCase("Reusable_Test_Sequences/Web_Office/Navigation/Sub_Menu_Navigation/Settings/Web_Office/Secure_Phone_Numbers"), [:], STOP_ON_FAILURE): Call Test Case 'Test Cases/Reusable_Test_Sequences/Web_Office/Navigation/Sub_Menu_Navigation/Settings/Web_Office/Secure_Phone_Numbers' successfully

2020-04-17 16:16:32 - [TEST_CASE][PASSED] - Test Cases/Reusable_Test_Sequences/Web_Office/Navigation/Sub_Menu_Navigation/Settings/Web_Office/Secure_Phone_Numbers: Test Cases/Reusable_Test_Sequences/Web_Office/Navigation/Sub_Menu_Navigation/Settings/Web_Office/Secure_Phone_Numbers

2020-04-17 16:16:32 - [TEST_STEP][PASSED] - "--------------------------------------": null

2020-04-17 16:16:32 - [TEST_STEP][PASSED] - " Navigate Top level menu Item         |": null

2020-04-17 16:16:32 - [TEST_STEP][PASSED] - waitForPageLoad(60): Wait for page load successfully

2020-04-17 16:16:32 - [MESSAGE][PASSED] - Wait for page load successfully

2020-04-17 16:16:32 - [TEST_STEP][PASSED] - waitForElementClickable(findTestObject("Object Repository/WebOffice_Home_page/a_Settings"), 60): Object 'Object Repository/WebOffice_Home_page/a_Settings' is clickable

2020-04-17 16:16:32 - [MESSAGE][PASSED] - Object 'Object Repository/WebOffice_Home_page/a_Settings' is clickable

2020-04-17 16:16:32 - [TEST_STEP][PASSED] - mouseOver(findTestObject("Object Repository/WebOffice_Home_page/a_Settings")): Object: 'Object Repository/WebOffice_Home_page/a_Settings' is hovered

2020-04-17 16:16:32 - [MESSAGE][PASSED] - Object: 'Object Repository/WebOffice_Home_page/a_Settings' is hovered

2020-04-17 16:16:32 - [TEST_STEP][PASSED] - mouseOver(findTestObject("Object Repository/WebOffice_Home_page/a_Web Office")): Object: 'Object Repository/WebOffice_Home_page/a_Web Office' is hovered

2020-04-17 16:16:32 - [MESSAGE][PASSED] - Object: 'Object Repository/WebOffice_Home_page/a_Web Office' is hovered

2020-04-17 16:16:32 - [TEST_STEP][PASSED] - waitForElementClickable(findTestObject("Object Repository/WebOffice_Home_page/a_Secure Phone Numbers"), 1): Object 'Object Repository/WebOffice_Home_page/a_Secure Phone Numbers' is clickable

2020-04-17 16:16:32 - [MESSAGE][PASSED] - Object 'Object Repository/WebOffice_Home_page/a_Secure Phone Numbers' is clickable

2020-04-17 16:16:32 - [TEST_STEP][PASSED] - click(findTestObject("Object Repository/WebOffice_Home_page/a_Secure Phone Numbers")): Object: 'Object Repository/WebOffice_Home_page/a_Secure Phone Numbers' is clicked on

2020-04-17 16:16:33 - [MESSAGE][PASSED] - Object: 'Object Repository/WebOffice_Home_page/a_Secure Phone Numbers' is clicked on

2020-04-17 16:16:33 - [MESSAGE][PASSED] - Call Test Case 'Test Cases/Reusable_Test_Sequences/Web_Office/Navigation/Sub_Menu_Navigation/Settings/Web_Office/Secure_Phone_Numbers' successfully

2020-04-17 16:16:33 - [TEST_STEP][PASSED] - "--------------------------------------": null

2020-04-17 16:16:33 - [TEST_STEP][PASSED] - " Verify Returned Page Detail          |": null

2020-04-17 16:16:33 - [TEST_STEP][PASSED] - callTestCase(findTestCase("Reusable_Test_Sequences/Web_Office/Verification/Settings/Web_Office/Secure_Phone_Numbers"), [:], OPTIONAL): Call Test Case 'Test Cases/Reusable_Test_Sequences/Web_Office/Verification/Settings/Web_Office/Secure_Phone_Numbers' successfully

2020-04-17 16:16:33 - [TEST_CASE][PASSED] - Test Cases/Reusable_Test_Sequences/Web_Office/Verification/Settings/Web_Office/Secure_Phone_Numbers: Test Cases/Reusable_Test_Sequences/Web_Office/Verification/Settings/Web_Office/Secure_Phone_Numbers

2020-04-17 16:16:33 - [TEST_STEP][PASSED] - waitForPageLoad(60): Wait for page load successfully

2020-04-17 16:16:33 - [MESSAGE][PASSED] - Wait for page load successfully

2020-04-17 16:16:33 - [TEST_STEP][PASSED] - delay(1): Delayed 1 second(s)

2020-04-17 16:16:34 - [MESSAGE][PASSED] - Delayed 1 second(s)

2020-04-17 16:16:34 - [TEST_STEP][PASSED] - verifyTextPresent("Directory Areas for Secure Directory Phone Numbers", false): Text 'Directory Areas for Secure Directory Phone Numbers' is present on page 

2020-04-17 16:16:35 - [MESSAGE][PASSED] - Text 'Directory Areas for Secure Directory Phone Numbers' is present on page 

2020-04-17 16:16:35 - [TEST_STEP][PASSED] - "----------------------------------------------": null

2020-04-17 16:16:35 - [TEST_STEP][PASSED] - verifyTextPresent("AREA", false): Text 'AREA' is present on page 

2020-04-17 16:16:37 - [MESSAGE][PASSED] - Text 'AREA' is present on page 

2020-04-17 16:16:37 - [TEST_STEP][PASSED] - verifyTextPresent("START EDITION", false): Text 'START EDITION' is present on page 

2020-04-17 16:16:38 - [MESSAGE][PASSED] - Text 'START EDITION' is present on page 

2020-04-17 16:16:38 - [TEST_STEP][PASSED] - verifyTextPresent("END EDITION", false): Text 'END EDITION' is present on page 

2020-04-17 16:16:39 - [MESSAGE][PASSED] - Text 'END EDITION' is present on page 

2020-04-17 16:16:39 - [TEST_STEP][PASSED] - verifyTextPresent("PHONE PREFIX", false): Text 'PHONE PREFIX' is present on page 

2020-04-17 16:16:40 - [MESSAGE][PASSED] - Text 'PHONE PREFIX' is present on page 

2020-04-17 16:16:40 - [TEST_STEP][PASSED] - verifyTextPresent("SECONDARY PHONE PREFIX", false): Text 'SECONDARY PHONE PREFIX' is present on page 

2020-04-17 16:16:41 - [MESSAGE][PASSED] - Text 'SECONDARY PHONE PREFIX' is present on page 

2020-04-17 16:16:41 - [TEST_STEP][PASSED] - "----------------------------------------------": null

2020-04-17 16:16:41 - [TEST_STEP][PASSED] - "----------------------------------------------": null

2020-04-17 16:16:41 - [TEST_STEP][PASSED] - "----------------------------------------------": null

2020-04-17 16:16:41 - [TEST_STEP][PASSED] - verifyTextPresent("Canterbury + Faversham", false): Text 'Canterbury + Faversham' is present on page 

2020-04-17 16:16:42 - [MESSAGE][PASSED] - Text 'Canterbury + Faversham' is present on page 

2020-04-17 16:16:42 - [TEST_STEP][PASSED] - verifyTextPresent("Lichfield + Rugeley", false): Text 'Lichfield + Rugeley' is present on page 

2020-04-17 16:16:43 - [MESSAGE][PASSED] - Text 'Lichfield + Rugeley' is present on page 

2020-04-17 16:16:43 - [TEST_STEP][PASSED] - verifyTextPresent("Chichester (East) + Bognor Regis (IF)", false): Text 'Chichester (East) + Bognor Regis (IF)' is present on page 

2020-04-17 16:16:44 - [MESSAGE][PASSED] - Text 'Chichester (East) + Bognor Regis (IF)' is present on page 

2020-04-17 16:16:44 - [TEST_STEP][PASSED] - verifyTextPresent("01438", false): Text '01438' is present on page 

2020-04-17 16:16:46 - [MESSAGE][PASSED] - Text '01438' is present on page 

2020-04-17 16:16:46 - [TEST_STEP][PASSED] - verifyTextPresent("01455", false): Text '01455' is present on page 

2020-04-17 16:16:48 - [MESSAGE][PASSED] - Text '01455' is present on page 

2020-04-17 16:16:48 - [TEST_STEP][PASSED] - verifyTextPresent("01661", false): Text '01661' is present on page 

2020-04-17 16:16:50 - [MESSAGE][PASSED] - Text '01661' is present on page 

2020-04-17 16:16:50 - [TEST_STEP][PASSED] - verifyTextPresent("01243", false): Text '01243' is present on page 

2020-04-17 16:16:51 - [MESSAGE][PASSED] - Text '01243' is present on page 

2020-04-17 16:16:51 - [MESSAGE][PASSED] - Call Test Case 'Test Cases/Reusable_Test_Sequences/Web_Office/Verification/Settings/Web_Office/Secure_Phone_Numbers' successfully

2020-04-17 16:16:51 - [TEST_STEP][PASSED] - "--------------------------": null

2020-04-17 16:16:51 - [TEST_STEP][PASSED] - " Teardown - CLose Browser |": null

2020-04-17 16:16:51 - [TEST_STEP][PASSED] - callTestCase(findTestCase("Reusable_Test_Sequences/CAT_Teardown"), [:], OPTIONAL): Call Test Case 'Test Cases/Reusable_Test_Sequences/CAT_Teardown' successfully

2020-04-17 16:16:51 - [TEST_CASE][PASSED] - Test Cases/Reusable_Test_Sequences/CAT_Teardown: Test Cases/Reusable_Test_Sequences/CAT_Teardown

2020-04-17 16:16:51 - [TEST_STEP][PASSED] - closeBrowser(): Browser is closed

2020-04-17 16:16:52 - [MESSAGE][PASSED] - Browser is closed

2020-04-17 16:16:52 - [TEST_STEP][PASSED] - super.finalize(): null

2020-04-17 16:16:52 - [TEST_STEP][PASSED] - System.gc(): null

2020-04-17 16:16:52 - [MESSAGE][PASSED] - Call Test Case 'Test Cases/Reusable_Test_Sequences/CAT_Teardown' successfully]]></system-out>
         <system-err><![CDATA[]]></system-err>
      </testcase>
      <testcase name="Test Cases/Web_Office/Settings/Web_Office/Holiday_Dates" time="14.332" classname="Test Cases/Web_Office/Settings/Web_Office/Holiday_Dates" status="PASSED">
         <system-out><![CDATA[2020-04-17 16:16:52 - [TEST_CASE][PASSED] - Test Cases/Web_Office/Settings/Web_Office/Holiday_Dates: Test Cases/Web_Office/Settings/Web_Office/Holiday_Dates

2020-04-17 16:16:53 - [TEST_STEP][PASSED] - "--------------------------------------": null

2020-04-17 16:16:53 - [TEST_STEP][PASSED] - " Web Office StartUp                  |": null

2020-04-17 16:16:53 - [TEST_STEP][PASSED] - callTestCase(findTestCase("Reusable_Test_Sequences/Web_Office/Directives/WebOffice_StartUp"), [:], STOP_ON_FAILURE): Call Test Case 'Test Cases/Reusable_Test_Sequences/Web_Office/Directives/WebOffice_StartUp' successfully

2020-04-17 16:16:53 - [TEST_CASE][PASSED] - Test Cases/Reusable_Test_Sequences/Web_Office/Directives/WebOffice_StartUp: Test Cases/Reusable_Test_Sequences/Web_Office/Directives/WebOffice_StartUp

2020-04-17 16:16:53 - [TEST_STEP][PASSED] - "-----------------------------------------------------------------------------": null

2020-04-17 16:16:53 - [TEST_STEP][PASSED] - if (URL == "https://www.dev.checkatrade.com/"): null

2020-04-17 16:16:53 - [TEST_STEP][PASSED] - "-----------------------------------------------------------------------------": null

2020-04-17 16:16:53 - [TEST_STEP][PASSED] - if (URL == "https://www.checkatrade.com/"): null

2020-04-17 16:16:53 - [TEST_STEP][PASSED] - "-----------------------------------------------------------------------------": null

2020-04-17 16:16:53 - [TEST_STEP][PASSED] - if (URL == "https://www.preview.checkatrade.com/"): null

2020-04-17 16:16:53 - [TEST_STEP][PASSED] - WebOfficeURL = "https://admin.preview.checkatrade.com/": null

2020-04-17 16:16:53 - [TEST_STEP][PASSED] - if (URL == "https://www.dev2.checkatrade.com/"): null

2020-04-17 16:16:53 - [TEST_STEP][PASSED] - "Set Function Area for "URL_Handler", URL Resolution": null

2020-04-17 16:16:53 - [TEST_STEP][PASSED] - "Do Some Magic with URL(s) See the comments within URL Handler ": null

2020-04-17 16:16:53 - [TEST_STEP][PASSED] - "------------------------------------------------": null

2020-04-17 16:16:53 - [TEST_STEP][PASSED] - "Moved Login Credentials to <Default> profile 22/01/2020": null

2020-04-17 16:16:53 - [TEST_STEP][PASSED] - "------------------------------------------------": null

2020-04-17 16:16:53 - [TEST_STEP][PASSED] - "WebOfficeURL - Set from the ENVIRONMENT PROFILE ": null

2020-04-17 16:16:53 - [TEST_STEP][PASSED] - "OPEN BROWSER": null

2020-04-17 16:16:53 - [TEST_STEP][PASSED] - "eg - https://admin.preview.checkatrade.com/  ": null

2020-04-17 16:16:53 - [TEST_STEP][PASSED] - openBrowser(WebOfficeURL): Browser is opened with url: 'https://admin.preview.checkatrade.com/'

2020-04-17 16:16:53 - [MESSAGE][INFO] - Starting 'Chrome' driver

2020-04-17 16:16:53 - [MESSAGE][INFO] - Action delay is set to 0 milliseconds

2020-04-17 16:16:57 - [MESSAGE][PASSED] - Browser is opened with url: 'https://admin.preview.checkatrade.com/'

2020-04-17 16:16:57 - [TEST_STEP][PASSED] - maximizeWindow(): Current window maximized

2020-04-17 16:17:00 - [MESSAGE][PASSED] - Current window maximized

2020-04-17 16:17:00 - [TEST_STEP][PASSED] - waitForElementClickable(findTestObject("Object Repository/WebOffice/Page_Checkatrade - Administration - Login/Login_Button"), 25): Object 'Object Repository/WebOffice/Page_Checkatrade - Administration - Login/Login_Button' is clickable

2020-04-17 16:17:00 - [MESSAGE][PASSED] - Object 'Object Repository/WebOffice/Page_Checkatrade - Administration - Login/Login_Button' is clickable

2020-04-17 16:17:00 - [TEST_STEP][PASSED] - verifyTextPresent("Checkatrade Web Office", false): Text 'Checkatrade Web Office' is present on page 

2020-04-17 16:17:00 - [MESSAGE][PASSED] - Text 'Checkatrade Web Office' is present on page 

2020-04-17 16:17:00 - [TEST_STEP][PASSED] - verifyTextPresent("Access for staff use only", false): Text 'Access for staff use only' is present on page 

2020-04-17 16:17:00 - [MESSAGE][PASSED] - Text 'Access for staff use only' is present on page 

2020-04-17 16:17:00 - [TEST_STEP][PASSED] - verifyTextPresent("Forgotten password?", false): Text 'Forgotten password?' is present on page 

2020-04-17 16:17:00 - [MESSAGE][PASSED] - Text 'Forgotten password?' is present on page 

2020-04-17 16:17:00 - [TEST_STEP][PASSED] - setText(findTestObject("Object Repository/WebOffice/Page_Checkatrade - Administration - Login/input_Username_LoginControlUserName"), wo_Username): Text 'DavidHo' is set on object 'Object Repository/WebOffice/Page_Checkatrade - Administration - Login/input_Username_LoginControlUserName'

2020-04-17 16:17:00 - [MESSAGE][PASSED] - Text 'DavidHo' is set on object 'Object Repository/WebOffice/Page_Checkatrade - Administration - Login/input_Username_LoginControlUserName'

2020-04-17 16:17:00 - [TEST_STEP][PASSED] - setText(findTestObject("Object Repository/WebOffice/Page_Checkatrade - Administration - Login/input_Password_LoginControlPassword"), wo_Password): Text 'Check123' is set on object 'Object Repository/WebOffice/Page_Checkatrade - Administration - Login/input_Password_LoginControlPassword'

2020-04-17 16:17:00 - [MESSAGE][PASSED] - Text 'Check123' is set on object 'Object Repository/WebOffice/Page_Checkatrade - Administration - Login/input_Password_LoginControlPassword'

2020-04-17 16:17:00 - [TEST_STEP][PASSED] - click(findTestObject("Object Repository/WebOffice/Page_Checkatrade - Administration - Login/Login_Button")): Object: 'Object Repository/WebOffice/Page_Checkatrade - Administration - Login/Login_Button' is clicked on

2020-04-17 16:17:02 - [MESSAGE][PASSED] - Object: 'Object Repository/WebOffice/Page_Checkatrade - Administration - Login/Login_Button' is clicked on

2020-04-17 16:17:02 - [TEST_STEP][PASSED] - waitForPageLoad(60): Wait for page load successfully

2020-04-17 16:17:02 - [MESSAGE][PASSED] - Wait for page load successfully

2020-04-17 16:17:02 - [TEST_STEP][PASSED] - verifyTextPresent("Welcome " + wo_Username, false): Text 'Welcome DavidHo' is present on page 

2020-04-17 16:17:02 - [MESSAGE][PASSED] - Text 'Welcome DavidHo' is present on page 

2020-04-17 16:17:02 - [MESSAGE][PASSED] - Call Test Case 'Test Cases/Reusable_Test_Sequences/Web_Office/Directives/WebOffice_StartUp' successfully

2020-04-17 16:17:02 - [TEST_STEP][PASSED] - "-----------------------------------------------------------------": null

2020-04-17 16:17:02 - [TEST_STEP][PASSED] - " Navigate to <Settings->Checkatrade.Com->Sub Item> Menu Item     |": null

2020-04-17 16:17:02 - [TEST_STEP][PASSED] - callTestCase(findTestCase("Reusable_Test_Sequences/Web_Office/Navigation/Sub_Menu_Navigation/Settings/Web_Office/Holiday_Dates"), [:], STOP_ON_FAILURE): Call Test Case 'Test Cases/Reusable_Test_Sequences/Web_Office/Navigation/Sub_Menu_Navigation/Settings/Web_Office/Holiday_Dates' successfully

2020-04-17 16:17:02 - [TEST_CASE][PASSED] - Test Cases/Reusable_Test_Sequences/Web_Office/Navigation/Sub_Menu_Navigation/Settings/Web_Office/Holiday_Dates: Test Cases/Reusable_Test_Sequences/Web_Office/Navigation/Sub_Menu_Navigation/Settings/Web_Office/Holiday_Dates

2020-04-17 16:17:02 - [TEST_STEP][PASSED] - "--------------------------------------": null

2020-04-17 16:17:02 - [TEST_STEP][PASSED] - " Navigate Top level menu Item         |": null

2020-04-17 16:17:02 - [TEST_STEP][PASSED] - waitForPageLoad(60): Wait for page load successfully

2020-04-17 16:17:02 - [MESSAGE][PASSED] - Wait for page load successfully

2020-04-17 16:17:02 - [TEST_STEP][PASSED] - waitForElementClickable(findTestObject("Object Repository/WebOffice_Home_page/a_Settings"), 60): Object 'Object Repository/WebOffice_Home_page/a_Settings' is clickable

2020-04-17 16:17:02 - [MESSAGE][PASSED] - Object 'Object Repository/WebOffice_Home_page/a_Settings' is clickable

2020-04-17 16:17:02 - [TEST_STEP][PASSED] - mouseOver(findTestObject("Object Repository/WebOffice_Home_page/a_Settings")): Object: 'Object Repository/WebOffice_Home_page/a_Settings' is hovered

2020-04-17 16:17:03 - [MESSAGE][PASSED] - Object: 'Object Repository/WebOffice_Home_page/a_Settings' is hovered

2020-04-17 16:17:03 - [TEST_STEP][PASSED] - mouseOver(findTestObject("Object Repository/WebOffice_Home_page/a_Web Office")): Object: 'Object Repository/WebOffice_Home_page/a_Web Office' is hovered

2020-04-17 16:17:03 - [MESSAGE][PASSED] - Object: 'Object Repository/WebOffice_Home_page/a_Web Office' is hovered

2020-04-17 16:17:03 - [TEST_STEP][PASSED] - waitForElementClickable(findTestObject("Object Repository/WebOffice_Home_page/a_Holiday Dates"), 1): Object 'Object Repository/WebOffice_Home_page/a_Holiday Dates' is clickable

2020-04-17 16:17:03 - [MESSAGE][PASSED] - Object 'Object Repository/WebOffice_Home_page/a_Holiday Dates' is clickable

2020-04-17 16:17:03 - [TEST_STEP][PASSED] - click(findTestObject("Object Repository/WebOffice_Home_page/a_Holiday Dates")): Object: 'Object Repository/WebOffice_Home_page/a_Holiday Dates' is clicked on

2020-04-17 16:17:04 - [MESSAGE][PASSED] - Object: 'Object Repository/WebOffice_Home_page/a_Holiday Dates' is clicked on

2020-04-17 16:17:04 - [MESSAGE][PASSED] - Call Test Case 'Test Cases/Reusable_Test_Sequences/Web_Office/Navigation/Sub_Menu_Navigation/Settings/Web_Office/Holiday_Dates' successfully

2020-04-17 16:17:04 - [TEST_STEP][PASSED] - "--------------------------------------": null

2020-04-17 16:17:04 - [TEST_STEP][PASSED] - " Verify Returned Page Detail          |": null

2020-04-17 16:17:04 - [TEST_STEP][PASSED] - callTestCase(findTestCase("Reusable_Test_Sequences/Web_Office/Verification/Settings/Web_Office/Holiday_Dates"), [:], OPTIONAL): Call Test Case 'Test Cases/Reusable_Test_Sequences/Web_Office/Verification/Settings/Web_Office/Holiday_Dates' successfully

2020-04-17 16:17:04 - [TEST_CASE][PASSED] - Test Cases/Reusable_Test_Sequences/Web_Office/Verification/Settings/Web_Office/Holiday_Dates: Test Cases/Reusable_Test_Sequences/Web_Office/Verification/Settings/Web_Office/Holiday_Dates

2020-04-17 16:17:04 - [TEST_STEP][PASSED] - waitForPageLoad(60): Wait for page load successfully

2020-04-17 16:17:04 - [MESSAGE][PASSED] - Wait for page load successfully

2020-04-17 16:17:04 - [TEST_STEP][PASSED] - delay(1): Delayed 1 second(s)

2020-04-17 16:17:05 - [MESSAGE][PASSED] - Delayed 1 second(s)

2020-04-17 16:17:05 - [TEST_STEP][PASSED] - verifyTextPresent("Holiday Dates", false): Text 'Holiday Dates' is present on page 

2020-04-17 16:17:05 - [MESSAGE][PASSED] - Text 'Holiday Dates' is present on page 

2020-04-17 16:17:05 - [TEST_STEP][PASSED] - "----------------------------------------------": null

2020-04-17 16:17:05 - [TEST_STEP][PASSED] - verifyTextPresent("2017", false): Text '2017' is present on page 

2020-04-17 16:17:06 - [MESSAGE][PASSED] - Text '2017' is present on page 

2020-04-17 16:17:06 - [TEST_STEP][PASSED] - verifyTextPresent("2018", false): Text '2018' is present on page 

2020-04-17 16:17:06 - [MESSAGE][PASSED] - Text '2018' is present on page 

2020-04-17 16:17:06 - [TEST_STEP][PASSED] - verifyTextPresent("2019", false): Text '2019' is present on page 

2020-04-17 16:17:06 - [MESSAGE][PASSED] - Text '2019' is present on page 

2020-04-17 16:17:06 - [TEST_STEP][PASSED] - verifyTextPresent("Submit", false): Text 'Submit' is present on page 

2020-04-17 16:17:06 - [MESSAGE][PASSED] - Text 'Submit' is present on page 

2020-04-17 16:17:06 - [MESSAGE][PASSED] - Call Test Case 'Test Cases/Reusable_Test_Sequences/Web_Office/Verification/Settings/Web_Office/Holiday_Dates' successfully

2020-04-17 16:17:06 - [TEST_STEP][PASSED] - "--------------------------": null

2020-04-17 16:17:06 - [TEST_STEP][PASSED] - " Teardown - CLose Browser |": null

2020-04-17 16:17:06 - [TEST_STEP][PASSED] - callTestCase(findTestCase("Reusable_Test_Sequences/CAT_Teardown"), [:], OPTIONAL): Call Test Case 'Test Cases/Reusable_Test_Sequences/CAT_Teardown' successfully

2020-04-17 16:17:06 - [TEST_CASE][PASSED] - Test Cases/Reusable_Test_Sequences/CAT_Teardown: Test Cases/Reusable_Test_Sequences/CAT_Teardown

2020-04-17 16:17:06 - [TEST_STEP][PASSED] - closeBrowser(): Browser is closed

2020-04-17 16:17:07 - [MESSAGE][PASSED] - Browser is closed

2020-04-17 16:17:07 - [TEST_STEP][PASSED] - super.finalize(): null

2020-04-17 16:17:07 - [TEST_STEP][PASSED] - System.gc(): null

2020-04-17 16:17:07 - [MESSAGE][PASSED] - Call Test Case 'Test Cases/Reusable_Test_Sequences/CAT_Teardown' successfully]]></system-out>
         <system-err><![CDATA[]]></system-err>
      </testcase>
      <testcase name="Test Cases/Web_Office/Settings/Web_Office/Spam_Blacklist" time="15.994" classname="Test Cases/Web_Office/Settings/Web_Office/Spam_Blacklist" status="PASSED">
         <system-out><![CDATA[2020-04-17 16:17:07 - [TEST_CASE][PASSED] - Test Cases/Web_Office/Settings/Web_Office/Spam_Blacklist: Test Cases/Web_Office/Settings/Web_Office/Spam_Blacklist

2020-04-17 16:17:07 - [TEST_STEP][PASSED] - "--------------------------------------": null

2020-04-17 16:17:07 - [TEST_STEP][PASSED] - " Web Office StartUp                  |": null

2020-04-17 16:17:07 - [TEST_STEP][PASSED] - callTestCase(findTestCase("Reusable_Test_Sequences/Web_Office/Directives/WebOffice_StartUp"), [:], STOP_ON_FAILURE): Call Test Case 'Test Cases/Reusable_Test_Sequences/Web_Office/Directives/WebOffice_StartUp' successfully

2020-04-17 16:17:07 - [TEST_CASE][PASSED] - Test Cases/Reusable_Test_Sequences/Web_Office/Directives/WebOffice_StartUp: Test Cases/Reusable_Test_Sequences/Web_Office/Directives/WebOffice_StartUp

2020-04-17 16:17:07 - [TEST_STEP][PASSED] - "-----------------------------------------------------------------------------": null

2020-04-17 16:17:07 - [TEST_STEP][PASSED] - if (URL == "https://www.dev.checkatrade.com/"): null

2020-04-17 16:17:07 - [TEST_STEP][PASSED] - "-----------------------------------------------------------------------------": null

2020-04-17 16:17:07 - [TEST_STEP][PASSED] - if (URL == "https://www.checkatrade.com/"): null

2020-04-17 16:17:07 - [TEST_STEP][PASSED] - "-----------------------------------------------------------------------------": null

2020-04-17 16:17:07 - [TEST_STEP][PASSED] - if (URL == "https://www.preview.checkatrade.com/"): null

2020-04-17 16:17:07 - [TEST_STEP][PASSED] - WebOfficeURL = "https://admin.preview.checkatrade.com/": null

2020-04-17 16:17:07 - [TEST_STEP][PASSED] - if (URL == "https://www.dev2.checkatrade.com/"): null

2020-04-17 16:17:07 - [TEST_STEP][PASSED] - "Set Function Area for "URL_Handler", URL Resolution": null

2020-04-17 16:17:07 - [TEST_STEP][PASSED] - "Do Some Magic with URL(s) See the comments within URL Handler ": null

2020-04-17 16:17:07 - [TEST_STEP][PASSED] - "------------------------------------------------": null

2020-04-17 16:17:07 - [TEST_STEP][PASSED] - "Moved Login Credentials to <Default> profile 22/01/2020": null

2020-04-17 16:17:07 - [TEST_STEP][PASSED] - "------------------------------------------------": null

2020-04-17 16:17:07 - [TEST_STEP][PASSED] - "WebOfficeURL - Set from the ENVIRONMENT PROFILE ": null

2020-04-17 16:17:07 - [TEST_STEP][PASSED] - "OPEN BROWSER": null

2020-04-17 16:17:07 - [TEST_STEP][PASSED] - "eg - https://admin.preview.checkatrade.com/  ": null

2020-04-17 16:17:07 - [TEST_STEP][PASSED] - openBrowser(WebOfficeURL): Browser is opened with url: 'https://admin.preview.checkatrade.com/'

2020-04-17 16:17:07 - [MESSAGE][INFO] - Starting 'Chrome' driver

2020-04-17 16:17:07 - [MESSAGE][INFO] - Action delay is set to 0 milliseconds

2020-04-17 16:17:13 - [MESSAGE][PASSED] - Browser is opened with url: 'https://admin.preview.checkatrade.com/'

2020-04-17 16:17:13 - [TEST_STEP][PASSED] - maximizeWindow(): Current window maximized

2020-04-17 16:17:15 - [MESSAGE][PASSED] - Current window maximized

2020-04-17 16:17:15 - [TEST_STEP][PASSED] - waitForElementClickable(findTestObject("Object Repository/WebOffice/Page_Checkatrade - Administration - Login/Login_Button"), 25): Object 'Object Repository/WebOffice/Page_Checkatrade - Administration - Login/Login_Button' is clickable

2020-04-17 16:17:15 - [MESSAGE][PASSED] - Object 'Object Repository/WebOffice/Page_Checkatrade - Administration - Login/Login_Button' is clickable

2020-04-17 16:17:15 - [TEST_STEP][PASSED] - verifyTextPresent("Checkatrade Web Office", false): Text 'Checkatrade Web Office' is present on page 

2020-04-17 16:17:15 - [MESSAGE][PASSED] - Text 'Checkatrade Web Office' is present on page 

2020-04-17 16:17:15 - [TEST_STEP][PASSED] - verifyTextPresent("Access for staff use only", false): Text 'Access for staff use only' is present on page 

2020-04-17 16:17:15 - [MESSAGE][PASSED] - Text 'Access for staff use only' is present on page 

2020-04-17 16:17:15 - [TEST_STEP][PASSED] - verifyTextPresent("Forgotten password?", false): Text 'Forgotten password?' is present on page 

2020-04-17 16:17:15 - [MESSAGE][PASSED] - Text 'Forgotten password?' is present on page 

2020-04-17 16:17:15 - [TEST_STEP][PASSED] - setText(findTestObject("Object Repository/WebOffice/Page_Checkatrade - Administration - Login/input_Username_LoginControlUserName"), wo_Username): Text 'DavidHo' is set on object 'Object Repository/WebOffice/Page_Checkatrade - Administration - Login/input_Username_LoginControlUserName'

2020-04-17 16:17:15 - [MESSAGE][PASSED] - Text 'DavidHo' is set on object 'Object Repository/WebOffice/Page_Checkatrade - Administration - Login/input_Username_LoginControlUserName'

2020-04-17 16:17:15 - [TEST_STEP][PASSED] - setText(findTestObject("Object Repository/WebOffice/Page_Checkatrade - Administration - Login/input_Password_LoginControlPassword"), wo_Password): Text 'Check123' is set on object 'Object Repository/WebOffice/Page_Checkatrade - Administration - Login/input_Password_LoginControlPassword'

2020-04-17 16:17:16 - [MESSAGE][PASSED] - Text 'Check123' is set on object 'Object Repository/WebOffice/Page_Checkatrade - Administration - Login/input_Password_LoginControlPassword'

2020-04-17 16:17:16 - [TEST_STEP][PASSED] - click(findTestObject("Object Repository/WebOffice/Page_Checkatrade - Administration - Login/Login_Button")): Object: 'Object Repository/WebOffice/Page_Checkatrade - Administration - Login/Login_Button' is clicked on

2020-04-17 16:17:17 - [MESSAGE][PASSED] - Object: 'Object Repository/WebOffice/Page_Checkatrade - Administration - Login/Login_Button' is clicked on

2020-04-17 16:17:17 - [TEST_STEP][PASSED] - waitForPageLoad(60): Wait for page load successfully

2020-04-17 16:17:17 - [MESSAGE][PASSED] - Wait for page load successfully

2020-04-17 16:17:17 - [TEST_STEP][PASSED] - verifyTextPresent("Welcome " + wo_Username, false): Text 'Welcome DavidHo' is present on page 

2020-04-17 16:17:17 - [MESSAGE][PASSED] - Text 'Welcome DavidHo' is present on page 

2020-04-17 16:17:17 - [MESSAGE][PASSED] - Call Test Case 'Test Cases/Reusable_Test_Sequences/Web_Office/Directives/WebOffice_StartUp' successfully

2020-04-17 16:17:17 - [TEST_STEP][PASSED] - "-----------------------------------------------------------------": null

2020-04-17 16:17:17 - [TEST_STEP][PASSED] - " Navigate to <Settings->Checkatrade.Com->Sub Item> Menu Item     |": null

2020-04-17 16:17:17 - [TEST_STEP][PASSED] - callTestCase(findTestCase("Reusable_Test_Sequences/Web_Office/Navigation/Sub_Menu_Navigation/Settings/Web_Office/Spam_Blacklist"), [:], STOP_ON_FAILURE): Call Test Case 'Test Cases/Reusable_Test_Sequences/Web_Office/Navigation/Sub_Menu_Navigation/Settings/Web_Office/Spam_Blacklist' successfully

2020-04-17 16:17:17 - [TEST_CASE][PASSED] - Test Cases/Reusable_Test_Sequences/Web_Office/Navigation/Sub_Menu_Navigation/Settings/Web_Office/Spam_Blacklist: Test Cases/Reusable_Test_Sequences/Web_Office/Navigation/Sub_Menu_Navigation/Settings/Web_Office/Spam_Blacklist

2020-04-17 16:17:17 - [TEST_STEP][PASSED] - "--------------------------------------": null

2020-04-17 16:17:18 - [TEST_STEP][PASSED] - " Navigate Top level menu Item         |": null

2020-04-17 16:17:18 - [TEST_STEP][PASSED] - waitForPageLoad(60): Wait for page load successfully

2020-04-17 16:17:18 - [MESSAGE][PASSED] - Wait for page load successfully

2020-04-17 16:17:18 - [TEST_STEP][PASSED] - waitForElementClickable(findTestObject("Object Repository/WebOffice_Home_page/a_Settings"), 60): Object 'Object Repository/WebOffice_Home_page/a_Settings' is clickable

2020-04-17 16:17:18 - [MESSAGE][PASSED] - Object 'Object Repository/WebOffice_Home_page/a_Settings' is clickable

2020-04-17 16:17:18 - [TEST_STEP][PASSED] - mouseOver(findTestObject("Object Repository/WebOffice_Home_page/a_Settings")): Object: 'Object Repository/WebOffice_Home_page/a_Settings' is hovered

2020-04-17 16:17:18 - [MESSAGE][PASSED] - Object: 'Object Repository/WebOffice_Home_page/a_Settings' is hovered

2020-04-17 16:17:18 - [TEST_STEP][PASSED] - mouseOver(findTestObject("Object Repository/WebOffice_Home_page/a_Web Office")): Object: 'Object Repository/WebOffice_Home_page/a_Web Office' is hovered

2020-04-17 16:17:18 - [MESSAGE][PASSED] - Object: 'Object Repository/WebOffice_Home_page/a_Web Office' is hovered

2020-04-17 16:17:18 - [TEST_STEP][PASSED] - waitForElementClickable(findTestObject("Object Repository/WebOffice_Home_page/a_Spam Blacklist"), 1): Object 'Object Repository/WebOffice_Home_page/a_Spam Blacklist' is clickable

2020-04-17 16:17:18 - [MESSAGE][PASSED] - Object 'Object Repository/WebOffice_Home_page/a_Spam Blacklist' is clickable

2020-04-17 16:17:18 - [TEST_STEP][PASSED] - click(findTestObject("Object Repository/WebOffice_Home_page/a_Spam Blacklist")): Object: 'Object Repository/WebOffice_Home_page/a_Spam Blacklist' is clicked on

2020-04-17 16:17:19 - [MESSAGE][PASSED] - Object: 'Object Repository/WebOffice_Home_page/a_Spam Blacklist' is clicked on

2020-04-17 16:17:19 - [MESSAGE][PASSED] - Call Test Case 'Test Cases/Reusable_Test_Sequences/Web_Office/Navigation/Sub_Menu_Navigation/Settings/Web_Office/Spam_Blacklist' successfully

2020-04-17 16:17:19 - [TEST_STEP][PASSED] - "--------------------------------------": null

2020-04-17 16:17:19 - [TEST_STEP][PASSED] - " Verify Returned Page Detail          |": null

2020-04-17 16:17:19 - [TEST_STEP][PASSED] - callTestCase(findTestCase("Reusable_Test_Sequences/Web_Office/Verification/Settings/Web_Office/Spam_Blacklist"), [:], OPTIONAL): Call Test Case 'Test Cases/Reusable_Test_Sequences/Web_Office/Verification/Settings/Web_Office/Spam_Blacklist' successfully

2020-04-17 16:17:19 - [TEST_CASE][PASSED] - Test Cases/Reusable_Test_Sequences/Web_Office/Verification/Settings/Web_Office/Spam_Blacklist: Test Cases/Reusable_Test_Sequences/Web_Office/Verification/Settings/Web_Office/Spam_Blacklist

2020-04-17 16:17:19 - [TEST_STEP][PASSED] - waitForPageLoad(60): Wait for page load successfully

2020-04-17 16:17:19 - [MESSAGE][PASSED] - Wait for page load successfully

2020-04-17 16:17:19 - [TEST_STEP][PASSED] - delay(1): Delayed 1 second(s)

2020-04-17 16:17:20 - [MESSAGE][PASSED] - Delayed 1 second(s)

2020-04-17 16:17:20 - [TEST_STEP][PASSED] - verifyTextPresent("Edit Spam Blacklist", false): Text 'Edit Spam Blacklist' is present on page 

2020-04-17 16:17:21 - [MESSAGE][PASSED] - Text 'Edit Spam Blacklist' is present on page 

2020-04-17 16:17:21 - [TEST_STEP][PASSED] - "----------------------------------------------": null

2020-04-17 16:17:21 - [TEST_STEP][PASSED] - verifyTextPresent("Email address", false): Text 'Email address' is present on page 

2020-04-17 16:17:21 - [MESSAGE][PASSED] - Text 'Email address' is present on page 

2020-04-17 16:17:21 - [TEST_STEP][PASSED] - "----------------------------------------------": null

2020-04-17 16:17:21 - [TEST_STEP][PASSED] - verifyTextPresent("Edit Source", false): Text 'Edit Source' is present on page 

2020-04-17 16:17:21 - [MESSAGE][PASSED] - Text 'Edit Source' is present on page 

2020-04-17 16:17:21 - [TEST_STEP][PASSED] - verifyTextPresent("annie.holt@homeinstead.co.uk", false): Text 'annie.holt@homeinstead.co.uk' is present on page 

2020-04-17 16:17:21 - [MESSAGE][PASSED] - Text 'annie.holt@homeinstead.co.uk' is present on page 

2020-04-17 16:17:21 - [TEST_STEP][PASSED] - verifyTextPresent("Johnthetyler@gmail.com", false): Text 'Johnthetyler@gmail.com' is present on page 

2020-04-17 16:17:21 - [MESSAGE][PASSED] - Text 'Johnthetyler@gmail.com' is present on page 

2020-04-17 16:17:21 - [TEST_STEP][PASSED] - verifyTextPresent("contracts@justsolutions.org.uk", false): Text 'contracts@justsolutions.org.uk' is present on page 

2020-04-17 16:17:21 - [MESSAGE][PASSED] - Text 'contracts@justsolutions.org.uk' is present on page 

2020-04-17 16:17:21 - [TEST_STEP][PASSED] - verifyTextPresent("kjseabright@gmail.com", false): Text 'kjseabright@gmail.com' is present on page 

2020-04-17 16:17:22 - [MESSAGE][PASSED] - Text 'kjseabright@gmail.com' is present on page 

2020-04-17 16:17:22 - [TEST_STEP][PASSED] - verifyTextPresent("Lauraturner@live.co.uk", false): Text 'Lauraturner@live.co.uk' is present on page 

2020-04-17 16:17:22 - [MESSAGE][PASSED] - Text 'Lauraturner@live.co.uk' is present on page 

2020-04-17 16:17:22 - [MESSAGE][PASSED] - Call Test Case 'Test Cases/Reusable_Test_Sequences/Web_Office/Verification/Settings/Web_Office/Spam_Blacklist' successfully

2020-04-17 16:17:22 - [TEST_STEP][PASSED] - "--------------------------": null

2020-04-17 16:17:22 - [TEST_STEP][PASSED] - " Teardown - CLose Browser |": null

2020-04-17 16:17:22 - [TEST_STEP][PASSED] - callTestCase(findTestCase("Reusable_Test_Sequences/CAT_Teardown"), [:], OPTIONAL): Call Test Case 'Test Cases/Reusable_Test_Sequences/CAT_Teardown' successfully

2020-04-17 16:17:22 - [TEST_CASE][PASSED] - Test Cases/Reusable_Test_Sequences/CAT_Teardown: Test Cases/Reusable_Test_Sequences/CAT_Teardown

2020-04-17 16:17:22 - [TEST_STEP][PASSED] - closeBrowser(): Browser is closed

2020-04-17 16:17:23 - [MESSAGE][PASSED] - Browser is closed

2020-04-17 16:17:23 - [TEST_STEP][PASSED] - super.finalize(): null

2020-04-17 16:17:23 - [TEST_STEP][PASSED] - System.gc(): null

2020-04-17 16:17:23 - [MESSAGE][PASSED] - Call Test Case 'Test Cases/Reusable_Test_Sequences/CAT_Teardown' successfully]]></system-out>
         <system-err><![CDATA[]]></system-err>
      </testcase>
      <testcase name="Test Cases/Web_Office/Settings/Web_Office/Vetting_Schemes" time="23.509" classname="Test Cases/Web_Office/Settings/Web_Office/Vetting_Schemes" status="PASSED">
         <system-out><![CDATA[2020-04-17 16:17:23 - [TEST_CASE][PASSED] - Test Cases/Web_Office/Settings/Web_Office/Vetting_Schemes: Test Cases/Web_Office/Settings/Web_Office/Vetting_Schemes

2020-04-17 16:17:23 - [TEST_STEP][PASSED] - "--------------------------------------": null

2020-04-17 16:17:23 - [TEST_STEP][PASSED] - " Web Office StartUp                  |": null

2020-04-17 16:17:23 - [TEST_STEP][PASSED] - callTestCase(findTestCase("Reusable_Test_Sequences/Web_Office/Directives/WebOffice_StartUp"), [:], STOP_ON_FAILURE): Call Test Case 'Test Cases/Reusable_Test_Sequences/Web_Office/Directives/WebOffice_StartUp' successfully

2020-04-17 16:17:23 - [TEST_CASE][PASSED] - Test Cases/Reusable_Test_Sequences/Web_Office/Directives/WebOffice_StartUp: Test Cases/Reusable_Test_Sequences/Web_Office/Directives/WebOffice_StartUp

2020-04-17 16:17:23 - [TEST_STEP][PASSED] - "-----------------------------------------------------------------------------": null

2020-04-17 16:17:23 - [TEST_STEP][PASSED] - if (URL == "https://www.dev.checkatrade.com/"): null

2020-04-17 16:17:23 - [TEST_STEP][PASSED] - "-----------------------------------------------------------------------------": null

2020-04-17 16:17:23 - [TEST_STEP][PASSED] - if (URL == "https://www.checkatrade.com/"): null

2020-04-17 16:17:23 - [TEST_STEP][PASSED] - "-----------------------------------------------------------------------------": null

2020-04-17 16:17:23 - [TEST_STEP][PASSED] - if (URL == "https://www.preview.checkatrade.com/"): null

2020-04-17 16:17:23 - [TEST_STEP][PASSED] - WebOfficeURL = "https://admin.preview.checkatrade.com/": null

2020-04-17 16:17:23 - [TEST_STEP][PASSED] - if (URL == "https://www.dev2.checkatrade.com/"): null

2020-04-17 16:17:23 - [TEST_STEP][PASSED] - "Set Function Area for "URL_Handler", URL Resolution": null

2020-04-17 16:17:23 - [TEST_STEP][PASSED] - "Do Some Magic with URL(s) See the comments within URL Handler ": null

2020-04-17 16:17:23 - [TEST_STEP][PASSED] - "------------------------------------------------": null

2020-04-17 16:17:23 - [TEST_STEP][PASSED] - "Moved Login Credentials to <Default> profile 22/01/2020": null

2020-04-17 16:17:23 - [TEST_STEP][PASSED] - "------------------------------------------------": null

2020-04-17 16:17:23 - [TEST_STEP][PASSED] - "WebOfficeURL - Set from the ENVIRONMENT PROFILE ": null

2020-04-17 16:17:23 - [TEST_STEP][PASSED] - "OPEN BROWSER": null

2020-04-17 16:17:23 - [TEST_STEP][PASSED] - "eg - https://admin.preview.checkatrade.com/  ": null

2020-04-17 16:17:23 - [TEST_STEP][PASSED] - openBrowser(WebOfficeURL): Browser is opened with url: 'https://admin.preview.checkatrade.com/'

2020-04-17 16:17:23 - [MESSAGE][INFO] - Starting 'Chrome' driver

2020-04-17 16:17:23 - [MESSAGE][INFO] - Action delay is set to 0 milliseconds

2020-04-17 16:17:27 - [MESSAGE][PASSED] - Browser is opened with url: 'https://admin.preview.checkatrade.com/'

2020-04-17 16:17:27 - [TEST_STEP][PASSED] - maximizeWindow(): Current window maximized

2020-04-17 16:17:30 - [MESSAGE][PASSED] - Current window maximized

2020-04-17 16:17:30 - [TEST_STEP][PASSED] - waitForElementClickable(findTestObject("Object Repository/WebOffice/Page_Checkatrade - Administration - Login/Login_Button"), 25): Object 'Object Repository/WebOffice/Page_Checkatrade - Administration - Login/Login_Button' is clickable

2020-04-17 16:17:30 - [MESSAGE][PASSED] - Object 'Object Repository/WebOffice/Page_Checkatrade - Administration - Login/Login_Button' is clickable

2020-04-17 16:17:30 - [TEST_STEP][PASSED] - verifyTextPresent("Checkatrade Web Office", false): Text 'Checkatrade Web Office' is present on page 

2020-04-17 16:17:30 - [MESSAGE][PASSED] - Text 'Checkatrade Web Office' is present on page 

2020-04-17 16:17:30 - [TEST_STEP][PASSED] - verifyTextPresent("Access for staff use only", false): Text 'Access for staff use only' is present on page 

2020-04-17 16:17:30 - [MESSAGE][PASSED] - Text 'Access for staff use only' is present on page 

2020-04-17 16:17:30 - [TEST_STEP][PASSED] - verifyTextPresent("Forgotten password?", false): Text 'Forgotten password?' is present on page 

2020-04-17 16:17:30 - [MESSAGE][PASSED] - Text 'Forgotten password?' is present on page 

2020-04-17 16:17:30 - [TEST_STEP][PASSED] - setText(findTestObject("Object Repository/WebOffice/Page_Checkatrade - Administration - Login/input_Username_LoginControlUserName"), wo_Username): Text 'DavidHo' is set on object 'Object Repository/WebOffice/Page_Checkatrade - Administration - Login/input_Username_LoginControlUserName'

2020-04-17 16:17:30 - [MESSAGE][PASSED] - Text 'DavidHo' is set on object 'Object Repository/WebOffice/Page_Checkatrade - Administration - Login/input_Username_LoginControlUserName'

2020-04-17 16:17:30 - [TEST_STEP][PASSED] - setText(findTestObject("Object Repository/WebOffice/Page_Checkatrade - Administration - Login/input_Password_LoginControlPassword"), wo_Password): Text 'Check123' is set on object 'Object Repository/WebOffice/Page_Checkatrade - Administration - Login/input_Password_LoginControlPassword'

2020-04-17 16:17:30 - [MESSAGE][PASSED] - Text 'Check123' is set on object 'Object Repository/WebOffice/Page_Checkatrade - Administration - Login/input_Password_LoginControlPassword'

2020-04-17 16:17:30 - [TEST_STEP][PASSED] - click(findTestObject("Object Repository/WebOffice/Page_Checkatrade - Administration - Login/Login_Button")): Object: 'Object Repository/WebOffice/Page_Checkatrade - Administration - Login/Login_Button' is clicked on

2020-04-17 16:17:31 - [MESSAGE][PASSED] - Object: 'Object Repository/WebOffice/Page_Checkatrade - Administration - Login/Login_Button' is clicked on

2020-04-17 16:17:31 - [TEST_STEP][PASSED] - waitForPageLoad(60): Wait for page load successfully

2020-04-17 16:17:31 - [MESSAGE][PASSED] - Wait for page load successfully

2020-04-17 16:17:31 - [TEST_STEP][PASSED] - verifyTextPresent("Welcome " + wo_Username, false): Text 'Welcome DavidHo' is present on page 

2020-04-17 16:17:31 - [MESSAGE][PASSED] - Text 'Welcome DavidHo' is present on page 

2020-04-17 16:17:31 - [MESSAGE][PASSED] - Call Test Case 'Test Cases/Reusable_Test_Sequences/Web_Office/Directives/WebOffice_StartUp' successfully

2020-04-17 16:17:31 - [TEST_STEP][PASSED] - "-----------------------------------------------------------------": null

2020-04-17 16:17:31 - [TEST_STEP][PASSED] - " Navigate to <Settings->Checkatrade.Com->Sub Item> Menu Item     |": null

2020-04-17 16:17:31 - [TEST_STEP][PASSED] - callTestCase(findTestCase("Reusable_Test_Sequences/Web_Office/Navigation/Sub_Menu_Navigation/Settings/Web_Office/Vetting_Schemes"), [:], STOP_ON_FAILURE): Call Test Case 'Test Cases/Reusable_Test_Sequences/Web_Office/Navigation/Sub_Menu_Navigation/Settings/Web_Office/Vetting_Schemes' successfully

2020-04-17 16:17:31 - [TEST_CASE][PASSED] - Test Cases/Reusable_Test_Sequences/Web_Office/Navigation/Sub_Menu_Navigation/Settings/Web_Office/Vetting_Schemes: Test Cases/Reusable_Test_Sequences/Web_Office/Navigation/Sub_Menu_Navigation/Settings/Web_Office/Vetting_Schemes

2020-04-17 16:17:32 - [TEST_STEP][PASSED] - "--------------------------------------": null

2020-04-17 16:17:32 - [TEST_STEP][PASSED] - " Navigate Top level menu Item         |": null

2020-04-17 16:17:32 - [TEST_STEP][PASSED] - waitForPageLoad(60): Wait for page load successfully

2020-04-17 16:17:32 - [MESSAGE][PASSED] - Wait for page load successfully

2020-04-17 16:17:32 - [TEST_STEP][PASSED] - waitForElementClickable(findTestObject("Object Repository/WebOffice_Home_page/a_Settings"), 60): Object 'Object Repository/WebOffice_Home_page/a_Settings' is clickable

2020-04-17 16:17:32 - [MESSAGE][PASSED] - Object 'Object Repository/WebOffice_Home_page/a_Settings' is clickable

2020-04-17 16:17:32 - [TEST_STEP][PASSED] - mouseOver(findTestObject("Object Repository/WebOffice_Home_page/a_Settings")): Object: 'Object Repository/WebOffice_Home_page/a_Settings' is hovered

2020-04-17 16:17:32 - [MESSAGE][PASSED] - Object: 'Object Repository/WebOffice_Home_page/a_Settings' is hovered

2020-04-17 16:17:32 - [TEST_STEP][PASSED] - mouseOver(findTestObject("Object Repository/WebOffice_Home_page/a_Web Office")): Object: 'Object Repository/WebOffice_Home_page/a_Web Office' is hovered

2020-04-17 16:17:32 - [MESSAGE][PASSED] - Object: 'Object Repository/WebOffice_Home_page/a_Web Office' is hovered

2020-04-17 16:17:32 - [TEST_STEP][PASSED] - waitForElementClickable(findTestObject("Object Repository/WebOffice_Home_page/a_Vetting Schemes"), 1): Object 'Object Repository/WebOffice_Home_page/a_Vetting Schemes' is clickable

2020-04-17 16:17:32 - [MESSAGE][PASSED] - Object 'Object Repository/WebOffice_Home_page/a_Vetting Schemes' is clickable

2020-04-17 16:17:32 - [TEST_STEP][PASSED] - click(findTestObject("Object Repository/WebOffice_Home_page/a_Vetting Schemes")): Object: 'Object Repository/WebOffice_Home_page/a_Vetting Schemes' is clicked on

2020-04-17 16:17:33 - [MESSAGE][PASSED] - Object: 'Object Repository/WebOffice_Home_page/a_Vetting Schemes' is clicked on

2020-04-17 16:17:33 - [MESSAGE][PASSED] - Call Test Case 'Test Cases/Reusable_Test_Sequences/Web_Office/Navigation/Sub_Menu_Navigation/Settings/Web_Office/Vetting_Schemes' successfully

2020-04-17 16:17:33 - [TEST_STEP][PASSED] - "--------------------------------------": null

2020-04-17 16:17:33 - [TEST_STEP][PASSED] - " Verify Returned Page Detail          |": null

2020-04-17 16:17:33 - [TEST_STEP][PASSED] - callTestCase(findTestCase("Reusable_Test_Sequences/Web_Office/Verification/Settings/Web_Office/Vetting_Schemes"), [:], OPTIONAL): Call Test Case 'Test Cases/Reusable_Test_Sequences/Web_Office/Verification/Settings/Web_Office/Vetting_Schemes' successfully

2020-04-17 16:17:33 - [TEST_CASE][PASSED] - Test Cases/Reusable_Test_Sequences/Web_Office/Verification/Settings/Web_Office/Vetting_Schemes: Test Cases/Reusable_Test_Sequences/Web_Office/Verification/Settings/Web_Office/Vetting_Schemes

2020-04-17 16:17:33 - [TEST_STEP][PASSED] - waitForPageLoad(60): Wait for page load successfully

2020-04-17 16:17:33 - [MESSAGE][PASSED] - Wait for page load successfully

2020-04-17 16:17:33 - [TEST_STEP][PASSED] - delay(1): Delayed 1 second(s)

2020-04-17 16:17:34 - [MESSAGE][PASSED] - Delayed 1 second(s)

2020-04-17 16:17:34 - [TEST_STEP][PASSED] - verifyTextPresent("Vetting Schemes", false): Text 'Vetting Schemes' is present on page 

2020-04-17 16:17:35 - [MESSAGE][PASSED] - Text 'Vetting Schemes' is present on page 

2020-04-17 16:17:35 - [TEST_STEP][PASSED] - "----------------------------------------------": null

2020-04-17 16:17:35 - [TEST_STEP][PASSED] - verifyTextPresent("Active schemes", false): Text 'Active schemes' is present on page 

2020-04-17 16:17:35 - [MESSAGE][PASSED] - Text 'Active schemes' is present on page 

2020-04-17 16:17:35 - [TEST_STEP][PASSED] - verifyTextPresent("Archived schemes", false): Text 'Archived schemes' is present on page 

2020-04-17 16:17:36 - [MESSAGE][PASSED] - Text 'Archived schemes' is present on page 

2020-04-17 16:17:36 - [TEST_STEP][PASSED] - "----------------------------------------------": null

2020-04-17 16:17:36 - [TEST_STEP][PASSED] - verifyTextPresent("CHECK", false): Text 'CHECK' is present on page 

2020-04-17 16:17:36 - [MESSAGE][PASSED] - Text 'CHECK' is present on page 

2020-04-17 16:17:36 - [TEST_STEP][PASSED] - verifyTextPresent("DESCRIPTION", false): Text 'DESCRIPTION' is present on page 

2020-04-17 16:17:37 - [MESSAGE][PASSED] - Text 'DESCRIPTION' is present on page 

2020-04-17 16:17:37 - [TEST_STEP][PASSED] - verifyTextPresent("CHECKATRADE", false): Text 'CHECKATRADE' is present on page 

2020-04-17 16:17:38 - [MESSAGE][PASSED] - Text 'CHECKATRADE' is present on page 

2020-04-17 16:17:38 - [TEST_STEP][PASSED] - verifyTextPresent("KENT TSA", false): Text 'KENT TSA' is present on page 

2020-04-17 16:17:39 - [MESSAGE][PASSED] - Text 'KENT TSA' is present on page 

2020-04-17 16:17:39 - [TEST_STEP][PASSED] - verifyTextPresent("BUCKINGHAMSHIRE AND SURREY TSA", false): Text 'BUCKINGHAMSHIRE AND SURREY TSA' is present on page 

2020-04-17 16:17:39 - [MESSAGE][PASSED] - Text 'BUCKINGHAMSHIRE AND SURREY TSA' is present on page 

2020-04-17 16:17:39 - [TEST_STEP][PASSED] - verifyTextPresent("NOTTINGHAMSHIRE TSA", false): Text 'NOTTINGHAMSHIRE TSA' is present on page 

2020-04-17 16:17:40 - [MESSAGE][PASSED] - Text 'NOTTINGHAMSHIRE TSA' is present on page 

2020-04-17 16:17:40 - [TEST_STEP][PASSED] - verifyTextPresent("BROMLEY TSA", false): Text 'BROMLEY TSA' is present on page 

2020-04-17 16:17:40 - [MESSAGE][PASSED] - Text 'BROMLEY TSA' is present on page 

2020-04-17 16:17:40 - [TEST_STEP][PASSED] - verifyTextPresent("SUFFOLK TSA", false): Text 'SUFFOLK TSA' is present on page 

2020-04-17 16:17:41 - [MESSAGE][PASSED] - Text 'SUFFOLK TSA' is present on page 

2020-04-17 16:17:41 - [TEST_STEP][PASSED] - verifyTextPresent("EAST SUSSEX TSA", false): Text 'EAST SUSSEX TSA' is present on page 

2020-04-17 16:17:42 - [MESSAGE][PASSED] - Text 'EAST SUSSEX TSA' is present on page 

2020-04-17 16:17:42 - [TEST_STEP][PASSED] - verifyTextPresent("NOTTINGHAM CITY TSA", false): Text 'NOTTINGHAM CITY TSA' is present on page 

2020-04-17 16:17:42 - [MESSAGE][PASSED] - Text 'NOTTINGHAM CITY TSA' is present on page 

2020-04-17 16:17:42 - [TEST_STEP][PASSED] - verifyTextPresent("FOC", false): Text 'FOC' is present on page 

2020-04-17 16:17:43 - [MESSAGE][PASSED] - Text 'FOC' is present on page 

2020-04-17 16:17:43 - [TEST_STEP][PASSED] - verifyTextPresent("WORCESTERSHIRE TSA", false): Text 'WORCESTERSHIRE TSA' is present on page 

2020-04-17 16:17:43 - [MESSAGE][PASSED] - Text 'WORCESTERSHIRE TSA' is present on page 

2020-04-17 16:17:43 - [TEST_STEP][PASSED] - "----------------------------------------------": null

2020-04-17 16:17:43 - [TEST_STEP][PASSED] - verifyTextPresent("Accreditations", false): Text 'Accreditations' is present on page 

2020-04-17 16:17:43 - [MESSAGE][PASSED] - Text 'Accreditations' is present on page 

2020-04-17 16:17:43 - [TEST_STEP][PASSED] - verifyTextPresent("If accreditations are required for chosen work category, confirm with uploaded document", false): Text 'If accreditations are required for chosen work category, confirm with uploaded document' is present on page 

2020-04-17 16:17:44 - [MESSAGE][PASSED] - Text 'If accreditations are required for chosen work category, confirm with uploaded document' is present on page 

2020-04-17 16:17:44 - [TEST_STEP][PASSED] - verifyTextPresent("County Court Judgements", false): Text 'County Court Judgements' is present on page 

2020-04-17 16:17:44 - [MESSAGE][PASSED] - Text 'County Court Judgements' is present on page 

2020-04-17 16:17:44 - [TEST_STEP][PASSED] - verifyTextPresent("Check for County Court Judgements", false): Text 'Check for County Court Judgements' is present on page 

2020-04-17 16:17:44 - [MESSAGE][PASSED] - Text 'Check for County Court Judgements' is present on page 

2020-04-17 16:17:44 - [TEST_STEP][PASSED] - verifyTextPresent("Trading Standards Consent", false): Text 'Trading Standards Consent' is present on page 

2020-04-17 16:17:45 - [MESSAGE][PASSED] - Text 'Trading Standards Consent' is present on page 

2020-04-17 16:17:45 - [TEST_STEP][PASSED] - verifyTextPresent("Company agrees to data sharing with Trading Standards", false): Text 'Company agrees to data sharing with Trading Standards' is present on page 

2020-04-17 16:17:45 - [MESSAGE][PASSED] - Text 'Company agrees to data sharing with Trading Standards' is present on page 

2020-04-17 16:17:45 - [TEST_STEP][PASSED] - verifyTextPresent("Duplicate Check process step is done", false): Text 'Duplicate Check process step is done' is present on page 

2020-04-17 16:17:45 - [MESSAGE][PASSED] - Text 'Duplicate Check process step is done' is present on page 

2020-04-17 16:17:45 - [MESSAGE][PASSED] - Call Test Case 'Test Cases/Reusable_Test_Sequences/Web_Office/Verification/Settings/Web_Office/Vetting_Schemes' successfully

2020-04-17 16:17:45 - [TEST_STEP][PASSED] - "--------------------------": null

2020-04-17 16:17:45 - [TEST_STEP][PASSED] - " Teardown - CLose Browser |": null

2020-04-17 16:17:45 - [TEST_STEP][PASSED] - callTestCase(findTestCase("Reusable_Test_Sequences/CAT_Teardown"), [:], OPTIONAL): Call Test Case 'Test Cases/Reusable_Test_Sequences/CAT_Teardown' successfully

2020-04-17 16:17:45 - [TEST_CASE][PASSED] - Test Cases/Reusable_Test_Sequences/CAT_Teardown: Test Cases/Reusable_Test_Sequences/CAT_Teardown

2020-04-17 16:17:45 - [TEST_STEP][PASSED] - closeBrowser(): Browser is closed

2020-04-17 16:17:46 - [MESSAGE][PASSED] - Browser is closed

2020-04-17 16:17:46 - [TEST_STEP][PASSED] - super.finalize(): null

2020-04-17 16:17:46 - [TEST_STEP][PASSED] - System.gc(): null

2020-04-17 16:17:46 - [MESSAGE][PASSED] - Call Test Case 'Test Cases/Reusable_Test_Sequences/CAT_Teardown' successfully]]></system-out>
         <system-err><![CDATA[]]></system-err>
      </testcase>
      <testcase name="Test Cases/Web_Office/Settings/Web_Office/Web_Subs" time="16.452" classname="Test Cases/Web_Office/Settings/Web_Office/Web_Subs" status="PASSED">
         <system-out><![CDATA[2020-04-17 16:17:46 - [TEST_CASE][PASSED] - Test Cases/Web_Office/Settings/Web_Office/Web_Subs: Test Cases/Web_Office/Settings/Web_Office/Web_Subs

2020-04-17 16:17:46 - [TEST_STEP][PASSED] - "--------------------------------------": null

2020-04-17 16:17:46 - [TEST_STEP][PASSED] - " Web Office StartUp                  |": null

2020-04-17 16:17:46 - [TEST_STEP][PASSED] - callTestCase(findTestCase("Reusable_Test_Sequences/Web_Office/Directives/WebOffice_StartUp"), [:], STOP_ON_FAILURE): Call Test Case 'Test Cases/Reusable_Test_Sequences/Web_Office/Directives/WebOffice_StartUp' successfully

2020-04-17 16:17:46 - [TEST_CASE][PASSED] - Test Cases/Reusable_Test_Sequences/Web_Office/Directives/WebOffice_StartUp: Test Cases/Reusable_Test_Sequences/Web_Office/Directives/WebOffice_StartUp

2020-04-17 16:17:47 - [TEST_STEP][PASSED] - "-----------------------------------------------------------------------------": null

2020-04-17 16:17:47 - [TEST_STEP][PASSED] - if (URL == "https://www.dev.checkatrade.com/"): null

2020-04-17 16:17:47 - [TEST_STEP][PASSED] - "-----------------------------------------------------------------------------": null

2020-04-17 16:17:47 - [TEST_STEP][PASSED] - if (URL == "https://www.checkatrade.com/"): null

2020-04-17 16:17:47 - [TEST_STEP][PASSED] - "-----------------------------------------------------------------------------": null

2020-04-17 16:17:47 - [TEST_STEP][PASSED] - if (URL == "https://www.preview.checkatrade.com/"): null

2020-04-17 16:17:47 - [TEST_STEP][PASSED] - WebOfficeURL = "https://admin.preview.checkatrade.com/": null

2020-04-17 16:17:47 - [TEST_STEP][PASSED] - if (URL == "https://www.dev2.checkatrade.com/"): null

2020-04-17 16:17:47 - [TEST_STEP][PASSED] - "Set Function Area for "URL_Handler", URL Resolution": null

2020-04-17 16:17:47 - [TEST_STEP][PASSED] - "Do Some Magic with URL(s) See the comments within URL Handler ": null

2020-04-17 16:17:47 - [TEST_STEP][PASSED] - "------------------------------------------------": null

2020-04-17 16:17:47 - [TEST_STEP][PASSED] - "Moved Login Credentials to <Default> profile 22/01/2020": null

2020-04-17 16:17:47 - [TEST_STEP][PASSED] - "------------------------------------------------": null

2020-04-17 16:17:47 - [TEST_STEP][PASSED] - "WebOfficeURL - Set from the ENVIRONMENT PROFILE ": null

2020-04-17 16:17:47 - [TEST_STEP][PASSED] - "OPEN BROWSER": null

2020-04-17 16:17:47 - [TEST_STEP][PASSED] - "eg - https://admin.preview.checkatrade.com/  ": null

2020-04-17 16:17:47 - [TEST_STEP][PASSED] - openBrowser(WebOfficeURL): Browser is opened with url: 'https://admin.preview.checkatrade.com/'

2020-04-17 16:17:47 - [MESSAGE][INFO] - Starting 'Chrome' driver

2020-04-17 16:17:47 - [MESSAGE][INFO] - Action delay is set to 0 milliseconds

2020-04-17 16:17:51 - [MESSAGE][PASSED] - Browser is opened with url: 'https://admin.preview.checkatrade.com/'

2020-04-17 16:17:51 - [TEST_STEP][PASSED] - maximizeWindow(): Current window maximized

2020-04-17 16:17:53 - [MESSAGE][PASSED] - Current window maximized

2020-04-17 16:17:53 - [TEST_STEP][PASSED] - waitForElementClickable(findTestObject("Object Repository/WebOffice/Page_Checkatrade - Administration - Login/Login_Button"), 25): Object 'Object Repository/WebOffice/Page_Checkatrade - Administration - Login/Login_Button' is clickable

2020-04-17 16:17:53 - [MESSAGE][PASSED] - Object 'Object Repository/WebOffice/Page_Checkatrade - Administration - Login/Login_Button' is clickable

2020-04-17 16:17:53 - [TEST_STEP][PASSED] - verifyTextPresent("Checkatrade Web Office", false): Text 'Checkatrade Web Office' is present on page 

2020-04-17 16:17:53 - [MESSAGE][PASSED] - Text 'Checkatrade Web Office' is present on page 

2020-04-17 16:17:53 - [TEST_STEP][PASSED] - verifyTextPresent("Access for staff use only", false): Text 'Access for staff use only' is present on page 

2020-04-17 16:17:53 - [MESSAGE][PASSED] - Text 'Access for staff use only' is present on page 

2020-04-17 16:17:53 - [TEST_STEP][PASSED] - verifyTextPresent("Forgotten password?", false): Text 'Forgotten password?' is present on page 

2020-04-17 16:17:53 - [MESSAGE][PASSED] - Text 'Forgotten password?' is present on page 

2020-04-17 16:17:53 - [TEST_STEP][PASSED] - setText(findTestObject("Object Repository/WebOffice/Page_Checkatrade - Administration - Login/input_Username_LoginControlUserName"), wo_Username): Text 'DavidHo' is set on object 'Object Repository/WebOffice/Page_Checkatrade - Administration - Login/input_Username_LoginControlUserName'

2020-04-17 16:17:54 - [MESSAGE][PASSED] - Text 'DavidHo' is set on object 'Object Repository/WebOffice/Page_Checkatrade - Administration - Login/input_Username_LoginControlUserName'

2020-04-17 16:17:54 - [TEST_STEP][PASSED] - setText(findTestObject("Object Repository/WebOffice/Page_Checkatrade - Administration - Login/input_Password_LoginControlPassword"), wo_Password): Text 'Check123' is set on object 'Object Repository/WebOffice/Page_Checkatrade - Administration - Login/input_Password_LoginControlPassword'

2020-04-17 16:17:54 - [MESSAGE][PASSED] - Text 'Check123' is set on object 'Object Repository/WebOffice/Page_Checkatrade - Administration - Login/input_Password_LoginControlPassword'

2020-04-17 16:17:54 - [TEST_STEP][PASSED] - click(findTestObject("Object Repository/WebOffice/Page_Checkatrade - Administration - Login/Login_Button")): Object: 'Object Repository/WebOffice/Page_Checkatrade - Administration - Login/Login_Button' is clicked on

2020-04-17 16:17:55 - [MESSAGE][PASSED] - Object: 'Object Repository/WebOffice/Page_Checkatrade - Administration - Login/Login_Button' is clicked on

2020-04-17 16:17:55 - [TEST_STEP][PASSED] - waitForPageLoad(60): Wait for page load successfully

2020-04-17 16:17:55 - [MESSAGE][PASSED] - Wait for page load successfully

2020-04-17 16:17:55 - [TEST_STEP][PASSED] - verifyTextPresent("Welcome " + wo_Username, false): Text 'Welcome DavidHo' is present on page 

2020-04-17 16:17:56 - [MESSAGE][PASSED] - Text 'Welcome DavidHo' is present on page 

2020-04-17 16:17:56 - [MESSAGE][PASSED] - Call Test Case 'Test Cases/Reusable_Test_Sequences/Web_Office/Directives/WebOffice_StartUp' successfully

2020-04-17 16:17:56 - [TEST_STEP][PASSED] - "-----------------------------------------------------------------": null

2020-04-17 16:17:56 - [TEST_STEP][PASSED] - " Navigate to <Settings->Checkatrade.Com->Sub Item> Menu Item     |": null

2020-04-17 16:17:56 - [TEST_STEP][PASSED] - callTestCase(findTestCase("Reusable_Test_Sequences/Web_Office/Navigation/Sub_Menu_Navigation/Settings/Web_Office/Web_Subs"), [:], STOP_ON_FAILURE): Call Test Case 'Test Cases/Reusable_Test_Sequences/Web_Office/Navigation/Sub_Menu_Navigation/Settings/Web_Office/Web_Subs' successfully

2020-04-17 16:17:56 - [TEST_CASE][PASSED] - Test Cases/Reusable_Test_Sequences/Web_Office/Navigation/Sub_Menu_Navigation/Settings/Web_Office/Web_Subs: Test Cases/Reusable_Test_Sequences/Web_Office/Navigation/Sub_Menu_Navigation/Settings/Web_Office/Web_Subs

2020-04-17 16:17:57 - [TEST_STEP][PASSED] - "--------------------------------------": null

2020-04-17 16:17:57 - [TEST_STEP][PASSED] - " Navigate Top level menu Item         |": null

2020-04-17 16:17:57 - [TEST_STEP][PASSED] - waitForPageLoad(60): Wait for page load successfully

2020-04-17 16:17:57 - [MESSAGE][PASSED] - Wait for page load successfully

2020-04-17 16:17:57 - [TEST_STEP][PASSED] - waitForElementClickable(findTestObject("Object Repository/WebOffice_Home_page/a_Settings"), 60): Object 'Object Repository/WebOffice_Home_page/a_Settings' is clickable

2020-04-17 16:17:57 - [MESSAGE][PASSED] - Object 'Object Repository/WebOffice_Home_page/a_Settings' is clickable

2020-04-17 16:17:57 - [TEST_STEP][PASSED] - mouseOver(findTestObject("Object Repository/WebOffice_Home_page/a_Settings")): Object: 'Object Repository/WebOffice_Home_page/a_Settings' is hovered

2020-04-17 16:17:57 - [MESSAGE][PASSED] - Object: 'Object Repository/WebOffice_Home_page/a_Settings' is hovered

2020-04-17 16:17:57 - [TEST_STEP][PASSED] - mouseOver(findTestObject("Object Repository/WebOffice_Home_page/a_Web Office")): Object: 'Object Repository/WebOffice_Home_page/a_Web Office' is hovered

2020-04-17 16:17:58 - [MESSAGE][PASSED] - Object: 'Object Repository/WebOffice_Home_page/a_Web Office' is hovered

2020-04-17 16:17:58 - [TEST_STEP][PASSED] - waitForElementClickable(findTestObject("Object Repository/WebOffice_Home_page/a_Web Subs"), 1): Object 'Object Repository/WebOffice_Home_page/a_Web Subs' is clickable

2020-04-17 16:17:58 - [MESSAGE][PASSED] - Object 'Object Repository/WebOffice_Home_page/a_Web Subs' is clickable

2020-04-17 16:17:58 - [TEST_STEP][PASSED] - click(findTestObject("Object Repository/WebOffice_Home_page/a_Web Subs")): Object: 'Object Repository/WebOffice_Home_page/a_Web Subs' is clicked on

2020-04-17 16:17:58 - [MESSAGE][PASSED] - Object: 'Object Repository/WebOffice_Home_page/a_Web Subs' is clicked on

2020-04-17 16:17:58 - [MESSAGE][PASSED] - Call Test Case 'Test Cases/Reusable_Test_Sequences/Web_Office/Navigation/Sub_Menu_Navigation/Settings/Web_Office/Web_Subs' successfully

2020-04-17 16:17:58 - [TEST_STEP][PASSED] - "--------------------------------------": null

2020-04-17 16:17:58 - [TEST_STEP][PASSED] - " Verify Returned Page Detail          |": null

2020-04-17 16:17:58 - [TEST_STEP][PASSED] - callTestCase(findTestCase("Reusable_Test_Sequences/Web_Office/Verification/Settings/Web_Office/Web_Subs"), [:], OPTIONAL): Call Test Case 'Test Cases/Reusable_Test_Sequences/Web_Office/Verification/Settings/Web_Office/Web_Subs' successfully

2020-04-17 16:17:58 - [TEST_CASE][PASSED] - Test Cases/Reusable_Test_Sequences/Web_Office/Verification/Settings/Web_Office/Web_Subs: Test Cases/Reusable_Test_Sequences/Web_Office/Verification/Settings/Web_Office/Web_Subs

2020-04-17 16:17:59 - [TEST_STEP][PASSED] - waitForPageLoad(60): Wait for page load successfully

2020-04-17 16:17:59 - [MESSAGE][PASSED] - Wait for page load successfully

2020-04-17 16:17:59 - [TEST_STEP][PASSED] - delay(1): Delayed 1 second(s)

2020-04-17 16:18:00 - [MESSAGE][PASSED] - Delayed 1 second(s)

2020-04-17 16:18:00 - [TEST_STEP][PASSED] - verifyTextPresent("Web Sub Allocations", false): Text 'Web Sub Allocations' is present on page 

2020-04-17 16:18:00 - [MESSAGE][PASSED] - Text 'Web Sub Allocations' is present on page 

2020-04-17 16:18:00 - [TEST_STEP][PASSED] - "----------------------------------------------": null

2020-04-17 16:18:00 - [TEST_STEP][PASSED] - verifyTextPresent("STAFF", false): Text 'STAFF' is present on page 

2020-04-17 16:18:00 - [MESSAGE][PASSED] - Text 'STAFF' is present on page 

2020-04-17 16:18:00 - [TEST_STEP][PASSED] - verifyTextPresent("POSTCODES", false): Text 'POSTCODES' is present on page 

2020-04-17 16:18:00 - [MESSAGE][PASSED] - Text 'POSTCODES' is present on page 

2020-04-17 16:18:00 - [TEST_STEP][PASSED] - "----------------------------------------------": null

2020-04-17 16:18:00 - [TEST_STEP][PASSED] - verifyTextPresent("Clare Johnson", false): Text 'Clare Johnson' is present on page 

2020-04-17 16:18:01 - [MESSAGE][PASSED] - Text 'Clare Johnson' is present on page 

2020-04-17 16:18:01 - [TEST_STEP][PASSED] - verifyTextPresent("GU", false): Text 'GU' is present on page 

2020-04-17 16:18:01 - [MESSAGE][PASSED] - Text 'GU' is present on page 

2020-04-17 16:18:01 - [TEST_STEP][PASSED] - verifyTextPresent("SE", false): Text 'SE' is present on page 

2020-04-17 16:18:01 - [MESSAGE][PASSED] - Text 'SE' is present on page 

2020-04-17 16:18:01 - [TEST_STEP][PASSED] - verifyTextPresent("N1", false): Text 'N1' is present on page 

2020-04-17 16:18:01 - [MESSAGE][PASSED] - Text 'N1' is present on page 

2020-04-17 16:18:01 - [TEST_STEP][PASSED] - verifyTextPresent("SGN1", false): Text 'SGN1' is present on page 

2020-04-17 16:18:01 - [MESSAGE][PASSED] - Text 'SGN1' is present on page 

2020-04-17 16:18:01 - [TEST_STEP][PASSED] - verifyTextPresent("N11", false): Text 'N11' is present on page 

2020-04-17 16:18:01 - [MESSAGE][PASSED] - Text 'N11' is present on page 

2020-04-17 16:18:01 - [TEST_STEP][PASSED] - verifyTextPresent("SS", false): Text 'SS' is present on page 

2020-04-17 16:18:02 - [MESSAGE][PASSED] - Text 'SS' is present on page 

2020-04-17 16:18:02 - [TEST_STEP][PASSED] - verifyTextPresent("N22", false): Text 'N22' is present on page 

2020-04-17 16:18:02 - [MESSAGE][PASSED] - Text 'N22' is present on page 

2020-04-17 16:18:02 - [MESSAGE][PASSED] - Call Test Case 'Test Cases/Reusable_Test_Sequences/Web_Office/Verification/Settings/Web_Office/Web_Subs' successfully

2020-04-17 16:18:02 - [TEST_STEP][PASSED] - "--------------------------": null

2020-04-17 16:18:02 - [TEST_STEP][PASSED] - " Teardown - CLose Browser |": null

2020-04-17 16:18:02 - [TEST_STEP][PASSED] - callTestCase(findTestCase("Reusable_Test_Sequences/CAT_Teardown"), [:], OPTIONAL): Call Test Case 'Test Cases/Reusable_Test_Sequences/CAT_Teardown' successfully

2020-04-17 16:18:02 - [TEST_CASE][PASSED] - Test Cases/Reusable_Test_Sequences/CAT_Teardown: Test Cases/Reusable_Test_Sequences/CAT_Teardown

2020-04-17 16:18:02 - [TEST_STEP][PASSED] - closeBrowser(): Browser is closed

2020-04-17 16:18:03 - [MESSAGE][PASSED] - Browser is closed

2020-04-17 16:18:03 - [TEST_STEP][PASSED] - super.finalize(): null

2020-04-17 16:18:03 - [TEST_STEP][PASSED] - System.gc(): null

2020-04-17 16:18:03 - [MESSAGE][PASSED] - Call Test Case 'Test Cases/Reusable_Test_Sequences/CAT_Teardown' successfully]]></system-out>
         <system-err><![CDATA[]]></system-err>
      </testcase>
      <testcase name="Test Cases/Web_Office/Settings/Web_Office/Message_Centre" time="15.538" classname="Test Cases/Web_Office/Settings/Web_Office/Message_Centre" status="PASSED">
         <system-out><![CDATA[2020-04-17 16:18:03 - [TEST_CASE][PASSED] - Test Cases/Web_Office/Settings/Web_Office/Message_Centre: Test Cases/Web_Office/Settings/Web_Office/Message_Centre

2020-04-17 16:18:03 - [TEST_STEP][PASSED] - "--------------------------------------": null

2020-04-17 16:18:03 - [TEST_STEP][PASSED] - " Web Office StartUp                  |": null

2020-04-17 16:18:03 - [TEST_STEP][PASSED] - callTestCase(findTestCase("Reusable_Test_Sequences/Web_Office/Directives/WebOffice_StartUp"), [:], STOP_ON_FAILURE): Call Test Case 'Test Cases/Reusable_Test_Sequences/Web_Office/Directives/WebOffice_StartUp' successfully

2020-04-17 16:18:03 - [TEST_CASE][PASSED] - Test Cases/Reusable_Test_Sequences/Web_Office/Directives/WebOffice_StartUp: Test Cases/Reusable_Test_Sequences/Web_Office/Directives/WebOffice_StartUp

2020-04-17 16:18:03 - [TEST_STEP][PASSED] - "-----------------------------------------------------------------------------": null

2020-04-17 16:18:03 - [TEST_STEP][PASSED] - if (URL == "https://www.dev.checkatrade.com/"): null

2020-04-17 16:18:03 - [TEST_STEP][PASSED] - "-----------------------------------------------------------------------------": null

2020-04-17 16:18:03 - [TEST_STEP][PASSED] - if (URL == "https://www.checkatrade.com/"): null

2020-04-17 16:18:03 - [TEST_STEP][PASSED] - "-----------------------------------------------------------------------------": null

2020-04-17 16:18:03 - [TEST_STEP][PASSED] - if (URL == "https://www.preview.checkatrade.com/"): null

2020-04-17 16:18:03 - [TEST_STEP][PASSED] - WebOfficeURL = "https://admin.preview.checkatrade.com/": null

2020-04-17 16:18:03 - [TEST_STEP][PASSED] - if (URL == "https://www.dev2.checkatrade.com/"): null

2020-04-17 16:18:03 - [TEST_STEP][PASSED] - "Set Function Area for "URL_Handler", URL Resolution": null

2020-04-17 16:18:03 - [TEST_STEP][PASSED] - "Do Some Magic with URL(s) See the comments within URL Handler ": null

2020-04-17 16:18:03 - [TEST_STEP][PASSED] - "------------------------------------------------": null

2020-04-17 16:18:03 - [TEST_STEP][PASSED] - "Moved Login Credentials to <Default> profile 22/01/2020": null

2020-04-17 16:18:03 - [TEST_STEP][PASSED] - "------------------------------------------------": null

2020-04-17 16:18:03 - [TEST_STEP][PASSED] - "WebOfficeURL - Set from the ENVIRONMENT PROFILE ": null

2020-04-17 16:18:03 - [TEST_STEP][PASSED] - "OPEN BROWSER": null

2020-04-17 16:18:03 - [TEST_STEP][PASSED] - "eg - https://admin.preview.checkatrade.com/  ": null

2020-04-17 16:18:03 - [TEST_STEP][PASSED] - openBrowser(WebOfficeURL): Browser is opened with url: 'https://admin.preview.checkatrade.com/'

2020-04-17 16:18:03 - [MESSAGE][INFO] - Starting 'Chrome' driver

2020-04-17 16:18:03 - [MESSAGE][INFO] - Action delay is set to 0 milliseconds

2020-04-17 16:18:08 - [MESSAGE][PASSED] - Browser is opened with url: 'https://admin.preview.checkatrade.com/'

2020-04-17 16:18:08 - [TEST_STEP][PASSED] - maximizeWindow(): Current window maximized

2020-04-17 16:18:10 - [MESSAGE][PASSED] - Current window maximized

2020-04-17 16:18:10 - [TEST_STEP][PASSED] - waitForElementClickable(findTestObject("Object Repository/WebOffice/Page_Checkatrade - Administration - Login/Login_Button"), 25): Object 'Object Repository/WebOffice/Page_Checkatrade - Administration - Login/Login_Button' is clickable

2020-04-17 16:18:10 - [MESSAGE][PASSED] - Object 'Object Repository/WebOffice/Page_Checkatrade - Administration - Login/Login_Button' is clickable

2020-04-17 16:18:10 - [TEST_STEP][PASSED] - verifyTextPresent("Checkatrade Web Office", false): Text 'Checkatrade Web Office' is present on page 

2020-04-17 16:18:10 - [MESSAGE][PASSED] - Text 'Checkatrade Web Office' is present on page 

2020-04-17 16:18:10 - [TEST_STEP][PASSED] - verifyTextPresent("Access for staff use only", false): Text 'Access for staff use only' is present on page 

2020-04-17 16:18:10 - [MESSAGE][PASSED] - Text 'Access for staff use only' is present on page 

2020-04-17 16:18:10 - [TEST_STEP][PASSED] - verifyTextPresent("Forgotten password?", false): Text 'Forgotten password?' is present on page 

2020-04-17 16:18:10 - [MESSAGE][PASSED] - Text 'Forgotten password?' is present on page 

2020-04-17 16:18:10 - [TEST_STEP][PASSED] - setText(findTestObject("Object Repository/WebOffice/Page_Checkatrade - Administration - Login/input_Username_LoginControlUserName"), wo_Username): Text 'DavidHo' is set on object 'Object Repository/WebOffice/Page_Checkatrade - Administration - Login/input_Username_LoginControlUserName'

2020-04-17 16:18:10 - [MESSAGE][PASSED] - Text 'DavidHo' is set on object 'Object Repository/WebOffice/Page_Checkatrade - Administration - Login/input_Username_LoginControlUserName'

2020-04-17 16:18:10 - [TEST_STEP][PASSED] - setText(findTestObject("Object Repository/WebOffice/Page_Checkatrade - Administration - Login/input_Password_LoginControlPassword"), wo_Password): Text 'Check123' is set on object 'Object Repository/WebOffice/Page_Checkatrade - Administration - Login/input_Password_LoginControlPassword'

2020-04-17 16:18:11 - [MESSAGE][PASSED] - Text 'Check123' is set on object 'Object Repository/WebOffice/Page_Checkatrade - Administration - Login/input_Password_LoginControlPassword'

2020-04-17 16:18:11 - [TEST_STEP][PASSED] - click(findTestObject("Object Repository/WebOffice/Page_Checkatrade - Administration - Login/Login_Button")): Object: 'Object Repository/WebOffice/Page_Checkatrade - Administration - Login/Login_Button' is clicked on

2020-04-17 16:18:13 - [MESSAGE][PASSED] - Object: 'Object Repository/WebOffice/Page_Checkatrade - Administration - Login/Login_Button' is clicked on

2020-04-17 16:18:13 - [TEST_STEP][PASSED] - waitForPageLoad(60): Wait for page load successfully

2020-04-17 16:18:13 - [MESSAGE][PASSED] - Wait for page load successfully

2020-04-17 16:18:13 - [TEST_STEP][PASSED] - verifyTextPresent("Welcome " + wo_Username, false): Text 'Welcome DavidHo' is present on page 

2020-04-17 16:18:13 - [MESSAGE][PASSED] - Text 'Welcome DavidHo' is present on page 

2020-04-17 16:18:13 - [MESSAGE][PASSED] - Call Test Case 'Test Cases/Reusable_Test_Sequences/Web_Office/Directives/WebOffice_StartUp' successfully

2020-04-17 16:18:13 - [TEST_STEP][PASSED] - "-----------------------------------------------------------------": null

2020-04-17 16:18:13 - [TEST_STEP][PASSED] - " Navigate to <Settings->Checkatrade.Com->Sub Item> Menu Item     |": null

2020-04-17 16:18:13 - [TEST_STEP][PASSED] - callTestCase(findTestCase("Reusable_Test_Sequences/Web_Office/Navigation/Sub_Menu_Navigation/Settings/Web_Office/Message_Centre"), [:], STOP_ON_FAILURE): Call Test Case 'Test Cases/Reusable_Test_Sequences/Web_Office/Navigation/Sub_Menu_Navigation/Settings/Web_Office/Message_Centre' successfully

2020-04-17 16:18:13 - [TEST_CASE][PASSED] - Test Cases/Reusable_Test_Sequences/Web_Office/Navigation/Sub_Menu_Navigation/Settings/Web_Office/Message_Centre: Test Cases/Reusable_Test_Sequences/Web_Office/Navigation/Sub_Menu_Navigation/Settings/Web_Office/Message_Centre

2020-04-17 16:18:13 - [TEST_STEP][PASSED] - "--------------------------------------": null

2020-04-17 16:18:13 - [TEST_STEP][PASSED] - " Navigate Top level menu Item         |": null

2020-04-17 16:18:13 - [TEST_STEP][PASSED] - waitForPageLoad(60): Wait for page load successfully

2020-04-17 16:18:13 - [MESSAGE][PASSED] - Wait for page load successfully

2020-04-17 16:18:13 - [TEST_STEP][PASSED] - waitForElementClickable(findTestObject("Object Repository/WebOffice_Home_page/a_Settings"), 60): Object 'Object Repository/WebOffice_Home_page/a_Settings' is clickable

2020-04-17 16:18:13 - [MESSAGE][PASSED] - Object 'Object Repository/WebOffice_Home_page/a_Settings' is clickable

2020-04-17 16:18:13 - [TEST_STEP][PASSED] - mouseOver(findTestObject("Object Repository/WebOffice_Home_page/a_Settings")): Object: 'Object Repository/WebOffice_Home_page/a_Settings' is hovered

2020-04-17 16:18:13 - [MESSAGE][PASSED] - Object: 'Object Repository/WebOffice_Home_page/a_Settings' is hovered

2020-04-17 16:18:13 - [TEST_STEP][PASSED] - mouseOver(findTestObject("Object Repository/WebOffice_Home_page/a_Web Office")): Object: 'Object Repository/WebOffice_Home_page/a_Web Office' is hovered

2020-04-17 16:18:14 - [MESSAGE][PASSED] - Object: 'Object Repository/WebOffice_Home_page/a_Web Office' is hovered

2020-04-17 16:18:14 - [TEST_STEP][PASSED] - waitForElementClickable(findTestObject("Object Repository/WebOffice_Home_page/a_Message Centre"), 1): Object 'Object Repository/WebOffice_Home_page/a_Message Centre' is clickable

2020-04-17 16:18:14 - [MESSAGE][PASSED] - Object 'Object Repository/WebOffice_Home_page/a_Message Centre' is clickable

2020-04-17 16:18:14 - [TEST_STEP][PASSED] - click(findTestObject("Object Repository/WebOffice_Home_page/a_Message Centre")): Object: 'Object Repository/WebOffice_Home_page/a_Message Centre' is clicked on

2020-04-17 16:18:14 - [MESSAGE][PASSED] - Object: 'Object Repository/WebOffice_Home_page/a_Message Centre' is clicked on

2020-04-17 16:18:14 - [MESSAGE][PASSED] - Call Test Case 'Test Cases/Reusable_Test_Sequences/Web_Office/Navigation/Sub_Menu_Navigation/Settings/Web_Office/Message_Centre' successfully

2020-04-17 16:18:14 - [TEST_STEP][PASSED] - "--------------------------------------": null

2020-04-17 16:18:14 - [TEST_STEP][PASSED] - " Verify Returned Page Detail          |": null

2020-04-17 16:18:14 - [TEST_STEP][PASSED] - callTestCase(findTestCase("Reusable_Test_Sequences/Web_Office/Verification/Settings/Web_Office/Message_Centre"), [:], OPTIONAL): Call Test Case 'Test Cases/Reusable_Test_Sequences/Web_Office/Verification/Settings/Web_Office/Message_Centre' successfully

2020-04-17 16:18:14 - [TEST_CASE][PASSED] - Test Cases/Reusable_Test_Sequences/Web_Office/Verification/Settings/Web_Office/Message_Centre: Test Cases/Reusable_Test_Sequences/Web_Office/Verification/Settings/Web_Office/Message_Centre

2020-04-17 16:18:15 - [TEST_STEP][PASSED] - waitForPageLoad(60): Wait for page load successfully

2020-04-17 16:18:15 - [MESSAGE][PASSED] - Wait for page load successfully

2020-04-17 16:18:15 - [TEST_STEP][PASSED] - delay(1): Delayed 1 second(s)

2020-04-17 16:18:16 - [MESSAGE][PASSED] - Delayed 1 second(s)

2020-04-17 16:18:16 - [TEST_STEP][PASSED] - verifyTextPresent("Message Centre", false): Text 'Message Centre' is present on page 

2020-04-17 16:18:16 - [MESSAGE][PASSED] - Text 'Message Centre' is present on page 

2020-04-17 16:18:16 - [TEST_STEP][PASSED] - "----------------------------------------------": null

2020-04-17 16:18:16 - [TEST_STEP][PASSED] - verifyTextPresent("Edit the message", false): Text 'Edit the message' is present on page 

2020-04-17 16:18:16 - [MESSAGE][PASSED] - Text 'Edit the message' is present on page 

2020-04-17 16:18:16 - [TEST_STEP][PASSED] - "----------------------------------------------": null

2020-04-17 16:18:16 - [TEST_STEP][PASSED] - verifyTextPresent("Message Text", false): Text 'Message Text' is present on page 

2020-04-17 16:18:16 - [MESSAGE][PASSED] - Text 'Message Text' is present on page 

2020-04-17 16:18:16 - [TEST_STEP][PASSED] - verifyTextPresent("160 characters remaining", false): Text '160 characters remaining' is present on page 

2020-04-17 16:18:16 - [MESSAGE][PASSED] - Text '160 characters remaining' is present on page 

2020-04-17 16:18:16 - [TEST_STEP][PASSED] - "----------------------------------------------": null

2020-04-17 16:18:16 - [TEST_STEP][PASSED] - verifyTextPresent("Merge Fields", false): Text 'Merge Fields' is present on page 

2020-04-17 16:18:16 - [MESSAGE][PASSED] - Text 'Merge Fields' is present on page 

2020-04-17 16:18:16 - [TEST_STEP][PASSED] - verifyTextPresent("AddressPhone1", false): Text 'AddressPhone1' is present on page 

2020-04-17 16:18:16 - [MESSAGE][PASSED] - Text 'AddressPhone1' is present on page 

2020-04-17 16:18:16 - [TEST_STEP][PASSED] - verifyTextPresent("AppointmentStartTime", false): Text 'AppointmentStartTime' is present on page 

2020-04-17 16:18:16 - [MESSAGE][PASSED] - Text 'AppointmentStartTime' is present on page 

2020-04-17 16:18:16 - [TEST_STEP][PASSED] - verifyTextPresent("CheckatradeUrl", false): Text 'CheckatradeUrl' is present on page 

2020-04-17 16:18:16 - [MESSAGE][PASSED] - Text 'CheckatradeUrl' is present on page 

2020-04-17 16:18:16 - [TEST_STEP][PASSED] - verifyTextPresent("CompanyID", false): Text 'CompanyID' is present on page 

2020-04-17 16:18:17 - [MESSAGE][PASSED] - Text 'CompanyID' is present on page 

2020-04-17 16:18:17 - [TEST_STEP][PASSED] - verifyTextPresent("CompanyName", false): Text 'CompanyName' is present on page 

2020-04-17 16:18:17 - [MESSAGE][PASSED] - Text 'CompanyName' is present on page 

2020-04-17 16:18:17 - [TEST_STEP][PASSED] - verifyTextPresent("ConfirmationLink", false): Text 'ConfirmationLink' is present on page 

2020-04-17 16:18:17 - [MESSAGE][PASSED] - Text 'ConfirmationLink' is present on page 

2020-04-17 16:18:17 - [TEST_STEP][PASSED] - verifyTextPresent("FeedbackCount", false): Text 'FeedbackCount' is present on page 

2020-04-17 16:18:17 - [MESSAGE][PASSED] - Text 'FeedbackCount' is present on page 

2020-04-17 16:18:17 - [TEST_STEP][PASSED] - verifyTextPresent("PostCode", false): Text 'PostCode' is present on page 

2020-04-17 16:18:17 - [MESSAGE][PASSED] - Text 'PostCode' is present on page 

2020-04-17 16:18:17 - [TEST_STEP][PASSED] - verifyTextPresent("Salutation", false): Text 'Salutation' is present on page 

2020-04-17 16:18:17 - [MESSAGE][PASSED] - Text 'Salutation' is present on page 

2020-04-17 16:18:17 - [TEST_STEP][PASSED] - verifyTextPresent("Score", false): Text 'Score' is present on page 

2020-04-17 16:18:17 - [MESSAGE][PASSED] - Text 'Score' is present on page 

2020-04-17 16:18:17 - [TEST_STEP][PASSED] - verifyTextPresent("ValidationCode", false): Text 'ValidationCode' is present on page 

2020-04-17 16:18:17 - [MESSAGE][PASSED] - Text 'ValidationCode' is present on page 

2020-04-17 16:18:17 - [TEST_STEP][PASSED] - "----------------------------------------------": null

2020-04-17 16:18:17 - [TEST_STEP][PASSED] - verifyTextPresent("Text message templates", false): Text 'Text message templates' is present on page 

2020-04-17 16:18:17 - [MESSAGE][PASSED] - Text 'Text message templates' is present on page 

2020-04-17 16:18:17 - [MESSAGE][PASSED] - Call Test Case 'Test Cases/Reusable_Test_Sequences/Web_Office/Verification/Settings/Web_Office/Message_Centre' successfully

2020-04-17 16:18:17 - [TEST_STEP][PASSED] - "--------------------------": null

2020-04-17 16:18:17 - [TEST_STEP][PASSED] - " Teardown - CLose Browser |": null

2020-04-17 16:18:17 - [TEST_STEP][PASSED] - callTestCase(findTestCase("Reusable_Test_Sequences/CAT_Teardown"), [:], OPTIONAL): Call Test Case 'Test Cases/Reusable_Test_Sequences/CAT_Teardown' successfully

2020-04-17 16:18:17 - [TEST_CASE][PASSED] - Test Cases/Reusable_Test_Sequences/CAT_Teardown: Test Cases/Reusable_Test_Sequences/CAT_Teardown

2020-04-17 16:18:17 - [TEST_STEP][PASSED] - closeBrowser(): Browser is closed

2020-04-17 16:18:18 - [MESSAGE][PASSED] - Browser is closed

2020-04-17 16:18:18 - [TEST_STEP][PASSED] - super.finalize(): null

2020-04-17 16:18:18 - [TEST_STEP][PASSED] - System.gc(): null

2020-04-17 16:18:18 - [MESSAGE][PASSED] - Call Test Case 'Test Cases/Reusable_Test_Sequences/CAT_Teardown' successfully]]></system-out>
         <system-err><![CDATA[]]></system-err>
      </testcase>
      <testcase name="Test Cases/Web_Office/Settings/Web_Office/MMA_Messages" time="13.649" classname="Test Cases/Web_Office/Settings/Web_Office/MMA_Messages" status="PASSED">
         <system-out><![CDATA[2020-04-17 16:18:18 - [TEST_CASE][PASSED] - Test Cases/Web_Office/Settings/Web_Office/MMA_Messages: Test Cases/Web_Office/Settings/Web_Office/MMA_Messages

2020-04-17 16:18:18 - [TEST_STEP][PASSED] - "--------------------------------------": null

2020-04-17 16:18:18 - [TEST_STEP][PASSED] - " Web Office StartUp                  |": null

2020-04-17 16:18:18 - [TEST_STEP][PASSED] - callTestCase(findTestCase("Reusable_Test_Sequences/Web_Office/Directives/WebOffice_StartUp"), [:], STOP_ON_FAILURE): Call Test Case 'Test Cases/Reusable_Test_Sequences/Web_Office/Directives/WebOffice_StartUp' successfully

2020-04-17 16:18:18 - [TEST_CASE][PASSED] - Test Cases/Reusable_Test_Sequences/Web_Office/Directives/WebOffice_StartUp: Test Cases/Reusable_Test_Sequences/Web_Office/Directives/WebOffice_StartUp

2020-04-17 16:18:18 - [TEST_STEP][PASSED] - "-----------------------------------------------------------------------------": null

2020-04-17 16:18:18 - [TEST_STEP][PASSED] - if (URL == "https://www.dev.checkatrade.com/"): null

2020-04-17 16:18:18 - [TEST_STEP][PASSED] - "-----------------------------------------------------------------------------": null

2020-04-17 16:18:18 - [TEST_STEP][PASSED] - if (URL == "https://www.checkatrade.com/"): null

2020-04-17 16:18:18 - [TEST_STEP][PASSED] - "-----------------------------------------------------------------------------": null

2020-04-17 16:18:18 - [TEST_STEP][PASSED] - if (URL == "https://www.preview.checkatrade.com/"): null

2020-04-17 16:18:18 - [TEST_STEP][PASSED] - WebOfficeURL = "https://admin.preview.checkatrade.com/": null

2020-04-17 16:18:18 - [TEST_STEP][PASSED] - if (URL == "https://www.dev2.checkatrade.com/"): null

2020-04-17 16:18:18 - [TEST_STEP][PASSED] - "Set Function Area for "URL_Handler", URL Resolution": null

2020-04-17 16:18:18 - [TEST_STEP][PASSED] - "Do Some Magic with URL(s) See the comments within URL Handler ": null

2020-04-17 16:18:18 - [TEST_STEP][PASSED] - "------------------------------------------------": null

2020-04-17 16:18:18 - [TEST_STEP][PASSED] - "Moved Login Credentials to <Default> profile 22/01/2020": null

2020-04-17 16:18:18 - [TEST_STEP][PASSED] - "------------------------------------------------": null

2020-04-17 16:18:18 - [TEST_STEP][PASSED] - "WebOfficeURL - Set from the ENVIRONMENT PROFILE ": null

2020-04-17 16:18:18 - [TEST_STEP][PASSED] - "OPEN BROWSER": null

2020-04-17 16:18:18 - [TEST_STEP][PASSED] - "eg - https://admin.preview.checkatrade.com/  ": null

2020-04-17 16:18:18 - [TEST_STEP][PASSED] - openBrowser(WebOfficeURL): Browser is opened with url: 'https://admin.preview.checkatrade.com/'

2020-04-17 16:18:19 - [MESSAGE][INFO] - Starting 'Chrome' driver

2020-04-17 16:18:19 - [MESSAGE][INFO] - Action delay is set to 0 milliseconds

2020-04-17 16:18:23 - [MESSAGE][PASSED] - Browser is opened with url: 'https://admin.preview.checkatrade.com/'

2020-04-17 16:18:23 - [TEST_STEP][PASSED] - maximizeWindow(): Current window maximized

2020-04-17 16:18:25 - [MESSAGE][PASSED] - Current window maximized

2020-04-17 16:18:25 - [TEST_STEP][PASSED] - waitForElementClickable(findTestObject("Object Repository/WebOffice/Page_Checkatrade - Administration - Login/Login_Button"), 25): Object 'Object Repository/WebOffice/Page_Checkatrade - Administration - Login/Login_Button' is clickable

2020-04-17 16:18:25 - [MESSAGE][PASSED] - Object 'Object Repository/WebOffice/Page_Checkatrade - Administration - Login/Login_Button' is clickable

2020-04-17 16:18:25 - [TEST_STEP][PASSED] - verifyTextPresent("Checkatrade Web Office", false): Text 'Checkatrade Web Office' is present on page 

2020-04-17 16:18:25 - [MESSAGE][PASSED] - Text 'Checkatrade Web Office' is present on page 

2020-04-17 16:18:25 - [TEST_STEP][PASSED] - verifyTextPresent("Access for staff use only", false): Text 'Access for staff use only' is present on page 

2020-04-17 16:18:25 - [MESSAGE][PASSED] - Text 'Access for staff use only' is present on page 

2020-04-17 16:18:25 - [TEST_STEP][PASSED] - verifyTextPresent("Forgotten password?", false): Text 'Forgotten password?' is present on page 

2020-04-17 16:18:25 - [MESSAGE][PASSED] - Text 'Forgotten password?' is present on page 

2020-04-17 16:18:25 - [TEST_STEP][PASSED] - setText(findTestObject("Object Repository/WebOffice/Page_Checkatrade - Administration - Login/input_Username_LoginControlUserName"), wo_Username): Text 'DavidHo' is set on object 'Object Repository/WebOffice/Page_Checkatrade - Administration - Login/input_Username_LoginControlUserName'

2020-04-17 16:18:25 - [MESSAGE][PASSED] - Text 'DavidHo' is set on object 'Object Repository/WebOffice/Page_Checkatrade - Administration - Login/input_Username_LoginControlUserName'

2020-04-17 16:18:25 - [TEST_STEP][PASSED] - setText(findTestObject("Object Repository/WebOffice/Page_Checkatrade - Administration - Login/input_Password_LoginControlPassword"), wo_Password): Text 'Check123' is set on object 'Object Repository/WebOffice/Page_Checkatrade - Administration - Login/input_Password_LoginControlPassword'

2020-04-17 16:18:26 - [MESSAGE][PASSED] - Text 'Check123' is set on object 'Object Repository/WebOffice/Page_Checkatrade - Administration - Login/input_Password_LoginControlPassword'

2020-04-17 16:18:26 - [TEST_STEP][PASSED] - click(findTestObject("Object Repository/WebOffice/Page_Checkatrade - Administration - Login/Login_Button")): Object: 'Object Repository/WebOffice/Page_Checkatrade - Administration - Login/Login_Button' is clicked on

2020-04-17 16:18:26 - [MESSAGE][PASSED] - Object: 'Object Repository/WebOffice/Page_Checkatrade - Administration - Login/Login_Button' is clicked on

2020-04-17 16:18:26 - [TEST_STEP][PASSED] - waitForPageLoad(60): Wait for page load successfully

2020-04-17 16:18:26 - [MESSAGE][PASSED] - Wait for page load successfully

2020-04-17 16:18:26 - [TEST_STEP][PASSED] - verifyTextPresent("Welcome " + wo_Username, false): Text 'Welcome DavidHo' is present on page 

2020-04-17 16:18:27 - [MESSAGE][PASSED] - Text 'Welcome DavidHo' is present on page 

2020-04-17 16:18:27 - [MESSAGE][PASSED] - Call Test Case 'Test Cases/Reusable_Test_Sequences/Web_Office/Directives/WebOffice_StartUp' successfully

2020-04-17 16:18:27 - [TEST_STEP][PASSED] - "-----------------------------------------------------------------": null

2020-04-17 16:18:27 - [TEST_STEP][PASSED] - " Navigate to <Settings->Checkatrade.Com->Sub Item> Menu Item     |": null

2020-04-17 16:18:27 - [TEST_STEP][PASSED] - callTestCase(findTestCase("Reusable_Test_Sequences/Web_Office/Navigation/Sub_Menu_Navigation/Settings/Web_Office/MMA_Messages"), [:], STOP_ON_FAILURE): Call Test Case 'Test Cases/Reusable_Test_Sequences/Web_Office/Navigation/Sub_Menu_Navigation/Settings/Web_Office/MMA_Messages' successfully

2020-04-17 16:18:27 - [TEST_CASE][PASSED] - Test Cases/Reusable_Test_Sequences/Web_Office/Navigation/Sub_Menu_Navigation/Settings/Web_Office/MMA_Messages: Test Cases/Reusable_Test_Sequences/Web_Office/Navigation/Sub_Menu_Navigation/Settings/Web_Office/MMA_Messages

2020-04-17 16:18:27 - [TEST_STEP][PASSED] - "--------------------------------------": null

2020-04-17 16:18:27 - [TEST_STEP][PASSED] - " Navigate Top level menu Item         |": null

2020-04-17 16:18:27 - [TEST_STEP][PASSED] - waitForPageLoad(60): Wait for page load successfully

2020-04-17 16:18:27 - [MESSAGE][PASSED] - Wait for page load successfully

2020-04-17 16:18:27 - [TEST_STEP][PASSED] - waitForElementClickable(findTestObject("Object Repository/WebOffice_Home_page/a_Settings"), 60): Object 'Object Repository/WebOffice_Home_page/a_Settings' is clickable

2020-04-17 16:18:27 - [MESSAGE][PASSED] - Object 'Object Repository/WebOffice_Home_page/a_Settings' is clickable

2020-04-17 16:18:27 - [TEST_STEP][PASSED] - mouseOver(findTestObject("Object Repository/WebOffice_Home_page/a_Settings")): Object: 'Object Repository/WebOffice_Home_page/a_Settings' is hovered

2020-04-17 16:18:27 - [MESSAGE][PASSED] - Object: 'Object Repository/WebOffice_Home_page/a_Settings' is hovered

2020-04-17 16:18:27 - [TEST_STEP][PASSED] - mouseOver(findTestObject("Object Repository/WebOffice_Home_page/a_Web Office")): Object: 'Object Repository/WebOffice_Home_page/a_Web Office' is hovered

2020-04-17 16:18:28 - [MESSAGE][PASSED] - Object: 'Object Repository/WebOffice_Home_page/a_Web Office' is hovered

2020-04-17 16:18:28 - [TEST_STEP][PASSED] - waitForElementClickable(findTestObject("Object Repository/WebOffice_Home_page/a_MMA Messages"), 1): Object 'Object Repository/WebOffice_Home_page/a_MMA Messages' is clickable

2020-04-17 16:18:28 - [MESSAGE][PASSED] - Object 'Object Repository/WebOffice_Home_page/a_MMA Messages' is clickable

2020-04-17 16:18:28 - [TEST_STEP][PASSED] - click(findTestObject("Object Repository/WebOffice_Home_page/a_MMA Messages")): Object: 'Object Repository/WebOffice_Home_page/a_MMA Messages' is clicked on

2020-04-17 16:18:28 - [MESSAGE][PASSED] - Object: 'Object Repository/WebOffice_Home_page/a_MMA Messages' is clicked on

2020-04-17 16:18:28 - [MESSAGE][PASSED] - Call Test Case 'Test Cases/Reusable_Test_Sequences/Web_Office/Navigation/Sub_Menu_Navigation/Settings/Web_Office/MMA_Messages' successfully

2020-04-17 16:18:28 - [TEST_STEP][PASSED] - "--------------------------------------": null

2020-04-17 16:18:28 - [TEST_STEP][PASSED] - " Verify Returned Page Detail          |": null

2020-04-17 16:18:28 - [TEST_STEP][PASSED] - callTestCase(findTestCase("Reusable_Test_Sequences/Web_Office/Verification/Settings/Web_Office/MMA_Messages"), [:], OPTIONAL): Call Test Case 'Test Cases/Reusable_Test_Sequences/Web_Office/Verification/Settings/Web_Office/MMA_Messages' successfully

2020-04-17 16:18:28 - [TEST_CASE][PASSED] - Test Cases/Reusable_Test_Sequences/Web_Office/Verification/Settings/Web_Office/MMA_Messages: Test Cases/Reusable_Test_Sequences/Web_Office/Verification/Settings/Web_Office/MMA_Messages

2020-04-17 16:18:29 - [TEST_STEP][PASSED] - waitForPageLoad(60): Wait for page load successfully

2020-04-17 16:18:29 - [MESSAGE][PASSED] - Wait for page load successfully

2020-04-17 16:18:29 - [TEST_STEP][PASSED] - delay(1): Delayed 1 second(s)

2020-04-17 16:18:30 - [MESSAGE][PASSED] - Delayed 1 second(s)

2020-04-17 16:18:30 - [TEST_STEP][PASSED] - verifyTextPresent("MMA Messages", false): Text 'MMA Messages' is present on page 

2020-04-17 16:18:30 - [MESSAGE][PASSED] - Text 'MMA Messages' is present on page 

2020-04-17 16:18:30 - [TEST_STEP][PASSED] - "----------------------------------------------": null

2020-04-17 16:18:30 - [TEST_STEP][PASSED] - verifyTextPresent("Email", false): Text 'Email' is present on page 

2020-04-17 16:18:30 - [MESSAGE][PASSED] - Text 'Email' is present on page 

2020-04-17 16:18:30 - [TEST_STEP][PASSED] - "----------------------------------------------": null

2020-04-17 16:18:30 - [TEST_STEP][PASSED] - verifyTextPresent("Text", false): Text 'Text' is present on page 

2020-04-17 16:18:30 - [MESSAGE][PASSED] - Text 'Text' is present on page 

2020-04-17 16:18:30 - [TEST_STEP][PASSED] - "----------------------------------------------": null

2020-04-17 16:18:30 - [TEST_STEP][PASSED] - verifyTextPresent("Digital Messaging Sending Status", false): Text 'Digital Messaging Sending Status' is present on page 

2020-04-17 16:18:30 - [MESSAGE][PASSED] - Text 'Digital Messaging Sending Status' is present on page 

2020-04-17 16:18:30 - [TEST_STEP][PASSED] - "----------------------------------------------": null

2020-04-17 16:18:30 - [TEST_STEP][PASSED] - verifyTextPresent("Member Engagement Task Groups", false): Text 'Member Engagement Task Groups' is present on page 

2020-04-17 16:18:31 - [MESSAGE][PASSED] - Text 'Member Engagement Task Groups' is present on page 

2020-04-17 16:18:31 - [TEST_STEP][PASSED] - verifyTextPresent("Ultra", false): Text 'Ultra' is present on page 

2020-04-17 16:18:31 - [MESSAGE][PASSED] - Text 'Ultra' is present on page 

2020-04-17 16:18:31 - [TEST_STEP][PASSED] - verifyTextPresent("High", false): Text 'High' is present on page 

2020-04-17 16:18:31 - [MESSAGE][PASSED] - Text 'High' is present on page 

2020-04-17 16:18:31 - [TEST_STEP][PASSED] - verifyTextPresent("Medium", false): Text 'Medium' is present on page 

2020-04-17 16:18:31 - [MESSAGE][PASSED] - Text 'Medium' is present on page 

2020-04-17 16:18:31 - [TEST_STEP][PASSED] - verifyTextPresent("Low", false): Text 'Low' is present on page 

2020-04-17 16:18:31 - [MESSAGE][PASSED] - Text 'Low' is present on page 

2020-04-17 16:18:31 - [MESSAGE][PASSED] - Call Test Case 'Test Cases/Reusable_Test_Sequences/Web_Office/Verification/Settings/Web_Office/MMA_Messages' successfully

2020-04-17 16:18:31 - [TEST_STEP][PASSED] - "--------------------------": null

2020-04-17 16:18:31 - [TEST_STEP][PASSED] - " Teardown - CLose Browser |": null

2020-04-17 16:18:31 - [TEST_STEP][PASSED] - callTestCase(findTestCase("Reusable_Test_Sequences/CAT_Teardown"), [:], OPTIONAL): Call Test Case 'Test Cases/Reusable_Test_Sequences/CAT_Teardown' successfully

2020-04-17 16:18:31 - [TEST_CASE][PASSED] - Test Cases/Reusable_Test_Sequences/CAT_Teardown: Test Cases/Reusable_Test_Sequences/CAT_Teardown

2020-04-17 16:18:31 - [TEST_STEP][PASSED] - closeBrowser(): Browser is closed

2020-04-17 16:18:32 - [MESSAGE][PASSED] - Browser is closed

2020-04-17 16:18:32 - [TEST_STEP][PASSED] - super.finalize(): null

2020-04-17 16:18:32 - [TEST_STEP][PASSED] - System.gc(): null

2020-04-17 16:18:32 - [MESSAGE][PASSED] - Call Test Case 'Test Cases/Reusable_Test_Sequences/CAT_Teardown' successfully]]></system-out>
         <system-err><![CDATA[]]></system-err>
      </testcase>
      <testcase name="Test Cases/Web_Office/Settings/Web_Office/Engagement_Score_Drop_Alerts" time="21.126" classname="Test Cases/Web_Office/Settings/Web_Office/Engagement_Score_Drop_Alerts" status="PASSED">
         <system-out><![CDATA[2020-04-17 16:18:32 - [TEST_CASE][PASSED] - Test Cases/Web_Office/Settings/Web_Office/Engagement_Score_Drop_Alerts: Test Cases/Web_Office/Settings/Web_Office/Engagement_Score_Drop_Alerts

2020-04-17 16:18:32 - [TEST_STEP][PASSED] - "--------------------------------------": null

2020-04-17 16:18:32 - [TEST_STEP][PASSED] - " Web Office StartUp                  |": null

2020-04-17 16:18:32 - [TEST_STEP][PASSED] - callTestCase(findTestCase("Reusable_Test_Sequences/Web_Office/Directives/WebOffice_StartUp"), [:], STOP_ON_FAILURE): Call Test Case 'Test Cases/Reusable_Test_Sequences/Web_Office/Directives/WebOffice_StartUp' successfully

2020-04-17 16:18:32 - [TEST_CASE][PASSED] - Test Cases/Reusable_Test_Sequences/Web_Office/Directives/WebOffice_StartUp: Test Cases/Reusable_Test_Sequences/Web_Office/Directives/WebOffice_StartUp

2020-04-17 16:18:32 - [TEST_STEP][PASSED] - "-----------------------------------------------------------------------------": null

2020-04-17 16:18:32 - [TEST_STEP][PASSED] - if (URL == "https://www.dev.checkatrade.com/"): null

2020-04-17 16:18:32 - [TEST_STEP][PASSED] - "-----------------------------------------------------------------------------": null

2020-04-17 16:18:32 - [TEST_STEP][PASSED] - if (URL == "https://www.checkatrade.com/"): null

2020-04-17 16:18:32 - [TEST_STEP][PASSED] - "-----------------------------------------------------------------------------": null

2020-04-17 16:18:32 - [TEST_STEP][PASSED] - if (URL == "https://www.preview.checkatrade.com/"): null

2020-04-17 16:18:32 - [TEST_STEP][PASSED] - WebOfficeURL = "https://admin.preview.checkatrade.com/": null

2020-04-17 16:18:32 - [TEST_STEP][PASSED] - if (URL == "https://www.dev2.checkatrade.com/"): null

2020-04-17 16:18:32 - [TEST_STEP][PASSED] - "Set Function Area for "URL_Handler", URL Resolution": null

2020-04-17 16:18:32 - [TEST_STEP][PASSED] - "Do Some Magic with URL(s) See the comments within URL Handler ": null

2020-04-17 16:18:32 - [TEST_STEP][PASSED] - "------------------------------------------------": null

2020-04-17 16:18:32 - [TEST_STEP][PASSED] - "Moved Login Credentials to <Default> profile 22/01/2020": null

2020-04-17 16:18:32 - [TEST_STEP][PASSED] - "------------------------------------------------": null

2020-04-17 16:18:32 - [TEST_STEP][PASSED] - "WebOfficeURL - Set from the ENVIRONMENT PROFILE ": null

2020-04-17 16:18:32 - [TEST_STEP][PASSED] - "OPEN BROWSER": null

2020-04-17 16:18:32 - [TEST_STEP][PASSED] - "eg - https://admin.preview.checkatrade.com/  ": null

2020-04-17 16:18:32 - [TEST_STEP][PASSED] - openBrowser(WebOfficeURL): Browser is opened with url: 'https://admin.preview.checkatrade.com/'

2020-04-17 16:18:32 - [MESSAGE][INFO] - Starting 'Chrome' driver

2020-04-17 16:18:32 - [MESSAGE][INFO] - Action delay is set to 0 milliseconds

2020-04-17 16:18:37 - [MESSAGE][PASSED] - Browser is opened with url: 'https://admin.preview.checkatrade.com/'

2020-04-17 16:18:37 - [TEST_STEP][PASSED] - maximizeWindow(): Current window maximized

2020-04-17 16:18:39 - [MESSAGE][PASSED] - Current window maximized

2020-04-17 16:18:39 - [TEST_STEP][PASSED] - waitForElementClickable(findTestObject("Object Repository/WebOffice/Page_Checkatrade - Administration - Login/Login_Button"), 25): Object 'Object Repository/WebOffice/Page_Checkatrade - Administration - Login/Login_Button' is clickable

2020-04-17 16:18:39 - [MESSAGE][PASSED] - Object 'Object Repository/WebOffice/Page_Checkatrade - Administration - Login/Login_Button' is clickable

2020-04-17 16:18:39 - [TEST_STEP][PASSED] - verifyTextPresent("Checkatrade Web Office", false): Text 'Checkatrade Web Office' is present on page 

2020-04-17 16:18:39 - [MESSAGE][PASSED] - Text 'Checkatrade Web Office' is present on page 

2020-04-17 16:18:39 - [TEST_STEP][PASSED] - verifyTextPresent("Access for staff use only", false): Text 'Access for staff use only' is present on page 

2020-04-17 16:18:39 - [MESSAGE][PASSED] - Text 'Access for staff use only' is present on page 

2020-04-17 16:18:39 - [TEST_STEP][PASSED] - verifyTextPresent("Forgotten password?", false): Text 'Forgotten password?' is present on page 

2020-04-17 16:18:39 - [MESSAGE][PASSED] - Text 'Forgotten password?' is present on page 

2020-04-17 16:18:39 - [TEST_STEP][PASSED] - setText(findTestObject("Object Repository/WebOffice/Page_Checkatrade - Administration - Login/input_Username_LoginControlUserName"), wo_Username): Text 'DavidHo' is set on object 'Object Repository/WebOffice/Page_Checkatrade - Administration - Login/input_Username_LoginControlUserName'

2020-04-17 16:18:39 - [MESSAGE][PASSED] - Text 'DavidHo' is set on object 'Object Repository/WebOffice/Page_Checkatrade - Administration - Login/input_Username_LoginControlUserName'

2020-04-17 16:18:39 - [TEST_STEP][PASSED] - setText(findTestObject("Object Repository/WebOffice/Page_Checkatrade - Administration - Login/input_Password_LoginControlPassword"), wo_Password): Text 'Check123' is set on object 'Object Repository/WebOffice/Page_Checkatrade - Administration - Login/input_Password_LoginControlPassword'

2020-04-17 16:18:39 - [MESSAGE][PASSED] - Text 'Check123' is set on object 'Object Repository/WebOffice/Page_Checkatrade - Administration - Login/input_Password_LoginControlPassword'

2020-04-17 16:18:39 - [TEST_STEP][PASSED] - click(findTestObject("Object Repository/WebOffice/Page_Checkatrade - Administration - Login/Login_Button")): Object: 'Object Repository/WebOffice/Page_Checkatrade - Administration - Login/Login_Button' is clicked on

2020-04-17 16:18:40 - [MESSAGE][PASSED] - Object: 'Object Repository/WebOffice/Page_Checkatrade - Administration - Login/Login_Button' is clicked on

2020-04-17 16:18:40 - [TEST_STEP][PASSED] - waitForPageLoad(60): Wait for page load successfully

2020-04-17 16:18:40 - [MESSAGE][PASSED] - Wait for page load successfully

2020-04-17 16:18:40 - [TEST_STEP][PASSED] - verifyTextPresent("Welcome " + wo_Username, false): Text 'Welcome DavidHo' is present on page 

2020-04-17 16:18:41 - [MESSAGE][PASSED] - Text 'Welcome DavidHo' is present on page 

2020-04-17 16:18:41 - [MESSAGE][PASSED] - Call Test Case 'Test Cases/Reusable_Test_Sequences/Web_Office/Directives/WebOffice_StartUp' successfully

2020-04-17 16:18:41 - [TEST_STEP][PASSED] - "-----------------------------------------------------------------": null

2020-04-17 16:18:41 - [TEST_STEP][PASSED] - " Navigate to <Settings->Checkatrade.Com->Sub Item> Menu Item     |": null

2020-04-17 16:18:41 - [TEST_STEP][PASSED] - callTestCase(findTestCase("Reusable_Test_Sequences/Web_Office/Navigation/Sub_Menu_Navigation/Settings/Web_Office/Engagement_Score_Drop_Alerts"), [:], STOP_ON_FAILURE): Call Test Case 'Test Cases/Reusable_Test_Sequences/Web_Office/Navigation/Sub_Menu_Navigation/Settings/Web_Office/Engagement_Score_Drop_Alerts' successfully

2020-04-17 16:18:41 - [TEST_CASE][PASSED] - Test Cases/Reusable_Test_Sequences/Web_Office/Navigation/Sub_Menu_Navigation/Settings/Web_Office/Engagement_Score_Drop_Alerts: Test Cases/Reusable_Test_Sequences/Web_Office/Navigation/Sub_Menu_Navigation/Settings/Web_Office/Engagement_Score_Drop_Alerts

2020-04-17 16:18:41 - [TEST_STEP][PASSED] - "--------------------------------------": null

2020-04-17 16:18:41 - [TEST_STEP][PASSED] - " Navigate Top level menu Item         |": null

2020-04-17 16:18:41 - [TEST_STEP][PASSED] - waitForPageLoad(60): Wait for page load successfully

2020-04-17 16:18:41 - [MESSAGE][PASSED] - Wait for page load successfully

2020-04-17 16:18:41 - [TEST_STEP][PASSED] - waitForElementClickable(findTestObject("Object Repository/WebOffice_Home_page/a_Settings"), 60): Object 'Object Repository/WebOffice_Home_page/a_Settings' is clickable

2020-04-17 16:18:41 - [MESSAGE][PASSED] - Object 'Object Repository/WebOffice_Home_page/a_Settings' is clickable

2020-04-17 16:18:41 - [TEST_STEP][PASSED] - mouseOver(findTestObject("Object Repository/WebOffice_Home_page/a_Settings")): Object: 'Object Repository/WebOffice_Home_page/a_Settings' is hovered

2020-04-17 16:18:41 - [MESSAGE][PASSED] - Object: 'Object Repository/WebOffice_Home_page/a_Settings' is hovered

2020-04-17 16:18:41 - [TEST_STEP][PASSED] - mouseOver(findTestObject("Object Repository/WebOffice_Home_page/a_Web Office")): Object: 'Object Repository/WebOffice_Home_page/a_Web Office' is hovered

2020-04-17 16:18:42 - [MESSAGE][PASSED] - Object: 'Object Repository/WebOffice_Home_page/a_Web Office' is hovered

2020-04-17 16:18:42 - [TEST_STEP][PASSED] - executeJavaScript("document.body.style.zoom='zoom 60%'", null): Execute JavaScript 'document.body.style.zoom='zoom 60%'' successfully

2020-04-17 16:18:42 - [MESSAGE][PASSED] - Execute JavaScript 'document.body.style.zoom='zoom 60%'' successfully

2020-04-17 16:18:42 - [TEST_STEP][PASSED] - mouseOver(findTestObject("Object Repository/WebOffice_Home_page/a_Engagement Score Drop Alerts")): Object: 'Object Repository/WebOffice_Home_page/a_Engagement Score Drop Alerts' is hovered

2020-04-17 16:18:42 - [MESSAGE][PASSED] - Object: 'Object Repository/WebOffice_Home_page/a_Engagement Score Drop Alerts' is hovered

2020-04-17 16:18:42 - [TEST_STEP][PASSED] - waitForElementClickable(findTestObject("Object Repository/WebOffice_Home_page/a_Engagement Score Drop Alerts_1"), 1): Object 'Object Repository/WebOffice_Home_page/a_Engagement Score Drop Alerts_1' is clickable

2020-04-17 16:18:42 - [MESSAGE][PASSED] - Object 'Object Repository/WebOffice_Home_page/a_Engagement Score Drop Alerts_1' is clickable

2020-04-17 16:18:42 - [TEST_STEP][PASSED] - click(findTestObject("Object Repository/WebOffice_Home_page/a_Engagement Score Drop Alerts_1")): Object: 'Object Repository/WebOffice_Home_page/a_Engagement Score Drop Alerts_1' is clicked on

2020-04-17 16:18:44 - [MESSAGE][PASSED] - Object: 'Object Repository/WebOffice_Home_page/a_Engagement Score Drop Alerts_1' is clicked on

2020-04-17 16:18:44 - [TEST_STEP][PASSED] - executeJavaScript("document.body.style.zoom='zoom 100%'", null): Execute JavaScript 'document.body.style.zoom='zoom 100%'' successfully

2020-04-17 16:18:44 - [MESSAGE][PASSED] - Execute JavaScript 'document.body.style.zoom='zoom 100%'' successfully

2020-04-17 16:18:44 - [MESSAGE][PASSED] - Call Test Case 'Test Cases/Reusable_Test_Sequences/Web_Office/Navigation/Sub_Menu_Navigation/Settings/Web_Office/Engagement_Score_Drop_Alerts' successfully

2020-04-17 16:18:44 - [TEST_STEP][PASSED] - "--------------------------------------": null

2020-04-17 16:18:44 - [TEST_STEP][PASSED] - " Verify Returned Page Detail          |": null

2020-04-17 16:18:44 - [TEST_STEP][PASSED] - callTestCase(findTestCase("Reusable_Test_Sequences/Web_Office/Verification/Settings/Web_Office/Engagement_Score_Drop_Alerts"), [:], OPTIONAL): Call Test Case 'Test Cases/Reusable_Test_Sequences/Web_Office/Verification/Settings/Web_Office/Engagement_Score_Drop_Alerts' successfully

2020-04-17 16:18:44 - [TEST_CASE][PASSED] - Test Cases/Reusable_Test_Sequences/Web_Office/Verification/Settings/Web_Office/Engagement_Score_Drop_Alerts: Test Cases/Reusable_Test_Sequences/Web_Office/Verification/Settings/Web_Office/Engagement_Score_Drop_Alerts

2020-04-17 16:18:44 - [TEST_STEP][PASSED] - waitForPageLoad(60): Wait for page load successfully

2020-04-17 16:18:44 - [MESSAGE][PASSED] - Wait for page load successfully

2020-04-17 16:18:44 - [TEST_STEP][PASSED] - delay(1): Delayed 1 second(s)

2020-04-17 16:18:45 - [MESSAGE][PASSED] - Delayed 1 second(s)

2020-04-17 16:18:45 - [TEST_STEP][PASSED] - verifyTextPresent("Engagement Score Drop Alerts", false): Text 'Engagement Score Drop Alerts' is present on page 

2020-04-17 16:18:46 - [MESSAGE][PASSED] - Text 'Engagement Score Drop Alerts' is present on page 

2020-04-17 16:18:46 - [TEST_STEP][PASSED] - "----------------------------------------------": null

2020-04-17 16:18:46 - [TEST_STEP][PASSED] - verifyTextPresent("DIRECTORY HEADING", false): Text 'DIRECTORY HEADING' is present on page 

2020-04-17 16:18:47 - [MESSAGE][PASSED] - Text 'DIRECTORY HEADING' is present on page 

2020-04-17 16:18:47 - [TEST_STEP][PASSED] - verifyTextPresent("CURRENT AVG. ES", false): Text 'CURRENT AVG. ES' is present on page 

2020-04-17 16:18:47 - [MESSAGE][PASSED] - Text 'CURRENT AVG. ES' is present on page 

2020-04-17 16:18:47 - [TEST_STEP][PASSED] - verifyTextPresent("3 MONTH AVG. ES", false): Text '3 MONTH AVG. ES' is present on page 

2020-04-17 16:18:48 - [MESSAGE][PASSED] - Text '3 MONTH AVG. ES' is present on page 

2020-04-17 16:18:48 - [TEST_STEP][PASSED] - verifyTextPresent("LOW ES DROP A", false): Text 'LOW ES DROP A' is present on page 

2020-04-17 16:18:49 - [MESSAGE][PASSED] - Text 'LOW ES DROP A' is present on page 

2020-04-17 16:18:49 - [TEST_STEP][PASSED] - "----------------------------------------------": null

2020-04-17 16:18:49 - [TEST_STEP][PASSED] - verifyTextPresent("UPDATE ALL HEADINGS", false): Text 'UPDATE ALL HEADINGS' is present on page 

2020-04-17 16:18:49 - [MESSAGE][PASSED] - Text 'UPDATE ALL HEADINGS' is present on page 

2020-04-17 16:18:49 - [TEST_STEP][PASSED] - verifyTextPresent("N/A", false): Text 'N/A' is present on page 

2020-04-17 16:18:50 - [MESSAGE][PASSED] - Text 'N/A' is present on page 

2020-04-17 16:18:50 - [TEST_STEP][PASSED] - verifyTextPresent("WOOD FLOORING", false): Text 'WOOD FLOORING' is present on page 

2020-04-17 16:18:51 - [MESSAGE][PASSED] - Text 'WOOD FLOORING' is present on page 

2020-04-17 16:18:51 - [TEST_STEP][PASSED] - verifyTextPresent("60.53", false): Text '60.53' is present on page 

2020-04-17 16:18:51 - [MESSAGE][PASSED] - Text '60.53' is present on page 

2020-04-17 16:18:51 - [TEST_STEP][PASSED] - verifyTextPresent("54.46", false): Text '54.46' is present on page 

2020-04-17 16:18:52 - [MESSAGE][PASSED] - Text '54.46' is present on page 

2020-04-17 16:18:52 - [MESSAGE][PASSED] - Call Test Case 'Test Cases/Reusable_Test_Sequences/Web_Office/Verification/Settings/Web_Office/Engagement_Score_Drop_Alerts' successfully

2020-04-17 16:18:52 - [TEST_STEP][PASSED] - "--------------------------": null

2020-04-17 16:18:52 - [TEST_STEP][PASSED] - " Teardown - CLose Browser |": null

2020-04-17 16:18:52 - [TEST_STEP][PASSED] - callTestCase(findTestCase("Reusable_Test_Sequences/CAT_Teardown"), [:], OPTIONAL): Call Test Case 'Test Cases/Reusable_Test_Sequences/CAT_Teardown' successfully

2020-04-17 16:18:52 - [TEST_CASE][PASSED] - Test Cases/Reusable_Test_Sequences/CAT_Teardown: Test Cases/Reusable_Test_Sequences/CAT_Teardown

2020-04-17 16:18:52 - [TEST_STEP][PASSED] - closeBrowser(): Browser is closed

2020-04-17 16:18:53 - [MESSAGE][PASSED] - Browser is closed

2020-04-17 16:18:53 - [TEST_STEP][PASSED] - super.finalize(): null

2020-04-17 16:18:53 - [TEST_STEP][PASSED] - System.gc(): null

2020-04-17 16:18:53 - [MESSAGE][PASSED] - Call Test Case 'Test Cases/Reusable_Test_Sequences/CAT_Teardown' successfully]]></system-out>
         <system-err><![CDATA[]]></system-err>
      </testcase>
      <testcase name="Test Cases/Web_Office/Settings/Web_Office/System_Administrator" time="13.581" classname="Test Cases/Web_Office/Settings/Web_Office/System_Administrator" status="PASSED">
         <system-out><![CDATA[2020-04-17 16:18:53 - [TEST_CASE][PASSED] - Test Cases/Web_Office/Settings/Web_Office/System_Administrator: Test Cases/Web_Office/Settings/Web_Office/System_Administrator

2020-04-17 16:18:53 - [TEST_STEP][PASSED] - "--------------------------------------": null

2020-04-17 16:18:53 - [TEST_STEP][PASSED] - " Web Office StartUp                  |": null

2020-04-17 16:18:53 - [TEST_STEP][PASSED] - callTestCase(findTestCase("Reusable_Test_Sequences/Web_Office/Directives/WebOffice_StartUp"), [:], STOP_ON_FAILURE): Call Test Case 'Test Cases/Reusable_Test_Sequences/Web_Office/Directives/WebOffice_StartUp' successfully

2020-04-17 16:18:53 - [TEST_CASE][PASSED] - Test Cases/Reusable_Test_Sequences/Web_Office/Directives/WebOffice_StartUp: Test Cases/Reusable_Test_Sequences/Web_Office/Directives/WebOffice_StartUp

2020-04-17 16:18:53 - [TEST_STEP][PASSED] - "-----------------------------------------------------------------------------": null

2020-04-17 16:18:53 - [TEST_STEP][PASSED] - if (URL == "https://www.dev.checkatrade.com/"): null

2020-04-17 16:18:53 - [TEST_STEP][PASSED] - "-----------------------------------------------------------------------------": null

2020-04-17 16:18:53 - [TEST_STEP][PASSED] - if (URL == "https://www.checkatrade.com/"): null

2020-04-17 16:18:53 - [TEST_STEP][PASSED] - "-----------------------------------------------------------------------------": null

2020-04-17 16:18:53 - [TEST_STEP][PASSED] - if (URL == "https://www.preview.checkatrade.com/"): null

2020-04-17 16:18:53 - [TEST_STEP][PASSED] - WebOfficeURL = "https://admin.preview.checkatrade.com/": null

2020-04-17 16:18:53 - [TEST_STEP][PASSED] - if (URL == "https://www.dev2.checkatrade.com/"): null

2020-04-17 16:18:53 - [TEST_STEP][PASSED] - "Set Function Area for "URL_Handler", URL Resolution": null

2020-04-17 16:18:53 - [TEST_STEP][PASSED] - "Do Some Magic with URL(s) See the comments within URL Handler ": null

2020-04-17 16:18:53 - [TEST_STEP][PASSED] - "------------------------------------------------": null

2020-04-17 16:18:53 - [TEST_STEP][PASSED] - "Moved Login Credentials to <Default> profile 22/01/2020": null

2020-04-17 16:18:53 - [TEST_STEP][PASSED] - "------------------------------------------------": null

2020-04-17 16:18:53 - [TEST_STEP][PASSED] - "WebOfficeURL - Set from the ENVIRONMENT PROFILE ": null

2020-04-17 16:18:53 - [TEST_STEP][PASSED] - "OPEN BROWSER": null

2020-04-17 16:18:53 - [TEST_STEP][PASSED] - "eg - https://admin.preview.checkatrade.com/  ": null

2020-04-17 16:18:53 - [TEST_STEP][PASSED] - openBrowser(WebOfficeURL): Browser is opened with url: 'https://admin.preview.checkatrade.com/'

2020-04-17 16:18:53 - [MESSAGE][INFO] - Starting 'Chrome' driver

2020-04-17 16:18:53 - [MESSAGE][INFO] - Action delay is set to 0 milliseconds

2020-04-17 16:18:58 - [MESSAGE][PASSED] - Browser is opened with url: 'https://admin.preview.checkatrade.com/'

2020-04-17 16:18:58 - [TEST_STEP][PASSED] - maximizeWindow(): Current window maximized

2020-04-17 16:19:00 - [MESSAGE][PASSED] - Current window maximized

2020-04-17 16:19:00 - [TEST_STEP][PASSED] - waitForElementClickable(findTestObject("Object Repository/WebOffice/Page_Checkatrade - Administration - Login/Login_Button"), 25): Object 'Object Repository/WebOffice/Page_Checkatrade - Administration - Login/Login_Button' is clickable

2020-04-17 16:19:00 - [MESSAGE][PASSED] - Object 'Object Repository/WebOffice/Page_Checkatrade - Administration - Login/Login_Button' is clickable

2020-04-17 16:19:00 - [TEST_STEP][PASSED] - verifyTextPresent("Checkatrade Web Office", false): Text 'Checkatrade Web Office' is present on page 

2020-04-17 16:19:00 - [MESSAGE][PASSED] - Text 'Checkatrade Web Office' is present on page 

2020-04-17 16:19:00 - [TEST_STEP][PASSED] - verifyTextPresent("Access for staff use only", false): Text 'Access for staff use only' is present on page 

2020-04-17 16:19:00 - [MESSAGE][PASSED] - Text 'Access for staff use only' is present on page 

2020-04-17 16:19:00 - [TEST_STEP][PASSED] - verifyTextPresent("Forgotten password?", false): Text 'Forgotten password?' is present on page 

2020-04-17 16:19:00 - [MESSAGE][PASSED] - Text 'Forgotten password?' is present on page 

2020-04-17 16:19:00 - [TEST_STEP][PASSED] - setText(findTestObject("Object Repository/WebOffice/Page_Checkatrade - Administration - Login/input_Username_LoginControlUserName"), wo_Username): Text 'DavidHo' is set on object 'Object Repository/WebOffice/Page_Checkatrade - Administration - Login/input_Username_LoginControlUserName'

2020-04-17 16:19:00 - [MESSAGE][PASSED] - Text 'DavidHo' is set on object 'Object Repository/WebOffice/Page_Checkatrade - Administration - Login/input_Username_LoginControlUserName'

2020-04-17 16:19:00 - [TEST_STEP][PASSED] - setText(findTestObject("Object Repository/WebOffice/Page_Checkatrade - Administration - Login/input_Password_LoginControlPassword"), wo_Password): Text 'Check123' is set on object 'Object Repository/WebOffice/Page_Checkatrade - Administration - Login/input_Password_LoginControlPassword'

2020-04-17 16:19:01 - [MESSAGE][PASSED] - Text 'Check123' is set on object 'Object Repository/WebOffice/Page_Checkatrade - Administration - Login/input_Password_LoginControlPassword'

2020-04-17 16:19:01 - [TEST_STEP][PASSED] - click(findTestObject("Object Repository/WebOffice/Page_Checkatrade - Administration - Login/Login_Button")): Object: 'Object Repository/WebOffice/Page_Checkatrade - Administration - Login/Login_Button' is clicked on

2020-04-17 16:19:02 - [MESSAGE][PASSED] - Object: 'Object Repository/WebOffice/Page_Checkatrade - Administration - Login/Login_Button' is clicked on

2020-04-17 16:19:02 - [TEST_STEP][PASSED] - waitForPageLoad(60): Wait for page load successfully

2020-04-17 16:19:02 - [MESSAGE][PASSED] - Wait for page load successfully

2020-04-17 16:19:02 - [TEST_STEP][PASSED] - verifyTextPresent("Welcome " + wo_Username, false): Text 'Welcome DavidHo' is present on page 

2020-04-17 16:19:02 - [MESSAGE][PASSED] - Text 'Welcome DavidHo' is present on page 

2020-04-17 16:19:02 - [MESSAGE][PASSED] - Call Test Case 'Test Cases/Reusable_Test_Sequences/Web_Office/Directives/WebOffice_StartUp' successfully

2020-04-17 16:19:02 - [TEST_STEP][PASSED] - "-----------------------------------------------------------------": null

2020-04-17 16:19:02 - [TEST_STEP][PASSED] - " Navigate to <Settings->Checkatrade.Com->Sub Item> Menu Item     |": null

2020-04-17 16:19:02 - [TEST_STEP][PASSED] - callTestCase(findTestCase("Reusable_Test_Sequences/Web_Office/Navigation/Sub_Menu_Navigation/Settings/Web_Office/System_Administrator"), [:], STOP_ON_FAILURE): Call Test Case 'Test Cases/Reusable_Test_Sequences/Web_Office/Navigation/Sub_Menu_Navigation/Settings/Web_Office/System_Administrator' successfully

2020-04-17 16:19:02 - [TEST_CASE][PASSED] - Test Cases/Reusable_Test_Sequences/Web_Office/Navigation/Sub_Menu_Navigation/Settings/Web_Office/System_Administrator: Test Cases/Reusable_Test_Sequences/Web_Office/Navigation/Sub_Menu_Navigation/Settings/Web_Office/System_Administrator

2020-04-17 16:19:02 - [TEST_STEP][PASSED] - "--------------------------------------": null

2020-04-17 16:19:02 - [TEST_STEP][PASSED] - " Navigate Top level menu Item         |": null

2020-04-17 16:19:02 - [TEST_STEP][PASSED] - waitForPageLoad(60): Wait for page load successfully

2020-04-17 16:19:02 - [MESSAGE][PASSED] - Wait for page load successfully

2020-04-17 16:19:02 - [TEST_STEP][PASSED] - waitForElementClickable(findTestObject("Object Repository/WebOffice_Home_page/a_Settings"), 60): Object 'Object Repository/WebOffice_Home_page/a_Settings' is clickable

2020-04-17 16:19:03 - [MESSAGE][PASSED] - Object 'Object Repository/WebOffice_Home_page/a_Settings' is clickable

2020-04-17 16:19:03 - [TEST_STEP][PASSED] - mouseOver(findTestObject("Object Repository/WebOffice_Home_page/a_Settings")): Object: 'Object Repository/WebOffice_Home_page/a_Settings' is hovered

2020-04-17 16:19:03 - [MESSAGE][PASSED] - Object: 'Object Repository/WebOffice_Home_page/a_Settings' is hovered

2020-04-17 16:19:03 - [TEST_STEP][PASSED] - mouseOver(findTestObject("Object Repository/WebOffice_Home_page/a_Web Office")): Object: 'Object Repository/WebOffice_Home_page/a_Web Office' is hovered

2020-04-17 16:19:03 - [MESSAGE][PASSED] - Object: 'Object Repository/WebOffice_Home_page/a_Web Office' is hovered

2020-04-17 16:19:03 - [TEST_STEP][PASSED] - waitForElementClickable(findTestObject("Object Repository/WebOffice_Home_page/a_System Administrator"), 1): Object 'Object Repository/WebOffice_Home_page/a_System Administrator' is clickable

2020-04-17 16:19:03 - [MESSAGE][PASSED] - Object 'Object Repository/WebOffice_Home_page/a_System Administrator' is clickable

2020-04-17 16:19:03 - [TEST_STEP][PASSED] - click(findTestObject("Object Repository/WebOffice_Home_page/a_System Administrator")): Object: 'Object Repository/WebOffice_Home_page/a_System Administrator' is clicked on

2020-04-17 16:19:04 - [MESSAGE][PASSED] - Object: 'Object Repository/WebOffice_Home_page/a_System Administrator' is clicked on

2020-04-17 16:19:04 - [MESSAGE][PASSED] - Call Test Case 'Test Cases/Reusable_Test_Sequences/Web_Office/Navigation/Sub_Menu_Navigation/Settings/Web_Office/System_Administrator' successfully

2020-04-17 16:19:04 - [TEST_STEP][PASSED] - "--------------------------------------": null

2020-04-17 16:19:04 - [TEST_STEP][PASSED] - " Verify Returned Page Detail          |": null

2020-04-17 16:19:04 - [TEST_STEP][PASSED] - callTestCase(findTestCase("Reusable_Test_Sequences/Web_Office/Verification/Settings/Web_Office/System_Administrator"), [:], OPTIONAL): Call Test Case 'Test Cases/Reusable_Test_Sequences/Web_Office/Verification/Settings/Web_Office/System_Administrator' successfully

2020-04-17 16:19:04 - [TEST_CASE][PASSED] - Test Cases/Reusable_Test_Sequences/Web_Office/Verification/Settings/Web_Office/System_Administrator: Test Cases/Reusable_Test_Sequences/Web_Office/Verification/Settings/Web_Office/System_Administrator

2020-04-17 16:19:04 - [TEST_STEP][PASSED] - waitForPageLoad(60): Wait for page load successfully

2020-04-17 16:19:04 - [MESSAGE][PASSED] - Wait for page load successfully

2020-04-17 16:19:04 - [TEST_STEP][PASSED] - delay(1): Delayed 1 second(s)

2020-04-17 16:19:05 - [MESSAGE][PASSED] - Delayed 1 second(s)

2020-04-17 16:19:05 - [TEST_STEP][PASSED] - verifyTextPresent("SOLR", false): Text 'SOLR' is present on page 

2020-04-17 16:19:05 - [MESSAGE][PASSED] - Text 'SOLR' is present on page 

2020-04-17 16:19:05 - [TEST_STEP][PASSED] - "----------------------------------------------": null

2020-04-17 16:19:05 - [TEST_STEP][PASSED] - verifyTextPresent("Show SOLR Status", false): Text 'Show SOLR Status' is present on page 

2020-04-17 16:19:05 - [MESSAGE][PASSED] - Text 'Show SOLR Status' is present on page 

2020-04-17 16:19:05 - [TEST_STEP][PASSED] - "----------------------------------------------": null

2020-04-17 16:19:05 - [TEST_STEP][PASSED] - verifyTextPresent("Executing SOLR commands may take a minute to start running, please do not spam SOLR with", false): Text 'Executing SOLR commands may take a minute to start running, please do not spam SOLR with' is present on page 

2020-04-17 16:19:05 - [MESSAGE][PASSED] - Text 'Executing SOLR commands may take a minute to start running, please do not spam SOLR with' is present on page 

2020-04-17 16:19:05 - [TEST_STEP][PASSED] - "----------------------------------------------": null

2020-04-17 16:19:05 - [TEST_STEP][PASSED] - verifyTextPresent("Update Changed Records", false): Text 'Update Changed Records' is present on page 

2020-04-17 16:19:06 - [MESSAGE][PASSED] - Text 'Update Changed Records' is present on page 

2020-04-17 16:19:06 - [TEST_STEP][PASSED] - verifyTextPresent("Execute Full Re-Index", false): Text 'Execute Full Re-Index' is present on page 

2020-04-17 16:19:06 - [MESSAGE][PASSED] - Text 'Execute Full Re-Index' is present on page 

2020-04-17 16:19:06 - [MESSAGE][PASSED] - Call Test Case 'Test Cases/Reusable_Test_Sequences/Web_Office/Verification/Settings/Web_Office/System_Administrator' successfully

2020-04-17 16:19:06 - [TEST_STEP][PASSED] - "--------------------------": null

2020-04-17 16:19:06 - [TEST_STEP][PASSED] - " Teardown - CLose Browser |": null

2020-04-17 16:19:06 - [TEST_STEP][PASSED] - callTestCase(findTestCase("Reusable_Test_Sequences/CAT_Teardown"), [:], OPTIONAL): Call Test Case 'Test Cases/Reusable_Test_Sequences/CAT_Teardown' successfully

2020-04-17 16:19:06 - [TEST_CASE][PASSED] - Test Cases/Reusable_Test_Sequences/CAT_Teardown: Test Cases/Reusable_Test_Sequences/CAT_Teardown

2020-04-17 16:19:06 - [TEST_STEP][PASSED] - closeBrowser(): Browser is closed

2020-04-17 16:19:06 - [MESSAGE][PASSED] - Browser is closed

2020-04-17 16:19:06 - [TEST_STEP][PASSED] - super.finalize(): null

2020-04-17 16:19:06 - [TEST_STEP][PASSED] - System.gc(): null

2020-04-17 16:19:07 - [MESSAGE][PASSED] - Call Test Case 'Test Cases/Reusable_Test_Sequences/CAT_Teardown' successfully]]></system-out>
         <system-err><![CDATA[]]></system-err>
      </testcase>
      <testcase name="Test Cases/Web_Office/Settings/Web_Office/Vetting_Settings" time="15.835" classname="Test Cases/Web_Office/Settings/Web_Office/Vetting_Settings" status="PASSED">
         <system-out><![CDATA[2020-04-17 16:19:07 - [TEST_CASE][PASSED] - Test Cases/Web_Office/Settings/Web_Office/Vetting_Settings: Test Cases/Web_Office/Settings/Web_Office/Vetting_Settings

2020-04-17 16:19:07 - [TEST_STEP][PASSED] - "--------------------------------------": null

2020-04-17 16:19:07 - [TEST_STEP][PASSED] - " Web Office StartUp                  |": null

2020-04-17 16:19:07 - [TEST_STEP][PASSED] - callTestCase(findTestCase("Reusable_Test_Sequences/Web_Office/Directives/WebOffice_StartUp"), [:], STOP_ON_FAILURE): Call Test Case 'Test Cases/Reusable_Test_Sequences/Web_Office/Directives/WebOffice_StartUp' successfully

2020-04-17 16:19:07 - [TEST_CASE][PASSED] - Test Cases/Reusable_Test_Sequences/Web_Office/Directives/WebOffice_StartUp: Test Cases/Reusable_Test_Sequences/Web_Office/Directives/WebOffice_StartUp

2020-04-17 16:19:07 - [TEST_STEP][PASSED] - "-----------------------------------------------------------------------------": null

2020-04-17 16:19:07 - [TEST_STEP][PASSED] - if (URL == "https://www.dev.checkatrade.com/"): null

2020-04-17 16:19:07 - [TEST_STEP][PASSED] - "-----------------------------------------------------------------------------": null

2020-04-17 16:19:07 - [TEST_STEP][PASSED] - if (URL == "https://www.checkatrade.com/"): null

2020-04-17 16:19:07 - [TEST_STEP][PASSED] - "-----------------------------------------------------------------------------": null

2020-04-17 16:19:07 - [TEST_STEP][PASSED] - if (URL == "https://www.preview.checkatrade.com/"): null

2020-04-17 16:19:07 - [TEST_STEP][PASSED] - WebOfficeURL = "https://admin.preview.checkatrade.com/": null

2020-04-17 16:19:07 - [TEST_STEP][PASSED] - if (URL == "https://www.dev2.checkatrade.com/"): null

2020-04-17 16:19:07 - [TEST_STEP][PASSED] - "Set Function Area for "URL_Handler", URL Resolution": null

2020-04-17 16:19:07 - [TEST_STEP][PASSED] - "Do Some Magic with URL(s) See the comments within URL Handler ": null

2020-04-17 16:19:07 - [TEST_STEP][PASSED] - "------------------------------------------------": null

2020-04-17 16:19:07 - [TEST_STEP][PASSED] - "Moved Login Credentials to <Default> profile 22/01/2020": null

2020-04-17 16:19:07 - [TEST_STEP][PASSED] - "------------------------------------------------": null

2020-04-17 16:19:07 - [TEST_STEP][PASSED] - "WebOfficeURL - Set from the ENVIRONMENT PROFILE ": null

2020-04-17 16:19:07 - [TEST_STEP][PASSED] - "OPEN BROWSER": null

2020-04-17 16:19:07 - [TEST_STEP][PASSED] - "eg - https://admin.preview.checkatrade.com/  ": null

2020-04-17 16:19:07 - [TEST_STEP][PASSED] - openBrowser(WebOfficeURL): Browser is opened with url: 'https://admin.preview.checkatrade.com/'

2020-04-17 16:19:07 - [MESSAGE][INFO] - Starting 'Chrome' driver

2020-04-17 16:19:07 - [MESSAGE][INFO] - Action delay is set to 0 milliseconds

2020-04-17 16:19:12 - [MESSAGE][PASSED] - Browser is opened with url: 'https://admin.preview.checkatrade.com/'

2020-04-17 16:19:12 - [TEST_STEP][PASSED] - maximizeWindow(): Current window maximized

2020-04-17 16:19:14 - [MESSAGE][PASSED] - Current window maximized

2020-04-17 16:19:14 - [TEST_STEP][PASSED] - waitForElementClickable(findTestObject("Object Repository/WebOffice/Page_Checkatrade - Administration - Login/Login_Button"), 25): Object 'Object Repository/WebOffice/Page_Checkatrade - Administration - Login/Login_Button' is clickable

2020-04-17 16:19:14 - [MESSAGE][PASSED] - Object 'Object Repository/WebOffice/Page_Checkatrade - Administration - Login/Login_Button' is clickable

2020-04-17 16:19:14 - [TEST_STEP][PASSED] - verifyTextPresent("Checkatrade Web Office", false): Text 'Checkatrade Web Office' is present on page 

2020-04-17 16:19:14 - [MESSAGE][PASSED] - Text 'Checkatrade Web Office' is present on page 

2020-04-17 16:19:14 - [TEST_STEP][PASSED] - verifyTextPresent("Access for staff use only", false): Text 'Access for staff use only' is present on page 

2020-04-17 16:19:14 - [MESSAGE][PASSED] - Text 'Access for staff use only' is present on page 

2020-04-17 16:19:14 - [TEST_STEP][PASSED] - verifyTextPresent("Forgotten password?", false): Text 'Forgotten password?' is present on page 

2020-04-17 16:19:14 - [MESSAGE][PASSED] - Text 'Forgotten password?' is present on page 

2020-04-17 16:19:14 - [TEST_STEP][PASSED] - setText(findTestObject("Object Repository/WebOffice/Page_Checkatrade - Administration - Login/input_Username_LoginControlUserName"), wo_Username): Text 'DavidHo' is set on object 'Object Repository/WebOffice/Page_Checkatrade - Administration - Login/input_Username_LoginControlUserName'

2020-04-17 16:19:14 - [MESSAGE][PASSED] - Text 'DavidHo' is set on object 'Object Repository/WebOffice/Page_Checkatrade - Administration - Login/input_Username_LoginControlUserName'

2020-04-17 16:19:14 - [TEST_STEP][PASSED] - setText(findTestObject("Object Repository/WebOffice/Page_Checkatrade - Administration - Login/input_Password_LoginControlPassword"), wo_Password): Text 'Check123' is set on object 'Object Repository/WebOffice/Page_Checkatrade - Administration - Login/input_Password_LoginControlPassword'

2020-04-17 16:19:14 - [MESSAGE][PASSED] - Text 'Check123' is set on object 'Object Repository/WebOffice/Page_Checkatrade - Administration - Login/input_Password_LoginControlPassword'

2020-04-17 16:19:14 - [TEST_STEP][PASSED] - click(findTestObject("Object Repository/WebOffice/Page_Checkatrade - Administration - Login/Login_Button")): Object: 'Object Repository/WebOffice/Page_Checkatrade - Administration - Login/Login_Button' is clicked on

2020-04-17 16:19:16 - [MESSAGE][PASSED] - Object: 'Object Repository/WebOffice/Page_Checkatrade - Administration - Login/Login_Button' is clicked on

2020-04-17 16:19:16 - [TEST_STEP][PASSED] - waitForPageLoad(60): Wait for page load successfully

2020-04-17 16:19:16 - [MESSAGE][PASSED] - Wait for page load successfully

2020-04-17 16:19:16 - [TEST_STEP][PASSED] - verifyTextPresent("Welcome " + wo_Username, false): Text 'Welcome DavidHo' is present on page 

2020-04-17 16:19:16 - [MESSAGE][PASSED] - Text 'Welcome DavidHo' is present on page 

2020-04-17 16:19:16 - [MESSAGE][PASSED] - Call Test Case 'Test Cases/Reusable_Test_Sequences/Web_Office/Directives/WebOffice_StartUp' successfully

2020-04-17 16:19:16 - [TEST_STEP][PASSED] - "-----------------------------------------------------------------": null

2020-04-17 16:19:16 - [TEST_STEP][PASSED] - " Navigate to <Settings->Checkatrade.Com->Sub Item> Menu Item     |": null

2020-04-17 16:19:16 - [TEST_STEP][PASSED] - callTestCase(findTestCase("Reusable_Test_Sequences/Web_Office/Navigation/Sub_Menu_Navigation/Settings/Web_Office/Vetting_Settings"), [:], STOP_ON_FAILURE): Call Test Case 'Test Cases/Reusable_Test_Sequences/Web_Office/Navigation/Sub_Menu_Navigation/Settings/Web_Office/Vetting_Settings' successfully

2020-04-17 16:19:17 - [TEST_CASE][PASSED] - Test Cases/Reusable_Test_Sequences/Web_Office/Navigation/Sub_Menu_Navigation/Settings/Web_Office/Vetting_Settings: Test Cases/Reusable_Test_Sequences/Web_Office/Navigation/Sub_Menu_Navigation/Settings/Web_Office/Vetting_Settings

2020-04-17 16:19:17 - [TEST_STEP][PASSED] - "--------------------------------------": null

2020-04-17 16:19:17 - [TEST_STEP][PASSED] - " Navigate Top level menu Item         |": null

2020-04-17 16:19:17 - [TEST_STEP][PASSED] - waitForPageLoad(60): Wait for page load successfully

2020-04-17 16:19:17 - [MESSAGE][PASSED] - Wait for page load successfully

2020-04-17 16:19:17 - [TEST_STEP][PASSED] - waitForElementClickable(findTestObject("Object Repository/WebOffice_Home_page/a_Settings"), 60): Object 'Object Repository/WebOffice_Home_page/a_Settings' is clickable

2020-04-17 16:19:17 - [MESSAGE][PASSED] - Object 'Object Repository/WebOffice_Home_page/a_Settings' is clickable

2020-04-17 16:19:17 - [TEST_STEP][PASSED] - mouseOver(findTestObject("Object Repository/WebOffice_Home_page/a_Settings")): Object: 'Object Repository/WebOffice_Home_page/a_Settings' is hovered

2020-04-17 16:19:17 - [MESSAGE][PASSED] - Object: 'Object Repository/WebOffice_Home_page/a_Settings' is hovered

2020-04-17 16:19:17 - [TEST_STEP][PASSED] - mouseOver(findTestObject("Object Repository/WebOffice_Home_page/a_Web Office")): Object: 'Object Repository/WebOffice_Home_page/a_Web Office' is hovered

2020-04-17 16:19:17 - [MESSAGE][PASSED] - Object: 'Object Repository/WebOffice_Home_page/a_Web Office' is hovered

2020-04-17 16:19:17 - [TEST_STEP][PASSED] - waitForElementClickable(findTestObject("Object Repository/WebOffice_Home_page/a_Vetting Settings"), 1): Object 'Object Repository/WebOffice_Home_page/a_Vetting Settings' is clickable

2020-04-17 16:19:17 - [MESSAGE][PASSED] - Object 'Object Repository/WebOffice_Home_page/a_Vetting Settings' is clickable

2020-04-17 16:19:17 - [TEST_STEP][PASSED] - click(findTestObject("Object Repository/WebOffice_Home_page/a_Vetting Settings")): Object: 'Object Repository/WebOffice_Home_page/a_Vetting Settings' is clicked on

2020-04-17 16:19:18 - [MESSAGE][PASSED] - Object: 'Object Repository/WebOffice_Home_page/a_Vetting Settings' is clicked on

2020-04-17 16:19:18 - [MESSAGE][PASSED] - Call Test Case 'Test Cases/Reusable_Test_Sequences/Web_Office/Navigation/Sub_Menu_Navigation/Settings/Web_Office/Vetting_Settings' successfully

2020-04-17 16:19:18 - [TEST_STEP][PASSED] - "--------------------------------------": null

2020-04-17 16:19:18 - [TEST_STEP][PASSED] - " Verify Returned Page Detail          |": null

2020-04-17 16:19:18 - [TEST_STEP][PASSED] - callTestCase(findTestCase("Reusable_Test_Sequences/Web_Office/Verification/Settings/Web_Office/Vetting_Settings"), [:], OPTIONAL): Call Test Case 'Test Cases/Reusable_Test_Sequences/Web_Office/Verification/Settings/Web_Office/Vetting_Settings' successfully

2020-04-17 16:19:18 - [TEST_CASE][PASSED] - Test Cases/Reusable_Test_Sequences/Web_Office/Verification/Settings/Web_Office/Vetting_Settings: Test Cases/Reusable_Test_Sequences/Web_Office/Verification/Settings/Web_Office/Vetting_Settings

2020-04-17 16:19:18 - [TEST_STEP][PASSED] - waitForPageLoad(60): Wait for page load successfully

2020-04-17 16:19:18 - [MESSAGE][PASSED] - Wait for page load successfully

2020-04-17 16:19:18 - [TEST_STEP][PASSED] - delay(1): Delayed 1 second(s)

2020-04-17 16:19:19 - [MESSAGE][PASSED] - Delayed 1 second(s)

2020-04-17 16:19:19 - [TEST_STEP][PASSED] - verifyTextPresent("Vetting Settings", false): Text 'Vetting Settings' is present on page 

2020-04-17 16:19:19 - [MESSAGE][PASSED] - Text 'Vetting Settings' is present on page 

2020-04-17 16:19:19 - [TEST_STEP][PASSED] - "----------------------------------------------": null

2020-04-17 16:19:19 - [TEST_STEP][PASSED] - verifyTextPresent("Processing Timeout (in minutes)", false): Text 'Processing Timeout (in minutes)' is present on page 

2020-04-17 16:19:20 - [MESSAGE][PASSED] - Text 'Processing Timeout (in minutes)' is present on page 

2020-04-17 16:19:20 - [TEST_STEP][PASSED] - verifyTextPresent("Maximum Historical Date (in months)", false): Text 'Maximum Historical Date (in months)' is present on page 

2020-04-17 16:19:20 - [MESSAGE][PASSED] - Text 'Maximum Historical Date (in months)' is present on page 

2020-04-17 16:19:20 - [TEST_STEP][PASSED] - verifyTextPresent("5", false): Text '5' is present on page 

2020-04-17 16:19:20 - [MESSAGE][PASSED] - Text '5' is present on page 

2020-04-17 16:19:20 - [TEST_STEP][PASSED] - "----------------------------------------------": null

2020-04-17 16:19:20 - [TEST_STEP][PASSED] - "----------------------------------------------": null

2020-04-17 16:19:20 - [TEST_STEP][PASSED] - verifyTextPresent("Vetting Status - Automated Reminders", false): Text 'Vetting Status - Automated Reminders' is present on page 

2020-04-17 16:19:20 - [MESSAGE][PASSED] - Text 'Vetting Status - Automated Reminders' is present on page 

2020-04-17 16:19:20 - [TEST_STEP][PASSED] - verifyTextPresent("SMS schedule (in days)", false): Text 'SMS schedule (in days)' is present on page 

2020-04-17 16:19:21 - [MESSAGE][PASSED] - Text 'SMS schedule (in days)' is present on page 

2020-04-17 16:19:21 - [TEST_STEP][PASSED] - verifyTextPresent("Email schedule (in days", false): Text 'Email schedule (in days' is present on page 

2020-04-17 16:19:21 - [MESSAGE][PASSED] - Text 'Email schedule (in days' is present on page 

2020-04-17 16:19:21 - [TEST_STEP][PASSED] - "----------------------------------------------": null

2020-04-17 16:19:21 - [TEST_STEP][PASSED] - "----------------------------------------------": null

2020-04-17 16:19:21 - [TEST_STEP][PASSED] - verifyTextPresent("Vetting Update - Automated Reminders", false): Text 'Vetting Update - Automated Reminders' is present on page 

2020-04-17 16:19:21 - [MESSAGE][PASSED] - Text 'Vetting Update - Automated Reminders' is present on page 

2020-04-17 16:19:21 - [TEST_STEP][PASSED] - verifyTextPresent("Vetting Paused - Automated Reminders", false): Text 'Vetting Paused - Automated Reminders' is present on page 

2020-04-17 16:19:21 - [MESSAGE][PASSED] - Text 'Vetting Paused - Automated Reminders' is present on page 

2020-04-17 16:19:21 - [TEST_STEP][PASSED] - verifyTextPresent("Vetting References - Automated Reminders", false): Text 'Vetting References - Automated Reminders' is present on page 

2020-04-17 16:19:22 - [MESSAGE][PASSED] - Text 'Vetting References - Automated Reminders' is present on page 

2020-04-17 16:19:22 - [MESSAGE][PASSED] - Call Test Case 'Test Cases/Reusable_Test_Sequences/Web_Office/Verification/Settings/Web_Office/Vetting_Settings' successfully

2020-04-17 16:19:22 - [TEST_STEP][PASSED] - "--------------------------": null

2020-04-17 16:19:22 - [TEST_STEP][PASSED] - " Teardown - CLose Browser |": null

2020-04-17 16:19:22 - [TEST_STEP][PASSED] - callTestCase(findTestCase("Reusable_Test_Sequences/CAT_Teardown"), [:], OPTIONAL): Call Test Case 'Test Cases/Reusable_Test_Sequences/CAT_Teardown' successfully

2020-04-17 16:19:22 - [TEST_CASE][PASSED] - Test Cases/Reusable_Test_Sequences/CAT_Teardown: Test Cases/Reusable_Test_Sequences/CAT_Teardown

2020-04-17 16:19:22 - [TEST_STEP][PASSED] - closeBrowser(): Browser is closed

2020-04-17 16:19:22 - [MESSAGE][PASSED] - Browser is closed

2020-04-17 16:19:22 - [TEST_STEP][PASSED] - super.finalize(): null

2020-04-17 16:19:22 - [TEST_STEP][PASSED] - System.gc(): null

2020-04-17 16:19:22 - [MESSAGE][PASSED] - Call Test Case 'Test Cases/Reusable_Test_Sequences/CAT_Teardown' successfully]]></system-out>
         <system-err><![CDATA[]]></system-err>
      </testcase>
      <testcase name="Test Cases/Web_Office/Settings/Web_Office/Membership_Settings" time="13.81" classname="Test Cases/Web_Office/Settings/Web_Office/Membership_Settings" status="PASSED">
         <system-out><![CDATA[2020-04-17 16:19:22 - [TEST_CASE][PASSED] - Test Cases/Web_Office/Settings/Web_Office/Membership_Settings: Test Cases/Web_Office/Settings/Web_Office/Membership_Settings

2020-04-17 16:19:23 - [TEST_STEP][PASSED] - "--------------------------------------": null

2020-04-17 16:19:23 - [TEST_STEP][PASSED] - " Web Office StartUp                  |": null

2020-04-17 16:19:23 - [TEST_STEP][PASSED] - callTestCase(findTestCase("Reusable_Test_Sequences/Web_Office/Directives/WebOffice_StartUp"), [:], STOP_ON_FAILURE): Call Test Case 'Test Cases/Reusable_Test_Sequences/Web_Office/Directives/WebOffice_StartUp' successfully

2020-04-17 16:19:23 - [TEST_CASE][PASSED] - Test Cases/Reusable_Test_Sequences/Web_Office/Directives/WebOffice_StartUp: Test Cases/Reusable_Test_Sequences/Web_Office/Directives/WebOffice_StartUp

2020-04-17 16:19:23 - [TEST_STEP][PASSED] - "-----------------------------------------------------------------------------": null

2020-04-17 16:19:23 - [TEST_STEP][PASSED] - if (URL == "https://www.dev.checkatrade.com/"): null

2020-04-17 16:19:23 - [TEST_STEP][PASSED] - "-----------------------------------------------------------------------------": null

2020-04-17 16:19:23 - [TEST_STEP][PASSED] - if (URL == "https://www.checkatrade.com/"): null

2020-04-17 16:19:23 - [TEST_STEP][PASSED] - "-----------------------------------------------------------------------------": null

2020-04-17 16:19:23 - [TEST_STEP][PASSED] - if (URL == "https://www.preview.checkatrade.com/"): null

2020-04-17 16:19:23 - [TEST_STEP][PASSED] - WebOfficeURL = "https://admin.preview.checkatrade.com/": null

2020-04-17 16:19:23 - [TEST_STEP][PASSED] - if (URL == "https://www.dev2.checkatrade.com/"): null

2020-04-17 16:19:23 - [TEST_STEP][PASSED] - "Set Function Area for "URL_Handler", URL Resolution": null

2020-04-17 16:19:23 - [TEST_STEP][PASSED] - "Do Some Magic with URL(s) See the comments within URL Handler ": null

2020-04-17 16:19:23 - [TEST_STEP][PASSED] - "------------------------------------------------": null

2020-04-17 16:19:23 - [TEST_STEP][PASSED] - "Moved Login Credentials to <Default> profile 22/01/2020": null

2020-04-17 16:19:23 - [TEST_STEP][PASSED] - "------------------------------------------------": null

2020-04-17 16:19:23 - [TEST_STEP][PASSED] - "WebOfficeURL - Set from the ENVIRONMENT PROFILE ": null

2020-04-17 16:19:23 - [TEST_STEP][PASSED] - "OPEN BROWSER": null

2020-04-17 16:19:23 - [TEST_STEP][PASSED] - "eg - https://admin.preview.checkatrade.com/  ": null

2020-04-17 16:19:23 - [TEST_STEP][PASSED] - openBrowser(WebOfficeURL): Browser is opened with url: 'https://admin.preview.checkatrade.com/'

2020-04-17 16:19:23 - [MESSAGE][INFO] - Starting 'Chrome' driver

2020-04-17 16:19:23 - [MESSAGE][INFO] - Action delay is set to 0 milliseconds

2020-04-17 16:19:27 - [MESSAGE][PASSED] - Browser is opened with url: 'https://admin.preview.checkatrade.com/'

2020-04-17 16:19:27 - [TEST_STEP][PASSED] - maximizeWindow(): Current window maximized

2020-04-17 16:19:29 - [MESSAGE][PASSED] - Current window maximized

2020-04-17 16:19:29 - [TEST_STEP][PASSED] - waitForElementClickable(findTestObject("Object Repository/WebOffice/Page_Checkatrade - Administration - Login/Login_Button"), 25): Object 'Object Repository/WebOffice/Page_Checkatrade - Administration - Login/Login_Button' is clickable

2020-04-17 16:19:29 - [MESSAGE][PASSED] - Object 'Object Repository/WebOffice/Page_Checkatrade - Administration - Login/Login_Button' is clickable

2020-04-17 16:19:29 - [TEST_STEP][PASSED] - verifyTextPresent("Checkatrade Web Office", false): Text 'Checkatrade Web Office' is present on page 

2020-04-17 16:19:30 - [MESSAGE][PASSED] - Text 'Checkatrade Web Office' is present on page 

2020-04-17 16:19:30 - [TEST_STEP][PASSED] - verifyTextPresent("Access for staff use only", false): Text 'Access for staff use only' is present on page 

2020-04-17 16:19:30 - [MESSAGE][PASSED] - Text 'Access for staff use only' is present on page 

2020-04-17 16:19:30 - [TEST_STEP][PASSED] - verifyTextPresent("Forgotten password?", false): Text 'Forgotten password?' is present on page 

2020-04-17 16:19:30 - [MESSAGE][PASSED] - Text 'Forgotten password?' is present on page 

2020-04-17 16:19:30 - [TEST_STEP][PASSED] - setText(findTestObject("Object Repository/WebOffice/Page_Checkatrade - Administration - Login/input_Username_LoginControlUserName"), wo_Username): Text 'DavidHo' is set on object 'Object Repository/WebOffice/Page_Checkatrade - Administration - Login/input_Username_LoginControlUserName'

2020-04-17 16:19:30 - [MESSAGE][PASSED] - Text 'DavidHo' is set on object 'Object Repository/WebOffice/Page_Checkatrade - Administration - Login/input_Username_LoginControlUserName'

2020-04-17 16:19:30 - [TEST_STEP][PASSED] - setText(findTestObject("Object Repository/WebOffice/Page_Checkatrade - Administration - Login/input_Password_LoginControlPassword"), wo_Password): Text 'Check123' is set on object 'Object Repository/WebOffice/Page_Checkatrade - Administration - Login/input_Password_LoginControlPassword'

2020-04-17 16:19:30 - [MESSAGE][PASSED] - Text 'Check123' is set on object 'Object Repository/WebOffice/Page_Checkatrade - Administration - Login/input_Password_LoginControlPassword'

2020-04-17 16:19:30 - [TEST_STEP][PASSED] - click(findTestObject("Object Repository/WebOffice/Page_Checkatrade - Administration - Login/Login_Button")): Object: 'Object Repository/WebOffice/Page_Checkatrade - Administration - Login/Login_Button' is clicked on

2020-04-17 16:19:31 - [MESSAGE][PASSED] - Object: 'Object Repository/WebOffice/Page_Checkatrade - Administration - Login/Login_Button' is clicked on

2020-04-17 16:19:31 - [TEST_STEP][PASSED] - waitForPageLoad(60): Wait for page load successfully

2020-04-17 16:19:31 - [MESSAGE][PASSED] - Wait for page load successfully

2020-04-17 16:19:31 - [TEST_STEP][PASSED] - verifyTextPresent("Welcome " + wo_Username, false): Text 'Welcome DavidHo' is present on page 

2020-04-17 16:19:31 - [MESSAGE][PASSED] - Text 'Welcome DavidHo' is present on page 

2020-04-17 16:19:31 - [MESSAGE][PASSED] - Call Test Case 'Test Cases/Reusable_Test_Sequences/Web_Office/Directives/WebOffice_StartUp' successfully

2020-04-17 16:19:31 - [TEST_STEP][PASSED] - "-----------------------------------------------------------------": null

2020-04-17 16:19:31 - [TEST_STEP][PASSED] - " Navigate to <Settings->Checkatrade.Com->Sub Item> Menu Item     |": null

2020-04-17 16:19:31 - [TEST_STEP][PASSED] - callTestCase(findTestCase("Reusable_Test_Sequences/Web_Office/Navigation/Sub_Menu_Navigation/Settings/Web_Office/Membership_Settings"), [:], STOP_ON_FAILURE): Call Test Case 'Test Cases/Reusable_Test_Sequences/Web_Office/Navigation/Sub_Menu_Navigation/Settings/Web_Office/Membership_Settings' successfully

2020-04-17 16:19:31 - [TEST_CASE][PASSED] - Test Cases/Reusable_Test_Sequences/Web_Office/Navigation/Sub_Menu_Navigation/Settings/Web_Office/Membership_Settings: Test Cases/Reusable_Test_Sequences/Web_Office/Navigation/Sub_Menu_Navigation/Settings/Web_Office/Membership_Settings

2020-04-17 16:19:32 - [TEST_STEP][PASSED] - "--------------------------------------": null

2020-04-17 16:19:32 - [TEST_STEP][PASSED] - " Navigate Top level menu Item         |": null

2020-04-17 16:19:32 - [TEST_STEP][PASSED] - waitForPageLoad(60): Wait for page load successfully

2020-04-17 16:19:32 - [MESSAGE][PASSED] - Wait for page load successfully

2020-04-17 16:19:32 - [TEST_STEP][PASSED] - waitForElementClickable(findTestObject("Object Repository/WebOffice_Home_page/a_Settings"), 60): Object 'Object Repository/WebOffice_Home_page/a_Settings' is clickable

2020-04-17 16:19:32 - [MESSAGE][PASSED] - Object 'Object Repository/WebOffice_Home_page/a_Settings' is clickable

2020-04-17 16:19:32 - [TEST_STEP][PASSED] - mouseOver(findTestObject("Object Repository/WebOffice_Home_page/a_Settings")): Object: 'Object Repository/WebOffice_Home_page/a_Settings' is hovered

2020-04-17 16:19:32 - [MESSAGE][PASSED] - Object: 'Object Repository/WebOffice_Home_page/a_Settings' is hovered

2020-04-17 16:19:32 - [TEST_STEP][PASSED] - mouseOver(findTestObject("Object Repository/WebOffice_Home_page/a_Web Office")): Object: 'Object Repository/WebOffice_Home_page/a_Web Office' is hovered

2020-04-17 16:19:32 - [MESSAGE][PASSED] - Object: 'Object Repository/WebOffice_Home_page/a_Web Office' is hovered

2020-04-17 16:19:32 - [TEST_STEP][PASSED] - waitForElementClickable(findTestObject("Object Repository/WebOffice_Home_page/a_Membership Settings"), 1): Object 'Object Repository/WebOffice_Home_page/a_Membership Settings' is clickable

2020-04-17 16:19:32 - [MESSAGE][PASSED] - Object 'Object Repository/WebOffice_Home_page/a_Membership Settings' is clickable

2020-04-17 16:19:32 - [TEST_STEP][PASSED] - click(findTestObject("Object Repository/WebOffice_Home_page/a_Membership Settings")): Object: 'Object Repository/WebOffice_Home_page/a_Membership Settings' is clicked on

2020-04-17 16:19:33 - [MESSAGE][PASSED] - Object: 'Object Repository/WebOffice_Home_page/a_Membership Settings' is clicked on

2020-04-17 16:19:33 - [MESSAGE][PASSED] - Call Test Case 'Test Cases/Reusable_Test_Sequences/Web_Office/Navigation/Sub_Menu_Navigation/Settings/Web_Office/Membership_Settings' successfully

2020-04-17 16:19:33 - [TEST_STEP][PASSED] - "--------------------------------------": null

2020-04-17 16:19:33 - [TEST_STEP][PASSED] - " Verify Returned Page Detail          |": null

2020-04-17 16:19:33 - [TEST_STEP][PASSED] - callTestCase(findTestCase("Reusable_Test_Sequences/Web_Office/Verification/Settings/Web_Office/Membership_Settings"), [:], OPTIONAL): Call Test Case 'Test Cases/Reusable_Test_Sequences/Web_Office/Verification/Settings/Web_Office/Membership_Settings' successfully

2020-04-17 16:19:33 - [TEST_CASE][PASSED] - Test Cases/Reusable_Test_Sequences/Web_Office/Verification/Settings/Web_Office/Membership_Settings: Test Cases/Reusable_Test_Sequences/Web_Office/Verification/Settings/Web_Office/Membership_Settings

2020-04-17 16:19:33 - [TEST_STEP][PASSED] - waitForPageLoad(60): Wait for page load successfully

2020-04-17 16:19:33 - [MESSAGE][PASSED] - Wait for page load successfully

2020-04-17 16:19:33 - [TEST_STEP][PASSED] - delay(1): Delayed 1 second(s)

2020-04-17 16:19:34 - [MESSAGE][PASSED] - Delayed 1 second(s)

2020-04-17 16:19:34 - [TEST_STEP][PASSED] - verifyTextPresent("Membership Settings", false): Text 'Membership Settings' is present on page 

2020-04-17 16:19:34 - [MESSAGE][PASSED] - Text 'Membership Settings' is present on page 

2020-04-17 16:19:34 - [TEST_STEP][PASSED] - "----------------------------------------------": null

2020-04-17 16:19:34 - [TEST_STEP][PASSED] - verifyTextPresent("Set how many months prior we should mark feedback as published for", false): Text 'Set how many months prior we should mark feedback as published for' is present on page 

2020-04-17 16:19:34 - [MESSAGE][PASSED] - Text 'Set how many months prior we should mark feedback as published for' is present on page 

2020-04-17 16:19:34 - [TEST_STEP][PASSED] - verifyTextPresent("Required rolling contract contacts to trigger paid membership", false): Text 'Required rolling contract contacts to trigger paid membership' is present on page 

2020-04-17 16:19:34 - [MESSAGE][PASSED] - Text 'Required rolling contract contacts to trigger paid membership' is present on page 

2020-04-17 16:19:34 - [TEST_STEP][PASSED] - verifyTextPresent("Required fixed contract contacts to trigger paid membership", false): Text 'Required fixed contract contacts to trigger paid membership' is present on page 

2020-04-17 16:19:35 - [MESSAGE][PASSED] - Text 'Required fixed contract contacts to trigger paid membership' is present on page 

2020-04-17 16:19:35 - [MESSAGE][PASSED] - Call Test Case 'Test Cases/Reusable_Test_Sequences/Web_Office/Verification/Settings/Web_Office/Membership_Settings' successfully

2020-04-17 16:19:35 - [TEST_STEP][PASSED] - "--------------------------": null

2020-04-17 16:19:35 - [TEST_STEP][PASSED] - " Teardown - CLose Browser |": null

2020-04-17 16:19:35 - [TEST_STEP][PASSED] - callTestCase(findTestCase("Reusable_Test_Sequences/CAT_Teardown"), [:], OPTIONAL): Call Test Case 'Test Cases/Reusable_Test_Sequences/CAT_Teardown' successfully

2020-04-17 16:19:35 - [TEST_CASE][PASSED] - Test Cases/Reusable_Test_Sequences/CAT_Teardown: Test Cases/Reusable_Test_Sequences/CAT_Teardown

2020-04-17 16:19:35 - [TEST_STEP][PASSED] - closeBrowser(): Browser is closed

2020-04-17 16:19:36 - [MESSAGE][PASSED] - Browser is closed

2020-04-17 16:19:36 - [TEST_STEP][PASSED] - super.finalize(): null

2020-04-17 16:19:36 - [TEST_STEP][PASSED] - System.gc(): null

2020-04-17 16:19:36 - [MESSAGE][PASSED] - Call Test Case 'Test Cases/Reusable_Test_Sequences/CAT_Teardown' successfully]]></system-out>
         <system-err><![CDATA[]]></system-err>
      </testcase>
      <testcase name="Test Cases/Web_Office/Settings/Web_Office/Company_Screen_Settings" time="13.679" classname="Test Cases/Web_Office/Settings/Web_Office/Company_Screen_Settings" status="PASSED">
         <system-out><![CDATA[2020-04-17 16:19:36 - [TEST_CASE][PASSED] - Test Cases/Web_Office/Settings/Web_Office/Company_Screen_Settings: Test Cases/Web_Office/Settings/Web_Office/Company_Screen_Settings

2020-04-17 16:19:37 - [TEST_STEP][PASSED] - "--------------------------------------": null

2020-04-17 16:19:37 - [TEST_STEP][PASSED] - " Web Office StartUp                  |": null

2020-04-17 16:19:37 - [TEST_STEP][PASSED] - callTestCase(findTestCase("Reusable_Test_Sequences/Web_Office/Directives/WebOffice_StartUp"), [:], STOP_ON_FAILURE): Call Test Case 'Test Cases/Reusable_Test_Sequences/Web_Office/Directives/WebOffice_StartUp' successfully

2020-04-17 16:19:37 - [TEST_CASE][PASSED] - Test Cases/Reusable_Test_Sequences/Web_Office/Directives/WebOffice_StartUp: Test Cases/Reusable_Test_Sequences/Web_Office/Directives/WebOffice_StartUp

2020-04-17 16:19:37 - [TEST_STEP][PASSED] - "-----------------------------------------------------------------------------": null

2020-04-17 16:19:37 - [TEST_STEP][PASSED] - if (URL == "https://www.dev.checkatrade.com/"): null

2020-04-17 16:19:37 - [TEST_STEP][PASSED] - "-----------------------------------------------------------------------------": null

2020-04-17 16:19:37 - [TEST_STEP][PASSED] - if (URL == "https://www.checkatrade.com/"): null

2020-04-17 16:19:37 - [TEST_STEP][PASSED] - "-----------------------------------------------------------------------------": null

2020-04-17 16:19:37 - [TEST_STEP][PASSED] - if (URL == "https://www.preview.checkatrade.com/"): null

2020-04-17 16:19:37 - [TEST_STEP][PASSED] - WebOfficeURL = "https://admin.preview.checkatrade.com/": null

2020-04-17 16:19:37 - [TEST_STEP][PASSED] - if (URL == "https://www.dev2.checkatrade.com/"): null

2020-04-17 16:19:37 - [TEST_STEP][PASSED] - "Set Function Area for "URL_Handler", URL Resolution": null

2020-04-17 16:19:37 - [TEST_STEP][PASSED] - "Do Some Magic with URL(s) See the comments within URL Handler ": null

2020-04-17 16:19:37 - [TEST_STEP][PASSED] - "------------------------------------------------": null

2020-04-17 16:19:37 - [TEST_STEP][PASSED] - "Moved Login Credentials to <Default> profile 22/01/2020": null

2020-04-17 16:19:37 - [TEST_STEP][PASSED] - "------------------------------------------------": null

2020-04-17 16:19:37 - [TEST_STEP][PASSED] - "WebOfficeURL - Set from the ENVIRONMENT PROFILE ": null

2020-04-17 16:19:37 - [TEST_STEP][PASSED] - "OPEN BROWSER": null

2020-04-17 16:19:37 - [TEST_STEP][PASSED] - "eg - https://admin.preview.checkatrade.com/  ": null

2020-04-17 16:19:37 - [TEST_STEP][PASSED] - openBrowser(WebOfficeURL): Browser is opened with url: 'https://admin.preview.checkatrade.com/'

2020-04-17 16:19:37 - [MESSAGE][INFO] - Starting 'Chrome' driver

2020-04-17 16:19:37 - [MESSAGE][INFO] - Action delay is set to 0 milliseconds

2020-04-17 16:19:43 - [MESSAGE][PASSED] - Browser is opened with url: 'https://admin.preview.checkatrade.com/'

2020-04-17 16:19:43 - [TEST_STEP][PASSED] - maximizeWindow(): Current window maximized

2020-04-17 16:19:45 - [MESSAGE][PASSED] - Current window maximized

2020-04-17 16:19:45 - [TEST_STEP][PASSED] - waitForElementClickable(findTestObject("Object Repository/WebOffice/Page_Checkatrade - Administration - Login/Login_Button"), 25): Object 'Object Repository/WebOffice/Page_Checkatrade - Administration - Login/Login_Button' is clickable

2020-04-17 16:19:45 - [MESSAGE][PASSED] - Object 'Object Repository/WebOffice/Page_Checkatrade - Administration - Login/Login_Button' is clickable

2020-04-17 16:19:45 - [TEST_STEP][PASSED] - verifyTextPresent("Checkatrade Web Office", false): Text 'Checkatrade Web Office' is present on page 

2020-04-17 16:19:45 - [MESSAGE][PASSED] - Text 'Checkatrade Web Office' is present on page 

2020-04-17 16:19:45 - [TEST_STEP][PASSED] - verifyTextPresent("Access for staff use only", false): Text 'Access for staff use only' is present on page 

2020-04-17 16:19:45 - [MESSAGE][PASSED] - Text 'Access for staff use only' is present on page 

2020-04-17 16:19:45 - [TEST_STEP][PASSED] - verifyTextPresent("Forgotten password?", false): Text 'Forgotten password?' is present on page 

2020-04-17 16:19:45 - [MESSAGE][PASSED] - Text 'Forgotten password?' is present on page 

2020-04-17 16:19:45 - [TEST_STEP][PASSED] - setText(findTestObject("Object Repository/WebOffice/Page_Checkatrade - Administration - Login/input_Username_LoginControlUserName"), wo_Username): Text 'DavidHo' is set on object 'Object Repository/WebOffice/Page_Checkatrade - Administration - Login/input_Username_LoginControlUserName'

2020-04-17 16:19:45 - [MESSAGE][PASSED] - Text 'DavidHo' is set on object 'Object Repository/WebOffice/Page_Checkatrade - Administration - Login/input_Username_LoginControlUserName'

2020-04-17 16:19:45 - [TEST_STEP][PASSED] - setText(findTestObject("Object Repository/WebOffice/Page_Checkatrade - Administration - Login/input_Password_LoginControlPassword"), wo_Password): Text 'Check123' is set on object 'Object Repository/WebOffice/Page_Checkatrade - Administration - Login/input_Password_LoginControlPassword'

2020-04-17 16:19:45 - [MESSAGE][PASSED] - Text 'Check123' is set on object 'Object Repository/WebOffice/Page_Checkatrade - Administration - Login/input_Password_LoginControlPassword'

2020-04-17 16:19:45 - [TEST_STEP][PASSED] - click(findTestObject("Object Repository/WebOffice/Page_Checkatrade - Administration - Login/Login_Button")): Object: 'Object Repository/WebOffice/Page_Checkatrade - Administration - Login/Login_Button' is clicked on

2020-04-17 16:19:46 - [MESSAGE][PASSED] - Object: 'Object Repository/WebOffice/Page_Checkatrade - Administration - Login/Login_Button' is clicked on

2020-04-17 16:19:46 - [TEST_STEP][PASSED] - waitForPageLoad(60): Wait for page load successfully

2020-04-17 16:19:46 - [MESSAGE][PASSED] - Wait for page load successfully

2020-04-17 16:19:46 - [TEST_STEP][PASSED] - verifyTextPresent("Welcome " + wo_Username, false): Text 'Welcome DavidHo' is present on page 

2020-04-17 16:19:46 - [MESSAGE][PASSED] - Text 'Welcome DavidHo' is present on page 

2020-04-17 16:19:46 - [MESSAGE][PASSED] - Call Test Case 'Test Cases/Reusable_Test_Sequences/Web_Office/Directives/WebOffice_StartUp' successfully

2020-04-17 16:19:46 - [TEST_STEP][PASSED] - "-----------------------------------------------------------------": null

2020-04-17 16:19:46 - [TEST_STEP][PASSED] - " Navigate to <Settings->Checkatrade.Com->Sub Item> Menu Item     |": null

2020-04-17 16:19:46 - [TEST_STEP][PASSED] - callTestCase(findTestCase("Reusable_Test_Sequences/Web_Office/Navigation/Sub_Menu_Navigation/Settings/Web_Office/Membership_Settings"), [:], STOP_ON_FAILURE): Call Test Case 'Test Cases/Reusable_Test_Sequences/Web_Office/Navigation/Sub_Menu_Navigation/Settings/Web_Office/Membership_Settings' successfully

2020-04-17 16:19:47 - [TEST_CASE][PASSED] - Test Cases/Reusable_Test_Sequences/Web_Office/Navigation/Sub_Menu_Navigation/Settings/Web_Office/Membership_Settings: Test Cases/Reusable_Test_Sequences/Web_Office/Navigation/Sub_Menu_Navigation/Settings/Web_Office/Membership_Settings

2020-04-17 16:19:47 - [TEST_STEP][PASSED] - "--------------------------------------": null

2020-04-17 16:19:47 - [TEST_STEP][PASSED] - " Navigate Top level menu Item         |": null

2020-04-17 16:19:47 - [TEST_STEP][PASSED] - waitForPageLoad(60): Wait for page load successfully

2020-04-17 16:19:47 - [MESSAGE][PASSED] - Wait for page load successfully

2020-04-17 16:19:47 - [TEST_STEP][PASSED] - waitForElementClickable(findTestObject("Object Repository/WebOffice_Home_page/a_Settings"), 60): Object 'Object Repository/WebOffice_Home_page/a_Settings' is clickable

2020-04-17 16:19:47 - [MESSAGE][PASSED] - Object 'Object Repository/WebOffice_Home_page/a_Settings' is clickable

2020-04-17 16:19:47 - [TEST_STEP][PASSED] - mouseOver(findTestObject("Object Repository/WebOffice_Home_page/a_Settings")): Object: 'Object Repository/WebOffice_Home_page/a_Settings' is hovered

2020-04-17 16:19:47 - [MESSAGE][PASSED] - Object: 'Object Repository/WebOffice_Home_page/a_Settings' is hovered

2020-04-17 16:19:47 - [TEST_STEP][PASSED] - mouseOver(findTestObject("Object Repository/WebOffice_Home_page/a_Web Office")): Object: 'Object Repository/WebOffice_Home_page/a_Web Office' is hovered

2020-04-17 16:19:47 - [MESSAGE][PASSED] - Object: 'Object Repository/WebOffice_Home_page/a_Web Office' is hovered

2020-04-17 16:19:47 - [TEST_STEP][PASSED] - waitForElementClickable(findTestObject("Object Repository/WebOffice_Home_page/a_Membership Settings"), 1): Object 'Object Repository/WebOffice_Home_page/a_Membership Settings' is clickable

2020-04-17 16:19:47 - [MESSAGE][PASSED] - Object 'Object Repository/WebOffice_Home_page/a_Membership Settings' is clickable

2020-04-17 16:19:47 - [TEST_STEP][PASSED] - click(findTestObject("Object Repository/WebOffice_Home_page/a_Membership Settings")): Object: 'Object Repository/WebOffice_Home_page/a_Membership Settings' is clicked on

2020-04-17 16:19:47 - [MESSAGE][PASSED] - Object: 'Object Repository/WebOffice_Home_page/a_Membership Settings' is clicked on

2020-04-17 16:19:47 - [MESSAGE][PASSED] - Call Test Case 'Test Cases/Reusable_Test_Sequences/Web_Office/Navigation/Sub_Menu_Navigation/Settings/Web_Office/Membership_Settings' successfully

2020-04-17 16:19:47 - [TEST_STEP][PASSED] - "--------------------------------------": null

2020-04-17 16:19:47 - [TEST_STEP][PASSED] - " Verify Returned Page Detail          |": null

2020-04-17 16:19:47 - [TEST_STEP][PASSED] - callTestCase(findTestCase("Reusable_Test_Sequences/Web_Office/Verification/Settings/Web_Office/Membership_Settings"), [:], OPTIONAL): Call Test Case 'Test Cases/Reusable_Test_Sequences/Web_Office/Verification/Settings/Web_Office/Membership_Settings' successfully

2020-04-17 16:19:47 - [TEST_CASE][PASSED] - Test Cases/Reusable_Test_Sequences/Web_Office/Verification/Settings/Web_Office/Membership_Settings: Test Cases/Reusable_Test_Sequences/Web_Office/Verification/Settings/Web_Office/Membership_Settings

2020-04-17 16:19:48 - [TEST_STEP][PASSED] - waitForPageLoad(60): Wait for page load successfully

2020-04-17 16:19:48 - [MESSAGE][PASSED] - Wait for page load successfully

2020-04-17 16:19:48 - [TEST_STEP][PASSED] - delay(1): Delayed 1 second(s)

2020-04-17 16:19:49 - [MESSAGE][PASSED] - Delayed 1 second(s)

2020-04-17 16:19:49 - [TEST_STEP][PASSED] - verifyTextPresent("Membership Settings", false): Text 'Membership Settings' is present on page 

2020-04-17 16:19:49 - [MESSAGE][PASSED] - Text 'Membership Settings' is present on page 

2020-04-17 16:19:49 - [TEST_STEP][PASSED] - "----------------------------------------------": null

2020-04-17 16:19:49 - [TEST_STEP][PASSED] - verifyTextPresent("Set how many months prior we should mark feedback as published for", false): Text 'Set how many months prior we should mark feedback as published for' is present on page 

2020-04-17 16:19:49 - [MESSAGE][PASSED] - Text 'Set how many months prior we should mark feedback as published for' is present on page 

2020-04-17 16:19:49 - [TEST_STEP][PASSED] - verifyTextPresent("Required rolling contract contacts to trigger paid membership", false): Text 'Required rolling contract contacts to trigger paid membership' is present on page 

2020-04-17 16:19:49 - [MESSAGE][PASSED] - Text 'Required rolling contract contacts to trigger paid membership' is present on page 

2020-04-17 16:19:49 - [TEST_STEP][PASSED] - verifyTextPresent("Required fixed contract contacts to trigger paid membership", false): Text 'Required fixed contract contacts to trigger paid membership' is present on page 

2020-04-17 16:19:49 - [MESSAGE][PASSED] - Text 'Required fixed contract contacts to trigger paid membership' is present on page 

2020-04-17 16:19:49 - [MESSAGE][PASSED] - Call Test Case 'Test Cases/Reusable_Test_Sequences/Web_Office/Verification/Settings/Web_Office/Membership_Settings' successfully

2020-04-17 16:19:49 - [TEST_STEP][PASSED] - "--------------------------": null

2020-04-17 16:19:49 - [TEST_STEP][PASSED] - " Teardown - CLose Browser |": null

2020-04-17 16:19:49 - [TEST_STEP][PASSED] - callTestCase(findTestCase("Reusable_Test_Sequences/CAT_Teardown"), [:], OPTIONAL): Call Test Case 'Test Cases/Reusable_Test_Sequences/CAT_Teardown' successfully

2020-04-17 16:19:49 - [TEST_CASE][PASSED] - Test Cases/Reusable_Test_Sequences/CAT_Teardown: Test Cases/Reusable_Test_Sequences/CAT_Teardown

2020-04-17 16:19:49 - [TEST_STEP][PASSED] - closeBrowser(): Browser is closed

2020-04-17 16:19:50 - [MESSAGE][PASSED] - Browser is closed

2020-04-17 16:19:50 - [TEST_STEP][PASSED] - super.finalize(): null

2020-04-17 16:19:50 - [TEST_STEP][PASSED] - System.gc(): null

2020-04-17 16:19:50 - [MESSAGE][PASSED] - Call Test Case 'Test Cases/Reusable_Test_Sequences/CAT_Teardown' successfully]]></system-out>
         <system-err><![CDATA[]]></system-err>
      </testcase>
      <system-out><![CDATA[2020-04-17 16:11:35 - [TEST_SUITE][PASSED] - Web_Office_Settings_Web_Office: Test Cases/Web_Office/Settings/Web_Office/Company_Screen_Settings]]></system-out>
      <system-err><![CDATA[]]></system-err>
   </testsuite>
</testsuites>
