<?xml version="1.0" encoding="UTF-8"?>
<testsuites name="Web_Office_Searches" time="509.895" tests="3" failures="0" errors="0">
   <testsuite name="Web_Office_Searches" tests="3" failures="0" errors="0" time="509.895" timestamp="2020-04-27 11:36:43" hostname="DavidHo - 192.168.1.237" id="Test Suites/Web_Office_Searches">
      <properties>
         <property name="deviceName" value=""/>
         <property name="devicePlatform" value=""/>
         <property name="logFolder" value="C:\\Users\\davidho\\git\\src\\Reports\\20200427_112251\\Web_Office_Searches\\20200427_112259"/>
         <property name="logFiles" value="C:\\Users\\davidho\\git\\src\\Reports\\20200427_112251\\Web_Office_Searches\\20200427_112259\\execution0.log"/>
         <property name="attachments" value=""/>
         <property name="hostName" value="DavidHo - 192.168.1.237"/>
         <property name="os" value="Windows 10 32bit"/>
         <property name="katalonVersion" value="7.4.0.1"/>
         <property name="browser" value="Chrome 81.0.4044.122"/>
         <property name="hostAddress" value="192.168.1.237"/>
         <property name="sessionId" value="914c1faf411c4e4b082df65299784b2e"/>
         <property name="seleniumVersion" value="3.141.59"/>
         <property name="proxyInformation" value="ProxyInformation{proxyOption=NO_PROXY, proxyServerType=HTTP, password=, proxyServerAddress=, proxyServerPort=0, executionList=}"/>
         <property name="platform" value="Windows 10"/>
      </properties>
      <testcase name="Test Cases/Web_Office/WebOffice_Companies_Advanced_Search" time="209.052" classname="Test Cases/Web_Office/WebOffice_Companies_Advanced_Search" status="PASSED">
         <system-out><![CDATA[2020-04-27 11:36:44 - [TEST_CASE][PASSED] - Test Cases/Web_Office/WebOffice_Companies_Advanced_Search: Test Cases/Web_Office/WebOffice_Companies_Advanced_Search

2020-04-27 11:36:44 - [TEST_STEP][PASSED] - for ([row = 1, row <= findTestData("Data Files/Advance_Company_Search_Data").getRowNumbers(), (internal.GlobalVariable.row++)]): Call Test Case 'Test Cases/Reusable_Test_Sequences/CAT_Teardown' successfully

2020-04-27 11:36:47 - [TEST_STEP][PASSED] - "--------------------------------------": null

2020-04-27 11:36:47 - [TEST_STEP][PASSED] - " Web Office StartUp                  |": null

2020-04-27 11:36:47 - [TEST_STEP][PASSED] - callTestCase(findTestCase("Reusable_Test_Sequences/Web_Office/Directives/WebOffice_StartUp"), [:], STOP_ON_FAILURE): Call Test Case 'Test Cases/Reusable_Test_Sequences/Web_Office/Directives/WebOffice_StartUp' successfully

2020-04-27 11:36:47 - [TEST_CASE][PASSED] - Test Cases/Reusable_Test_Sequences/Web_Office/Directives/WebOffice_StartUp: Test Cases/Reusable_Test_Sequences/Web_Office/Directives/WebOffice_StartUp

2020-04-27 11:36:47 - [TEST_STEP][PASSED] - "-----------------------------------------------------------------------------": null

2020-04-27 11:36:47 - [TEST_STEP][PASSED] - if (URL == "https://www.dev.checkatrade.com/"): null

2020-04-27 11:36:47 - [TEST_STEP][PASSED] - "-----------------------------------------------------------------------------": null

2020-04-27 11:36:47 - [TEST_STEP][PASSED] - if (URL == "https://www.checkatrade.com/"): null

2020-04-27 11:36:47 - [TEST_STEP][PASSED] - "-----------------------------------------------------------------------------": null

2020-04-27 11:36:47 - [TEST_STEP][PASSED] - if (URL == "https://www.preview.checkatrade.com/"): null

2020-04-27 11:36:47 - [TEST_STEP][PASSED] - WebOfficeURL = "https://admin.preview.checkatrade.com/": null

2020-04-27 11:36:47 - [TEST_STEP][PASSED] - if (URL == "https://www.dev2.checkatrade.com/"): null

2020-04-27 11:36:47 - [TEST_STEP][PASSED] - "Set Function Area for "URL_Handler", URL Resolution": null

2020-04-27 11:36:47 - [TEST_STEP][PASSED] - "Do Some Magic with URL(s) See the comments within URL Handler ": null

2020-04-27 11:36:47 - [TEST_STEP][PASSED] - "------------------------------------------------": null

2020-04-27 11:36:47 - [TEST_STEP][PASSED] - "Moved Login Credentials to <Default> profile 22/01/2020": null

2020-04-27 11:36:47 - [TEST_STEP][PASSED] - "------------------------------------------------": null

2020-04-27 11:36:47 - [TEST_STEP][PASSED] - "WebOfficeURL - Set from the ENVIRONMENT PROFILE ": null

2020-04-27 11:36:47 - [TEST_STEP][PASSED] - "OPEN BROWSER": null

2020-04-27 11:36:47 - [TEST_STEP][PASSED] - "eg - https://admin.preview.checkatrade.com/  ": null

2020-04-27 11:36:47 - [TEST_STEP][PASSED] - openBrowser(WebOfficeURL): Browser is opened with url: 'https://admin.preview.checkatrade.com/'

2020-04-27 11:36:47 - [MESSAGE][INFO] - Starting 'Chrome' driver

2020-04-27 11:36:47 - [MESSAGE][INFO] - Action delay is set to 0 milliseconds

2020-04-27 11:36:53 - [MESSAGE][PASSED] - Browser is opened with url: 'https://admin.preview.checkatrade.com/'

2020-04-27 11:36:53 - [TEST_STEP][PASSED] - maximizeWindow(): Current window maximized

2020-04-27 11:36:56 - [MESSAGE][PASSED] - Current window maximized

2020-04-27 11:36:56 - [TEST_STEP][PASSED] - waitForElementClickable(findTestObject("Object Repository/WebOffice/Page_Checkatrade - Administration - Login/Login_Button"), 25): Object 'Object Repository/WebOffice/Page_Checkatrade - Administration - Login/Login_Button' is clickable

2020-04-27 11:36:56 - [MESSAGE][PASSED] - Object 'Object Repository/WebOffice/Page_Checkatrade - Administration - Login/Login_Button' is clickable

2020-04-27 11:36:56 - [TEST_STEP][PASSED] - verifyTextPresent("Checkatrade Web Office", false): Text 'Checkatrade Web Office' is present on page 

2020-04-27 11:36:56 - [MESSAGE][PASSED] - Text 'Checkatrade Web Office' is present on page 

2020-04-27 11:36:56 - [TEST_STEP][PASSED] - verifyTextPresent("Access for staff use only", false): Text 'Access for staff use only' is present on page 

2020-04-27 11:36:56 - [MESSAGE][PASSED] - Text 'Access for staff use only' is present on page 

2020-04-27 11:36:56 - [TEST_STEP][PASSED] - verifyTextPresent("Forgotten password?", false): Text 'Forgotten password?' is present on page 

2020-04-27 11:36:56 - [MESSAGE][PASSED] - Text 'Forgotten password?' is present on page 

2020-04-27 11:36:56 - [TEST_STEP][PASSED] - setText(findTestObject("Object Repository/WebOffice/Page_Checkatrade - Administration - Login/input_Username_LoginControlUserName"), wo_Username): Text 'DavidHo' is set on object 'Object Repository/WebOffice/Page_Checkatrade - Administration - Login/input_Username_LoginControlUserName'

2020-04-27 11:36:56 - [MESSAGE][PASSED] - Text 'DavidHo' is set on object 'Object Repository/WebOffice/Page_Checkatrade - Administration - Login/input_Username_LoginControlUserName'

2020-04-27 11:36:56 - [TEST_STEP][PASSED] - setText(findTestObject("Object Repository/WebOffice/Page_Checkatrade - Administration - Login/input_Password_LoginControlPassword"), wo_Password): Text 'Check123' is set on object 'Object Repository/WebOffice/Page_Checkatrade - Administration - Login/input_Password_LoginControlPassword'

2020-04-27 11:36:57 - [MESSAGE][PASSED] - Text 'Check123' is set on object 'Object Repository/WebOffice/Page_Checkatrade - Administration - Login/input_Password_LoginControlPassword'

2020-04-27 11:36:57 - [TEST_STEP][PASSED] - click(findTestObject("Object Repository/WebOffice/Page_Checkatrade - Administration - Login/Login_Button")): Object: 'Object Repository/WebOffice/Page_Checkatrade - Administration - Login/Login_Button' is clicked on

2020-04-27 11:36:58 - [MESSAGE][PASSED] - Object: 'Object Repository/WebOffice/Page_Checkatrade - Administration - Login/Login_Button' is clicked on

2020-04-27 11:36:58 - [TEST_STEP][PASSED] - waitForPageLoad(60): Wait for page load successfully

2020-04-27 11:36:58 - [MESSAGE][PASSED] - Wait for page load successfully

2020-04-27 11:36:58 - [TEST_STEP][PASSED] - verifyTextPresent("Welcome " + wo_Username, false): Text 'Welcome DavidHo' is present on page 

2020-04-27 11:36:58 - [MESSAGE][PASSED] - Text 'Welcome DavidHo' is present on page 

2020-04-27 11:36:58 - [MESSAGE][PASSED] - Call Test Case 'Test Cases/Reusable_Test_Sequences/Web_Office/Directives/WebOffice_StartUp' successfully

2020-04-27 11:36:58 - [TEST_STEP][PASSED] - "--------------------------------------": null

2020-04-27 11:36:58 - [TEST_STEP][PASSED] - " Navigate to <Companies> Menu Item    |": null

2020-04-27 11:36:58 - [TEST_STEP][PASSED] - callTestCase(findTestCase("Reusable_Test_Sequences/Web_Office/navigation/Navigate_Advanced_Company_Search"), [:], STOP_ON_FAILURE): Call Test Case 'Test Cases/Reusable_Test_Sequences/Web_Office/navigation/Navigate_Advanced_Company_Search' successfully

2020-04-27 11:36:58 - [TEST_CASE][PASSED] - Test Cases/Reusable_Test_Sequences/Web_Office/navigation/Navigate_Advanced_Company_Search: Test Cases/Reusable_Test_Sequences/Web_Office/navigation/Navigate_Advanced_Company_Search

2020-04-27 11:36:59 - [TEST_STEP][PASSED] - "--------------------------------------": null

2020-04-27 11:36:59 - [TEST_STEP][PASSED] - " Navigate Top level menu Item         |": null

2020-04-27 11:36:59 - [TEST_STEP][PASSED] - waitForPageLoad(60): Wait for page load successfully

2020-04-27 11:36:59 - [MESSAGE][PASSED] - Wait for page load successfully

2020-04-27 11:36:59 - [TEST_STEP][PASSED] - waitForElementClickable(findTestObject("Object Repository/WebOffice_Home_page/a_Companies"), 60): Object 'Object Repository/WebOffice_Home_page/a_Companies' is clickable

2020-04-27 11:36:59 - [MESSAGE][PASSED] - Object 'Object Repository/WebOffice_Home_page/a_Companies' is clickable

2020-04-27 11:36:59 - [TEST_STEP][PASSED] - mouseOver(findTestObject("Object Repository/WebOffice_Home_page/a_Companies")): Object: 'Object Repository/WebOffice_Home_page/a_Companies' is hovered

2020-04-27 11:36:59 - [MESSAGE][PASSED] - Object: 'Object Repository/WebOffice_Home_page/a_Companies' is hovered

2020-04-27 11:36:59 - [TEST_STEP][PASSED] - waitForElementClickable(findTestObject("Object Repository/WebOffice_Home_page/a_Company_Advanced_Search"), 1): Object 'Object Repository/WebOffice_Home_page/a_Company_Advanced_Search' is clickable

2020-04-27 11:36:59 - [MESSAGE][PASSED] - Object 'Object Repository/WebOffice_Home_page/a_Company_Advanced_Search' is clickable

2020-04-27 11:36:59 - [TEST_STEP][PASSED] - click(findTestObject("Object Repository/WebOffice_Home_page/a_Company_Advanced_Search")): Object: 'Object Repository/WebOffice_Home_page/a_Company_Advanced_Search' is clicked on

2020-04-27 11:37:01 - [MESSAGE][PASSED] - Object: 'Object Repository/WebOffice_Home_page/a_Company_Advanced_Search' is clicked on

2020-04-27 11:37:01 - [MESSAGE][PASSED] - Call Test Case 'Test Cases/Reusable_Test_Sequences/Web_Office/navigation/Navigate_Advanced_Company_Search' successfully

2020-04-27 11:37:01 - [TEST_STEP][PASSED] - "--------------------------------------": null

2020-04-27 11:37:01 - [TEST_STEP][PASSED] - " LH Pane  - Apply Search Criteria     |": null

2020-04-27 11:37:01 - [TEST_STEP][PASSED] - callTestCase(findTestCase("Reusable_Test_Sequences/Web_Office/Actions/Set_Advanced_Company_Data"), [:], STOP_ON_FAILURE): Call Test Case 'Test Cases/Reusable_Test_Sequences/Web_Office/Actions/Set_Advanced_Company_Data' successfully

2020-04-27 11:37:02 - [TEST_CASE][PASSED] - Test Cases/Reusable_Test_Sequences/Web_Office/Actions/Set_Advanced_Company_Data: Test Cases/Reusable_Test_Sequences/Web_Office/Actions/Set_Advanced_Company_Data

2020-04-27 11:37:02 - [TEST_STEP][PASSED] - "--------------------------------": null

2020-04-27 11:37:02 - [TEST_STEP][PASSED] - "Read data from spreadsheet      |": null

2020-04-27 11:37:02 - [TEST_STEP][PASSED] - data = findTestData("Data Files/Advance_Company_Search_Data"): null

2020-04-27 11:37:02 - [TEST_STEP][PASSED] - Trader_ID = data.getValue("Trader_ID", row): null

2020-04-27 11:37:02 - [TEST_STEP][PASSED] - Limited_Company_Number = data.getValue("Limited_Company_Number", row): null

2020-04-27 11:37:02 - [TEST_STEP][PASSED] - Company_Name = data.getValue("Company_Name", row): null

2020-04-27 11:37:02 - [TEST_STEP][PASSED] - Owner_Surname = data.getValue("Owner_Surname", row): null

2020-04-27 11:37:02 - [TEST_STEP][PASSED] - Owner_DOB = data.getValue("Owner_DOB", row): null

2020-04-27 11:37:02 - [TEST_STEP][PASSED] - Name_House = data.getValue("Name_House", row): null

2020-04-27 11:37:02 - [TEST_STEP][PASSED] - Number_Street = data.getValue("Number_Street", row): null

2020-04-27 11:37:02 - [TEST_STEP][PASSED] - Town = data.getValue("Town", row): null

2020-04-27 11:37:02 - [TEST_STEP][PASSED] - City = data.getValue("City", row): null

2020-04-27 11:37:02 - [TEST_STEP][PASSED] - County = data.getValue("County", row): null

2020-04-27 11:37:02 - [TEST_STEP][PASSED] - Postcode = data.getValue("Postcode", row): null

2020-04-27 11:37:02 - [TEST_STEP][PASSED] - Tel = data.getValue("Tel", row): null

2020-04-27 11:37:02 - [TEST_STEP][PASSED] - Email = data.getValue("Email", row): null

2020-04-27 11:37:02 - [TEST_STEP][PASSED] - "slack": null

2020-04-27 11:37:02 - [TEST_STEP][PASSED] - "--------------------------------": null

2020-04-27 11:37:02 - [TEST_STEP][PASSED] - " Synchronisation                |": null

2020-04-27 11:37:02 - [TEST_STEP][PASSED] - waitForPageLoad(60): Wait for page load successfully

2020-04-27 11:37:02 - [MESSAGE][PASSED] - Wait for page load successfully

2020-04-27 11:37:02 - [TEST_STEP][PASSED] - waitForElementVisible(findTestObject("Web_Office_Advanced_Company_Search/Page_/input_Clear_ctl00ctl00CP1ctlSearchbtnSearch"), 60): Object 'Object Repository/Web_Office_Advanced_Company_Search/Page_/input_Clear_ctl00ctl00CP1ctlSearchbtnSearch' is visible

2020-04-27 11:37:02 - [MESSAGE][PASSED] - Object 'Object Repository/Web_Office_Advanced_Company_Search/Page_/input_Clear_ctl00ctl00CP1ctlSearchbtnSearch' is visible

2020-04-27 11:37:02 - [TEST_STEP][PASSED] - "https://admin.preview.checkatrade.com/Companies/Search.aspx": null

2020-04-27 11:37:02 - [TEST_STEP][PASSED] - "-------------------------------------------------------------------------------------------------------------------------------------": null

2020-04-27 11:37:02 - [TEST_STEP][PASSED] - setText(findTestObject("Web_Office_Advanced_Company_Search/Page_/table_Trader ID"), Trader_ID): Text '280592' is set on object 'Object Repository/Web_Office_Advanced_Company_Search/Page_/table_Trader ID'

2020-04-27 11:37:03 - [MESSAGE][PASSED] - Text '280592' is set on object 'Object Repository/Web_Office_Advanced_Company_Search/Page_/table_Trader ID'

2020-04-27 11:37:03 - [TEST_STEP][PASSED] - "-------------------------------------------------------------------------------------------------------------------------------------": null

2020-04-27 11:37:03 - [TEST_STEP][PASSED] - setText(findTestObject("Web_Office_Advanced_Company_Search/Page_/input_Limited Company Number"), Limited_Company_Number): Text '' is set on object 'Object Repository/Web_Office_Advanced_Company_Search/Page_/input_Limited Company Number'

2020-04-27 11:37:03 - [MESSAGE][PASSED] - Text '' is set on object 'Object Repository/Web_Office_Advanced_Company_Search/Page_/input_Limited Company Number'

2020-04-27 11:37:03 - [TEST_STEP][PASSED] - "-------------------------------------------------------------------------------------------------------------------------------------": null

2020-04-27 11:37:03 - [TEST_STEP][PASSED] - setText(findTestObject("Web_Office_Advanced_Company_Search/Page_/input_Company Name"), Company_Name): Text '' is set on object 'Object Repository/Web_Office_Advanced_Company_Search/Page_/input_Company Name'

2020-04-27 11:37:03 - [MESSAGE][PASSED] - Text '' is set on object 'Object Repository/Web_Office_Advanced_Company_Search/Page_/input_Company Name'

2020-04-27 11:37:03 - [TEST_STEP][PASSED] - "-------------------------------------------------------------------------------------------------------------------------------------": null

2020-04-27 11:37:03 - [TEST_STEP][PASSED] - "Set Owner_Date of Birth": null

2020-04-27 11:37:03 - [TEST_STEP][PASSED] - "-------------------------------------------------------------------------------------------------------------------------------------": null

2020-04-27 11:37:03 - [TEST_STEP][PASSED] - setText(findTestObject("Web_Office_Advanced_Company_Search/Page_/input_Owner Surname"), Owner_Surname): Text 'Brown' is set on object 'Object Repository/Web_Office_Advanced_Company_Search/Page_/input_Owner Surname'

2020-04-27 11:37:04 - [MESSAGE][PASSED] - Text 'Brown' is set on object 'Object Repository/Web_Office_Advanced_Company_Search/Page_/input_Owner Surname'

2020-04-27 11:37:04 - [TEST_STEP][PASSED] - "-------------------------------------------------------------------------------------------------------------------------------------": null

2020-04-27 11:37:04 - [TEST_STEP][PASSED] - setText(findTestObject("Web_Office_Advanced_Company_Search/Page_/input_Name Of House"), Name_House): Text '' is set on object 'Object Repository/Web_Office_Advanced_Company_Search/Page_/input_Name Of House'

2020-04-27 11:37:04 - [MESSAGE][PASSED] - Text '' is set on object 'Object Repository/Web_Office_Advanced_Company_Search/Page_/input_Name Of House'

2020-04-27 11:37:04 - [TEST_STEP][PASSED] - "-------------------------------------------------------------------------------------------------------------------------------------": null

2020-04-27 11:37:04 - [TEST_STEP][PASSED] - "Set Street": null

2020-04-27 11:37:04 - [TEST_STEP][PASSED] - "-------------------------------------------------------------------------------------------------------------------------------------": null

2020-04-27 11:37:04 - [TEST_STEP][PASSED] - setText(findTestObject("Web_Office_Advanced_Company_Search/Page_/input_Town"), Town): Text '' is set on object 'Object Repository/Web_Office_Advanced_Company_Search/Page_/input_Town'

2020-04-27 11:37:04 - [MESSAGE][PASSED] - Text '' is set on object 'Object Repository/Web_Office_Advanced_Company_Search/Page_/input_Town'

2020-04-27 11:37:04 - [TEST_STEP][PASSED] - "-------------------------------------------------------------------------------------------------------------------------------------": null

2020-04-27 11:37:04 - [TEST_STEP][PASSED] - setText(findTestObject("Web_Office_Advanced_Company_Search/Page_/input_City"), City): Text 'Haywards Heath' is set on object 'Object Repository/Web_Office_Advanced_Company_Search/Page_/input_City'

2020-04-27 11:37:05 - [MESSAGE][PASSED] - Text 'Haywards Heath' is set on object 'Object Repository/Web_Office_Advanced_Company_Search/Page_/input_City'

2020-04-27 11:37:05 - [TEST_STEP][PASSED] - "-------------------------------------------------------------------------------------------------------------------------------------": null

2020-04-27 11:37:05 - [TEST_STEP][PASSED] - setText(findTestObject("Web_Office_Advanced_Company_Search/Page_/input_County"), County): Text 'West Sussex' is set on object 'Object Repository/Web_Office_Advanced_Company_Search/Page_/input_County'

2020-04-27 11:37:06 - [MESSAGE][PASSED] - Text 'West Sussex' is set on object 'Object Repository/Web_Office_Advanced_Company_Search/Page_/input_County'

2020-04-27 11:37:06 - [TEST_STEP][PASSED] - "-------------------------------------------------------------------------------------------------------------------------------------": null

2020-04-27 11:37:06 - [TEST_STEP][PASSED] - setText(findTestObject("Web_Office_Advanced_Company_Search/Page_/input_Postcode"), Postcode): Text 'RH16 4ER' is set on object 'Object Repository/Web_Office_Advanced_Company_Search/Page_/input_Postcode'

2020-04-27 11:37:06 - [MESSAGE][PASSED] - Text 'RH16 4ER' is set on object 'Object Repository/Web_Office_Advanced_Company_Search/Page_/input_Postcode'

2020-04-27 11:37:06 - [TEST_STEP][PASSED] - "-------------------------------------------------------------------------------------------------------------------------------------": null

2020-04-27 11:37:06 - [TEST_STEP][PASSED] - setText(findTestObject("Web_Office_Advanced_Company_Search/Page_/input_Telephone"), Tel): Text '01444 657789' is set on object 'Object Repository/Web_Office_Advanced_Company_Search/Page_/input_Telephone'

2020-04-27 11:37:07 - [MESSAGE][PASSED] - Text '01444 657789' is set on object 'Object Repository/Web_Office_Advanced_Company_Search/Page_/input_Telephone'

2020-04-27 11:37:07 - [TEST_STEP][PASSED] - "-------------------------------------------------------------------------------------------------------------------------------------": null

2020-04-27 11:37:07 - [TEST_STEP][PASSED] - setText(findTestObject("Web_Office_Advanced_Company_Search/Page_/input_Email"), Email): Text 'gordon@drainboss.co.uk' is set on object 'Object Repository/Web_Office_Advanced_Company_Search/Page_/input_Email'

2020-04-27 11:37:07 - [MESSAGE][PASSED] - Text 'gordon@drainboss.co.uk' is set on object 'Object Repository/Web_Office_Advanced_Company_Search/Page_/input_Email'

2020-04-27 11:37:07 - [TEST_STEP][PASSED] - "Set Status": null

2020-04-27 11:37:07 - [TEST_STEP][PASSED] - "-------------------------------------------------------------------------------------------------------------------------------------": null

2020-04-27 11:37:07 - [TEST_STEP][PASSED] - "Status 3 Options": null

2020-04-27 11:37:07 - [TEST_STEP][PASSED] - "-------------------------------------------------------------------------------------------------------------------------------------": null

2020-04-27 11:37:07 - [TEST_STEP][PASSED] - "Set Type": null

2020-04-27 11:37:07 - [TEST_STEP][PASSED] - "-------------------------------------------------------------------------------------------------------------------------------------": null

2020-04-27 11:37:07 - [TEST_STEP][PASSED] - "Type 3 Options": null

2020-04-27 11:37:07 - [TEST_STEP][PASSED] - "-------------------------------------------------------------------------------------------------------------------------------------": null

2020-04-27 11:37:07 - [TEST_STEP][PASSED] - scrollToPosition(0, 0): Browser is scrolled to position x = 0, y = 0

2020-04-27 11:37:07 - [MESSAGE][PASSED] - Browser is scrolled to position x = 0, y = 0

2020-04-27 11:37:07 - [TEST_STEP][PASSED] - waitForElementClickable(findTestObject("Web_Office_Advanced_Company_Search/Page_/Top_Search_Button"), 5): Object 'Object Repository/Web_Office_Advanced_Company_Search/Page_/Top_Search_Button' is clickable

2020-04-27 11:37:08 - [MESSAGE][PASSED] - Object 'Object Repository/Web_Office_Advanced_Company_Search/Page_/Top_Search_Button' is clickable

2020-04-27 11:37:08 - [TEST_STEP][PASSED] - click(findTestObject("Web_Office_Advanced_Company_Search/Page_/Top_Search_Button")): Object: 'Object Repository/Web_Office_Advanced_Company_Search/Page_/Top_Search_Button' is clicked on

2020-04-27 11:37:22 - [MESSAGE][PASSED] - Object: 'Object Repository/Web_Office_Advanced_Company_Search/Page_/Top_Search_Button' is clicked on

2020-04-27 11:37:22 - [MESSAGE][PASSED] - Call Test Case 'Test Cases/Reusable_Test_Sequences/Web_Office/Actions/Set_Advanced_Company_Data' successfully

2020-04-27 11:37:22 - [TEST_STEP][PASSED] - "--------------------------------------": null

2020-04-27 11:37:22 - [TEST_STEP][PASSED] - " Select Returned Record to Verify     |": null

2020-04-27 11:37:22 - [TEST_STEP][PASSED] - callTestCase(findTestCase("Reusable_Test_Sequences/Web_Office/Actions/Select_Company"), [:], OPTIONAL): Call Test Case 'Test Cases/Reusable_Test_Sequences/Web_Office/Actions/Select_Company' successfully

2020-04-27 11:37:22 - [TEST_CASE][PASSED] - Test Cases/Reusable_Test_Sequences/Web_Office/Actions/Select_Company: Test Cases/Reusable_Test_Sequences/Web_Office/Actions/Select_Company

2020-04-27 11:37:22 - [TEST_STEP][PASSED] - waitForPageLoad(60): Wait for page load successfully

2020-04-27 11:37:22 - [MESSAGE][PASSED] - Wait for page load successfully

2020-04-27 11:37:22 - [TEST_STEP][PASSED] - waitForElementClickable(findTestObject("Web_Office_Advanced_Company_Search/Page_/td_Returned_Company"), 5): Object 'Object Repository/Web_Office_Advanced_Company_Search/Page_/td_Returned_Company' is clickable

2020-04-27 11:37:22 - [MESSAGE][PASSED] - Object 'Object Repository/Web_Office_Advanced_Company_Search/Page_/td_Returned_Company' is clickable

2020-04-27 11:37:22 - [TEST_STEP][PASSED] - "-------------------------------------------------------------------------------------------------------------------------------------": null

2020-04-27 11:37:22 - [TEST_STEP][PASSED] - click(findTestObject("Web_Office_Advanced_Company_Search/Page_/td_Returned_Company")): Object: 'Object Repository/Web_Office_Advanced_Company_Search/Page_/td_Returned_Company' is clicked on

2020-04-27 11:37:26 - [MESSAGE][PASSED] - Object: 'Object Repository/Web_Office_Advanced_Company_Search/Page_/td_Returned_Company' is clicked on

2020-04-27 11:37:26 - [MESSAGE][PASSED] - Call Test Case 'Test Cases/Reusable_Test_Sequences/Web_Office/Actions/Select_Company' successfully

2020-04-27 11:37:26 - [TEST_STEP][PASSED] - "--------------------------------------": null

2020-04-27 11:37:26 - [TEST_STEP][PASSED] - " Verify Returned Company Record       |": null

2020-04-27 11:37:26 - [TEST_STEP][PASSED] - callTestCase(findTestCase("Reusable_Test_Sequences/Web_Office/Verification/Company_Returned_Advanced_Search_Record"), [:], OPTIONAL): Call Test Case 'Test Cases/Reusable_Test_Sequences/Web_Office/Verification/Company_Returned_Advanced_Search_Record' successfully

2020-04-27 11:37:26 - [TEST_CASE][PASSED] - Test Cases/Reusable_Test_Sequences/Web_Office/Verification/Company_Returned_Advanced_Search_Record: Test Cases/Reusable_Test_Sequences/Web_Office/Verification/Company_Returned_Advanced_Search_Record

2020-04-27 11:37:26 - [TEST_STEP][PASSED] - "--------------------------------": null

2020-04-27 11:37:26 - [TEST_STEP][PASSED] - "Read data from spreadsheet      | r_ = Returned Data": null

2020-04-27 11:37:26 - [TEST_STEP][PASSED] - data = findTestData("Data Files/Advance_Company_Search_Data"): null

2020-04-27 11:37:27 - [TEST_STEP][PASSED] - Trader_ID = data.getValue("Trader_ID", row): null

2020-04-27 11:37:27 - [TEST_STEP][PASSED] - Limited_Company_Number = data.getValue("Limited_Company_Number", row): null

2020-04-27 11:37:27 - [TEST_STEP][PASSED] - Company_Name = data.getValue("Company_Name", row): null

2020-04-27 11:37:27 - [TEST_STEP][PASSED] - Owner_Surname = data.getValue("Owner_Surname", row): null

2020-04-27 11:37:27 - [TEST_STEP][PASSED] - Owner_DOB = data.getValue("Owner_DOB", row): null

2020-04-27 11:37:27 - [TEST_STEP][PASSED] - Name_House = data.getValue("Name_House", row): null

2020-04-27 11:37:27 - [TEST_STEP][PASSED] - Number_Street = data.getValue("Number_Street", row): null

2020-04-27 11:37:27 - [TEST_STEP][PASSED] - Town = data.getValue("Town", row): null

2020-04-27 11:37:27 - [TEST_STEP][PASSED] - City = data.getValue("City", row): null

2020-04-27 11:37:27 - [TEST_STEP][PASSED] - County = data.getValue("County", row): null

2020-04-27 11:37:27 - [TEST_STEP][PASSED] - Postcode = data.getValue("Postcode", row): null

2020-04-27 11:37:27 - [TEST_STEP][PASSED] - Tel = data.getValue("Tel", row): null

2020-04-27 11:37:27 - [TEST_STEP][PASSED] - Email = data.getValue("Email", row): null

2020-04-27 11:37:27 - [TEST_STEP][PASSED] - "--------------------------------": null

2020-04-27 11:37:27 - [TEST_STEP][PASSED] - "Read data from spreadsheet      |": null

2020-04-27 11:37:27 - [TEST_STEP][PASSED] - Actual_Page_Text = "": null

2020-04-27 11:37:27 - [TEST_STEP][PASSED] - Expected_Page_Text = "": null

2020-04-27 11:37:27 - [TEST_STEP][PASSED] - waitForPageLoad(60): Wait for page load successfully

2020-04-27 11:37:27 - [MESSAGE][PASSED] - Wait for page load successfully

2020-04-27 11:37:27 - [TEST_STEP][PASSED] - delay(1): Delayed 1 second(s)

2020-04-27 11:37:28 - [MESSAGE][PASSED] - Delayed 1 second(s)

2020-04-27 11:37:28 - [TEST_STEP][PASSED] - "---------------------------------------------------------------------------------------------------------------------": null

2020-04-27 11:37:28 - [TEST_STEP][PASSED] - "HEADER DETAIL - iFrame": null

2020-04-27 11:37:28 - [TEST_STEP][PASSED] - "-----------------": null

2020-04-27 11:37:28 - [TEST_STEP][PASSED] - "PAGE_HEADER TEXT |": null

2020-04-27 11:37:28 - [TEST_STEP][PASSED] - verifyTextPresent(findTestData("Data Files/Advance_Company_Search_Data").getValue("Page_Header_Text", row), false): Text 'BLOCKED DRAINS' is present on page 

2020-04-27 11:37:29 - [MESSAGE][PASSED] - Text 'BLOCKED DRAINS' is present on page 

2020-04-27 11:37:29 - [TEST_STEP][PASSED] - "----------------": null

2020-04-27 11:37:29 - [TEST_STEP][PASSED] - "Email Address   |": null

2020-04-27 11:37:29 - [TEST_STEP][PASSED] - verifyTextPresent(findTestData("Data Files/Advance_Company_Search_Data").getValue("Email", row), false): Text 'gordon@drainboss.co.uk' is present on page 

2020-04-27 11:37:30 - [MESSAGE][PASSED] - Text 'gordon@drainboss.co.uk' is present on page 

2020-04-27 11:37:30 - [TEST_STEP][PASSED] - "----------------": null

2020-04-27 11:37:30 - [TEST_STEP][PASSED] - "Phone Number    |": null

2020-04-27 11:37:30 - [TEST_STEP][PASSED] - verifyTextPresent(findTestData("Data Files/Advance_Company_Search_Data").getValue("Tel", row), false): Text '01444 657789' is present on page 

2020-04-27 11:37:30 - [MESSAGE][PASSED] - Text '01444 657789' is present on page 

2020-04-27 11:37:30 - [TEST_STEP][PASSED] - "----------------": null

2020-04-27 11:37:30 - [TEST_STEP][PASSED] - "Trader ID       |": null

2020-04-27 11:37:30 - [TEST_STEP][PASSED] - verifyTextPresent(findTestData("Data Files/Advance_Company_Search_Data").getValue("Trader_ID", row), false): Text '280592' is present on page 

2020-04-27 11:37:31 - [MESSAGE][PASSED] - Text '280592' is present on page 

2020-04-27 11:37:31 - [TEST_STEP][PASSED] - "----------------": null

2020-04-27 11:37:31 - [TEST_STEP][PASSED] - "Postcode        |": null

2020-04-27 11:37:31 - [TEST_STEP][PASSED] - verifyTextPresent(findTestData("Data Files/Advance_Company_Search_Data").getValue("Postcode", row), false): Text 'RH16 4ER' is present on page 

2020-04-27 11:37:31 - [MESSAGE][PASSED] - Text 'RH16 4ER' is present on page 

2020-04-27 11:37:31 - [TEST_STEP][PASSED] - "----------------": null

2020-04-27 11:37:31 - [TEST_STEP][PASSED] - "Full Name       |": null

2020-04-27 11:37:31 - [TEST_STEP][PASSED] - verifyTextPresent(findTestData("Data Files/Advance_Company_Search_Data").getValue("Full_Name", row), false): Text 'Mr Gordon Brown' is present on page 

2020-04-27 11:37:32 - [MESSAGE][PASSED] - Text 'Mr Gordon Brown' is present on page 

2020-04-27 11:37:32 - [TEST_STEP][PASSED] - "----------------": null

2020-04-27 11:37:32 - [TEST_STEP][PASSED] - "Date of Birth   |": null

2020-04-27 11:37:32 - [TEST_STEP][PASSED] - verifyTextPresent(findTestData("Data Files/Advance_Company_Search_Data").getValue("Owner_DOB", row), false): Text 'DoB: 23/01/1967' is present on page 

2020-04-27 11:37:32 - [MESSAGE][PASSED] - Text 'DoB: 23/01/1967' is present on page 

2020-04-27 11:37:32 - [TEST_STEP][PASSED] - "----------------": null

2020-04-27 11:37:32 - [TEST_STEP][PASSED] - "Full Address    |": null

2020-04-27 11:37:32 - [TEST_STEP][PASSED] - verifyTextPresent(findTestData("Data Files/Advance_Company_Search_Data").getValue("Full_Address", row), false): Text '2 Redwood Drive, Haywards Heath, West Sussex, RH16 4ER' is present on page 

2020-04-27 11:37:33 - [MESSAGE][PASSED] - Text '2 Redwood Drive, Haywards Heath, West Sussex, RH16 4ER' is present on page 

2020-04-27 11:37:33 - [MESSAGE][PASSED] - Call Test Case 'Test Cases/Reusable_Test_Sequences/Web_Office/Verification/Company_Returned_Advanced_Search_Record' successfully

2020-04-27 11:37:33 - [TEST_STEP][PASSED] - "--------------------------": null

2020-04-27 11:37:33 - [TEST_STEP][PASSED] - " Teardown - CLose Browser |": null

2020-04-27 11:37:33 - [TEST_STEP][PASSED] - callTestCase(findTestCase("Reusable_Test_Sequences/CAT_Teardown"), [:], OPTIONAL): Call Test Case 'Test Cases/Reusable_Test_Sequences/CAT_Teardown' successfully

2020-04-27 11:37:33 - [TEST_CASE][PASSED] - Test Cases/Reusable_Test_Sequences/CAT_Teardown: Test Cases/Reusable_Test_Sequences/CAT_Teardown

2020-04-27 11:37:33 - [TEST_STEP][PASSED] - closeBrowser(): Browser is closed

2020-04-27 11:37:34 - [MESSAGE][PASSED] - Browser is closed

2020-04-27 11:37:34 - [TEST_STEP][PASSED] - super.finalize(): null

2020-04-27 11:37:34 - [TEST_STEP][PASSED] - System.gc(): null

2020-04-27 11:37:34 - [MESSAGE][PASSED] - Call Test Case 'Test Cases/Reusable_Test_Sequences/CAT_Teardown' successfully

2020-04-27 11:37:34 - [TEST_STEP][PASSED] - "--------------------------------------": null

2020-04-27 11:37:34 - [TEST_STEP][PASSED] - " Web Office StartUp                  |": null

2020-04-27 11:37:34 - [TEST_STEP][PASSED] - callTestCase(findTestCase("Reusable_Test_Sequences/Web_Office/Directives/WebOffice_StartUp"), [:], STOP_ON_FAILURE): Call Test Case 'Test Cases/Reusable_Test_Sequences/Web_Office/Directives/WebOffice_StartUp' successfully

2020-04-27 11:37:34 - [TEST_CASE][PASSED] - Test Cases/Reusable_Test_Sequences/Web_Office/Directives/WebOffice_StartUp: Test Cases/Reusable_Test_Sequences/Web_Office/Directives/WebOffice_StartUp

2020-04-27 11:37:34 - [TEST_STEP][PASSED] - "-----------------------------------------------------------------------------": null

2020-04-27 11:37:34 - [TEST_STEP][PASSED] - if (URL == "https://www.dev.checkatrade.com/"): null

2020-04-27 11:37:34 - [TEST_STEP][PASSED] - "-----------------------------------------------------------------------------": null

2020-04-27 11:37:34 - [TEST_STEP][PASSED] - if (URL == "https://www.checkatrade.com/"): null

2020-04-27 11:37:34 - [TEST_STEP][PASSED] - "-----------------------------------------------------------------------------": null

2020-04-27 11:37:34 - [TEST_STEP][PASSED] - if (URL == "https://www.preview.checkatrade.com/"): null

2020-04-27 11:37:34 - [TEST_STEP][PASSED] - WebOfficeURL = "https://admin.preview.checkatrade.com/": null

2020-04-27 11:37:34 - [TEST_STEP][PASSED] - if (URL == "https://www.dev2.checkatrade.com/"): null

2020-04-27 11:37:34 - [TEST_STEP][PASSED] - "Set Function Area for "URL_Handler", URL Resolution": null

2020-04-27 11:37:34 - [TEST_STEP][PASSED] - "Do Some Magic with URL(s) See the comments within URL Handler ": null

2020-04-27 11:37:34 - [TEST_STEP][PASSED] - "------------------------------------------------": null

2020-04-27 11:37:34 - [TEST_STEP][PASSED] - "Moved Login Credentials to <Default> profile 22/01/2020": null

2020-04-27 11:37:34 - [TEST_STEP][PASSED] - "------------------------------------------------": null

2020-04-27 11:37:34 - [TEST_STEP][PASSED] - "WebOfficeURL - Set from the ENVIRONMENT PROFILE ": null

2020-04-27 11:37:34 - [TEST_STEP][PASSED] - "OPEN BROWSER": null

2020-04-27 11:37:34 - [TEST_STEP][PASSED] - "eg - https://admin.preview.checkatrade.com/  ": null

2020-04-27 11:37:34 - [TEST_STEP][PASSED] - openBrowser(WebOfficeURL): Browser is opened with url: 'https://admin.preview.checkatrade.com/'

2020-04-27 11:37:34 - [MESSAGE][INFO] - Starting 'Chrome' driver

2020-04-27 11:37:34 - [MESSAGE][INFO] - Action delay is set to 0 milliseconds

2020-04-27 11:37:39 - [MESSAGE][PASSED] - Browser is opened with url: 'https://admin.preview.checkatrade.com/'

2020-04-27 11:37:39 - [TEST_STEP][PASSED] - maximizeWindow(): Current window maximized

2020-04-27 11:37:42 - [MESSAGE][PASSED] - Current window maximized

2020-04-27 11:37:42 - [TEST_STEP][PASSED] - waitForElementClickable(findTestObject("Object Repository/WebOffice/Page_Checkatrade - Administration - Login/Login_Button"), 25): Object 'Object Repository/WebOffice/Page_Checkatrade - Administration - Login/Login_Button' is clickable

2020-04-27 11:37:42 - [MESSAGE][PASSED] - Object 'Object Repository/WebOffice/Page_Checkatrade - Administration - Login/Login_Button' is clickable

2020-04-27 11:37:42 - [TEST_STEP][PASSED] - verifyTextPresent("Checkatrade Web Office", false): Text 'Checkatrade Web Office' is present on page 

2020-04-27 11:37:42 - [MESSAGE][PASSED] - Text 'Checkatrade Web Office' is present on page 

2020-04-27 11:37:42 - [TEST_STEP][PASSED] - verifyTextPresent("Access for staff use only", false): Text 'Access for staff use only' is present on page 

2020-04-27 11:37:42 - [MESSAGE][PASSED] - Text 'Access for staff use only' is present on page 

2020-04-27 11:37:42 - [TEST_STEP][PASSED] - verifyTextPresent("Forgotten password?", false): Text 'Forgotten password?' is present on page 

2020-04-27 11:37:42 - [MESSAGE][PASSED] - Text 'Forgotten password?' is present on page 

2020-04-27 11:37:42 - [TEST_STEP][PASSED] - setText(findTestObject("Object Repository/WebOffice/Page_Checkatrade - Administration - Login/input_Username_LoginControlUserName"), wo_Username): Text 'DavidHo' is set on object 'Object Repository/WebOffice/Page_Checkatrade - Administration - Login/input_Username_LoginControlUserName'

2020-04-27 11:37:42 - [MESSAGE][PASSED] - Text 'DavidHo' is set on object 'Object Repository/WebOffice/Page_Checkatrade - Administration - Login/input_Username_LoginControlUserName'

2020-04-27 11:37:42 - [TEST_STEP][PASSED] - setText(findTestObject("Object Repository/WebOffice/Page_Checkatrade - Administration - Login/input_Password_LoginControlPassword"), wo_Password): Text 'Check123' is set on object 'Object Repository/WebOffice/Page_Checkatrade - Administration - Login/input_Password_LoginControlPassword'

2020-04-27 11:37:43 - [MESSAGE][PASSED] - Text 'Check123' is set on object 'Object Repository/WebOffice/Page_Checkatrade - Administration - Login/input_Password_LoginControlPassword'

2020-04-27 11:37:43 - [TEST_STEP][PASSED] - click(findTestObject("Object Repository/WebOffice/Page_Checkatrade - Administration - Login/Login_Button")): Object: 'Object Repository/WebOffice/Page_Checkatrade - Administration - Login/Login_Button' is clicked on

2020-04-27 11:37:44 - [MESSAGE][PASSED] - Object: 'Object Repository/WebOffice/Page_Checkatrade - Administration - Login/Login_Button' is clicked on

2020-04-27 11:37:44 - [TEST_STEP][PASSED] - waitForPageLoad(60): Wait for page load successfully

2020-04-27 11:37:44 - [MESSAGE][PASSED] - Wait for page load successfully

2020-04-27 11:37:44 - [TEST_STEP][PASSED] - verifyTextPresent("Welcome " + wo_Username, false): Text 'Welcome DavidHo' is present on page 

2020-04-27 11:37:44 - [MESSAGE][PASSED] - Text 'Welcome DavidHo' is present on page 

2020-04-27 11:37:44 - [MESSAGE][PASSED] - Call Test Case 'Test Cases/Reusable_Test_Sequences/Web_Office/Directives/WebOffice_StartUp' successfully

2020-04-27 11:37:44 - [TEST_STEP][PASSED] - "--------------------------------------": null

2020-04-27 11:37:44 - [TEST_STEP][PASSED] - " Navigate to <Companies> Menu Item    |": null

2020-04-27 11:37:44 - [TEST_STEP][PASSED] - callTestCase(findTestCase("Reusable_Test_Sequences/Web_Office/navigation/Navigate_Advanced_Company_Search"), [:], STOP_ON_FAILURE): Call Test Case 'Test Cases/Reusable_Test_Sequences/Web_Office/navigation/Navigate_Advanced_Company_Search' successfully

2020-04-27 11:37:44 - [TEST_CASE][PASSED] - Test Cases/Reusable_Test_Sequences/Web_Office/navigation/Navigate_Advanced_Company_Search: Test Cases/Reusable_Test_Sequences/Web_Office/navigation/Navigate_Advanced_Company_Search

2020-04-27 11:37:44 - [TEST_STEP][PASSED] - "--------------------------------------": null

2020-04-27 11:37:44 - [TEST_STEP][PASSED] - " Navigate Top level menu Item         |": null

2020-04-27 11:37:44 - [TEST_STEP][PASSED] - waitForPageLoad(60): Wait for page load successfully

2020-04-27 11:37:44 - [MESSAGE][PASSED] - Wait for page load successfully

2020-04-27 11:37:44 - [TEST_STEP][PASSED] - waitForElementClickable(findTestObject("Object Repository/WebOffice_Home_page/a_Companies"), 60): Object 'Object Repository/WebOffice_Home_page/a_Companies' is clickable

2020-04-27 11:37:45 - [MESSAGE][PASSED] - Object 'Object Repository/WebOffice_Home_page/a_Companies' is clickable

2020-04-27 11:37:45 - [TEST_STEP][PASSED] - mouseOver(findTestObject("Object Repository/WebOffice_Home_page/a_Companies")): Object: 'Object Repository/WebOffice_Home_page/a_Companies' is hovered

2020-04-27 11:37:45 - [MESSAGE][PASSED] - Object: 'Object Repository/WebOffice_Home_page/a_Companies' is hovered

2020-04-27 11:37:45 - [TEST_STEP][PASSED] - waitForElementClickable(findTestObject("Object Repository/WebOffice_Home_page/a_Company_Advanced_Search"), 1): Object 'Object Repository/WebOffice_Home_page/a_Company_Advanced_Search' is clickable

2020-04-27 11:37:46 - [MESSAGE][PASSED] - Object 'Object Repository/WebOffice_Home_page/a_Company_Advanced_Search' is clickable

2020-04-27 11:37:46 - [TEST_STEP][PASSED] - click(findTestObject("Object Repository/WebOffice_Home_page/a_Company_Advanced_Search")): Object: 'Object Repository/WebOffice_Home_page/a_Company_Advanced_Search' is clicked on

2020-04-27 11:37:49 - [MESSAGE][PASSED] - Object: 'Object Repository/WebOffice_Home_page/a_Company_Advanced_Search' is clicked on

2020-04-27 11:37:49 - [MESSAGE][PASSED] - Call Test Case 'Test Cases/Reusable_Test_Sequences/Web_Office/navigation/Navigate_Advanced_Company_Search' successfully

2020-04-27 11:37:49 - [TEST_STEP][PASSED] - "--------------------------------------": null

2020-04-27 11:37:49 - [TEST_STEP][PASSED] - " LH Pane  - Apply Search Criteria     |": null

2020-04-27 11:37:49 - [TEST_STEP][PASSED] - callTestCase(findTestCase("Reusable_Test_Sequences/Web_Office/Actions/Set_Advanced_Company_Data"), [:], STOP_ON_FAILURE): Call Test Case 'Test Cases/Reusable_Test_Sequences/Web_Office/Actions/Set_Advanced_Company_Data' successfully

2020-04-27 11:37:49 - [TEST_CASE][PASSED] - Test Cases/Reusable_Test_Sequences/Web_Office/Actions/Set_Advanced_Company_Data: Test Cases/Reusable_Test_Sequences/Web_Office/Actions/Set_Advanced_Company_Data

2020-04-27 11:37:49 - [TEST_STEP][PASSED] - "--------------------------------": null

2020-04-27 11:37:49 - [TEST_STEP][PASSED] - "Read data from spreadsheet      |": null

2020-04-27 11:37:49 - [TEST_STEP][PASSED] - data = findTestData("Data Files/Advance_Company_Search_Data"): null

2020-04-27 11:37:49 - [TEST_STEP][PASSED] - Trader_ID = data.getValue("Trader_ID", row): null

2020-04-27 11:37:49 - [TEST_STEP][PASSED] - Limited_Company_Number = data.getValue("Limited_Company_Number", row): null

2020-04-27 11:37:49 - [TEST_STEP][PASSED] - Company_Name = data.getValue("Company_Name", row): null

2020-04-27 11:37:49 - [TEST_STEP][PASSED] - Owner_Surname = data.getValue("Owner_Surname", row): null

2020-04-27 11:37:49 - [TEST_STEP][PASSED] - Owner_DOB = data.getValue("Owner_DOB", row): null

2020-04-27 11:37:49 - [TEST_STEP][PASSED] - Name_House = data.getValue("Name_House", row): null

2020-04-27 11:37:49 - [TEST_STEP][PASSED] - Number_Street = data.getValue("Number_Street", row): null

2020-04-27 11:37:49 - [TEST_STEP][PASSED] - Town = data.getValue("Town", row): null

2020-04-27 11:37:49 - [TEST_STEP][PASSED] - City = data.getValue("City", row): null

2020-04-27 11:37:49 - [TEST_STEP][PASSED] - County = data.getValue("County", row): null

2020-04-27 11:37:49 - [TEST_STEP][PASSED] - Postcode = data.getValue("Postcode", row): null

2020-04-27 11:37:49 - [TEST_STEP][PASSED] - Tel = data.getValue("Tel", row): null

2020-04-27 11:37:49 - [TEST_STEP][PASSED] - Email = data.getValue("Email", row): null

2020-04-27 11:37:49 - [TEST_STEP][PASSED] - "slack": null

2020-04-27 11:37:49 - [TEST_STEP][PASSED] - "--------------------------------": null

2020-04-27 11:37:49 - [TEST_STEP][PASSED] - " Synchronisation                |": null

2020-04-27 11:37:49 - [TEST_STEP][PASSED] - waitForPageLoad(60): Wait for page load successfully

2020-04-27 11:37:49 - [MESSAGE][PASSED] - Wait for page load successfully

2020-04-27 11:37:49 - [TEST_STEP][PASSED] - waitForElementVisible(findTestObject("Web_Office_Advanced_Company_Search/Page_/input_Clear_ctl00ctl00CP1ctlSearchbtnSearch"), 60): Object 'Object Repository/Web_Office_Advanced_Company_Search/Page_/input_Clear_ctl00ctl00CP1ctlSearchbtnSearch' is visible

2020-04-27 11:37:49 - [MESSAGE][PASSED] - Object 'Object Repository/Web_Office_Advanced_Company_Search/Page_/input_Clear_ctl00ctl00CP1ctlSearchbtnSearch' is visible

2020-04-27 11:37:49 - [TEST_STEP][PASSED] - "https://admin.preview.checkatrade.com/Companies/Search.aspx": null

2020-04-27 11:37:49 - [TEST_STEP][PASSED] - "-------------------------------------------------------------------------------------------------------------------------------------": null

2020-04-27 11:37:49 - [TEST_STEP][PASSED] - setText(findTestObject("Web_Office_Advanced_Company_Search/Page_/table_Trader ID"), Trader_ID): Text '280592' is set on object 'Object Repository/Web_Office_Advanced_Company_Search/Page_/table_Trader ID'

2020-04-27 11:37:51 - [MESSAGE][PASSED] - Text '280592' is set on object 'Object Repository/Web_Office_Advanced_Company_Search/Page_/table_Trader ID'

2020-04-27 11:37:51 - [TEST_STEP][PASSED] - "-------------------------------------------------------------------------------------------------------------------------------------": null

2020-04-27 11:37:51 - [TEST_STEP][PASSED] - setText(findTestObject("Web_Office_Advanced_Company_Search/Page_/input_Limited Company Number"), Limited_Company_Number): Text '' is set on object 'Object Repository/Web_Office_Advanced_Company_Search/Page_/input_Limited Company Number'

2020-04-27 11:37:52 - [MESSAGE][PASSED] - Text '' is set on object 'Object Repository/Web_Office_Advanced_Company_Search/Page_/input_Limited Company Number'

2020-04-27 11:37:52 - [TEST_STEP][PASSED] - "-------------------------------------------------------------------------------------------------------------------------------------": null

2020-04-27 11:37:52 - [TEST_STEP][PASSED] - setText(findTestObject("Web_Office_Advanced_Company_Search/Page_/input_Company Name"), Company_Name): Text '' is set on object 'Object Repository/Web_Office_Advanced_Company_Search/Page_/input_Company Name'

2020-04-27 11:37:52 - [MESSAGE][PASSED] - Text '' is set on object 'Object Repository/Web_Office_Advanced_Company_Search/Page_/input_Company Name'

2020-04-27 11:37:52 - [TEST_STEP][PASSED] - "-------------------------------------------------------------------------------------------------------------------------------------": null

2020-04-27 11:37:52 - [TEST_STEP][PASSED] - "Set Owner_Date of Birth": null

2020-04-27 11:37:52 - [TEST_STEP][PASSED] - "-------------------------------------------------------------------------------------------------------------------------------------": null

2020-04-27 11:37:52 - [TEST_STEP][PASSED] - setText(findTestObject("Web_Office_Advanced_Company_Search/Page_/input_Owner Surname"), Owner_Surname): Text '' is set on object 'Object Repository/Web_Office_Advanced_Company_Search/Page_/input_Owner Surname'

2020-04-27 11:37:53 - [MESSAGE][PASSED] - Text '' is set on object 'Object Repository/Web_Office_Advanced_Company_Search/Page_/input_Owner Surname'

2020-04-27 11:37:53 - [TEST_STEP][PASSED] - "-------------------------------------------------------------------------------------------------------------------------------------": null

2020-04-27 11:37:53 - [TEST_STEP][PASSED] - setText(findTestObject("Web_Office_Advanced_Company_Search/Page_/input_Name Of House"), Name_House): Text '' is set on object 'Object Repository/Web_Office_Advanced_Company_Search/Page_/input_Name Of House'

2020-04-27 11:37:53 - [MESSAGE][PASSED] - Text '' is set on object 'Object Repository/Web_Office_Advanced_Company_Search/Page_/input_Name Of House'

2020-04-27 11:37:53 - [TEST_STEP][PASSED] - "-------------------------------------------------------------------------------------------------------------------------------------": null

2020-04-27 11:37:53 - [TEST_STEP][PASSED] - "Set Street": null

2020-04-27 11:37:53 - [TEST_STEP][PASSED] - "-------------------------------------------------------------------------------------------------------------------------------------": null

2020-04-27 11:37:53 - [TEST_STEP][PASSED] - setText(findTestObject("Web_Office_Advanced_Company_Search/Page_/input_Town"), Town): Text '' is set on object 'Object Repository/Web_Office_Advanced_Company_Search/Page_/input_Town'

2020-04-27 11:37:53 - [MESSAGE][PASSED] - Text '' is set on object 'Object Repository/Web_Office_Advanced_Company_Search/Page_/input_Town'

2020-04-27 11:37:53 - [TEST_STEP][PASSED] - "-------------------------------------------------------------------------------------------------------------------------------------": null

2020-04-27 11:37:53 - [TEST_STEP][PASSED] - setText(findTestObject("Web_Office_Advanced_Company_Search/Page_/input_City"), City): Text '' is set on object 'Object Repository/Web_Office_Advanced_Company_Search/Page_/input_City'

2020-04-27 11:37:54 - [MESSAGE][PASSED] - Text '' is set on object 'Object Repository/Web_Office_Advanced_Company_Search/Page_/input_City'

2020-04-27 11:37:54 - [TEST_STEP][PASSED] - "-------------------------------------------------------------------------------------------------------------------------------------": null

2020-04-27 11:37:54 - [TEST_STEP][PASSED] - setText(findTestObject("Web_Office_Advanced_Company_Search/Page_/input_County"), County): Text '' is set on object 'Object Repository/Web_Office_Advanced_Company_Search/Page_/input_County'

2020-04-27 11:37:54 - [MESSAGE][PASSED] - Text '' is set on object 'Object Repository/Web_Office_Advanced_Company_Search/Page_/input_County'

2020-04-27 11:37:54 - [TEST_STEP][PASSED] - "-------------------------------------------------------------------------------------------------------------------------------------": null

2020-04-27 11:37:54 - [TEST_STEP][PASSED] - setText(findTestObject("Web_Office_Advanced_Company_Search/Page_/input_Postcode"), Postcode): Text '' is set on object 'Object Repository/Web_Office_Advanced_Company_Search/Page_/input_Postcode'

2020-04-27 11:37:54 - [MESSAGE][PASSED] - Text '' is set on object 'Object Repository/Web_Office_Advanced_Company_Search/Page_/input_Postcode'

2020-04-27 11:37:54 - [TEST_STEP][PASSED] - "-------------------------------------------------------------------------------------------------------------------------------------": null

2020-04-27 11:37:54 - [TEST_STEP][PASSED] - setText(findTestObject("Web_Office_Advanced_Company_Search/Page_/input_Telephone"), Tel): Text '' is set on object 'Object Repository/Web_Office_Advanced_Company_Search/Page_/input_Telephone'

2020-04-27 11:37:54 - [MESSAGE][PASSED] - Text '' is set on object 'Object Repository/Web_Office_Advanced_Company_Search/Page_/input_Telephone'

2020-04-27 11:37:54 - [TEST_STEP][PASSED] - "-------------------------------------------------------------------------------------------------------------------------------------": null

2020-04-27 11:37:54 - [TEST_STEP][PASSED] - setText(findTestObject("Web_Office_Advanced_Company_Search/Page_/input_Email"), Email): Text '' is set on object 'Object Repository/Web_Office_Advanced_Company_Search/Page_/input_Email'

2020-04-27 11:37:55 - [MESSAGE][PASSED] - Text '' is set on object 'Object Repository/Web_Office_Advanced_Company_Search/Page_/input_Email'

2020-04-27 11:37:55 - [TEST_STEP][PASSED] - "Set Status": null

2020-04-27 11:37:55 - [TEST_STEP][PASSED] - "-------------------------------------------------------------------------------------------------------------------------------------": null

2020-04-27 11:37:55 - [TEST_STEP][PASSED] - "Status 3 Options": null

2020-04-27 11:37:55 - [TEST_STEP][PASSED] - "-------------------------------------------------------------------------------------------------------------------------------------": null

2020-04-27 11:37:55 - [TEST_STEP][PASSED] - "Set Type": null

2020-04-27 11:37:55 - [TEST_STEP][PASSED] - "-------------------------------------------------------------------------------------------------------------------------------------": null

2020-04-27 11:37:55 - [TEST_STEP][PASSED] - "Type 3 Options": null

2020-04-27 11:37:55 - [TEST_STEP][PASSED] - "-------------------------------------------------------------------------------------------------------------------------------------": null

2020-04-27 11:37:55 - [TEST_STEP][PASSED] - scrollToPosition(0, 0): Browser is scrolled to position x = 0, y = 0

2020-04-27 11:37:55 - [MESSAGE][PASSED] - Browser is scrolled to position x = 0, y = 0

2020-04-27 11:37:55 - [TEST_STEP][PASSED] - waitForElementClickable(findTestObject("Web_Office_Advanced_Company_Search/Page_/Top_Search_Button"), 5): Object 'Object Repository/Web_Office_Advanced_Company_Search/Page_/Top_Search_Button' is clickable

2020-04-27 11:37:55 - [MESSAGE][PASSED] - Object 'Object Repository/Web_Office_Advanced_Company_Search/Page_/Top_Search_Button' is clickable

2020-04-27 11:37:55 - [TEST_STEP][PASSED] - click(findTestObject("Web_Office_Advanced_Company_Search/Page_/Top_Search_Button")): Object: 'Object Repository/Web_Office_Advanced_Company_Search/Page_/Top_Search_Button' is clicked on

2020-04-27 11:38:01 - [MESSAGE][PASSED] - Object: 'Object Repository/Web_Office_Advanced_Company_Search/Page_/Top_Search_Button' is clicked on

2020-04-27 11:38:01 - [MESSAGE][PASSED] - Call Test Case 'Test Cases/Reusable_Test_Sequences/Web_Office/Actions/Set_Advanced_Company_Data' successfully

2020-04-27 11:38:01 - [TEST_STEP][PASSED] - "--------------------------------------": null

2020-04-27 11:38:01 - [TEST_STEP][PASSED] - " Select Returned Record to Verify     |": null

2020-04-27 11:38:01 - [TEST_STEP][PASSED] - callTestCase(findTestCase("Reusable_Test_Sequences/Web_Office/Actions/Select_Company"), [:], OPTIONAL): Call Test Case 'Test Cases/Reusable_Test_Sequences/Web_Office/Actions/Select_Company' successfully

2020-04-27 11:38:01 - [TEST_CASE][PASSED] - Test Cases/Reusable_Test_Sequences/Web_Office/Actions/Select_Company: Test Cases/Reusable_Test_Sequences/Web_Office/Actions/Select_Company

2020-04-27 11:38:01 - [TEST_STEP][PASSED] - waitForPageLoad(60): Wait for page load successfully

2020-04-27 11:38:01 - [MESSAGE][PASSED] - Wait for page load successfully

2020-04-27 11:38:01 - [TEST_STEP][PASSED] - waitForElementClickable(findTestObject("Web_Office_Advanced_Company_Search/Page_/td_Returned_Company"), 5): Object 'Object Repository/Web_Office_Advanced_Company_Search/Page_/td_Returned_Company' is clickable

2020-04-27 11:38:02 - [MESSAGE][PASSED] - Object 'Object Repository/Web_Office_Advanced_Company_Search/Page_/td_Returned_Company' is clickable

2020-04-27 11:38:02 - [TEST_STEP][PASSED] - "-------------------------------------------------------------------------------------------------------------------------------------": null

2020-04-27 11:38:02 - [TEST_STEP][PASSED] - click(findTestObject("Web_Office_Advanced_Company_Search/Page_/td_Returned_Company")): Object: 'Object Repository/Web_Office_Advanced_Company_Search/Page_/td_Returned_Company' is clicked on

2020-04-27 11:38:05 - [MESSAGE][PASSED] - Object: 'Object Repository/Web_Office_Advanced_Company_Search/Page_/td_Returned_Company' is clicked on

2020-04-27 11:38:05 - [MESSAGE][PASSED] - Call Test Case 'Test Cases/Reusable_Test_Sequences/Web_Office/Actions/Select_Company' successfully

2020-04-27 11:38:05 - [TEST_STEP][PASSED] - "--------------------------------------": null

2020-04-27 11:38:05 - [TEST_STEP][PASSED] - " Verify Returned Company Record       |": null

2020-04-27 11:38:05 - [TEST_STEP][PASSED] - callTestCase(findTestCase("Reusable_Test_Sequences/Web_Office/Verification/Company_Returned_Advanced_Search_Record"), [:], OPTIONAL): Call Test Case 'Test Cases/Reusable_Test_Sequences/Web_Office/Verification/Company_Returned_Advanced_Search_Record' successfully

2020-04-27 11:38:05 - [TEST_CASE][PASSED] - Test Cases/Reusable_Test_Sequences/Web_Office/Verification/Company_Returned_Advanced_Search_Record: Test Cases/Reusable_Test_Sequences/Web_Office/Verification/Company_Returned_Advanced_Search_Record

2020-04-27 11:38:05 - [TEST_STEP][PASSED] - "--------------------------------": null

2020-04-27 11:38:05 - [TEST_STEP][PASSED] - "Read data from spreadsheet      | r_ = Returned Data": null

2020-04-27 11:38:05 - [TEST_STEP][PASSED] - data = findTestData("Data Files/Advance_Company_Search_Data"): null

2020-04-27 11:38:05 - [TEST_STEP][PASSED] - Trader_ID = data.getValue("Trader_ID", row): null

2020-04-27 11:38:05 - [TEST_STEP][PASSED] - Limited_Company_Number = data.getValue("Limited_Company_Number", row): null

2020-04-27 11:38:05 - [TEST_STEP][PASSED] - Company_Name = data.getValue("Company_Name", row): null

2020-04-27 11:38:05 - [TEST_STEP][PASSED] - Owner_Surname = data.getValue("Owner_Surname", row): null

2020-04-27 11:38:05 - [TEST_STEP][PASSED] - Owner_DOB = data.getValue("Owner_DOB", row): null

2020-04-27 11:38:05 - [TEST_STEP][PASSED] - Name_House = data.getValue("Name_House", row): null

2020-04-27 11:38:05 - [TEST_STEP][PASSED] - Number_Street = data.getValue("Number_Street", row): null

2020-04-27 11:38:05 - [TEST_STEP][PASSED] - Town = data.getValue("Town", row): null

2020-04-27 11:38:05 - [TEST_STEP][PASSED] - City = data.getValue("City", row): null

2020-04-27 11:38:05 - [TEST_STEP][PASSED] - County = data.getValue("County", row): null

2020-04-27 11:38:05 - [TEST_STEP][PASSED] - Postcode = data.getValue("Postcode", row): null

2020-04-27 11:38:05 - [TEST_STEP][PASSED] - Tel = data.getValue("Tel", row): null

2020-04-27 11:38:05 - [TEST_STEP][PASSED] - Email = data.getValue("Email", row): null

2020-04-27 11:38:05 - [TEST_STEP][PASSED] - "--------------------------------": null

2020-04-27 11:38:05 - [TEST_STEP][PASSED] - "Read data from spreadsheet      |": null

2020-04-27 11:38:05 - [TEST_STEP][PASSED] - Actual_Page_Text = "": null

2020-04-27 11:38:05 - [TEST_STEP][PASSED] - Expected_Page_Text = "": null

2020-04-27 11:38:05 - [TEST_STEP][PASSED] - waitForPageLoad(60): Wait for page load successfully

2020-04-27 11:38:05 - [MESSAGE][PASSED] - Wait for page load successfully

2020-04-27 11:38:05 - [TEST_STEP][PASSED] - delay(1): Delayed 1 second(s)

2020-04-27 11:38:06 - [MESSAGE][PASSED] - Delayed 1 second(s)

2020-04-27 11:38:06 - [TEST_STEP][PASSED] - "---------------------------------------------------------------------------------------------------------------------": null

2020-04-27 11:38:06 - [TEST_STEP][PASSED] - "HEADER DETAIL - iFrame": null

2020-04-27 11:38:06 - [TEST_STEP][PASSED] - "-----------------": null

2020-04-27 11:38:06 - [TEST_STEP][PASSED] - "PAGE_HEADER TEXT |": null

2020-04-27 11:38:06 - [TEST_STEP][PASSED] - verifyTextPresent(findTestData("Data Files/Advance_Company_Search_Data").getValue("Page_Header_Text", row), false): Text 'BLOCKED DRAINS' is present on page 

2020-04-27 11:38:07 - [MESSAGE][PASSED] - Text 'BLOCKED DRAINS' is present on page 

2020-04-27 11:38:07 - [TEST_STEP][PASSED] - "----------------": null

2020-04-27 11:38:07 - [TEST_STEP][PASSED] - "Email Address   |": null

2020-04-27 11:38:07 - [TEST_STEP][PASSED] - verifyTextPresent(findTestData("Data Files/Advance_Company_Search_Data").getValue("Email", row), false): Text '' is present on page 

2020-04-27 11:38:07 - [MESSAGE][PASSED] - Text '' is present on page 

2020-04-27 11:38:07 - [TEST_STEP][PASSED] - "----------------": null

2020-04-27 11:38:07 - [TEST_STEP][PASSED] - "Phone Number    |": null

2020-04-27 11:38:07 - [TEST_STEP][PASSED] - verifyTextPresent(findTestData("Data Files/Advance_Company_Search_Data").getValue("Tel", row), false): Text '' is present on page 

2020-04-27 11:38:08 - [MESSAGE][PASSED] - Text '' is present on page 

2020-04-27 11:38:08 - [TEST_STEP][PASSED] - "----------------": null

2020-04-27 11:38:08 - [TEST_STEP][PASSED] - "Trader ID       |": null

2020-04-27 11:38:08 - [TEST_STEP][PASSED] - verifyTextPresent(findTestData("Data Files/Advance_Company_Search_Data").getValue("Trader_ID", row), false): Text '280592' is present on page 

2020-04-27 11:38:09 - [MESSAGE][PASSED] - Text '280592' is present on page 

2020-04-27 11:38:09 - [TEST_STEP][PASSED] - "----------------": null

2020-04-27 11:38:09 - [TEST_STEP][PASSED] - "Postcode        |": null

2020-04-27 11:38:09 - [TEST_STEP][PASSED] - verifyTextPresent(findTestData("Data Files/Advance_Company_Search_Data").getValue("Postcode", row), false): Text '' is present on page 

2020-04-27 11:38:09 - [MESSAGE][PASSED] - Text '' is present on page 

2020-04-27 11:38:09 - [TEST_STEP][PASSED] - "----------------": null

2020-04-27 11:38:09 - [TEST_STEP][PASSED] - "Full Name       |": null

2020-04-27 11:38:09 - [TEST_STEP][PASSED] - verifyTextPresent(findTestData("Data Files/Advance_Company_Search_Data").getValue("Full_Name", row), false): Text '2 Redwood Drive, Haywards Heath, West Sussex, RH16 4ER' is present on page 

2020-04-27 11:38:10 - [MESSAGE][PASSED] - Text '2 Redwood Drive, Haywards Heath, West Sussex, RH16 4ER' is present on page 

2020-04-27 11:38:10 - [TEST_STEP][PASSED] - "----------------": null

2020-04-27 11:38:10 - [TEST_STEP][PASSED] - "Date of Birth   |": null

2020-04-27 11:38:10 - [TEST_STEP][PASSED] - verifyTextPresent(findTestData("Data Files/Advance_Company_Search_Data").getValue("Owner_DOB", row), false): Text '' is present on page 

2020-04-27 11:38:11 - [MESSAGE][PASSED] - Text '' is present on page 

2020-04-27 11:38:11 - [TEST_STEP][PASSED] - "----------------": null

2020-04-27 11:38:11 - [TEST_STEP][PASSED] - "Full Address    |": null

2020-04-27 11:38:11 - [TEST_STEP][PASSED] - verifyTextPresent(findTestData("Data Files/Advance_Company_Search_Data").getValue("Full_Address", row), false): Text '2 Redwood Drive, Haywards Heath, West Sussex, RH16 4ER' is present on page 

2020-04-27 11:38:12 - [MESSAGE][PASSED] - Text '2 Redwood Drive, Haywards Heath, West Sussex, RH16 4ER' is present on page 

2020-04-27 11:38:12 - [MESSAGE][PASSED] - Call Test Case 'Test Cases/Reusable_Test_Sequences/Web_Office/Verification/Company_Returned_Advanced_Search_Record' successfully

2020-04-27 11:38:12 - [TEST_STEP][PASSED] - "--------------------------": null

2020-04-27 11:38:12 - [TEST_STEP][PASSED] - " Teardown - CLose Browser |": null

2020-04-27 11:38:12 - [TEST_STEP][PASSED] - callTestCase(findTestCase("Reusable_Test_Sequences/CAT_Teardown"), [:], OPTIONAL): Call Test Case 'Test Cases/Reusable_Test_Sequences/CAT_Teardown' successfully

2020-04-27 11:38:12 - [TEST_CASE][PASSED] - Test Cases/Reusable_Test_Sequences/CAT_Teardown: Test Cases/Reusable_Test_Sequences/CAT_Teardown

2020-04-27 11:38:12 - [TEST_STEP][PASSED] - closeBrowser(): Browser is closed

2020-04-27 11:38:17 - [MESSAGE][PASSED] - Browser is closed

2020-04-27 11:38:17 - [TEST_STEP][PASSED] - super.finalize(): null

2020-04-27 11:38:17 - [TEST_STEP][PASSED] - System.gc(): null

2020-04-27 11:38:17 - [MESSAGE][PASSED] - Call Test Case 'Test Cases/Reusable_Test_Sequences/CAT_Teardown' successfully

2020-04-27 11:38:17 - [TEST_STEP][PASSED] - "--------------------------------------": null

2020-04-27 11:38:17 - [TEST_STEP][PASSED] - " Web Office StartUp                  |": null

2020-04-27 11:38:17 - [TEST_STEP][PASSED] - callTestCase(findTestCase("Reusable_Test_Sequences/Web_Office/Directives/WebOffice_StartUp"), [:], STOP_ON_FAILURE): Call Test Case 'Test Cases/Reusable_Test_Sequences/Web_Office/Directives/WebOffice_StartUp' successfully

2020-04-27 11:38:17 - [TEST_CASE][PASSED] - Test Cases/Reusable_Test_Sequences/Web_Office/Directives/WebOffice_StartUp: Test Cases/Reusable_Test_Sequences/Web_Office/Directives/WebOffice_StartUp

2020-04-27 11:38:17 - [TEST_STEP][PASSED] - "-----------------------------------------------------------------------------": null

2020-04-27 11:38:17 - [TEST_STEP][PASSED] - if (URL == "https://www.dev.checkatrade.com/"): null

2020-04-27 11:38:17 - [TEST_STEP][PASSED] - "-----------------------------------------------------------------------------": null

2020-04-27 11:38:17 - [TEST_STEP][PASSED] - if (URL == "https://www.checkatrade.com/"): null

2020-04-27 11:38:17 - [TEST_STEP][PASSED] - "-----------------------------------------------------------------------------": null

2020-04-27 11:38:17 - [TEST_STEP][PASSED] - if (URL == "https://www.preview.checkatrade.com/"): null

2020-04-27 11:38:17 - [TEST_STEP][PASSED] - WebOfficeURL = "https://admin.preview.checkatrade.com/": null

2020-04-27 11:38:17 - [TEST_STEP][PASSED] - if (URL == "https://www.dev2.checkatrade.com/"): null

2020-04-27 11:38:17 - [TEST_STEP][PASSED] - "Set Function Area for "URL_Handler", URL Resolution": null

2020-04-27 11:38:17 - [TEST_STEP][PASSED] - "Do Some Magic with URL(s) See the comments within URL Handler ": null

2020-04-27 11:38:17 - [TEST_STEP][PASSED] - "------------------------------------------------": null

2020-04-27 11:38:17 - [TEST_STEP][PASSED] - "Moved Login Credentials to <Default> profile 22/01/2020": null

2020-04-27 11:38:17 - [TEST_STEP][PASSED] - "------------------------------------------------": null

2020-04-27 11:38:17 - [TEST_STEP][PASSED] - "WebOfficeURL - Set from the ENVIRONMENT PROFILE ": null

2020-04-27 11:38:17 - [TEST_STEP][PASSED] - "OPEN BROWSER": null

2020-04-27 11:38:17 - [TEST_STEP][PASSED] - "eg - https://admin.preview.checkatrade.com/  ": null

2020-04-27 11:38:17 - [TEST_STEP][PASSED] - openBrowser(WebOfficeURL): Browser is opened with url: 'https://admin.preview.checkatrade.com/'

2020-04-27 11:38:17 - [MESSAGE][INFO] - Starting 'Chrome' driver

2020-04-27 11:38:17 - [MESSAGE][INFO] - Action delay is set to 0 milliseconds

2020-04-27 11:38:22 - [MESSAGE][PASSED] - Browser is opened with url: 'https://admin.preview.checkatrade.com/'

2020-04-27 11:38:22 - [TEST_STEP][PASSED] - maximizeWindow(): Current window maximized

2020-04-27 11:38:25 - [MESSAGE][PASSED] - Current window maximized

2020-04-27 11:38:25 - [TEST_STEP][PASSED] - waitForElementClickable(findTestObject("Object Repository/WebOffice/Page_Checkatrade - Administration - Login/Login_Button"), 25): Object 'Object Repository/WebOffice/Page_Checkatrade - Administration - Login/Login_Button' is clickable

2020-04-27 11:38:25 - [MESSAGE][PASSED] - Object 'Object Repository/WebOffice/Page_Checkatrade - Administration - Login/Login_Button' is clickable

2020-04-27 11:38:25 - [TEST_STEP][PASSED] - verifyTextPresent("Checkatrade Web Office", false): Text 'Checkatrade Web Office' is present on page 

2020-04-27 11:38:25 - [MESSAGE][PASSED] - Text 'Checkatrade Web Office' is present on page 

2020-04-27 11:38:25 - [TEST_STEP][PASSED] - verifyTextPresent("Access for staff use only", false): Text 'Access for staff use only' is present on page 

2020-04-27 11:38:25 - [MESSAGE][PASSED] - Text 'Access for staff use only' is present on page 

2020-04-27 11:38:25 - [TEST_STEP][PASSED] - verifyTextPresent("Forgotten password?", false): Text 'Forgotten password?' is present on page 

2020-04-27 11:38:25 - [MESSAGE][PASSED] - Text 'Forgotten password?' is present on page 

2020-04-27 11:38:25 - [TEST_STEP][PASSED] - setText(findTestObject("Object Repository/WebOffice/Page_Checkatrade - Administration - Login/input_Username_LoginControlUserName"), wo_Username): Text 'DavidHo' is set on object 'Object Repository/WebOffice/Page_Checkatrade - Administration - Login/input_Username_LoginControlUserName'

2020-04-27 11:38:25 - [MESSAGE][PASSED] - Text 'DavidHo' is set on object 'Object Repository/WebOffice/Page_Checkatrade - Administration - Login/input_Username_LoginControlUserName'

2020-04-27 11:38:25 - [TEST_STEP][PASSED] - setText(findTestObject("Object Repository/WebOffice/Page_Checkatrade - Administration - Login/input_Password_LoginControlPassword"), wo_Password): Text 'Check123' is set on object 'Object Repository/WebOffice/Page_Checkatrade - Administration - Login/input_Password_LoginControlPassword'

2020-04-27 11:38:26 - [MESSAGE][PASSED] - Text 'Check123' is set on object 'Object Repository/WebOffice/Page_Checkatrade - Administration - Login/input_Password_LoginControlPassword'

2020-04-27 11:38:26 - [TEST_STEP][PASSED] - click(findTestObject("Object Repository/WebOffice/Page_Checkatrade - Administration - Login/Login_Button")): Object: 'Object Repository/WebOffice/Page_Checkatrade - Administration - Login/Login_Button' is clicked on

2020-04-27 11:38:27 - [MESSAGE][PASSED] - Object: 'Object Repository/WebOffice/Page_Checkatrade - Administration - Login/Login_Button' is clicked on

2020-04-27 11:38:27 - [TEST_STEP][PASSED] - waitForPageLoad(60): Wait for page load successfully

2020-04-27 11:38:27 - [MESSAGE][PASSED] - Wait for page load successfully

2020-04-27 11:38:27 - [TEST_STEP][PASSED] - verifyTextPresent("Welcome " + wo_Username, false): Text 'Welcome DavidHo' is present on page 

2020-04-27 11:38:27 - [MESSAGE][PASSED] - Text 'Welcome DavidHo' is present on page 

2020-04-27 11:38:27 - [MESSAGE][PASSED] - Call Test Case 'Test Cases/Reusable_Test_Sequences/Web_Office/Directives/WebOffice_StartUp' successfully

2020-04-27 11:38:27 - [TEST_STEP][PASSED] - "--------------------------------------": null

2020-04-27 11:38:27 - [TEST_STEP][PASSED] - " Navigate to <Companies> Menu Item    |": null

2020-04-27 11:38:27 - [TEST_STEP][PASSED] - callTestCase(findTestCase("Reusable_Test_Sequences/Web_Office/navigation/Navigate_Advanced_Company_Search"), [:], STOP_ON_FAILURE): Call Test Case 'Test Cases/Reusable_Test_Sequences/Web_Office/navigation/Navigate_Advanced_Company_Search' successfully

2020-04-27 11:38:27 - [TEST_CASE][PASSED] - Test Cases/Reusable_Test_Sequences/Web_Office/navigation/Navigate_Advanced_Company_Search: Test Cases/Reusable_Test_Sequences/Web_Office/navigation/Navigate_Advanced_Company_Search

2020-04-27 11:38:27 - [TEST_STEP][PASSED] - "--------------------------------------": null

2020-04-27 11:38:27 - [TEST_STEP][PASSED] - " Navigate Top level menu Item         |": null

2020-04-27 11:38:27 - [TEST_STEP][PASSED] - waitForPageLoad(60): Wait for page load successfully

2020-04-27 11:38:27 - [MESSAGE][PASSED] - Wait for page load successfully

2020-04-27 11:38:27 - [TEST_STEP][PASSED] - waitForElementClickable(findTestObject("Object Repository/WebOffice_Home_page/a_Companies"), 60): Object 'Object Repository/WebOffice_Home_page/a_Companies' is clickable

2020-04-27 11:38:27 - [MESSAGE][PASSED] - Object 'Object Repository/WebOffice_Home_page/a_Companies' is clickable

2020-04-27 11:38:27 - [TEST_STEP][PASSED] - mouseOver(findTestObject("Object Repository/WebOffice_Home_page/a_Companies")): Object: 'Object Repository/WebOffice_Home_page/a_Companies' is hovered

2020-04-27 11:38:28 - [MESSAGE][PASSED] - Object: 'Object Repository/WebOffice_Home_page/a_Companies' is hovered

2020-04-27 11:38:28 - [TEST_STEP][PASSED] - waitForElementClickable(findTestObject("Object Repository/WebOffice_Home_page/a_Company_Advanced_Search"), 1): Object 'Object Repository/WebOffice_Home_page/a_Company_Advanced_Search' is clickable

2020-04-27 11:38:28 - [MESSAGE][PASSED] - Object 'Object Repository/WebOffice_Home_page/a_Company_Advanced_Search' is clickable

2020-04-27 11:38:28 - [TEST_STEP][PASSED] - click(findTestObject("Object Repository/WebOffice_Home_page/a_Company_Advanced_Search")): Object: 'Object Repository/WebOffice_Home_page/a_Company_Advanced_Search' is clicked on

2020-04-27 11:38:30 - [MESSAGE][PASSED] - Object: 'Object Repository/WebOffice_Home_page/a_Company_Advanced_Search' is clicked on

2020-04-27 11:38:30 - [MESSAGE][PASSED] - Call Test Case 'Test Cases/Reusable_Test_Sequences/Web_Office/navigation/Navigate_Advanced_Company_Search' successfully

2020-04-27 11:38:30 - [TEST_STEP][PASSED] - "--------------------------------------": null

2020-04-27 11:38:30 - [TEST_STEP][PASSED] - " LH Pane  - Apply Search Criteria     |": null

2020-04-27 11:38:30 - [TEST_STEP][PASSED] - callTestCase(findTestCase("Reusable_Test_Sequences/Web_Office/Actions/Set_Advanced_Company_Data"), [:], STOP_ON_FAILURE): Call Test Case 'Test Cases/Reusable_Test_Sequences/Web_Office/Actions/Set_Advanced_Company_Data' successfully

2020-04-27 11:38:30 - [TEST_CASE][PASSED] - Test Cases/Reusable_Test_Sequences/Web_Office/Actions/Set_Advanced_Company_Data: Test Cases/Reusable_Test_Sequences/Web_Office/Actions/Set_Advanced_Company_Data

2020-04-27 11:38:30 - [TEST_STEP][PASSED] - "--------------------------------": null

2020-04-27 11:38:30 - [TEST_STEP][PASSED] - "Read data from spreadsheet      |": null

2020-04-27 11:38:30 - [TEST_STEP][PASSED] - data = findTestData("Data Files/Advance_Company_Search_Data"): null

2020-04-27 11:38:30 - [TEST_STEP][PASSED] - Trader_ID = data.getValue("Trader_ID", row): null

2020-04-27 11:38:30 - [TEST_STEP][PASSED] - Limited_Company_Number = data.getValue("Limited_Company_Number", row): null

2020-04-27 11:38:30 - [TEST_STEP][PASSED] - Company_Name = data.getValue("Company_Name", row): null

2020-04-27 11:38:30 - [TEST_STEP][PASSED] - Owner_Surname = data.getValue("Owner_Surname", row): null

2020-04-27 11:38:30 - [TEST_STEP][PASSED] - Owner_DOB = data.getValue("Owner_DOB", row): null

2020-04-27 11:38:30 - [TEST_STEP][PASSED] - Name_House = data.getValue("Name_House", row): null

2020-04-27 11:38:30 - [TEST_STEP][PASSED] - Number_Street = data.getValue("Number_Street", row): null

2020-04-27 11:38:30 - [TEST_STEP][PASSED] - Town = data.getValue("Town", row): null

2020-04-27 11:38:30 - [TEST_STEP][PASSED] - City = data.getValue("City", row): null

2020-04-27 11:38:30 - [TEST_STEP][PASSED] - County = data.getValue("County", row): null

2020-04-27 11:38:30 - [TEST_STEP][PASSED] - Postcode = data.getValue("Postcode", row): null

2020-04-27 11:38:30 - [TEST_STEP][PASSED] - Tel = data.getValue("Tel", row): null

2020-04-27 11:38:30 - [TEST_STEP][PASSED] - Email = data.getValue("Email", row): null

2020-04-27 11:38:30 - [TEST_STEP][PASSED] - "slack": null

2020-04-27 11:38:30 - [TEST_STEP][PASSED] - "--------------------------------": null

2020-04-27 11:38:30 - [TEST_STEP][PASSED] - " Synchronisation                |": null

2020-04-27 11:38:30 - [TEST_STEP][PASSED] - waitForPageLoad(60): Wait for page load successfully

2020-04-27 11:38:30 - [MESSAGE][PASSED] - Wait for page load successfully

2020-04-27 11:38:30 - [TEST_STEP][PASSED] - waitForElementVisible(findTestObject("Web_Office_Advanced_Company_Search/Page_/input_Clear_ctl00ctl00CP1ctlSearchbtnSearch"), 60): Object 'Object Repository/Web_Office_Advanced_Company_Search/Page_/input_Clear_ctl00ctl00CP1ctlSearchbtnSearch' is visible

2020-04-27 11:38:30 - [MESSAGE][PASSED] - Object 'Object Repository/Web_Office_Advanced_Company_Search/Page_/input_Clear_ctl00ctl00CP1ctlSearchbtnSearch' is visible

2020-04-27 11:38:30 - [TEST_STEP][PASSED] - "https://admin.preview.checkatrade.com/Companies/Search.aspx": null

2020-04-27 11:38:30 - [TEST_STEP][PASSED] - "-------------------------------------------------------------------------------------------------------------------------------------": null

2020-04-27 11:38:30 - [TEST_STEP][PASSED] - setText(findTestObject("Web_Office_Advanced_Company_Search/Page_/table_Trader ID"), Trader_ID): Text '' is set on object 'Object Repository/Web_Office_Advanced_Company_Search/Page_/table_Trader ID'

2020-04-27 11:38:30 - [MESSAGE][PASSED] - Text '' is set on object 'Object Repository/Web_Office_Advanced_Company_Search/Page_/table_Trader ID'

2020-04-27 11:38:30 - [TEST_STEP][PASSED] - "-------------------------------------------------------------------------------------------------------------------------------------": null

2020-04-27 11:38:30 - [TEST_STEP][PASSED] - setText(findTestObject("Web_Office_Advanced_Company_Search/Page_/input_Limited Company Number"), Limited_Company_Number): Text '4460222' is set on object 'Object Repository/Web_Office_Advanced_Company_Search/Page_/input_Limited Company Number'

2020-04-27 11:38:31 - [MESSAGE][PASSED] - Text '4460222' is set on object 'Object Repository/Web_Office_Advanced_Company_Search/Page_/input_Limited Company Number'

2020-04-27 11:38:31 - [TEST_STEP][PASSED] - "-------------------------------------------------------------------------------------------------------------------------------------": null

2020-04-27 11:38:31 - [TEST_STEP][PASSED] - setText(findTestObject("Web_Office_Advanced_Company_Search/Page_/input_Company Name"), Company_Name): Text '' is set on object 'Object Repository/Web_Office_Advanced_Company_Search/Page_/input_Company Name'

2020-04-27 11:38:32 - [MESSAGE][PASSED] - Text '' is set on object 'Object Repository/Web_Office_Advanced_Company_Search/Page_/input_Company Name'

2020-04-27 11:38:32 - [TEST_STEP][PASSED] - "-------------------------------------------------------------------------------------------------------------------------------------": null

2020-04-27 11:38:32 - [TEST_STEP][PASSED] - "Set Owner_Date of Birth": null

2020-04-27 11:38:32 - [TEST_STEP][PASSED] - "-------------------------------------------------------------------------------------------------------------------------------------": null

2020-04-27 11:38:32 - [TEST_STEP][PASSED] - setText(findTestObject("Web_Office_Advanced_Company_Search/Page_/input_Owner Surname"), Owner_Surname): Text '' is set on object 'Object Repository/Web_Office_Advanced_Company_Search/Page_/input_Owner Surname'

2020-04-27 11:38:32 - [MESSAGE][PASSED] - Text '' is set on object 'Object Repository/Web_Office_Advanced_Company_Search/Page_/input_Owner Surname'

2020-04-27 11:38:32 - [TEST_STEP][PASSED] - "-------------------------------------------------------------------------------------------------------------------------------------": null

2020-04-27 11:38:32 - [TEST_STEP][PASSED] - setText(findTestObject("Web_Office_Advanced_Company_Search/Page_/input_Name Of House"), Name_House): Text '' is set on object 'Object Repository/Web_Office_Advanced_Company_Search/Page_/input_Name Of House'

2020-04-27 11:38:32 - [MESSAGE][PASSED] - Text '' is set on object 'Object Repository/Web_Office_Advanced_Company_Search/Page_/input_Name Of House'

2020-04-27 11:38:32 - [TEST_STEP][PASSED] - "-------------------------------------------------------------------------------------------------------------------------------------": null

2020-04-27 11:38:32 - [TEST_STEP][PASSED] - "Set Street": null

2020-04-27 11:38:32 - [TEST_STEP][PASSED] - "-------------------------------------------------------------------------------------------------------------------------------------": null

2020-04-27 11:38:32 - [TEST_STEP][PASSED] - setText(findTestObject("Web_Office_Advanced_Company_Search/Page_/input_Town"), Town): Text '' is set on object 'Object Repository/Web_Office_Advanced_Company_Search/Page_/input_Town'

2020-04-27 11:38:32 - [MESSAGE][PASSED] - Text '' is set on object 'Object Repository/Web_Office_Advanced_Company_Search/Page_/input_Town'

2020-04-27 11:38:32 - [TEST_STEP][PASSED] - "-------------------------------------------------------------------------------------------------------------------------------------": null

2020-04-27 11:38:32 - [TEST_STEP][PASSED] - setText(findTestObject("Web_Office_Advanced_Company_Search/Page_/input_City"), City): Text '' is set on object 'Object Repository/Web_Office_Advanced_Company_Search/Page_/input_City'

2020-04-27 11:38:33 - [MESSAGE][PASSED] - Text '' is set on object 'Object Repository/Web_Office_Advanced_Company_Search/Page_/input_City'

2020-04-27 11:38:33 - [TEST_STEP][PASSED] - "-------------------------------------------------------------------------------------------------------------------------------------": null

2020-04-27 11:38:33 - [TEST_STEP][PASSED] - setText(findTestObject("Web_Office_Advanced_Company_Search/Page_/input_County"), County): Text '' is set on object 'Object Repository/Web_Office_Advanced_Company_Search/Page_/input_County'

2020-04-27 11:38:33 - [MESSAGE][PASSED] - Text '' is set on object 'Object Repository/Web_Office_Advanced_Company_Search/Page_/input_County'

2020-04-27 11:38:33 - [TEST_STEP][PASSED] - "-------------------------------------------------------------------------------------------------------------------------------------": null

2020-04-27 11:38:33 - [TEST_STEP][PASSED] - setText(findTestObject("Web_Office_Advanced_Company_Search/Page_/input_Postcode"), Postcode): Text '' is set on object 'Object Repository/Web_Office_Advanced_Company_Search/Page_/input_Postcode'

2020-04-27 11:38:34 - [MESSAGE][PASSED] - Text '' is set on object 'Object Repository/Web_Office_Advanced_Company_Search/Page_/input_Postcode'

2020-04-27 11:38:34 - [TEST_STEP][PASSED] - "-------------------------------------------------------------------------------------------------------------------------------------": null

2020-04-27 11:38:34 - [TEST_STEP][PASSED] - setText(findTestObject("Web_Office_Advanced_Company_Search/Page_/input_Telephone"), Tel): Text '01243 868423' is set on object 'Object Repository/Web_Office_Advanced_Company_Search/Page_/input_Telephone'

2020-04-27 11:38:34 - [MESSAGE][PASSED] - Text '01243 868423' is set on object 'Object Repository/Web_Office_Advanced_Company_Search/Page_/input_Telephone'

2020-04-27 11:38:34 - [TEST_STEP][PASSED] - "-------------------------------------------------------------------------------------------------------------------------------------": null

2020-04-27 11:38:34 - [TEST_STEP][PASSED] - setText(findTestObject("Web_Office_Advanced_Company_Search/Page_/input_Email"), Email): Text 'kfrsteve@hotmail.com' is set on object 'Object Repository/Web_Office_Advanced_Company_Search/Page_/input_Email'

2020-04-27 11:38:36 - [MESSAGE][PASSED] - Text 'kfrsteve@hotmail.com' is set on object 'Object Repository/Web_Office_Advanced_Company_Search/Page_/input_Email'

2020-04-27 11:38:36 - [TEST_STEP][PASSED] - "Set Status": null

2020-04-27 11:38:36 - [TEST_STEP][PASSED] - "-------------------------------------------------------------------------------------------------------------------------------------": null

2020-04-27 11:38:36 - [TEST_STEP][PASSED] - "Status 3 Options": null

2020-04-27 11:38:36 - [TEST_STEP][PASSED] - "-------------------------------------------------------------------------------------------------------------------------------------": null

2020-04-27 11:38:36 - [TEST_STEP][PASSED] - "Set Type": null

2020-04-27 11:38:36 - [TEST_STEP][PASSED] - "-------------------------------------------------------------------------------------------------------------------------------------": null

2020-04-27 11:38:36 - [TEST_STEP][PASSED] - "Type 3 Options": null

2020-04-27 11:38:36 - [TEST_STEP][PASSED] - "-------------------------------------------------------------------------------------------------------------------------------------": null

2020-04-27 11:38:36 - [TEST_STEP][PASSED] - scrollToPosition(0, 0): Browser is scrolled to position x = 0, y = 0

2020-04-27 11:38:36 - [MESSAGE][PASSED] - Browser is scrolled to position x = 0, y = 0

2020-04-27 11:38:36 - [TEST_STEP][PASSED] - waitForElementClickable(findTestObject("Web_Office_Advanced_Company_Search/Page_/Top_Search_Button"), 5): Object 'Object Repository/Web_Office_Advanced_Company_Search/Page_/Top_Search_Button' is clickable

2020-04-27 11:38:36 - [MESSAGE][PASSED] - Object 'Object Repository/Web_Office_Advanced_Company_Search/Page_/Top_Search_Button' is clickable

2020-04-27 11:38:36 - [TEST_STEP][PASSED] - click(findTestObject("Web_Office_Advanced_Company_Search/Page_/Top_Search_Button")): Object: 'Object Repository/Web_Office_Advanced_Company_Search/Page_/Top_Search_Button' is clicked on

2020-04-27 11:38:44 - [MESSAGE][PASSED] - Object: 'Object Repository/Web_Office_Advanced_Company_Search/Page_/Top_Search_Button' is clicked on

2020-04-27 11:38:44 - [MESSAGE][PASSED] - Call Test Case 'Test Cases/Reusable_Test_Sequences/Web_Office/Actions/Set_Advanced_Company_Data' successfully

2020-04-27 11:38:44 - [TEST_STEP][PASSED] - "--------------------------------------": null

2020-04-27 11:38:44 - [TEST_STEP][PASSED] - " Select Returned Record to Verify     |": null

2020-04-27 11:38:44 - [TEST_STEP][PASSED] - callTestCase(findTestCase("Reusable_Test_Sequences/Web_Office/Actions/Select_Company"), [:], OPTIONAL): Call Test Case 'Test Cases/Reusable_Test_Sequences/Web_Office/Actions/Select_Company' successfully

2020-04-27 11:38:44 - [TEST_CASE][PASSED] - Test Cases/Reusable_Test_Sequences/Web_Office/Actions/Select_Company: Test Cases/Reusable_Test_Sequences/Web_Office/Actions/Select_Company

2020-04-27 11:38:44 - [TEST_STEP][PASSED] - waitForPageLoad(60): Wait for page load successfully

2020-04-27 11:38:44 - [MESSAGE][PASSED] - Wait for page load successfully

2020-04-27 11:38:44 - [TEST_STEP][PASSED] - waitForElementClickable(findTestObject("Web_Office_Advanced_Company_Search/Page_/td_Returned_Company"), 5): Object 'Object Repository/Web_Office_Advanced_Company_Search/Page_/td_Returned_Company' is clickable

2020-04-27 11:38:44 - [MESSAGE][PASSED] - Object 'Object Repository/Web_Office_Advanced_Company_Search/Page_/td_Returned_Company' is clickable

2020-04-27 11:38:44 - [TEST_STEP][PASSED] - "-------------------------------------------------------------------------------------------------------------------------------------": null

2020-04-27 11:38:44 - [TEST_STEP][PASSED] - click(findTestObject("Web_Office_Advanced_Company_Search/Page_/td_Returned_Company")): Object: 'Object Repository/Web_Office_Advanced_Company_Search/Page_/td_Returned_Company' is clicked on

2020-04-27 11:38:48 - [MESSAGE][PASSED] - Object: 'Object Repository/Web_Office_Advanced_Company_Search/Page_/td_Returned_Company' is clicked on

2020-04-27 11:38:48 - [MESSAGE][PASSED] - Call Test Case 'Test Cases/Reusable_Test_Sequences/Web_Office/Actions/Select_Company' successfully

2020-04-27 11:38:48 - [TEST_STEP][PASSED] - "--------------------------------------": null

2020-04-27 11:38:48 - [TEST_STEP][PASSED] - " Verify Returned Company Record       |": null

2020-04-27 11:38:48 - [TEST_STEP][PASSED] - callTestCase(findTestCase("Reusable_Test_Sequences/Web_Office/Verification/Company_Returned_Advanced_Search_Record"), [:], OPTIONAL): Call Test Case 'Test Cases/Reusable_Test_Sequences/Web_Office/Verification/Company_Returned_Advanced_Search_Record' successfully

2020-04-27 11:38:48 - [TEST_CASE][PASSED] - Test Cases/Reusable_Test_Sequences/Web_Office/Verification/Company_Returned_Advanced_Search_Record: Test Cases/Reusable_Test_Sequences/Web_Office/Verification/Company_Returned_Advanced_Search_Record

2020-04-27 11:38:48 - [TEST_STEP][PASSED] - "--------------------------------": null

2020-04-27 11:38:48 - [TEST_STEP][PASSED] - "Read data from spreadsheet      | r_ = Returned Data": null

2020-04-27 11:38:48 - [TEST_STEP][PASSED] - data = findTestData("Data Files/Advance_Company_Search_Data"): null

2020-04-27 11:38:48 - [TEST_STEP][PASSED] - Trader_ID = data.getValue("Trader_ID", row): null

2020-04-27 11:38:48 - [TEST_STEP][PASSED] - Limited_Company_Number = data.getValue("Limited_Company_Number", row): null

2020-04-27 11:38:48 - [TEST_STEP][PASSED] - Company_Name = data.getValue("Company_Name", row): null

2020-04-27 11:38:48 - [TEST_STEP][PASSED] - Owner_Surname = data.getValue("Owner_Surname", row): null

2020-04-27 11:38:48 - [TEST_STEP][PASSED] - Owner_DOB = data.getValue("Owner_DOB", row): null

2020-04-27 11:38:48 - [TEST_STEP][PASSED] - Name_House = data.getValue("Name_House", row): null

2020-04-27 11:38:48 - [TEST_STEP][PASSED] - Number_Street = data.getValue("Number_Street", row): null

2020-04-27 11:38:48 - [TEST_STEP][PASSED] - Town = data.getValue("Town", row): null

2020-04-27 11:38:48 - [TEST_STEP][PASSED] - City = data.getValue("City", row): null

2020-04-27 11:38:48 - [TEST_STEP][PASSED] - County = data.getValue("County", row): null

2020-04-27 11:38:48 - [TEST_STEP][PASSED] - Postcode = data.getValue("Postcode", row): null

2020-04-27 11:38:48 - [TEST_STEP][PASSED] - Tel = data.getValue("Tel", row): null

2020-04-27 11:38:48 - [TEST_STEP][PASSED] - Email = data.getValue("Email", row): null

2020-04-27 11:38:48 - [TEST_STEP][PASSED] - "--------------------------------": null

2020-04-27 11:38:48 - [TEST_STEP][PASSED] - "Read data from spreadsheet      |": null

2020-04-27 11:38:48 - [TEST_STEP][PASSED] - Actual_Page_Text = "": null

2020-04-27 11:38:48 - [TEST_STEP][PASSED] - Expected_Page_Text = "": null

2020-04-27 11:38:48 - [TEST_STEP][PASSED] - waitForPageLoad(60): Wait for page load successfully

2020-04-27 11:38:48 - [MESSAGE][PASSED] - Wait for page load successfully

2020-04-27 11:38:48 - [TEST_STEP][PASSED] - delay(1): Delayed 1 second(s)

2020-04-27 11:38:49 - [MESSAGE][PASSED] - Delayed 1 second(s)

2020-04-27 11:38:49 - [TEST_STEP][PASSED] - "---------------------------------------------------------------------------------------------------------------------": null

2020-04-27 11:38:49 - [TEST_STEP][PASSED] - "HEADER DETAIL - iFrame": null

2020-04-27 11:38:49 - [TEST_STEP][PASSED] - "-----------------": null

2020-04-27 11:38:49 - [TEST_STEP][PASSED] - "PAGE_HEADER TEXT |": null

2020-04-27 11:38:49 - [TEST_STEP][PASSED] - verifyTextPresent(findTestData("Data Files/Advance_Company_Search_Data").getValue("Page_Header_Text", row), false): Text 'Kitchen Facelift & Renewal Limited' is present on page 

2020-04-27 11:38:50 - [MESSAGE][PASSED] - Text 'Kitchen Facelift & Renewal Limited' is present on page 

2020-04-27 11:38:50 - [TEST_STEP][PASSED] - "----------------": null

2020-04-27 11:38:50 - [TEST_STEP][PASSED] - "Email Address   |": null

2020-04-27 11:38:50 - [TEST_STEP][PASSED] - verifyTextPresent(findTestData("Data Files/Advance_Company_Search_Data").getValue("Email", row), false): Text 'kfrsteve@hotmail.com' is present on page 

2020-04-27 11:38:51 - [MESSAGE][PASSED] - Text 'kfrsteve@hotmail.com' is present on page 

2020-04-27 11:38:51 - [TEST_STEP][PASSED] - "----------------": null

2020-04-27 11:38:51 - [TEST_STEP][PASSED] - "Phone Number    |": null

2020-04-27 11:38:51 - [TEST_STEP][PASSED] - verifyTextPresent(findTestData("Data Files/Advance_Company_Search_Data").getValue("Tel", row), false): Text '01243 868423' is present on page 

2020-04-27 11:38:52 - [MESSAGE][PASSED] - Text '01243 868423' is present on page 

2020-04-27 11:38:52 - [TEST_STEP][PASSED] - "----------------": null

2020-04-27 11:38:52 - [TEST_STEP][PASSED] - "Trader ID       |": null

2020-04-27 11:38:52 - [TEST_STEP][PASSED] - verifyTextPresent(findTestData("Data Files/Advance_Company_Search_Data").getValue("Trader_ID", row), false): Text '' is present on page 

2020-04-27 11:38:53 - [MESSAGE][PASSED] - Text '' is present on page 

2020-04-27 11:38:53 - [TEST_STEP][PASSED] - "----------------": null

2020-04-27 11:38:53 - [TEST_STEP][PASSED] - "Postcode        |": null

2020-04-27 11:38:53 - [TEST_STEP][PASSED] - verifyTextPresent(findTestData("Data Files/Advance_Company_Search_Data").getValue("Postcode", row), false): Text '' is present on page 

2020-04-27 11:38:53 - [MESSAGE][PASSED] - Text '' is present on page 

2020-04-27 11:38:53 - [TEST_STEP][PASSED] - "----------------": null

2020-04-27 11:38:53 - [TEST_STEP][PASSED] - "Full Name       |": null

2020-04-27 11:38:53 - [TEST_STEP][PASSED] - verifyTextPresent(findTestData("Data Files/Advance_Company_Search_Data").getValue("Full_Name", row), false): Text 'Mr Steve Mercer' is present on page 

2020-04-27 11:38:54 - [MESSAGE][PASSED] - Text 'Mr Steve Mercer' is present on page 

2020-04-27 11:38:54 - [TEST_STEP][PASSED] - "----------------": null

2020-04-27 11:38:54 - [TEST_STEP][PASSED] - "Date of Birth   |": null

2020-04-27 11:38:54 - [TEST_STEP][PASSED] - verifyTextPresent(findTestData("Data Files/Advance_Company_Search_Data").getValue("Owner_DOB", row), false): Text 'DoB: 18/09/1959' is present on page 

2020-04-27 11:38:55 - [MESSAGE][PASSED] - Text 'DoB: 18/09/1959' is present on page 

2020-04-27 11:38:55 - [TEST_STEP][PASSED] - "----------------": null

2020-04-27 11:38:55 - [TEST_STEP][PASSED] - "Full Address    |": null

2020-04-27 11:38:55 - [TEST_STEP][PASSED] - verifyTextPresent(findTestData("Data Files/Advance_Company_Search_Data").getValue("Full_Address", row), false): Text 'Lyndale, Town Cross Avenue, Bognor Regis, West Sussex, PO21 2DN' is present on page 

2020-04-27 11:38:56 - [MESSAGE][PASSED] - Text 'Lyndale, Town Cross Avenue, Bognor Regis, West Sussex, PO21 2DN' is present on page 

2020-04-27 11:38:56 - [MESSAGE][PASSED] - Call Test Case 'Test Cases/Reusable_Test_Sequences/Web_Office/Verification/Company_Returned_Advanced_Search_Record' successfully

2020-04-27 11:38:56 - [TEST_STEP][PASSED] - "--------------------------": null

2020-04-27 11:38:56 - [TEST_STEP][PASSED] - " Teardown - CLose Browser |": null

2020-04-27 11:38:56 - [TEST_STEP][PASSED] - callTestCase(findTestCase("Reusable_Test_Sequences/CAT_Teardown"), [:], OPTIONAL): Call Test Case 'Test Cases/Reusable_Test_Sequences/CAT_Teardown' successfully

2020-04-27 11:38:56 - [TEST_CASE][PASSED] - Test Cases/Reusable_Test_Sequences/CAT_Teardown: Test Cases/Reusable_Test_Sequences/CAT_Teardown

2020-04-27 11:38:56 - [TEST_STEP][PASSED] - closeBrowser(): Browser is closed

2020-04-27 11:38:57 - [MESSAGE][PASSED] - Browser is closed

2020-04-27 11:38:57 - [TEST_STEP][PASSED] - super.finalize(): null

2020-04-27 11:38:57 - [TEST_STEP][PASSED] - System.gc(): null

2020-04-27 11:38:57 - [MESSAGE][PASSED] - Call Test Case 'Test Cases/Reusable_Test_Sequences/CAT_Teardown' successfully

2020-04-27 11:38:57 - [TEST_STEP][PASSED] - "--------------------------------------": null

2020-04-27 11:38:57 - [TEST_STEP][PASSED] - " Web Office StartUp                  |": null

2020-04-27 11:38:57 - [TEST_STEP][PASSED] - callTestCase(findTestCase("Reusable_Test_Sequences/Web_Office/Directives/WebOffice_StartUp"), [:], STOP_ON_FAILURE): Call Test Case 'Test Cases/Reusable_Test_Sequences/Web_Office/Directives/WebOffice_StartUp' successfully

2020-04-27 11:38:57 - [TEST_CASE][PASSED] - Test Cases/Reusable_Test_Sequences/Web_Office/Directives/WebOffice_StartUp: Test Cases/Reusable_Test_Sequences/Web_Office/Directives/WebOffice_StartUp

2020-04-27 11:38:57 - [TEST_STEP][PASSED] - "-----------------------------------------------------------------------------": null

2020-04-27 11:38:57 - [TEST_STEP][PASSED] - if (URL == "https://www.dev.checkatrade.com/"): null

2020-04-27 11:38:57 - [TEST_STEP][PASSED] - "-----------------------------------------------------------------------------": null

2020-04-27 11:38:57 - [TEST_STEP][PASSED] - if (URL == "https://www.checkatrade.com/"): null

2020-04-27 11:38:57 - [TEST_STEP][PASSED] - "-----------------------------------------------------------------------------": null

2020-04-27 11:38:57 - [TEST_STEP][PASSED] - if (URL == "https://www.preview.checkatrade.com/"): null

2020-04-27 11:38:57 - [TEST_STEP][PASSED] - WebOfficeURL = "https://admin.preview.checkatrade.com/": null

2020-04-27 11:38:57 - [TEST_STEP][PASSED] - if (URL == "https://www.dev2.checkatrade.com/"): null

2020-04-27 11:38:57 - [TEST_STEP][PASSED] - "Set Function Area for "URL_Handler", URL Resolution": null

2020-04-27 11:38:57 - [TEST_STEP][PASSED] - "Do Some Magic with URL(s) See the comments within URL Handler ": null

2020-04-27 11:38:57 - [TEST_STEP][PASSED] - "------------------------------------------------": null

2020-04-27 11:38:57 - [TEST_STEP][PASSED] - "Moved Login Credentials to <Default> profile 22/01/2020": null

2020-04-27 11:38:57 - [TEST_STEP][PASSED] - "------------------------------------------------": null

2020-04-27 11:38:57 - [TEST_STEP][PASSED] - "WebOfficeURL - Set from the ENVIRONMENT PROFILE ": null

2020-04-27 11:38:57 - [TEST_STEP][PASSED] - "OPEN BROWSER": null

2020-04-27 11:38:57 - [TEST_STEP][PASSED] - "eg - https://admin.preview.checkatrade.com/  ": null

2020-04-27 11:38:57 - [TEST_STEP][PASSED] - openBrowser(WebOfficeURL): Browser is opened with url: 'https://admin.preview.checkatrade.com/'

2020-04-27 11:38:57 - [MESSAGE][INFO] - Starting 'Chrome' driver

2020-04-27 11:38:57 - [MESSAGE][INFO] - Action delay is set to 0 milliseconds

2020-04-27 11:39:02 - [MESSAGE][PASSED] - Browser is opened with url: 'https://admin.preview.checkatrade.com/'

2020-04-27 11:39:02 - [TEST_STEP][PASSED] - maximizeWindow(): Current window maximized

2020-04-27 11:39:04 - [MESSAGE][PASSED] - Current window maximized

2020-04-27 11:39:04 - [TEST_STEP][PASSED] - waitForElementClickable(findTestObject("Object Repository/WebOffice/Page_Checkatrade - Administration - Login/Login_Button"), 25): Object 'Object Repository/WebOffice/Page_Checkatrade - Administration - Login/Login_Button' is clickable

2020-04-27 11:39:05 - [MESSAGE][PASSED] - Object 'Object Repository/WebOffice/Page_Checkatrade - Administration - Login/Login_Button' is clickable

2020-04-27 11:39:05 - [TEST_STEP][PASSED] - verifyTextPresent("Checkatrade Web Office", false): Text 'Checkatrade Web Office' is present on page 

2020-04-27 11:39:05 - [MESSAGE][PASSED] - Text 'Checkatrade Web Office' is present on page 

2020-04-27 11:39:05 - [TEST_STEP][PASSED] - verifyTextPresent("Access for staff use only", false): Text 'Access for staff use only' is present on page 

2020-04-27 11:39:05 - [MESSAGE][PASSED] - Text 'Access for staff use only' is present on page 

2020-04-27 11:39:05 - [TEST_STEP][PASSED] - verifyTextPresent("Forgotten password?", false): Text 'Forgotten password?' is present on page 

2020-04-27 11:39:05 - [MESSAGE][PASSED] - Text 'Forgotten password?' is present on page 

2020-04-27 11:39:05 - [TEST_STEP][PASSED] - setText(findTestObject("Object Repository/WebOffice/Page_Checkatrade - Administration - Login/input_Username_LoginControlUserName"), wo_Username): Text 'DavidHo' is set on object 'Object Repository/WebOffice/Page_Checkatrade - Administration - Login/input_Username_LoginControlUserName'

2020-04-27 11:39:05 - [MESSAGE][PASSED] - Text 'DavidHo' is set on object 'Object Repository/WebOffice/Page_Checkatrade - Administration - Login/input_Username_LoginControlUserName'

2020-04-27 11:39:05 - [TEST_STEP][PASSED] - setText(findTestObject("Object Repository/WebOffice/Page_Checkatrade - Administration - Login/input_Password_LoginControlPassword"), wo_Password): Text 'Check123' is set on object 'Object Repository/WebOffice/Page_Checkatrade - Administration - Login/input_Password_LoginControlPassword'

2020-04-27 11:39:06 - [MESSAGE][PASSED] - Text 'Check123' is set on object 'Object Repository/WebOffice/Page_Checkatrade - Administration - Login/input_Password_LoginControlPassword'

2020-04-27 11:39:06 - [TEST_STEP][PASSED] - click(findTestObject("Object Repository/WebOffice/Page_Checkatrade - Administration - Login/Login_Button")): Object: 'Object Repository/WebOffice/Page_Checkatrade - Administration - Login/Login_Button' is clicked on

2020-04-27 11:39:08 - [MESSAGE][PASSED] - Object: 'Object Repository/WebOffice/Page_Checkatrade - Administration - Login/Login_Button' is clicked on

2020-04-27 11:39:08 - [TEST_STEP][PASSED] - waitForPageLoad(60): Wait for page load successfully

2020-04-27 11:39:09 - [MESSAGE][PASSED] - Wait for page load successfully

2020-04-27 11:39:09 - [TEST_STEP][PASSED] - verifyTextPresent("Welcome " + wo_Username, false): Text 'Welcome DavidHo' is present on page 

2020-04-27 11:39:09 - [MESSAGE][PASSED] - Text 'Welcome DavidHo' is present on page 

2020-04-27 11:39:09 - [MESSAGE][PASSED] - Call Test Case 'Test Cases/Reusable_Test_Sequences/Web_Office/Directives/WebOffice_StartUp' successfully

2020-04-27 11:39:09 - [TEST_STEP][PASSED] - "--------------------------------------": null

2020-04-27 11:39:09 - [TEST_STEP][PASSED] - " Navigate to <Companies> Menu Item    |": null

2020-04-27 11:39:09 - [TEST_STEP][PASSED] - callTestCase(findTestCase("Reusable_Test_Sequences/Web_Office/navigation/Navigate_Advanced_Company_Search"), [:], STOP_ON_FAILURE): Call Test Case 'Test Cases/Reusable_Test_Sequences/Web_Office/navigation/Navigate_Advanced_Company_Search' successfully

2020-04-27 11:39:09 - [TEST_CASE][PASSED] - Test Cases/Reusable_Test_Sequences/Web_Office/navigation/Navigate_Advanced_Company_Search: Test Cases/Reusable_Test_Sequences/Web_Office/navigation/Navigate_Advanced_Company_Search

2020-04-27 11:39:09 - [TEST_STEP][PASSED] - "--------------------------------------": null

2020-04-27 11:39:09 - [TEST_STEP][PASSED] - " Navigate Top level menu Item         |": null

2020-04-27 11:39:09 - [TEST_STEP][PASSED] - waitForPageLoad(60): Wait for page load successfully

2020-04-27 11:39:09 - [MESSAGE][PASSED] - Wait for page load successfully

2020-04-27 11:39:09 - [TEST_STEP][PASSED] - waitForElementClickable(findTestObject("Object Repository/WebOffice_Home_page/a_Companies"), 60): Object 'Object Repository/WebOffice_Home_page/a_Companies' is clickable

2020-04-27 11:39:09 - [MESSAGE][PASSED] - Object 'Object Repository/WebOffice_Home_page/a_Companies' is clickable

2020-04-27 11:39:09 - [TEST_STEP][PASSED] - mouseOver(findTestObject("Object Repository/WebOffice_Home_page/a_Companies")): Object: 'Object Repository/WebOffice_Home_page/a_Companies' is hovered

2020-04-27 11:39:09 - [MESSAGE][PASSED] - Object: 'Object Repository/WebOffice_Home_page/a_Companies' is hovered

2020-04-27 11:39:09 - [TEST_STEP][PASSED] - waitForElementClickable(findTestObject("Object Repository/WebOffice_Home_page/a_Company_Advanced_Search"), 1): Object 'Object Repository/WebOffice_Home_page/a_Company_Advanced_Search' is clickable

2020-04-27 11:39:09 - [MESSAGE][PASSED] - Object 'Object Repository/WebOffice_Home_page/a_Company_Advanced_Search' is clickable

2020-04-27 11:39:09 - [TEST_STEP][PASSED] - click(findTestObject("Object Repository/WebOffice_Home_page/a_Company_Advanced_Search")): Object: 'Object Repository/WebOffice_Home_page/a_Company_Advanced_Search' is clicked on

2020-04-27 11:39:12 - [MESSAGE][PASSED] - Object: 'Object Repository/WebOffice_Home_page/a_Company_Advanced_Search' is clicked on

2020-04-27 11:39:12 - [MESSAGE][PASSED] - Call Test Case 'Test Cases/Reusable_Test_Sequences/Web_Office/navigation/Navigate_Advanced_Company_Search' successfully

2020-04-27 11:39:12 - [TEST_STEP][PASSED] - "--------------------------------------": null

2020-04-27 11:39:12 - [TEST_STEP][PASSED] - " LH Pane  - Apply Search Criteria     |": null

2020-04-27 11:39:12 - [TEST_STEP][PASSED] - callTestCase(findTestCase("Reusable_Test_Sequences/Web_Office/Actions/Set_Advanced_Company_Data"), [:], STOP_ON_FAILURE): Call Test Case 'Test Cases/Reusable_Test_Sequences/Web_Office/Actions/Set_Advanced_Company_Data' successfully

2020-04-27 11:39:12 - [TEST_CASE][PASSED] - Test Cases/Reusable_Test_Sequences/Web_Office/Actions/Set_Advanced_Company_Data: Test Cases/Reusable_Test_Sequences/Web_Office/Actions/Set_Advanced_Company_Data

2020-04-27 11:39:12 - [TEST_STEP][PASSED] - "--------------------------------": null

2020-04-27 11:39:12 - [TEST_STEP][PASSED] - "Read data from spreadsheet      |": null

2020-04-27 11:39:12 - [TEST_STEP][PASSED] - data = findTestData("Data Files/Advance_Company_Search_Data"): null

2020-04-27 11:39:12 - [TEST_STEP][PASSED] - Trader_ID = data.getValue("Trader_ID", row): null

2020-04-27 11:39:12 - [TEST_STEP][PASSED] - Limited_Company_Number = data.getValue("Limited_Company_Number", row): null

2020-04-27 11:39:12 - [TEST_STEP][PASSED] - Company_Name = data.getValue("Company_Name", row): null

2020-04-27 11:39:12 - [TEST_STEP][PASSED] - Owner_Surname = data.getValue("Owner_Surname", row): null

2020-04-27 11:39:12 - [TEST_STEP][PASSED] - Owner_DOB = data.getValue("Owner_DOB", row): null

2020-04-27 11:39:12 - [TEST_STEP][PASSED] - Name_House = data.getValue("Name_House", row): null

2020-04-27 11:39:12 - [TEST_STEP][PASSED] - Number_Street = data.getValue("Number_Street", row): null

2020-04-27 11:39:12 - [TEST_STEP][PASSED] - Town = data.getValue("Town", row): null

2020-04-27 11:39:12 - [TEST_STEP][PASSED] - City = data.getValue("City", row): null

2020-04-27 11:39:12 - [TEST_STEP][PASSED] - County = data.getValue("County", row): null

2020-04-27 11:39:12 - [TEST_STEP][PASSED] - Postcode = data.getValue("Postcode", row): null

2020-04-27 11:39:12 - [TEST_STEP][PASSED] - Tel = data.getValue("Tel", row): null

2020-04-27 11:39:12 - [TEST_STEP][PASSED] - Email = data.getValue("Email", row): null

2020-04-27 11:39:12 - [TEST_STEP][PASSED] - "slack": null

2020-04-27 11:39:12 - [TEST_STEP][PASSED] - "--------------------------------": null

2020-04-27 11:39:12 - [TEST_STEP][PASSED] - " Synchronisation                |": null

2020-04-27 11:39:12 - [TEST_STEP][PASSED] - waitForPageLoad(60): Wait for page load successfully

2020-04-27 11:39:12 - [MESSAGE][PASSED] - Wait for page load successfully

2020-04-27 11:39:12 - [TEST_STEP][PASSED] - waitForElementVisible(findTestObject("Web_Office_Advanced_Company_Search/Page_/input_Clear_ctl00ctl00CP1ctlSearchbtnSearch"), 60): Object 'Object Repository/Web_Office_Advanced_Company_Search/Page_/input_Clear_ctl00ctl00CP1ctlSearchbtnSearch' is visible

2020-04-27 11:39:12 - [MESSAGE][PASSED] - Object 'Object Repository/Web_Office_Advanced_Company_Search/Page_/input_Clear_ctl00ctl00CP1ctlSearchbtnSearch' is visible

2020-04-27 11:39:12 - [TEST_STEP][PASSED] - "https://admin.preview.checkatrade.com/Companies/Search.aspx": null

2020-04-27 11:39:12 - [TEST_STEP][PASSED] - "-------------------------------------------------------------------------------------------------------------------------------------": null

2020-04-27 11:39:12 - [TEST_STEP][PASSED] - setText(findTestObject("Web_Office_Advanced_Company_Search/Page_/table_Trader ID"), Trader_ID): Text '' is set on object 'Object Repository/Web_Office_Advanced_Company_Search/Page_/table_Trader ID'

2020-04-27 11:39:13 - [MESSAGE][PASSED] - Text '' is set on object 'Object Repository/Web_Office_Advanced_Company_Search/Page_/table_Trader ID'

2020-04-27 11:39:13 - [TEST_STEP][PASSED] - "-------------------------------------------------------------------------------------------------------------------------------------": null

2020-04-27 11:39:13 - [TEST_STEP][PASSED] - setText(findTestObject("Web_Office_Advanced_Company_Search/Page_/input_Limited Company Number"), Limited_Company_Number): Text '4460222' is set on object 'Object Repository/Web_Office_Advanced_Company_Search/Page_/input_Limited Company Number'

2020-04-27 11:39:13 - [MESSAGE][PASSED] - Text '4460222' is set on object 'Object Repository/Web_Office_Advanced_Company_Search/Page_/input_Limited Company Number'

2020-04-27 11:39:13 - [TEST_STEP][PASSED] - "-------------------------------------------------------------------------------------------------------------------------------------": null

2020-04-27 11:39:13 - [TEST_STEP][PASSED] - setText(findTestObject("Web_Office_Advanced_Company_Search/Page_/input_Company Name"), Company_Name): Text '' is set on object 'Object Repository/Web_Office_Advanced_Company_Search/Page_/input_Company Name'

2020-04-27 11:39:14 - [MESSAGE][PASSED] - Text '' is set on object 'Object Repository/Web_Office_Advanced_Company_Search/Page_/input_Company Name'

2020-04-27 11:39:14 - [TEST_STEP][PASSED] - "-------------------------------------------------------------------------------------------------------------------------------------": null

2020-04-27 11:39:14 - [TEST_STEP][PASSED] - "Set Owner_Date of Birth": null

2020-04-27 11:39:14 - [TEST_STEP][PASSED] - "-------------------------------------------------------------------------------------------------------------------------------------": null

2020-04-27 11:39:14 - [TEST_STEP][PASSED] - setText(findTestObject("Web_Office_Advanced_Company_Search/Page_/input_Owner Surname"), Owner_Surname): Text '' is set on object 'Object Repository/Web_Office_Advanced_Company_Search/Page_/input_Owner Surname'

2020-04-27 11:39:14 - [MESSAGE][PASSED] - Text '' is set on object 'Object Repository/Web_Office_Advanced_Company_Search/Page_/input_Owner Surname'

2020-04-27 11:39:14 - [TEST_STEP][PASSED] - "-------------------------------------------------------------------------------------------------------------------------------------": null

2020-04-27 11:39:14 - [TEST_STEP][PASSED] - setText(findTestObject("Web_Office_Advanced_Company_Search/Page_/input_Name Of House"), Name_House): Text '' is set on object 'Object Repository/Web_Office_Advanced_Company_Search/Page_/input_Name Of House'

2020-04-27 11:39:14 - [MESSAGE][PASSED] - Text '' is set on object 'Object Repository/Web_Office_Advanced_Company_Search/Page_/input_Name Of House'

2020-04-27 11:39:14 - [TEST_STEP][PASSED] - "-------------------------------------------------------------------------------------------------------------------------------------": null

2020-04-27 11:39:14 - [TEST_STEP][PASSED] - "Set Street": null

2020-04-27 11:39:14 - [TEST_STEP][PASSED] - "-------------------------------------------------------------------------------------------------------------------------------------": null

2020-04-27 11:39:14 - [TEST_STEP][PASSED] - setText(findTestObject("Web_Office_Advanced_Company_Search/Page_/input_Town"), Town): Text '' is set on object 'Object Repository/Web_Office_Advanced_Company_Search/Page_/input_Town'

2020-04-27 11:39:14 - [MESSAGE][PASSED] - Text '' is set on object 'Object Repository/Web_Office_Advanced_Company_Search/Page_/input_Town'

2020-04-27 11:39:14 - [TEST_STEP][PASSED] - "-------------------------------------------------------------------------------------------------------------------------------------": null

2020-04-27 11:39:14 - [TEST_STEP][PASSED] - setText(findTestObject("Web_Office_Advanced_Company_Search/Page_/input_City"), City): Text '' is set on object 'Object Repository/Web_Office_Advanced_Company_Search/Page_/input_City'

2020-04-27 11:39:15 - [MESSAGE][PASSED] - Text '' is set on object 'Object Repository/Web_Office_Advanced_Company_Search/Page_/input_City'

2020-04-27 11:39:15 - [TEST_STEP][PASSED] - "-------------------------------------------------------------------------------------------------------------------------------------": null

2020-04-27 11:39:15 - [TEST_STEP][PASSED] - setText(findTestObject("Web_Office_Advanced_Company_Search/Page_/input_County"), County): Text '' is set on object 'Object Repository/Web_Office_Advanced_Company_Search/Page_/input_County'

2020-04-27 11:39:15 - [MESSAGE][PASSED] - Text '' is set on object 'Object Repository/Web_Office_Advanced_Company_Search/Page_/input_County'

2020-04-27 11:39:15 - [TEST_STEP][PASSED] - "-------------------------------------------------------------------------------------------------------------------------------------": null

2020-04-27 11:39:15 - [TEST_STEP][PASSED] - setText(findTestObject("Web_Office_Advanced_Company_Search/Page_/input_Postcode"), Postcode): Text '' is set on object 'Object Repository/Web_Office_Advanced_Company_Search/Page_/input_Postcode'

2020-04-27 11:39:15 - [MESSAGE][PASSED] - Text '' is set on object 'Object Repository/Web_Office_Advanced_Company_Search/Page_/input_Postcode'

2020-04-27 11:39:15 - [TEST_STEP][PASSED] - "-------------------------------------------------------------------------------------------------------------------------------------": null

2020-04-27 11:39:15 - [TEST_STEP][PASSED] - setText(findTestObject("Web_Office_Advanced_Company_Search/Page_/input_Telephone"), Tel): Text '' is set on object 'Object Repository/Web_Office_Advanced_Company_Search/Page_/input_Telephone'

2020-04-27 11:39:16 - [MESSAGE][PASSED] - Text '' is set on object 'Object Repository/Web_Office_Advanced_Company_Search/Page_/input_Telephone'

2020-04-27 11:39:16 - [TEST_STEP][PASSED] - "-------------------------------------------------------------------------------------------------------------------------------------": null

2020-04-27 11:39:16 - [TEST_STEP][PASSED] - setText(findTestObject("Web_Office_Advanced_Company_Search/Page_/input_Email"), Email): Text '' is set on object 'Object Repository/Web_Office_Advanced_Company_Search/Page_/input_Email'

2020-04-27 11:39:16 - [MESSAGE][PASSED] - Text '' is set on object 'Object Repository/Web_Office_Advanced_Company_Search/Page_/input_Email'

2020-04-27 11:39:16 - [TEST_STEP][PASSED] - "Set Status": null

2020-04-27 11:39:16 - [TEST_STEP][PASSED] - "-------------------------------------------------------------------------------------------------------------------------------------": null

2020-04-27 11:39:16 - [TEST_STEP][PASSED] - "Status 3 Options": null

2020-04-27 11:39:16 - [TEST_STEP][PASSED] - "-------------------------------------------------------------------------------------------------------------------------------------": null

2020-04-27 11:39:16 - [TEST_STEP][PASSED] - "Set Type": null

2020-04-27 11:39:16 - [TEST_STEP][PASSED] - "-------------------------------------------------------------------------------------------------------------------------------------": null

2020-04-27 11:39:16 - [TEST_STEP][PASSED] - "Type 3 Options": null

2020-04-27 11:39:16 - [TEST_STEP][PASSED] - "-------------------------------------------------------------------------------------------------------------------------------------": null

2020-04-27 11:39:16 - [TEST_STEP][PASSED] - scrollToPosition(0, 0): Browser is scrolled to position x = 0, y = 0

2020-04-27 11:39:16 - [MESSAGE][PASSED] - Browser is scrolled to position x = 0, y = 0

2020-04-27 11:39:16 - [TEST_STEP][PASSED] - waitForElementClickable(findTestObject("Web_Office_Advanced_Company_Search/Page_/Top_Search_Button"), 5): Object 'Object Repository/Web_Office_Advanced_Company_Search/Page_/Top_Search_Button' is clickable

2020-04-27 11:39:16 - [MESSAGE][PASSED] - Object 'Object Repository/Web_Office_Advanced_Company_Search/Page_/Top_Search_Button' is clickable

2020-04-27 11:39:16 - [TEST_STEP][PASSED] - click(findTestObject("Web_Office_Advanced_Company_Search/Page_/Top_Search_Button")): Object: 'Object Repository/Web_Office_Advanced_Company_Search/Page_/Top_Search_Button' is clicked on

2020-04-27 11:39:20 - [MESSAGE][PASSED] - Object: 'Object Repository/Web_Office_Advanced_Company_Search/Page_/Top_Search_Button' is clicked on

2020-04-27 11:39:20 - [MESSAGE][PASSED] - Call Test Case 'Test Cases/Reusable_Test_Sequences/Web_Office/Actions/Set_Advanced_Company_Data' successfully

2020-04-27 11:39:20 - [TEST_STEP][PASSED] - "--------------------------------------": null

2020-04-27 11:39:20 - [TEST_STEP][PASSED] - " Select Returned Record to Verify     |": null

2020-04-27 11:39:20 - [TEST_STEP][PASSED] - callTestCase(findTestCase("Reusable_Test_Sequences/Web_Office/Actions/Select_Company"), [:], OPTIONAL): Call Test Case 'Test Cases/Reusable_Test_Sequences/Web_Office/Actions/Select_Company' successfully

2020-04-27 11:39:20 - [TEST_CASE][PASSED] - Test Cases/Reusable_Test_Sequences/Web_Office/Actions/Select_Company: Test Cases/Reusable_Test_Sequences/Web_Office/Actions/Select_Company

2020-04-27 11:39:20 - [TEST_STEP][PASSED] - waitForPageLoad(60): Wait for page load successfully

2020-04-27 11:39:20 - [MESSAGE][PASSED] - Wait for page load successfully

2020-04-27 11:39:20 - [TEST_STEP][PASSED] - waitForElementClickable(findTestObject("Web_Office_Advanced_Company_Search/Page_/td_Returned_Company"), 5): Object 'Object Repository/Web_Office_Advanced_Company_Search/Page_/td_Returned_Company' is clickable

2020-04-27 11:39:20 - [MESSAGE][PASSED] - Object 'Object Repository/Web_Office_Advanced_Company_Search/Page_/td_Returned_Company' is clickable

2020-04-27 11:39:20 - [TEST_STEP][PASSED] - "-------------------------------------------------------------------------------------------------------------------------------------": null

2020-04-27 11:39:20 - [TEST_STEP][PASSED] - click(findTestObject("Web_Office_Advanced_Company_Search/Page_/td_Returned_Company")): Object: 'Object Repository/Web_Office_Advanced_Company_Search/Page_/td_Returned_Company' is clicked on

2020-04-27 11:39:24 - [MESSAGE][PASSED] - Object: 'Object Repository/Web_Office_Advanced_Company_Search/Page_/td_Returned_Company' is clicked on

2020-04-27 11:39:24 - [MESSAGE][PASSED] - Call Test Case 'Test Cases/Reusable_Test_Sequences/Web_Office/Actions/Select_Company' successfully

2020-04-27 11:39:24 - [TEST_STEP][PASSED] - "--------------------------------------": null

2020-04-27 11:39:24 - [TEST_STEP][PASSED] - " Verify Returned Company Record       |": null

2020-04-27 11:39:24 - [TEST_STEP][PASSED] - callTestCase(findTestCase("Reusable_Test_Sequences/Web_Office/Verification/Company_Returned_Advanced_Search_Record"), [:], OPTIONAL): Call Test Case 'Test Cases/Reusable_Test_Sequences/Web_Office/Verification/Company_Returned_Advanced_Search_Record' successfully

2020-04-27 11:39:24 - [TEST_CASE][PASSED] - Test Cases/Reusable_Test_Sequences/Web_Office/Verification/Company_Returned_Advanced_Search_Record: Test Cases/Reusable_Test_Sequences/Web_Office/Verification/Company_Returned_Advanced_Search_Record

2020-04-27 11:39:24 - [TEST_STEP][PASSED] - "--------------------------------": null

2020-04-27 11:39:24 - [TEST_STEP][PASSED] - "Read data from spreadsheet      | r_ = Returned Data": null

2020-04-27 11:39:24 - [TEST_STEP][PASSED] - data = findTestData("Data Files/Advance_Company_Search_Data"): null

2020-04-27 11:39:24 - [TEST_STEP][PASSED] - Trader_ID = data.getValue("Trader_ID", row): null

2020-04-27 11:39:24 - [TEST_STEP][PASSED] - Limited_Company_Number = data.getValue("Limited_Company_Number", row): null

2020-04-27 11:39:24 - [TEST_STEP][PASSED] - Company_Name = data.getValue("Company_Name", row): null

2020-04-27 11:39:24 - [TEST_STEP][PASSED] - Owner_Surname = data.getValue("Owner_Surname", row): null

2020-04-27 11:39:24 - [TEST_STEP][PASSED] - Owner_DOB = data.getValue("Owner_DOB", row): null

2020-04-27 11:39:24 - [TEST_STEP][PASSED] - Name_House = data.getValue("Name_House", row): null

2020-04-27 11:39:24 - [TEST_STEP][PASSED] - Number_Street = data.getValue("Number_Street", row): null

2020-04-27 11:39:24 - [TEST_STEP][PASSED] - Town = data.getValue("Town", row): null

2020-04-27 11:39:24 - [TEST_STEP][PASSED] - City = data.getValue("City", row): null

2020-04-27 11:39:24 - [TEST_STEP][PASSED] - County = data.getValue("County", row): null

2020-04-27 11:39:24 - [TEST_STEP][PASSED] - Postcode = data.getValue("Postcode", row): null

2020-04-27 11:39:24 - [TEST_STEP][PASSED] - Tel = data.getValue("Tel", row): null

2020-04-27 11:39:24 - [TEST_STEP][PASSED] - Email = data.getValue("Email", row): null

2020-04-27 11:39:24 - [TEST_STEP][PASSED] - "--------------------------------": null

2020-04-27 11:39:24 - [TEST_STEP][PASSED] - "Read data from spreadsheet      |": null

2020-04-27 11:39:24 - [TEST_STEP][PASSED] - Actual_Page_Text = "": null

2020-04-27 11:39:24 - [TEST_STEP][PASSED] - Expected_Page_Text = "": null

2020-04-27 11:39:24 - [TEST_STEP][PASSED] - waitForPageLoad(60): Wait for page load successfully

2020-04-27 11:39:24 - [MESSAGE][PASSED] - Wait for page load successfully

2020-04-27 11:39:24 - [TEST_STEP][PASSED] - delay(1): Delayed 1 second(s)

2020-04-27 11:39:25 - [MESSAGE][PASSED] - Delayed 1 second(s)

2020-04-27 11:39:25 - [TEST_STEP][PASSED] - "---------------------------------------------------------------------------------------------------------------------": null

2020-04-27 11:39:25 - [TEST_STEP][PASSED] - "HEADER DETAIL - iFrame": null

2020-04-27 11:39:25 - [TEST_STEP][PASSED] - "-----------------": null

2020-04-27 11:39:25 - [TEST_STEP][PASSED] - "PAGE_HEADER TEXT |": null

2020-04-27 11:39:25 - [TEST_STEP][PASSED] - verifyTextPresent(findTestData("Data Files/Advance_Company_Search_Data").getValue("Page_Header_Text", row), false): Text 'Kitchen Facelift & Renewal Limited' is present on page 

2020-04-27 11:39:26 - [MESSAGE][PASSED] - Text 'Kitchen Facelift & Renewal Limited' is present on page 

2020-04-27 11:39:26 - [TEST_STEP][PASSED] - "----------------": null

2020-04-27 11:39:26 - [TEST_STEP][PASSED] - "Email Address   |": null

2020-04-27 11:39:26 - [TEST_STEP][PASSED] - verifyTextPresent(findTestData("Data Files/Advance_Company_Search_Data").getValue("Email", row), false): Text '' is present on page 

2020-04-27 11:39:28 - [MESSAGE][PASSED] - Text '' is present on page 

2020-04-27 11:39:28 - [TEST_STEP][PASSED] - "----------------": null

2020-04-27 11:39:28 - [TEST_STEP][PASSED] - "Phone Number    |": null

2020-04-27 11:39:28 - [TEST_STEP][PASSED] - verifyTextPresent(findTestData("Data Files/Advance_Company_Search_Data").getValue("Tel", row), false): Text '' is present on page 

2020-04-27 11:39:29 - [MESSAGE][PASSED] - Text '' is present on page 

2020-04-27 11:39:29 - [TEST_STEP][PASSED] - "----------------": null

2020-04-27 11:39:29 - [TEST_STEP][PASSED] - "Trader ID       |": null

2020-04-27 11:39:29 - [TEST_STEP][PASSED] - verifyTextPresent(findTestData("Data Files/Advance_Company_Search_Data").getValue("Trader_ID", row), false): Text '' is present on page 

2020-04-27 11:39:29 - [MESSAGE][PASSED] - Text '' is present on page 

2020-04-27 11:39:29 - [TEST_STEP][PASSED] - "----------------": null

2020-04-27 11:39:29 - [TEST_STEP][PASSED] - "Postcode        |": null

2020-04-27 11:39:29 - [TEST_STEP][PASSED] - verifyTextPresent(findTestData("Data Files/Advance_Company_Search_Data").getValue("Postcode", row), false): Text '' is present on page 

2020-04-27 11:39:30 - [MESSAGE][PASSED] - Text '' is present on page 

2020-04-27 11:39:30 - [TEST_STEP][PASSED] - "----------------": null

2020-04-27 11:39:30 - [TEST_STEP][PASSED] - "Full Name       |": null

2020-04-27 11:39:30 - [TEST_STEP][PASSED] - verifyTextPresent(findTestData("Data Files/Advance_Company_Search_Data").getValue("Full_Name", row), false): Text 'Mr Steve Mercer' is present on page 

2020-04-27 11:39:31 - [MESSAGE][PASSED] - Text 'Mr Steve Mercer' is present on page 

2020-04-27 11:39:31 - [TEST_STEP][PASSED] - "----------------": null

2020-04-27 11:39:31 - [TEST_STEP][PASSED] - "Date of Birth   |": null

2020-04-27 11:39:31 - [TEST_STEP][PASSED] - verifyTextPresent(findTestData("Data Files/Advance_Company_Search_Data").getValue("Owner_DOB", row), false): Text '' is present on page 

2020-04-27 11:39:31 - [MESSAGE][PASSED] - Text '' is present on page 

2020-04-27 11:39:31 - [TEST_STEP][PASSED] - "----------------": null

2020-04-27 11:39:31 - [TEST_STEP][PASSED] - "Full Address    |": null

2020-04-27 11:39:31 - [TEST_STEP][PASSED] - verifyTextPresent(findTestData("Data Files/Advance_Company_Search_Data").getValue("Full_Address", row), false): Text 'Lyndale, Town Cross Avenue, Bognor Regis, West Sussex, PO21 2DN' is present on page 

2020-04-27 11:39:32 - [MESSAGE][PASSED] - Text 'Lyndale, Town Cross Avenue, Bognor Regis, West Sussex, PO21 2DN' is present on page 

2020-04-27 11:39:32 - [MESSAGE][PASSED] - Call Test Case 'Test Cases/Reusable_Test_Sequences/Web_Office/Verification/Company_Returned_Advanced_Search_Record' successfully

2020-04-27 11:39:32 - [TEST_STEP][PASSED] - "--------------------------": null

2020-04-27 11:39:32 - [TEST_STEP][PASSED] - " Teardown - CLose Browser |": null

2020-04-27 11:39:32 - [TEST_STEP][PASSED] - callTestCase(findTestCase("Reusable_Test_Sequences/CAT_Teardown"), [:], OPTIONAL): Call Test Case 'Test Cases/Reusable_Test_Sequences/CAT_Teardown' successfully

2020-04-27 11:39:32 - [TEST_CASE][PASSED] - Test Cases/Reusable_Test_Sequences/CAT_Teardown: Test Cases/Reusable_Test_Sequences/CAT_Teardown

2020-04-27 11:39:32 - [TEST_STEP][PASSED] - closeBrowser(): Browser is closed

2020-04-27 11:39:35 - [MESSAGE][PASSED] - Browser is closed

2020-04-27 11:39:35 - [TEST_STEP][PASSED] - super.finalize(): null

2020-04-27 11:39:35 - [TEST_STEP][PASSED] - System.gc(): null

2020-04-27 11:39:35 - [MESSAGE][PASSED] - Call Test Case 'Test Cases/Reusable_Test_Sequences/CAT_Teardown' successfully

2020-04-27 11:39:35 - [TEST_STEP][PASSED] - "--------------------------------------": null

2020-04-27 11:39:35 - [TEST_STEP][PASSED] - " Web Office StartUp                  |": null

2020-04-27 11:39:35 - [TEST_STEP][PASSED] - callTestCase(findTestCase("Reusable_Test_Sequences/Web_Office/Directives/WebOffice_StartUp"), [:], STOP_ON_FAILURE): Call Test Case 'Test Cases/Reusable_Test_Sequences/Web_Office/Directives/WebOffice_StartUp' successfully

2020-04-27 11:39:35 - [TEST_CASE][PASSED] - Test Cases/Reusable_Test_Sequences/Web_Office/Directives/WebOffice_StartUp: Test Cases/Reusable_Test_Sequences/Web_Office/Directives/WebOffice_StartUp

2020-04-27 11:39:35 - [TEST_STEP][PASSED] - "-----------------------------------------------------------------------------": null

2020-04-27 11:39:35 - [TEST_STEP][PASSED] - if (URL == "https://www.dev.checkatrade.com/"): null

2020-04-27 11:39:35 - [TEST_STEP][PASSED] - "-----------------------------------------------------------------------------": null

2020-04-27 11:39:35 - [TEST_STEP][PASSED] - if (URL == "https://www.checkatrade.com/"): null

2020-04-27 11:39:35 - [TEST_STEP][PASSED] - "-----------------------------------------------------------------------------": null

2020-04-27 11:39:35 - [TEST_STEP][PASSED] - if (URL == "https://www.preview.checkatrade.com/"): null

2020-04-27 11:39:35 - [TEST_STEP][PASSED] - WebOfficeURL = "https://admin.preview.checkatrade.com/": null

2020-04-27 11:39:35 - [TEST_STEP][PASSED] - if (URL == "https://www.dev2.checkatrade.com/"): null

2020-04-27 11:39:35 - [TEST_STEP][PASSED] - "Set Function Area for "URL_Handler", URL Resolution": null

2020-04-27 11:39:35 - [TEST_STEP][PASSED] - "Do Some Magic with URL(s) See the comments within URL Handler ": null

2020-04-27 11:39:35 - [TEST_STEP][PASSED] - "------------------------------------------------": null

2020-04-27 11:39:35 - [TEST_STEP][PASSED] - "Moved Login Credentials to <Default> profile 22/01/2020": null

2020-04-27 11:39:35 - [TEST_STEP][PASSED] - "------------------------------------------------": null

2020-04-27 11:39:35 - [TEST_STEP][PASSED] - "WebOfficeURL - Set from the ENVIRONMENT PROFILE ": null

2020-04-27 11:39:35 - [TEST_STEP][PASSED] - "OPEN BROWSER": null

2020-04-27 11:39:35 - [TEST_STEP][PASSED] - "eg - https://admin.preview.checkatrade.com/  ": null

2020-04-27 11:39:35 - [TEST_STEP][PASSED] - openBrowser(WebOfficeURL): Browser is opened with url: 'https://admin.preview.checkatrade.com/'

2020-04-27 11:39:35 - [MESSAGE][INFO] - Starting 'Chrome' driver

2020-04-27 11:39:35 - [MESSAGE][INFO] - Action delay is set to 0 milliseconds

2020-04-27 11:39:40 - [MESSAGE][PASSED] - Browser is opened with url: 'https://admin.preview.checkatrade.com/'

2020-04-27 11:39:40 - [TEST_STEP][PASSED] - maximizeWindow(): Current window maximized

2020-04-27 11:39:43 - [MESSAGE][PASSED] - Current window maximized

2020-04-27 11:39:43 - [TEST_STEP][PASSED] - waitForElementClickable(findTestObject("Object Repository/WebOffice/Page_Checkatrade - Administration - Login/Login_Button"), 25): Object 'Object Repository/WebOffice/Page_Checkatrade - Administration - Login/Login_Button' is clickable

2020-04-27 11:39:44 - [MESSAGE][PASSED] - Object 'Object Repository/WebOffice/Page_Checkatrade - Administration - Login/Login_Button' is clickable

2020-04-27 11:39:44 - [TEST_STEP][PASSED] - verifyTextPresent("Checkatrade Web Office", false): Text 'Checkatrade Web Office' is present on page 

2020-04-27 11:39:44 - [MESSAGE][PASSED] - Text 'Checkatrade Web Office' is present on page 

2020-04-27 11:39:44 - [TEST_STEP][PASSED] - verifyTextPresent("Access for staff use only", false): Text 'Access for staff use only' is present on page 

2020-04-27 11:39:45 - [MESSAGE][PASSED] - Text 'Access for staff use only' is present on page 

2020-04-27 11:39:45 - [TEST_STEP][PASSED] - verifyTextPresent("Forgotten password?", false): Text 'Forgotten password?' is present on page 

2020-04-27 11:39:45 - [MESSAGE][PASSED] - Text 'Forgotten password?' is present on page 

2020-04-27 11:39:45 - [TEST_STEP][PASSED] - setText(findTestObject("Object Repository/WebOffice/Page_Checkatrade - Administration - Login/input_Username_LoginControlUserName"), wo_Username): Text 'DavidHo' is set on object 'Object Repository/WebOffice/Page_Checkatrade - Administration - Login/input_Username_LoginControlUserName'

2020-04-27 11:39:46 - [MESSAGE][PASSED] - Text 'DavidHo' is set on object 'Object Repository/WebOffice/Page_Checkatrade - Administration - Login/input_Username_LoginControlUserName'

2020-04-27 11:39:46 - [TEST_STEP][PASSED] - setText(findTestObject("Object Repository/WebOffice/Page_Checkatrade - Administration - Login/input_Password_LoginControlPassword"), wo_Password): Text 'Check123' is set on object 'Object Repository/WebOffice/Page_Checkatrade - Administration - Login/input_Password_LoginControlPassword'

2020-04-27 11:39:46 - [MESSAGE][PASSED] - Text 'Check123' is set on object 'Object Repository/WebOffice/Page_Checkatrade - Administration - Login/input_Password_LoginControlPassword'

2020-04-27 11:39:46 - [TEST_STEP][PASSED] - click(findTestObject("Object Repository/WebOffice/Page_Checkatrade - Administration - Login/Login_Button")): Object: 'Object Repository/WebOffice/Page_Checkatrade - Administration - Login/Login_Button' is clicked on

2020-04-27 11:39:47 - [MESSAGE][PASSED] - Object: 'Object Repository/WebOffice/Page_Checkatrade - Administration - Login/Login_Button' is clicked on

2020-04-27 11:39:47 - [TEST_STEP][PASSED] - waitForPageLoad(60): Wait for page load successfully

2020-04-27 11:39:47 - [MESSAGE][PASSED] - Wait for page load successfully

2020-04-27 11:39:47 - [TEST_STEP][PASSED] - verifyTextPresent("Welcome " + wo_Username, false): Text 'Welcome DavidHo' is present on page 

2020-04-27 11:39:48 - [MESSAGE][PASSED] - Text 'Welcome DavidHo' is present on page 

2020-04-27 11:39:48 - [MESSAGE][PASSED] - Call Test Case 'Test Cases/Reusable_Test_Sequences/Web_Office/Directives/WebOffice_StartUp' successfully

2020-04-27 11:39:48 - [TEST_STEP][PASSED] - "--------------------------------------": null

2020-04-27 11:39:48 - [TEST_STEP][PASSED] - " Navigate to <Companies> Menu Item    |": null

2020-04-27 11:39:48 - [TEST_STEP][PASSED] - callTestCase(findTestCase("Reusable_Test_Sequences/Web_Office/navigation/Navigate_Advanced_Company_Search"), [:], STOP_ON_FAILURE): Call Test Case 'Test Cases/Reusable_Test_Sequences/Web_Office/navigation/Navigate_Advanced_Company_Search' successfully

2020-04-27 11:39:48 - [TEST_CASE][PASSED] - Test Cases/Reusable_Test_Sequences/Web_Office/navigation/Navigate_Advanced_Company_Search: Test Cases/Reusable_Test_Sequences/Web_Office/navigation/Navigate_Advanced_Company_Search

2020-04-27 11:39:48 - [TEST_STEP][PASSED] - "--------------------------------------": null

2020-04-27 11:39:48 - [TEST_STEP][PASSED] - " Navigate Top level menu Item         |": null

2020-04-27 11:39:48 - [TEST_STEP][PASSED] - waitForPageLoad(60): Wait for page load successfully

2020-04-27 11:39:48 - [MESSAGE][PASSED] - Wait for page load successfully

2020-04-27 11:39:48 - [TEST_STEP][PASSED] - waitForElementClickable(findTestObject("Object Repository/WebOffice_Home_page/a_Companies"), 60): Object 'Object Repository/WebOffice_Home_page/a_Companies' is clickable

2020-04-27 11:39:48 - [MESSAGE][PASSED] - Object 'Object Repository/WebOffice_Home_page/a_Companies' is clickable

2020-04-27 11:39:48 - [TEST_STEP][PASSED] - mouseOver(findTestObject("Object Repository/WebOffice_Home_page/a_Companies")): Object: 'Object Repository/WebOffice_Home_page/a_Companies' is hovered

2020-04-27 11:39:48 - [MESSAGE][PASSED] - Object: 'Object Repository/WebOffice_Home_page/a_Companies' is hovered

2020-04-27 11:39:48 - [TEST_STEP][PASSED] - waitForElementClickable(findTestObject("Object Repository/WebOffice_Home_page/a_Company_Advanced_Search"), 1): Object 'Object Repository/WebOffice_Home_page/a_Company_Advanced_Search' is clickable

2020-04-27 11:39:49 - [MESSAGE][PASSED] - Object 'Object Repository/WebOffice_Home_page/a_Company_Advanced_Search' is clickable

2020-04-27 11:39:49 - [TEST_STEP][PASSED] - click(findTestObject("Object Repository/WebOffice_Home_page/a_Company_Advanced_Search")): Object: 'Object Repository/WebOffice_Home_page/a_Company_Advanced_Search' is clicked on

2020-04-27 11:39:51 - [MESSAGE][PASSED] - Object: 'Object Repository/WebOffice_Home_page/a_Company_Advanced_Search' is clicked on

2020-04-27 11:39:51 - [MESSAGE][PASSED] - Call Test Case 'Test Cases/Reusable_Test_Sequences/Web_Office/navigation/Navigate_Advanced_Company_Search' successfully

2020-04-27 11:39:51 - [TEST_STEP][PASSED] - "--------------------------------------": null

2020-04-27 11:39:51 - [TEST_STEP][PASSED] - " LH Pane  - Apply Search Criteria     |": null

2020-04-27 11:39:51 - [TEST_STEP][PASSED] - callTestCase(findTestCase("Reusable_Test_Sequences/Web_Office/Actions/Set_Advanced_Company_Data"), [:], STOP_ON_FAILURE): Call Test Case 'Test Cases/Reusable_Test_Sequences/Web_Office/Actions/Set_Advanced_Company_Data' successfully

2020-04-27 11:39:51 - [TEST_CASE][PASSED] - Test Cases/Reusable_Test_Sequences/Web_Office/Actions/Set_Advanced_Company_Data: Test Cases/Reusable_Test_Sequences/Web_Office/Actions/Set_Advanced_Company_Data

2020-04-27 11:39:51 - [TEST_STEP][PASSED] - "--------------------------------": null

2020-04-27 11:39:51 - [TEST_STEP][PASSED] - "Read data from spreadsheet      |": null

2020-04-27 11:39:51 - [TEST_STEP][PASSED] - data = findTestData("Data Files/Advance_Company_Search_Data"): null

2020-04-27 11:39:51 - [TEST_STEP][PASSED] - Trader_ID = data.getValue("Trader_ID", row): null

2020-04-27 11:39:51 - [TEST_STEP][PASSED] - Limited_Company_Number = data.getValue("Limited_Company_Number", row): null

2020-04-27 11:39:51 - [TEST_STEP][PASSED] - Company_Name = data.getValue("Company_Name", row): null

2020-04-27 11:39:51 - [TEST_STEP][PASSED] - Owner_Surname = data.getValue("Owner_Surname", row): null

2020-04-27 11:39:51 - [TEST_STEP][PASSED] - Owner_DOB = data.getValue("Owner_DOB", row): null

2020-04-27 11:39:51 - [TEST_STEP][PASSED] - Name_House = data.getValue("Name_House", row): null

2020-04-27 11:39:51 - [TEST_STEP][PASSED] - Number_Street = data.getValue("Number_Street", row): null

2020-04-27 11:39:51 - [TEST_STEP][PASSED] - Town = data.getValue("Town", row): null

2020-04-27 11:39:51 - [TEST_STEP][PASSED] - City = data.getValue("City", row): null

2020-04-27 11:39:51 - [TEST_STEP][PASSED] - County = data.getValue("County", row): null

2020-04-27 11:39:51 - [TEST_STEP][PASSED] - Postcode = data.getValue("Postcode", row): null

2020-04-27 11:39:51 - [TEST_STEP][PASSED] - Tel = data.getValue("Tel", row): null

2020-04-27 11:39:51 - [TEST_STEP][PASSED] - Email = data.getValue("Email", row): null

2020-04-27 11:39:51 - [TEST_STEP][PASSED] - "slack": null

2020-04-27 11:39:51 - [TEST_STEP][PASSED] - "--------------------------------": null

2020-04-27 11:39:51 - [TEST_STEP][PASSED] - " Synchronisation                |": null

2020-04-27 11:39:51 - [TEST_STEP][PASSED] - waitForPageLoad(60): Wait for page load successfully

2020-04-27 11:39:51 - [MESSAGE][PASSED] - Wait for page load successfully

2020-04-27 11:39:51 - [TEST_STEP][PASSED] - waitForElementVisible(findTestObject("Web_Office_Advanced_Company_Search/Page_/input_Clear_ctl00ctl00CP1ctlSearchbtnSearch"), 60): Object 'Object Repository/Web_Office_Advanced_Company_Search/Page_/input_Clear_ctl00ctl00CP1ctlSearchbtnSearch' is visible

2020-04-27 11:39:51 - [MESSAGE][PASSED] - Object 'Object Repository/Web_Office_Advanced_Company_Search/Page_/input_Clear_ctl00ctl00CP1ctlSearchbtnSearch' is visible

2020-04-27 11:39:51 - [TEST_STEP][PASSED] - "https://admin.preview.checkatrade.com/Companies/Search.aspx": null

2020-04-27 11:39:51 - [TEST_STEP][PASSED] - "-------------------------------------------------------------------------------------------------------------------------------------": null

2020-04-27 11:39:51 - [TEST_STEP][PASSED] - setText(findTestObject("Web_Office_Advanced_Company_Search/Page_/table_Trader ID"), Trader_ID): Text '105' is set on object 'Object Repository/Web_Office_Advanced_Company_Search/Page_/table_Trader ID'

2020-04-27 11:39:52 - [MESSAGE][PASSED] - Text '105' is set on object 'Object Repository/Web_Office_Advanced_Company_Search/Page_/table_Trader ID'

2020-04-27 11:39:52 - [TEST_STEP][PASSED] - "-------------------------------------------------------------------------------------------------------------------------------------": null

2020-04-27 11:39:52 - [TEST_STEP][PASSED] - setText(findTestObject("Web_Office_Advanced_Company_Search/Page_/input_Limited Company Number"), Limited_Company_Number): Text '' is set on object 'Object Repository/Web_Office_Advanced_Company_Search/Page_/input_Limited Company Number'

2020-04-27 11:39:53 - [MESSAGE][PASSED] - Text '' is set on object 'Object Repository/Web_Office_Advanced_Company_Search/Page_/input_Limited Company Number'

2020-04-27 11:39:53 - [TEST_STEP][PASSED] - "-------------------------------------------------------------------------------------------------------------------------------------": null

2020-04-27 11:39:53 - [TEST_STEP][PASSED] - setText(findTestObject("Web_Office_Advanced_Company_Search/Page_/input_Company Name"), Company_Name): Text '' is set on object 'Object Repository/Web_Office_Advanced_Company_Search/Page_/input_Company Name'

2020-04-27 11:39:53 - [MESSAGE][PASSED] - Text '' is set on object 'Object Repository/Web_Office_Advanced_Company_Search/Page_/input_Company Name'

2020-04-27 11:39:53 - [TEST_STEP][PASSED] - "-------------------------------------------------------------------------------------------------------------------------------------": null

2020-04-27 11:39:53 - [TEST_STEP][PASSED] - "Set Owner_Date of Birth": null

2020-04-27 11:39:53 - [TEST_STEP][PASSED] - "-------------------------------------------------------------------------------------------------------------------------------------": null

2020-04-27 11:39:53 - [TEST_STEP][PASSED] - setText(findTestObject("Web_Office_Advanced_Company_Search/Page_/input_Owner Surname"), Owner_Surname): Text '' is set on object 'Object Repository/Web_Office_Advanced_Company_Search/Page_/input_Owner Surname'

2020-04-27 11:39:54 - [MESSAGE][PASSED] - Text '' is set on object 'Object Repository/Web_Office_Advanced_Company_Search/Page_/input_Owner Surname'

2020-04-27 11:39:54 - [TEST_STEP][PASSED] - "-------------------------------------------------------------------------------------------------------------------------------------": null

2020-04-27 11:39:54 - [TEST_STEP][PASSED] - setText(findTestObject("Web_Office_Advanced_Company_Search/Page_/input_Name Of House"), Name_House): Text '' is set on object 'Object Repository/Web_Office_Advanced_Company_Search/Page_/input_Name Of House'

2020-04-27 11:39:54 - [MESSAGE][PASSED] - Text '' is set on object 'Object Repository/Web_Office_Advanced_Company_Search/Page_/input_Name Of House'

2020-04-27 11:39:54 - [TEST_STEP][PASSED] - "-------------------------------------------------------------------------------------------------------------------------------------": null

2020-04-27 11:39:54 - [TEST_STEP][PASSED] - "Set Street": null

2020-04-27 11:39:54 - [TEST_STEP][PASSED] - "-------------------------------------------------------------------------------------------------------------------------------------": null

2020-04-27 11:39:54 - [TEST_STEP][PASSED] - setText(findTestObject("Web_Office_Advanced_Company_Search/Page_/input_Town"), Town): Text '' is set on object 'Object Repository/Web_Office_Advanced_Company_Search/Page_/input_Town'

2020-04-27 11:39:54 - [MESSAGE][PASSED] - Text '' is set on object 'Object Repository/Web_Office_Advanced_Company_Search/Page_/input_Town'

2020-04-27 11:39:54 - [TEST_STEP][PASSED] - "-------------------------------------------------------------------------------------------------------------------------------------": null

2020-04-27 11:39:54 - [TEST_STEP][PASSED] - setText(findTestObject("Web_Office_Advanced_Company_Search/Page_/input_City"), City): Text '' is set on object 'Object Repository/Web_Office_Advanced_Company_Search/Page_/input_City'

2020-04-27 11:39:55 - [MESSAGE][PASSED] - Text '' is set on object 'Object Repository/Web_Office_Advanced_Company_Search/Page_/input_City'

2020-04-27 11:39:55 - [TEST_STEP][PASSED] - "-------------------------------------------------------------------------------------------------------------------------------------": null

2020-04-27 11:39:55 - [TEST_STEP][PASSED] - setText(findTestObject("Web_Office_Advanced_Company_Search/Page_/input_County"), County): Text '' is set on object 'Object Repository/Web_Office_Advanced_Company_Search/Page_/input_County'

2020-04-27 11:39:55 - [MESSAGE][PASSED] - Text '' is set on object 'Object Repository/Web_Office_Advanced_Company_Search/Page_/input_County'

2020-04-27 11:39:55 - [TEST_STEP][PASSED] - "-------------------------------------------------------------------------------------------------------------------------------------": null

2020-04-27 11:39:55 - [TEST_STEP][PASSED] - setText(findTestObject("Web_Office_Advanced_Company_Search/Page_/input_Postcode"), Postcode): Text '' is set on object 'Object Repository/Web_Office_Advanced_Company_Search/Page_/input_Postcode'

2020-04-27 11:39:55 - [MESSAGE][PASSED] - Text '' is set on object 'Object Repository/Web_Office_Advanced_Company_Search/Page_/input_Postcode'

2020-04-27 11:39:55 - [TEST_STEP][PASSED] - "-------------------------------------------------------------------------------------------------------------------------------------": null

2020-04-27 11:39:55 - [TEST_STEP][PASSED] - setText(findTestObject("Web_Office_Advanced_Company_Search/Page_/input_Telephone"), Tel): Text '' is set on object 'Object Repository/Web_Office_Advanced_Company_Search/Page_/input_Telephone'

2020-04-27 11:39:55 - [MESSAGE][PASSED] - Text '' is set on object 'Object Repository/Web_Office_Advanced_Company_Search/Page_/input_Telephone'

2020-04-27 11:39:55 - [TEST_STEP][PASSED] - "-------------------------------------------------------------------------------------------------------------------------------------": null

2020-04-27 11:39:55 - [TEST_STEP][PASSED] - setText(findTestObject("Web_Office_Advanced_Company_Search/Page_/input_Email"), Email): Text '' is set on object 'Object Repository/Web_Office_Advanced_Company_Search/Page_/input_Email'

2020-04-27 11:39:56 - [MESSAGE][PASSED] - Text '' is set on object 'Object Repository/Web_Office_Advanced_Company_Search/Page_/input_Email'

2020-04-27 11:39:56 - [TEST_STEP][PASSED] - "Set Status": null

2020-04-27 11:39:56 - [TEST_STEP][PASSED] - "-------------------------------------------------------------------------------------------------------------------------------------": null

2020-04-27 11:39:56 - [TEST_STEP][PASSED] - "Status 3 Options": null

2020-04-27 11:39:56 - [TEST_STEP][PASSED] - "-------------------------------------------------------------------------------------------------------------------------------------": null

2020-04-27 11:39:56 - [TEST_STEP][PASSED] - "Set Type": null

2020-04-27 11:39:56 - [TEST_STEP][PASSED] - "-------------------------------------------------------------------------------------------------------------------------------------": null

2020-04-27 11:39:56 - [TEST_STEP][PASSED] - "Type 3 Options": null

2020-04-27 11:39:56 - [TEST_STEP][PASSED] - "-------------------------------------------------------------------------------------------------------------------------------------": null

2020-04-27 11:39:56 - [TEST_STEP][PASSED] - scrollToPosition(0, 0): Browser is scrolled to position x = 0, y = 0

2020-04-27 11:39:56 - [MESSAGE][PASSED] - Browser is scrolled to position x = 0, y = 0

2020-04-27 11:39:56 - [TEST_STEP][PASSED] - waitForElementClickable(findTestObject("Web_Office_Advanced_Company_Search/Page_/Top_Search_Button"), 5): Object 'Object Repository/Web_Office_Advanced_Company_Search/Page_/Top_Search_Button' is clickable

2020-04-27 11:39:56 - [MESSAGE][PASSED] - Object 'Object Repository/Web_Office_Advanced_Company_Search/Page_/Top_Search_Button' is clickable

2020-04-27 11:39:56 - [TEST_STEP][PASSED] - click(findTestObject("Web_Office_Advanced_Company_Search/Page_/Top_Search_Button")): Object: 'Object Repository/Web_Office_Advanced_Company_Search/Page_/Top_Search_Button' is clicked on

2020-04-27 11:40:00 - [MESSAGE][PASSED] - Object: 'Object Repository/Web_Office_Advanced_Company_Search/Page_/Top_Search_Button' is clicked on

2020-04-27 11:40:00 - [MESSAGE][PASSED] - Call Test Case 'Test Cases/Reusable_Test_Sequences/Web_Office/Actions/Set_Advanced_Company_Data' successfully

2020-04-27 11:40:00 - [TEST_STEP][PASSED] - "--------------------------------------": null

2020-04-27 11:40:00 - [TEST_STEP][PASSED] - " Select Returned Record to Verify     |": null

2020-04-27 11:40:00 - [TEST_STEP][PASSED] - callTestCase(findTestCase("Reusable_Test_Sequences/Web_Office/Actions/Select_Company"), [:], OPTIONAL): Call Test Case 'Test Cases/Reusable_Test_Sequences/Web_Office/Actions/Select_Company' successfully

2020-04-27 11:40:00 - [TEST_CASE][PASSED] - Test Cases/Reusable_Test_Sequences/Web_Office/Actions/Select_Company: Test Cases/Reusable_Test_Sequences/Web_Office/Actions/Select_Company

2020-04-27 11:40:00 - [TEST_STEP][PASSED] - waitForPageLoad(60): Wait for page load successfully

2020-04-27 11:40:00 - [MESSAGE][PASSED] - Wait for page load successfully

2020-04-27 11:40:00 - [TEST_STEP][PASSED] - waitForElementClickable(findTestObject("Web_Office_Advanced_Company_Search/Page_/td_Returned_Company"), 5): Object 'Object Repository/Web_Office_Advanced_Company_Search/Page_/td_Returned_Company' is clickable

2020-04-27 11:40:00 - [MESSAGE][PASSED] - Object 'Object Repository/Web_Office_Advanced_Company_Search/Page_/td_Returned_Company' is clickable

2020-04-27 11:40:00 - [TEST_STEP][PASSED] - "-------------------------------------------------------------------------------------------------------------------------------------": null

2020-04-27 11:40:00 - [TEST_STEP][PASSED] - click(findTestObject("Web_Office_Advanced_Company_Search/Page_/td_Returned_Company")): Object: 'Object Repository/Web_Office_Advanced_Company_Search/Page_/td_Returned_Company' is clicked on

2020-04-27 11:40:04 - [MESSAGE][PASSED] - Object: 'Object Repository/Web_Office_Advanced_Company_Search/Page_/td_Returned_Company' is clicked on

2020-04-27 11:40:04 - [MESSAGE][PASSED] - Call Test Case 'Test Cases/Reusable_Test_Sequences/Web_Office/Actions/Select_Company' successfully

2020-04-27 11:40:04 - [TEST_STEP][PASSED] - "--------------------------------------": null

2020-04-27 11:40:04 - [TEST_STEP][PASSED] - " Verify Returned Company Record       |": null

2020-04-27 11:40:04 - [TEST_STEP][PASSED] - callTestCase(findTestCase("Reusable_Test_Sequences/Web_Office/Verification/Company_Returned_Advanced_Search_Record"), [:], OPTIONAL): Call Test Case 'Test Cases/Reusable_Test_Sequences/Web_Office/Verification/Company_Returned_Advanced_Search_Record' successfully

2020-04-27 11:40:04 - [TEST_CASE][PASSED] - Test Cases/Reusable_Test_Sequences/Web_Office/Verification/Company_Returned_Advanced_Search_Record: Test Cases/Reusable_Test_Sequences/Web_Office/Verification/Company_Returned_Advanced_Search_Record

2020-04-27 11:40:05 - [TEST_STEP][PASSED] - "--------------------------------": null

2020-04-27 11:40:05 - [TEST_STEP][PASSED] - "Read data from spreadsheet      | r_ = Returned Data": null

2020-04-27 11:40:05 - [TEST_STEP][PASSED] - data = findTestData("Data Files/Advance_Company_Search_Data"): null

2020-04-27 11:40:05 - [TEST_STEP][PASSED] - Trader_ID = data.getValue("Trader_ID", row): null

2020-04-27 11:40:05 - [TEST_STEP][PASSED] - Limited_Company_Number = data.getValue("Limited_Company_Number", row): null

2020-04-27 11:40:05 - [TEST_STEP][PASSED] - Company_Name = data.getValue("Company_Name", row): null

2020-04-27 11:40:05 - [TEST_STEP][PASSED] - Owner_Surname = data.getValue("Owner_Surname", row): null

2020-04-27 11:40:05 - [TEST_STEP][PASSED] - Owner_DOB = data.getValue("Owner_DOB", row): null

2020-04-27 11:40:05 - [TEST_STEP][PASSED] - Name_House = data.getValue("Name_House", row): null

2020-04-27 11:40:05 - [TEST_STEP][PASSED] - Number_Street = data.getValue("Number_Street", row): null

2020-04-27 11:40:05 - [TEST_STEP][PASSED] - Town = data.getValue("Town", row): null

2020-04-27 11:40:05 - [TEST_STEP][PASSED] - City = data.getValue("City", row): null

2020-04-27 11:40:05 - [TEST_STEP][PASSED] - County = data.getValue("County", row): null

2020-04-27 11:40:05 - [TEST_STEP][PASSED] - Postcode = data.getValue("Postcode", row): null

2020-04-27 11:40:05 - [TEST_STEP][PASSED] - Tel = data.getValue("Tel", row): null

2020-04-27 11:40:05 - [TEST_STEP][PASSED] - Email = data.getValue("Email", row): null

2020-04-27 11:40:05 - [TEST_STEP][PASSED] - "--------------------------------": null

2020-04-27 11:40:05 - [TEST_STEP][PASSED] - "Read data from spreadsheet      |": null

2020-04-27 11:40:05 - [TEST_STEP][PASSED] - Actual_Page_Text = "": null

2020-04-27 11:40:05 - [TEST_STEP][PASSED] - Expected_Page_Text = "": null

2020-04-27 11:40:05 - [TEST_STEP][PASSED] - waitForPageLoad(60): Wait for page load successfully

2020-04-27 11:40:05 - [MESSAGE][PASSED] - Wait for page load successfully

2020-04-27 11:40:05 - [TEST_STEP][PASSED] - delay(1): Delayed 1 second(s)

2020-04-27 11:40:06 - [MESSAGE][PASSED] - Delayed 1 second(s)

2020-04-27 11:40:06 - [TEST_STEP][PASSED] - "---------------------------------------------------------------------------------------------------------------------": null

2020-04-27 11:40:06 - [TEST_STEP][PASSED] - "HEADER DETAIL - iFrame": null

2020-04-27 11:40:06 - [TEST_STEP][PASSED] - "-----------------": null

2020-04-27 11:40:06 - [TEST_STEP][PASSED] - "PAGE_HEADER TEXT |": null

2020-04-27 11:40:06 - [TEST_STEP][PASSED] - verifyTextPresent(findTestData("Data Files/Advance_Company_Search_Data").getValue("Page_Header_Text", row), false): Text 'Symes Garden Services' is present on page 

2020-04-27 11:40:07 - [MESSAGE][PASSED] - Text 'Symes Garden Services' is present on page 

2020-04-27 11:40:07 - [TEST_STEP][PASSED] - "----------------": null

2020-04-27 11:40:07 - [TEST_STEP][PASSED] - "Email Address   |": null

2020-04-27 11:40:07 - [TEST_STEP][PASSED] - verifyTextPresent(findTestData("Data Files/Advance_Company_Search_Data").getValue("Email", row), false): Text '' is present on page 

2020-04-27 11:40:07 - [MESSAGE][PASSED] - Text '' is present on page 

2020-04-27 11:40:07 - [TEST_STEP][PASSED] - "----------------": null

2020-04-27 11:40:07 - [TEST_STEP][PASSED] - "Phone Number    |": null

2020-04-27 11:40:07 - [TEST_STEP][PASSED] - verifyTextPresent(findTestData("Data Files/Advance_Company_Search_Data").getValue("Tel", row), false): Text '' is present on page 

2020-04-27 11:40:08 - [MESSAGE][PASSED] - Text '' is present on page 

2020-04-27 11:40:08 - [TEST_STEP][PASSED] - "----------------": null

2020-04-27 11:40:08 - [TEST_STEP][PASSED] - "Trader ID       |": null

2020-04-27 11:40:08 - [TEST_STEP][PASSED] - verifyTextPresent(findTestData("Data Files/Advance_Company_Search_Data").getValue("Trader_ID", row), false): Text '105' is present on page 

2020-04-27 11:40:08 - [MESSAGE][PASSED] - Text '105' is present on page 

2020-04-27 11:40:08 - [TEST_STEP][PASSED] - "----------------": null

2020-04-27 11:40:08 - [TEST_STEP][PASSED] - "Postcode        |": null

2020-04-27 11:40:08 - [TEST_STEP][PASSED] - verifyTextPresent(findTestData("Data Files/Advance_Company_Search_Data").getValue("Postcode", row), false): Text '' is present on page 

2020-04-27 11:40:10 - [MESSAGE][PASSED] - Text '' is present on page 

2020-04-27 11:40:10 - [TEST_STEP][PASSED] - "----------------": null

2020-04-27 11:40:10 - [TEST_STEP][PASSED] - "Full Name       |": null

2020-04-27 11:40:10 - [TEST_STEP][PASSED] - verifyTextPresent(findTestData("Data Files/Advance_Company_Search_Data").getValue("Full_Name", row), false): Text 'Mr Bob Symes' is present on page 

2020-04-27 11:40:10 - [MESSAGE][PASSED] - Text 'Mr Bob Symes' is present on page 

2020-04-27 11:40:10 - [TEST_STEP][PASSED] - "----------------": null

2020-04-27 11:40:10 - [TEST_STEP][PASSED] - "Date of Birth   |": null

2020-04-27 11:40:10 - [TEST_STEP][PASSED] - verifyTextPresent(findTestData("Data Files/Advance_Company_Search_Data").getValue("Owner_DOB", row), false): Text '' is present on page 

2020-04-27 11:40:11 - [MESSAGE][PASSED] - Text '' is present on page 

2020-04-27 11:40:11 - [TEST_STEP][PASSED] - "----------------": null

2020-04-27 11:40:11 - [TEST_STEP][PASSED] - "Full Address    |": null

2020-04-27 11:40:11 - [TEST_STEP][PASSED] - verifyTextPresent(findTestData("Data Files/Advance_Company_Search_Data").getValue("Full_Address", row), false): Text '8 The Newlands, Wallington, Greater London, SM6 9JU' is present on page 

2020-04-27 11:40:12 - [MESSAGE][PASSED] - Text '8 The Newlands, Wallington, Greater London, SM6 9JU' is present on page 

2020-04-27 11:40:12 - [MESSAGE][PASSED] - Call Test Case 'Test Cases/Reusable_Test_Sequences/Web_Office/Verification/Company_Returned_Advanced_Search_Record' successfully

2020-04-27 11:40:12 - [TEST_STEP][PASSED] - "--------------------------": null

2020-04-27 11:40:12 - [TEST_STEP][PASSED] - " Teardown - CLose Browser |": null

2020-04-27 11:40:12 - [TEST_STEP][PASSED] - callTestCase(findTestCase("Reusable_Test_Sequences/CAT_Teardown"), [:], OPTIONAL): Call Test Case 'Test Cases/Reusable_Test_Sequences/CAT_Teardown' successfully

2020-04-27 11:40:12 - [TEST_CASE][PASSED] - Test Cases/Reusable_Test_Sequences/CAT_Teardown: Test Cases/Reusable_Test_Sequences/CAT_Teardown

2020-04-27 11:40:12 - [TEST_STEP][PASSED] - closeBrowser(): Browser is closed

2020-04-27 11:40:13 - [MESSAGE][PASSED] - Browser is closed

2020-04-27 11:40:13 - [TEST_STEP][PASSED] - super.finalize(): null

2020-04-27 11:40:13 - [TEST_STEP][PASSED] - System.gc(): null

2020-04-27 11:40:13 - [MESSAGE][PASSED] - Call Test Case 'Test Cases/Reusable_Test_Sequences/CAT_Teardown' successfully]]></system-out>
         <system-err><![CDATA[]]></system-err>
      </testcase>
      <testcase name="Test Cases/Web_Office/WebOffice_Consumer_Search" time="192.04" classname="Test Cases/Web_Office/WebOffice_Consumer_Search" status="PASSED">
         <system-out><![CDATA[2020-04-27 11:40:13 - [TEST_CASE][PASSED] - Test Cases/Web_Office/WebOffice_Consumer_Search: Test Cases/Web_Office/WebOffice_Consumer_Search

2020-04-27 11:40:13 - [TEST_STEP][PASSED] - for ([row = 1, row <= findTestData("Consumer_Data (1)").getRowNumbers(), (internal.GlobalVariable.row++)]): Call Test Case 'Test Cases/Reusable_Test_Sequences/CAT_Teardown' successfully

2020-04-27 11:40:13 - [TEST_STEP][PASSED] - "--------------------------------------": null

2020-04-27 11:40:13 - [TEST_STEP][PASSED] - " Web Office StartUp                   |": null

2020-04-27 11:40:13 - [TEST_STEP][PASSED] - callTestCase(findTestCase("Reusable_Test_Sequences/Web_Office/Directives/WebOffice_StartUp"), [:], STOP_ON_FAILURE): Call Test Case 'Test Cases/Reusable_Test_Sequences/Web_Office/Directives/WebOffice_StartUp' successfully

2020-04-27 11:40:13 - [TEST_CASE][PASSED] - Test Cases/Reusable_Test_Sequences/Web_Office/Directives/WebOffice_StartUp: Test Cases/Reusable_Test_Sequences/Web_Office/Directives/WebOffice_StartUp

2020-04-27 11:40:13 - [TEST_STEP][PASSED] - "-----------------------------------------------------------------------------": null

2020-04-27 11:40:13 - [TEST_STEP][PASSED] - if (URL == "https://www.dev.checkatrade.com/"): null

2020-04-27 11:40:13 - [TEST_STEP][PASSED] - "-----------------------------------------------------------------------------": null

2020-04-27 11:40:13 - [TEST_STEP][PASSED] - if (URL == "https://www.checkatrade.com/"): null

2020-04-27 11:40:13 - [TEST_STEP][PASSED] - "-----------------------------------------------------------------------------": null

2020-04-27 11:40:13 - [TEST_STEP][PASSED] - if (URL == "https://www.preview.checkatrade.com/"): null

2020-04-27 11:40:13 - [TEST_STEP][PASSED] - WebOfficeURL = "https://admin.preview.checkatrade.com/": null

2020-04-27 11:40:13 - [TEST_STEP][PASSED] - if (URL == "https://www.dev2.checkatrade.com/"): null

2020-04-27 11:40:13 - [TEST_STEP][PASSED] - "Set Function Area for "URL_Handler", URL Resolution": null

2020-04-27 11:40:13 - [TEST_STEP][PASSED] - "Do Some Magic with URL(s) See the comments within URL Handler ": null

2020-04-27 11:40:13 - [TEST_STEP][PASSED] - "------------------------------------------------": null

2020-04-27 11:40:13 - [TEST_STEP][PASSED] - "Moved Login Credentials to <Default> profile 22/01/2020": null

2020-04-27 11:40:13 - [TEST_STEP][PASSED] - "------------------------------------------------": null

2020-04-27 11:40:13 - [TEST_STEP][PASSED] - "WebOfficeURL - Set from the ENVIRONMENT PROFILE ": null

2020-04-27 11:40:13 - [TEST_STEP][PASSED] - "OPEN BROWSER": null

2020-04-27 11:40:13 - [TEST_STEP][PASSED] - "eg - https://admin.preview.checkatrade.com/  ": null

2020-04-27 11:40:13 - [TEST_STEP][PASSED] - openBrowser(WebOfficeURL): Browser is opened with url: 'https://admin.preview.checkatrade.com/'

2020-04-27 11:40:13 - [MESSAGE][INFO] - Starting 'Chrome' driver

2020-04-27 11:40:13 - [MESSAGE][INFO] - Action delay is set to 0 milliseconds

2020-04-27 11:40:18 - [MESSAGE][PASSED] - Browser is opened with url: 'https://admin.preview.checkatrade.com/'

2020-04-27 11:40:18 - [TEST_STEP][PASSED] - maximizeWindow(): Current window maximized

2020-04-27 11:40:20 - [MESSAGE][PASSED] - Current window maximized

2020-04-27 11:40:20 - [TEST_STEP][PASSED] - waitForElementClickable(findTestObject("Object Repository/WebOffice/Page_Checkatrade - Administration - Login/Login_Button"), 25): Object 'Object Repository/WebOffice/Page_Checkatrade - Administration - Login/Login_Button' is clickable

2020-04-27 11:40:21 - [MESSAGE][PASSED] - Object 'Object Repository/WebOffice/Page_Checkatrade - Administration - Login/Login_Button' is clickable

2020-04-27 11:40:21 - [TEST_STEP][PASSED] - verifyTextPresent("Checkatrade Web Office", false): Text 'Checkatrade Web Office' is present on page 

2020-04-27 11:40:21 - [MESSAGE][PASSED] - Text 'Checkatrade Web Office' is present on page 

2020-04-27 11:40:21 - [TEST_STEP][PASSED] - verifyTextPresent("Access for staff use only", false): Text 'Access for staff use only' is present on page 

2020-04-27 11:40:21 - [MESSAGE][PASSED] - Text 'Access for staff use only' is present on page 

2020-04-27 11:40:21 - [TEST_STEP][PASSED] - verifyTextPresent("Forgotten password?", false): Text 'Forgotten password?' is present on page 

2020-04-27 11:40:21 - [MESSAGE][PASSED] - Text 'Forgotten password?' is present on page 

2020-04-27 11:40:21 - [TEST_STEP][PASSED] - setText(findTestObject("Object Repository/WebOffice/Page_Checkatrade - Administration - Login/input_Username_LoginControlUserName"), wo_Username): Text 'DavidHo' is set on object 'Object Repository/WebOffice/Page_Checkatrade - Administration - Login/input_Username_LoginControlUserName'

2020-04-27 11:40:21 - [MESSAGE][PASSED] - Text 'DavidHo' is set on object 'Object Repository/WebOffice/Page_Checkatrade - Administration - Login/input_Username_LoginControlUserName'

2020-04-27 11:40:21 - [TEST_STEP][PASSED] - setText(findTestObject("Object Repository/WebOffice/Page_Checkatrade - Administration - Login/input_Password_LoginControlPassword"), wo_Password): Text 'Check123' is set on object 'Object Repository/WebOffice/Page_Checkatrade - Administration - Login/input_Password_LoginControlPassword'

2020-04-27 11:40:22 - [MESSAGE][PASSED] - Text 'Check123' is set on object 'Object Repository/WebOffice/Page_Checkatrade - Administration - Login/input_Password_LoginControlPassword'

2020-04-27 11:40:22 - [TEST_STEP][PASSED] - click(findTestObject("Object Repository/WebOffice/Page_Checkatrade - Administration - Login/Login_Button")): Object: 'Object Repository/WebOffice/Page_Checkatrade - Administration - Login/Login_Button' is clicked on

2020-04-27 11:40:23 - [MESSAGE][PASSED] - Object: 'Object Repository/WebOffice/Page_Checkatrade - Administration - Login/Login_Button' is clicked on

2020-04-27 11:40:23 - [TEST_STEP][PASSED] - waitForPageLoad(60): Wait for page load successfully

2020-04-27 11:40:23 - [MESSAGE][PASSED] - Wait for page load successfully

2020-04-27 11:40:23 - [TEST_STEP][PASSED] - verifyTextPresent("Welcome " + wo_Username, false): Text 'Welcome DavidHo' is present on page 

2020-04-27 11:40:23 - [MESSAGE][PASSED] - Text 'Welcome DavidHo' is present on page 

2020-04-27 11:40:23 - [MESSAGE][PASSED] - Call Test Case 'Test Cases/Reusable_Test_Sequences/Web_Office/Directives/WebOffice_StartUp' successfully

2020-04-27 11:40:23 - [TEST_STEP][PASSED] - "--------------------------------------": null

2020-04-27 11:40:23 - [TEST_STEP][PASSED] - " Navigate to <Consumer> Menu Item     |": null

2020-04-27 11:40:23 - [TEST_STEP][PASSED] - callTestCase(findTestCase("Reusable_Test_Sequences/Web_Office/navigation/Navigate_Consumers"), [:], STOP_ON_FAILURE): Call Test Case 'Test Cases/Reusable_Test_Sequences/Web_Office/navigation/Navigate_Consumers' successfully

2020-04-27 11:40:23 - [TEST_CASE][PASSED] - Test Cases/Reusable_Test_Sequences/Web_Office/navigation/Navigate_Consumers: Test Cases/Reusable_Test_Sequences/Web_Office/navigation/Navigate_Consumers

2020-04-27 11:40:24 - [TEST_STEP][PASSED] - "--------------------------------------": null

2020-04-27 11:40:24 - [TEST_STEP][PASSED] - " Navigate Top level menu Item         |": null

2020-04-27 11:40:24 - [TEST_STEP][PASSED] - waitForPageLoad(60): Wait for page load successfully

2020-04-27 11:40:24 - [MESSAGE][PASSED] - Wait for page load successfully

2020-04-27 11:40:24 - [TEST_STEP][PASSED] - waitForElementClickable(findTestObject("Object Repository/WebOffice_Home_page/a_Consumers"), 60): Object 'Object Repository/WebOffice_Home_page/a_Consumers' is clickable

2020-04-27 11:40:24 - [MESSAGE][PASSED] - Object 'Object Repository/WebOffice_Home_page/a_Consumers' is clickable

2020-04-27 11:40:24 - [TEST_STEP][PASSED] - click(findTestObject("Object Repository/WebOffice_Home_page/a_Consumers")): Object: 'Object Repository/WebOffice_Home_page/a_Consumers' is clicked on

2020-04-27 11:40:25 - [MESSAGE][PASSED] - Object: 'Object Repository/WebOffice_Home_page/a_Consumers' is clicked on

2020-04-27 11:40:25 - [MESSAGE][PASSED] - Call Test Case 'Test Cases/Reusable_Test_Sequences/Web_Office/navigation/Navigate_Consumers' successfully

2020-04-27 11:40:25 - [TEST_STEP][PASSED] - "--------------------------------------": null

2020-04-27 11:40:25 - [TEST_STEP][PASSED] - " LH Pane  - Apply Search Criteria     |": null

2020-04-27 11:40:25 - [TEST_STEP][PASSED] - callTestCase(findTestCase("Reusable_Test_Sequences/Web_Office/Actions/Set_Consumer_Data"), [:], STOP_ON_FAILURE): Call Test Case 'Test Cases/Reusable_Test_Sequences/Web_Office/Actions/Set_Consumer_Data' successfully

2020-04-27 11:40:25 - [TEST_CASE][PASSED] - Test Cases/Reusable_Test_Sequences/Web_Office/Actions/Set_Consumer_Data: Test Cases/Reusable_Test_Sequences/Web_Office/Actions/Set_Consumer_Data

2020-04-27 11:40:25 - [TEST_STEP][PASSED] - "--------------------------------": null

2020-04-27 11:40:25 - [TEST_STEP][PASSED] - "Read data from spreadsheet      |": null

2020-04-27 11:40:25 - [TEST_STEP][PASSED] - data = findTestData("Data Files/Consumer_Data (1)"): null

2020-04-27 11:40:25 - [TEST_STEP][PASSED] - Forename = data.getValue("Forename", row): null

2020-04-27 11:40:25 - [TEST_STEP][PASSED] - Surname = data.getValue("Surname", row): null

2020-04-27 11:40:25 - [TEST_STEP][PASSED] - Mobile = data.getValue("Mobile", row): null

2020-04-27 11:40:25 - [TEST_STEP][PASSED] - Email = data.getValue("Email", row): null

2020-04-27 11:40:25 - [TEST_STEP][PASSED] - House = data.getValue("House", row): null

2020-04-27 11:40:25 - [TEST_STEP][PASSED] - Street = data.getValue("Street", row): null

2020-04-27 11:40:25 - [TEST_STEP][PASSED] - Town = data.getValue("Town", row): null

2020-04-27 11:40:25 - [TEST_STEP][PASSED] - City = data.getValue("City", row): null

2020-04-27 11:40:25 - [TEST_STEP][PASSED] - County = data.getValue("County", row): null

2020-04-27 11:40:25 - [TEST_STEP][PASSED] - Postcode = data.getValue("Postcode", row): null

2020-04-27 11:40:25 - [TEST_STEP][PASSED] - Phone = data.getValue("Phone", row): null

2020-04-27 11:40:25 - [TEST_STEP][PASSED] - Status = data.getValue("Status", row): null

2020-04-27 11:40:25 - [TEST_STEP][PASSED] - Type = data.getValue("Type", row): null

2020-04-27 11:40:25 - [TEST_STEP][PASSED] - Consumer_ID = data.getValue("Consumer_ID", row): null

2020-04-27 11:40:25 - [TEST_STEP][PASSED] - "--------------------------------": null

2020-04-27 11:40:25 - [TEST_STEP][PASSED] - "Read data from spreadsheet      |": null

2020-04-27 11:40:25 - [TEST_STEP][PASSED] - "--------------------------------": null

2020-04-27 11:40:25 - [TEST_STEP][PASSED] - "--------------------------------": null

2020-04-27 11:40:25 - [TEST_STEP][PASSED] - " Synchronisation                |": null

2020-04-27 11:40:25 - [TEST_STEP][PASSED] - waitForPageLoad(60): Wait for page load successfully

2020-04-27 11:40:25 - [MESSAGE][PASSED] - Wait for page load successfully

2020-04-27 11:40:25 - [TEST_STEP][PASSED] - waitForElementVisible(findTestObject("Object Repository/WebOffice/Consumers/Page_/input_Forename_ctl00CP1ctlSearchtbForenames"), 60): Object 'Object Repository/WebOffice/Consumers/Page_/input_Forename_ctl00CP1ctlSearchtbForenames' is visible

2020-04-27 11:40:25 - [MESSAGE][PASSED] - Object 'Object Repository/WebOffice/Consumers/Page_/input_Forename_ctl00CP1ctlSearchtbForenames' is visible

2020-04-27 11:40:25 - [TEST_STEP][PASSED] - click(findTestObject("Object Repository/WebOffice/Consumers/Page_/input_Forename_ctl00CP1ctlSearchtbForenames")): Object: 'Object Repository/WebOffice/Consumers/Page_/input_Forename_ctl00CP1ctlSearchtbForenames' is clicked on

2020-04-27 11:40:26 - [MESSAGE][PASSED] - Object: 'Object Repository/WebOffice/Consumers/Page_/input_Forename_ctl00CP1ctlSearchtbForenames' is clicked on

2020-04-27 11:40:26 - [TEST_STEP][PASSED] - "-------------------------------------------------------------------------------------------------------------------------------------": null

2020-04-27 11:40:26 - [TEST_STEP][PASSED] - setText(findTestObject("Object Repository/WebOffice/Consumers/Page_/input_Forename_ctl00CP1ctlSearchtbForenames"), Forename): Text ' ' is set on object 'Object Repository/WebOffice/Consumers/Page_/input_Forename_ctl00CP1ctlSearchtbForenames'

2020-04-27 11:40:26 - [MESSAGE][PASSED] - Text ' ' is set on object 'Object Repository/WebOffice/Consumers/Page_/input_Forename_ctl00CP1ctlSearchtbForenames'

2020-04-27 11:40:26 - [TEST_STEP][PASSED] - "-------------------------------------------------------------------------------------------------------------------------------------": null

2020-04-27 11:40:26 - [TEST_STEP][PASSED] - setText(findTestObject("Object Repository/WebOffice/Consumers/Page_/input_Surname_ctl00CP1ctlSearchtbSurname"), Surname): Text ' ' is set on object 'Object Repository/WebOffice/Consumers/Page_/input_Surname_ctl00CP1ctlSearchtbSurname'

2020-04-27 11:40:26 - [MESSAGE][PASSED] - Text ' ' is set on object 'Object Repository/WebOffice/Consumers/Page_/input_Surname_ctl00CP1ctlSearchtbSurname'

2020-04-27 11:40:26 - [TEST_STEP][PASSED] - "-------------------------------------------------------------------------------------------------------------------------------------": null

2020-04-27 11:40:26 - [TEST_STEP][PASSED] - setText(findTestObject("Object Repository/WebOffice/Consumers/Page_/input_Mobile_ctl00CP1ctlSearchtbMobile"), Mobile): Text '' is set on object 'Object Repository/WebOffice/Consumers/Page_/input_Mobile_ctl00CP1ctlSearchtbMobile'

2020-04-27 11:40:26 - [MESSAGE][PASSED] - Text '' is set on object 'Object Repository/WebOffice/Consumers/Page_/input_Mobile_ctl00CP1ctlSearchtbMobile'

2020-04-27 11:40:26 - [TEST_STEP][PASSED] - "-------------------------------------------------------------------------------------------------------------------------------------": null

2020-04-27 11:40:26 - [TEST_STEP][PASSED] - setText(findTestObject("Object Repository/WebOffice/Consumers/Page_/input_Email_ctl00CP1ctlSearchtbEmail"), Email): Text 'gordbro@gmail.com' is set on object 'Object Repository/WebOffice/Consumers/Page_/input_Email_ctl00CP1ctlSearchtbEmail'

2020-04-27 11:40:27 - [MESSAGE][PASSED] - Text 'gordbro@gmail.com' is set on object 'Object Repository/WebOffice/Consumers/Page_/input_Email_ctl00CP1ctlSearchtbEmail'

2020-04-27 11:40:27 - [TEST_STEP][PASSED] - "-------------------------------------------------------------------------------------------------------------------------------------": null

2020-04-27 11:40:27 - [TEST_STEP][PASSED] - setText(findTestObject("Object Repository/WebOffice/Consumers/Page_/input_House_ctl00CP1ctlSearchtbHouse"), House): Text '' is set on object 'Object Repository/WebOffice/Consumers/Page_/input_House_ctl00CP1ctlSearchtbHouse'

2020-04-27 11:40:27 - [MESSAGE][PASSED] - Text '' is set on object 'Object Repository/WebOffice/Consumers/Page_/input_House_ctl00CP1ctlSearchtbHouse'

2020-04-27 11:40:27 - [TEST_STEP][PASSED] - "-------------------------------------------------------------------------------------------------------------------------------------": null

2020-04-27 11:40:27 - [TEST_STEP][PASSED] - setText(findTestObject("Object Repository/WebOffice/Consumers/Page_/input_Street_ctl00CP1ctlSearchtbStreet"), Street): Text '' is set on object 'Object Repository/WebOffice/Consumers/Page_/input_Street_ctl00CP1ctlSearchtbStreet'

2020-04-27 11:40:27 - [MESSAGE][PASSED] - Text '' is set on object 'Object Repository/WebOffice/Consumers/Page_/input_Street_ctl00CP1ctlSearchtbStreet'

2020-04-27 11:40:27 - [TEST_STEP][PASSED] - "-------------------------------------------------------------------------------------------------------------------------------------": null

2020-04-27 11:40:27 - [TEST_STEP][PASSED] - setText(findTestObject("Object Repository/WebOffice/Consumers/Page_/input_Town_ctl00CP1ctlSearchtbTown"), Town): Text '' is set on object 'Object Repository/WebOffice/Consumers/Page_/input_Town_ctl00CP1ctlSearchtbTown'

2020-04-27 11:40:27 - [MESSAGE][PASSED] - Text '' is set on object 'Object Repository/WebOffice/Consumers/Page_/input_Town_ctl00CP1ctlSearchtbTown'

2020-04-27 11:40:27 - [TEST_STEP][PASSED] - "-------------------------------------------------------------------------------------------------------------------------------------": null

2020-04-27 11:40:27 - [TEST_STEP][PASSED] - setText(findTestObject("Object Repository/WebOffice/Consumers/Page_/input_City_ctl00CP1ctlSearchtbCity"), City): Text '' is set on object 'Object Repository/WebOffice/Consumers/Page_/input_City_ctl00CP1ctlSearchtbCity'

2020-04-27 11:40:28 - [MESSAGE][PASSED] - Text '' is set on object 'Object Repository/WebOffice/Consumers/Page_/input_City_ctl00CP1ctlSearchtbCity'

2020-04-27 11:40:28 - [TEST_STEP][PASSED] - "-------------------------------------------------------------------------------------------------------------------------------------": null

2020-04-27 11:40:28 - [TEST_STEP][PASSED] - setText(findTestObject("Object Repository/WebOffice/Consumers/Page_/input_County_ctl00CP1ctlSearchtbCounty"), County): Text '' is set on object 'Object Repository/WebOffice/Consumers/Page_/input_County_ctl00CP1ctlSearchtbCounty'

2020-04-27 11:40:28 - [MESSAGE][PASSED] - Text '' is set on object 'Object Repository/WebOffice/Consumers/Page_/input_County_ctl00CP1ctlSearchtbCounty'

2020-04-27 11:40:28 - [TEST_STEP][PASSED] - "-------------------------------------------------------------------------------------------------------------------------------------": null

2020-04-27 11:40:28 - [TEST_STEP][PASSED] - setText(findTestObject("Object Repository/WebOffice/Consumers/Page_/input_Postcode_ctl00CP1ctlSearchtbPostcode"), Postcode): Text '' is set on object 'Object Repository/WebOffice/Consumers/Page_/input_Postcode_ctl00CP1ctlSearchtbPostcode'

2020-04-27 11:40:28 - [MESSAGE][PASSED] - Text '' is set on object 'Object Repository/WebOffice/Consumers/Page_/input_Postcode_ctl00CP1ctlSearchtbPostcode'

2020-04-27 11:40:28 - [TEST_STEP][PASSED] - "-------------------------------------------------------------------------------------------------------------------------------------": null

2020-04-27 11:40:28 - [TEST_STEP][PASSED] - setText(findTestObject("Object Repository/WebOffice/Consumers/Page_/input_Phone_ctl00CP1ctlSearchtbTel"), Phone): Text '' is set on object 'Object Repository/WebOffice/Consumers/Page_/input_Phone_ctl00CP1ctlSearchtbTel'

2020-04-27 11:40:28 - [MESSAGE][PASSED] - Text '' is set on object 'Object Repository/WebOffice/Consumers/Page_/input_Phone_ctl00CP1ctlSearchtbTel'

2020-04-27 11:40:28 - [TEST_STEP][PASSED] - "-------------------------------------------------------------------------------------------------------------------------------------": null

2020-04-27 11:40:28 - [TEST_STEP][PASSED] - "Set Status": null

2020-04-27 11:40:28 - [TEST_STEP][PASSED] - "-------------------------------------------------------------------------------------------------------------------------------------": null

2020-04-27 11:40:28 - [TEST_STEP][PASSED] - "Status 3 Options": null

2020-04-27 11:40:28 - [TEST_STEP][PASSED] - "-------------------------------------------------------------------------------------------------------------------------------------": null

2020-04-27 11:40:28 - [TEST_STEP][PASSED] - "Set Type": null

2020-04-27 11:40:28 - [TEST_STEP][PASSED] - "-------------------------------------------------------------------------------------------------------------------------------------": null

2020-04-27 11:40:28 - [TEST_STEP][PASSED] - "Type 3 Options": null

2020-04-27 11:40:28 - [TEST_STEP][PASSED] - "-------------------------------------------------------------------------------------------------------------------------------------": null

2020-04-27 11:40:28 - [TEST_STEP][PASSED] - click(findTestObject("Object Repository/WebOffice/Consumers/Page_/input_Clear_ctl00CP1ctlSearchbtnSearch")): Object: 'Object Repository/WebOffice/Consumers/Page_/input_Clear_ctl00CP1ctlSearchbtnSearch' is clicked on

2020-04-27 11:40:28 - [MESSAGE][PASSED] - Object: 'Object Repository/WebOffice/Consumers/Page_/input_Clear_ctl00CP1ctlSearchbtnSearch' is clicked on

2020-04-27 11:40:28 - [MESSAGE][PASSED] - Call Test Case 'Test Cases/Reusable_Test_Sequences/Web_Office/Actions/Set_Consumer_Data' successfully

2020-04-27 11:40:28 - [TEST_STEP][PASSED] - "--------------------------------------": null

2020-04-27 11:40:28 - [TEST_STEP][PASSED] - " Select Returned Record to Verify     |": null

2020-04-27 11:40:28 - [TEST_STEP][PASSED] - callTestCase(findTestCase("Reusable_Test_Sequences/Web_Office/Actions/Select_Consumer"), [:], OPTIONAL): Call Test Case 'Test Cases/Reusable_Test_Sequences/Web_Office/Actions/Select_Consumer' successfully

2020-04-27 11:40:28 - [TEST_CASE][PASSED] - Test Cases/Reusable_Test_Sequences/Web_Office/Actions/Select_Consumer: Test Cases/Reusable_Test_Sequences/Web_Office/Actions/Select_Consumer

2020-04-27 11:40:29 - [TEST_STEP][PASSED] - "--------": null

2020-04-27 11:40:29 - [TEST_STEP][PASSED] - "Search  |": null

2020-04-27 11:40:29 - [TEST_STEP][PASSED] - waitForPageLoad(60): Wait for page load successfully

2020-04-27 11:40:29 - [MESSAGE][PASSED] - Wait for page load successfully

2020-04-27 11:40:29 - [TEST_STEP][PASSED] - waitForElementClickable(findTestObject("Object Repository/WO_Consumer/Page_/input_Clear_ctl00CP1ctlSearchbtnSearch"), 60): Object 'Object Repository/WO_Consumer/Page_/input_Clear_ctl00CP1ctlSearchbtnSearch' is clickable

2020-04-27 11:40:29 - [MESSAGE][PASSED] - Object 'Object Repository/WO_Consumer/Page_/input_Clear_ctl00CP1ctlSearchbtnSearch' is clickable

2020-04-27 11:40:29 - [TEST_STEP][PASSED] - click(findTestObject("Object Repository/WO_Consumer/Page_/input_Clear_ctl00CP1ctlSearchbtnSearch")): Object: 'Object Repository/WO_Consumer/Page_/input_Clear_ctl00CP1ctlSearchbtnSearch' is clicked on

2020-04-27 11:40:29 - [MESSAGE][PASSED] - Object: 'Object Repository/WO_Consumer/Page_/input_Clear_ctl00CP1ctlSearchbtnSearch' is clicked on

2020-04-27 11:40:29 - [TEST_STEP][PASSED] - delay(5): Delayed 5 second(s)

2020-04-27 11:40:34 - [MESSAGE][PASSED] - Delayed 5 second(s)

2020-04-27 11:40:34 - [TEST_STEP][PASSED] - "--------": null

2020-04-27 11:40:34 - [TEST_STEP][PASSED] - "Synch   |": null

2020-04-27 11:40:34 - [TEST_STEP][PASSED] - waitForPageLoad(120): Wait for page load successfully

2020-04-27 11:40:34 - [MESSAGE][PASSED] - Wait for page load successfully

2020-04-27 11:40:34 - [TEST_STEP][PASSED] - waitForElementClickable(findTestObject("Object Repository/WO_Consumer/Page_/a_Feedback"), 60): Object 'Object Repository/WO_Consumer/Page_/a_Feedback' is clickable

2020-04-27 11:40:39 - [MESSAGE][PASSED] - Object 'Object Repository/WO_Consumer/Page_/a_Feedback' is clickable

2020-04-27 11:40:39 - [TEST_STEP][PASSED] - "----------------------------------------": null

2020-04-27 11:40:39 - [TEST_STEP][PASSED] - "Initial Table View (Populated or Not    |": null

2020-04-27 11:40:39 - [TEST_STEP][PASSED] - "----------------------------------------": null

2020-04-27 11:40:39 - [TEST_STEP][PASSED] - "---------------------------------------------------": null

2020-04-27 11:40:39 - [TEST_STEP][PASSED] - "If Record Exists Then rocess, Otherwise Jump Over  |": null

2020-04-27 11:40:39 - [TEST_STEP][PASSED] - "---------------------------------------------------": null

2020-04-27 11:40:39 - [TEST_STEP][PASSED] - "----------------------------------------": null

2020-04-27 11:40:39 - [TEST_STEP][PASSED] - "Initial Table Return Checks": null

2020-04-27 11:40:39 - [TEST_STEP][PASSED] - "----------------------------------------": null

2020-04-27 11:40:39 - [TEST_STEP][PASSED] - "--------": null

2020-04-27 11:40:39 - [TEST_STEP][PASSED] - "Sort    |": null

2020-04-27 11:40:39 - [TEST_STEP][PASSED] - click(findTestObject("Object Repository/WO_Consumer/Page_/a_Feedback")): Object: 'Object Repository/WO_Consumer/Page_/a_Feedback' is clicked on

2020-04-27 11:40:45 - [MESSAGE][PASSED] - Object: 'Object Repository/WO_Consumer/Page_/a_Feedback' is clicked on

2020-04-27 11:40:45 - [TEST_STEP][PASSED] - delay(5): Delayed 5 second(s)

2020-04-27 11:40:50 - [MESSAGE][PASSED] - Delayed 5 second(s)

2020-04-27 11:40:50 - [TEST_STEP][PASSED] - "--------": null

2020-04-27 11:40:50 - [TEST_STEP][PASSED] - "Sort    |": null

2020-04-27 11:40:50 - [TEST_STEP][PASSED] - click(findTestObject("Object Repository/WO_Consumer/Page_/a_Feedback")): Object: 'Object Repository/WO_Consumer/Page_/a_Feedback' is clicked on

2020-04-27 11:40:54 - [MESSAGE][PASSED] - Object: 'Object Repository/WO_Consumer/Page_/a_Feedback' is clicked on

2020-04-27 11:40:54 - [TEST_STEP][PASSED] - delay(5): Delayed 5 second(s)

2020-04-27 11:40:59 - [MESSAGE][PASSED] - Delayed 5 second(s)

2020-04-27 11:40:59 - [TEST_STEP][PASSED] - "--------": null

2020-04-27 11:40:59 - [TEST_STEP][PASSED] - "Select  |": null

2020-04-27 11:40:59 - [TEST_STEP][PASSED] - waitForElementClickable(findTestObject("WO_Consumer/Page_/td_TopRow"), 60): Object 'Object Repository/WO_Consumer/Page_/td_TopRow' is clickable

2020-04-27 11:41:00 - [MESSAGE][PASSED] - Object 'Object Repository/WO_Consumer/Page_/td_TopRow' is clickable

2020-04-27 11:41:00 - [TEST_STEP][PASSED] - click(findTestObject("WO_Consumer/Page_/td_TopRow")): Object: 'Object Repository/WO_Consumer/Page_/td_TopRow' is clicked on

2020-04-27 11:41:01 - [MESSAGE][PASSED] - Object: 'Object Repository/WO_Consumer/Page_/td_TopRow' is clicked on

2020-04-27 11:41:01 - [TEST_STEP][PASSED] - delay(1): Delayed 1 second(s)

2020-04-27 11:41:02 - [MESSAGE][PASSED] - Delayed 1 second(s)

2020-04-27 11:41:02 - [MESSAGE][PASSED] - Call Test Case 'Test Cases/Reusable_Test_Sequences/Web_Office/Actions/Select_Consumer' successfully

2020-04-27 11:41:02 - [TEST_STEP][PASSED] - "--------------------------------------": null

2020-04-27 11:41:02 - [TEST_STEP][PASSED] - " Verify Returned Consumer Record      |": null

2020-04-27 11:41:02 - [TEST_STEP][PASSED] - callTestCase(findTestCase("Reusable_Test_Sequences/Web_Office/Verification/Consumer_Returned_Search_Record"), [:], OPTIONAL): Call Test Case 'Test Cases/Reusable_Test_Sequences/Web_Office/Verification/Consumer_Returned_Search_Record' successfully

2020-04-27 11:41:02 - [TEST_CASE][PASSED] - Test Cases/Reusable_Test_Sequences/Web_Office/Verification/Consumer_Returned_Search_Record: Test Cases/Reusable_Test_Sequences/Web_Office/Verification/Consumer_Returned_Search_Record

2020-04-27 11:41:02 - [TEST_STEP][PASSED] - "--------------------------------": null

2020-04-27 11:41:02 - [TEST_STEP][PASSED] - "Read data from spreadsheet      | r_ = Returned Data": null

2020-04-27 11:41:02 - [TEST_STEP][PASSED] - data = findTestData("Data Files/Consumer_Data (1)"): null

2020-04-27 11:41:02 - [TEST_STEP][PASSED] - Consumer_ID = data.getValue("Consumer_ID", row): null

2020-04-27 11:41:02 - [TEST_STEP][PASSED] - Title = data.getValue("r_Title", row): null

2020-04-27 11:41:02 - [TEST_STEP][PASSED] - Forenames = data.getValue("r_Forenames", row): null

2020-04-27 11:41:02 - [TEST_STEP][PASSED] - Surname = data.getValue("r_Surname", row): null

2020-04-27 11:41:02 - [TEST_STEP][PASSED] - Housename = data.getValue("r_Housename", row): null

2020-04-27 11:41:02 - [TEST_STEP][PASSED] - Number_Street = data.getValue("r_Number_and_Street", row): null

2020-04-27 11:41:02 - [TEST_STEP][PASSED] - City = data.getValue("r_City", row): null

2020-04-27 11:41:02 - [TEST_STEP][PASSED] - Town = data.getValue("r_Town", row): null

2020-04-27 11:41:02 - [TEST_STEP][PASSED] - County = data.getValue("r_County", row): null

2020-04-27 11:41:02 - [TEST_STEP][PASSED] - Postcode = data.getValue("r_Postcode", row): null

2020-04-27 11:41:02 - [TEST_STEP][PASSED] - Phone1 = data.getValue("r_Phone_1", row): null

2020-04-27 11:41:02 - [TEST_STEP][PASSED] - Phone2 = data.getValue("r_Phone_2", row): null

2020-04-27 11:41:02 - [TEST_STEP][PASSED] - Fax = data.getValue("r_Fax", row): null

2020-04-27 11:41:02 - [TEST_STEP][PASSED] - r_Full_Name = data.getValue("r_Full_Name", 1): null

2020-04-27 11:41:02 - [TEST_STEP][PASSED] - r_Full_Address = data.getValue("r_Full_Address", 1): null

2020-04-27 11:41:02 - [TEST_STEP][PASSED] - "--------------------------------": null

2020-04-27 11:41:02 - [TEST_STEP][PASSED] - "Read data from spreadsheet      |": null

2020-04-27 11:41:02 - [TEST_STEP][PASSED] - Actual_Page_Text = "": null

2020-04-27 11:41:02 - [TEST_STEP][PASSED] - Expected_Page_Text = "": null

2020-04-27 11:41:02 - [TEST_STEP][PASSED] - waitForPageLoad(60): Wait for page load successfully

2020-04-27 11:41:02 - [MESSAGE][PASSED] - Wait for page load successfully

2020-04-27 11:41:02 - [TEST_STEP][PASSED] - delay(1): Delayed 1 second(s)

2020-04-27 11:41:03 - [MESSAGE][PASSED] - Delayed 1 second(s)

2020-04-27 11:41:03 - [TEST_STEP][PASSED] - "HEADER DETAIL - iFrame": null

2020-04-27 11:41:03 - [TEST_STEP][PASSED] - "----------------": null

2020-04-27 11:41:03 - [TEST_STEP][PASSED] - "Full Name       |": null

2020-04-27 11:41:03 - [TEST_STEP][PASSED] - verifyElementPresent(findTestObject("Object Repository/WO_Consumer/Page_/Page_/a_Mr Gordon Brown"), 25): Object 'Object Repository/WO_Consumer/Page_/Page_/a_Mr Gordon Brown' is present

2020-04-27 11:41:04 - [MESSAGE][PASSED] - Object 'Object Repository/WO_Consumer/Page_/Page_/a_Mr Gordon Brown' is present

2020-04-27 11:41:04 - [TEST_STEP][PASSED] - "----------------": null

2020-04-27 11:41:04 - [TEST_STEP][PASSED] - "Full Address    |": null

2020-04-27 11:41:04 - [TEST_STEP][PASSED] - verifyElementPresent(findTestObject("Object Repository/WO_Consumer/Page_/Page_/div_Haywards Heath West Sussex RH16 4ER4477_d20822"), 25): Object 'Object Repository/WO_Consumer/Page_/Page_/div_Haywards Heath West Sussex RH16 4ER4477_d20822' is present

2020-04-27 11:41:04 - [MESSAGE][PASSED] - Object 'Object Repository/WO_Consumer/Page_/Page_/div_Haywards Heath West Sussex RH16 4ER4477_d20822' is present

2020-04-27 11:41:04 - [TEST_STEP][PASSED] - "BODY DETAIL - iFrame": null

2020-04-27 11:41:04 - [TEST_STEP][PASSED] - "----------------": null

2020-04-27 11:41:04 - [TEST_STEP][PASSED] - "EDIT Consumer   |": null

2020-04-27 11:41:04 - [TEST_STEP][PASSED] - verifyElementPresent(findTestObject("Object Repository/WO_Consumer/Page_/Page_/input_Title_ctledittbTitle"), 25): Object 'Object Repository/WO_Consumer/Page_/Page_/input_Title_ctledittbTitle' is present

2020-04-27 11:41:04 - [MESSAGE][PASSED] - Object 'Object Repository/WO_Consumer/Page_/Page_/input_Title_ctledittbTitle' is present

2020-04-27 11:41:04 - [TEST_STEP][PASSED] - "----------------": null

2020-04-27 11:41:04 - [TEST_STEP][PASSED] - "Address         |": null

2020-04-27 11:41:04 - [TEST_STEP][PASSED] - verifyElementPresent(findTestObject("Object Repository/WO_Consumer/Page_/Page_/span_Please ensure the Street  Road name is_e38a58"), 25): Object 'Object Repository/WO_Consumer/Page_/Page_/span_Please ensure the Street  Road name is_e38a58' is present

2020-04-27 11:41:04 - [MESSAGE][PASSED] - Object 'Object Repository/WO_Consumer/Page_/Page_/span_Please ensure the Street  Road name is_e38a58' is present

2020-04-27 11:41:04 - [MESSAGE][PASSED] - Call Test Case 'Test Cases/Reusable_Test_Sequences/Web_Office/Verification/Consumer_Returned_Search_Record' successfully

2020-04-27 11:41:04 - [TEST_STEP][PASSED] - "--------------------------": null

2020-04-27 11:41:04 - [TEST_STEP][PASSED] - " Teardown - CLose Browser |": null

2020-04-27 11:41:04 - [TEST_STEP][PASSED] - callTestCase(findTestCase("Reusable_Test_Sequences/CAT_Teardown"), [:], OPTIONAL): Call Test Case 'Test Cases/Reusable_Test_Sequences/CAT_Teardown' successfully

2020-04-27 11:41:04 - [TEST_CASE][PASSED] - Test Cases/Reusable_Test_Sequences/CAT_Teardown: Test Cases/Reusable_Test_Sequences/CAT_Teardown

2020-04-27 11:41:04 - [TEST_STEP][PASSED] - closeBrowser(): Browser is closed

2020-04-27 11:41:05 - [MESSAGE][PASSED] - Browser is closed

2020-04-27 11:41:05 - [TEST_STEP][PASSED] - super.finalize(): null

2020-04-27 11:41:05 - [TEST_STEP][PASSED] - System.gc(): null

2020-04-27 11:41:05 - [MESSAGE][PASSED] - Call Test Case 'Test Cases/Reusable_Test_Sequences/CAT_Teardown' successfully

2020-04-27 11:41:05 - [TEST_STEP][PASSED] - "--------------------------------------": null

2020-04-27 11:41:05 - [TEST_STEP][PASSED] - " Web Office StartUp                   |": null

2020-04-27 11:41:05 - [TEST_STEP][PASSED] - callTestCase(findTestCase("Reusable_Test_Sequences/Web_Office/Directives/WebOffice_StartUp"), [:], STOP_ON_FAILURE): Call Test Case 'Test Cases/Reusable_Test_Sequences/Web_Office/Directives/WebOffice_StartUp' successfully

2020-04-27 11:41:05 - [TEST_CASE][PASSED] - Test Cases/Reusable_Test_Sequences/Web_Office/Directives/WebOffice_StartUp: Test Cases/Reusable_Test_Sequences/Web_Office/Directives/WebOffice_StartUp

2020-04-27 11:41:05 - [TEST_STEP][PASSED] - "-----------------------------------------------------------------------------": null

2020-04-27 11:41:05 - [TEST_STEP][PASSED] - if (URL == "https://www.dev.checkatrade.com/"): null

2020-04-27 11:41:05 - [TEST_STEP][PASSED] - "-----------------------------------------------------------------------------": null

2020-04-27 11:41:05 - [TEST_STEP][PASSED] - if (URL == "https://www.checkatrade.com/"): null

2020-04-27 11:41:05 - [TEST_STEP][PASSED] - "-----------------------------------------------------------------------------": null

2020-04-27 11:41:05 - [TEST_STEP][PASSED] - if (URL == "https://www.preview.checkatrade.com/"): null

2020-04-27 11:41:05 - [TEST_STEP][PASSED] - WebOfficeURL = "https://admin.preview.checkatrade.com/": null

2020-04-27 11:41:05 - [TEST_STEP][PASSED] - if (URL == "https://www.dev2.checkatrade.com/"): null

2020-04-27 11:41:05 - [TEST_STEP][PASSED] - "Set Function Area for "URL_Handler", URL Resolution": null

2020-04-27 11:41:05 - [TEST_STEP][PASSED] - "Do Some Magic with URL(s) See the comments within URL Handler ": null

2020-04-27 11:41:05 - [TEST_STEP][PASSED] - "------------------------------------------------": null

2020-04-27 11:41:05 - [TEST_STEP][PASSED] - "Moved Login Credentials to <Default> profile 22/01/2020": null

2020-04-27 11:41:05 - [TEST_STEP][PASSED] - "------------------------------------------------": null

2020-04-27 11:41:05 - [TEST_STEP][PASSED] - "WebOfficeURL - Set from the ENVIRONMENT PROFILE ": null

2020-04-27 11:41:05 - [TEST_STEP][PASSED] - "OPEN BROWSER": null

2020-04-27 11:41:05 - [TEST_STEP][PASSED] - "eg - https://admin.preview.checkatrade.com/  ": null

2020-04-27 11:41:05 - [TEST_STEP][PASSED] - openBrowser(WebOfficeURL): Browser is opened with url: 'https://admin.preview.checkatrade.com/'

2020-04-27 11:41:05 - [MESSAGE][INFO] - Starting 'Chrome' driver

2020-04-27 11:41:05 - [MESSAGE][INFO] - Action delay is set to 0 milliseconds

2020-04-27 11:41:11 - [MESSAGE][PASSED] - Browser is opened with url: 'https://admin.preview.checkatrade.com/'

2020-04-27 11:41:11 - [TEST_STEP][PASSED] - maximizeWindow(): Current window maximized

2020-04-27 11:41:13 - [MESSAGE][PASSED] - Current window maximized

2020-04-27 11:41:13 - [TEST_STEP][PASSED] - waitForElementClickable(findTestObject("Object Repository/WebOffice/Page_Checkatrade - Administration - Login/Login_Button"), 25): Object 'Object Repository/WebOffice/Page_Checkatrade - Administration - Login/Login_Button' is clickable

2020-04-27 11:41:13 - [MESSAGE][PASSED] - Object 'Object Repository/WebOffice/Page_Checkatrade - Administration - Login/Login_Button' is clickable

2020-04-27 11:41:13 - [TEST_STEP][PASSED] - verifyTextPresent("Checkatrade Web Office", false): Text 'Checkatrade Web Office' is present on page 

2020-04-27 11:41:14 - [MESSAGE][PASSED] - Text 'Checkatrade Web Office' is present on page 

2020-04-27 11:41:14 - [TEST_STEP][PASSED] - verifyTextPresent("Access for staff use only", false): Text 'Access for staff use only' is present on page 

2020-04-27 11:41:14 - [MESSAGE][PASSED] - Text 'Access for staff use only' is present on page 

2020-04-27 11:41:14 - [TEST_STEP][PASSED] - verifyTextPresent("Forgotten password?", false): Text 'Forgotten password?' is present on page 

2020-04-27 11:41:14 - [MESSAGE][PASSED] - Text 'Forgotten password?' is present on page 

2020-04-27 11:41:14 - [TEST_STEP][PASSED] - setText(findTestObject("Object Repository/WebOffice/Page_Checkatrade - Administration - Login/input_Username_LoginControlUserName"), wo_Username): Text 'DavidHo' is set on object 'Object Repository/WebOffice/Page_Checkatrade - Administration - Login/input_Username_LoginControlUserName'

2020-04-27 11:41:14 - [MESSAGE][PASSED] - Text 'DavidHo' is set on object 'Object Repository/WebOffice/Page_Checkatrade - Administration - Login/input_Username_LoginControlUserName'

2020-04-27 11:41:14 - [TEST_STEP][PASSED] - setText(findTestObject("Object Repository/WebOffice/Page_Checkatrade - Administration - Login/input_Password_LoginControlPassword"), wo_Password): Text 'Check123' is set on object 'Object Repository/WebOffice/Page_Checkatrade - Administration - Login/input_Password_LoginControlPassword'

2020-04-27 11:41:14 - [MESSAGE][PASSED] - Text 'Check123' is set on object 'Object Repository/WebOffice/Page_Checkatrade - Administration - Login/input_Password_LoginControlPassword'

2020-04-27 11:41:14 - [TEST_STEP][PASSED] - click(findTestObject("Object Repository/WebOffice/Page_Checkatrade - Administration - Login/Login_Button")): Object: 'Object Repository/WebOffice/Page_Checkatrade - Administration - Login/Login_Button' is clicked on

2020-04-27 11:41:15 - [MESSAGE][PASSED] - Object: 'Object Repository/WebOffice/Page_Checkatrade - Administration - Login/Login_Button' is clicked on

2020-04-27 11:41:15 - [TEST_STEP][PASSED] - waitForPageLoad(60): Wait for page load successfully

2020-04-27 11:41:15 - [MESSAGE][PASSED] - Wait for page load successfully

2020-04-27 11:41:15 - [TEST_STEP][PASSED] - verifyTextPresent("Welcome " + wo_Username, false): Text 'Welcome DavidHo' is present on page 

2020-04-27 11:41:15 - [MESSAGE][PASSED] - Text 'Welcome DavidHo' is present on page 

2020-04-27 11:41:15 - [MESSAGE][PASSED] - Call Test Case 'Test Cases/Reusable_Test_Sequences/Web_Office/Directives/WebOffice_StartUp' successfully

2020-04-27 11:41:15 - [TEST_STEP][PASSED] - "--------------------------------------": null

2020-04-27 11:41:15 - [TEST_STEP][PASSED] - " Navigate to <Consumer> Menu Item     |": null

2020-04-27 11:41:15 - [TEST_STEP][PASSED] - callTestCase(findTestCase("Reusable_Test_Sequences/Web_Office/navigation/Navigate_Consumers"), [:], STOP_ON_FAILURE): Call Test Case 'Test Cases/Reusable_Test_Sequences/Web_Office/navigation/Navigate_Consumers' successfully

2020-04-27 11:41:15 - [TEST_CASE][PASSED] - Test Cases/Reusable_Test_Sequences/Web_Office/navigation/Navigate_Consumers: Test Cases/Reusable_Test_Sequences/Web_Office/navigation/Navigate_Consumers

2020-04-27 11:41:15 - [TEST_STEP][PASSED] - "--------------------------------------": null

2020-04-27 11:41:15 - [TEST_STEP][PASSED] - " Navigate Top level menu Item         |": null

2020-04-27 11:41:15 - [TEST_STEP][PASSED] - waitForPageLoad(60): Wait for page load successfully

2020-04-27 11:41:15 - [MESSAGE][PASSED] - Wait for page load successfully

2020-04-27 11:41:15 - [TEST_STEP][PASSED] - waitForElementClickable(findTestObject("Object Repository/WebOffice_Home_page/a_Consumers"), 60): Object 'Object Repository/WebOffice_Home_page/a_Consumers' is clickable

2020-04-27 11:41:16 - [MESSAGE][PASSED] - Object 'Object Repository/WebOffice_Home_page/a_Consumers' is clickable

2020-04-27 11:41:16 - [TEST_STEP][PASSED] - click(findTestObject("Object Repository/WebOffice_Home_page/a_Consumers")): Object: 'Object Repository/WebOffice_Home_page/a_Consumers' is clicked on

2020-04-27 11:41:16 - [MESSAGE][PASSED] - Object: 'Object Repository/WebOffice_Home_page/a_Consumers' is clicked on

2020-04-27 11:41:16 - [MESSAGE][PASSED] - Call Test Case 'Test Cases/Reusable_Test_Sequences/Web_Office/navigation/Navigate_Consumers' successfully

2020-04-27 11:41:16 - [TEST_STEP][PASSED] - "--------------------------------------": null

2020-04-27 11:41:16 - [TEST_STEP][PASSED] - " LH Pane  - Apply Search Criteria     |": null

2020-04-27 11:41:16 - [TEST_STEP][PASSED] - callTestCase(findTestCase("Reusable_Test_Sequences/Web_Office/Actions/Set_Consumer_Data"), [:], STOP_ON_FAILURE): Call Test Case 'Test Cases/Reusable_Test_Sequences/Web_Office/Actions/Set_Consumer_Data' successfully

2020-04-27 11:41:17 - [TEST_CASE][PASSED] - Test Cases/Reusable_Test_Sequences/Web_Office/Actions/Set_Consumer_Data: Test Cases/Reusable_Test_Sequences/Web_Office/Actions/Set_Consumer_Data

2020-04-27 11:41:17 - [TEST_STEP][PASSED] - "--------------------------------": null

2020-04-27 11:41:17 - [TEST_STEP][PASSED] - "Read data from spreadsheet      |": null

2020-04-27 11:41:17 - [TEST_STEP][PASSED] - data = findTestData("Data Files/Consumer_Data (1)"): null

2020-04-27 11:41:17 - [TEST_STEP][PASSED] - Forename = data.getValue("Forename", row): null

2020-04-27 11:41:17 - [TEST_STEP][PASSED] - Surname = data.getValue("Surname", row): null

2020-04-27 11:41:17 - [TEST_STEP][PASSED] - Mobile = data.getValue("Mobile", row): null

2020-04-27 11:41:17 - [TEST_STEP][PASSED] - Email = data.getValue("Email", row): null

2020-04-27 11:41:17 - [TEST_STEP][PASSED] - House = data.getValue("House", row): null

2020-04-27 11:41:17 - [TEST_STEP][PASSED] - Street = data.getValue("Street", row): null

2020-04-27 11:41:17 - [TEST_STEP][PASSED] - Town = data.getValue("Town", row): null

2020-04-27 11:41:17 - [TEST_STEP][PASSED] - City = data.getValue("City", row): null

2020-04-27 11:41:17 - [TEST_STEP][PASSED] - County = data.getValue("County", row): null

2020-04-27 11:41:17 - [TEST_STEP][PASSED] - Postcode = data.getValue("Postcode", row): null

2020-04-27 11:41:17 - [TEST_STEP][PASSED] - Phone = data.getValue("Phone", row): null

2020-04-27 11:41:17 - [TEST_STEP][PASSED] - Status = data.getValue("Status", row): null

2020-04-27 11:41:17 - [TEST_STEP][PASSED] - Type = data.getValue("Type", row): null

2020-04-27 11:41:17 - [TEST_STEP][PASSED] - Consumer_ID = data.getValue("Consumer_ID", row): null

2020-04-27 11:41:17 - [TEST_STEP][PASSED] - "--------------------------------": null

2020-04-27 11:41:17 - [TEST_STEP][PASSED] - "Read data from spreadsheet      |": null

2020-04-27 11:41:17 - [TEST_STEP][PASSED] - "--------------------------------": null

2020-04-27 11:41:17 - [TEST_STEP][PASSED] - "--------------------------------": null

2020-04-27 11:41:17 - [TEST_STEP][PASSED] - " Synchronisation                |": null

2020-04-27 11:41:17 - [TEST_STEP][PASSED] - waitForPageLoad(60): Wait for page load successfully

2020-04-27 11:41:17 - [MESSAGE][PASSED] - Wait for page load successfully

2020-04-27 11:41:17 - [TEST_STEP][PASSED] - waitForElementVisible(findTestObject("Object Repository/WebOffice/Consumers/Page_/input_Forename_ctl00CP1ctlSearchtbForenames"), 60): Object 'Object Repository/WebOffice/Consumers/Page_/input_Forename_ctl00CP1ctlSearchtbForenames' is visible

2020-04-27 11:41:17 - [MESSAGE][PASSED] - Object 'Object Repository/WebOffice/Consumers/Page_/input_Forename_ctl00CP1ctlSearchtbForenames' is visible

2020-04-27 11:41:17 - [TEST_STEP][PASSED] - click(findTestObject("Object Repository/WebOffice/Consumers/Page_/input_Forename_ctl00CP1ctlSearchtbForenames")): Object: 'Object Repository/WebOffice/Consumers/Page_/input_Forename_ctl00CP1ctlSearchtbForenames' is clicked on

2020-04-27 11:41:17 - [MESSAGE][PASSED] - Object: 'Object Repository/WebOffice/Consumers/Page_/input_Forename_ctl00CP1ctlSearchtbForenames' is clicked on

2020-04-27 11:41:17 - [TEST_STEP][PASSED] - "-------------------------------------------------------------------------------------------------------------------------------------": null

2020-04-27 11:41:17 - [TEST_STEP][PASSED] - setText(findTestObject("Object Repository/WebOffice/Consumers/Page_/input_Forename_ctl00CP1ctlSearchtbForenames"), Forename): Text '' is set on object 'Object Repository/WebOffice/Consumers/Page_/input_Forename_ctl00CP1ctlSearchtbForenames'

2020-04-27 11:41:17 - [MESSAGE][PASSED] - Text '' is set on object 'Object Repository/WebOffice/Consumers/Page_/input_Forename_ctl00CP1ctlSearchtbForenames'

2020-04-27 11:41:17 - [TEST_STEP][PASSED] - "-------------------------------------------------------------------------------------------------------------------------------------": null

2020-04-27 11:41:17 - [TEST_STEP][PASSED] - setText(findTestObject("Object Repository/WebOffice/Consumers/Page_/input_Surname_ctl00CP1ctlSearchtbSurname"), Surname): Text '' is set on object 'Object Repository/WebOffice/Consumers/Page_/input_Surname_ctl00CP1ctlSearchtbSurname'

2020-04-27 11:41:17 - [MESSAGE][PASSED] - Text '' is set on object 'Object Repository/WebOffice/Consumers/Page_/input_Surname_ctl00CP1ctlSearchtbSurname'

2020-04-27 11:41:17 - [TEST_STEP][PASSED] - "-------------------------------------------------------------------------------------------------------------------------------------": null

2020-04-27 11:41:17 - [TEST_STEP][PASSED] - setText(findTestObject("Object Repository/WebOffice/Consumers/Page_/input_Mobile_ctl00CP1ctlSearchtbMobile"), Mobile): Text '447772534248' is set on object 'Object Repository/WebOffice/Consumers/Page_/input_Mobile_ctl00CP1ctlSearchtbMobile'

2020-04-27 11:41:18 - [MESSAGE][PASSED] - Text '447772534248' is set on object 'Object Repository/WebOffice/Consumers/Page_/input_Mobile_ctl00CP1ctlSearchtbMobile'

2020-04-27 11:41:18 - [TEST_STEP][PASSED] - "-------------------------------------------------------------------------------------------------------------------------------------": null

2020-04-27 11:41:18 - [TEST_STEP][PASSED] - setText(findTestObject("Object Repository/WebOffice/Consumers/Page_/input_Email_ctl00CP1ctlSearchtbEmail"), Email): Text '' is set on object 'Object Repository/WebOffice/Consumers/Page_/input_Email_ctl00CP1ctlSearchtbEmail'

2020-04-27 11:41:18 - [MESSAGE][PASSED] - Text '' is set on object 'Object Repository/WebOffice/Consumers/Page_/input_Email_ctl00CP1ctlSearchtbEmail'

2020-04-27 11:41:18 - [TEST_STEP][PASSED] - "-------------------------------------------------------------------------------------------------------------------------------------": null

2020-04-27 11:41:18 - [TEST_STEP][PASSED] - setText(findTestObject("Object Repository/WebOffice/Consumers/Page_/input_House_ctl00CP1ctlSearchtbHouse"), House): Text '' is set on object 'Object Repository/WebOffice/Consumers/Page_/input_House_ctl00CP1ctlSearchtbHouse'

2020-04-27 11:41:18 - [MESSAGE][PASSED] - Text '' is set on object 'Object Repository/WebOffice/Consumers/Page_/input_House_ctl00CP1ctlSearchtbHouse'

2020-04-27 11:41:18 - [TEST_STEP][PASSED] - "-------------------------------------------------------------------------------------------------------------------------------------": null

2020-04-27 11:41:18 - [TEST_STEP][PASSED] - setText(findTestObject("Object Repository/WebOffice/Consumers/Page_/input_Street_ctl00CP1ctlSearchtbStreet"), Street): Text '' is set on object 'Object Repository/WebOffice/Consumers/Page_/input_Street_ctl00CP1ctlSearchtbStreet'

2020-04-27 11:41:19 - [MESSAGE][PASSED] - Text '' is set on object 'Object Repository/WebOffice/Consumers/Page_/input_Street_ctl00CP1ctlSearchtbStreet'

2020-04-27 11:41:19 - [TEST_STEP][PASSED] - "-------------------------------------------------------------------------------------------------------------------------------------": null

2020-04-27 11:41:19 - [TEST_STEP][PASSED] - setText(findTestObject("Object Repository/WebOffice/Consumers/Page_/input_Town_ctl00CP1ctlSearchtbTown"), Town): Text '' is set on object 'Object Repository/WebOffice/Consumers/Page_/input_Town_ctl00CP1ctlSearchtbTown'

2020-04-27 11:41:19 - [MESSAGE][PASSED] - Text '' is set on object 'Object Repository/WebOffice/Consumers/Page_/input_Town_ctl00CP1ctlSearchtbTown'

2020-04-27 11:41:19 - [TEST_STEP][PASSED] - "-------------------------------------------------------------------------------------------------------------------------------------": null

2020-04-27 11:41:19 - [TEST_STEP][PASSED] - setText(findTestObject("Object Repository/WebOffice/Consumers/Page_/input_City_ctl00CP1ctlSearchtbCity"), City): Text '' is set on object 'Object Repository/WebOffice/Consumers/Page_/input_City_ctl00CP1ctlSearchtbCity'

2020-04-27 11:41:19 - [MESSAGE][PASSED] - Text '' is set on object 'Object Repository/WebOffice/Consumers/Page_/input_City_ctl00CP1ctlSearchtbCity'

2020-04-27 11:41:19 - [TEST_STEP][PASSED] - "-------------------------------------------------------------------------------------------------------------------------------------": null

2020-04-27 11:41:19 - [TEST_STEP][PASSED] - setText(findTestObject("Object Repository/WebOffice/Consumers/Page_/input_County_ctl00CP1ctlSearchtbCounty"), County): Text '' is set on object 'Object Repository/WebOffice/Consumers/Page_/input_County_ctl00CP1ctlSearchtbCounty'

2020-04-27 11:41:19 - [MESSAGE][PASSED] - Text '' is set on object 'Object Repository/WebOffice/Consumers/Page_/input_County_ctl00CP1ctlSearchtbCounty'

2020-04-27 11:41:19 - [TEST_STEP][PASSED] - "-------------------------------------------------------------------------------------------------------------------------------------": null

2020-04-27 11:41:19 - [TEST_STEP][PASSED] - setText(findTestObject("Object Repository/WebOffice/Consumers/Page_/input_Postcode_ctl00CP1ctlSearchtbPostcode"), Postcode): Text '' is set on object 'Object Repository/WebOffice/Consumers/Page_/input_Postcode_ctl00CP1ctlSearchtbPostcode'

2020-04-27 11:41:19 - [MESSAGE][PASSED] - Text '' is set on object 'Object Repository/WebOffice/Consumers/Page_/input_Postcode_ctl00CP1ctlSearchtbPostcode'

2020-04-27 11:41:19 - [TEST_STEP][PASSED] - "-------------------------------------------------------------------------------------------------------------------------------------": null

2020-04-27 11:41:19 - [TEST_STEP][PASSED] - setText(findTestObject("Object Repository/WebOffice/Consumers/Page_/input_Phone_ctl00CP1ctlSearchtbTel"), Phone): Text '' is set on object 'Object Repository/WebOffice/Consumers/Page_/input_Phone_ctl00CP1ctlSearchtbTel'

2020-04-27 11:41:20 - [MESSAGE][PASSED] - Text '' is set on object 'Object Repository/WebOffice/Consumers/Page_/input_Phone_ctl00CP1ctlSearchtbTel'

2020-04-27 11:41:20 - [TEST_STEP][PASSED] - "-------------------------------------------------------------------------------------------------------------------------------------": null

2020-04-27 11:41:20 - [TEST_STEP][PASSED] - "Set Status": null

2020-04-27 11:41:20 - [TEST_STEP][PASSED] - "-------------------------------------------------------------------------------------------------------------------------------------": null

2020-04-27 11:41:20 - [TEST_STEP][PASSED] - "Status 3 Options": null

2020-04-27 11:41:20 - [TEST_STEP][PASSED] - "-------------------------------------------------------------------------------------------------------------------------------------": null

2020-04-27 11:41:20 - [TEST_STEP][PASSED] - "Set Type": null

2020-04-27 11:41:20 - [TEST_STEP][PASSED] - "-------------------------------------------------------------------------------------------------------------------------------------": null

2020-04-27 11:41:20 - [TEST_STEP][PASSED] - "Type 3 Options": null

2020-04-27 11:41:20 - [TEST_STEP][PASSED] - "-------------------------------------------------------------------------------------------------------------------------------------": null

2020-04-27 11:41:20 - [TEST_STEP][PASSED] - click(findTestObject("Object Repository/WebOffice/Consumers/Page_/input_Clear_ctl00CP1ctlSearchbtnSearch")): Object: 'Object Repository/WebOffice/Consumers/Page_/input_Clear_ctl00CP1ctlSearchbtnSearch' is clicked on

2020-04-27 11:41:20 - [MESSAGE][PASSED] - Object: 'Object Repository/WebOffice/Consumers/Page_/input_Clear_ctl00CP1ctlSearchbtnSearch' is clicked on

2020-04-27 11:41:20 - [MESSAGE][PASSED] - Call Test Case 'Test Cases/Reusable_Test_Sequences/Web_Office/Actions/Set_Consumer_Data' successfully

2020-04-27 11:41:20 - [TEST_STEP][PASSED] - "--------------------------------------": null

2020-04-27 11:41:20 - [TEST_STEP][PASSED] - " Select Returned Record to Verify     |": null

2020-04-27 11:41:20 - [TEST_STEP][PASSED] - callTestCase(findTestCase("Reusable_Test_Sequences/Web_Office/Actions/Select_Consumer"), [:], OPTIONAL): Call Test Case 'Test Cases/Reusable_Test_Sequences/Web_Office/Actions/Select_Consumer' successfully

2020-04-27 11:41:20 - [TEST_CASE][PASSED] - Test Cases/Reusable_Test_Sequences/Web_Office/Actions/Select_Consumer: Test Cases/Reusable_Test_Sequences/Web_Office/Actions/Select_Consumer

2020-04-27 11:41:20 - [TEST_STEP][PASSED] - "--------": null

2020-04-27 11:41:20 - [TEST_STEP][PASSED] - "Search  |": null

2020-04-27 11:41:20 - [TEST_STEP][PASSED] - waitForPageLoad(60): Wait for page load successfully

2020-04-27 11:41:20 - [MESSAGE][PASSED] - Wait for page load successfully

2020-04-27 11:41:20 - [TEST_STEP][PASSED] - waitForElementClickable(findTestObject("Object Repository/WO_Consumer/Page_/input_Clear_ctl00CP1ctlSearchbtnSearch"), 60): Object 'Object Repository/WO_Consumer/Page_/input_Clear_ctl00CP1ctlSearchbtnSearch' is clickable

2020-04-27 11:41:20 - [MESSAGE][PASSED] - Object 'Object Repository/WO_Consumer/Page_/input_Clear_ctl00CP1ctlSearchbtnSearch' is clickable

2020-04-27 11:41:20 - [TEST_STEP][PASSED] - click(findTestObject("Object Repository/WO_Consumer/Page_/input_Clear_ctl00CP1ctlSearchbtnSearch")): Object: 'Object Repository/WO_Consumer/Page_/input_Clear_ctl00CP1ctlSearchbtnSearch' is clicked on

2020-04-27 11:41:20 - [MESSAGE][PASSED] - Object: 'Object Repository/WO_Consumer/Page_/input_Clear_ctl00CP1ctlSearchbtnSearch' is clicked on

2020-04-27 11:41:20 - [TEST_STEP][PASSED] - delay(5): Delayed 5 second(s)

2020-04-27 11:41:25 - [MESSAGE][PASSED] - Delayed 5 second(s)

2020-04-27 11:41:25 - [TEST_STEP][PASSED] - "--------": null

2020-04-27 11:41:25 - [TEST_STEP][PASSED] - "Synch   |": null

2020-04-27 11:41:25 - [TEST_STEP][PASSED] - waitForPageLoad(120): Wait for page load successfully

2020-04-27 11:41:25 - [MESSAGE][PASSED] - Wait for page load successfully

2020-04-27 11:41:25 - [TEST_STEP][PASSED] - waitForElementClickable(findTestObject("Object Repository/WO_Consumer/Page_/a_Feedback"), 60): Object 'Object Repository/WO_Consumer/Page_/a_Feedback' is clickable

2020-04-27 11:41:26 - [MESSAGE][PASSED] - Object 'Object Repository/WO_Consumer/Page_/a_Feedback' is clickable

2020-04-27 11:41:26 - [TEST_STEP][PASSED] - "----------------------------------------": null

2020-04-27 11:41:26 - [TEST_STEP][PASSED] - "Initial Table View (Populated or Not    |": null

2020-04-27 11:41:26 - [TEST_STEP][PASSED] - "----------------------------------------": null

2020-04-27 11:41:26 - [TEST_STEP][PASSED] - "---------------------------------------------------": null

2020-04-27 11:41:26 - [TEST_STEP][PASSED] - "If Record Exists Then rocess, Otherwise Jump Over  |": null

2020-04-27 11:41:26 - [TEST_STEP][PASSED] - "---------------------------------------------------": null

2020-04-27 11:41:26 - [TEST_STEP][PASSED] - "----------------------------------------": null

2020-04-27 11:41:26 - [TEST_STEP][PASSED] - "Initial Table Return Checks": null

2020-04-27 11:41:26 - [TEST_STEP][PASSED] - "----------------------------------------": null

2020-04-27 11:41:26 - [TEST_STEP][PASSED] - "--------": null

2020-04-27 11:41:26 - [TEST_STEP][PASSED] - "Sort    |": null

2020-04-27 11:41:26 - [TEST_STEP][PASSED] - click(findTestObject("Object Repository/WO_Consumer/Page_/a_Feedback")): Object: 'Object Repository/WO_Consumer/Page_/a_Feedback' is clicked on

2020-04-27 11:41:27 - [MESSAGE][PASSED] - Object: 'Object Repository/WO_Consumer/Page_/a_Feedback' is clicked on

2020-04-27 11:41:27 - [TEST_STEP][PASSED] - delay(5): Delayed 5 second(s)

2020-04-27 11:41:32 - [MESSAGE][PASSED] - Delayed 5 second(s)

2020-04-27 11:41:32 - [TEST_STEP][PASSED] - "--------": null

2020-04-27 11:41:32 - [TEST_STEP][PASSED] - "Sort    |": null

2020-04-27 11:41:32 - [TEST_STEP][PASSED] - click(findTestObject("Object Repository/WO_Consumer/Page_/a_Feedback")): Object: 'Object Repository/WO_Consumer/Page_/a_Feedback' is clicked on

2020-04-27 11:41:32 - [MESSAGE][PASSED] - Object: 'Object Repository/WO_Consumer/Page_/a_Feedback' is clicked on

2020-04-27 11:41:32 - [TEST_STEP][PASSED] - delay(5): Delayed 5 second(s)

2020-04-27 11:41:37 - [MESSAGE][PASSED] - Delayed 5 second(s)

2020-04-27 11:41:37 - [TEST_STEP][PASSED] - "--------": null

2020-04-27 11:41:37 - [TEST_STEP][PASSED] - "Select  |": null

2020-04-27 11:41:37 - [TEST_STEP][PASSED] - waitForElementClickable(findTestObject("WO_Consumer/Page_/td_TopRow"), 60): Object 'Object Repository/WO_Consumer/Page_/td_TopRow' is clickable

2020-04-27 11:41:38 - [MESSAGE][PASSED] - Object 'Object Repository/WO_Consumer/Page_/td_TopRow' is clickable

2020-04-27 11:41:38 - [TEST_STEP][PASSED] - click(findTestObject("WO_Consumer/Page_/td_TopRow")): Object: 'Object Repository/WO_Consumer/Page_/td_TopRow' is clicked on

2020-04-27 11:41:38 - [MESSAGE][PASSED] - Object: 'Object Repository/WO_Consumer/Page_/td_TopRow' is clicked on

2020-04-27 11:41:38 - [TEST_STEP][PASSED] - delay(1): Delayed 1 second(s)

2020-04-27 11:41:39 - [MESSAGE][PASSED] - Delayed 1 second(s)

2020-04-27 11:41:39 - [MESSAGE][PASSED] - Call Test Case 'Test Cases/Reusable_Test_Sequences/Web_Office/Actions/Select_Consumer' successfully

2020-04-27 11:41:39 - [TEST_STEP][PASSED] - "--------------------------------------": null

2020-04-27 11:41:39 - [TEST_STEP][PASSED] - " Verify Returned Consumer Record      |": null

2020-04-27 11:41:39 - [TEST_STEP][PASSED] - callTestCase(findTestCase("Reusable_Test_Sequences/Web_Office/Verification/Consumer_Returned_Search_Record"), [:], OPTIONAL): Call Test Case 'Test Cases/Reusable_Test_Sequences/Web_Office/Verification/Consumer_Returned_Search_Record' successfully

2020-04-27 11:41:39 - [TEST_CASE][PASSED] - Test Cases/Reusable_Test_Sequences/Web_Office/Verification/Consumer_Returned_Search_Record: Test Cases/Reusable_Test_Sequences/Web_Office/Verification/Consumer_Returned_Search_Record

2020-04-27 11:41:39 - [TEST_STEP][PASSED] - "--------------------------------": null

2020-04-27 11:41:39 - [TEST_STEP][PASSED] - "Read data from spreadsheet      | r_ = Returned Data": null

2020-04-27 11:41:39 - [TEST_STEP][PASSED] - data = findTestData("Data Files/Consumer_Data (1)"): null

2020-04-27 11:41:39 - [TEST_STEP][PASSED] - Consumer_ID = data.getValue("Consumer_ID", row): null

2020-04-27 11:41:39 - [TEST_STEP][PASSED] - Title = data.getValue("r_Title", row): null

2020-04-27 11:41:39 - [TEST_STEP][PASSED] - Forenames = data.getValue("r_Forenames", row): null

2020-04-27 11:41:39 - [TEST_STEP][PASSED] - Surname = data.getValue("r_Surname", row): null

2020-04-27 11:41:39 - [TEST_STEP][PASSED] - Housename = data.getValue("r_Housename", row): null

2020-04-27 11:41:39 - [TEST_STEP][PASSED] - Number_Street = data.getValue("r_Number_and_Street", row): null

2020-04-27 11:41:39 - [TEST_STEP][PASSED] - City = data.getValue("r_City", row): null

2020-04-27 11:41:39 - [TEST_STEP][PASSED] - Town = data.getValue("r_Town", row): null

2020-04-27 11:41:39 - [TEST_STEP][PASSED] - County = data.getValue("r_County", row): null

2020-04-27 11:41:39 - [TEST_STEP][PASSED] - Postcode = data.getValue("r_Postcode", row): null

2020-04-27 11:41:39 - [TEST_STEP][PASSED] - Phone1 = data.getValue("r_Phone_1", row): null

2020-04-27 11:41:39 - [TEST_STEP][PASSED] - Phone2 = data.getValue("r_Phone_2", row): null

2020-04-27 11:41:39 - [TEST_STEP][PASSED] - Fax = data.getValue("r_Fax", row): null

2020-04-27 11:41:39 - [TEST_STEP][PASSED] - r_Full_Name = data.getValue("r_Full_Name", 1): null

2020-04-27 11:41:39 - [TEST_STEP][PASSED] - r_Full_Address = data.getValue("r_Full_Address", 1): null

2020-04-27 11:41:39 - [TEST_STEP][PASSED] - "--------------------------------": null

2020-04-27 11:41:39 - [TEST_STEP][PASSED] - "Read data from spreadsheet      |": null

2020-04-27 11:41:39 - [TEST_STEP][PASSED] - Actual_Page_Text = "": null

2020-04-27 11:41:39 - [TEST_STEP][PASSED] - Expected_Page_Text = "": null

2020-04-27 11:41:39 - [TEST_STEP][PASSED] - waitForPageLoad(60): Wait for page load successfully

2020-04-27 11:41:39 - [MESSAGE][PASSED] - Wait for page load successfully

2020-04-27 11:41:39 - [TEST_STEP][PASSED] - delay(1): Delayed 1 second(s)

2020-04-27 11:41:40 - [MESSAGE][PASSED] - Delayed 1 second(s)

2020-04-27 11:41:40 - [TEST_STEP][PASSED] - "HEADER DETAIL - iFrame": null

2020-04-27 11:41:40 - [TEST_STEP][PASSED] - "----------------": null

2020-04-27 11:41:40 - [TEST_STEP][PASSED] - "Full Name       |": null

2020-04-27 11:41:40 - [TEST_STEP][PASSED] - verifyElementPresent(findTestObject("Object Repository/WO_Consumer/Page_/Page_/a_Mr Gordon Brown"), 25): Object 'Object Repository/WO_Consumer/Page_/Page_/a_Mr Gordon Brown' is present

2020-04-27 11:41:40 - [MESSAGE][PASSED] - Object 'Object Repository/WO_Consumer/Page_/Page_/a_Mr Gordon Brown' is present

2020-04-27 11:41:40 - [TEST_STEP][PASSED] - "----------------": null

2020-04-27 11:41:40 - [TEST_STEP][PASSED] - "Full Address    |": null

2020-04-27 11:41:40 - [TEST_STEP][PASSED] - verifyElementPresent(findTestObject("Object Repository/WO_Consumer/Page_/Page_/div_Haywards Heath West Sussex RH16 4ER4477_d20822"), 25): Object 'Object Repository/WO_Consumer/Page_/Page_/div_Haywards Heath West Sussex RH16 4ER4477_d20822' is present

2020-04-27 11:41:41 - [MESSAGE][PASSED] - Object 'Object Repository/WO_Consumer/Page_/Page_/div_Haywards Heath West Sussex RH16 4ER4477_d20822' is present

2020-04-27 11:41:41 - [TEST_STEP][PASSED] - "BODY DETAIL - iFrame": null

2020-04-27 11:41:41 - [TEST_STEP][PASSED] - "----------------": null

2020-04-27 11:41:41 - [TEST_STEP][PASSED] - "EDIT Consumer   |": null

2020-04-27 11:41:41 - [TEST_STEP][PASSED] - verifyElementPresent(findTestObject("Object Repository/WO_Consumer/Page_/Page_/input_Title_ctledittbTitle"), 25): Object 'Object Repository/WO_Consumer/Page_/Page_/input_Title_ctledittbTitle' is present

2020-04-27 11:41:41 - [MESSAGE][PASSED] - Object 'Object Repository/WO_Consumer/Page_/Page_/input_Title_ctledittbTitle' is present

2020-04-27 11:41:41 - [TEST_STEP][PASSED] - "----------------": null

2020-04-27 11:41:41 - [TEST_STEP][PASSED] - "Address         |": null

2020-04-27 11:41:41 - [TEST_STEP][PASSED] - verifyElementPresent(findTestObject("Object Repository/WO_Consumer/Page_/Page_/span_Please ensure the Street  Road name is_e38a58"), 25): Object 'Object Repository/WO_Consumer/Page_/Page_/span_Please ensure the Street  Road name is_e38a58' is present

2020-04-27 11:41:41 - [MESSAGE][PASSED] - Object 'Object Repository/WO_Consumer/Page_/Page_/span_Please ensure the Street  Road name is_e38a58' is present

2020-04-27 11:41:41 - [MESSAGE][PASSED] - Call Test Case 'Test Cases/Reusable_Test_Sequences/Web_Office/Verification/Consumer_Returned_Search_Record' successfully

2020-04-27 11:41:41 - [TEST_STEP][PASSED] - "--------------------------": null

2020-04-27 11:41:41 - [TEST_STEP][PASSED] - " Teardown - CLose Browser |": null

2020-04-27 11:41:41 - [TEST_STEP][PASSED] - callTestCase(findTestCase("Reusable_Test_Sequences/CAT_Teardown"), [:], OPTIONAL): Call Test Case 'Test Cases/Reusable_Test_Sequences/CAT_Teardown' successfully

2020-04-27 11:41:41 - [TEST_CASE][PASSED] - Test Cases/Reusable_Test_Sequences/CAT_Teardown: Test Cases/Reusable_Test_Sequences/CAT_Teardown

2020-04-27 11:41:41 - [TEST_STEP][PASSED] - closeBrowser(): Browser is closed

2020-04-27 11:41:42 - [MESSAGE][PASSED] - Browser is closed

2020-04-27 11:41:42 - [TEST_STEP][PASSED] - super.finalize(): null

2020-04-27 11:41:42 - [TEST_STEP][PASSED] - System.gc(): null

2020-04-27 11:41:42 - [MESSAGE][PASSED] - Call Test Case 'Test Cases/Reusable_Test_Sequences/CAT_Teardown' successfully

2020-04-27 11:41:42 - [TEST_STEP][PASSED] - "--------------------------------------": null

2020-04-27 11:41:42 - [TEST_STEP][PASSED] - " Web Office StartUp                   |": null

2020-04-27 11:41:42 - [TEST_STEP][PASSED] - callTestCase(findTestCase("Reusable_Test_Sequences/Web_Office/Directives/WebOffice_StartUp"), [:], STOP_ON_FAILURE): Call Test Case 'Test Cases/Reusable_Test_Sequences/Web_Office/Directives/WebOffice_StartUp' successfully

2020-04-27 11:41:42 - [TEST_CASE][PASSED] - Test Cases/Reusable_Test_Sequences/Web_Office/Directives/WebOffice_StartUp: Test Cases/Reusable_Test_Sequences/Web_Office/Directives/WebOffice_StartUp

2020-04-27 11:41:42 - [TEST_STEP][PASSED] - "-----------------------------------------------------------------------------": null

2020-04-27 11:41:42 - [TEST_STEP][PASSED] - if (URL == "https://www.dev.checkatrade.com/"): null

2020-04-27 11:41:42 - [TEST_STEP][PASSED] - "-----------------------------------------------------------------------------": null

2020-04-27 11:41:42 - [TEST_STEP][PASSED] - if (URL == "https://www.checkatrade.com/"): null

2020-04-27 11:41:42 - [TEST_STEP][PASSED] - "-----------------------------------------------------------------------------": null

2020-04-27 11:41:42 - [TEST_STEP][PASSED] - if (URL == "https://www.preview.checkatrade.com/"): null

2020-04-27 11:41:42 - [TEST_STEP][PASSED] - WebOfficeURL = "https://admin.preview.checkatrade.com/": null

2020-04-27 11:41:42 - [TEST_STEP][PASSED] - if (URL == "https://www.dev2.checkatrade.com/"): null

2020-04-27 11:41:42 - [TEST_STEP][PASSED] - "Set Function Area for "URL_Handler", URL Resolution": null

2020-04-27 11:41:42 - [TEST_STEP][PASSED] - "Do Some Magic with URL(s) See the comments within URL Handler ": null

2020-04-27 11:41:42 - [TEST_STEP][PASSED] - "------------------------------------------------": null

2020-04-27 11:41:42 - [TEST_STEP][PASSED] - "Moved Login Credentials to <Default> profile 22/01/2020": null

2020-04-27 11:41:42 - [TEST_STEP][PASSED] - "------------------------------------------------": null

2020-04-27 11:41:42 - [TEST_STEP][PASSED] - "WebOfficeURL - Set from the ENVIRONMENT PROFILE ": null

2020-04-27 11:41:42 - [TEST_STEP][PASSED] - "OPEN BROWSER": null

2020-04-27 11:41:42 - [TEST_STEP][PASSED] - "eg - https://admin.preview.checkatrade.com/  ": null

2020-04-27 11:41:42 - [TEST_STEP][PASSED] - openBrowser(WebOfficeURL): Browser is opened with url: 'https://admin.preview.checkatrade.com/'

2020-04-27 11:41:42 - [MESSAGE][INFO] - Starting 'Chrome' driver

2020-04-27 11:41:42 - [MESSAGE][INFO] - Action delay is set to 0 milliseconds

2020-04-27 11:41:47 - [MESSAGE][PASSED] - Browser is opened with url: 'https://admin.preview.checkatrade.com/'

2020-04-27 11:41:47 - [TEST_STEP][PASSED] - maximizeWindow(): Current window maximized

2020-04-27 11:41:50 - [MESSAGE][PASSED] - Current window maximized

2020-04-27 11:41:50 - [TEST_STEP][PASSED] - waitForElementClickable(findTestObject("Object Repository/WebOffice/Page_Checkatrade - Administration - Login/Login_Button"), 25): Object 'Object Repository/WebOffice/Page_Checkatrade - Administration - Login/Login_Button' is clickable

2020-04-27 11:41:50 - [MESSAGE][PASSED] - Object 'Object Repository/WebOffice/Page_Checkatrade - Administration - Login/Login_Button' is clickable

2020-04-27 11:41:50 - [TEST_STEP][PASSED] - verifyTextPresent("Checkatrade Web Office", false): Text 'Checkatrade Web Office' is present on page 

2020-04-27 11:41:50 - [MESSAGE][PASSED] - Text 'Checkatrade Web Office' is present on page 

2020-04-27 11:41:50 - [TEST_STEP][PASSED] - verifyTextPresent("Access for staff use only", false): Text 'Access for staff use only' is present on page 

2020-04-27 11:41:50 - [MESSAGE][PASSED] - Text 'Access for staff use only' is present on page 

2020-04-27 11:41:50 - [TEST_STEP][PASSED] - verifyTextPresent("Forgotten password?", false): Text 'Forgotten password?' is present on page 

2020-04-27 11:41:50 - [MESSAGE][PASSED] - Text 'Forgotten password?' is present on page 

2020-04-27 11:41:50 - [TEST_STEP][PASSED] - setText(findTestObject("Object Repository/WebOffice/Page_Checkatrade - Administration - Login/input_Username_LoginControlUserName"), wo_Username): Text 'DavidHo' is set on object 'Object Repository/WebOffice/Page_Checkatrade - Administration - Login/input_Username_LoginControlUserName'

2020-04-27 11:41:51 - [MESSAGE][PASSED] - Text 'DavidHo' is set on object 'Object Repository/WebOffice/Page_Checkatrade - Administration - Login/input_Username_LoginControlUserName'

2020-04-27 11:41:51 - [TEST_STEP][PASSED] - setText(findTestObject("Object Repository/WebOffice/Page_Checkatrade - Administration - Login/input_Password_LoginControlPassword"), wo_Password): Text 'Check123' is set on object 'Object Repository/WebOffice/Page_Checkatrade - Administration - Login/input_Password_LoginControlPassword'

2020-04-27 11:41:51 - [MESSAGE][PASSED] - Text 'Check123' is set on object 'Object Repository/WebOffice/Page_Checkatrade - Administration - Login/input_Password_LoginControlPassword'

2020-04-27 11:41:51 - [TEST_STEP][PASSED] - click(findTestObject("Object Repository/WebOffice/Page_Checkatrade - Administration - Login/Login_Button")): Object: 'Object Repository/WebOffice/Page_Checkatrade - Administration - Login/Login_Button' is clicked on

2020-04-27 11:41:52 - [MESSAGE][PASSED] - Object: 'Object Repository/WebOffice/Page_Checkatrade - Administration - Login/Login_Button' is clicked on

2020-04-27 11:41:52 - [TEST_STEP][PASSED] - waitForPageLoad(60): Wait for page load successfully

2020-04-27 11:41:52 - [MESSAGE][PASSED] - Wait for page load successfully

2020-04-27 11:41:52 - [TEST_STEP][PASSED] - verifyTextPresent("Welcome " + wo_Username, false): Text 'Welcome DavidHo' is present on page 

2020-04-27 11:41:52 - [MESSAGE][PASSED] - Text 'Welcome DavidHo' is present on page 

2020-04-27 11:41:52 - [MESSAGE][PASSED] - Call Test Case 'Test Cases/Reusable_Test_Sequences/Web_Office/Directives/WebOffice_StartUp' successfully

2020-04-27 11:41:52 - [TEST_STEP][PASSED] - "--------------------------------------": null

2020-04-27 11:41:52 - [TEST_STEP][PASSED] - " Navigate to <Consumer> Menu Item     |": null

2020-04-27 11:41:52 - [TEST_STEP][PASSED] - callTestCase(findTestCase("Reusable_Test_Sequences/Web_Office/navigation/Navigate_Consumers"), [:], STOP_ON_FAILURE): Call Test Case 'Test Cases/Reusable_Test_Sequences/Web_Office/navigation/Navigate_Consumers' successfully

2020-04-27 11:41:52 - [TEST_CASE][PASSED] - Test Cases/Reusable_Test_Sequences/Web_Office/navigation/Navigate_Consumers: Test Cases/Reusable_Test_Sequences/Web_Office/navigation/Navigate_Consumers

2020-04-27 11:41:52 - [TEST_STEP][PASSED] - "--------------------------------------": null

2020-04-27 11:41:52 - [TEST_STEP][PASSED] - " Navigate Top level menu Item         |": null

2020-04-27 11:41:52 - [TEST_STEP][PASSED] - waitForPageLoad(60): Wait for page load successfully

2020-04-27 11:41:53 - [MESSAGE][PASSED] - Wait for page load successfully

2020-04-27 11:41:53 - [TEST_STEP][PASSED] - waitForElementClickable(findTestObject("Object Repository/WebOffice_Home_page/a_Consumers"), 60): Object 'Object Repository/WebOffice_Home_page/a_Consumers' is clickable

2020-04-27 11:41:53 - [MESSAGE][PASSED] - Object 'Object Repository/WebOffice_Home_page/a_Consumers' is clickable

2020-04-27 11:41:53 - [TEST_STEP][PASSED] - click(findTestObject("Object Repository/WebOffice_Home_page/a_Consumers")): Object: 'Object Repository/WebOffice_Home_page/a_Consumers' is clicked on

2020-04-27 11:41:53 - [MESSAGE][PASSED] - Object: 'Object Repository/WebOffice_Home_page/a_Consumers' is clicked on

2020-04-27 11:41:53 - [MESSAGE][PASSED] - Call Test Case 'Test Cases/Reusable_Test_Sequences/Web_Office/navigation/Navigate_Consumers' successfully

2020-04-27 11:41:53 - [TEST_STEP][PASSED] - "--------------------------------------": null

2020-04-27 11:41:53 - [TEST_STEP][PASSED] - " LH Pane  - Apply Search Criteria     |": null

2020-04-27 11:41:53 - [TEST_STEP][PASSED] - callTestCase(findTestCase("Reusable_Test_Sequences/Web_Office/Actions/Set_Consumer_Data"), [:], STOP_ON_FAILURE): Call Test Case 'Test Cases/Reusable_Test_Sequences/Web_Office/Actions/Set_Consumer_Data' successfully

2020-04-27 11:41:53 - [TEST_CASE][PASSED] - Test Cases/Reusable_Test_Sequences/Web_Office/Actions/Set_Consumer_Data: Test Cases/Reusable_Test_Sequences/Web_Office/Actions/Set_Consumer_Data

2020-04-27 11:41:54 - [TEST_STEP][PASSED] - "--------------------------------": null

2020-04-27 11:41:54 - [TEST_STEP][PASSED] - "Read data from spreadsheet      |": null

2020-04-27 11:41:54 - [TEST_STEP][PASSED] - data = findTestData("Data Files/Consumer_Data (1)"): null

2020-04-27 11:41:54 - [TEST_STEP][PASSED] - Forename = data.getValue("Forename", row): null

2020-04-27 11:41:54 - [TEST_STEP][PASSED] - Surname = data.getValue("Surname", row): null

2020-04-27 11:41:54 - [TEST_STEP][PASSED] - Mobile = data.getValue("Mobile", row): null

2020-04-27 11:41:54 - [TEST_STEP][PASSED] - Email = data.getValue("Email", row): null

2020-04-27 11:41:54 - [TEST_STEP][PASSED] - House = data.getValue("House", row): null

2020-04-27 11:41:54 - [TEST_STEP][PASSED] - Street = data.getValue("Street", row): null

2020-04-27 11:41:54 - [TEST_STEP][PASSED] - Town = data.getValue("Town", row): null

2020-04-27 11:41:54 - [TEST_STEP][PASSED] - City = data.getValue("City", row): null

2020-04-27 11:41:54 - [TEST_STEP][PASSED] - County = data.getValue("County", row): null

2020-04-27 11:41:54 - [TEST_STEP][PASSED] - Postcode = data.getValue("Postcode", row): null

2020-04-27 11:41:54 - [TEST_STEP][PASSED] - Phone = data.getValue("Phone", row): null

2020-04-27 11:41:54 - [TEST_STEP][PASSED] - Status = data.getValue("Status", row): null

2020-04-27 11:41:54 - [TEST_STEP][PASSED] - Type = data.getValue("Type", row): null

2020-04-27 11:41:54 - [TEST_STEP][PASSED] - Consumer_ID = data.getValue("Consumer_ID", row): null

2020-04-27 11:41:54 - [TEST_STEP][PASSED] - "--------------------------------": null

2020-04-27 11:41:54 - [TEST_STEP][PASSED] - "Read data from spreadsheet      |": null

2020-04-27 11:41:54 - [TEST_STEP][PASSED] - "--------------------------------": null

2020-04-27 11:41:54 - [TEST_STEP][PASSED] - "--------------------------------": null

2020-04-27 11:41:54 - [TEST_STEP][PASSED] - " Synchronisation                |": null

2020-04-27 11:41:54 - [TEST_STEP][PASSED] - waitForPageLoad(60): Wait for page load successfully

2020-04-27 11:41:54 - [MESSAGE][PASSED] - Wait for page load successfully

2020-04-27 11:41:54 - [TEST_STEP][PASSED] - waitForElementVisible(findTestObject("Object Repository/WebOffice/Consumers/Page_/input_Forename_ctl00CP1ctlSearchtbForenames"), 60): Object 'Object Repository/WebOffice/Consumers/Page_/input_Forename_ctl00CP1ctlSearchtbForenames' is visible

2020-04-27 11:41:54 - [MESSAGE][PASSED] - Object 'Object Repository/WebOffice/Consumers/Page_/input_Forename_ctl00CP1ctlSearchtbForenames' is visible

2020-04-27 11:41:54 - [TEST_STEP][PASSED] - click(findTestObject("Object Repository/WebOffice/Consumers/Page_/input_Forename_ctl00CP1ctlSearchtbForenames")): Object: 'Object Repository/WebOffice/Consumers/Page_/input_Forename_ctl00CP1ctlSearchtbForenames' is clicked on

2020-04-27 11:41:54 - [MESSAGE][PASSED] - Object: 'Object Repository/WebOffice/Consumers/Page_/input_Forename_ctl00CP1ctlSearchtbForenames' is clicked on

2020-04-27 11:41:54 - [TEST_STEP][PASSED] - "-------------------------------------------------------------------------------------------------------------------------------------": null

2020-04-27 11:41:54 - [TEST_STEP][PASSED] - setText(findTestObject("Object Repository/WebOffice/Consumers/Page_/input_Forename_ctl00CP1ctlSearchtbForenames"), Forename): Text 'Gordon' is set on object 'Object Repository/WebOffice/Consumers/Page_/input_Forename_ctl00CP1ctlSearchtbForenames'

2020-04-27 11:41:54 - [MESSAGE][PASSED] - Text 'Gordon' is set on object 'Object Repository/WebOffice/Consumers/Page_/input_Forename_ctl00CP1ctlSearchtbForenames'

2020-04-27 11:41:54 - [TEST_STEP][PASSED] - "-------------------------------------------------------------------------------------------------------------------------------------": null

2020-04-27 11:41:54 - [TEST_STEP][PASSED] - setText(findTestObject("Object Repository/WebOffice/Consumers/Page_/input_Surname_ctl00CP1ctlSearchtbSurname"), Surname): Text '' is set on object 'Object Repository/WebOffice/Consumers/Page_/input_Surname_ctl00CP1ctlSearchtbSurname'

2020-04-27 11:41:55 - [MESSAGE][PASSED] - Text '' is set on object 'Object Repository/WebOffice/Consumers/Page_/input_Surname_ctl00CP1ctlSearchtbSurname'

2020-04-27 11:41:55 - [TEST_STEP][PASSED] - "-------------------------------------------------------------------------------------------------------------------------------------": null

2020-04-27 11:41:55 - [TEST_STEP][PASSED] - setText(findTestObject("Object Repository/WebOffice/Consumers/Page_/input_Mobile_ctl00CP1ctlSearchtbMobile"), Mobile): Text '' is set on object 'Object Repository/WebOffice/Consumers/Page_/input_Mobile_ctl00CP1ctlSearchtbMobile'

2020-04-27 11:41:55 - [MESSAGE][PASSED] - Text '' is set on object 'Object Repository/WebOffice/Consumers/Page_/input_Mobile_ctl00CP1ctlSearchtbMobile'

2020-04-27 11:41:55 - [TEST_STEP][PASSED] - "-------------------------------------------------------------------------------------------------------------------------------------": null

2020-04-27 11:41:55 - [TEST_STEP][PASSED] - setText(findTestObject("Object Repository/WebOffice/Consumers/Page_/input_Email_ctl00CP1ctlSearchtbEmail"), Email): Text '' is set on object 'Object Repository/WebOffice/Consumers/Page_/input_Email_ctl00CP1ctlSearchtbEmail'

2020-04-27 11:41:55 - [MESSAGE][PASSED] - Text '' is set on object 'Object Repository/WebOffice/Consumers/Page_/input_Email_ctl00CP1ctlSearchtbEmail'

2020-04-27 11:41:55 - [TEST_STEP][PASSED] - "-------------------------------------------------------------------------------------------------------------------------------------": null

2020-04-27 11:41:55 - [TEST_STEP][PASSED] - setText(findTestObject("Object Repository/WebOffice/Consumers/Page_/input_House_ctl00CP1ctlSearchtbHouse"), House): Text '' is set on object 'Object Repository/WebOffice/Consumers/Page_/input_House_ctl00CP1ctlSearchtbHouse'

2020-04-27 11:41:55 - [MESSAGE][PASSED] - Text '' is set on object 'Object Repository/WebOffice/Consumers/Page_/input_House_ctl00CP1ctlSearchtbHouse'

2020-04-27 11:41:55 - [TEST_STEP][PASSED] - "-------------------------------------------------------------------------------------------------------------------------------------": null

2020-04-27 11:41:55 - [TEST_STEP][PASSED] - setText(findTestObject("Object Repository/WebOffice/Consumers/Page_/input_Street_ctl00CP1ctlSearchtbStreet"), Street): Text '2 Redwood Drive' is set on object 'Object Repository/WebOffice/Consumers/Page_/input_Street_ctl00CP1ctlSearchtbStreet'

2020-04-27 11:41:55 - [MESSAGE][PASSED] - Text '2 Redwood Drive' is set on object 'Object Repository/WebOffice/Consumers/Page_/input_Street_ctl00CP1ctlSearchtbStreet'

2020-04-27 11:41:55 - [TEST_STEP][PASSED] - "-------------------------------------------------------------------------------------------------------------------------------------": null

2020-04-27 11:41:55 - [TEST_STEP][PASSED] - setText(findTestObject("Object Repository/WebOffice/Consumers/Page_/input_Town_ctl00CP1ctlSearchtbTown"), Town): Text '' is set on object 'Object Repository/WebOffice/Consumers/Page_/input_Town_ctl00CP1ctlSearchtbTown'

2020-04-27 11:41:56 - [MESSAGE][PASSED] - Text '' is set on object 'Object Repository/WebOffice/Consumers/Page_/input_Town_ctl00CP1ctlSearchtbTown'

2020-04-27 11:41:56 - [TEST_STEP][PASSED] - "-------------------------------------------------------------------------------------------------------------------------------------": null

2020-04-27 11:41:56 - [TEST_STEP][PASSED] - setText(findTestObject("Object Repository/WebOffice/Consumers/Page_/input_City_ctl00CP1ctlSearchtbCity"), City): Text 'Haywards Heath' is set on object 'Object Repository/WebOffice/Consumers/Page_/input_City_ctl00CP1ctlSearchtbCity'

2020-04-27 11:41:56 - [MESSAGE][PASSED] - Text 'Haywards Heath' is set on object 'Object Repository/WebOffice/Consumers/Page_/input_City_ctl00CP1ctlSearchtbCity'

2020-04-27 11:41:56 - [TEST_STEP][PASSED] - "-------------------------------------------------------------------------------------------------------------------------------------": null

2020-04-27 11:41:56 - [TEST_STEP][PASSED] - setText(findTestObject("Object Repository/WebOffice/Consumers/Page_/input_County_ctl00CP1ctlSearchtbCounty"), County): Text '' is set on object 'Object Repository/WebOffice/Consumers/Page_/input_County_ctl00CP1ctlSearchtbCounty'

2020-04-27 11:41:56 - [MESSAGE][PASSED] - Text '' is set on object 'Object Repository/WebOffice/Consumers/Page_/input_County_ctl00CP1ctlSearchtbCounty'

2020-04-27 11:41:56 - [TEST_STEP][PASSED] - "-------------------------------------------------------------------------------------------------------------------------------------": null

2020-04-27 11:41:56 - [TEST_STEP][PASSED] - setText(findTestObject("Object Repository/WebOffice/Consumers/Page_/input_Postcode_ctl00CP1ctlSearchtbPostcode"), Postcode): Text '' is set on object 'Object Repository/WebOffice/Consumers/Page_/input_Postcode_ctl00CP1ctlSearchtbPostcode'

2020-04-27 11:41:56 - [MESSAGE][PASSED] - Text '' is set on object 'Object Repository/WebOffice/Consumers/Page_/input_Postcode_ctl00CP1ctlSearchtbPostcode'

2020-04-27 11:41:56 - [TEST_STEP][PASSED] - "-------------------------------------------------------------------------------------------------------------------------------------": null

2020-04-27 11:41:56 - [TEST_STEP][PASSED] - setText(findTestObject("Object Repository/WebOffice/Consumers/Page_/input_Phone_ctl00CP1ctlSearchtbTel"), Phone): Text '' is set on object 'Object Repository/WebOffice/Consumers/Page_/input_Phone_ctl00CP1ctlSearchtbTel'

2020-04-27 11:41:57 - [MESSAGE][PASSED] - Text '' is set on object 'Object Repository/WebOffice/Consumers/Page_/input_Phone_ctl00CP1ctlSearchtbTel'

2020-04-27 11:41:57 - [TEST_STEP][PASSED] - "-------------------------------------------------------------------------------------------------------------------------------------": null

2020-04-27 11:41:57 - [TEST_STEP][PASSED] - "Set Status": null

2020-04-27 11:41:57 - [TEST_STEP][PASSED] - "-------------------------------------------------------------------------------------------------------------------------------------": null

2020-04-27 11:41:57 - [TEST_STEP][PASSED] - "Status 3 Options": null

2020-04-27 11:41:57 - [TEST_STEP][PASSED] - "-------------------------------------------------------------------------------------------------------------------------------------": null

2020-04-27 11:41:57 - [TEST_STEP][PASSED] - "Set Type": null

2020-04-27 11:41:57 - [TEST_STEP][PASSED] - "-------------------------------------------------------------------------------------------------------------------------------------": null

2020-04-27 11:41:57 - [TEST_STEP][PASSED] - "Type 3 Options": null

2020-04-27 11:41:57 - [TEST_STEP][PASSED] - "-------------------------------------------------------------------------------------------------------------------------------------": null

2020-04-27 11:41:57 - [TEST_STEP][PASSED] - click(findTestObject("Object Repository/WebOffice/Consumers/Page_/input_Clear_ctl00CP1ctlSearchbtnSearch")): Object: 'Object Repository/WebOffice/Consumers/Page_/input_Clear_ctl00CP1ctlSearchbtnSearch' is clicked on

2020-04-27 11:41:57 - [MESSAGE][PASSED] - Object: 'Object Repository/WebOffice/Consumers/Page_/input_Clear_ctl00CP1ctlSearchbtnSearch' is clicked on

2020-04-27 11:41:57 - [MESSAGE][PASSED] - Call Test Case 'Test Cases/Reusable_Test_Sequences/Web_Office/Actions/Set_Consumer_Data' successfully

2020-04-27 11:41:57 - [TEST_STEP][PASSED] - "--------------------------------------": null

2020-04-27 11:41:57 - [TEST_STEP][PASSED] - " Select Returned Record to Verify     |": null

2020-04-27 11:41:57 - [TEST_STEP][PASSED] - callTestCase(findTestCase("Reusable_Test_Sequences/Web_Office/Actions/Select_Consumer"), [:], OPTIONAL): Call Test Case 'Test Cases/Reusable_Test_Sequences/Web_Office/Actions/Select_Consumer' successfully

2020-04-27 11:41:57 - [TEST_CASE][PASSED] - Test Cases/Reusable_Test_Sequences/Web_Office/Actions/Select_Consumer: Test Cases/Reusable_Test_Sequences/Web_Office/Actions/Select_Consumer

2020-04-27 11:41:57 - [TEST_STEP][PASSED] - "--------": null

2020-04-27 11:41:57 - [TEST_STEP][PASSED] - "Search  |": null

2020-04-27 11:41:57 - [TEST_STEP][PASSED] - waitForPageLoad(60): Wait for page load successfully

2020-04-27 11:41:57 - [MESSAGE][PASSED] - Wait for page load successfully

2020-04-27 11:41:57 - [TEST_STEP][PASSED] - waitForElementClickable(findTestObject("Object Repository/WO_Consumer/Page_/input_Clear_ctl00CP1ctlSearchbtnSearch"), 60): Object 'Object Repository/WO_Consumer/Page_/input_Clear_ctl00CP1ctlSearchbtnSearch' is clickable

2020-04-27 11:41:58 - [MESSAGE][PASSED] - Object 'Object Repository/WO_Consumer/Page_/input_Clear_ctl00CP1ctlSearchbtnSearch' is clickable

2020-04-27 11:41:58 - [TEST_STEP][PASSED] - click(findTestObject("Object Repository/WO_Consumer/Page_/input_Clear_ctl00CP1ctlSearchbtnSearch")): Object: 'Object Repository/WO_Consumer/Page_/input_Clear_ctl00CP1ctlSearchbtnSearch' is clicked on

2020-04-27 11:41:58 - [MESSAGE][PASSED] - Object: 'Object Repository/WO_Consumer/Page_/input_Clear_ctl00CP1ctlSearchbtnSearch' is clicked on

2020-04-27 11:41:58 - [TEST_STEP][PASSED] - delay(5): Delayed 5 second(s)

2020-04-27 11:42:03 - [MESSAGE][PASSED] - Delayed 5 second(s)

2020-04-27 11:42:03 - [TEST_STEP][PASSED] - "--------": null

2020-04-27 11:42:03 - [TEST_STEP][PASSED] - "Synch   |": null

2020-04-27 11:42:03 - [TEST_STEP][PASSED] - waitForPageLoad(120): Wait for page load successfully

2020-04-27 11:42:03 - [MESSAGE][PASSED] - Wait for page load successfully

2020-04-27 11:42:03 - [TEST_STEP][PASSED] - waitForElementClickable(findTestObject("Object Repository/WO_Consumer/Page_/a_Feedback"), 60): Object 'Object Repository/WO_Consumer/Page_/a_Feedback' is clickable

2020-04-27 11:42:09 - [MESSAGE][PASSED] - Object 'Object Repository/WO_Consumer/Page_/a_Feedback' is clickable

2020-04-27 11:42:09 - [TEST_STEP][PASSED] - "----------------------------------------": null

2020-04-27 11:42:09 - [TEST_STEP][PASSED] - "Initial Table View (Populated or Not    |": null

2020-04-27 11:42:09 - [TEST_STEP][PASSED] - "----------------------------------------": null

2020-04-27 11:42:09 - [TEST_STEP][PASSED] - "---------------------------------------------------": null

2020-04-27 11:42:09 - [TEST_STEP][PASSED] - "If Record Exists Then rocess, Otherwise Jump Over  |": null

2020-04-27 11:42:09 - [TEST_STEP][PASSED] - "---------------------------------------------------": null

2020-04-27 11:42:09 - [TEST_STEP][PASSED] - "----------------------------------------": null

2020-04-27 11:42:09 - [TEST_STEP][PASSED] - "Initial Table Return Checks": null

2020-04-27 11:42:09 - [TEST_STEP][PASSED] - "----------------------------------------": null

2020-04-27 11:42:09 - [TEST_STEP][PASSED] - "--------": null

2020-04-27 11:42:09 - [TEST_STEP][PASSED] - "Sort    |": null

2020-04-27 11:42:09 - [TEST_STEP][PASSED] - click(findTestObject("Object Repository/WO_Consumer/Page_/a_Feedback")): Object: 'Object Repository/WO_Consumer/Page_/a_Feedback' is clicked on

2020-04-27 11:42:14 - [MESSAGE][PASSED] - Object: 'Object Repository/WO_Consumer/Page_/a_Feedback' is clicked on

2020-04-27 11:42:14 - [TEST_STEP][PASSED] - delay(5): Delayed 5 second(s)

2020-04-27 11:42:19 - [MESSAGE][PASSED] - Delayed 5 second(s)

2020-04-27 11:42:19 - [TEST_STEP][PASSED] - "--------": null

2020-04-27 11:42:19 - [TEST_STEP][PASSED] - "Sort    |": null

2020-04-27 11:42:19 - [TEST_STEP][PASSED] - click(findTestObject("Object Repository/WO_Consumer/Page_/a_Feedback")): Object: 'Object Repository/WO_Consumer/Page_/a_Feedback' is clicked on

2020-04-27 11:42:24 - [MESSAGE][PASSED] - Object: 'Object Repository/WO_Consumer/Page_/a_Feedback' is clicked on

2020-04-27 11:42:24 - [TEST_STEP][PASSED] - delay(5): Delayed 5 second(s)

2020-04-27 11:42:29 - [MESSAGE][PASSED] - Delayed 5 second(s)

2020-04-27 11:42:29 - [TEST_STEP][PASSED] - "--------": null

2020-04-27 11:42:29 - [TEST_STEP][PASSED] - "Select  |": null

2020-04-27 11:42:29 - [TEST_STEP][PASSED] - waitForElementClickable(findTestObject("WO_Consumer/Page_/td_TopRow"), 60): Object 'Object Repository/WO_Consumer/Page_/td_TopRow' is clickable

2020-04-27 11:42:29 - [MESSAGE][PASSED] - Object 'Object Repository/WO_Consumer/Page_/td_TopRow' is clickable

2020-04-27 11:42:29 - [TEST_STEP][PASSED] - click(findTestObject("WO_Consumer/Page_/td_TopRow")): Object: 'Object Repository/WO_Consumer/Page_/td_TopRow' is clicked on

2020-04-27 11:42:30 - [MESSAGE][PASSED] - Object: 'Object Repository/WO_Consumer/Page_/td_TopRow' is clicked on

2020-04-27 11:42:30 - [TEST_STEP][PASSED] - delay(1): Delayed 1 second(s)

2020-04-27 11:42:31 - [MESSAGE][PASSED] - Delayed 1 second(s)

2020-04-27 11:42:31 - [MESSAGE][PASSED] - Call Test Case 'Test Cases/Reusable_Test_Sequences/Web_Office/Actions/Select_Consumer' successfully

2020-04-27 11:42:31 - [TEST_STEP][PASSED] - "--------------------------------------": null

2020-04-27 11:42:31 - [TEST_STEP][PASSED] - " Verify Returned Consumer Record      |": null

2020-04-27 11:42:31 - [TEST_STEP][PASSED] - callTestCase(findTestCase("Reusable_Test_Sequences/Web_Office/Verification/Consumer_Returned_Search_Record"), [:], OPTIONAL): Call Test Case 'Test Cases/Reusable_Test_Sequences/Web_Office/Verification/Consumer_Returned_Search_Record' successfully

2020-04-27 11:42:31 - [TEST_CASE][PASSED] - Test Cases/Reusable_Test_Sequences/Web_Office/Verification/Consumer_Returned_Search_Record: Test Cases/Reusable_Test_Sequences/Web_Office/Verification/Consumer_Returned_Search_Record

2020-04-27 11:42:31 - [TEST_STEP][PASSED] - "--------------------------------": null

2020-04-27 11:42:31 - [TEST_STEP][PASSED] - "Read data from spreadsheet      | r_ = Returned Data": null

2020-04-27 11:42:31 - [TEST_STEP][PASSED] - data = findTestData("Data Files/Consumer_Data (1)"): null

2020-04-27 11:42:31 - [TEST_STEP][PASSED] - Consumer_ID = data.getValue("Consumer_ID", row): null

2020-04-27 11:42:31 - [TEST_STEP][PASSED] - Title = data.getValue("r_Title", row): null

2020-04-27 11:42:31 - [TEST_STEP][PASSED] - Forenames = data.getValue("r_Forenames", row): null

2020-04-27 11:42:31 - [TEST_STEP][PASSED] - Surname = data.getValue("r_Surname", row): null

2020-04-27 11:42:31 - [TEST_STEP][PASSED] - Housename = data.getValue("r_Housename", row): null

2020-04-27 11:42:31 - [TEST_STEP][PASSED] - Number_Street = data.getValue("r_Number_and_Street", row): null

2020-04-27 11:42:31 - [TEST_STEP][PASSED] - City = data.getValue("r_City", row): null

2020-04-27 11:42:31 - [TEST_STEP][PASSED] - Town = data.getValue("r_Town", row): null

2020-04-27 11:42:31 - [TEST_STEP][PASSED] - County = data.getValue("r_County", row): null

2020-04-27 11:42:31 - [TEST_STEP][PASSED] - Postcode = data.getValue("r_Postcode", row): null

2020-04-27 11:42:31 - [TEST_STEP][PASSED] - Phone1 = data.getValue("r_Phone_1", row): null

2020-04-27 11:42:31 - [TEST_STEP][PASSED] - Phone2 = data.getValue("r_Phone_2", row): null

2020-04-27 11:42:31 - [TEST_STEP][PASSED] - Fax = data.getValue("r_Fax", row): null

2020-04-27 11:42:31 - [TEST_STEP][PASSED] - r_Full_Name = data.getValue("r_Full_Name", 1): null

2020-04-27 11:42:31 - [TEST_STEP][PASSED] - r_Full_Address = data.getValue("r_Full_Address", 1): null

2020-04-27 11:42:31 - [TEST_STEP][PASSED] - "--------------------------------": null

2020-04-27 11:42:31 - [TEST_STEP][PASSED] - "Read data from spreadsheet      |": null

2020-04-27 11:42:31 - [TEST_STEP][PASSED] - Actual_Page_Text = "": null

2020-04-27 11:42:31 - [TEST_STEP][PASSED] - Expected_Page_Text = "": null

2020-04-27 11:42:31 - [TEST_STEP][PASSED] - waitForPageLoad(60): Wait for page load successfully

2020-04-27 11:42:31 - [MESSAGE][PASSED] - Wait for page load successfully

2020-04-27 11:42:31 - [TEST_STEP][PASSED] - delay(1): Delayed 1 second(s)

2020-04-27 11:42:32 - [MESSAGE][PASSED] - Delayed 1 second(s)

2020-04-27 11:42:32 - [TEST_STEP][PASSED] - "HEADER DETAIL - iFrame": null

2020-04-27 11:42:32 - [TEST_STEP][PASSED] - "----------------": null

2020-04-27 11:42:32 - [TEST_STEP][PASSED] - "Full Name       |": null

2020-04-27 11:42:32 - [TEST_STEP][PASSED] - verifyElementPresent(findTestObject("Object Repository/WO_Consumer/Page_/Page_/a_Mr Gordon Brown"), 25): Object 'Object Repository/WO_Consumer/Page_/Page_/a_Mr Gordon Brown' is present

2020-04-27 11:42:32 - [MESSAGE][PASSED] - Object 'Object Repository/WO_Consumer/Page_/Page_/a_Mr Gordon Brown' is present

2020-04-27 11:42:32 - [TEST_STEP][PASSED] - "----------------": null

2020-04-27 11:42:32 - [TEST_STEP][PASSED] - "Full Address    |": null

2020-04-27 11:42:32 - [TEST_STEP][PASSED] - verifyElementPresent(findTestObject("Object Repository/WO_Consumer/Page_/Page_/div_Haywards Heath West Sussex RH16 4ER4477_d20822"), 25): Object 'Object Repository/WO_Consumer/Page_/Page_/div_Haywards Heath West Sussex RH16 4ER4477_d20822' is present

2020-04-27 11:42:32 - [MESSAGE][PASSED] - Object 'Object Repository/WO_Consumer/Page_/Page_/div_Haywards Heath West Sussex RH16 4ER4477_d20822' is present

2020-04-27 11:42:32 - [TEST_STEP][PASSED] - "BODY DETAIL - iFrame": null

2020-04-27 11:42:32 - [TEST_STEP][PASSED] - "----------------": null

2020-04-27 11:42:32 - [TEST_STEP][PASSED] - "EDIT Consumer   |": null

2020-04-27 11:42:32 - [TEST_STEP][PASSED] - verifyElementPresent(findTestObject("Object Repository/WO_Consumer/Page_/Page_/input_Title_ctledittbTitle"), 25): Object 'Object Repository/WO_Consumer/Page_/Page_/input_Title_ctledittbTitle' is present

2020-04-27 11:42:32 - [MESSAGE][PASSED] - Object 'Object Repository/WO_Consumer/Page_/Page_/input_Title_ctledittbTitle' is present

2020-04-27 11:42:32 - [TEST_STEP][PASSED] - "----------------": null

2020-04-27 11:42:32 - [TEST_STEP][PASSED] - "Address         |": null

2020-04-27 11:42:32 - [TEST_STEP][PASSED] - verifyElementPresent(findTestObject("Object Repository/WO_Consumer/Page_/Page_/span_Please ensure the Street  Road name is_e38a58"), 25): Object 'Object Repository/WO_Consumer/Page_/Page_/span_Please ensure the Street  Road name is_e38a58' is present

2020-04-27 11:42:33 - [MESSAGE][PASSED] - Object 'Object Repository/WO_Consumer/Page_/Page_/span_Please ensure the Street  Road name is_e38a58' is present

2020-04-27 11:42:33 - [MESSAGE][PASSED] - Call Test Case 'Test Cases/Reusable_Test_Sequences/Web_Office/Verification/Consumer_Returned_Search_Record' successfully

2020-04-27 11:42:33 - [TEST_STEP][PASSED] - "--------------------------": null

2020-04-27 11:42:33 - [TEST_STEP][PASSED] - " Teardown - CLose Browser |": null

2020-04-27 11:42:33 - [TEST_STEP][PASSED] - callTestCase(findTestCase("Reusable_Test_Sequences/CAT_Teardown"), [:], OPTIONAL): Call Test Case 'Test Cases/Reusable_Test_Sequences/CAT_Teardown' successfully

2020-04-27 11:42:33 - [TEST_CASE][PASSED] - Test Cases/Reusable_Test_Sequences/CAT_Teardown: Test Cases/Reusable_Test_Sequences/CAT_Teardown

2020-04-27 11:42:33 - [TEST_STEP][PASSED] - closeBrowser(): Browser is closed

2020-04-27 11:42:33 - [MESSAGE][PASSED] - Browser is closed

2020-04-27 11:42:33 - [TEST_STEP][PASSED] - super.finalize(): null

2020-04-27 11:42:33 - [TEST_STEP][PASSED] - System.gc(): null

2020-04-27 11:42:34 - [MESSAGE][PASSED] - Call Test Case 'Test Cases/Reusable_Test_Sequences/CAT_Teardown' successfully

2020-04-27 11:42:34 - [TEST_STEP][PASSED] - "--------------------------------------": null

2020-04-27 11:42:34 - [TEST_STEP][PASSED] - " Web Office StartUp                   |": null

2020-04-27 11:42:34 - [TEST_STEP][PASSED] - callTestCase(findTestCase("Reusable_Test_Sequences/Web_Office/Directives/WebOffice_StartUp"), [:], STOP_ON_FAILURE): Call Test Case 'Test Cases/Reusable_Test_Sequences/Web_Office/Directives/WebOffice_StartUp' successfully

2020-04-27 11:42:34 - [TEST_CASE][PASSED] - Test Cases/Reusable_Test_Sequences/Web_Office/Directives/WebOffice_StartUp: Test Cases/Reusable_Test_Sequences/Web_Office/Directives/WebOffice_StartUp

2020-04-27 11:42:34 - [TEST_STEP][PASSED] - "-----------------------------------------------------------------------------": null

2020-04-27 11:42:34 - [TEST_STEP][PASSED] - if (URL == "https://www.dev.checkatrade.com/"): null

2020-04-27 11:42:34 - [TEST_STEP][PASSED] - "-----------------------------------------------------------------------------": null

2020-04-27 11:42:34 - [TEST_STEP][PASSED] - if (URL == "https://www.checkatrade.com/"): null

2020-04-27 11:42:34 - [TEST_STEP][PASSED] - "-----------------------------------------------------------------------------": null

2020-04-27 11:42:34 - [TEST_STEP][PASSED] - if (URL == "https://www.preview.checkatrade.com/"): null

2020-04-27 11:42:34 - [TEST_STEP][PASSED] - WebOfficeURL = "https://admin.preview.checkatrade.com/": null

2020-04-27 11:42:34 - [TEST_STEP][PASSED] - if (URL == "https://www.dev2.checkatrade.com/"): null

2020-04-27 11:42:34 - [TEST_STEP][PASSED] - "Set Function Area for "URL_Handler", URL Resolution": null

2020-04-27 11:42:34 - [TEST_STEP][PASSED] - "Do Some Magic with URL(s) See the comments within URL Handler ": null

2020-04-27 11:42:34 - [TEST_STEP][PASSED] - "------------------------------------------------": null

2020-04-27 11:42:34 - [TEST_STEP][PASSED] - "Moved Login Credentials to <Default> profile 22/01/2020": null

2020-04-27 11:42:34 - [TEST_STEP][PASSED] - "------------------------------------------------": null

2020-04-27 11:42:34 - [TEST_STEP][PASSED] - "WebOfficeURL - Set from the ENVIRONMENT PROFILE ": null

2020-04-27 11:42:34 - [TEST_STEP][PASSED] - "OPEN BROWSER": null

2020-04-27 11:42:34 - [TEST_STEP][PASSED] - "eg - https://admin.preview.checkatrade.com/  ": null

2020-04-27 11:42:34 - [TEST_STEP][PASSED] - openBrowser(WebOfficeURL): Browser is opened with url: 'https://admin.preview.checkatrade.com/'

2020-04-27 11:42:34 - [MESSAGE][INFO] - Starting 'Chrome' driver

2020-04-27 11:42:34 - [MESSAGE][INFO] - Action delay is set to 0 milliseconds

2020-04-27 11:42:38 - [MESSAGE][PASSED] - Browser is opened with url: 'https://admin.preview.checkatrade.com/'

2020-04-27 11:42:38 - [TEST_STEP][PASSED] - maximizeWindow(): Current window maximized

2020-04-27 11:42:40 - [MESSAGE][PASSED] - Current window maximized

2020-04-27 11:42:40 - [TEST_STEP][PASSED] - waitForElementClickable(findTestObject("Object Repository/WebOffice/Page_Checkatrade - Administration - Login/Login_Button"), 25): Object 'Object Repository/WebOffice/Page_Checkatrade - Administration - Login/Login_Button' is clickable

2020-04-27 11:42:41 - [MESSAGE][PASSED] - Object 'Object Repository/WebOffice/Page_Checkatrade - Administration - Login/Login_Button' is clickable

2020-04-27 11:42:41 - [TEST_STEP][PASSED] - verifyTextPresent("Checkatrade Web Office", false): Text 'Checkatrade Web Office' is present on page 

2020-04-27 11:42:41 - [MESSAGE][PASSED] - Text 'Checkatrade Web Office' is present on page 

2020-04-27 11:42:41 - [TEST_STEP][PASSED] - verifyTextPresent("Access for staff use only", false): Text 'Access for staff use only' is present on page 

2020-04-27 11:42:41 - [MESSAGE][PASSED] - Text 'Access for staff use only' is present on page 

2020-04-27 11:42:41 - [TEST_STEP][PASSED] - verifyTextPresent("Forgotten password?", false): Text 'Forgotten password?' is present on page 

2020-04-27 11:42:41 - [MESSAGE][PASSED] - Text 'Forgotten password?' is present on page 

2020-04-27 11:42:41 - [TEST_STEP][PASSED] - setText(findTestObject("Object Repository/WebOffice/Page_Checkatrade - Administration - Login/input_Username_LoginControlUserName"), wo_Username): Text 'DavidHo' is set on object 'Object Repository/WebOffice/Page_Checkatrade - Administration - Login/input_Username_LoginControlUserName'

2020-04-27 11:42:41 - [MESSAGE][PASSED] - Text 'DavidHo' is set on object 'Object Repository/WebOffice/Page_Checkatrade - Administration - Login/input_Username_LoginControlUserName'

2020-04-27 11:42:41 - [TEST_STEP][PASSED] - setText(findTestObject("Object Repository/WebOffice/Page_Checkatrade - Administration - Login/input_Password_LoginControlPassword"), wo_Password): Text 'Check123' is set on object 'Object Repository/WebOffice/Page_Checkatrade - Administration - Login/input_Password_LoginControlPassword'

2020-04-27 11:42:41 - [MESSAGE][PASSED] - Text 'Check123' is set on object 'Object Repository/WebOffice/Page_Checkatrade - Administration - Login/input_Password_LoginControlPassword'

2020-04-27 11:42:41 - [TEST_STEP][PASSED] - click(findTestObject("Object Repository/WebOffice/Page_Checkatrade - Administration - Login/Login_Button")): Object: 'Object Repository/WebOffice/Page_Checkatrade - Administration - Login/Login_Button' is clicked on

2020-04-27 11:42:42 - [MESSAGE][PASSED] - Object: 'Object Repository/WebOffice/Page_Checkatrade - Administration - Login/Login_Button' is clicked on

2020-04-27 11:42:42 - [TEST_STEP][PASSED] - waitForPageLoad(60): Wait for page load successfully

2020-04-27 11:42:42 - [MESSAGE][PASSED] - Wait for page load successfully

2020-04-27 11:42:42 - [TEST_STEP][PASSED] - verifyTextPresent("Welcome " + wo_Username, false): Text 'Welcome DavidHo' is present on page 

2020-04-27 11:42:42 - [MESSAGE][PASSED] - Text 'Welcome DavidHo' is present on page 

2020-04-27 11:42:42 - [MESSAGE][PASSED] - Call Test Case 'Test Cases/Reusable_Test_Sequences/Web_Office/Directives/WebOffice_StartUp' successfully

2020-04-27 11:42:42 - [TEST_STEP][PASSED] - "--------------------------------------": null

2020-04-27 11:42:42 - [TEST_STEP][PASSED] - " Navigate to <Consumer> Menu Item     |": null

2020-04-27 11:42:42 - [TEST_STEP][PASSED] - callTestCase(findTestCase("Reusable_Test_Sequences/Web_Office/navigation/Navigate_Consumers"), [:], STOP_ON_FAILURE): Call Test Case 'Test Cases/Reusable_Test_Sequences/Web_Office/navigation/Navigate_Consumers' successfully

2020-04-27 11:42:42 - [TEST_CASE][PASSED] - Test Cases/Reusable_Test_Sequences/Web_Office/navigation/Navigate_Consumers: Test Cases/Reusable_Test_Sequences/Web_Office/navigation/Navigate_Consumers

2020-04-27 11:42:42 - [TEST_STEP][PASSED] - "--------------------------------------": null

2020-04-27 11:42:42 - [TEST_STEP][PASSED] - " Navigate Top level menu Item         |": null

2020-04-27 11:42:42 - [TEST_STEP][PASSED] - waitForPageLoad(60): Wait for page load successfully

2020-04-27 11:42:42 - [MESSAGE][PASSED] - Wait for page load successfully

2020-04-27 11:42:42 - [TEST_STEP][PASSED] - waitForElementClickable(findTestObject("Object Repository/WebOffice_Home_page/a_Consumers"), 60): Object 'Object Repository/WebOffice_Home_page/a_Consumers' is clickable

2020-04-27 11:42:43 - [MESSAGE][PASSED] - Object 'Object Repository/WebOffice_Home_page/a_Consumers' is clickable

2020-04-27 11:42:43 - [TEST_STEP][PASSED] - click(findTestObject("Object Repository/WebOffice_Home_page/a_Consumers")): Object: 'Object Repository/WebOffice_Home_page/a_Consumers' is clicked on

2020-04-27 11:42:44 - [MESSAGE][PASSED] - Object: 'Object Repository/WebOffice_Home_page/a_Consumers' is clicked on

2020-04-27 11:42:44 - [MESSAGE][PASSED] - Call Test Case 'Test Cases/Reusable_Test_Sequences/Web_Office/navigation/Navigate_Consumers' successfully

2020-04-27 11:42:44 - [TEST_STEP][PASSED] - "--------------------------------------": null

2020-04-27 11:42:44 - [TEST_STEP][PASSED] - " LH Pane  - Apply Search Criteria     |": null

2020-04-27 11:42:44 - [TEST_STEP][PASSED] - callTestCase(findTestCase("Reusable_Test_Sequences/Web_Office/Actions/Set_Consumer_Data"), [:], STOP_ON_FAILURE): Call Test Case 'Test Cases/Reusable_Test_Sequences/Web_Office/Actions/Set_Consumer_Data' successfully

2020-04-27 11:42:44 - [TEST_CASE][PASSED] - Test Cases/Reusable_Test_Sequences/Web_Office/Actions/Set_Consumer_Data: Test Cases/Reusable_Test_Sequences/Web_Office/Actions/Set_Consumer_Data

2020-04-27 11:42:44 - [TEST_STEP][PASSED] - "--------------------------------": null

2020-04-27 11:42:44 - [TEST_STEP][PASSED] - "Read data from spreadsheet      |": null

2020-04-27 11:42:44 - [TEST_STEP][PASSED] - data = findTestData("Data Files/Consumer_Data (1)"): null

2020-04-27 11:42:44 - [TEST_STEP][PASSED] - Forename = data.getValue("Forename", row): null

2020-04-27 11:42:44 - [TEST_STEP][PASSED] - Surname = data.getValue("Surname", row): null

2020-04-27 11:42:44 - [TEST_STEP][PASSED] - Mobile = data.getValue("Mobile", row): null

2020-04-27 11:42:44 - [TEST_STEP][PASSED] - Email = data.getValue("Email", row): null

2020-04-27 11:42:44 - [TEST_STEP][PASSED] - House = data.getValue("House", row): null

2020-04-27 11:42:44 - [TEST_STEP][PASSED] - Street = data.getValue("Street", row): null

2020-04-27 11:42:44 - [TEST_STEP][PASSED] - Town = data.getValue("Town", row): null

2020-04-27 11:42:44 - [TEST_STEP][PASSED] - City = data.getValue("City", row): null

2020-04-27 11:42:44 - [TEST_STEP][PASSED] - County = data.getValue("County", row): null

2020-04-27 11:42:44 - [TEST_STEP][PASSED] - Postcode = data.getValue("Postcode", row): null

2020-04-27 11:42:44 - [TEST_STEP][PASSED] - Phone = data.getValue("Phone", row): null

2020-04-27 11:42:44 - [TEST_STEP][PASSED] - Status = data.getValue("Status", row): null

2020-04-27 11:42:44 - [TEST_STEP][PASSED] - Type = data.getValue("Type", row): null

2020-04-27 11:42:44 - [TEST_STEP][PASSED] - Consumer_ID = data.getValue("Consumer_ID", row): null

2020-04-27 11:42:44 - [TEST_STEP][PASSED] - "--------------------------------": null

2020-04-27 11:42:44 - [TEST_STEP][PASSED] - "Read data from spreadsheet      |": null

2020-04-27 11:42:44 - [TEST_STEP][PASSED] - "--------------------------------": null

2020-04-27 11:42:44 - [TEST_STEP][PASSED] - "--------------------------------": null

2020-04-27 11:42:44 - [TEST_STEP][PASSED] - " Synchronisation                |": null

2020-04-27 11:42:44 - [TEST_STEP][PASSED] - waitForPageLoad(60): Wait for page load successfully

2020-04-27 11:42:44 - [MESSAGE][PASSED] - Wait for page load successfully

2020-04-27 11:42:44 - [TEST_STEP][PASSED] - waitForElementVisible(findTestObject("Object Repository/WebOffice/Consumers/Page_/input_Forename_ctl00CP1ctlSearchtbForenames"), 60): Object 'Object Repository/WebOffice/Consumers/Page_/input_Forename_ctl00CP1ctlSearchtbForenames' is visible

2020-04-27 11:42:44 - [MESSAGE][PASSED] - Object 'Object Repository/WebOffice/Consumers/Page_/input_Forename_ctl00CP1ctlSearchtbForenames' is visible

2020-04-27 11:42:44 - [TEST_STEP][PASSED] - click(findTestObject("Object Repository/WebOffice/Consumers/Page_/input_Forename_ctl00CP1ctlSearchtbForenames")): Object: 'Object Repository/WebOffice/Consumers/Page_/input_Forename_ctl00CP1ctlSearchtbForenames' is clicked on

2020-04-27 11:42:44 - [MESSAGE][PASSED] - Object: 'Object Repository/WebOffice/Consumers/Page_/input_Forename_ctl00CP1ctlSearchtbForenames' is clicked on

2020-04-27 11:42:44 - [TEST_STEP][PASSED] - "-------------------------------------------------------------------------------------------------------------------------------------": null

2020-04-27 11:42:44 - [TEST_STEP][PASSED] - setText(findTestObject("Object Repository/WebOffice/Consumers/Page_/input_Forename_ctl00CP1ctlSearchtbForenames"), Forename): Text '' is set on object 'Object Repository/WebOffice/Consumers/Page_/input_Forename_ctl00CP1ctlSearchtbForenames'

2020-04-27 11:42:44 - [MESSAGE][PASSED] - Text '' is set on object 'Object Repository/WebOffice/Consumers/Page_/input_Forename_ctl00CP1ctlSearchtbForenames'

2020-04-27 11:42:44 - [TEST_STEP][PASSED] - "-------------------------------------------------------------------------------------------------------------------------------------": null

2020-04-27 11:42:44 - [TEST_STEP][PASSED] - setText(findTestObject("Object Repository/WebOffice/Consumers/Page_/input_Surname_ctl00CP1ctlSearchtbSurname"), Surname): Text 'Brown' is set on object 'Object Repository/WebOffice/Consumers/Page_/input_Surname_ctl00CP1ctlSearchtbSurname'

2020-04-27 11:42:44 - [MESSAGE][PASSED] - Text 'Brown' is set on object 'Object Repository/WebOffice/Consumers/Page_/input_Surname_ctl00CP1ctlSearchtbSurname'

2020-04-27 11:42:44 - [TEST_STEP][PASSED] - "-------------------------------------------------------------------------------------------------------------------------------------": null

2020-04-27 11:42:44 - [TEST_STEP][PASSED] - setText(findTestObject("Object Repository/WebOffice/Consumers/Page_/input_Mobile_ctl00CP1ctlSearchtbMobile"), Mobile): Text '' is set on object 'Object Repository/WebOffice/Consumers/Page_/input_Mobile_ctl00CP1ctlSearchtbMobile'

2020-04-27 11:42:45 - [MESSAGE][PASSED] - Text '' is set on object 'Object Repository/WebOffice/Consumers/Page_/input_Mobile_ctl00CP1ctlSearchtbMobile'

2020-04-27 11:42:45 - [TEST_STEP][PASSED] - "-------------------------------------------------------------------------------------------------------------------------------------": null

2020-04-27 11:42:45 - [TEST_STEP][PASSED] - setText(findTestObject("Object Repository/WebOffice/Consumers/Page_/input_Email_ctl00CP1ctlSearchtbEmail"), Email): Text '' is set on object 'Object Repository/WebOffice/Consumers/Page_/input_Email_ctl00CP1ctlSearchtbEmail'

2020-04-27 11:42:45 - [MESSAGE][PASSED] - Text '' is set on object 'Object Repository/WebOffice/Consumers/Page_/input_Email_ctl00CP1ctlSearchtbEmail'

2020-04-27 11:42:45 - [TEST_STEP][PASSED] - "-------------------------------------------------------------------------------------------------------------------------------------": null

2020-04-27 11:42:45 - [TEST_STEP][PASSED] - setText(findTestObject("Object Repository/WebOffice/Consumers/Page_/input_House_ctl00CP1ctlSearchtbHouse"), House): Text '' is set on object 'Object Repository/WebOffice/Consumers/Page_/input_House_ctl00CP1ctlSearchtbHouse'

2020-04-27 11:42:45 - [MESSAGE][PASSED] - Text '' is set on object 'Object Repository/WebOffice/Consumers/Page_/input_House_ctl00CP1ctlSearchtbHouse'

2020-04-27 11:42:45 - [TEST_STEP][PASSED] - "-------------------------------------------------------------------------------------------------------------------------------------": null

2020-04-27 11:42:45 - [TEST_STEP][PASSED] - setText(findTestObject("Object Repository/WebOffice/Consumers/Page_/input_Street_ctl00CP1ctlSearchtbStreet"), Street): Text '2 Redwood Drive' is set on object 'Object Repository/WebOffice/Consumers/Page_/input_Street_ctl00CP1ctlSearchtbStreet'

2020-04-27 11:42:45 - [MESSAGE][PASSED] - Text '2 Redwood Drive' is set on object 'Object Repository/WebOffice/Consumers/Page_/input_Street_ctl00CP1ctlSearchtbStreet'

2020-04-27 11:42:45 - [TEST_STEP][PASSED] - "-------------------------------------------------------------------------------------------------------------------------------------": null

2020-04-27 11:42:45 - [TEST_STEP][PASSED] - setText(findTestObject("Object Repository/WebOffice/Consumers/Page_/input_Town_ctl00CP1ctlSearchtbTown"), Town): Text '' is set on object 'Object Repository/WebOffice/Consumers/Page_/input_Town_ctl00CP1ctlSearchtbTown'

2020-04-27 11:42:46 - [MESSAGE][PASSED] - Text '' is set on object 'Object Repository/WebOffice/Consumers/Page_/input_Town_ctl00CP1ctlSearchtbTown'

2020-04-27 11:42:46 - [TEST_STEP][PASSED] - "-------------------------------------------------------------------------------------------------------------------------------------": null

2020-04-27 11:42:46 - [TEST_STEP][PASSED] - setText(findTestObject("Object Repository/WebOffice/Consumers/Page_/input_City_ctl00CP1ctlSearchtbCity"), City): Text '' is set on object 'Object Repository/WebOffice/Consumers/Page_/input_City_ctl00CP1ctlSearchtbCity'

2020-04-27 11:42:46 - [MESSAGE][PASSED] - Text '' is set on object 'Object Repository/WebOffice/Consumers/Page_/input_City_ctl00CP1ctlSearchtbCity'

2020-04-27 11:42:46 - [TEST_STEP][PASSED] - "-------------------------------------------------------------------------------------------------------------------------------------": null

2020-04-27 11:42:46 - [TEST_STEP][PASSED] - setText(findTestObject("Object Repository/WebOffice/Consumers/Page_/input_County_ctl00CP1ctlSearchtbCounty"), County): Text 'West Sussex' is set on object 'Object Repository/WebOffice/Consumers/Page_/input_County_ctl00CP1ctlSearchtbCounty'

2020-04-27 11:42:46 - [MESSAGE][PASSED] - Text 'West Sussex' is set on object 'Object Repository/WebOffice/Consumers/Page_/input_County_ctl00CP1ctlSearchtbCounty'

2020-04-27 11:42:46 - [TEST_STEP][PASSED] - "-------------------------------------------------------------------------------------------------------------------------------------": null

2020-04-27 11:42:46 - [TEST_STEP][PASSED] - setText(findTestObject("Object Repository/WebOffice/Consumers/Page_/input_Postcode_ctl00CP1ctlSearchtbPostcode"), Postcode): Text '' is set on object 'Object Repository/WebOffice/Consumers/Page_/input_Postcode_ctl00CP1ctlSearchtbPostcode'

2020-04-27 11:42:47 - [MESSAGE][PASSED] - Text '' is set on object 'Object Repository/WebOffice/Consumers/Page_/input_Postcode_ctl00CP1ctlSearchtbPostcode'

2020-04-27 11:42:47 - [TEST_STEP][PASSED] - "-------------------------------------------------------------------------------------------------------------------------------------": null

2020-04-27 11:42:47 - [TEST_STEP][PASSED] - setText(findTestObject("Object Repository/WebOffice/Consumers/Page_/input_Phone_ctl00CP1ctlSearchtbTel"), Phone): Text '' is set on object 'Object Repository/WebOffice/Consumers/Page_/input_Phone_ctl00CP1ctlSearchtbTel'

2020-04-27 11:42:47 - [MESSAGE][PASSED] - Text '' is set on object 'Object Repository/WebOffice/Consumers/Page_/input_Phone_ctl00CP1ctlSearchtbTel'

2020-04-27 11:42:47 - [TEST_STEP][PASSED] - "-------------------------------------------------------------------------------------------------------------------------------------": null

2020-04-27 11:42:47 - [TEST_STEP][PASSED] - "Set Status": null

2020-04-27 11:42:47 - [TEST_STEP][PASSED] - "-------------------------------------------------------------------------------------------------------------------------------------": null

2020-04-27 11:42:47 - [TEST_STEP][PASSED] - "Status 3 Options": null

2020-04-27 11:42:47 - [TEST_STEP][PASSED] - "-------------------------------------------------------------------------------------------------------------------------------------": null

2020-04-27 11:42:47 - [TEST_STEP][PASSED] - "Set Type": null

2020-04-27 11:42:47 - [TEST_STEP][PASSED] - "-------------------------------------------------------------------------------------------------------------------------------------": null

2020-04-27 11:42:47 - [TEST_STEP][PASSED] - "Type 3 Options": null

2020-04-27 11:42:47 - [TEST_STEP][PASSED] - "-------------------------------------------------------------------------------------------------------------------------------------": null

2020-04-27 11:42:47 - [TEST_STEP][PASSED] - click(findTestObject("Object Repository/WebOffice/Consumers/Page_/input_Clear_ctl00CP1ctlSearchbtnSearch")): Object: 'Object Repository/WebOffice/Consumers/Page_/input_Clear_ctl00CP1ctlSearchbtnSearch' is clicked on

2020-04-27 11:42:47 - [MESSAGE][PASSED] - Object: 'Object Repository/WebOffice/Consumers/Page_/input_Clear_ctl00CP1ctlSearchbtnSearch' is clicked on

2020-04-27 11:42:47 - [MESSAGE][PASSED] - Call Test Case 'Test Cases/Reusable_Test_Sequences/Web_Office/Actions/Set_Consumer_Data' successfully

2020-04-27 11:42:47 - [TEST_STEP][PASSED] - "--------------------------------------": null

2020-04-27 11:42:47 - [TEST_STEP][PASSED] - " Select Returned Record to Verify     |": null

2020-04-27 11:42:47 - [TEST_STEP][PASSED] - callTestCase(findTestCase("Reusable_Test_Sequences/Web_Office/Actions/Select_Consumer"), [:], OPTIONAL): Call Test Case 'Test Cases/Reusable_Test_Sequences/Web_Office/Actions/Select_Consumer' successfully

2020-04-27 11:42:47 - [TEST_CASE][PASSED] - Test Cases/Reusable_Test_Sequences/Web_Office/Actions/Select_Consumer: Test Cases/Reusable_Test_Sequences/Web_Office/Actions/Select_Consumer

2020-04-27 11:42:47 - [TEST_STEP][PASSED] - "--------": null

2020-04-27 11:42:47 - [TEST_STEP][PASSED] - "Search  |": null

2020-04-27 11:42:47 - [TEST_STEP][PASSED] - waitForPageLoad(60): Wait for page load successfully

2020-04-27 11:42:47 - [MESSAGE][PASSED] - Wait for page load successfully

2020-04-27 11:42:47 - [TEST_STEP][PASSED] - waitForElementClickable(findTestObject("Object Repository/WO_Consumer/Page_/input_Clear_ctl00CP1ctlSearchbtnSearch"), 60): Object 'Object Repository/WO_Consumer/Page_/input_Clear_ctl00CP1ctlSearchbtnSearch' is clickable

2020-04-27 11:42:47 - [MESSAGE][PASSED] - Object 'Object Repository/WO_Consumer/Page_/input_Clear_ctl00CP1ctlSearchbtnSearch' is clickable

2020-04-27 11:42:47 - [TEST_STEP][PASSED] - click(findTestObject("Object Repository/WO_Consumer/Page_/input_Clear_ctl00CP1ctlSearchbtnSearch")): Object: 'Object Repository/WO_Consumer/Page_/input_Clear_ctl00CP1ctlSearchbtnSearch' is clicked on

2020-04-27 11:42:48 - [MESSAGE][PASSED] - Object: 'Object Repository/WO_Consumer/Page_/input_Clear_ctl00CP1ctlSearchbtnSearch' is clicked on

2020-04-27 11:42:48 - [TEST_STEP][PASSED] - delay(5): Delayed 5 second(s)

2020-04-27 11:42:53 - [MESSAGE][PASSED] - Delayed 5 second(s)

2020-04-27 11:42:53 - [TEST_STEP][PASSED] - "--------": null

2020-04-27 11:42:53 - [TEST_STEP][PASSED] - "Synch   |": null

2020-04-27 11:42:53 - [TEST_STEP][PASSED] - waitForPageLoad(120): Wait for page load successfully

2020-04-27 11:42:53 - [MESSAGE][PASSED] - Wait for page load successfully

2020-04-27 11:42:53 - [TEST_STEP][PASSED] - waitForElementClickable(findTestObject("Object Repository/WO_Consumer/Page_/a_Feedback"), 60): Object 'Object Repository/WO_Consumer/Page_/a_Feedback' is clickable

2020-04-27 11:42:58 - [MESSAGE][PASSED] - Object 'Object Repository/WO_Consumer/Page_/a_Feedback' is clickable

2020-04-27 11:42:58 - [TEST_STEP][PASSED] - "----------------------------------------": null

2020-04-27 11:42:58 - [TEST_STEP][PASSED] - "Initial Table View (Populated or Not    |": null

2020-04-27 11:42:58 - [TEST_STEP][PASSED] - "----------------------------------------": null

2020-04-27 11:42:58 - [TEST_STEP][PASSED] - "---------------------------------------------------": null

2020-04-27 11:42:58 - [TEST_STEP][PASSED] - "If Record Exists Then rocess, Otherwise Jump Over  |": null

2020-04-27 11:42:58 - [TEST_STEP][PASSED] - "---------------------------------------------------": null

2020-04-27 11:42:58 - [TEST_STEP][PASSED] - "----------------------------------------": null

2020-04-27 11:42:58 - [TEST_STEP][PASSED] - "Initial Table Return Checks": null

2020-04-27 11:42:58 - [TEST_STEP][PASSED] - "----------------------------------------": null

2020-04-27 11:42:58 - [TEST_STEP][PASSED] - "--------": null

2020-04-27 11:42:58 - [TEST_STEP][PASSED] - "Sort    |": null

2020-04-27 11:42:58 - [TEST_STEP][PASSED] - click(findTestObject("Object Repository/WO_Consumer/Page_/a_Feedback")): Object: 'Object Repository/WO_Consumer/Page_/a_Feedback' is clicked on

2020-04-27 11:43:05 - [MESSAGE][PASSED] - Object: 'Object Repository/WO_Consumer/Page_/a_Feedback' is clicked on

2020-04-27 11:43:05 - [TEST_STEP][PASSED] - delay(5): Delayed 5 second(s)

2020-04-27 11:43:10 - [MESSAGE][PASSED] - Delayed 5 second(s)

2020-04-27 11:43:10 - [TEST_STEP][PASSED] - "--------": null

2020-04-27 11:43:10 - [TEST_STEP][PASSED] - "Sort    |": null

2020-04-27 11:43:10 - [TEST_STEP][PASSED] - click(findTestObject("Object Repository/WO_Consumer/Page_/a_Feedback")): Object: 'Object Repository/WO_Consumer/Page_/a_Feedback' is clicked on

2020-04-27 11:43:15 - [MESSAGE][PASSED] - Object: 'Object Repository/WO_Consumer/Page_/a_Feedback' is clicked on

2020-04-27 11:43:15 - [TEST_STEP][PASSED] - delay(5): Delayed 5 second(s)

2020-04-27 11:43:20 - [MESSAGE][PASSED] - Delayed 5 second(s)

2020-04-27 11:43:20 - [TEST_STEP][PASSED] - "--------": null

2020-04-27 11:43:20 - [TEST_STEP][PASSED] - "Select  |": null

2020-04-27 11:43:20 - [TEST_STEP][PASSED] - waitForElementClickable(findTestObject("WO_Consumer/Page_/td_TopRow"), 60): Object 'Object Repository/WO_Consumer/Page_/td_TopRow' is clickable

2020-04-27 11:43:20 - [MESSAGE][PASSED] - Object 'Object Repository/WO_Consumer/Page_/td_TopRow' is clickable

2020-04-27 11:43:20 - [TEST_STEP][PASSED] - click(findTestObject("WO_Consumer/Page_/td_TopRow")): Object: 'Object Repository/WO_Consumer/Page_/td_TopRow' is clicked on

2020-04-27 11:43:21 - [MESSAGE][PASSED] - Object: 'Object Repository/WO_Consumer/Page_/td_TopRow' is clicked on

2020-04-27 11:43:21 - [TEST_STEP][PASSED] - delay(1): Delayed 1 second(s)

2020-04-27 11:43:22 - [MESSAGE][PASSED] - Delayed 1 second(s)

2020-04-27 11:43:22 - [MESSAGE][PASSED] - Call Test Case 'Test Cases/Reusable_Test_Sequences/Web_Office/Actions/Select_Consumer' successfully

2020-04-27 11:43:22 - [TEST_STEP][PASSED] - "--------------------------------------": null

2020-04-27 11:43:22 - [TEST_STEP][PASSED] - " Verify Returned Consumer Record      |": null

2020-04-27 11:43:22 - [TEST_STEP][PASSED] - callTestCase(findTestCase("Reusable_Test_Sequences/Web_Office/Verification/Consumer_Returned_Search_Record"), [:], OPTIONAL): Call Test Case 'Test Cases/Reusable_Test_Sequences/Web_Office/Verification/Consumer_Returned_Search_Record' successfully

2020-04-27 11:43:22 - [TEST_CASE][PASSED] - Test Cases/Reusable_Test_Sequences/Web_Office/Verification/Consumer_Returned_Search_Record: Test Cases/Reusable_Test_Sequences/Web_Office/Verification/Consumer_Returned_Search_Record

2020-04-27 11:43:22 - [TEST_STEP][PASSED] - "--------------------------------": null

2020-04-27 11:43:22 - [TEST_STEP][PASSED] - "Read data from spreadsheet      | r_ = Returned Data": null

2020-04-27 11:43:22 - [TEST_STEP][PASSED] - data = findTestData("Data Files/Consumer_Data (1)"): null

2020-04-27 11:43:22 - [TEST_STEP][PASSED] - Consumer_ID = data.getValue("Consumer_ID", row): null

2020-04-27 11:43:22 - [TEST_STEP][PASSED] - Title = data.getValue("r_Title", row): null

2020-04-27 11:43:22 - [TEST_STEP][PASSED] - Forenames = data.getValue("r_Forenames", row): null

2020-04-27 11:43:22 - [TEST_STEP][PASSED] - Surname = data.getValue("r_Surname", row): null

2020-04-27 11:43:22 - [TEST_STEP][PASSED] - Housename = data.getValue("r_Housename", row): null

2020-04-27 11:43:22 - [TEST_STEP][PASSED] - Number_Street = data.getValue("r_Number_and_Street", row): null

2020-04-27 11:43:22 - [TEST_STEP][PASSED] - City = data.getValue("r_City", row): null

2020-04-27 11:43:22 - [TEST_STEP][PASSED] - Town = data.getValue("r_Town", row): null

2020-04-27 11:43:22 - [TEST_STEP][PASSED] - County = data.getValue("r_County", row): null

2020-04-27 11:43:22 - [TEST_STEP][PASSED] - Postcode = data.getValue("r_Postcode", row): null

2020-04-27 11:43:22 - [TEST_STEP][PASSED] - Phone1 = data.getValue("r_Phone_1", row): null

2020-04-27 11:43:22 - [TEST_STEP][PASSED] - Phone2 = data.getValue("r_Phone_2", row): null

2020-04-27 11:43:22 - [TEST_STEP][PASSED] - Fax = data.getValue("r_Fax", row): null

2020-04-27 11:43:22 - [TEST_STEP][PASSED] - r_Full_Name = data.getValue("r_Full_Name", 1): null

2020-04-27 11:43:22 - [TEST_STEP][PASSED] - r_Full_Address = data.getValue("r_Full_Address", 1): null

2020-04-27 11:43:22 - [TEST_STEP][PASSED] - "--------------------------------": null

2020-04-27 11:43:22 - [TEST_STEP][PASSED] - "Read data from spreadsheet      |": null

2020-04-27 11:43:22 - [TEST_STEP][PASSED] - Actual_Page_Text = "": null

2020-04-27 11:43:22 - [TEST_STEP][PASSED] - Expected_Page_Text = "": null

2020-04-27 11:43:22 - [TEST_STEP][PASSED] - waitForPageLoad(60): Wait for page load successfully

2020-04-27 11:43:22 - [MESSAGE][PASSED] - Wait for page load successfully

2020-04-27 11:43:22 - [TEST_STEP][PASSED] - delay(1): Delayed 1 second(s)

2020-04-27 11:43:23 - [MESSAGE][PASSED] - Delayed 1 second(s)

2020-04-27 11:43:23 - [TEST_STEP][PASSED] - "HEADER DETAIL - iFrame": null

2020-04-27 11:43:23 - [TEST_STEP][PASSED] - "----------------": null

2020-04-27 11:43:23 - [TEST_STEP][PASSED] - "Full Name       |": null

2020-04-27 11:43:23 - [TEST_STEP][PASSED] - verifyElementPresent(findTestObject("Object Repository/WO_Consumer/Page_/Page_/a_Mr Gordon Brown"), 25): Object 'Object Repository/WO_Consumer/Page_/Page_/a_Mr Gordon Brown' is present

2020-04-27 11:43:23 - [MESSAGE][PASSED] - Object 'Object Repository/WO_Consumer/Page_/Page_/a_Mr Gordon Brown' is present

2020-04-27 11:43:23 - [TEST_STEP][PASSED] - "----------------": null

2020-04-27 11:43:23 - [TEST_STEP][PASSED] - "Full Address    |": null

2020-04-27 11:43:23 - [TEST_STEP][PASSED] - verifyElementPresent(findTestObject("Object Repository/WO_Consumer/Page_/Page_/div_Haywards Heath West Sussex RH16 4ER4477_d20822"), 25): Object 'Object Repository/WO_Consumer/Page_/Page_/div_Haywards Heath West Sussex RH16 4ER4477_d20822' is present

2020-04-27 11:43:23 - [MESSAGE][PASSED] - Object 'Object Repository/WO_Consumer/Page_/Page_/div_Haywards Heath West Sussex RH16 4ER4477_d20822' is present

2020-04-27 11:43:23 - [TEST_STEP][PASSED] - "BODY DETAIL - iFrame": null

2020-04-27 11:43:23 - [TEST_STEP][PASSED] - "----------------": null

2020-04-27 11:43:23 - [TEST_STEP][PASSED] - "EDIT Consumer   |": null

2020-04-27 11:43:23 - [TEST_STEP][PASSED] - verifyElementPresent(findTestObject("Object Repository/WO_Consumer/Page_/Page_/input_Title_ctledittbTitle"), 25): Object 'Object Repository/WO_Consumer/Page_/Page_/input_Title_ctledittbTitle' is present

2020-04-27 11:43:23 - [MESSAGE][PASSED] - Object 'Object Repository/WO_Consumer/Page_/Page_/input_Title_ctledittbTitle' is present

2020-04-27 11:43:23 - [TEST_STEP][PASSED] - "----------------": null

2020-04-27 11:43:23 - [TEST_STEP][PASSED] - "Address         |": null

2020-04-27 11:43:23 - [TEST_STEP][PASSED] - verifyElementPresent(findTestObject("Object Repository/WO_Consumer/Page_/Page_/span_Please ensure the Street  Road name is_e38a58"), 25): Object 'Object Repository/WO_Consumer/Page_/Page_/span_Please ensure the Street  Road name is_e38a58' is present

2020-04-27 11:43:24 - [MESSAGE][PASSED] - Object 'Object Repository/WO_Consumer/Page_/Page_/span_Please ensure the Street  Road name is_e38a58' is present

2020-04-27 11:43:24 - [MESSAGE][PASSED] - Call Test Case 'Test Cases/Reusable_Test_Sequences/Web_Office/Verification/Consumer_Returned_Search_Record' successfully

2020-04-27 11:43:24 - [TEST_STEP][PASSED] - "--------------------------": null

2020-04-27 11:43:24 - [TEST_STEP][PASSED] - " Teardown - CLose Browser |": null

2020-04-27 11:43:24 - [TEST_STEP][PASSED] - callTestCase(findTestCase("Reusable_Test_Sequences/CAT_Teardown"), [:], OPTIONAL): Call Test Case 'Test Cases/Reusable_Test_Sequences/CAT_Teardown' successfully

2020-04-27 11:43:24 - [TEST_CASE][PASSED] - Test Cases/Reusable_Test_Sequences/CAT_Teardown: Test Cases/Reusable_Test_Sequences/CAT_Teardown

2020-04-27 11:43:24 - [TEST_STEP][PASSED] - closeBrowser(): Browser is closed

2020-04-27 11:43:25 - [MESSAGE][PASSED] - Browser is closed

2020-04-27 11:43:25 - [TEST_STEP][PASSED] - super.finalize(): null

2020-04-27 11:43:25 - [TEST_STEP][PASSED] - System.gc(): null

2020-04-27 11:43:25 - [MESSAGE][PASSED] - Call Test Case 'Test Cases/Reusable_Test_Sequences/CAT_Teardown' successfully]]></system-out>
         <system-err><![CDATA[]]></system-err>
      </testcase>
      <testcase name="Test Cases/Web_Office/WebOffice_Header_Search" time="107.851" classname="Test Cases/Web_Office/WebOffice_Header_Search" status="PASSED">
         <system-out><![CDATA[2020-04-27 11:43:25 - [TEST_CASE][PASSED] - Test Cases/Web_Office/WebOffice_Header_Search: Test Cases/Web_Office/WebOffice_Header_Search

2020-04-27 11:43:25 - [TEST_STEP][PASSED] - for ([row = 1, row <= findTestData("Mobile_Test_Data").getRowNumbers(), (internal.GlobalVariable.row++)]): Call Test Case 'Test Cases/Reusable_Test_Sequences/CAT_Teardown' successfully

2020-04-27 11:43:25 - [TEST_STEP][PASSED] - "--------------------------------------": null

2020-04-27 11:43:25 - [TEST_STEP][PASSED] - " Web Office StartUp                  |": null

2020-04-27 11:43:25 - [TEST_STEP][PASSED] - callTestCase(findTestCase("Reusable_Test_Sequences/Web_Office/Directives/WebOffice_StartUp"), [:], STOP_ON_FAILURE): Call Test Case 'Test Cases/Reusable_Test_Sequences/Web_Office/Directives/WebOffice_StartUp' successfully

2020-04-27 11:43:25 - [TEST_CASE][PASSED] - Test Cases/Reusable_Test_Sequences/Web_Office/Directives/WebOffice_StartUp: Test Cases/Reusable_Test_Sequences/Web_Office/Directives/WebOffice_StartUp

2020-04-27 11:43:25 - [TEST_STEP][PASSED] - "-----------------------------------------------------------------------------": null

2020-04-27 11:43:25 - [TEST_STEP][PASSED] - if (URL == "https://www.dev.checkatrade.com/"): null

2020-04-27 11:43:25 - [TEST_STEP][PASSED] - "-----------------------------------------------------------------------------": null

2020-04-27 11:43:25 - [TEST_STEP][PASSED] - if (URL == "https://www.checkatrade.com/"): null

2020-04-27 11:43:25 - [TEST_STEP][PASSED] - "-----------------------------------------------------------------------------": null

2020-04-27 11:43:25 - [TEST_STEP][PASSED] - if (URL == "https://www.preview.checkatrade.com/"): null

2020-04-27 11:43:25 - [TEST_STEP][PASSED] - WebOfficeURL = "https://admin.preview.checkatrade.com/": null

2020-04-27 11:43:25 - [TEST_STEP][PASSED] - if (URL == "https://www.dev2.checkatrade.com/"): null

2020-04-27 11:43:25 - [TEST_STEP][PASSED] - "Set Function Area for "URL_Handler", URL Resolution": null

2020-04-27 11:43:25 - [TEST_STEP][PASSED] - "Do Some Magic with URL(s) See the comments within URL Handler ": null

2020-04-27 11:43:25 - [TEST_STEP][PASSED] - "------------------------------------------------": null

2020-04-27 11:43:25 - [TEST_STEP][PASSED] - "Moved Login Credentials to <Default> profile 22/01/2020": null

2020-04-27 11:43:25 - [TEST_STEP][PASSED] - "------------------------------------------------": null

2020-04-27 11:43:25 - [TEST_STEP][PASSED] - "WebOfficeURL - Set from the ENVIRONMENT PROFILE ": null

2020-04-27 11:43:25 - [TEST_STEP][PASSED] - "OPEN BROWSER": null

2020-04-27 11:43:25 - [TEST_STEP][PASSED] - "eg - https://admin.preview.checkatrade.com/  ": null

2020-04-27 11:43:25 - [TEST_STEP][PASSED] - openBrowser(WebOfficeURL): Browser is opened with url: 'https://admin.preview.checkatrade.com/'

2020-04-27 11:43:25 - [MESSAGE][INFO] - Starting 'Chrome' driver

2020-04-27 11:43:25 - [MESSAGE][INFO] - Action delay is set to 0 milliseconds

2020-04-27 11:43:31 - [MESSAGE][PASSED] - Browser is opened with url: 'https://admin.preview.checkatrade.com/'

2020-04-27 11:43:31 - [TEST_STEP][PASSED] - maximizeWindow(): Current window maximized

2020-04-27 11:43:33 - [MESSAGE][PASSED] - Current window maximized

2020-04-27 11:43:33 - [TEST_STEP][PASSED] - waitForElementClickable(findTestObject("Object Repository/WebOffice/Page_Checkatrade - Administration - Login/Login_Button"), 25): Object 'Object Repository/WebOffice/Page_Checkatrade - Administration - Login/Login_Button' is clickable

2020-04-27 11:43:33 - [MESSAGE][PASSED] - Object 'Object Repository/WebOffice/Page_Checkatrade - Administration - Login/Login_Button' is clickable

2020-04-27 11:43:33 - [TEST_STEP][PASSED] - verifyTextPresent("Checkatrade Web Office", false): Text 'Checkatrade Web Office' is present on page 

2020-04-27 11:43:33 - [MESSAGE][PASSED] - Text 'Checkatrade Web Office' is present on page 

2020-04-27 11:43:33 - [TEST_STEP][PASSED] - verifyTextPresent("Access for staff use only", false): Text 'Access for staff use only' is present on page 

2020-04-27 11:43:34 - [MESSAGE][PASSED] - Text 'Access for staff use only' is present on page 

2020-04-27 11:43:34 - [TEST_STEP][PASSED] - verifyTextPresent("Forgotten password?", false): Text 'Forgotten password?' is present on page 

2020-04-27 11:43:34 - [MESSAGE][PASSED] - Text 'Forgotten password?' is present on page 

2020-04-27 11:43:34 - [TEST_STEP][PASSED] - setText(findTestObject("Object Repository/WebOffice/Page_Checkatrade - Administration - Login/input_Username_LoginControlUserName"), wo_Username): Text 'DavidHo' is set on object 'Object Repository/WebOffice/Page_Checkatrade - Administration - Login/input_Username_LoginControlUserName'

2020-04-27 11:43:34 - [MESSAGE][PASSED] - Text 'DavidHo' is set on object 'Object Repository/WebOffice/Page_Checkatrade - Administration - Login/input_Username_LoginControlUserName'

2020-04-27 11:43:34 - [TEST_STEP][PASSED] - setText(findTestObject("Object Repository/WebOffice/Page_Checkatrade - Administration - Login/input_Password_LoginControlPassword"), wo_Password): Text 'Check123' is set on object 'Object Repository/WebOffice/Page_Checkatrade - Administration - Login/input_Password_LoginControlPassword'

2020-04-27 11:43:34 - [MESSAGE][PASSED] - Text 'Check123' is set on object 'Object Repository/WebOffice/Page_Checkatrade - Administration - Login/input_Password_LoginControlPassword'

2020-04-27 11:43:34 - [TEST_STEP][PASSED] - click(findTestObject("Object Repository/WebOffice/Page_Checkatrade - Administration - Login/Login_Button")): Object: 'Object Repository/WebOffice/Page_Checkatrade - Administration - Login/Login_Button' is clicked on

2020-04-27 11:43:35 - [MESSAGE][PASSED] - Object: 'Object Repository/WebOffice/Page_Checkatrade - Administration - Login/Login_Button' is clicked on

2020-04-27 11:43:35 - [TEST_STEP][PASSED] - waitForPageLoad(60): Wait for page load successfully

2020-04-27 11:43:35 - [MESSAGE][PASSED] - Wait for page load successfully

2020-04-27 11:43:35 - [TEST_STEP][PASSED] - verifyTextPresent("Welcome " + wo_Username, false): Text 'Welcome DavidHo' is present on page 

2020-04-27 11:43:35 - [MESSAGE][PASSED] - Text 'Welcome DavidHo' is present on page 

2020-04-27 11:43:35 - [MESSAGE][PASSED] - Call Test Case 'Test Cases/Reusable_Test_Sequences/Web_Office/Directives/WebOffice_StartUp' successfully

2020-04-27 11:43:35 - [TEST_STEP][PASSED] - "--------------------------------------": null

2020-04-27 11:43:35 - [TEST_STEP][PASSED] - " Home Page - Search                   |": null

2020-04-27 11:43:35 - [TEST_STEP][PASSED] - callTestCase(findTestCase("Reusable_Test_Sequences/Web_Office/Home_Page_Search"), [:], STOP_ON_FAILURE): Call Test Case 'Test Cases/Reusable_Test_Sequences/Web_Office/Home_Page_Search' successfully

2020-04-27 11:43:35 - [TEST_CASE][PASSED] - Test Cases/Reusable_Test_Sequences/Web_Office/Home_Page_Search: Test Cases/Reusable_Test_Sequences/Web_Office/Home_Page_Search

2020-04-27 11:43:36 - [TEST_STEP][PASSED] - setText(findTestObject("Object Repository/WebOffice_Home_page/input_Search_Criteria"), findTestData("searchTestData").getValue("Search_Selector", row)): Text '07818 446596' is set on object 'Object Repository/WebOffice_Home_page/input_Search_Criteria'

2020-04-27 11:43:36 - [MESSAGE][PASSED] - Text '07818 446596' is set on object 'Object Repository/WebOffice_Home_page/input_Search_Criteria'

2020-04-27 11:43:36 - [TEST_STEP][PASSED] - delay(1): Delayed 1 second(s)

2020-04-27 11:43:37 - [MESSAGE][PASSED] - Delayed 1 second(s)

2020-04-27 11:43:37 - [TEST_STEP][PASSED] - click(findTestObject("Object Repository/WebOffice_Home_page/popout_Search_Item")): Object: 'Object Repository/WebOffice_Home_page/popout_Search_Item' is clicked on

2020-04-27 11:43:40 - [MESSAGE][PASSED] - Object: 'Object Repository/WebOffice_Home_page/popout_Search_Item' is clicked on

2020-04-27 11:43:40 - [TEST_STEP][PASSED] - waitForPageLoad(60): Wait for page load successfully

2020-04-27 11:43:40 - [MESSAGE][PASSED] - Wait for page load successfully

2020-04-27 11:43:40 - [MESSAGE][PASSED] - Call Test Case 'Test Cases/Reusable_Test_Sequences/Web_Office/Home_Page_Search' successfully

2020-04-27 11:43:40 - [TEST_STEP][PASSED] - "--------------------------------------": null

2020-04-27 11:43:40 - [TEST_STEP][PASSED] - " Web Office - Verify Returned Record  |": null

2020-04-27 11:43:40 - [TEST_STEP][PASSED] - callTestCase(findTestCase("Reusable_Test_Sequences/Web_Office/Verification/Trader_Record"), [:], OPTIONAL): Call Test Case 'Test Cases/Reusable_Test_Sequences/Web_Office/Verification/Trader_Record' successfully

2020-04-27 11:43:40 - [TEST_CASE][PASSED] - Test Cases/Reusable_Test_Sequences/Web_Office/Verification/Trader_Record: Test Cases/Reusable_Test_Sequences/Web_Office/Verification/Trader_Record

2020-04-27 11:43:40 - [TEST_STEP][PASSED] - verifyTextPresent(findTestData("searchTestData").getValue("tradeName", row), false, CONTINUE_ON_FAILURE): Text 'Foster Tree Care' is present on page 

2020-04-27 11:43:41 - [MESSAGE][PASSED] - Text 'Foster Tree Care' is present on page 

2020-04-27 11:43:41 - [TEST_STEP][PASSED] - verifyTextPresent(findTestData("searchTestData").getValue("primeContact", row), false, CONTINUE_ON_FAILURE): Text 'Jim Foster' is present on page 

2020-04-27 11:43:41 - [MESSAGE][PASSED] - Text 'Jim Foster' is present on page 

2020-04-27 11:43:41 - [TEST_STEP][PASSED] - verifyTextPresent(findTestData("searchTestData").getValue("address", row), false, CONTINUE_ON_FAILURE): Text '70 Worthing Avenue, Gosport, Hampshire, PO12 4DH' is present on page 

2020-04-27 11:43:42 - [MESSAGE][PASSED] - Text '70 Worthing Avenue, Gosport, Hampshire, PO12 4DH' is present on page 

2020-04-27 11:43:42 - [TEST_STEP][PASSED] - verifyTextPresent(findTestData("searchTestData").getValue("mobile", row), false, CONTINUE_ON_FAILURE): Text '07818 446596' is present on page 

2020-04-27 11:43:43 - [MESSAGE][PASSED] - Text '07818 446596' is present on page 

2020-04-27 11:43:43 - [TEST_STEP][PASSED] - verifyTextPresent(findTestData("searchTestData").getValue("contact", row), false, CONTINUE_ON_FAILURE): Text '023 9258 3018' is present on page 

2020-04-27 11:43:43 - [MESSAGE][PASSED] - Text '023 9258 3018' is present on page 

2020-04-27 11:43:43 - [TEST_STEP][PASSED] - verifyTextPresent(findTestData("searchTestData").getValue("email", row), false, CONTINUE_ON_FAILURE): Text 'fostertreecare@tiscali.co.uk' is present on page 

2020-04-27 11:43:44 - [MESSAGE][PASSED] - Text 'fostertreecare@tiscali.co.uk' is present on page 

2020-04-27 11:43:44 - [TEST_STEP][PASSED] - verifyTextPresent(findTestData("searchTestData").getValue("dob", row), false, CONTINUE_ON_FAILURE): Text 'DoB: 31/01/1976' is present on page 

2020-04-27 11:43:45 - [MESSAGE][PASSED] - Text 'DoB: 31/01/1976' is present on page 

2020-04-27 11:43:45 - [TEST_STEP][PASSED] - verifyTextPresent(findTestData("searchTestData").getValue("catID", row), false, CONTINUE_ON_FAILURE): Text 'FOS002' is present on page 

2020-04-27 11:43:45 - [MESSAGE][PASSED] - Text 'FOS002' is present on page 

2020-04-27 11:43:45 - [MESSAGE][PASSED] - Call Test Case 'Test Cases/Reusable_Test_Sequences/Web_Office/Verification/Trader_Record' successfully

2020-04-27 11:43:45 - [TEST_STEP][PASSED] - "--------------------------": null

2020-04-27 11:43:45 - [TEST_STEP][PASSED] - " Teardown - CLose Browser |": null

2020-04-27 11:43:45 - [TEST_STEP][PASSED] - callTestCase(findTestCase("Reusable_Test_Sequences/CAT_Teardown"), [:], OPTIONAL): Call Test Case 'Test Cases/Reusable_Test_Sequences/CAT_Teardown' successfully

2020-04-27 11:43:45 - [TEST_CASE][PASSED] - Test Cases/Reusable_Test_Sequences/CAT_Teardown: Test Cases/Reusable_Test_Sequences/CAT_Teardown

2020-04-27 11:43:45 - [TEST_STEP][PASSED] - closeBrowser(): Browser is closed

2020-04-27 11:43:46 - [MESSAGE][PASSED] - Browser is closed

2020-04-27 11:43:46 - [TEST_STEP][PASSED] - super.finalize(): null

2020-04-27 11:43:46 - [TEST_STEP][PASSED] - System.gc(): null

2020-04-27 11:43:46 - [MESSAGE][PASSED] - Call Test Case 'Test Cases/Reusable_Test_Sequences/CAT_Teardown' successfully

2020-04-27 11:43:47 - [TEST_STEP][PASSED] - "--------------------------------------": null

2020-04-27 11:43:47 - [TEST_STEP][PASSED] - " Web Office StartUp                  |": null

2020-04-27 11:43:47 - [TEST_STEP][PASSED] - callTestCase(findTestCase("Reusable_Test_Sequences/Web_Office/Directives/WebOffice_StartUp"), [:], STOP_ON_FAILURE): Call Test Case 'Test Cases/Reusable_Test_Sequences/Web_Office/Directives/WebOffice_StartUp' successfully

2020-04-27 11:43:47 - [TEST_CASE][PASSED] - Test Cases/Reusable_Test_Sequences/Web_Office/Directives/WebOffice_StartUp: Test Cases/Reusable_Test_Sequences/Web_Office/Directives/WebOffice_StartUp

2020-04-27 11:43:47 - [TEST_STEP][PASSED] - "-----------------------------------------------------------------------------": null

2020-04-27 11:43:47 - [TEST_STEP][PASSED] - if (URL == "https://www.dev.checkatrade.com/"): null

2020-04-27 11:43:47 - [TEST_STEP][PASSED] - "-----------------------------------------------------------------------------": null

2020-04-27 11:43:47 - [TEST_STEP][PASSED] - if (URL == "https://www.checkatrade.com/"): null

2020-04-27 11:43:47 - [TEST_STEP][PASSED] - "-----------------------------------------------------------------------------": null

2020-04-27 11:43:47 - [TEST_STEP][PASSED] - if (URL == "https://www.preview.checkatrade.com/"): null

2020-04-27 11:43:47 - [TEST_STEP][PASSED] - WebOfficeURL = "https://admin.preview.checkatrade.com/": null

2020-04-27 11:43:47 - [TEST_STEP][PASSED] - if (URL == "https://www.dev2.checkatrade.com/"): null

2020-04-27 11:43:47 - [TEST_STEP][PASSED] - "Set Function Area for "URL_Handler", URL Resolution": null

2020-04-27 11:43:47 - [TEST_STEP][PASSED] - "Do Some Magic with URL(s) See the comments within URL Handler ": null

2020-04-27 11:43:47 - [TEST_STEP][PASSED] - "------------------------------------------------": null

2020-04-27 11:43:47 - [TEST_STEP][PASSED] - "Moved Login Credentials to <Default> profile 22/01/2020": null

2020-04-27 11:43:47 - [TEST_STEP][PASSED] - "------------------------------------------------": null

2020-04-27 11:43:47 - [TEST_STEP][PASSED] - "WebOfficeURL - Set from the ENVIRONMENT PROFILE ": null

2020-04-27 11:43:47 - [TEST_STEP][PASSED] - "OPEN BROWSER": null

2020-04-27 11:43:47 - [TEST_STEP][PASSED] - "eg - https://admin.preview.checkatrade.com/  ": null

2020-04-27 11:43:47 - [TEST_STEP][PASSED] - openBrowser(WebOfficeURL): Browser is opened with url: 'https://admin.preview.checkatrade.com/'

2020-04-27 11:43:47 - [MESSAGE][INFO] - Starting 'Chrome' driver

2020-04-27 11:43:47 - [MESSAGE][INFO] - Action delay is set to 0 milliseconds

2020-04-27 11:43:51 - [MESSAGE][PASSED] - Browser is opened with url: 'https://admin.preview.checkatrade.com/'

2020-04-27 11:43:51 - [TEST_STEP][PASSED] - maximizeWindow(): Current window maximized

2020-04-27 11:43:53 - [MESSAGE][PASSED] - Current window maximized

2020-04-27 11:43:53 - [TEST_STEP][PASSED] - waitForElementClickable(findTestObject("Object Repository/WebOffice/Page_Checkatrade - Administration - Login/Login_Button"), 25): Object 'Object Repository/WebOffice/Page_Checkatrade - Administration - Login/Login_Button' is clickable

2020-04-27 11:43:54 - [MESSAGE][PASSED] - Object 'Object Repository/WebOffice/Page_Checkatrade - Administration - Login/Login_Button' is clickable

2020-04-27 11:43:54 - [TEST_STEP][PASSED] - verifyTextPresent("Checkatrade Web Office", false): Text 'Checkatrade Web Office' is present on page 

2020-04-27 11:43:54 - [MESSAGE][PASSED] - Text 'Checkatrade Web Office' is present on page 

2020-04-27 11:43:54 - [TEST_STEP][PASSED] - verifyTextPresent("Access for staff use only", false): Text 'Access for staff use only' is present on page 

2020-04-27 11:43:54 - [MESSAGE][PASSED] - Text 'Access for staff use only' is present on page 

2020-04-27 11:43:54 - [TEST_STEP][PASSED] - verifyTextPresent("Forgotten password?", false): Text 'Forgotten password?' is present on page 

2020-04-27 11:43:54 - [MESSAGE][PASSED] - Text 'Forgotten password?' is present on page 

2020-04-27 11:43:54 - [TEST_STEP][PASSED] - setText(findTestObject("Object Repository/WebOffice/Page_Checkatrade - Administration - Login/input_Username_LoginControlUserName"), wo_Username): Text 'DavidHo' is set on object 'Object Repository/WebOffice/Page_Checkatrade - Administration - Login/input_Username_LoginControlUserName'

2020-04-27 11:43:54 - [MESSAGE][PASSED] - Text 'DavidHo' is set on object 'Object Repository/WebOffice/Page_Checkatrade - Administration - Login/input_Username_LoginControlUserName'

2020-04-27 11:43:54 - [TEST_STEP][PASSED] - setText(findTestObject("Object Repository/WebOffice/Page_Checkatrade - Administration - Login/input_Password_LoginControlPassword"), wo_Password): Text 'Check123' is set on object 'Object Repository/WebOffice/Page_Checkatrade - Administration - Login/input_Password_LoginControlPassword'

2020-04-27 11:43:54 - [MESSAGE][PASSED] - Text 'Check123' is set on object 'Object Repository/WebOffice/Page_Checkatrade - Administration - Login/input_Password_LoginControlPassword'

2020-04-27 11:43:54 - [TEST_STEP][PASSED] - click(findTestObject("Object Repository/WebOffice/Page_Checkatrade - Administration - Login/Login_Button")): Object: 'Object Repository/WebOffice/Page_Checkatrade - Administration - Login/Login_Button' is clicked on

2020-04-27 11:43:56 - [MESSAGE][PASSED] - Object: 'Object Repository/WebOffice/Page_Checkatrade - Administration - Login/Login_Button' is clicked on

2020-04-27 11:43:56 - [TEST_STEP][PASSED] - waitForPageLoad(60): Wait for page load successfully

2020-04-27 11:43:56 - [MESSAGE][PASSED] - Wait for page load successfully

2020-04-27 11:43:56 - [TEST_STEP][PASSED] - verifyTextPresent("Welcome " + wo_Username, false): Text 'Welcome DavidHo' is present on page 

2020-04-27 11:43:56 - [MESSAGE][PASSED] - Text 'Welcome DavidHo' is present on page 

2020-04-27 11:43:56 - [MESSAGE][PASSED] - Call Test Case 'Test Cases/Reusable_Test_Sequences/Web_Office/Directives/WebOffice_StartUp' successfully

2020-04-27 11:43:56 - [TEST_STEP][PASSED] - "--------------------------------------": null

2020-04-27 11:43:56 - [TEST_STEP][PASSED] - " Home Page - Search                   |": null

2020-04-27 11:43:56 - [TEST_STEP][PASSED] - callTestCase(findTestCase("Reusable_Test_Sequences/Web_Office/Home_Page_Search"), [:], STOP_ON_FAILURE): Call Test Case 'Test Cases/Reusable_Test_Sequences/Web_Office/Home_Page_Search' successfully

2020-04-27 11:43:56 - [TEST_CASE][PASSED] - Test Cases/Reusable_Test_Sequences/Web_Office/Home_Page_Search: Test Cases/Reusable_Test_Sequences/Web_Office/Home_Page_Search

2020-04-27 11:43:56 - [TEST_STEP][PASSED] - setText(findTestObject("Object Repository/WebOffice_Home_page/input_Search_Criteria"), findTestData("searchTestData").getValue("Search_Selector", row)): Text 'James Burton' is set on object 'Object Repository/WebOffice_Home_page/input_Search_Criteria'

2020-04-27 11:43:57 - [MESSAGE][PASSED] - Text 'James Burton' is set on object 'Object Repository/WebOffice_Home_page/input_Search_Criteria'

2020-04-27 11:43:57 - [TEST_STEP][PASSED] - delay(1): Delayed 1 second(s)

2020-04-27 11:43:58 - [MESSAGE][PASSED] - Delayed 1 second(s)

2020-04-27 11:43:58 - [TEST_STEP][PASSED] - click(findTestObject("Object Repository/WebOffice_Home_page/popout_Search_Item")): Object: 'Object Repository/WebOffice_Home_page/popout_Search_Item' is clicked on

2020-04-27 11:44:01 - [MESSAGE][PASSED] - Object: 'Object Repository/WebOffice_Home_page/popout_Search_Item' is clicked on

2020-04-27 11:44:01 - [TEST_STEP][PASSED] - waitForPageLoad(60): Wait for page load successfully

2020-04-27 11:44:01 - [MESSAGE][PASSED] - Wait for page load successfully

2020-04-27 11:44:01 - [MESSAGE][PASSED] - Call Test Case 'Test Cases/Reusable_Test_Sequences/Web_Office/Home_Page_Search' successfully

2020-04-27 11:44:01 - [TEST_STEP][PASSED] - "--------------------------------------": null

2020-04-27 11:44:01 - [TEST_STEP][PASSED] - " Web Office - Verify Returned Record  |": null

2020-04-27 11:44:01 - [TEST_STEP][PASSED] - callTestCase(findTestCase("Reusable_Test_Sequences/Web_Office/Verification/Trader_Record"), [:], OPTIONAL): Unable to call Test Case 'Test Cases/Reusable_Test_Sequences/Web_Office/Verification/Trader_Record' (Root cause: com.kms.katalon.core.exception.StepFailedException: Call Test Case 'Test Cases/Reusable_Test_Sequences/Web_Office/Verification/Trader_Record' failed
	at com.kms.katalon.core.keyword.builtin.CallTestCaseKeyword$_callTestCase_closure1.doCall(CallTestCaseKeyword.groovy:63)
	at com.kms.katalon.core.keyword.builtin.CallTestCaseKeyword$_callTestCase_closure1.call(CallTestCaseKeyword.groovy)
	at com.kms.katalon.core.keyword.internal.KeywordMain.runKeyword(KeywordMain.groovy:68)
	at com.kms.katalon.core.keyword.builtin.CallTestCaseKeyword.callTestCase(CallTestCaseKeyword.groovy:81)
	at com.kms.katalon.core.keyword.builtin.CallTestCaseKeyword.execute(CallTestCaseKeyword.groovy:44)
	at com.kms.katalon.core.keyword.internal.KeywordExecutor.executeKeywordForPlatform(KeywordExecutor.groovy:72)
	at com.kms.katalon.core.keyword.BuiltinKeywords.callTestCase(BuiltinKeywords.groovy:334)
	at WebOffice_Header_Search.run(WebOffice_Header_Search:65)
	at com.kms.katalon.core.main.ScriptEngine.run(ScriptEngine.java:194)
	at com.kms.katalon.core.main.ScriptEngine.runScriptAsRawText(ScriptEngine.java:119)
	at com.kms.katalon.core.main.TestCaseExecutor.runScript(TestCaseExecutor.java:337)
	at com.kms.katalon.core.main.TestCaseExecutor.doExecute(TestCaseExecutor.java:328)
	at com.kms.katalon.core.main.TestCaseExecutor.processExecutionPhase(TestCaseExecutor.java:307)
	at com.kms.katalon.core.main.TestCaseExecutor.accessMainPhase(TestCaseExecutor.java:299)
	at com.kms.katalon.core.main.TestCaseExecutor.execute(TestCaseExecutor.java:233)
	at com.kms.katalon.core.main.TestSuiteExecutor.accessTestCaseMainPhase(TestSuiteExecutor.java:169)
	at com.kms.katalon.core.main.TestSuiteExecutor.accessTestSuiteMainPhase(TestSuiteExecutor.java:142)
	at com.kms.katalon.core.main.TestSuiteExecutor.execute(TestSuiteExecutor.java:91)
	at com.kms.katalon.core.main.TestCaseMain.startTestSuite(TestCaseMain.java:157)
	at com.kms.katalon.core.main.TestCaseMain$startTestSuite$0.call(Unknown Source)
	at TempTestSuite1587982979154.run(TempTestSuite1587982979154.groovy:37)
Caused by: com.kms.katalon.core.exception.StepFailedException: Text 'Unit 4, Dukeries Court, Hallcroft Industrial Estate, Retford, Nottinghamshire, DN22 7PX' is not present on page  (Root cause: com.kms.katalon.core.exception.StepFailedException: Text 'Unit 4, Dukeries Court, Hallcroft Industrial Estate, Retford, Nottinghamshire, DN22 7PX' is not present on page 
	at com.kms.katalon.core.webui.keyword.internal.WebUIKeywordMain.stepFailed(WebUIKeywordMain.groovy:64)
	at com.kms.katalon.core.webui.keyword.builtin.VerifyTextPresentKeyword$_verifyTextPresent_closure1.doCall(VerifyTextPresentKeyword.groovy:79)
	at com.kms.katalon.core.webui.keyword.builtin.VerifyTextPresentKeyword$_verifyTextPresent_closure1.call(VerifyTextPresentKeyword.groovy)
	at com.kms.katalon.core.webui.keyword.internal.WebUIKeywordMain.runKeyword(WebUIKeywordMain.groovy:20)
	at com.kms.katalon.core.webui.keyword.builtin.VerifyTextPresentKeyword.verifyTextPresent(VerifyTextPresentKeyword.groovy:83)
	at com.kms.katalon.core.webui.keyword.builtin.VerifyTextPresentKeyword.execute(VerifyTextPresentKeyword.groovy:68)
	at com.kms.katalon.core.keyword.internal.KeywordExecutor.executeKeywordForPlatform(KeywordExecutor.groovy:72)
	at com.kms.katalon.core.webui.keyword.WebUiBuiltInKeywords.verifyTextPresent(WebUiBuiltInKeywords.groovy:1703)
	at com.kms.katalon.core.webui.keyword.WebUiBuiltInKeywords$verifyTextPresent$11.call(Unknown Source)
	at Trader_Record.run(Trader_Record:62)
	at com.kms.katalon.core.main.ScriptEngine.run(ScriptEngine.java:194)
	at com.kms.katalon.core.main.ScriptEngine.runScriptAsRawText(ScriptEngine.java:119)
	at com.kms.katalon.core.main.TestCaseExecutor.runScript(TestCaseExecutor.java:337)
	at com.kms.katalon.core.main.TestCaseExecutor.doExecute(TestCaseExecutor.java:328)
	at com.kms.katalon.core.main.TestCaseExecutor.processExecutionPhase(TestCaseExecutor.java:307)
	at com.kms.katalon.core.main.TestCaseExecutor.accessMainPhase(TestCaseExecutor.java:299)
	at com.kms.katalon.core.main.TestCaseExecutor.execute(TestCaseExecutor.java:233)
	at com.kms.katalon.core.main.TestCaseMain.runTestCase(TestCaseMain.java:114)
	at com.kms.katalon.core.keyword.builtin.CallTestCaseKeyword$_callTestCase_closure1.doCall(CallTestCaseKeyword.groovy:59)
	at com.kms.katalon.core.keyword.builtin.CallTestCaseKeyword$_callTestCase_closure1.call(CallTestCaseKeyword.groovy)
	at com.kms.katalon.core.keyword.internal.KeywordMain.runKeyword(KeywordMain.groovy:68)
	at com.kms.katalon.core.keyword.builtin.CallTestCaseKeyword.callTestCase(CallTestCaseKeyword.groovy:81)
	at com.kms.katalon.core.keyword.builtin.CallTestCaseKeyword.execute(CallTestCaseKeyword.groovy:44)
	at com.kms.katalon.core.keyword.internal.KeywordExecutor.executeKeywordForPlatform(KeywordExecutor.groovy:72)
	at com.kms.katalon.core.keyword.BuiltinKeywords.callTestCase(BuiltinKeywords.groovy:334)
	at WebOffice_Header_Search.run(WebOffice_Header_Search:65)
	at com.kms.katalon.core.main.ScriptEngine.run(ScriptEngine.java:194)
	at com.kms.katalon.core.main.ScriptEngine.runScriptAsRawText(ScriptEngine.java:119)
	at com.kms.katalon.core.main.TestCaseExecutor.runScript(TestCaseExecutor.java:337)
	at com.kms.katalon.core.main.TestCaseExecutor.doExecute(TestCaseExecutor.java:328)
	at com.kms.katalon.core.main.TestCaseExecutor.processExecutionPhase(TestCaseExecutor.java:307)
	at com.kms.katalon.core.main.TestCaseExecutor.accessMainPhase(TestCaseExecutor.java:299)
	at com.kms.katalon.core.main.TestCaseExecutor.execute(TestCaseExecutor.java:233)
	at com.kms.katalon.core.main.TestSuiteExecutor.accessTestCaseMainPhase(TestSuiteExecutor.java:169)
	at com.kms.katalon.core.main.TestSuiteExecutor.accessTestSuiteMainPhase(TestSuiteExecutor.java:142)
	at com.kms.katalon.core.main.TestSuiteExecutor.execute(TestSuiteExecutor.java:91)
	at com.kms.katalon.core.main.TestCaseMain.startTestSuite(TestCaseMain.java:157)
	at com.kms.katalon.core.main.TestCaseMain$startTestSuite$0.call(Unknown Source)
	at TempTestSuite1587982979154.run(TempTestSuite1587982979154.groovy:37)
)
	at com.kms.katalon.core.keyword.internal.KeywordMain.stepFailed(KeywordMain.groovy:39)
	at com.kms.katalon.core.webui.keyword.internal.WebUIKeywordMain.stepFailed(WebUIKeywordMain.groovy:64)
	at com.kms.katalon.core.webui.keyword.builtin.VerifyTextPresentKeyword$_verifyTextPresent_closure1.doCall(VerifyTextPresentKeyword.groovy:79)
	at com.kms.katalon.core.webui.keyword.builtin.VerifyTextPresentKeyword$_verifyTextPresent_closure1.call(VerifyTextPresentKeyword.groovy)
	at com.kms.katalon.core.webui.keyword.internal.WebUIKeywordMain.runKeyword(WebUIKeywordMain.groovy:20)
	at com.kms.katalon.core.webui.keyword.builtin.VerifyTextPresentKeyword.verifyTextPresent(VerifyTextPresentKeyword.groovy:83)
	at com.kms.katalon.core.webui.keyword.builtin.VerifyTextPresentKeyword.execute(VerifyTextPresentKeyword.groovy:68)
	at com.kms.katalon.core.keyword.internal.KeywordExecutor.executeKeywordForPlatform(KeywordExecutor.groovy:72)
	at com.kms.katalon.core.webui.keyword.WebUiBuiltInKeywords.verifyTextPresent(WebUiBuiltInKeywords.groovy:1703)
	at com.kms.katalon.core.webui.keyword.WebUiBuiltInKeywords$verifyTextPresent$11.call(Unknown Source)
	at Trader_Record.run(Trader_Record:62)
	at com.kms.katalon.core.main.ScriptEngine.run(ScriptEngine.java:194)
	at com.kms.katalon.core.main.ScriptEngine.runScriptAsRawText(ScriptEngine.java:119)
	at com.kms.katalon.core.main.TestCaseExecutor.runScript(TestCaseExecutor.java:337)
	at com.kms.katalon.core.main.TestCaseExecutor.doExecute(TestCaseExecutor.java:328)
	at com.kms.katalon.core.main.TestCaseExecutor.processExecutionPhase(TestCaseExecutor.java:307)
	at com.kms.katalon.core.main.TestCaseExecutor.accessMainPhase(TestCaseExecutor.java:299)
	at com.kms.katalon.core.main.TestCaseExecutor.execute(TestCaseExecutor.java:233)
	at com.kms.katalon.core.main.TestCaseMain.runTestCase(TestCaseMain.java:114)
	at com.kms.katalon.core.keyword.builtin.CallTestCaseKeyword$_callTestCase_closure1.doCall(CallTestCaseKeyword.groovy:59)
	... 20 more
Caused by: com.kms.katalon.core.exception.StepFailedException: Text 'Unit 4, Dukeries Court, Hallcroft Industrial Estate, Retford, Nottinghamshire, DN22 7PX' is not present on page 
	... 39 more
)

2020-04-27 11:44:01 - [TEST_CASE][FAILED] - Test Cases/Reusable_Test_Sequences/Web_Office/Verification/Trader_Record: Test Cases/Reusable_Test_Sequences/Web_Office/Verification/Trader_Record FAILED.
Reason:
com.kms.katalon.core.exception.StepFailedException: Text 'Unit 4, Dukeries Court, Hallcroft Industrial Estate, Retford, Nottinghamshire, DN22 7PX' is not present on page  (Root cause: com.kms.katalon.core.exception.StepFailedException: Text 'Unit 4, Dukeries Court, Hallcroft Industrial Estate, Retford, Nottinghamshire, DN22 7PX' is not present on page 
	at com.kms.katalon.core.webui.keyword.internal.WebUIKeywordMain.stepFailed(WebUIKeywordMain.groovy:64)
	at com.kms.katalon.core.webui.keyword.builtin.VerifyTextPresentKeyword$_verifyTextPresent_closure1.doCall(VerifyTextPresentKeyword.groovy:79)
	at com.kms.katalon.core.webui.keyword.builtin.VerifyTextPresentKeyword$_verifyTextPresent_closure1.call(VerifyTextPresentKeyword.groovy)
	at com.kms.katalon.core.webui.keyword.internal.WebUIKeywordMain.runKeyword(WebUIKeywordMain.groovy:20)
	at com.kms.katalon.core.webui.keyword.builtin.VerifyTextPresentKeyword.verifyTextPresent(VerifyTextPresentKeyword.groovy:83)
	at com.kms.katalon.core.webui.keyword.builtin.VerifyTextPresentKeyword.execute(VerifyTextPresentKeyword.groovy:68)
	at com.kms.katalon.core.keyword.internal.KeywordExecutor.executeKeywordForPlatform(KeywordExecutor.groovy:72)
	at com.kms.katalon.core.webui.keyword.WebUiBuiltInKeywords.verifyTextPresent(WebUiBuiltInKeywords.groovy:1703)
	at com.kms.katalon.core.webui.keyword.WebUiBuiltInKeywords$verifyTextPresent$11.call(Unknown Source)
	at Trader_Record.run(Trader_Record:62)
	at com.kms.katalon.core.main.ScriptEngine.run(ScriptEngine.java:194)
	at com.kms.katalon.core.main.ScriptEngine.runScriptAsRawText(ScriptEngine.java:119)
	at com.kms.katalon.core.main.TestCaseExecutor.runScript(TestCaseExecutor.java:337)
	at com.kms.katalon.core.main.TestCaseExecutor.doExecute(TestCaseExecutor.java:328)
	at com.kms.katalon.core.main.TestCaseExecutor.processExecutionPhase(TestCaseExecutor.java:307)
	at com.kms.katalon.core.main.TestCaseExecutor.accessMainPhase(TestCaseExecutor.java:299)
	at com.kms.katalon.core.main.TestCaseExecutor.execute(TestCaseExecutor.java:233)
	at com.kms.katalon.core.main.TestCaseMain.runTestCase(TestCaseMain.java:114)
	at com.kms.katalon.core.keyword.builtin.CallTestCaseKeyword$_callTestCase_closure1.doCall(CallTestCaseKeyword.groovy:59)
	at com.kms.katalon.core.keyword.builtin.CallTestCaseKeyword$_callTestCase_closure1.call(CallTestCaseKeyword.groovy)
	at com.kms.katalon.core.keyword.internal.KeywordMain.runKeyword(KeywordMain.groovy:68)
	at com.kms.katalon.core.keyword.builtin.CallTestCaseKeyword.callTestCase(CallTestCaseKeyword.groovy:81)
	at com.kms.katalon.core.keyword.builtin.CallTestCaseKeyword.execute(CallTestCaseKeyword.groovy:44)
	at com.kms.katalon.core.keyword.internal.KeywordExecutor.executeKeywordForPlatform(KeywordExecutor.groovy:72)
	at com.kms.katalon.core.keyword.BuiltinKeywords.callTestCase(BuiltinKeywords.groovy:334)
	at WebOffice_Header_Search.run(WebOffice_Header_Search:65)
	at com.kms.katalon.core.main.ScriptEngine.run(ScriptEngine.java:194)
	at com.kms.katalon.core.main.ScriptEngine.runScriptAsRawText(ScriptEngine.java:119)
	at com.kms.katalon.core.main.TestCaseExecutor.runScript(TestCaseExecutor.java:337)
	at com.kms.katalon.core.main.TestCaseExecutor.doExecute(TestCaseExecutor.java:328)
	at com.kms.katalon.core.main.TestCaseExecutor.processExecutionPhase(TestCaseExecutor.java:307)
	at com.kms.katalon.core.main.TestCaseExecutor.accessMainPhase(TestCaseExecutor.java:299)
	at com.kms.katalon.core.main.TestCaseExecutor.execute(TestCaseExecutor.java:233)
	at com.kms.katalon.core.main.TestSuiteExecutor.accessTestCaseMainPhase(TestSuiteExecutor.java:169)
	at com.kms.katalon.core.main.TestSuiteExecutor.accessTestSuiteMainPhase(TestSuiteExecutor.java:142)
	at com.kms.katalon.core.main.TestSuiteExecutor.execute(TestSuiteExecutor.java:91)
	at com.kms.katalon.core.main.TestCaseMain.startTestSuite(TestCaseMain.java:157)
	at com.kms.katalon.core.main.TestCaseMain$startTestSuite$0.call(Unknown Source)
	at TempTestSuite1587982979154.run(TempTestSuite1587982979154.groovy:37)
)
	at com.kms.katalon.core.keyword.internal.KeywordMain.stepFailed(KeywordMain.groovy:39)
	at com.kms.katalon.core.webui.keyword.internal.WebUIKeywordMain.stepFailed(WebUIKeywordMain.groovy:64)
	at com.kms.katalon.core.webui.keyword.builtin.VerifyTextPresentKeyword$_verifyTextPresent_closure1.doCall(VerifyTextPresentKeyword.groovy:79)
	at com.kms.katalon.core.webui.keyword.builtin.VerifyTextPresentKeyword$_verifyTextPresent_closure1.call(VerifyTextPresentKeyword.groovy)
	at com.kms.katalon.core.webui.keyword.internal.WebUIKeywordMain.runKeyword(WebUIKeywordMain.groovy:20)
	at com.kms.katalon.core.webui.keyword.builtin.VerifyTextPresentKeyword.verifyTextPresent(VerifyTextPresentKeyword.groovy:83)
	at com.kms.katalon.core.webui.keyword.builtin.VerifyTextPresentKeyword.execute(VerifyTextPresentKeyword.groovy:68)
	at com.kms.katalon.core.keyword.internal.KeywordExecutor.executeKeywordForPlatform(KeywordExecutor.groovy:72)
	at com.kms.katalon.core.webui.keyword.WebUiBuiltInKeywords.verifyTextPresent(WebUiBuiltInKeywords.groovy:1703)
	at com.kms.katalon.core.webui.keyword.WebUiBuiltInKeywords$verifyTextPresent$11.call(Unknown Source)
	at Trader_Record.run(Trader_Record:62)
	at com.kms.katalon.core.main.ScriptEngine.run(ScriptEngine.java:194)
	at com.kms.katalon.core.main.ScriptEngine.runScriptAsRawText(ScriptEngine.java:119)
	at com.kms.katalon.core.main.TestCaseExecutor.runScript(TestCaseExecutor.java:337)
	at com.kms.katalon.core.main.TestCaseExecutor.doExecute(TestCaseExecutor.java:328)
	at com.kms.katalon.core.main.TestCaseExecutor.processExecutionPhase(TestCaseExecutor.java:307)
	at com.kms.katalon.core.main.TestCaseExecutor.accessMainPhase(TestCaseExecutor.java:299)
	at com.kms.katalon.core.main.TestCaseExecutor.execute(TestCaseExecutor.java:233)
	at com.kms.katalon.core.main.TestCaseMain.runTestCase(TestCaseMain.java:114)
	at com.kms.katalon.core.keyword.builtin.CallTestCaseKeyword$_callTestCase_closure1.doCall(CallTestCaseKeyword.groovy:59)
	at com.kms.katalon.core.keyword.builtin.CallTestCaseKeyword$_callTestCase_closure1.call(CallTestCaseKeyword.groovy)
	at com.kms.katalon.core.keyword.internal.KeywordMain.runKeyword(KeywordMain.groovy:68)
	at com.kms.katalon.core.keyword.builtin.CallTestCaseKeyword.callTestCase(CallTestCaseKeyword.groovy:81)
	at com.kms.katalon.core.keyword.builtin.CallTestCaseKeyword.execute(CallTestCaseKeyword.groovy:44)
	at com.kms.katalon.core.keyword.internal.KeywordExecutor.executeKeywordForPlatform(KeywordExecutor.groovy:72)
	at com.kms.katalon.core.keyword.BuiltinKeywords.callTestCase(BuiltinKeywords.groovy:334)
	at WebOffice_Header_Search.run(WebOffice_Header_Search:65)
	at com.kms.katalon.core.main.ScriptEngine.run(ScriptEngine.java:194)
	at com.kms.katalon.core.main.ScriptEngine.runScriptAsRawText(ScriptEngine.java:119)
	at com.kms.katalon.core.main.TestCaseExecutor.runScript(TestCaseExecutor.java:337)
	at com.kms.katalon.core.main.TestCaseExecutor.doExecute(TestCaseExecutor.java:328)
	at com.kms.katalon.core.main.TestCaseExecutor.processExecutionPhase(TestCaseExecutor.java:307)
	at com.kms.katalon.core.main.TestCaseExecutor.accessMainPhase(TestCaseExecutor.java:299)
	at com.kms.katalon.core.main.TestCaseExecutor.execute(TestCaseExecutor.java:233)
	at com.kms.katalon.core.main.TestSuiteExecutor.accessTestCaseMainPhase(TestSuiteExecutor.java:169)
	at com.kms.katalon.core.main.TestSuiteExecutor.accessTestSuiteMainPhase(TestSuiteExecutor.java:142)
	at com.kms.katalon.core.main.TestSuiteExecutor.execute(TestSuiteExecutor.java:91)
	at com.kms.katalon.core.main.TestCaseMain.startTestSuite(TestCaseMain.java:157)
	at com.kms.katalon.core.main.TestCaseMain$startTestSuite$0.call(Unknown Source)
	at TempTestSuite1587982979154.run(TempTestSuite1587982979154.groovy:37)
Caused by: com.kms.katalon.core.exception.StepFailedException: Text 'Unit 4, Dukeries Court, Hallcroft Industrial Estate, Retford, Nottinghamshire, DN22 7PX' is not present on page 
	... 39 more


2020-04-27 11:44:01 - [TEST_STEP][PASSED] - verifyTextPresent(findTestData("searchTestData").getValue("tradeName", row), false, CONTINUE_ON_FAILURE): Text 'Burton Electrical Services' is present on page 

2020-04-27 11:44:02 - [MESSAGE][PASSED] - Text 'Burton Electrical Services' is present on page 

2020-04-27 11:44:02 - [TEST_STEP][PASSED] - verifyTextPresent(findTestData("searchTestData").getValue("primeContact", row), false, CONTINUE_ON_FAILURE): Text 'James Burton' is present on page 

2020-04-27 11:44:02 - [MESSAGE][PASSED] - Text 'James Burton' is present on page 

2020-04-27 11:44:02 - [TEST_STEP][FAILED] - verifyTextPresent(findTestData("searchTestData").getValue("address", row), false, CONTINUE_ON_FAILURE): Text 'Unit 4, Dukeries Court, Hallcroft Industrial Estate, Retford, Nottinghamshire, DN22 7PX' is not present on page  (Root cause: com.kms.katalon.core.exception.StepFailedException: Text 'Unit 4, Dukeries Court, Hallcroft Industrial Estate, Retford, Nottinghamshire, DN22 7PX' is not present on page 
	at com.kms.katalon.core.webui.keyword.internal.WebUIKeywordMain.stepFailed(WebUIKeywordMain.groovy:64)
	at com.kms.katalon.core.webui.keyword.builtin.VerifyTextPresentKeyword$_verifyTextPresent_closure1.doCall(VerifyTextPresentKeyword.groovy:79)
	at com.kms.katalon.core.webui.keyword.builtin.VerifyTextPresentKeyword$_verifyTextPresent_closure1.call(VerifyTextPresentKeyword.groovy)
	at com.kms.katalon.core.webui.keyword.internal.WebUIKeywordMain.runKeyword(WebUIKeywordMain.groovy:20)
	at com.kms.katalon.core.webui.keyword.builtin.VerifyTextPresentKeyword.verifyTextPresent(VerifyTextPresentKeyword.groovy:83)
	at com.kms.katalon.core.webui.keyword.builtin.VerifyTextPresentKeyword.execute(VerifyTextPresentKeyword.groovy:68)
	at com.kms.katalon.core.keyword.internal.KeywordExecutor.executeKeywordForPlatform(KeywordExecutor.groovy:72)
	at com.kms.katalon.core.webui.keyword.WebUiBuiltInKeywords.verifyTextPresent(WebUiBuiltInKeywords.groovy:1703)
	at com.kms.katalon.core.webui.keyword.WebUiBuiltInKeywords$verifyTextPresent$11.call(Unknown Source)
	at Trader_Record.run(Trader_Record:62)
	at com.kms.katalon.core.main.ScriptEngine.run(ScriptEngine.java:194)
	at com.kms.katalon.core.main.ScriptEngine.runScriptAsRawText(ScriptEngine.java:119)
	at com.kms.katalon.core.main.TestCaseExecutor.runScript(TestCaseExecutor.java:337)
	at com.kms.katalon.core.main.TestCaseExecutor.doExecute(TestCaseExecutor.java:328)
	at com.kms.katalon.core.main.TestCaseExecutor.processExecutionPhase(TestCaseExecutor.java:307)
	at com.kms.katalon.core.main.TestCaseExecutor.accessMainPhase(TestCaseExecutor.java:299)
	at com.kms.katalon.core.main.TestCaseExecutor.execute(TestCaseExecutor.java:233)
	at com.kms.katalon.core.main.TestCaseMain.runTestCase(TestCaseMain.java:114)
	at com.kms.katalon.core.keyword.builtin.CallTestCaseKeyword$_callTestCase_closure1.doCall(CallTestCaseKeyword.groovy:59)
	at com.kms.katalon.core.keyword.builtin.CallTestCaseKeyword$_callTestCase_closure1.call(CallTestCaseKeyword.groovy)
	at com.kms.katalon.core.keyword.internal.KeywordMain.runKeyword(KeywordMain.groovy:68)
	at com.kms.katalon.core.keyword.builtin.CallTestCaseKeyword.callTestCase(CallTestCaseKeyword.groovy:81)
	at com.kms.katalon.core.keyword.builtin.CallTestCaseKeyword.execute(CallTestCaseKeyword.groovy:44)
	at com.kms.katalon.core.keyword.internal.KeywordExecutor.executeKeywordForPlatform(KeywordExecutor.groovy:72)
	at com.kms.katalon.core.keyword.BuiltinKeywords.callTestCase(BuiltinKeywords.groovy:334)
	at WebOffice_Header_Search.run(WebOffice_Header_Search:65)
	at com.kms.katalon.core.main.ScriptEngine.run(ScriptEngine.java:194)
	at com.kms.katalon.core.main.ScriptEngine.runScriptAsRawText(ScriptEngine.java:119)
	at com.kms.katalon.core.main.TestCaseExecutor.runScript(TestCaseExecutor.java:337)
	at com.kms.katalon.core.main.TestCaseExecutor.doExecute(TestCaseExecutor.java:328)
	at com.kms.katalon.core.main.TestCaseExecutor.processExecutionPhase(TestCaseExecutor.java:307)
	at com.kms.katalon.core.main.TestCaseExecutor.accessMainPhase(TestCaseExecutor.java:299)
	at com.kms.katalon.core.main.TestCaseExecutor.execute(TestCaseExecutor.java:233)
	at com.kms.katalon.core.main.TestSuiteExecutor.accessTestCaseMainPhase(TestSuiteExecutor.java:169)
	at com.kms.katalon.core.main.TestSuiteExecutor.accessTestSuiteMainPhase(TestSuiteExecutor.java:142)
	at com.kms.katalon.core.main.TestSuiteExecutor.execute(TestSuiteExecutor.java:91)
	at com.kms.katalon.core.main.TestCaseMain.startTestSuite(TestCaseMain.java:157)
	at com.kms.katalon.core.main.TestCaseMain$startTestSuite$0.call(Unknown Source)
	at TempTestSuite1587982979154.run(TempTestSuite1587982979154.groovy:37)
)

2020-04-27 11:44:03 - [MESSAGE][FAILED] - Text 'Unit 4, Dukeries Court, Hallcroft Industrial Estate, Retford, Nottinghamshire, DN22 7PX' is not present on page  (Root cause: com.kms.katalon.core.exception.StepFailedException: Text 'Unit 4, Dukeries Court, Hallcroft Industrial Estate, Retford, Nottinghamshire, DN22 7PX' is not present on page 
	at com.kms.katalon.core.webui.keyword.internal.WebUIKeywordMain.stepFailed(WebUIKeywordMain.groovy:64)
	at com.kms.katalon.core.webui.keyword.builtin.VerifyTextPresentKeyword$_verifyTextPresent_closure1.doCall(VerifyTextPresentKeyword.groovy:79)
	at com.kms.katalon.core.webui.keyword.builtin.VerifyTextPresentKeyword$_verifyTextPresent_closure1.call(VerifyTextPresentKeyword.groovy)
	at com.kms.katalon.core.webui.keyword.internal.WebUIKeywordMain.runKeyword(WebUIKeywordMain.groovy:20)
	at com.kms.katalon.core.webui.keyword.builtin.VerifyTextPresentKeyword.verifyTextPresent(VerifyTextPresentKeyword.groovy:83)
	at com.kms.katalon.core.webui.keyword.builtin.VerifyTextPresentKeyword.execute(VerifyTextPresentKeyword.groovy:68)
	at com.kms.katalon.core.keyword.internal.KeywordExecutor.executeKeywordForPlatform(KeywordExecutor.groovy:72)
	at com.kms.katalon.core.webui.keyword.WebUiBuiltInKeywords.verifyTextPresent(WebUiBuiltInKeywords.groovy:1703)
	at com.kms.katalon.core.webui.keyword.WebUiBuiltInKeywords$verifyTextPresent$11.call(Unknown Source)
	at Trader_Record.run(Trader_Record:62)
	at com.kms.katalon.core.main.ScriptEngine.run(ScriptEngine.java:194)
	at com.kms.katalon.core.main.ScriptEngine.runScriptAsRawText(ScriptEngine.java:119)
	at com.kms.katalon.core.main.TestCaseExecutor.runScript(TestCaseExecutor.java:337)
	at com.kms.katalon.core.main.TestCaseExecutor.doExecute(TestCaseExecutor.java:328)
	at com.kms.katalon.core.main.TestCaseExecutor.processExecutionPhase(TestCaseExecutor.java:307)
	at com.kms.katalon.core.main.TestCaseExecutor.accessMainPhase(TestCaseExecutor.java:299)
	at com.kms.katalon.core.main.TestCaseExecutor.execute(TestCaseExecutor.java:233)
	at com.kms.katalon.core.main.TestCaseMain.runTestCase(TestCaseMain.java:114)
	at com.kms.katalon.core.keyword.builtin.CallTestCaseKeyword$_callTestCase_closure1.doCall(CallTestCaseKeyword.groovy:59)
	at com.kms.katalon.core.keyword.builtin.CallTestCaseKeyword$_callTestCase_closure1.call(CallTestCaseKeyword.groovy)
	at com.kms.katalon.core.keyword.internal.KeywordMain.runKeyword(KeywordMain.groovy:68)
	at com.kms.katalon.core.keyword.builtin.CallTestCaseKeyword.callTestCase(CallTestCaseKeyword.groovy:81)
	at com.kms.katalon.core.keyword.builtin.CallTestCaseKeyword.execute(CallTestCaseKeyword.groovy:44)
	at com.kms.katalon.core.keyword.internal.KeywordExecutor.executeKeywordForPlatform(KeywordExecutor.groovy:72)
	at com.kms.katalon.core.keyword.BuiltinKeywords.callTestCase(BuiltinKeywords.groovy:334)
	at WebOffice_Header_Search.run(WebOffice_Header_Search:65)
	at com.kms.katalon.core.main.ScriptEngine.run(ScriptEngine.java:194)
	at com.kms.katalon.core.main.ScriptEngine.runScriptAsRawText(ScriptEngine.java:119)
	at com.kms.katalon.core.main.TestCaseExecutor.runScript(TestCaseExecutor.java:337)
	at com.kms.katalon.core.main.TestCaseExecutor.doExecute(TestCaseExecutor.java:328)
	at com.kms.katalon.core.main.TestCaseExecutor.processExecutionPhase(TestCaseExecutor.java:307)
	at com.kms.katalon.core.main.TestCaseExecutor.accessMainPhase(TestCaseExecutor.java:299)
	at com.kms.katalon.core.main.TestCaseExecutor.execute(TestCaseExecutor.java:233)
	at com.kms.katalon.core.main.TestSuiteExecutor.accessTestCaseMainPhase(TestSuiteExecutor.java:169)
	at com.kms.katalon.core.main.TestSuiteExecutor.accessTestSuiteMainPhase(TestSuiteExecutor.java:142)
	at com.kms.katalon.core.main.TestSuiteExecutor.execute(TestSuiteExecutor.java:91)
	at com.kms.katalon.core.main.TestCaseMain.startTestSuite(TestCaseMain.java:157)
	at com.kms.katalon.core.main.TestCaseMain$startTestSuite$0.call(Unknown Source)
	at TempTestSuite1587982979154.run(TempTestSuite1587982979154.groovy:37)
)

2020-04-27 11:44:03 - [TEST_STEP][PASSED] - verifyTextPresent(findTestData("searchTestData").getValue("mobile", row), false, CONTINUE_ON_FAILURE): Text '07712 401461' is present on page 

2020-04-27 11:44:04 - [MESSAGE][PASSED] - Text '07712 401461' is present on page 

2020-04-27 11:44:04 - [TEST_STEP][PASSED] - verifyTextPresent(findTestData("searchTestData").getValue("contact", row), false, CONTINUE_ON_FAILURE): Text '01777 228982' is present on page 

2020-04-27 11:44:04 - [MESSAGE][PASSED] - Text '01777 228982' is present on page 

2020-04-27 11:44:04 - [TEST_STEP][PASSED] - verifyTextPresent(findTestData("searchTestData").getValue("email", row), false, CONTINUE_ON_FAILURE): Text 'info@burtonelectricalservices.net' is present on page 

2020-04-27 11:44:05 - [MESSAGE][PASSED] - Text 'info@burtonelectricalservices.net' is present on page 

2020-04-27 11:44:05 - [TEST_STEP][PASSED] - verifyTextPresent(findTestData("searchTestData").getValue("dob", row), false, CONTINUE_ON_FAILURE): Text 'DoB: 15/07/1989' is present on page 

2020-04-27 11:44:05 - [MESSAGE][PASSED] - Text 'DoB: 15/07/1989' is present on page 

2020-04-27 11:44:05 - [TEST_STEP][PASSED] - verifyTextPresent(findTestData("searchTestData").getValue("catID", row), false, CONTINUE_ON_FAILURE): Text '402921' is present on page 

2020-04-27 11:44:06 - [MESSAGE][PASSED] - Text '402921' is present on page 

2020-04-27 11:44:06 - [MESSAGE][WARNING] - Unable to call Test Case 'Test Cases/Reusable_Test_Sequences/Web_Office/Verification/Trader_Record' (Root cause: com.kms.katalon.core.exception.StepFailedException: Call Test Case 'Test Cases/Reusable_Test_Sequences/Web_Office/Verification/Trader_Record' failed
	at com.kms.katalon.core.keyword.builtin.CallTestCaseKeyword$_callTestCase_closure1.doCall(CallTestCaseKeyword.groovy:63)
	at com.kms.katalon.core.keyword.builtin.CallTestCaseKeyword$_callTestCase_closure1.call(CallTestCaseKeyword.groovy)
	at com.kms.katalon.core.keyword.internal.KeywordMain.runKeyword(KeywordMain.groovy:68)
	at com.kms.katalon.core.keyword.builtin.CallTestCaseKeyword.callTestCase(CallTestCaseKeyword.groovy:81)
	at com.kms.katalon.core.keyword.builtin.CallTestCaseKeyword.execute(CallTestCaseKeyword.groovy:44)
	at com.kms.katalon.core.keyword.internal.KeywordExecutor.executeKeywordForPlatform(KeywordExecutor.groovy:72)
	at com.kms.katalon.core.keyword.BuiltinKeywords.callTestCase(BuiltinKeywords.groovy:334)
	at WebOffice_Header_Search.run(WebOffice_Header_Search:65)
	at com.kms.katalon.core.main.ScriptEngine.run(ScriptEngine.java:194)
	at com.kms.katalon.core.main.ScriptEngine.runScriptAsRawText(ScriptEngine.java:119)
	at com.kms.katalon.core.main.TestCaseExecutor.runScript(TestCaseExecutor.java:337)
	at com.kms.katalon.core.main.TestCaseExecutor.doExecute(TestCaseExecutor.java:328)
	at com.kms.katalon.core.main.TestCaseExecutor.processExecutionPhase(TestCaseExecutor.java:307)
	at com.kms.katalon.core.main.TestCaseExecutor.accessMainPhase(TestCaseExecutor.java:299)
	at com.kms.katalon.core.main.TestCaseExecutor.execute(TestCaseExecutor.java:233)
	at com.kms.katalon.core.main.TestSuiteExecutor.accessTestCaseMainPhase(TestSuiteExecutor.java:169)
	at com.kms.katalon.core.main.TestSuiteExecutor.accessTestSuiteMainPhase(TestSuiteExecutor.java:142)
	at com.kms.katalon.core.main.TestSuiteExecutor.execute(TestSuiteExecutor.java:91)
	at com.kms.katalon.core.main.TestCaseMain.startTestSuite(TestCaseMain.java:157)
	at com.kms.katalon.core.main.TestCaseMain$startTestSuite$0.call(Unknown Source)
	at TempTestSuite1587982979154.run(TempTestSuite1587982979154.groovy:37)
Caused by: com.kms.katalon.core.exception.StepFailedException: Text 'Unit 4, Dukeries Court, Hallcroft Industrial Estate, Retford, Nottinghamshire, DN22 7PX' is not present on page  (Root cause: com.kms.katalon.core.exception.StepFailedException: Text 'Unit 4, Dukeries Court, Hallcroft Industrial Estate, Retford, Nottinghamshire, DN22 7PX' is not present on page 
	at com.kms.katalon.core.webui.keyword.internal.WebUIKeywordMain.stepFailed(WebUIKeywordMain.groovy:64)
	at com.kms.katalon.core.webui.keyword.builtin.VerifyTextPresentKeyword$_verifyTextPresent_closure1.doCall(VerifyTextPresentKeyword.groovy:79)
	at com.kms.katalon.core.webui.keyword.builtin.VerifyTextPresentKeyword$_verifyTextPresent_closure1.call(VerifyTextPresentKeyword.groovy)
	at com.kms.katalon.core.webui.keyword.internal.WebUIKeywordMain.runKeyword(WebUIKeywordMain.groovy:20)
	at com.kms.katalon.core.webui.keyword.builtin.VerifyTextPresentKeyword.verifyTextPresent(VerifyTextPresentKeyword.groovy:83)
	at com.kms.katalon.core.webui.keyword.builtin.VerifyTextPresentKeyword.execute(VerifyTextPresentKeyword.groovy:68)
	at com.kms.katalon.core.keyword.internal.KeywordExecutor.executeKeywordForPlatform(KeywordExecutor.groovy:72)
	at com.kms.katalon.core.webui.keyword.WebUiBuiltInKeywords.verifyTextPresent(WebUiBuiltInKeywords.groovy:1703)
	at com.kms.katalon.core.webui.keyword.WebUiBuiltInKeywords$verifyTextPresent$11.call(Unknown Source)
	at Trader_Record.run(Trader_Record:62)
	at com.kms.katalon.core.main.ScriptEngine.run(ScriptEngine.java:194)
	at com.kms.katalon.core.main.ScriptEngine.runScriptAsRawText(ScriptEngine.java:119)
	at com.kms.katalon.core.main.TestCaseExecutor.runScript(TestCaseExecutor.java:337)
	at com.kms.katalon.core.main.TestCaseExecutor.doExecute(TestCaseExecutor.java:328)
	at com.kms.katalon.core.main.TestCaseExecutor.processExecutionPhase(TestCaseExecutor.java:307)
	at com.kms.katalon.core.main.TestCaseExecutor.accessMainPhase(TestCaseExecutor.java:299)
	at com.kms.katalon.core.main.TestCaseExecutor.execute(TestCaseExecutor.java:233)
	at com.kms.katalon.core.main.TestCaseMain.runTestCase(TestCaseMain.java:114)
	at com.kms.katalon.core.keyword.builtin.CallTestCaseKeyword$_callTestCase_closure1.doCall(CallTestCaseKeyword.groovy:59)
	at com.kms.katalon.core.keyword.builtin.CallTestCaseKeyword$_callTestCase_closure1.call(CallTestCaseKeyword.groovy)
	at com.kms.katalon.core.keyword.internal.KeywordMain.runKeyword(KeywordMain.groovy:68)
	at com.kms.katalon.core.keyword.builtin.CallTestCaseKeyword.callTestCase(CallTestCaseKeyword.groovy:81)
	at com.kms.katalon.core.keyword.builtin.CallTestCaseKeyword.execute(CallTestCaseKeyword.groovy:44)
	at com.kms.katalon.core.keyword.internal.KeywordExecutor.executeKeywordForPlatform(KeywordExecutor.groovy:72)
	at com.kms.katalon.core.keyword.BuiltinKeywords.callTestCase(BuiltinKeywords.groovy:334)
	at WebOffice_Header_Search.run(WebOffice_Header_Search:65)
	at com.kms.katalon.core.main.ScriptEngine.run(ScriptEngine.java:194)
	at com.kms.katalon.core.main.ScriptEngine.runScriptAsRawText(ScriptEngine.java:119)
	at com.kms.katalon.core.main.TestCaseExecutor.runScript(TestCaseExecutor.java:337)
	at com.kms.katalon.core.main.TestCaseExecutor.doExecute(TestCaseExecutor.java:328)
	at com.kms.katalon.core.main.TestCaseExecutor.processExecutionPhase(TestCaseExecutor.java:307)
	at com.kms.katalon.core.main.TestCaseExecutor.accessMainPhase(TestCaseExecutor.java:299)
	at com.kms.katalon.core.main.TestCaseExecutor.execute(TestCaseExecutor.java:233)
	at com.kms.katalon.core.main.TestSuiteExecutor.accessTestCaseMainPhase(TestSuiteExecutor.java:169)
	at com.kms.katalon.core.main.TestSuiteExecutor.accessTestSuiteMainPhase(TestSuiteExecutor.java:142)
	at com.kms.katalon.core.main.TestSuiteExecutor.execute(TestSuiteExecutor.java:91)
	at com.kms.katalon.core.main.TestCaseMain.startTestSuite(TestCaseMain.java:157)
	at com.kms.katalon.core.main.TestCaseMain$startTestSuite$0.call(Unknown Source)
	at TempTestSuite1587982979154.run(TempTestSuite1587982979154.groovy:37)
)
	at com.kms.katalon.core.keyword.internal.KeywordMain.stepFailed(KeywordMain.groovy:39)
	at com.kms.katalon.core.webui.keyword.internal.WebUIKeywordMain.stepFailed(WebUIKeywordMain.groovy:64)
	at com.kms.katalon.core.webui.keyword.builtin.VerifyTextPresentKeyword$_verifyTextPresent_closure1.doCall(VerifyTextPresentKeyword.groovy:79)
	at com.kms.katalon.core.webui.keyword.builtin.VerifyTextPresentKeyword$_verifyTextPresent_closure1.call(VerifyTextPresentKeyword.groovy)
	at com.kms.katalon.core.webui.keyword.internal.WebUIKeywordMain.runKeyword(WebUIKeywordMain.groovy:20)
	at com.kms.katalon.core.webui.keyword.builtin.VerifyTextPresentKeyword.verifyTextPresent(VerifyTextPresentKeyword.groovy:83)
	at com.kms.katalon.core.webui.keyword.builtin.VerifyTextPresentKeyword.execute(VerifyTextPresentKeyword.groovy:68)
	at com.kms.katalon.core.keyword.internal.KeywordExecutor.executeKeywordForPlatform(KeywordExecutor.groovy:72)
	at com.kms.katalon.core.webui.keyword.WebUiBuiltInKeywords.verifyTextPresent(WebUiBuiltInKeywords.groovy:1703)
	at com.kms.katalon.core.webui.keyword.WebUiBuiltInKeywords$verifyTextPresent$11.call(Unknown Source)
	at Trader_Record.run(Trader_Record:62)
	at com.kms.katalon.core.main.ScriptEngine.run(ScriptEngine.java:194)
	at com.kms.katalon.core.main.ScriptEngine.runScriptAsRawText(ScriptEngine.java:119)
	at com.kms.katalon.core.main.TestCaseExecutor.runScript(TestCaseExecutor.java:337)
	at com.kms.katalon.core.main.TestCaseExecutor.doExecute(TestCaseExecutor.java:328)
	at com.kms.katalon.core.main.TestCaseExecutor.processExecutionPhase(TestCaseExecutor.java:307)
	at com.kms.katalon.core.main.TestCaseExecutor.accessMainPhase(TestCaseExecutor.java:299)
	at com.kms.katalon.core.main.TestCaseExecutor.execute(TestCaseExecutor.java:233)
	at com.kms.katalon.core.main.TestCaseMain.runTestCase(TestCaseMain.java:114)
	at com.kms.katalon.core.keyword.builtin.CallTestCaseKeyword$_callTestCase_closure1.doCall(CallTestCaseKeyword.groovy:59)
	... 20 more
Caused by: com.kms.katalon.core.exception.StepFailedException: Text 'Unit 4, Dukeries Court, Hallcroft Industrial Estate, Retford, Nottinghamshire, DN22 7PX' is not present on page 
	... 39 more
)

2020-04-27 11:44:06 - [TEST_STEP][PASSED] - "--------------------------": null

2020-04-27 11:44:06 - [TEST_STEP][PASSED] - " Teardown - CLose Browser |": null

2020-04-27 11:44:06 - [TEST_STEP][PASSED] - callTestCase(findTestCase("Reusable_Test_Sequences/CAT_Teardown"), [:], OPTIONAL): Call Test Case 'Test Cases/Reusable_Test_Sequences/CAT_Teardown' successfully

2020-04-27 11:44:06 - [TEST_CASE][PASSED] - Test Cases/Reusable_Test_Sequences/CAT_Teardown: Test Cases/Reusable_Test_Sequences/CAT_Teardown

2020-04-27 11:44:06 - [TEST_STEP][PASSED] - closeBrowser(): Browser is closed

2020-04-27 11:44:07 - [MESSAGE][PASSED] - Browser is closed

2020-04-27 11:44:07 - [TEST_STEP][PASSED] - super.finalize(): null

2020-04-27 11:44:07 - [TEST_STEP][PASSED] - System.gc(): null

2020-04-27 11:44:07 - [MESSAGE][PASSED] - Call Test Case 'Test Cases/Reusable_Test_Sequences/CAT_Teardown' successfully

2020-04-27 11:44:07 - [TEST_STEP][PASSED] - "--------------------------------------": null

2020-04-27 11:44:07 - [TEST_STEP][PASSED] - " Web Office StartUp                  |": null

2020-04-27 11:44:07 - [TEST_STEP][PASSED] - callTestCase(findTestCase("Reusable_Test_Sequences/Web_Office/Directives/WebOffice_StartUp"), [:], STOP_ON_FAILURE): Call Test Case 'Test Cases/Reusable_Test_Sequences/Web_Office/Directives/WebOffice_StartUp' successfully

2020-04-27 11:44:07 - [TEST_CASE][PASSED] - Test Cases/Reusable_Test_Sequences/Web_Office/Directives/WebOffice_StartUp: Test Cases/Reusable_Test_Sequences/Web_Office/Directives/WebOffice_StartUp

2020-04-27 11:44:07 - [TEST_STEP][PASSED] - "-----------------------------------------------------------------------------": null

2020-04-27 11:44:07 - [TEST_STEP][PASSED] - if (URL == "https://www.dev.checkatrade.com/"): null

2020-04-27 11:44:07 - [TEST_STEP][PASSED] - "-----------------------------------------------------------------------------": null

2020-04-27 11:44:07 - [TEST_STEP][PASSED] - if (URL == "https://www.checkatrade.com/"): null

2020-04-27 11:44:07 - [TEST_STEP][PASSED] - "-----------------------------------------------------------------------------": null

2020-04-27 11:44:07 - [TEST_STEP][PASSED] - if (URL == "https://www.preview.checkatrade.com/"): null

2020-04-27 11:44:07 - [TEST_STEP][PASSED] - WebOfficeURL = "https://admin.preview.checkatrade.com/": null

2020-04-27 11:44:07 - [TEST_STEP][PASSED] - if (URL == "https://www.dev2.checkatrade.com/"): null

2020-04-27 11:44:07 - [TEST_STEP][PASSED] - "Set Function Area for "URL_Handler", URL Resolution": null

2020-04-27 11:44:07 - [TEST_STEP][PASSED] - "Do Some Magic with URL(s) See the comments within URL Handler ": null

2020-04-27 11:44:07 - [TEST_STEP][PASSED] - "------------------------------------------------": null

2020-04-27 11:44:07 - [TEST_STEP][PASSED] - "Moved Login Credentials to <Default> profile 22/01/2020": null

2020-04-27 11:44:07 - [TEST_STEP][PASSED] - "------------------------------------------------": null

2020-04-27 11:44:07 - [TEST_STEP][PASSED] - "WebOfficeURL - Set from the ENVIRONMENT PROFILE ": null

2020-04-27 11:44:07 - [TEST_STEP][PASSED] - "OPEN BROWSER": null

2020-04-27 11:44:07 - [TEST_STEP][PASSED] - "eg - https://admin.preview.checkatrade.com/  ": null

2020-04-27 11:44:07 - [TEST_STEP][PASSED] - openBrowser(WebOfficeURL): Browser is opened with url: 'https://admin.preview.checkatrade.com/'

2020-04-27 11:44:07 - [MESSAGE][INFO] - Starting 'Chrome' driver

2020-04-27 11:44:07 - [MESSAGE][INFO] - Action delay is set to 0 milliseconds

2020-04-27 11:44:12 - [MESSAGE][PASSED] - Browser is opened with url: 'https://admin.preview.checkatrade.com/'

2020-04-27 11:44:12 - [TEST_STEP][PASSED] - maximizeWindow(): Current window maximized

2020-04-27 11:44:15 - [MESSAGE][PASSED] - Current window maximized

2020-04-27 11:44:15 - [TEST_STEP][PASSED] - waitForElementClickable(findTestObject("Object Repository/WebOffice/Page_Checkatrade - Administration - Login/Login_Button"), 25): Object 'Object Repository/WebOffice/Page_Checkatrade - Administration - Login/Login_Button' is clickable

2020-04-27 11:44:15 - [MESSAGE][PASSED] - Object 'Object Repository/WebOffice/Page_Checkatrade - Administration - Login/Login_Button' is clickable

2020-04-27 11:44:15 - [TEST_STEP][PASSED] - verifyTextPresent("Checkatrade Web Office", false): Text 'Checkatrade Web Office' is present on page 

2020-04-27 11:44:15 - [MESSAGE][PASSED] - Text 'Checkatrade Web Office' is present on page 

2020-04-27 11:44:15 - [TEST_STEP][PASSED] - verifyTextPresent("Access for staff use only", false): Text 'Access for staff use only' is present on page 

2020-04-27 11:44:15 - [MESSAGE][PASSED] - Text 'Access for staff use only' is present on page 

2020-04-27 11:44:15 - [TEST_STEP][PASSED] - verifyTextPresent("Forgotten password?", false): Text 'Forgotten password?' is present on page 

2020-04-27 11:44:15 - [MESSAGE][PASSED] - Text 'Forgotten password?' is present on page 

2020-04-27 11:44:15 - [TEST_STEP][PASSED] - setText(findTestObject("Object Repository/WebOffice/Page_Checkatrade - Administration - Login/input_Username_LoginControlUserName"), wo_Username): Text 'DavidHo' is set on object 'Object Repository/WebOffice/Page_Checkatrade - Administration - Login/input_Username_LoginControlUserName'

2020-04-27 11:44:15 - [MESSAGE][PASSED] - Text 'DavidHo' is set on object 'Object Repository/WebOffice/Page_Checkatrade - Administration - Login/input_Username_LoginControlUserName'

2020-04-27 11:44:15 - [TEST_STEP][PASSED] - setText(findTestObject("Object Repository/WebOffice/Page_Checkatrade - Administration - Login/input_Password_LoginControlPassword"), wo_Password): Text 'Check123' is set on object 'Object Repository/WebOffice/Page_Checkatrade - Administration - Login/input_Password_LoginControlPassword'

2020-04-27 11:44:15 - [MESSAGE][PASSED] - Text 'Check123' is set on object 'Object Repository/WebOffice/Page_Checkatrade - Administration - Login/input_Password_LoginControlPassword'

2020-04-27 11:44:15 - [TEST_STEP][PASSED] - click(findTestObject("Object Repository/WebOffice/Page_Checkatrade - Administration - Login/Login_Button")): Object: 'Object Repository/WebOffice/Page_Checkatrade - Administration - Login/Login_Button' is clicked on

2020-04-27 11:44:17 - [MESSAGE][PASSED] - Object: 'Object Repository/WebOffice/Page_Checkatrade - Administration - Login/Login_Button' is clicked on

2020-04-27 11:44:17 - [TEST_STEP][PASSED] - waitForPageLoad(60): Wait for page load successfully

2020-04-27 11:44:17 - [MESSAGE][PASSED] - Wait for page load successfully

2020-04-27 11:44:17 - [TEST_STEP][PASSED] - verifyTextPresent("Welcome " + wo_Username, false): Text 'Welcome DavidHo' is present on page 

2020-04-27 11:44:18 - [MESSAGE][PASSED] - Text 'Welcome DavidHo' is present on page 

2020-04-27 11:44:18 - [MESSAGE][PASSED] - Call Test Case 'Test Cases/Reusable_Test_Sequences/Web_Office/Directives/WebOffice_StartUp' successfully

2020-04-27 11:44:18 - [TEST_STEP][PASSED] - "--------------------------------------": null

2020-04-27 11:44:18 - [TEST_STEP][PASSED] - " Home Page - Search                   |": null

2020-04-27 11:44:18 - [TEST_STEP][PASSED] - callTestCase(findTestCase("Reusable_Test_Sequences/Web_Office/Home_Page_Search"), [:], STOP_ON_FAILURE): Call Test Case 'Test Cases/Reusable_Test_Sequences/Web_Office/Home_Page_Search' successfully

2020-04-27 11:44:18 - [TEST_CASE][PASSED] - Test Cases/Reusable_Test_Sequences/Web_Office/Home_Page_Search: Test Cases/Reusable_Test_Sequences/Web_Office/Home_Page_Search

2020-04-27 11:44:18 - [TEST_STEP][PASSED] - setText(findTestObject("Object Repository/WebOffice_Home_page/input_Search_Criteria"), findTestData("searchTestData").getValue("Search_Selector", row)): Text 'Planvale Services' is set on object 'Object Repository/WebOffice_Home_page/input_Search_Criteria'

2020-04-27 11:44:19 - [MESSAGE][PASSED] - Text 'Planvale Services' is set on object 'Object Repository/WebOffice_Home_page/input_Search_Criteria'

2020-04-27 11:44:19 - [TEST_STEP][PASSED] - delay(1): Delayed 1 second(s)

2020-04-27 11:44:20 - [MESSAGE][PASSED] - Delayed 1 second(s)

2020-04-27 11:44:20 - [TEST_STEP][PASSED] - click(findTestObject("Object Repository/WebOffice_Home_page/popout_Search_Item")): Object: 'Object Repository/WebOffice_Home_page/popout_Search_Item' is clicked on

2020-04-27 11:44:23 - [MESSAGE][PASSED] - Object: 'Object Repository/WebOffice_Home_page/popout_Search_Item' is clicked on

2020-04-27 11:44:23 - [TEST_STEP][PASSED] - waitForPageLoad(60): Wait for page load successfully

2020-04-27 11:44:23 - [MESSAGE][PASSED] - Wait for page load successfully

2020-04-27 11:44:23 - [MESSAGE][PASSED] - Call Test Case 'Test Cases/Reusable_Test_Sequences/Web_Office/Home_Page_Search' successfully

2020-04-27 11:44:23 - [TEST_STEP][PASSED] - "--------------------------------------": null

2020-04-27 11:44:23 - [TEST_STEP][PASSED] - " Web Office - Verify Returned Record  |": null

2020-04-27 11:44:23 - [TEST_STEP][PASSED] - callTestCase(findTestCase("Reusable_Test_Sequences/Web_Office/Verification/Trader_Record"), [:], OPTIONAL): Call Test Case 'Test Cases/Reusable_Test_Sequences/Web_Office/Verification/Trader_Record' successfully

2020-04-27 11:44:23 - [TEST_CASE][PASSED] - Test Cases/Reusable_Test_Sequences/Web_Office/Verification/Trader_Record: Test Cases/Reusable_Test_Sequences/Web_Office/Verification/Trader_Record

2020-04-27 11:44:23 - [TEST_STEP][PASSED] - verifyTextPresent(findTestData("searchTestData").getValue("tradeName", row), false, CONTINUE_ON_FAILURE): Text 'Planvale Services' is present on page 

2020-04-27 11:44:24 - [MESSAGE][PASSED] - Text 'Planvale Services' is present on page 

2020-04-27 11:44:24 - [TEST_STEP][PASSED] - verifyTextPresent(findTestData("searchTestData").getValue("primeContact", row), false, CONTINUE_ON_FAILURE): Text 'Andrew Whitaker' is present on page 

2020-04-27 11:44:25 - [MESSAGE][PASSED] - Text 'Andrew Whitaker' is present on page 

2020-04-27 11:44:25 - [TEST_STEP][PASSED] - verifyTextPresent(findTestData("searchTestData").getValue("address", row), false, CONTINUE_ON_FAILURE): Text '66 Tony Humphries Road, Banbury, Oxfordshire, OX16 0FF' is present on page 

2020-04-27 11:44:25 - [MESSAGE][PASSED] - Text '66 Tony Humphries Road, Banbury, Oxfordshire, OX16 0FF' is present on page 

2020-04-27 11:44:25 - [TEST_STEP][PASSED] - verifyTextPresent(findTestData("searchTestData").getValue("mobile", row), false, CONTINUE_ON_FAILURE): Text '07960 633438' is present on page 

2020-04-27 11:44:26 - [MESSAGE][PASSED] - Text '07960 633438' is present on page 

2020-04-27 11:44:26 - [TEST_STEP][PASSED] - verifyTextPresent(findTestData("searchTestData").getValue("contact", row), false, CONTINUE_ON_FAILURE): Text '020 3686 0529' is present on page 

2020-04-27 11:44:27 - [MESSAGE][PASSED] - Text '020 3686 0529' is present on page 

2020-04-27 11:44:27 - [TEST_STEP][PASSED] - verifyTextPresent(findTestData("searchTestData").getValue("email", row), false, CONTINUE_ON_FAILURE): Text 'andrewwhitaker2009@hotmail.co.uk' is present on page 

2020-04-27 11:44:28 - [MESSAGE][PASSED] - Text 'andrewwhitaker2009@hotmail.co.uk' is present on page 

2020-04-27 11:44:28 - [TEST_STEP][PASSED] - verifyTextPresent(findTestData("searchTestData").getValue("dob", row), false, CONTINUE_ON_FAILURE): Text 'DoB: 25/02/1974' is present on page 

2020-04-27 11:44:29 - [MESSAGE][PASSED] - Text 'DoB: 25/02/1974' is present on page 

2020-04-27 11:44:29 - [TEST_STEP][PASSED] - verifyTextPresent(findTestData("searchTestData").getValue("catID", row), false, CONTINUE_ON_FAILURE): Text '308682' is present on page 

2020-04-27 11:44:29 - [MESSAGE][PASSED] - Text '308682' is present on page 

2020-04-27 11:44:29 - [MESSAGE][PASSED] - Call Test Case 'Test Cases/Reusable_Test_Sequences/Web_Office/Verification/Trader_Record' successfully

2020-04-27 11:44:29 - [TEST_STEP][PASSED] - "--------------------------": null

2020-04-27 11:44:29 - [TEST_STEP][PASSED] - " Teardown - CLose Browser |": null

2020-04-27 11:44:29 - [TEST_STEP][PASSED] - callTestCase(findTestCase("Reusable_Test_Sequences/CAT_Teardown"), [:], OPTIONAL): Call Test Case 'Test Cases/Reusable_Test_Sequences/CAT_Teardown' successfully

2020-04-27 11:44:29 - [TEST_CASE][PASSED] - Test Cases/Reusable_Test_Sequences/CAT_Teardown: Test Cases/Reusable_Test_Sequences/CAT_Teardown

2020-04-27 11:44:29 - [TEST_STEP][PASSED] - closeBrowser(): Browser is closed

2020-04-27 11:44:30 - [MESSAGE][PASSED] - Browser is closed

2020-04-27 11:44:30 - [TEST_STEP][PASSED] - super.finalize(): null

2020-04-27 11:44:30 - [TEST_STEP][PASSED] - System.gc(): null

2020-04-27 11:44:30 - [MESSAGE][PASSED] - Call Test Case 'Test Cases/Reusable_Test_Sequences/CAT_Teardown' successfully

2020-04-27 11:44:30 - [TEST_STEP][PASSED] - "--------------------------------------": null

2020-04-27 11:44:30 - [TEST_STEP][PASSED] - " Web Office StartUp                  |": null

2020-04-27 11:44:30 - [TEST_STEP][PASSED] - callTestCase(findTestCase("Reusable_Test_Sequences/Web_Office/Directives/WebOffice_StartUp"), [:], STOP_ON_FAILURE): Call Test Case 'Test Cases/Reusable_Test_Sequences/Web_Office/Directives/WebOffice_StartUp' successfully

2020-04-27 11:44:30 - [TEST_CASE][PASSED] - Test Cases/Reusable_Test_Sequences/Web_Office/Directives/WebOffice_StartUp: Test Cases/Reusable_Test_Sequences/Web_Office/Directives/WebOffice_StartUp

2020-04-27 11:44:30 - [TEST_STEP][PASSED] - "-----------------------------------------------------------------------------": null

2020-04-27 11:44:30 - [TEST_STEP][PASSED] - if (URL == "https://www.dev.checkatrade.com/"): null

2020-04-27 11:44:30 - [TEST_STEP][PASSED] - "-----------------------------------------------------------------------------": null

2020-04-27 11:44:30 - [TEST_STEP][PASSED] - if (URL == "https://www.checkatrade.com/"): null

2020-04-27 11:44:30 - [TEST_STEP][PASSED] - "-----------------------------------------------------------------------------": null

2020-04-27 11:44:30 - [TEST_STEP][PASSED] - if (URL == "https://www.preview.checkatrade.com/"): null

2020-04-27 11:44:30 - [TEST_STEP][PASSED] - WebOfficeURL = "https://admin.preview.checkatrade.com/": null

2020-04-27 11:44:30 - [TEST_STEP][PASSED] - if (URL == "https://www.dev2.checkatrade.com/"): null

2020-04-27 11:44:30 - [TEST_STEP][PASSED] - "Set Function Area for "URL_Handler", URL Resolution": null

2020-04-27 11:44:30 - [TEST_STEP][PASSED] - "Do Some Magic with URL(s) See the comments within URL Handler ": null

2020-04-27 11:44:30 - [TEST_STEP][PASSED] - "------------------------------------------------": null

2020-04-27 11:44:30 - [TEST_STEP][PASSED] - "Moved Login Credentials to <Default> profile 22/01/2020": null

2020-04-27 11:44:30 - [TEST_STEP][PASSED] - "------------------------------------------------": null

2020-04-27 11:44:30 - [TEST_STEP][PASSED] - "WebOfficeURL - Set from the ENVIRONMENT PROFILE ": null

2020-04-27 11:44:30 - [TEST_STEP][PASSED] - "OPEN BROWSER": null

2020-04-27 11:44:30 - [TEST_STEP][PASSED] - "eg - https://admin.preview.checkatrade.com/  ": null

2020-04-27 11:44:30 - [TEST_STEP][PASSED] - openBrowser(WebOfficeURL): Browser is opened with url: 'https://admin.preview.checkatrade.com/'

2020-04-27 11:44:30 - [MESSAGE][INFO] - Starting 'Chrome' driver

2020-04-27 11:44:30 - [MESSAGE][INFO] - Action delay is set to 0 milliseconds

2020-04-27 11:44:36 - [MESSAGE][PASSED] - Browser is opened with url: 'https://admin.preview.checkatrade.com/'

2020-04-27 11:44:36 - [TEST_STEP][PASSED] - maximizeWindow(): Current window maximized

2020-04-27 11:44:38 - [MESSAGE][PASSED] - Current window maximized

2020-04-27 11:44:38 - [TEST_STEP][PASSED] - waitForElementClickable(findTestObject("Object Repository/WebOffice/Page_Checkatrade - Administration - Login/Login_Button"), 25): Object 'Object Repository/WebOffice/Page_Checkatrade - Administration - Login/Login_Button' is clickable

2020-04-27 11:44:38 - [MESSAGE][PASSED] - Object 'Object Repository/WebOffice/Page_Checkatrade - Administration - Login/Login_Button' is clickable

2020-04-27 11:44:38 - [TEST_STEP][PASSED] - verifyTextPresent("Checkatrade Web Office", false): Text 'Checkatrade Web Office' is present on page 

2020-04-27 11:44:38 - [MESSAGE][PASSED] - Text 'Checkatrade Web Office' is present on page 

2020-04-27 11:44:38 - [TEST_STEP][PASSED] - verifyTextPresent("Access for staff use only", false): Text 'Access for staff use only' is present on page 

2020-04-27 11:44:39 - [MESSAGE][PASSED] - Text 'Access for staff use only' is present on page 

2020-04-27 11:44:39 - [TEST_STEP][PASSED] - verifyTextPresent("Forgotten password?", false): Text 'Forgotten password?' is present on page 

2020-04-27 11:44:39 - [MESSAGE][PASSED] - Text 'Forgotten password?' is present on page 

2020-04-27 11:44:39 - [TEST_STEP][PASSED] - setText(findTestObject("Object Repository/WebOffice/Page_Checkatrade - Administration - Login/input_Username_LoginControlUserName"), wo_Username): Text 'DavidHo' is set on object 'Object Repository/WebOffice/Page_Checkatrade - Administration - Login/input_Username_LoginControlUserName'

2020-04-27 11:44:39 - [MESSAGE][PASSED] - Text 'DavidHo' is set on object 'Object Repository/WebOffice/Page_Checkatrade - Administration - Login/input_Username_LoginControlUserName'

2020-04-27 11:44:39 - [TEST_STEP][PASSED] - setText(findTestObject("Object Repository/WebOffice/Page_Checkatrade - Administration - Login/input_Password_LoginControlPassword"), wo_Password): Text 'Check123' is set on object 'Object Repository/WebOffice/Page_Checkatrade - Administration - Login/input_Password_LoginControlPassword'

2020-04-27 11:44:39 - [MESSAGE][PASSED] - Text 'Check123' is set on object 'Object Repository/WebOffice/Page_Checkatrade - Administration - Login/input_Password_LoginControlPassword'

2020-04-27 11:44:39 - [TEST_STEP][PASSED] - click(findTestObject("Object Repository/WebOffice/Page_Checkatrade - Administration - Login/Login_Button")): Object: 'Object Repository/WebOffice/Page_Checkatrade - Administration - Login/Login_Button' is clicked on

2020-04-27 11:44:40 - [MESSAGE][PASSED] - Object: 'Object Repository/WebOffice/Page_Checkatrade - Administration - Login/Login_Button' is clicked on

2020-04-27 11:44:40 - [TEST_STEP][PASSED] - waitForPageLoad(60): Wait for page load successfully

2020-04-27 11:44:40 - [MESSAGE][PASSED] - Wait for page load successfully

2020-04-27 11:44:40 - [TEST_STEP][PASSED] - verifyTextPresent("Welcome " + wo_Username, false): Text 'Welcome DavidHo' is present on page 

2020-04-27 11:44:40 - [MESSAGE][PASSED] - Text 'Welcome DavidHo' is present on page 

2020-04-27 11:44:40 - [MESSAGE][PASSED] - Call Test Case 'Test Cases/Reusable_Test_Sequences/Web_Office/Directives/WebOffice_StartUp' successfully

2020-04-27 11:44:40 - [TEST_STEP][PASSED] - "--------------------------------------": null

2020-04-27 11:44:40 - [TEST_STEP][PASSED] - " Home Page - Search                   |": null

2020-04-27 11:44:40 - [TEST_STEP][PASSED] - callTestCase(findTestCase("Reusable_Test_Sequences/Web_Office/Home_Page_Search"), [:], STOP_ON_FAILURE): Call Test Case 'Test Cases/Reusable_Test_Sequences/Web_Office/Home_Page_Search' successfully

2020-04-27 11:44:40 - [TEST_CASE][PASSED] - Test Cases/Reusable_Test_Sequences/Web_Office/Home_Page_Search: Test Cases/Reusable_Test_Sequences/Web_Office/Home_Page_Search

2020-04-27 11:44:40 - [TEST_STEP][PASSED] - setText(findTestObject("Object Repository/WebOffice_Home_page/input_Search_Criteria"), findTestData("searchTestData").getValue("Search_Selector", row)): Text '381198' is set on object 'Object Repository/WebOffice_Home_page/input_Search_Criteria'

2020-04-27 11:44:41 - [MESSAGE][PASSED] - Text '381198' is set on object 'Object Repository/WebOffice_Home_page/input_Search_Criteria'

2020-04-27 11:44:41 - [TEST_STEP][PASSED] - delay(1): Delayed 1 second(s)

2020-04-27 11:44:42 - [MESSAGE][PASSED] - Delayed 1 second(s)

2020-04-27 11:44:42 - [TEST_STEP][PASSED] - click(findTestObject("Object Repository/WebOffice_Home_page/popout_Search_Item")): Object: 'Object Repository/WebOffice_Home_page/popout_Search_Item' is clicked on

2020-04-27 11:44:45 - [MESSAGE][PASSED] - Object: 'Object Repository/WebOffice_Home_page/popout_Search_Item' is clicked on

2020-04-27 11:44:45 - [TEST_STEP][PASSED] - waitForPageLoad(60): Wait for page load successfully

2020-04-27 11:44:45 - [MESSAGE][PASSED] - Wait for page load successfully

2020-04-27 11:44:45 - [MESSAGE][PASSED] - Call Test Case 'Test Cases/Reusable_Test_Sequences/Web_Office/Home_Page_Search' successfully

2020-04-27 11:44:45 - [TEST_STEP][PASSED] - "--------------------------------------": null

2020-04-27 11:44:45 - [TEST_STEP][PASSED] - " Web Office - Verify Returned Record  |": null

2020-04-27 11:44:45 - [TEST_STEP][PASSED] - callTestCase(findTestCase("Reusable_Test_Sequences/Web_Office/Verification/Trader_Record"), [:], OPTIONAL): Call Test Case 'Test Cases/Reusable_Test_Sequences/Web_Office/Verification/Trader_Record' successfully

2020-04-27 11:44:45 - [TEST_CASE][PASSED] - Test Cases/Reusable_Test_Sequences/Web_Office/Verification/Trader_Record: Test Cases/Reusable_Test_Sequences/Web_Office/Verification/Trader_Record

2020-04-27 11:44:45 - [TEST_STEP][PASSED] - verifyTextPresent(findTestData("searchTestData").getValue("tradeName", row), false, CONTINUE_ON_FAILURE): Text 'Glazing Solutions' is present on page 

2020-04-27 11:44:46 - [MESSAGE][PASSED] - Text 'Glazing Solutions' is present on page 

2020-04-27 11:44:46 - [TEST_STEP][PASSED] - verifyTextPresent(findTestData("searchTestData").getValue("primeContact", row), false, CONTINUE_ON_FAILURE): Text 'Mr Scott Heyburn' is present on page 

2020-04-27 11:44:47 - [MESSAGE][PASSED] - Text 'Mr Scott Heyburn' is present on page 

2020-04-27 11:44:47 - [TEST_STEP][PASSED] - verifyTextPresent(findTestData("searchTestData").getValue("address", row), false, CONTINUE_ON_FAILURE): Text '19 St. Peters Close, Bognor Regis, PO21 5QA' is present on page 

2020-04-27 11:44:47 - [MESSAGE][PASSED] - Text '19 St. Peters Close, Bognor Regis, PO21 5QA' is present on page 

2020-04-27 11:44:47 - [TEST_STEP][PASSED] - verifyTextPresent(findTestData("searchTestData").getValue("mobile", row), false, CONTINUE_ON_FAILURE): Text '07739 534957' is present on page 

2020-04-27 11:44:48 - [MESSAGE][PASSED] - Text '07739 534957' is present on page 

2020-04-27 11:44:48 - [TEST_STEP][PASSED] - verifyTextPresent(findTestData("searchTestData").getValue("contact", row), false, CONTINUE_ON_FAILURE): Text '' is present on page 

2020-04-27 11:44:49 - [MESSAGE][PASSED] - Text '' is present on page 

2020-04-27 11:44:49 - [TEST_STEP][PASSED] - verifyTextPresent(findTestData("searchTestData").getValue("email", row), false, CONTINUE_ON_FAILURE): Text 'trpselsey@gmail.com' is present on page 

2020-04-27 11:44:49 - [MESSAGE][PASSED] - Text 'trpselsey@gmail.com' is present on page 

2020-04-27 11:44:49 - [TEST_STEP][PASSED] - verifyTextPresent(findTestData("searchTestData").getValue("dob", row), false, CONTINUE_ON_FAILURE): Text 'DoB: 06/04/1970' is present on page 

2020-04-27 11:44:50 - [MESSAGE][PASSED] - Text 'DoB: 06/04/1970' is present on page 

2020-04-27 11:44:50 - [TEST_STEP][PASSED] - verifyTextPresent(findTestData("searchTestData").getValue("catID", row), false, CONTINUE_ON_FAILURE): Text '381198' is present on page 

2020-04-27 11:44:50 - [MESSAGE][PASSED] - Text '381198' is present on page 

2020-04-27 11:44:50 - [MESSAGE][PASSED] - Call Test Case 'Test Cases/Reusable_Test_Sequences/Web_Office/Verification/Trader_Record' successfully

2020-04-27 11:44:50 - [TEST_STEP][PASSED] - "--------------------------": null

2020-04-27 11:44:50 - [TEST_STEP][PASSED] - " Teardown - CLose Browser |": null

2020-04-27 11:44:50 - [TEST_STEP][PASSED] - callTestCase(findTestCase("Reusable_Test_Sequences/CAT_Teardown"), [:], OPTIONAL): Call Test Case 'Test Cases/Reusable_Test_Sequences/CAT_Teardown' successfully

2020-04-27 11:44:50 - [TEST_CASE][PASSED] - Test Cases/Reusable_Test_Sequences/CAT_Teardown: Test Cases/Reusable_Test_Sequences/CAT_Teardown

2020-04-27 11:44:50 - [TEST_STEP][PASSED] - closeBrowser(): Browser is closed

2020-04-27 11:44:52 - [MESSAGE][PASSED] - Browser is closed

2020-04-27 11:44:52 - [TEST_STEP][PASSED] - super.finalize(): null

2020-04-27 11:44:52 - [TEST_STEP][PASSED] - System.gc(): null

2020-04-27 11:44:52 - [MESSAGE][PASSED] - Call Test Case 'Test Cases/Reusable_Test_Sequences/CAT_Teardown' successfully

2020-04-27 11:44:52 - [TEST_STEP][PASSED] - "--------------------------------------": null

2020-04-27 11:44:52 - [TEST_STEP][PASSED] - " Web Office StartUp                  |": null

2020-04-27 11:44:52 - [TEST_STEP][PASSED] - callTestCase(findTestCase("Reusable_Test_Sequences/Web_Office/Directives/WebOffice_StartUp"), [:], STOP_ON_FAILURE): Call Test Case 'Test Cases/Reusable_Test_Sequences/Web_Office/Directives/WebOffice_StartUp' successfully

2020-04-27 11:44:52 - [TEST_CASE][PASSED] - Test Cases/Reusable_Test_Sequences/Web_Office/Directives/WebOffice_StartUp: Test Cases/Reusable_Test_Sequences/Web_Office/Directives/WebOffice_StartUp

2020-04-27 11:44:52 - [TEST_STEP][PASSED] - "-----------------------------------------------------------------------------": null

2020-04-27 11:44:52 - [TEST_STEP][PASSED] - if (URL == "https://www.dev.checkatrade.com/"): null

2020-04-27 11:44:52 - [TEST_STEP][PASSED] - "-----------------------------------------------------------------------------": null

2020-04-27 11:44:52 - [TEST_STEP][PASSED] - if (URL == "https://www.checkatrade.com/"): null

2020-04-27 11:44:52 - [TEST_STEP][PASSED] - "-----------------------------------------------------------------------------": null

2020-04-27 11:44:52 - [TEST_STEP][PASSED] - if (URL == "https://www.preview.checkatrade.com/"): null

2020-04-27 11:44:52 - [TEST_STEP][PASSED] - WebOfficeURL = "https://admin.preview.checkatrade.com/": null

2020-04-27 11:44:52 - [TEST_STEP][PASSED] - if (URL == "https://www.dev2.checkatrade.com/"): null

2020-04-27 11:44:52 - [TEST_STEP][PASSED] - "Set Function Area for "URL_Handler", URL Resolution": null

2020-04-27 11:44:52 - [TEST_STEP][PASSED] - "Do Some Magic with URL(s) See the comments within URL Handler ": null

2020-04-27 11:44:52 - [TEST_STEP][PASSED] - "------------------------------------------------": null

2020-04-27 11:44:52 - [TEST_STEP][PASSED] - "Moved Login Credentials to <Default> profile 22/01/2020": null

2020-04-27 11:44:52 - [TEST_STEP][PASSED] - "------------------------------------------------": null

2020-04-27 11:44:52 - [TEST_STEP][PASSED] - "WebOfficeURL - Set from the ENVIRONMENT PROFILE ": null

2020-04-27 11:44:52 - [TEST_STEP][PASSED] - "OPEN BROWSER": null

2020-04-27 11:44:52 - [TEST_STEP][PASSED] - "eg - https://admin.preview.checkatrade.com/  ": null

2020-04-27 11:44:52 - [TEST_STEP][PASSED] - openBrowser(WebOfficeURL): Browser is opened with url: 'https://admin.preview.checkatrade.com/'

2020-04-27 11:44:52 - [MESSAGE][INFO] - Starting 'Chrome' driver

2020-04-27 11:44:52 - [MESSAGE][INFO] - Action delay is set to 0 milliseconds

2020-04-27 11:44:56 - [MESSAGE][PASSED] - Browser is opened with url: 'https://admin.preview.checkatrade.com/'

2020-04-27 11:44:56 - [TEST_STEP][PASSED] - maximizeWindow(): Current window maximized

2020-04-27 11:44:59 - [MESSAGE][PASSED] - Current window maximized

2020-04-27 11:44:59 - [TEST_STEP][PASSED] - waitForElementClickable(findTestObject("Object Repository/WebOffice/Page_Checkatrade - Administration - Login/Login_Button"), 25): Object 'Object Repository/WebOffice/Page_Checkatrade - Administration - Login/Login_Button' is clickable

2020-04-27 11:44:59 - [MESSAGE][PASSED] - Object 'Object Repository/WebOffice/Page_Checkatrade - Administration - Login/Login_Button' is clickable

2020-04-27 11:44:59 - [TEST_STEP][PASSED] - verifyTextPresent("Checkatrade Web Office", false): Text 'Checkatrade Web Office' is present on page 

2020-04-27 11:44:59 - [MESSAGE][PASSED] - Text 'Checkatrade Web Office' is present on page 

2020-04-27 11:44:59 - [TEST_STEP][PASSED] - verifyTextPresent("Access for staff use only", false): Text 'Access for staff use only' is present on page 

2020-04-27 11:44:59 - [MESSAGE][PASSED] - Text 'Access for staff use only' is present on page 

2020-04-27 11:44:59 - [TEST_STEP][PASSED] - verifyTextPresent("Forgotten password?", false): Text 'Forgotten password?' is present on page 

2020-04-27 11:44:59 - [MESSAGE][PASSED] - Text 'Forgotten password?' is present on page 

2020-04-27 11:44:59 - [TEST_STEP][PASSED] - setText(findTestObject("Object Repository/WebOffice/Page_Checkatrade - Administration - Login/input_Username_LoginControlUserName"), wo_Username): Text 'DavidHo' is set on object 'Object Repository/WebOffice/Page_Checkatrade - Administration - Login/input_Username_LoginControlUserName'

2020-04-27 11:44:59 - [MESSAGE][PASSED] - Text 'DavidHo' is set on object 'Object Repository/WebOffice/Page_Checkatrade - Administration - Login/input_Username_LoginControlUserName'

2020-04-27 11:44:59 - [TEST_STEP][PASSED] - setText(findTestObject("Object Repository/WebOffice/Page_Checkatrade - Administration - Login/input_Password_LoginControlPassword"), wo_Password): Text 'Check123' is set on object 'Object Repository/WebOffice/Page_Checkatrade - Administration - Login/input_Password_LoginControlPassword'

2020-04-27 11:44:59 - [MESSAGE][PASSED] - Text 'Check123' is set on object 'Object Repository/WebOffice/Page_Checkatrade - Administration - Login/input_Password_LoginControlPassword'

2020-04-27 11:44:59 - [TEST_STEP][PASSED] - click(findTestObject("Object Repository/WebOffice/Page_Checkatrade - Administration - Login/Login_Button")): Object: 'Object Repository/WebOffice/Page_Checkatrade - Administration - Login/Login_Button' is clicked on

2020-04-27 11:45:00 - [MESSAGE][PASSED] - Object: 'Object Repository/WebOffice/Page_Checkatrade - Administration - Login/Login_Button' is clicked on

2020-04-27 11:45:00 - [TEST_STEP][PASSED] - waitForPageLoad(60): Wait for page load successfully

2020-04-27 11:45:00 - [MESSAGE][PASSED] - Wait for page load successfully

2020-04-27 11:45:00 - [TEST_STEP][PASSED] - verifyTextPresent("Welcome " + wo_Username, false): Text 'Welcome DavidHo' is present on page 

2020-04-27 11:45:01 - [MESSAGE][PASSED] - Text 'Welcome DavidHo' is present on page 

2020-04-27 11:45:01 - [MESSAGE][PASSED] - Call Test Case 'Test Cases/Reusable_Test_Sequences/Web_Office/Directives/WebOffice_StartUp' successfully

2020-04-27 11:45:01 - [TEST_STEP][PASSED] - "--------------------------------------": null

2020-04-27 11:45:01 - [TEST_STEP][PASSED] - " Home Page - Search                   |": null

2020-04-27 11:45:01 - [TEST_STEP][PASSED] - callTestCase(findTestCase("Reusable_Test_Sequences/Web_Office/Home_Page_Search"), [:], STOP_ON_FAILURE): Call Test Case 'Test Cases/Reusable_Test_Sequences/Web_Office/Home_Page_Search' successfully

2020-04-27 11:45:01 - [TEST_CASE][PASSED] - Test Cases/Reusable_Test_Sequences/Web_Office/Home_Page_Search: Test Cases/Reusable_Test_Sequences/Web_Office/Home_Page_Search

2020-04-27 11:45:01 - [TEST_STEP][PASSED] - setText(findTestObject("Object Repository/WebOffice_Home_page/input_Search_Criteria"), findTestData("searchTestData").getValue("Search_Selector", row)): Text '07778 777641' is set on object 'Object Repository/WebOffice_Home_page/input_Search_Criteria'

2020-04-27 11:45:01 - [MESSAGE][PASSED] - Text '07778 777641' is set on object 'Object Repository/WebOffice_Home_page/input_Search_Criteria'

2020-04-27 11:45:01 - [TEST_STEP][PASSED] - delay(1): Delayed 1 second(s)

2020-04-27 11:45:02 - [MESSAGE][PASSED] - Delayed 1 second(s)

2020-04-27 11:45:02 - [TEST_STEP][PASSED] - click(findTestObject("Object Repository/WebOffice_Home_page/popout_Search_Item")): Object: 'Object Repository/WebOffice_Home_page/popout_Search_Item' is clicked on

2020-04-27 11:45:06 - [MESSAGE][PASSED] - Object: 'Object Repository/WebOffice_Home_page/popout_Search_Item' is clicked on

2020-04-27 11:45:06 - [TEST_STEP][PASSED] - waitForPageLoad(60): Wait for page load successfully

2020-04-27 11:45:06 - [MESSAGE][PASSED] - Wait for page load successfully

2020-04-27 11:45:06 - [MESSAGE][PASSED] - Call Test Case 'Test Cases/Reusable_Test_Sequences/Web_Office/Home_Page_Search' successfully

2020-04-27 11:45:06 - [TEST_STEP][PASSED] - "--------------------------------------": null

2020-04-27 11:45:06 - [TEST_STEP][PASSED] - " Web Office - Verify Returned Record  |": null

2020-04-27 11:45:06 - [TEST_STEP][PASSED] - callTestCase(findTestCase("Reusable_Test_Sequences/Web_Office/Verification/Trader_Record"), [:], OPTIONAL): Call Test Case 'Test Cases/Reusable_Test_Sequences/Web_Office/Verification/Trader_Record' successfully

2020-04-27 11:45:06 - [TEST_CASE][PASSED] - Test Cases/Reusable_Test_Sequences/Web_Office/Verification/Trader_Record: Test Cases/Reusable_Test_Sequences/Web_Office/Verification/Trader_Record

2020-04-27 11:45:06 - [TEST_STEP][PASSED] - verifyTextPresent(findTestData("searchTestData").getValue("tradeName", row), false, CONTINUE_ON_FAILURE): Text 'Autopics Garage Services' is present on page 

2020-04-27 11:45:07 - [MESSAGE][PASSED] - Text 'Autopics Garage Services' is present on page 

2020-04-27 11:45:07 - [TEST_STEP][PASSED] - verifyTextPresent(findTestData("searchTestData").getValue("primeContact", row), false, CONTINUE_ON_FAILURE): Text 'David Clarke & Lisamarie Holt' is present on page 

2020-04-27 11:45:08 - [MESSAGE][PASSED] - Text 'David Clarke & Lisamarie Holt' is present on page 

2020-04-27 11:45:08 - [TEST_STEP][PASSED] - verifyTextPresent(findTestData("searchTestData").getValue("address", row), false, CONTINUE_ON_FAILURE): Text 'Unit 15, Brookside Business Park, Brookside Avenue, Rustington, West Sussex, BN16 3LP' is present on page 

2020-04-27 11:45:08 - [MESSAGE][PASSED] - Text 'Unit 15, Brookside Business Park, Brookside Avenue, Rustington, West Sussex, BN16 3LP' is present on page 

2020-04-27 11:45:08 - [TEST_STEP][PASSED] - verifyTextPresent(findTestData("searchTestData").getValue("mobile", row), false, CONTINUE_ON_FAILURE): Text '07778 777641' is present on page 

2020-04-27 11:45:09 - [MESSAGE][PASSED] - Text '07778 777641' is present on page 

2020-04-27 11:45:09 - [TEST_STEP][PASSED] - verifyTextPresent(findTestData("searchTestData").getValue("contact", row), false, CONTINUE_ON_FAILURE): Text '01903 856016' is present on page 

2020-04-27 11:45:09 - [MESSAGE][PASSED] - Text '01903 856016' is present on page 

2020-04-27 11:45:09 - [TEST_STEP][PASSED] - verifyTextPresent(findTestData("searchTestData").getValue("email", row), false, CONTINUE_ON_FAILURE): Text 'sales@autopics.co.uk' is present on page 

2020-04-27 11:45:10 - [MESSAGE][PASSED] - Text 'sales@autopics.co.uk' is present on page 

2020-04-27 11:45:10 - [TEST_STEP][PASSED] - verifyTextPresent(findTestData("searchTestData").getValue("dob", row), false, CONTINUE_ON_FAILURE): Text 'DoB: 02/01/1965' is present on page 

2020-04-27 11:45:11 - [MESSAGE][PASSED] - Text 'DoB: 02/01/1965' is present on page 

2020-04-27 11:45:11 - [TEST_STEP][PASSED] - verifyTextPresent(findTestData("searchTestData").getValue("catID", row), false, CONTINUE_ON_FAILURE): Text '230761' is present on page 

2020-04-27 11:45:11 - [MESSAGE][PASSED] - Text '230761' is present on page 

2020-04-27 11:45:11 - [MESSAGE][PASSED] - Call Test Case 'Test Cases/Reusable_Test_Sequences/Web_Office/Verification/Trader_Record' successfully

2020-04-27 11:45:11 - [TEST_STEP][PASSED] - "--------------------------": null

2020-04-27 11:45:11 - [TEST_STEP][PASSED] - " Teardown - CLose Browser |": null

2020-04-27 11:45:11 - [TEST_STEP][PASSED] - callTestCase(findTestCase("Reusable_Test_Sequences/CAT_Teardown"), [:], OPTIONAL): Call Test Case 'Test Cases/Reusable_Test_Sequences/CAT_Teardown' successfully

2020-04-27 11:45:11 - [TEST_CASE][PASSED] - Test Cases/Reusable_Test_Sequences/CAT_Teardown: Test Cases/Reusable_Test_Sequences/CAT_Teardown

2020-04-27 11:45:11 - [TEST_STEP][PASSED] - closeBrowser(): Browser is closed

2020-04-27 11:45:13 - [MESSAGE][PASSED] - Browser is closed

2020-04-27 11:45:13 - [TEST_STEP][PASSED] - super.finalize(): null

2020-04-27 11:45:13 - [TEST_STEP][PASSED] - System.gc(): null

2020-04-27 11:45:13 - [MESSAGE][PASSED] - Call Test Case 'Test Cases/Reusable_Test_Sequences/CAT_Teardown' successfully]]></system-out>
         <system-err><![CDATA[]]></system-err>
      </testcase>
      <system-out><![CDATA[2020-04-27 11:36:43 - [TEST_SUITE][PASSED] - Web_Office_Searches: Test Cases/Web_Office/WebOffice_Header_Search]]></system-out>
      <system-err><![CDATA[]]></system-err>
   </testsuite>
</testsuites>
