<?xml version="1.0" encoding="UTF-8"?>
<testsuites name="Web_Office_Reports" time="1272.715" tests="26" failures="0" errors="0">
   <testsuite name="Web_Office_Reports" tests="26" failures="0" errors="0" time="1272.715" timestamp="2020-04-23 15:54:39" hostname="DavidHo - 192.168.1.238" id="Test Suites/Web_Office_Reports">
      <properties>
         <property name="deviceName" value=""/>
         <property name="devicePlatform" value=""/>
         <property name="logFolder" value="C:\\Users\\davidho\\git\\src\\Reports\\20200423_154024\\Web_Office_Reports\\20200423_154031"/>
         <property name="logFiles" value="C:\\Users\\davidho\\git\\src\\Reports\\20200423_154024\\Web_Office_Reports\\20200423_154031\\execution0.log"/>
         <property name="attachments" value=""/>
         <property name="hostName" value="DavidHo - 192.168.1.238"/>
         <property name="os" value="Windows 10 32bit"/>
         <property name="katalonVersion" value="7.4.0.1"/>
         <property name="browser" value="Chrome 81.0.4044.113"/>
         <property name="hostAddress" value="192.168.1.238"/>
         <property name="sessionId" value="191d5e4bc9e5317943bac8f89b91cbdf"/>
         <property name="seleniumVersion" value="3.141.59"/>
         <property name="proxyInformation" value="ProxyInformation{proxyOption=NO_PROXY, proxyServerType=HTTP, password=, proxyServerAddress=, proxyServerPort=0, executionList=}"/>
         <property name="platform" value="Windows 10"/>
      </properties>
      <testcase name="Test Cases/Web_Office/Reports/Web_Activity" time="43.02" classname="Test Cases/Web_Office/Reports/Web_Activity" status="PASSED">
         <system-out><![CDATA[2020-04-23 15:54:40 - [TEST_CASE][PASSED] - Test Cases/Web_Office/Reports/Web_Activity: Test Cases/Web_Office/Reports/Web_Activity

2020-04-23 15:54:40 - [TEST_STEP][PASSED] - "--------------------------------------": null

2020-04-23 15:54:40 - [TEST_STEP][PASSED] - " Web Office StartUp                  |": null

2020-04-23 15:54:40 - [TEST_STEP][PASSED] - callTestCase(findTestCase("Reusable_Test_Sequences/Web_Office/Directives/WebOffice_StartUp"), [:], STOP_ON_FAILURE): Call Test Case 'Test Cases/Reusable_Test_Sequences/Web_Office/Directives/WebOffice_StartUp' successfully

2020-04-23 15:54:40 - [TEST_CASE][PASSED] - Test Cases/Reusable_Test_Sequences/Web_Office/Directives/WebOffice_StartUp: Test Cases/Reusable_Test_Sequences/Web_Office/Directives/WebOffice_StartUp

2020-04-23 15:54:41 - [TEST_STEP][PASSED] - "-----------------------------------------------------------------------------": null

2020-04-23 15:54:41 - [TEST_STEP][PASSED] - if (URL == "https://www.dev.checkatrade.com/"): null

2020-04-23 15:54:41 - [TEST_STEP][PASSED] - "-----------------------------------------------------------------------------": null

2020-04-23 15:54:41 - [TEST_STEP][PASSED] - if (URL == "https://www.checkatrade.com/"): null

2020-04-23 15:54:41 - [TEST_STEP][PASSED] - "-----------------------------------------------------------------------------": null

2020-04-23 15:54:41 - [TEST_STEP][PASSED] - if (URL == "https://www.preview.checkatrade.com/"): null

2020-04-23 15:54:41 - [TEST_STEP][PASSED] - WebOfficeURL = "https://admin.preview.checkatrade.com/": null

2020-04-23 15:54:41 - [TEST_STEP][PASSED] - if (URL == "https://www.dev2.checkatrade.com/"): null

2020-04-23 15:54:41 - [TEST_STEP][PASSED] - "Set Function Area for "URL_Handler", URL Resolution": null

2020-04-23 15:54:41 - [TEST_STEP][PASSED] - "Do Some Magic with URL(s) See the comments within URL Handler ": null

2020-04-23 15:54:41 - [TEST_STEP][PASSED] - "------------------------------------------------": null

2020-04-23 15:54:41 - [TEST_STEP][PASSED] - "Moved Login Credentials to <Default> profile 22/01/2020": null

2020-04-23 15:54:41 - [TEST_STEP][PASSED] - "------------------------------------------------": null

2020-04-23 15:54:41 - [TEST_STEP][PASSED] - "WebOfficeURL - Set from the ENVIRONMENT PROFILE ": null

2020-04-23 15:54:41 - [TEST_STEP][PASSED] - "OPEN BROWSER": null

2020-04-23 15:54:41 - [TEST_STEP][PASSED] - "eg - https://admin.preview.checkatrade.com/  ": null

2020-04-23 15:54:41 - [TEST_STEP][PASSED] - openBrowser(WebOfficeURL): Browser is opened with url: 'https://admin.preview.checkatrade.com/'

2020-04-23 15:54:41 - [MESSAGE][INFO] - Starting 'Chrome' driver

2020-04-23 15:54:41 - [MESSAGE][INFO] - Action delay is set to 0 milliseconds

2020-04-23 15:54:48 - [MESSAGE][PASSED] - Browser is opened with url: 'https://admin.preview.checkatrade.com/'

2020-04-23 15:54:48 - [TEST_STEP][PASSED] - maximizeWindow(): Current window maximized

2020-04-23 15:54:50 - [MESSAGE][PASSED] - Current window maximized

2020-04-23 15:54:50 - [TEST_STEP][PASSED] - waitForElementClickable(findTestObject("Object Repository/WebOffice/Page_Checkatrade - Administration - Login/Login_Button"), 25): Object 'Object Repository/WebOffice/Page_Checkatrade - Administration - Login/Login_Button' is clickable

2020-04-23 15:54:50 - [MESSAGE][PASSED] - Object 'Object Repository/WebOffice/Page_Checkatrade - Administration - Login/Login_Button' is clickable

2020-04-23 15:54:50 - [TEST_STEP][PASSED] - verifyTextPresent("Checkatrade Web Office", false): Text 'Checkatrade Web Office' is present on page 

2020-04-23 15:54:50 - [MESSAGE][PASSED] - Text 'Checkatrade Web Office' is present on page 

2020-04-23 15:54:50 - [TEST_STEP][PASSED] - verifyTextPresent("Access for staff use only", false): Text 'Access for staff use only' is present on page 

2020-04-23 15:54:50 - [MESSAGE][PASSED] - Text 'Access for staff use only' is present on page 

2020-04-23 15:54:50 - [TEST_STEP][PASSED] - verifyTextPresent("Forgotten password?", false): Text 'Forgotten password?' is present on page 

2020-04-23 15:54:50 - [MESSAGE][PASSED] - Text 'Forgotten password?' is present on page 

2020-04-23 15:54:50 - [TEST_STEP][PASSED] - setText(findTestObject("Object Repository/WebOffice/Page_Checkatrade - Administration - Login/input_Username_LoginControlUserName"), wo_Username): Text 'DavidHo' is set on object 'Object Repository/WebOffice/Page_Checkatrade - Administration - Login/input_Username_LoginControlUserName'

2020-04-23 15:54:51 - [MESSAGE][PASSED] - Text 'DavidHo' is set on object 'Object Repository/WebOffice/Page_Checkatrade - Administration - Login/input_Username_LoginControlUserName'

2020-04-23 15:54:51 - [TEST_STEP][PASSED] - setText(findTestObject("Object Repository/WebOffice/Page_Checkatrade - Administration - Login/input_Password_LoginControlPassword"), wo_Password): Text 'Check123' is set on object 'Object Repository/WebOffice/Page_Checkatrade - Administration - Login/input_Password_LoginControlPassword'

2020-04-23 15:54:51 - [MESSAGE][PASSED] - Text 'Check123' is set on object 'Object Repository/WebOffice/Page_Checkatrade - Administration - Login/input_Password_LoginControlPassword'

2020-04-23 15:54:51 - [TEST_STEP][PASSED] - click(findTestObject("Object Repository/WebOffice/Page_Checkatrade - Administration - Login/Login_Button")): Object: 'Object Repository/WebOffice/Page_Checkatrade - Administration - Login/Login_Button' is clicked on

2020-04-23 15:54:52 - [MESSAGE][PASSED] - Object: 'Object Repository/WebOffice/Page_Checkatrade - Administration - Login/Login_Button' is clicked on

2020-04-23 15:54:52 - [TEST_STEP][PASSED] - waitForPageLoad(60): Wait for page load successfully

2020-04-23 15:54:52 - [MESSAGE][PASSED] - Wait for page load successfully

2020-04-23 15:54:52 - [TEST_STEP][PASSED] - verifyTextPresent("Welcome " + wo_Username, false): Text 'Welcome DavidHo' is present on page 

2020-04-23 15:54:53 - [MESSAGE][PASSED] - Text 'Welcome DavidHo' is present on page 

2020-04-23 15:54:53 - [MESSAGE][PASSED] - Call Test Case 'Test Cases/Reusable_Test_Sequences/Web_Office/Directives/WebOffice_StartUp' successfully

2020-04-23 15:54:53 - [TEST_STEP][PASSED] - "-----------------------------------------------------------------": null

2020-04-23 15:54:53 - [TEST_STEP][PASSED] - " Navigate to <Settings->Checkatrade.Com->Sub Item> Menu Item     |": null

2020-04-23 15:54:53 - [TEST_STEP][PASSED] - callTestCase(findTestCase("Reusable_Test_Sequences/Web_Office/Navigation/Sub_Menu_Navigation/Reports/Web_Activity"), [:], STOP_ON_FAILURE): Call Test Case 'Test Cases/Reusable_Test_Sequences/Web_Office/Navigation/Sub_Menu_Navigation/Reports/Web_Activity' successfully

2020-04-23 15:54:53 - [TEST_CASE][PASSED] - Test Cases/Reusable_Test_Sequences/Web_Office/Navigation/Sub_Menu_Navigation/Reports/Web_Activity: Test Cases/Reusable_Test_Sequences/Web_Office/Navigation/Sub_Menu_Navigation/Reports/Web_Activity

2020-04-23 15:54:53 - [TEST_STEP][PASSED] - "--------------------------------------": null

2020-04-23 15:54:53 - [TEST_STEP][PASSED] - " Navigate Top level menu Item         |": null

2020-04-23 15:54:53 - [TEST_STEP][PASSED] - waitForPageLoad(60): Wait for page load successfully

2020-04-23 15:54:53 - [MESSAGE][PASSED] - Wait for page load successfully

2020-04-23 15:54:53 - [TEST_STEP][PASSED] - waitForElementClickable(findTestObject("Object Repository/WebOffice_Home_page/a_Reports"), 60): Object 'Object Repository/WebOffice_Home_page/a_Reports' is clickable

2020-04-23 15:54:53 - [MESSAGE][PASSED] - Object 'Object Repository/WebOffice_Home_page/a_Reports' is clickable

2020-04-23 15:54:54 - [TEST_STEP][PASSED] - mouseOver(findTestObject("Object Repository/WebOffice_Home_page/a_Reports")): Object: 'Object Repository/WebOffice_Home_page/a_Reports' is hovered

2020-04-23 15:54:54 - [MESSAGE][PASSED] - Object: 'Object Repository/WebOffice_Home_page/a_Reports' is hovered

2020-04-23 15:54:54 - [TEST_STEP][PASSED] - waitForPageLoad(5): Wait for page load successfully

2020-04-23 15:54:54 - [MESSAGE][PASSED] - Wait for page load successfully

2020-04-23 15:54:54 - [TEST_STEP][PASSED] - waitForElementClickable(findTestObject("Object Repository/WebOffice_Home_page/a_Web Activity"), 5): Object 'Object Repository/WebOffice_Home_page/a_Web Activity' is clickable

2020-04-23 15:54:54 - [MESSAGE][PASSED] - Object 'Object Repository/WebOffice_Home_page/a_Web Activity' is clickable

2020-04-23 15:54:54 - [TEST_STEP][PASSED] - click(findTestObject("Object Repository/WebOffice_Home_page/a_Web Activity")): Object: 'Object Repository/WebOffice_Home_page/a_Web Activity' is clicked on

2020-04-23 15:55:15 - [MESSAGE][PASSED] - Object: 'Object Repository/WebOffice_Home_page/a_Web Activity' is clicked on

2020-04-23 15:55:15 - [MESSAGE][PASSED] - Call Test Case 'Test Cases/Reusable_Test_Sequences/Web_Office/Navigation/Sub_Menu_Navigation/Reports/Web_Activity' successfully

2020-04-23 15:55:15 - [TEST_STEP][PASSED] - "--------------------------------------": null

2020-04-23 15:55:15 - [TEST_STEP][PASSED] - " Verify Returned Page Detail          |": null

2020-04-23 15:55:15 - [TEST_STEP][PASSED] - callTestCase(findTestCase("Reusable_Test_Sequences/Web_Office/Verification/Reports/Web_Activity"), [:], OPTIONAL): Call Test Case 'Test Cases/Reusable_Test_Sequences/Web_Office/Verification/Reports/Web_Activity' successfully

2020-04-23 15:55:15 - [TEST_CASE][PASSED] - Test Cases/Reusable_Test_Sequences/Web_Office/Verification/Reports/Web_Activity: Test Cases/Reusable_Test_Sequences/Web_Office/Verification/Reports/Web_Activity

2020-04-23 15:55:15 - [TEST_STEP][PASSED] - waitForPageLoad(120): Wait for page load successfully

2020-04-23 15:55:15 - [MESSAGE][PASSED] - Wait for page load successfully

2020-04-23 15:55:15 - [TEST_STEP][PASSED] - delay(1): Delayed 1 second(s)

2020-04-23 15:55:16 - [MESSAGE][PASSED] - Delayed 1 second(s)

2020-04-23 15:55:16 - [TEST_STEP][PASSED] - verifyTextPresent("Web Activity", false): Text 'Web Activity' is present on page 

2020-04-23 15:55:16 - [MESSAGE][PASSED] - Text 'Web Activity' is present on page 

2020-04-23 15:55:16 - [TEST_STEP][PASSED] - "----------------------------------------------": null

2020-04-23 15:55:16 - [TEST_STEP][PASSED] - verifyTextPresent("Recent Searches", false): Text 'Recent Searches' is present on page 

2020-04-23 15:55:16 - [MESSAGE][PASSED] - Text 'Recent Searches' is present on page 

2020-04-23 15:55:16 - [TEST_STEP][PASSED] - verifyTextPresent("Most Viewed Companies (in past 7 days)", false): Text 'Most Viewed Companies (in past 7 days)' is present on page 

2020-04-23 15:55:17 - [MESSAGE][PASSED] - Text 'Most Viewed Companies (in past 7 days)' is present on page 

2020-04-23 15:55:17 - [TEST_STEP][PASSED] - "----------------------------------------------": null

2020-04-23 15:55:17 - [TEST_STEP][PASSED] - "----------------------------------------------": null

2020-04-23 15:55:17 - [TEST_STEP][PASSED] - verifyTextPresent("Search on", false): Text 'Search on' is present on page 

2020-04-23 15:55:17 - [MESSAGE][PASSED] - Text 'Search on' is present on page 

2020-04-23 15:55:17 - [TEST_STEP][PASSED] - verifyTextPresent("Search for", false): Text 'Search for' is present on page 

2020-04-23 15:55:17 - [MESSAGE][PASSED] - Text 'Search for' is present on page 

2020-04-23 15:55:17 - [TEST_STEP][PASSED] - verifyTextPresent("In", false): Text 'In' is present on page 

2020-04-23 15:55:17 - [MESSAGE][PASSED] - Text 'In' is present on page 

2020-04-23 15:55:17 - [TEST_STEP][PASSED] - verifyTextPresent("No. Results", false): Text 'No. Results' is present on page 

2020-04-23 15:55:18 - [MESSAGE][PASSED] - Text 'No. Results' is present on page 

2020-04-23 15:55:18 - [TEST_STEP][PASSED] - verifyTextPresent("Company", false): Text 'Company' is present on page 

2020-04-23 15:55:18 - [MESSAGE][PASSED] - Text 'Company' is present on page 

2020-04-23 15:55:18 - [TEST_STEP][PASSED] - verifyTextPresent("From Search", false): Text 'From Search' is present on page 

2020-04-23 15:55:18 - [MESSAGE][PASSED] - Text 'From Search' is present on page 

2020-04-23 15:55:18 - [TEST_STEP][PASSED] - verifyTextPresent("Checkatrade", false): Text 'Checkatrade' is present on page 

2020-04-23 15:55:18 - [MESSAGE][PASSED] - Text 'Checkatrade' is present on page 

2020-04-23 15:55:18 - [TEST_STEP][PASSED] - verifyTextPresent("External Link", false): Text 'External Link' is present on page 

2020-04-23 15:55:19 - [MESSAGE][PASSED] - Text 'External Link' is present on page 

2020-04-23 15:55:19 - [TEST_STEP][PASSED] - verifyTextPresent("Other", false): Text 'Other' is present on page 

2020-04-23 15:55:19 - [MESSAGE][PASSED] - Text 'Other' is present on page 

2020-04-23 15:55:19 - [TEST_STEP][PASSED] - verifyTextPresent("Total", false): Text 'Total' is present on page 

2020-04-23 15:55:19 - [MESSAGE][PASSED] - Text 'Total' is present on page 

2020-04-23 15:55:19 - [TEST_STEP][PASSED] - "----------------------------------------------": null

2020-04-23 15:55:19 - [TEST_STEP][PASSED] - verifyTextPresent("Foster Tree Care", false): Text 'Foster Tree Care' is present on page 

2020-04-23 15:55:20 - [MESSAGE][PASSED] - Text 'Foster Tree Care' is present on page 

2020-04-23 15:55:20 - [TEST_STEP][PASSED] - verifyTextPresent("Burton Electrical Services", false): Text 'Burton Electrical Services' is present on page 

2020-04-23 15:55:21 - [MESSAGE][PASSED] - Text 'Burton Electrical Services' is present on page 

2020-04-23 15:55:21 - [MESSAGE][PASSED] - Call Test Case 'Test Cases/Reusable_Test_Sequences/Web_Office/Verification/Reports/Web_Activity' successfully

2020-04-23 15:55:21 - [TEST_STEP][PASSED] - "--------------------------": null

2020-04-23 15:55:21 - [TEST_STEP][PASSED] - " Teardown - CLose Browser |": null

2020-04-23 15:55:21 - [TEST_STEP][PASSED] - callTestCase(findTestCase("Reusable_Test_Sequences/CAT_Teardown"), [:], OPTIONAL): Call Test Case 'Test Cases/Reusable_Test_Sequences/CAT_Teardown' successfully

2020-04-23 15:55:21 - [TEST_CASE][PASSED] - Test Cases/Reusable_Test_Sequences/CAT_Teardown: Test Cases/Reusable_Test_Sequences/CAT_Teardown

2020-04-23 15:55:21 - [TEST_STEP][PASSED] - closeBrowser(): Browser is closed

2020-04-23 15:55:23 - [MESSAGE][PASSED] - Browser is closed

2020-04-23 15:55:23 - [TEST_STEP][PASSED] - super.finalize(): null

2020-04-23 15:55:23 - [TEST_STEP][PASSED] - System.gc(): null

2020-04-23 15:55:23 - [MESSAGE][PASSED] - Call Test Case 'Test Cases/Reusable_Test_Sequences/CAT_Teardown' successfully]]></system-out>
         <system-err><![CDATA[]]></system-err>
      </testcase>
      <testcase name="Test Cases/Web_Office/Reports/Company_Views" time="25.648" classname="Test Cases/Web_Office/Reports/Company_Views" status="PASSED">
         <system-out><![CDATA[2020-04-23 15:55:23 - [TEST_CASE][PASSED] - Test Cases/Web_Office/Reports/Company_Views: Test Cases/Web_Office/Reports/Company_Views

2020-04-23 15:55:23 - [TEST_STEP][PASSED] - "--------------------------------------": null

2020-04-23 15:55:23 - [TEST_STEP][PASSED] - " Web Office StartUp                  |": null

2020-04-23 15:55:23 - [TEST_STEP][PASSED] - callTestCase(findTestCase("Reusable_Test_Sequences/Web_Office/Directives/WebOffice_StartUp"), [:], STOP_ON_FAILURE): Call Test Case 'Test Cases/Reusable_Test_Sequences/Web_Office/Directives/WebOffice_StartUp' successfully

2020-04-23 15:55:23 - [TEST_CASE][PASSED] - Test Cases/Reusable_Test_Sequences/Web_Office/Directives/WebOffice_StartUp: Test Cases/Reusable_Test_Sequences/Web_Office/Directives/WebOffice_StartUp

2020-04-23 15:55:23 - [TEST_STEP][PASSED] - "-----------------------------------------------------------------------------": null

2020-04-23 15:55:23 - [TEST_STEP][PASSED] - if (URL == "https://www.dev.checkatrade.com/"): null

2020-04-23 15:55:24 - [TEST_STEP][PASSED] - "-----------------------------------------------------------------------------": null

2020-04-23 15:55:24 - [TEST_STEP][PASSED] - if (URL == "https://www.checkatrade.com/"): null

2020-04-23 15:55:24 - [TEST_STEP][PASSED] - "-----------------------------------------------------------------------------": null

2020-04-23 15:55:24 - [TEST_STEP][PASSED] - if (URL == "https://www.preview.checkatrade.com/"): null

2020-04-23 15:55:24 - [TEST_STEP][PASSED] - WebOfficeURL = "https://admin.preview.checkatrade.com/": null

2020-04-23 15:55:24 - [TEST_STEP][PASSED] - if (URL == "https://www.dev2.checkatrade.com/"): null

2020-04-23 15:55:24 - [TEST_STEP][PASSED] - "Set Function Area for "URL_Handler", URL Resolution": null

2020-04-23 15:55:24 - [TEST_STEP][PASSED] - "Do Some Magic with URL(s) See the comments within URL Handler ": null

2020-04-23 15:55:24 - [TEST_STEP][PASSED] - "------------------------------------------------": null

2020-04-23 15:55:24 - [TEST_STEP][PASSED] - "Moved Login Credentials to <Default> profile 22/01/2020": null

2020-04-23 15:55:24 - [TEST_STEP][PASSED] - "------------------------------------------------": null

2020-04-23 15:55:24 - [TEST_STEP][PASSED] - "WebOfficeURL - Set from the ENVIRONMENT PROFILE ": null

2020-04-23 15:55:24 - [TEST_STEP][PASSED] - "OPEN BROWSER": null

2020-04-23 15:55:24 - [TEST_STEP][PASSED] - "eg - https://admin.preview.checkatrade.com/  ": null

2020-04-23 15:55:24 - [TEST_STEP][PASSED] - openBrowser(WebOfficeURL): Browser is opened with url: 'https://admin.preview.checkatrade.com/'

2020-04-23 15:55:24 - [MESSAGE][INFO] - Starting 'Chrome' driver

2020-04-23 15:55:24 - [MESSAGE][INFO] - Action delay is set to 0 milliseconds

2020-04-23 15:55:29 - [MESSAGE][PASSED] - Browser is opened with url: 'https://admin.preview.checkatrade.com/'

2020-04-23 15:55:29 - [TEST_STEP][PASSED] - maximizeWindow(): Current window maximized

2020-04-23 15:55:31 - [MESSAGE][PASSED] - Current window maximized

2020-04-23 15:55:31 - [TEST_STEP][PASSED] - waitForElementClickable(findTestObject("Object Repository/WebOffice/Page_Checkatrade - Administration - Login/Login_Button"), 25): Object 'Object Repository/WebOffice/Page_Checkatrade - Administration - Login/Login_Button' is clickable

2020-04-23 15:55:32 - [MESSAGE][PASSED] - Object 'Object Repository/WebOffice/Page_Checkatrade - Administration - Login/Login_Button' is clickable

2020-04-23 15:55:32 - [TEST_STEP][PASSED] - verifyTextPresent("Checkatrade Web Office", false): Text 'Checkatrade Web Office' is present on page 

2020-04-23 15:55:32 - [MESSAGE][PASSED] - Text 'Checkatrade Web Office' is present on page 

2020-04-23 15:55:32 - [TEST_STEP][PASSED] - verifyTextPresent("Access for staff use only", false): Text 'Access for staff use only' is present on page 

2020-04-23 15:55:32 - [MESSAGE][PASSED] - Text 'Access for staff use only' is present on page 

2020-04-23 15:55:32 - [TEST_STEP][PASSED] - verifyTextPresent("Forgotten password?", false): Text 'Forgotten password?' is present on page 

2020-04-23 15:55:32 - [MESSAGE][PASSED] - Text 'Forgotten password?' is present on page 

2020-04-23 15:55:32 - [TEST_STEP][PASSED] - setText(findTestObject("Object Repository/WebOffice/Page_Checkatrade - Administration - Login/input_Username_LoginControlUserName"), wo_Username): Text 'DavidHo' is set on object 'Object Repository/WebOffice/Page_Checkatrade - Administration - Login/input_Username_LoginControlUserName'

2020-04-23 15:55:32 - [MESSAGE][PASSED] - Text 'DavidHo' is set on object 'Object Repository/WebOffice/Page_Checkatrade - Administration - Login/input_Username_LoginControlUserName'

2020-04-23 15:55:32 - [TEST_STEP][PASSED] - setText(findTestObject("Object Repository/WebOffice/Page_Checkatrade - Administration - Login/input_Password_LoginControlPassword"), wo_Password): Text 'Check123' is set on object 'Object Repository/WebOffice/Page_Checkatrade - Administration - Login/input_Password_LoginControlPassword'

2020-04-23 15:55:32 - [MESSAGE][PASSED] - Text 'Check123' is set on object 'Object Repository/WebOffice/Page_Checkatrade - Administration - Login/input_Password_LoginControlPassword'

2020-04-23 15:55:32 - [TEST_STEP][PASSED] - click(findTestObject("Object Repository/WebOffice/Page_Checkatrade - Administration - Login/Login_Button")): Object: 'Object Repository/WebOffice/Page_Checkatrade - Administration - Login/Login_Button' is clicked on

2020-04-23 15:55:33 - [MESSAGE][PASSED] - Object: 'Object Repository/WebOffice/Page_Checkatrade - Administration - Login/Login_Button' is clicked on

2020-04-23 15:55:33 - [TEST_STEP][PASSED] - waitForPageLoad(60): Wait for page load successfully

2020-04-23 15:55:33 - [MESSAGE][PASSED] - Wait for page load successfully

2020-04-23 15:55:33 - [TEST_STEP][PASSED] - verifyTextPresent("Welcome " + wo_Username, false): Text 'Welcome DavidHo' is present on page 

2020-04-23 15:55:34 - [MESSAGE][PASSED] - Text 'Welcome DavidHo' is present on page 

2020-04-23 15:55:34 - [MESSAGE][PASSED] - Call Test Case 'Test Cases/Reusable_Test_Sequences/Web_Office/Directives/WebOffice_StartUp' successfully

2020-04-23 15:55:34 - [TEST_STEP][PASSED] - "-----------------------------------------------------------------": null

2020-04-23 15:55:34 - [TEST_STEP][PASSED] - " Navigate to <Settings->Checkatrade.Com->Sub Item> Menu Item     |": null

2020-04-23 15:55:34 - [TEST_STEP][PASSED] - callTestCase(findTestCase("Reusable_Test_Sequences/Web_Office/Navigation/Sub_Menu_Navigation/Reports/Company_Views"), [:], STOP_ON_FAILURE): Call Test Case 'Test Cases/Reusable_Test_Sequences/Web_Office/Navigation/Sub_Menu_Navigation/Reports/Company_Views' successfully

2020-04-23 15:55:34 - [TEST_CASE][PASSED] - Test Cases/Reusable_Test_Sequences/Web_Office/Navigation/Sub_Menu_Navigation/Reports/Company_Views: Test Cases/Reusable_Test_Sequences/Web_Office/Navigation/Sub_Menu_Navigation/Reports/Company_Views

2020-04-23 15:55:34 - [TEST_STEP][PASSED] - "--------------------------------------": null

2020-04-23 15:55:34 - [TEST_STEP][PASSED] - " Navigate Top level menu Item         |": null

2020-04-23 15:55:34 - [TEST_STEP][PASSED] - waitForPageLoad(60): Wait for page load successfully

2020-04-23 15:55:34 - [MESSAGE][PASSED] - Wait for page load successfully

2020-04-23 15:55:34 - [TEST_STEP][PASSED] - waitForElementClickable(findTestObject("Object Repository/WebOffice_Home_page/a_Reports"), 60): Object 'Object Repository/WebOffice_Home_page/a_Reports' is clickable

2020-04-23 15:55:34 - [MESSAGE][PASSED] - Object 'Object Repository/WebOffice_Home_page/a_Reports' is clickable

2020-04-23 15:55:34 - [TEST_STEP][PASSED] - mouseOver(findTestObject("Object Repository/WebOffice_Home_page/a_Reports")): Object: 'Object Repository/WebOffice_Home_page/a_Reports' is hovered

2020-04-23 15:55:35 - [MESSAGE][PASSED] - Object: 'Object Repository/WebOffice_Home_page/a_Reports' is hovered

2020-04-23 15:55:35 - [TEST_STEP][PASSED] - mouseOver(findTestObject("Object Repository/WebOffice_Home_page/Page_/a_Consumers")): Object: 'Object Repository/WebOffice_Home_page/Page_/a_Consumers' is hovered

2020-04-23 15:55:36 - [MESSAGE][PASSED] - Object: 'Object Repository/WebOffice_Home_page/Page_/a_Consumers' is hovered

2020-04-23 15:55:36 - [TEST_STEP][PASSED] - waitForPageLoad(5): Wait for page load successfully

2020-04-23 15:55:36 - [MESSAGE][PASSED] - Wait for page load successfully

2020-04-23 15:55:36 - [TEST_STEP][PASSED] - waitForElementClickable(findTestObject("Object Repository/WebOffice_Home_page/a_Company Views"), 5): Object 'Object Repository/WebOffice_Home_page/a_Company Views' is clickable

2020-04-23 15:55:37 - [MESSAGE][PASSED] - Object 'Object Repository/WebOffice_Home_page/a_Company Views' is clickable

2020-04-23 15:55:37 - [TEST_STEP][PASSED] - click(findTestObject("Object Repository/WebOffice_Home_page/a_Company Views")): Object: 'Object Repository/WebOffice_Home_page/a_Company Views' is clicked on

2020-04-23 15:55:38 - [MESSAGE][PASSED] - Object: 'Object Repository/WebOffice_Home_page/a_Company Views' is clicked on

2020-04-23 15:55:38 - [MESSAGE][PASSED] - Call Test Case 'Test Cases/Reusable_Test_Sequences/Web_Office/Navigation/Sub_Menu_Navigation/Reports/Company_Views' successfully

2020-04-23 15:55:38 - [TEST_STEP][PASSED] - "--------------------------------------": null

2020-04-23 15:55:38 - [TEST_STEP][PASSED] - " Verify Returned Page Detail          |": null

2020-04-23 15:55:38 - [TEST_STEP][PASSED] - callTestCase(findTestCase("Reusable_Test_Sequences/Web_Office/Verification/Reports/Company_Views"), [:], OPTIONAL): Call Test Case 'Test Cases/Reusable_Test_Sequences/Web_Office/Verification/Reports/Company_Views' successfully

2020-04-23 15:55:39 - [TEST_CASE][PASSED] - Test Cases/Reusable_Test_Sequences/Web_Office/Verification/Reports/Company_Views: Test Cases/Reusable_Test_Sequences/Web_Office/Verification/Reports/Company_Views

2020-04-23 15:55:39 - [TEST_STEP][PASSED] - waitForPageLoad(120): Wait for page load successfully

2020-04-23 15:55:39 - [MESSAGE][PASSED] - Wait for page load successfully

2020-04-23 15:55:39 - [TEST_STEP][PASSED] - delay(1): Delayed 1 second(s)

2020-04-23 15:55:40 - [MESSAGE][PASSED] - Delayed 1 second(s)

2020-04-23 15:55:40 - [TEST_STEP][PASSED] - verifyTextPresent("Company Viewing History", false): Text 'Company Viewing History' is present on page 

2020-04-23 15:55:41 - [MESSAGE][PASSED] - Text 'Company Viewing History' is present on page 

2020-04-23 15:55:41 - [TEST_STEP][PASSED] - "----------------------------------------------": null

2020-04-23 15:55:41 - [TEST_STEP][PASSED] - verifyTextPresent("From", false): Text 'From' is present on page 

2020-04-23 15:55:42 - [MESSAGE][PASSED] - Text 'From' is present on page 

2020-04-23 15:55:42 - [TEST_STEP][PASSED] - verifyTextPresent("Select Company", false): Text 'Select Company' is present on page 

2020-04-23 15:55:43 - [MESSAGE][PASSED] - Text 'Select Company' is present on page 

2020-04-23 15:55:43 - [TEST_STEP][PASSED] - "----------------------------------------------": null

2020-04-23 15:55:43 - [TEST_STEP][PASSED] - "----------------------------------------------": null

2020-04-23 15:55:43 - [TEST_STEP][PASSED] - verifyTextPresent("Company", false): Text 'Company' is present on page 

2020-04-23 15:55:44 - [MESSAGE][PASSED] - Text 'Company' is present on page 

2020-04-23 15:55:44 - [TEST_STEP][PASSED] - verifyTextPresent("From Search", false): Text 'From Search' is present on page 

2020-04-23 15:55:44 - [MESSAGE][PASSED] - Text 'From Search' is present on page 

2020-04-23 15:55:44 - [TEST_STEP][PASSED] - verifyTextPresent("Checkatrade", false): Text 'Checkatrade' is present on page 

2020-04-23 15:55:45 - [MESSAGE][PASSED] - Text 'Checkatrade' is present on page 

2020-04-23 15:55:45 - [TEST_STEP][PASSED] - verifyTextPresent("External Link", false): Text 'External Link' is present on page 

2020-04-23 15:55:45 - [MESSAGE][PASSED] - Text 'External Link' is present on page 

2020-04-23 15:55:45 - [TEST_STEP][PASSED] - verifyTextPresent("Other", false): Text 'Other' is present on page 

2020-04-23 15:55:46 - [MESSAGE][PASSED] - Text 'Other' is present on page 

2020-04-23 15:55:46 - [TEST_STEP][PASSED] - verifyTextPresent("Total", false): Text 'Total' is present on page 

2020-04-23 15:55:47 - [MESSAGE][PASSED] - Text 'Total' is present on page 

2020-04-23 15:55:47 - [TEST_STEP][PASSED] - "----------------------------------------------": null

2020-04-23 15:55:47 - [TEST_STEP][PASSED] - verifyTextPresent("Foster Tree Care", false): Text 'Foster Tree Care' is present on page 

2020-04-23 15:55:47 - [MESSAGE][PASSED] - Text 'Foster Tree Care' is present on page 

2020-04-23 15:55:47 - [MESSAGE][PASSED] - Call Test Case 'Test Cases/Reusable_Test_Sequences/Web_Office/Verification/Reports/Company_Views' successfully

2020-04-23 15:55:47 - [TEST_STEP][PASSED] - "--------------------------": null

2020-04-23 15:55:47 - [TEST_STEP][PASSED] - " Teardown - CLose Browser |": null

2020-04-23 15:55:47 - [TEST_STEP][PASSED] - callTestCase(findTestCase("Reusable_Test_Sequences/CAT_Teardown"), [:], OPTIONAL): Call Test Case 'Test Cases/Reusable_Test_Sequences/CAT_Teardown' successfully

2020-04-23 15:55:47 - [TEST_CASE][PASSED] - Test Cases/Reusable_Test_Sequences/CAT_Teardown: Test Cases/Reusable_Test_Sequences/CAT_Teardown

2020-04-23 15:55:47 - [TEST_STEP][PASSED] - closeBrowser(): Browser is closed

2020-04-23 15:55:48 - [MESSAGE][PASSED] - Browser is closed

2020-04-23 15:55:48 - [TEST_STEP][PASSED] - super.finalize(): null

2020-04-23 15:55:48 - [TEST_STEP][PASSED] - System.gc(): null

2020-04-23 15:55:48 - [MESSAGE][PASSED] - Call Test Case 'Test Cases/Reusable_Test_Sequences/CAT_Teardown' successfully]]></system-out>
         <system-err><![CDATA[]]></system-err>
      </testcase>
      <testcase name="Test Cases/Web_Office/Reports/Company_Website_Status_Changes_Consumers" time="22.712" classname="Test Cases/Web_Office/Reports/Company_Website_Status_Changes_Consumers" status="PASSED">
         <system-out><![CDATA[2020-04-23 15:55:48 - [TEST_CASE][PASSED] - Test Cases/Web_Office/Reports/Company_Website_Status_Changes_Consumers: Test Cases/Web_Office/Reports/Company_Website_Status_Changes_Consumers

2020-04-23 15:55:49 - [TEST_STEP][PASSED] - "--------------------------------------": null

2020-04-23 15:55:49 - [TEST_STEP][PASSED] - " Web Office StartUp                  |": null

2020-04-23 15:55:49 - [TEST_STEP][PASSED] - callTestCase(findTestCase("Reusable_Test_Sequences/Web_Office/Directives/WebOffice_StartUp"), [:], STOP_ON_FAILURE): Call Test Case 'Test Cases/Reusable_Test_Sequences/Web_Office/Directives/WebOffice_StartUp' successfully

2020-04-23 15:55:49 - [TEST_CASE][PASSED] - Test Cases/Reusable_Test_Sequences/Web_Office/Directives/WebOffice_StartUp: Test Cases/Reusable_Test_Sequences/Web_Office/Directives/WebOffice_StartUp

2020-04-23 15:55:49 - [TEST_STEP][PASSED] - "-----------------------------------------------------------------------------": null

2020-04-23 15:55:49 - [TEST_STEP][PASSED] - if (URL == "https://www.dev.checkatrade.com/"): null

2020-04-23 15:55:49 - [TEST_STEP][PASSED] - "-----------------------------------------------------------------------------": null

2020-04-23 15:55:49 - [TEST_STEP][PASSED] - if (URL == "https://www.checkatrade.com/"): null

2020-04-23 15:55:49 - [TEST_STEP][PASSED] - "-----------------------------------------------------------------------------": null

2020-04-23 15:55:49 - [TEST_STEP][PASSED] - if (URL == "https://www.preview.checkatrade.com/"): null

2020-04-23 15:55:49 - [TEST_STEP][PASSED] - WebOfficeURL = "https://admin.preview.checkatrade.com/": null

2020-04-23 15:55:49 - [TEST_STEP][PASSED] - if (URL == "https://www.dev2.checkatrade.com/"): null

2020-04-23 15:55:49 - [TEST_STEP][PASSED] - "Set Function Area for "URL_Handler", URL Resolution": null

2020-04-23 15:55:49 - [TEST_STEP][PASSED] - "Do Some Magic with URL(s) See the comments within URL Handler ": null

2020-04-23 15:55:49 - [TEST_STEP][PASSED] - "------------------------------------------------": null

2020-04-23 15:55:49 - [TEST_STEP][PASSED] - "Moved Login Credentials to <Default> profile 22/01/2020": null

2020-04-23 15:55:49 - [TEST_STEP][PASSED] - "------------------------------------------------": null

2020-04-23 15:55:49 - [TEST_STEP][PASSED] - "WebOfficeURL - Set from the ENVIRONMENT PROFILE ": null

2020-04-23 15:55:49 - [TEST_STEP][PASSED] - "OPEN BROWSER": null

2020-04-23 15:55:49 - [TEST_STEP][PASSED] - "eg - https://admin.preview.checkatrade.com/  ": null

2020-04-23 15:55:49 - [TEST_STEP][PASSED] - openBrowser(WebOfficeURL): Browser is opened with url: 'https://admin.preview.checkatrade.com/'

2020-04-23 15:55:49 - [MESSAGE][INFO] - Starting 'Chrome' driver

2020-04-23 15:55:49 - [MESSAGE][INFO] - Action delay is set to 0 milliseconds

2020-04-23 15:55:54 - [MESSAGE][PASSED] - Browser is opened with url: 'https://admin.preview.checkatrade.com/'

2020-04-23 15:55:54 - [TEST_STEP][PASSED] - maximizeWindow(): Current window maximized

2020-04-23 15:55:56 - [MESSAGE][PASSED] - Current window maximized

2020-04-23 15:55:56 - [TEST_STEP][PASSED] - waitForElementClickable(findTestObject("Object Repository/WebOffice/Page_Checkatrade - Administration - Login/Login_Button"), 25): Object 'Object Repository/WebOffice/Page_Checkatrade - Administration - Login/Login_Button' is clickable

2020-04-23 15:55:56 - [MESSAGE][PASSED] - Object 'Object Repository/WebOffice/Page_Checkatrade - Administration - Login/Login_Button' is clickable

2020-04-23 15:55:56 - [TEST_STEP][PASSED] - verifyTextPresent("Checkatrade Web Office", false): Text 'Checkatrade Web Office' is present on page 

2020-04-23 15:55:56 - [MESSAGE][PASSED] - Text 'Checkatrade Web Office' is present on page 

2020-04-23 15:55:56 - [TEST_STEP][PASSED] - verifyTextPresent("Access for staff use only", false): Text 'Access for staff use only' is present on page 

2020-04-23 15:55:56 - [MESSAGE][PASSED] - Text 'Access for staff use only' is present on page 

2020-04-23 15:55:56 - [TEST_STEP][PASSED] - verifyTextPresent("Forgotten password?", false): Text 'Forgotten password?' is present on page 

2020-04-23 15:55:56 - [MESSAGE][PASSED] - Text 'Forgotten password?' is present on page 

2020-04-23 15:55:56 - [TEST_STEP][PASSED] - setText(findTestObject("Object Repository/WebOffice/Page_Checkatrade - Administration - Login/input_Username_LoginControlUserName"), wo_Username): Text 'DavidHo' is set on object 'Object Repository/WebOffice/Page_Checkatrade - Administration - Login/input_Username_LoginControlUserName'

2020-04-23 15:55:56 - [MESSAGE][PASSED] - Text 'DavidHo' is set on object 'Object Repository/WebOffice/Page_Checkatrade - Administration - Login/input_Username_LoginControlUserName'

2020-04-23 15:55:56 - [TEST_STEP][PASSED] - setText(findTestObject("Object Repository/WebOffice/Page_Checkatrade - Administration - Login/input_Password_LoginControlPassword"), wo_Password): Text 'Check123' is set on object 'Object Repository/WebOffice/Page_Checkatrade - Administration - Login/input_Password_LoginControlPassword'

2020-04-23 15:55:57 - [MESSAGE][PASSED] - Text 'Check123' is set on object 'Object Repository/WebOffice/Page_Checkatrade - Administration - Login/input_Password_LoginControlPassword'

2020-04-23 15:55:57 - [TEST_STEP][PASSED] - click(findTestObject("Object Repository/WebOffice/Page_Checkatrade - Administration - Login/Login_Button")): Object: 'Object Repository/WebOffice/Page_Checkatrade - Administration - Login/Login_Button' is clicked on

2020-04-23 15:55:58 - [MESSAGE][PASSED] - Object: 'Object Repository/WebOffice/Page_Checkatrade - Administration - Login/Login_Button' is clicked on

2020-04-23 15:55:58 - [TEST_STEP][PASSED] - waitForPageLoad(60): Wait for page load successfully

2020-04-23 15:55:58 - [MESSAGE][PASSED] - Wait for page load successfully

2020-04-23 15:55:58 - [TEST_STEP][PASSED] - verifyTextPresent("Welcome " + wo_Username, false): Text 'Welcome DavidHo' is present on page 

2020-04-23 15:55:58 - [MESSAGE][PASSED] - Text 'Welcome DavidHo' is present on page 

2020-04-23 15:55:58 - [MESSAGE][PASSED] - Call Test Case 'Test Cases/Reusable_Test_Sequences/Web_Office/Directives/WebOffice_StartUp' successfully

2020-04-23 15:55:58 - [TEST_STEP][PASSED] - "-----------------------------------------------------------------": null

2020-04-23 15:55:58 - [TEST_STEP][PASSED] - " Navigate to <Settings->Checkatrade.Com->Sub Item> Menu Item     |": null

2020-04-23 15:55:58 - [TEST_STEP][PASSED] - callTestCase(findTestCase("Reusable_Test_Sequences/Web_Office/Navigation/Sub_Menu_Navigation/Reports/Company_Website_Status_Changes_Consumers"), [:], STOP_ON_FAILURE): Call Test Case 'Test Cases/Reusable_Test_Sequences/Web_Office/Navigation/Sub_Menu_Navigation/Reports/Company_Website_Status_Changes_Consumers' successfully

2020-04-23 15:55:58 - [TEST_CASE][PASSED] - Test Cases/Reusable_Test_Sequences/Web_Office/Navigation/Sub_Menu_Navigation/Reports/Company_Website_Status_Changes_Consumers: Test Cases/Reusable_Test_Sequences/Web_Office/Navigation/Sub_Menu_Navigation/Reports/Company_Website_Status_Changes_Consumers

2020-04-23 15:55:58 - [TEST_STEP][PASSED] - "--------------------------------------": null

2020-04-23 15:55:58 - [TEST_STEP][PASSED] - " Navigate Top level menu Item         |": null

2020-04-23 15:55:58 - [TEST_STEP][PASSED] - waitForPageLoad(60): Wait for page load successfully

2020-04-23 15:55:58 - [MESSAGE][PASSED] - Wait for page load successfully

2020-04-23 15:55:58 - [TEST_STEP][PASSED] - waitForElementClickable(findTestObject("Object Repository/WebOffice_Home_page/a_Reports"), 60): Object 'Object Repository/WebOffice_Home_page/a_Reports' is clickable

2020-04-23 15:55:59 - [MESSAGE][PASSED] - Object 'Object Repository/WebOffice_Home_page/a_Reports' is clickable

2020-04-23 15:55:59 - [TEST_STEP][PASSED] - mouseOver(findTestObject("Object Repository/WebOffice_Home_page/a_Reports")): Object: 'Object Repository/WebOffice_Home_page/a_Reports' is hovered

2020-04-23 15:55:59 - [MESSAGE][PASSED] - Object: 'Object Repository/WebOffice_Home_page/a_Reports' is hovered

2020-04-23 15:55:59 - [TEST_STEP][PASSED] - click(findTestObject("Object Repository/WebOffice_Home_page/Page_/a_Consumers")): Object: 'Object Repository/WebOffice_Home_page/Page_/a_Consumers' is clicked on

2020-04-23 15:55:59 - [MESSAGE][PASSED] - Object: 'Object Repository/WebOffice_Home_page/Page_/a_Consumers' is clicked on

2020-04-23 15:55:59 - [TEST_STEP][PASSED] - waitForPageLoad(5): Wait for page load successfully

2020-04-23 15:55:59 - [MESSAGE][PASSED] - Wait for page load successfully

2020-04-23 15:55:59 - [TEST_STEP][PASSED] - waitForElementClickable(findTestObject("Object Repository/WebOffice_Home_page/a_Company Website Status Changes"), 5): Object 'Object Repository/WebOffice_Home_page/a_Company Website Status Changes' is clickable

2020-04-23 15:56:00 - [MESSAGE][PASSED] - Object 'Object Repository/WebOffice_Home_page/a_Company Website Status Changes' is clickable

2020-04-23 15:56:00 - [TEST_STEP][PASSED] - click(findTestObject("Object Repository/WebOffice_Home_page/a_Company Website Status Changes")): Object: 'Object Repository/WebOffice_Home_page/a_Company Website Status Changes' is clicked on

2020-04-23 15:56:04 - [MESSAGE][PASSED] - Object: 'Object Repository/WebOffice_Home_page/a_Company Website Status Changes' is clicked on

2020-04-23 15:56:04 - [MESSAGE][PASSED] - Call Test Case 'Test Cases/Reusable_Test_Sequences/Web_Office/Navigation/Sub_Menu_Navigation/Reports/Company_Website_Status_Changes_Consumers' successfully

2020-04-23 15:56:04 - [TEST_STEP][PASSED] - "--------------------------------------": null

2020-04-23 15:56:04 - [TEST_STEP][PASSED] - " Verify Returned Page Detail          |": null

2020-04-23 15:56:04 - [TEST_STEP][PASSED] - callTestCase(findTestCase("Reusable_Test_Sequences/Web_Office/Verification/Reports/Company_Website_Status_Changes"), [:], OPTIONAL): Call Test Case 'Test Cases/Reusable_Test_Sequences/Web_Office/Verification/Reports/Company_Website_Status_Changes' successfully

2020-04-23 15:56:04 - [TEST_CASE][PASSED] - Test Cases/Reusable_Test_Sequences/Web_Office/Verification/Reports/Company_Website_Status_Changes: Test Cases/Reusable_Test_Sequences/Web_Office/Verification/Reports/Company_Website_Status_Changes

2020-04-23 15:56:05 - [TEST_STEP][PASSED] - waitForPageLoad(120): Wait for page load successfully

2020-04-23 15:56:05 - [MESSAGE][PASSED] - Wait for page load successfully

2020-04-23 15:56:05 - [TEST_STEP][PASSED] - delay(1): Delayed 1 second(s)

2020-04-23 15:56:06 - [MESSAGE][PASSED] - Delayed 1 second(s)

2020-04-23 15:56:06 - [TEST_STEP][PASSED] - verifyTextPresent("Company Website Status Change Report", false): Text 'Company Website Status Change Report' is present on page 

2020-04-23 15:56:06 - [MESSAGE][PASSED] - Text 'Company Website Status Change Report' is present on page 

2020-04-23 15:56:06 - [TEST_STEP][PASSED] - "----------------------------------------------": null

2020-04-23 15:56:06 - [TEST_STEP][PASSED] - verifyTextPresent("All Available Dates:", false): Text 'All Available Dates:' is present on page 

2020-04-23 15:56:07 - [MESSAGE][PASSED] - Text 'All Available Dates:' is present on page 

2020-04-23 15:56:07 - [TEST_STEP][PASSED] - verifyTextPresent("Total no. companies", false): Text 'Total no. companies' is present on page 

2020-04-23 15:56:08 - [MESSAGE][PASSED] - Text 'Total no. companies' is present on page 

2020-04-23 15:56:08 - [TEST_STEP][PASSED] - "----------------------------------------------": null

2020-04-23 15:56:08 - [TEST_STEP][PASSED] - "----------------------------------------------": null

2020-04-23 15:56:08 - [TEST_STEP][PASSED] - verifyTextPresent("Company", false): Text 'Company' is present on page 

2020-04-23 15:56:08 - [MESSAGE][PASSED] - Text 'Company' is present on page 

2020-04-23 15:56:08 - [TEST_STEP][PASSED] - verifyTextPresent("Status", false): Text 'Status' is present on page 

2020-04-23 15:56:09 - [MESSAGE][PASSED] - Text 'Status' is present on page 

2020-04-23 15:56:09 - [TEST_STEP][PASSED] - verifyTextPresent("Description", false): Text 'Description' is present on page 

2020-04-23 15:56:09 - [MESSAGE][PASSED] - Text 'Description' is present on page 

2020-04-23 15:56:09 - [TEST_STEP][PASSED] - verifyTextPresent("Date Changed", false): Text 'Date Changed' is present on page 

2020-04-23 15:56:09 - [MESSAGE][PASSED] - Text 'Date Changed' is present on page 

2020-04-23 15:56:09 - [TEST_STEP][PASSED] - "----------------------------------------------": null

2020-04-23 15:56:09 - [TEST_STEP][PASSED] - "----------------------------------------------": null

2020-04-23 15:56:09 - [TEST_STEP][PASSED] - "----------------------------------------------": null

2020-04-23 15:56:09 - [TEST_STEP][PASSED] - verifyTextPresent("Added to Website", false): Text 'Added to Website' is present on page 

2020-04-23 15:56:10 - [MESSAGE][PASSED] - Text 'Added to Website' is present on page 

2020-04-23 15:56:10 - [TEST_STEP][PASSED] - verifyTextPresent("Removed from website", false): Text 'Removed from website' is present on page 

2020-04-23 15:56:10 - [MESSAGE][PASSED] - Text 'Removed from website' is present on page 

2020-04-23 15:56:10 - [MESSAGE][PASSED] - Call Test Case 'Test Cases/Reusable_Test_Sequences/Web_Office/Verification/Reports/Company_Website_Status_Changes' successfully

2020-04-23 15:56:10 - [TEST_STEP][PASSED] - "--------------------------": null

2020-04-23 15:56:10 - [TEST_STEP][PASSED] - " Teardown - CLose Browser |": null

2020-04-23 15:56:10 - [TEST_STEP][PASSED] - callTestCase(findTestCase("Reusable_Test_Sequences/CAT_Teardown"), [:], OPTIONAL): Call Test Case 'Test Cases/Reusable_Test_Sequences/CAT_Teardown' successfully

2020-04-23 15:56:10 - [TEST_CASE][PASSED] - Test Cases/Reusable_Test_Sequences/CAT_Teardown: Test Cases/Reusable_Test_Sequences/CAT_Teardown

2020-04-23 15:56:10 - [TEST_STEP][PASSED] - closeBrowser(): Browser is closed

2020-04-23 15:56:11 - [MESSAGE][PASSED] - Browser is closed

2020-04-23 15:56:11 - [TEST_STEP][PASSED] - super.finalize(): null

2020-04-23 15:56:11 - [TEST_STEP][PASSED] - System.gc(): null

2020-04-23 15:56:11 - [MESSAGE][PASSED] - Call Test Case 'Test Cases/Reusable_Test_Sequences/CAT_Teardown' successfully]]></system-out>
         <system-err><![CDATA[]]></system-err>
      </testcase>
      <testcase name="Test Cases/Web_Office/Reports/Directory_Preferences" time="616.745" classname="Test Cases/Web_Office/Reports/Directory_Preferences" status="PASSED">
         <system-out><![CDATA[2020-04-23 15:56:11 - [TEST_CASE][PASSED] - Test Cases/Web_Office/Reports/Directory_Preferences: Test Cases/Web_Office/Reports/Directory_Preferences

2020-04-23 15:56:12 - [TEST_STEP][PASSED] - "--------------------------------------": null

2020-04-23 15:56:12 - [TEST_STEP][PASSED] - " Web Office StartUp                  |": null

2020-04-23 15:56:12 - [TEST_STEP][PASSED] - callTestCase(findTestCase("Reusable_Test_Sequences/Web_Office/Directives/WebOffice_StartUp"), [:], STOP_ON_FAILURE): Call Test Case 'Test Cases/Reusable_Test_Sequences/Web_Office/Directives/WebOffice_StartUp' successfully

2020-04-23 15:56:12 - [TEST_CASE][PASSED] - Test Cases/Reusable_Test_Sequences/Web_Office/Directives/WebOffice_StartUp: Test Cases/Reusable_Test_Sequences/Web_Office/Directives/WebOffice_StartUp

2020-04-23 15:56:12 - [TEST_STEP][PASSED] - "-----------------------------------------------------------------------------": null

2020-04-23 15:56:12 - [TEST_STEP][PASSED] - if (URL == "https://www.dev.checkatrade.com/"): null

2020-04-23 15:56:12 - [TEST_STEP][PASSED] - "-----------------------------------------------------------------------------": null

2020-04-23 15:56:12 - [TEST_STEP][PASSED] - if (URL == "https://www.checkatrade.com/"): null

2020-04-23 15:56:12 - [TEST_STEP][PASSED] - "-----------------------------------------------------------------------------": null

2020-04-23 15:56:12 - [TEST_STEP][PASSED] - if (URL == "https://www.preview.checkatrade.com/"): null

2020-04-23 15:56:12 - [TEST_STEP][PASSED] - WebOfficeURL = "https://admin.preview.checkatrade.com/": null

2020-04-23 15:56:12 - [TEST_STEP][PASSED] - if (URL == "https://www.dev2.checkatrade.com/"): null

2020-04-23 15:56:12 - [TEST_STEP][PASSED] - "Set Function Area for "URL_Handler", URL Resolution": null

2020-04-23 15:56:12 - [TEST_STEP][PASSED] - "Do Some Magic with URL(s) See the comments within URL Handler ": null

2020-04-23 15:56:12 - [TEST_STEP][PASSED] - "------------------------------------------------": null

2020-04-23 15:56:12 - [TEST_STEP][PASSED] - "Moved Login Credentials to <Default> profile 22/01/2020": null

2020-04-23 15:56:12 - [TEST_STEP][PASSED] - "------------------------------------------------": null

2020-04-23 15:56:12 - [TEST_STEP][PASSED] - "WebOfficeURL - Set from the ENVIRONMENT PROFILE ": null

2020-04-23 15:56:12 - [TEST_STEP][PASSED] - "OPEN BROWSER": null

2020-04-23 15:56:12 - [TEST_STEP][PASSED] - "eg - https://admin.preview.checkatrade.com/  ": null

2020-04-23 15:56:12 - [TEST_STEP][PASSED] - openBrowser(WebOfficeURL): Browser is opened with url: 'https://admin.preview.checkatrade.com/'

2020-04-23 15:56:12 - [MESSAGE][INFO] - Starting 'Chrome' driver

2020-04-23 15:56:12 - [MESSAGE][INFO] - Action delay is set to 0 milliseconds

2020-04-23 15:56:19 - [MESSAGE][PASSED] - Browser is opened with url: 'https://admin.preview.checkatrade.com/'

2020-04-23 15:56:19 - [TEST_STEP][PASSED] - maximizeWindow(): Current window maximized

2020-04-23 15:56:21 - [MESSAGE][PASSED] - Current window maximized

2020-04-23 15:56:21 - [TEST_STEP][PASSED] - waitForElementClickable(findTestObject("Object Repository/WebOffice/Page_Checkatrade - Administration - Login/Login_Button"), 25): Object 'Object Repository/WebOffice/Page_Checkatrade - Administration - Login/Login_Button' is clickable

2020-04-23 15:56:21 - [MESSAGE][PASSED] - Object 'Object Repository/WebOffice/Page_Checkatrade - Administration - Login/Login_Button' is clickable

2020-04-23 15:56:21 - [TEST_STEP][PASSED] - verifyTextPresent("Checkatrade Web Office", false): Text 'Checkatrade Web Office' is present on page 

2020-04-23 15:56:21 - [MESSAGE][PASSED] - Text 'Checkatrade Web Office' is present on page 

2020-04-23 15:56:21 - [TEST_STEP][PASSED] - verifyTextPresent("Access for staff use only", false): Text 'Access for staff use only' is present on page 

2020-04-23 15:56:21 - [MESSAGE][PASSED] - Text 'Access for staff use only' is present on page 

2020-04-23 15:56:21 - [TEST_STEP][PASSED] - verifyTextPresent("Forgotten password?", false): Text 'Forgotten password?' is present on page 

2020-04-23 15:56:22 - [MESSAGE][PASSED] - Text 'Forgotten password?' is present on page 

2020-04-23 15:56:22 - [TEST_STEP][PASSED] - setText(findTestObject("Object Repository/WebOffice/Page_Checkatrade - Administration - Login/input_Username_LoginControlUserName"), wo_Username): Text 'DavidHo' is set on object 'Object Repository/WebOffice/Page_Checkatrade - Administration - Login/input_Username_LoginControlUserName'

2020-04-23 15:56:22 - [MESSAGE][PASSED] - Text 'DavidHo' is set on object 'Object Repository/WebOffice/Page_Checkatrade - Administration - Login/input_Username_LoginControlUserName'

2020-04-23 15:56:22 - [TEST_STEP][PASSED] - setText(findTestObject("Object Repository/WebOffice/Page_Checkatrade - Administration - Login/input_Password_LoginControlPassword"), wo_Password): Text 'Check123' is set on object 'Object Repository/WebOffice/Page_Checkatrade - Administration - Login/input_Password_LoginControlPassword'

2020-04-23 15:56:23 - [MESSAGE][PASSED] - Text 'Check123' is set on object 'Object Repository/WebOffice/Page_Checkatrade - Administration - Login/input_Password_LoginControlPassword'

2020-04-23 15:56:23 - [TEST_STEP][PASSED] - click(findTestObject("Object Repository/WebOffice/Page_Checkatrade - Administration - Login/Login_Button")): Object: 'Object Repository/WebOffice/Page_Checkatrade - Administration - Login/Login_Button' is clicked on

2020-04-23 15:56:24 - [MESSAGE][PASSED] - Object: 'Object Repository/WebOffice/Page_Checkatrade - Administration - Login/Login_Button' is clicked on

2020-04-23 15:56:24 - [TEST_STEP][PASSED] - waitForPageLoad(60): Wait for page load successfully

2020-04-23 15:56:24 - [MESSAGE][PASSED] - Wait for page load successfully

2020-04-23 15:56:24 - [TEST_STEP][PASSED] - verifyTextPresent("Welcome " + wo_Username, false): Text 'Welcome DavidHo' is present on page 

2020-04-23 15:56:24 - [MESSAGE][PASSED] - Text 'Welcome DavidHo' is present on page 

2020-04-23 15:56:24 - [MESSAGE][PASSED] - Call Test Case 'Test Cases/Reusable_Test_Sequences/Web_Office/Directives/WebOffice_StartUp' successfully

2020-04-23 15:56:24 - [TEST_STEP][PASSED] - "-----------------------------------------------------------------": null

2020-04-23 15:56:24 - [TEST_STEP][PASSED] - " Navigate to <Settings->Checkatrade.Com->Sub Item> Menu Item     |": null

2020-04-23 15:56:24 - [TEST_STEP][PASSED] - callTestCase(findTestCase("Reusable_Test_Sequences/Web_Office/Navigation/Sub_Menu_Navigation/Reports/Directory_Preferences"), [:], STOP_ON_FAILURE): Call Test Case 'Test Cases/Reusable_Test_Sequences/Web_Office/Navigation/Sub_Menu_Navigation/Reports/Directory_Preferences' successfully

2020-04-23 15:56:25 - [TEST_CASE][PASSED] - Test Cases/Reusable_Test_Sequences/Web_Office/Navigation/Sub_Menu_Navigation/Reports/Directory_Preferences: Test Cases/Reusable_Test_Sequences/Web_Office/Navigation/Sub_Menu_Navigation/Reports/Directory_Preferences

2020-04-23 15:56:25 - [TEST_STEP][PASSED] - "--------------------------------------": null

2020-04-23 15:56:25 - [TEST_STEP][PASSED] - " Navigate Top level menu Item         |": null

2020-04-23 15:56:25 - [TEST_STEP][PASSED] - waitForPageLoad(60): Wait for page load successfully

2020-04-23 15:56:25 - [MESSAGE][PASSED] - Wait for page load successfully

2020-04-23 15:56:25 - [TEST_STEP][PASSED] - waitForElementClickable(findTestObject("Object Repository/WebOffice_Home_page/a_Reports"), 60): Object 'Object Repository/WebOffice_Home_page/a_Reports' is clickable

2020-04-23 15:56:25 - [MESSAGE][PASSED] - Object 'Object Repository/WebOffice_Home_page/a_Reports' is clickable

2020-04-23 15:56:25 - [TEST_STEP][PASSED] - mouseOver(findTestObject("Object Repository/WebOffice_Home_page/a_Reports")): Object: 'Object Repository/WebOffice_Home_page/a_Reports' is hovered

2020-04-23 15:56:26 - [MESSAGE][PASSED] - Object: 'Object Repository/WebOffice_Home_page/a_Reports' is hovered

2020-04-23 15:56:26 - [TEST_STEP][PASSED] - mouseOver(findTestObject("Object Repository/WebOffice_Home_page/Page_/a_Consumers")): Object: 'Object Repository/WebOffice_Home_page/Page_/a_Consumers' is hovered

2020-04-23 15:56:26 - [MESSAGE][PASSED] - Object: 'Object Repository/WebOffice_Home_page/Page_/a_Consumers' is hovered

2020-04-23 15:56:26 - [TEST_STEP][PASSED] - waitForPageLoad(5): Wait for page load successfully

2020-04-23 15:56:26 - [MESSAGE][PASSED] - Wait for page load successfully

2020-04-23 15:56:26 - [TEST_STEP][PASSED] - waitForElementClickable(findTestObject("Object Repository/WebOffice_Home_page/a_Directory Preferences"), 5): Object 'Object Repository/WebOffice_Home_page/a_Directory Preferences' is clickable

2020-04-23 15:56:26 - [MESSAGE][PASSED] - Object 'Object Repository/WebOffice_Home_page/a_Directory Preferences' is clickable

2020-04-23 15:56:26 - [TEST_STEP][PASSED] - click(findTestObject("Object Repository/WebOffice_Home_page/a_Directory Preferences")): Object: 'Object Repository/WebOffice_Home_page/a_Directory Preferences' is clicked on

2020-04-23 15:57:33 - [MESSAGE][PASSED] - Object: 'Object Repository/WebOffice_Home_page/a_Directory Preferences' is clicked on

2020-04-23 15:57:33 - [MESSAGE][PASSED] - Call Test Case 'Test Cases/Reusable_Test_Sequences/Web_Office/Navigation/Sub_Menu_Navigation/Reports/Directory_Preferences' successfully

2020-04-23 15:57:33 - [TEST_STEP][PASSED] - "--------------------------------------": null

2020-04-23 15:57:33 - [TEST_STEP][PASSED] - " Verify Returned Page Detail          |": null

2020-04-23 15:57:33 - [TEST_STEP][PASSED] - callTestCase(findTestCase("Reusable_Test_Sequences/Web_Office/Verification/Reports/Directory_Preferences"), [:], OPTIONAL): Call Test Case 'Test Cases/Reusable_Test_Sequences/Web_Office/Verification/Reports/Directory_Preferences' successfully

2020-04-23 15:57:33 - [TEST_CASE][PASSED] - Test Cases/Reusable_Test_Sequences/Web_Office/Verification/Reports/Directory_Preferences: Test Cases/Reusable_Test_Sequences/Web_Office/Verification/Reports/Directory_Preferences

2020-04-23 15:57:33 - [TEST_STEP][PASSED] - waitForPageLoad(120): Wait for page load successfully

2020-04-23 15:57:33 - [MESSAGE][PASSED] - Wait for page load successfully

2020-04-23 15:57:33 - [TEST_STEP][PASSED] - delay(1): Delayed 1 second(s)

2020-04-23 15:57:34 - [MESSAGE][PASSED] - Delayed 1 second(s)

2020-04-23 15:57:34 - [TEST_STEP][PASSED] - verifyTextPresent("Directory Performance Report", false): Text 'Directory Performance Report' is present on page 

2020-04-23 15:58:01 - [MESSAGE][PASSED] - Text 'Directory Performance Report' is present on page 

2020-04-23 15:58:01 - [TEST_STEP][PASSED] - "----------------------------------------------": null

2020-04-23 15:58:01 - [TEST_STEP][PASSED] - verifyTextPresent("Hide Old", false): Text 'Hide Old' is present on page 

2020-04-23 15:58:35 - [MESSAGE][PASSED] - Text 'Hide Old' is present on page 

2020-04-23 15:58:35 - [TEST_STEP][PASSED] - verifyTextPresent("Hide Current", false): Text 'Hide Current' is present on page 

2020-04-23 15:59:05 - [MESSAGE][PASSED] - Text 'Hide Current' is present on page 

2020-04-23 15:59:05 - [TEST_STEP][PASSED] - verifyTextPresent("Hide Future", false): Text 'Hide Future' is present on page 

2020-04-23 15:59:39 - [MESSAGE][PASSED] - Text 'Hide Future' is present on page 

2020-04-23 15:59:39 - [TEST_STEP][PASSED] - verifyTextPresent("Hide Prospective", false): Text 'Hide Prospective' is present on page 

2020-04-23 16:00:09 - [MESSAGE][PASSED] - Text 'Hide Prospective' is present on page 

2020-04-23 16:00:09 - [TEST_STEP][PASSED] - "----------------------------------------------": null

2020-04-23 16:00:09 - [TEST_STEP][PASSED] - "----------------------------------------------": null

2020-04-23 16:00:09 - [TEST_STEP][PASSED] - verifyTextPresent("DIRECTORY NAME", false): Text 'DIRECTORY NAME' is present on page 

2020-04-23 16:00:36 - [MESSAGE][PASSED] - Text 'DIRECTORY NAME' is present on page 

2020-04-23 16:00:36 - [TEST_STEP][PASSED] - verifyTextPresent("EDITION", false): Text 'EDITION' is present on page 

2020-04-23 16:01:02 - [MESSAGE][PASSED] - Text 'EDITION' is present on page 

2020-04-23 16:01:02 - [TEST_STEP][PASSED] - verifyTextPresent("BOXES SOLD", false): Text 'BOXES SOLD' is present on page 

2020-04-23 16:01:27 - [MESSAGE][PASSED] - Text 'BOXES SOLD' is present on page 

2020-04-23 16:01:27 - [TEST_STEP][PASSED] - verifyTextPresent("BOXES FOC", false): Text 'BOXES FOC' is present on page 

2020-04-23 16:01:54 - [MESSAGE][PASSED] - Text 'BOXES FOC' is present on page 

2020-04-23 16:01:54 - [TEST_STEP][PASSED] - verifyTextPresent("BOXES TOTAL", false): Text 'BOXES TOTAL' is present on page 

2020-04-23 16:02:21 - [MESSAGE][PASSED] - Text 'BOXES TOTAL' is present on page 

2020-04-23 16:02:21 - [TEST_STEP][PASSED] - verifyTextPresent("FIRST RESERVE", false): Text 'FIRST RESERVE' is present on page 

2020-04-23 16:02:43 - [MESSAGE][PASSED] - Text 'FIRST RESERVE' is present on page 

2020-04-23 16:02:43 - [TEST_STEP][PASSED] - verifyTextPresent("DEFINITELY", false): Text 'DEFINITELY' is present on page 

2020-04-23 16:03:08 - [MESSAGE][PASSED] - Text 'DEFINITELY' is present on page 

2020-04-23 16:03:08 - [TEST_STEP][PASSED] - verifyTextPresent("WOULD CONSIDER", false): Text 'WOULD CONSIDER' is present on page 

2020-04-23 16:03:32 - [MESSAGE][PASSED] - Text 'WOULD CONSIDER' is present on page 

2020-04-23 16:03:32 - [TEST_STEP][PASSED] - verifyTextPresent("DESIRED TOTAL", false): Text 'DESIRED TOTAL' is present on page 

2020-04-23 16:03:54 - [MESSAGE][PASSED] - Text 'DESIRED TOTAL' is present on page 

2020-04-23 16:03:54 - [TEST_STEP][PASSED] - "----------------------------------------------": null

2020-04-23 16:03:54 - [TEST_STEP][PASSED] - verifyTextPresent("Abingdon + Didcot 7 (Old)", false): Text 'Abingdon + Didcot 7 (Old)' is present on page 

2020-04-23 16:04:27 - [MESSAGE][PASSED] - Text 'Abingdon + Didcot 7 (Old)' is present on page 

2020-04-23 16:04:27 - [TEST_STEP][PASSED] - verifyTextPresent("Amersham + Chesham 12 (Current)", false): Text 'Amersham + Chesham 12 (Current)' is present on page 

2020-04-23 16:04:56 - [MESSAGE][PASSED] - Text 'Amersham + Chesham 12 (Current)' is present on page 

2020-04-23 16:04:56 - [TEST_STEP][PASSED] - verifyTextPresent("11", false): Text '11' is present on page 

2020-04-23 16:05:25 - [MESSAGE][PASSED] - Text '11' is present on page 

2020-04-23 16:05:25 - [TEST_STEP][PASSED] - verifyTextPresent("133", false): Text '133' is present on page 

2020-04-23 16:05:53 - [MESSAGE][PASSED] - Text '133' is present on page 

2020-04-23 16:05:53 - [TEST_STEP][PASSED] - verifyTextPresent("58", false): Text '58' is present on page 

2020-04-23 16:06:26 - [MESSAGE][PASSED] - Text '58' is present on page 

2020-04-23 16:06:26 - [MESSAGE][PASSED] - Call Test Case 'Test Cases/Reusable_Test_Sequences/Web_Office/Verification/Reports/Directory_Preferences' successfully

2020-04-23 16:06:26 - [TEST_STEP][PASSED] - "--------------------------": null

2020-04-23 16:06:26 - [TEST_STEP][PASSED] - " Teardown - CLose Browser |": null

2020-04-23 16:06:26 - [TEST_STEP][PASSED] - callTestCase(findTestCase("Reusable_Test_Sequences/CAT_Teardown"), [:], OPTIONAL): Call Test Case 'Test Cases/Reusable_Test_Sequences/CAT_Teardown' successfully

2020-04-23 16:06:27 - [TEST_CASE][PASSED] - Test Cases/Reusable_Test_Sequences/CAT_Teardown: Test Cases/Reusable_Test_Sequences/CAT_Teardown

2020-04-23 16:06:27 - [TEST_STEP][PASSED] - closeBrowser(): Browser is closed

2020-04-23 16:06:28 - [MESSAGE][PASSED] - Browser is closed

2020-04-23 16:06:28 - [TEST_STEP][PASSED] - super.finalize(): null

2020-04-23 16:06:28 - [TEST_STEP][PASSED] - System.gc(): null

2020-04-23 16:06:28 - [MESSAGE][PASSED] - Call Test Case 'Test Cases/Reusable_Test_Sequences/CAT_Teardown' successfully]]></system-out>
         <system-err><![CDATA[]]></system-err>
      </testcase>
      <testcase name="Test Cases/Web_Office/Reports/Most_Popular" time="22.57" classname="Test Cases/Web_Office/Reports/Most_Popular" status="PASSED">
         <system-out><![CDATA[2020-04-23 16:06:28 - [TEST_CASE][PASSED] - Test Cases/Web_Office/Reports/Most_Popular: Test Cases/Web_Office/Reports/Most_Popular

2020-04-23 16:06:29 - [TEST_STEP][PASSED] - "--------------------------------------": null

2020-04-23 16:06:29 - [TEST_STEP][PASSED] - " Web Office StartUp                  |": null

2020-04-23 16:06:29 - [TEST_STEP][PASSED] - callTestCase(findTestCase("Reusable_Test_Sequences/Web_Office/Directives/WebOffice_StartUp"), [:], STOP_ON_FAILURE): Call Test Case 'Test Cases/Reusable_Test_Sequences/Web_Office/Directives/WebOffice_StartUp' successfully

2020-04-23 16:06:29 - [TEST_CASE][PASSED] - Test Cases/Reusable_Test_Sequences/Web_Office/Directives/WebOffice_StartUp: Test Cases/Reusable_Test_Sequences/Web_Office/Directives/WebOffice_StartUp

2020-04-23 16:06:29 - [TEST_STEP][PASSED] - "-----------------------------------------------------------------------------": null

2020-04-23 16:06:29 - [TEST_STEP][PASSED] - if (URL == "https://www.dev.checkatrade.com/"): null

2020-04-23 16:06:29 - [TEST_STEP][PASSED] - "-----------------------------------------------------------------------------": null

2020-04-23 16:06:29 - [TEST_STEP][PASSED] - if (URL == "https://www.checkatrade.com/"): null

2020-04-23 16:06:29 - [TEST_STEP][PASSED] - "-----------------------------------------------------------------------------": null

2020-04-23 16:06:29 - [TEST_STEP][PASSED] - if (URL == "https://www.preview.checkatrade.com/"): null

2020-04-23 16:06:29 - [TEST_STEP][PASSED] - WebOfficeURL = "https://admin.preview.checkatrade.com/": null

2020-04-23 16:06:29 - [TEST_STEP][PASSED] - if (URL == "https://www.dev2.checkatrade.com/"): null

2020-04-23 16:06:29 - [TEST_STEP][PASSED] - "Set Function Area for "URL_Handler", URL Resolution": null

2020-04-23 16:06:29 - [TEST_STEP][PASSED] - "Do Some Magic with URL(s) See the comments within URL Handler ": null

2020-04-23 16:06:29 - [TEST_STEP][PASSED] - "------------------------------------------------": null

2020-04-23 16:06:29 - [TEST_STEP][PASSED] - "Moved Login Credentials to <Default> profile 22/01/2020": null

2020-04-23 16:06:29 - [TEST_STEP][PASSED] - "------------------------------------------------": null

2020-04-23 16:06:29 - [TEST_STEP][PASSED] - "WebOfficeURL - Set from the ENVIRONMENT PROFILE ": null

2020-04-23 16:06:29 - [TEST_STEP][PASSED] - "OPEN BROWSER": null

2020-04-23 16:06:29 - [TEST_STEP][PASSED] - "eg - https://admin.preview.checkatrade.com/  ": null

2020-04-23 16:06:29 - [TEST_STEP][PASSED] - openBrowser(WebOfficeURL): Browser is opened with url: 'https://admin.preview.checkatrade.com/'

2020-04-23 16:06:29 - [MESSAGE][INFO] - Starting 'Chrome' driver

2020-04-23 16:06:29 - [MESSAGE][INFO] - Action delay is set to 0 milliseconds

2020-04-23 16:06:34 - [MESSAGE][PASSED] - Browser is opened with url: 'https://admin.preview.checkatrade.com/'

2020-04-23 16:06:34 - [TEST_STEP][PASSED] - maximizeWindow(): Current window maximized

2020-04-23 16:06:37 - [MESSAGE][PASSED] - Current window maximized

2020-04-23 16:06:37 - [TEST_STEP][PASSED] - waitForElementClickable(findTestObject("Object Repository/WebOffice/Page_Checkatrade - Administration - Login/Login_Button"), 25): Object 'Object Repository/WebOffice/Page_Checkatrade - Administration - Login/Login_Button' is clickable

2020-04-23 16:06:37 - [MESSAGE][PASSED] - Object 'Object Repository/WebOffice/Page_Checkatrade - Administration - Login/Login_Button' is clickable

2020-04-23 16:06:37 - [TEST_STEP][PASSED] - verifyTextPresent("Checkatrade Web Office", false): Text 'Checkatrade Web Office' is present on page 

2020-04-23 16:06:37 - [MESSAGE][PASSED] - Text 'Checkatrade Web Office' is present on page 

2020-04-23 16:06:37 - [TEST_STEP][PASSED] - verifyTextPresent("Access for staff use only", false): Text 'Access for staff use only' is present on page 

2020-04-23 16:06:37 - [MESSAGE][PASSED] - Text 'Access for staff use only' is present on page 

2020-04-23 16:06:37 - [TEST_STEP][PASSED] - verifyTextPresent("Forgotten password?", false): Text 'Forgotten password?' is present on page 

2020-04-23 16:06:38 - [MESSAGE][PASSED] - Text 'Forgotten password?' is present on page 

2020-04-23 16:06:38 - [TEST_STEP][PASSED] - setText(findTestObject("Object Repository/WebOffice/Page_Checkatrade - Administration - Login/input_Username_LoginControlUserName"), wo_Username): Text 'DavidHo' is set on object 'Object Repository/WebOffice/Page_Checkatrade - Administration - Login/input_Username_LoginControlUserName'

2020-04-23 16:06:38 - [MESSAGE][PASSED] - Text 'DavidHo' is set on object 'Object Repository/WebOffice/Page_Checkatrade - Administration - Login/input_Username_LoginControlUserName'

2020-04-23 16:06:38 - [TEST_STEP][PASSED] - setText(findTestObject("Object Repository/WebOffice/Page_Checkatrade - Administration - Login/input_Password_LoginControlPassword"), wo_Password): Text 'Check123' is set on object 'Object Repository/WebOffice/Page_Checkatrade - Administration - Login/input_Password_LoginControlPassword'

2020-04-23 16:06:38 - [MESSAGE][PASSED] - Text 'Check123' is set on object 'Object Repository/WebOffice/Page_Checkatrade - Administration - Login/input_Password_LoginControlPassword'

2020-04-23 16:06:38 - [TEST_STEP][PASSED] - click(findTestObject("Object Repository/WebOffice/Page_Checkatrade - Administration - Login/Login_Button")): Object: 'Object Repository/WebOffice/Page_Checkatrade - Administration - Login/Login_Button' is clicked on

2020-04-23 16:06:40 - [MESSAGE][PASSED] - Object: 'Object Repository/WebOffice/Page_Checkatrade - Administration - Login/Login_Button' is clicked on

2020-04-23 16:06:40 - [TEST_STEP][PASSED] - waitForPageLoad(60): Wait for page load successfully

2020-04-23 16:06:40 - [MESSAGE][PASSED] - Wait for page load successfully

2020-04-23 16:06:40 - [TEST_STEP][PASSED] - verifyTextPresent("Welcome " + wo_Username, false): Text 'Welcome DavidHo' is present on page 

2020-04-23 16:06:41 - [MESSAGE][PASSED] - Text 'Welcome DavidHo' is present on page 

2020-04-23 16:06:41 - [MESSAGE][PASSED] - Call Test Case 'Test Cases/Reusable_Test_Sequences/Web_Office/Directives/WebOffice_StartUp' successfully

2020-04-23 16:06:41 - [TEST_STEP][PASSED] - "-----------------------------------------------------------------": null

2020-04-23 16:06:41 - [TEST_STEP][PASSED] - " Navigate to <Settings->Checkatrade.Com->Sub Item> Menu Item     |": null

2020-04-23 16:06:41 - [TEST_STEP][PASSED] - callTestCase(findTestCase("Reusable_Test_Sequences/Web_Office/Navigation/Sub_Menu_Navigation/Reports/Most_Popular"), [:], STOP_ON_FAILURE): Call Test Case 'Test Cases/Reusable_Test_Sequences/Web_Office/Navigation/Sub_Menu_Navigation/Reports/Most_Popular' successfully

2020-04-23 16:06:41 - [TEST_CASE][PASSED] - Test Cases/Reusable_Test_Sequences/Web_Office/Navigation/Sub_Menu_Navigation/Reports/Most_Popular: Test Cases/Reusable_Test_Sequences/Web_Office/Navigation/Sub_Menu_Navigation/Reports/Most_Popular

2020-04-23 16:06:42 - [TEST_STEP][PASSED] - "--------------------------------------": null

2020-04-23 16:06:42 - [TEST_STEP][PASSED] - " Navigate Top level menu Item         |": null

2020-04-23 16:06:42 - [TEST_STEP][PASSED] - waitForPageLoad(60): Wait for page load successfully

2020-04-23 16:06:42 - [MESSAGE][PASSED] - Wait for page load successfully

2020-04-23 16:06:42 - [TEST_STEP][PASSED] - waitForElementClickable(findTestObject("Object Repository/WebOffice_Home_page/a_Reports"), 60): Object 'Object Repository/WebOffice_Home_page/a_Reports' is clickable

2020-04-23 16:06:42 - [MESSAGE][PASSED] - Object 'Object Repository/WebOffice_Home_page/a_Reports' is clickable

2020-04-23 16:06:42 - [TEST_STEP][PASSED] - mouseOver(findTestObject("Object Repository/WebOffice_Home_page/a_Reports")): Object: 'Object Repository/WebOffice_Home_page/a_Reports' is hovered

2020-04-23 16:06:42 - [MESSAGE][PASSED] - Object: 'Object Repository/WebOffice_Home_page/a_Reports' is hovered

2020-04-23 16:06:42 - [TEST_STEP][PASSED] - mouseOver(findTestObject("Object Repository/WebOffice_Home_page/Page_/a_Consumers")): Object: 'Object Repository/WebOffice_Home_page/Page_/a_Consumers' is hovered

2020-04-23 16:06:42 - [MESSAGE][PASSED] - Object: 'Object Repository/WebOffice_Home_page/Page_/a_Consumers' is hovered

2020-04-23 16:06:42 - [TEST_STEP][PASSED] - mouseOver(findTestObject("Object Repository/WebOffice_Home_page/Page_/a_Consumer Searches")): Object: 'Object Repository/WebOffice_Home_page/Page_/a_Consumer Searches' is hovered

2020-04-23 16:06:43 - [MESSAGE][PASSED] - Object: 'Object Repository/WebOffice_Home_page/Page_/a_Consumer Searches' is hovered

2020-04-23 16:06:43 - [TEST_STEP][PASSED] - waitForPageLoad(5): Wait for page load successfully

2020-04-23 16:06:43 - [MESSAGE][PASSED] - Wait for page load successfully

2020-04-23 16:06:43 - [TEST_STEP][PASSED] - waitForElementClickable(findTestObject("Object Repository/WebOffice_Home_page/a_Most Popular"), 5): Object 'Object Repository/WebOffice_Home_page/a_Most Popular' is clickable

2020-04-23 16:06:43 - [MESSAGE][PASSED] - Object 'Object Repository/WebOffice_Home_page/a_Most Popular' is clickable

2020-04-23 16:06:43 - [TEST_STEP][PASSED] - click(findTestObject("Object Repository/WebOffice_Home_page/a_Most Popular")): Object: 'Object Repository/WebOffice_Home_page/a_Most Popular' is clicked on

2020-04-23 16:06:45 - [MESSAGE][PASSED] - Object: 'Object Repository/WebOffice_Home_page/a_Most Popular' is clicked on

2020-04-23 16:06:45 - [MESSAGE][PASSED] - Call Test Case 'Test Cases/Reusable_Test_Sequences/Web_Office/Navigation/Sub_Menu_Navigation/Reports/Most_Popular' successfully

2020-04-23 16:06:45 - [TEST_STEP][PASSED] - "--------------------------------------": null

2020-04-23 16:06:45 - [TEST_STEP][PASSED] - " Verify Returned Page Detail          |": null

2020-04-23 16:06:45 - [TEST_STEP][PASSED] - callTestCase(findTestCase("Reusable_Test_Sequences/Web_Office/Verification/Reports/Most_Popular"), [:], OPTIONAL): Call Test Case 'Test Cases/Reusable_Test_Sequences/Web_Office/Verification/Reports/Most_Popular' successfully

2020-04-23 16:06:45 - [TEST_CASE][PASSED] - Test Cases/Reusable_Test_Sequences/Web_Office/Verification/Reports/Most_Popular: Test Cases/Reusable_Test_Sequences/Web_Office/Verification/Reports/Most_Popular

2020-04-23 16:06:45 - [TEST_STEP][PASSED] - waitForPageLoad(120): Wait for page load successfully

2020-04-23 16:06:45 - [MESSAGE][PASSED] - Wait for page load successfully

2020-04-23 16:06:45 - [TEST_STEP][PASSED] - delay(1): Delayed 1 second(s)

2020-04-23 16:06:46 - [MESSAGE][PASSED] - Delayed 1 second(s)

2020-04-23 16:06:46 - [TEST_STEP][PASSED] - verifyTextPresent("Consumer Searches", false): Text 'Consumer Searches' is present on page 

2020-04-23 16:06:47 - [MESSAGE][PASSED] - Text 'Consumer Searches' is present on page 

2020-04-23 16:06:47 - [TEST_STEP][PASSED] - "----------------------------------------------": null

2020-04-23 16:06:47 - [TEST_STEP][PASSED] - verifyTextPresent("Most Popular Searches", false): Text 'Most Popular Searches' is present on page 

2020-04-23 16:06:48 - [MESSAGE][PASSED] - Text 'Most Popular Searches' is present on page 

2020-04-23 16:06:48 - [TEST_STEP][PASSED] - "----------------------------------------------": null

2020-04-23 16:06:48 - [TEST_STEP][PASSED] - verifyTextPresent("From", false): Text 'From' is present on page 

2020-04-23 16:06:48 - [MESSAGE][PASSED] - Text 'From' is present on page 

2020-04-23 16:06:48 - [TEST_STEP][PASSED] - verifyTextPresent("To", false): Text 'To' is present on page 

2020-04-23 16:06:48 - [MESSAGE][PASSED] - Text 'To' is present on page 

2020-04-23 16:06:48 - [MESSAGE][PASSED] - Call Test Case 'Test Cases/Reusable_Test_Sequences/Web_Office/Verification/Reports/Most_Popular' successfully

2020-04-23 16:06:48 - [TEST_STEP][PASSED] - "--------------------------": null

2020-04-23 16:06:48 - [TEST_STEP][PASSED] - " Teardown - CLose Browser |": null

2020-04-23 16:06:48 - [TEST_STEP][PASSED] - callTestCase(findTestCase("Reusable_Test_Sequences/CAT_Teardown"), [:], OPTIONAL): Call Test Case 'Test Cases/Reusable_Test_Sequences/CAT_Teardown' successfully

2020-04-23 16:06:48 - [TEST_CASE][PASSED] - Test Cases/Reusable_Test_Sequences/CAT_Teardown: Test Cases/Reusable_Test_Sequences/CAT_Teardown

2020-04-23 16:06:48 - [TEST_STEP][PASSED] - closeBrowser(): Browser is closed

2020-04-23 16:06:50 - [MESSAGE][PASSED] - Browser is closed

2020-04-23 16:06:50 - [TEST_STEP][PASSED] - super.finalize(): null

2020-04-23 16:06:50 - [TEST_STEP][PASSED] - System.gc(): null

2020-04-23 16:06:50 - [MESSAGE][PASSED] - Call Test Case 'Test Cases/Reusable_Test_Sequences/CAT_Teardown' successfully]]></system-out>
         <system-err><![CDATA[]]></system-err>
      </testcase>
      <testcase name="Test Cases/Web_Office/Reports/By_Category_and_Location" time="42.005" classname="Test Cases/Web_Office/Reports/By_Category_and_Location" status="PASSED">
         <system-out><![CDATA[2020-04-23 16:06:50 - [TEST_CASE][PASSED] - Test Cases/Web_Office/Reports/By_Category_and_Location: Test Cases/Web_Office/Reports/By_Category_and_Location

2020-04-23 16:06:51 - [TEST_STEP][PASSED] - "--------------------------------------": null

2020-04-23 16:06:51 - [TEST_STEP][PASSED] - " Web Office StartUp                  |": null

2020-04-23 16:06:51 - [TEST_STEP][PASSED] - callTestCase(findTestCase("Reusable_Test_Sequences/Web_Office/Directives/WebOffice_StartUp"), [:], STOP_ON_FAILURE): Call Test Case 'Test Cases/Reusable_Test_Sequences/Web_Office/Directives/WebOffice_StartUp' successfully

2020-04-23 16:06:51 - [TEST_CASE][PASSED] - Test Cases/Reusable_Test_Sequences/Web_Office/Directives/WebOffice_StartUp: Test Cases/Reusable_Test_Sequences/Web_Office/Directives/WebOffice_StartUp

2020-04-23 16:06:51 - [TEST_STEP][PASSED] - "-----------------------------------------------------------------------------": null

2020-04-23 16:06:51 - [TEST_STEP][PASSED] - if (URL == "https://www.dev.checkatrade.com/"): null

2020-04-23 16:06:51 - [TEST_STEP][PASSED] - "-----------------------------------------------------------------------------": null

2020-04-23 16:06:51 - [TEST_STEP][PASSED] - if (URL == "https://www.checkatrade.com/"): null

2020-04-23 16:06:51 - [TEST_STEP][PASSED] - "-----------------------------------------------------------------------------": null

2020-04-23 16:06:51 - [TEST_STEP][PASSED] - if (URL == "https://www.preview.checkatrade.com/"): null

2020-04-23 16:06:51 - [TEST_STEP][PASSED] - WebOfficeURL = "https://admin.preview.checkatrade.com/": null

2020-04-23 16:06:51 - [TEST_STEP][PASSED] - if (URL == "https://www.dev2.checkatrade.com/"): null

2020-04-23 16:06:51 - [TEST_STEP][PASSED] - "Set Function Area for "URL_Handler", URL Resolution": null

2020-04-23 16:06:51 - [TEST_STEP][PASSED] - "Do Some Magic with URL(s) See the comments within URL Handler ": null

2020-04-23 16:06:51 - [TEST_STEP][PASSED] - "------------------------------------------------": null

2020-04-23 16:06:51 - [TEST_STEP][PASSED] - "Moved Login Credentials to <Default> profile 22/01/2020": null

2020-04-23 16:06:51 - [TEST_STEP][PASSED] - "------------------------------------------------": null

2020-04-23 16:06:51 - [TEST_STEP][PASSED] - "WebOfficeURL - Set from the ENVIRONMENT PROFILE ": null

2020-04-23 16:06:51 - [TEST_STEP][PASSED] - "OPEN BROWSER": null

2020-04-23 16:06:51 - [TEST_STEP][PASSED] - "eg - https://admin.preview.checkatrade.com/  ": null

2020-04-23 16:06:51 - [TEST_STEP][PASSED] - openBrowser(WebOfficeURL): Browser is opened with url: 'https://admin.preview.checkatrade.com/'

2020-04-23 16:06:51 - [MESSAGE][INFO] - Starting 'Chrome' driver

2020-04-23 16:06:51 - [MESSAGE][INFO] - Action delay is set to 0 milliseconds

2020-04-23 16:06:57 - [MESSAGE][PASSED] - Browser is opened with url: 'https://admin.preview.checkatrade.com/'

2020-04-23 16:06:57 - [TEST_STEP][PASSED] - maximizeWindow(): Current window maximized

2020-04-23 16:06:59 - [MESSAGE][PASSED] - Current window maximized

2020-04-23 16:06:59 - [TEST_STEP][PASSED] - waitForElementClickable(findTestObject("Object Repository/WebOffice/Page_Checkatrade - Administration - Login/Login_Button"), 25): Object 'Object Repository/WebOffice/Page_Checkatrade - Administration - Login/Login_Button' is clickable

2020-04-23 16:06:59 - [MESSAGE][PASSED] - Object 'Object Repository/WebOffice/Page_Checkatrade - Administration - Login/Login_Button' is clickable

2020-04-23 16:06:59 - [TEST_STEP][PASSED] - verifyTextPresent("Checkatrade Web Office", false): Text 'Checkatrade Web Office' is present on page 

2020-04-23 16:07:00 - [MESSAGE][PASSED] - Text 'Checkatrade Web Office' is present on page 

2020-04-23 16:07:00 - [TEST_STEP][PASSED] - verifyTextPresent("Access for staff use only", false): Text 'Access for staff use only' is present on page 

2020-04-23 16:07:00 - [MESSAGE][PASSED] - Text 'Access for staff use only' is present on page 

2020-04-23 16:07:00 - [TEST_STEP][PASSED] - verifyTextPresent("Forgotten password?", false): Text 'Forgotten password?' is present on page 

2020-04-23 16:07:00 - [MESSAGE][PASSED] - Text 'Forgotten password?' is present on page 

2020-04-23 16:07:00 - [TEST_STEP][PASSED] - setText(findTestObject("Object Repository/WebOffice/Page_Checkatrade - Administration - Login/input_Username_LoginControlUserName"), wo_Username): Text 'DavidHo' is set on object 'Object Repository/WebOffice/Page_Checkatrade - Administration - Login/input_Username_LoginControlUserName'

2020-04-23 16:07:00 - [MESSAGE][PASSED] - Text 'DavidHo' is set on object 'Object Repository/WebOffice/Page_Checkatrade - Administration - Login/input_Username_LoginControlUserName'

2020-04-23 16:07:00 - [TEST_STEP][PASSED] - setText(findTestObject("Object Repository/WebOffice/Page_Checkatrade - Administration - Login/input_Password_LoginControlPassword"), wo_Password): Text 'Check123' is set on object 'Object Repository/WebOffice/Page_Checkatrade - Administration - Login/input_Password_LoginControlPassword'

2020-04-23 16:07:00 - [MESSAGE][PASSED] - Text 'Check123' is set on object 'Object Repository/WebOffice/Page_Checkatrade - Administration - Login/input_Password_LoginControlPassword'

2020-04-23 16:07:00 - [TEST_STEP][PASSED] - click(findTestObject("Object Repository/WebOffice/Page_Checkatrade - Administration - Login/Login_Button")): Object: 'Object Repository/WebOffice/Page_Checkatrade - Administration - Login/Login_Button' is clicked on

2020-04-23 16:07:03 - [MESSAGE][PASSED] - Object: 'Object Repository/WebOffice/Page_Checkatrade - Administration - Login/Login_Button' is clicked on

2020-04-23 16:07:03 - [TEST_STEP][PASSED] - waitForPageLoad(60): Wait for page load successfully

2020-04-23 16:07:03 - [MESSAGE][PASSED] - Wait for page load successfully

2020-04-23 16:07:03 - [TEST_STEP][PASSED] - verifyTextPresent("Welcome " + wo_Username, false): Text 'Welcome DavidHo' is present on page 

2020-04-23 16:07:03 - [MESSAGE][PASSED] - Text 'Welcome DavidHo' is present on page 

2020-04-23 16:07:03 - [MESSAGE][PASSED] - Call Test Case 'Test Cases/Reusable_Test_Sequences/Web_Office/Directives/WebOffice_StartUp' successfully

2020-04-23 16:07:03 - [TEST_STEP][PASSED] - "-----------------------------------------------------------------": null

2020-04-23 16:07:03 - [TEST_STEP][PASSED] - " Navigate to <Settings->Checkatrade.Com->Sub Item> Menu Item     |": null

2020-04-23 16:07:03 - [TEST_STEP][PASSED] - callTestCase(findTestCase("Reusable_Test_Sequences/Web_Office/Navigation/Sub_Menu_Navigation/Reports/By_Category_and_Location"), [:], STOP_ON_FAILURE): Call Test Case 'Test Cases/Reusable_Test_Sequences/Web_Office/Navigation/Sub_Menu_Navigation/Reports/By_Category_and_Location' successfully

2020-04-23 16:07:04 - [TEST_CASE][PASSED] - Test Cases/Reusable_Test_Sequences/Web_Office/Navigation/Sub_Menu_Navigation/Reports/By_Category_and_Location: Test Cases/Reusable_Test_Sequences/Web_Office/Navigation/Sub_Menu_Navigation/Reports/By_Category_and_Location

2020-04-23 16:07:04 - [TEST_STEP][PASSED] - "--------------------------------------": null

2020-04-23 16:07:04 - [TEST_STEP][PASSED] - " Navigate Top level menu Item         |": null

2020-04-23 16:07:04 - [TEST_STEP][PASSED] - waitForPageLoad(60): Wait for page load successfully

2020-04-23 16:07:04 - [MESSAGE][PASSED] - Wait for page load successfully

2020-04-23 16:07:04 - [TEST_STEP][PASSED] - waitForElementClickable(findTestObject("Object Repository/WebOffice_Home_page/a_Reports"), 60): Object 'Object Repository/WebOffice_Home_page/a_Reports' is clickable

2020-04-23 16:07:04 - [MESSAGE][PASSED] - Object 'Object Repository/WebOffice_Home_page/a_Reports' is clickable

2020-04-23 16:07:04 - [TEST_STEP][PASSED] - mouseOver(findTestObject("Object Repository/WebOffice_Home_page/a_Reports")): Object: 'Object Repository/WebOffice_Home_page/a_Reports' is hovered

2020-04-23 16:07:04 - [MESSAGE][PASSED] - Object: 'Object Repository/WebOffice_Home_page/a_Reports' is hovered

2020-04-23 16:07:04 - [TEST_STEP][PASSED] - mouseOver(findTestObject("Object Repository/WebOffice_Home_page/Page_/a_Consumers")): Object: 'Object Repository/WebOffice_Home_page/Page_/a_Consumers' is hovered

2020-04-23 16:07:05 - [MESSAGE][PASSED] - Object: 'Object Repository/WebOffice_Home_page/Page_/a_Consumers' is hovered

2020-04-23 16:07:05 - [TEST_STEP][PASSED] - mouseOver(findTestObject("Object Repository/WebOffice_Home_page/Page_/a_Consumer Searches")): Object: 'Object Repository/WebOffice_Home_page/Page_/a_Consumer Searches' is hovered

2020-04-23 16:07:05 - [MESSAGE][PASSED] - Object: 'Object Repository/WebOffice_Home_page/Page_/a_Consumer Searches' is hovered

2020-04-23 16:07:05 - [TEST_STEP][PASSED] - waitForPageLoad(5): Wait for page load successfully

2020-04-23 16:07:05 - [MESSAGE][PASSED] - Wait for page load successfully

2020-04-23 16:07:05 - [TEST_STEP][PASSED] - waitForElementClickable(findTestObject("Object Repository/WebOffice_Home_page/a_By Category and Location"), 5): Object 'Object Repository/WebOffice_Home_page/a_By Category and Location' is clickable

2020-04-23 16:07:05 - [MESSAGE][PASSED] - Object 'Object Repository/WebOffice_Home_page/a_By Category and Location' is clickable

2020-04-23 16:07:05 - [TEST_STEP][PASSED] - click(findTestObject("Object Repository/WebOffice_Home_page/a_By Category and Location")): Object: 'Object Repository/WebOffice_Home_page/a_By Category and Location' is clicked on

2020-04-23 16:07:08 - [MESSAGE][PASSED] - Object: 'Object Repository/WebOffice_Home_page/a_By Category and Location' is clicked on

2020-04-23 16:07:08 - [MESSAGE][PASSED] - Call Test Case 'Test Cases/Reusable_Test_Sequences/Web_Office/Navigation/Sub_Menu_Navigation/Reports/By_Category_and_Location' successfully

2020-04-23 16:07:08 - [TEST_STEP][PASSED] - "--------------------------------------": null

2020-04-23 16:07:08 - [TEST_STEP][PASSED] - " Verify Returned Page Detail          |": null

2020-04-23 16:07:08 - [TEST_STEP][PASSED] - callTestCase(findTestCase("Reusable_Test_Sequences/Web_Office/Verification/Reports/By_Category_and_Location"), [:], OPTIONAL): Call Test Case 'Test Cases/Reusable_Test_Sequences/Web_Office/Verification/Reports/By_Category_and_Location' successfully

2020-04-23 16:07:08 - [TEST_CASE][PASSED] - Test Cases/Reusable_Test_Sequences/Web_Office/Verification/Reports/By_Category_and_Location: Test Cases/Reusable_Test_Sequences/Web_Office/Verification/Reports/By_Category_and_Location

2020-04-23 16:07:09 - [TEST_STEP][PASSED] - waitForPageLoad(120): Wait for page load successfully

2020-04-23 16:07:09 - [MESSAGE][PASSED] - Wait for page load successfully

2020-04-23 16:07:09 - [TEST_STEP][PASSED] - delay(1): Delayed 1 second(s)

2020-04-23 16:07:10 - [MESSAGE][PASSED] - Delayed 1 second(s)

2020-04-23 16:07:10 - [TEST_STEP][PASSED] - verifyTextPresent("Searches by Location and Category", false): Text 'Searches by Location and Category' is present on page 

2020-04-23 16:07:11 - [MESSAGE][PASSED] - Text 'Searches by Location and Category' is present on page 

2020-04-23 16:07:11 - [TEST_STEP][PASSED] - "----------------------------------------------": null

2020-04-23 16:07:11 - [TEST_STEP][PASSED] - verifyTextPresent("County", false): Text 'County' is present on page 

2020-04-23 16:07:12 - [MESSAGE][PASSED] - Text 'County' is present on page 

2020-04-23 16:07:12 - [TEST_STEP][PASSED] - verifyTextPresent("Town", false): Text 'Town' is present on page 

2020-04-23 16:07:13 - [MESSAGE][PASSED] - Text 'Town' is present on page 

2020-04-23 16:07:13 - [TEST_STEP][PASSED] - verifyTextPresent("By Postcode", false): Text 'By Postcode' is present on page 

2020-04-23 16:07:14 - [MESSAGE][PASSED] - Text 'By Postcode' is present on page 

2020-04-23 16:07:14 - [TEST_STEP][PASSED] - verifyTextPresent("Select Categories", false): Text 'Select Categories' is present on page 

2020-04-23 16:07:16 - [MESSAGE][PASSED] - Text 'Select Categories' is present on page 

2020-04-23 16:07:16 - [TEST_STEP][PASSED] - "----------------------------------------------": null

2020-04-23 16:07:16 - [TEST_STEP][PASSED] - "----------------------------------------------": null

2020-04-23 16:07:16 - [TEST_STEP][PASSED] - verifyTextPresent("Angus", false): Text 'Angus' is present on page 

2020-04-23 16:07:18 - [MESSAGE][PASSED] - Text 'Angus' is present on page 

2020-04-23 16:07:18 - [TEST_STEP][PASSED] - verifyTextPresent("Berkshire", false): Text 'Berkshire' is present on page 

2020-04-23 16:07:19 - [MESSAGE][PASSED] - Text 'Berkshire' is present on page 

2020-04-23 16:07:19 - [TEST_STEP][PASSED] - verifyTextPresent("Avon", false): Text 'Avon' is present on page 

2020-04-23 16:07:20 - [MESSAGE][PASSED] - Text 'Avon' is present on page 

2020-04-23 16:07:20 - [TEST_STEP][PASSED] - verifyTextPresent("Air Conditioning", false): Text 'Air Conditioning' is present on page 

2020-04-23 16:07:23 - [MESSAGE][PASSED] - Text 'Air Conditioning' is present on page 

2020-04-23 16:07:23 - [TEST_STEP][PASSED] - verifyTextPresent("Alarms/Security", false): Text 'Alarms/Security' is present on page 

2020-04-23 16:07:25 - [MESSAGE][PASSED] - Text 'Alarms/Security' is present on page 

2020-04-23 16:07:25 - [TEST_STEP][PASSED] - verifyTextPresent("CCTV", false): Text 'CCTV' is present on page 

2020-04-23 16:07:27 - [MESSAGE][PASSED] - Text 'CCTV' is present on page 

2020-04-23 16:07:27 - [TEST_STEP][PASSED] - verifyTextPresent("Fire", false): Text 'Fire' is present on page 

2020-04-23 16:07:29 - [MESSAGE][PASSED] - Text 'Fire' is present on page 

2020-04-23 16:07:29 - [TEST_STEP][PASSED] - verifyTextPresent("Alarms", false): Text 'Alarms' is present on page 

2020-04-23 16:07:30 - [MESSAGE][PASSED] - Text 'Alarms' is present on page 

2020-04-23 16:07:30 - [TEST_STEP][PASSED] - verifyTextPresent("Extinguishers", false): Text 'Extinguishers' is present on page 

2020-04-23 16:07:31 - [MESSAGE][PASSED] - Text 'Extinguishers' is present on page 

2020-04-23 16:07:31 - [MESSAGE][PASSED] - Call Test Case 'Test Cases/Reusable_Test_Sequences/Web_Office/Verification/Reports/By_Category_and_Location' successfully

2020-04-23 16:07:31 - [TEST_STEP][PASSED] - "--------------------------": null

2020-04-23 16:07:31 - [TEST_STEP][PASSED] - " Teardown - CLose Browser |": null

2020-04-23 16:07:31 - [TEST_STEP][PASSED] - callTestCase(findTestCase("Reusable_Test_Sequences/CAT_Teardown"), [:], OPTIONAL): Call Test Case 'Test Cases/Reusable_Test_Sequences/CAT_Teardown' successfully

2020-04-23 16:07:32 - [TEST_CASE][PASSED] - Test Cases/Reusable_Test_Sequences/CAT_Teardown: Test Cases/Reusable_Test_Sequences/CAT_Teardown

2020-04-23 16:07:32 - [TEST_STEP][PASSED] - closeBrowser(): Browser is closed

2020-04-23 16:07:32 - [MESSAGE][PASSED] - Browser is closed

2020-04-23 16:07:32 - [TEST_STEP][PASSED] - super.finalize(): null

2020-04-23 16:07:32 - [TEST_STEP][PASSED] - System.gc(): null

2020-04-23 16:07:32 - [MESSAGE][PASSED] - Call Test Case 'Test Cases/Reusable_Test_Sequences/CAT_Teardown' successfully]]></system-out>
         <system-err><![CDATA[]]></system-err>
      </testcase>
      <testcase name="Test Cases/Web_Office/Reports/By_Category" time="24.16" classname="Test Cases/Web_Office/Reports/By_Category" status="PASSED">
         <system-out><![CDATA[2020-04-23 16:07:32 - [TEST_CASE][PASSED] - Test Cases/Web_Office/Reports/By_Category: Test Cases/Web_Office/Reports/By_Category

2020-04-23 16:07:33 - [TEST_STEP][PASSED] - "--------------------------------------": null

2020-04-23 16:07:33 - [TEST_STEP][PASSED] - " Web Office StartUp                  |": null

2020-04-23 16:07:33 - [TEST_STEP][PASSED] - callTestCase(findTestCase("Reusable_Test_Sequences/Web_Office/Directives/WebOffice_StartUp"), [:], STOP_ON_FAILURE): Call Test Case 'Test Cases/Reusable_Test_Sequences/Web_Office/Directives/WebOffice_StartUp' successfully

2020-04-23 16:07:33 - [TEST_CASE][PASSED] - Test Cases/Reusable_Test_Sequences/Web_Office/Directives/WebOffice_StartUp: Test Cases/Reusable_Test_Sequences/Web_Office/Directives/WebOffice_StartUp

2020-04-23 16:07:33 - [TEST_STEP][PASSED] - "-----------------------------------------------------------------------------": null

2020-04-23 16:07:33 - [TEST_STEP][PASSED] - if (URL == "https://www.dev.checkatrade.com/"): null

2020-04-23 16:07:33 - [TEST_STEP][PASSED] - "-----------------------------------------------------------------------------": null

2020-04-23 16:07:33 - [TEST_STEP][PASSED] - if (URL == "https://www.checkatrade.com/"): null

2020-04-23 16:07:33 - [TEST_STEP][PASSED] - "-----------------------------------------------------------------------------": null

2020-04-23 16:07:33 - [TEST_STEP][PASSED] - if (URL == "https://www.preview.checkatrade.com/"): null

2020-04-23 16:07:33 - [TEST_STEP][PASSED] - WebOfficeURL = "https://admin.preview.checkatrade.com/": null

2020-04-23 16:07:33 - [TEST_STEP][PASSED] - if (URL == "https://www.dev2.checkatrade.com/"): null

2020-04-23 16:07:33 - [TEST_STEP][PASSED] - "Set Function Area for "URL_Handler", URL Resolution": null

2020-04-23 16:07:33 - [TEST_STEP][PASSED] - "Do Some Magic with URL(s) See the comments within URL Handler ": null

2020-04-23 16:07:33 - [TEST_STEP][PASSED] - "------------------------------------------------": null

2020-04-23 16:07:33 - [TEST_STEP][PASSED] - "Moved Login Credentials to <Default> profile 22/01/2020": null

2020-04-23 16:07:33 - [TEST_STEP][PASSED] - "------------------------------------------------": null

2020-04-23 16:07:33 - [TEST_STEP][PASSED] - "WebOfficeURL - Set from the ENVIRONMENT PROFILE ": null

2020-04-23 16:07:33 - [TEST_STEP][PASSED] - "OPEN BROWSER": null

2020-04-23 16:07:33 - [TEST_STEP][PASSED] - "eg - https://admin.preview.checkatrade.com/  ": null

2020-04-23 16:07:33 - [TEST_STEP][PASSED] - openBrowser(WebOfficeURL): Browser is opened with url: 'https://admin.preview.checkatrade.com/'

2020-04-23 16:07:33 - [MESSAGE][INFO] - Starting 'Chrome' driver

2020-04-23 16:07:33 - [MESSAGE][INFO] - Action delay is set to 0 milliseconds

2020-04-23 16:07:39 - [MESSAGE][PASSED] - Browser is opened with url: 'https://admin.preview.checkatrade.com/'

2020-04-23 16:07:39 - [TEST_STEP][PASSED] - maximizeWindow(): Current window maximized

2020-04-23 16:07:41 - [MESSAGE][PASSED] - Current window maximized

2020-04-23 16:07:41 - [TEST_STEP][PASSED] - waitForElementClickable(findTestObject("Object Repository/WebOffice/Page_Checkatrade - Administration - Login/Login_Button"), 25): Object 'Object Repository/WebOffice/Page_Checkatrade - Administration - Login/Login_Button' is clickable

2020-04-23 16:07:41 - [MESSAGE][PASSED] - Object 'Object Repository/WebOffice/Page_Checkatrade - Administration - Login/Login_Button' is clickable

2020-04-23 16:07:41 - [TEST_STEP][PASSED] - verifyTextPresent("Checkatrade Web Office", false): Text 'Checkatrade Web Office' is present on page 

2020-04-23 16:07:41 - [MESSAGE][PASSED] - Text 'Checkatrade Web Office' is present on page 

2020-04-23 16:07:41 - [TEST_STEP][PASSED] - verifyTextPresent("Access for staff use only", false): Text 'Access for staff use only' is present on page 

2020-04-23 16:07:41 - [MESSAGE][PASSED] - Text 'Access for staff use only' is present on page 

2020-04-23 16:07:41 - [TEST_STEP][PASSED] - verifyTextPresent("Forgotten password?", false): Text 'Forgotten password?' is present on page 

2020-04-23 16:07:42 - [MESSAGE][PASSED] - Text 'Forgotten password?' is present on page 

2020-04-23 16:07:42 - [TEST_STEP][PASSED] - setText(findTestObject("Object Repository/WebOffice/Page_Checkatrade - Administration - Login/input_Username_LoginControlUserName"), wo_Username): Text 'DavidHo' is set on object 'Object Repository/WebOffice/Page_Checkatrade - Administration - Login/input_Username_LoginControlUserName'

2020-04-23 16:07:42 - [MESSAGE][PASSED] - Text 'DavidHo' is set on object 'Object Repository/WebOffice/Page_Checkatrade - Administration - Login/input_Username_LoginControlUserName'

2020-04-23 16:07:42 - [TEST_STEP][PASSED] - setText(findTestObject("Object Repository/WebOffice/Page_Checkatrade - Administration - Login/input_Password_LoginControlPassword"), wo_Password): Text 'Check123' is set on object 'Object Repository/WebOffice/Page_Checkatrade - Administration - Login/input_Password_LoginControlPassword'

2020-04-23 16:07:42 - [MESSAGE][PASSED] - Text 'Check123' is set on object 'Object Repository/WebOffice/Page_Checkatrade - Administration - Login/input_Password_LoginControlPassword'

2020-04-23 16:07:42 - [TEST_STEP][PASSED] - click(findTestObject("Object Repository/WebOffice/Page_Checkatrade - Administration - Login/Login_Button")): Object: 'Object Repository/WebOffice/Page_Checkatrade - Administration - Login/Login_Button' is clicked on

2020-04-23 16:07:43 - [MESSAGE][PASSED] - Object: 'Object Repository/WebOffice/Page_Checkatrade - Administration - Login/Login_Button' is clicked on

2020-04-23 16:07:43 - [TEST_STEP][PASSED] - waitForPageLoad(60): Wait for page load successfully

2020-04-23 16:07:43 - [MESSAGE][PASSED] - Wait for page load successfully

2020-04-23 16:07:43 - [TEST_STEP][PASSED] - verifyTextPresent("Welcome " + wo_Username, false): Text 'Welcome DavidHo' is present on page 

2020-04-23 16:07:44 - [MESSAGE][PASSED] - Text 'Welcome DavidHo' is present on page 

2020-04-23 16:07:44 - [MESSAGE][PASSED] - Call Test Case 'Test Cases/Reusable_Test_Sequences/Web_Office/Directives/WebOffice_StartUp' successfully

2020-04-23 16:07:44 - [TEST_STEP][PASSED] - "-----------------------------------------------------------------": null

2020-04-23 16:07:44 - [TEST_STEP][PASSED] - " Navigate to <Settings->Checkatrade.Com->Sub Item> Menu Item     |": null

2020-04-23 16:07:44 - [TEST_STEP][PASSED] - callTestCase(findTestCase("Reusable_Test_Sequences/Web_Office/Navigation/Sub_Menu_Navigation/Reports/By_Category"), [:], STOP_ON_FAILURE): Call Test Case 'Test Cases/Reusable_Test_Sequences/Web_Office/Navigation/Sub_Menu_Navigation/Reports/By_Category' successfully

2020-04-23 16:07:44 - [TEST_CASE][PASSED] - Test Cases/Reusable_Test_Sequences/Web_Office/Navigation/Sub_Menu_Navigation/Reports/By_Category: Test Cases/Reusable_Test_Sequences/Web_Office/Navigation/Sub_Menu_Navigation/Reports/By_Category

2020-04-23 16:07:44 - [TEST_STEP][PASSED] - "--------------------------------------": null

2020-04-23 16:07:44 - [TEST_STEP][PASSED] - " Navigate Top level menu Item         |": null

2020-04-23 16:07:44 - [TEST_STEP][PASSED] - waitForPageLoad(60): Wait for page load successfully

2020-04-23 16:07:44 - [MESSAGE][PASSED] - Wait for page load successfully

2020-04-23 16:07:44 - [TEST_STEP][PASSED] - waitForElementClickable(findTestObject("Object Repository/WebOffice_Home_page/a_Reports"), 60): Object 'Object Repository/WebOffice_Home_page/a_Reports' is clickable

2020-04-23 16:07:44 - [MESSAGE][PASSED] - Object 'Object Repository/WebOffice_Home_page/a_Reports' is clickable

2020-04-23 16:07:44 - [TEST_STEP][PASSED] - mouseOver(findTestObject("Object Repository/WebOffice_Home_page/a_Reports")): Object: 'Object Repository/WebOffice_Home_page/a_Reports' is hovered

2020-04-23 16:07:45 - [MESSAGE][PASSED] - Object: 'Object Repository/WebOffice_Home_page/a_Reports' is hovered

2020-04-23 16:07:45 - [TEST_STEP][PASSED] - mouseOver(findTestObject("Object Repository/WebOffice_Home_page/Page_/a_Consumers")): Object: 'Object Repository/WebOffice_Home_page/Page_/a_Consumers' is hovered

2020-04-23 16:07:45 - [MESSAGE][PASSED] - Object: 'Object Repository/WebOffice_Home_page/Page_/a_Consumers' is hovered

2020-04-23 16:07:45 - [TEST_STEP][PASSED] - mouseOver(findTestObject("Object Repository/WebOffice_Home_page/Page_/a_Consumer Searches")): Object: 'Object Repository/WebOffice_Home_page/Page_/a_Consumer Searches' is hovered

2020-04-23 16:07:45 - [MESSAGE][PASSED] - Object: 'Object Repository/WebOffice_Home_page/Page_/a_Consumer Searches' is hovered

2020-04-23 16:07:45 - [TEST_STEP][PASSED] - waitForPageLoad(5): Wait for page load successfully

2020-04-23 16:07:45 - [MESSAGE][PASSED] - Wait for page load successfully

2020-04-23 16:07:45 - [TEST_STEP][PASSED] - waitForElementClickable(findTestObject("Object Repository/WebOffice_Home_page/a_By Category"), 5): Object 'Object Repository/WebOffice_Home_page/a_By Category' is clickable

2020-04-23 16:07:46 - [MESSAGE][PASSED] - Object 'Object Repository/WebOffice_Home_page/a_By Category' is clickable

2020-04-23 16:07:46 - [TEST_STEP][PASSED] - click(findTestObject("Object Repository/WebOffice_Home_page/a_By Category")): Object: 'Object Repository/WebOffice_Home_page/a_By Category' is clicked on

2020-04-23 16:07:46 - [MESSAGE][PASSED] - Object: 'Object Repository/WebOffice_Home_page/a_By Category' is clicked on

2020-04-23 16:07:46 - [MESSAGE][PASSED] - Call Test Case 'Test Cases/Reusable_Test_Sequences/Web_Office/Navigation/Sub_Menu_Navigation/Reports/By_Category' successfully

2020-04-23 16:07:46 - [TEST_STEP][PASSED] - "--------------------------------------": null

2020-04-23 16:07:46 - [TEST_STEP][PASSED] - " Verify Returned Page Detail          |": null

2020-04-23 16:07:46 - [TEST_STEP][PASSED] - callTestCase(findTestCase("Reusable_Test_Sequences/Web_Office/Verification/Reports/By_Category"), [:], OPTIONAL): Call Test Case 'Test Cases/Reusable_Test_Sequences/Web_Office/Verification/Reports/By_Category' successfully

2020-04-23 16:07:46 - [TEST_CASE][PASSED] - Test Cases/Reusable_Test_Sequences/Web_Office/Verification/Reports/By_Category: Test Cases/Reusable_Test_Sequences/Web_Office/Verification/Reports/By_Category

2020-04-23 16:07:47 - [TEST_STEP][PASSED] - waitForPageLoad(120): Wait for page load successfully

2020-04-23 16:07:47 - [MESSAGE][PASSED] - Wait for page load successfully

2020-04-23 16:07:47 - [TEST_STEP][PASSED] - delay(1): Delayed 1 second(s)

2020-04-23 16:07:48 - [MESSAGE][PASSED] - Delayed 1 second(s)

2020-04-23 16:07:48 - [TEST_STEP][PASSED] - verifyTextPresent("Consumer Searches", false): Text 'Consumer Searches' is present on page 

2020-04-23 16:07:48 - [MESSAGE][PASSED] - Text 'Consumer Searches' is present on page 

2020-04-23 16:07:48 - [TEST_STEP][PASSED] - "----------------------------------------------": null

2020-04-23 16:07:48 - [TEST_STEP][PASSED] - verifyTextPresent("From", false): Text 'From' is present on page 

2020-04-23 16:07:49 - [MESSAGE][PASSED] - Text 'From' is present on page 

2020-04-23 16:07:49 - [TEST_STEP][PASSED] - verifyTextPresent("Popular Categories", false): Text 'Popular Categories' is present on page 

2020-04-23 16:07:49 - [MESSAGE][PASSED] - Text 'Popular Categories' is present on page 

2020-04-23 16:07:49 - [TEST_STEP][PASSED] - verifyTextPresent("Search for", false): Text 'Search for' is present on page 

2020-04-23 16:07:49 - [MESSAGE][PASSED] - Text 'Search for' is present on page 

2020-04-23 16:07:49 - [TEST_STEP][PASSED] - verifyTextPresent("No. Results", false): Text 'No. Results' is present on page 

2020-04-23 16:07:50 - [MESSAGE][PASSED] - Text 'No. Results' is present on page 

2020-04-23 16:07:50 - [TEST_STEP][PASSED] - verifyTextPresent("No. Searches", false): Text 'No. Searches' is present on page 

2020-04-23 16:07:50 - [MESSAGE][PASSED] - Text 'No. Searches' is present on page 

2020-04-23 16:07:50 - [TEST_STEP][PASSED] - "----------------------------------------------": null

2020-04-23 16:07:50 - [TEST_STEP][PASSED] - verifyTextPresent("Plumber", false): Text 'Plumber' is present on page 

2020-04-23 16:07:51 - [MESSAGE][PASSED] - Text 'Plumber' is present on page 

2020-04-23 16:07:51 - [TEST_STEP][PASSED] - verifyTextPresent("Builder", false): Text 'Builder' is present on page 

2020-04-23 16:07:51 - [MESSAGE][PASSED] - Text 'Builder' is present on page 

2020-04-23 16:07:51 - [TEST_STEP][PASSED] - verifyTextPresent("Electrician", false): Text 'Electrician' is present on page 

2020-04-23 16:07:52 - [MESSAGE][PASSED] - Text 'Electrician' is present on page 

2020-04-23 16:07:52 - [TEST_STEP][PASSED] - verifyTextPresent("Roofer", false): Text 'Roofer' is present on page 

2020-04-23 16:07:53 - [MESSAGE][PASSED] - Text 'Roofer' is present on page 

2020-04-23 16:07:53 - [TEST_STEP][PASSED] - verifyTextPresent("Painter/Decorator", false): Text 'Painter/Decorator' is present on page 

2020-04-23 16:07:54 - [MESSAGE][PASSED] - Text 'Painter/Decorator' is present on page 

2020-04-23 16:07:54 - [TEST_STEP][PASSED] - verifyTextPresent("Carpenter", false): Text 'Carpenter' is present on page 

2020-04-23 16:07:54 - [MESSAGE][PASSED] - Text 'Carpenter' is present on page 

2020-04-23 16:07:54 - [TEST_STEP][PASSED] - verifyTextPresent("Plasterer", false): Text 'Plasterer' is present on page 

2020-04-23 16:07:54 - [MESSAGE][PASSED] - Text 'Plasterer' is present on page 

2020-04-23 16:07:54 - [TEST_STEP][PASSED] - verifyTextPresent("Roofing Repairs", false): Text 'Roofing Repairs' is present on page 

2020-04-23 16:07:55 - [MESSAGE][PASSED] - Text 'Roofing Repairs' is present on page 

2020-04-23 16:07:55 - [TEST_STEP][PASSED] - verifyTextPresent("Landscaper", false): Text 'Landscaper' is present on page 

2020-04-23 16:07:55 - [MESSAGE][PASSED] - Text 'Landscaper' is present on page 

2020-04-23 16:07:55 - [MESSAGE][PASSED] - Call Test Case 'Test Cases/Reusable_Test_Sequences/Web_Office/Verification/Reports/By_Category' successfully

2020-04-23 16:07:55 - [TEST_STEP][PASSED] - "--------------------------": null

2020-04-23 16:07:55 - [TEST_STEP][PASSED] - " Teardown - CLose Browser |": null

2020-04-23 16:07:55 - [TEST_STEP][PASSED] - callTestCase(findTestCase("Reusable_Test_Sequences/CAT_Teardown"), [:], OPTIONAL): Call Test Case 'Test Cases/Reusable_Test_Sequences/CAT_Teardown' successfully

2020-04-23 16:07:56 - [TEST_CASE][PASSED] - Test Cases/Reusable_Test_Sequences/CAT_Teardown: Test Cases/Reusable_Test_Sequences/CAT_Teardown

2020-04-23 16:07:56 - [TEST_STEP][PASSED] - closeBrowser(): Browser is closed

2020-04-23 16:07:57 - [MESSAGE][PASSED] - Browser is closed

2020-04-23 16:07:57 - [TEST_STEP][PASSED] - super.finalize(): null

2020-04-23 16:07:57 - [TEST_STEP][PASSED] - System.gc(): null

2020-04-23 16:07:57 - [MESSAGE][PASSED] - Call Test Case 'Test Cases/Reusable_Test_Sequences/CAT_Teardown' successfully]]></system-out>
         <system-err><![CDATA[]]></system-err>
      </testcase>
      <testcase name="Test Cases/Web_Office/Reports/By_Location" time="24.034" classname="Test Cases/Web_Office/Reports/By_Location" status="PASSED">
         <system-out><![CDATA[2020-04-23 16:07:57 - [TEST_CASE][PASSED] - Test Cases/Web_Office/Reports/By_Location: Test Cases/Web_Office/Reports/By_Location

2020-04-23 16:07:57 - [TEST_STEP][PASSED] - "--------------------------------------": null

2020-04-23 16:07:57 - [TEST_STEP][PASSED] - " Web Office StartUp                  |": null

2020-04-23 16:07:57 - [TEST_STEP][PASSED] - callTestCase(findTestCase("Reusable_Test_Sequences/Web_Office/Directives/WebOffice_StartUp"), [:], STOP_ON_FAILURE): Call Test Case 'Test Cases/Reusable_Test_Sequences/Web_Office/Directives/WebOffice_StartUp' successfully

2020-04-23 16:07:57 - [TEST_CASE][PASSED] - Test Cases/Reusable_Test_Sequences/Web_Office/Directives/WebOffice_StartUp: Test Cases/Reusable_Test_Sequences/Web_Office/Directives/WebOffice_StartUp

2020-04-23 16:07:57 - [TEST_STEP][PASSED] - "-----------------------------------------------------------------------------": null

2020-04-23 16:07:57 - [TEST_STEP][PASSED] - if (URL == "https://www.dev.checkatrade.com/"): null

2020-04-23 16:07:57 - [TEST_STEP][PASSED] - "-----------------------------------------------------------------------------": null

2020-04-23 16:07:57 - [TEST_STEP][PASSED] - if (URL == "https://www.checkatrade.com/"): null

2020-04-23 16:07:57 - [TEST_STEP][PASSED] - "-----------------------------------------------------------------------------": null

2020-04-23 16:07:57 - [TEST_STEP][PASSED] - if (URL == "https://www.preview.checkatrade.com/"): null

2020-04-23 16:07:57 - [TEST_STEP][PASSED] - WebOfficeURL = "https://admin.preview.checkatrade.com/": null

2020-04-23 16:07:57 - [TEST_STEP][PASSED] - if (URL == "https://www.dev2.checkatrade.com/"): null

2020-04-23 16:07:57 - [TEST_STEP][PASSED] - "Set Function Area for "URL_Handler", URL Resolution": null

2020-04-23 16:07:57 - [TEST_STEP][PASSED] - "Do Some Magic with URL(s) See the comments within URL Handler ": null

2020-04-23 16:07:57 - [TEST_STEP][PASSED] - "------------------------------------------------": null

2020-04-23 16:07:57 - [TEST_STEP][PASSED] - "Moved Login Credentials to <Default> profile 22/01/2020": null

2020-04-23 16:07:57 - [TEST_STEP][PASSED] - "------------------------------------------------": null

2020-04-23 16:07:57 - [TEST_STEP][PASSED] - "WebOfficeURL - Set from the ENVIRONMENT PROFILE ": null

2020-04-23 16:07:57 - [TEST_STEP][PASSED] - "OPEN BROWSER": null

2020-04-23 16:07:57 - [TEST_STEP][PASSED] - "eg - https://admin.preview.checkatrade.com/  ": null

2020-04-23 16:07:57 - [TEST_STEP][PASSED] - openBrowser(WebOfficeURL): Browser is opened with url: 'https://admin.preview.checkatrade.com/'

2020-04-23 16:07:57 - [MESSAGE][INFO] - Starting 'Chrome' driver

2020-04-23 16:07:57 - [MESSAGE][INFO] - Action delay is set to 0 milliseconds

2020-04-23 16:08:03 - [MESSAGE][PASSED] - Browser is opened with url: 'https://admin.preview.checkatrade.com/'

2020-04-23 16:08:03 - [TEST_STEP][PASSED] - maximizeWindow(): Current window maximized

2020-04-23 16:08:05 - [MESSAGE][PASSED] - Current window maximized

2020-04-23 16:08:05 - [TEST_STEP][PASSED] - waitForElementClickable(findTestObject("Object Repository/WebOffice/Page_Checkatrade - Administration - Login/Login_Button"), 25): Object 'Object Repository/WebOffice/Page_Checkatrade - Administration - Login/Login_Button' is clickable

2020-04-23 16:08:06 - [MESSAGE][PASSED] - Object 'Object Repository/WebOffice/Page_Checkatrade - Administration - Login/Login_Button' is clickable

2020-04-23 16:08:06 - [TEST_STEP][PASSED] - verifyTextPresent("Checkatrade Web Office", false): Text 'Checkatrade Web Office' is present on page 

2020-04-23 16:08:06 - [MESSAGE][PASSED] - Text 'Checkatrade Web Office' is present on page 

2020-04-23 16:08:06 - [TEST_STEP][PASSED] - verifyTextPresent("Access for staff use only", false): Text 'Access for staff use only' is present on page 

2020-04-23 16:08:06 - [MESSAGE][PASSED] - Text 'Access for staff use only' is present on page 

2020-04-23 16:08:06 - [TEST_STEP][PASSED] - verifyTextPresent("Forgotten password?", false): Text 'Forgotten password?' is present on page 

2020-04-23 16:08:06 - [MESSAGE][PASSED] - Text 'Forgotten password?' is present on page 

2020-04-23 16:08:06 - [TEST_STEP][PASSED] - setText(findTestObject("Object Repository/WebOffice/Page_Checkatrade - Administration - Login/input_Username_LoginControlUserName"), wo_Username): Text 'DavidHo' is set on object 'Object Repository/WebOffice/Page_Checkatrade - Administration - Login/input_Username_LoginControlUserName'

2020-04-23 16:08:06 - [MESSAGE][PASSED] - Text 'DavidHo' is set on object 'Object Repository/WebOffice/Page_Checkatrade - Administration - Login/input_Username_LoginControlUserName'

2020-04-23 16:08:06 - [TEST_STEP][PASSED] - setText(findTestObject("Object Repository/WebOffice/Page_Checkatrade - Administration - Login/input_Password_LoginControlPassword"), wo_Password): Text 'Check123' is set on object 'Object Repository/WebOffice/Page_Checkatrade - Administration - Login/input_Password_LoginControlPassword'

2020-04-23 16:08:07 - [MESSAGE][PASSED] - Text 'Check123' is set on object 'Object Repository/WebOffice/Page_Checkatrade - Administration - Login/input_Password_LoginControlPassword'

2020-04-23 16:08:07 - [TEST_STEP][PASSED] - click(findTestObject("Object Repository/WebOffice/Page_Checkatrade - Administration - Login/Login_Button")): Object: 'Object Repository/WebOffice/Page_Checkatrade - Administration - Login/Login_Button' is clicked on

2020-04-23 16:08:10 - [MESSAGE][PASSED] - Object: 'Object Repository/WebOffice/Page_Checkatrade - Administration - Login/Login_Button' is clicked on

2020-04-23 16:08:10 - [TEST_STEP][PASSED] - waitForPageLoad(60): Wait for page load successfully

2020-04-23 16:08:10 - [MESSAGE][PASSED] - Wait for page load successfully

2020-04-23 16:08:10 - [TEST_STEP][PASSED] - verifyTextPresent("Welcome " + wo_Username, false): Text 'Welcome DavidHo' is present on page 

2020-04-23 16:08:10 - [MESSAGE][PASSED] - Text 'Welcome DavidHo' is present on page 

2020-04-23 16:08:10 - [MESSAGE][PASSED] - Call Test Case 'Test Cases/Reusable_Test_Sequences/Web_Office/Directives/WebOffice_StartUp' successfully

2020-04-23 16:08:10 - [TEST_STEP][PASSED] - "-----------------------------------------------------------------": null

2020-04-23 16:08:10 - [TEST_STEP][PASSED] - " Navigate to <Reports->Checkatrade.Com->Sub Item> Menu Item     |": null

2020-04-23 16:08:10 - [TEST_STEP][PASSED] - callTestCase(findTestCase("Reusable_Test_Sequences/Web_Office/Navigation/Sub_Menu_Navigation/Reports/By_Location"), [:], STOP_ON_FAILURE): Call Test Case 'Test Cases/Reusable_Test_Sequences/Web_Office/Navigation/Sub_Menu_Navigation/Reports/By_Location' successfully

2020-04-23 16:08:10 - [TEST_CASE][PASSED] - Test Cases/Reusable_Test_Sequences/Web_Office/Navigation/Sub_Menu_Navigation/Reports/By_Location: Test Cases/Reusable_Test_Sequences/Web_Office/Navigation/Sub_Menu_Navigation/Reports/By_Location

2020-04-23 16:08:11 - [TEST_STEP][PASSED] - "--------------------------------------": null

2020-04-23 16:08:11 - [TEST_STEP][PASSED] - " Navigate Top level menu Item         |": null

2020-04-23 16:08:11 - [TEST_STEP][PASSED] - waitForPageLoad(60): Wait for page load successfully

2020-04-23 16:08:11 - [MESSAGE][PASSED] - Wait for page load successfully

2020-04-23 16:08:11 - [TEST_STEP][PASSED] - waitForElementClickable(findTestObject("Object Repository/WebOffice_Home_page/a_Reports"), 60): Object 'Object Repository/WebOffice_Home_page/a_Reports' is clickable

2020-04-23 16:08:11 - [MESSAGE][PASSED] - Object 'Object Repository/WebOffice_Home_page/a_Reports' is clickable

2020-04-23 16:08:11 - [TEST_STEP][PASSED] - mouseOver(findTestObject("Object Repository/WebOffice_Home_page/a_Reports")): Object: 'Object Repository/WebOffice_Home_page/a_Reports' is hovered

2020-04-23 16:08:11 - [MESSAGE][PASSED] - Object: 'Object Repository/WebOffice_Home_page/a_Reports' is hovered

2020-04-23 16:08:11 - [TEST_STEP][PASSED] - mouseOver(findTestObject("Object Repository/WebOffice_Home_page/Page_/a_Consumers")): Object: 'Object Repository/WebOffice_Home_page/Page_/a_Consumers' is hovered

2020-04-23 16:08:12 - [MESSAGE][PASSED] - Object: 'Object Repository/WebOffice_Home_page/Page_/a_Consumers' is hovered

2020-04-23 16:08:12 - [TEST_STEP][PASSED] - mouseOver(findTestObject("Object Repository/WebOffice_Home_page/Page_/a_Consumer Searches")): Object: 'Object Repository/WebOffice_Home_page/Page_/a_Consumer Searches' is hovered

2020-04-23 16:08:12 - [MESSAGE][PASSED] - Object: 'Object Repository/WebOffice_Home_page/Page_/a_Consumer Searches' is hovered

2020-04-23 16:08:12 - [TEST_STEP][PASSED] - waitForPageLoad(5): Wait for page load successfully

2020-04-23 16:08:12 - [MESSAGE][PASSED] - Wait for page load successfully

2020-04-23 16:08:12 - [TEST_STEP][PASSED] - waitForElementClickable(findTestObject("Object Repository/WebOffice_Home_page/a_By Location"), 5): Object 'Object Repository/WebOffice_Home_page/a_By Location' is clickable

2020-04-23 16:08:12 - [MESSAGE][PASSED] - Object 'Object Repository/WebOffice_Home_page/a_By Location' is clickable

2020-04-23 16:08:12 - [TEST_STEP][PASSED] - click(findTestObject("Object Repository/WebOffice_Home_page/a_By Location")): Object: 'Object Repository/WebOffice_Home_page/a_By Location' is clicked on

2020-04-23 16:08:13 - [MESSAGE][PASSED] - Object: 'Object Repository/WebOffice_Home_page/a_By Location' is clicked on

2020-04-23 16:08:13 - [MESSAGE][PASSED] - Call Test Case 'Test Cases/Reusable_Test_Sequences/Web_Office/Navigation/Sub_Menu_Navigation/Reports/By_Location' successfully

2020-04-23 16:08:13 - [TEST_STEP][PASSED] - "--------------------------------------": null

2020-04-23 16:08:13 - [TEST_STEP][PASSED] - " Verify Returned Page Detail          |": null

2020-04-23 16:08:13 - [TEST_STEP][PASSED] - callTestCase(findTestCase("Reusable_Test_Sequences/Web_Office/Verification/Reports/By_Location"), [:], OPTIONAL): Call Test Case 'Test Cases/Reusable_Test_Sequences/Web_Office/Verification/Reports/By_Location' successfully

2020-04-23 16:08:13 - [TEST_CASE][PASSED] - Test Cases/Reusable_Test_Sequences/Web_Office/Verification/Reports/By_Location: Test Cases/Reusable_Test_Sequences/Web_Office/Verification/Reports/By_Location

2020-04-23 16:08:14 - [TEST_STEP][PASSED] - waitForPageLoad(120): Wait for page load successfully

2020-04-23 16:08:14 - [MESSAGE][PASSED] - Wait for page load successfully

2020-04-23 16:08:14 - [TEST_STEP][PASSED] - delay(1): Delayed 1 second(s)

2020-04-23 16:08:15 - [MESSAGE][PASSED] - Delayed 1 second(s)

2020-04-23 16:08:15 - [TEST_STEP][PASSED] - verifyTextPresent("Searches by Location", false): Text 'Searches by Location' is present on page 

2020-04-23 16:08:15 - [MESSAGE][PASSED] - Text 'Searches by Location' is present on page 

2020-04-23 16:08:15 - [TEST_STEP][PASSED] - "----------------------------------------------": null

2020-04-23 16:08:15 - [TEST_STEP][PASSED] - verifyTextPresent("Select counties", false): Text 'Select counties' is present on page 

2020-04-23 16:08:15 - [MESSAGE][PASSED] - Text 'Select counties' is present on page 

2020-04-23 16:08:15 - [TEST_STEP][PASSED] - verifyTextPresent("Town", false): Text 'Town' is present on page 

2020-04-23 16:08:16 - [MESSAGE][PASSED] - Text 'Town' is present on page 

2020-04-23 16:08:16 - [TEST_STEP][PASSED] - verifyTextPresent("By Postcode", false): Text 'By Postcode' is present on page 

2020-04-23 16:08:16 - [MESSAGE][PASSED] - Text 'By Postcode' is present on page 

2020-04-23 16:08:16 - [TEST_STEP][PASSED] - "----------------------------------------------": null

2020-04-23 16:08:16 - [TEST_STEP][PASSED] - verifyTextPresent("Angus", false): Text 'Angus' is present on page 

2020-04-23 16:08:17 - [MESSAGE][PASSED] - Text 'Angus' is present on page 

2020-04-23 16:08:17 - [TEST_STEP][PASSED] - verifyTextPresent("Berkshire", false): Text 'Berkshire' is present on page 

2020-04-23 16:08:17 - [MESSAGE][PASSED] - Text 'Berkshire' is present on page 

2020-04-23 16:08:17 - [TEST_STEP][PASSED] - verifyTextPresent("Avon", false): Text 'Avon' is present on page 

2020-04-23 16:08:18 - [MESSAGE][PASSED] - Text 'Avon' is present on page 

2020-04-23 16:08:18 - [TEST_STEP][PASSED] - "----------------------------------------------": null

2020-04-23 16:08:18 - [TEST_STEP][PASSED] - verifyTextPresent("Tip: Use Shift or Control when clicking on the lists to select multiple options", false): Text 'Tip: Use Shift or Control when clicking on the lists to select multiple options' is present on page 

2020-04-23 16:08:18 - [MESSAGE][PASSED] - Text 'Tip: Use Shift or Control when clicking on the lists to select multiple options' is present on page 

2020-04-23 16:08:18 - [TEST_STEP][PASSED] - verifyTextPresent("Select Date Range", false): Text 'Select Date Range' is present on page 

2020-04-23 16:08:18 - [MESSAGE][PASSED] - Text 'Select Date Range' is present on page 

2020-04-23 16:08:18 - [TEST_STEP][PASSED] - verifyTextPresent("From", false): Text 'From' is present on page 

2020-04-23 16:08:19 - [MESSAGE][PASSED] - Text 'From' is present on page 

2020-04-23 16:08:19 - [TEST_STEP][PASSED] - verifyTextPresent("To", false): Text 'To' is present on page 

2020-04-23 16:08:19 - [MESSAGE][PASSED] - Text 'To' is present on page 

2020-04-23 16:08:19 - [MESSAGE][PASSED] - Call Test Case 'Test Cases/Reusable_Test_Sequences/Web_Office/Verification/Reports/By_Location' successfully

2020-04-23 16:08:19 - [TEST_STEP][PASSED] - "--------------------------": null

2020-04-23 16:08:19 - [TEST_STEP][PASSED] - " Teardown - CLose Browser |": null

2020-04-23 16:08:19 - [TEST_STEP][PASSED] - callTestCase(findTestCase("Reusable_Test_Sequences/CAT_Teardown"), [:], OPTIONAL): Call Test Case 'Test Cases/Reusable_Test_Sequences/CAT_Teardown' successfully

2020-04-23 16:08:19 - [TEST_CASE][PASSED] - Test Cases/Reusable_Test_Sequences/CAT_Teardown: Test Cases/Reusable_Test_Sequences/CAT_Teardown

2020-04-23 16:08:19 - [TEST_STEP][PASSED] - closeBrowser(): Browser is closed

2020-04-23 16:08:21 - [MESSAGE][PASSED] - Browser is closed

2020-04-23 16:08:21 - [TEST_STEP][PASSED] - super.finalize(): null

2020-04-23 16:08:21 - [TEST_STEP][PASSED] - System.gc(): null

2020-04-23 16:08:21 - [MESSAGE][PASSED] - Call Test Case 'Test Cases/Reusable_Test_Sequences/CAT_Teardown' successfully]]></system-out>
         <system-err><![CDATA[]]></system-err>
      </testcase>
      <testcase name="Test Cases/Web_Office/Reports/Returning_No_Results" time="22.537" classname="Test Cases/Web_Office/Reports/Returning_No_Results" status="PASSED">
         <system-out><![CDATA[2020-04-23 16:08:21 - [TEST_CASE][PASSED] - Test Cases/Web_Office/Reports/Returning_No_Results: Test Cases/Web_Office/Reports/Returning_No_Results

2020-04-23 16:08:21 - [TEST_STEP][PASSED] - "--------------------------------------": null

2020-04-23 16:08:21 - [TEST_STEP][PASSED] - " Web Office StartUp                  |": null

2020-04-23 16:08:21 - [TEST_STEP][PASSED] - callTestCase(findTestCase("Reusable_Test_Sequences/Web_Office/Directives/WebOffice_StartUp"), [:], STOP_ON_FAILURE): Call Test Case 'Test Cases/Reusable_Test_Sequences/Web_Office/Directives/WebOffice_StartUp' successfully

2020-04-23 16:08:21 - [TEST_CASE][PASSED] - Test Cases/Reusable_Test_Sequences/Web_Office/Directives/WebOffice_StartUp: Test Cases/Reusable_Test_Sequences/Web_Office/Directives/WebOffice_StartUp

2020-04-23 16:08:21 - [TEST_STEP][PASSED] - "-----------------------------------------------------------------------------": null

2020-04-23 16:08:21 - [TEST_STEP][PASSED] - if (URL == "https://www.dev.checkatrade.com/"): null

2020-04-23 16:08:21 - [TEST_STEP][PASSED] - "-----------------------------------------------------------------------------": null

2020-04-23 16:08:21 - [TEST_STEP][PASSED] - if (URL == "https://www.checkatrade.com/"): null

2020-04-23 16:08:21 - [TEST_STEP][PASSED] - "-----------------------------------------------------------------------------": null

2020-04-23 16:08:21 - [TEST_STEP][PASSED] - if (URL == "https://www.preview.checkatrade.com/"): null

2020-04-23 16:08:21 - [TEST_STEP][PASSED] - WebOfficeURL = "https://admin.preview.checkatrade.com/": null

2020-04-23 16:08:21 - [TEST_STEP][PASSED] - if (URL == "https://www.dev2.checkatrade.com/"): null

2020-04-23 16:08:21 - [TEST_STEP][PASSED] - "Set Function Area for "URL_Handler", URL Resolution": null

2020-04-23 16:08:21 - [TEST_STEP][PASSED] - "Do Some Magic with URL(s) See the comments within URL Handler ": null

2020-04-23 16:08:21 - [TEST_STEP][PASSED] - "------------------------------------------------": null

2020-04-23 16:08:21 - [TEST_STEP][PASSED] - "Moved Login Credentials to <Default> profile 22/01/2020": null

2020-04-23 16:08:21 - [TEST_STEP][PASSED] - "------------------------------------------------": null

2020-04-23 16:08:21 - [TEST_STEP][PASSED] - "WebOfficeURL - Set from the ENVIRONMENT PROFILE ": null

2020-04-23 16:08:21 - [TEST_STEP][PASSED] - "OPEN BROWSER": null

2020-04-23 16:08:21 - [TEST_STEP][PASSED] - "eg - https://admin.preview.checkatrade.com/  ": null

2020-04-23 16:08:21 - [TEST_STEP][PASSED] - openBrowser(WebOfficeURL): Browser is opened with url: 'https://admin.preview.checkatrade.com/'

2020-04-23 16:08:21 - [MESSAGE][INFO] - Starting 'Chrome' driver

2020-04-23 16:08:21 - [MESSAGE][INFO] - Action delay is set to 0 milliseconds

2020-04-23 16:08:28 - [MESSAGE][PASSED] - Browser is opened with url: 'https://admin.preview.checkatrade.com/'

2020-04-23 16:08:28 - [TEST_STEP][PASSED] - maximizeWindow(): Current window maximized

2020-04-23 16:08:30 - [MESSAGE][PASSED] - Current window maximized

2020-04-23 16:08:30 - [TEST_STEP][PASSED] - waitForElementClickable(findTestObject("Object Repository/WebOffice/Page_Checkatrade - Administration - Login/Login_Button"), 25): Object 'Object Repository/WebOffice/Page_Checkatrade - Administration - Login/Login_Button' is clickable

2020-04-23 16:08:30 - [MESSAGE][PASSED] - Object 'Object Repository/WebOffice/Page_Checkatrade - Administration - Login/Login_Button' is clickable

2020-04-23 16:08:30 - [TEST_STEP][PASSED] - verifyTextPresent("Checkatrade Web Office", false): Text 'Checkatrade Web Office' is present on page 

2020-04-23 16:08:30 - [MESSAGE][PASSED] - Text 'Checkatrade Web Office' is present on page 

2020-04-23 16:08:30 - [TEST_STEP][PASSED] - verifyTextPresent("Access for staff use only", false): Text 'Access for staff use only' is present on page 

2020-04-23 16:08:30 - [MESSAGE][PASSED] - Text 'Access for staff use only' is present on page 

2020-04-23 16:08:30 - [TEST_STEP][PASSED] - verifyTextPresent("Forgotten password?", false): Text 'Forgotten password?' is present on page 

2020-04-23 16:08:31 - [MESSAGE][PASSED] - Text 'Forgotten password?' is present on page 

2020-04-23 16:08:31 - [TEST_STEP][PASSED] - setText(findTestObject("Object Repository/WebOffice/Page_Checkatrade - Administration - Login/input_Username_LoginControlUserName"), wo_Username): Text 'DavidHo' is set on object 'Object Repository/WebOffice/Page_Checkatrade - Administration - Login/input_Username_LoginControlUserName'

2020-04-23 16:08:31 - [MESSAGE][PASSED] - Text 'DavidHo' is set on object 'Object Repository/WebOffice/Page_Checkatrade - Administration - Login/input_Username_LoginControlUserName'

2020-04-23 16:08:31 - [TEST_STEP][PASSED] - setText(findTestObject("Object Repository/WebOffice/Page_Checkatrade - Administration - Login/input_Password_LoginControlPassword"), wo_Password): Text 'Check123' is set on object 'Object Repository/WebOffice/Page_Checkatrade - Administration - Login/input_Password_LoginControlPassword'

2020-04-23 16:08:31 - [MESSAGE][PASSED] - Text 'Check123' is set on object 'Object Repository/WebOffice/Page_Checkatrade - Administration - Login/input_Password_LoginControlPassword'

2020-04-23 16:08:31 - [TEST_STEP][PASSED] - click(findTestObject("Object Repository/WebOffice/Page_Checkatrade - Administration - Login/Login_Button")): Object: 'Object Repository/WebOffice/Page_Checkatrade - Administration - Login/Login_Button' is clicked on

2020-04-23 16:08:33 - [MESSAGE][PASSED] - Object: 'Object Repository/WebOffice/Page_Checkatrade - Administration - Login/Login_Button' is clicked on

2020-04-23 16:08:33 - [TEST_STEP][PASSED] - waitForPageLoad(60): Wait for page load successfully

2020-04-23 16:08:33 - [MESSAGE][PASSED] - Wait for page load successfully

2020-04-23 16:08:33 - [TEST_STEP][PASSED] - verifyTextPresent("Welcome " + wo_Username, false): Text 'Welcome DavidHo' is present on page 

2020-04-23 16:08:33 - [MESSAGE][PASSED] - Text 'Welcome DavidHo' is present on page 

2020-04-23 16:08:33 - [MESSAGE][PASSED] - Call Test Case 'Test Cases/Reusable_Test_Sequences/Web_Office/Directives/WebOffice_StartUp' successfully

2020-04-23 16:08:33 - [TEST_STEP][PASSED] - "-----------------------------------------------------------------": null

2020-04-23 16:08:33 - [TEST_STEP][PASSED] - " Navigate to <Reports->Checkatrade.Com->Sub Item> Menu Item     |": null

2020-04-23 16:08:33 - [TEST_STEP][PASSED] - callTestCase(findTestCase("Reusable_Test_Sequences/Web_Office/Navigation/Sub_Menu_Navigation/Reports/Returning_No_Results"), [:], STOP_ON_FAILURE): Call Test Case 'Test Cases/Reusable_Test_Sequences/Web_Office/Navigation/Sub_Menu_Navigation/Reports/Returning_No_Results' successfully

2020-04-23 16:08:33 - [TEST_CASE][PASSED] - Test Cases/Reusable_Test_Sequences/Web_Office/Navigation/Sub_Menu_Navigation/Reports/Returning_No_Results: Test Cases/Reusable_Test_Sequences/Web_Office/Navigation/Sub_Menu_Navigation/Reports/Returning_No_Results

2020-04-23 16:08:34 - [TEST_STEP][PASSED] - "--------------------------------------": null

2020-04-23 16:08:34 - [TEST_STEP][PASSED] - " Navigate Top level menu Item         |": null

2020-04-23 16:08:34 - [TEST_STEP][PASSED] - waitForPageLoad(60): Wait for page load successfully

2020-04-23 16:08:34 - [MESSAGE][PASSED] - Wait for page load successfully

2020-04-23 16:08:34 - [TEST_STEP][PASSED] - waitForElementClickable(findTestObject("Object Repository/WebOffice_Home_page/a_Reports"), 60): Object 'Object Repository/WebOffice_Home_page/a_Reports' is clickable

2020-04-23 16:08:34 - [MESSAGE][PASSED] - Object 'Object Repository/WebOffice_Home_page/a_Reports' is clickable

2020-04-23 16:08:34 - [TEST_STEP][PASSED] - mouseOver(findTestObject("Object Repository/WebOffice_Home_page/a_Reports")): Object: 'Object Repository/WebOffice_Home_page/a_Reports' is hovered

2020-04-23 16:08:34 - [MESSAGE][PASSED] - Object: 'Object Repository/WebOffice_Home_page/a_Reports' is hovered

2020-04-23 16:08:34 - [TEST_STEP][PASSED] - mouseOver(findTestObject("Object Repository/WebOffice_Home_page/Page_/a_Consumers")): Object: 'Object Repository/WebOffice_Home_page/Page_/a_Consumers' is hovered

2020-04-23 16:08:35 - [MESSAGE][PASSED] - Object: 'Object Repository/WebOffice_Home_page/Page_/a_Consumers' is hovered

2020-04-23 16:08:35 - [TEST_STEP][PASSED] - mouseOver(findTestObject("Object Repository/WebOffice_Home_page/Page_/a_Consumer Searches")): Object: 'Object Repository/WebOffice_Home_page/Page_/a_Consumer Searches' is hovered

2020-04-23 16:08:35 - [MESSAGE][PASSED] - Object: 'Object Repository/WebOffice_Home_page/Page_/a_Consumer Searches' is hovered

2020-04-23 16:08:35 - [TEST_STEP][PASSED] - waitForPageLoad(5): Wait for page load successfully

2020-04-23 16:08:35 - [MESSAGE][PASSED] - Wait for page load successfully

2020-04-23 16:08:35 - [TEST_STEP][PASSED] - waitForElementClickable(findTestObject("Object Repository/WebOffice_Home_page/a_Returning No Results"), 5): Object 'Object Repository/WebOffice_Home_page/a_Returning No Results' is clickable

2020-04-23 16:08:36 - [MESSAGE][PASSED] - Object 'Object Repository/WebOffice_Home_page/a_Returning No Results' is clickable

2020-04-23 16:08:36 - [TEST_STEP][PASSED] - click(findTestObject("Object Repository/WebOffice_Home_page/a_Returning No Results")): Object: 'Object Repository/WebOffice_Home_page/a_Returning No Results' is clicked on

2020-04-23 16:08:37 - [MESSAGE][PASSED] - Object: 'Object Repository/WebOffice_Home_page/a_Returning No Results' is clicked on

2020-04-23 16:08:37 - [MESSAGE][PASSED] - Call Test Case 'Test Cases/Reusable_Test_Sequences/Web_Office/Navigation/Sub_Menu_Navigation/Reports/Returning_No_Results' successfully

2020-04-23 16:08:37 - [TEST_STEP][PASSED] - "--------------------------------------": null

2020-04-23 16:08:37 - [TEST_STEP][PASSED] - " Verify Returned Page Detail          |": null

2020-04-23 16:08:37 - [TEST_STEP][PASSED] - callTestCase(findTestCase("Reusable_Test_Sequences/Web_Office/Verification/Reports/Returning_No_Results"), [:], OPTIONAL): Call Test Case 'Test Cases/Reusable_Test_Sequences/Web_Office/Verification/Reports/Returning_No_Results' successfully

2020-04-23 16:08:37 - [TEST_CASE][PASSED] - Test Cases/Reusable_Test_Sequences/Web_Office/Verification/Reports/Returning_No_Results: Test Cases/Reusable_Test_Sequences/Web_Office/Verification/Reports/Returning_No_Results

2020-04-23 16:08:38 - [TEST_STEP][PASSED] - waitForPageLoad(120): Wait for page load successfully

2020-04-23 16:08:38 - [MESSAGE][PASSED] - Wait for page load successfully

2020-04-23 16:08:38 - [TEST_STEP][PASSED] - delay(1): Delayed 1 second(s)

2020-04-23 16:08:39 - [MESSAGE][PASSED] - Delayed 1 second(s)

2020-04-23 16:08:39 - [TEST_STEP][PASSED] - verifyTextPresent("Consumer Searches", false): Text 'Consumer Searches' is present on page 

2020-04-23 16:08:39 - [MESSAGE][PASSED] - Text 'Consumer Searches' is present on page 

2020-04-23 16:08:39 - [TEST_STEP][PASSED] - "----------------------------------------------": null

2020-04-23 16:08:39 - [TEST_STEP][PASSED] - verifyTextPresent("Returning No Results", false): Text 'Returning No Results' is present on page 

2020-04-23 16:08:39 - [MESSAGE][PASSED] - Text 'Returning No Results' is present on page 

2020-04-23 16:08:39 - [TEST_STEP][PASSED] - verifyTextPresent("From", false): Text 'From' is present on page 

2020-04-23 16:08:39 - [MESSAGE][PASSED] - Text 'From' is present on page 

2020-04-23 16:08:39 - [TEST_STEP][PASSED] - verifyTextPresent("To", false): Text 'To' is present on page 

2020-04-23 16:08:40 - [MESSAGE][PASSED] - Text 'To' is present on page 

2020-04-23 16:08:40 - [MESSAGE][PASSED] - Call Test Case 'Test Cases/Reusable_Test_Sequences/Web_Office/Verification/Reports/Returning_No_Results' successfully

2020-04-23 16:08:40 - [TEST_STEP][PASSED] - "--------------------------": null

2020-04-23 16:08:40 - [TEST_STEP][PASSED] - " Teardown - CLose Browser |": null

2020-04-23 16:08:40 - [TEST_STEP][PASSED] - callTestCase(findTestCase("Reusable_Test_Sequences/CAT_Teardown"), [:], OPTIONAL): Call Test Case 'Test Cases/Reusable_Test_Sequences/CAT_Teardown' successfully

2020-04-23 16:08:40 - [TEST_CASE][PASSED] - Test Cases/Reusable_Test_Sequences/CAT_Teardown: Test Cases/Reusable_Test_Sequences/CAT_Teardown

2020-04-23 16:08:40 - [TEST_STEP][PASSED] - closeBrowser(): Browser is closed

2020-04-23 16:08:43 - [MESSAGE][PASSED] - Browser is closed

2020-04-23 16:08:43 - [TEST_STEP][PASSED] - super.finalize(): null

2020-04-23 16:08:43 - [TEST_STEP][PASSED] - System.gc(): null

2020-04-23 16:08:43 - [MESSAGE][PASSED] - Call Test Case 'Test Cases/Reusable_Test_Sequences/CAT_Teardown' successfully]]></system-out>
         <system-err><![CDATA[]]></system-err>
      </testcase>
      <testcase name="Test Cases/Web_Office/Reports/Search_Tracking" time="32.831" classname="Test Cases/Web_Office/Reports/Search_Tracking" status="PASSED">
         <system-out><![CDATA[2020-04-23 16:08:43 - [TEST_CASE][PASSED] - Test Cases/Web_Office/Reports/Search_Tracking: Test Cases/Web_Office/Reports/Search_Tracking

2020-04-23 16:08:44 - [TEST_STEP][PASSED] - "--------------------------------------": null

2020-04-23 16:08:44 - [TEST_STEP][PASSED] - " Web Office StartUp                  |": null

2020-04-23 16:08:44 - [TEST_STEP][PASSED] - callTestCase(findTestCase("Reusable_Test_Sequences/Web_Office/Directives/WebOffice_StartUp"), [:], STOP_ON_FAILURE): Call Test Case 'Test Cases/Reusable_Test_Sequences/Web_Office/Directives/WebOffice_StartUp' successfully

2020-04-23 16:08:44 - [TEST_CASE][PASSED] - Test Cases/Reusable_Test_Sequences/Web_Office/Directives/WebOffice_StartUp: Test Cases/Reusable_Test_Sequences/Web_Office/Directives/WebOffice_StartUp

2020-04-23 16:08:44 - [TEST_STEP][PASSED] - "-----------------------------------------------------------------------------": null

2020-04-23 16:08:44 - [TEST_STEP][PASSED] - if (URL == "https://www.dev.checkatrade.com/"): null

2020-04-23 16:08:44 - [TEST_STEP][PASSED] - "-----------------------------------------------------------------------------": null

2020-04-23 16:08:44 - [TEST_STEP][PASSED] - if (URL == "https://www.checkatrade.com/"): null

2020-04-23 16:08:44 - [TEST_STEP][PASSED] - "-----------------------------------------------------------------------------": null

2020-04-23 16:08:44 - [TEST_STEP][PASSED] - if (URL == "https://www.preview.checkatrade.com/"): null

2020-04-23 16:08:44 - [TEST_STEP][PASSED] - WebOfficeURL = "https://admin.preview.checkatrade.com/": null

2020-04-23 16:08:44 - [TEST_STEP][PASSED] - if (URL == "https://www.dev2.checkatrade.com/"): null

2020-04-23 16:08:44 - [TEST_STEP][PASSED] - "Set Function Area for "URL_Handler", URL Resolution": null

2020-04-23 16:08:44 - [TEST_STEP][PASSED] - "Do Some Magic with URL(s) See the comments within URL Handler ": null

2020-04-23 16:08:44 - [TEST_STEP][PASSED] - "------------------------------------------------": null

2020-04-23 16:08:44 - [TEST_STEP][PASSED] - "Moved Login Credentials to <Default> profile 22/01/2020": null

2020-04-23 16:08:44 - [TEST_STEP][PASSED] - "------------------------------------------------": null

2020-04-23 16:08:44 - [TEST_STEP][PASSED] - "WebOfficeURL - Set from the ENVIRONMENT PROFILE ": null

2020-04-23 16:08:44 - [TEST_STEP][PASSED] - "OPEN BROWSER": null

2020-04-23 16:08:44 - [TEST_STEP][PASSED] - "eg - https://admin.preview.checkatrade.com/  ": null

2020-04-23 16:08:44 - [TEST_STEP][PASSED] - openBrowser(WebOfficeURL): Browser is opened with url: 'https://admin.preview.checkatrade.com/'

2020-04-23 16:08:44 - [MESSAGE][INFO] - Starting 'Chrome' driver

2020-04-23 16:08:44 - [MESSAGE][INFO] - Action delay is set to 0 milliseconds

2020-04-23 16:08:51 - [MESSAGE][PASSED] - Browser is opened with url: 'https://admin.preview.checkatrade.com/'

2020-04-23 16:08:51 - [TEST_STEP][PASSED] - maximizeWindow(): Current window maximized

2020-04-23 16:08:53 - [MESSAGE][PASSED] - Current window maximized

2020-04-23 16:08:53 - [TEST_STEP][PASSED] - waitForElementClickable(findTestObject("Object Repository/WebOffice/Page_Checkatrade - Administration - Login/Login_Button"), 25): Object 'Object Repository/WebOffice/Page_Checkatrade - Administration - Login/Login_Button' is clickable

2020-04-23 16:08:53 - [MESSAGE][PASSED] - Object 'Object Repository/WebOffice/Page_Checkatrade - Administration - Login/Login_Button' is clickable

2020-04-23 16:08:53 - [TEST_STEP][PASSED] - verifyTextPresent("Checkatrade Web Office", false): Text 'Checkatrade Web Office' is present on page 

2020-04-23 16:08:53 - [MESSAGE][PASSED] - Text 'Checkatrade Web Office' is present on page 

2020-04-23 16:08:53 - [TEST_STEP][PASSED] - verifyTextPresent("Access for staff use only", false): Text 'Access for staff use only' is present on page 

2020-04-23 16:08:53 - [MESSAGE][PASSED] - Text 'Access for staff use only' is present on page 

2020-04-23 16:08:53 - [TEST_STEP][PASSED] - verifyTextPresent("Forgotten password?", false): Text 'Forgotten password?' is present on page 

2020-04-23 16:08:53 - [MESSAGE][PASSED] - Text 'Forgotten password?' is present on page 

2020-04-23 16:08:53 - [TEST_STEP][PASSED] - setText(findTestObject("Object Repository/WebOffice/Page_Checkatrade - Administration - Login/input_Username_LoginControlUserName"), wo_Username): Text 'DavidHo' is set on object 'Object Repository/WebOffice/Page_Checkatrade - Administration - Login/input_Username_LoginControlUserName'

2020-04-23 16:08:54 - [MESSAGE][PASSED] - Text 'DavidHo' is set on object 'Object Repository/WebOffice/Page_Checkatrade - Administration - Login/input_Username_LoginControlUserName'

2020-04-23 16:08:54 - [TEST_STEP][PASSED] - setText(findTestObject("Object Repository/WebOffice/Page_Checkatrade - Administration - Login/input_Password_LoginControlPassword"), wo_Password): Text 'Check123' is set on object 'Object Repository/WebOffice/Page_Checkatrade - Administration - Login/input_Password_LoginControlPassword'

2020-04-23 16:08:54 - [MESSAGE][PASSED] - Text 'Check123' is set on object 'Object Repository/WebOffice/Page_Checkatrade - Administration - Login/input_Password_LoginControlPassword'

2020-04-23 16:08:54 - [TEST_STEP][PASSED] - click(findTestObject("Object Repository/WebOffice/Page_Checkatrade - Administration - Login/Login_Button")): Object: 'Object Repository/WebOffice/Page_Checkatrade - Administration - Login/Login_Button' is clicked on

2020-04-23 16:08:56 - [MESSAGE][PASSED] - Object: 'Object Repository/WebOffice/Page_Checkatrade - Administration - Login/Login_Button' is clicked on

2020-04-23 16:08:56 - [TEST_STEP][PASSED] - waitForPageLoad(60): Wait for page load successfully

2020-04-23 16:08:56 - [MESSAGE][PASSED] - Wait for page load successfully

2020-04-23 16:08:56 - [TEST_STEP][PASSED] - verifyTextPresent("Welcome " + wo_Username, false): Text 'Welcome DavidHo' is present on page 

2020-04-23 16:08:57 - [MESSAGE][PASSED] - Text 'Welcome DavidHo' is present on page 

2020-04-23 16:08:57 - [MESSAGE][PASSED] - Call Test Case 'Test Cases/Reusable_Test_Sequences/Web_Office/Directives/WebOffice_StartUp' successfully

2020-04-23 16:08:57 - [TEST_STEP][PASSED] - "-----------------------------------------------------------------": null

2020-04-23 16:08:57 - [TEST_STEP][PASSED] - " Navigate to <Reports->Checkatrade.Com->Sub Item> Menu Item     |": null

2020-04-23 16:08:57 - [TEST_STEP][PASSED] - callTestCase(findTestCase("Reusable_Test_Sequences/Web_Office/Navigation/Sub_Menu_Navigation/Reports/Search_Tracking"), [:], STOP_ON_FAILURE): Call Test Case 'Test Cases/Reusable_Test_Sequences/Web_Office/Navigation/Sub_Menu_Navigation/Reports/Search_Tracking' successfully

2020-04-23 16:08:57 - [TEST_CASE][PASSED] - Test Cases/Reusable_Test_Sequences/Web_Office/Navigation/Sub_Menu_Navigation/Reports/Search_Tracking: Test Cases/Reusable_Test_Sequences/Web_Office/Navigation/Sub_Menu_Navigation/Reports/Search_Tracking

2020-04-23 16:08:57 - [TEST_STEP][PASSED] - "--------------------------------------": null

2020-04-23 16:08:57 - [TEST_STEP][PASSED] - " Navigate Top level menu Item         |": null

2020-04-23 16:08:57 - [TEST_STEP][PASSED] - waitForPageLoad(60): Wait for page load successfully

2020-04-23 16:08:57 - [MESSAGE][PASSED] - Wait for page load successfully

2020-04-23 16:08:57 - [TEST_STEP][PASSED] - waitForElementClickable(findTestObject("Object Repository/WebOffice_Home_page/a_Reports"), 60): Object 'Object Repository/WebOffice_Home_page/a_Reports' is clickable

2020-04-23 16:08:57 - [MESSAGE][PASSED] - Object 'Object Repository/WebOffice_Home_page/a_Reports' is clickable

2020-04-23 16:08:57 - [TEST_STEP][PASSED] - mouseOver(findTestObject("Object Repository/WebOffice_Home_page/a_Reports")): Object: 'Object Repository/WebOffice_Home_page/a_Reports' is hovered

2020-04-23 16:08:58 - [MESSAGE][PASSED] - Object: 'Object Repository/WebOffice_Home_page/a_Reports' is hovered

2020-04-23 16:08:58 - [TEST_STEP][PASSED] - mouseOver(findTestObject("Object Repository/WebOffice_Home_page/Page_/a_Consumers")): Object: 'Object Repository/WebOffice_Home_page/Page_/a_Consumers' is hovered

2020-04-23 16:08:58 - [MESSAGE][PASSED] - Object: 'Object Repository/WebOffice_Home_page/Page_/a_Consumers' is hovered

2020-04-23 16:08:58 - [TEST_STEP][PASSED] - mouseOver(findTestObject("Object Repository/WebOffice_Home_page/Page_/a_Consumer Searches")): Object: 'Object Repository/WebOffice_Home_page/Page_/a_Consumer Searches' is hovered

2020-04-23 16:08:58 - [MESSAGE][PASSED] - Object: 'Object Repository/WebOffice_Home_page/Page_/a_Consumer Searches' is hovered

2020-04-23 16:08:58 - [TEST_STEP][PASSED] - waitForPageLoad(5): Wait for page load successfully

2020-04-23 16:08:58 - [MESSAGE][PASSED] - Wait for page load successfully

2020-04-23 16:08:58 - [TEST_STEP][PASSED] - waitForElementClickable(findTestObject("Object Repository/WebOffice_Home_page/a_Search Tracking"), 5): Object 'Object Repository/WebOffice_Home_page/a_Search Tracking' is clickable

2020-04-23 16:08:59 - [MESSAGE][PASSED] - Object 'Object Repository/WebOffice_Home_page/a_Search Tracking' is clickable

2020-04-23 16:08:59 - [TEST_STEP][PASSED] - click(findTestObject("Object Repository/WebOffice_Home_page/a_Search Tracking")): Object: 'Object Repository/WebOffice_Home_page/a_Search Tracking' is clicked on

2020-04-23 16:09:05 - [MESSAGE][PASSED] - Object: 'Object Repository/WebOffice_Home_page/a_Search Tracking' is clicked on

2020-04-23 16:09:05 - [MESSAGE][PASSED] - Call Test Case 'Test Cases/Reusable_Test_Sequences/Web_Office/Navigation/Sub_Menu_Navigation/Reports/Search_Tracking' successfully

2020-04-23 16:09:05 - [TEST_STEP][PASSED] - "--------------------------------------": null

2020-04-23 16:09:05 - [TEST_STEP][PASSED] - " Verify Returned Page Detail          |": null

2020-04-23 16:09:05 - [TEST_STEP][PASSED] - callTestCase(findTestCase("Reusable_Test_Sequences/Web_Office/Verification/Reports/Search_Tracking"), [:], OPTIONAL): Call Test Case 'Test Cases/Reusable_Test_Sequences/Web_Office/Verification/Reports/Search_Tracking' successfully

2020-04-23 16:09:05 - [TEST_CASE][PASSED] - Test Cases/Reusable_Test_Sequences/Web_Office/Verification/Reports/Search_Tracking: Test Cases/Reusable_Test_Sequences/Web_Office/Verification/Reports/Search_Tracking

2020-04-23 16:09:06 - [TEST_STEP][PASSED] - waitForPageLoad(120): Wait for page load successfully

2020-04-23 16:09:06 - [MESSAGE][PASSED] - Wait for page load successfully

2020-04-23 16:09:06 - [TEST_STEP][PASSED] - delay(1): Delayed 1 second(s)

2020-04-23 16:09:07 - [MESSAGE][PASSED] - Delayed 1 second(s)

2020-04-23 16:09:07 - [TEST_STEP][PASSED] - verifyTextPresent("Search Tracking", false): Text 'Search Tracking' is present on page 

2020-04-23 16:09:07 - [MESSAGE][PASSED] - Text 'Search Tracking' is present on page 

2020-04-23 16:09:07 - [TEST_STEP][PASSED] - "----------------------------------------------": null

2020-04-23 16:09:07 - [TEST_STEP][PASSED] - verifyTextPresent("ID", false): Text 'ID' is present on page 

2020-04-23 16:09:08 - [MESSAGE][PASSED] - Text 'ID' is present on page 

2020-04-23 16:09:08 - [TEST_STEP][PASSED] - verifyTextPresent("TRADE", false): Text 'TRADE' is present on page 

2020-04-23 16:09:09 - [MESSAGE][PASSED] - Text 'TRADE' is present on page 

2020-04-23 16:09:09 - [TEST_STEP][PASSED] - verifyTextPresent("LOCATION", false): Text 'LOCATION' is present on page 

2020-04-23 16:09:09 - [MESSAGE][PASSED] - Text 'LOCATION' is present on page 

2020-04-23 16:09:09 - [TEST_STEP][PASSED] - verifyTextPresent("DATETIME", false): Text 'DATETIME' is present on page 

2020-04-23 16:09:10 - [MESSAGE][PASSED] - Text 'DATETIME' is present on page 

2020-04-23 16:09:10 - [TEST_STEP][PASSED] - "----------------------------------------------": null

2020-04-23 16:09:10 - [TEST_STEP][PASSED] - verifyTextPresent("14262747", false): Text '14262747' is present on page 

2020-04-23 16:09:11 - [MESSAGE][PASSED] - Text '14262747' is present on page 

2020-04-23 16:09:11 - [TEST_STEP][PASSED] - verifyTextPresent("UPVC Repairs", false): Text 'UPVC Repairs' is present on page 

2020-04-23 16:09:12 - [MESSAGE][PASSED] - Text 'UPVC Repairs' is present on page 

2020-04-23 16:09:12 - [TEST_STEP][PASSED] - verifyTextPresent("MILFORD HAVEN", false): Text 'MILFORD HAVEN' is present on page 

2020-04-23 16:09:13 - [MESSAGE][PASSED] - Text 'MILFORD HAVEN' is present on page 

2020-04-23 16:09:13 - [TEST_STEP][PASSED] - verifyTextPresent("28-09-2017 7:19:10", false): Text '28-09-2017 7:19:10' is present on page 

2020-04-23 16:09:14 - [MESSAGE][PASSED] - Text '28-09-2017 7:19:10' is present on page 

2020-04-23 16:09:14 - [MESSAGE][PASSED] - Call Test Case 'Test Cases/Reusable_Test_Sequences/Web_Office/Verification/Reports/Search_Tracking' successfully

2020-04-23 16:09:14 - [TEST_STEP][PASSED] - "--------------------------": null

2020-04-23 16:09:14 - [TEST_STEP][PASSED] - " Teardown - CLose Browser |": null

2020-04-23 16:09:14 - [TEST_STEP][PASSED] - callTestCase(findTestCase("Reusable_Test_Sequences/CAT_Teardown"), [:], OPTIONAL): Call Test Case 'Test Cases/Reusable_Test_Sequences/CAT_Teardown' successfully

2020-04-23 16:09:14 - [TEST_CASE][PASSED] - Test Cases/Reusable_Test_Sequences/CAT_Teardown: Test Cases/Reusable_Test_Sequences/CAT_Teardown

2020-04-23 16:09:14 - [TEST_STEP][PASSED] - closeBrowser(): Browser is closed

2020-04-23 16:09:16 - [MESSAGE][PASSED] - Browser is closed

2020-04-23 16:09:16 - [TEST_STEP][PASSED] - super.finalize(): null

2020-04-23 16:09:16 - [TEST_STEP][PASSED] - System.gc(): null

2020-04-23 16:09:16 - [MESSAGE][PASSED] - Call Test Case 'Test Cases/Reusable_Test_Sequences/CAT_Teardown' successfully]]></system-out>
         <system-err><![CDATA[]]></system-err>
      </testcase>
      <testcase name="Test Cases/Web_Office/Reports/Overnight_Import_History" time="25.495" classname="Test Cases/Web_Office/Reports/Overnight_Import_History" status="PASSED">
         <system-out><![CDATA[2020-04-23 16:09:16 - [TEST_CASE][PASSED] - Test Cases/Web_Office/Reports/Overnight_Import_History: Test Cases/Web_Office/Reports/Overnight_Import_History

2020-04-23 16:09:17 - [TEST_STEP][PASSED] - "--------------------------------------": null

2020-04-23 16:09:17 - [TEST_STEP][PASSED] - " Web Office StartUp                  |": null

2020-04-23 16:09:17 - [TEST_STEP][PASSED] - callTestCase(findTestCase("Reusable_Test_Sequences/Web_Office/Directives/WebOffice_StartUp"), [:], STOP_ON_FAILURE): Call Test Case 'Test Cases/Reusable_Test_Sequences/Web_Office/Directives/WebOffice_StartUp' successfully

2020-04-23 16:09:17 - [TEST_CASE][PASSED] - Test Cases/Reusable_Test_Sequences/Web_Office/Directives/WebOffice_StartUp: Test Cases/Reusable_Test_Sequences/Web_Office/Directives/WebOffice_StartUp

2020-04-23 16:09:17 - [TEST_STEP][PASSED] - "-----------------------------------------------------------------------------": null

2020-04-23 16:09:17 - [TEST_STEP][PASSED] - if (URL == "https://www.dev.checkatrade.com/"): null

2020-04-23 16:09:17 - [TEST_STEP][PASSED] - "-----------------------------------------------------------------------------": null

2020-04-23 16:09:17 - [TEST_STEP][PASSED] - if (URL == "https://www.checkatrade.com/"): null

2020-04-23 16:09:17 - [TEST_STEP][PASSED] - "-----------------------------------------------------------------------------": null

2020-04-23 16:09:17 - [TEST_STEP][PASSED] - if (URL == "https://www.preview.checkatrade.com/"): null

2020-04-23 16:09:17 - [TEST_STEP][PASSED] - WebOfficeURL = "https://admin.preview.checkatrade.com/": null

2020-04-23 16:09:17 - [TEST_STEP][PASSED] - if (URL == "https://www.dev2.checkatrade.com/"): null

2020-04-23 16:09:17 - [TEST_STEP][PASSED] - "Set Function Area for "URL_Handler", URL Resolution": null

2020-04-23 16:09:17 - [TEST_STEP][PASSED] - "Do Some Magic with URL(s) See the comments within URL Handler ": null

2020-04-23 16:09:17 - [TEST_STEP][PASSED] - "------------------------------------------------": null

2020-04-23 16:09:17 - [TEST_STEP][PASSED] - "Moved Login Credentials to <Default> profile 22/01/2020": null

2020-04-23 16:09:17 - [TEST_STEP][PASSED] - "------------------------------------------------": null

2020-04-23 16:09:17 - [TEST_STEP][PASSED] - "WebOfficeURL - Set from the ENVIRONMENT PROFILE ": null

2020-04-23 16:09:17 - [TEST_STEP][PASSED] - "OPEN BROWSER": null

2020-04-23 16:09:17 - [TEST_STEP][PASSED] - "eg - https://admin.preview.checkatrade.com/  ": null

2020-04-23 16:09:17 - [TEST_STEP][PASSED] - openBrowser(WebOfficeURL): Browser is opened with url: 'https://admin.preview.checkatrade.com/'

2020-04-23 16:09:17 - [MESSAGE][INFO] - Starting 'Chrome' driver

2020-04-23 16:09:17 - [MESSAGE][INFO] - Action delay is set to 0 milliseconds

2020-04-23 16:09:24 - [MESSAGE][PASSED] - Browser is opened with url: 'https://admin.preview.checkatrade.com/'

2020-04-23 16:09:24 - [TEST_STEP][PASSED] - maximizeWindow(): Current window maximized

2020-04-23 16:09:26 - [MESSAGE][PASSED] - Current window maximized

2020-04-23 16:09:26 - [TEST_STEP][PASSED] - waitForElementClickable(findTestObject("Object Repository/WebOffice/Page_Checkatrade - Administration - Login/Login_Button"), 25): Object 'Object Repository/WebOffice/Page_Checkatrade - Administration - Login/Login_Button' is clickable

2020-04-23 16:09:26 - [MESSAGE][PASSED] - Object 'Object Repository/WebOffice/Page_Checkatrade - Administration - Login/Login_Button' is clickable

2020-04-23 16:09:26 - [TEST_STEP][PASSED] - verifyTextPresent("Checkatrade Web Office", false): Text 'Checkatrade Web Office' is present on page 

2020-04-23 16:09:27 - [MESSAGE][PASSED] - Text 'Checkatrade Web Office' is present on page 

2020-04-23 16:09:27 - [TEST_STEP][PASSED] - verifyTextPresent("Access for staff use only", false): Text 'Access for staff use only' is present on page 

2020-04-23 16:09:27 - [MESSAGE][PASSED] - Text 'Access for staff use only' is present on page 

2020-04-23 16:09:27 - [TEST_STEP][PASSED] - verifyTextPresent("Forgotten password?", false): Text 'Forgotten password?' is present on page 

2020-04-23 16:09:27 - [MESSAGE][PASSED] - Text 'Forgotten password?' is present on page 

2020-04-23 16:09:27 - [TEST_STEP][PASSED] - setText(findTestObject("Object Repository/WebOffice/Page_Checkatrade - Administration - Login/input_Username_LoginControlUserName"), wo_Username): Text 'DavidHo' is set on object 'Object Repository/WebOffice/Page_Checkatrade - Administration - Login/input_Username_LoginControlUserName'

2020-04-23 16:09:27 - [MESSAGE][PASSED] - Text 'DavidHo' is set on object 'Object Repository/WebOffice/Page_Checkatrade - Administration - Login/input_Username_LoginControlUserName'

2020-04-23 16:09:27 - [TEST_STEP][PASSED] - setText(findTestObject("Object Repository/WebOffice/Page_Checkatrade - Administration - Login/input_Password_LoginControlPassword"), wo_Password): Text 'Check123' is set on object 'Object Repository/WebOffice/Page_Checkatrade - Administration - Login/input_Password_LoginControlPassword'

2020-04-23 16:09:28 - [MESSAGE][PASSED] - Text 'Check123' is set on object 'Object Repository/WebOffice/Page_Checkatrade - Administration - Login/input_Password_LoginControlPassword'

2020-04-23 16:09:28 - [TEST_STEP][PASSED] - click(findTestObject("Object Repository/WebOffice/Page_Checkatrade - Administration - Login/Login_Button")): Object: 'Object Repository/WebOffice/Page_Checkatrade - Administration - Login/Login_Button' is clicked on

2020-04-23 16:09:29 - [MESSAGE][PASSED] - Object: 'Object Repository/WebOffice/Page_Checkatrade - Administration - Login/Login_Button' is clicked on

2020-04-23 16:09:29 - [TEST_STEP][PASSED] - waitForPageLoad(60): Wait for page load successfully

2020-04-23 16:09:29 - [MESSAGE][PASSED] - Wait for page load successfully

2020-04-23 16:09:29 - [TEST_STEP][PASSED] - verifyTextPresent("Welcome " + wo_Username, false): Text 'Welcome DavidHo' is present on page 

2020-04-23 16:09:30 - [MESSAGE][PASSED] - Text 'Welcome DavidHo' is present on page 

2020-04-23 16:09:30 - [MESSAGE][PASSED] - Call Test Case 'Test Cases/Reusable_Test_Sequences/Web_Office/Directives/WebOffice_StartUp' successfully

2020-04-23 16:09:30 - [TEST_STEP][PASSED] - "-----------------------------------------------------------------": null

2020-04-23 16:09:30 - [TEST_STEP][PASSED] - " Navigate to <Settings->Checkatrade.Com->Sub Item> Menu Item     |": null

2020-04-23 16:09:30 - [TEST_STEP][PASSED] - callTestCase(findTestCase("Reusable_Test_Sequences/Web_Office/Navigation/Sub_Menu_Navigation/Reports/Overnight_Import_History"), [:], STOP_ON_FAILURE): Call Test Case 'Test Cases/Reusable_Test_Sequences/Web_Office/Navigation/Sub_Menu_Navigation/Reports/Overnight_Import_History' successfully

2020-04-23 16:09:30 - [TEST_CASE][PASSED] - Test Cases/Reusable_Test_Sequences/Web_Office/Navigation/Sub_Menu_Navigation/Reports/Overnight_Import_History: Test Cases/Reusable_Test_Sequences/Web_Office/Navigation/Sub_Menu_Navigation/Reports/Overnight_Import_History

2020-04-23 16:09:30 - [TEST_STEP][PASSED] - "--------------------------------------": null

2020-04-23 16:09:30 - [TEST_STEP][PASSED] - " Navigate Top level menu Item         |": null

2020-04-23 16:09:30 - [TEST_STEP][PASSED] - waitForPageLoad(60): Wait for page load successfully

2020-04-23 16:09:30 - [MESSAGE][PASSED] - Wait for page load successfully

2020-04-23 16:09:30 - [TEST_STEP][PASSED] - waitForElementClickable(findTestObject("Object Repository/WebOffice_Home_page/a_Reports"), 60): Object 'Object Repository/WebOffice_Home_page/a_Reports' is clickable

2020-04-23 16:09:30 - [MESSAGE][PASSED] - Object 'Object Repository/WebOffice_Home_page/a_Reports' is clickable

2020-04-23 16:09:30 - [TEST_STEP][PASSED] - mouseOver(findTestObject("Object Repository/WebOffice_Home_page/a_Reports")): Object: 'Object Repository/WebOffice_Home_page/a_Reports' is hovered

2020-04-23 16:09:31 - [MESSAGE][PASSED] - Object: 'Object Repository/WebOffice_Home_page/a_Reports' is hovered

2020-04-23 16:09:31 - [TEST_STEP][PASSED] - waitForPageLoad(5): Wait for page load successfully

2020-04-23 16:09:31 - [MESSAGE][PASSED] - Wait for page load successfully

2020-04-23 16:09:31 - [TEST_STEP][PASSED] - waitForElementClickable(findTestObject("Object Repository/WebOffice_Home_page/Page_/a_Overnight Import History"), 5): Object 'Object Repository/WebOffice_Home_page/Page_/a_Overnight Import History' is clickable

2020-04-23 16:09:31 - [MESSAGE][PASSED] - Object 'Object Repository/WebOffice_Home_page/Page_/a_Overnight Import History' is clickable

2020-04-23 16:09:31 - [TEST_STEP][PASSED] - click(findTestObject("Object Repository/WebOffice_Home_page/Page_/a_Overnight Import History")): Object: 'Object Repository/WebOffice_Home_page/Page_/a_Overnight Import History' is clicked on

2020-04-23 16:09:31 - [MESSAGE][PASSED] - Object: 'Object Repository/WebOffice_Home_page/Page_/a_Overnight Import History' is clicked on

2020-04-23 16:09:31 - [MESSAGE][PASSED] - Call Test Case 'Test Cases/Reusable_Test_Sequences/Web_Office/Navigation/Sub_Menu_Navigation/Reports/Overnight_Import_History' successfully

2020-04-23 16:09:31 - [TEST_STEP][PASSED] - "--------------------------------------": null

2020-04-23 16:09:31 - [TEST_STEP][PASSED] - " Verify Returned Page Detail          |": null

2020-04-23 16:09:31 - [TEST_STEP][PASSED] - callTestCase(findTestCase("Reusable_Test_Sequences/Web_Office/Verification/Reports/Overnight_Import_History"), [:], OPTIONAL): Call Test Case 'Test Cases/Reusable_Test_Sequences/Web_Office/Verification/Reports/Overnight_Import_History' successfully

2020-04-23 16:09:31 - [TEST_CASE][PASSED] - Test Cases/Reusable_Test_Sequences/Web_Office/Verification/Reports/Overnight_Import_History: Test Cases/Reusable_Test_Sequences/Web_Office/Verification/Reports/Overnight_Import_History

2020-04-23 16:09:32 - [TEST_STEP][PASSED] - waitForPageLoad(120): Wait for page load successfully

2020-04-23 16:09:32 - [MESSAGE][PASSED] - Wait for page load successfully

2020-04-23 16:09:32 - [TEST_STEP][PASSED] - delay(1): Delayed 1 second(s)

2020-04-23 16:09:33 - [MESSAGE][PASSED] - Delayed 1 second(s)

2020-04-23 16:09:33 - [TEST_STEP][PASSED] - verifyTextPresent("Trade Register - Overnight Import Statistics", false): Text 'Trade Register - Overnight Import Statistics' is present on page 

2020-04-23 16:09:34 - [MESSAGE][PASSED] - Text 'Trade Register - Overnight Import Statistics' is present on page 

2020-04-23 16:09:34 - [TEST_STEP][PASSED] - "----------------------------------------------": null

2020-04-23 16:09:34 - [TEST_STEP][PASSED] - verifyTextPresent("Import Date", false): Text 'Import Date' is present on page 

2020-04-23 16:09:34 - [MESSAGE][PASSED] - Text 'Import Date' is present on page 

2020-04-23 16:09:34 - [TEST_STEP][PASSED] - verifyTextPresent("New Company", false): Text 'New Company' is present on page 

2020-04-23 16:09:35 - [MESSAGE][PASSED] - Text 'New Company' is present on page 

2020-04-23 16:09:35 - [TEST_STEP][PASSED] - verifyTextPresent("Modified Company", false): Text 'Modified Company' is present on page 

2020-04-23 16:09:35 - [MESSAGE][PASSED] - Text 'Modified Company' is present on page 

2020-04-23 16:09:35 - [TEST_STEP][PASSED] - verifyTextPresent("New Feedback", false): Text 'New Feedback' is present on page 

2020-04-23 16:09:36 - [MESSAGE][PASSED] - Text 'New Feedback' is present on page 

2020-04-23 16:09:36 - [TEST_STEP][PASSED] - verifyTextPresent("New Vetting Reference", false): Text 'New Vetting Reference' is present on page 

2020-04-23 16:09:36 - [MESSAGE][PASSED] - Text 'New Vetting Reference' is present on page 

2020-04-23 16:09:36 - [TEST_STEP][PASSED] - "----------------------------------------------": null

2020-04-23 16:09:36 - [TEST_STEP][PASSED] - verifyTextPresent("Thu", false): Text 'Thu' is present on page 

2020-04-23 16:09:37 - [MESSAGE][PASSED] - Text 'Thu' is present on page 

2020-04-23 16:09:37 - [TEST_STEP][PASSED] - verifyTextPresent("Wed", false): Text 'Wed' is present on page 

2020-04-23 16:09:37 - [MESSAGE][PASSED] - Text 'Wed' is present on page 

2020-04-23 16:09:37 - [TEST_STEP][PASSED] - verifyTextPresent("Mar", false): Text 'Mar' is present on page 

2020-04-23 16:09:38 - [MESSAGE][PASSED] - Text 'Mar' is present on page 

2020-04-23 16:09:38 - [TEST_STEP][PASSED] - verifyTextPresent("20", false): Text '20' is present on page 

2020-04-23 16:09:38 - [MESSAGE][PASSED] - Text '20' is present on page 

2020-04-23 16:09:38 - [TEST_STEP][PASSED] - verifyTextPresent("1", false): Text '1' is present on page 

2020-04-23 16:09:38 - [MESSAGE][PASSED] - Text '1' is present on page 

2020-04-23 16:09:38 - [MESSAGE][PASSED] - Call Test Case 'Test Cases/Reusable_Test_Sequences/Web_Office/Verification/Reports/Overnight_Import_History' successfully

2020-04-23 16:09:38 - [TEST_STEP][PASSED] - "--------------------------": null

2020-04-23 16:09:38 - [TEST_STEP][PASSED] - " Teardown - CLose Browser |": null

2020-04-23 16:09:38 - [TEST_STEP][PASSED] - callTestCase(findTestCase("Reusable_Test_Sequences/CAT_Teardown"), [:], OPTIONAL): Call Test Case 'Test Cases/Reusable_Test_Sequences/CAT_Teardown' successfully

2020-04-23 16:09:39 - [TEST_CASE][PASSED] - Test Cases/Reusable_Test_Sequences/CAT_Teardown: Test Cases/Reusable_Test_Sequences/CAT_Teardown

2020-04-23 16:09:39 - [TEST_STEP][PASSED] - closeBrowser(): Browser is closed

2020-04-23 16:09:42 - [MESSAGE][PASSED] - Browser is closed

2020-04-23 16:09:42 - [TEST_STEP][PASSED] - super.finalize(): null

2020-04-23 16:09:42 - [TEST_STEP][PASSED] - System.gc(): null

2020-04-23 16:09:42 - [MESSAGE][PASSED] - Call Test Case 'Test Cases/Reusable_Test_Sequences/CAT_Teardown' successfully]]></system-out>
         <system-err><![CDATA[]]></system-err>
      </testcase>
      <testcase name="Test Cases/Web_Office/Reports/Population_Report" time="34.063" classname="Test Cases/Web_Office/Reports/Population_Report" status="PASSED">
         <system-out><![CDATA[2020-04-23 16:09:42 - [TEST_CASE][PASSED] - Test Cases/Web_Office/Reports/Population_Report: Test Cases/Web_Office/Reports/Population_Report

2020-04-23 16:09:42 - [TEST_STEP][PASSED] - "--------------------------------------": null

2020-04-23 16:09:42 - [TEST_STEP][PASSED] - " Web Office StartUp                  |": null

2020-04-23 16:09:42 - [TEST_STEP][PASSED] - callTestCase(findTestCase("Reusable_Test_Sequences/Web_Office/Directives/WebOffice_StartUp"), [:], STOP_ON_FAILURE): Call Test Case 'Test Cases/Reusable_Test_Sequences/Web_Office/Directives/WebOffice_StartUp' successfully

2020-04-23 16:09:42 - [TEST_CASE][PASSED] - Test Cases/Reusable_Test_Sequences/Web_Office/Directives/WebOffice_StartUp: Test Cases/Reusable_Test_Sequences/Web_Office/Directives/WebOffice_StartUp

2020-04-23 16:09:42 - [TEST_STEP][PASSED] - "-----------------------------------------------------------------------------": null

2020-04-23 16:09:42 - [TEST_STEP][PASSED] - if (URL == "https://www.dev.checkatrade.com/"): null

2020-04-23 16:09:42 - [TEST_STEP][PASSED] - "-----------------------------------------------------------------------------": null

2020-04-23 16:09:42 - [TEST_STEP][PASSED] - if (URL == "https://www.checkatrade.com/"): null

2020-04-23 16:09:42 - [TEST_STEP][PASSED] - "-----------------------------------------------------------------------------": null

2020-04-23 16:09:42 - [TEST_STEP][PASSED] - if (URL == "https://www.preview.checkatrade.com/"): null

2020-04-23 16:09:42 - [TEST_STEP][PASSED] - WebOfficeURL = "https://admin.preview.checkatrade.com/": null

2020-04-23 16:09:42 - [TEST_STEP][PASSED] - if (URL == "https://www.dev2.checkatrade.com/"): null

2020-04-23 16:09:42 - [TEST_STEP][PASSED] - "Set Function Area for "URL_Handler", URL Resolution": null

2020-04-23 16:09:42 - [TEST_STEP][PASSED] - "Do Some Magic with URL(s) See the comments within URL Handler ": null

2020-04-23 16:09:42 - [TEST_STEP][PASSED] - "------------------------------------------------": null

2020-04-23 16:09:42 - [TEST_STEP][PASSED] - "Moved Login Credentials to <Default> profile 22/01/2020": null

2020-04-23 16:09:42 - [TEST_STEP][PASSED] - "------------------------------------------------": null

2020-04-23 16:09:42 - [TEST_STEP][PASSED] - "WebOfficeURL - Set from the ENVIRONMENT PROFILE ": null

2020-04-23 16:09:42 - [TEST_STEP][PASSED] - "OPEN BROWSER": null

2020-04-23 16:09:42 - [TEST_STEP][PASSED] - "eg - https://admin.preview.checkatrade.com/  ": null

2020-04-23 16:09:42 - [TEST_STEP][PASSED] - openBrowser(WebOfficeURL): Browser is opened with url: 'https://admin.preview.checkatrade.com/'

2020-04-23 16:09:42 - [MESSAGE][INFO] - Starting 'Chrome' driver

2020-04-23 16:09:42 - [MESSAGE][INFO] - Action delay is set to 0 milliseconds

2020-04-23 16:09:48 - [MESSAGE][PASSED] - Browser is opened with url: 'https://admin.preview.checkatrade.com/'

2020-04-23 16:09:48 - [TEST_STEP][PASSED] - maximizeWindow(): Current window maximized

2020-04-23 16:09:51 - [MESSAGE][PASSED] - Current window maximized

2020-04-23 16:09:51 - [TEST_STEP][PASSED] - waitForElementClickable(findTestObject("Object Repository/WebOffice/Page_Checkatrade - Administration - Login/Login_Button"), 25): Object 'Object Repository/WebOffice/Page_Checkatrade - Administration - Login/Login_Button' is clickable

2020-04-23 16:09:52 - [MESSAGE][PASSED] - Object 'Object Repository/WebOffice/Page_Checkatrade - Administration - Login/Login_Button' is clickable

2020-04-23 16:09:52 - [TEST_STEP][PASSED] - verifyTextPresent("Checkatrade Web Office", false): Text 'Checkatrade Web Office' is present on page 

2020-04-23 16:09:52 - [MESSAGE][PASSED] - Text 'Checkatrade Web Office' is present on page 

2020-04-23 16:09:52 - [TEST_STEP][PASSED] - verifyTextPresent("Access for staff use only", false): Text 'Access for staff use only' is present on page 

2020-04-23 16:09:52 - [MESSAGE][PASSED] - Text 'Access for staff use only' is present on page 

2020-04-23 16:09:52 - [TEST_STEP][PASSED] - verifyTextPresent("Forgotten password?", false): Text 'Forgotten password?' is present on page 

2020-04-23 16:09:52 - [MESSAGE][PASSED] - Text 'Forgotten password?' is present on page 

2020-04-23 16:09:52 - [TEST_STEP][PASSED] - setText(findTestObject("Object Repository/WebOffice/Page_Checkatrade - Administration - Login/input_Username_LoginControlUserName"), wo_Username): Text 'DavidHo' is set on object 'Object Repository/WebOffice/Page_Checkatrade - Administration - Login/input_Username_LoginControlUserName'

2020-04-23 16:09:53 - [MESSAGE][PASSED] - Text 'DavidHo' is set on object 'Object Repository/WebOffice/Page_Checkatrade - Administration - Login/input_Username_LoginControlUserName'

2020-04-23 16:09:53 - [TEST_STEP][PASSED] - setText(findTestObject("Object Repository/WebOffice/Page_Checkatrade - Administration - Login/input_Password_LoginControlPassword"), wo_Password): Text 'Check123' is set on object 'Object Repository/WebOffice/Page_Checkatrade - Administration - Login/input_Password_LoginControlPassword'

2020-04-23 16:09:53 - [MESSAGE][PASSED] - Text 'Check123' is set on object 'Object Repository/WebOffice/Page_Checkatrade - Administration - Login/input_Password_LoginControlPassword'

2020-04-23 16:09:53 - [TEST_STEP][PASSED] - click(findTestObject("Object Repository/WebOffice/Page_Checkatrade - Administration - Login/Login_Button")): Object: 'Object Repository/WebOffice/Page_Checkatrade - Administration - Login/Login_Button' is clicked on

2020-04-23 16:09:54 - [MESSAGE][PASSED] - Object: 'Object Repository/WebOffice/Page_Checkatrade - Administration - Login/Login_Button' is clicked on

2020-04-23 16:09:54 - [TEST_STEP][PASSED] - waitForPageLoad(60): Wait for page load successfully

2020-04-23 16:09:54 - [MESSAGE][PASSED] - Wait for page load successfully

2020-04-23 16:09:54 - [TEST_STEP][PASSED] - verifyTextPresent("Welcome " + wo_Username, false): Text 'Welcome DavidHo' is present on page 

2020-04-23 16:09:55 - [MESSAGE][PASSED] - Text 'Welcome DavidHo' is present on page 

2020-04-23 16:09:55 - [MESSAGE][PASSED] - Call Test Case 'Test Cases/Reusable_Test_Sequences/Web_Office/Directives/WebOffice_StartUp' successfully

2020-04-23 16:09:55 - [TEST_STEP][PASSED] - "-----------------------------------------------------------------": null

2020-04-23 16:09:55 - [TEST_STEP][PASSED] - " Navigate to <Settings->Checkatrade.Com->Sub Item> Menu Item     |": null

2020-04-23 16:09:55 - [TEST_STEP][PASSED] - callTestCase(findTestCase("Reusable_Test_Sequences/Web_Office/Navigation/Sub_Menu_Navigation/Reports/Population_Report"), [:], STOP_ON_FAILURE): Call Test Case 'Test Cases/Reusable_Test_Sequences/Web_Office/Navigation/Sub_Menu_Navigation/Reports/Population_Report' successfully

2020-04-23 16:09:55 - [TEST_CASE][PASSED] - Test Cases/Reusable_Test_Sequences/Web_Office/Navigation/Sub_Menu_Navigation/Reports/Population_Report: Test Cases/Reusable_Test_Sequences/Web_Office/Navigation/Sub_Menu_Navigation/Reports/Population_Report

2020-04-23 16:09:55 - [TEST_STEP][PASSED] - "--------------------------------------": null

2020-04-23 16:09:55 - [TEST_STEP][PASSED] - " Navigate Top level menu Item         |": null

2020-04-23 16:09:55 - [TEST_STEP][PASSED] - waitForPageLoad(60): Wait for page load successfully

2020-04-23 16:09:55 - [MESSAGE][PASSED] - Wait for page load successfully

2020-04-23 16:09:55 - [TEST_STEP][PASSED] - waitForElementClickable(findTestObject("Object Repository/WebOffice_Home_page/a_Reports"), 60): Object 'Object Repository/WebOffice_Home_page/a_Reports' is clickable

2020-04-23 16:09:56 - [MESSAGE][PASSED] - Object 'Object Repository/WebOffice_Home_page/a_Reports' is clickable

2020-04-23 16:09:56 - [TEST_STEP][PASSED] - mouseOver(findTestObject("Object Repository/WebOffice_Home_page/a_Reports")): Object: 'Object Repository/WebOffice_Home_page/a_Reports' is hovered

2020-04-23 16:09:56 - [MESSAGE][PASSED] - Object: 'Object Repository/WebOffice_Home_page/a_Reports' is hovered

2020-04-23 16:09:56 - [TEST_STEP][PASSED] - waitForPageLoad(5): Wait for page load successfully

2020-04-23 16:09:56 - [MESSAGE][PASSED] - Wait for page load successfully

2020-04-23 16:09:56 - [TEST_STEP][PASSED] - waitForElementClickable(findTestObject("Object Repository/WebOffice_Home_page/Page_/a_Population Report"), 5): Object 'Object Repository/WebOffice_Home_page/Page_/a_Population Report' is clickable

2020-04-23 16:09:56 - [MESSAGE][PASSED] - Object 'Object Repository/WebOffice_Home_page/Page_/a_Population Report' is clickable

2020-04-23 16:09:56 - [TEST_STEP][PASSED] - click(findTestObject("Object Repository/WebOffice_Home_page/Page_/a_Population Report")): Object: 'Object Repository/WebOffice_Home_page/Page_/a_Population Report' is clicked on

2020-04-23 16:09:57 - [MESSAGE][PASSED] - Object: 'Object Repository/WebOffice_Home_page/Page_/a_Population Report' is clicked on

2020-04-23 16:09:57 - [MESSAGE][PASSED] - Call Test Case 'Test Cases/Reusable_Test_Sequences/Web_Office/Navigation/Sub_Menu_Navigation/Reports/Population_Report' successfully

2020-04-23 16:09:57 - [TEST_STEP][PASSED] - "--------------------------------------": null

2020-04-23 16:09:57 - [TEST_STEP][PASSED] - " Verify Returned Page Detail          |": null

2020-04-23 16:09:57 - [TEST_STEP][PASSED] - callTestCase(findTestCase("Reusable_Test_Sequences/Web_Office/Verification/Reports/Population_Report"), [:], OPTIONAL): Call Test Case 'Test Cases/Reusable_Test_Sequences/Web_Office/Verification/Reports/Population_Report' successfully

2020-04-23 16:09:57 - [TEST_CASE][PASSED] - Test Cases/Reusable_Test_Sequences/Web_Office/Verification/Reports/Population_Report: Test Cases/Reusable_Test_Sequences/Web_Office/Verification/Reports/Population_Report

2020-04-23 16:09:58 - [TEST_STEP][PASSED] - waitForPageLoad(120): Wait for page load successfully

2020-04-23 16:09:58 - [MESSAGE][PASSED] - Wait for page load successfully

2020-04-23 16:09:58 - [TEST_STEP][PASSED] - delay(1): Delayed 1 second(s)

2020-04-23 16:09:59 - [MESSAGE][PASSED] - Delayed 1 second(s)

2020-04-23 16:09:59 - [TEST_STEP][PASSED] - verifyTextPresent("Searches by Location and Category", false): Text 'Searches by Location and Category' is present on page 

2020-04-23 16:10:01 - [MESSAGE][PASSED] - Text 'Searches by Location and Category' is present on page 

2020-04-23 16:10:01 - [TEST_STEP][PASSED] - "----------------------------------------------": null

2020-04-23 16:10:01 - [TEST_STEP][PASSED] - verifyTextPresent("Postcodes", false): Text 'Postcodes' is present on page 

2020-04-23 16:10:02 - [MESSAGE][PASSED] - Text 'Postcodes' is present on page 

2020-04-23 16:10:02 - [TEST_STEP][PASSED] - verifyTextPresent("Select Categories", false): Text 'Select Categories' is present on page 

2020-04-23 16:10:03 - [MESSAGE][PASSED] - Text 'Select Categories' is present on page 

2020-04-23 16:10:03 - [TEST_STEP][PASSED] - verifyTextPresent("Search Radiuse", false): Text 'Search Radiuse' is present on page 

2020-04-23 16:10:04 - [MESSAGE][PASSED] - Text 'Search Radiuse' is present on page 

2020-04-23 16:10:04 - [TEST_STEP][PASSED] - verifyTextPresent("Included postcodes based on search radius", false): Text 'Included postcodes based on search radius' is present on page 

2020-04-23 16:10:05 - [MESSAGE][PASSED] - Text 'Included postcodes based on search radius' is present on page 

2020-04-23 16:10:05 - [TEST_STEP][PASSED] - verifyTextPresent("Select Date Range", false): Text 'Select Date Range' is present on page 

2020-04-23 16:10:07 - [MESSAGE][PASSED] - Text 'Select Date Range' is present on page 

2020-04-23 16:10:07 - [TEST_STEP][PASSED] - verifyTextPresent("Populate Grid", false): Text 'Populate Grid' is present on page 

2020-04-23 16:10:08 - [MESSAGE][PASSED] - Text 'Populate Grid' is present on page 

2020-04-23 16:10:08 - [TEST_STEP][PASSED] - verifyTextPresent("Note: Be patient, to show the final", false): Text 'Note: Be patient, to show the final' is present on page 

2020-04-23 16:10:09 - [MESSAGE][PASSED] - Text 'Note: Be patient, to show the final' is present on page 

2020-04-23 16:10:09 - [TEST_STEP][PASSED] - verifyTextPresent("result may take some time,", false): Text 'result may take some time,' is present on page 

2020-04-23 16:10:10 - [MESSAGE][PASSED] - Text 'result may take some time,' is present on page 

2020-04-23 16:10:10 - [TEST_STEP][PASSED] - verifyTextPresent("depending on the number of postcodes,", false): Text 'depending on the number of postcodes,' is present on page 

2020-04-23 16:10:11 - [MESSAGE][PASSED] - Text 'depending on the number of postcodes,' is present on page 

2020-04-23 16:10:11 - [TEST_STEP][PASSED] - verifyTextPresent("radius and categories selected!", false): Text 'radius and categories selected!' is present on page 

2020-04-23 16:10:12 - [MESSAGE][PASSED] - Text 'radius and categories selected!' is present on page 

2020-04-23 16:10:12 - [MESSAGE][PASSED] - Call Test Case 'Test Cases/Reusable_Test_Sequences/Web_Office/Verification/Reports/Population_Report' successfully

2020-04-23 16:10:12 - [TEST_STEP][PASSED] - "--------------------------": null

2020-04-23 16:10:12 - [TEST_STEP][PASSED] - " Teardown - CLose Browser |": null

2020-04-23 16:10:12 - [TEST_STEP][PASSED] - callTestCase(findTestCase("Reusable_Test_Sequences/CAT_Teardown"), [:], OPTIONAL): Call Test Case 'Test Cases/Reusable_Test_Sequences/CAT_Teardown' successfully

2020-04-23 16:10:12 - [TEST_CASE][PASSED] - Test Cases/Reusable_Test_Sequences/CAT_Teardown: Test Cases/Reusable_Test_Sequences/CAT_Teardown

2020-04-23 16:10:12 - [TEST_STEP][PASSED] - closeBrowser(): Browser is closed

2020-04-23 16:10:16 - [MESSAGE][PASSED] - Browser is closed

2020-04-23 16:10:16 - [TEST_STEP][PASSED] - super.finalize(): null

2020-04-23 16:10:16 - [TEST_STEP][PASSED] - System.gc(): null

2020-04-23 16:10:16 - [MESSAGE][PASSED] - Call Test Case 'Test Cases/Reusable_Test_Sequences/CAT_Teardown' successfully]]></system-out>
         <system-err><![CDATA[]]></system-err>
      </testcase>
      <testcase name="Test Cases/Web_Office/Reports/Exclusion_Report" time="28.501" classname="Test Cases/Web_Office/Reports/Exclusion_Report" status="PASSED">
         <system-out><![CDATA[2020-04-23 16:10:16 - [TEST_CASE][PASSED] - Test Cases/Web_Office/Reports/Exclusion_Report: Test Cases/Web_Office/Reports/Exclusion_Report

2020-04-23 16:10:16 - [TEST_STEP][PASSED] - "--------------------------------------": null

2020-04-23 16:10:16 - [TEST_STEP][PASSED] - " Web Office StartUp                  |": null

2020-04-23 16:10:16 - [TEST_STEP][PASSED] - callTestCase(findTestCase("Reusable_Test_Sequences/Web_Office/Directives/WebOffice_StartUp"), [:], STOP_ON_FAILURE): Call Test Case 'Test Cases/Reusable_Test_Sequences/Web_Office/Directives/WebOffice_StartUp' successfully

2020-04-23 16:10:16 - [TEST_CASE][PASSED] - Test Cases/Reusable_Test_Sequences/Web_Office/Directives/WebOffice_StartUp: Test Cases/Reusable_Test_Sequences/Web_Office/Directives/WebOffice_StartUp

2020-04-23 16:10:16 - [TEST_STEP][PASSED] - "-----------------------------------------------------------------------------": null

2020-04-23 16:10:16 - [TEST_STEP][PASSED] - if (URL == "https://www.dev.checkatrade.com/"): null

2020-04-23 16:10:16 - [TEST_STEP][PASSED] - "-----------------------------------------------------------------------------": null

2020-04-23 16:10:16 - [TEST_STEP][PASSED] - if (URL == "https://www.checkatrade.com/"): null

2020-04-23 16:10:16 - [TEST_STEP][PASSED] - "-----------------------------------------------------------------------------": null

2020-04-23 16:10:16 - [TEST_STEP][PASSED] - if (URL == "https://www.preview.checkatrade.com/"): null

2020-04-23 16:10:16 - [TEST_STEP][PASSED] - WebOfficeURL = "https://admin.preview.checkatrade.com/": null

2020-04-23 16:10:16 - [TEST_STEP][PASSED] - if (URL == "https://www.dev2.checkatrade.com/"): null

2020-04-23 16:10:16 - [TEST_STEP][PASSED] - "Set Function Area for "URL_Handler", URL Resolution": null

2020-04-23 16:10:16 - [TEST_STEP][PASSED] - "Do Some Magic with URL(s) See the comments within URL Handler ": null

2020-04-23 16:10:16 - [TEST_STEP][PASSED] - "------------------------------------------------": null

2020-04-23 16:10:16 - [TEST_STEP][PASSED] - "Moved Login Credentials to <Default> profile 22/01/2020": null

2020-04-23 16:10:16 - [TEST_STEP][PASSED] - "------------------------------------------------": null

2020-04-23 16:10:16 - [TEST_STEP][PASSED] - "WebOfficeURL - Set from the ENVIRONMENT PROFILE ": null

2020-04-23 16:10:16 - [TEST_STEP][PASSED] - "OPEN BROWSER": null

2020-04-23 16:10:16 - [TEST_STEP][PASSED] - "eg - https://admin.preview.checkatrade.com/  ": null

2020-04-23 16:10:16 - [TEST_STEP][PASSED] - openBrowser(WebOfficeURL): Browser is opened with url: 'https://admin.preview.checkatrade.com/'

2020-04-23 16:10:16 - [MESSAGE][INFO] - Starting 'Chrome' driver

2020-04-23 16:10:16 - [MESSAGE][INFO] - Action delay is set to 0 milliseconds

2020-04-23 16:10:28 - [MESSAGE][PASSED] - Browser is opened with url: 'https://admin.preview.checkatrade.com/'

2020-04-23 16:10:28 - [TEST_STEP][PASSED] - maximizeWindow(): Current window maximized

2020-04-23 16:10:30 - [MESSAGE][PASSED] - Current window maximized

2020-04-23 16:10:30 - [TEST_STEP][PASSED] - waitForElementClickable(findTestObject("Object Repository/WebOffice/Page_Checkatrade - Administration - Login/Login_Button"), 25): Object 'Object Repository/WebOffice/Page_Checkatrade - Administration - Login/Login_Button' is clickable

2020-04-23 16:10:31 - [MESSAGE][PASSED] - Object 'Object Repository/WebOffice/Page_Checkatrade - Administration - Login/Login_Button' is clickable

2020-04-23 16:10:31 - [TEST_STEP][PASSED] - verifyTextPresent("Checkatrade Web Office", false): Text 'Checkatrade Web Office' is present on page 

2020-04-23 16:10:31 - [MESSAGE][PASSED] - Text 'Checkatrade Web Office' is present on page 

2020-04-23 16:10:31 - [TEST_STEP][PASSED] - verifyTextPresent("Access for staff use only", false): Text 'Access for staff use only' is present on page 

2020-04-23 16:10:31 - [MESSAGE][PASSED] - Text 'Access for staff use only' is present on page 

2020-04-23 16:10:31 - [TEST_STEP][PASSED] - verifyTextPresent("Forgotten password?", false): Text 'Forgotten password?' is present on page 

2020-04-23 16:10:31 - [MESSAGE][PASSED] - Text 'Forgotten password?' is present on page 

2020-04-23 16:10:31 - [TEST_STEP][PASSED] - setText(findTestObject("Object Repository/WebOffice/Page_Checkatrade - Administration - Login/input_Username_LoginControlUserName"), wo_Username): Text 'DavidHo' is set on object 'Object Repository/WebOffice/Page_Checkatrade - Administration - Login/input_Username_LoginControlUserName'

2020-04-23 16:10:31 - [MESSAGE][PASSED] - Text 'DavidHo' is set on object 'Object Repository/WebOffice/Page_Checkatrade - Administration - Login/input_Username_LoginControlUserName'

2020-04-23 16:10:31 - [TEST_STEP][PASSED] - setText(findTestObject("Object Repository/WebOffice/Page_Checkatrade - Administration - Login/input_Password_LoginControlPassword"), wo_Password): Text 'Check123' is set on object 'Object Repository/WebOffice/Page_Checkatrade - Administration - Login/input_Password_LoginControlPassword'

2020-04-23 16:10:32 - [MESSAGE][PASSED] - Text 'Check123' is set on object 'Object Repository/WebOffice/Page_Checkatrade - Administration - Login/input_Password_LoginControlPassword'

2020-04-23 16:10:32 - [TEST_STEP][PASSED] - click(findTestObject("Object Repository/WebOffice/Page_Checkatrade - Administration - Login/Login_Button")): Object: 'Object Repository/WebOffice/Page_Checkatrade - Administration - Login/Login_Button' is clicked on

2020-04-23 16:10:33 - [MESSAGE][PASSED] - Object: 'Object Repository/WebOffice/Page_Checkatrade - Administration - Login/Login_Button' is clicked on

2020-04-23 16:10:33 - [TEST_STEP][PASSED] - waitForPageLoad(60): Wait for page load successfully

2020-04-23 16:10:33 - [MESSAGE][PASSED] - Wait for page load successfully

2020-04-23 16:10:33 - [TEST_STEP][PASSED] - verifyTextPresent("Welcome " + wo_Username, false): Text 'Welcome DavidHo' is present on page 

2020-04-23 16:10:34 - [MESSAGE][PASSED] - Text 'Welcome DavidHo' is present on page 

2020-04-23 16:10:34 - [MESSAGE][PASSED] - Call Test Case 'Test Cases/Reusable_Test_Sequences/Web_Office/Directives/WebOffice_StartUp' successfully

2020-04-23 16:10:34 - [TEST_STEP][PASSED] - "-----------------------------------------------------------------": null

2020-04-23 16:10:34 - [TEST_STEP][PASSED] - " Navigate to <Settings->Checkatrade.Com->Sub Item> Menu Item     |": null

2020-04-23 16:10:34 - [TEST_STEP][PASSED] - callTestCase(findTestCase("Reusable_Test_Sequences/Web_Office/Navigation/Sub_Menu_Navigation/Reports/Exclusion_Report"), [:], STOP_ON_FAILURE): Call Test Case 'Test Cases/Reusable_Test_Sequences/Web_Office/Navigation/Sub_Menu_Navigation/Reports/Exclusion_Report' successfully

2020-04-23 16:10:34 - [TEST_CASE][PASSED] - Test Cases/Reusable_Test_Sequences/Web_Office/Navigation/Sub_Menu_Navigation/Reports/Exclusion_Report: Test Cases/Reusable_Test_Sequences/Web_Office/Navigation/Sub_Menu_Navigation/Reports/Exclusion_Report

2020-04-23 16:10:35 - [TEST_STEP][PASSED] - "--------------------------------------": null

2020-04-23 16:10:35 - [TEST_STEP][PASSED] - " Navigate Top level menu Item         |": null

2020-04-23 16:10:35 - [TEST_STEP][PASSED] - waitForPageLoad(60): Wait for page load successfully

2020-04-23 16:10:35 - [MESSAGE][PASSED] - Wait for page load successfully

2020-04-23 16:10:35 - [TEST_STEP][PASSED] - waitForElementClickable(findTestObject("Object Repository/WebOffice_Home_page/a_Reports"), 60): Object 'Object Repository/WebOffice_Home_page/a_Reports' is clickable

2020-04-23 16:10:35 - [MESSAGE][PASSED] - Object 'Object Repository/WebOffice_Home_page/a_Reports' is clickable

2020-04-23 16:10:35 - [TEST_STEP][PASSED] - mouseOver(findTestObject("Object Repository/WebOffice_Home_page/a_Reports")): Object: 'Object Repository/WebOffice_Home_page/a_Reports' is hovered

2020-04-23 16:10:35 - [MESSAGE][PASSED] - Object: 'Object Repository/WebOffice_Home_page/a_Reports' is hovered

2020-04-23 16:10:35 - [TEST_STEP][PASSED] - waitForPageLoad(5): Wait for page load successfully

2020-04-23 16:10:35 - [MESSAGE][PASSED] - Wait for page load successfully

2020-04-23 16:10:35 - [TEST_STEP][PASSED] - waitForElementClickable(findTestObject("Object Repository/WebOffice_Home_page/Page_/a_Exclusion Report"), 5): Object 'Object Repository/WebOffice_Home_page/Page_/a_Exclusion Report' is clickable

2020-04-23 16:10:35 - [MESSAGE][PASSED] - Object 'Object Repository/WebOffice_Home_page/Page_/a_Exclusion Report' is clickable

2020-04-23 16:10:35 - [TEST_STEP][PASSED] - click(findTestObject("Object Repository/WebOffice_Home_page/Page_/a_Exclusion Report")): Object: 'Object Repository/WebOffice_Home_page/Page_/a_Exclusion Report' is clicked on

2020-04-23 16:10:36 - [MESSAGE][PASSED] - Object: 'Object Repository/WebOffice_Home_page/Page_/a_Exclusion Report' is clicked on

2020-04-23 16:10:36 - [MESSAGE][PASSED] - Call Test Case 'Test Cases/Reusable_Test_Sequences/Web_Office/Navigation/Sub_Menu_Navigation/Reports/Exclusion_Report' successfully

2020-04-23 16:10:36 - [TEST_STEP][PASSED] - "--------------------------------------": null

2020-04-23 16:10:36 - [TEST_STEP][PASSED] - " Verify Returned Page Detail          |": null

2020-04-23 16:10:36 - [TEST_STEP][PASSED] - callTestCase(findTestCase("Reusable_Test_Sequences/Web_Office/Verification/Reports/Exclusion_Report"), [:], OPTIONAL): Call Test Case 'Test Cases/Reusable_Test_Sequences/Web_Office/Verification/Reports/Exclusion_Report' successfully

2020-04-23 16:10:37 - [TEST_CASE][PASSED] - Test Cases/Reusable_Test_Sequences/Web_Office/Verification/Reports/Exclusion_Report: Test Cases/Reusable_Test_Sequences/Web_Office/Verification/Reports/Exclusion_Report

2020-04-23 16:10:37 - [TEST_STEP][PASSED] - waitForPageLoad(120): Wait for page load successfully

2020-04-23 16:10:38 - [MESSAGE][PASSED] - Wait for page load successfully

2020-04-23 16:10:38 - [TEST_STEP][PASSED] - delay(1): Delayed 1 second(s)

2020-04-23 16:10:39 - [MESSAGE][PASSED] - Delayed 1 second(s)

2020-04-23 16:10:39 - [TEST_STEP][PASSED] - verifyTextPresent("Exclusion Report", false): Text 'Exclusion Report' is present on page 

2020-04-23 16:10:39 - [MESSAGE][PASSED] - Text 'Exclusion Report' is present on page 

2020-04-23 16:10:39 - [TEST_STEP][PASSED] - "----------------------------------------------": null

2020-04-23 16:10:39 - [TEST_STEP][PASSED] - verifyTextPresent("Filters", false): Text 'Filters' is present on page 

2020-04-23 16:10:40 - [MESSAGE][PASSED] - Text 'Filters' is present on page 

2020-04-23 16:10:40 - [TEST_STEP][PASSED] - verifyTextPresent("Start Date", false): Text 'Start Date' is present on page 

2020-04-23 16:10:41 - [MESSAGE][PASSED] - Text 'Start Date' is present on page 

2020-04-23 16:10:41 - [TEST_STEP][PASSED] - verifyTextPresent("End Date", false): Text 'End Date' is present on page 

2020-04-23 16:10:41 - [MESSAGE][PASSED] - Text 'End Date' is present on page 

2020-04-23 16:10:41 - [TEST_STEP][PASSED] - verifyTextPresent("Membership level", false): Text 'Membership level' is present on page 

2020-04-23 16:10:42 - [MESSAGE][PASSED] - Text 'Membership level' is present on page 

2020-04-23 16:10:42 - [MESSAGE][PASSED] - Call Test Case 'Test Cases/Reusable_Test_Sequences/Web_Office/Verification/Reports/Exclusion_Report' successfully

2020-04-23 16:10:42 - [TEST_STEP][PASSED] - "--------------------------": null

2020-04-23 16:10:42 - [TEST_STEP][PASSED] - " Teardown - CLose Browser |": null

2020-04-23 16:10:42 - [TEST_STEP][PASSED] - callTestCase(findTestCase("Reusable_Test_Sequences/CAT_Teardown"), [:], OPTIONAL): Call Test Case 'Test Cases/Reusable_Test_Sequences/CAT_Teardown' successfully

2020-04-23 16:10:42 - [TEST_CASE][PASSED] - Test Cases/Reusable_Test_Sequences/CAT_Teardown: Test Cases/Reusable_Test_Sequences/CAT_Teardown

2020-04-23 16:10:42 - [TEST_STEP][PASSED] - closeBrowser(): Browser is closed

2020-04-23 16:10:44 - [MESSAGE][PASSED] - Browser is closed

2020-04-23 16:10:44 - [TEST_STEP][PASSED] - super.finalize(): null

2020-04-23 16:10:44 - [TEST_STEP][PASSED] - System.gc(): null

2020-04-23 16:10:44 - [MESSAGE][PASSED] - Call Test Case 'Test Cases/Reusable_Test_Sequences/CAT_Teardown' successfully]]></system-out>
         <system-err><![CDATA[]]></system-err>
      </testcase>
      <testcase name="Test Cases/Web_Office/Reports/Retentions" time="30.346" classname="Test Cases/Web_Office/Reports/Retentions" status="PASSED">
         <system-out><![CDATA[2020-04-23 16:10:44 - [TEST_CASE][PASSED] - Test Cases/Web_Office/Reports/Retentions: Test Cases/Web_Office/Reports/Retentions

2020-04-23 16:10:45 - [TEST_STEP][PASSED] - "--------------------------------------": null

2020-04-23 16:10:45 - [TEST_STEP][PASSED] - " Web Office StartUp                  |": null

2020-04-23 16:10:45 - [TEST_STEP][PASSED] - callTestCase(findTestCase("Reusable_Test_Sequences/Web_Office/Directives/WebOffice_StartUp"), [:], STOP_ON_FAILURE): Call Test Case 'Test Cases/Reusable_Test_Sequences/Web_Office/Directives/WebOffice_StartUp' successfully

2020-04-23 16:10:45 - [TEST_CASE][PASSED] - Test Cases/Reusable_Test_Sequences/Web_Office/Directives/WebOffice_StartUp: Test Cases/Reusable_Test_Sequences/Web_Office/Directives/WebOffice_StartUp

2020-04-23 16:10:45 - [TEST_STEP][PASSED] - "-----------------------------------------------------------------------------": null

2020-04-23 16:10:45 - [TEST_STEP][PASSED] - if (URL == "https://www.dev.checkatrade.com/"): null

2020-04-23 16:10:45 - [TEST_STEP][PASSED] - "-----------------------------------------------------------------------------": null

2020-04-23 16:10:45 - [TEST_STEP][PASSED] - if (URL == "https://www.checkatrade.com/"): null

2020-04-23 16:10:45 - [TEST_STEP][PASSED] - "-----------------------------------------------------------------------------": null

2020-04-23 16:10:45 - [TEST_STEP][PASSED] - if (URL == "https://www.preview.checkatrade.com/"): null

2020-04-23 16:10:45 - [TEST_STEP][PASSED] - WebOfficeURL = "https://admin.preview.checkatrade.com/": null

2020-04-23 16:10:45 - [TEST_STEP][PASSED] - if (URL == "https://www.dev2.checkatrade.com/"): null

2020-04-23 16:10:45 - [TEST_STEP][PASSED] - "Set Function Area for "URL_Handler", URL Resolution": null

2020-04-23 16:10:45 - [TEST_STEP][PASSED] - "Do Some Magic with URL(s) See the comments within URL Handler ": null

2020-04-23 16:10:45 - [TEST_STEP][PASSED] - "------------------------------------------------": null

2020-04-23 16:10:45 - [TEST_STEP][PASSED] - "Moved Login Credentials to <Default> profile 22/01/2020": null

2020-04-23 16:10:45 - [TEST_STEP][PASSED] - "------------------------------------------------": null

2020-04-23 16:10:45 - [TEST_STEP][PASSED] - "WebOfficeURL - Set from the ENVIRONMENT PROFILE ": null

2020-04-23 16:10:45 - [TEST_STEP][PASSED] - "OPEN BROWSER": null

2020-04-23 16:10:45 - [TEST_STEP][PASSED] - "eg - https://admin.preview.checkatrade.com/  ": null

2020-04-23 16:10:45 - [TEST_STEP][PASSED] - openBrowser(WebOfficeURL): Browser is opened with url: 'https://admin.preview.checkatrade.com/'

2020-04-23 16:10:45 - [MESSAGE][INFO] - Starting 'Chrome' driver

2020-04-23 16:10:45 - [MESSAGE][INFO] - Action delay is set to 0 milliseconds

2020-04-23 16:10:53 - [MESSAGE][PASSED] - Browser is opened with url: 'https://admin.preview.checkatrade.com/'

2020-04-23 16:10:53 - [TEST_STEP][PASSED] - maximizeWindow(): Current window maximized

2020-04-23 16:10:56 - [MESSAGE][PASSED] - Current window maximized

2020-04-23 16:10:56 - [TEST_STEP][PASSED] - waitForElementClickable(findTestObject("Object Repository/WebOffice/Page_Checkatrade - Administration - Login/Login_Button"), 25): Object 'Object Repository/WebOffice/Page_Checkatrade - Administration - Login/Login_Button' is clickable

2020-04-23 16:10:56 - [MESSAGE][PASSED] - Object 'Object Repository/WebOffice/Page_Checkatrade - Administration - Login/Login_Button' is clickable

2020-04-23 16:10:56 - [TEST_STEP][PASSED] - verifyTextPresent("Checkatrade Web Office", false): Text 'Checkatrade Web Office' is present on page 

2020-04-23 16:10:56 - [MESSAGE][PASSED] - Text 'Checkatrade Web Office' is present on page 

2020-04-23 16:10:56 - [TEST_STEP][PASSED] - verifyTextPresent("Access for staff use only", false): Text 'Access for staff use only' is present on page 

2020-04-23 16:10:56 - [MESSAGE][PASSED] - Text 'Access for staff use only' is present on page 

2020-04-23 16:10:56 - [TEST_STEP][PASSED] - verifyTextPresent("Forgotten password?", false): Text 'Forgotten password?' is present on page 

2020-04-23 16:10:56 - [MESSAGE][PASSED] - Text 'Forgotten password?' is present on page 

2020-04-23 16:10:56 - [TEST_STEP][PASSED] - setText(findTestObject("Object Repository/WebOffice/Page_Checkatrade - Administration - Login/input_Username_LoginControlUserName"), wo_Username): Text 'DavidHo' is set on object 'Object Repository/WebOffice/Page_Checkatrade - Administration - Login/input_Username_LoginControlUserName'

2020-04-23 16:10:57 - [MESSAGE][PASSED] - Text 'DavidHo' is set on object 'Object Repository/WebOffice/Page_Checkatrade - Administration - Login/input_Username_LoginControlUserName'

2020-04-23 16:10:57 - [TEST_STEP][PASSED] - setText(findTestObject("Object Repository/WebOffice/Page_Checkatrade - Administration - Login/input_Password_LoginControlPassword"), wo_Password): Text 'Check123' is set on object 'Object Repository/WebOffice/Page_Checkatrade - Administration - Login/input_Password_LoginControlPassword'

2020-04-23 16:10:58 - [MESSAGE][PASSED] - Text 'Check123' is set on object 'Object Repository/WebOffice/Page_Checkatrade - Administration - Login/input_Password_LoginControlPassword'

2020-04-23 16:10:58 - [TEST_STEP][PASSED] - click(findTestObject("Object Repository/WebOffice/Page_Checkatrade - Administration - Login/Login_Button")): Object: 'Object Repository/WebOffice/Page_Checkatrade - Administration - Login/Login_Button' is clicked on

2020-04-23 16:11:00 - [MESSAGE][PASSED] - Object: 'Object Repository/WebOffice/Page_Checkatrade - Administration - Login/Login_Button' is clicked on

2020-04-23 16:11:00 - [TEST_STEP][PASSED] - waitForPageLoad(60): Wait for page load successfully

2020-04-23 16:11:00 - [MESSAGE][PASSED] - Wait for page load successfully

2020-04-23 16:11:00 - [TEST_STEP][PASSED] - verifyTextPresent("Welcome " + wo_Username, false): Text 'Welcome DavidHo' is present on page 

2020-04-23 16:11:01 - [MESSAGE][PASSED] - Text 'Welcome DavidHo' is present on page 

2020-04-23 16:11:01 - [MESSAGE][PASSED] - Call Test Case 'Test Cases/Reusable_Test_Sequences/Web_Office/Directives/WebOffice_StartUp' successfully

2020-04-23 16:11:01 - [TEST_STEP][PASSED] - "-----------------------------------------------------------------": null

2020-04-23 16:11:01 - [TEST_STEP][PASSED] - " Navigate to <Settings->Checkatrade.Com->Sub Item> Menu Item     |": null

2020-04-23 16:11:01 - [TEST_STEP][PASSED] - callTestCase(findTestCase("Reusable_Test_Sequences/Web_Office/Navigation/Sub_Menu_Navigation/Reports/Retentions"), [:], STOP_ON_FAILURE): Call Test Case 'Test Cases/Reusable_Test_Sequences/Web_Office/Navigation/Sub_Menu_Navigation/Reports/Retentions' successfully

2020-04-23 16:11:01 - [TEST_CASE][PASSED] - Test Cases/Reusable_Test_Sequences/Web_Office/Navigation/Sub_Menu_Navigation/Reports/Retentions: Test Cases/Reusable_Test_Sequences/Web_Office/Navigation/Sub_Menu_Navigation/Reports/Retentions

2020-04-23 16:11:02 - [TEST_STEP][PASSED] - "--------------------------------------": null

2020-04-23 16:11:02 - [TEST_STEP][PASSED] - " Navigate Top level menu Item         |": null

2020-04-23 16:11:02 - [TEST_STEP][PASSED] - waitForPageLoad(60): Wait for page load successfully

2020-04-23 16:11:02 - [MESSAGE][PASSED] - Wait for page load successfully

2020-04-23 16:11:02 - [TEST_STEP][PASSED] - waitForElementClickable(findTestObject("Object Repository/WebOffice_Home_page/a_Reports"), 60): Object 'Object Repository/WebOffice_Home_page/a_Reports' is clickable

2020-04-23 16:11:02 - [MESSAGE][PASSED] - Object 'Object Repository/WebOffice_Home_page/a_Reports' is clickable

2020-04-23 16:11:02 - [TEST_STEP][PASSED] - mouseOver(findTestObject("Object Repository/WebOffice_Home_page/a_Reports")): Object: 'Object Repository/WebOffice_Home_page/a_Reports' is hovered

2020-04-23 16:11:02 - [MESSAGE][PASSED] - Object: 'Object Repository/WebOffice_Home_page/a_Reports' is hovered

2020-04-23 16:11:02 - [TEST_STEP][PASSED] - waitForPageLoad(5): Wait for page load successfully

2020-04-23 16:11:02 - [MESSAGE][PASSED] - Wait for page load successfully

2020-04-23 16:11:02 - [TEST_STEP][PASSED] - waitForElementClickable(findTestObject("Object Repository/WebOffice_Home_page/Page_/a_Retentions"), 5): Object 'Object Repository/WebOffice_Home_page/Page_/a_Retentions' is clickable

2020-04-23 16:11:02 - [MESSAGE][PASSED] - Object 'Object Repository/WebOffice_Home_page/Page_/a_Retentions' is clickable

2020-04-23 16:11:02 - [TEST_STEP][PASSED] - click(findTestObject("Object Repository/WebOffice_Home_page/Page_/a_Retentions")): Object: 'Object Repository/WebOffice_Home_page/Page_/a_Retentions' is clicked on

2020-04-23 16:11:03 - [MESSAGE][PASSED] - Object: 'Object Repository/WebOffice_Home_page/Page_/a_Retentions' is clicked on

2020-04-23 16:11:03 - [MESSAGE][PASSED] - Call Test Case 'Test Cases/Reusable_Test_Sequences/Web_Office/Navigation/Sub_Menu_Navigation/Reports/Retentions' successfully

2020-04-23 16:11:03 - [TEST_STEP][PASSED] - "--------------------------------------": null

2020-04-23 16:11:03 - [TEST_STEP][PASSED] - " Verify Returned Page Detail          |": null

2020-04-23 16:11:03 - [TEST_STEP][PASSED] - callTestCase(findTestCase("Reusable_Test_Sequences/Web_Office/Verification/Reports/Retentions"), [:], OPTIONAL): Call Test Case 'Test Cases/Reusable_Test_Sequences/Web_Office/Verification/Reports/Retentions' successfully

2020-04-23 16:11:03 - [TEST_CASE][PASSED] - Test Cases/Reusable_Test_Sequences/Web_Office/Verification/Reports/Retentions: Test Cases/Reusable_Test_Sequences/Web_Office/Verification/Reports/Retentions

2020-04-23 16:11:04 - [TEST_STEP][PASSED] - waitForPageLoad(120): Wait for page load successfully

2020-04-23 16:11:04 - [MESSAGE][PASSED] - Wait for page load successfully

2020-04-23 16:11:04 - [TEST_STEP][PASSED] - delay(1): Delayed 1 second(s)

2020-04-23 16:11:05 - [MESSAGE][PASSED] - Delayed 1 second(s)

2020-04-23 16:11:05 - [TEST_STEP][PASSED] - verifyTextPresent("Retention Expiry Report 40 days", false): Text 'Retention Expiry Report 40 days' is present on page 

2020-04-23 16:11:05 - [MESSAGE][PASSED] - Text 'Retention Expiry Report 40 days' is present on page 

2020-04-23 16:11:05 - [TEST_STEP][PASSED] - "----------------------------------------------": null

2020-04-23 16:11:05 - [TEST_STEP][PASSED] - "----------------------------------------------": null

2020-04-23 16:11:05 - [TEST_STEP][PASSED] - verifyTextPresent("Date From", false): Text 'Date From' is present on page 

2020-04-23 16:11:06 - [MESSAGE][PASSED] - Text 'Date From' is present on page 

2020-04-23 16:11:06 - [TEST_STEP][PASSED] - verifyTextPresent("Date To", false): Text 'Date To' is present on page 

2020-04-23 16:11:06 - [MESSAGE][PASSED] - Text 'Date To' is present on page 

2020-04-23 16:11:06 - [MESSAGE][PASSED] - Call Test Case 'Test Cases/Reusable_Test_Sequences/Web_Office/Verification/Reports/Retentions' successfully

2020-04-23 16:11:06 - [TEST_STEP][PASSED] - "--------------------------": null

2020-04-23 16:11:06 - [TEST_STEP][PASSED] - " Teardown - CLose Browser |": null

2020-04-23 16:11:06 - [TEST_STEP][PASSED] - callTestCase(findTestCase("Reusable_Test_Sequences/CAT_Teardown"), [:], OPTIONAL): Call Test Case 'Test Cases/Reusable_Test_Sequences/CAT_Teardown' successfully

2020-04-23 16:11:06 - [TEST_CASE][PASSED] - Test Cases/Reusable_Test_Sequences/CAT_Teardown: Test Cases/Reusable_Test_Sequences/CAT_Teardown

2020-04-23 16:11:06 - [TEST_STEP][PASSED] - closeBrowser(): Browser is closed

2020-04-23 16:11:14 - [MESSAGE][PASSED] - Browser is closed

2020-04-23 16:11:14 - [TEST_STEP][PASSED] - super.finalize(): null

2020-04-23 16:11:14 - [TEST_STEP][PASSED] - System.gc(): null

2020-04-23 16:11:15 - [MESSAGE][PASSED] - Call Test Case 'Test Cases/Reusable_Test_Sequences/CAT_Teardown' successfully]]></system-out>
         <system-err><![CDATA[]]></system-err>
      </testcase>
      <testcase name="Test Cases/Web_Office/Reports/Company_Website_Status_Changes_Members" time="28.399" classname="Test Cases/Web_Office/Reports/Company_Website_Status_Changes_Members" status="PASSED">
         <system-out><![CDATA[2020-04-23 16:11:15 - [TEST_CASE][PASSED] - Test Cases/Web_Office/Reports/Company_Website_Status_Changes_Members: Test Cases/Web_Office/Reports/Company_Website_Status_Changes_Members

2020-04-23 16:11:15 - [TEST_STEP][PASSED] - "--------------------------------------": null

2020-04-23 16:11:15 - [TEST_STEP][PASSED] - " Web Office StartUp                  |": null

2020-04-23 16:11:15 - [TEST_STEP][PASSED] - callTestCase(findTestCase("Reusable_Test_Sequences/Web_Office/Directives/WebOffice_StartUp"), [:], STOP_ON_FAILURE): Call Test Case 'Test Cases/Reusable_Test_Sequences/Web_Office/Directives/WebOffice_StartUp' successfully

2020-04-23 16:11:15 - [TEST_CASE][PASSED] - Test Cases/Reusable_Test_Sequences/Web_Office/Directives/WebOffice_StartUp: Test Cases/Reusable_Test_Sequences/Web_Office/Directives/WebOffice_StartUp

2020-04-23 16:11:15 - [TEST_STEP][PASSED] - "-----------------------------------------------------------------------------": null

2020-04-23 16:11:15 - [TEST_STEP][PASSED] - if (URL == "https://www.dev.checkatrade.com/"): null

2020-04-23 16:11:15 - [TEST_STEP][PASSED] - "-----------------------------------------------------------------------------": null

2020-04-23 16:11:15 - [TEST_STEP][PASSED] - if (URL == "https://www.checkatrade.com/"): null

2020-04-23 16:11:15 - [TEST_STEP][PASSED] - "-----------------------------------------------------------------------------": null

2020-04-23 16:11:15 - [TEST_STEP][PASSED] - if (URL == "https://www.preview.checkatrade.com/"): null

2020-04-23 16:11:15 - [TEST_STEP][PASSED] - WebOfficeURL = "https://admin.preview.checkatrade.com/": null

2020-04-23 16:11:15 - [TEST_STEP][PASSED] - if (URL == "https://www.dev2.checkatrade.com/"): null

2020-04-23 16:11:15 - [TEST_STEP][PASSED] - "Set Function Area for "URL_Handler", URL Resolution": null

2020-04-23 16:11:15 - [TEST_STEP][PASSED] - "Do Some Magic with URL(s) See the comments within URL Handler ": null

2020-04-23 16:11:15 - [TEST_STEP][PASSED] - "------------------------------------------------": null

2020-04-23 16:11:15 - [TEST_STEP][PASSED] - "Moved Login Credentials to <Default> profile 22/01/2020": null

2020-04-23 16:11:15 - [TEST_STEP][PASSED] - "------------------------------------------------": null

2020-04-23 16:11:15 - [TEST_STEP][PASSED] - "WebOfficeURL - Set from the ENVIRONMENT PROFILE ": null

2020-04-23 16:11:15 - [TEST_STEP][PASSED] - "OPEN BROWSER": null

2020-04-23 16:11:15 - [TEST_STEP][PASSED] - "eg - https://admin.preview.checkatrade.com/  ": null

2020-04-23 16:11:15 - [TEST_STEP][PASSED] - openBrowser(WebOfficeURL): Browser is opened with url: 'https://admin.preview.checkatrade.com/'

2020-04-23 16:11:15 - [MESSAGE][INFO] - Starting 'Chrome' driver

2020-04-23 16:11:15 - [MESSAGE][INFO] - Action delay is set to 0 milliseconds

2020-04-23 16:11:22 - [MESSAGE][PASSED] - Browser is opened with url: 'https://admin.preview.checkatrade.com/'

2020-04-23 16:11:22 - [TEST_STEP][PASSED] - maximizeWindow(): Current window maximized

2020-04-23 16:11:24 - [MESSAGE][PASSED] - Current window maximized

2020-04-23 16:11:24 - [TEST_STEP][PASSED] - waitForElementClickable(findTestObject("Object Repository/WebOffice/Page_Checkatrade - Administration - Login/Login_Button"), 25): Object 'Object Repository/WebOffice/Page_Checkatrade - Administration - Login/Login_Button' is clickable

2020-04-23 16:11:24 - [MESSAGE][PASSED] - Object 'Object Repository/WebOffice/Page_Checkatrade - Administration - Login/Login_Button' is clickable

2020-04-23 16:11:24 - [TEST_STEP][PASSED] - verifyTextPresent("Checkatrade Web Office", false): Text 'Checkatrade Web Office' is present on page 

2020-04-23 16:11:25 - [MESSAGE][PASSED] - Text 'Checkatrade Web Office' is present on page 

2020-04-23 16:11:25 - [TEST_STEP][PASSED] - verifyTextPresent("Access for staff use only", false): Text 'Access for staff use only' is present on page 

2020-04-23 16:11:25 - [MESSAGE][PASSED] - Text 'Access for staff use only' is present on page 

2020-04-23 16:11:25 - [TEST_STEP][PASSED] - verifyTextPresent("Forgotten password?", false): Text 'Forgotten password?' is present on page 

2020-04-23 16:11:25 - [MESSAGE][PASSED] - Text 'Forgotten password?' is present on page 

2020-04-23 16:11:25 - [TEST_STEP][PASSED] - setText(findTestObject("Object Repository/WebOffice/Page_Checkatrade - Administration - Login/input_Username_LoginControlUserName"), wo_Username): Text 'DavidHo' is set on object 'Object Repository/WebOffice/Page_Checkatrade - Administration - Login/input_Username_LoginControlUserName'

2020-04-23 16:11:25 - [MESSAGE][PASSED] - Text 'DavidHo' is set on object 'Object Repository/WebOffice/Page_Checkatrade - Administration - Login/input_Username_LoginControlUserName'

2020-04-23 16:11:25 - [TEST_STEP][PASSED] - setText(findTestObject("Object Repository/WebOffice/Page_Checkatrade - Administration - Login/input_Password_LoginControlPassword"), wo_Password): Text 'Check123' is set on object 'Object Repository/WebOffice/Page_Checkatrade - Administration - Login/input_Password_LoginControlPassword'

2020-04-23 16:11:26 - [MESSAGE][PASSED] - Text 'Check123' is set on object 'Object Repository/WebOffice/Page_Checkatrade - Administration - Login/input_Password_LoginControlPassword'

2020-04-23 16:11:26 - [TEST_STEP][PASSED] - click(findTestObject("Object Repository/WebOffice/Page_Checkatrade - Administration - Login/Login_Button")): Object: 'Object Repository/WebOffice/Page_Checkatrade - Administration - Login/Login_Button' is clicked on

2020-04-23 16:11:27 - [MESSAGE][PASSED] - Object: 'Object Repository/WebOffice/Page_Checkatrade - Administration - Login/Login_Button' is clicked on

2020-04-23 16:11:27 - [TEST_STEP][PASSED] - waitForPageLoad(60): Wait for page load successfully

2020-04-23 16:11:28 - [MESSAGE][PASSED] - Wait for page load successfully

2020-04-23 16:11:28 - [TEST_STEP][PASSED] - verifyTextPresent("Welcome " + wo_Username, false): Text 'Welcome DavidHo' is present on page 

2020-04-23 16:11:28 - [MESSAGE][PASSED] - Text 'Welcome DavidHo' is present on page 

2020-04-23 16:11:28 - [MESSAGE][PASSED] - Call Test Case 'Test Cases/Reusable_Test_Sequences/Web_Office/Directives/WebOffice_StartUp' successfully

2020-04-23 16:11:28 - [TEST_STEP][PASSED] - "-----------------------------------------------------------------": null

2020-04-23 16:11:28 - [TEST_STEP][PASSED] - " Navigate to <Settings->Checkatrade.Com->Sub Item> Menu Item     |": null

2020-04-23 16:11:28 - [TEST_STEP][PASSED] - callTestCase(findTestCase("Reusable_Test_Sequences/Web_Office/Navigation/Sub_Menu_Navigation/Reports/Company_Website_Status_Changes_Members"), [:], STOP_ON_FAILURE): Call Test Case 'Test Cases/Reusable_Test_Sequences/Web_Office/Navigation/Sub_Menu_Navigation/Reports/Company_Website_Status_Changes_Members' successfully

2020-04-23 16:11:29 - [TEST_CASE][PASSED] - Test Cases/Reusable_Test_Sequences/Web_Office/Navigation/Sub_Menu_Navigation/Reports/Company_Website_Status_Changes_Members: Test Cases/Reusable_Test_Sequences/Web_Office/Navigation/Sub_Menu_Navigation/Reports/Company_Website_Status_Changes_Members

2020-04-23 16:11:29 - [TEST_STEP][PASSED] - "--------------------------------------": null

2020-04-23 16:11:29 - [TEST_STEP][PASSED] - " Navigate Top level menu Item         |": null

2020-04-23 16:11:29 - [TEST_STEP][PASSED] - waitForPageLoad(60): Wait for page load successfully

2020-04-23 16:11:29 - [MESSAGE][PASSED] - Wait for page load successfully

2020-04-23 16:11:29 - [TEST_STEP][PASSED] - waitForElementClickable(findTestObject("Object Repository/WebOffice_Home_page/a_Reports"), 60): Object 'Object Repository/WebOffice_Home_page/a_Reports' is clickable

2020-04-23 16:11:29 - [MESSAGE][PASSED] - Object 'Object Repository/WebOffice_Home_page/a_Reports' is clickable

2020-04-23 16:11:29 - [TEST_STEP][PASSED] - mouseOver(findTestObject("Object Repository/WebOffice_Home_page/a_Reports")): Object: 'Object Repository/WebOffice_Home_page/a_Reports' is hovered

2020-04-23 16:11:30 - [MESSAGE][PASSED] - Object: 'Object Repository/WebOffice_Home_page/a_Reports' is hovered

2020-04-23 16:11:30 - [TEST_STEP][PASSED] - click(findTestObject("Object Repository/WebOffice_Home_page/Page_/a_Members")): Object: 'Object Repository/WebOffice_Home_page/Page_/a_Members' is clicked on

2020-04-23 16:11:30 - [MESSAGE][PASSED] - Object: 'Object Repository/WebOffice_Home_page/Page_/a_Members' is clicked on

2020-04-23 16:11:30 - [TEST_STEP][PASSED] - waitForPageLoad(5): Wait for page load successfully

2020-04-23 16:11:30 - [MESSAGE][PASSED] - Wait for page load successfully

2020-04-23 16:11:30 - [TEST_STEP][PASSED] - waitForElementClickable(findTestObject("Object Repository/WebOffice_Home_page/Page_/a_Company Website Status Changes"), 5): Object 'Object Repository/WebOffice_Home_page/Page_/a_Company Website Status Changes' is clickable

2020-04-23 16:11:31 - [MESSAGE][PASSED] - Object 'Object Repository/WebOffice_Home_page/Page_/a_Company Website Status Changes' is clickable

2020-04-23 16:11:31 - [TEST_STEP][PASSED] - click(findTestObject("Object Repository/WebOffice_Home_page/Page_/a_Company Website Status Changes")): Object: 'Object Repository/WebOffice_Home_page/Page_/a_Company Website Status Changes' is clicked on

2020-04-23 16:11:35 - [MESSAGE][PASSED] - Object: 'Object Repository/WebOffice_Home_page/Page_/a_Company Website Status Changes' is clicked on

2020-04-23 16:11:35 - [MESSAGE][PASSED] - Call Test Case 'Test Cases/Reusable_Test_Sequences/Web_Office/Navigation/Sub_Menu_Navigation/Reports/Company_Website_Status_Changes_Members' successfully

2020-04-23 16:11:35 - [TEST_STEP][PASSED] - "--------------------------------------": null

2020-04-23 16:11:35 - [TEST_STEP][PASSED] - " Verify Returned Page Detail          |": null

2020-04-23 16:11:35 - [TEST_STEP][PASSED] - callTestCase(findTestCase("Reusable_Test_Sequences/Web_Office/Verification/Reports/Company_Website_Status_Changes"), [:], OPTIONAL): Call Test Case 'Test Cases/Reusable_Test_Sequences/Web_Office/Verification/Reports/Company_Website_Status_Changes' successfully

2020-04-23 16:11:35 - [TEST_CASE][PASSED] - Test Cases/Reusable_Test_Sequences/Web_Office/Verification/Reports/Company_Website_Status_Changes: Test Cases/Reusable_Test_Sequences/Web_Office/Verification/Reports/Company_Website_Status_Changes

2020-04-23 16:11:35 - [TEST_STEP][PASSED] - waitForPageLoad(120): Wait for page load successfully

2020-04-23 16:11:35 - [MESSAGE][PASSED] - Wait for page load successfully

2020-04-23 16:11:35 - [TEST_STEP][PASSED] - delay(1): Delayed 1 second(s)

2020-04-23 16:11:36 - [MESSAGE][PASSED] - Delayed 1 second(s)

2020-04-23 16:11:36 - [TEST_STEP][PASSED] - verifyTextPresent("Company Website Status Change Report", false): Text 'Company Website Status Change Report' is present on page 

2020-04-23 16:11:37 - [MESSAGE][PASSED] - Text 'Company Website Status Change Report' is present on page 

2020-04-23 16:11:37 - [TEST_STEP][PASSED] - "----------------------------------------------": null

2020-04-23 16:11:37 - [TEST_STEP][PASSED] - verifyTextPresent("All Available Dates:", false): Text 'All Available Dates:' is present on page 

2020-04-23 16:11:37 - [MESSAGE][PASSED] - Text 'All Available Dates:' is present on page 

2020-04-23 16:11:37 - [TEST_STEP][PASSED] - verifyTextPresent("Total no. companies", false): Text 'Total no. companies' is present on page 

2020-04-23 16:11:38 - [MESSAGE][PASSED] - Text 'Total no. companies' is present on page 

2020-04-23 16:11:38 - [TEST_STEP][PASSED] - "----------------------------------------------": null

2020-04-23 16:11:38 - [TEST_STEP][PASSED] - "----------------------------------------------": null

2020-04-23 16:11:38 - [TEST_STEP][PASSED] - verifyTextPresent("Company", false): Text 'Company' is present on page 

2020-04-23 16:11:38 - [MESSAGE][PASSED] - Text 'Company' is present on page 

2020-04-23 16:11:38 - [TEST_STEP][PASSED] - verifyTextPresent("Status", false): Text 'Status' is present on page 

2020-04-23 16:11:39 - [MESSAGE][PASSED] - Text 'Status' is present on page 

2020-04-23 16:11:39 - [TEST_STEP][PASSED] - verifyTextPresent("Description", false): Text 'Description' is present on page 

2020-04-23 16:11:39 - [MESSAGE][PASSED] - Text 'Description' is present on page 

2020-04-23 16:11:39 - [TEST_STEP][PASSED] - verifyTextPresent("Date Changed", false): Text 'Date Changed' is present on page 

2020-04-23 16:11:40 - [MESSAGE][PASSED] - Text 'Date Changed' is present on page 

2020-04-23 16:11:40 - [TEST_STEP][PASSED] - "----------------------------------------------": null

2020-04-23 16:11:40 - [TEST_STEP][PASSED] - "----------------------------------------------": null

2020-04-23 16:11:40 - [TEST_STEP][PASSED] - "----------------------------------------------": null

2020-04-23 16:11:40 - [TEST_STEP][PASSED] - verifyTextPresent("Added to Website", false): Text 'Added to Website' is present on page 

2020-04-23 16:11:41 - [MESSAGE][PASSED] - Text 'Added to Website' is present on page 

2020-04-23 16:11:41 - [TEST_STEP][PASSED] - verifyTextPresent("Removed from website", false): Text 'Removed from website' is present on page 

2020-04-23 16:11:41 - [MESSAGE][PASSED] - Text 'Removed from website' is present on page 

2020-04-23 16:11:41 - [MESSAGE][PASSED] - Call Test Case 'Test Cases/Reusable_Test_Sequences/Web_Office/Verification/Reports/Company_Website_Status_Changes' successfully

2020-04-23 16:11:41 - [TEST_STEP][PASSED] - "--------------------------": null

2020-04-23 16:11:41 - [TEST_STEP][PASSED] - " Teardown - CLose Browser |": null

2020-04-23 16:11:41 - [TEST_STEP][PASSED] - callTestCase(findTestCase("Reusable_Test_Sequences/CAT_Teardown"), [:], OPTIONAL): Call Test Case 'Test Cases/Reusable_Test_Sequences/CAT_Teardown' successfully

2020-04-23 16:11:41 - [TEST_CASE][PASSED] - Test Cases/Reusable_Test_Sequences/CAT_Teardown: Test Cases/Reusable_Test_Sequences/CAT_Teardown

2020-04-23 16:11:41 - [TEST_STEP][PASSED] - closeBrowser(): Browser is closed

2020-04-23 16:11:43 - [MESSAGE][PASSED] - Browser is closed

2020-04-23 16:11:43 - [TEST_STEP][PASSED] - super.finalize(): null

2020-04-23 16:11:43 - [TEST_STEP][PASSED] - System.gc(): null

2020-04-23 16:11:43 - [MESSAGE][PASSED] - Call Test Case 'Test Cases/Reusable_Test_Sequences/CAT_Teardown' successfully]]></system-out>
         <system-err><![CDATA[]]></system-err>
      </testcase>
      <testcase name="Test Cases/Web_Office/Reports/Partner_Franchise" time="19.67" classname="Test Cases/Web_Office/Reports/Partner_Franchise" status="PASSED">
         <system-out><![CDATA[2020-04-23 16:11:43 - [TEST_CASE][PASSED] - Test Cases/Web_Office/Reports/Partner_Franchise: Test Cases/Web_Office/Reports/Partner_Franchise

2020-04-23 16:11:43 - [TEST_STEP][PASSED] - "--------------------------------------": null

2020-04-23 16:11:43 - [TEST_STEP][PASSED] - " Web Office StartUp                  |": null

2020-04-23 16:11:43 - [TEST_STEP][PASSED] - callTestCase(findTestCase("Reusable_Test_Sequences/Web_Office/Directives/WebOffice_StartUp"), [:], STOP_ON_FAILURE): Call Test Case 'Test Cases/Reusable_Test_Sequences/Web_Office/Directives/WebOffice_StartUp' successfully

2020-04-23 16:11:43 - [TEST_CASE][PASSED] - Test Cases/Reusable_Test_Sequences/Web_Office/Directives/WebOffice_StartUp: Test Cases/Reusable_Test_Sequences/Web_Office/Directives/WebOffice_StartUp

2020-04-23 16:11:43 - [TEST_STEP][PASSED] - "-----------------------------------------------------------------------------": null

2020-04-23 16:11:43 - [TEST_STEP][PASSED] - if (URL == "https://www.dev.checkatrade.com/"): null

2020-04-23 16:11:43 - [TEST_STEP][PASSED] - "-----------------------------------------------------------------------------": null

2020-04-23 16:11:43 - [TEST_STEP][PASSED] - if (URL == "https://www.checkatrade.com/"): null

2020-04-23 16:11:43 - [TEST_STEP][PASSED] - "-----------------------------------------------------------------------------": null

2020-04-23 16:11:43 - [TEST_STEP][PASSED] - if (URL == "https://www.preview.checkatrade.com/"): null

2020-04-23 16:11:43 - [TEST_STEP][PASSED] - WebOfficeURL = "https://admin.preview.checkatrade.com/": null

2020-04-23 16:11:43 - [TEST_STEP][PASSED] - if (URL == "https://www.dev2.checkatrade.com/"): null

2020-04-23 16:11:43 - [TEST_STEP][PASSED] - "Set Function Area for "URL_Handler", URL Resolution": null

2020-04-23 16:11:43 - [TEST_STEP][PASSED] - "Do Some Magic with URL(s) See the comments within URL Handler ": null

2020-04-23 16:11:43 - [TEST_STEP][PASSED] - "------------------------------------------------": null

2020-04-23 16:11:43 - [TEST_STEP][PASSED] - "Moved Login Credentials to <Default> profile 22/01/2020": null

2020-04-23 16:11:43 - [TEST_STEP][PASSED] - "------------------------------------------------": null

2020-04-23 16:11:43 - [TEST_STEP][PASSED] - "WebOfficeURL - Set from the ENVIRONMENT PROFILE ": null

2020-04-23 16:11:43 - [TEST_STEP][PASSED] - "OPEN BROWSER": null

2020-04-23 16:11:43 - [TEST_STEP][PASSED] - "eg - https://admin.preview.checkatrade.com/  ": null

2020-04-23 16:11:43 - [TEST_STEP][PASSED] - openBrowser(WebOfficeURL): Browser is opened with url: 'https://admin.preview.checkatrade.com/'

2020-04-23 16:11:43 - [MESSAGE][INFO] - Starting 'Chrome' driver

2020-04-23 16:11:43 - [MESSAGE][INFO] - Action delay is set to 0 milliseconds

2020-04-23 16:11:49 - [MESSAGE][PASSED] - Browser is opened with url: 'https://admin.preview.checkatrade.com/'

2020-04-23 16:11:49 - [TEST_STEP][PASSED] - maximizeWindow(): Current window maximized

2020-04-23 16:11:52 - [MESSAGE][PASSED] - Current window maximized

2020-04-23 16:11:52 - [TEST_STEP][PASSED] - waitForElementClickable(findTestObject("Object Repository/WebOffice/Page_Checkatrade - Administration - Login/Login_Button"), 25): Object 'Object Repository/WebOffice/Page_Checkatrade - Administration - Login/Login_Button' is clickable

2020-04-23 16:11:52 - [MESSAGE][PASSED] - Object 'Object Repository/WebOffice/Page_Checkatrade - Administration - Login/Login_Button' is clickable

2020-04-23 16:11:52 - [TEST_STEP][PASSED] - verifyTextPresent("Checkatrade Web Office", false): Text 'Checkatrade Web Office' is present on page 

2020-04-23 16:11:52 - [MESSAGE][PASSED] - Text 'Checkatrade Web Office' is present on page 

2020-04-23 16:11:52 - [TEST_STEP][PASSED] - verifyTextPresent("Access for staff use only", false): Text 'Access for staff use only' is present on page 

2020-04-23 16:11:52 - [MESSAGE][PASSED] - Text 'Access for staff use only' is present on page 

2020-04-23 16:11:52 - [TEST_STEP][PASSED] - verifyTextPresent("Forgotten password?", false): Text 'Forgotten password?' is present on page 

2020-04-23 16:11:52 - [MESSAGE][PASSED] - Text 'Forgotten password?' is present on page 

2020-04-23 16:11:52 - [TEST_STEP][PASSED] - setText(findTestObject("Object Repository/WebOffice/Page_Checkatrade - Administration - Login/input_Username_LoginControlUserName"), wo_Username): Text 'DavidHo' is set on object 'Object Repository/WebOffice/Page_Checkatrade - Administration - Login/input_Username_LoginControlUserName'

2020-04-23 16:11:52 - [MESSAGE][PASSED] - Text 'DavidHo' is set on object 'Object Repository/WebOffice/Page_Checkatrade - Administration - Login/input_Username_LoginControlUserName'

2020-04-23 16:11:52 - [TEST_STEP][PASSED] - setText(findTestObject("Object Repository/WebOffice/Page_Checkatrade - Administration - Login/input_Password_LoginControlPassword"), wo_Password): Text 'Check123' is set on object 'Object Repository/WebOffice/Page_Checkatrade - Administration - Login/input_Password_LoginControlPassword'

2020-04-23 16:11:53 - [MESSAGE][PASSED] - Text 'Check123' is set on object 'Object Repository/WebOffice/Page_Checkatrade - Administration - Login/input_Password_LoginControlPassword'

2020-04-23 16:11:53 - [TEST_STEP][PASSED] - click(findTestObject("Object Repository/WebOffice/Page_Checkatrade - Administration - Login/Login_Button")): Object: 'Object Repository/WebOffice/Page_Checkatrade - Administration - Login/Login_Button' is clicked on

2020-04-23 16:11:54 - [MESSAGE][PASSED] - Object: 'Object Repository/WebOffice/Page_Checkatrade - Administration - Login/Login_Button' is clicked on

2020-04-23 16:11:54 - [TEST_STEP][PASSED] - waitForPageLoad(60): Wait for page load successfully

2020-04-23 16:11:54 - [MESSAGE][PASSED] - Wait for page load successfully

2020-04-23 16:11:54 - [TEST_STEP][PASSED] - verifyTextPresent("Welcome " + wo_Username, false): Text 'Welcome DavidHo' is present on page 

2020-04-23 16:11:54 - [MESSAGE][PASSED] - Text 'Welcome DavidHo' is present on page 

2020-04-23 16:11:54 - [MESSAGE][PASSED] - Call Test Case 'Test Cases/Reusable_Test_Sequences/Web_Office/Directives/WebOffice_StartUp' successfully

2020-04-23 16:11:54 - [TEST_STEP][PASSED] - "-----------------------------------------------------------------": null

2020-04-23 16:11:54 - [TEST_STEP][PASSED] - " Navigate to <Settings->Checkatrade.Com->Sub Item> Menu Item     |": null

2020-04-23 16:11:54 - [TEST_STEP][PASSED] - callTestCase(findTestCase("Reusable_Test_Sequences/Web_Office/Navigation/Sub_Menu_Navigation/Reports/Partner_Franchise"), [:], STOP_ON_FAILURE): Call Test Case 'Test Cases/Reusable_Test_Sequences/Web_Office/Navigation/Sub_Menu_Navigation/Reports/Partner_Franchise' successfully

2020-04-23 16:11:54 - [TEST_CASE][PASSED] - Test Cases/Reusable_Test_Sequences/Web_Office/Navigation/Sub_Menu_Navigation/Reports/Partner_Franchise: Test Cases/Reusable_Test_Sequences/Web_Office/Navigation/Sub_Menu_Navigation/Reports/Partner_Franchise

2020-04-23 16:11:55 - [TEST_STEP][PASSED] - "--------------------------------------": null

2020-04-23 16:11:55 - [TEST_STEP][PASSED] - " Navigate Top level menu Item         |": null

2020-04-23 16:11:55 - [TEST_STEP][PASSED] - waitForPageLoad(60): Wait for page load successfully

2020-04-23 16:11:55 - [MESSAGE][PASSED] - Wait for page load successfully

2020-04-23 16:11:55 - [TEST_STEP][PASSED] - waitForElementClickable(findTestObject("Object Repository/WebOffice_Home_page/a_Reports"), 60): Object 'Object Repository/WebOffice_Home_page/a_Reports' is clickable

2020-04-23 16:11:55 - [MESSAGE][PASSED] - Object 'Object Repository/WebOffice_Home_page/a_Reports' is clickable

2020-04-23 16:11:55 - [TEST_STEP][PASSED] - mouseOver(findTestObject("Object Repository/WebOffice_Home_page/a_Reports")): Object: 'Object Repository/WebOffice_Home_page/a_Reports' is hovered

2020-04-23 16:11:56 - [MESSAGE][PASSED] - Object: 'Object Repository/WebOffice_Home_page/a_Reports' is hovered

2020-04-23 16:11:56 - [TEST_STEP][PASSED] - click(findTestObject("Object Repository/WebOffice_Home_page/Page_/a_Members")): Object: 'Object Repository/WebOffice_Home_page/Page_/a_Members' is clicked on

2020-04-23 16:11:56 - [MESSAGE][PASSED] - Object: 'Object Repository/WebOffice_Home_page/Page_/a_Members' is clicked on

2020-04-23 16:11:56 - [TEST_STEP][PASSED] - waitForPageLoad(5): Wait for page load successfully

2020-04-23 16:11:56 - [MESSAGE][PASSED] - Wait for page load successfully

2020-04-23 16:11:56 - [TEST_STEP][PASSED] - waitForElementClickable(findTestObject("Object Repository/WebOffice_Home_page/Page_/a_Partner  Franchise"), 5): Object 'Object Repository/WebOffice_Home_page/Page_/a_Partner  Franchise' is clickable

2020-04-23 16:11:56 - [MESSAGE][PASSED] - Object 'Object Repository/WebOffice_Home_page/Page_/a_Partner  Franchise' is clickable

2020-04-23 16:11:56 - [TEST_STEP][PASSED] - click(findTestObject("Object Repository/WebOffice_Home_page/Page_/a_Partner  Franchise")): Object: 'Object Repository/WebOffice_Home_page/Page_/a_Partner  Franchise' is clicked on

2020-04-23 16:11:57 - [MESSAGE][PASSED] - Object: 'Object Repository/WebOffice_Home_page/Page_/a_Partner  Franchise' is clicked on

2020-04-23 16:11:57 - [MESSAGE][PASSED] - Call Test Case 'Test Cases/Reusable_Test_Sequences/Web_Office/Navigation/Sub_Menu_Navigation/Reports/Partner_Franchise' successfully

2020-04-23 16:11:57 - [TEST_STEP][PASSED] - "--------------------------------------": null

2020-04-23 16:11:57 - [TEST_STEP][PASSED] - " Verify Returned Page Detail          |": null

2020-04-23 16:11:57 - [TEST_STEP][PASSED] - callTestCase(findTestCase("Reusable_Test_Sequences/Web_Office/Verification/Reports/Partner_Franchise"), [:], OPTIONAL): Call Test Case 'Test Cases/Reusable_Test_Sequences/Web_Office/Verification/Reports/Partner_Franchise' successfully

2020-04-23 16:11:57 - [TEST_CASE][PASSED] - Test Cases/Reusable_Test_Sequences/Web_Office/Verification/Reports/Partner_Franchise: Test Cases/Reusable_Test_Sequences/Web_Office/Verification/Reports/Partner_Franchise

2020-04-23 16:11:58 - [TEST_STEP][PASSED] - waitForPageLoad(120): Wait for page load successfully

2020-04-23 16:11:58 - [MESSAGE][PASSED] - Wait for page load successfully

2020-04-23 16:11:58 - [TEST_STEP][PASSED] - delay(1): Delayed 1 second(s)

2020-04-23 16:11:59 - [MESSAGE][PASSED] - Delayed 1 second(s)

2020-04-23 16:11:59 - [TEST_STEP][PASSED] - verifyTextPresent("Partner/Franchise Reports", false): Text 'Partner/Franchise Reports' is present on page 

2020-04-23 16:11:59 - [MESSAGE][PASSED] - Text 'Partner/Franchise Reports' is present on page 

2020-04-23 16:11:59 - [TEST_STEP][PASSED] - "----------------------------------------------": null

2020-04-23 16:11:59 - [TEST_STEP][PASSED] - verifyTextPresent("Report Period", false): Text 'Report Period' is present on page 

2020-04-23 16:12:00 - [MESSAGE][PASSED] - Text 'Report Period' is present on page 

2020-04-23 16:12:00 - [TEST_STEP][PASSED] - verifyTextPresent("Comparison Period", false): Text 'Comparison Period' is present on page 

2020-04-23 16:12:00 - [MESSAGE][PASSED] - Text 'Comparison Period' is present on page 

2020-04-23 16:12:00 - [TEST_STEP][PASSED] - verifyTextPresent("Partner/Franchise", false): Text 'Partner/Franchise' is present on page 

2020-04-23 16:12:01 - [MESSAGE][PASSED] - Text 'Partner/Franchise' is present on page 

2020-04-23 16:12:01 - [TEST_STEP][PASSED] - "----------------------------------------------": null

2020-04-23 16:12:01 - [TEST_STEP][PASSED] - verifyTextPresent("Report Type", false): Text 'Report Type' is present on page 

2020-04-23 16:12:01 - [MESSAGE][PASSED] - Text 'Report Type' is present on page 

2020-04-23 16:12:01 - [TEST_STEP][PASSED] - verifyTextPresent("Summary", false): Text 'Summary' is present on page 

2020-04-23 16:12:01 - [MESSAGE][PASSED] - Text 'Summary' is present on page 

2020-04-23 16:12:01 - [TEST_STEP][PASSED] - verifyTextPresent("Detail", false): Text 'Detail' is present on page 

2020-04-23 16:12:02 - [MESSAGE][PASSED] - Text 'Detail' is present on page 

2020-04-23 16:12:02 - [MESSAGE][PASSED] - Call Test Case 'Test Cases/Reusable_Test_Sequences/Web_Office/Verification/Reports/Partner_Franchise' successfully

2020-04-23 16:12:02 - [TEST_STEP][PASSED] - "--------------------------": null

2020-04-23 16:12:02 - [TEST_STEP][PASSED] - " Teardown - CLose Browser |": null

2020-04-23 16:12:02 - [TEST_STEP][PASSED] - callTestCase(findTestCase("Reusable_Test_Sequences/CAT_Teardown"), [:], OPTIONAL): Call Test Case 'Test Cases/Reusable_Test_Sequences/CAT_Teardown' successfully

2020-04-23 16:12:02 - [TEST_CASE][PASSED] - Test Cases/Reusable_Test_Sequences/CAT_Teardown: Test Cases/Reusable_Test_Sequences/CAT_Teardown

2020-04-23 16:12:02 - [TEST_STEP][PASSED] - closeBrowser(): Browser is closed

2020-04-23 16:12:03 - [MESSAGE][PASSED] - Browser is closed

2020-04-23 16:12:03 - [TEST_STEP][PASSED] - super.finalize(): null

2020-04-23 16:12:03 - [TEST_STEP][PASSED] - System.gc(): null

2020-04-23 16:12:03 - [MESSAGE][PASSED] - Call Test Case 'Test Cases/Reusable_Test_Sequences/CAT_Teardown' successfully]]></system-out>
         <system-err><![CDATA[]]></system-err>
      </testcase>
      <testcase name="Test Cases/Web_Office/Reports/Competitor_Analysis" time="22.453" classname="Test Cases/Web_Office/Reports/Competitor_Analysis" status="PASSED">
         <system-out><![CDATA[2020-04-23 16:12:03 - [TEST_CASE][PASSED] - Test Cases/Web_Office/Reports/Competitor_Analysis: Test Cases/Web_Office/Reports/Competitor_Analysis

2020-04-23 16:12:03 - [TEST_STEP][PASSED] - "--------------------------------------": null

2020-04-23 16:12:03 - [TEST_STEP][PASSED] - " Web Office StartUp                  |": null

2020-04-23 16:12:03 - [TEST_STEP][PASSED] - callTestCase(findTestCase("Reusable_Test_Sequences/Web_Office/Directives/WebOffice_StartUp"), [:], STOP_ON_FAILURE): Call Test Case 'Test Cases/Reusable_Test_Sequences/Web_Office/Directives/WebOffice_StartUp' successfully

2020-04-23 16:12:03 - [TEST_CASE][PASSED] - Test Cases/Reusable_Test_Sequences/Web_Office/Directives/WebOffice_StartUp: Test Cases/Reusable_Test_Sequences/Web_Office/Directives/WebOffice_StartUp

2020-04-23 16:12:03 - [TEST_STEP][PASSED] - "-----------------------------------------------------------------------------": null

2020-04-23 16:12:03 - [TEST_STEP][PASSED] - if (URL == "https://www.dev.checkatrade.com/"): null

2020-04-23 16:12:03 - [TEST_STEP][PASSED] - "-----------------------------------------------------------------------------": null

2020-04-23 16:12:03 - [TEST_STEP][PASSED] - if (URL == "https://www.checkatrade.com/"): null

2020-04-23 16:12:03 - [TEST_STEP][PASSED] - "-----------------------------------------------------------------------------": null

2020-04-23 16:12:03 - [TEST_STEP][PASSED] - if (URL == "https://www.preview.checkatrade.com/"): null

2020-04-23 16:12:03 - [TEST_STEP][PASSED] - WebOfficeURL = "https://admin.preview.checkatrade.com/": null

2020-04-23 16:12:03 - [TEST_STEP][PASSED] - if (URL == "https://www.dev2.checkatrade.com/"): null

2020-04-23 16:12:03 - [TEST_STEP][PASSED] - "Set Function Area for "URL_Handler", URL Resolution": null

2020-04-23 16:12:03 - [TEST_STEP][PASSED] - "Do Some Magic with URL(s) See the comments within URL Handler ": null

2020-04-23 16:12:03 - [TEST_STEP][PASSED] - "------------------------------------------------": null

2020-04-23 16:12:03 - [TEST_STEP][PASSED] - "Moved Login Credentials to <Default> profile 22/01/2020": null

2020-04-23 16:12:03 - [TEST_STEP][PASSED] - "------------------------------------------------": null

2020-04-23 16:12:03 - [TEST_STEP][PASSED] - "WebOfficeURL - Set from the ENVIRONMENT PROFILE ": null

2020-04-23 16:12:03 - [TEST_STEP][PASSED] - "OPEN BROWSER": null

2020-04-23 16:12:03 - [TEST_STEP][PASSED] - "eg - https://admin.preview.checkatrade.com/  ": null

2020-04-23 16:12:03 - [TEST_STEP][PASSED] - openBrowser(WebOfficeURL): Browser is opened with url: 'https://admin.preview.checkatrade.com/'

2020-04-23 16:12:03 - [MESSAGE][INFO] - Starting 'Chrome' driver

2020-04-23 16:12:03 - [MESSAGE][INFO] - Action delay is set to 0 milliseconds

2020-04-23 16:12:12 - [MESSAGE][PASSED] - Browser is opened with url: 'https://admin.preview.checkatrade.com/'

2020-04-23 16:12:12 - [TEST_STEP][PASSED] - maximizeWindow(): Current window maximized

2020-04-23 16:12:14 - [MESSAGE][PASSED] - Current window maximized

2020-04-23 16:12:14 - [TEST_STEP][PASSED] - waitForElementClickable(findTestObject("Object Repository/WebOffice/Page_Checkatrade - Administration - Login/Login_Button"), 25): Object 'Object Repository/WebOffice/Page_Checkatrade - Administration - Login/Login_Button' is clickable

2020-04-23 16:12:15 - [MESSAGE][PASSED] - Object 'Object Repository/WebOffice/Page_Checkatrade - Administration - Login/Login_Button' is clickable

2020-04-23 16:12:15 - [TEST_STEP][PASSED] - verifyTextPresent("Checkatrade Web Office", false): Text 'Checkatrade Web Office' is present on page 

2020-04-23 16:12:15 - [MESSAGE][PASSED] - Text 'Checkatrade Web Office' is present on page 

2020-04-23 16:12:15 - [TEST_STEP][PASSED] - verifyTextPresent("Access for staff use only", false): Text 'Access for staff use only' is present on page 

2020-04-23 16:12:15 - [MESSAGE][PASSED] - Text 'Access for staff use only' is present on page 

2020-04-23 16:12:15 - [TEST_STEP][PASSED] - verifyTextPresent("Forgotten password?", false): Text 'Forgotten password?' is present on page 

2020-04-23 16:12:15 - [MESSAGE][PASSED] - Text 'Forgotten password?' is present on page 

2020-04-23 16:12:15 - [TEST_STEP][PASSED] - setText(findTestObject("Object Repository/WebOffice/Page_Checkatrade - Administration - Login/input_Username_LoginControlUserName"), wo_Username): Text 'DavidHo' is set on object 'Object Repository/WebOffice/Page_Checkatrade - Administration - Login/input_Username_LoginControlUserName'

2020-04-23 16:12:15 - [MESSAGE][PASSED] - Text 'DavidHo' is set on object 'Object Repository/WebOffice/Page_Checkatrade - Administration - Login/input_Username_LoginControlUserName'

2020-04-23 16:12:15 - [TEST_STEP][PASSED] - setText(findTestObject("Object Repository/WebOffice/Page_Checkatrade - Administration - Login/input_Password_LoginControlPassword"), wo_Password): Text 'Check123' is set on object 'Object Repository/WebOffice/Page_Checkatrade - Administration - Login/input_Password_LoginControlPassword'

2020-04-23 16:12:15 - [MESSAGE][PASSED] - Text 'Check123' is set on object 'Object Repository/WebOffice/Page_Checkatrade - Administration - Login/input_Password_LoginControlPassword'

2020-04-23 16:12:15 - [TEST_STEP][PASSED] - click(findTestObject("Object Repository/WebOffice/Page_Checkatrade - Administration - Login/Login_Button")): Object: 'Object Repository/WebOffice/Page_Checkatrade - Administration - Login/Login_Button' is clicked on

2020-04-23 16:12:17 - [MESSAGE][PASSED] - Object: 'Object Repository/WebOffice/Page_Checkatrade - Administration - Login/Login_Button' is clicked on

2020-04-23 16:12:17 - [TEST_STEP][PASSED] - waitForPageLoad(60): Wait for page load successfully

2020-04-23 16:12:17 - [MESSAGE][PASSED] - Wait for page load successfully

2020-04-23 16:12:17 - [TEST_STEP][PASSED] - verifyTextPresent("Welcome " + wo_Username, false): Text 'Welcome DavidHo' is present on page 

2020-04-23 16:12:17 - [MESSAGE][PASSED] - Text 'Welcome DavidHo' is present on page 

2020-04-23 16:12:17 - [MESSAGE][PASSED] - Call Test Case 'Test Cases/Reusable_Test_Sequences/Web_Office/Directives/WebOffice_StartUp' successfully

2020-04-23 16:12:17 - [TEST_STEP][PASSED] - "-----------------------------------------------------------------": null

2020-04-23 16:12:17 - [TEST_STEP][PASSED] - " Navigate to <Settings->Checkatrade.Com->Sub Item> Menu Item     |": null

2020-04-23 16:12:17 - [TEST_STEP][PASSED] - callTestCase(findTestCase("Reusable_Test_Sequences/Web_Office/Navigation/Sub_Menu_Navigation/Reports/Competitor_Analysis"), [:], STOP_ON_FAILURE): Call Test Case 'Test Cases/Reusable_Test_Sequences/Web_Office/Navigation/Sub_Menu_Navigation/Reports/Competitor_Analysis' successfully

2020-04-23 16:12:18 - [TEST_CASE][PASSED] - Test Cases/Reusable_Test_Sequences/Web_Office/Navigation/Sub_Menu_Navigation/Reports/Competitor_Analysis: Test Cases/Reusable_Test_Sequences/Web_Office/Navigation/Sub_Menu_Navigation/Reports/Competitor_Analysis

2020-04-23 16:12:18 - [TEST_STEP][PASSED] - "--------------------------------------": null

2020-04-23 16:12:18 - [TEST_STEP][PASSED] - " Navigate Top level menu Item         |": null

2020-04-23 16:12:18 - [TEST_STEP][PASSED] - waitForPageLoad(60): Wait for page load successfully

2020-04-23 16:12:18 - [MESSAGE][PASSED] - Wait for page load successfully

2020-04-23 16:12:18 - [TEST_STEP][PASSED] - waitForElementClickable(findTestObject("Object Repository/WebOffice_Home_page/a_Reports"), 60): Object 'Object Repository/WebOffice_Home_page/a_Reports' is clickable

2020-04-23 16:12:18 - [MESSAGE][PASSED] - Object 'Object Repository/WebOffice_Home_page/a_Reports' is clickable

2020-04-23 16:12:18 - [TEST_STEP][PASSED] - mouseOver(findTestObject("Object Repository/WebOffice_Home_page/a_Reports")): Object: 'Object Repository/WebOffice_Home_page/a_Reports' is hovered

2020-04-23 16:12:18 - [MESSAGE][PASSED] - Object: 'Object Repository/WebOffice_Home_page/a_Reports' is hovered

2020-04-23 16:12:18 - [TEST_STEP][PASSED] - click(findTestObject("Object Repository/WebOffice_Home_page/Page_/a_Members")): Object: 'Object Repository/WebOffice_Home_page/Page_/a_Members' is clicked on

2020-04-23 16:12:19 - [MESSAGE][PASSED] - Object: 'Object Repository/WebOffice_Home_page/Page_/a_Members' is clicked on

2020-04-23 16:12:19 - [TEST_STEP][PASSED] - waitForPageLoad(5): Wait for page load successfully

2020-04-23 16:12:19 - [MESSAGE][PASSED] - Wait for page load successfully

2020-04-23 16:12:19 - [TEST_STEP][PASSED] - waitForElementClickable(findTestObject("Object Repository/WebOffice_Home_page/Page_/a_Competitor Analysis"), 5): Object 'Object Repository/WebOffice_Home_page/Page_/a_Competitor Analysis' is clickable

2020-04-23 16:12:19 - [MESSAGE][PASSED] - Object 'Object Repository/WebOffice_Home_page/Page_/a_Competitor Analysis' is clickable

2020-04-23 16:12:19 - [TEST_STEP][PASSED] - click(findTestObject("Object Repository/WebOffice_Home_page/Page_/a_Competitor Analysis")): Object: 'Object Repository/WebOffice_Home_page/Page_/a_Competitor Analysis' is clicked on

2020-04-23 16:12:21 - [MESSAGE][PASSED] - Object: 'Object Repository/WebOffice_Home_page/Page_/a_Competitor Analysis' is clicked on

2020-04-23 16:12:21 - [MESSAGE][PASSED] - Call Test Case 'Test Cases/Reusable_Test_Sequences/Web_Office/Navigation/Sub_Menu_Navigation/Reports/Competitor_Analysis' successfully

2020-04-23 16:12:21 - [TEST_STEP][PASSED] - "--------------------------------------": null

2020-04-23 16:12:21 - [TEST_STEP][PASSED] - " Verify Returned Page Detail          |": null

2020-04-23 16:12:21 - [TEST_STEP][PASSED] - callTestCase(findTestCase("Reusable_Test_Sequences/Web_Office/Verification/Reports/Competitor_Analysis"), [:], OPTIONAL): Call Test Case 'Test Cases/Reusable_Test_Sequences/Web_Office/Verification/Reports/Competitor_Analysis' successfully

2020-04-23 16:12:21 - [TEST_CASE][PASSED] - Test Cases/Reusable_Test_Sequences/Web_Office/Verification/Reports/Competitor_Analysis: Test Cases/Reusable_Test_Sequences/Web_Office/Verification/Reports/Competitor_Analysis

2020-04-23 16:12:21 - [TEST_STEP][PASSED] - waitForPageLoad(120): Wait for page load successfully

2020-04-23 16:12:21 - [MESSAGE][PASSED] - Wait for page load successfully

2020-04-23 16:12:21 - [TEST_STEP][PASSED] - delay(1): Delayed 1 second(s)

2020-04-23 16:12:22 - [MESSAGE][PASSED] - Delayed 1 second(s)

2020-04-23 16:12:22 - [TEST_STEP][PASSED] - verifyTextPresent("Competitor Analysis", false): Text 'Competitor Analysis' is present on page 

2020-04-23 16:12:22 - [MESSAGE][PASSED] - Text 'Competitor Analysis' is present on page 

2020-04-23 16:12:22 - [TEST_STEP][PASSED] - "----------------------------------------------": null

2020-04-23 16:12:22 - [TEST_STEP][PASSED] - verifyTextPresent("Select a date and competitor to draw side by side maps comparing CAT members to selected competitor", false): Text 'Select a date and competitor to draw side by side maps comparing CAT members to selected competitor' is present on page 

2020-04-23 16:12:23 - [MESSAGE][PASSED] - Text 'Select a date and competitor to draw side by side maps comparing CAT members to selected competitor' is present on page 

2020-04-23 16:12:23 - [TEST_STEP][PASSED] - verifyTextPresent("The map will be coloured by TV region and region breakdown will be below the maps", false): Text 'The map will be coloured by TV region and region breakdown will be below the maps' is present on page 

2020-04-23 16:12:23 - [MESSAGE][PASSED] - Text 'The map will be coloured by TV region and region breakdown will be below the maps' is present on page 

2020-04-23 16:12:23 - [TEST_STEP][PASSED] - "----------------------------------------------": null

2020-04-23 16:12:23 - [TEST_STEP][PASSED] - verifyTextPresent("Competitors", false): Text 'Competitors' is present on page 

2020-04-23 16:12:23 - [MESSAGE][PASSED] - Text 'Competitors' is present on page 

2020-04-23 16:12:23 - [TEST_STEP][PASSED] - verifyTextPresent("Start Date", false): Text 'Start Date' is present on page 

2020-04-23 16:12:23 - [MESSAGE][PASSED] - Text 'Start Date' is present on page 

2020-04-23 16:12:23 - [TEST_STEP][PASSED] - verifyTextPresent("End Date", false): Text 'End Date' is present on page 

2020-04-23 16:12:24 - [MESSAGE][PASSED] - Text 'End Date' is present on page 

2020-04-23 16:12:24 - [MESSAGE][PASSED] - Call Test Case 'Test Cases/Reusable_Test_Sequences/Web_Office/Verification/Reports/Competitor_Analysis' successfully

2020-04-23 16:12:24 - [TEST_STEP][PASSED] - "--------------------------": null

2020-04-23 16:12:24 - [TEST_STEP][PASSED] - " Teardown - CLose Browser |": null

2020-04-23 16:12:24 - [TEST_STEP][PASSED] - callTestCase(findTestCase("Reusable_Test_Sequences/CAT_Teardown"), [:], OPTIONAL): Call Test Case 'Test Cases/Reusable_Test_Sequences/CAT_Teardown' successfully

2020-04-23 16:12:24 - [TEST_CASE][PASSED] - Test Cases/Reusable_Test_Sequences/CAT_Teardown: Test Cases/Reusable_Test_Sequences/CAT_Teardown

2020-04-23 16:12:24 - [TEST_STEP][PASSED] - closeBrowser(): Browser is closed

2020-04-23 16:12:25 - [MESSAGE][PASSED] - Browser is closed

2020-04-23 16:12:25 - [TEST_STEP][PASSED] - super.finalize(): null

2020-04-23 16:12:25 - [TEST_STEP][PASSED] - System.gc(): null

2020-04-23 16:12:25 - [MESSAGE][PASSED] - Call Test Case 'Test Cases/Reusable_Test_Sequences/CAT_Teardown' successfully]]></system-out>
         <system-err><![CDATA[]]></system-err>
      </testcase>
      <testcase name="Test Cases/Web_Office/Reports/Members_Feedback_Summary" time="26.288" classname="Test Cases/Web_Office/Reports/Members_Feedback_Summary" status="PASSED">
         <system-out><![CDATA[2020-04-23 16:12:25 - [TEST_CASE][PASSED] - Test Cases/Web_Office/Reports/Members_Feedback_Summary: Test Cases/Web_Office/Reports/Members_Feedback_Summary

2020-04-23 16:12:26 - [TEST_STEP][PASSED] - "--------------------------------------": null

2020-04-23 16:12:26 - [TEST_STEP][PASSED] - " Web Office StartUp                  |": null

2020-04-23 16:12:26 - [TEST_STEP][PASSED] - callTestCase(findTestCase("Reusable_Test_Sequences/Web_Office/Directives/WebOffice_StartUp"), [:], STOP_ON_FAILURE): Call Test Case 'Test Cases/Reusable_Test_Sequences/Web_Office/Directives/WebOffice_StartUp' successfully

2020-04-23 16:12:26 - [TEST_CASE][PASSED] - Test Cases/Reusable_Test_Sequences/Web_Office/Directives/WebOffice_StartUp: Test Cases/Reusable_Test_Sequences/Web_Office/Directives/WebOffice_StartUp

2020-04-23 16:12:26 - [TEST_STEP][PASSED] - "-----------------------------------------------------------------------------": null

2020-04-23 16:12:26 - [TEST_STEP][PASSED] - if (URL == "https://www.dev.checkatrade.com/"): null

2020-04-23 16:12:26 - [TEST_STEP][PASSED] - "-----------------------------------------------------------------------------": null

2020-04-23 16:12:26 - [TEST_STEP][PASSED] - if (URL == "https://www.checkatrade.com/"): null

2020-04-23 16:12:26 - [TEST_STEP][PASSED] - "-----------------------------------------------------------------------------": null

2020-04-23 16:12:26 - [TEST_STEP][PASSED] - if (URL == "https://www.preview.checkatrade.com/"): null

2020-04-23 16:12:26 - [TEST_STEP][PASSED] - WebOfficeURL = "https://admin.preview.checkatrade.com/": null

2020-04-23 16:12:26 - [TEST_STEP][PASSED] - if (URL == "https://www.dev2.checkatrade.com/"): null

2020-04-23 16:12:26 - [TEST_STEP][PASSED] - "Set Function Area for "URL_Handler", URL Resolution": null

2020-04-23 16:12:26 - [TEST_STEP][PASSED] - "Do Some Magic with URL(s) See the comments within URL Handler ": null

2020-04-23 16:12:26 - [TEST_STEP][PASSED] - "------------------------------------------------": null

2020-04-23 16:12:26 - [TEST_STEP][PASSED] - "Moved Login Credentials to <Default> profile 22/01/2020": null

2020-04-23 16:12:26 - [TEST_STEP][PASSED] - "------------------------------------------------": null

2020-04-23 16:12:26 - [TEST_STEP][PASSED] - "WebOfficeURL - Set from the ENVIRONMENT PROFILE ": null

2020-04-23 16:12:26 - [TEST_STEP][PASSED] - "OPEN BROWSER": null

2020-04-23 16:12:26 - [TEST_STEP][PASSED] - "eg - https://admin.preview.checkatrade.com/  ": null

2020-04-23 16:12:26 - [TEST_STEP][PASSED] - openBrowser(WebOfficeURL): Browser is opened with url: 'https://admin.preview.checkatrade.com/'

2020-04-23 16:12:26 - [MESSAGE][INFO] - Starting 'Chrome' driver

2020-04-23 16:12:26 - [MESSAGE][INFO] - Action delay is set to 0 milliseconds

2020-04-23 16:12:32 - [MESSAGE][PASSED] - Browser is opened with url: 'https://admin.preview.checkatrade.com/'

2020-04-23 16:12:32 - [TEST_STEP][PASSED] - maximizeWindow(): Current window maximized

2020-04-23 16:12:34 - [MESSAGE][PASSED] - Current window maximized

2020-04-23 16:12:34 - [TEST_STEP][PASSED] - waitForElementClickable(findTestObject("Object Repository/WebOffice/Page_Checkatrade - Administration - Login/Login_Button"), 25): Object 'Object Repository/WebOffice/Page_Checkatrade - Administration - Login/Login_Button' is clickable

2020-04-23 16:12:35 - [MESSAGE][PASSED] - Object 'Object Repository/WebOffice/Page_Checkatrade - Administration - Login/Login_Button' is clickable

2020-04-23 16:12:35 - [TEST_STEP][PASSED] - verifyTextPresent("Checkatrade Web Office", false): Text 'Checkatrade Web Office' is present on page 

2020-04-23 16:12:35 - [MESSAGE][PASSED] - Text 'Checkatrade Web Office' is present on page 

2020-04-23 16:12:35 - [TEST_STEP][PASSED] - verifyTextPresent("Access for staff use only", false): Text 'Access for staff use only' is present on page 

2020-04-23 16:12:36 - [MESSAGE][PASSED] - Text 'Access for staff use only' is present on page 

2020-04-23 16:12:36 - [TEST_STEP][PASSED] - verifyTextPresent("Forgotten password?", false): Text 'Forgotten password?' is present on page 

2020-04-23 16:12:36 - [MESSAGE][PASSED] - Text 'Forgotten password?' is present on page 

2020-04-23 16:12:36 - [TEST_STEP][PASSED] - setText(findTestObject("Object Repository/WebOffice/Page_Checkatrade - Administration - Login/input_Username_LoginControlUserName"), wo_Username): Text 'DavidHo' is set on object 'Object Repository/WebOffice/Page_Checkatrade - Administration - Login/input_Username_LoginControlUserName'

2020-04-23 16:12:37 - [MESSAGE][PASSED] - Text 'DavidHo' is set on object 'Object Repository/WebOffice/Page_Checkatrade - Administration - Login/input_Username_LoginControlUserName'

2020-04-23 16:12:37 - [TEST_STEP][PASSED] - setText(findTestObject("Object Repository/WebOffice/Page_Checkatrade - Administration - Login/input_Password_LoginControlPassword"), wo_Password): Text 'Check123' is set on object 'Object Repository/WebOffice/Page_Checkatrade - Administration - Login/input_Password_LoginControlPassword'

2020-04-23 16:12:37 - [MESSAGE][PASSED] - Text 'Check123' is set on object 'Object Repository/WebOffice/Page_Checkatrade - Administration - Login/input_Password_LoginControlPassword'

2020-04-23 16:12:37 - [TEST_STEP][PASSED] - click(findTestObject("Object Repository/WebOffice/Page_Checkatrade - Administration - Login/Login_Button")): Object: 'Object Repository/WebOffice/Page_Checkatrade - Administration - Login/Login_Button' is clicked on

2020-04-23 16:12:39 - [MESSAGE][PASSED] - Object: 'Object Repository/WebOffice/Page_Checkatrade - Administration - Login/Login_Button' is clicked on

2020-04-23 16:12:39 - [TEST_STEP][PASSED] - waitForPageLoad(60): Wait for page load successfully

2020-04-23 16:12:40 - [MESSAGE][PASSED] - Wait for page load successfully

2020-04-23 16:12:40 - [TEST_STEP][PASSED] - verifyTextPresent("Welcome " + wo_Username, false): Text 'Welcome DavidHo' is present on page 

2020-04-23 16:12:40 - [MESSAGE][PASSED] - Text 'Welcome DavidHo' is present on page 

2020-04-23 16:12:40 - [MESSAGE][PASSED] - Call Test Case 'Test Cases/Reusable_Test_Sequences/Web_Office/Directives/WebOffice_StartUp' successfully

2020-04-23 16:12:40 - [TEST_STEP][PASSED] - "-----------------------------------------------------------------": null

2020-04-23 16:12:40 - [TEST_STEP][PASSED] - " Navigate to <Settings->Checkatrade.Com->Sub Item> Menu Item     |": null

2020-04-23 16:12:40 - [TEST_STEP][PASSED] - callTestCase(findTestCase("Reusable_Test_Sequences/Web_Office/Navigation/Sub_Menu_Navigation/Reports/Members_Feedback_Summary"), [:], STOP_ON_FAILURE): Call Test Case 'Test Cases/Reusable_Test_Sequences/Web_Office/Navigation/Sub_Menu_Navigation/Reports/Members_Feedback_Summary' successfully

2020-04-23 16:12:40 - [TEST_CASE][PASSED] - Test Cases/Reusable_Test_Sequences/Web_Office/Navigation/Sub_Menu_Navigation/Reports/Members_Feedback_Summary: Test Cases/Reusable_Test_Sequences/Web_Office/Navigation/Sub_Menu_Navigation/Reports/Members_Feedback_Summary

2020-04-23 16:12:41 - [TEST_STEP][PASSED] - "--------------------------------------": null

2020-04-23 16:12:41 - [TEST_STEP][PASSED] - " Navigate Top level menu Item         |": null

2020-04-23 16:12:41 - [TEST_STEP][PASSED] - waitForPageLoad(60): Wait for page load successfully

2020-04-23 16:12:41 - [MESSAGE][PASSED] - Wait for page load successfully

2020-04-23 16:12:41 - [TEST_STEP][PASSED] - waitForElementClickable(findTestObject("Object Repository/WebOffice_Home_page/a_Reports"), 60): Object 'Object Repository/WebOffice_Home_page/a_Reports' is clickable

2020-04-23 16:12:41 - [MESSAGE][PASSED] - Object 'Object Repository/WebOffice_Home_page/a_Reports' is clickable

2020-04-23 16:12:41 - [TEST_STEP][PASSED] - mouseOver(findTestObject("Object Repository/WebOffice_Home_page/a_Reports")): Object: 'Object Repository/WebOffice_Home_page/a_Reports' is hovered

2020-04-23 16:12:42 - [MESSAGE][PASSED] - Object: 'Object Repository/WebOffice_Home_page/a_Reports' is hovered

2020-04-23 16:12:42 - [TEST_STEP][PASSED] - click(findTestObject("Object Repository/WebOffice_Home_page/Page_/a_Members")): Object: 'Object Repository/WebOffice_Home_page/Page_/a_Members' is clicked on

2020-04-23 16:12:42 - [MESSAGE][PASSED] - Object: 'Object Repository/WebOffice_Home_page/Page_/a_Members' is clicked on

2020-04-23 16:12:42 - [TEST_STEP][PASSED] - click(findTestObject("Object Repository/WebOffice_Home_page/Page_/a_Members Feedback")): Object: 'Object Repository/WebOffice_Home_page/Page_/a_Members Feedback' is clicked on

2020-04-23 16:12:42 - [MESSAGE][PASSED] - Object: 'Object Repository/WebOffice_Home_page/Page_/a_Members Feedback' is clicked on

2020-04-23 16:12:42 - [TEST_STEP][PASSED] - waitForPageLoad(5): Wait for page load successfully

2020-04-23 16:12:42 - [MESSAGE][PASSED] - Wait for page load successfully

2020-04-23 16:12:42 - [TEST_STEP][PASSED] - waitForElementClickable(findTestObject("Object Repository/WebOffice_Home_page/Page_/a_Summary Report"), 5): Object 'Object Repository/WebOffice_Home_page/Page_/a_Summary Report' is clickable

2020-04-23 16:12:42 - [MESSAGE][PASSED] - Object 'Object Repository/WebOffice_Home_page/Page_/a_Summary Report' is clickable

2020-04-23 16:12:42 - [TEST_STEP][PASSED] - click(findTestObject("Object Repository/WebOffice_Home_page/Page_/a_Summary Report")): Object: 'Object Repository/WebOffice_Home_page/Page_/a_Summary Report' is clicked on

2020-04-23 16:12:45 - [MESSAGE][PASSED] - Object: 'Object Repository/WebOffice_Home_page/Page_/a_Summary Report' is clicked on

2020-04-23 16:12:45 - [MESSAGE][PASSED] - Call Test Case 'Test Cases/Reusable_Test_Sequences/Web_Office/Navigation/Sub_Menu_Navigation/Reports/Members_Feedback_Summary' successfully

2020-04-23 16:12:45 - [TEST_STEP][PASSED] - "--------------------------------------": null

2020-04-23 16:12:45 - [TEST_STEP][PASSED] - " Verify Returned Page Detail          |": null

2020-04-23 16:12:45 - [TEST_STEP][PASSED] - callTestCase(findTestCase("Reusable_Test_Sequences/Web_Office/Verification/Reports/Members_Feedback_Summary"), [:], OPTIONAL): Call Test Case 'Test Cases/Reusable_Test_Sequences/Web_Office/Verification/Reports/Members_Feedback_Summary' successfully

2020-04-23 16:12:45 - [TEST_CASE][PASSED] - Test Cases/Reusable_Test_Sequences/Web_Office/Verification/Reports/Members_Feedback_Summary: Test Cases/Reusable_Test_Sequences/Web_Office/Verification/Reports/Members_Feedback_Summary

2020-04-23 16:12:46 - [TEST_STEP][PASSED] - waitForPageLoad(120): Wait for page load successfully

2020-04-23 16:12:46 - [MESSAGE][PASSED] - Wait for page load successfully

2020-04-23 16:12:46 - [TEST_STEP][PASSED] - delay(1): Delayed 1 second(s)

2020-04-23 16:12:47 - [MESSAGE][PASSED] - Delayed 1 second(s)

2020-04-23 16:12:47 - [TEST_STEP][PASSED] - verifyTextPresent("Members Feedback : Summary Report", false): Text 'Members Feedback : Summary Report' is present on page 

2020-04-23 16:12:47 - [MESSAGE][PASSED] - Text 'Members Feedback : Summary Report' is present on page 

2020-04-23 16:12:47 - [TEST_STEP][PASSED] - "----------------------------------------------": null

2020-04-23 16:12:47 - [TEST_STEP][PASSED] - verifyTextPresent("Breakdown by Feedback Status", false): Text 'Breakdown by Feedback Status' is present on page 

2020-04-23 16:12:48 - [MESSAGE][PASSED] - Text 'Breakdown by Feedback Status' is present on page 

2020-04-23 16:12:48 - [TEST_STEP][PASSED] - "----------------------------------------------": null

2020-04-23 16:12:48 - [TEST_STEP][PASSED] - verifyTextPresent("Chart", false): Text 'Chart' is present on page 

2020-04-23 16:12:48 - [MESSAGE][PASSED] - Text 'Chart' is present on page 

2020-04-23 16:12:48 - [TEST_STEP][PASSED] - verifyTextPresent("Feedback Status", false): Text 'Feedback Status' is present on page 

2020-04-23 16:12:48 - [MESSAGE][PASSED] - Text 'Feedback Status' is present on page 

2020-04-23 16:12:48 - [TEST_STEP][PASSED] - verifyTextPresent("Feedbacks", false): Text 'Feedbacks' is present on page 

2020-04-23 16:12:48 - [MESSAGE][PASSED] - Text 'Feedbacks' is present on page 

2020-04-23 16:12:48 - [TEST_STEP][PASSED] - verifyTextPresent("Percentage", false): Text 'Percentage' is present on page 

2020-04-23 16:12:49 - [MESSAGE][PASSED] - Text 'Percentage' is present on page 

2020-04-23 16:12:49 - [TEST_STEP][PASSED] - verifyTextPresent("Published", false): Text 'Published' is present on page 

2020-04-23 16:12:49 - [MESSAGE][PASSED] - Text 'Published' is present on page 

2020-04-23 16:12:49 - [TEST_STEP][PASSED] - verifyTextPresent("Not published", false): Text 'Not published' is present on page 

2020-04-23 16:12:49 - [MESSAGE][PASSED] - Text 'Not published' is present on page 

2020-04-23 16:12:49 - [TEST_STEP][PASSED] - verifyTextPresent("Public submission pending email verification", false): Text 'Public submission pending email verification' is present on page 

2020-04-23 16:12:50 - [MESSAGE][PASSED] - Text 'Public submission pending email verification' is present on page 

2020-04-23 16:12:50 - [TEST_STEP][PASSED] - verifyTextPresent("Public submission pending SMS verification", false): Text 'Public submission pending SMS verification' is present on page 

2020-04-23 16:12:50 - [MESSAGE][PASSED] - Text 'Public submission pending SMS verification' is present on page 

2020-04-23 16:12:50 - [TEST_STEP][PASSED] - verifyTextPresent("Public submission failed review", false): Text 'Public submission failed review' is present on page 

2020-04-23 16:12:50 - [MESSAGE][PASSED] - Text 'Public submission failed review' is present on page 

2020-04-23 16:12:50 - [TEST_STEP][PASSED] - verifyTextPresent("Complaint not published", false): Text 'Complaint not published' is present on page 

2020-04-23 16:12:50 - [MESSAGE][PASSED] - Text 'Complaint not published' is present on page 

2020-04-23 16:12:50 - [MESSAGE][PASSED] - Call Test Case 'Test Cases/Reusable_Test_Sequences/Web_Office/Verification/Reports/Members_Feedback_Summary' successfully

2020-04-23 16:12:50 - [TEST_STEP][PASSED] - "--------------------------": null

2020-04-23 16:12:50 - [TEST_STEP][PASSED] - " Teardown - CLose Browser |": null

2020-04-23 16:12:50 - [TEST_STEP][PASSED] - callTestCase(findTestCase("Reusable_Test_Sequences/CAT_Teardown"), [:], OPTIONAL): Call Test Case 'Test Cases/Reusable_Test_Sequences/CAT_Teardown' successfully

2020-04-23 16:12:50 - [TEST_CASE][PASSED] - Test Cases/Reusable_Test_Sequences/CAT_Teardown: Test Cases/Reusable_Test_Sequences/CAT_Teardown

2020-04-23 16:12:50 - [TEST_STEP][PASSED] - closeBrowser(): Browser is closed

2020-04-23 16:12:51 - [MESSAGE][PASSED] - Browser is closed

2020-04-23 16:12:51 - [TEST_STEP][PASSED] - super.finalize(): null

2020-04-23 16:12:51 - [TEST_STEP][PASSED] - System.gc(): null

2020-04-23 16:12:51 - [MESSAGE][PASSED] - Call Test Case 'Test Cases/Reusable_Test_Sequences/CAT_Teardown' successfully]]></system-out>
         <system-err><![CDATA[]]></system-err>
      </testcase>
      <testcase name="Test Cases/Web_Office/Reports/Members_Feedback_Status" time="28.857" classname="Test Cases/Web_Office/Reports/Members_Feedback_Status" status="PASSED">
         <system-out><![CDATA[2020-04-23 16:12:51 - [TEST_CASE][PASSED] - Test Cases/Web_Office/Reports/Members_Feedback_Status: Test Cases/Web_Office/Reports/Members_Feedback_Status

2020-04-23 16:12:52 - [TEST_STEP][PASSED] - "--------------------------------------": null

2020-04-23 16:12:52 - [TEST_STEP][PASSED] - " Web Office StartUp                  |": null

2020-04-23 16:12:52 - [TEST_STEP][PASSED] - callTestCase(findTestCase("Reusable_Test_Sequences/Web_Office/Directives/WebOffice_StartUp"), [:], STOP_ON_FAILURE): Call Test Case 'Test Cases/Reusable_Test_Sequences/Web_Office/Directives/WebOffice_StartUp' successfully

2020-04-23 16:12:52 - [TEST_CASE][PASSED] - Test Cases/Reusable_Test_Sequences/Web_Office/Directives/WebOffice_StartUp: Test Cases/Reusable_Test_Sequences/Web_Office/Directives/WebOffice_StartUp

2020-04-23 16:12:52 - [TEST_STEP][PASSED] - "-----------------------------------------------------------------------------": null

2020-04-23 16:12:52 - [TEST_STEP][PASSED] - if (URL == "https://www.dev.checkatrade.com/"): null

2020-04-23 16:12:52 - [TEST_STEP][PASSED] - "-----------------------------------------------------------------------------": null

2020-04-23 16:12:52 - [TEST_STEP][PASSED] - if (URL == "https://www.checkatrade.com/"): null

2020-04-23 16:12:52 - [TEST_STEP][PASSED] - "-----------------------------------------------------------------------------": null

2020-04-23 16:12:52 - [TEST_STEP][PASSED] - if (URL == "https://www.preview.checkatrade.com/"): null

2020-04-23 16:12:52 - [TEST_STEP][PASSED] - WebOfficeURL = "https://admin.preview.checkatrade.com/": null

2020-04-23 16:12:52 - [TEST_STEP][PASSED] - if (URL == "https://www.dev2.checkatrade.com/"): null

2020-04-23 16:12:52 - [TEST_STEP][PASSED] - "Set Function Area for "URL_Handler", URL Resolution": null

2020-04-23 16:12:52 - [TEST_STEP][PASSED] - "Do Some Magic with URL(s) See the comments within URL Handler ": null

2020-04-23 16:12:52 - [TEST_STEP][PASSED] - "------------------------------------------------": null

2020-04-23 16:12:52 - [TEST_STEP][PASSED] - "Moved Login Credentials to <Default> profile 22/01/2020": null

2020-04-23 16:12:52 - [TEST_STEP][PASSED] - "------------------------------------------------": null

2020-04-23 16:12:52 - [TEST_STEP][PASSED] - "WebOfficeURL - Set from the ENVIRONMENT PROFILE ": null

2020-04-23 16:12:52 - [TEST_STEP][PASSED] - "OPEN BROWSER": null

2020-04-23 16:12:52 - [TEST_STEP][PASSED] - "eg - https://admin.preview.checkatrade.com/  ": null

2020-04-23 16:12:52 - [TEST_STEP][PASSED] - openBrowser(WebOfficeURL): Browser is opened with url: 'https://admin.preview.checkatrade.com/'

2020-04-23 16:12:52 - [MESSAGE][INFO] - Starting 'Chrome' driver

2020-04-23 16:12:52 - [MESSAGE][INFO] - Action delay is set to 0 milliseconds

2020-04-23 16:12:58 - [MESSAGE][PASSED] - Browser is opened with url: 'https://admin.preview.checkatrade.com/'

2020-04-23 16:12:58 - [TEST_STEP][PASSED] - maximizeWindow(): Current window maximized

2020-04-23 16:13:00 - [MESSAGE][PASSED] - Current window maximized

2020-04-23 16:13:00 - [TEST_STEP][PASSED] - waitForElementClickable(findTestObject("Object Repository/WebOffice/Page_Checkatrade - Administration - Login/Login_Button"), 25): Object 'Object Repository/WebOffice/Page_Checkatrade - Administration - Login/Login_Button' is clickable

2020-04-23 16:13:00 - [MESSAGE][PASSED] - Object 'Object Repository/WebOffice/Page_Checkatrade - Administration - Login/Login_Button' is clickable

2020-04-23 16:13:00 - [TEST_STEP][PASSED] - verifyTextPresent("Checkatrade Web Office", false): Text 'Checkatrade Web Office' is present on page 

2020-04-23 16:13:00 - [MESSAGE][PASSED] - Text 'Checkatrade Web Office' is present on page 

2020-04-23 16:13:00 - [TEST_STEP][PASSED] - verifyTextPresent("Access for staff use only", false): Text 'Access for staff use only' is present on page 

2020-04-23 16:13:01 - [MESSAGE][PASSED] - Text 'Access for staff use only' is present on page 

2020-04-23 16:13:01 - [TEST_STEP][PASSED] - verifyTextPresent("Forgotten password?", false): Text 'Forgotten password?' is present on page 

2020-04-23 16:13:01 - [MESSAGE][PASSED] - Text 'Forgotten password?' is present on page 

2020-04-23 16:13:01 - [TEST_STEP][PASSED] - setText(findTestObject("Object Repository/WebOffice/Page_Checkatrade - Administration - Login/input_Username_LoginControlUserName"), wo_Username): Text 'DavidHo' is set on object 'Object Repository/WebOffice/Page_Checkatrade - Administration - Login/input_Username_LoginControlUserName'

2020-04-23 16:13:01 - [MESSAGE][PASSED] - Text 'DavidHo' is set on object 'Object Repository/WebOffice/Page_Checkatrade - Administration - Login/input_Username_LoginControlUserName'

2020-04-23 16:13:01 - [TEST_STEP][PASSED] - setText(findTestObject("Object Repository/WebOffice/Page_Checkatrade - Administration - Login/input_Password_LoginControlPassword"), wo_Password): Text 'Check123' is set on object 'Object Repository/WebOffice/Page_Checkatrade - Administration - Login/input_Password_LoginControlPassword'

2020-04-23 16:13:01 - [MESSAGE][PASSED] - Text 'Check123' is set on object 'Object Repository/WebOffice/Page_Checkatrade - Administration - Login/input_Password_LoginControlPassword'

2020-04-23 16:13:01 - [TEST_STEP][PASSED] - click(findTestObject("Object Repository/WebOffice/Page_Checkatrade - Administration - Login/Login_Button")): Object: 'Object Repository/WebOffice/Page_Checkatrade - Administration - Login/Login_Button' is clicked on

2020-04-23 16:13:03 - [MESSAGE][PASSED] - Object: 'Object Repository/WebOffice/Page_Checkatrade - Administration - Login/Login_Button' is clicked on

2020-04-23 16:13:03 - [TEST_STEP][PASSED] - waitForPageLoad(60): Wait for page load successfully

2020-04-23 16:13:03 - [MESSAGE][PASSED] - Wait for page load successfully

2020-04-23 16:13:03 - [TEST_STEP][PASSED] - verifyTextPresent("Welcome " + wo_Username, false): Text 'Welcome DavidHo' is present on page 

2020-04-23 16:13:03 - [MESSAGE][PASSED] - Text 'Welcome DavidHo' is present on page 

2020-04-23 16:13:03 - [MESSAGE][PASSED] - Call Test Case 'Test Cases/Reusable_Test_Sequences/Web_Office/Directives/WebOffice_StartUp' successfully

2020-04-23 16:13:03 - [TEST_STEP][PASSED] - "-----------------------------------------------------------------": null

2020-04-23 16:13:03 - [TEST_STEP][PASSED] - " Navigate to <Settings->Checkatrade.Com->Sub Item> Menu Item     |": null

2020-04-23 16:13:03 - [TEST_STEP][PASSED] - callTestCase(findTestCase("Reusable_Test_Sequences/Web_Office/Navigation/Sub_Menu_Navigation/Reports/Members_Feedback_Status"), [:], STOP_ON_FAILURE): Call Test Case 'Test Cases/Reusable_Test_Sequences/Web_Office/Navigation/Sub_Menu_Navigation/Reports/Members_Feedback_Status' successfully

2020-04-23 16:13:03 - [TEST_CASE][PASSED] - Test Cases/Reusable_Test_Sequences/Web_Office/Navigation/Sub_Menu_Navigation/Reports/Members_Feedback_Status: Test Cases/Reusable_Test_Sequences/Web_Office/Navigation/Sub_Menu_Navigation/Reports/Members_Feedback_Status

2020-04-23 16:13:04 - [TEST_STEP][PASSED] - "--------------------------------------": null

2020-04-23 16:13:04 - [TEST_STEP][PASSED] - " Navigate Top level menu Item         |": null

2020-04-23 16:13:04 - [TEST_STEP][PASSED] - waitForPageLoad(60): Wait for page load successfully

2020-04-23 16:13:04 - [MESSAGE][PASSED] - Wait for page load successfully

2020-04-23 16:13:04 - [TEST_STEP][PASSED] - waitForElementClickable(findTestObject("Object Repository/WebOffice_Home_page/a_Reports"), 60): Object 'Object Repository/WebOffice_Home_page/a_Reports' is clickable

2020-04-23 16:13:04 - [MESSAGE][PASSED] - Object 'Object Repository/WebOffice_Home_page/a_Reports' is clickable

2020-04-23 16:13:04 - [TEST_STEP][PASSED] - mouseOver(findTestObject("Object Repository/WebOffice_Home_page/a_Reports")): Object: 'Object Repository/WebOffice_Home_page/a_Reports' is hovered

2020-04-23 16:13:04 - [MESSAGE][PASSED] - Object: 'Object Repository/WebOffice_Home_page/a_Reports' is hovered

2020-04-23 16:13:04 - [TEST_STEP][PASSED] - click(findTestObject("Object Repository/WebOffice_Home_page/Page_/a_Members")): Object: 'Object Repository/WebOffice_Home_page/Page_/a_Members' is clicked on

2020-04-23 16:13:04 - [MESSAGE][PASSED] - Object: 'Object Repository/WebOffice_Home_page/Page_/a_Members' is clicked on

2020-04-23 16:13:04 - [TEST_STEP][PASSED] - click(findTestObject("Object Repository/WebOffice_Home_page/Page_/a_Members Feedback")): Object: 'Object Repository/WebOffice_Home_page/Page_/a_Members Feedback' is clicked on

2020-04-23 16:13:05 - [MESSAGE][PASSED] - Object: 'Object Repository/WebOffice_Home_page/Page_/a_Members Feedback' is clicked on

2020-04-23 16:13:05 - [TEST_STEP][PASSED] - waitForPageLoad(5): Wait for page load successfully

2020-04-23 16:13:05 - [MESSAGE][PASSED] - Wait for page load successfully

2020-04-23 16:13:05 - [TEST_STEP][PASSED] - waitForElementClickable(findTestObject("Object Repository/WebOffice_Home_page/Page_/a_Status Report"), 5): Object 'Object Repository/WebOffice_Home_page/Page_/a_Status Report' is clickable

2020-04-23 16:13:05 - [MESSAGE][PASSED] - Object 'Object Repository/WebOffice_Home_page/Page_/a_Status Report' is clickable

2020-04-23 16:13:05 - [TEST_STEP][PASSED] - click(findTestObject("Object Repository/WebOffice_Home_page/Page_/a_Status Report")): Object: 'Object Repository/WebOffice_Home_page/Page_/a_Status Report' is clicked on

2020-04-23 16:13:06 - [MESSAGE][PASSED] - Object: 'Object Repository/WebOffice_Home_page/Page_/a_Status Report' is clicked on

2020-04-23 16:13:06 - [MESSAGE][PASSED] - Call Test Case 'Test Cases/Reusable_Test_Sequences/Web_Office/Navigation/Sub_Menu_Navigation/Reports/Members_Feedback_Status' successfully

2020-04-23 16:13:06 - [TEST_STEP][PASSED] - "--------------------------------------": null

2020-04-23 16:13:06 - [TEST_STEP][PASSED] - " Verify Returned Page Detail          |": null

2020-04-23 16:13:06 - [TEST_STEP][PASSED] - callTestCase(findTestCase("Reusable_Test_Sequences/Web_Office/Verification/Reports/Members_Feedback_Status"), [:], OPTIONAL): Call Test Case 'Test Cases/Reusable_Test_Sequences/Web_Office/Verification/Reports/Members_Feedback_Status' successfully

2020-04-23 16:13:06 - [TEST_CASE][PASSED] - Test Cases/Reusable_Test_Sequences/Web_Office/Verification/Reports/Members_Feedback_Status: Test Cases/Reusable_Test_Sequences/Web_Office/Verification/Reports/Members_Feedback_Status

2020-04-23 16:13:07 - [TEST_STEP][PASSED] - waitForPageLoad(120): Wait for page load successfully

2020-04-23 16:13:07 - [MESSAGE][PASSED] - Wait for page load successfully

2020-04-23 16:13:07 - [TEST_STEP][PASSED] - delay(1): Delayed 1 second(s)

2020-04-23 16:13:08 - [MESSAGE][PASSED] - Delayed 1 second(s)

2020-04-23 16:13:08 - [TEST_STEP][PASSED] - verifyTextPresent("Members Feedback : Status Report", false): Text 'Members Feedback : Status Report' is present on page 

2020-04-23 16:13:09 - [MESSAGE][PASSED] - Text 'Members Feedback : Status Report' is present on page 

2020-04-23 16:13:09 - [TEST_STEP][PASSED] - "----------------------------------------------": null

2020-04-23 16:13:09 - [TEST_STEP][PASSED] - verifyTextPresent("Feedback status", false): Text 'Feedback status' is present on page 

2020-04-23 16:13:09 - [MESSAGE][PASSED] - Text 'Feedback status' is present on page 

2020-04-23 16:13:09 - [TEST_STEP][PASSED] - verifyTextPresent("Companies", false): Text 'Companies' is present on page 

2020-04-23 16:13:10 - [MESSAGE][PASSED] - Text 'Companies' is present on page 

2020-04-23 16:13:10 - [TEST_STEP][PASSED] - "----------------------------------------------": null

2020-04-23 16:13:10 - [TEST_STEP][PASSED] - verifyTextPresent("Company name", false): Text 'Company name' is present on page 

2020-04-23 16:13:10 - [MESSAGE][PASSED] - Text 'Company name' is present on page 

2020-04-23 16:13:10 - [TEST_STEP][PASSED] - verifyTextPresent("Company status", false): Text 'Company status' is present on page 

2020-04-23 16:13:10 - [MESSAGE][PASSED] - Text 'Company status' is present on page 

2020-04-23 16:13:10 - [TEST_STEP][PASSED] - verifyTextPresent("Total feedbacks", false): Text 'Total feedbacks' is present on page 

2020-04-23 16:13:11 - [MESSAGE][PASSED] - Text 'Total feedbacks' is present on page 

2020-04-23 16:13:11 - [TEST_STEP][PASSED] - verifyTextPresent("Selected feedbacks", false): Text 'Selected feedbacks' is present on page 

2020-04-23 16:13:11 - [MESSAGE][PASSED] - Text 'Selected feedbacks' is present on page 

2020-04-23 16:13:11 - [TEST_STEP][PASSED] - verifyTextPresent("Percentage", false): Text 'Percentage' is present on page 

2020-04-23 16:13:15 - [MESSAGE][PASSED] - Text 'Percentage' is present on page 

2020-04-23 16:13:15 - [TEST_STEP][PASSED] - verifyTextPresent("5 Star Cleaning", false): Text '5 Star Cleaning' is present on page 

2020-04-23 16:13:15 - [MESSAGE][PASSED] - Text '5 Star Cleaning' is present on page 

2020-04-23 16:13:15 - [TEST_STEP][PASSED] - verifyTextPresent("100%", false): Text '100%' is present on page 

2020-04-23 16:13:16 - [MESSAGE][PASSED] - Text '100%' is present on page 

2020-04-23 16:13:16 - [TEST_STEP][PASSED] - verifyTextPresent("5d Compliance", false): Text '5d Compliance' is present on page 

2020-04-23 16:13:16 - [MESSAGE][PASSED] - Text '5d Compliance' is present on page 

2020-04-23 16:13:16 - [TEST_STEP][PASSED] - verifyTextPresent("ABD Homes Ltd", false): Text 'ABD Homes Ltd' is present on page 

2020-04-23 16:13:17 - [MESSAGE][PASSED] - Text 'ABD Homes Ltd' is present on page 

2020-04-23 16:13:17 - [TEST_STEP][PASSED] - verifyTextPresent("B Nicol Joinery", false): Text 'B Nicol Joinery' is present on page 

2020-04-23 16:13:17 - [MESSAGE][PASSED] - Text 'B Nicol Joinery' is present on page 

2020-04-23 16:13:17 - [MESSAGE][PASSED] - Call Test Case 'Test Cases/Reusable_Test_Sequences/Web_Office/Verification/Reports/Members_Feedback_Status' successfully

2020-04-23 16:13:17 - [TEST_STEP][PASSED] - "--------------------------": null

2020-04-23 16:13:17 - [TEST_STEP][PASSED] - " Teardown - CLose Browser |": null

2020-04-23 16:13:17 - [TEST_STEP][PASSED] - callTestCase(findTestCase("Reusable_Test_Sequences/CAT_Teardown"), [:], OPTIONAL): Call Test Case 'Test Cases/Reusable_Test_Sequences/CAT_Teardown' successfully

2020-04-23 16:13:17 - [TEST_CASE][PASSED] - Test Cases/Reusable_Test_Sequences/CAT_Teardown: Test Cases/Reusable_Test_Sequences/CAT_Teardown

2020-04-23 16:13:17 - [TEST_STEP][PASSED] - closeBrowser(): Browser is closed

2020-04-23 16:13:20 - [MESSAGE][PASSED] - Browser is closed

2020-04-23 16:13:20 - [TEST_STEP][PASSED] - super.finalize(): null

2020-04-23 16:13:20 - [TEST_STEP][PASSED] - System.gc(): null

2020-04-23 16:13:20 - [MESSAGE][PASSED] - Call Test Case 'Test Cases/Reusable_Test_Sequences/CAT_Teardown' successfully]]></system-out>
         <system-err><![CDATA[]]></system-err>
      </testcase>
      <testcase name="Test Cases/Web_Office/Reports/Members_Feedback_Company" time="17.344" classname="Test Cases/Web_Office/Reports/Members_Feedback_Company" status="PASSED">
         <system-out><![CDATA[2020-04-23 16:13:20 - [TEST_CASE][PASSED] - Test Cases/Web_Office/Reports/Members_Feedback_Company: Test Cases/Web_Office/Reports/Members_Feedback_Company

2020-04-23 16:13:21 - [TEST_STEP][PASSED] - "--------------------------------------": null

2020-04-23 16:13:21 - [TEST_STEP][PASSED] - " Web Office StartUp                  |": null

2020-04-23 16:13:21 - [TEST_STEP][PASSED] - callTestCase(findTestCase("Reusable_Test_Sequences/Web_Office/Directives/WebOffice_StartUp"), [:], STOP_ON_FAILURE): Call Test Case 'Test Cases/Reusable_Test_Sequences/Web_Office/Directives/WebOffice_StartUp' successfully

2020-04-23 16:13:21 - [TEST_CASE][PASSED] - Test Cases/Reusable_Test_Sequences/Web_Office/Directives/WebOffice_StartUp: Test Cases/Reusable_Test_Sequences/Web_Office/Directives/WebOffice_StartUp

2020-04-23 16:13:21 - [TEST_STEP][PASSED] - "-----------------------------------------------------------------------------": null

2020-04-23 16:13:21 - [TEST_STEP][PASSED] - if (URL == "https://www.dev.checkatrade.com/"): null

2020-04-23 16:13:21 - [TEST_STEP][PASSED] - "-----------------------------------------------------------------------------": null

2020-04-23 16:13:21 - [TEST_STEP][PASSED] - if (URL == "https://www.checkatrade.com/"): null

2020-04-23 16:13:21 - [TEST_STEP][PASSED] - "-----------------------------------------------------------------------------": null

2020-04-23 16:13:21 - [TEST_STEP][PASSED] - if (URL == "https://www.preview.checkatrade.com/"): null

2020-04-23 16:13:21 - [TEST_STEP][PASSED] - WebOfficeURL = "https://admin.preview.checkatrade.com/": null

2020-04-23 16:13:21 - [TEST_STEP][PASSED] - if (URL == "https://www.dev2.checkatrade.com/"): null

2020-04-23 16:13:21 - [TEST_STEP][PASSED] - "Set Function Area for "URL_Handler", URL Resolution": null

2020-04-23 16:13:21 - [TEST_STEP][PASSED] - "Do Some Magic with URL(s) See the comments within URL Handler ": null

2020-04-23 16:13:21 - [TEST_STEP][PASSED] - "------------------------------------------------": null

2020-04-23 16:13:21 - [TEST_STEP][PASSED] - "Moved Login Credentials to <Default> profile 22/01/2020": null

2020-04-23 16:13:21 - [TEST_STEP][PASSED] - "------------------------------------------------": null

2020-04-23 16:13:21 - [TEST_STEP][PASSED] - "WebOfficeURL - Set from the ENVIRONMENT PROFILE ": null

2020-04-23 16:13:21 - [TEST_STEP][PASSED] - "OPEN BROWSER": null

2020-04-23 16:13:21 - [TEST_STEP][PASSED] - "eg - https://admin.preview.checkatrade.com/  ": null

2020-04-23 16:13:21 - [TEST_STEP][PASSED] - openBrowser(WebOfficeURL): Browser is opened with url: 'https://admin.preview.checkatrade.com/'

2020-04-23 16:13:21 - [MESSAGE][INFO] - Starting 'Chrome' driver

2020-04-23 16:13:21 - [MESSAGE][INFO] - Action delay is set to 0 milliseconds

2020-04-23 16:13:27 - [MESSAGE][PASSED] - Browser is opened with url: 'https://admin.preview.checkatrade.com/'

2020-04-23 16:13:27 - [TEST_STEP][PASSED] - maximizeWindow(): Current window maximized

2020-04-23 16:13:29 - [MESSAGE][PASSED] - Current window maximized

2020-04-23 16:13:29 - [TEST_STEP][PASSED] - waitForElementClickable(findTestObject("Object Repository/WebOffice/Page_Checkatrade - Administration - Login/Login_Button"), 25): Object 'Object Repository/WebOffice/Page_Checkatrade - Administration - Login/Login_Button' is clickable

2020-04-23 16:13:29 - [MESSAGE][PASSED] - Object 'Object Repository/WebOffice/Page_Checkatrade - Administration - Login/Login_Button' is clickable

2020-04-23 16:13:29 - [TEST_STEP][PASSED] - verifyTextPresent("Checkatrade Web Office", false): Text 'Checkatrade Web Office' is present on page 

2020-04-23 16:13:29 - [MESSAGE][PASSED] - Text 'Checkatrade Web Office' is present on page 

2020-04-23 16:13:29 - [TEST_STEP][PASSED] - verifyTextPresent("Access for staff use only", false): Text 'Access for staff use only' is present on page 

2020-04-23 16:13:29 - [MESSAGE][PASSED] - Text 'Access for staff use only' is present on page 

2020-04-23 16:13:29 - [TEST_STEP][PASSED] - verifyTextPresent("Forgotten password?", false): Text 'Forgotten password?' is present on page 

2020-04-23 16:13:29 - [MESSAGE][PASSED] - Text 'Forgotten password?' is present on page 

2020-04-23 16:13:29 - [TEST_STEP][PASSED] - setText(findTestObject("Object Repository/WebOffice/Page_Checkatrade - Administration - Login/input_Username_LoginControlUserName"), wo_Username): Text 'DavidHo' is set on object 'Object Repository/WebOffice/Page_Checkatrade - Administration - Login/input_Username_LoginControlUserName'

2020-04-23 16:13:30 - [MESSAGE][PASSED] - Text 'DavidHo' is set on object 'Object Repository/WebOffice/Page_Checkatrade - Administration - Login/input_Username_LoginControlUserName'

2020-04-23 16:13:30 - [TEST_STEP][PASSED] - setText(findTestObject("Object Repository/WebOffice/Page_Checkatrade - Administration - Login/input_Password_LoginControlPassword"), wo_Password): Text 'Check123' is set on object 'Object Repository/WebOffice/Page_Checkatrade - Administration - Login/input_Password_LoginControlPassword'

2020-04-23 16:13:30 - [MESSAGE][PASSED] - Text 'Check123' is set on object 'Object Repository/WebOffice/Page_Checkatrade - Administration - Login/input_Password_LoginControlPassword'

2020-04-23 16:13:30 - [TEST_STEP][PASSED] - click(findTestObject("Object Repository/WebOffice/Page_Checkatrade - Administration - Login/Login_Button")): Object: 'Object Repository/WebOffice/Page_Checkatrade - Administration - Login/Login_Button' is clicked on

2020-04-23 16:13:31 - [MESSAGE][PASSED] - Object: 'Object Repository/WebOffice/Page_Checkatrade - Administration - Login/Login_Button' is clicked on

2020-04-23 16:13:31 - [TEST_STEP][PASSED] - waitForPageLoad(60): Wait for page load successfully

2020-04-23 16:13:32 - [MESSAGE][PASSED] - Wait for page load successfully

2020-04-23 16:13:32 - [TEST_STEP][PASSED] - verifyTextPresent("Welcome " + wo_Username, false): Text 'Welcome DavidHo' is present on page 

2020-04-23 16:13:32 - [MESSAGE][PASSED] - Text 'Welcome DavidHo' is present on page 

2020-04-23 16:13:32 - [MESSAGE][PASSED] - Call Test Case 'Test Cases/Reusable_Test_Sequences/Web_Office/Directives/WebOffice_StartUp' successfully

2020-04-23 16:13:32 - [TEST_STEP][PASSED] - "-----------------------------------------------------------------": null

2020-04-23 16:13:32 - [TEST_STEP][PASSED] - " Navigate to <Settings->Checkatrade.Com->Sub Item> Menu Item     |": null

2020-04-23 16:13:32 - [TEST_STEP][PASSED] - callTestCase(findTestCase("Reusable_Test_Sequences/Web_Office/Navigation/Sub_Menu_Navigation/Reports/Members_Feedback_Company"), [:], STOP_ON_FAILURE): Call Test Case 'Test Cases/Reusable_Test_Sequences/Web_Office/Navigation/Sub_Menu_Navigation/Reports/Members_Feedback_Company' successfully

2020-04-23 16:13:32 - [TEST_CASE][PASSED] - Test Cases/Reusable_Test_Sequences/Web_Office/Navigation/Sub_Menu_Navigation/Reports/Members_Feedback_Company: Test Cases/Reusable_Test_Sequences/Web_Office/Navigation/Sub_Menu_Navigation/Reports/Members_Feedback_Company

2020-04-23 16:13:33 - [TEST_STEP][PASSED] - "--------------------------------------": null

2020-04-23 16:13:33 - [TEST_STEP][PASSED] - " Navigate Top level menu Item         |": null

2020-04-23 16:13:33 - [TEST_STEP][PASSED] - waitForPageLoad(60): Wait for page load successfully

2020-04-23 16:13:33 - [MESSAGE][PASSED] - Wait for page load successfully

2020-04-23 16:13:33 - [TEST_STEP][PASSED] - waitForElementClickable(findTestObject("Object Repository/WebOffice_Home_page/a_Reports"), 60): Object 'Object Repository/WebOffice_Home_page/a_Reports' is clickable

2020-04-23 16:13:33 - [MESSAGE][PASSED] - Object 'Object Repository/WebOffice_Home_page/a_Reports' is clickable

2020-04-23 16:13:33 - [TEST_STEP][PASSED] - mouseOver(findTestObject("Object Repository/WebOffice_Home_page/a_Reports")): Object: 'Object Repository/WebOffice_Home_page/a_Reports' is hovered

2020-04-23 16:13:33 - [MESSAGE][PASSED] - Object: 'Object Repository/WebOffice_Home_page/a_Reports' is hovered

2020-04-23 16:13:33 - [TEST_STEP][PASSED] - click(findTestObject("Object Repository/WebOffice_Home_page/Page_/a_Members")): Object: 'Object Repository/WebOffice_Home_page/Page_/a_Members' is clicked on

2020-04-23 16:13:33 - [MESSAGE][PASSED] - Object: 'Object Repository/WebOffice_Home_page/Page_/a_Members' is clicked on

2020-04-23 16:13:33 - [TEST_STEP][PASSED] - click(findTestObject("Object Repository/WebOffice_Home_page/Page_/a_Members Feedback")): Object: 'Object Repository/WebOffice_Home_page/Page_/a_Members Feedback' is clicked on

2020-04-23 16:13:34 - [MESSAGE][PASSED] - Object: 'Object Repository/WebOffice_Home_page/Page_/a_Members Feedback' is clicked on

2020-04-23 16:13:34 - [TEST_STEP][PASSED] - waitForPageLoad(5): Wait for page load successfully

2020-04-23 16:13:34 - [MESSAGE][PASSED] - Wait for page load successfully

2020-04-23 16:13:34 - [TEST_STEP][PASSED] - waitForElementClickable(findTestObject("Object Repository/WebOffice_Home_page/Page_/a_Company Detail Report"), 5): Object 'Object Repository/WebOffice_Home_page/Page_/a_Company Detail Report' is clickable

2020-04-23 16:13:34 - [MESSAGE][PASSED] - Object 'Object Repository/WebOffice_Home_page/Page_/a_Company Detail Report' is clickable

2020-04-23 16:13:34 - [TEST_STEP][PASSED] - click(findTestObject("Object Repository/WebOffice_Home_page/Page_/a_Company Detail Report")): Object: 'Object Repository/WebOffice_Home_page/Page_/a_Company Detail Report' is clicked on

2020-04-23 16:13:34 - [MESSAGE][PASSED] - Object: 'Object Repository/WebOffice_Home_page/Page_/a_Company Detail Report' is clicked on

2020-04-23 16:13:34 - [MESSAGE][PASSED] - Call Test Case 'Test Cases/Reusable_Test_Sequences/Web_Office/Navigation/Sub_Menu_Navigation/Reports/Members_Feedback_Company' successfully

2020-04-23 16:13:34 - [TEST_STEP][PASSED] - "--------------------------------------": null

2020-04-23 16:13:34 - [TEST_STEP][PASSED] - " Verify Returned Page Detail          |": null

2020-04-23 16:13:34 - [TEST_STEP][PASSED] - callTestCase(findTestCase("Reusable_Test_Sequences/Web_Office/Verification/Reports/Members_Feedback_Company"), [:], OPTIONAL): Call Test Case 'Test Cases/Reusable_Test_Sequences/Web_Office/Verification/Reports/Members_Feedback_Company' successfully

2020-04-23 16:13:34 - [TEST_CASE][PASSED] - Test Cases/Reusable_Test_Sequences/Web_Office/Verification/Reports/Members_Feedback_Company: Test Cases/Reusable_Test_Sequences/Web_Office/Verification/Reports/Members_Feedback_Company

2020-04-23 16:13:35 - [TEST_STEP][PASSED] - waitForPageLoad(120): Wait for page load successfully

2020-04-23 16:13:35 - [MESSAGE][PASSED] - Wait for page load successfully

2020-04-23 16:13:35 - [TEST_STEP][PASSED] - delay(1): Delayed 1 second(s)

2020-04-23 16:13:36 - [MESSAGE][PASSED] - Delayed 1 second(s)

2020-04-23 16:13:36 - [TEST_STEP][PASSED] - verifyTextPresent("Members Feedback : Company Detail Report", false): Text 'Members Feedback : Company Detail Report' is present on page 

2020-04-23 16:13:36 - [MESSAGE][PASSED] - Text 'Members Feedback : Company Detail Report' is present on page 

2020-04-23 16:13:36 - [TEST_STEP][PASSED] - "----------------------------------------------": null

2020-04-23 16:13:36 - [TEST_STEP][PASSED] - verifyTextPresent("Summary Report", false): Text 'Summary Report' is present on page 

2020-04-23 16:13:36 - [MESSAGE][PASSED] - Text 'Summary Report' is present on page 

2020-04-23 16:13:36 - [TEST_STEP][PASSED] - verifyTextPresent("Status Report", false): Text 'Status Report' is present on page 

2020-04-23 16:13:36 - [MESSAGE][PASSED] - Text 'Status Report' is present on page 

2020-04-23 16:13:36 - [TEST_STEP][PASSED] - verifyTextPresent("Company Detail Report", false): Text 'Company Detail Report' is present on page 

2020-04-23 16:13:36 - [MESSAGE][PASSED] - Text 'Company Detail Report' is present on page 

2020-04-23 16:13:36 - [TEST_STEP][PASSED] - verifyTextPresent("Feedback status", false): Text 'Feedback status' is present on page 

2020-04-23 16:13:36 - [MESSAGE][PASSED] - Text 'Feedback status' is present on page 

2020-04-23 16:13:36 - [TEST_STEP][PASSED] - verifyTextPresent("Company name", false): Text 'Company name' is present on page 

2020-04-23 16:13:36 - [MESSAGE][PASSED] - Text 'Company name' is present on page 

2020-04-23 16:13:36 - [TEST_STEP][PASSED] - verifyTextPresent("Feedbacks", false): Text 'Feedbacks' is present on page 

2020-04-23 16:13:37 - [MESSAGE][PASSED] - Text 'Feedbacks' is present on page 

2020-04-23 16:13:37 - [MESSAGE][PASSED] - Call Test Case 'Test Cases/Reusable_Test_Sequences/Web_Office/Verification/Reports/Members_Feedback_Company' successfully

2020-04-23 16:13:37 - [TEST_STEP][PASSED] - "--------------------------": null

2020-04-23 16:13:37 - [TEST_STEP][PASSED] - " Teardown - CLose Browser |": null

2020-04-23 16:13:37 - [TEST_STEP][PASSED] - callTestCase(findTestCase("Reusable_Test_Sequences/CAT_Teardown"), [:], OPTIONAL): Call Test Case 'Test Cases/Reusable_Test_Sequences/CAT_Teardown' successfully

2020-04-23 16:13:37 - [TEST_CASE][PASSED] - Test Cases/Reusable_Test_Sequences/CAT_Teardown: Test Cases/Reusable_Test_Sequences/CAT_Teardown

2020-04-23 16:13:37 - [TEST_STEP][PASSED] - closeBrowser(): Browser is closed

2020-04-23 16:13:37 - [MESSAGE][PASSED] - Browser is closed

2020-04-23 16:13:37 - [TEST_STEP][PASSED] - super.finalize(): null

2020-04-23 16:13:37 - [TEST_STEP][PASSED] - System.gc(): null

2020-04-23 16:13:38 - [MESSAGE][PASSED] - Call Test Case 'Test Cases/Reusable_Test_Sequences/CAT_Teardown' successfully]]></system-out>
         <system-err><![CDATA[]]></system-err>
      </testcase>
      <testcase name="Test Cases/Web_Office/Reports/Members_Activity_Overview" time="19.312" classname="Test Cases/Web_Office/Reports/Members_Activity_Overview" status="PASSED">
         <system-out><![CDATA[2020-04-23 16:13:38 - [TEST_CASE][PASSED] - Test Cases/Web_Office/Reports/Members_Activity_Overview: Test Cases/Web_Office/Reports/Members_Activity_Overview

2020-04-23 16:13:38 - [TEST_STEP][PASSED] - "--------------------------------------": null

2020-04-23 16:13:38 - [TEST_STEP][PASSED] - " Web Office StartUp                  |": null

2020-04-23 16:13:38 - [TEST_STEP][PASSED] - callTestCase(findTestCase("Reusable_Test_Sequences/Web_Office/Directives/WebOffice_StartUp"), [:], STOP_ON_FAILURE): Call Test Case 'Test Cases/Reusable_Test_Sequences/Web_Office/Directives/WebOffice_StartUp' successfully

2020-04-23 16:13:38 - [TEST_CASE][PASSED] - Test Cases/Reusable_Test_Sequences/Web_Office/Directives/WebOffice_StartUp: Test Cases/Reusable_Test_Sequences/Web_Office/Directives/WebOffice_StartUp

2020-04-23 16:13:38 - [TEST_STEP][PASSED] - "-----------------------------------------------------------------------------": null

2020-04-23 16:13:38 - [TEST_STEP][PASSED] - if (URL == "https://www.dev.checkatrade.com/"): null

2020-04-23 16:13:38 - [TEST_STEP][PASSED] - "-----------------------------------------------------------------------------": null

2020-04-23 16:13:38 - [TEST_STEP][PASSED] - if (URL == "https://www.checkatrade.com/"): null

2020-04-23 16:13:38 - [TEST_STEP][PASSED] - "-----------------------------------------------------------------------------": null

2020-04-23 16:13:38 - [TEST_STEP][PASSED] - if (URL == "https://www.preview.checkatrade.com/"): null

2020-04-23 16:13:38 - [TEST_STEP][PASSED] - WebOfficeURL = "https://admin.preview.checkatrade.com/": null

2020-04-23 16:13:38 - [TEST_STEP][PASSED] - if (URL == "https://www.dev2.checkatrade.com/"): null

2020-04-23 16:13:38 - [TEST_STEP][PASSED] - "Set Function Area for "URL_Handler", URL Resolution": null

2020-04-23 16:13:38 - [TEST_STEP][PASSED] - "Do Some Magic with URL(s) See the comments within URL Handler ": null

2020-04-23 16:13:38 - [TEST_STEP][PASSED] - "------------------------------------------------": null

2020-04-23 16:13:38 - [TEST_STEP][PASSED] - "Moved Login Credentials to <Default> profile 22/01/2020": null

2020-04-23 16:13:38 - [TEST_STEP][PASSED] - "------------------------------------------------": null

2020-04-23 16:13:38 - [TEST_STEP][PASSED] - "WebOfficeURL - Set from the ENVIRONMENT PROFILE ": null

2020-04-23 16:13:38 - [TEST_STEP][PASSED] - "OPEN BROWSER": null

2020-04-23 16:13:38 - [TEST_STEP][PASSED] - "eg - https://admin.preview.checkatrade.com/  ": null

2020-04-23 16:13:38 - [TEST_STEP][PASSED] - openBrowser(WebOfficeURL): Browser is opened with url: 'https://admin.preview.checkatrade.com/'

2020-04-23 16:13:38 - [MESSAGE][INFO] - Starting 'Chrome' driver

2020-04-23 16:13:38 - [MESSAGE][INFO] - Action delay is set to 0 milliseconds

2020-04-23 16:13:43 - [MESSAGE][PASSED] - Browser is opened with url: 'https://admin.preview.checkatrade.com/'

2020-04-23 16:13:43 - [TEST_STEP][PASSED] - maximizeWindow(): Current window maximized

2020-04-23 16:13:45 - [MESSAGE][PASSED] - Current window maximized

2020-04-23 16:13:45 - [TEST_STEP][PASSED] - waitForElementClickable(findTestObject("Object Repository/WebOffice/Page_Checkatrade - Administration - Login/Login_Button"), 25): Object 'Object Repository/WebOffice/Page_Checkatrade - Administration - Login/Login_Button' is clickable

2020-04-23 16:13:45 - [MESSAGE][PASSED] - Object 'Object Repository/WebOffice/Page_Checkatrade - Administration - Login/Login_Button' is clickable

2020-04-23 16:13:45 - [TEST_STEP][PASSED] - verifyTextPresent("Checkatrade Web Office", false): Text 'Checkatrade Web Office' is present on page 

2020-04-23 16:13:45 - [MESSAGE][PASSED] - Text 'Checkatrade Web Office' is present on page 

2020-04-23 16:13:45 - [TEST_STEP][PASSED] - verifyTextPresent("Access for staff use only", false): Text 'Access for staff use only' is present on page 

2020-04-23 16:13:46 - [MESSAGE][PASSED] - Text 'Access for staff use only' is present on page 

2020-04-23 16:13:46 - [TEST_STEP][PASSED] - verifyTextPresent("Forgotten password?", false): Text 'Forgotten password?' is present on page 

2020-04-23 16:13:46 - [MESSAGE][PASSED] - Text 'Forgotten password?' is present on page 

2020-04-23 16:13:46 - [TEST_STEP][PASSED] - setText(findTestObject("Object Repository/WebOffice/Page_Checkatrade - Administration - Login/input_Username_LoginControlUserName"), wo_Username): Text 'DavidHo' is set on object 'Object Repository/WebOffice/Page_Checkatrade - Administration - Login/input_Username_LoginControlUserName'

2020-04-23 16:13:46 - [MESSAGE][PASSED] - Text 'DavidHo' is set on object 'Object Repository/WebOffice/Page_Checkatrade - Administration - Login/input_Username_LoginControlUserName'

2020-04-23 16:13:46 - [TEST_STEP][PASSED] - setText(findTestObject("Object Repository/WebOffice/Page_Checkatrade - Administration - Login/input_Password_LoginControlPassword"), wo_Password): Text 'Check123' is set on object 'Object Repository/WebOffice/Page_Checkatrade - Administration - Login/input_Password_LoginControlPassword'

2020-04-23 16:13:46 - [MESSAGE][PASSED] - Text 'Check123' is set on object 'Object Repository/WebOffice/Page_Checkatrade - Administration - Login/input_Password_LoginControlPassword'

2020-04-23 16:13:46 - [TEST_STEP][PASSED] - click(findTestObject("Object Repository/WebOffice/Page_Checkatrade - Administration - Login/Login_Button")): Object: 'Object Repository/WebOffice/Page_Checkatrade - Administration - Login/Login_Button' is clicked on

2020-04-23 16:13:49 - [MESSAGE][PASSED] - Object: 'Object Repository/WebOffice/Page_Checkatrade - Administration - Login/Login_Button' is clicked on

2020-04-23 16:13:49 - [TEST_STEP][PASSED] - waitForPageLoad(60): Wait for page load successfully

2020-04-23 16:13:49 - [MESSAGE][PASSED] - Wait for page load successfully

2020-04-23 16:13:49 - [TEST_STEP][PASSED] - verifyTextPresent("Welcome " + wo_Username, false): Text 'Welcome DavidHo' is present on page 

2020-04-23 16:13:49 - [MESSAGE][PASSED] - Text 'Welcome DavidHo' is present on page 

2020-04-23 16:13:49 - [MESSAGE][PASSED] - Call Test Case 'Test Cases/Reusable_Test_Sequences/Web_Office/Directives/WebOffice_StartUp' successfully

2020-04-23 16:13:49 - [TEST_STEP][PASSED] - "-----------------------------------------------------------------": null

2020-04-23 16:13:49 - [TEST_STEP][PASSED] - " Navigate to <Settings->Checkatrade.Com->Sub Item> Menu Item     |": null

2020-04-23 16:13:49 - [TEST_STEP][PASSED] - callTestCase(findTestCase("Reusable_Test_Sequences/Web_Office/Navigation/Sub_Menu_Navigation/Reports/Members_Activity_Overview"), [:], STOP_ON_FAILURE): Call Test Case 'Test Cases/Reusable_Test_Sequences/Web_Office/Navigation/Sub_Menu_Navigation/Reports/Members_Activity_Overview' successfully

2020-04-23 16:13:49 - [TEST_CASE][PASSED] - Test Cases/Reusable_Test_Sequences/Web_Office/Navigation/Sub_Menu_Navigation/Reports/Members_Activity_Overview: Test Cases/Reusable_Test_Sequences/Web_Office/Navigation/Sub_Menu_Navigation/Reports/Members_Activity_Overview

2020-04-23 16:13:50 - [TEST_STEP][PASSED] - "--------------------------------------": null

2020-04-23 16:13:50 - [TEST_STEP][PASSED] - " Navigate Top level menu Item         |": null

2020-04-23 16:13:50 - [TEST_STEP][PASSED] - waitForPageLoad(60): Wait for page load successfully

2020-04-23 16:13:50 - [MESSAGE][PASSED] - Wait for page load successfully

2020-04-23 16:13:50 - [TEST_STEP][PASSED] - waitForElementClickable(findTestObject("Object Repository/WebOffice_Home_page/a_Reports"), 60): Object 'Object Repository/WebOffice_Home_page/a_Reports' is clickable

2020-04-23 16:13:50 - [MESSAGE][PASSED] - Object 'Object Repository/WebOffice_Home_page/a_Reports' is clickable

2020-04-23 16:13:50 - [TEST_STEP][PASSED] - mouseOver(findTestObject("Object Repository/WebOffice_Home_page/a_Reports")): Object: 'Object Repository/WebOffice_Home_page/a_Reports' is hovered

2020-04-23 16:13:50 - [MESSAGE][PASSED] - Object: 'Object Repository/WebOffice_Home_page/a_Reports' is hovered

2020-04-23 16:13:50 - [TEST_STEP][PASSED] - click(findTestObject("Object Repository/WebOffice_Home_page/Page_/a_Members")): Object: 'Object Repository/WebOffice_Home_page/Page_/a_Members' is clicked on

2020-04-23 16:13:51 - [MESSAGE][PASSED] - Object: 'Object Repository/WebOffice_Home_page/Page_/a_Members' is clicked on

2020-04-23 16:13:51 - [TEST_STEP][PASSED] - click(findTestObject("Object Repository/WebOffice_Home_page/Page_/a_Members Area Activity")): Object: 'Object Repository/WebOffice_Home_page/Page_/a_Members Area Activity' is clicked on

2020-04-23 16:13:51 - [MESSAGE][PASSED] - Object: 'Object Repository/WebOffice_Home_page/Page_/a_Members Area Activity' is clicked on

2020-04-23 16:13:51 - [TEST_STEP][PASSED] - waitForPageLoad(5): Wait for page load successfully

2020-04-23 16:13:51 - [MESSAGE][PASSED] - Wait for page load successfully

2020-04-23 16:13:51 - [TEST_STEP][PASSED] - waitForElementClickable(findTestObject("Object Repository/WebOffice_Home_page/Page_/a_Participants Report"), 5): Object 'Object Repository/WebOffice_Home_page/Page_/a_Participants Report' is clickable

2020-04-23 16:13:52 - [MESSAGE][PASSED] - Object 'Object Repository/WebOffice_Home_page/Page_/a_Participants Report' is clickable

2020-04-23 16:13:52 - [TEST_STEP][PASSED] - click(findTestObject("Object Repository/WebOffice_Home_page/Page_/a_Participants Report")): Object: 'Object Repository/WebOffice_Home_page/Page_/a_Participants Report' is clicked on

2020-04-23 16:13:53 - [MESSAGE][PASSED] - Object: 'Object Repository/WebOffice_Home_page/Page_/a_Participants Report' is clicked on

2020-04-23 16:13:53 - [MESSAGE][PASSED] - Call Test Case 'Test Cases/Reusable_Test_Sequences/Web_Office/Navigation/Sub_Menu_Navigation/Reports/Members_Activity_Overview' successfully

2020-04-23 16:13:53 - [TEST_STEP][PASSED] - "--------------------------------------": null

2020-04-23 16:13:53 - [TEST_STEP][PASSED] - " Verify Returned Page Detail          |": null

2020-04-23 16:13:53 - [TEST_STEP][PASSED] - callTestCase(findTestCase("Reusable_Test_Sequences/Web_Office/Verification/Reports/Members_Activity_Overview"), [:], OPTIONAL): Unable to call Test Case 'Test Cases/Reusable_Test_Sequences/Web_Office/Verification/Reports/Members_Activity_Overview' (Root cause: com.kms.katalon.core.exception.StepFailedException: Call Test Case 'Test Cases/Reusable_Test_Sequences/Web_Office/Verification/Reports/Members_Activity_Overview' failed
	at com.kms.katalon.core.keyword.builtin.CallTestCaseKeyword$_callTestCase_closure1.doCall(CallTestCaseKeyword.groovy:63)
	at com.kms.katalon.core.keyword.builtin.CallTestCaseKeyword$_callTestCase_closure1.call(CallTestCaseKeyword.groovy)
	at com.kms.katalon.core.keyword.internal.KeywordMain.runKeyword(KeywordMain.groovy:68)
	at com.kms.katalon.core.keyword.builtin.CallTestCaseKeyword.callTestCase(CallTestCaseKeyword.groovy:81)
	at com.kms.katalon.core.keyword.builtin.CallTestCaseKeyword.execute(CallTestCaseKeyword.groovy:44)
	at com.kms.katalon.core.keyword.internal.KeywordExecutor.executeKeywordForPlatform(KeywordExecutor.groovy:72)
	at com.kms.katalon.core.keyword.BuiltinKeywords.callTestCase(BuiltinKeywords.groovy:334)
	at Members_Activity_Overview.run(Members_Activity_Overview:64)
	at com.kms.katalon.core.main.ScriptEngine.run(ScriptEngine.java:194)
	at com.kms.katalon.core.main.ScriptEngine.runScriptAsRawText(ScriptEngine.java:119)
	at com.kms.katalon.core.main.TestCaseExecutor.runScript(TestCaseExecutor.java:337)
	at com.kms.katalon.core.main.TestCaseExecutor.doExecute(TestCaseExecutor.java:328)
	at com.kms.katalon.core.main.TestCaseExecutor.processExecutionPhase(TestCaseExecutor.java:307)
	at com.kms.katalon.core.main.TestCaseExecutor.accessMainPhase(TestCaseExecutor.java:299)
	at com.kms.katalon.core.main.TestCaseExecutor.execute(TestCaseExecutor.java:233)
	at com.kms.katalon.core.main.TestSuiteExecutor.accessTestCaseMainPhase(TestSuiteExecutor.java:169)
	at com.kms.katalon.core.main.TestSuiteExecutor.accessTestSuiteMainPhase(TestSuiteExecutor.java:142)
	at com.kms.katalon.core.main.TestSuiteExecutor.execute(TestSuiteExecutor.java:91)
	at com.kms.katalon.core.main.TestCaseMain.startTestSuite(TestCaseMain.java:157)
	at com.kms.katalon.core.main.TestCaseMain$startTestSuite$0.call(Unknown Source)
	at TempTestSuite1587652831601.run(TempTestSuite1587652831601.groovy:37)
Caused by: com.kms.katalon.core.exception.StepFailedException: Text 'Good Morning!' is not present on page  (Root cause: com.kms.katalon.core.exception.StepFailedException: Text 'Good Morning!' is not present on page 
	at com.kms.katalon.core.webui.keyword.internal.WebUIKeywordMain.stepFailed(WebUIKeywordMain.groovy:64)
	at com.kms.katalon.core.webui.keyword.builtin.VerifyTextPresentKeyword$_verifyTextPresent_closure1.doCall(VerifyTextPresentKeyword.groovy:79)
	at com.kms.katalon.core.webui.keyword.builtin.VerifyTextPresentKeyword$_verifyTextPresent_closure1.call(VerifyTextPresentKeyword.groovy)
	at com.kms.katalon.core.webui.keyword.internal.WebUIKeywordMain.runKeyword(WebUIKeywordMain.groovy:20)
	at com.kms.katalon.core.webui.keyword.builtin.VerifyTextPresentKeyword.verifyTextPresent(VerifyTextPresentKeyword.groovy:83)
	at com.kms.katalon.core.webui.keyword.builtin.VerifyTextPresentKeyword.execute(VerifyTextPresentKeyword.groovy:68)
	at com.kms.katalon.core.keyword.internal.KeywordExecutor.executeKeywordForPlatform(KeywordExecutor.groovy:72)
	at com.kms.katalon.core.webui.keyword.WebUiBuiltInKeywords.verifyTextPresent(WebUiBuiltInKeywords.groovy:1719)
	at com.kms.katalon.core.webui.keyword.WebUiBuiltInKeywords$verifyTextPresent$2.call(Unknown Source)
	at Members_Activity_Overview.run(Members_Activity_Overview:48)
	at com.kms.katalon.core.main.ScriptEngine.run(ScriptEngine.java:194)
	at com.kms.katalon.core.main.ScriptEngine.runScriptAsRawText(ScriptEngine.java:119)
	at com.kms.katalon.core.main.TestCaseExecutor.runScript(TestCaseExecutor.java:337)
	at com.kms.katalon.core.main.TestCaseExecutor.doExecute(TestCaseExecutor.java:328)
	at com.kms.katalon.core.main.TestCaseExecutor.processExecutionPhase(TestCaseExecutor.java:307)
	at com.kms.katalon.core.main.TestCaseExecutor.accessMainPhase(TestCaseExecutor.java:299)
	at com.kms.katalon.core.main.TestCaseExecutor.execute(TestCaseExecutor.java:233)
	at com.kms.katalon.core.main.TestCaseMain.runTestCase(TestCaseMain.java:114)
	at com.kms.katalon.core.keyword.builtin.CallTestCaseKeyword$_callTestCase_closure1.doCall(CallTestCaseKeyword.groovy:59)
	at com.kms.katalon.core.keyword.builtin.CallTestCaseKeyword$_callTestCase_closure1.call(CallTestCaseKeyword.groovy)
	at com.kms.katalon.core.keyword.internal.KeywordMain.runKeyword(KeywordMain.groovy:68)
	at com.kms.katalon.core.keyword.builtin.CallTestCaseKeyword.callTestCase(CallTestCaseKeyword.groovy:81)
	at com.kms.katalon.core.keyword.builtin.CallTestCaseKeyword.execute(CallTestCaseKeyword.groovy:44)
	at com.kms.katalon.core.keyword.internal.KeywordExecutor.executeKeywordForPlatform(KeywordExecutor.groovy:72)
	at com.kms.katalon.core.keyword.BuiltinKeywords.callTestCase(BuiltinKeywords.groovy:334)
	at Members_Activity_Overview.run(Members_Activity_Overview:64)
	at com.kms.katalon.core.main.ScriptEngine.run(ScriptEngine.java:194)
	at com.kms.katalon.core.main.ScriptEngine.runScriptAsRawText(ScriptEngine.java:119)
	at com.kms.katalon.core.main.TestCaseExecutor.runScript(TestCaseExecutor.java:337)
	at com.kms.katalon.core.main.TestCaseExecutor.doExecute(TestCaseExecutor.java:328)
	at com.kms.katalon.core.main.TestCaseExecutor.processExecutionPhase(TestCaseExecutor.java:307)
	at com.kms.katalon.core.main.TestCaseExecutor.accessMainPhase(TestCaseExecutor.java:299)
	at com.kms.katalon.core.main.TestCaseExecutor.execute(TestCaseExecutor.java:233)
	at com.kms.katalon.core.main.TestSuiteExecutor.accessTestCaseMainPhase(TestSuiteExecutor.java:169)
	at com.kms.katalon.core.main.TestSuiteExecutor.accessTestSuiteMainPhase(TestSuiteExecutor.java:142)
	at com.kms.katalon.core.main.TestSuiteExecutor.execute(TestSuiteExecutor.java:91)
	at com.kms.katalon.core.main.TestCaseMain.startTestSuite(TestCaseMain.java:157)
	at com.kms.katalon.core.main.TestCaseMain$startTestSuite$0.call(Unknown Source)
	at TempTestSuite1587652831601.run(TempTestSuite1587652831601.groovy:37)
)
	at com.kms.katalon.core.keyword.internal.KeywordMain.stepFailed(KeywordMain.groovy:39)
	at com.kms.katalon.core.webui.keyword.internal.WebUIKeywordMain.stepFailed(WebUIKeywordMain.groovy:64)
	at com.kms.katalon.core.webui.keyword.builtin.VerifyTextPresentKeyword$_verifyTextPresent_closure1.doCall(VerifyTextPresentKeyword.groovy:79)
	at com.kms.katalon.core.webui.keyword.builtin.VerifyTextPresentKeyword$_verifyTextPresent_closure1.call(VerifyTextPresentKeyword.groovy)
	at com.kms.katalon.core.webui.keyword.internal.WebUIKeywordMain.runKeyword(WebUIKeywordMain.groovy:20)
	at com.kms.katalon.core.webui.keyword.builtin.VerifyTextPresentKeyword.verifyTextPresent(VerifyTextPresentKeyword.groovy:83)
	at com.kms.katalon.core.webui.keyword.builtin.VerifyTextPresentKeyword.execute(VerifyTextPresentKeyword.groovy:68)
	at com.kms.katalon.core.keyword.internal.KeywordExecutor.executeKeywordForPlatform(KeywordExecutor.groovy:72)
	at com.kms.katalon.core.webui.keyword.WebUiBuiltInKeywords.verifyTextPresent(WebUiBuiltInKeywords.groovy:1719)
	at com.kms.katalon.core.webui.keyword.WebUiBuiltInKeywords$verifyTextPresent$2.call(Unknown Source)
	at Members_Activity_Overview.run(Members_Activity_Overview:48)
	at com.kms.katalon.core.main.ScriptEngine.run(ScriptEngine.java:194)
	at com.kms.katalon.core.main.ScriptEngine.runScriptAsRawText(ScriptEngine.java:119)
	at com.kms.katalon.core.main.TestCaseExecutor.runScript(TestCaseExecutor.java:337)
	at com.kms.katalon.core.main.TestCaseExecutor.doExecute(TestCaseExecutor.java:328)
	at com.kms.katalon.core.main.TestCaseExecutor.processExecutionPhase(TestCaseExecutor.java:307)
	at com.kms.katalon.core.main.TestCaseExecutor.accessMainPhase(TestCaseExecutor.java:299)
	at com.kms.katalon.core.main.TestCaseExecutor.execute(TestCaseExecutor.java:233)
	at com.kms.katalon.core.main.TestCaseMain.runTestCase(TestCaseMain.java:114)
	at com.kms.katalon.core.keyword.builtin.CallTestCaseKeyword$_callTestCase_closure1.doCall(CallTestCaseKeyword.groovy:59)
	... 20 more
Caused by: com.kms.katalon.core.exception.StepFailedException: Text 'Good Morning!' is not present on page 
	... 39 more
)

2020-04-23 16:13:53 - [TEST_CASE][FAILED] - Test Cases/Reusable_Test_Sequences/Web_Office/Verification/Reports/Members_Activity_Overview: Test Cases/Reusable_Test_Sequences/Web_Office/Verification/Reports/Members_Activity_Overview FAILED.
Reason:
com.kms.katalon.core.exception.StepFailedException: Text 'Good Morning!' is not present on page  (Root cause: com.kms.katalon.core.exception.StepFailedException: Text 'Good Morning!' is not present on page 
	at com.kms.katalon.core.webui.keyword.internal.WebUIKeywordMain.stepFailed(WebUIKeywordMain.groovy:64)
	at com.kms.katalon.core.webui.keyword.builtin.VerifyTextPresentKeyword$_verifyTextPresent_closure1.doCall(VerifyTextPresentKeyword.groovy:79)
	at com.kms.katalon.core.webui.keyword.builtin.VerifyTextPresentKeyword$_verifyTextPresent_closure1.call(VerifyTextPresentKeyword.groovy)
	at com.kms.katalon.core.webui.keyword.internal.WebUIKeywordMain.runKeyword(WebUIKeywordMain.groovy:20)
	at com.kms.katalon.core.webui.keyword.builtin.VerifyTextPresentKeyword.verifyTextPresent(VerifyTextPresentKeyword.groovy:83)
	at com.kms.katalon.core.webui.keyword.builtin.VerifyTextPresentKeyword.execute(VerifyTextPresentKeyword.groovy:68)
	at com.kms.katalon.core.keyword.internal.KeywordExecutor.executeKeywordForPlatform(KeywordExecutor.groovy:72)
	at com.kms.katalon.core.webui.keyword.WebUiBuiltInKeywords.verifyTextPresent(WebUiBuiltInKeywords.groovy:1719)
	at com.kms.katalon.core.webui.keyword.WebUiBuiltInKeywords$verifyTextPresent$2.call(Unknown Source)
	at Members_Activity_Overview.run(Members_Activity_Overview:48)
	at com.kms.katalon.core.main.ScriptEngine.run(ScriptEngine.java:194)
	at com.kms.katalon.core.main.ScriptEngine.runScriptAsRawText(ScriptEngine.java:119)
	at com.kms.katalon.core.main.TestCaseExecutor.runScript(TestCaseExecutor.java:337)
	at com.kms.katalon.core.main.TestCaseExecutor.doExecute(TestCaseExecutor.java:328)
	at com.kms.katalon.core.main.TestCaseExecutor.processExecutionPhase(TestCaseExecutor.java:307)
	at com.kms.katalon.core.main.TestCaseExecutor.accessMainPhase(TestCaseExecutor.java:299)
	at com.kms.katalon.core.main.TestCaseExecutor.execute(TestCaseExecutor.java:233)
	at com.kms.katalon.core.main.TestCaseMain.runTestCase(TestCaseMain.java:114)
	at com.kms.katalon.core.keyword.builtin.CallTestCaseKeyword$_callTestCase_closure1.doCall(CallTestCaseKeyword.groovy:59)
	at com.kms.katalon.core.keyword.builtin.CallTestCaseKeyword$_callTestCase_closure1.call(CallTestCaseKeyword.groovy)
	at com.kms.katalon.core.keyword.internal.KeywordMain.runKeyword(KeywordMain.groovy:68)
	at com.kms.katalon.core.keyword.builtin.CallTestCaseKeyword.callTestCase(CallTestCaseKeyword.groovy:81)
	at com.kms.katalon.core.keyword.builtin.CallTestCaseKeyword.execute(CallTestCaseKeyword.groovy:44)
	at com.kms.katalon.core.keyword.internal.KeywordExecutor.executeKeywordForPlatform(KeywordExecutor.groovy:72)
	at com.kms.katalon.core.keyword.BuiltinKeywords.callTestCase(BuiltinKeywords.groovy:334)
	at Members_Activity_Overview.run(Members_Activity_Overview:64)
	at com.kms.katalon.core.main.ScriptEngine.run(ScriptEngine.java:194)
	at com.kms.katalon.core.main.ScriptEngine.runScriptAsRawText(ScriptEngine.java:119)
	at com.kms.katalon.core.main.TestCaseExecutor.runScript(TestCaseExecutor.java:337)
	at com.kms.katalon.core.main.TestCaseExecutor.doExecute(TestCaseExecutor.java:328)
	at com.kms.katalon.core.main.TestCaseExecutor.processExecutionPhase(TestCaseExecutor.java:307)
	at com.kms.katalon.core.main.TestCaseExecutor.accessMainPhase(TestCaseExecutor.java:299)
	at com.kms.katalon.core.main.TestCaseExecutor.execute(TestCaseExecutor.java:233)
	at com.kms.katalon.core.main.TestSuiteExecutor.accessTestCaseMainPhase(TestSuiteExecutor.java:169)
	at com.kms.katalon.core.main.TestSuiteExecutor.accessTestSuiteMainPhase(TestSuiteExecutor.java:142)
	at com.kms.katalon.core.main.TestSuiteExecutor.execute(TestSuiteExecutor.java:91)
	at com.kms.katalon.core.main.TestCaseMain.startTestSuite(TestCaseMain.java:157)
	at com.kms.katalon.core.main.TestCaseMain$startTestSuite$0.call(Unknown Source)
	at TempTestSuite1587652831601.run(TempTestSuite1587652831601.groovy:37)
)
	at com.kms.katalon.core.keyword.internal.KeywordMain.stepFailed(KeywordMain.groovy:39)
	at com.kms.katalon.core.webui.keyword.internal.WebUIKeywordMain.stepFailed(WebUIKeywordMain.groovy:64)
	at com.kms.katalon.core.webui.keyword.builtin.VerifyTextPresentKeyword$_verifyTextPresent_closure1.doCall(VerifyTextPresentKeyword.groovy:79)
	at com.kms.katalon.core.webui.keyword.builtin.VerifyTextPresentKeyword$_verifyTextPresent_closure1.call(VerifyTextPresentKeyword.groovy)
	at com.kms.katalon.core.webui.keyword.internal.WebUIKeywordMain.runKeyword(WebUIKeywordMain.groovy:20)
	at com.kms.katalon.core.webui.keyword.builtin.VerifyTextPresentKeyword.verifyTextPresent(VerifyTextPresentKeyword.groovy:83)
	at com.kms.katalon.core.webui.keyword.builtin.VerifyTextPresentKeyword.execute(VerifyTextPresentKeyword.groovy:68)
	at com.kms.katalon.core.keyword.internal.KeywordExecutor.executeKeywordForPlatform(KeywordExecutor.groovy:72)
	at com.kms.katalon.core.webui.keyword.WebUiBuiltInKeywords.verifyTextPresent(WebUiBuiltInKeywords.groovy:1719)
	at com.kms.katalon.core.webui.keyword.WebUiBuiltInKeywords$verifyTextPresent$2.call(Unknown Source)
	at Members_Activity_Overview.run(Members_Activity_Overview:48)
	at com.kms.katalon.core.main.ScriptEngine.run(ScriptEngine.java:194)
	at com.kms.katalon.core.main.ScriptEngine.runScriptAsRawText(ScriptEngine.java:119)
	at com.kms.katalon.core.main.TestCaseExecutor.runScript(TestCaseExecutor.java:337)
	at com.kms.katalon.core.main.TestCaseExecutor.doExecute(TestCaseExecutor.java:328)
	at com.kms.katalon.core.main.TestCaseExecutor.processExecutionPhase(TestCaseExecutor.java:307)
	at com.kms.katalon.core.main.TestCaseExecutor.accessMainPhase(TestCaseExecutor.java:299)
	at com.kms.katalon.core.main.TestCaseExecutor.execute(TestCaseExecutor.java:233)
	at com.kms.katalon.core.main.TestCaseMain.runTestCase(TestCaseMain.java:114)
	at com.kms.katalon.core.keyword.builtin.CallTestCaseKeyword$_callTestCase_closure1.doCall(CallTestCaseKeyword.groovy:59)
	at com.kms.katalon.core.keyword.builtin.CallTestCaseKeyword$_callTestCase_closure1.call(CallTestCaseKeyword.groovy)
	at com.kms.katalon.core.keyword.internal.KeywordMain.runKeyword(KeywordMain.groovy:68)
	at com.kms.katalon.core.keyword.builtin.CallTestCaseKeyword.callTestCase(CallTestCaseKeyword.groovy:81)
	at com.kms.katalon.core.keyword.builtin.CallTestCaseKeyword.execute(CallTestCaseKeyword.groovy:44)
	at com.kms.katalon.core.keyword.internal.KeywordExecutor.executeKeywordForPlatform(KeywordExecutor.groovy:72)
	at com.kms.katalon.core.keyword.BuiltinKeywords.callTestCase(BuiltinKeywords.groovy:334)
	at Members_Activity_Overview.run(Members_Activity_Overview:64)
	at com.kms.katalon.core.main.ScriptEngine.run(ScriptEngine.java:194)
	at com.kms.katalon.core.main.ScriptEngine.runScriptAsRawText(ScriptEngine.java:119)
	at com.kms.katalon.core.main.TestCaseExecutor.runScript(TestCaseExecutor.java:337)
	at com.kms.katalon.core.main.TestCaseExecutor.doExecute(TestCaseExecutor.java:328)
	at com.kms.katalon.core.main.TestCaseExecutor.processExecutionPhase(TestCaseExecutor.java:307)
	at com.kms.katalon.core.main.TestCaseExecutor.accessMainPhase(TestCaseExecutor.java:299)
	at com.kms.katalon.core.main.TestCaseExecutor.execute(TestCaseExecutor.java:233)
	at com.kms.katalon.core.main.TestSuiteExecutor.accessTestCaseMainPhase(TestSuiteExecutor.java:169)
	at com.kms.katalon.core.main.TestSuiteExecutor.accessTestSuiteMainPhase(TestSuiteExecutor.java:142)
	at com.kms.katalon.core.main.TestSuiteExecutor.execute(TestSuiteExecutor.java:91)
	at com.kms.katalon.core.main.TestCaseMain.startTestSuite(TestCaseMain.java:157)
	at com.kms.katalon.core.main.TestCaseMain$startTestSuite$0.call(Unknown Source)
	at TempTestSuite1587652831601.run(TempTestSuite1587652831601.groovy:37)
Caused by: com.kms.katalon.core.exception.StepFailedException: Text 'Good Morning!' is not present on page 
	... 39 more


2020-04-23 16:13:53 - [TEST_STEP][PASSED] - waitForPageLoad(120): Wait for page load successfully

2020-04-23 16:13:54 - [MESSAGE][PASSED] - Wait for page load successfully

2020-04-23 16:13:54 - [TEST_STEP][PASSED] - delay(1): Delayed 1 second(s)

2020-04-23 16:13:55 - [MESSAGE][PASSED] - Delayed 1 second(s)

2020-04-23 16:13:55 - [TEST_STEP][FAILED] - verifyTextPresent("Good Morning!", false): Text 'Good Morning!' is not present on page  (Root cause: com.kms.katalon.core.exception.StepFailedException: Text 'Good Morning!' is not present on page 
	at com.kms.katalon.core.webui.keyword.internal.WebUIKeywordMain.stepFailed(WebUIKeywordMain.groovy:64)
	at com.kms.katalon.core.webui.keyword.builtin.VerifyTextPresentKeyword$_verifyTextPresent_closure1.doCall(VerifyTextPresentKeyword.groovy:79)
	at com.kms.katalon.core.webui.keyword.builtin.VerifyTextPresentKeyword$_verifyTextPresent_closure1.call(VerifyTextPresentKeyword.groovy)
	at com.kms.katalon.core.webui.keyword.internal.WebUIKeywordMain.runKeyword(WebUIKeywordMain.groovy:20)
	at com.kms.katalon.core.webui.keyword.builtin.VerifyTextPresentKeyword.verifyTextPresent(VerifyTextPresentKeyword.groovy:83)
	at com.kms.katalon.core.webui.keyword.builtin.VerifyTextPresentKeyword.execute(VerifyTextPresentKeyword.groovy:68)
	at com.kms.katalon.core.keyword.internal.KeywordExecutor.executeKeywordForPlatform(KeywordExecutor.groovy:72)
	at com.kms.katalon.core.webui.keyword.WebUiBuiltInKeywords.verifyTextPresent(WebUiBuiltInKeywords.groovy:1719)
	at com.kms.katalon.core.webui.keyword.WebUiBuiltInKeywords$verifyTextPresent$2.call(Unknown Source)
	at Members_Activity_Overview.run(Members_Activity_Overview:48)
	at com.kms.katalon.core.main.ScriptEngine.run(ScriptEngine.java:194)
	at com.kms.katalon.core.main.ScriptEngine.runScriptAsRawText(ScriptEngine.java:119)
	at com.kms.katalon.core.main.TestCaseExecutor.runScript(TestCaseExecutor.java:337)
	at com.kms.katalon.core.main.TestCaseExecutor.doExecute(TestCaseExecutor.java:328)
	at com.kms.katalon.core.main.TestCaseExecutor.processExecutionPhase(TestCaseExecutor.java:307)
	at com.kms.katalon.core.main.TestCaseExecutor.accessMainPhase(TestCaseExecutor.java:299)
	at com.kms.katalon.core.main.TestCaseExecutor.execute(TestCaseExecutor.java:233)
	at com.kms.katalon.core.main.TestCaseMain.runTestCase(TestCaseMain.java:114)
	at com.kms.katalon.core.keyword.builtin.CallTestCaseKeyword$_callTestCase_closure1.doCall(CallTestCaseKeyword.groovy:59)
	at com.kms.katalon.core.keyword.builtin.CallTestCaseKeyword$_callTestCase_closure1.call(CallTestCaseKeyword.groovy)
	at com.kms.katalon.core.keyword.internal.KeywordMain.runKeyword(KeywordMain.groovy:68)
	at com.kms.katalon.core.keyword.builtin.CallTestCaseKeyword.callTestCase(CallTestCaseKeyword.groovy:81)
	at com.kms.katalon.core.keyword.builtin.CallTestCaseKeyword.execute(CallTestCaseKeyword.groovy:44)
	at com.kms.katalon.core.keyword.internal.KeywordExecutor.executeKeywordForPlatform(KeywordExecutor.groovy:72)
	at com.kms.katalon.core.keyword.BuiltinKeywords.callTestCase(BuiltinKeywords.groovy:334)
	at Members_Activity_Overview.run(Members_Activity_Overview:64)
	at com.kms.katalon.core.main.ScriptEngine.run(ScriptEngine.java:194)
	at com.kms.katalon.core.main.ScriptEngine.runScriptAsRawText(ScriptEngine.java:119)
	at com.kms.katalon.core.main.TestCaseExecutor.runScript(TestCaseExecutor.java:337)
	at com.kms.katalon.core.main.TestCaseExecutor.doExecute(TestCaseExecutor.java:328)
	at com.kms.katalon.core.main.TestCaseExecutor.processExecutionPhase(TestCaseExecutor.java:307)
	at com.kms.katalon.core.main.TestCaseExecutor.accessMainPhase(TestCaseExecutor.java:299)
	at com.kms.katalon.core.main.TestCaseExecutor.execute(TestCaseExecutor.java:233)
	at com.kms.katalon.core.main.TestSuiteExecutor.accessTestCaseMainPhase(TestSuiteExecutor.java:169)
	at com.kms.katalon.core.main.TestSuiteExecutor.accessTestSuiteMainPhase(TestSuiteExecutor.java:142)
	at com.kms.katalon.core.main.TestSuiteExecutor.execute(TestSuiteExecutor.java:91)
	at com.kms.katalon.core.main.TestCaseMain.startTestSuite(TestCaseMain.java:157)
	at com.kms.katalon.core.main.TestCaseMain$startTestSuite$0.call(Unknown Source)
	at TempTestSuite1587652831601.run(TempTestSuite1587652831601.groovy:37)
)

2020-04-23 16:13:55 - [MESSAGE][FAILED] - Text 'Good Morning!' is not present on page  (Root cause: com.kms.katalon.core.exception.StepFailedException: Text 'Good Morning!' is not present on page 
	at com.kms.katalon.core.webui.keyword.internal.WebUIKeywordMain.stepFailed(WebUIKeywordMain.groovy:64)
	at com.kms.katalon.core.webui.keyword.builtin.VerifyTextPresentKeyword$_verifyTextPresent_closure1.doCall(VerifyTextPresentKeyword.groovy:79)
	at com.kms.katalon.core.webui.keyword.builtin.VerifyTextPresentKeyword$_verifyTextPresent_closure1.call(VerifyTextPresentKeyword.groovy)
	at com.kms.katalon.core.webui.keyword.internal.WebUIKeywordMain.runKeyword(WebUIKeywordMain.groovy:20)
	at com.kms.katalon.core.webui.keyword.builtin.VerifyTextPresentKeyword.verifyTextPresent(VerifyTextPresentKeyword.groovy:83)
	at com.kms.katalon.core.webui.keyword.builtin.VerifyTextPresentKeyword.execute(VerifyTextPresentKeyword.groovy:68)
	at com.kms.katalon.core.keyword.internal.KeywordExecutor.executeKeywordForPlatform(KeywordExecutor.groovy:72)
	at com.kms.katalon.core.webui.keyword.WebUiBuiltInKeywords.verifyTextPresent(WebUiBuiltInKeywords.groovy:1719)
	at com.kms.katalon.core.webui.keyword.WebUiBuiltInKeywords$verifyTextPresent$2.call(Unknown Source)
	at Members_Activity_Overview.run(Members_Activity_Overview:48)
	at com.kms.katalon.core.main.ScriptEngine.run(ScriptEngine.java:194)
	at com.kms.katalon.core.main.ScriptEngine.runScriptAsRawText(ScriptEngine.java:119)
	at com.kms.katalon.core.main.TestCaseExecutor.runScript(TestCaseExecutor.java:337)
	at com.kms.katalon.core.main.TestCaseExecutor.doExecute(TestCaseExecutor.java:328)
	at com.kms.katalon.core.main.TestCaseExecutor.processExecutionPhase(TestCaseExecutor.java:307)
	at com.kms.katalon.core.main.TestCaseExecutor.accessMainPhase(TestCaseExecutor.java:299)
	at com.kms.katalon.core.main.TestCaseExecutor.execute(TestCaseExecutor.java:233)
	at com.kms.katalon.core.main.TestCaseMain.runTestCase(TestCaseMain.java:114)
	at com.kms.katalon.core.keyword.builtin.CallTestCaseKeyword$_callTestCase_closure1.doCall(CallTestCaseKeyword.groovy:59)
	at com.kms.katalon.core.keyword.builtin.CallTestCaseKeyword$_callTestCase_closure1.call(CallTestCaseKeyword.groovy)
	at com.kms.katalon.core.keyword.internal.KeywordMain.runKeyword(KeywordMain.groovy:68)
	at com.kms.katalon.core.keyword.builtin.CallTestCaseKeyword.callTestCase(CallTestCaseKeyword.groovy:81)
	at com.kms.katalon.core.keyword.builtin.CallTestCaseKeyword.execute(CallTestCaseKeyword.groovy:44)
	at com.kms.katalon.core.keyword.internal.KeywordExecutor.executeKeywordForPlatform(KeywordExecutor.groovy:72)
	at com.kms.katalon.core.keyword.BuiltinKeywords.callTestCase(BuiltinKeywords.groovy:334)
	at Members_Activity_Overview.run(Members_Activity_Overview:64)
	at com.kms.katalon.core.main.ScriptEngine.run(ScriptEngine.java:194)
	at com.kms.katalon.core.main.ScriptEngine.runScriptAsRawText(ScriptEngine.java:119)
	at com.kms.katalon.core.main.TestCaseExecutor.runScript(TestCaseExecutor.java:337)
	at com.kms.katalon.core.main.TestCaseExecutor.doExecute(TestCaseExecutor.java:328)
	at com.kms.katalon.core.main.TestCaseExecutor.processExecutionPhase(TestCaseExecutor.java:307)
	at com.kms.katalon.core.main.TestCaseExecutor.accessMainPhase(TestCaseExecutor.java:299)
	at com.kms.katalon.core.main.TestCaseExecutor.execute(TestCaseExecutor.java:233)
	at com.kms.katalon.core.main.TestSuiteExecutor.accessTestCaseMainPhase(TestSuiteExecutor.java:169)
	at com.kms.katalon.core.main.TestSuiteExecutor.accessTestSuiteMainPhase(TestSuiteExecutor.java:142)
	at com.kms.katalon.core.main.TestSuiteExecutor.execute(TestSuiteExecutor.java:91)
	at com.kms.katalon.core.main.TestCaseMain.startTestSuite(TestCaseMain.java:157)
	at com.kms.katalon.core.main.TestCaseMain$startTestSuite$0.call(Unknown Source)
	at TempTestSuite1587652831601.run(TempTestSuite1587652831601.groovy:37)
)

2020-04-23 16:13:55 - [TEST_STEP][PASSED] - "----------------------------------------------": null

2020-04-23 16:13:55 - [TEST_STEP][PASSED] - verifyTextPresent("Things to review:", false): Text 'Things to review:' is present on page 

2020-04-23 16:13:55 - [MESSAGE][PASSED] - Text 'Things to review:' is present on page 

2020-04-23 16:13:55 - [TEST_STEP][PASSED] - verifyTextPresent("Feedback to review", false): Text 'Feedback to review' is present on page 

2020-04-23 16:13:55 - [MESSAGE][PASSED] - Text 'Feedback to review' is present on page 

2020-04-23 16:13:55 - [TEST_STEP][PASSED] - "----------------------------------------------": null

2020-04-23 16:13:55 - [TEST_STEP][PASSED] - verifyTextPresent("Recent members photos:", false): Text 'Recent members photos:' is present on page 

2020-04-23 16:13:55 - [MESSAGE][PASSED] - Text 'Recent members photos:' is present on page 

2020-04-23 16:13:55 - [TEST_STEP][PASSED] - verifyTextPresent("Members area forum activity:", false): Text 'Members area forum activity:' is present on page 

2020-04-23 16:13:56 - [MESSAGE][PASSED] - Text 'Members area forum activity:' is present on page 

2020-04-23 16:13:56 - [TEST_STEP][PASSED] - verifyTextPresent("Members joining", false): Text 'Members joining' is present on page 

2020-04-23 16:13:56 - [MESSAGE][PASSED] - Text 'Members joining' is present on page 

2020-04-23 16:13:56 - [TEST_STEP][PASSED] - verifyTextPresent("and leaving", false): Text 'and leaving' is present on page 

2020-04-23 16:13:56 - [MESSAGE][PASSED] - Text 'and leaving' is present on page 

2020-04-23 16:13:56 - [MESSAGE][WARNING] - Unable to call Test Case 'Test Cases/Reusable_Test_Sequences/Web_Office/Verification/Reports/Members_Activity_Overview' (Root cause: com.kms.katalon.core.exception.StepFailedException: Call Test Case 'Test Cases/Reusable_Test_Sequences/Web_Office/Verification/Reports/Members_Activity_Overview' failed
	at com.kms.katalon.core.keyword.builtin.CallTestCaseKeyword$_callTestCase_closure1.doCall(CallTestCaseKeyword.groovy:63)
	at com.kms.katalon.core.keyword.builtin.CallTestCaseKeyword$_callTestCase_closure1.call(CallTestCaseKeyword.groovy)
	at com.kms.katalon.core.keyword.internal.KeywordMain.runKeyword(KeywordMain.groovy:68)
	at com.kms.katalon.core.keyword.builtin.CallTestCaseKeyword.callTestCase(CallTestCaseKeyword.groovy:81)
	at com.kms.katalon.core.keyword.builtin.CallTestCaseKeyword.execute(CallTestCaseKeyword.groovy:44)
	at com.kms.katalon.core.keyword.internal.KeywordExecutor.executeKeywordForPlatform(KeywordExecutor.groovy:72)
	at com.kms.katalon.core.keyword.BuiltinKeywords.callTestCase(BuiltinKeywords.groovy:334)
	at Members_Activity_Overview.run(Members_Activity_Overview:64)
	at com.kms.katalon.core.main.ScriptEngine.run(ScriptEngine.java:194)
	at com.kms.katalon.core.main.ScriptEngine.runScriptAsRawText(ScriptEngine.java:119)
	at com.kms.katalon.core.main.TestCaseExecutor.runScript(TestCaseExecutor.java:337)
	at com.kms.katalon.core.main.TestCaseExecutor.doExecute(TestCaseExecutor.java:328)
	at com.kms.katalon.core.main.TestCaseExecutor.processExecutionPhase(TestCaseExecutor.java:307)
	at com.kms.katalon.core.main.TestCaseExecutor.accessMainPhase(TestCaseExecutor.java:299)
	at com.kms.katalon.core.main.TestCaseExecutor.execute(TestCaseExecutor.java:233)
	at com.kms.katalon.core.main.TestSuiteExecutor.accessTestCaseMainPhase(TestSuiteExecutor.java:169)
	at com.kms.katalon.core.main.TestSuiteExecutor.accessTestSuiteMainPhase(TestSuiteExecutor.java:142)
	at com.kms.katalon.core.main.TestSuiteExecutor.execute(TestSuiteExecutor.java:91)
	at com.kms.katalon.core.main.TestCaseMain.startTestSuite(TestCaseMain.java:157)
	at com.kms.katalon.core.main.TestCaseMain$startTestSuite$0.call(Unknown Source)
	at TempTestSuite1587652831601.run(TempTestSuite1587652831601.groovy:37)
Caused by: com.kms.katalon.core.exception.StepFailedException: Text 'Good Morning!' is not present on page  (Root cause: com.kms.katalon.core.exception.StepFailedException: Text 'Good Morning!' is not present on page 
	at com.kms.katalon.core.webui.keyword.internal.WebUIKeywordMain.stepFailed(WebUIKeywordMain.groovy:64)
	at com.kms.katalon.core.webui.keyword.builtin.VerifyTextPresentKeyword$_verifyTextPresent_closure1.doCall(VerifyTextPresentKeyword.groovy:79)
	at com.kms.katalon.core.webui.keyword.builtin.VerifyTextPresentKeyword$_verifyTextPresent_closure1.call(VerifyTextPresentKeyword.groovy)
	at com.kms.katalon.core.webui.keyword.internal.WebUIKeywordMain.runKeyword(WebUIKeywordMain.groovy:20)
	at com.kms.katalon.core.webui.keyword.builtin.VerifyTextPresentKeyword.verifyTextPresent(VerifyTextPresentKeyword.groovy:83)
	at com.kms.katalon.core.webui.keyword.builtin.VerifyTextPresentKeyword.execute(VerifyTextPresentKeyword.groovy:68)
	at com.kms.katalon.core.keyword.internal.KeywordExecutor.executeKeywordForPlatform(KeywordExecutor.groovy:72)
	at com.kms.katalon.core.webui.keyword.WebUiBuiltInKeywords.verifyTextPresent(WebUiBuiltInKeywords.groovy:1719)
	at com.kms.katalon.core.webui.keyword.WebUiBuiltInKeywords$verifyTextPresent$2.call(Unknown Source)
	at Members_Activity_Overview.run(Members_Activity_Overview:48)
	at com.kms.katalon.core.main.ScriptEngine.run(ScriptEngine.java:194)
	at com.kms.katalon.core.main.ScriptEngine.runScriptAsRawText(ScriptEngine.java:119)
	at com.kms.katalon.core.main.TestCaseExecutor.runScript(TestCaseExecutor.java:337)
	at com.kms.katalon.core.main.TestCaseExecutor.doExecute(TestCaseExecutor.java:328)
	at com.kms.katalon.core.main.TestCaseExecutor.processExecutionPhase(TestCaseExecutor.java:307)
	at com.kms.katalon.core.main.TestCaseExecutor.accessMainPhase(TestCaseExecutor.java:299)
	at com.kms.katalon.core.main.TestCaseExecutor.execute(TestCaseExecutor.java:233)
	at com.kms.katalon.core.main.TestCaseMain.runTestCase(TestCaseMain.java:114)
	at com.kms.katalon.core.keyword.builtin.CallTestCaseKeyword$_callTestCase_closure1.doCall(CallTestCaseKeyword.groovy:59)
	at com.kms.katalon.core.keyword.builtin.CallTestCaseKeyword$_callTestCase_closure1.call(CallTestCaseKeyword.groovy)
	at com.kms.katalon.core.keyword.internal.KeywordMain.runKeyword(KeywordMain.groovy:68)
	at com.kms.katalon.core.keyword.builtin.CallTestCaseKeyword.callTestCase(CallTestCaseKeyword.groovy:81)
	at com.kms.katalon.core.keyword.builtin.CallTestCaseKeyword.execute(CallTestCaseKeyword.groovy:44)
	at com.kms.katalon.core.keyword.internal.KeywordExecutor.executeKeywordForPlatform(KeywordExecutor.groovy:72)
	at com.kms.katalon.core.keyword.BuiltinKeywords.callTestCase(BuiltinKeywords.groovy:334)
	at Members_Activity_Overview.run(Members_Activity_Overview:64)
	at com.kms.katalon.core.main.ScriptEngine.run(ScriptEngine.java:194)
	at com.kms.katalon.core.main.ScriptEngine.runScriptAsRawText(ScriptEngine.java:119)
	at com.kms.katalon.core.main.TestCaseExecutor.runScript(TestCaseExecutor.java:337)
	at com.kms.katalon.core.main.TestCaseExecutor.doExecute(TestCaseExecutor.java:328)
	at com.kms.katalon.core.main.TestCaseExecutor.processExecutionPhase(TestCaseExecutor.java:307)
	at com.kms.katalon.core.main.TestCaseExecutor.accessMainPhase(TestCaseExecutor.java:299)
	at com.kms.katalon.core.main.TestCaseExecutor.execute(TestCaseExecutor.java:233)
	at com.kms.katalon.core.main.TestSuiteExecutor.accessTestCaseMainPhase(TestSuiteExecutor.java:169)
	at com.kms.katalon.core.main.TestSuiteExecutor.accessTestSuiteMainPhase(TestSuiteExecutor.java:142)
	at com.kms.katalon.core.main.TestSuiteExecutor.execute(TestSuiteExecutor.java:91)
	at com.kms.katalon.core.main.TestCaseMain.startTestSuite(TestCaseMain.java:157)
	at com.kms.katalon.core.main.TestCaseMain$startTestSuite$0.call(Unknown Source)
	at TempTestSuite1587652831601.run(TempTestSuite1587652831601.groovy:37)
)
	at com.kms.katalon.core.keyword.internal.KeywordMain.stepFailed(KeywordMain.groovy:39)
	at com.kms.katalon.core.webui.keyword.internal.WebUIKeywordMain.stepFailed(WebUIKeywordMain.groovy:64)
	at com.kms.katalon.core.webui.keyword.builtin.VerifyTextPresentKeyword$_verifyTextPresent_closure1.doCall(VerifyTextPresentKeyword.groovy:79)
	at com.kms.katalon.core.webui.keyword.builtin.VerifyTextPresentKeyword$_verifyTextPresent_closure1.call(VerifyTextPresentKeyword.groovy)
	at com.kms.katalon.core.webui.keyword.internal.WebUIKeywordMain.runKeyword(WebUIKeywordMain.groovy:20)
	at com.kms.katalon.core.webui.keyword.builtin.VerifyTextPresentKeyword.verifyTextPresent(VerifyTextPresentKeyword.groovy:83)
	at com.kms.katalon.core.webui.keyword.builtin.VerifyTextPresentKeyword.execute(VerifyTextPresentKeyword.groovy:68)
	at com.kms.katalon.core.keyword.internal.KeywordExecutor.executeKeywordForPlatform(KeywordExecutor.groovy:72)
	at com.kms.katalon.core.webui.keyword.WebUiBuiltInKeywords.verifyTextPresent(WebUiBuiltInKeywords.groovy:1719)
	at com.kms.katalon.core.webui.keyword.WebUiBuiltInKeywords$verifyTextPresent$2.call(Unknown Source)
	at Members_Activity_Overview.run(Members_Activity_Overview:48)
	at com.kms.katalon.core.main.ScriptEngine.run(ScriptEngine.java:194)
	at com.kms.katalon.core.main.ScriptEngine.runScriptAsRawText(ScriptEngine.java:119)
	at com.kms.katalon.core.main.TestCaseExecutor.runScript(TestCaseExecutor.java:337)
	at com.kms.katalon.core.main.TestCaseExecutor.doExecute(TestCaseExecutor.java:328)
	at com.kms.katalon.core.main.TestCaseExecutor.processExecutionPhase(TestCaseExecutor.java:307)
	at com.kms.katalon.core.main.TestCaseExecutor.accessMainPhase(TestCaseExecutor.java:299)
	at com.kms.katalon.core.main.TestCaseExecutor.execute(TestCaseExecutor.java:233)
	at com.kms.katalon.core.main.TestCaseMain.runTestCase(TestCaseMain.java:114)
	at com.kms.katalon.core.keyword.builtin.CallTestCaseKeyword$_callTestCase_closure1.doCall(CallTestCaseKeyword.groovy:59)
	... 20 more
Caused by: com.kms.katalon.core.exception.StepFailedException: Text 'Good Morning!' is not present on page 
	... 39 more
)

2020-04-23 16:13:56 - [TEST_STEP][PASSED] - "--------------------------": null

2020-04-23 16:13:56 - [TEST_STEP][PASSED] - " Teardown - CLose Browser |": null

2020-04-23 16:13:56 - [TEST_STEP][PASSED] - callTestCase(findTestCase("Reusable_Test_Sequences/CAT_Teardown"), [:], OPTIONAL): Call Test Case 'Test Cases/Reusable_Test_Sequences/CAT_Teardown' successfully

2020-04-23 16:13:56 - [TEST_CASE][PASSED] - Test Cases/Reusable_Test_Sequences/CAT_Teardown: Test Cases/Reusable_Test_Sequences/CAT_Teardown

2020-04-23 16:13:56 - [TEST_STEP][PASSED] - closeBrowser(): Browser is closed

2020-04-23 16:13:57 - [MESSAGE][PASSED] - Browser is closed

2020-04-23 16:13:57 - [TEST_STEP][PASSED] - super.finalize(): null

2020-04-23 16:13:57 - [TEST_STEP][PASSED] - System.gc(): null

2020-04-23 16:13:57 - [MESSAGE][PASSED] - Call Test Case 'Test Cases/Reusable_Test_Sequences/CAT_Teardown' successfully]]></system-out>
         <system-err><![CDATA[]]></system-err>
      </testcase>
      <testcase name="Test Cases/Web_Office/Reports/Members_Activity_Participants" time="20.936" classname="Test Cases/Web_Office/Reports/Members_Activity_Participants" status="PASSED">
         <system-out><![CDATA[2020-04-23 16:13:57 - [TEST_CASE][PASSED] - Test Cases/Web_Office/Reports/Members_Activity_Participants: Test Cases/Web_Office/Reports/Members_Activity_Participants

2020-04-23 16:13:57 - [TEST_STEP][PASSED] - "--------------------------------------": null

2020-04-23 16:13:57 - [TEST_STEP][PASSED] - " Web Office StartUp                  |": null

2020-04-23 16:13:57 - [TEST_STEP][PASSED] - callTestCase(findTestCase("Reusable_Test_Sequences/Web_Office/Directives/WebOffice_StartUp"), [:], STOP_ON_FAILURE): Call Test Case 'Test Cases/Reusable_Test_Sequences/Web_Office/Directives/WebOffice_StartUp' successfully

2020-04-23 16:13:57 - [TEST_CASE][PASSED] - Test Cases/Reusable_Test_Sequences/Web_Office/Directives/WebOffice_StartUp: Test Cases/Reusable_Test_Sequences/Web_Office/Directives/WebOffice_StartUp

2020-04-23 16:13:57 - [TEST_STEP][PASSED] - "-----------------------------------------------------------------------------": null

2020-04-23 16:13:57 - [TEST_STEP][PASSED] - if (URL == "https://www.dev.checkatrade.com/"): null

2020-04-23 16:13:57 - [TEST_STEP][PASSED] - "-----------------------------------------------------------------------------": null

2020-04-23 16:13:57 - [TEST_STEP][PASSED] - if (URL == "https://www.checkatrade.com/"): null

2020-04-23 16:13:57 - [TEST_STEP][PASSED] - "-----------------------------------------------------------------------------": null

2020-04-23 16:13:57 - [TEST_STEP][PASSED] - if (URL == "https://www.preview.checkatrade.com/"): null

2020-04-23 16:13:57 - [TEST_STEP][PASSED] - WebOfficeURL = "https://admin.preview.checkatrade.com/": null

2020-04-23 16:13:57 - [TEST_STEP][PASSED] - if (URL == "https://www.dev2.checkatrade.com/"): null

2020-04-23 16:13:57 - [TEST_STEP][PASSED] - "Set Function Area for "URL_Handler", URL Resolution": null

2020-04-23 16:13:57 - [TEST_STEP][PASSED] - "Do Some Magic with URL(s) See the comments within URL Handler ": null

2020-04-23 16:13:57 - [TEST_STEP][PASSED] - "------------------------------------------------": null

2020-04-23 16:13:57 - [TEST_STEP][PASSED] - "Moved Login Credentials to <Default> profile 22/01/2020": null

2020-04-23 16:13:57 - [TEST_STEP][PASSED] - "------------------------------------------------": null

2020-04-23 16:13:57 - [TEST_STEP][PASSED] - "WebOfficeURL - Set from the ENVIRONMENT PROFILE ": null

2020-04-23 16:13:57 - [TEST_STEP][PASSED] - "OPEN BROWSER": null

2020-04-23 16:13:57 - [TEST_STEP][PASSED] - "eg - https://admin.preview.checkatrade.com/  ": null

2020-04-23 16:13:57 - [TEST_STEP][PASSED] - openBrowser(WebOfficeURL): Browser is opened with url: 'https://admin.preview.checkatrade.com/'

2020-04-23 16:13:57 - [MESSAGE][INFO] - Starting 'Chrome' driver

2020-04-23 16:13:57 - [MESSAGE][INFO] - Action delay is set to 0 milliseconds

2020-04-23 16:14:02 - [MESSAGE][PASSED] - Browser is opened with url: 'https://admin.preview.checkatrade.com/'

2020-04-23 16:14:02 - [TEST_STEP][PASSED] - maximizeWindow(): Current window maximized

2020-04-23 16:14:04 - [MESSAGE][PASSED] - Current window maximized

2020-04-23 16:14:04 - [TEST_STEP][PASSED] - waitForElementClickable(findTestObject("Object Repository/WebOffice/Page_Checkatrade - Administration - Login/Login_Button"), 25): Object 'Object Repository/WebOffice/Page_Checkatrade - Administration - Login/Login_Button' is clickable

2020-04-23 16:14:05 - [MESSAGE][PASSED] - Object 'Object Repository/WebOffice/Page_Checkatrade - Administration - Login/Login_Button' is clickable

2020-04-23 16:14:05 - [TEST_STEP][PASSED] - verifyTextPresent("Checkatrade Web Office", false): Text 'Checkatrade Web Office' is present on page 

2020-04-23 16:14:05 - [MESSAGE][PASSED] - Text 'Checkatrade Web Office' is present on page 

2020-04-23 16:14:05 - [TEST_STEP][PASSED] - verifyTextPresent("Access for staff use only", false): Text 'Access for staff use only' is present on page 

2020-04-23 16:14:05 - [MESSAGE][PASSED] - Text 'Access for staff use only' is present on page 

2020-04-23 16:14:05 - [TEST_STEP][PASSED] - verifyTextPresent("Forgotten password?", false): Text 'Forgotten password?' is present on page 

2020-04-23 16:14:05 - [MESSAGE][PASSED] - Text 'Forgotten password?' is present on page 

2020-04-23 16:14:05 - [TEST_STEP][PASSED] - setText(findTestObject("Object Repository/WebOffice/Page_Checkatrade - Administration - Login/input_Username_LoginControlUserName"), wo_Username): Text 'DavidHo' is set on object 'Object Repository/WebOffice/Page_Checkatrade - Administration - Login/input_Username_LoginControlUserName'

2020-04-23 16:14:05 - [MESSAGE][PASSED] - Text 'DavidHo' is set on object 'Object Repository/WebOffice/Page_Checkatrade - Administration - Login/input_Username_LoginControlUserName'

2020-04-23 16:14:05 - [TEST_STEP][PASSED] - setText(findTestObject("Object Repository/WebOffice/Page_Checkatrade - Administration - Login/input_Password_LoginControlPassword"), wo_Password): Text 'Check123' is set on object 'Object Repository/WebOffice/Page_Checkatrade - Administration - Login/input_Password_LoginControlPassword'

2020-04-23 16:14:05 - [MESSAGE][PASSED] - Text 'Check123' is set on object 'Object Repository/WebOffice/Page_Checkatrade - Administration - Login/input_Password_LoginControlPassword'

2020-04-23 16:14:05 - [TEST_STEP][PASSED] - click(findTestObject("Object Repository/WebOffice/Page_Checkatrade - Administration - Login/Login_Button")): Object: 'Object Repository/WebOffice/Page_Checkatrade - Administration - Login/Login_Button' is clicked on

2020-04-23 16:14:09 - [MESSAGE][PASSED] - Object: 'Object Repository/WebOffice/Page_Checkatrade - Administration - Login/Login_Button' is clicked on

2020-04-23 16:14:09 - [TEST_STEP][PASSED] - waitForPageLoad(60): Wait for page load successfully

2020-04-23 16:14:09 - [MESSAGE][PASSED] - Wait for page load successfully

2020-04-23 16:14:09 - [TEST_STEP][PASSED] - verifyTextPresent("Welcome " + wo_Username, false): Text 'Welcome DavidHo' is present on page 

2020-04-23 16:14:09 - [MESSAGE][PASSED] - Text 'Welcome DavidHo' is present on page 

2020-04-23 16:14:09 - [MESSAGE][PASSED] - Call Test Case 'Test Cases/Reusable_Test_Sequences/Web_Office/Directives/WebOffice_StartUp' successfully

2020-04-23 16:14:09 - [TEST_STEP][PASSED] - "-----------------------------------------------------------------": null

2020-04-23 16:14:09 - [TEST_STEP][PASSED] - " Navigate to <Settings->Checkatrade.Com->Sub Item> Menu Item     |": null

2020-04-23 16:14:09 - [TEST_STEP][PASSED] - callTestCase(findTestCase("Reusable_Test_Sequences/Web_Office/Navigation/Sub_Menu_Navigation/Reports/Members_Activity_Participants"), [:], STOP_ON_FAILURE): Call Test Case 'Test Cases/Reusable_Test_Sequences/Web_Office/Navigation/Sub_Menu_Navigation/Reports/Members_Activity_Participants' successfully

2020-04-23 16:14:09 - [TEST_CASE][PASSED] - Test Cases/Reusable_Test_Sequences/Web_Office/Navigation/Sub_Menu_Navigation/Reports/Members_Activity_Participants: Test Cases/Reusable_Test_Sequences/Web_Office/Navigation/Sub_Menu_Navigation/Reports/Members_Activity_Participants

2020-04-23 16:14:10 - [TEST_STEP][PASSED] - "--------------------------------------": null

2020-04-23 16:14:10 - [TEST_STEP][PASSED] - " Navigate Top level menu Item         |": null

2020-04-23 16:14:10 - [TEST_STEP][PASSED] - waitForPageLoad(60): Wait for page load successfully

2020-04-23 16:14:11 - [MESSAGE][PASSED] - Wait for page load successfully

2020-04-23 16:14:11 - [TEST_STEP][PASSED] - waitForElementClickable(findTestObject("Object Repository/WebOffice_Home_page/a_Reports"), 60): Object 'Object Repository/WebOffice_Home_page/a_Reports' is clickable

2020-04-23 16:14:11 - [MESSAGE][PASSED] - Object 'Object Repository/WebOffice_Home_page/a_Reports' is clickable

2020-04-23 16:14:11 - [TEST_STEP][PASSED] - mouseOver(findTestObject("Object Repository/WebOffice_Home_page/a_Reports")): Object: 'Object Repository/WebOffice_Home_page/a_Reports' is hovered

2020-04-23 16:14:11 - [MESSAGE][PASSED] - Object: 'Object Repository/WebOffice_Home_page/a_Reports' is hovered

2020-04-23 16:14:11 - [TEST_STEP][PASSED] - click(findTestObject("Object Repository/WebOffice_Home_page/Page_/a_Members")): Object: 'Object Repository/WebOffice_Home_page/Page_/a_Members' is clicked on

2020-04-23 16:14:12 - [MESSAGE][PASSED] - Object: 'Object Repository/WebOffice_Home_page/Page_/a_Members' is clicked on

2020-04-23 16:14:12 - [TEST_STEP][PASSED] - click(findTestObject("Object Repository/WebOffice_Home_page/Page_/a_Members Area Activity")): Object: 'Object Repository/WebOffice_Home_page/Page_/a_Members Area Activity' is clicked on

2020-04-23 16:14:12 - [MESSAGE][PASSED] - Object: 'Object Repository/WebOffice_Home_page/Page_/a_Members Area Activity' is clicked on

2020-04-23 16:14:12 - [TEST_STEP][PASSED] - waitForPageLoad(5): Wait for page load successfully

2020-04-23 16:14:12 - [MESSAGE][PASSED] - Wait for page load successfully

2020-04-23 16:14:12 - [TEST_STEP][PASSED] - waitForElementClickable(findTestObject("Object Repository/WebOffice_Home_page/Page_/a_Participants Report"), 5): Object 'Object Repository/WebOffice_Home_page/Page_/a_Participants Report' is clickable

2020-04-23 16:14:12 - [MESSAGE][PASSED] - Object 'Object Repository/WebOffice_Home_page/Page_/a_Participants Report' is clickable

2020-04-23 16:14:12 - [TEST_STEP][PASSED] - click(findTestObject("Object Repository/WebOffice_Home_page/Page_/a_Participants Report")): Object: 'Object Repository/WebOffice_Home_page/Page_/a_Participants Report' is clicked on

2020-04-23 16:14:13 - [MESSAGE][PASSED] - Object: 'Object Repository/WebOffice_Home_page/Page_/a_Participants Report' is clicked on

2020-04-23 16:14:13 - [MESSAGE][PASSED] - Call Test Case 'Test Cases/Reusable_Test_Sequences/Web_Office/Navigation/Sub_Menu_Navigation/Reports/Members_Activity_Participants' successfully

2020-04-23 16:14:13 - [TEST_STEP][PASSED] - "--------------------------------------": null

2020-04-23 16:14:13 - [TEST_STEP][PASSED] - " Verify Returned Page Detail          |": null

2020-04-23 16:14:13 - [TEST_STEP][PASSED] - callTestCase(findTestCase("Reusable_Test_Sequences/Web_Office/Verification/Reports/Members_Activity_Participants"), [:], OPTIONAL): Unable to call Test Case 'Test Cases/Reusable_Test_Sequences/Web_Office/Verification/Reports/Members_Activity_Participants' (Root cause: com.kms.katalon.core.exception.StepFailedException: Call Test Case 'Test Cases/Reusable_Test_Sequences/Web_Office/Verification/Reports/Members_Activity_Participants' failed
	at com.kms.katalon.core.keyword.builtin.CallTestCaseKeyword$_callTestCase_closure1.doCall(CallTestCaseKeyword.groovy:63)
	at com.kms.katalon.core.keyword.builtin.CallTestCaseKeyword$_callTestCase_closure1.call(CallTestCaseKeyword.groovy)
	at com.kms.katalon.core.keyword.internal.KeywordMain.runKeyword(KeywordMain.groovy:68)
	at com.kms.katalon.core.keyword.builtin.CallTestCaseKeyword.callTestCase(CallTestCaseKeyword.groovy:81)
	at com.kms.katalon.core.keyword.builtin.CallTestCaseKeyword.execute(CallTestCaseKeyword.groovy:44)
	at com.kms.katalon.core.keyword.internal.KeywordExecutor.executeKeywordForPlatform(KeywordExecutor.groovy:72)
	at com.kms.katalon.core.keyword.BuiltinKeywords.callTestCase(BuiltinKeywords.groovy:334)
	at Members_Activity_Participants.run(Members_Activity_Participants:64)
	at com.kms.katalon.core.main.ScriptEngine.run(ScriptEngine.java:194)
	at com.kms.katalon.core.main.ScriptEngine.runScriptAsRawText(ScriptEngine.java:119)
	at com.kms.katalon.core.main.TestCaseExecutor.runScript(TestCaseExecutor.java:337)
	at com.kms.katalon.core.main.TestCaseExecutor.doExecute(TestCaseExecutor.java:328)
	at com.kms.katalon.core.main.TestCaseExecutor.processExecutionPhase(TestCaseExecutor.java:307)
	at com.kms.katalon.core.main.TestCaseExecutor.accessMainPhase(TestCaseExecutor.java:299)
	at com.kms.katalon.core.main.TestCaseExecutor.execute(TestCaseExecutor.java:233)
	at com.kms.katalon.core.main.TestSuiteExecutor.accessTestCaseMainPhase(TestSuiteExecutor.java:169)
	at com.kms.katalon.core.main.TestSuiteExecutor.accessTestSuiteMainPhase(TestSuiteExecutor.java:142)
	at com.kms.katalon.core.main.TestSuiteExecutor.execute(TestSuiteExecutor.java:91)
	at com.kms.katalon.core.main.TestCaseMain.startTestSuite(TestCaseMain.java:157)
	at com.kms.katalon.core.main.TestCaseMain$startTestSuite$0.call(Unknown Source)
	at TempTestSuite1587652831601.run(TempTestSuite1587652831601.groovy:37)
Caused by: com.kms.katalon.core.exception.StepFailedException: Text 'Good Morning!' is not present on page  (Root cause: com.kms.katalon.core.exception.StepFailedException: Text 'Good Morning!' is not present on page 
	at com.kms.katalon.core.webui.keyword.internal.WebUIKeywordMain.stepFailed(WebUIKeywordMain.groovy:64)
	at com.kms.katalon.core.webui.keyword.builtin.VerifyTextPresentKeyword$_verifyTextPresent_closure1.doCall(VerifyTextPresentKeyword.groovy:79)
	at com.kms.katalon.core.webui.keyword.builtin.VerifyTextPresentKeyword$_verifyTextPresent_closure1.call(VerifyTextPresentKeyword.groovy)
	at com.kms.katalon.core.webui.keyword.internal.WebUIKeywordMain.runKeyword(WebUIKeywordMain.groovy:20)
	at com.kms.katalon.core.webui.keyword.builtin.VerifyTextPresentKeyword.verifyTextPresent(VerifyTextPresentKeyword.groovy:83)
	at com.kms.katalon.core.webui.keyword.builtin.VerifyTextPresentKeyword.execute(VerifyTextPresentKeyword.groovy:68)
	at com.kms.katalon.core.keyword.internal.KeywordExecutor.executeKeywordForPlatform(KeywordExecutor.groovy:72)
	at com.kms.katalon.core.webui.keyword.WebUiBuiltInKeywords.verifyTextPresent(WebUiBuiltInKeywords.groovy:1719)
	at com.kms.katalon.core.webui.keyword.WebUiBuiltInKeywords$verifyTextPresent$2.call(Unknown Source)
	at Members_Activity_Participants.run(Members_Activity_Participants:49)
	at com.kms.katalon.core.main.ScriptEngine.run(ScriptEngine.java:194)
	at com.kms.katalon.core.main.ScriptEngine.runScriptAsRawText(ScriptEngine.java:119)
	at com.kms.katalon.core.main.TestCaseExecutor.runScript(TestCaseExecutor.java:337)
	at com.kms.katalon.core.main.TestCaseExecutor.doExecute(TestCaseExecutor.java:328)
	at com.kms.katalon.core.main.TestCaseExecutor.processExecutionPhase(TestCaseExecutor.java:307)
	at com.kms.katalon.core.main.TestCaseExecutor.accessMainPhase(TestCaseExecutor.java:299)
	at com.kms.katalon.core.main.TestCaseExecutor.execute(TestCaseExecutor.java:233)
	at com.kms.katalon.core.main.TestCaseMain.runTestCase(TestCaseMain.java:114)
	at com.kms.katalon.core.keyword.builtin.CallTestCaseKeyword$_callTestCase_closure1.doCall(CallTestCaseKeyword.groovy:59)
	at com.kms.katalon.core.keyword.builtin.CallTestCaseKeyword$_callTestCase_closure1.call(CallTestCaseKeyword.groovy)
	at com.kms.katalon.core.keyword.internal.KeywordMain.runKeyword(KeywordMain.groovy:68)
	at com.kms.katalon.core.keyword.builtin.CallTestCaseKeyword.callTestCase(CallTestCaseKeyword.groovy:81)
	at com.kms.katalon.core.keyword.builtin.CallTestCaseKeyword.execute(CallTestCaseKeyword.groovy:44)
	at com.kms.katalon.core.keyword.internal.KeywordExecutor.executeKeywordForPlatform(KeywordExecutor.groovy:72)
	at com.kms.katalon.core.keyword.BuiltinKeywords.callTestCase(BuiltinKeywords.groovy:334)
	at Members_Activity_Participants.run(Members_Activity_Participants:64)
	at com.kms.katalon.core.main.ScriptEngine.run(ScriptEngine.java:194)
	at com.kms.katalon.core.main.ScriptEngine.runScriptAsRawText(ScriptEngine.java:119)
	at com.kms.katalon.core.main.TestCaseExecutor.runScript(TestCaseExecutor.java:337)
	at com.kms.katalon.core.main.TestCaseExecutor.doExecute(TestCaseExecutor.java:328)
	at com.kms.katalon.core.main.TestCaseExecutor.processExecutionPhase(TestCaseExecutor.java:307)
	at com.kms.katalon.core.main.TestCaseExecutor.accessMainPhase(TestCaseExecutor.java:299)
	at com.kms.katalon.core.main.TestCaseExecutor.execute(TestCaseExecutor.java:233)
	at com.kms.katalon.core.main.TestSuiteExecutor.accessTestCaseMainPhase(TestSuiteExecutor.java:169)
	at com.kms.katalon.core.main.TestSuiteExecutor.accessTestSuiteMainPhase(TestSuiteExecutor.java:142)
	at com.kms.katalon.core.main.TestSuiteExecutor.execute(TestSuiteExecutor.java:91)
	at com.kms.katalon.core.main.TestCaseMain.startTestSuite(TestCaseMain.java:157)
	at com.kms.katalon.core.main.TestCaseMain$startTestSuite$0.call(Unknown Source)
	at TempTestSuite1587652831601.run(TempTestSuite1587652831601.groovy:37)
)
	at com.kms.katalon.core.keyword.internal.KeywordMain.stepFailed(KeywordMain.groovy:39)
	at com.kms.katalon.core.webui.keyword.internal.WebUIKeywordMain.stepFailed(WebUIKeywordMain.groovy:64)
	at com.kms.katalon.core.webui.keyword.builtin.VerifyTextPresentKeyword$_verifyTextPresent_closure1.doCall(VerifyTextPresentKeyword.groovy:79)
	at com.kms.katalon.core.webui.keyword.builtin.VerifyTextPresentKeyword$_verifyTextPresent_closure1.call(VerifyTextPresentKeyword.groovy)
	at com.kms.katalon.core.webui.keyword.internal.WebUIKeywordMain.runKeyword(WebUIKeywordMain.groovy:20)
	at com.kms.katalon.core.webui.keyword.builtin.VerifyTextPresentKeyword.verifyTextPresent(VerifyTextPresentKeyword.groovy:83)
	at com.kms.katalon.core.webui.keyword.builtin.VerifyTextPresentKeyword.execute(VerifyTextPresentKeyword.groovy:68)
	at com.kms.katalon.core.keyword.internal.KeywordExecutor.executeKeywordForPlatform(KeywordExecutor.groovy:72)
	at com.kms.katalon.core.webui.keyword.WebUiBuiltInKeywords.verifyTextPresent(WebUiBuiltInKeywords.groovy:1719)
	at com.kms.katalon.core.webui.keyword.WebUiBuiltInKeywords$verifyTextPresent$2.call(Unknown Source)
	at Members_Activity_Participants.run(Members_Activity_Participants:49)
	at com.kms.katalon.core.main.ScriptEngine.run(ScriptEngine.java:194)
	at com.kms.katalon.core.main.ScriptEngine.runScriptAsRawText(ScriptEngine.java:119)
	at com.kms.katalon.core.main.TestCaseExecutor.runScript(TestCaseExecutor.java:337)
	at com.kms.katalon.core.main.TestCaseExecutor.doExecute(TestCaseExecutor.java:328)
	at com.kms.katalon.core.main.TestCaseExecutor.processExecutionPhase(TestCaseExecutor.java:307)
	at com.kms.katalon.core.main.TestCaseExecutor.accessMainPhase(TestCaseExecutor.java:299)
	at com.kms.katalon.core.main.TestCaseExecutor.execute(TestCaseExecutor.java:233)
	at com.kms.katalon.core.main.TestCaseMain.runTestCase(TestCaseMain.java:114)
	at com.kms.katalon.core.keyword.builtin.CallTestCaseKeyword$_callTestCase_closure1.doCall(CallTestCaseKeyword.groovy:59)
	... 20 more
Caused by: com.kms.katalon.core.exception.StepFailedException: Text 'Good Morning!' is not present on page 
	... 39 more
)

2020-04-23 16:14:13 - [TEST_CASE][FAILED] - Test Cases/Reusable_Test_Sequences/Web_Office/Verification/Reports/Members_Activity_Participants: Test Cases/Reusable_Test_Sequences/Web_Office/Verification/Reports/Members_Activity_Participants FAILED.
Reason:
com.kms.katalon.core.exception.StepFailedException: Text 'Good Morning!' is not present on page  (Root cause: com.kms.katalon.core.exception.StepFailedException: Text 'Good Morning!' is not present on page 
	at com.kms.katalon.core.webui.keyword.internal.WebUIKeywordMain.stepFailed(WebUIKeywordMain.groovy:64)
	at com.kms.katalon.core.webui.keyword.builtin.VerifyTextPresentKeyword$_verifyTextPresent_closure1.doCall(VerifyTextPresentKeyword.groovy:79)
	at com.kms.katalon.core.webui.keyword.builtin.VerifyTextPresentKeyword$_verifyTextPresent_closure1.call(VerifyTextPresentKeyword.groovy)
	at com.kms.katalon.core.webui.keyword.internal.WebUIKeywordMain.runKeyword(WebUIKeywordMain.groovy:20)
	at com.kms.katalon.core.webui.keyword.builtin.VerifyTextPresentKeyword.verifyTextPresent(VerifyTextPresentKeyword.groovy:83)
	at com.kms.katalon.core.webui.keyword.builtin.VerifyTextPresentKeyword.execute(VerifyTextPresentKeyword.groovy:68)
	at com.kms.katalon.core.keyword.internal.KeywordExecutor.executeKeywordForPlatform(KeywordExecutor.groovy:72)
	at com.kms.katalon.core.webui.keyword.WebUiBuiltInKeywords.verifyTextPresent(WebUiBuiltInKeywords.groovy:1719)
	at com.kms.katalon.core.webui.keyword.WebUiBuiltInKeywords$verifyTextPresent$2.call(Unknown Source)
	at Members_Activity_Participants.run(Members_Activity_Participants:49)
	at com.kms.katalon.core.main.ScriptEngine.run(ScriptEngine.java:194)
	at com.kms.katalon.core.main.ScriptEngine.runScriptAsRawText(ScriptEngine.java:119)
	at com.kms.katalon.core.main.TestCaseExecutor.runScript(TestCaseExecutor.java:337)
	at com.kms.katalon.core.main.TestCaseExecutor.doExecute(TestCaseExecutor.java:328)
	at com.kms.katalon.core.main.TestCaseExecutor.processExecutionPhase(TestCaseExecutor.java:307)
	at com.kms.katalon.core.main.TestCaseExecutor.accessMainPhase(TestCaseExecutor.java:299)
	at com.kms.katalon.core.main.TestCaseExecutor.execute(TestCaseExecutor.java:233)
	at com.kms.katalon.core.main.TestCaseMain.runTestCase(TestCaseMain.java:114)
	at com.kms.katalon.core.keyword.builtin.CallTestCaseKeyword$_callTestCase_closure1.doCall(CallTestCaseKeyword.groovy:59)
	at com.kms.katalon.core.keyword.builtin.CallTestCaseKeyword$_callTestCase_closure1.call(CallTestCaseKeyword.groovy)
	at com.kms.katalon.core.keyword.internal.KeywordMain.runKeyword(KeywordMain.groovy:68)
	at com.kms.katalon.core.keyword.builtin.CallTestCaseKeyword.callTestCase(CallTestCaseKeyword.groovy:81)
	at com.kms.katalon.core.keyword.builtin.CallTestCaseKeyword.execute(CallTestCaseKeyword.groovy:44)
	at com.kms.katalon.core.keyword.internal.KeywordExecutor.executeKeywordForPlatform(KeywordExecutor.groovy:72)
	at com.kms.katalon.core.keyword.BuiltinKeywords.callTestCase(BuiltinKeywords.groovy:334)
	at Members_Activity_Participants.run(Members_Activity_Participants:64)
	at com.kms.katalon.core.main.ScriptEngine.run(ScriptEngine.java:194)
	at com.kms.katalon.core.main.ScriptEngine.runScriptAsRawText(ScriptEngine.java:119)
	at com.kms.katalon.core.main.TestCaseExecutor.runScript(TestCaseExecutor.java:337)
	at com.kms.katalon.core.main.TestCaseExecutor.doExecute(TestCaseExecutor.java:328)
	at com.kms.katalon.core.main.TestCaseExecutor.processExecutionPhase(TestCaseExecutor.java:307)
	at com.kms.katalon.core.main.TestCaseExecutor.accessMainPhase(TestCaseExecutor.java:299)
	at com.kms.katalon.core.main.TestCaseExecutor.execute(TestCaseExecutor.java:233)
	at com.kms.katalon.core.main.TestSuiteExecutor.accessTestCaseMainPhase(TestSuiteExecutor.java:169)
	at com.kms.katalon.core.main.TestSuiteExecutor.accessTestSuiteMainPhase(TestSuiteExecutor.java:142)
	at com.kms.katalon.core.main.TestSuiteExecutor.execute(TestSuiteExecutor.java:91)
	at com.kms.katalon.core.main.TestCaseMain.startTestSuite(TestCaseMain.java:157)
	at com.kms.katalon.core.main.TestCaseMain$startTestSuite$0.call(Unknown Source)
	at TempTestSuite1587652831601.run(TempTestSuite1587652831601.groovy:37)
)
	at com.kms.katalon.core.keyword.internal.KeywordMain.stepFailed(KeywordMain.groovy:39)
	at com.kms.katalon.core.webui.keyword.internal.WebUIKeywordMain.stepFailed(WebUIKeywordMain.groovy:64)
	at com.kms.katalon.core.webui.keyword.builtin.VerifyTextPresentKeyword$_verifyTextPresent_closure1.doCall(VerifyTextPresentKeyword.groovy:79)
	at com.kms.katalon.core.webui.keyword.builtin.VerifyTextPresentKeyword$_verifyTextPresent_closure1.call(VerifyTextPresentKeyword.groovy)
	at com.kms.katalon.core.webui.keyword.internal.WebUIKeywordMain.runKeyword(WebUIKeywordMain.groovy:20)
	at com.kms.katalon.core.webui.keyword.builtin.VerifyTextPresentKeyword.verifyTextPresent(VerifyTextPresentKeyword.groovy:83)
	at com.kms.katalon.core.webui.keyword.builtin.VerifyTextPresentKeyword.execute(VerifyTextPresentKeyword.groovy:68)
	at com.kms.katalon.core.keyword.internal.KeywordExecutor.executeKeywordForPlatform(KeywordExecutor.groovy:72)
	at com.kms.katalon.core.webui.keyword.WebUiBuiltInKeywords.verifyTextPresent(WebUiBuiltInKeywords.groovy:1719)
	at com.kms.katalon.core.webui.keyword.WebUiBuiltInKeywords$verifyTextPresent$2.call(Unknown Source)
	at Members_Activity_Participants.run(Members_Activity_Participants:49)
	at com.kms.katalon.core.main.ScriptEngine.run(ScriptEngine.java:194)
	at com.kms.katalon.core.main.ScriptEngine.runScriptAsRawText(ScriptEngine.java:119)
	at com.kms.katalon.core.main.TestCaseExecutor.runScript(TestCaseExecutor.java:337)
	at com.kms.katalon.core.main.TestCaseExecutor.doExecute(TestCaseExecutor.java:328)
	at com.kms.katalon.core.main.TestCaseExecutor.processExecutionPhase(TestCaseExecutor.java:307)
	at com.kms.katalon.core.main.TestCaseExecutor.accessMainPhase(TestCaseExecutor.java:299)
	at com.kms.katalon.core.main.TestCaseExecutor.execute(TestCaseExecutor.java:233)
	at com.kms.katalon.core.main.TestCaseMain.runTestCase(TestCaseMain.java:114)
	at com.kms.katalon.core.keyword.builtin.CallTestCaseKeyword$_callTestCase_closure1.doCall(CallTestCaseKeyword.groovy:59)
	at com.kms.katalon.core.keyword.builtin.CallTestCaseKeyword$_callTestCase_closure1.call(CallTestCaseKeyword.groovy)
	at com.kms.katalon.core.keyword.internal.KeywordMain.runKeyword(KeywordMain.groovy:68)
	at com.kms.katalon.core.keyword.builtin.CallTestCaseKeyword.callTestCase(CallTestCaseKeyword.groovy:81)
	at com.kms.katalon.core.keyword.builtin.CallTestCaseKeyword.execute(CallTestCaseKeyword.groovy:44)
	at com.kms.katalon.core.keyword.internal.KeywordExecutor.executeKeywordForPlatform(KeywordExecutor.groovy:72)
	at com.kms.katalon.core.keyword.BuiltinKeywords.callTestCase(BuiltinKeywords.groovy:334)
	at Members_Activity_Participants.run(Members_Activity_Participants:64)
	at com.kms.katalon.core.main.ScriptEngine.run(ScriptEngine.java:194)
	at com.kms.katalon.core.main.ScriptEngine.runScriptAsRawText(ScriptEngine.java:119)
	at com.kms.katalon.core.main.TestCaseExecutor.runScript(TestCaseExecutor.java:337)
	at com.kms.katalon.core.main.TestCaseExecutor.doExecute(TestCaseExecutor.java:328)
	at com.kms.katalon.core.main.TestCaseExecutor.processExecutionPhase(TestCaseExecutor.java:307)
	at com.kms.katalon.core.main.TestCaseExecutor.accessMainPhase(TestCaseExecutor.java:299)
	at com.kms.katalon.core.main.TestCaseExecutor.execute(TestCaseExecutor.java:233)
	at com.kms.katalon.core.main.TestSuiteExecutor.accessTestCaseMainPhase(TestSuiteExecutor.java:169)
	at com.kms.katalon.core.main.TestSuiteExecutor.accessTestSuiteMainPhase(TestSuiteExecutor.java:142)
	at com.kms.katalon.core.main.TestSuiteExecutor.execute(TestSuiteExecutor.java:91)
	at com.kms.katalon.core.main.TestCaseMain.startTestSuite(TestCaseMain.java:157)
	at com.kms.katalon.core.main.TestCaseMain$startTestSuite$0.call(Unknown Source)
	at TempTestSuite1587652831601.run(TempTestSuite1587652831601.groovy:37)
Caused by: com.kms.katalon.core.exception.StepFailedException: Text 'Good Morning!' is not present on page 
	... 39 more


2020-04-23 16:14:13 - [TEST_STEP][PASSED] - waitForPageLoad(120): Wait for page load successfully

2020-04-23 16:14:13 - [MESSAGE][PASSED] - Wait for page load successfully

2020-04-23 16:14:13 - [TEST_STEP][PASSED] - delay(1): Delayed 1 second(s)

2020-04-23 16:14:14 - [MESSAGE][PASSED] - Delayed 1 second(s)

2020-04-23 16:14:14 - [TEST_STEP][FAILED] - verifyTextPresent("Good Morning!", false): Text 'Good Morning!' is not present on page  (Root cause: com.kms.katalon.core.exception.StepFailedException: Text 'Good Morning!' is not present on page 
	at com.kms.katalon.core.webui.keyword.internal.WebUIKeywordMain.stepFailed(WebUIKeywordMain.groovy:64)
	at com.kms.katalon.core.webui.keyword.builtin.VerifyTextPresentKeyword$_verifyTextPresent_closure1.doCall(VerifyTextPresentKeyword.groovy:79)
	at com.kms.katalon.core.webui.keyword.builtin.VerifyTextPresentKeyword$_verifyTextPresent_closure1.call(VerifyTextPresentKeyword.groovy)
	at com.kms.katalon.core.webui.keyword.internal.WebUIKeywordMain.runKeyword(WebUIKeywordMain.groovy:20)
	at com.kms.katalon.core.webui.keyword.builtin.VerifyTextPresentKeyword.verifyTextPresent(VerifyTextPresentKeyword.groovy:83)
	at com.kms.katalon.core.webui.keyword.builtin.VerifyTextPresentKeyword.execute(VerifyTextPresentKeyword.groovy:68)
	at com.kms.katalon.core.keyword.internal.KeywordExecutor.executeKeywordForPlatform(KeywordExecutor.groovy:72)
	at com.kms.katalon.core.webui.keyword.WebUiBuiltInKeywords.verifyTextPresent(WebUiBuiltInKeywords.groovy:1719)
	at com.kms.katalon.core.webui.keyword.WebUiBuiltInKeywords$verifyTextPresent$2.call(Unknown Source)
	at Members_Activity_Participants.run(Members_Activity_Participants:49)
	at com.kms.katalon.core.main.ScriptEngine.run(ScriptEngine.java:194)
	at com.kms.katalon.core.main.ScriptEngine.runScriptAsRawText(ScriptEngine.java:119)
	at com.kms.katalon.core.main.TestCaseExecutor.runScript(TestCaseExecutor.java:337)
	at com.kms.katalon.core.main.TestCaseExecutor.doExecute(TestCaseExecutor.java:328)
	at com.kms.katalon.core.main.TestCaseExecutor.processExecutionPhase(TestCaseExecutor.java:307)
	at com.kms.katalon.core.main.TestCaseExecutor.accessMainPhase(TestCaseExecutor.java:299)
	at com.kms.katalon.core.main.TestCaseExecutor.execute(TestCaseExecutor.java:233)
	at com.kms.katalon.core.main.TestCaseMain.runTestCase(TestCaseMain.java:114)
	at com.kms.katalon.core.keyword.builtin.CallTestCaseKeyword$_callTestCase_closure1.doCall(CallTestCaseKeyword.groovy:59)
	at com.kms.katalon.core.keyword.builtin.CallTestCaseKeyword$_callTestCase_closure1.call(CallTestCaseKeyword.groovy)
	at com.kms.katalon.core.keyword.internal.KeywordMain.runKeyword(KeywordMain.groovy:68)
	at com.kms.katalon.core.keyword.builtin.CallTestCaseKeyword.callTestCase(CallTestCaseKeyword.groovy:81)
	at com.kms.katalon.core.keyword.builtin.CallTestCaseKeyword.execute(CallTestCaseKeyword.groovy:44)
	at com.kms.katalon.core.keyword.internal.KeywordExecutor.executeKeywordForPlatform(KeywordExecutor.groovy:72)
	at com.kms.katalon.core.keyword.BuiltinKeywords.callTestCase(BuiltinKeywords.groovy:334)
	at Members_Activity_Participants.run(Members_Activity_Participants:64)
	at com.kms.katalon.core.main.ScriptEngine.run(ScriptEngine.java:194)
	at com.kms.katalon.core.main.ScriptEngine.runScriptAsRawText(ScriptEngine.java:119)
	at com.kms.katalon.core.main.TestCaseExecutor.runScript(TestCaseExecutor.java:337)
	at com.kms.katalon.core.main.TestCaseExecutor.doExecute(TestCaseExecutor.java:328)
	at com.kms.katalon.core.main.TestCaseExecutor.processExecutionPhase(TestCaseExecutor.java:307)
	at com.kms.katalon.core.main.TestCaseExecutor.accessMainPhase(TestCaseExecutor.java:299)
	at com.kms.katalon.core.main.TestCaseExecutor.execute(TestCaseExecutor.java:233)
	at com.kms.katalon.core.main.TestSuiteExecutor.accessTestCaseMainPhase(TestSuiteExecutor.java:169)
	at com.kms.katalon.core.main.TestSuiteExecutor.accessTestSuiteMainPhase(TestSuiteExecutor.java:142)
	at com.kms.katalon.core.main.TestSuiteExecutor.execute(TestSuiteExecutor.java:91)
	at com.kms.katalon.core.main.TestCaseMain.startTestSuite(TestCaseMain.java:157)
	at com.kms.katalon.core.main.TestCaseMain$startTestSuite$0.call(Unknown Source)
	at TempTestSuite1587652831601.run(TempTestSuite1587652831601.groovy:37)
)

2020-04-23 16:14:15 - [MESSAGE][FAILED] - Text 'Good Morning!' is not present on page  (Root cause: com.kms.katalon.core.exception.StepFailedException: Text 'Good Morning!' is not present on page 
	at com.kms.katalon.core.webui.keyword.internal.WebUIKeywordMain.stepFailed(WebUIKeywordMain.groovy:64)
	at com.kms.katalon.core.webui.keyword.builtin.VerifyTextPresentKeyword$_verifyTextPresent_closure1.doCall(VerifyTextPresentKeyword.groovy:79)
	at com.kms.katalon.core.webui.keyword.builtin.VerifyTextPresentKeyword$_verifyTextPresent_closure1.call(VerifyTextPresentKeyword.groovy)
	at com.kms.katalon.core.webui.keyword.internal.WebUIKeywordMain.runKeyword(WebUIKeywordMain.groovy:20)
	at com.kms.katalon.core.webui.keyword.builtin.VerifyTextPresentKeyword.verifyTextPresent(VerifyTextPresentKeyword.groovy:83)
	at com.kms.katalon.core.webui.keyword.builtin.VerifyTextPresentKeyword.execute(VerifyTextPresentKeyword.groovy:68)
	at com.kms.katalon.core.keyword.internal.KeywordExecutor.executeKeywordForPlatform(KeywordExecutor.groovy:72)
	at com.kms.katalon.core.webui.keyword.WebUiBuiltInKeywords.verifyTextPresent(WebUiBuiltInKeywords.groovy:1719)
	at com.kms.katalon.core.webui.keyword.WebUiBuiltInKeywords$verifyTextPresent$2.call(Unknown Source)
	at Members_Activity_Participants.run(Members_Activity_Participants:49)
	at com.kms.katalon.core.main.ScriptEngine.run(ScriptEngine.java:194)
	at com.kms.katalon.core.main.ScriptEngine.runScriptAsRawText(ScriptEngine.java:119)
	at com.kms.katalon.core.main.TestCaseExecutor.runScript(TestCaseExecutor.java:337)
	at com.kms.katalon.core.main.TestCaseExecutor.doExecute(TestCaseExecutor.java:328)
	at com.kms.katalon.core.main.TestCaseExecutor.processExecutionPhase(TestCaseExecutor.java:307)
	at com.kms.katalon.core.main.TestCaseExecutor.accessMainPhase(TestCaseExecutor.java:299)
	at com.kms.katalon.core.main.TestCaseExecutor.execute(TestCaseExecutor.java:233)
	at com.kms.katalon.core.main.TestCaseMain.runTestCase(TestCaseMain.java:114)
	at com.kms.katalon.core.keyword.builtin.CallTestCaseKeyword$_callTestCase_closure1.doCall(CallTestCaseKeyword.groovy:59)
	at com.kms.katalon.core.keyword.builtin.CallTestCaseKeyword$_callTestCase_closure1.call(CallTestCaseKeyword.groovy)
	at com.kms.katalon.core.keyword.internal.KeywordMain.runKeyword(KeywordMain.groovy:68)
	at com.kms.katalon.core.keyword.builtin.CallTestCaseKeyword.callTestCase(CallTestCaseKeyword.groovy:81)
	at com.kms.katalon.core.keyword.builtin.CallTestCaseKeyword.execute(CallTestCaseKeyword.groovy:44)
	at com.kms.katalon.core.keyword.internal.KeywordExecutor.executeKeywordForPlatform(KeywordExecutor.groovy:72)
	at com.kms.katalon.core.keyword.BuiltinKeywords.callTestCase(BuiltinKeywords.groovy:334)
	at Members_Activity_Participants.run(Members_Activity_Participants:64)
	at com.kms.katalon.core.main.ScriptEngine.run(ScriptEngine.java:194)
	at com.kms.katalon.core.main.ScriptEngine.runScriptAsRawText(ScriptEngine.java:119)
	at com.kms.katalon.core.main.TestCaseExecutor.runScript(TestCaseExecutor.java:337)
	at com.kms.katalon.core.main.TestCaseExecutor.doExecute(TestCaseExecutor.java:328)
	at com.kms.katalon.core.main.TestCaseExecutor.processExecutionPhase(TestCaseExecutor.java:307)
	at com.kms.katalon.core.main.TestCaseExecutor.accessMainPhase(TestCaseExecutor.java:299)
	at com.kms.katalon.core.main.TestCaseExecutor.execute(TestCaseExecutor.java:233)
	at com.kms.katalon.core.main.TestSuiteExecutor.accessTestCaseMainPhase(TestSuiteExecutor.java:169)
	at com.kms.katalon.core.main.TestSuiteExecutor.accessTestSuiteMainPhase(TestSuiteExecutor.java:142)
	at com.kms.katalon.core.main.TestSuiteExecutor.execute(TestSuiteExecutor.java:91)
	at com.kms.katalon.core.main.TestCaseMain.startTestSuite(TestCaseMain.java:157)
	at com.kms.katalon.core.main.TestCaseMain$startTestSuite$0.call(Unknown Source)
	at TempTestSuite1587652831601.run(TempTestSuite1587652831601.groovy:37)
)

2020-04-23 16:14:15 - [TEST_STEP][PASSED] - "----------------------------------------------": null

2020-04-23 16:14:15 - [TEST_STEP][PASSED] - verifyTextPresent("Things to review:", false): Text 'Things to review:' is present on page 

2020-04-23 16:14:15 - [MESSAGE][PASSED] - Text 'Things to review:' is present on page 

2020-04-23 16:14:15 - [TEST_STEP][PASSED] - verifyTextPresent("Feedback to review", false): Text 'Feedback to review' is present on page 

2020-04-23 16:14:15 - [MESSAGE][PASSED] - Text 'Feedback to review' is present on page 

2020-04-23 16:14:15 - [TEST_STEP][PASSED] - "----------------------------------------------": null

2020-04-23 16:14:15 - [TEST_STEP][PASSED] - verifyTextPresent("Recent members photos:", false): Text 'Recent members photos:' is present on page 

2020-04-23 16:14:15 - [MESSAGE][PASSED] - Text 'Recent members photos:' is present on page 

2020-04-23 16:14:15 - [TEST_STEP][PASSED] - verifyTextPresent("Members area forum activity:", false): Text 'Members area forum activity:' is present on page 

2020-04-23 16:14:15 - [MESSAGE][PASSED] - Text 'Members area forum activity:' is present on page 

2020-04-23 16:14:15 - [TEST_STEP][PASSED] - verifyTextPresent("Members joining", false): Text 'Members joining' is present on page 

2020-04-23 16:14:16 - [MESSAGE][PASSED] - Text 'Members joining' is present on page 

2020-04-23 16:14:16 - [TEST_STEP][PASSED] - verifyTextPresent("and leaving", false): Text 'and leaving' is present on page 

2020-04-23 16:14:16 - [MESSAGE][PASSED] - Text 'and leaving' is present on page 

2020-04-23 16:14:16 - [MESSAGE][WARNING] - Unable to call Test Case 'Test Cases/Reusable_Test_Sequences/Web_Office/Verification/Reports/Members_Activity_Participants' (Root cause: com.kms.katalon.core.exception.StepFailedException: Call Test Case 'Test Cases/Reusable_Test_Sequences/Web_Office/Verification/Reports/Members_Activity_Participants' failed
	at com.kms.katalon.core.keyword.builtin.CallTestCaseKeyword$_callTestCase_closure1.doCall(CallTestCaseKeyword.groovy:63)
	at com.kms.katalon.core.keyword.builtin.CallTestCaseKeyword$_callTestCase_closure1.call(CallTestCaseKeyword.groovy)
	at com.kms.katalon.core.keyword.internal.KeywordMain.runKeyword(KeywordMain.groovy:68)
	at com.kms.katalon.core.keyword.builtin.CallTestCaseKeyword.callTestCase(CallTestCaseKeyword.groovy:81)
	at com.kms.katalon.core.keyword.builtin.CallTestCaseKeyword.execute(CallTestCaseKeyword.groovy:44)
	at com.kms.katalon.core.keyword.internal.KeywordExecutor.executeKeywordForPlatform(KeywordExecutor.groovy:72)
	at com.kms.katalon.core.keyword.BuiltinKeywords.callTestCase(BuiltinKeywords.groovy:334)
	at Members_Activity_Participants.run(Members_Activity_Participants:64)
	at com.kms.katalon.core.main.ScriptEngine.run(ScriptEngine.java:194)
	at com.kms.katalon.core.main.ScriptEngine.runScriptAsRawText(ScriptEngine.java:119)
	at com.kms.katalon.core.main.TestCaseExecutor.runScript(TestCaseExecutor.java:337)
	at com.kms.katalon.core.main.TestCaseExecutor.doExecute(TestCaseExecutor.java:328)
	at com.kms.katalon.core.main.TestCaseExecutor.processExecutionPhase(TestCaseExecutor.java:307)
	at com.kms.katalon.core.main.TestCaseExecutor.accessMainPhase(TestCaseExecutor.java:299)
	at com.kms.katalon.core.main.TestCaseExecutor.execute(TestCaseExecutor.java:233)
	at com.kms.katalon.core.main.TestSuiteExecutor.accessTestCaseMainPhase(TestSuiteExecutor.java:169)
	at com.kms.katalon.core.main.TestSuiteExecutor.accessTestSuiteMainPhase(TestSuiteExecutor.java:142)
	at com.kms.katalon.core.main.TestSuiteExecutor.execute(TestSuiteExecutor.java:91)
	at com.kms.katalon.core.main.TestCaseMain.startTestSuite(TestCaseMain.java:157)
	at com.kms.katalon.core.main.TestCaseMain$startTestSuite$0.call(Unknown Source)
	at TempTestSuite1587652831601.run(TempTestSuite1587652831601.groovy:37)
Caused by: com.kms.katalon.core.exception.StepFailedException: Text 'Good Morning!' is not present on page  (Root cause: com.kms.katalon.core.exception.StepFailedException: Text 'Good Morning!' is not present on page 
	at com.kms.katalon.core.webui.keyword.internal.WebUIKeywordMain.stepFailed(WebUIKeywordMain.groovy:64)
	at com.kms.katalon.core.webui.keyword.builtin.VerifyTextPresentKeyword$_verifyTextPresent_closure1.doCall(VerifyTextPresentKeyword.groovy:79)
	at com.kms.katalon.core.webui.keyword.builtin.VerifyTextPresentKeyword$_verifyTextPresent_closure1.call(VerifyTextPresentKeyword.groovy)
	at com.kms.katalon.core.webui.keyword.internal.WebUIKeywordMain.runKeyword(WebUIKeywordMain.groovy:20)
	at com.kms.katalon.core.webui.keyword.builtin.VerifyTextPresentKeyword.verifyTextPresent(VerifyTextPresentKeyword.groovy:83)
	at com.kms.katalon.core.webui.keyword.builtin.VerifyTextPresentKeyword.execute(VerifyTextPresentKeyword.groovy:68)
	at com.kms.katalon.core.keyword.internal.KeywordExecutor.executeKeywordForPlatform(KeywordExecutor.groovy:72)
	at com.kms.katalon.core.webui.keyword.WebUiBuiltInKeywords.verifyTextPresent(WebUiBuiltInKeywords.groovy:1719)
	at com.kms.katalon.core.webui.keyword.WebUiBuiltInKeywords$verifyTextPresent$2.call(Unknown Source)
	at Members_Activity_Participants.run(Members_Activity_Participants:49)
	at com.kms.katalon.core.main.ScriptEngine.run(ScriptEngine.java:194)
	at com.kms.katalon.core.main.ScriptEngine.runScriptAsRawText(ScriptEngine.java:119)
	at com.kms.katalon.core.main.TestCaseExecutor.runScript(TestCaseExecutor.java:337)
	at com.kms.katalon.core.main.TestCaseExecutor.doExecute(TestCaseExecutor.java:328)
	at com.kms.katalon.core.main.TestCaseExecutor.processExecutionPhase(TestCaseExecutor.java:307)
	at com.kms.katalon.core.main.TestCaseExecutor.accessMainPhase(TestCaseExecutor.java:299)
	at com.kms.katalon.core.main.TestCaseExecutor.execute(TestCaseExecutor.java:233)
	at com.kms.katalon.core.main.TestCaseMain.runTestCase(TestCaseMain.java:114)
	at com.kms.katalon.core.keyword.builtin.CallTestCaseKeyword$_callTestCase_closure1.doCall(CallTestCaseKeyword.groovy:59)
	at com.kms.katalon.core.keyword.builtin.CallTestCaseKeyword$_callTestCase_closure1.call(CallTestCaseKeyword.groovy)
	at com.kms.katalon.core.keyword.internal.KeywordMain.runKeyword(KeywordMain.groovy:68)
	at com.kms.katalon.core.keyword.builtin.CallTestCaseKeyword.callTestCase(CallTestCaseKeyword.groovy:81)
	at com.kms.katalon.core.keyword.builtin.CallTestCaseKeyword.execute(CallTestCaseKeyword.groovy:44)
	at com.kms.katalon.core.keyword.internal.KeywordExecutor.executeKeywordForPlatform(KeywordExecutor.groovy:72)
	at com.kms.katalon.core.keyword.BuiltinKeywords.callTestCase(BuiltinKeywords.groovy:334)
	at Members_Activity_Participants.run(Members_Activity_Participants:64)
	at com.kms.katalon.core.main.ScriptEngine.run(ScriptEngine.java:194)
	at com.kms.katalon.core.main.ScriptEngine.runScriptAsRawText(ScriptEngine.java:119)
	at com.kms.katalon.core.main.TestCaseExecutor.runScript(TestCaseExecutor.java:337)
	at com.kms.katalon.core.main.TestCaseExecutor.doExecute(TestCaseExecutor.java:328)
	at com.kms.katalon.core.main.TestCaseExecutor.processExecutionPhase(TestCaseExecutor.java:307)
	at com.kms.katalon.core.main.TestCaseExecutor.accessMainPhase(TestCaseExecutor.java:299)
	at com.kms.katalon.core.main.TestCaseExecutor.execute(TestCaseExecutor.java:233)
	at com.kms.katalon.core.main.TestSuiteExecutor.accessTestCaseMainPhase(TestSuiteExecutor.java:169)
	at com.kms.katalon.core.main.TestSuiteExecutor.accessTestSuiteMainPhase(TestSuiteExecutor.java:142)
	at com.kms.katalon.core.main.TestSuiteExecutor.execute(TestSuiteExecutor.java:91)
	at com.kms.katalon.core.main.TestCaseMain.startTestSuite(TestCaseMain.java:157)
	at com.kms.katalon.core.main.TestCaseMain$startTestSuite$0.call(Unknown Source)
	at TempTestSuite1587652831601.run(TempTestSuite1587652831601.groovy:37)
)
	at com.kms.katalon.core.keyword.internal.KeywordMain.stepFailed(KeywordMain.groovy:39)
	at com.kms.katalon.core.webui.keyword.internal.WebUIKeywordMain.stepFailed(WebUIKeywordMain.groovy:64)
	at com.kms.katalon.core.webui.keyword.builtin.VerifyTextPresentKeyword$_verifyTextPresent_closure1.doCall(VerifyTextPresentKeyword.groovy:79)
	at com.kms.katalon.core.webui.keyword.builtin.VerifyTextPresentKeyword$_verifyTextPresent_closure1.call(VerifyTextPresentKeyword.groovy)
	at com.kms.katalon.core.webui.keyword.internal.WebUIKeywordMain.runKeyword(WebUIKeywordMain.groovy:20)
	at com.kms.katalon.core.webui.keyword.builtin.VerifyTextPresentKeyword.verifyTextPresent(VerifyTextPresentKeyword.groovy:83)
	at com.kms.katalon.core.webui.keyword.builtin.VerifyTextPresentKeyword.execute(VerifyTextPresentKeyword.groovy:68)
	at com.kms.katalon.core.keyword.internal.KeywordExecutor.executeKeywordForPlatform(KeywordExecutor.groovy:72)
	at com.kms.katalon.core.webui.keyword.WebUiBuiltInKeywords.verifyTextPresent(WebUiBuiltInKeywords.groovy:1719)
	at com.kms.katalon.core.webui.keyword.WebUiBuiltInKeywords$verifyTextPresent$2.call(Unknown Source)
	at Members_Activity_Participants.run(Members_Activity_Participants:49)
	at com.kms.katalon.core.main.ScriptEngine.run(ScriptEngine.java:194)
	at com.kms.katalon.core.main.ScriptEngine.runScriptAsRawText(ScriptEngine.java:119)
	at com.kms.katalon.core.main.TestCaseExecutor.runScript(TestCaseExecutor.java:337)
	at com.kms.katalon.core.main.TestCaseExecutor.doExecute(TestCaseExecutor.java:328)
	at com.kms.katalon.core.main.TestCaseExecutor.processExecutionPhase(TestCaseExecutor.java:307)
	at com.kms.katalon.core.main.TestCaseExecutor.accessMainPhase(TestCaseExecutor.java:299)
	at com.kms.katalon.core.main.TestCaseExecutor.execute(TestCaseExecutor.java:233)
	at com.kms.katalon.core.main.TestCaseMain.runTestCase(TestCaseMain.java:114)
	at com.kms.katalon.core.keyword.builtin.CallTestCaseKeyword$_callTestCase_closure1.doCall(CallTestCaseKeyword.groovy:59)
	... 20 more
Caused by: com.kms.katalon.core.exception.StepFailedException: Text 'Good Morning!' is not present on page 
	... 39 more
)

2020-04-23 16:14:16 - [TEST_STEP][PASSED] - "--------------------------": null

2020-04-23 16:14:16 - [TEST_STEP][PASSED] - " Teardown - CLose Browser |": null

2020-04-23 16:14:16 - [TEST_STEP][PASSED] - callTestCase(findTestCase("Reusable_Test_Sequences/CAT_Teardown"), [:], OPTIONAL): Call Test Case 'Test Cases/Reusable_Test_Sequences/CAT_Teardown' successfully

2020-04-23 16:14:16 - [TEST_CASE][PASSED] - Test Cases/Reusable_Test_Sequences/CAT_Teardown: Test Cases/Reusable_Test_Sequences/CAT_Teardown

2020-04-23 16:14:16 - [TEST_STEP][PASSED] - closeBrowser(): Browser is closed

2020-04-23 16:14:18 - [MESSAGE][PASSED] - Browser is closed

2020-04-23 16:14:18 - [TEST_STEP][PASSED] - super.finalize(): null

2020-04-23 16:14:18 - [TEST_STEP][PASSED] - System.gc(): null

2020-04-23 16:14:18 - [MESSAGE][PASSED] - Call Test Case 'Test Cases/Reusable_Test_Sequences/CAT_Teardown' successfully]]></system-out>
         <system-err><![CDATA[]]></system-err>
      </testcase>
      <testcase name="Test Cases/Web_Office/Reports/Members_Activity_Laggards" time="19.381" classname="Test Cases/Web_Office/Reports/Members_Activity_Laggards" status="PASSED">
         <system-out><![CDATA[2020-04-23 16:14:18 - [TEST_CASE][PASSED] - Test Cases/Web_Office/Reports/Members_Activity_Laggards: Test Cases/Web_Office/Reports/Members_Activity_Laggards

2020-04-23 16:14:19 - [TEST_STEP][PASSED] - "--------------------------------------": null

2020-04-23 16:14:19 - [TEST_STEP][PASSED] - " Web Office StartUp                  |": null

2020-04-23 16:14:19 - [TEST_STEP][PASSED] - callTestCase(findTestCase("Reusable_Test_Sequences/Web_Office/Directives/WebOffice_StartUp"), [:], STOP_ON_FAILURE): Call Test Case 'Test Cases/Reusable_Test_Sequences/Web_Office/Directives/WebOffice_StartUp' successfully

2020-04-23 16:14:19 - [TEST_CASE][PASSED] - Test Cases/Reusable_Test_Sequences/Web_Office/Directives/WebOffice_StartUp: Test Cases/Reusable_Test_Sequences/Web_Office/Directives/WebOffice_StartUp

2020-04-23 16:14:19 - [TEST_STEP][PASSED] - "-----------------------------------------------------------------------------": null

2020-04-23 16:14:19 - [TEST_STEP][PASSED] - if (URL == "https://www.dev.checkatrade.com/"): null

2020-04-23 16:14:19 - [TEST_STEP][PASSED] - "-----------------------------------------------------------------------------": null

2020-04-23 16:14:19 - [TEST_STEP][PASSED] - if (URL == "https://www.checkatrade.com/"): null

2020-04-23 16:14:19 - [TEST_STEP][PASSED] - "-----------------------------------------------------------------------------": null

2020-04-23 16:14:19 - [TEST_STEP][PASSED] - if (URL == "https://www.preview.checkatrade.com/"): null

2020-04-23 16:14:19 - [TEST_STEP][PASSED] - WebOfficeURL = "https://admin.preview.checkatrade.com/": null

2020-04-23 16:14:19 - [TEST_STEP][PASSED] - if (URL == "https://www.dev2.checkatrade.com/"): null

2020-04-23 16:14:19 - [TEST_STEP][PASSED] - "Set Function Area for "URL_Handler", URL Resolution": null

2020-04-23 16:14:19 - [TEST_STEP][PASSED] - "Do Some Magic with URL(s) See the comments within URL Handler ": null

2020-04-23 16:14:19 - [TEST_STEP][PASSED] - "------------------------------------------------": null

2020-04-23 16:14:19 - [TEST_STEP][PASSED] - "Moved Login Credentials to <Default> profile 22/01/2020": null

2020-04-23 16:14:19 - [TEST_STEP][PASSED] - "------------------------------------------------": null

2020-04-23 16:14:19 - [TEST_STEP][PASSED] - "WebOfficeURL - Set from the ENVIRONMENT PROFILE ": null

2020-04-23 16:14:19 - [TEST_STEP][PASSED] - "OPEN BROWSER": null

2020-04-23 16:14:19 - [TEST_STEP][PASSED] - "eg - https://admin.preview.checkatrade.com/  ": null

2020-04-23 16:14:19 - [TEST_STEP][PASSED] - openBrowser(WebOfficeURL): Browser is opened with url: 'https://admin.preview.checkatrade.com/'

2020-04-23 16:14:19 - [MESSAGE][INFO] - Starting 'Chrome' driver

2020-04-23 16:14:19 - [MESSAGE][INFO] - Action delay is set to 0 milliseconds

2020-04-23 16:14:24 - [MESSAGE][PASSED] - Browser is opened with url: 'https://admin.preview.checkatrade.com/'

2020-04-23 16:14:24 - [TEST_STEP][PASSED] - maximizeWindow(): Current window maximized

2020-04-23 16:14:26 - [MESSAGE][PASSED] - Current window maximized

2020-04-23 16:14:26 - [TEST_STEP][PASSED] - waitForElementClickable(findTestObject("Object Repository/WebOffice/Page_Checkatrade - Administration - Login/Login_Button"), 25): Object 'Object Repository/WebOffice/Page_Checkatrade - Administration - Login/Login_Button' is clickable

2020-04-23 16:14:26 - [MESSAGE][PASSED] - Object 'Object Repository/WebOffice/Page_Checkatrade - Administration - Login/Login_Button' is clickable

2020-04-23 16:14:26 - [TEST_STEP][PASSED] - verifyTextPresent("Checkatrade Web Office", false): Text 'Checkatrade Web Office' is present on page 

2020-04-23 16:14:27 - [MESSAGE][PASSED] - Text 'Checkatrade Web Office' is present on page 

2020-04-23 16:14:27 - [TEST_STEP][PASSED] - verifyTextPresent("Access for staff use only", false): Text 'Access for staff use only' is present on page 

2020-04-23 16:14:27 - [MESSAGE][PASSED] - Text 'Access for staff use only' is present on page 

2020-04-23 16:14:27 - [TEST_STEP][PASSED] - verifyTextPresent("Forgotten password?", false): Text 'Forgotten password?' is present on page 

2020-04-23 16:14:27 - [MESSAGE][PASSED] - Text 'Forgotten password?' is present on page 

2020-04-23 16:14:27 - [TEST_STEP][PASSED] - setText(findTestObject("Object Repository/WebOffice/Page_Checkatrade - Administration - Login/input_Username_LoginControlUserName"), wo_Username): Text 'DavidHo' is set on object 'Object Repository/WebOffice/Page_Checkatrade - Administration - Login/input_Username_LoginControlUserName'

2020-04-23 16:14:27 - [MESSAGE][PASSED] - Text 'DavidHo' is set on object 'Object Repository/WebOffice/Page_Checkatrade - Administration - Login/input_Username_LoginControlUserName'

2020-04-23 16:14:27 - [TEST_STEP][PASSED] - setText(findTestObject("Object Repository/WebOffice/Page_Checkatrade - Administration - Login/input_Password_LoginControlPassword"), wo_Password): Text 'Check123' is set on object 'Object Repository/WebOffice/Page_Checkatrade - Administration - Login/input_Password_LoginControlPassword'

2020-04-23 16:14:27 - [MESSAGE][PASSED] - Text 'Check123' is set on object 'Object Repository/WebOffice/Page_Checkatrade - Administration - Login/input_Password_LoginControlPassword'

2020-04-23 16:14:27 - [TEST_STEP][PASSED] - click(findTestObject("Object Repository/WebOffice/Page_Checkatrade - Administration - Login/Login_Button")): Object: 'Object Repository/WebOffice/Page_Checkatrade - Administration - Login/Login_Button' is clicked on

2020-04-23 16:14:28 - [MESSAGE][PASSED] - Object: 'Object Repository/WebOffice/Page_Checkatrade - Administration - Login/Login_Button' is clicked on

2020-04-23 16:14:28 - [TEST_STEP][PASSED] - waitForPageLoad(60): Wait for page load successfully

2020-04-23 16:14:28 - [MESSAGE][PASSED] - Wait for page load successfully

2020-04-23 16:14:28 - [TEST_STEP][PASSED] - verifyTextPresent("Welcome " + wo_Username, false): Text 'Welcome DavidHo' is present on page 

2020-04-23 16:14:29 - [MESSAGE][PASSED] - Text 'Welcome DavidHo' is present on page 

2020-04-23 16:14:29 - [MESSAGE][PASSED] - Call Test Case 'Test Cases/Reusable_Test_Sequences/Web_Office/Directives/WebOffice_StartUp' successfully

2020-04-23 16:14:29 - [TEST_STEP][PASSED] - "-----------------------------------------------------------------": null

2020-04-23 16:14:29 - [TEST_STEP][PASSED] - " Navigate to <Settings->Checkatrade.Com->Sub Item> Menu Item     |": null

2020-04-23 16:14:29 - [TEST_STEP][PASSED] - callTestCase(findTestCase("Reusable_Test_Sequences/Web_Office/Navigation/Sub_Menu_Navigation/Reports/Members_Activity_Laggards"), [:], STOP_ON_FAILURE): Call Test Case 'Test Cases/Reusable_Test_Sequences/Web_Office/Navigation/Sub_Menu_Navigation/Reports/Members_Activity_Laggards' successfully

2020-04-23 16:14:29 - [TEST_CASE][PASSED] - Test Cases/Reusable_Test_Sequences/Web_Office/Navigation/Sub_Menu_Navigation/Reports/Members_Activity_Laggards: Test Cases/Reusable_Test_Sequences/Web_Office/Navigation/Sub_Menu_Navigation/Reports/Members_Activity_Laggards

2020-04-23 16:14:29 - [TEST_STEP][PASSED] - "--------------------------------------": null

2020-04-23 16:14:29 - [TEST_STEP][PASSED] - " Navigate Top level menu Item         |": null

2020-04-23 16:14:29 - [TEST_STEP][PASSED] - waitForPageLoad(60): Wait for page load successfully

2020-04-23 16:14:29 - [MESSAGE][PASSED] - Wait for page load successfully

2020-04-23 16:14:29 - [TEST_STEP][PASSED] - waitForElementClickable(findTestObject("Object Repository/WebOffice_Home_page/a_Reports"), 60): Object 'Object Repository/WebOffice_Home_page/a_Reports' is clickable

2020-04-23 16:14:29 - [MESSAGE][PASSED] - Object 'Object Repository/WebOffice_Home_page/a_Reports' is clickable

2020-04-23 16:14:29 - [TEST_STEP][PASSED] - mouseOver(findTestObject("Object Repository/WebOffice_Home_page/a_Reports")): Object: 'Object Repository/WebOffice_Home_page/a_Reports' is hovered

2020-04-23 16:14:30 - [MESSAGE][PASSED] - Object: 'Object Repository/WebOffice_Home_page/a_Reports' is hovered

2020-04-23 16:14:30 - [TEST_STEP][PASSED] - click(findTestObject("Object Repository/WebOffice_Home_page/Page_/a_Members")): Object: 'Object Repository/WebOffice_Home_page/Page_/a_Members' is clicked on

2020-04-23 16:14:30 - [MESSAGE][PASSED] - Object: 'Object Repository/WebOffice_Home_page/Page_/a_Members' is clicked on

2020-04-23 16:14:30 - [TEST_STEP][PASSED] - click(findTestObject("Object Repository/WebOffice_Home_page/Page_/a_Members Area Activity")): Object: 'Object Repository/WebOffice_Home_page/Page_/a_Members Area Activity' is clicked on

2020-04-23 16:14:30 - [MESSAGE][PASSED] - Object: 'Object Repository/WebOffice_Home_page/Page_/a_Members Area Activity' is clicked on

2020-04-23 16:14:30 - [TEST_STEP][PASSED] - waitForPageLoad(5): Wait for page load successfully

2020-04-23 16:14:30 - [MESSAGE][PASSED] - Wait for page load successfully

2020-04-23 16:14:30 - [TEST_STEP][PASSED] - waitForElementClickable(findTestObject("Object Repository/WebOffice_Home_page/Page_/a_Laggards Report"), 5): Object 'Object Repository/WebOffice_Home_page/Page_/a_Laggards Report' is clickable

2020-04-23 16:14:30 - [MESSAGE][PASSED] - Object 'Object Repository/WebOffice_Home_page/Page_/a_Laggards Report' is clickable

2020-04-23 16:14:30 - [TEST_STEP][PASSED] - click(findTestObject("Object Repository/WebOffice_Home_page/Page_/a_Laggards Report")): Object: 'Object Repository/WebOffice_Home_page/Page_/a_Laggards Report' is clicked on

2020-04-23 16:14:32 - [MESSAGE][PASSED] - Object: 'Object Repository/WebOffice_Home_page/Page_/a_Laggards Report' is clicked on

2020-04-23 16:14:32 - [MESSAGE][PASSED] - Call Test Case 'Test Cases/Reusable_Test_Sequences/Web_Office/Navigation/Sub_Menu_Navigation/Reports/Members_Activity_Laggards' successfully

2020-04-23 16:14:32 - [TEST_STEP][PASSED] - "--------------------------------------": null

2020-04-23 16:14:32 - [TEST_STEP][PASSED] - " Verify Returned Page Detail          |": null

2020-04-23 16:14:32 - [TEST_STEP][PASSED] - callTestCase(findTestCase("Reusable_Test_Sequences/Web_Office/Verification/Reports/Members_Activity_Laggards"), [:], OPTIONAL): Unable to call Test Case 'Test Cases/Reusable_Test_Sequences/Web_Office/Verification/Reports/Members_Activity_Laggards' (Root cause: com.kms.katalon.core.exception.StepFailedException: Call Test Case 'Test Cases/Reusable_Test_Sequences/Web_Office/Verification/Reports/Members_Activity_Laggards' failed
	at com.kms.katalon.core.keyword.builtin.CallTestCaseKeyword$_callTestCase_closure1.doCall(CallTestCaseKeyword.groovy:63)
	at com.kms.katalon.core.keyword.builtin.CallTestCaseKeyword$_callTestCase_closure1.call(CallTestCaseKeyword.groovy)
	at com.kms.katalon.core.keyword.internal.KeywordMain.runKeyword(KeywordMain.groovy:68)
	at com.kms.katalon.core.keyword.builtin.CallTestCaseKeyword.callTestCase(CallTestCaseKeyword.groovy:81)
	at com.kms.katalon.core.keyword.builtin.CallTestCaseKeyword.execute(CallTestCaseKeyword.groovy:44)
	at com.kms.katalon.core.keyword.internal.KeywordExecutor.executeKeywordForPlatform(KeywordExecutor.groovy:72)
	at com.kms.katalon.core.keyword.BuiltinKeywords.callTestCase(BuiltinKeywords.groovy:334)
	at Members_Activity_Laggards.run(Members_Activity_Laggards:64)
	at com.kms.katalon.core.main.ScriptEngine.run(ScriptEngine.java:194)
	at com.kms.katalon.core.main.ScriptEngine.runScriptAsRawText(ScriptEngine.java:119)
	at com.kms.katalon.core.main.TestCaseExecutor.runScript(TestCaseExecutor.java:337)
	at com.kms.katalon.core.main.TestCaseExecutor.doExecute(TestCaseExecutor.java:328)
	at com.kms.katalon.core.main.TestCaseExecutor.processExecutionPhase(TestCaseExecutor.java:307)
	at com.kms.katalon.core.main.TestCaseExecutor.accessMainPhase(TestCaseExecutor.java:299)
	at com.kms.katalon.core.main.TestCaseExecutor.execute(TestCaseExecutor.java:233)
	at com.kms.katalon.core.main.TestSuiteExecutor.accessTestCaseMainPhase(TestSuiteExecutor.java:169)
	at com.kms.katalon.core.main.TestSuiteExecutor.accessTestSuiteMainPhase(TestSuiteExecutor.java:142)
	at com.kms.katalon.core.main.TestSuiteExecutor.execute(TestSuiteExecutor.java:91)
	at com.kms.katalon.core.main.TestCaseMain.startTestSuite(TestCaseMain.java:157)
	at com.kms.katalon.core.main.TestCaseMain$startTestSuite$0.call(Unknown Source)
	at TempTestSuite1587652831601.run(TempTestSuite1587652831601.groovy:37)
Caused by: com.kms.katalon.core.exception.StepFailedException: Text 'Good Morning!' is not present on page  (Root cause: com.kms.katalon.core.exception.StepFailedException: Text 'Good Morning!' is not present on page 
	at com.kms.katalon.core.webui.keyword.internal.WebUIKeywordMain.stepFailed(WebUIKeywordMain.groovy:64)
	at com.kms.katalon.core.webui.keyword.builtin.VerifyTextPresentKeyword$_verifyTextPresent_closure1.doCall(VerifyTextPresentKeyword.groovy:79)
	at com.kms.katalon.core.webui.keyword.builtin.VerifyTextPresentKeyword$_verifyTextPresent_closure1.call(VerifyTextPresentKeyword.groovy)
	at com.kms.katalon.core.webui.keyword.internal.WebUIKeywordMain.runKeyword(WebUIKeywordMain.groovy:20)
	at com.kms.katalon.core.webui.keyword.builtin.VerifyTextPresentKeyword.verifyTextPresent(VerifyTextPresentKeyword.groovy:83)
	at com.kms.katalon.core.webui.keyword.builtin.VerifyTextPresentKeyword.execute(VerifyTextPresentKeyword.groovy:68)
	at com.kms.katalon.core.keyword.internal.KeywordExecutor.executeKeywordForPlatform(KeywordExecutor.groovy:72)
	at com.kms.katalon.core.webui.keyword.WebUiBuiltInKeywords.verifyTextPresent(WebUiBuiltInKeywords.groovy:1719)
	at com.kms.katalon.core.webui.keyword.WebUiBuiltInKeywords$verifyTextPresent$2.call(Unknown Source)
	at Members_Activity_Laggards.run(Members_Activity_Laggards:49)
	at com.kms.katalon.core.main.ScriptEngine.run(ScriptEngine.java:194)
	at com.kms.katalon.core.main.ScriptEngine.runScriptAsRawText(ScriptEngine.java:119)
	at com.kms.katalon.core.main.TestCaseExecutor.runScript(TestCaseExecutor.java:337)
	at com.kms.katalon.core.main.TestCaseExecutor.doExecute(TestCaseExecutor.java:328)
	at com.kms.katalon.core.main.TestCaseExecutor.processExecutionPhase(TestCaseExecutor.java:307)
	at com.kms.katalon.core.main.TestCaseExecutor.accessMainPhase(TestCaseExecutor.java:299)
	at com.kms.katalon.core.main.TestCaseExecutor.execute(TestCaseExecutor.java:233)
	at com.kms.katalon.core.main.TestCaseMain.runTestCase(TestCaseMain.java:114)
	at com.kms.katalon.core.keyword.builtin.CallTestCaseKeyword$_callTestCase_closure1.doCall(CallTestCaseKeyword.groovy:59)
	at com.kms.katalon.core.keyword.builtin.CallTestCaseKeyword$_callTestCase_closure1.call(CallTestCaseKeyword.groovy)
	at com.kms.katalon.core.keyword.internal.KeywordMain.runKeyword(KeywordMain.groovy:68)
	at com.kms.katalon.core.keyword.builtin.CallTestCaseKeyword.callTestCase(CallTestCaseKeyword.groovy:81)
	at com.kms.katalon.core.keyword.builtin.CallTestCaseKeyword.execute(CallTestCaseKeyword.groovy:44)
	at com.kms.katalon.core.keyword.internal.KeywordExecutor.executeKeywordForPlatform(KeywordExecutor.groovy:72)
	at com.kms.katalon.core.keyword.BuiltinKeywords.callTestCase(BuiltinKeywords.groovy:334)
	at Members_Activity_Laggards.run(Members_Activity_Laggards:64)
	at com.kms.katalon.core.main.ScriptEngine.run(ScriptEngine.java:194)
	at com.kms.katalon.core.main.ScriptEngine.runScriptAsRawText(ScriptEngine.java:119)
	at com.kms.katalon.core.main.TestCaseExecutor.runScript(TestCaseExecutor.java:337)
	at com.kms.katalon.core.main.TestCaseExecutor.doExecute(TestCaseExecutor.java:328)
	at com.kms.katalon.core.main.TestCaseExecutor.processExecutionPhase(TestCaseExecutor.java:307)
	at com.kms.katalon.core.main.TestCaseExecutor.accessMainPhase(TestCaseExecutor.java:299)
	at com.kms.katalon.core.main.TestCaseExecutor.execute(TestCaseExecutor.java:233)
	at com.kms.katalon.core.main.TestSuiteExecutor.accessTestCaseMainPhase(TestSuiteExecutor.java:169)
	at com.kms.katalon.core.main.TestSuiteExecutor.accessTestSuiteMainPhase(TestSuiteExecutor.java:142)
	at com.kms.katalon.core.main.TestSuiteExecutor.execute(TestSuiteExecutor.java:91)
	at com.kms.katalon.core.main.TestCaseMain.startTestSuite(TestCaseMain.java:157)
	at com.kms.katalon.core.main.TestCaseMain$startTestSuite$0.call(Unknown Source)
	at TempTestSuite1587652831601.run(TempTestSuite1587652831601.groovy:37)
)
	at com.kms.katalon.core.keyword.internal.KeywordMain.stepFailed(KeywordMain.groovy:39)
	at com.kms.katalon.core.webui.keyword.internal.WebUIKeywordMain.stepFailed(WebUIKeywordMain.groovy:64)
	at com.kms.katalon.core.webui.keyword.builtin.VerifyTextPresentKeyword$_verifyTextPresent_closure1.doCall(VerifyTextPresentKeyword.groovy:79)
	at com.kms.katalon.core.webui.keyword.builtin.VerifyTextPresentKeyword$_verifyTextPresent_closure1.call(VerifyTextPresentKeyword.groovy)
	at com.kms.katalon.core.webui.keyword.internal.WebUIKeywordMain.runKeyword(WebUIKeywordMain.groovy:20)
	at com.kms.katalon.core.webui.keyword.builtin.VerifyTextPresentKeyword.verifyTextPresent(VerifyTextPresentKeyword.groovy:83)
	at com.kms.katalon.core.webui.keyword.builtin.VerifyTextPresentKeyword.execute(VerifyTextPresentKeyword.groovy:68)
	at com.kms.katalon.core.keyword.internal.KeywordExecutor.executeKeywordForPlatform(KeywordExecutor.groovy:72)
	at com.kms.katalon.core.webui.keyword.WebUiBuiltInKeywords.verifyTextPresent(WebUiBuiltInKeywords.groovy:1719)
	at com.kms.katalon.core.webui.keyword.WebUiBuiltInKeywords$verifyTextPresent$2.call(Unknown Source)
	at Members_Activity_Laggards.run(Members_Activity_Laggards:49)
	at com.kms.katalon.core.main.ScriptEngine.run(ScriptEngine.java:194)
	at com.kms.katalon.core.main.ScriptEngine.runScriptAsRawText(ScriptEngine.java:119)
	at com.kms.katalon.core.main.TestCaseExecutor.runScript(TestCaseExecutor.java:337)
	at com.kms.katalon.core.main.TestCaseExecutor.doExecute(TestCaseExecutor.java:328)
	at com.kms.katalon.core.main.TestCaseExecutor.processExecutionPhase(TestCaseExecutor.java:307)
	at com.kms.katalon.core.main.TestCaseExecutor.accessMainPhase(TestCaseExecutor.java:299)
	at com.kms.katalon.core.main.TestCaseExecutor.execute(TestCaseExecutor.java:233)
	at com.kms.katalon.core.main.TestCaseMain.runTestCase(TestCaseMain.java:114)
	at com.kms.katalon.core.keyword.builtin.CallTestCaseKeyword$_callTestCase_closure1.doCall(CallTestCaseKeyword.groovy:59)
	... 20 more
Caused by: com.kms.katalon.core.exception.StepFailedException: Text 'Good Morning!' is not present on page 
	... 39 more
)

2020-04-23 16:14:32 - [TEST_CASE][FAILED] - Test Cases/Reusable_Test_Sequences/Web_Office/Verification/Reports/Members_Activity_Laggards: Test Cases/Reusable_Test_Sequences/Web_Office/Verification/Reports/Members_Activity_Laggards FAILED.
Reason:
com.kms.katalon.core.exception.StepFailedException: Text 'Good Morning!' is not present on page  (Root cause: com.kms.katalon.core.exception.StepFailedException: Text 'Good Morning!' is not present on page 
	at com.kms.katalon.core.webui.keyword.internal.WebUIKeywordMain.stepFailed(WebUIKeywordMain.groovy:64)
	at com.kms.katalon.core.webui.keyword.builtin.VerifyTextPresentKeyword$_verifyTextPresent_closure1.doCall(VerifyTextPresentKeyword.groovy:79)
	at com.kms.katalon.core.webui.keyword.builtin.VerifyTextPresentKeyword$_verifyTextPresent_closure1.call(VerifyTextPresentKeyword.groovy)
	at com.kms.katalon.core.webui.keyword.internal.WebUIKeywordMain.runKeyword(WebUIKeywordMain.groovy:20)
	at com.kms.katalon.core.webui.keyword.builtin.VerifyTextPresentKeyword.verifyTextPresent(VerifyTextPresentKeyword.groovy:83)
	at com.kms.katalon.core.webui.keyword.builtin.VerifyTextPresentKeyword.execute(VerifyTextPresentKeyword.groovy:68)
	at com.kms.katalon.core.keyword.internal.KeywordExecutor.executeKeywordForPlatform(KeywordExecutor.groovy:72)
	at com.kms.katalon.core.webui.keyword.WebUiBuiltInKeywords.verifyTextPresent(WebUiBuiltInKeywords.groovy:1719)
	at com.kms.katalon.core.webui.keyword.WebUiBuiltInKeywords$verifyTextPresent$2.call(Unknown Source)
	at Members_Activity_Laggards.run(Members_Activity_Laggards:49)
	at com.kms.katalon.core.main.ScriptEngine.run(ScriptEngine.java:194)
	at com.kms.katalon.core.main.ScriptEngine.runScriptAsRawText(ScriptEngine.java:119)
	at com.kms.katalon.core.main.TestCaseExecutor.runScript(TestCaseExecutor.java:337)
	at com.kms.katalon.core.main.TestCaseExecutor.doExecute(TestCaseExecutor.java:328)
	at com.kms.katalon.core.main.TestCaseExecutor.processExecutionPhase(TestCaseExecutor.java:307)
	at com.kms.katalon.core.main.TestCaseExecutor.accessMainPhase(TestCaseExecutor.java:299)
	at com.kms.katalon.core.main.TestCaseExecutor.execute(TestCaseExecutor.java:233)
	at com.kms.katalon.core.main.TestCaseMain.runTestCase(TestCaseMain.java:114)
	at com.kms.katalon.core.keyword.builtin.CallTestCaseKeyword$_callTestCase_closure1.doCall(CallTestCaseKeyword.groovy:59)
	at com.kms.katalon.core.keyword.builtin.CallTestCaseKeyword$_callTestCase_closure1.call(CallTestCaseKeyword.groovy)
	at com.kms.katalon.core.keyword.internal.KeywordMain.runKeyword(KeywordMain.groovy:68)
	at com.kms.katalon.core.keyword.builtin.CallTestCaseKeyword.callTestCase(CallTestCaseKeyword.groovy:81)
	at com.kms.katalon.core.keyword.builtin.CallTestCaseKeyword.execute(CallTestCaseKeyword.groovy:44)
	at com.kms.katalon.core.keyword.internal.KeywordExecutor.executeKeywordForPlatform(KeywordExecutor.groovy:72)
	at com.kms.katalon.core.keyword.BuiltinKeywords.callTestCase(BuiltinKeywords.groovy:334)
	at Members_Activity_Laggards.run(Members_Activity_Laggards:64)
	at com.kms.katalon.core.main.ScriptEngine.run(ScriptEngine.java:194)
	at com.kms.katalon.core.main.ScriptEngine.runScriptAsRawText(ScriptEngine.java:119)
	at com.kms.katalon.core.main.TestCaseExecutor.runScript(TestCaseExecutor.java:337)
	at com.kms.katalon.core.main.TestCaseExecutor.doExecute(TestCaseExecutor.java:328)
	at com.kms.katalon.core.main.TestCaseExecutor.processExecutionPhase(TestCaseExecutor.java:307)
	at com.kms.katalon.core.main.TestCaseExecutor.accessMainPhase(TestCaseExecutor.java:299)
	at com.kms.katalon.core.main.TestCaseExecutor.execute(TestCaseExecutor.java:233)
	at com.kms.katalon.core.main.TestSuiteExecutor.accessTestCaseMainPhase(TestSuiteExecutor.java:169)
	at com.kms.katalon.core.main.TestSuiteExecutor.accessTestSuiteMainPhase(TestSuiteExecutor.java:142)
	at com.kms.katalon.core.main.TestSuiteExecutor.execute(TestSuiteExecutor.java:91)
	at com.kms.katalon.core.main.TestCaseMain.startTestSuite(TestCaseMain.java:157)
	at com.kms.katalon.core.main.TestCaseMain$startTestSuite$0.call(Unknown Source)
	at TempTestSuite1587652831601.run(TempTestSuite1587652831601.groovy:37)
)
	at com.kms.katalon.core.keyword.internal.KeywordMain.stepFailed(KeywordMain.groovy:39)
	at com.kms.katalon.core.webui.keyword.internal.WebUIKeywordMain.stepFailed(WebUIKeywordMain.groovy:64)
	at com.kms.katalon.core.webui.keyword.builtin.VerifyTextPresentKeyword$_verifyTextPresent_closure1.doCall(VerifyTextPresentKeyword.groovy:79)
	at com.kms.katalon.core.webui.keyword.builtin.VerifyTextPresentKeyword$_verifyTextPresent_closure1.call(VerifyTextPresentKeyword.groovy)
	at com.kms.katalon.core.webui.keyword.internal.WebUIKeywordMain.runKeyword(WebUIKeywordMain.groovy:20)
	at com.kms.katalon.core.webui.keyword.builtin.VerifyTextPresentKeyword.verifyTextPresent(VerifyTextPresentKeyword.groovy:83)
	at com.kms.katalon.core.webui.keyword.builtin.VerifyTextPresentKeyword.execute(VerifyTextPresentKeyword.groovy:68)
	at com.kms.katalon.core.keyword.internal.KeywordExecutor.executeKeywordForPlatform(KeywordExecutor.groovy:72)
	at com.kms.katalon.core.webui.keyword.WebUiBuiltInKeywords.verifyTextPresent(WebUiBuiltInKeywords.groovy:1719)
	at com.kms.katalon.core.webui.keyword.WebUiBuiltInKeywords$verifyTextPresent$2.call(Unknown Source)
	at Members_Activity_Laggards.run(Members_Activity_Laggards:49)
	at com.kms.katalon.core.main.ScriptEngine.run(ScriptEngine.java:194)
	at com.kms.katalon.core.main.ScriptEngine.runScriptAsRawText(ScriptEngine.java:119)
	at com.kms.katalon.core.main.TestCaseExecutor.runScript(TestCaseExecutor.java:337)
	at com.kms.katalon.core.main.TestCaseExecutor.doExecute(TestCaseExecutor.java:328)
	at com.kms.katalon.core.main.TestCaseExecutor.processExecutionPhase(TestCaseExecutor.java:307)
	at com.kms.katalon.core.main.TestCaseExecutor.accessMainPhase(TestCaseExecutor.java:299)
	at com.kms.katalon.core.main.TestCaseExecutor.execute(TestCaseExecutor.java:233)
	at com.kms.katalon.core.main.TestCaseMain.runTestCase(TestCaseMain.java:114)
	at com.kms.katalon.core.keyword.builtin.CallTestCaseKeyword$_callTestCase_closure1.doCall(CallTestCaseKeyword.groovy:59)
	at com.kms.katalon.core.keyword.builtin.CallTestCaseKeyword$_callTestCase_closure1.call(CallTestCaseKeyword.groovy)
	at com.kms.katalon.core.keyword.internal.KeywordMain.runKeyword(KeywordMain.groovy:68)
	at com.kms.katalon.core.keyword.builtin.CallTestCaseKeyword.callTestCase(CallTestCaseKeyword.groovy:81)
	at com.kms.katalon.core.keyword.builtin.CallTestCaseKeyword.execute(CallTestCaseKeyword.groovy:44)
	at com.kms.katalon.core.keyword.internal.KeywordExecutor.executeKeywordForPlatform(KeywordExecutor.groovy:72)
	at com.kms.katalon.core.keyword.BuiltinKeywords.callTestCase(BuiltinKeywords.groovy:334)
	at Members_Activity_Laggards.run(Members_Activity_Laggards:64)
	at com.kms.katalon.core.main.ScriptEngine.run(ScriptEngine.java:194)
	at com.kms.katalon.core.main.ScriptEngine.runScriptAsRawText(ScriptEngine.java:119)
	at com.kms.katalon.core.main.TestCaseExecutor.runScript(TestCaseExecutor.java:337)
	at com.kms.katalon.core.main.TestCaseExecutor.doExecute(TestCaseExecutor.java:328)
	at com.kms.katalon.core.main.TestCaseExecutor.processExecutionPhase(TestCaseExecutor.java:307)
	at com.kms.katalon.core.main.TestCaseExecutor.accessMainPhase(TestCaseExecutor.java:299)
	at com.kms.katalon.core.main.TestCaseExecutor.execute(TestCaseExecutor.java:233)
	at com.kms.katalon.core.main.TestSuiteExecutor.accessTestCaseMainPhase(TestSuiteExecutor.java:169)
	at com.kms.katalon.core.main.TestSuiteExecutor.accessTestSuiteMainPhase(TestSuiteExecutor.java:142)
	at com.kms.katalon.core.main.TestSuiteExecutor.execute(TestSuiteExecutor.java:91)
	at com.kms.katalon.core.main.TestCaseMain.startTestSuite(TestCaseMain.java:157)
	at com.kms.katalon.core.main.TestCaseMain$startTestSuite$0.call(Unknown Source)
	at TempTestSuite1587652831601.run(TempTestSuite1587652831601.groovy:37)
Caused by: com.kms.katalon.core.exception.StepFailedException: Text 'Good Morning!' is not present on page 
	... 39 more


2020-04-23 16:14:33 - [TEST_STEP][PASSED] - waitForPageLoad(120): Wait for page load successfully

2020-04-23 16:14:33 - [MESSAGE][PASSED] - Wait for page load successfully

2020-04-23 16:14:33 - [TEST_STEP][PASSED] - delay(1): Delayed 1 second(s)

2020-04-23 16:14:34 - [MESSAGE][PASSED] - Delayed 1 second(s)

2020-04-23 16:14:34 - [TEST_STEP][FAILED] - verifyTextPresent("Good Morning!", false): Text 'Good Morning!' is not present on page  (Root cause: com.kms.katalon.core.exception.StepFailedException: Text 'Good Morning!' is not present on page 
	at com.kms.katalon.core.webui.keyword.internal.WebUIKeywordMain.stepFailed(WebUIKeywordMain.groovy:64)
	at com.kms.katalon.core.webui.keyword.builtin.VerifyTextPresentKeyword$_verifyTextPresent_closure1.doCall(VerifyTextPresentKeyword.groovy:79)
	at com.kms.katalon.core.webui.keyword.builtin.VerifyTextPresentKeyword$_verifyTextPresent_closure1.call(VerifyTextPresentKeyword.groovy)
	at com.kms.katalon.core.webui.keyword.internal.WebUIKeywordMain.runKeyword(WebUIKeywordMain.groovy:20)
	at com.kms.katalon.core.webui.keyword.builtin.VerifyTextPresentKeyword.verifyTextPresent(VerifyTextPresentKeyword.groovy:83)
	at com.kms.katalon.core.webui.keyword.builtin.VerifyTextPresentKeyword.execute(VerifyTextPresentKeyword.groovy:68)
	at com.kms.katalon.core.keyword.internal.KeywordExecutor.executeKeywordForPlatform(KeywordExecutor.groovy:72)
	at com.kms.katalon.core.webui.keyword.WebUiBuiltInKeywords.verifyTextPresent(WebUiBuiltInKeywords.groovy:1719)
	at com.kms.katalon.core.webui.keyword.WebUiBuiltInKeywords$verifyTextPresent$2.call(Unknown Source)
	at Members_Activity_Laggards.run(Members_Activity_Laggards:49)
	at com.kms.katalon.core.main.ScriptEngine.run(ScriptEngine.java:194)
	at com.kms.katalon.core.main.ScriptEngine.runScriptAsRawText(ScriptEngine.java:119)
	at com.kms.katalon.core.main.TestCaseExecutor.runScript(TestCaseExecutor.java:337)
	at com.kms.katalon.core.main.TestCaseExecutor.doExecute(TestCaseExecutor.java:328)
	at com.kms.katalon.core.main.TestCaseExecutor.processExecutionPhase(TestCaseExecutor.java:307)
	at com.kms.katalon.core.main.TestCaseExecutor.accessMainPhase(TestCaseExecutor.java:299)
	at com.kms.katalon.core.main.TestCaseExecutor.execute(TestCaseExecutor.java:233)
	at com.kms.katalon.core.main.TestCaseMain.runTestCase(TestCaseMain.java:114)
	at com.kms.katalon.core.keyword.builtin.CallTestCaseKeyword$_callTestCase_closure1.doCall(CallTestCaseKeyword.groovy:59)
	at com.kms.katalon.core.keyword.builtin.CallTestCaseKeyword$_callTestCase_closure1.call(CallTestCaseKeyword.groovy)
	at com.kms.katalon.core.keyword.internal.KeywordMain.runKeyword(KeywordMain.groovy:68)
	at com.kms.katalon.core.keyword.builtin.CallTestCaseKeyword.callTestCase(CallTestCaseKeyword.groovy:81)
	at com.kms.katalon.core.keyword.builtin.CallTestCaseKeyword.execute(CallTestCaseKeyword.groovy:44)
	at com.kms.katalon.core.keyword.internal.KeywordExecutor.executeKeywordForPlatform(KeywordExecutor.groovy:72)
	at com.kms.katalon.core.keyword.BuiltinKeywords.callTestCase(BuiltinKeywords.groovy:334)
	at Members_Activity_Laggards.run(Members_Activity_Laggards:64)
	at com.kms.katalon.core.main.ScriptEngine.run(ScriptEngine.java:194)
	at com.kms.katalon.core.main.ScriptEngine.runScriptAsRawText(ScriptEngine.java:119)
	at com.kms.katalon.core.main.TestCaseExecutor.runScript(TestCaseExecutor.java:337)
	at com.kms.katalon.core.main.TestCaseExecutor.doExecute(TestCaseExecutor.java:328)
	at com.kms.katalon.core.main.TestCaseExecutor.processExecutionPhase(TestCaseExecutor.java:307)
	at com.kms.katalon.core.main.TestCaseExecutor.accessMainPhase(TestCaseExecutor.java:299)
	at com.kms.katalon.core.main.TestCaseExecutor.execute(TestCaseExecutor.java:233)
	at com.kms.katalon.core.main.TestSuiteExecutor.accessTestCaseMainPhase(TestSuiteExecutor.java:169)
	at com.kms.katalon.core.main.TestSuiteExecutor.accessTestSuiteMainPhase(TestSuiteExecutor.java:142)
	at com.kms.katalon.core.main.TestSuiteExecutor.execute(TestSuiteExecutor.java:91)
	at com.kms.katalon.core.main.TestCaseMain.startTestSuite(TestCaseMain.java:157)
	at com.kms.katalon.core.main.TestCaseMain$startTestSuite$0.call(Unknown Source)
	at TempTestSuite1587652831601.run(TempTestSuite1587652831601.groovy:37)
)

2020-04-23 16:14:34 - [MESSAGE][FAILED] - Text 'Good Morning!' is not present on page  (Root cause: com.kms.katalon.core.exception.StepFailedException: Text 'Good Morning!' is not present on page 
	at com.kms.katalon.core.webui.keyword.internal.WebUIKeywordMain.stepFailed(WebUIKeywordMain.groovy:64)
	at com.kms.katalon.core.webui.keyword.builtin.VerifyTextPresentKeyword$_verifyTextPresent_closure1.doCall(VerifyTextPresentKeyword.groovy:79)
	at com.kms.katalon.core.webui.keyword.builtin.VerifyTextPresentKeyword$_verifyTextPresent_closure1.call(VerifyTextPresentKeyword.groovy)
	at com.kms.katalon.core.webui.keyword.internal.WebUIKeywordMain.runKeyword(WebUIKeywordMain.groovy:20)
	at com.kms.katalon.core.webui.keyword.builtin.VerifyTextPresentKeyword.verifyTextPresent(VerifyTextPresentKeyword.groovy:83)
	at com.kms.katalon.core.webui.keyword.builtin.VerifyTextPresentKeyword.execute(VerifyTextPresentKeyword.groovy:68)
	at com.kms.katalon.core.keyword.internal.KeywordExecutor.executeKeywordForPlatform(KeywordExecutor.groovy:72)
	at com.kms.katalon.core.webui.keyword.WebUiBuiltInKeywords.verifyTextPresent(WebUiBuiltInKeywords.groovy:1719)
	at com.kms.katalon.core.webui.keyword.WebUiBuiltInKeywords$verifyTextPresent$2.call(Unknown Source)
	at Members_Activity_Laggards.run(Members_Activity_Laggards:49)
	at com.kms.katalon.core.main.ScriptEngine.run(ScriptEngine.java:194)
	at com.kms.katalon.core.main.ScriptEngine.runScriptAsRawText(ScriptEngine.java:119)
	at com.kms.katalon.core.main.TestCaseExecutor.runScript(TestCaseExecutor.java:337)
	at com.kms.katalon.core.main.TestCaseExecutor.doExecute(TestCaseExecutor.java:328)
	at com.kms.katalon.core.main.TestCaseExecutor.processExecutionPhase(TestCaseExecutor.java:307)
	at com.kms.katalon.core.main.TestCaseExecutor.accessMainPhase(TestCaseExecutor.java:299)
	at com.kms.katalon.core.main.TestCaseExecutor.execute(TestCaseExecutor.java:233)
	at com.kms.katalon.core.main.TestCaseMain.runTestCase(TestCaseMain.java:114)
	at com.kms.katalon.core.keyword.builtin.CallTestCaseKeyword$_callTestCase_closure1.doCall(CallTestCaseKeyword.groovy:59)
	at com.kms.katalon.core.keyword.builtin.CallTestCaseKeyword$_callTestCase_closure1.call(CallTestCaseKeyword.groovy)
	at com.kms.katalon.core.keyword.internal.KeywordMain.runKeyword(KeywordMain.groovy:68)
	at com.kms.katalon.core.keyword.builtin.CallTestCaseKeyword.callTestCase(CallTestCaseKeyword.groovy:81)
	at com.kms.katalon.core.keyword.builtin.CallTestCaseKeyword.execute(CallTestCaseKeyword.groovy:44)
	at com.kms.katalon.core.keyword.internal.KeywordExecutor.executeKeywordForPlatform(KeywordExecutor.groovy:72)
	at com.kms.katalon.core.keyword.BuiltinKeywords.callTestCase(BuiltinKeywords.groovy:334)
	at Members_Activity_Laggards.run(Members_Activity_Laggards:64)
	at com.kms.katalon.core.main.ScriptEngine.run(ScriptEngine.java:194)
	at com.kms.katalon.core.main.ScriptEngine.runScriptAsRawText(ScriptEngine.java:119)
	at com.kms.katalon.core.main.TestCaseExecutor.runScript(TestCaseExecutor.java:337)
	at com.kms.katalon.core.main.TestCaseExecutor.doExecute(TestCaseExecutor.java:328)
	at com.kms.katalon.core.main.TestCaseExecutor.processExecutionPhase(TestCaseExecutor.java:307)
	at com.kms.katalon.core.main.TestCaseExecutor.accessMainPhase(TestCaseExecutor.java:299)
	at com.kms.katalon.core.main.TestCaseExecutor.execute(TestCaseExecutor.java:233)
	at com.kms.katalon.core.main.TestSuiteExecutor.accessTestCaseMainPhase(TestSuiteExecutor.java:169)
	at com.kms.katalon.core.main.TestSuiteExecutor.accessTestSuiteMainPhase(TestSuiteExecutor.java:142)
	at com.kms.katalon.core.main.TestSuiteExecutor.execute(TestSuiteExecutor.java:91)
	at com.kms.katalon.core.main.TestCaseMain.startTestSuite(TestCaseMain.java:157)
	at com.kms.katalon.core.main.TestCaseMain$startTestSuite$0.call(Unknown Source)
	at TempTestSuite1587652831601.run(TempTestSuite1587652831601.groovy:37)
)

2020-04-23 16:14:34 - [TEST_STEP][PASSED] - "----------------------------------------------": null

2020-04-23 16:14:34 - [TEST_STEP][PASSED] - verifyTextPresent("Things to review:", false): Text 'Things to review:' is present on page 

2020-04-23 16:14:34 - [MESSAGE][PASSED] - Text 'Things to review:' is present on page 

2020-04-23 16:14:34 - [TEST_STEP][PASSED] - verifyTextPresent("Feedback to review", false): Text 'Feedback to review' is present on page 

2020-04-23 16:14:35 - [MESSAGE][PASSED] - Text 'Feedback to review' is present on page 

2020-04-23 16:14:35 - [TEST_STEP][PASSED] - "----------------------------------------------": null

2020-04-23 16:14:35 - [TEST_STEP][PASSED] - verifyTextPresent("Recent members photos:", false): Text 'Recent members photos:' is present on page 

2020-04-23 16:14:35 - [MESSAGE][PASSED] - Text 'Recent members photos:' is present on page 

2020-04-23 16:14:35 - [TEST_STEP][PASSED] - verifyTextPresent("Members area forum activity:", false): Text 'Members area forum activity:' is present on page 

2020-04-23 16:14:35 - [MESSAGE][PASSED] - Text 'Members area forum activity:' is present on page 

2020-04-23 16:14:35 - [TEST_STEP][PASSED] - verifyTextPresent("Members joining", false): Text 'Members joining' is present on page 

2020-04-23 16:14:35 - [MESSAGE][PASSED] - Text 'Members joining' is present on page 

2020-04-23 16:14:35 - [TEST_STEP][PASSED] - verifyTextPresent("and leaving", false): Text 'and leaving' is present on page 

2020-04-23 16:14:36 - [MESSAGE][PASSED] - Text 'and leaving' is present on page 

2020-04-23 16:14:36 - [MESSAGE][WARNING] - Unable to call Test Case 'Test Cases/Reusable_Test_Sequences/Web_Office/Verification/Reports/Members_Activity_Laggards' (Root cause: com.kms.katalon.core.exception.StepFailedException: Call Test Case 'Test Cases/Reusable_Test_Sequences/Web_Office/Verification/Reports/Members_Activity_Laggards' failed
	at com.kms.katalon.core.keyword.builtin.CallTestCaseKeyword$_callTestCase_closure1.doCall(CallTestCaseKeyword.groovy:63)
	at com.kms.katalon.core.keyword.builtin.CallTestCaseKeyword$_callTestCase_closure1.call(CallTestCaseKeyword.groovy)
	at com.kms.katalon.core.keyword.internal.KeywordMain.runKeyword(KeywordMain.groovy:68)
	at com.kms.katalon.core.keyword.builtin.CallTestCaseKeyword.callTestCase(CallTestCaseKeyword.groovy:81)
	at com.kms.katalon.core.keyword.builtin.CallTestCaseKeyword.execute(CallTestCaseKeyword.groovy:44)
	at com.kms.katalon.core.keyword.internal.KeywordExecutor.executeKeywordForPlatform(KeywordExecutor.groovy:72)
	at com.kms.katalon.core.keyword.BuiltinKeywords.callTestCase(BuiltinKeywords.groovy:334)
	at Members_Activity_Laggards.run(Members_Activity_Laggards:64)
	at com.kms.katalon.core.main.ScriptEngine.run(ScriptEngine.java:194)
	at com.kms.katalon.core.main.ScriptEngine.runScriptAsRawText(ScriptEngine.java:119)
	at com.kms.katalon.core.main.TestCaseExecutor.runScript(TestCaseExecutor.java:337)
	at com.kms.katalon.core.main.TestCaseExecutor.doExecute(TestCaseExecutor.java:328)
	at com.kms.katalon.core.main.TestCaseExecutor.processExecutionPhase(TestCaseExecutor.java:307)
	at com.kms.katalon.core.main.TestCaseExecutor.accessMainPhase(TestCaseExecutor.java:299)
	at com.kms.katalon.core.main.TestCaseExecutor.execute(TestCaseExecutor.java:233)
	at com.kms.katalon.core.main.TestSuiteExecutor.accessTestCaseMainPhase(TestSuiteExecutor.java:169)
	at com.kms.katalon.core.main.TestSuiteExecutor.accessTestSuiteMainPhase(TestSuiteExecutor.java:142)
	at com.kms.katalon.core.main.TestSuiteExecutor.execute(TestSuiteExecutor.java:91)
	at com.kms.katalon.core.main.TestCaseMain.startTestSuite(TestCaseMain.java:157)
	at com.kms.katalon.core.main.TestCaseMain$startTestSuite$0.call(Unknown Source)
	at TempTestSuite1587652831601.run(TempTestSuite1587652831601.groovy:37)
Caused by: com.kms.katalon.core.exception.StepFailedException: Text 'Good Morning!' is not present on page  (Root cause: com.kms.katalon.core.exception.StepFailedException: Text 'Good Morning!' is not present on page 
	at com.kms.katalon.core.webui.keyword.internal.WebUIKeywordMain.stepFailed(WebUIKeywordMain.groovy:64)
	at com.kms.katalon.core.webui.keyword.builtin.VerifyTextPresentKeyword$_verifyTextPresent_closure1.doCall(VerifyTextPresentKeyword.groovy:79)
	at com.kms.katalon.core.webui.keyword.builtin.VerifyTextPresentKeyword$_verifyTextPresent_closure1.call(VerifyTextPresentKeyword.groovy)
	at com.kms.katalon.core.webui.keyword.internal.WebUIKeywordMain.runKeyword(WebUIKeywordMain.groovy:20)
	at com.kms.katalon.core.webui.keyword.builtin.VerifyTextPresentKeyword.verifyTextPresent(VerifyTextPresentKeyword.groovy:83)
	at com.kms.katalon.core.webui.keyword.builtin.VerifyTextPresentKeyword.execute(VerifyTextPresentKeyword.groovy:68)
	at com.kms.katalon.core.keyword.internal.KeywordExecutor.executeKeywordForPlatform(KeywordExecutor.groovy:72)
	at com.kms.katalon.core.webui.keyword.WebUiBuiltInKeywords.verifyTextPresent(WebUiBuiltInKeywords.groovy:1719)
	at com.kms.katalon.core.webui.keyword.WebUiBuiltInKeywords$verifyTextPresent$2.call(Unknown Source)
	at Members_Activity_Laggards.run(Members_Activity_Laggards:49)
	at com.kms.katalon.core.main.ScriptEngine.run(ScriptEngine.java:194)
	at com.kms.katalon.core.main.ScriptEngine.runScriptAsRawText(ScriptEngine.java:119)
	at com.kms.katalon.core.main.TestCaseExecutor.runScript(TestCaseExecutor.java:337)
	at com.kms.katalon.core.main.TestCaseExecutor.doExecute(TestCaseExecutor.java:328)
	at com.kms.katalon.core.main.TestCaseExecutor.processExecutionPhase(TestCaseExecutor.java:307)
	at com.kms.katalon.core.main.TestCaseExecutor.accessMainPhase(TestCaseExecutor.java:299)
	at com.kms.katalon.core.main.TestCaseExecutor.execute(TestCaseExecutor.java:233)
	at com.kms.katalon.core.main.TestCaseMain.runTestCase(TestCaseMain.java:114)
	at com.kms.katalon.core.keyword.builtin.CallTestCaseKeyword$_callTestCase_closure1.doCall(CallTestCaseKeyword.groovy:59)
	at com.kms.katalon.core.keyword.builtin.CallTestCaseKeyword$_callTestCase_closure1.call(CallTestCaseKeyword.groovy)
	at com.kms.katalon.core.keyword.internal.KeywordMain.runKeyword(KeywordMain.groovy:68)
	at com.kms.katalon.core.keyword.builtin.CallTestCaseKeyword.callTestCase(CallTestCaseKeyword.groovy:81)
	at com.kms.katalon.core.keyword.builtin.CallTestCaseKeyword.execute(CallTestCaseKeyword.groovy:44)
	at com.kms.katalon.core.keyword.internal.KeywordExecutor.executeKeywordForPlatform(KeywordExecutor.groovy:72)
	at com.kms.katalon.core.keyword.BuiltinKeywords.callTestCase(BuiltinKeywords.groovy:334)
	at Members_Activity_Laggards.run(Members_Activity_Laggards:64)
	at com.kms.katalon.core.main.ScriptEngine.run(ScriptEngine.java:194)
	at com.kms.katalon.core.main.ScriptEngine.runScriptAsRawText(ScriptEngine.java:119)
	at com.kms.katalon.core.main.TestCaseExecutor.runScript(TestCaseExecutor.java:337)
	at com.kms.katalon.core.main.TestCaseExecutor.doExecute(TestCaseExecutor.java:328)
	at com.kms.katalon.core.main.TestCaseExecutor.processExecutionPhase(TestCaseExecutor.java:307)
	at com.kms.katalon.core.main.TestCaseExecutor.accessMainPhase(TestCaseExecutor.java:299)
	at com.kms.katalon.core.main.TestCaseExecutor.execute(TestCaseExecutor.java:233)
	at com.kms.katalon.core.main.TestSuiteExecutor.accessTestCaseMainPhase(TestSuiteExecutor.java:169)
	at com.kms.katalon.core.main.TestSuiteExecutor.accessTestSuiteMainPhase(TestSuiteExecutor.java:142)
	at com.kms.katalon.core.main.TestSuiteExecutor.execute(TestSuiteExecutor.java:91)
	at com.kms.katalon.core.main.TestCaseMain.startTestSuite(TestCaseMain.java:157)
	at com.kms.katalon.core.main.TestCaseMain$startTestSuite$0.call(Unknown Source)
	at TempTestSuite1587652831601.run(TempTestSuite1587652831601.groovy:37)
)
	at com.kms.katalon.core.keyword.internal.KeywordMain.stepFailed(KeywordMain.groovy:39)
	at com.kms.katalon.core.webui.keyword.internal.WebUIKeywordMain.stepFailed(WebUIKeywordMain.groovy:64)
	at com.kms.katalon.core.webui.keyword.builtin.VerifyTextPresentKeyword$_verifyTextPresent_closure1.doCall(VerifyTextPresentKeyword.groovy:79)
	at com.kms.katalon.core.webui.keyword.builtin.VerifyTextPresentKeyword$_verifyTextPresent_closure1.call(VerifyTextPresentKeyword.groovy)
	at com.kms.katalon.core.webui.keyword.internal.WebUIKeywordMain.runKeyword(WebUIKeywordMain.groovy:20)
	at com.kms.katalon.core.webui.keyword.builtin.VerifyTextPresentKeyword.verifyTextPresent(VerifyTextPresentKeyword.groovy:83)
	at com.kms.katalon.core.webui.keyword.builtin.VerifyTextPresentKeyword.execute(VerifyTextPresentKeyword.groovy:68)
	at com.kms.katalon.core.keyword.internal.KeywordExecutor.executeKeywordForPlatform(KeywordExecutor.groovy:72)
	at com.kms.katalon.core.webui.keyword.WebUiBuiltInKeywords.verifyTextPresent(WebUiBuiltInKeywords.groovy:1719)
	at com.kms.katalon.core.webui.keyword.WebUiBuiltInKeywords$verifyTextPresent$2.call(Unknown Source)
	at Members_Activity_Laggards.run(Members_Activity_Laggards:49)
	at com.kms.katalon.core.main.ScriptEngine.run(ScriptEngine.java:194)
	at com.kms.katalon.core.main.ScriptEngine.runScriptAsRawText(ScriptEngine.java:119)
	at com.kms.katalon.core.main.TestCaseExecutor.runScript(TestCaseExecutor.java:337)
	at com.kms.katalon.core.main.TestCaseExecutor.doExecute(TestCaseExecutor.java:328)
	at com.kms.katalon.core.main.TestCaseExecutor.processExecutionPhase(TestCaseExecutor.java:307)
	at com.kms.katalon.core.main.TestCaseExecutor.accessMainPhase(TestCaseExecutor.java:299)
	at com.kms.katalon.core.main.TestCaseExecutor.execute(TestCaseExecutor.java:233)
	at com.kms.katalon.core.main.TestCaseMain.runTestCase(TestCaseMain.java:114)
	at com.kms.katalon.core.keyword.builtin.CallTestCaseKeyword$_callTestCase_closure1.doCall(CallTestCaseKeyword.groovy:59)
	... 20 more
Caused by: com.kms.katalon.core.exception.StepFailedException: Text 'Good Morning!' is not present on page 
	... 39 more
)

2020-04-23 16:14:36 - [TEST_STEP][PASSED] - "--------------------------": null

2020-04-23 16:14:36 - [TEST_STEP][PASSED] - " Teardown - CLose Browser |": null

2020-04-23 16:14:36 - [TEST_STEP][PASSED] - callTestCase(findTestCase("Reusable_Test_Sequences/CAT_Teardown"), [:], OPTIONAL): Call Test Case 'Test Cases/Reusable_Test_Sequences/CAT_Teardown' successfully

2020-04-23 16:14:36 - [TEST_CASE][PASSED] - Test Cases/Reusable_Test_Sequences/CAT_Teardown: Test Cases/Reusable_Test_Sequences/CAT_Teardown

2020-04-23 16:14:36 - [TEST_STEP][PASSED] - closeBrowser(): Browser is closed

2020-04-23 16:14:37 - [MESSAGE][PASSED] - Browser is closed

2020-04-23 16:14:37 - [TEST_STEP][PASSED] - super.finalize(): null

2020-04-23 16:14:37 - [TEST_STEP][PASSED] - System.gc(): null

2020-04-23 16:14:37 - [MESSAGE][PASSED] - Call Test Case 'Test Cases/Reusable_Test_Sequences/CAT_Teardown' successfully]]></system-out>
         <system-err><![CDATA[]]></system-err>
      </testcase>
      <testcase name="Test Cases/Web_Office/Reports/Members_Activity_Photo_Stats" time="24.437" classname="Test Cases/Web_Office/Reports/Members_Activity_Photo_Stats" status="PASSED">
         <system-out><![CDATA[2020-04-23 16:14:37 - [TEST_CASE][PASSED] - Test Cases/Web_Office/Reports/Members_Activity_Photo_Stats: Test Cases/Web_Office/Reports/Members_Activity_Photo_Stats

2020-04-23 16:14:38 - [TEST_STEP][PASSED] - "--------------------------------------": null

2020-04-23 16:14:38 - [TEST_STEP][PASSED] - " Web Office StartUp                  |": null

2020-04-23 16:14:38 - [TEST_STEP][PASSED] - callTestCase(findTestCase("Reusable_Test_Sequences/Web_Office/Directives/WebOffice_StartUp"), [:], STOP_ON_FAILURE): Call Test Case 'Test Cases/Reusable_Test_Sequences/Web_Office/Directives/WebOffice_StartUp' successfully

2020-04-23 16:14:38 - [TEST_CASE][PASSED] - Test Cases/Reusable_Test_Sequences/Web_Office/Directives/WebOffice_StartUp: Test Cases/Reusable_Test_Sequences/Web_Office/Directives/WebOffice_StartUp

2020-04-23 16:14:38 - [TEST_STEP][PASSED] - "-----------------------------------------------------------------------------": null

2020-04-23 16:14:38 - [TEST_STEP][PASSED] - if (URL == "https://www.dev.checkatrade.com/"): null

2020-04-23 16:14:38 - [TEST_STEP][PASSED] - "-----------------------------------------------------------------------------": null

2020-04-23 16:14:38 - [TEST_STEP][PASSED] - if (URL == "https://www.checkatrade.com/"): null

2020-04-23 16:14:38 - [TEST_STEP][PASSED] - "-----------------------------------------------------------------------------": null

2020-04-23 16:14:38 - [TEST_STEP][PASSED] - if (URL == "https://www.preview.checkatrade.com/"): null

2020-04-23 16:14:38 - [TEST_STEP][PASSED] - WebOfficeURL = "https://admin.preview.checkatrade.com/": null

2020-04-23 16:14:38 - [TEST_STEP][PASSED] - if (URL == "https://www.dev2.checkatrade.com/"): null

2020-04-23 16:14:38 - [TEST_STEP][PASSED] - "Set Function Area for "URL_Handler", URL Resolution": null

2020-04-23 16:14:38 - [TEST_STEP][PASSED] - "Do Some Magic with URL(s) See the comments within URL Handler ": null

2020-04-23 16:14:38 - [TEST_STEP][PASSED] - "------------------------------------------------": null

2020-04-23 16:14:38 - [TEST_STEP][PASSED] - "Moved Login Credentials to <Default> profile 22/01/2020": null

2020-04-23 16:14:38 - [TEST_STEP][PASSED] - "------------------------------------------------": null

2020-04-23 16:14:38 - [TEST_STEP][PASSED] - "WebOfficeURL - Set from the ENVIRONMENT PROFILE ": null

2020-04-23 16:14:38 - [TEST_STEP][PASSED] - "OPEN BROWSER": null

2020-04-23 16:14:38 - [TEST_STEP][PASSED] - "eg - https://admin.preview.checkatrade.com/  ": null

2020-04-23 16:14:38 - [TEST_STEP][PASSED] - openBrowser(WebOfficeURL): Browser is opened with url: 'https://admin.preview.checkatrade.com/'

2020-04-23 16:14:38 - [MESSAGE][INFO] - Starting 'Chrome' driver

2020-04-23 16:14:38 - [MESSAGE][INFO] - Action delay is set to 0 milliseconds

2020-04-23 16:14:44 - [MESSAGE][PASSED] - Browser is opened with url: 'https://admin.preview.checkatrade.com/'

2020-04-23 16:14:44 - [TEST_STEP][PASSED] - maximizeWindow(): Current window maximized

2020-04-23 16:14:46 - [MESSAGE][PASSED] - Current window maximized

2020-04-23 16:14:46 - [TEST_STEP][PASSED] - waitForElementClickable(findTestObject("Object Repository/WebOffice/Page_Checkatrade - Administration - Login/Login_Button"), 25): Object 'Object Repository/WebOffice/Page_Checkatrade - Administration - Login/Login_Button' is clickable

2020-04-23 16:14:46 - [MESSAGE][PASSED] - Object 'Object Repository/WebOffice/Page_Checkatrade - Administration - Login/Login_Button' is clickable

2020-04-23 16:14:46 - [TEST_STEP][PASSED] - verifyTextPresent("Checkatrade Web Office", false): Text 'Checkatrade Web Office' is present on page 

2020-04-23 16:14:46 - [MESSAGE][PASSED] - Text 'Checkatrade Web Office' is present on page 

2020-04-23 16:14:46 - [TEST_STEP][PASSED] - verifyTextPresent("Access for staff use only", false): Text 'Access for staff use only' is present on page 

2020-04-23 16:14:46 - [MESSAGE][PASSED] - Text 'Access for staff use only' is present on page 

2020-04-23 16:14:46 - [TEST_STEP][PASSED] - verifyTextPresent("Forgotten password?", false): Text 'Forgotten password?' is present on page 

2020-04-23 16:14:46 - [MESSAGE][PASSED] - Text 'Forgotten password?' is present on page 

2020-04-23 16:14:46 - [TEST_STEP][PASSED] - setText(findTestObject("Object Repository/WebOffice/Page_Checkatrade - Administration - Login/input_Username_LoginControlUserName"), wo_Username): Text 'DavidHo' is set on object 'Object Repository/WebOffice/Page_Checkatrade - Administration - Login/input_Username_LoginControlUserName'

2020-04-23 16:14:46 - [MESSAGE][PASSED] - Text 'DavidHo' is set on object 'Object Repository/WebOffice/Page_Checkatrade - Administration - Login/input_Username_LoginControlUserName'

2020-04-23 16:14:46 - [TEST_STEP][PASSED] - setText(findTestObject("Object Repository/WebOffice/Page_Checkatrade - Administration - Login/input_Password_LoginControlPassword"), wo_Password): Text 'Check123' is set on object 'Object Repository/WebOffice/Page_Checkatrade - Administration - Login/input_Password_LoginControlPassword'

2020-04-23 16:14:47 - [MESSAGE][PASSED] - Text 'Check123' is set on object 'Object Repository/WebOffice/Page_Checkatrade - Administration - Login/input_Password_LoginControlPassword'

2020-04-23 16:14:47 - [TEST_STEP][PASSED] - click(findTestObject("Object Repository/WebOffice/Page_Checkatrade - Administration - Login/Login_Button")): Object: 'Object Repository/WebOffice/Page_Checkatrade - Administration - Login/Login_Button' is clicked on

2020-04-23 16:14:48 - [MESSAGE][PASSED] - Object: 'Object Repository/WebOffice/Page_Checkatrade - Administration - Login/Login_Button' is clicked on

2020-04-23 16:14:48 - [TEST_STEP][PASSED] - waitForPageLoad(60): Wait for page load successfully

2020-04-23 16:14:48 - [MESSAGE][PASSED] - Wait for page load successfully

2020-04-23 16:14:48 - [TEST_STEP][PASSED] - verifyTextPresent("Welcome " + wo_Username, false): Text 'Welcome DavidHo' is present on page 

2020-04-23 16:14:48 - [MESSAGE][PASSED] - Text 'Welcome DavidHo' is present on page 

2020-04-23 16:14:48 - [MESSAGE][PASSED] - Call Test Case 'Test Cases/Reusable_Test_Sequences/Web_Office/Directives/WebOffice_StartUp' successfully

2020-04-23 16:14:48 - [TEST_STEP][PASSED] - "-----------------------------------------------------------------": null

2020-04-23 16:14:48 - [TEST_STEP][PASSED] - " Navigate to <Settings->Checkatrade.Com->Sub Item> Menu Item     |": null

2020-04-23 16:14:48 - [TEST_STEP][PASSED] - callTestCase(findTestCase("Reusable_Test_Sequences/Web_Office/Navigation/Sub_Menu_Navigation/Reports/Members_Activity_Photo_Stats"), [:], STOP_ON_FAILURE): Call Test Case 'Test Cases/Reusable_Test_Sequences/Web_Office/Navigation/Sub_Menu_Navigation/Reports/Members_Activity_Photo_Stats' successfully

2020-04-23 16:14:48 - [TEST_CASE][PASSED] - Test Cases/Reusable_Test_Sequences/Web_Office/Navigation/Sub_Menu_Navigation/Reports/Members_Activity_Photo_Stats: Test Cases/Reusable_Test_Sequences/Web_Office/Navigation/Sub_Menu_Navigation/Reports/Members_Activity_Photo_Stats

2020-04-23 16:14:49 - [TEST_STEP][PASSED] - "--------------------------------------": null

2020-04-23 16:14:49 - [TEST_STEP][PASSED] - " Navigate Top level menu Item         |": null

2020-04-23 16:14:49 - [TEST_STEP][PASSED] - waitForPageLoad(60): Wait for page load successfully

2020-04-23 16:14:49 - [MESSAGE][PASSED] - Wait for page load successfully

2020-04-23 16:14:49 - [TEST_STEP][PASSED] - waitForElementClickable(findTestObject("Object Repository/WebOffice_Home_page/a_Reports"), 60): Object 'Object Repository/WebOffice_Home_page/a_Reports' is clickable

2020-04-23 16:14:49 - [MESSAGE][PASSED] - Object 'Object Repository/WebOffice_Home_page/a_Reports' is clickable

2020-04-23 16:14:49 - [TEST_STEP][PASSED] - mouseOver(findTestObject("Object Repository/WebOffice_Home_page/a_Reports")): Object: 'Object Repository/WebOffice_Home_page/a_Reports' is hovered

2020-04-23 16:14:49 - [MESSAGE][PASSED] - Object: 'Object Repository/WebOffice_Home_page/a_Reports' is hovered

2020-04-23 16:14:49 - [TEST_STEP][PASSED] - click(findTestObject("Object Repository/WebOffice_Home_page/Page_/a_Members")): Object: 'Object Repository/WebOffice_Home_page/Page_/a_Members' is clicked on

2020-04-23 16:14:50 - [MESSAGE][PASSED] - Object: 'Object Repository/WebOffice_Home_page/Page_/a_Members' is clicked on

2020-04-23 16:14:50 - [TEST_STEP][PASSED] - click(findTestObject("Object Repository/WebOffice_Home_page/Page_/a_Members Area Activity")): Object: 'Object Repository/WebOffice_Home_page/Page_/a_Members Area Activity' is clicked on

2020-04-23 16:14:50 - [MESSAGE][PASSED] - Object: 'Object Repository/WebOffice_Home_page/Page_/a_Members Area Activity' is clicked on

2020-04-23 16:14:50 - [TEST_STEP][PASSED] - waitForPageLoad(5): Wait for page load successfully

2020-04-23 16:14:50 - [MESSAGE][PASSED] - Wait for page load successfully

2020-04-23 16:14:50 - [TEST_STEP][PASSED] - waitForElementClickable(findTestObject("Object Repository/WebOffice_Home_page/Page_/a_Photo Statistics Report"), 5): Object 'Object Repository/WebOffice_Home_page/Page_/a_Photo Statistics Report' is clickable

2020-04-23 16:14:50 - [MESSAGE][PASSED] - Object 'Object Repository/WebOffice_Home_page/Page_/a_Photo Statistics Report' is clickable

2020-04-23 16:14:50 - [TEST_STEP][PASSED] - click(findTestObject("Object Repository/WebOffice_Home_page/Page_/a_Photo Statistics Report")): Object: 'Object Repository/WebOffice_Home_page/Page_/a_Photo Statistics Report' is clicked on

2020-04-23 16:14:54 - [MESSAGE][PASSED] - Object: 'Object Repository/WebOffice_Home_page/Page_/a_Photo Statistics Report' is clicked on

2020-04-23 16:14:54 - [MESSAGE][PASSED] - Call Test Case 'Test Cases/Reusable_Test_Sequences/Web_Office/Navigation/Sub_Menu_Navigation/Reports/Members_Activity_Photo_Stats' successfully

2020-04-23 16:14:54 - [TEST_STEP][PASSED] - "--------------------------------------": null

2020-04-23 16:14:54 - [TEST_STEP][PASSED] - " Verify Returned Page Detail          |": null

2020-04-23 16:14:54 - [TEST_STEP][PASSED] - callTestCase(findTestCase("Reusable_Test_Sequences/Web_Office/Verification/Reports/Members_Activity_Photo_Stats"), [:], OPTIONAL): Call Test Case 'Test Cases/Reusable_Test_Sequences/Web_Office/Verification/Reports/Members_Activity_Photo_Stats' successfully

2020-04-23 16:14:54 - [TEST_CASE][PASSED] - Test Cases/Reusable_Test_Sequences/Web_Office/Verification/Reports/Members_Activity_Photo_Stats: Test Cases/Reusable_Test_Sequences/Web_Office/Verification/Reports/Members_Activity_Photo_Stats

2020-04-23 16:14:55 - [TEST_STEP][PASSED] - waitForPageLoad(120): Wait for page load successfully

2020-04-23 16:14:55 - [MESSAGE][PASSED] - Wait for page load successfully

2020-04-23 16:14:55 - [TEST_STEP][PASSED] - delay(1): Delayed 1 second(s)

2020-04-23 16:14:56 - [MESSAGE][PASSED] - Delayed 1 second(s)

2020-04-23 16:14:56 - [TEST_STEP][PASSED] - verifyTextPresent("Members Area Photo Statistics Report", false): Text 'Members Area Photo Statistics Report' is present on page 

2020-04-23 16:14:56 - [MESSAGE][PASSED] - Text 'Members Area Photo Statistics Report' is present on page 

2020-04-23 16:14:56 - [TEST_STEP][PASSED] - "----------------------------------------------": null

2020-04-23 16:14:56 - [TEST_STEP][PASSED] - verifyTextPresent("Total no. companies", false): Text 'Total no. companies' is present on page 

2020-04-23 16:14:56 - [MESSAGE][PASSED] - Text 'Total no. companies' is present on page 

2020-04-23 16:14:56 - [TEST_STEP][PASSED] - verifyTextPresent("Total no. uploaded photos", false): Text 'Total no. uploaded photos' is present on page 

2020-04-23 16:14:57 - [MESSAGE][PASSED] - Text 'Total no. uploaded photos' is present on page 

2020-04-23 16:14:57 - [TEST_STEP][PASSED] - "----------------------------------------------": null

2020-04-23 16:14:57 - [TEST_STEP][PASSED] - verifyTextPresent("Company", false): Text 'Company' is present on page 

2020-04-23 16:14:57 - [MESSAGE][PASSED] - Text 'Company' is present on page 

2020-04-23 16:14:57 - [TEST_STEP][PASSED] - verifyTextPresent("Gallery", false): Text 'Gallery' is present on page 

2020-04-23 16:14:57 - [MESSAGE][PASSED] - Text 'Gallery' is present on page 

2020-04-23 16:14:57 - [TEST_STEP][PASSED] - verifyTextPresent("Feedback", false): Text 'Feedback' is present on page 

2020-04-23 16:14:58 - [MESSAGE][PASSED] - Text 'Feedback' is present on page 

2020-04-23 16:14:58 - [TEST_STEP][PASSED] - verifyTextPresent("Team", false): Text 'Team' is present on page 

2020-04-23 16:14:58 - [MESSAGE][PASSED] - Text 'Team' is present on page 

2020-04-23 16:14:58 - [TEST_STEP][PASSED] - verifyTextPresent("Logo", false): Text 'Logo' is present on page 

2020-04-23 16:14:59 - [MESSAGE][PASSED] - Text 'Logo' is present on page 

2020-04-23 16:14:59 - [TEST_STEP][PASSED] - verifyTextPresent("Total", false): Text 'Total' is present on page 

2020-04-23 16:14:59 - [MESSAGE][PASSED] - Text 'Total' is present on page 

2020-04-23 16:14:59 - [TEST_STEP][PASSED] - "----------------------------------------------": null

2020-04-23 16:14:59 - [TEST_STEP][PASSED] - verifyTextPresent("Gilbert Driveways", false): Text 'Gilbert Driveways' is present on page 

2020-04-23 16:14:59 - [MESSAGE][PASSED] - Text 'Gilbert Driveways' is present on page 

2020-04-23 16:14:59 - [TEST_STEP][PASSED] - verifyTextPresent("Logo", false): Text 'Logo' is present on page 

2020-04-23 16:15:00 - [MESSAGE][PASSED] - Text 'Logo' is present on page 

2020-04-23 16:15:00 - [TEST_STEP][PASSED] - verifyTextPresent("A C E Building Services (WM) Ltd", false): Text 'A C E Building Services (WM) Ltd' is present on page 

2020-04-23 16:15:00 - [MESSAGE][PASSED] - Text 'A C E Building Services (WM) Ltd' is present on page 

2020-04-23 16:15:00 - [MESSAGE][PASSED] - Call Test Case 'Test Cases/Reusable_Test_Sequences/Web_Office/Verification/Reports/Members_Activity_Photo_Stats' successfully

2020-04-23 16:15:00 - [TEST_STEP][PASSED] - "--------------------------": null

2020-04-23 16:15:00 - [TEST_STEP][PASSED] - " Teardown - CLose Browser |": null

2020-04-23 16:15:00 - [TEST_STEP][PASSED] - callTestCase(findTestCase("Reusable_Test_Sequences/CAT_Teardown"), [:], OPTIONAL): Call Test Case 'Test Cases/Reusable_Test_Sequences/CAT_Teardown' successfully

2020-04-23 16:15:00 - [TEST_CASE][PASSED] - Test Cases/Reusable_Test_Sequences/CAT_Teardown: Test Cases/Reusable_Test_Sequences/CAT_Teardown

2020-04-23 16:15:00 - [TEST_STEP][PASSED] - closeBrowser(): Browser is closed

2020-04-23 16:15:02 - [MESSAGE][PASSED] - Browser is closed

2020-04-23 16:15:02 - [TEST_STEP][PASSED] - super.finalize(): null

2020-04-23 16:15:02 - [TEST_STEP][PASSED] - System.gc(): null

2020-04-23 16:15:02 - [MESSAGE][PASSED] - Call Test Case 'Test Cases/Reusable_Test_Sequences/CAT_Teardown' successfully]]></system-out>
         <system-err><![CDATA[]]></system-err>
      </testcase>
      <testcase name="Test Cases/Web_Office/Reports/Members_Marketing_Requests_By_Company" time="25.609" classname="Test Cases/Web_Office/Reports/Members_Marketing_Requests_By_Company" status="PASSED">
         <system-out><![CDATA[2020-04-23 16:15:02 - [TEST_CASE][PASSED] - Test Cases/Web_Office/Reports/Members_Marketing_Requests_By_Company: Test Cases/Web_Office/Reports/Members_Marketing_Requests_By_Company

2020-04-23 16:15:02 - [TEST_STEP][PASSED] - "--------------------------------------": null

2020-04-23 16:15:02 - [TEST_STEP][PASSED] - " Web Office StartUp                  |": null

2020-04-23 16:15:02 - [TEST_STEP][PASSED] - callTestCase(findTestCase("Reusable_Test_Sequences/Web_Office/Directives/WebOffice_StartUp"), [:], STOP_ON_FAILURE): Call Test Case 'Test Cases/Reusable_Test_Sequences/Web_Office/Directives/WebOffice_StartUp' successfully

2020-04-23 16:15:02 - [TEST_CASE][PASSED] - Test Cases/Reusable_Test_Sequences/Web_Office/Directives/WebOffice_StartUp: Test Cases/Reusable_Test_Sequences/Web_Office/Directives/WebOffice_StartUp

2020-04-23 16:15:02 - [TEST_STEP][PASSED] - "-----------------------------------------------------------------------------": null

2020-04-23 16:15:02 - [TEST_STEP][PASSED] - if (URL == "https://www.dev.checkatrade.com/"): null

2020-04-23 16:15:02 - [TEST_STEP][PASSED] - "-----------------------------------------------------------------------------": null

2020-04-23 16:15:02 - [TEST_STEP][PASSED] - if (URL == "https://www.checkatrade.com/"): null

2020-04-23 16:15:02 - [TEST_STEP][PASSED] - "-----------------------------------------------------------------------------": null

2020-04-23 16:15:02 - [TEST_STEP][PASSED] - if (URL == "https://www.preview.checkatrade.com/"): null

2020-04-23 16:15:02 - [TEST_STEP][PASSED] - WebOfficeURL = "https://admin.preview.checkatrade.com/": null

2020-04-23 16:15:02 - [TEST_STEP][PASSED] - if (URL == "https://www.dev2.checkatrade.com/"): null

2020-04-23 16:15:02 - [TEST_STEP][PASSED] - "Set Function Area for "URL_Handler", URL Resolution": null

2020-04-23 16:15:02 - [TEST_STEP][PASSED] - "Do Some Magic with URL(s) See the comments within URL Handler ": null

2020-04-23 16:15:02 - [TEST_STEP][PASSED] - "------------------------------------------------": null

2020-04-23 16:15:02 - [TEST_STEP][PASSED] - "Moved Login Credentials to <Default> profile 22/01/2020": null

2020-04-23 16:15:02 - [TEST_STEP][PASSED] - "------------------------------------------------": null

2020-04-23 16:15:02 - [TEST_STEP][PASSED] - "WebOfficeURL - Set from the ENVIRONMENT PROFILE ": null

2020-04-23 16:15:02 - [TEST_STEP][PASSED] - "OPEN BROWSER": null

2020-04-23 16:15:02 - [TEST_STEP][PASSED] - "eg - https://admin.preview.checkatrade.com/  ": null

2020-04-23 16:15:02 - [TEST_STEP][PASSED] - openBrowser(WebOfficeURL): Browser is opened with url: 'https://admin.preview.checkatrade.com/'

2020-04-23 16:15:02 - [MESSAGE][INFO] - Starting 'Chrome' driver

2020-04-23 16:15:02 - [MESSAGE][INFO] - Action delay is set to 0 milliseconds

2020-04-23 16:15:07 - [MESSAGE][PASSED] - Browser is opened with url: 'https://admin.preview.checkatrade.com/'

2020-04-23 16:15:07 - [TEST_STEP][PASSED] - maximizeWindow(): Current window maximized

2020-04-23 16:15:10 - [MESSAGE][PASSED] - Current window maximized

2020-04-23 16:15:10 - [TEST_STEP][PASSED] - waitForElementClickable(findTestObject("Object Repository/WebOffice/Page_Checkatrade - Administration - Login/Login_Button"), 25): Object 'Object Repository/WebOffice/Page_Checkatrade - Administration - Login/Login_Button' is clickable

2020-04-23 16:15:10 - [MESSAGE][PASSED] - Object 'Object Repository/WebOffice/Page_Checkatrade - Administration - Login/Login_Button' is clickable

2020-04-23 16:15:10 - [TEST_STEP][PASSED] - verifyTextPresent("Checkatrade Web Office", false): Text 'Checkatrade Web Office' is present on page 

2020-04-23 16:15:10 - [MESSAGE][PASSED] - Text 'Checkatrade Web Office' is present on page 

2020-04-23 16:15:10 - [TEST_STEP][PASSED] - verifyTextPresent("Access for staff use only", false): Text 'Access for staff use only' is present on page 

2020-04-23 16:15:10 - [MESSAGE][PASSED] - Text 'Access for staff use only' is present on page 

2020-04-23 16:15:10 - [TEST_STEP][PASSED] - verifyTextPresent("Forgotten password?", false): Text 'Forgotten password?' is present on page 

2020-04-23 16:15:10 - [MESSAGE][PASSED] - Text 'Forgotten password?' is present on page 

2020-04-23 16:15:10 - [TEST_STEP][PASSED] - setText(findTestObject("Object Repository/WebOffice/Page_Checkatrade - Administration - Login/input_Username_LoginControlUserName"), wo_Username): Text 'DavidHo' is set on object 'Object Repository/WebOffice/Page_Checkatrade - Administration - Login/input_Username_LoginControlUserName'

2020-04-23 16:15:10 - [MESSAGE][PASSED] - Text 'DavidHo' is set on object 'Object Repository/WebOffice/Page_Checkatrade - Administration - Login/input_Username_LoginControlUserName'

2020-04-23 16:15:10 - [TEST_STEP][PASSED] - setText(findTestObject("Object Repository/WebOffice/Page_Checkatrade - Administration - Login/input_Password_LoginControlPassword"), wo_Password): Text 'Check123' is set on object 'Object Repository/WebOffice/Page_Checkatrade - Administration - Login/input_Password_LoginControlPassword'

2020-04-23 16:15:11 - [MESSAGE][PASSED] - Text 'Check123' is set on object 'Object Repository/WebOffice/Page_Checkatrade - Administration - Login/input_Password_LoginControlPassword'

2020-04-23 16:15:11 - [TEST_STEP][PASSED] - click(findTestObject("Object Repository/WebOffice/Page_Checkatrade - Administration - Login/Login_Button")): Object: 'Object Repository/WebOffice/Page_Checkatrade - Administration - Login/Login_Button' is clicked on

2020-04-23 16:15:14 - [MESSAGE][PASSED] - Object: 'Object Repository/WebOffice/Page_Checkatrade - Administration - Login/Login_Button' is clicked on

2020-04-23 16:15:14 - [TEST_STEP][PASSED] - waitForPageLoad(60): Wait for page load successfully

2020-04-23 16:15:14 - [MESSAGE][PASSED] - Wait for page load successfully

2020-04-23 16:15:14 - [TEST_STEP][PASSED] - verifyTextPresent("Welcome " + wo_Username, false): Text 'Welcome DavidHo' is present on page 

2020-04-23 16:15:14 - [MESSAGE][PASSED] - Text 'Welcome DavidHo' is present on page 

2020-04-23 16:15:14 - [MESSAGE][PASSED] - Call Test Case 'Test Cases/Reusable_Test_Sequences/Web_Office/Directives/WebOffice_StartUp' successfully

2020-04-23 16:15:14 - [TEST_STEP][PASSED] - "-----------------------------------------------------------------": null

2020-04-23 16:15:14 - [TEST_STEP][PASSED] - " Navigate to <Settings->Checkatrade.Com->Sub Item> Menu Item     |": null

2020-04-23 16:15:14 - [TEST_STEP][PASSED] - callTestCase(findTestCase("Reusable_Test_Sequences/Web_Office/Navigation/Sub_Menu_Navigation/Reports/Members_Marketing_Requests_By_Company"), [:], STOP_ON_FAILURE): Call Test Case 'Test Cases/Reusable_Test_Sequences/Web_Office/Navigation/Sub_Menu_Navigation/Reports/Members_Marketing_Requests_By_Company' successfully

2020-04-23 16:15:14 - [TEST_CASE][PASSED] - Test Cases/Reusable_Test_Sequences/Web_Office/Navigation/Sub_Menu_Navigation/Reports/Members_Marketing_Requests_By_Company: Test Cases/Reusable_Test_Sequences/Web_Office/Navigation/Sub_Menu_Navigation/Reports/Members_Marketing_Requests_By_Company

2020-04-23 16:15:15 - [TEST_STEP][PASSED] - "--------------------------------------": null

2020-04-23 16:15:15 - [TEST_STEP][PASSED] - " Navigate Top level menu Item         |": null

2020-04-23 16:15:15 - [TEST_STEP][PASSED] - waitForPageLoad(60): Wait for page load successfully

2020-04-23 16:15:15 - [MESSAGE][PASSED] - Wait for page load successfully

2020-04-23 16:15:15 - [TEST_STEP][PASSED] - waitForElementClickable(findTestObject("Object Repository/WebOffice_Home_page/a_Reports"), 60): Object 'Object Repository/WebOffice_Home_page/a_Reports' is clickable

2020-04-23 16:15:15 - [MESSAGE][PASSED] - Object 'Object Repository/WebOffice_Home_page/a_Reports' is clickable

2020-04-23 16:15:15 - [TEST_STEP][PASSED] - mouseOver(findTestObject("Object Repository/WebOffice_Home_page/a_Reports")): Object: 'Object Repository/WebOffice_Home_page/a_Reports' is hovered

2020-04-23 16:15:15 - [MESSAGE][PASSED] - Object: 'Object Repository/WebOffice_Home_page/a_Reports' is hovered

2020-04-23 16:15:15 - [TEST_STEP][PASSED] - click(findTestObject("Object Repository/WebOffice_Home_page/Page_/a_Members")): Object: 'Object Repository/WebOffice_Home_page/Page_/a_Members' is clicked on

2020-04-23 16:15:16 - [MESSAGE][PASSED] - Object: 'Object Repository/WebOffice_Home_page/Page_/a_Members' is clicked on

2020-04-23 16:15:16 - [TEST_STEP][PASSED] - click(findTestObject("Object Repository/WebOffice_Home_page/Page_/a_Marketing Materials Requests")): Object: 'Object Repository/WebOffice_Home_page/Page_/a_Marketing Materials Requests' is clicked on

2020-04-23 16:15:16 - [MESSAGE][PASSED] - Object: 'Object Repository/WebOffice_Home_page/Page_/a_Marketing Materials Requests' is clicked on

2020-04-23 16:15:16 - [TEST_STEP][PASSED] - waitForPageLoad(5): Wait for page load successfully

2020-04-23 16:15:16 - [MESSAGE][PASSED] - Wait for page load successfully

2020-04-23 16:15:16 - [TEST_STEP][PASSED] - waitForElementClickable(findTestObject("Object Repository/WebOffice_Home_page/Page_/a_By Company"), 5): Object 'Object Repository/WebOffice_Home_page/Page_/a_By Company' is clickable

2020-04-23 16:15:16 - [MESSAGE][PASSED] - Object 'Object Repository/WebOffice_Home_page/Page_/a_By Company' is clickable

2020-04-23 16:15:16 - [TEST_STEP][PASSED] - click(findTestObject("Object Repository/WebOffice_Home_page/Page_/a_By Company")): Object: 'Object Repository/WebOffice_Home_page/Page_/a_By Company' is clicked on

2020-04-23 16:15:18 - [MESSAGE][PASSED] - Object: 'Object Repository/WebOffice_Home_page/Page_/a_By Company' is clicked on

2020-04-23 16:15:18 - [MESSAGE][PASSED] - Call Test Case 'Test Cases/Reusable_Test_Sequences/Web_Office/Navigation/Sub_Menu_Navigation/Reports/Members_Marketing_Requests_By_Company' successfully

2020-04-23 16:15:18 - [TEST_STEP][PASSED] - "--------------------------------------": null

2020-04-23 16:15:18 - [TEST_STEP][PASSED] - " Verify Returned Page Detail          |": null

2020-04-23 16:15:18 - [TEST_STEP][PASSED] - callTestCase(findTestCase("Reusable_Test_Sequences/Web_Office/Verification/Reports/Members_Marketing_Requests_By_Company"), [:], OPTIONAL): Call Test Case 'Test Cases/Reusable_Test_Sequences/Web_Office/Verification/Reports/Members_Marketing_Requests_By_Company' successfully

2020-04-23 16:15:18 - [TEST_CASE][PASSED] - Test Cases/Reusable_Test_Sequences/Web_Office/Verification/Reports/Members_Marketing_Requests_By_Company: Test Cases/Reusable_Test_Sequences/Web_Office/Verification/Reports/Members_Marketing_Requests_By_Company

2020-04-23 16:15:19 - [TEST_STEP][PASSED] - waitForPageLoad(120): Wait for page load successfully

2020-04-23 16:15:19 - [MESSAGE][PASSED] - Wait for page load successfully

2020-04-23 16:15:19 - [TEST_STEP][PASSED] - delay(1): Delayed 1 second(s)

2020-04-23 16:15:20 - [MESSAGE][PASSED] - Delayed 1 second(s)

2020-04-23 16:15:20 - [TEST_STEP][PASSED] - verifyTextPresent("Marketing Materials Request Report", false): Text 'Marketing Materials Request Report' is present on page 

2020-04-23 16:15:20 - [MESSAGE][PASSED] - Text 'Marketing Materials Request Report' is present on page 

2020-04-23 16:15:21 - [TEST_STEP][PASSED] - "----------------------------------------------": null

2020-04-23 16:15:21 - [TEST_STEP][PASSED] - verifyTextPresent("Member Marketing Material Request Report", false): Text 'Member Marketing Material Request Report' is present on page 

2020-04-23 16:15:21 - [MESSAGE][PASSED] - Text 'Member Marketing Material Request Report' is present on page 

2020-04-23 16:15:21 - [TEST_STEP][PASSED] - "----------------------------------------------": null

2020-04-23 16:15:21 - [TEST_STEP][PASSED] - verifyTextPresent("All Available Dates", false): Text 'All Available Dates' is present on page 

2020-04-23 16:15:21 - [MESSAGE][PASSED] - Text 'All Available Dates' is present on page 

2020-04-23 16:15:21 - [TEST_STEP][PASSED] - verifyTextPresent("From", false): Text 'From' is present on page 

2020-04-23 16:15:22 - [MESSAGE][PASSED] - Text 'From' is present on page 

2020-04-23 16:15:22 - [TEST_STEP][PASSED] - verifyTextPresent("To", false): Text 'To' is present on page 

2020-04-23 16:15:22 - [MESSAGE][PASSED] - Text 'To' is present on page 

2020-04-23 16:15:22 - [TEST_STEP][PASSED] - verifyTextPresent("Select Company", false): Text 'Select Company' is present on page 

2020-04-23 16:15:23 - [MESSAGE][PASSED] - Text 'Select Company' is present on page 

2020-04-23 16:15:23 - [TEST_STEP][PASSED] - verifyTextPresent("Total no. companies", false): Text 'Total no. companies' is present on page 

2020-04-23 16:15:23 - [MESSAGE][PASSED] - Text 'Total no. companies' is present on page 

2020-04-23 16:15:23 - [TEST_STEP][PASSED] - verifyTextPresent("Total no. requests:", false): Text 'Total no. requests:' is present on page 

2020-04-23 16:15:24 - [MESSAGE][PASSED] - Text 'Total no. requests:' is present on page 

2020-04-23 16:15:24 - [TEST_STEP][PASSED] - "----------------------------------------------": null

2020-04-23 16:15:24 - [TEST_STEP][PASSED] - verifyTextPresent("Company", false): Text 'Company' is present on page 

2020-04-23 16:15:24 - [MESSAGE][PASSED] - Text 'Company' is present on page 

2020-04-23 16:15:24 - [TEST_STEP][PASSED] - verifyTextPresent("Last Request Date", false): Text 'Last Request Date' is present on page 

2020-04-23 16:15:24 - [MESSAGE][PASSED] - Text 'Last Request Date' is present on page 

2020-04-23 16:15:24 - [TEST_STEP][PASSED] - verifyTextPresent("Frequency", false): Text 'Frequency' is present on page 

2020-04-23 16:15:25 - [MESSAGE][PASSED] - Text 'Frequency' is present on page 

2020-04-23 16:15:25 - [TEST_STEP][PASSED] - "----------------------------------------------": null

2020-04-23 16:15:25 - [TEST_STEP][PASSED] - verifyTextPresent("J A Property Maintenance", false): Text 'J A Property Maintenance' is present on page 

2020-04-23 16:15:25 - [MESSAGE][PASSED] - Text 'J A Property Maintenance' is present on page 

2020-04-23 16:15:25 - [TEST_STEP][PASSED] - verifyTextPresent("AA Machin Electrical Services Ltd", false): Text 'AA Machin Electrical Services Ltd' is present on page 

2020-04-23 16:15:25 - [MESSAGE][PASSED] - Text 'AA Machin Electrical Services Ltd' is present on page 

2020-04-23 16:15:25 - [MESSAGE][PASSED] - Call Test Case 'Test Cases/Reusable_Test_Sequences/Web_Office/Verification/Reports/Members_Marketing_Requests_By_Company' successfully

2020-04-23 16:15:25 - [TEST_STEP][PASSED] - "--------------------------": null

2020-04-23 16:15:25 - [TEST_STEP][PASSED] - " Teardown - CLose Browser |": null

2020-04-23 16:15:25 - [TEST_STEP][PASSED] - callTestCase(findTestCase("Reusable_Test_Sequences/CAT_Teardown"), [:], OPTIONAL): Call Test Case 'Test Cases/Reusable_Test_Sequences/CAT_Teardown' successfully

2020-04-23 16:15:25 - [TEST_CASE][PASSED] - Test Cases/Reusable_Test_Sequences/CAT_Teardown: Test Cases/Reusable_Test_Sequences/CAT_Teardown

2020-04-23 16:15:26 - [TEST_STEP][PASSED] - closeBrowser(): Browser is closed

2020-04-23 16:15:27 - [MESSAGE][PASSED] - Browser is closed

2020-04-23 16:15:27 - [TEST_STEP][PASSED] - super.finalize(): null

2020-04-23 16:15:27 - [TEST_STEP][PASSED] - System.gc(): null

2020-04-23 16:15:27 - [MESSAGE][PASSED] - Call Test Case 'Test Cases/Reusable_Test_Sequences/CAT_Teardown' successfully]]></system-out>
         <system-err><![CDATA[]]></system-err>
      </testcase>
      <testcase name="Test Cases/Web_Office/Reports/Members_Marketing_Requests_By_Type" time="24.849" classname="Test Cases/Web_Office/Reports/Members_Marketing_Requests_By_Type" status="PASSED">
         <system-out><![CDATA[2020-04-23 16:15:27 - [TEST_CASE][PASSED] - Test Cases/Web_Office/Reports/Members_Marketing_Requests_By_Type: Test Cases/Web_Office/Reports/Members_Marketing_Requests_By_Type

2020-04-23 16:15:28 - [TEST_STEP][PASSED] - "--------------------------------------": null

2020-04-23 16:15:28 - [TEST_STEP][PASSED] - " Web Office StartUp                  |": null

2020-04-23 16:15:28 - [TEST_STEP][PASSED] - callTestCase(findTestCase("Reusable_Test_Sequences/Web_Office/Directives/WebOffice_StartUp"), [:], STOP_ON_FAILURE): Call Test Case 'Test Cases/Reusable_Test_Sequences/Web_Office/Directives/WebOffice_StartUp' successfully

2020-04-23 16:15:28 - [TEST_CASE][PASSED] - Test Cases/Reusable_Test_Sequences/Web_Office/Directives/WebOffice_StartUp: Test Cases/Reusable_Test_Sequences/Web_Office/Directives/WebOffice_StartUp

2020-04-23 16:15:28 - [TEST_STEP][PASSED] - "-----------------------------------------------------------------------------": null

2020-04-23 16:15:28 - [TEST_STEP][PASSED] - if (URL == "https://www.dev.checkatrade.com/"): null

2020-04-23 16:15:28 - [TEST_STEP][PASSED] - "-----------------------------------------------------------------------------": null

2020-04-23 16:15:28 - [TEST_STEP][PASSED] - if (URL == "https://www.checkatrade.com/"): null

2020-04-23 16:15:28 - [TEST_STEP][PASSED] - "-----------------------------------------------------------------------------": null

2020-04-23 16:15:28 - [TEST_STEP][PASSED] - if (URL == "https://www.preview.checkatrade.com/"): null

2020-04-23 16:15:28 - [TEST_STEP][PASSED] - WebOfficeURL = "https://admin.preview.checkatrade.com/": null

2020-04-23 16:15:28 - [TEST_STEP][PASSED] - if (URL == "https://www.dev2.checkatrade.com/"): null

2020-04-23 16:15:28 - [TEST_STEP][PASSED] - "Set Function Area for "URL_Handler", URL Resolution": null

2020-04-23 16:15:28 - [TEST_STEP][PASSED] - "Do Some Magic with URL(s) See the comments within URL Handler ": null

2020-04-23 16:15:28 - [TEST_STEP][PASSED] - "------------------------------------------------": null

2020-04-23 16:15:28 - [TEST_STEP][PASSED] - "Moved Login Credentials to <Default> profile 22/01/2020": null

2020-04-23 16:15:28 - [TEST_STEP][PASSED] - "------------------------------------------------": null

2020-04-23 16:15:28 - [TEST_STEP][PASSED] - "WebOfficeURL - Set from the ENVIRONMENT PROFILE ": null

2020-04-23 16:15:28 - [TEST_STEP][PASSED] - "OPEN BROWSER": null

2020-04-23 16:15:28 - [TEST_STEP][PASSED] - "eg - https://admin.preview.checkatrade.com/  ": null

2020-04-23 16:15:28 - [TEST_STEP][PASSED] - openBrowser(WebOfficeURL): Browser is opened with url: 'https://admin.preview.checkatrade.com/'

2020-04-23 16:15:28 - [MESSAGE][INFO] - Starting 'Chrome' driver

2020-04-23 16:15:28 - [MESSAGE][INFO] - Action delay is set to 0 milliseconds

2020-04-23 16:15:34 - [MESSAGE][PASSED] - Browser is opened with url: 'https://admin.preview.checkatrade.com/'

2020-04-23 16:15:34 - [TEST_STEP][PASSED] - maximizeWindow(): Current window maximized

2020-04-23 16:15:36 - [MESSAGE][PASSED] - Current window maximized

2020-04-23 16:15:36 - [TEST_STEP][PASSED] - waitForElementClickable(findTestObject("Object Repository/WebOffice/Page_Checkatrade - Administration - Login/Login_Button"), 25): Object 'Object Repository/WebOffice/Page_Checkatrade - Administration - Login/Login_Button' is clickable

2020-04-23 16:15:36 - [MESSAGE][PASSED] - Object 'Object Repository/WebOffice/Page_Checkatrade - Administration - Login/Login_Button' is clickable

2020-04-23 16:15:36 - [TEST_STEP][PASSED] - verifyTextPresent("Checkatrade Web Office", false): Text 'Checkatrade Web Office' is present on page 

2020-04-23 16:15:36 - [MESSAGE][PASSED] - Text 'Checkatrade Web Office' is present on page 

2020-04-23 16:15:36 - [TEST_STEP][PASSED] - verifyTextPresent("Access for staff use only", false): Text 'Access for staff use only' is present on page 

2020-04-23 16:15:37 - [MESSAGE][PASSED] - Text 'Access for staff use only' is present on page 

2020-04-23 16:15:37 - [TEST_STEP][PASSED] - verifyTextPresent("Forgotten password?", false): Text 'Forgotten password?' is present on page 

2020-04-23 16:15:37 - [MESSAGE][PASSED] - Text 'Forgotten password?' is present on page 

2020-04-23 16:15:37 - [TEST_STEP][PASSED] - setText(findTestObject("Object Repository/WebOffice/Page_Checkatrade - Administration - Login/input_Username_LoginControlUserName"), wo_Username): Text 'DavidHo' is set on object 'Object Repository/WebOffice/Page_Checkatrade - Administration - Login/input_Username_LoginControlUserName'

2020-04-23 16:15:37 - [MESSAGE][PASSED] - Text 'DavidHo' is set on object 'Object Repository/WebOffice/Page_Checkatrade - Administration - Login/input_Username_LoginControlUserName'

2020-04-23 16:15:37 - [TEST_STEP][PASSED] - setText(findTestObject("Object Repository/WebOffice/Page_Checkatrade - Administration - Login/input_Password_LoginControlPassword"), wo_Password): Text 'Check123' is set on object 'Object Repository/WebOffice/Page_Checkatrade - Administration - Login/input_Password_LoginControlPassword'

2020-04-23 16:15:37 - [MESSAGE][PASSED] - Text 'Check123' is set on object 'Object Repository/WebOffice/Page_Checkatrade - Administration - Login/input_Password_LoginControlPassword'

2020-04-23 16:15:37 - [TEST_STEP][PASSED] - click(findTestObject("Object Repository/WebOffice/Page_Checkatrade - Administration - Login/Login_Button")): Object: 'Object Repository/WebOffice/Page_Checkatrade - Administration - Login/Login_Button' is clicked on

2020-04-23 16:15:39 - [MESSAGE][PASSED] - Object: 'Object Repository/WebOffice/Page_Checkatrade - Administration - Login/Login_Button' is clicked on

2020-04-23 16:15:39 - [TEST_STEP][PASSED] - waitForPageLoad(60): Wait for page load successfully

2020-04-23 16:15:39 - [MESSAGE][PASSED] - Wait for page load successfully

2020-04-23 16:15:39 - [TEST_STEP][PASSED] - verifyTextPresent("Welcome " + wo_Username, false): Text 'Welcome DavidHo' is present on page 

2020-04-23 16:15:39 - [MESSAGE][PASSED] - Text 'Welcome DavidHo' is present on page 

2020-04-23 16:15:39 - [MESSAGE][PASSED] - Call Test Case 'Test Cases/Reusable_Test_Sequences/Web_Office/Directives/WebOffice_StartUp' successfully

2020-04-23 16:15:39 - [TEST_STEP][PASSED] - "-----------------------------------------------------------------": null

2020-04-23 16:15:39 - [TEST_STEP][PASSED] - " Navigate to <Settings->Checkatrade.Com->Sub Item> Menu Item     |": null

2020-04-23 16:15:39 - [TEST_STEP][PASSED] - callTestCase(findTestCase("Reusable_Test_Sequences/Web_Office/Navigation/Sub_Menu_Navigation/Reports/Members_Marketing_Requests_By_Type"), [:], STOP_ON_FAILURE): Call Test Case 'Test Cases/Reusable_Test_Sequences/Web_Office/Navigation/Sub_Menu_Navigation/Reports/Members_Marketing_Requests_By_Type' successfully

2020-04-23 16:15:39 - [TEST_CASE][PASSED] - Test Cases/Reusable_Test_Sequences/Web_Office/Navigation/Sub_Menu_Navigation/Reports/Members_Marketing_Requests_By_Type: Test Cases/Reusable_Test_Sequences/Web_Office/Navigation/Sub_Menu_Navigation/Reports/Members_Marketing_Requests_By_Type

2020-04-23 16:15:40 - [TEST_STEP][PASSED] - "--------------------------------------": null

2020-04-23 16:15:40 - [TEST_STEP][PASSED] - " Navigate Top level menu Item         |": null

2020-04-23 16:15:40 - [TEST_STEP][PASSED] - waitForPageLoad(60): Wait for page load successfully

2020-04-23 16:15:40 - [MESSAGE][PASSED] - Wait for page load successfully

2020-04-23 16:15:40 - [TEST_STEP][PASSED] - waitForElementClickable(findTestObject("Object Repository/WebOffice_Home_page/a_Reports"), 60): Object 'Object Repository/WebOffice_Home_page/a_Reports' is clickable

2020-04-23 16:15:40 - [MESSAGE][PASSED] - Object 'Object Repository/WebOffice_Home_page/a_Reports' is clickable

2020-04-23 16:15:40 - [TEST_STEP][PASSED] - mouseOver(findTestObject("Object Repository/WebOffice_Home_page/a_Reports")): Object: 'Object Repository/WebOffice_Home_page/a_Reports' is hovered

2020-04-23 16:15:40 - [MESSAGE][PASSED] - Object: 'Object Repository/WebOffice_Home_page/a_Reports' is hovered

2020-04-23 16:15:40 - [TEST_STEP][PASSED] - click(findTestObject("Object Repository/WebOffice_Home_page/Page_/a_Members")): Object: 'Object Repository/WebOffice_Home_page/Page_/a_Members' is clicked on

2020-04-23 16:15:41 - [MESSAGE][PASSED] - Object: 'Object Repository/WebOffice_Home_page/Page_/a_Members' is clicked on

2020-04-23 16:15:41 - [TEST_STEP][PASSED] - click(findTestObject("Object Repository/WebOffice_Home_page/Page_/a_Marketing Materials Requests")): Object: 'Object Repository/WebOffice_Home_page/Page_/a_Marketing Materials Requests' is clicked on

2020-04-23 16:15:41 - [MESSAGE][PASSED] - Object: 'Object Repository/WebOffice_Home_page/Page_/a_Marketing Materials Requests' is clicked on

2020-04-23 16:15:41 - [TEST_STEP][PASSED] - waitForPageLoad(5): Wait for page load successfully

2020-04-23 16:15:41 - [MESSAGE][PASSED] - Wait for page load successfully

2020-04-23 16:15:41 - [TEST_STEP][PASSED] - waitForElementClickable(findTestObject("Object Repository/WebOffice_Home_page/Page_/a_By Type"), 5): Object 'Object Repository/WebOffice_Home_page/Page_/a_By Type' is clickable

2020-04-23 16:15:41 - [MESSAGE][PASSED] - Object 'Object Repository/WebOffice_Home_page/Page_/a_By Type' is clickable

2020-04-23 16:15:41 - [TEST_STEP][PASSED] - click(findTestObject("Object Repository/WebOffice_Home_page/Page_/a_By Type")): Object: 'Object Repository/WebOffice_Home_page/Page_/a_By Type' is clicked on

2020-04-23 16:15:46 - [MESSAGE][PASSED] - Object: 'Object Repository/WebOffice_Home_page/Page_/a_By Type' is clicked on

2020-04-23 16:15:46 - [MESSAGE][PASSED] - Call Test Case 'Test Cases/Reusable_Test_Sequences/Web_Office/Navigation/Sub_Menu_Navigation/Reports/Members_Marketing_Requests_By_Type' successfully

2020-04-23 16:15:46 - [TEST_STEP][PASSED] - "--------------------------------------": null

2020-04-23 16:15:46 - [TEST_STEP][PASSED] - " Verify Returned Page Detail          |": null

2020-04-23 16:15:46 - [TEST_STEP][PASSED] - callTestCase(findTestCase("Reusable_Test_Sequences/Web_Office/Verification/Reports/Members_Marketing_Requests_By_Type"), [:], OPTIONAL): Call Test Case 'Test Cases/Reusable_Test_Sequences/Web_Office/Verification/Reports/Members_Marketing_Requests_By_Type' successfully

2020-04-23 16:15:46 - [TEST_CASE][PASSED] - Test Cases/Reusable_Test_Sequences/Web_Office/Verification/Reports/Members_Marketing_Requests_By_Type: Test Cases/Reusable_Test_Sequences/Web_Office/Verification/Reports/Members_Marketing_Requests_By_Type

2020-04-23 16:15:46 - [TEST_STEP][PASSED] - waitForPageLoad(120): Wait for page load successfully

2020-04-23 16:15:46 - [MESSAGE][PASSED] - Wait for page load successfully

2020-04-23 16:15:46 - [TEST_STEP][PASSED] - delay(1): Delayed 1 second(s)

2020-04-23 16:15:47 - [MESSAGE][PASSED] - Delayed 1 second(s)

2020-04-23 16:15:47 - [TEST_STEP][PASSED] - verifyTextPresent("Marketing Materials Requests By Type", false): Text 'Marketing Materials Requests By Type' is present on page 

2020-04-23 16:15:48 - [MESSAGE][PASSED] - Text 'Marketing Materials Requests By Type' is present on page 

2020-04-23 16:15:48 - [TEST_STEP][PASSED] - "----------------------------------------------": null

2020-04-23 16:15:48 - [TEST_STEP][PASSED] - "----------------------------------------------": null

2020-04-23 16:15:48 - [TEST_STEP][PASSED] - "----------------------------------------------": null

2020-04-23 16:15:48 - [TEST_STEP][PASSED] - verifyTextPresent("All Available Dates", false): Text 'All Available Dates' is present on page 

2020-04-23 16:15:48 - [MESSAGE][PASSED] - Text 'All Available Dates' is present on page 

2020-04-23 16:15:48 - [TEST_STEP][PASSED] - verifyTextPresent("From", false): Text 'From' is present on page 

2020-04-23 16:15:48 - [MESSAGE][PASSED] - Text 'From' is present on page 

2020-04-23 16:15:48 - [TEST_STEP][PASSED] - verifyTextPresent("To", false): Text 'To' is present on page 

2020-04-23 16:15:49 - [MESSAGE][PASSED] - Text 'To' is present on page 

2020-04-23 16:15:49 - [TEST_STEP][PASSED] - verifyTextPresent("Total no. requests:", false): Text 'Total no. requests:' is present on page 

2020-04-23 16:15:49 - [MESSAGE][PASSED] - Text 'Total no. requests:' is present on page 

2020-04-23 16:15:49 - [TEST_STEP][PASSED] - "----------------------------------------------": null

2020-04-23 16:15:49 - [TEST_STEP][PASSED] - verifyTextPresent("Marketing Material Title", false): Text 'Marketing Material Title' is present on page 

2020-04-23 16:15:50 - [MESSAGE][PASSED] - Text 'Marketing Material Title' is present on page 

2020-04-23 16:15:50 - [TEST_STEP][PASSED] - verifyTextPresent("Total Requested", false): Text 'Total Requested' is present on page 

2020-04-23 16:15:51 - [MESSAGE][PASSED] - Text 'Total Requested' is present on page 

2020-04-23 16:15:51 - [TEST_STEP][PASSED] - "----------------------------------------------": null

2020-04-23 16:15:51 - [TEST_STEP][PASSED] - verifyTextPresent("CAT Welcome Letter - Pre RVM", false): Text 'CAT Welcome Letter - Pre RVM' is present on page 

2020-04-23 16:15:51 - [MESSAGE][PASSED] - Text 'CAT Welcome Letter - Pre RVM' is present on page 

2020-04-23 16:15:51 - [TEST_STEP][PASSED] - verifyTextPresent("RVM Certificate", false): Text 'RVM Certificate' is present on page 

2020-04-23 16:15:51 - [MESSAGE][PASSED] - Text 'RVM Certificate' is present on page 

2020-04-23 16:15:51 - [MESSAGE][PASSED] - Call Test Case 'Test Cases/Reusable_Test_Sequences/Web_Office/Verification/Reports/Members_Marketing_Requests_By_Type' successfully

2020-04-23 16:15:51 - [TEST_STEP][PASSED] - "--------------------------": null

2020-04-23 16:15:51 - [TEST_STEP][PASSED] - " Teardown - CLose Browser |": null

2020-04-23 16:15:51 - [TEST_STEP][PASSED] - callTestCase(findTestCase("Reusable_Test_Sequences/CAT_Teardown"), [:], OPTIONAL): Call Test Case 'Test Cases/Reusable_Test_Sequences/CAT_Teardown' successfully

2020-04-23 16:15:51 - [TEST_CASE][PASSED] - Test Cases/Reusable_Test_Sequences/CAT_Teardown: Test Cases/Reusable_Test_Sequences/CAT_Teardown

2020-04-23 16:15:51 - [TEST_STEP][PASSED] - closeBrowser(): Browser is closed

2020-04-23 16:15:52 - [MESSAGE][PASSED] - Browser is closed

2020-04-23 16:15:52 - [TEST_STEP][PASSED] - super.finalize(): null

2020-04-23 16:15:52 - [TEST_STEP][PASSED] - System.gc(): null

2020-04-23 16:15:52 - [MESSAGE][PASSED] - Call Test Case 'Test Cases/Reusable_Test_Sequences/CAT_Teardown' successfully]]></system-out>
         <system-err><![CDATA[]]></system-err>
      </testcase>
      <system-out><![CDATA[2020-04-23 15:54:39 - [TEST_SUITE][PASSED] - Web_Office_Reports: Test Cases/Web_Office/Reports/Members_Marketing_Requests_By_Type]]></system-out>
      <system-err><![CDATA[]]></system-err>
   </testsuite>
</testsuites>
