<?xml version="1.0" encoding="UTF-8"?>
<testsuites name="Trade_Location_Multiple_Search" time="356.529" tests="2" failures="1" errors="0">
   <testsuite name="Trade_Location_Multiple_Search" tests="2" failures="1" errors="0" time="356.529" timestamp="2020-04-15 11:59:17" hostname="DavidHo - 192.168.1.238" id="Test Suites/Trade_Location_Multiple_Search">
      <properties>
         <property name="deviceName" value=""/>
         <property name="devicePlatform" value=""/>
         <property name="logFolder" value="C:\\Users\\davidho\\git\\src\\Reports\\20200415_115255\\Trade_Location_Multiple_Search\\20200415_115300"/>
         <property name="logFiles" value="C:\\Users\\davidho\\git\\src\\Reports\\20200415_115255\\Trade_Location_Multiple_Search\\20200415_115300\\execution0.log"/>
         <property name="attachments" value="C:\\Users\\davidho\\git\\src\\Reports\\20200415_115255\\Trade_Location_Multiple_Search\\20200415_115300\\1586948535836.png, C:\\Users\\davidho\\git\\src\\Reports\\20200415_115255\\Trade_Location_Multiple_Search\\20200415_115300\\1586948704775.png"/>
         <property name="hostName" value="DavidHo - 192.168.1.238"/>
         <property name="os" value="Windows 10 32bit"/>
         <property name="katalonVersion" value="7.3.1.1"/>
         <property name="browser" value="Firefox 74.0"/>
         <property name="hostAddress" value="192.168.1.238"/>
         <property name="sessionId" value="30b84544-e279-4e36-ae58-1f3ae077ecec"/>
         <property name="seleniumVersion" value="3.141.59"/>
         <property name="proxyInformation" value="ProxyInformation{proxyOption=NO_PROXY, proxyServerType=HTTP, password=, proxyServerAddress=, proxyServerPort=0, executionList=}"/>
         <property name="platform" value="Windows 10"/>
      </properties>
      <testcase name="Test Cases/Checkatrade_Tradesman_Searches/Trade_Location_Search" time="285.011" classname="Test Cases/Checkatrade_Tradesman_Searches/Trade_Location_Search" status="PASSED">
         <system-out><![CDATA[2020-04-15 11:59:18 - [TEST_CASE][PASSED] - Test Cases/Checkatrade_Tradesman_Searches/Trade_Location_Search: Test Cases/Checkatrade_Tradesman_Searches/Trade_Location_Search

2020-04-15 11:59:18 - [TEST_STEP][PASSED] - for ([row = 1, row <= findTestData("searchTestData").getRowNumbers(), (internal.GlobalVariable.row++)]): Call Test Case 'Test Cases/Reusable_Test_Sequences/CAT_Teardown' successfully

2020-04-15 11:59:21 - [TEST_STEP][PASSED] - callTestCase(findTestCase("Reusable_Test_Sequences/CAT_Setup"), [:], OPTIONAL): Call Test Case 'Test Cases/Reusable_Test_Sequences/CAT_Setup' successfully

2020-04-15 11:59:21 - [TEST_CASE][PASSED] - Test Cases/Reusable_Test_Sequences/CAT_Setup: Test Cases/Reusable_Test_Sequences/CAT_Setup

2020-04-15 11:59:21 - [TEST_STEP][PASSED] - "------------------------------": null

2020-04-15 11:59:21 - [TEST_STEP][PASSED] - " Set Mobile Device Testing    |": null

2020-04-15 11:59:21 - [TEST_STEP][PASSED] - if (Mobile_Flag == "true"): null

2020-04-15 11:59:21 - [TEST_STEP][PASSED] - "------------------------------": null

2020-04-15 11:59:21 - [TEST_STEP][PASSED] - " Set Mobile Device Testing    |": null

2020-04-15 11:59:21 - [TEST_STEP][PASSED] - "------------------------------": null

2020-04-15 11:59:21 - [TEST_STEP][PASSED] - "URL - Set from the ENVIRONMENT PROFILE ": null

2020-04-15 11:59:21 - [TEST_STEP][PASSED] - openBrowser(URL): Browser is opened with url: 'https://www.preview.checkatrade.com/'

2020-04-15 11:59:21 - [MESSAGE][INFO] - Starting 'Firefox' driver

2020-04-15 11:59:22 - [MESSAGE][INFO] - Action delay is set to 0 milliseconds

2020-04-15 11:59:31 - [MESSAGE][PASSED] - Browser is opened with url: 'https://www.preview.checkatrade.com/'

2020-04-15 11:59:31 - [TEST_STEP][PASSED] - maximizeWindow(): Current window maximized

2020-04-15 11:59:31 - [MESSAGE][PASSED] - Current window maximized

2020-04-15 11:59:31 - [TEST_STEP][PASSED] - waitForPageLoad(60): Wait for page load successfully

2020-04-15 11:59:31 - [MESSAGE][PASSED] - Wait for page load successfully

2020-04-15 11:59:31 - [TEST_STEP][PASSED] - "Previous Functionalilty Left Commented For Ease Of reversion": null

2020-04-15 11:59:31 - [TEST_STEP][PASSED] - " Katalon Try/Catches currently have issues? SEE HEADER": null

2020-04-15 11:59:31 - [TEST_STEP][PASSED] - try: Text 'Cookie Policy' is not present on page

2020-04-15 11:59:31 - [TEST_STEP][PASSED] - verifyElementPresent(findTestObject("Object Repository/Cookies/Page_Checkatrade Find a tradesperson you can trust/button_Accept All"), 5, OPTIONAL): Object 'Object Repository/Cookies/Page_Checkatrade Find a tradesperson you can trust/button_Accept All' is present

2020-04-15 11:59:32 - [MESSAGE][PASSED] - Object 'Object Repository/Cookies/Page_Checkatrade Find a tradesperson you can trust/button_Accept All' is present

2020-04-15 11:59:32 - [TEST_STEP][PASSED] - click(findTestObject("Object Repository/Cookies/Page_Checkatrade Find a tradesperson you can trust/button_Accept All"), OPTIONAL): Object: 'Object Repository/Cookies/Page_Checkatrade Find a tradesperson you can trust/button_Accept All' is clicked on

2020-04-15 11:59:32 - [MESSAGE][PASSED] - Object: 'Object Repository/Cookies/Page_Checkatrade Find a tradesperson you can trust/button_Accept All' is clicked on

2020-04-15 11:59:32 - [TEST_STEP][PASSED] - "---------------------------------": null

2020-04-15 11:59:32 - [TEST_STEP][PASSED] - "COOKIE POPOUT REMOVED - Confirmed": null

2020-04-15 11:59:32 - [TEST_STEP][PASSED] - delay(1): Delayed 1 second(s)

2020-04-15 11:59:33 - [MESSAGE][PASSED] - Delayed 1 second(s)

2020-04-15 11:59:33 - [TEST_STEP][PASSED] - verifyTextNotPresent("We use cookies to personalise content and ads, to provide social media features and to analyse our traffic", false): Text 'We use cookies to personalise content and ads, to provide social media features and to analyse our traffic' is not present on page

2020-04-15 11:59:34 - [MESSAGE][PASSED] - Text 'We use cookies to personalise content and ads, to provide social media features and to analyse our traffic' is not present on page

2020-04-15 11:59:34 - [TEST_STEP][PASSED] - verifyTextNotPresent(" We also share information about your use of our site with our social media, advertising and analytics partners", false): Text ' We also share information about your use of our site with our social media, advertising and analytics partners' is not present on page

2020-04-15 11:59:34 - [MESSAGE][PASSED] - Text ' We also share information about your use of our site with our social media, advertising and analytics partners' is not present on page

2020-04-15 11:59:34 - [TEST_STEP][PASSED] - verifyTextNotPresent("Cookie Policy", false): Text 'Cookie Policy' is not present on page

2020-04-15 11:59:35 - [MESSAGE][PASSED] - Text 'Cookie Policy' is not present on page

2020-04-15 11:59:35 - [TEST_STEP][PASSED] - waitForPageLoad(60): Wait for page load successfully

2020-04-15 11:59:35 - [MESSAGE][PASSED] - Wait for page load successfully

2020-04-15 11:59:35 - [TEST_STEP][PASSED] - "COOKIE - ORIGINAL": null

2020-04-15 11:59:35 - [TEST_STEP][PASSED] - if (waitForElementVisible(findTestObject("Object Repository/Feedback/Page_Checkatrade Give your feedback/input_Member_to_Review"), 5)): Web element with id: 'Object Repository/Feedback/Page_Checkatrade Give your feedback/input_Member_to_Review' located by 'By.xpath: //input[@id='feedback-form__company_autocomplete_input']' not found

2020-04-15 11:59:40 - [MESSAGE][INFO] - Unable to find the element located by 'By.xpath: //input[@id='feedback-form__company_autocomplete_input']'. Please recheck the objects properties to make sure the desired element is located. 

2020-04-15 11:59:41 - [MESSAGE][WARNING] - Web element with id: 'Object Repository/Feedback/Page_Checkatrade Give your feedback/input_Member_to_Review' located by 'By.xpath: //input[@id='feedback-form__company_autocomplete_input']' not found

2020-04-15 11:59:41 - [TEST_STEP][PASSED] - else: The <<<OLD>>> Website was detected by the STARTUP Process

2020-04-15 11:59:41 - [TEST_STEP][PASSED] - if (!(verifyElementVisible(findTestObject("Object Repository/Checkatrade_Trade_Search_Page/Page_Checkatrade Find a tradesperson you can trust/input_Search_Button_FF")))): Object 'Object Repository/Checkatrade_Trade_Search_Page/Page_Checkatrade Find a tradesperson you can trust/input_Search_Button_FF' is visible

2020-04-15 11:59:41 - [MESSAGE][PASSED] - Object 'Object Repository/Checkatrade_Trade_Search_Page/Page_Checkatrade Find a tradesperson you can trust/input_Search_Button_FF' is visible

2020-04-15 11:59:41 - [TEST_STEP][PASSED] - else: The <<<OLD>>> Website was detected by the STARTUP Process

2020-04-15 11:59:41 - [TEST_STEP][PASSED] - Website_Version = "old": null

2020-04-15 11:59:41 - [TEST_STEP][PASSED] - logInfo("The <<<OLD>>> Website was detected by the STARTUP Process"): The <<<OLD>>> Website was detected by the STARTUP Process

2020-04-15 11:59:41 - [MESSAGE][INFO] - The <<<OLD>>> Website was detected by the STARTUP Process

2020-04-15 11:59:41 - [MESSAGE][PASSED] - Call Test Case 'Test Cases/Reusable_Test_Sequences/CAT_Setup' successfully

2020-04-15 11:59:41 - [TEST_STEP][PASSED] - callTestCase(findTestCase("Reusable_Test_Sequences/CAT_Home"), [:], CONTINUE_ON_FAILURE): Call Test Case 'Test Cases/Reusable_Test_Sequences/CAT_Home' successfully

2020-04-15 11:59:41 - [TEST_CASE][PASSED] - Test Cases/Reusable_Test_Sequences/CAT_Home: Test Cases/Reusable_Test_Sequences/CAT_Home

2020-04-15 11:59:41 - [TEST_STEP][PASSED] - waitForPageLoad(60): Wait for page load successfully

2020-04-15 11:59:41 - [MESSAGE][PASSED] - Wait for page load successfully

2020-04-15 11:59:41 - [TEST_STEP][PASSED] - delay(2): Delayed 2 second(s)

2020-04-15 11:59:43 - [MESSAGE][PASSED] - Delayed 2 second(s)

2020-04-15 11:59:43 - [TEST_STEP][PASSED] - "------------------------------------": null

2020-04-15 11:59:43 - [TEST_STEP][PASSED] - if (Website_Version == "new"): null

2020-04-15 11:59:43 - [TEST_STEP][PASSED] - else: Text 'Over a million visits to Checkatrade each month' is present on page 

2020-04-15 11:59:43 - [TEST_STEP][PASSED] - verifyTextPresent("Helping you find the right trade or service", false): Text 'Helping you find the right trade or service' is present on page 

2020-04-15 11:59:44 - [MESSAGE][PASSED] - Text 'Helping you find the right trade or service' is present on page 

2020-04-15 11:59:44 - [TEST_STEP][PASSED] - verifyTextPresent("Search through over", false): Text 'Search through over' is present on page 

2020-04-15 11:59:44 - [MESSAGE][PASSED] - Text 'Search through over' is present on page 

2020-04-15 11:59:44 - [TEST_STEP][PASSED] - verifyTextPresent("recommended, vetted and monitored trades and service providers for free.", false): Text 'recommended, vetted and monitored trades and service providers for free.' is present on page 

2020-04-15 11:59:44 - [MESSAGE][PASSED] - Text 'recommended, vetted and monitored trades and service providers for free.' is present on page 

2020-04-15 11:59:44 - [TEST_STEP][PASSED] - verifyTextPresent("reviews published so far – thank you!", false): Text 'reviews published so far – thank you!' is present on page 

2020-04-15 11:59:45 - [MESSAGE][PASSED] - Text 'reviews published so far – thank you!' is present on page 

2020-04-15 11:59:45 - [TEST_STEP][PASSED] - verifyTextPresent("I need a trade or service", false): Text 'I need a trade or service' is present on page 

2020-04-15 11:59:45 - [MESSAGE][PASSED] - Text 'I need a trade or service' is present on page 

2020-04-15 11:59:45 - [TEST_STEP][PASSED] - verifyTextPresent("Every trader thoroughly checked and vetted", false): Text 'Every trader thoroughly checked and vetted' is present on page 

2020-04-15 11:59:45 - [MESSAGE][PASSED] - Text 'Every trader thoroughly checked and vetted' is present on page 

2020-04-15 11:59:45 - [TEST_STEP][PASSED] - "------------------------------------": null

2020-04-15 11:59:45 - [TEST_STEP][PASSED] - verifyTextPresent("reviews published so far – thank you!", false): Text 'reviews published so far – thank you!' is present on page 

2020-04-15 11:59:46 - [MESSAGE][PASSED] - Text 'reviews published so far – thank you!' is present on page 

2020-04-15 11:59:46 - [TEST_STEP][PASSED] - verifyTextPresent("Find out more", false): Text 'Find out more' is present on page 

2020-04-15 11:59:46 - [MESSAGE][PASSED] - Text 'Find out more' is present on page 

2020-04-15 11:59:46 - [TEST_STEP][PASSED] - verifyTextPresent("I am a tradesman", false): Text 'I am a tradesman' is present on page 

2020-04-15 11:59:47 - [MESSAGE][PASSED] - Text 'I am a tradesman' is present on page 

2020-04-15 11:59:47 - [TEST_STEP][PASSED] - verifyTextPresent("Find out more", false): Text 'Find out more' is present on page 

2020-04-15 11:59:48 - [MESSAGE][PASSED] - Text 'Find out more' is present on page 

2020-04-15 11:59:48 - [TEST_STEP][PASSED] - verifyTextPresent("Over a million visits to Checkatrade each month", false): Text 'Over a million visits to Checkatrade each month' is present on page 

2020-04-15 11:59:48 - [MESSAGE][PASSED] - Text 'Over a million visits to Checkatrade each month' is present on page 

2020-04-15 11:59:48 - [MESSAGE][PASSED] - Call Test Case 'Test Cases/Reusable_Test_Sequences/CAT_Home' successfully

2020-04-15 11:59:48 - [TEST_STEP][PASSED] - "---------------------------------------": null

2020-04-15 11:59:48 - [TEST_STEP][PASSED] - " Set and SEARCH TRADE CLASSIFICATION   |": null

2020-04-15 11:59:48 - [TEST_STEP][PASSED] - callTestCase(findTestCase("Reusable_Test_Sequences/CAT_Enter_Trade_Classification"), [:], CONTINUE_ON_FAILURE): Call Test Case 'Test Cases/Reusable_Test_Sequences/CAT_Enter_Trade_Classification' successfully

2020-04-15 11:59:48 - [TEST_CASE][PASSED] - Test Cases/Reusable_Test_Sequences/CAT_Enter_Trade_Classification: Test Cases/Reusable_Test_Sequences/CAT_Enter_Trade_Classification

2020-04-15 11:59:48 - [TEST_STEP][PASSED] - "---------------------------------": null

2020-04-15 11:59:48 - [TEST_STEP][PASSED] - "Set and SEARCH SELECTED TRADE": null

2020-04-15 11:59:48 - [TEST_STEP][PASSED] - if (Website_Version == "new"): null

2020-04-15 11:59:48 - [TEST_STEP][PASSED] - else: Object: 'Object Repository/Checkatrade_Trade_Search_Page/Page_Checkatrade Find a tradesperson you can trust/input_Search_Button_FF' is clicked on

2020-04-15 11:59:48 - [TEST_STEP][PASSED] - waitForElementPresent(findTestObject("Object Repository/Checkatrade_Trade_Search_Page/Page_Checkatrade Find a tradesperson you can trust/input_Search_Button_FF"), 60): Object 'Object Repository/Checkatrade_Trade_Search_Page/Page_Checkatrade Find a tradesperson you can trust/input_Search_Button_FF' is present

2020-04-15 11:59:49 - [MESSAGE][PASSED] - Object 'Object Repository/Checkatrade_Trade_Search_Page/Page_Checkatrade Find a tradesperson you can trust/input_Search_Button_FF' is present

2020-04-15 11:59:49 - [TEST_STEP][PASSED] - click(findTestObject("Object Repository/Checkatrade_Trade_Search_Page/Page_Checkatrade Find a tradesperson you can trust/input_Search_Button_FF")): Object: 'Object Repository/Checkatrade_Trade_Search_Page/Page_Checkatrade Find a tradesperson you can trust/input_Search_Button_FF' is clicked on

2020-04-15 11:59:49 - [MESSAGE][PASSED] - Object: 'Object Repository/Checkatrade_Trade_Search_Page/Page_Checkatrade Find a tradesperson you can trust/input_Search_Button_FF' is clicked on

2020-04-15 11:59:49 - [TEST_STEP][PASSED] - setText(findTestObject("Object Repository/Checkatrade_Trade_Search_Page/Page_Checkatrade Find a tradesperson you can trust/input_Search_Button_FF"), findTestData("searchTestData").getValue("tradeClassification", row)): Text 'Tree Surgeon' is set on object 'Object Repository/Checkatrade_Trade_Search_Page/Page_Checkatrade Find a tradesperson you can trust/input_Search_Button_FF'

2020-04-15 11:59:49 - [MESSAGE][PASSED] - Text 'Tree Surgeon' is set on object 'Object Repository/Checkatrade_Trade_Search_Page/Page_Checkatrade Find a tradesperson you can trust/input_Search_Button_FF'

2020-04-15 11:59:49 - [TEST_STEP][PASSED] - click(findTestObject("Object Repository/Checkatrade_Trade_Search_Page/Page_Checkatrade Find a tradesperson you can trust/input_Search_Button_FF")): Object: 'Object Repository/Checkatrade_Trade_Search_Page/Page_Checkatrade Find a tradesperson you can trust/input_Search_Button_FF' is clicked on

2020-04-15 11:59:50 - [MESSAGE][PASSED] - Object: 'Object Repository/Checkatrade_Trade_Search_Page/Page_Checkatrade Find a tradesperson you can trust/input_Search_Button_FF' is clicked on

2020-04-15 11:59:50 - [MESSAGE][PASSED] - Call Test Case 'Test Cases/Reusable_Test_Sequences/CAT_Enter_Trade_Classification' successfully

2020-04-15 11:59:50 - [TEST_STEP][PASSED] - "---------------------------------------": null

2020-04-15 11:59:50 - [TEST_STEP][PASSED] - " Set and SEARCH TRADE LOCATION         |": null

2020-04-15 11:59:50 - [TEST_STEP][PASSED] - callTestCase(findTestCase("Reusable_Test_Sequences/CAT_Enter_Trade_Location"), [:], CONTINUE_ON_FAILURE): Call Test Case 'Test Cases/Reusable_Test_Sequences/CAT_Enter_Trade_Location' successfully

2020-04-15 11:59:50 - [TEST_CASE][PASSED] - Test Cases/Reusable_Test_Sequences/CAT_Enter_Trade_Location: Test Cases/Reusable_Test_Sequences/CAT_Enter_Trade_Location

2020-04-15 11:59:50 - [TEST_STEP][PASSED] - "---------------------------------": null

2020-04-15 11:59:50 - [TEST_STEP][PASSED] - "Set and SEARCH SELECTED LOCATION |": null

2020-04-15 11:59:50 - [TEST_STEP][PASSED] - if (Website_Version != "new"): Text 'Gosport' is set on object 'Object Repository/Checkatrade_Trade_Search_Page/Page_Checkatrade Find a tradesperson you can trust/input_Not here_location'

2020-04-15 11:59:50 - [TEST_STEP][PASSED] - click(findTestObject("Object Repository/Checkatrade_Trade_Search_Page/Page_Checkatrade Find a tradesperson you can trust/input_Not here_location")): Object: 'Object Repository/Checkatrade_Trade_Search_Page/Page_Checkatrade Find a tradesperson you can trust/input_Not here_location' is clicked on

2020-04-15 11:59:50 - [MESSAGE][PASSED] - Object: 'Object Repository/Checkatrade_Trade_Search_Page/Page_Checkatrade Find a tradesperson you can trust/input_Not here_location' is clicked on

2020-04-15 11:59:50 - [TEST_STEP][PASSED] - setText(findTestObject("Object Repository/Checkatrade_Trade_Search_Page/Page_Checkatrade Find a tradesperson you can trust/input_Not here_location"), findTestData("searchTestData").getValue("tradeLocation", row)): Text 'Gosport' is set on object 'Object Repository/Checkatrade_Trade_Search_Page/Page_Checkatrade Find a tradesperson you can trust/input_Not here_location'

2020-04-15 11:59:51 - [MESSAGE][PASSED] - Text 'Gosport' is set on object 'Object Repository/Checkatrade_Trade_Search_Page/Page_Checkatrade Find a tradesperson you can trust/input_Not here_location'

2020-04-15 11:59:51 - [TEST_STEP][PASSED] - if (verifyTextNotPresent("Sorry, no results found", false)): null

2020-04-15 11:59:51 - [MESSAGE][PASSED] - Text 'Sorry, no results found' is not present on page

2020-04-15 11:59:51 - [TEST_STEP][PASSED] - markPassed("The Expected Lookup Result(s) ARE being returned by the Lookup Service, AS EXPECTED"): The Expected Lookup Result(s) ARE being returned by the Lookup Service, AS EXPECTED

2020-04-15 11:59:51 - [MESSAGE][PASSED] - The Expected Lookup Result(s) ARE being returned by the Lookup Service, AS EXPECTED

2020-04-15 11:59:51 - [MESSAGE][PASSED] - Call Test Case 'Test Cases/Reusable_Test_Sequences/CAT_Enter_Trade_Location' successfully

2020-04-15 11:59:51 - [TEST_STEP][PASSED] - "---------------------------------------": null

2020-04-15 11:59:51 - [TEST_STEP][PASSED] - " Scroll Search Button into View        |": null

2020-04-15 11:59:51 - [TEST_STEP][PASSED] - "---------------------------------------": null

2020-04-15 11:59:51 - [TEST_STEP][PASSED] - "---------------------------------------": null

2020-04-15 11:59:51 - [TEST_STEP][PASSED] - " Hit Search Button                     |": null

2020-04-15 11:59:51 - [TEST_STEP][PASSED] - callTestCase(findTestCase("Reusable_Test_Sequences/CAT_Hit_Search_Button"), [:], CONTINUE_ON_FAILURE): Call Test Case 'Test Cases/Reusable_Test_Sequences/CAT_Hit_Search_Button' successfully

2020-04-15 11:59:51 - [TEST_CASE][PASSED] - Test Cases/Reusable_Test_Sequences/CAT_Hit_Search_Button: Test Cases/Reusable_Test_Sequences/CAT_Hit_Search_Button

2020-04-15 11:59:51 - [TEST_STEP][PASSED] - "---------------------------------": null

2020-04-15 11:59:51 - [TEST_STEP][PASSED] - "HIT SEARCH": null

2020-04-15 11:59:51 - [TEST_STEP][PASSED] - "---------------------------------": null

2020-04-15 11:59:51 - [TEST_STEP][PASSED] - if (Website_Version == "new"): null

2020-04-15 11:59:51 - [TEST_STEP][PASSED] - else: Object: 'Object Repository/Page_Checkatrade Find a tradesperson you can trust/a_Search' is clicked on

2020-04-15 11:59:51 - [TEST_STEP][PASSED] - waitForElementClickable(findTestObject("Object Repository/Page_Checkatrade Find a tradesperson you can trust/a_Search"), 25): Object 'Object Repository/Page_Checkatrade Find a tradesperson you can trust/a_Search' is clickable

2020-04-15 11:59:52 - [MESSAGE][PASSED] - Object 'Object Repository/Page_Checkatrade Find a tradesperson you can trust/a_Search' is clickable

2020-04-15 11:59:52 - [TEST_STEP][PASSED] - click(findTestObject("Object Repository/Page_Checkatrade Find a tradesperson you can trust/a_Search")): Object: 'Object Repository/Page_Checkatrade Find a tradesperson you can trust/a_Search' is clicked on

2020-04-15 11:59:57 - [MESSAGE][PASSED] - Object: 'Object Repository/Page_Checkatrade Find a tradesperson you can trust/a_Search' is clicked on

2020-04-15 11:59:57 - [MESSAGE][PASSED] - Call Test Case 'Test Cases/Reusable_Test_Sequences/CAT_Hit_Search_Button' successfully

2020-04-15 11:59:57 - [TEST_STEP][PASSED] - "---------------------------------------": null

2020-04-15 11:59:57 - [TEST_STEP][PASSED] - " Verify Returned Page is as Expected   |": null

2020-04-15 11:59:57 - [TEST_STEP][PASSED] - callTestCase(findTestCase("Reusable_Test_Sequences/CAT_Verification"), [:], STOP_ON_FAILURE): Call Test Case 'Test Cases/Reusable_Test_Sequences/CAT_Verification' successfully

2020-04-15 11:59:57 - [TEST_CASE][PASSED] - Test Cases/Reusable_Test_Sequences/CAT_Verification: Test Cases/Reusable_Test_Sequences/CAT_Verification

2020-04-15 11:59:58 - [TEST_STEP][PASSED] - "Updated 05/12/2019 due to wholesale Home page changes": null

2020-04-15 11:59:58 - [TEST_STEP][PASSED] - "Expected cantantenated text is Returned": null

2020-04-15 11:59:58 - [TEST_STEP][PASSED] - " DYNAMIC DELAY - Wait for <SEARCH> Button to Re-Appear after Search is completed": null

2020-04-15 11:59:58 - [TEST_STEP][PASSED] - delay(3): Delayed 3 second(s)

2020-04-15 12:00:01 - [MESSAGE][PASSED] - Delayed 3 second(s)

2020-04-15 12:00:01 - [TEST_STEP][PASSED] - waitForPageLoad(60): Wait for page load successfully

2020-04-15 12:00:01 - [MESSAGE][PASSED] - Wait for page load successfully

2020-04-15 12:00:01 - [TEST_STEP][PASSED] - delay(1): Delayed 1 second(s)

2020-04-15 12:00:02 - [MESSAGE][PASSED] - Delayed 1 second(s)

2020-04-15 12:00:02 - [TEST_STEP][PASSED] - "--------------------": null

2020-04-15 12:00:02 - [TEST_STEP][PASSED] - "----------------------------------------------------------------------------------------------------": null

2020-04-15 12:00:02 - [TEST_STEP][PASSED] - "PREVIEW INCONSISTENCY - SOMETIME THE FIRST ITERATION RETURNS 404 - SEEMS TO BE A PREVIEW GLITCH THAT OCCURS TOO OFTEN   |  23/03/2020 - DH": null

2020-04-15 12:00:02 - [TEST_STEP][PASSED] - "------------------------------------------------------------------------------------------------------------------------": null

2020-04-15 12:00:02 - [TEST_STEP][PASSED] - "NEW Approach - Detect IMPROVE SEARCH PoPout and Syn on THIS": null

2020-04-15 12:00:02 - [TEST_STEP][PASSED] - verifyTextPresent(findTestData("searchTestData").getValue("tradeClassification", row), false): Text 'Tree Surgeon' is present on page 

2020-04-15 12:00:04 - [MESSAGE][PASSED] - Text 'Tree Surgeon' is present on page 

2020-04-15 12:00:04 - [TEST_STEP][PASSED] - verifyTextPresent(findTestData("searchTestData").getValue("tradeLocation", row), false): Text 'Gosport' is present on page 

2020-04-15 12:00:08 - [MESSAGE][PASSED] - Text 'Gosport' is present on page 

2020-04-15 12:00:08 - [MESSAGE][PASSED] - Call Test Case 'Test Cases/Reusable_Test_Sequences/CAT_Verification' successfully

2020-04-15 12:00:08 - [TEST_STEP][PASSED] - "--------------------------": null

2020-04-15 12:00:08 - [TEST_STEP][PASSED] - " Teardown - CLose Browser |": null

2020-04-15 12:00:08 - [TEST_STEP][PASSED] - callTestCase(findTestCase("Reusable_Test_Sequences/CAT_Teardown"), [:], OPTIONAL): Call Test Case 'Test Cases/Reusable_Test_Sequences/CAT_Teardown' successfully

2020-04-15 12:00:08 - [TEST_CASE][PASSED] - Test Cases/Reusable_Test_Sequences/CAT_Teardown: Test Cases/Reusable_Test_Sequences/CAT_Teardown

2020-04-15 12:00:08 - [TEST_STEP][PASSED] - closeBrowser(): Browser is closed

2020-04-15 12:00:10 - [MESSAGE][PASSED] - Browser is closed

2020-04-15 12:00:10 - [TEST_STEP][PASSED] - super.finalize(): null

2020-04-15 12:00:10 - [TEST_STEP][PASSED] - System.gc(): null

2020-04-15 12:00:10 - [MESSAGE][PASSED] - Call Test Case 'Test Cases/Reusable_Test_Sequences/CAT_Teardown' successfully

2020-04-15 12:00:10 - [TEST_STEP][PASSED] - callTestCase(findTestCase("Reusable_Test_Sequences/CAT_Setup"), [:], OPTIONAL): Call Test Case 'Test Cases/Reusable_Test_Sequences/CAT_Setup' successfully

2020-04-15 12:00:10 - [TEST_CASE][PASSED] - Test Cases/Reusable_Test_Sequences/CAT_Setup: Test Cases/Reusable_Test_Sequences/CAT_Setup

2020-04-15 12:00:10 - [TEST_STEP][PASSED] - "------------------------------": null

2020-04-15 12:00:10 - [TEST_STEP][PASSED] - " Set Mobile Device Testing    |": null

2020-04-15 12:00:10 - [TEST_STEP][PASSED] - if (Mobile_Flag == "true"): null

2020-04-15 12:00:10 - [TEST_STEP][PASSED] - "------------------------------": null

2020-04-15 12:00:10 - [TEST_STEP][PASSED] - " Set Mobile Device Testing    |": null

2020-04-15 12:00:10 - [TEST_STEP][PASSED] - "------------------------------": null

2020-04-15 12:00:10 - [TEST_STEP][PASSED] - "URL - Set from the ENVIRONMENT PROFILE ": null

2020-04-15 12:00:10 - [TEST_STEP][PASSED] - openBrowser(URL): Browser is opened with url: 'https://www.preview.checkatrade.com/'

2020-04-15 12:00:10 - [MESSAGE][INFO] - Starting 'Firefox' driver

2020-04-15 12:00:10 - [MESSAGE][INFO] - Action delay is set to 0 milliseconds

2020-04-15 12:00:21 - [MESSAGE][PASSED] - Browser is opened with url: 'https://www.preview.checkatrade.com/'

2020-04-15 12:00:21 - [TEST_STEP][PASSED] - maximizeWindow(): Current window maximized

2020-04-15 12:00:21 - [MESSAGE][PASSED] - Current window maximized

2020-04-15 12:00:21 - [TEST_STEP][PASSED] - waitForPageLoad(60): Wait for page load successfully

2020-04-15 12:00:21 - [MESSAGE][PASSED] - Wait for page load successfully

2020-04-15 12:00:21 - [TEST_STEP][PASSED] - "Previous Functionalilty Left Commented For Ease Of reversion": null

2020-04-15 12:00:21 - [TEST_STEP][PASSED] - " Katalon Try/Catches currently have issues? SEE HEADER": null

2020-04-15 12:00:21 - [TEST_STEP][PASSED] - try: Text 'Cookie Policy' is not present on page

2020-04-15 12:00:21 - [TEST_STEP][PASSED] - verifyElementPresent(findTestObject("Object Repository/Cookies/Page_Checkatrade Find a tradesperson you can trust/button_Accept All"), 5, OPTIONAL): Object 'Object Repository/Cookies/Page_Checkatrade Find a tradesperson you can trust/button_Accept All' is present

2020-04-15 12:00:21 - [MESSAGE][PASSED] - Object 'Object Repository/Cookies/Page_Checkatrade Find a tradesperson you can trust/button_Accept All' is present

2020-04-15 12:00:21 - [TEST_STEP][PASSED] - click(findTestObject("Object Repository/Cookies/Page_Checkatrade Find a tradesperson you can trust/button_Accept All"), OPTIONAL): Object: 'Object Repository/Cookies/Page_Checkatrade Find a tradesperson you can trust/button_Accept All' is clicked on

2020-04-15 12:00:22 - [MESSAGE][PASSED] - Object: 'Object Repository/Cookies/Page_Checkatrade Find a tradesperson you can trust/button_Accept All' is clicked on

2020-04-15 12:00:22 - [TEST_STEP][PASSED] - "---------------------------------": null

2020-04-15 12:00:22 - [TEST_STEP][PASSED] - "COOKIE POPOUT REMOVED - Confirmed": null

2020-04-15 12:00:22 - [TEST_STEP][PASSED] - delay(1): Delayed 1 second(s)

2020-04-15 12:00:23 - [MESSAGE][PASSED] - Delayed 1 second(s)

2020-04-15 12:00:23 - [TEST_STEP][PASSED] - verifyTextNotPresent("We use cookies to personalise content and ads, to provide social media features and to analyse our traffic", false): Text 'We use cookies to personalise content and ads, to provide social media features and to analyse our traffic' is not present on page

2020-04-15 12:00:24 - [MESSAGE][PASSED] - Text 'We use cookies to personalise content and ads, to provide social media features and to analyse our traffic' is not present on page

2020-04-15 12:00:24 - [TEST_STEP][PASSED] - verifyTextNotPresent(" We also share information about your use of our site with our social media, advertising and analytics partners", false): Text ' We also share information about your use of our site with our social media, advertising and analytics partners' is not present on page

2020-04-15 12:00:24 - [MESSAGE][PASSED] - Text ' We also share information about your use of our site with our social media, advertising and analytics partners' is not present on page

2020-04-15 12:00:24 - [TEST_STEP][PASSED] - verifyTextNotPresent("Cookie Policy", false): Text 'Cookie Policy' is not present on page

2020-04-15 12:00:25 - [MESSAGE][PASSED] - Text 'Cookie Policy' is not present on page

2020-04-15 12:00:25 - [TEST_STEP][PASSED] - waitForPageLoad(60): Wait for page load successfully

2020-04-15 12:00:25 - [MESSAGE][PASSED] - Wait for page load successfully

2020-04-15 12:00:25 - [TEST_STEP][PASSED] - "COOKIE - ORIGINAL": null

2020-04-15 12:00:25 - [TEST_STEP][PASSED] - if (waitForElementVisible(findTestObject("Object Repository/Feedback/Page_Checkatrade Give your feedback/input_Member_to_Review"), 5)): Web element with id: 'Object Repository/Feedback/Page_Checkatrade Give your feedback/input_Member_to_Review' located by 'By.xpath: //input[@id='feedback-form__company_autocomplete_input']' not found

2020-04-15 12:00:30 - [MESSAGE][INFO] - Unable to find the element located by 'By.xpath: //input[@id='feedback-form__company_autocomplete_input']'. Please recheck the objects properties to make sure the desired element is located. 

2020-04-15 12:00:30 - [MESSAGE][WARNING] - Web element with id: 'Object Repository/Feedback/Page_Checkatrade Give your feedback/input_Member_to_Review' located by 'By.xpath: //input[@id='feedback-form__company_autocomplete_input']' not found

2020-04-15 12:00:30 - [TEST_STEP][PASSED] - else: The <<<OLD>>> Website was detected by the STARTUP Process

2020-04-15 12:00:30 - [TEST_STEP][PASSED] - if (!(verifyElementVisible(findTestObject("Object Repository/Checkatrade_Trade_Search_Page/Page_Checkatrade Find a tradesperson you can trust/input_Search_Button_FF")))): Object 'Object Repository/Checkatrade_Trade_Search_Page/Page_Checkatrade Find a tradesperson you can trust/input_Search_Button_FF' is visible

2020-04-15 12:00:30 - [MESSAGE][PASSED] - Object 'Object Repository/Checkatrade_Trade_Search_Page/Page_Checkatrade Find a tradesperson you can trust/input_Search_Button_FF' is visible

2020-04-15 12:00:30 - [TEST_STEP][PASSED] - else: The <<<OLD>>> Website was detected by the STARTUP Process

2020-04-15 12:00:30 - [TEST_STEP][PASSED] - Website_Version = "old": null

2020-04-15 12:00:30 - [TEST_STEP][PASSED] - logInfo("The <<<OLD>>> Website was detected by the STARTUP Process"): The <<<OLD>>> Website was detected by the STARTUP Process

2020-04-15 12:00:30 - [MESSAGE][INFO] - The <<<OLD>>> Website was detected by the STARTUP Process

2020-04-15 12:00:30 - [MESSAGE][PASSED] - Call Test Case 'Test Cases/Reusable_Test_Sequences/CAT_Setup' successfully

2020-04-15 12:00:30 - [TEST_STEP][PASSED] - callTestCase(findTestCase("Reusable_Test_Sequences/CAT_Home"), [:], CONTINUE_ON_FAILURE): Call Test Case 'Test Cases/Reusable_Test_Sequences/CAT_Home' successfully

2020-04-15 12:00:30 - [TEST_CASE][PASSED] - Test Cases/Reusable_Test_Sequences/CAT_Home: Test Cases/Reusable_Test_Sequences/CAT_Home

2020-04-15 12:00:30 - [TEST_STEP][PASSED] - waitForPageLoad(60): Wait for page load successfully

2020-04-15 12:00:30 - [MESSAGE][PASSED] - Wait for page load successfully

2020-04-15 12:00:30 - [TEST_STEP][PASSED] - delay(2): Delayed 2 second(s)

2020-04-15 12:00:32 - [MESSAGE][PASSED] - Delayed 2 second(s)

2020-04-15 12:00:32 - [TEST_STEP][PASSED] - "------------------------------------": null

2020-04-15 12:00:32 - [TEST_STEP][PASSED] - if (Website_Version == "new"): null

2020-04-15 12:00:32 - [TEST_STEP][PASSED] - else: Text 'Over a million visits to Checkatrade each month' is present on page 

2020-04-15 12:00:32 - [TEST_STEP][PASSED] - verifyTextPresent("Helping you find the right trade or service", false): Text 'Helping you find the right trade or service' is present on page 

2020-04-15 12:00:33 - [MESSAGE][PASSED] - Text 'Helping you find the right trade or service' is present on page 

2020-04-15 12:00:33 - [TEST_STEP][PASSED] - verifyTextPresent("Search through over", false): Text 'Search through over' is present on page 

2020-04-15 12:00:33 - [MESSAGE][PASSED] - Text 'Search through over' is present on page 

2020-04-15 12:00:33 - [TEST_STEP][PASSED] - verifyTextPresent("recommended, vetted and monitored trades and service providers for free.", false): Text 'recommended, vetted and monitored trades and service providers for free.' is present on page 

2020-04-15 12:00:34 - [MESSAGE][PASSED] - Text 'recommended, vetted and monitored trades and service providers for free.' is present on page 

2020-04-15 12:00:34 - [TEST_STEP][PASSED] - verifyTextPresent("reviews published so far – thank you!", false): Text 'reviews published so far – thank you!' is present on page 

2020-04-15 12:00:34 - [MESSAGE][PASSED] - Text 'reviews published so far – thank you!' is present on page 

2020-04-15 12:00:34 - [TEST_STEP][PASSED] - verifyTextPresent("I need a trade or service", false): Text 'I need a trade or service' is present on page 

2020-04-15 12:00:34 - [MESSAGE][PASSED] - Text 'I need a trade or service' is present on page 

2020-04-15 12:00:34 - [TEST_STEP][PASSED] - verifyTextPresent("Every trader thoroughly checked and vetted", false): Text 'Every trader thoroughly checked and vetted' is present on page 

2020-04-15 12:00:34 - [MESSAGE][PASSED] - Text 'Every trader thoroughly checked and vetted' is present on page 

2020-04-15 12:00:34 - [TEST_STEP][PASSED] - "------------------------------------": null

2020-04-15 12:00:34 - [TEST_STEP][PASSED] - verifyTextPresent("reviews published so far – thank you!", false): Text 'reviews published so far – thank you!' is present on page 

2020-04-15 12:00:35 - [MESSAGE][PASSED] - Text 'reviews published so far – thank you!' is present on page 

2020-04-15 12:00:35 - [TEST_STEP][PASSED] - verifyTextPresent("Find out more", false): Text 'Find out more' is present on page 

2020-04-15 12:00:35 - [MESSAGE][PASSED] - Text 'Find out more' is present on page 

2020-04-15 12:00:35 - [TEST_STEP][PASSED] - verifyTextPresent("I am a tradesman", false): Text 'I am a tradesman' is present on page 

2020-04-15 12:00:35 - [MESSAGE][PASSED] - Text 'I am a tradesman' is present on page 

2020-04-15 12:00:35 - [TEST_STEP][PASSED] - verifyTextPresent("Find out more", false): Text 'Find out more' is present on page 

2020-04-15 12:00:36 - [MESSAGE][PASSED] - Text 'Find out more' is present on page 

2020-04-15 12:00:36 - [TEST_STEP][PASSED] - verifyTextPresent("Over a million visits to Checkatrade each month", false): Text 'Over a million visits to Checkatrade each month' is present on page 

2020-04-15 12:00:36 - [MESSAGE][PASSED] - Text 'Over a million visits to Checkatrade each month' is present on page 

2020-04-15 12:00:36 - [MESSAGE][PASSED] - Call Test Case 'Test Cases/Reusable_Test_Sequences/CAT_Home' successfully

2020-04-15 12:00:36 - [TEST_STEP][PASSED] - "---------------------------------------": null

2020-04-15 12:00:36 - [TEST_STEP][PASSED] - " Set and SEARCH TRADE CLASSIFICATION   |": null

2020-04-15 12:00:36 - [TEST_STEP][PASSED] - callTestCase(findTestCase("Reusable_Test_Sequences/CAT_Enter_Trade_Classification"), [:], CONTINUE_ON_FAILURE): Call Test Case 'Test Cases/Reusable_Test_Sequences/CAT_Enter_Trade_Classification' successfully

2020-04-15 12:00:36 - [TEST_CASE][PASSED] - Test Cases/Reusable_Test_Sequences/CAT_Enter_Trade_Classification: Test Cases/Reusable_Test_Sequences/CAT_Enter_Trade_Classification

2020-04-15 12:00:36 - [TEST_STEP][PASSED] - "---------------------------------": null

2020-04-15 12:00:36 - [TEST_STEP][PASSED] - "Set and SEARCH SELECTED TRADE": null

2020-04-15 12:00:36 - [TEST_STEP][PASSED] - if (Website_Version == "new"): null

2020-04-15 12:00:36 - [TEST_STEP][PASSED] - else: Object: 'Object Repository/Checkatrade_Trade_Search_Page/Page_Checkatrade Find a tradesperson you can trust/input_Search_Button_FF' is clicked on

2020-04-15 12:00:36 - [TEST_STEP][PASSED] - waitForElementPresent(findTestObject("Object Repository/Checkatrade_Trade_Search_Page/Page_Checkatrade Find a tradesperson you can trust/input_Search_Button_FF"), 60): Object 'Object Repository/Checkatrade_Trade_Search_Page/Page_Checkatrade Find a tradesperson you can trust/input_Search_Button_FF' is present

2020-04-15 12:00:36 - [MESSAGE][PASSED] - Object 'Object Repository/Checkatrade_Trade_Search_Page/Page_Checkatrade Find a tradesperson you can trust/input_Search_Button_FF' is present

2020-04-15 12:00:36 - [TEST_STEP][PASSED] - click(findTestObject("Object Repository/Checkatrade_Trade_Search_Page/Page_Checkatrade Find a tradesperson you can trust/input_Search_Button_FF")): Object: 'Object Repository/Checkatrade_Trade_Search_Page/Page_Checkatrade Find a tradesperson you can trust/input_Search_Button_FF' is clicked on

2020-04-15 12:00:36 - [MESSAGE][PASSED] - Object: 'Object Repository/Checkatrade_Trade_Search_Page/Page_Checkatrade Find a tradesperson you can trust/input_Search_Button_FF' is clicked on

2020-04-15 12:00:36 - [TEST_STEP][PASSED] - setText(findTestObject("Object Repository/Checkatrade_Trade_Search_Page/Page_Checkatrade Find a tradesperson you can trust/input_Search_Button_FF"), findTestData("searchTestData").getValue("tradeClassification", row)): Text 'Tree Surgeon' is set on object 'Object Repository/Checkatrade_Trade_Search_Page/Page_Checkatrade Find a tradesperson you can trust/input_Search_Button_FF'

2020-04-15 12:00:37 - [MESSAGE][PASSED] - Text 'Tree Surgeon' is set on object 'Object Repository/Checkatrade_Trade_Search_Page/Page_Checkatrade Find a tradesperson you can trust/input_Search_Button_FF'

2020-04-15 12:00:37 - [TEST_STEP][PASSED] - click(findTestObject("Object Repository/Checkatrade_Trade_Search_Page/Page_Checkatrade Find a tradesperson you can trust/input_Search_Button_FF")): Object: 'Object Repository/Checkatrade_Trade_Search_Page/Page_Checkatrade Find a tradesperson you can trust/input_Search_Button_FF' is clicked on

2020-04-15 12:00:37 - [MESSAGE][PASSED] - Object: 'Object Repository/Checkatrade_Trade_Search_Page/Page_Checkatrade Find a tradesperson you can trust/input_Search_Button_FF' is clicked on

2020-04-15 12:00:37 - [MESSAGE][PASSED] - Call Test Case 'Test Cases/Reusable_Test_Sequences/CAT_Enter_Trade_Classification' successfully

2020-04-15 12:00:37 - [TEST_STEP][PASSED] - "---------------------------------------": null

2020-04-15 12:00:37 - [TEST_STEP][PASSED] - " Set and SEARCH TRADE LOCATION         |": null

2020-04-15 12:00:37 - [TEST_STEP][PASSED] - callTestCase(findTestCase("Reusable_Test_Sequences/CAT_Enter_Trade_Location"), [:], CONTINUE_ON_FAILURE): Call Test Case 'Test Cases/Reusable_Test_Sequences/CAT_Enter_Trade_Location' successfully

2020-04-15 12:00:37 - [TEST_CASE][PASSED] - Test Cases/Reusable_Test_Sequences/CAT_Enter_Trade_Location: Test Cases/Reusable_Test_Sequences/CAT_Enter_Trade_Location

2020-04-15 12:00:37 - [TEST_STEP][PASSED] - "---------------------------------": null

2020-04-15 12:00:37 - [TEST_STEP][PASSED] - "Set and SEARCH SELECTED LOCATION |": null

2020-04-15 12:00:37 - [TEST_STEP][PASSED] - if (Website_Version != "new"): Text 'PO12 2HE' is set on object 'Object Repository/Checkatrade_Trade_Search_Page/Page_Checkatrade Find a tradesperson you can trust/input_Not here_location'

2020-04-15 12:00:37 - [TEST_STEP][PASSED] - click(findTestObject("Object Repository/Checkatrade_Trade_Search_Page/Page_Checkatrade Find a tradesperson you can trust/input_Not here_location")): Object: 'Object Repository/Checkatrade_Trade_Search_Page/Page_Checkatrade Find a tradesperson you can trust/input_Not here_location' is clicked on

2020-04-15 12:00:37 - [MESSAGE][PASSED] - Object: 'Object Repository/Checkatrade_Trade_Search_Page/Page_Checkatrade Find a tradesperson you can trust/input_Not here_location' is clicked on

2020-04-15 12:00:37 - [TEST_STEP][PASSED] - setText(findTestObject("Object Repository/Checkatrade_Trade_Search_Page/Page_Checkatrade Find a tradesperson you can trust/input_Not here_location"), findTestData("searchTestData").getValue("tradeLocation", row)): Text 'PO12 2HE' is set on object 'Object Repository/Checkatrade_Trade_Search_Page/Page_Checkatrade Find a tradesperson you can trust/input_Not here_location'

2020-04-15 12:00:38 - [MESSAGE][PASSED] - Text 'PO12 2HE' is set on object 'Object Repository/Checkatrade_Trade_Search_Page/Page_Checkatrade Find a tradesperson you can trust/input_Not here_location'

2020-04-15 12:00:38 - [TEST_STEP][PASSED] - if (verifyTextNotPresent("Sorry, no results found", false)): null

2020-04-15 12:00:38 - [MESSAGE][PASSED] - Text 'Sorry, no results found' is not present on page

2020-04-15 12:00:38 - [TEST_STEP][PASSED] - markPassed("The Expected Lookup Result(s) ARE being returned by the Lookup Service, AS EXPECTED"): The Expected Lookup Result(s) ARE being returned by the Lookup Service, AS EXPECTED

2020-04-15 12:00:38 - [MESSAGE][PASSED] - The Expected Lookup Result(s) ARE being returned by the Lookup Service, AS EXPECTED

2020-04-15 12:00:38 - [MESSAGE][PASSED] - Call Test Case 'Test Cases/Reusable_Test_Sequences/CAT_Enter_Trade_Location' successfully

2020-04-15 12:00:38 - [TEST_STEP][PASSED] - "---------------------------------------": null

2020-04-15 12:00:38 - [TEST_STEP][PASSED] - " Scroll Search Button into View        |": null

2020-04-15 12:00:38 - [TEST_STEP][PASSED] - "---------------------------------------": null

2020-04-15 12:00:38 - [TEST_STEP][PASSED] - "---------------------------------------": null

2020-04-15 12:00:38 - [TEST_STEP][PASSED] - " Hit Search Button                     |": null

2020-04-15 12:00:38 - [TEST_STEP][PASSED] - callTestCase(findTestCase("Reusable_Test_Sequences/CAT_Hit_Search_Button"), [:], CONTINUE_ON_FAILURE): Call Test Case 'Test Cases/Reusable_Test_Sequences/CAT_Hit_Search_Button' successfully

2020-04-15 12:00:38 - [TEST_CASE][PASSED] - Test Cases/Reusable_Test_Sequences/CAT_Hit_Search_Button: Test Cases/Reusable_Test_Sequences/CAT_Hit_Search_Button

2020-04-15 12:00:38 - [TEST_STEP][PASSED] - "---------------------------------": null

2020-04-15 12:00:38 - [TEST_STEP][PASSED] - "HIT SEARCH": null

2020-04-15 12:00:38 - [TEST_STEP][PASSED] - "---------------------------------": null

2020-04-15 12:00:38 - [TEST_STEP][PASSED] - if (Website_Version == "new"): null

2020-04-15 12:00:38 - [TEST_STEP][PASSED] - else: Object: 'Object Repository/Page_Checkatrade Find a tradesperson you can trust/a_Search' is clicked on

2020-04-15 12:00:38 - [TEST_STEP][PASSED] - waitForElementClickable(findTestObject("Object Repository/Page_Checkatrade Find a tradesperson you can trust/a_Search"), 25): Object 'Object Repository/Page_Checkatrade Find a tradesperson you can trust/a_Search' is clickable

2020-04-15 12:00:38 - [MESSAGE][PASSED] - Object 'Object Repository/Page_Checkatrade Find a tradesperson you can trust/a_Search' is clickable

2020-04-15 12:00:38 - [TEST_STEP][PASSED] - click(findTestObject("Object Repository/Page_Checkatrade Find a tradesperson you can trust/a_Search")): Object: 'Object Repository/Page_Checkatrade Find a tradesperson you can trust/a_Search' is clicked on

2020-04-15 12:00:44 - [MESSAGE][PASSED] - Object: 'Object Repository/Page_Checkatrade Find a tradesperson you can trust/a_Search' is clicked on

2020-04-15 12:00:44 - [MESSAGE][PASSED] - Call Test Case 'Test Cases/Reusable_Test_Sequences/CAT_Hit_Search_Button' successfully

2020-04-15 12:00:44 - [TEST_STEP][PASSED] - "---------------------------------------": null

2020-04-15 12:00:44 - [TEST_STEP][PASSED] - " Verify Returned Page is as Expected   |": null

2020-04-15 12:00:44 - [TEST_STEP][PASSED] - callTestCase(findTestCase("Reusable_Test_Sequences/CAT_Verification"), [:], STOP_ON_FAILURE): Call Test Case 'Test Cases/Reusable_Test_Sequences/CAT_Verification' successfully

2020-04-15 12:00:44 - [TEST_CASE][PASSED] - Test Cases/Reusable_Test_Sequences/CAT_Verification: Test Cases/Reusable_Test_Sequences/CAT_Verification

2020-04-15 12:00:44 - [TEST_STEP][PASSED] - "Updated 05/12/2019 due to wholesale Home page changes": null

2020-04-15 12:00:44 - [TEST_STEP][PASSED] - "Expected cantantenated text is Returned": null

2020-04-15 12:00:44 - [TEST_STEP][PASSED] - " DYNAMIC DELAY - Wait for <SEARCH> Button to Re-Appear after Search is completed": null

2020-04-15 12:00:44 - [TEST_STEP][PASSED] - delay(3): Delayed 3 second(s)

2020-04-15 12:00:47 - [MESSAGE][PASSED] - Delayed 3 second(s)

2020-04-15 12:00:47 - [TEST_STEP][PASSED] - waitForPageLoad(60): Wait for page load successfully

2020-04-15 12:00:47 - [MESSAGE][PASSED] - Wait for page load successfully

2020-04-15 12:00:47 - [TEST_STEP][PASSED] - delay(1): Delayed 1 second(s)

2020-04-15 12:00:48 - [MESSAGE][PASSED] - Delayed 1 second(s)

2020-04-15 12:00:48 - [TEST_STEP][PASSED] - "--------------------": null

2020-04-15 12:00:48 - [TEST_STEP][PASSED] - "----------------------------------------------------------------------------------------------------": null

2020-04-15 12:00:48 - [TEST_STEP][PASSED] - "PREVIEW INCONSISTENCY - SOMETIME THE FIRST ITERATION RETURNS 404 - SEEMS TO BE A PREVIEW GLITCH THAT OCCURS TOO OFTEN   |  23/03/2020 - DH": null

2020-04-15 12:00:48 - [TEST_STEP][PASSED] - "------------------------------------------------------------------------------------------------------------------------": null

2020-04-15 12:00:48 - [TEST_STEP][PASSED] - "NEW Approach - Detect IMPROVE SEARCH PoPout and Syn on THIS": null

2020-04-15 12:00:48 - [TEST_STEP][PASSED] - verifyTextPresent(findTestData("searchTestData").getValue("tradeClassification", row), false): Text 'Tree Surgeon' is present on page 

2020-04-15 12:00:52 - [MESSAGE][PASSED] - Text 'Tree Surgeon' is present on page 

2020-04-15 12:00:52 - [TEST_STEP][PASSED] - verifyTextPresent(findTestData("searchTestData").getValue("tradeLocation", row), false): Text 'PO12 2HE' is present on page 

2020-04-15 12:00:56 - [MESSAGE][PASSED] - Text 'PO12 2HE' is present on page 

2020-04-15 12:00:56 - [MESSAGE][PASSED] - Call Test Case 'Test Cases/Reusable_Test_Sequences/CAT_Verification' successfully

2020-04-15 12:00:56 - [TEST_STEP][PASSED] - "--------------------------": null

2020-04-15 12:00:56 - [TEST_STEP][PASSED] - " Teardown - CLose Browser |": null

2020-04-15 12:00:56 - [TEST_STEP][PASSED] - callTestCase(findTestCase("Reusable_Test_Sequences/CAT_Teardown"), [:], OPTIONAL): Call Test Case 'Test Cases/Reusable_Test_Sequences/CAT_Teardown' successfully

2020-04-15 12:00:57 - [TEST_CASE][PASSED] - Test Cases/Reusable_Test_Sequences/CAT_Teardown: Test Cases/Reusable_Test_Sequences/CAT_Teardown

2020-04-15 12:00:57 - [TEST_STEP][PASSED] - closeBrowser(): Browser is closed

2020-04-15 12:00:59 - [MESSAGE][PASSED] - Browser is closed

2020-04-15 12:00:59 - [TEST_STEP][PASSED] - super.finalize(): null

2020-04-15 12:00:59 - [TEST_STEP][PASSED] - System.gc(): null

2020-04-15 12:00:59 - [MESSAGE][PASSED] - Call Test Case 'Test Cases/Reusable_Test_Sequences/CAT_Teardown' successfully

2020-04-15 12:00:59 - [TEST_STEP][PASSED] - callTestCase(findTestCase("Reusable_Test_Sequences/CAT_Setup"), [:], OPTIONAL): Call Test Case 'Test Cases/Reusable_Test_Sequences/CAT_Setup' successfully

2020-04-15 12:00:59 - [TEST_CASE][PASSED] - Test Cases/Reusable_Test_Sequences/CAT_Setup: Test Cases/Reusable_Test_Sequences/CAT_Setup

2020-04-15 12:00:59 - [TEST_STEP][PASSED] - "------------------------------": null

2020-04-15 12:00:59 - [TEST_STEP][PASSED] - " Set Mobile Device Testing    |": null

2020-04-15 12:00:59 - [TEST_STEP][PASSED] - if (Mobile_Flag == "true"): null

2020-04-15 12:00:59 - [TEST_STEP][PASSED] - "------------------------------": null

2020-04-15 12:00:59 - [TEST_STEP][PASSED] - " Set Mobile Device Testing    |": null

2020-04-15 12:00:59 - [TEST_STEP][PASSED] - "------------------------------": null

2020-04-15 12:00:59 - [TEST_STEP][PASSED] - "URL - Set from the ENVIRONMENT PROFILE ": null

2020-04-15 12:00:59 - [TEST_STEP][PASSED] - openBrowser(URL): Browser is opened with url: 'https://www.preview.checkatrade.com/'

2020-04-15 12:00:59 - [MESSAGE][INFO] - Starting 'Firefox' driver

2020-04-15 12:00:59 - [MESSAGE][INFO] - Action delay is set to 0 milliseconds

2020-04-15 12:01:13 - [MESSAGE][PASSED] - Browser is opened with url: 'https://www.preview.checkatrade.com/'

2020-04-15 12:01:13 - [TEST_STEP][PASSED] - maximizeWindow(): Current window maximized

2020-04-15 12:01:13 - [MESSAGE][PASSED] - Current window maximized

2020-04-15 12:01:13 - [TEST_STEP][PASSED] - waitForPageLoad(60): Wait for page load successfully

2020-04-15 12:01:13 - [MESSAGE][PASSED] - Wait for page load successfully

2020-04-15 12:01:13 - [TEST_STEP][PASSED] - "Previous Functionalilty Left Commented For Ease Of reversion": null

2020-04-15 12:01:13 - [TEST_STEP][PASSED] - " Katalon Try/Catches currently have issues? SEE HEADER": null

2020-04-15 12:01:13 - [TEST_STEP][PASSED] - try: Text 'Cookie Policy' is not present on page

2020-04-15 12:01:13 - [TEST_STEP][PASSED] - verifyElementPresent(findTestObject("Object Repository/Cookies/Page_Checkatrade Find a tradesperson you can trust/button_Accept All"), 5, OPTIONAL): Object 'Object Repository/Cookies/Page_Checkatrade Find a tradesperson you can trust/button_Accept All' is present

2020-04-15 12:01:13 - [MESSAGE][PASSED] - Object 'Object Repository/Cookies/Page_Checkatrade Find a tradesperson you can trust/button_Accept All' is present

2020-04-15 12:01:13 - [TEST_STEP][PASSED] - click(findTestObject("Object Repository/Cookies/Page_Checkatrade Find a tradesperson you can trust/button_Accept All"), OPTIONAL): Object: 'Object Repository/Cookies/Page_Checkatrade Find a tradesperson you can trust/button_Accept All' is clicked on

2020-04-15 12:01:14 - [MESSAGE][PASSED] - Object: 'Object Repository/Cookies/Page_Checkatrade Find a tradesperson you can trust/button_Accept All' is clicked on

2020-04-15 12:01:14 - [TEST_STEP][PASSED] - "---------------------------------": null

2020-04-15 12:01:14 - [TEST_STEP][PASSED] - "COOKIE POPOUT REMOVED - Confirmed": null

2020-04-15 12:01:14 - [TEST_STEP][PASSED] - delay(1): Delayed 1 second(s)

2020-04-15 12:01:15 - [MESSAGE][PASSED] - Delayed 1 second(s)

2020-04-15 12:01:15 - [TEST_STEP][PASSED] - verifyTextNotPresent("We use cookies to personalise content and ads, to provide social media features and to analyse our traffic", false): Text 'We use cookies to personalise content and ads, to provide social media features and to analyse our traffic' is not present on page

2020-04-15 12:01:16 - [MESSAGE][PASSED] - Text 'We use cookies to personalise content and ads, to provide social media features and to analyse our traffic' is not present on page

2020-04-15 12:01:16 - [TEST_STEP][PASSED] - verifyTextNotPresent(" We also share information about your use of our site with our social media, advertising and analytics partners", false): Text ' We also share information about your use of our site with our social media, advertising and analytics partners' is not present on page

2020-04-15 12:01:17 - [MESSAGE][PASSED] - Text ' We also share information about your use of our site with our social media, advertising and analytics partners' is not present on page

2020-04-15 12:01:17 - [TEST_STEP][PASSED] - verifyTextNotPresent("Cookie Policy", false): Text 'Cookie Policy' is not present on page

2020-04-15 12:01:17 - [MESSAGE][PASSED] - Text 'Cookie Policy' is not present on page

2020-04-15 12:01:17 - [TEST_STEP][PASSED] - waitForPageLoad(60): Wait for page load successfully

2020-04-15 12:01:17 - [MESSAGE][PASSED] - Wait for page load successfully

2020-04-15 12:01:17 - [TEST_STEP][PASSED] - "COOKIE - ORIGINAL": null

2020-04-15 12:01:17 - [TEST_STEP][PASSED] - if (waitForElementVisible(findTestObject("Object Repository/Feedback/Page_Checkatrade Give your feedback/input_Member_to_Review"), 5)): Web element with id: 'Object Repository/Feedback/Page_Checkatrade Give your feedback/input_Member_to_Review' located by 'By.xpath: //input[@id='feedback-form__company_autocomplete_input']' not found

2020-04-15 12:01:23 - [MESSAGE][INFO] - Unable to find the element located by 'By.xpath: //input[@id='feedback-form__company_autocomplete_input']'. Please recheck the objects properties to make sure the desired element is located. 

2020-04-15 12:01:23 - [MESSAGE][WARNING] - Web element with id: 'Object Repository/Feedback/Page_Checkatrade Give your feedback/input_Member_to_Review' located by 'By.xpath: //input[@id='feedback-form__company_autocomplete_input']' not found

2020-04-15 12:01:23 - [TEST_STEP][PASSED] - else: The <<<OLD>>> Website was detected by the STARTUP Process

2020-04-15 12:01:23 - [TEST_STEP][PASSED] - if (!(verifyElementVisible(findTestObject("Object Repository/Checkatrade_Trade_Search_Page/Page_Checkatrade Find a tradesperson you can trust/input_Search_Button_FF")))): Object 'Object Repository/Checkatrade_Trade_Search_Page/Page_Checkatrade Find a tradesperson you can trust/input_Search_Button_FF' is visible

2020-04-15 12:01:23 - [MESSAGE][PASSED] - Object 'Object Repository/Checkatrade_Trade_Search_Page/Page_Checkatrade Find a tradesperson you can trust/input_Search_Button_FF' is visible

2020-04-15 12:01:23 - [TEST_STEP][PASSED] - else: The <<<OLD>>> Website was detected by the STARTUP Process

2020-04-15 12:01:23 - [TEST_STEP][PASSED] - Website_Version = "old": null

2020-04-15 12:01:23 - [TEST_STEP][PASSED] - logInfo("The <<<OLD>>> Website was detected by the STARTUP Process"): The <<<OLD>>> Website was detected by the STARTUP Process

2020-04-15 12:01:23 - [MESSAGE][INFO] - The <<<OLD>>> Website was detected by the STARTUP Process

2020-04-15 12:01:23 - [MESSAGE][PASSED] - Call Test Case 'Test Cases/Reusable_Test_Sequences/CAT_Setup' successfully

2020-04-15 12:01:23 - [TEST_STEP][PASSED] - callTestCase(findTestCase("Reusable_Test_Sequences/CAT_Home"), [:], CONTINUE_ON_FAILURE): Call Test Case 'Test Cases/Reusable_Test_Sequences/CAT_Home' successfully

2020-04-15 12:01:23 - [TEST_CASE][PASSED] - Test Cases/Reusable_Test_Sequences/CAT_Home: Test Cases/Reusable_Test_Sequences/CAT_Home

2020-04-15 12:01:23 - [TEST_STEP][PASSED] - waitForPageLoad(60): Wait for page load successfully

2020-04-15 12:01:23 - [MESSAGE][PASSED] - Wait for page load successfully

2020-04-15 12:01:23 - [TEST_STEP][PASSED] - delay(2): Delayed 2 second(s)

2020-04-15 12:01:25 - [MESSAGE][PASSED] - Delayed 2 second(s)

2020-04-15 12:01:25 - [TEST_STEP][PASSED] - "------------------------------------": null

2020-04-15 12:01:25 - [TEST_STEP][PASSED] - if (Website_Version == "new"): null

2020-04-15 12:01:25 - [TEST_STEP][PASSED] - else: Text 'Over a million visits to Checkatrade each month' is present on page 

2020-04-15 12:01:25 - [TEST_STEP][PASSED] - verifyTextPresent("Helping you find the right trade or service", false): Text 'Helping you find the right trade or service' is present on page 

2020-04-15 12:01:26 - [MESSAGE][PASSED] - Text 'Helping you find the right trade or service' is present on page 

2020-04-15 12:01:26 - [TEST_STEP][PASSED] - verifyTextPresent("Search through over", false): Text 'Search through over' is present on page 

2020-04-15 12:01:26 - [MESSAGE][PASSED] - Text 'Search through over' is present on page 

2020-04-15 12:01:26 - [TEST_STEP][PASSED] - verifyTextPresent("recommended, vetted and monitored trades and service providers for free.", false): Text 'recommended, vetted and monitored trades and service providers for free.' is present on page 

2020-04-15 12:01:27 - [MESSAGE][PASSED] - Text 'recommended, vetted and monitored trades and service providers for free.' is present on page 

2020-04-15 12:01:27 - [TEST_STEP][PASSED] - verifyTextPresent("reviews published so far – thank you!", false): Text 'reviews published so far – thank you!' is present on page 

2020-04-15 12:01:27 - [MESSAGE][PASSED] - Text 'reviews published so far – thank you!' is present on page 

2020-04-15 12:01:27 - [TEST_STEP][PASSED] - verifyTextPresent("I need a trade or service", false): Text 'I need a trade or service' is present on page 

2020-04-15 12:01:28 - [MESSAGE][PASSED] - Text 'I need a trade or service' is present on page 

2020-04-15 12:01:28 - [TEST_STEP][PASSED] - verifyTextPresent("Every trader thoroughly checked and vetted", false): Text 'Every trader thoroughly checked and vetted' is present on page 

2020-04-15 12:01:28 - [MESSAGE][PASSED] - Text 'Every trader thoroughly checked and vetted' is present on page 

2020-04-15 12:01:28 - [TEST_STEP][PASSED] - "------------------------------------": null

2020-04-15 12:01:28 - [TEST_STEP][PASSED] - verifyTextPresent("reviews published so far – thank you!", false): Text 'reviews published so far – thank you!' is present on page 

2020-04-15 12:01:30 - [MESSAGE][PASSED] - Text 'reviews published so far – thank you!' is present on page 

2020-04-15 12:01:30 - [TEST_STEP][PASSED] - verifyTextPresent("Find out more", false): Text 'Find out more' is present on page 

2020-04-15 12:01:30 - [MESSAGE][PASSED] - Text 'Find out more' is present on page 

2020-04-15 12:01:30 - [TEST_STEP][PASSED] - verifyTextPresent("I am a tradesman", false): Text 'I am a tradesman' is present on page 

2020-04-15 12:01:30 - [MESSAGE][PASSED] - Text 'I am a tradesman' is present on page 

2020-04-15 12:01:30 - [TEST_STEP][PASSED] - verifyTextPresent("Find out more", false): Text 'Find out more' is present on page 

2020-04-15 12:01:31 - [MESSAGE][PASSED] - Text 'Find out more' is present on page 

2020-04-15 12:01:31 - [TEST_STEP][PASSED] - verifyTextPresent("Over a million visits to Checkatrade each month", false): Text 'Over a million visits to Checkatrade each month' is present on page 

2020-04-15 12:01:31 - [MESSAGE][PASSED] - Text 'Over a million visits to Checkatrade each month' is present on page 

2020-04-15 12:01:31 - [MESSAGE][PASSED] - Call Test Case 'Test Cases/Reusable_Test_Sequences/CAT_Home' successfully

2020-04-15 12:01:31 - [TEST_STEP][PASSED] - "---------------------------------------": null

2020-04-15 12:01:31 - [TEST_STEP][PASSED] - " Set and SEARCH TRADE CLASSIFICATION   |": null

2020-04-15 12:01:31 - [TEST_STEP][PASSED] - callTestCase(findTestCase("Reusable_Test_Sequences/CAT_Enter_Trade_Classification"), [:], CONTINUE_ON_FAILURE): Call Test Case 'Test Cases/Reusable_Test_Sequences/CAT_Enter_Trade_Classification' successfully

2020-04-15 12:01:31 - [TEST_CASE][PASSED] - Test Cases/Reusable_Test_Sequences/CAT_Enter_Trade_Classification: Test Cases/Reusable_Test_Sequences/CAT_Enter_Trade_Classification

2020-04-15 12:01:31 - [TEST_STEP][PASSED] - "---------------------------------": null

2020-04-15 12:01:31 - [TEST_STEP][PASSED] - "Set and SEARCH SELECTED TRADE": null

2020-04-15 12:01:31 - [TEST_STEP][PASSED] - if (Website_Version == "new"): null

2020-04-15 12:01:31 - [TEST_STEP][PASSED] - else: Object: 'Object Repository/Checkatrade_Trade_Search_Page/Page_Checkatrade Find a tradesperson you can trust/input_Search_Button_FF' is clicked on

2020-04-15 12:01:31 - [TEST_STEP][PASSED] - waitForElementPresent(findTestObject("Object Repository/Checkatrade_Trade_Search_Page/Page_Checkatrade Find a tradesperson you can trust/input_Search_Button_FF"), 60): Object 'Object Repository/Checkatrade_Trade_Search_Page/Page_Checkatrade Find a tradesperson you can trust/input_Search_Button_FF' is present

2020-04-15 12:01:31 - [MESSAGE][PASSED] - Object 'Object Repository/Checkatrade_Trade_Search_Page/Page_Checkatrade Find a tradesperson you can trust/input_Search_Button_FF' is present

2020-04-15 12:01:31 - [TEST_STEP][PASSED] - click(findTestObject("Object Repository/Checkatrade_Trade_Search_Page/Page_Checkatrade Find a tradesperson you can trust/input_Search_Button_FF")): Object: 'Object Repository/Checkatrade_Trade_Search_Page/Page_Checkatrade Find a tradesperson you can trust/input_Search_Button_FF' is clicked on

2020-04-15 12:01:32 - [MESSAGE][PASSED] - Object: 'Object Repository/Checkatrade_Trade_Search_Page/Page_Checkatrade Find a tradesperson you can trust/input_Search_Button_FF' is clicked on

2020-04-15 12:01:32 - [TEST_STEP][PASSED] - setText(findTestObject("Object Repository/Checkatrade_Trade_Search_Page/Page_Checkatrade Find a tradesperson you can trust/input_Search_Button_FF"), findTestData("searchTestData").getValue("tradeClassification", row)): Text 'Electrician' is set on object 'Object Repository/Checkatrade_Trade_Search_Page/Page_Checkatrade Find a tradesperson you can trust/input_Search_Button_FF'

2020-04-15 12:01:32 - [MESSAGE][PASSED] - Text 'Electrician' is set on object 'Object Repository/Checkatrade_Trade_Search_Page/Page_Checkatrade Find a tradesperson you can trust/input_Search_Button_FF'

2020-04-15 12:01:32 - [TEST_STEP][PASSED] - click(findTestObject("Object Repository/Checkatrade_Trade_Search_Page/Page_Checkatrade Find a tradesperson you can trust/input_Search_Button_FF")): Object: 'Object Repository/Checkatrade_Trade_Search_Page/Page_Checkatrade Find a tradesperson you can trust/input_Search_Button_FF' is clicked on

2020-04-15 12:01:32 - [MESSAGE][PASSED] - Object: 'Object Repository/Checkatrade_Trade_Search_Page/Page_Checkatrade Find a tradesperson you can trust/input_Search_Button_FF' is clicked on

2020-04-15 12:01:32 - [MESSAGE][PASSED] - Call Test Case 'Test Cases/Reusable_Test_Sequences/CAT_Enter_Trade_Classification' successfully

2020-04-15 12:01:32 - [TEST_STEP][PASSED] - "---------------------------------------": null

2020-04-15 12:01:32 - [TEST_STEP][PASSED] - " Set and SEARCH TRADE LOCATION         |": null

2020-04-15 12:01:32 - [TEST_STEP][PASSED] - callTestCase(findTestCase("Reusable_Test_Sequences/CAT_Enter_Trade_Location"), [:], CONTINUE_ON_FAILURE): Call Test Case 'Test Cases/Reusable_Test_Sequences/CAT_Enter_Trade_Location' successfully

2020-04-15 12:01:32 - [TEST_CASE][PASSED] - Test Cases/Reusable_Test_Sequences/CAT_Enter_Trade_Location: Test Cases/Reusable_Test_Sequences/CAT_Enter_Trade_Location

2020-04-15 12:01:32 - [TEST_STEP][PASSED] - "---------------------------------": null

2020-04-15 12:01:32 - [TEST_STEP][PASSED] - "Set and SEARCH SELECTED LOCATION |": null

2020-04-15 12:01:32 - [TEST_STEP][PASSED] - if (Website_Version != "new"): Text 'Hayling Island' is set on object 'Object Repository/Checkatrade_Trade_Search_Page/Page_Checkatrade Find a tradesperson you can trust/input_Not here_location'

2020-04-15 12:01:32 - [TEST_STEP][PASSED] - click(findTestObject("Object Repository/Checkatrade_Trade_Search_Page/Page_Checkatrade Find a tradesperson you can trust/input_Not here_location")): Object: 'Object Repository/Checkatrade_Trade_Search_Page/Page_Checkatrade Find a tradesperson you can trust/input_Not here_location' is clicked on

2020-04-15 12:01:33 - [MESSAGE][PASSED] - Object: 'Object Repository/Checkatrade_Trade_Search_Page/Page_Checkatrade Find a tradesperson you can trust/input_Not here_location' is clicked on

2020-04-15 12:01:33 - [TEST_STEP][PASSED] - setText(findTestObject("Object Repository/Checkatrade_Trade_Search_Page/Page_Checkatrade Find a tradesperson you can trust/input_Not here_location"), findTestData("searchTestData").getValue("tradeLocation", row)): Text 'Hayling Island' is set on object 'Object Repository/Checkatrade_Trade_Search_Page/Page_Checkatrade Find a tradesperson you can trust/input_Not here_location'

2020-04-15 12:01:33 - [MESSAGE][PASSED] - Text 'Hayling Island' is set on object 'Object Repository/Checkatrade_Trade_Search_Page/Page_Checkatrade Find a tradesperson you can trust/input_Not here_location'

2020-04-15 12:01:33 - [TEST_STEP][PASSED] - if (verifyTextNotPresent("Sorry, no results found", false)): null

2020-04-15 12:01:34 - [MESSAGE][PASSED] - Text 'Sorry, no results found' is not present on page

2020-04-15 12:01:34 - [TEST_STEP][PASSED] - markPassed("The Expected Lookup Result(s) ARE being returned by the Lookup Service, AS EXPECTED"): The Expected Lookup Result(s) ARE being returned by the Lookup Service, AS EXPECTED

2020-04-15 12:01:34 - [MESSAGE][PASSED] - The Expected Lookup Result(s) ARE being returned by the Lookup Service, AS EXPECTED

2020-04-15 12:01:34 - [MESSAGE][PASSED] - Call Test Case 'Test Cases/Reusable_Test_Sequences/CAT_Enter_Trade_Location' successfully

2020-04-15 12:01:34 - [TEST_STEP][PASSED] - "---------------------------------------": null

2020-04-15 12:01:34 - [TEST_STEP][PASSED] - " Scroll Search Button into View        |": null

2020-04-15 12:01:34 - [TEST_STEP][PASSED] - "---------------------------------------": null

2020-04-15 12:01:34 - [TEST_STEP][PASSED] - "---------------------------------------": null

2020-04-15 12:01:34 - [TEST_STEP][PASSED] - " Hit Search Button                     |": null

2020-04-15 12:01:34 - [TEST_STEP][PASSED] - callTestCase(findTestCase("Reusable_Test_Sequences/CAT_Hit_Search_Button"), [:], CONTINUE_ON_FAILURE): Call Test Case 'Test Cases/Reusable_Test_Sequences/CAT_Hit_Search_Button' successfully

2020-04-15 12:01:34 - [TEST_CASE][PASSED] - Test Cases/Reusable_Test_Sequences/CAT_Hit_Search_Button: Test Cases/Reusable_Test_Sequences/CAT_Hit_Search_Button

2020-04-15 12:01:34 - [TEST_STEP][PASSED] - "---------------------------------": null

2020-04-15 12:01:34 - [TEST_STEP][PASSED] - "HIT SEARCH": null

2020-04-15 12:01:34 - [TEST_STEP][PASSED] - "---------------------------------": null

2020-04-15 12:01:34 - [TEST_STEP][PASSED] - if (Website_Version == "new"): null

2020-04-15 12:01:34 - [TEST_STEP][PASSED] - else: Object: 'Object Repository/Page_Checkatrade Find a tradesperson you can trust/a_Search' is clicked on

2020-04-15 12:01:34 - [TEST_STEP][PASSED] - waitForElementClickable(findTestObject("Object Repository/Page_Checkatrade Find a tradesperson you can trust/a_Search"), 25): Object 'Object Repository/Page_Checkatrade Find a tradesperson you can trust/a_Search' is clickable

2020-04-15 12:01:34 - [MESSAGE][PASSED] - Object 'Object Repository/Page_Checkatrade Find a tradesperson you can trust/a_Search' is clickable

2020-04-15 12:01:34 - [TEST_STEP][PASSED] - click(findTestObject("Object Repository/Page_Checkatrade Find a tradesperson you can trust/a_Search")): Object: 'Object Repository/Page_Checkatrade Find a tradesperson you can trust/a_Search' is clicked on

2020-04-15 12:01:46 - [MESSAGE][PASSED] - Object: 'Object Repository/Page_Checkatrade Find a tradesperson you can trust/a_Search' is clicked on

2020-04-15 12:01:46 - [MESSAGE][PASSED] - Call Test Case 'Test Cases/Reusable_Test_Sequences/CAT_Hit_Search_Button' successfully

2020-04-15 12:01:46 - [TEST_STEP][PASSED] - "---------------------------------------": null

2020-04-15 12:01:46 - [TEST_STEP][PASSED] - " Verify Returned Page is as Expected   |": null

2020-04-15 12:01:46 - [TEST_STEP][PASSED] - callTestCase(findTestCase("Reusable_Test_Sequences/CAT_Verification"), [:], STOP_ON_FAILURE): Call Test Case 'Test Cases/Reusable_Test_Sequences/CAT_Verification' successfully

2020-04-15 12:01:46 - [TEST_CASE][PASSED] - Test Cases/Reusable_Test_Sequences/CAT_Verification: Test Cases/Reusable_Test_Sequences/CAT_Verification

2020-04-15 12:01:46 - [TEST_STEP][PASSED] - "Updated 05/12/2019 due to wholesale Home page changes": null

2020-04-15 12:01:46 - [TEST_STEP][PASSED] - "Expected cantantenated text is Returned": null

2020-04-15 12:01:46 - [TEST_STEP][PASSED] - " DYNAMIC DELAY - Wait for <SEARCH> Button to Re-Appear after Search is completed": null

2020-04-15 12:01:46 - [TEST_STEP][PASSED] - delay(3): Delayed 3 second(s)

2020-04-15 12:01:49 - [MESSAGE][PASSED] - Delayed 3 second(s)

2020-04-15 12:01:49 - [TEST_STEP][PASSED] - waitForPageLoad(60): Wait for page load successfully

2020-04-15 12:01:49 - [MESSAGE][PASSED] - Wait for page load successfully

2020-04-15 12:01:49 - [TEST_STEP][PASSED] - delay(1): Delayed 1 second(s)

2020-04-15 12:01:50 - [MESSAGE][PASSED] - Delayed 1 second(s)

2020-04-15 12:01:50 - [TEST_STEP][PASSED] - "--------------------": null

2020-04-15 12:01:50 - [TEST_STEP][PASSED] - "----------------------------------------------------------------------------------------------------": null

2020-04-15 12:01:50 - [TEST_STEP][PASSED] - "PREVIEW INCONSISTENCY - SOMETIME THE FIRST ITERATION RETURNS 404 - SEEMS TO BE A PREVIEW GLITCH THAT OCCURS TOO OFTEN   |  23/03/2020 - DH": null

2020-04-15 12:01:50 - [TEST_STEP][PASSED] - "------------------------------------------------------------------------------------------------------------------------": null

2020-04-15 12:01:50 - [TEST_STEP][PASSED] - "NEW Approach - Detect IMPROVE SEARCH PoPout and Syn on THIS": null

2020-04-15 12:01:50 - [TEST_STEP][PASSED] - verifyTextPresent(findTestData("searchTestData").getValue("tradeClassification", row), false): Text 'Electrician' is present on page 

2020-04-15 12:01:55 - [MESSAGE][PASSED] - Text 'Electrician' is present on page 

2020-04-15 12:01:55 - [TEST_STEP][PASSED] - verifyTextPresent(findTestData("searchTestData").getValue("tradeLocation", row), false): Text 'Hayling Island' is present on page 

2020-04-15 12:01:59 - [MESSAGE][PASSED] - Text 'Hayling Island' is present on page 

2020-04-15 12:01:59 - [MESSAGE][PASSED] - Call Test Case 'Test Cases/Reusable_Test_Sequences/CAT_Verification' successfully

2020-04-15 12:01:59 - [TEST_STEP][PASSED] - "--------------------------": null

2020-04-15 12:01:59 - [TEST_STEP][PASSED] - " Teardown - CLose Browser |": null

2020-04-15 12:01:59 - [TEST_STEP][PASSED] - callTestCase(findTestCase("Reusable_Test_Sequences/CAT_Teardown"), [:], OPTIONAL): Call Test Case 'Test Cases/Reusable_Test_Sequences/CAT_Teardown' successfully

2020-04-15 12:01:59 - [TEST_CASE][PASSED] - Test Cases/Reusable_Test_Sequences/CAT_Teardown: Test Cases/Reusable_Test_Sequences/CAT_Teardown

2020-04-15 12:01:59 - [TEST_STEP][PASSED] - closeBrowser(): Browser is closed

2020-04-15 12:02:02 - [MESSAGE][PASSED] - Browser is closed

2020-04-15 12:02:02 - [TEST_STEP][PASSED] - super.finalize(): null

2020-04-15 12:02:02 - [TEST_STEP][PASSED] - System.gc(): null

2020-04-15 12:02:02 - [MESSAGE][PASSED] - Call Test Case 'Test Cases/Reusable_Test_Sequences/CAT_Teardown' successfully

2020-04-15 12:02:02 - [TEST_STEP][PASSED] - callTestCase(findTestCase("Reusable_Test_Sequences/CAT_Setup"), [:], OPTIONAL): Unable to call Test Case 'Test Cases/Reusable_Test_Sequences/CAT_Setup' (Root cause: com.kms.katalon.core.exception.StepFailedException: Call Test Case 'Test Cases/Reusable_Test_Sequences/CAT_Setup' failed
	at com.kms.katalon.core.keyword.builtin.CallTestCaseKeyword$_callTestCase_closure1.doCall(CallTestCaseKeyword.groovy:63)
	at com.kms.katalon.core.keyword.builtin.CallTestCaseKeyword$_callTestCase_closure1.call(CallTestCaseKeyword.groovy)
	at com.kms.katalon.core.keyword.internal.KeywordMain.runKeyword(KeywordMain.groovy:68)
	at com.kms.katalon.core.keyword.builtin.CallTestCaseKeyword.callTestCase(CallTestCaseKeyword.groovy:81)
	at com.kms.katalon.core.keyword.builtin.CallTestCaseKeyword.execute(CallTestCaseKeyword.groovy:44)
	at com.kms.katalon.core.keyword.internal.KeywordExecutor.executeKeywordForPlatform(KeywordExecutor.groovy:72)
	at com.kms.katalon.core.keyword.BuiltinKeywords.callTestCase(BuiltinKeywords.groovy:334)
	at Trade_Location_Search.run(Trade_Location_Search:71)
	at com.kms.katalon.core.main.ScriptEngine.run(ScriptEngine.java:194)
	at com.kms.katalon.core.main.ScriptEngine.runScriptAsRawText(ScriptEngine.java:119)
	at com.kms.katalon.core.main.TestCaseExecutor.runScript(TestCaseExecutor.java:337)
	at com.kms.katalon.core.main.TestCaseExecutor.doExecute(TestCaseExecutor.java:328)
	at com.kms.katalon.core.main.TestCaseExecutor.processExecutionPhase(TestCaseExecutor.java:307)
	at com.kms.katalon.core.main.TestCaseExecutor.accessMainPhase(TestCaseExecutor.java:299)
	at com.kms.katalon.core.main.TestCaseExecutor.execute(TestCaseExecutor.java:233)
	at com.kms.katalon.core.main.TestSuiteExecutor.accessTestCaseMainPhase(TestSuiteExecutor.java:169)
	at com.kms.katalon.core.main.TestSuiteExecutor.accessTestSuiteMainPhase(TestSuiteExecutor.java:142)
	at com.kms.katalon.core.main.TestSuiteExecutor.execute(TestSuiteExecutor.java:91)
	at com.kms.katalon.core.main.TestCaseMain.startTestSuite(TestCaseMain.java:157)
	at com.kms.katalon.core.main.TestCaseMain$startTestSuite$0.call(Unknown Source)
	at TempTestSuite1586947980982.run(TempTestSuite1586947980982.groovy:36)
Caused by: com.kms.katalon.core.exception.StepFailedException: Text 'Cookie Policy' is present on page  (Root cause: com.kms.katalon.core.exception.StepFailedException: Text 'Cookie Policy' is present on page 
	at com.kms.katalon.core.webui.keyword.internal.WebUIKeywordMain.stepFailed(WebUIKeywordMain.groovy:64)
	at com.kms.katalon.core.webui.keyword.builtin.VerifyTextNotPresentKeyword$_verifyTextNotPresent_closure1.doCall(VerifyTextNotPresentKeyword.groovy:77)
	at com.kms.katalon.core.webui.keyword.builtin.VerifyTextNotPresentKeyword$_verifyTextNotPresent_closure1.call(VerifyTextNotPresentKeyword.groovy)
	at com.kms.katalon.core.webui.keyword.internal.WebUIKeywordMain.runKeyword(WebUIKeywordMain.groovy:20)
	at com.kms.katalon.core.webui.keyword.builtin.VerifyTextNotPresentKeyword.verifyTextNotPresent(VerifyTextNotPresentKeyword.groovy:82)
	at com.kms.katalon.core.webui.keyword.builtin.VerifyTextNotPresentKeyword.execute(VerifyTextNotPresentKeyword.groovy:68)
	at com.kms.katalon.core.keyword.internal.KeywordExecutor.executeKeywordForPlatform(KeywordExecutor.groovy:72)
	at com.kms.katalon.core.webui.keyword.WebUiBuiltInKeywords.verifyTextNotPresent(WebUiBuiltInKeywords.groovy:1752)
	at com.kms.katalon.core.webui.keyword.WebUiBuiltInKeywords$verifyTextNotPresent$4.call(Unknown Source)
	at CAT_Setup.run(CAT_Setup:177)
	at com.kms.katalon.core.main.ScriptEngine.run(ScriptEngine.java:194)
	at com.kms.katalon.core.main.ScriptEngine.runScriptAsRawText(ScriptEngine.java:119)
	at com.kms.katalon.core.main.TestCaseExecutor.runScript(TestCaseExecutor.java:337)
	at com.kms.katalon.core.main.TestCaseExecutor.doExecute(TestCaseExecutor.java:328)
	at com.kms.katalon.core.main.TestCaseExecutor.processExecutionPhase(TestCaseExecutor.java:307)
	at com.kms.katalon.core.main.TestCaseExecutor.accessMainPhase(TestCaseExecutor.java:299)
	at com.kms.katalon.core.main.TestCaseExecutor.execute(TestCaseExecutor.java:233)
	at com.kms.katalon.core.main.TestCaseMain.runTestCase(TestCaseMain.java:114)
	at com.kms.katalon.core.keyword.builtin.CallTestCaseKeyword$_callTestCase_closure1.doCall(CallTestCaseKeyword.groovy:59)
	at com.kms.katalon.core.keyword.builtin.CallTestCaseKeyword$_callTestCase_closure1.call(CallTestCaseKeyword.groovy)
	at com.kms.katalon.core.keyword.internal.KeywordMain.runKeyword(KeywordMain.groovy:68)
	at com.kms.katalon.core.keyword.builtin.CallTestCaseKeyword.callTestCase(CallTestCaseKeyword.groovy:81)
	at com.kms.katalon.core.keyword.builtin.CallTestCaseKeyword.execute(CallTestCaseKeyword.groovy:44)
	at com.kms.katalon.core.keyword.internal.KeywordExecutor.executeKeywordForPlatform(KeywordExecutor.groovy:72)
	at com.kms.katalon.core.keyword.BuiltinKeywords.callTestCase(BuiltinKeywords.groovy:334)
	at Trade_Location_Search.run(Trade_Location_Search:71)
	at com.kms.katalon.core.main.ScriptEngine.run(ScriptEngine.java:194)
	at com.kms.katalon.core.main.ScriptEngine.runScriptAsRawText(ScriptEngine.java:119)
	at com.kms.katalon.core.main.TestCaseExecutor.runScript(TestCaseExecutor.java:337)
	at com.kms.katalon.core.main.TestCaseExecutor.doExecute(TestCaseExecutor.java:328)
	at com.kms.katalon.core.main.TestCaseExecutor.processExecutionPhase(TestCaseExecutor.java:307)
	at com.kms.katalon.core.main.TestCaseExecutor.accessMainPhase(TestCaseExecutor.java:299)
	at com.kms.katalon.core.main.TestCaseExecutor.execute(TestCaseExecutor.java:233)
	at com.kms.katalon.core.main.TestSuiteExecutor.accessTestCaseMainPhase(TestSuiteExecutor.java:169)
	at com.kms.katalon.core.main.TestSuiteExecutor.accessTestSuiteMainPhase(TestSuiteExecutor.java:142)
	at com.kms.katalon.core.main.TestSuiteExecutor.execute(TestSuiteExecutor.java:91)
	at com.kms.katalon.core.main.TestCaseMain.startTestSuite(TestCaseMain.java:157)
	at com.kms.katalon.core.main.TestCaseMain$startTestSuite$0.call(Unknown Source)
	at TempTestSuite1586947980982.run(TempTestSuite1586947980982.groovy:36)
)
	at com.kms.katalon.core.keyword.internal.KeywordMain.stepFailed(KeywordMain.groovy:39)
	at com.kms.katalon.core.webui.keyword.internal.WebUIKeywordMain.stepFailed(WebUIKeywordMain.groovy:64)
	at com.kms.katalon.core.webui.keyword.builtin.VerifyTextNotPresentKeyword$_verifyTextNotPresent_closure1.doCall(VerifyTextNotPresentKeyword.groovy:77)
	at com.kms.katalon.core.webui.keyword.builtin.VerifyTextNotPresentKeyword$_verifyTextNotPresent_closure1.call(VerifyTextNotPresentKeyword.groovy)
	at com.kms.katalon.core.webui.keyword.internal.WebUIKeywordMain.runKeyword(WebUIKeywordMain.groovy:20)
	at com.kms.katalon.core.webui.keyword.builtin.VerifyTextNotPresentKeyword.verifyTextNotPresent(VerifyTextNotPresentKeyword.groovy:82)
	at com.kms.katalon.core.webui.keyword.builtin.VerifyTextNotPresentKeyword.execute(VerifyTextNotPresentKeyword.groovy:68)
	at com.kms.katalon.core.keyword.internal.KeywordExecutor.executeKeywordForPlatform(KeywordExecutor.groovy:72)
	at com.kms.katalon.core.webui.keyword.WebUiBuiltInKeywords.verifyTextNotPresent(WebUiBuiltInKeywords.groovy:1752)
	at com.kms.katalon.core.webui.keyword.WebUiBuiltInKeywords$verifyTextNotPresent$4.call(Unknown Source)
	at CAT_Setup.run(CAT_Setup:177)
	at com.kms.katalon.core.main.ScriptEngine.run(ScriptEngine.java:194)
	at com.kms.katalon.core.main.ScriptEngine.runScriptAsRawText(ScriptEngine.java:119)
	at com.kms.katalon.core.main.TestCaseExecutor.runScript(TestCaseExecutor.java:337)
	at com.kms.katalon.core.main.TestCaseExecutor.doExecute(TestCaseExecutor.java:328)
	at com.kms.katalon.core.main.TestCaseExecutor.processExecutionPhase(TestCaseExecutor.java:307)
	at com.kms.katalon.core.main.TestCaseExecutor.accessMainPhase(TestCaseExecutor.java:299)
	at com.kms.katalon.core.main.TestCaseExecutor.execute(TestCaseExecutor.java:233)
	at com.kms.katalon.core.main.TestCaseMain.runTestCase(TestCaseMain.java:114)
	at com.kms.katalon.core.keyword.builtin.CallTestCaseKeyword$_callTestCase_closure1.doCall(CallTestCaseKeyword.groovy:59)
	... 20 more
Caused by: com.kms.katalon.core.exception.StepFailedException: Text 'Cookie Policy' is present on page 
	... 39 more
)

2020-04-15 12:02:02 - [TEST_CASE][FAILED] - Test Cases/Reusable_Test_Sequences/CAT_Setup: Test Cases/Reusable_Test_Sequences/CAT_Setup FAILED.
Reason:
com.kms.katalon.core.exception.StepFailedException: Text 'Cookie Policy' is present on page  (Root cause: com.kms.katalon.core.exception.StepFailedException: Text 'Cookie Policy' is present on page 
	at com.kms.katalon.core.webui.keyword.internal.WebUIKeywordMain.stepFailed(WebUIKeywordMain.groovy:64)
	at com.kms.katalon.core.webui.keyword.builtin.VerifyTextNotPresentKeyword$_verifyTextNotPresent_closure1.doCall(VerifyTextNotPresentKeyword.groovy:77)
	at com.kms.katalon.core.webui.keyword.builtin.VerifyTextNotPresentKeyword$_verifyTextNotPresent_closure1.call(VerifyTextNotPresentKeyword.groovy)
	at com.kms.katalon.core.webui.keyword.internal.WebUIKeywordMain.runKeyword(WebUIKeywordMain.groovy:20)
	at com.kms.katalon.core.webui.keyword.builtin.VerifyTextNotPresentKeyword.verifyTextNotPresent(VerifyTextNotPresentKeyword.groovy:82)
	at com.kms.katalon.core.webui.keyword.builtin.VerifyTextNotPresentKeyword.execute(VerifyTextNotPresentKeyword.groovy:68)
	at com.kms.katalon.core.keyword.internal.KeywordExecutor.executeKeywordForPlatform(KeywordExecutor.groovy:72)
	at com.kms.katalon.core.webui.keyword.WebUiBuiltInKeywords.verifyTextNotPresent(WebUiBuiltInKeywords.groovy:1752)
	at com.kms.katalon.core.webui.keyword.WebUiBuiltInKeywords$verifyTextNotPresent$4.call(Unknown Source)
	at CAT_Setup.run(CAT_Setup:177)
	at com.kms.katalon.core.main.ScriptEngine.run(ScriptEngine.java:194)
	at com.kms.katalon.core.main.ScriptEngine.runScriptAsRawText(ScriptEngine.java:119)
	at com.kms.katalon.core.main.TestCaseExecutor.runScript(TestCaseExecutor.java:337)
	at com.kms.katalon.core.main.TestCaseExecutor.doExecute(TestCaseExecutor.java:328)
	at com.kms.katalon.core.main.TestCaseExecutor.processExecutionPhase(TestCaseExecutor.java:307)
	at com.kms.katalon.core.main.TestCaseExecutor.accessMainPhase(TestCaseExecutor.java:299)
	at com.kms.katalon.core.main.TestCaseExecutor.execute(TestCaseExecutor.java:233)
	at com.kms.katalon.core.main.TestCaseMain.runTestCase(TestCaseMain.java:114)
	at com.kms.katalon.core.keyword.builtin.CallTestCaseKeyword$_callTestCase_closure1.doCall(CallTestCaseKeyword.groovy:59)
	at com.kms.katalon.core.keyword.builtin.CallTestCaseKeyword$_callTestCase_closure1.call(CallTestCaseKeyword.groovy)
	at com.kms.katalon.core.keyword.internal.KeywordMain.runKeyword(KeywordMain.groovy:68)
	at com.kms.katalon.core.keyword.builtin.CallTestCaseKeyword.callTestCase(CallTestCaseKeyword.groovy:81)
	at com.kms.katalon.core.keyword.builtin.CallTestCaseKeyword.execute(CallTestCaseKeyword.groovy:44)
	at com.kms.katalon.core.keyword.internal.KeywordExecutor.executeKeywordForPlatform(KeywordExecutor.groovy:72)
	at com.kms.katalon.core.keyword.BuiltinKeywords.callTestCase(BuiltinKeywords.groovy:334)
	at Trade_Location_Search.run(Trade_Location_Search:71)
	at com.kms.katalon.core.main.ScriptEngine.run(ScriptEngine.java:194)
	at com.kms.katalon.core.main.ScriptEngine.runScriptAsRawText(ScriptEngine.java:119)
	at com.kms.katalon.core.main.TestCaseExecutor.runScript(TestCaseExecutor.java:337)
	at com.kms.katalon.core.main.TestCaseExecutor.doExecute(TestCaseExecutor.java:328)
	at com.kms.katalon.core.main.TestCaseExecutor.processExecutionPhase(TestCaseExecutor.java:307)
	at com.kms.katalon.core.main.TestCaseExecutor.accessMainPhase(TestCaseExecutor.java:299)
	at com.kms.katalon.core.main.TestCaseExecutor.execute(TestCaseExecutor.java:233)
	at com.kms.katalon.core.main.TestSuiteExecutor.accessTestCaseMainPhase(TestSuiteExecutor.java:169)
	at com.kms.katalon.core.main.TestSuiteExecutor.accessTestSuiteMainPhase(TestSuiteExecutor.java:142)
	at com.kms.katalon.core.main.TestSuiteExecutor.execute(TestSuiteExecutor.java:91)
	at com.kms.katalon.core.main.TestCaseMain.startTestSuite(TestCaseMain.java:157)
	at com.kms.katalon.core.main.TestCaseMain$startTestSuite$0.call(Unknown Source)
	at TempTestSuite1586947980982.run(TempTestSuite1586947980982.groovy:36)
)
	at com.kms.katalon.core.keyword.internal.KeywordMain.stepFailed(KeywordMain.groovy:39)
	at com.kms.katalon.core.webui.keyword.internal.WebUIKeywordMain.stepFailed(WebUIKeywordMain.groovy:64)
	at com.kms.katalon.core.webui.keyword.builtin.VerifyTextNotPresentKeyword$_verifyTextNotPresent_closure1.doCall(VerifyTextNotPresentKeyword.groovy:77)
	at com.kms.katalon.core.webui.keyword.builtin.VerifyTextNotPresentKeyword$_verifyTextNotPresent_closure1.call(VerifyTextNotPresentKeyword.groovy)
	at com.kms.katalon.core.webui.keyword.internal.WebUIKeywordMain.runKeyword(WebUIKeywordMain.groovy:20)
	at com.kms.katalon.core.webui.keyword.builtin.VerifyTextNotPresentKeyword.verifyTextNotPresent(VerifyTextNotPresentKeyword.groovy:82)
	at com.kms.katalon.core.webui.keyword.builtin.VerifyTextNotPresentKeyword.execute(VerifyTextNotPresentKeyword.groovy:68)
	at com.kms.katalon.core.keyword.internal.KeywordExecutor.executeKeywordForPlatform(KeywordExecutor.groovy:72)
	at com.kms.katalon.core.webui.keyword.WebUiBuiltInKeywords.verifyTextNotPresent(WebUiBuiltInKeywords.groovy:1752)
	at com.kms.katalon.core.webui.keyword.WebUiBuiltInKeywords$verifyTextNotPresent$4.call(Unknown Source)
	at CAT_Setup.run(CAT_Setup:177)
	at com.kms.katalon.core.main.ScriptEngine.run(ScriptEngine.java:194)
	at com.kms.katalon.core.main.ScriptEngine.runScriptAsRawText(ScriptEngine.java:119)
	at com.kms.katalon.core.main.TestCaseExecutor.runScript(TestCaseExecutor.java:337)
	at com.kms.katalon.core.main.TestCaseExecutor.doExecute(TestCaseExecutor.java:328)
	at com.kms.katalon.core.main.TestCaseExecutor.processExecutionPhase(TestCaseExecutor.java:307)
	at com.kms.katalon.core.main.TestCaseExecutor.accessMainPhase(TestCaseExecutor.java:299)
	at com.kms.katalon.core.main.TestCaseExecutor.execute(TestCaseExecutor.java:233)
	at com.kms.katalon.core.main.TestCaseMain.runTestCase(TestCaseMain.java:114)
	at com.kms.katalon.core.keyword.builtin.CallTestCaseKeyword$_callTestCase_closure1.doCall(CallTestCaseKeyword.groovy:59)
	at com.kms.katalon.core.keyword.builtin.CallTestCaseKeyword$_callTestCase_closure1.call(CallTestCaseKeyword.groovy)
	at com.kms.katalon.core.keyword.internal.KeywordMain.runKeyword(KeywordMain.groovy:68)
	at com.kms.katalon.core.keyword.builtin.CallTestCaseKeyword.callTestCase(CallTestCaseKeyword.groovy:81)
	at com.kms.katalon.core.keyword.builtin.CallTestCaseKeyword.execute(CallTestCaseKeyword.groovy:44)
	at com.kms.katalon.core.keyword.internal.KeywordExecutor.executeKeywordForPlatform(KeywordExecutor.groovy:72)
	at com.kms.katalon.core.keyword.BuiltinKeywords.callTestCase(BuiltinKeywords.groovy:334)
	at Trade_Location_Search.run(Trade_Location_Search:71)
	at com.kms.katalon.core.main.ScriptEngine.run(ScriptEngine.java:194)
	at com.kms.katalon.core.main.ScriptEngine.runScriptAsRawText(ScriptEngine.java:119)
	at com.kms.katalon.core.main.TestCaseExecutor.runScript(TestCaseExecutor.java:337)
	at com.kms.katalon.core.main.TestCaseExecutor.doExecute(TestCaseExecutor.java:328)
	at com.kms.katalon.core.main.TestCaseExecutor.processExecutionPhase(TestCaseExecutor.java:307)
	at com.kms.katalon.core.main.TestCaseExecutor.accessMainPhase(TestCaseExecutor.java:299)
	at com.kms.katalon.core.main.TestCaseExecutor.execute(TestCaseExecutor.java:233)
	at com.kms.katalon.core.main.TestSuiteExecutor.accessTestCaseMainPhase(TestSuiteExecutor.java:169)
	at com.kms.katalon.core.main.TestSuiteExecutor.accessTestSuiteMainPhase(TestSuiteExecutor.java:142)
	at com.kms.katalon.core.main.TestSuiteExecutor.execute(TestSuiteExecutor.java:91)
	at com.kms.katalon.core.main.TestCaseMain.startTestSuite(TestCaseMain.java:157)
	at com.kms.katalon.core.main.TestCaseMain$startTestSuite$0.call(Unknown Source)
	at TempTestSuite1586947980982.run(TempTestSuite1586947980982.groovy:36)
Caused by: com.kms.katalon.core.exception.StepFailedException: Text 'Cookie Policy' is present on page 
	... 39 more


2020-04-15 12:02:02 - [TEST_STEP][PASSED] - "------------------------------": null

2020-04-15 12:02:02 - [TEST_STEP][PASSED] - " Set Mobile Device Testing    |": null

2020-04-15 12:02:02 - [TEST_STEP][PASSED] - if (Mobile_Flag == "true"): null

2020-04-15 12:02:02 - [TEST_STEP][PASSED] - "------------------------------": null

2020-04-15 12:02:02 - [TEST_STEP][PASSED] - " Set Mobile Device Testing    |": null

2020-04-15 12:02:02 - [TEST_STEP][PASSED] - "------------------------------": null

2020-04-15 12:02:02 - [TEST_STEP][PASSED] - "URL - Set from the ENVIRONMENT PROFILE ": null

2020-04-15 12:02:02 - [TEST_STEP][PASSED] - openBrowser(URL): Browser is opened with url: 'https://www.preview.checkatrade.com/'

2020-04-15 12:02:02 - [MESSAGE][INFO] - Starting 'Firefox' driver

2020-04-15 12:02:02 - [MESSAGE][INFO] - Action delay is set to 0 milliseconds

2020-04-15 12:02:15 - [MESSAGE][PASSED] - Browser is opened with url: 'https://www.preview.checkatrade.com/'

2020-04-15 12:02:15 - [TEST_STEP][PASSED] - maximizeWindow(): Current window maximized

2020-04-15 12:02:15 - [MESSAGE][PASSED] - Current window maximized

2020-04-15 12:02:15 - [TEST_STEP][PASSED] - waitForPageLoad(60): Wait for page load successfully

2020-04-15 12:02:15 - [MESSAGE][PASSED] - Wait for page load successfully

2020-04-15 12:02:15 - [TEST_STEP][PASSED] - "Previous Functionalilty Left Commented For Ease Of reversion": null

2020-04-15 12:02:15 - [TEST_STEP][PASSED] - " Katalon Try/Catches currently have issues? SEE HEADER": null

2020-04-15 12:02:15 - [TEST_STEP][FAILED] - try: Text 'Cookie Policy' is present on page  (Root cause: com.kms.katalon.core.exception.StepFailedException: Text 'Cookie Policy' is present on page 
	at com.kms.katalon.core.webui.keyword.internal.WebUIKeywordMain.stepFailed(WebUIKeywordMain.groovy:64)
	at com.kms.katalon.core.webui.keyword.builtin.VerifyTextNotPresentKeyword$_verifyTextNotPresent_closure1.doCall(VerifyTextNotPresentKeyword.groovy:77)
	at com.kms.katalon.core.webui.keyword.builtin.VerifyTextNotPresentKeyword$_verifyTextNotPresent_closure1.call(VerifyTextNotPresentKeyword.groovy)
	at com.kms.katalon.core.webui.keyword.internal.WebUIKeywordMain.runKeyword(WebUIKeywordMain.groovy:20)
	at com.kms.katalon.core.webui.keyword.builtin.VerifyTextNotPresentKeyword.verifyTextNotPresent(VerifyTextNotPresentKeyword.groovy:82)
	at com.kms.katalon.core.webui.keyword.builtin.VerifyTextNotPresentKeyword.execute(VerifyTextNotPresentKeyword.groovy:68)
	at com.kms.katalon.core.keyword.internal.KeywordExecutor.executeKeywordForPlatform(KeywordExecutor.groovy:72)
	at com.kms.katalon.core.webui.keyword.WebUiBuiltInKeywords.verifyTextNotPresent(WebUiBuiltInKeywords.groovy:1752)
	at com.kms.katalon.core.webui.keyword.WebUiBuiltInKeywords$verifyTextNotPresent$4.call(Unknown Source)
	at CAT_Setup.run(CAT_Setup:177)
	at com.kms.katalon.core.main.ScriptEngine.run(ScriptEngine.java:194)
	at com.kms.katalon.core.main.ScriptEngine.runScriptAsRawText(ScriptEngine.java:119)
	at com.kms.katalon.core.main.TestCaseExecutor.runScript(TestCaseExecutor.java:337)
	at com.kms.katalon.core.main.TestCaseExecutor.doExecute(TestCaseExecutor.java:328)
	at com.kms.katalon.core.main.TestCaseExecutor.processExecutionPhase(TestCaseExecutor.java:307)
	at com.kms.katalon.core.main.TestCaseExecutor.accessMainPhase(TestCaseExecutor.java:299)
	at com.kms.katalon.core.main.TestCaseExecutor.execute(TestCaseExecutor.java:233)
	at com.kms.katalon.core.main.TestCaseMain.runTestCase(TestCaseMain.java:114)
	at com.kms.katalon.core.keyword.builtin.CallTestCaseKeyword$_callTestCase_closure1.doCall(CallTestCaseKeyword.groovy:59)
	at com.kms.katalon.core.keyword.builtin.CallTestCaseKeyword$_callTestCase_closure1.call(CallTestCaseKeyword.groovy)
	at com.kms.katalon.core.keyword.internal.KeywordMain.runKeyword(KeywordMain.groovy:68)
	at com.kms.katalon.core.keyword.builtin.CallTestCaseKeyword.callTestCase(CallTestCaseKeyword.groovy:81)
	at com.kms.katalon.core.keyword.builtin.CallTestCaseKeyword.execute(CallTestCaseKeyword.groovy:44)
	at com.kms.katalon.core.keyword.internal.KeywordExecutor.executeKeywordForPlatform(KeywordExecutor.groovy:72)
	at com.kms.katalon.core.keyword.BuiltinKeywords.callTestCase(BuiltinKeywords.groovy:334)
	at Trade_Location_Search.run(Trade_Location_Search:71)
	at com.kms.katalon.core.main.ScriptEngine.run(ScriptEngine.java:194)
	at com.kms.katalon.core.main.ScriptEngine.runScriptAsRawText(ScriptEngine.java:119)
	at com.kms.katalon.core.main.TestCaseExecutor.runScript(TestCaseExecutor.java:337)
	at com.kms.katalon.core.main.TestCaseExecutor.doExecute(TestCaseExecutor.java:328)
	at com.kms.katalon.core.main.TestCaseExecutor.processExecutionPhase(TestCaseExecutor.java:307)
	at com.kms.katalon.core.main.TestCaseExecutor.accessMainPhase(TestCaseExecutor.java:299)
	at com.kms.katalon.core.main.TestCaseExecutor.execute(TestCaseExecutor.java:233)
	at com.kms.katalon.core.main.TestSuiteExecutor.accessTestCaseMainPhase(TestSuiteExecutor.java:169)
	at com.kms.katalon.core.main.TestSuiteExecutor.accessTestSuiteMainPhase(TestSuiteExecutor.java:142)
	at com.kms.katalon.core.main.TestSuiteExecutor.execute(TestSuiteExecutor.java:91)
	at com.kms.katalon.core.main.TestCaseMain.startTestSuite(TestCaseMain.java:157)
	at com.kms.katalon.core.main.TestCaseMain$startTestSuite$0.call(Unknown Source)
	at TempTestSuite1586947980982.run(TempTestSuite1586947980982.groovy:36)
)

2020-04-15 12:02:15 - [TEST_STEP][PASSED] - verifyElementPresent(findTestObject("Object Repository/Cookies/Page_Checkatrade Find a tradesperson you can trust/button_Accept All"), 5, OPTIONAL): Object 'Object Repository/Cookies/Page_Checkatrade Find a tradesperson you can trust/button_Accept All' is present

2020-04-15 12:02:15 - [MESSAGE][PASSED] - Object 'Object Repository/Cookies/Page_Checkatrade Find a tradesperson you can trust/button_Accept All' is present

2020-04-15 12:02:15 - [TEST_STEP][PASSED] - click(findTestObject("Object Repository/Cookies/Page_Checkatrade Find a tradesperson you can trust/button_Accept All"), OPTIONAL): Unable to click on object 'Object Repository/Cookies/Page_Checkatrade Find a tradesperson you can trust/button_Accept All' (Root cause: com.kms.katalon.core.exception.StepFailedException: Unable to click on object 'Object Repository/Cookies/Page_Checkatrade Find a tradesperson you can trust/button_Accept All'
	at com.kms.katalon.core.webui.keyword.internal.WebUIKeywordMain.stepFailed(WebUIKeywordMain.groovy:64)
	at com.kms.katalon.core.webui.keyword.internal.WebUIKeywordMain.runKeyword(WebUIKeywordMain.groovy:26)
	at com.kms.katalon.core.webui.keyword.builtin.ClickKeyword.click(ClickKeyword.groovy:76)
	at com.kms.katalon.core.webui.keyword.builtin.ClickKeyword.execute(ClickKeyword.groovy:43)
	at com.kms.katalon.core.keyword.internal.KeywordExecutor.executeKeywordForPlatform(KeywordExecutor.groovy:72)
	at com.kms.katalon.core.webui.keyword.WebUiBuiltInKeywords.click(WebUiBuiltInKeywords.groovy:604)
	at com.kms.katalon.core.webui.keyword.WebUiBuiltInKeywords$click$3.call(Unknown Source)
	at CAT_Setup.run(CAT_Setup:160)
	at com.kms.katalon.core.main.ScriptEngine.run(ScriptEngine.java:194)
	at com.kms.katalon.core.main.ScriptEngine.runScriptAsRawText(ScriptEngine.java:119)
	at com.kms.katalon.core.main.TestCaseExecutor.runScript(TestCaseExecutor.java:337)
	at com.kms.katalon.core.main.TestCaseExecutor.doExecute(TestCaseExecutor.java:328)
	at com.kms.katalon.core.main.TestCaseExecutor.processExecutionPhase(TestCaseExecutor.java:307)
	at com.kms.katalon.core.main.TestCaseExecutor.accessMainPhase(TestCaseExecutor.java:299)
	at com.kms.katalon.core.main.TestCaseExecutor.execute(TestCaseExecutor.java:233)
	at com.kms.katalon.core.main.TestCaseMain.runTestCase(TestCaseMain.java:114)
	at com.kms.katalon.core.keyword.builtin.CallTestCaseKeyword$_callTestCase_closure1.doCall(CallTestCaseKeyword.groovy:59)
	at com.kms.katalon.core.keyword.builtin.CallTestCaseKeyword$_callTestCase_closure1.call(CallTestCaseKeyword.groovy)
	at com.kms.katalon.core.keyword.internal.KeywordMain.runKeyword(KeywordMain.groovy:68)
	at com.kms.katalon.core.keyword.builtin.CallTestCaseKeyword.callTestCase(CallTestCaseKeyword.groovy:81)
	at com.kms.katalon.core.keyword.builtin.CallTestCaseKeyword.execute(CallTestCaseKeyword.groovy:44)
	at com.kms.katalon.core.keyword.internal.KeywordExecutor.executeKeywordForPlatform(KeywordExecutor.groovy:72)
	at com.kms.katalon.core.keyword.BuiltinKeywords.callTestCase(BuiltinKeywords.groovy:334)
	at Trade_Location_Search.run(Trade_Location_Search:71)
	at com.kms.katalon.core.main.ScriptEngine.run(ScriptEngine.java:194)
	at com.kms.katalon.core.main.ScriptEngine.runScriptAsRawText(ScriptEngine.java:119)
	at com.kms.katalon.core.main.TestCaseExecutor.runScript(TestCaseExecutor.java:337)
	at com.kms.katalon.core.main.TestCaseExecutor.doExecute(TestCaseExecutor.java:328)
	at com.kms.katalon.core.main.TestCaseExecutor.processExecutionPhase(TestCaseExecutor.java:307)
	at com.kms.katalon.core.main.TestCaseExecutor.accessMainPhase(TestCaseExecutor.java:299)
	at com.kms.katalon.core.main.TestCaseExecutor.execute(TestCaseExecutor.java:233)
	at com.kms.katalon.core.main.TestSuiteExecutor.accessTestCaseMainPhase(TestSuiteExecutor.java:169)
	at com.kms.katalon.core.main.TestSuiteExecutor.accessTestSuiteMainPhase(TestSuiteExecutor.java:142)
	at com.kms.katalon.core.main.TestSuiteExecutor.execute(TestSuiteExecutor.java:91)
	at com.kms.katalon.core.main.TestCaseMain.startTestSuite(TestCaseMain.java:157)
	at com.kms.katalon.core.main.TestCaseMain$startTestSuite$0.call(Unknown Source)
	at TempTestSuite1586947980982.run(TempTestSuite1586947980982.groovy:36)
Caused by: org.openqa.selenium.ElementNotInteractableException: Element <button class="optanon-allow-all accept-cookies-button"> could not be scrolled into view
Build info: version: '3.141.59', revision: 'e82be7d358', time: '2018-11-14T08:25:53'
System info: host: 'VETTEDSP36RF', ip: '192.168.1.238', os.name: 'Windows 10', os.arch: 'x86', os.version: '10.0', java.version: '1.8.0_181'
Driver info: com.kms.katalon.core.webui.driver.firefox.CGeckoDriver
Capabilities {acceptInsecureCerts: true, browserName: firefox, browserVersion: 74.0.1, javascriptEnabled: true, moz:accessibilityChecks: false, moz:buildID: 20200403064753, moz:geckodriverVersion: 0.24.0, moz:headless: false, moz:processID: 15940, moz:profile: C:\Users\davidho\AppData\Lo..., moz:shutdownTimeout: 60000, moz:useNonSpecCompliantPointerOrigin: false, moz:webdriverClick: true, pageLoadStrategy: normal, platform: WINDOWS, platformName: WINDOWS, platformVersion: 10.0, proxy: Proxy(direct), rotatable: false, setWindowRect: true, strictFileInteractability: false, timeouts: {implicit: 0, pageLoad: 300000, script: 30000}, unhandledPromptBehavior: dismiss and notify}
Session ID: 3190d8a9-c157-496d-8df9-6b11e56a084e
	at org.openqa.selenium.remote.http.W3CHttpResponseCodec.createException(W3CHttpResponseCodec.java:187)
	at org.openqa.selenium.remote.http.W3CHttpResponseCodec.decode(W3CHttpResponseCodec.java:122)
	at org.openqa.selenium.remote.http.W3CHttpResponseCodec.decode(W3CHttpResponseCodec.java:49)
	at org.openqa.selenium.remote.HttpCommandExecutor.execute(HttpCommandExecutor.java:158)
	at org.openqa.selenium.remote.service.DriverCommandExecutor.execute(DriverCommandExecutor.java:83)
	at org.openqa.selenium.remote.RemoteWebDriver.execute(RemoteWebDriver.java:552)
	at com.kms.katalon.selenium.driver.CFirefoxDriver.execute(CFirefoxDriver.java:27)
	at org.openqa.selenium.remote.RemoteWebElement.execute(RemoteWebElement.java:285)
	at org.openqa.selenium.remote.RemoteWebElement.click(RemoteWebElement.java:84)
	at org.openqa.selenium.support.events.EventFiringWebDriver$EventFiringWebElement.lambda$new$0(EventFiringWebDriver.java:404)
	at com.sun.proxy.$Proxy9.click(Unknown Source)
	at org.openqa.selenium.support.events.EventFiringWebDriver$EventFiringWebElement.click(EventFiringWebDriver.java:417)
	at com.kms.katalon.core.webui.keyword.builtin.ClickKeyword$_click_closure1.doCall(ClickKeyword.groovy:69)
	at com.kms.katalon.core.webui.keyword.builtin.ClickKeyword$_click_closure1.call(ClickKeyword.groovy)
	at com.kms.katalon.core.webui.keyword.internal.WebUIKeywordMain.runKeyword(WebUIKeywordMain.groovy:20)
	at com.kms.katalon.core.webui.keyword.builtin.ClickKeyword.click(ClickKeyword.groovy:76)
	at com.kms.katalon.core.webui.keyword.builtin.ClickKeyword.execute(ClickKeyword.groovy:43)
	at com.kms.katalon.core.keyword.internal.KeywordExecutor.executeKeywordForPlatform(KeywordExecutor.groovy:72)
	at com.kms.katalon.core.webui.keyword.WebUiBuiltInKeywords.click(WebUiBuiltInKeywords.groovy:604)
	at com.kms.katalon.core.webui.keyword.WebUiBuiltInKeywords$click$3.call(Unknown Source)
	at Script1566310608953.run(Script1566310608953.groovy:160)
	at com.kms.katalon.core.main.ScriptEngine.run(ScriptEngine.java:194)
	at com.kms.katalon.core.main.ScriptEngine.runScriptAsRawText(ScriptEngine.java:119)
	at com.kms.katalon.core.main.TestCaseExecutor.runScript(TestCaseExecutor.java:337)
	at com.kms.katalon.core.main.TestCaseExecutor.doExecute(TestCaseExecutor.java:328)
	at com.kms.katalon.core.main.TestCaseExecutor.processExecutionPhase(TestCaseExecutor.java:307)
	at com.kms.katalon.core.main.TestCaseExecutor.accessMainPhase(TestCaseExecutor.java:299)
	at com.kms.katalon.core.main.TestCaseExecutor.execute(TestCaseExecutor.java:233)
	at com.kms.katalon.core.main.TestCaseMain.runTestCase(TestCaseMain.java:114)
	at com.kms.katalon.core.keyword.builtin.CallTestCaseKeyword$_callTestCase_closure1.doCall(CallTestCaseKeyword.groovy:59)
	at com.kms.katalon.core.keyword.builtin.CallTestCaseKeyword$_callTestCase_closure1.call(CallTestCaseKeyword.groovy)
	at com.kms.katalon.core.keyword.internal.KeywordMain.runKeyword(KeywordMain.groovy:68)
	at com.kms.katalon.core.keyword.builtin.CallTestCaseKeyword.callTestCase(CallTestCaseKeyword.groovy:81)
	at com.kms.katalon.core.keyword.builtin.CallTestCaseKeyword.execute(CallTestCaseKeyword.groovy:44)
	at com.kms.katalon.core.keyword.internal.KeywordExecutor.executeKeywordForPlatform(KeywordExecutor.groovy:72)
	at com.kms.katalon.core.keyword.BuiltinKeywords.callTestCase(BuiltinKeywords.groovy:334)
	at Script1562746955672.run(Script1562746955672.groovy:71)
	... 13 more
)

2020-04-15 12:02:16 - [MESSAGE][WARNING] - Unable to click on object 'Object Repository/Cookies/Page_Checkatrade Find a tradesperson you can trust/button_Accept All' (Root cause: com.kms.katalon.core.exception.StepFailedException: Unable to click on object 'Object Repository/Cookies/Page_Checkatrade Find a tradesperson you can trust/button_Accept All'
	at com.kms.katalon.core.webui.keyword.internal.WebUIKeywordMain.stepFailed(WebUIKeywordMain.groovy:64)
	at com.kms.katalon.core.webui.keyword.internal.WebUIKeywordMain.runKeyword(WebUIKeywordMain.groovy:26)
	at com.kms.katalon.core.webui.keyword.builtin.ClickKeyword.click(ClickKeyword.groovy:76)
	at com.kms.katalon.core.webui.keyword.builtin.ClickKeyword.execute(ClickKeyword.groovy:43)
	at com.kms.katalon.core.keyword.internal.KeywordExecutor.executeKeywordForPlatform(KeywordExecutor.groovy:72)
	at com.kms.katalon.core.webui.keyword.WebUiBuiltInKeywords.click(WebUiBuiltInKeywords.groovy:604)
	at com.kms.katalon.core.webui.keyword.WebUiBuiltInKeywords$click$3.call(Unknown Source)
	at CAT_Setup.run(CAT_Setup:160)
	at com.kms.katalon.core.main.ScriptEngine.run(ScriptEngine.java:194)
	at com.kms.katalon.core.main.ScriptEngine.runScriptAsRawText(ScriptEngine.java:119)
	at com.kms.katalon.core.main.TestCaseExecutor.runScript(TestCaseExecutor.java:337)
	at com.kms.katalon.core.main.TestCaseExecutor.doExecute(TestCaseExecutor.java:328)
	at com.kms.katalon.core.main.TestCaseExecutor.processExecutionPhase(TestCaseExecutor.java:307)
	at com.kms.katalon.core.main.TestCaseExecutor.accessMainPhase(TestCaseExecutor.java:299)
	at com.kms.katalon.core.main.TestCaseExecutor.execute(TestCaseExecutor.java:233)
	at com.kms.katalon.core.main.TestCaseMain.runTestCase(TestCaseMain.java:114)
	at com.kms.katalon.core.keyword.builtin.CallTestCaseKeyword$_callTestCase_closure1.doCall(CallTestCaseKeyword.groovy:59)
	at com.kms.katalon.core.keyword.builtin.CallTestCaseKeyword$_callTestCase_closure1.call(CallTestCaseKeyword.groovy)
	at com.kms.katalon.core.keyword.internal.KeywordMain.runKeyword(KeywordMain.groovy:68)
	at com.kms.katalon.core.keyword.builtin.CallTestCaseKeyword.callTestCase(CallTestCaseKeyword.groovy:81)
	at com.kms.katalon.core.keyword.builtin.CallTestCaseKeyword.execute(CallTestCaseKeyword.groovy:44)
	at com.kms.katalon.core.keyword.internal.KeywordExecutor.executeKeywordForPlatform(KeywordExecutor.groovy:72)
	at com.kms.katalon.core.keyword.BuiltinKeywords.callTestCase(BuiltinKeywords.groovy:334)
	at Trade_Location_Search.run(Trade_Location_Search:71)
	at com.kms.katalon.core.main.ScriptEngine.run(ScriptEngine.java:194)
	at com.kms.katalon.core.main.ScriptEngine.runScriptAsRawText(ScriptEngine.java:119)
	at com.kms.katalon.core.main.TestCaseExecutor.runScript(TestCaseExecutor.java:337)
	at com.kms.katalon.core.main.TestCaseExecutor.doExecute(TestCaseExecutor.java:328)
	at com.kms.katalon.core.main.TestCaseExecutor.processExecutionPhase(TestCaseExecutor.java:307)
	at com.kms.katalon.core.main.TestCaseExecutor.accessMainPhase(TestCaseExecutor.java:299)
	at com.kms.katalon.core.main.TestCaseExecutor.execute(TestCaseExecutor.java:233)
	at com.kms.katalon.core.main.TestSuiteExecutor.accessTestCaseMainPhase(TestSuiteExecutor.java:169)
	at com.kms.katalon.core.main.TestSuiteExecutor.accessTestSuiteMainPhase(TestSuiteExecutor.java:142)
	at com.kms.katalon.core.main.TestSuiteExecutor.execute(TestSuiteExecutor.java:91)
	at com.kms.katalon.core.main.TestCaseMain.startTestSuite(TestCaseMain.java:157)
	at com.kms.katalon.core.main.TestCaseMain$startTestSuite$0.call(Unknown Source)
	at TempTestSuite1586947980982.run(TempTestSuite1586947980982.groovy:36)
Caused by: org.openqa.selenium.ElementNotInteractableException: Element <button class="optanon-allow-all accept-cookies-button"> could not be scrolled into view
Build info: version: '3.141.59', revision: 'e82be7d358', time: '2018-11-14T08:25:53'
System info: host: 'VETTEDSP36RF', ip: '192.168.1.238', os.name: 'Windows 10', os.arch: 'x86', os.version: '10.0', java.version: '1.8.0_181'
Driver info: com.kms.katalon.core.webui.driver.firefox.CGeckoDriver
Capabilities {acceptInsecureCerts: true, browserName: firefox, browserVersion: 74.0.1, javascriptEnabled: true, moz:accessibilityChecks: false, moz:buildID: 20200403064753, moz:geckodriverVersion: 0.24.0, moz:headless: false, moz:processID: 15940, moz:profile: C:\Users\davidho\AppData\Lo..., moz:shutdownTimeout: 60000, moz:useNonSpecCompliantPointerOrigin: false, moz:webdriverClick: true, pageLoadStrategy: normal, platform: WINDOWS, platformName: WINDOWS, platformVersion: 10.0, proxy: Proxy(direct), rotatable: false, setWindowRect: true, strictFileInteractability: false, timeouts: {implicit: 0, pageLoad: 300000, script: 30000}, unhandledPromptBehavior: dismiss and notify}
Session ID: 3190d8a9-c157-496d-8df9-6b11e56a084e
	at org.openqa.selenium.remote.http.W3CHttpResponseCodec.createException(W3CHttpResponseCodec.java:187)
	at org.openqa.selenium.remote.http.W3CHttpResponseCodec.decode(W3CHttpResponseCodec.java:122)
	at org.openqa.selenium.remote.http.W3CHttpResponseCodec.decode(W3CHttpResponseCodec.java:49)
	at org.openqa.selenium.remote.HttpCommandExecutor.execute(HttpCommandExecutor.java:158)
	at org.openqa.selenium.remote.service.DriverCommandExecutor.execute(DriverCommandExecutor.java:83)
	at org.openqa.selenium.remote.RemoteWebDriver.execute(RemoteWebDriver.java:552)
	at com.kms.katalon.selenium.driver.CFirefoxDriver.execute(CFirefoxDriver.java:27)
	at org.openqa.selenium.remote.RemoteWebElement.execute(RemoteWebElement.java:285)
	at org.openqa.selenium.remote.RemoteWebElement.click(RemoteWebElement.java:84)
	at org.openqa.selenium.support.events.EventFiringWebDriver$EventFiringWebElement.lambda$new$0(EventFiringWebDriver.java:404)
	at com.sun.proxy.$Proxy9.click(Unknown Source)
	at org.openqa.selenium.support.events.EventFiringWebDriver$EventFiringWebElement.click(EventFiringWebDriver.java:417)
	at com.kms.katalon.core.webui.keyword.builtin.ClickKeyword$_click_closure1.doCall(ClickKeyword.groovy:69)
	at com.kms.katalon.core.webui.keyword.builtin.ClickKeyword$_click_closure1.call(ClickKeyword.groovy)
	at com.kms.katalon.core.webui.keyword.internal.WebUIKeywordMain.runKeyword(WebUIKeywordMain.groovy:20)
	at com.kms.katalon.core.webui.keyword.builtin.ClickKeyword.click(ClickKeyword.groovy:76)
	at com.kms.katalon.core.webui.keyword.builtin.ClickKeyword.execute(ClickKeyword.groovy:43)
	at com.kms.katalon.core.keyword.internal.KeywordExecutor.executeKeywordForPlatform(KeywordExecutor.groovy:72)
	at com.kms.katalon.core.webui.keyword.WebUiBuiltInKeywords.click(WebUiBuiltInKeywords.groovy:604)
	at com.kms.katalon.core.webui.keyword.WebUiBuiltInKeywords$click$3.call(Unknown Source)
	at Script1566310608953.run(Script1566310608953.groovy:160)
	at com.kms.katalon.core.main.ScriptEngine.run(ScriptEngine.java:194)
	at com.kms.katalon.core.main.ScriptEngine.runScriptAsRawText(ScriptEngine.java:119)
	at com.kms.katalon.core.main.TestCaseExecutor.runScript(TestCaseExecutor.java:337)
	at com.kms.katalon.core.main.TestCaseExecutor.doExecute(TestCaseExecutor.java:328)
	at com.kms.katalon.core.main.TestCaseExecutor.processExecutionPhase(TestCaseExecutor.java:307)
	at com.kms.katalon.core.main.TestCaseExecutor.accessMainPhase(TestCaseExecutor.java:299)
	at com.kms.katalon.core.main.TestCaseExecutor.execute(TestCaseExecutor.java:233)
	at com.kms.katalon.core.main.TestCaseMain.runTestCase(TestCaseMain.java:114)
	at com.kms.katalon.core.keyword.builtin.CallTestCaseKeyword$_callTestCase_closure1.doCall(CallTestCaseKeyword.groovy:59)
	at com.kms.katalon.core.keyword.builtin.CallTestCaseKeyword$_callTestCase_closure1.call(CallTestCaseKeyword.groovy)
	at com.kms.katalon.core.keyword.internal.KeywordMain.runKeyword(KeywordMain.groovy:68)
	at com.kms.katalon.core.keyword.builtin.CallTestCaseKeyword.callTestCase(CallTestCaseKeyword.groovy:81)
	at com.kms.katalon.core.keyword.builtin.CallTestCaseKeyword.execute(CallTestCaseKeyword.groovy:44)
	at com.kms.katalon.core.keyword.internal.KeywordExecutor.executeKeywordForPlatform(KeywordExecutor.groovy:72)
	at com.kms.katalon.core.keyword.BuiltinKeywords.callTestCase(BuiltinKeywords.groovy:334)
	at Script1562746955672.run(Script1562746955672.groovy:71)
	... 13 more
)
[[ATTACHMENT|C:\\Users\\davidho\\git\\src\\Reports\\20200415_115255\\Trade_Location_Multiple_Search\\20200415_115300\\1586948535836.png]]

2020-04-15 12:02:16 - [TEST_STEP][PASSED] - "---------------------------------": null

2020-04-15 12:02:16 - [TEST_STEP][PASSED] - "COOKIE POPOUT REMOVED - Confirmed": null

2020-04-15 12:02:16 - [TEST_STEP][PASSED] - delay(1): Delayed 1 second(s)

2020-04-15 12:02:17 - [MESSAGE][PASSED] - Delayed 1 second(s)

2020-04-15 12:02:17 - [TEST_STEP][PASSED] - verifyTextNotPresent("We use cookies to personalise content and ads, to provide social media features and to analyse our traffic", false): Text 'We use cookies to personalise content and ads, to provide social media features and to analyse our traffic' is not present on page

2020-04-15 12:02:17 - [MESSAGE][PASSED] - Text 'We use cookies to personalise content and ads, to provide social media features and to analyse our traffic' is not present on page

2020-04-15 12:02:17 - [TEST_STEP][PASSED] - verifyTextNotPresent(" We also share information about your use of our site with our social media, advertising and analytics partners", false): Text ' We also share information about your use of our site with our social media, advertising and analytics partners' is not present on page

2020-04-15 12:02:17 - [MESSAGE][PASSED] - Text ' We also share information about your use of our site with our social media, advertising and analytics partners' is not present on page

2020-04-15 12:02:17 - [TEST_STEP][FAILED] - verifyTextNotPresent("Cookie Policy", false): Text 'Cookie Policy' is present on page  (Root cause: com.kms.katalon.core.exception.StepFailedException: Text 'Cookie Policy' is present on page 
	at com.kms.katalon.core.webui.keyword.internal.WebUIKeywordMain.stepFailed(WebUIKeywordMain.groovy:64)
	at com.kms.katalon.core.webui.keyword.builtin.VerifyTextNotPresentKeyword$_verifyTextNotPresent_closure1.doCall(VerifyTextNotPresentKeyword.groovy:77)
	at com.kms.katalon.core.webui.keyword.builtin.VerifyTextNotPresentKeyword$_verifyTextNotPresent_closure1.call(VerifyTextNotPresentKeyword.groovy)
	at com.kms.katalon.core.webui.keyword.internal.WebUIKeywordMain.runKeyword(WebUIKeywordMain.groovy:20)
	at com.kms.katalon.core.webui.keyword.builtin.VerifyTextNotPresentKeyword.verifyTextNotPresent(VerifyTextNotPresentKeyword.groovy:82)
	at com.kms.katalon.core.webui.keyword.builtin.VerifyTextNotPresentKeyword.execute(VerifyTextNotPresentKeyword.groovy:68)
	at com.kms.katalon.core.keyword.internal.KeywordExecutor.executeKeywordForPlatform(KeywordExecutor.groovy:72)
	at com.kms.katalon.core.webui.keyword.WebUiBuiltInKeywords.verifyTextNotPresent(WebUiBuiltInKeywords.groovy:1752)
	at com.kms.katalon.core.webui.keyword.WebUiBuiltInKeywords$verifyTextNotPresent$4.call(Unknown Source)
	at CAT_Setup.run(CAT_Setup:177)
	at com.kms.katalon.core.main.ScriptEngine.run(ScriptEngine.java:194)
	at com.kms.katalon.core.main.ScriptEngine.runScriptAsRawText(ScriptEngine.java:119)
	at com.kms.katalon.core.main.TestCaseExecutor.runScript(TestCaseExecutor.java:337)
	at com.kms.katalon.core.main.TestCaseExecutor.doExecute(TestCaseExecutor.java:328)
	at com.kms.katalon.core.main.TestCaseExecutor.processExecutionPhase(TestCaseExecutor.java:307)
	at com.kms.katalon.core.main.TestCaseExecutor.accessMainPhase(TestCaseExecutor.java:299)
	at com.kms.katalon.core.main.TestCaseExecutor.execute(TestCaseExecutor.java:233)
	at com.kms.katalon.core.main.TestCaseMain.runTestCase(TestCaseMain.java:114)
	at com.kms.katalon.core.keyword.builtin.CallTestCaseKeyword$_callTestCase_closure1.doCall(CallTestCaseKeyword.groovy:59)
	at com.kms.katalon.core.keyword.builtin.CallTestCaseKeyword$_callTestCase_closure1.call(CallTestCaseKeyword.groovy)
	at com.kms.katalon.core.keyword.internal.KeywordMain.runKeyword(KeywordMain.groovy:68)
	at com.kms.katalon.core.keyword.builtin.CallTestCaseKeyword.callTestCase(CallTestCaseKeyword.groovy:81)
	at com.kms.katalon.core.keyword.builtin.CallTestCaseKeyword.execute(CallTestCaseKeyword.groovy:44)
	at com.kms.katalon.core.keyword.internal.KeywordExecutor.executeKeywordForPlatform(KeywordExecutor.groovy:72)
	at com.kms.katalon.core.keyword.BuiltinKeywords.callTestCase(BuiltinKeywords.groovy:334)
	at Trade_Location_Search.run(Trade_Location_Search:71)
	at com.kms.katalon.core.main.ScriptEngine.run(ScriptEngine.java:194)
	at com.kms.katalon.core.main.ScriptEngine.runScriptAsRawText(ScriptEngine.java:119)
	at com.kms.katalon.core.main.TestCaseExecutor.runScript(TestCaseExecutor.java:337)
	at com.kms.katalon.core.main.TestCaseExecutor.doExecute(TestCaseExecutor.java:328)
	at com.kms.katalon.core.main.TestCaseExecutor.processExecutionPhase(TestCaseExecutor.java:307)
	at com.kms.katalon.core.main.TestCaseExecutor.accessMainPhase(TestCaseExecutor.java:299)
	at com.kms.katalon.core.main.TestCaseExecutor.execute(TestCaseExecutor.java:233)
	at com.kms.katalon.core.main.TestSuiteExecutor.accessTestCaseMainPhase(TestSuiteExecutor.java:169)
	at com.kms.katalon.core.main.TestSuiteExecutor.accessTestSuiteMainPhase(TestSuiteExecutor.java:142)
	at com.kms.katalon.core.main.TestSuiteExecutor.execute(TestSuiteExecutor.java:91)
	at com.kms.katalon.core.main.TestCaseMain.startTestSuite(TestCaseMain.java:157)
	at com.kms.katalon.core.main.TestCaseMain$startTestSuite$0.call(Unknown Source)
	at TempTestSuite1586947980982.run(TempTestSuite1586947980982.groovy:36)
)

2020-04-15 12:02:18 - [MESSAGE][FAILED] - Text 'Cookie Policy' is present on page  (Root cause: com.kms.katalon.core.exception.StepFailedException: Text 'Cookie Policy' is present on page 
	at com.kms.katalon.core.webui.keyword.internal.WebUIKeywordMain.stepFailed(WebUIKeywordMain.groovy:64)
	at com.kms.katalon.core.webui.keyword.builtin.VerifyTextNotPresentKeyword$_verifyTextNotPresent_closure1.doCall(VerifyTextNotPresentKeyword.groovy:77)
	at com.kms.katalon.core.webui.keyword.builtin.VerifyTextNotPresentKeyword$_verifyTextNotPresent_closure1.call(VerifyTextNotPresentKeyword.groovy)
	at com.kms.katalon.core.webui.keyword.internal.WebUIKeywordMain.runKeyword(WebUIKeywordMain.groovy:20)
	at com.kms.katalon.core.webui.keyword.builtin.VerifyTextNotPresentKeyword.verifyTextNotPresent(VerifyTextNotPresentKeyword.groovy:82)
	at com.kms.katalon.core.webui.keyword.builtin.VerifyTextNotPresentKeyword.execute(VerifyTextNotPresentKeyword.groovy:68)
	at com.kms.katalon.core.keyword.internal.KeywordExecutor.executeKeywordForPlatform(KeywordExecutor.groovy:72)
	at com.kms.katalon.core.webui.keyword.WebUiBuiltInKeywords.verifyTextNotPresent(WebUiBuiltInKeywords.groovy:1752)
	at com.kms.katalon.core.webui.keyword.WebUiBuiltInKeywords$verifyTextNotPresent$4.call(Unknown Source)
	at CAT_Setup.run(CAT_Setup:177)
	at com.kms.katalon.core.main.ScriptEngine.run(ScriptEngine.java:194)
	at com.kms.katalon.core.main.ScriptEngine.runScriptAsRawText(ScriptEngine.java:119)
	at com.kms.katalon.core.main.TestCaseExecutor.runScript(TestCaseExecutor.java:337)
	at com.kms.katalon.core.main.TestCaseExecutor.doExecute(TestCaseExecutor.java:328)
	at com.kms.katalon.core.main.TestCaseExecutor.processExecutionPhase(TestCaseExecutor.java:307)
	at com.kms.katalon.core.main.TestCaseExecutor.accessMainPhase(TestCaseExecutor.java:299)
	at com.kms.katalon.core.main.TestCaseExecutor.execute(TestCaseExecutor.java:233)
	at com.kms.katalon.core.main.TestCaseMain.runTestCase(TestCaseMain.java:114)
	at com.kms.katalon.core.keyword.builtin.CallTestCaseKeyword$_callTestCase_closure1.doCall(CallTestCaseKeyword.groovy:59)
	at com.kms.katalon.core.keyword.builtin.CallTestCaseKeyword$_callTestCase_closure1.call(CallTestCaseKeyword.groovy)
	at com.kms.katalon.core.keyword.internal.KeywordMain.runKeyword(KeywordMain.groovy:68)
	at com.kms.katalon.core.keyword.builtin.CallTestCaseKeyword.callTestCase(CallTestCaseKeyword.groovy:81)
	at com.kms.katalon.core.keyword.builtin.CallTestCaseKeyword.execute(CallTestCaseKeyword.groovy:44)
	at com.kms.katalon.core.keyword.internal.KeywordExecutor.executeKeywordForPlatform(KeywordExecutor.groovy:72)
	at com.kms.katalon.core.keyword.BuiltinKeywords.callTestCase(BuiltinKeywords.groovy:334)
	at Trade_Location_Search.run(Trade_Location_Search:71)
	at com.kms.katalon.core.main.ScriptEngine.run(ScriptEngine.java:194)
	at com.kms.katalon.core.main.ScriptEngine.runScriptAsRawText(ScriptEngine.java:119)
	at com.kms.katalon.core.main.TestCaseExecutor.runScript(TestCaseExecutor.java:337)
	at com.kms.katalon.core.main.TestCaseExecutor.doExecute(TestCaseExecutor.java:328)
	at com.kms.katalon.core.main.TestCaseExecutor.processExecutionPhase(TestCaseExecutor.java:307)
	at com.kms.katalon.core.main.TestCaseExecutor.accessMainPhase(TestCaseExecutor.java:299)
	at com.kms.katalon.core.main.TestCaseExecutor.execute(TestCaseExecutor.java:233)
	at com.kms.katalon.core.main.TestSuiteExecutor.accessTestCaseMainPhase(TestSuiteExecutor.java:169)
	at com.kms.katalon.core.main.TestSuiteExecutor.accessTestSuiteMainPhase(TestSuiteExecutor.java:142)
	at com.kms.katalon.core.main.TestSuiteExecutor.execute(TestSuiteExecutor.java:91)
	at com.kms.katalon.core.main.TestCaseMain.startTestSuite(TestCaseMain.java:157)
	at com.kms.katalon.core.main.TestCaseMain$startTestSuite$0.call(Unknown Source)
	at TempTestSuite1586947980982.run(TempTestSuite1586947980982.groovy:36)
)

2020-04-15 12:02:18 - [TEST_STEP][PASSED] - waitForPageLoad(60): Wait for page load successfully

2020-04-15 12:02:18 - [MESSAGE][PASSED] - Wait for page load successfully

2020-04-15 12:02:18 - [TEST_STEP][PASSED] - "COOKIE - ORIGINAL": null

2020-04-15 12:02:18 - [TEST_STEP][PASSED] - if (waitForElementVisible(findTestObject("Object Repository/Feedback/Page_Checkatrade Give your feedback/input_Member_to_Review"), 5)): Web element with id: 'Object Repository/Feedback/Page_Checkatrade Give your feedback/input_Member_to_Review' located by 'By.xpath: //input[@id='feedback-form__company_autocomplete_input']' not found

2020-04-15 12:02:23 - [MESSAGE][INFO] - Unable to find the element located by 'By.xpath: //input[@id='feedback-form__company_autocomplete_input']'. Please recheck the objects properties to make sure the desired element is located. 

2020-04-15 12:02:23 - [MESSAGE][WARNING] - Web element with id: 'Object Repository/Feedback/Page_Checkatrade Give your feedback/input_Member_to_Review' located by 'By.xpath: //input[@id='feedback-form__company_autocomplete_input']' not found

2020-04-15 12:02:23 - [TEST_STEP][PASSED] - else: The <<<OLD>>> Website was detected by the STARTUP Process

2020-04-15 12:02:23 - [TEST_STEP][PASSED] - if (!(verifyElementVisible(findTestObject("Object Repository/Checkatrade_Trade_Search_Page/Page_Checkatrade Find a tradesperson you can trust/input_Search_Button_FF")))): Object 'Object Repository/Checkatrade_Trade_Search_Page/Page_Checkatrade Find a tradesperson you can trust/input_Search_Button_FF' is visible

2020-04-15 12:02:23 - [MESSAGE][PASSED] - Object 'Object Repository/Checkatrade_Trade_Search_Page/Page_Checkatrade Find a tradesperson you can trust/input_Search_Button_FF' is visible

2020-04-15 12:02:23 - [TEST_STEP][PASSED] - else: The <<<OLD>>> Website was detected by the STARTUP Process

2020-04-15 12:02:23 - [TEST_STEP][PASSED] - Website_Version = "old": null

2020-04-15 12:02:23 - [TEST_STEP][PASSED] - logInfo("The <<<OLD>>> Website was detected by the STARTUP Process"): The <<<OLD>>> Website was detected by the STARTUP Process

2020-04-15 12:02:23 - [MESSAGE][INFO] - The <<<OLD>>> Website was detected by the STARTUP Process

2020-04-15 12:02:23 - [MESSAGE][WARNING] - Unable to call Test Case 'Test Cases/Reusable_Test_Sequences/CAT_Setup' (Root cause: com.kms.katalon.core.exception.StepFailedException: Call Test Case 'Test Cases/Reusable_Test_Sequences/CAT_Setup' failed
	at com.kms.katalon.core.keyword.builtin.CallTestCaseKeyword$_callTestCase_closure1.doCall(CallTestCaseKeyword.groovy:63)
	at com.kms.katalon.core.keyword.builtin.CallTestCaseKeyword$_callTestCase_closure1.call(CallTestCaseKeyword.groovy)
	at com.kms.katalon.core.keyword.internal.KeywordMain.runKeyword(KeywordMain.groovy:68)
	at com.kms.katalon.core.keyword.builtin.CallTestCaseKeyword.callTestCase(CallTestCaseKeyword.groovy:81)
	at com.kms.katalon.core.keyword.builtin.CallTestCaseKeyword.execute(CallTestCaseKeyword.groovy:44)
	at com.kms.katalon.core.keyword.internal.KeywordExecutor.executeKeywordForPlatform(KeywordExecutor.groovy:72)
	at com.kms.katalon.core.keyword.BuiltinKeywords.callTestCase(BuiltinKeywords.groovy:334)
	at Trade_Location_Search.run(Trade_Location_Search:71)
	at com.kms.katalon.core.main.ScriptEngine.run(ScriptEngine.java:194)
	at com.kms.katalon.core.main.ScriptEngine.runScriptAsRawText(ScriptEngine.java:119)
	at com.kms.katalon.core.main.TestCaseExecutor.runScript(TestCaseExecutor.java:337)
	at com.kms.katalon.core.main.TestCaseExecutor.doExecute(TestCaseExecutor.java:328)
	at com.kms.katalon.core.main.TestCaseExecutor.processExecutionPhase(TestCaseExecutor.java:307)
	at com.kms.katalon.core.main.TestCaseExecutor.accessMainPhase(TestCaseExecutor.java:299)
	at com.kms.katalon.core.main.TestCaseExecutor.execute(TestCaseExecutor.java:233)
	at com.kms.katalon.core.main.TestSuiteExecutor.accessTestCaseMainPhase(TestSuiteExecutor.java:169)
	at com.kms.katalon.core.main.TestSuiteExecutor.accessTestSuiteMainPhase(TestSuiteExecutor.java:142)
	at com.kms.katalon.core.main.TestSuiteExecutor.execute(TestSuiteExecutor.java:91)
	at com.kms.katalon.core.main.TestCaseMain.startTestSuite(TestCaseMain.java:157)
	at com.kms.katalon.core.main.TestCaseMain$startTestSuite$0.call(Unknown Source)
	at TempTestSuite1586947980982.run(TempTestSuite1586947980982.groovy:36)
Caused by: com.kms.katalon.core.exception.StepFailedException: Text 'Cookie Policy' is present on page  (Root cause: com.kms.katalon.core.exception.StepFailedException: Text 'Cookie Policy' is present on page 
	at com.kms.katalon.core.webui.keyword.internal.WebUIKeywordMain.stepFailed(WebUIKeywordMain.groovy:64)
	at com.kms.katalon.core.webui.keyword.builtin.VerifyTextNotPresentKeyword$_verifyTextNotPresent_closure1.doCall(VerifyTextNotPresentKeyword.groovy:77)
	at com.kms.katalon.core.webui.keyword.builtin.VerifyTextNotPresentKeyword$_verifyTextNotPresent_closure1.call(VerifyTextNotPresentKeyword.groovy)
	at com.kms.katalon.core.webui.keyword.internal.WebUIKeywordMain.runKeyword(WebUIKeywordMain.groovy:20)
	at com.kms.katalon.core.webui.keyword.builtin.VerifyTextNotPresentKeyword.verifyTextNotPresent(VerifyTextNotPresentKeyword.groovy:82)
	at com.kms.katalon.core.webui.keyword.builtin.VerifyTextNotPresentKeyword.execute(VerifyTextNotPresentKeyword.groovy:68)
	at com.kms.katalon.core.keyword.internal.KeywordExecutor.executeKeywordForPlatform(KeywordExecutor.groovy:72)
	at com.kms.katalon.core.webui.keyword.WebUiBuiltInKeywords.verifyTextNotPresent(WebUiBuiltInKeywords.groovy:1752)
	at com.kms.katalon.core.webui.keyword.WebUiBuiltInKeywords$verifyTextNotPresent$4.call(Unknown Source)
	at CAT_Setup.run(CAT_Setup:177)
	at com.kms.katalon.core.main.ScriptEngine.run(ScriptEngine.java:194)
	at com.kms.katalon.core.main.ScriptEngine.runScriptAsRawText(ScriptEngine.java:119)
	at com.kms.katalon.core.main.TestCaseExecutor.runScript(TestCaseExecutor.java:337)
	at com.kms.katalon.core.main.TestCaseExecutor.doExecute(TestCaseExecutor.java:328)
	at com.kms.katalon.core.main.TestCaseExecutor.processExecutionPhase(TestCaseExecutor.java:307)
	at com.kms.katalon.core.main.TestCaseExecutor.accessMainPhase(TestCaseExecutor.java:299)
	at com.kms.katalon.core.main.TestCaseExecutor.execute(TestCaseExecutor.java:233)
	at com.kms.katalon.core.main.TestCaseMain.runTestCase(TestCaseMain.java:114)
	at com.kms.katalon.core.keyword.builtin.CallTestCaseKeyword$_callTestCase_closure1.doCall(CallTestCaseKeyword.groovy:59)
	at com.kms.katalon.core.keyword.builtin.CallTestCaseKeyword$_callTestCase_closure1.call(CallTestCaseKeyword.groovy)
	at com.kms.katalon.core.keyword.internal.KeywordMain.runKeyword(KeywordMain.groovy:68)
	at com.kms.katalon.core.keyword.builtin.CallTestCaseKeyword.callTestCase(CallTestCaseKeyword.groovy:81)
	at com.kms.katalon.core.keyword.builtin.CallTestCaseKeyword.execute(CallTestCaseKeyword.groovy:44)
	at com.kms.katalon.core.keyword.internal.KeywordExecutor.executeKeywordForPlatform(KeywordExecutor.groovy:72)
	at com.kms.katalon.core.keyword.BuiltinKeywords.callTestCase(BuiltinKeywords.groovy:334)
	at Trade_Location_Search.run(Trade_Location_Search:71)
	at com.kms.katalon.core.main.ScriptEngine.run(ScriptEngine.java:194)
	at com.kms.katalon.core.main.ScriptEngine.runScriptAsRawText(ScriptEngine.java:119)
	at com.kms.katalon.core.main.TestCaseExecutor.runScript(TestCaseExecutor.java:337)
	at com.kms.katalon.core.main.TestCaseExecutor.doExecute(TestCaseExecutor.java:328)
	at com.kms.katalon.core.main.TestCaseExecutor.processExecutionPhase(TestCaseExecutor.java:307)
	at com.kms.katalon.core.main.TestCaseExecutor.accessMainPhase(TestCaseExecutor.java:299)
	at com.kms.katalon.core.main.TestCaseExecutor.execute(TestCaseExecutor.java:233)
	at com.kms.katalon.core.main.TestSuiteExecutor.accessTestCaseMainPhase(TestSuiteExecutor.java:169)
	at com.kms.katalon.core.main.TestSuiteExecutor.accessTestSuiteMainPhase(TestSuiteExecutor.java:142)
	at com.kms.katalon.core.main.TestSuiteExecutor.execute(TestSuiteExecutor.java:91)
	at com.kms.katalon.core.main.TestCaseMain.startTestSuite(TestCaseMain.java:157)
	at com.kms.katalon.core.main.TestCaseMain$startTestSuite$0.call(Unknown Source)
	at TempTestSuite1586947980982.run(TempTestSuite1586947980982.groovy:36)
)
	at com.kms.katalon.core.keyword.internal.KeywordMain.stepFailed(KeywordMain.groovy:39)
	at com.kms.katalon.core.webui.keyword.internal.WebUIKeywordMain.stepFailed(WebUIKeywordMain.groovy:64)
	at com.kms.katalon.core.webui.keyword.builtin.VerifyTextNotPresentKeyword$_verifyTextNotPresent_closure1.doCall(VerifyTextNotPresentKeyword.groovy:77)
	at com.kms.katalon.core.webui.keyword.builtin.VerifyTextNotPresentKeyword$_verifyTextNotPresent_closure1.call(VerifyTextNotPresentKeyword.groovy)
	at com.kms.katalon.core.webui.keyword.internal.WebUIKeywordMain.runKeyword(WebUIKeywordMain.groovy:20)
	at com.kms.katalon.core.webui.keyword.builtin.VerifyTextNotPresentKeyword.verifyTextNotPresent(VerifyTextNotPresentKeyword.groovy:82)
	at com.kms.katalon.core.webui.keyword.builtin.VerifyTextNotPresentKeyword.execute(VerifyTextNotPresentKeyword.groovy:68)
	at com.kms.katalon.core.keyword.internal.KeywordExecutor.executeKeywordForPlatform(KeywordExecutor.groovy:72)
	at com.kms.katalon.core.webui.keyword.WebUiBuiltInKeywords.verifyTextNotPresent(WebUiBuiltInKeywords.groovy:1752)
	at com.kms.katalon.core.webui.keyword.WebUiBuiltInKeywords$verifyTextNotPresent$4.call(Unknown Source)
	at CAT_Setup.run(CAT_Setup:177)
	at com.kms.katalon.core.main.ScriptEngine.run(ScriptEngine.java:194)
	at com.kms.katalon.core.main.ScriptEngine.runScriptAsRawText(ScriptEngine.java:119)
	at com.kms.katalon.core.main.TestCaseExecutor.runScript(TestCaseExecutor.java:337)
	at com.kms.katalon.core.main.TestCaseExecutor.doExecute(TestCaseExecutor.java:328)
	at com.kms.katalon.core.main.TestCaseExecutor.processExecutionPhase(TestCaseExecutor.java:307)
	at com.kms.katalon.core.main.TestCaseExecutor.accessMainPhase(TestCaseExecutor.java:299)
	at com.kms.katalon.core.main.TestCaseExecutor.execute(TestCaseExecutor.java:233)
	at com.kms.katalon.core.main.TestCaseMain.runTestCase(TestCaseMain.java:114)
	at com.kms.katalon.core.keyword.builtin.CallTestCaseKeyword$_callTestCase_closure1.doCall(CallTestCaseKeyword.groovy:59)
	... 20 more
Caused by: com.kms.katalon.core.exception.StepFailedException: Text 'Cookie Policy' is present on page 
	... 39 more
)

2020-04-15 12:02:23 - [TEST_STEP][PASSED] - callTestCase(findTestCase("Reusable_Test_Sequences/CAT_Home"), [:], CONTINUE_ON_FAILURE): Call Test Case 'Test Cases/Reusable_Test_Sequences/CAT_Home' successfully

2020-04-15 12:02:23 - [TEST_CASE][PASSED] - Test Cases/Reusable_Test_Sequences/CAT_Home: Test Cases/Reusable_Test_Sequences/CAT_Home

2020-04-15 12:02:23 - [TEST_STEP][PASSED] - waitForPageLoad(60): Wait for page load successfully

2020-04-15 12:02:23 - [MESSAGE][PASSED] - Wait for page load successfully

2020-04-15 12:02:23 - [TEST_STEP][PASSED] - delay(2): Delayed 2 second(s)

2020-04-15 12:02:25 - [MESSAGE][PASSED] - Delayed 2 second(s)

2020-04-15 12:02:25 - [TEST_STEP][PASSED] - "------------------------------------": null

2020-04-15 12:02:25 - [TEST_STEP][PASSED] - if (Website_Version == "new"): null

2020-04-15 12:02:25 - [TEST_STEP][PASSED] - else: Text 'Over a million visits to Checkatrade each month' is present on page 

2020-04-15 12:02:25 - [TEST_STEP][PASSED] - verifyTextPresent("Helping you find the right trade or service", false): Text 'Helping you find the right trade or service' is present on page 

2020-04-15 12:02:26 - [MESSAGE][PASSED] - Text 'Helping you find the right trade or service' is present on page 

2020-04-15 12:02:26 - [TEST_STEP][PASSED] - verifyTextPresent("Search through over", false): Text 'Search through over' is present on page 

2020-04-15 12:02:26 - [MESSAGE][PASSED] - Text 'Search through over' is present on page 

2020-04-15 12:02:26 - [TEST_STEP][PASSED] - verifyTextPresent("recommended, vetted and monitored trades and service providers for free.", false): Text 'recommended, vetted and monitored trades and service providers for free.' is present on page 

2020-04-15 12:02:27 - [MESSAGE][PASSED] - Text 'recommended, vetted and monitored trades and service providers for free.' is present on page 

2020-04-15 12:02:27 - [TEST_STEP][PASSED] - verifyTextPresent("reviews published so far – thank you!", false): Text 'reviews published so far – thank you!' is present on page 

2020-04-15 12:02:28 - [MESSAGE][PASSED] - Text 'reviews published so far – thank you!' is present on page 

2020-04-15 12:02:28 - [TEST_STEP][PASSED] - verifyTextPresent("I need a trade or service", false): Text 'I need a trade or service' is present on page 

2020-04-15 12:02:28 - [MESSAGE][PASSED] - Text 'I need a trade or service' is present on page 

2020-04-15 12:02:28 - [TEST_STEP][PASSED] - verifyTextPresent("Every trader thoroughly checked and vetted", false): Text 'Every trader thoroughly checked and vetted' is present on page 

2020-04-15 12:02:29 - [MESSAGE][PASSED] - Text 'Every trader thoroughly checked and vetted' is present on page 

2020-04-15 12:02:29 - [TEST_STEP][PASSED] - "------------------------------------": null

2020-04-15 12:02:29 - [TEST_STEP][PASSED] - verifyTextPresent("reviews published so far – thank you!", false): Text 'reviews published so far – thank you!' is present on page 

2020-04-15 12:02:29 - [MESSAGE][PASSED] - Text 'reviews published so far – thank you!' is present on page 

2020-04-15 12:02:29 - [TEST_STEP][PASSED] - verifyTextPresent("Find out more", false): Text 'Find out more' is present on page 

2020-04-15 12:02:30 - [MESSAGE][PASSED] - Text 'Find out more' is present on page 

2020-04-15 12:02:30 - [TEST_STEP][PASSED] - verifyTextPresent("I am a tradesman", false): Text 'I am a tradesman' is present on page 

2020-04-15 12:02:30 - [MESSAGE][PASSED] - Text 'I am a tradesman' is present on page 

2020-04-15 12:02:30 - [TEST_STEP][PASSED] - verifyTextPresent("Find out more", false): Text 'Find out more' is present on page 

2020-04-15 12:02:31 - [MESSAGE][PASSED] - Text 'Find out more' is present on page 

2020-04-15 12:02:31 - [TEST_STEP][PASSED] - verifyTextPresent("Over a million visits to Checkatrade each month", false): Text 'Over a million visits to Checkatrade each month' is present on page 

2020-04-15 12:02:32 - [MESSAGE][PASSED] - Text 'Over a million visits to Checkatrade each month' is present on page 

2020-04-15 12:02:32 - [MESSAGE][PASSED] - Call Test Case 'Test Cases/Reusable_Test_Sequences/CAT_Home' successfully

2020-04-15 12:02:32 - [TEST_STEP][PASSED] - "---------------------------------------": null

2020-04-15 12:02:32 - [TEST_STEP][PASSED] - " Set and SEARCH TRADE CLASSIFICATION   |": null

2020-04-15 12:02:32 - [TEST_STEP][PASSED] - callTestCase(findTestCase("Reusable_Test_Sequences/CAT_Enter_Trade_Classification"), [:], CONTINUE_ON_FAILURE): Call Test Case 'Test Cases/Reusable_Test_Sequences/CAT_Enter_Trade_Classification' successfully

2020-04-15 12:02:32 - [TEST_CASE][PASSED] - Test Cases/Reusable_Test_Sequences/CAT_Enter_Trade_Classification: Test Cases/Reusable_Test_Sequences/CAT_Enter_Trade_Classification

2020-04-15 12:02:32 - [TEST_STEP][PASSED] - "---------------------------------": null

2020-04-15 12:02:32 - [TEST_STEP][PASSED] - "Set and SEARCH SELECTED TRADE": null

2020-04-15 12:02:32 - [TEST_STEP][PASSED] - if (Website_Version == "new"): null

2020-04-15 12:02:32 - [TEST_STEP][PASSED] - else: Object: 'Object Repository/Checkatrade_Trade_Search_Page/Page_Checkatrade Find a tradesperson you can trust/input_Search_Button_FF' is clicked on

2020-04-15 12:02:32 - [TEST_STEP][PASSED] - waitForElementPresent(findTestObject("Object Repository/Checkatrade_Trade_Search_Page/Page_Checkatrade Find a tradesperson you can trust/input_Search_Button_FF"), 60): Object 'Object Repository/Checkatrade_Trade_Search_Page/Page_Checkatrade Find a tradesperson you can trust/input_Search_Button_FF' is present

2020-04-15 12:02:32 - [MESSAGE][PASSED] - Object 'Object Repository/Checkatrade_Trade_Search_Page/Page_Checkatrade Find a tradesperson you can trust/input_Search_Button_FF' is present

2020-04-15 12:02:32 - [TEST_STEP][PASSED] - click(findTestObject("Object Repository/Checkatrade_Trade_Search_Page/Page_Checkatrade Find a tradesperson you can trust/input_Search_Button_FF")): Object: 'Object Repository/Checkatrade_Trade_Search_Page/Page_Checkatrade Find a tradesperson you can trust/input_Search_Button_FF' is clicked on

2020-04-15 12:02:32 - [MESSAGE][PASSED] - Object: 'Object Repository/Checkatrade_Trade_Search_Page/Page_Checkatrade Find a tradesperson you can trust/input_Search_Button_FF' is clicked on

2020-04-15 12:02:32 - [TEST_STEP][PASSED] - setText(findTestObject("Object Repository/Checkatrade_Trade_Search_Page/Page_Checkatrade Find a tradesperson you can trust/input_Search_Button_FF"), findTestData("searchTestData").getValue("tradeClassification", row)): Text 'Diagnostic Testing' is set on object 'Object Repository/Checkatrade_Trade_Search_Page/Page_Checkatrade Find a tradesperson you can trust/input_Search_Button_FF'

2020-04-15 12:02:33 - [MESSAGE][PASSED] - Text 'Diagnostic Testing' is set on object 'Object Repository/Checkatrade_Trade_Search_Page/Page_Checkatrade Find a tradesperson you can trust/input_Search_Button_FF'

2020-04-15 12:02:33 - [TEST_STEP][PASSED] - click(findTestObject("Object Repository/Checkatrade_Trade_Search_Page/Page_Checkatrade Find a tradesperson you can trust/input_Search_Button_FF")): Object: 'Object Repository/Checkatrade_Trade_Search_Page/Page_Checkatrade Find a tradesperson you can trust/input_Search_Button_FF' is clicked on

2020-04-15 12:02:33 - [MESSAGE][PASSED] - Object: 'Object Repository/Checkatrade_Trade_Search_Page/Page_Checkatrade Find a tradesperson you can trust/input_Search_Button_FF' is clicked on

2020-04-15 12:02:33 - [MESSAGE][PASSED] - Call Test Case 'Test Cases/Reusable_Test_Sequences/CAT_Enter_Trade_Classification' successfully

2020-04-15 12:02:33 - [TEST_STEP][PASSED] - "---------------------------------------": null

2020-04-15 12:02:33 - [TEST_STEP][PASSED] - " Set and SEARCH TRADE LOCATION         |": null

2020-04-15 12:02:33 - [TEST_STEP][PASSED] - callTestCase(findTestCase("Reusable_Test_Sequences/CAT_Enter_Trade_Location"), [:], CONTINUE_ON_FAILURE): Call Test Case 'Test Cases/Reusable_Test_Sequences/CAT_Enter_Trade_Location' successfully

2020-04-15 12:02:33 - [TEST_CASE][PASSED] - Test Cases/Reusable_Test_Sequences/CAT_Enter_Trade_Location: Test Cases/Reusable_Test_Sequences/CAT_Enter_Trade_Location

2020-04-15 12:02:33 - [TEST_STEP][PASSED] - "---------------------------------": null

2020-04-15 12:02:33 - [TEST_STEP][PASSED] - "Set and SEARCH SELECTED LOCATION |": null

2020-04-15 12:02:33 - [TEST_STEP][PASSED] - if (Website_Version != "new"): Text 'Angmering' is set on object 'Object Repository/Checkatrade_Trade_Search_Page/Page_Checkatrade Find a tradesperson you can trust/input_Not here_location'

2020-04-15 12:02:33 - [TEST_STEP][PASSED] - click(findTestObject("Object Repository/Checkatrade_Trade_Search_Page/Page_Checkatrade Find a tradesperson you can trust/input_Not here_location")): Object: 'Object Repository/Checkatrade_Trade_Search_Page/Page_Checkatrade Find a tradesperson you can trust/input_Not here_location' is clicked on

2020-04-15 12:02:33 - [MESSAGE][PASSED] - Object: 'Object Repository/Checkatrade_Trade_Search_Page/Page_Checkatrade Find a tradesperson you can trust/input_Not here_location' is clicked on

2020-04-15 12:02:33 - [TEST_STEP][PASSED] - setText(findTestObject("Object Repository/Checkatrade_Trade_Search_Page/Page_Checkatrade Find a tradesperson you can trust/input_Not here_location"), findTestData("searchTestData").getValue("tradeLocation", row)): Text 'Angmering' is set on object 'Object Repository/Checkatrade_Trade_Search_Page/Page_Checkatrade Find a tradesperson you can trust/input_Not here_location'

2020-04-15 12:02:34 - [MESSAGE][PASSED] - Text 'Angmering' is set on object 'Object Repository/Checkatrade_Trade_Search_Page/Page_Checkatrade Find a tradesperson you can trust/input_Not here_location'

2020-04-15 12:02:34 - [TEST_STEP][PASSED] - if (verifyTextNotPresent("Sorry, no results found", false)): null

2020-04-15 12:02:34 - [MESSAGE][PASSED] - Text 'Sorry, no results found' is not present on page

2020-04-15 12:02:34 - [TEST_STEP][PASSED] - markPassed("The Expected Lookup Result(s) ARE being returned by the Lookup Service, AS EXPECTED"): The Expected Lookup Result(s) ARE being returned by the Lookup Service, AS EXPECTED

2020-04-15 12:02:34 - [MESSAGE][PASSED] - The Expected Lookup Result(s) ARE being returned by the Lookup Service, AS EXPECTED

2020-04-15 12:02:34 - [MESSAGE][PASSED] - Call Test Case 'Test Cases/Reusable_Test_Sequences/CAT_Enter_Trade_Location' successfully

2020-04-15 12:02:34 - [TEST_STEP][PASSED] - "---------------------------------------": null

2020-04-15 12:02:34 - [TEST_STEP][PASSED] - " Scroll Search Button into View        |": null

2020-04-15 12:02:34 - [TEST_STEP][PASSED] - "---------------------------------------": null

2020-04-15 12:02:34 - [TEST_STEP][PASSED] - "---------------------------------------": null

2020-04-15 12:02:34 - [TEST_STEP][PASSED] - " Hit Search Button                     |": null

2020-04-15 12:02:34 - [TEST_STEP][PASSED] - callTestCase(findTestCase("Reusable_Test_Sequences/CAT_Hit_Search_Button"), [:], CONTINUE_ON_FAILURE): Call Test Case 'Test Cases/Reusable_Test_Sequences/CAT_Hit_Search_Button' successfully

2020-04-15 12:02:34 - [TEST_CASE][PASSED] - Test Cases/Reusable_Test_Sequences/CAT_Hit_Search_Button: Test Cases/Reusable_Test_Sequences/CAT_Hit_Search_Button

2020-04-15 12:02:34 - [TEST_STEP][PASSED] - "---------------------------------": null

2020-04-15 12:02:34 - [TEST_STEP][PASSED] - "HIT SEARCH": null

2020-04-15 12:02:34 - [TEST_STEP][PASSED] - "---------------------------------": null

2020-04-15 12:02:34 - [TEST_STEP][PASSED] - if (Website_Version == "new"): null

2020-04-15 12:02:34 - [TEST_STEP][PASSED] - else: Object: 'Object Repository/Page_Checkatrade Find a tradesperson you can trust/a_Search' is clicked on

2020-04-15 12:02:34 - [TEST_STEP][PASSED] - waitForElementClickable(findTestObject("Object Repository/Page_Checkatrade Find a tradesperson you can trust/a_Search"), 25): Object 'Object Repository/Page_Checkatrade Find a tradesperson you can trust/a_Search' is clickable

2020-04-15 12:02:34 - [MESSAGE][PASSED] - Object 'Object Repository/Page_Checkatrade Find a tradesperson you can trust/a_Search' is clickable

2020-04-15 12:02:34 - [TEST_STEP][PASSED] - click(findTestObject("Object Repository/Page_Checkatrade Find a tradesperson you can trust/a_Search")): Object: 'Object Repository/Page_Checkatrade Find a tradesperson you can trust/a_Search' is clicked on

2020-04-15 12:02:48 - [MESSAGE][PASSED] - Object: 'Object Repository/Page_Checkatrade Find a tradesperson you can trust/a_Search' is clicked on

2020-04-15 12:02:48 - [MESSAGE][PASSED] - Call Test Case 'Test Cases/Reusable_Test_Sequences/CAT_Hit_Search_Button' successfully

2020-04-15 12:02:48 - [TEST_STEP][PASSED] - "---------------------------------------": null

2020-04-15 12:02:48 - [TEST_STEP][PASSED] - " Verify Returned Page is as Expected   |": null

2020-04-15 12:02:48 - [TEST_STEP][PASSED] - callTestCase(findTestCase("Reusable_Test_Sequences/CAT_Verification"), [:], STOP_ON_FAILURE): Call Test Case 'Test Cases/Reusable_Test_Sequences/CAT_Verification' successfully

2020-04-15 12:02:48 - [TEST_CASE][PASSED] - Test Cases/Reusable_Test_Sequences/CAT_Verification: Test Cases/Reusable_Test_Sequences/CAT_Verification

2020-04-15 12:02:48 - [TEST_STEP][PASSED] - "Updated 05/12/2019 due to wholesale Home page changes": null

2020-04-15 12:02:48 - [TEST_STEP][PASSED] - "Expected cantantenated text is Returned": null

2020-04-15 12:02:48 - [TEST_STEP][PASSED] - " DYNAMIC DELAY - Wait for <SEARCH> Button to Re-Appear after Search is completed": null

2020-04-15 12:02:48 - [TEST_STEP][PASSED] - delay(3): Delayed 3 second(s)

2020-04-15 12:02:51 - [MESSAGE][PASSED] - Delayed 3 second(s)

2020-04-15 12:02:51 - [TEST_STEP][PASSED] - waitForPageLoad(60): Wait for page load successfully

2020-04-15 12:02:51 - [MESSAGE][PASSED] - Wait for page load successfully

2020-04-15 12:02:51 - [TEST_STEP][PASSED] - delay(1): Delayed 1 second(s)

2020-04-15 12:02:52 - [MESSAGE][PASSED] - Delayed 1 second(s)

2020-04-15 12:02:52 - [TEST_STEP][PASSED] - "--------------------": null

2020-04-15 12:02:52 - [TEST_STEP][PASSED] - "----------------------------------------------------------------------------------------------------": null

2020-04-15 12:02:52 - [TEST_STEP][PASSED] - "PREVIEW INCONSISTENCY - SOMETIME THE FIRST ITERATION RETURNS 404 - SEEMS TO BE A PREVIEW GLITCH THAT OCCURS TOO OFTEN   |  23/03/2020 - DH": null

2020-04-15 12:02:52 - [TEST_STEP][PASSED] - "------------------------------------------------------------------------------------------------------------------------": null

2020-04-15 12:02:52 - [TEST_STEP][PASSED] - "NEW Approach - Detect IMPROVE SEARCH PoPout and Syn on THIS": null

2020-04-15 12:02:52 - [TEST_STEP][PASSED] - verifyTextPresent(findTestData("searchTestData").getValue("tradeClassification", row), false): Text 'Diagnostic Testing' is present on page 

2020-04-15 12:02:55 - [MESSAGE][PASSED] - Text 'Diagnostic Testing' is present on page 

2020-04-15 12:02:55 - [TEST_STEP][PASSED] - verifyTextPresent(findTestData("searchTestData").getValue("tradeLocation", row), false): Text 'Angmering' is present on page 

2020-04-15 12:02:58 - [MESSAGE][PASSED] - Text 'Angmering' is present on page 

2020-04-15 12:02:58 - [MESSAGE][PASSED] - Call Test Case 'Test Cases/Reusable_Test_Sequences/CAT_Verification' successfully

2020-04-15 12:02:58 - [TEST_STEP][PASSED] - "--------------------------": null

2020-04-15 12:02:58 - [TEST_STEP][PASSED] - " Teardown - CLose Browser |": null

2020-04-15 12:02:58 - [TEST_STEP][PASSED] - callTestCase(findTestCase("Reusable_Test_Sequences/CAT_Teardown"), [:], OPTIONAL): Call Test Case 'Test Cases/Reusable_Test_Sequences/CAT_Teardown' successfully

2020-04-15 12:02:58 - [TEST_CASE][PASSED] - Test Cases/Reusable_Test_Sequences/CAT_Teardown: Test Cases/Reusable_Test_Sequences/CAT_Teardown

2020-04-15 12:02:58 - [TEST_STEP][PASSED] - closeBrowser(): Browser is closed

2020-04-15 12:03:00 - [MESSAGE][PASSED] - Browser is closed

2020-04-15 12:03:00 - [TEST_STEP][PASSED] - super.finalize(): null

2020-04-15 12:03:00 - [TEST_STEP][PASSED] - System.gc(): null

2020-04-15 12:03:00 - [MESSAGE][PASSED] - Call Test Case 'Test Cases/Reusable_Test_Sequences/CAT_Teardown' successfully

2020-04-15 12:03:01 - [TEST_STEP][PASSED] - callTestCase(findTestCase("Reusable_Test_Sequences/CAT_Setup"), [:], OPTIONAL): Call Test Case 'Test Cases/Reusable_Test_Sequences/CAT_Setup' successfully

2020-04-15 12:03:01 - [TEST_CASE][PASSED] - Test Cases/Reusable_Test_Sequences/CAT_Setup: Test Cases/Reusable_Test_Sequences/CAT_Setup

2020-04-15 12:03:01 - [TEST_STEP][PASSED] - "------------------------------": null

2020-04-15 12:03:01 - [TEST_STEP][PASSED] - " Set Mobile Device Testing    |": null

2020-04-15 12:03:01 - [TEST_STEP][PASSED] - if (Mobile_Flag == "true"): null

2020-04-15 12:03:01 - [TEST_STEP][PASSED] - "------------------------------": null

2020-04-15 12:03:01 - [TEST_STEP][PASSED] - " Set Mobile Device Testing    |": null

2020-04-15 12:03:01 - [TEST_STEP][PASSED] - "------------------------------": null

2020-04-15 12:03:01 - [TEST_STEP][PASSED] - "URL - Set from the ENVIRONMENT PROFILE ": null

2020-04-15 12:03:01 - [TEST_STEP][PASSED] - openBrowser(URL): Browser is opened with url: 'https://www.preview.checkatrade.com/'

2020-04-15 12:03:01 - [MESSAGE][INFO] - Starting 'Firefox' driver

2020-04-15 12:03:01 - [MESSAGE][INFO] - Action delay is set to 0 milliseconds

2020-04-15 12:03:17 - [MESSAGE][PASSED] - Browser is opened with url: 'https://www.preview.checkatrade.com/'

2020-04-15 12:03:17 - [TEST_STEP][PASSED] - maximizeWindow(): Current window maximized

2020-04-15 12:03:18 - [MESSAGE][PASSED] - Current window maximized

2020-04-15 12:03:18 - [TEST_STEP][PASSED] - waitForPageLoad(60): Wait for page load successfully

2020-04-15 12:03:18 - [MESSAGE][PASSED] - Wait for page load successfully

2020-04-15 12:03:18 - [TEST_STEP][PASSED] - "Previous Functionalilty Left Commented For Ease Of reversion": null

2020-04-15 12:03:18 - [TEST_STEP][PASSED] - " Katalon Try/Catches currently have issues? SEE HEADER": null

2020-04-15 12:03:18 - [TEST_STEP][PASSED] - try: Text 'Cookie Policy' is not present on page

2020-04-15 12:03:18 - [TEST_STEP][PASSED] - verifyElementPresent(findTestObject("Object Repository/Cookies/Page_Checkatrade Find a tradesperson you can trust/button_Accept All"), 5, OPTIONAL): Object 'Object Repository/Cookies/Page_Checkatrade Find a tradesperson you can trust/button_Accept All' is present

2020-04-15 12:03:18 - [MESSAGE][PASSED] - Object 'Object Repository/Cookies/Page_Checkatrade Find a tradesperson you can trust/button_Accept All' is present

2020-04-15 12:03:18 - [TEST_STEP][PASSED] - click(findTestObject("Object Repository/Cookies/Page_Checkatrade Find a tradesperson you can trust/button_Accept All"), OPTIONAL): Object: 'Object Repository/Cookies/Page_Checkatrade Find a tradesperson you can trust/button_Accept All' is clicked on

2020-04-15 12:03:18 - [MESSAGE][PASSED] - Object: 'Object Repository/Cookies/Page_Checkatrade Find a tradesperson you can trust/button_Accept All' is clicked on

2020-04-15 12:03:18 - [TEST_STEP][PASSED] - "---------------------------------": null

2020-04-15 12:03:18 - [TEST_STEP][PASSED] - "COOKIE POPOUT REMOVED - Confirmed": null

2020-04-15 12:03:18 - [TEST_STEP][PASSED] - delay(1): Delayed 1 second(s)

2020-04-15 12:03:19 - [MESSAGE][PASSED] - Delayed 1 second(s)

2020-04-15 12:03:19 - [TEST_STEP][PASSED] - verifyTextNotPresent("We use cookies to personalise content and ads, to provide social media features and to analyse our traffic", false): Text 'We use cookies to personalise content and ads, to provide social media features and to analyse our traffic' is not present on page

2020-04-15 12:03:20 - [MESSAGE][PASSED] - Text 'We use cookies to personalise content and ads, to provide social media features and to analyse our traffic' is not present on page

2020-04-15 12:03:20 - [TEST_STEP][PASSED] - verifyTextNotPresent(" We also share information about your use of our site with our social media, advertising and analytics partners", false): Text ' We also share information about your use of our site with our social media, advertising and analytics partners' is not present on page

2020-04-15 12:03:21 - [MESSAGE][PASSED] - Text ' We also share information about your use of our site with our social media, advertising and analytics partners' is not present on page

2020-04-15 12:03:21 - [TEST_STEP][PASSED] - verifyTextNotPresent("Cookie Policy", false): Text 'Cookie Policy' is not present on page

2020-04-15 12:03:21 - [MESSAGE][PASSED] - Text 'Cookie Policy' is not present on page

2020-04-15 12:03:21 - [TEST_STEP][PASSED] - waitForPageLoad(60): Wait for page load successfully

2020-04-15 12:03:21 - [MESSAGE][PASSED] - Wait for page load successfully

2020-04-15 12:03:21 - [TEST_STEP][PASSED] - "COOKIE - ORIGINAL": null

2020-04-15 12:03:21 - [TEST_STEP][PASSED] - if (waitForElementVisible(findTestObject("Object Repository/Feedback/Page_Checkatrade Give your feedback/input_Member_to_Review"), 5)): Web element with id: 'Object Repository/Feedback/Page_Checkatrade Give your feedback/input_Member_to_Review' located by 'By.xpath: //input[@id='feedback-form__company_autocomplete_input']' not found

2020-04-15 12:03:26 - [MESSAGE][INFO] - Unable to find the element located by 'By.xpath: //input[@id='feedback-form__company_autocomplete_input']'. Please recheck the objects properties to make sure the desired element is located. 

2020-04-15 12:03:26 - [MESSAGE][WARNING] - Web element with id: 'Object Repository/Feedback/Page_Checkatrade Give your feedback/input_Member_to_Review' located by 'By.xpath: //input[@id='feedback-form__company_autocomplete_input']' not found

2020-04-15 12:03:26 - [TEST_STEP][PASSED] - else: The <<<OLD>>> Website was detected by the STARTUP Process

2020-04-15 12:03:26 - [TEST_STEP][PASSED] - if (!(verifyElementVisible(findTestObject("Object Repository/Checkatrade_Trade_Search_Page/Page_Checkatrade Find a tradesperson you can trust/input_Search_Button_FF")))): Object 'Object Repository/Checkatrade_Trade_Search_Page/Page_Checkatrade Find a tradesperson you can trust/input_Search_Button_FF' is visible

2020-04-15 12:03:27 - [MESSAGE][PASSED] - Object 'Object Repository/Checkatrade_Trade_Search_Page/Page_Checkatrade Find a tradesperson you can trust/input_Search_Button_FF' is visible

2020-04-15 12:03:27 - [TEST_STEP][PASSED] - else: The <<<OLD>>> Website was detected by the STARTUP Process

2020-04-15 12:03:27 - [TEST_STEP][PASSED] - Website_Version = "old": null

2020-04-15 12:03:27 - [TEST_STEP][PASSED] - logInfo("The <<<OLD>>> Website was detected by the STARTUP Process"): The <<<OLD>>> Website was detected by the STARTUP Process

2020-04-15 12:03:27 - [MESSAGE][INFO] - The <<<OLD>>> Website was detected by the STARTUP Process

2020-04-15 12:03:27 - [MESSAGE][PASSED] - Call Test Case 'Test Cases/Reusable_Test_Sequences/CAT_Setup' successfully

2020-04-15 12:03:27 - [TEST_STEP][PASSED] - callTestCase(findTestCase("Reusable_Test_Sequences/CAT_Home"), [:], CONTINUE_ON_FAILURE): Call Test Case 'Test Cases/Reusable_Test_Sequences/CAT_Home' successfully

2020-04-15 12:03:27 - [TEST_CASE][PASSED] - Test Cases/Reusable_Test_Sequences/CAT_Home: Test Cases/Reusable_Test_Sequences/CAT_Home

2020-04-15 12:03:27 - [TEST_STEP][PASSED] - waitForPageLoad(60): Wait for page load successfully

2020-04-15 12:03:27 - [MESSAGE][PASSED] - Wait for page load successfully

2020-04-15 12:03:27 - [TEST_STEP][PASSED] - delay(2): Delayed 2 second(s)

2020-04-15 12:03:29 - [MESSAGE][PASSED] - Delayed 2 second(s)

2020-04-15 12:03:29 - [TEST_STEP][PASSED] - "------------------------------------": null

2020-04-15 12:03:29 - [TEST_STEP][PASSED] - if (Website_Version == "new"): null

2020-04-15 12:03:29 - [TEST_STEP][PASSED] - else: Text 'Over a million visits to Checkatrade each month' is present on page 

2020-04-15 12:03:29 - [TEST_STEP][PASSED] - verifyTextPresent("Helping you find the right trade or service", false): Text 'Helping you find the right trade or service' is present on page 

2020-04-15 12:03:29 - [MESSAGE][PASSED] - Text 'Helping you find the right trade or service' is present on page 

2020-04-15 12:03:29 - [TEST_STEP][PASSED] - verifyTextPresent("Search through over", false): Text 'Search through over' is present on page 

2020-04-15 12:03:30 - [MESSAGE][PASSED] - Text 'Search through over' is present on page 

2020-04-15 12:03:30 - [TEST_STEP][PASSED] - verifyTextPresent("recommended, vetted and monitored trades and service providers for free.", false): Text 'recommended, vetted and monitored trades and service providers for free.' is present on page 

2020-04-15 12:03:30 - [MESSAGE][PASSED] - Text 'recommended, vetted and monitored trades and service providers for free.' is present on page 

2020-04-15 12:03:30 - [TEST_STEP][PASSED] - verifyTextPresent("reviews published so far – thank you!", false): Text 'reviews published so far – thank you!' is present on page 

2020-04-15 12:03:31 - [MESSAGE][PASSED] - Text 'reviews published so far – thank you!' is present on page 

2020-04-15 12:03:31 - [TEST_STEP][PASSED] - verifyTextPresent("I need a trade or service", false): Text 'I need a trade or service' is present on page 

2020-04-15 12:03:31 - [MESSAGE][PASSED] - Text 'I need a trade or service' is present on page 

2020-04-15 12:03:31 - [TEST_STEP][PASSED] - verifyTextPresent("Every trader thoroughly checked and vetted", false): Text 'Every trader thoroughly checked and vetted' is present on page 

2020-04-15 12:03:31 - [MESSAGE][PASSED] - Text 'Every trader thoroughly checked and vetted' is present on page 

2020-04-15 12:03:31 - [TEST_STEP][PASSED] - "------------------------------------": null

2020-04-15 12:03:31 - [TEST_STEP][PASSED] - verifyTextPresent("reviews published so far – thank you!", false): Text 'reviews published so far – thank you!' is present on page 

2020-04-15 12:03:31 - [MESSAGE][PASSED] - Text 'reviews published so far – thank you!' is present on page 

2020-04-15 12:03:31 - [TEST_STEP][PASSED] - verifyTextPresent("Find out more", false): Text 'Find out more' is present on page 

2020-04-15 12:03:32 - [MESSAGE][PASSED] - Text 'Find out more' is present on page 

2020-04-15 12:03:32 - [TEST_STEP][PASSED] - verifyTextPresent("I am a tradesman", false): Text 'I am a tradesman' is present on page 

2020-04-15 12:03:32 - [MESSAGE][PASSED] - Text 'I am a tradesman' is present on page 

2020-04-15 12:03:32 - [TEST_STEP][PASSED] - verifyTextPresent("Find out more", false): Text 'Find out more' is present on page 

2020-04-15 12:03:32 - [MESSAGE][PASSED] - Text 'Find out more' is present on page 

2020-04-15 12:03:32 - [TEST_STEP][PASSED] - verifyTextPresent("Over a million visits to Checkatrade each month", false): Text 'Over a million visits to Checkatrade each month' is present on page 

2020-04-15 12:03:33 - [MESSAGE][PASSED] - Text 'Over a million visits to Checkatrade each month' is present on page 

2020-04-15 12:03:33 - [MESSAGE][PASSED] - Call Test Case 'Test Cases/Reusable_Test_Sequences/CAT_Home' successfully

2020-04-15 12:03:33 - [TEST_STEP][PASSED] - "---------------------------------------": null

2020-04-15 12:03:33 - [TEST_STEP][PASSED] - " Set and SEARCH TRADE CLASSIFICATION   |": null

2020-04-15 12:03:33 - [TEST_STEP][PASSED] - callTestCase(findTestCase("Reusable_Test_Sequences/CAT_Enter_Trade_Classification"), [:], CONTINUE_ON_FAILURE): Call Test Case 'Test Cases/Reusable_Test_Sequences/CAT_Enter_Trade_Classification' successfully

2020-04-15 12:03:33 - [TEST_CASE][PASSED] - Test Cases/Reusable_Test_Sequences/CAT_Enter_Trade_Classification: Test Cases/Reusable_Test_Sequences/CAT_Enter_Trade_Classification

2020-04-15 12:03:33 - [TEST_STEP][PASSED] - "---------------------------------": null

2020-04-15 12:03:33 - [TEST_STEP][PASSED] - "Set and SEARCH SELECTED TRADE": null

2020-04-15 12:03:33 - [TEST_STEP][PASSED] - if (Website_Version == "new"): null

2020-04-15 12:03:33 - [TEST_STEP][PASSED] - else: Object: 'Object Repository/Checkatrade_Trade_Search_Page/Page_Checkatrade Find a tradesperson you can trust/input_Search_Button_FF' is clicked on

2020-04-15 12:03:33 - [TEST_STEP][PASSED] - waitForElementPresent(findTestObject("Object Repository/Checkatrade_Trade_Search_Page/Page_Checkatrade Find a tradesperson you can trust/input_Search_Button_FF"), 60): Object 'Object Repository/Checkatrade_Trade_Search_Page/Page_Checkatrade Find a tradesperson you can trust/input_Search_Button_FF' is present

2020-04-15 12:03:33 - [MESSAGE][PASSED] - Object 'Object Repository/Checkatrade_Trade_Search_Page/Page_Checkatrade Find a tradesperson you can trust/input_Search_Button_FF' is present

2020-04-15 12:03:33 - [TEST_STEP][PASSED] - click(findTestObject("Object Repository/Checkatrade_Trade_Search_Page/Page_Checkatrade Find a tradesperson you can trust/input_Search_Button_FF")): Object: 'Object Repository/Checkatrade_Trade_Search_Page/Page_Checkatrade Find a tradesperson you can trust/input_Search_Button_FF' is clicked on

2020-04-15 12:03:33 - [MESSAGE][PASSED] - Object: 'Object Repository/Checkatrade_Trade_Search_Page/Page_Checkatrade Find a tradesperson you can trust/input_Search_Button_FF' is clicked on

2020-04-15 12:03:33 - [TEST_STEP][PASSED] - setText(findTestObject("Object Repository/Checkatrade_Trade_Search_Page/Page_Checkatrade Find a tradesperson you can trust/input_Search_Button_FF"), findTestData("searchTestData").getValue("tradeClassification", row)): Text 'Garage/Vehicle Services' is set on object 'Object Repository/Checkatrade_Trade_Search_Page/Page_Checkatrade Find a tradesperson you can trust/input_Search_Button_FF'

2020-04-15 12:03:33 - [MESSAGE][PASSED] - Text 'Garage/Vehicle Services' is set on object 'Object Repository/Checkatrade_Trade_Search_Page/Page_Checkatrade Find a tradesperson you can trust/input_Search_Button_FF'

2020-04-15 12:03:33 - [TEST_STEP][PASSED] - click(findTestObject("Object Repository/Checkatrade_Trade_Search_Page/Page_Checkatrade Find a tradesperson you can trust/input_Search_Button_FF")): Object: 'Object Repository/Checkatrade_Trade_Search_Page/Page_Checkatrade Find a tradesperson you can trust/input_Search_Button_FF' is clicked on

2020-04-15 12:03:33 - [MESSAGE][PASSED] - Object: 'Object Repository/Checkatrade_Trade_Search_Page/Page_Checkatrade Find a tradesperson you can trust/input_Search_Button_FF' is clicked on

2020-04-15 12:03:33 - [MESSAGE][PASSED] - Call Test Case 'Test Cases/Reusable_Test_Sequences/CAT_Enter_Trade_Classification' successfully

2020-04-15 12:03:33 - [TEST_STEP][PASSED] - "---------------------------------------": null

2020-04-15 12:03:33 - [TEST_STEP][PASSED] - " Set and SEARCH TRADE LOCATION         |": null

2020-04-15 12:03:33 - [TEST_STEP][PASSED] - callTestCase(findTestCase("Reusable_Test_Sequences/CAT_Enter_Trade_Location"), [:], CONTINUE_ON_FAILURE): Call Test Case 'Test Cases/Reusable_Test_Sequences/CAT_Enter_Trade_Location' successfully

2020-04-15 12:03:34 - [TEST_CASE][PASSED] - Test Cases/Reusable_Test_Sequences/CAT_Enter_Trade_Location: Test Cases/Reusable_Test_Sequences/CAT_Enter_Trade_Location

2020-04-15 12:03:34 - [TEST_STEP][PASSED] - "---------------------------------": null

2020-04-15 12:03:34 - [TEST_STEP][PASSED] - "Set and SEARCH SELECTED LOCATION |": null

2020-04-15 12:03:34 - [TEST_STEP][PASSED] - if (Website_Version != "new"): Text 'Rustington' is set on object 'Object Repository/Checkatrade_Trade_Search_Page/Page_Checkatrade Find a tradesperson you can trust/input_Not here_location'

2020-04-15 12:03:34 - [TEST_STEP][PASSED] - click(findTestObject("Object Repository/Checkatrade_Trade_Search_Page/Page_Checkatrade Find a tradesperson you can trust/input_Not here_location")): Object: 'Object Repository/Checkatrade_Trade_Search_Page/Page_Checkatrade Find a tradesperson you can trust/input_Not here_location' is clicked on

2020-04-15 12:03:34 - [MESSAGE][PASSED] - Object: 'Object Repository/Checkatrade_Trade_Search_Page/Page_Checkatrade Find a tradesperson you can trust/input_Not here_location' is clicked on

2020-04-15 12:03:34 - [TEST_STEP][PASSED] - setText(findTestObject("Object Repository/Checkatrade_Trade_Search_Page/Page_Checkatrade Find a tradesperson you can trust/input_Not here_location"), findTestData("searchTestData").getValue("tradeLocation", row)): Text 'Rustington' is set on object 'Object Repository/Checkatrade_Trade_Search_Page/Page_Checkatrade Find a tradesperson you can trust/input_Not here_location'

2020-04-15 12:03:34 - [MESSAGE][PASSED] - Text 'Rustington' is set on object 'Object Repository/Checkatrade_Trade_Search_Page/Page_Checkatrade Find a tradesperson you can trust/input_Not here_location'

2020-04-15 12:03:34 - [TEST_STEP][PASSED] - if (verifyTextNotPresent("Sorry, no results found", false)): null

2020-04-15 12:03:34 - [MESSAGE][PASSED] - Text 'Sorry, no results found' is not present on page

2020-04-15 12:03:34 - [TEST_STEP][PASSED] - markPassed("The Expected Lookup Result(s) ARE being returned by the Lookup Service, AS EXPECTED"): The Expected Lookup Result(s) ARE being returned by the Lookup Service, AS EXPECTED

2020-04-15 12:03:34 - [MESSAGE][PASSED] - The Expected Lookup Result(s) ARE being returned by the Lookup Service, AS EXPECTED

2020-04-15 12:03:34 - [MESSAGE][PASSED] - Call Test Case 'Test Cases/Reusable_Test_Sequences/CAT_Enter_Trade_Location' successfully

2020-04-15 12:03:34 - [TEST_STEP][PASSED] - "---------------------------------------": null

2020-04-15 12:03:34 - [TEST_STEP][PASSED] - " Scroll Search Button into View        |": null

2020-04-15 12:03:34 - [TEST_STEP][PASSED] - "---------------------------------------": null

2020-04-15 12:03:34 - [TEST_STEP][PASSED] - "---------------------------------------": null

2020-04-15 12:03:34 - [TEST_STEP][PASSED] - " Hit Search Button                     |": null

2020-04-15 12:03:34 - [TEST_STEP][PASSED] - callTestCase(findTestCase("Reusable_Test_Sequences/CAT_Hit_Search_Button"), [:], CONTINUE_ON_FAILURE): Call Test Case 'Test Cases/Reusable_Test_Sequences/CAT_Hit_Search_Button' successfully

2020-04-15 12:03:34 - [TEST_CASE][PASSED] - Test Cases/Reusable_Test_Sequences/CAT_Hit_Search_Button: Test Cases/Reusable_Test_Sequences/CAT_Hit_Search_Button

2020-04-15 12:03:34 - [TEST_STEP][PASSED] - "---------------------------------": null

2020-04-15 12:03:34 - [TEST_STEP][PASSED] - "HIT SEARCH": null

2020-04-15 12:03:34 - [TEST_STEP][PASSED] - "---------------------------------": null

2020-04-15 12:03:35 - [TEST_STEP][PASSED] - if (Website_Version == "new"): null

2020-04-15 12:03:35 - [TEST_STEP][PASSED] - else: Object: 'Object Repository/Page_Checkatrade Find a tradesperson you can trust/a_Search' is clicked on

2020-04-15 12:03:35 - [TEST_STEP][PASSED] - waitForElementClickable(findTestObject("Object Repository/Page_Checkatrade Find a tradesperson you can trust/a_Search"), 25): Object 'Object Repository/Page_Checkatrade Find a tradesperson you can trust/a_Search' is clickable

2020-04-15 12:03:35 - [MESSAGE][PASSED] - Object 'Object Repository/Page_Checkatrade Find a tradesperson you can trust/a_Search' is clickable

2020-04-15 12:03:35 - [TEST_STEP][PASSED] - click(findTestObject("Object Repository/Page_Checkatrade Find a tradesperson you can trust/a_Search")): Object: 'Object Repository/Page_Checkatrade Find a tradesperson you can trust/a_Search' is clicked on

2020-04-15 12:03:50 - [MESSAGE][PASSED] - Object: 'Object Repository/Page_Checkatrade Find a tradesperson you can trust/a_Search' is clicked on

2020-04-15 12:03:50 - [MESSAGE][PASSED] - Call Test Case 'Test Cases/Reusable_Test_Sequences/CAT_Hit_Search_Button' successfully

2020-04-15 12:03:50 - [TEST_STEP][PASSED] - "---------------------------------------": null

2020-04-15 12:03:50 - [TEST_STEP][PASSED] - " Verify Returned Page is as Expected   |": null

2020-04-15 12:03:50 - [TEST_STEP][PASSED] - callTestCase(findTestCase("Reusable_Test_Sequences/CAT_Verification"), [:], STOP_ON_FAILURE): Call Test Case 'Test Cases/Reusable_Test_Sequences/CAT_Verification' successfully

2020-04-15 12:03:50 - [TEST_CASE][PASSED] - Test Cases/Reusable_Test_Sequences/CAT_Verification: Test Cases/Reusable_Test_Sequences/CAT_Verification

2020-04-15 12:03:50 - [TEST_STEP][PASSED] - "Updated 05/12/2019 due to wholesale Home page changes": null

2020-04-15 12:03:50 - [TEST_STEP][PASSED] - "Expected cantantenated text is Returned": null

2020-04-15 12:03:50 - [TEST_STEP][PASSED] - " DYNAMIC DELAY - Wait for <SEARCH> Button to Re-Appear after Search is completed": null

2020-04-15 12:03:50 - [TEST_STEP][PASSED] - delay(3): Delayed 3 second(s)

2020-04-15 12:03:53 - [MESSAGE][PASSED] - Delayed 3 second(s)

2020-04-15 12:03:53 - [TEST_STEP][PASSED] - waitForPageLoad(60): Wait for page load successfully

2020-04-15 12:03:53 - [MESSAGE][PASSED] - Wait for page load successfully

2020-04-15 12:03:53 - [TEST_STEP][PASSED] - delay(1): Delayed 1 second(s)

2020-04-15 12:03:54 - [MESSAGE][PASSED] - Delayed 1 second(s)

2020-04-15 12:03:54 - [TEST_STEP][PASSED] - "--------------------": null

2020-04-15 12:03:54 - [TEST_STEP][PASSED] - "----------------------------------------------------------------------------------------------------": null

2020-04-15 12:03:54 - [TEST_STEP][PASSED] - "PREVIEW INCONSISTENCY - SOMETIME THE FIRST ITERATION RETURNS 404 - SEEMS TO BE A PREVIEW GLITCH THAT OCCURS TOO OFTEN   |  23/03/2020 - DH": null

2020-04-15 12:03:54 - [TEST_STEP][PASSED] - "------------------------------------------------------------------------------------------------------------------------": null

2020-04-15 12:03:54 - [TEST_STEP][PASSED] - "NEW Approach - Detect IMPROVE SEARCH PoPout and Syn on THIS": null

2020-04-15 12:03:54 - [TEST_STEP][PASSED] - verifyTextPresent(findTestData("searchTestData").getValue("tradeClassification", row), false): Text 'Garage/Vehicle Services' is present on page 

2020-04-15 12:03:57 - [MESSAGE][PASSED] - Text 'Garage/Vehicle Services' is present on page 

2020-04-15 12:03:57 - [TEST_STEP][PASSED] - verifyTextPresent(findTestData("searchTestData").getValue("tradeLocation", row), false): Text 'Rustington' is present on page 

2020-04-15 12:03:59 - [MESSAGE][PASSED] - Text 'Rustington' is present on page 

2020-04-15 12:03:59 - [MESSAGE][PASSED] - Call Test Case 'Test Cases/Reusable_Test_Sequences/CAT_Verification' successfully

2020-04-15 12:03:59 - [TEST_STEP][PASSED] - "--------------------------": null

2020-04-15 12:03:59 - [TEST_STEP][PASSED] - " Teardown - CLose Browser |": null

2020-04-15 12:03:59 - [TEST_STEP][PASSED] - callTestCase(findTestCase("Reusable_Test_Sequences/CAT_Teardown"), [:], OPTIONAL): Call Test Case 'Test Cases/Reusable_Test_Sequences/CAT_Teardown' successfully

2020-04-15 12:03:59 - [TEST_CASE][PASSED] - Test Cases/Reusable_Test_Sequences/CAT_Teardown: Test Cases/Reusable_Test_Sequences/CAT_Teardown

2020-04-15 12:03:59 - [TEST_STEP][PASSED] - closeBrowser(): Browser is closed

2020-04-15 12:04:02 - [MESSAGE][PASSED] - Browser is closed

2020-04-15 12:04:02 - [TEST_STEP][PASSED] - super.finalize(): null

2020-04-15 12:04:02 - [TEST_STEP][PASSED] - System.gc(): null

2020-04-15 12:04:03 - [MESSAGE][PASSED] - Call Test Case 'Test Cases/Reusable_Test_Sequences/CAT_Teardown' successfully]]></system-out>
         <system-err><![CDATA[]]></system-err>
      </testcase>
      <testcase name="Test Cases/Checkatrade_Tradesman_Searches/Trader_Location_Not_Listed" time="68.914" classname="Test Cases/Checkatrade_Tradesman_Searches/Trader_Location_Not_Listed" status="FAILED">
         <failure type="FAILED" message="Test Cases/Checkatrade_Tradesman_Searches/Trader_Location_Not_Listed FAILED.
Reason:
com.kms.katalon.core.exception.StepFailedException: Call Test Case 'Test Cases/Reusable_Test_Sequences/CAT_Setup' failed
	at com.kms.katalon.core.keyword.builtin.CallTestCaseKeyword$_callTestCase_closure1.doCall(CallTestCaseKeyword.groovy:63)
	at com.kms.katalon.core.keyword.builtin.CallTestCaseKeyword$_callTestCase_closure1.call(CallTestCaseKeyword.groovy)
	at com.kms.katalon.core.keyword.internal.KeywordMain.runKeyword(KeywordMain.groovy:68)
	at com.kms.katalon.core.keyword.builtin.CallTestCaseKeyword.callTestCase(CallTestCaseKeyword.groovy:81)
	at com.kms.katalon.core.keyword.builtin.CallTestCaseKeyword.execute(CallTestCaseKeyword.groovy:44)
	at com.kms.katalon.core.keyword.internal.KeywordExecutor.executeKeywordForPlatform(KeywordExecutor.groovy:72)
	at com.kms.katalon.core.keyword.BuiltinKeywords.callTestCase(BuiltinKeywords.groovy:334)
	at Trader_Location_Not_Listed.run(Trader_Location_Not_Listed:58)
	at com.kms.katalon.core.main.ScriptEngine.run(ScriptEngine.java:194)
	at com.kms.katalon.core.main.ScriptEngine.runScriptAsRawText(ScriptEngine.java:119)
	at com.kms.katalon.core.main.TestCaseExecutor.runScript(TestCaseExecutor.java:337)
	at com.kms.katalon.core.main.TestCaseExecutor.doExecute(TestCaseExecutor.java:328)
	at com.kms.katalon.core.main.TestCaseExecutor.processExecutionPhase(TestCaseExecutor.java:307)
	at com.kms.katalon.core.main.TestCaseExecutor.accessMainPhase(TestCaseExecutor.java:299)
	at com.kms.katalon.core.main.TestCaseExecutor.execute(TestCaseExecutor.java:233)
	at com.kms.katalon.core.main.TestSuiteExecutor.accessTestCaseMainPhase(TestSuiteExecutor.java:169)
	at com.kms.katalon.core.main.TestSuiteExecutor.accessTestSuiteMainPhase(TestSuiteExecutor.java:142)
	at com.kms.katalon.core.main.TestSuiteExecutor.execute(TestSuiteExecutor.java:91)
	at com.kms.katalon.core.main.TestCaseMain.startTestSuite(TestCaseMain.java:157)
	at com.kms.katalon.core.main.TestCaseMain$startTestSuite$0.call(Unknown Source)
	at TempTestSuite1586947980982.run(TempTestSuite1586947980982.groovy:36)
Caused by: com.kms.katalon.core.exception.StepFailedException: Text 'Cookie Policy' is present on page  (Root cause: com.kms.katalon.core.exception.StepFailedException: Text 'Cookie Policy' is present on page 
	at com.kms.katalon.core.webui.keyword.internal.WebUIKeywordMain.stepFailed(WebUIKeywordMain.groovy:64)
	at com.kms.katalon.core.webui.keyword.builtin.VerifyTextNotPresentKeyword$_verifyTextNotPresent_closure1.doCall(VerifyTextNotPresentKeyword.groovy:77)
	at com.kms.katalon.core.webui.keyword.builtin.VerifyTextNotPresentKeyword$_verifyTextNotPresent_closure1.call(VerifyTextNotPresentKeyword.groovy)
	at com.kms.katalon.core.webui.keyword.internal.WebUIKeywordMain.runKeyword(WebUIKeywordMain.groovy:20)
	at com.kms.katalon.core.webui.keyword.builtin.VerifyTextNotPresentKeyword.verifyTextNotPresent(VerifyTextNotPresentKeyword.groovy:82)
	at com.kms.katalon.core.webui.keyword.builtin.VerifyTextNotPresentKeyword.execute(VerifyTextNotPresentKeyword.groovy:68)
	at com.kms.katalon.core.keyword.internal.KeywordExecutor.executeKeywordForPlatform(KeywordExecutor.groovy:72)
	at com.kms.katalon.core.webui.keyword.WebUiBuiltInKeywords.verifyTextNotPresent(WebUiBuiltInKeywords.groovy:1752)
	at com.kms.katalon.core.webui.keyword.WebUiBuiltInKeywords$verifyTextNotPresent$4.call(Unknown Source)
	at CAT_Setup.run(CAT_Setup:177)
	at com.kms.katalon.core.main.ScriptEngine.run(ScriptEngine.java:194)
	at com.kms.katalon.core.main.ScriptEngine.runScriptAsRawText(ScriptEngine.java:119)
	at com.kms.katalon.core.main.TestCaseExecutor.runScript(TestCaseExecutor.java:337)
	at com.kms.katalon.core.main.TestCaseExecutor.doExecute(TestCaseExecutor.java:328)
	at com.kms.katalon.core.main.TestCaseExecutor.processExecutionPhase(TestCaseExecutor.java:307)
	at com.kms.katalon.core.main.TestCaseExecutor.accessMainPhase(TestCaseExecutor.java:299)
	at com.kms.katalon.core.main.TestCaseExecutor.execute(TestCaseExecutor.java:233)
	at com.kms.katalon.core.main.TestCaseMain.runTestCase(TestCaseMain.java:114)
	at com.kms.katalon.core.keyword.builtin.CallTestCaseKeyword$_callTestCase_closure1.doCall(CallTestCaseKeyword.groovy:59)
	at com.kms.katalon.core.keyword.builtin.CallTestCaseKeyword$_callTestCase_closure1.call(CallTestCaseKeyword.groovy)
	at com.kms.katalon.core.keyword.internal.KeywordMain.runKeyword(KeywordMain.groovy:68)
	at com.kms.katalon.core.keyword.builtin.CallTestCaseKeyword.callTestCase(CallTestCaseKeyword.groovy:81)
	at com.kms.katalon.core.keyword.builtin.CallTestCaseKeyword.execute(CallTestCaseKeyword.groovy:44)
	at com.kms.katalon.core.keyword.internal.KeywordExecutor.executeKeywordForPlatform(KeywordExecutor.groovy:72)
	at com.kms.katalon.core.keyword.BuiltinKeywords.callTestCase(BuiltinKeywords.groovy:334)
	at Trader_Location_Not_Listed.run(Trader_Location_Not_Listed:58)
	at com.kms.katalon.core.main.ScriptEngine.run(ScriptEngine.java:194)
	at com.kms.katalon.core.main.ScriptEngine.runScriptAsRawText(ScriptEngine.java:119)
	at com.kms.katalon.core.main.TestCaseExecutor.runScript(TestCaseExecutor.java:337)
	at com.kms.katalon.core.main.TestCaseExecutor.doExecute(TestCaseExecutor.java:328)
	at com.kms.katalon.core.main.TestCaseExecutor.processExecutionPhase(TestCaseExecutor.java:307)
	at com.kms.katalon.core.main.TestCaseExecutor.accessMainPhase(TestCaseExecutor.java:299)
	at com.kms.katalon.core.main.TestCaseExecutor.execute(TestCaseExecutor.java:233)
	at com.kms.katalon.core.main.TestSuiteExecutor.accessTestCaseMainPhase(TestSuiteExecutor.java:169)
	at com.kms.katalon.core.main.TestSuiteExecutor.accessTestSuiteMainPhase(TestSuiteExecutor.java:142)
	at com.kms.katalon.core.main.TestSuiteExecutor.execute(TestSuiteExecutor.java:91)
	at com.kms.katalon.core.main.TestCaseMain.startTestSuite(TestCaseMain.java:157)
	at com.kms.katalon.core.main.TestCaseMain$startTestSuite$0.call(Unknown Source)
	at TempTestSuite1586947980982.run(TempTestSuite1586947980982.groovy:36)
)
	at com.kms.katalon.core.keyword.internal.KeywordMain.stepFailed(KeywordMain.groovy:39)
	at com.kms.katalon.core.webui.keyword.internal.WebUIKeywordMain.stepFailed(WebUIKeywordMain.groovy:64)
	at com.kms.katalon.core.webui.keyword.builtin.VerifyTextNotPresentKeyword$_verifyTextNotPresent_closure1.doCall(VerifyTextNotPresentKeyword.groovy:77)
	at com.kms.katalon.core.webui.keyword.builtin.VerifyTextNotPresentKeyword$_verifyTextNotPresent_closure1.call(VerifyTextNotPresentKeyword.groovy)
	at com.kms.katalon.core.webui.keyword.internal.WebUIKeywordMain.runKeyword(WebUIKeywordMain.groovy:20)
	at com.kms.katalon.core.webui.keyword.builtin.VerifyTextNotPresentKeyword.verifyTextNotPresent(VerifyTextNotPresentKeyword.groovy:82)
	at com.kms.katalon.core.webui.keyword.builtin.VerifyTextNotPresentKeyword.execute(VerifyTextNotPresentKeyword.groovy:68)
	at com.kms.katalon.core.keyword.internal.KeywordExecutor.executeKeywordForPlatform(KeywordExecutor.groovy:72)
	at com.kms.katalon.core.webui.keyword.WebUiBuiltInKeywords.verifyTextNotPresent(WebUiBuiltInKeywords.groovy:1752)
	at com.kms.katalon.core.webui.keyword.WebUiBuiltInKeywords$verifyTextNotPresent$4.call(Unknown Source)
	at CAT_Setup.run(CAT_Setup:177)
	at com.kms.katalon.core.main.ScriptEngine.run(ScriptEngine.java:194)
	at com.kms.katalon.core.main.ScriptEngine.runScriptAsRawText(ScriptEngine.java:119)
	at com.kms.katalon.core.main.TestCaseExecutor.runScript(TestCaseExecutor.java:337)
	at com.kms.katalon.core.main.TestCaseExecutor.doExecute(TestCaseExecutor.java:328)
	at com.kms.katalon.core.main.TestCaseExecutor.processExecutionPhase(TestCaseExecutor.java:307)
	at com.kms.katalon.core.main.TestCaseExecutor.accessMainPhase(TestCaseExecutor.java:299)
	at com.kms.katalon.core.main.TestCaseExecutor.execute(TestCaseExecutor.java:233)
	at com.kms.katalon.core.main.TestCaseMain.runTestCase(TestCaseMain.java:114)
	at com.kms.katalon.core.keyword.builtin.CallTestCaseKeyword$_callTestCase_closure1.doCall(CallTestCaseKeyword.groovy:59)
	... 20 more
Caused by: com.kms.katalon.core.exception.StepFailedException: Text 'Cookie Policy' is present on page 
	... 39 more
"/>
         <system-out><![CDATA[2020-04-15 12:04:03 - [TEST_CASE][FAILED] - Test Cases/Checkatrade_Tradesman_Searches/Trader_Location_Not_Listed: Test Cases/Checkatrade_Tradesman_Searches/Trader_Location_Not_Listed FAILED.
Reason:
com.kms.katalon.core.exception.StepFailedException: Call Test Case 'Test Cases/Reusable_Test_Sequences/CAT_Setup' failed
	at com.kms.katalon.core.keyword.builtin.CallTestCaseKeyword$_callTestCase_closure1.doCall(CallTestCaseKeyword.groovy:63)
	at com.kms.katalon.core.keyword.builtin.CallTestCaseKeyword$_callTestCase_closure1.call(CallTestCaseKeyword.groovy)
	at com.kms.katalon.core.keyword.internal.KeywordMain.runKeyword(KeywordMain.groovy:68)
	at com.kms.katalon.core.keyword.builtin.CallTestCaseKeyword.callTestCase(CallTestCaseKeyword.groovy:81)
	at com.kms.katalon.core.keyword.builtin.CallTestCaseKeyword.execute(CallTestCaseKeyword.groovy:44)
	at com.kms.katalon.core.keyword.internal.KeywordExecutor.executeKeywordForPlatform(KeywordExecutor.groovy:72)
	at com.kms.katalon.core.keyword.BuiltinKeywords.callTestCase(BuiltinKeywords.groovy:334)
	at Trader_Location_Not_Listed.run(Trader_Location_Not_Listed:58)
	at com.kms.katalon.core.main.ScriptEngine.run(ScriptEngine.java:194)
	at com.kms.katalon.core.main.ScriptEngine.runScriptAsRawText(ScriptEngine.java:119)
	at com.kms.katalon.core.main.TestCaseExecutor.runScript(TestCaseExecutor.java:337)
	at com.kms.katalon.core.main.TestCaseExecutor.doExecute(TestCaseExecutor.java:328)
	at com.kms.katalon.core.main.TestCaseExecutor.processExecutionPhase(TestCaseExecutor.java:307)
	at com.kms.katalon.core.main.TestCaseExecutor.accessMainPhase(TestCaseExecutor.java:299)
	at com.kms.katalon.core.main.TestCaseExecutor.execute(TestCaseExecutor.java:233)
	at com.kms.katalon.core.main.TestSuiteExecutor.accessTestCaseMainPhase(TestSuiteExecutor.java:169)
	at com.kms.katalon.core.main.TestSuiteExecutor.accessTestSuiteMainPhase(TestSuiteExecutor.java:142)
	at com.kms.katalon.core.main.TestSuiteExecutor.execute(TestSuiteExecutor.java:91)
	at com.kms.katalon.core.main.TestCaseMain.startTestSuite(TestCaseMain.java:157)
	at com.kms.katalon.core.main.TestCaseMain$startTestSuite$0.call(Unknown Source)
	at TempTestSuite1586947980982.run(TempTestSuite1586947980982.groovy:36)
Caused by: com.kms.katalon.core.exception.StepFailedException: Text 'Cookie Policy' is present on page  (Root cause: com.kms.katalon.core.exception.StepFailedException: Text 'Cookie Policy' is present on page 
	at com.kms.katalon.core.webui.keyword.internal.WebUIKeywordMain.stepFailed(WebUIKeywordMain.groovy:64)
	at com.kms.katalon.core.webui.keyword.builtin.VerifyTextNotPresentKeyword$_verifyTextNotPresent_closure1.doCall(VerifyTextNotPresentKeyword.groovy:77)
	at com.kms.katalon.core.webui.keyword.builtin.VerifyTextNotPresentKeyword$_verifyTextNotPresent_closure1.call(VerifyTextNotPresentKeyword.groovy)
	at com.kms.katalon.core.webui.keyword.internal.WebUIKeywordMain.runKeyword(WebUIKeywordMain.groovy:20)
	at com.kms.katalon.core.webui.keyword.builtin.VerifyTextNotPresentKeyword.verifyTextNotPresent(VerifyTextNotPresentKeyword.groovy:82)
	at com.kms.katalon.core.webui.keyword.builtin.VerifyTextNotPresentKeyword.execute(VerifyTextNotPresentKeyword.groovy:68)
	at com.kms.katalon.core.keyword.internal.KeywordExecutor.executeKeywordForPlatform(KeywordExecutor.groovy:72)
	at com.kms.katalon.core.webui.keyword.WebUiBuiltInKeywords.verifyTextNotPresent(WebUiBuiltInKeywords.groovy:1752)
	at com.kms.katalon.core.webui.keyword.WebUiBuiltInKeywords$verifyTextNotPresent$4.call(Unknown Source)
	at CAT_Setup.run(CAT_Setup:177)
	at com.kms.katalon.core.main.ScriptEngine.run(ScriptEngine.java:194)
	at com.kms.katalon.core.main.ScriptEngine.runScriptAsRawText(ScriptEngine.java:119)
	at com.kms.katalon.core.main.TestCaseExecutor.runScript(TestCaseExecutor.java:337)
	at com.kms.katalon.core.main.TestCaseExecutor.doExecute(TestCaseExecutor.java:328)
	at com.kms.katalon.core.main.TestCaseExecutor.processExecutionPhase(TestCaseExecutor.java:307)
	at com.kms.katalon.core.main.TestCaseExecutor.accessMainPhase(TestCaseExecutor.java:299)
	at com.kms.katalon.core.main.TestCaseExecutor.execute(TestCaseExecutor.java:233)
	at com.kms.katalon.core.main.TestCaseMain.runTestCase(TestCaseMain.java:114)
	at com.kms.katalon.core.keyword.builtin.CallTestCaseKeyword$_callTestCase_closure1.doCall(CallTestCaseKeyword.groovy:59)
	at com.kms.katalon.core.keyword.builtin.CallTestCaseKeyword$_callTestCase_closure1.call(CallTestCaseKeyword.groovy)
	at com.kms.katalon.core.keyword.internal.KeywordMain.runKeyword(KeywordMain.groovy:68)
	at com.kms.katalon.core.keyword.builtin.CallTestCaseKeyword.callTestCase(CallTestCaseKeyword.groovy:81)
	at com.kms.katalon.core.keyword.builtin.CallTestCaseKeyword.execute(CallTestCaseKeyword.groovy:44)
	at com.kms.katalon.core.keyword.internal.KeywordExecutor.executeKeywordForPlatform(KeywordExecutor.groovy:72)
	at com.kms.katalon.core.keyword.BuiltinKeywords.callTestCase(BuiltinKeywords.groovy:334)
	at Trader_Location_Not_Listed.run(Trader_Location_Not_Listed:58)
	at com.kms.katalon.core.main.ScriptEngine.run(ScriptEngine.java:194)
	at com.kms.katalon.core.main.ScriptEngine.runScriptAsRawText(ScriptEngine.java:119)
	at com.kms.katalon.core.main.TestCaseExecutor.runScript(TestCaseExecutor.java:337)
	at com.kms.katalon.core.main.TestCaseExecutor.doExecute(TestCaseExecutor.java:328)
	at com.kms.katalon.core.main.TestCaseExecutor.processExecutionPhase(TestCaseExecutor.java:307)
	at com.kms.katalon.core.main.TestCaseExecutor.accessMainPhase(TestCaseExecutor.java:299)
	at com.kms.katalon.core.main.TestCaseExecutor.execute(TestCaseExecutor.java:233)
	at com.kms.katalon.core.main.TestSuiteExecutor.accessTestCaseMainPhase(TestSuiteExecutor.java:169)
	at com.kms.katalon.core.main.TestSuiteExecutor.accessTestSuiteMainPhase(TestSuiteExecutor.java:142)
	at com.kms.katalon.core.main.TestSuiteExecutor.execute(TestSuiteExecutor.java:91)
	at com.kms.katalon.core.main.TestCaseMain.startTestSuite(TestCaseMain.java:157)
	at com.kms.katalon.core.main.TestCaseMain$startTestSuite$0.call(Unknown Source)
	at TempTestSuite1586947980982.run(TempTestSuite1586947980982.groovy:36)
)
	at com.kms.katalon.core.keyword.internal.KeywordMain.stepFailed(KeywordMain.groovy:39)
	at com.kms.katalon.core.webui.keyword.internal.WebUIKeywordMain.stepFailed(WebUIKeywordMain.groovy:64)
	at com.kms.katalon.core.webui.keyword.builtin.VerifyTextNotPresentKeyword$_verifyTextNotPresent_closure1.doCall(VerifyTextNotPresentKeyword.groovy:77)
	at com.kms.katalon.core.webui.keyword.builtin.VerifyTextNotPresentKeyword$_verifyTextNotPresent_closure1.call(VerifyTextNotPresentKeyword.groovy)
	at com.kms.katalon.core.webui.keyword.internal.WebUIKeywordMain.runKeyword(WebUIKeywordMain.groovy:20)
	at com.kms.katalon.core.webui.keyword.builtin.VerifyTextNotPresentKeyword.verifyTextNotPresent(VerifyTextNotPresentKeyword.groovy:82)
	at com.kms.katalon.core.webui.keyword.builtin.VerifyTextNotPresentKeyword.execute(VerifyTextNotPresentKeyword.groovy:68)
	at com.kms.katalon.core.keyword.internal.KeywordExecutor.executeKeywordForPlatform(KeywordExecutor.groovy:72)
	at com.kms.katalon.core.webui.keyword.WebUiBuiltInKeywords.verifyTextNotPresent(WebUiBuiltInKeywords.groovy:1752)
	at com.kms.katalon.core.webui.keyword.WebUiBuiltInKeywords$verifyTextNotPresent$4.call(Unknown Source)
	at CAT_Setup.run(CAT_Setup:177)
	at com.kms.katalon.core.main.ScriptEngine.run(ScriptEngine.java:194)
	at com.kms.katalon.core.main.ScriptEngine.runScriptAsRawText(ScriptEngine.java:119)
	at com.kms.katalon.core.main.TestCaseExecutor.runScript(TestCaseExecutor.java:337)
	at com.kms.katalon.core.main.TestCaseExecutor.doExecute(TestCaseExecutor.java:328)
	at com.kms.katalon.core.main.TestCaseExecutor.processExecutionPhase(TestCaseExecutor.java:307)
	at com.kms.katalon.core.main.TestCaseExecutor.accessMainPhase(TestCaseExecutor.java:299)
	at com.kms.katalon.core.main.TestCaseExecutor.execute(TestCaseExecutor.java:233)
	at com.kms.katalon.core.main.TestCaseMain.runTestCase(TestCaseMain.java:114)
	at com.kms.katalon.core.keyword.builtin.CallTestCaseKeyword$_callTestCase_closure1.doCall(CallTestCaseKeyword.groovy:59)
	... 20 more
Caused by: com.kms.katalon.core.exception.StepFailedException: Text 'Cookie Policy' is present on page 
	... 39 more


2020-04-15 12:04:03 - [TEST_STEP][FAILED] - for ([row = 1, row <= findTestData("Search_Trader_Location_Data_NEG").getRowNumbers(), (internal.GlobalVariable.row++)]): Unable to call Test Case 'Test Cases/Reusable_Test_Sequences/CAT_Setup' (Root cause: com.kms.katalon.core.exception.StepFailedException: Call Test Case 'Test Cases/Reusable_Test_Sequences/CAT_Setup' failed
	at com.kms.katalon.core.keyword.builtin.CallTestCaseKeyword$_callTestCase_closure1.doCall(CallTestCaseKeyword.groovy:63)
	at com.kms.katalon.core.keyword.builtin.CallTestCaseKeyword$_callTestCase_closure1.call(CallTestCaseKeyword.groovy)
	at com.kms.katalon.core.keyword.internal.KeywordMain.runKeyword(KeywordMain.groovy:68)
	at com.kms.katalon.core.keyword.builtin.CallTestCaseKeyword.callTestCase(CallTestCaseKeyword.groovy:81)
	at com.kms.katalon.core.keyword.builtin.CallTestCaseKeyword.execute(CallTestCaseKeyword.groovy:44)
	at com.kms.katalon.core.keyword.internal.KeywordExecutor.executeKeywordForPlatform(KeywordExecutor.groovy:72)
	at com.kms.katalon.core.keyword.BuiltinKeywords.callTestCase(BuiltinKeywords.groovy:334)
	at Trader_Location_Not_Listed.run(Trader_Location_Not_Listed:58)
	at com.kms.katalon.core.main.ScriptEngine.run(ScriptEngine.java:194)
	at com.kms.katalon.core.main.ScriptEngine.runScriptAsRawText(ScriptEngine.java:119)
	at com.kms.katalon.core.main.TestCaseExecutor.runScript(TestCaseExecutor.java:337)
	at com.kms.katalon.core.main.TestCaseExecutor.doExecute(TestCaseExecutor.java:328)
	at com.kms.katalon.core.main.TestCaseExecutor.processExecutionPhase(TestCaseExecutor.java:307)
	at com.kms.katalon.core.main.TestCaseExecutor.accessMainPhase(TestCaseExecutor.java:299)
	at com.kms.katalon.core.main.TestCaseExecutor.execute(TestCaseExecutor.java:233)
	at com.kms.katalon.core.main.TestSuiteExecutor.accessTestCaseMainPhase(TestSuiteExecutor.java:169)
	at com.kms.katalon.core.main.TestSuiteExecutor.accessTestSuiteMainPhase(TestSuiteExecutor.java:142)
	at com.kms.katalon.core.main.TestSuiteExecutor.execute(TestSuiteExecutor.java:91)
	at com.kms.katalon.core.main.TestCaseMain.startTestSuite(TestCaseMain.java:157)
	at com.kms.katalon.core.main.TestCaseMain$startTestSuite$0.call(Unknown Source)
	at TempTestSuite1586947980982.run(TempTestSuite1586947980982.groovy:36)
Caused by: com.kms.katalon.core.exception.StepFailedException: Text 'Cookie Policy' is present on page  (Root cause: com.kms.katalon.core.exception.StepFailedException: Text 'Cookie Policy' is present on page 
	at com.kms.katalon.core.webui.keyword.internal.WebUIKeywordMain.stepFailed(WebUIKeywordMain.groovy:64)
	at com.kms.katalon.core.webui.keyword.builtin.VerifyTextNotPresentKeyword$_verifyTextNotPresent_closure1.doCall(VerifyTextNotPresentKeyword.groovy:77)
	at com.kms.katalon.core.webui.keyword.builtin.VerifyTextNotPresentKeyword$_verifyTextNotPresent_closure1.call(VerifyTextNotPresentKeyword.groovy)
	at com.kms.katalon.core.webui.keyword.internal.WebUIKeywordMain.runKeyword(WebUIKeywordMain.groovy:20)
	at com.kms.katalon.core.webui.keyword.builtin.VerifyTextNotPresentKeyword.verifyTextNotPresent(VerifyTextNotPresentKeyword.groovy:82)
	at com.kms.katalon.core.webui.keyword.builtin.VerifyTextNotPresentKeyword.execute(VerifyTextNotPresentKeyword.groovy:68)
	at com.kms.katalon.core.keyword.internal.KeywordExecutor.executeKeywordForPlatform(KeywordExecutor.groovy:72)
	at com.kms.katalon.core.webui.keyword.WebUiBuiltInKeywords.verifyTextNotPresent(WebUiBuiltInKeywords.groovy:1752)
	at com.kms.katalon.core.webui.keyword.WebUiBuiltInKeywords$verifyTextNotPresent$4.call(Unknown Source)
	at CAT_Setup.run(CAT_Setup:177)
	at com.kms.katalon.core.main.ScriptEngine.run(ScriptEngine.java:194)
	at com.kms.katalon.core.main.ScriptEngine.runScriptAsRawText(ScriptEngine.java:119)
	at com.kms.katalon.core.main.TestCaseExecutor.runScript(TestCaseExecutor.java:337)
	at com.kms.katalon.core.main.TestCaseExecutor.doExecute(TestCaseExecutor.java:328)
	at com.kms.katalon.core.main.TestCaseExecutor.processExecutionPhase(TestCaseExecutor.java:307)
	at com.kms.katalon.core.main.TestCaseExecutor.accessMainPhase(TestCaseExecutor.java:299)
	at com.kms.katalon.core.main.TestCaseExecutor.execute(TestCaseExecutor.java:233)
	at com.kms.katalon.core.main.TestCaseMain.runTestCase(TestCaseMain.java:114)
	at com.kms.katalon.core.keyword.builtin.CallTestCaseKeyword$_callTestCase_closure1.doCall(CallTestCaseKeyword.groovy:59)
	at com.kms.katalon.core.keyword.builtin.CallTestCaseKeyword$_callTestCase_closure1.call(CallTestCaseKeyword.groovy)
	at com.kms.katalon.core.keyword.internal.KeywordMain.runKeyword(KeywordMain.groovy:68)
	at com.kms.katalon.core.keyword.builtin.CallTestCaseKeyword.callTestCase(CallTestCaseKeyword.groovy:81)
	at com.kms.katalon.core.keyword.builtin.CallTestCaseKeyword.execute(CallTestCaseKeyword.groovy:44)
	at com.kms.katalon.core.keyword.internal.KeywordExecutor.executeKeywordForPlatform(KeywordExecutor.groovy:72)
	at com.kms.katalon.core.keyword.BuiltinKeywords.callTestCase(BuiltinKeywords.groovy:334)
	at Trader_Location_Not_Listed.run(Trader_Location_Not_Listed:58)
	at com.kms.katalon.core.main.ScriptEngine.run(ScriptEngine.java:194)
	at com.kms.katalon.core.main.ScriptEngine.runScriptAsRawText(ScriptEngine.java:119)
	at com.kms.katalon.core.main.TestCaseExecutor.runScript(TestCaseExecutor.java:337)
	at com.kms.katalon.core.main.TestCaseExecutor.doExecute(TestCaseExecutor.java:328)
	at com.kms.katalon.core.main.TestCaseExecutor.processExecutionPhase(TestCaseExecutor.java:307)
	at com.kms.katalon.core.main.TestCaseExecutor.accessMainPhase(TestCaseExecutor.java:299)
	at com.kms.katalon.core.main.TestCaseExecutor.execute(TestCaseExecutor.java:233)
	at com.kms.katalon.core.main.TestSuiteExecutor.accessTestCaseMainPhase(TestSuiteExecutor.java:169)
	at com.kms.katalon.core.main.TestSuiteExecutor.accessTestSuiteMainPhase(TestSuiteExecutor.java:142)
	at com.kms.katalon.core.main.TestSuiteExecutor.execute(TestSuiteExecutor.java:91)
	at com.kms.katalon.core.main.TestCaseMain.startTestSuite(TestCaseMain.java:157)
	at com.kms.katalon.core.main.TestCaseMain$startTestSuite$0.call(Unknown Source)
	at TempTestSuite1586947980982.run(TempTestSuite1586947980982.groovy:36)
)
	at com.kms.katalon.core.keyword.internal.KeywordMain.stepFailed(KeywordMain.groovy:39)
	at com.kms.katalon.core.webui.keyword.internal.WebUIKeywordMain.stepFailed(WebUIKeywordMain.groovy:64)
	at com.kms.katalon.core.webui.keyword.builtin.VerifyTextNotPresentKeyword$_verifyTextNotPresent_closure1.doCall(VerifyTextNotPresentKeyword.groovy:77)
	at com.kms.katalon.core.webui.keyword.builtin.VerifyTextNotPresentKeyword$_verifyTextNotPresent_closure1.call(VerifyTextNotPresentKeyword.groovy)
	at com.kms.katalon.core.webui.keyword.internal.WebUIKeywordMain.runKeyword(WebUIKeywordMain.groovy:20)
	at com.kms.katalon.core.webui.keyword.builtin.VerifyTextNotPresentKeyword.verifyTextNotPresent(VerifyTextNotPresentKeyword.groovy:82)
	at com.kms.katalon.core.webui.keyword.builtin.VerifyTextNotPresentKeyword.execute(VerifyTextNotPresentKeyword.groovy:68)
	at com.kms.katalon.core.keyword.internal.KeywordExecutor.executeKeywordForPlatform(KeywordExecutor.groovy:72)
	at com.kms.katalon.core.webui.keyword.WebUiBuiltInKeywords.verifyTextNotPresent(WebUiBuiltInKeywords.groovy:1752)
	at com.kms.katalon.core.webui.keyword.WebUiBuiltInKeywords$verifyTextNotPresent$4.call(Unknown Source)
	at CAT_Setup.run(CAT_Setup:177)
	at com.kms.katalon.core.main.ScriptEngine.run(ScriptEngine.java:194)
	at com.kms.katalon.core.main.ScriptEngine.runScriptAsRawText(ScriptEngine.java:119)
	at com.kms.katalon.core.main.TestCaseExecutor.runScript(TestCaseExecutor.java:337)
	at com.kms.katalon.core.main.TestCaseExecutor.doExecute(TestCaseExecutor.java:328)
	at com.kms.katalon.core.main.TestCaseExecutor.processExecutionPhase(TestCaseExecutor.java:307)
	at com.kms.katalon.core.main.TestCaseExecutor.accessMainPhase(TestCaseExecutor.java:299)
	at com.kms.katalon.core.main.TestCaseExecutor.execute(TestCaseExecutor.java:233)
	at com.kms.katalon.core.main.TestCaseMain.runTestCase(TestCaseMain.java:114)
	at com.kms.katalon.core.keyword.builtin.CallTestCaseKeyword$_callTestCase_closure1.doCall(CallTestCaseKeyword.groovy:59)
	... 20 more
Caused by: com.kms.katalon.core.exception.StepFailedException: Text 'Cookie Policy' is present on page 
	... 39 more
)

2020-04-15 12:04:03 - [TEST_STEP][PASSED] - callTestCase(findTestCase("Reusable_Test_Sequences/CAT_Setup"), [:], STOP_ON_FAILURE): Call Test Case 'Test Cases/Reusable_Test_Sequences/CAT_Setup' successfully

2020-04-15 12:04:03 - [TEST_CASE][PASSED] - Test Cases/Reusable_Test_Sequences/CAT_Setup: Test Cases/Reusable_Test_Sequences/CAT_Setup

2020-04-15 12:04:03 - [TEST_STEP][PASSED] - "------------------------------": null

2020-04-15 12:04:03 - [TEST_STEP][PASSED] - " Set Mobile Device Testing    |": null

2020-04-15 12:04:03 - [TEST_STEP][PASSED] - if (Mobile_Flag == "true"): null

2020-04-15 12:04:03 - [TEST_STEP][PASSED] - "------------------------------": null

2020-04-15 12:04:03 - [TEST_STEP][PASSED] - " Set Mobile Device Testing    |": null

2020-04-15 12:04:03 - [TEST_STEP][PASSED] - "------------------------------": null

2020-04-15 12:04:03 - [TEST_STEP][PASSED] - "URL - Set from the ENVIRONMENT PROFILE ": null

2020-04-15 12:04:03 - [TEST_STEP][PASSED] - openBrowser(URL): Browser is opened with url: 'https://www.preview.checkatrade.com/'

2020-04-15 12:04:03 - [MESSAGE][INFO] - Starting 'Firefox' driver

2020-04-15 12:04:03 - [MESSAGE][INFO] - Action delay is set to 0 milliseconds

2020-04-15 12:04:26 - [MESSAGE][PASSED] - Browser is opened with url: 'https://www.preview.checkatrade.com/'

2020-04-15 12:04:26 - [TEST_STEP][PASSED] - maximizeWindow(): Current window maximized

2020-04-15 12:04:27 - [MESSAGE][PASSED] - Current window maximized

2020-04-15 12:04:27 - [TEST_STEP][PASSED] - waitForPageLoad(60): Wait for page load successfully

2020-04-15 12:04:27 - [MESSAGE][PASSED] - Wait for page load successfully

2020-04-15 12:04:27 - [TEST_STEP][PASSED] - "Previous Functionalilty Left Commented For Ease Of reversion": null

2020-04-15 12:04:27 - [TEST_STEP][PASSED] - " Katalon Try/Catches currently have issues? SEE HEADER": null

2020-04-15 12:04:27 - [TEST_STEP][PASSED] - try: Text 'Cookie Policy' is not present on page

2020-04-15 12:04:27 - [TEST_STEP][PASSED] - verifyElementPresent(findTestObject("Object Repository/Cookies/Page_Checkatrade Find a tradesperson you can trust/button_Accept All"), 5, OPTIONAL): Object 'Object Repository/Cookies/Page_Checkatrade Find a tradesperson you can trust/button_Accept All' is present

2020-04-15 12:04:27 - [MESSAGE][PASSED] - Object 'Object Repository/Cookies/Page_Checkatrade Find a tradesperson you can trust/button_Accept All' is present

2020-04-15 12:04:27 - [TEST_STEP][PASSED] - click(findTestObject("Object Repository/Cookies/Page_Checkatrade Find a tradesperson you can trust/button_Accept All"), OPTIONAL): Object: 'Object Repository/Cookies/Page_Checkatrade Find a tradesperson you can trust/button_Accept All' is clicked on

2020-04-15 12:04:27 - [MESSAGE][PASSED] - Object: 'Object Repository/Cookies/Page_Checkatrade Find a tradesperson you can trust/button_Accept All' is clicked on

2020-04-15 12:04:27 - [TEST_STEP][PASSED] - "---------------------------------": null

2020-04-15 12:04:27 - [TEST_STEP][PASSED] - "COOKIE POPOUT REMOVED - Confirmed": null

2020-04-15 12:04:27 - [TEST_STEP][PASSED] - delay(1): Delayed 1 second(s)

2020-04-15 12:04:28 - [MESSAGE][PASSED] - Delayed 1 second(s)

2020-04-15 12:04:28 - [TEST_STEP][PASSED] - verifyTextNotPresent("We use cookies to personalise content and ads, to provide social media features and to analyse our traffic", false): Text 'We use cookies to personalise content and ads, to provide social media features and to analyse our traffic' is not present on page

2020-04-15 12:04:29 - [MESSAGE][PASSED] - Text 'We use cookies to personalise content and ads, to provide social media features and to analyse our traffic' is not present on page

2020-04-15 12:04:29 - [TEST_STEP][PASSED] - verifyTextNotPresent(" We also share information about your use of our site with our social media, advertising and analytics partners", false): Text ' We also share information about your use of our site with our social media, advertising and analytics partners' is not present on page

2020-04-15 12:04:30 - [MESSAGE][PASSED] - Text ' We also share information about your use of our site with our social media, advertising and analytics partners' is not present on page

2020-04-15 12:04:30 - [TEST_STEP][PASSED] - verifyTextNotPresent("Cookie Policy", false): Text 'Cookie Policy' is not present on page

2020-04-15 12:04:30 - [MESSAGE][PASSED] - Text 'Cookie Policy' is not present on page

2020-04-15 12:04:30 - [TEST_STEP][PASSED] - waitForPageLoad(60): Wait for page load successfully

2020-04-15 12:04:30 - [MESSAGE][PASSED] - Wait for page load successfully

2020-04-15 12:04:30 - [TEST_STEP][PASSED] - "COOKIE - ORIGINAL": null

2020-04-15 12:04:30 - [TEST_STEP][PASSED] - if (waitForElementVisible(findTestObject("Object Repository/Feedback/Page_Checkatrade Give your feedback/input_Member_to_Review"), 5)): Web element with id: 'Object Repository/Feedback/Page_Checkatrade Give your feedback/input_Member_to_Review' located by 'By.xpath: //input[@id='feedback-form__company_autocomplete_input']' not found

2020-04-15 12:04:35 - [MESSAGE][INFO] - Unable to find the element located by 'By.xpath: //input[@id='feedback-form__company_autocomplete_input']'. Please recheck the objects properties to make sure the desired element is located. 

2020-04-15 12:04:35 - [MESSAGE][WARNING] - Web element with id: 'Object Repository/Feedback/Page_Checkatrade Give your feedback/input_Member_to_Review' located by 'By.xpath: //input[@id='feedback-form__company_autocomplete_input']' not found

2020-04-15 12:04:35 - [TEST_STEP][PASSED] - else: The <<<OLD>>> Website was detected by the STARTUP Process

2020-04-15 12:04:35 - [TEST_STEP][PASSED] - if (!(verifyElementVisible(findTestObject("Object Repository/Checkatrade_Trade_Search_Page/Page_Checkatrade Find a tradesperson you can trust/input_Search_Button_FF")))): Object 'Object Repository/Checkatrade_Trade_Search_Page/Page_Checkatrade Find a tradesperson you can trust/input_Search_Button_FF' is visible

2020-04-15 12:04:35 - [MESSAGE][PASSED] - Object 'Object Repository/Checkatrade_Trade_Search_Page/Page_Checkatrade Find a tradesperson you can trust/input_Search_Button_FF' is visible

2020-04-15 12:04:35 - [TEST_STEP][PASSED] - else: The <<<OLD>>> Website was detected by the STARTUP Process

2020-04-15 12:04:35 - [TEST_STEP][PASSED] - Website_Version = "old": null

2020-04-15 12:04:35 - [TEST_STEP][PASSED] - logInfo("The <<<OLD>>> Website was detected by the STARTUP Process"): The <<<OLD>>> Website was detected by the STARTUP Process

2020-04-15 12:04:35 - [MESSAGE][INFO] - The <<<OLD>>> Website was detected by the STARTUP Process

2020-04-15 12:04:35 - [MESSAGE][PASSED] - Call Test Case 'Test Cases/Reusable_Test_Sequences/CAT_Setup' successfully

2020-04-15 12:04:35 - [TEST_STEP][PASSED] - " Home Page validation Checks after COOKIE Dispelled NOT REQUIRED IN THIS INSTANCE": null

2020-04-15 12:04:35 - [TEST_STEP][PASSED] - "---------------------------------------": null

2020-04-15 12:04:35 - [TEST_STEP][PASSED] - " Set and SEARCH TRADE CLASSIFICATION   |": null

2020-04-15 12:04:35 - [TEST_STEP][PASSED] - callTestCase(findTestCase("Reusable_Test_Sequences/CAT_Enter_Trade_Classification_NEG"), [:], CONTINUE_ON_FAILURE): Call Test Case 'Test Cases/Reusable_Test_Sequences/CAT_Enter_Trade_Classification_NEG' successfully

2020-04-15 12:04:35 - [TEST_CASE][PASSED] - Test Cases/Reusable_Test_Sequences/CAT_Enter_Trade_Classification_NEG: Test Cases/Reusable_Test_Sequences/CAT_Enter_Trade_Classification_NEG

2020-04-15 12:04:36 - [TEST_STEP][PASSED] - "---------------------------------": null

2020-04-15 12:04:36 - [TEST_STEP][PASSED] - "Set and SEARCH SELECTED TRADE": null

2020-04-15 12:04:36 - [TEST_STEP][PASSED] - if (Website_Version == "new"): null

2020-04-15 12:04:36 - [TEST_STEP][PASSED] - else: Text 'Glass' is set on object 'Object Repository/Checkatrade_Trade_Search_Page/Page_Checkatrade Find a tradesperson you can trust/input_Search_Button_FF'

2020-04-15 12:04:36 - [TEST_STEP][PASSED] - click(findTestObject("Object Repository/Checkatrade_Trade_Search_Page/Page_Checkatrade Find a tradesperson you can trust/input_Search_Button_FF")): Object: 'Object Repository/Checkatrade_Trade_Search_Page/Page_Checkatrade Find a tradesperson you can trust/input_Search_Button_FF' is clicked on

2020-04-15 12:04:36 - [MESSAGE][PASSED] - Object: 'Object Repository/Checkatrade_Trade_Search_Page/Page_Checkatrade Find a tradesperson you can trust/input_Search_Button_FF' is clicked on

2020-04-15 12:04:36 - [TEST_STEP][PASSED] - setText(findTestObject("Object Repository/Checkatrade_Trade_Search_Page/Page_Checkatrade Find a tradesperson you can trust/input_Search_Button_FF"), findTestData("Search_Trader_Location_Data_NEG").getValue("tradeClassification", row)): Text 'Glass' is set on object 'Object Repository/Checkatrade_Trade_Search_Page/Page_Checkatrade Find a tradesperson you can trust/input_Search_Button_FF'

2020-04-15 12:04:36 - [MESSAGE][PASSED] - Text 'Glass' is set on object 'Object Repository/Checkatrade_Trade_Search_Page/Page_Checkatrade Find a tradesperson you can trust/input_Search_Button_FF'

2020-04-15 12:04:36 - [MESSAGE][PASSED] - Call Test Case 'Test Cases/Reusable_Test_Sequences/CAT_Enter_Trade_Classification_NEG' successfully

2020-04-15 12:04:36 - [TEST_STEP][PASSED] - "---------------------------------------": null

2020-04-15 12:04:36 - [TEST_STEP][PASSED] - " Set and SEARCH TRADE LOCATION         |": null

2020-04-15 12:04:36 - [TEST_STEP][PASSED] - callTestCase(findTestCase("Reusable_Test_Sequences/CAT_Enter_Trade_Location_NEG"), [:], CONTINUE_ON_FAILURE): Call Test Case 'Test Cases/Reusable_Test_Sequences/CAT_Enter_Trade_Location_NEG' successfully

2020-04-15 12:04:36 - [TEST_CASE][PASSED] - Test Cases/Reusable_Test_Sequences/CAT_Enter_Trade_Location_NEG: Test Cases/Reusable_Test_Sequences/CAT_Enter_Trade_Location_NEG

2020-04-15 12:04:36 - [TEST_STEP][PASSED] - "---------------------------------": null

2020-04-15 12:04:36 - [TEST_STEP][PASSED] - "Set and SEARCH SELECTED LOCATION |": null

2020-04-15 12:04:36 - [TEST_STEP][PASSED] - if (Website_Version != "new"): Text 'Peru' is set on object 'Object Repository/Checkatrade_Trade_Search_Page/Page_Checkatrade Find a tradesperson you can trust/input_Not here_location'

2020-04-15 12:04:36 - [TEST_STEP][PASSED] - click(findTestObject("Object Repository/Checkatrade_Trade_Search_Page/Page_Checkatrade Find a tradesperson you can trust/input_Not here_location")): Object: 'Object Repository/Checkatrade_Trade_Search_Page/Page_Checkatrade Find a tradesperson you can trust/input_Not here_location' is clicked on

2020-04-15 12:04:37 - [MESSAGE][PASSED] - Object: 'Object Repository/Checkatrade_Trade_Search_Page/Page_Checkatrade Find a tradesperson you can trust/input_Not here_location' is clicked on

2020-04-15 12:04:37 - [TEST_STEP][PASSED] - setText(findTestObject("Object Repository/Checkatrade_Trade_Search_Page/Page_Checkatrade Find a tradesperson you can trust/input_Not here_location"), findTestData("Search_Trader_Location_Data_NEG").getValue("tradeNameLocation", row)): Text 'Peru' is set on object 'Object Repository/Checkatrade_Trade_Search_Page/Page_Checkatrade Find a tradesperson you can trust/input_Not here_location'

2020-04-15 12:04:37 - [MESSAGE][PASSED] - Text 'Peru' is set on object 'Object Repository/Checkatrade_Trade_Search_Page/Page_Checkatrade Find a tradesperson you can trust/input_Not here_location'

2020-04-15 12:04:37 - [TEST_STEP][PASSED] - if (verifyTextNotPresent("Sorry, no results found", false)): null

2020-04-15 12:04:37 - [MESSAGE][PASSED] - Text 'Sorry, no results found' is not present on page

2020-04-15 12:04:37 - [TEST_STEP][PASSED] - markPassed("The Expected Lookup Result(s) ARE being returned by the Lookup Service, AS EXPECTED"): The Expected Lookup Result(s) ARE being returned by the Lookup Service, AS EXPECTED

2020-04-15 12:04:37 - [MESSAGE][PASSED] - The Expected Lookup Result(s) ARE being returned by the Lookup Service, AS EXPECTED

2020-04-15 12:04:37 - [MESSAGE][PASSED] - Call Test Case 'Test Cases/Reusable_Test_Sequences/CAT_Enter_Trade_Location_NEG' successfully

2020-04-15 12:04:37 - [TEST_STEP][PASSED] - "---------------------------------------": null

2020-04-15 12:04:37 - [TEST_STEP][PASSED] - " Scroll Search Button into View        |": null

2020-04-15 12:04:37 - [TEST_STEP][PASSED] - "---------------------------------------": null

2020-04-15 12:04:37 - [TEST_STEP][PASSED] - "---------------------------------------": null

2020-04-15 12:04:37 - [TEST_STEP][PASSED] - " Hit Search Button                     |": null

2020-04-15 12:04:37 - [TEST_STEP][PASSED] - callTestCase(findTestCase("Reusable_Test_Sequences/CAT_Hit_Search_Button"), [:], CONTINUE_ON_FAILURE): Call Test Case 'Test Cases/Reusable_Test_Sequences/CAT_Hit_Search_Button' successfully

2020-04-15 12:04:37 - [TEST_CASE][PASSED] - Test Cases/Reusable_Test_Sequences/CAT_Hit_Search_Button: Test Cases/Reusable_Test_Sequences/CAT_Hit_Search_Button

2020-04-15 12:04:37 - [TEST_STEP][PASSED] - "---------------------------------": null

2020-04-15 12:04:37 - [TEST_STEP][PASSED] - "HIT SEARCH": null

2020-04-15 12:04:37 - [TEST_STEP][PASSED] - "---------------------------------": null

2020-04-15 12:04:37 - [TEST_STEP][PASSED] - if (Website_Version == "new"): null

2020-04-15 12:04:37 - [TEST_STEP][PASSED] - else: Object: 'Object Repository/Page_Checkatrade Find a tradesperson you can trust/a_Search' is clicked on

2020-04-15 12:04:37 - [TEST_STEP][PASSED] - waitForElementClickable(findTestObject("Object Repository/Page_Checkatrade Find a tradesperson you can trust/a_Search"), 25): Object 'Object Repository/Page_Checkatrade Find a tradesperson you can trust/a_Search' is clickable

2020-04-15 12:04:37 - [MESSAGE][PASSED] - Object 'Object Repository/Page_Checkatrade Find a tradesperson you can trust/a_Search' is clickable

2020-04-15 12:04:37 - [TEST_STEP][PASSED] - click(findTestObject("Object Repository/Page_Checkatrade Find a tradesperson you can trust/a_Search")): Object: 'Object Repository/Page_Checkatrade Find a tradesperson you can trust/a_Search' is clicked on

2020-04-15 12:04:38 - [MESSAGE][PASSED] - Object: 'Object Repository/Page_Checkatrade Find a tradesperson you can trust/a_Search' is clicked on

2020-04-15 12:04:38 - [MESSAGE][PASSED] - Call Test Case 'Test Cases/Reusable_Test_Sequences/CAT_Hit_Search_Button' successfully

2020-04-15 12:04:38 - [TEST_STEP][PASSED] - "------------------------------------------": null

2020-04-15 12:04:38 - [TEST_STEP][PASSED] - " Expected ERROR Reported                  |": null

2020-04-15 12:04:38 - [TEST_STEP][PASSED] - callTestCase(findTestCase("Reusable_Test_Sequences/CAT_Search_Location_Not_Returned"), [:], CONTINUE_ON_FAILURE): Call Test Case 'Test Cases/Reusable_Test_Sequences/CAT_Search_Location_Not_Returned' successfully

2020-04-15 12:04:38 - [TEST_CASE][PASSED] - Test Cases/Reusable_Test_Sequences/CAT_Search_Location_Not_Returned: Test Cases/Reusable_Test_Sequences/CAT_Search_Location_Not_Returned

2020-04-15 12:04:38 - [TEST_STEP][PASSED] - "For later Extension": null

2020-04-15 12:04:38 - [TEST_STEP][PASSED] - "--------------------------------": null

2020-04-15 12:04:38 - [TEST_STEP][PASSED] - "Read data from spreadsheet      | r_ = Returned Data": null

2020-04-15 12:04:38 - [TEST_STEP][PASSED] - data = findTestData("Data Files/Search_Trader_Location_Data_NEG"): null

2020-04-15 12:04:38 - [TEST_STEP][PASSED] - Search_Trader_Location = data.getValue("tradeNameLocation", row): null

2020-04-15 12:04:38 - [TEST_STEP][PASSED] - Search_Trade_Clasification = data.getValue("tradeClassification", row): null

2020-04-15 12:04:38 - [TEST_STEP][PASSED] - "------------------------------------------------------------------------": null

2020-04-15 12:04:38 - [TEST_STEP][PASSED] - "VALUES - 1 = Enter Trade Location Status - 2 = 404 No File or Directory |": null

2020-04-15 12:04:38 - [TEST_STEP][PASSED] - Flag_Search_Location_Error = "0": null

2020-04-15 12:04:38 - [TEST_STEP][PASSED] - delay(1): Delayed 1 second(s)

2020-04-15 12:04:39 - [MESSAGE][PASSED] - Delayed 1 second(s)

2020-04-15 12:04:39 - [TEST_STEP][PASSED] - waitForPageLoad(60): Wait for page load successfully

2020-04-15 12:04:39 - [MESSAGE][PASSED] - Wait for page load successfully

2020-04-15 12:04:39 - [TEST_STEP][PASSED] - "-------------------------------------------------------------------------------------------------------------------------": null

2020-04-15 12:04:39 - [TEST_STEP][PASSED] - "Scenario 1 - Location, Incorrect Numeric Value or Postcode Returns Highlighted (RED) Text Please enter a valid Location  |": null

2020-04-15 12:04:39 - [TEST_STEP][PASSED] - try: null

2020-04-15 12:04:39 - [TEST_STEP][PASSED] - verifyTextPresent("Please enter a trade and a location", false, OPTIONAL): Text 'Please enter a trade and a location' is not present on page  (Root cause: com.kms.katalon.core.exception.StepFailedException: Text 'Please enter a trade and a location' is not present on page 
	at com.kms.katalon.core.webui.keyword.internal.WebUIKeywordMain.stepFailed(WebUIKeywordMain.groovy:64)
	at com.kms.katalon.core.webui.keyword.builtin.VerifyTextPresentKeyword$_verifyTextPresent_closure1.doCall(VerifyTextPresentKeyword.groovy:79)
	at com.kms.katalon.core.webui.keyword.builtin.VerifyTextPresentKeyword$_verifyTextPresent_closure1.call(VerifyTextPresentKeyword.groovy)
	at com.kms.katalon.core.webui.keyword.internal.WebUIKeywordMain.runKeyword(WebUIKeywordMain.groovy:20)
	at com.kms.katalon.core.webui.keyword.builtin.VerifyTextPresentKeyword.verifyTextPresent(VerifyTextPresentKeyword.groovy:83)
	at com.kms.katalon.core.webui.keyword.builtin.VerifyTextPresentKeyword.execute(VerifyTextPresentKeyword.groovy:68)
	at com.kms.katalon.core.keyword.internal.KeywordExecutor.executeKeywordForPlatform(KeywordExecutor.groovy:72)
	at com.kms.katalon.core.webui.keyword.WebUiBuiltInKeywords.verifyTextPresent(WebUiBuiltInKeywords.groovy:1703)
	at com.kms.katalon.core.webui.keyword.WebUiBuiltInKeywords$verifyTextPresent$13.call(Unknown Source)
	at CAT_Search_Location_Not_Returned.run(CAT_Search_Location_Not_Returned:42)
	at com.kms.katalon.core.main.ScriptEngine.run(ScriptEngine.java:194)
	at com.kms.katalon.core.main.ScriptEngine.runScriptAsRawText(ScriptEngine.java:119)
	at com.kms.katalon.core.main.TestCaseExecutor.runScript(TestCaseExecutor.java:337)
	at com.kms.katalon.core.main.TestCaseExecutor.doExecute(TestCaseExecutor.java:328)
	at com.kms.katalon.core.main.TestCaseExecutor.processExecutionPhase(TestCaseExecutor.java:307)
	at com.kms.katalon.core.main.TestCaseExecutor.accessMainPhase(TestCaseExecutor.java:299)
	at com.kms.katalon.core.main.TestCaseExecutor.execute(TestCaseExecutor.java:233)
	at com.kms.katalon.core.main.TestCaseMain.runTestCase(TestCaseMain.java:114)
	at com.kms.katalon.core.keyword.builtin.CallTestCaseKeyword$_callTestCase_closure1.doCall(CallTestCaseKeyword.groovy:59)
	at com.kms.katalon.core.keyword.builtin.CallTestCaseKeyword$_callTestCase_closure1.call(CallTestCaseKeyword.groovy)
	at com.kms.katalon.core.keyword.internal.KeywordMain.runKeyword(KeywordMain.groovy:68)
	at com.kms.katalon.core.keyword.builtin.CallTestCaseKeyword.callTestCase(CallTestCaseKeyword.groovy:81)
	at com.kms.katalon.core.keyword.builtin.CallTestCaseKeyword.execute(CallTestCaseKeyword.groovy:44)
	at com.kms.katalon.core.keyword.internal.KeywordExecutor.executeKeywordForPlatform(KeywordExecutor.groovy:72)
	at com.kms.katalon.core.keyword.BuiltinKeywords.callTestCase(BuiltinKeywords.groovy:334)
	at Trader_Location_Not_Listed.run(Trader_Location_Not_Listed:87)
	at com.kms.katalon.core.main.ScriptEngine.run(ScriptEngine.java:194)
	at com.kms.katalon.core.main.ScriptEngine.runScriptAsRawText(ScriptEngine.java:119)
	at com.kms.katalon.core.main.TestCaseExecutor.runScript(TestCaseExecutor.java:337)
	at com.kms.katalon.core.main.TestCaseExecutor.doExecute(TestCaseExecutor.java:328)
	at com.kms.katalon.core.main.TestCaseExecutor.processExecutionPhase(TestCaseExecutor.java:307)
	at com.kms.katalon.core.main.TestCaseExecutor.accessMainPhase(TestCaseExecutor.java:299)
	at com.kms.katalon.core.main.TestCaseExecutor.execute(TestCaseExecutor.java:233)
	at com.kms.katalon.core.main.TestSuiteExecutor.accessTestCaseMainPhase(TestSuiteExecutor.java:169)
	at com.kms.katalon.core.main.TestSuiteExecutor.accessTestSuiteMainPhase(TestSuiteExecutor.java:142)
	at com.kms.katalon.core.main.TestSuiteExecutor.execute(TestSuiteExecutor.java:91)
	at com.kms.katalon.core.main.TestCaseMain.startTestSuite(TestCaseMain.java:157)
	at com.kms.katalon.core.main.TestCaseMain$startTestSuite$0.call(Unknown Source)
	at TempTestSuite1586947980982.run(TempTestSuite1586947980982.groovy:36)
)

2020-04-15 12:04:39 - [MESSAGE][WARNING] - Text 'Please enter a trade and a location' is not present on page  (Root cause: com.kms.katalon.core.exception.StepFailedException: Text 'Please enter a trade and a location' is not present on page 
	at com.kms.katalon.core.webui.keyword.internal.WebUIKeywordMain.stepFailed(WebUIKeywordMain.groovy:64)
	at com.kms.katalon.core.webui.keyword.builtin.VerifyTextPresentKeyword$_verifyTextPresent_closure1.doCall(VerifyTextPresentKeyword.groovy:79)
	at com.kms.katalon.core.webui.keyword.builtin.VerifyTextPresentKeyword$_verifyTextPresent_closure1.call(VerifyTextPresentKeyword.groovy)
	at com.kms.katalon.core.webui.keyword.internal.WebUIKeywordMain.runKeyword(WebUIKeywordMain.groovy:20)
	at com.kms.katalon.core.webui.keyword.builtin.VerifyTextPresentKeyword.verifyTextPresent(VerifyTextPresentKeyword.groovy:83)
	at com.kms.katalon.core.webui.keyword.builtin.VerifyTextPresentKeyword.execute(VerifyTextPresentKeyword.groovy:68)
	at com.kms.katalon.core.keyword.internal.KeywordExecutor.executeKeywordForPlatform(KeywordExecutor.groovy:72)
	at com.kms.katalon.core.webui.keyword.WebUiBuiltInKeywords.verifyTextPresent(WebUiBuiltInKeywords.groovy:1703)
	at com.kms.katalon.core.webui.keyword.WebUiBuiltInKeywords$verifyTextPresent$13.call(Unknown Source)
	at CAT_Search_Location_Not_Returned.run(CAT_Search_Location_Not_Returned:42)
	at com.kms.katalon.core.main.ScriptEngine.run(ScriptEngine.java:194)
	at com.kms.katalon.core.main.ScriptEngine.runScriptAsRawText(ScriptEngine.java:119)
	at com.kms.katalon.core.main.TestCaseExecutor.runScript(TestCaseExecutor.java:337)
	at com.kms.katalon.core.main.TestCaseExecutor.doExecute(TestCaseExecutor.java:328)
	at com.kms.katalon.core.main.TestCaseExecutor.processExecutionPhase(TestCaseExecutor.java:307)
	at com.kms.katalon.core.main.TestCaseExecutor.accessMainPhase(TestCaseExecutor.java:299)
	at com.kms.katalon.core.main.TestCaseExecutor.execute(TestCaseExecutor.java:233)
	at com.kms.katalon.core.main.TestCaseMain.runTestCase(TestCaseMain.java:114)
	at com.kms.katalon.core.keyword.builtin.CallTestCaseKeyword$_callTestCase_closure1.doCall(CallTestCaseKeyword.groovy:59)
	at com.kms.katalon.core.keyword.builtin.CallTestCaseKeyword$_callTestCase_closure1.call(CallTestCaseKeyword.groovy)
	at com.kms.katalon.core.keyword.internal.KeywordMain.runKeyword(KeywordMain.groovy:68)
	at com.kms.katalon.core.keyword.builtin.CallTestCaseKeyword.callTestCase(CallTestCaseKeyword.groovy:81)
	at com.kms.katalon.core.keyword.builtin.CallTestCaseKeyword.execute(CallTestCaseKeyword.groovy:44)
	at com.kms.katalon.core.keyword.internal.KeywordExecutor.executeKeywordForPlatform(KeywordExecutor.groovy:72)
	at com.kms.katalon.core.keyword.BuiltinKeywords.callTestCase(BuiltinKeywords.groovy:334)
	at Trader_Location_Not_Listed.run(Trader_Location_Not_Listed:87)
	at com.kms.katalon.core.main.ScriptEngine.run(ScriptEngine.java:194)
	at com.kms.katalon.core.main.ScriptEngine.runScriptAsRawText(ScriptEngine.java:119)
	at com.kms.katalon.core.main.TestCaseExecutor.runScript(TestCaseExecutor.java:337)
	at com.kms.katalon.core.main.TestCaseExecutor.doExecute(TestCaseExecutor.java:328)
	at com.kms.katalon.core.main.TestCaseExecutor.processExecutionPhase(TestCaseExecutor.java:307)
	at com.kms.katalon.core.main.TestCaseExecutor.accessMainPhase(TestCaseExecutor.java:299)
	at com.kms.katalon.core.main.TestCaseExecutor.execute(TestCaseExecutor.java:233)
	at com.kms.katalon.core.main.TestSuiteExecutor.accessTestCaseMainPhase(TestSuiteExecutor.java:169)
	at com.kms.katalon.core.main.TestSuiteExecutor.accessTestSuiteMainPhase(TestSuiteExecutor.java:142)
	at com.kms.katalon.core.main.TestSuiteExecutor.execute(TestSuiteExecutor.java:91)
	at com.kms.katalon.core.main.TestCaseMain.startTestSuite(TestCaseMain.java:157)
	at com.kms.katalon.core.main.TestCaseMain$startTestSuite$0.call(Unknown Source)
	at TempTestSuite1586947980982.run(TempTestSuite1586947980982.groovy:36)
)

2020-04-15 12:04:39 - [TEST_STEP][PASSED] - Flag_Search_Location_Error = "1": null

2020-04-15 12:04:39 - [TEST_STEP][PASSED] - "-----------------------------------------------------------------------------------------------------------------------------------": null

2020-04-15 12:04:39 - [TEST_STEP][PASSED] - "Scenario 2 - Location, Incorrect or Non Existing Data Beyond the Realms of the Database - Return 404 - File or Directory NOT FOUND |": null

2020-04-15 12:04:39 - [TEST_STEP][PASSED] - try: null

2020-04-15 12:04:39 - [TEST_STEP][PASSED] - verifyTextPresent("404 - File or directory not found", false, OPTIONAL): Text '404 - File or directory not found' is present on page 

2020-04-15 12:04:39 - [MESSAGE][PASSED] - Text '404 - File or directory not found' is present on page 

2020-04-15 12:04:39 - [TEST_STEP][PASSED] - Flag_Search_Location_Error = "2": null

2020-04-15 12:04:39 - [TEST_STEP][PASSED] - if (Flag_Search_Location_Error == "1"): null

2020-04-15 12:04:39 - [TEST_STEP][PASSED] - if (Flag_Search_Location_Error == "2"): Error 404 Reported as Expected, Resource Unavailable

2020-04-15 12:04:39 - [TEST_STEP][PASSED] - markPassed("Error 404 Reported as Expected, Resource Unavailable"): Error 404 Reported as Expected, Resource Unavailable

2020-04-15 12:04:39 - [MESSAGE][PASSED] - Error 404 Reported as Expected, Resource Unavailable

2020-04-15 12:04:39 - [TEST_STEP][PASSED] - if (Flag_Search_Location_Error == "0"): null

2020-04-15 12:04:39 - [TEST_STEP][PASSED] - if (Flag_Search_Location_Error > "0"): Invalid Location was Correctly Highlighted for Trade Type <Glass> Based in <Peru>

2020-04-15 12:04:39 - [TEST_STEP][PASSED] - markPassed("Invalid Location was Correctly Highlighted for Trade Type <" + Search_Trade_Clasification + "> Based in <" + Search_Trader_Location + ">"): Invalid Location was Correctly Highlighted for Trade Type <Glass> Based in <Peru>

2020-04-15 12:04:39 - [MESSAGE][PASSED] - Invalid Location was Correctly Highlighted for Trade Type <Glass> Based in <Peru>

2020-04-15 12:04:39 - [MESSAGE][PASSED] - Call Test Case 'Test Cases/Reusable_Test_Sequences/CAT_Search_Location_Not_Returned' successfully

2020-04-15 12:04:39 - [TEST_STEP][PASSED] - "--------------------------": null

2020-04-15 12:04:39 - [TEST_STEP][PASSED] - " Teardown - CLose Browser |": null

2020-04-15 12:04:39 - [TEST_STEP][PASSED] - callTestCase(findTestCase("Reusable_Test_Sequences/CAT_Teardown"), [:], OPTIONAL): Call Test Case 'Test Cases/Reusable_Test_Sequences/CAT_Teardown' successfully

2020-04-15 12:04:39 - [TEST_CASE][PASSED] - Test Cases/Reusable_Test_Sequences/CAT_Teardown: Test Cases/Reusable_Test_Sequences/CAT_Teardown

2020-04-15 12:04:39 - [TEST_STEP][PASSED] - closeBrowser(): Browser is closed

2020-04-15 12:04:43 - [MESSAGE][PASSED] - Browser is closed

2020-04-15 12:04:43 - [TEST_STEP][PASSED] - super.finalize(): null

2020-04-15 12:04:43 - [TEST_STEP][PASSED] - System.gc(): null

2020-04-15 12:04:43 - [MESSAGE][PASSED] - Call Test Case 'Test Cases/Reusable_Test_Sequences/CAT_Teardown' successfully

2020-04-15 12:04:43 - [TEST_STEP][FAILED] - callTestCase(findTestCase("Reusable_Test_Sequences/CAT_Setup"), [:], STOP_ON_FAILURE): Unable to call Test Case 'Test Cases/Reusable_Test_Sequences/CAT_Setup' (Root cause: com.kms.katalon.core.exception.StepFailedException: Call Test Case 'Test Cases/Reusable_Test_Sequences/CAT_Setup' failed
	at com.kms.katalon.core.keyword.builtin.CallTestCaseKeyword$_callTestCase_closure1.doCall(CallTestCaseKeyword.groovy:63)
	at com.kms.katalon.core.keyword.builtin.CallTestCaseKeyword$_callTestCase_closure1.call(CallTestCaseKeyword.groovy)
	at com.kms.katalon.core.keyword.internal.KeywordMain.runKeyword(KeywordMain.groovy:68)
	at com.kms.katalon.core.keyword.builtin.CallTestCaseKeyword.callTestCase(CallTestCaseKeyword.groovy:81)
	at com.kms.katalon.core.keyword.builtin.CallTestCaseKeyword.execute(CallTestCaseKeyword.groovy:44)
	at com.kms.katalon.core.keyword.internal.KeywordExecutor.executeKeywordForPlatform(KeywordExecutor.groovy:72)
	at com.kms.katalon.core.keyword.BuiltinKeywords.callTestCase(BuiltinKeywords.groovy:334)
	at Trader_Location_Not_Listed.run(Trader_Location_Not_Listed:58)
	at com.kms.katalon.core.main.ScriptEngine.run(ScriptEngine.java:194)
	at com.kms.katalon.core.main.ScriptEngine.runScriptAsRawText(ScriptEngine.java:119)
	at com.kms.katalon.core.main.TestCaseExecutor.runScript(TestCaseExecutor.java:337)
	at com.kms.katalon.core.main.TestCaseExecutor.doExecute(TestCaseExecutor.java:328)
	at com.kms.katalon.core.main.TestCaseExecutor.processExecutionPhase(TestCaseExecutor.java:307)
	at com.kms.katalon.core.main.TestCaseExecutor.accessMainPhase(TestCaseExecutor.java:299)
	at com.kms.katalon.core.main.TestCaseExecutor.execute(TestCaseExecutor.java:233)
	at com.kms.katalon.core.main.TestSuiteExecutor.accessTestCaseMainPhase(TestSuiteExecutor.java:169)
	at com.kms.katalon.core.main.TestSuiteExecutor.accessTestSuiteMainPhase(TestSuiteExecutor.java:142)
	at com.kms.katalon.core.main.TestSuiteExecutor.execute(TestSuiteExecutor.java:91)
	at com.kms.katalon.core.main.TestCaseMain.startTestSuite(TestCaseMain.java:157)
	at com.kms.katalon.core.main.TestCaseMain$startTestSuite$0.call(Unknown Source)
	at TempTestSuite1586947980982.run(TempTestSuite1586947980982.groovy:36)
Caused by: com.kms.katalon.core.exception.StepFailedException: Text 'Cookie Policy' is present on page  (Root cause: com.kms.katalon.core.exception.StepFailedException: Text 'Cookie Policy' is present on page 
	at com.kms.katalon.core.webui.keyword.internal.WebUIKeywordMain.stepFailed(WebUIKeywordMain.groovy:64)
	at com.kms.katalon.core.webui.keyword.builtin.VerifyTextNotPresentKeyword$_verifyTextNotPresent_closure1.doCall(VerifyTextNotPresentKeyword.groovy:77)
	at com.kms.katalon.core.webui.keyword.builtin.VerifyTextNotPresentKeyword$_verifyTextNotPresent_closure1.call(VerifyTextNotPresentKeyword.groovy)
	at com.kms.katalon.core.webui.keyword.internal.WebUIKeywordMain.runKeyword(WebUIKeywordMain.groovy:20)
	at com.kms.katalon.core.webui.keyword.builtin.VerifyTextNotPresentKeyword.verifyTextNotPresent(VerifyTextNotPresentKeyword.groovy:82)
	at com.kms.katalon.core.webui.keyword.builtin.VerifyTextNotPresentKeyword.execute(VerifyTextNotPresentKeyword.groovy:68)
	at com.kms.katalon.core.keyword.internal.KeywordExecutor.executeKeywordForPlatform(KeywordExecutor.groovy:72)
	at com.kms.katalon.core.webui.keyword.WebUiBuiltInKeywords.verifyTextNotPresent(WebUiBuiltInKeywords.groovy:1752)
	at com.kms.katalon.core.webui.keyword.WebUiBuiltInKeywords$verifyTextNotPresent$4.call(Unknown Source)
	at CAT_Setup.run(CAT_Setup:177)
	at com.kms.katalon.core.main.ScriptEngine.run(ScriptEngine.java:194)
	at com.kms.katalon.core.main.ScriptEngine.runScriptAsRawText(ScriptEngine.java:119)
	at com.kms.katalon.core.main.TestCaseExecutor.runScript(TestCaseExecutor.java:337)
	at com.kms.katalon.core.main.TestCaseExecutor.doExecute(TestCaseExecutor.java:328)
	at com.kms.katalon.core.main.TestCaseExecutor.processExecutionPhase(TestCaseExecutor.java:307)
	at com.kms.katalon.core.main.TestCaseExecutor.accessMainPhase(TestCaseExecutor.java:299)
	at com.kms.katalon.core.main.TestCaseExecutor.execute(TestCaseExecutor.java:233)
	at com.kms.katalon.core.main.TestCaseMain.runTestCase(TestCaseMain.java:114)
	at com.kms.katalon.core.keyword.builtin.CallTestCaseKeyword$_callTestCase_closure1.doCall(CallTestCaseKeyword.groovy:59)
	at com.kms.katalon.core.keyword.builtin.CallTestCaseKeyword$_callTestCase_closure1.call(CallTestCaseKeyword.groovy)
	at com.kms.katalon.core.keyword.internal.KeywordMain.runKeyword(KeywordMain.groovy:68)
	at com.kms.katalon.core.keyword.builtin.CallTestCaseKeyword.callTestCase(CallTestCaseKeyword.groovy:81)
	at com.kms.katalon.core.keyword.builtin.CallTestCaseKeyword.execute(CallTestCaseKeyword.groovy:44)
	at com.kms.katalon.core.keyword.internal.KeywordExecutor.executeKeywordForPlatform(KeywordExecutor.groovy:72)
	at com.kms.katalon.core.keyword.BuiltinKeywords.callTestCase(BuiltinKeywords.groovy:334)
	at Trader_Location_Not_Listed.run(Trader_Location_Not_Listed:58)
	at com.kms.katalon.core.main.ScriptEngine.run(ScriptEngine.java:194)
	at com.kms.katalon.core.main.ScriptEngine.runScriptAsRawText(ScriptEngine.java:119)
	at com.kms.katalon.core.main.TestCaseExecutor.runScript(TestCaseExecutor.java:337)
	at com.kms.katalon.core.main.TestCaseExecutor.doExecute(TestCaseExecutor.java:328)
	at com.kms.katalon.core.main.TestCaseExecutor.processExecutionPhase(TestCaseExecutor.java:307)
	at com.kms.katalon.core.main.TestCaseExecutor.accessMainPhase(TestCaseExecutor.java:299)
	at com.kms.katalon.core.main.TestCaseExecutor.execute(TestCaseExecutor.java:233)
	at com.kms.katalon.core.main.TestSuiteExecutor.accessTestCaseMainPhase(TestSuiteExecutor.java:169)
	at com.kms.katalon.core.main.TestSuiteExecutor.accessTestSuiteMainPhase(TestSuiteExecutor.java:142)
	at com.kms.katalon.core.main.TestSuiteExecutor.execute(TestSuiteExecutor.java:91)
	at com.kms.katalon.core.main.TestCaseMain.startTestSuite(TestCaseMain.java:157)
	at com.kms.katalon.core.main.TestCaseMain$startTestSuite$0.call(Unknown Source)
	at TempTestSuite1586947980982.run(TempTestSuite1586947980982.groovy:36)
)
	at com.kms.katalon.core.keyword.internal.KeywordMain.stepFailed(KeywordMain.groovy:39)
	at com.kms.katalon.core.webui.keyword.internal.WebUIKeywordMain.stepFailed(WebUIKeywordMain.groovy:64)
	at com.kms.katalon.core.webui.keyword.builtin.VerifyTextNotPresentKeyword$_verifyTextNotPresent_closure1.doCall(VerifyTextNotPresentKeyword.groovy:77)
	at com.kms.katalon.core.webui.keyword.builtin.VerifyTextNotPresentKeyword$_verifyTextNotPresent_closure1.call(VerifyTextNotPresentKeyword.groovy)
	at com.kms.katalon.core.webui.keyword.internal.WebUIKeywordMain.runKeyword(WebUIKeywordMain.groovy:20)
	at com.kms.katalon.core.webui.keyword.builtin.VerifyTextNotPresentKeyword.verifyTextNotPresent(VerifyTextNotPresentKeyword.groovy:82)
	at com.kms.katalon.core.webui.keyword.builtin.VerifyTextNotPresentKeyword.execute(VerifyTextNotPresentKeyword.groovy:68)
	at com.kms.katalon.core.keyword.internal.KeywordExecutor.executeKeywordForPlatform(KeywordExecutor.groovy:72)
	at com.kms.katalon.core.webui.keyword.WebUiBuiltInKeywords.verifyTextNotPresent(WebUiBuiltInKeywords.groovy:1752)
	at com.kms.katalon.core.webui.keyword.WebUiBuiltInKeywords$verifyTextNotPresent$4.call(Unknown Source)
	at CAT_Setup.run(CAT_Setup:177)
	at com.kms.katalon.core.main.ScriptEngine.run(ScriptEngine.java:194)
	at com.kms.katalon.core.main.ScriptEngine.runScriptAsRawText(ScriptEngine.java:119)
	at com.kms.katalon.core.main.TestCaseExecutor.runScript(TestCaseExecutor.java:337)
	at com.kms.katalon.core.main.TestCaseExecutor.doExecute(TestCaseExecutor.java:328)
	at com.kms.katalon.core.main.TestCaseExecutor.processExecutionPhase(TestCaseExecutor.java:307)
	at com.kms.katalon.core.main.TestCaseExecutor.accessMainPhase(TestCaseExecutor.java:299)
	at com.kms.katalon.core.main.TestCaseExecutor.execute(TestCaseExecutor.java:233)
	at com.kms.katalon.core.main.TestCaseMain.runTestCase(TestCaseMain.java:114)
	at com.kms.katalon.core.keyword.builtin.CallTestCaseKeyword$_callTestCase_closure1.doCall(CallTestCaseKeyword.groovy:59)
	... 20 more
Caused by: com.kms.katalon.core.exception.StepFailedException: Text 'Cookie Policy' is present on page 
	... 39 more
)

2020-04-15 12:04:43 - [TEST_CASE][FAILED] - Test Cases/Reusable_Test_Sequences/CAT_Setup: Test Cases/Reusable_Test_Sequences/CAT_Setup FAILED.
Reason:
com.kms.katalon.core.exception.StepFailedException: Text 'Cookie Policy' is present on page  (Root cause: com.kms.katalon.core.exception.StepFailedException: Text 'Cookie Policy' is present on page 
	at com.kms.katalon.core.webui.keyword.internal.WebUIKeywordMain.stepFailed(WebUIKeywordMain.groovy:64)
	at com.kms.katalon.core.webui.keyword.builtin.VerifyTextNotPresentKeyword$_verifyTextNotPresent_closure1.doCall(VerifyTextNotPresentKeyword.groovy:77)
	at com.kms.katalon.core.webui.keyword.builtin.VerifyTextNotPresentKeyword$_verifyTextNotPresent_closure1.call(VerifyTextNotPresentKeyword.groovy)
	at com.kms.katalon.core.webui.keyword.internal.WebUIKeywordMain.runKeyword(WebUIKeywordMain.groovy:20)
	at com.kms.katalon.core.webui.keyword.builtin.VerifyTextNotPresentKeyword.verifyTextNotPresent(VerifyTextNotPresentKeyword.groovy:82)
	at com.kms.katalon.core.webui.keyword.builtin.VerifyTextNotPresentKeyword.execute(VerifyTextNotPresentKeyword.groovy:68)
	at com.kms.katalon.core.keyword.internal.KeywordExecutor.executeKeywordForPlatform(KeywordExecutor.groovy:72)
	at com.kms.katalon.core.webui.keyword.WebUiBuiltInKeywords.verifyTextNotPresent(WebUiBuiltInKeywords.groovy:1752)
	at com.kms.katalon.core.webui.keyword.WebUiBuiltInKeywords$verifyTextNotPresent$4.call(Unknown Source)
	at CAT_Setup.run(CAT_Setup:177)
	at com.kms.katalon.core.main.ScriptEngine.run(ScriptEngine.java:194)
	at com.kms.katalon.core.main.ScriptEngine.runScriptAsRawText(ScriptEngine.java:119)
	at com.kms.katalon.core.main.TestCaseExecutor.runScript(TestCaseExecutor.java:337)
	at com.kms.katalon.core.main.TestCaseExecutor.doExecute(TestCaseExecutor.java:328)
	at com.kms.katalon.core.main.TestCaseExecutor.processExecutionPhase(TestCaseExecutor.java:307)
	at com.kms.katalon.core.main.TestCaseExecutor.accessMainPhase(TestCaseExecutor.java:299)
	at com.kms.katalon.core.main.TestCaseExecutor.execute(TestCaseExecutor.java:233)
	at com.kms.katalon.core.main.TestCaseMain.runTestCase(TestCaseMain.java:114)
	at com.kms.katalon.core.keyword.builtin.CallTestCaseKeyword$_callTestCase_closure1.doCall(CallTestCaseKeyword.groovy:59)
	at com.kms.katalon.core.keyword.builtin.CallTestCaseKeyword$_callTestCase_closure1.call(CallTestCaseKeyword.groovy)
	at com.kms.katalon.core.keyword.internal.KeywordMain.runKeyword(KeywordMain.groovy:68)
	at com.kms.katalon.core.keyword.builtin.CallTestCaseKeyword.callTestCase(CallTestCaseKeyword.groovy:81)
	at com.kms.katalon.core.keyword.builtin.CallTestCaseKeyword.execute(CallTestCaseKeyword.groovy:44)
	at com.kms.katalon.core.keyword.internal.KeywordExecutor.executeKeywordForPlatform(KeywordExecutor.groovy:72)
	at com.kms.katalon.core.keyword.BuiltinKeywords.callTestCase(BuiltinKeywords.groovy:334)
	at Trader_Location_Not_Listed.run(Trader_Location_Not_Listed:58)
	at com.kms.katalon.core.main.ScriptEngine.run(ScriptEngine.java:194)
	at com.kms.katalon.core.main.ScriptEngine.runScriptAsRawText(ScriptEngine.java:119)
	at com.kms.katalon.core.main.TestCaseExecutor.runScript(TestCaseExecutor.java:337)
	at com.kms.katalon.core.main.TestCaseExecutor.doExecute(TestCaseExecutor.java:328)
	at com.kms.katalon.core.main.TestCaseExecutor.processExecutionPhase(TestCaseExecutor.java:307)
	at com.kms.katalon.core.main.TestCaseExecutor.accessMainPhase(TestCaseExecutor.java:299)
	at com.kms.katalon.core.main.TestCaseExecutor.execute(TestCaseExecutor.java:233)
	at com.kms.katalon.core.main.TestSuiteExecutor.accessTestCaseMainPhase(TestSuiteExecutor.java:169)
	at com.kms.katalon.core.main.TestSuiteExecutor.accessTestSuiteMainPhase(TestSuiteExecutor.java:142)
	at com.kms.katalon.core.main.TestSuiteExecutor.execute(TestSuiteExecutor.java:91)
	at com.kms.katalon.core.main.TestCaseMain.startTestSuite(TestCaseMain.java:157)
	at com.kms.katalon.core.main.TestCaseMain$startTestSuite$0.call(Unknown Source)
	at TempTestSuite1586947980982.run(TempTestSuite1586947980982.groovy:36)
)
	at com.kms.katalon.core.keyword.internal.KeywordMain.stepFailed(KeywordMain.groovy:39)
	at com.kms.katalon.core.webui.keyword.internal.WebUIKeywordMain.stepFailed(WebUIKeywordMain.groovy:64)
	at com.kms.katalon.core.webui.keyword.builtin.VerifyTextNotPresentKeyword$_verifyTextNotPresent_closure1.doCall(VerifyTextNotPresentKeyword.groovy:77)
	at com.kms.katalon.core.webui.keyword.builtin.VerifyTextNotPresentKeyword$_verifyTextNotPresent_closure1.call(VerifyTextNotPresentKeyword.groovy)
	at com.kms.katalon.core.webui.keyword.internal.WebUIKeywordMain.runKeyword(WebUIKeywordMain.groovy:20)
	at com.kms.katalon.core.webui.keyword.builtin.VerifyTextNotPresentKeyword.verifyTextNotPresent(VerifyTextNotPresentKeyword.groovy:82)
	at com.kms.katalon.core.webui.keyword.builtin.VerifyTextNotPresentKeyword.execute(VerifyTextNotPresentKeyword.groovy:68)
	at com.kms.katalon.core.keyword.internal.KeywordExecutor.executeKeywordForPlatform(KeywordExecutor.groovy:72)
	at com.kms.katalon.core.webui.keyword.WebUiBuiltInKeywords.verifyTextNotPresent(WebUiBuiltInKeywords.groovy:1752)
	at com.kms.katalon.core.webui.keyword.WebUiBuiltInKeywords$verifyTextNotPresent$4.call(Unknown Source)
	at CAT_Setup.run(CAT_Setup:177)
	at com.kms.katalon.core.main.ScriptEngine.run(ScriptEngine.java:194)
	at com.kms.katalon.core.main.ScriptEngine.runScriptAsRawText(ScriptEngine.java:119)
	at com.kms.katalon.core.main.TestCaseExecutor.runScript(TestCaseExecutor.java:337)
	at com.kms.katalon.core.main.TestCaseExecutor.doExecute(TestCaseExecutor.java:328)
	at com.kms.katalon.core.main.TestCaseExecutor.processExecutionPhase(TestCaseExecutor.java:307)
	at com.kms.katalon.core.main.TestCaseExecutor.accessMainPhase(TestCaseExecutor.java:299)
	at com.kms.katalon.core.main.TestCaseExecutor.execute(TestCaseExecutor.java:233)
	at com.kms.katalon.core.main.TestCaseMain.runTestCase(TestCaseMain.java:114)
	at com.kms.katalon.core.keyword.builtin.CallTestCaseKeyword$_callTestCase_closure1.doCall(CallTestCaseKeyword.groovy:59)
	at com.kms.katalon.core.keyword.builtin.CallTestCaseKeyword$_callTestCase_closure1.call(CallTestCaseKeyword.groovy)
	at com.kms.katalon.core.keyword.internal.KeywordMain.runKeyword(KeywordMain.groovy:68)
	at com.kms.katalon.core.keyword.builtin.CallTestCaseKeyword.callTestCase(CallTestCaseKeyword.groovy:81)
	at com.kms.katalon.core.keyword.builtin.CallTestCaseKeyword.execute(CallTestCaseKeyword.groovy:44)
	at com.kms.katalon.core.keyword.internal.KeywordExecutor.executeKeywordForPlatform(KeywordExecutor.groovy:72)
	at com.kms.katalon.core.keyword.BuiltinKeywords.callTestCase(BuiltinKeywords.groovy:334)
	at Trader_Location_Not_Listed.run(Trader_Location_Not_Listed:58)
	at com.kms.katalon.core.main.ScriptEngine.run(ScriptEngine.java:194)
	at com.kms.katalon.core.main.ScriptEngine.runScriptAsRawText(ScriptEngine.java:119)
	at com.kms.katalon.core.main.TestCaseExecutor.runScript(TestCaseExecutor.java:337)
	at com.kms.katalon.core.main.TestCaseExecutor.doExecute(TestCaseExecutor.java:328)
	at com.kms.katalon.core.main.TestCaseExecutor.processExecutionPhase(TestCaseExecutor.java:307)
	at com.kms.katalon.core.main.TestCaseExecutor.accessMainPhase(TestCaseExecutor.java:299)
	at com.kms.katalon.core.main.TestCaseExecutor.execute(TestCaseExecutor.java:233)
	at com.kms.katalon.core.main.TestSuiteExecutor.accessTestCaseMainPhase(TestSuiteExecutor.java:169)
	at com.kms.katalon.core.main.TestSuiteExecutor.accessTestSuiteMainPhase(TestSuiteExecutor.java:142)
	at com.kms.katalon.core.main.TestSuiteExecutor.execute(TestSuiteExecutor.java:91)
	at com.kms.katalon.core.main.TestCaseMain.startTestSuite(TestCaseMain.java:157)
	at com.kms.katalon.core.main.TestCaseMain$startTestSuite$0.call(Unknown Source)
	at TempTestSuite1586947980982.run(TempTestSuite1586947980982.groovy:36)
Caused by: com.kms.katalon.core.exception.StepFailedException: Text 'Cookie Policy' is present on page 
	... 39 more


2020-04-15 12:04:43 - [TEST_STEP][PASSED] - "------------------------------": null

2020-04-15 12:04:43 - [TEST_STEP][PASSED] - " Set Mobile Device Testing    |": null

2020-04-15 12:04:43 - [TEST_STEP][PASSED] - if (Mobile_Flag == "true"): null

2020-04-15 12:04:43 - [TEST_STEP][PASSED] - "------------------------------": null

2020-04-15 12:04:43 - [TEST_STEP][PASSED] - " Set Mobile Device Testing    |": null

2020-04-15 12:04:43 - [TEST_STEP][PASSED] - "------------------------------": null

2020-04-15 12:04:43 - [TEST_STEP][PASSED] - "URL - Set from the ENVIRONMENT PROFILE ": null

2020-04-15 12:04:43 - [TEST_STEP][PASSED] - openBrowser(URL): Browser is opened with url: 'https://www.preview.checkatrade.com/'

2020-04-15 12:04:43 - [MESSAGE][INFO] - Starting 'Firefox' driver

2020-04-15 12:04:43 - [MESSAGE][INFO] - Action delay is set to 0 milliseconds

2020-04-15 12:05:04 - [MESSAGE][PASSED] - Browser is opened with url: 'https://www.preview.checkatrade.com/'

2020-04-15 12:05:04 - [TEST_STEP][PASSED] - maximizeWindow(): Current window maximized

2020-04-15 12:05:04 - [MESSAGE][PASSED] - Current window maximized

2020-04-15 12:05:04 - [TEST_STEP][PASSED] - waitForPageLoad(60): Wait for page load successfully

2020-04-15 12:05:04 - [MESSAGE][PASSED] - Wait for page load successfully

2020-04-15 12:05:04 - [TEST_STEP][PASSED] - "Previous Functionalilty Left Commented For Ease Of reversion": null

2020-04-15 12:05:04 - [TEST_STEP][PASSED] - " Katalon Try/Catches currently have issues? SEE HEADER": null

2020-04-15 12:05:04 - [TEST_STEP][FAILED] - try: Text 'Cookie Policy' is present on page  (Root cause: com.kms.katalon.core.exception.StepFailedException: Text 'Cookie Policy' is present on page 
	at com.kms.katalon.core.webui.keyword.internal.WebUIKeywordMain.stepFailed(WebUIKeywordMain.groovy:64)
	at com.kms.katalon.core.webui.keyword.builtin.VerifyTextNotPresentKeyword$_verifyTextNotPresent_closure1.doCall(VerifyTextNotPresentKeyword.groovy:77)
	at com.kms.katalon.core.webui.keyword.builtin.VerifyTextNotPresentKeyword$_verifyTextNotPresent_closure1.call(VerifyTextNotPresentKeyword.groovy)
	at com.kms.katalon.core.webui.keyword.internal.WebUIKeywordMain.runKeyword(WebUIKeywordMain.groovy:20)
	at com.kms.katalon.core.webui.keyword.builtin.VerifyTextNotPresentKeyword.verifyTextNotPresent(VerifyTextNotPresentKeyword.groovy:82)
	at com.kms.katalon.core.webui.keyword.builtin.VerifyTextNotPresentKeyword.execute(VerifyTextNotPresentKeyword.groovy:68)
	at com.kms.katalon.core.keyword.internal.KeywordExecutor.executeKeywordForPlatform(KeywordExecutor.groovy:72)
	at com.kms.katalon.core.webui.keyword.WebUiBuiltInKeywords.verifyTextNotPresent(WebUiBuiltInKeywords.groovy:1752)
	at com.kms.katalon.core.webui.keyword.WebUiBuiltInKeywords$verifyTextNotPresent$4.call(Unknown Source)
	at CAT_Setup.run(CAT_Setup:177)
	at com.kms.katalon.core.main.ScriptEngine.run(ScriptEngine.java:194)
	at com.kms.katalon.core.main.ScriptEngine.runScriptAsRawText(ScriptEngine.java:119)
	at com.kms.katalon.core.main.TestCaseExecutor.runScript(TestCaseExecutor.java:337)
	at com.kms.katalon.core.main.TestCaseExecutor.doExecute(TestCaseExecutor.java:328)
	at com.kms.katalon.core.main.TestCaseExecutor.processExecutionPhase(TestCaseExecutor.java:307)
	at com.kms.katalon.core.main.TestCaseExecutor.accessMainPhase(TestCaseExecutor.java:299)
	at com.kms.katalon.core.main.TestCaseExecutor.execute(TestCaseExecutor.java:233)
	at com.kms.katalon.core.main.TestCaseMain.runTestCase(TestCaseMain.java:114)
	at com.kms.katalon.core.keyword.builtin.CallTestCaseKeyword$_callTestCase_closure1.doCall(CallTestCaseKeyword.groovy:59)
	at com.kms.katalon.core.keyword.builtin.CallTestCaseKeyword$_callTestCase_closure1.call(CallTestCaseKeyword.groovy)
	at com.kms.katalon.core.keyword.internal.KeywordMain.runKeyword(KeywordMain.groovy:68)
	at com.kms.katalon.core.keyword.builtin.CallTestCaseKeyword.callTestCase(CallTestCaseKeyword.groovy:81)
	at com.kms.katalon.core.keyword.builtin.CallTestCaseKeyword.execute(CallTestCaseKeyword.groovy:44)
	at com.kms.katalon.core.keyword.internal.KeywordExecutor.executeKeywordForPlatform(KeywordExecutor.groovy:72)
	at com.kms.katalon.core.keyword.BuiltinKeywords.callTestCase(BuiltinKeywords.groovy:334)
	at Trader_Location_Not_Listed.run(Trader_Location_Not_Listed:58)
	at com.kms.katalon.core.main.ScriptEngine.run(ScriptEngine.java:194)
	at com.kms.katalon.core.main.ScriptEngine.runScriptAsRawText(ScriptEngine.java:119)
	at com.kms.katalon.core.main.TestCaseExecutor.runScript(TestCaseExecutor.java:337)
	at com.kms.katalon.core.main.TestCaseExecutor.doExecute(TestCaseExecutor.java:328)
	at com.kms.katalon.core.main.TestCaseExecutor.processExecutionPhase(TestCaseExecutor.java:307)
	at com.kms.katalon.core.main.TestCaseExecutor.accessMainPhase(TestCaseExecutor.java:299)
	at com.kms.katalon.core.main.TestCaseExecutor.execute(TestCaseExecutor.java:233)
	at com.kms.katalon.core.main.TestSuiteExecutor.accessTestCaseMainPhase(TestSuiteExecutor.java:169)
	at com.kms.katalon.core.main.TestSuiteExecutor.accessTestSuiteMainPhase(TestSuiteExecutor.java:142)
	at com.kms.katalon.core.main.TestSuiteExecutor.execute(TestSuiteExecutor.java:91)
	at com.kms.katalon.core.main.TestCaseMain.startTestSuite(TestCaseMain.java:157)
	at com.kms.katalon.core.main.TestCaseMain$startTestSuite$0.call(Unknown Source)
	at TempTestSuite1586947980982.run(TempTestSuite1586947980982.groovy:36)
)

2020-04-15 12:05:04 - [TEST_STEP][PASSED] - verifyElementPresent(findTestObject("Object Repository/Cookies/Page_Checkatrade Find a tradesperson you can trust/button_Accept All"), 5, OPTIONAL): Object 'Object Repository/Cookies/Page_Checkatrade Find a tradesperson you can trust/button_Accept All' is present

2020-04-15 12:05:04 - [MESSAGE][PASSED] - Object 'Object Repository/Cookies/Page_Checkatrade Find a tradesperson you can trust/button_Accept All' is present

2020-04-15 12:05:04 - [TEST_STEP][PASSED] - click(findTestObject("Object Repository/Cookies/Page_Checkatrade Find a tradesperson you can trust/button_Accept All"), OPTIONAL): Unable to click on object 'Object Repository/Cookies/Page_Checkatrade Find a tradesperson you can trust/button_Accept All' (Root cause: com.kms.katalon.core.exception.StepFailedException: Unable to click on object 'Object Repository/Cookies/Page_Checkatrade Find a tradesperson you can trust/button_Accept All'
	at com.kms.katalon.core.webui.keyword.internal.WebUIKeywordMain.stepFailed(WebUIKeywordMain.groovy:64)
	at com.kms.katalon.core.webui.keyword.internal.WebUIKeywordMain.runKeyword(WebUIKeywordMain.groovy:26)
	at com.kms.katalon.core.webui.keyword.builtin.ClickKeyword.click(ClickKeyword.groovy:76)
	at com.kms.katalon.core.webui.keyword.builtin.ClickKeyword.execute(ClickKeyword.groovy:43)
	at com.kms.katalon.core.keyword.internal.KeywordExecutor.executeKeywordForPlatform(KeywordExecutor.groovy:72)
	at com.kms.katalon.core.webui.keyword.WebUiBuiltInKeywords.click(WebUiBuiltInKeywords.groovy:604)
	at com.kms.katalon.core.webui.keyword.WebUiBuiltInKeywords$click$3.call(Unknown Source)
	at CAT_Setup.run(CAT_Setup:160)
	at com.kms.katalon.core.main.ScriptEngine.run(ScriptEngine.java:194)
	at com.kms.katalon.core.main.ScriptEngine.runScriptAsRawText(ScriptEngine.java:119)
	at com.kms.katalon.core.main.TestCaseExecutor.runScript(TestCaseExecutor.java:337)
	at com.kms.katalon.core.main.TestCaseExecutor.doExecute(TestCaseExecutor.java:328)
	at com.kms.katalon.core.main.TestCaseExecutor.processExecutionPhase(TestCaseExecutor.java:307)
	at com.kms.katalon.core.main.TestCaseExecutor.accessMainPhase(TestCaseExecutor.java:299)
	at com.kms.katalon.core.main.TestCaseExecutor.execute(TestCaseExecutor.java:233)
	at com.kms.katalon.core.main.TestCaseMain.runTestCase(TestCaseMain.java:114)
	at com.kms.katalon.core.keyword.builtin.CallTestCaseKeyword$_callTestCase_closure1.doCall(CallTestCaseKeyword.groovy:59)
	at com.kms.katalon.core.keyword.builtin.CallTestCaseKeyword$_callTestCase_closure1.call(CallTestCaseKeyword.groovy)
	at com.kms.katalon.core.keyword.internal.KeywordMain.runKeyword(KeywordMain.groovy:68)
	at com.kms.katalon.core.keyword.builtin.CallTestCaseKeyword.callTestCase(CallTestCaseKeyword.groovy:81)
	at com.kms.katalon.core.keyword.builtin.CallTestCaseKeyword.execute(CallTestCaseKeyword.groovy:44)
	at com.kms.katalon.core.keyword.internal.KeywordExecutor.executeKeywordForPlatform(KeywordExecutor.groovy:72)
	at com.kms.katalon.core.keyword.BuiltinKeywords.callTestCase(BuiltinKeywords.groovy:334)
	at Trader_Location_Not_Listed.run(Trader_Location_Not_Listed:58)
	at com.kms.katalon.core.main.ScriptEngine.run(ScriptEngine.java:194)
	at com.kms.katalon.core.main.ScriptEngine.runScriptAsRawText(ScriptEngine.java:119)
	at com.kms.katalon.core.main.TestCaseExecutor.runScript(TestCaseExecutor.java:337)
	at com.kms.katalon.core.main.TestCaseExecutor.doExecute(TestCaseExecutor.java:328)
	at com.kms.katalon.core.main.TestCaseExecutor.processExecutionPhase(TestCaseExecutor.java:307)
	at com.kms.katalon.core.main.TestCaseExecutor.accessMainPhase(TestCaseExecutor.java:299)
	at com.kms.katalon.core.main.TestCaseExecutor.execute(TestCaseExecutor.java:233)
	at com.kms.katalon.core.main.TestSuiteExecutor.accessTestCaseMainPhase(TestSuiteExecutor.java:169)
	at com.kms.katalon.core.main.TestSuiteExecutor.accessTestSuiteMainPhase(TestSuiteExecutor.java:142)
	at com.kms.katalon.core.main.TestSuiteExecutor.execute(TestSuiteExecutor.java:91)
	at com.kms.katalon.core.main.TestCaseMain.startTestSuite(TestCaseMain.java:157)
	at com.kms.katalon.core.main.TestCaseMain$startTestSuite$0.call(Unknown Source)
	at TempTestSuite1586947980982.run(TempTestSuite1586947980982.groovy:36)
Caused by: org.openqa.selenium.ElementNotInteractableException: Element <button class="optanon-allow-all accept-cookies-button"> could not be scrolled into view
Build info: version: '3.141.59', revision: 'e82be7d358', time: '2018-11-14T08:25:53'
System info: host: 'VETTEDSP36RF', ip: '192.168.1.238', os.name: 'Windows 10', os.arch: 'x86', os.version: '10.0', java.version: '1.8.0_181'
Driver info: com.kms.katalon.core.webui.driver.firefox.CGeckoDriver
Capabilities {acceptInsecureCerts: true, browserName: firefox, browserVersion: 74.0.1, javascriptEnabled: true, moz:accessibilityChecks: false, moz:buildID: 20200403064753, moz:geckodriverVersion: 0.24.0, moz:headless: false, moz:processID: 13768, moz:profile: C:\Users\davidho\AppData\Lo..., moz:shutdownTimeout: 60000, moz:useNonSpecCompliantPointerOrigin: false, moz:webdriverClick: true, pageLoadStrategy: normal, platform: WINDOWS, platformName: WINDOWS, platformVersion: 10.0, proxy: Proxy(direct), rotatable: false, setWindowRect: true, strictFileInteractability: false, timeouts: {implicit: 0, pageLoad: 300000, script: 30000}, unhandledPromptBehavior: dismiss and notify}
Session ID: 30b84544-e279-4e36-ae58-1f3ae077ecec
	at org.openqa.selenium.remote.http.W3CHttpResponseCodec.createException(W3CHttpResponseCodec.java:187)
	at org.openqa.selenium.remote.http.W3CHttpResponseCodec.decode(W3CHttpResponseCodec.java:122)
	at org.openqa.selenium.remote.http.W3CHttpResponseCodec.decode(W3CHttpResponseCodec.java:49)
	at org.openqa.selenium.remote.HttpCommandExecutor.execute(HttpCommandExecutor.java:158)
	at org.openqa.selenium.remote.service.DriverCommandExecutor.execute(DriverCommandExecutor.java:83)
	at org.openqa.selenium.remote.RemoteWebDriver.execute(RemoteWebDriver.java:552)
	at com.kms.katalon.selenium.driver.CFirefoxDriver.execute(CFirefoxDriver.java:27)
	at org.openqa.selenium.remote.RemoteWebElement.execute(RemoteWebElement.java:285)
	at org.openqa.selenium.remote.RemoteWebElement.click(RemoteWebElement.java:84)
	at org.openqa.selenium.support.events.EventFiringWebDriver$EventFiringWebElement.lambda$new$0(EventFiringWebDriver.java:404)
	at com.sun.proxy.$Proxy9.click(Unknown Source)
	at org.openqa.selenium.support.events.EventFiringWebDriver$EventFiringWebElement.click(EventFiringWebDriver.java:417)
	at com.kms.katalon.core.webui.keyword.builtin.ClickKeyword$_click_closure1.doCall(ClickKeyword.groovy:69)
	at com.kms.katalon.core.webui.keyword.builtin.ClickKeyword$_click_closure1.call(ClickKeyword.groovy)
	at com.kms.katalon.core.webui.keyword.internal.WebUIKeywordMain.runKeyword(WebUIKeywordMain.groovy:20)
	at com.kms.katalon.core.webui.keyword.builtin.ClickKeyword.click(ClickKeyword.groovy:76)
	at com.kms.katalon.core.webui.keyword.builtin.ClickKeyword.execute(ClickKeyword.groovy:43)
	at com.kms.katalon.core.keyword.internal.KeywordExecutor.executeKeywordForPlatform(KeywordExecutor.groovy:72)
	at com.kms.katalon.core.webui.keyword.WebUiBuiltInKeywords.click(WebUiBuiltInKeywords.groovy:604)
	at com.kms.katalon.core.webui.keyword.WebUiBuiltInKeywords$click$3.call(Unknown Source)
	at Script1566310608953.run(Script1566310608953.groovy:160)
	at com.kms.katalon.core.main.ScriptEngine.run(ScriptEngine.java:194)
	at com.kms.katalon.core.main.ScriptEngine.runScriptAsRawText(ScriptEngine.java:119)
	at com.kms.katalon.core.main.TestCaseExecutor.runScript(TestCaseExecutor.java:337)
	at com.kms.katalon.core.main.TestCaseExecutor.doExecute(TestCaseExecutor.java:328)
	at com.kms.katalon.core.main.TestCaseExecutor.processExecutionPhase(TestCaseExecutor.java:307)
	at com.kms.katalon.core.main.TestCaseExecutor.accessMainPhase(TestCaseExecutor.java:299)
	at com.kms.katalon.core.main.TestCaseExecutor.execute(TestCaseExecutor.java:233)
	at com.kms.katalon.core.main.TestCaseMain.runTestCase(TestCaseMain.java:114)
	at com.kms.katalon.core.keyword.builtin.CallTestCaseKeyword$_callTestCase_closure1.doCall(CallTestCaseKeyword.groovy:59)
	at com.kms.katalon.core.keyword.builtin.CallTestCaseKeyword$_callTestCase_closure1.call(CallTestCaseKeyword.groovy)
	at com.kms.katalon.core.keyword.internal.KeywordMain.runKeyword(KeywordMain.groovy:68)
	at com.kms.katalon.core.keyword.builtin.CallTestCaseKeyword.callTestCase(CallTestCaseKeyword.groovy:81)
	at com.kms.katalon.core.keyword.builtin.CallTestCaseKeyword.execute(CallTestCaseKeyword.groovy:44)
	at com.kms.katalon.core.keyword.internal.KeywordExecutor.executeKeywordForPlatform(KeywordExecutor.groovy:72)
	at com.kms.katalon.core.keyword.BuiltinKeywords.callTestCase(BuiltinKeywords.groovy:334)
	at Script1582800896746.run(Script1582800896746.groovy:58)
	... 13 more
)

2020-04-15 12:05:04 - [MESSAGE][WARNING] - Unable to click on object 'Object Repository/Cookies/Page_Checkatrade Find a tradesperson you can trust/button_Accept All' (Root cause: com.kms.katalon.core.exception.StepFailedException: Unable to click on object 'Object Repository/Cookies/Page_Checkatrade Find a tradesperson you can trust/button_Accept All'
	at com.kms.katalon.core.webui.keyword.internal.WebUIKeywordMain.stepFailed(WebUIKeywordMain.groovy:64)
	at com.kms.katalon.core.webui.keyword.internal.WebUIKeywordMain.runKeyword(WebUIKeywordMain.groovy:26)
	at com.kms.katalon.core.webui.keyword.builtin.ClickKeyword.click(ClickKeyword.groovy:76)
	at com.kms.katalon.core.webui.keyword.builtin.ClickKeyword.execute(ClickKeyword.groovy:43)
	at com.kms.katalon.core.keyword.internal.KeywordExecutor.executeKeywordForPlatform(KeywordExecutor.groovy:72)
	at com.kms.katalon.core.webui.keyword.WebUiBuiltInKeywords.click(WebUiBuiltInKeywords.groovy:604)
	at com.kms.katalon.core.webui.keyword.WebUiBuiltInKeywords$click$3.call(Unknown Source)
	at CAT_Setup.run(CAT_Setup:160)
	at com.kms.katalon.core.main.ScriptEngine.run(ScriptEngine.java:194)
	at com.kms.katalon.core.main.ScriptEngine.runScriptAsRawText(ScriptEngine.java:119)
	at com.kms.katalon.core.main.TestCaseExecutor.runScript(TestCaseExecutor.java:337)
	at com.kms.katalon.core.main.TestCaseExecutor.doExecute(TestCaseExecutor.java:328)
	at com.kms.katalon.core.main.TestCaseExecutor.processExecutionPhase(TestCaseExecutor.java:307)
	at com.kms.katalon.core.main.TestCaseExecutor.accessMainPhase(TestCaseExecutor.java:299)
	at com.kms.katalon.core.main.TestCaseExecutor.execute(TestCaseExecutor.java:233)
	at com.kms.katalon.core.main.TestCaseMain.runTestCase(TestCaseMain.java:114)
	at com.kms.katalon.core.keyword.builtin.CallTestCaseKeyword$_callTestCase_closure1.doCall(CallTestCaseKeyword.groovy:59)
	at com.kms.katalon.core.keyword.builtin.CallTestCaseKeyword$_callTestCase_closure1.call(CallTestCaseKeyword.groovy)
	at com.kms.katalon.core.keyword.internal.KeywordMain.runKeyword(KeywordMain.groovy:68)
	at com.kms.katalon.core.keyword.builtin.CallTestCaseKeyword.callTestCase(CallTestCaseKeyword.groovy:81)
	at com.kms.katalon.core.keyword.builtin.CallTestCaseKeyword.execute(CallTestCaseKeyword.groovy:44)
	at com.kms.katalon.core.keyword.internal.KeywordExecutor.executeKeywordForPlatform(KeywordExecutor.groovy:72)
	at com.kms.katalon.core.keyword.BuiltinKeywords.callTestCase(BuiltinKeywords.groovy:334)
	at Trader_Location_Not_Listed.run(Trader_Location_Not_Listed:58)
	at com.kms.katalon.core.main.ScriptEngine.run(ScriptEngine.java:194)
	at com.kms.katalon.core.main.ScriptEngine.runScriptAsRawText(ScriptEngine.java:119)
	at com.kms.katalon.core.main.TestCaseExecutor.runScript(TestCaseExecutor.java:337)
	at com.kms.katalon.core.main.TestCaseExecutor.doExecute(TestCaseExecutor.java:328)
	at com.kms.katalon.core.main.TestCaseExecutor.processExecutionPhase(TestCaseExecutor.java:307)
	at com.kms.katalon.core.main.TestCaseExecutor.accessMainPhase(TestCaseExecutor.java:299)
	at com.kms.katalon.core.main.TestCaseExecutor.execute(TestCaseExecutor.java:233)
	at com.kms.katalon.core.main.TestSuiteExecutor.accessTestCaseMainPhase(TestSuiteExecutor.java:169)
	at com.kms.katalon.core.main.TestSuiteExecutor.accessTestSuiteMainPhase(TestSuiteExecutor.java:142)
	at com.kms.katalon.core.main.TestSuiteExecutor.execute(TestSuiteExecutor.java:91)
	at com.kms.katalon.core.main.TestCaseMain.startTestSuite(TestCaseMain.java:157)
	at com.kms.katalon.core.main.TestCaseMain$startTestSuite$0.call(Unknown Source)
	at TempTestSuite1586947980982.run(TempTestSuite1586947980982.groovy:36)
Caused by: org.openqa.selenium.ElementNotInteractableException: Element <button class="optanon-allow-all accept-cookies-button"> could not be scrolled into view
Build info: version: '3.141.59', revision: 'e82be7d358', time: '2018-11-14T08:25:53'
System info: host: 'VETTEDSP36RF', ip: '192.168.1.238', os.name: 'Windows 10', os.arch: 'x86', os.version: '10.0', java.version: '1.8.0_181'
Driver info: com.kms.katalon.core.webui.driver.firefox.CGeckoDriver
Capabilities {acceptInsecureCerts: true, browserName: firefox, browserVersion: 74.0.1, javascriptEnabled: true, moz:accessibilityChecks: false, moz:buildID: 20200403064753, moz:geckodriverVersion: 0.24.0, moz:headless: false, moz:processID: 13768, moz:profile: C:\Users\davidho\AppData\Lo..., moz:shutdownTimeout: 60000, moz:useNonSpecCompliantPointerOrigin: false, moz:webdriverClick: true, pageLoadStrategy: normal, platform: WINDOWS, platformName: WINDOWS, platformVersion: 10.0, proxy: Proxy(direct), rotatable: false, setWindowRect: true, strictFileInteractability: false, timeouts: {implicit: 0, pageLoad: 300000, script: 30000}, unhandledPromptBehavior: dismiss and notify}
Session ID: 30b84544-e279-4e36-ae58-1f3ae077ecec
	at org.openqa.selenium.remote.http.W3CHttpResponseCodec.createException(W3CHttpResponseCodec.java:187)
	at org.openqa.selenium.remote.http.W3CHttpResponseCodec.decode(W3CHttpResponseCodec.java:122)
	at org.openqa.selenium.remote.http.W3CHttpResponseCodec.decode(W3CHttpResponseCodec.java:49)
	at org.openqa.selenium.remote.HttpCommandExecutor.execute(HttpCommandExecutor.java:158)
	at org.openqa.selenium.remote.service.DriverCommandExecutor.execute(DriverCommandExecutor.java:83)
	at org.openqa.selenium.remote.RemoteWebDriver.execute(RemoteWebDriver.java:552)
	at com.kms.katalon.selenium.driver.CFirefoxDriver.execute(CFirefoxDriver.java:27)
	at org.openqa.selenium.remote.RemoteWebElement.execute(RemoteWebElement.java:285)
	at org.openqa.selenium.remote.RemoteWebElement.click(RemoteWebElement.java:84)
	at org.openqa.selenium.support.events.EventFiringWebDriver$EventFiringWebElement.lambda$new$0(EventFiringWebDriver.java:404)
	at com.sun.proxy.$Proxy9.click(Unknown Source)
	at org.openqa.selenium.support.events.EventFiringWebDriver$EventFiringWebElement.click(EventFiringWebDriver.java:417)
	at com.kms.katalon.core.webui.keyword.builtin.ClickKeyword$_click_closure1.doCall(ClickKeyword.groovy:69)
	at com.kms.katalon.core.webui.keyword.builtin.ClickKeyword$_click_closure1.call(ClickKeyword.groovy)
	at com.kms.katalon.core.webui.keyword.internal.WebUIKeywordMain.runKeyword(WebUIKeywordMain.groovy:20)
	at com.kms.katalon.core.webui.keyword.builtin.ClickKeyword.click(ClickKeyword.groovy:76)
	at com.kms.katalon.core.webui.keyword.builtin.ClickKeyword.execute(ClickKeyword.groovy:43)
	at com.kms.katalon.core.keyword.internal.KeywordExecutor.executeKeywordForPlatform(KeywordExecutor.groovy:72)
	at com.kms.katalon.core.webui.keyword.WebUiBuiltInKeywords.click(WebUiBuiltInKeywords.groovy:604)
	at com.kms.katalon.core.webui.keyword.WebUiBuiltInKeywords$click$3.call(Unknown Source)
	at Script1566310608953.run(Script1566310608953.groovy:160)
	at com.kms.katalon.core.main.ScriptEngine.run(ScriptEngine.java:194)
	at com.kms.katalon.core.main.ScriptEngine.runScriptAsRawText(ScriptEngine.java:119)
	at com.kms.katalon.core.main.TestCaseExecutor.runScript(TestCaseExecutor.java:337)
	at com.kms.katalon.core.main.TestCaseExecutor.doExecute(TestCaseExecutor.java:328)
	at com.kms.katalon.core.main.TestCaseExecutor.processExecutionPhase(TestCaseExecutor.java:307)
	at com.kms.katalon.core.main.TestCaseExecutor.accessMainPhase(TestCaseExecutor.java:299)
	at com.kms.katalon.core.main.TestCaseExecutor.execute(TestCaseExecutor.java:233)
	at com.kms.katalon.core.main.TestCaseMain.runTestCase(TestCaseMain.java:114)
	at com.kms.katalon.core.keyword.builtin.CallTestCaseKeyword$_callTestCase_closure1.doCall(CallTestCaseKeyword.groovy:59)
	at com.kms.katalon.core.keyword.builtin.CallTestCaseKeyword$_callTestCase_closure1.call(CallTestCaseKeyword.groovy)
	at com.kms.katalon.core.keyword.internal.KeywordMain.runKeyword(KeywordMain.groovy:68)
	at com.kms.katalon.core.keyword.builtin.CallTestCaseKeyword.callTestCase(CallTestCaseKeyword.groovy:81)
	at com.kms.katalon.core.keyword.builtin.CallTestCaseKeyword.execute(CallTestCaseKeyword.groovy:44)
	at com.kms.katalon.core.keyword.internal.KeywordExecutor.executeKeywordForPlatform(KeywordExecutor.groovy:72)
	at com.kms.katalon.core.keyword.BuiltinKeywords.callTestCase(BuiltinKeywords.groovy:334)
	at Script1582800896746.run(Script1582800896746.groovy:58)
	... 13 more
)
[[ATTACHMENT|C:\\Users\\davidho\\git\\src\\Reports\\20200415_115255\\Trade_Location_Multiple_Search\\20200415_115300\\1586948704775.png]]

2020-04-15 12:05:04 - [TEST_STEP][PASSED] - "---------------------------------": null

2020-04-15 12:05:04 - [TEST_STEP][PASSED] - "COOKIE POPOUT REMOVED - Confirmed": null

2020-04-15 12:05:04 - [TEST_STEP][PASSED] - delay(1): Delayed 1 second(s)

2020-04-15 12:05:05 - [MESSAGE][PASSED] - Delayed 1 second(s)

2020-04-15 12:05:05 - [TEST_STEP][PASSED] - verifyTextNotPresent("We use cookies to personalise content and ads, to provide social media features and to analyse our traffic", false): Text 'We use cookies to personalise content and ads, to provide social media features and to analyse our traffic' is not present on page

2020-04-15 12:05:06 - [MESSAGE][PASSED] - Text 'We use cookies to personalise content and ads, to provide social media features and to analyse our traffic' is not present on page

2020-04-15 12:05:06 - [TEST_STEP][PASSED] - verifyTextNotPresent(" We also share information about your use of our site with our social media, advertising and analytics partners", false): Text ' We also share information about your use of our site with our social media, advertising and analytics partners' is not present on page

2020-04-15 12:05:06 - [MESSAGE][PASSED] - Text ' We also share information about your use of our site with our social media, advertising and analytics partners' is not present on page

2020-04-15 12:05:06 - [TEST_STEP][FAILED] - verifyTextNotPresent("Cookie Policy", false): Text 'Cookie Policy' is present on page  (Root cause: com.kms.katalon.core.exception.StepFailedException: Text 'Cookie Policy' is present on page 
	at com.kms.katalon.core.webui.keyword.internal.WebUIKeywordMain.stepFailed(WebUIKeywordMain.groovy:64)
	at com.kms.katalon.core.webui.keyword.builtin.VerifyTextNotPresentKeyword$_verifyTextNotPresent_closure1.doCall(VerifyTextNotPresentKeyword.groovy:77)
	at com.kms.katalon.core.webui.keyword.builtin.VerifyTextNotPresentKeyword$_verifyTextNotPresent_closure1.call(VerifyTextNotPresentKeyword.groovy)
	at com.kms.katalon.core.webui.keyword.internal.WebUIKeywordMain.runKeyword(WebUIKeywordMain.groovy:20)
	at com.kms.katalon.core.webui.keyword.builtin.VerifyTextNotPresentKeyword.verifyTextNotPresent(VerifyTextNotPresentKeyword.groovy:82)
	at com.kms.katalon.core.webui.keyword.builtin.VerifyTextNotPresentKeyword.execute(VerifyTextNotPresentKeyword.groovy:68)
	at com.kms.katalon.core.keyword.internal.KeywordExecutor.executeKeywordForPlatform(KeywordExecutor.groovy:72)
	at com.kms.katalon.core.webui.keyword.WebUiBuiltInKeywords.verifyTextNotPresent(WebUiBuiltInKeywords.groovy:1752)
	at com.kms.katalon.core.webui.keyword.WebUiBuiltInKeywords$verifyTextNotPresent$4.call(Unknown Source)
	at CAT_Setup.run(CAT_Setup:177)
	at com.kms.katalon.core.main.ScriptEngine.run(ScriptEngine.java:194)
	at com.kms.katalon.core.main.ScriptEngine.runScriptAsRawText(ScriptEngine.java:119)
	at com.kms.katalon.core.main.TestCaseExecutor.runScript(TestCaseExecutor.java:337)
	at com.kms.katalon.core.main.TestCaseExecutor.doExecute(TestCaseExecutor.java:328)
	at com.kms.katalon.core.main.TestCaseExecutor.processExecutionPhase(TestCaseExecutor.java:307)
	at com.kms.katalon.core.main.TestCaseExecutor.accessMainPhase(TestCaseExecutor.java:299)
	at com.kms.katalon.core.main.TestCaseExecutor.execute(TestCaseExecutor.java:233)
	at com.kms.katalon.core.main.TestCaseMain.runTestCase(TestCaseMain.java:114)
	at com.kms.katalon.core.keyword.builtin.CallTestCaseKeyword$_callTestCase_closure1.doCall(CallTestCaseKeyword.groovy:59)
	at com.kms.katalon.core.keyword.builtin.CallTestCaseKeyword$_callTestCase_closure1.call(CallTestCaseKeyword.groovy)
	at com.kms.katalon.core.keyword.internal.KeywordMain.runKeyword(KeywordMain.groovy:68)
	at com.kms.katalon.core.keyword.builtin.CallTestCaseKeyword.callTestCase(CallTestCaseKeyword.groovy:81)
	at com.kms.katalon.core.keyword.builtin.CallTestCaseKeyword.execute(CallTestCaseKeyword.groovy:44)
	at com.kms.katalon.core.keyword.internal.KeywordExecutor.executeKeywordForPlatform(KeywordExecutor.groovy:72)
	at com.kms.katalon.core.keyword.BuiltinKeywords.callTestCase(BuiltinKeywords.groovy:334)
	at Trader_Location_Not_Listed.run(Trader_Location_Not_Listed:58)
	at com.kms.katalon.core.main.ScriptEngine.run(ScriptEngine.java:194)
	at com.kms.katalon.core.main.ScriptEngine.runScriptAsRawText(ScriptEngine.java:119)
	at com.kms.katalon.core.main.TestCaseExecutor.runScript(TestCaseExecutor.java:337)
	at com.kms.katalon.core.main.TestCaseExecutor.doExecute(TestCaseExecutor.java:328)
	at com.kms.katalon.core.main.TestCaseExecutor.processExecutionPhase(TestCaseExecutor.java:307)
	at com.kms.katalon.core.main.TestCaseExecutor.accessMainPhase(TestCaseExecutor.java:299)
	at com.kms.katalon.core.main.TestCaseExecutor.execute(TestCaseExecutor.java:233)
	at com.kms.katalon.core.main.TestSuiteExecutor.accessTestCaseMainPhase(TestSuiteExecutor.java:169)
	at com.kms.katalon.core.main.TestSuiteExecutor.accessTestSuiteMainPhase(TestSuiteExecutor.java:142)
	at com.kms.katalon.core.main.TestSuiteExecutor.execute(TestSuiteExecutor.java:91)
	at com.kms.katalon.core.main.TestCaseMain.startTestSuite(TestCaseMain.java:157)
	at com.kms.katalon.core.main.TestCaseMain$startTestSuite$0.call(Unknown Source)
	at TempTestSuite1586947980982.run(TempTestSuite1586947980982.groovy:36)
)

2020-04-15 12:05:06 - [MESSAGE][FAILED] - Text 'Cookie Policy' is present on page  (Root cause: com.kms.katalon.core.exception.StepFailedException: Text 'Cookie Policy' is present on page 
	at com.kms.katalon.core.webui.keyword.internal.WebUIKeywordMain.stepFailed(WebUIKeywordMain.groovy:64)
	at com.kms.katalon.core.webui.keyword.builtin.VerifyTextNotPresentKeyword$_verifyTextNotPresent_closure1.doCall(VerifyTextNotPresentKeyword.groovy:77)
	at com.kms.katalon.core.webui.keyword.builtin.VerifyTextNotPresentKeyword$_verifyTextNotPresent_closure1.call(VerifyTextNotPresentKeyword.groovy)
	at com.kms.katalon.core.webui.keyword.internal.WebUIKeywordMain.runKeyword(WebUIKeywordMain.groovy:20)
	at com.kms.katalon.core.webui.keyword.builtin.VerifyTextNotPresentKeyword.verifyTextNotPresent(VerifyTextNotPresentKeyword.groovy:82)
	at com.kms.katalon.core.webui.keyword.builtin.VerifyTextNotPresentKeyword.execute(VerifyTextNotPresentKeyword.groovy:68)
	at com.kms.katalon.core.keyword.internal.KeywordExecutor.executeKeywordForPlatform(KeywordExecutor.groovy:72)
	at com.kms.katalon.core.webui.keyword.WebUiBuiltInKeywords.verifyTextNotPresent(WebUiBuiltInKeywords.groovy:1752)
	at com.kms.katalon.core.webui.keyword.WebUiBuiltInKeywords$verifyTextNotPresent$4.call(Unknown Source)
	at CAT_Setup.run(CAT_Setup:177)
	at com.kms.katalon.core.main.ScriptEngine.run(ScriptEngine.java:194)
	at com.kms.katalon.core.main.ScriptEngine.runScriptAsRawText(ScriptEngine.java:119)
	at com.kms.katalon.core.main.TestCaseExecutor.runScript(TestCaseExecutor.java:337)
	at com.kms.katalon.core.main.TestCaseExecutor.doExecute(TestCaseExecutor.java:328)
	at com.kms.katalon.core.main.TestCaseExecutor.processExecutionPhase(TestCaseExecutor.java:307)
	at com.kms.katalon.core.main.TestCaseExecutor.accessMainPhase(TestCaseExecutor.java:299)
	at com.kms.katalon.core.main.TestCaseExecutor.execute(TestCaseExecutor.java:233)
	at com.kms.katalon.core.main.TestCaseMain.runTestCase(TestCaseMain.java:114)
	at com.kms.katalon.core.keyword.builtin.CallTestCaseKeyword$_callTestCase_closure1.doCall(CallTestCaseKeyword.groovy:59)
	at com.kms.katalon.core.keyword.builtin.CallTestCaseKeyword$_callTestCase_closure1.call(CallTestCaseKeyword.groovy)
	at com.kms.katalon.core.keyword.internal.KeywordMain.runKeyword(KeywordMain.groovy:68)
	at com.kms.katalon.core.keyword.builtin.CallTestCaseKeyword.callTestCase(CallTestCaseKeyword.groovy:81)
	at com.kms.katalon.core.keyword.builtin.CallTestCaseKeyword.execute(CallTestCaseKeyword.groovy:44)
	at com.kms.katalon.core.keyword.internal.KeywordExecutor.executeKeywordForPlatform(KeywordExecutor.groovy:72)
	at com.kms.katalon.core.keyword.BuiltinKeywords.callTestCase(BuiltinKeywords.groovy:334)
	at Trader_Location_Not_Listed.run(Trader_Location_Not_Listed:58)
	at com.kms.katalon.core.main.ScriptEngine.run(ScriptEngine.java:194)
	at com.kms.katalon.core.main.ScriptEngine.runScriptAsRawText(ScriptEngine.java:119)
	at com.kms.katalon.core.main.TestCaseExecutor.runScript(TestCaseExecutor.java:337)
	at com.kms.katalon.core.main.TestCaseExecutor.doExecute(TestCaseExecutor.java:328)
	at com.kms.katalon.core.main.TestCaseExecutor.processExecutionPhase(TestCaseExecutor.java:307)
	at com.kms.katalon.core.main.TestCaseExecutor.accessMainPhase(TestCaseExecutor.java:299)
	at com.kms.katalon.core.main.TestCaseExecutor.execute(TestCaseExecutor.java:233)
	at com.kms.katalon.core.main.TestSuiteExecutor.accessTestCaseMainPhase(TestSuiteExecutor.java:169)
	at com.kms.katalon.core.main.TestSuiteExecutor.accessTestSuiteMainPhase(TestSuiteExecutor.java:142)
	at com.kms.katalon.core.main.TestSuiteExecutor.execute(TestSuiteExecutor.java:91)
	at com.kms.katalon.core.main.TestCaseMain.startTestSuite(TestCaseMain.java:157)
	at com.kms.katalon.core.main.TestCaseMain$startTestSuite$0.call(Unknown Source)
	at TempTestSuite1586947980982.run(TempTestSuite1586947980982.groovy:36)
)

2020-04-15 12:05:06 - [TEST_STEP][PASSED] - waitForPageLoad(60): Wait for page load successfully

2020-04-15 12:05:06 - [MESSAGE][PASSED] - Wait for page load successfully

2020-04-15 12:05:06 - [TEST_STEP][PASSED] - "COOKIE - ORIGINAL": null

2020-04-15 12:05:06 - [TEST_STEP][PASSED] - if (waitForElementVisible(findTestObject("Object Repository/Feedback/Page_Checkatrade Give your feedback/input_Member_to_Review"), 5)): Web element with id: 'Object Repository/Feedback/Page_Checkatrade Give your feedback/input_Member_to_Review' located by 'By.xpath: //input[@id='feedback-form__company_autocomplete_input']' not found

2020-04-15 12:05:11 - [MESSAGE][INFO] - Unable to find the element located by 'By.xpath: //input[@id='feedback-form__company_autocomplete_input']'. Please recheck the objects properties to make sure the desired element is located. 

2020-04-15 12:05:11 - [MESSAGE][WARNING] - Web element with id: 'Object Repository/Feedback/Page_Checkatrade Give your feedback/input_Member_to_Review' located by 'By.xpath: //input[@id='feedback-form__company_autocomplete_input']' not found

2020-04-15 12:05:11 - [TEST_STEP][PASSED] - else: The <<<OLD>>> Website was detected by the STARTUP Process

2020-04-15 12:05:11 - [TEST_STEP][PASSED] - if (!(verifyElementVisible(findTestObject("Object Repository/Checkatrade_Trade_Search_Page/Page_Checkatrade Find a tradesperson you can trust/input_Search_Button_FF")))): Object 'Object Repository/Checkatrade_Trade_Search_Page/Page_Checkatrade Find a tradesperson you can trust/input_Search_Button_FF' is visible

2020-04-15 12:05:12 - [MESSAGE][PASSED] - Object 'Object Repository/Checkatrade_Trade_Search_Page/Page_Checkatrade Find a tradesperson you can trust/input_Search_Button_FF' is visible

2020-04-15 12:05:12 - [TEST_STEP][PASSED] - else: The <<<OLD>>> Website was detected by the STARTUP Process

2020-04-15 12:05:12 - [TEST_STEP][PASSED] - Website_Version = "old": null

2020-04-15 12:05:12 - [TEST_STEP][PASSED] - logInfo("The <<<OLD>>> Website was detected by the STARTUP Process"): The <<<OLD>>> Website was detected by the STARTUP Process

2020-04-15 12:05:12 - [MESSAGE][INFO] - The <<<OLD>>> Website was detected by the STARTUP Process

2020-04-15 12:05:12 - [MESSAGE][FAILED] - Unable to call Test Case 'Test Cases/Reusable_Test_Sequences/CAT_Setup' (Root cause: com.kms.katalon.core.exception.StepFailedException: Call Test Case 'Test Cases/Reusable_Test_Sequences/CAT_Setup' failed
	at com.kms.katalon.core.keyword.builtin.CallTestCaseKeyword$_callTestCase_closure1.doCall(CallTestCaseKeyword.groovy:63)
	at com.kms.katalon.core.keyword.builtin.CallTestCaseKeyword$_callTestCase_closure1.call(CallTestCaseKeyword.groovy)
	at com.kms.katalon.core.keyword.internal.KeywordMain.runKeyword(KeywordMain.groovy:68)
	at com.kms.katalon.core.keyword.builtin.CallTestCaseKeyword.callTestCase(CallTestCaseKeyword.groovy:81)
	at com.kms.katalon.core.keyword.builtin.CallTestCaseKeyword.execute(CallTestCaseKeyword.groovy:44)
	at com.kms.katalon.core.keyword.internal.KeywordExecutor.executeKeywordForPlatform(KeywordExecutor.groovy:72)
	at com.kms.katalon.core.keyword.BuiltinKeywords.callTestCase(BuiltinKeywords.groovy:334)
	at Trader_Location_Not_Listed.run(Trader_Location_Not_Listed:58)
	at com.kms.katalon.core.main.ScriptEngine.run(ScriptEngine.java:194)
	at com.kms.katalon.core.main.ScriptEngine.runScriptAsRawText(ScriptEngine.java:119)
	at com.kms.katalon.core.main.TestCaseExecutor.runScript(TestCaseExecutor.java:337)
	at com.kms.katalon.core.main.TestCaseExecutor.doExecute(TestCaseExecutor.java:328)
	at com.kms.katalon.core.main.TestCaseExecutor.processExecutionPhase(TestCaseExecutor.java:307)
	at com.kms.katalon.core.main.TestCaseExecutor.accessMainPhase(TestCaseExecutor.java:299)
	at com.kms.katalon.core.main.TestCaseExecutor.execute(TestCaseExecutor.java:233)
	at com.kms.katalon.core.main.TestSuiteExecutor.accessTestCaseMainPhase(TestSuiteExecutor.java:169)
	at com.kms.katalon.core.main.TestSuiteExecutor.accessTestSuiteMainPhase(TestSuiteExecutor.java:142)
	at com.kms.katalon.core.main.TestSuiteExecutor.execute(TestSuiteExecutor.java:91)
	at com.kms.katalon.core.main.TestCaseMain.startTestSuite(TestCaseMain.java:157)
	at com.kms.katalon.core.main.TestCaseMain$startTestSuite$0.call(Unknown Source)
	at TempTestSuite1586947980982.run(TempTestSuite1586947980982.groovy:36)
Caused by: com.kms.katalon.core.exception.StepFailedException: Text 'Cookie Policy' is present on page  (Root cause: com.kms.katalon.core.exception.StepFailedException: Text 'Cookie Policy' is present on page 
	at com.kms.katalon.core.webui.keyword.internal.WebUIKeywordMain.stepFailed(WebUIKeywordMain.groovy:64)
	at com.kms.katalon.core.webui.keyword.builtin.VerifyTextNotPresentKeyword$_verifyTextNotPresent_closure1.doCall(VerifyTextNotPresentKeyword.groovy:77)
	at com.kms.katalon.core.webui.keyword.builtin.VerifyTextNotPresentKeyword$_verifyTextNotPresent_closure1.call(VerifyTextNotPresentKeyword.groovy)
	at com.kms.katalon.core.webui.keyword.internal.WebUIKeywordMain.runKeyword(WebUIKeywordMain.groovy:20)
	at com.kms.katalon.core.webui.keyword.builtin.VerifyTextNotPresentKeyword.verifyTextNotPresent(VerifyTextNotPresentKeyword.groovy:82)
	at com.kms.katalon.core.webui.keyword.builtin.VerifyTextNotPresentKeyword.execute(VerifyTextNotPresentKeyword.groovy:68)
	at com.kms.katalon.core.keyword.internal.KeywordExecutor.executeKeywordForPlatform(KeywordExecutor.groovy:72)
	at com.kms.katalon.core.webui.keyword.WebUiBuiltInKeywords.verifyTextNotPresent(WebUiBuiltInKeywords.groovy:1752)
	at com.kms.katalon.core.webui.keyword.WebUiBuiltInKeywords$verifyTextNotPresent$4.call(Unknown Source)
	at CAT_Setup.run(CAT_Setup:177)
	at com.kms.katalon.core.main.ScriptEngine.run(ScriptEngine.java:194)
	at com.kms.katalon.core.main.ScriptEngine.runScriptAsRawText(ScriptEngine.java:119)
	at com.kms.katalon.core.main.TestCaseExecutor.runScript(TestCaseExecutor.java:337)
	at com.kms.katalon.core.main.TestCaseExecutor.doExecute(TestCaseExecutor.java:328)
	at com.kms.katalon.core.main.TestCaseExecutor.processExecutionPhase(TestCaseExecutor.java:307)
	at com.kms.katalon.core.main.TestCaseExecutor.accessMainPhase(TestCaseExecutor.java:299)
	at com.kms.katalon.core.main.TestCaseExecutor.execute(TestCaseExecutor.java:233)
	at com.kms.katalon.core.main.TestCaseMain.runTestCase(TestCaseMain.java:114)
	at com.kms.katalon.core.keyword.builtin.CallTestCaseKeyword$_callTestCase_closure1.doCall(CallTestCaseKeyword.groovy:59)
	at com.kms.katalon.core.keyword.builtin.CallTestCaseKeyword$_callTestCase_closure1.call(CallTestCaseKeyword.groovy)
	at com.kms.katalon.core.keyword.internal.KeywordMain.runKeyword(KeywordMain.groovy:68)
	at com.kms.katalon.core.keyword.builtin.CallTestCaseKeyword.callTestCase(CallTestCaseKeyword.groovy:81)
	at com.kms.katalon.core.keyword.builtin.CallTestCaseKeyword.execute(CallTestCaseKeyword.groovy:44)
	at com.kms.katalon.core.keyword.internal.KeywordExecutor.executeKeywordForPlatform(KeywordExecutor.groovy:72)
	at com.kms.katalon.core.keyword.BuiltinKeywords.callTestCase(BuiltinKeywords.groovy:334)
	at Trader_Location_Not_Listed.run(Trader_Location_Not_Listed:58)
	at com.kms.katalon.core.main.ScriptEngine.run(ScriptEngine.java:194)
	at com.kms.katalon.core.main.ScriptEngine.runScriptAsRawText(ScriptEngine.java:119)
	at com.kms.katalon.core.main.TestCaseExecutor.runScript(TestCaseExecutor.java:337)
	at com.kms.katalon.core.main.TestCaseExecutor.doExecute(TestCaseExecutor.java:328)
	at com.kms.katalon.core.main.TestCaseExecutor.processExecutionPhase(TestCaseExecutor.java:307)
	at com.kms.katalon.core.main.TestCaseExecutor.accessMainPhase(TestCaseExecutor.java:299)
	at com.kms.katalon.core.main.TestCaseExecutor.execute(TestCaseExecutor.java:233)
	at com.kms.katalon.core.main.TestSuiteExecutor.accessTestCaseMainPhase(TestSuiteExecutor.java:169)
	at com.kms.katalon.core.main.TestSuiteExecutor.accessTestSuiteMainPhase(TestSuiteExecutor.java:142)
	at com.kms.katalon.core.main.TestSuiteExecutor.execute(TestSuiteExecutor.java:91)
	at com.kms.katalon.core.main.TestCaseMain.startTestSuite(TestCaseMain.java:157)
	at com.kms.katalon.core.main.TestCaseMain$startTestSuite$0.call(Unknown Source)
	at TempTestSuite1586947980982.run(TempTestSuite1586947980982.groovy:36)
)
	at com.kms.katalon.core.keyword.internal.KeywordMain.stepFailed(KeywordMain.groovy:39)
	at com.kms.katalon.core.webui.keyword.internal.WebUIKeywordMain.stepFailed(WebUIKeywordMain.groovy:64)
	at com.kms.katalon.core.webui.keyword.builtin.VerifyTextNotPresentKeyword$_verifyTextNotPresent_closure1.doCall(VerifyTextNotPresentKeyword.groovy:77)
	at com.kms.katalon.core.webui.keyword.builtin.VerifyTextNotPresentKeyword$_verifyTextNotPresent_closure1.call(VerifyTextNotPresentKeyword.groovy)
	at com.kms.katalon.core.webui.keyword.internal.WebUIKeywordMain.runKeyword(WebUIKeywordMain.groovy:20)
	at com.kms.katalon.core.webui.keyword.builtin.VerifyTextNotPresentKeyword.verifyTextNotPresent(VerifyTextNotPresentKeyword.groovy:82)
	at com.kms.katalon.core.webui.keyword.builtin.VerifyTextNotPresentKeyword.execute(VerifyTextNotPresentKeyword.groovy:68)
	at com.kms.katalon.core.keyword.internal.KeywordExecutor.executeKeywordForPlatform(KeywordExecutor.groovy:72)
	at com.kms.katalon.core.webui.keyword.WebUiBuiltInKeywords.verifyTextNotPresent(WebUiBuiltInKeywords.groovy:1752)
	at com.kms.katalon.core.webui.keyword.WebUiBuiltInKeywords$verifyTextNotPresent$4.call(Unknown Source)
	at CAT_Setup.run(CAT_Setup:177)
	at com.kms.katalon.core.main.ScriptEngine.run(ScriptEngine.java:194)
	at com.kms.katalon.core.main.ScriptEngine.runScriptAsRawText(ScriptEngine.java:119)
	at com.kms.katalon.core.main.TestCaseExecutor.runScript(TestCaseExecutor.java:337)
	at com.kms.katalon.core.main.TestCaseExecutor.doExecute(TestCaseExecutor.java:328)
	at com.kms.katalon.core.main.TestCaseExecutor.processExecutionPhase(TestCaseExecutor.java:307)
	at com.kms.katalon.core.main.TestCaseExecutor.accessMainPhase(TestCaseExecutor.java:299)
	at com.kms.katalon.core.main.TestCaseExecutor.execute(TestCaseExecutor.java:233)
	at com.kms.katalon.core.main.TestCaseMain.runTestCase(TestCaseMain.java:114)
	at com.kms.katalon.core.keyword.builtin.CallTestCaseKeyword$_callTestCase_closure1.doCall(CallTestCaseKeyword.groovy:59)
	... 20 more
Caused by: com.kms.katalon.core.exception.StepFailedException: Text 'Cookie Policy' is present on page 
	... 39 more
)]]></system-out>
         <system-err><![CDATA[2020-04-15 12:04:03 - [TEST_CASE][FAILED] - Test Cases/Checkatrade_Tradesman_Searches/Trader_Location_Not_Listed: Test Cases/Checkatrade_Tradesman_Searches/Trader_Location_Not_Listed FAILED.
Reason:
com.kms.katalon.core.exception.StepFailedException: Call Test Case 'Test Cases/Reusable_Test_Sequences/CAT_Setup' failed
	at com.kms.katalon.core.keyword.builtin.CallTestCaseKeyword$_callTestCase_closure1.doCall(CallTestCaseKeyword.groovy:63)
	at com.kms.katalon.core.keyword.builtin.CallTestCaseKeyword$_callTestCase_closure1.call(CallTestCaseKeyword.groovy)
	at com.kms.katalon.core.keyword.internal.KeywordMain.runKeyword(KeywordMain.groovy:68)
	at com.kms.katalon.core.keyword.builtin.CallTestCaseKeyword.callTestCase(CallTestCaseKeyword.groovy:81)
	at com.kms.katalon.core.keyword.builtin.CallTestCaseKeyword.execute(CallTestCaseKeyword.groovy:44)
	at com.kms.katalon.core.keyword.internal.KeywordExecutor.executeKeywordForPlatform(KeywordExecutor.groovy:72)
	at com.kms.katalon.core.keyword.BuiltinKeywords.callTestCase(BuiltinKeywords.groovy:334)
	at Trader_Location_Not_Listed.run(Trader_Location_Not_Listed:58)
	at com.kms.katalon.core.main.ScriptEngine.run(ScriptEngine.java:194)
	at com.kms.katalon.core.main.ScriptEngine.runScriptAsRawText(ScriptEngine.java:119)
	at com.kms.katalon.core.main.TestCaseExecutor.runScript(TestCaseExecutor.java:337)
	at com.kms.katalon.core.main.TestCaseExecutor.doExecute(TestCaseExecutor.java:328)
	at com.kms.katalon.core.main.TestCaseExecutor.processExecutionPhase(TestCaseExecutor.java:307)
	at com.kms.katalon.core.main.TestCaseExecutor.accessMainPhase(TestCaseExecutor.java:299)
	at com.kms.katalon.core.main.TestCaseExecutor.execute(TestCaseExecutor.java:233)
	at com.kms.katalon.core.main.TestSuiteExecutor.accessTestCaseMainPhase(TestSuiteExecutor.java:169)
	at com.kms.katalon.core.main.TestSuiteExecutor.accessTestSuiteMainPhase(TestSuiteExecutor.java:142)
	at com.kms.katalon.core.main.TestSuiteExecutor.execute(TestSuiteExecutor.java:91)
	at com.kms.katalon.core.main.TestCaseMain.startTestSuite(TestCaseMain.java:157)
	at com.kms.katalon.core.main.TestCaseMain$startTestSuite$0.call(Unknown Source)
	at TempTestSuite1586947980982.run(TempTestSuite1586947980982.groovy:36)
Caused by: com.kms.katalon.core.exception.StepFailedException: Text 'Cookie Policy' is present on page  (Root cause: com.kms.katalon.core.exception.StepFailedException: Text 'Cookie Policy' is present on page 
	at com.kms.katalon.core.webui.keyword.internal.WebUIKeywordMain.stepFailed(WebUIKeywordMain.groovy:64)
	at com.kms.katalon.core.webui.keyword.builtin.VerifyTextNotPresentKeyword$_verifyTextNotPresent_closure1.doCall(VerifyTextNotPresentKeyword.groovy:77)
	at com.kms.katalon.core.webui.keyword.builtin.VerifyTextNotPresentKeyword$_verifyTextNotPresent_closure1.call(VerifyTextNotPresentKeyword.groovy)
	at com.kms.katalon.core.webui.keyword.internal.WebUIKeywordMain.runKeyword(WebUIKeywordMain.groovy:20)
	at com.kms.katalon.core.webui.keyword.builtin.VerifyTextNotPresentKeyword.verifyTextNotPresent(VerifyTextNotPresentKeyword.groovy:82)
	at com.kms.katalon.core.webui.keyword.builtin.VerifyTextNotPresentKeyword.execute(VerifyTextNotPresentKeyword.groovy:68)
	at com.kms.katalon.core.keyword.internal.KeywordExecutor.executeKeywordForPlatform(KeywordExecutor.groovy:72)
	at com.kms.katalon.core.webui.keyword.WebUiBuiltInKeywords.verifyTextNotPresent(WebUiBuiltInKeywords.groovy:1752)
	at com.kms.katalon.core.webui.keyword.WebUiBuiltInKeywords$verifyTextNotPresent$4.call(Unknown Source)
	at CAT_Setup.run(CAT_Setup:177)
	at com.kms.katalon.core.main.ScriptEngine.run(ScriptEngine.java:194)
	at com.kms.katalon.core.main.ScriptEngine.runScriptAsRawText(ScriptEngine.java:119)
	at com.kms.katalon.core.main.TestCaseExecutor.runScript(TestCaseExecutor.java:337)
	at com.kms.katalon.core.main.TestCaseExecutor.doExecute(TestCaseExecutor.java:328)
	at com.kms.katalon.core.main.TestCaseExecutor.processExecutionPhase(TestCaseExecutor.java:307)
	at com.kms.katalon.core.main.TestCaseExecutor.accessMainPhase(TestCaseExecutor.java:299)
	at com.kms.katalon.core.main.TestCaseExecutor.execute(TestCaseExecutor.java:233)
	at com.kms.katalon.core.main.TestCaseMain.runTestCase(TestCaseMain.java:114)
	at com.kms.katalon.core.keyword.builtin.CallTestCaseKeyword$_callTestCase_closure1.doCall(CallTestCaseKeyword.groovy:59)
	at com.kms.katalon.core.keyword.builtin.CallTestCaseKeyword$_callTestCase_closure1.call(CallTestCaseKeyword.groovy)
	at com.kms.katalon.core.keyword.internal.KeywordMain.runKeyword(KeywordMain.groovy:68)
	at com.kms.katalon.core.keyword.builtin.CallTestCaseKeyword.callTestCase(CallTestCaseKeyword.groovy:81)
	at com.kms.katalon.core.keyword.builtin.CallTestCaseKeyword.execute(CallTestCaseKeyword.groovy:44)
	at com.kms.katalon.core.keyword.internal.KeywordExecutor.executeKeywordForPlatform(KeywordExecutor.groovy:72)
	at com.kms.katalon.core.keyword.BuiltinKeywords.callTestCase(BuiltinKeywords.groovy:334)
	at Trader_Location_Not_Listed.run(Trader_Location_Not_Listed:58)
	at com.kms.katalon.core.main.ScriptEngine.run(ScriptEngine.java:194)
	at com.kms.katalon.core.main.ScriptEngine.runScriptAsRawText(ScriptEngine.java:119)
	at com.kms.katalon.core.main.TestCaseExecutor.runScript(TestCaseExecutor.java:337)
	at com.kms.katalon.core.main.TestCaseExecutor.doExecute(TestCaseExecutor.java:328)
	at com.kms.katalon.core.main.TestCaseExecutor.processExecutionPhase(TestCaseExecutor.java:307)
	at com.kms.katalon.core.main.TestCaseExecutor.accessMainPhase(TestCaseExecutor.java:299)
	at com.kms.katalon.core.main.TestCaseExecutor.execute(TestCaseExecutor.java:233)
	at com.kms.katalon.core.main.TestSuiteExecutor.accessTestCaseMainPhase(TestSuiteExecutor.java:169)
	at com.kms.katalon.core.main.TestSuiteExecutor.accessTestSuiteMainPhase(TestSuiteExecutor.java:142)
	at com.kms.katalon.core.main.TestSuiteExecutor.execute(TestSuiteExecutor.java:91)
	at com.kms.katalon.core.main.TestCaseMain.startTestSuite(TestCaseMain.java:157)
	at com.kms.katalon.core.main.TestCaseMain$startTestSuite$0.call(Unknown Source)
	at TempTestSuite1586947980982.run(TempTestSuite1586947980982.groovy:36)
)
	at com.kms.katalon.core.keyword.internal.KeywordMain.stepFailed(KeywordMain.groovy:39)
	at com.kms.katalon.core.webui.keyword.internal.WebUIKeywordMain.stepFailed(WebUIKeywordMain.groovy:64)
	at com.kms.katalon.core.webui.keyword.builtin.VerifyTextNotPresentKeyword$_verifyTextNotPresent_closure1.doCall(VerifyTextNotPresentKeyword.groovy:77)
	at com.kms.katalon.core.webui.keyword.builtin.VerifyTextNotPresentKeyword$_verifyTextNotPresent_closure1.call(VerifyTextNotPresentKeyword.groovy)
	at com.kms.katalon.core.webui.keyword.internal.WebUIKeywordMain.runKeyword(WebUIKeywordMain.groovy:20)
	at com.kms.katalon.core.webui.keyword.builtin.VerifyTextNotPresentKeyword.verifyTextNotPresent(VerifyTextNotPresentKeyword.groovy:82)
	at com.kms.katalon.core.webui.keyword.builtin.VerifyTextNotPresentKeyword.execute(VerifyTextNotPresentKeyword.groovy:68)
	at com.kms.katalon.core.keyword.internal.KeywordExecutor.executeKeywordForPlatform(KeywordExecutor.groovy:72)
	at com.kms.katalon.core.webui.keyword.WebUiBuiltInKeywords.verifyTextNotPresent(WebUiBuiltInKeywords.groovy:1752)
	at com.kms.katalon.core.webui.keyword.WebUiBuiltInKeywords$verifyTextNotPresent$4.call(Unknown Source)
	at CAT_Setup.run(CAT_Setup:177)
	at com.kms.katalon.core.main.ScriptEngine.run(ScriptEngine.java:194)
	at com.kms.katalon.core.main.ScriptEngine.runScriptAsRawText(ScriptEngine.java:119)
	at com.kms.katalon.core.main.TestCaseExecutor.runScript(TestCaseExecutor.java:337)
	at com.kms.katalon.core.main.TestCaseExecutor.doExecute(TestCaseExecutor.java:328)
	at com.kms.katalon.core.main.TestCaseExecutor.processExecutionPhase(TestCaseExecutor.java:307)
	at com.kms.katalon.core.main.TestCaseExecutor.accessMainPhase(TestCaseExecutor.java:299)
	at com.kms.katalon.core.main.TestCaseExecutor.execute(TestCaseExecutor.java:233)
	at com.kms.katalon.core.main.TestCaseMain.runTestCase(TestCaseMain.java:114)
	at com.kms.katalon.core.keyword.builtin.CallTestCaseKeyword$_callTestCase_closure1.doCall(CallTestCaseKeyword.groovy:59)
	... 20 more
Caused by: com.kms.katalon.core.exception.StepFailedException: Text 'Cookie Policy' is present on page 
	... 39 more]]></system-err>
      </testcase>
      <system-out><![CDATA[2020-04-15 11:59:17 - [TEST_SUITE][FAILED] - Trade_Location_Multiple_Search: Test Cases/Checkatrade_Tradesman_Searches/Trader_Location_Not_Listed FAILED.
Reason:
com.kms.katalon.core.exception.StepFailedException: Call Test Case 'Test Cases/Reusable_Test_Sequences/CAT_Setup' failed
	at com.kms.katalon.core.keyword.builtin.CallTestCaseKeyword$_callTestCase_closure1.doCall(CallTestCaseKeyword.groovy:63)
	at com.kms.katalon.core.keyword.builtin.CallTestCaseKeyword$_callTestCase_closure1.call(CallTestCaseKeyword.groovy)
	at com.kms.katalon.core.keyword.internal.KeywordMain.runKeyword(KeywordMain.groovy:68)
	at com.kms.katalon.core.keyword.builtin.CallTestCaseKeyword.callTestCase(CallTestCaseKeyword.groovy:81)
	at com.kms.katalon.core.keyword.builtin.CallTestCaseKeyword.execute(CallTestCaseKeyword.groovy:44)
	at com.kms.katalon.core.keyword.internal.KeywordExecutor.executeKeywordForPlatform(KeywordExecutor.groovy:72)
	at com.kms.katalon.core.keyword.BuiltinKeywords.callTestCase(BuiltinKeywords.groovy:334)
	at Trader_Location_Not_Listed.run(Trader_Location_Not_Listed:58)
	at com.kms.katalon.core.main.ScriptEngine.run(ScriptEngine.java:194)
	at com.kms.katalon.core.main.ScriptEngine.runScriptAsRawText(ScriptEngine.java:119)
	at com.kms.katalon.core.main.TestCaseExecutor.runScript(TestCaseExecutor.java:337)
	at com.kms.katalon.core.main.TestCaseExecutor.doExecute(TestCaseExecutor.java:328)
	at com.kms.katalon.core.main.TestCaseExecutor.processExecutionPhase(TestCaseExecutor.java:307)
	at com.kms.katalon.core.main.TestCaseExecutor.accessMainPhase(TestCaseExecutor.java:299)
	at com.kms.katalon.core.main.TestCaseExecutor.execute(TestCaseExecutor.java:233)
	at com.kms.katalon.core.main.TestSuiteExecutor.accessTestCaseMainPhase(TestSuiteExecutor.java:169)
	at com.kms.katalon.core.main.TestSuiteExecutor.accessTestSuiteMainPhase(TestSuiteExecutor.java:142)
	at com.kms.katalon.core.main.TestSuiteExecutor.execute(TestSuiteExecutor.java:91)
	at com.kms.katalon.core.main.TestCaseMain.startTestSuite(TestCaseMain.java:157)
	at com.kms.katalon.core.main.TestCaseMain$startTestSuite$0.call(Unknown Source)
	at TempTestSuite1586947980982.run(TempTestSuite1586947980982.groovy:36)
Caused by: com.kms.katalon.core.exception.StepFailedException: Text 'Cookie Policy' is present on page  (Root cause: com.kms.katalon.core.exception.StepFailedException: Text 'Cookie Policy' is present on page 
	at com.kms.katalon.core.webui.keyword.internal.WebUIKeywordMain.stepFailed(WebUIKeywordMain.groovy:64)
	at com.kms.katalon.core.webui.keyword.builtin.VerifyTextNotPresentKeyword$_verifyTextNotPresent_closure1.doCall(VerifyTextNotPresentKeyword.groovy:77)
	at com.kms.katalon.core.webui.keyword.builtin.VerifyTextNotPresentKeyword$_verifyTextNotPresent_closure1.call(VerifyTextNotPresentKeyword.groovy)
	at com.kms.katalon.core.webui.keyword.internal.WebUIKeywordMain.runKeyword(WebUIKeywordMain.groovy:20)
	at com.kms.katalon.core.webui.keyword.builtin.VerifyTextNotPresentKeyword.verifyTextNotPresent(VerifyTextNotPresentKeyword.groovy:82)
	at com.kms.katalon.core.webui.keyword.builtin.VerifyTextNotPresentKeyword.execute(VerifyTextNotPresentKeyword.groovy:68)
	at com.kms.katalon.core.keyword.internal.KeywordExecutor.executeKeywordForPlatform(KeywordExecutor.groovy:72)
	at com.kms.katalon.core.webui.keyword.WebUiBuiltInKeywords.verifyTextNotPresent(WebUiBuiltInKeywords.groovy:1752)
	at com.kms.katalon.core.webui.keyword.WebUiBuiltInKeywords$verifyTextNotPresent$4.call(Unknown Source)
	at CAT_Setup.run(CAT_Setup:177)
	at com.kms.katalon.core.main.ScriptEngine.run(ScriptEngine.java:194)
	at com.kms.katalon.core.main.ScriptEngine.runScriptAsRawText(ScriptEngine.java:119)
	at com.kms.katalon.core.main.TestCaseExecutor.runScript(TestCaseExecutor.java:337)
	at com.kms.katalon.core.main.TestCaseExecutor.doExecute(TestCaseExecutor.java:328)
	at com.kms.katalon.core.main.TestCaseExecutor.processExecutionPhase(TestCaseExecutor.java:307)
	at com.kms.katalon.core.main.TestCaseExecutor.accessMainPhase(TestCaseExecutor.java:299)
	at com.kms.katalon.core.main.TestCaseExecutor.execute(TestCaseExecutor.java:233)
	at com.kms.katalon.core.main.TestCaseMain.runTestCase(TestCaseMain.java:114)
	at com.kms.katalon.core.keyword.builtin.CallTestCaseKeyword$_callTestCase_closure1.doCall(CallTestCaseKeyword.groovy:59)
	at com.kms.katalon.core.keyword.builtin.CallTestCaseKeyword$_callTestCase_closure1.call(CallTestCaseKeyword.groovy)
	at com.kms.katalon.core.keyword.internal.KeywordMain.runKeyword(KeywordMain.groovy:68)
	at com.kms.katalon.core.keyword.builtin.CallTestCaseKeyword.callTestCase(CallTestCaseKeyword.groovy:81)
	at com.kms.katalon.core.keyword.builtin.CallTestCaseKeyword.execute(CallTestCaseKeyword.groovy:44)
	at com.kms.katalon.core.keyword.internal.KeywordExecutor.executeKeywordForPlatform(KeywordExecutor.groovy:72)
	at com.kms.katalon.core.keyword.BuiltinKeywords.callTestCase(BuiltinKeywords.groovy:334)
	at Trader_Location_Not_Listed.run(Trader_Location_Not_Listed:58)
	at com.kms.katalon.core.main.ScriptEngine.run(ScriptEngine.java:194)
	at com.kms.katalon.core.main.ScriptEngine.runScriptAsRawText(ScriptEngine.java:119)
	at com.kms.katalon.core.main.TestCaseExecutor.runScript(TestCaseExecutor.java:337)
	at com.kms.katalon.core.main.TestCaseExecutor.doExecute(TestCaseExecutor.java:328)
	at com.kms.katalon.core.main.TestCaseExecutor.processExecutionPhase(TestCaseExecutor.java:307)
	at com.kms.katalon.core.main.TestCaseExecutor.accessMainPhase(TestCaseExecutor.java:299)
	at com.kms.katalon.core.main.TestCaseExecutor.execute(TestCaseExecutor.java:233)
	at com.kms.katalon.core.main.TestSuiteExecutor.accessTestCaseMainPhase(TestSuiteExecutor.java:169)
	at com.kms.katalon.core.main.TestSuiteExecutor.accessTestSuiteMainPhase(TestSuiteExecutor.java:142)
	at com.kms.katalon.core.main.TestSuiteExecutor.execute(TestSuiteExecutor.java:91)
	at com.kms.katalon.core.main.TestCaseMain.startTestSuite(TestCaseMain.java:157)
	at com.kms.katalon.core.main.TestCaseMain$startTestSuite$0.call(Unknown Source)
	at TempTestSuite1586947980982.run(TempTestSuite1586947980982.groovy:36)
)
	at com.kms.katalon.core.keyword.internal.KeywordMain.stepFailed(KeywordMain.groovy:39)
	at com.kms.katalon.core.webui.keyword.internal.WebUIKeywordMain.stepFailed(WebUIKeywordMain.groovy:64)
	at com.kms.katalon.core.webui.keyword.builtin.VerifyTextNotPresentKeyword$_verifyTextNotPresent_closure1.doCall(VerifyTextNotPresentKeyword.groovy:77)
	at com.kms.katalon.core.webui.keyword.builtin.VerifyTextNotPresentKeyword$_verifyTextNotPresent_closure1.call(VerifyTextNotPresentKeyword.groovy)
	at com.kms.katalon.core.webui.keyword.internal.WebUIKeywordMain.runKeyword(WebUIKeywordMain.groovy:20)
	at com.kms.katalon.core.webui.keyword.builtin.VerifyTextNotPresentKeyword.verifyTextNotPresent(VerifyTextNotPresentKeyword.groovy:82)
	at com.kms.katalon.core.webui.keyword.builtin.VerifyTextNotPresentKeyword.execute(VerifyTextNotPresentKeyword.groovy:68)
	at com.kms.katalon.core.keyword.internal.KeywordExecutor.executeKeywordForPlatform(KeywordExecutor.groovy:72)
	at com.kms.katalon.core.webui.keyword.WebUiBuiltInKeywords.verifyTextNotPresent(WebUiBuiltInKeywords.groovy:1752)
	at com.kms.katalon.core.webui.keyword.WebUiBuiltInKeywords$verifyTextNotPresent$4.call(Unknown Source)
	at CAT_Setup.run(CAT_Setup:177)
	at com.kms.katalon.core.main.ScriptEngine.run(ScriptEngine.java:194)
	at com.kms.katalon.core.main.ScriptEngine.runScriptAsRawText(ScriptEngine.java:119)
	at com.kms.katalon.core.main.TestCaseExecutor.runScript(TestCaseExecutor.java:337)
	at com.kms.katalon.core.main.TestCaseExecutor.doExecute(TestCaseExecutor.java:328)
	at com.kms.katalon.core.main.TestCaseExecutor.processExecutionPhase(TestCaseExecutor.java:307)
	at com.kms.katalon.core.main.TestCaseExecutor.accessMainPhase(TestCaseExecutor.java:299)
	at com.kms.katalon.core.main.TestCaseExecutor.execute(TestCaseExecutor.java:233)
	at com.kms.katalon.core.main.TestCaseMain.runTestCase(TestCaseMain.java:114)
	at com.kms.katalon.core.keyword.builtin.CallTestCaseKeyword$_callTestCase_closure1.doCall(CallTestCaseKeyword.groovy:59)
	... 20 more
Caused by: com.kms.katalon.core.exception.StepFailedException: Text 'Cookie Policy' is present on page 
	... 39 more]]></system-out>
      <system-err><![CDATA[2020-04-15 11:59:17 - [TEST_SUITE][FAILED] - Trade_Location_Multiple_Search: Test Cases/Checkatrade_Tradesman_Searches/Trader_Location_Not_Listed FAILED.
Reason:
com.kms.katalon.core.exception.StepFailedException: Call Test Case 'Test Cases/Reusable_Test_Sequences/CAT_Setup' failed
	at com.kms.katalon.core.keyword.builtin.CallTestCaseKeyword$_callTestCase_closure1.doCall(CallTestCaseKeyword.groovy:63)
	at com.kms.katalon.core.keyword.builtin.CallTestCaseKeyword$_callTestCase_closure1.call(CallTestCaseKeyword.groovy)
	at com.kms.katalon.core.keyword.internal.KeywordMain.runKeyword(KeywordMain.groovy:68)
	at com.kms.katalon.core.keyword.builtin.CallTestCaseKeyword.callTestCase(CallTestCaseKeyword.groovy:81)
	at com.kms.katalon.core.keyword.builtin.CallTestCaseKeyword.execute(CallTestCaseKeyword.groovy:44)
	at com.kms.katalon.core.keyword.internal.KeywordExecutor.executeKeywordForPlatform(KeywordExecutor.groovy:72)
	at com.kms.katalon.core.keyword.BuiltinKeywords.callTestCase(BuiltinKeywords.groovy:334)
	at Trader_Location_Not_Listed.run(Trader_Location_Not_Listed:58)
	at com.kms.katalon.core.main.ScriptEngine.run(ScriptEngine.java:194)
	at com.kms.katalon.core.main.ScriptEngine.runScriptAsRawText(ScriptEngine.java:119)
	at com.kms.katalon.core.main.TestCaseExecutor.runScript(TestCaseExecutor.java:337)
	at com.kms.katalon.core.main.TestCaseExecutor.doExecute(TestCaseExecutor.java:328)
	at com.kms.katalon.core.main.TestCaseExecutor.processExecutionPhase(TestCaseExecutor.java:307)
	at com.kms.katalon.core.main.TestCaseExecutor.accessMainPhase(TestCaseExecutor.java:299)
	at com.kms.katalon.core.main.TestCaseExecutor.execute(TestCaseExecutor.java:233)
	at com.kms.katalon.core.main.TestSuiteExecutor.accessTestCaseMainPhase(TestSuiteExecutor.java:169)
	at com.kms.katalon.core.main.TestSuiteExecutor.accessTestSuiteMainPhase(TestSuiteExecutor.java:142)
	at com.kms.katalon.core.main.TestSuiteExecutor.execute(TestSuiteExecutor.java:91)
	at com.kms.katalon.core.main.TestCaseMain.startTestSuite(TestCaseMain.java:157)
	at com.kms.katalon.core.main.TestCaseMain$startTestSuite$0.call(Unknown Source)
	at TempTestSuite1586947980982.run(TempTestSuite1586947980982.groovy:36)
Caused by: com.kms.katalon.core.exception.StepFailedException: Text 'Cookie Policy' is present on page  (Root cause: com.kms.katalon.core.exception.StepFailedException: Text 'Cookie Policy' is present on page 
	at com.kms.katalon.core.webui.keyword.internal.WebUIKeywordMain.stepFailed(WebUIKeywordMain.groovy:64)
	at com.kms.katalon.core.webui.keyword.builtin.VerifyTextNotPresentKeyword$_verifyTextNotPresent_closure1.doCall(VerifyTextNotPresentKeyword.groovy:77)
	at com.kms.katalon.core.webui.keyword.builtin.VerifyTextNotPresentKeyword$_verifyTextNotPresent_closure1.call(VerifyTextNotPresentKeyword.groovy)
	at com.kms.katalon.core.webui.keyword.internal.WebUIKeywordMain.runKeyword(WebUIKeywordMain.groovy:20)
	at com.kms.katalon.core.webui.keyword.builtin.VerifyTextNotPresentKeyword.verifyTextNotPresent(VerifyTextNotPresentKeyword.groovy:82)
	at com.kms.katalon.core.webui.keyword.builtin.VerifyTextNotPresentKeyword.execute(VerifyTextNotPresentKeyword.groovy:68)
	at com.kms.katalon.core.keyword.internal.KeywordExecutor.executeKeywordForPlatform(KeywordExecutor.groovy:72)
	at com.kms.katalon.core.webui.keyword.WebUiBuiltInKeywords.verifyTextNotPresent(WebUiBuiltInKeywords.groovy:1752)
	at com.kms.katalon.core.webui.keyword.WebUiBuiltInKeywords$verifyTextNotPresent$4.call(Unknown Source)
	at CAT_Setup.run(CAT_Setup:177)
	at com.kms.katalon.core.main.ScriptEngine.run(ScriptEngine.java:194)
	at com.kms.katalon.core.main.ScriptEngine.runScriptAsRawText(ScriptEngine.java:119)
	at com.kms.katalon.core.main.TestCaseExecutor.runScript(TestCaseExecutor.java:337)
	at com.kms.katalon.core.main.TestCaseExecutor.doExecute(TestCaseExecutor.java:328)
	at com.kms.katalon.core.main.TestCaseExecutor.processExecutionPhase(TestCaseExecutor.java:307)
	at com.kms.katalon.core.main.TestCaseExecutor.accessMainPhase(TestCaseExecutor.java:299)
	at com.kms.katalon.core.main.TestCaseExecutor.execute(TestCaseExecutor.java:233)
	at com.kms.katalon.core.main.TestCaseMain.runTestCase(TestCaseMain.java:114)
	at com.kms.katalon.core.keyword.builtin.CallTestCaseKeyword$_callTestCase_closure1.doCall(CallTestCaseKeyword.groovy:59)
	at com.kms.katalon.core.keyword.builtin.CallTestCaseKeyword$_callTestCase_closure1.call(CallTestCaseKeyword.groovy)
	at com.kms.katalon.core.keyword.internal.KeywordMain.runKeyword(KeywordMain.groovy:68)
	at com.kms.katalon.core.keyword.builtin.CallTestCaseKeyword.callTestCase(CallTestCaseKeyword.groovy:81)
	at com.kms.katalon.core.keyword.builtin.CallTestCaseKeyword.execute(CallTestCaseKeyword.groovy:44)
	at com.kms.katalon.core.keyword.internal.KeywordExecutor.executeKeywordForPlatform(KeywordExecutor.groovy:72)
	at com.kms.katalon.core.keyword.BuiltinKeywords.callTestCase(BuiltinKeywords.groovy:334)
	at Trader_Location_Not_Listed.run(Trader_Location_Not_Listed:58)
	at com.kms.katalon.core.main.ScriptEngine.run(ScriptEngine.java:194)
	at com.kms.katalon.core.main.ScriptEngine.runScriptAsRawText(ScriptEngine.java:119)
	at com.kms.katalon.core.main.TestCaseExecutor.runScript(TestCaseExecutor.java:337)
	at com.kms.katalon.core.main.TestCaseExecutor.doExecute(TestCaseExecutor.java:328)
	at com.kms.katalon.core.main.TestCaseExecutor.processExecutionPhase(TestCaseExecutor.java:307)
	at com.kms.katalon.core.main.TestCaseExecutor.accessMainPhase(TestCaseExecutor.java:299)
	at com.kms.katalon.core.main.TestCaseExecutor.execute(TestCaseExecutor.java:233)
	at com.kms.katalon.core.main.TestSuiteExecutor.accessTestCaseMainPhase(TestSuiteExecutor.java:169)
	at com.kms.katalon.core.main.TestSuiteExecutor.accessTestSuiteMainPhase(TestSuiteExecutor.java:142)
	at com.kms.katalon.core.main.TestSuiteExecutor.execute(TestSuiteExecutor.java:91)
	at com.kms.katalon.core.main.TestCaseMain.startTestSuite(TestCaseMain.java:157)
	at com.kms.katalon.core.main.TestCaseMain$startTestSuite$0.call(Unknown Source)
	at TempTestSuite1586947980982.run(TempTestSuite1586947980982.groovy:36)
)
	at com.kms.katalon.core.keyword.internal.KeywordMain.stepFailed(KeywordMain.groovy:39)
	at com.kms.katalon.core.webui.keyword.internal.WebUIKeywordMain.stepFailed(WebUIKeywordMain.groovy:64)
	at com.kms.katalon.core.webui.keyword.builtin.VerifyTextNotPresentKeyword$_verifyTextNotPresent_closure1.doCall(VerifyTextNotPresentKeyword.groovy:77)
	at com.kms.katalon.core.webui.keyword.builtin.VerifyTextNotPresentKeyword$_verifyTextNotPresent_closure1.call(VerifyTextNotPresentKeyword.groovy)
	at com.kms.katalon.core.webui.keyword.internal.WebUIKeywordMain.runKeyword(WebUIKeywordMain.groovy:20)
	at com.kms.katalon.core.webui.keyword.builtin.VerifyTextNotPresentKeyword.verifyTextNotPresent(VerifyTextNotPresentKeyword.groovy:82)
	at com.kms.katalon.core.webui.keyword.builtin.VerifyTextNotPresentKeyword.execute(VerifyTextNotPresentKeyword.groovy:68)
	at com.kms.katalon.core.keyword.internal.KeywordExecutor.executeKeywordForPlatform(KeywordExecutor.groovy:72)
	at com.kms.katalon.core.webui.keyword.WebUiBuiltInKeywords.verifyTextNotPresent(WebUiBuiltInKeywords.groovy:1752)
	at com.kms.katalon.core.webui.keyword.WebUiBuiltInKeywords$verifyTextNotPresent$4.call(Unknown Source)
	at CAT_Setup.run(CAT_Setup:177)
	at com.kms.katalon.core.main.ScriptEngine.run(ScriptEngine.java:194)
	at com.kms.katalon.core.main.ScriptEngine.runScriptAsRawText(ScriptEngine.java:119)
	at com.kms.katalon.core.main.TestCaseExecutor.runScript(TestCaseExecutor.java:337)
	at com.kms.katalon.core.main.TestCaseExecutor.doExecute(TestCaseExecutor.java:328)
	at com.kms.katalon.core.main.TestCaseExecutor.processExecutionPhase(TestCaseExecutor.java:307)
	at com.kms.katalon.core.main.TestCaseExecutor.accessMainPhase(TestCaseExecutor.java:299)
	at com.kms.katalon.core.main.TestCaseExecutor.execute(TestCaseExecutor.java:233)
	at com.kms.katalon.core.main.TestCaseMain.runTestCase(TestCaseMain.java:114)
	at com.kms.katalon.core.keyword.builtin.CallTestCaseKeyword$_callTestCase_closure1.doCall(CallTestCaseKeyword.groovy:59)
	... 20 more
Caused by: com.kms.katalon.core.exception.StepFailedException: Text 'Cookie Policy' is present on page 
	... 39 more]]></system-err>
   </testsuite>
</testsuites>
