<?xml version="1.0" encoding="UTF-8"?>
<testsuites name="Members_My_Photos" time="44.901" tests="1" failures="0" errors="0">
   <testsuite name="Members_My_Photos" tests="1" failures="0" errors="0" time="44.901" timestamp="2019-11-27 08:01:28" hostname="DavidHo - VETTEDSP36RF.check.local" id="Test Suites/Members_My_Photos">
      <properties>
         <property name="deviceName" value=""/>
         <property name="devicePlatform" value=""/>
         <property name="logFolder" value="C:\\Users\\davidho\\Katalon Studio\\Start\\Reports\\20191127_075742\\Members_My_Photos\\20191127_075806"/>
         <property name="logFiles" value="C:\\Users\\davidho\\Katalon Studio\\Start\\Reports\\20191127_075742\\Members_My_Photos\\20191127_075806\\execution0.log"/>
         <property name="attachments" value=""/>
         <property name="hostName" value="DavidHo - VETTEDSP36RF.check.local"/>
         <property name="os" value="Windows 10 32bit"/>
         <property name="katalonVersion" value="7.1.0.1"/>
         <property name="browser" value="Firefox 70.0"/>
         <property name="hostAddress" value="10.0.11.243"/>
         <property name="sessionId" value="2b282285-d40f-4dcc-bcf4-8c739bc36b49"/>
         <property name="seleniumVersion" value="3.141.59"/>
         <property name="proxyInformation" value="ProxyInformation{proxyOption=NO_PROXY, proxyServerType=HTTP, password=, proxyServerAddress=, proxyServerPort=0}"/>
         <property name="platform" value="Windows 10"/>
      </properties>
      <testcase name="Test Cases/Members_Area/My_Photos" time="42.43" classname="Test Cases/Members_Area/My_Photos" status="PASSED">
         <system-out><![CDATA[2019-11-27 08:01:28 - [TEST_CASE][PASSED] - Test Cases/Members_Area/My_Photos: Test Cases/Members_Area/My_Photos

2019-11-27 08:01:29 - [TEST_STEP][PASSED] - PAGE = "/my_photos": null

2019-11-27 08:01:29 - [TEST_STEP][PASSED] - for ([row = 1, row <= findTestData("Members_Test_Data").getRowNumbers(), (internal.GlobalVariable.row++)]): Call Test Case 'Test Cases/Reusable_Test_Sequences/Members_Area/Banner_Menu/log_Off' successfully

2019-11-27 08:01:30 - [TEST_STEP][PASSED] - callTestCase(findTestCase("Reusable_Test_Sequences/Members_Area/Start_Up"), [:], OPTIONAL): Call Test Case 'Test Cases/Reusable_Test_Sequences/Members_Area/Start_Up' successfully

2019-11-27 08:01:30 - [TEST_CASE][PASSED] - Test Cases/Reusable_Test_Sequences/Members_Area/Start_Up: Test Cases/Reusable_Test_Sequences/Members_Area/Start_Up

2019-11-27 08:01:31 - [TEST_STEP][PASSED] - "----------------------------------------------------": null

2019-11-27 08:01:31 - [TEST_STEP][PASSED] - FUNCTION_AREA = "Members_Area": null

2019-11-27 08:01:31 - [TEST_STEP][PASSED] - "Do Some Magic with URL(s) See the comments within URL Handler ": null

2019-11-27 08:01:31 - [TEST_STEP][PASSED] - "URL - Set from the ENVIRONMENT PROFILE - Specific Page Address Provided By +GlobalVariable.MembersURL  ": null

2019-11-27 08:01:31 - [TEST_STEP][PASSED] - openBrowser(MembersURL): Browser is opened with url: 'https://preview-ma.checkatrade.com/'

2019-11-27 08:01:31 - [MESSAGE][INFO] - Starting 'Firefox' driver

2019-11-27 08:01:31 - [MESSAGE][INFO] - Action delay is set to 0 seconds

2019-11-27 08:01:58 - [MESSAGE][PASSED] - Browser is opened with url: 'https://preview-ma.checkatrade.com/'

2019-11-27 08:01:58 - [TEST_STEP][PASSED] - waitForPageLoad(60): Wait for page load successfully

2019-11-27 08:01:58 - [MESSAGE][PASSED] - Wait for page load successfully

2019-11-27 08:01:58 - [TEST_STEP][PASSED] - maximizeWindow(): Current window maximized

2019-11-27 08:01:59 - [MESSAGE][PASSED] - Current window maximized

2019-11-27 08:01:59 - [TEST_STEP][PASSED] - verifyTextPresent("EXCLUSIVE ACCESS FOR CHECKATRADE MEMBERS ONLY", false): Text 'EXCLUSIVE ACCESS FOR CHECKATRADE MEMBERS ONLY' is present on page 

2019-11-27 08:01:59 - [MESSAGE][PASSED] - Text 'EXCLUSIVE ACCESS FOR CHECKATRADE MEMBERS ONLY' is present on page 

2019-11-27 08:01:59 - [TEST_STEP][PASSED] - verifyTextPresent("Forgotten password?", false): Text 'Forgotten password?' is present on page 

2019-11-27 08:01:59 - [MESSAGE][PASSED] - Text 'Forgotten password?' is present on page 

2019-11-27 08:01:59 - [TEST_STEP][PASSED] - verifyTextPresent("Forgotten username?", false): Text 'Forgotten username?' is present on page 

2019-11-27 08:01:59 - [MESSAGE][PASSED] - Text 'Forgotten username?' is present on page 

2019-11-27 08:01:59 - [TEST_STEP][PASSED] - verifyTextPresent("Trouble logging in? No username and password? Contact Checkatrade Member Services by", false): Text 'Trouble logging in? No username and password? Contact Checkatrade Member Services by' is present on page 

2019-11-27 08:01:59 - [MESSAGE][PASSED] - Text 'Trouble logging in? No username and password? Contact Checkatrade Member Services by' is present on page 

2019-11-27 08:01:59 - [TEST_STEP][PASSED] - verifyTextPresent("memberservices@checkatrade.com", false): Text 'memberservices@checkatrade.com' is present on page 

2019-11-27 08:01:59 - [MESSAGE][PASSED] - Text 'memberservices@checkatrade.com' is present on page 

2019-11-27 08:01:59 - [MESSAGE][INFO] - =================== Smart XPath Report =======================

2019-11-27 08:01:59 - [MESSAGE][INFO] - Refer to the link below to preview and approve auto healing on broken test objects.

2019-11-27 08:01:59 - [MESSAGE][INFO] - https://docs.katalon.com/katalon-studio/docs/auto-healing-smart-xpath.html

2019-11-27 08:01:59 - [MESSAGE][INFO] - ===============================================================

2019-11-27 08:01:59 - [MESSAGE][PASSED] - Call Test Case 'Test Cases/Reusable_Test_Sequences/Members_Area/Start_Up' successfully

2019-11-27 08:01:59 - [TEST_STEP][PASSED] - callTestCase(findTestCase("Reusable_Test_Sequences/Members_Area/log_On"), [:], OPTIONAL): Call Test Case 'Test Cases/Reusable_Test_Sequences/Members_Area/log_On' successfully

2019-11-27 08:01:59 - [TEST_CASE][PASSED] - Test Cases/Reusable_Test_Sequences/Members_Area/log_On: Test Cases/Reusable_Test_Sequences/Members_Area/log_On

2019-11-27 08:02:00 - [TEST_STEP][PASSED] - waitForElementPresent(findTestObject("Object Repository/Members/Page_Members Area/button_Log in"), 10): Object 'Object Repository/Members/Page_Members Area/button_Log in' is present

2019-11-27 08:02:00 - [MESSAGE][PASSED] - Object 'Object Repository/Members/Page_Members Area/button_Log in' is present

2019-11-27 08:02:00 - [TEST_STEP][PASSED] - click(findTestObject("Object Repository/Members/Page_Members Area/input_Username_username")): Object: 'Object Repository/Members/Page_Members Area/input_Username_username' is clicked on

2019-11-27 08:02:00 - [MESSAGE][PASSED] - Object: 'Object Repository/Members/Page_Members Area/input_Username_username' is clicked on

2019-11-27 08:02:00 - [TEST_STEP][PASSED] - setText(findTestObject("Object Repository/Members/Page_Members Area/input_Username_username"), Username): Text 'check1234' is set on object 'Object Repository/Members/Page_Members Area/input_Username_username'

2019-11-27 08:02:00 - [MESSAGE][PASSED] - Text 'check1234' is set on object 'Object Repository/Members/Page_Members Area/input_Username_username'

2019-11-27 08:02:00 - [TEST_STEP][PASSED] - click(findTestObject("Object Repository/Members/Page_Members Area/input_Password_password")): Object: 'Object Repository/Members/Page_Members Area/input_Password_password' is clicked on

2019-11-27 08:02:01 - [MESSAGE][PASSED] - Object: 'Object Repository/Members/Page_Members Area/input_Password_password' is clicked on

2019-11-27 08:02:01 - [TEST_STEP][PASSED] - setText(findTestObject("Object Repository/Members/Page_Members Area/input_Password_password"), Password): Text 'testing123' is set on object 'Object Repository/Members/Page_Members Area/input_Password_password'

2019-11-27 08:02:01 - [MESSAGE][PASSED] - Text 'testing123' is set on object 'Object Repository/Members/Page_Members Area/input_Password_password'

2019-11-27 08:02:01 - [TEST_STEP][PASSED] - click(findTestObject("Object Repository/Members/Page_Members Area/button_Log in")): Object: 'Object Repository/Members/Page_Members Area/button_Log in' is clicked on

2019-11-27 08:02:01 - [MESSAGE][PASSED] - Object: 'Object Repository/Members/Page_Members Area/button_Log in' is clicked on

2019-11-27 08:02:01 - [TEST_STEP][PASSED] - waitForElementNotPresent(findTestObject("Object Repository/Members/Page_Members Area/button_Log in"), 25): Web element with id: 'Object Repository/Members/Page_Members Area/button_Log in' located by 'By.xpath: //button[@type = 'submit' and (text() = ' Log in ' or . = ' Log in ')]' is not present after '25' second(s)

2019-11-27 08:02:02 - [MESSAGE][PASSED] - Web element with id: 'Object Repository/Members/Page_Members Area/button_Log in' located by 'By.xpath: //button[@type = 'submit' and (text() = ' Log in ' or . = ' Log in ')]' is not present after '25' second(s)

2019-11-27 08:02:02 - [TEST_STEP][PASSED] - waitForPageLoad(60): Wait for page load successfully

2019-11-27 08:02:02 - [MESSAGE][PASSED] - Wait for page load successfully

2019-11-27 08:02:02 - [TEST_STEP][PASSED] - if ("Object Repository/Page_Members Area/Header_Attention_Text"): Call Test Case 'Test Cases/Reusable_Test_Sequences/Utils/Popout_Handler' successfully

2019-11-27 08:02:02 - [TEST_STEP][PASSED] - waitForElementPresent(findTestObject("Object Repository/Page_Members Area/Header_Attention_Text"), 60): Object 'Object Repository/Page_Members Area/Header_Attention_Text' is present

2019-11-27 08:02:03 - [MESSAGE][PASSED] - Object 'Object Repository/Page_Members Area/Header_Attention_Text' is present

2019-11-27 08:02:03 - [TEST_STEP][PASSED] - callTestCase(findTestCase("Reusable_Test_Sequences/Utils/Popout_Handler"), [:], CONTINUE_ON_FAILURE): Call Test Case 'Test Cases/Reusable_Test_Sequences/Utils/Popout_Handler' successfully

2019-11-27 08:02:03 - [TEST_CASE][PASSED] - Test Cases/Reusable_Test_Sequences/Utils/Popout_Handler: Test Cases/Reusable_Test_Sequences/Utils/Popout_Handler

2019-11-27 08:02:03 - [TEST_STEP][PASSED] - delay(2): Delayed 2 second(s)

2019-11-27 08:02:05 - [MESSAGE][PASSED] - Delayed 2 second(s)

2019-11-27 08:02:05 - [TEST_STEP][PASSED] - waitForPageLoad(60): Wait for page load successfully

2019-11-27 08:02:05 - [MESSAGE][PASSED] - Wait for page load successfully

2019-11-27 08:02:05 - [TEST_STEP][PASSED] - try: null

2019-11-27 08:02:05 - [TEST_STEP][PASSED] - if ("Object Repository/Popout/go_Away"): null

2019-11-27 08:02:05 - [TEST_STEP][PASSED] - click(findTestObject("Object Repository/Popout/go_Away")): Object: 'Object Repository/Popout/go_Away' is clicked on

2019-11-27 08:02:06 - [MESSAGE][PASSED] - Object: 'Object Repository/Popout/go_Away' is clicked on

2019-11-27 08:02:06 - [TEST_STEP][PASSED] - out.println("View are NEW Website - popup presented"): null

2019-11-27 08:02:06 - [MESSAGE][INFO] - =================== Smart XPath Report =======================

2019-11-27 08:02:06 - [MESSAGE][INFO] - Refer to the link below to preview and approve auto healing on broken test objects.

2019-11-27 08:02:06 - [MESSAGE][INFO] - https://docs.katalon.com/katalon-studio/docs/auto-healing-smart-xpath.html

2019-11-27 08:02:06 - [MESSAGE][INFO] - ===============================================================

2019-11-27 08:02:06 - [MESSAGE][PASSED] - Call Test Case 'Test Cases/Reusable_Test_Sequences/Utils/Popout_Handler' successfully

2019-11-27 08:02:06 - [MESSAGE][INFO] - =================== Smart XPath Report =======================

2019-11-27 08:02:06 - [MESSAGE][INFO] - Refer to the link below to preview and approve auto healing on broken test objects.

2019-11-27 08:02:06 - [MESSAGE][INFO] - https://docs.katalon.com/katalon-studio/docs/auto-healing-smart-xpath.html

2019-11-27 08:02:06 - [MESSAGE][INFO] - ===============================================================

2019-11-27 08:02:06 - [MESSAGE][PASSED] - Call Test Case 'Test Cases/Reusable_Test_Sequences/Members_Area/log_On' successfully

2019-11-27 08:02:06 - [TEST_STEP][PASSED] - callTestCase(findTestCase("Reusable_Test_Sequences/Members_Area/Area_Menu/Grow_You_Business/My_Photos"), [:], CONTINUE_ON_FAILURE): Call Test Case 'Test Cases/Reusable_Test_Sequences/Members_Area/Area_Menu/Grow_You_Business/My_Photos' successfully

2019-11-27 08:02:06 - [TEST_CASE][PASSED] - Test Cases/Reusable_Test_Sequences/Members_Area/Area_Menu/Grow_You_Business/My_Photos: Test Cases/Reusable_Test_Sequences/Members_Area/Area_Menu/Grow_You_Business/My_Photos

2019-11-27 08:02:06 - [TEST_STEP][PASSED] - waitForElementPresent(findTestObject("Object Repository/Page_Members Area/div_My Photos"), 10): Object 'Object Repository/Page_Members Area/div_My Photos' is present

2019-11-27 08:02:06 - [MESSAGE][PASSED] - Object 'Object Repository/Page_Members Area/div_My Photos' is present

2019-11-27 08:02:06 - [TEST_STEP][PASSED] - scrollToElement(findTestObject("Object Repository/Page_Members Area/div_My Photos"), 5): Scroll to object 'Object Repository/Page_Members Area/div_My Photos' successfully

2019-11-27 08:02:06 - [MESSAGE][PASSED] - Scroll to object 'Object Repository/Page_Members Area/div_My Photos' successfully

2019-11-27 08:02:06 - [TEST_STEP][PASSED] - click(findTestObject("Object Repository/Page_Members Area/div_My Photos")): Object: 'Object Repository/Page_Members Area/div_My Photos' is clicked on

2019-11-27 08:02:07 - [MESSAGE][PASSED] - Object: 'Object Repository/Page_Members Area/div_My Photos' is clicked on

2019-11-27 08:02:07 - [MESSAGE][INFO] - =================== Smart XPath Report =======================

2019-11-27 08:02:07 - [MESSAGE][INFO] - Refer to the link below to preview and approve auto healing on broken test objects.

2019-11-27 08:02:07 - [MESSAGE][INFO] - https://docs.katalon.com/katalon-studio/docs/auto-healing-smart-xpath.html

2019-11-27 08:02:07 - [MESSAGE][INFO] - ===============================================================

2019-11-27 08:02:07 - [MESSAGE][PASSED] - Call Test Case 'Test Cases/Reusable_Test_Sequences/Members_Area/Area_Menu/Grow_You_Business/My_Photos' successfully

2019-11-27 08:02:07 - [TEST_STEP][PASSED] - callTestCase(findTestCase("Reusable_Test_Sequences/Members_Area/Validation/My_Photos"), [:], CONTINUE_ON_FAILURE): Call Test Case 'Test Cases/Reusable_Test_Sequences/Members_Area/Validation/My_Photos' successfully

2019-11-27 08:02:07 - [TEST_CASE][PASSED] - Test Cases/Reusable_Test_Sequences/Members_Area/Validation/My_Photos: Test Cases/Reusable_Test_Sequences/Members_Area/Validation/My_Photos

2019-11-27 08:02:07 - [TEST_STEP][PASSED] - waitForPageLoad(60): Wait for page load successfully

2019-11-27 08:02:07 - [MESSAGE][PASSED] - Wait for page load successfully

2019-11-27 08:02:07 - [TEST_STEP][PASSED] - "---------------------------------": null

2019-11-27 08:02:07 - [TEST_STEP][PASSED] - "DEFAULT TAB - My Photos          ": null

2019-11-27 08:02:07 - [TEST_STEP][PASSED] - verifyTextPresent(findTestData("Members_Test_Data").getValue("MEMBER_ID", 1), false): Text '218630' is present on page 

2019-11-27 08:02:08 - [MESSAGE][PASSED] - Text '218630' is present on page 

2019-11-27 08:02:08 - [TEST_STEP][PASSED] - verifyTextPresent("MEMBER ID", false): Text 'MEMBER ID' is present on page 

2019-11-27 08:02:08 - [MESSAGE][PASSED] - Text 'MEMBER ID' is present on page 

2019-11-27 08:02:08 - [TEST_STEP][PASSED] - verifyTextPresent("Manage Your Albums", false): Text 'Manage Your Albums' is present on page 

2019-11-27 08:02:08 - [MESSAGE][PASSED] - Text 'Manage Your Albums' is present on page 

2019-11-27 08:02:08 - [TEST_STEP][PASSED] - verifyTextPresent("These albums are displayed in your public Gallery and are a great way to show the variety and quality of your work", false): Text 'These albums are displayed in your public Gallery and are a great way to show the variety and quality of your work' is present on page 

2019-11-27 08:02:09 - [MESSAGE][PASSED] - Text 'These albums are displayed in your public Gallery and are a great way to show the variety and quality of your work' is present on page 

2019-11-27 08:02:09 - [TEST_STEP][PASSED] - verifyTextPresent("Click/tap on an album to open it and edit its photos and videos", false): Text 'Click/tap on an album to open it and edit its photos and videos' is present on page 

2019-11-27 08:02:09 - [MESSAGE][PASSED] - Text 'Click/tap on an album to open it and edit its photos and videos' is present on page 

2019-11-27 08:02:09 - [TEST_STEP][PASSED] - verifyTextPresent("Add New Album", false): Text 'Add New Album' is present on page 

2019-11-27 08:02:09 - [MESSAGE][PASSED] - Text 'Add New Album' is present on page 

2019-11-27 08:02:09 - [TEST_STEP][PASSED] - verifyTextPresent("Checkatrade", false): Text 'Checkatrade' is present on page 

2019-11-27 08:02:10 - [MESSAGE][PASSED] - Text 'Checkatrade' is present on page 

2019-11-27 08:02:10 - [MESSAGE][INFO] - =================== Smart XPath Report =======================

2019-11-27 08:02:10 - [MESSAGE][INFO] - Refer to the link below to preview and approve auto healing on broken test objects.

2019-11-27 08:02:10 - [MESSAGE][INFO] - https://docs.katalon.com/katalon-studio/docs/auto-healing-smart-xpath.html

2019-11-27 08:02:10 - [MESSAGE][INFO] - ===============================================================

2019-11-27 08:02:10 - [MESSAGE][PASSED] - Call Test Case 'Test Cases/Reusable_Test_Sequences/Members_Area/Validation/My_Photos' successfully

2019-11-27 08:02:10 - [TEST_STEP][PASSED] - callTestCase(findTestCase("Reusable_Test_Sequences/Members_Area/Banner_Menu/log_Off"), [:], OPTIONAL): Call Test Case 'Test Cases/Reusable_Test_Sequences/Members_Area/Banner_Menu/log_Off' successfully

2019-11-27 08:02:10 - [TEST_CASE][PASSED] - Test Cases/Reusable_Test_Sequences/Members_Area/Banner_Menu/log_Off: Test Cases/Reusable_Test_Sequences/Members_Area/Banner_Menu/log_Off

2019-11-27 08:02:10 - [TEST_STEP][PASSED] - waitForElementClickable(findTestObject("Object Repository/Page_Members Area/a_Log off"), 60): Object 'Object Repository/Page_Members Area/a_Log off' is clickable

2019-11-27 08:02:10 - [MESSAGE][PASSED] - Object 'Object Repository/Page_Members Area/a_Log off' is clickable

2019-11-27 08:02:10 - [TEST_STEP][PASSED] - scrollToElement(findTestObject("Object Repository/Page_Members Area/a_Log off"), 2): Scroll to object 'Object Repository/Page_Members Area/a_Log off' successfully

2019-11-27 08:02:10 - [MESSAGE][PASSED] - Scroll to object 'Object Repository/Page_Members Area/a_Log off' successfully

2019-11-27 08:02:10 - [TEST_STEP][PASSED] - click(findTestObject("Object Repository/Page_Members Area/a_Log off")): Object: 'Object Repository/Page_Members Area/a_Log off' is clicked on

2019-11-27 08:02:11 - [MESSAGE][PASSED] - Object: 'Object Repository/Page_Members Area/a_Log off' is clicked on

2019-11-27 08:02:11 - [MESSAGE][INFO] - =================== Smart XPath Report =======================

2019-11-27 08:02:11 - [MESSAGE][INFO] - Refer to the link below to preview and approve auto healing on broken test objects.

2019-11-27 08:02:11 - [MESSAGE][INFO] - https://docs.katalon.com/katalon-studio/docs/auto-healing-smart-xpath.html

2019-11-27 08:02:11 - [MESSAGE][INFO] - ===============================================================

2019-11-27 08:02:11 - [MESSAGE][PASSED] - Call Test Case 'Test Cases/Reusable_Test_Sequences/Members_Area/Banner_Menu/log_Off' successfully]]></system-out>
         <system-err><![CDATA[]]></system-err>
      </testcase>
      <system-out><![CDATA[2019-11-27 08:01:28 - [TEST_SUITE][PASSED] - Members_My_Photos: Test Cases/Members_Area/My_Photos]]></system-out>
      <system-err><![CDATA[]]></system-err>
   </testsuite>
</testsuites>
