<?xml version="1.0" encoding="UTF-8"?>
<testsuites name="Members_My_Offers" time="50.91" tests="1" failures="0" errors="0">
   <testsuite name="Members_My_Offers" tests="1" failures="0" errors="0" time="50.91" timestamp="2019-11-20 11:51:32" hostname="DavidHo - VETTEDSP36RF.check.local" id="Test Suites/Members_My_Offers">
      <properties>
         <property name="deviceName" value=""/>
         <property name="devicePlatform" value=""/>
         <property name="logFolder" value="C:\\Users\\davidho\\Katalon Studio\\Start\\Reports\\20191120_115104\\Members_My_Offers\\20191120_115108"/>
         <property name="logFiles" value="C:\\Users\\davidho\\Katalon Studio\\Start\\Reports\\20191120_115104\\Members_My_Offers\\20191120_115108\\execution0.log"/>
         <property name="attachments" value=""/>
         <property name="hostName" value="DavidHo - VETTEDSP36RF.check.local"/>
         <property name="os" value="Windows 10 32bit"/>
         <property name="katalonVersion" value="7.0.10.1"/>
         <property name="browser" value="Chrome 78.0.3904.108"/>
         <property name="hostAddress" value="10.0.11.243"/>
         <property name="sessionId" value="5f01fab19ccb556bea55b2c222ab3124"/>
         <property name="seleniumVersion" value="3.141.59"/>
         <property name="proxyInformation" value="ProxyInformation{proxyOption=NO_PROXY, proxyServerType=HTTP, password=, proxyServerAddress=, proxyServerPort=0}"/>
         <property name="platform" value="Windows 10"/>
      </properties>
      <testcase name="Test Cases/Members_Area/Offers_Discounts" time="49.39" classname="Test Cases/Members_Area/Offers_Discounts" status="PASSED">
         <system-out><![CDATA[2019-11-20 11:51:32 - [TEST_CASE][PASSED] - Test Cases/Members_Area/Offers_Discounts: Test Cases/Members_Area/Offers_Discounts

2019-11-20 11:51:33 - [TEST_STEP][PASSED] - PAGE = "/other-useful-documents": null

2019-11-20 11:51:34 - [TEST_STEP][PASSED] - for ([row = 1, row <= findTestData("Members_Test_Data").getRowNumbers(), (internal.GlobalVariable.row++)]): Call Test Case 'Test Cases/Reusable_Test_Sequences/Members_Area/Banner_Menu/log_Off' successfully

2019-11-20 11:51:36 - [TEST_STEP][PASSED] - callTestCase(findTestCase("Reusable_Test_Sequences/Members_Area/Start_Up"), [:], OPTIONAL): Call Test Case 'Test Cases/Reusable_Test_Sequences/Members_Area/Start_Up' successfully

2019-11-20 11:51:36 - [TEST_CASE][PASSED] - Test Cases/Reusable_Test_Sequences/Members_Area/Start_Up: Test Cases/Reusable_Test_Sequences/Members_Area/Start_Up

2019-11-20 11:51:36 - [TEST_STEP][PASSED] - data = findTestData("Members_Test_Data"): null

2019-11-20 11:51:36 - [TEST_STEP][PASSED] - Header_Text = "": null

2019-11-20 11:51:36 - [TEST_STEP][PASSED] - Forgotten_Password = "": null

2019-11-20 11:51:36 - [TEST_STEP][PASSED] - Forgotten_Username = "": null

2019-11-20 11:51:36 - [TEST_STEP][PASSED] - Trouble_Logging_In = "": null

2019-11-20 11:51:36 - [TEST_STEP][PASSED] - "----------------------------------------------------": null

2019-11-20 11:51:36 - [TEST_STEP][PASSED] - FUNCTION_AREA = "Members_Area": null

2019-11-20 11:51:36 - [TEST_STEP][PASSED] - callTestCase(findTestCase("Reusable_Test_Sequences/URL_Handler"), [:], CONTINUE_ON_FAILURE): Call Test Case 'Test Cases/Reusable_Test_Sequences/URL_Handler' successfully

2019-11-20 11:51:36 - [TEST_CASE][PASSED] - Test Cases/Reusable_Test_Sequences/URL_Handler: Test Cases/Reusable_Test_Sequences/URL_Handler

2019-11-20 11:51:37 - [TEST_STEP][PASSED] - "      CURRENT DEV (MASTER) Environment": null

2019-11-20 11:51:37 - [TEST_STEP][PASSED] - "      Dev Test Environment": null

2019-11-20 11:51:37 - [TEST_STEP][PASSED] - "      Next Dev Environment": null

2019-11-20 11:51:37 - [TEST_STEP][PASSED] - "      Preview Environment": null

2019-11-20 11:51:37 - [TEST_STEP][PASSED] - "      Live": null

2019-11-20 11:51:37 - [TEST_STEP][PASSED] - "######################################################################################################################################################": null

2019-11-20 11:51:37 - [TEST_STEP][PASSED] - "#  OF COURSE, FOR THIS TO WORK THE TEST CREDENTIALS SHOULD BE AVAILABLE ACROSS ALL ENVIRONMENTS - Username = check1234 - & - Password = testing123   #": null

2019-11-20 11:51:37 - [TEST_STEP][PASSED] - switch (URL): null

2019-11-20 11:51:37 - [TEST_STEP][PASSED] - case .*www.preview.checkatrade.*:: null

2019-11-20 11:51:37 - [TEST_STEP][PASSED] - URL = "https://preview-ma.checkatrade.com/login?return=%2Fdashboard": null

2019-11-20 11:51:37 - [TEST_STEP][PASSED] - break: null

2019-11-20 11:51:37 - [TEST_STEP][PASSED] - URL: null

2019-11-20 11:51:37 - [MESSAGE][PASSED] - Call Test Case 'Test Cases/Reusable_Test_Sequences/URL_Handler' successfully

2019-11-20 11:51:37 - [TEST_STEP][PASSED] - "URL - Set from the ENVIRONMENT PROFILE - Specific Page Address Provided By +GlobalVariable.PAGE  ": null

2019-11-20 11:51:37 - [TEST_STEP][PASSED] - openBrowser(URL): Browser is opened with url: 'https://preview-ma.checkatrade.com/login?return=%2Fdashboard'

2019-11-20 11:51:37 - [MESSAGE][INFO] - Starting 'Chrome' driver

2019-11-20 11:51:37 - [MESSAGE][INFO] - Action delay is set to 0 seconds

2019-11-20 11:52:06 - [MESSAGE][PASSED] - Browser is opened with url: 'https://preview-ma.checkatrade.com/login?return=%2Fdashboard'

2019-11-20 11:52:06 - [TEST_STEP][PASSED] - maximizeWindow(): Current window maximized

2019-11-20 11:52:10 - [MESSAGE][PASSED] - Current window maximized

2019-11-20 11:52:10 - [TEST_STEP][PASSED] - waitForPageLoad(60): Wait for page load successfully

2019-11-20 11:52:10 - [MESSAGE][PASSED] - Wait for page load successfully

2019-11-20 11:52:10 - [TEST_STEP][PASSED] - verifyTextPresent(data.getValue("Header_Text", row), false): Text 'EXCLUSIVE ACCESS FOR CHECKATRADE MEMBERS ONLY' is present on page 

2019-11-20 11:52:10 - [MESSAGE][PASSED] - Text 'EXCLUSIVE ACCESS FOR CHECKATRADE MEMBERS ONLY' is present on page 

2019-11-20 11:52:10 - [TEST_STEP][PASSED] - verifyTextPresent(data.getValue("Forgotten_Password", row), false): Text 'Forgotten password?' is present on page 

2019-11-20 11:52:11 - [MESSAGE][PASSED] - Text 'Forgotten password?' is present on page 

2019-11-20 11:52:11 - [TEST_STEP][PASSED] - verifyTextPresent(data.getValue("Forgotten_Username", row), false): Text 'Forgotten username?' is present on page 

2019-11-20 11:52:11 - [MESSAGE][PASSED] - Text 'Forgotten username?' is present on page 

2019-11-20 11:52:11 - [TEST_STEP][PASSED] - verifyTextPresent(data.getValue("Trouble_Logging_In", row), false): Text 'Trouble logging in?' is present on page 

2019-11-20 11:52:11 - [MESSAGE][PASSED] - Text 'Trouble logging in?' is present on page 

2019-11-20 11:52:11 - [MESSAGE][PASSED] - Call Test Case 'Test Cases/Reusable_Test_Sequences/Members_Area/Start_Up' successfully

2019-11-20 11:52:11 - [TEST_STEP][PASSED] - callTestCase(findTestCase("Reusable_Test_Sequences/Members_Area/log_On"), [:], OPTIONAL): Call Test Case 'Test Cases/Reusable_Test_Sequences/Members_Area/log_On' successfully

2019-11-20 11:52:11 - [TEST_CASE][PASSED] - Test Cases/Reusable_Test_Sequences/Members_Area/log_On: Test Cases/Reusable_Test_Sequences/Members_Area/log_On

2019-11-20 11:52:11 - [TEST_STEP][PASSED] - waitForElementPresent(findTestObject("Object Repository/Members/Page_Members Area/button_Log in"), 10): Object 'Object Repository/Members/Page_Members Area/button_Log in' is present

2019-11-20 11:52:12 - [MESSAGE][PASSED] - Object 'Object Repository/Members/Page_Members Area/button_Log in' is present

2019-11-20 11:52:12 - [TEST_STEP][PASSED] - click(findTestObject("Object Repository/Members/Page_Members Area/input_Username_username")): Object: 'Object Repository/Members/Page_Members Area/input_Username_username' is clicked on

2019-11-20 11:52:12 - [MESSAGE][PASSED] - Object: 'Object Repository/Members/Page_Members Area/input_Username_username' is clicked on

2019-11-20 11:52:12 - [TEST_STEP][PASSED] - setText(findTestObject("Object Repository/Members/Page_Members Area/input_Username_username"), Username): Text 'check1234' is set on object 'Object Repository/Members/Page_Members Area/input_Username_username'

2019-11-20 11:52:12 - [MESSAGE][PASSED] - Text 'check1234' is set on object 'Object Repository/Members/Page_Members Area/input_Username_username'

2019-11-20 11:52:12 - [TEST_STEP][PASSED] - click(findTestObject("Object Repository/Members/Page_Members Area/input_Password_password")): Object: 'Object Repository/Members/Page_Members Area/input_Password_password' is clicked on

2019-11-20 11:52:12 - [MESSAGE][PASSED] - Object: 'Object Repository/Members/Page_Members Area/input_Password_password' is clicked on

2019-11-20 11:52:12 - [TEST_STEP][PASSED] - setText(findTestObject("Object Repository/Members/Page_Members Area/input_Password_password"), Password): Text 'testing123' is set on object 'Object Repository/Members/Page_Members Area/input_Password_password'

2019-11-20 11:52:13 - [MESSAGE][PASSED] - Text 'testing123' is set on object 'Object Repository/Members/Page_Members Area/input_Password_password'

2019-11-20 11:52:13 - [TEST_STEP][PASSED] - click(findTestObject("Object Repository/Members/Page_Members Area/button_Log in")): Object: 'Object Repository/Members/Page_Members Area/button_Log in' is clicked on

2019-11-20 11:52:13 - [MESSAGE][PASSED] - Object: 'Object Repository/Members/Page_Members Area/button_Log in' is clicked on

2019-11-20 11:52:13 - [TEST_STEP][PASSED] - waitForElementNotPresent(findTestObject("Object Repository/Members/Page_Members Area/button_Log in"), 25): Web element with id: 'Object Repository/Members/Page_Members Area/button_Log in' located by 'By.xpath: //button[@type = 'submit' and (text() = ' Log in ' or . = ' Log in ')]' is not present after '25' second(s)

2019-11-20 11:52:14 - [MESSAGE][PASSED] - Web element with id: 'Object Repository/Members/Page_Members Area/button_Log in' located by 'By.xpath: //button[@type = 'submit' and (text() = ' Log in ' or . = ' Log in ')]' is not present after '25' second(s)

2019-11-20 11:52:14 - [TEST_STEP][PASSED] - waitForPageLoad(60): Wait for page load successfully

2019-11-20 11:52:14 - [MESSAGE][PASSED] - Wait for page load successfully

2019-11-20 11:52:14 - [TEST_STEP][PASSED] - waitForElementPresent(findTestObject("Object Repository/Page_Members Area/Header_Attention_Text"), 60): Object 'Object Repository/Page_Members Area/Header_Attention_Text' is present

2019-11-20 11:52:14 - [MESSAGE][PASSED] - Object 'Object Repository/Page_Members Area/Header_Attention_Text' is present

2019-11-20 11:52:14 - [TEST_STEP][PASSED] - callTestCase(findTestCase("Reusable_Test_Sequences/Utils/Popout_Handler"), [:], CONTINUE_ON_FAILURE): Call Test Case 'Test Cases/Reusable_Test_Sequences/Utils/Popout_Handler' successfully

2019-11-20 11:52:14 - [TEST_CASE][PASSED] - Test Cases/Reusable_Test_Sequences/Utils/Popout_Handler: Test Cases/Reusable_Test_Sequences/Utils/Popout_Handler

2019-11-20 11:52:15 - [TEST_STEP][PASSED] - delay(2): Delayed 2 second(s)

2019-11-20 11:52:17 - [MESSAGE][PASSED] - Delayed 2 second(s)

2019-11-20 11:52:17 - [TEST_STEP][PASSED] - waitForPageLoad(60): Wait for page load successfully

2019-11-20 11:52:17 - [MESSAGE][PASSED] - Wait for page load successfully

2019-11-20 11:52:17 - [TEST_STEP][PASSED] - try: null

2019-11-20 11:52:17 - [TEST_STEP][PASSED] - if ("Object Repository/Popout/go_Away"): null

2019-11-20 11:52:17 - [TEST_STEP][PASSED] - click(findTestObject("Object Repository/Popout/go_Away")): Object: 'Object Repository/Popout/go_Away' is clicked on

2019-11-20 11:52:17 - [MESSAGE][PASSED] - Object: 'Object Repository/Popout/go_Away' is clicked on

2019-11-20 11:52:17 - [TEST_STEP][PASSED] - out.println("View are NEW Website - popup presented"): null

2019-11-20 11:52:17 - [MESSAGE][PASSED] - Call Test Case 'Test Cases/Reusable_Test_Sequences/Utils/Popout_Handler' successfully

2019-11-20 11:52:17 - [MESSAGE][PASSED] - Call Test Case 'Test Cases/Reusable_Test_Sequences/Members_Area/log_On' successfully

2019-11-20 11:52:17 - [TEST_STEP][PASSED] - callTestCase(findTestCase("Reusable_Test_Sequences/Members_Area/Area_Menu/Your_Account/Offers"), [:], CONTINUE_ON_FAILURE): Call Test Case 'Test Cases/Reusable_Test_Sequences/Members_Area/Area_Menu/Your_Account/Offers' successfully

2019-11-20 11:52:17 - [TEST_CASE][PASSED] - Test Cases/Reusable_Test_Sequences/Members_Area/Area_Menu/Your_Account/Offers: Test Cases/Reusable_Test_Sequences/Members_Area/Area_Menu/Your_Account/Offers

2019-11-20 11:52:18 - [TEST_STEP][PASSED] - waitForElementPresent(findTestObject("Object Repository/Page_Members Area/div_Offers and Discounts"), 60): Object 'Object Repository/Page_Members Area/div_Offers and Discounts' is present

2019-11-20 11:52:18 - [MESSAGE][PASSED] - Object 'Object Repository/Page_Members Area/div_Offers and Discounts' is present

2019-11-20 11:52:18 - [TEST_STEP][PASSED] - scrollToElement(findTestObject("Object Repository/Page_Members Area/div_Offers and Discounts"), 5): Scroll to object 'Object Repository/Page_Members Area/div_Offers and Discounts' successfully

2019-11-20 11:52:18 - [MESSAGE][PASSED] - Scroll to object 'Object Repository/Page_Members Area/div_Offers and Discounts' successfully

2019-11-20 11:52:18 - [TEST_STEP][PASSED] - click(findTestObject("Object Repository/Page_Members Area/div_Offers and Discounts")): Object: 'Object Repository/Page_Members Area/div_Offers and Discounts' is clicked on

2019-11-20 11:52:18 - [MESSAGE][PASSED] - Object: 'Object Repository/Page_Members Area/div_Offers and Discounts' is clicked on

2019-11-20 11:52:18 - [MESSAGE][PASSED] - Call Test Case 'Test Cases/Reusable_Test_Sequences/Members_Area/Area_Menu/Your_Account/Offers' successfully

2019-11-20 11:52:18 - [TEST_STEP][PASSED] - callTestCase(findTestCase("Reusable_Test_Sequences/Members_Area/Validation/Offers"), [:], CONTINUE_ON_FAILURE): Call Test Case 'Test Cases/Reusable_Test_Sequences/Members_Area/Validation/Offers' successfully

2019-11-20 11:52:18 - [TEST_CASE][PASSED] - Test Cases/Reusable_Test_Sequences/Members_Area/Validation/Offers: Test Cases/Reusable_Test_Sequences/Members_Area/Validation/Offers

2019-11-20 11:52:19 - [TEST_STEP][PASSED] - waitForPageLoad(60): Wait for page load successfully

2019-11-20 11:52:19 - [MESSAGE][PASSED] - Wait for page load successfully

2019-11-20 11:52:19 - [TEST_STEP][PASSED] - "---------------------------------": null

2019-11-20 11:52:19 - [TEST_STEP][PASSED] - "DEFAULT TAB - None - 1 Page      ": null

2019-11-20 11:52:19 - [TEST_STEP][PASSED] - verifyTextPresent(findTestData("Members_Test_Data").getValue("MEMBER_ID", 1), false): Text '218630' is present on page 

2019-11-20 11:52:19 - [MESSAGE][PASSED] - Text '218630' is present on page 

2019-11-20 11:52:19 - [TEST_STEP][PASSED] - verifyTextPresent("MEMBER ID", false): Text 'MEMBER ID' is present on page 

2019-11-20 11:52:19 - [MESSAGE][PASSED] - Text 'MEMBER ID' is present on page 

2019-11-20 11:52:19 - [TEST_STEP][PASSED] - verifyTextPresent("Offers and Discounts", false): Text 'Offers and Discounts' is present on page 

2019-11-20 11:52:20 - [MESSAGE][PASSED] - Text 'Offers and Discounts' is present on page 

2019-11-20 11:52:20 - [TEST_STEP][PASSED] - verifyTextPresent("We know how expensive it is to run a business so we have a great range of offers and discounts created with you in mind", false): Text 'We know how expensive it is to run a business so we have a great range of offers and discounts created with you in mind' is present on page 

2019-11-20 11:52:20 - [MESSAGE][PASSED] - Text 'We know how expensive it is to run a business so we have a great range of offers and discounts created with you in mind' is present on page 

2019-11-20 11:52:20 - [TEST_STEP][PASSED] - verifyTextPresent("Make sure you check back regularly as we are constantly adding more", false): Text 'Make sure you check back regularly as we are constantly adding more' is present on page 

2019-11-20 11:52:20 - [MESSAGE][PASSED] - Text 'Make sure you check back regularly as we are constantly adding more' is present on page 

2019-11-20 11:52:20 - [TEST_STEP][PASSED] - verifyTextPresent("Get this offer", false): Text 'Get this offer' is present on page 

2019-11-20 11:52:20 - [MESSAGE][PASSED] - Text 'Get this offer' is present on page 

2019-11-20 11:52:20 - [MESSAGE][PASSED] - Call Test Case 'Test Cases/Reusable_Test_Sequences/Members_Area/Validation/Offers' successfully

2019-11-20 11:52:20 - [TEST_STEP][PASSED] - callTestCase(findTestCase("Reusable_Test_Sequences/Members_Area/Banner_Menu/log_Off"), [:], OPTIONAL): Call Test Case 'Test Cases/Reusable_Test_Sequences/Members_Area/Banner_Menu/log_Off' successfully

2019-11-20 11:52:21 - [TEST_CASE][PASSED] - Test Cases/Reusable_Test_Sequences/Members_Area/Banner_Menu/log_Off: Test Cases/Reusable_Test_Sequences/Members_Area/Banner_Menu/log_Off

2019-11-20 11:52:21 - [TEST_STEP][PASSED] - waitForElementClickable(findTestObject("Object Repository/Page_Members Area/a_Log off"), 60): Object 'Object Repository/Page_Members Area/a_Log off' is clickable

2019-11-20 11:52:21 - [MESSAGE][PASSED] - Object 'Object Repository/Page_Members Area/a_Log off' is clickable

2019-11-20 11:52:21 - [TEST_STEP][PASSED] - scrollToElement(findTestObject("Object Repository/Page_Members Area/a_Log off"), 2): Scroll to object 'Object Repository/Page_Members Area/a_Log off' successfully

2019-11-20 11:52:21 - [MESSAGE][PASSED] - Scroll to object 'Object Repository/Page_Members Area/a_Log off' successfully

2019-11-20 11:52:21 - [TEST_STEP][PASSED] - click(findTestObject("Object Repository/Page_Members Area/a_Log off")): Object: 'Object Repository/Page_Members Area/a_Log off' is clicked on

2019-11-20 11:52:22 - [MESSAGE][PASSED] - Object: 'Object Repository/Page_Members Area/a_Log off' is clicked on

2019-11-20 11:52:22 - [MESSAGE][PASSED] - Call Test Case 'Test Cases/Reusable_Test_Sequences/Members_Area/Banner_Menu/log_Off' successfully]]></system-out>
         <system-err><![CDATA[]]></system-err>
      </testcase>
      <system-out><![CDATA[2019-11-20 11:51:32 - [TEST_SUITE][PASSED] - Members_My_Offers: Test Cases/Members_Area/Offers_Discounts]]></system-out>
      <system-err><![CDATA[]]></system-err>
   </testsuite>
</testsuites>
