<?xml version="1.0" encoding="UTF-8"?>
<testsuites name="Members_Advertising" time="42.824" tests="1" failures="0" errors="0">
   <testsuite name="Members_Advertising" tests="1" failures="0" errors="0" time="42.824" timestamp="2019-12-12 09:11:49" hostname="DavidHo - VETTEDSP36RF.check.local" id="Test Suites/Members_Advertising">
      <properties>
         <property name="deviceName" value=""/>
         <property name="devicePlatform" value=""/>
         <property name="logFolder" value="C:\\Users\\davidho\\Katalon Studio\\Start\\Reports\\20191212_091017\\Members_Advertising\\20191212_091021"/>
         <property name="logFiles" value="C:\\Users\\davidho\\Katalon Studio\\Start\\Reports\\20191212_091017\\Members_Advertising\\20191212_091021\\execution0.log"/>
         <property name="attachments" value=""/>
         <property name="hostName" value="DavidHo - VETTEDSP36RF.check.local"/>
         <property name="os" value="Windows 10 32bit"/>
         <property name="katalonVersion" value="7.1.2.1"/>
         <property name="browser" value="Chrome 78.0.3904.108"/>
         <property name="hostAddress" value="10.0.11.243"/>
         <property name="sessionId" value="b3d619ff362192d8607275fdb104d7d6"/>
         <property name="seleniumVersion" value="3.141.59"/>
         <property name="proxyInformation" value="ProxyInformation{proxyOption=NO_PROXY, proxyServerType=HTTP, password=, proxyServerAddress=, proxyServerPort=0, executionList=}"/>
         <property name="platform" value="Windows 10"/>
      </properties>
      <testcase name="Test Cases/Members_Area/Advertise_Directory" time="41.624" classname="Test Cases/Members_Area/Advertise_Directory" status="PASSED">
         <system-out><![CDATA[2019-12-12 09:11:49 - [TEST_CASE][PASSED] - Test Cases/Members_Area/Advertise_Directory: Test Cases/Members_Area/Advertise_Directory

2019-12-12 09:11:50 - [TEST_STEP][PASSED] - PAGE = "advertise-directory": null

2019-12-12 09:11:51 - [TEST_STEP][PASSED] - for ([row = 1, row <= findTestData("Members_Test_Data").getRowNumbers(), (internal.GlobalVariable.row++)]): Call Test Case 'Test Cases/Reusable_Test_Sequences/Members_Area/Banner_Menu/log_Off' successfully

2019-12-12 09:11:52 - [TEST_STEP][PASSED] - callTestCase(findTestCase("Reusable_Test_Sequences/Members_Area/Start_Up"), [:], OPTIONAL): Call Test Case 'Test Cases/Reusable_Test_Sequences/Members_Area/Start_Up' successfully

2019-12-12 09:11:52 - [TEST_CASE][PASSED] - Test Cases/Reusable_Test_Sequences/Members_Area/Start_Up: Test Cases/Reusable_Test_Sequences/Members_Area/Start_Up

2019-12-12 09:11:52 - [TEST_STEP][PASSED] - "----------------------------------------------------": null

2019-12-12 09:11:52 - [TEST_STEP][PASSED] - FUNCTION_AREA = "Members_Area": null

2019-12-12 09:11:52 - [TEST_STEP][PASSED] - "Do Some Magic with URL(s) See the comments within URL Handler ": null

2019-12-12 09:11:52 - [TEST_STEP][PASSED] - "URL - Set from the ENVIRONMENT PROFILE - Specific Page Address Provided By +GlobalVariable.MembersURL  ": null

2019-12-12 09:11:52 - [TEST_STEP][PASSED] - openBrowser(MembersURL): Browser is opened with url: 'https://preview-ma.checkatrade.com/'

2019-12-12 09:11:52 - [MESSAGE][INFO] - Starting 'Chrome' driver

2019-12-12 09:11:52 - [MESSAGE][INFO] - Action delay is set to 0 seconds

2019-12-12 09:12:02 - [MESSAGE][PASSED] - Browser is opened with url: 'https://preview-ma.checkatrade.com/'

2019-12-12 09:12:02 - [TEST_STEP][PASSED] - waitForPageLoad(60): Wait for page load successfully

2019-12-12 09:12:02 - [MESSAGE][PASSED] - Wait for page load successfully

2019-12-12 09:12:02 - [TEST_STEP][PASSED] - maximizeWindow(): Current window maximized

2019-12-12 09:12:07 - [MESSAGE][PASSED] - Current window maximized

2019-12-12 09:12:07 - [TEST_STEP][PASSED] - verifyTextPresent("EXCLUSIVE ACCESS FOR CHECKATRADE MEMBERS ONLY", false): Text 'EXCLUSIVE ACCESS FOR CHECKATRADE MEMBERS ONLY' is present on page 

2019-12-12 09:12:07 - [MESSAGE][PASSED] - Text 'EXCLUSIVE ACCESS FOR CHECKATRADE MEMBERS ONLY' is present on page 

2019-12-12 09:12:07 - [TEST_STEP][PASSED] - verifyTextPresent("Forgotten password?", false): Text 'Forgotten password?' is present on page 

2019-12-12 09:12:07 - [MESSAGE][PASSED] - Text 'Forgotten password?' is present on page 

2019-12-12 09:12:07 - [TEST_STEP][PASSED] - verifyTextPresent("Forgotten username?", false): Text 'Forgotten username?' is present on page 

2019-12-12 09:12:07 - [MESSAGE][PASSED] - Text 'Forgotten username?' is present on page 

2019-12-12 09:12:07 - [TEST_STEP][PASSED] - verifyTextPresent("Trouble logging in? No username and password? Contact Checkatrade Member Services by", false): Text 'Trouble logging in? No username and password? Contact Checkatrade Member Services by' is present on page 

2019-12-12 09:12:07 - [MESSAGE][PASSED] - Text 'Trouble logging in? No username and password? Contact Checkatrade Member Services by' is present on page 

2019-12-12 09:12:07 - [TEST_STEP][PASSED] - verifyTextPresent("memberservices@checkatrade.com", false): Text 'memberservices@checkatrade.com' is present on page 

2019-12-12 09:12:07 - [MESSAGE][PASSED] - Text 'memberservices@checkatrade.com' is present on page 

2019-12-12 09:12:07 - [MESSAGE][PASSED] - Call Test Case 'Test Cases/Reusable_Test_Sequences/Members_Area/Start_Up' successfully

2019-12-12 09:12:07 - [TEST_STEP][PASSED] - callTestCase(findTestCase("Reusable_Test_Sequences/Members_Area/log_On"), [:], OPTIONAL): Call Test Case 'Test Cases/Reusable_Test_Sequences/Members_Area/log_On' successfully

2019-12-12 09:12:07 - [TEST_CASE][PASSED] - Test Cases/Reusable_Test_Sequences/Members_Area/log_On: Test Cases/Reusable_Test_Sequences/Members_Area/log_On

2019-12-12 09:12:08 - [TEST_STEP][PASSED] - waitForElementPresent(findTestObject("Object Repository/Members/Page_Members Area/button_Log in"), 10): Object 'Object Repository/Members/Page_Members Area/button_Log in' is present

2019-12-12 09:12:08 - [MESSAGE][PASSED] - Object 'Object Repository/Members/Page_Members Area/button_Log in' is present

2019-12-12 09:12:08 - [TEST_STEP][PASSED] - click(findTestObject("Object Repository/Members/Page_Members Area/input_Username_username")): Object: 'Object Repository/Members/Page_Members Area/input_Username_username' is clicked on

2019-12-12 09:12:08 - [MESSAGE][PASSED] - Object: 'Object Repository/Members/Page_Members Area/input_Username_username' is clicked on

2019-12-12 09:12:08 - [TEST_STEP][PASSED] - setText(findTestObject("Object Repository/Members/Page_Members Area/input_Username_username"), Username): Text 'check1234' is set on object 'Object Repository/Members/Page_Members Area/input_Username_username'

2019-12-12 09:12:08 - [MESSAGE][PASSED] - Text 'check1234' is set on object 'Object Repository/Members/Page_Members Area/input_Username_username'

2019-12-12 09:12:08 - [TEST_STEP][PASSED] - click(findTestObject("Object Repository/Members/Page_Members Area/input_Password_password")): Object: 'Object Repository/Members/Page_Members Area/input_Password_password' is clicked on

2019-12-12 09:12:09 - [MESSAGE][PASSED] - Object: 'Object Repository/Members/Page_Members Area/input_Password_password' is clicked on

2019-12-12 09:12:09 - [TEST_STEP][PASSED] - setText(findTestObject("Object Repository/Members/Page_Members Area/input_Password_password"), Password): Text 'testing123' is set on object 'Object Repository/Members/Page_Members Area/input_Password_password'

2019-12-12 09:12:09 - [MESSAGE][PASSED] - Text 'testing123' is set on object 'Object Repository/Members/Page_Members Area/input_Password_password'

2019-12-12 09:12:09 - [TEST_STEP][PASSED] - click(findTestObject("Object Repository/Members/Page_Members Area/button_Log in")): Object: 'Object Repository/Members/Page_Members Area/button_Log in' is clicked on

2019-12-12 09:12:09 - [MESSAGE][PASSED] - Object: 'Object Repository/Members/Page_Members Area/button_Log in' is clicked on

2019-12-12 09:12:09 - [TEST_STEP][PASSED] - waitForElementNotPresent(findTestObject("Object Repository/Members/Page_Members Area/button_Log in"), 25): Web element with id: 'Object Repository/Members/Page_Members Area/button_Log in' located by 'By.xpath: //button[@type = 'submit' and (text() = ' Log in ' or . = ' Log in ')]' is not present after '25' second(s)

2019-12-12 09:12:14 - [MESSAGE][PASSED] - Web element with id: 'Object Repository/Members/Page_Members Area/button_Log in' located by 'By.xpath: //button[@type = 'submit' and (text() = ' Log in ' or . = ' Log in ')]' is not present after '25' second(s)

2019-12-12 09:12:14 - [TEST_STEP][PASSED] - waitForPageLoad(60): Wait for page load successfully

2019-12-12 09:12:14 - [MESSAGE][PASSED] - Wait for page load successfully

2019-12-12 09:12:14 - [TEST_STEP][PASSED] - if ("Object Repository/Page_Members Area/Header_Attention_Text"): Call Test Case 'Test Cases/Reusable_Test_Sequences/Utils/Popout_Handler' successfully

2019-12-12 09:12:14 - [TEST_STEP][PASSED] - waitForElementPresent(findTestObject("Object Repository/Page_Members Area/Header_Attention_Text"), 60): Object 'Object Repository/Page_Members Area/Header_Attention_Text' is present

2019-12-12 09:12:24 - [MESSAGE][PASSED] - Object 'Object Repository/Page_Members Area/Header_Attention_Text' is present

2019-12-12 09:12:24 - [TEST_STEP][PASSED] - callTestCase(findTestCase("Reusable_Test_Sequences/Utils/Popout_Handler"), [:], CONTINUE_ON_FAILURE): Call Test Case 'Test Cases/Reusable_Test_Sequences/Utils/Popout_Handler' successfully

2019-12-12 09:12:24 - [TEST_CASE][PASSED] - Test Cases/Reusable_Test_Sequences/Utils/Popout_Handler: Test Cases/Reusable_Test_Sequences/Utils/Popout_Handler

2019-12-12 09:12:24 - [TEST_STEP][PASSED] - delay(2): Delayed 2 second(s)

2019-12-12 09:12:26 - [MESSAGE][PASSED] - Delayed 2 second(s)

2019-12-12 09:12:26 - [TEST_STEP][PASSED] - waitForPageLoad(60): Wait for page load successfully

2019-12-12 09:12:26 - [MESSAGE][PASSED] - Wait for page load successfully

2019-12-12 09:12:26 - [TEST_STEP][PASSED] - try:  View Our New Website POPOUT Displayed

2019-12-12 09:12:26 - [TEST_STEP][PASSED] - if ("Object Repository/Popout/go_Away"):  View Our New Website POPOUT Displayed

2019-12-12 09:12:26 - [TEST_STEP][PASSED] - click(findTestObject("Object Repository/Popout/go_Away")): Object: 'Object Repository/Popout/go_Away' is clicked on

2019-12-12 09:12:27 - [MESSAGE][PASSED] - Object: 'Object Repository/Popout/go_Away' is clicked on

2019-12-12 09:12:27 - [TEST_STEP][PASSED] - markPassed(" View Our New Website POPOUT Displayed"):  View Our New Website POPOUT Displayed

2019-12-12 09:12:27 - [MESSAGE][PASSED] -  View Our New Website POPOUT Displayed

2019-12-12 09:12:27 - [MESSAGE][PASSED] - Call Test Case 'Test Cases/Reusable_Test_Sequences/Utils/Popout_Handler' successfully

2019-12-12 09:12:27 - [MESSAGE][PASSED] - Call Test Case 'Test Cases/Reusable_Test_Sequences/Members_Area/log_On' successfully

2019-12-12 09:12:27 - [TEST_STEP][PASSED] - callTestCase(findTestCase("Reusable_Test_Sequences/Members_Area/Area_Menu/Grow_You_Business/Advertise"), [:], CONTINUE_ON_FAILURE): Call Test Case 'Test Cases/Reusable_Test_Sequences/Members_Area/Area_Menu/Grow_You_Business/Advertise' successfully

2019-12-12 09:12:27 - [TEST_CASE][PASSED] - Test Cases/Reusable_Test_Sequences/Members_Area/Area_Menu/Grow_You_Business/Advertise: Test Cases/Reusable_Test_Sequences/Members_Area/Area_Menu/Grow_You_Business/Advertise

2019-12-12 09:12:27 - [TEST_STEP][PASSED] - waitForElementPresent(findTestObject("Object Repository/Page_Members Area/div_Advertise in a Directory"), 5): Object 'Object Repository/Page_Members Area/div_Advertise in a Directory' is present

2019-12-12 09:12:27 - [MESSAGE][PASSED] - Object 'Object Repository/Page_Members Area/div_Advertise in a Directory' is present

2019-12-12 09:12:27 - [TEST_STEP][PASSED] - click(findTestObject("Object Repository/Page_Members Area/div_Advertise in a Directory")): Object: 'Object Repository/Page_Members Area/div_Advertise in a Directory' is clicked on

2019-12-12 09:12:27 - [MESSAGE][PASSED] - Object: 'Object Repository/Page_Members Area/div_Advertise in a Directory' is clicked on

2019-12-12 09:12:27 - [MESSAGE][PASSED] - Call Test Case 'Test Cases/Reusable_Test_Sequences/Members_Area/Area_Menu/Grow_You_Business/Advertise' successfully

2019-12-12 09:12:27 - [TEST_STEP][PASSED] - callTestCase(findTestCase("Reusable_Test_Sequences/Members_Area/Validation/Advertise"), [:], CONTINUE_ON_FAILURE): Call Test Case 'Test Cases/Reusable_Test_Sequences/Members_Area/Validation/Advertise' successfully

2019-12-12 09:12:27 - [TEST_CASE][PASSED] - Test Cases/Reusable_Test_Sequences/Members_Area/Validation/Advertise: Test Cases/Reusable_Test_Sequences/Members_Area/Validation/Advertise

2019-12-12 09:12:28 - [TEST_STEP][PASSED] - callTestCase(findTestCase("Reusable_Test_Sequences/Utils/Check_URL"), [:], CONTINUE_ON_FAILURE): Call Test Case 'Test Cases/Reusable_Test_Sequences/Utils/Check_URL' successfully

2019-12-12 09:12:28 - [TEST_CASE][PASSED] - Test Cases/Reusable_Test_Sequences/Utils/Check_URL: Test Cases/Reusable_Test_Sequences/Utils/Check_URL

2019-12-12 09:12:28 - [TEST_STEP][PASSED] - waitForPageLoad(10): Wait for page load successfully

2019-12-12 09:12:28 - [MESSAGE][PASSED] - Wait for page load successfully

2019-12-12 09:12:28 - [TEST_STEP][PASSED] - CurrentUrl = getUrl(): Current window's url is: 'https://preview-ma.checkatrade.com/advertise-directory'

2019-12-12 09:12:28 - [MESSAGE][PASSED] - Current window's url is: 'https://preview-ma.checkatrade.com/advertise-directory'

2019-12-12 09:12:28 - [TEST_STEP][PASSED] - step_Passed = "We have been redirected, correctly to the EXPECTED <MEMBERS> URL Page"+GlobalVariable.CurrentUrl": null

2019-12-12 09:12:28 - [TEST_STEP][PASSED] - step_Failed = "We have been redirected, incorrectly to this page "+GlobalVariable.CurrentUrl+" We should be on "+GlobalVariable.MembersURL+GlobalVariable.PAGE": null

2019-12-12 09:12:28 - [TEST_STEP][PASSED] - if (CurrentUrl == MembersURL + PAGE): We have been redirected, correctly to the EXPECTED <MEMBERS> URL Page"+GlobalVariable.CurrentUrl

2019-12-12 09:12:28 - [TEST_STEP][PASSED] - out.println(step_Passed): null

2019-12-12 09:12:28 - [TEST_STEP][PASSED] - markPassed(step_Passed): We have been redirected, correctly to the EXPECTED <MEMBERS> URL Page"+GlobalVariable.CurrentUrl

2019-12-12 09:12:28 - [MESSAGE][PASSED] - We have been redirected, correctly to the EXPECTED <MEMBERS> URL Page"+GlobalVariable.CurrentUrl

2019-12-12 09:12:28 - [MESSAGE][PASSED] - Call Test Case 'Test Cases/Reusable_Test_Sequences/Utils/Check_URL' successfully

2019-12-12 09:12:28 - [TEST_STEP][PASSED] - "---------------------------------": null

2019-12-12 09:12:28 - [TEST_STEP][PASSED] - "DEFAULT TAB - Advertise          ": null

2019-12-12 09:12:28 - [TEST_STEP][PASSED] - verifyTextPresent(findTestData("Members_Test_Data").getValue("MEMBER_ID", 1), false): Text '218630' is present on page 

2019-12-12 09:12:28 - [MESSAGE][PASSED] - Text '218630' is present on page 

2019-12-12 09:12:28 - [TEST_STEP][PASSED] - verifyTextPresent("MEMBER ID", false): Text 'MEMBER ID' is present on page 

2019-12-12 09:12:28 - [MESSAGE][PASSED] - Text 'MEMBER ID' is present on page 

2019-12-12 09:12:28 - [TEST_STEP][PASSED] - verifyTextPresent("Directory Information", false): Text 'Directory Information' is present on page 

2019-12-12 09:12:28 - [MESSAGE][PASSED] - Text 'Directory Information' is present on page 

2019-12-12 09:12:28 - [TEST_STEP][PASSED] - "----------------------------------------------": null

2019-12-12 09:12:28 - [TEST_STEP][PASSED] - " Page Content Change (Preview, Below) 04/12/2019": null

2019-12-12 09:12:28 - [TEST_STEP][PASSED] - "----------------------------------------------": null

2019-12-12 09:12:28 - [TEST_STEP][PASSED] - "----------------------------------------------": null

2019-12-12 09:12:28 - [TEST_STEP][PASSED] - " NEW Page Content, Added Below": null

2019-12-12 09:12:28 - [TEST_STEP][PASSED] - verifyTextPresent("Did you know that there are two types of shoppers... online and offline?", false): Text 'Did you know that there are two types of shoppers... online and offline?' is present on page 

2019-12-12 09:12:29 - [MESSAGE][PASSED] - Text 'Did you know that there are two types of shoppers... online and offline?' is present on page 

2019-12-12 09:12:29 - [TEST_STEP][PASSED] - verifyTextPresent("Why? Well, as there’s a limited selection of trades per area, customers perceive this to be our chosen short list", false): Text 'Why? Well, as there’s a limited selection of trades per area, customers perceive this to be our chosen short list' is present on page 

2019-12-12 09:12:29 - [MESSAGE][PASSED] - Text 'Why? Well, as there’s a limited selection of trades per area, customers perceive this to be our chosen short list' is present on page 

2019-12-12 09:12:29 - [TEST_STEP][PASSED] - verifyTextPresent("Appealing to your offline customers will help you reach new customers, boost your business", false): Text 'Appealing to your offline customers will help you reach new customers, boost your business' is present on page 

2019-12-12 09:12:29 - [MESSAGE][PASSED] - Text 'Appealing to your offline customers will help you reach new customers, boost your business' is present on page 

2019-12-12 09:12:29 - [TEST_STEP][PASSED] - verifyTextPresent("Benefits of featuring in a directory", false): Text 'Benefits of featuring in a directory' is present on page 

2019-12-12 09:12:29 - [MESSAGE][PASSED] - Text 'Benefits of featuring in a directory' is present on page 

2019-12-12 09:12:29 - [TEST_STEP][PASSED] - verifyTextPresent("50+ calls, per year, per member", false): Text '50+ calls, per year, per member' is present on page 

2019-12-12 09:12:29 - [MESSAGE][PASSED] - Text '50+ calls, per year, per member' is present on page 

2019-12-12 09:12:29 - [TEST_STEP][PASSED] - verifyTextPresent("Our directories generate over half a million calls for our featured member", false): Text 'Our directories generate over half a million calls for our featured member' is present on page 

2019-12-12 09:12:29 - [MESSAGE][PASSED] - Text 'Our directories generate over half a million calls for our featured member' is present on page 

2019-12-12 09:12:29 - [TEST_STEP][PASSED] - verifyTextPresent("Delivered to 50,000 households", false): Text 'Delivered to 50,000 households' is present on page 

2019-12-12 09:12:29 - [MESSAGE][PASSED] - Text 'Delivered to 50,000 households' is present on page 

2019-12-12 09:12:29 - [TEST_STEP][PASSED] - verifyTextPresent("directories were delivered with volumes increasing year by year", false): Text 'directories were delivered with volumes increasing year by year' is present on page 

2019-12-12 09:12:29 - [MESSAGE][PASSED] - Text 'directories were delivered with volumes increasing year by year' is present on page 

2019-12-12 09:12:29 - [TEST_STEP][PASSED] - verifyTextPresent("households with deliveries up to four times a year", false): Text 'households with deliveries up to four times a year' is present on page 

2019-12-12 09:12:29 - [MESSAGE][PASSED] - Text 'households with deliveries up to four times a year' is present on page 

2019-12-12 09:12:29 - [TEST_STEP][PASSED] - verifyTextPresent("Expands your brand presence", false): Text 'Expands your brand presence' is present on page 

2019-12-12 09:12:29 - [MESSAGE][PASSED] - Text 'Expands your brand presence' is present on page 

2019-12-12 09:12:29 - [TEST_STEP][PASSED] - verifyTextPresent("You can market different trade categories, in different directory areas, or have multiple trade categories in a single directory", false): Text 'You can market different trade categories, in different directory areas, or have multiple trade categories in a single directory' is present on page 

2019-12-12 09:12:29 - [MESSAGE][PASSED] - Text 'You can market different trade categories, in different directory areas, or have multiple trade categories in a single directory' is present on page 

2019-12-12 09:12:29 - [TEST_STEP][PASSED] - "----------------------------------------------": null

2019-12-12 09:12:29 - [TEST_STEP][PASSED] - scrollToPosition(999, 999): Browser is scrolled to position x = 999, y = 999

2019-12-12 09:12:29 - [MESSAGE][PASSED] - Browser is scrolled to position x = 999, y = 999

2019-12-12 09:12:29 - [TEST_STEP][PASSED] - verifyTextPresent("directories can help you expand your business footprint", false): Text 'directories can help you expand your business footprint' is present on page 

2019-12-12 09:12:29 - [MESSAGE][PASSED] - Text 'directories can help you expand your business footprint' is present on page 

2019-12-12 09:12:29 - [TEST_STEP][PASSED] - verifyTextPresent("Increases your online profile page traffic", false): Text 'Increases your online profile page traffic' is present on page 

2019-12-12 09:12:29 - [MESSAGE][PASSED] - Text 'Increases your online profile page traffic' is present on page 

2019-12-12 09:12:29 - [TEST_STEP][PASSED] - verifyTextPresent("Ready to feature in a directory?", false): Text 'Ready to feature in a directory?' is present on page 

2019-12-12 09:12:29 - [MESSAGE][PASSED] - Text 'Ready to feature in a directory?' is present on page 

2019-12-12 09:12:29 - [TEST_STEP][PASSED] - verifyTextPresent("Drop us a call on 01243 952303 or Request a call back", false): Text 'Drop us a call on 01243 952303 or Request a call back' is present on page 

2019-12-12 09:12:29 - [MESSAGE][PASSED] - Text 'Drop us a call on 01243 952303 or Request a call back' is present on page 

2019-12-12 09:12:29 - [MESSAGE][PASSED] - Call Test Case 'Test Cases/Reusable_Test_Sequences/Members_Area/Validation/Advertise' successfully

2019-12-12 09:12:29 - [TEST_STEP][PASSED] - callTestCase(findTestCase("Reusable_Test_Sequences/Members_Area/Banner_Menu/log_Off"), [:], OPTIONAL): Call Test Case 'Test Cases/Reusable_Test_Sequences/Members_Area/Banner_Menu/log_Off' successfully

2019-12-12 09:12:29 - [TEST_CASE][PASSED] - Test Cases/Reusable_Test_Sequences/Members_Area/Banner_Menu/log_Off: Test Cases/Reusable_Test_Sequences/Members_Area/Banner_Menu/log_Off

2019-12-12 09:12:30 - [TEST_STEP][PASSED] - delay(1): Delayed 1 second(s)

2019-12-12 09:12:31 - [MESSAGE][PASSED] - Delayed 1 second(s)

2019-12-12 09:12:31 - [TEST_STEP][PASSED] - waitForElementClickable(findTestObject("Object Repository/Page_Members Area/a_Log off"), 60): Object 'Object Repository/Page_Members Area/a_Log off' is clickable

2019-12-12 09:12:31 - [MESSAGE][PASSED] - Object 'Object Repository/Page_Members Area/a_Log off' is clickable

2019-12-12 09:12:31 - [TEST_STEP][PASSED] - scrollToElement(findTestObject("Object Repository/Page_Members Area/a_Log off"), 2): Scroll to object 'Object Repository/Page_Members Area/a_Log off' successfully

2019-12-12 09:12:31 - [MESSAGE][PASSED] - Scroll to object 'Object Repository/Page_Members Area/a_Log off' successfully

2019-12-12 09:12:31 - [TEST_STEP][PASSED] - click(findTestObject("Object Repository/Page_Members Area/a_Log off")): Object: 'Object Repository/Page_Members Area/a_Log off' is clicked on

2019-12-12 09:12:31 - [MESSAGE][PASSED] - Object: 'Object Repository/Page_Members Area/a_Log off' is clicked on

2019-12-12 09:12:31 - [MESSAGE][PASSED] - Call Test Case 'Test Cases/Reusable_Test_Sequences/Members_Area/Banner_Menu/log_Off' successfully]]></system-out>
         <system-err><![CDATA[]]></system-err>
      </testcase>
      <system-out><![CDATA[2019-12-12 09:11:49 - [TEST_SUITE][PASSED] - Members_Advertising: Test Cases/Members_Area/Advertise_Directory]]></system-out>
      <system-err><![CDATA[]]></system-err>
   </testsuite>
</testsuites>
